[
    {
        "Bao": {
            "Bao prediction": "NaN",
            "Bao recommended hint": "(no hint)"
        }
    },
    {
        "Plan": {
            "Node Type": "Aggregate",
            "Strategy": "Plain",
            "Partial Mode": "Finalize",
            "Parallel Aware": false,
            "Startup Cost": 440448.48,
            "Total Cost": 440448.49,
            "Plan Rows": 1,
            "Plan Width": 8,
            "Actual Startup Time": 3117.47,
            "Actual Total Time": 3145.569,
            "Actual Rows": 1,
            "Actual Loops": 1,
            "Output": [
                "count(*)"
            ],
            "Plans": [
                {
                    "Node Type": "Gather",
                    "Parent Relationship": "Outer",
                    "Parallel Aware": false,
                    "Startup Cost": 440447.85,
                    "Total Cost": 440448.46,
                    "Plan Rows": 6,
                    "Plan Width": 8,
                    "Actual Startup Time": 3090.892,
                    "Actual Total Time": 3145.56,
                    "Actual Rows": 7,
                    "Actual Loops": 1,
                    "Output": [
                        "(PARTIAL count(*))"
                    ],
                    "Workers Planned": 6,
                    "Workers Launched": 6,
                    "Single Copy": false,
                    "Plans": [
                        {
                            "Node Type": "Aggregate",
                            "Strategy": "Plain",
                            "Partial Mode": "Partial",
                            "Parent Relationship": "Outer",
                            "Parallel Aware": false,
                            "Startup Cost": 439447.85,
                            "Total Cost": 439447.86,
                            "Plan Rows": 1,
                            "Plan Width": 8,
                            "Actual Startup Time": 3074.556,
                            "Actual Total Time": 3074.563,
                            "Actual Rows": 1,
                            "Actual Loops": 7,
                            "Output": [
                                "PARTIAL count(*)"
                            ],
                            "Workers": [
                                {
                                    "Worker Number": 0,
                                    "Actual Startup Time": 3071.927,
                                    "Actual Total Time": 3071.931,
                                    "Actual Rows": 1,
                                    "Actual Loops": 1
                                },
                                {
                                    "Worker Number": 1,
                                    "Actual Startup Time": 3071.935,
                                    "Actual Total Time": 3071.94,
                                    "Actual Rows": 1,
                                    "Actual Loops": 1
                                },
                                {
                                    "Worker Number": 2,
                                    "Actual Startup Time": 3071.942,
                                    "Actual Total Time": 3071.958,
                                    "Actual Rows": 1,
                                    "Actual Loops": 1
                                },
                                {
                                    "Worker Number": 3,
                                    "Actual Startup Time": 3072.006,
                                    "Actual Total Time": 3072.01,
                                    "Actual Rows": 1,
                                    "Actual Loops": 1
                                },
                                {
                                    "Worker Number": 4,
                                    "Actual Startup Time": 3072.187,
                                    "Actual Total Time": 3072.192,
                                    "Actual Rows": 1,
                                    "Actual Loops": 1
                                },
                                {
                                    "Worker Number": 5,
                                    "Actual Startup Time": 3072.089,
                                    "Actual Total Time": 3072.094,
                                    "Actual Rows": 1,
                                    "Actual Loops": 1
                                }
                            ],
                            "Plans": [
                                {
                                    "Node Type": "Hash Join",
                                    "Parent Relationship": "Outer",
                                    "Parallel Aware": true,
                                    "Join Type": "Inner",
                                    "Startup Cost": 87429.54,
                                    "Total Cost": 432351.9,
                                    "Plan Rows": 2838383,
                                    "Plan Width": 0,
                                    "Actual Startup Time": 451.2,
                                    "Actual Total Time": 2785.877,
                                    "Actual Rows": 6192158,
                                    "Actual Loops": 7,
                                    "Inner Unique": false,
                                    "Hash Cond": "(ci.movie_id = t.id)",
                                    "Workers": [
                                        {
                                            "Worker Number": 0,
                                            "Actual Startup Time": 448.755,
                                            "Actual Total Time": 2774.993,
                                            "Actual Rows": 5831723,
                                            "Actual Loops": 1
                                        },
                                        {
                                            "Worker Number": 1,
                                            "Actual Startup Time": 448.82,
                                            "Actual Total Time": 2772.441,
                                            "Actual Rows": 5550909,
                                            "Actual Loops": 1
                                        },
                                        {
                                            "Worker Number": 2,
                                            "Actual Startup Time": 448.82,
                                            "Actual Total Time": 2770.633,
                                            "Actual Rows": 5736724,
                                            "Actual Loops": 1
                                        },
                                        {
                                            "Worker Number": 3,
                                            "Actual Startup Time": 448.77,
                                            "Actual Total Time": 2805.505,
                                            "Actual Rows": 6792930,
                                            "Actual Loops": 1
                                        },
                                        {
                                            "Worker Number": 4,
                                            "Actual Startup Time": 448.983,
                                            "Actual Total Time": 2768.248,
                                            "Actual Rows": 5419750,
                                            "Actual Loops": 1
                                        },
                                        {
                                            "Worker Number": 5,
                                            "Actual Startup Time": 448.846,
                                            "Actual Total Time": 2807.449,
                                            "Actual Rows": 6749869,
                                            "Actual Loops": 1
                                        }
                                    ],
                                    "Plans": [
                                        {
                                            "Node Type": "Seq Scan",
                                            "Parent Relationship": "Outer",
                                            "Parallel Aware": true,
                                            "Relation Name": "cast_info",
                                            "Schema": "public",
                                            "Alias": "ci",
                                            "Startup Cost": 0.0,
                                            "Total Cost": 313108.29,
                                            "Plan Rows": 6042129,
                                            "Plan Width": 4,
                                            "Actual Startup Time": 0.027,
                                            "Actual Total Time": 526.707,
                                            "Actual Rows": 5177763,
                                            "Actual Loops": 7,
                                            "Output": [
                                                "ci.id",
                                                "ci.person_id",
                                                "ci.movie_id",
                                                "ci.person_role_id",
                                                "ci.note",
                                                "ci.nr_order",
                                                "ci.role_id"
                                            ],
                                            "Workers": [
                                                {
                                                    "Worker Number": 0,
                                                    "Actual Startup Time": 0.032,
                                                    "Actual Total Time": 544.713,
                                                    "Actual Rows": 4896594,
                                                    "Actual Loops": 1
                                                },
                                                {
                                                    "Worker Number": 1,
                                                    "Actual Startup Time": 0.029,
                                                    "Actual Total Time": 549.16,
                                                    "Actual Rows": 4549023,
                                                    "Actual Loops": 1
                                                },
                                                {
                                                    "Worker Number": 2,
                                                    "Actual Startup Time": 0.036,
                                                    "Actual Total Time": 546.478,
                                                    "Actual Rows": 4723261,
                                                    "Actual Loops": 1
                                                },
                                                {
                                                    "Worker Number": 3,
                                                    "Actual Startup Time": 0.029,
                                                    "Actual Total Time": 532.562,
                                                    "Actual Rows": 5720827,
                                                    "Actual Loops": 1
                                                },
                                                {
                                                    "Worker Number": 4,
                                                    "Actual Startup Time": 0.031,
                                                    "Actual Total Time": 555.185,
                                                    "Actual Rows": 4395889,
                                                    "Actual Loops": 1
                                                },
                                                {
                                                    "Worker Number": 5,
                                                    "Actual Startup Time": 0.022,
                                                    "Actual Total Time": 534.535,
                                                    "Actual Rows": 5759636,
                                                    "Actual Loops": 1
                                                }
                                            ]
                                        },
                                        {
                                            "Node Type": "Hash",
                                            "Parent Relationship": "Inner",
                                            "Parallel Aware": true,
                                            "Startup Cost": 82640.35,
                                            "Total Cost": 82640.35,
                                            "Plan Rows": 383135,
                                            "Plan Width": 8,
                                            "Actual Startup Time": 446.213,
                                            "Actual Total Time": 446.218,
                                            "Actual Rows": 161053,
                                            "Actual Loops": 7,
                                            "Output": [
                                                "t.id",
                                                "mc.movie_id"
                                            ],
                                            "Hash Buckets": 2097152,
                                            "Original Hash Buckets": 2097152,
                                            "Hash Batches": 1,
                                            "Original Hash Batches": 1,
                                            "Peak Memory Usage": 60544,
                                            "Workers": [
                                                {
                                                    "Worker Number": 0,
                                                    "Actual Startup Time": 447.964,
                                                    "Actual Total Time": 447.967,
                                                    "Actual Rows": 139049,
                                                    "Actual Loops": 1
                                                },
                                                {
                                                    "Worker Number": 1,
                                                    "Actual Startup Time": 447.858,
                                                    "Actual Total Time": 447.862,
                                                    "Actual Rows": 138720,
                                                    "Actual Loops": 1
                                                },
                                                {
                                                    "Worker Number": 2,
                                                    "Actual Startup Time": 447.918,
                                                    "Actual Total Time": 447.932,
                                                    "Actual Rows": 138970,
                                                    "Actual Loops": 1
                                                },
                                                {
                                                    "Worker Number": 3,
                                                    "Actual Startup Time": 447.926,
                                                    "Actual Total Time": 447.929,
                                                    "Actual Rows": 187773,
                                                    "Actual Loops": 1
                                                },
                                                {
                                                    "Worker Number": 4,
                                                    "Actual Startup Time": 448.209,
                                                    "Actual Total Time": 448.212,
                                                    "Actual Rows": 138061,
                                                    "Actual Loops": 1
                                                },
                                                {
                                                    "Worker Number": 5,
                                                    "Actual Startup Time": 448.043,
                                                    "Actual Total Time": 448.046,
                                                    "Actual Rows": 187808,
                                                    "Actual Loops": 1
                                                }
                                            ],
                                            "Plans": [
                                                {
                                                    "Node Type": "Hash Join",
                                                    "Parent Relationship": "Outer",
                                                    "Parallel Aware": true,
                                                    "Join Type": "Inner",
                                                    "Startup Cost": 50219.81,
                                                    "Total Cost": 82640.35,
                                                    "Plan Rows": 383135,
                                                    "Plan Width": 8,
                                                    "Actual Startup Time": 258.128,
                                                    "Actual Total Time": 373.556,
                                                    "Actual Rows": 161053,
                                                    "Actual Loops": 7,
                                                    "Output": [
                                                        "t.id",
                                                        "mc.movie_id"
                                                    ],
                                                    "Inner Unique": true,
                                                    "Hash Cond": "(mc.movie_id = t.id)",
                                                    "Workers": [
                                                        {
                                                            "Worker Number": 0,
                                                            "Actual Startup Time": 258.211,
                                                            "Actual Total Time": 373.643,
                                                            "Actual Rows": 139049,
                                                            "Actual Loops": 1
                                                        },
                                                        {
                                                            "Worker Number": 1,
                                                            "Actual Startup Time": 258.128,
                                                            "Actual Total Time": 375.5,
                                                            "Actual Rows": 138720,
                                                            "Actual Loops": 1
                                                        },
                                                        {
                                                            "Worker Number": 2,
                                                            "Actual Startup Time": 258.125,
                                                            "Actual Total Time": 373.386,
                                                            "Actual Rows": 138970,
                                                            "Actual Loops": 1
                                                        },
                                                        {
                                                            "Worker Number": 3,
                                                            "Actual Startup Time": 258.097,
                                                            "Actual Total Time": 373.258,
                                                            "Actual Rows": 187773,
                                                            "Actual Loops": 1
                                                        },
                                                        {
                                                            "Worker Number": 4,
                                                            "Actual Startup Time": 258.082,
                                                            "Actual Total Time": 373.378,
                                                            "Actual Rows": 138061,
                                                            "Actual Loops": 1
                                                        },
                                                        {
                                                            "Worker Number": 5,
                                                            "Actual Startup Time": 258.05,
                                                            "Actual Total Time": 373.257,
                                                            "Actual Rows": 187808,
                                                            "Actual Loops": 1
                                                        }
                                                    ],
                                                    "Plans": [
                                                        {
                                                            "Node Type": "Seq Scan",
                                                            "Parent Relationship": "Outer",
                                                            "Parallel Aware": true,
                                                            "Relation Name": "movie_companies",
                                                            "Schema": "public",
                                                            "Alias": "mc",
                                                            "Startup Cost": 0.0,
                                                            "Total Cost": 31414.82,
                                                            "Plan Rows": 383135,
                                                            "Plan Width": 4,
                                                            "Actual Startup Time": 0.035,
                                                            "Actual Total Time": 52.461,
                                                            "Actual Rows": 161053,
                                                            "Actual Loops": 7,
                                                            "Output": [
                                                                "mc.id",
                                                                "mc.movie_id",
                                                                "mc.company_id",
                                                                "mc.company_type_id",
                                                                "mc.note"
                                                            ],
                                                            "Filter": "((mc.company_id > 46) AND (mc.company_type_id = 1))",
                                                            "Rows Removed by Filter": 211679,
                                                            "Workers": [
                                                                {
                                                                    "Worker Number": 0,
                                                                    "Actual Startup Time": 0.036,
                                                                    "Actual Total Time": 54.316,
                                                                    "Actual Rows": 139049,
                                                                    "Actual Loops": 1
                                                                },
                                                                {
                                                                    "Worker Number": 1,
                                                                    "Actual Startup Time": 0.046,
                                                                    "Actual Total Time": 54.324,
                                                                    "Actual Rows": 138720,
                                                                    "Actual Loops": 1
                                                                },
                                                                {
                                                                    "Worker Number": 2,
                                                                    "Actual Startup Time": 0.035,
                                                                    "Actual Total Time": 54.175,
                                                                    "Actual Rows": 138970,
                                                                    "Actual Loops": 1
                                                                },
                                                                {
                                                                    "Worker Number": 3,
                                                                    "Actual Startup Time": 0.048,
                                                                    "Actual Total Time": 51.056,
                                                                    "Actual Rows": 187773,
                                                                    "Actual Loops": 1
                                                                },
                                                                {
                                                                    "Worker Number": 4,
                                                                    "Actual Startup Time": 0.042,
                                                                    "Actual Total Time": 54.052,
                                                                    "Actual Rows": 138061,
                                                                    "Actual Loops": 1
                                                                },
                                                                {
                                                                    "Worker Number": 5,
                                                                    "Actual Startup Time": 0.028,
                                                                    "Actual Total Time": 51.404,
                                                                    "Actual Rows": 187808,
                                                                    "Actual Loops": 1
                                                                }
                                                            ]
                                                        },
                                                        {
                                                            "Node Type": "Hash",
                                                            "Parent Relationship": "Inner",
                                                            "Parallel Aware": true,
                                                            "Startup Cost": 42318.81,
                                                            "Total Cost": 42318.81,
                                                            "Plan Rows": 632080,
                                                            "Plan Width": 4,
                                                            "Actual Startup Time": 254.34,
                                                            "Actual Total Time": 254.341,
                                                            "Actual Rows": 361187,
                                                            "Actual Loops": 7,
                                                            "Output": [
                                                                "t.id"
                                                            ],
                                                            "Hash Buckets": 4194304,
                                                            "Original Hash Buckets": 4194304,
                                                            "Hash Batches": 1,
                                                            "Original Hash Batches": 1,
                                                            "Peak Memory Usage": 131808,
                                                            "Workers": [
                                                                {
                                                                    "Worker Number": 0,
                                                                    "Actual Startup Time": 257.857,
                                                                    "Actual Total Time": 257.858,
                                                                    "Actual Rows": 305848,
                                                                    "Actual Loops": 1
                                                                },
                                                                {
                                                                    "Worker Number": 1,
                                                                    "Actual Startup Time": 257.966,
                                                                    "Actual Total Time": 257.968,
                                                                    "Actual Rows": 302838,
                                                                    "Actual Loops": 1
                                                                },
                                                                {
                                                                    "Worker Number": 2,
                                                                    "Actual Startup Time": 257.996,
                                                                    "Actual Total Time": 257.997,
                                                                    "Actual Rows": 306679,
                                                                    "Actual Loops": 1
                                                                },
                                                                {
                                                                    "Worker Number": 3,
                                                                    "Actual Startup Time": 257.896,
                                                                    "Actual Total Time": 257.896,
                                                                    "Actual Rows": 389092,
                                                                    "Actual Loops": 1
                                                                },
                                                                {
                                                                    "Worker Number": 4,
                                                                    "Actual Startup Time": 257.963,
                                                                    "Actual Total Time": 257.964,
                                                                    "Actual Rows": 301892,
                                                                    "Actual Loops": 1
                                                                },
                                                                {
                                                                    "Worker Number": 5,
                                                                    "Actual Startup Time": 257.912,
                                                                    "Actual Total Time": 257.913,
                                                                    "Actual Rows": 391832,
                                                                    "Actual Loops": 1
                                                                }
                                                            ],
                                                            "Plans": [
                                                                {
                                                                    "Node Type": "Seq Scan",
                                                                    "Parent Relationship": "Outer",
                                                                    "Parallel Aware": true,
                                                                    "Relation Name": "title",
                                                                    "Schema": "public",
                                                                    "Alias": "t",
                                                                    "Startup Cost": 0.0,
                                                                    "Total Cost": 42318.81,
                                                                    "Plan Rows": 632080,
                                                                    "Plan Width": 4,
                                                                    "Actual Startup Time": 0.056,
                                                                    "Actual Total Time": 73.643,
                                                                    "Actual Rows": 361187,
                                                                    "Actual Loops": 7,
                                                                    "Output": [
                                                                        "t.id"
                                                                    ],
                                                                    "Workers": [
                                                                        {
                                                                            "Worker Number": 0,
                                                                            "Actual Startup Time": 0.075,
                                                                            "Actual Total Time": 79.022,
                                                                            "Actual Rows": 305848,
                                                                            "Actual Loops": 1
                                                                        },
                                                                        {
                                                                            "Worker Number": 1,
                                                                            "Actual Startup Time": 0.056,
                                                                            "Actual Total Time": 78.971,
                                                                            "Actual Rows": 302838,
                                                                            "Actual Loops": 1
                                                                        },
                                                                        {
                                                                            "Worker Number": 2,
                                                                            "Actual Startup Time": 0.07,
                                                                            "Actual Total Time": 78.849,
                                                                            "Actual Rows": 306679,
                                                                            "Actual Loops": 1
                                                                        },
                                                                        {
                                                                            "Worker Number": 3,
                                                                            "Actual Startup Time": 0.064,
                                                                            "Actual Total Time": 71.163,
                                                                            "Actual Rows": 389092,
                                                                            "Actual Loops": 1
                                                                        },
                                                                        {
                                                                            "Worker Number": 4,
                                                                            "Actual Startup Time": 0.062,
                                                                            "Actual Total Time": 78.451,
                                                                            "Actual Rows": 301892,
                                                                            "Actual Loops": 1
                                                                        },
                                                                        {
                                                                            "Worker Number": 5,
                                                                            "Actual Startup Time": 0.055,
                                                                            "Actual Total Time": 70.928,
                                                                            "Actual Rows": 391832,
                                                                            "Actual Loops": 1
                                                                        }
                                                                    ]
                                                                }
                                                            ]
                                                        }
                                                    ]
                                                }
                                            ]
                                        }
                                    ]
                                }
                            ]
                        }
                    ]
                }
            ]
        },
        "Planning Time": 334.649,
        "Triggers": [],
        "Execution Time": 3145.691
    }
]