{
    "Plan": {
        "Node Type": "Aggregate",
        "Strategy": "Plain",
        "Partial Mode": "Finalize",
        "Parallel Aware": false,
        "Startup Cost": 717237.92,
        "Total Cost": 717237.93,
        "Plan Rows": 1,
        "Plan Width": 8,
        "Actual Startup Time": 7717.566,
        "Actual Total Time": 7800.151,
        "Actual Rows": 1,
        "Actual Loops": 1,
        "Output": [
            "count(*)"
        ],
        "Plans": [
            {
                "Node Type": "Gather",
                "Parent Relationship": "Outer",
                "Parallel Aware": false,
                "Startup Cost": 717237.29,
                "Total Cost": 717237.9,
                "Plan Rows": 6,
                "Plan Width": 8,
                "Actual Startup Time": 7631.34,
                "Actual Total Time": 7800.135,
                "Actual Rows": 7,
                "Actual Loops": 1,
                "Output": [
                    "(PARTIAL count(*))"
                ],
                "Workers Planned": 6,
                "Workers Launched": 6,
                "Single Copy": false,
                "Plans": [
                    {
                        "Node Type": "Aggregate",
                        "Strategy": "Plain",
                        "Partial Mode": "Partial",
                        "Parent Relationship": "Outer",
                        "Parallel Aware": false,
                        "Startup Cost": 716237.29,
                        "Total Cost": 716237.3,
                        "Plan Rows": 1,
                        "Plan Width": 8,
                        "Actual Startup Time": 7579.848,
                        "Actual Total Time": 7580.923,
                        "Actual Rows": 1,
                        "Actual Loops": 7,
                        "Output": [
                            "PARTIAL count(*)"
                        ],
                        "Workers": [
                            {
                                "Worker Number": 0,
                                "Actual Startup Time": 7570.243,
                                "Actual Total Time": 7570.248,
                                "Actual Rows": 1,
                                "Actual Loops": 1
                            },
                            {
                                "Worker Number": 1,
                                "Actual Startup Time": 7570.253,
                                "Actual Total Time": 7570.257,
                                "Actual Rows": 1,
                                "Actual Loops": 1
                            },
                            {
                                "Worker Number": 2,
                                "Actual Startup Time": 7570.577,
                                "Actual Total Time": 7570.581,
                                "Actual Rows": 1,
                                "Actual Loops": 1
                            },
                            {
                                "Worker Number": 3,
                                "Actual Startup Time": 7575.824,
                                "Actual Total Time": 7575.829,
                                "Actual Rows": 1,
                                "Actual Loops": 1
                            },
                            {
                                "Worker Number": 4,
                                "Actual Startup Time": 7571.312,
                                "Actual Total Time": 7571.315,
                                "Actual Rows": 1,
                                "Actual Loops": 1
                            },
                            {
                                "Worker Number": 5,
                                "Actual Startup Time": 7570.401,
                                "Actual Total Time": 7570.407,
                                "Actual Rows": 1,
                                "Actual Loops": 1
                            }
                        ],
                        "Plans": [
                            {
                                "Node Type": "Hash Join",
                                "Parent Relationship": "Outer",
                                "Parallel Aware": true,
                                "Join Type": "Inner",
                                "Startup Cost": 276669.33,
                                "Total Cost": 667409.67,
                                "Plan Rows": 19531051,
                                "Plan Width": 0,
                                "Actual Startup Time": 2415.29,
                                "Actual Total Time": 6876.839,
                                "Actual Rows": 15407623,
                                "Actual Loops": 7,
                                "Inner Unique": false,
                                "Hash Cond": "(ci.movie_id = t.id)",
                                "Workers": [
                                    {
                                        "Worker Number": 0,
                                        "Actual Startup Time": 2406.504,
                                        "Actual Total Time": 6827.509,
                                        "Actual Rows": 14880177,
                                        "Actual Loops": 1
                                    },
                                    {
                                        "Worker Number": 1,
                                        "Actual Startup Time": 2406.495,
                                        "Actual Total Time": 6902.873,
                                        "Actual Rows": 17073432,
                                        "Actual Loops": 1
                                    },
                                    {
                                        "Worker Number": 2,
                                        "Actual Startup Time": 2406.777,
                                        "Actual Total Time": 6933.015,
                                        "Actual Rows": 15906695,
                                        "Actual Loops": 1
                                    },
                                    {
                                        "Worker Number": 3,
                                        "Actual Startup Time": 2406.763,
                                        "Actual Total Time": 6931.597,
                                        "Actual Rows": 16055792,
                                        "Actual Loops": 1
                                    },
                                    {
                                        "Worker Number": 4,
                                        "Actual Startup Time": 2407.542,
                                        "Actual Total Time": 6816.347,
                                        "Actual Rows": 14355815,
                                        "Actual Loops": 1
                                    },
                                    {
                                        "Worker Number": 5,
                                        "Actual Startup Time": 2406.651,
                                        "Actual Total Time": 6867.156,
                                        "Actual Rows": 13900367,
                                        "Actual Loops": 1
                                    }
                                ],
                                "Plans": [
                                    {
                                        "Node Type": "Seq Scan",
                                        "Parent Relationship": "Outer",
                                        "Parallel Aware": true,
                                        "Relation Name": "cast_info",
                                        "Schema": "public",
                                        "Alias": "ci",
                                        "Startup Cost": 0.0,
                                        "Total Cost": 328213.62,
                                        "Plan Rows": 4692921,
                                        "Plan Width": 4,
                                        "Actual Startup Time": 100.142,
                                        "Actual Total Time": 701.473,
                                        "Actual Rows": 3994897,
                                        "Actual Loops": 7,
                                        "Output": [
                                            "ci.id",
                                            "ci.person_id",
                                            "ci.movie_id",
                                            "ci.person_role_id",
                                            "ci.note",
                                            "ci.nr_order",
                                            "ci.role_id"
                                        ],
                                        "Filter": "(ci.person_id > 810483)",
                                        "Rows Removed by Filter": 1182866,
                                        "Workers": [
                                            {
                                                "Worker Number": 0,
                                                "Actual Startup Time": 100.065,
                                                "Actual Total Time": 735.415,
                                                "Actual Rows": 3828734,
                                                "Actual Loops": 1
                                            },
                                            {
                                                "Worker Number": 1,
                                                "Actual Startup Time": 100.143,
                                                "Actual Total Time": 701.696,
                                                "Actual Rows": 4496183,
                                                "Actual Loops": 1
                                            },
                                            {
                                                "Worker Number": 2,
                                                "Actual Startup Time": 100.16,
                                                "Actual Total Time": 694.0,
                                                "Actual Rows": 4130767,
                                                "Actual Loops": 1
                                            },
                                            {
                                                "Worker Number": 3,
                                                "Actual Startup Time": 100.149,
                                                "Actual Total Time": 700.682,
                                                "Actual Rows": 4200712,
                                                "Actual Loops": 1
                                            },
                                            {
                                                "Worker Number": 4,
                                                "Actual Startup Time": 100.158,
                                                "Actual Total Time": 741.838,
                                                "Actual Rows": 3690413,
                                                "Actual Loops": 1
                                            },
                                            {
                                                "Worker Number": 5,
                                                "Actual Startup Time": 100.164,
                                                "Actual Total Time": 729.585,
                                                "Actual Rows": 3568018,
                                                "Actual Loops": 1
                                            }
                                        ]
                                    },
                                    {
                                        "Node Type": "Hash",
                                        "Parent Relationship": "Inner",
                                        "Parallel Aware": true,
                                        "Startup Cost": 250363.33,
                                        "Total Cost": 250363.33,
                                        "Plan Rows": 2104480,
                                        "Plan Width": 8,
                                        "Actual Startup Time": 2294.014,
                                        "Actual Total Time": 2295.087,
                                        "Actual Rows": 929294,
                                        "Actual Loops": 7,
                                        "Output": [
                                            "t.id",
                                            "mi.movie_id"
                                        ],
                                        "Hash Buckets": 16777216,
                                        "Original Hash Buckets": 16777216,
                                        "Hash Batches": 1,
                                        "Original Hash Batches": 1,
                                        "Peak Memory Usage": 385696,
                                        "Workers": [
                                            {
                                                "Worker Number": 0,
                                                "Actual Startup Time": 2305.481,
                                                "Actual Total Time": 2305.485,
                                                "Actual Rows": 841805,
                                                "Actual Loops": 1
                                            },
                                            {
                                                "Worker Number": 1,
                                                "Actual Startup Time": 2305.602,
                                                "Actual Total Time": 2305.605,
                                                "Actual Rows": 1134759,
                                                "Actual Loops": 1
                                            },
                                            {
                                                "Worker Number": 2,
                                                "Actual Startup Time": 2305.922,
                                                "Actual Total Time": 2305.926,
                                                "Actual Rows": 988154,
                                                "Actual Loops": 1
                                            },
                                            {
                                                "Worker Number": 3,
                                                "Actual Startup Time": 2305.934,
                                                "Actual Total Time": 2305.937,
                                                "Actual Rows": 1018909,
                                                "Actual Loops": 1
                                            },
                                            {
                                                "Worker Number": 4,
                                                "Actual Startup Time": 2306.961,
                                                "Actual Total Time": 2306.963,
                                                "Actual Rows": 811560,
                                                "Actual Loops": 1
                                            },
                                            {
                                                "Worker Number": 5,
                                                "Actual Startup Time": 2305.831,
                                                "Actual Total Time": 2305.835,
                                                "Actual Rows": 784023,
                                                "Actual Loops": 1
                                            }
                                        ],
                                        "Plans": [
                                            {
                                                "Node Type": "Hash Join",
                                                "Parent Relationship": "Outer",
                                                "Parallel Aware": true,
                                                "Join Type": "Inner",
                                                "Startup Cost": 51113.71,
                                                "Total Cost": 250363.33,
                                                "Plan Rows": 2104480,
                                                "Plan Width": 8,
                                                "Actual Startup Time": 228.517,
                                                "Actual Total Time": 1386.435,
                                                "Actual Rows": 929294,
                                                "Actual Loops": 7,
                                                "Output": [
                                                    "t.id",
                                                    "mi.movie_id"
                                                ],
                                                "Inner Unique": true,
                                                "Hash Cond": "(mi.movie_id = t.id)",
                                                "Workers": [
                                                    {
                                                        "Worker Number": 0,
                                                        "Actual Startup Time": 228.538,
                                                        "Actual Total Time": 1386.96,
                                                        "Actual Rows": 841805,
                                                        "Actual Loops": 1
                                                    },
                                                    {
                                                        "Worker Number": 1,
                                                        "Actual Startup Time": 228.465,
                                                        "Actual Total Time": 1385.458,
                                                        "Actual Rows": 1134759,
                                                        "Actual Loops": 1
                                                    },
                                                    {
                                                        "Worker Number": 2,
                                                        "Actual Startup Time": 228.471,
                                                        "Actual Total Time": 1389.093,
                                                        "Actual Rows": 988154,
                                                        "Actual Loops": 1
                                                    },
                                                    {
                                                        "Worker Number": 3,
                                                        "Actual Startup Time": 228.452,
                                                        "Actual Total Time": 1389.546,
                                                        "Actual Rows": 1018909,
                                                        "Actual Loops": 1
                                                    },
                                                    {
                                                        "Worker Number": 4,
                                                        "Actual Startup Time": 228.408,
                                                        "Actual Total Time": 1386.08,
                                                        "Actual Rows": 811560,
                                                        "Actual Loops": 1
                                                    },
                                                    {
                                                        "Worker Number": 5,
                                                        "Actual Startup Time": 228.492,
                                                        "Actual Total Time": 1388.785,
                                                        "Actual Rows": 784023,
                                                        "Actual Loops": 1
                                                    }
                                                ],
                                                "Plans": [
                                                    {
                                                        "Node Type": "Seq Scan",
                                                        "Parent Relationship": "Outer",
                                                        "Parallel Aware": true,
                                                        "Relation Name": "movie_info",
                                                        "Schema": "public",
                                                        "Alias": "mi",
                                                        "Startup Cost": 0.0,
                                                        "Total Cost": 191503.19,
                                                        "Plan Rows": 2951019,
                                                        "Plan Width": 4,
                                                        "Actual Startup Time": 0.037,
                                                        "Actual Total Time": 335.963,
                                                        "Actual Rows": 2119389,
                                                        "Actual Loops": 7,
                                                        "Output": [
                                                            "mi.id",
                                                            "mi.movie_id",
                                                            "mi.info_type_id",
                                                            "mi.info",
                                                            "mi.note"
                                                        ],
                                                        "Workers": [
                                                            {
                                                                "Worker Number": 0,
                                                                "Actual Startup Time": 0.044,
                                                                "Actual Total Time": 361.888,
                                                                "Actual Rows": 1876802,
                                                                "Actual Loops": 1
                                                            },
                                                            {
                                                                "Worker Number": 1,
                                                                "Actual Startup Time": 0.031,
                                                                "Actual Total Time": 324.764,
                                                                "Actual Rows": 2570529,
                                                                "Actual Loops": 1
                                                            },
                                                            {
                                                                "Worker Number": 2,
                                                                "Actual Startup Time": 0.041,
                                                                "Actual Total Time": 333.76,
                                                                "Actual Rows": 2294961,
                                                                "Actual Loops": 1
                                                            },
                                                            {
                                                                "Worker Number": 3,
                                                                "Actual Startup Time": 0.034,
                                                                "Actual Total Time": 336.121,
                                                                "Actual Rows": 2354437,
                                                                "Actual Loops": 1
                                                            },
                                                            {
                                                                "Worker Number": 4,
                                                                "Actual Startup Time": 0.048,
                                                                "Actual Total Time": 363.32,
                                                                "Actual Rows": 1833581,
                                                                "Actual Loops": 1
                                                            },
                                                            {
                                                                "Worker Number": 5,
                                                                "Actual Startup Time": 0.046,
                                                                "Actual Total Time": 357.876,
                                                                "Actual Rows": 1756853,
                                                                "Actual Loops": 1
                                                            }
                                                        ]
                                                    },
                                                    {
                                                        "Node Type": "Hash",
                                                        "Parent Relationship": "Inner",
                                                        "Parallel Aware": true,
                                                        "Startup Cost": 45479.21,
                                                        "Total Cost": 45479.21,
                                                        "Plan Rows": 450760,
                                                        "Plan Width": 4,
                                                        "Actual Startup Time": 225.841,
                                                        "Actual Total Time": 225.842,
                                                        "Actual Rows": 257130,
                                                        "Actual Loops": 7,
                                                        "Output": [
                                                            "t.id"
                                                        ],
                                                        "Hash Buckets": 2097152,
                                                        "Original Hash Buckets": 2097152,
                                                        "Hash Batches": 1,
                                                        "Original Hash Batches": 1,
                                                        "Peak Memory Usage": 86880,
                                                        "Workers": [
                                                            {
                                                                "Worker Number": 0,
                                                                "Actual Startup Time": 228.125,
                                                                "Actual Total Time": 228.126,
                                                                "Actual Rows": 218951,
                                                                "Actual Loops": 1
                                                            },
                                                            {
                                                                "Worker Number": 1,
                                                                "Actual Startup Time": 228.172,
                                                                "Actual Total Time": 228.173,
                                                                "Actual Rows": 292430,
                                                                "Actual Loops": 1
                                                            },
                                                            {
                                                                "Worker Number": 2,
                                                                "Actual Startup Time": 228.071,
                                                                "Actual Total Time": 228.072,
                                                                "Actual Rows": 273874,
                                                                "Actual Loops": 1
                                                            },
                                                            {
                                                                "Worker Number": 3,
                                                                "Actual Startup Time": 228.082,
                                                                "Actual Total Time": 228.083,
                                                                "Actual Rows": 277818,
                                                                "Actual Loops": 1
                                                            },
                                                            {
                                                                "Worker Number": 4,
                                                                "Actual Startup Time": 228.26,
                                                                "Actual Total Time": 228.261,
                                                                "Actual Rows": 219994,
                                                                "Actual Loops": 1
                                                            },
                                                            {
                                                                "Worker Number": 5,
                                                                "Actual Startup Time": 228.108,
                                                                "Actual Total Time": 228.109,
                                                                "Actual Rows": 209992,
                                                                "Actual Loops": 1
                                                            }
                                                        ],
                                                        "Plans": [
                                                            {
                                                                "Node Type": "Seq Scan",
                                                                "Parent Relationship": "Outer",
                                                                "Parallel Aware": true,
                                                                "Relation Name": "title",
                                                                "Schema": "public",
                                                                "Alias": "t",
                                                                "Startup Cost": 0.0,
                                                                "Total Cost": 45479.21,
                                                                "Plan Rows": 450760,
                                                                "Plan Width": 4,
                                                                "Actual Startup Time": 0.09,
                                                                "Actual Total Time": 90.101,
                                                                "Actual Rows": 257130,
                                                                "Actual Loops": 7,
                                                                "Output": [
                                                                    "t.id"
                                                                ],
                                                                "Filter": "((t.kind_id > 1) AND (t.production_year > 0))",
                                                                "Rows Removed by Filter": 104058,
                                                                "Workers": [
                                                                    {
                                                                        "Worker Number": 0,
                                                                        "Actual Startup Time": 0.091,
                                                                        "Actual Total Time": 93.848,
                                                                        "Actual Rows": 218951,
                                                                        "Actual Loops": 1
                                                                    },
                                                                    {
                                                                        "Worker Number": 1,
                                                                        "Actual Startup Time": 0.095,
                                                                        "Actual Total Time": 90.085,
                                                                        "Actual Rows": 292430,
                                                                        "Actual Loops": 1
                                                                    },
                                                                    {
                                                                        "Worker Number": 2,
                                                                        "Actual Startup Time": 0.101,
                                                                        "Actual Total Time": 90.192,
                                                                        "Actual Rows": 273874,
                                                                        "Actual Loops": 1
                                                                    },
                                                                    {
                                                                        "Worker Number": 3,
                                                                        "Actual Startup Time": 0.1,
                                                                        "Actual Total Time": 90.025,
                                                                        "Actual Rows": 277818,
                                                                        "Actual Loops": 1
                                                                    },
                                                                    {
                                                                        "Worker Number": 4,
                                                                        "Actual Startup Time": 0.12,
                                                                        "Actual Total Time": 94.219,
                                                                        "Actual Rows": 219994,
                                                                        "Actual Loops": 1
                                                                    },
                                                                    {
                                                                        "Worker Number": 5,
                                                                        "Actual Startup Time": 0.106,
                                                                        "Actual Total Time": 92.978,
                                                                        "Actual Rows": 209992,
                                                                        "Actual Loops": 1
                                                                    }
                                                                ]
                                                            }
                                                        ]
                                                    }
                                                ]
                                            }
                                        ]
                                    }
                                ]
                            }
                        ]
                    }
                ]
            }
        ]
    },
    "Planning Time": 1.464,
    "Triggers": [],
    "Execution Time": 7800.242
}