{
  "Plan": {
    "Node Type": "Aggregate",
    "Strategy": "Plain",
    "Partial Mode": "Finalize",
    "Parallel Aware": false,
    "Startup Cost": 613276.74,
    "Total Cost": 613276.75,
    "Plan Rows": 1,
    "Plan Width": 8,
    "Actual Startup Time": 2580.907,
    "Actual Total Time": 2647.322,
    "Actual Rows": 1,
    "Actual Loops": 1,
    "Plans": [
      {
        "Node Type": "Gather",
        "Parent Relationship": "Outer",
        "Parallel Aware": false,
        "Startup Cost": 613276.63,
        "Total Cost": 613276.74,
        "Plan Rows": 1,
        "Plan Width": 8,
        "Actual Startup Time": 2580.558,
        "Actual Total Time": 2647.312,
        "Actual Rows": 2,
        "Actual Loops": 1,
        "Workers Planned": 1,
        "Workers Launched": 1,
        "Single Copy": false,
        "Plans": [
          {
            "Node Type": "Aggregate",
            "Strategy": "Plain",
            "Partial Mode": "Partial",
            "Parent Relationship": "Outer",
            "Parallel Aware": false,
            "Startup Cost": 612276.63,
            "Total Cost": 612276.64,
            "Plan Rows": 1,
            "Plan Width": 8,
            "Actual Startup Time": 2574.502,
            "Actual Total Time": 2574.507,
            "Actual Rows": 1,
            "Actual Loops": 2,
            "Plans": [
              {
                "Node Type": "Hash Join",
                "Parent Relationship": "Outer",
                "Parallel Aware": true,
                "Join Type": "Inner",
                "Startup Cost": 56172.27,
                "Total Cost": 612125.09,
                "Plan Rows": 60615,
                "Plan Width": 0,
                "Actual Startup Time": 136.385,
                "Actual Total Time": 2571.567,
                "Actual Rows": 42788,
                "Actual Loops": 2,
                "Inner Unique": true,
                "Hash Cond": "(ci.movie_id = t.id)",
                "Plans": [
                  {
                    "Node Type": "Seq Scan",
                    "Parent Relationship": "Outer",
                    "Parallel Aware": true,
                    "Relation Name": "cast_info",
                    "Alias": "ci",
                    "Startup Cost": 0.0,
                    "Total Cost": 519069.44,
                    "Plan Rows": 14050786,
                    "Plan Width": 4,
                    "Actual Startup Time": 0.017,
                    "Actual Total Time": 1682.649,
                    "Actual Rows": 12065349,
                    "Actual Loops": 2,
                    "Filter": "(role_id < 4)",
                    "Rows Removed by Filter": 6056823
                  },
                  {
                    "Node Type": "Hash",
                    "Parent Relationship": "Inner",
                    "Parallel Aware": true,
                    "Startup Cost": 56092.07,
                    "Total Cost": 56092.07,
                    "Plan Rows": 6416,
                    "Plan Width": 4,
                    "Actual Startup Time": 135.296,
                    "Actual Total Time": 135.298,
                    "Actual Rows": 3782,
                    "Actual Loops": 2,
                    "Hash Buckets": 16384,
                    "Original Hash Buckets": 16384,
                    "Hash Batches": 1,
                    "Original Hash Batches": 1,
                    "Peak Memory Usage": 448,
                    "Plans": [
                      {
                        "Node Type": "Bitmap Heap Scan",
                        "Parent Relationship": "Outer",
                        "Parallel Aware": true,
                        "Relation Name": "title",
                        "Alias": "t",
                        "Startup Cost": 13441.68,
                        "Total Cost": 56092.07,
                        "Plan Rows": 6416,
                        "Plan Width": 4,
                        "Actual Startup Time": 49.516,
                        "Actual Total Time": 134.046,
                        "Actual Rows": 3782,
                        "Actual Loops": 2,
                        "Recheck Cond": "(kind_id < 3)",
                        "Rows Removed by Index Recheck": 0,
                        "Filter": "(production_year = 1996)",
                        "Rows Removed by Filter": 373057,
                        "Exact Heap Blocks": 27831,
                        "Lossy Heap Blocks": 0,
                        "Plans": [
                          {
                            "Node Type": "Bitmap Index Scan",
                            "Parent Relationship": "Outer",
                            "Parallel Aware": false,
                            "Index Name": "kind_id_title",
                            "Startup Cost": 0.0,
                            "Total Cost": 13438.96,
                            "Plan Rows": 753937,
                            "Plan Width": 0,
                            "Actual Startup Time": 47.993,
                            "Actual Total Time": 47.994,
                            "Actual Rows": 753677,
                            "Actual Loops": 1,
                            "Index Cond": "(kind_id < 3)"
                          }
                        ]
                      }
                    ]
                  }
                ]
              }
            ]
          }
        ]
      }
    ]
  },
  "Planning Time": 0.508,
  "Triggers": [],
  "Execution Time": 2647.431
}