{
  "Plan": {
    "Node Type": "Aggregate",
    "Strategy": "Plain",
    "Partial Mode": "Finalize",
    "Parallel Aware": false,
    "Startup Cost": 197665.89,
    "Total Cost": 197665.9,
    "Plan Rows": 1,
    "Plan Width": 8,
    "Actual Startup Time": 796.806,
    "Actual Total Time": 815.602,
    "Actual Rows": 1,
    "Actual Loops": 1,
    "Plans": [
      {
        "Node Type": "Gather",
        "Parent Relationship": "Outer",
        "Parallel Aware": false,
        "Startup Cost": 197665.78,
        "Total Cost": 197665.89,
        "Plan Rows": 1,
        "Plan Width": 8,
        "Actual Startup Time": 679.491,
        "Actual Total Time": 815.585,
        "Actual Rows": 2,
        "Actual Loops": 1,
        "Workers Planned": 1,
        "Workers Launched": 1,
        "Single Copy": false,
        "Plans": [
          {
            "Node Type": "Aggregate",
            "Strategy": "Plain",
            "Partial Mode": "Partial",
            "Parent Relationship": "Outer",
            "Parallel Aware": false,
            "Startup Cost": 196665.78,
            "Total Cost": 196665.79,
            "Plan Rows": 1,
            "Plan Width": 8,
            "Actual Startup Time": 732.675,
            "Actual Total Time": 732.681,
            "Actual Rows": 1,
            "Actual Loops": 2,
            "Plans": [
              {
                "Node Type": "Nested Loop",
                "Parent Relationship": "Outer",
                "Parallel Aware": false,
                "Join Type": "Inner",
                "Startup Cost": 148672.45,
                "Total Cost": 196617.38,
                "Plan Rows": 19361,
                "Plan Width": 0,
                "Actual Startup Time": 431.853,
                "Actual Total Time": 728.33,
                "Actual Rows": 65116,
                "Actual Loops": 2,
                "Inner Unique": false,
                "Plans": [
                  {
                    "Node Type": "Merge Join",
                    "Parent Relationship": "Outer",
                    "Parallel Aware": false,
                    "Join Type": "Inner",
                    "Startup Cost": 148672.02,
                    "Total Cost": 153108.82,
                    "Plan Rows": 56859,
                    "Plan Width": 8,
                    "Actual Startup Time": 431.798,
                    "Actual Total Time": 550.554,
                    "Actual Rows": 56555,
                    "Actual Loops": 2,
                    "Inner Unique": false,
                    "Merge Cond": "(t.id = mi_idx.movie_id)",
                    "Plans": [
                      {
                        "Node Type": "Sort",
                        "Parent Relationship": "Outer",
                        "Parallel Aware": false,
                        "Startup Cost": 82817.39,
                        "Total Cost": 83591.22,
                        "Plan Rows": 309533,
                        "Plan Width": 4,
                        "Actual Startup Time": 229.761,
                        "Actual Total Time": 261.928,
                        "Actual Rows": 268878,
                        "Actual Loops": 2,
                        "Sort Key": [
                          "t.id"
                        ],
                        "Sort Method": "quicksort",
                        "Sort Space Used": 28880,
                        "Sort Space Type": "Memory",
                        "Workers": [
                          {
                            "Worker Number": 0,
                            "Sort Method": "quicksort",
                            "Sort Space Used": 14781,
                            "Sort Space Type": "Memory"
                          }
                        ],
                        "Plans": [
                          {
                            "Node Type": "Seq Scan",
                            "Parent Relationship": "Outer",
                            "Parallel Aware": true,
                            "Relation Name": "title",
                            "Alias": "t",
                            "Startup Cost": 0.0,
                            "Total Cost": 54588.39,
                            "Plan Rows": 309533,
                            "Plan Width": 4,
                            "Actual Startup Time": 0.026,
                            "Actual Total Time": 159.123,
                            "Actual Rows": 269095,
                            "Actual Loops": 2,
                            "Filter": "(production_year < 1982)",
                            "Rows Removed by Filter": 995061
                          }
                        ]
                      },
                      {
                        "Node Type": "Sort",
                        "Parent Relationship": "Inner",
                        "Parallel Aware": false,
                        "Startup Cost": 65854.6,
                        "Total Cost": 67015.67,
                        "Plan Rows": 464428,
                        "Plan Width": 4,
                        "Actual Startup Time": 202.006,
                        "Actual Total Time": 225.715,
                        "Actual Rows": 459925,
                        "Actual Loops": 2,
                        "Sort Key": [
                          "mi_idx.movie_id"
                        ],
                        "Sort Method": "quicksort",
                        "Sort Space Used": 33847,
                        "Sort Space Type": "Memory",
                        "Workers": [
                          {
                            "Worker Number": 0,
                            "Sort Method": "quicksort",
                            "Sort Space Used": 33847,
                            "Sort Space Type": "Memory"
                          }
                        ],
                        "Plans": [
                          {
                            "Node Type": "Bitmap Heap Scan",
                            "Parent Relationship": "Outer",
                            "Parallel Aware": false,
                            "Relation Name": "movie_info_idx",
                            "Alias": "mi_idx",
                            "Startup Cost": 8399.74,
                            "Total Cost": 22140.09,
                            "Plan Rows": 464428,
                            "Plan Width": 4,
                            "Actual Startup Time": 24.426,
                            "Actual Total Time": 96.311,
                            "Actual Rows": 459925,
                            "Actual Loops": 2,
                            "Recheck Cond": "(info_type_id = 100)",
                            "Rows Removed by Index Recheck": 0,
                            "Exact Heap Blocks": 7934,
                            "Lossy Heap Blocks": 0,
                            "Plans": [
                              {
                                "Node Type": "Bitmap Index Scan",
                                "Parent Relationship": "Outer",
                                "Parallel Aware": false,
                                "Index Name": "info_type_id_movie_info_idx",
                                "Startup Cost": 0.0,
                                "Total Cost": 8283.64,
                                "Plan Rows": 464428,
                                "Plan Width": 0,
                                "Actual Startup Time": 23.23,
                                "Actual Total Time": 23.231,
                                "Actual Rows": 459925,
                                "Actual Loops": 2,
                                "Index Cond": "(info_type_id = 100)"
                              }
                            ]
                          }
                        ]
                      }
                    ]
                  },
                  {
                    "Node Type": "Index Scan",
                    "Parent Relationship": "Inner",
                    "Parallel Aware": false,
                    "Scan Direction": "Forward",
                    "Index Name": "movie_id_movie_companies",
                    "Relation Name": "movie_companies",
                    "Alias": "mc",
                    "Startup Cost": 0.43,
                    "Total Cost": 0.75,
                    "Plan Rows": 2,
                    "Plan Width": 4,
                    "Actual Startup Time": 0.002,
                    "Actual Total Time": 0.003,
                    "Actual Rows": 1,
                    "Actual Loops": 113110,
                    "Index Cond": "(movie_id = t.id)",
                    "Rows Removed by Index Recheck": 0,
                    "Filter": "(company_id < 2435)",
                    "Rows Removed by Filter": 2
                  }
                ]
              }
            ]
          }
        ]
      }
    ]
  },
  "Planning Time": 1.132,
  "Triggers": [],
  "Execution Time": 815.744
}