[
  {
    "Plan": {
      "Node Type": "Aggregate",
      "Strategy": "Plain",
      "Partial Mode": "Finalize",
      "Parallel Aware": false,
      "Startup Cost": 766169.68,
      "Total Cost": 766169.69,
      "Plan Rows": 1,
      "Plan Width": 64,
      "Actual Startup Time": 4861.074,
      "Actual Total Time": 5080.847,
      "Actual Rows": 1,
      "Actual Loops": 1,
      "Plans": [
        {
          "Node Type": "Gather",
          "Parent Relationship": "Outer",
          "Parallel Aware": false,
          "Startup Cost": 766169.57,
          "Total Cost": 766169.68,
          "Plan Rows": 1,
          "Plan Width": 64,
          "Actual Startup Time": 4860.831,
          "Actual Total Time": 5080.838,
          "Actual Rows": 2,
          "Actual Loops": 1,
          "Workers Planned": 1,
          "Workers Launched": 1,
          "Single Copy": false,
          "Plans": [
            {
              "Node Type": "Aggregate",
              "Strategy": "Plain",
              "Partial Mode": "Partial",
              "Parent Relationship": "Outer",
              "Parallel Aware": false,
              "Startup Cost": 765169.57,
              "Total Cost": 765169.58,
              "Plan Rows": 1,
              "Plan Width": 64,
              "Actual Startup Time": 4853.619,
              "Actual Total Time": 4853.648,
              "Actual Rows": 1,
              "Actual Loops": 2,
              "Plans": [
                {
                  "Node Type": "Hash Join",
                  "Parent Relationship": "Outer",
                  "Parallel Aware": true,
                  "Join Type": "Inner",
                  "Startup Cost": 760258.62,
                  "Total Cost": 765169.56,
                  "Plan Rows": 1,
                  "Plan Width": 32,
                  "Actual Startup Time": 4846.481,
                  "Actual Total Time": 4853.595,
                  "Actual Rows": 389,
                  "Actual Loops": 2,
                  "Inner Unique": false,
                  "Hash Cond": "(cn.id = mc.company_id)",
                  "Plans": [
                    {
                      "Node Type": "Seq Scan",
                      "Parent Relationship": "Outer",
                      "Parallel Aware": true,
                      "Relation Name": "company_name",
                      "Alias": "cn",
                      "Startup Cost": 0.0,
                      "Total Cost": 4722.92,
                      "Plan Rows": 50137,
                      "Plan Width": 4,
                      "Actual Startup Time": 0.014,
                      "Actual Total Time": 15.484,
                      "Actual Rows": 42422,
                      "Actual Loops": 2,
                      "Filter": "((country_code)::text = '[us]'::text)",
                      "Rows Removed by Filter": 75077
                    },
                    {
                      "Node Type": "Hash",
                      "Parent Relationship": "Inner",
                      "Parallel Aware": true,
                      "Startup Cost": 760258.61,
                      "Total Cost": 760258.61,
                      "Plan Rows": 1,
                      "Plan Width": 36,
                      "Actual Startup Time": 4834.292,
                      "Actual Total Time": 4834.319,
                      "Actual Rows": 393,
                      "Actual Loops": 2,
                      "Hash Buckets": 1024,
                      "Original Hash Buckets": 1024,
                      "Hash Batches": 1,
                      "Original Hash Batches": 1,
                      "Peak Memory Usage": 72,
                      "Plans": [
                        {
                          "Node Type": "Hash Join",
                          "Parent Relationship": "Outer",
                          "Parallel Aware": true,
                          "Join Type": "Inner",
                          "Startup Cost": 729895.84,
                          "Total Cost": 760258.61,
                          "Plan Rows": 1,
                          "Plan Width": 36,
                          "Actual Startup Time": 4608.53,
                          "Actual Total Time": 4834.178,
                          "Actual Rows": 393,
                          "Actual Loops": 2,
                          "Inner Unique": false,
                          "Hash Cond": "(mc.movie_id = t.id)",
                          "Plans": [
                            {
                              "Node Type": "Seq Scan",
                              "Parent Relationship": "Outer",
                              "Parallel Aware": true,
                              "Relation Name": "movie_companies",
                              "Alias": "mc",
                              "Startup Cost": 0.0,
                              "Total Cost": 27206.55,
                              "Plan Rows": 841655,
                              "Plan Width": 8,
                              "Actual Startup Time": 0.01,
                              "Actual Total Time": 120.061,
                              "Actual Rows": 1304564,
                              "Actual Loops": 2
                            },
                            {
                              "Node Type": "Hash",
                              "Parent Relationship": "Inner",
                              "Parallel Aware": true,
                              "Startup Cost": 729895.83,
                              "Total Cost": 729895.83,
                              "Plan Rows": 1,
                              "Plan Width": 44,
                              "Actual Startup Time": 4606.04,
                              "Actual Total Time": 4606.064,
                              "Actual Rows": 383,
                              "Actual Loops": 2,
                              "Hash Buckets": 1024,
                              "Original Hash Buckets": 1024,
                              "Hash Batches": 1,
                              "Original Hash Batches": 1,
                              "Peak Memory Usage": 104,
                              "Plans": [
                                {
                                  "Node Type": "Hash Join",
                                  "Parent Relationship": "Outer",
                                  "Parallel Aware": true,
                                  "Join Type": "Inner",
                                  "Startup Cost": 685148.65,
                                  "Total Cost": 729895.83,
                                  "Plan Rows": 1,
                                  "Plan Width": 44,
                                  "Actual Startup Time": 4354.029,
                                  "Actual Total Time": 4605.759,
                                  "Actual Rows": 383,
                                  "Actual Loops": 2,
                                  "Inner Unique": false,
                                  "Hash Cond": "(t.id = mi.movie_id)",
                                  "Plans": [
                                    {
                                      "Node Type": "Seq Scan",
                                      "Parent Relationship": "Outer",
                                      "Parallel Aware": true,
                                      "Relation Name": "title",
                                      "Alias": "t",
                                      "Startup Cost": 0.0,
                                      "Total Cost": 43898.62,
                                      "Plan Rows": 226281,
                                      "Plan Width": 21,
                                      "Actual Startup Time": 0.053,
                                      "Actual Total Time": 204.674,
                                      "Actual Rows": 452246,
                                      "Actual Loops": 2,
                                      "Filter": "(production_year > 2006)",
                                      "Rows Removed by Filter": 811910
                                    },
                                    {
                                      "Node Type": "Hash",
                                      "Parent Relationship": "Inner",
                                      "Parallel Aware": true,
                                      "Startup Cost": 685148.64,
                                      "Total Cost": 685148.64,
                                      "Plan Rows": 1,
                                      "Plan Width": 23,
                                      "Actual Startup Time": 4353.189,
                                      "Actual Total Time": 4353.211,
                                      "Actual Rows": 1022,
                                      "Actual Loops": 2,
                                      "Hash Buckets": 2048,
                                      "Original Hash Buckets": 1024,
                                      "Hash Batches": 1,
                                      "Original Hash Batches": 1,
                                      "Peak Memory Usage": 152,
                                      "Plans": [
                                        {
                                          "Node Type": "Hash Join",
                                          "Parent Relationship": "Outer",
                                          "Parallel Aware": true,
                                          "Join Type": "Inner",
                                          "Startup Cost": 637877.37,
                                          "Total Cost": 685148.64,
                                          "Plan Rows": 1,
                                          "Plan Width": 23,
                                          "Actual Startup Time": 4060.351,
                                          "Actual Total Time": 4267.818,
                                          "Actual Rows": 1022,
                                          "Actual Loops": 2,
                                          "Inner Unique": false,
                                          "Hash Cond": "(chn.id = ci.person_role_id)",
                                          "Plans": [
                                            {
                                              "Node Type": "Seq Scan",
                                              "Parent Relationship": "Outer",
                                              "Parallel Aware": true,
                                              "Relation Name": "char_name",
                                              "Alias": "chn",
                                              "Startup Cost": 0.0,
                                              "Total Cost": 44325.46,
                                              "Plan Rows": 785546,
                                              "Plan Width": 4,
                                              "Actual Startup Time": 0.016,
                                              "Actual Total Time": 194.057,
                                              "Actual Rows": 1570170,
                                              "Actual Loops": 2
                                            },
                                            {
                                              "Node Type": "Hash",
                                              "Parent Relationship": "Inner",
                                              "Parallel Aware": true,
                                              "Startup Cost": 637877.36,
                                              "Total Cost": 637877.36,
                                              "Plan Rows": 1,
                                              "Plan Width": 27,
                                              "Actual Startup Time": 3935.373,
                                              "Actual Total Time": 3935.392,
                                              "Actual Rows": 1022,
                                              "Actual Loops": 2,
                                              "Hash Buckets": 2048,
                                              "Original Hash Buckets": 1024,
                                              "Hash Batches": 1,
                                              "Original Hash Batches": 1,
                                              "Peak Memory Usage": 152,
                                              "Plans": [
                                                {
                                                  "Node Type": "Hash Join",
                                                  "Parent Relationship": "Outer",
                                                  "Parallel Aware": true,
                                                  "Join Type": "Inner",
                                                  "Startup Cost": 622483.46,
                                                  "Total Cost": 637877.36,
                                                  "Plan Rows": 1,
                                                  "Plan Width": 27,
                                                  "Actual Startup Time": 3881.83,
                                                  "Actual Total Time": 3914.675,
                                                  "Actual Rows": 1022,
                                                  "Actual Loops": 2,
                                                  "Inner Unique": false,
                                                  "Hash Cond": "(an.person_id = n.id)",
                                                  "Plans": [
                                                    {
                                                      "Node Type": "Seq Scan",
                                                      "Parent Relationship": "Outer",
                                                      "Parallel Aware": true,
                                                      "Relation Name": "aka_name",
                                                      "Alias": "an",
                                                      "Startup Cost": 0.0,
                                                      "Total Cost": 14303.56,
                                                      "Plan Rows": 290756,
                                                      "Plan Width": 4,
                                                      "Actual Startup Time": 0.03,
                                                      "Actual Total Time": 60.023,
                                                      "Actual Rows": 450672,
                                                      "Actual Loops": 2
                                                    },
                                                    {
                                                      "Node Type": "Hash",
                                                      "Parent Relationship": "Inner",
                                                      "Parallel Aware": true,
                                                      "Startup Cost": 622483.45,
                                                      "Total Cost": 622483.45,
                                                      "Plan Rows": 1,
                                                      "Plan Width": 35,
                                                      "Actual Startup Time": 3813.847,
                                                      "Actual Total Time": 3813.863,
                                                      "Actual Rows": 511,
                                                      "Actual Loops": 2,
                                                      "Hash Buckets": 1024,
                                                      "Original Hash Buckets": 1024,
                                                      "Hash Batches": 1,
                                                      "Original Hash Batches": 1,
                                                      "Peak Memory Usage": 104,
                                                      "Plans": [
                                                        {
                                                          "Node Type": "Hash Join",
                                                          "Parent Relationship": "Outer",
                                                          "Parallel Aware": true,
                                                          "Join Type": "Inner",
                                                          "Startup Cost": 415588.64,
                                                          "Total Cost": 622483.45,
                                                          "Plan Rows": 1,
                                                          "Plan Width": 35,
                                                          "Actual Startup Time": 2938.252,
                                                          "Actual Total Time": 3813.671,
                                                          "Actual Rows": 511,
                                                          "Actual Loops": 2,
                                                          "Inner Unique": false,
                                                          "Hash Cond": "(mi.movie_id = ci.movie_id)",
                                                          "Plans": [
                                                            {
                                                              "Node Type": "Hash Join",
                                                              "Parent Relationship": "Outer",
                                                              "Parallel Aware": false,
                                                              "Join Type": "Inner",
                                                              "Startup Cost": 2.43,
                                                              "Total Cost": 206892.59,
                                                              "Plan Rows": 1236,
                                                              "Plan Width": 4,
                                                              "Actual Startup Time": 293.41,
                                                              "Actual Total Time": 1160.304,
                                                              "Actual Rows": 225520,
                                                              "Actual Loops": 2,
                                                              "Inner Unique": true,
                                                              "Hash Cond": "(mi.info_type_id = it.id)",
                                                              "Plans": [
                                                                {
                                                                  "Node Type": "Seq Scan",
                                                                  "Parent Relationship": "Outer",
                                                                  "Parallel Aware": true,
                                                                  "Relation Name": "movie_info",
                                                                  "Alias": "mi",
                                                                  "Startup Cost": 0.0,
                                                                  "Total Cost": 206509.76,
                                                                  "Plan Rows": 139676,
                                                                  "Plan Width": 8,
                                                                  "Actual Startup Time": 129.912,
                                                                  "Actual Total Time": 1130.959,
                                                                  "Actual Rows": 225552,
                                                                  "Actual Loops": 2,
                                                                  "Filter": "((info IS NOT NULL) AND ((info ~~ 'Japan:%200%'::text) OR (info ~~ 'USA:%200%'::text)))",
                                                                  "Rows Removed by Filter": 7192308
                                                                },
                                                                {
                                                                  "Node Type": "Hash",
                                                                  "Parent Relationship": "Inner",
                                                                  "Parallel Aware": false,
                                                                  "Startup Cost": 2.41,
                                                                  "Total Cost": 2.41,
                                                                  "Plan Rows": 1,
                                                                  "Plan Width": 4,
                                                                  "Actual Startup Time": 0.042,
                                                                  "Actual Total Time": 0.047,
                                                                  "Actual Rows": 1,
                                                                  "Actual Loops": 2,
                                                                  "Hash Buckets": 1024,
                                                                  "Original Hash Buckets": 1024,
                                                                  "Hash Batches": 1,
                                                                  "Original Hash Batches": 1,
                                                                  "Peak Memory Usage": 9,
                                                                  "Plans": [
                                                                    {
                                                                      "Node Type": "Seq Scan",
                                                                      "Parent Relationship": "Outer",
                                                                      "Parallel Aware": false,
                                                                      "Relation Name": "info_type",
                                                                      "Alias": "it",
                                                                      "Startup Cost": 0.0,
                                                                      "Total Cost": 2.41,
                                                                      "Plan Rows": 1,
                                                                      "Plan Width": 4,
                                                                      "Actual Startup Time": 0.031,
                                                                      "Actual Total Time": 0.039,
                                                                      "Actual Rows": 1,
                                                                      "Actual Loops": 2,
                                                                      "Filter": "((info)::text = 'release dates'::text)",
                                                                      "Rows Removed by Filter": 112
                                                                    }
                                                                  ]
                                                                }
                                                              ]
                                                            },
                                                            {
                                                              "Node Type": "Hash",
                                                              "Parent Relationship": "Inner",
                                                              "Parallel Aware": true,
                                                              "Startup Cost": 415586.2,
                                                              "Total Cost": 415586.2,
                                                              "Plan Rows": 1,
                                                              "Plan Width": 31,
                                                              "Actual Startup Time": 2634.792,
                                                              "Actual Total Time": 2634.799,
                                                              "Actual Rows": 494,
                                                              "Actual Loops": 2,
                                                              "Hash Buckets": 1024,
                                                              "Original Hash Buckets": 1024,
                                                              "Hash Batches": 1,
                                                              "Original Hash Batches": 1,
                                                              "Peak Memory Usage": 104,
                                                              "Plans": [
                                                                {
                                                                  "Node Type": "Hash Join",
                                                                  "Parent Relationship": "Outer",
                                                                  "Parallel Aware": false,
                                                                  "Join Type": "Inner",
                                                                  "Startup Cost": 71241.56,
                                                                  "Total Cost": 415586.2,
                                                                  "Plan Rows": 1,
                                                                  "Plan Width": 31,
                                                                  "Actual Startup Time": 1165.832,
                                                                  "Actual Total Time": 2634.585,
                                                                  "Actual Rows": 494,
                                                                  "Actual Loops": 2,
                                                                  "Inner Unique": true,
                                                                  "Hash Cond": "(ci.role_id = rt.id)",
                                                                  "Plans": [
                                                                    {
                                                                      "Node Type": "Hash Join",
                                                                      "Parent Relationship": "Outer",
                                                                      "Parallel Aware": true,
                                                                      "Join Type": "Inner",
                                                                      "Startup Cost": 71240.4,
                                                                      "Total Cost": 415585.0,
                                                                      "Plan Rows": 10,
                                                                      "Plan Width": 35,
                                                                      "Actual Startup Time": 1165.736,
                                                                      "Actual Total Time": 2634.402,
                                                                      "Actual Rows": 504,
                                                                      "Actual Loops": 2,
                                                                      "Inner Unique": true,
                                                                      "Hash Cond": "(ci.person_id = n.id)",
                                                                      "Plans": [
                                                                        {
                                                                          "Node Type": "Seq Scan",
                                                                          "Parent Relationship": "Outer",
                                                                          "Parallel Aware": true,
                                                                          "Relation Name": "cast_info",
                                                                          "Alias": "ci",
                                                                          "Startup Cost": 0.0,
                                                                          "Total Cost": 343259.37,
                                                                          "Plan Rows": 413421,
                                                                          "Plan Width": 16,
                                                                          "Actual Startup Time": 0.051,
                                                                          "Actual Total Time": 2159.945,
                                                                          "Actual Rows": 1222138,
                                                                          "Actual Loops": 2,
                                                                          "Filter": "(note = ANY ('{(writer),(voice),\"(executive producer)\",\"(as Terri Colombino)\"}'::text[]))",
                                                                          "Rows Removed by Filter": 16900034
                                                                        },
                                                                        {
                                                                          "Node Type": "Hash",
                                                                          "Parent Relationship": "Inner",
                                                                          "Parallel Aware": true,
                                                                          "Startup Cost": 71240.1,
                                                                          "Total Cost": 71240.1,
                                                                          "Plan Rows": 24,
                                                                          "Plan Width": 19,
                                                                          "Actual Startup Time": 385.181,
                                                                          "Actual Total Time": 385.182,
                                                                          "Actual Rows": 18,
                                                                          "Actual Loops": 2,
                                                                          "Hash Buckets": 1024,
                                                                          "Original Hash Buckets": 1024,
                                                                          "Hash Batches": 1,
                                                                          "Original Hash Batches": 1,
                                                                          "Peak Memory Usage": 72,
                                                                          "Plans": [
                                                                            {
                                                                              "Node Type": "Seq Scan",
                                                                              "Parent Relationship": "Outer",
                                                                              "Parallel Aware": true,
                                                                              "Relation Name": "name",
                                                                              "Alias": "n",
                                                                              "Startup Cost": 0.0,
                                                                              "Total Cost": 71240.1,
                                                                              "Plan Rows": 24,
                                                                              "Plan Width": 19,
                                                                              "Actual Startup Time": 175.497,
                                                                              "Actual Total Time": 385.132,
                                                                              "Actual Rows": 18,
                                                                              "Actual Loops": 2,
                                                                              "Filter": "((name ~~ '%Conn,%'::text) AND ((gender)::text = 'f'::text))",
                                                                              "Rows Removed by Filter": 2083728
                                                                            }
                                                                          ]
                                                                        }
                                                                      ]
                                                                    },
                                                                    {
                                                                      "Node Type": "Hash",
                                                                      "Parent Relationship": "Inner",
                                                                      "Parallel Aware": false,
                                                                      "Startup Cost": 1.15,
                                                                      "Total Cost": 1.15,
                                                                      "Plan Rows": 1,
                                                                      "Plan Width": 4,
                                                                      "Actual Startup Time": 0.056,
                                                                      "Actual Total Time": 0.057,
                                                                      "Actual Rows": 1,
                                                                      "Actual Loops": 2,
                                                                      "Hash Buckets": 1024,
                                                                      "Original Hash Buckets": 1024,
                                                                      "Hash Batches": 1,
                                                                      "Original Hash Batches": 1,
                                                                      "Peak Memory Usage": 9,
                                                                      "Plans": [
                                                                        {
                                                                          "Node Type": "Seq Scan",
                                                                          "Parent Relationship": "Outer",
                                                                          "Parallel Aware": false,
                                                                          "Relation Name": "role_type",
                                                                          "Alias": "rt",
                                                                          "Startup Cost": 0.0,
                                                                          "Total Cost": 1.15,
                                                                          "Plan Rows": 1,
                                                                          "Plan Width": 4,
                                                                          "Actual Startup Time": 0.038,
                                                                          "Actual Total Time": 0.041,
                                                                          "Actual Rows": 1,
                                                                          "Actual Loops": 2,
                                                                          "Filter": "((role)::text = 'actress'::text)",
                                                                          "Rows Removed by Filter": 11
                                                                        }
                                                                      ]
                                                                    }
                                                                  ]
                                                                }
                                                              ]
                                                            }
                                                          ]
                                                        }
                                                      ]
                                                    }
                                                  ]
                                                }
                                              ]
                                            }
                                          ]
                                        }
                                      ]
                                    }
                                  ]
                                }
                              ]
                            }
                          ]
                        }
                      ]
                    }
                  ]
                }
              ]
            }
          ]
        }
      ]
    },
    "Planning Time": 36.325,
    "Triggers": [],
    "Execution Time": 5081.383
  }
]