{
  "Plan": {
    "Node Type": "Aggregate",
    "Strategy": "Plain",
    "Partial Mode": "Finalize",
    "Parallel Aware": false,
    "Startup Cost": 86098.11,
    "Total Cost": 86098.12,
    "Plan Rows": 1,
    "Plan Width": 8,
    "Actual Startup Time": 305.038,
    "Actual Total Time": 317.767,
    "Actual Rows": 1,
    "Actual Loops": 1,
    "Plans": [
      {
        "Node Type": "Gather",
        "Parent Relationship": "Outer",
        "Parallel Aware": false,
        "Startup Cost": 86098.0,
        "Total Cost": 86098.11,
        "Plan Rows": 1,
        "Plan Width": 8,
        "Actual Startup Time": 304.343,
        "Actual Total Time": 317.757,
        "Actual Rows": 2,
        "Actual Loops": 1,
        "Workers Planned": 1,
        "Workers Launched": 1,
        "Single Copy": false,
        "Plans": [
          {
            "Node Type": "Aggregate",
            "Strategy": "Plain",
            "Partial Mode": "Partial",
            "Parent Relationship": "Outer",
            "Parallel Aware": false,
            "Startup Cost": 85098.0,
            "Total Cost": 85098.01,
            "Plan Rows": 1,
            "Plan Width": 8,
            "Actual Startup Time": 298.431,
            "Actual Total Time": 298.435,
            "Actual Rows": 1,
            "Actual Loops": 2,
            "Plans": [
              {
                "Node Type": "Hash Join",
                "Parent Relationship": "Outer",
                "Parallel Aware": true,
                "Join Type": "Inner",
                "Startup Cost": 26334.99,
                "Total Cost": 84974.61,
                "Plan Rows": 49354,
                "Plan Width": 0,
                "Actual Startup Time": 223.1,
                "Actual Total Time": 296.612,
                "Actual Rows": 43080,
                "Actual Loops": 2,
                "Inner Unique": false,
                "Hash Cond": "(t.id = mc.movie_id)",
                "Plans": [
                  {
                    "Node Type": "Seq Scan",
                    "Parent Relationship": "Outer",
                    "Parallel Aware": true,
                    "Relation Name": "title",
                    "Alias": "t",
                    "Startup Cost": 0.0,
                    "Total Cost": 54588.39,
                    "Plan Rows": 601746,
                    "Plan Width": 4,
                    "Actual Startup Time": 0.012,
                    "Actual Total Time": 137.094,
                    "Actual Rows": 506460,
                    "Actual Loops": 2,
                    "Filter": "(production_year > 2005)",
                    "Rows Removed by Filter": 757696
                  },
                  {
                    "Node Type": "Hash",
                    "Parent Relationship": "Inner",
                    "Parallel Aware": true,
                    "Startup Cost": 24810.25,
                    "Total Cost": 24810.25,
                    "Plan Rows": 121979,
                    "Plan Width": 4,
                    "Actual Startup Time": 73.547,
                    "Actual Total Time": 73.548,
                    "Actual Rows": 100950,
                    "Actual Loops": 2,
                    "Hash Buckets": 262144,
                    "Original Hash Buckets": 262144,
                    "Hash Batches": 1,
                    "Original Hash Batches": 1,
                    "Peak Memory Usage": 9984,
                    "Plans": [
                      {
                        "Node Type": "Bitmap Heap Scan",
                        "Parent Relationship": "Outer",
                        "Parallel Aware": true,
                        "Relation Name": "movie_companies",
                        "Alias": "mc",
                        "Startup Cost": 4495.51,
                        "Total Cost": 24810.25,
                        "Plan Rows": 121979,
                        "Plan Width": 4,
                        "Actual Startup Time": 20.353,
                        "Actual Total Time": 50.444,
                        "Actual Rows": 100950,
                        "Actual Loops": 2,
                        "Recheck Cond": "(company_id > 112858)",
                        "Rows Removed by Index Recheck": 0,
                        "Exact Heap Blocks": 3178,
                        "Lossy Heap Blocks": 0,
                        "Plans": [
                          {
                            "Node Type": "Bitmap Index Scan",
                            "Parent Relationship": "Outer",
                            "Parallel Aware": false,
                            "Index Name": "company_id_movie_companies",
                            "Startup Cost": 0.0,
                            "Total Cost": 4443.67,
                            "Plan Rows": 207365,
                            "Plan Width": 0,
                            "Actual Startup Time": 21.626,
                            "Actual Total Time": 21.626,
                            "Actual Rows": 201899,
                            "Actual Loops": 1,
                            "Index Cond": "(company_id > 112858)"
                          }
                        ]
                      }
                    ]
                  }
                ]
              }
            ]
          }
        ]
      }
    ]
  },
  "Planning Time": 0.445,
  "Triggers": [],
  "Execution Time": 317.861
}