{
  "Plan": {
    "Node Type": "Aggregate",
    "Strategy": "Plain",
    "Partial Mode": "Finalize",
    "Parallel Aware": false,
    "Startup Cost": 121332.67,
    "Total Cost": 121332.68,
    "Plan Rows": 1,
    "Plan Width": 8,
    "Actual Startup Time": 733.38,
    "Actual Total Time": 747.102,
    "Actual Rows": 1,
    "Actual Loops": 1,
    "Plans": [
      {
        "Node Type": "Gather",
        "Parent Relationship": "Outer",
        "Parallel Aware": false,
        "Startup Cost": 121332.56,
        "Total Cost": 121332.67,
        "Plan Rows": 1,
        "Plan Width": 8,
        "Actual Startup Time": 731.68,
        "Actual Total Time": 747.095,
        "Actual Rows": 2,
        "Actual Loops": 1,
        "Workers Planned": 1,
        "Workers Launched": 1,
        "Single Copy": false,
        "Plans": [
          {
            "Node Type": "Aggregate",
            "Strategy": "Plain",
            "Partial Mode": "Partial",
            "Parent Relationship": "Outer",
            "Parallel Aware": false,
            "Startup Cost": 120332.56,
            "Total Cost": 120332.57,
            "Plan Rows": 1,
            "Plan Width": 8,
            "Actual Startup Time": 726.644,
            "Actual Total Time": 726.65,
            "Actual Rows": 1,
            "Actual Loops": 2,
            "Plans": [
              {
                "Node Type": "Hash Join",
                "Parent Relationship": "Outer",
                "Parallel Aware": true,
                "Join Type": "Inner",
                "Startup Cost": 100816.88,
                "Total Cost": 120208.34,
                "Plan Rows": 49688,
                "Plan Width": 0,
                "Actual Startup Time": 611.133,
                "Actual Total Time": 722.137,
                "Actual Rows": 111833,
                "Actual Loops": 2,
                "Inner Unique": false,
                "Hash Cond": "(mi_idx.movie_id = t.id)",
                "Plans": [
                  {
                    "Node Type": "Seq Scan",
                    "Parent Relationship": "Outer",
                    "Parallel Aware": true,
                    "Relation Name": "movie_info_idx",
                    "Alias": "mi_idx",
                    "Startup Cost": 0.0,
                    "Total Cost": 18082.32,
                    "Plan Rows": 271164,
                    "Plan Width": 4,
                    "Actual Startup Time": 0.026,
                    "Actual Total Time": 49.18,
                    "Actual Rows": 230092,
                    "Actual Loops": 2,
                    "Filter": "(info_type_id > 100)",
                    "Rows Removed by Filter": 459925
                  },
                  {
                    "Node Type": "Hash",
                    "Parent Relationship": "Inner",
                    "Parallel Aware": true,
                    "Startup Cost": 97410.39,
                    "Total Cost": 97410.39,
                    "Plan Rows": 272519,
                    "Plan Width": 8,
                    "Actual Startup Time": 605.221,
                    "Actual Total Time": 605.225,
                    "Actual Rows": 229040,
                    "Actual Loops": 2,
                    "Hash Buckets": 524288,
                    "Original Hash Buckets": 524288,
                    "Hash Batches": 1,
                    "Original Hash Batches": 1,
                    "Peak Memory Usage": 22048,
                    "Plans": [
                      {
                        "Node Type": "Hash Join",
                        "Parent Relationship": "Outer",
                        "Parallel Aware": true,
                        "Join Type": "Inner",
                        "Startup Cost": 35641.84,
                        "Total Cost": 97410.39,
                        "Plan Rows": 272519,
                        "Plan Width": 8,
                        "Actual Startup Time": 145.155,
                        "Actual Total Time": 546.206,
                        "Actual Rows": 229040,
                        "Actual Loops": 2,
                        "Inner Unique": false,
                        "Hash Cond": "(t.id = mc.movie_id)",
                        "Plans": [
                          {
                            "Node Type": "Seq Scan",
                            "Parent Relationship": "Outer",
                            "Parallel Aware": true,
                            "Relation Name": "title",
                            "Alias": "t",
                            "Startup Cost": 0.0,
                            "Total Cost": 50870.31,
                            "Plan Rows": 1487231,
                            "Plan Width": 4,
                            "Actual Startup Time": 0.009,
                            "Actual Total Time": 114.145,
                            "Actual Rows": 1264156,
                            "Actual Loops": 2
                          },
                          {
                            "Node Type": "Hash",
                            "Parent Relationship": "Inner",
                            "Parallel Aware": true,
                            "Startup Cost": 32235.35,
                            "Total Cost": 32235.35,
                            "Plan Rows": 272519,
                            "Plan Width": 4,
                            "Actual Startup Time": 141.557,
                            "Actual Total Time": 141.558,
                            "Actual Rows": 229040,
                            "Actual Loops": 2,
                            "Hash Buckets": 524288,
                            "Original Hash Buckets": 524288,
                            "Hash Batches": 1,
                            "Original Hash Batches": 1,
                            "Peak Memory Usage": 22048,
                            "Plans": [
                              {
                                "Node Type": "Bitmap Heap Scan",
                                "Parent Relationship": "Outer",
                                "Parallel Aware": true,
                                "Relation Name": "movie_companies",
                                "Alias": "mc",
                                "Startup Cost": 10038.87,
                                "Total Cost": 32235.35,
                                "Plan Rows": 272519,
                                "Plan Width": 4,
                                "Actual Startup Time": 30.467,
                                "Actual Total Time": 91.641,
                                "Actual Rows": 229040,
                                "Actual Loops": 2,
                                "Recheck Cond": "(company_id < 394)",
                                "Rows Removed by Index Recheck": 0,
                                "Exact Heap Blocks": 10980,
                                "Lossy Heap Blocks": 0,
                                "Plans": [
                                  {
                                    "Node Type": "Bitmap Index Scan",
                                    "Parent Relationship": "Outer",
                                    "Parallel Aware": false,
                                    "Index Name": "company_id_movie_companies",
                                    "Startup Cost": 0.0,
                                    "Total Cost": 9923.05,
                                    "Plan Rows": 463282,
                                    "Plan Width": 0,
                                    "Actual Startup Time": 27.714,
                                    "Actual Total Time": 27.714,
                                    "Actual Rows": 458080,
                                    "Actual Loops": 1,
                                    "Index Cond": "(company_id < 394)"
                                  }
                                ]
                              }
                            ]
                          }
                        ]
                      }
                    ]
                  }
                ]
              }
            ]
          }
        ]
      }
    ]
  },
  "Planning Time": 0.922,
  "Triggers": [],
  "Execution Time": 747.2
}