{
  "Plan": {
    "Node Type": "Aggregate",
    "Strategy": "Plain",
    "Partial Mode": "Simple",
    "Parallel Aware": false,
    "Startup Cost": 803030.33,
    "Total Cost": 803030.34,
    "Plan Rows": 1,
    "Plan Width": 96,
    "Actual Startup Time": 4394.201,
    "Actual Total Time": 4394.219,
    "Actual Rows": 1,
    "Actual Loops": 1,
    "Plans": [
      {
        "Node Type": "Merge Join",
        "Parent Relationship": "Outer",
        "Parallel Aware": false,
        "Join Type": "Inner",
        "Startup Cost": 803030.3,
        "Total Cost": 803030.32,
        "Plan Rows": 1,
        "Plan Width": 48,
        "Actual Startup Time": 4393.995,
        "Actual Total Time": 4394.122,
        "Actual Rows": 743,
        "Actual Loops": 1,
        "Inner Unique": true,
        "Merge Cond": "(ml.link_type_id = lt.id)",
        "Plans": [
          {
            "Node Type": "Sort",
            "Parent Relationship": "Outer",
            "Parallel Aware": false,
            "Startup Cost": 803029.06,
            "Total Cost": 803029.07,
            "Plan Rows": 1,
            "Plan Width": 40,
            "Actual Startup Time": 4393.966,
            "Actual Total Time": 4394.009,
            "Actual Rows": 743,
            "Actual Loops": 1,
            "Sort Key": [
              "ml.link_type_id"
            ],
            "Sort Method": "quicksort",
            "Sort Space Used": 94,
            "Sort Space Type": "Memory",
            "Plans": [
              {
                "Node Type": "Merge Join",
                "Parent Relationship": "Outer",
                "Parallel Aware": false,
                "Join Type": "Inner",
                "Startup Cost": 803029.03,
                "Total Cost": 803029.05,
                "Plan Rows": 1,
                "Plan Width": 40,
                "Actual Startup Time": 4393.683,
                "Actual Total Time": 4393.807,
                "Actual Rows": 743,
                "Actual Loops": 1,
                "Inner Unique": false,
                "Merge Cond": "(ct.id = mc.company_type_id)",
                "Plans": [
                  {
                    "Node Type": "Sort",
                    "Parent Relationship": "Outer",
                    "Parallel Aware": false,
                    "Startup Cost": 1.06,
                    "Total Cost": 1.06,
                    "Plan Rows": 1,
                    "Plan Width": 4,
                    "Actual Startup Time": 0.02,
                    "Actual Total Time": 0.021,
                    "Actual Rows": 1,
                    "Actual Loops": 1,
                    "Sort Key": [
                      "ct.id"
                    ],
                    "Sort Method": "quicksort",
                    "Sort Space Used": 25,
                    "Sort Space Type": "Memory",
                    "Plans": [
                      {
                        "Node Type": "Seq Scan",
                        "Parent Relationship": "Outer",
                        "Parallel Aware": false,
                        "Relation Name": "company_type",
                        "Alias": "ct",
                        "Startup Cost": 0.0,
                        "Total Cost": 1.05,
                        "Plan Rows": 1,
                        "Plan Width": 4,
                        "Actual Startup Time": 0.012,
                        "Actual Total Time": 0.013,
                        "Actual Rows": 1,
                        "Actual Loops": 1,
                        "Filter": "((kind)::text = 'production companies'::text)",
                        "Rows Removed by Filter": 3
                      }
                    ]
                  },
                  {
                    "Node Type": "Sort",
                    "Parent Relationship": "Inner",
                    "Parallel Aware": false,
                    "Startup Cost": 803027.97,
                    "Total Cost": 803027.97,
                    "Plan Rows": 1,
                    "Plan Width": 44,
                    "Actual Startup Time": 4393.652,
                    "Actual Total Time": 4393.697,
                    "Actual Rows": 838,
                    "Actual Loops": 1,
                    "Sort Key": [
                      "mc.company_type_id"
                    ],
                    "Sort Method": "quicksort",
                    "Sort Space Used": 116,
                    "Sort Space Type": "Memory",
                    "Plans": [
                      {
                        "Node Type": "Merge Join",
                        "Parent Relationship": "Outer",
                        "Parallel Aware": false,
                        "Join Type": "Inner",
                        "Startup Cost": 803027.93,
                        "Total Cost": 803027.96,
                        "Plan Rows": 1,
                        "Plan Width": 44,
                        "Actual Startup Time": 4393.339,
                        "Actual Total Time": 4393.479,
                        "Actual Rows": 838,
                        "Actual Loops": 1,
                        "Inner Unique": false,
                        "Merge Cond": "(cct1.id = cc.subject_id)",
                        "Plans": [
                          {
                            "Node Type": "Sort",
                            "Parent Relationship": "Outer",
                            "Parallel Aware": false,
                            "Startup Cost": 1.06,
                            "Total Cost": 1.06,
                            "Plan Rows": 1,
                            "Plan Width": 4,
                            "Actual Startup Time": 0.011,
                            "Actual Total Time": 0.013,
                            "Actual Rows": 1,
                            "Actual Loops": 1,
                            "Sort Key": [
                              "cct1.id"
                            ],
                            "Sort Method": "quicksort",
                            "Sort Space Used": 25,
                            "Sort Space Type": "Memory",
                            "Plans": [
                              {
                                "Node Type": "Seq Scan",
                                "Parent Relationship": "Outer",
                                "Parallel Aware": false,
                                "Relation Name": "comp_cast_type",
                                "Alias": "cct1",
                                "Startup Cost": 0.0,
                                "Total Cost": 1.05,
                                "Plan Rows": 1,
                                "Plan Width": 4,
                                "Actual Startup Time": 0.004,
                                "Actual Total Time": 0.005,
                                "Actual Rows": 1,
                                "Actual Loops": 1,
                                "Filter": "((kind)::text = 'cast'::text)",
                                "Rows Removed by Filter": 3
                              }
                            ]
                          },
                          {
                            "Node Type": "Sort",
                            "Parent Relationship": "Inner",
                            "Parallel Aware": false,
                            "Startup Cost": 803026.87,
                            "Total Cost": 803026.88,
                            "Plan Rows": 1,
                            "Plan Width": 48,
                            "Actual Startup Time": 4393.325,
                            "Actual Total Time": 4393.37,
                            "Actual Rows": 839,
                            "Actual Loops": 1,
                            "Sort Key": [
                              "cc.subject_id"
                            ],
                            "Sort Method": "quicksort",
                            "Sort Space Used": 200,
                            "Sort Space Type": "Memory",
                            "Plans": [
                              {
                                "Node Type": "Merge Join",
                                "Parent Relationship": "Outer",
                                "Parallel Aware": false,
                                "Join Type": "Inner",
                                "Startup Cost": 789253.62,
                                "Total Cost": 803026.86,
                                "Plan Rows": 1,
                                "Plan Width": 48,
                                "Actual Startup Time": 4356.992,
                                "Actual Total Time": 4393.033,
                                "Actual Rows": 1123,
                                "Actual Loops": 1,
                                "Inner Unique": false,
                                "Merge Cond": "(cn.id = mc.company_id)",
                                "Plans": [
                                  {
                                    "Node Type": "Index Scan",
                                    "Parent Relationship": "Outer",
                                    "Parallel Aware": false,
                                    "Scan Direction": "Forward",
                                    "Index Name": "company_name_pkey",
                                    "Relation Name": "company_name",
                                    "Alias": "cn",
                                    "Startup Cost": 0.42,
                                    "Total Cost": 13644.41,
                                    "Plan Rows": 55187,
                                    "Plan Width": 23,
                                    "Actual Startup Time": 0.161,
                                    "Actual Total Time": 38.116,
                                    "Actual Rows": 14128,
                                    "Actual Loops": 1,
                                    "Filter": "(((country_code)::text <> '[pl]'::text) AND ((name ~~ '%Film%'::text) OR (name ~~ '%Warner%'::text)))",
                                    "Rows Removed by Filter": 59511
                                  },
                                  {
                                    "Node Type": "Sort",
                                    "Parent Relationship": "Inner",
                                    "Parallel Aware": false,
                                    "Startup Cost": 789253.2,
                                    "Total Cost": 789253.21,
                                    "Plan Rows": 2,
                                    "Plan Width": 33,
                                    "Actual Startup Time": 4353.86,
                                    "Actual Total Time": 4353.998,
                                    "Actual Rows": 2729,
                                    "Actual Loops": 1,
                                    "Sort Key": [
                                      "mc.company_id"
                                    ],
                                    "Sort Method": "quicksort",
                                    "Sort Space Used": 310,
                                    "Sort Space Type": "Memory",
                                    "Plans": [
                                      {
                                        "Node Type": "Merge Join",
                                        "Parent Relationship": "Outer",
                                        "Parallel Aware": false,
                                        "Join Type": "Inner",
                                        "Startup Cost": 789253.12,
                                        "Total Cost": 789253.19,
                                        "Plan Rows": 2,
                                        "Plan Width": 33,
                                        "Actual Startup Time": 4352.872,
                                        "Actual Total Time": 4353.298,
                                        "Actual Rows": 2729,
                                        "Actual Loops": 1,
                                        "Inner Unique": false,
                                        "Merge Cond": "(cct2.id = cc.status_id)",
                                        "Plans": [
                                          {
                                            "Node Type": "Sort",
                                            "Parent Relationship": "Outer",
                                            "Parallel Aware": false,
                                            "Startup Cost": 1.06,
                                            "Total Cost": 1.06,
                                            "Plan Rows": 1,
                                            "Plan Width": 4,
                                            "Actual Startup Time": 0.011,
                                            "Actual Total Time": 0.012,
                                            "Actual Rows": 2,
                                            "Actual Loops": 1,
                                            "Sort Key": [
                                              "cct2.id"
                                            ],
                                            "Sort Method": "quicksort",
                                            "Sort Space Used": 25,
                                            "Sort Space Type": "Memory",
                                            "Plans": [
                                              {
                                                "Node Type": "Seq Scan",
                                                "Parent Relationship": "Outer",
                                                "Parallel Aware": false,
                                                "Relation Name": "comp_cast_type",
                                                "Alias": "cct2",
                                                "Startup Cost": 0.0,
                                                "Total Cost": 1.05,
                                                "Plan Rows": 1,
                                                "Plan Width": 4,
                                                "Actual Startup Time": 0.003,
                                                "Actual Total Time": 0.004,
                                                "Actual Rows": 2,
                                                "Actual Loops": 1,
                                                "Filter": "((kind)::text ~~ 'complete%'::text)",
                                                "Rows Removed by Filter": 2
                                              }
                                            ]
                                          },
                                          {
                                            "Node Type": "Sort",
                                            "Parent Relationship": "Inner",
                                            "Parallel Aware": false,
                                            "Startup Cost": 789252.06,
                                            "Total Cost": 789252.08,
                                            "Plan Rows": 9,
                                            "Plan Width": 37,
                                            "Actual Startup Time": 4352.858,
                                            "Actual Total Time": 4352.968,
                                            "Actual Rows": 2729,
                                            "Actual Loops": 1,
                                            "Sort Key": [
                                              "cc.status_id"
                                            ],
                                            "Sort Method": "quicksort",
                                            "Sort Space Used": 310,
                                            "Sort Space Type": "Memory",
                                            "Plans": [
                                              {
                                                "Node Type": "Merge Join",
                                                "Parent Relationship": "Outer",
                                                "Parallel Aware": false,
                                                "Join Type": "Inner",
                                                "Startup Cost": 739206.99,
                                                "Total Cost": 789251.92,
                                                "Plan Rows": 9,
                                                "Plan Width": 37,
                                                "Actual Startup Time": 4171.72,
                                                "Actual Total Time": 4352.4,
                                                "Actual Rows": 2729,
                                                "Actual Loops": 1,
                                                "Inner Unique": false,
                                                "Merge Cond": "(mi.movie_id = ml.movie_id)",
                                                "Plans": [
                                                  {
                                                    "Node Type": "Index Scan",
                                                    "Parent Relationship": "Outer",
                                                    "Parallel Aware": false,
                                                    "Scan Direction": "Forward",
                                                    "Index Name": "movie_id_movie_info",
                                                    "Relation Name": "movie_info",
                                                    "Alias": "mi",
                                                    "Startup Cost": 0.43,
                                                    "Total Cost": 1248692.77,
                                                    "Plan Rows": 922248,
                                                    "Plan Width": 4,
                                                    "Actual Startup Time": 0.277,
                                                    "Actual Total Time": 173.262,
                                                    "Actual Rows": 28263,
                                                    "Actual Loops": 1,
                                                    "Filter": "(info = ANY ('{Sweden,Norway,Germany,Denmark,Swedish,Denish,Norwegian,German,English}'::text[]))",
                                                    "Rows Removed by Filter": 409121
                                                  },
                                                  {
                                                    "Node Type": "Materialize",
                                                    "Parent Relationship": "Inner",
                                                    "Parallel Aware": false,
                                                    "Startup Cost": 739206.55,
                                                    "Total Cost": 746306.95,
                                                    "Plan Rows": 5,
                                                    "Plan Width": 57,
                                                    "Actual Startup Time": 4151.501,
                                                    "Actual Total Time": 4177.217,
                                                    "Actual Rows": 2733,
                                                    "Actual Loops": 1,
                                                    "Plans": [
                                                      {
                                                        "Node Type": "Merge Join",
                                                        "Parent Relationship": "Outer",
                                                        "Parallel Aware": false,
                                                        "Join Type": "Inner",
                                                        "Startup Cost": 739206.55,
                                                        "Total Cost": 746306.93,
                                                        "Plan Rows": 5,
                                                        "Plan Width": 57,
                                                        "Actual Startup Time": 4151.494,
                                                        "Actual Total Time": 4176.908,
                                                        "Actual Rows": 639,
                                                        "Actual Loops": 1,
                                                        "Inner Unique": false,
                                                        "Merge Cond": "(cc.movie_id = ml.movie_id)",
                                                        "Plans": [
                                                          {
                                                            "Node Type": "Index Scan",
                                                            "Parent Relationship": "Outer",
                                                            "Parallel Aware": false,
                                                            "Scan Direction": "Forward",
                                                            "Index Name": "movie_id_complete_cast",
                                                            "Relation Name": "complete_cast",
                                                            "Alias": "cc",
                                                            "Startup Cost": 0.42,
                                                            "Total Cost": 6650.11,
                                                            "Plan Rows": 135086,
                                                            "Plan Width": 12,
                                                            "Actual Startup Time": 0.015,
                                                            "Actual Total Time": 1.436,
                                                            "Actual Rows": 5095,
                                                            "Actual Loops": 1
                                                          },
                                                          {
                                                            "Node Type": "Materialize",
                                                            "Parent Relationship": "Inner",
                                                            "Parallel Aware": false,
                                                            "Startup Cost": 739206.13,
                                                            "Total Cost": 746000.13,
                                                            "Plan Rows": 20,
                                                            "Plan Width": 45,
                                                            "Actual Startup Time": 4147.915,
                                                            "Actual Total Time": 4174.999,
                                                            "Actual Rows": 1326,
                                                            "Actual Loops": 1,
                                                            "Plans": [
                                                              {
                                                                "Node Type": "Merge Join",
                                                                "Parent Relationship": "Outer",
                                                                "Parallel Aware": false,
                                                                "Join Type": "Inner",
                                                                "Startup Cost": 739206.13,
                                                                "Total Cost": 746000.08,
                                                                "Plan Rows": 20,
                                                                "Plan Width": 45,
                                                                "Actual Startup Time": 4147.909,
                                                                "Actual Total Time": 4174.617,
                                                                "Actual Rows": 1173,
                                                                "Actual Loops": 1,
                                                                "Inner Unique": false,
                                                                "Merge Cond": "(mc.movie_id = ml.movie_id)",
                                                                "Plans": [
                                                                  {
                                                                    "Node Type": "Index Scan",
                                                                    "Parent Relationship": "Outer",
                                                                    "Parallel Aware": false,
                                                                    "Scan Direction": "Forward",
                                                                    "Index Name": "movie_id_movie_companies",
                                                                    "Relation Name": "movie_companies",
                                                                    "Alias": "mc",
                                                                    "Startup Cost": 0.43,
                                                                    "Total Cost": 140404.76,
                                                                    "Plan Rows": 1269863,
                                                                    "Plan Width": 12,
                                                                    "Actual Startup Time": 0.041,
                                                                    "Actual Total Time": 18.863,
                                                                    "Actual Rows": 41251,
                                                                    "Actual Loops": 1,
                                                                    "Filter": "(note IS NULL)",
                                                                    "Rows Removed by Filter": 41788
                                                                  },
                                                                  {
                                                                    "Node Type": "Materialize",
                                                                    "Parent Relationship": "Inner",
                                                                    "Parallel Aware": false,
                                                                    "Startup Cost": 739205.7,
                                                                    "Total Cost": 740391.96,
                                                                    "Plan Rows": 8,
                                                                    "Plan Width": 33,
                                                                    "Actual Startup Time": 4147.567,
                                                                    "Actual Total Time": 4153.686,
                                                                    "Actual Rows": 1184,
                                                                    "Actual Loops": 1,
                                                                    "Plans": [
                                                                      {
                                                                        "Node Type": "Merge Join",
                                                                        "Parent Relationship": "Outer",
                                                                        "Parallel Aware": false,
                                                                        "Join Type": "Inner",
                                                                        "Startup Cost": 739205.7,
                                                                        "Total Cost": 740391.94,
                                                                        "Plan Rows": 8,
                                                                        "Plan Width": 33,
                                                                        "Actual Startup Time": 4147.562,
                                                                        "Actual Total Time": 4153.577,
                                                                        "Actual Rows": 251,
                                                                        "Actual Loops": 1,
                                                                        "Inner Unique": false,
                                                                        "Merge Cond": "(ml.movie_id = t.id)",
                                                                        "Plans": [
                                                                          {
                                                                            "Node Type": "Index Scan",
                                                                            "Parent Relationship": "Outer",
                                                                            "Parallel Aware": false,
                                                                            "Scan Direction": "Forward",
                                                                            "Index Name": "movie_id_movie_link",
                                                                            "Relation Name": "movie_link",
                                                                            "Alias": "ml",
                                                                            "Startup Cost": 0.29,
                                                                            "Total Cost": 1111.51,
                                                                            "Plan Rows": 29997,
                                                                            "Plan Width": 8,
                                                                            "Actual Startup Time": 0.009,
                                                                            "Actual Total Time": 4.216,
                                                                            "Actual Rows": 29997,
                                                                            "Actual Loops": 1
                                                                          },
                                                                          {
                                                                            "Node Type": "Sort",
                                                                            "Parent Relationship": "Inner",
                                                                            "Parallel Aware": false,
                                                                            "Startup Cost": 739205.42,
                                                                            "Total Cost": 739205.48,
                                                                            "Plan Rows": 26,
                                                                            "Plan Width": 25,
                                                                            "Actual Startup Time": 4147.513,
                                                                            "Actual Total Time": 4147.55,
                                                                            "Actual Rows": 266,
                                                                            "Actual Loops": 1,
                                                                            "Sort Key": [
                                                                              "mk.movie_id"
                                                                            ],
                                                                            "Sort Method": "quicksort",
                                                                            "Sort Space Used": 1081,
                                                                            "Sort Space Type": "Memory",
                                                                            "Plans": [
                                                                              {
                                                                                "Node Type": "Merge Join",
                                                                                "Parent Relationship": "Outer",
                                                                                "Parallel Aware": false,
                                                                                "Join Type": "Inner",
                                                                                "Startup Cost": 722240.01,
                                                                                "Total Cost": 739204.81,
                                                                                "Plan Rows": 26,
                                                                                "Plan Width": 25,
                                                                                "Actual Startup Time": 4142.005,
                                                                                "Actual Total Time": 4145.112,
                                                                                "Actual Rows": 8370,
                                                                                "Actual Loops": 1,
                                                                                "Inner Unique": false,
                                                                                "Merge Cond": "(k.id = mk.keyword_id)",
                                                                                "Plans": [
                                                                                  {
                                                                                    "Node Type": "Sort",
                                                                                    "Parent Relationship": "Outer",
                                                                                    "Parallel Aware": false,
                                                                                    "Startup Cost": 2626.14,
                                                                                    "Total Cost": 2626.14,
                                                                                    "Plan Rows": 1,
                                                                                    "Plan Width": 4,
                                                                                    "Actual Startup Time": 12.232,
                                                                                    "Actual Total Time": 12.234,
                                                                                    "Actual Rows": 1,
                                                                                    "Actual Loops": 1,
                                                                                    "Sort Key": [
                                                                                      "k.id"
                                                                                    ],
                                                                                    "Sort Method": "quicksort",
                                                                                    "Sort Space Used": 25,
                                                                                    "Sort Space Type": "Memory",
                                                                                    "Plans": [
                                                                                      {
                                                                                        "Node Type": "Seq Scan",
                                                                                        "Parent Relationship": "Outer",
                                                                                        "Parallel Aware": false,
                                                                                        "Relation Name": "keyword",
                                                                                        "Alias": "k",
                                                                                        "Startup Cost": 0.0,
                                                                                        "Total Cost": 2626.12,
                                                                                        "Plan Rows": 1,
                                                                                        "Plan Width": 4,
                                                                                        "Actual Startup Time": 0.769,
                                                                                        "Actual Total Time": 12.216,
                                                                                        "Actual Rows": 1,
                                                                                        "Actual Loops": 1,
                                                                                        "Filter": "(keyword = 'sequel'::text)",
                                                                                        "Rows Removed by Filter": 134169
                                                                                      }
                                                                                    ]
                                                                                  },
                                                                                  {
                                                                                    "Node Type": "Sort",
                                                                                    "Parent Relationship": "Inner",
                                                                                    "Parallel Aware": false,
                                                                                    "Startup Cost": 719553.63,
                                                                                    "Total Cost": 728066.02,
                                                                                    "Plan Rows": 3404957,
                                                                                    "Plan Width": 29,
                                                                                    "Actual Startup Time": 4002.845,
                                                                                    "Actual Total Time": 4096.475,
                                                                                    "Actual Rows": 468600,
                                                                                    "Actual Loops": 1,
                                                                                    "Sort Key": [
                                                                                      "mk.keyword_id"
                                                                                    ],
                                                                                    "Sort Method": "quicksort",
                                                                                    "Sort Space Used": 398989,
                                                                                    "Sort Space Type": "Memory",
                                                                                    "Plans": [
                                                                                      {
                                                                                        "Node Type": "Merge Join",
                                                                                        "Parent Relationship": "Outer",
                                                                                        "Parallel Aware": false,
                                                                                        "Join Type": "Inner",
                                                                                        "Startup Cost": 15.3,
                                                                                        "Total Cost": 350129.33,
                                                                                        "Plan Rows": 3404957,
                                                                                        "Plan Width": 29,
                                                                                        "Actual Startup Time": 0.054,
                                                                                        "Actual Total Time": 2944.867,
                                                                                        "Actual Rows": 3682142,
                                                                                        "Actual Loops": 1,
                                                                                        "Inner Unique": true,
                                                                                        "Merge Cond": "(mk.movie_id = t.id)",
                                                                                        "Plans": [
                                                                                          {
                                                                                            "Node Type": "Index Scan",
                                                                                            "Parent Relationship": "Outer",
                                                                                            "Parallel Aware": false,
                                                                                            "Scan Direction": "Forward",
                                                                                            "Index Name": "movie_id_movie_keyword",
                                                                                            "Relation Name": "movie_keyword",
                                                                                            "Alias": "mk",
                                                                                            "Startup Cost": 0.43,
                                                                                            "Total Cost": 177148.48,
                                                                                            "Plan Rows": 4523930,
                                                                                            "Plan Width": 8,
                                                                                            "Actual Startup Time": 0.018,
                                                                                            "Actual Total Time": 658.346,
                                                                                            "Actual Rows": 4523930,
                                                                                            "Actual Loops": 1
                                                                                          },
                                                                                          {
                                                                                            "Node Type": "Index Scan",
                                                                                            "Parent Relationship": "Inner",
                                                                                            "Parallel Aware": false,
                                                                                            "Scan Direction": "Forward",
                                                                                            "Index Name": "title_pkey",
                                                                                            "Relation Name": "title",
                                                                                            "Alias": "t",
                                                                                            "Startup Cost": 0.43,
                                                                                            "Total Cost": 123001.61,
                                                                                            "Plan Rows": 1903094,
                                                                                            "Plan Width": 21,
                                                                                            "Actual Startup Time": 0.016,
                                                                                            "Actual Total Time": 1629.385,
                                                                                            "Actual Rows": 1899448,
                                                                                            "Actual Loops": 1,
                                                                                            "Filter": "((production_year >= 1950) AND (production_year <= 2010))",
                                                                                            "Rows Removed by Filter": 626523
                                                                                          }
                                                                                        ]
                                                                                      }
                                                                                    ]
                                                                                  }
                                                                                ]
                                                                              }
                                                                            ]
                                                                          }
                                                                        ]
                                                                      }
                                                                    ]
                                                                  }
                                                                ]
                                                              }
                                                            ]
                                                          }
                                                        ]
                                                      }
                                                    ]
                                                  }
                                                ]
                                              }
                                            ]
                                          }
                                        ]
                                      }
                                    ]
                                  }
                                ]
                              }
                            ]
                          }
                        ]
                      }
                    ]
                  }
                ]
              }
            ]
          },
          {
            "Node Type": "Sort",
            "Parent Relationship": "Inner",
            "Parallel Aware": false,
            "Startup Cost": 1.24,
            "Total Cost": 1.24,
            "Plan Rows": 1,
            "Plan Width": 16,
            "Actual Startup Time": 0.027,
            "Actual Total Time": 0.027,
            "Actual Rows": 2,
            "Actual Loops": 1,
            "Sort Key": [
              "lt.id"
            ],
            "Sort Method": "quicksort",
            "Sort Space Used": 25,
            "Sort Space Type": "Memory",
            "Plans": [
              {
                "Node Type": "Seq Scan",
                "Parent Relationship": "Outer",
                "Parallel Aware": false,
                "Relation Name": "link_type",
                "Alias": "lt",
                "Startup Cost": 0.0,
                "Total Cost": 1.23,
                "Plan Rows": 1,
                "Plan Width": 16,
                "Actual Startup Time": 0.012,
                "Actual Total Time": 0.015,
                "Actual Rows": 2,
                "Actual Loops": 1,
                "Filter": "((link)::text ~~ '%follow%'::text)",
                "Rows Removed by Filter": 16
              }
            ]
          }
        ]
      }
    ]
  },
  "Planning Time": 76.532,
  "Triggers": [],
  "Execution Time": 4421.15
}