{
  "Plan": {
    "Node Type": "Aggregate",
    "Strategy": "Plain",
    "Partial Mode": "Finalize",
    "Parallel Aware": false,
    "Startup Cost": 1128145.26,
    "Total Cost": 1128145.27,
    "Plan Rows": 1,
    "Plan Width": 8,
    "Actual Startup Time": 10884.932,
    "Actual Total Time": 10957.946,
    "Actual Rows": 1,
    "Actual Loops": 1,
    "Plans": [
      {
        "Node Type": "Gather",
        "Parent Relationship": "Outer",
        "Parallel Aware": false,
        "Startup Cost": 1128145.15,
        "Total Cost": 1128145.26,
        "Plan Rows": 1,
        "Plan Width": 8,
        "Actual Startup Time": 10883.322,
        "Actual Total Time": 10957.938,
        "Actual Rows": 2,
        "Actual Loops": 1,
        "Workers Planned": 1,
        "Workers Launched": 1,
        "Single Copy": false,
        "Plans": [
          {
            "Node Type": "Aggregate",
            "Strategy": "Plain",
            "Partial Mode": "Partial",
            "Parent Relationship": "Outer",
            "Parallel Aware": false,
            "Startup Cost": 1127145.15,
            "Total Cost": 1127145.16,
            "Plan Rows": 1,
            "Plan Width": 8,
            "Actual Startup Time": 10870.498,
            "Actual Total Time": 10870.502,
            "Actual Rows": 1,
            "Actual Loops": 2,
            "Plans": [
              {
                "Node Type": "Nested Loop",
                "Parent Relationship": "Outer",
                "Parallel Aware": false,
                "Join Type": "Inner",
                "Startup Cost": 89624.17,
                "Total Cost": 1120913.12,
                "Plan Rows": 2492811,
                "Plan Width": 0,
                "Actual Startup Time": 608.049,
                "Actual Total Time": 10468.423,
                "Actual Rows": 8880676,
                "Actual Loops": 2,
                "Inner Unique": false,
                "Plans": [
                  {
                    "Node Type": "Hash Join",
                    "Parent Relationship": "Outer",
                    "Parallel Aware": true,
                    "Join Type": "Inner",
                    "Startup Cost": 89623.6,
                    "Total Cost": 121461.78,
                    "Plan Rows": 457752,
                    "Plan Width": 8,
                    "Actual Startup Time": 607.963,
                    "Actual Total Time": 882.195,
                    "Actual Rows": 410116,
                    "Actual Loops": 2,
                    "Inner Unique": true,
                    "Hash Cond": "(mk.movie_id = t.id)",
                    "Plans": [
                      {
                        "Node Type": "Bitmap Heap Scan",
                        "Parent Relationship": "Outer",
                        "Parallel Aware": true,
                        "Relation Name": "movie_keyword",
                        "Alias": "mk",
                        "Startup Cost": 17604.6,
                        "Total Cost": 48161.22,
                        "Plan Rows": 488210,
                        "Plan Width": 4,
                        "Actual Startup Time": 54.438,
                        "Actual Total Time": 146.079,
                        "Actual Rows": 420114,
                        "Actual Loops": 2,
                        "Recheck Cond": "(keyword_id < 804)",
                        "Rows Removed by Index Recheck": 0,
                        "Exact Heap Blocks": 12271,
                        "Lossy Heap Blocks": 0,
                        "Plans": [
                          {
                            "Node Type": "Bitmap Index Scan",
                            "Parent Relationship": "Outer",
                            "Parallel Aware": false,
                            "Index Name": "keyword_id_movie_keyword",
                            "Startup Cost": 0.0,
                            "Total Cost": 17397.11,
                            "Plan Rows": 829957,
                            "Plan Width": 0,
                            "Actual Startup Time": 50.783,
                            "Actual Total Time": 50.784,
                            "Actual Rows": 840227,
                            "Actual Loops": 1,
                            "Index Cond": "(keyword_id < 804)"
                          }
                        ]
                      },
                      {
                        "Node Type": "Hash",
                        "Parent Relationship": "Inner",
                        "Parallel Aware": true,
                        "Startup Cost": 54588.39,
                        "Total Cost": 54588.39,
                        "Plan Rows": 1394449,
                        "Plan Width": 4,
                        "Actual Startup Time": 531.871,
                        "Actual Total Time": 531.872,
                        "Actual Rows": 1183473,
                        "Actual Loops": 2,
                        "Hash Buckets": 4194304,
                        "Original Hash Buckets": 4194304,
                        "Hash Batches": 1,
                        "Original Hash Batches": 1,
                        "Peak Memory Usage": 125408,
                        "Plans": [
                          {
                            "Node Type": "Seq Scan",
                            "Parent Relationship": "Outer",
                            "Parallel Aware": true,
                            "Relation Name": "title",
                            "Alias": "t",
                            "Startup Cost": 0.0,
                            "Total Cost": 54588.39,
                            "Plan Rows": 1394449,
                            "Plan Width": 4,
                            "Actual Startup Time": 0.029,
                            "Actual Total Time": 180.671,
                            "Actual Rows": 1183473,
                            "Actual Loops": 2,
                            "Filter": "(production_year > 1920)",
                            "Rows Removed by Filter": 80683
                          }
                        ]
                      }
                    ]
                  },
                  {
                    "Node Type": "Index Scan",
                    "Parent Relationship": "Inner",
                    "Parallel Aware": false,
                    "Scan Direction": "Forward",
                    "Index Name": "movie_id_cast_info",
                    "Relation Name": "cast_info",
                    "Alias": "ci",
                    "Startup Cost": 0.56,
                    "Total Cost": 2.04,
                    "Plan Rows": 14,
                    "Plan Width": 4,
                    "Actual Startup Time": 0.01,
                    "Actual Total Time": 0.022,
                    "Actual Rows": 22,
                    "Actual Loops": 820233,
                    "Index Cond": "(movie_id = t.id)",
                    "Rows Removed by Index Recheck": 0,
                    "Filter": "((person_id > 1496651) AND (role_id > 1))",
                    "Rows Removed by Filter": 20
                  }
                ]
              }
            ]
          }
        ]
      }
    ]
  },
  "Planning Time": 1.066,
  "Triggers": [],
  "Execution Time": 10958.076
}