[
  {
    "Plan": {
      "Node Type": "Aggregate",
      "Strategy": "Plain",
      "Partial Mode": "Finalize",
      "Parallel Aware": false,
      "Startup Cost": 56818.08,
      "Total Cost": 56818.09,
      "Plan Rows": 1,
      "Plan Width": 8,
      "Actual Startup Time": 91.498,
      "Actual Total Time": 103.21,
      "Actual Rows": 1,
      "Actual Loops": 1,
      "Plans": [
        {
          "Node Type": "Gather",
          "Parent Relationship": "Outer",
          "Parallel Aware": false,
          "Startup Cost": 56817.66,
          "Total Cost": 56818.07,
          "Plan Rows": 4,
          "Plan Width": 8,
          "Actual Startup Time": 91.286,
          "Actual Total Time": 103.2,
          "Actual Rows": 5,
          "Actual Loops": 1,
          "Workers Planned": 4,
          "Workers Launched": 4,
          "Single Copy": false,
          "Plans": [
            {
              "Node Type": "Aggregate",
              "Strategy": "Plain",
              "Partial Mode": "Partial",
              "Parent Relationship": "Outer",
              "Parallel Aware": false,
              "Startup Cost": 55817.66,
              "Total Cost": 55817.67,
              "Plan Rows": 1,
              "Plan Width": 8,
              "Actual Startup Time": 83.299,
              "Actual Total Time": 83.303,
              "Actual Rows": 1,
              "Actual Loops": 5,
              "Plans": [
                {
                  "Node Type": "Nested Loop",
                  "Parent Relationship": "Outer",
                  "Parallel Aware": false,
                  "Join Type": "Inner",
                  "Startup Cost": 0.99,
                  "Total Cost": 55814.37,
                  "Plan Rows": 1318,
                  "Plan Width": 0,
                  "Actual Startup Time": 56.975,
                  "Actual Total Time": 83.292,
                  "Actual Rows": 8,
                  "Actual Loops": 5,
                  "Inner Unique": false,
                  "Join Filter": "(t.id = ci.movie_id)",
                  "Rows Removed by Join Filter": 0,
                  "Plans": [
                    {
                      "Node Type": "Nested Loop",
                      "Parent Relationship": "Outer",
                      "Parallel Aware": false,
                      "Join Type": "Inner",
                      "Startup Cost": 0.43,
                      "Total Cost": 54704.47,
                      "Plan Rows": 551,
                      "Plan Width": 8,
                      "Actual Startup Time": 56.889,
                      "Actual Total Time": 82.977,
                      "Actual Rows": 2,
                      "Actual Loops": 5,
                      "Inner Unique": false,
                      "Plans": [
                        {
                          "Node Type": "Seq Scan",
                          "Parent Relationship": "Outer",
                          "Parallel Aware": true,
                          "Relation Name": "title",
                          "Alias": "t",
                          "Startup Cost": 0.0,
                          "Total Cost": 45479.59,
                          "Plan Rows": 534,
                          "Plan Width": 4,
                          "Actual Startup Time": 2.892,
                          "Actual Total Time": 82.381,
                          "Actual Rows": 27,
                          "Actual Loops": 5,
                          "Filter": "((production_year > 2013) AND (kind_id = 7))",
                          "Rows Removed by Filter": 505635
                        },
                        {
                          "Node Type": "Index Only Scan",
                          "Parent Relationship": "Inner",
                          "Parallel Aware": false,
                          "Scan Direction": "Forward",
                          "Index Name": "movie_id_movie_companies",
                          "Relation Name": "movie_companies",
                          "Alias": "mc",
                          "Startup Cost": 0.43,
                          "Total Cost": 17.23,
                          "Plan Rows": 5,
                          "Plan Width": 4,
                          "Actual Startup Time": 0.02,
                          "Actual Total Time": 0.02,
                          "Actual Rows": 0,
                          "Actual Loops": 137,
                          "Index Cond": "(movie_id = t.id)",
                          "Rows Removed by Index Recheck": 0,
                          "Heap Fetches": 10
                        }
                      ]
                    },
                    {
                      "Node Type": "Index Scan",
                      "Parent Relationship": "Inner",
                      "Parallel Aware": false,
                      "Scan Direction": "Forward",
                      "Index Name": "movie_id_cast_info",
                      "Relation Name": "cast_info",
                      "Alias": "ci",
                      "Startup Cost": 0.56,
                      "Total Cost": 1.94,
                      "Plan Rows": 6,
                      "Plan Width": 4,
                      "Actual Startup Time": 0.049,
                      "Actual Total Time": 0.154,
                      "Actual Rows": 4,
                      "Actual Loops": 10,
                      "Index Cond": "(movie_id = mc.movie_id)",
                      "Rows Removed by Index Recheck": 0,
                      "Filter": "((person_id < 1721657) AND (role_id = 1))",
                      "Rows Removed by Filter": 16
                    }
                  ]
                }
              ]
            }
          ]
        }
      ]
    },
    "Planning Time": 1.1,
    "Triggers": [],
    "Execution Time": 103.28
  }
]