[
  {
    "Plan": {
      "Node Type": "Aggregate",
      "Strategy": "Plain",
      "Partial Mode": "Finalize",
      "Parallel Aware": false,
      "Startup Cost": 234367.76,
      "Total Cost": 234367.77,
      "Plan Rows": 1,
      "Plan Width": 8,
      "Actual Startup Time": 186.206,
      "Actual Total Time": 219.458,
      "Actual Rows": 1,
      "Actual Loops": 1,
      "Plans": [
        {
          "Node Type": "Gather",
          "Parent Relationship": "Outer",
          "Parallel Aware": false,
          "Startup Cost": 234367.34,
          "Total Cost": 234367.75,
          "Plan Rows": 4,
          "Plan Width": 8,
          "Actual Startup Time": 185.994,
          "Actual Total Time": 219.445,
          "Actual Rows": 5,
          "Actual Loops": 1,
          "Workers Planned": 4,
          "Workers Launched": 4,
          "Single Copy": false,
          "Plans": [
            {
              "Node Type": "Aggregate",
              "Strategy": "Plain",
              "Partial Mode": "Partial",
              "Parent Relationship": "Outer",
              "Parallel Aware": false,
              "Startup Cost": 233367.34,
              "Total Cost": 233367.35,
              "Plan Rows": 1,
              "Plan Width": 8,
              "Actual Startup Time": 176.054,
              "Actual Total Time": 176.057,
              "Actual Rows": 1,
              "Actual Loops": 5,
              "Plans": [
                {
                  "Node Type": "Nested Loop",
                  "Parent Relationship": "Outer",
                  "Parallel Aware": false,
                  "Join Type": "Inner",
                  "Startup Cost": 0.56,
                  "Total Cost": 233357.79,
                  "Plan Rows": 3821,
                  "Plan Width": 0,
                  "Actual Startup Time": 1.343,
                  "Actual Total Time": 175.578,
                  "Actual Rows": 4074,
                  "Actual Loops": 5,
                  "Inner Unique": false,
                  "Plans": [
                    {
                      "Node Type": "Seq Scan",
                      "Parent Relationship": "Outer",
                      "Parallel Aware": true,
                      "Relation Name": "title",
                      "Alias": "t",
                      "Startup Cost": 0.0,
                      "Total Cost": 43899.32,
                      "Plan Rows": 1980,
                      "Plan Width": 4,
                      "Actual Startup Time": 0.421,
                      "Actual Total Time": 73.919,
                      "Actual Rows": 1898,
                      "Actual Loops": 5,
                      "Filter": "(production_year = 1957)",
                      "Rows Removed by Filter": 503764
                    },
                    {
                      "Node Type": "Index Scan",
                      "Parent Relationship": "Inner",
                      "Parallel Aware": false,
                      "Scan Direction": "Forward",
                      "Index Name": "movie_id_cast_info",
                      "Relation Name": "cast_info",
                      "Alias": "ci",
                      "Startup Cost": 0.56,
                      "Total Cost": 95.64,
                      "Plan Rows": 5,
                      "Plan Width": 4,
                      "Actual Startup Time": 0.034,
                      "Actual Total Time": 0.053,
                      "Actual Rows": 2,
                      "Actual Loops": 9491,
                      "Index Cond": "(movie_id = t.id)",
                      "Rows Removed by Index Recheck": 0,
                      "Filter": "((person_id > 1267042) AND (role_id = 2))",
                      "Rows Removed by Filter": 10
                    }
                  ]
                }
              ]
            }
          ]
        }
      ]
    },
    "Planning Time": 0.732,
    "Triggers": [],
    "Execution Time": 219.569
  }
]