[
  {
    "Plan": {
      "Node Type": "Aggregate",
      "Strategy": "Plain",
      "Partial Mode": "Finalize",
      "Parallel Aware": false,
      "Startup Cost": 346098.9,
      "Total Cost": 346098.91,
      "Plan Rows": 1,
      "Plan Width": 8,
      "Actual Startup Time": 515.407,
      "Actual Total Time": 549.189,
      "Actual Rows": 1,
      "Actual Loops": 1,
      "Plans": [
        {
          "Node Type": "Gather",
          "Parent Relationship": "Outer",
          "Parallel Aware": false,
          "Startup Cost": 346098.28,
          "Total Cost": 346098.89,
          "Plan Rows": 6,
          "Plan Width": 8,
          "Actual Startup Time": 515.298,
          "Actual Total Time": 549.176,
          "Actual Rows": 7,
          "Actual Loops": 1,
          "Workers Planned": 6,
          "Workers Launched": 6,
          "Single Copy": false,
          "Plans": [
            {
              "Node Type": "Aggregate",
              "Strategy": "Plain",
              "Partial Mode": "Partial",
              "Parent Relationship": "Outer",
              "Parallel Aware": false,
              "Startup Cost": 345098.28,
              "Total Cost": 345098.29,
              "Plan Rows": 1,
              "Plan Width": 8,
              "Actual Startup Time": 506.516,
              "Actual Total Time": 506.517,
              "Actual Rows": 1,
              "Actual Loops": 7,
              "Plans": [
                {
                  "Node Type": "Index Scan",
                  "Parent Relationship": "Outer",
                  "Parallel Aware": true,
                  "Scan Direction": "Forward",
                  "Index Name": "role_id_cast_info",
                  "Relation Name": "cast_info",
                  "Alias": "ci",
                  "Startup Cost": 0.56,
                  "Total Cost": 341155.22,
                  "Plan Rows": 1577223,
                  "Plan Width": 0,
                  "Actual Startup Time": 0.119,
                  "Actual Total Time": 414.087,
                  "Actual Rows": 1810098,
                  "Actual Loops": 7,
                  "Index Cond": "(role_id = 1)",
                  "Rows Removed by Index Recheck": 0,
                  "Filter": "(person_id < 2785704)",
                  "Rows Removed by Filter": 0
                }
              ]
            }
          ]
        }
      ]
    },
    "Planning Time": 0.119,
    "Triggers": [],
    "Execution Time": 549.234
  }
]