[
  {
    "Plan": {
      "Node Type": "Aggregate",
      "Strategy": "Plain",
      "Partial Mode": "Finalize",
      "Parallel Aware": false,
      "Startup Cost": 252063.58,
      "Total Cost": 252063.59,
      "Plan Rows": 1,
      "Plan Width": 8,
      "Actual Startup Time": 215.799,
      "Actual Total Time": 259.405,
      "Actual Rows": 1,
      "Actual Loops": 1,
      "Plans": [
        {
          "Node Type": "Gather",
          "Parent Relationship": "Outer",
          "Parallel Aware": false,
          "Startup Cost": 252063.16,
          "Total Cost": 252063.57,
          "Plan Rows": 4,
          "Plan Width": 8,
          "Actual Startup Time": 215.599,
          "Actual Total Time": 259.391,
          "Actual Rows": 5,
          "Actual Loops": 1,
          "Workers Planned": 4,
          "Workers Launched": 4,
          "Single Copy": false,
          "Plans": [
            {
              "Node Type": "Aggregate",
              "Strategy": "Plain",
              "Partial Mode": "Partial",
              "Parent Relationship": "Outer",
              "Parallel Aware": false,
              "Startup Cost": 251063.16,
              "Total Cost": 251063.17,
              "Plan Rows": 1,
              "Plan Width": 8,
              "Actual Startup Time": 210.183,
              "Actual Total Time": 210.185,
              "Actual Rows": 1,
              "Actual Loops": 5,
              "Plans": [
                {
                  "Node Type": "Nested Loop",
                  "Parent Relationship": "Outer",
                  "Parallel Aware": false,
                  "Join Type": "Inner",
                  "Startup Cost": 0.56,
                  "Total Cost": 251048.32,
                  "Plan Rows": 5936,
                  "Plan Width": 0,
                  "Actual Startup Time": 1.002,
                  "Actual Total Time": 209.341,
                  "Actual Rows": 7927,
                  "Actual Loops": 5,
                  "Inner Unique": false,
                  "Plans": [
                    {
                      "Node Type": "Seq Scan",
                      "Parent Relationship": "Outer",
                      "Parallel Aware": true,
                      "Relation Name": "title",
                      "Alias": "t",
                      "Startup Cost": 0.0,
                      "Total Cost": 45479.59,
                      "Plan Rows": 2244,
                      "Plan Width": 4,
                      "Actual Startup Time": 0.126,
                      "Actual Total Time": 65.836,
                      "Actual Rows": 2039,
                      "Actual Loops": 5,
                      "Filter": "((kind_id < 7) AND (production_year = 1992))",
                      "Rows Removed by Filter": 503623
                    },
                    {
                      "Node Type": "Index Scan",
                      "Parent Relationship": "Inner",
                      "Parallel Aware": false,
                      "Scan Direction": "Forward",
                      "Index Name": "movie_id_cast_info",
                      "Relation Name": "cast_info",
                      "Alias": "ci",
                      "Startup Cost": 0.56,
                      "Total Cost": 91.55,
                      "Plan Rows": 6,
                      "Plan Width": 4,
                      "Actual Startup Time": 0.053,
                      "Actual Total Time": 0.069,
                      "Actual Rows": 4,
                      "Actual Loops": 10197,
                      "Index Cond": "(movie_id = t.id)",
                      "Rows Removed by Index Recheck": 0,
                      "Filter": "((person_id > 1623707) AND (role_id > 3))",
                      "Rows Removed by Filter": 12
                    }
                  ]
                }
              ]
            }
          ]
        }
      ]
    },
    "Planning Time": 0.413,
    "Triggers": [],
    "Execution Time": 259.484
  }
]