[
  {
    "Plan": {
      "Node Type": "Aggregate",
      "Strategy": "Plain",
      "Partial Mode": "Finalize",
      "Parallel Aware": false,
      "Startup Cost": 281087.02,
      "Total Cost": 281087.03,
      "Plan Rows": 1,
      "Plan Width": 8,
      "Actual Startup Time": 220.669,
      "Actual Total Time": 259.735,
      "Actual Rows": 1,
      "Actual Loops": 1,
      "Plans": [
        {
          "Node Type": "Gather",
          "Parent Relationship": "Outer",
          "Parallel Aware": false,
          "Startup Cost": 281086.6,
          "Total Cost": 281087.01,
          "Plan Rows": 4,
          "Plan Width": 8,
          "Actual Startup Time": 220.405,
          "Actual Total Time": 259.726,
          "Actual Rows": 5,
          "Actual Loops": 1,
          "Workers Planned": 4,
          "Workers Launched": 4,
          "Single Copy": false,
          "Plans": [
            {
              "Node Type": "Aggregate",
              "Strategy": "Plain",
              "Partial Mode": "Partial",
              "Parent Relationship": "Outer",
              "Parallel Aware": false,
              "Startup Cost": 280086.6,
              "Total Cost": 280086.61,
              "Plan Rows": 1,
              "Plan Width": 8,
              "Actual Startup Time": 208.675,
              "Actual Total Time": 208.676,
              "Actual Rows": 1,
              "Actual Loops": 5,
              "Plans": [
                {
                  "Node Type": "Nested Loop",
                  "Parent Relationship": "Outer",
                  "Parallel Aware": false,
                  "Join Type": "Inner",
                  "Startup Cost": 0.56,
                  "Total Cost": 280068.93,
                  "Plan Rows": 7066,
                  "Plan Width": 0,
                  "Actual Startup Time": 2.65,
                  "Actual Total Time": 207.892,
                  "Actual Rows": 7927,
                  "Actual Loops": 5,
                  "Inner Unique": false,
                  "Plans": [
                    {
                      "Node Type": "Seq Scan",
                      "Parent Relationship": "Outer",
                      "Parallel Aware": true,
                      "Relation Name": "title",
                      "Alias": "t",
                      "Startup Cost": 0.0,
                      "Total Cost": 45479.1,
                      "Plan Rows": 2644,
                      "Plan Width": 4,
                      "Actual Startup Time": 0.79,
                      "Actual Total Time": 69.512,
                      "Actual Rows": 2039,
                      "Actual Loops": 5,
                      "Filter": "((kind_id < 7) AND (production_year = 1992))",
                      "Rows Removed by Filter": 503623
                    },
                    {
                      "Node Type": "Index Scan",
                      "Parent Relationship": "Inner",
                      "Parallel Aware": false,
                      "Scan Direction": "Forward",
                      "Index Name": "movie_id_cast_info",
                      "Relation Name": "cast_info",
                      "Alias": "ci",
                      "Startup Cost": 0.56,
                      "Total Cost": 88.66,
                      "Plan Rows": 7,
                      "Plan Width": 4,
                      "Actual Startup Time": 0.052,
                      "Actual Total Time": 0.067,
                      "Actual Rows": 4,
                      "Actual Loops": 10197,
                      "Index Cond": "(movie_id = t.id)",
                      "Rows Removed by Index Recheck": 0,
                      "Filter": "((person_id > 1623707) AND (role_id > 3))",
                      "Rows Removed by Filter": 12
                    }
                  ]
                }
              ]
            }
          ]
        }
      ]
    },
    "Planning Time": 0.66,
    "Triggers": [],
    "Execution Time": 259.818
  }
]