[
  {
    "Plan": {
      "Node Type": "Aggregate",
      "Strategy": "Plain",
      "Partial Mode": "Finalize",
      "Parallel Aware": false,
      "Startup Cost": 347791.07,
      "Total Cost": 347791.08,
      "Plan Rows": 1,
      "Plan Width": 8,
      "Actual Startup Time": 657.454,
      "Actual Total Time": 713.863,
      "Actual Rows": 1,
      "Actual Loops": 1,
      "Plans": [
        {
          "Node Type": "Gather",
          "Parent Relationship": "Outer",
          "Parallel Aware": false,
          "Startup Cost": 347790.44,
          "Total Cost": 347791.05,
          "Plan Rows": 6,
          "Plan Width": 8,
          "Actual Startup Time": 657.336,
          "Actual Total Time": 713.854,
          "Actual Rows": 7,
          "Actual Loops": 1,
          "Workers Planned": 6,
          "Workers Launched": 6,
          "Single Copy": false,
          "Plans": [
            {
              "Node Type": "Aggregate",
              "Strategy": "Plain",
              "Partial Mode": "Partial",
              "Parent Relationship": "Outer",
              "Parallel Aware": false,
              "Startup Cost": 346790.44,
              "Total Cost": 346790.45,
              "Plan Rows": 1,
              "Plan Width": 8,
              "Actual Startup Time": 649.108,
              "Actual Total Time": 649.109,
              "Actual Rows": 1,
              "Actual Loops": 7,
              "Plans": [
                {
                  "Node Type": "Seq Scan",
                  "Parent Relationship": "Outer",
                  "Parallel Aware": true,
                  "Relation Name": "cast_info",
                  "Alias": "ci",
                  "Startup Cost": 0.0,
                  "Total Cost": 343257.03,
                  "Plan Rows": 1413366,
                  "Plan Width": 0,
                  "Actual Startup Time": 322.536,
                  "Actual Total Time": 616.56,
                  "Actual Rows": 745951,
                  "Actual Loops": 7,
                  "Filter": "((person_id > 2640180) AND (role_id < 7))",
                  "Rows Removed by Filter": 4431812
                }
              ]
            }
          ]
        }
      ]
    },
    "Planning Time": 0.223,
    "Triggers": [],
    "Execution Time": 713.939
  }
]