[
  {
    "Plan": {
      "Node Type": "Aggregate",
      "Strategy": "Plain",
      "Partial Mode": "Finalize",
      "Parallel Aware": false,
      "Startup Cost": 395707.37,
      "Total Cost": 395707.38,
      "Plan Rows": 1,
      "Plan Width": 8,
      "Actual Startup Time": 2168.437,
      "Actual Total Time": 2220.825,
      "Actual Rows": 1,
      "Actual Loops": 1,
      "Plans": [
        {
          "Node Type": "Gather",
          "Parent Relationship": "Outer",
          "Parallel Aware": false,
          "Startup Cost": 395706.74,
          "Total Cost": 395707.35,
          "Plan Rows": 6,
          "Plan Width": 8,
          "Actual Startup Time": 2161.6,
          "Actual Total Time": 2220.816,
          "Actual Rows": 7,
          "Actual Loops": 1,
          "Workers Planned": 6,
          "Workers Launched": 6,
          "Single Copy": false,
          "Plans": [
            {
              "Node Type": "Aggregate",
              "Strategy": "Plain",
              "Partial Mode": "Partial",
              "Parent Relationship": "Outer",
              "Parallel Aware": false,
              "Startup Cost": 394706.74,
              "Total Cost": 394706.75,
              "Plan Rows": 1,
              "Plan Width": 8,
              "Actual Startup Time": 2150.886,
              "Actual Total Time": 2150.89,
              "Actual Rows": 1,
              "Actual Loops": 7,
              "Plans": [
                {
                  "Node Type": "Hash Join",
                  "Parent Relationship": "Outer",
                  "Parallel Aware": true,
                  "Join Type": "Inner",
                  "Startup Cost": 48542.12,
                  "Total Cost": 389866.29,
                  "Plan Rows": 1936180,
                  "Plan Width": 0,
                  "Actual Startup Time": 270.229,
                  "Actual Total Time": 2060.014,
                  "Actual Rows": 1890714,
                  "Actual Loops": 7,
                  "Inner Unique": true,
                  "Hash Cond": "(ci.movie_id = t.id)",
                  "Plans": [
                    {
                      "Node Type": "Seq Scan",
                      "Parent Relationship": "Outer",
                      "Parallel Aware": true,
                      "Relation Name": "cast_info",
                      "Alias": "ci",
                      "Startup Cost": 0.0,
                      "Total Cost": 328211.39,
                      "Plan Rows": 4995335,
                      "Plan Width": 4,
                      "Actual Startup Time": 74.801,
                      "Actual Total Time": 657.852,
                      "Actual Rows": 4259409,
                      "Actual Loops": 7,
                      "Filter": "(person_id > 620649)",
                      "Rows Removed by Filter": 918354
                    },
                    {
                      "Node Type": "Hash",
                      "Parent Relationship": "Inner",
                      "Parallel Aware": true,
                      "Startup Cost": 45479.59,
                      "Total Cost": 45479.59,
                      "Plan Rows": 245003,
                      "Plan Width": 4,
                      "Actual Startup Time": 192.623,
                      "Actual Total Time": 192.624,
                      "Actual Rows": 151084,
                      "Actual Loops": 7,
                      "Hash Buckets": 2097152,
                      "Original Hash Buckets": 1048576,
                      "Hash Batches": 1,
                      "Original Hash Batches": 1,
                      "Peak Memory Usage": 66016,
                      "Plans": [
                        {
                          "Node Type": "Seq Scan",
                          "Parent Relationship": "Outer",
                          "Parallel Aware": true,
                          "Relation Name": "title",
                          "Alias": "t",
                          "Startup Cost": 0.0,
                          "Total Cost": 45479.59,
                          "Plan Rows": 245003,
                          "Plan Width": 4,
                          "Actual Startup Time": 0.047,
                          "Actual Total Time": 86.615,
                          "Actual Rows": 151084,
                          "Actual Loops": 7,
                          "Filter": "((kind_id > 1) AND (production_year > 2001))",
                          "Rows Removed by Filter": 210103
                        }
                      ]
                    }
                  ]
                }
              ]
            }
          ]
        }
      ]
    },
    "Planning Time": 0.389,
    "Triggers": [],
    "Execution Time": 2220.888
  }
]