{
  "Plan": {
    "Node Type": "Aggregate",
    "Strategy": "Plain",
    "Partial Mode": "Finalize",
    "Parallel Aware": false,
    "Startup Cost": 30759.66,
    "Total Cost": 30759.67,
    "Plan Rows": 1,
    "Plan Width": 8,
    "Actual Startup Time": 36.058,
    "Actual Total Time": 40.434,
    "Actual Rows": 1,
    "Actual Loops": 1,
    "Plans": [
      {
        "Node Type": "Gather",
        "Parent Relationship": "Outer",
        "Parallel Aware": false,
        "Startup Cost": 30759.55,
        "Total Cost": 30759.66,
        "Plan Rows": 1,
        "Plan Width": 8,
        "Actual Startup Time": 35.813,
        "Actual Total Time": 40.427,
        "Actual Rows": 2,
        "Actual Loops": 1,
        "Workers Planned": 1,
        "Workers Launched": 1,
        "Single Copy": false,
        "Plans": [
          {
            "Node Type": "Aggregate",
            "Strategy": "Plain",
            "Partial Mode": "Partial",
            "Parent Relationship": "Outer",
            "Parallel Aware": false,
            "Startup Cost": 29759.55,
            "Total Cost": 29759.56,
            "Plan Rows": 1,
            "Plan Width": 8,
            "Actual Startup Time": 29.676,
            "Actual Total Time": 29.678,
            "Actual Rows": 1,
            "Actual Loops": 2,
            "Plans": [
              {
                "Node Type": "Nested Loop",
                "Parent Relationship": "Outer",
                "Parallel Aware": false,
                "Join Type": "Inner",
                "Startup Cost": 93.78,
                "Total Cost": 29757.36,
                "Plan Rows": 876,
                "Plan Width": 0,
                "Actual Startup Time": 10.903,
                "Actual Total Time": 29.627,
                "Actual Rows": 391,
                "Actual Loops": 2,
                "Inner Unique": false,
                "Plans": [
                  {
                    "Node Type": "Nested Loop",
                    "Parent Relationship": "Outer",
                    "Parallel Aware": false,
                    "Join Type": "Inner",
                    "Startup Cost": 93.22,
                    "Total Cost": 28489.3,
                    "Plan Rows": 61,
                    "Plan Width": 8,
                    "Actual Startup Time": 10.773,
                    "Actual Total Time": 27.904,
                    "Actual Rows": 14,
                    "Actual Loops": 2,
                    "Inner Unique": true,
                    "Plans": [
                      {
                        "Node Type": "Bitmap Heap Scan",
                        "Parent Relationship": "Outer",
                        "Parallel Aware": true,
                        "Relation Name": "movie_companies",
                        "Alias": "mc",
                        "Startup Cost": 92.79,
                        "Total Cost": 10113.6,
                        "Plan Rows": 2456,
                        "Plan Width": 4,
                        "Actual Startup Time": 2.187,
                        "Actual Total Time": 7.338,
                        "Actual Rows": 1991,
                        "Actual Loops": 2,
                        "Recheck Cond": "(company_id = 312)",
                        "Rows Removed by Index Recheck": 0,
                        "Exact Heap Blocks": 1793,
                        "Lossy Heap Blocks": 0,
                        "Plans": [
                          {
                            "Node Type": "Bitmap Index Scan",
                            "Parent Relationship": "Outer",
                            "Parallel Aware": false,
                            "Index Name": "company_id_movie_companies",
                            "Startup Cost": 0.0,
                            "Total Cost": 91.74,
                            "Plan Rows": 4175,
                            "Plan Width": 0,
                            "Actual Startup Time": 3.223,
                            "Actual Total Time": 3.223,
                            "Actual Rows": 3982,
                            "Actual Loops": 1,
                            "Index Cond": "(company_id = 312)"
                          }
                        ]
                      },
                      {
                        "Node Type": "Index Scan",
                        "Parent Relationship": "Inner",
                        "Parallel Aware": false,
                        "Scan Direction": "Forward",
                        "Index Name": "title_pkey",
                        "Relation Name": "title",
                        "Alias": "t",
                        "Startup Cost": 0.43,
                        "Total Cost": 7.48,
                        "Plan Rows": 1,
                        "Plan Width": 4,
                        "Actual Startup Time": 0.01,
                        "Actual Total Time": 0.01,
                        "Actual Rows": 0,
                        "Actual Loops": 3982,
                        "Index Cond": "(id = mc.movie_id)",
                        "Rows Removed by Index Recheck": 0,
                        "Filter": "((kind_id < 7) AND (production_year = 2011))",
                        "Rows Removed by Filter": 1
                      }
                    ]
                  },
                  {
                    "Node Type": "Index Only Scan",
                    "Parent Relationship": "Inner",
                    "Parallel Aware": false,
                    "Scan Direction": "Forward",
                    "Index Name": "movie_id_cast_info",
                    "Relation Name": "cast_info",
                    "Alias": "ci",
                    "Startup Cost": 0.56,
                    "Total Cost": 20.42,
                    "Plan Rows": 37,
                    "Plan Width": 4,
                    "Actual Startup Time": 0.033,
                    "Actual Total Time": 0.122,
                    "Actual Rows": 29,
                    "Actual Loops": 27,
                    "Index Cond": "(movie_id = t.id)",
                    "Rows Removed by Index Recheck": 0,
                    "Heap Fetches": 782
                  }
                ]
              }
            ]
          }
        ]
      }
    ]
  },
  "Planning Time": 1.02,
  "Triggers": [],
  "Execution Time": 40.535
}