[
  {
    "Plan": {
      "Node Type": "Aggregate",
      "Strategy": "Plain",
      "Partial Mode": "Finalize",
      "Parallel Aware": false,
      "Startup Cost": 45821.24,
      "Total Cost": 45821.25,
      "Plan Rows": 1,
      "Plan Width": 8,
      "Actual Startup Time": 157.105,
      "Actual Total Time": 166.426,
      "Actual Rows": 1,
      "Actual Loops": 1,
      "Plans": [
        {
          "Node Type": "Gather",
          "Parent Relationship": "Outer",
          "Parallel Aware": false,
          "Startup Cost": 45820.92,
          "Total Cost": 45821.23,
          "Plan Rows": 3,
          "Plan Width": 8,
          "Actual Startup Time": 156.974,
          "Actual Total Time": 166.418,
          "Actual Rows": 4,
          "Actual Loops": 1,
          "Workers Planned": 3,
          "Workers Launched": 3,
          "Single Copy": false,
          "Plans": [
            {
              "Node Type": "Aggregate",
              "Strategy": "Plain",
              "Partial Mode": "Partial",
              "Parent Relationship": "Outer",
              "Parallel Aware": false,
              "Startup Cost": 44820.92,
              "Total Cost": 44820.93,
              "Plan Rows": 1,
              "Plan Width": 8,
              "Actual Startup Time": 148.597,
              "Actual Total Time": 148.598,
              "Actual Rows": 1,
              "Actual Loops": 4,
              "Plans": [
                {
                  "Node Type": "Seq Scan",
                  "Parent Relationship": "Outer",
                  "Parallel Aware": true,
                  "Relation Name": "movie_keyword",
                  "Alias": "mk",
                  "Startup Cost": 0.0,
                  "Total Cost": 42695.65,
                  "Plan Rows": 850108,
                  "Plan Width": 0,
                  "Actual Startup Time": 0.54,
                  "Actual Total Time": 118.896,
                  "Actual Rows": 657371,
                  "Actual Loops": 4,
                  "Filter": "(keyword_id > 3242)",
                  "Rows Removed by Filter": 473611
                }
              ]
            }
          ]
        }
      ]
    },
    "Planning Time": 0.162,
    "Triggers": [],
    "Execution Time": 166.478
  }
]