[
    {
        "Bao": {
            "Bao prediction": 462.556,
            "Bao recommended hint": "(no hint)"
        }
    },
    {
        "Plan": {
            "Node Type": "Aggregate",
            "Strategy": "Plain",
            "Partial Mode": "Finalize",
            "Parallel Aware": false,
            "Startup Cost": 33282.1,
            "Total Cost": 33282.11,
            "Plan Rows": 1,
            "Plan Width": 8,
            "Actual Startup Time": 107.621,
            "Actual Total Time": 111.926,
            "Actual Rows": 1,
            "Actual Loops": 1,
            "Output": [
                "count(*)"
            ],
            "Plans": [
                {
                    "Node Type": "Gather",
                    "Parent Relationship": "Outer",
                    "Parallel Aware": false,
                    "Startup Cost": 33281.78,
                    "Total Cost": 33282.09,
                    "Plan Rows": 3,
                    "Plan Width": 8,
                    "Actual Startup Time": 107.539,
                    "Actual Total Time": 111.918,
                    "Actual Rows": 4,
                    "Actual Loops": 1,
                    "Output": [
                        "(PARTIAL count(*))"
                    ],
                    "Workers Planned": 3,
                    "Workers Launched": 3,
                    "Single Copy": false,
                    "Plans": [
                        {
                            "Node Type": "Aggregate",
                            "Strategy": "Plain",
                            "Partial Mode": "Partial",
                            "Parent Relationship": "Outer",
                            "Parallel Aware": false,
                            "Startup Cost": 32281.78,
                            "Total Cost": 32281.79,
                            "Plan Rows": 1,
                            "Plan Width": 8,
                            "Actual Startup Time": 99.969,
                            "Actual Total Time": 99.97,
                            "Actual Rows": 1,
                            "Actual Loops": 4,
                            "Output": [
                                "PARTIAL count(*)"
                            ],
                            "Workers": [
                                {
                                    "Worker Number": 0,
                                    "Actual Startup Time": 97.463,
                                    "Actual Total Time": 97.464,
                                    "Actual Rows": 1,
                                    "Actual Loops": 1
                                },
                                {
                                    "Worker Number": 1,
                                    "Actual Startup Time": 97.717,
                                    "Actual Total Time": 97.718,
                                    "Actual Rows": 1,
                                    "Actual Loops": 1
                                },
                                {
                                    "Worker Number": 2,
                                    "Actual Startup Time": 97.747,
                                    "Actual Total Time": 97.748,
                                    "Actual Rows": 1,
                                    "Actual Loops": 1
                                }
                            ],
                            "Plans": [
                                {
                                    "Node Type": "Seq Scan",
                                    "Parent Relationship": "Outer",
                                    "Parallel Aware": true,
                                    "Relation Name": "movie_companies",
                                    "Schema": "public",
                                    "Alias": "mc",
                                    "Startup Cost": 0.0,
                                    "Total Cost": 31414.82,
                                    "Plan Rows": 346784,
                                    "Plan Width": 0,
                                    "Actual Startup Time": 48.869,
                                    "Actual Total Time": 86.412,
                                    "Actual Rows": 300724,
                                    "Actual Loops": 4,
                                    "Output": [
                                        "id",
                                        "movie_id",
                                        "company_id",
                                        "company_type_id",
                                        "note"
                                    ],
                                    "Filter": "((mc.company_id > 432) AND (mc.company_type_id = 2))",
                                    "Rows Removed by Filter": 351559,
                                    "Workers": [
                                        {
                                            "Worker Number": 0,
                                            "Actual Startup Time": 46.37,
                                            "Actual Total Time": 83.903,
                                            "Actual Rows": 314010,
                                            "Actual Loops": 1
                                        },
                                        {
                                            "Worker Number": 1,
                                            "Actual Startup Time": 46.61,
                                            "Actual Total Time": 84.249,
                                            "Actual Rows": 205797,
                                            "Actual Loops": 1
                                        },
                                        {
                                            "Worker Number": 2,
                                            "Actual Startup Time": 46.647,
                                            "Actual Total Time": 84.224,
                                            "Actual Rows": 312743,
                                            "Actual Loops": 1
                                        }
                                    ]
                                }
                            ]
                        }
                    ]
                }
            ]
        },
        "Planning Time": 415.376,
        "Triggers": [],
        "Execution Time": 112.009
    }
]