{
  "Plan": {
    "Node Type": "Aggregate",
    "Strategy": "Plain",
    "Partial Mode": "Simple",
    "Parallel Aware": false,
    "Startup Cost": 6434.75,
    "Total Cost": 6434.76,
    "Plan Rows": 1,
    "Plan Width": 96,
    "Actual Startup Time": 39.562,
    "Actual Total Time": 42.757,
    "Actual Rows": 1,
    "Actual Loops": 1,
    "Plans": [
      {
        "Node Type": "Gather",
        "Parent Relationship": "Outer",
        "Parallel Aware": false,
        "Startup Cost": 1006.56,
        "Total Cost": 6434.75,
        "Plan Rows": 1,
        "Plan Width": 48,
        "Actual Startup Time": 19.602,
        "Actual Total Time": 42.723,
        "Actual Rows": 55,
        "Actual Loops": 1,
        "Workers Planned": 1,
        "Workers Launched": 1,
        "Single Copy": false,
        "Plans": [
          {
            "Node Type": "Nested Loop",
            "Parent Relationship": "Outer",
            "Parallel Aware": false,
            "Join Type": "Inner",
            "Startup Cost": 6.56,
            "Total Cost": 5434.65,
            "Plan Rows": 1,
            "Plan Width": 48,
            "Actual Startup Time": 21.338,
            "Actual Total Time": 31.241,
            "Actual Rows": 28,
            "Actual Loops": 2,
            "Inner Unique": false,
            "Join Filter": "(n.id = an.person_id)",
            "Rows Removed by Join Filter": 0,
            "Plans": [
              {
                "Node Type": "Nested Loop",
                "Parent Relationship": "Outer",
                "Parallel Aware": false,
                "Join Type": "Inner",
                "Startup Cost": 6.13,
                "Total Cost": 5434.09,
                "Plan Rows": 1,
                "Plan Width": 56,
                "Actual Startup Time": 21.327,
                "Actual Total Time": 31.19,
                "Actual Rows": 6,
                "Actual Loops": 2,
                "Inner Unique": true,
                "Plans": [
                  {
                    "Node Type": "Nested Loop",
                    "Parent Relationship": "Outer",
                    "Parallel Aware": false,
                    "Join Type": "Inner",
                    "Startup Cost": 6.0,
                    "Total Cost": 5433.92,
                    "Plan Rows": 1,
                    "Plan Width": 60,
                    "Actual Startup Time": 21.321,
                    "Actual Total Time": 31.171,
                    "Actual Rows": 6,
                    "Actual Loops": 2,
                    "Inner Unique": true,
                    "Plans": [
                      {
                        "Node Type": "Nested Loop",
                        "Parent Relationship": "Outer",
                        "Parallel Aware": false,
                        "Join Type": "Inner",
                        "Startup Cost": 5.57,
                        "Total Cost": 5433.14,
                        "Plan Rows": 1,
                        "Plan Width": 41,
                        "Actual Startup Time": 20.89,
                        "Actual Total Time": 30.417,
                        "Actual Rows": 152,
                        "Actual Loops": 2,
                        "Inner Unique": true,
                        "Plans": [
                          {
                            "Node Type": "Nested Loop",
                            "Parent Relationship": "Outer",
                            "Parallel Aware": false,
                            "Join Type": "Inner",
                            "Startup Cost": 5.14,
                            "Total Cost": 5432.47,
                            "Plan Rows": 1,
                            "Plan Width": 29,
                            "Actual Startup Time": 20.881,
                            "Actual Total Time": 29.701,
                            "Actual Rows": 152,
                            "Actual Loops": 2,
                            "Inner Unique": false,
                            "Join Filter": "(t.id = ci.movie_id)",
                            "Rows Removed by Join Filter": 0,
                            "Plans": [
                              {
                                "Node Type": "Nested Loop",
                                "Parent Relationship": "Outer",
                                "Parallel Aware": false,
                                "Join Type": "Inner",
                                "Startup Cost": 4.57,
                                "Total Cost": 5430.77,
                                "Plan Rows": 1,
                                "Plan Width": 33,
                                "Actual Startup Time": 20.865,
                                "Actual Total Time": 28.858,
                                "Actual Rows": 6,
                                "Actual Loops": 2,
                                "Inner Unique": true,
                                "Plans": [
                                  {
                                    "Node Type": "Nested Loop",
                                    "Parent Relationship": "Outer",
                                    "Parallel Aware": false,
                                    "Join Type": "Inner",
                                    "Startup Cost": 4.15,
                                    "Total Cost": 5430.32,
                                    "Plan Rows": 1,
                                    "Plan Width": 37,
                                    "Actual Startup Time": 20.762,
                                    "Actual Total Time": 28.425,
                                    "Actual Rows": 91,
                                    "Actual Loops": 2,
                                    "Inner Unique": false,
                                    "Join Filter": "(t.id = mk.movie_id)",
                                    "Rows Removed by Join Filter": 0,
                                    "Plans": [
                                      {
                                        "Node Type": "Hash Join",
                                        "Parent Relationship": "Outer",
                                        "Parallel Aware": false,
                                        "Join Type": "Inner",
                                        "Startup Cost": 3.72,
                                        "Total Cost": 5428.4,
                                        "Plan Rows": 1,
                                        "Plan Width": 29,
                                        "Actual Startup Time": 20.73,
                                        "Actual Total Time": 28.331,
                                        "Actual Rows": 2,
                                        "Actual Loops": 2,
                                        "Inner Unique": true,
                                        "Hash Cond": "(mi.info_type_id = it.id)",
                                        "Plans": [
                                          {
                                            "Node Type": "Nested Loop",
                                            "Parent Relationship": "Outer",
                                            "Parallel Aware": false,
                                            "Join Type": "Inner",
                                            "Startup Cost": 1.29,
                                            "Total Cost": 5425.98,
                                            "Plan Rows": 1,
                                            "Plan Width": 33,
                                            "Actual Startup Time": 20.704,
                                            "Actual Total Time": 28.301,
                                            "Actual Rows": 2,
                                            "Actual Loops": 2,
                                            "Inner Unique": false,
                                            "Join Filter": "(t.id = mi.movie_id)",
                                            "Rows Removed by Join Filter": 0,
                                            "Plans": [
                                              {
                                                "Node Type": "Nested Loop",
                                                "Parent Relationship": "Outer",
                                                "Parallel Aware": false,
                                                "Join Type": "Inner",
                                                "Startup Cost": 0.86,
                                                "Total Cost": 5424.25,
                                                "Plan Rows": 1,
                                                "Plan Width": 25,
                                                "Actual Startup Time": 20.338,
                                                "Actual Total Time": 28.017,
                                                "Actual Rows": 3,
                                                "Actual Loops": 2,
                                                "Inner Unique": true,
                                                "Plans": [
                                                  {
                                                    "Node Type": "Nested Loop",
                                                    "Parent Relationship": "Outer",
                                                    "Parallel Aware": false,
                                                    "Join Type": "Inner",
                                                    "Startup Cost": 0.43,
                                                    "Total Cost": 5421.12,
                                                    "Plan Rows": 6,
                                                    "Plan Width": 4,
                                                    "Actual Startup Time": 20.244,
                                                    "Actual Total Time": 27.632,
                                                    "Actual Rows": 50,
                                                    "Actual Loops": 2,
                                                    "Inner Unique": false,
                                                    "Plans": [
                                                      {
                                                        "Node Type": "Seq Scan",
                                                        "Parent Relationship": "Outer",
                                                        "Parallel Aware": true,
                                                        "Relation Name": "company_name",
                                                        "Alias": "cn",
                                                        "Startup Cost": 0.0,
                                                        "Total Cost": 5068.5,
                                                        "Plan Rows": 1,
                                                        "Plan Width": 4,
                                                        "Actual Startup Time": 20.224,
                                                        "Actual Total Time": 27.508,
                                                        "Actual Rows": 0,
                                                        "Actual Loops": 2,
                                                        "Filter": "(((country_code)::text = '[us]'::text) AND (name = 'DreamWorks Animation'::text))",
                                                        "Rows Removed by Filter": 117498
                                                      },
                                                      {
                                                        "Node Type": "Index Scan",
                                                        "Parent Relationship": "Inner",
                                                        "Parallel Aware": false,
                                                        "Scan Direction": "Forward",
                                                        "Index Name": "company_id_movie_companies",
                                                        "Relation Name": "movie_companies",
                                                        "Alias": "mc",
                                                        "Startup Cost": 0.43,
                                                        "Total Cost": 351.29,
                                                        "Plan Rows": 133,
                                                        "Plan Width": 8,
                                                        "Actual Startup Time": 0.031,
                                                        "Actual Total Time": 0.219,
                                                        "Actual Rows": 99,
                                                        "Actual Loops": 1,
                                                        "Index Cond": "(company_id = cn.id)",
                                                        "Rows Removed by Index Recheck": 0
                                                      }
                                                    ]
                                                  },
                                                  {
                                                    "Node Type": "Index Scan",
                                                    "Parent Relationship": "Inner",
                                                    "Parallel Aware": false,
                                                    "Scan Direction": "Forward",
                                                    "Index Name": "title_pkey",
                                                    "Relation Name": "title",
                                                    "Alias": "t",
                                                    "Startup Cost": 0.43,
                                                    "Total Cost": 0.52,
                                                    "Plan Rows": 1,
                                                    "Plan Width": 21,
                                                    "Actual Startup Time": 0.007,
                                                    "Actual Total Time": 0.007,
                                                    "Actual Rows": 0,
                                                    "Actual Loops": 99,
                                                    "Index Cond": "(id = mc.movie_id)",
                                                    "Rows Removed by Index Recheck": 0,
                                                    "Filter": "((production_year < 2013) AND (title ~~ 'Kung Fu Panda%'::text))",
                                                    "Rows Removed by Filter": 1
                                                  }
                                                ]
                                              },
                                              {
                                                "Node Type": "Index Scan",
                                                "Parent Relationship": "Inner",
                                                "Parallel Aware": false,
                                                "Scan Direction": "Forward",
                                                "Index Name": "movie_id_movie_info",
                                                "Relation Name": "movie_info",
                                                "Alias": "mi",
                                                "Startup Cost": 0.43,
                                                "Total Cost": 1.71,
                                                "Plan Rows": 1,
                                                "Plan Width": 8,
                                                "Actual Startup Time": 0.073,
                                                "Actual Total Time": 0.093,
                                                "Actual Rows": 1,
                                                "Actual Loops": 6,
                                                "Index Cond": "(movie_id = mc.movie_id)",
                                                "Rows Removed by Index Recheck": 0,
                                                "Filter": "((info IS NOT NULL) AND ((info ~~ 'Japan:%201%'::text) OR (info ~~ 'USA:%201%'::text)))",
                                                "Rows Removed by Filter": 117
                                              }
                                            ]
                                          },
                                          {
                                            "Node Type": "Hash",
                                            "Parent Relationship": "Inner",
                                            "Parallel Aware": false,
                                            "Startup Cost": 2.41,
                                            "Total Cost": 2.41,
                                            "Plan Rows": 1,
                                            "Plan Width": 4,
                                            "Actual Startup Time": 0.038,
                                            "Actual Total Time": 0.039,
                                            "Actual Rows": 1,
                                            "Actual Loops": 1,
                                            "Hash Buckets": 1024,
                                            "Original Hash Buckets": 1024,
                                            "Hash Batches": 1,
                                            "Original Hash Batches": 1,
                                            "Peak Memory Usage": 9,
                                            "Plans": [
                                              {
                                                "Node Type": "Seq Scan",
                                                "Parent Relationship": "Outer",
                                                "Parallel Aware": false,
                                                "Relation Name": "info_type",
                                                "Alias": "it",
                                                "Startup Cost": 0.0,
                                                "Total Cost": 2.41,
                                                "Plan Rows": 1,
                                                "Plan Width": 4,
                                                "Actual Startup Time": 0.021,
                                                "Actual Total Time": 0.033,
                                                "Actual Rows": 1,
                                                "Actual Loops": 1,
                                                "Filter": "((info)::text = 'release dates'::text)",
                                                "Rows Removed by Filter": 112
                                              }
                                            ]
                                          }
                                        ]
                                      },
                                      {
                                        "Node Type": "Index Scan",
                                        "Parent Relationship": "Inner",
                                        "Parallel Aware": false,
                                        "Scan Direction": "Forward",
                                        "Index Name": "movie_id_movie_keyword",
                                        "Relation Name": "movie_keyword",
                                        "Alias": "mk",
                                        "Startup Cost": 0.43,
                                        "Total Cost": 1.32,
                                        "Plan Rows": 47,
                                        "Plan Width": 8,
                                        "Actual Startup Time": 0.016,
                                        "Actual Total Time": 0.026,
                                        "Actual Rows": 36,
                                        "Actual Loops": 5,
                                        "Index Cond": "(movie_id = mc.movie_id)",
                                        "Rows Removed by Index Recheck": 0
                                      }
                                    ]
                                  },
                                  {
                                    "Node Type": "Index Scan",
                                    "Parent Relationship": "Inner",
                                    "Parallel Aware": false,
                                    "Scan Direction": "Forward",
                                    "Index Name": "keyword_pkey",
                                    "Relation Name": "keyword",
                                    "Alias": "k",
                                    "Startup Cost": 0.42,
                                    "Total Cost": 0.44,
                                    "Plan Rows": 1,
                                    "Plan Width": 4,
                                    "Actual Startup Time": 0.004,
                                    "Actual Total Time": 0.004,
                                    "Actual Rows": 0,
                                    "Actual Loops": 182,
                                    "Index Cond": "(id = mk.keyword_id)",
                                    "Rows Removed by Index Recheck": 0,
                                    "Filter": "(keyword = ANY ('{hero,martial-arts,hand-to-hand-combat,computer-animated-movie}'::text[]))",
                                    "Rows Removed by Filter": 1
                                  }
                                ]
                              },
                              {
                                "Node Type": "Index Scan",
                                "Parent Relationship": "Inner",
                                "Parallel Aware": false,
                                "Scan Direction": "Forward",
                                "Index Name": "movie_id_cast_info",
                                "Relation Name": "cast_info",
                                "Alias": "ci",
                                "Startup Cost": 0.56,
                                "Total Cost": 1.69,
                                "Plan Rows": 1,
                                "Plan Width": 16,
                                "Actual Startup Time": 0.01,
                                "Actual Total Time": 0.146,
                                "Actual Rows": 28,
                                "Actual Loops": 11,
                                "Index Cond": "(movie_id = mk.movie_id)",
                                "Rows Removed by Index Recheck": 0,
                                "Filter": "(note = ANY ('{(voice),\"(voice: Japanese version)\",\"(voice) (uncredited)\",\"(voice: English version)\"}'::text[]))",
                                "Rows Removed by Filter": 87
                              }
                            ]
                          },
                          {
                            "Node Type": "Index Scan",
                            "Parent Relationship": "Inner",
                            "Parallel Aware": false,
                            "Scan Direction": "Forward",
                            "Index Name": "char_name_pkey",
                            "Relation Name": "char_name",
                            "Alias": "chn",
                            "Startup Cost": 0.43,
                            "Total Cost": 0.67,
                            "Plan Rows": 1,
                            "Plan Width": 20,
                            "Actual Startup Time": 0.004,
                            "Actual Total Time": 0.004,
                            "Actual Rows": 1,
                            "Actual Loops": 304,
                            "Index Cond": "(id = ci.person_role_id)",
                            "Rows Removed by Index Recheck": 0
                          }
                        ]
                      },
                      {
                        "Node Type": "Index Scan",
                        "Parent Relationship": "Inner",
                        "Parallel Aware": false,
                        "Scan Direction": "Forward",
                        "Index Name": "name_pkey",
                        "Relation Name": "name",
                        "Alias": "n",
                        "Startup Cost": 0.43,
                        "Total Cost": 0.78,
                        "Plan Rows": 1,
                        "Plan Width": 19,
                        "Actual Startup Time": 0.005,
                        "Actual Total Time": 0.005,
                        "Actual Rows": 0,
                        "Actual Loops": 304,
                        "Index Cond": "(id = ci.person_id)",
                        "Rows Removed by Index Recheck": 0,
                        "Filter": "((name ~~ '%An%'::text) AND ((gender)::text = 'f'::text))",
                        "Rows Removed by Filter": 1
                      }
                    ]
                  },
                  {
                    "Node Type": "Index Scan",
                    "Parent Relationship": "Inner",
                    "Parallel Aware": false,
                    "Scan Direction": "Forward",
                    "Index Name": "role_type_pkey",
                    "Relation Name": "role_type",
                    "Alias": "rt",
                    "Startup Cost": 0.14,
                    "Total Cost": 0.16,
                    "Plan Rows": 1,
                    "Plan Width": 4,
                    "Actual Startup Time": 0.002,
                    "Actual Total Time": 0.002,
                    "Actual Rows": 1,
                    "Actual Loops": 11,
                    "Index Cond": "(id = ci.role_id)",
                    "Rows Removed by Index Recheck": 0,
                    "Filter": "((role)::text = 'actress'::text)",
                    "Rows Removed by Filter": 0
                  }
                ]
              },
              {
                "Node Type": "Index Only Scan",
                "Parent Relationship": "Inner",
                "Parallel Aware": false,
                "Scan Direction": "Forward",
                "Index Name": "person_id_aka_name",
                "Relation Name": "aka_name",
                "Alias": "an",
                "Startup Cost": 0.42,
                "Total Cost": 0.53,
                "Plan Rows": 2,
                "Plan Width": 4,
                "Actual Startup Time": 0.005,
                "Actual Total Time": 0.007,
                "Actual Rows": 5,
                "Actual Loops": 11,
                "Index Cond": "(person_id = ci.person_id)",
                "Rows Removed by Index Recheck": 0,
                "Heap Fetches": 55
              }
            ]
          }
        ]
      }
    ]
  },
  "Planning Time": 4.818,
  "Triggers": [],
  "Execution Time": 42.93
}