[
  {
    "Plan": {
      "Node Type": "Aggregate",
      "Strategy": "Plain",
      "Partial Mode": "Finalize",
      "Parallel Aware": false,
      "Startup Cost": 44873.95,
      "Total Cost": 44873.96,
      "Plan Rows": 1,
      "Plan Width": 8,
      "Actual Startup Time": 144.318,
      "Actual Total Time": 154.007,
      "Actual Rows": 1,
      "Actual Loops": 1,
      "Plans": [
        {
          "Node Type": "Gather",
          "Parent Relationship": "Outer",
          "Parallel Aware": false,
          "Startup Cost": 44873.63,
          "Total Cost": 44873.94,
          "Plan Rows": 3,
          "Plan Width": 8,
          "Actual Startup Time": 144.209,
          "Actual Total Time": 153.997,
          "Actual Rows": 4,
          "Actual Loops": 1,
          "Workers Planned": 3,
          "Workers Launched": 3,
          "Single Copy": false,
          "Plans": [
            {
              "Node Type": "Aggregate",
              "Strategy": "Plain",
              "Partial Mode": "Partial",
              "Parent Relationship": "Outer",
              "Parallel Aware": false,
              "Startup Cost": 43873.63,
              "Total Cost": 43873.64,
              "Plan Rows": 1,
              "Plan Width": 8,
              "Actual Startup Time": 135.719,
              "Actual Total Time": 135.72,
              "Actual Rows": 1,
              "Actual Loops": 4,
              "Plans": [
                {
                  "Node Type": "Seq Scan",
                  "Parent Relationship": "Outer",
                  "Parallel Aware": true,
                  "Relation Name": "movie_keyword",
                  "Alias": "mk",
                  "Startup Cost": 0.0,
                  "Total Cost": 42695.65,
                  "Plan Rows": 471192,
                  "Plan Width": 0,
                  "Actual Startup Time": 1.861,
                  "Actual Total Time": 116.467,
                  "Actual Rows": 366874,
                  "Actual Loops": 4,
                  "Filter": "(keyword_id > 11254)",
                  "Rows Removed by Filter": 764109
                }
              ]
            }
          ]
        }
      ]
    },
    "Planning Time": 0.187,
    "Triggers": [],
    "Execution Time": 154.063
  }
]