[
  {
    "Plan": {
      "Node Type": "Aggregate",
      "Strategy": "Plain",
      "Partial Mode": "Finalize",
      "Parallel Aware": false,
      "Startup Cost": 46917.76,
      "Total Cost": 46917.77,
      "Plan Rows": 1,
      "Plan Width": 8,
      "Actual Startup Time": 181.989,
      "Actual Total Time": 189.703,
      "Actual Rows": 1,
      "Actual Loops": 1,
      "Plans": [
        {
          "Node Type": "Gather",
          "Parent Relationship": "Outer",
          "Parallel Aware": false,
          "Startup Cost": 46917.44,
          "Total Cost": 46917.75,
          "Plan Rows": 3,
          "Plan Width": 8,
          "Actual Startup Time": 181.903,
          "Actual Total Time": 189.692,
          "Actual Rows": 4,
          "Actual Loops": 1,
          "Workers Planned": 3,
          "Workers Launched": 3,
          "Single Copy": false,
          "Plans": [
            {
              "Node Type": "Aggregate",
              "Strategy": "Plain",
              "Partial Mode": "Partial",
              "Parent Relationship": "Outer",
              "Parallel Aware": false,
              "Startup Cost": 45917.44,
              "Total Cost": 45917.45,
              "Plan Rows": 1,
              "Plan Width": 8,
              "Actual Startup Time": 177.913,
              "Actual Total Time": 177.914,
              "Actual Rows": 1,
              "Actual Loops": 4,
              "Plans": [
                {
                  "Node Type": "Seq Scan",
                  "Parent Relationship": "Outer",
                  "Parallel Aware": true,
                  "Relation Name": "movie_keyword",
                  "Alias": "mk",
                  "Startup Cost": 0.0,
                  "Total Cost": 42695.65,
                  "Plan Rows": 1288714,
                  "Plan Width": 0,
                  "Actual Startup Time": 0.025,
                  "Actual Total Time": 127.743,
                  "Actual Rows": 999268,
                  "Actual Loops": 4,
                  "Filter": "(keyword_id < 34520)",
                  "Rows Removed by Filter": 131714
                }
              ]
            }
          ]
        }
      ]
    },
    "Planning Time": 0.107,
    "Triggers": [],
    "Execution Time": 189.746
  }
]