{
  "Plan": {
    "Node Type": "Aggregate",
    "Strategy": "Plain",
    "Partial Mode": "Finalize",
    "Parallel Aware": false,
    "Startup Cost": 845867.55,
    "Total Cost": 845867.56,
    "Plan Rows": 1,
    "Plan Width": 8,
    "Actual Startup Time": 1893.664,
    "Actual Total Time": 1964.187,
    "Actual Rows": 1,
    "Actual Loops": 1,
    "Plans": [
      {
        "Node Type": "Gather",
        "Parent Relationship": "Outer",
        "Parallel Aware": false,
        "Startup Cost": 845867.43,
        "Total Cost": 845867.54,
        "Plan Rows": 1,
        "Plan Width": 8,
        "Actual Startup Time": 1888.809,
        "Actual Total Time": 1964.177,
        "Actual Rows": 2,
        "Actual Loops": 1,
        "Workers Planned": 1,
        "Workers Launched": 1,
        "Single Copy": false,
        "Plans": [
          {
            "Node Type": "Aggregate",
            "Strategy": "Plain",
            "Partial Mode": "Partial",
            "Parent Relationship": "Outer",
            "Parallel Aware": false,
            "Startup Cost": 844867.43,
            "Total Cost": 844867.44,
            "Plan Rows": 1,
            "Plan Width": 8,
            "Actual Startup Time": 1881.009,
            "Actual Total Time": 1881.014,
            "Actual Rows": 1,
            "Actual Loops": 2,
            "Plans": [
              {
                "Node Type": "Nested Loop",
                "Parent Relationship": "Outer",
                "Parallel Aware": false,
                "Join Type": "Inner",
                "Startup Cost": 85503.73,
                "Total Cost": 839784.44,
                "Plan Rows": 2033199,
                "Plan Width": 0,
                "Actual Startup Time": 511.229,
                "Actual Total Time": 1795.116,
                "Actual Rows": 1674914,
                "Actual Loops": 2,
                "Inner Unique": false,
                "Plans": [
                  {
                    "Node Type": "Hash Join",
                    "Parent Relationship": "Outer",
                    "Parallel Aware": true,
                    "Join Type": "Inner",
                    "Startup Cost": 85503.3,
                    "Total Cost": 117451.19,
                    "Plan Rows": 347716,
                    "Plan Width": 8,
                    "Actual Startup Time": 511.016,
                    "Actual Total Time": 707.477,
                    "Actual Rows": 128360,
                    "Actual Loops": 2,
                    "Inner Unique": true,
                    "Hash Cond": "(mk.movie_id = t.id)",
                    "Plans": [
                      {
                        "Node Type": "Bitmap Heap Scan",
                        "Parent Relationship": "Outer",
                        "Parallel Aware": true,
                        "Relation Name": "movie_keyword",
                        "Alias": "mk",
                        "Startup Cost": 17868.17,
                        "Total Cost": 48515.47,
                        "Plan Rows": 495464,
                        "Plan Width": 4,
                        "Actual Startup Time": 52.808,
                        "Actual Total Time": 149.584,
                        "Actual Rows": 416594,
                        "Actual Loops": 2,
                        "Recheck Cond": "(keyword_id > 22090)",
                        "Rows Removed by Index Recheck": 0,
                        "Exact Heap Blocks": 16034,
                        "Lossy Heap Blocks": 0,
                        "Plans": [
                          {
                            "Node Type": "Bitmap Index Scan",
                            "Parent Relationship": "Outer",
                            "Parallel Aware": false,
                            "Index Name": "keyword_id_movie_keyword",
                            "Startup Cost": 0.0,
                            "Total Cost": 17657.6,
                            "Plan Rows": 842289,
                            "Plan Width": 0,
                            "Actual Startup Time": 49.245,
                            "Actual Total Time": 49.245,
                            "Actual Rows": 833188,
                            "Actual Loops": 1,
                            "Index Cond": "(keyword_id > 22090)"
                          }
                        ]
                      },
                      {
                        "Node Type": "Hash",
                        "Parent Relationship": "Inner",
                        "Parallel Aware": true,
                        "Startup Cost": 54588.39,
                        "Total Cost": 54588.39,
                        "Plan Rows": 1043739,
                        "Plan Width": 4,
                        "Actual Startup Time": 443.38,
                        "Actual Total Time": 443.381,
                        "Actual Rows": 887318,
                        "Actual Loops": 2,
                        "Hash Buckets": 2097152,
                        "Original Hash Buckets": 2097152,
                        "Hash Batches": 1,
                        "Original Hash Batches": 1,
                        "Peak Memory Usage": 85824,
                        "Plans": [
                          {
                            "Node Type": "Seq Scan",
                            "Parent Relationship": "Outer",
                            "Parallel Aware": true,
                            "Relation Name": "title",
                            "Alias": "t",
                            "Startup Cost": 0.0,
                            "Total Cost": 54588.39,
                            "Plan Rows": 1043739,
                            "Plan Width": 4,
                            "Actual Startup Time": 0.048,
                            "Actual Total Time": 197.414,
                            "Actual Rows": 887318,
                            "Actual Loops": 2,
                            "Filter": "(kind_id > 2)",
                            "Rows Removed by Filter": 376838
                          }
                        ]
                      }
                    ]
                  },
                  {
                    "Node Type": "Index Only Scan",
                    "Parent Relationship": "Inner",
                    "Parallel Aware": false,
                    "Scan Direction": "Forward",
                    "Index Name": "movie_id_movie_info",
                    "Relation Name": "movie_info",
                    "Alias": "mi",
                    "Startup Cost": 0.43,
                    "Total Cost": 1.66,
                    "Plan Rows": 42,
                    "Plan Width": 4,
                    "Actual Startup Time": 0.003,
                    "Actual Total Time": 0.007,
                    "Actual Rows": 13,
                    "Actual Loops": 256721,
                    "Index Cond": "(movie_id = t.id)",
                    "Rows Removed by Index Recheck": 0,
                    "Heap Fetches": 3349828
                  }
                ]
              }
            ]
          }
        ]
      }
    ]
  },
  "Planning Time": 1.015,
  "Triggers": [],
  "Execution Time": 1964.315
}