[
  {
    "Plan": {
      "Node Type": "Aggregate",
      "Strategy": "Plain",
      "Partial Mode": "Finalize",
      "Parallel Aware": false,
      "Startup Cost": 59636.06,
      "Total Cost": 59636.07,
      "Plan Rows": 1,
      "Plan Width": 8,
      "Actual Startup Time": 101.939,
      "Actual Total Time": 120.426,
      "Actual Rows": 1,
      "Actual Loops": 1,
      "Plans": [
        {
          "Node Type": "Gather",
          "Parent Relationship": "Outer",
          "Parallel Aware": false,
          "Startup Cost": 59635.64,
          "Total Cost": 59636.05,
          "Plan Rows": 4,
          "Plan Width": 8,
          "Actual Startup Time": 101.784,
          "Actual Total Time": 120.418,
          "Actual Rows": 5,
          "Actual Loops": 1,
          "Workers Planned": 4,
          "Workers Launched": 4,
          "Single Copy": false,
          "Plans": [
            {
              "Node Type": "Aggregate",
              "Strategy": "Plain",
              "Partial Mode": "Partial",
              "Parent Relationship": "Outer",
              "Parallel Aware": false,
              "Startup Cost": 58635.64,
              "Total Cost": 58635.65,
              "Plan Rows": 1,
              "Plan Width": 8,
              "Actual Startup Time": 94.704,
              "Actual Total Time": 94.705,
              "Actual Rows": 1,
              "Actual Loops": 5,
              "Plans": [
                {
                  "Node Type": "Nested Loop",
                  "Parent Relationship": "Outer",
                  "Parallel Aware": false,
                  "Join Type": "Inner",
                  "Startup Cost": 0.43,
                  "Total Cost": 58628.94,
                  "Plan Rows": 2680,
                  "Plan Width": 0,
                  "Actual Startup Time": 0.972,
                  "Actual Total Time": 94.32,
                  "Actual Rows": 6923,
                  "Actual Loops": 5,
                  "Inner Unique": false,
                  "Plans": [
                    {
                      "Node Type": "Seq Scan",
                      "Parent Relationship": "Outer",
                      "Parallel Aware": true,
                      "Relation Name": "title",
                      "Alias": "t",
                      "Startup Cost": 0.0,
                      "Total Cost": 45479.59,
                      "Plan Rows": 1498,
                      "Plan Width": 4,
                      "Actual Startup Time": 0.381,
                      "Actual Total Time": 77.874,
                      "Actual Rows": 1209,
                      "Actual Loops": 5,
                      "Filter": "((kind_id < 3) AND (production_year = 1989))",
                      "Rows Removed by Filter": 504453
                    },
                    {
                      "Node Type": "Index Only Scan",
                      "Parent Relationship": "Inner",
                      "Parallel Aware": false,
                      "Scan Direction": "Forward",
                      "Index Name": "movie_id_movie_keyword",
                      "Relation Name": "movie_keyword",
                      "Alias": "mk",
                      "Startup Cost": 0.43,
                      "Total Cost": 8.32,
                      "Plan Rows": 46,
                      "Plan Width": 4,
                      "Actual Startup Time": 0.012,
                      "Actual Total Time": 0.013,
                      "Actual Rows": 6,
                      "Actual Loops": 6046,
                      "Index Cond": "(movie_id = t.id)",
                      "Rows Removed by Index Recheck": 0,
                      "Heap Fetches": 34616
                    }
                  ]
                }
              ]
            }
          ]
        }
      ]
    },
    "Planning Time": 0.241,
    "Triggers": [],
    "Execution Time": 120.464
  }
]