[
  {
    "Plan": {
      "Node Type": "Aggregate",
      "Strategy": "Plain",
      "Partial Mode": "Finalize",
      "Parallel Aware": false,
      "Startup Cost": 286011.0,
      "Total Cost": 286011.01,
      "Plan Rows": 1,
      "Plan Width": 8,
      "Actual Startup Time": 136.292,
      "Actual Total Time": 146.738,
      "Actual Rows": 1,
      "Actual Loops": 1,
      "Plans": [
        {
          "Node Type": "Gather",
          "Parent Relationship": "Outer",
          "Parallel Aware": false,
          "Startup Cost": 286010.38,
          "Total Cost": 286010.99,
          "Plan Rows": 6,
          "Plan Width": 8,
          "Actual Startup Time": 135.905,
          "Actual Total Time": 146.728,
          "Actual Rows": 7,
          "Actual Loops": 1,
          "Workers Planned": 6,
          "Workers Launched": 6,
          "Single Copy": false,
          "Plans": [
            {
              "Node Type": "Aggregate",
              "Strategy": "Plain",
              "Partial Mode": "Partial",
              "Parent Relationship": "Outer",
              "Parallel Aware": false,
              "Startup Cost": 285010.38,
              "Total Cost": 285010.39,
              "Plan Rows": 1,
              "Plan Width": 8,
              "Actual Startup Time": 125.59,
              "Actual Total Time": 125.592,
              "Actual Rows": 1,
              "Actual Loops": 7,
              "Plans": [
                {
                  "Node Type": "Bitmap Heap Scan",
                  "Parent Relationship": "Outer",
                  "Parallel Aware": true,
                  "Relation Name": "cast_info",
                  "Alias": "ci",
                  "Startup Cost": 29035.86,
                  "Total Cost": 284462.46,
                  "Plan Rows": 219168,
                  "Plan Width": 0,
                  "Actual Startup Time": 51.685,
                  "Actual Total Time": 113.047,
                  "Actual Rows": 178207,
                  "Actual Loops": 7,
                  "Recheck Cond": "(person_id > 3820438)",
                  "Rows Removed by Index Recheck": 0,
                  "Exact Heap Blocks": 4179,
                  "Lossy Heap Blocks": 0,
                  "Plans": [
                    {
                      "Node Type": "Bitmap Index Scan",
                      "Parent Relationship": "Outer",
                      "Parallel Aware": false,
                      "Index Name": "person_id_cast_info",
                      "Startup Cost": 0.0,
                      "Total Cost": 28707.11,
                      "Plan Rows": 1315006,
                      "Plan Width": 0,
                      "Actual Startup Time": 56.748,
                      "Actual Total Time": 56.748,
                      "Actual Rows": 1247451,
                      "Actual Loops": 1,
                      "Index Cond": "(person_id > 3820438)"
                    }
                  ]
                }
              ]
            }
          ]
        }
      ]
    },
    "Planning Time": 0.11,
    "Triggers": [],
    "Execution Time": 146.791
  }
]