[
  {
    "Plan": {
      "Node Type": "Aggregate",
      "Strategy": "Plain",
      "Partial Mode": "Finalize",
      "Parallel Aware": false,
      "Startup Cost": 45616.03,
      "Total Cost": 45616.04,
      "Plan Rows": 1,
      "Plan Width": 8,
      "Actual Startup Time": 146.542,
      "Actual Total Time": 156.051,
      "Actual Rows": 1,
      "Actual Loops": 1,
      "Plans": [
        {
          "Node Type": "Gather",
          "Parent Relationship": "Outer",
          "Parallel Aware": false,
          "Startup Cost": 45615.72,
          "Total Cost": 45616.03,
          "Plan Rows": 3,
          "Plan Width": 8,
          "Actual Startup Time": 146.402,
          "Actual Total Time": 156.043,
          "Actual Rows": 4,
          "Actual Loops": 1,
          "Workers Planned": 3,
          "Workers Launched": 3,
          "Single Copy": false,
          "Plans": [
            {
              "Node Type": "Aggregate",
              "Strategy": "Plain",
              "Partial Mode": "Partial",
              "Parent Relationship": "Outer",
              "Parallel Aware": false,
              "Startup Cost": 44615.72,
              "Total Cost": 44615.73,
              "Plan Rows": 1,
              "Plan Width": 8,
              "Actual Startup Time": 141.352,
              "Actual Total Time": 141.352,
              "Actual Rows": 1,
              "Actual Loops": 4,
              "Plans": [
                {
                  "Node Type": "Seq Scan",
                  "Parent Relationship": "Outer",
                  "Parallel Aware": true,
                  "Relation Name": "movie_keyword",
                  "Alias": "mk",
                  "Startup Cost": 0.0,
                  "Total Cost": 42695.65,
                  "Plan Rows": 768025,
                  "Plan Width": 0,
                  "Actual Startup Time": 0.334,
                  "Actual Total Time": 114.497,
                  "Actual Rows": 594887,
                  "Actual Loops": 4,
                  "Filter": "(keyword_id > 4021)",
                  "Rows Removed by Filter": 536095
                }
              ]
            }
          ]
        }
      ]
    },
    "Planning Time": 0.11,
    "Triggers": [],
    "Execution Time": 156.087
  }
]