{
  "Plan": {
    "Node Type": "Aggregate",
    "Strategy": "Plain",
    "Partial Mode": "Finalize",
    "Parallel Aware": false,
    "Startup Cost": 329654.85,
    "Total Cost": 329654.86,
    "Plan Rows": 1,
    "Plan Width": 8,
    "Actual Startup Time": 1893.115,
    "Actual Total Time": 1926.76,
    "Actual Rows": 1,
    "Actual Loops": 1,
    "Plans": [
      {
        "Node Type": "Gather",
        "Parent Relationship": "Outer",
        "Parallel Aware": false,
        "Startup Cost": 329654.74,
        "Total Cost": 329654.85,
        "Plan Rows": 1,
        "Plan Width": 8,
        "Actual Startup Time": 1892.097,
        "Actual Total Time": 1926.749,
        "Actual Rows": 2,
        "Actual Loops": 1,
        "Workers Planned": 1,
        "Workers Launched": 1,
        "Single Copy": false,
        "Plans": [
          {
            "Node Type": "Aggregate",
            "Strategy": "Plain",
            "Partial Mode": "Partial",
            "Parent Relationship": "Outer",
            "Parallel Aware": false,
            "Startup Cost": 328654.74,
            "Total Cost": 328654.75,
            "Plan Rows": 1,
            "Plan Width": 8,
            "Actual Startup Time": 1886.394,
            "Actual Total Time": 1886.553,
            "Actual Rows": 1,
            "Actual Loops": 2,
            "Plans": [
              {
                "Node Type": "Hash Join",
                "Parent Relationship": "Outer",
                "Parallel Aware": true,
                "Join Type": "Inner",
                "Startup Cost": 55173.88,
                "Total Cost": 326957.37,
                "Plan Rows": 678949,
                "Plan Width": 0,
                "Actual Startup Time": 162.721,
                "Actual Total Time": 1804.5,
                "Actual Rows": 1987113,
                "Actual Loops": 2,
                "Inner Unique": true,
                "Hash Cond": "(mi.movie_id = t.id)",
                "Plans": [
                  {
                    "Node Type": "Seq Scan",
                    "Parent Relationship": "Outer",
                    "Parallel Aware": true,
                    "Relation Name": "movie_info",
                    "Alias": "mi",
                    "Startup Cost": 0.0,
                    "Total Cost": 248955.74,
                    "Plan Rows": 8696274,
                    "Plan Width": 4,
                    "Actual Startup Time": 0.01,
                    "Actual Total Time": 596.869,
                    "Actual Rows": 7417860,
                    "Actual Loops": 2
                  },
                  {
                    "Node Type": "Hash",
                    "Parent Relationship": "Inner",
                    "Parallel Aware": true,
                    "Startup Cost": 53722.46,
                    "Total Cost": 53722.46,
                    "Plan Rows": 116114,
                    "Plan Width": 4,
                    "Actual Startup Time": 136.426,
                    "Actual Total Time": 136.428,
                    "Actual Rows": 165611,
                    "Actual Loops": 2,
                    "Hash Buckets": 524288,
                    "Original Hash Buckets": 262144,
                    "Hash Batches": 1,
                    "Original Hash Batches": 1,
                    "Peak Memory Usage": 19136,
                    "Plans": [
                      {
                        "Node Type": "Bitmap Heap Scan",
                        "Parent Relationship": "Outer",
                        "Parallel Aware": true,
                        "Relation Name": "title",
                        "Alias": "t",
                        "Startup Cost": 11872.2,
                        "Total Cost": 53722.46,
                        "Plan Rows": 116114,
                        "Plan Width": 4,
                        "Actual Startup Time": 34.479,
                        "Actual Total Time": 98.058,
                        "Actual Rows": 165611,
                        "Actual Loops": 2,
                        "Recheck Cond": "(kind_id < 2)",
                        "Rows Removed by Index Recheck": 0,
                        "Filter": "(production_year < 1993)",
                        "Rows Removed by Filter": 165802,
                        "Exact Heap Blocks": 8331,
                        "Lossy Heap Blocks": 0,
                        "Plans": [
                          {
                            "Node Type": "Bitmap Index Scan",
                            "Parent Relationship": "Outer",
                            "Parallel Aware": false,
                            "Index Name": "kind_id_title",
                            "Startup Cost": 0.0,
                            "Total Cost": 11822.85,
                            "Plan Rows": 663256,
                            "Plan Width": 0,
                            "Actual Startup Time": 34.985,
                            "Actual Total Time": 34.985,
                            "Actual Rows": 662825,
                            "Actual Loops": 1,
                            "Index Cond": "(kind_id < 2)"
                          }
                        ]
                      }
                    ]
                  }
                ]
              }
            ]
          }
        ]
      }
    ]
  },
  "Planning Time": 0.589,
  "Triggers": [],
  "Execution Time": 1926.85
}