[
  {
    "Plan": {
      "Node Type": "Aggregate",
      "Strategy": "Plain",
      "Partial Mode": "Finalize",
      "Parallel Aware": false,
      "Startup Cost": 359273.98,
      "Total Cost": 359273.99,
      "Plan Rows": 1,
      "Plan Width": 8,
      "Actual Startup Time": 1012.585,
      "Actual Total Time": 1034.691,
      "Actual Rows": 1,
      "Actual Loops": 1,
      "Plans": [
        {
          "Node Type": "Gather",
          "Parent Relationship": "Outer",
          "Parallel Aware": false,
          "Startup Cost": 359273.76,
          "Total Cost": 359273.97,
          "Plan Rows": 2,
          "Plan Width": 8,
          "Actual Startup Time": 1004.615,
          "Actual Total Time": 1034.681,
          "Actual Rows": 3,
          "Actual Loops": 1,
          "Workers Planned": 2,
          "Workers Launched": 2,
          "Single Copy": false,
          "Plans": [
            {
              "Node Type": "Aggregate",
              "Strategy": "Plain",
              "Partial Mode": "Partial",
              "Parent Relationship": "Outer",
              "Parallel Aware": false,
              "Startup Cost": 358273.76,
              "Total Cost": 358273.77,
              "Plan Rows": 1,
              "Plan Width": 8,
              "Actual Startup Time": 996.601,
              "Actual Total Time": 997.404,
              "Actual Rows": 1,
              "Actual Loops": 3,
              "Plans": [
                {
                  "Node Type": "Hash Join",
                  "Parent Relationship": "Outer",
                  "Parallel Aware": true,
                  "Join Type": "Inner",
                  "Startup Cost": 341356.64,
                  "Total Cost": 358098.9,
                  "Plan Rows": 69945,
                  "Plan Width": 0,
                  "Actual Startup Time": 856.145,
                  "Actual Total Time": 987.323,
                  "Actual Rows": 245637,
                  "Actual Loops": 3,
                  "Inner Unique": false,
                  "Hash Cond": "(mi_idx.movie_id = t.id)",
                  "Plans": [
                    {
                      "Node Type": "Seq Scan",
                      "Parent Relationship": "Outer",
                      "Parallel Aware": true,
                      "Relation Name": "movie_info_idx",
                      "Alias": "mi_idx",
                      "Startup Cost": 0.0,
                      "Total Cost": 15122.68,
                      "Plan Rows": 385260,
                      "Plan Width": 4,
                      "Actual Startup Time": 0.018,
                      "Actual Total Time": 47.484,
                      "Actual Rows": 306703,
                      "Actual Loops": 3,
                      "Filter": "(info_type_id > 99)",
                      "Rows Removed by Filter": 153308
                    },
                    {
                      "Node Type": "Hash",
                      "Parent Relationship": "Inner",
                      "Parallel Aware": true,
                      "Startup Cost": 339922.12,
                      "Total Cost": 339922.12,
                      "Plan Rows": 114761,
                      "Plan Width": 8,
                      "Actual Startup Time": 853.543,
                      "Actual Total Time": 854.344,
                      "Actual Rows": 328568,
                      "Actual Loops": 3,
                      "Hash Buckets": 1048576,
                      "Original Hash Buckets": 524288,
                      "Hash Batches": 1,
                      "Original Hash Batches": 1,
                      "Peak Memory Usage": 50880,
                      "Plans": [
                        {
                          "Node Type": "Hash Join",
                          "Parent Relationship": "Outer",
                          "Parallel Aware": true,
                          "Join Type": "Inner",
                          "Startup Cost": 290294.07,
                          "Total Cost": 339922.12,
                          "Plan Rows": 114761,
                          "Plan Width": 8,
                          "Actual Startup Time": 337.355,
                          "Actual Total Time": 745.126,
                          "Actual Rows": 328568,
                          "Actual Loops": 3,
                          "Inner Unique": false,
                          "Hash Cond": "(t.id = ci.movie_id)",
                          "Plans": [
                            {
                              "Node Type": "Seq Scan",
                              "Parent Relationship": "Outer",
                              "Parallel Aware": true,
                              "Relation Name": "title",
                              "Alias": "t",
                              "Startup Cost": 0.0,
                              "Total Cost": 43899.32,
                              "Plan Rows": 553746,
                              "Plan Width": 4,
                              "Actual Startup Time": 0.018,
                              "Actual Total Time": 125.805,
                              "Actual Rows": 734566,
                              "Actual Loops": 3,
                              "Filter": "(production_year > 1960)",
                              "Rows Removed by Filter": 108205
                            },
                            {
                              "Node Type": "Hash",
                              "Parent Relationship": "Inner",
                              "Parallel Aware": true,
                              "Startup Cost": 289202.4,
                              "Total Cost": 289202.4,
                              "Plan Rows": 87334,
                              "Plan Width": 4,
                              "Actual Startup Time": 335.76,
                              "Actual Total Time": 335.762,
                              "Actual Rows": 368156,
                              "Actual Loops": 3,
                              "Hash Buckets": 2097152,
                              "Original Hash Buckets": 524288,
                              "Hash Batches": 1,
                              "Original Hash Batches": 1,
                              "Peak Memory Usage": 71936,
                              "Plans": [
                                {
                                  "Node Type": "Bitmap Heap Scan",
                                  "Parent Relationship": "Outer",
                                  "Parallel Aware": true,
                                  "Relation Name": "cast_info",
                                  "Alias": "ci",
                                  "Startup Cost": 32776.44,
                                  "Total Cost": 289202.4,
                                  "Plan Rows": 87334,
                                  "Plan Width": 4,
                                  "Actual Startup Time": 54.77,
                                  "Actual Total Time": 164.306,
                                  "Actual Rows": 368156,
                                  "Actual Loops": 3,
                                  "Recheck Cond": "(person_id < 153744)",
                                  "Rows Removed by Index Recheck": 0,
                                  "Filter": "(role_id < 2)",
                                  "Rows Removed by Filter": 143823,
                                  "Exact Heap Blocks": 7174,
                                  "Lossy Heap Blocks": 0,
                                  "Plans": [
                                    {
                                      "Node Type": "Bitmap Index Scan",
                                      "Parent Relationship": "Outer",
                                      "Parallel Aware": false,
                                      "Index Name": "person_id_cast_info",
                                      "Startup Cost": 0.0,
                                      "Total Cost": 32645.44,
                                      "Plan Rows": 1495583,
                                      "Plan Width": 0,
                                      "Actual Startup Time": 53.204,
                                      "Actual Total Time": 53.204,
                                      "Actual Rows": 1535936,
                                      "Actual Loops": 1,
                                      "Index Cond": "(person_id < 153744)"
                                    }
                                  ]
                                }
                              ]
                            }
                          ]
                        }
                      ]
                    }
                  ]
                }
              ]
            }
          ]
        }
      ]
    },
    "Planning Time": 0.562,
    "Triggers": [],
    "Execution Time": 1034.756
  }
]