[
  {
    "Plan": {
      "Node Type": "Aggregate",
      "Strategy": "Plain",
      "Partial Mode": "Finalize",
      "Parallel Aware": false,
      "Startup Cost": 358972.86,
      "Total Cost": 358972.87,
      "Plan Rows": 1,
      "Plan Width": 8,
      "Actual Startup Time": 976.513,
      "Actual Total Time": 992.626,
      "Actual Rows": 1,
      "Actual Loops": 1,
      "Plans": [
        {
          "Node Type": "Gather",
          "Parent Relationship": "Outer",
          "Parallel Aware": false,
          "Startup Cost": 358972.65,
          "Total Cost": 358972.86,
          "Plan Rows": 2,
          "Plan Width": 8,
          "Actual Startup Time": 965.705,
          "Actual Total Time": 992.618,
          "Actual Rows": 3,
          "Actual Loops": 1,
          "Workers Planned": 2,
          "Workers Launched": 2,
          "Single Copy": false,
          "Plans": [
            {
              "Node Type": "Aggregate",
              "Strategy": "Plain",
              "Partial Mode": "Partial",
              "Parent Relationship": "Outer",
              "Parallel Aware": false,
              "Startup Cost": 357972.65,
              "Total Cost": 357972.66,
              "Plan Rows": 1,
              "Plan Width": 8,
              "Actual Startup Time": 956.445,
              "Actual Total Time": 956.455,
              "Actual Rows": 1,
              "Actual Loops": 3,
              "Plans": [
                {
                  "Node Type": "Hash Join",
                  "Parent Relationship": "Outer",
                  "Parallel Aware": true,
                  "Join Type": "Inner",
                  "Startup Cost": 341062.24,
                  "Total Cost": 357801.75,
                  "Plan Rows": 68358,
                  "Plan Width": 0,
                  "Actual Startup Time": 816.342,
                  "Actual Total Time": 945.347,
                  "Actual Rows": 245637,
                  "Actual Loops": 3,
                  "Inner Unique": false,
                  "Hash Cond": "(mi_idx.movie_id = t.id)",
                  "Plans": [
                    {
                      "Node Type": "Seq Scan",
                      "Parent Relationship": "Outer",
                      "Parallel Aware": true,
                      "Relation Name": "movie_info_idx",
                      "Alias": "mi_idx",
                      "Startup Cost": 0.0,
                      "Total Cost": 15122.68,
                      "Plan Rows": 385585,
                      "Plan Width": 4,
                      "Actual Startup Time": 0.027,
                      "Actual Total Time": 46.076,
                      "Actual Rows": 306703,
                      "Actual Loops": 3,
                      "Filter": "(info_type_id > 99)",
                      "Rows Removed by Filter": 153308
                    },
                    {
                      "Node Type": "Hash",
                      "Parent Relationship": "Inner",
                      "Parallel Aware": true,
                      "Startup Cost": 339661.55,
                      "Total Cost": 339661.55,
                      "Plan Rows": 112055,
                      "Plan Width": 8,
                      "Actual Startup Time": 812.5,
                      "Actual Total Time": 812.508,
                      "Actual Rows": 328568,
                      "Actual Loops": 3,
                      "Hash Buckets": 1048576,
                      "Original Hash Buckets": 524288,
                      "Hash Batches": 1,
                      "Original Hash Batches": 1,
                      "Peak Memory Usage": 50880,
                      "Plans": [
                        {
                          "Node Type": "Hash Join",
                          "Parent Relationship": "Outer",
                          "Parallel Aware": true,
                          "Join Type": "Inner",
                          "Startup Cost": 290038.51,
                          "Total Cost": 339661.55,
                          "Plan Rows": 112055,
                          "Plan Width": 8,
                          "Actual Startup Time": 287.752,
                          "Actual Total Time": 707.972,
                          "Actual Rows": 328568,
                          "Actual Loops": 3,
                          "Inner Unique": false,
                          "Hash Cond": "(t.id = ci.movie_id)",
                          "Plans": [
                            {
                              "Node Type": "Seq Scan",
                              "Parent Relationship": "Outer",
                              "Parallel Aware": true,
                              "Relation Name": "title",
                              "Alias": "t",
                              "Startup Cost": 0.0,
                              "Total Cost": 43898.92,
                              "Plan Rows": 553736,
                              "Plan Width": 4,
                              "Actual Startup Time": 0.012,
                              "Actual Total Time": 129.991,
                              "Actual Rows": 734566,
                              "Actual Loops": 3,
                              "Filter": "(production_year > 1960)",
                              "Rows Removed by Filter": 108205
                            },
                            {
                              "Node Type": "Hash",
                              "Parent Relationship": "Inner",
                              "Parallel Aware": true,
                              "Startup Cost": 288972.61,
                              "Total Cost": 288972.61,
                              "Plan Rows": 85272,
                              "Plan Width": 4,
                              "Actual Startup Time": 285.283,
                              "Actual Total Time": 285.287,
                              "Actual Rows": 368156,
                              "Actual Loops": 3,
                              "Hash Buckets": 2097152,
                              "Original Hash Buckets": 524288,
                              "Hash Batches": 1,
                              "Original Hash Batches": 1,
                              "Peak Memory Usage": 71936,
                              "Plans": [
                                {
                                  "Node Type": "Bitmap Heap Scan",
                                  "Parent Relationship": "Outer",
                                  "Parallel Aware": true,
                                  "Relation Name": "cast_info",
                                  "Alias": "ci",
                                  "Startup Cost": 32571.33,
                                  "Total Cost": 288972.61,
                                  "Plan Rows": 85272,
                                  "Plan Width": 4,
                                  "Actual Startup Time": 60.138,
                                  "Actual Total Time": 155.803,
                                  "Actual Rows": 368156,
                                  "Actual Loops": 3,
                                  "Recheck Cond": "(person_id < 153744)",
                                  "Rows Removed by Index Recheck": 0,
                                  "Filter": "(role_id < 2)",
                                  "Rows Removed by Filter": 143823,
                                  "Exact Heap Blocks": 7494,
                                  "Lossy Heap Blocks": 0,
                                  "Plans": [
                                    {
                                      "Node Type": "Bitmap Index Scan",
                                      "Parent Relationship": "Outer",
                                      "Parallel Aware": false,
                                      "Index Name": "person_id_cast_info",
                                      "Startup Cost": 0.0,
                                      "Total Cost": 32443.42,
                                      "Plan Rows": 1485714,
                                      "Plan Width": 0,
                                      "Actual Startup Time": 57.623,
                                      "Actual Total Time": 57.623,
                                      "Actual Rows": 1535936,
                                      "Actual Loops": 1,
                                      "Index Cond": "(person_id < 153744)"
                                    }
                                  ]
                                }
                              ]
                            }
                          ]
                        }
                      ]
                    }
                  ]
                }
              ]
            }
          ]
        }
      ]
    },
    "Planning Time": 1.269,
    "Triggers": [],
    "Execution Time": 992.732
  }
]