[
  {
    "Plan": {
      "Node Type": "Aggregate",
      "Strategy": "Plain",
      "Partial Mode": "Finalize",
      "Parallel Aware": false,
      "Startup Cost": 33098.63,
      "Total Cost": 33098.64,
      "Plan Rows": 1,
      "Plan Width": 8,
      "Actual Startup Time": 93.021,
      "Actual Total Time": 100.708,
      "Actual Rows": 1,
      "Actual Loops": 1,
      "Plans": [
        {
          "Node Type": "Gather",
          "Parent Relationship": "Outer",
          "Parallel Aware": false,
          "Startup Cost": 33098.32,
          "Total Cost": 33098.63,
          "Plan Rows": 3,
          "Plan Width": 8,
          "Actual Startup Time": 92.916,
          "Actual Total Time": 100.699,
          "Actual Rows": 4,
          "Actual Loops": 1,
          "Workers Planned": 3,
          "Workers Launched": 3,
          "Single Copy": false,
          "Plans": [
            {
              "Node Type": "Aggregate",
              "Strategy": "Plain",
              "Partial Mode": "Partial",
              "Parent Relationship": "Outer",
              "Parallel Aware": false,
              "Startup Cost": 32098.32,
              "Total Cost": 32098.33,
              "Plan Rows": 1,
              "Plan Width": 8,
              "Actual Startup Time": 86.001,
              "Actual Total Time": 86.002,
              "Actual Rows": 1,
              "Actual Loops": 4,
              "Plans": [
                {
                  "Node Type": "Seq Scan",
                  "Parent Relationship": "Outer",
                  "Parallel Aware": true,
                  "Relation Name": "movie_companies",
                  "Alias": "mc",
                  "Startup Cost": 0.0,
                  "Total Cost": 31414.82,
                  "Plan Rows": 273399,
                  "Plan Width": 0,
                  "Actual Startup Time": 49.947,
                  "Actual Total Time": 80.712,
                  "Actual Rows": 133609,
                  "Actual Loops": 4,
                  "Filter": "((company_id < 18490) AND (company_type_id = 2))",
                  "Rows Removed by Filter": 518674
                }
              ]
            }
          ]
        }
      ]
    },
    "Planning Time": 0.224,
    "Triggers": [],
    "Execution Time": 100.767
  }
]