[
  {
    "Plan": {
      "Node Type": "Aggregate",
      "Strategy": "Plain",
      "Partial Mode": "Finalize",
      "Parallel Aware": false,
      "Startup Cost": 46904.11,
      "Total Cost": 46904.12,
      "Plan Rows": 1,
      "Plan Width": 8,
      "Actual Startup Time": 170.848,
      "Actual Total Time": 180.536,
      "Actual Rows": 1,
      "Actual Loops": 1,
      "Plans": [
        {
          "Node Type": "Gather",
          "Parent Relationship": "Outer",
          "Parallel Aware": false,
          "Startup Cost": 46903.79,
          "Total Cost": 46904.1,
          "Plan Rows": 3,
          "Plan Width": 8,
          "Actual Startup Time": 170.624,
          "Actual Total Time": 180.527,
          "Actual Rows": 4,
          "Actual Loops": 1,
          "Workers Planned": 3,
          "Workers Launched": 3,
          "Single Copy": false,
          "Plans": [
            {
              "Node Type": "Aggregate",
              "Strategy": "Plain",
              "Partial Mode": "Partial",
              "Parent Relationship": "Outer",
              "Parallel Aware": false,
              "Startup Cost": 45903.79,
              "Total Cost": 45903.8,
              "Plan Rows": 1,
              "Plan Width": 8,
              "Actual Startup Time": 163.902,
              "Actual Total Time": 163.903,
              "Actual Rows": 1,
              "Actual Loops": 4,
              "Plans": [
                {
                  "Node Type": "Seq Scan",
                  "Parent Relationship": "Outer",
                  "Parallel Aware": true,
                  "Relation Name": "movie_keyword",
                  "Alias": "mk",
                  "Startup Cost": 0.0,
                  "Total Cost": 42695.65,
                  "Plan Rows": 1283254,
                  "Plan Width": 0,
                  "Actual Startup Time": 0.049,
                  "Actual Total Time": 121.527,
                  "Actual Rows": 998502,
                  "Actual Loops": 4,
                  "Filter": "(keyword_id < 34413)",
                  "Rows Removed by Filter": 132480
                }
              ]
            }
          ]
        }
      ]
    },
    "Planning Time": 0.191,
    "Triggers": [],
    "Execution Time": 180.594
  }
]