[
  {
    "Plan": {
      "Node Type": "Aggregate",
      "Strategy": "Plain",
      "Partial Mode": "Finalize",
      "Parallel Aware": false,
      "Startup Cost": 23559.02,
      "Total Cost": 23559.03,
      "Plan Rows": 1,
      "Plan Width": 8,
      "Actual Startup Time": 48.487,
      "Actual Total Time": 52.338,
      "Actual Rows": 1,
      "Actual Loops": 1,
      "Plans": [
        {
          "Node Type": "Gather",
          "Parent Relationship": "Outer",
          "Parallel Aware": false,
          "Startup Cost": 23558.6,
          "Total Cost": 23559.01,
          "Plan Rows": 4,
          "Plan Width": 8,
          "Actual Startup Time": 48.379,
          "Actual Total Time": 52.331,
          "Actual Rows": 5,
          "Actual Loops": 1,
          "Workers Planned": 4,
          "Workers Launched": 4,
          "Single Copy": false,
          "Plans": [
            {
              "Node Type": "Aggregate",
              "Strategy": "Plain",
              "Partial Mode": "Partial",
              "Parent Relationship": "Outer",
              "Parallel Aware": false,
              "Startup Cost": 22558.6,
              "Total Cost": 22558.61,
              "Plan Rows": 1,
              "Plan Width": 8,
              "Actual Startup Time": 42.088,
              "Actual Total Time": 42.089,
              "Actual Rows": 1,
              "Actual Loops": 5,
              "Plans": [
                {
                  "Node Type": "Index Scan",
                  "Parent Relationship": "Outer",
                  "Parallel Aware": true,
                  "Scan Direction": "Forward",
                  "Index Name": "role_id_cast_info",
                  "Relation Name": "cast_info",
                  "Alias": "ci",
                  "Startup Cost": 0.56,
                  "Total Cost": 22554.34,
                  "Plan Rows": 1704,
                  "Plan Width": 0,
                  "Actual Startup Time": 24.345,
                  "Actual Total Time": 41.907,
                  "Actual Rows": 927,
                  "Actual Loops": 5,
                  "Index Cond": "(role_id = 6)",
                  "Rows Removed by Index Recheck": 0,
                  "Filter": "(person_id < 35967)",
                  "Rows Removed by Filter": 153807
                }
              ]
            }
          ]
        }
      ]
    },
    "Planning Time": 0.379,
    "Triggers": [],
    "Execution Time": 52.398
  }
]