{
  "Plan": {
    "Node Type": "Aggregate",
    "Strategy": "Plain",
    "Partial Mode": "Finalize",
    "Parallel Aware": false,
    "Startup Cost": 27418.93,
    "Total Cost": 27418.94,
    "Plan Rows": 1,
    "Plan Width": 8,
    "Actual Startup Time": 34.218,
    "Actual Total Time": 37.795,
    "Actual Rows": 1,
    "Actual Loops": 1,
    "Plans": [
      {
        "Node Type": "Gather",
        "Parent Relationship": "Outer",
        "Parallel Aware": false,
        "Startup Cost": 27418.82,
        "Total Cost": 27418.93,
        "Plan Rows": 1,
        "Plan Width": 8,
        "Actual Startup Time": 34.074,
        "Actual Total Time": 37.787,
        "Actual Rows": 2,
        "Actual Loops": 1,
        "Workers Planned": 1,
        "Workers Launched": 1,
        "Single Copy": false,
        "Plans": [
          {
            "Node Type": "Aggregate",
            "Strategy": "Plain",
            "Partial Mode": "Partial",
            "Parent Relationship": "Outer",
            "Parallel Aware": false,
            "Startup Cost": 26418.82,
            "Total Cost": 26418.83,
            "Plan Rows": 1,
            "Plan Width": 8,
            "Actual Startup Time": 28.032,
            "Actual Total Time": 28.034,
            "Actual Rows": 1,
            "Actual Loops": 2,
            "Plans": [
              {
                "Node Type": "Nested Loop",
                "Parent Relationship": "Outer",
                "Parallel Aware": false,
                "Join Type": "Inner",
                "Startup Cost": 131.17,
                "Total Cost": 26418.73,
                "Plan Rows": 34,
                "Plan Width": 0,
                "Actual Startup Time": 26.388,
                "Actual Total Time": 28.024,
                "Actual Rows": 55,
                "Actual Loops": 2,
                "Inner Unique": false,
                "Plans": [
                  {
                    "Node Type": "Nested Loop",
                    "Parent Relationship": "Outer",
                    "Parallel Aware": false,
                    "Join Type": "Inner",
                    "Startup Cost": 130.61,
                    "Total Cost": 26174.07,
                    "Plan Rows": 2,
                    "Plan Width": 8,
                    "Actual Startup Time": 26.375,
                    "Actual Total Time": 27.861,
                    "Actual Rows": 1,
                    "Actual Loops": 2,
                    "Inner Unique": true,
                    "Plans": [
                      {
                        "Node Type": "Bitmap Heap Scan",
                        "Parent Relationship": "Outer",
                        "Parallel Aware": true,
                        "Relation Name": "movie_companies",
                        "Alias": "mc",
                        "Startup Cost": 130.18,
                        "Total Cost": 12735.64,
                        "Plan Rows": 1738,
                        "Plan Width": 4,
                        "Actual Startup Time": 1.326,
                        "Actual Total Time": 4.185,
                        "Actual Rows": 3075,
                        "Actual Loops": 2,
                        "Recheck Cond": "(company_id = 145)",
                        "Rows Removed by Index Recheck": 0,
                        "Filter": "(company_type_id = 1)",
                        "Rows Removed by Filter": 28,
                        "Exact Heap Blocks": 609,
                        "Lossy Heap Blocks": 0,
                        "Plans": [
                          {
                            "Node Type": "Bitmap Index Scan",
                            "Parent Relationship": "Outer",
                            "Parallel Aware": false,
                            "Index Name": "company_id_movie_companies",
                            "Startup Cost": 0.0,
                            "Total Cost": 129.44,
                            "Plan Rows": 6001,
                            "Plan Width": 0,
                            "Actual Startup Time": 2.148,
                            "Actual Total Time": 2.149,
                            "Actual Rows": 6205,
                            "Actual Loops": 1,
                            "Index Cond": "(company_id = 145)"
                          }
                        ]
                      },
                      {
                        "Node Type": "Index Scan",
                        "Parent Relationship": "Inner",
                        "Parallel Aware": false,
                        "Scan Direction": "Forward",
                        "Index Name": "title_pkey",
                        "Relation Name": "title",
                        "Alias": "t",
                        "Startup Cost": 0.43,
                        "Total Cost": 7.73,
                        "Plan Rows": 1,
                        "Plan Width": 4,
                        "Actual Startup Time": 0.007,
                        "Actual Total Time": 0.007,
                        "Actual Rows": 0,
                        "Actual Loops": 6150,
                        "Index Cond": "(id = mc.movie_id)",
                        "Rows Removed by Index Recheck": 0,
                        "Filter": "((kind_id = 1) AND (production_year = 1965))",
                        "Rows Removed by Filter": 1
                      }
                    ]
                  },
                  {
                    "Node Type": "Index Only Scan",
                    "Parent Relationship": "Inner",
                    "Parallel Aware": false,
                    "Scan Direction": "Forward",
                    "Index Name": "movie_id_cast_info",
                    "Relation Name": "cast_info",
                    "Alias": "ci",
                    "Startup Cost": 0.56,
                    "Total Cost": 121.96,
                    "Plan Rows": 37,
                    "Plan Width": 4,
                    "Actual Startup Time": 0.018,
                    "Actual Total Time": 0.152,
                    "Actual Rows": 55,
                    "Actual Loops": 2,
                    "Index Cond": "(movie_id = t.id)",
                    "Rows Removed by Index Recheck": 0,
                    "Heap Fetches": 110
                  }
                ]
              }
            ]
          }
        ]
      }
    ]
  },
  "Planning Time": 1.1,
  "Triggers": [],
  "Execution Time": 37.897
}