[
  {
    "Plan": {
      "Node Type": "Aggregate",
      "Strategy": "Plain",
      "Partial Mode": "Finalize",
      "Parallel Aware": false,
      "Startup Cost": 76590.52,
      "Total Cost": 76590.53,
      "Plan Rows": 1,
      "Plan Width": 8,
      "Actual Startup Time": 524.507,
      "Actual Total Time": 591.847,
      "Actual Rows": 1,
      "Actual Loops": 1,
      "Plans": [
        {
          "Node Type": "Gather",
          "Parent Relationship": "Outer",
          "Parallel Aware": false,
          "Startup Cost": 76590.3,
          "Total Cost": 76590.51,
          "Plan Rows": 2,
          "Plan Width": 8,
          "Actual Startup Time": 523.453,
          "Actual Total Time": 591.836,
          "Actual Rows": 3,
          "Actual Loops": 1,
          "Workers Planned": 2,
          "Workers Launched": 2,
          "Single Copy": false,
          "Plans": [
            {
              "Node Type": "Aggregate",
              "Strategy": "Plain",
              "Partial Mode": "Partial",
              "Parent Relationship": "Outer",
              "Parallel Aware": false,
              "Startup Cost": 75590.3,
              "Total Cost": 75590.31,
              "Plan Rows": 1,
              "Plan Width": 8,
              "Actual Startup Time": 518.373,
              "Actual Total Time": 518.377,
              "Actual Rows": 1,
              "Actual Loops": 3,
              "Plans": [
                {
                  "Node Type": "Nested Loop",
                  "Parent Relationship": "Outer",
                  "Parallel Aware": false,
                  "Join Type": "Inner",
                  "Startup Cost": 45554.04,
                  "Total Cost": 75397.57,
                  "Plan Rows": 77092,
                  "Plan Width": 0,
                  "Actual Startup Time": 107.779,
                  "Actual Total Time": 505.148,
                  "Actual Rows": 262794,
                  "Actual Loops": 3,
                  "Inner Unique": false,
                  "Join Filter": "(t.id = ci.movie_id)",
                  "Rows Removed by Join Filter": 0,
                  "Plans": [
                    {
                      "Node Type": "Hash Join",
                      "Parent Relationship": "Outer",
                      "Parallel Aware": true,
                      "Join Type": "Inner",
                      "Startup Cost": 45553.47,
                      "Total Cost": 60748.03,
                      "Plan Rows": 5377,
                      "Plan Width": 8,
                      "Actual Startup Time": 107.685,
                      "Actual Total Time": 183.925,
                      "Actual Rows": 9609,
                      "Actual Loops": 3,
                      "Inner Unique": true,
                      "Hash Cond": "(mi_idx.movie_id = t.id)",
                      "Plans": [
                        {
                          "Node Type": "Seq Scan",
                          "Parent Relationship": "Outer",
                          "Parallel Aware": true,
                          "Relation Name": "movie_info_idx",
                          "Alias": "mi_idx",
                          "Startup Cost": 0.0,
                          "Total Cost": 13685.15,
                          "Plan Rows": 575015,
                          "Plan Width": 4,
                          "Actual Startup Time": 0.012,
                          "Actual Total Time": 36.649,
                          "Actual Rows": 460012,
                          "Actual Loops": 3
                        },
                        {
                          "Node Type": "Hash",
                          "Parent Relationship": "Inner",
                          "Parallel Aware": true,
                          "Startup Cost": 45479.59,
                          "Total Cost": 45479.59,
                          "Plan Rows": 5911,
                          "Plan Width": 4,
                          "Actual Startup Time": 107.067,
                          "Actual Total Time": 107.068,
                          "Actual Rows": 6878,
                          "Actual Loops": 3,
                          "Hash Buckets": 32768,
                          "Original Hash Buckets": 32768,
                          "Hash Batches": 1,
                          "Original Hash Batches": 1,
                          "Peak Memory Usage": 1088,
                          "Plans": [
                            {
                              "Node Type": "Seq Scan",
                              "Parent Relationship": "Outer",
                              "Parallel Aware": true,
                              "Relation Name": "title",
                              "Alias": "t",
                              "Startup Cost": 0.0,
                              "Total Cost": 45479.59,
                              "Plan Rows": 5911,
                              "Plan Width": 4,
                              "Actual Startup Time": 0.138,
                              "Actual Total Time": 104.315,
                              "Actual Rows": 6878,
                              "Actual Loops": 3,
                              "Filter": "((kind_id < 7) AND (production_year = 2002))",
                              "Rows Removed by Filter": 835893
                            }
                          ]
                        }
                      ]
                    },
                    {
                      "Node Type": "Index Only Scan",
                      "Parent Relationship": "Inner",
                      "Parallel Aware": false,
                      "Scan Direction": "Forward",
                      "Index Name": "movie_id_cast_info",
                      "Relation Name": "cast_info",
                      "Alias": "ci",
                      "Startup Cost": 0.56,
                      "Total Cost": 2.29,
                      "Plan Rows": 35,
                      "Plan Width": 4,
                      "Actual Startup Time": 0.005,
                      "Actual Total Time": 0.031,
                      "Actual Rows": 27,
                      "Actual Loops": 28828,
                      "Index Cond": "(movie_id = mi_idx.movie_id)",
                      "Rows Removed by Index Recheck": 0,
                      "Heap Fetches": 788382
                    }
                  ]
                }
              ]
            }
          ]
        }
      ]
    },
    "Planning Time": 0.775,
    "Triggers": [],
    "Execution Time": 591.916
  }
]