[
  {
    "Plan": {
      "Node Type": "Aggregate",
      "Strategy": "Plain",
      "Partial Mode": "Finalize",
      "Parallel Aware": false,
      "Startup Cost": 126679.54,
      "Total Cost": 126679.55,
      "Plan Rows": 1,
      "Plan Width": 8,
      "Actual Startup Time": 532.5,
      "Actual Total Time": 554.454,
      "Actual Rows": 1,
      "Actual Loops": 1,
      "Plans": [
        {
          "Node Type": "Gather",
          "Parent Relationship": "Outer",
          "Parallel Aware": false,
          "Startup Cost": 126679.22,
          "Total Cost": 126679.53,
          "Plan Rows": 3,
          "Plan Width": 8,
          "Actual Startup Time": 531.024,
          "Actual Total Time": 554.441,
          "Actual Rows": 4,
          "Actual Loops": 1,
          "Workers Planned": 3,
          "Workers Launched": 3,
          "Single Copy": false,
          "Plans": [
            {
              "Node Type": "Aggregate",
              "Strategy": "Plain",
              "Partial Mode": "Partial",
              "Parent Relationship": "Outer",
              "Parallel Aware": false,
              "Startup Cost": 125679.22,
              "Total Cost": 125679.23,
              "Plan Rows": 1,
              "Plan Width": 8,
              "Actual Startup Time": 524.276,
              "Actual Total Time": 524.367,
              "Actual Rows": 1,
              "Actual Loops": 4,
              "Plans": [
                {
                  "Node Type": "Hash Join",
                  "Parent Relationship": "Outer",
                  "Parallel Aware": true,
                  "Join Type": "Inner",
                  "Startup Cost": 80327.36,
                  "Total Cost": 125263.2,
                  "Plan Rows": 166407,
                  "Plan Width": 0,
                  "Actual Startup Time": 307.61,
                  "Actual Total Time": 513.663,
                  "Actual Rows": 234035,
                  "Actual Loops": 4,
                  "Inner Unique": false,
                  "Hash Cond": "(mk.movie_id = t.id)",
                  "Plans": [
                    {
                      "Node Type": "Seq Scan",
                      "Parent Relationship": "Outer",
                      "Parallel Aware": true,
                      "Relation Name": "movie_keyword",
                      "Alias": "mk",
                      "Startup Cost": 0.0,
                      "Total Cost": 39047.32,
                      "Plan Rows": 1459332,
                      "Plan Width": 4,
                      "Actual Startup Time": 0.03,
                      "Actual Total Time": 92.514,
                      "Actual Rows": 1130982,
                      "Actual Loops": 4
                    },
                    {
                      "Node Type": "Hash",
                      "Parent Relationship": "Inner",
                      "Parallel Aware": true,
                      "Startup Cost": 79426.43,
                      "Total Cost": 79426.43,
                      "Plan Rows": 72075,
                      "Plan Width": 8,
                      "Actual Startup Time": 304.232,
                      "Actual Total Time": 304.323,
                      "Actual Rows": 46294,
                      "Actual Loops": 4,
                      "Hash Buckets": 524288,
                      "Original Hash Buckets": 524288,
                      "Hash Batches": 1,
                      "Original Hash Batches": 1,
                      "Peak Memory Usage": 11424,
                      "Plans": [
                        {
                          "Node Type": "Hash Join",
                          "Parent Relationship": "Outer",
                          "Parallel Aware": true,
                          "Join Type": "Inner",
                          "Startup Cost": 33054.88,
                          "Total Cost": 79426.43,
                          "Plan Rows": 72075,
                          "Plan Width": 8,
                          "Actual Startup Time": 109.147,
                          "Actual Total Time": 286.261,
                          "Actual Rows": 46294,
                          "Actual Loops": 4,
                          "Inner Unique": false,
                          "Hash Cond": "(t.id = mc.movie_id)",
                          "Plans": [
                            {
                              "Node Type": "Seq Scan",
                              "Parent Relationship": "Outer",
                              "Parallel Aware": true,
                              "Relation Name": "title",
                              "Alias": "t",
                              "Startup Cost": 0.0,
                              "Total Cost": 43898.92,
                              "Plan Rows": 448026,
                              "Plan Width": 4,
                              "Actual Startup Time": 0.012,
                              "Actual Total Time": 96.782,
                              "Actual Rows": 448538,
                              "Actual Loops": 4,
                              "Filter": "(production_year < 2009)",
                              "Rows Removed by Filter": 183540
                            },
                            {
                              "Node Type": "Hash",
                              "Parent Relationship": "Inner",
                              "Parallel Aware": true,
                              "Startup Cost": 31414.82,
                              "Total Cost": 31414.82,
                              "Plan Rows": 131205,
                              "Plan Width": 4,
                              "Actual Startup Time": 107.47,
                              "Actual Total Time": 107.471,
                              "Actual Rows": 57682,
                              "Actual Loops": 4,
                              "Hash Buckets": 524288,
                              "Original Hash Buckets": 524288,
                              "Hash Batches": 1,
                              "Original Hash Batches": 1,
                              "Peak Memory Usage": 13216,
                              "Plans": [
                                {
                                  "Node Type": "Seq Scan",
                                  "Parent Relationship": "Outer",
                                  "Parallel Aware": true,
                                  "Relation Name": "movie_companies",
                                  "Alias": "mc",
                                  "Startup Cost": 0.0,
                                  "Total Cost": 31414.82,
                                  "Plan Rows": 131205,
                                  "Plan Width": 4,
                                  "Actual Startup Time": 53.923,
                                  "Actual Total Time": 85.4,
                                  "Actual Rows": 57682,
                                  "Actual Loops": 4,
                                  "Filter": "((company_id < 1712) AND (company_type_id > 1))",
                                  "Rows Removed by Filter": 594600
                                }
                              ]
                            }
                          ]
                        }
                      ]
                    }
                  ]
                }
              ]
            }
          ]
        }
      ]
    },
    "Planning Time": 1.483,
    "Triggers": [],
    "Execution Time": 554.544
  }
]