[
  {
    "Plan": {
      "Node Type": "Aggregate",
      "Strategy": "Plain",
      "Partial Mode": "Finalize",
      "Parallel Aware": false,
      "Startup Cost": 329624.44,
      "Total Cost": 329624.45,
      "Plan Rows": 1,
      "Plan Width": 8,
      "Actual Startup Time": 325.205,
      "Actual Total Time": 341.195,
      "Actual Rows": 1,
      "Actual Loops": 1,
      "Plans": [
        {
          "Node Type": "Gather",
          "Parent Relationship": "Outer",
          "Parallel Aware": false,
          "Startup Cost": 329624.02,
          "Total Cost": 329624.43,
          "Plan Rows": 4,
          "Plan Width": 8,
          "Actual Startup Time": 322.979,
          "Actual Total Time": 341.182,
          "Actual Rows": 5,
          "Actual Loops": 1,
          "Workers Planned": 4,
          "Workers Launched": 4,
          "Single Copy": false,
          "Plans": [
            {
              "Node Type": "Aggregate",
              "Strategy": "Plain",
              "Partial Mode": "Partial",
              "Parent Relationship": "Outer",
              "Parallel Aware": false,
              "Startup Cost": 328624.02,
              "Total Cost": 328624.03,
              "Plan Rows": 1,
              "Plan Width": 8,
              "Actual Startup Time": 313.018,
              "Actual Total Time": 313.022,
              "Actual Rows": 1,
              "Actual Loops": 5,
              "Plans": [
                {
                  "Node Type": "Hash Join",
                  "Parent Relationship": "Outer",
                  "Parallel Aware": true,
                  "Join Type": "Inner",
                  "Startup Cost": 278983.89,
                  "Total Cost": 328377.14,
                  "Plan Rows": 98749,
                  "Plan Width": 0,
                  "Actual Startup Time": 138.846,
                  "Actual Total Time": 310.102,
                  "Actual Rows": 49718,
                  "Actual Loops": 5,
                  "Inner Unique": false,
                  "Hash Cond": "(t.id = ci.movie_id)",
                  "Plans": [
                    {
                      "Node Type": "Seq Scan",
                      "Parent Relationship": "Outer",
                      "Parallel Aware": true,
                      "Relation Name": "title",
                      "Alias": "t",
                      "Startup Cost": 0.0,
                      "Total Cost": 43898.92,
                      "Plan Rows": 532976,
                      "Plan Width": 4,
                      "Actual Startup Time": 0.015,
                      "Actual Total Time": 88.575,
                      "Actual Rows": 423674,
                      "Actual Loops": 5,
                      "Filter": "(production_year > 1967)",
                      "Rows Removed by Filter": 81988
                    },
                    {
                      "Node Type": "Hash",
                      "Parent Relationship": "Inner",
                      "Parallel Aware": true,
                      "Startup Cost": 278007.97,
                      "Total Cost": 278007.97,
                      "Plan Rows": 78073,
                      "Plan Width": 4,
                      "Actual Startup Time": 135.962,
                      "Actual Total Time": 135.963,
                      "Actual Rows": 55972,
                      "Actual Loops": 5,
                      "Hash Buckets": 524288,
                      "Original Hash Buckets": 524288,
                      "Hash Batches": 1,
                      "Original Hash Batches": 1,
                      "Peak Memory Usage": 15136,
                      "Plans": [
                        {
                          "Node Type": "Bitmap Heap Scan",
                          "Parent Relationship": "Outer",
                          "Parallel Aware": true,
                          "Relation Name": "cast_info",
                          "Alias": "ci",
                          "Startup Cost": 22732.15,
                          "Total Cost": 278007.97,
                          "Plan Rows": 78073,
                          "Plan Width": 4,
                          "Actual Startup Time": 95.309,
                          "Actual Total Time": 113.752,
                          "Actual Rows": 55972,
                          "Actual Loops": 5,
                          "Recheck Cond": "(person_id < 106100)",
                          "Rows Removed by Index Recheck": 0,
                          "Filter": "(role_id > 2)",
                          "Rows Removed by Filter": 151732,
                          "Exact Heap Blocks": 3181,
                          "Lossy Heap Blocks": 0,
                          "Plans": [
                            {
                              "Node Type": "Bitmap Index Scan",
                              "Parent Relationship": "Outer",
                              "Parallel Aware": false,
                              "Index Name": "person_id_cast_info",
                              "Startup Cost": 0.0,
                              "Total Cost": 22615.04,
                              "Plan Rows": 1035530,
                              "Plan Width": 0,
                              "Actual Startup Time": 52.439,
                              "Actual Total Time": 52.439,
                              "Actual Rows": 1038521,
                              "Actual Loops": 1,
                              "Index Cond": "(person_id < 106100)"
                            }
                          ]
                        }
                      ]
                    }
                  ]
                }
              ]
            }
          ]
        }
      ]
    },
    "Planning Time": 0.601,
    "Triggers": [],
    "Execution Time": 341.288
  }
]