[
  {
    "Plan": {
      "Node Type": "Aggregate",
      "Strategy": "Plain",
      "Partial Mode": "Finalize",
      "Parallel Aware": false,
      "Startup Cost": 148912.59,
      "Total Cost": 148912.6,
      "Plan Rows": 1,
      "Plan Width": 8,
      "Actual Startup Time": 526.455,
      "Actual Total Time": 566.306,
      "Actual Rows": 1,
      "Actual Loops": 1,
      "Plans": [
        {
          "Node Type": "Gather",
          "Parent Relationship": "Outer",
          "Parallel Aware": false,
          "Startup Cost": 148912.37,
          "Total Cost": 148912.58,
          "Plan Rows": 2,
          "Plan Width": 8,
          "Actual Startup Time": 521.259,
          "Actual Total Time": 566.296,
          "Actual Rows": 3,
          "Actual Loops": 1,
          "Workers Planned": 2,
          "Workers Launched": 2,
          "Single Copy": false,
          "Plans": [
            {
              "Node Type": "Aggregate",
              "Strategy": "Plain",
              "Partial Mode": "Partial",
              "Parent Relationship": "Outer",
              "Parallel Aware": false,
              "Startup Cost": 147912.37,
              "Total Cost": 147912.38,
              "Plan Rows": 1,
              "Plan Width": 8,
              "Actual Startup Time": 519.579,
              "Actual Total Time": 519.583,
              "Actual Rows": 1,
              "Actual Loops": 3,
              "Plans": [
                {
                  "Node Type": "Nested Loop",
                  "Parent Relationship": "Outer",
                  "Parallel Aware": false,
                  "Join Type": "Inner",
                  "Startup Cost": 44678.71,
                  "Total Cost": 147798.51,
                  "Plan Rows": 45546,
                  "Plan Width": 0,
                  "Actual Startup Time": 132.121,
                  "Actual Total Time": 514.944,
                  "Actual Rows": 81717,
                  "Actual Loops": 3,
                  "Inner Unique": false,
                  "Join Filter": "(t.id = mi.movie_id)",
                  "Rows Removed by Join Filter": 0,
                  "Plans": [
                    {
                      "Node Type": "Hash Join",
                      "Parent Relationship": "Outer",
                      "Parallel Aware": true,
                      "Join Type": "Inner",
                      "Startup Cost": 44678.27,
                      "Total Cost": 60812.26,
                      "Plan Rows": 37981,
                      "Plan Width": 8,
                      "Actual Startup Time": 131.801,
                      "Actual Total Time": 224.583,
                      "Actual Rows": 32683,
                      "Actual Loops": 3,
                      "Inner Unique": true,
                      "Hash Cond": "(mi_idx.movie_id = t.id)",
                      "Plans": [
                        {
                          "Node Type": "Seq Scan",
                          "Parent Relationship": "Outer",
                          "Parallel Aware": true,
                          "Relation Name": "movie_info_idx",
                          "Alias": "mi_idx",
                          "Startup Cost": 0.0,
                          "Total Cost": 15122.68,
                          "Plan Rows": 385260,
                          "Plan Width": 4,
                          "Actual Startup Time": 0.012,
                          "Actual Total Time": 43.768,
                          "Actual Rows": 306703,
                          "Actual Loops": 3,
                          "Filter": "(info_type_id > 99)",
                          "Rows Removed by Filter": 153308
                        },
                        {
                          "Node Type": "Hash",
                          "Parent Relationship": "Inner",
                          "Parallel Aware": true,
                          "Startup Cost": 43899.32,
                          "Total Cost": 43899.32,
                          "Plan Rows": 62316,
                          "Plan Width": 4,
                          "Actual Startup Time": 129.41,
                          "Actual Total Time": 129.411,
                          "Actual Rows": 87865,
                          "Actual Loops": 3,
                          "Hash Buckets": 524288,
                          "Original Hash Buckets": 262144,
                          "Hash Batches": 1,
                          "Original Hash Batches": 1,
                          "Peak Memory Usage": 16544,
                          "Plans": [
                            {
                              "Node Type": "Seq Scan",
                              "Parent Relationship": "Outer",
                              "Parallel Aware": true,
                              "Relation Name": "title",
                              "Alias": "t",
                              "Startup Cost": 0.0,
                              "Total Cost": 43899.32,
                              "Plan Rows": 62316,
                              "Plan Width": 4,
                              "Actual Startup Time": 0.029,
                              "Actual Total Time": 99.134,
                              "Actual Rows": 87865,
                              "Actual Loops": 3,
                              "Filter": "(production_year < 1962)",
                              "Rows Removed by Filter": 754906
                            }
                          ]
                        }
                      ]
                    },
                    {
                      "Node Type": "Index Scan",
                      "Parent Relationship": "Inner",
                      "Parallel Aware": false,
                      "Scan Direction": "Forward",
                      "Index Name": "movie_id_movie_info",
                      "Relation Name": "movie_info",
                      "Alias": "mi",
                      "Startup Cost": 0.43,
                      "Total Cost": 2.19,
                      "Plan Rows": 8,
                      "Plan Width": 4,
                      "Actual Startup Time": 0.005,
                      "Actual Total Time": 0.008,
                      "Actual Rows": 3,
                      "Actual Loops": 98048,
                      "Index Cond": "(movie_id = mi_idx.movie_id)",
                      "Rows Removed by Index Recheck": 0,
                      "Filter": "(info_type_id = 16)",
                      "Rows Removed by Filter": 17
                    }
                  ]
                }
              ]
            }
          ]
        }
      ]
    },
    "Planning Time": 1.02,
    "Triggers": [],
    "Execution Time": 566.388
  }
]