[
    {
        "Bao": {
            "Bao prediction": "NaN",
            "Bao recommended hint": "(no hint)"
        }
    },
    {
        "Plan": {
            "Node Type": "Aggregate",
            "Strategy": "Plain",
            "Partial Mode": "Finalize",
            "Parallel Aware": false,
            "Startup Cost": 33196.72,
            "Total Cost": 33196.73,
            "Plan Rows": 1,
            "Plan Width": 8,
            "Actual Startup Time": 90.854,
            "Actual Total Time": 95.021,
            "Actual Rows": 1,
            "Actual Loops": 1,
            "Output": [
                "count(*)"
            ],
            "Plans": [
                {
                    "Node Type": "Gather",
                    "Parent Relationship": "Outer",
                    "Parallel Aware": false,
                    "Startup Cost": 33196.4,
                    "Total Cost": 33196.71,
                    "Plan Rows": 3,
                    "Plan Width": 8,
                    "Actual Startup Time": 90.724,
                    "Actual Total Time": 95.014,
                    "Actual Rows": 4,
                    "Actual Loops": 1,
                    "Output": [
                        "(PARTIAL count(*))"
                    ],
                    "Workers Planned": 3,
                    "Workers Launched": 3,
                    "Single Copy": false,
                    "Plans": [
                        {
                            "Node Type": "Aggregate",
                            "Strategy": "Plain",
                            "Partial Mode": "Partial",
                            "Parent Relationship": "Outer",
                            "Parallel Aware": false,
                            "Startup Cost": 32196.4,
                            "Total Cost": 32196.41,
                            "Plan Rows": 1,
                            "Plan Width": 8,
                            "Actual Startup Time": 82.947,
                            "Actual Total Time": 82.948,
                            "Actual Rows": 1,
                            "Actual Loops": 4,
                            "Output": [
                                "PARTIAL count(*)"
                            ],
                            "Workers": [
                                {
                                    "Worker Number": 0,
                                    "Actual Startup Time": 80.24,
                                    "Actual Total Time": 80.241,
                                    "Actual Rows": 1,
                                    "Actual Loops": 1
                                },
                                {
                                    "Worker Number": 1,
                                    "Actual Startup Time": 80.397,
                                    "Actual Total Time": 80.398,
                                    "Actual Rows": 1,
                                    "Actual Loops": 1
                                },
                                {
                                    "Worker Number": 2,
                                    "Actual Startup Time": 80.71,
                                    "Actual Total Time": 80.711,
                                    "Actual Rows": 1,
                                    "Actual Loops": 1
                                }
                            ],
                            "Plans": [
                                {
                                    "Node Type": "Seq Scan",
                                    "Parent Relationship": "Outer",
                                    "Parallel Aware": true,
                                    "Relation Name": "movie_companies",
                                    "Schema": "public",
                                    "Alias": "mc",
                                    "Startup Cost": 0.0,
                                    "Total Cost": 31414.82,
                                    "Plan Rows": 312632,
                                    "Plan Width": 0,
                                    "Actual Startup Time": 41.74,
                                    "Actual Total Time": 75.176,
                                    "Actual Rows": 166156,
                                    "Actual Loops": 4,
                                    "Output": [
                                        "id",
                                        "movie_id",
                                        "company_id",
                                        "company_type_id",
                                        "note"
                                    ],
                                    "Filter": "((mc.company_id < 44297) AND (mc.company_type_id > 1))",
                                    "Rows Removed by Filter": 486126,
                                    "Workers": [
                                        {
                                            "Worker Number": 0,
                                            "Actual Startup Time": 39.031,
                                            "Actual Total Time": 72.801,
                                            "Actual Rows": 111086,
                                            "Actual Loops": 1
                                        },
                                        {
                                            "Worker Number": 1,
                                            "Actual Startup Time": 39.196,
                                            "Actual Total Time": 72.853,
                                            "Actual Rows": 175780,
                                            "Actual Loops": 1
                                        },
                                        {
                                            "Worker Number": 2,
                                            "Actual Startup Time": 39.494,
                                            "Actual Total Time": 73.119,
                                            "Actual Rows": 174576,
                                            "Actual Loops": 1
                                        }
                                    ]
                                }
                            ]
                        }
                    ]
                }
            ]
        },
        "Planning Time": 227.475,
        "Triggers": [],
        "Execution Time": 95.07
    }
]