[
    {
        "Bao": {
            "Bao prediction": "NaN",
            "Bao recommended hint": "(no hint)"
        }
    },
    {
        "Plan": {
            "Node Type": "Aggregate",
            "Strategy": "Plain",
            "Partial Mode": "Finalize",
            "Parallel Aware": false,
            "Startup Cost": 282125.65,
            "Total Cost": 282125.66,
            "Plan Rows": 1,
            "Plan Width": 8,
            "Actual Startup Time": 1053.262,
            "Actual Total Time": 1083.66,
            "Actual Rows": 1,
            "Actual Loops": 1,
            "Output": [
                "count(*)"
            ],
            "Plans": [
                {
                    "Node Type": "Gather",
                    "Parent Relationship": "Outer",
                    "Parallel Aware": false,
                    "Startup Cost": 282125.33,
                    "Total Cost": 282125.64,
                    "Plan Rows": 3,
                    "Plan Width": 8,
                    "Actual Startup Time": 1034.238,
                    "Actual Total Time": 1083.651,
                    "Actual Rows": 4,
                    "Actual Loops": 1,
                    "Output": [
                        "(PARTIAL count(*))"
                    ],
                    "Workers Planned": 3,
                    "Workers Launched": 3,
                    "Single Copy": false,
                    "Plans": [
                        {
                            "Node Type": "Aggregate",
                            "Strategy": "Plain",
                            "Partial Mode": "Partial",
                            "Parent Relationship": "Outer",
                            "Parallel Aware": false,
                            "Startup Cost": 281125.33,
                            "Total Cost": 281125.34,
                            "Plan Rows": 1,
                            "Plan Width": 8,
                            "Actual Startup Time": 1019.893,
                            "Actual Total Time": 1019.899,
                            "Actual Rows": 1,
                            "Actual Loops": 4,
                            "Output": [
                                "PARTIAL count(*)"
                            ],
                            "Workers": [
                                {
                                    "Worker Number": 0,
                                    "Actual Startup Time": 1015.148,
                                    "Actual Total Time": 1015.153,
                                    "Actual Rows": 1,
                                    "Actual Loops": 1
                                },
                                {
                                    "Worker Number": 1,
                                    "Actual Startup Time": 1015.316,
                                    "Actual Total Time": 1015.32,
                                    "Actual Rows": 1,
                                    "Actual Loops": 1
                                },
                                {
                                    "Worker Number": 2,
                                    "Actual Startup Time": 1015.63,
                                    "Actual Total Time": 1015.636,
                                    "Actual Rows": 1,
                                    "Actual Loops": 1
                                }
                            ],
                            "Plans": [
                                {
                                    "Node Type": "Hash Join",
                                    "Parent Relationship": "Outer",
                                    "Parallel Aware": true,
                                    "Join Type": "Inner",
                                    "Startup Cost": 247298.13,
                                    "Total Cost": 280602.62,
                                    "Plan Rows": 209085,
                                    "Plan Width": 0,
                                    "Actual Startup Time": 768.924,
                                    "Actual Total Time": 980.477,
                                    "Actual Rows": 699254,
                                    "Actual Loops": 4,
                                    "Inner Unique": false,
                                    "Hash Cond": "(mc.movie_id = t.id)",
                                    "Workers": [
                                        {
                                            "Worker Number": 0,
                                            "Actual Startup Time": 764.724,
                                            "Actual Total Time": 975.16,
                                            "Actual Rows": 617252,
                                            "Actual Loops": 1
                                        },
                                        {
                                            "Worker Number": 1,
                                            "Actual Startup Time": 764.738,
                                            "Actual Total Time": 978.364,
                                            "Actual Rows": 928032,
                                            "Actual Loops": 1
                                        },
                                        {
                                            "Worker Number": 2,
                                            "Actual Startup Time": 765.053,
                                            "Actual Total Time": 975.775,
                                            "Actual Rows": 614624,
                                            "Actual Loops": 1
                                        }
                                    ],
                                    "Plans": [
                                        {
                                            "Node Type": "Seq Scan",
                                            "Parent Relationship": "Outer",
                                            "Parallel Aware": true,
                                            "Relation Name": "movie_companies",
                                            "Schema": "public",
                                            "Alias": "mc",
                                            "Startup Cost": 0.0,
                                            "Total Cost": 31414.82,
                                            "Plan Rows": 392400,
                                            "Plan Width": 4,
                                            "Actual Startup Time": 0.045,
                                            "Actual Total Time": 83.914,
                                            "Actual Rows": 318562,
                                            "Actual Loops": 4,
                                            "Output": [
                                                "mc.id",
                                                "mc.movie_id",
                                                "mc.company_id",
                                                "mc.company_type_id",
                                                "mc.note"
                                            ],
                                            "Filter": "((mc.company_id < 141280) AND (mc.company_type_id < 2))",
                                            "Rows Removed by Filter": 333721,
                                            "Workers": [
                                                {
                                                    "Worker Number": 0,
                                                    "Actual Startup Time": 0.061,
                                                    "Actual Total Time": 85.141,
                                                    "Actual Rows": 278165,
                                                    "Actual Loops": 1
                                                },
                                                {
                                                    "Worker Number": 1,
                                                    "Actual Startup Time": 0.029,
                                                    "Actual Total Time": 84.555,
                                                    "Actual Rows": 424197,
                                                    "Actual Loops": 1
                                                },
                                                {
                                                    "Worker Number": 2,
                                                    "Actual Startup Time": 0.073,
                                                    "Actual Total Time": 85.231,
                                                    "Actual Rows": 278681,
                                                    "Actual Loops": 1
                                                }
                                            ]
                                        },
                                        {
                                            "Node Type": "Hash",
                                            "Parent Relationship": "Inner",
                                            "Parallel Aware": true,
                                            "Startup Cost": 243930.18,
                                            "Total Cost": 243930.18,
                                            "Plan Rows": 269436,
                                            "Plan Width": 8,
                                            "Actual Startup Time": 761.142,
                                            "Actual Total Time": 761.145,
                                            "Actual Rows": 249017,
                                            "Actual Loops": 4,
                                            "Output": [
                                                "t.id",
                                                "mi.movie_id"
                                            ],
                                            "Hash Buckets": 2097152,
                                            "Original Hash Buckets": 2097152,
                                            "Hash Batches": 1,
                                            "Original Hash Batches": 1,
                                            "Peak Memory Usage": 55424,
                                            "Workers": [
                                                {
                                                    "Worker Number": 0,
                                                    "Actual Startup Time": 764.025,
                                                    "Actual Total Time": 764.028,
                                                    "Actual Rows": 240304,
                                                    "Actual Loops": 1
                                                },
                                                {
                                                    "Worker Number": 1,
                                                    "Actual Startup Time": 764.019,
                                                    "Actual Total Time": 764.023,
                                                    "Actual Rows": 301114,
                                                    "Actual Loops": 1
                                                },
                                                {
                                                    "Worker Number": 2,
                                                    "Actual Startup Time": 764.552,
                                                    "Actual Total Time": 764.555,
                                                    "Actual Rows": 222192,
                                                    "Actual Loops": 1
                                                }
                                            ],
                                            "Plans": [
                                                {
                                                    "Node Type": "Hash Join",
                                                    "Parent Relationship": "Outer",
                                                    "Parallel Aware": true,
                                                    "Join Type": "Inner",
                                                    "Startup Cost": 77548.16,
                                                    "Total Cost": 243930.18,
                                                    "Plan Rows": 269436,
                                                    "Plan Width": 8,
                                                    "Actual Startup Time": 500.972,
                                                    "Actual Total Time": 667.759,
                                                    "Actual Rows": 249017,
                                                    "Actual Loops": 4,
                                                    "Output": [
                                                        "t.id",
                                                        "mi.movie_id"
                                                    ],
                                                    "Inner Unique": true,
                                                    "Hash Cond": "(mi.movie_id = t.id)",
                                                    "Workers": [
                                                        {
                                                            "Worker Number": 0,
                                                            "Actual Startup Time": 500.648,
                                                            "Actual Total Time": 667.246,
                                                            "Actual Rows": 240304,
                                                            "Actual Loops": 1
                                                        },
                                                        {
                                                            "Worker Number": 1,
                                                            "Actual Startup Time": 501.03,
                                                            "Actual Total Time": 668.008,
                                                            "Actual Rows": 301114,
                                                            "Actual Loops": 1
                                                        },
                                                        {
                                                            "Worker Number": 2,
                                                            "Actual Startup Time": 500.946,
                                                            "Actual Total Time": 666.527,
                                                            "Actual Rows": 222192,
                                                            "Actual Loops": 1
                                                        }
                                                    ],
                                                    "Plans": [
                                                        {
                                                            "Node Type": "Bitmap Heap Scan",
                                                            "Parent Relationship": "Outer",
                                                            "Parallel Aware": true,
                                                            "Relation Name": "movie_info",
                                                            "Schema": "public",
                                                            "Alias": "mi",
                                                            "Startup Cost": 26313.05,
                                                            "Total Cost": 191933.34,
                                                            "Plan Rows": 290184,
                                                            "Plan Width": 4,
                                                            "Actual Startup Time": 80.379,
                                                            "Actual Total Time": 132.365,
                                                            "Actual Rows": 350476,
                                                            "Actual Loops": 4,
                                                            "Output": [
                                                                "mi.id",
                                                                "mi.movie_id",
                                                                "mi.info_type_id",
                                                                "mi.info",
                                                                "mi.note"
                                                            ],
                                                            "Recheck Cond": "(mi.info_type_id = 7)",
                                                            "Rows Removed by Index Recheck": 0,
                                                            "Exact Heap Blocks": 2333,
                                                            "Lossy Heap Blocks": 0,
                                                            "Workers": [
                                                                {
                                                                    "Worker Number": 0,
                                                                    "Actual Startup Time": 80.14,
                                                                    "Actual Total Time": 133.041,
                                                                    "Actual Rows": 331514,
                                                                    "Actual Loops": 1
                                                                },
                                                                {
                                                                    "Worker Number": 1,
                                                                    "Actual Startup Time": 80.516,
                                                                    "Actual Total Time": 132.43,
                                                                    "Actual Rows": 431270,
                                                                    "Actual Loops": 1
                                                                },
                                                                {
                                                                    "Worker Number": 2,
                                                                    "Actual Startup Time": 80.443,
                                                                    "Actual Total Time": 133.087,
                                                                    "Actual Rows": 313461,
                                                                    "Actual Loops": 1
                                                                }
                                                            ],
                                                            "Plans": [
                                                                {
                                                                    "Node Type": "Bitmap Index Scan",
                                                                    "Parent Relationship": "Outer",
                                                                    "Parallel Aware": false,
                                                                    "Index Name": "info_type_id_movie_info",
                                                                    "Startup Cost": 0.0,
                                                                    "Total Cost": 25950.32,
                                                                    "Plan Rows": 1450918,
                                                                    "Plan Width": 0,
                                                                    "Actual Startup Time": 77.891,
                                                                    "Actual Total Time": 77.892,
                                                                    "Actual Rows": 1401902,
                                                                    "Actual Loops": 1,
                                                                    "Index Cond": "(mi.info_type_id = 7)",
                                                                    "Workers": [
                                                                        {
                                                                            "Worker Number": 0,
                                                                            "Actual Startup Time": 77.891,
                                                                            "Actual Total Time": 77.892,
                                                                            "Actual Rows": 1401902,
                                                                            "Actual Loops": 1
                                                                        }
                                                                    ]
                                                                }
                                                            ]
                                                        },
                                                        {
                                                            "Node Type": "Hash",
                                                            "Parent Relationship": "Inner",
                                                            "Parallel Aware": true,
                                                            "Startup Cost": 43899.01,
                                                            "Total Cost": 43899.01,
                                                            "Plan Rows": 586888,
                                                            "Plan Width": 4,
                                                            "Actual Startup Time": 410.337,
                                                            "Actual Total Time": 410.338,
                                                            "Actual Rows": 587348,
                                                            "Actual Loops": 4,
                                                            "Output": [
                                                                "t.id"
                                                            ],
                                                            "Hash Buckets": 4194304,
                                                            "Original Hash Buckets": 4194304,
                                                            "Hash Batches": 1,
                                                            "Original Hash Batches": 1,
                                                            "Peak Memory Usage": 124736,
                                                            "Workers": [
                                                                {
                                                                    "Worker Number": 0,
                                                                    "Actual Startup Time": 420.446,
                                                                    "Actual Total Time": 420.447,
                                                                    "Actual Rows": 511599,
                                                                    "Actual Loops": 1
                                                                },
                                                                {
                                                                    "Worker Number": 1,
                                                                    "Actual Startup Time": 420.418,
                                                                    "Actual Total Time": 420.419,
                                                                    "Actual Rows": 709785,
                                                                    "Actual Loops": 1
                                                                },
                                                                {
                                                                    "Worker Number": 2,
                                                                    "Actual Startup Time": 420.392,
                                                                    "Actual Total Time": 420.393,
                                                                    "Actual Rows": 512308,
                                                                    "Actual Loops": 1
                                                                }
                                                            ],
                                                            "Plans": [
                                                                {
                                                                    "Node Type": "Seq Scan",
                                                                    "Parent Relationship": "Outer",
                                                                    "Parallel Aware": true,
                                                                    "Relation Name": "title",
                                                                    "Schema": "public",
                                                                    "Alias": "t",
                                                                    "Startup Cost": 0.0,
                                                                    "Total Cost": 43899.01,
                                                                    "Plan Rows": 586888,
                                                                    "Plan Width": 4,
                                                                    "Actual Startup Time": 0.061,
                                                                    "Actual Total Time": 133.96,
                                                                    "Actual Rows": 587348,
                                                                    "Actual Loops": 4,
                                                                    "Output": [
                                                                        "t.id"
                                                                    ],
                                                                    "Filter": "(t.production_year > 1926)",
                                                                    "Rows Removed by Filter": 44730,
                                                                    "Workers": [
                                                                        {
                                                                            "Worker Number": 0,
                                                                            "Actual Startup Time": 0.083,
                                                                            "Actual Total Time": 138.284,
                                                                            "Actual Rows": 511599,
                                                                            "Actual Loops": 1
                                                                        },
                                                                        {
                                                                            "Worker Number": 1,
                                                                            "Actual Startup Time": 0.082,
                                                                            "Actual Total Time": 131.277,
                                                                            "Actual Rows": 709785,
                                                                            "Actual Loops": 1
                                                                        },
                                                                        {
                                                                            "Worker Number": 2,
                                                                            "Actual Startup Time": 0.053,
                                                                            "Actual Total Time": 138.343,
                                                                            "Actual Rows": 512308,
                                                                            "Actual Loops": 1
                                                                        }
                                                                    ]
                                                                }
                                                            ]
                                                        }
                                                    ]
                                                }
                                            ]
                                        }
                                    ]
                                }
                            ]
                        }
                    ]
                }
            ]
        },
        "Planning Time": 354.053,
        "Triggers": [],
        "Execution Time": 1083.824
    }
]