{
    "Plan": {
        "Node Type": "Aggregate",
        "Strategy": "Plain",
        "Partial Mode": "Simple",
        "Parallel Aware": false,
        "Startup Cost": 90011713784.05,
        "Total Cost": 90011713784.06,
        "Plan Rows": 1,
        "Plan Width": 96,
        "Actual Startup Time": 12372.152,
        "Actual Total Time": 12372.169,
        "Actual Rows": 1,
        "Actual Loops": 1,
        "Output": [
            "min(mi.info)",
            "min(miidx.info)",
            "min(t.title)"
        ],
        "Plans": [
            {
                "Node Type": "Nested Loop",
                "Parent Relationship": "Outer",
                "Parallel Aware": false,
                "Join Type": "Inner",
                "Startup Cost": 90000000003.17,
                "Total Cost": 90011713784.05,
                "Plan Rows": 1,
                "Plan Width": 65,
                "Actual Startup Time": 6351.822,
                "Actual Total Time": 12372.127,
                "Actual Rows": 60,
                "Actual Loops": 1,
                "Output": [
                    "mi.info",
                    "miidx.info",
                    "t.title"
                ],
                "Inner Unique": true,
                "Plans": [
                    {
                        "Node Type": "Nested Loop",
                        "Parent Relationship": "Outer",
                        "Parallel Aware": false,
                        "Join Type": "Inner",
                        "Startup Cost": 80000000003.03,
                        "Total Cost": 80011713771.58,
                        "Plan Rows": 3,
                        "Plan Width": 69,
                        "Actual Startup Time": 65.112,
                        "Actual Total Time": 12371.261,
                        "Actual Rows": 179,
                        "Actual Loops": 1,
                        "Output": [
                            "mc.company_type_id",
                            "mi.info",
                            "miidx.info",
                            "t.title"
                        ],
                        "Inner Unique": true,
                        "Plans": [
                            {
                                "Node Type": "Nested Loop",
                                "Parent Relationship": "Outer",
                                "Parallel Aware": false,
                                "Join Type": "Inner",
                                "Startup Cost": 70000000002.88,
                                "Total Cost": 70011712430.34,
                                "Plan Rows": 322,
                                "Plan Width": 73,
                                "Actual Startup Time": 65.049,
                                "Actual Total Time": 12360.686,
                                "Actual Rows": 2510,
                                "Actual Loops": 1,
                                "Output": [
                                    "mc.company_type_id",
                                    "mi.info",
                                    "mi.info_type_id",
                                    "miidx.info",
                                    "t.title"
                                ],
                                "Inner Unique": false,
                                "Join Filter": "(t.id = mi.movie_id)",
                                "Rows Removed by Join Filter": 0,
                                "Plans": [
                                    {
                                        "Node Type": "Nested Loop",
                                        "Parent Relationship": "Outer",
                                        "Parallel Aware": false,
                                        "Join Type": "Inner",
                                        "Startup Cost": 60000000002.06,
                                        "Total Cost": 60011712366.59,
                                        "Plan Rows": 11,
                                        "Plan Width": 38,
                                        "Actual Startup Time": 64.938,
                                        "Actual Total Time": 12352.429,
                                        "Actual Rows": 95,
                                        "Actual Loops": 1,
                                        "Output": [
                                            "mc.movie_id",
                                            "mc.company_type_id",
                                            "miidx.info",
                                            "miidx.movie_id",
                                            "t.title",
                                            "t.id"
                                        ],
                                        "Inner Unique": true,
                                        "Plans": [
                                            {
                                                "Node Type": "Nested Loop",
                                                "Parent Relationship": "Outer",
                                                "Parallel Aware": false,
                                                "Join Type": "Inner",
                                                "Startup Cost": 50000000001.91,
                                                "Total Cost": 50011707397.33,
                                                "Plan Rows": 1193,
                                                "Plan Width": 42,
                                                "Actual Startup Time": 64.9,
                                                "Actual Total Time": 12351.113,
                                                "Actual Rows": 285,
                                                "Actual Loops": 1,
                                                "Output": [
                                                    "mc.movie_id",
                                                    "mc.company_type_id",
                                                    "miidx.info",
                                                    "miidx.movie_id",
                                                    "miidx.info_type_id",
                                                    "t.title",
                                                    "t.id"
                                                ],
                                                "Inner Unique": false,
                                                "Join Filter": "(t.id = miidx.movie_id)",
                                                "Rows Removed by Join Filter": 0,
                                                "Plans": [
                                                    {
                                                        "Node Type": "Nested Loop",
                                                        "Parent Relationship": "Outer",
                                                        "Parallel Aware": false,
                                                        "Join Type": "Inner",
                                                        "Startup Cost": 40000000001.45,
                                                        "Total Cost": 40011705483.43,
                                                        "Plan Rows": 422,
                                                        "Plan Width": 29,
                                                        "Actual Startup Time": 64.841,
                                                        "Actual Total Time": 12347.554,
                                                        "Actual Rows": 261,
                                                        "Actual Loops": 1,
                                                        "Output": [
                                                            "mc.movie_id",
                                                            "mc.company_type_id",
                                                            "t.title",
                                                            "t.id"
                                                        ],
                                                        "Inner Unique": true,
                                                        "Plans": [
                                                            {
                                                                "Node Type": "Nested Loop",
                                                                "Parent Relationship": "Outer",
                                                                "Parallel Aware": false,
                                                                "Join Type": "Inner",
                                                                "Startup Cost": 30000000001.31,
                                                                "Total Cost": 30011693208.74,
                                                                "Plan Rows": 2953,
                                                                "Plan Width": 33,
                                                                "Actual Startup Time": 64.808,
                                                                "Actual Total Time": 12329.789,
                                                                "Actual Rows": 4846,
                                                                "Actual Loops": 1,
                                                                "Output": [
                                                                    "mc.movie_id",
                                                                    "mc.company_type_id",
                                                                    "t.title",
                                                                    "t.id",
                                                                    "t.kind_id"
                                                                ],
                                                                "Inner Unique": true,
                                                                "Plans": [
                                                                    {
                                                                        "Node Type": "Nested Loop",
                                                                        "Parent Relationship": "Outer",
                                                                        "Parallel Aware": false,
                                                                        "Join Type": "Inner",
                                                                        "Startup Cost": 20000000000.86,
                                                                        "Total Cost": 20011680026.4,
                                                                        "Plan Rows": 2953,
                                                                        "Plan Width": 8,
                                                                        "Actual Startup Time": 64.735,
                                                                        "Actual Total Time": 12279.915,
                                                                        "Actual Rows": 4846,
                                                                        "Actual Loops": 1,
                                                                        "Output": [
                                                                            "mc.movie_id",
                                                                            "mc.company_type_id"
                                                                        ],
                                                                        "Inner Unique": true,
                                                                        "Plans": [
                                                                            {
                                                                                "Node Type": "Index Scan",
                                                                                "Parent Relationship": "Outer",
                                                                                "Parallel Aware": false,
                                                                                "Scan Direction": "Forward",
                                                                                "Index Name": "company_type_id_movie_companies",
                                                                                "Relation Name": "movie_companies",
                                                                                "Schema": "public",
                                                                                "Alias": "mc",
                                                                                "Startup Cost": 10000000000.43,
                                                                                "Total Cost": 10000084830.36,
                                                                                "Plan Rows": 2609129,
                                                                                "Plan Width": 12,
                                                                                "Actual Startup Time": 0.089,
                                                                                "Actual Total Time": 757.24,
                                                                                "Actual Rows": 2609129,
                                                                                "Actual Loops": 1,
                                                                                "Output": [
                                                                                    "mc.id",
                                                                                    "mc.movie_id",
                                                                                    "mc.company_id",
                                                                                    "mc.company_type_id",
                                                                                    "mc.note"
                                                                                ]
                                                                            },
                                                                            {
                                                                                "Node Type": "Bitmap Heap Scan",
                                                                                "Parent Relationship": "Inner",
                                                                                "Parallel Aware": false,
                                                                                "Relation Name": "company_name",
                                                                                "Schema": "public",
                                                                                "Alias": "cn",
                                                                                "Startup Cost": 0.43,
                                                                                "Total Cost": 4.44,
                                                                                "Plan Rows": 1,
                                                                                "Plan Width": 4,
                                                                                "Actual Startup Time": 0.003,
                                                                                "Actual Total Time": 0.003,
                                                                                "Actual Rows": 0,
                                                                                "Actual Loops": 2609129,
                                                                                "Output": [
                                                                                    "cn.id",
                                                                                    "cn.name",
                                                                                    "cn.country_code",
                                                                                    "cn.imdb_id",
                                                                                    "cn.name_pcode_nf",
                                                                                    "cn.name_pcode_sf",
                                                                                    "cn.md5sum"
                                                                                ],
                                                                                "Recheck Cond": "(cn.id = mc.company_id)",
                                                                                "Rows Removed by Index Recheck": 0,
                                                                                "Filter": "((cn.country_code)::text = '[sg]'::text)",
                                                                                "Rows Removed by Filter": 1,
                                                                                "Exact Heap Blocks": 2609129,
                                                                                "Lossy Heap Blocks": 0,
                                                                                "Plans": [
                                                                                    {
                                                                                        "Node Type": "Bitmap Index Scan",
                                                                                        "Parent Relationship": "Outer",
                                                                                        "Parallel Aware": false,
                                                                                        "Index Name": "company_name_pkey",
                                                                                        "Startup Cost": 0.0,
                                                                                        "Total Cost": 0.43,
                                                                                        "Plan Rows": 1,
                                                                                        "Plan Width": 0,
                                                                                        "Actual Startup Time": 0.002,
                                                                                        "Actual Total Time": 0.002,
                                                                                        "Actual Rows": 1,
                                                                                        "Actual Loops": 2609129,
                                                                                        "Index Cond": "(cn.id = mc.company_id)"
                                                                                    }
                                                                                ]
                                                                            }
                                                                        ]
                                                                    },
                                                                    {
                                                                        "Node Type": "Bitmap Heap Scan",
                                                                        "Parent Relationship": "Inner",
                                                                        "Parallel Aware": false,
                                                                        "Relation Name": "title",
                                                                        "Schema": "public",
                                                                        "Alias": "t",
                                                                        "Startup Cost": 0.45,
                                                                        "Total Cost": 4.46,
                                                                        "Plan Rows": 1,
                                                                        "Plan Width": 25,
                                                                        "Actual Startup Time": 0.008,
                                                                        "Actual Total Time": 0.008,
                                                                        "Actual Rows": 1,
                                                                        "Actual Loops": 4846,
                                                                        "Output": [
                                                                            "t.id",
                                                                            "t.title",
                                                                            "t.imdb_index",
                                                                            "t.kind_id",
                                                                            "t.production_year",
                                                                            "t.imdb_id",
                                                                            "t.phonetic_code",
                                                                            "t.episode_of_id",
                                                                            "t.season_nr",
                                                                            "t.episode_nr",
                                                                            "t.series_years",
                                                                            "t.md5sum"
                                                                        ],
                                                                        "Recheck Cond": "(t.id = mc.movie_id)",
                                                                        "Rows Removed by Index Recheck": 0,
                                                                        "Exact Heap Blocks": 4846,
                                                                        "Lossy Heap Blocks": 0,
                                                                        "Plans": [
                                                                            {
                                                                                "Node Type": "Bitmap Index Scan",
                                                                                "Parent Relationship": "Outer",
                                                                                "Parallel Aware": false,
                                                                                "Index Name": "title_pkey",
                                                                                "Startup Cost": 0.0,
                                                                                "Total Cost": 0.45,
                                                                                "Plan Rows": 1,
                                                                                "Plan Width": 0,
                                                                                "Actual Startup Time": 0.005,
                                                                                "Actual Total Time": 0.005,
                                                                                "Actual Rows": 1,
                                                                                "Actual Loops": 4846,
                                                                                "Index Cond": "(t.id = mc.movie_id)"
                                                                            }
                                                                        ]
                                                                    }
                                                                ]
                                                            },
                                                            {
                                                                "Node Type": "Bitmap Heap Scan",
                                                                "Parent Relationship": "Inner",
                                                                "Parallel Aware": false,
                                                                "Relation Name": "kind_type",
                                                                "Schema": "public",
                                                                "Alias": "kt",
                                                                "Startup Cost": 0.14,
                                                                "Total Cost": 4.16,
                                                                "Plan Rows": 1,
                                                                "Plan Width": 4,
                                                                "Actual Startup Time": 0.002,
                                                                "Actual Total Time": 0.002,
                                                                "Actual Rows": 0,
                                                                "Actual Loops": 4846,
                                                                "Output": [
                                                                    "kt.id",
                                                                    "kt.kind"
                                                                ],
                                                                "Recheck Cond": "(kt.id = t.kind_id)",
                                                                "Rows Removed by Index Recheck": 0,
                                                                "Filter": "((kt.kind)::text = 'tv series'::text)",
                                                                "Rows Removed by Filter": 1,
                                                                "Exact Heap Blocks": 4846,
                                                                "Lossy Heap Blocks": 0,
                                                                "Plans": [
                                                                    {
                                                                        "Node Type": "Bitmap Index Scan",
                                                                        "Parent Relationship": "Outer",
                                                                        "Parallel Aware": false,
                                                                        "Index Name": "kind_type_pkey",
                                                                        "Startup Cost": 0.0,
                                                                        "Total Cost": 0.14,
                                                                        "Plan Rows": 1,
                                                                        "Plan Width": 0,
                                                                        "Actual Startup Time": 0.001,
                                                                        "Actual Total Time": 0.001,
                                                                        "Actual Rows": 1,
                                                                        "Actual Loops": 4846,
                                                                        "Index Cond": "(kt.id = t.kind_id)"
                                                                    }
                                                                ]
                                                            }
                                                        ]
                                                    },
                                                    {
                                                        "Node Type": "Bitmap Heap Scan",
                                                        "Parent Relationship": "Inner",
                                                        "Parallel Aware": false,
                                                        "Relation Name": "movie_info_idx",
                                                        "Schema": "public",
                                                        "Alias": "miidx",
                                                        "Startup Cost": 0.46,
                                                        "Total Cost": 4.5,
                                                        "Plan Rows": 3,
                                                        "Plan Width": 13,
                                                        "Actual Startup Time": 0.011,
                                                        "Actual Total Time": 0.011,
                                                        "Actual Rows": 1,
                                                        "Actual Loops": 261,
                                                        "Output": [
                                                            "miidx.id",
                                                            "miidx.movie_id",
                                                            "miidx.info_type_id",
                                                            "miidx.info",
                                                            "miidx.note"
                                                        ],
                                                        "Recheck Cond": "(miidx.movie_id = mc.movie_id)",
                                                        "Rows Removed by Index Recheck": 0,
                                                        "Exact Heap Blocks": 95,
                                                        "Lossy Heap Blocks": 0,
                                                        "Plans": [
                                                            {
                                                                "Node Type": "Bitmap Index Scan",
                                                                "Parent Relationship": "Outer",
                                                                "Parallel Aware": false,
                                                                "Index Name": "movie_id_movie_info_idx",
                                                                "Startup Cost": 0.0,
                                                                "Total Cost": 0.46,
                                                                "Plan Rows": 3,
                                                                "Plan Width": 0,
                                                                "Actual Startup Time": 0.008,
                                                                "Actual Total Time": 0.008,
                                                                "Actual Rows": 1,
                                                                "Actual Loops": 261,
                                                                "Index Cond": "(miidx.movie_id = mc.movie_id)"
                                                            }
                                                        ]
                                                    }
                                                ]
                                            },
                                            {
                                                "Node Type": "Bitmap Heap Scan",
                                                "Parent Relationship": "Inner",
                                                "Parallel Aware": false,
                                                "Relation Name": "info_type",
                                                "Schema": "public",
                                                "Alias": "it",
                                                "Startup Cost": 0.15,
                                                "Total Cost": 4.17,
                                                "Plan Rows": 1,
                                                "Plan Width": 4,
                                                "Actual Startup Time": 0.003,
                                                "Actual Total Time": 0.003,
                                                "Actual Rows": 0,
                                                "Actual Loops": 285,
                                                "Output": [
                                                    "it.id",
                                                    "it.info"
                                                ],
                                                "Recheck Cond": "(it.id = miidx.info_type_id)",
                                                "Rows Removed by Index Recheck": 0,
                                                "Filter": "((it.info)::text = 'rating'::text)",
                                                "Rows Removed by Filter": 1,
                                                "Exact Heap Blocks": 285,
                                                "Lossy Heap Blocks": 0,
                                                "Plans": [
                                                    {
                                                        "Node Type": "Bitmap Index Scan",
                                                        "Parent Relationship": "Outer",
                                                        "Parallel Aware": false,
                                                        "Index Name": "info_type_pkey",
                                                        "Startup Cost": 0.0,
                                                        "Total Cost": 0.15,
                                                        "Plan Rows": 1,
                                                        "Plan Width": 0,
                                                        "Actual Startup Time": 0.001,
                                                        "Actual Total Time": 0.001,
                                                        "Actual Rows": 1,
                                                        "Actual Loops": 285,
                                                        "Index Cond": "(it.id = miidx.info_type_id)"
                                                    }
                                                ]
                                            }
                                        ]
                                    },
                                    {
                                        "Node Type": "Bitmap Heap Scan",
                                        "Parent Relationship": "Inner",
                                        "Parallel Aware": false,
                                        "Relation Name": "movie_info",
                                        "Schema": "public",
                                        "Alias": "mi",
                                        "Startup Cost": 0.82,
                                        "Total Cost": 5.31,
                                        "Plan Rows": 39,
                                        "Plan Width": 51,
                                        "Actual Startup Time": 0.027,
                                        "Actual Total Time": 0.078,
                                        "Actual Rows": 26,
                                        "Actual Loops": 95,
                                        "Output": [
                                            "mi.id",
                                            "mi.movie_id",
                                            "mi.info_type_id",
                                            "mi.info",
                                            "mi.note"
                                        ],
                                        "Recheck Cond": "(mi.movie_id = mc.movie_id)",
                                        "Rows Removed by Index Recheck": 0,
                                        "Exact Heap Blocks": 891,
                                        "Lossy Heap Blocks": 0,
                                        "Plans": [
                                            {
                                                "Node Type": "Bitmap Index Scan",
                                                "Parent Relationship": "Outer",
                                                "Parallel Aware": false,
                                                "Index Name": "movie_id_movie_info",
                                                "Startup Cost": 0.0,
                                                "Total Cost": 0.81,
                                                "Plan Rows": 39,
                                                "Plan Width": 0,
                                                "Actual Startup Time": 0.02,
                                                "Actual Total Time": 0.02,
                                                "Actual Rows": 26,
                                                "Actual Loops": 95,
                                                "Index Cond": "(mi.movie_id = mc.movie_id)"
                                            }
                                        ]
                                    }
                                ]
                            },
                            {
                                "Node Type": "Bitmap Heap Scan",
                                "Parent Relationship": "Inner",
                                "Parallel Aware": false,
                                "Relation Name": "info_type",
                                "Schema": "public",
                                "Alias": "it2",
                                "Startup Cost": 0.15,
                                "Total Cost": 4.17,
                                "Plan Rows": 1,
                                "Plan Width": 4,
                                "Actual Startup Time": 0.002,
                                "Actual Total Time": 0.002,
                                "Actual Rows": 0,
                                "Actual Loops": 2510,
                                "Output": [
                                    "it2.id",
                                    "it2.info"
                                ],
                                "Recheck Cond": "(it2.id = mi.info_type_id)",
                                "Rows Removed by Index Recheck": 0,
                                "Filter": "((it2.info)::text = 'release dates'::text)",
                                "Rows Removed by Filter": 1,
                                "Exact Heap Blocks": 2510,
                                "Lossy Heap Blocks": 0,
                                "Plans": [
                                    {
                                        "Node Type": "Bitmap Index Scan",
                                        "Parent Relationship": "Outer",
                                        "Parallel Aware": false,
                                        "Index Name": "info_type_pkey",
                                        "Startup Cost": 0.0,
                                        "Total Cost": 0.15,
                                        "Plan Rows": 1,
                                        "Plan Width": 0,
                                        "Actual Startup Time": 0.001,
                                        "Actual Total Time": 0.001,
                                        "Actual Rows": 1,
                                        "Actual Loops": 2510,
                                        "Index Cond": "(it2.id = mi.info_type_id)"
                                    }
                                ]
                            }
                        ]
                    },
                    {
                        "Node Type": "Bitmap Heap Scan",
                        "Parent Relationship": "Inner",
                        "Parallel Aware": false,
                        "Relation Name": "company_type",
                        "Schema": "public",
                        "Alias": "ct",
                        "Startup Cost": 0.14,
                        "Total Cost": 4.15,
                        "Plan Rows": 1,
                        "Plan Width": 4,
                        "Actual Startup Time": 0.003,
                        "Actual Total Time": 0.003,
                        "Actual Rows": 0,
                        "Actual Loops": 179,
                        "Output": [
                            "ct.id",
                            "ct.kind"
                        ],
                        "Recheck Cond": "(ct.id = mc.company_type_id)",
                        "Rows Removed by Index Recheck": 0,
                        "Filter": "((ct.kind)::text = 'production companies'::text)",
                        "Rows Removed by Filter": 1,
                        "Exact Heap Blocks": 179,
                        "Lossy Heap Blocks": 0,
                        "Plans": [
                            {
                                "Node Type": "Bitmap Index Scan",
                                "Parent Relationship": "Outer",
                                "Parallel Aware": false,
                                "Index Name": "company_type_pkey",
                                "Startup Cost": 0.0,
                                "Total Cost": 0.14,
                                "Plan Rows": 1,
                                "Plan Width": 0,
                                "Actual Startup Time": 0.001,
                                "Actual Total Time": 0.001,
                                "Actual Rows": 1,
                                "Actual Loops": 179,
                                "Index Cond": "(ct.id = mc.company_type_id)"
                            }
                        ]
                    }
                ]
            }
        ]
    },
    "Planning Time": 15.641,
    "Triggers": [],
    "Execution Time": 12372.787
}