[
    {
        "Bao": {
            "Bao prediction": "NaN",
            "Bao recommended hint": "(no hint)"
        }
    },
    {
        "Plan": {
            "Node Type": "Aggregate",
            "Strategy": "Plain",
            "Partial Mode": "Finalize",
            "Parallel Aware": false,
            "Startup Cost": 43790.51,
            "Total Cost": 43790.52,
            "Plan Rows": 1,
            "Plan Width": 8,
            "Actual Startup Time": 133.305,
            "Actual Total Time": 140.383,
            "Actual Rows": 1,
            "Actual Loops": 1,
            "Output": [
                "count(*)"
            ],
            "Plans": [
                {
                    "Node Type": "Gather",
                    "Parent Relationship": "Outer",
                    "Parallel Aware": false,
                    "Startup Cost": 43790.19,
                    "Total Cost": 43790.5,
                    "Plan Rows": 3,
                    "Plan Width": 8,
                    "Actual Startup Time": 133.093,
                    "Actual Total Time": 140.375,
                    "Actual Rows": 4,
                    "Actual Loops": 1,
                    "Output": [
                        "(PARTIAL count(*))"
                    ],
                    "Workers Planned": 3,
                    "Workers Launched": 3,
                    "Single Copy": false,
                    "Plans": [
                        {
                            "Node Type": "Aggregate",
                            "Strategy": "Plain",
                            "Partial Mode": "Partial",
                            "Parent Relationship": "Outer",
                            "Parallel Aware": false,
                            "Startup Cost": 42790.19,
                            "Total Cost": 42790.2,
                            "Plan Rows": 1,
                            "Plan Width": 8,
                            "Actual Startup Time": 124.604,
                            "Actual Total Time": 124.606,
                            "Actual Rows": 1,
                            "Actual Loops": 4,
                            "Output": [
                                "PARTIAL count(*)"
                            ],
                            "Workers": [
                                {
                                    "Worker Number": 0,
                                    "Actual Startup Time": 121.439,
                                    "Actual Total Time": 121.441,
                                    "Actual Rows": 1,
                                    "Actual Loops": 1
                                },
                                {
                                    "Worker Number": 1,
                                    "Actual Startup Time": 121.992,
                                    "Actual Total Time": 121.993,
                                    "Actual Rows": 1,
                                    "Actual Loops": 1
                                },
                                {
                                    "Worker Number": 2,
                                    "Actual Startup Time": 122.169,
                                    "Actual Total Time": 122.17,
                                    "Actual Rows": 1,
                                    "Actual Loops": 1
                                }
                            ],
                            "Plans": [
                                {
                                    "Node Type": "Bitmap Heap Scan",
                                    "Parent Relationship": "Outer",
                                    "Parallel Aware": true,
                                    "Relation Name": "movie_keyword",
                                    "Schema": "public",
                                    "Alias": "mk",
                                    "Startup Cost": 14930.77,
                                    "Total Cost": 42222.62,
                                    "Plan Rows": 227028,
                                    "Plan Width": 0,
                                    "Actual Startup Time": 35.381,
                                    "Actual Total Time": 114.964,
                                    "Actual Rows": 176297,
                                    "Actual Loops": 4,
                                    "Recheck Cond": "(mk.keyword_id < 589)",
                                    "Rows Removed by Index Recheck": 0,
                                    "Exact Heap Blocks": 10743,
                                    "Lossy Heap Blocks": 0,
                                    "Workers": [
                                        {
                                            "Worker Number": 0,
                                            "Actual Startup Time": 32.317,
                                            "Actual Total Time": 112.909,
                                            "Actual Rows": 98647,
                                            "Actual Loops": 1
                                        },
                                        {
                                            "Worker Number": 1,
                                            "Actual Startup Time": 32.819,
                                            "Actual Total Time": 112.884,
                                            "Actual Rows": 150954,
                                            "Actual Loops": 1
                                        },
                                        {
                                            "Worker Number": 2,
                                            "Actual Startup Time": 33.139,
                                            "Actual Total Time": 113.227,
                                            "Actual Rows": 147149,
                                            "Actual Loops": 1
                                        }
                                    ],
                                    "Plans": [
                                        {
                                            "Node Type": "Bitmap Index Scan",
                                            "Parent Relationship": "Outer",
                                            "Parallel Aware": false,
                                            "Index Name": "keyword_id_movie_keyword",
                                            "Startup Cost": 0.0,
                                            "Total Cost": 14754.83,
                                            "Plan Rows": 703786,
                                            "Plan Width": 0,
                                            "Actual Startup Time": 39.75,
                                            "Actual Total Time": 39.75,
                                            "Actual Rows": 705187,
                                            "Actual Loops": 1,
                                            "Index Cond": "(mk.keyword_id < 589)"
                                        }
                                    ]
                                }
                            ]
                        }
                    ]
                }
            ]
        },
        "Planning Time": 198.186,
        "Triggers": [],
        "Execution Time": 140.434
    }
]