[
  {
    "Plan": {
      "Node Type": "Aggregate",
      "Strategy": "Plain",
      "Partial Mode": "Finalize",
      "Parallel Aware": false,
      "Startup Cost": 51105.8,
      "Total Cost": 51105.81,
      "Plan Rows": 1,
      "Plan Width": 8,
      "Actual Startup Time": 96.083,
      "Actual Total Time": 105.579,
      "Actual Rows": 1,
      "Actual Loops": 1,
      "Plans": [
        {
          "Node Type": "Gather",
          "Parent Relationship": "Outer",
          "Parallel Aware": false,
          "Startup Cost": 51105.38,
          "Total Cost": 51105.79,
          "Plan Rows": 4,
          "Plan Width": 8,
          "Actual Startup Time": 95.994,
          "Actual Total Time": 105.572,
          "Actual Rows": 5,
          "Actual Loops": 1,
          "Workers Planned": 4,
          "Workers Launched": 4,
          "Single Copy": false,
          "Plans": [
            {
              "Node Type": "Aggregate",
              "Strategy": "Plain",
              "Partial Mode": "Partial",
              "Parent Relationship": "Outer",
              "Parallel Aware": false,
              "Startup Cost": 50105.38,
              "Total Cost": 50105.39,
              "Plan Rows": 1,
              "Plan Width": 8,
              "Actual Startup Time": 90.619,
              "Actual Total Time": 90.62,
              "Actual Rows": 1,
              "Actual Loops": 5,
              "Plans": [
                {
                  "Node Type": "Index Scan",
                  "Parent Relationship": "Outer",
                  "Parallel Aware": true,
                  "Scan Direction": "Forward",
                  "Index Name": "role_id_cast_info",
                  "Relation Name": "cast_info",
                  "Alias": "ci",
                  "Startup Cost": 0.56,
                  "Total Cost": 49093.36,
                  "Plan Rows": 404807,
                  "Plan Width": 0,
                  "Actual Startup Time": 0.095,
                  "Actual Total Time": 75.657,
                  "Actual Rows": 312755,
                  "Actual Loops": 5,
                  "Index Cond": "(role_id = 8)",
                  "Rows Removed by Index Recheck": 0,
                  "Filter": "(person_id > 290303)",
                  "Rows Removed by Filter": 27954
                }
              ]
            }
          ]
        }
      ]
    },
    "Planning Time": 0.162,
    "Triggers": [],
    "Execution Time": 105.625
  }
]