[
  {
    "Plan": {
      "Node Type": "Aggregate",
      "Strategy": "Plain",
      "Partial Mode": "Finalize",
      "Parallel Aware": false,
      "Startup Cost": 348026.33,
      "Total Cost": 348026.34,
      "Plan Rows": 1,
      "Plan Width": 8,
      "Actual Startup Time": 671.869,
      "Actual Total Time": 716.99,
      "Actual Rows": 1,
      "Actual Loops": 1,
      "Plans": [
        {
          "Node Type": "Gather",
          "Parent Relationship": "Outer",
          "Parallel Aware": false,
          "Startup Cost": 348025.7,
          "Total Cost": 348026.31,
          "Plan Rows": 6,
          "Plan Width": 8,
          "Actual Startup Time": 671.634,
          "Actual Total Time": 716.971,
          "Actual Rows": 7,
          "Actual Loops": 1,
          "Workers Planned": 6,
          "Workers Launched": 6,
          "Single Copy": false,
          "Plans": [
            {
              "Node Type": "Aggregate",
              "Strategy": "Plain",
              "Partial Mode": "Partial",
              "Parent Relationship": "Outer",
              "Parallel Aware": false,
              "Startup Cost": 347025.7,
              "Total Cost": 347025.71,
              "Plan Rows": 1,
              "Plan Width": 8,
              "Actual Startup Time": 663.481,
              "Actual Total Time": 663.484,
              "Actual Rows": 1,
              "Actual Loops": 7,
              "Plans": [
                {
                  "Node Type": "Seq Scan",
                  "Parent Relationship": "Outer",
                  "Parallel Aware": true,
                  "Relation Name": "cast_info",
                  "Alias": "ci",
                  "Startup Cost": 0.0,
                  "Total Cost": 343316.27,
                  "Plan Rows": 1483772,
                  "Plan Width": 0,
                  "Actual Startup Time": 232.404,
                  "Actual Total Time": 634.25,
                  "Actual Rows": 549092,
                  "Actual Loops": 7,
                  "Filter": "((person_id < 1363798) AND (role_id > 1))",
                  "Rows Removed by Filter": 4628671
                }
              ]
            }
          ]
        }
      ]
    },
    "Planning Time": 0.092,
    "Triggers": [],
    "Execution Time": 717.03
  }
]