[
  {
    "Plan": {
      "Node Type": "Aggregate",
      "Strategy": "Plain",
      "Partial Mode": "Finalize",
      "Parallel Aware": false,
      "Startup Cost": 201771.99,
      "Total Cost": 201772.0,
      "Plan Rows": 1,
      "Plan Width": 8,
      "Actual Startup Time": 296.062,
      "Actual Total Time": 316.285,
      "Actual Rows": 1,
      "Actual Loops": 1,
      "Plans": [
        {
          "Node Type": "Gather",
          "Parent Relationship": "Outer",
          "Parallel Aware": false,
          "Startup Cost": 201771.36,
          "Total Cost": 201771.97,
          "Plan Rows": 6,
          "Plan Width": 8,
          "Actual Startup Time": 295.892,
          "Actual Total Time": 316.272,
          "Actual Rows": 7,
          "Actual Loops": 1,
          "Workers Planned": 6,
          "Workers Launched": 6,
          "Single Copy": false,
          "Plans": [
            {
              "Node Type": "Aggregate",
              "Strategy": "Plain",
              "Partial Mode": "Partial",
              "Parent Relationship": "Outer",
              "Parallel Aware": false,
              "Startup Cost": 200771.36,
              "Total Cost": 200771.37,
              "Plan Rows": 1,
              "Plan Width": 8,
              "Actual Startup Time": 287.453,
              "Actual Total Time": 287.454,
              "Actual Rows": 1,
              "Actual Loops": 7,
              "Plans": [
                {
                  "Node Type": "Index Scan",
                  "Parent Relationship": "Outer",
                  "Parallel Aware": true,
                  "Scan Direction": "Forward",
                  "Index Name": "role_id_cast_info",
                  "Relation Name": "cast_info",
                  "Alias": "ci",
                  "Startup Cost": 0.56,
                  "Total Cost": 200748.38,
                  "Plan Rows": 9192,
                  "Plan Width": 0,
                  "Actual Startup Time": 37.843,
                  "Actual Total Time": 287.218,
                  "Actual Rows": 3460,
                  "Actual Loops": 7,
                  "Index Cond": "(role_id > 7)",
                  "Rows Removed by Index Recheck": 0,
                  "Filter": "(person_id < 32653)",
                  "Rows Removed by Filter": 1058859
                }
              ]
            }
          ]
        }
      ]
    },
    "Planning Time": 0.169,
    "Triggers": [],
    "Execution Time": 316.337
  }
]