[
  {
    "Plan": {
      "Node Type": "Aggregate",
      "Strategy": "Plain",
      "Partial Mode": "Finalize",
      "Parallel Aware": false,
      "Startup Cost": 285995.66,
      "Total Cost": 285995.67,
      "Plan Rows": 1,
      "Plan Width": 8,
      "Actual Startup Time": 1347.982,
      "Actual Total Time": 1391.275,
      "Actual Rows": 1,
      "Actual Loops": 1,
      "Plans": [
        {
          "Node Type": "Gather",
          "Parent Relationship": "Outer",
          "Parallel Aware": false,
          "Startup Cost": 285995.13,
          "Total Cost": 285995.64,
          "Plan Rows": 5,
          "Plan Width": 8,
          "Actual Startup Time": 1329.056,
          "Actual Total Time": 1391.263,
          "Actual Rows": 6,
          "Actual Loops": 1,
          "Workers Planned": 5,
          "Workers Launched": 5,
          "Single Copy": false,
          "Plans": [
            {
              "Node Type": "Aggregate",
              "Strategy": "Plain",
              "Partial Mode": "Partial",
              "Parent Relationship": "Outer",
              "Parallel Aware": false,
              "Startup Cost": 284995.13,
              "Total Cost": 284995.14,
              "Plan Rows": 1,
              "Plan Width": 8,
              "Actual Startup Time": 1315.429,
              "Actual Total Time": 1315.437,
              "Actual Rows": 1,
              "Actual Loops": 6,
              "Plans": [
                {
                  "Node Type": "Hash Join",
                  "Parent Relationship": "Outer",
                  "Parallel Aware": true,
                  "Join Type": "Inner",
                  "Startup Cost": 79802.5,
                  "Total Cost": 283959.09,
                  "Plan Rows": 414417,
                  "Plan Width": 0,
                  "Actual Startup Time": 411.571,
                  "Actual Total Time": 1261.958,
                  "Actual Rows": 1028055,
                  "Actual Loops": 6,
                  "Inner Unique": false,
                  "Hash Cond": "(mi.movie_id = t.id)",
                  "Plans": [
                    {
                      "Node Type": "Seq Scan",
                      "Parent Relationship": "Outer",
                      "Parallel Aware": true,
                      "Relation Name": "movie_info",
                      "Alias": "mi",
                      "Startup Cost": 0.0,
                      "Total Cost": 191685.19,
                      "Plan Rows": 2969219,
                      "Plan Width": 4,
                      "Actual Startup Time": 0.047,
                      "Actual Total Time": 338.625,
                      "Actual Rows": 2472620,
                      "Actual Loops": 6
                    },
                    {
                      "Node Type": "Hash",
                      "Parent Relationship": "Inner",
                      "Parallel Aware": true,
                      "Startup Cost": 78379.53,
                      "Total Cost": 78379.53,
                      "Plan Rows": 113837,
                      "Plan Width": 8,
                      "Actual Startup Time": 402.864,
                      "Actual Total Time": 402.87,
                      "Actual Rows": 58682,
                      "Actual Loops": 6,
                      "Hash Buckets": 524288,
                      "Original Hash Buckets": 524288,
                      "Hash Batches": 1,
                      "Original Hash Batches": 1,
                      "Peak Memory Usage": 17984,
                      "Plans": [
                        {
                          "Node Type": "Hash Join",
                          "Parent Relationship": "Outer",
                          "Parallel Aware": true,
                          "Join Type": "Inner",
                          "Startup Cost": 57867.75,
                          "Total Cost": 78379.53,
                          "Plan Rows": 113837,
                          "Plan Width": 8,
                          "Actual Startup Time": 321.687,
                          "Actual Total Time": 373.71,
                          "Actual Rows": 58682,
                          "Actual Loops": 6,
                          "Inner Unique": true,
                          "Hash Cond": "(mc.movie_id = t.id)",
                          "Plans": [
                            {
                              "Node Type": "Bitmap Heap Scan",
                              "Parent Relationship": "Outer",
                              "Parallel Aware": true,
                              "Relation Name": "movie_companies",
                              "Alias": "mc",
                              "Startup Cost": 7647.37,
                              "Total Cost": 27860.33,
                              "Plan Rows": 113837,
                              "Plan Width": 4,
                              "Actual Startup Time": 28.488,
                              "Actual Total Time": 44.995,
                              "Actual Rows": 58682,
                              "Actual Loops": 6,
                              "Recheck Cond": "(company_id > 88042)",
                              "Rows Removed by Index Recheck": 0,
                              "Exact Heap Blocks": 1054,
                              "Lossy Heap Blocks": 0,
                              "Plans": [
                                {
                                  "Node Type": "Bitmap Index Scan",
                                  "Parent Relationship": "Outer",
                                  "Parallel Aware": false,
                                  "Index Name": "company_id_movie_companies",
                                  "Startup Cost": 0.0,
                                  "Total Cost": 7559.14,
                                  "Plan Rows": 352895,
                                  "Plan Width": 0,
                                  "Actual Startup Time": 27.162,
                                  "Actual Total Time": 27.162,
                                  "Actual Rows": 352092,
                                  "Actual Loops": 1,
                                  "Index Cond": "(company_id > 88042)"
                                }
                              ]
                            },
                            {
                              "Node Type": "Hash",
                              "Parent Relationship": "Inner",
                              "Parallel Aware": true,
                              "Startup Cost": 42319.06,
                              "Total Cost": 42319.06,
                              "Plan Rows": 632106,
                              "Plan Width": 4,
                              "Actual Startup Time": 288.39,
                              "Actual Total Time": 288.391,
                              "Actual Rows": 421385,
                              "Actual Loops": 6,
                              "Hash Buckets": 4194304,
                              "Original Hash Buckets": 4194304,
                              "Hash Batches": 1,
                              "Original Hash Batches": 1,
                              "Peak Memory Usage": 131776,
                              "Plans": [
                                {
                                  "Node Type": "Seq Scan",
                                  "Parent Relationship": "Outer",
                                  "Parallel Aware": true,
                                  "Relation Name": "title",
                                  "Alias": "t",
                                  "Startup Cost": 0.0,
                                  "Total Cost": 42319.06,
                                  "Plan Rows": 632106,
                                  "Plan Width": 4,
                                  "Actual Startup Time": 0.045,
                                  "Actual Total Time": 84.467,
                                  "Actual Rows": 421385,
                                  "Actual Loops": 6
                                }
                              ]
                            }
                          ]
                        }
                      ]
                    }
                  ]
                }
              ]
            }
          ]
        }
      ]
    },
    "Planning Time": 0.556,
    "Triggers": [],
    "Execution Time": 1391.332
  }
]