{
  "Plan": {
    "Node Type": "Aggregate",
    "Strategy": "Plain",
    "Partial Mode": "Finalize",
    "Parallel Aware": false,
    "Startup Cost": 95689.08,
    "Total Cost": 95689.09,
    "Plan Rows": 1,
    "Plan Width": 8,
    "Actual Startup Time": 493.312,
    "Actual Total Time": 506.244,
    "Actual Rows": 1,
    "Actual Loops": 1,
    "Plans": [
      {
        "Node Type": "Gather",
        "Parent Relationship": "Outer",
        "Parallel Aware": false,
        "Startup Cost": 95688.97,
        "Total Cost": 95689.08,
        "Plan Rows": 1,
        "Plan Width": 8,
        "Actual Startup Time": 492.13,
        "Actual Total Time": 506.234,
        "Actual Rows": 2,
        "Actual Loops": 1,
        "Workers Planned": 1,
        "Workers Launched": 1,
        "Single Copy": false,
        "Plans": [
          {
            "Node Type": "Aggregate",
            "Strategy": "Plain",
            "Partial Mode": "Partial",
            "Parent Relationship": "Outer",
            "Parallel Aware": false,
            "Startup Cost": 94688.97,
            "Total Cost": 94688.98,
            "Plan Rows": 1,
            "Plan Width": 8,
            "Actual Startup Time": 486.155,
            "Actual Total Time": 486.16,
            "Actual Rows": 1,
            "Actual Loops": 2,
            "Plans": [
              {
                "Node Type": "Hash Join",
                "Parent Relationship": "Outer",
                "Parallel Aware": true,
                "Join Type": "Inner",
                "Startup Cost": 31802.9,
                "Total Cost": 94294.28,
                "Plan Rows": 157875,
                "Plan Width": 0,
                "Actual Startup Time": 140.045,
                "Actual Total Time": 481.667,
                "Actual Rows": 103170,
                "Actual Loops": 2,
                "Inner Unique": false,
                "Hash Cond": "(t.id = mc.movie_id)",
                "Plans": [
                  {
                    "Node Type": "Seq Scan",
                    "Parent Relationship": "Outer",
                    "Parallel Aware": true,
                    "Relation Name": "title",
                    "Alias": "t",
                    "Startup Cost": 0.0,
                    "Total Cost": 54588.39,
                    "Plan Rows": 1115889,
                    "Plan Width": 4,
                    "Actual Startup Time": 0.011,
                    "Actual Total Time": 154.735,
                    "Actual Rows": 943884,
                    "Actual Loops": 2,
                    "Filter": "(production_year > 1983)",
                    "Rows Removed by Filter": 320272
                  },
                  {
                    "Node Type": "Hash",
                    "Parent Relationship": "Inner",
                    "Parallel Aware": true,
                    "Startup Cost": 29172.75,
                    "Total Cost": 29172.75,
                    "Plan Rows": 210412,
                    "Plan Width": 4,
                    "Actual Startup Time": 134.4,
                    "Actual Total Time": 134.402,
                    "Actual Rows": 175748,
                    "Actual Loops": 2,
                    "Hash Buckets": 524288,
                    "Original Hash Buckets": 524288,
                    "Hash Batches": 1,
                    "Original Hash Batches": 1,
                    "Peak Memory Usage": 17888,
                    "Plans": [
                      {
                        "Node Type": "Bitmap Heap Scan",
                        "Parent Relationship": "Outer",
                        "Parallel Aware": true,
                        "Relation Name": "movie_companies",
                        "Alias": "mc",
                        "Startup Cost": 7752.61,
                        "Total Cost": 29172.75,
                        "Plan Rows": 210412,
                        "Plan Width": 4,
                        "Actual Startup Time": 30.712,
                        "Actual Total Time": 87.963,
                        "Actual Rows": 175748,
                        "Actual Loops": 2,
                        "Recheck Cond": "(company_id < 169)",
                        "Rows Removed by Index Recheck": 0,
                        "Exact Heap Blocks": 11554,
                        "Lossy Heap Blocks": 0,
                        "Plans": [
                          {
                            "Node Type": "Bitmap Index Scan",
                            "Parent Relationship": "Outer",
                            "Parallel Aware": false,
                            "Index Name": "company_id_movie_companies",
                            "Startup Cost": 0.0,
                            "Total Cost": 7663.18,
                            "Plan Rows": 357700,
                            "Plan Width": 0,
                            "Actual Startup Time": 27.702,
                            "Actual Total Time": 27.702,
                            "Actual Rows": 351495,
                            "Actual Loops": 1,
                            "Index Cond": "(company_id < 169)"
                          }
                        ]
                      }
                    ]
                  }
                ]
              }
            ]
          }
        ]
      }
    ]
  },
  "Planning Time": 0.453,
  "Triggers": [],
  "Execution Time": 506.34
}