[
  {
    "Plan": {
      "Node Type": "Aggregate",
      "Strategy": "Plain",
      "Partial Mode": "Finalize",
      "Parallel Aware": false,
      "Startup Cost": 334965.91,
      "Total Cost": 334965.92,
      "Plan Rows": 1,
      "Plan Width": 8,
      "Actual Startup Time": 771.251,
      "Actual Total Time": 833.913,
      "Actual Rows": 1,
      "Actual Loops": 1,
      "Plans": [
        {
          "Node Type": "Gather",
          "Parent Relationship": "Outer",
          "Parallel Aware": false,
          "Startup Cost": 334965.28,
          "Total Cost": 334965.89,
          "Plan Rows": 6,
          "Plan Width": 8,
          "Actual Startup Time": 771.07,
          "Actual Total Time": 833.896,
          "Actual Rows": 7,
          "Actual Loops": 1,
          "Workers Planned": 6,
          "Workers Launched": 6,
          "Single Copy": false,
          "Plans": [
            {
              "Node Type": "Aggregate",
              "Strategy": "Plain",
              "Partial Mode": "Partial",
              "Parent Relationship": "Outer",
              "Parallel Aware": false,
              "Startup Cost": 333965.28,
              "Total Cost": 333965.29,
              "Plan Rows": 1,
              "Plan Width": 8,
              "Actual Startup Time": 763.345,
              "Actual Total Time": 763.348,
              "Actual Rows": 1,
              "Actual Loops": 7,
              "Plans": [
                {
                  "Node Type": "Seq Scan",
                  "Parent Relationship": "Outer",
                  "Parallel Aware": true,
                  "Relation Name": "cast_info",
                  "Alias": "ci",
                  "Startup Cost": 0.0,
                  "Total Cost": 328211.39,
                  "Plan Rows": 2301556,
                  "Plan Width": 0,
                  "Actual Startup Time": 0.047,
                  "Actual Total Time": 650.157,
                  "Actual Rows": 1993459,
                  "Actual Loops": 7,
                  "Filter": "(person_id < 1375355)",
                  "Rows Removed by Filter": 3184304
                }
              ]
            }
          ]
        }
      ]
    },
    "Planning Time": 0.126,
    "Triggers": [],
    "Execution Time": 833.968
  }
]