{
  "Plan": {
    "Node Type": "Aggregate",
    "Strategy": "Plain",
    "Partial Mode": "Finalize",
    "Parallel Aware": false,
    "Startup Cost": 482620.48,
    "Total Cost": 482620.49,
    "Plan Rows": 1,
    "Plan Width": 8,
    "Actual Startup Time": 1758.862,
    "Actual Total Time": 1794.198,
    "Actual Rows": 1,
    "Actual Loops": 1,
    "Plans": [
      {
        "Node Type": "Gather",
        "Parent Relationship": "Outer",
        "Parallel Aware": false,
        "Startup Cost": 482620.37,
        "Total Cost": 482620.48,
        "Plan Rows": 1,
        "Plan Width": 8,
        "Actual Startup Time": 1756.529,
        "Actual Total Time": 1794.188,
        "Actual Rows": 2,
        "Actual Loops": 1,
        "Workers Planned": 1,
        "Workers Launched": 1,
        "Single Copy": false,
        "Plans": [
          {
            "Node Type": "Aggregate",
            "Strategy": "Plain",
            "Partial Mode": "Partial",
            "Parent Relationship": "Outer",
            "Parallel Aware": false,
            "Startup Cost": 481620.37,
            "Total Cost": 481620.38,
            "Plan Rows": 1,
            "Plan Width": 8,
            "Actual Startup Time": 1751.055,
            "Actual Total Time": 1751.058,
            "Actual Rows": 1,
            "Actual Loops": 2,
            "Plans": [
              {
                "Node Type": "Hash Join",
                "Parent Relationship": "Outer",
                "Parallel Aware": true,
                "Join Type": "Inner",
                "Startup Cost": 64324.52,
                "Total Cost": 477775.12,
                "Plan Rows": 1538097,
                "Plan Width": 0,
                "Actual Startup Time": 922.95,
                "Actual Total Time": 1720.826,
                "Actual Rows": 568862,
                "Actual Loops": 2,
                "Inner Unique": true,
                "Hash Cond": "(ci.movie_id = t.id)",
                "Plans": [
                  {
                    "Node Type": "Index Scan",
                    "Parent Relationship": "Outer",
                    "Parallel Aware": true,
                    "Scan Direction": "Forward",
                    "Index Name": "role_id_cast_info",
                    "Relation Name": "cast_info",
                    "Alias": "ci",
                    "Startup Cost": 0.56,
                    "Total Cost": 400977.7,
                    "Plan Rows": 4751789,
                    "Plan Width": 4,
                    "Actual Startup Time": 630.601,
                    "Actual Total Time": 963.871,
                    "Actual Rows": 1718330,
                    "Actual Loops": 2,
                    "Index Cond": "(role_id < 2)",
                    "Rows Removed by Index Recheck": 0,
                    "Filter": "(person_id > 1260256)",
                    "Rows Removed by Filter": 4617014
                  },
                  {
                    "Node Type": "Hash",
                    "Parent Relationship": "Inner",
                    "Parallel Aware": true,
                    "Startup Cost": 58306.47,
                    "Total Cost": 58306.47,
                    "Plan Rows": 481399,
                    "Plan Width": 4,
                    "Actual Startup Time": 283.315,
                    "Actual Total Time": 283.316,
                    "Actual Rows": 362952,
                    "Actual Loops": 2,
                    "Hash Buckets": 1048576,
                    "Original Hash Buckets": 1048576,
                    "Hash Batches": 1,
                    "Original Hash Batches": 1,
                    "Peak Memory Usage": 36640,
                    "Plans": [
                      {
                        "Node Type": "Seq Scan",
                        "Parent Relationship": "Outer",
                        "Parallel Aware": true,
                        "Relation Name": "title",
                        "Alias": "t",
                        "Startup Cost": 0.0,
                        "Total Cost": 58306.47,
                        "Plan Rows": 481399,
                        "Plan Width": 4,
                        "Actual Startup Time": 0.032,
                        "Actual Total Time": 178.078,
                        "Actual Rows": 362952,
                        "Actual Loops": 2,
                        "Filter": "((kind_id < 7) AND (production_year > 1970))",
                        "Rows Removed by Filter": 901204
                      }
                    ]
                  }
                ]
              }
            ]
          }
        ]
      }
    ]
  },
  "Planning Time": 0.694,
  "Triggers": [],
  "Execution Time": 1794.277
}