[
    {
        "Bao": {
            "Bao prediction": "NaN",
            "Bao recommended hint": "(no hint)"
        }
    },
    {
        "Plan": {
            "Node Type": "Aggregate",
            "Strategy": "Plain",
            "Partial Mode": "Finalize",
            "Parallel Aware": false,
            "Startup Cost": 350570.34,
            "Total Cost": 350570.35,
            "Plan Rows": 1,
            "Plan Width": 8,
            "Actual Startup Time": 878.808,
            "Actual Total Time": 910.345,
            "Actual Rows": 1,
            "Actual Loops": 1,
            "Output": [
                "count(*)"
            ],
            "Plans": [
                {
                    "Node Type": "Gather",
                    "Parent Relationship": "Outer",
                    "Parallel Aware": false,
                    "Startup Cost": 350569.72,
                    "Total Cost": 350570.33,
                    "Plan Rows": 6,
                    "Plan Width": 8,
                    "Actual Startup Time": 878.701,
                    "Actual Total Time": 910.333,
                    "Actual Rows": 7,
                    "Actual Loops": 1,
                    "Output": [
                        "(PARTIAL count(*))"
                    ],
                    "Workers Planned": 6,
                    "Workers Launched": 6,
                    "Single Copy": false,
                    "Plans": [
                        {
                            "Node Type": "Aggregate",
                            "Strategy": "Plain",
                            "Partial Mode": "Partial",
                            "Parent Relationship": "Outer",
                            "Parallel Aware": false,
                            "Startup Cost": 349569.72,
                            "Total Cost": 349569.73,
                            "Plan Rows": 1,
                            "Plan Width": 8,
                            "Actual Startup Time": 867.852,
                            "Actual Total Time": 867.854,
                            "Actual Rows": 1,
                            "Actual Loops": 7,
                            "Output": [
                                "PARTIAL count(*)"
                            ],
                            "Workers": [
                                {
                                    "Worker Number": 0,
                                    "Actual Startup Time": 865.267,
                                    "Actual Total Time": 865.268,
                                    "Actual Rows": 1,
                                    "Actual Loops": 1
                                },
                                {
                                    "Worker Number": 1,
                                    "Actual Startup Time": 865.252,
                                    "Actual Total Time": 865.254,
                                    "Actual Rows": 1,
                                    "Actual Loops": 1
                                },
                                {
                                    "Worker Number": 2,
                                    "Actual Startup Time": 865.292,
                                    "Actual Total Time": 865.293,
                                    "Actual Rows": 1,
                                    "Actual Loops": 1
                                },
                                {
                                    "Worker Number": 3,
                                    "Actual Startup Time": 866.966,
                                    "Actual Total Time": 866.967,
                                    "Actual Rows": 1,
                                    "Actual Loops": 1
                                },
                                {
                                    "Worker Number": 4,
                                    "Actual Startup Time": 867.004,
                                    "Actual Total Time": 867.005,
                                    "Actual Rows": 1,
                                    "Actual Loops": 1
                                },
                                {
                                    "Worker Number": 5,
                                    "Actual Startup Time": 867.038,
                                    "Actual Total Time": 867.039,
                                    "Actual Rows": 1,
                                    "Actual Loops": 1
                                }
                            ],
                            "Plans": [
                                {
                                    "Node Type": "Seq Scan",
                                    "Parent Relationship": "Outer",
                                    "Parallel Aware": true,
                                    "Relation Name": "cast_info",
                                    "Schema": "public",
                                    "Alias": "ci",
                                    "Startup Cost": 0.0,
                                    "Total Cost": 343318.94,
                                    "Plan Rows": 2500310,
                                    "Plan Width": 0,
                                    "Actual Startup Time": 139.563,
                                    "Actual Total Time": 761.047,
                                    "Actual Rows": 1905618,
                                    "Actual Loops": 7,
                                    "Output": [
                                        "id",
                                        "person_id",
                                        "movie_id",
                                        "person_role_id",
                                        "note",
                                        "nr_order",
                                        "role_id"
                                    ],
                                    "Filter": "((ci.person_id > 928579) AND (ci.role_id < 3))",
                                    "Rows Removed by Filter": 3272146,
                                    "Workers": [
                                        {
                                            "Worker Number": 0,
                                            "Actual Startup Time": 136.967,
                                            "Actual Total Time": 760.775,
                                            "Actual Rows": 1583609,
                                            "Actual Loops": 1
                                        },
                                        {
                                            "Worker Number": 1,
                                            "Actual Startup Time": 136.958,
                                            "Actual Total Time": 760.725,
                                            "Actual Rows": 1512668,
                                            "Actual Loops": 1
                                        },
                                        {
                                            "Worker Number": 2,
                                            "Actual Startup Time": 137.008,
                                            "Actual Total Time": 760.14,
                                            "Actual Rows": 1594796,
                                            "Actual Loops": 1
                                        },
                                        {
                                            "Worker Number": 3,
                                            "Actual Startup Time": 138.679,
                                            "Actual Total Time": 760.932,
                                            "Actual Rows": 1608925,
                                            "Actual Loops": 1
                                        },
                                        {
                                            "Worker Number": 4,
                                            "Actual Startup Time": 138.717,
                                            "Actual Total Time": 762.188,
                                            "Actual Rows": 2575826,
                                            "Actual Loops": 1
                                        },
                                        {
                                            "Worker Number": 5,
                                            "Actual Startup Time": 138.758,
                                            "Actual Total Time": 762.546,
                                            "Actual Rows": 2576180,
                                            "Actual Loops": 1
                                        }
                                    ]
                                }
                            ]
                        }
                    ]
                }
            ]
        },
        "Planning Time": 306.319,
        "Triggers": [],
        "Execution Time": 910.426
    }
]