{
    "Plan": {
        "Node Type": "Aggregate",
        "Strategy": "Plain",
        "Partial Mode": "Finalize",
        "Parallel Aware": false,
        "Startup Cost": 410670.94,
        "Total Cost": 410670.95,
        "Plan Rows": 1,
        "Plan Width": 8,
        "Actual Startup Time": 1139.543,
        "Actual Total Time": 1203.168,
        "Actual Rows": 1,
        "Actual Loops": 1,
        "Output": [
            "count(*)"
        ],
        "Plans": [
            {
                "Node Type": "Gather",
                "Parent Relationship": "Outer",
                "Parallel Aware": false,
                "Startup Cost": 410670.52,
                "Total Cost": 410670.93,
                "Plan Rows": 4,
                "Plan Width": 8,
                "Actual Startup Time": 1135.298,
                "Actual Total Time": 1203.155,
                "Actual Rows": 5,
                "Actual Loops": 1,
                "Output": [
                    "(PARTIAL count(*))"
                ],
                "Workers Planned": 4,
                "Workers Launched": 4,
                "Single Copy": false,
                "Plans": [
                    {
                        "Node Type": "Aggregate",
                        "Strategy": "Plain",
                        "Partial Mode": "Partial",
                        "Parent Relationship": "Outer",
                        "Parallel Aware": false,
                        "Startup Cost": 409670.52,
                        "Total Cost": 409670.53,
                        "Plan Rows": 1,
                        "Plan Width": 8,
                        "Actual Startup Time": 1125.341,
                        "Actual Total Time": 1125.72,
                        "Actual Rows": 1,
                        "Actual Loops": 5,
                        "Output": [
                            "PARTIAL count(*)"
                        ],
                        "Workers": [
                            {
                                "Worker Number": 0,
                                "Actual Startup Time": 1122.596,
                                "Actual Total Time": 1122.602,
                                "Actual Rows": 1,
                                "Actual Loops": 1
                            },
                            {
                                "Worker Number": 1,
                                "Actual Startup Time": 1122.599,
                                "Actual Total Time": 1122.606,
                                "Actual Rows": 1,
                                "Actual Loops": 1
                            },
                            {
                                "Worker Number": 2,
                                "Actual Startup Time": 1124.205,
                                "Actual Total Time": 1124.212,
                                "Actual Rows": 1,
                                "Actual Loops": 1
                            },
                            {
                                "Worker Number": 3,
                                "Actual Startup Time": 1122.881,
                                "Actual Total Time": 1122.886,
                                "Actual Rows": 1,
                                "Actual Loops": 1
                            }
                        ],
                        "Plans": [
                            {
                                "Node Type": "Hash Join",
                                "Parent Relationship": "Outer",
                                "Parallel Aware": true,
                                "Join Type": "Inner",
                                "Startup Cost": 364496.73,
                                "Total Cost": 409561.77,
                                "Plan Rows": 43498,
                                "Plan Width": 0,
                                "Actual Startup Time": 933.36,
                                "Actual Total Time": 1118.141,
                                "Actual Rows": 148189,
                                "Actual Loops": 5,
                                "Inner Unique": false,
                                "Hash Cond": "(t.id = mc.movie_id)",
                                "Workers": [
                                    {
                                        "Worker Number": 0,
                                        "Actual Startup Time": 930.824,
                                        "Actual Total Time": 1115.772,
                                        "Actual Rows": 160103,
                                        "Actual Loops": 1
                                    },
                                    {
                                        "Worker Number": 1,
                                        "Actual Startup Time": 930.807,
                                        "Actual Total Time": 1115.865,
                                        "Actual Rows": 157989,
                                        "Actual Loops": 1
                                    },
                                    {
                                        "Worker Number": 2,
                                        "Actual Startup Time": 931.304,
                                        "Actual Total Time": 1115.883,
                                        "Actual Rows": 121431,
                                        "Actual Loops": 1
                                    },
                                    {
                                        "Worker Number": 3,
                                        "Actual Startup Time": 931.098,
                                        "Actual Total Time": 1116.005,
                                        "Actual Rows": 161296,
                                        "Actual Loops": 1
                                    }
                                ],
                                "Plans": [
                                    {
                                        "Node Type": "Seq Scan",
                                        "Parent Relationship": "Outer",
                                        "Parallel Aware": true,
                                        "Relation Name": "title",
                                        "Schema": "public",
                                        "Alias": "t",
                                        "Startup Cost": 0.0,
                                        "Total Cost": 42318.81,
                                        "Plan Rows": 632080,
                                        "Plan Width": 4,
                                        "Actual Startup Time": 0.019,
                                        "Actual Total Time": 70.646,
                                        "Actual Rows": 505662,
                                        "Actual Loops": 5,
                                        "Output": [
                                            "t.id",
                                            "t.title",
                                            "t.imdb_index",
                                            "t.kind_id",
                                            "t.production_year",
                                            "t.imdb_id",
                                            "t.phonetic_code",
                                            "t.episode_of_id",
                                            "t.season_nr",
                                            "t.episode_nr",
                                            "t.series_years",
                                            "t.md5sum"
                                        ],
                                        "Workers": [
                                            {
                                                "Worker Number": 0,
                                                "Actual Startup Time": 0.025,
                                                "Actual Total Time": 72.461,
                                                "Actual Rows": 546891,
                                                "Actual Loops": 1
                                            },
                                            {
                                                "Worker Number": 1,
                                                "Actual Startup Time": 0.01,
                                                "Actual Total Time": 72.693,
                                                "Actual Rows": 541094,
                                                "Actual Loops": 1
                                            },
                                            {
                                                "Worker Number": 2,
                                                "Actual Startup Time": 0.024,
                                                "Actual Total Time": 74.953,
                                                "Actual Rows": 400251,
                                                "Actual Loops": 1
                                            },
                                            {
                                                "Worker Number": 3,
                                                "Actual Startup Time": 0.023,
                                                "Actual Total Time": 72.394,
                                                "Actual Rows": 542325,
                                                "Actual Loops": 1
                                            }
                                        ]
                                    },
                                    {
                                        "Node Type": "Hash",
                                        "Parent Relationship": "Inner",
                                        "Parallel Aware": true,
                                        "Startup Cost": 362617.04,
                                        "Total Cost": 362617.04,
                                        "Plan Rows": 150375,
                                        "Plan Width": 8,
                                        "Actual Startup Time": 930.257,
                                        "Actual Total Time": 930.634,
                                        "Actual Rows": 148189,
                                        "Actual Loops": 5,
                                        "Output": [
                                            "mc.movie_id",
                                            "ci.movie_id"
                                        ],
                                        "Hash Buckets": 1048576,
                                        "Original Hash Buckets": 524288,
                                        "Hash Batches": 1,
                                        "Original Hash Batches": 1,
                                        "Peak Memory Usage": 41344,
                                        "Workers": [
                                            {
                                                "Worker Number": 0,
                                                "Actual Startup Time": 930.114,
                                                "Actual Total Time": 930.119,
                                                "Actual Rows": 169106,
                                                "Actual Loops": 1
                                            },
                                            {
                                                "Worker Number": 1,
                                                "Actual Startup Time": 930.051,
                                                "Actual Total Time": 930.056,
                                                "Actual Rows": 162521,
                                                "Actual Loops": 1
                                            },
                                            {
                                                "Worker Number": 2,
                                                "Actual Startup Time": 930.646,
                                                "Actual Total Time": 930.651,
                                                "Actual Rows": 117202,
                                                "Actual Loops": 1
                                            },
                                            {
                                                "Worker Number": 3,
                                                "Actual Startup Time": 930.431,
                                                "Actual Total Time": 930.435,
                                                "Actual Rows": 165841,
                                                "Actual Loops": 1
                                            }
                                        ],
                                        "Plans": [
                                            {
                                                "Node Type": "Hash Join",
                                                "Parent Relationship": "Outer",
                                                "Parallel Aware": true,
                                                "Join Type": "Inner",
                                                "Startup Cost": 328930.22,
                                                "Total Cost": 362617.04,
                                                "Plan Rows": 150375,
                                                "Plan Width": 8,
                                                "Actual Startup Time": 753.263,
                                                "Actual Total Time": 878.142,
                                                "Actual Rows": 148189,
                                                "Actual Loops": 5,
                                                "Output": [
                                                    "mc.movie_id",
                                                    "ci.movie_id"
                                                ],
                                                "Inner Unique": false,
                                                "Hash Cond": "(mc.movie_id = ci.movie_id)",
                                                "Workers": [
                                                    {
                                                        "Worker Number": 0,
                                                        "Actual Startup Time": 753.226,
                                                        "Actual Total Time": 878.156,
                                                        "Actual Rows": 169106,
                                                        "Actual Loops": 1
                                                    },
                                                    {
                                                        "Worker Number": 1,
                                                        "Actual Startup Time": 753.152,
                                                        "Actual Total Time": 878.843,
                                                        "Actual Rows": 162521,
                                                        "Actual Loops": 1
                                                    },
                                                    {
                                                        "Worker Number": 2,
                                                        "Actual Startup Time": 753.275,
                                                        "Actual Total Time": 876.79,
                                                        "Actual Rows": 117202,
                                                        "Actual Loops": 1
                                                    },
                                                    {
                                                        "Worker Number": 3,
                                                        "Actual Startup Time": 753.246,
                                                        "Actual Total Time": 878.144,
                                                        "Actual Rows": 165841,
                                                        "Actual Loops": 1
                                                    }
                                                ],
                                                "Plans": [
                                                    {
                                                        "Node Type": "Seq Scan",
                                                        "Parent Relationship": "Outer",
                                                        "Parallel Aware": true,
                                                        "Relation Name": "movie_companies",
                                                        "Schema": "public",
                                                        "Alias": "mc",
                                                        "Startup Cost": 0.0,
                                                        "Total Cost": 29310.68,
                                                        "Plan Rows": 412551,
                                                        "Plan Width": 4,
                                                        "Actual Startup Time": 0.015,
                                                        "Actual Total Time": 61.304,
                                                        "Actual Rows": 254849,
                                                        "Actual Loops": 5,
                                                        "Output": [
                                                            "mc.id",
                                                            "mc.movie_id",
                                                            "mc.company_id",
                                                            "mc.company_type_id",
                                                            "mc.note"
                                                        ],
                                                        "Filter": "(mc.company_type_id = 1)",
                                                        "Rows Removed by Filter": 266977,
                                                        "Workers": [
                                                            {
                                                                "Worker Number": 0,
                                                                "Actual Startup Time": 0.014,
                                                                "Actual Total Time": 61.386,
                                                                "Actual Rows": 286600,
                                                                "Actual Loops": 1
                                                            },
                                                            {
                                                                "Worker Number": 1,
                                                                "Actual Startup Time": 0.014,
                                                                "Actual Total Time": 61.736,
                                                                "Actual Rows": 289710,
                                                                "Actual Loops": 1
                                                            },
                                                            {
                                                                "Worker Number": 2,
                                                                "Actual Startup Time": 0.022,
                                                                "Actual Total Time": 63.523,
                                                                "Actual Rows": 194369,
                                                                "Actual Loops": 1
                                                            },
                                                            {
                                                                "Worker Number": 3,
                                                                "Actual Startup Time": 0.015,
                                                                "Actual Total Time": 61.317,
                                                                "Actual Rows": 284960,
                                                                "Actual Loops": 1
                                                            }
                                                        ]
                                                    },
                                                    {
                                                        "Node Type": "Hash",
                                                        "Parent Relationship": "Inner",
                                                        "Parallel Aware": true,
                                                        "Startup Cost": 328213.62,
                                                        "Total Cost": 328213.62,
                                                        "Plan Rows": 57328,
                                                        "Plan Width": 4,
                                                        "Actual Startup Time": 751.658,
                                                        "Actual Total Time": 751.659,
                                                        "Actual Rows": 73728,
                                                        "Actual Loops": 5,
                                                        "Output": [
                                                            "ci.movie_id"
                                                        ],
                                                        "Hash Buckets": 524288,
                                                        "Original Hash Buckets": 524288,
                                                        "Hash Batches": 1,
                                                        "Original Hash Batches": 1,
                                                        "Peak Memory Usage": 18592,
                                                        "Workers": [
                                                            {
                                                                "Worker Number": 0,
                                                                "Actual Startup Time": 753.027,
                                                                "Actual Total Time": 753.029,
                                                                "Actual Rows": 83126,
                                                                "Actual Loops": 1
                                                            },
                                                            {
                                                                "Worker Number": 1,
                                                                "Actual Startup Time": 753.018,
                                                                "Actual Total Time": 753.019,
                                                                "Actual Rows": 83953,
                                                                "Actual Loops": 1
                                                            },
                                                            {
                                                                "Worker Number": 2,
                                                                "Actual Startup Time": 753.061,
                                                                "Actual Total Time": 753.062,
                                                                "Actual Rows": 58107,
                                                                "Actual Loops": 1
                                                            },
                                                            {
                                                                "Worker Number": 3,
                                                                "Actual Startup Time": 752.987,
                                                                "Actual Total Time": 752.988,
                                                                "Actual Rows": 76518,
                                                                "Actual Loops": 1
                                                            }
                                                        ],
                                                        "Plans": [
                                                            {
                                                                "Node Type": "Seq Scan",
                                                                "Parent Relationship": "Outer",
                                                                "Parallel Aware": true,
                                                                "Relation Name": "cast_info",
                                                                "Schema": "public",
                                                                "Alias": "ci",
                                                                "Startup Cost": 0.0,
                                                                "Total Cost": 328213.62,
                                                                "Plan Rows": 57328,
                                                                "Plan Width": 4,
                                                                "Actual Startup Time": 699.706,
                                                                "Actual Total Time": 719.149,
                                                                "Actual Rows": 73728,
                                                                "Actual Loops": 5,
                                                                "Output": [
                                                                    "ci.movie_id"
                                                                ],
                                                                "Filter": "(ci.person_id > 3994136)",
                                                                "Rows Removed by Filter": 7175141,
                                                                "Workers": [
                                                                    {
                                                                        "Worker Number": 0,
                                                                        "Actual Startup Time": 699.661,
                                                                        "Actual Total Time": 719.639,
                                                                        "Actual Rows": 83126,
                                                                        "Actual Loops": 1
                                                                    },
                                                                    {
                                                                        "Worker Number": 1,
                                                                        "Actual Startup Time": 699.671,
                                                                        "Actual Total Time": 719.37,
                                                                        "Actual Rows": 83953,
                                                                        "Actual Loops": 1
                                                                    },
                                                                    {
                                                                        "Worker Number": 2,
                                                                        "Actual Startup Time": 699.74,
                                                                        "Actual Total Time": 719.461,
                                                                        "Actual Rows": 58107,
                                                                        "Actual Loops": 1
                                                                    },
                                                                    {
                                                                        "Worker Number": 3,
                                                                        "Actual Startup Time": 699.699,
                                                                        "Actual Total Time": 719.905,
                                                                        "Actual Rows": 76518,
                                                                        "Actual Loops": 1
                                                                    }
                                                                ]
                                                            }
                                                        ]
                                                    }
                                                ]
                                            }
                                        ]
                                    }
                                ]
                            }
                        ]
                    }
                ]
            }
        ]
    },
    "Planning Time": 1.696,
    "Triggers": [],
    "Execution Time": 1203.271
}