[
  {
    "Plan": {
      "Node Type": "Aggregate",
      "Strategy": "Plain",
      "Partial Mode": "Finalize",
      "Parallel Aware": false,
      "Startup Cost": 60070.6,
      "Total Cost": 60070.61,
      "Plan Rows": 1,
      "Plan Width": 8,
      "Actual Startup Time": 134.57,
      "Actual Total Time": 149.858,
      "Actual Rows": 1,
      "Actual Loops": 1,
      "Plans": [
        {
          "Node Type": "Gather",
          "Parent Relationship": "Outer",
          "Parallel Aware": false,
          "Startup Cost": 60070.18,
          "Total Cost": 60070.59,
          "Plan Rows": 4,
          "Plan Width": 8,
          "Actual Startup Time": 134.415,
          "Actual Total Time": 149.844,
          "Actual Rows": 5,
          "Actual Loops": 1,
          "Workers Planned": 4,
          "Workers Launched": 4,
          "Single Copy": false,
          "Plans": [
            {
              "Node Type": "Aggregate",
              "Strategy": "Plain",
              "Partial Mode": "Partial",
              "Parent Relationship": "Outer",
              "Parallel Aware": false,
              "Startup Cost": 59070.18,
              "Total Cost": 59070.19,
              "Plan Rows": 1,
              "Plan Width": 8,
              "Actual Startup Time": 124.123,
              "Actual Total Time": 124.125,
              "Actual Rows": 1,
              "Actual Loops": 5,
              "Plans": [
                {
                  "Node Type": "Nested Loop",
                  "Parent Relationship": "Outer",
                  "Parallel Aware": false,
                  "Join Type": "Inner",
                  "Startup Cost": 0.43,
                  "Total Cost": 59066.5,
                  "Plan Rows": 1472,
                  "Plan Width": 0,
                  "Actual Startup Time": 67.471,
                  "Actual Total Time": 123.923,
                  "Actual Rows": 2008,
                  "Actual Loops": 5,
                  "Inner Unique": false,
                  "Plans": [
                    {
                      "Node Type": "Seq Scan",
                      "Parent Relationship": "Outer",
                      "Parallel Aware": true,
                      "Relation Name": "title",
                      "Alias": "t",
                      "Startup Cost": 0.0,
                      "Total Cost": 45479.59,
                      "Plan Rows": 2697,
                      "Plan Width": 4,
                      "Actual Startup Time": 67.063,
                      "Actual Total Time": 97.972,
                      "Actual Rows": 5821,
                      "Actual Loops": 5,
                      "Filter": "((kind_id < 7) AND (production_year < 1911))",
                      "Rows Removed by Filter": 499842
                    },
                    {
                      "Node Type": "Index Only Scan",
                      "Parent Relationship": "Inner",
                      "Parallel Aware": false,
                      "Scan Direction": "Forward",
                      "Index Name": "movie_id_movie_info_idx",
                      "Relation Name": "movie_info_idx",
                      "Alias": "mi_idx",
                      "Startup Cost": 0.43,
                      "Total Cost": 5.01,
                      "Plan Rows": 3,
                      "Plan Width": 4,
                      "Actual Startup Time": 0.004,
                      "Actual Total Time": 0.004,
                      "Actual Rows": 0,
                      "Actual Loops": 29104,
                      "Index Cond": "(movie_id = t.id)",
                      "Rows Removed by Index Recheck": 0,
                      "Heap Fetches": 10038
                    }
                  ]
                }
              ]
            }
          ]
        }
      ]
    },
    "Planning Time": 0.619,
    "Triggers": [],
    "Execution Time": 149.918
  }
]