[
  {
    "Plan": {
      "Node Type": "Aggregate",
      "Strategy": "Plain",
      "Partial Mode": "Finalize",
      "Parallel Aware": false,
      "Startup Cost": 59103.12,
      "Total Cost": 59103.13,
      "Plan Rows": 1,
      "Plan Width": 8,
      "Actual Startup Time": 126.423,
      "Actual Total Time": 140.1,
      "Actual Rows": 1,
      "Actual Loops": 1,
      "Plans": [
        {
          "Node Type": "Gather",
          "Parent Relationship": "Outer",
          "Parallel Aware": false,
          "Startup Cost": 59102.7,
          "Total Cost": 59103.11,
          "Plan Rows": 4,
          "Plan Width": 8,
          "Actual Startup Time": 126.21,
          "Actual Total Time": 140.093,
          "Actual Rows": 5,
          "Actual Loops": 1,
          "Workers Planned": 4,
          "Workers Launched": 4,
          "Single Copy": false,
          "Plans": [
            {
              "Node Type": "Aggregate",
              "Strategy": "Plain",
              "Partial Mode": "Partial",
              "Parent Relationship": "Outer",
              "Parallel Aware": false,
              "Startup Cost": 58102.7,
              "Total Cost": 58102.71,
              "Plan Rows": 1,
              "Plan Width": 8,
              "Actual Startup Time": 116.454,
              "Actual Total Time": 116.455,
              "Actual Rows": 1,
              "Actual Loops": 5,
              "Plans": [
                {
                  "Node Type": "Nested Loop",
                  "Parent Relationship": "Outer",
                  "Parallel Aware": false,
                  "Join Type": "Inner",
                  "Startup Cost": 0.43,
                  "Total Cost": 58099.43,
                  "Plan Rows": 1308,
                  "Plan Width": 0,
                  "Actual Startup Time": 63.841,
                  "Actual Total Time": 116.265,
                  "Actual Rows": 2008,
                  "Actual Loops": 5,
                  "Inner Unique": false,
                  "Plans": [
                    {
                      "Node Type": "Seq Scan",
                      "Parent Relationship": "Outer",
                      "Parallel Aware": true,
                      "Relation Name": "title",
                      "Alias": "t",
                      "Startup Cost": 0.0,
                      "Total Cost": 45479.1,
                      "Plan Rows": 2396,
                      "Plan Width": 4,
                      "Actual Startup Time": 63.385,
                      "Actual Total Time": 93.293,
                      "Actual Rows": 5821,
                      "Actual Loops": 5,
                      "Filter": "((kind_id < 7) AND (production_year < 1911))",
                      "Rows Removed by Filter": 499842
                    },
                    {
                      "Node Type": "Index Only Scan",
                      "Parent Relationship": "Inner",
                      "Parallel Aware": false,
                      "Scan Direction": "Forward",
                      "Index Name": "movie_id_movie_info_idx",
                      "Relation Name": "movie_info_idx",
                      "Alias": "mi_idx",
                      "Startup Cost": 0.43,
                      "Total Cost": 5.24,
                      "Plan Rows": 3,
                      "Plan Width": 4,
                      "Actual Startup Time": 0.004,
                      "Actual Total Time": 0.004,
                      "Actual Rows": 0,
                      "Actual Loops": 29104,
                      "Index Cond": "(movie_id = t.id)",
                      "Rows Removed by Index Recheck": 0,
                      "Heap Fetches": 10038
                    }
                  ]
                }
              ]
            }
          ]
        }
      ]
    },
    "Planning Time": 0.585,
    "Triggers": [],
    "Execution Time": 140.17
  }
]