[
  {
    "Plan": {
      "Node Type": "Aggregate",
      "Strategy": "Plain",
      "Partial Mode": "Finalize",
      "Parallel Aware": false,
      "Startup Cost": 220348.04,
      "Total Cost": 220348.05,
      "Plan Rows": 1,
      "Plan Width": 8,
      "Actual Startup Time": 968.48,
      "Actual Total Time": 1020.225,
      "Actual Rows": 1,
      "Actual Loops": 1,
      "Plans": [
        {
          "Node Type": "Gather",
          "Parent Relationship": "Outer",
          "Parallel Aware": false,
          "Startup Cost": 220347.73,
          "Total Cost": 220348.04,
          "Plan Rows": 3,
          "Plan Width": 8,
          "Actual Startup Time": 966.659,
          "Actual Total Time": 1020.212,
          "Actual Rows": 4,
          "Actual Loops": 1,
          "Workers Planned": 3,
          "Workers Launched": 3,
          "Single Copy": false,
          "Plans": [
            {
              "Node Type": "Aggregate",
              "Strategy": "Plain",
              "Partial Mode": "Partial",
              "Parent Relationship": "Outer",
              "Parallel Aware": false,
              "Startup Cost": 219347.73,
              "Total Cost": 219347.74,
              "Plan Rows": 1,
              "Plan Width": 8,
              "Actual Startup Time": 957.022,
              "Actual Total Time": 957.026,
              "Actual Rows": 1,
              "Actual Loops": 4,
              "Plans": [
                {
                  "Node Type": "Nested Loop",
                  "Parent Relationship": "Outer",
                  "Parallel Aware": false,
                  "Join Type": "Inner",
                  "Startup Cost": 45440.89,
                  "Total Cost": 219036.03,
                  "Plan Rows": 124680,
                  "Plan Width": 0,
                  "Actual Startup Time": 182.052,
                  "Actual Total Time": 942.452,
                  "Actual Rows": 273619,
                  "Actual Loops": 4,
                  "Inner Unique": false,
                  "Join Filter": "(t.id = mi.movie_id)",
                  "Rows Removed by Join Filter": 0,
                  "Plans": [
                    {
                      "Node Type": "Hash Join",
                      "Parent Relationship": "Outer",
                      "Parallel Aware": true,
                      "Join Type": "Inner",
                      "Startup Cost": 45440.46,
                      "Total Cost": 77666.59,
                      "Plan Rows": 60284,
                      "Plan Width": 8,
                      "Actual Startup Time": 181.949,
                      "Actual Total Time": 311.597,
                      "Actual Rows": 83650,
                      "Actual Loops": 4,
                      "Inner Unique": true,
                      "Hash Cond": "(mc.movie_id = t.id)",
                      "Plans": [
                        {
                          "Node Type": "Seq Scan",
                          "Parent Relationship": "Outer",
                          "Parallel Aware": true,
                          "Relation Name": "movie_companies",
                          "Alias": "mc",
                          "Startup Cost": 0.0,
                          "Total Cost": 31414.82,
                          "Plan Rows": 309072,
                          "Plan Width": 4,
                          "Actual Startup Time": 32.267,
                          "Actual Total Time": 73.746,
                          "Actual Rows": 279917,
                          "Actual Loops": 4,
                          "Filter": "((company_id > 1427) AND (company_type_id = 2))",
                          "Rows Removed by Filter": 372365
                        },
                        {
                          "Node Type": "Hash",
                          "Parent Relationship": "Inner",
                          "Parallel Aware": true,
                          "Startup Cost": 43899.32,
                          "Total Cost": 43899.32,
                          "Plan Rows": 123291,
                          "Plan Width": 4,
                          "Actual Startup Time": 146.147,
                          "Actual Total Time": 146.148,
                          "Actual Rows": 127239,
                          "Actual Loops": 4,
                          "Hash Buckets": 524288,
                          "Original Hash Buckets": 524288,
                          "Hash Batches": 1,
                          "Original Hash Batches": 1,
                          "Peak Memory Usage": 24096,
                          "Plans": [
                            {
                              "Node Type": "Seq Scan",
                              "Parent Relationship": "Outer",
                              "Parallel Aware": true,
                              "Relation Name": "title",
                              "Alias": "t",
                              "Startup Cost": 0.0,
                              "Total Cost": 43899.32,
                              "Plan Rows": 123291,
                              "Plan Width": 4,
                              "Actual Startup Time": 0.034,
                              "Actual Total Time": 102.166,
                              "Actual Rows": 127239,
                              "Actual Loops": 4,
                              "Filter": "(production_year < 1980)",
                              "Rows Removed by Filter": 504839
                            }
                          ]
                        }
                      ]
                    },
                    {
                      "Node Type": "Index Scan",
                      "Parent Relationship": "Inner",
                      "Parallel Aware": false,
                      "Scan Direction": "Forward",
                      "Index Name": "movie_id_movie_info",
                      "Relation Name": "movie_info",
                      "Alias": "mi",
                      "Startup Cost": 0.43,
                      "Total Cost": 2.16,
                      "Plan Rows": 15,
                      "Plan Width": 4,
                      "Actual Startup Time": 0.004,
                      "Actual Total Time": 0.007,
                      "Actual Rows": 3,
                      "Actual Loops": 334600,
                      "Index Cond": "(movie_id = mc.movie_id)",
                      "Rows Removed by Index Recheck": 0,
                      "Filter": "(info_type_id > 15)",
                      "Rows Removed by Filter": 9
                    }
                  ]
                }
              ]
            }
          ]
        }
      ]
    },
    "Planning Time": 1.518,
    "Triggers": [],
    "Execution Time": 1020.331
  }
]