[
  {
    "Plan": {
      "Node Type": "Aggregate",
      "Strategy": "Plain",
      "Partial Mode": "Finalize",
      "Parallel Aware": false,
      "Startup Cost": 222581.23,
      "Total Cost": 222581.24,
      "Plan Rows": 1,
      "Plan Width": 8,
      "Actual Startup Time": 926.735,
      "Actual Total Time": 978.322,
      "Actual Rows": 1,
      "Actual Loops": 1,
      "Plans": [
        {
          "Node Type": "Gather",
          "Parent Relationship": "Outer",
          "Parallel Aware": false,
          "Startup Cost": 222580.91,
          "Total Cost": 222581.22,
          "Plan Rows": 3,
          "Plan Width": 8,
          "Actual Startup Time": 924.248,
          "Actual Total Time": 978.314,
          "Actual Rows": 4,
          "Actual Loops": 1,
          "Workers Planned": 3,
          "Workers Launched": 3,
          "Single Copy": false,
          "Plans": [
            {
              "Node Type": "Aggregate",
              "Strategy": "Plain",
              "Partial Mode": "Partial",
              "Parent Relationship": "Outer",
              "Parallel Aware": false,
              "Startup Cost": 221580.91,
              "Total Cost": 221580.92,
              "Plan Rows": 1,
              "Plan Width": 8,
              "Actual Startup Time": 914.869,
              "Actual Total Time": 914.872,
              "Actual Rows": 1,
              "Actual Loops": 4,
              "Plans": [
                {
                  "Node Type": "Nested Loop",
                  "Parent Relationship": "Outer",
                  "Parallel Aware": false,
                  "Join Type": "Inner",
                  "Startup Cost": 45459.3,
                  "Total Cost": 221263.84,
                  "Plan Rows": 126828,
                  "Plan Width": 0,
                  "Actual Startup Time": 172.179,
                  "Actual Total Time": 900.89,
                  "Actual Rows": 273619,
                  "Actual Loops": 4,
                  "Inner Unique": false,
                  "Join Filter": "(t.id = mi.movie_id)",
                  "Rows Removed by Join Filter": 0,
                  "Plans": [
                    {
                      "Node Type": "Hash Join",
                      "Parent Relationship": "Outer",
                      "Parallel Aware": true,
                      "Join Type": "Inner",
                      "Startup Cost": 45458.87,
                      "Total Cost": 77678.3,
                      "Plan Rows": 60519,
                      "Plan Width": 8,
                      "Actual Startup Time": 172.073,
                      "Actual Total Time": 298.626,
                      "Actual Rows": 83650,
                      "Actual Loops": 4,
                      "Inner Unique": true,
                      "Hash Cond": "(mc.movie_id = t.id)",
                      "Plans": [
                        {
                          "Node Type": "Seq Scan",
                          "Parent Relationship": "Outer",
                          "Parallel Aware": true,
                          "Relation Name": "movie_companies",
                          "Alias": "mc",
                          "Startup Cost": 0.0,
                          "Total Cost": 31414.82,
                          "Plan Rows": 306520,
                          "Plan Width": 4,
                          "Actual Startup Time": 30.172,
                          "Actual Total Time": 68.484,
                          "Actual Rows": 279917,
                          "Actual Loops": 4,
                          "Filter": "((company_id > 1427) AND (company_type_id = 2))",
                          "Rows Removed by Filter": 372365
                        },
                        {
                          "Node Type": "Hash",
                          "Parent Relationship": "Inner",
                          "Parallel Aware": true,
                          "Startup Cost": 43898.92,
                          "Total Cost": 43898.92,
                          "Plan Rows": 124796,
                          "Plan Width": 4,
                          "Actual Startup Time": 138.263,
                          "Actual Total Time": 138.264,
                          "Actual Rows": 127239,
                          "Actual Loops": 4,
                          "Hash Buckets": 524288,
                          "Original Hash Buckets": 524288,
                          "Hash Batches": 1,
                          "Original Hash Batches": 1,
                          "Peak Memory Usage": 24096,
                          "Plans": [
                            {
                              "Node Type": "Seq Scan",
                              "Parent Relationship": "Outer",
                              "Parallel Aware": true,
                              "Relation Name": "title",
                              "Alias": "t",
                              "Startup Cost": 0.0,
                              "Total Cost": 43898.92,
                              "Plan Rows": 124796,
                              "Plan Width": 4,
                              "Actual Startup Time": 0.039,
                              "Actual Total Time": 98.437,
                              "Actual Rows": 127239,
                              "Actual Loops": 4,
                              "Filter": "(production_year < 1980)",
                              "Rows Removed by Filter": 504839
                            }
                          ]
                        }
                      ]
                    },
                    {
                      "Node Type": "Index Scan",
                      "Parent Relationship": "Inner",
                      "Parallel Aware": false,
                      "Scan Direction": "Forward",
                      "Index Name": "movie_id_movie_info",
                      "Relation Name": "movie_info",
                      "Alias": "mi",
                      "Startup Cost": 0.43,
                      "Total Cost": 2.19,
                      "Plan Rows": 15,
                      "Plan Width": 4,
                      "Actual Startup Time": 0.004,
                      "Actual Total Time": 0.007,
                      "Actual Rows": 3,
                      "Actual Loops": 334600,
                      "Index Cond": "(movie_id = mc.movie_id)",
                      "Rows Removed by Index Recheck": 0,
                      "Filter": "(info_type_id > 15)",
                      "Rows Removed by Filter": 9
                    }
                  ]
                }
              ]
            }
          ]
        }
      ]
    },
    "Planning Time": 1.42,
    "Triggers": [],
    "Execution Time": 978.423
  }
]