{
  "Plan": {
    "Node Type": "Aggregate",
    "Strategy": "Plain",
    "Partial Mode": "Finalize",
    "Parallel Aware": false,
    "Startup Cost": 714735.09,
    "Total Cost": 714735.1,
    "Plan Rows": 1,
    "Plan Width": 8,
    "Actual Startup Time": 4236.442,
    "Actual Total Time": 4307.367,
    "Actual Rows": 1,
    "Actual Loops": 1,
    "Plans": [
      {
        "Node Type": "Gather",
        "Parent Relationship": "Outer",
        "Parallel Aware": false,
        "Startup Cost": 714734.98,
        "Total Cost": 714735.09,
        "Plan Rows": 1,
        "Plan Width": 8,
        "Actual Startup Time": 4232.886,
        "Actual Total Time": 4307.359,
        "Actual Rows": 2,
        "Actual Loops": 1,
        "Workers Planned": 1,
        "Workers Launched": 1,
        "Single Copy": false,
        "Plans": [
          {
            "Node Type": "Aggregate",
            "Strategy": "Plain",
            "Partial Mode": "Partial",
            "Parent Relationship": "Outer",
            "Parallel Aware": false,
            "Startup Cost": 713734.98,
            "Total Cost": 713734.99,
            "Plan Rows": 1,
            "Plan Width": 8,
            "Actual Startup Time": 4226.49,
            "Actual Total Time": 4226.496,
            "Actual Rows": 1,
            "Actual Loops": 2,
            "Plans": [
              {
                "Node Type": "Hash Join",
                "Parent Relationship": "Outer",
                "Parallel Aware": true,
                "Join Type": "Inner",
                "Startup Cost": 84399.69,
                "Total Cost": 708117.43,
                "Plan Rows": 2247017,
                "Plan Width": 0,
                "Actual Startup Time": 1025.087,
                "Actual Total Time": 4031.086,
                "Actual Rows": 4401026,
                "Actual Loops": 2,
                "Inner Unique": false,
                "Hash Cond": "(ci.movie_id = t.id)",
                "Plans": [
                  {
                    "Node Type": "Seq Scan",
                    "Parent Relationship": "Outer",
                    "Parallel Aware": true,
                    "Relation Name": "cast_info",
                    "Alias": "ci",
                    "Startup Cost": 0.0,
                    "Total Cost": 572345.93,
                    "Plan Rows": 10174414,
                    "Plan Width": 4,
                    "Actual Startup Time": 504.767,
                    "Actual Total Time": 1796.563,
                    "Actual Rows": 10396745,
                    "Actual Loops": 2,
                    "Filter": "((person_id > 975944) AND (role_id > 1))",
                    "Rows Removed by Filter": 7725427
                  },
                  {
                    "Node Type": "Hash",
                    "Parent Relationship": "Inner",
                    "Parallel Aware": true,
                    "Startup Cost": 80294.0,
                    "Total Cost": 80294.0,
                    "Plan Rows": 328455,
                    "Plan Width": 8,
                    "Actual Startup Time": 510.777,
                    "Actual Total Time": 510.781,
                    "Actual Rows": 215374,
                    "Actual Loops": 2,
                    "Hash Buckets": 1048576,
                    "Original Hash Buckets": 1048576,
                    "Hash Batches": 1,
                    "Original Hash Batches": 1,
                    "Peak Memory Usage": 25088,
                    "Plans": [
                      {
                        "Node Type": "Hash Join",
                        "Parent Relationship": "Outer",
                        "Parallel Aware": true,
                        "Join Type": "Inner",
                        "Startup Cost": 62110.21,
                        "Total Cost": 80294.0,
                        "Plan Rows": 328455,
                        "Plan Width": 8,
                        "Actual Startup Time": 291.193,
                        "Actual Total Time": 464.873,
                        "Actual Rows": 215374,
                        "Actual Loops": 2,
                        "Inner Unique": true,
                        "Hash Cond": "(mi_idx.movie_id = t.id)",
                        "Plans": [
                          {
                            "Node Type": "Seq Scan",
                            "Parent Relationship": "Outer",
                            "Parallel Aware": true,
                            "Relation Name": "movie_info_idx",
                            "Alias": "mi_idx",
                            "Startup Cost": 0.0,
                            "Total Cost": 16052.85,
                            "Plan Rows": 811785,
                            "Plan Width": 4,
                            "Actual Startup Time": 0.019,
                            "Actual Total Time": 50.05,
                            "Actual Rows": 690018,
                            "Actual Loops": 2
                          },
                          {
                            "Node Type": "Hash",
                            "Parent Relationship": "Inner",
                            "Parallel Aware": true,
                            "Startup Cost": 54588.39,
                            "Total Cost": 54588.39,
                            "Plan Rows": 601746,
                            "Plan Width": 4,
                            "Actual Startup Time": 285.72,
                            "Actual Total Time": 285.721,
                            "Actual Rows": 506460,
                            "Actual Loops": 2,
                            "Hash Buckets": 1048576,
                            "Original Hash Buckets": 1048576,
                            "Hash Batches": 1,
                            "Original Hash Batches": 1,
                            "Peak Memory Usage": 47840,
                            "Plans": [
                              {
                                "Node Type": "Seq Scan",
                                "Parent Relationship": "Outer",
                                "Parallel Aware": true,
                                "Relation Name": "title",
                                "Alias": "t",
                                "Startup Cost": 0.0,
                                "Total Cost": 54588.39,
                                "Plan Rows": 601746,
                                "Plan Width": 4,
                                "Actual Startup Time": 0.034,
                                "Actual Total Time": 160.139,
                                "Actual Rows": 506460,
                                "Actual Loops": 2,
                                "Filter": "(production_year > 2005)",
                                "Rows Removed by Filter": 757696
                              }
                            ]
                          }
                        ]
                      }
                    ]
                  }
                ]
              }
            ]
          }
        ]
      }
    ]
  },
  "Planning Time": 1.017,
  "Triggers": [],
  "Execution Time": 4307.5
}