[
    {
        "Bao": {
            "Bao prediction": 461.03,
            "Bao recommended hint": "(no hint)"
        }
    },
    {
        "Plan": {
            "Node Type": "Aggregate",
            "Strategy": "Plain",
            "Partial Mode": "Finalize",
            "Parallel Aware": false,
            "Startup Cost": 346784.1,
            "Total Cost": 346784.11,
            "Plan Rows": 1,
            "Plan Width": 8,
            "Actual Startup Time": 750.737,
            "Actual Total Time": 783.786,
            "Actual Rows": 1,
            "Actual Loops": 1,
            "Output": [
                "count(*)"
            ],
            "Plans": [
                {
                    "Node Type": "Gather",
                    "Parent Relationship": "Outer",
                    "Parallel Aware": false,
                    "Startup Cost": 346783.47,
                    "Total Cost": 346784.08,
                    "Plan Rows": 6,
                    "Plan Width": 8,
                    "Actual Startup Time": 750.634,
                    "Actual Total Time": 783.777,
                    "Actual Rows": 7,
                    "Actual Loops": 1,
                    "Output": [
                        "(PARTIAL count(*))"
                    ],
                    "Workers Planned": 6,
                    "Workers Launched": 6,
                    "Single Copy": false,
                    "Plans": [
                        {
                            "Node Type": "Aggregate",
                            "Strategy": "Plain",
                            "Partial Mode": "Partial",
                            "Parent Relationship": "Outer",
                            "Parallel Aware": false,
                            "Startup Cost": 345783.47,
                            "Total Cost": 345783.48,
                            "Plan Rows": 1,
                            "Plan Width": 8,
                            "Actual Startup Time": 740.698,
                            "Actual Total Time": 740.699,
                            "Actual Rows": 1,
                            "Actual Loops": 7,
                            "Output": [
                                "PARTIAL count(*)"
                            ],
                            "Workers": [
                                {
                                    "Worker Number": 0,
                                    "Actual Startup Time": 738.856,
                                    "Actual Total Time": 738.858,
                                    "Actual Rows": 1,
                                    "Actual Loops": 1
                                },
                                {
                                    "Worker Number": 1,
                                    "Actual Startup Time": 739.077,
                                    "Actual Total Time": 739.078,
                                    "Actual Rows": 1,
                                    "Actual Loops": 1
                                },
                                {
                                    "Worker Number": 2,
                                    "Actual Startup Time": 739.12,
                                    "Actual Total Time": 739.122,
                                    "Actual Rows": 1,
                                    "Actual Loops": 1
                                },
                                {
                                    "Worker Number": 3,
                                    "Actual Startup Time": 739.147,
                                    "Actual Total Time": 739.149,
                                    "Actual Rows": 1,
                                    "Actual Loops": 1
                                },
                                {
                                    "Worker Number": 4,
                                    "Actual Startup Time": 739.116,
                                    "Actual Total Time": 739.117,
                                    "Actual Rows": 1,
                                    "Actual Loops": 1
                                },
                                {
                                    "Worker Number": 5,
                                    "Actual Startup Time": 739.757,
                                    "Actual Total Time": 739.758,
                                    "Actual Rows": 1,
                                    "Actual Loops": 1
                                }
                            ],
                            "Plans": [
                                {
                                    "Node Type": "Seq Scan",
                                    "Parent Relationship": "Outer",
                                    "Parallel Aware": true,
                                    "Relation Name": "cast_info",
                                    "Schema": "public",
                                    "Alias": "ci",
                                    "Startup Cost": 0.0,
                                    "Total Cost": 343318.94,
                                    "Plan Rows": 985812,
                                    "Plan Width": 0,
                                    "Actual Startup Time": 267.19,
                                    "Actual Total Time": 718.141,
                                    "Actual Rows": 369136,
                                    "Actual Loops": 7,
                                    "Output": [
                                        "id",
                                        "person_id",
                                        "movie_id",
                                        "person_role_id",
                                        "note",
                                        "nr_order",
                                        "role_id"
                                    ],
                                    "Filter": "((ci.person_id < 903942) AND (ci.role_id > 1))",
                                    "Rows Removed by Filter": 4808628,
                                    "Workers": [
                                        {
                                            "Worker Number": 0,
                                            "Actual Startup Time": 262.735,
                                            "Actual Total Time": 716.942,
                                            "Actual Rows": 320287,
                                            "Actual Loops": 1
                                        },
                                        {
                                            "Worker Number": 1,
                                            "Actual Startup Time": 264.672,
                                            "Actual Total Time": 716.899,
                                            "Actual Rows": 321739,
                                            "Actual Loops": 1
                                        },
                                        {
                                            "Worker Number": 2,
                                            "Actual Startup Time": 262.814,
                                            "Actual Total Time": 716.901,
                                            "Actual Rows": 325121,
                                            "Actual Loops": 1
                                        },
                                        {
                                            "Worker Number": 3,
                                            "Actual Startup Time": 265.729,
                                            "Actual Total Time": 717.03,
                                            "Actual Rows": 318949,
                                            "Actual Loops": 1
                                        },
                                        {
                                            "Worker Number": 4,
                                            "Actual Startup Time": 275.974,
                                            "Actual Total Time": 717.116,
                                            "Actual Rows": 319671,
                                            "Actual Loops": 1
                                        },
                                        {
                                            "Worker Number": 5,
                                            "Actual Startup Time": 264.571,
                                            "Actual Total Time": 717.679,
                                            "Actual Rows": 320939,
                                            "Actual Loops": 1
                                        }
                                    ]
                                }
                            ]
                        }
                    ]
                }
            ]
        },
        "Planning Time": 1552.071,
        "Triggers": [],
        "Execution Time": 783.899
    }
]