[
    {
        "Bao": {
            "Bao prediction": "NaN",
            "Bao recommended hint": "(no hint)"
        }
    },
    {
        "Plan": {
            "Node Type": "Aggregate",
            "Strategy": "Plain",
            "Partial Mode": "Finalize",
            "Parallel Aware": false,
            "Startup Cost": 341800.98,
            "Total Cost": 341800.99,
            "Plan Rows": 1,
            "Plan Width": 8,
            "Actual Startup Time": 1041.014,
            "Actual Total Time": 1072.949,
            "Actual Rows": 1,
            "Actual Loops": 1,
            "Output": [
                "count(*)"
            ],
            "Plans": [
                {
                    "Node Type": "Gather",
                    "Parent Relationship": "Outer",
                    "Parallel Aware": false,
                    "Startup Cost": 341800.36,
                    "Total Cost": 341800.97,
                    "Plan Rows": 6,
                    "Plan Width": 8,
                    "Actual Startup Time": 1040.917,
                    "Actual Total Time": 1072.938,
                    "Actual Rows": 7,
                    "Actual Loops": 1,
                    "Output": [
                        "(PARTIAL count(*))"
                    ],
                    "Workers Planned": 6,
                    "Workers Launched": 6,
                    "Single Copy": false,
                    "Plans": [
                        {
                            "Node Type": "Aggregate",
                            "Strategy": "Plain",
                            "Partial Mode": "Partial",
                            "Parent Relationship": "Outer",
                            "Parallel Aware": false,
                            "Startup Cost": 340800.36,
                            "Total Cost": 340800.37,
                            "Plan Rows": 1,
                            "Plan Width": 8,
                            "Actual Startup Time": 1030.204,
                            "Actual Total Time": 1030.205,
                            "Actual Rows": 1,
                            "Actual Loops": 7,
                            "Output": [
                                "PARTIAL count(*)"
                            ],
                            "Workers": [
                                {
                                    "Worker Number": 0,
                                    "Actual Startup Time": 1027.708,
                                    "Actual Total Time": 1027.709,
                                    "Actual Rows": 1,
                                    "Actual Loops": 1
                                },
                                {
                                    "Worker Number": 1,
                                    "Actual Startup Time": 1028.233,
                                    "Actual Total Time": 1028.234,
                                    "Actual Rows": 1,
                                    "Actual Loops": 1
                                },
                                {
                                    "Worker Number": 2,
                                    "Actual Startup Time": 1028.394,
                                    "Actual Total Time": 1028.396,
                                    "Actual Rows": 1,
                                    "Actual Loops": 1
                                },
                                {
                                    "Worker Number": 3,
                                    "Actual Startup Time": 1028.836,
                                    "Actual Total Time": 1028.837,
                                    "Actual Rows": 1,
                                    "Actual Loops": 1
                                },
                                {
                                    "Worker Number": 4,
                                    "Actual Startup Time": 1028.509,
                                    "Actual Total Time": 1028.511,
                                    "Actual Rows": 1,
                                    "Actual Loops": 1
                                },
                                {
                                    "Worker Number": 5,
                                    "Actual Startup Time": 1029.444,
                                    "Actual Total Time": 1029.445,
                                    "Actual Rows": 1,
                                    "Actual Loops": 1
                                }
                            ],
                            "Plans": [
                                {
                                    "Node Type": "Seq Scan",
                                    "Parent Relationship": "Outer",
                                    "Parallel Aware": true,
                                    "Relation Name": "cast_info",
                                    "Schema": "public",
                                    "Alias": "ci",
                                    "Startup Cost": 0.0,
                                    "Total Cost": 328213.62,
                                    "Plan Rows": 5034697,
                                    "Plan Width": 0,
                                    "Actual Startup Time": 96.651,
                                    "Actual Total Time": 774.138,
                                    "Actual Rows": 4283017,
                                    "Actual Loops": 7,
                                    "Output": [
                                        "id",
                                        "person_id",
                                        "movie_id",
                                        "person_role_id",
                                        "note",
                                        "nr_order",
                                        "role_id"
                                    ],
                                    "Filter": "(ci.person_id > 603206)",
                                    "Rows Removed by Filter": 894746,
                                    "Workers": [
                                        {
                                            "Worker Number": 0,
                                            "Actual Startup Time": 94.162,
                                            "Actual Total Time": 778.204,
                                            "Actual Rows": 3787599,
                                            "Actual Loops": 1
                                        },
                                        {
                                            "Worker Number": 1,
                                            "Actual Startup Time": 94.678,
                                            "Actual Total Time": 778.715,
                                            "Actual Rows": 3792650,
                                            "Actual Loops": 1
                                        },
                                        {
                                            "Worker Number": 2,
                                            "Actual Startup Time": 94.855,
                                            "Actual Total Time": 776.489,
                                            "Actual Rows": 3835406,
                                            "Actual Loops": 1
                                        },
                                        {
                                            "Worker Number": 3,
                                            "Actual Startup Time": 95.263,
                                            "Actual Total Time": 779.167,
                                            "Actual Rows": 3776314,
                                            "Actual Loops": 1
                                        },
                                        {
                                            "Worker Number": 4,
                                            "Actual Startup Time": 94.961,
                                            "Actual Total Time": 775.0,
                                            "Actual Rows": 6185633,
                                            "Actual Loops": 1
                                        },
                                        {
                                            "Worker Number": 5,
                                            "Actual Startup Time": 95.883,
                                            "Actual Total Time": 780.536,
                                            "Actual Rows": 3786373,
                                            "Actual Loops": 1
                                        }
                                    ]
                                }
                            ]
                        }
                    ]
                }
            ]
        },
        "Planning Time": 357.125,
        "Triggers": [],
        "Execution Time": 1073.029
    }
]