{
  "Plan": {
    "Node Type": "Aggregate",
    "Strategy": "Plain",
    "Partial Mode": "Finalize",
    "Parallel Aware": false,
    "Startup Cost": 134858.19,
    "Total Cost": 134858.2,
    "Plan Rows": 1,
    "Plan Width": 8,
    "Actual Startup Time": 943.672,
    "Actual Total Time": 963.811,
    "Actual Rows": 1,
    "Actual Loops": 1,
    "Plans": [
      {
        "Node Type": "Gather",
        "Parent Relationship": "Outer",
        "Parallel Aware": false,
        "Startup Cost": 134858.07,
        "Total Cost": 134858.18,
        "Plan Rows": 1,
        "Plan Width": 8,
        "Actual Startup Time": 940.461,
        "Actual Total Time": 963.803,
        "Actual Rows": 2,
        "Actual Loops": 1,
        "Workers Planned": 1,
        "Workers Launched": 1,
        "Single Copy": false,
        "Plans": [
          {
            "Node Type": "Aggregate",
            "Strategy": "Plain",
            "Partial Mode": "Partial",
            "Parent Relationship": "Outer",
            "Parallel Aware": false,
            "Startup Cost": 133858.07,
            "Total Cost": 133858.08,
            "Plan Rows": 1,
            "Plan Width": 8,
            "Actual Startup Time": 927.542,
            "Actual Total Time": 927.546,
            "Actual Rows": 1,
            "Actual Loops": 2,
            "Plans": [
              {
                "Node Type": "Hash Join",
                "Parent Relationship": "Outer",
                "Parallel Aware": true,
                "Join Type": "Inner",
                "Startup Cost": 72354.75,
                "Total Cost": 132054.51,
                "Plan Rows": 721424,
                "Plan Width": 0,
                "Actual Startup Time": 598.597,
                "Actual Total Time": 903.198,
                "Actual Rows": 640650,
                "Actual Loops": 2,
                "Inner Unique": true,
                "Hash Cond": "(mk.movie_id = t.id)",
                "Plans": [
                  {
                    "Node Type": "Seq Scan",
                    "Parent Relationship": "Outer",
                    "Parallel Aware": true,
                    "Relation Name": "movie_keyword",
                    "Alias": "mk",
                    "Startup Cost": 0.0,
                    "Total Cost": 57718.19,
                    "Plan Rows": 754884,
                    "Plan Width": 4,
                    "Actual Startup Time": 1.616,
                    "Actual Total Time": 170.452,
                    "Actual Rows": 645705,
                    "Actual Loops": 2,
                    "Filter": "(keyword_id > 13685)",
                    "Rows Removed by Filter": 1616260
                  },
                  {
                    "Node Type": "Hash",
                    "Parent Relationship": "Inner",
                    "Parallel Aware": true,
                    "Startup Cost": 54588.39,
                    "Total Cost": 54588.39,
                    "Plan Rows": 1421309,
                    "Plan Width": 4,
                    "Actual Startup Time": 574.277,
                    "Actual Total Time": 574.278,
                    "Actual Rows": 1206699,
                    "Actual Loops": 2,
                    "Hash Buckets": 4194304,
                    "Original Hash Buckets": 4194304,
                    "Hash Batches": 1,
                    "Original Hash Batches": 1,
                    "Peak Memory Usage": 127232,
                    "Plans": [
                      {
                        "Node Type": "Seq Scan",
                        "Parent Relationship": "Outer",
                        "Parallel Aware": true,
                        "Relation Name": "title",
                        "Alias": "t",
                        "Startup Cost": 0.0,
                        "Total Cost": 54588.39,
                        "Plan Rows": 1421309,
                        "Plan Width": 4,
                        "Actual Startup Time": 0.049,
                        "Actual Total Time": 185.35,
                        "Actual Rows": 1206699,
                        "Actual Loops": 2,
                        "Filter": "(production_year > 1912)",
                        "Rows Removed by Filter": 57457
                      }
                    ]
                  }
                ]
              }
            ]
          }
        ]
      }
    ]
  },
  "Planning Time": 0.455,
  "Triggers": [],
  "Execution Time": 963.883
}