[
  {
    "Plan": {
      "Node Type": "Aggregate",
      "Strategy": "Plain",
      "Partial Mode": "Finalize",
      "Parallel Aware": false,
      "Startup Cost": 338477.21,
      "Total Cost": 338477.22,
      "Plan Rows": 1,
      "Plan Width": 8,
      "Actual Startup Time": 581.857,
      "Actual Total Time": 604.027,
      "Actual Rows": 1,
      "Actual Loops": 1,
      "Plans": [
        {
          "Node Type": "Gather",
          "Parent Relationship": "Outer",
          "Parallel Aware": false,
          "Startup Cost": 338476.59,
          "Total Cost": 338477.2,
          "Plan Rows": 6,
          "Plan Width": 8,
          "Actual Startup Time": 558.34,
          "Actual Total Time": 604.014,
          "Actual Rows": 7,
          "Actual Loops": 1,
          "Workers Planned": 6,
          "Workers Launched": 6,
          "Single Copy": false,
          "Plans": [
            {
              "Node Type": "Aggregate",
              "Strategy": "Plain",
              "Partial Mode": "Partial",
              "Parent Relationship": "Outer",
              "Parallel Aware": false,
              "Startup Cost": 337476.59,
              "Total Cost": 337476.6,
              "Plan Rows": 1,
              "Plan Width": 8,
              "Actual Startup Time": 542.457,
              "Actual Total Time": 542.462,
              "Actual Rows": 1,
              "Actual Loops": 7,
              "Plans": [
                {
                  "Node Type": "Hash Join",
                  "Parent Relationship": "Outer",
                  "Parallel Aware": true,
                  "Join Type": "Inner",
                  "Startup Cost": 80730.37,
                  "Total Cost": 336900.81,
                  "Plan Rows": 230310,
                  "Plan Width": 0,
                  "Actual Startup Time": 362.864,
                  "Actual Total Time": 530.989,
                  "Actual Rows": 202978,
                  "Actual Loops": 7,
                  "Inner Unique": true,
                  "Hash Cond": "(ci.movie_id = t.id)",
                  "Plans": [
                    {
                      "Node Type": "Bitmap Heap Scan",
                      "Parent Relationship": "Outer",
                      "Parallel Aware": true,
                      "Relation Name": "cast_info",
                      "Alias": "ci",
                      "Startup Cost": 30509.99,
                      "Total Cost": 286075.86,
                      "Plan Rows": 230310,
                      "Plan Width": 4,
                      "Actual Startup Time": 75.913,
                      "Actual Total Time": 121.182,
                      "Actual Rows": 202978,
                      "Actual Loops": 7,
                      "Recheck Cond": "(person_id < 142567)",
                      "Rows Removed by Index Recheck": 0,
                      "Exact Heap Blocks": 2257,
                      "Lossy Heap Blocks": 0,
                      "Plans": [
                        {
                          "Node Type": "Bitmap Index Scan",
                          "Parent Relationship": "Outer",
                          "Parallel Aware": false,
                          "Index Name": "person_id_cast_info",
                          "Startup Cost": 0.0,
                          "Total Cost": 30164.52,
                          "Plan Rows": 1381861,
                          "Plan Width": 0,
                          "Actual Startup Time": 71.989,
                          "Actual Total Time": 71.989,
                          "Actual Rows": 1420847,
                          "Actual Loops": 1,
                          "Index Cond": "(person_id < 142567)"
                        }
                      ]
                    },
                    {
                      "Node Type": "Hash",
                      "Parent Relationship": "Inner",
                      "Parallel Aware": true,
                      "Startup Cost": 42319.06,
                      "Total Cost": 42319.06,
                      "Plan Rows": 632106,
                      "Plan Width": 4,
                      "Actual Startup Time": 281.018,
                      "Actual Total Time": 281.02,
                      "Actual Rows": 361187,
                      "Actual Loops": 7,
                      "Hash Buckets": 4194304,
                      "Original Hash Buckets": 4194304,
                      "Hash Batches": 1,
                      "Original Hash Batches": 1,
                      "Peak Memory Usage": 131776,
                      "Plans": [
                        {
                          "Node Type": "Seq Scan",
                          "Parent Relationship": "Outer",
                          "Parallel Aware": true,
                          "Relation Name": "title",
                          "Alias": "t",
                          "Startup Cost": 0.0,
                          "Total Cost": 42319.06,
                          "Plan Rows": 632106,
                          "Plan Width": 4,
                          "Actual Startup Time": 0.055,
                          "Actual Total Time": 82.525,
                          "Actual Rows": 361187,
                          "Actual Loops": 7
                        }
                      ]
                    }
                  ]
                }
              ]
            }
          ]
        }
      ]
    },
    "Planning Time": 0.265,
    "Triggers": [],
    "Execution Time": 604.076
  }
]