[
  {
    "Plan": {
      "Node Type": "Aggregate",
      "Strategy": "Plain",
      "Partial Mode": "Finalize",
      "Parallel Aware": false,
      "Startup Cost": 40587.73,
      "Total Cost": 40587.74,
      "Plan Rows": 1,
      "Plan Width": 8,
      "Actual Startup Time": 164.82,
      "Actual Total Time": 173.858,
      "Actual Rows": 1,
      "Actual Loops": 1,
      "Plans": [
        {
          "Node Type": "Gather",
          "Parent Relationship": "Outer",
          "Parallel Aware": false,
          "Startup Cost": 40587.41,
          "Total Cost": 40587.72,
          "Plan Rows": 3,
          "Plan Width": 8,
          "Actual Startup Time": 164.449,
          "Actual Total Time": 173.848,
          "Actual Rows": 4,
          "Actual Loops": 1,
          "Workers Planned": 3,
          "Workers Launched": 3,
          "Single Copy": false,
          "Plans": [
            {
              "Node Type": "Aggregate",
              "Strategy": "Plain",
              "Partial Mode": "Partial",
              "Parent Relationship": "Outer",
              "Parallel Aware": false,
              "Startup Cost": 39587.41,
              "Total Cost": 39587.42,
              "Plan Rows": 1,
              "Plan Width": 8,
              "Actual Startup Time": 156.735,
              "Actual Total Time": 156.737,
              "Actual Rows": 1,
              "Actual Loops": 4,
              "Plans": [
                {
                  "Node Type": "Bitmap Heap Scan",
                  "Parent Relationship": "Outer",
                  "Parallel Aware": true,
                  "Relation Name": "movie_keyword",
                  "Alias": "mk",
                  "Startup Cost": 12322.53,
                  "Total Cost": 39118.93,
                  "Plan Rows": 187392,
                  "Plan Width": 0,
                  "Actual Startup Time": 57.269,
                  "Actual Total Time": 146.533,
                  "Actual Rows": 146958,
                  "Actual Loops": 4,
                  "Recheck Cond": "(keyword_id < 429)",
                  "Rows Removed by Index Recheck": 0,
                  "Exact Heap Blocks": 8417,
                  "Lossy Heap Blocks": 0,
                  "Plans": [
                    {
                      "Node Type": "Bitmap Index Scan",
                      "Parent Relationship": "Outer",
                      "Parallel Aware": false,
                      "Index Name": "keyword_id_movie_keyword",
                      "Startup Cost": 0.0,
                      "Total Cost": 12177.3,
                      "Plan Rows": 580916,
                      "Plan Width": 0,
                      "Actual Startup Time": 58.332,
                      "Actual Total Time": 58.333,
                      "Actual Rows": 587834,
                      "Actual Loops": 1,
                      "Index Cond": "(keyword_id < 429)"
                    }
                  ]
                }
              ]
            }
          ]
        }
      ]
    },
    "Planning Time": 0.195,
    "Triggers": [],
    "Execution Time": 173.94
  }
]