[
  {
    "Plan": {
      "Node Type": "Aggregate",
      "Strategy": "Plain",
      "Partial Mode": "Finalize",
      "Parallel Aware": false,
      "Startup Cost": 31065.56,
      "Total Cost": 31065.57,
      "Plan Rows": 1,
      "Plan Width": 8,
      "Actual Startup Time": 75.645,
      "Actual Total Time": 80.542,
      "Actual Rows": 1,
      "Actual Loops": 1,
      "Plans": [
        {
          "Node Type": "Gather",
          "Parent Relationship": "Outer",
          "Parallel Aware": false,
          "Startup Cost": 31065.14,
          "Total Cost": 31065.55,
          "Plan Rows": 4,
          "Plan Width": 8,
          "Actual Startup Time": 75.582,
          "Actual Total Time": 80.534,
          "Actual Rows": 5,
          "Actual Loops": 1,
          "Workers Planned": 4,
          "Workers Launched": 4,
          "Single Copy": false,
          "Plans": [
            {
              "Node Type": "Aggregate",
              "Strategy": "Plain",
              "Partial Mode": "Partial",
              "Parent Relationship": "Outer",
              "Parallel Aware": false,
              "Startup Cost": 30065.14,
              "Total Cost": 30065.15,
              "Plan Rows": 1,
              "Plan Width": 8,
              "Actual Startup Time": 67.932,
              "Actual Total Time": 67.933,
              "Actual Rows": 1,
              "Actual Loops": 5,
              "Plans": [
                {
                  "Node Type": "Index Scan",
                  "Parent Relationship": "Outer",
                  "Parallel Aware": true,
                  "Scan Direction": "Forward",
                  "Index Name": "role_id_cast_info",
                  "Relation Name": "cast_info",
                  "Alias": "ci",
                  "Startup Cost": 0.56,
                  "Total Cost": 29567.14,
                  "Plan Rows": 199199,
                  "Plan Width": 0,
                  "Actual Startup Time": 0.188,
                  "Actual Total Time": 57.172,
                  "Actual Rows": 195555,
                  "Actual Loops": 5,
                  "Index Cond": "(role_id = 9)",
                  "Rows Removed by Index Recheck": 0,
                  "Filter": "(person_id > 896422)",
                  "Rows Removed by Filter": 23157
                }
              ]
            }
          ]
        }
      ]
    },
    "Planning Time": 0.233,
    "Triggers": [],
    "Execution Time": 80.613
  }
]