[
  {
    "Plan": {
      "Node Type": "Aggregate",
      "Strategy": "Plain",
      "Partial Mode": "Finalize",
      "Parallel Aware": false,
      "Startup Cost": 338457.23,
      "Total Cost": 338457.24,
      "Plan Rows": 1,
      "Plan Width": 8,
      "Actual Startup Time": 812.444,
      "Actual Total Time": 858.891,
      "Actual Rows": 1,
      "Actual Loops": 1,
      "Plans": [
        {
          "Node Type": "Gather",
          "Parent Relationship": "Outer",
          "Parallel Aware": false,
          "Startup Cost": 338456.6,
          "Total Cost": 338457.21,
          "Plan Rows": 6,
          "Plan Width": 8,
          "Actual Startup Time": 812.239,
          "Actual Total Time": 858.864,
          "Actual Rows": 7,
          "Actual Loops": 1,
          "Workers Planned": 6,
          "Workers Launched": 6,
          "Single Copy": false,
          "Plans": [
            {
              "Node Type": "Aggregate",
              "Strategy": "Plain",
              "Partial Mode": "Partial",
              "Parent Relationship": "Outer",
              "Parallel Aware": false,
              "Startup Cost": 337456.6,
              "Total Cost": 337456.61,
              "Plan Rows": 1,
              "Plan Width": 8,
              "Actual Startup Time": 804.89,
              "Actual Total Time": 804.891,
              "Actual Rows": 1,
              "Actual Loops": 7,
              "Plans": [
                {
                  "Node Type": "Seq Scan",
                  "Parent Relationship": "Outer",
                  "Parallel Aware": true,
                  "Relation Name": "cast_info",
                  "Alias": "ci",
                  "Startup Cost": 0.0,
                  "Total Cost": 328211.39,
                  "Plan Rows": 3698084,
                  "Plan Width": 0,
                  "Actual Startup Time": 158.625,
                  "Actual Total Time": 640.057,
                  "Actual Rows": 3148450,
                  "Actual Loops": 7,
                  "Filter": "(person_id > 1398801)",
                  "Rows Removed by Filter": 2029313
                }
              ]
            }
          ]
        }
      ]
    },
    "Planning Time": 0.164,
    "Triggers": [],
    "Execution Time": 858.958
  }
]