[
  {
    "Plan": {
      "Node Type": "Aggregate",
      "Strategy": "Plain",
      "Partial Mode": "Finalize",
      "Parallel Aware": false,
      "Startup Cost": 530530.37,
      "Total Cost": 530530.38,
      "Plan Rows": 1,
      "Plan Width": 8,
      "Actual Startup Time": 1082.935,
      "Actual Total Time": 1137.751,
      "Actual Rows": 1,
      "Actual Loops": 1,
      "Plans": [
        {
          "Node Type": "Gather",
          "Parent Relationship": "Outer",
          "Parallel Aware": false,
          "Startup Cost": 530529.85,
          "Total Cost": 530530.36,
          "Plan Rows": 5,
          "Plan Width": 8,
          "Actual Startup Time": 1079.501,
          "Actual Total Time": 1137.738,
          "Actual Rows": 6,
          "Actual Loops": 1,
          "Workers Planned": 5,
          "Workers Launched": 5,
          "Single Copy": false,
          "Plans": [
            {
              "Node Type": "Aggregate",
              "Strategy": "Plain",
              "Partial Mode": "Partial",
              "Parent Relationship": "Outer",
              "Parallel Aware": false,
              "Startup Cost": 529529.85,
              "Total Cost": 529529.86,
              "Plan Rows": 1,
              "Plan Width": 8,
              "Actual Startup Time": 1070.339,
              "Actual Total Time": 1070.447,
              "Actual Rows": 1,
              "Actual Loops": 6,
              "Plans": [
                {
                  "Node Type": "Hash Join",
                  "Parent Relationship": "Outer",
                  "Parallel Aware": true,
                  "Join Type": "Inner",
                  "Startup Cost": 323680.7,
                  "Total Cost": 528015.15,
                  "Plan Rows": 605879,
                  "Plan Width": 0,
                  "Actual Startup Time": 298.733,
                  "Actual Total Time": 1041.407,
                  "Actual Rows": 487906,
                  "Actual Loops": 6,
                  "Inner Unique": false,
                  "Hash Cond": "(mi.movie_id = t.id)",
                  "Plans": [
                    {
                      "Node Type": "Seq Scan",
                      "Parent Relationship": "Outer",
                      "Parallel Aware": true,
                      "Relation Name": "movie_info",
                      "Alias": "mi",
                      "Startup Cost": 0.0,
                      "Total Cost": 191685.19,
                      "Plan Rows": 2969219,
                      "Plan Width": 4,
                      "Actual Startup Time": 0.036,
                      "Actual Total Time": 335.353,
                      "Actual Rows": 2472620,
                      "Actual Loops": 6
                    },
                    {
                      "Node Type": "Hash",
                      "Parent Relationship": "Inner",
                      "Parallel Aware": true,
                      "Startup Cost": 322068.41,
                      "Total Cost": 322068.41,
                      "Plan Rows": 128983,
                      "Plan Width": 8,
                      "Actual Startup Time": 295.73,
                      "Actual Total Time": 295.836,
                      "Actual Rows": 35593,
                      "Actual Loops": 6,
                      "Hash Buckets": 524288,
                      "Original Hash Buckets": 524288,
                      "Hash Batches": 1,
                      "Original Hash Batches": 1,
                      "Peak Memory Usage": 12544,
                      "Plans": [
                        {
                          "Node Type": "Hash Join",
                          "Parent Relationship": "Outer",
                          "Parallel Aware": true,
                          "Join Type": "Inner",
                          "Startup Cost": 273213.32,
                          "Total Cost": 322068.41,
                          "Plan Rows": 128983,
                          "Plan Width": 8,
                          "Actual Startup Time": 125.24,
                          "Actual Total Time": 280.639,
                          "Actual Rows": 35593,
                          "Actual Loops": 6,
                          "Inner Unique": false,
                          "Hash Cond": "(t.id = ci.movie_id)",
                          "Plans": [
                            {
                              "Node Type": "Seq Scan",
                              "Parent Relationship": "Outer",
                              "Parallel Aware": true,
                              "Relation Name": "title",
                              "Alias": "t",
                              "Startup Cost": 0.0,
                              "Total Cost": 42319.06,
                              "Plan Rows": 632106,
                              "Plan Width": 4,
                              "Actual Startup Time": 0.031,
                              "Actual Total Time": 69.581,
                              "Actual Rows": 421385,
                              "Actual Loops": 6
                            },
                            {
                              "Node Type": "Hash",
                              "Parent Relationship": "Inner",
                              "Parallel Aware": true,
                              "Startup Cost": 272138.46,
                              "Total Cost": 272138.46,
                              "Plan Rows": 85989,
                              "Plan Width": 4,
                              "Actual Startup Time": 123.935,
                              "Actual Total Time": 123.937,
                              "Actual Rows": 35593,
                              "Actual Loops": 6,
                              "Hash Buckets": 524288,
                              "Original Hash Buckets": 524288,
                              "Hash Batches": 1,
                              "Original Hash Batches": 1,
                              "Peak Memory Usage": 12512,
                              "Plans": [
                                {
                                  "Node Type": "Bitmap Heap Scan",
                                  "Parent Relationship": "Outer",
                                  "Parallel Aware": true,
                                  "Relation Name": "cast_info",
                                  "Alias": "ci",
                                  "Startup Cost": 17465.98,
                                  "Total Cost": 272138.46,
                                  "Plan Rows": 85989,
                                  "Plan Width": 4,
                                  "Actual Startup Time": 87.094,
                                  "Actual Total Time": 103.156,
                                  "Actual Rows": 35593,
                                  "Actual Loops": 6,
                                  "Recheck Cond": "(person_id < 85983)",
                                  "Rows Removed by Index Recheck": 0,
                                  "Filter": "(role_id > 1)",
                                  "Rows Removed by Filter": 100794,
                                  "Exact Heap Blocks": 2295,
                                  "Lossy Heap Blocks": 0,
                                  "Plans": [
                                    {
                                      "Node Type": "Bitmap Index Scan",
                                      "Parent Relationship": "Outer",
                                      "Parallel Aware": false,
                                      "Index Name": "person_id_cast_info",
                                      "Startup Cost": 0.0,
                                      "Total Cost": 17337.0,
                                      "Plan Rows": 794191,
                                      "Plan Width": 0,
                                      "Actual Startup Time": 48.879,
                                      "Actual Total Time": 48.88,
                                      "Actual Rows": 818325,
                                      "Actual Loops": 1,
                                      "Index Cond": "(person_id < 85983)"
                                    }
                                  ]
                                }
                              ]
                            }
                          ]
                        }
                      ]
                    }
                  ]
                }
              ]
            }
          ]
        }
      ]
    },
    "Planning Time": 0.803,
    "Triggers": [],
    "Execution Time": 1137.845
  }
]