{
  "Plan": {
    "Node Type": "Aggregate",
    "Strategy": "Plain",
    "Partial Mode": "Finalize",
    "Parallel Aware": false,
    "Startup Cost": 109341.15,
    "Total Cost": 109341.16,
    "Plan Rows": 1,
    "Plan Width": 8,
    "Actual Startup Time": 658.253,
    "Actual Total Time": 674.4,
    "Actual Rows": 1,
    "Actual Loops": 1,
    "Plans": [
      {
        "Node Type": "Gather",
        "Parent Relationship": "Outer",
        "Parallel Aware": false,
        "Startup Cost": 109341.04,
        "Total Cost": 109341.15,
        "Plan Rows": 1,
        "Plan Width": 8,
        "Actual Startup Time": 655.37,
        "Actual Total Time": 674.393,
        "Actual Rows": 2,
        "Actual Loops": 1,
        "Workers Planned": 1,
        "Workers Launched": 1,
        "Single Copy": false,
        "Plans": [
          {
            "Node Type": "Aggregate",
            "Strategy": "Plain",
            "Partial Mode": "Partial",
            "Parent Relationship": "Outer",
            "Parallel Aware": false,
            "Startup Cost": 108341.04,
            "Total Cost": 108341.05,
            "Plan Rows": 1,
            "Plan Width": 8,
            "Actual Startup Time": 646.322,
            "Actual Total Time": 646.326,
            "Actual Rows": 1,
            "Actual Loops": 2,
            "Plans": [
              {
                "Node Type": "Hash Join",
                "Parent Relationship": "Outer",
                "Parallel Aware": true,
                "Join Type": "Inner",
                "Startup Cost": 64789.91,
                "Total Cost": 107662.41,
                "Plan Rows": 271454,
                "Plan Width": 0,
                "Actual Startup Time": 435.184,
                "Actual Total Time": 639.447,
                "Actual Rows": 130892,
                "Actual Loops": 2,
                "Inner Unique": true,
                "Hash Cond": "(mc.movie_id = t.id)",
                "Plans": [
                  {
                    "Node Type": "Index Scan",
                    "Parent Relationship": "Outer",
                    "Parallel Aware": true,
                    "Scan Direction": "Forward",
                    "Index Name": "company_type_id_movie_companies",
                    "Relation Name": "movie_companies",
                    "Alias": "mc",
                    "Startup Cost": 0.43,
                    "Total Cost": 41574.35,
                    "Plan Rows": 494695,
                    "Plan Width": 4,
                    "Actual Startup Time": 3.132,
                    "Actual Total Time": 118.084,
                    "Actual Rows": 319156,
                    "Actual Loops": 2,
                    "Index Cond": "(company_type_id < 2)",
                    "Rows Removed by Index Recheck": 0,
                    "Filter": "(company_id > 2841)",
                    "Rows Removed by Filter": 317966
                  },
                  {
                    "Node Type": "Hash",
                    "Parent Relationship": "Inner",
                    "Parallel Aware": true,
                    "Startup Cost": 54588.39,
                    "Total Cost": 54588.39,
                    "Plan Rows": 816087,
                    "Plan Width": 4,
                    "Actual Startup Time": 416.495,
                    "Actual Total Time": 416.496,
                    "Actual Rows": 690726,
                    "Actual Loops": 2,
                    "Hash Buckets": 2097152,
                    "Original Hash Buckets": 2097152,
                    "Hash Batches": 1,
                    "Original Hash Batches": 1,
                    "Peak Memory Usage": 70432,
                    "Plans": [
                      {
                        "Node Type": "Seq Scan",
                        "Parent Relationship": "Outer",
                        "Parallel Aware": true,
                        "Relation Name": "title",
                        "Alias": "t",
                        "Startup Cost": 0.0,
                        "Total Cost": 54588.39,
                        "Plan Rows": 816087,
                        "Plan Width": 4,
                        "Actual Startup Time": 0.042,
                        "Actual Total Time": 199.247,
                        "Actual Rows": 690726,
                        "Actual Loops": 2,
                        "Filter": "(production_year > 2000)",
                        "Rows Removed by Filter": 573430
                      }
                    ]
                  }
                ]
              }
            ]
          }
        ]
      }
    ]
  },
  "Planning Time": 0.518,
  "Triggers": [],
  "Execution Time": 674.541
}