[
  {
    "Plan": {
      "Node Type": "Aggregate",
      "Strategy": "Plain",
      "Partial Mode": "Finalize",
      "Parallel Aware": false,
      "Startup Cost": 617265.23,
      "Total Cost": 617265.24,
      "Plan Rows": 1,
      "Plan Width": 8,
      "Actual Startup Time": 4946.301,
      "Actual Total Time": 5038.534,
      "Actual Rows": 1,
      "Actual Loops": 1,
      "Plans": [
        {
          "Node Type": "Gather",
          "Parent Relationship": "Outer",
          "Parallel Aware": false,
          "Startup Cost": 617264.61,
          "Total Cost": 617265.22,
          "Plan Rows": 6,
          "Plan Width": 8,
          "Actual Startup Time": 4924.987,
          "Actual Total Time": 5038.499,
          "Actual Rows": 7,
          "Actual Loops": 1,
          "Workers Planned": 6,
          "Workers Launched": 6,
          "Single Copy": false,
          "Plans": [
            {
              "Node Type": "Aggregate",
              "Strategy": "Plain",
              "Partial Mode": "Partial",
              "Parent Relationship": "Outer",
              "Parallel Aware": false,
              "Startup Cost": 616264.61,
              "Total Cost": 616264.62,
              "Plan Rows": 1,
              "Plan Width": 8,
              "Actual Startup Time": 4910.12,
              "Actual Total Time": 4910.428,
              "Actual Rows": 1,
              "Actual Loops": 7,
              "Plans": [
                {
                  "Node Type": "Hash Join",
                  "Parent Relationship": "Outer",
                  "Parallel Aware": true,
                  "Join Type": "Inner",
                  "Startup Cost": 251885.63,
                  "Total Cost": 604789.58,
                  "Plan Rows": 4590011,
                  "Plan Width": 0,
                  "Actual Startup Time": 1367.079,
                  "Actual Total Time": 4450.564,
                  "Actual Rows": 9502340,
                  "Actual Loops": 7,
                  "Inner Unique": false,
                  "Hash Cond": "(ci.movie_id = t.id)",
                  "Plans": [
                    {
                      "Node Type": "Seq Scan",
                      "Parent Relationship": "Outer",
                      "Parallel Aware": true,
                      "Relation Name": "cast_info",
                      "Alias": "ci",
                      "Startup Cost": 0.0,
                      "Total Cost": 328211.39,
                      "Plan Rows": 4136681,
                      "Plan Width": 4,
                      "Actual Startup Time": 0.034,
                      "Actual Total Time": 635.146,
                      "Actual Rows": 3562813,
                      "Actual Loops": 7,
                      "Filter": "(person_id < 2570022)",
                      "Rows Removed by Filter": 1614950
                    },
                    {
                      "Node Type": "Hash",
                      "Parent Relationship": "Inner",
                      "Parallel Aware": true,
                      "Startup Cost": 244871.86,
                      "Total Cost": 244871.86,
                      "Plan Rows": 561101,
                      "Plan Width": 8,
                      "Actual Startup Time": 1362.054,
                      "Actual Total Time": 1362.36,
                      "Actual Rows": 614038,
                      "Actual Loops": 7,
                      "Hash Buckets": 8388608,
                      "Original Hash Buckets": 4194304,
                      "Hash Batches": 1,
                      "Original Hash Batches": 1,
                      "Peak Memory Usage": 266560,
                      "Plans": [
                        {
                          "Node Type": "Hash Join",
                          "Parent Relationship": "Outer",
                          "Parallel Aware": true,
                          "Join Type": "Inner",
                          "Startup Cost": 45392.46,
                          "Total Cost": 244871.86,
                          "Plan Rows": 561101,
                          "Plan Width": 8,
                          "Actual Startup Time": 126.443,
                          "Actual Total Time": 936.087,
                          "Actual Rows": 614038,
                          "Actual Loops": 7,
                          "Inner Unique": true,
                          "Hash Cond": "(mi.movie_id = t.id)",
                          "Plans": [
                            {
                              "Node Type": "Seq Scan",
                              "Parent Relationship": "Outer",
                              "Parallel Aware": true,
                              "Relation Name": "movie_info",
                              "Alias": "mi",
                              "Startup Cost": 0.0,
                              "Total Cost": 191685.19,
                              "Plan Rows": 2969219,
                              "Plan Width": 4,
                              "Actual Startup Time": 0.035,
                              "Actual Total Time": 308.949,
                              "Actual Rows": 2119389,
                              "Actual Loops": 7
                            },
                            {
                              "Node Type": "Hash",
                              "Parent Relationship": "Inner",
                              "Parallel Aware": true,
                              "Startup Cost": 43899.32,
                              "Total Cost": 43899.32,
                              "Plan Rows": 119451,
                              "Plan Width": 4,
                              "Actual Startup Time": 124.321,
                              "Actual Total Time": 124.322,
                              "Actual Rows": 70576,
                              "Actual Loops": 7,
                              "Hash Buckets": 524288,
                              "Original Hash Buckets": 524288,
                              "Hash Batches": 1,
                              "Original Hash Batches": 1,
                              "Peak Memory Usage": 23552,
                              "Plans": [
                                {
                                  "Node Type": "Seq Scan",
                                  "Parent Relationship": "Outer",
                                  "Parallel Aware": true,
                                  "Relation Name": "title",
                                  "Alias": "t",
                                  "Startup Cost": 0.0,
                                  "Total Cost": 43899.32,
                                  "Plan Rows": 119451,
                                  "Plan Width": 4,
                                  "Actual Startup Time": 0.061,
                                  "Actual Total Time": 86.467,
                                  "Actual Rows": 70576,
                                  "Actual Loops": 7,
                                  "Filter": "(production_year < 1979)",
                                  "Rows Removed by Filter": 290612
                                }
                              ]
                            }
                          ]
                        }
                      ]
                    }
                  ]
                }
              ]
            }
          ]
        }
      ]
    },
    "Planning Time": 0.389,
    "Triggers": [],
    "Execution Time": 5038.591
  }
]