[
  {
    "Plan": {
      "Node Type": "Aggregate",
      "Strategy": "Plain",
      "Partial Mode": "Finalize",
      "Parallel Aware": false,
      "Startup Cost": 69607.17,
      "Total Cost": 69607.18,
      "Plan Rows": 1,
      "Plan Width": 8,
      "Actual Startup Time": 133.551,
      "Actual Total Time": 147.95,
      "Actual Rows": 1,
      "Actual Loops": 1,
      "Plans": [
        {
          "Node Type": "Gather",
          "Parent Relationship": "Outer",
          "Parallel Aware": false,
          "Startup Cost": 69606.75,
          "Total Cost": 69607.16,
          "Plan Rows": 4,
          "Plan Width": 8,
          "Actual Startup Time": 132.949,
          "Actual Total Time": 147.941,
          "Actual Rows": 5,
          "Actual Loops": 1,
          "Workers Planned": 4,
          "Workers Launched": 4,
          "Single Copy": false,
          "Plans": [
            {
              "Node Type": "Aggregate",
              "Strategy": "Plain",
              "Partial Mode": "Partial",
              "Parent Relationship": "Outer",
              "Parallel Aware": false,
              "Startup Cost": 68606.75,
              "Total Cost": 68606.76,
              "Plan Rows": 1,
              "Plan Width": 8,
              "Actual Startup Time": 122.808,
              "Actual Total Time": 122.812,
              "Actual Rows": 1,
              "Actual Loops": 5,
              "Plans": [
                {
                  "Node Type": "Nested Loop",
                  "Parent Relationship": "Outer",
                  "Parallel Aware": false,
                  "Join Type": "Inner",
                  "Startup Cost": 21081.28,
                  "Total Cost": 68606.13,
                  "Plan Rows": 248,
                  "Plan Width": 0,
                  "Actual Startup Time": 41.981,
                  "Actual Total Time": 122.777,
                  "Actual Rows": 215,
                  "Actual Loops": 5,
                  "Inner Unique": false,
                  "Plans": [
                    {
                      "Node Type": "Hash Join",
                      "Parent Relationship": "Outer",
                      "Parallel Aware": true,
                      "Join Type": "Inner",
                      "Startup Cost": 21080.84,
                      "Total Cost": 65066.69,
                      "Plan Rows": 270,
                      "Plan Width": 8,
                      "Actual Startup Time": 41.877,
                      "Actual Total Time": 116.513,
                      "Actual Rows": 145,
                      "Actual Loops": 5,
                      "Inner Unique": false,
                      "Hash Cond": "(t.id = mc.movie_id)",
                      "Plans": [
                        {
                          "Node Type": "Seq Scan",
                          "Parent Relationship": "Outer",
                          "Parallel Aware": true,
                          "Relation Name": "title",
                          "Alias": "t",
                          "Startup Cost": 0.0,
                          "Total Cost": 43898.92,
                          "Plan Rows": 17213,
                          "Plan Width": 4,
                          "Actual Startup Time": 0.038,
                          "Actual Total Time": 69.985,
                          "Actual Rows": 13468,
                          "Actual Loops": 5,
                          "Filter": "(production_year > 2012)",
                          "Rows Removed by Filter": 492194
                        },
                        {
                          "Node Type": "Hash",
                          "Parent Relationship": "Inner",
                          "Parallel Aware": true,
                          "Startup Cost": 20920.58,
                          "Total Cost": 20920.58,
                          "Plan Rows": 12821,
                          "Plan Width": 4,
                          "Actual Startup Time": 39.893,
                          "Actual Total Time": 39.895,
                          "Actual Rows": 13304,
                          "Actual Loops": 5,
                          "Hash Buckets": 65536,
                          "Original Hash Buckets": 65536,
                          "Hash Batches": 1,
                          "Original Hash Batches": 1,
                          "Peak Memory Usage": 3168,
                          "Plans": [
                            {
                              "Node Type": "Bitmap Heap Scan",
                              "Parent Relationship": "Outer",
                              "Parallel Aware": true,
                              "Relation Name": "movie_companies",
                              "Alias": "mc",
                              "Startup Cost": 1739.91,
                              "Total Cost": 20920.58,
                              "Plan Rows": 12821,
                              "Plan Width": 4,
                              "Actual Startup Time": 9.381,
                              "Actual Total Time": 32.147,
                              "Actual Rows": 13304,
                              "Actual Loops": 5,
                              "Recheck Cond": "(company_id < 19)",
                              "Rows Removed by Index Recheck": 0,
                              "Filter": "(company_type_id < 2)",
                              "Rows Removed by Filter": 3510,
                              "Exact Heap Blocks": 5172,
                              "Lossy Heap Blocks": 0,
                              "Plans": [
                                {
                                  "Node Type": "Bitmap Index Scan",
                                  "Parent Relationship": "Outer",
                                  "Parallel Aware": false,
                                  "Index Name": "company_id_movie_companies",
                                  "Startup Cost": 0.0,
                                  "Total Cost": 1729.97,
                                  "Plan Rows": 80739,
                                  "Plan Width": 0,
                                  "Actual Startup Time": 12.128,
                                  "Actual Total Time": 12.128,
                                  "Actual Rows": 84071,
                                  "Actual Loops": 1,
                                  "Index Cond": "(company_id < 19)"
                                }
                              ]
                            }
                          ]
                        }
                      ]
                    },
                    {
                      "Node Type": "Index Scan",
                      "Parent Relationship": "Inner",
                      "Parallel Aware": false,
                      "Scan Direction": "Forward",
                      "Index Name": "movie_id_movie_info",
                      "Relation Name": "movie_info",
                      "Alias": "mi",
                      "Startup Cost": 0.43,
                      "Total Cost": 13.04,
                      "Plan Rows": 7,
                      "Plan Width": 4,
                      "Actual Startup Time": 0.027,
                      "Actual Total Time": 0.042,
                      "Actual Rows": 1,
                      "Actual Loops": 727,
                      "Index Cond": "(movie_id = t.id)",
                      "Rows Removed by Index Recheck": 0,
                      "Filter": "(info_type_id > 16)",
                      "Rows Removed by Filter": 8
                    }
                  ]
                }
              ]
            }
          ]
        }
      ]
    },
    "Planning Time": 1.605,
    "Triggers": [],
    "Execution Time": 148.06
  }
]