[
  {
    "Plan": {
      "Node Type": "Aggregate",
      "Strategy": "Plain",
      "Partial Mode": "Finalize",
      "Parallel Aware": false,
      "Startup Cost": 32777.33,
      "Total Cost": 32777.34,
      "Plan Rows": 1,
      "Plan Width": 8,
      "Actual Startup Time": 82.559,
      "Actual Total Time": 90.229,
      "Actual Rows": 1,
      "Actual Loops": 1,
      "Plans": [
        {
          "Node Type": "Gather",
          "Parent Relationship": "Outer",
          "Parallel Aware": false,
          "Startup Cost": 32777.01,
          "Total Cost": 32777.32,
          "Plan Rows": 3,
          "Plan Width": 8,
          "Actual Startup Time": 82.294,
          "Actual Total Time": 90.221,
          "Actual Rows": 4,
          "Actual Loops": 1,
          "Workers Planned": 3,
          "Workers Launched": 3,
          "Single Copy": false,
          "Plans": [
            {
              "Node Type": "Aggregate",
              "Strategy": "Plain",
              "Partial Mode": "Partial",
              "Parent Relationship": "Outer",
              "Parallel Aware": false,
              "Startup Cost": 31777.01,
              "Total Cost": 31777.02,
              "Plan Rows": 1,
              "Plan Width": 8,
              "Actual Startup Time": 76.333,
              "Actual Total Time": 76.335,
              "Actual Rows": 1,
              "Actual Loops": 4,
              "Plans": [
                {
                  "Node Type": "Seq Scan",
                  "Parent Relationship": "Outer",
                  "Parallel Aware": true,
                  "Relation Name": "movie_companies",
                  "Alias": "mc",
                  "Startup Cost": 0.0,
                  "Total Cost": 31414.82,
                  "Plan Rows": 144877,
                  "Plan Width": 0,
                  "Actual Startup Time": 20.254,
                  "Actual Total Time": 74.653,
                  "Actual Rows": 31518,
                  "Actual Loops": 4,
                  "Filter": "((company_id > 20787) AND (company_type_id < 2))",
                  "Rows Removed by Filter": 620764
                }
              ]
            }
          ]
        }
      ]
    },
    "Planning Time": 0.236,
    "Triggers": [],
    "Execution Time": 90.278
  }
]