[
  {
    "Plan": {
      "Node Type": "Aggregate",
      "Strategy": "Plain",
      "Partial Mode": "Finalize",
      "Parallel Aware": false,
      "Startup Cost": 10138.32,
      "Total Cost": 10138.33,
      "Plan Rows": 1,
      "Plan Width": 8,
      "Actual Startup Time": 41.762,
      "Actual Total Time": 44.46,
      "Actual Rows": 1,
      "Actual Loops": 1,
      "Plans": [
        {
          "Node Type": "Gather",
          "Parent Relationship": "Outer",
          "Parallel Aware": false,
          "Startup Cost": 10138.0,
          "Total Cost": 10138.31,
          "Plan Rows": 3,
          "Plan Width": 8,
          "Actual Startup Time": 41.629,
          "Actual Total Time": 44.447,
          "Actual Rows": 4,
          "Actual Loops": 1,
          "Workers Planned": 3,
          "Workers Launched": 3,
          "Single Copy": false,
          "Plans": [
            {
              "Node Type": "Aggregate",
              "Strategy": "Plain",
              "Partial Mode": "Partial",
              "Parent Relationship": "Outer",
              "Parallel Aware": false,
              "Startup Cost": 9138.0,
              "Total Cost": 9138.01,
              "Plan Rows": 1,
              "Plan Width": 8,
              "Actual Startup Time": 34.191,
              "Actual Total Time": 34.192,
              "Actual Rows": 1,
              "Actual Loops": 4,
              "Plans": [
                {
                  "Node Type": "Index Scan",
                  "Parent Relationship": "Outer",
                  "Parallel Aware": true,
                  "Scan Direction": "Forward",
                  "Index Name": "role_id_cast_info",
                  "Relation Name": "cast_info",
                  "Alias": "ci",
                  "Startup Cost": 0.56,
                  "Total Cost": 9091.72,
                  "Plan Rows": 18512,
                  "Plan Width": 0,
                  "Actual Startup Time": 0.132,
                  "Actual Total Time": 29.068,
                  "Actual Rows": 53975,
                  "Actual Loops": 4,
                  "Index Cond": "(role_id > 10)",
                  "Rows Removed by Index Recheck": 0,
                  "Filter": "(person_id > 3005121)",
                  "Rows Removed by Filter": 25054
                }
              ]
            }
          ]
        }
      ]
    },
    "Planning Time": 0.246,
    "Triggers": [],
    "Execution Time": 44.522
  }
]