[
  {
    "Plan": {
      "Node Type": "Aggregate",
      "Strategy": "Plain",
      "Partial Mode": "Finalize",
      "Parallel Aware": false,
      "Startup Cost": 24055.62,
      "Total Cost": 24055.63,
      "Plan Rows": 1,
      "Plan Width": 8,
      "Actual Startup Time": 52.991,
      "Actual Total Time": 57.359,
      "Actual Rows": 1,
      "Actual Loops": 1,
      "Plans": [
        {
          "Node Type": "Gather",
          "Parent Relationship": "Outer",
          "Parallel Aware": false,
          "Startup Cost": 24055.3,
          "Total Cost": 24055.61,
          "Plan Rows": 3,
          "Plan Width": 8,
          "Actual Startup Time": 52.811,
          "Actual Total Time": 57.353,
          "Actual Rows": 4,
          "Actual Loops": 1,
          "Workers Planned": 3,
          "Workers Launched": 3,
          "Single Copy": false,
          "Plans": [
            {
              "Node Type": "Aggregate",
              "Strategy": "Plain",
              "Partial Mode": "Partial",
              "Parent Relationship": "Outer",
              "Parallel Aware": false,
              "Startup Cost": 23055.3,
              "Total Cost": 23055.31,
              "Plan Rows": 1,
              "Plan Width": 8,
              "Actual Startup Time": 43.655,
              "Actual Total Time": 43.656,
              "Actual Rows": 1,
              "Actual Loops": 4,
              "Plans": [
                {
                  "Node Type": "Bitmap Heap Scan",
                  "Parent Relationship": "Outer",
                  "Parallel Aware": true,
                  "Relation Name": "movie_companies",
                  "Alias": "mc",
                  "Startup Cost": 3487.0,
                  "Total Cost": 22925.58,
                  "Plan Rows": 51886,
                  "Plan Width": 0,
                  "Actual Startup Time": 14.376,
                  "Actual Total Time": 40.1,
                  "Actual Rows": 39321,
                  "Actual Loops": 4,
                  "Recheck Cond": "(company_id > 128925)",
                  "Rows Removed by Index Recheck": 0,
                  "Exact Heap Blocks": 2381,
                  "Lossy Heap Blocks": 0,
                  "Plans": [
                    {
                      "Node Type": "Bitmap Index Scan",
                      "Parent Relationship": "Outer",
                      "Parallel Aware": false,
                      "Index Name": "company_id_movie_companies",
                      "Startup Cost": 0.0,
                      "Total Cost": 3446.79,
                      "Plan Rows": 160848,
                      "Plan Width": 0,
                      "Actual Startup Time": 21.255,
                      "Actual Total Time": 21.256,
                      "Actual Rows": 157285,
                      "Actual Loops": 1,
                      "Index Cond": "(company_id > 128925)"
                    }
                  ]
                }
              ]
            }
          ]
        }
      ]
    },
    "Planning Time": 0.165,
    "Triggers": [],
    "Execution Time": 57.425
  }
]