{
  "Plan": {
    "Node Type": "Aggregate",
    "Strategy": "Plain",
    "Partial Mode": "Finalize",
    "Parallel Aware": false,
    "Startup Cost": 454999.89,
    "Total Cost": 454999.9,
    "Plan Rows": 1,
    "Plan Width": 8,
    "Actual Startup Time": 2539.085,
    "Actual Total Time": 2572.202,
    "Actual Rows": 1,
    "Actual Loops": 1,
    "Plans": [
      {
        "Node Type": "Gather",
        "Parent Relationship": "Outer",
        "Parallel Aware": false,
        "Startup Cost": 454999.78,
        "Total Cost": 454999.89,
        "Plan Rows": 1,
        "Plan Width": 8,
        "Actual Startup Time": 2531.603,
        "Actual Total Time": 2572.193,
        "Actual Rows": 2,
        "Actual Loops": 1,
        "Workers Planned": 1,
        "Workers Launched": 1,
        "Single Copy": false,
        "Plans": [
          {
            "Node Type": "Aggregate",
            "Strategy": "Plain",
            "Partial Mode": "Partial",
            "Parent Relationship": "Outer",
            "Parallel Aware": false,
            "Startup Cost": 453999.78,
            "Total Cost": 453999.79,
            "Plan Rows": 1,
            "Plan Width": 8,
            "Actual Startup Time": 2523.965,
            "Actual Total Time": 2523.971,
            "Actual Rows": 1,
            "Actual Loops": 2,
            "Plans": [
              {
                "Node Type": "Hash Join",
                "Parent Relationship": "Outer",
                "Parallel Aware": true,
                "Join Type": "Inner",
                "Startup Cost": 170120.53,
                "Total Cost": 452530.42,
                "Plan Rows": 587745,
                "Plan Width": 0,
                "Actual Startup Time": 1220.439,
                "Actual Total Time": 2477.109,
                "Actual Rows": 901827,
                "Actual Loops": 2,
                "Inner Unique": false,
                "Hash Cond": "(t.id = mc.movie_id)",
                "Plans": [
                  {
                    "Node Type": "Hash Join",
                    "Parent Relationship": "Outer",
                    "Parallel Aware": true,
                    "Join Type": "Inner",
                    "Startup Cost": 119046.17,
                    "Total Cost": 390626.1,
                    "Plan Rows": 1179622,
                    "Plan Width": 8,
                    "Actual Startup Time": 830.534,
                    "Actual Total Time": 1583.414,
                    "Actual Rows": 1022400,
                    "Actual Loops": 2,
                    "Inner Unique": true,
                    "Hash Cond": "(ci.movie_id = t.id)",
                    "Plans": [
                      {
                        "Node Type": "Bitmap Heap Scan",
                        "Parent Relationship": "Outer",
                        "Parallel Aware": true,
                        "Relation Name": "cast_info",
                        "Alias": "ci",
                        "Startup Cost": 46901.71,
                        "Total Cost": 315202.71,
                        "Plan Rows": 1249119,
                        "Plan Width": 4,
                        "Actual Startup Time": 144.371,
                        "Actual Total Time": 287.358,
                        "Actual Rows": 1059636,
                        "Actual Loops": 2,
                        "Recheck Cond": "(person_id < 207999)",
                        "Rows Removed by Index Recheck": 0,
                        "Exact Heap Blocks": 12216,
                        "Lossy Heap Blocks": 0,
                        "Plans": [
                          {
                            "Node Type": "Bitmap Index Scan",
                            "Parent Relationship": "Outer",
                            "Parallel Aware": false,
                            "Index Name": "person_id_cast_info",
                            "Startup Cost": 0.0,
                            "Total Cost": 46370.84,
                            "Plan Rows": 2123503,
                            "Plan Width": 0,
                            "Actual Startup Time": 139.125,
                            "Actual Total Time": 139.126,
                            "Actual Rows": 2119271,
                            "Actual Loops": 1,
                            "Index Cond": "(person_id < 207999)"
                          }
                        ]
                      },
                      {
                        "Node Type": "Hash",
                        "Parent Relationship": "Inner",
                        "Parallel Aware": true,
                        "Startup Cost": 54588.39,
                        "Total Cost": 54588.39,
                        "Plan Rows": 1404485,
                        "Plan Width": 4,
                        "Actual Startup Time": 674.385,
                        "Actual Total Time": 674.386,
                        "Actual Rows": 1194438,
                        "Actual Loops": 2,
                        "Hash Buckets": 4194304,
                        "Original Hash Buckets": 4194304,
                        "Hash Batches": 1,
                        "Original Hash Batches": 1,
                        "Peak Memory Usage": 126240,
                        "Plans": [
                          {
                            "Node Type": "Seq Scan",
                            "Parent Relationship": "Outer",
                            "Parallel Aware": true,
                            "Relation Name": "title",
                            "Alias": "t",
                            "Startup Cost": 0.0,
                            "Total Cost": 54588.39,
                            "Plan Rows": 1404485,
                            "Plan Width": 4,
                            "Actual Startup Time": 0.02,
                            "Actual Total Time": 231.912,
                            "Actual Rows": 1194438,
                            "Actual Loops": 2,
                            "Filter": "(production_year < 2013)",
                            "Rows Removed by Filter": 69718
                          }
                        ]
                      }
                    ]
                  },
                  {
                    "Node Type": "Hash",
                    "Parent Relationship": "Inner",
                    "Parallel Aware": true,
                    "Startup Cost": 41811.73,
                    "Total Cost": 41811.73,
                    "Plan Rows": 741011,
                    "Plan Width": 4,
                    "Actual Startup Time": 374.026,
                    "Actual Total Time": 374.027,
                    "Actual Rows": 656072,
                    "Actual Loops": 2,
                    "Hash Buckets": 2097152,
                    "Original Hash Buckets": 2097152,
                    "Hash Batches": 1,
                    "Original Hash Batches": 1,
                    "Peak Memory Usage": 67744,
                    "Plans": [
                      {
                        "Node Type": "Seq Scan",
                        "Parent Relationship": "Outer",
                        "Parallel Aware": true,
                        "Relation Name": "movie_companies",
                        "Alias": "mc",
                        "Startup Cost": 0.0,
                        "Total Cost": 41811.73,
                        "Plan Rows": 741011,
                        "Plan Width": 4,
                        "Actual Startup Time": 72.935,
                        "Actual Total Time": 175.483,
                        "Actual Rows": 656072,
                        "Actual Loops": 2,
                        "Filter": "((company_id > 19) AND (company_type_id = 2))",
                        "Rows Removed by Filter": 648492
                      }
                    ]
                  }
                ]
              }
            ]
          }
        ]
      }
    ]
  },
  "Planning Time": 0.944,
  "Triggers": [],
  "Execution Time": 2572.306
}