[
  {
    "Plan": {
      "Node Type": "Aggregate",
      "Strategy": "Plain",
      "Partial Mode": "Finalize",
      "Parallel Aware": false,
      "Startup Cost": 94658.42,
      "Total Cost": 94658.43,
      "Plan Rows": 1,
      "Plan Width": 8,
      "Actual Startup Time": 434.072,
      "Actual Total Time": 453.342,
      "Actual Rows": 1,
      "Actual Loops": 1,
      "Plans": [
        {
          "Node Type": "Gather",
          "Parent Relationship": "Outer",
          "Parallel Aware": false,
          "Startup Cost": 94658.1,
          "Total Cost": 94658.41,
          "Plan Rows": 3,
          "Plan Width": 8,
          "Actual Startup Time": 431.618,
          "Actual Total Time": 453.334,
          "Actual Rows": 4,
          "Actual Loops": 1,
          "Workers Planned": 3,
          "Workers Launched": 3,
          "Single Copy": false,
          "Plans": [
            {
              "Node Type": "Aggregate",
              "Strategy": "Plain",
              "Partial Mode": "Partial",
              "Parent Relationship": "Outer",
              "Parallel Aware": false,
              "Startup Cost": 93658.1,
              "Total Cost": 93658.11,
              "Plan Rows": 1,
              "Plan Width": 8,
              "Actual Startup Time": 422.066,
              "Actual Total Time": 422.071,
              "Actual Rows": 1,
              "Actual Loops": 4,
              "Plans": [
                {
                  "Node Type": "Hash Join",
                  "Parent Relationship": "Outer",
                  "Parallel Aware": true,
                  "Join Type": "Inner",
                  "Startup Cost": 47851.26,
                  "Total Cost": 92966.43,
                  "Plan Rows": 276666,
                  "Plan Width": 0,
                  "Actual Startup Time": 179.676,
                  "Actual Total Time": 403.248,
                  "Actual Rows": 413398,
                  "Actual Loops": 4,
                  "Inner Unique": true,
                  "Hash Cond": "(mk.movie_id = t.id)",
                  "Plans": [
                    {
                      "Node Type": "Seq Scan",
                      "Parent Relationship": "Outer",
                      "Parallel Aware": true,
                      "Relation Name": "movie_keyword",
                      "Alias": "mk",
                      "Startup Cost": 0.0,
                      "Total Cost": 42695.65,
                      "Plan Rows": 921722,
                      "Plan Width": 4,
                      "Actual Startup Time": 0.178,
                      "Actual Total Time": 116.533,
                      "Actual Rows": 712221,
                      "Actual Loops": 4,
                      "Filter": "(keyword_id > 2565)",
                      "Rows Removed by Filter": 418762
                    },
                    {
                      "Node Type": "Hash",
                      "Parent Relationship": "Inner",
                      "Parallel Aware": true,
                      "Startup Cost": 45479.59,
                      "Total Cost": 45479.59,
                      "Plan Rows": 189734,
                      "Plan Width": 4,
                      "Actual Startup Time": 174.02,
                      "Actual Total Time": 174.022,
                      "Actual Rows": 165962,
                      "Actual Loops": 4,
                      "Hash Buckets": 1048576,
                      "Original Hash Buckets": 1048576,
                      "Hash Batches": 1,
                      "Original Hash Batches": 1,
                      "Peak Memory Usage": 34208,
                      "Plans": [
                        {
                          "Node Type": "Seq Scan",
                          "Parent Relationship": "Outer",
                          "Parallel Aware": true,
                          "Relation Name": "title",
                          "Alias": "t",
                          "Startup Cost": 0.0,
                          "Total Cost": 45479.59,
                          "Plan Rows": 189734,
                          "Plan Width": 4,
                          "Actual Startup Time": 0.058,
                          "Actual Total Time": 112.359,
                          "Actual Rows": 165962,
                          "Actual Loops": 4,
                          "Filter": "((kind_id < 7) AND (production_year > 1980))",
                          "Rows Removed by Filter": 466116
                        }
                      ]
                    }
                  ]
                }
              ]
            }
          ]
        }
      ]
    },
    "Planning Time": 0.668,
    "Triggers": [],
    "Execution Time": 453.417
  }
]