[
  {
    "Plan": {
      "Node Type": "Aggregate",
      "Strategy": "Plain",
      "Partial Mode": "Finalize",
      "Parallel Aware": false,
      "Startup Cost": 217027.38,
      "Total Cost": 217027.39,
      "Plan Rows": 1,
      "Plan Width": 8,
      "Actual Startup Time": 96.872,
      "Actual Total Time": 105.809,
      "Actual Rows": 1,
      "Actual Loops": 1,
      "Plans": [
        {
          "Node Type": "Gather",
          "Parent Relationship": "Outer",
          "Parallel Aware": false,
          "Startup Cost": 217026.96,
          "Total Cost": 217027.37,
          "Plan Rows": 4,
          "Plan Width": 8,
          "Actual Startup Time": 96.742,
          "Actual Total Time": 105.803,
          "Actual Rows": 5,
          "Actual Loops": 1,
          "Workers Planned": 4,
          "Workers Launched": 4,
          "Single Copy": false,
          "Plans": [
            {
              "Node Type": "Aggregate",
              "Strategy": "Plain",
              "Partial Mode": "Partial",
              "Parent Relationship": "Outer",
              "Parallel Aware": false,
              "Startup Cost": 216026.96,
              "Total Cost": 216026.97,
              "Plan Rows": 1,
              "Plan Width": 8,
              "Actual Startup Time": 88.852,
              "Actual Total Time": 88.853,
              "Actual Rows": 1,
              "Actual Loops": 5,
              "Plans": [
                {
                  "Node Type": "Nested Loop",
                  "Parent Relationship": "Outer",
                  "Parallel Aware": false,
                  "Join Type": "Inner",
                  "Startup Cost": 0.43,
                  "Total Cost": 216023.59,
                  "Plan Rows": 1349,
                  "Plan Width": 0,
                  "Actual Startup Time": 8.866,
                  "Actual Total Time": 88.84,
                  "Actual Rows": 28,
                  "Actual Loops": 5,
                  "Inner Unique": false,
                  "Plans": [
                    {
                      "Node Type": "Seq Scan",
                      "Parent Relationship": "Outer",
                      "Parallel Aware": true,
                      "Relation Name": "title",
                      "Alias": "t",
                      "Startup Cost": 0.0,
                      "Total Cost": 45479.21,
                      "Plan Rows": 2222,
                      "Plan Width": 4,
                      "Actual Startup Time": 0.365,
                      "Actual Total Time": 68.803,
                      "Actual Rows": 1589,
                      "Actual Loops": 5,
                      "Filter": "((kind_id = 7) AND (production_year = 1977))",
                      "Rows Removed by Filter": 504073
                    },
                    {
                      "Node Type": "Index Scan",
                      "Parent Relationship": "Inner",
                      "Parallel Aware": false,
                      "Scan Direction": "Forward",
                      "Index Name": "movie_id_movie_info",
                      "Relation Name": "movie_info",
                      "Alias": "mi",
                      "Startup Cost": 0.43,
                      "Total Cost": 76.71,
                      "Plan Rows": 4,
                      "Plan Width": 4,
                      "Actual Startup Time": 0.012,
                      "Actual Total Time": 0.012,
                      "Actual Rows": 0,
                      "Actual Loops": 7945,
                      "Index Cond": "(movie_id = t.id)",
                      "Rows Removed by Index Recheck": 0,
                      "Filter": "(info_type_id = 3)",
                      "Rows Removed by Filter": 4
                    }
                  ]
                }
              ]
            }
          ]
        }
      ]
    },
    "Planning Time": 0.241,
    "Triggers": [],
    "Execution Time": 105.841
  }
]