[
  {
    "Plan": {
      "Node Type": "Aggregate",
      "Strategy": "Plain",
      "Partial Mode": "Finalize",
      "Parallel Aware": false,
      "Startup Cost": 656054.66,
      "Total Cost": 656054.67,
      "Plan Rows": 1,
      "Plan Width": 8,
      "Actual Startup Time": 3443.934,
      "Actual Total Time": 3536.171,
      "Actual Rows": 1,
      "Actual Loops": 1,
      "Plans": [
        {
          "Node Type": "Gather",
          "Parent Relationship": "Outer",
          "Parallel Aware": false,
          "Startup Cost": 656054.14,
          "Total Cost": 656054.65,
          "Plan Rows": 5,
          "Plan Width": 8,
          "Actual Startup Time": 3416.179,
          "Actual Total Time": 3536.157,
          "Actual Rows": 6,
          "Actual Loops": 1,
          "Workers Planned": 5,
          "Workers Launched": 5,
          "Single Copy": false,
          "Plans": [
            {
              "Node Type": "Aggregate",
              "Strategy": "Plain",
              "Partial Mode": "Partial",
              "Parent Relationship": "Outer",
              "Parallel Aware": false,
              "Startup Cost": 655054.14,
              "Total Cost": 655054.15,
              "Plan Rows": 1,
              "Plan Width": 8,
              "Actual Startup Time": 3385.144,
              "Actual Total Time": 3385.902,
              "Actual Rows": 1,
              "Actual Loops": 6,
              "Plans": [
                {
                  "Node Type": "Hash Join",
                  "Parent Relationship": "Outer",
                  "Parallel Aware": true,
                  "Join Type": "Inner",
                  "Startup Cost": 413262.47,
                  "Total Cost": 635127.37,
                  "Plan Rows": 7970707,
                  "Plan Width": 0,
                  "Actual Startup Time": 1532.231,
                  "Actual Total Time": 3129.696,
                  "Actual Rows": 6137669,
                  "Actual Loops": 6,
                  "Inner Unique": false,
                  "Hash Cond": "(mi.movie_id = t.id)",
                  "Plans": [
                    {
                      "Node Type": "Seq Scan",
                      "Parent Relationship": "Outer",
                      "Parallel Aware": true,
                      "Relation Name": "movie_info",
                      "Alias": "mi",
                      "Startup Cost": 0.0,
                      "Total Cost": 198952.16,
                      "Plan Rows": 2567528,
                      "Plan Width": 4,
                      "Actual Startup Time": 0.06,
                      "Actual Total Time": 353.972,
                      "Actual Rows": 2161681,
                      "Actual Loops": 6,
                      "Filter": "(info_type_id < 18)",
                      "Rows Removed by Filter": 310939
                    },
                    {
                      "Node Type": "Hash",
                      "Parent Relationship": "Inner",
                      "Parallel Aware": true,
                      "Startup Cost": 396910.58,
                      "Total Cost": 396910.58,
                      "Plan Rows": 1308151,
                      "Plan Width": 8,
                      "Actual Startup Time": 1520.464,
                      "Actual Total Time": 1521.221,
                      "Actual Rows": 553959,
                      "Actual Loops": 6,
                      "Hash Buckets": 8388608,
                      "Original Hash Buckets": 8388608,
                      "Hash Batches": 1,
                      "Original Hash Batches": 1,
                      "Peak Memory Usage": 195648,
                      "Plans": [
                        {
                          "Node Type": "Hash Join",
                          "Parent Relationship": "Outer",
                          "Parallel Aware": true,
                          "Join Type": "Inner",
                          "Startup Cost": 50219.64,
                          "Total Cost": 396910.58,
                          "Plan Rows": 1308151,
                          "Plan Width": 8,
                          "Actual Startup Time": 514.418,
                          "Actual Total Time": 1254.456,
                          "Actual Rows": 553959,
                          "Actual Loops": 6,
                          "Inner Unique": true,
                          "Hash Cond": "(ci.movie_id = t.id)",
                          "Plans": [
                            {
                              "Node Type": "Seq Scan",
                              "Parent Relationship": "Outer",
                              "Parallel Aware": true,
                              "Relation Name": "cast_info",
                              "Alias": "ci",
                              "Startup Cost": 0.0,
                              "Total Cost": 343257.03,
                              "Plan Rows": 1308151,
                              "Plan Width": 4,
                              "Actual Startup Time": 233.661,
                              "Actual Total Time": 672.526,
                              "Actual Rows": 553959,
                              "Actual Loops": 6,
                              "Filter": "((person_id < 1176521) AND (role_id > 1))",
                              "Rows Removed by Filter": 5486765
                            },
                            {
                              "Node Type": "Hash",
                              "Parent Relationship": "Inner",
                              "Parallel Aware": true,
                              "Startup Cost": 42318.73,
                              "Total Cost": 42318.73,
                              "Plan Rows": 632073,
                              "Plan Width": 4,
                              "Actual Startup Time": 276.542,
                              "Actual Total Time": 276.543,
                              "Actual Rows": 421385,
                              "Actual Loops": 6,
                              "Hash Buckets": 4194304,
                              "Original Hash Buckets": 4194304,
                              "Hash Batches": 1,
                              "Original Hash Batches": 1,
                              "Peak Memory Usage": 131776,
                              "Plans": [
                                {
                                  "Node Type": "Seq Scan",
                                  "Parent Relationship": "Outer",
                                  "Parallel Aware": true,
                                  "Relation Name": "title",
                                  "Alias": "t",
                                  "Startup Cost": 0.0,
                                  "Total Cost": 42318.73,
                                  "Plan Rows": 632073,
                                  "Plan Width": 4,
                                  "Actual Startup Time": 0.05,
                                  "Actual Total Time": 80.971,
                                  "Actual Rows": 421385,
                                  "Actual Loops": 6
                                }
                              ]
                            }
                          ]
                        }
                      ]
                    }
                  ]
                }
              ]
            }
          ]
        }
      ]
    },
    "Planning Time": 1.397,
    "Triggers": [],
    "Execution Time": 3536.272
  }
]