[
  {
    "Plan": {
      "Node Type": "Aggregate",
      "Strategy": "Plain",
      "Partial Mode": "Finalize",
      "Parallel Aware": false,
      "Startup Cost": 30594.52,
      "Total Cost": 30594.53,
      "Plan Rows": 1,
      "Plan Width": 8,
      "Actual Startup Time": 94.898,
      "Actual Total Time": 101.422,
      "Actual Rows": 1,
      "Actual Loops": 1,
      "Plans": [
        {
          "Node Type": "Gather",
          "Parent Relationship": "Outer",
          "Parallel Aware": false,
          "Startup Cost": 30594.2,
          "Total Cost": 30594.51,
          "Plan Rows": 3,
          "Plan Width": 8,
          "Actual Startup Time": 94.669,
          "Actual Total Time": 101.415,
          "Actual Rows": 4,
          "Actual Loops": 1,
          "Workers Planned": 3,
          "Workers Launched": 3,
          "Single Copy": false,
          "Plans": [
            {
              "Node Type": "Aggregate",
              "Strategy": "Plain",
              "Partial Mode": "Partial",
              "Parent Relationship": "Outer",
              "Parallel Aware": false,
              "Startup Cost": 29594.2,
              "Total Cost": 29594.21,
              "Plan Rows": 1,
              "Plan Width": 8,
              "Actual Startup Time": 85.61,
              "Actual Total Time": 85.612,
              "Actual Rows": 1,
              "Actual Loops": 4,
              "Plans": [
                {
                  "Node Type": "Bitmap Heap Scan",
                  "Parent Relationship": "Outer",
                  "Parallel Aware": true,
                  "Relation Name": "movie_companies",
                  "Alias": "mc",
                  "Startup Cost": 8687.92,
                  "Total Cost": 29429.09,
                  "Plan Rows": 66045,
                  "Plan Width": 0,
                  "Actual Startup Time": 70.624,
                  "Actual Total Time": 84.448,
                  "Actual Rows": 23549,
                  "Actual Loops": 4,
                  "Recheck Cond": "(company_id < 252)",
                  "Rows Removed by Index Recheck": 0,
                  "Filter": "(company_type_id > 1)",
                  "Rows Removed by Filter": 76195,
                  "Exact Heap Blocks": 10418,
                  "Lossy Heap Blocks": 0,
                  "Plans": [
                    {
                      "Node Type": "Bitmap Index Scan",
                      "Parent Relationship": "Outer",
                      "Parallel Aware": false,
                      "Index Name": "company_id_movie_companies",
                      "Startup Cost": 0.0,
                      "Total Cost": 8636.74,
                      "Plan Rows": 403241,
                      "Plan Width": 0,
                      "Actual Startup Time": 36.51,
                      "Actual Total Time": 36.511,
                      "Actual Rows": 398976,
                      "Actual Loops": 1,
                      "Index Cond": "(company_id < 252)"
                    }
                  ]
                }
              ]
            }
          ]
        }
      ]
    },
    "Planning Time": 0.208,
    "Triggers": [],
    "Execution Time": 101.497
  }
]