[
  {
    "Plan": {
      "Node Type": "Aggregate",
      "Strategy": "Plain",
      "Partial Mode": "Finalize",
      "Parallel Aware": false,
      "Startup Cost": 203121.18,
      "Total Cost": 203121.19,
      "Plan Rows": 1,
      "Plan Width": 8,
      "Actual Startup Time": 690.178,
      "Actual Total Time": 722.347,
      "Actual Rows": 1,
      "Actual Loops": 1,
      "Plans": [
        {
          "Node Type": "Gather",
          "Parent Relationship": "Outer",
          "Parallel Aware": false,
          "Startup Cost": 203120.86,
          "Total Cost": 203121.17,
          "Plan Rows": 3,
          "Plan Width": 8,
          "Actual Startup Time": 686.078,
          "Actual Total Time": 722.337,
          "Actual Rows": 4,
          "Actual Loops": 1,
          "Workers Planned": 3,
          "Workers Launched": 3,
          "Single Copy": false,
          "Plans": [
            {
              "Node Type": "Aggregate",
              "Strategy": "Plain",
              "Partial Mode": "Partial",
              "Parent Relationship": "Outer",
              "Parallel Aware": false,
              "Startup Cost": 202120.86,
              "Total Cost": 202120.87,
              "Plan Rows": 1,
              "Plan Width": 8,
              "Actual Startup Time": 680.722,
              "Actual Total Time": 680.858,
              "Actual Rows": 1,
              "Actual Loops": 4,
              "Plans": [
                {
                  "Node Type": "Hash Join",
                  "Parent Relationship": "Outer",
                  "Parallel Aware": true,
                  "Join Type": "Inner",
                  "Startup Cost": 156700.41,
                  "Total Cost": 201620.51,
                  "Plan Rows": 200140,
                  "Plan Width": 0,
                  "Actual Startup Time": 433.08,
                  "Actual Total Time": 653.376,
                  "Actual Rows": 681262,
                  "Actual Loops": 4,
                  "Inner Unique": false,
                  "Hash Cond": "(mk.movie_id = t.id)",
                  "Plans": [
                    {
                      "Node Type": "Seq Scan",
                      "Parent Relationship": "Outer",
                      "Parallel Aware": true,
                      "Relation Name": "movie_keyword",
                      "Alias": "mk",
                      "Startup Cost": 0.0,
                      "Total Cost": 39047.32,
                      "Plan Rows": 1459332,
                      "Plan Width": 4,
                      "Actual Startup Time": 0.028,
                      "Actual Total Time": 82.015,
                      "Actual Rows": 1130982,
                      "Actual Loops": 4
                    },
                    {
                      "Node Type": "Hash",
                      "Parent Relationship": "Inner",
                      "Parallel Aware": true,
                      "Startup Cost": 155833.51,
                      "Total Cost": 155833.51,
                      "Plan Rows": 69352,
                      "Plan Width": 8,
                      "Actual Startup Time": 431.262,
                      "Actual Total Time": 431.397,
                      "Actual Rows": 55967,
                      "Actual Loops": 4,
                      "Hash Buckets": 524288,
                      "Original Hash Buckets": 524288,
                      "Hash Batches": 1,
                      "Original Hash Batches": 1,
                      "Peak Memory Usage": 12928,
                      "Plans": [
                        {
                          "Node Type": "Hash Join",
                          "Parent Relationship": "Outer",
                          "Parallel Aware": true,
                          "Join Type": "Inner",
                          "Startup Cost": 48132.4,
                          "Total Cost": 155833.51,
                          "Plan Rows": 69352,
                          "Plan Width": 8,
                          "Actual Startup Time": 173.259,
                          "Actual Total Time": 410.565,
                          "Actual Rows": 55967,
                          "Actual Loops": 4,
                          "Inner Unique": true,
                          "Hash Cond": "(ci.movie_id = t.id)",
                          "Plans": [
                            {
                              "Node Type": "Index Scan",
                              "Parent Relationship": "Outer",
                              "Parallel Aware": true,
                              "Scan Direction": "Forward",
                              "Index Name": "role_id_cast_info",
                              "Relation Name": "cast_info",
                              "Alias": "ci",
                              "Startup Cost": 0.56,
                              "Total Cost": 107159.34,
                              "Plan Rows": 206607,
                              "Plan Width": 4,
                              "Actual Startup Time": 0.192,
                              "Actual Total Time": 169.178,
                              "Actual Rows": 187864,
                              "Actual Loops": 4,
                              "Index Cond": "(role_id = 3)",
                              "Rows Removed by Index Recheck": 0,
                              "Filter": "(person_id < 944878)",
                              "Rows Removed by Filter": 814146
                            },
                            {
                              "Node Type": "Hash",
                              "Parent Relationship": "Inner",
                              "Parallel Aware": true,
                              "Startup Cost": 45479.59,
                              "Total Cost": 45479.59,
                              "Plan Rows": 212180,
                              "Plan Width": 4,
                              "Actual Startup Time": 171.02,
                              "Actual Total Time": 171.022,
                              "Actual Rows": 190100,
                              "Actual Loops": 4,
                              "Hash Buckets": 1048576,
                              "Original Hash Buckets": 1048576,
                              "Hash Batches": 1,
                              "Original Hash Batches": 1,
                              "Peak Memory Usage": 37984,
                              "Plans": [
                                {
                                  "Node Type": "Seq Scan",
                                  "Parent Relationship": "Outer",
                                  "Parallel Aware": true,
                                  "Relation Name": "title",
                                  "Alias": "t",
                                  "Startup Cost": 0.0,
                                  "Total Cost": 45479.59,
                                  "Plan Rows": 212180,
                                  "Plan Width": 4,
                                  "Actual Startup Time": 0.039,
                                  "Actual Total Time": 101.417,
                                  "Actual Rows": 190100,
                                  "Actual Loops": 4,
                                  "Filter": "((kind_id < 7) AND (production_year > 1964))",
                                  "Rows Removed by Filter": 441978
                                }
                              ]
                            }
                          ]
                        }
                      ]
                    }
                  ]
                }
              ]
            }
          ]
        }
      ]
    },
    "Planning Time": 0.435,
    "Triggers": [],
    "Execution Time": 722.395
  }
]