{
  "Plan": {
    "Node Type": "Aggregate",
    "Strategy": "Plain",
    "Partial Mode": "Finalize",
    "Parallel Aware": false,
    "Startup Cost": 133780.77,
    "Total Cost": 133780.78,
    "Plan Rows": 1,
    "Plan Width": 8,
    "Actual Startup Time": 762.292,
    "Actual Total Time": 776.468,
    "Actual Rows": 1,
    "Actual Loops": 1,
    "Plans": [
      {
        "Node Type": "Gather",
        "Parent Relationship": "Outer",
        "Parallel Aware": false,
        "Startup Cost": 133780.66,
        "Total Cost": 133780.77,
        "Plan Rows": 1,
        "Plan Width": 8,
        "Actual Startup Time": 759.941,
        "Actual Total Time": 776.462,
        "Actual Rows": 2,
        "Actual Loops": 1,
        "Workers Planned": 1,
        "Workers Launched": 1,
        "Single Copy": false,
        "Plans": [
          {
            "Node Type": "Aggregate",
            "Strategy": "Plain",
            "Partial Mode": "Partial",
            "Parent Relationship": "Outer",
            "Parallel Aware": false,
            "Startup Cost": 132780.66,
            "Total Cost": 132780.67,
            "Plan Rows": 1,
            "Plan Width": 8,
            "Actual Startup Time": 754.2,
            "Actual Total Time": 754.203,
            "Actual Rows": 1,
            "Actual Loops": 2,
            "Plans": [
              {
                "Node Type": "Hash Join",
                "Parent Relationship": "Outer",
                "Parallel Aware": true,
                "Join Type": "Inner",
                "Startup Cost": 68922.87,
                "Total Cost": 130617.81,
                "Plan Rows": 865141,
                "Plan Width": 0,
                "Actual Startup Time": 390.908,
                "Actual Total Time": 738.06,
                "Actual Rows": 408942,
                "Actual Loops": 2,
                "Inner Unique": true,
                "Hash Cond": "(mk.movie_id = t.id)",
                "Plans": [
                  {
                    "Node Type": "Seq Scan",
                    "Parent Relationship": "Outer",
                    "Parallel Aware": true,
                    "Relation Name": "movie_keyword",
                    "Alias": "mk",
                    "Startup Cost": 0.0,
                    "Total Cost": 57718.19,
                    "Plan Rows": 1514948,
                    "Plan Width": 4,
                    "Actual Startup Time": 0.011,
                    "Actual Total Time": 182.765,
                    "Actual Rows": 1288312,
                    "Actual Loops": 2,
                    "Filter": "(keyword_id < 6678)",
                    "Rows Removed by Filter": 973653
                  },
                  {
                    "Node Type": "Hash",
                    "Parent Relationship": "Inner",
                    "Parallel Aware": true,
                    "Startup Cost": 58306.47,
                    "Total Cost": 58306.47,
                    "Plan Rows": 849312,
                    "Plan Width": 4,
                    "Actual Startup Time": 379.116,
                    "Actual Total Time": 379.117,
                    "Actual Rows": 780344,
                    "Actual Loops": 2,
                    "Hash Buckets": 2097152,
                    "Original Hash Buckets": 2097152,
                    "Hash Batches": 1,
                    "Original Hash Batches": 1,
                    "Peak Memory Usage": 77472,
                    "Plans": [
                      {
                        "Node Type": "Seq Scan",
                        "Parent Relationship": "Outer",
                        "Parallel Aware": true,
                        "Relation Name": "title",
                        "Alias": "t",
                        "Startup Cost": 0.0,
                        "Total Cost": 58306.47,
                        "Plan Rows": 849312,
                        "Plan Width": 4,
                        "Actual Startup Time": 0.025,
                        "Actual Total Time": 166.954,
                        "Actual Rows": 780344,
                        "Actual Loops": 2,
                        "Filter": "((kind_id > 1) AND (production_year > 1979))",
                        "Rows Removed by Filter": 483812
                      }
                    ]
                  }
                ]
              }
            ]
          }
        ]
      }
    ]
  },
  "Planning Time": 0.402,
  "Triggers": [],
  "Execution Time": 776.514
}