[
  {
    "Plan": {
      "Node Type": "Aggregate",
      "Strategy": "Plain",
      "Partial Mode": "Finalize",
      "Parallel Aware": false,
      "Startup Cost": 33128.43,
      "Total Cost": 33128.44,
      "Plan Rows": 1,
      "Plan Width": 8,
      "Actual Startup Time": 94.051,
      "Actual Total Time": 101.048,
      "Actual Rows": 1,
      "Actual Loops": 1,
      "Plans": [
        {
          "Node Type": "Gather",
          "Parent Relationship": "Outer",
          "Parallel Aware": false,
          "Startup Cost": 33128.12,
          "Total Cost": 33128.43,
          "Plan Rows": 3,
          "Plan Width": 8,
          "Actual Startup Time": 93.934,
          "Actual Total Time": 101.037,
          "Actual Rows": 4,
          "Actual Loops": 1,
          "Workers Planned": 3,
          "Workers Launched": 3,
          "Single Copy": false,
          "Plans": [
            {
              "Node Type": "Aggregate",
              "Strategy": "Plain",
              "Partial Mode": "Partial",
              "Parent Relationship": "Outer",
              "Parallel Aware": false,
              "Startup Cost": 32128.12,
              "Total Cost": 32128.13,
              "Plan Rows": 1,
              "Plan Width": 8,
              "Actual Startup Time": 89.374,
              "Actual Total Time": 89.376,
              "Actual Rows": 1,
              "Actual Loops": 4,
              "Plans": [
                {
                  "Node Type": "Seq Scan",
                  "Parent Relationship": "Outer",
                  "Parallel Aware": true,
                  "Relation Name": "movie_companies",
                  "Alias": "mc",
                  "Startup Cost": 0.0,
                  "Total Cost": 31414.82,
                  "Plan Rows": 285319,
                  "Plan Width": 0,
                  "Actual Startup Time": 37.721,
                  "Actual Total Time": 77.102,
                  "Actual Rows": 269497,
                  "Actual Loops": 4,
                  "Filter": "((company_id > 2609) AND (company_type_id > 1))",
                  "Rows Removed by Filter": 382785
                }
              ]
            }
          ]
        }
      ]
    },
    "Planning Time": 0.107,
    "Triggers": [],
    "Execution Time": 101.081
  }
]