[
  {
    "Plan": {
      "Node Type": "Aggregate",
      "Strategy": "Plain",
      "Partial Mode": "Finalize",
      "Parallel Aware": false,
      "Startup Cost": 29576.92,
      "Total Cost": 29576.93,
      "Plan Rows": 1,
      "Plan Width": 8,
      "Actual Startup Time": 160.668,
      "Actual Total Time": 196.802,
      "Actual Rows": 1,
      "Actual Loops": 1,
      "Plans": [
        {
          "Node Type": "Gather",
          "Parent Relationship": "Outer",
          "Parallel Aware": false,
          "Startup Cost": 29576.71,
          "Total Cost": 29576.92,
          "Plan Rows": 2,
          "Plan Width": 8,
          "Actual Startup Time": 160.436,
          "Actual Total Time": 196.792,
          "Actual Rows": 3,
          "Actual Loops": 1,
          "Workers Planned": 2,
          "Workers Launched": 2,
          "Single Copy": false,
          "Plans": [
            {
              "Node Type": "Aggregate",
              "Strategy": "Plain",
              "Partial Mode": "Partial",
              "Parent Relationship": "Outer",
              "Parallel Aware": false,
              "Startup Cost": 28576.71,
              "Total Cost": 28576.72,
              "Plan Rows": 1,
              "Plan Width": 8,
              "Actual Startup Time": 152.344,
              "Actual Total Time": 152.347,
              "Actual Rows": 1,
              "Actual Loops": 3,
              "Plans": [
                {
                  "Node Type": "Nested Loop",
                  "Parent Relationship": "Outer",
                  "Parallel Aware": false,
                  "Join Type": "Inner",
                  "Startup Cost": 95.32,
                  "Total Cost": 28570.43,
                  "Plan Rows": 2509,
                  "Plan Width": 0,
                  "Actual Startup Time": 2.555,
                  "Actual Total Time": 151.768,
                  "Actual Rows": 7039,
                  "Actual Loops": 3,
                  "Inner Unique": false,
                  "Plans": [
                    {
                      "Node Type": "Nested Loop",
                      "Parent Relationship": "Outer",
                      "Parallel Aware": false,
                      "Join Type": "Inner",
                      "Startup Cost": 94.75,
                      "Total Cost": 24847.91,
                      "Plan Rows": 1822,
                      "Plan Width": 8,
                      "Actual Startup Time": 1.892,
                      "Actual Total Time": 16.376,
                      "Actual Rows": 1144,
                      "Actual Loops": 3,
                      "Inner Unique": true,
                      "Plans": [
                        {
                          "Node Type": "Bitmap Heap Scan",
                          "Parent Relationship": "Outer",
                          "Parallel Aware": true,
                          "Relation Name": "movie_keyword",
                          "Alias": "mk",
                          "Startup Cost": 94.32,
                          "Total Cost": 11296.48,
                          "Plan Rows": 1822,
                          "Plan Width": 4,
                          "Actual Startup Time": 1.726,
                          "Actual Total Time": 5.979,
                          "Actual Rows": 1144,
                          "Actual Loops": 3,
                          "Recheck Cond": "(keyword_id = 3219)",
                          "Rows Removed by Index Recheck": 0,
                          "Exact Heap Blocks": 1994,
                          "Lossy Heap Blocks": 0,
                          "Plans": [
                            {
                              "Node Type": "Bitmap Index Scan",
                              "Parent Relationship": "Outer",
                              "Parallel Aware": false,
                              "Index Name": "keyword_id_movie_keyword",
                              "Startup Cost": 0.0,
                              "Total Cost": 93.23,
                              "Plan Rows": 4373,
                              "Plan Width": 0,
                              "Actual Startup Time": 3.506,
                              "Actual Total Time": 3.507,
                              "Actual Rows": 3432,
                              "Actual Loops": 1,
                              "Index Cond": "(keyword_id = 3219)"
                            }
                          ]
                        },
                        {
                          "Node Type": "Index Only Scan",
                          "Parent Relationship": "Inner",
                          "Parallel Aware": false,
                          "Scan Direction": "Forward",
                          "Index Name": "title_pkey",
                          "Relation Name": "title",
                          "Alias": "t",
                          "Startup Cost": 0.43,
                          "Total Cost": 7.44,
                          "Plan Rows": 1,
                          "Plan Width": 4,
                          "Actual Startup Time": 0.009,
                          "Actual Total Time": 0.009,
                          "Actual Rows": 1,
                          "Actual Loops": 3432,
                          "Index Cond": "(id = mk.movie_id)",
                          "Rows Removed by Index Recheck": 0,
                          "Heap Fetches": 3432
                        }
                      ]
                    },
                    {
                      "Node Type": "Index Scan",
                      "Parent Relationship": "Inner",
                      "Parallel Aware": false,
                      "Scan Direction": "Forward",
                      "Index Name": "movie_id_cast_info",
                      "Relation Name": "cast_info",
                      "Alias": "ci",
                      "Startup Cost": 0.56,
                      "Total Cost": 2.0,
                      "Plan Rows": 4,
                      "Plan Width": 4,
                      "Actual Startup Time": 0.062,
                      "Actual Total Time": 0.117,
                      "Actual Rows": 6,
                      "Actual Loops": 3432,
                      "Index Cond": "(movie_id = t.id)",
                      "Rows Removed by Index Recheck": 0,
                      "Filter": "((person_id > 1916849) AND (role_id = 2))",
                      "Rows Removed by Filter": 39
                    }
                  ]
                }
              ]
            }
          ]
        }
      ]
    },
    "Planning Time": 1.385,
    "Triggers": [],
    "Execution Time": 196.913
  }
]