[
  {
    "Plan": {
      "Node Type": "Aggregate",
      "Strategy": "Plain",
      "Partial Mode": "Finalize",
      "Parallel Aware": false,
      "Startup Cost": 109714.0,
      "Total Cost": 109714.01,
      "Plan Rows": 1,
      "Plan Width": 8,
      "Actual Startup Time": 218.758,
      "Actual Total Time": 235.659,
      "Actual Rows": 1,
      "Actual Loops": 1,
      "Plans": [
        {
          "Node Type": "Gather",
          "Parent Relationship": "Outer",
          "Parallel Aware": false,
          "Startup Cost": 109713.48,
          "Total Cost": 109713.99,
          "Plan Rows": 5,
          "Plan Width": 8,
          "Actual Startup Time": 218.589,
          "Actual Total Time": 235.648,
          "Actual Rows": 6,
          "Actual Loops": 1,
          "Workers Planned": 5,
          "Workers Launched": 5,
          "Single Copy": false,
          "Plans": [
            {
              "Node Type": "Aggregate",
              "Strategy": "Plain",
              "Partial Mode": "Partial",
              "Parent Relationship": "Outer",
              "Parallel Aware": false,
              "Startup Cost": 108713.48,
              "Total Cost": 108713.49,
              "Plan Rows": 1,
              "Plan Width": 8,
              "Actual Startup Time": 210.964,
              "Actual Total Time": 210.965,
              "Actual Rows": 1,
              "Actual Loops": 6,
              "Plans": [
                {
                  "Node Type": "Index Scan",
                  "Parent Relationship": "Outer",
                  "Parallel Aware": true,
                  "Scan Direction": "Forward",
                  "Index Name": "role_id_cast_info",
                  "Relation Name": "cast_info",
                  "Alias": "ci",
                  "Startup Cost": 0.56,
                  "Total Cost": 107159.34,
                  "Plan Rows": 621656,
                  "Plan Width": 0,
                  "Actual Startup Time": 0.115,
                  "Actual Total Time": 177.432,
                  "Actual Rows": 569581,
                  "Actual Loops": 6,
                  "Index Cond": "(role_id = 3)",
                  "Rows Removed by Index Recheck": 0,
                  "Filter": "(person_id > 748441)",
                  "Rows Removed by Filter": 98425
                }
              ]
            }
          ]
        }
      ]
    },
    "Planning Time": 0.109,
    "Triggers": [],
    "Execution Time": 235.696
  }
]