[
    {
        "Bao": {
            "Bao prediction": "NaN",
            "Bao recommended hint": "(no hint)"
        }
    },
    {
        "Plan": {
            "Node Type": "Aggregate",
            "Strategy": "Plain",
            "Partial Mode": "Finalize",
            "Parallel Aware": false,
            "Startup Cost": 74119.1,
            "Total Cost": 74119.11,
            "Plan Rows": 1,
            "Plan Width": 8,
            "Actual Startup Time": 159.77,
            "Actual Total Time": 167.89,
            "Actual Rows": 1,
            "Actual Loops": 1,
            "Output": [
                "count(*)"
            ],
            "Plans": [
                {
                    "Node Type": "Gather",
                    "Parent Relationship": "Outer",
                    "Parallel Aware": false,
                    "Startup Cost": 74118.79,
                    "Total Cost": 74119.1,
                    "Plan Rows": 3,
                    "Plan Width": 8,
                    "Actual Startup Time": 159.183,
                    "Actual Total Time": 167.881,
                    "Actual Rows": 4,
                    "Actual Loops": 1,
                    "Output": [
                        "(PARTIAL count(*))"
                    ],
                    "Workers Planned": 3,
                    "Workers Launched": 3,
                    "Single Copy": false,
                    "Plans": [
                        {
                            "Node Type": "Aggregate",
                            "Strategy": "Plain",
                            "Partial Mode": "Partial",
                            "Parent Relationship": "Outer",
                            "Parallel Aware": false,
                            "Startup Cost": 73118.79,
                            "Total Cost": 73118.8,
                            "Plan Rows": 1,
                            "Plan Width": 8,
                            "Actual Startup Time": 150.231,
                            "Actual Total Time": 150.236,
                            "Actual Rows": 1,
                            "Actual Loops": 4,
                            "Output": [
                                "PARTIAL count(*)"
                            ],
                            "Workers": [
                                {
                                    "Worker Number": 0,
                                    "Actual Startup Time": 146.985,
                                    "Actual Total Time": 146.992,
                                    "Actual Rows": 1,
                                    "Actual Loops": 1
                                },
                                {
                                    "Worker Number": 1,
                                    "Actual Startup Time": 147.515,
                                    "Actual Total Time": 147.519,
                                    "Actual Rows": 1,
                                    "Actual Loops": 1
                                },
                                {
                                    "Worker Number": 2,
                                    "Actual Startup Time": 147.818,
                                    "Actual Total Time": 147.82,
                                    "Actual Rows": 1,
                                    "Actual Loops": 1
                                }
                            ],
                            "Plans": [
                                {
                                    "Node Type": "Hash Join",
                                    "Parent Relationship": "Outer",
                                    "Parallel Aware": true,
                                    "Join Type": "Inner",
                                    "Startup Cost": 47805.17,
                                    "Total Cost": 73115.54,
                                    "Plan Rows": 1300,
                                    "Plan Width": 0,
                                    "Actual Startup Time": 107.209,
                                    "Actual Total Time": 150.143,
                                    "Actual Rows": 1003,
                                    "Actual Loops": 4,
                                    "Inner Unique": true,
                                    "Hash Cond": "(mk.movie_id = t.id)",
                                    "Workers": [
                                        {
                                            "Worker Number": 0,
                                            "Actual Startup Time": 103.395,
                                            "Actual Total Time": 146.896,
                                            "Actual Rows": 998,
                                            "Actual Loops": 1
                                        },
                                        {
                                            "Worker Number": 1,
                                            "Actual Startup Time": 105.321,
                                            "Actual Total Time": 147.442,
                                            "Actual Rows": 757,
                                            "Actual Loops": 1
                                        },
                                        {
                                            "Worker Number": 2,
                                            "Actual Startup Time": 105.31,
                                            "Actual Total Time": 147.74,
                                            "Actual Rows": 776,
                                            "Actual Loops": 1
                                        }
                                    ],
                                    "Plans": [
                                        {
                                            "Node Type": "Bitmap Heap Scan",
                                            "Parent Relationship": "Outer",
                                            "Parallel Aware": true,
                                            "Relation Name": "movie_keyword",
                                            "Schema": "public",
                                            "Alias": "mk",
                                            "Startup Cost": 3724.7,
                                            "Total Cost": 28886.44,
                                            "Plan Rows": 56619,
                                            "Plan Width": 4,
                                            "Actual Startup Time": 13.325,
                                            "Actual Total Time": 49.411,
                                            "Actual Rows": 41798,
                                            "Actual Loops": 4,
                                            "Output": [
                                                "mk.id",
                                                "mk.movie_id",
                                                "mk.keyword_id"
                                            ],
                                            "Recheck Cond": "(mk.keyword_id > 72277)",
                                            "Rows Removed by Index Recheck": 0,
                                            "Exact Heap Blocks": 7627,
                                            "Lossy Heap Blocks": 0,
                                            "Workers": [
                                                {
                                                    "Worker Number": 0,
                                                    "Actual Startup Time": 13.251,
                                                    "Actual Total Time": 50.052,
                                                    "Actual Rows": 36054,
                                                    "Actual Loops": 1
                                                },
                                                {
                                                    "Worker Number": 1,
                                                    "Actual Startup Time": 13.459,
                                                    "Actual Total Time": 50.175,
                                                    "Actual Rows": 33173,
                                                    "Actual Loops": 1
                                                },
                                                {
                                                    "Worker Number": 2,
                                                    "Actual Startup Time": 13.463,
                                                    "Actual Total Time": 50.181,
                                                    "Actual Rows": 33068,
                                                    "Actual Loops": 1
                                                }
                                            ],
                                            "Plans": [
                                                {
                                                    "Node Type": "Bitmap Index Scan",
                                                    "Parent Relationship": "Outer",
                                                    "Parallel Aware": false,
                                                    "Index Name": "keyword_id_movie_keyword",
                                                    "Startup Cost": 0.0,
                                                    "Total Cost": 3680.82,
                                                    "Plan Rows": 175519,
                                                    "Plan Width": 0,
                                                    "Actual Startup Time": 10.155,
                                                    "Actual Total Time": 10.156,
                                                    "Actual Rows": 167194,
                                                    "Actual Loops": 1,
                                                    "Index Cond": "(mk.keyword_id > 72277)"
                                                }
                                            ]
                                        },
                                        {
                                            "Node Type": "Hash",
                                            "Parent Relationship": "Inner",
                                            "Parallel Aware": true,
                                            "Startup Cost": 43899.01,
                                            "Total Cost": 43899.01,
                                            "Plan Rows": 14517,
                                            "Plan Width": 4,
                                            "Actual Startup Time": 92.654,
                                            "Actual Total Time": 92.656,
                                            "Actual Rows": 14648,
                                            "Actual Loops": 4,
                                            "Output": [
                                                "t.id"
                                            ],
                                            "Hash Buckets": 65536,
                                            "Original Hash Buckets": 65536,
                                            "Hash Batches": 1,
                                            "Original Hash Batches": 1,
                                            "Peak Memory Usage": 2848,
                                            "Workers": [
                                                {
                                                    "Worker Number": 0,
                                                    "Actual Startup Time": 89.603,
                                                    "Actual Total Time": 89.604,
                                                    "Actual Rows": 11811,
                                                    "Actual Loops": 1
                                                },
                                                {
                                                    "Worker Number": 1,
                                                    "Actual Startup Time": 90.138,
                                                    "Actual Total Time": 90.14,
                                                    "Actual Rows": 12034,
                                                    "Actual Loops": 1
                                                },
                                                {
                                                    "Worker Number": 2,
                                                    "Actual Startup Time": 90.389,
                                                    "Actual Total Time": 90.39,
                                                    "Actual Rows": 11992,
                                                    "Actual Loops": 1
                                                }
                                            ],
                                            "Plans": [
                                                {
                                                    "Node Type": "Seq Scan",
                                                    "Parent Relationship": "Outer",
                                                    "Parallel Aware": true,
                                                    "Relation Name": "title",
                                                    "Schema": "public",
                                                    "Alias": "t",
                                                    "Startup Cost": 0.0,
                                                    "Total Cost": 43899.01,
                                                    "Plan Rows": 14517,
                                                    "Plan Width": 4,
                                                    "Actual Startup Time": 0.06,
                                                    "Actual Total Time": 85.932,
                                                    "Actual Rows": 14648,
                                                    "Actual Loops": 4,
                                                    "Output": [
                                                        "t.id"
                                                    ],
                                                    "Filter": "(t.production_year = 2001)",
                                                    "Rows Removed by Filter": 617430,
                                                    "Workers": [
                                                        {
                                                            "Worker Number": 0,
                                                            "Actual Startup Time": 0.052,
                                                            "Actual Total Time": 83.206,
                                                            "Actual Rows": 11811,
                                                            "Actual Loops": 1
                                                        },
                                                        {
                                                            "Worker Number": 1,
                                                            "Actual Startup Time": 0.065,
                                                            "Actual Total Time": 83.522,
                                                            "Actual Rows": 12034,
                                                            "Actual Loops": 1
                                                        },
                                                        {
                                                            "Worker Number": 2,
                                                            "Actual Startup Time": 0.094,
                                                            "Actual Total Time": 83.867,
                                                            "Actual Rows": 11992,
                                                            "Actual Loops": 1
                                                        }
                                                    ]
                                                }
                                            ]
                                        }
                                    ]
                                }
                            ]
                        }
                    ]
                }
            ]
        },
        "Planning Time": 182.143,
        "Triggers": [],
        "Execution Time": 168.01
    }
]