[
  {
    "Plan": {
      "Node Type": "Aggregate",
      "Strategy": "Plain",
      "Partial Mode": "Simple",
      "Parallel Aware": false,
      "Startup Cost": 27563.86,
      "Total Cost": 27563.87,
      "Plan Rows": 1,
      "Plan Width": 8,
      "Actual Startup Time": 50.994,
      "Actual Total Time": 50.995,
      "Actual Rows": 1,
      "Actual Loops": 1,
      "Plans": [
        {
          "Node Type": "Bitmap Heap Scan",
          "Parent Relationship": "Outer",
          "Parallel Aware": false,
          "Relation Name": "movie_keyword",
          "Alias": "mk",
          "Startup Cost": 1821.89,
          "Total Cost": 27349.2,
          "Plan Rows": 85865,
          "Plan Width": 0,
          "Actual Startup Time": 10.948,
          "Actual Total Time": 47.226,
          "Actual Rows": 92474,
          "Actual Loops": 1,
          "Recheck Cond": "(keyword_id < 80)",
          "Rows Removed by Index Recheck": 0,
          "Exact Heap Blocks": 21153,
          "Lossy Heap Blocks": 0,
          "Plans": [
            {
              "Node Type": "Bitmap Index Scan",
              "Parent Relationship": "Outer",
              "Parallel Aware": false,
              "Index Name": "keyword_id_movie_keyword",
              "Startup Cost": 0.0,
              "Total Cost": 1800.42,
              "Plan Rows": 85865,
              "Plan Width": 0,
              "Actual Startup Time": 8.092,
              "Actual Total Time": 8.092,
              "Actual Rows": 92474,
              "Actual Loops": 1,
              "Index Cond": "(keyword_id < 80)"
            }
          ]
        }
      ]
    },
    "Planning Time": 0.146,
    "Triggers": [],
    "Execution Time": 51.142
  }
]