{
  "Plan": {
    "Node Type": "Aggregate",
    "Strategy": "Plain",
    "Partial Mode": "Simple",
    "Parallel Aware": false,
    "Startup Cost": 3513.66,
    "Total Cost": 3513.67,
    "Plan Rows": 1,
    "Plan Width": 8,
    "Actual Startup Time": 80.727,
    "Actual Total Time": 80.729,
    "Actual Rows": 1,
    "Actual Loops": 1,
    "Plans": [
      {
        "Node Type": "Nested Loop",
        "Parent Relationship": "Outer",
        "Parallel Aware": false,
        "Join Type": "Inner",
        "Startup Cost": 7.35,
        "Total Cost": 3512.65,
        "Plan Rows": 403,
        "Plan Width": 0,
        "Actual Startup Time": 1.787,
        "Actual Total Time": 80.283,
        "Actual Rows": 5726,
        "Actual Loops": 1,
        "Inner Unique": false,
        "Plans": [
          {
            "Node Type": "Nested Loop",
            "Parent Relationship": "Outer",
            "Parallel Aware": false,
            "Join Type": "Inner",
            "Startup Cost": 6.78,
            "Total Cost": 3005.96,
            "Plan Rows": 248,
            "Plan Width": 8,
            "Actual Startup Time": 1.732,
            "Actual Total Time": 9.954,
            "Actual Rows": 721,
            "Actual Loops": 1,
            "Inner Unique": true,
            "Plans": [
              {
                "Node Type": "Bitmap Heap Scan",
                "Parent Relationship": "Outer",
                "Parallel Aware": false,
                "Relation Name": "movie_keyword",
                "Alias": "mk",
                "Startup Cost": 6.35,
                "Total Cost": 922.98,
                "Plan Rows": 248,
                "Plan Width": 4,
                "Actual Startup Time": 1.697,
                "Actual Total Time": 3.37,
                "Actual Rows": 721,
                "Actual Loops": 1,
                "Recheck Cond": "(keyword_id = 8800)",
                "Rows Removed by Index Recheck": 0,
                "Exact Heap Blocks": 630,
                "Lossy Heap Blocks": 0,
                "Plans": [
                  {
                    "Node Type": "Bitmap Index Scan",
                    "Parent Relationship": "Outer",
                    "Parallel Aware": false,
                    "Index Name": "keyword_id_movie_keyword",
                    "Startup Cost": 0.0,
                    "Total Cost": 6.29,
                    "Plan Rows": 248,
                    "Plan Width": 0,
                    "Actual Startup Time": 1.462,
                    "Actual Total Time": 1.462,
                    "Actual Rows": 721,
                    "Actual Loops": 1,
                    "Index Cond": "(keyword_id = 8800)"
                  }
                ]
              },
              {
                "Node Type": "Index Only Scan",
                "Parent Relationship": "Inner",
                "Parallel Aware": false,
                "Scan Direction": "Forward",
                "Index Name": "title_pkey",
                "Relation Name": "title",
                "Alias": "t",
                "Startup Cost": 0.43,
                "Total Cost": 8.4,
                "Plan Rows": 1,
                "Plan Width": 4,
                "Actual Startup Time": 0.009,
                "Actual Total Time": 0.009,
                "Actual Rows": 1,
                "Actual Loops": 721,
                "Index Cond": "(id = mk.movie_id)",
                "Rows Removed by Index Recheck": 0,
                "Heap Fetches": 721
              }
            ]
          },
          {
            "Node Type": "Index Scan",
            "Parent Relationship": "Inner",
            "Parallel Aware": false,
            "Scan Direction": "Forward",
            "Index Name": "movie_id_cast_info",
            "Relation Name": "cast_info",
            "Alias": "ci",
            "Startup Cost": 0.56,
            "Total Cost": 2.0,
            "Plan Rows": 4,
            "Plan Width": 4,
            "Actual Startup Time": 0.016,
            "Actual Total Time": 0.096,
            "Actual Rows": 8,
            "Actual Loops": 721,
            "Index Cond": "(movie_id = t.id)",
            "Rows Removed by Index Recheck": 0,
            "Filter": "((person_id < 620974) AND (role_id < 4))",
            "Rows Removed by Filter": 38
          }
        ]
      }
    ]
  },
  "Planning Time": 1.131,
  "Triggers": [],
  "Execution Time": 80.816
}