[
  {
    "Plan": {
      "Node Type": "Aggregate",
      "Strategy": "Plain",
      "Partial Mode": "Finalize",
      "Parallel Aware": false,
      "Startup Cost": 30739.87,
      "Total Cost": 30739.88,
      "Plan Rows": 1,
      "Plan Width": 8,
      "Actual Startup Time": 93.62,
      "Actual Total Time": 99.41,
      "Actual Rows": 1,
      "Actual Loops": 1,
      "Plans": [
        {
          "Node Type": "Gather",
          "Parent Relationship": "Outer",
          "Parallel Aware": false,
          "Startup Cost": 30739.56,
          "Total Cost": 30739.87,
          "Plan Rows": 3,
          "Plan Width": 8,
          "Actual Startup Time": 93.516,
          "Actual Total Time": 99.403,
          "Actual Rows": 4,
          "Actual Loops": 1,
          "Workers Planned": 3,
          "Workers Launched": 3,
          "Single Copy": false,
          "Plans": [
            {
              "Node Type": "Aggregate",
              "Strategy": "Plain",
              "Partial Mode": "Partial",
              "Parent Relationship": "Outer",
              "Parallel Aware": false,
              "Startup Cost": 29739.56,
              "Total Cost": 29739.57,
              "Plan Rows": 1,
              "Plan Width": 8,
              "Actual Startup Time": 85.033,
              "Actual Total Time": 85.034,
              "Actual Rows": 1,
              "Actual Loops": 4,
              "Plans": [
                {
                  "Node Type": "Seq Scan",
                  "Parent Relationship": "Outer",
                  "Parallel Aware": true,
                  "Relation Name": "movie_companies",
                  "Alias": "mc",
                  "Startup Cost": 0.0,
                  "Total Cost": 29310.68,
                  "Plan Rows": 171550,
                  "Plan Width": 0,
                  "Actual Startup Time": 46.549,
                  "Actual Total Time": 78.706,
                  "Actual Rows": 132424,
                  "Actual Loops": 4,
                  "Filter": "(company_id > 72745)",
                  "Rows Removed by Filter": 519858
                }
              ]
            }
          ]
        }
      ]
    },
    "Planning Time": 0.124,
    "Triggers": [],
    "Execution Time": 99.459
  }
]