[
  {
    "Plan": {
      "Node Type": "Aggregate",
      "Strategy": "Plain",
      "Partial Mode": "Finalize",
      "Parallel Aware": false,
      "Startup Cost": 288744.52,
      "Total Cost": 288744.53,
      "Plan Rows": 1,
      "Plan Width": 8,
      "Actual Startup Time": 1878.377,
      "Actual Total Time": 1928.651,
      "Actual Rows": 1,
      "Actual Loops": 1,
      "Plans": [
        {
          "Node Type": "Gather",
          "Parent Relationship": "Outer",
          "Parallel Aware": false,
          "Startup Cost": 288744.0,
          "Total Cost": 288744.51,
          "Plan Rows": 5,
          "Plan Width": 8,
          "Actual Startup Time": 1862.357,
          "Actual Total Time": 1928.64,
          "Actual Rows": 6,
          "Actual Loops": 1,
          "Workers Planned": 5,
          "Workers Launched": 5,
          "Single Copy": false,
          "Plans": [
            {
              "Node Type": "Aggregate",
              "Strategy": "Plain",
              "Partial Mode": "Partial",
              "Parent Relationship": "Outer",
              "Parallel Aware": false,
              "Startup Cost": 287744.0,
              "Total Cost": 287744.01,
              "Plan Rows": 1,
              "Plan Width": 8,
              "Actual Startup Time": 1851.649,
              "Actual Total Time": 1851.744,
              "Actual Rows": 1,
              "Actual Loops": 6,
              "Plans": [
                {
                  "Node Type": "Hash Join",
                  "Parent Relationship": "Outer",
                  "Parallel Aware": true,
                  "Join Type": "Inner",
                  "Startup Cost": 80426.75,
                  "Total Cost": 285705.35,
                  "Plan Rows": 815461,
                  "Plan Width": 0,
                  "Actual Startup Time": 398.358,
                  "Actual Total Time": 1648.435,
                  "Actual Rows": 4251939,
                  "Actual Loops": 6,
                  "Inner Unique": false,
                  "Hash Cond": "(mi.movie_id = t.id)",
                  "Plans": [
                    {
                      "Node Type": "Seq Scan",
                      "Parent Relationship": "Outer",
                      "Parallel Aware": true,
                      "Relation Name": "movie_info",
                      "Alias": "mi",
                      "Startup Cost": 0.0,
                      "Total Cost": 191560.33,
                      "Plan Rows": 2956733,
                      "Plan Width": 4,
                      "Actual Startup Time": 0.017,
                      "Actual Total Time": 334.568,
                      "Actual Rows": 2472620,
                      "Actual Loops": 6
                    },
                    {
                      "Node Type": "Hash",
                      "Parent Relationship": "Inner",
                      "Parallel Aware": true,
                      "Startup Cost": 77615.06,
                      "Total Cost": 77615.06,
                      "Plan Rows": 224935,
                      "Plan Width": 8,
                      "Actual Startup Time": 393.394,
                      "Actual Total Time": 393.487,
                      "Actual Rows": 167120,
                      "Actual Loops": 6,
                      "Hash Buckets": 1048576,
                      "Original Hash Buckets": 1048576,
                      "Hash Batches": 1,
                      "Original Hash Batches": 1,
                      "Peak Memory Usage": 47488,
                      "Plans": [
                        {
                          "Node Type": "Hash Join",
                          "Parent Relationship": "Outer",
                          "Parallel Aware": true,
                          "Join Type": "Inner",
                          "Startup Cost": 46533.97,
                          "Total Cost": 77615.06,
                          "Plan Rows": 224935,
                          "Plan Width": 8,
                          "Actual Startup Time": 159.339,
                          "Actual Total Time": 323.646,
                          "Actual Rows": 167120,
                          "Actual Loops": 6,
                          "Inner Unique": true,
                          "Hash Cond": "(mc.movie_id = t.id)",
                          "Plans": [
                            {
                              "Node Type": "Seq Scan",
                              "Parent Relationship": "Outer",
                              "Parallel Aware": true,
                              "Relation Name": "movie_companies",
                              "Alias": "mc",
                              "Startup Cost": 0.0,
                              "Total Cost": 29310.68,
                              "Plan Rows": 674443,
                              "Plan Width": 4,
                              "Actual Startup Time": 0.031,
                              "Actual Total Time": 64.413,
                              "Actual Rows": 346689,
                              "Actual Loops": 6,
                              "Filter": "(company_id < 72806)",
                              "Rows Removed by Filter": 88166
                            },
                            {
                              "Node Type": "Hash",
                              "Parent Relationship": "Inner",
                              "Parallel Aware": true,
                              "Startup Cost": 43898.92,
                              "Total Cost": 43898.92,
                              "Plan Rows": 210804,
                              "Plan Width": 4,
                              "Actual Startup Time": 157.345,
                              "Actual Total Time": 157.346,
                              "Actual Rows": 141524,
                              "Actual Loops": 6,
                              "Hash Buckets": 1048576,
                              "Original Hash Buckets": 1048576,
                              "Hash Batches": 1,
                              "Original Hash Batches": 1,
                              "Peak Memory Usage": 41504,
                              "Plans": [
                                {
                                  "Node Type": "Seq Scan",
                                  "Parent Relationship": "Outer",
                                  "Parallel Aware": true,
                                  "Relation Name": "title",
                                  "Alias": "t",
                                  "Startup Cost": 0.0,
                                  "Total Cost": 43898.92,
                                  "Plan Rows": 210804,
                                  "Plan Width": 4,
                                  "Actual Startup Time": 0.046,
                                  "Actual Total Time": 91.172,
                                  "Actual Rows": 141524,
                                  "Actual Loops": 6,
                                  "Filter": "(production_year < 1996)",
                                  "Rows Removed by Filter": 279862
                                }
                              ]
                            }
                          ]
                        }
                      ]
                    }
                  ]
                }
              ]
            }
          ]
        }
      ]
    },
    "Planning Time": 1.481,
    "Triggers": [],
    "Execution Time": 1928.749
  }
]