[
    {
        "Bao": {
            "Bao prediction": "NaN",
            "Bao recommended hint": "(no hint)"
        }
    },
    {
        "Plan": {
            "Node Type": "Aggregate",
            "Strategy": "Plain",
            "Partial Mode": "Finalize",
            "Parallel Aware": false,
            "Startup Cost": 259321.9,
            "Total Cost": 259321.91,
            "Plan Rows": 1,
            "Plan Width": 8,
            "Actual Startup Time": 3597.169,
            "Actual Total Time": 3652.929,
            "Actual Rows": 1,
            "Actual Loops": 1,
            "Output": [
                "count(*)"
            ],
            "Plans": [
                {
                    "Node Type": "Gather",
                    "Parent Relationship": "Outer",
                    "Parallel Aware": false,
                    "Startup Cost": 259321.58,
                    "Total Cost": 259321.89,
                    "Plan Rows": 3,
                    "Plan Width": 8,
                    "Actual Startup Time": 3594.979,
                    "Actual Total Time": 3652.919,
                    "Actual Rows": 4,
                    "Actual Loops": 1,
                    "Output": [
                        "(PARTIAL count(*))"
                    ],
                    "Workers Planned": 3,
                    "Workers Launched": 3,
                    "Single Copy": false,
                    "Plans": [
                        {
                            "Node Type": "Aggregate",
                            "Strategy": "Plain",
                            "Partial Mode": "Partial",
                            "Parent Relationship": "Outer",
                            "Parallel Aware": false,
                            "Startup Cost": 258321.58,
                            "Total Cost": 258321.59,
                            "Plan Rows": 1,
                            "Plan Width": 8,
                            "Actual Startup Time": 3586.587,
                            "Actual Total Time": 3586.591,
                            "Actual Rows": 1,
                            "Actual Loops": 4,
                            "Output": [
                                "PARTIAL count(*)"
                            ],
                            "Workers": [
                                {
                                    "Worker Number": 0,
                                    "Actual Startup Time": 3584.548,
                                    "Actual Total Time": 3584.552,
                                    "Actual Rows": 1,
                                    "Actual Loops": 1
                                },
                                {
                                    "Worker Number": 1,
                                    "Actual Startup Time": 3583.362,
                                    "Actual Total Time": 3583.366,
                                    "Actual Rows": 1,
                                    "Actual Loops": 1
                                },
                                {
                                    "Worker Number": 2,
                                    "Actual Startup Time": 3583.732,
                                    "Actual Total Time": 3583.735,
                                    "Actual Rows": 1,
                                    "Actual Loops": 1
                                }
                            ],
                            "Plans": [
                                {
                                    "Node Type": "Nested Loop",
                                    "Parent Relationship": "Outer",
                                    "Parallel Aware": false,
                                    "Join Type": "Inner",
                                    "Startup Cost": 60345.86,
                                    "Total Cost": 256862.62,
                                    "Plan Rows": 583585,
                                    "Plan Width": 0,
                                    "Actual Startup Time": 200.414,
                                    "Actual Total Time": 3361.388,
                                    "Actual Rows": 4186820,
                                    "Actual Loops": 4,
                                    "Inner Unique": false,
                                    "Join Filter": "(t.id = ci.movie_id)",
                                    "Rows Removed by Join Filter": 0,
                                    "Workers": [
                                        {
                                            "Worker Number": 0,
                                            "Actual Startup Time": 197.441,
                                            "Actual Total Time": 3341.129,
                                            "Actual Rows": 3390226,
                                            "Actual Loops": 1
                                        },
                                        {
                                            "Worker Number": 1,
                                            "Actual Startup Time": 197.582,
                                            "Actual Total Time": 3366.656,
                                            "Actual Rows": 4804884,
                                            "Actual Loops": 1
                                        },
                                        {
                                            "Worker Number": 2,
                                            "Actual Startup Time": 197.791,
                                            "Actual Total Time": 3343.603,
                                            "Actual Rows": 3600688,
                                            "Actual Loops": 1
                                        }
                                    ],
                                    "Plans": [
                                        {
                                            "Node Type": "Hash Join",
                                            "Parent Relationship": "Outer",
                                            "Parallel Aware": true,
                                            "Join Type": "Inner",
                                            "Startup Cost": 60345.3,
                                            "Total Cost": 87851.42,
                                            "Plan Rows": 40700,
                                            "Plan Width": 8,
                                            "Actual Startup Time": 200.314,
                                            "Actual Total Time": 297.792,
                                            "Actual Rows": 82469,
                                            "Actual Loops": 4,
                                            "Output": [
                                                "t.id",
                                                "mk.movie_id"
                                            ],
                                            "Inner Unique": true,
                                            "Hash Cond": "(mk.movie_id = t.id)",
                                            "Workers": [
                                                {
                                                    "Worker Number": 0,
                                                    "Actual Startup Time": 197.319,
                                                    "Actual Total Time": 295.68,
                                                    "Actual Rows": 66281,
                                                    "Actual Loops": 1
                                                },
                                                {
                                                    "Worker Number": 1,
                                                    "Actual Startup Time": 197.456,
                                                    "Actual Total Time": 301.716,
                                                    "Actual Rows": 95310,
                                                    "Actual Loops": 1
                                                },
                                                {
                                                    "Worker Number": 2,
                                                    "Actual Startup Time": 197.668,
                                                    "Actual Total Time": 295.68,
                                                    "Actual Rows": 70479,
                                                    "Actual Loops": 1
                                                }
                                            ],
                                            "Plans": [
                                                {
                                                    "Node Type": "Bitmap Heap Scan",
                                                    "Parent Relationship": "Outer",
                                                    "Parallel Aware": true,
                                                    "Relation Name": "movie_keyword",
                                                    "Schema": "public",
                                                    "Alias": "mk",
                                                    "Startup Cost": 13272.51,
                                                    "Total Cost": 40248.93,
                                                    "Plan Rows": 201793,
                                                    "Plan Width": 4,
                                                    "Actual Startup Time": 33.358,
                                                    "Actual Total Time": 90.641,
                                                    "Actual Rows": 156020,
                                                    "Actual Loops": 4,
                                                    "Output": [
                                                        "mk.id",
                                                        "mk.movie_id",
                                                        "mk.keyword_id"
                                                    ],
                                                    "Recheck Cond": "(mk.keyword_id < 482)",
                                                    "Rows Removed by Index Recheck": 0,
                                                    "Exact Heap Blocks": 7836,
                                                    "Lossy Heap Blocks": 0,
                                                    "Workers": [
                                                        {
                                                            "Worker Number": 0,
                                                            "Actual Startup Time": 33.424,
                                                            "Actual Total Time": 92.613,
                                                            "Actual Rows": 122872,
                                                            "Actual Loops": 1
                                                        },
                                                        {
                                                            "Worker Number": 1,
                                                            "Actual Startup Time": 33.318,
                                                            "Actual Total Time": 93.527,
                                                            "Actual Rows": 171304,
                                                            "Actual Loops": 1
                                                        },
                                                        {
                                                            "Worker Number": 2,
                                                            "Actual Startup Time": 33.456,
                                                            "Actual Total Time": 92.966,
                                                            "Actual Rows": 129350,
                                                            "Actual Loops": 1
                                                        }
                                                    ],
                                                    "Plans": [
                                                        {
                                                            "Node Type": "Bitmap Index Scan",
                                                            "Parent Relationship": "Outer",
                                                            "Parallel Aware": false,
                                                            "Index Name": "keyword_id_movie_keyword",
                                                            "Startup Cost": 0.0,
                                                            "Total Cost": 13116.13,
                                                            "Plan Rows": 625559,
                                                            "Plan Width": 0,
                                                            "Actual Startup Time": 29.711,
                                                            "Actual Total Time": 29.712,
                                                            "Actual Rows": 624081,
                                                            "Actual Loops": 1,
                                                            "Index Cond": "(mk.keyword_id < 482)"
                                                        }
                                                    ]
                                                },
                                                {
                                                    "Node Type": "Hash",
                                                    "Parent Relationship": "Inner",
                                                    "Parallel Aware": true,
                                                    "Startup Cost": 45479.21,
                                                    "Total Cost": 45479.21,
                                                    "Plan Rows": 127486,
                                                    "Plan Width": 4,
                                                    "Actual Startup Time": 140.639,
                                                    "Actual Total Time": 140.64,
                                                    "Actual Rows": 131032,
                                                    "Actual Loops": 4,
                                                    "Output": [
                                                        "t.id"
                                                    ],
                                                    "Hash Buckets": 524288,
                                                    "Original Hash Buckets": 524288,
                                                    "Hash Batches": 1,
                                                    "Original Hash Batches": 1,
                                                    "Peak Memory Usage": 24672,
                                                    "Workers": [
                                                        {
                                                            "Worker Number": 0,
                                                            "Actual Startup Time": 138.758,
                                                            "Actual Total Time": 138.759,
                                                            "Actual Rows": 106481,
                                                            "Actual Loops": 1
                                                        },
                                                        {
                                                            "Worker Number": 1,
                                                            "Actual Startup Time": 138.934,
                                                            "Actual Total Time": 138.935,
                                                            "Actual Rows": 154144,
                                                            "Actual Loops": 1
                                                        },
                                                        {
                                                            "Worker Number": 2,
                                                            "Actual Startup Time": 139.084,
                                                            "Actual Total Time": 139.084,
                                                            "Actual Rows": 105824,
                                                            "Actual Loops": 1
                                                        }
                                                    ],
                                                    "Plans": [
                                                        {
                                                            "Node Type": "Seq Scan",
                                                            "Parent Relationship": "Outer",
                                                            "Parallel Aware": true,
                                                            "Relation Name": "title",
                                                            "Schema": "public",
                                                            "Alias": "t",
                                                            "Startup Cost": 0.0,
                                                            "Total Cost": 45479.21,
                                                            "Plan Rows": 127486,
                                                            "Plan Width": 4,
                                                            "Actual Startup Time": 53.931,
                                                            "Actual Total Time": 99.365,
                                                            "Actual Rows": 131032,
                                                            "Actual Loops": 4,
                                                            "Output": [
                                                                "t.id"
                                                            ],
                                                            "Filter": "((t.production_year < 2010) AND (t.kind_id = 1))",
                                                            "Rows Removed by Filter": 501046,
                                                            "Workers": [
                                                                {
                                                                    "Worker Number": 0,
                                                                    "Actual Startup Time": 51.979,
                                                                    "Actual Total Time": 100.12,
                                                                    "Actual Rows": 106481,
                                                                    "Actual Loops": 1
                                                                },
                                                                {
                                                                    "Worker Number": 1,
                                                                    "Actual Startup Time": 52.211,
                                                                    "Actual Total Time": 97.709,
                                                                    "Actual Rows": 154144,
                                                                    "Actual Loops": 1
                                                                },
                                                                {
                                                                    "Worker Number": 2,
                                                                    "Actual Startup Time": 52.277,
                                                                    "Actual Total Time": 100.239,
                                                                    "Actual Rows": 105824,
                                                                    "Actual Loops": 1
                                                                }
                                                            ]
                                                        }
                                                    ]
                                                }
                                            ]
                                        },
                                        {
                                            "Node Type": "Index Only Scan",
                                            "Parent Relationship": "Inner",
                                            "Parallel Aware": false,
                                            "Scan Direction": "Forward",
                                            "Index Name": "movie_id_cast_info",
                                            "Relation Name": "cast_info",
                                            "Schema": "public",
                                            "Alias": "ci",
                                            "Startup Cost": 0.56,
                                            "Total Cost": 3.68,
                                            "Plan Rows": 38,
                                            "Plan Width": 4,
                                            "Actual Startup Time": 0.005,
                                            "Actual Total Time": 0.032,
                                            "Actual Rows": 51,
                                            "Actual Loops": 329877,
                                            "Output": [
                                                "ci.movie_id"
                                            ],
                                            "Index Cond": "(ci.movie_id = mk.movie_id)",
                                            "Rows Removed by Index Recheck": 0,
                                            "Heap Fetches": 16747279,
                                            "Workers": [
                                                {
                                                    "Worker Number": 0,
                                                    "Actual Startup Time": 0.007,
                                                    "Actual Total Time": 0.039,
                                                    "Actual Rows": 51,
                                                    "Actual Loops": 66281
                                                },
                                                {
                                                    "Worker Number": 1,
                                                    "Actual Startup Time": 0.005,
                                                    "Actual Total Time": 0.028,
                                                    "Actual Rows": 50,
                                                    "Actual Loops": 95310
                                                },
                                                {
                                                    "Worker Number": 2,
                                                    "Actual Startup Time": 0.006,
                                                    "Actual Total Time": 0.037,
                                                    "Actual Rows": 51,
                                                    "Actual Loops": 70479
                                                }
                                            ]
                                        }
                                    ]
                                }
                            ]
                        }
                    ]
                }
            ]
        },
        "Planning Time": 186.597,
        "Triggers": [],
        "Execution Time": 3653.006
    }
]