[
  {
    "Plan": {
      "Node Type": "Aggregate",
      "Strategy": "Plain",
      "Partial Mode": "Finalize",
      "Parallel Aware": false,
      "Startup Cost": 38147.5,
      "Total Cost": 38147.51,
      "Plan Rows": 1,
      "Plan Width": 8,
      "Actual Startup Time": 111.861,
      "Actual Total Time": 120.584,
      "Actual Rows": 1,
      "Actual Loops": 1,
      "Plans": [
        {
          "Node Type": "Gather",
          "Parent Relationship": "Outer",
          "Parallel Aware": false,
          "Startup Cost": 38147.19,
          "Total Cost": 38147.5,
          "Plan Rows": 3,
          "Plan Width": 8,
          "Actual Startup Time": 111.558,
          "Actual Total Time": 120.576,
          "Actual Rows": 4,
          "Actual Loops": 1,
          "Workers Planned": 3,
          "Workers Launched": 3,
          "Single Copy": false,
          "Plans": [
            {
              "Node Type": "Aggregate",
              "Strategy": "Plain",
              "Partial Mode": "Partial",
              "Parent Relationship": "Outer",
              "Parallel Aware": false,
              "Startup Cost": 37147.19,
              "Total Cost": 37147.2,
              "Plan Rows": 1,
              "Plan Width": 8,
              "Actual Startup Time": 105.707,
              "Actual Total Time": 105.708,
              "Actual Rows": 1,
              "Actual Loops": 4,
              "Plans": [
                {
                  "Node Type": "Bitmap Heap Scan",
                  "Parent Relationship": "Outer",
                  "Parallel Aware": true,
                  "Relation Name": "movie_keyword",
                  "Alias": "mk",
                  "Startup Cost": 10335.95,
                  "Total Cost": 36754.31,
                  "Plan Rows": 157149,
                  "Plan Width": 0,
                  "Actual Startup Time": 29.143,
                  "Actual Total Time": 98.96,
                  "Actual Rows": 121159,
                  "Actual Loops": 4,
                  "Recheck Cond": "(keyword_id > 37006)",
                  "Rows Removed by Index Recheck": 0,
                  "Exact Heap Blocks": 9807,
                  "Lossy Heap Blocks": 0,
                  "Plans": [
                    {
                      "Node Type": "Bitmap Index Scan",
                      "Parent Relationship": "Outer",
                      "Parallel Aware": false,
                      "Index Name": "keyword_id_movie_keyword",
                      "Startup Cost": 0.0,
                      "Total Cost": 10214.16,
                      "Plan Rows": 487163,
                      "Plan Width": 0,
                      "Actual Startup Time": 31.205,
                      "Actual Total Time": 31.205,
                      "Actual Rows": 484636,
                      "Actual Loops": 1,
                      "Index Cond": "(keyword_id > 37006)"
                    }
                  ]
                }
              ]
            }
          ]
        }
      ]
    },
    "Planning Time": 0.052,
    "Triggers": [],
    "Execution Time": 120.615
  }
]