[
  {
    "Plan": {
      "Node Type": "Aggregate",
      "Strategy": "Plain",
      "Partial Mode": "Finalize",
      "Parallel Aware": false,
      "Startup Cost": 38419.8,
      "Total Cost": 38419.81,
      "Plan Rows": 1,
      "Plan Width": 8,
      "Actual Startup Time": 129.467,
      "Actual Total Time": 137.823,
      "Actual Rows": 1,
      "Actual Loops": 1,
      "Plans": [
        {
          "Node Type": "Gather",
          "Parent Relationship": "Outer",
          "Parallel Aware": false,
          "Startup Cost": 38419.48,
          "Total Cost": 38419.79,
          "Plan Rows": 3,
          "Plan Width": 8,
          "Actual Startup Time": 129.167,
          "Actual Total Time": 137.814,
          "Actual Rows": 4,
          "Actual Loops": 1,
          "Workers Planned": 3,
          "Workers Launched": 3,
          "Single Copy": false,
          "Plans": [
            {
              "Node Type": "Aggregate",
              "Strategy": "Plain",
              "Partial Mode": "Partial",
              "Parent Relationship": "Outer",
              "Parallel Aware": false,
              "Startup Cost": 37419.48,
              "Total Cost": 37419.49,
              "Plan Rows": 1,
              "Plan Width": 8,
              "Actual Startup Time": 120.343,
              "Actual Total Time": 120.344,
              "Actual Rows": 1,
              "Actual Loops": 4,
              "Plans": [
                {
                  "Node Type": "Bitmap Heap Scan",
                  "Parent Relationship": "Outer",
                  "Parallel Aware": true,
                  "Relation Name": "movie_keyword",
                  "Alias": "mk",
                  "Startup Cost": 10557.39,
                  "Total Cost": 37018.13,
                  "Plan Rows": 160539,
                  "Plan Width": 0,
                  "Actual Startup Time": 45.094,
                  "Actual Total Time": 113.637,
                  "Actual Rows": 121159,
                  "Actual Loops": 4,
                  "Recheck Cond": "(keyword_id > 37006)",
                  "Rows Removed by Index Recheck": 0,
                  "Exact Heap Blocks": 10161,
                  "Lossy Heap Blocks": 0,
                  "Plans": [
                    {
                      "Node Type": "Bitmap Index Scan",
                      "Parent Relationship": "Outer",
                      "Parallel Aware": false,
                      "Index Name": "keyword_id_movie_keyword",
                      "Startup Cost": 0.0,
                      "Total Cost": 10432.97,
                      "Plan Rows": 497672,
                      "Plan Width": 0,
                      "Actual Startup Time": 49.758,
                      "Actual Total Time": 49.759,
                      "Actual Rows": 484636,
                      "Actual Loops": 1,
                      "Index Cond": "(keyword_id > 37006)"
                    }
                  ]
                }
              ]
            }
          ]
        }
      ]
    },
    "Planning Time": 0.164,
    "Triggers": [],
    "Execution Time": 137.895
  }
]