[
    {
        "Bao": {
            "Bao prediction": "NaN",
            "Bao recommended hint": "(no hint)"
        }
    },
    {
        "Plan": {
            "Node Type": "Aggregate",
            "Strategy": "Plain",
            "Partial Mode": "Finalize",
            "Parallel Aware": false,
            "Startup Cost": 24917.78,
            "Total Cost": 24917.79,
            "Plan Rows": 1,
            "Plan Width": 8,
            "Actual Startup Time": 21.563,
            "Actual Total Time": 24.94,
            "Actual Rows": 1,
            "Actual Loops": 1,
            "Output": [
                "count(*)"
            ],
            "Plans": [
                {
                    "Node Type": "Gather",
                    "Parent Relationship": "Outer",
                    "Parallel Aware": false,
                    "Startup Cost": 24917.57,
                    "Total Cost": 24917.78,
                    "Plan Rows": 2,
                    "Plan Width": 8,
                    "Actual Startup Time": 21.3,
                    "Actual Total Time": 24.933,
                    "Actual Rows": 3,
                    "Actual Loops": 1,
                    "Output": [
                        "(PARTIAL count(*))"
                    ],
                    "Workers Planned": 2,
                    "Workers Launched": 2,
                    "Single Copy": false,
                    "Plans": [
                        {
                            "Node Type": "Aggregate",
                            "Strategy": "Plain",
                            "Partial Mode": "Partial",
                            "Parent Relationship": "Outer",
                            "Parallel Aware": false,
                            "Startup Cost": 23917.57,
                            "Total Cost": 23917.58,
                            "Plan Rows": 1,
                            "Plan Width": 8,
                            "Actual Startup Time": 13.588,
                            "Actual Total Time": 13.591,
                            "Actual Rows": 1,
                            "Actual Loops": 3,
                            "Output": [
                                "PARTIAL count(*)"
                            ],
                            "Workers": [
                                {
                                    "Worker Number": 0,
                                    "Actual Startup Time": 9.76,
                                    "Actual Total Time": 9.763,
                                    "Actual Rows": 1,
                                    "Actual Loops": 1
                                },
                                {
                                    "Worker Number": 1,
                                    "Actual Startup Time": 9.947,
                                    "Actual Total Time": 9.95,
                                    "Actual Rows": 1,
                                    "Actual Loops": 1
                                }
                            ],
                            "Plans": [
                                {
                                    "Node Type": "Nested Loop",
                                    "Parent Relationship": "Outer",
                                    "Parallel Aware": false,
                                    "Join Type": "Inner",
                                    "Startup Cost": 86.28,
                                    "Total Cost": 23910.6,
                                    "Plan Rows": 2788,
                                    "Plan Width": 0,
                                    "Actual Startup Time": 2.477,
                                    "Actual Total Time": 13.56,
                                    "Actual Rows": 318,
                                    "Actual Loops": 3,
                                    "Inner Unique": false,
                                    "Workers": [
                                        {
                                            "Worker Number": 0,
                                            "Actual Startup Time": 3.161,
                                            "Actual Total Time": 9.749,
                                            "Actual Rows": 17,
                                            "Actual Loops": 1
                                        },
                                        {
                                            "Worker Number": 1,
                                            "Actual Startup Time": 3.308,
                                            "Actual Total Time": 9.937,
                                            "Actual Rows": 9,
                                            "Actual Loops": 1
                                        }
                                    ],
                                    "Plans": [
                                        {
                                            "Node Type": "Nested Loop",
                                            "Parent Relationship": "Outer",
                                            "Parallel Aware": false,
                                            "Join Type": "Inner",
                                            "Startup Cost": 85.85,
                                            "Total Cost": 21153.37,
                                            "Plan Rows": 1558,
                                            "Plan Width": 8,
                                            "Actual Startup Time": 0.577,
                                            "Actual Total Time": 8.765,
                                            "Actual Rows": 1265,
                                            "Actual Loops": 3,
                                            "Output": [
                                                "t.id",
                                                "mc.movie_id"
                                            ],
                                            "Inner Unique": true,
                                            "Workers": [
                                                {
                                                    "Worker Number": 0,
                                                    "Actual Startup Time": 0.421,
                                                    "Actual Total Time": 6.295,
                                                    "Actual Rows": 106,
                                                    "Actual Loops": 1
                                                },
                                                {
                                                    "Worker Number": 1,
                                                    "Actual Startup Time": 0.431,
                                                    "Actual Total Time": 6.443,
                                                    "Actual Rows": 107,
                                                    "Actual Loops": 1
                                                }
                                            ],
                                            "Plans": [
                                                {
                                                    "Node Type": "Bitmap Heap Scan",
                                                    "Parent Relationship": "Outer",
                                                    "Parallel Aware": true,
                                                    "Relation Name": "movie_companies",
                                                    "Schema": "public",
                                                    "Alias": "mc",
                                                    "Startup Cost": 85.42,
                                                    "Total Cost": 9370.2,
                                                    "Plan Rows": 1558,
                                                    "Plan Width": 4,
                                                    "Actual Startup Time": 0.388,
                                                    "Actual Total Time": 2.283,
                                                    "Actual Rows": 1265,
                                                    "Actual Loops": 3,
                                                    "Output": [
                                                        "mc.id",
                                                        "mc.movie_id",
                                                        "mc.company_id",
                                                        "mc.company_type_id",
                                                        "mc.note"
                                                    ],
                                                    "Recheck Cond": "(mc.company_id = 11244)",
                                                    "Rows Removed by Index Recheck": 0,
                                                    "Exact Heap Blocks": 1501,
                                                    "Lossy Heap Blocks": 0,
                                                    "Workers": [
                                                        {
                                                            "Worker Number": 0,
                                                            "Actual Startup Time": 0.145,
                                                            "Actual Total Time": 1.497,
                                                            "Actual Rows": 106,
                                                            "Actual Loops": 1
                                                        },
                                                        {
                                                            "Worker Number": 1,
                                                            "Actual Startup Time": 0.175,
                                                            "Actual Total Time": 1.49,
                                                            "Actual Rows": 107,
                                                            "Actual Loops": 1
                                                        }
                                                    ],
                                                    "Plans": [
                                                        {
                                                            "Node Type": "Bitmap Index Scan",
                                                            "Parent Relationship": "Outer",
                                                            "Parallel Aware": false,
                                                            "Index Name": "company_id_movie_companies",
                                                            "Startup Cost": 0.0,
                                                            "Total Cost": 84.48,
                                                            "Plan Rows": 3740,
                                                            "Plan Width": 0,
                                                            "Actual Startup Time": 0.663,
                                                            "Actual Total Time": 0.664,
                                                            "Actual Rows": 3796,
                                                            "Actual Loops": 1,
                                                            "Index Cond": "(mc.company_id = 11244)"
                                                        }
                                                    ]
                                                },
                                                {
                                                    "Node Type": "Index Only Scan",
                                                    "Parent Relationship": "Inner",
                                                    "Parallel Aware": false,
                                                    "Scan Direction": "Forward",
                                                    "Index Name": "title_pkey",
                                                    "Relation Name": "title",
                                                    "Schema": "public",
                                                    "Alias": "t",
                                                    "Startup Cost": 0.43,
                                                    "Total Cost": 7.56,
                                                    "Plan Rows": 1,
                                                    "Plan Width": 4,
                                                    "Actual Startup Time": 0.005,
                                                    "Actual Total Time": 0.005,
                                                    "Actual Rows": 1,
                                                    "Actual Loops": 3796,
                                                    "Output": [
                                                        "t.id"
                                                    ],
                                                    "Index Cond": "(t.id = mc.movie_id)",
                                                    "Rows Removed by Index Recheck": 0,
                                                    "Heap Fetches": 3796,
                                                    "Workers": [
                                                        {
                                                            "Worker Number": 0,
                                                            "Actual Startup Time": 0.043,
                                                            "Actual Total Time": 0.043,
                                                            "Actual Rows": 1,
                                                            "Actual Loops": 106
                                                        },
                                                        {
                                                            "Worker Number": 1,
                                                            "Actual Startup Time": 0.044,
                                                            "Actual Total Time": 0.044,
                                                            "Actual Rows": 1,
                                                            "Actual Loops": 107
                                                        }
                                                    ]
                                                }
                                            ]
                                        },
                                        {
                                            "Node Type": "Index Only Scan",
                                            "Parent Relationship": "Inner",
                                            "Parallel Aware": false,
                                            "Scan Direction": "Forward",
                                            "Index Name": "movie_id_movie_keyword",
                                            "Relation Name": "movie_keyword",
                                            "Schema": "public",
                                            "Alias": "mk",
                                            "Startup Cost": 0.43,
                                            "Total Cost": 1.31,
                                            "Plan Rows": 46,
                                            "Plan Width": 4,
                                            "Actual Startup Time": 0.003,
                                            "Actual Total Time": 0.004,
                                            "Actual Rows": 0,
                                            "Actual Loops": 3796,
                                            "Output": [
                                                "mk.movie_id"
                                            ],
                                            "Index Cond": "(mk.movie_id = t.id)",
                                            "Rows Removed by Index Recheck": 0,
                                            "Heap Fetches": 953,
                                            "Workers": [
                                                {
                                                    "Worker Number": 0,
                                                    "Actual Startup Time": 0.031,
                                                    "Actual Total Time": 0.031,
                                                    "Actual Rows": 0,
                                                    "Actual Loops": 106
                                                },
                                                {
                                                    "Worker Number": 1,
                                                    "Actual Startup Time": 0.031,
                                                    "Actual Total Time": 0.031,
                                                    "Actual Rows": 0,
                                                    "Actual Loops": 107
                                                }
                                            ]
                                        }
                                    ]
                                }
                            ]
                        }
                    ]
                }
            ]
        },
        "Planning Time": 193.479,
        "Triggers": [],
        "Execution Time": 25.0
    }
]