[
  {
    "Plan": {
      "Node Type": "Aggregate",
      "Strategy": "Plain",
      "Partial Mode": "Finalize",
      "Parallel Aware": false,
      "Startup Cost": 32829.14,
      "Total Cost": 32829.15,
      "Plan Rows": 1,
      "Plan Width": 8,
      "Actual Startup Time": 87.863,
      "Actual Total Time": 95.613,
      "Actual Rows": 1,
      "Actual Loops": 1,
      "Plans": [
        {
          "Node Type": "Gather",
          "Parent Relationship": "Outer",
          "Parallel Aware": false,
          "Startup Cost": 32828.82,
          "Total Cost": 32829.13,
          "Plan Rows": 3,
          "Plan Width": 8,
          "Actual Startup Time": 87.752,
          "Actual Total Time": 95.605,
          "Actual Rows": 4,
          "Actual Loops": 1,
          "Workers Planned": 3,
          "Workers Launched": 3,
          "Single Copy": false,
          "Plans": [
            {
              "Node Type": "Aggregate",
              "Strategy": "Plain",
              "Partial Mode": "Partial",
              "Parent Relationship": "Outer",
              "Parallel Aware": false,
              "Startup Cost": 31828.82,
              "Total Cost": 31828.83,
              "Plan Rows": 1,
              "Plan Width": 8,
              "Actual Startup Time": 78.989,
              "Actual Total Time": 78.99,
              "Actual Rows": 1,
              "Actual Loops": 4,
              "Plans": [
                {
                  "Node Type": "Seq Scan",
                  "Parent Relationship": "Outer",
                  "Parallel Aware": true,
                  "Relation Name": "movie_companies",
                  "Alias": "mc",
                  "Startup Cost": 0.0,
                  "Total Cost": 31414.82,
                  "Plan Rows": 165601,
                  "Plan Width": 0,
                  "Actual Startup Time": 23.819,
                  "Actual Total Time": 76.226,
                  "Actual Rows": 54423,
                  "Actual Loops": 4,
                  "Filter": "((company_id > 14898) AND (company_type_id < 2))",
                  "Rows Removed by Filter": 597859
                }
              ]
            }
          ]
        }
      ]
    },
    "Planning Time": 0.241,
    "Triggers": [],
    "Execution Time": 95.666
  }
]