[
  {
    "Plan": {
      "Node Type": "Aggregate",
      "Strategy": "Plain",
      "Partial Mode": "Finalize",
      "Parallel Aware": false,
      "Startup Cost": 52789.92,
      "Total Cost": 52789.93,
      "Plan Rows": 1,
      "Plan Width": 8,
      "Actual Startup Time": 98.565,
      "Actual Total Time": 108.879,
      "Actual Rows": 1,
      "Actual Loops": 1,
      "Plans": [
        {
          "Node Type": "Gather",
          "Parent Relationship": "Outer",
          "Parallel Aware": false,
          "Startup Cost": 52789.5,
          "Total Cost": 52789.91,
          "Plan Rows": 4,
          "Plan Width": 8,
          "Actual Startup Time": 98.445,
          "Actual Total Time": 108.871,
          "Actual Rows": 5,
          "Actual Loops": 1,
          "Workers Planned": 4,
          "Workers Launched": 4,
          "Single Copy": false,
          "Plans": [
            {
              "Node Type": "Aggregate",
              "Strategy": "Plain",
              "Partial Mode": "Partial",
              "Parent Relationship": "Outer",
              "Parallel Aware": false,
              "Startup Cost": 51789.5,
              "Total Cost": 51789.51,
              "Plan Rows": 1,
              "Plan Width": 8,
              "Actual Startup Time": 90.21,
              "Actual Total Time": 90.211,
              "Actual Rows": 1,
              "Actual Loops": 5,
              "Plans": [
                {
                  "Node Type": "Nested Loop",
                  "Parent Relationship": "Outer",
                  "Parallel Aware": false,
                  "Join Type": "Inner",
                  "Startup Cost": 0.43,
                  "Total Cost": 51788.25,
                  "Plan Rows": 502,
                  "Plan Width": 0,
                  "Actual Startup Time": 56.726,
                  "Actual Total Time": 90.189,
                  "Actual Rows": 133,
                  "Actual Loops": 5,
                  "Inner Unique": false,
                  "Plans": [
                    {
                      "Node Type": "Seq Scan",
                      "Parent Relationship": "Outer",
                      "Parallel Aware": true,
                      "Relation Name": "title",
                      "Alias": "t",
                      "Startup Cost": 0.0,
                      "Total Cost": 45479.59,
                      "Plan Rows": 921,
                      "Plan Width": 4,
                      "Actual Startup Time": 56.324,
                      "Actual Total Time": 81.995,
                      "Actual Rows": 1780,
                      "Actual Loops": 5,
                      "Filter": "((kind_id < 7) AND (production_year = 1913))",
                      "Rows Removed by Filter": 503882
                    },
                    {
                      "Node Type": "Index Only Scan",
                      "Parent Relationship": "Inner",
                      "Parallel Aware": false,
                      "Scan Direction": "Forward",
                      "Index Name": "movie_id_movie_info_idx",
                      "Relation Name": "movie_info_idx",
                      "Alias": "mi_idx",
                      "Startup Cost": 0.43,
                      "Total Cost": 6.82,
                      "Plan Rows": 3,
                      "Plan Width": 4,
                      "Actual Startup Time": 0.004,
                      "Actual Total Time": 0.004,
                      "Actual Rows": 0,
                      "Actual Loops": 8902,
                      "Index Cond": "(movie_id = t.id)",
                      "Rows Removed by Index Recheck": 0,
                      "Heap Fetches": 663
                    }
                  ]
                }
              ]
            }
          ]
        }
      ]
    },
    "Planning Time": 0.392,
    "Triggers": [],
    "Execution Time": 108.94
  }
]