{
  "Plan": {
    "Node Type": "Aggregate",
    "Strategy": "Plain",
    "Partial Mode": "Finalize",
    "Parallel Aware": false,
    "Startup Cost": 114372.17,
    "Total Cost": 114372.18,
    "Plan Rows": 1,
    "Plan Width": 8,
    "Actual Startup Time": 339.516,
    "Actual Total Time": 352.648,
    "Actual Rows": 1,
    "Actual Loops": 1,
    "Plans": [
      {
        "Node Type": "Gather",
        "Parent Relationship": "Outer",
        "Parallel Aware": false,
        "Startup Cost": 114372.06,
        "Total Cost": 114372.17,
        "Plan Rows": 1,
        "Plan Width": 8,
        "Actual Startup Time": 339.311,
        "Actual Total Time": 352.632,
        "Actual Rows": 2,
        "Actual Loops": 1,
        "Workers Planned": 1,
        "Workers Launched": 1,
        "Single Copy": false,
        "Plans": [
          {
            "Node Type": "Aggregate",
            "Strategy": "Plain",
            "Partial Mode": "Partial",
            "Parent Relationship": "Outer",
            "Parallel Aware": false,
            "Startup Cost": 113372.06,
            "Total Cost": 113372.07,
            "Plan Rows": 1,
            "Plan Width": 8,
            "Actual Startup Time": 334.308,
            "Actual Total Time": 334.311,
            "Actual Rows": 1,
            "Actual Loops": 2,
            "Plans": [
              {
                "Node Type": "Hash Join",
                "Parent Relationship": "Outer",
                "Parallel Aware": true,
                "Join Type": "Inner",
                "Startup Cost": 79944.24,
                "Total Cost": 113348.42,
                "Plan Rows": 9456,
                "Plan Width": 0,
                "Actual Startup Time": 198.67,
                "Actual Total Time": 334.216,
                "Actual Rows": 1213,
                "Actual Loops": 2,
                "Inner Unique": true,
                "Hash Cond": "(mk.movie_id = t.id)",
                "Plans": [
                  {
                    "Node Type": "Bitmap Heap Scan",
                    "Parent Relationship": "Outer",
                    "Parallel Aware": true,
                    "Relation Name": "movie_keyword",
                    "Alias": "mk",
                    "Startup Cost": 21340.71,
                    "Total Cost": 53191.55,
                    "Plan Rows": 591748,
                    "Plan Width": 4,
                    "Actual Startup Time": 58.556,
                    "Actual Total Time": 150.564,
                    "Actual Rows": 502046,
                    "Actual Loops": 2,
                    "Recheck Cond": "(keyword_id > 18362)",
                    "Rows Removed by Index Recheck": 0,
                    "Exact Heap Blocks": 14151,
                    "Lossy Heap Blocks": 0,
                    "Plans": [
                      {
                        "Node Type": "Bitmap Index Scan",
                        "Parent Relationship": "Outer",
                        "Parallel Aware": false,
                        "Index Name": "keyword_id_movie_keyword",
                        "Startup Cost": 0.0,
                        "Total Cost": 21089.22,
                        "Plan Rows": 1005971,
                        "Plan Width": 0,
                        "Actual Startup Time": 54.882,
                        "Actual Total Time": 54.882,
                        "Actual Rows": 1004092,
                        "Actual Loops": 1,
                        "Index Cond": "(keyword_id > 18362)"
                      }
                    ]
                  },
                  {
                    "Node Type": "Hash",
                    "Parent Relationship": "Inner",
                    "Parallel Aware": true,
                    "Startup Cost": 58306.47,
                    "Total Cost": 58306.47,
                    "Plan Rows": 23765,
                    "Plan Width": 4,
                    "Actual Startup Time": 137.473,
                    "Actual Total Time": 137.473,
                    "Actual Rows": 20132,
                    "Actual Loops": 2,
                    "Hash Buckets": 65536,
                    "Original Hash Buckets": 65536,
                    "Hash Batches": 1,
                    "Original Hash Batches": 1,
                    "Peak Memory Usage": 2144,
                    "Plans": [
                      {
                        "Node Type": "Seq Scan",
                        "Parent Relationship": "Outer",
                        "Parallel Aware": true,
                        "Relation Name": "title",
                        "Alias": "t",
                        "Startup Cost": 0.0,
                        "Total Cost": 58306.47,
                        "Plan Rows": 23765,
                        "Plan Width": 4,
                        "Actual Startup Time": 0.056,
                        "Actual Total Time": 131.284,
                        "Actual Rows": 20132,
                        "Actual Loops": 2,
                        "Filter": "((kind_id > 4) AND (production_year = 2013))",
                        "Rows Removed by Filter": 1244024
                      }
                    ]
                  }
                ]
              }
            ]
          }
        ]
      }
    ]
  },
  "Planning Time": 0.465,
  "Triggers": [],
  "Execution Time": 352.742
}