[
  {
    "Plan": {
      "Node Type": "Aggregate",
      "Strategy": "Plain",
      "Partial Mode": "Finalize",
      "Parallel Aware": false,
      "Startup Cost": 239009.07,
      "Total Cost": 239009.08,
      "Plan Rows": 1,
      "Plan Width": 8,
      "Actual Startup Time": 866.535,
      "Actual Total Time": 907.235,
      "Actual Rows": 1,
      "Actual Loops": 1,
      "Plans": [
        {
          "Node Type": "Gather",
          "Parent Relationship": "Outer",
          "Parallel Aware": false,
          "Startup Cost": 239008.55,
          "Total Cost": 239009.06,
          "Plan Rows": 5,
          "Plan Width": 8,
          "Actual Startup Time": 864.985,
          "Actual Total Time": 907.226,
          "Actual Rows": 6,
          "Actual Loops": 1,
          "Workers Planned": 5,
          "Workers Launched": 5,
          "Single Copy": false,
          "Plans": [
            {
              "Node Type": "Aggregate",
              "Strategy": "Plain",
              "Partial Mode": "Partial",
              "Parent Relationship": "Outer",
              "Parallel Aware": false,
              "Startup Cost": 238008.55,
              "Total Cost": 238008.56,
              "Plan Rows": 1,
              "Plan Width": 8,
              "Actual Startup Time": 857.056,
              "Actual Total Time": 857.06,
              "Actual Rows": 1,
              "Actual Loops": 6,
              "Plans": [
                {
                  "Node Type": "Hash Join",
                  "Parent Relationship": "Outer",
                  "Parallel Aware": true,
                  "Join Type": "Inner",
                  "Startup Cost": 38323.86,
                  "Total Cost": 237803.27,
                  "Plan Rows": 82113,
                  "Plan Width": 0,
                  "Actual Startup Time": 57.865,
                  "Actual Total Time": 849.649,
                  "Actual Rows": 94563,
                  "Actual Loops": 6,
                  "Inner Unique": true,
                  "Hash Cond": "(mi.movie_id = t.id)",
                  "Plans": [
                    {
                      "Node Type": "Seq Scan",
                      "Parent Relationship": "Outer",
                      "Parallel Aware": true,
                      "Relation Name": "movie_info",
                      "Alias": "mi",
                      "Startup Cost": 0.0,
                      "Total Cost": 191685.19,
                      "Plan Rows": 2969219,
                      "Plan Width": 4,
                      "Actual Startup Time": 0.034,
                      "Actual Total Time": 419.899,
                      "Actual Rows": 2472620,
                      "Actual Loops": 6
                    },
                    {
                      "Node Type": "Hash",
                      "Parent Relationship": "Inner",
                      "Parallel Aware": true,
                      "Startup Cost": 38105.35,
                      "Total Cost": 38105.35,
                      "Plan Rows": 17481,
                      "Plan Width": 4,
                      "Actual Startup Time": 44.322,
                      "Actual Total Time": 44.324,
                      "Actual Rows": 11318,
                      "Actual Loops": 6,
                      "Hash Buckets": 131072,
                      "Original Hash Buckets": 131072,
                      "Hash Batches": 1,
                      "Original Hash Batches": 1,
                      "Peak Memory Usage": 3744,
                      "Plans": [
                        {
                          "Node Type": "Bitmap Heap Scan",
                          "Parent Relationship": "Outer",
                          "Parallel Aware": true,
                          "Relation Name": "title",
                          "Alias": "t",
                          "Startup Cost": 1744.2,
                          "Total Cost": 38105.35,
                          "Plan Rows": 17481,
                          "Plan Width": 4,
                          "Actual Startup Time": 7.502,
                          "Actual Total Time": 38.627,
                          "Actual Rows": 11318,
                          "Actual Loops": 6,
                          "Recheck Cond": "(kind_id = 3)",
                          "Rows Removed by Index Recheck": 0,
                          "Filter": "(production_year > 1987)",
                          "Rows Removed by Filter": 5438,
                          "Exact Heap Blocks": 4350,
                          "Lossy Heap Blocks": 0,
                          "Plans": [
                            {
                              "Node Type": "Bitmap Index Scan",
                              "Parent Relationship": "Outer",
                              "Parallel Aware": false,
                              "Index Name": "kind_id_title",
                              "Startup Cost": 0.0,
                              "Total Cost": 1726.72,
                              "Plan Rows": 96839,
                              "Plan Width": 0,
                              "Actual Startup Time": 8.892,
                              "Actual Total Time": 8.892,
                              "Actual Rows": 100537,
                              "Actual Loops": 1,
                              "Index Cond": "(kind_id = 3)"
                            }
                          ]
                        }
                      ]
                    }
                  ]
                }
              ]
            }
          ]
        }
      ]
    },
    "Planning Time": 0.304,
    "Triggers": [],
    "Execution Time": 907.316
  }
]