[
  {
    "Plan": {
      "Node Type": "Aggregate",
      "Strategy": "Plain",
      "Partial Mode": "Finalize",
      "Parallel Aware": false,
      "Startup Cost": 33307.0,
      "Total Cost": 33307.01,
      "Plan Rows": 1,
      "Plan Width": 8,
      "Actual Startup Time": 120.981,
      "Actual Total Time": 129.289,
      "Actual Rows": 1,
      "Actual Loops": 1,
      "Plans": [
        {
          "Node Type": "Gather",
          "Parent Relationship": "Outer",
          "Parallel Aware": false,
          "Startup Cost": 33306.69,
          "Total Cost": 33307.0,
          "Plan Rows": 3,
          "Plan Width": 8,
          "Actual Startup Time": 120.856,
          "Actual Total Time": 129.28,
          "Actual Rows": 4,
          "Actual Loops": 1,
          "Workers Planned": 3,
          "Workers Launched": 3,
          "Single Copy": false,
          "Plans": [
            {
              "Node Type": "Aggregate",
              "Strategy": "Plain",
              "Partial Mode": "Partial",
              "Parent Relationship": "Outer",
              "Parallel Aware": false,
              "Startup Cost": 32306.69,
              "Total Cost": 32306.7,
              "Plan Rows": 1,
              "Plan Width": 8,
              "Actual Startup Time": 115.461,
              "Actual Total Time": 115.462,
              "Actual Rows": 1,
              "Actual Loops": 4,
              "Plans": [
                {
                  "Node Type": "Seq Scan",
                  "Parent Relationship": "Outer",
                  "Parallel Aware": true,
                  "Relation Name": "movie_companies",
                  "Alias": "mc",
                  "Startup Cost": 0.0,
                  "Total Cost": 31414.82,
                  "Plan Rows": 356747,
                  "Plan Width": 0,
                  "Actual Startup Time": 46.742,
                  "Actual Total Time": 97.322,
                  "Actual Rows": 307447,
                  "Actual Loops": 4,
                  "Filter": "((company_id > 323) AND (company_type_id > 1))",
                  "Rows Removed by Filter": 344835
                }
              ]
            }
          ]
        }
      ]
    },
    "Planning Time": 0.125,
    "Triggers": [],
    "Execution Time": 129.325
  }
]