[
  {
    "Plan": {
      "Node Type": "Aggregate",
      "Strategy": "Plain",
      "Partial Mode": "Finalize",
      "Parallel Aware": false,
      "Startup Cost": 129613.42,
      "Total Cost": 129613.43,
      "Plan Rows": 1,
      "Plan Width": 8,
      "Actual Startup Time": 722.776,
      "Actual Total Time": 740.896,
      "Actual Rows": 1,
      "Actual Loops": 1,
      "Plans": [
        {
          "Node Type": "Gather",
          "Parent Relationship": "Outer",
          "Parallel Aware": false,
          "Startup Cost": 129613.1,
          "Total Cost": 129613.41,
          "Plan Rows": 3,
          "Plan Width": 8,
          "Actual Startup Time": 713.499,
          "Actual Total Time": 740.887,
          "Actual Rows": 4,
          "Actual Loops": 1,
          "Workers Planned": 3,
          "Workers Launched": 3,
          "Single Copy": false,
          "Plans": [
            {
              "Node Type": "Aggregate",
              "Strategy": "Plain",
              "Partial Mode": "Partial",
              "Parent Relationship": "Outer",
              "Parallel Aware": false,
              "Startup Cost": 128613.1,
              "Total Cost": 128613.11,
              "Plan Rows": 1,
              "Plan Width": 8,
              "Actual Startup Time": 710.18,
              "Actual Total Time": 710.624,
              "Actual Rows": 1,
              "Actual Loops": 4,
              "Plans": [
                {
                  "Node Type": "Hash Join",
                  "Parent Relationship": "Outer",
                  "Parallel Aware": true,
                  "Join Type": "Inner",
                  "Startup Cost": 96255.48,
                  "Total Cost": 128244.58,
                  "Plan Rows": 147407,
                  "Plan Width": 0,
                  "Actual Startup Time": 469.412,
                  "Actual Total Time": 673.264,
                  "Actual Rows": 867276,
                  "Actual Loops": 4,
                  "Inner Unique": false,
                  "Hash Cond": "(mc.movie_id = t.id)",
                  "Plans": [
                    {
                      "Node Type": "Seq Scan",
                      "Parent Relationship": "Outer",
                      "Parallel Aware": true,
                      "Relation Name": "movie_companies",
                      "Alias": "mc",
                      "Startup Cost": 0.0,
                      "Total Cost": 29310.68,
                      "Plan Rows": 587443,
                      "Plan Width": 4,
                      "Actual Startup Time": 0.417,
                      "Actual Total Time": 68.735,
                      "Actual Rows": 456354,
                      "Actual Loops": 4,
                      "Filter": "(company_id > 1700)",
                      "Rows Removed by Filter": 195928
                    },
                    {
                      "Node Type": "Hash",
                      "Parent Relationship": "Inner",
                      "Parallel Aware": true,
                      "Startup Cost": 93697.29,
                      "Total Cost": 93697.29,
                      "Plan Rows": 204655,
                      "Plan Width": 8,
                      "Actual Startup Time": 466.668,
                      "Actual Total Time": 467.111,
                      "Actual Rows": 183050,
                      "Actual Loops": 4,
                      "Hash Buckets": 1048576,
                      "Original Hash Buckets": 1048576,
                      "Hash Batches": 1,
                      "Original Hash Batches": 1,
                      "Peak Memory Usage": 36896,
                      "Plans": [
                        {
                          "Node Type": "Hash Join",
                          "Parent Relationship": "Outer",
                          "Parallel Aware": true,
                          "Join Type": "Inner",
                          "Startup Cost": 50342.94,
                          "Total Cost": 93697.29,
                          "Plan Rows": 204655,
                          "Plan Width": 8,
                          "Actual Startup Time": 265.595,
                          "Actual Total Time": 417.778,
                          "Actual Rows": 183050,
                          "Actual Loops": 4,
                          "Inner Unique": true,
                          "Hash Cond": "(mk.movie_id = t.id)",
                          "Plans": [
                            {
                              "Node Type": "Seq Scan",
                              "Parent Relationship": "Outer",
                              "Parallel Aware": true,
                              "Relation Name": "movie_keyword",
                              "Alias": "mk",
                              "Startup Cost": 0.0,
                              "Total Cost": 42695.65,
                              "Plan Rows": 250931,
                              "Plan Width": 4,
                              "Actual Startup Time": 0.014,
                              "Actual Total Time": 92.365,
                              "Actual Rows": 195392,
                              "Actual Loops": 4,
                              "Filter": "(keyword_id < 746)",
                              "Rows Removed by Filter": 935591
                            },
                            {
                              "Node Type": "Hash",
                              "Parent Relationship": "Inner",
                              "Parallel Aware": true,
                              "Startup Cost": 43899.01,
                              "Total Cost": 43899.01,
                              "Plan Rows": 515515,
                              "Plan Width": 4,
                              "Actual Startup Time": 262.293,
                              "Actual Total Time": 262.295,
                              "Actual Rows": 516138,
                              "Actual Loops": 4,
                              "Hash Buckets": 2097152,
                              "Original Hash Buckets": 2097152,
                              "Hash Batches": 1,
                              "Original Hash Batches": 1,
                              "Peak Memory Usage": 97216,
                              "Plans": [
                                {
                                  "Node Type": "Seq Scan",
                                  "Parent Relationship": "Outer",
                                  "Parallel Aware": true,
                                  "Relation Name": "title",
                                  "Alias": "t",
                                  "Startup Cost": 0.0,
                                  "Total Cost": 43899.01,
                                  "Plan Rows": 515515,
                                  "Plan Width": 4,
                                  "Actual Startup Time": 0.019,
                                  "Actual Total Time": 105.049,
                                  "Actual Rows": 516138,
                                  "Actual Loops": 4,
                                  "Filter": "(production_year < 2011)",
                                  "Rows Removed by Filter": 115940
                                }
                              ]
                            }
                          ]
                        }
                      ]
                    }
                  ]
                }
              ]
            }
          ]
        }
      ]
    },
    "Planning Time": 0.536,
    "Triggers": [],
    "Execution Time": 740.94
  }
]