{
  "Plan": {
    "Node Type": "Aggregate",
    "Strategy": "Plain",
    "Partial Mode": "Finalize",
    "Parallel Aware": false,
    "Startup Cost": 519754.36,
    "Total Cost": 519754.37,
    "Plan Rows": 1,
    "Plan Width": 8,
    "Actual Startup Time": 2089.54,
    "Actual Total Time": 2134.848,
    "Actual Rows": 1,
    "Actual Loops": 1,
    "Plans": [
      {
        "Node Type": "Gather",
        "Parent Relationship": "Outer",
        "Parallel Aware": false,
        "Startup Cost": 519754.25,
        "Total Cost": 519754.36,
        "Plan Rows": 1,
        "Plan Width": 8,
        "Actual Startup Time": 2085.901,
        "Actual Total Time": 2134.836,
        "Actual Rows": 2,
        "Actual Loops": 1,
        "Workers Planned": 1,
        "Workers Launched": 1,
        "Single Copy": false,
        "Plans": [
          {
            "Node Type": "Aggregate",
            "Strategy": "Plain",
            "Partial Mode": "Partial",
            "Parent Relationship": "Outer",
            "Parallel Aware": false,
            "Startup Cost": 518754.25,
            "Total Cost": 518754.26,
            "Plan Rows": 1,
            "Plan Width": 8,
            "Actual Startup Time": 2080.139,
            "Actual Total Time": 2080.467,
            "Actual Rows": 1,
            "Actual Loops": 2,
            "Plans": [
              {
                "Node Type": "Hash Join",
                "Parent Relationship": "Outer",
                "Parallel Aware": true,
                "Join Type": "Inner",
                "Startup Cost": 86977.86,
                "Total Cost": 515924.35,
                "Plan Rows": 1131961,
                "Plan Width": 0,
                "Actual Startup Time": 918.0,
                "Actual Total Time": 2035.918,
                "Actual Rows": 1029110,
                "Actual Loops": 2,
                "Inner Unique": false,
                "Hash Cond": "(ci.movie_id = t.id)",
                "Plans": [
                  {
                    "Node Type": "Index Scan",
                    "Parent Relationship": "Outer",
                    "Parallel Aware": true,
                    "Scan Direction": "Forward",
                    "Index Name": "role_id_cast_info",
                    "Relation Name": "cast_info",
                    "Alias": "ci",
                    "Startup Cost": 0.56,
                    "Total Cost": 400977.7,
                    "Plan Rows": 5682870,
                    "Plan Width": 4,
                    "Actual Startup Time": 379.816,
                    "Actual Total Time": 933.782,
                    "Actual Rows": 3331438,
                    "Actual Loops": 2,
                    "Index Cond": "(role_id < 2)",
                    "Rows Removed by Index Recheck": 0,
                    "Filter": "(person_id > 815072)",
                    "Rows Removed by Filter": 3003906
                  },
                  {
                    "Node Type": "Hash",
                    "Parent Relationship": "Inner",
                    "Parallel Aware": true,
                    "Startup Cost": 83274.31,
                    "Total Cost": 83274.31,
                    "Plan Rows": 296239,
                    "Plan Width": 8,
                    "Actual Startup Time": 532.092,
                    "Actual Total Time": 532.418,
                    "Actual Rows": 212680,
                    "Actual Loops": 2,
                    "Hash Buckets": 524288,
                    "Original Hash Buckets": 524288,
                    "Hash Batches": 1,
                    "Original Hash Batches": 1,
                    "Peak Memory Usage": 20768,
                    "Plans": [
                      {
                        "Node Type": "Hash Join",
                        "Parent Relationship": "Outer",
                        "Parallel Aware": true,
                        "Join Type": "Inner",
                        "Startup Cost": 65090.52,
                        "Total Cost": 83274.31,
                        "Plan Rows": 296239,
                        "Plan Width": 8,
                        "Actual Startup Time": 306.416,
                        "Actual Total Time": 487.45,
                        "Actual Rows": 212680,
                        "Actual Loops": 2,
                        "Inner Unique": true,
                        "Hash Cond": "(mi_idx.movie_id = t.id)",
                        "Plans": [
                          {
                            "Node Type": "Seq Scan",
                            "Parent Relationship": "Outer",
                            "Parallel Aware": true,
                            "Relation Name": "movie_info_idx",
                            "Alias": "mi_idx",
                            "Startup Cost": 0.0,
                            "Total Cost": 16052.85,
                            "Plan Rows": 811785,
                            "Plan Width": 4,
                            "Actual Startup Time": 0.019,
                            "Actual Total Time": 52.962,
                            "Actual Rows": 690018,
                            "Actual Loops": 2
                          },
                          {
                            "Node Type": "Hash",
                            "Parent Relationship": "Inner",
                            "Parallel Aware": true,
                            "Startup Cost": 58306.47,
                            "Total Cost": 58306.47,
                            "Plan Rows": 542724,
                            "Plan Width": 4,
                            "Actual Startup Time": 299.531,
                            "Actual Total Time": 299.532,
                            "Actual Rows": 426089,
                            "Actual Loops": 2,
                            "Hash Buckets": 1048576,
                            "Original Hash Buckets": 1048576,
                            "Hash Batches": 1,
                            "Original Hash Batches": 1,
                            "Peak Memory Usage": 41568,
                            "Plans": [
                              {
                                "Node Type": "Seq Scan",
                                "Parent Relationship": "Outer",
                                "Parallel Aware": true,
                                "Relation Name": "title",
                                "Alias": "t",
                                "Startup Cost": 0.0,
                                "Total Cost": 58306.47,
                                "Plan Rows": 542724,
                                "Plan Width": 4,
                                "Actual Startup Time": 0.03,
                                "Actual Total Time": 167.653,
                                "Actual Rows": 426089,
                                "Actual Loops": 2,
                                "Filter": "((kind_id > 1) AND (production_year < 2004))",
                                "Rows Removed by Filter": 838067
                              }
                            ]
                          }
                        ]
                      }
                    ]
                  }
                ]
              }
            ]
          }
        ]
      }
    ]
  },
  "Planning Time": 0.962,
  "Triggers": [],
  "Execution Time": 2134.943
}