[
  {
    "Plan": {
      "Node Type": "Aggregate",
      "Strategy": "Plain",
      "Partial Mode": "Finalize",
      "Parallel Aware": false,
      "Startup Cost": 44797.28,
      "Total Cost": 44797.29,
      "Plan Rows": 1,
      "Plan Width": 8,
      "Actual Startup Time": 126.258,
      "Actual Total Time": 134.649,
      "Actual Rows": 1,
      "Actual Loops": 1,
      "Plans": [
        {
          "Node Type": "Gather",
          "Parent Relationship": "Outer",
          "Parallel Aware": false,
          "Startup Cost": 44796.96,
          "Total Cost": 44797.27,
          "Plan Rows": 3,
          "Plan Width": 8,
          "Actual Startup Time": 126.11,
          "Actual Total Time": 134.636,
          "Actual Rows": 4,
          "Actual Loops": 1,
          "Workers Planned": 3,
          "Workers Launched": 3,
          "Single Copy": false,
          "Plans": [
            {
              "Node Type": "Aggregate",
              "Strategy": "Plain",
              "Partial Mode": "Partial",
              "Parent Relationship": "Outer",
              "Parallel Aware": false,
              "Startup Cost": 43796.96,
              "Total Cost": 43796.97,
              "Plan Rows": 1,
              "Plan Width": 8,
              "Actual Startup Time": 121.257,
              "Actual Total Time": 121.259,
              "Actual Rows": 1,
              "Actual Loops": 4,
              "Plans": [
                {
                  "Node Type": "Seq Scan",
                  "Parent Relationship": "Outer",
                  "Parallel Aware": true,
                  "Relation Name": "movie_keyword",
                  "Alias": "mk",
                  "Startup Cost": 0.0,
                  "Total Cost": 42695.65,
                  "Plan Rows": 440523,
                  "Plan Width": 0,
                  "Actual Startup Time": 0.035,
                  "Actual Total Time": 105.053,
                  "Actual Rows": 342365,
                  "Actual Loops": 4,
                  "Filter": "(keyword_id < 1806)",
                  "Rows Removed by Filter": 788618
                }
              ]
            }
          ]
        }
      ]
    },
    "Planning Time": 0.098,
    "Triggers": [],
    "Execution Time": 134.688
  }
]