[
  {
    "Plan": {
      "Node Type": "Aggregate",
      "Strategy": "Plain",
      "Partial Mode": "Finalize",
      "Parallel Aware": false,
      "Startup Cost": 29227.85,
      "Total Cost": 29227.86,
      "Plan Rows": 1,
      "Plan Width": 8,
      "Actual Startup Time": 50.613,
      "Actual Total Time": 55.039,
      "Actual Rows": 1,
      "Actual Loops": 1,
      "Plans": [
        {
          "Node Type": "Gather",
          "Parent Relationship": "Outer",
          "Parallel Aware": false,
          "Startup Cost": 29227.53,
          "Total Cost": 29227.84,
          "Plan Rows": 3,
          "Plan Width": 8,
          "Actual Startup Time": 50.475,
          "Actual Total Time": 55.033,
          "Actual Rows": 4,
          "Actual Loops": 1,
          "Workers Planned": 3,
          "Workers Launched": 3,
          "Single Copy": false,
          "Plans": [
            {
              "Node Type": "Aggregate",
              "Strategy": "Plain",
              "Partial Mode": "Partial",
              "Parent Relationship": "Outer",
              "Parallel Aware": false,
              "Startup Cost": 28227.53,
              "Total Cost": 28227.54,
              "Plan Rows": 1,
              "Plan Width": 8,
              "Actual Startup Time": 45.37,
              "Actual Total Time": 45.371,
              "Actual Rows": 1,
              "Actual Loops": 4,
              "Plans": [
                {
                  "Node Type": "Bitmap Heap Scan",
                  "Parent Relationship": "Outer",
                  "Parallel Aware": true,
                  "Relation Name": "movie_companies",
                  "Alias": "mc",
                  "Startup Cost": 7715.14,
                  "Total Cost": 27940.47,
                  "Plan Rows": 114826,
                  "Plan Width": 0,
                  "Actual Startup Time": 13.94,
                  "Actual Total Time": 40.314,
                  "Actual Rows": 88807,
                  "Actual Loops": 4,
                  "Recheck Cond": "(company_id > 87694)",
                  "Rows Removed by Index Recheck": 0,
                  "Exact Heap Blocks": 2677,
                  "Lossy Heap Blocks": 0,
                  "Plans": [
                    {
                      "Node Type": "Bitmap Index Scan",
                      "Parent Relationship": "Outer",
                      "Parallel Aware": false,
                      "Index Name": "company_id_movie_companies",
                      "Startup Cost": 0.0,
                      "Total Cost": 7626.15,
                      "Plan Rows": 355962,
                      "Plan Width": 0,
                      "Actual Startup Time": 17.88,
                      "Actual Total Time": 17.88,
                      "Actual Rows": 355228,
                      "Actual Loops": 1,
                      "Index Cond": "(company_id > 87694)"
                    }
                  ]
                }
              ]
            }
          ]
        }
      ]
    },
    "Planning Time": 0.19,
    "Triggers": [],
    "Execution Time": 55.108
  }
]