[
  {
    "Plan": {
      "Node Type": "Aggregate",
      "Strategy": "Plain",
      "Partial Mode": "Finalize",
      "Parallel Aware": false,
      "Startup Cost": 29131.53,
      "Total Cost": 29131.54,
      "Plan Rows": 1,
      "Plan Width": 8,
      "Actual Startup Time": 66.781,
      "Actual Total Time": 70.898,
      "Actual Rows": 1,
      "Actual Loops": 1,
      "Plans": [
        {
          "Node Type": "Gather",
          "Parent Relationship": "Outer",
          "Parallel Aware": false,
          "Startup Cost": 29131.21,
          "Total Cost": 29131.52,
          "Plan Rows": 3,
          "Plan Width": 8,
          "Actual Startup Time": 66.649,
          "Actual Total Time": 70.892,
          "Actual Rows": 4,
          "Actual Loops": 1,
          "Workers Planned": 3,
          "Workers Launched": 3,
          "Single Copy": false,
          "Plans": [
            {
              "Node Type": "Aggregate",
              "Strategy": "Plain",
              "Partial Mode": "Partial",
              "Parent Relationship": "Outer",
              "Parallel Aware": false,
              "Startup Cost": 28131.21,
              "Total Cost": 28131.22,
              "Plan Rows": 1,
              "Plan Width": 8,
              "Actual Startup Time": 59.92,
              "Actual Total Time": 59.921,
              "Actual Rows": 1,
              "Actual Loops": 4,
              "Plans": [
                {
                  "Node Type": "Bitmap Heap Scan",
                  "Parent Relationship": "Outer",
                  "Parallel Aware": true,
                  "Relation Name": "movie_companies",
                  "Alias": "mc",
                  "Startup Cost": 7635.85,
                  "Total Cost": 27846.98,
                  "Plan Rows": 113691,
                  "Plan Width": 0,
                  "Actual Startup Time": 21.129,
                  "Actual Total Time": 53.89,
                  "Actual Rows": 88807,
                  "Actual Loops": 4,
                  "Recheck Cond": "(company_id > 87694)",
                  "Rows Removed by Index Recheck": 0,
                  "Exact Heap Blocks": 3143,
                  "Lossy Heap Blocks": 0,
                  "Plans": [
                    {
                      "Node Type": "Bitmap Index Scan",
                      "Parent Relationship": "Outer",
                      "Parallel Aware": false,
                      "Index Name": "company_id_movie_companies",
                      "Startup Cost": 0.0,
                      "Total Cost": 7547.74,
                      "Plan Rows": 352441,
                      "Plan Width": 0,
                      "Actual Startup Time": 26.336,
                      "Actual Total Time": 26.336,
                      "Actual Rows": 355228,
                      "Actual Loops": 1,
                      "Index Cond": "(company_id > 87694)"
                    }
                  ]
                }
              ]
            }
          ]
        }
      ]
    },
    "Planning Time": 0.192,
    "Triggers": [],
    "Execution Time": 70.953
  }
]