{
  "Plan": {
    "Node Type": "Aggregate",
    "Strategy": "Plain",
    "Partial Mode": "Finalize",
    "Parallel Aware": false,
    "Startup Cost": 99499.53,
    "Total Cost": 99499.54,
    "Plan Rows": 1,
    "Plan Width": 8,
    "Actual Startup Time": 402.296,
    "Actual Total Time": 417.715,
    "Actual Rows": 1,
    "Actual Loops": 1,
    "Plans": [
      {
        "Node Type": "Gather",
        "Parent Relationship": "Outer",
        "Parallel Aware": false,
        "Startup Cost": 99499.41,
        "Total Cost": 99499.52,
        "Plan Rows": 1,
        "Plan Width": 8,
        "Actual Startup Time": 401.871,
        "Actual Total Time": 417.707,
        "Actual Rows": 2,
        "Actual Loops": 1,
        "Workers Planned": 1,
        "Workers Launched": 1,
        "Single Copy": false,
        "Plans": [
          {
            "Node Type": "Aggregate",
            "Strategy": "Plain",
            "Partial Mode": "Partial",
            "Parent Relationship": "Outer",
            "Parallel Aware": false,
            "Startup Cost": 98499.41,
            "Total Cost": 98499.42,
            "Plan Rows": 1,
            "Plan Width": 8,
            "Actual Startup Time": 396.153,
            "Actual Total Time": 396.157,
            "Actual Rows": 1,
            "Actual Loops": 2,
            "Plans": [
              {
                "Node Type": "Hash Join",
                "Parent Relationship": "Outer",
                "Parallel Aware": true,
                "Join Type": "Inner",
                "Startup Cost": 58519.73,
                "Total Cost": 98477.75,
                "Plan Rows": 8667,
                "Plan Width": 0,
                "Actual Startup Time": 238.88,
                "Actual Total Time": 394.154,
                "Actual Rows": 37232,
                "Actual Loops": 2,
                "Inner Unique": true,
                "Hash Cond": "(mc.movie_id = t.id)",
                "Plans": [
                  {
                    "Node Type": "Seq Scan",
                    "Parent Relationship": "Outer",
                    "Parallel Aware": true,
                    "Relation Name": "movie_companies",
                    "Alias": "mc",
                    "Startup Cost": 0.0,
                    "Total Cost": 37974.77,
                    "Plan Rows": 755522,
                    "Plan Width": 4,
                    "Actual Startup Time": 0.016,
                    "Actual Total Time": 134.998,
                    "Actual Rows": 637123,
                    "Actual Loops": 2,
                    "Filter": "(company_type_id = 1)",
                    "Rows Removed by Filter": 667442
                  },
                  {
                    "Node Type": "Hash",
                    "Parent Relationship": "Inner",
                    "Parallel Aware": true,
                    "Startup Cost": 58306.47,
                    "Total Cost": 58306.47,
                    "Plan Rows": 17061,
                    "Plan Width": 4,
                    "Actual Startup Time": 182.8,
                    "Actual Total Time": 182.801,
                    "Actual Rows": 38932,
                    "Actual Loops": 2,
                    "Hash Buckets": 131072,
                    "Original Hash Buckets": 32768,
                    "Hash Batches": 1,
                    "Original Hash Batches": 1,
                    "Peak Memory Usage": 4896,
                    "Plans": [
                      {
                        "Node Type": "Seq Scan",
                        "Parent Relationship": "Outer",
                        "Parallel Aware": true,
                        "Relation Name": "title",
                        "Alias": "t",
                        "Startup Cost": 0.0,
                        "Total Cost": 58306.47,
                        "Plan Rows": 17061,
                        "Plan Width": 4,
                        "Actual Startup Time": 100.621,
                        "Actual Total Time": 166.547,
                        "Actual Rows": 38932,
                        "Actual Loops": 2,
                        "Filter": "((kind_id < 7) AND (production_year < 1918))",
                        "Rows Removed by Filter": 1225224
                      }
                    ]
                  }
                ]
              }
            ]
          }
        ]
      }
    ]
  },
  "Planning Time": 0.466,
  "Triggers": [],
  "Execution Time": 417.787
}