{
  "Plan": {
    "Node Type": "Aggregate",
    "Strategy": "Plain",
    "Partial Mode": "Finalize",
    "Parallel Aware": false,
    "Startup Cost": 65468.36,
    "Total Cost": 65468.37,
    "Plan Rows": 1,
    "Plan Width": 8,
    "Actual Startup Time": 71.879,
    "Actual Total Time": 82.795,
    "Actual Rows": 1,
    "Actual Loops": 1,
    "Plans": [
      {
        "Node Type": "Gather",
        "Parent Relationship": "Outer",
        "Parallel Aware": false,
        "Startup Cost": 65468.24,
        "Total Cost": 65468.35,
        "Plan Rows": 1,
        "Plan Width": 8,
        "Actual Startup Time": 71.65,
        "Actual Total Time": 82.788,
        "Actual Rows": 2,
        "Actual Loops": 1,
        "Workers Planned": 1,
        "Workers Launched": 1,
        "Single Copy": false,
        "Plans": [
          {
            "Node Type": "Aggregate",
            "Strategy": "Plain",
            "Partial Mode": "Partial",
            "Parent Relationship": "Outer",
            "Parallel Aware": false,
            "Startup Cost": 64468.24,
            "Total Cost": 64468.25,
            "Plan Rows": 1,
            "Plan Width": 8,
            "Actual Startup Time": 65.613,
            "Actual Total Time": 65.615,
            "Actual Rows": 1,
            "Actual Loops": 2,
            "Plans": [
              {
                "Node Type": "Nested Loop",
                "Parent Relationship": "Outer",
                "Parallel Aware": false,
                "Join Type": "Inner",
                "Startup Cost": 244.94,
                "Total Cost": 64463.45,
                "Plan Rows": 1919,
                "Plan Width": 0,
                "Actual Startup Time": 5.465,
                "Actual Total Time": 64.819,
                "Actual Rows": 9198,
                "Actual Loops": 2,
                "Inner Unique": false,
                "Plans": [
                  {
                    "Node Type": "Nested Loop",
                    "Parent Relationship": "Outer",
                    "Parallel Aware": false,
                    "Join Type": "Inner",
                    "Startup Cost": 244.51,
                    "Total Cost": 62521.08,
                    "Plan Rows": 3516,
                    "Plan Width": 8,
                    "Actual Startup Time": 5.323,
                    "Actual Total Time": 45.392,
                    "Actual Rows": 3244,
                    "Actual Loops": 2,
                    "Inner Unique": true,
                    "Plans": [
                      {
                        "Node Type": "Bitmap Heap Scan",
                        "Parent Relationship": "Outer",
                        "Parallel Aware": true,
                        "Relation Name": "movie_keyword",
                        "Alias": "mk",
                        "Startup Cost": 244.08,
                        "Total Cost": 20181.0,
                        "Plan Rows": 6653,
                        "Plan Width": 4,
                        "Actual Startup Time": 5.119,
                        "Actual Total Time": 17.562,
                        "Actual Rows": 4613,
                        "Actual Loops": 2,
                        "Recheck Cond": "(keyword_id = 875)",
                        "Rows Removed by Index Recheck": 0,
                        "Exact Heap Blocks": 5592,
                        "Lossy Heap Blocks": 0,
                        "Plans": [
                          {
                            "Node Type": "Bitmap Index Scan",
                            "Parent Relationship": "Outer",
                            "Parallel Aware": false,
                            "Index Name": "keyword_id_movie_keyword",
                            "Startup Cost": 0.0,
                            "Total Cost": 241.26,
                            "Plan Rows": 11310,
                            "Plan Width": 0,
                            "Actual Startup Time": 6.714,
                            "Actual Total Time": 6.715,
                            "Actual Rows": 9226,
                            "Actual Loops": 1,
                            "Index Cond": "(keyword_id = 875)"
                          }
                        ]
                      },
                      {
                        "Node Type": "Index Scan",
                        "Parent Relationship": "Inner",
                        "Parallel Aware": false,
                        "Scan Direction": "Forward",
                        "Index Name": "title_pkey",
                        "Relation Name": "title",
                        "Alias": "t",
                        "Startup Cost": 0.43,
                        "Total Cost": 6.36,
                        "Plan Rows": 1,
                        "Plan Width": 4,
                        "Actual Startup Time": 0.006,
                        "Actual Total Time": 0.006,
                        "Actual Rows": 1,
                        "Actual Loops": 9226,
                        "Index Cond": "(id = mk.movie_id)",
                        "Rows Removed by Index Recheck": 0,
                        "Filter": "(production_year < 2005)",
                        "Rows Removed by Filter": 0
                      }
                    ]
                  },
                  {
                    "Node Type": "Index Only Scan",
                    "Parent Relationship": "Inner",
                    "Parallel Aware": false,
                    "Scan Direction": "Forward",
                    "Index Name": "movie_id_movie_info_idx",
                    "Relation Name": "movie_info_idx",
                    "Alias": "mi_idx",
                    "Startup Cost": 0.43,
                    "Total Cost": 0.52,
                    "Plan Rows": 3,
                    "Plan Width": 4,
                    "Actual Startup Time": 0.005,
                    "Actual Total Time": 0.005,
                    "Actual Rows": 3,
                    "Actual Loops": 6487,
                    "Index Cond": "(movie_id = t.id)",
                    "Rows Removed by Index Recheck": 0,
                    "Heap Fetches": 18396
                  }
                ]
              }
            ]
          }
        ]
      }
    ]
  },
  "Planning Time": 1.015,
  "Triggers": [],
  "Execution Time": 82.892
}