[
  {
    "Plan": {
      "Node Type": "Aggregate",
      "Strategy": "Plain",
      "Partial Mode": "Finalize",
      "Parallel Aware": false,
      "Startup Cost": 85042.49,
      "Total Cost": 85042.5,
      "Plan Rows": 1,
      "Plan Width": 8,
      "Actual Startup Time": 330.601,
      "Actual Total Time": 376.03,
      "Actual Rows": 1,
      "Actual Loops": 1,
      "Plans": [
        {
          "Node Type": "Gather",
          "Parent Relationship": "Outer",
          "Parallel Aware": false,
          "Startup Cost": 85042.07,
          "Total Cost": 85042.48,
          "Plan Rows": 4,
          "Plan Width": 8,
          "Actual Startup Time": 329.926,
          "Actual Total Time": 376.02,
          "Actual Rows": 5,
          "Actual Loops": 1,
          "Workers Planned": 4,
          "Workers Launched": 4,
          "Single Copy": false,
          "Plans": [
            {
              "Node Type": "Aggregate",
              "Strategy": "Plain",
              "Partial Mode": "Partial",
              "Parent Relationship": "Outer",
              "Parallel Aware": false,
              "Startup Cost": 84042.07,
              "Total Cost": 84042.08,
              "Plan Rows": 1,
              "Plan Width": 8,
              "Actual Startup Time": 319.48,
              "Actual Total Time": 319.484,
              "Actual Rows": 1,
              "Actual Loops": 5,
              "Plans": [
                {
                  "Node Type": "Nested Loop",
                  "Parent Relationship": "Outer",
                  "Parallel Aware": false,
                  "Join Type": "Inner",
                  "Startup Cost": 20764.08,
                  "Total Cost": 83926.32,
                  "Plan Rows": 46299,
                  "Plan Width": 0,
                  "Actual Startup Time": 36.558,
                  "Actual Total Time": 315.743,
                  "Actual Rows": 43493,
                  "Actual Loops": 5,
                  "Inner Unique": false,
                  "Plans": [
                    {
                      "Node Type": "Hash Join",
                      "Parent Relationship": "Outer",
                      "Parallel Aware": true,
                      "Join Type": "Inner",
                      "Startup Cost": 20763.52,
                      "Total Cost": 67074.9,
                      "Plan Rows": 4295,
                      "Plan Width": 8,
                      "Actual Startup Time": 36.447,
                      "Actual Total Time": 133.253,
                      "Actual Rows": 1592,
                      "Actual Loops": 5,
                      "Inner Unique": false,
                      "Hash Cond": "(t.id = mc.movie_id)",
                      "Plans": [
                        {
                          "Node Type": "Seq Scan",
                          "Parent Relationship": "Outer",
                          "Parallel Aware": true,
                          "Relation Name": "title",
                          "Alias": "t",
                          "Startup Cost": 0.0,
                          "Total Cost": 45479.1,
                          "Plan Rows": 163687,
                          "Plan Width": 4,
                          "Actual Startup Time": 0.022,
                          "Actual Total Time": 71.556,
                          "Actual Rows": 142236,
                          "Actual Loops": 5,
                          "Filter": "((kind_id < 7) AND (production_year < 2008))",
                          "Rows Removed by Filter": 363427
                        },
                        {
                          "Node Type": "Hash",
                          "Parent Relationship": "Inner",
                          "Parallel Aware": true,
                          "Startup Cost": 20496.03,
                          "Total Cost": 20496.03,
                          "Plan Rows": 21399,
                          "Plan Width": 4,
                          "Actual Startup Time": 34.736,
                          "Actual Total Time": 34.737,
                          "Actual Rows": 13986,
                          "Actual Loops": 5,
                          "Hash Buckets": 131072,
                          "Original Hash Buckets": 131072,
                          "Hash Batches": 1,
                          "Original Hash Batches": 1,
                          "Peak Memory Usage": 3840,
                          "Plans": [
                            {
                              "Node Type": "Bitmap Heap Scan",
                              "Parent Relationship": "Outer",
                              "Parallel Aware": true,
                              "Relation Name": "movie_companies",
                              "Alias": "mc",
                              "Startup Cost": 1438.54,
                              "Total Cost": 20496.03,
                              "Plan Rows": 21399,
                              "Plan Width": 4,
                              "Actual Startup Time": 6.879,
                              "Actual Total Time": 26.717,
                              "Actual Rows": 13986,
                              "Actual Loops": 5,
                              "Recheck Cond": "(company_id < 11)",
                              "Rows Removed by Index Recheck": 0,
                              "Exact Heap Blocks": 3806,
                              "Lossy Heap Blocks": 0,
                              "Plans": [
                                {
                                  "Node Type": "Bitmap Index Scan",
                                  "Parent Relationship": "Outer",
                                  "Parallel Aware": false,
                                  "Index Name": "company_id_movie_companies",
                                  "Startup Cost": 0.0,
                                  "Total Cost": 1421.96,
                                  "Plan Rows": 66337,
                                  "Plan Width": 0,
                                  "Actual Startup Time": 9.542,
                                  "Actual Total Time": 9.542,
                                  "Actual Rows": 69928,
                                  "Actual Loops": 1,
                                  "Index Cond": "(company_id < 11)"
                                }
                              ]
                            }
                          ]
                        }
                      ]
                    },
                    {
                      "Node Type": "Index Scan",
                      "Parent Relationship": "Inner",
                      "Parallel Aware": false,
                      "Scan Direction": "Forward",
                      "Index Name": "movie_id_cast_info",
                      "Relation Name": "cast_info",
                      "Alias": "ci",
                      "Startup Cost": 0.56,
                      "Total Cost": 3.64,
                      "Plan Rows": 28,
                      "Plan Width": 4,
                      "Actual Startup Time": 0.013,
                      "Actual Total Time": 0.111,
                      "Actual Rows": 27,
                      "Actual Loops": 7961,
                      "Index Cond": "(movie_id = t.id)",
                      "Rows Removed by Index Recheck": 0,
                      "Filter": "(person_id < 2803620)",
                      "Rows Removed by Filter": 8
                    }
                  ]
                }
              ]
            }
          ]
        }
      ]
    },
    "Planning Time": 1.548,
    "Triggers": [],
    "Execution Time": 376.168
  }
]