[
  {
    "Plan": {
      "Node Type": "Aggregate",
      "Strategy": "Plain",
      "Partial Mode": "Finalize",
      "Parallel Aware": false,
      "Startup Cost": 94405.46,
      "Total Cost": 94405.47,
      "Plan Rows": 1,
      "Plan Width": 8,
      "Actual Startup Time": 217.569,
      "Actual Total Time": 234.69,
      "Actual Rows": 1,
      "Actual Loops": 1,
      "Plans": [
        {
          "Node Type": "Gather",
          "Parent Relationship": "Outer",
          "Parallel Aware": false,
          "Startup Cost": 94405.04,
          "Total Cost": 94405.45,
          "Plan Rows": 4,
          "Plan Width": 8,
          "Actual Startup Time": 217.131,
          "Actual Total Time": 234.68,
          "Actual Rows": 5,
          "Actual Loops": 1,
          "Workers Planned": 4,
          "Workers Launched": 4,
          "Single Copy": false,
          "Plans": [
            {
              "Node Type": "Aggregate",
              "Strategy": "Plain",
              "Partial Mode": "Partial",
              "Parent Relationship": "Outer",
              "Parallel Aware": false,
              "Startup Cost": 93405.04,
              "Total Cost": 93405.05,
              "Plan Rows": 1,
              "Plan Width": 8,
              "Actual Startup Time": 207.153,
              "Actual Total Time": 207.157,
              "Actual Rows": 1,
              "Actual Loops": 5,
              "Plans": [
                {
                  "Node Type": "Nested Loop",
                  "Parent Relationship": "Outer",
                  "Parallel Aware": false,
                  "Join Type": "Inner",
                  "Startup Cost": 20645.02,
                  "Total Cost": 93335.3,
                  "Plan Rows": 27895,
                  "Plan Width": 0,
                  "Actual Startup Time": 29.352,
                  "Actual Total Time": 205.543,
                  "Actual Rows": 33929,
                  "Actual Loops": 5,
                  "Inner Unique": false,
                  "Plans": [
                    {
                      "Node Type": "Hash Join",
                      "Parent Relationship": "Outer",
                      "Parallel Aware": true,
                      "Join Type": "Inner",
                      "Startup Cost": 20644.59,
                      "Total Cost": 66173.97,
                      "Plan Rows": 15590,
                      "Plan Width": 8,
                      "Actual Startup Time": 28.702,
                      "Actual Total Time": 159.681,
                      "Actual Rows": 12415,
                      "Actual Loops": 5,
                      "Inner Unique": false,
                      "Hash Cond": "(t.id = mc.movie_id)",
                      "Plans": [
                        {
                          "Node Type": "Seq Scan",
                          "Parent Relationship": "Outer",
                          "Parallel Aware": true,
                          "Relation Name": "title",
                          "Alias": "t",
                          "Startup Cost": 0.0,
                          "Total Cost": 42318.73,
                          "Plan Rows": 632073,
                          "Plan Width": 4,
                          "Actual Startup Time": 0.015,
                          "Actual Total Time": 61.677,
                          "Actual Rows": 505662,
                          "Actual Loops": 5
                        },
                        {
                          "Node Type": "Hash",
                          "Parent Relationship": "Inner",
                          "Parallel Aware": true,
                          "Startup Cost": 20393.15,
                          "Total Cost": 20393.15,
                          "Plan Rows": 20115,
                          "Plan Width": 4,
                          "Actual Startup Time": 27.362,
                          "Actual Total Time": 27.363,
                          "Actual Rows": 12415,
                          "Actual Loops": 5,
                          "Hash Buckets": 65536,
                          "Original Hash Buckets": 65536,
                          "Hash Batches": 1,
                          "Original Hash Batches": 1,
                          "Peak Memory Usage": 2976,
                          "Plans": [
                            {
                              "Node Type": "Bitmap Heap Scan",
                              "Parent Relationship": "Outer",
                              "Parallel Aware": true,
                              "Relation Name": "movie_companies",
                              "Alias": "mc",
                              "Startup Cost": 1351.7,
                              "Total Cost": 20393.15,
                              "Plan Rows": 20115,
                              "Plan Width": 4,
                              "Actual Startup Time": 4.019,
                              "Actual Total Time": 19.766,
                              "Actual Rows": 12415,
                              "Actual Loops": 5,
                              "Recheck Cond": "(company_id = 6)",
                              "Rows Removed by Index Recheck": 0,
                              "Exact Heap Blocks": 3068,
                              "Lossy Heap Blocks": 0,
                              "Plans": [
                                {
                                  "Node Type": "Bitmap Index Scan",
                                  "Parent Relationship": "Outer",
                                  "Parallel Aware": false,
                                  "Index Name": "company_id_movie_companies",
                                  "Startup Cost": 0.0,
                                  "Total Cost": 1336.12,
                                  "Plan Rows": 62358,
                                  "Plan Width": 0,
                                  "Actual Startup Time": 7.968,
                                  "Actual Total Time": 7.968,
                                  "Actual Rows": 62075,
                                  "Actual Loops": 1,
                                  "Index Cond": "(company_id = 6)"
                                }
                              ]
                            }
                          ]
                        }
                      ]
                    },
                    {
                      "Node Type": "Index Only Scan",
                      "Parent Relationship": "Inner",
                      "Parallel Aware": false,
                      "Scan Direction": "Forward",
                      "Index Name": "movie_id_movie_keyword",
                      "Relation Name": "movie_keyword",
                      "Alias": "mk",
                      "Startup Cost": 0.43,
                      "Total Cost": 1.29,
                      "Plan Rows": 45,
                      "Plan Width": 4,
                      "Actual Startup Time": 0.003,
                      "Actual Total Time": 0.003,
                      "Actual Rows": 3,
                      "Actual Loops": 62075,
                      "Index Cond": "(movie_id = t.id)",
                      "Rows Removed by Index Recheck": 0,
                      "Heap Fetches": 169646
                    }
                  ]
                }
              ]
            }
          ]
        }
      ]
    },
    "Planning Time": 1.404,
    "Triggers": [],
    "Execution Time": 234.799
  }
]