[
  {
    "Plan": {
      "Node Type": "Aggregate",
      "Strategy": "Plain",
      "Partial Mode": "Finalize",
      "Parallel Aware": false,
      "Startup Cost": 606416.6,
      "Total Cost": 606416.61,
      "Plan Rows": 1,
      "Plan Width": 8,
      "Actual Startup Time": 2258.605,
      "Actual Total Time": 2348.854,
      "Actual Rows": 1,
      "Actual Loops": 1,
      "Plans": [
        {
          "Node Type": "Gather",
          "Parent Relationship": "Outer",
          "Parallel Aware": false,
          "Startup Cost": 606416.08,
          "Total Cost": 606416.59,
          "Plan Rows": 5,
          "Plan Width": 8,
          "Actual Startup Time": 2251.078,
          "Actual Total Time": 2348.842,
          "Actual Rows": 6,
          "Actual Loops": 1,
          "Workers Planned": 5,
          "Workers Launched": 5,
          "Single Copy": false,
          "Plans": [
            {
              "Node Type": "Aggregate",
              "Strategy": "Plain",
              "Partial Mode": "Partial",
              "Parent Relationship": "Outer",
              "Parallel Aware": false,
              "Startup Cost": 605416.08,
              "Total Cost": 605416.09,
              "Plan Rows": 1,
              "Plan Width": 8,
              "Actual Startup Time": 2238.9,
              "Actual Total Time": 2238.907,
              "Actual Rows": 1,
              "Actual Loops": 6,
              "Plans": [
                {
                  "Node Type": "Hash Join",
                  "Parent Relationship": "Outer",
                  "Parallel Aware": true,
                  "Join Type": "Inner",
                  "Startup Cost": 396515.53,
                  "Total Cost": 601767.61,
                  "Plan Rows": 1459387,
                  "Plan Width": 0,
                  "Actual Startup Time": 1256.354,
                  "Actual Total Time": 2184.646,
                  "Actual Rows": 1070789,
                  "Actual Loops": 6,
                  "Inner Unique": false,
                  "Hash Cond": "(mi.movie_id = t.id)",
                  "Plans": [
                    {
                      "Node Type": "Seq Scan",
                      "Parent Relationship": "Outer",
                      "Parallel Aware": true,
                      "Relation Name": "movie_info",
                      "Alias": "mi",
                      "Startup Cost": 0.0,
                      "Total Cost": 191685.19,
                      "Plan Rows": 2969219,
                      "Plan Width": 4,
                      "Actual Startup Time": 0.027,
                      "Actual Total Time": 320.158,
                      "Actual Rows": 2472620,
                      "Actual Loops": 6
                    },
                    {
                      "Node Type": "Hash",
                      "Parent Relationship": "Inner",
                      "Parallel Aware": true,
                      "Startup Cost": 393926.51,
                      "Total Cost": 393926.51,
                      "Plan Rows": 207122,
                      "Plan Width": 8,
                      "Actual Startup Time": 1250.424,
                      "Actual Total Time": 1250.429,
                      "Actual Rows": 135986,
                      "Actual Loops": 6,
                      "Hash Buckets": 2097152,
                      "Original Hash Buckets": 2097152,
                      "Hash Batches": 1,
                      "Original Hash Batches": 1,
                      "Peak Memory Usage": 48384,
                      "Plans": [
                        {
                          "Node Type": "Hash Join",
                          "Parent Relationship": "Outer",
                          "Parallel Aware": true,
                          "Join Type": "Inner",
                          "Startup Cost": 44616.0,
                          "Total Cost": 393926.51,
                          "Plan Rows": 207122,
                          "Plan Width": 8,
                          "Actual Startup Time": 393.439,
                          "Actual Total Time": 1181.916,
                          "Actual Rows": 135986,
                          "Actual Loops": 6,
                          "Inner Unique": true,
                          "Hash Cond": "(ci.movie_id = t.id)",
                          "Plans": [
                            {
                              "Node Type": "Seq Scan",
                              "Parent Relationship": "Outer",
                              "Parallel Aware": true,
                              "Relation Name": "cast_info",
                              "Alias": "ci",
                              "Startup Cost": 0.0,
                              "Total Cost": 343316.27,
                              "Plan Rows": 2283516,
                              "Plan Width": 4,
                              "Actual Startup Time": 280.085,
                              "Actual Total Time": 792.225,
                              "Actual Rows": 1449419,
                              "Actual Loops": 6,
                              "Filter": "((person_id < 2163956) AND (role_id > 1))",
                              "Rows Removed by Filter": 4591305
                            },
                            {
                              "Node Type": "Hash",
                              "Parent Relationship": "Inner",
                              "Parallel Aware": true,
                              "Startup Cost": 43899.32,
                              "Total Cost": 43899.32,
                              "Plan Rows": 57334,
                              "Plan Width": 4,
                              "Actual Startup Time": 112.67,
                              "Actual Total Time": 112.672,
                              "Actual Rows": 38608,
                              "Actual Loops": 6,
                              "Hash Buckets": 262144,
                              "Original Hash Buckets": 262144,
                              "Hash Batches": 1,
                              "Original Hash Batches": 1,
                              "Peak Memory Usage": 11232,
                              "Plans": [
                                {
                                  "Node Type": "Seq Scan",
                                  "Parent Relationship": "Outer",
                                  "Parallel Aware": true,
                                  "Relation Name": "title",
                                  "Alias": "t",
                                  "Startup Cost": 0.0,
                                  "Total Cost": 43899.32,
                                  "Plan Rows": 57334,
                                  "Plan Width": 4,
                                  "Actual Startup Time": 0.047,
                                  "Actual Total Time": 91.347,
                                  "Actual Rows": 38608,
                                  "Actual Loops": 6,
                                  "Filter": "(production_year > 2011)",
                                  "Rows Removed by Filter": 382777
                                }
                              ]
                            }
                          ]
                        }
                      ]
                    }
                  ]
                }
              ]
            }
          ]
        }
      ]
    },
    "Planning Time": 0.622,
    "Triggers": [],
    "Execution Time": 2348.933
  }
]