{
  "Plan": {
    "Node Type": "Aggregate",
    "Strategy": "Plain",
    "Partial Mode": "Finalize",
    "Parallel Aware": false,
    "Startup Cost": 428502.58,
    "Total Cost": 428502.59,
    "Plan Rows": 1,
    "Plan Width": 8,
    "Actual Startup Time": 5015.356,
    "Actual Total Time": 5060.817,
    "Actual Rows": 1,
    "Actual Loops": 1,
    "Plans": [
      {
        "Node Type": "Gather",
        "Parent Relationship": "Outer",
        "Parallel Aware": false,
        "Startup Cost": 428502.46,
        "Total Cost": 428502.57,
        "Plan Rows": 1,
        "Plan Width": 8,
        "Actual Startup Time": 5009.027,
        "Actual Total Time": 5060.806,
        "Actual Rows": 2,
        "Actual Loops": 1,
        "Workers Planned": 1,
        "Workers Launched": 1,
        "Single Copy": false,
        "Plans": [
          {
            "Node Type": "Aggregate",
            "Strategy": "Plain",
            "Partial Mode": "Partial",
            "Parent Relationship": "Outer",
            "Parallel Aware": false,
            "Startup Cost": 427502.46,
            "Total Cost": 427502.47,
            "Plan Rows": 1,
            "Plan Width": 8,
            "Actual Startup Time": 5003.106,
            "Actual Total Time": 5003.436,
            "Actual Rows": 1,
            "Actual Loops": 2,
            "Plans": [
              {
                "Node Type": "Hash Join",
                "Parent Relationship": "Outer",
                "Parallel Aware": true,
                "Join Type": "Inner",
                "Startup Cost": 123311.69,
                "Total Cost": 420754.95,
                "Plan Rows": 2699006,
                "Plan Width": 0,
                "Actual Startup Time": 920.444,
                "Actual Total Time": 4141.351,
                "Actual Rows": 21509550,
                "Actual Loops": 2,
                "Inner Unique": false,
                "Hash Cond": "(mi.movie_id = t.id)",
                "Plans": [
                  {
                    "Node Type": "Seq Scan",
                    "Parent Relationship": "Outer",
                    "Parallel Aware": true,
                    "Relation Name": "movie_info",
                    "Alias": "mi",
                    "Startup Cost": 0.0,
                    "Total Cost": 248955.74,
                    "Plan Rows": 8696274,
                    "Plan Width": 4,
                    "Actual Startup Time": 0.043,
                    "Actual Total Time": 654.899,
                    "Actual Rows": 7417860,
                    "Actual Loops": 2
                  },
                  {
                    "Node Type": "Hash",
                    "Parent Relationship": "Inner",
                    "Parallel Aware": true,
                    "Startup Cost": 117541.91,
                    "Total Cost": 117541.91,
                    "Plan Rows": 461582,
                    "Plan Width": 8,
                    "Actual Startup Time": 910.074,
                    "Actual Total Time": 910.402,
                    "Actual Rows": 388134,
                    "Actual Loops": 2,
                    "Hash Buckets": 1048576,
                    "Original Hash Buckets": 1048576,
                    "Hash Batches": 1,
                    "Original Hash Batches": 1,
                    "Peak Memory Usage": 38592,
                    "Plans": [
                      {
                        "Node Type": "Hash Join",
                        "Parent Relationship": "Outer",
                        "Parallel Aware": true,
                        "Join Type": "Inner",
                        "Startup Cost": 86106.48,
                        "Total Cost": 117541.91,
                        "Plan Rows": 461582,
                        "Plan Width": 8,
                        "Actual Startup Time": 627.977,
                        "Actual Total Time": 822.139,
                        "Actual Rows": 388134,
                        "Actual Loops": 2,
                        "Inner Unique": true,
                        "Hash Cond": "(mk.movie_id = t.id)",
                        "Plans": [
                          {
                            "Node Type": "Bitmap Heap Scan",
                            "Parent Relationship": "Outer",
                            "Parallel Aware": true,
                            "Relation Name": "movie_keyword",
                            "Alias": "mk",
                            "Startup Cost": 16645.78,
                            "Total Cost": 46869.56,
                            "Plan Rows": 461582,
                            "Plan Width": 4,
                            "Actual Startup Time": 42.723,
                            "Actual Total Time": 134.058,
                            "Actual Rows": 388134,
                            "Actual Loops": 2,
                            "Recheck Cond": "(keyword_id > 24291)",
                            "Rows Removed by Index Recheck": 0,
                            "Exact Heap Blocks": 13334,
                            "Lossy Heap Blocks": 0,
                            "Plans": [
                              {
                                "Node Type": "Bitmap Index Scan",
                                "Parent Relationship": "Outer",
                                "Parallel Aware": false,
                                "Index Name": "keyword_id_movie_keyword",
                                "Startup Cost": 0.0,
                                "Total Cost": 16449.61,
                                "Plan Rows": 784690,
                                "Plan Width": 0,
                                "Actual Startup Time": 39.177,
                                "Actual Total Time": 39.178,
                                "Actual Rows": 776267,
                                "Actual Loops": 1,
                                "Index Cond": "(keyword_id > 24291)"
                              }
                            ]
                          },
                          {
                            "Node Type": "Hash",
                            "Parent Relationship": "Inner",
                            "Parallel Aware": true,
                            "Startup Cost": 50870.31,
                            "Total Cost": 50870.31,
                            "Plan Rows": 1487231,
                            "Plan Width": 4,
                            "Actual Startup Time": 569.769,
                            "Actual Total Time": 569.77,
                            "Actual Rows": 1264156,
                            "Actual Loops": 2,
                            "Hash Buckets": 4194304,
                            "Original Hash Buckets": 4194304,
                            "Hash Batches": 1,
                            "Original Hash Batches": 1,
                            "Peak Memory Usage": 131712,
                            "Plans": [
                              {
                                "Node Type": "Seq Scan",
                                "Parent Relationship": "Outer",
                                "Parallel Aware": true,
                                "Relation Name": "title",
                                "Alias": "t",
                                "Startup Cost": 0.0,
                                "Total Cost": 50870.31,
                                "Plan Rows": 1487231,
                                "Plan Width": 4,
                                "Actual Startup Time": 0.034,
                                "Actual Total Time": 161.151,
                                "Actual Rows": 1264156,
                                "Actual Loops": 2
                              }
                            ]
                          }
                        ]
                      }
                    ]
                  }
                ]
              }
            ]
          }
        ]
      }
    ]
  },
  "Planning Time": 0.825,
  "Triggers": [],
  "Execution Time": 5060.921
}