[
  {
    "Plan": {
      "Node Type": "Aggregate",
      "Strategy": "Plain",
      "Partial Mode": "Finalize",
      "Parallel Aware": false,
      "Startup Cost": 595701.52,
      "Total Cost": 595701.53,
      "Plan Rows": 1,
      "Plan Width": 8,
      "Actual Startup Time": 1895.309,
      "Actual Total Time": 1960.54,
      "Actual Rows": 1,
      "Actual Loops": 1,
      "Plans": [
        {
          "Node Type": "Gather",
          "Parent Relationship": "Outer",
          "Parallel Aware": false,
          "Startup Cost": 595700.9,
          "Total Cost": 595701.51,
          "Plan Rows": 6,
          "Plan Width": 8,
          "Actual Startup Time": 1867.052,
          "Actual Total Time": 1960.529,
          "Actual Rows": 7,
          "Actual Loops": 1,
          "Workers Planned": 6,
          "Workers Launched": 6,
          "Single Copy": false,
          "Plans": [
            {
              "Node Type": "Aggregate",
              "Strategy": "Plain",
              "Partial Mode": "Partial",
              "Parent Relationship": "Outer",
              "Parallel Aware": false,
              "Startup Cost": 594700.9,
              "Total Cost": 594700.91,
              "Plan Rows": 1,
              "Plan Width": 8,
              "Actual Startup Time": 1851.6,
              "Actual Total Time": 1851.714,
              "Actual Rows": 1,
              "Actual Loops": 7,
              "Plans": [
                {
                  "Node Type": "Hash Join",
                  "Parent Relationship": "Outer",
                  "Parallel Aware": true,
                  "Join Type": "Inner",
                  "Startup Cost": 243514.83,
                  "Total Cost": 593000.89,
                  "Plan Rows": 680004,
                  "Plan Width": 0,
                  "Actual Startup Time": 882.25,
                  "Actual Total Time": 1800.587,
                  "Actual Rows": 1022071,
                  "Actual Loops": 7,
                  "Inner Unique": false,
                  "Hash Cond": "(ci.movie_id = t.id)",
                  "Plans": [
                    {
                      "Node Type": "Seq Scan",
                      "Parent Relationship": "Outer",
                      "Parallel Aware": true,
                      "Relation Name": "cast_info",
                      "Alias": "ci",
                      "Startup Cost": 0.0,
                      "Total Cost": 343257.03,
                      "Plan Rows": 1298405,
                      "Plan Width": 4,
                      "Actual Startup Time": 341.034,
                      "Actual Total Time": 680.928,
                      "Actual Rows": 1575570,
                      "Actual Loops": 7,
                      "Filter": "((person_id > 1905393) AND (role_id > 2))",
                      "Rows Removed by Filter": 3602193
                    },
                    {
                      "Node Type": "Hash",
                      "Parent Relationship": "Inner",
                      "Parallel Aware": true,
                      "Startup Cost": 240204.52,
                      "Total Cost": 240204.52,
                      "Plan Rows": 264825,
                      "Plan Width": 8,
                      "Actual Startup Time": 536.34,
                      "Actual Total Time": 536.452,
                      "Actual Rows": 189337,
                      "Actual Loops": 7,
                      "Hash Buckets": 2097152,
                      "Original Hash Buckets": 2097152,
                      "Hash Batches": 1,
                      "Original Hash Batches": 1,
                      "Peak Memory Usage": 68288,
                      "Plans": [
                        {
                          "Node Type": "Hash Join",
                          "Parent Relationship": "Outer",
                          "Parallel Aware": true,
                          "Join Type": "Inner",
                          "Startup Cost": 74206.04,
                          "Total Cost": 240204.52,
                          "Plan Rows": 264825,
                          "Plan Width": 8,
                          "Actual Startup Time": 310.364,
                          "Actual Total Time": 443.237,
                          "Actual Rows": 189337,
                          "Actual Loops": 7,
                          "Inner Unique": true,
                          "Hash Cond": "(mi.movie_id = t.id)",
                          "Plans": [
                            {
                              "Node Type": "Bitmap Heap Scan",
                              "Parent Relationship": "Outer",
                              "Parallel Aware": true,
                              "Relation Name": "movie_info",
                              "Alias": "mi",
                              "Startup Cost": 23986.4,
                              "Total Cost": 189289.71,
                              "Plan Rows": 264825,
                              "Plan Width": 4,
                              "Actual Startup Time": 43.49,
                              "Actual Total Time": 72.939,
                              "Actual Rows": 189337,
                              "Actual Loops": 7,
                              "Recheck Cond": "(info_type_id = 8)",
                              "Rows Removed by Index Recheck": 0,
                              "Exact Heap Blocks": 1306,
                              "Lossy Heap Blocks": 0,
                              "Plans": [
                                {
                                  "Node Type": "Bitmap Index Scan",
                                  "Parent Relationship": "Outer",
                                  "Parallel Aware": false,
                                  "Index Name": "info_type_id_movie_info",
                                  "Startup Cost": 0.0,
                                  "Total Cost": 23655.37,
                                  "Plan Rows": 1324124,
                                  "Plan Width": 0,
                                  "Actual Startup Time": 42.205,
                                  "Actual Total Time": 42.205,
                                  "Actual Rows": 1325361,
                                  "Actual Loops": 1,
                                  "Index Cond": "(info_type_id = 8)"
                                }
                              ]
                            },
                            {
                              "Node Type": "Hash",
                              "Parent Relationship": "Inner",
                              "Parallel Aware": true,
                              "Startup Cost": 42318.73,
                              "Total Cost": 42318.73,
                              "Plan Rows": 632073,
                              "Plan Width": 4,
                              "Actual Startup Time": 262.848,
                              "Actual Total Time": 262.849,
                              "Actual Rows": 361187,
                              "Actual Loops": 7,
                              "Hash Buckets": 4194304,
                              "Original Hash Buckets": 4194304,
                              "Hash Batches": 1,
                              "Original Hash Batches": 1,
                              "Peak Memory Usage": 131808,
                              "Plans": [
                                {
                                  "Node Type": "Seq Scan",
                                  "Parent Relationship": "Outer",
                                  "Parallel Aware": true,
                                  "Relation Name": "title",
                                  "Alias": "t",
                                  "Startup Cost": 0.0,
                                  "Total Cost": 42318.73,
                                  "Plan Rows": 632073,
                                  "Plan Width": 4,
                                  "Actual Startup Time": 0.04,
                                  "Actual Total Time": 76.32,
                                  "Actual Rows": 361187,
                                  "Actual Loops": 7
                                }
                              ]
                            }
                          ]
                        }
                      ]
                    }
                  ]
                }
              ]
            }
          ]
        }
      ]
    },
    "Planning Time": 1.357,
    "Triggers": [],
    "Execution Time": 1960.684
  }
]