[
  {
    "Plan": {
      "Node Type": "Aggregate",
      "Strategy": "Plain",
      "Partial Mode": "Finalize",
      "Parallel Aware": false,
      "Startup Cost": 45279.11,
      "Total Cost": 45279.12,
      "Plan Rows": 1,
      "Plan Width": 8,
      "Actual Startup Time": 140.345,
      "Actual Total Time": 148.126,
      "Actual Rows": 1,
      "Actual Loops": 1,
      "Plans": [
        {
          "Node Type": "Gather",
          "Parent Relationship": "Outer",
          "Parallel Aware": false,
          "Startup Cost": 45278.8,
          "Total Cost": 45279.11,
          "Plan Rows": 3,
          "Plan Width": 8,
          "Actual Startup Time": 140.048,
          "Actual Total Time": 148.117,
          "Actual Rows": 4,
          "Actual Loops": 1,
          "Workers Planned": 3,
          "Workers Launched": 3,
          "Single Copy": false,
          "Plans": [
            {
              "Node Type": "Aggregate",
              "Strategy": "Plain",
              "Partial Mode": "Partial",
              "Parent Relationship": "Outer",
              "Parallel Aware": false,
              "Startup Cost": 44278.8,
              "Total Cost": 44278.81,
              "Plan Rows": 1,
              "Plan Width": 8,
              "Actual Startup Time": 134.299,
              "Actual Total Time": 134.3,
              "Actual Rows": 1,
              "Actual Loops": 4,
              "Plans": [
                {
                  "Node Type": "Seq Scan",
                  "Parent Relationship": "Outer",
                  "Parallel Aware": true,
                  "Relation Name": "movie_keyword",
                  "Alias": "mk",
                  "Startup Cost": 0.0,
                  "Total Cost": 42695.65,
                  "Plan Rows": 633257,
                  "Plan Width": 0,
                  "Actual Startup Time": 0.977,
                  "Actual Total Time": 111.435,
                  "Actual Rows": 489840,
                  "Actual Loops": 4,
                  "Filter": "(keyword_id > 6507)",
                  "Rows Removed by Filter": 641142
                }
              ]
            }
          ]
        }
      ]
    },
    "Planning Time": 0.186,
    "Triggers": [],
    "Execution Time": 148.186
  }
]