[
  {
    "Plan": {
      "Node Type": "Aggregate",
      "Strategy": "Plain",
      "Partial Mode": "Simple",
      "Parallel Aware": false,
      "Startup Cost": 7528.79,
      "Total Cost": 7528.8,
      "Plan Rows": 1,
      "Plan Width": 96,
      "Actual Startup Time": 2819.818,
      "Actual Total Time": 2819.826,
      "Actual Rows": 1,
      "Actual Loops": 1,
      "Plans": [
        {
          "Node Type": "Nested Loop",
          "Parent Relationship": "Outer",
          "Parallel Aware": false,
          "Join Type": "Inner",
          "Startup Cost": 13.64,
          "Total Cost": 7528.78,
          "Plan Rows": 1,
          "Plan Width": 42,
          "Actual Startup Time": 15.407,
          "Actual Total Time": 2819.409,
          "Actual Rows": 955,
          "Actual Loops": 1,
          "Inner Unique": true,
          "Plans": [
            {
              "Node Type": "Nested Loop",
              "Parent Relationship": "Outer",
              "Parallel Aware": false,
              "Join Type": "Inner",
              "Startup Cost": 13.51,
              "Total Cost": 7528.62,
              "Plan Rows": 1,
              "Plan Width": 46,
              "Actual Startup Time": 15.403,
              "Actual Total Time": 2818.155,
              "Actual Rows": 1103,
              "Actual Loops": 1,
              "Inner Unique": true,
              "Plans": [
                {
                  "Node Type": "Nested Loop",
                  "Parent Relationship": "Outer",
                  "Parallel Aware": false,
                  "Join Type": "Inner",
                  "Startup Cost": 13.38,
                  "Total Cost": 7528.45,
                  "Plan Rows": 1,
                  "Plan Width": 50,
                  "Actual Startup Time": 15.25,
                  "Actual Total Time": 2809.099,
                  "Actual Rows": 5364,
                  "Actual Loops": 1,
                  "Inner Unique": true,
                  "Plans": [
                    {
                      "Node Type": "Nested Loop",
                      "Parent Relationship": "Outer",
                      "Parallel Aware": false,
                      "Join Type": "Inner",
                      "Startup Cost": 12.96,
                      "Total Cost": 7527.91,
                      "Plan Rows": 1,
                      "Plan Width": 35,
                      "Actual Startup Time": 15.192,
                      "Actual Total Time": 2778.811,
                      "Actual Rows": 5535,
                      "Actual Loops": 1,
                      "Inner Unique": true,
                      "Join Filter": "(t.kind_id = kt.id)",
                      "Rows Removed by Join Filter": 224,
                      "Plans": [
                        {
                          "Node Type": "Nested Loop",
                          "Parent Relationship": "Outer",
                          "Parallel Aware": false,
                          "Join Type": "Inner",
                          "Startup Cost": 12.96,
                          "Total Cost": 7526.79,
                          "Plan Rows": 1,
                          "Plan Width": 39,
                          "Actual Startup Time": 15.18,
                          "Actual Total Time": 2758.602,
                          "Actual Rows": 5636,
                          "Actual Loops": 1,
                          "Inner Unique": true,
                          "Join Filter": "(mi.info_type_id = it1.id)",
                          "Rows Removed by Join Filter": 2888,
                          "Plans": [
                            {
                              "Node Type": "Nested Loop",
                              "Parent Relationship": "Outer",
                              "Parallel Aware": false,
                              "Join Type": "Inner",
                              "Startup Cost": 12.96,
                              "Total Cost": 7524.37,
                              "Plan Rows": 1,
                              "Plan Width": 43,
                              "Actual Startup Time": 15.168,
                              "Actual Total Time": 2692.877,
                              "Actual Rows": 8524,
                              "Actual Loops": 1,
                              "Inner Unique": false,
                              "Join Filter": "(t.id = mi.movie_id)",
                              "Rows Removed by Join Filter": 0,
                              "Plans": [
                                {
                                  "Node Type": "Nested Loop",
                                  "Parent Relationship": "Outer",
                                  "Parallel Aware": false,
                                  "Join Type": "Inner",
                                  "Startup Cost": 12.53,
                                  "Total Cost": 7522.85,
                                  "Plan Rows": 1,
                                  "Plan Width": 59,
                                  "Actual Startup Time": 8.179,
                                  "Actual Total Time": 874.99,
                                  "Actual Rows": 22711,
                                  "Actual Loops": 1,
                                  "Inner Unique": true,
                                  "Plans": [
                                    {
                                      "Node Type": "Nested Loop",
                                      "Parent Relationship": "Outer",
                                      "Parallel Aware": false,
                                      "Join Type": "Inner",
                                      "Startup Cost": 12.1,
                                      "Total Cost": 7522.36,
                                      "Plan Rows": 1,
                                      "Plan Width": 34,
                                      "Actual Startup Time": 8.094,
                                      "Actual Total Time": 692.663,
                                      "Actual Rows": 43624,
                                      "Actual Loops": 1,
                                      "Inner Unique": true,
                                      "Join Filter": "(mc.company_type_id = ct.id)",
                                      "Rows Removed by Join Filter": 10,
                                      "Plans": [
                                        {
                                          "Node Type": "Nested Loop",
                                          "Parent Relationship": "Outer",
                                          "Parallel Aware": false,
                                          "Join Type": "Inner",
                                          "Startup Cost": 12.1,
                                          "Total Cost": 7521.27,
                                          "Plan Rows": 1,
                                          "Plan Width": 38,
                                          "Actual Startup Time": 8.082,
                                          "Actual Total Time": 541.947,
                                          "Actual Rows": 43624,
                                          "Actual Loops": 1,
                                          "Inner Unique": false,
                                          "Plans": [
                                            {
                                              "Node Type": "Nested Loop",
                                              "Parent Relationship": "Outer",
                                              "Parallel Aware": false,
                                              "Join Type": "Inner",
                                              "Startup Cost": 11.67,
                                              "Total Cost": 7520.69,
                                              "Plan Rows": 1,
                                              "Plan Width": 26,
                                              "Actual Startup Time": 7.657,
                                              "Actual Total Time": 385.125,
                                              "Actual Rows": 8532,
                                              "Actual Loops": 1,
                                              "Inner Unique": false,
                                              "Plans": [
                                                {
                                                  "Node Type": "Nested Loop",
                                                  "Parent Relationship": "Outer",
                                                  "Parallel Aware": false,
                                                  "Join Type": "Inner",
                                                  "Startup Cost": 11.25,
                                                  "Total Cost": 7520.22,
                                                  "Plan Rows": 1,
                                                  "Plan Width": 14,
                                                  "Actual Startup Time": 5.714,
                                                  "Actual Total Time": 341.211,
                                                  "Actual Rows": 11708,
                                                  "Actual Loops": 1,
                                                  "Inner Unique": false,
                                                  "Join Filter": "(mi_idx.info_type_id = it2.id)",
                                                  "Rows Removed by Join Filter": 6993,
                                                  "Plans": [
                                                    {
                                                      "Node Type": "Seq Scan",
                                                      "Parent Relationship": "Outer",
                                                      "Parallel Aware": false,
                                                      "Relation Name": "info_type",
                                                      "Alias": "it2",
                                                      "Startup Cost": 0.0,
                                                      "Total Cost": 2.41,
                                                      "Plan Rows": 1,
                                                      "Plan Width": 4,
                                                      "Actual Startup Time": 0.025,
                                                      "Actual Total Time": 0.027,
                                                      "Actual Rows": 1,
                                                      "Actual Loops": 1,
                                                      "Filter": "((info)::text = 'rating'::text)",
                                                      "Rows Removed by Filter": 112
                                                    },
                                                    {
                                                      "Node Type": "Nested Loop",
                                                      "Parent Relationship": "Inner",
                                                      "Parallel Aware": false,
                                                      "Join Type": "Inner",
                                                      "Startup Cost": 11.25,
                                                      "Total Cost": 7516.67,
                                                      "Plan Rows": 91,
                                                      "Plan Width": 18,
                                                      "Actual Startup Time": 5.685,
                                                      "Actual Total Time": 338.208,
                                                      "Actual Rows": 18701,
                                                      "Actual Loops": 1,
                                                      "Inner Unique": false,
                                                      "Plans": [
                                                        {
                                                          "Node Type": "Nested Loop",
                                                          "Parent Relationship": "Outer",
                                                          "Parallel Aware": false,
                                                          "Join Type": "Inner",
                                                          "Startup Cost": 10.82,
                                                          "Total Cost": 7447.81,
                                                          "Plan Rows": 135,
                                                          "Plan Width": 4,
                                                          "Actual Startup Time": 5.622,
                                                          "Actual Total Time": 148.435,
                                                          "Actual Rows": 37091,
                                                          "Actual Loops": 1,
                                                          "Inner Unique": false,
                                                          "Plans": [
                                                            {
                                                              "Node Type": "Seq Scan",
                                                              "Parent Relationship": "Outer",
                                                              "Parallel Aware": false,
                                                              "Relation Name": "keyword",
                                                              "Alias": "k",
                                                              "Startup Cost": 0.0,
                                                              "Total Cost": 2961.55,
                                                              "Plan Rows": 4,
                                                              "Plan Width": 4,
                                                              "Actual Startup Time": 1.645,
                                                              "Actual Total Time": 17.024,
                                                              "Actual Rows": 3,
                                                              "Actual Loops": 1,
                                                              "Filter": "(keyword = ANY ('{murder,murder-in-title,blood,violence}'::text[]))",
                                                              "Rows Removed by Filter": 134167
                                                            },
                                                            {
                                                              "Node Type": "Bitmap Heap Scan",
                                                              "Parent Relationship": "Inner",
                                                              "Parallel Aware": false,
                                                              "Relation Name": "movie_keyword",
                                                              "Alias": "mk",
                                                              "Startup Cost": 10.82,
                                                              "Total Cost": 1118.49,
                                                              "Plan Rows": 308,
                                                              "Plan Width": 8,
                                                              "Actual Startup Time": 3.556,
                                                              "Actual Total Time": 41.976,
                                                              "Actual Rows": 12364,
                                                              "Actual Loops": 3,
                                                              "Recheck Cond": "(keyword_id = k.id)",
                                                              "Rows Removed by Index Recheck": 0,
                                                              "Exact Heap Blocks": 26312,
                                                              "Lossy Heap Blocks": 0,
                                                              "Plans": [
                                                                {
                                                                  "Node Type": "Bitmap Index Scan",
                                                                  "Parent Relationship": "Outer",
                                                                  "Parallel Aware": false,
                                                                  "Index Name": "keyword_id_movie_keyword",
                                                                  "Startup Cost": 0.0,
                                                                  "Total Cost": 10.74,
                                                                  "Plan Rows": 308,
                                                                  "Plan Width": 0,
                                                                  "Actual Startup Time": 2.282,
                                                                  "Actual Total Time": 2.282,
                                                                  "Actual Rows": 12364,
                                                                  "Actual Loops": 3,
                                                                  "Index Cond": "(keyword_id = k.id)"
                                                                }
                                                              ]
                                                            }
                                                          ]
                                                        },
                                                        {
                                                          "Node Type": "Index Scan",
                                                          "Parent Relationship": "Inner",
                                                          "Parallel Aware": false,
                                                          "Scan Direction": "Forward",
                                                          "Index Name": "movie_id_movie_info_idx",
                                                          "Relation Name": "movie_info_idx",
                                                          "Alias": "mi_idx",
                                                          "Startup Cost": 0.43,
                                                          "Total Cost": 0.5,
                                                          "Plan Rows": 1,
                                                          "Plan Width": 14,
                                                          "Actual Startup Time": 0.005,
                                                          "Actual Total Time": 0.005,
                                                          "Actual Rows": 1,
                                                          "Actual Loops": 37091,
                                                          "Index Cond": "(movie_id = mk.movie_id)",
                                                          "Rows Removed by Index Recheck": 0,
                                                          "Filter": "(info > '6.5'::text)",
                                                          "Rows Removed by Filter": 2
                                                        }
                                                      ]
                                                    }
                                                  ]
                                                },
                                                {
                                                  "Node Type": "Index Scan",
                                                  "Parent Relationship": "Inner",
                                                  "Parallel Aware": false,
                                                  "Scan Direction": "Forward",
                                                  "Index Name": "movie_id_complete_cast",
                                                  "Relation Name": "complete_cast",
                                                  "Alias": "cc",
                                                  "Startup Cost": 0.42,
                                                  "Total Cost": 0.46,
                                                  "Plan Rows": 2,
                                                  "Plan Width": 12,
                                                  "Actual Startup Time": 0.003,
                                                  "Actual Total Time": 0.003,
                                                  "Actual Rows": 1,
                                                  "Actual Loops": 11708,
                                                  "Index Cond": "(movie_id = mk.movie_id)",
                                                  "Rows Removed by Index Recheck": 0
                                                }
                                              ]
                                            },
                                            {
                                              "Node Type": "Index Scan",
                                              "Parent Relationship": "Inner",
                                              "Parallel Aware": false,
                                              "Scan Direction": "Forward",
                                              "Index Name": "movie_id_movie_companies",
                                              "Relation Name": "movie_companies",
                                              "Alias": "mc",
                                              "Startup Cost": 0.43,
                                              "Total Cost": 0.57,
                                              "Plan Rows": 1,
                                              "Plan Width": 12,
                                              "Actual Startup Time": 0.009,
                                              "Actual Total Time": 0.017,
                                              "Actual Rows": 5,
                                              "Actual Loops": 8532,
                                              "Index Cond": "(movie_id = mk.movie_id)",
                                              "Rows Removed by Index Recheck": 0,
                                              "Filter": "((note !~~ '%(USA)%'::text) AND (note ~~ '%(200%)%'::text))",
                                              "Rows Removed by Filter": 12
                                            }
                                          ]
                                        },
                                        {
                                          "Node Type": "Seq Scan",
                                          "Parent Relationship": "Inner",
                                          "Parallel Aware": false,
                                          "Relation Name": "company_type",
                                          "Alias": "ct",
                                          "Startup Cost": 0.0,
                                          "Total Cost": 1.04,
                                          "Plan Rows": 4,
                                          "Plan Width": 4,
                                          "Actual Startup Time": 0.001,
                                          "Actual Total Time": 0.001,
                                          "Actual Rows": 1,
                                          "Actual Loops": 43624
                                        }
                                      ]
                                    },
                                    {
                                      "Node Type": "Index Scan",
                                      "Parent Relationship": "Inner",
                                      "Parallel Aware": false,
                                      "Scan Direction": "Forward",
                                      "Index Name": "title_pkey",
                                      "Relation Name": "title",
                                      "Alias": "t",
                                      "Startup Cost": 0.43,
                                      "Total Cost": 0.49,
                                      "Plan Rows": 1,
                                      "Plan Width": 25,
                                      "Actual Startup Time": 0.003,
                                      "Actual Total Time": 0.003,
                                      "Actual Rows": 1,
                                      "Actual Loops": 43624,
                                      "Index Cond": "(id = mk.movie_id)",
                                      "Rows Removed by Index Recheck": 0,
                                      "Filter": "(production_year > 2000)",
                                      "Rows Removed by Filter": 0
                                    }
                                  ]
                                },
                                {
                                  "Node Type": "Index Scan",
                                  "Parent Relationship": "Inner",
                                  "Parallel Aware": false,
                                  "Scan Direction": "Forward",
                                  "Index Name": "movie_id_movie_info",
                                  "Relation Name": "movie_info",
                                  "Alias": "mi",
                                  "Startup Cost": 0.43,
                                  "Total Cost": 1.5,
                                  "Plan Rows": 1,
                                  "Plan Width": 8,
                                  "Actual Startup Time": 0.07,
                                  "Actual Total Time": 0.08,
                                  "Actual Rows": 0,
                                  "Actual Loops": 22711,
                                  "Index Cond": "(movie_id = mk.movie_id)",
                                  "Rows Removed by Index Recheck": 0,
                                  "Filter": "(info = ANY ('{Sweden,Germany,Swedish,German}'::text[]))",
                                  "Rows Removed by Filter": 293
                                }
                              ]
                            },
                            {
                              "Node Type": "Seq Scan",
                              "Parent Relationship": "Inner",
                              "Parallel Aware": false,
                              "Relation Name": "info_type",
                              "Alias": "it1",
                              "Startup Cost": 0.0,
                              "Total Cost": 2.41,
                              "Plan Rows": 1,
                              "Plan Width": 4,
                              "Actual Startup Time": 0.003,
                              "Actual Total Time": 0.005,
                              "Actual Rows": 1,
                              "Actual Loops": 8524,
                              "Filter": "((info)::text = 'countries'::text)",
                              "Rows Removed by Filter": 43
                            }
                          ]
                        },
                        {
                          "Node Type": "Seq Scan",
                          "Parent Relationship": "Inner",
                          "Parallel Aware": false,
                          "Relation Name": "kind_type",
                          "Alias": "kt",
                          "Startup Cost": 0.0,
                          "Total Cost": 1.09,
                          "Plan Rows": 2,
                          "Plan Width": 4,
                          "Actual Startup Time": 0.001,
                          "Actual Total Time": 0.001,
                          "Actual Rows": 1,
                          "Actual Loops": 5636,
                          "Filter": "((kind)::text = ANY ('{movie,episode}'::text[]))",
                          "Rows Removed by Filter": 0
                        }
                      ]
                    },
                    {
                      "Node Type": "Index Scan",
                      "Parent Relationship": "Inner",
                      "Parallel Aware": false,
                      "Scan Direction": "Forward",
                      "Index Name": "company_name_pkey",
                      "Relation Name": "company_name",
                      "Alias": "cn",
                      "Startup Cost": 0.42,
                      "Total Cost": 0.55,
                      "Plan Rows": 1,
                      "Plan Width": 23,
                      "Actual Startup Time": 0.005,
                      "Actual Total Time": 0.005,
                      "Actual Rows": 1,
                      "Actual Loops": 5535,
                      "Index Cond": "(id = mc.company_id)",
                      "Rows Removed by Index Recheck": 0,
                      "Filter": "((country_code)::text <> '[us]'::text)",
                      "Rows Removed by Filter": 0
                    }
                  ]
                },
                {
                  "Node Type": "Index Scan",
                  "Parent Relationship": "Inner",
                  "Parallel Aware": false,
                  "Scan Direction": "Forward",
                  "Index Name": "comp_cast_type_pkey",
                  "Relation Name": "comp_cast_type",
                  "Alias": "cct1",
                  "Startup Cost": 0.13,
                  "Total Cost": 0.15,
                  "Plan Rows": 1,
                  "Plan Width": 4,
                  "Actual Startup Time": 0.001,
                  "Actual Total Time": 0.001,
                  "Actual Rows": 0,
                  "Actual Loops": 5364,
                  "Index Cond": "(id = cc.subject_id)",
                  "Rows Removed by Index Recheck": 0,
                  "Filter": "((kind)::text = 'crew'::text)",
                  "Rows Removed by Filter": 1
                }
              ]
            },
            {
              "Node Type": "Index Scan",
              "Parent Relationship": "Inner",
              "Parallel Aware": false,
              "Scan Direction": "Forward",
              "Index Name": "comp_cast_type_pkey",
              "Relation Name": "comp_cast_type",
              "Alias": "cct2",
              "Startup Cost": 0.13,
              "Total Cost": 0.15,
              "Plan Rows": 1,
              "Plan Width": 4,
              "Actual Startup Time": 0.001,
              "Actual Total Time": 0.001,
              "Actual Rows": 1,
              "Actual Loops": 1103,
              "Index Cond": "(id = cc.status_id)",
              "Rows Removed by Index Recheck": 0,
              "Filter": "((kind)::text <> 'complete+verified'::text)",
              "Rows Removed by Filter": 0
            }
          ]
        }
      ]
    },
    "Planning Time": 440.701,
    "Triggers": [],
    "Execution Time": 2820.337
  }
]