[
  {
    "Plan": {
      "Node Type": "Aggregate",
      "Strategy": "Plain",
      "Partial Mode": "Finalize",
      "Parallel Aware": false,
      "Startup Cost": 115568.69,
      "Total Cost": 115568.7,
      "Plan Rows": 1,
      "Plan Width": 8,
      "Actual Startup Time": 751.321,
      "Actual Total Time": 772.561,
      "Actual Rows": 1,
      "Actual Loops": 1,
      "Plans": [
        {
          "Node Type": "Gather",
          "Parent Relationship": "Outer",
          "Parallel Aware": false,
          "Startup Cost": 115568.47,
          "Total Cost": 115568.68,
          "Plan Rows": 2,
          "Plan Width": 8,
          "Actual Startup Time": 739.525,
          "Actual Total Time": 772.55,
          "Actual Rows": 3,
          "Actual Loops": 1,
          "Workers Planned": 2,
          "Workers Launched": 2,
          "Single Copy": false,
          "Plans": [
            {
              "Node Type": "Aggregate",
              "Strategy": "Plain",
              "Partial Mode": "Partial",
              "Parent Relationship": "Outer",
              "Parallel Aware": false,
              "Startup Cost": 114568.47,
              "Total Cost": 114568.48,
              "Plan Rows": 1,
              "Plan Width": 8,
              "Actual Startup Time": 732.533,
              "Actual Total Time": 732.982,
              "Actual Rows": 1,
              "Actual Loops": 3,
              "Plans": [
                {
                  "Node Type": "Hash Join",
                  "Parent Relationship": "Outer",
                  "Parallel Aware": true,
                  "Join Type": "Inner",
                  "Startup Cost": 97698.07,
                  "Total Cost": 114119.21,
                  "Plan Rows": 179705,
                  "Plan Width": 0,
                  "Actual Startup Time": 595.994,
                  "Actual Total Time": 720.864,
                  "Actual Rows": 241188,
                  "Actual Loops": 3,
                  "Inner Unique": false,
                  "Hash Cond": "(mi_idx.movie_id = t.id)",
                  "Plans": [
                    {
                      "Node Type": "Seq Scan",
                      "Parent Relationship": "Outer",
                      "Parallel Aware": true,
                      "Relation Name": "movie_info_idx",
                      "Alias": "mi_idx",
                      "Startup Cost": 0.0,
                      "Total Cost": 13685.15,
                      "Plan Rows": 575015,
                      "Plan Width": 4,
                      "Actual Startup Time": 0.017,
                      "Actual Total Time": 43.902,
                      "Actual Rows": 460012,
                      "Actual Loops": 3
                    },
                    {
                      "Node Type": "Hash",
                      "Parent Relationship": "Inner",
                      "Parallel Aware": true,
                      "Startup Cost": 94511.82,
                      "Total Cost": 94511.82,
                      "Plan Rows": 254900,
                      "Plan Width": 8,
                      "Actual Startup Time": 586.26,
                      "Actual Total Time": 586.706,
                      "Actual Rows": 149670,
                      "Actual Loops": 3,
                      "Hash Buckets": 1048576,
                      "Original Hash Buckets": 1048576,
                      "Hash Batches": 1,
                      "Original Hash Batches": 1,
                      "Peak Memory Usage": 25824,
                      "Plans": [
                        {
                          "Node Type": "Hash Join",
                          "Parent Relationship": "Outer",
                          "Parallel Aware": true,
                          "Join Type": "Inner",
                          "Startup Cost": 50827.6,
                          "Total Cost": 94511.82,
                          "Plan Rows": 254900,
                          "Plan Width": 8,
                          "Actual Startup Time": 347.678,
                          "Actual Total Time": 542.924,
                          "Actual Rows": 149670,
                          "Actual Loops": 3,
                          "Inner Unique": true,
                          "Hash Cond": "(mk.movie_id = t.id)",
                          "Plans": [
                            {
                              "Node Type": "Seq Scan",
                              "Parent Relationship": "Outer",
                              "Parallel Aware": true,
                              "Relation Name": "movie_keyword",
                              "Alias": "mk",
                              "Startup Cost": 0.0,
                              "Total Cost": 42695.65,
                              "Plan Rows": 376597,
                              "Plan Width": 4,
                              "Actual Startup Time": 1.332,
                              "Actual Total Time": 119.249,
                              "Actual Rows": 391653,
                              "Actual Loops": 3,
                              "Filter": "(keyword_id > 15855)",
                              "Rows Removed by Filter": 1116323
                            },
                            {
                              "Node Type": "Hash",
                              "Parent Relationship": "Inner",
                              "Parallel Aware": true,
                              "Startup Cost": 45479.59,
                              "Total Cost": 45479.59,
                              "Plan Rows": 427841,
                              "Plan Width": 4,
                              "Actual Startup Time": 339.577,
                              "Actual Total Time": 339.578,
                              "Actual Rows": 599847,
                              "Actual Loops": 3,
                              "Hash Buckets": 2097152,
                              "Original Hash Buckets": 2097152,
                              "Hash Batches": 1,
                              "Original Hash Batches": 1,
                              "Peak Memory Usage": 86816,
                              "Plans": [
                                {
                                  "Node Type": "Seq Scan",
                                  "Parent Relationship": "Outer",
                                  "Parallel Aware": true,
                                  "Relation Name": "title",
                                  "Alias": "t",
                                  "Startup Cost": 0.0,
                                  "Total Cost": 45479.59,
                                  "Plan Rows": 427841,
                                  "Plan Width": 4,
                                  "Actual Startup Time": 0.051,
                                  "Actual Total Time": 134.47,
                                  "Actual Rows": 599847,
                                  "Actual Loops": 3,
                                  "Filter": "((kind_id > 1) AND (production_year > 1943))",
                                  "Rows Removed by Filter": 242924
                                }
                              ]
                            }
                          ]
                        }
                      ]
                    }
                  ]
                }
              ]
            }
          ]
        }
      ]
    },
    "Planning Time": 1.331,
    "Triggers": [],
    "Execution Time": 772.68
  }
]