[
  {
    "Plan": {
      "Node Type": "Aggregate",
      "Strategy": "Plain",
      "Partial Mode": "Finalize",
      "Parallel Aware": false,
      "Startup Cost": 115536.12,
      "Total Cost": 115536.13,
      "Plan Rows": 1,
      "Plan Width": 8,
      "Actual Startup Time": 740.013,
      "Actual Total Time": 756.112,
      "Actual Rows": 1,
      "Actual Loops": 1,
      "Plans": [
        {
          "Node Type": "Gather",
          "Parent Relationship": "Outer",
          "Parallel Aware": false,
          "Startup Cost": 115535.91,
          "Total Cost": 115536.12,
          "Plan Rows": 2,
          "Plan Width": 8,
          "Actual Startup Time": 730.771,
          "Actual Total Time": 756.1,
          "Actual Rows": 3,
          "Actual Loops": 1,
          "Workers Planned": 2,
          "Workers Launched": 2,
          "Single Copy": false,
          "Plans": [
            {
              "Node Type": "Aggregate",
              "Strategy": "Plain",
              "Partial Mode": "Partial",
              "Parent Relationship": "Outer",
              "Parallel Aware": false,
              "Startup Cost": 114535.91,
              "Total Cost": 114535.92,
              "Plan Rows": 1,
              "Plan Width": 8,
              "Actual Startup Time": 723.073,
              "Actual Total Time": 723.339,
              "Actual Rows": 1,
              "Actual Loops": 3,
              "Plans": [
                {
                  "Node Type": "Hash Join",
                  "Parent Relationship": "Outer",
                  "Parallel Aware": true,
                  "Join Type": "Inner",
                  "Startup Cost": 97667.98,
                  "Total Cost": 114087.73,
                  "Plan Rows": 179272,
                  "Plan Width": 0,
                  "Actual Startup Time": 599.844,
                  "Actual Total Time": 712.335,
                  "Actual Rows": 241188,
                  "Actual Loops": 3,
                  "Inner Unique": false,
                  "Hash Cond": "(mi_idx.movie_id = t.id)",
                  "Plans": [
                    {
                      "Node Type": "Seq Scan",
                      "Parent Relationship": "Outer",
                      "Parallel Aware": true,
                      "Relation Name": "movie_info_idx",
                      "Alias": "mi_idx",
                      "Startup Cost": 0.0,
                      "Total Cost": 13685.15,
                      "Plan Rows": 575015,
                      "Plan Width": 4,
                      "Actual Startup Time": 0.037,
                      "Actual Total Time": 40.051,
                      "Actual Rows": 460012,
                      "Actual Loops": 3
                    },
                    {
                      "Node Type": "Hash",
                      "Parent Relationship": "Inner",
                      "Parallel Aware": true,
                      "Startup Cost": 94489.58,
                      "Total Cost": 94489.58,
                      "Plan Rows": 254272,
                      "Plan Width": 8,
                      "Actual Startup Time": 589.974,
                      "Actual Total Time": 590.238,
                      "Actual Rows": 149670,
                      "Actual Loops": 3,
                      "Hash Buckets": 1048576,
                      "Original Hash Buckets": 1048576,
                      "Hash Batches": 1,
                      "Original Hash Batches": 1,
                      "Peak Memory Usage": 25824,
                      "Plans": [
                        {
                          "Node Type": "Hash Join",
                          "Parent Relationship": "Outer",
                          "Parallel Aware": true,
                          "Join Type": "Inner",
                          "Startup Cost": 50803.46,
                          "Total Cost": 94489.58,
                          "Plan Rows": 254272,
                          "Plan Width": 8,
                          "Actual Startup Time": 339.302,
                          "Actual Total Time": 546.852,
                          "Actual Rows": 149670,
                          "Actual Loops": 3,
                          "Inner Unique": true,
                          "Hash Cond": "(mk.movie_id = t.id)",
                          "Plans": [
                            {
                              "Node Type": "Seq Scan",
                              "Parent Relationship": "Outer",
                              "Parallel Aware": true,
                              "Relation Name": "movie_keyword",
                              "Alias": "mk",
                              "Startup Cost": 0.0,
                              "Total Cost": 42695.65,
                              "Plan Rows": 377319,
                              "Plan Width": 4,
                              "Actual Startup Time": 1.523,
                              "Actual Total Time": 129.463,
                              "Actual Rows": 391653,
                              "Actual Loops": 3,
                              "Filter": "(keyword_id > 15855)",
                              "Rows Removed by Filter": 1116323
                            },
                            {
                              "Node Type": "Hash",
                              "Parent Relationship": "Inner",
                              "Parallel Aware": true,
                              "Startup Cost": 45479.1,
                              "Total Cost": 45479.1,
                              "Plan Rows": 425949,
                              "Plan Width": 4,
                              "Actual Startup Time": 331.439,
                              "Actual Total Time": 331.44,
                              "Actual Rows": 599847,
                              "Actual Loops": 3,
                              "Hash Buckets": 2097152,
                              "Original Hash Buckets": 2097152,
                              "Hash Batches": 1,
                              "Original Hash Batches": 1,
                              "Peak Memory Usage": 86816,
                              "Plans": [
                                {
                                  "Node Type": "Seq Scan",
                                  "Parent Relationship": "Outer",
                                  "Parallel Aware": true,
                                  "Relation Name": "title",
                                  "Alias": "t",
                                  "Startup Cost": 0.0,
                                  "Total Cost": 45479.1,
                                  "Plan Rows": 425949,
                                  "Plan Width": 4,
                                  "Actual Startup Time": 0.051,
                                  "Actual Total Time": 144.541,
                                  "Actual Rows": 599847,
                                  "Actual Loops": 3,
                                  "Filter": "((kind_id > 1) AND (production_year > 1943))",
                                  "Rows Removed by Filter": 242924
                                }
                              ]
                            }
                          ]
                        }
                      ]
                    }
                  ]
                }
              ]
            }
          ]
        }
      ]
    },
    "Planning Time": 1.317,
    "Triggers": [],
    "Execution Time": 756.196
  }
]