[
  {
    "Plan": {
      "Node Type": "Aggregate",
      "Strategy": "Plain",
      "Partial Mode": "Finalize",
      "Parallel Aware": false,
      "Startup Cost": 104500.84,
      "Total Cost": 104500.85,
      "Plan Rows": 1,
      "Plan Width": 8,
      "Actual Startup Time": 963.521,
      "Actual Total Time": 979.544,
      "Actual Rows": 1,
      "Actual Loops": 1,
      "Plans": [
        {
          "Node Type": "Gather",
          "Parent Relationship": "Outer",
          "Parallel Aware": false,
          "Startup Cost": 104500.63,
          "Total Cost": 104500.84,
          "Plan Rows": 2,
          "Plan Width": 8,
          "Actual Startup Time": 952.232,
          "Actual Total Time": 979.537,
          "Actual Rows": 3,
          "Actual Loops": 1,
          "Workers Planned": 2,
          "Workers Launched": 2,
          "Single Copy": false,
          "Plans": [
            {
              "Node Type": "Aggregate",
              "Strategy": "Plain",
              "Partial Mode": "Partial",
              "Parent Relationship": "Outer",
              "Parallel Aware": false,
              "Startup Cost": 103500.63,
              "Total Cost": 103500.64,
              "Plan Rows": 1,
              "Plan Width": 8,
              "Actual Startup Time": 945.157,
              "Actual Total Time": 945.162,
              "Actual Rows": 1,
              "Actual Loops": 3,
              "Plans": [
                {
                  "Node Type": "Hash Join",
                  "Parent Relationship": "Outer",
                  "Parallel Aware": true,
                  "Join Type": "Inner",
                  "Startup Cost": 86314.08,
                  "Total Cost": 102828.08,
                  "Plan Rows": 269020,
                  "Plan Width": 0,
                  "Actual Startup Time": 751.002,
                  "Actual Total Time": 919.071,
                  "Actual Rows": 555940,
                  "Actual Loops": 3,
                  "Inner Unique": false,
                  "Hash Cond": "(mi_idx.movie_id = t.id)",
                  "Plans": [
                    {
                      "Node Type": "Seq Scan",
                      "Parent Relationship": "Outer",
                      "Parallel Aware": true,
                      "Relation Name": "movie_info_idx",
                      "Alias": "mi_idx",
                      "Startup Cost": 0.0,
                      "Total Cost": 13685.15,
                      "Plan Rows": 575015,
                      "Plan Width": 4,
                      "Actual Startup Time": 0.027,
                      "Actual Total Time": 38.556,
                      "Actual Rows": 460012,
                      "Actual Loops": 3
                    },
                    {
                      "Node Type": "Hash",
                      "Parent Relationship": "Inner",
                      "Parallel Aware": true,
                      "Startup Cost": 82617.6,
                      "Total Cost": 82617.6,
                      "Plan Rows": 295718,
                      "Plan Width": 8,
                      "Actual Startup Time": 743.966,
                      "Actual Total Time": 743.97,
                      "Actual Rows": 423549,
                      "Actual Loops": 3,
                      "Hash Buckets": 2097152,
                      "Original Hash Buckets": 2097152,
                      "Hash Batches": 1,
                      "Original Hash Batches": 1,
                      "Peak Memory Usage": 66144,
                      "Plans": [
                        {
                          "Node Type": "Hash Join",
                          "Parent Relationship": "Outer",
                          "Parallel Aware": true,
                          "Join Type": "Inner",
                          "Startup Cost": 36184.47,
                          "Total Cost": 82617.6,
                          "Plan Rows": 295718,
                          "Plan Width": 8,
                          "Actual Startup Time": 231.404,
                          "Actual Total Time": 614.678,
                          "Actual Rows": 423549,
                          "Actual Loops": 3,
                          "Inner Unique": false,
                          "Hash Cond": "(t.id = mc.movie_id)",
                          "Plans": [
                            {
                              "Node Type": "Seq Scan",
                              "Parent Relationship": "Outer",
                              "Parallel Aware": true,
                              "Relation Name": "title",
                              "Alias": "t",
                              "Startup Cost": 0.0,
                              "Total Cost": 42318.81,
                              "Plan Rows": 632080,
                              "Plan Width": 4,
                              "Actual Startup Time": 0.014,
                              "Actual Total Time": 90.224,
                              "Actual Rows": 842771,
                              "Actual Loops": 3
                            },
                            {
                              "Node Type": "Hash",
                              "Parent Relationship": "Inner",
                              "Parallel Aware": true,
                              "Startup Cost": 31414.82,
                              "Total Cost": 31414.82,
                              "Plan Rows": 381572,
                              "Plan Width": 4,
                              "Actual Startup Time": 226.801,
                              "Actual Total Time": 226.802,
                              "Actual Rows": 423549,
                              "Actual Loops": 3,
                              "Hash Buckets": 2097152,
                              "Original Hash Buckets": 2097152,
                              "Hash Batches": 1,
                              "Original Hash Batches": 1,
                              "Peak Memory Usage": 66144,
                              "Plans": [
                                {
                                  "Node Type": "Seq Scan",
                                  "Parent Relationship": "Outer",
                                  "Parallel Aware": true,
                                  "Relation Name": "movie_companies",
                                  "Alias": "mc",
                                  "Startup Cost": 0.0,
                                  "Total Cost": 31414.82,
                                  "Plan Rows": 381572,
                                  "Plan Width": 4,
                                  "Actual Startup Time": 47.379,
                                  "Actual Total Time": 106.891,
                                  "Actual Rows": 423549,
                                  "Actual Loops": 3,
                                  "Filter": "((company_id > 150) AND (company_type_id = 2))",
                                  "Rows Removed by Filter": 446161
                                }
                              ]
                            }
                          ]
                        }
                      ]
                    }
                  ]
                }
              ]
            }
          ]
        }
      ]
    },
    "Planning Time": 0.633,
    "Triggers": [],
    "Execution Time": 979.591
  }
]