[
  {
    "Plan": {
      "Node Type": "Aggregate",
      "Strategy": "Plain",
      "Partial Mode": "Simple",
      "Parallel Aware": false,
      "Startup Cost": 21004.67,
      "Total Cost": 21004.68,
      "Plan Rows": 1,
      "Plan Width": 8,
      "Actual Startup Time": 15.619,
      "Actual Total Time": 15.62,
      "Actual Rows": 1,
      "Actual Loops": 1,
      "Plans": [
        {
          "Node Type": "Bitmap Heap Scan",
          "Parent Relationship": "Outer",
          "Parallel Aware": false,
          "Relation Name": "movie_keyword",
          "Alias": "mk",
          "Startup Cost": 263.1,
          "Total Cost": 20974.13,
          "Plan Rows": 12215,
          "Plan Width": 0,
          "Actual Startup Time": 3.059,
          "Actual Total Time": 14.966,
          "Actual Rows": 10307,
          "Actual Loops": 1,
          "Recheck Cond": "(keyword_id = 870)",
          "Rows Removed by Index Recheck": 0,
          "Exact Heap Blocks": 8485,
          "Lossy Heap Blocks": 0,
          "Plans": [
            {
              "Node Type": "Bitmap Index Scan",
              "Parent Relationship": "Outer",
              "Parallel Aware": false,
              "Index Name": "keyword_id_movie_keyword",
              "Startup Cost": 0.0,
              "Total Cost": 260.05,
              "Plan Rows": 12215,
              "Plan Width": 0,
              "Actual Startup Time": 1.768,
              "Actual Total Time": 1.768,
              "Actual Rows": 10307,
              "Actual Loops": 1,
              "Index Cond": "(keyword_id = 870)"
            }
          ]
        }
      ]
    },
    "Planning Time": 0.096,
    "Triggers": [],
    "Execution Time": 15.649
  }
]