[
  {
    "Plan": {
      "Node Type": "Aggregate",
      "Strategy": "Plain",
      "Partial Mode": "Finalize",
      "Parallel Aware": false,
      "Startup Cost": 46488.68,
      "Total Cost": 46488.69,
      "Plan Rows": 1,
      "Plan Width": 8,
      "Actual Startup Time": 103.287,
      "Actual Total Time": 118.75,
      "Actual Rows": 1,
      "Actual Loops": 1,
      "Plans": [
        {
          "Node Type": "Gather",
          "Parent Relationship": "Outer",
          "Parallel Aware": false,
          "Startup Cost": 46488.26,
          "Total Cost": 46488.67,
          "Plan Rows": 4,
          "Plan Width": 8,
          "Actual Startup Time": 103.102,
          "Actual Total Time": 118.735,
          "Actual Rows": 5,
          "Actual Loops": 1,
          "Workers Planned": 4,
          "Workers Launched": 4,
          "Single Copy": false,
          "Plans": [
            {
              "Node Type": "Aggregate",
              "Strategy": "Plain",
              "Partial Mode": "Partial",
              "Parent Relationship": "Outer",
              "Parallel Aware": false,
              "Startup Cost": 45488.26,
              "Total Cost": 45488.27,
              "Plan Rows": 1,
              "Plan Width": 8,
              "Actual Startup Time": 96.052,
              "Actual Total Time": 96.053,
              "Actual Rows": 1,
              "Actual Loops": 5,
              "Plans": [
                {
                  "Node Type": "Seq Scan",
                  "Parent Relationship": "Outer",
                  "Parallel Aware": true,
                  "Relation Name": "title",
                  "Alias": "t",
                  "Startup Cost": 0.0,
                  "Total Cost": 45479.59,
                  "Plan Rows": 3469,
                  "Plan Width": 0,
                  "Actual Startup Time": 0.09,
                  "Actual Total Time": 95.597,
                  "Actual Rows": 2726,
                  "Actual Loops": 5,
                  "Filter": "((kind_id > 6) AND (production_year = 1990))",
                  "Rows Removed by Filter": 502936
                }
              ]
            }
          ]
        }
      ]
    },
    "Planning Time": 0.058,
    "Triggers": [],
    "Execution Time": 118.776
  }
]