[
  {
    "Plan": {
      "Node Type": "Aggregate",
      "Strategy": "Plain",
      "Partial Mode": "Finalize",
      "Parallel Aware": false,
      "Startup Cost": 119318.47,
      "Total Cost": 119318.48,
      "Plan Rows": 1,
      "Plan Width": 8,
      "Actual Startup Time": 477.515,
      "Actual Total Time": 517.433,
      "Actual Rows": 1,
      "Actual Loops": 1,
      "Plans": [
        {
          "Node Type": "Gather",
          "Parent Relationship": "Outer",
          "Parallel Aware": false,
          "Startup Cost": 119318.15,
          "Total Cost": 119318.46,
          "Plan Rows": 3,
          "Plan Width": 8,
          "Actual Startup Time": 476.964,
          "Actual Total Time": 517.425,
          "Actual Rows": 4,
          "Actual Loops": 1,
          "Workers Planned": 3,
          "Workers Launched": 3,
          "Single Copy": false,
          "Plans": [
            {
              "Node Type": "Aggregate",
              "Strategy": "Plain",
              "Partial Mode": "Partial",
              "Parent Relationship": "Outer",
              "Parallel Aware": false,
              "Startup Cost": 118318.15,
              "Total Cost": 118318.16,
              "Plan Rows": 1,
              "Plan Width": 8,
              "Actual Startup Time": 467.729,
              "Actual Total Time": 467.733,
              "Actual Rows": 1,
              "Actual Loops": 4,
              "Plans": [
                {
                  "Node Type": "Nested Loop",
                  "Parent Relationship": "Outer",
                  "Parallel Aware": false,
                  "Join Type": "Inner",
                  "Startup Cost": 44248.84,
                  "Total Cost": 118050.25,
                  "Plan Rows": 107162,
                  "Plan Width": 0,
                  "Actual Startup Time": 103.2,
                  "Actual Total Time": 447.479,
                  "Actual Rows": 479346,
                  "Actual Loops": 4,
                  "Inner Unique": false,
                  "Join Filter": "(t.id = mi.movie_id)",
                  "Rows Removed by Join Filter": 0,
                  "Plans": [
                    {
                      "Node Type": "Hash Join",
                      "Parent Relationship": "Outer",
                      "Parallel Aware": true,
                      "Join Type": "Inner",
                      "Startup Cost": 44248.4,
                      "Total Cost": 74646.67,
                      "Plan Rows": 18327,
                      "Plan Width": 8,
                      "Actual Startup Time": 103.121,
                      "Actual Total Time": 204.519,
                      "Actual Rows": 12626,
                      "Actual Loops": 4,
                      "Inner Unique": true,
                      "Hash Cond": "(mc.movie_id = t.id)",
                      "Plans": [
                        {
                          "Node Type": "Seq Scan",
                          "Parent Relationship": "Outer",
                          "Parallel Aware": true,
                          "Relation Name": "movie_companies",
                          "Alias": "mc",
                          "Startup Cost": 0.0,
                          "Total Cost": 29310.68,
                          "Plan Rows": 414318,
                          "Plan Width": 4,
                          "Actual Startup Time": 0.019,
                          "Actual Total Time": 62.012,
                          "Actual Rows": 318562,
                          "Actual Loops": 4,
                          "Filter": "(company_type_id < 2)",
                          "Rows Removed by Filter": 333721
                        },
                        {
                          "Node Type": "Hash",
                          "Parent Relationship": "Inner",
                          "Parallel Aware": true,
                          "Startup Cost": 43898.92,
                          "Total Cost": 43898.92,
                          "Plan Rows": 27959,
                          "Plan Width": 4,
                          "Actual Startup Time": 101.323,
                          "Actual Total Time": 101.324,
                          "Actual Rows": 27107,
                          "Actual Loops": 4,
                          "Hash Buckets": 131072,
                          "Original Hash Buckets": 131072,
                          "Hash Batches": 1,
                          "Original Hash Batches": 1,
                          "Peak Memory Usage": 5312,
                          "Plans": [
                            {
                              "Node Type": "Seq Scan",
                              "Parent Relationship": "Outer",
                              "Parallel Aware": true,
                              "Relation Name": "title",
                              "Alias": "t",
                              "Startup Cost": 0.0,
                              "Total Cost": 43898.92,
                              "Plan Rows": 27959,
                              "Plan Width": 4,
                              "Actual Startup Time": 0.042,
                              "Actual Total Time": 90.651,
                              "Actual Rows": 27107,
                              "Actual Loops": 4,
                              "Filter": "(production_year = 2006)",
                              "Rows Removed by Filter": 604971
                            }
                          ]
                        }
                      ]
                    },
                    {
                      "Node Type": "Index Only Scan",
                      "Parent Relationship": "Inner",
                      "Parallel Aware": false,
                      "Scan Direction": "Forward",
                      "Index Name": "movie_id_movie_info",
                      "Relation Name": "movie_info",
                      "Alias": "mi",
                      "Startup Cost": 0.43,
                      "Total Cost": 1.84,
                      "Plan Rows": 42,
                      "Plan Width": 4,
                      "Actual Startup Time": 0.005,
                      "Actual Total Time": 0.016,
                      "Actual Rows": 38,
                      "Actual Loops": 50503,
                      "Index Cond": "(movie_id = mc.movie_id)",
                      "Rows Removed by Index Recheck": 0,
                      "Heap Fetches": 1917385
                    }
                  ]
                }
              ]
            }
          ]
        }
      ]
    },
    "Planning Time": 1.341,
    "Triggers": [],
    "Execution Time": 517.521
  }
]