[
  {
    "Plan": {
      "Node Type": "Hash Join",
      "Parallel Aware": false,
      "Join Type": "Inner",
      "Startup Cost": 174210.82,
      "Total Cost": 1416854.34,
      "Plan Rows": 15115963,
      "Plan Width": 40,
      "Actual Startup Time": 2443.935,
      "Actual Total Time": 42159.558,
      "Actual Rows": 36333381,
      "Actual Loops": 1,
      "Inner Unique": true,
      "Hash Cond": "(t.kind_id = kt.id)",
      "Plans": [
        {
          "Node Type": "Hash Join",
          "Parent Relationship": "Outer",
          "Parallel Aware": false,
          "Join Type": "Inner",
          "Startup Cost": 174209.66,
          "Total Cost": 1353150.2,
          "Plan Rows": 15115963,
          "Plan Width": 44,
          "Actual Startup Time": 2443.821,
          "Actual Total Time": 37720.435,
          "Actual Rows": 36333381,
          "Actual Loops": 1,
          "Inner Unique": false,
          "Hash Cond": "(t.id = mc.movie_id)",
          "Plans": [
            {
              "Node Type": "Hash Join",
              "Parent Relationship": "Outer",
              "Parallel Aware": false,
              "Join Type": "Inner",
              "Startup Cost": 92883.67,
              "Total Cost": 803374.74,
              "Plan Rows": 36261696,
              "Plan Width": 12,
              "Actual Startup Time": 1456.751,
              "Actual Total Time": 21635.178,
              "Actual Rows": 36244344,
              "Actual Loops": 1,
              "Inner Unique": true,
              "Hash Cond": "(ci.movie_id = t.id)",
              "Plans": [
                {
                  "Node Type": "Seq Scan",
                  "Parent Relationship": "Outer",
                  "Parallel Aware": false,
                  "Relation Name": "cast_info",
                  "Alias": "ci",
                  "Startup Cost": 0.0,
                  "Total Cost": 615303.96,
                  "Plan Rows": 36261696,
                  "Plan Width": 4,
                  "Actual Startup Time": 0.016,
                  "Actual Total Time": 2741.349,
                  "Actual Rows": 36244344,
                  "Actual Loops": 1
                },
                {
                  "Node Type": "Hash",
                  "Parent Relationship": "Inner",
                  "Parallel Aware": false,
                  "Startup Cost": 61280.52,
                  "Total Cost": 61280.52,
                  "Plan Rows": 2528252,
                  "Plan Width": 8,
                  "Actual Startup Time": 1437.565,
                  "Actual Total Time": 1437.566,
                  "Actual Rows": 2528312,
                  "Actual Loops": 1,
                  "Hash Buckets": 4194304,
                  "Original Hash Buckets": 4194304,
                  "Hash Batches": 1,
                  "Original Hash Batches": 1,
                  "Peak Memory Usage": 131531,
                  "Plans": [
                    {
                      "Node Type": "Seq Scan",
                      "Parent Relationship": "Outer",
                      "Parallel Aware": false,
                      "Relation Name": "title",
                      "Alias": "t",
                      "Startup Cost": 0.0,
                      "Total Cost": 61280.52,
                      "Plan Rows": 2528252,
                      "Plan Width": 8,
                      "Actual Startup Time": 0.037,
                      "Actual Total Time": 520.415,
                      "Actual Rows": 2528312,
                      "Actual Loops": 1
                    }
                  ]
                }
              ]
            },
            {
              "Node Type": "Hash",
              "Parent Relationship": "Inner",
              "Parallel Aware": false,
              "Startup Cost": 68151.98,
              "Total Cost": 68151.98,
              "Plan Rows": 1053921,
              "Plan Width": 40,
              "Actual Startup Time": 969.852,
              "Actual Total Time": 969.857,
              "Actual Rows": 1043520,
              "Actual Loops": 1,
              "Hash Buckets": 2097152,
              "Original Hash Buckets": 2097152,
              "Hash Batches": 1,
              "Original Hash Batches": 1,
              "Peak Memory Usage": 82118,
              "Plans": [
                {
                  "Node Type": "Hash Join",
                  "Parent Relationship": "Outer",
                  "Parallel Aware": false,
                  "Join Type": "Inner",
                  "Startup Cost": 8283.52,
                  "Total Cost": 68151.98,
                  "Plan Rows": 1053921,
                  "Plan Width": 40,
                  "Actual Startup Time": 76.769,
                  "Actual Total Time": 653.895,
                  "Actual Rows": 1043520,
                  "Actual Loops": 1,
                  "Inner Unique": true,
                  "Hash Cond": "(mc.company_type_id = ct.id)",
                  "Plans": [
                    {
                      "Node Type": "Hash Join",
                      "Parent Relationship": "Outer",
                      "Parallel Aware": false,
                      "Join Type": "Inner",
                      "Startup Cost": 8282.43,
                      "Total Cost": 62453.13,
                      "Plan Rows": 1053921,
                      "Plan Width": 40,
                      "Actual Startup Time": 76.718,
                      "Actual Total Time": 518.59,
                      "Actual Rows": 1043520,
                      "Actual Loops": 1,
                      "Inner Unique": true,
                      "Hash Cond": "(mc.company_id = cn.id)",
                      "Plans": [
                        {
                          "Node Type": "Seq Scan",
                          "Parent Relationship": "Outer",
                          "Parallel Aware": false,
                          "Relation Name": "movie_companies",
                          "Alias": "mc",
                          "Startup Cost": 0.0,
                          "Total Cost": 51404.11,
                          "Plan Rows": 1053921,
                          "Plan Width": 40,
                          "Actual Startup Time": 0.011,
                          "Actual Total Time": 242.11,
                          "Actual Rows": 1043520,
                          "Actual Loops": 1,
                          "Filter": "(company_id < 6029)",
                          "Rows Removed by Filter": 1565609
                        },
                        {
                          "Node Type": "Hash",
                          "Parent Relationship": "Inner",
                          "Parallel Aware": false,
                          "Startup Cost": 5344.97,
                          "Total Cost": 5344.97,
                          "Plan Rows": 234997,
                          "Plan Width": 4,
                          "Actual Startup Time": 75.235,
                          "Actual Total Time": 75.236,
                          "Actual Rows": 234997,
                          "Actual Loops": 1,
                          "Hash Buckets": 262144,
                          "Original Hash Buckets": 262144,
                          "Hash Batches": 1,
                          "Original Hash Batches": 1,
                          "Peak Memory Usage": 10310,
                          "Plans": [
                            {
                              "Node Type": "Seq Scan",
                              "Parent Relationship": "Outer",
                              "Parallel Aware": false,
                              "Relation Name": "company_name",
                              "Alias": "cn",
                              "Startup Cost": 0.0,
                              "Total Cost": 5344.97,
                              "Plan Rows": 234997,
                              "Plan Width": 4,
                              "Actual Startup Time": 0.036,
                              "Actual Total Time": 37.172,
                              "Actual Rows": 234997,
                              "Actual Loops": 1
                            }
                          ]
                        }
                      ]
                    },
                    {
                      "Node Type": "Hash",
                      "Parent Relationship": "Inner",
                      "Parallel Aware": false,
                      "Startup Cost": 1.04,
                      "Total Cost": 1.04,
                      "Plan Rows": 4,
                      "Plan Width": 4,
                      "Actual Startup Time": 0.021,
                      "Actual Total Time": 0.022,
                      "Actual Rows": 4,
                      "Actual Loops": 1,
                      "Hash Buckets": 1024,
                      "Original Hash Buckets": 1024,
                      "Hash Batches": 1,
                      "Original Hash Batches": 1,
                      "Peak Memory Usage": 9,
                      "Plans": [
                        {
                          "Node Type": "Seq Scan",
                          "Parent Relationship": "Outer",
                          "Parallel Aware": false,
                          "Relation Name": "company_type",
                          "Alias": "ct",
                          "Startup Cost": 0.0,
                          "Total Cost": 1.04,
                          "Plan Rows": 4,
                          "Plan Width": 4,
                          "Actual Startup Time": 0.011,
                          "Actual Total Time": 0.013,
                          "Actual Rows": 4,
                          "Actual Loops": 1
                        }
                      ]
                    }
                  ]
                }
              ]
            }
          ]
        },
        {
          "Node Type": "Hash",
          "Parent Relationship": "Inner",
          "Parallel Aware": false,
          "Startup Cost": 1.07,
          "Total Cost": 1.07,
          "Plan Rows": 7,
          "Plan Width": 4,
          "Actual Startup Time": 0.039,
          "Actual Total Time": 0.04,
          "Actual Rows": 7,
          "Actual Loops": 1,
          "Hash Buckets": 1024,
          "Original Hash Buckets": 1024,
          "Hash Batches": 1,
          "Original Hash Batches": 1,
          "Peak Memory Usage": 9,
          "Plans": [
            {
              "Node Type": "Seq Scan",
              "Parent Relationship": "Outer",
              "Parallel Aware": false,
              "Relation Name": "kind_type",
              "Alias": "kt",
              "Startup Cost": 0.0,
              "Total Cost": 1.07,
              "Plan Rows": 7,
              "Plan Width": 4,
              "Actual Startup Time": 0.013,
              "Actual Total Time": 0.016,
              "Actual Rows": 7,
              "Actual Loops": 1
            }
          ]
        }
      ]
    },
    "Planning Time": 8.743,
    "Triggers": [],
    "Execution Time": 43337.055
  }
]