[
  {
    "Plan": {
      "Node Type": "Hash Join",
      "Parallel Aware": false,
      "Join Type": "Inner",
      "Startup Cost": 207647.25,
      "Total Cost": 1450290.77,
      "Plan Rows": 15115963,
      "Plan Width": 40,
      "Actual Startup Time": 3850.535,
      "Actual Total Time": 45286.324,
      "Actual Rows": 36333381,
      "Actual Loops": 1,
      "Inner Unique": true,
      "Hash Cond": "(t.kind_id = kt.id)",
      "Plans": [
        {
          "Node Type": "Hash Join",
          "Parent Relationship": "Outer",
          "Parallel Aware": false,
          "Join Type": "Inner",
          "Startup Cost": 207646.09,
          "Total Cost": 1386586.63,
          "Plan Rows": 15115963,
          "Plan Width": 44,
          "Actual Startup Time": 3850.407,
          "Actual Total Time": 40832.204,
          "Actual Rows": 36333381,
          "Actual Loops": 1,
          "Inner Unique": false,
          "Hash Cond": "(t.id = mc.movie_id)",
          "Plans": [
            {
              "Node Type": "Hash Join",
              "Parent Relationship": "Outer",
              "Parallel Aware": false,
              "Join Type": "Inner",
              "Startup Cost": 92883.67,
              "Total Cost": 803374.74,
              "Plan Rows": 36261696,
              "Plan Width": 12,
              "Actual Startup Time": 1842.376,
              "Actual Total Time": 22357.672,
              "Actual Rows": 36244344,
              "Actual Loops": 1,
              "Inner Unique": true,
              "Hash Cond": "(ci.movie_id = t.id)",
              "Plans": [
                {
                  "Node Type": "Seq Scan",
                  "Parent Relationship": "Outer",
                  "Parallel Aware": false,
                  "Relation Name": "cast_info",
                  "Alias": "ci",
                  "Startup Cost": 0.0,
                  "Total Cost": 615303.96,
                  "Plan Rows": 36261696,
                  "Plan Width": 4,
                  "Actual Startup Time": 0.033,
                  "Actual Total Time": 2753.216,
                  "Actual Rows": 36244344,
                  "Actual Loops": 1
                },
                {
                  "Node Type": "Hash",
                  "Parent Relationship": "Inner",
                  "Parallel Aware": false,
                  "Startup Cost": 61280.52,
                  "Total Cost": 61280.52,
                  "Plan Rows": 2528252,
                  "Plan Width": 8,
                  "Actual Startup Time": 1812.806,
                  "Actual Total Time": 1812.807,
                  "Actual Rows": 2528312,
                  "Actual Loops": 1,
                  "Hash Buckets": 4194304,
                  "Original Hash Buckets": 4194304,
                  "Hash Batches": 1,
                  "Original Hash Batches": 1,
                  "Peak Memory Usage": 131531,
                  "Plans": [
                    {
                      "Node Type": "Seq Scan",
                      "Parent Relationship": "Outer",
                      "Parallel Aware": false,
                      "Relation Name": "title",
                      "Alias": "t",
                      "Startup Cost": 0.0,
                      "Total Cost": 61280.52,
                      "Plan Rows": 2528252,
                      "Plan Width": 8,
                      "Actual Startup Time": 0.04,
                      "Actual Total Time": 679.078,
                      "Actual Rows": 2528312,
                      "Actual Loops": 1
                    }
                  ]
                }
              ]
            },
            {
              "Node Type": "Hash",
              "Parent Relationship": "Inner",
              "Parallel Aware": false,
              "Startup Cost": 101588.41,
              "Total Cost": 101588.41,
              "Plan Rows": 1053921,
              "Plan Width": 40,
              "Actual Startup Time": 1993.17,
              "Actual Total Time": 1993.175,
              "Actual Rows": 1043520,
              "Actual Loops": 1,
              "Hash Buckets": 2097152,
              "Original Hash Buckets": 2097152,
              "Hash Batches": 1,
              "Original Hash Batches": 1,
              "Peak Memory Usage": 82118,
              "Plans": [
                {
                  "Node Type": "Hash Join",
                  "Parent Relationship": "Outer",
                  "Parallel Aware": false,
                  "Join Type": "Inner",
                  "Startup Cost": 8283.95,
                  "Total Cost": 101588.41,
                  "Plan Rows": 1053921,
                  "Plan Width": 40,
                  "Actual Startup Time": 108.499,
                  "Actual Total Time": 1430.786,
                  "Actual Rows": 1043520,
                  "Actual Loops": 1,
                  "Inner Unique": true,
                  "Hash Cond": "(mc.company_type_id = ct.id)",
                  "Plans": [
                    {
                      "Node Type": "Hash Join",
                      "Parent Relationship": "Outer",
                      "Parallel Aware": false,
                      "Join Type": "Inner",
                      "Startup Cost": 8282.86,
                      "Total Cost": 95889.56,
                      "Plan Rows": 1053921,
                      "Plan Width": 40,
                      "Actual Startup Time": 108.42,
                      "Actual Total Time": 1204.338,
                      "Actual Rows": 1043520,
                      "Actual Loops": 1,
                      "Inner Unique": true,
                      "Hash Cond": "(mc.company_id = cn.id)",
                      "Plans": [
                        {
                          "Node Type": "Index Scan",
                          "Parent Relationship": "Outer",
                          "Parallel Aware": false,
                          "Scan Direction": "Forward",
                          "Index Name": "company_id_movie_companies",
                          "Relation Name": "movie_companies",
                          "Alias": "mc",
                          "Startup Cost": 0.43,
                          "Total Cost": 84840.54,
                          "Plan Rows": 1053921,
                          "Plan Width": 40,
                          "Actual Startup Time": 0.045,
                          "Actual Total Time": 805.7,
                          "Actual Rows": 1043520,
                          "Actual Loops": 1,
                          "Index Cond": "(company_id < 6029)",
                          "Rows Removed by Index Recheck": 0
                        },
                        {
                          "Node Type": "Hash",
                          "Parent Relationship": "Inner",
                          "Parallel Aware": false,
                          "Startup Cost": 5344.97,
                          "Total Cost": 5344.97,
                          "Plan Rows": 234997,
                          "Plan Width": 4,
                          "Actual Startup Time": 106.515,
                          "Actual Total Time": 106.516,
                          "Actual Rows": 234997,
                          "Actual Loops": 1,
                          "Hash Buckets": 262144,
                          "Original Hash Buckets": 262144,
                          "Hash Batches": 1,
                          "Original Hash Batches": 1,
                          "Peak Memory Usage": 10310,
                          "Plans": [
                            {
                              "Node Type": "Seq Scan",
                              "Parent Relationship": "Outer",
                              "Parallel Aware": false,
                              "Relation Name": "company_name",
                              "Alias": "cn",
                              "Startup Cost": 0.0,
                              "Total Cost": 5344.97,
                              "Plan Rows": 234997,
                              "Plan Width": 4,
                              "Actual Startup Time": 0.032,
                              "Actual Total Time": 45.681,
                              "Actual Rows": 234997,
                              "Actual Loops": 1
                            }
                          ]
                        }
                      ]
                    },
                    {
                      "Node Type": "Hash",
                      "Parent Relationship": "Inner",
                      "Parallel Aware": false,
                      "Startup Cost": 1.04,
                      "Total Cost": 1.04,
                      "Plan Rows": 4,
                      "Plan Width": 4,
                      "Actual Startup Time": 0.036,
                      "Actual Total Time": 0.037,
                      "Actual Rows": 4,
                      "Actual Loops": 1,
                      "Hash Buckets": 1024,
                      "Original Hash Buckets": 1024,
                      "Hash Batches": 1,
                      "Original Hash Batches": 1,
                      "Peak Memory Usage": 9,
                      "Plans": [
                        {
                          "Node Type": "Seq Scan",
                          "Parent Relationship": "Outer",
                          "Parallel Aware": false,
                          "Relation Name": "company_type",
                          "Alias": "ct",
                          "Startup Cost": 0.0,
                          "Total Cost": 1.04,
                          "Plan Rows": 4,
                          "Plan Width": 4,
                          "Actual Startup Time": 0.025,
                          "Actual Total Time": 0.027,
                          "Actual Rows": 4,
                          "Actual Loops": 1
                        }
                      ]
                    }
                  ]
                }
              ]
            }
          ]
        },
        {
          "Node Type": "Hash",
          "Parent Relationship": "Inner",
          "Parallel Aware": false,
          "Startup Cost": 1.07,
          "Total Cost": 1.07,
          "Plan Rows": 7,
          "Plan Width": 4,
          "Actual Startup Time": 0.046,
          "Actual Total Time": 0.047,
          "Actual Rows": 7,
          "Actual Loops": 1,
          "Hash Buckets": 1024,
          "Original Hash Buckets": 1024,
          "Hash Batches": 1,
          "Original Hash Batches": 1,
          "Peak Memory Usage": 9,
          "Plans": [
            {
              "Node Type": "Seq Scan",
              "Parent Relationship": "Outer",
              "Parallel Aware": false,
              "Relation Name": "kind_type",
              "Alias": "kt",
              "Startup Cost": 0.0,
              "Total Cost": 1.07,
              "Plan Rows": 7,
              "Plan Width": 4,
              "Actual Startup Time": 0.013,
              "Actual Total Time": 0.017,
              "Actual Rows": 7,
              "Actual Loops": 1
            }
          ]
        }
      ]
    },
    "Planning Time": 9.261,
    "Triggers": [],
    "Execution Time": 46361.453
  }
]