{
  "Plan": {
    "Node Type": "Aggregate",
    "Strategy": "Plain",
    "Partial Mode": "Finalize",
    "Parallel Aware": false,
    "Startup Cost": 110609.32,
    "Total Cost": 110609.33,
    "Plan Rows": 1,
    "Plan Width": 8,
    "Actual Startup Time": 927.231,
    "Actual Total Time": 942.499,
    "Actual Rows": 1,
    "Actual Loops": 1,
    "Plans": [
      {
        "Node Type": "Gather",
        "Parent Relationship": "Outer",
        "Parallel Aware": false,
        "Startup Cost": 110609.21,
        "Total Cost": 110609.32,
        "Plan Rows": 1,
        "Plan Width": 8,
        "Actual Startup Time": 922.999,
        "Actual Total Time": 942.49,
        "Actual Rows": 2,
        "Actual Loops": 1,
        "Workers Planned": 1,
        "Workers Launched": 1,
        "Single Copy": false,
        "Plans": [
          {
            "Node Type": "Aggregate",
            "Strategy": "Plain",
            "Partial Mode": "Partial",
            "Parent Relationship": "Outer",
            "Parallel Aware": false,
            "Startup Cost": 109609.21,
            "Total Cost": 109609.22,
            "Plan Rows": 1,
            "Plan Width": 8,
            "Actual Startup Time": 917.654,
            "Actual Total Time": 917.657,
            "Actual Rows": 1,
            "Actual Loops": 2,
            "Plans": [
              {
                "Node Type": "Hash Join",
                "Parent Relationship": "Outer",
                "Parallel Aware": true,
                "Join Type": "Inner",
                "Startup Cost": 69195.21,
                "Total Cost": 107361.84,
                "Plan Rows": 898950,
                "Plan Width": 0,
                "Actual Startup Time": 422.643,
                "Actual Total Time": 899.95,
                "Actual Rows": 352176,
                "Actual Loops": 2,
                "Inner Unique": true,
                "Hash Cond": "(mc.movie_id = t.id)",
                "Plans": [
                  {
                    "Node Type": "Seq Scan",
                    "Parent Relationship": "Outer",
                    "Parallel Aware": true,
                    "Relation Name": "movie_companies",
                    "Alias": "mc",
                    "Startup Cost": 0.0,
                    "Total Cost": 34137.82,
                    "Plan Rows": 1534782,
                    "Plan Width": 4,
                    "Actual Startup Time": 0.016,
                    "Actual Total Time": 119.488,
                    "Actual Rows": 1304564,
                    "Actual Loops": 2
                  },
                  {
                    "Node Type": "Hash",
                    "Parent Relationship": "Inner",
                    "Parallel Aware": true,
                    "Startup Cost": 58306.47,
                    "Total Cost": 58306.47,
                    "Plan Rows": 871099,
                    "Plan Width": 4,
                    "Actual Startup Time": 413.066,
                    "Actual Total Time": 413.066,
                    "Actual Rows": 739220,
                    "Actual Loops": 2,
                    "Hash Buckets": 2097152,
                    "Original Hash Buckets": 2097152,
                    "Hash Batches": 1,
                    "Original Hash Batches": 1,
                    "Peak Memory Usage": 74240,
                    "Plans": [
                      {
                        "Node Type": "Seq Scan",
                        "Parent Relationship": "Outer",
                        "Parallel Aware": true,
                        "Relation Name": "title",
                        "Alias": "t",
                        "Startup Cost": 0.0,
                        "Total Cost": 58306.47,
                        "Plan Rows": 871099,
                        "Plan Width": 4,
                        "Actual Startup Time": 0.03,
                        "Actual Total Time": 192.928,
                        "Actual Rows": 739220,
                        "Actual Loops": 2,
                        "Filter": "((production_year > 1909) AND (kind_id = 7))",
                        "Rows Removed by Filter": 524936
                      }
                    ]
                  }
                ]
              }
            ]
          }
        ]
      }
    ]
  },
  "Planning Time": 0.184,
  "Triggers": [],
  "Execution Time": 942.537
}