[
  {
    "Plan": {
      "Node Type": "Aggregate",
      "Strategy": "Plain",
      "Partial Mode": "Finalize",
      "Parallel Aware": false,
      "Startup Cost": 33378.03,
      "Total Cost": 33378.04,
      "Plan Rows": 1,
      "Plan Width": 8,
      "Actual Startup Time": 125.226,
      "Actual Total Time": 136.489,
      "Actual Rows": 1,
      "Actual Loops": 1,
      "Plans": [
        {
          "Node Type": "Gather",
          "Parent Relationship": "Outer",
          "Parallel Aware": false,
          "Startup Cost": 33377.71,
          "Total Cost": 33378.02,
          "Plan Rows": 3,
          "Plan Width": 8,
          "Actual Startup Time": 125.091,
          "Actual Total Time": 136.478,
          "Actual Rows": 4,
          "Actual Loops": 1,
          "Workers Planned": 3,
          "Workers Launched": 3,
          "Single Copy": false,
          "Plans": [
            {
              "Node Type": "Aggregate",
              "Strategy": "Plain",
              "Partial Mode": "Partial",
              "Parent Relationship": "Outer",
              "Parallel Aware": false,
              "Startup Cost": 32377.71,
              "Total Cost": 32377.72,
              "Plan Rows": 1,
              "Plan Width": 8,
              "Actual Startup Time": 117.987,
              "Actual Total Time": 117.988,
              "Actual Rows": 1,
              "Actual Loops": 4,
              "Plans": [
                {
                  "Node Type": "Seq Scan",
                  "Parent Relationship": "Outer",
                  "Parallel Aware": true,
                  "Relation Name": "movie_companies",
                  "Alias": "mc",
                  "Startup Cost": 0.0,
                  "Total Cost": 31414.82,
                  "Plan Rows": 385158,
                  "Plan Width": 0,
                  "Actual Startup Time": 52.929,
                  "Actual Total Time": 101.01,
                  "Actual Rows": 318823,
                  "Actual Loops": 4,
                  "Filter": "((company_id > 122) AND (company_type_id = 2))",
                  "Rows Removed by Filter": 333460
                }
              ]
            }
          ]
        }
      ]
    },
    "Planning Time": 0.218,
    "Triggers": [],
    "Execution Time": 136.544
  }
]