[
  {
    "Plan": {
      "Node Type": "Aggregate",
      "Strategy": "Plain",
      "Partial Mode": "Finalize",
      "Parallel Aware": false,
      "Startup Cost": 129569.32,
      "Total Cost": 129569.33,
      "Plan Rows": 1,
      "Plan Width": 8,
      "Actual Startup Time": 449.057,
      "Actual Total Time": 469.116,
      "Actual Rows": 1,
      "Actual Loops": 1,
      "Plans": [
        {
          "Node Type": "Gather",
          "Parent Relationship": "Outer",
          "Parallel Aware": false,
          "Startup Cost": 129569.0,
          "Total Cost": 129569.31,
          "Plan Rows": 3,
          "Plan Width": 8,
          "Actual Startup Time": 445.308,
          "Actual Total Time": 469.096,
          "Actual Rows": 4,
          "Actual Loops": 1,
          "Workers Planned": 3,
          "Workers Launched": 3,
          "Single Copy": false,
          "Plans": [
            {
              "Node Type": "Aggregate",
              "Strategy": "Plain",
              "Partial Mode": "Partial",
              "Parent Relationship": "Outer",
              "Parallel Aware": false,
              "Startup Cost": 128569.0,
              "Total Cost": 128569.01,
              "Plan Rows": 1,
              "Plan Width": 8,
              "Actual Startup Time": 435.956,
              "Actual Total Time": 435.962,
              "Actual Rows": 1,
              "Actual Loops": 4,
              "Plans": [
                {
                  "Node Type": "Hash Join",
                  "Parent Relationship": "Outer",
                  "Parallel Aware": true,
                  "Join Type": "Inner",
                  "Startup Cost": 81724.9,
                  "Total Cost": 128188.71,
                  "Plan Rows": 152117,
                  "Plan Width": 0,
                  "Actual Startup Time": 312.356,
                  "Actual Total Time": 435.033,
                  "Actual Rows": 22864,
                  "Actual Loops": 4,
                  "Inner Unique": false,
                  "Hash Cond": "(mk.movie_id = t.id)",
                  "Plans": [
                    {
                      "Node Type": "Seq Scan",
                      "Parent Relationship": "Outer",
                      "Parallel Aware": true,
                      "Relation Name": "movie_keyword",
                      "Alias": "mk",
                      "Startup Cost": 0.0,
                      "Total Cost": 42695.65,
                      "Plan Rows": 903430,
                      "Plan Width": 4,
                      "Actual Startup Time": 0.045,
                      "Actual Total Time": 103.22,
                      "Actual Rows": 697896,
                      "Actual Loops": 4,
                      "Filter": "(keyword_id < 8170)",
                      "Rows Removed by Filter": 433087
                    },
                    {
                      "Node Type": "Hash",
                      "Parent Relationship": "Inner",
                      "Parallel Aware": true,
                      "Startup Cost": 80394.57,
                      "Total Cost": 80394.57,
                      "Plan Rows": 106427,
                      "Plan Width": 8,
                      "Actual Startup Time": 281.502,
                      "Actual Total Time": 281.506,
                      "Actual Rows": 3824,
                      "Actual Loops": 4,
                      "Hash Buckets": 524288,
                      "Original Hash Buckets": 524288,
                      "Hash Batches": 1,
                      "Original Hash Batches": 1,
                      "Peak Memory Usage": 4768,
                      "Plans": [
                        {
                          "Node Type": "Hash Join",
                          "Parent Relationship": "Outer",
                          "Parallel Aware": true,
                          "Join Type": "Inner",
                          "Startup Cost": 34214.93,
                          "Total Cost": 80394.57,
                          "Plan Rows": 106427,
                          "Plan Width": 8,
                          "Actual Startup Time": 242.383,
                          "Actual Total Time": 279.217,
                          "Actual Rows": 3824,
                          "Actual Loops": 4,
                          "Inner Unique": false,
                          "Hash Cond": "(t.id = mc.movie_id)",
                          "Plans": [
                            {
                              "Node Type": "Seq Scan",
                              "Parent Relationship": "Outer",
                              "Parallel Aware": true,
                              "Relation Name": "title",
                              "Alias": "t",
                              "Startup Cost": 0.0,
                              "Total Cost": 43898.92,
                              "Plan Rows": 387482,
                              "Plan Width": 4,
                              "Actual Startup Time": 0.015,
                              "Actual Total Time": 82.572,
                              "Actual Rows": 388966,
                              "Actual Loops": 4,
                              "Filter": "(kind_id > 4)",
                              "Rows Removed by Filter": 243112
                            },
                            {
                              "Node Type": "Hash",
                              "Parent Relationship": "Inner",
                              "Parallel Aware": true,
                              "Startup Cost": 31414.82,
                              "Total Cost": 31414.82,
                              "Plan Rows": 224009,
                              "Plan Width": 4,
                              "Actual Startup Time": 124.108,
                              "Actual Total Time": 124.109,
                              "Actual Rows": 118327,
                              "Actual Loops": 4,
                              "Hash Buckets": 1048576,
                              "Original Hash Buckets": 1048576,
                              "Hash Batches": 1,
                              "Original Hash Batches": 1,
                              "Peak Memory Usage": 26784,
                              "Plans": [
                                {
                                  "Node Type": "Seq Scan",
                                  "Parent Relationship": "Outer",
                                  "Parallel Aware": true,
                                  "Relation Name": "movie_companies",
                                  "Alias": "mc",
                                  "Startup Cost": 0.0,
                                  "Total Cost": 31414.82,
                                  "Plan Rows": 224009,
                                  "Plan Width": 4,
                                  "Actual Startup Time": 21.156,
                                  "Actual Total Time": 81.569,
                                  "Actual Rows": 118327,
                                  "Actual Loops": 4,
                                  "Filter": "((company_id > 10721) AND (company_type_id = 1))",
                                  "Rows Removed by Filter": 533955
                                }
                              ]
                            }
                          ]
                        }
                      ]
                    }
                  ]
                }
              ]
            }
          ]
        }
      ]
    },
    "Planning Time": 1.487,
    "Triggers": [],
    "Execution Time": 469.203
  }
]