{
  "Plan": {
    "Node Type": "Aggregate",
    "Strategy": "Plain",
    "Partial Mode": "Finalize",
    "Parallel Aware": false,
    "Startup Cost": 101754.42,
    "Total Cost": 101754.43,
    "Plan Rows": 1,
    "Plan Width": 8,
    "Actual Startup Time": 393.381,
    "Actual Total Time": 406.711,
    "Actual Rows": 1,
    "Actual Loops": 1,
    "Plans": [
      {
        "Node Type": "Gather",
        "Parent Relationship": "Outer",
        "Parallel Aware": false,
        "Startup Cost": 101754.31,
        "Total Cost": 101754.42,
        "Plan Rows": 1,
        "Plan Width": 8,
        "Actual Startup Time": 393.049,
        "Actual Total Time": 406.702,
        "Actual Rows": 2,
        "Actual Loops": 1,
        "Workers Planned": 1,
        "Workers Launched": 1,
        "Single Copy": false,
        "Plans": [
          {
            "Node Type": "Aggregate",
            "Strategy": "Plain",
            "Partial Mode": "Partial",
            "Parent Relationship": "Outer",
            "Parallel Aware": false,
            "Startup Cost": 100754.31,
            "Total Cost": 100754.32,
            "Plan Rows": 1,
            "Plan Width": 8,
            "Actual Startup Time": 386.204,
            "Actual Total Time": 386.208,
            "Actual Rows": 1,
            "Actual Loops": 2,
            "Plans": [
              {
                "Node Type": "Hash Join",
                "Parent Relationship": "Outer",
                "Parallel Aware": true,
                "Join Type": "Inner",
                "Startup Cost": 39135.65,
                "Total Cost": 100320.91,
                "Plan Rows": 173359,
                "Plan Width": 0,
                "Actual Startup Time": 294.109,
                "Actual Total Time": 385.96,
                "Actual Rows": 3728,
                "Actual Loops": 2,
                "Inner Unique": false,
                "Hash Cond": "(t.id = mc.movie_id)",
                "Plans": [
                  {
                    "Node Type": "Seq Scan",
                    "Parent Relationship": "Outer",
                    "Parallel Aware": true,
                    "Relation Name": "title",
                    "Alias": "t",
                    "Startup Cost": 0.0,
                    "Total Cost": 50870.31,
                    "Plan Rows": 1487231,
                    "Plan Width": 4,
                    "Actual Startup Time": 0.011,
                    "Actual Total Time": 133.528,
                    "Actual Rows": 1264156,
                    "Actual Loops": 2
                  },
                  {
                    "Node Type": "Hash",
                    "Parent Relationship": "Inner",
                    "Parallel Aware": true,
                    "Startup Cost": 36968.66,
                    "Total Cost": 36968.66,
                    "Plan Rows": 173359,
                    "Plan Width": 4,
                    "Actual Startup Time": 112.352,
                    "Actual Total Time": 112.354,
                    "Actual Rows": 3728,
                    "Actual Loops": 2,
                    "Hash Buckets": 524288,
                    "Original Hash Buckets": 524288,
                    "Hash Batches": 1,
                    "Original Hash Batches": 1,
                    "Peak Memory Usage": 4416,
                    "Plans": [
                      {
                        "Node Type": "Bitmap Heap Scan",
                        "Parent Relationship": "Outer",
                        "Parallel Aware": true,
                        "Relation Name": "movie_companies",
                        "Alias": "mc",
                        "Startup Cost": 12896.2,
                        "Total Cost": 36968.66,
                        "Plan Rows": 173359,
                        "Plan Width": 4,
                        "Actual Startup Time": 49.664,
                        "Actual Total Time": 110.747,
                        "Actual Rows": 3728,
                        "Actual Loops": 2,
                        "Recheck Cond": "(company_id > 64161)",
                        "Rows Removed by Index Recheck": 0,
                        "Filter": "(company_type_id < 2)",
                        "Rows Removed by Filter": 302644,
                        "Exact Heap Blocks": 5866,
                        "Lossy Heap Blocks": 0,
                        "Plans": [
                          {
                            "Node Type": "Bitmap Index Scan",
                            "Parent Relationship": "Outer",
                            "Parallel Aware": false,
                            "Index Name": "company_id_movie_companies",
                            "Startup Cost": 0.0,
                            "Total Cost": 12822.52,
                            "Plan Rows": 598679,
                            "Plan Width": 0,
                            "Actual Startup Time": 47.638,
                            "Actual Total Time": 47.638,
                            "Actual Rows": 612745,
                            "Actual Loops": 1,
                            "Index Cond": "(company_id > 64161)"
                          }
                        ]
                      }
                    ]
                  }
                ]
              }
            ]
          }
        ]
      }
    ]
  },
  "Planning Time": 0.741,
  "Triggers": [],
  "Execution Time": 406.805
}