{
  "Plan": {
    "Node Type": "Aggregate",
    "Strategy": "Plain",
    "Partial Mode": "Finalize",
    "Parallel Aware": false,
    "Startup Cost": 38563.6,
    "Total Cost": 38563.61,
    "Plan Rows": 1,
    "Plan Width": 8,
    "Actual Startup Time": 51.141,
    "Actual Total Time": 58.008,
    "Actual Rows": 1,
    "Actual Loops": 1,
    "Plans": [
      {
        "Node Type": "Gather",
        "Parent Relationship": "Outer",
        "Parallel Aware": false,
        "Startup Cost": 38563.49,
        "Total Cost": 38563.6,
        "Plan Rows": 1,
        "Plan Width": 8,
        "Actual Startup Time": 51.055,
        "Actual Total Time": 58.002,
        "Actual Rows": 2,
        "Actual Loops": 1,
        "Workers Planned": 1,
        "Workers Launched": 1,
        "Single Copy": false,
        "Plans": [
          {
            "Node Type": "Aggregate",
            "Strategy": "Plain",
            "Partial Mode": "Partial",
            "Parent Relationship": "Outer",
            "Parallel Aware": false,
            "Startup Cost": 37563.49,
            "Total Cost": 37563.5,
            "Plan Rows": 1,
            "Plan Width": 8,
            "Actual Startup Time": 44.697,
            "Actual Total Time": 44.698,
            "Actual Rows": 1,
            "Actual Loops": 2,
            "Plans": [
              {
                "Node Type": "Nested Loop",
                "Parent Relationship": "Outer",
                "Parallel Aware": false,
                "Join Type": "Inner",
                "Startup Cost": 216.44,
                "Total Cost": 37556.31,
                "Plan Rows": 2871,
                "Plan Width": 0,
                "Actual Startup Time": 4.339,
                "Actual Total Time": 44.225,
                "Actual Rows": 3560,
                "Actual Loops": 2,
                "Inner Unique": true,
                "Plans": [
                  {
                    "Node Type": "Bitmap Heap Scan",
                    "Parent Relationship": "Outer",
                    "Parallel Aware": true,
                    "Relation Name": "movie_companies",
                    "Alias": "mc",
                    "Startup Cost": 216.01,
                    "Total Cost": 16477.46,
                    "Plan Rows": 2871,
                    "Plan Width": 4,
                    "Actual Startup Time": 4.218,
                    "Actual Total Time": 16.013,
                    "Actual Rows": 3560,
                    "Actual Loops": 2,
                    "Recheck Cond": "(company_id = 2561)",
                    "Rows Removed by Index Recheck": 0,
                    "Filter": "(company_type_id < 2)",
                    "Rows Removed by Filter": 1520,
                    "Exact Heap Blocks": 4341,
                    "Lossy Heap Blocks": 0,
                    "Plans": [
                      {
                        "Node Type": "Bitmap Index Scan",
                        "Parent Relationship": "Outer",
                        "Parallel Aware": false,
                        "Index Name": "company_id_movie_companies",
                        "Startup Cost": 0.0,
                        "Total Cost": 214.79,
                        "Plan Rows": 9915,
                        "Plan Width": 0,
                        "Actual Startup Time": 5.427,
                        "Actual Total Time": 5.428,
                        "Actual Rows": 10160,
                        "Actual Loops": 1,
                        "Index Cond": "(company_id = 2561)"
                      }
                    ]
                  },
                  {
                    "Node Type": "Index Only Scan",
                    "Parent Relationship": "Inner",
                    "Parallel Aware": false,
                    "Scan Direction": "Forward",
                    "Index Name": "title_pkey",
                    "Relation Name": "title",
                    "Alias": "t",
                    "Startup Cost": 0.43,
                    "Total Cost": 7.34,
                    "Plan Rows": 1,
                    "Plan Width": 4,
                    "Actual Startup Time": 0.007,
                    "Actual Total Time": 0.007,
                    "Actual Rows": 1,
                    "Actual Loops": 7120,
                    "Index Cond": "(id = mc.movie_id)",
                    "Rows Removed by Index Recheck": 0,
                    "Heap Fetches": 7120
                  }
                ]
              }
            ]
          }
        ]
      }
    ]
  },
  "Planning Time": 0.702,
  "Triggers": [],
  "Execution Time": 58.095
}