{
    "Plan": {
        "Node Type": "Aggregate",
        "Strategy": "Plain",
        "Partial Mode": "Finalize",
        "Parallel Aware": false,
        "Startup Cost": 443117.8,
        "Total Cost": 443117.81,
        "Plan Rows": 1,
        "Plan Width": 8,
        "Actual Startup Time": 1697.976,
        "Actual Total Time": 1749.213,
        "Actual Rows": 1,
        "Actual Loops": 1,
        "Output": [
            "count(*)"
        ],
        "Plans": [
            {
                "Node Type": "Gather",
                "Parent Relationship": "Outer",
                "Parallel Aware": false,
                "Startup Cost": 443117.18,
                "Total Cost": 443117.79,
                "Plan Rows": 6,
                "Plan Width": 8,
                "Actual Startup Time": 1688.563,
                "Actual Total Time": 1749.199,
                "Actual Rows": 7,
                "Actual Loops": 1,
                "Output": [
                    "(PARTIAL count(*))"
                ],
                "Workers Planned": 6,
                "Workers Launched": 6,
                "Single Copy": false,
                "Plans": [
                    {
                        "Node Type": "Aggregate",
                        "Strategy": "Plain",
                        "Partial Mode": "Partial",
                        "Parent Relationship": "Outer",
                        "Parallel Aware": false,
                        "Startup Cost": 442117.18,
                        "Total Cost": 442117.19,
                        "Plan Rows": 1,
                        "Plan Width": 8,
                        "Actual Startup Time": 1677.226,
                        "Actual Total Time": 1677.349,
                        "Actual Rows": 1,
                        "Actual Loops": 7,
                        "Output": [
                            "PARTIAL count(*)"
                        ],
                        "Workers": [
                            {
                                "Worker Number": 0,
                                "Actual Startup Time": 1674.852,
                                "Actual Total Time": 1674.857,
                                "Actual Rows": 1,
                                "Actual Loops": 1
                            },
                            {
                                "Worker Number": 1,
                                "Actual Startup Time": 1675.886,
                                "Actual Total Time": 1675.892,
                                "Actual Rows": 1,
                                "Actual Loops": 1
                            },
                            {
                                "Worker Number": 2,
                                "Actual Startup Time": 1675.442,
                                "Actual Total Time": 1675.447,
                                "Actual Rows": 1,
                                "Actual Loops": 1
                            },
                            {
                                "Worker Number": 3,
                                "Actual Startup Time": 1675.434,
                                "Actual Total Time": 1675.44,
                                "Actual Rows": 1,
                                "Actual Loops": 1
                            },
                            {
                                "Worker Number": 4,
                                "Actual Startup Time": 1675.693,
                                "Actual Total Time": 1675.698,
                                "Actual Rows": 1,
                                "Actual Loops": 1
                            },
                            {
                                "Worker Number": 5,
                                "Actual Startup Time": 1675.723,
                                "Actual Total Time": 1675.728,
                                "Actual Rows": 1,
                                "Actual Loops": 1
                            }
                        ],
                        "Plans": [
                            {
                                "Node Type": "Hash Join",
                                "Parent Relationship": "Outer",
                                "Parallel Aware": true,
                                "Join Type": "Inner",
                                "Startup Cost": 95832.33,
                                "Total Cost": 437524.57,
                                "Plan Rows": 1837044,
                                "Plan Width": 0,
                                "Actual Startup Time": 289.911,
                                "Actual Total Time": 1624.274,
                                "Actual Rows": 1154525,
                                "Actual Loops": 7,
                                "Inner Unique": false,
                                "Hash Cond": "(ci.movie_id = t.id)",
                                "Workers": [
                                    {
                                        "Worker Number": 0,
                                        "Actual Startup Time": 287.628,
                                        "Actual Total Time": 1621.357,
                                        "Actual Rows": 832792,
                                        "Actual Loops": 1
                                    },
                                    {
                                        "Worker Number": 1,
                                        "Actual Startup Time": 288.367,
                                        "Actual Total Time": 1620.011,
                                        "Actual Rows": 871589,
                                        "Actual Loops": 1
                                    },
                                    {
                                        "Worker Number": 2,
                                        "Actual Startup Time": 288.143,
                                        "Actual Total Time": 1625.414,
                                        "Actual Rows": 1179954,
                                        "Actual Loops": 1
                                    },
                                    {
                                        "Worker Number": 3,
                                        "Actual Startup Time": 288.204,
                                        "Actual Total Time": 1626.092,
                                        "Actual Rows": 1160919,
                                        "Actual Loops": 1
                                    },
                                    {
                                        "Worker Number": 4,
                                        "Actual Startup Time": 288.404,
                                        "Actual Total Time": 1625.297,
                                        "Actual Rows": 1239422,
                                        "Actual Loops": 1
                                    },
                                    {
                                        "Worker Number": 5,
                                        "Actual Startup Time": 288.39,
                                        "Actual Total Time": 1623.177,
                                        "Actual Rows": 1308595,
                                        "Actual Loops": 1
                                    }
                                ],
                                "Plans": [
                                    {
                                        "Node Type": "Seq Scan",
                                        "Parent Relationship": "Outer",
                                        "Parallel Aware": true,
                                        "Relation Name": "cast_info",
                                        "Schema": "public",
                                        "Alias": "ci",
                                        "Startup Cost": 0.0,
                                        "Total Cost": 313108.29,
                                        "Plan Rows": 6042129,
                                        "Plan Width": 4,
                                        "Actual Startup Time": 0.025,
                                        "Actual Total Time": 556.711,
                                        "Actual Rows": 5177763,
                                        "Actual Loops": 7,
                                        "Output": [
                                            "ci.id",
                                            "ci.person_id",
                                            "ci.movie_id",
                                            "ci.person_role_id",
                                            "ci.note",
                                            "ci.nr_order",
                                            "ci.role_id"
                                        ],
                                        "Workers": [
                                            {
                                                "Worker Number": 0,
                                                "Actual Startup Time": 0.036,
                                                "Actual Total Time": 560.743,
                                                "Actual Rows": 3738011,
                                                "Actual Loops": 1
                                            },
                                            {
                                                "Worker Number": 1,
                                                "Actual Startup Time": 0.029,
                                                "Actual Total Time": 567.651,
                                                "Actual Rows": 3932853,
                                                "Actual Loops": 1
                                            },
                                            {
                                                "Worker Number": 2,
                                                "Actual Startup Time": 0.022,
                                                "Actual Total Time": 563.041,
                                                "Actual Rows": 5233409,
                                                "Actual Loops": 1
                                            },
                                            {
                                                "Worker Number": 3,
                                                "Actual Startup Time": 0.033,
                                                "Actual Total Time": 563.727,
                                                "Actual Rows": 5215814,
                                                "Actual Loops": 1
                                            },
                                            {
                                                "Worker Number": 4,
                                                "Actual Startup Time": 0.023,
                                                "Actual Total Time": 566.138,
                                                "Actual Rows": 5608048,
                                                "Actual Loops": 1
                                            },
                                            {
                                                "Worker Number": 5,
                                                "Actual Startup Time": 0.021,
                                                "Actual Total Time": 570.352,
                                                "Actual Rows": 5753889,
                                                "Actual Loops": 1
                                            }
                                        ]
                                    },
                                    {
                                        "Node Type": "Hash",
                                        "Parent Relationship": "Inner",
                                        "Parallel Aware": true,
                                        "Startup Cost": 92732.69,
                                        "Total Cost": 92732.69,
                                        "Plan Rows": 247971,
                                        "Plan Width": 8,
                                        "Actual Startup Time": 286.449,
                                        "Actual Total Time": 286.57,
                                        "Actual Rows": 28052,
                                        "Actual Loops": 7,
                                        "Output": [
                                            "t.id",
                                            "mk.movie_id"
                                        ],
                                        "Hash Buckets": 1048576,
                                        "Original Hash Buckets": 1048576,
                                        "Hash Batches": 1,
                                        "Original Hash Batches": 1,
                                        "Peak Memory Usage": 16000,
                                        "Workers": [
                                            {
                                                "Worker Number": 0,
                                                "Actual Startup Time": 286.836,
                                                "Actual Total Time": 286.84,
                                                "Actual Rows": 20403,
                                                "Actual Loops": 1
                                            },
                                            {
                                                "Worker Number": 1,
                                                "Actual Startup Time": 287.267,
                                                "Actual Total Time": 287.271,
                                                "Actual Rows": 20237,
                                                "Actual Loops": 1
                                            },
                                            {
                                                "Worker Number": 2,
                                                "Actual Startup Time": 287.417,
                                                "Actual Total Time": 287.421,
                                                "Actual Rows": 29011,
                                                "Actual Loops": 1
                                            },
                                            {
                                                "Worker Number": 3,
                                                "Actual Startup Time": 287.449,
                                                "Actual Total Time": 287.453,
                                                "Actual Rows": 28645,
                                                "Actual Loops": 1
                                            },
                                            {
                                                "Worker Number": 4,
                                                "Actual Startup Time": 287.683,
                                                "Actual Total Time": 287.687,
                                                "Actual Rows": 30557,
                                                "Actual Loops": 1
                                            },
                                            {
                                                "Worker Number": 5,
                                                "Actual Startup Time": 287.732,
                                                "Actual Total Time": 287.735,
                                                "Actual Rows": 30441,
                                                "Actual Loops": 1
                                            }
                                        ],
                                        "Plans": [
                                            {
                                                "Node Type": "Hash Join",
                                                "Parent Relationship": "Outer",
                                                "Parallel Aware": true,
                                                "Join Type": "Inner",
                                                "Startup Cost": 47982.88,
                                                "Total Cost": 92732.69,
                                                "Plan Rows": 247971,
                                                "Plan Width": 8,
                                                "Actual Startup Time": 146.713,
                                                "Actual Total Time": 271.22,
                                                "Actual Rows": 28052,
                                                "Actual Loops": 7,
                                                "Output": [
                                                    "t.id",
                                                    "mk.movie_id"
                                                ],
                                                "Inner Unique": true,
                                                "Hash Cond": "(mk.movie_id = t.id)",
                                                "Workers": [
                                                    {
                                                        "Worker Number": 0,
                                                        "Actual Startup Time": 146.715,
                                                        "Actual Total Time": 270.785,
                                                        "Actual Rows": 20403,
                                                        "Actual Loops": 1
                                                    },
                                                    {
                                                        "Worker Number": 1,
                                                        "Actual Startup Time": 146.71,
                                                        "Actual Total Time": 271.775,
                                                        "Actual Rows": 20237,
                                                        "Actual Loops": 1
                                                    },
                                                    {
                                                        "Worker Number": 2,
                                                        "Actual Startup Time": 146.677,
                                                        "Actual Total Time": 270.912,
                                                        "Actual Rows": 29011,
                                                        "Actual Loops": 1
                                                    },
                                                    {
                                                        "Worker Number": 3,
                                                        "Actual Startup Time": 146.667,
                                                        "Actual Total Time": 270.627,
                                                        "Actual Rows": 28645,
                                                        "Actual Loops": 1
                                                    },
                                                    {
                                                        "Worker Number": 4,
                                                        "Actual Startup Time": 146.697,
                                                        "Actual Total Time": 271.113,
                                                        "Actual Rows": 30557,
                                                        "Actual Loops": 1
                                                    },
                                                    {
                                                        "Worker Number": 5,
                                                        "Actual Startup Time": 146.691,
                                                        "Actual Total Time": 271.215,
                                                        "Actual Rows": 30441,
                                                        "Actual Loops": 1
                                                    }
                                                ],
                                                "Plans": [
                                                    {
                                                        "Node Type": "Seq Scan",
                                                        "Parent Relationship": "Outer",
                                                        "Parallel Aware": true,
                                                        "Relation Name": "movie_keyword",
                                                        "Schema": "public",
                                                        "Alias": "mk",
                                                        "Startup Cost": 0.0,
                                                        "Total Cost": 42695.65,
                                                        "Plan Rows": 782536,
                                                        "Plan Width": 4,
                                                        "Actual Startup Time": 0.146,
                                                        "Actual Total Time": 79.035,
                                                        "Actual Rows": 346195,
                                                        "Actual Loops": 7,
                                                        "Output": [
                                                            "mk.id",
                                                            "mk.movie_id",
                                                            "mk.keyword_id"
                                                        ],
                                                        "Filter": "(mk.keyword_id > 3779)",
                                                        "Rows Removed by Filter": 300081,
                                                        "Workers": [
                                                            {
                                                                "Worker Number": 0,
                                                                "Actual Startup Time": 0.22,
                                                                "Actual Total Time": 80.301,
                                                                "Actual Rows": 246776,
                                                                "Actual Loops": 1
                                                            },
                                                            {
                                                                "Worker Number": 1,
                                                                "Actual Startup Time": 0.108,
                                                                "Actual Total Time": 81.301,
                                                                "Actual Rows": 254227,
                                                                "Actual Loops": 1
                                                            },
                                                            {
                                                                "Worker Number": 2,
                                                                "Actual Startup Time": 0.12,
                                                                "Actual Total Time": 79.006,
                                                                "Actual Rows": 343833,
                                                                "Actual Loops": 1
                                                            },
                                                            {
                                                                "Worker Number": 3,
                                                                "Actual Startup Time": 0.096,
                                                                "Actual Total Time": 79.279,
                                                                "Actual Rows": 347820,
                                                                "Actual Loops": 1
                                                            },
                                                            {
                                                                "Worker Number": 4,
                                                                "Actual Startup Time": 0.124,
                                                                "Actual Total Time": 80.112,
                                                                "Actual Rows": 372916,
                                                                "Actual Loops": 1
                                                            },
                                                            {
                                                                "Worker Number": 5,
                                                                "Actual Startup Time": 0.225,
                                                                "Actual Total Time": 80.666,
                                                                "Actual Rows": 380191,
                                                                "Actual Loops": 1
                                                            }
                                                        ]
                                                    },
                                                    {
                                                        "Node Type": "Hash",
                                                        "Parent Relationship": "Inner",
                                                        "Parallel Aware": true,
                                                        "Startup Cost": 45479.21,
                                                        "Total Cost": 45479.21,
                                                        "Plan Rows": 200294,
                                                        "Plan Width": 4,
                                                        "Actual Startup Time": 144.846,
                                                        "Actual Total Time": 144.847,
                                                        "Actual Rows": 125992,
                                                        "Actual Loops": 7,
                                                        "Output": [
                                                            "t.id"
                                                        ],
                                                        "Hash Buckets": 1048576,
                                                        "Original Hash Buckets": 1048576,
                                                        "Hash Batches": 1,
                                                        "Original Hash Batches": 1,
                                                        "Peak Memory Usage": 42816,
                                                        "Workers": [
                                                            {
                                                                "Worker Number": 0,
                                                                "Actual Startup Time": 146.26,
                                                                "Actual Total Time": 146.261,
                                                                "Actual Rows": 92088,
                                                                "Actual Loops": 1
                                                            },
                                                            {
                                                                "Worker Number": 1,
                                                                "Actual Startup Time": 146.246,
                                                                "Actual Total Time": 146.247,
                                                                "Actual Rows": 97416,
                                                                "Actual Loops": 1
                                                            },
                                                            {
                                                                "Worker Number": 2,
                                                                "Actual Startup Time": 146.26,
                                                                "Actual Total Time": 146.261,
                                                                "Actual Rows": 120827,
                                                                "Actual Loops": 1
                                                            },
                                                            {
                                                                "Worker Number": 3,
                                                                "Actual Startup Time": 146.254,
                                                                "Actual Total Time": 146.256,
                                                                "Actual Rows": 116516,
                                                                "Actual Loops": 1
                                                            },
                                                            {
                                                                "Worker Number": 4,
                                                                "Actual Startup Time": 146.298,
                                                                "Actual Total Time": 146.3,
                                                                "Actual Rows": 123823,
                                                                "Actual Loops": 1
                                                            },
                                                            {
                                                                "Worker Number": 5,
                                                                "Actual Startup Time": 146.403,
                                                                "Actual Total Time": 146.404,
                                                                "Actual Rows": 123754,
                                                                "Actual Loops": 1
                                                            }
                                                        ],
                                                        "Plans": [
                                                            {
                                                                "Node Type": "Seq Scan",
                                                                "Parent Relationship": "Outer",
                                                                "Parallel Aware": true,
                                                                "Relation Name": "title",
                                                                "Schema": "public",
                                                                "Alias": "t",
                                                                "Startup Cost": 0.0,
                                                                "Total Cost": 45479.21,
                                                                "Plan Rows": 200294,
                                                                "Plan Width": 4,
                                                                "Actual Startup Time": 0.074,
                                                                "Actual Total Time": 77.98,
                                                                "Actual Rows": 125992,
                                                                "Actual Loops": 7,
                                                                "Output": [
                                                                    "t.id"
                                                                ],
                                                                "Filter": "((t.production_year > 2001) AND (t.kind_id = 7))",
                                                                "Rows Removed by Filter": 235195,
                                                                "Workers": [
                                                                    {
                                                                        "Worker Number": 0,
                                                                        "Actual Startup Time": 0.102,
                                                                        "Actual Total Time": 79.26,
                                                                        "Actual Rows": 92088,
                                                                        "Actual Loops": 1
                                                                    },
                                                                    {
                                                                        "Worker Number": 1,
                                                                        "Actual Startup Time": 0.09,
                                                                        "Actual Total Time": 81.495,
                                                                        "Actual Rows": 97416,
                                                                        "Actual Loops": 1
                                                                    },
                                                                    {
                                                                        "Worker Number": 2,
                                                                        "Actual Startup Time": 0.077,
                                                                        "Actual Total Time": 77.689,
                                                                        "Actual Rows": 120827,
                                                                        "Actual Loops": 1
                                                                    },
                                                                    {
                                                                        "Worker Number": 3,
                                                                        "Actual Startup Time": 0.086,
                                                                        "Actual Total Time": 78.058,
                                                                        "Actual Rows": 116516,
                                                                        "Actual Loops": 1
                                                                    },
                                                                    {
                                                                        "Worker Number": 4,
                                                                        "Actual Startup Time": 0.079,
                                                                        "Actual Total Time": 80.203,
                                                                        "Actual Rows": 123823,
                                                                        "Actual Loops": 1
                                                                    },
                                                                    {
                                                                        "Worker Number": 5,
                                                                        "Actual Startup Time": 0.068,
                                                                        "Actual Total Time": 79.852,
                                                                        "Actual Rows": 123754,
                                                                        "Actual Loops": 1
                                                                    }
                                                                ]
                                                            }
                                                        ]
                                                    }
                                                ]
                                            }
                                        ]
                                    }
                                ]
                            }
                        ]
                    }
                ]
            }
        ]
    },
    "Planning Time": 1.493,
    "Triggers": [],
    "Execution Time": 1749.314
}