[
  {
    "Plan": {
      "Node Type": "Aggregate",
      "Strategy": "Plain",
      "Partial Mode": "Finalize",
      "Parallel Aware": false,
      "Startup Cost": 32697.74,
      "Total Cost": 32697.75,
      "Plan Rows": 1,
      "Plan Width": 8,
      "Actual Startup Time": 76.445,
      "Actual Total Time": 83.714,
      "Actual Rows": 1,
      "Actual Loops": 1,
      "Plans": [
        {
          "Node Type": "Gather",
          "Parent Relationship": "Outer",
          "Parallel Aware": false,
          "Startup Cost": 32697.42,
          "Total Cost": 32697.73,
          "Plan Rows": 3,
          "Plan Width": 8,
          "Actual Startup Time": 76.293,
          "Actual Total Time": 83.706,
          "Actual Rows": 4,
          "Actual Loops": 1,
          "Workers Planned": 3,
          "Workers Launched": 3,
          "Single Copy": false,
          "Plans": [
            {
              "Node Type": "Aggregate",
              "Strategy": "Plain",
              "Partial Mode": "Partial",
              "Parent Relationship": "Outer",
              "Parallel Aware": false,
              "Startup Cost": 31697.42,
              "Total Cost": 31697.43,
              "Plan Rows": 1,
              "Plan Width": 8,
              "Actual Startup Time": 70.102,
              "Actual Total Time": 70.104,
              "Actual Rows": 1,
              "Actual Loops": 4,
              "Plans": [
                {
                  "Node Type": "Seq Scan",
                  "Parent Relationship": "Outer",
                  "Parallel Aware": true,
                  "Relation Name": "movie_companies",
                  "Alias": "mc",
                  "Startup Cost": 0.0,
                  "Total Cost": 31414.82,
                  "Plan Rows": 113042,
                  "Plan Width": 0,
                  "Actual Startup Time": 25.203,
                  "Actual Total Time": 69.617,
                  "Actual Rows": 9142,
                  "Actual Loops": 4,
                  "Filter": "((company_id > 44115) AND (company_type_id = 1))",
                  "Rows Removed by Filter": 643140
                }
              ]
            }
          ]
        }
      ]
    },
    "Planning Time": 0.09,
    "Triggers": [],
    "Execution Time": 83.747
  }
]