[
  {
    "Plan": {
      "Node Type": "Aggregate",
      "Strategy": "Plain",
      "Partial Mode": "Finalize",
      "Parallel Aware": false,
      "Startup Cost": 32690.29,
      "Total Cost": 32690.3,
      "Plan Rows": 1,
      "Plan Width": 8,
      "Actual Startup Time": 81.201,
      "Actual Total Time": 88.93,
      "Actual Rows": 1,
      "Actual Loops": 1,
      "Plans": [
        {
          "Node Type": "Gather",
          "Parent Relationship": "Outer",
          "Parallel Aware": false,
          "Startup Cost": 32689.97,
          "Total Cost": 32690.28,
          "Plan Rows": 3,
          "Plan Width": 8,
          "Actual Startup Time": 81.115,
          "Actual Total Time": 88.922,
          "Actual Rows": 4,
          "Actual Loops": 1,
          "Workers Planned": 3,
          "Workers Launched": 3,
          "Single Copy": false,
          "Plans": [
            {
              "Node Type": "Aggregate",
              "Strategy": "Plain",
              "Partial Mode": "Partial",
              "Parent Relationship": "Outer",
              "Parallel Aware": false,
              "Startup Cost": 31689.97,
              "Total Cost": 31689.98,
              "Plan Rows": 1,
              "Plan Width": 8,
              "Actual Startup Time": 74.497,
              "Actual Total Time": 74.498,
              "Actual Rows": 1,
              "Actual Loops": 4,
              "Plans": [
                {
                  "Node Type": "Seq Scan",
                  "Parent Relationship": "Outer",
                  "Parallel Aware": true,
                  "Relation Name": "movie_companies",
                  "Alias": "mc",
                  "Startup Cost": 0.0,
                  "Total Cost": 31414.82,
                  "Plan Rows": 110061,
                  "Plan Width": 0,
                  "Actual Startup Time": 30.874,
                  "Actual Total Time": 73.981,
                  "Actual Rows": 9142,
                  "Actual Loops": 4,
                  "Filter": "((company_id > 44115) AND (company_type_id = 1))",
                  "Rows Removed by Filter": 643140
                }
              ]
            }
          ]
        }
      ]
    },
    "Planning Time": 0.217,
    "Triggers": [],
    "Execution Time": 88.987
  }
]