[
  {
    "Plan": {
      "Node Type": "Aggregate",
      "Strategy": "Plain",
      "Partial Mode": "Finalize",
      "Parallel Aware": false,
      "Startup Cost": 121368.41,
      "Total Cost": 121368.42,
      "Plan Rows": 1,
      "Plan Width": 8,
      "Actual Startup Time": 70.617,
      "Actual Total Time": 77.845,
      "Actual Rows": 1,
      "Actual Loops": 1,
      "Plans": [
        {
          "Node Type": "Gather",
          "Parent Relationship": "Outer",
          "Parallel Aware": false,
          "Startup Cost": 121368.09,
          "Total Cost": 121368.4,
          "Plan Rows": 3,
          "Plan Width": 8,
          "Actual Startup Time": 70.476,
          "Actual Total Time": 77.838,
          "Actual Rows": 4,
          "Actual Loops": 1,
          "Workers Planned": 3,
          "Workers Launched": 3,
          "Single Copy": false,
          "Plans": [
            {
              "Node Type": "Aggregate",
              "Strategy": "Plain",
              "Partial Mode": "Partial",
              "Parent Relationship": "Outer",
              "Parallel Aware": false,
              "Startup Cost": 120368.09,
              "Total Cost": 120368.1,
              "Plan Rows": 1,
              "Plan Width": 8,
              "Actual Startup Time": 61.359,
              "Actual Total Time": 61.36,
              "Actual Rows": 1,
              "Actual Loops": 4,
              "Plans": [
                {
                  "Node Type": "Nested Loop",
                  "Parent Relationship": "Outer",
                  "Parallel Aware": false,
                  "Join Type": "Inner",
                  "Startup Cost": 546.81,
                  "Total Cost": 120343.74,
                  "Plan Rows": 9738,
                  "Plan Width": 0,
                  "Actual Startup Time": 6.483,
                  "Actual Total Time": 60.488,
                  "Actual Rows": 7545,
                  "Actual Loops": 4,
                  "Inner Unique": true,
                  "Plans": [
                    {
                      "Node Type": "Bitmap Heap Scan",
                      "Parent Relationship": "Outer",
                      "Parallel Aware": true,
                      "Relation Name": "movie_info",
                      "Alias": "mi",
                      "Startup Cost": 546.38,
                      "Total Cost": 76923.02,
                      "Plan Rows": 9738,
                      "Plan Width": 4,
                      "Actual Startup Time": 6.277,
                      "Actual Total Time": 14.099,
                      "Actual Rows": 7545,
                      "Actual Loops": 4,
                      "Recheck Cond": "(info_type_id = 110)",
                      "Rows Removed by Index Recheck": 0,
                      "Exact Heap Blocks": 1208,
                      "Lossy Heap Blocks": 0,
                      "Plans": [
                        {
                          "Node Type": "Bitmap Index Scan",
                          "Parent Relationship": "Outer",
                          "Parallel Aware": false,
                          "Index Name": "info_type_id_movie_info",
                          "Startup Cost": 0.0,
                          "Total Cost": 538.84,
                          "Plan Rows": 30187,
                          "Plan Width": 0,
                          "Actual Startup Time": 12.473,
                          "Actual Total Time": 12.473,
                          "Actual Rows": 30180,
                          "Actual Loops": 1,
                          "Index Cond": "(info_type_id = 110)"
                        }
                      ]
                    },
                    {
                      "Node Type": "Index Only Scan",
                      "Parent Relationship": "Inner",
                      "Parallel Aware": false,
                      "Scan Direction": "Forward",
                      "Index Name": "title_pkey",
                      "Relation Name": "title",
                      "Alias": "t",
                      "Startup Cost": 0.43,
                      "Total Cost": 4.46,
                      "Plan Rows": 1,
                      "Plan Width": 4,
                      "Actual Startup Time": 0.006,
                      "Actual Total Time": 0.006,
                      "Actual Rows": 1,
                      "Actual Loops": 30180,
                      "Index Cond": "(id = mi.movie_id)",
                      "Rows Removed by Index Recheck": 0,
                      "Heap Fetches": 30180
                    }
                  ]
                }
              ]
            }
          ]
        }
      ]
    },
    "Planning Time": 0.631,
    "Triggers": [],
    "Execution Time": 77.933
  }
]