[
  {
    "Plan": {
      "Node Type": "Aggregate",
      "Strategy": "Plain",
      "Partial Mode": "Finalize",
      "Parallel Aware": false,
      "Startup Cost": 246816.92,
      "Total Cost": 246816.93,
      "Plan Rows": 1,
      "Plan Width": 8,
      "Actual Startup Time": 521.094,
      "Actual Total Time": 565.359,
      "Actual Rows": 1,
      "Actual Loops": 1,
      "Plans": [
        {
          "Node Type": "Gather",
          "Parent Relationship": "Outer",
          "Parallel Aware": false,
          "Startup Cost": 246816.39,
          "Total Cost": 246816.9,
          "Plan Rows": 5,
          "Plan Width": 8,
          "Actual Startup Time": 518.742,
          "Actual Total Time": 565.346,
          "Actual Rows": 6,
          "Actual Loops": 1,
          "Workers Planned": 5,
          "Workers Launched": 5,
          "Single Copy": false,
          "Plans": [
            {
              "Node Type": "Aggregate",
              "Strategy": "Plain",
              "Partial Mode": "Partial",
              "Parent Relationship": "Outer",
              "Parallel Aware": false,
              "Startup Cost": 245816.39,
              "Total Cost": 245816.4,
              "Plan Rows": 1,
              "Plan Width": 8,
              "Actual Startup Time": 509.681,
              "Actual Total Time": 509.684,
              "Actual Rows": 1,
              "Actual Loops": 6,
              "Plans": [
                {
                  "Node Type": "Hash Join",
                  "Parent Relationship": "Outer",
                  "Parallel Aware": true,
                  "Join Type": "Inner",
                  "Startup Cost": 45626.65,
                  "Total Cost": 245794.77,
                  "Plan Rows": 8651,
                  "Plan Width": 0,
                  "Actual Startup Time": 138.656,
                  "Actual Total Time": 507.684,
                  "Actual Rows": 32824,
                  "Actual Loops": 6,
                  "Inner Unique": true,
                  "Hash Cond": "(mi.movie_id = t.id)",
                  "Plans": [
                    {
                      "Node Type": "Seq Scan",
                      "Parent Relationship": "Outer",
                      "Parallel Aware": true,
                      "Relation Name": "movie_info",
                      "Alias": "mi",
                      "Startup Cost": 0.0,
                      "Total Cost": 198952.16,
                      "Plan Rows": 463221,
                      "Plan Width": 4,
                      "Actual Startup Time": 19.211,
                      "Actual Total Time": 345.044,
                      "Actual Rows": 372308,
                      "Actual Loops": 6,
                      "Filter": "(info_type_id > 16)",
                      "Rows Removed by Filter": 2100312
                    },
                    {
                      "Node Type": "Hash",
                      "Parent Relationship": "Inner",
                      "Parallel Aware": true,
                      "Startup Cost": 45479.1,
                      "Total Cost": 45479.1,
                      "Plan Rows": 11804,
                      "Plan Width": 4,
                      "Actual Startup Time": 104.228,
                      "Actual Total Time": 104.229,
                      "Actual Rows": 28614,
                      "Actual Loops": 6,
                      "Hash Buckets": 262144,
                      "Original Hash Buckets": 65536,
                      "Hash Batches": 1,
                      "Original Hash Batches": 1,
                      "Peak Memory Usage": 10368,
                      "Plans": [
                        {
                          "Node Type": "Seq Scan",
                          "Parent Relationship": "Outer",
                          "Parallel Aware": true,
                          "Relation Name": "title",
                          "Alias": "t",
                          "Startup Cost": 0.0,
                          "Total Cost": 45479.1,
                          "Plan Rows": 11804,
                          "Plan Width": 4,
                          "Actual Startup Time": 55.13,
                          "Actual Total Time": 88.087,
                          "Actual Rows": 28614,
                          "Actual Loops": 6,
                          "Filter": "((production_year < 1954) AND (kind_id = 1))",
                          "Rows Removed by Filter": 392771
                        }
                      ]
                    }
                  ]
                }
              ]
            }
          ]
        }
      ]
    },
    "Planning Time": 0.633,
    "Triggers": [],
    "Execution Time": 565.44
  }
]