[
  {
    "Plan": {
      "Node Type": "Aggregate",
      "Strategy": "Plain",
      "Partial Mode": "Finalize",
      "Parallel Aware": false,
      "Startup Cost": 32182.19,
      "Total Cost": 32182.2,
      "Plan Rows": 1,
      "Plan Width": 8,
      "Actual Startup Time": 45.461,
      "Actual Total Time": 50.449,
      "Actual Rows": 1,
      "Actual Loops": 1,
      "Plans": [
        {
          "Node Type": "Gather",
          "Parent Relationship": "Outer",
          "Parallel Aware": false,
          "Startup Cost": 32181.98,
          "Total Cost": 32182.19,
          "Plan Rows": 2,
          "Plan Width": 8,
          "Actual Startup Time": 45.219,
          "Actual Total Time": 50.442,
          "Actual Rows": 3,
          "Actual Loops": 1,
          "Workers Planned": 2,
          "Workers Launched": 2,
          "Single Copy": false,
          "Plans": [
            {
              "Node Type": "Aggregate",
              "Strategy": "Plain",
              "Partial Mode": "Partial",
              "Parent Relationship": "Outer",
              "Parallel Aware": false,
              "Startup Cost": 31181.98,
              "Total Cost": 31181.99,
              "Plan Rows": 1,
              "Plan Width": 8,
              "Actual Startup Time": 36.571,
              "Actual Total Time": 36.573,
              "Actual Rows": 1,
              "Actual Loops": 3,
              "Plans": [
                {
                  "Node Type": "Nested Loop",
                  "Parent Relationship": "Outer",
                  "Parallel Aware": false,
                  "Join Type": "Inner",
                  "Startup Cost": 197.57,
                  "Total Cost": 31177.39,
                  "Plan Rows": 1835,
                  "Plan Width": 0,
                  "Actual Startup Time": 4.457,
                  "Actual Total Time": 36.516,
                  "Actual Rows": 308,
                  "Actual Loops": 3,
                  "Inner Unique": false,
                  "Plans": [
                    {
                      "Node Type": "Nested Loop",
                      "Parent Relationship": "Outer",
                      "Parallel Aware": false,
                      "Join Type": "Inner",
                      "Startup Cost": 197.14,
                      "Total Cost": 29303.91,
                      "Plan Rows": 1026,
                      "Plan Width": 8,
                      "Actual Startup Time": 3.993,
                      "Actual Total Time": 35.272,
                      "Actual Rows": 55,
                      "Actual Loops": 3,
                      "Inner Unique": true,
                      "Plans": [
                        {
                          "Node Type": "Bitmap Heap Scan",
                          "Parent Relationship": "Outer",
                          "Parallel Aware": true,
                          "Relation Name": "movie_companies",
                          "Alias": "mc",
                          "Startup Cost": 196.71,
                          "Total Cost": 15723.1,
                          "Plan Rows": 1825,
                          "Plan Width": 4,
                          "Actual Startup Time": 2.713,
                          "Actual Total Time": 13.96,
                          "Actual Rows": 1937,
                          "Actual Loops": 3,
                          "Recheck Cond": "(company_id = 1451)",
                          "Rows Removed by Index Recheck": 0,
                          "Filter": "(company_type_id = 1)",
                          "Rows Removed by Filter": 1219,
                          "Exact Heap Blocks": 3664,
                          "Lossy Heap Blocks": 0,
                          "Plans": [
                            {
                              "Node Type": "Bitmap Index Scan",
                              "Parent Relationship": "Outer",
                              "Parallel Aware": false,
                              "Index Name": "company_id_movie_companies",
                              "Startup Cost": 0.0,
                              "Total Cost": 195.62,
                              "Plan Rows": 8958,
                              "Plan Width": 0,
                              "Actual Startup Time": 5.278,
                              "Actual Total Time": 5.279,
                              "Actual Rows": 9466,
                              "Actual Loops": 1,
                              "Index Cond": "(company_id = 1451)"
                            }
                          ]
                        },
                        {
                          "Node Type": "Index Scan",
                          "Parent Relationship": "Inner",
                          "Parallel Aware": false,
                          "Scan Direction": "Forward",
                          "Index Name": "title_pkey",
                          "Relation Name": "title",
                          "Alias": "t",
                          "Startup Cost": 0.43,
                          "Total Cost": 7.44,
                          "Plan Rows": 1,
                          "Plan Width": 4,
                          "Actual Startup Time": 0.01,
                          "Actual Total Time": 0.01,
                          "Actual Rows": 0,
                          "Actual Loops": 5810,
                          "Index Cond": "(id = mc.movie_id)",
                          "Rows Removed by Index Recheck": 0,
                          "Filter": "((kind_id > 1) AND (production_year < 2010))",
                          "Rows Removed by Filter": 1
                        }
                      ]
                    },
                    {
                      "Node Type": "Index Only Scan",
                      "Parent Relationship": "Inner",
                      "Parallel Aware": false,
                      "Scan Direction": "Forward",
                      "Index Name": "movie_id_movie_keyword",
                      "Relation Name": "movie_keyword",
                      "Alias": "mk",
                      "Startup Cost": 0.43,
                      "Total Cost": 1.37,
                      "Plan Rows": 46,
                      "Plan Width": 4,
                      "Actual Startup Time": 0.018,
                      "Actual Total Time": 0.021,
                      "Actual Rows": 6,
                      "Actual Loops": 166,
                      "Index Cond": "(movie_id = t.id)",
                      "Rows Removed by Index Recheck": 0,
                      "Heap Fetches": 925
                    }
                  ]
                }
              ]
            }
          ]
        }
      ]
    },
    "Planning Time": 1.479,
    "Triggers": [],
    "Execution Time": 50.55
  }
]