[
  {
    "Plan": {
      "Node Type": "Aggregate",
      "Strategy": "Plain",
      "Partial Mode": "Finalize",
      "Parallel Aware": false,
      "Startup Cost": 35218.05,
      "Total Cost": 35218.06,
      "Plan Rows": 1,
      "Plan Width": 8,
      "Actual Startup Time": 42.414,
      "Actual Total Time": 48.28,
      "Actual Rows": 1,
      "Actual Loops": 1,
      "Plans": [
        {
          "Node Type": "Gather",
          "Parent Relationship": "Outer",
          "Parallel Aware": false,
          "Startup Cost": 35217.84,
          "Total Cost": 35218.05,
          "Plan Rows": 2,
          "Plan Width": 8,
          "Actual Startup Time": 42.198,
          "Actual Total Time": 48.273,
          "Actual Rows": 3,
          "Actual Loops": 1,
          "Workers Planned": 2,
          "Workers Launched": 2,
          "Single Copy": false,
          "Plans": [
            {
              "Node Type": "Aggregate",
              "Strategy": "Plain",
              "Partial Mode": "Partial",
              "Parent Relationship": "Outer",
              "Parallel Aware": false,
              "Startup Cost": 34217.84,
              "Total Cost": 34217.85,
              "Plan Rows": 1,
              "Plan Width": 8,
              "Actual Startup Time": 33.575,
              "Actual Total Time": 33.579,
              "Actual Rows": 1,
              "Actual Loops": 3,
              "Plans": [
                {
                  "Node Type": "Nested Loop",
                  "Parent Relationship": "Outer",
                  "Parallel Aware": false,
                  "Join Type": "Inner",
                  "Startup Cost": 223.53,
                  "Total Cost": 34212.56,
                  "Plan Rows": 2111,
                  "Plan Width": 0,
                  "Actual Startup Time": 4.538,
                  "Actual Total Time": 33.521,
                  "Actual Rows": 308,
                  "Actual Loops": 3,
                  "Inner Unique": false,
                  "Plans": [
                    {
                      "Node Type": "Nested Loop",
                      "Parent Relationship": "Outer",
                      "Parallel Aware": false,
                      "Join Type": "Inner",
                      "Startup Cost": 223.1,
                      "Total Cost": 32089.88,
                      "Plan Rows": 1180,
                      "Plan Width": 8,
                      "Actual Startup Time": 4.383,
                      "Actual Total Time": 32.29,
                      "Actual Rows": 55,
                      "Actual Loops": 3,
                      "Inner Unique": true,
                      "Plans": [
                        {
                          "Node Type": "Bitmap Heap Scan",
                          "Parent Relationship": "Outer",
                          "Parallel Aware": true,
                          "Relation Name": "movie_companies",
                          "Alias": "mc",
                          "Startup Cost": 222.67,
                          "Total Cost": 16692.37,
                          "Plan Rows": 2105,
                          "Plan Width": 4,
                          "Actual Startup Time": 2.936,
                          "Actual Total Time": 12.751,
                          "Actual Rows": 1937,
                          "Actual Loops": 3,
                          "Recheck Cond": "(company_id = 1451)",
                          "Rows Removed by Index Recheck": 0,
                          "Filter": "(company_type_id = 1)",
                          "Rows Removed by Filter": 1219,
                          "Exact Heap Blocks": 4022,
                          "Lossy Heap Blocks": 0,
                          "Plans": [
                            {
                              "Node Type": "Bitmap Index Scan",
                              "Parent Relationship": "Outer",
                              "Parallel Aware": false,
                              "Index Name": "company_id_movie_companies",
                              "Startup Cost": 0.0,
                              "Total Cost": 221.4,
                              "Plan Rows": 10263,
                              "Plan Width": 0,
                              "Actual Startup Time": 5.77,
                              "Actual Total Time": 5.777,
                              "Actual Rows": 9466,
                              "Actual Loops": 1,
                              "Index Cond": "(company_id = 1451)"
                            }
                          ]
                        },
                        {
                          "Node Type": "Index Scan",
                          "Parent Relationship": "Inner",
                          "Parallel Aware": false,
                          "Scan Direction": "Forward",
                          "Index Name": "title_pkey",
                          "Relation Name": "title",
                          "Alias": "t",
                          "Startup Cost": 0.43,
                          "Total Cost": 7.31,
                          "Plan Rows": 1,
                          "Plan Width": 4,
                          "Actual Startup Time": 0.01,
                          "Actual Total Time": 0.01,
                          "Actual Rows": 0,
                          "Actual Loops": 5810,
                          "Index Cond": "(id = mc.movie_id)",
                          "Rows Removed by Index Recheck": 0,
                          "Filter": "((kind_id > 1) AND (production_year < 2010))",
                          "Rows Removed by Filter": 1
                        }
                      ]
                    },
                    {
                      "Node Type": "Index Only Scan",
                      "Parent Relationship": "Inner",
                      "Parallel Aware": false,
                      "Scan Direction": "Forward",
                      "Index Name": "movie_id_movie_keyword",
                      "Relation Name": "movie_keyword",
                      "Alias": "mk",
                      "Startup Cost": 0.43,
                      "Total Cost": 1.35,
                      "Plan Rows": 45,
                      "Plan Width": 4,
                      "Actual Startup Time": 0.018,
                      "Actual Total Time": 0.02,
                      "Actual Rows": 6,
                      "Actual Loops": 166,
                      "Index Cond": "(movie_id = t.id)",
                      "Rows Removed by Index Recheck": 0,
                      "Heap Fetches": 925
                    }
                  ]
                }
              ]
            }
          ]
        }
      ]
    },
    "Planning Time": 1.446,
    "Triggers": [],
    "Execution Time": 48.378
  }
]