[
  {
    "Plan": {
      "Node Type": "Aggregate",
      "Strategy": "Plain",
      "Partial Mode": "Finalize",
      "Parallel Aware": false,
      "Startup Cost": 109165.54,
      "Total Cost": 109165.55,
      "Plan Rows": 1,
      "Plan Width": 8,
      "Actual Startup Time": 898.237,
      "Actual Total Time": 924.434,
      "Actual Rows": 1,
      "Actual Loops": 1,
      "Plans": [
        {
          "Node Type": "Gather",
          "Parent Relationship": "Outer",
          "Parallel Aware": false,
          "Startup Cost": 109165.33,
          "Total Cost": 109165.54,
          "Plan Rows": 2,
          "Plan Width": 8,
          "Actual Startup Time": 884.399,
          "Actual Total Time": 924.423,
          "Actual Rows": 3,
          "Actual Loops": 1,
          "Workers Planned": 2,
          "Workers Launched": 2,
          "Single Copy": false,
          "Plans": [
            {
              "Node Type": "Aggregate",
              "Strategy": "Plain",
              "Partial Mode": "Partial",
              "Parent Relationship": "Outer",
              "Parallel Aware": false,
              "Startup Cost": 108165.33,
              "Total Cost": 108165.34,
              "Plan Rows": 1,
              "Plan Width": 8,
              "Actual Startup Time": 876.987,
              "Actual Total Time": 877.216,
              "Actual Rows": 1,
              "Actual Loops": 3,
              "Plans": [
                {
                  "Node Type": "Hash Join",
                  "Parent Relationship": "Outer",
                  "Parallel Aware": true,
                  "Join Type": "Inner",
                  "Startup Cost": 91592.52,
                  "Total Cost": 107846.0,
                  "Plan Rows": 127729,
                  "Plan Width": 0,
                  "Actual Startup Time": 723.259,
                  "Actual Total Time": 858.439,
                  "Actual Rows": 385842,
                  "Actual Loops": 3,
                  "Inner Unique": false,
                  "Hash Cond": "(mi_idx.movie_id = t.id)",
                  "Plans": [
                    {
                      "Node Type": "Seq Scan",
                      "Parent Relationship": "Outer",
                      "Parallel Aware": true,
                      "Relation Name": "movie_info_idx",
                      "Alias": "mi_idx",
                      "Startup Cost": 0.0,
                      "Total Cost": 13685.15,
                      "Plan Rows": 575015,
                      "Plan Width": 4,
                      "Actual Startup Time": 0.018,
                      "Actual Total Time": 39.335,
                      "Actual Rows": 460012,
                      "Actual Loops": 3
                    },
                    {
                      "Node Type": "Hash",
                      "Parent Relationship": "Inner",
                      "Parallel Aware": true,
                      "Startup Cost": 89327.83,
                      "Total Cost": 89327.83,
                      "Plan Rows": 181175,
                      "Plan Width": 8,
                      "Actual Startup Time": 716.365,
                      "Actual Total Time": 716.592,
                      "Actual Rows": 189094,
                      "Actual Loops": 3,
                      "Hash Buckets": 1048576,
                      "Original Hash Buckets": 1048576,
                      "Hash Batches": 1,
                      "Original Hash Batches": 1,
                      "Peak Memory Usage": 30432,
                      "Plans": [
                        {
                          "Node Type": "Hash Join",
                          "Parent Relationship": "Outer",
                          "Parallel Aware": true,
                          "Join Type": "Inner",
                          "Startup Cost": 62133.56,
                          "Total Cost": 89327.83,
                          "Plan Rows": 181175,
                          "Plan Width": 8,
                          "Actual Startup Time": 512.746,
                          "Actual Total Time": 657.322,
                          "Actual Rows": 189094,
                          "Actual Loops": 3,
                          "Inner Unique": true,
                          "Hash Cond": "(mk.movie_id = t.id)",
                          "Plans": [
                            {
                              "Node Type": "Bitmap Heap Scan",
                              "Parent Relationship": "Outer",
                              "Parallel Aware": true,
                              "Relation Name": "movie_keyword",
                              "Alias": "mk",
                              "Startup Cost": 11913.17,
                              "Total Cost": 38631.87,
                              "Plan Rows": 181175,
                              "Plan Width": 4,
                              "Actual Startup Time": 30.041,
                              "Actual Total Time": 99.044,
                              "Actual Rows": 189094,
                              "Actual Loops": 3,
                              "Recheck Cond": "(keyword_id < 402)",
                              "Rows Removed by Index Recheck": 0,
                              "Exact Heap Blocks": 9489,
                              "Lossy Heap Blocks": 0,
                              "Plans": [
                                {
                                  "Node Type": "Bitmap Index Scan",
                                  "Parent Relationship": "Outer",
                                  "Parallel Aware": false,
                                  "Index Name": "keyword_id_movie_keyword",
                                  "Startup Cost": 0.0,
                                  "Total Cost": 11772.76,
                                  "Plan Rows": 561644,
                                  "Plan Width": 0,
                                  "Actual Startup Time": 25.955,
                                  "Actual Total Time": 25.955,
                                  "Actual Rows": 567281,
                                  "Actual Loops": 1,
                                  "Index Cond": "(keyword_id < 402)"
                                }
                              ]
                            },
                            {
                              "Node Type": "Hash",
                              "Parent Relationship": "Inner",
                              "Parallel Aware": true,
                              "Startup Cost": 42319.06,
                              "Total Cost": 42319.06,
                              "Plan Rows": 632106,
                              "Plan Width": 4,
                              "Actual Startup Time": 470.971,
                              "Actual Total Time": 470.972,
                              "Actual Rows": 842771,
                              "Actual Loops": 3,
                              "Hash Buckets": 4194304,
                              "Original Hash Buckets": 4194304,
                              "Hash Batches": 1,
                              "Original Hash Batches": 1,
                              "Peak Memory Usage": 131744,
                              "Plans": [
                                {
                                  "Node Type": "Seq Scan",
                                  "Parent Relationship": "Outer",
                                  "Parallel Aware": true,
                                  "Relation Name": "title",
                                  "Alias": "t",
                                  "Startup Cost": 0.0,
                                  "Total Cost": 42319.06,
                                  "Plan Rows": 632106,
                                  "Plan Width": 4,
                                  "Actual Startup Time": 0.045,
                                  "Actual Total Time": 134.192,
                                  "Actual Rows": 842771,
                                  "Actual Loops": 3
                                }
                              ]
                            }
                          ]
                        }
                      ]
                    }
                  ]
                }
              ]
            }
          ]
        }
      ]
    },
    "Planning Time": 1.318,
    "Triggers": [],
    "Execution Time": 924.544
  }
]