{
  "Plan": {
    "Node Type": "Aggregate",
    "Strategy": "Plain",
    "Partial Mode": "Finalize",
    "Parallel Aware": false,
    "Startup Cost": 77534.48,
    "Total Cost": 77534.49,
    "Plan Rows": 1,
    "Plan Width": 8,
    "Actual Startup Time": 242.567,
    "Actual Total Time": 255.625,
    "Actual Rows": 1,
    "Actual Loops": 1,
    "Plans": [
      {
        "Node Type": "Gather",
        "Parent Relationship": "Outer",
        "Parallel Aware": false,
        "Startup Cost": 77534.37,
        "Total Cost": 77534.48,
        "Plan Rows": 1,
        "Plan Width": 8,
        "Actual Startup Time": 242.433,
        "Actual Total Time": 255.618,
        "Actual Rows": 2,
        "Actual Loops": 1,
        "Workers Planned": 1,
        "Workers Launched": 1,
        "Single Copy": false,
        "Plans": [
          {
            "Node Type": "Aggregate",
            "Strategy": "Plain",
            "Partial Mode": "Partial",
            "Parent Relationship": "Outer",
            "Parallel Aware": false,
            "Startup Cost": 76534.37,
            "Total Cost": 76534.38,
            "Plan Rows": 1,
            "Plan Width": 8,
            "Actual Startup Time": 236.708,
            "Actual Total Time": 236.711,
            "Actual Rows": 1,
            "Actual Loops": 2,
            "Plans": [
              {
                "Node Type": "Hash Join",
                "Parent Relationship": "Outer",
                "Parallel Aware": true,
                "Join Type": "Inner",
                "Startup Cost": 58346.24,
                "Total Cost": 76530.03,
                "Plan Rows": 1736,
                "Plan Width": 0,
                "Actual Startup Time": 144.322,
                "Actual Total Time": 236.67,
                "Actual Rows": 528,
                "Actual Loops": 2,
                "Inner Unique": true,
                "Hash Cond": "(mi_idx.movie_id = t.id)",
                "Plans": [
                  {
                    "Node Type": "Seq Scan",
                    "Parent Relationship": "Outer",
                    "Parallel Aware": true,
                    "Relation Name": "movie_info_idx",
                    "Alias": "mi_idx",
                    "Startup Cost": 0.0,
                    "Total Cost": 16052.85,
                    "Plan Rows": 811785,
                    "Plan Width": 4,
                    "Actual Startup Time": 0.019,
                    "Actual Total Time": 47.719,
                    "Actual Rows": 690018,
                    "Actual Loops": 2
                  },
                  {
                    "Node Type": "Hash",
                    "Parent Relationship": "Inner",
                    "Parallel Aware": true,
                    "Startup Cost": 58306.47,
                    "Total Cost": 58306.47,
                    "Plan Rows": 3182,
                    "Plan Width": 4,
                    "Actual Startup Time": 142.328,
                    "Actual Total Time": 142.329,
                    "Actual Rows": 2244,
                    "Actual Loops": 2,
                    "Hash Buckets": 8192,
                    "Original Hash Buckets": 8192,
                    "Hash Batches": 1,
                    "Original Hash Batches": 1,
                    "Peak Memory Usage": 288,
                    "Plans": [
                      {
                        "Node Type": "Seq Scan",
                        "Parent Relationship": "Outer",
                        "Parallel Aware": true,
                        "Relation Name": "title",
                        "Alias": "t",
                        "Startup Cost": 0.0,
                        "Total Cost": 58306.47,
                        "Plan Rows": 3182,
                        "Plan Width": 4,
                        "Actual Startup Time": 0.891,
                        "Actual Total Time": 141.287,
                        "Actual Rows": 2244,
                        "Actual Loops": 2,
                        "Filter": "((kind_id > 1) AND (production_year = 1954))",
                        "Rows Removed by Filter": 1261912
                      }
                    ]
                  }
                ]
              }
            ]
          }
        ]
      }
    ]
  },
  "Planning Time": 0.487,
  "Triggers": [],
  "Execution Time": 255.701
}