[
    {
        "Bao": {
            "Bao prediction": "NaN",
            "Bao recommended hint": "(no hint)"
        }
    },
    {
        "Plan": {
            "Node Type": "Aggregate",
            "Strategy": "Plain",
            "Partial Mode": "Finalize",
            "Parallel Aware": false,
            "Startup Cost": 94410.99,
            "Total Cost": 94411.0,
            "Plan Rows": 1,
            "Plan Width": 8,
            "Actual Startup Time": 210.213,
            "Actual Total Time": 223.326,
            "Actual Rows": 1,
            "Actual Loops": 1,
            "Output": [
                "count(*)"
            ],
            "Plans": [
                {
                    "Node Type": "Gather",
                    "Parent Relationship": "Outer",
                    "Parallel Aware": false,
                    "Startup Cost": 94410.57,
                    "Total Cost": 94410.98,
                    "Plan Rows": 4,
                    "Plan Width": 8,
                    "Actual Startup Time": 209.518,
                    "Actual Total Time": 223.318,
                    "Actual Rows": 5,
                    "Actual Loops": 1,
                    "Output": [
                        "(PARTIAL count(*))"
                    ],
                    "Workers Planned": 4,
                    "Workers Launched": 4,
                    "Single Copy": false,
                    "Plans": [
                        {
                            "Node Type": "Aggregate",
                            "Strategy": "Plain",
                            "Partial Mode": "Partial",
                            "Parent Relationship": "Outer",
                            "Parallel Aware": false,
                            "Startup Cost": 93410.57,
                            "Total Cost": 93410.58,
                            "Plan Rows": 1,
                            "Plan Width": 8,
                            "Actual Startup Time": 199.685,
                            "Actual Total Time": 199.689,
                            "Actual Rows": 1,
                            "Actual Loops": 5,
                            "Output": [
                                "PARTIAL count(*)"
                            ],
                            "Workers": [
                                {
                                    "Worker Number": 0,
                                    "Actual Startup Time": 196.929,
                                    "Actual Total Time": 196.933,
                                    "Actual Rows": 1,
                                    "Actual Loops": 1
                                },
                                {
                                    "Worker Number": 1,
                                    "Actual Startup Time": 197.066,
                                    "Actual Total Time": 197.069,
                                    "Actual Rows": 1,
                                    "Actual Loops": 1
                                },
                                {
                                    "Worker Number": 2,
                                    "Actual Startup Time": 197.452,
                                    "Actual Total Time": 197.456,
                                    "Actual Rows": 1,
                                    "Actual Loops": 1
                                },
                                {
                                    "Worker Number": 3,
                                    "Actual Startup Time": 197.851,
                                    "Actual Total Time": 197.855,
                                    "Actual Rows": 1,
                                    "Actual Loops": 1
                                }
                            ],
                            "Plans": [
                                {
                                    "Node Type": "Nested Loop",
                                    "Parent Relationship": "Outer",
                                    "Parallel Aware": false,
                                    "Join Type": "Inner",
                                    "Startup Cost": 20626.02,
                                    "Total Cost": 93359.54,
                                    "Plan Rows": 20411,
                                    "Plan Width": 0,
                                    "Actual Startup Time": 20.732,
                                    "Actual Total Time": 198.326,
                                    "Actual Rows": 25866,
                                    "Actual Loops": 5,
                                    "Inner Unique": false,
                                    "Workers": [
                                        {
                                            "Worker Number": 0,
                                            "Actual Startup Time": 17.98,
                                            "Actual Total Time": 195.641,
                                            "Actual Rows": 22772,
                                            "Actual Loops": 1
                                        },
                                        {
                                            "Worker Number": 1,
                                            "Actual Startup Time": 18.482,
                                            "Actual Total Time": 195.653,
                                            "Actual Rows": 25175,
                                            "Actual Loops": 1
                                        },
                                        {
                                            "Worker Number": 2,
                                            "Actual Startup Time": 18.633,
                                            "Actual Total Time": 196.129,
                                            "Actual Rows": 24442,
                                            "Actual Loops": 1
                                        },
                                        {
                                            "Worker Number": 3,
                                            "Actual Startup Time": 18.749,
                                            "Actual Total Time": 196.569,
                                            "Actual Rows": 23695,
                                            "Actual Loops": 1
                                        }
                                    ],
                                    "Plans": [
                                        {
                                            "Node Type": "Hash Join",
                                            "Parent Relationship": "Outer",
                                            "Parallel Aware": true,
                                            "Join Type": "Inner",
                                            "Startup Cost": 20625.59,
                                            "Total Cost": 66154.52,
                                            "Plan Rows": 15416,
                                            "Plan Width": 8,
                                            "Actual Startup Time": 20.145,
                                            "Actual Total Time": 149.768,
                                            "Actual Rows": 12415,
                                            "Actual Loops": 5,
                                            "Output": [
                                                "t.id",
                                                "mc.movie_id"
                                            ],
                                            "Inner Unique": false,
                                            "Hash Cond": "(t.id = mc.movie_id)",
                                            "Workers": [
                                                {
                                                    "Worker Number": 0,
                                                    "Actual Startup Time": 17.605,
                                                    "Actual Total Time": 145.349,
                                                    "Actual Rows": 11330,
                                                    "Actual Loops": 1
                                                },
                                                {
                                                    "Worker Number": 1,
                                                    "Actual Startup Time": 17.529,
                                                    "Actual Total Time": 145.291,
                                                    "Actual Rows": 11357,
                                                    "Actual Loops": 1
                                                },
                                                {
                                                    "Worker Number": 2,
                                                    "Actual Startup Time": 17.773,
                                                    "Actual Total Time": 144.926,
                                                    "Actual Rows": 11652,
                                                    "Actual Loops": 1
                                                },
                                                {
                                                    "Worker Number": 3,
                                                    "Actual Startup Time": 18.314,
                                                    "Actual Total Time": 146.168,
                                                    "Actual Rows": 11655,
                                                    "Actual Loops": 1
                                                }
                                            ],
                                            "Plans": [
                                                {
                                                    "Node Type": "Seq Scan",
                                                    "Parent Relationship": "Outer",
                                                    "Parallel Aware": true,
                                                    "Relation Name": "title",
                                                    "Schema": "public",
                                                    "Alias": "t",
                                                    "Startup Cost": 0.0,
                                                    "Total Cost": 42318.81,
                                                    "Plan Rows": 632080,
                                                    "Plan Width": 4,
                                                    "Actual Startup Time": 0.012,
                                                    "Actual Total Time": 60.028,
                                                    "Actual Rows": 505662,
                                                    "Actual Loops": 5,
                                                    "Output": [
                                                        "t.id",
                                                        "t.title",
                                                        "t.imdb_index",
                                                        "t.kind_id",
                                                        "t.production_year",
                                                        "t.imdb_id",
                                                        "t.phonetic_code",
                                                        "t.episode_of_id",
                                                        "t.season_nr",
                                                        "t.episode_nr",
                                                        "t.series_years",
                                                        "t.md5sum"
                                                    ],
                                                    "Workers": [
                                                        {
                                                            "Worker Number": 0,
                                                            "Actual Startup Time": 0.019,
                                                            "Actual Total Time": 59.921,
                                                            "Actual Rows": 450537,
                                                            "Actual Loops": 1
                                                        },
                                                        {
                                                            "Worker Number": 1,
                                                            "Actual Startup Time": 0.013,
                                                            "Actual Total Time": 60.301,
                                                            "Actual Rows": 459624,
                                                            "Actual Loops": 1
                                                        },
                                                        {
                                                            "Worker Number": 2,
                                                            "Actual Startup Time": 0.014,
                                                            "Actual Total Time": 60.174,
                                                            "Actual Rows": 461719,
                                                            "Actual Loops": 1
                                                        },
                                                        {
                                                            "Worker Number": 3,
                                                            "Actual Startup Time": 0.007,
                                                            "Actual Total Time": 60.127,
                                                            "Actual Rows": 471121,
                                                            "Actual Loops": 1
                                                        }
                                                    ]
                                                },
                                                {
                                                    "Node Type": "Hash",
                                                    "Parent Relationship": "Inner",
                                                    "Parallel Aware": true,
                                                    "Startup Cost": 20376.95,
                                                    "Total Cost": 20376.95,
                                                    "Plan Rows": 19891,
                                                    "Plan Width": 4,
                                                    "Actual Startup Time": 19.466,
                                                    "Actual Total Time": 19.467,
                                                    "Actual Rows": 12415,
                                                    "Actual Loops": 5,
                                                    "Output": [
                                                        "mc.movie_id"
                                                    ],
                                                    "Hash Buckets": 65536,
                                                    "Original Hash Buckets": 65536,
                                                    "Hash Batches": 1,
                                                    "Original Hash Batches": 1,
                                                    "Peak Memory Usage": 3008,
                                                    "Workers": [
                                                        {
                                                            "Worker Number": 0,
                                                            "Actual Startup Time": 16.784,
                                                            "Actual Total Time": 16.786,
                                                            "Actual Rows": 6069,
                                                            "Actual Loops": 1
                                                        },
                                                        {
                                                            "Worker Number": 1,
                                                            "Actual Startup Time": 16.818,
                                                            "Actual Total Time": 16.819,
                                                            "Actual Rows": 5562,
                                                            "Actual Loops": 1
                                                        },
                                                        {
                                                            "Worker Number": 2,
                                                            "Actual Startup Time": 17.292,
                                                            "Actual Total Time": 17.293,
                                                            "Actual Rows": 5419,
                                                            "Actual Loops": 1
                                                        },
                                                        {
                                                            "Worker Number": 3,
                                                            "Actual Startup Time": 17.754,
                                                            "Actual Total Time": 17.756,
                                                            "Actual Rows": 6254,
                                                            "Actual Loops": 1
                                                        }
                                                    ],
                                                    "Plans": [
                                                        {
                                                            "Node Type": "Bitmap Heap Scan",
                                                            "Parent Relationship": "Outer",
                                                            "Parallel Aware": true,
                                                            "Relation Name": "movie_companies",
                                                            "Schema": "public",
                                                            "Alias": "mc",
                                                            "Startup Cost": 1338.31,
                                                            "Total Cost": 20376.95,
                                                            "Plan Rows": 19891,
                                                            "Plan Width": 4,
                                                            "Actual Startup Time": 1.047,
                                                            "Actual Total Time": 13.12,
                                                            "Actual Rows": 12415,
                                                            "Actual Loops": 5,
                                                            "Output": [
                                                                "mc.movie_id"
                                                            ],
                                                            "Recheck Cond": "(mc.company_id = 6)",
                                                            "Rows Removed by Index Recheck": 0,
                                                            "Exact Heap Blocks": 3596,
                                                            "Lossy Heap Blocks": 0,
                                                            "Workers": [
                                                                {
                                                                    "Worker Number": 0,
                                                                    "Actual Startup Time": 0.14,
                                                                    "Actual Total Time": 11.739,
                                                                    "Actual Rows": 6069,
                                                                    "Actual Loops": 1
                                                                },
                                                                {
                                                                    "Worker Number": 1,
                                                                    "Actual Startup Time": 0.154,
                                                                    "Actual Total Time": 11.385,
                                                                    "Actual Rows": 5562,
                                                                    "Actual Loops": 1
                                                                },
                                                                {
                                                                    "Worker Number": 2,
                                                                    "Actual Startup Time": 0.147,
                                                                    "Actual Total Time": 11.79,
                                                                    "Actual Rows": 5419,
                                                                    "Actual Loops": 1
                                                                },
                                                                {
                                                                    "Worker Number": 3,
                                                                    "Actual Startup Time": 0.181,
                                                                    "Actual Total Time": 12.549,
                                                                    "Actual Rows": 6254,
                                                                    "Actual Loops": 1
                                                                }
                                                            ],
                                                            "Plans": [
                                                                {
                                                                    "Node Type": "Bitmap Index Scan",
                                                                    "Parent Relationship": "Outer",
                                                                    "Parallel Aware": false,
                                                                    "Index Name": "company_id_movie_companies",
                                                                    "Startup Cost": 0.0,
                                                                    "Total Cost": 1322.89,
                                                                    "Plan Rows": 61662,
                                                                    "Plan Width": 0,
                                                                    "Actual Startup Time": 3.486,
                                                                    "Actual Total Time": 3.487,
                                                                    "Actual Rows": 62075,
                                                                    "Actual Loops": 1,
                                                                    "Index Cond": "(mc.company_id = 6)"
                                                                }
                                                            ]
                                                        }
                                                    ]
                                                }
                                            ]
                                        },
                                        {
                                            "Node Type": "Index Scan",
                                            "Parent Relationship": "Inner",
                                            "Parallel Aware": false,
                                            "Scan Direction": "Forward",
                                            "Index Name": "movie_id_movie_keyword",
                                            "Relation Name": "movie_keyword",
                                            "Schema": "public",
                                            "Alias": "mk",
                                            "Startup Cost": 0.43,
                                            "Total Cost": 1.42,
                                            "Plan Rows": 34,
                                            "Plan Width": 4,
                                            "Actual Startup Time": 0.003,
                                            "Actual Total Time": 0.004,
                                            "Actual Rows": 2,
                                            "Actual Loops": 62075,
                                            "Output": [
                                                "mk.id",
                                                "mk.movie_id",
                                                "mk.keyword_id"
                                            ],
                                            "Index Cond": "(mk.movie_id = t.id)",
                                            "Rows Removed by Index Recheck": 0,
                                            "Filter": "(mk.keyword_id < 16264)",
                                            "Rows Removed by Filter": 1,
                                            "Workers": [
                                                {
                                                    "Worker Number": 0,
                                                    "Actual Startup Time": 0.004,
                                                    "Actual Total Time": 0.004,
                                                    "Actual Rows": 2,
                                                    "Actual Loops": 11330
                                                },
                                                {
                                                    "Worker Number": 1,
                                                    "Actual Startup Time": 0.004,
                                                    "Actual Total Time": 0.004,
                                                    "Actual Rows": 2,
                                                    "Actual Loops": 11357
                                                },
                                                {
                                                    "Worker Number": 2,
                                                    "Actual Startup Time": 0.004,
                                                    "Actual Total Time": 0.004,
                                                    "Actual Rows": 2,
                                                    "Actual Loops": 11652
                                                },
                                                {
                                                    "Worker Number": 3,
                                                    "Actual Startup Time": 0.004,
                                                    "Actual Total Time": 0.004,
                                                    "Actual Rows": 2,
                                                    "Actual Loops": 11655
                                                }
                                            ]
                                        }
                                    ]
                                }
                            ]
                        }
                    ]
                }
            ]
        },
        "Planning Time": 206.564,
        "Triggers": [],
        "Execution Time": 223.409
    }
]