[
  {
    "Plan": {
      "Node Type": "Aggregate",
      "Strategy": "Plain",
      "Partial Mode": "Finalize",
      "Parallel Aware": false,
      "Startup Cost": 601989.31,
      "Total Cost": 601989.32,
      "Plan Rows": 1,
      "Plan Width": 8,
      "Actual Startup Time": 3428.518,
      "Actual Total Time": 3517.491,
      "Actual Rows": 1,
      "Actual Loops": 1,
      "Plans": [
        {
          "Node Type": "Gather",
          "Parent Relationship": "Outer",
          "Parallel Aware": false,
          "Startup Cost": 601988.69,
          "Total Cost": 601989.3,
          "Plan Rows": 6,
          "Plan Width": 8,
          "Actual Startup Time": 3389.515,
          "Actual Total Time": 3517.46,
          "Actual Rows": 7,
          "Actual Loops": 1,
          "Workers Planned": 6,
          "Workers Launched": 6,
          "Single Copy": false,
          "Plans": [
            {
              "Node Type": "Aggregate",
              "Strategy": "Plain",
              "Partial Mode": "Partial",
              "Parent Relationship": "Outer",
              "Parallel Aware": false,
              "Startup Cost": 600988.69,
              "Total Cost": 600988.7,
              "Plan Rows": 1,
              "Plan Width": 8,
              "Actual Startup Time": 3334.623,
              "Actual Total Time": 3334.92,
              "Actual Rows": 1,
              "Actual Loops": 7,
              "Plans": [
                {
                  "Node Type": "Hash Join",
                  "Parent Relationship": "Outer",
                  "Parallel Aware": true,
                  "Join Type": "Inner",
                  "Startup Cost": 256245.46,
                  "Total Cost": 596214.54,
                  "Plan Rows": 1909658,
                  "Plan Width": 0,
                  "Actual Startup Time": 1539.712,
                  "Actual Total Time": 3178.566,
                  "Actual Rows": 3131889,
                  "Actual Loops": 7,
                  "Inner Unique": false,
                  "Hash Cond": "(ci.movie_id = t.id)",
                  "Plans": [
                    {
                      "Node Type": "Seq Scan",
                      "Parent Relationship": "Outer",
                      "Parallel Aware": true,
                      "Relation Name": "cast_info",
                      "Alias": "ci",
                      "Startup Cost": 0.0,
                      "Total Cost": 328211.39,
                      "Plan Rows": 2116898,
                      "Plan Width": 4,
                      "Actual Startup Time": 0.081,
                      "Actual Total Time": 753.461,
                      "Actual Rows": 1810098,
                      "Actual Loops": 7,
                      "Filter": "(role_id = 1)",
                      "Rows Removed by Filter": 3367665
                    },
                    {
                      "Node Type": "Hash",
                      "Parent Relationship": "Inner",
                      "Parallel Aware": true,
                      "Startup Cost": 250543.23,
                      "Total Cost": 250543.23,
                      "Plan Rows": 456179,
                      "Plan Width": 8,
                      "Actual Startup Time": 1528.025,
                      "Actual Total Time": 1528.319,
                      "Actual Rows": 338812,
                      "Actual Loops": 7,
                      "Hash Buckets": 4194304,
                      "Original Hash Buckets": 4194304,
                      "Hash Batches": 1,
                      "Original Hash Batches": 1,
                      "Peak Memory Usage": 125664,
                      "Plans": [
                        {
                          "Node Type": "Hash Join",
                          "Parent Relationship": "Outer",
                          "Parallel Aware": true,
                          "Join Type": "Inner",
                          "Startup Cost": 49843.15,
                          "Total Cost": 250543.23,
                          "Plan Rows": 456179,
                          "Plan Width": 8,
                          "Actual Startup Time": 470.98,
                          "Actual Total Time": 1123.525,
                          "Actual Rows": 338812,
                          "Actual Loops": 7,
                          "Inner Unique": true,
                          "Hash Cond": "(mi.movie_id = t.id)",
                          "Plans": [
                            {
                              "Node Type": "Seq Scan",
                              "Parent Relationship": "Outer",
                              "Parallel Aware": true,
                              "Relation Name": "movie_info",
                              "Alias": "mi",
                              "Startup Cost": 0.0,
                              "Total Cost": 199108.24,
                              "Plan Rows": 606414,
                              "Plan Width": 4,
                              "Actual Startup Time": 81.213,
                              "Actual Total Time": 489.149,
                              "Actual Rows": 433817,
                              "Actual Loops": 7,
                              "Filter": "(info_type_id = 16)",
                              "Rows Removed by Filter": 1685572
                            },
                            {
                              "Node Type": "Hash",
                              "Parent Relationship": "Inner",
                              "Parallel Aware": true,
                              "Startup Cost": 43899.32,
                              "Total Cost": 43899.32,
                              "Plan Rows": 475506,
                              "Plan Width": 4,
                              "Actual Startup Time": 385.119,
                              "Actual Total Time": 385.121,
                              "Actual Rows": 269681,
                              "Actual Loops": 7,
                              "Hash Buckets": 2097152,
                              "Original Hash Buckets": 2097152,
                              "Hash Batches": 1,
                              "Original Hash Batches": 1,
                              "Peak Memory Usage": 90368,
                              "Plans": [
                                {
                                  "Node Type": "Seq Scan",
                                  "Parent Relationship": "Outer",
                                  "Parallel Aware": true,
                                  "Relation Name": "title",
                                  "Alias": "t",
                                  "Startup Cost": 0.0,
                                  "Total Cost": 43899.32,
                                  "Plan Rows": 475506,
                                  "Plan Width": 4,
                                  "Actual Startup Time": 0.06,
                                  "Actual Total Time": 121.241,
                                  "Actual Rows": 269681,
                                  "Actual Loops": 7,
                                  "Filter": "(production_year > 1983)",
                                  "Rows Removed by Filter": 91506
                                }
                              ]
                            }
                          ]
                        }
                      ]
                    }
                  ]
                }
              ]
            }
          ]
        }
      ]
    },
    "Planning Time": 1.254,
    "Triggers": [],
    "Execution Time": 3517.584
  }
]