[
  {
    "Plan": {
      "Node Type": "Aggregate",
      "Strategy": "Plain",
      "Partial Mode": "Finalize",
      "Parallel Aware": false,
      "Startup Cost": 46205.11,
      "Total Cost": 46205.12,
      "Plan Rows": 1,
      "Plan Width": 8,
      "Actual Startup Time": 132.078,
      "Actual Total Time": 149.856,
      "Actual Rows": 1,
      "Actual Loops": 1,
      "Plans": [
        {
          "Node Type": "Gather",
          "Parent Relationship": "Outer",
          "Parallel Aware": false,
          "Startup Cost": 46204.69,
          "Total Cost": 46205.1,
          "Plan Rows": 4,
          "Plan Width": 8,
          "Actual Startup Time": 131.879,
          "Actual Total Time": 149.842,
          "Actual Rows": 5,
          "Actual Loops": 1,
          "Workers Planned": 4,
          "Workers Launched": 4,
          "Single Copy": false,
          "Plans": [
            {
              "Node Type": "Aggregate",
              "Strategy": "Plain",
              "Partial Mode": "Partial",
              "Parent Relationship": "Outer",
              "Parallel Aware": false,
              "Startup Cost": 45204.69,
              "Total Cost": 45204.7,
              "Plan Rows": 1,
              "Plan Width": 8,
              "Actual Startup Time": 124.727,
              "Actual Total Time": 124.728,
              "Actual Rows": 1,
              "Actual Loops": 5,
              "Plans": [
                {
                  "Node Type": "Seq Scan",
                  "Parent Relationship": "Outer",
                  "Parallel Aware": true,
                  "Relation Name": "title",
                  "Alias": "t",
                  "Startup Cost": 0.0,
                  "Total Cost": 43899.32,
                  "Plan Rows": 522146,
                  "Plan Width": 0,
                  "Actual Startup Time": 0.042,
                  "Actual Total Time": 102.173,
                  "Actual Rows": 414958,
                  "Actual Loops": 5,
                  "Filter": "(production_year > 1970)",
                  "Rows Removed by Filter": 90705
                }
              ]
            }
          ]
        }
      ]
    },
    "Planning Time": 0.058,
    "Triggers": [],
    "Execution Time": 149.881
  }
]