[
  {
    "Plan": {
      "Node Type": "Aggregate",
      "Strategy": "Plain",
      "Partial Mode": "Finalize",
      "Parallel Aware": false,
      "Startup Cost": 628437.15,
      "Total Cost": 628437.16,
      "Plan Rows": 1,
      "Plan Width": 8,
      "Actual Startup Time": 3134.634,
      "Actual Total Time": 3219.191,
      "Actual Rows": 1,
      "Actual Loops": 1,
      "Plans": [
        {
          "Node Type": "Gather",
          "Parent Relationship": "Outer",
          "Parallel Aware": false,
          "Startup Cost": 628436.53,
          "Total Cost": 628437.14,
          "Plan Rows": 6,
          "Plan Width": 8,
          "Actual Startup Time": 3116.536,
          "Actual Total Time": 3219.178,
          "Actual Rows": 7,
          "Actual Loops": 1,
          "Workers Planned": 6,
          "Workers Launched": 6,
          "Single Copy": false,
          "Plans": [
            {
              "Node Type": "Aggregate",
              "Strategy": "Plain",
              "Partial Mode": "Partial",
              "Parent Relationship": "Outer",
              "Parallel Aware": false,
              "Startup Cost": 627436.53,
              "Total Cost": 627436.54,
              "Plan Rows": 1,
              "Plan Width": 8,
              "Actual Startup Time": 3094.669,
              "Actual Total Time": 3094.765,
              "Actual Rows": 1,
              "Actual Loops": 7,
              "Plans": [
                {
                  "Node Type": "Hash Join",
                  "Parent Relationship": "Outer",
                  "Parallel Aware": true,
                  "Join Type": "Inner",
                  "Startup Cost": 254290.16,
                  "Total Cost": 612505.07,
                  "Plan Rows": 5972582,
                  "Plan Width": 0,
                  "Actual Startup Time": 908.274,
                  "Actual Total Time": 2937.859,
                  "Actual Rows": 3638825,
                  "Actual Loops": 7,
                  "Inner Unique": false,
                  "Hash Cond": "(ci.movie_id = t.id)",
                  "Plans": [
                    {
                      "Node Type": "Seq Scan",
                      "Parent Relationship": "Outer",
                      "Parallel Aware": true,
                      "Relation Name": "cast_info",
                      "Alias": "ci",
                      "Startup Cost": 0.0,
                      "Total Cost": 328162.03,
                      "Plan Rows": 4828729,
                      "Plan Width": 4,
                      "Actual Startup Time": 0.031,
                      "Actual Total Time": 620.494,
                      "Actual Rows": 4158589,
                      "Actual Loops": 7,
                      "Filter": "(person_id < 2953805)",
                      "Rows Removed by Filter": 1019175
                    },
                    {
                      "Node Type": "Hash",
                      "Parent Relationship": "Inner",
                      "Parallel Aware": true,
                      "Startup Cost": 246472.15,
                      "Total Cost": 246472.15,
                      "Plan Rows": 625441,
                      "Plan Width": 8,
                      "Actual Startup Time": 901.219,
                      "Actual Total Time": 901.313,
                      "Actual Rows": 230966,
                      "Actual Loops": 7,
                      "Hash Buckets": 4194304,
                      "Original Hash Buckets": 4194304,
                      "Hash Batches": 1,
                      "Original Hash Batches": 1,
                      "Peak Memory Usage": 96128,
                      "Plans": [
                        {
                          "Node Type": "Hash Join",
                          "Parent Relationship": "Outer",
                          "Parallel Aware": true,
                          "Join Type": "Inner",
                          "Startup Cost": 47150.39,
                          "Total Cost": 246472.15,
                          "Plan Rows": 625441,
                          "Plan Width": 8,
                          "Actual Startup Time": 113.75,
                          "Actual Total Time": 785.025,
                          "Actual Rows": 230966,
                          "Actual Loops": 7,
                          "Inner Unique": true,
                          "Hash Cond": "(mi.movie_id = t.id)",
                          "Plans": [
                            {
                              "Node Type": "Seq Scan",
                              "Parent Relationship": "Outer",
                              "Parallel Aware": true,
                              "Relation Name": "movie_info",
                              "Alias": "mi",
                              "Startup Cost": 0.0,
                              "Total Cost": 191560.33,
                              "Plan Rows": 2956733,
                              "Plan Width": 4,
                              "Actual Startup Time": 0.035,
                              "Actual Total Time": 294.026,
                              "Actual Rows": 2119389,
                              "Actual Loops": 7
                            },
                            {
                              "Node Type": "Hash",
                              "Parent Relationship": "Inner",
                              "Parallel Aware": true,
                              "Startup Cost": 45479.1,
                              "Total Cost": 45479.1,
                              "Plan Rows": 133703,
                              "Plan Width": 4,
                              "Actual Startup Time": 112.606,
                              "Actual Total Time": 112.619,
                              "Actual Rows": 61178,
                              "Actual Loops": 7,
                              "Hash Buckets": 1048576,
                              "Original Hash Buckets": 1048576,
                              "Hash Batches": 1,
                              "Original Hash Batches": 1,
                              "Peak Memory Usage": 25024,
                              "Plans": [
                                {
                                  "Node Type": "Seq Scan",
                                  "Parent Relationship": "Outer",
                                  "Parallel Aware": true,
                                  "Relation Name": "title",
                                  "Alias": "t",
                                  "Startup Cost": 0.0,
                                  "Total Cost": 45479.1,
                                  "Plan Rows": 133703,
                                  "Plan Width": 4,
                                  "Actual Startup Time": 0.041,
                                  "Actual Total Time": 78.691,
                                  "Actual Rows": 61178,
                                  "Actual Loops": 7,
                                  "Filter": "((production_year < 1997) AND (kind_id = 7))",
                                  "Rows Removed by Filter": 300009
                                }
                              ]
                            }
                          ]
                        }
                      ]
                    }
                  ]
                }
              ]
            }
          ]
        }
      ]
    },
    "Planning Time": 1.392,
    "Triggers": [],
    "Execution Time": 3219.319
  }
]