[
  {
    "Plan": {
      "Node Type": "Aggregate",
      "Strategy": "Plain",
      "Partial Mode": "Finalize",
      "Parallel Aware": false,
      "Startup Cost": 74566.83,
      "Total Cost": 74566.84,
      "Plan Rows": 1,
      "Plan Width": 8,
      "Actual Startup Time": 121.606,
      "Actual Total Time": 134.372,
      "Actual Rows": 1,
      "Actual Loops": 1,
      "Plans": [
        {
          "Node Type": "Gather",
          "Parent Relationship": "Outer",
          "Parallel Aware": false,
          "Startup Cost": 74566.31,
          "Total Cost": 74566.82,
          "Plan Rows": 5,
          "Plan Width": 8,
          "Actual Startup Time": 121.509,
          "Actual Total Time": 134.362,
          "Actual Rows": 6,
          "Actual Loops": 1,
          "Workers Planned": 5,
          "Workers Launched": 5,
          "Single Copy": false,
          "Plans": [
            {
              "Node Type": "Aggregate",
              "Strategy": "Plain",
              "Partial Mode": "Partial",
              "Parent Relationship": "Outer",
              "Parallel Aware": false,
              "Startup Cost": 73566.31,
              "Total Cost": 73566.32,
              "Plan Rows": 1,
              "Plan Width": 8,
              "Actual Startup Time": 115.888,
              "Actual Total Time": 115.89,
              "Actual Rows": 1,
              "Actual Loops": 6,
              "Plans": [
                {
                  "Node Type": "Index Scan",
                  "Parent Relationship": "Outer",
                  "Parallel Aware": true,
                  "Scan Direction": "Forward",
                  "Index Name": "role_id_cast_info",
                  "Relation Name": "cast_info",
                  "Alias": "ci",
                  "Startup Cost": 0.56,
                  "Total Cost": 72913.16,
                  "Plan Rows": 261260,
                  "Plan Width": 0,
                  "Actual Startup Time": 0.092,
                  "Actual Total Time": 105.246,
                  "Actual Rows": 205198,
                  "Actual Loops": 6,
                  "Index Cond": "(role_id = 4)",
                  "Rows Removed by Index Recheck": 0,
                  "Filter": "(person_id < 1769945)",
                  "Rows Removed by Filter": 249625
                }
              ]
            }
          ]
        }
      ]
    },
    "Planning Time": 0.193,
    "Triggers": [],
    "Execution Time": 134.429
  }
]