[
  {
    "Plan": {
      "Node Type": "Aggregate",
      "Strategy": "Plain",
      "Partial Mode": "Finalize",
      "Parallel Aware": false,
      "Startup Cost": 72246.91,
      "Total Cost": 72246.92,
      "Plan Rows": 1,
      "Plan Width": 8,
      "Actual Startup Time": 341.665,
      "Actual Total Time": 358.065,
      "Actual Rows": 1,
      "Actual Loops": 1,
      "Plans": [
        {
          "Node Type": "Gather",
          "Parent Relationship": "Outer",
          "Parallel Aware": false,
          "Startup Cost": 72246.59,
          "Total Cost": 72246.9,
          "Plan Rows": 3,
          "Plan Width": 8,
          "Actual Startup Time": 337.606,
          "Actual Total Time": 358.05,
          "Actual Rows": 4,
          "Actual Loops": 1,
          "Workers Planned": 3,
          "Workers Launched": 3,
          "Single Copy": false,
          "Plans": [
            {
              "Node Type": "Aggregate",
              "Strategy": "Plain",
              "Partial Mode": "Partial",
              "Parent Relationship": "Outer",
              "Parallel Aware": false,
              "Startup Cost": 71246.59,
              "Total Cost": 71246.6,
              "Plan Rows": 1,
              "Plan Width": 8,
              "Actual Startup Time": 318.153,
              "Actual Total Time": 318.158,
              "Actual Rows": 1,
              "Actual Loops": 4,
              "Plans": [
                {
                  "Node Type": "Nested Loop",
                  "Parent Relationship": "Outer",
                  "Parallel Aware": false,
                  "Join Type": "Inner",
                  "Startup Cost": 21147.8,
                  "Total Cost": 71229.33,
                  "Plan Rows": 6906,
                  "Plan Width": 0,
                  "Actual Startup Time": 186.163,
                  "Actual Total Time": 316.078,
                  "Actual Rows": 16893,
                  "Actual Loops": 4,
                  "Inner Unique": true,
                  "Plans": [
                    {
                      "Node Type": "Hash Join",
                      "Parent Relationship": "Outer",
                      "Parallel Aware": true,
                      "Join Type": "Inner",
                      "Startup Cost": 21147.37,
                      "Total Cost": 46073.93,
                      "Plan Rows": 39059,
                      "Plan Width": 8,
                      "Actual Startup Time": 186.005,
                      "Actual Total Time": 229.079,
                      "Actual Rows": 16893,
                      "Actual Loops": 4,
                      "Inner Unique": false,
                      "Hash Cond": "(mk.movie_id = mi_idx.movie_id)",
                      "Plans": [
                        {
                          "Node Type": "Bitmap Heap Scan",
                          "Parent Relationship": "Outer",
                          "Parallel Aware": true,
                          "Relation Name": "movie_keyword",
                          "Alias": "mk",
                          "Startup Cost": 1254.47,
                          "Total Cost": 25946.78,
                          "Plan Rows": 19065,
                          "Plan Width": 4,
                          "Actual Startup Time": 10.252,
                          "Actual Total Time": 37.876,
                          "Actual Rows": 14401,
                          "Actual Loops": 4,
                          "Recheck Cond": "(keyword_id < 56)",
                          "Rows Removed by Index Recheck": 0,
                          "Exact Heap Blocks": 6016,
                          "Lossy Heap Blocks": 0,
                          "Plans": [
                            {
                              "Node Type": "Bitmap Index Scan",
                              "Parent Relationship": "Outer",
                              "Parallel Aware": false,
                              "Index Name": "keyword_id_movie_keyword",
                              "Startup Cost": 0.0,
                              "Total Cost": 1239.69,
                              "Plan Rows": 59101,
                              "Plan Width": 0,
                              "Actual Startup Time": 6.31,
                              "Actual Total Time": 6.312,
                              "Actual Rows": 57603,
                              "Actual Loops": 1,
                              "Index Cond": "(keyword_id < 56)"
                            }
                          ]
                        },
                        {
                          "Node Type": "Hash",
                          "Parent Relationship": "Inner",
                          "Parallel Aware": true,
                          "Startup Cost": 15122.68,
                          "Total Cost": 15122.68,
                          "Plan Rows": 381618,
                          "Plan Width": 4,
                          "Actual Startup Time": 167.425,
                          "Actual Total Time": 167.426,
                          "Actual Rows": 229962,
                          "Actual Loops": 4,
                          "Hash Buckets": 1048576,
                          "Original Hash Buckets": 1048576,
                          "Hash Batches": 1,
                          "Original Hash Batches": 1,
                          "Peak Memory Usage": 44256,
                          "Plans": [
                            {
                              "Node Type": "Seq Scan",
                              "Parent Relationship": "Outer",
                              "Parallel Aware": true,
                              "Relation Name": "movie_info_idx",
                              "Alias": "mi_idx",
                              "Startup Cost": 0.0,
                              "Total Cost": 15122.68,
                              "Plan Rows": 381618,
                              "Plan Width": 4,
                              "Actual Startup Time": 0.071,
                              "Actual Total Time": 63.445,
                              "Actual Rows": 229962,
                              "Actual Loops": 4,
                              "Filter": "(info_type_id < 101)",
                              "Rows Removed by Filter": 115046
                            }
                          ]
                        }
                      ]
                    },
                    {
                      "Node Type": "Index Only Scan",
                      "Parent Relationship": "Inner",
                      "Parallel Aware": false,
                      "Scan Direction": "Forward",
                      "Index Name": "title_pkey",
                      "Relation Name": "title",
                      "Alias": "t",
                      "Startup Cost": 0.43,
                      "Total Cost": 0.64,
                      "Plan Rows": 1,
                      "Plan Width": 4,
                      "Actual Startup Time": 0.005,
                      "Actual Total Time": 0.005,
                      "Actual Rows": 1,
                      "Actual Loops": 67572,
                      "Index Cond": "(id = mi_idx.movie_id)",
                      "Rows Removed by Index Recheck": 0,
                      "Heap Fetches": 67572
                    }
                  ]
                }
              ]
            }
          ]
        }
      ]
    },
    "Planning Time": 1.464,
    "Triggers": [],
    "Execution Time": 358.192
  }
]