[
  {
    "Plan": {
      "Node Type": "Aggregate",
      "Strategy": "Plain",
      "Partial Mode": "Finalize",
      "Parallel Aware": false,
      "Startup Cost": 79872.1,
      "Total Cost": 79872.11,
      "Plan Rows": 1,
      "Plan Width": 8,
      "Actual Startup Time": 105.934,
      "Actual Total Time": 117.695,
      "Actual Rows": 1,
      "Actual Loops": 1,
      "Plans": [
        {
          "Node Type": "Gather",
          "Parent Relationship": "Outer",
          "Parallel Aware": false,
          "Startup Cost": 79871.68,
          "Total Cost": 79872.09,
          "Plan Rows": 4,
          "Plan Width": 8,
          "Actual Startup Time": 105.848,
          "Actual Total Time": 117.689,
          "Actual Rows": 5,
          "Actual Loops": 1,
          "Workers Planned": 4,
          "Workers Launched": 4,
          "Single Copy": false,
          "Plans": [
            {
              "Node Type": "Aggregate",
              "Strategy": "Plain",
              "Partial Mode": "Partial",
              "Parent Relationship": "Outer",
              "Parallel Aware": false,
              "Startup Cost": 78871.68,
              "Total Cost": 78871.69,
              "Plan Rows": 1,
              "Plan Width": 8,
              "Actual Startup Time": 99.971,
              "Actual Total Time": 99.972,
              "Actual Rows": 1,
              "Actual Loops": 5,
              "Plans": [
                {
                  "Node Type": "Nested Loop",
                  "Parent Relationship": "Outer",
                  "Parallel Aware": false,
                  "Join Type": "Inner",
                  "Startup Cost": 0.43,
                  "Total Cost": 78854.53,
                  "Plan Rows": 6860,
                  "Plan Width": 0,
                  "Actual Startup Time": 44.04,
                  "Actual Total Time": 99.681,
                  "Actual Rows": 5054,
                  "Actual Loops": 5,
                  "Inner Unique": false,
                  "Plans": [
                    {
                      "Node Type": "Seq Scan",
                      "Parent Relationship": "Outer",
                      "Parallel Aware": true,
                      "Relation Name": "title",
                      "Alias": "t",
                      "Startup Cost": 0.0,
                      "Total Cost": 45479.21,
                      "Plan Rows": 4454,
                      "Plan Width": 4,
                      "Actual Startup Time": 41.298,
                      "Actual Total Time": 68.313,
                      "Actual Rows": 4404,
                      "Actual Loops": 5,
                      "Filter": "((kind_id < 2) AND (production_year > 2012))",
                      "Rows Removed by Filter": 501258
                    },
                    {
                      "Node Type": "Index Scan",
                      "Parent Relationship": "Inner",
                      "Parallel Aware": false,
                      "Scan Direction": "Forward",
                      "Index Name": "movie_id_movie_keyword",
                      "Relation Name": "movie_keyword",
                      "Alias": "mk",
                      "Startup Cost": 0.43,
                      "Total Cost": 7.1,
                      "Plan Rows": 39,
                      "Plan Width": 4,
                      "Actual Startup Time": 0.007,
                      "Actual Total Time": 0.007,
                      "Actual Rows": 1,
                      "Actual Loops": 22021,
                      "Index Cond": "(movie_id = t.id)",
                      "Rows Removed by Index Recheck": 0,
                      "Filter": "(keyword_id > 492)",
                      "Rows Removed by Filter": 0
                    }
                  ]
                }
              ]
            }
          ]
        }
      ]
    },
    "Planning Time": 0.259,
    "Triggers": [],
    "Execution Time": 117.732
  }
]