[
    {
        "Bao": {
            "Bao prediction": "NaN",
            "Bao recommended hint": "(no hint)"
        }
    },
    {
        "Plan": {
            "Node Type": "Aggregate",
            "Strategy": "Plain",
            "Partial Mode": "Finalize",
            "Parallel Aware": false,
            "Startup Cost": 33306.03,
            "Total Cost": 33306.04,
            "Plan Rows": 1,
            "Plan Width": 8,
            "Actual Startup Time": 100.632,
            "Actual Total Time": 105.146,
            "Actual Rows": 1,
            "Actual Loops": 1,
            "Output": [
                "count(*)"
            ],
            "Plans": [
                {
                    "Node Type": "Gather",
                    "Parent Relationship": "Outer",
                    "Parallel Aware": false,
                    "Startup Cost": 33305.71,
                    "Total Cost": 33306.02,
                    "Plan Rows": 3,
                    "Plan Width": 8,
                    "Actual Startup Time": 100.509,
                    "Actual Total Time": 105.138,
                    "Actual Rows": 4,
                    "Actual Loops": 1,
                    "Output": [
                        "(PARTIAL count(*))"
                    ],
                    "Workers Planned": 3,
                    "Workers Launched": 3,
                    "Single Copy": false,
                    "Plans": [
                        {
                            "Node Type": "Aggregate",
                            "Strategy": "Plain",
                            "Partial Mode": "Partial",
                            "Parent Relationship": "Outer",
                            "Parallel Aware": false,
                            "Startup Cost": 32305.71,
                            "Total Cost": 32305.72,
                            "Plan Rows": 1,
                            "Plan Width": 8,
                            "Actual Startup Time": 92.194,
                            "Actual Total Time": 92.195,
                            "Actual Rows": 1,
                            "Actual Loops": 4,
                            "Output": [
                                "PARTIAL count(*)"
                            ],
                            "Workers": [
                                {
                                    "Worker Number": 0,
                                    "Actual Startup Time": 89.408,
                                    "Actual Total Time": 89.409,
                                    "Actual Rows": 1,
                                    "Actual Loops": 1
                                },
                                {
                                    "Worker Number": 1,
                                    "Actual Startup Time": 89.583,
                                    "Actual Total Time": 89.585,
                                    "Actual Rows": 1,
                                    "Actual Loops": 1
                                },
                                {
                                    "Worker Number": 2,
                                    "Actual Startup Time": 89.891,
                                    "Actual Total Time": 89.892,
                                    "Actual Rows": 1,
                                    "Actual Loops": 1
                                }
                            ],
                            "Plans": [
                                {
                                    "Node Type": "Seq Scan",
                                    "Parent Relationship": "Outer",
                                    "Parallel Aware": true,
                                    "Relation Name": "movie_companies",
                                    "Schema": "public",
                                    "Alias": "mc",
                                    "Startup Cost": 0.0,
                                    "Total Cost": 31414.82,
                                    "Plan Rows": 356356,
                                    "Plan Width": 0,
                                    "Actual Startup Time": 40.657,
                                    "Actual Total Time": 78.575,
                                    "Actual Rows": 307663,
                                    "Actual Loops": 4,
                                    "Output": [
                                        "id",
                                        "movie_id",
                                        "company_id",
                                        "company_type_id",
                                        "note"
                                    ],
                                    "Filter": "((mc.company_id > 319) AND (mc.company_type_id > 1))",
                                    "Rows Removed by Filter": 344619,
                                    "Workers": [
                                        {
                                            "Worker Number": 0,
                                            "Actual Startup Time": 37.862,
                                            "Actual Total Time": 75.907,
                                            "Actual Rows": 335691,
                                            "Actual Loops": 1
                                        },
                                        {
                                            "Worker Number": 1,
                                            "Actual Startup Time": 38.054,
                                            "Actual Total Time": 76.17,
                                            "Actual Rows": 331002,
                                            "Actual Loops": 1
                                        },
                                        {
                                            "Worker Number": 2,
                                            "Actual Startup Time": 38.343,
                                            "Actual Total Time": 76.643,
                                            "Actual Rows": 178536,
                                            "Actual Loops": 1
                                        }
                                    ]
                                }
                            ]
                        }
                    ]
                }
            ]
        },
        "Planning Time": 189.946,
        "Triggers": [],
        "Execution Time": 105.228
    }
]