[
  {
    "Plan": {
      "Node Type": "Aggregate",
      "Strategy": "Plain",
      "Partial Mode": "Finalize",
      "Parallel Aware": false,
      "Startup Cost": 46113.82,
      "Total Cost": 46113.83,
      "Plan Rows": 1,
      "Plan Width": 8,
      "Actual Startup Time": 156.363,
      "Actual Total Time": 165.824,
      "Actual Rows": 1,
      "Actual Loops": 1,
      "Plans": [
        {
          "Node Type": "Gather",
          "Parent Relationship": "Outer",
          "Parallel Aware": false,
          "Startup Cost": 46113.5,
          "Total Cost": 46113.81,
          "Plan Rows": 3,
          "Plan Width": 8,
          "Actual Startup Time": 156.25,
          "Actual Total Time": 165.815,
          "Actual Rows": 4,
          "Actual Loops": 1,
          "Workers Planned": 3,
          "Workers Launched": 3,
          "Single Copy": false,
          "Plans": [
            {
              "Node Type": "Aggregate",
              "Strategy": "Plain",
              "Partial Mode": "Partial",
              "Parent Relationship": "Outer",
              "Parallel Aware": false,
              "Startup Cost": 45113.5,
              "Total Cost": 45113.51,
              "Plan Rows": 1,
              "Plan Width": 8,
              "Actual Startup Time": 149.181,
              "Actual Total Time": 149.182,
              "Actual Rows": 1,
              "Actual Loops": 4,
              "Plans": [
                {
                  "Node Type": "Seq Scan",
                  "Parent Relationship": "Outer",
                  "Parallel Aware": true,
                  "Relation Name": "movie_keyword",
                  "Alias": "mk",
                  "Startup Cost": 0.0,
                  "Total Cost": 42695.65,
                  "Plan Rows": 967138,
                  "Plan Width": 0,
                  "Actual Startup Time": 0.051,
                  "Actual Total Time": 115.8,
                  "Actual Rows": 747956,
                  "Actual Loops": 4,
                  "Filter": "(keyword_id < 10434)",
                  "Rows Removed by Filter": 383026
                }
              ]
            }
          ]
        }
      ]
    },
    "Planning Time": 0.181,
    "Triggers": [],
    "Execution Time": 165.888
  }
]