[
  {
    "Plan": {
      "Node Type": "Aggregate",
      "Strategy": "Plain",
      "Partial Mode": "Finalize",
      "Parallel Aware": false,
      "Startup Cost": 44484.1,
      "Total Cost": 44484.11,
      "Plan Rows": 1,
      "Plan Width": 8,
      "Actual Startup Time": 124.166,
      "Actual Total Time": 133.831,
      "Actual Rows": 1,
      "Actual Loops": 1,
      "Plans": [
        {
          "Node Type": "Gather",
          "Parent Relationship": "Outer",
          "Parallel Aware": false,
          "Startup Cost": 44483.78,
          "Total Cost": 44484.09,
          "Plan Rows": 3,
          "Plan Width": 8,
          "Actual Startup Time": 123.989,
          "Actual Total Time": 133.821,
          "Actual Rows": 4,
          "Actual Loops": 1,
          "Workers Planned": 3,
          "Workers Launched": 3,
          "Single Copy": false,
          "Plans": [
            {
              "Node Type": "Aggregate",
              "Strategy": "Plain",
              "Partial Mode": "Partial",
              "Parent Relationship": "Outer",
              "Parallel Aware": false,
              "Startup Cost": 43483.78,
              "Total Cost": 43483.79,
              "Plan Rows": 1,
              "Plan Width": 8,
              "Actual Startup Time": 116.814,
              "Actual Total Time": 116.816,
              "Actual Rows": 1,
              "Actual Loops": 4,
              "Plans": [
                {
                  "Node Type": "Seq Scan",
                  "Parent Relationship": "Outer",
                  "Parallel Aware": true,
                  "Relation Name": "movie_keyword",
                  "Alias": "mk",
                  "Startup Cost": 0.0,
                  "Total Cost": 42695.65,
                  "Plan Rows": 315250,
                  "Plan Width": 0,
                  "Actual Startup Time": 0.058,
                  "Actual Total Time": 104.478,
                  "Actual Rows": 246059,
                  "Actual Loops": 4,
                  "Filter": "(keyword_id < 925)",
                  "Rows Removed by Filter": 884924
                }
              ]
            }
          ]
        }
      ]
    },
    "Planning Time": 0.162,
    "Triggers": [],
    "Execution Time": 133.883
  }
]