[
  {
    "Plan": {
      "Node Type": "Aggregate",
      "Strategy": "Plain",
      "Partial Mode": "Finalize",
      "Parallel Aware": false,
      "Startup Cost": 474037.04,
      "Total Cost": 474037.05,
      "Plan Rows": 1,
      "Plan Width": 64,
      "Actual Startup Time": 1335.258,
      "Actual Total Time": 1404.689,
      "Actual Rows": 1,
      "Actual Loops": 1,
      "Plans": [
        {
          "Node Type": "Gather",
          "Parent Relationship": "Outer",
          "Parallel Aware": false,
          "Startup Cost": 474036.61,
          "Total Cost": 474037.02,
          "Plan Rows": 4,
          "Plan Width": 64,
          "Actual Startup Time": 1334.806,
          "Actual Total Time": 1404.677,
          "Actual Rows": 5,
          "Actual Loops": 1,
          "Workers Planned": 4,
          "Workers Launched": 4,
          "Single Copy": false,
          "Plans": [
            {
              "Node Type": "Aggregate",
              "Strategy": "Plain",
              "Partial Mode": "Partial",
              "Parent Relationship": "Outer",
              "Parallel Aware": false,
              "Startup Cost": 473036.61,
              "Total Cost": 473036.62,
              "Plan Rows": 1,
              "Plan Width": 64,
              "Actual Startup Time": 1323.402,
              "Actual Total Time": 1323.422,
              "Actual Rows": 1,
              "Actual Loops": 5,
              "Plans": [
                {
                  "Node Type": "Hash Join",
                  "Parent Relationship": "Outer",
                  "Parallel Aware": false,
                  "Join Type": "Inner",
                  "Startup Cost": 422848.96,
                  "Total Cost": 473036.59,
                  "Plan Rows": 4,
                  "Plan Width": 33,
                  "Actual Startup Time": 1195.284,
                  "Actual Total Time": 1323.389,
                  "Actual Rows": 32,
                  "Actual Loops": 5,
                  "Inner Unique": true,
                  "Hash Cond": "(mc.company_type_id = ct.id)",
                  "Plans": [
                    {
                      "Node Type": "Hash Join",
                      "Parent Relationship": "Outer",
                      "Parallel Aware": true,
                      "Join Type": "Inner",
                      "Startup Cost": 422847.87,
                      "Total Cost": 473035.48,
                      "Plan Rows": 4,
                      "Plan Width": 37,
                      "Actual Startup Time": 1194.525,
                      "Actual Total Time": 1322.613,
                      "Actual Rows": 32,
                      "Actual Loops": 5,
                      "Inner Unique": false,
                      "Hash Cond": "(chn.id = ci.person_role_id)",
                      "Plans": [
                        {
                          "Node Type": "Seq Scan",
                          "Parent Relationship": "Outer",
                          "Parallel Aware": true,
                          "Relation Name": "char_name",
                          "Alias": "chn",
                          "Startup Cost": 0.0,
                          "Total Cost": 44299.2,
                          "Plan Rows": 785120,
                          "Plan Width": 20,
                          "Actual Startup Time": 0.012,
                          "Actual Total Time": 85.856,
                          "Actual Rows": 628068,
                          "Actual Loops": 5
                        },
                        {
                          "Node Type": "Hash",
                          "Parent Relationship": "Inner",
                          "Parallel Aware": true,
                          "Startup Cost": 422847.82,
                          "Total Cost": 422847.82,
                          "Plan Rows": 4,
                          "Plan Width": 25,
                          "Actual Startup Time": 1193.657,
                          "Actual Total Time": 1193.673,
                          "Actual Rows": 33,
                          "Actual Loops": 5,
                          "Hash Buckets": 1024,
                          "Original Hash Buckets": 1024,
                          "Hash Batches": 1,
                          "Original Hash Batches": 1,
                          "Peak Memory Usage": 168,
                          "Plans": [
                            {
                              "Node Type": "Hash Join",
                              "Parent Relationship": "Outer",
                              "Parallel Aware": true,
                              "Join Type": "Inner",
                              "Startup Cost": 377595.2,
                              "Total Cost": 422847.82,
                              "Plan Rows": 4,
                              "Plan Width": 25,
                              "Actual Startup Time": 1155.401,
                              "Actual Total Time": 1193.543,
                              "Actual Rows": 33,
                              "Actual Loops": 5,
                              "Inner Unique": false,
                              "Hash Cond": "(t.id = mc.movie_id)",
                              "Plans": [
                                {
                                  "Node Type": "Seq Scan",
                                  "Parent Relationship": "Outer",
                                  "Parallel Aware": true,
                                  "Relation Name": "title",
                                  "Alias": "t",
                                  "Startup Cost": 0.0,
                                  "Total Cost": 43898.97,
                                  "Plan Rows": 360968,
                                  "Plan Width": 21,
                                  "Actual Startup Time": 0.016,
                                  "Actual Total Time": 95.101,
                                  "Actual Rows": 288660,
                                  "Actual Loops": 5,
                                  "Filter": "(production_year < 2006)",
                                  "Rows Removed by Filter": 217003
                                },
                                {
                                  "Node Type": "Hash",
                                  "Parent Relationship": "Inner",
                                  "Parallel Aware": true,
                                  "Startup Cost": 377595.09,
                                  "Total Cost": 377595.09,
                                  "Plan Rows": 9,
                                  "Plan Width": 16,
                                  "Actual Startup Time": 1078.252,
                                  "Actual Total Time": 1078.265,
                                  "Actual Rows": 55,
                                  "Actual Loops": 5,
                                  "Hash Buckets": 1024,
                                  "Original Hash Buckets": 1024,
                                  "Hash Batches": 1,
                                  "Original Hash Batches": 1,
                                  "Peak Memory Usage": 168,
                                  "Plans": [
                                    {
                                      "Node Type": "Hash Join",
                                      "Parent Relationship": "Outer",
                                      "Parallel Aware": true,
                                      "Join Type": "Inner",
                                      "Startup Cost": 348161.36,
                                      "Total Cost": 377595.09,
                                      "Plan Rows": 9,
                                      "Plan Width": 16,
                                      "Actual Startup Time": 981.42,
                                      "Actual Total Time": 1078.136,
                                      "Actual Rows": 55,
                                      "Actual Loops": 5,
                                      "Inner Unique": false,
                                      "Hash Cond": "(mc.movie_id = ci.movie_id)",
                                      "Plans": [
                                        {
                                          "Node Type": "Hash Join",
                                          "Parent Relationship": "Outer",
                                          "Parallel Aware": true,
                                          "Join Type": "Inner",
                                          "Startup Cost": 4732.66,
                                          "Total Cost": 34148.59,
                                          "Plan Rows": 4742,
                                          "Plan Width": 8,
                                          "Actual Startup Time": 10.091,
                                          "Actual Total Time": 125.435,
                                          "Actual Rows": 1758,
                                          "Actual Loops": 5,
                                          "Inner Unique": true,
                                          "Hash Cond": "(mc.company_id = cn.id)",
                                          "Plans": [
                                            {
                                              "Node Type": "Seq Scan",
                                              "Parent Relationship": "Outer",
                                              "Parallel Aware": true,
                                              "Relation Name": "movie_companies",
                                              "Alias": "mc",
                                              "Startup Cost": 0.0,
                                              "Total Cost": 27206.55,
                                              "Plan Rows": 841655,
                                              "Plan Width": 12,
                                              "Actual Startup Time": 0.024,
                                              "Actual Total Time": 71.823,
                                              "Actual Rows": 521826,
                                              "Actual Loops": 5
                                            },
                                            {
                                              "Node Type": "Hash",
                                              "Parent Relationship": "Inner",
                                              "Parallel Aware": true,
                                              "Startup Cost": 4722.92,
                                              "Total Cost": 4722.92,
                                              "Plan Rows": 779,
                                              "Plan Width": 4,
                                              "Actual Startup Time": 9.681,
                                              "Actual Total Time": 9.682,
                                              "Actual Rows": 272,
                                              "Actual Loops": 5,
                                              "Hash Buckets": 2048,
                                              "Original Hash Buckets": 2048,
                                              "Hash Batches": 1,
                                              "Original Hash Batches": 1,
                                              "Peak Memory Usage": 176,
                                              "Plans": [
                                                {
                                                  "Node Type": "Seq Scan",
                                                  "Parent Relationship": "Outer",
                                                  "Parallel Aware": true,
                                                  "Relation Name": "company_name",
                                                  "Alias": "cn",
                                                  "Startup Cost": 0.0,
                                                  "Total Cost": 4722.92,
                                                  "Plan Rows": 779,
                                                  "Plan Width": 4,
                                                  "Actual Startup Time": 0.053,
                                                  "Actual Total Time": 9.452,
                                                  "Actual Rows": 272,
                                                  "Actual Loops": 5,
                                                  "Filter": "((country_code)::text = '[ru]'::text)",
                                                  "Rows Removed by Filter": 46727
                                                }
                                              ]
                                            }
                                          ]
                                        },
                                        {
                                          "Node Type": "Hash",
                                          "Parent Relationship": "Inner",
                                          "Parallel Aware": true,
                                          "Startup Cost": 343424.67,
                                          "Total Cost": 343424.67,
                                          "Plan Rows": 323,
                                          "Plan Width": 8,
                                          "Actual Startup Time": 951.871,
                                          "Actual Total Time": 951.875,
                                          "Actual Rows": 5175,
                                          "Actual Loops": 5,
                                          "Hash Buckets": 32768,
                                          "Original Hash Buckets": 2048,
                                          "Hash Batches": 1,
                                          "Original Hash Batches": 1,
                                          "Peak Memory Usage": 1616,
                                          "Plans": [
                                            {
                                              "Node Type": "Hash Join",
                                              "Parent Relationship": "Outer",
                                              "Parallel Aware": false,
                                              "Join Type": "Inner",
                                              "Startup Cost": 1.16,
                                              "Total Cost": 343424.67,
                                              "Plan Rows": 323,
                                              "Plan Width": 8,
                                              "Actual Startup Time": 1.224,
                                              "Actual Total Time": 861.756,
                                              "Actual Rows": 5175,
                                              "Actual Loops": 5,
                                              "Inner Unique": true,
                                              "Hash Cond": "(ci.role_id = rt.id)",
                                              "Plans": [
                                                {
                                                  "Node Type": "Seq Scan",
                                                  "Parent Relationship": "Outer",
                                                  "Parallel Aware": true,
                                                  "Relation Name": "cast_info",
                                                  "Alias": "ci",
                                                  "Startup Cost": 0.0,
                                                  "Total Cost": 343409.74,
                                                  "Plan Rows": 3876,
                                                  "Plan Width": 12,
                                                  "Actual Startup Time": 1.084,
                                                  "Actual Total Time": 859.905,
                                                  "Actual Rows": 6458,
                                                  "Actual Loops": 5,
                                                  "Filter": "((note ~~ '%(voice)%'::text) AND (note ~~ '%(uncredited)%'::text))",
                                                  "Rows Removed by Filter": 7242411
                                                },
                                                {
                                                  "Node Type": "Hash",
                                                  "Parent Relationship": "Inner",
                                                  "Parallel Aware": false,
                                                  "Startup Cost": 1.15,
                                                  "Total Cost": 1.15,
                                                  "Plan Rows": 1,
                                                  "Plan Width": 4,
                                                  "Actual Startup Time": 0.071,
                                                  "Actual Total Time": 0.072,
                                                  "Actual Rows": 1,
                                                  "Actual Loops": 5,
                                                  "Hash Buckets": 1024,
                                                  "Original Hash Buckets": 1024,
                                                  "Hash Batches": 1,
                                                  "Original Hash Batches": 1,
                                                  "Peak Memory Usage": 9,
                                                  "Plans": [
                                                    {
                                                      "Node Type": "Seq Scan",
                                                      "Parent Relationship": "Outer",
                                                      "Parallel Aware": false,
                                                      "Relation Name": "role_type",
                                                      "Alias": "rt",
                                                      "Startup Cost": 0.0,
                                                      "Total Cost": 1.15,
                                                      "Plan Rows": 1,
                                                      "Plan Width": 4,
                                                      "Actual Startup Time": 0.051,
                                                      "Actual Total Time": 0.057,
                                                      "Actual Rows": 1,
                                                      "Actual Loops": 5,
                                                      "Filter": "((role)::text = 'actor'::text)",
                                                      "Rows Removed by Filter": 11
                                                    }
                                                  ]
                                                }
                                              ]
                                            }
                                          ]
                                        }
                                      ]
                                    }
                                  ]
                                }
                              ]
                            }
                          ]
                        }
                      ]
                    },
                    {
                      "Node Type": "Hash",
                      "Parent Relationship": "Inner",
                      "Parallel Aware": false,
                      "Startup Cost": 1.04,
                      "Total Cost": 1.04,
                      "Plan Rows": 4,
                      "Plan Width": 4,
                      "Actual Startup Time": 0.103,
                      "Actual Total Time": 0.104,
                      "Actual Rows": 4,
                      "Actual Loops": 5,
                      "Hash Buckets": 1024,
                      "Original Hash Buckets": 1024,
                      "Hash Batches": 1,
                      "Original Hash Batches": 1,
                      "Peak Memory Usage": 9,
                      "Plans": [
                        {
                          "Node Type": "Seq Scan",
                          "Parent Relationship": "Outer",
                          "Parallel Aware": false,
                          "Relation Name": "company_type",
                          "Alias": "ct",
                          "Startup Cost": 0.0,
                          "Total Cost": 1.04,
                          "Plan Rows": 4,
                          "Plan Width": 4,
                          "Actual Startup Time": 0.058,
                          "Actual Total Time": 0.062,
                          "Actual Rows": 4,
                          "Actual Loops": 5
                        }
                      ]
                    }
                  ]
                }
              ]
            }
          ]
        }
      ]
    },
    "Planning Time": 9.693,
    "Triggers": [],
    "Execution Time": 1405.33
  }
]