[
  {
    "Plan": {
      "Node Type": "Aggregate",
      "Strategy": "Plain",
      "Partial Mode": "Finalize",
      "Parallel Aware": false,
      "Startup Cost": 44887.12,
      "Total Cost": 44887.13,
      "Plan Rows": 1,
      "Plan Width": 8,
      "Actual Startup Time": 171.17,
      "Actual Total Time": 183.989,
      "Actual Rows": 1,
      "Actual Loops": 1,
      "Plans": [
        {
          "Node Type": "Gather",
          "Parent Relationship": "Outer",
          "Parallel Aware": false,
          "Startup Cost": 44886.8,
          "Total Cost": 44887.11,
          "Plan Rows": 3,
          "Plan Width": 8,
          "Actual Startup Time": 171.06,
          "Actual Total Time": 183.978,
          "Actual Rows": 4,
          "Actual Loops": 1,
          "Workers Planned": 3,
          "Workers Launched": 3,
          "Single Copy": false,
          "Plans": [
            {
              "Node Type": "Aggregate",
              "Strategy": "Plain",
              "Partial Mode": "Partial",
              "Parent Relationship": "Outer",
              "Parallel Aware": false,
              "Startup Cost": 43886.8,
              "Total Cost": 43886.81,
              "Plan Rows": 1,
              "Plan Width": 8,
              "Actual Startup Time": 161.866,
              "Actual Total Time": 161.867,
              "Actual Rows": 1,
              "Actual Loops": 4,
              "Plans": [
                {
                  "Node Type": "Seq Scan",
                  "Parent Relationship": "Outer",
                  "Parallel Aware": true,
                  "Relation Name": "movie_keyword",
                  "Alias": "mk",
                  "Startup Cost": 0.0,
                  "Total Cost": 42695.65,
                  "Plan Rows": 476459,
                  "Plan Width": 0,
                  "Actual Startup Time": 0.052,
                  "Actual Total Time": 137.601,
                  "Actual Rows": 367724,
                  "Actual Loops": 4,
                  "Filter": "(keyword_id < 2101)",
                  "Rows Removed by Filter": 763259
                }
              ]
            }
          ]
        }
      ]
    },
    "Planning Time": 0.208,
    "Triggers": [],
    "Execution Time": 184.063
  }
]