[
    {
        "Bao": {
            "Bao prediction": "NaN",
            "Bao recommended hint": "(no hint)"
        }
    },
    {
        "Plan": {
            "Node Type": "Aggregate",
            "Strategy": "Plain",
            "Partial Mode": "Finalize",
            "Parallel Aware": false,
            "Startup Cost": 77613.87,
            "Total Cost": 77613.88,
            "Plan Rows": 1,
            "Plan Width": 8,
            "Actual Startup Time": 206.873,
            "Actual Total Time": 214.753,
            "Actual Rows": 1,
            "Actual Loops": 1,
            "Output": [
                "count(*)"
            ],
            "Plans": [
                {
                    "Node Type": "Gather",
                    "Parent Relationship": "Outer",
                    "Parallel Aware": false,
                    "Startup Cost": 77613.55,
                    "Total Cost": 77613.86,
                    "Plan Rows": 3,
                    "Plan Width": 8,
                    "Actual Startup Time": 206.261,
                    "Actual Total Time": 214.741,
                    "Actual Rows": 4,
                    "Actual Loops": 1,
                    "Output": [
                        "(PARTIAL count(*))"
                    ],
                    "Workers Planned": 3,
                    "Workers Launched": 3,
                    "Single Copy": false,
                    "Plans": [
                        {
                            "Node Type": "Aggregate",
                            "Strategy": "Plain",
                            "Partial Mode": "Partial",
                            "Parent Relationship": "Outer",
                            "Parallel Aware": false,
                            "Startup Cost": 76613.55,
                            "Total Cost": 76613.56,
                            "Plan Rows": 1,
                            "Plan Width": 8,
                            "Actual Startup Time": 197.985,
                            "Actual Total Time": 197.988,
                            "Actual Rows": 1,
                            "Actual Loops": 4,
                            "Output": [
                                "PARTIAL count(*)"
                            ],
                            "Workers": [
                                {
                                    "Worker Number": 0,
                                    "Actual Startup Time": 195.03,
                                    "Actual Total Time": 195.033,
                                    "Actual Rows": 1,
                                    "Actual Loops": 1
                                },
                                {
                                    "Worker Number": 1,
                                    "Actual Startup Time": 195.328,
                                    "Actual Total Time": 195.331,
                                    "Actual Rows": 1,
                                    "Actual Loops": 1
                                },
                                {
                                    "Worker Number": 2,
                                    "Actual Startup Time": 195.638,
                                    "Actual Total Time": 195.64,
                                    "Actual Rows": 1,
                                    "Actual Loops": 1
                                }
                            ],
                            "Plans": [
                                {
                                    "Node Type": "Hash Join",
                                    "Parent Relationship": "Outer",
                                    "Parallel Aware": true,
                                    "Join Type": "Inner",
                                    "Startup Cost": 46134.4,
                                    "Total Cost": 76528.02,
                                    "Plan Rows": 34211,
                                    "Plan Width": 0,
                                    "Actual Startup Time": 101.507,
                                    "Actual Total Time": 196.706,
                                    "Actual Rows": 27888,
                                    "Actual Loops": 4,
                                    "Inner Unique": true,
                                    "Hash Cond": "(mc.movie_id = t.id)",
                                    "Workers": [
                                        {
                                            "Worker Number": 0,
                                            "Actual Startup Time": 98.384,
                                            "Actual Total Time": 193.745,
                                            "Actual Rows": 27369,
                                            "Actual Loops": 1
                                        },
                                        {
                                            "Worker Number": 1,
                                            "Actual Startup Time": 98.815,
                                            "Actual Total Time": 194.055,
                                            "Actual Rows": 26506,
                                            "Actual Loops": 1
                                        },
                                        {
                                            "Worker Number": 2,
                                            "Actual Startup Time": 99.23,
                                            "Actual Total Time": 194.376,
                                            "Actual Rows": 26478,
                                            "Actual Loops": 1
                                        }
                                    ],
                                    "Plans": [
                                        {
                                            "Node Type": "Seq Scan",
                                            "Parent Relationship": "Outer",
                                            "Parallel Aware": true,
                                            "Relation Name": "movie_companies",
                                            "Schema": "public",
                                            "Alias": "mc",
                                            "Startup Cost": 0.0,
                                            "Total Cost": 29310.68,
                                            "Plan Rows": 412551,
                                            "Plan Width": 4,
                                            "Actual Startup Time": 0.019,
                                            "Actual Total Time": 58.459,
                                            "Actual Rows": 318562,
                                            "Actual Loops": 4,
                                            "Output": [
                                                "mc.id",
                                                "mc.movie_id",
                                                "mc.company_id",
                                                "mc.company_type_id",
                                                "mc.note"
                                            ],
                                            "Filter": "(mc.company_type_id = 1)",
                                            "Rows Removed by Filter": 333721,
                                            "Workers": [
                                                {
                                                    "Worker Number": 0,
                                                    "Actual Startup Time": 0.026,
                                                    "Actual Total Time": 59.072,
                                                    "Actual Rows": 306388,
                                                    "Actual Loops": 1
                                                },
                                                {
                                                    "Worker Number": 1,
                                                    "Actual Startup Time": 0.022,
                                                    "Actual Total Time": 58.644,
                                                    "Actual Rows": 307638,
                                                    "Actual Loops": 1
                                                },
                                                {
                                                    "Worker Number": 2,
                                                    "Actual Startup Time": 0.019,
                                                    "Actual Total Time": 58.568,
                                                    "Actual Rows": 307222,
                                                    "Actual Loops": 1
                                                }
                                            ]
                                        },
                                        {
                                            "Node Type": "Hash",
                                            "Parent Relationship": "Inner",
                                            "Parallel Aware": true,
                                            "Startup Cost": 45479.21,
                                            "Total Cost": 45479.21,
                                            "Plan Rows": 52415,
                                            "Plan Width": 4,
                                            "Actual Startup Time": 99.79,
                                            "Actual Total Time": 99.791,
                                            "Actual Rows": 45959,
                                            "Actual Loops": 4,
                                            "Output": [
                                                "t.id"
                                            ],
                                            "Hash Buckets": 262144,
                                            "Original Hash Buckets": 262144,
                                            "Hash Batches": 1,
                                            "Original Hash Batches": 1,
                                            "Peak Memory Usage": 9280,
                                            "Workers": [
                                                {
                                                    "Worker Number": 0,
                                                    "Actual Startup Time": 97.626,
                                                    "Actual Total Time": 97.627,
                                                    "Actual Rows": 42406,
                                                    "Actual Loops": 1
                                                },
                                                {
                                                    "Worker Number": 1,
                                                    "Actual Startup Time": 98.028,
                                                    "Actual Total Time": 98.029,
                                                    "Actual Rows": 41614,
                                                    "Actual Loops": 1
                                                },
                                                {
                                                    "Worker Number": 2,
                                                    "Actual Startup Time": 98.323,
                                                    "Actual Total Time": 98.324,
                                                    "Actual Rows": 41994,
                                                    "Actual Loops": 1
                                                }
                                            ],
                                            "Plans": [
                                                {
                                                    "Node Type": "Seq Scan",
                                                    "Parent Relationship": "Outer",
                                                    "Parallel Aware": true,
                                                    "Relation Name": "title",
                                                    "Schema": "public",
                                                    "Alias": "t",
                                                    "Startup Cost": 0.0,
                                                    "Total Cost": 45479.21,
                                                    "Plan Rows": 52415,
                                                    "Plan Width": 4,
                                                    "Actual Startup Time": 0.121,
                                                    "Actual Total Time": 85.12,
                                                    "Actual Rows": 45959,
                                                    "Actual Loops": 4,
                                                    "Output": [
                                                        "t.id"
                                                    ],
                                                    "Filter": "((t.kind_id < 7) AND (t.production_year > 2009))",
                                                    "Rows Removed by Filter": 586119,
                                                    "Workers": [
                                                        {
                                                            "Worker Number": 0,
                                                            "Actual Startup Time": 0.167,
                                                            "Actual Total Time": 83.752,
                                                            "Actual Rows": 42406,
                                                            "Actual Loops": 1
                                                        },
                                                        {
                                                            "Worker Number": 1,
                                                            "Actual Startup Time": 0.209,
                                                            "Actual Total Time": 83.496,
                                                            "Actual Rows": 41614,
                                                            "Actual Loops": 1
                                                        },
                                                        {
                                                            "Worker Number": 2,
                                                            "Actual Startup Time": 0.075,
                                                            "Actual Total Time": 83.885,
                                                            "Actual Rows": 41994,
                                                            "Actual Loops": 1
                                                        }
                                                    ]
                                                }
                                            ]
                                        }
                                    ]
                                }
                            ]
                        }
                    ]
                }
            ]
        },
        "Planning Time": 184.479,
        "Triggers": [],
        "Execution Time": 214.805
    }
]