{
  "Plan": {
    "Node Type": "Aggregate",
    "Strategy": "Plain",
    "Partial Mode": "Finalize",
    "Parallel Aware": false,
    "Startup Cost": 24204.51,
    "Total Cost": 24204.52,
    "Plan Rows": 1,
    "Plan Width": 8,
    "Actual Startup Time": 34.585,
    "Actual Total Time": 39.692,
    "Actual Rows": 1,
    "Actual Loops": 1,
    "Plans": [
      {
        "Node Type": "Gather",
        "Parent Relationship": "Outer",
        "Parallel Aware": false,
        "Startup Cost": 24204.39,
        "Total Cost": 24204.5,
        "Plan Rows": 1,
        "Plan Width": 8,
        "Actual Startup Time": 34.465,
        "Actual Total Time": 39.686,
        "Actual Rows": 2,
        "Actual Loops": 1,
        "Workers Planned": 1,
        "Workers Launched": 1,
        "Single Copy": false,
        "Plans": [
          {
            "Node Type": "Aggregate",
            "Strategy": "Plain",
            "Partial Mode": "Partial",
            "Parent Relationship": "Outer",
            "Parallel Aware": false,
            "Startup Cost": 23204.39,
            "Total Cost": 23204.4,
            "Plan Rows": 1,
            "Plan Width": 8,
            "Actual Startup Time": 28.504,
            "Actual Total Time": 28.506,
            "Actual Rows": 1,
            "Actual Loops": 2,
            "Plans": [
              {
                "Node Type": "Nested Loop",
                "Parent Relationship": "Outer",
                "Parallel Aware": false,
                "Join Type": "Inner",
                "Startup Cost": 111.97,
                "Total Cost": 23200.68,
                "Plan Rows": 1486,
                "Plan Width": 0,
                "Actual Startup Time": 3.341,
                "Actual Total Time": 28.212,
                "Actual Rows": 1727,
                "Actual Loops": 2,
                "Inner Unique": true,
                "Plans": [
                  {
                    "Node Type": "Bitmap Heap Scan",
                    "Parent Relationship": "Outer",
                    "Parallel Aware": true,
                    "Relation Name": "movie_companies",
                    "Alias": "mc",
                    "Startup Cost": 111.54,
                    "Total Cost": 11577.18,
                    "Plan Rows": 1486,
                    "Plan Width": 4,
                    "Actual Startup Time": 3.183,
                    "Actual Total Time": 11.375,
                    "Actual Rows": 1727,
                    "Actual Loops": 2,
                    "Recheck Cond": "(company_id = 475)",
                    "Rows Removed by Index Recheck": 0,
                    "Filter": "(company_type_id < 2)",
                    "Rows Removed by Filter": 813,
                    "Exact Heap Blocks": 3285,
                    "Lossy Heap Blocks": 0,
                    "Plans": [
                      {
                        "Node Type": "Bitmap Index Scan",
                        "Parent Relationship": "Outer",
                        "Parallel Aware": false,
                        "Index Name": "company_id_movie_companies",
                        "Startup Cost": 0.0,
                        "Total Cost": 110.91,
                        "Plan Rows": 5131,
                        "Plan Width": 0,
                        "Actual Startup Time": 4.174,
                        "Actual Total Time": 4.174,
                        "Actual Rows": 5080,
                        "Actual Loops": 1,
                        "Index Cond": "(company_id = 475)"
                      }
                    ]
                  },
                  {
                    "Node Type": "Index Only Scan",
                    "Parent Relationship": "Inner",
                    "Parallel Aware": false,
                    "Scan Direction": "Forward",
                    "Index Name": "title_pkey",
                    "Relation Name": "title",
                    "Alias": "t",
                    "Startup Cost": 0.43,
                    "Total Cost": 7.82,
                    "Plan Rows": 1,
                    "Plan Width": 4,
                    "Actual Startup Time": 0.009,
                    "Actual Total Time": 0.009,
                    "Actual Rows": 1,
                    "Actual Loops": 3454,
                    "Index Cond": "(id = mc.movie_id)",
                    "Rows Removed by Index Recheck": 0,
                    "Heap Fetches": 3454
                  }
                ]
              }
            ]
          }
        ]
      }
    ]
  },
  "Planning Time": 0.634,
  "Triggers": [],
  "Execution Time": 39.778
}