[
  {
    "Plan": {
      "Node Type": "Aggregate",
      "Strategy": "Plain",
      "Partial Mode": "Finalize",
      "Parallel Aware": false,
      "Startup Cost": 351074.05,
      "Total Cost": 351074.07,
      "Plan Rows": 1,
      "Plan Width": 8,
      "Actual Startup Time": 781.443,
      "Actual Total Time": 832.846,
      "Actual Rows": 1,
      "Actual Loops": 1,
      "Plans": [
        {
          "Node Type": "Gather",
          "Parent Relationship": "Outer",
          "Parallel Aware": false,
          "Startup Cost": 351073.43,
          "Total Cost": 351074.04,
          "Plan Rows": 6,
          "Plan Width": 8,
          "Actual Startup Time": 781.093,
          "Actual Total Time": 832.835,
          "Actual Rows": 7,
          "Actual Loops": 1,
          "Workers Planned": 6,
          "Workers Launched": 6,
          "Single Copy": false,
          "Plans": [
            {
              "Node Type": "Aggregate",
              "Strategy": "Plain",
              "Partial Mode": "Partial",
              "Parent Relationship": "Outer",
              "Parallel Aware": false,
              "Startup Cost": 350073.43,
              "Total Cost": 350073.44,
              "Plan Rows": 1,
              "Plan Width": 8,
              "Actual Startup Time": 772.982,
              "Actual Total Time": 772.984,
              "Actual Rows": 1,
              "Actual Loops": 7,
              "Plans": [
                {
                  "Node Type": "Seq Scan",
                  "Parent Relationship": "Outer",
                  "Parallel Aware": true,
                  "Relation Name": "cast_info",
                  "Alias": "ci",
                  "Startup Cost": 0.0,
                  "Total Cost": 343316.27,
                  "Plan Rows": 2702864,
                  "Plan Width": 0,
                  "Actual Startup Time": 222.19,
                  "Actual Total Time": 672.537,
                  "Actual Rows": 2082735,
                  "Actual Loops": 7,
                  "Filter": "((person_id > 1762317) AND (role_id < 10))",
                  "Rows Removed by Filter": 3095028
                }
              ]
            }
          ]
        }
      ]
    },
    "Planning Time": 0.205,
    "Triggers": [],
    "Execution Time": 832.911
  }
]