[
  {
    "Plan": {
      "Node Type": "Aggregate",
      "Strategy": "Plain",
      "Partial Mode": "Finalize",
      "Parallel Aware": false,
      "Startup Cost": 202865.56,
      "Total Cost": 202865.57,
      "Plan Rows": 1,
      "Plan Width": 8,
      "Actual Startup Time": 432.189,
      "Actual Total Time": 470.526,
      "Actual Rows": 1,
      "Actual Loops": 1,
      "Plans": [
        {
          "Node Type": "Gather",
          "Parent Relationship": "Outer",
          "Parallel Aware": false,
          "Startup Cost": 202865.04,
          "Total Cost": 202865.55,
          "Plan Rows": 5,
          "Plan Width": 8,
          "Actual Startup Time": 432.114,
          "Actual Total Time": 470.517,
          "Actual Rows": 6,
          "Actual Loops": 1,
          "Workers Planned": 5,
          "Workers Launched": 5,
          "Single Copy": false,
          "Plans": [
            {
              "Node Type": "Aggregate",
              "Strategy": "Plain",
              "Partial Mode": "Partial",
              "Parent Relationship": "Outer",
              "Parallel Aware": false,
              "Startup Cost": 201865.04,
              "Total Cost": 201865.05,
              "Plan Rows": 1,
              "Plan Width": 8,
              "Actual Startup Time": 422.79,
              "Actual Total Time": 422.791,
              "Actual Rows": 1,
              "Actual Loops": 6,
              "Plans": [
                {
                  "Node Type": "Seq Scan",
                  "Parent Relationship": "Outer",
                  "Parallel Aware": true,
                  "Relation Name": "movie_info",
                  "Alias": "mi",
                  "Startup Cost": 0.0,
                  "Total Cost": 198952.16,
                  "Plan Rows": 1165150,
                  "Plan Width": 0,
                  "Actual Startup Time": 0.064,
                  "Actual Total Time": 368.833,
                  "Actual Rows": 980827,
                  "Actual Loops": 6,
                  "Filter": "(info_type_id < 7)",
                  "Rows Removed by Filter": 1491793
                }
              ]
            }
          ]
        }
      ]
    },
    "Planning Time": 0.212,
    "Triggers": [],
    "Execution Time": 470.592
  }
]