[
  {
    "Plan": {
      "Node Type": "Aggregate",
      "Strategy": "Plain",
      "Partial Mode": "Finalize",
      "Parallel Aware": false,
      "Startup Cost": 80706.93,
      "Total Cost": 80706.94,
      "Plan Rows": 1,
      "Plan Width": 8,
      "Actual Startup Time": 286.152,
      "Actual Total Time": 300.819,
      "Actual Rows": 1,
      "Actual Loops": 1,
      "Plans": [
        {
          "Node Type": "Gather",
          "Parent Relationship": "Outer",
          "Parallel Aware": false,
          "Startup Cost": 80706.51,
          "Total Cost": 80706.92,
          "Plan Rows": 4,
          "Plan Width": 8,
          "Actual Startup Time": 281.321,
          "Actual Total Time": 300.809,
          "Actual Rows": 5,
          "Actual Loops": 1,
          "Workers Planned": 4,
          "Workers Launched": 4,
          "Single Copy": false,
          "Plans": [
            {
              "Node Type": "Aggregate",
              "Strategy": "Plain",
              "Partial Mode": "Partial",
              "Parent Relationship": "Outer",
              "Parallel Aware": false,
              "Startup Cost": 79706.51,
              "Total Cost": 79706.52,
              "Plan Rows": 1,
              "Plan Width": 8,
              "Actual Startup Time": 271.689,
              "Actual Total Time": 271.779,
              "Actual Rows": 1,
              "Actual Loops": 5,
              "Plans": [
                {
                  "Node Type": "Hash Join",
                  "Parent Relationship": "Outer",
                  "Parallel Aware": true,
                  "Join Type": "Inner",
                  "Startup Cost": 32626.88,
                  "Total Cost": 79622.77,
                  "Plan Rows": 33497,
                  "Plan Width": 0,
                  "Actual Startup Time": 125.621,
                  "Actual Total Time": 270.253,
                  "Actual Rows": 26508,
                  "Actual Loops": 5,
                  "Inner Unique": false,
                  "Hash Cond": "(t.id = mc.movie_id)",
                  "Plans": [
                    {
                      "Node Type": "Seq Scan",
                      "Parent Relationship": "Outer",
                      "Parallel Aware": true,
                      "Relation Name": "title",
                      "Alias": "t",
                      "Startup Cost": 0.0,
                      "Total Cost": 45479.1,
                      "Plan Rows": 281746,
                      "Plan Width": 4,
                      "Actual Startup Time": 0.016,
                      "Actual Total Time": 81.177,
                      "Actual Rows": 250160,
                      "Actual Loops": 5,
                      "Filter": "((kind_id > 3) AND (production_year > 1992))",
                      "Rows Removed by Filter": 255503
                    },
                    {
                      "Node Type": "Hash",
                      "Parent Relationship": "Inner",
                      "Parallel Aware": true,
                      "Startup Cost": 31414.82,
                      "Total Cost": 31414.82,
                      "Plan Rows": 96965,
                      "Plan Width": 4,
                      "Actual Startup Time": 122.787,
                      "Actual Total Time": 122.788,
                      "Actual Rows": 119962,
                      "Actual Loops": 5,
                      "Hash Buckets": 1048576,
                      "Original Hash Buckets": 524288,
                      "Hash Batches": 1,
                      "Original Hash Batches": 1,
                      "Peak Memory Usage": 35840,
                      "Plans": [
                        {
                          "Node Type": "Seq Scan",
                          "Parent Relationship": "Outer",
                          "Parallel Aware": true,
                          "Relation Name": "movie_companies",
                          "Alias": "mc",
                          "Startup Cost": 0.0,
                          "Total Cost": 31414.82,
                          "Plan Rows": 96965,
                          "Plan Width": 4,
                          "Actual Startup Time": 41.573,
                          "Actual Total Time": 73.586,
                          "Actual Rows": 119962,
                          "Actual Loops": 5,
                          "Filter": "((company_id > 66096) AND (company_type_id > 1))",
                          "Rows Removed by Filter": 401864
                        }
                      ]
                    }
                  ]
                }
              ]
            }
          ]
        }
      ]
    },
    "Planning Time": 0.646,
    "Triggers": [],
    "Execution Time": 300.886
  }
]