[
  {
    "Plan": {
      "Node Type": "Aggregate",
      "Strategy": "Plain",
      "Partial Mode": "Finalize",
      "Parallel Aware": false,
      "Startup Cost": 33375.62,
      "Total Cost": 33375.63,
      "Plan Rows": 1,
      "Plan Width": 8,
      "Actual Startup Time": 117.813,
      "Actual Total Time": 125.269,
      "Actual Rows": 1,
      "Actual Loops": 1,
      "Plans": [
        {
          "Node Type": "Gather",
          "Parent Relationship": "Outer",
          "Parallel Aware": false,
          "Startup Cost": 33375.3,
          "Total Cost": 33375.61,
          "Plan Rows": 3,
          "Plan Width": 8,
          "Actual Startup Time": 117.663,
          "Actual Total Time": 125.26,
          "Actual Rows": 4,
          "Actual Loops": 1,
          "Workers Planned": 3,
          "Workers Launched": 3,
          "Single Copy": false,
          "Plans": [
            {
              "Node Type": "Aggregate",
              "Strategy": "Plain",
              "Partial Mode": "Partial",
              "Parent Relationship": "Outer",
              "Parallel Aware": false,
              "Startup Cost": 32375.3,
              "Total Cost": 32375.31,
              "Plan Rows": 1,
              "Plan Width": 8,
              "Actual Startup Time": 109.351,
              "Actual Total Time": 109.353,
              "Actual Rows": 1,
              "Actual Loops": 4,
              "Plans": [
                {
                  "Node Type": "Seq Scan",
                  "Parent Relationship": "Outer",
                  "Parallel Aware": true,
                  "Relation Name": "movie_companies",
                  "Alias": "mc",
                  "Startup Cost": 0.0,
                  "Total Cost": 31414.82,
                  "Plan Rows": 384194,
                  "Plan Width": 0,
                  "Actual Startup Time": 51.477,
                  "Actual Total Time": 94.304,
                  "Actual Rows": 318334,
                  "Actual Loops": 4,
                  "Filter": "((company_id > 133) AND (company_type_id > 1))",
                  "Rows Removed by Filter": 333949
                }
              ]
            }
          ]
        }
      ]
    },
    "Planning Time": 0.193,
    "Triggers": [],
    "Execution Time": 125.323
  }
]