[
    {
        "Bao": {
            "Bao prediction": "NaN",
            "Bao recommended hint": "(no hint)"
        }
    },
    {
        "Plan": {
            "Node Type": "Aggregate",
            "Strategy": "Plain",
            "Partial Mode": "Finalize",
            "Parallel Aware": false,
            "Startup Cost": 42693.27,
            "Total Cost": 42693.28,
            "Plan Rows": 1,
            "Plan Width": 8,
            "Actual Startup Time": 152.105,
            "Actual Total Time": 158.351,
            "Actual Rows": 1,
            "Actual Loops": 1,
            "Output": [
                "count(*)"
            ],
            "Plans": [
                {
                    "Node Type": "Gather",
                    "Parent Relationship": "Outer",
                    "Parallel Aware": false,
                    "Startup Cost": 42692.95,
                    "Total Cost": 42693.26,
                    "Plan Rows": 3,
                    "Plan Width": 8,
                    "Actual Startup Time": 151.834,
                    "Actual Total Time": 158.341,
                    "Actual Rows": 4,
                    "Actual Loops": 1,
                    "Output": [
                        "(PARTIAL count(*))"
                    ],
                    "Workers Planned": 3,
                    "Workers Launched": 3,
                    "Single Copy": false,
                    "Plans": [
                        {
                            "Node Type": "Aggregate",
                            "Strategy": "Plain",
                            "Partial Mode": "Partial",
                            "Parent Relationship": "Outer",
                            "Parallel Aware": false,
                            "Startup Cost": 41692.95,
                            "Total Cost": 41692.96,
                            "Plan Rows": 1,
                            "Plan Width": 8,
                            "Actual Startup Time": 143.107,
                            "Actual Total Time": 143.109,
                            "Actual Rows": 1,
                            "Actual Loops": 4,
                            "Output": [
                                "PARTIAL count(*)"
                            ],
                            "Workers": [
                                {
                                    "Worker Number": 0,
                                    "Actual Startup Time": 139.97,
                                    "Actual Total Time": 139.971,
                                    "Actual Rows": 1,
                                    "Actual Loops": 1
                                },
                                {
                                    "Worker Number": 1,
                                    "Actual Startup Time": 140.433,
                                    "Actual Total Time": 140.435,
                                    "Actual Rows": 1,
                                    "Actual Loops": 1
                                },
                                {
                                    "Worker Number": 2,
                                    "Actual Startup Time": 140.817,
                                    "Actual Total Time": 140.818,
                                    "Actual Rows": 1,
                                    "Actual Loops": 1
                                }
                            ],
                            "Plans": [
                                {
                                    "Node Type": "Bitmap Heap Scan",
                                    "Parent Relationship": "Outer",
                                    "Parallel Aware": true,
                                    "Relation Name": "movie_keyword",
                                    "Schema": "public",
                                    "Alias": "mk",
                                    "Startup Cost": 14036.96,
                                    "Total Cost": 41159.28,
                                    "Plan Rows": 213466,
                                    "Plan Width": 0,
                                    "Actual Startup Time": 56.083,
                                    "Actual Total Time": 133.924,
                                    "Actual Rows": 162520,
                                    "Actual Loops": 4,
                                    "Recheck Cond": "(mk.keyword_id > 28930)",
                                    "Rows Removed by Index Recheck": 0,
                                    "Exact Heap Blocks": 10385,
                                    "Lossy Heap Blocks": 0,
                                    "Workers": [
                                        {
                                            "Worker Number": 0,
                                            "Actual Startup Time": 52.989,
                                            "Actual Total Time": 131.857,
                                            "Actual Rows": 133229,
                                            "Actual Loops": 1
                                        },
                                        {
                                            "Worker Number": 1,
                                            "Actual Startup Time": 53.789,
                                            "Actual Total Time": 131.959,
                                            "Actual Rows": 129368,
                                            "Actual Loops": 1
                                        },
                                        {
                                            "Worker Number": 2,
                                            "Actual Startup Time": 53.798,
                                            "Actual Total Time": 132.221,
                                            "Actual Rows": 96531,
                                            "Actual Loops": 1
                                        }
                                    ],
                                    "Plans": [
                                        {
                                            "Node Type": "Bitmap Index Scan",
                                            "Parent Relationship": "Outer",
                                            "Parallel Aware": false,
                                            "Index Name": "keyword_id_movie_keyword",
                                            "Startup Cost": 0.0,
                                            "Total Cost": 13871.52,
                                            "Plan Rows": 661745,
                                            "Plan Width": 0,
                                            "Actual Startup Time": 60.332,
                                            "Actual Total Time": 60.332,
                                            "Actual Rows": 650081,
                                            "Actual Loops": 1,
                                            "Index Cond": "(mk.keyword_id > 28930)"
                                        }
                                    ]
                                }
                            ]
                        }
                    ]
                }
            ]
        },
        "Planning Time": 219.639,
        "Triggers": [],
        "Execution Time": 158.462
    }
]