[
  {
    "Plan": {
      "Node Type": "Aggregate",
      "Strategy": "Plain",
      "Partial Mode": "Finalize",
      "Parallel Aware": false,
      "Startup Cost": 32805.79,
      "Total Cost": 32805.8,
      "Plan Rows": 1,
      "Plan Width": 8,
      "Actual Startup Time": 95.865,
      "Actual Total Time": 101.75,
      "Actual Rows": 1,
      "Actual Loops": 1,
      "Plans": [
        {
          "Node Type": "Gather",
          "Parent Relationship": "Outer",
          "Parallel Aware": false,
          "Startup Cost": 32805.47,
          "Total Cost": 32805.78,
          "Plan Rows": 3,
          "Plan Width": 8,
          "Actual Startup Time": 95.755,
          "Actual Total Time": 101.741,
          "Actual Rows": 4,
          "Actual Loops": 1,
          "Workers Planned": 3,
          "Workers Launched": 3,
          "Single Copy": false,
          "Plans": [
            {
              "Node Type": "Aggregate",
              "Strategy": "Plain",
              "Partial Mode": "Partial",
              "Parent Relationship": "Outer",
              "Parallel Aware": false,
              "Startup Cost": 31805.47,
              "Total Cost": 31805.48,
              "Plan Rows": 1,
              "Plan Width": 8,
              "Actual Startup Time": 89.274,
              "Actual Total Time": 89.276,
              "Actual Rows": 1,
              "Actual Loops": 4,
              "Plans": [
                {
                  "Node Type": "Seq Scan",
                  "Parent Relationship": "Outer",
                  "Parallel Aware": true,
                  "Relation Name": "movie_companies",
                  "Alias": "mc",
                  "Startup Cost": 0.0,
                  "Total Cost": 31414.82,
                  "Plan Rows": 156260,
                  "Plan Width": 0,
                  "Actual Startup Time": 0.042,
                  "Actual Total Time": 77.912,
                  "Actual Rows": 172399,
                  "Actual Loops": 4,
                  "Filter": "((company_id < 4436) AND (company_type_id = 1))",
                  "Rows Removed by Filter": 479883
                }
              ]
            }
          ]
        }
      ]
    },
    "Planning Time": 0.257,
    "Triggers": [],
    "Execution Time": 101.82
  }
]