{
  "Plan": {
    "Node Type": "Aggregate",
    "Strategy": "Plain",
    "Partial Mode": "Finalize",
    "Parallel Aware": false,
    "Startup Cost": 161051.71,
    "Total Cost": 161051.72,
    "Plan Rows": 1,
    "Plan Width": 8,
    "Actual Startup Time": 979.189,
    "Actual Total Time": 1001.463,
    "Actual Rows": 1,
    "Actual Loops": 1,
    "Plans": [
      {
        "Node Type": "Gather",
        "Parent Relationship": "Outer",
        "Parallel Aware": false,
        "Startup Cost": 161051.6,
        "Total Cost": 161051.71,
        "Plan Rows": 1,
        "Plan Width": 8,
        "Actual Startup Time": 977.689,
        "Actual Total Time": 1001.455,
        "Actual Rows": 2,
        "Actual Loops": 1,
        "Workers Planned": 1,
        "Workers Launched": 1,
        "Single Copy": false,
        "Plans": [
          {
            "Node Type": "Aggregate",
            "Strategy": "Plain",
            "Partial Mode": "Partial",
            "Parent Relationship": "Outer",
            "Parallel Aware": false,
            "Startup Cost": 160051.6,
            "Total Cost": 160051.61,
            "Plan Rows": 1,
            "Plan Width": 8,
            "Actual Startup Time": 971.298,
            "Actual Total Time": 971.304,
            "Actual Rows": 1,
            "Actual Loops": 2,
            "Plans": [
              {
                "Node Type": "Hash Join",
                "Parent Relationship": "Outer",
                "Parallel Aware": true,
                "Join Type": "Inner",
                "Startup Cost": 98015.89,
                "Total Cost": 159756.01,
                "Plan Rows": 118237,
                "Plan Width": 0,
                "Actual Startup Time": 407.089,
                "Actual Total Time": 890.401,
                "Actual Rows": 2025648,
                "Actual Loops": 2,
                "Inner Unique": false,
                "Hash Cond": "(mk.movie_id = t.id)",
                "Plans": [
                  {
                    "Node Type": "Seq Scan",
                    "Parent Relationship": "Outer",
                    "Parallel Aware": true,
                    "Relation Name": "movie_keyword",
                    "Alias": "mk",
                    "Startup Cost": 0.0,
                    "Total Cost": 51065.35,
                    "Plan Rows": 2661135,
                    "Plan Width": 4,
                    "Actual Startup Time": 0.016,
                    "Actual Total Time": 158.197,
                    "Actual Rows": 2261965,
                    "Actual Loops": 2
                  },
                  {
                    "Node Type": "Hash",
                    "Parent Relationship": "Inner",
                    "Parallel Aware": true,
                    "Startup Cost": 97189.9,
                    "Total Cost": 97189.9,
                    "Plan Rows": 66079,
                    "Plan Width": 8,
                    "Actual Startup Time": 404.588,
                    "Actual Total Time": 404.593,
                    "Actual Rows": 87575,
                    "Actual Loops": 2,
                    "Hash Buckets": 262144,
                    "Original Hash Buckets": 131072,
                    "Hash Batches": 1,
                    "Original Hash Batches": 1,
                    "Peak Memory Usage": 9984,
                    "Plans": [
                      {
                        "Node Type": "Hash Join",
                        "Parent Relationship": "Outer",
                        "Parallel Aware": true,
                        "Join Type": "Inner",
                        "Startup Cost": 38567.86,
                        "Total Cost": 97189.9,
                        "Plan Rows": 66079,
                        "Plan Width": 8,
                        "Actual Startup Time": 147.531,
                        "Actual Total Time": 381.223,
                        "Actual Rows": 87575,
                        "Actual Loops": 2,
                        "Inner Unique": false,
                        "Hash Cond": "(t.id = mc.movie_id)",
                        "Plans": [
                          {
                            "Node Type": "Seq Scan",
                            "Parent Relationship": "Outer",
                            "Parallel Aware": true,
                            "Relation Name": "title",
                            "Alias": "t",
                            "Startup Cost": 0.0,
                            "Total Cost": 54588.39,
                            "Plan Rows": 583193,
                            "Plan Width": 4,
                            "Actual Startup Time": 0.013,
                            "Actual Total Time": 126.188,
                            "Actual Rows": 492524,
                            "Actual Loops": 2,
                            "Filter": "(kind_id < 7)",
                            "Rows Removed by Filter": 771632
                          },
                          {
                            "Node Type": "Hash",
                            "Parent Relationship": "Inner",
                            "Parallel Aware": true,
                            "Startup Cost": 36461.44,
                            "Total Cost": 36461.44,
                            "Plan Rows": 168513,
                            "Plan Width": 4,
                            "Actual Startup Time": 143.385,
                            "Actual Total Time": 143.387,
                            "Actual Rows": 209115,
                            "Actual Loops": 2,
                            "Hash Buckets": 524288,
                            "Original Hash Buckets": 524288,
                            "Hash Batches": 1,
                            "Original Hash Batches": 1,
                            "Peak Memory Usage": 20480,
                            "Plans": [
                              {
                                "Node Type": "Bitmap Heap Scan",
                                "Parent Relationship": "Outer",
                                "Parallel Aware": true,
                                "Relation Name": "movie_companies",
                                "Alias": "mc",
                                "Startup Cost": 12536.64,
                                "Total Cost": 36461.44,
                                "Plan Rows": 168513,
                                "Plan Width": 4,
                                "Actual Startup Time": 36.583,
                                "Actual Total Time": 102.772,
                                "Actual Rows": 209115,
                                "Actual Loops": 2,
                                "Recheck Cond": "(company_id < 629)",
                                "Rows Removed by Index Recheck": 0,
                                "Filter": "(company_type_id = 1)",
                                "Rows Removed by Filter": 79045,
                                "Exact Heap Blocks": 11321,
                                "Lossy Heap Blocks": 0,
                                "Plans": [
                                  {
                                    "Node Type": "Bitmap Index Scan",
                                    "Parent Relationship": "Outer",
                                    "Parallel Aware": false,
                                    "Index Name": "company_id_movie_companies",
                                    "Startup Cost": 0.0,
                                    "Total Cost": 12465.02,
                                    "Plan Rows": 581945,
                                    "Plan Width": 0,
                                    "Actual Startup Time": 33.812,
                                    "Actual Total Time": 33.813,
                                    "Actual Rows": 576320,
                                    "Actual Loops": 1,
                                    "Index Cond": "(company_id < 629)"
                                  }
                                ]
                              }
                            ]
                          }
                        ]
                      }
                    ]
                  }
                ]
              }
            ]
          }
        ]
      }
    ]
  },
  "Planning Time": 0.964,
  "Triggers": [],
  "Execution Time": 1001.575
}