{
  "Plan": {
    "Node Type": "Aggregate",
    "Strategy": "Plain",
    "Partial Mode": "Finalize",
    "Parallel Aware": false,
    "Startup Cost": 174301.91,
    "Total Cost": 174301.92,
    "Plan Rows": 1,
    "Plan Width": 8,
    "Actual Startup Time": 705.046,
    "Actual Total Time": 718.624,
    "Actual Rows": 1,
    "Actual Loops": 1,
    "Plans": [
      {
        "Node Type": "Gather",
        "Parent Relationship": "Outer",
        "Parallel Aware": false,
        "Startup Cost": 174301.79,
        "Total Cost": 174301.9,
        "Plan Rows": 1,
        "Plan Width": 8,
        "Actual Startup Time": 705.038,
        "Actual Total Time": 718.619,
        "Actual Rows": 2,
        "Actual Loops": 1,
        "Workers Planned": 1,
        "Workers Launched": 1,
        "Single Copy": false,
        "Plans": [
          {
            "Node Type": "Aggregate",
            "Strategy": "Plain",
            "Partial Mode": "Partial",
            "Parent Relationship": "Outer",
            "Parallel Aware": false,
            "Startup Cost": 173301.79,
            "Total Cost": 173301.8,
            "Plan Rows": 1,
            "Plan Width": 8,
            "Actual Startup Time": 695.726,
            "Actual Total Time": 695.73,
            "Actual Rows": 1,
            "Actual Loops": 2,
            "Plans": [
              {
                "Node Type": "Merge Join",
                "Parent Relationship": "Outer",
                "Parallel Aware": false,
                "Join Type": "Inner",
                "Startup Cost": 170667.8,
                "Total Cost": 173266.89,
                "Plan Rows": 13962,
                "Plan Width": 0,
                "Actual Startup Time": 663.388,
                "Actual Total Time": 695.156,
                "Actual Rows": 13750,
                "Actual Loops": 2,
                "Inner Unique": false,
                "Merge Cond": "(ci.movie_id = t.id)",
                "Plans": [
                  {
                    "Node Type": "Sort",
                    "Parent Relationship": "Outer",
                    "Parallel Aware": false,
                    "Startup Cost": 66811.91,
                    "Total Cost": 67823.84,
                    "Plan Rows": 404773,
                    "Plan Width": 4,
                    "Actual Startup Time": 122.269,
                    "Actual Total Time": 133.883,
                    "Actual Rows": 150708,
                    "Actual Loops": 2,
                    "Sort Key": [
                      "ci.movie_id"
                    ],
                    "Sort Method": "quicksort",
                    "Sort Space Used": 14140,
                    "Sort Space Type": "Memory",
                    "Workers": [
                      {
                        "Worker Number": 0,
                        "Sort Method": "quicksort",
                        "Sort Space Used": 9208,
                        "Sort Space Type": "Memory"
                      }
                    ],
                    "Plans": [
                      {
                        "Node Type": "Index Scan",
                        "Parent Relationship": "Outer",
                        "Parallel Aware": true,
                        "Scan Direction": "Forward",
                        "Index Name": "role_id_cast_info",
                        "Relation Name": "cast_info",
                        "Alias": "ci",
                        "Startup Cost": 0.56,
                        "Total Cost": 29113.87,
                        "Plan Rows": 404773,
                        "Plan Width": 4,
                        "Actual Startup Time": 0.112,
                        "Actual Total Time": 82.567,
                        "Actual Rows": 150722,
                        "Actual Loops": 2,
                        "Index Cond": "(role_id = 5)",
                        "Rows Removed by Index Recheck": 0,
                        "Filter": "(person_id < 2825858)",
                        "Rows Removed by Filter": 298472
                      }
                    ]
                  },
                  {
                    "Node Type": "Sort",
                    "Parent Relationship": "Inner",
                    "Parallel Aware": false,
                    "Startup Cost": 103855.85,
                    "Total Cost": 104073.87,
                    "Plan Rows": 87211,
                    "Plan Width": 8,
                    "Actual Startup Time": 541.039,
                    "Actual Total Time": 544.767,
                    "Actual Rows": 102722,
                    "Actual Loops": 2,
                    "Sort Key": [
                      "t.id"
                    ],
                    "Sort Method": "quicksort",
                    "Sort Space Used": 7868,
                    "Sort Space Type": "Memory",
                    "Workers": [
                      {
                        "Worker Number": 0,
                        "Sort Method": "quicksort",
                        "Sort Space Used": 7868,
                        "Sort Space Type": "Memory"
                      }
                    ],
                    "Plans": [
                      {
                        "Node Type": "Hash Join",
                        "Parent Relationship": "Outer",
                        "Parallel Aware": false,
                        "Join Type": "Inner",
                        "Startup Cost": 81887.93,
                        "Total Cost": 96699.21,
                        "Plan Rows": 87211,
                        "Plan Width": 8,
                        "Actual Startup Time": 347.802,
                        "Actual Total Time": 519.397,
                        "Actual Rows": 102305,
                        "Actual Loops": 2,
                        "Inner Unique": true,
                        "Hash Cond": "(mi_idx.movie_id = t.id)",
                        "Plans": [
                          {
                            "Node Type": "Bitmap Heap Scan",
                            "Parent Relationship": "Outer",
                            "Parallel Aware": false,
                            "Relation Name": "movie_info_idx",
                            "Alias": "mi_idx",
                            "Startup Cost": 8223.81,
                            "Total Cost": 21841.68,
                            "Plan Rows": 454630,
                            "Plan Width": 4,
                            "Actual Startup Time": 24.987,
                            "Actual Total Time": 72.072,
                            "Actual Rows": 459925,
                            "Actual Loops": 2,
                            "Recheck Cond": "(info_type_id < 100)",
                            "Rows Removed by Index Recheck": 0,
                            "Exact Heap Blocks": 7934,
                            "Lossy Heap Blocks": 0,
                            "Plans": [
                              {
                                "Node Type": "Bitmap Index Scan",
                                "Parent Relationship": "Outer",
                                "Parallel Aware": false,
                                "Index Name": "info_type_id_movie_info_idx",
                                "Startup Cost": 0.0,
                                "Total Cost": 8110.15,
                                "Plan Rows": 454630,
                                "Plan Width": 0,
                                "Actual Startup Time": 24.063,
                                "Actual Total Time": 24.064,
                                "Actual Rows": 459925,
                                "Actual Loops": 2,
                                "Index Cond": "(info_type_id < 100)"
                              }
                            ]
                          },
                          {
                            "Node Type": "Hash",
                            "Parent Relationship": "Inner",
                            "Parallel Aware": false,
                            "Startup Cost": 67601.66,
                            "Total Cost": 67601.66,
                            "Plan Rows": 484997,
                            "Plan Width": 4,
                            "Actual Startup Time": 320.515,
                            "Actual Total Time": 320.516,
                            "Actual Rows": 494029,
                            "Actual Loops": 2,
                            "Hash Buckets": 524288,
                            "Original Hash Buckets": 524288,
                            "Hash Batches": 1,
                            "Original Hash Batches": 1,
                            "Peak Memory Usage": 21465,
                            "Plans": [
                              {
                                "Node Type": "Seq Scan",
                                "Parent Relationship": "Outer",
                                "Parallel Aware": false,
                                "Relation Name": "title",
                                "Alias": "t",
                                "Startup Cost": 0.0,
                                "Total Cost": 67601.66,
                                "Plan Rows": 484997,
                                "Plan Width": 4,
                                "Actual Startup Time": 0.023,
                                "Actual Total Time": 224.658,
                                "Actual Rows": 494029,
                                "Actual Loops": 2,
                                "Filter": "(production_year < 1979)",
                                "Rows Removed by Filter": 2034283
                              }
                            ]
                          }
                        ]
                      }
                    ]
                  }
                ]
              }
            ]
          }
        ]
      }
    ]
  },
  "Planning Time": 1.103,
  "Triggers": [],
  "Execution Time": 718.879
}