[
    {
        "Bao": {
            "Bao prediction": 457.117,
            "Bao recommended hint": "SET enable_mergejoin TO off; "
        }
    },
    {
        "Plan": {
            "Node Type": "Aggregate",
            "Strategy": "Plain",
            "Partial Mode": "Finalize",
            "Parallel Aware": false,
            "Startup Cost": 47409.83,
            "Total Cost": 47409.84,
            "Plan Rows": 1,
            "Plan Width": 8,
            "Actual Startup Time": 145.037,
            "Actual Total Time": 157.724,
            "Actual Rows": 1,
            "Actual Loops": 1,
            "Output": [
                "count(*)"
            ],
            "Plans": [
                {
                    "Node Type": "Gather",
                    "Parent Relationship": "Outer",
                    "Parallel Aware": false,
                    "Startup Cost": 47409.41,
                    "Total Cost": 47409.82,
                    "Plan Rows": 4,
                    "Plan Width": 8,
                    "Actual Startup Time": 144.875,
                    "Actual Total Time": 157.714,
                    "Actual Rows": 5,
                    "Actual Loops": 1,
                    "Output": [
                        "(PARTIAL count(*))"
                    ],
                    "Workers Planned": 4,
                    "Workers Launched": 4,
                    "Single Copy": false,
                    "Plans": [
                        {
                            "Node Type": "Aggregate",
                            "Strategy": "Plain",
                            "Partial Mode": "Partial",
                            "Parent Relationship": "Outer",
                            "Parallel Aware": false,
                            "Startup Cost": 46409.41,
                            "Total Cost": 46409.42,
                            "Plan Rows": 1,
                            "Plan Width": 8,
                            "Actual Startup Time": 136.071,
                            "Actual Total Time": 136.072,
                            "Actual Rows": 1,
                            "Actual Loops": 5,
                            "Output": [
                                "PARTIAL count(*)"
                            ],
                            "Workers": [
                                {
                                    "Worker Number": 0,
                                    "Actual Startup Time": 133.875,
                                    "Actual Total Time": 133.876,
                                    "Actual Rows": 1,
                                    "Actual Loops": 1
                                },
                                {
                                    "Worker Number": 1,
                                    "Actual Startup Time": 133.129,
                                    "Actual Total Time": 133.13,
                                    "Actual Rows": 1,
                                    "Actual Loops": 1
                                },
                                {
                                    "Worker Number": 2,
                                    "Actual Startup Time": 134.477,
                                    "Actual Total Time": 134.478,
                                    "Actual Rows": 1,
                                    "Actual Loops": 1
                                },
                                {
                                    "Worker Number": 3,
                                    "Actual Startup Time": 134.728,
                                    "Actual Total Time": 134.73,
                                    "Actual Rows": 1,
                                    "Actual Loops": 1
                                }
                            ],
                            "Plans": [
                                {
                                    "Node Type": "Seq Scan",
                                    "Parent Relationship": "Outer",
                                    "Parallel Aware": true,
                                    "Relation Name": "title",
                                    "Schema": "public",
                                    "Alias": "t",
                                    "Startup Cost": 0.0,
                                    "Total Cost": 45479.21,
                                    "Plan Rows": 372080,
                                    "Plan Width": 0,
                                    "Actual Startup Time": 0.041,
                                    "Actual Total Time": 113.619,
                                    "Actual Rows": 295688,
                                    "Actual Loops": 5,
                                    "Output": [
                                        "id",
                                        "title",
                                        "imdb_index",
                                        "kind_id",
                                        "production_year",
                                        "imdb_id",
                                        "phonetic_code",
                                        "episode_of_id",
                                        "season_nr",
                                        "episode_nr",
                                        "series_years",
                                        "md5sum"
                                    ],
                                    "Filter": "((t.production_year > 0) AND (t.kind_id = 7))",
                                    "Rows Removed by Filter": 209974,
                                    "Workers": [
                                        {
                                            "Worker Number": 0,
                                            "Actual Startup Time": 0.045,
                                            "Actual Total Time": 113.129,
                                            "Actual Rows": 266562,
                                            "Actual Loops": 1
                                        },
                                        {
                                            "Worker Number": 1,
                                            "Actual Startup Time": 0.046,
                                            "Actual Total Time": 112.514,
                                            "Actual Rows": 266171,
                                            "Actual Loops": 1
                                        },
                                        {
                                            "Worker Number": 2,
                                            "Actual Startup Time": 0.045,
                                            "Actual Total Time": 113.459,
                                            "Actual Rows": 272899,
                                            "Actual Loops": 1
                                        },
                                        {
                                            "Worker Number": 3,
                                            "Actual Startup Time": 0.047,
                                            "Actual Total Time": 113.613,
                                            "Actual Rows": 273611,
                                            "Actual Loops": 1
                                        }
                                    ]
                                }
                            ]
                        }
                    ]
                }
            ]
        },
        "Planning Time": 2579.103,
        "Triggers": [],
        "Execution Time": 157.851
    }
]