{
  "Plan": {
    "Node Type": "Aggregate",
    "Strategy": "Plain",
    "Partial Mode": "Finalize",
    "Parallel Aware": false,
    "Startup Cost": 116333.0,
    "Total Cost": 116333.01,
    "Plan Rows": 1,
    "Plan Width": 8,
    "Actual Startup Time": 372.362,
    "Actual Total Time": 389.446,
    "Actual Rows": 1,
    "Actual Loops": 1,
    "Plans": [
      {
        "Node Type": "Gather",
        "Parent Relationship": "Outer",
        "Parallel Aware": false,
        "Startup Cost": 116332.89,
        "Total Cost": 116333.0,
        "Plan Rows": 1,
        "Plan Width": 8,
        "Actual Startup Time": 372.114,
        "Actual Total Time": 389.44,
        "Actual Rows": 2,
        "Actual Loops": 1,
        "Workers Planned": 1,
        "Workers Launched": 1,
        "Single Copy": false,
        "Plans": [
          {
            "Node Type": "Aggregate",
            "Strategy": "Plain",
            "Partial Mode": "Partial",
            "Parent Relationship": "Outer",
            "Parallel Aware": false,
            "Startup Cost": 115332.89,
            "Total Cost": 115332.9,
            "Plan Rows": 1,
            "Plan Width": 8,
            "Actual Startup Time": 366.529,
            "Actual Total Time": 366.533,
            "Actual Rows": 1,
            "Actual Loops": 2,
            "Plans": [
              {
                "Node Type": "Hash Join",
                "Parent Relationship": "Outer",
                "Parallel Aware": true,
                "Join Type": "Inner",
                "Startup Cost": 54799.08,
                "Total Cost": 115302.83,
                "Plan Rows": 12026,
                "Plan Width": 0,
                "Actual Startup Time": 137.533,
                "Actual Total Time": 365.939,
                "Actual Rows": 12574,
                "Actual Loops": 2,
                "Inner Unique": true,
                "Hash Cond": "(mk.movie_id = t.id)",
                "Plans": [
                  {
                    "Node Type": "Seq Scan",
                    "Parent Relationship": "Outer",
                    "Parallel Aware": true,
                    "Relation Name": "movie_keyword",
                    "Alias": "mk",
                    "Startup Cost": 0.0,
                    "Total Cost": 57718.19,
                    "Plan Rows": 1061165,
                    "Plan Width": 4,
                    "Actual Startup Time": 0.665,
                    "Actual Total Time": 167.703,
                    "Actual Rows": 904972,
                    "Actual Loops": 2,
                    "Filter": "(keyword_id > 7666)",
                    "Rows Removed by Filter": 1356994
                  },
                  {
                    "Node Type": "Hash",
                    "Parent Relationship": "Inner",
                    "Parallel Aware": true,
                    "Startup Cost": 54588.39,
                    "Total Cost": 54588.39,
                    "Plan Rows": 16855,
                    "Plan Width": 4,
                    "Actual Startup Time": 135.413,
                    "Actual Total Time": 135.414,
                    "Actual Rows": 15014,
                    "Actual Loops": 2,
                    "Hash Buckets": 32768,
                    "Original Hash Buckets": 32768,
                    "Hash Batches": 1,
                    "Original Hash Batches": 1,
                    "Peak Memory Usage": 1472,
                    "Plans": [
                      {
                        "Node Type": "Seq Scan",
                        "Parent Relationship": "Outer",
                        "Parallel Aware": true,
                        "Relation Name": "title",
                        "Alias": "t",
                        "Startup Cost": 0.0,
                        "Total Cost": 54588.39,
                        "Plan Rows": 16855,
                        "Plan Width": 4,
                        "Actual Startup Time": 0.06,
                        "Actual Total Time": 130.533,
                        "Actual Rows": 15014,
                        "Actual Loops": 2,
                        "Filter": "(production_year = 1994)",
                        "Rows Removed by Filter": 1249142
                      }
                    ]
                  }
                ]
              }
            ]
          }
        ]
      }
    ]
  },
  "Planning Time": 0.441,
  "Triggers": [],
  "Execution Time": 389.516
}