[
    {
        "Bao": {
            "Bao prediction": "NaN",
            "Bao recommended hint": "(no hint)"
        }
    },
    {
        "Plan": {
            "Node Type": "Aggregate",
            "Strategy": "Plain",
            "Partial Mode": "Finalize",
            "Parallel Aware": false,
            "Startup Cost": 32972.36,
            "Total Cost": 32972.37,
            "Plan Rows": 1,
            "Plan Width": 8,
            "Actual Startup Time": 88.194,
            "Actual Total Time": 93.167,
            "Actual Rows": 1,
            "Actual Loops": 1,
            "Output": [
                "count(*)"
            ],
            "Plans": [
                {
                    "Node Type": "Gather",
                    "Parent Relationship": "Outer",
                    "Parallel Aware": false,
                    "Startup Cost": 32972.04,
                    "Total Cost": 32972.35,
                    "Plan Rows": 3,
                    "Plan Width": 8,
                    "Actual Startup Time": 88.097,
                    "Actual Total Time": 93.161,
                    "Actual Rows": 4,
                    "Actual Loops": 1,
                    "Output": [
                        "(PARTIAL count(*))"
                    ],
                    "Workers Planned": 3,
                    "Workers Launched": 3,
                    "Single Copy": false,
                    "Plans": [
                        {
                            "Node Type": "Aggregate",
                            "Strategy": "Plain",
                            "Partial Mode": "Partial",
                            "Parent Relationship": "Outer",
                            "Parallel Aware": false,
                            "Startup Cost": 31972.04,
                            "Total Cost": 31972.05,
                            "Plan Rows": 1,
                            "Plan Width": 8,
                            "Actual Startup Time": 79.897,
                            "Actual Total Time": 79.898,
                            "Actual Rows": 1,
                            "Actual Loops": 4,
                            "Output": [
                                "PARTIAL count(*)"
                            ],
                            "Workers": [
                                {
                                    "Worker Number": 0,
                                    "Actual Startup Time": 76.834,
                                    "Actual Total Time": 76.836,
                                    "Actual Rows": 1,
                                    "Actual Loops": 1
                                },
                                {
                                    "Worker Number": 1,
                                    "Actual Startup Time": 77.444,
                                    "Actual Total Time": 77.445,
                                    "Actual Rows": 1,
                                    "Actual Loops": 1
                                },
                                {
                                    "Worker Number": 2,
                                    "Actual Startup Time": 77.518,
                                    "Actual Total Time": 77.519,
                                    "Actual Rows": 1,
                                    "Actual Loops": 1
                                }
                            ],
                            "Plans": [
                                {
                                    "Node Type": "Seq Scan",
                                    "Parent Relationship": "Outer",
                                    "Parallel Aware": true,
                                    "Relation Name": "movie_companies",
                                    "Schema": "public",
                                    "Alias": "mc",
                                    "Startup Cost": 0.0,
                                    "Total Cost": 31414.82,
                                    "Plan Rows": 222889,
                                    "Plan Width": 0,
                                    "Actual Startup Time": 13.852,
                                    "Actual Total Time": 73.476,
                                    "Actual Rows": 118787,
                                    "Actual Loops": 4,
                                    "Output": [
                                        "id",
                                        "movie_id",
                                        "company_id",
                                        "company_type_id",
                                        "note"
                                    ],
                                    "Filter": "((mc.company_id > 10652) AND (mc.company_type_id < 2))",
                                    "Rows Removed by Filter": 533495,
                                    "Workers": [
                                        {
                                            "Worker Number": 0,
                                            "Actual Startup Time": 10.798,
                                            "Actual Total Time": 70.653,
                                            "Actual Rows": 106616,
                                            "Actual Loops": 1
                                        },
                                        {
                                            "Worker Number": 1,
                                            "Actual Startup Time": 11.404,
                                            "Actual Total Time": 71.232,
                                            "Actual Rows": 81308,
                                            "Actual Loops": 1
                                        },
                                        {
                                            "Worker Number": 2,
                                            "Actual Startup Time": 11.481,
                                            "Actual Total Time": 71.396,
                                            "Actual Rows": 103521,
                                            "Actual Loops": 1
                                        }
                                    ]
                                }
                            ]
                        }
                    ]
                }
            ]
        },
        "Planning Time": 181.789,
        "Triggers": [],
        "Execution Time": 93.209
    }
]