[
  {
    "Plan": {
      "Node Type": "Aggregate",
      "Strategy": "Plain",
      "Partial Mode": "Finalize",
      "Parallel Aware": false,
      "Startup Cost": 46386.64,
      "Total Cost": 46386.65,
      "Plan Rows": 1,
      "Plan Width": 8,
      "Actual Startup Time": 183.562,
      "Actual Total Time": 194.732,
      "Actual Rows": 1,
      "Actual Loops": 1,
      "Plans": [
        {
          "Node Type": "Gather",
          "Parent Relationship": "Outer",
          "Parallel Aware": false,
          "Startup Cost": 46386.32,
          "Total Cost": 46386.63,
          "Plan Rows": 3,
          "Plan Width": 8,
          "Actual Startup Time": 183.438,
          "Actual Total Time": 194.722,
          "Actual Rows": 4,
          "Actual Loops": 1,
          "Workers Planned": 3,
          "Workers Launched": 3,
          "Single Copy": false,
          "Plans": [
            {
              "Node Type": "Aggregate",
              "Strategy": "Plain",
              "Partial Mode": "Partial",
              "Parent Relationship": "Outer",
              "Parallel Aware": false,
              "Startup Cost": 45386.32,
              "Total Cost": 45386.33,
              "Plan Rows": 1,
              "Plan Width": 8,
              "Actual Startup Time": 175.566,
              "Actual Total Time": 175.567,
              "Actual Rows": 1,
              "Actual Loops": 4,
              "Plans": [
                {
                  "Node Type": "Seq Scan",
                  "Parent Relationship": "Outer",
                  "Parallel Aware": true,
                  "Relation Name": "movie_keyword",
                  "Alias": "mk",
                  "Startup Cost": 0.0,
                  "Total Cost": 42695.65,
                  "Plan Rows": 1076266,
                  "Plan Width": 0,
                  "Actual Startup Time": 0.201,
                  "Actual Total Time": 132.566,
                  "Actual Rows": 832845,
                  "Actual Loops": 4,
                  "Filter": "(keyword_id > 1435)",
                  "Rows Removed by Filter": 298137
                }
              ]
            }
          ]
        }
      ]
    },
    "Planning Time": 0.198,
    "Triggers": [],
    "Execution Time": 194.789
  }
]