[
    {
        "Bao": {
            "Bao prediction": 476.815,
            "Bao recommended hint": "SET enable_mergejoin TO off; "
        }
    },
    {
        "Plan": {
            "Node Type": "Aggregate",
            "Strategy": "Plain",
            "Partial Mode": "Finalize",
            "Parallel Aware": false,
            "Startup Cost": 31527.96,
            "Total Cost": 31527.97,
            "Plan Rows": 1,
            "Plan Width": 8,
            "Actual Startup Time": 137.16,
            "Actual Total Time": 143.566,
            "Actual Rows": 1,
            "Actual Loops": 1,
            "Output": [
                "count(*)"
            ],
            "Plans": [
                {
                    "Node Type": "Gather",
                    "Parent Relationship": "Outer",
                    "Parallel Aware": false,
                    "Startup Cost": 31527.64,
                    "Total Cost": 31527.95,
                    "Plan Rows": 3,
                    "Plan Width": 8,
                    "Actual Startup Time": 137.082,
                    "Actual Total Time": 143.558,
                    "Actual Rows": 4,
                    "Actual Loops": 1,
                    "Output": [
                        "(PARTIAL count(*))"
                    ],
                    "Workers Planned": 3,
                    "Workers Launched": 3,
                    "Single Copy": false,
                    "Plans": [
                        {
                            "Node Type": "Aggregate",
                            "Strategy": "Plain",
                            "Partial Mode": "Partial",
                            "Parent Relationship": "Outer",
                            "Parallel Aware": false,
                            "Startup Cost": 30527.64,
                            "Total Cost": 30527.65,
                            "Plan Rows": 1,
                            "Plan Width": 8,
                            "Actual Startup Time": 129.338,
                            "Actual Total Time": 129.339,
                            "Actual Rows": 1,
                            "Actual Loops": 4,
                            "Output": [
                                "PARTIAL count(*)"
                            ],
                            "Workers": [
                                {
                                    "Worker Number": 0,
                                    "Actual Startup Time": 126.653,
                                    "Actual Total Time": 126.654,
                                    "Actual Rows": 1,
                                    "Actual Loops": 1
                                },
                                {
                                    "Worker Number": 1,
                                    "Actual Startup Time": 127.088,
                                    "Actual Total Time": 127.089,
                                    "Actual Rows": 1,
                                    "Actual Loops": 1
                                },
                                {
                                    "Worker Number": 2,
                                    "Actual Startup Time": 127.15,
                                    "Actual Total Time": 127.151,
                                    "Actual Rows": 1,
                                    "Actual Loops": 1
                                }
                            ],
                            "Plans": [
                                {
                                    "Node Type": "Seq Scan",
                                    "Parent Relationship": "Outer",
                                    "Parallel Aware": true,
                                    "Relation Name": "movie_companies",
                                    "Schema": "public",
                                    "Alias": "mc",
                                    "Startup Cost": 0.0,
                                    "Total Cost": 29310.68,
                                    "Plan Rows": 486785,
                                    "Plan Width": 0,
                                    "Actual Startup Time": 12.653,
                                    "Actual Total Time": 103.863,
                                    "Actual Rows": 378204,
                                    "Actual Loops": 4,
                                    "Output": [
                                        "id",
                                        "movie_id",
                                        "company_id",
                                        "company_type_id",
                                        "note"
                                    ],
                                    "Filter": "(mc.company_id > 7463)",
                                    "Rows Removed by Filter": 274078,
                                    "Workers": [
                                        {
                                            "Worker Number": 0,
                                            "Actual Startup Time": 9.967,
                                            "Actual Total Time": 102.13,
                                            "Actual Rows": 357420,
                                            "Actual Loops": 1
                                        },
                                        {
                                            "Worker Number": 1,
                                            "Actual Startup Time": 10.372,
                                            "Actual Total Time": 102.151,
                                            "Actual Rows": 361880,
                                            "Actual Loops": 1
                                        },
                                        {
                                            "Worker Number": 2,
                                            "Actual Startup Time": 10.521,
                                            "Actual Total Time": 102.18,
                                            "Actual Rows": 361262,
                                            "Actual Loops": 1
                                        }
                                    ]
                                }
                            ]
                        }
                    ]
                }
            ]
        },
        "Planning Time": 2015.36,
        "Triggers": [],
        "Execution Time": 143.661
    }
]