[
  {
    "Plan": {
      "Node Type": "Aggregate",
      "Strategy": "Plain",
      "Partial Mode": "Finalize",
      "Parallel Aware": false,
      "Startup Cost": 24455.28,
      "Total Cost": 24455.29,
      "Plan Rows": 1,
      "Plan Width": 8,
      "Actual Startup Time": 30.055,
      "Actual Total Time": 33.864,
      "Actual Rows": 1,
      "Actual Loops": 1,
      "Plans": [
        {
          "Node Type": "Gather",
          "Parent Relationship": "Outer",
          "Parallel Aware": false,
          "Startup Cost": 24455.06,
          "Total Cost": 24455.27,
          "Plan Rows": 2,
          "Plan Width": 8,
          "Actual Startup Time": 29.906,
          "Actual Total Time": 33.849,
          "Actual Rows": 3,
          "Actual Loops": 1,
          "Workers Planned": 2,
          "Workers Launched": 2,
          "Single Copy": false,
          "Plans": [
            {
              "Node Type": "Aggregate",
              "Strategy": "Plain",
              "Partial Mode": "Partial",
              "Parent Relationship": "Outer",
              "Parallel Aware": false,
              "Startup Cost": 23455.06,
              "Total Cost": 23455.07,
              "Plan Rows": 1,
              "Plan Width": 8,
              "Actual Startup Time": 21.819,
              "Actual Total Time": 21.821,
              "Actual Rows": 1,
              "Actual Loops": 3,
              "Plans": [
                {
                  "Node Type": "Nested Loop",
                  "Parent Relationship": "Outer",
                  "Parallel Aware": false,
                  "Join Type": "Inner",
                  "Startup Cost": 88.42,
                  "Total Cost": 23452.09,
                  "Plan Rows": 1191,
                  "Plan Width": 0,
                  "Actual Startup Time": 2.168,
                  "Actual Total Time": 21.769,
                  "Actual Rows": 150,
                  "Actual Loops": 3,
                  "Inner Unique": true,
                  "Plans": [
                    {
                      "Node Type": "Bitmap Heap Scan",
                      "Parent Relationship": "Outer",
                      "Parallel Aware": true,
                      "Relation Name": "movie_keyword",
                      "Alias": "mk",
                      "Startup Cost": 87.99,
                      "Total Cost": 10726.09,
                      "Plan Rows": 1697,
                      "Plan Width": 4,
                      "Actual Startup Time": 1.51,
                      "Actual Total Time": 7.484,
                      "Actual Rows": 1057,
                      "Actual Loops": 3,
                      "Recheck Cond": "(keyword_id = 769)",
                      "Rows Removed by Index Recheck": 0,
                      "Exact Heap Blocks": 2487,
                      "Lossy Heap Blocks": 0,
                      "Plans": [
                        {
                          "Node Type": "Bitmap Index Scan",
                          "Parent Relationship": "Outer",
                          "Parallel Aware": false,
                          "Index Name": "keyword_id_movie_keyword",
                          "Startup Cost": 0.0,
                          "Total Cost": 86.97,
                          "Plan Rows": 4072,
                          "Plan Width": 0,
                          "Actual Startup Time": 2.99,
                          "Actual Total Time": 2.991,
                          "Actual Rows": 3171,
                          "Actual Loops": 1,
                          "Index Cond": "(keyword_id = 769)"
                        }
                      ]
                    },
                    {
                      "Node Type": "Index Scan",
                      "Parent Relationship": "Inner",
                      "Parallel Aware": false,
                      "Scan Direction": "Forward",
                      "Index Name": "title_pkey",
                      "Relation Name": "title",
                      "Alias": "t",
                      "Startup Cost": 0.43,
                      "Total Cost": 7.5,
                      "Plan Rows": 1,
                      "Plan Width": 4,
                      "Actual Startup Time": 0.013,
                      "Actual Total Time": 0.013,
                      "Actual Rows": 0,
                      "Actual Loops": 3171,
                      "Index Cond": "(id = mk.movie_id)",
                      "Rows Removed by Index Recheck": 0,
                      "Filter": "(kind_id > 2)",
                      "Rows Removed by Filter": 1
                    }
                  ]
                }
              ]
            }
          ]
        }
      ]
    },
    "Planning Time": 0.628,
    "Triggers": [],
    "Execution Time": 33.949
  }
]