{
  "Plan": {
    "Node Type": "Aggregate",
    "Strategy": "Plain",
    "Partial Mode": "Finalize",
    "Parallel Aware": false,
    "Startup Cost": 331960.97,
    "Total Cost": 331960.98,
    "Plan Rows": 1,
    "Plan Width": 8,
    "Actual Startup Time": 1512.747,
    "Actual Total Time": 1551.538,
    "Actual Rows": 1,
    "Actual Loops": 1,
    "Plans": [
      {
        "Node Type": "Gather",
        "Parent Relationship": "Outer",
        "Parallel Aware": false,
        "Startup Cost": 331960.85,
        "Total Cost": 331960.96,
        "Plan Rows": 1,
        "Plan Width": 8,
        "Actual Startup Time": 1512.354,
        "Actual Total Time": 1551.528,
        "Actual Rows": 2,
        "Actual Loops": 1,
        "Workers Planned": 1,
        "Workers Launched": 1,
        "Single Copy": false,
        "Plans": [
          {
            "Node Type": "Aggregate",
            "Strategy": "Plain",
            "Partial Mode": "Partial",
            "Parent Relationship": "Outer",
            "Parallel Aware": false,
            "Startup Cost": 330960.85,
            "Total Cost": 330960.86,
            "Plan Rows": 1,
            "Plan Width": 8,
            "Actual Startup Time": 1506.817,
            "Actual Total Time": 1506.82,
            "Actual Rows": 1,
            "Actual Loops": 2,
            "Plans": [
              {
                "Node Type": "Hash Join",
                "Parent Relationship": "Outer",
                "Parallel Aware": true,
                "Join Type": "Inner",
                "Startup Cost": 58707.91,
                "Total Cost": 330491.39,
                "Plan Rows": 187784,
                "Plan Width": 0,
                "Actual Startup Time": 151.524,
                "Actual Total Time": 1496.332,
                "Actual Rows": 237467,
                "Actual Loops": 2,
                "Inner Unique": true,
                "Hash Cond": "(mi.movie_id = t.id)",
                "Plans": [
                  {
                    "Node Type": "Seq Scan",
                    "Parent Relationship": "Outer",
                    "Parallel Aware": true,
                    "Relation Name": "movie_info",
                    "Alias": "mi",
                    "Startup Cost": 0.0,
                    "Total Cost": 248955.74,
                    "Plan Rows": 8696274,
                    "Plan Width": 4,
                    "Actual Startup Time": 0.009,
                    "Actual Total Time": 653.021,
                    "Actual Rows": 7417860,
                    "Actual Loops": 2
                  },
                  {
                    "Node Type": "Hash",
                    "Parent Relationship": "Inner",
                    "Parallel Aware": true,
                    "Startup Cost": 58306.47,
                    "Total Cost": 58306.47,
                    "Plan Rows": 32115,
                    "Plan Width": 4,
                    "Actual Startup Time": 149.152,
                    "Actual Total Time": 149.153,
                    "Actual Rows": 23172,
                    "Actual Loops": 2,
                    "Hash Buckets": 65536,
                    "Original Hash Buckets": 65536,
                    "Hash Batches": 1,
                    "Original Hash Batches": 1,
                    "Peak Memory Usage": 2368,
                    "Plans": [
                      {
                        "Node Type": "Seq Scan",
                        "Parent Relationship": "Outer",
                        "Parallel Aware": true,
                        "Relation Name": "title",
                        "Alias": "t",
                        "Startup Cost": 0.0,
                        "Total Cost": 58306.47,
                        "Plan Rows": 32115,
                        "Plan Width": 4,
                        "Actual Startup Time": 0.143,
                        "Actual Total Time": 141.687,
                        "Actual Rows": 23172,
                        "Actual Loops": 2,
                        "Filter": "((kind_id < 4) AND (production_year = 2011))",
                        "Rows Removed by Filter": 1240984
                      }
                    ]
                  }
                ]
              }
            ]
          }
        ]
      }
    ]
  },
  "Planning Time": 0.431,
  "Triggers": [],
  "Execution Time": 1551.614
}