[
  {
    "Plan": {
      "Node Type": "Aggregate",
      "Strategy": "Plain",
      "Partial Mode": "Finalize",
      "Parallel Aware": false,
      "Startup Cost": 56602.02,
      "Total Cost": 56602.03,
      "Plan Rows": 1,
      "Plan Width": 8,
      "Actual Startup Time": 102.119,
      "Actual Total Time": 115.343,
      "Actual Rows": 1,
      "Actual Loops": 1,
      "Plans": [
        {
          "Node Type": "Gather",
          "Parent Relationship": "Outer",
          "Parallel Aware": false,
          "Startup Cost": 56601.6,
          "Total Cost": 56602.01,
          "Plan Rows": 4,
          "Plan Width": 8,
          "Actual Startup Time": 101.974,
          "Actual Total Time": 115.334,
          "Actual Rows": 5,
          "Actual Loops": 1,
          "Workers Planned": 4,
          "Workers Launched": 4,
          "Single Copy": false,
          "Plans": [
            {
              "Node Type": "Aggregate",
              "Strategy": "Plain",
              "Partial Mode": "Partial",
              "Parent Relationship": "Outer",
              "Parallel Aware": false,
              "Startup Cost": 55601.6,
              "Total Cost": 55601.61,
              "Plan Rows": 1,
              "Plan Width": 8,
              "Actual Startup Time": 92.218,
              "Actual Total Time": 92.22,
              "Actual Rows": 1,
              "Actual Loops": 5,
              "Plans": [
                {
                  "Node Type": "Nested Loop",
                  "Parent Relationship": "Outer",
                  "Parallel Aware": false,
                  "Join Type": "Inner",
                  "Startup Cost": 0.43,
                  "Total Cost": 55598.03,
                  "Plan Rows": 1428,
                  "Plan Width": 0,
                  "Actual Startup Time": 7.162,
                  "Actual Total Time": 92.006,
                  "Actual Rows": 4069,
                  "Actual Loops": 5,
                  "Inner Unique": false,
                  "Plans": [
                    {
                      "Node Type": "Seq Scan",
                      "Parent Relationship": "Outer",
                      "Parallel Aware": true,
                      "Relation Name": "title",
                      "Alias": "t",
                      "Startup Cost": 0.0,
                      "Total Cost": 45479.1,
                      "Plan Rows": 1131,
                      "Plan Width": 4,
                      "Actual Startup Time": 1.165,
                      "Actual Total Time": 80.2,
                      "Actual Rows": 954,
                      "Actual Loops": 5,
                      "Filter": "((kind_id < 3) AND (production_year = 1973))",
                      "Rows Removed by Filter": 504709
                    },
                    {
                      "Node Type": "Index Scan",
                      "Parent Relationship": "Inner",
                      "Parallel Aware": false,
                      "Scan Direction": "Forward",
                      "Index Name": "movie_id_movie_keyword",
                      "Relation Name": "movie_keyword",
                      "Alias": "mk",
                      "Startup Cost": 0.43,
                      "Total Cost": 8.63,
                      "Plan Rows": 32,
                      "Plan Width": 4,
                      "Actual Startup Time": 0.011,
                      "Actual Total Time": 0.012,
                      "Actual Rows": 4,
                      "Actual Loops": 4769,
                      "Index Cond": "(movie_id = t.id)",
                      "Rows Removed by Index Recheck": 0,
                      "Filter": "(keyword_id > 1756)",
                      "Rows Removed by Filter": 2
                    }
                  ]
                }
              ]
            }
          ]
        }
      ]
    },
    "Planning Time": 0.562,
    "Triggers": [],
    "Execution Time": 115.408
  }
]