{
  "Plan": {
    "Node Type": "Aggregate",
    "Strategy": "Plain",
    "Partial Mode": "Finalize",
    "Parallel Aware": false,
    "Startup Cost": 449826.63,
    "Total Cost": 449826.64,
    "Plan Rows": 1,
    "Plan Width": 8,
    "Actual Startup Time": 5745.238,
    "Actual Total Time": 5789.813,
    "Actual Rows": 1,
    "Actual Loops": 1,
    "Plans": [
      {
        "Node Type": "Gather",
        "Parent Relationship": "Outer",
        "Parallel Aware": false,
        "Startup Cost": 449826.52,
        "Total Cost": 449826.62,
        "Plan Rows": 1,
        "Plan Width": 8,
        "Actual Startup Time": 5740.72,
        "Actual Total Time": 5789.805,
        "Actual Rows": 2,
        "Actual Loops": 1,
        "Workers Planned": 1,
        "Workers Launched": 1,
        "Single Copy": false,
        "Plans": [
          {
            "Node Type": "Aggregate",
            "Strategy": "Plain",
            "Partial Mode": "Partial",
            "Parent Relationship": "Outer",
            "Parallel Aware": false,
            "Startup Cost": 448826.52,
            "Total Cost": 448826.53,
            "Plan Rows": 1,
            "Plan Width": 8,
            "Actual Startup Time": 5732.728,
            "Actual Total Time": 5732.734,
            "Actual Rows": 1,
            "Actual Loops": 2,
            "Plans": [
              {
                "Node Type": "Hash Join",
                "Parent Relationship": "Outer",
                "Parallel Aware": true,
                "Join Type": "Inner",
                "Startup Cost": 135360.51,
                "Total Cost": 439312.71,
                "Plan Rows": 3805524,
                "Plan Width": 0,
                "Actual Startup Time": 978.414,
                "Actual Total Time": 4693.268,
                "Actual Rows": 24706659,
                "Actual Loops": 2,
                "Inner Unique": false,
                "Hash Cond": "(mi.movie_id = t.id)",
                "Plans": [
                  {
                    "Node Type": "Seq Scan",
                    "Parent Relationship": "Outer",
                    "Parallel Aware": true,
                    "Relation Name": "movie_info",
                    "Alias": "mi",
                    "Startup Cost": 0.0,
                    "Total Cost": 248955.74,
                    "Plan Rows": 8696274,
                    "Plan Width": 4,
                    "Actual Startup Time": 0.017,
                    "Actual Total Time": 612.279,
                    "Actual Rows": 7417860,
                    "Actual Loops": 2
                  },
                  {
                    "Node Type": "Hash",
                    "Parent Relationship": "Inner",
                    "Parallel Aware": true,
                    "Startup Cost": 127225.29,
                    "Total Cost": 127225.29,
                    "Plan Rows": 650818,
                    "Plan Width": 8,
                    "Actual Startup Time": 963.849,
                    "Actual Total Time": 963.853,
                    "Actual Rows": 559149,
                    "Actual Loops": 2,
                    "Hash Buckets": 2097152,
                    "Original Hash Buckets": 2097152,
                    "Hash Batches": 1,
                    "Original Hash Batches": 1,
                    "Peak Memory Usage": 60192,
                    "Plans": [
                      {
                        "Node Type": "Hash Join",
                        "Parent Relationship": "Outer",
                        "Parallel Aware": true,
                        "Join Type": "Inner",
                        "Startup Cost": 92927.66,
                        "Total Cost": 127225.29,
                        "Plan Rows": 650818,
                        "Plan Width": 8,
                        "Actual Startup Time": 584.497,
                        "Actual Total Time": 838.899,
                        "Actual Rows": 559149,
                        "Actual Loops": 2,
                        "Inner Unique": true,
                        "Hash Cond": "(mk.movie_id = t.id)",
                        "Plans": [
                          {
                            "Node Type": "Bitmap Heap Scan",
                            "Parent Relationship": "Outer",
                            "Parallel Aware": true,
                            "Relation Name": "movie_keyword",
                            "Alias": "mk",
                            "Startup Cost": 23466.96,
                            "Total Cost": 56056.19,
                            "Plan Rows": 650818,
                            "Plan Width": 4,
                            "Actual Startup Time": 54.524,
                            "Actual Total Time": 150.384,
                            "Actual Rows": 559149,
                            "Actual Loops": 2,
                            "Recheck Cond": "(keyword_id < 1174)",
                            "Rows Removed by Index Recheck": 0,
                            "Exact Heap Blocks": 12698,
                            "Lossy Heap Blocks": 0,
                            "Plans": [
                              {
                                "Node Type": "Bitmap Index Scan",
                                "Parent Relationship": "Outer",
                                "Parallel Aware": false,
                                "Index Name": "keyword_id_movie_keyword",
                                "Startup Cost": 0.0,
                                "Total Cost": 23190.36,
                                "Plan Rows": 1106391,
                                "Plan Width": 0,
                                "Actual Startup Time": 50.857,
                                "Actual Total Time": 50.857,
                                "Actual Rows": 1118298,
                                "Actual Loops": 1,
                                "Index Cond": "(keyword_id < 1174)"
                              }
                            ]
                          },
                          {
                            "Node Type": "Hash",
                            "Parent Relationship": "Inner",
                            "Parallel Aware": true,
                            "Startup Cost": 50870.31,
                            "Total Cost": 50870.31,
                            "Plan Rows": 1487231,
                            "Plan Width": 4,
                            "Actual Startup Time": 517.507,
                            "Actual Total Time": 517.507,
                            "Actual Rows": 1264156,
                            "Actual Loops": 2,
                            "Hash Buckets": 4194304,
                            "Original Hash Buckets": 4194304,
                            "Hash Batches": 1,
                            "Original Hash Batches": 1,
                            "Peak Memory Usage": 131712,
                            "Plans": [
                              {
                                "Node Type": "Seq Scan",
                                "Parent Relationship": "Outer",
                                "Parallel Aware": true,
                                "Relation Name": "title",
                                "Alias": "t",
                                "Startup Cost": 0.0,
                                "Total Cost": 50870.31,
                                "Plan Rows": 1487231,
                                "Plan Width": 4,
                                "Actual Startup Time": 0.028,
                                "Actual Total Time": 149.748,
                                "Actual Rows": 1264156,
                                "Actual Loops": 2
                              }
                            ]
                          }
                        ]
                      }
                    ]
                  }
                ]
              }
            ]
          }
        ]
      }
    ]
  },
  "Planning Time": 0.833,
  "Triggers": [],
  "Execution Time": 5789.922
}