{
  "Plan": {
    "Node Type": "Aggregate",
    "Strategy": "Plain",
    "Partial Mode": "Finalize",
    "Parallel Aware": false,
    "Startup Cost": 99976.24,
    "Total Cost": 99976.25,
    "Plan Rows": 1,
    "Plan Width": 8,
    "Actual Startup Time": 385.045,
    "Actual Total Time": 403.392,
    "Actual Rows": 1,
    "Actual Loops": 1,
    "Plans": [
      {
        "Node Type": "Gather",
        "Parent Relationship": "Outer",
        "Parallel Aware": false,
        "Startup Cost": 99976.13,
        "Total Cost": 99976.24,
        "Plan Rows": 1,
        "Plan Width": 8,
        "Actual Startup Time": 384.566,
        "Actual Total Time": 403.383,
        "Actual Rows": 2,
        "Actual Loops": 1,
        "Workers Planned": 1,
        "Workers Launched": 1,
        "Single Copy": false,
        "Plans": [
          {
            "Node Type": "Aggregate",
            "Strategy": "Plain",
            "Partial Mode": "Partial",
            "Parent Relationship": "Outer",
            "Parallel Aware": false,
            "Startup Cost": 98976.13,
            "Total Cost": 98976.14,
            "Plan Rows": 1,
            "Plan Width": 8,
            "Actual Startup Time": 379.101,
            "Actual Total Time": 379.105,
            "Actual Rows": 1,
            "Actual Loops": 2,
            "Plans": [
              {
                "Node Type": "Hash Join",
                "Parent Relationship": "Outer",
                "Parallel Aware": true,
                "Join Type": "Inner",
                "Startup Cost": 58952.48,
                "Total Cost": 98910.5,
                "Plan Rows": 26254,
                "Plan Width": 0,
                "Actual Startup Time": 177.084,
                "Actual Total Time": 378.626,
                "Actual Rows": 8669,
                "Actual Loops": 2,
                "Inner Unique": true,
                "Hash Cond": "(mc.movie_id = t.id)",
                "Plans": [
                  {
                    "Node Type": "Seq Scan",
                    "Parent Relationship": "Outer",
                    "Parallel Aware": true,
                    "Relation Name": "movie_companies",
                    "Alias": "mc",
                    "Startup Cost": 0.0,
                    "Total Cost": 37974.77,
                    "Plan Rows": 755522,
                    "Plan Width": 4,
                    "Actual Startup Time": 0.017,
                    "Actual Total Time": 133.144,
                    "Actual Rows": 637123,
                    "Actual Loops": 2,
                    "Filter": "(company_type_id < 2)",
                    "Rows Removed by Filter": 667442
                  },
                  {
                    "Node Type": "Hash",
                    "Parent Relationship": "Inner",
                    "Parallel Aware": true,
                    "Startup Cost": 58306.47,
                    "Total Cost": 58306.47,
                    "Plan Rows": 51681,
                    "Plan Width": 4,
                    "Actual Startup Time": 174.663,
                    "Actual Total Time": 174.665,
                    "Actual Rows": 46314,
                    "Actual Loops": 2,
                    "Hash Buckets": 131072,
                    "Original Hash Buckets": 131072,
                    "Hash Batches": 1,
                    "Original Hash Batches": 1,
                    "Peak Memory Usage": 4672,
                    "Plans": [
                      {
                        "Node Type": "Seq Scan",
                        "Parent Relationship": "Outer",
                        "Parallel Aware": true,
                        "Relation Name": "title",
                        "Alias": "t",
                        "Startup Cost": 0.0,
                        "Total Cost": 58306.47,
                        "Plan Rows": 51681,
                        "Plan Width": 4,
                        "Actual Startup Time": 0.035,
                        "Actual Total Time": 160.502,
                        "Actual Rows": 46314,
                        "Actual Loops": 2,
                        "Filter": "((kind_id = 7) AND (production_year = 2010))",
                        "Rows Removed by Filter": 1217842
                      }
                    ]
                  }
                ]
              }
            ]
          }
        ]
      }
    ]
  },
  "Planning Time": 0.461,
  "Triggers": [],
  "Execution Time": 403.462
}