{
  "Plan": {
    "Node Type": "Aggregate",
    "Strategy": "Plain",
    "Partial Mode": "Finalize",
    "Parallel Aware": false,
    "Startup Cost": 614572.17,
    "Total Cost": 614572.18,
    "Plan Rows": 1,
    "Plan Width": 8,
    "Actual Startup Time": 3863.411,
    "Actual Total Time": 3920.5,
    "Actual Rows": 1,
    "Actual Loops": 1,
    "Plans": [
      {
        "Node Type": "Gather",
        "Parent Relationship": "Outer",
        "Parallel Aware": false,
        "Startup Cost": 614572.06,
        "Total Cost": 614572.17,
        "Plan Rows": 1,
        "Plan Width": 8,
        "Actual Startup Time": 3862.037,
        "Actual Total Time": 3920.49,
        "Actual Rows": 2,
        "Actual Loops": 1,
        "Workers Planned": 1,
        "Workers Launched": 1,
        "Single Copy": false,
        "Plans": [
          {
            "Node Type": "Aggregate",
            "Strategy": "Plain",
            "Partial Mode": "Partial",
            "Parent Relationship": "Outer",
            "Parallel Aware": false,
            "Startup Cost": 613572.06,
            "Total Cost": 613572.07,
            "Plan Rows": 1,
            "Plan Width": 8,
            "Actual Startup Time": 3859.011,
            "Actual Total Time": 3859.015,
            "Actual Rows": 1,
            "Actual Loops": 2,
            "Plans": [
              {
                "Node Type": "Hash Join",
                "Parent Relationship": "Outer",
                "Parallel Aware": true,
                "Join Type": "Inner",
                "Startup Cost": 64279.41,
                "Total Cost": 606490.81,
                "Plan Rows": 2832500,
                "Plan Width": 0,
                "Actual Startup Time": 905.442,
                "Actual Total Time": 3749.011,
                "Actual Rows": 2499816,
                "Actual Loops": 2,
                "Inner Unique": true,
                "Hash Cond": "(ci.movie_id = t.id)",
                "Plans": [
                  {
                    "Node Type": "Seq Scan",
                    "Parent Relationship": "Outer",
                    "Parallel Aware": true,
                    "Relation Name": "cast_info",
                    "Alias": "ci",
                    "Startup Cost": 0.0,
                    "Total Cost": 519069.44,
                    "Plan Rows": 8815972,
                    "Plan Width": 4,
                    "Actual Startup Time": 615.639,
                    "Actual Total Time": 1584.213,
                    "Actual Rows": 7483092,
                    "Actual Loops": 2,
                    "Filter": "(person_id > 2153051)",
                    "Rows Removed by Filter": 10639080
                  },
                  {
                    "Node Type": "Hash",
                    "Parent Relationship": "Inner",
                    "Parallel Aware": true,
                    "Startup Cost": 58306.47,
                    "Total Cost": 58306.47,
                    "Plan Rows": 477835,
                    "Plan Width": 4,
                    "Actual Startup Time": 283.854,
                    "Actual Total Time": 283.855,
                    "Actual Rows": 359865,
                    "Actual Loops": 2,
                    "Hash Buckets": 1048576,
                    "Original Hash Buckets": 1048576,
                    "Hash Batches": 1,
                    "Original Hash Batches": 1,
                    "Peak Memory Usage": 36384,
                    "Plans": [
                      {
                        "Node Type": "Seq Scan",
                        "Parent Relationship": "Outer",
                        "Parallel Aware": true,
                        "Relation Name": "title",
                        "Alias": "t",
                        "Startup Cost": 0.0,
                        "Total Cost": 58306.47,
                        "Plan Rows": 477835,
                        "Plan Width": 4,
                        "Actual Startup Time": 0.038,
                        "Actual Total Time": 180.342,
                        "Actual Rows": 359865,
                        "Actual Loops": 2,
                        "Filter": "((kind_id < 7) AND (production_year > 1971))",
                        "Rows Removed by Filter": 904291
                      }
                    ]
                  }
                ]
              }
            ]
          }
        ]
      }
    ]
  },
  "Planning Time": 0.379,
  "Triggers": [],
  "Execution Time": 3920.561
}