[
  {
    "Plan": {
      "Node Type": "Aggregate",
      "Strategy": "Plain",
      "Partial Mode": "Finalize",
      "Parallel Aware": false,
      "Startup Cost": 97538.99,
      "Total Cost": 97539.0,
      "Plan Rows": 1,
      "Plan Width": 8,
      "Actual Startup Time": 526.468,
      "Actual Total Time": 567.814,
      "Actual Rows": 1,
      "Actual Loops": 1,
      "Plans": [
        {
          "Node Type": "Gather",
          "Parent Relationship": "Outer",
          "Parallel Aware": false,
          "Startup Cost": 97538.67,
          "Total Cost": 97538.98,
          "Plan Rows": 3,
          "Plan Width": 8,
          "Actual Startup Time": 525.11,
          "Actual Total Time": 567.802,
          "Actual Rows": 4,
          "Actual Loops": 1,
          "Workers Planned": 3,
          "Workers Launched": 3,
          "Single Copy": false,
          "Plans": [
            {
              "Node Type": "Aggregate",
              "Strategy": "Plain",
              "Partial Mode": "Partial",
              "Parent Relationship": "Outer",
              "Parallel Aware": false,
              "Startup Cost": 96538.67,
              "Total Cost": 96538.68,
              "Plan Rows": 1,
              "Plan Width": 8,
              "Actual Startup Time": 519.971,
              "Actual Total Time": 520.037,
              "Actual Rows": 1,
              "Actual Loops": 4,
              "Plans": [
                {
                  "Node Type": "Nested Loop",
                  "Parent Relationship": "Outer",
                  "Parallel Aware": false,
                  "Join Type": "Inner",
                  "Startup Cost": 45714.51,
                  "Total Cost": 96465.76,
                  "Plan Rows": 29167,
                  "Plan Width": 0,
                  "Actual Startup Time": 110.057,
                  "Actual Total Time": 503.845,
                  "Actual Rows": 332157,
                  "Actual Loops": 4,
                  "Inner Unique": false,
                  "Join Filter": "(t.id = mi.movie_id)",
                  "Rows Removed by Join Filter": 0,
                  "Plans": [
                    {
                      "Node Type": "Hash Join",
                      "Parent Relationship": "Outer",
                      "Parallel Aware": true,
                      "Join Type": "Inner",
                      "Startup Cost": 45714.07,
                      "Total Cost": 75722.55,
                      "Plan Rows": 7889,
                      "Plan Width": 8,
                      "Actual Startup Time": 109.949,
                      "Actual Total Time": 217.942,
                      "Actual Rows": 13785,
                      "Actual Loops": 4,
                      "Inner Unique": true,
                      "Hash Cond": "(mc.movie_id = t.id)",
                      "Plans": [
                        {
                          "Node Type": "Seq Scan",
                          "Parent Relationship": "Outer",
                          "Parallel Aware": true,
                          "Relation Name": "movie_companies",
                          "Alias": "mc",
                          "Startup Cost": 0.0,
                          "Total Cost": 29310.68,
                          "Plan Rows": 265827,
                          "Plan Width": 4,
                          "Actual Startup Time": 0.01,
                          "Actual Total Time": 65.956,
                          "Actual Rows": 205995,
                          "Actual Loops": 4,
                          "Filter": "(company_id < 2017)",
                          "Rows Removed by Filter": 446287
                        },
                        {
                          "Node Type": "Hash",
                          "Parent Relationship": "Inner",
                          "Parallel Aware": true,
                          "Startup Cost": 45479.59,
                          "Total Cost": 45479.59,
                          "Plan Rows": 18759,
                          "Plan Width": 4,
                          "Actual Startup Time": 108.89,
                          "Actual Total Time": 108.891,
                          "Actual Rows": 45097,
                          "Actual Loops": 4,
                          "Hash Buckets": 262144,
                          "Original Hash Buckets": 131072,
                          "Hash Batches": 1,
                          "Original Hash Batches": 1,
                          "Peak Memory Usage": 10176,
                          "Plans": [
                            {
                              "Node Type": "Seq Scan",
                              "Parent Relationship": "Outer",
                              "Parallel Aware": true,
                              "Relation Name": "title",
                              "Alias": "t",
                              "Startup Cost": 0.0,
                              "Total Cost": 45479.59,
                              "Plan Rows": 18759,
                              "Plan Width": 4,
                              "Actual Startup Time": 0.607,
                              "Actual Total Time": 90.917,
                              "Actual Rows": 45097,
                              "Actual Loops": 4,
                              "Filter": "((kind_id < 7) AND (production_year < 1956))",
                              "Rows Removed by Filter": 586981
                            }
                          ]
                        }
                      ]
                    },
                    {
                      "Node Type": "Index Scan",
                      "Parent Relationship": "Inner",
                      "Parallel Aware": false,
                      "Scan Direction": "Forward",
                      "Index Name": "movie_id_movie_info",
                      "Relation Name": "movie_info",
                      "Alias": "mi",
                      "Startup Cost": 0.43,
                      "Total Cost": 2.3,
                      "Plan Rows": 26,
                      "Plan Width": 4,
                      "Actual Startup Time": 0.006,
                      "Actual Total Time": 0.018,
                      "Actual Rows": 24,
                      "Actual Loops": 55139,
                      "Index Cond": "(movie_id = mc.movie_id)",
                      "Rows Removed by Index Recheck": 0,
                      "Filter": "(info_type_id > 5)",
                      "Rows Removed by Filter": 7
                    }
                  ]
                }
              ]
            }
          ]
        }
      ]
    },
    "Planning Time": 0.456,
    "Triggers": [],
    "Execution Time": 567.874
  }
]