[
  {
    "Plan": {
      "Node Type": "Aggregate",
      "Strategy": "Plain",
      "Partial Mode": "Finalize",
      "Parallel Aware": false,
      "Startup Cost": 98173.61,
      "Total Cost": 98173.62,
      "Plan Rows": 1,
      "Plan Width": 8,
      "Actual Startup Time": 501.021,
      "Actual Total Time": 548.491,
      "Actual Rows": 1,
      "Actual Loops": 1,
      "Plans": [
        {
          "Node Type": "Gather",
          "Parent Relationship": "Outer",
          "Parallel Aware": false,
          "Startup Cost": 98173.29,
          "Total Cost": 98173.6,
          "Plan Rows": 3,
          "Plan Width": 8,
          "Actual Startup Time": 500.111,
          "Actual Total Time": 548.482,
          "Actual Rows": 4,
          "Actual Loops": 1,
          "Workers Planned": 3,
          "Workers Launched": 3,
          "Single Copy": false,
          "Plans": [
            {
              "Node Type": "Aggregate",
              "Strategy": "Plain",
              "Partial Mode": "Partial",
              "Parent Relationship": "Outer",
              "Parallel Aware": false,
              "Startup Cost": 97173.29,
              "Total Cost": 97173.3,
              "Plan Rows": 1,
              "Plan Width": 8,
              "Actual Startup Time": 490.943,
              "Actual Total Time": 491.019,
              "Actual Rows": 1,
              "Actual Loops": 4,
              "Plans": [
                {
                  "Node Type": "Nested Loop",
                  "Parent Relationship": "Outer",
                  "Parallel Aware": false,
                  "Join Type": "Inner",
                  "Startup Cost": 45717.11,
                  "Total Cost": 97098.23,
                  "Plan Rows": 30023,
                  "Plan Width": 0,
                  "Actual Startup Time": 110.382,
                  "Actual Total Time": 476.331,
                  "Actual Rows": 332157,
                  "Actual Loops": 4,
                  "Inner Unique": false,
                  "Join Filter": "(t.id = mi.movie_id)",
                  "Rows Removed by Join Filter": 0,
                  "Plans": [
                    {
                      "Node Type": "Hash Join",
                      "Parent Relationship": "Outer",
                      "Parallel Aware": true,
                      "Join Type": "Inner",
                      "Startup Cost": 45716.67,
                      "Total Cost": 75730.15,
                      "Plan Rows": 8050,
                      "Plan Width": 8,
                      "Actual Startup Time": 110.299,
                      "Actual Total Time": 205.872,
                      "Actual Rows": 13785,
                      "Actual Loops": 4,
                      "Inner Unique": true,
                      "Hash Cond": "(mc.movie_id = t.id)",
                      "Plans": [
                        {
                          "Node Type": "Seq Scan",
                          "Parent Relationship": "Outer",
                          "Parallel Aware": true,
                          "Relation Name": "movie_companies",
                          "Alias": "mc",
                          "Startup Cost": 0.0,
                          "Total Cost": 29310.68,
                          "Plan Rows": 267732,
                          "Plan Width": 4,
                          "Actual Startup Time": 0.018,
                          "Actual Total Time": 57.537,
                          "Actual Rows": 205995,
                          "Actual Loops": 4,
                          "Filter": "(company_id < 2017)",
                          "Rows Removed by Filter": 446287
                        },
                        {
                          "Node Type": "Hash",
                          "Parent Relationship": "Inner",
                          "Parallel Aware": true,
                          "Startup Cost": 45479.1,
                          "Total Cost": 45479.1,
                          "Plan Rows": 19006,
                          "Plan Width": 4,
                          "Actual Startup Time": 108.281,
                          "Actual Total Time": 108.282,
                          "Actual Rows": 45097,
                          "Actual Loops": 4,
                          "Hash Buckets": 262144,
                          "Original Hash Buckets": 131072,
                          "Hash Batches": 1,
                          "Original Hash Batches": 1,
                          "Peak Memory Usage": 10176,
                          "Plans": [
                            {
                              "Node Type": "Seq Scan",
                              "Parent Relationship": "Outer",
                              "Parallel Aware": true,
                              "Relation Name": "title",
                              "Alias": "t",
                              "Startup Cost": 0.0,
                              "Total Cost": 45479.1,
                              "Plan Rows": 19006,
                              "Plan Width": 4,
                              "Actual Startup Time": 0.251,
                              "Actual Total Time": 92.271,
                              "Actual Rows": 45097,
                              "Actual Loops": 4,
                              "Filter": "((kind_id < 7) AND (production_year < 1956))",
                              "Rows Removed by Filter": 586981
                            }
                          ]
                        }
                      ]
                    },
                    {
                      "Node Type": "Index Scan",
                      "Parent Relationship": "Inner",
                      "Parallel Aware": false,
                      "Scan Direction": "Forward",
                      "Index Name": "movie_id_movie_info",
                      "Relation Name": "movie_info",
                      "Alias": "mi",
                      "Startup Cost": 0.43,
                      "Total Cost": 2.32,
                      "Plan Rows": 27,
                      "Plan Width": 4,
                      "Actual Startup Time": 0.006,
                      "Actual Total Time": 0.017,
                      "Actual Rows": 24,
                      "Actual Loops": 55139,
                      "Index Cond": "(movie_id = mc.movie_id)",
                      "Rows Removed by Index Recheck": 0,
                      "Filter": "(info_type_id > 5)",
                      "Rows Removed by Filter": 7
                    }
                  ]
                }
              ]
            }
          ]
        }
      ]
    },
    "Planning Time": 1.541,
    "Triggers": [],
    "Execution Time": 548.595
  }
]