[
  {
    "Bao": {
      "Bao prediction": 274.544,
      "Bao recommended hint": "SET enable_nestloop TO off; SET enable_hashjoin TO off; "
    }
  },
  {
    "Plan": {
      "Node Type": "Aggregate",
      "Strategy": "Plain",
      "Partial Mode": "Finalize",
      "Parallel Aware": false,
      "Startup Cost": 443251.35,
      "Total Cost": 443251.36,
      "Plan Rows": 1,
      "Plan Width": 32,
      "Actual Startup Time": 2861.72,
      "Actual Total Time": 2918.245,
      "Actual Rows": 1,
      "Actual Loops": 1,
      "Plans": [
        {
          "Node Type": "Gather",
          "Parent Relationship": "Outer",
          "Parallel Aware": false,
          "Startup Cost": 443250.83,
          "Total Cost": 443251.34,
          "Plan Rows": 5,
          "Plan Width": 32,
          "Actual Startup Time": 2857.17,
          "Actual Total Time": 2918.233,
          "Actual Rows": 6,
          "Actual Loops": 1,
          "Workers Planned": 5,
          "Workers Launched": 5,
          "Single Copy": false,
          "Plans": [
            {
              "Node Type": "Aggregate",
              "Strategy": "Plain",
              "Partial Mode": "Partial",
              "Parent Relationship": "Outer",
              "Parallel Aware": false,
              "Startup Cost": 442250.83,
              "Total Cost": 442250.84,
              "Plan Rows": 1,
              "Plan Width": 32,
              "Actual Startup Time": 2845.463,
              "Actual Total Time": 2845.468,
              "Actual Rows": 1,
              "Actual Loops": 6,
              "Plans": [
                {
                  "Node Type": "Merge Join",
                  "Parent Relationship": "Outer",
                  "Parallel Aware": false,
                  "Join Type": "Inner",
                  "Startup Cost": 442099.23,
                  "Total Cost": 442229.25,
                  "Plan Rows": 8631,
                  "Plan Width": 17,
                  "Actual Startup Time": 2845.432,
                  "Actual Total Time": 2845.453,
                  "Actual Rows": 112,
                  "Actual Loops": 6,
                  "Inner Unique": true,
                  "Merge Cond": "(mi.info_type_id = it.id)",
                  "Plans": [
                    {
                      "Node Type": "Sort",
                      "Parent Relationship": "Outer",
                      "Parallel Aware": false,
                      "Startup Cost": 442093.24,
                      "Total Cost": 442114.82,
                      "Plan Rows": 8631,
                      "Plan Width": 21,
                      "Actual Startup Time": 2845.386,
                      "Actual Total Time": 2845.394,
                      "Actual Rows": 112,
                      "Actual Loops": 6,
                      "Sort Key": [
                        "mi.info_type_id"
                      ],
                      "Sort Method": "quicksort",
                      "Sort Space Used": 33,
                      "Sort Space Type": "Memory",
                      "Workers": [
                        {
                          "Worker Number": 0,
                          "Sort Method": "quicksort",
                          "Sort Space Used": 33,
                          "Sort Space Type": "Memory"
                        },
                        {
                          "Worker Number": 1,
                          "Sort Method": "quicksort",
                          "Sort Space Used": 30,
                          "Sort Space Type": "Memory"
                        },
                        {
                          "Worker Number": 2,
                          "Sort Method": "quicksort",
                          "Sort Space Used": 33,
                          "Sort Space Type": "Memory"
                        },
                        {
                          "Worker Number": 3,
                          "Sort Method": "quicksort",
                          "Sort Space Used": 33,
                          "Sort Space Type": "Memory"
                        },
                        {
                          "Worker Number": 4,
                          "Sort Method": "quicksort",
                          "Sort Space Used": 32,
                          "Sort Space Type": "Memory"
                        }
                      ],
                      "Plans": [
                        {
                          "Node Type": "Merge Join",
                          "Parent Relationship": "Outer",
                          "Parallel Aware": false,
                          "Join Type": "Inner",
                          "Startup Cost": 441270.04,
                          "Total Cost": 441528.98,
                          "Plan Rows": 8631,
                          "Plan Width": 21,
                          "Actual Startup Time": 2845.237,
                          "Actual Total Time": 2845.266,
                          "Actual Rows": 112,
                          "Actual Loops": 6,
                          "Inner Unique": true,
                          "Merge Cond": "(mc.company_type_id = ct.id)",
                          "Plans": [
                            {
                              "Node Type": "Sort",
                              "Parent Relationship": "Outer",
                              "Parallel Aware": false,
                              "Startup Cost": 441268.98,
                              "Total Cost": 441355.29,
                              "Plan Rows": 34524,
                              "Plan Width": 25,
                              "Actual Startup Time": 2843.77,
                              "Actual Total Time": 2844.409,
                              "Actual Rows": 16561,
                              "Actual Loops": 6,
                              "Sort Key": [
                                "mc.company_type_id"
                              ],
                              "Sort Method": "quicksort",
                              "Sort Space Used": 2179,
                              "Sort Space Type": "Memory",
                              "Workers": [
                                {
                                  "Worker Number": 0,
                                  "Sort Method": "quicksort",
                                  "Sort Space Used": 2258,
                                  "Sort Space Type": "Memory"
                                },
                                {
                                  "Worker Number": 1,
                                  "Sort Method": "quicksort",
                                  "Sort Space Used": 1217,
                                  "Sort Space Type": "Memory"
                                },
                                {
                                  "Worker Number": 2,
                                  "Sort Method": "quicksort",
                                  "Sort Space Used": 2119,
                                  "Sort Space Type": "Memory"
                                },
                                {
                                  "Worker Number": 3,
                                  "Sort Method": "quicksort",
                                  "Sort Space Used": 2164,
                                  "Sort Space Type": "Memory"
                                },
                                {
                                  "Worker Number": 4,
                                  "Sort Method": "quicksort",
                                  "Sort Space Used": 2148,
                                  "Sort Space Type": "Memory"
                                }
                              ],
                              "Plans": [
                                {
                                  "Node Type": "Merge Join",
                                  "Parent Relationship": "Outer",
                                  "Parallel Aware": false,
                                  "Join Type": "Inner",
                                  "Startup Cost": 315116.67,
                                  "Total Cost": 438666.68,
                                  "Plan Rows": 34524,
                                  "Plan Width": 25,
                                  "Actual Startup Time": 1112.214,
                                  "Actual Total Time": 2838.953,
                                  "Actual Rows": 16561,
                                  "Actual Loops": 6,
                                  "Inner Unique": true,
                                  "Merge Cond": "(mi.movie_id = t.id)",
                                  "Plans": [
                                    {
                                      "Node Type": "Merge Join",
                                      "Parent Relationship": "Outer",
                                      "Parallel Aware": false,
                                      "Join Type": "Inner",
                                      "Startup Cost": 315113.0,
                                      "Total Cost": 317240.57,
                                      "Plan Rows": 49634,
                                      "Plan Width": 16,
                                      "Actual Startup Time": 1108.302,
                                      "Actual Total Time": 1157.191,
                                      "Actual Rows": 49154,
                                      "Actual Loops": 6,
                                      "Inner Unique": false,
                                      "Merge Cond": "(mi.movie_id = mc.movie_id)",
                                      "Plans": [
                                        {
                                          "Node Type": "Sort",
                                          "Parent Relationship": "Outer",
                                          "Parallel Aware": false,
                                          "Startup Cost": 240511.64,
                                          "Total Cost": 240852.02,
                                          "Plan Rows": 136153,
                                          "Plan Width": 8,
                                          "Actual Startup Time": 663.961,
                                          "Actual Total Time": 671.149,
                                          "Actual Rows": 117771,
                                          "Actual Loops": 6,
                                          "Sort Key": [
                                            "mi.movie_id"
                                          ],
                                          "Sort Method": "quicksort",
                                          "Sort Space Used": 9210,
                                          "Sort Space Type": "Memory",
                                          "Workers": [
                                            {
                                              "Worker Number": 0,
                                              "Sort Method": "quicksort",
                                              "Sort Space Used": 8952,
                                              "Sort Space Type": "Memory"
                                            },
                                            {
                                              "Worker Number": 1,
                                              "Sort Method": "quicksort",
                                              "Sort Space Used": 6753,
                                              "Sort Space Type": "Memory"
                                            },
                                            {
                                              "Worker Number": 2,
                                              "Sort Method": "quicksort",
                                              "Sort Space Used": 8728,
                                              "Sort Space Type": "Memory"
                                            },
                                            {
                                              "Worker Number": 3,
                                              "Sort Method": "quicksort",
                                              "Sort Space Used": 8945,
                                              "Sort Space Type": "Memory"
                                            },
                                            {
                                              "Worker Number": 4,
                                              "Sort Method": "quicksort",
                                              "Sort Space Used": 8973,
                                              "Sort Space Type": "Memory"
                                            }
                                          ],
                                          "Plans": [
                                            {
                                              "Node Type": "Seq Scan",
                                              "Parent Relationship": "Outer",
                                              "Parallel Aware": true,
                                              "Relation Name": "movie_info",
                                              "Alias": "mi",
                                              "Startup Cost": 0.0,
                                              "Total Cost": 228901.28,
                                              "Plan Rows": 136153,
                                              "Plan Width": 8,
                                              "Actual Startup Time": 0.463,
                                              "Actual Total Time": 635.444,
                                              "Actual Rows": 117779,
                                              "Actual Loops": 6,
                                              "Filter": "(info = ANY ('{Sweden,Norway,Germany,Denmark,Swedish,Denish,Norwegian,German,USA,American}'::text[]))",
                                              "Rows Removed by Filter": 2354841
                                            }
                                          ]
                                        },
                                        {
                                          "Node Type": "Sort",
                                          "Parent Relationship": "Inner",
                                          "Parallel Aware": false,
                                          "Startup Cost": 74601.36,
                                          "Total Cost": 75076.77,
                                          "Plan Rows": 190164,
                                          "Plan Width": 8,
                                          "Actual Startup Time": 444.321,
                                          "Actual Total Time": 457.443,
                                          "Actual Rows": 302611,
                                          "Actual Loops": 6,
                                          "Sort Key": [
                                            "mc.movie_id"
                                          ],
                                          "Sort Method": "quicksort",
                                          "Sort Space Used": 26146,
                                          "Sort Space Type": "Memory",
                                          "Workers": [
                                            {
                                              "Worker Number": 0,
                                              "Sort Method": "quicksort",
                                              "Sort Space Used": 26146,
                                              "Sort Space Type": "Memory"
                                            },
                                            {
                                              "Worker Number": 1,
                                              "Sort Method": "quicksort",
                                              "Sort Space Used": 26146,
                                              "Sort Space Type": "Memory"
                                            },
                                            {
                                              "Worker Number": 2,
                                              "Sort Method": "quicksort",
                                              "Sort Space Used": 26146,
                                              "Sort Space Type": "Memory"
                                            },
                                            {
                                              "Worker Number": 3,
                                              "Sort Method": "quicksort",
                                              "Sort Space Used": 26146,
                                              "Sort Space Type": "Memory"
                                            },
                                            {
                                              "Worker Number": 4,
                                              "Sort Method": "quicksort",
                                              "Sort Space Used": 26146,
                                              "Sort Space Type": "Memory"
                                            }
                                          ],
                                          "Plans": [
                                            {
                                              "Node Type": "Seq Scan",
                                              "Parent Relationship": "Outer",
                                              "Parallel Aware": false,
                                              "Relation Name": "movie_companies",
                                              "Alias": "mc",
                                              "Startup Cost": 0.0,
                                              "Total Cost": 57926.93,
                                              "Plan Rows": 190164,
                                              "Plan Width": 8,
                                              "Actual Startup Time": 0.041,
                                              "Actual Total Time": 371.949,
                                              "Actual Rows": 295628,
                                              "Actual Loops": 6,
                                              "Filter": "((note !~~ '%(TV)%'::text) AND (note ~~ '%(USA)%'::text))",
                                              "Rows Removed by Filter": 2313501
                                            }
                                          ]
                                        }
                                      ]
                                    },
                                    {
                                      "Node Type": "Index Scan",
                                      "Parent Relationship": "Inner",
                                      "Parallel Aware": false,
                                      "Scan Direction": "Forward",
                                      "Index Name": "title_pkey",
                                      "Relation Name": "title",
                                      "Alias": "t",
                                      "Startup Cost": 0.43,
                                      "Total Cost": 116680.33,
                                      "Plan Rows": 1758722,
                                      "Plan Width": 21,
                                      "Actual Startup Time": 0.053,
                                      "Actual Total Time": 1589.566,
                                      "Actual Rows": 1748270,
                                      "Actual Loops": 6,
                                      "Filter": "(production_year > 1990)",
                                      "Rows Removed by Filter": 777114
                                    }
                                  ]
                                }
                              ]
                            },
                            {
                              "Node Type": "Sort",
                              "Parent Relationship": "Inner",
                              "Parallel Aware": false,
                              "Startup Cost": 1.06,
                              "Total Cost": 1.06,
                              "Plan Rows": 1,
                              "Plan Width": 4,
                              "Actual Startup Time": 0.046,
                              "Actual Total Time": 0.047,
                              "Actual Rows": 1,
                              "Actual Loops": 6,
                              "Sort Key": [
                                "ct.id"
                              ],
                              "Sort Method": "quicksort",
                              "Sort Space Used": 25,
                              "Sort Space Type": "Memory",
                              "Workers": [
                                {
                                  "Worker Number": 0,
                                  "Sort Method": "quicksort",
                                  "Sort Space Used": 25,
                                  "Sort Space Type": "Memory"
                                },
                                {
                                  "Worker Number": 1,
                                  "Sort Method": "quicksort",
                                  "Sort Space Used": 25,
                                  "Sort Space Type": "Memory"
                                },
                                {
                                  "Worker Number": 2,
                                  "Sort Method": "quicksort",
                                  "Sort Space Used": 25,
                                  "Sort Space Type": "Memory"
                                },
                                {
                                  "Worker Number": 3,
                                  "Sort Method": "quicksort",
                                  "Sort Space Used": 25,
                                  "Sort Space Type": "Memory"
                                },
                                {
                                  "Worker Number": 4,
                                  "Sort Method": "quicksort",
                                  "Sort Space Used": 25,
                                  "Sort Space Type": "Memory"
                                }
                              ],
                              "Plans": [
                                {
                                  "Node Type": "Seq Scan",
                                  "Parent Relationship": "Outer",
                                  "Parallel Aware": false,
                                  "Relation Name": "company_type",
                                  "Alias": "ct",
                                  "Startup Cost": 0.0,
                                  "Total Cost": 1.05,
                                  "Plan Rows": 1,
                                  "Plan Width": 4,
                                  "Actual Startup Time": 0.035,
                                  "Actual Total Time": 0.036,
                                  "Actual Rows": 1,
                                  "Actual Loops": 6,
                                  "Filter": "((kind)::text = 'production companies'::text)",
                                  "Rows Removed by Filter": 3
                                }
                              ]
                            }
                          ]
                        }
                      ]
                    },
                    {
                      "Node Type": "Sort",
                      "Parent Relationship": "Inner",
                      "Parallel Aware": false,
                      "Startup Cost": 5.98,
                      "Total Cost": 6.27,
                      "Plan Rows": 113,
                      "Plan Width": 4,
                      "Actual Startup Time": 0.041,
                      "Actual Total Time": 0.042,
                      "Actual Rows": 18,
                      "Actual Loops": 6,
                      "Sort Key": [
                        "it.id"
                      ],
                      "Sort Method": "quicksort",
                      "Sort Space Used": 30,
                      "Sort Space Type": "Memory",
                      "Workers": [
                        {
                          "Worker Number": 0,
                          "Sort Method": "quicksort",
                          "Sort Space Used": 30,
                          "Sort Space Type": "Memory"
                        },
                        {
                          "Worker Number": 1,
                          "Sort Method": "quicksort",
                          "Sort Space Used": 30,
                          "Sort Space Type": "Memory"
                        },
                        {
                          "Worker Number": 2,
                          "Sort Method": "quicksort",
                          "Sort Space Used": 30,
                          "Sort Space Type": "Memory"
                        },
                        {
                          "Worker Number": 3,
                          "Sort Method": "quicksort",
                          "Sort Space Used": 30,
                          "Sort Space Type": "Memory"
                        },
                        {
                          "Worker Number": 4,
                          "Sort Method": "quicksort",
                          "Sort Space Used": 30,
                          "Sort Space Type": "Memory"
                        }
                      ],
                      "Plans": [
                        {
                          "Node Type": "Seq Scan",
                          "Parent Relationship": "Outer",
                          "Parallel Aware": false,
                          "Relation Name": "info_type",
                          "Alias": "it",
                          "Startup Cost": 0.0,
                          "Total Cost": 2.13,
                          "Plan Rows": 113,
                          "Plan Width": 4,
                          "Actual Startup Time": 0.021,
                          "Actual Total Time": 0.029,
                          "Actual Rows": 113,
                          "Actual Loops": 6
                        }
                      ]
                    }
                  ]
                }
              ]
            }
          ]
        }
      ]
    },
    "Planning Time": 290.768,
    "Triggers": [],
    "Execution Time": 2924.587
  }
]