[
  {
    "Plan": {
      "Node Type": "Aggregate",
      "Strategy": "Plain",
      "Partial Mode": "Finalize",
      "Parallel Aware": false,
      "Startup Cost": 111612.17,
      "Total Cost": 111612.18,
      "Plan Rows": 1,
      "Plan Width": 8,
      "Actual Startup Time": 490.655,
      "Actual Total Time": 534.711,
      "Actual Rows": 1,
      "Actual Loops": 1,
      "Plans": [
        {
          "Node Type": "Gather",
          "Parent Relationship": "Outer",
          "Parallel Aware": false,
          "Startup Cost": 111611.85,
          "Total Cost": 111612.16,
          "Plan Rows": 3,
          "Plan Width": 8,
          "Actual Startup Time": 489.11,
          "Actual Total Time": 534.702,
          "Actual Rows": 4,
          "Actual Loops": 1,
          "Workers Planned": 3,
          "Workers Launched": 3,
          "Single Copy": false,
          "Plans": [
            {
              "Node Type": "Aggregate",
              "Strategy": "Plain",
              "Partial Mode": "Partial",
              "Parent Relationship": "Outer",
              "Parallel Aware": false,
              "Startup Cost": 110611.85,
              "Total Cost": 110611.86,
              "Plan Rows": 1,
              "Plan Width": 8,
              "Actual Startup Time": 479.983,
              "Actual Total Time": 479.987,
              "Actual Rows": 1,
              "Actual Loops": 4,
              "Plans": [
                {
                  "Node Type": "Nested Loop",
                  "Parent Relationship": "Outer",
                  "Parallel Aware": false,
                  "Join Type": "Inner",
                  "Startup Cost": 45906.45,
                  "Total Cost": 110572.99,
                  "Plan Rows": 15546,
                  "Plan Width": 0,
                  "Actual Startup Time": 161.214,
                  "Actual Total Time": 477.532,
                  "Actual Rows": 30417,
                  "Actual Loops": 4,
                  "Inner Unique": false,
                  "Join Filter": "(t.id = mi.movie_id)",
                  "Rows Removed by Join Filter": 0,
                  "Plans": [
                    {
                      "Node Type": "Hash Join",
                      "Parent Relationship": "Outer",
                      "Parallel Aware": true,
                      "Join Type": "Inner",
                      "Startup Cost": 45906.01,
                      "Total Cost": 77951.36,
                      "Plan Rows": 12964,
                      "Plan Width": 8,
                      "Actual Startup Time": 161.104,
                      "Actual Total Time": 234.377,
                      "Actual Rows": 19474,
                      "Actual Loops": 4,
                      "Inner Unique": true,
                      "Hash Cond": "(mc.movie_id = t.id)",
                      "Plans": [
                        {
                          "Node Type": "Seq Scan",
                          "Parent Relationship": "Outer",
                          "Parallel Aware": true,
                          "Relation Name": "movie_companies",
                          "Alias": "mc",
                          "Startup Cost": 0.0,
                          "Total Cost": 31414.82,
                          "Plan Rows": 240204,
                          "Plan Width": 4,
                          "Actual Startup Time": 35.036,
                          "Actual Total Time": 72.108,
                          "Actual Rows": 117268,
                          "Actual Loops": 4,
                          "Filter": "((company_id < 13251) AND (company_type_id = 2))",
                          "Rows Removed by Filter": 535015
                        },
                        {
                          "Node Type": "Hash",
                          "Parent Relationship": "Inner",
                          "Parallel Aware": true,
                          "Startup Cost": 45479.59,
                          "Total Cost": 45479.59,
                          "Plan Rows": 34114,
                          "Plan Width": 4,
                          "Actual Startup Time": 123.929,
                          "Actual Total Time": 123.931,
                          "Actual Rows": 61411,
                          "Actual Loops": 4,
                          "Hash Buckets": 262144,
                          "Original Hash Buckets": 262144,
                          "Hash Batches": 1,
                          "Original Hash Batches": 1,
                          "Peak Memory Usage": 11712,
                          "Plans": [
                            {
                              "Node Type": "Seq Scan",
                              "Parent Relationship": "Outer",
                              "Parallel Aware": true,
                              "Relation Name": "title",
                              "Alias": "t",
                              "Startup Cost": 0.0,
                              "Total Cost": 45479.59,
                              "Plan Rows": 34114,
                              "Plan Width": 4,
                              "Actual Startup Time": 0.15,
                              "Actual Total Time": 102.792,
                              "Actual Rows": 61411,
                              "Actual Loops": 4,
                              "Filter": "((kind_id < 7) AND (production_year < 1970))",
                              "Rows Removed by Filter": 570667
                            }
                          ]
                        }
                      ]
                    },
                    {
                      "Node Type": "Index Scan",
                      "Parent Relationship": "Inner",
                      "Parallel Aware": false,
                      "Scan Direction": "Forward",
                      "Index Name": "movie_id_movie_info",
                      "Relation Name": "movie_info",
                      "Alias": "mi",
                      "Startup Cost": 0.43,
                      "Total Cost": 2.42,
                      "Plan Rows": 8,
                      "Plan Width": 4,
                      "Actual Startup Time": 0.008,
                      "Actual Total Time": 0.012,
                      "Actual Rows": 2,
                      "Actual Loops": 77897,
                      "Index Cond": "(movie_id = mc.movie_id)",
                      "Rows Removed by Index Recheck": 0,
                      "Filter": "(info_type_id = 16)",
                      "Rows Removed by Filter": 12
                    }
                  ]
                }
              ]
            }
          ]
        }
      ]
    },
    "Planning Time": 0.887,
    "Triggers": [],
    "Execution Time": 534.788
  }
]