[
  {
    "Plan": {
      "Node Type": "Aggregate",
      "Strategy": "Plain",
      "Partial Mode": "Finalize",
      "Parallel Aware": false,
      "Startup Cost": 15875.52,
      "Total Cost": 15875.53,
      "Plan Rows": 1,
      "Plan Width": 8,
      "Actual Startup Time": 13.232,
      "Actual Total Time": 15.472,
      "Actual Rows": 1,
      "Actual Loops": 1,
      "Plans": [
        {
          "Node Type": "Gather",
          "Parent Relationship": "Outer",
          "Parallel Aware": false,
          "Startup Cost": 15875.31,
          "Total Cost": 15875.52,
          "Plan Rows": 2,
          "Plan Width": 8,
          "Actual Startup Time": 12.966,
          "Actual Total Time": 15.466,
          "Actual Rows": 3,
          "Actual Loops": 1,
          "Workers Planned": 2,
          "Workers Launched": 2,
          "Single Copy": false,
          "Plans": [
            {
              "Node Type": "Aggregate",
              "Strategy": "Plain",
              "Partial Mode": "Partial",
              "Parent Relationship": "Outer",
              "Parallel Aware": false,
              "Startup Cost": 14875.31,
              "Total Cost": 14875.32,
              "Plan Rows": 1,
              "Plan Width": 8,
              "Actual Startup Time": 7.292,
              "Actual Total Time": 7.294,
              "Actual Rows": 1,
              "Actual Loops": 3,
              "Plans": [
                {
                  "Node Type": "Nested Loop",
                  "Parent Relationship": "Outer",
                  "Parallel Aware": false,
                  "Join Type": "Inner",
                  "Startup Cost": 80.04,
                  "Total Cost": 14875.16,
                  "Plan Rows": 60,
                  "Plan Width": 0,
                  "Actual Startup Time": 1.219,
                  "Actual Total Time": 7.285,
                  "Actual Rows": 23,
                  "Actual Loops": 3,
                  "Inner Unique": true,
                  "Plans": [
                    {
                      "Node Type": "Bitmap Heap Scan",
                      "Parent Relationship": "Outer",
                      "Parallel Aware": true,
                      "Relation Name": "movie_companies",
                      "Alias": "mc",
                      "Startup Cost": 79.61,
                      "Total Cost": 9061.86,
                      "Plan Rows": 726,
                      "Plan Width": 4,
                      "Actual Startup Time": 0.389,
                      "Actual Total Time": 1.999,
                      "Actual Rows": 683,
                      "Actual Loops": 3,
                      "Recheck Cond": "(company_id = 115)",
                      "Rows Removed by Index Recheck": 0,
                      "Filter": "(company_type_id = 1)",
                      "Rows Removed by Filter": 157,
                      "Exact Heap Blocks": 827,
                      "Lossy Heap Blocks": 0,
                      "Plans": [
                        {
                          "Node Type": "Bitmap Index Scan",
                          "Parent Relationship": "Outer",
                          "Parallel Aware": false,
                          "Index Name": "company_id_movie_companies",
                          "Startup Cost": 0.0,
                          "Total Cost": 79.18,
                          "Plan Rows": 3566,
                          "Plan Width": 0,
                          "Actual Startup Time": 0.739,
                          "Actual Total Time": 0.74,
                          "Actual Rows": 2519,
                          "Actual Loops": 1,
                          "Index Cond": "(company_id = 115)"
                        }
                      ]
                    },
                    {
                      "Node Type": "Index Scan",
                      "Parent Relationship": "Inner",
                      "Parallel Aware": false,
                      "Scan Direction": "Forward",
                      "Index Name": "title_pkey",
                      "Relation Name": "title",
                      "Alias": "t",
                      "Startup Cost": 0.43,
                      "Total Cost": 8.01,
                      "Plan Rows": 1,
                      "Plan Width": 4,
                      "Actual Startup Time": 0.007,
                      "Actual Total Time": 0.007,
                      "Actual Rows": 0,
                      "Actual Loops": 2049,
                      "Index Cond": "(id = mc.movie_id)",
                      "Rows Removed by Index Recheck": 0,
                      "Filter": "((kind_id < 7) AND (production_year > 2009))",
                      "Rows Removed by Filter": 1
                    }
                  ]
                }
              ]
            }
          ]
        }
      ]
    },
    "Planning Time": 0.282,
    "Triggers": [],
    "Execution Time": 15.51
  }
]