[
    {
        "Bao": {
            "Bao prediction": "NaN",
            "Bao recommended hint": "(no hint)"
        }
    },
    {
        "Plan": {
            "Node Type": "Aggregate",
            "Strategy": "Plain",
            "Partial Mode": "Finalize",
            "Parallel Aware": false,
            "Startup Cost": 42964.78,
            "Total Cost": 42964.79,
            "Plan Rows": 1,
            "Plan Width": 8,
            "Actual Startup Time": 139.013,
            "Actual Total Time": 144.697,
            "Actual Rows": 1,
            "Actual Loops": 1,
            "Output": [
                "count(*)"
            ],
            "Plans": [
                {
                    "Node Type": "Gather",
                    "Parent Relationship": "Outer",
                    "Parallel Aware": false,
                    "Startup Cost": 42964.46,
                    "Total Cost": 42964.77,
                    "Plan Rows": 3,
                    "Plan Width": 8,
                    "Actual Startup Time": 138.754,
                    "Actual Total Time": 144.688,
                    "Actual Rows": 4,
                    "Actual Loops": 1,
                    "Output": [
                        "(PARTIAL count(*))"
                    ],
                    "Workers Planned": 3,
                    "Workers Launched": 3,
                    "Single Copy": false,
                    "Plans": [
                        {
                            "Node Type": "Aggregate",
                            "Strategy": "Plain",
                            "Partial Mode": "Partial",
                            "Parent Relationship": "Outer",
                            "Parallel Aware": false,
                            "Startup Cost": 41964.46,
                            "Total Cost": 41964.47,
                            "Plan Rows": 1,
                            "Plan Width": 8,
                            "Actual Startup Time": 130.173,
                            "Actual Total Time": 130.174,
                            "Actual Rows": 1,
                            "Actual Loops": 4,
                            "Output": [
                                "PARTIAL count(*)"
                            ],
                            "Workers": [
                                {
                                    "Worker Number": 0,
                                    "Actual Startup Time": 127.267,
                                    "Actual Total Time": 127.269,
                                    "Actual Rows": 1,
                                    "Actual Loops": 1
                                },
                                {
                                    "Worker Number": 1,
                                    "Actual Startup Time": 127.207,
                                    "Actual Total Time": 127.208,
                                    "Actual Rows": 1,
                                    "Actual Loops": 1
                                },
                                {
                                    "Worker Number": 2,
                                    "Actual Startup Time": 127.743,
                                    "Actual Total Time": 127.745,
                                    "Actual Rows": 1,
                                    "Actual Loops": 1
                                }
                            ],
                            "Plans": [
                                {
                                    "Node Type": "Bitmap Heap Scan",
                                    "Parent Relationship": "Outer",
                                    "Parallel Aware": true,
                                    "Relation Name": "movie_keyword",
                                    "Schema": "public",
                                    "Alias": "mk",
                                    "Startup Cost": 14257.92,
                                    "Total Cost": 41422.37,
                                    "Plan Rows": 216836,
                                    "Plan Width": 0,
                                    "Actual Startup Time": 42.386,
                                    "Actual Total Time": 120.728,
                                    "Actual Rows": 168730,
                                    "Actual Loops": 4,
                                    "Recheck Cond": "(mk.keyword_id < 545)",
                                    "Rows Removed by Index Recheck": 0,
                                    "Exact Heap Blocks": 10691,
                                    "Lossy Heap Blocks": 0,
                                    "Workers": [
                                        {
                                            "Worker Number": 0,
                                            "Actual Startup Time": 39.636,
                                            "Actual Total Time": 118.476,
                                            "Actual Rows": 141665,
                                            "Actual Loops": 1
                                        },
                                        {
                                            "Worker Number": 1,
                                            "Actual Startup Time": 39.589,
                                            "Actual Total Time": 119.095,
                                            "Actual Rows": 134554,
                                            "Actual Loops": 1
                                        },
                                        {
                                            "Worker Number": 2,
                                            "Actual Startup Time": 39.993,
                                            "Actual Total Time": 118.861,
                                            "Actual Rows": 103304,
                                            "Actual Loops": 1
                                        }
                                    ],
                                    "Plans": [
                                        {
                                            "Node Type": "Bitmap Index Scan",
                                            "Parent Relationship": "Outer",
                                            "Parallel Aware": false,
                                            "Index Name": "keyword_id_movie_keyword",
                                            "Startup Cost": 0.0,
                                            "Total Cost": 14089.87,
                                            "Plan Rows": 672192,
                                            "Plan Width": 0,
                                            "Actual Startup Time": 46.84,
                                            "Actual Total Time": 46.841,
                                            "Actual Rows": 674918,
                                            "Actual Loops": 1,
                                            "Index Cond": "(mk.keyword_id < 545)"
                                        }
                                    ]
                                }
                            ]
                        }
                    ]
                }
            ]
        },
        "Planning Time": 201.236,
        "Triggers": [],
        "Execution Time": 144.749
    }
]