{
  "Plan": {
    "Node Type": "Aggregate",
    "Strategy": "Plain",
    "Partial Mode": "Finalize",
    "Parallel Aware": false,
    "Startup Cost": 733619.34,
    "Total Cost": 733619.35,
    "Plan Rows": 1,
    "Plan Width": 8,
    "Actual Startup Time": 4182.586,
    "Actual Total Time": 4240.851,
    "Actual Rows": 1,
    "Actual Loops": 1,
    "Plans": [
      {
        "Node Type": "Gather",
        "Parent Relationship": "Outer",
        "Parallel Aware": false,
        "Startup Cost": 733619.23,
        "Total Cost": 733619.34,
        "Plan Rows": 1,
        "Plan Width": 8,
        "Actual Startup Time": 4171.337,
        "Actual Total Time": 4240.841,
        "Actual Rows": 2,
        "Actual Loops": 1,
        "Workers Planned": 1,
        "Workers Launched": 1,
        "Single Copy": false,
        "Plans": [
          {
            "Node Type": "Aggregate",
            "Strategy": "Plain",
            "Partial Mode": "Partial",
            "Parent Relationship": "Outer",
            "Parallel Aware": false,
            "Startup Cost": 732619.23,
            "Total Cost": 732619.24,
            "Plan Rows": 1,
            "Plan Width": 8,
            "Actual Startup Time": 4163.669,
            "Actual Total Time": 4164.12,
            "Actual Rows": 1,
            "Actual Loops": 2,
            "Plans": [
              {
                "Node Type": "Hash Join",
                "Parent Relationship": "Outer",
                "Parallel Aware": true,
                "Join Type": "Inner",
                "Startup Cost": 432442.87,
                "Total Cost": 727031.06,
                "Plan Rows": 2235266,
                "Plan Width": 0,
                "Actual Startup Time": 2195.079,
                "Actual Total Time": 4007.228,
                "Actual Rows": 3635820,
                "Actual Loops": 2,
                "Inner Unique": false,
                "Hash Cond": "(mi.movie_id = t.id)",
                "Plans": [
                  {
                    "Node Type": "Seq Scan",
                    "Parent Relationship": "Outer",
                    "Parallel Aware": true,
                    "Relation Name": "movie_info",
                    "Alias": "mi",
                    "Startup Cost": 0.0,
                    "Total Cost": 270696.42,
                    "Plan Rows": 2864842,
                    "Plan Width": 4,
                    "Actual Startup Time": 0.019,
                    "Actual Total Time": 650.421,
                    "Actual Rows": 2461983,
                    "Actual Loops": 2,
                    "Filter": "(info_type_id < 5)",
                    "Rows Removed by Filter": 4955877
                  },
                  {
                    "Node Type": "Hash",
                    "Parent Relationship": "Inner",
                    "Parallel Aware": true,
                    "Startup Cost": 417937.89,
                    "Total Cost": 417937.89,
                    "Plan Rows": 1160398,
                    "Plan Width": 8,
                    "Actual Startup Time": 2180.713,
                    "Actual Total Time": 2181.162,
                    "Actual Rows": 1450245,
                    "Actual Loops": 2,
                    "Hash Buckets": 4194304,
                    "Original Hash Buckets": 2097152,
                    "Hash Batches": 1,
                    "Original Hash Batches": 1,
                    "Peak Memory Usage": 162624,
                    "Plans": [
                      {
                        "Node Type": "Hash Join",
                        "Parent Relationship": "Outer",
                        "Parallel Aware": true,
                        "Join Type": "Inner",
                        "Startup Cost": 135656.52,
                        "Total Cost": 417937.89,
                        "Plan Rows": 1160398,
                        "Plan Width": 8,
                        "Actual Startup Time": 689.062,
                        "Actual Total Time": 1674.714,
                        "Actual Rows": 1450245,
                        "Actual Loops": 2,
                        "Inner Unique": true,
                        "Hash Cond": "(ci.movie_id = t.id)",
                        "Plans": [
                          {
                            "Node Type": "Bitmap Heap Scan",
                            "Parent Relationship": "Outer",
                            "Parallel Aware": true,
                            "Relation Name": "cast_info",
                            "Alias": "ci",
                            "Startup Cost": 66195.82,
                            "Total Cost": 345431.15,
                            "Plan Rows": 1160398,
                            "Plan Width": 4,
                            "Actual Startup Time": 93.971,
                            "Actual Total Time": 376.987,
                            "Actual Rows": 1450245,
                            "Actual Loops": 2,
                            "Recheck Cond": "(person_id > 3517902)",
                            "Rows Removed by Index Recheck": 0,
                            "Filter": "(role_id > 1)",
                            "Rows Removed by Filter": 0,
                            "Exact Heap Blocks": 24160,
                            "Lossy Heap Blocks": 0,
                            "Plans": [
                              {
                                "Node Type": "Bitmap Index Scan",
                                "Parent Relationship": "Outer",
                                "Parallel Aware": false,
                                "Index Name": "person_id_cast_info",
                                "Startup Cost": 0.0,
                                "Total Cost": 65702.65,
                                "Plan Rows": 3008811,
                                "Plan Width": 0,
                                "Actual Startup Time": 87.242,
                                "Actual Total Time": 87.243,
                                "Actual Rows": 2900490,
                                "Actual Loops": 1,
                                "Index Cond": "(person_id > 3517902)"
                              }
                            ]
                          },
                          {
                            "Node Type": "Hash",
                            "Parent Relationship": "Inner",
                            "Parallel Aware": true,
                            "Startup Cost": 50870.31,
                            "Total Cost": 50870.31,
                            "Plan Rows": 1487231,
                            "Plan Width": 4,
                            "Actual Startup Time": 581.723,
                            "Actual Total Time": 581.724,
                            "Actual Rows": 1264156,
                            "Actual Loops": 2,
                            "Hash Buckets": 4194304,
                            "Original Hash Buckets": 4194304,
                            "Hash Batches": 1,
                            "Original Hash Batches": 1,
                            "Peak Memory Usage": 131712,
                            "Plans": [
                              {
                                "Node Type": "Seq Scan",
                                "Parent Relationship": "Outer",
                                "Parallel Aware": true,
                                "Relation Name": "title",
                                "Alias": "t",
                                "Startup Cost": 0.0,
                                "Total Cost": 50870.31,
                                "Plan Rows": 1487231,
                                "Plan Width": 4,
                                "Actual Startup Time": 0.027,
                                "Actual Total Time": 179.672,
                                "Actual Rows": 1264156,
                                "Actual Loops": 2
                              }
                            ]
                          }
                        ]
                      }
                    ]
                  }
                ]
              }
            ]
          }
        ]
      }
    ]
  },
  "Planning Time": 1.037,
  "Triggers": [],
  "Execution Time": 4240.985
}