[
  {
    "Plan": {
      "Node Type": "Aggregate",
      "Strategy": "Plain",
      "Partial Mode": "Finalize",
      "Parallel Aware": false,
      "Startup Cost": 379746.43,
      "Total Cost": 379746.44,
      "Plan Rows": 1,
      "Plan Width": 8,
      "Actual Startup Time": 1991.122,
      "Actual Total Time": 2065.617,
      "Actual Rows": 1,
      "Actual Loops": 1,
      "Plans": [
        {
          "Node Type": "Gather",
          "Parent Relationship": "Outer",
          "Parallel Aware": false,
          "Startup Cost": 379745.81,
          "Total Cost": 379746.42,
          "Plan Rows": 6,
          "Plan Width": 8,
          "Actual Startup Time": 1986.52,
          "Actual Total Time": 2065.607,
          "Actual Rows": 7,
          "Actual Loops": 1,
          "Workers Planned": 6,
          "Workers Launched": 6,
          "Single Copy": false,
          "Plans": [
            {
              "Node Type": "Aggregate",
              "Strategy": "Plain",
              "Partial Mode": "Partial",
              "Parent Relationship": "Outer",
              "Parallel Aware": false,
              "Startup Cost": 378745.81,
              "Total Cost": 378745.82,
              "Plan Rows": 1,
              "Plan Width": 8,
              "Actual Startup Time": 1975.722,
              "Actual Total Time": 1975.725,
              "Actual Rows": 1,
              "Actual Loops": 7,
              "Plans": [
                {
                  "Node Type": "Hash Join",
                  "Parent Relationship": "Outer",
                  "Parallel Aware": true,
                  "Join Type": "Inner",
                  "Startup Cost": 46973.64,
                  "Total Cost": 375890.43,
                  "Plan Rows": 1142149,
                  "Plan Width": 0,
                  "Actual Startup Time": 119.481,
                  "Actual Total Time": 1914.754,
                  "Actual Rows": 1177854,
                  "Actual Loops": 7,
                  "Inner Unique": true,
                  "Hash Cond": "(ci.movie_id = t.id)",
                  "Plans": [
                    {
                      "Node Type": "Seq Scan",
                      "Parent Relationship": "Outer",
                      "Parallel Aware": true,
                      "Relation Name": "cast_info",
                      "Alias": "ci",
                      "Startup Cost": 0.0,
                      "Total Cost": 313067.02,
                      "Plan Rows": 6038002,
                      "Plan Width": 4,
                      "Actual Startup Time": 0.024,
                      "Actual Total Time": 612.239,
                      "Actual Rows": 5177763,
                      "Actual Loops": 7
                    },
                    {
                      "Node Type": "Hash",
                      "Parent Relationship": "Inner",
                      "Parallel Aware": true,
                      "Startup Cost": 45479.1,
                      "Total Cost": 45479.1,
                      "Plan Rows": 119563,
                      "Plan Width": 4,
                      "Actual Startup Time": 116.873,
                      "Actual Total Time": 116.874,
                      "Actual Rows": 74047,
                      "Actual Loops": 7,
                      "Hash Buckets": 524288,
                      "Original Hash Buckets": 524288,
                      "Hash Batches": 1,
                      "Original Hash Batches": 1,
                      "Peak Memory Usage": 24480,
                      "Plans": [
                        {
                          "Node Type": "Seq Scan",
                          "Parent Relationship": "Outer",
                          "Parallel Aware": true,
                          "Relation Name": "title",
                          "Alias": "t",
                          "Startup Cost": 0.0,
                          "Total Cost": 45479.1,
                          "Plan Rows": 119563,
                          "Plan Width": 4,
                          "Actual Startup Time": 0.046,
                          "Actual Total Time": 78.29,
                          "Actual Rows": 74047,
                          "Actual Loops": 7,
                          "Filter": "((production_year > 2007) AND (kind_id = 7))",
                          "Rows Removed by Filter": 287141
                        }
                      ]
                    }
                  ]
                }
              ]
            }
          ]
        }
      ]
    },
    "Planning Time": 0.665,
    "Triggers": [],
    "Execution Time": 2065.704
  }
]