[
  {
    "Plan": {
      "Node Type": "Aggregate",
      "Strategy": "Plain",
      "Partial Mode": "Finalize",
      "Parallel Aware": false,
      "Startup Cost": 31312.62,
      "Total Cost": 31312.63,
      "Plan Rows": 1,
      "Plan Width": 8,
      "Actual Startup Time": 102.738,
      "Actual Total Time": 110.874,
      "Actual Rows": 1,
      "Actual Loops": 1,
      "Plans": [
        {
          "Node Type": "Gather",
          "Parent Relationship": "Outer",
          "Parallel Aware": false,
          "Startup Cost": 31312.3,
          "Total Cost": 31312.61,
          "Plan Rows": 3,
          "Plan Width": 8,
          "Actual Startup Time": 102.578,
          "Actual Total Time": 110.863,
          "Actual Rows": 4,
          "Actual Loops": 1,
          "Workers Planned": 3,
          "Workers Launched": 3,
          "Single Copy": false,
          "Plans": [
            {
              "Node Type": "Aggregate",
              "Strategy": "Plain",
              "Partial Mode": "Partial",
              "Parent Relationship": "Outer",
              "Parallel Aware": false,
              "Startup Cost": 30312.3,
              "Total Cost": 30312.31,
              "Plan Rows": 1,
              "Plan Width": 8,
              "Actual Startup Time": 96.105,
              "Actual Total Time": 96.106,
              "Actual Rows": 1,
              "Actual Loops": 4,
              "Plans": [
                {
                  "Node Type": "Seq Scan",
                  "Parent Relationship": "Outer",
                  "Parallel Aware": true,
                  "Relation Name": "movie_companies",
                  "Alias": "mc",
                  "Startup Cost": 0.0,
                  "Total Cost": 29310.68,
                  "Plan Rows": 400647,
                  "Plan Width": 0,
                  "Actual Startup Time": 20.338,
                  "Actual Total Time": 81.634,
                  "Actual Rows": 307904,
                  "Actual Loops": 4,
                  "Filter": "(company_id > 11872)",
                  "Rows Removed by Filter": 344378
                }
              ]
            }
          ]
        }
      ]
    },
    "Planning Time": 0.127,
    "Triggers": [],
    "Execution Time": 110.915
  }
]