[
  {
    "Plan": {
      "Node Type": "Aggregate",
      "Strategy": "Plain",
      "Partial Mode": "Finalize",
      "Parallel Aware": false,
      "Startup Cost": 449811.8,
      "Total Cost": 449811.81,
      "Plan Rows": 1,
      "Plan Width": 8,
      "Actual Startup Time": 2182.975,
      "Actual Total Time": 2247.687,
      "Actual Rows": 1,
      "Actual Loops": 1,
      "Plans": [
        {
          "Node Type": "Gather",
          "Parent Relationship": "Outer",
          "Parallel Aware": false,
          "Startup Cost": 449811.49,
          "Total Cost": 449811.8,
          "Plan Rows": 3,
          "Plan Width": 8,
          "Actual Startup Time": 2161.502,
          "Actual Total Time": 2247.675,
          "Actual Rows": 4,
          "Actual Loops": 1,
          "Workers Planned": 3,
          "Workers Launched": 3,
          "Single Copy": false,
          "Plans": [
            {
              "Node Type": "Aggregate",
              "Strategy": "Plain",
              "Partial Mode": "Partial",
              "Parent Relationship": "Outer",
              "Parallel Aware": false,
              "Startup Cost": 448811.49,
              "Total Cost": 448811.5,
              "Plan Rows": 1,
              "Plan Width": 8,
              "Actual Startup Time": 2149.451,
              "Actual Total Time": 2150.342,
              "Actual Rows": 1,
              "Actual Loops": 4,
              "Plans": [
                {
                  "Node Type": "Hash Join",
                  "Parent Relationship": "Outer",
                  "Parallel Aware": true,
                  "Join Type": "Inner",
                  "Startup Cost": 399328.81,
                  "Total Cost": 445833.77,
                  "Plan Rows": 1191086,
                  "Plan Width": 0,
                  "Actual Startup Time": 1799.845,
                  "Actual Total Time": 2102.62,
                  "Actual Rows": 1194650,
                  "Actual Loops": 4,
                  "Inner Unique": false,
                  "Hash Cond": "(mk.movie_id = t.id)",
                  "Plans": [
                    {
                      "Node Type": "Seq Scan",
                      "Parent Relationship": "Outer",
                      "Parallel Aware": true,
                      "Relation Name": "movie_keyword",
                      "Alias": "mk",
                      "Startup Cost": 0.0,
                      "Total Cost": 39047.32,
                      "Plan Rows": 1459332,
                      "Plan Width": 4,
                      "Actual Startup Time": 0.027,
                      "Actual Total Time": 88.62,
                      "Actual Rows": 1130982,
                      "Actual Loops": 4
                    },
                    {
                      "Node Type": "Hash",
                      "Parent Relationship": "Inner",
                      "Parallel Aware": true,
                      "Startup Cost": 395029.74,
                      "Total Cost": 395029.74,
                      "Plan Rows": 343926,
                      "Plan Width": 8,
                      "Actual Startup Time": 1792.041,
                      "Actual Total Time": 1792.931,
                      "Actual Rows": 653561,
                      "Actual Loops": 4,
                      "Hash Buckets": 4194304,
                      "Original Hash Buckets": 2097152,
                      "Hash Batches": 1,
                      "Original Hash Batches": 1,
                      "Peak Memory Usage": 151488,
                      "Plans": [
                        {
                          "Node Type": "Hash Join",
                          "Parent Relationship": "Outer",
                          "Parallel Aware": true,
                          "Join Type": "Inner",
                          "Startup Cost": 50290.05,
                          "Total Cost": 395029.74,
                          "Plan Rows": 343926,
                          "Plan Width": 8,
                          "Actual Startup Time": 257.407,
                          "Actual Total Time": 1513.473,
                          "Actual Rows": 653561,
                          "Actual Loops": 4,
                          "Inner Unique": true,
                          "Hash Cond": "(ci.movie_id = t.id)",
                          "Plans": [
                            {
                              "Node Type": "Seq Scan",
                              "Parent Relationship": "Outer",
                              "Parallel Aware": true,
                              "Relation Name": "cast_info",
                              "Alias": "ci",
                              "Startup Cost": 0.0,
                              "Total Cost": 343257.03,
                              "Plan Rows": 564823,
                              "Plan Width": 4,
                              "Actual Startup Time": 0.021,
                              "Actual Total Time": 847.101,
                              "Actual Rows": 1022019,
                              "Actual Loops": 4,
                              "Filter": "((person_id < 457208) AND (role_id < 5))",
                              "Rows Removed by Filter": 8039067
                            },
                            {
                              "Node Type": "Hash",
                              "Parent Relationship": "Inner",
                              "Parallel Aware": true,
                              "Startup Cost": 45479.1,
                              "Total Cost": 45479.1,
                              "Plan Rows": 384876,
                              "Plan Width": 4,
                              "Actual Startup Time": 253.641,
                              "Actual Total Time": 253.642,
                              "Actual Rows": 412385,
                              "Actual Loops": 4,
                              "Hash Buckets": 2097152,
                              "Original Hash Buckets": 2097152,
                              "Hash Batches": 1,
                              "Original Hash Batches": 1,
                              "Peak Memory Usage": 80960,
                              "Plans": [
                                {
                                  "Node Type": "Seq Scan",
                                  "Parent Relationship": "Outer",
                                  "Parallel Aware": true,
                                  "Relation Name": "title",
                                  "Alias": "t",
                                  "Startup Cost": 0.0,
                                  "Total Cost": 45479.1,
                                  "Plan Rows": 384876,
                                  "Plan Width": 4,
                                  "Actual Startup Time": 0.039,
                                  "Actual Total Time": 109.071,
                                  "Actual Rows": 412385,
                                  "Actual Loops": 4,
                                  "Filter": "((kind_id > 1) AND (production_year > 1970))",
                                  "Rows Removed by Filter": 219693
                                }
                              ]
                            }
                          ]
                        }
                      ]
                    }
                  ]
                }
              ]
            }
          ]
        }
      ]
    },
    "Planning Time": 1.428,
    "Triggers": [],
    "Execution Time": 2247.783
  }
]