{
  "Plan": {
    "Node Type": "Aggregate",
    "Strategy": "Plain",
    "Partial Mode": "Finalize",
    "Parallel Aware": false,
    "Startup Cost": 450321.84,
    "Total Cost": 450321.85,
    "Plan Rows": 1,
    "Plan Width": 8,
    "Actual Startup Time": 2859.891,
    "Actual Total Time": 2915.448,
    "Actual Rows": 1,
    "Actual Loops": 1,
    "Plans": [
      {
        "Node Type": "Gather",
        "Parent Relationship": "Outer",
        "Parallel Aware": false,
        "Startup Cost": 450321.73,
        "Total Cost": 450321.84,
        "Plan Rows": 1,
        "Plan Width": 8,
        "Actual Startup Time": 2854.682,
        "Actual Total Time": 2915.439,
        "Actual Rows": 2,
        "Actual Loops": 1,
        "Workers Planned": 1,
        "Workers Launched": 1,
        "Single Copy": false,
        "Plans": [
          {
            "Node Type": "Aggregate",
            "Strategy": "Plain",
            "Partial Mode": "Partial",
            "Parent Relationship": "Outer",
            "Parallel Aware": false,
            "Startup Cost": 449321.73,
            "Total Cost": 449321.74,
            "Plan Rows": 1,
            "Plan Width": 8,
            "Actual Startup Time": 2846.072,
            "Actual Total Time": 2846.077,
            "Actual Rows": 1,
            "Actual Loops": 2,
            "Plans": [
              {
                "Node Type": "Hash Join",
                "Parent Relationship": "Outer",
                "Parallel Aware": true,
                "Join Type": "Inner",
                "Startup Cost": 139737.75,
                "Total Cost": 441860.84,
                "Plan Rows": 2984356,
                "Plan Width": 0,
                "Actual Startup Time": 1058.185,
                "Actual Total Time": 2620.293,
                "Actual Rows": 5164129,
                "Actual Loops": 2,
                "Inner Unique": false,
                "Hash Cond": "(mi.movie_id = t.id)",
                "Plans": [
                  {
                    "Node Type": "Seq Scan",
                    "Parent Relationship": "Outer",
                    "Parallel Aware": true,
                    "Relation Name": "movie_info",
                    "Alias": "mi",
                    "Startup Cost": 0.0,
                    "Total Cost": 270696.42,
                    "Plan Rows": 3699105,
                    "Plan Width": 4,
                    "Actual Startup Time": 40.131,
                    "Actual Total Time": 747.043,
                    "Actual Rows": 3111747,
                    "Actual Loops": 2,
                    "Filter": "(info_type_id > 8)",
                    "Rows Removed by Filter": 4306113
                  },
                  {
                    "Node Type": "Hash",
                    "Parent Relationship": "Inner",
                    "Parallel Aware": true,
                    "Startup Cost": 124739.44,
                    "Total Cost": 124739.44,
                    "Plan Rows": 1199865,
                    "Plan Width": 8,
                    "Actual Startup Time": 1003.236,
                    "Actual Total Time": 1003.239,
                    "Actual Rows": 571541,
                    "Actual Loops": 2,
                    "Hash Buckets": 2097152,
                    "Original Hash Buckets": 2097152,
                    "Hash Batches": 1,
                    "Original Hash Batches": 1,
                    "Peak Memory Usage": 61120,
                    "Plans": [
                      {
                        "Node Type": "Hash Join",
                        "Parent Relationship": "Outer",
                        "Parallel Aware": true,
                        "Join Type": "Inner",
                        "Startup Cost": 66688.59,
                        "Total Cost": 124739.44,
                        "Plan Rows": 1199865,
                        "Plan Width": 8,
                        "Actual Startup Time": 373.043,
                        "Actual Total Time": 875.488,
                        "Actual Rows": 571541,
                        "Actual Loops": 2,
                        "Inner Unique": true,
                        "Hash Cond": "(mk.movie_id = t.id)",
                        "Plans": [
                          {
                            "Node Type": "Seq Scan",
                            "Parent Relationship": "Outer",
                            "Parallel Aware": true,
                            "Relation Name": "movie_keyword",
                            "Alias": "mk",
                            "Startup Cost": 0.0,
                            "Total Cost": 51065.35,
                            "Plan Rows": 2661135,
                            "Plan Width": 4,
                            "Actual Startup Time": 0.016,
                            "Actual Total Time": 193.37,
                            "Actual Rows": 2261965,
                            "Actual Loops": 2
                          },
                          {
                            "Node Type": "Hash",
                            "Parent Relationship": "Inner",
                            "Parallel Aware": true,
                            "Startup Cost": 58306.47,
                            "Total Cost": 58306.47,
                            "Plan Rows": 670570,
                            "Plan Width": 4,
                            "Actual Startup Time": 365.416,
                            "Actual Total Time": 365.417,
                            "Actual Rows": 547790,
                            "Actual Loops": 2,
                            "Hash Buckets": 2097152,
                            "Original Hash Buckets": 2097152,
                            "Hash Batches": 1,
                            "Original Hash Batches": 1,
                            "Peak Memory Usage": 59264,
                            "Plans": [
                              {
                                "Node Type": "Seq Scan",
                                "Parent Relationship": "Outer",
                                "Parallel Aware": true,
                                "Relation Name": "title",
                                "Alias": "t",
                                "Startup Cost": 0.0,
                                "Total Cost": 58306.47,
                                "Plan Rows": 670570,
                                "Plan Width": 4,
                                "Actual Startup Time": 0.03,
                                "Actual Total Time": 192.056,
                                "Actual Rows": 547790,
                                "Actual Loops": 2,
                                "Filter": "((kind_id > 1) AND (production_year < 2007))",
                                "Rows Removed by Filter": 716366
                              }
                            ]
                          }
                        ]
                      }
                    ]
                  }
                ]
              }
            ]
          }
        ]
      }
    ]
  },
  "Planning Time": 0.929,
  "Triggers": [],
  "Execution Time": 2915.558
}