[
  {
    "Plan": {
      "Node Type": "Aggregate",
      "Strategy": "Plain",
      "Partial Mode": "Finalize",
      "Parallel Aware": false,
      "Startup Cost": 181350.37,
      "Total Cost": 181350.38,
      "Plan Rows": 1,
      "Plan Width": 8,
      "Actual Startup Time": 573.556,
      "Actual Total Time": 630.912,
      "Actual Rows": 1,
      "Actual Loops": 1,
      "Plans": [
        {
          "Node Type": "Gather",
          "Parent Relationship": "Outer",
          "Parallel Aware": false,
          "Startup Cost": 181350.05,
          "Total Cost": 181350.36,
          "Plan Rows": 3,
          "Plan Width": 8,
          "Actual Startup Time": 572.72,
          "Actual Total Time": 630.903,
          "Actual Rows": 4,
          "Actual Loops": 1,
          "Workers Planned": 3,
          "Workers Launched": 3,
          "Single Copy": false,
          "Plans": [
            {
              "Node Type": "Aggregate",
              "Strategy": "Plain",
              "Partial Mode": "Partial",
              "Parent Relationship": "Outer",
              "Parallel Aware": false,
              "Startup Cost": 180350.05,
              "Total Cost": 180350.06,
              "Plan Rows": 1,
              "Plan Width": 8,
              "Actual Startup Time": 567.236,
              "Actual Total Time": 567.24,
              "Actual Rows": 1,
              "Actual Loops": 4,
              "Plans": [
                {
                  "Node Type": "Nested Loop",
                  "Parent Relationship": "Outer",
                  "Parallel Aware": false,
                  "Join Type": "Inner",
                  "Startup Cost": 46481.68,
                  "Total Cost": 179495.56,
                  "Plan Rows": 341796,
                  "Plan Width": 0,
                  "Actual Startup Time": 160.222,
                  "Actual Total Time": 555.004,
                  "Actual Rows": 203969,
                  "Actual Loops": 4,
                  "Inner Unique": false,
                  "Join Filter": "(t.id = ci.movie_id)",
                  "Rows Removed by Join Filter": 0,
                  "Plans": [
                    {
                      "Node Type": "Hash Join",
                      "Parent Relationship": "Outer",
                      "Parallel Aware": true,
                      "Join Type": "Inner",
                      "Startup Cost": 46481.11,
                      "Total Cost": 78389.62,
                      "Plan Rows": 23839,
                      "Plan Width": 8,
                      "Actual Startup Time": 160.116,
                      "Actual Total Time": 245.966,
                      "Actual Rows": 13658,
                      "Actual Loops": 4,
                      "Inner Unique": true,
                      "Hash Cond": "(mc.movie_id = t.id)",
                      "Plans": [
                        {
                          "Node Type": "Seq Scan",
                          "Parent Relationship": "Outer",
                          "Parallel Aware": true,
                          "Relation Name": "movie_companies",
                          "Alias": "mc",
                          "Startup Cost": 0.0,
                          "Total Cost": 31414.82,
                          "Plan Rows": 188071,
                          "Plan Width": 4,
                          "Actual Startup Time": 33.502,
                          "Actual Total Time": 72.843,
                          "Actual Rows": 216049,
                          "Actual Loops": 4,
                          "Filter": "((company_id > 13486) AND (company_type_id > 1))",
                          "Rows Removed by Filter": 436234
                        },
                        {
                          "Node Type": "Hash",
                          "Parent Relationship": "Inner",
                          "Parallel Aware": true,
                          "Startup Cost": 45479.59,
                          "Total Cost": 45479.59,
                          "Plan Rows": 80122,
                          "Plan Width": 4,
                          "Actual Startup Time": 123.526,
                          "Actual Total Time": 123.528,
                          "Actual Rows": 49747,
                          "Actual Loops": 4,
                          "Hash Buckets": 524288,
                          "Original Hash Buckets": 524288,
                          "Hash Batches": 1,
                          "Original Hash Batches": 1,
                          "Peak Memory Usage": 11968,
                          "Plans": [
                            {
                              "Node Type": "Seq Scan",
                              "Parent Relationship": "Outer",
                              "Parallel Aware": true,
                              "Relation Name": "title",
                              "Alias": "t",
                              "Startup Cost": 0.0,
                              "Total Cost": 45479.59,
                              "Plan Rows": 80122,
                              "Plan Width": 4,
                              "Actual Startup Time": 0.032,
                              "Actual Total Time": 101.394,
                              "Actual Rows": 49747,
                              "Actual Loops": 4,
                              "Filter": "((kind_id > 1) AND (production_year < 1976))",
                              "Rows Removed by Filter": 582331
                            }
                          ]
                        }
                      ]
                    },
                    {
                      "Node Type": "Index Only Scan",
                      "Parent Relationship": "Inner",
                      "Parallel Aware": false,
                      "Scan Direction": "Forward",
                      "Index Name": "movie_id_cast_info",
                      "Relation Name": "cast_info",
                      "Alias": "ci",
                      "Startup Cost": 0.56,
                      "Total Cost": 3.8,
                      "Plan Rows": 35,
                      "Plan Width": 4,
                      "Actual Startup Time": 0.005,
                      "Actual Total Time": 0.021,
                      "Actual Rows": 15,
                      "Actual Loops": 54632,
                      "Index Cond": "(movie_id = mc.movie_id)",
                      "Rows Removed by Index Recheck": 0,
                      "Heap Fetches": 815875
                    }
                  ]
                }
              ]
            }
          ]
        }
      ]
    },
    "Planning Time": 0.95,
    "Triggers": [],
    "Execution Time": 631.002
  }
]