[
  {
    "Plan": {
      "Node Type": "Aggregate",
      "Strategy": "Plain",
      "Partial Mode": "Simple",
      "Parallel Aware": false,
      "Startup Cost": 27871.69,
      "Total Cost": 27871.7,
      "Plan Rows": 1,
      "Plan Width": 8,
      "Actual Startup Time": 77.371,
      "Actual Total Time": 77.372,
      "Actual Rows": 1,
      "Actual Loops": 1,
      "Plans": [
        {
          "Node Type": "Bitmap Heap Scan",
          "Parent Relationship": "Outer",
          "Parallel Aware": false,
          "Relation Name": "movie_keyword",
          "Alias": "mk",
          "Startup Cost": 2003.23,
          "Total Cost": 27635.95,
          "Plan Rows": 94297,
          "Plan Width": 0,
          "Actual Startup Time": 28.116,
          "Actual Total Time": 72.263,
          "Actual Rows": 100968,
          "Actual Loops": 1,
          "Recheck Cond": "(keyword_id < 92)",
          "Rows Removed by Index Recheck": 0,
          "Exact Heap Blocks": 21771,
          "Lossy Heap Blocks": 0,
          "Plans": [
            {
              "Node Type": "Bitmap Index Scan",
              "Parent Relationship": "Outer",
              "Parallel Aware": false,
              "Index Name": "keyword_id_movie_keyword",
              "Startup Cost": 0.0,
              "Total Cost": 1979.66,
              "Plan Rows": 94297,
              "Plan Width": 0,
              "Actual Startup Time": 20.779,
              "Actual Total Time": 20.779,
              "Actual Rows": 100968,
              "Actual Loops": 1,
              "Index Cond": "(keyword_id < 92)"
            }
          ]
        }
      ]
    },
    "Planning Time": 0.178,
    "Triggers": [],
    "Execution Time": 77.432
  }
]