{
  "Plan": {
    "Node Type": "Aggregate",
    "Strategy": "Plain",
    "Partial Mode": "Finalize",
    "Parallel Aware": false,
    "Startup Cost": 135335.54,
    "Total Cost": 135335.55,
    "Plan Rows": 1,
    "Plan Width": 8,
    "Actual Startup Time": 1068.359,
    "Actual Total Time": 1086.908,
    "Actual Rows": 1,
    "Actual Loops": 1,
    "Plans": [
      {
        "Node Type": "Gather",
        "Parent Relationship": "Outer",
        "Parallel Aware": false,
        "Startup Cost": 135335.43,
        "Total Cost": 135335.54,
        "Plan Rows": 1,
        "Plan Width": 8,
        "Actual Startup Time": 1064.181,
        "Actual Total Time": 1086.901,
        "Actual Rows": 2,
        "Actual Loops": 1,
        "Workers Planned": 1,
        "Workers Launched": 1,
        "Single Copy": false,
        "Plans": [
          {
            "Node Type": "Aggregate",
            "Strategy": "Plain",
            "Partial Mode": "Partial",
            "Parent Relationship": "Outer",
            "Parallel Aware": false,
            "Startup Cost": 134335.43,
            "Total Cost": 134335.44,
            "Plan Rows": 1,
            "Plan Width": 8,
            "Actual Startup Time": 1052.018,
            "Actual Total Time": 1052.022,
            "Actual Rows": 1,
            "Actual Loops": 2,
            "Plans": [
              {
                "Node Type": "Hash Join",
                "Parent Relationship": "Outer",
                "Parallel Aware": true,
                "Join Type": "Inner",
                "Startup Cost": 70566.56,
                "Total Cost": 128617.41,
                "Plan Rows": 2287207,
                "Plan Width": 0,
                "Actual Startup Time": 500.108,
                "Actual Total Time": 980.589,
                "Actual Rows": 1841031,
                "Actual Loops": 2,
                "Inner Unique": true,
                "Hash Cond": "(mk.movie_id = t.id)",
                "Plans": [
                  {
                    "Node Type": "Seq Scan",
                    "Parent Relationship": "Outer",
                    "Parallel Aware": true,
                    "Relation Name": "movie_keyword",
                    "Alias": "mk",
                    "Startup Cost": 0.0,
                    "Total Cost": 51065.35,
                    "Plan Rows": 2661135,
                    "Plan Width": 4,
                    "Actual Startup Time": 0.013,
                    "Actual Total Time": 151.581,
                    "Actual Rows": 2261965,
                    "Actual Loops": 2
                  },
                  {
                    "Node Type": "Hash",
                    "Parent Relationship": "Inner",
                    "Parallel Aware": true,
                    "Startup Cost": 54588.39,
                    "Total Cost": 54588.39,
                    "Plan Rows": 1278254,
                    "Plan Width": 4,
                    "Actual Startup Time": 478.693,
                    "Actual Total Time": 478.694,
                    "Actual Rows": 1079874,
                    "Actual Loops": 2,
                    "Hash Buckets": 4194304,
                    "Original Hash Buckets": 4194304,
                    "Hash Batches": 1,
                    "Original Hash Batches": 1,
                    "Peak Memory Usage": 117312,
                    "Plans": [
                      {
                        "Node Type": "Seq Scan",
                        "Parent Relationship": "Outer",
                        "Parallel Aware": true,
                        "Relation Name": "title",
                        "Alias": "t",
                        "Startup Cost": 0.0,
                        "Total Cost": 54588.39,
                        "Plan Rows": 1278254,
                        "Plan Width": 4,
                        "Actual Startup Time": 0.023,
                        "Actual Total Time": 176.526,
                        "Actual Rows": 1079874,
                        "Actual Loops": 2,
                        "Filter": "(production_year > 1964)",
                        "Rows Removed by Filter": 184282
                      }
                    ]
                  }
                ]
              }
            ]
          }
        ]
      }
    ]
  },
  "Planning Time": 0.421,
  "Triggers": [],
  "Execution Time": 1086.976
}