{
  "Plan": {
    "Node Type": "Aggregate",
    "Strategy": "Plain",
    "Partial Mode": "Finalize",
    "Parallel Aware": false,
    "Startup Cost": 162289.98,
    "Total Cost": 162289.99,
    "Plan Rows": 1,
    "Plan Width": 8,
    "Actual Startup Time": 1011.18,
    "Actual Total Time": 1027.799,
    "Actual Rows": 1,
    "Actual Loops": 1,
    "Plans": [
      {
        "Node Type": "Gather",
        "Parent Relationship": "Outer",
        "Parallel Aware": false,
        "Startup Cost": 162289.86,
        "Total Cost": 162289.97,
        "Plan Rows": 1,
        "Plan Width": 8,
        "Actual Startup Time": 1008.267,
        "Actual Total Time": 1027.792,
        "Actual Rows": 2,
        "Actual Loops": 1,
        "Workers Planned": 1,
        "Workers Launched": 1,
        "Single Copy": false,
        "Plans": [
          {
            "Node Type": "Aggregate",
            "Strategy": "Plain",
            "Partial Mode": "Partial",
            "Parent Relationship": "Outer",
            "Parallel Aware": false,
            "Startup Cost": 161289.86,
            "Total Cost": 161289.87,
            "Plan Rows": 1,
            "Plan Width": 8,
            "Actual Startup Time": 1002.154,
            "Actual Total Time": 1002.16,
            "Actual Rows": 1,
            "Actual Loops": 2,
            "Plans": [
              {
                "Node Type": "Hash Join",
                "Parent Relationship": "Outer",
                "Parallel Aware": true,
                "Join Type": "Inner",
                "Startup Cost": 100093.09,
                "Total Cost": 161102.04,
                "Plan Rows": 75129,
                "Plan Width": 0,
                "Actual Startup Time": 613.534,
                "Actual Total Time": 942.924,
                "Actual Rows": 1516604,
                "Actual Loops": 2,
                "Inner Unique": false,
                "Hash Cond": "(mk.movie_id = t.id)",
                "Plans": [
                  {
                    "Node Type": "Seq Scan",
                    "Parent Relationship": "Outer",
                    "Parallel Aware": true,
                    "Relation Name": "movie_keyword",
                    "Alias": "mk",
                    "Startup Cost": 0.0,
                    "Total Cost": 57718.19,
                    "Plan Rows": 759689,
                    "Plan Width": 4,
                    "Actual Startup Time": 1.253,
                    "Actual Total Time": 156.06,
                    "Actual Rows": 650928,
                    "Actual Loops": 2,
                    "Filter": "(keyword_id > 13539)",
                    "Rows Removed by Filter": 1611036
                  },
                  {
                    "Node Type": "Hash",
                    "Parent Relationship": "Inner",
                    "Parallel Aware": true,
                    "Startup Cost": 98254.61,
                    "Total Cost": 98254.61,
                    "Plan Rows": 147078,
                    "Plan Width": 8,
                    "Actual Startup Time": 608.455,
                    "Actual Total Time": 608.46,
                    "Actual Rows": 365031,
                    "Actual Loops": 2,
                    "Hash Buckets": 1048576,
                    "Original Hash Buckets": 262144,
                    "Hash Batches": 1,
                    "Original Hash Batches": 1,
                    "Peak Memory Usage": 42912,
                    "Plans": [
                      {
                        "Node Type": "Hash Join",
                        "Parent Relationship": "Outer",
                        "Parallel Aware": true,
                        "Join Type": "Inner",
                        "Startup Cost": 60087.98,
                        "Total Cost": 98254.61,
                        "Plan Rows": 147078,
                        "Plan Width": 8,
                        "Actual Startup Time": 193.521,
                        "Actual Total Time": 514.73,
                        "Actual Rows": 365031,
                        "Actual Loops": 2,
                        "Inner Unique": true,
                        "Hash Cond": "(mc.movie_id = t.id)",
                        "Plans": [
                          {
                            "Node Type": "Seq Scan",
                            "Parent Relationship": "Outer",
                            "Parallel Aware": true,
                            "Relation Name": "movie_companies",
                            "Alias": "mc",
                            "Startup Cost": 0.0,
                            "Total Cost": 34137.82,
                            "Plan Rows": 1534782,
                            "Plan Width": 4,
                            "Actual Startup Time": 0.011,
                            "Actual Total Time": 101.627,
                            "Actual Rows": 1304564,
                            "Actual Loops": 2
                          },
                          {
                            "Node Type": "Hash",
                            "Parent Relationship": "Inner",
                            "Parallel Aware": true,
                            "Startup Cost": 58306.47,
                            "Total Cost": 58306.47,
                            "Plan Rows": 142521,
                            "Plan Width": 4,
                            "Actual Startup Time": 191.21,
                            "Actual Total Time": 191.211,
                            "Actual Rows": 178748,
                            "Actual Loops": 2,
                            "Hash Buckets": 524288,
                            "Original Hash Buckets": 262144,
                            "Hash Batches": 1,
                            "Original Hash Batches": 1,
                            "Peak Memory Usage": 20192,
                            "Plans": [
                              {
                                "Node Type": "Seq Scan",
                                "Parent Relationship": "Outer",
                                "Parallel Aware": true,
                                "Relation Name": "title",
                                "Alias": "t",
                                "Startup Cost": 0.0,
                                "Total Cost": 58306.47,
                                "Plan Rows": 142521,
                                "Plan Width": 4,
                                "Actual Startup Time": 0.123,
                                "Actual Total Time": 148.558,
                                "Actual Rows": 178748,
                                "Actual Loops": 2,
                                "Filter": "((kind_id < 7) AND (production_year < 1987))",
                                "Rows Removed by Filter": 1085408
                              }
                            ]
                          }
                        ]
                      }
                    ]
                  }
                ]
              }
            ]
          }
        ]
      }
    ]
  },
  "Planning Time": 1.035,
  "Triggers": [],
  "Execution Time": 1027.879
}