[
  {
    "Plan": {
      "Node Type": "Aggregate",
      "Strategy": "Plain",
      "Partial Mode": "Finalize",
      "Parallel Aware": false,
      "Startup Cost": 84644.75,
      "Total Cost": 84644.76,
      "Plan Rows": 1,
      "Plan Width": 8,
      "Actual Startup Time": 752.451,
      "Actual Total Time": 829.98,
      "Actual Rows": 1,
      "Actual Loops": 1,
      "Plans": [
        {
          "Node Type": "Gather",
          "Parent Relationship": "Outer",
          "Parallel Aware": false,
          "Startup Cost": 84644.33,
          "Total Cost": 84644.74,
          "Plan Rows": 4,
          "Plan Width": 8,
          "Actual Startup Time": 751.989,
          "Actual Total Time": 829.97,
          "Actual Rows": 5,
          "Actual Loops": 1,
          "Workers Planned": 4,
          "Workers Launched": 4,
          "Single Copy": false,
          "Plans": [
            {
              "Node Type": "Aggregate",
              "Strategy": "Plain",
              "Partial Mode": "Partial",
              "Parent Relationship": "Outer",
              "Parallel Aware": false,
              "Startup Cost": 83644.33,
              "Total Cost": 83644.34,
              "Plan Rows": 1,
              "Plan Width": 8,
              "Actual Startup Time": 741.191,
              "Actual Total Time": 741.195,
              "Actual Rows": 1,
              "Actual Loops": 5,
              "Plans": [
                {
                  "Node Type": "Nested Loop",
                  "Parent Relationship": "Outer",
                  "Parallel Aware": false,
                  "Join Type": "Inner",
                  "Startup Cost": 20874.08,
                  "Total Cost": 83479.87,
                  "Plan Rows": 65784,
                  "Plan Width": 0,
                  "Actual Startup Time": 81.79,
                  "Actual Total Time": 719.644,
                  "Actual Rows": 306679,
                  "Actual Loops": 5,
                  "Inner Unique": false,
                  "Plans": [
                    {
                      "Node Type": "Hash Join",
                      "Parent Relationship": "Outer",
                      "Parallel Aware": true,
                      "Join Type": "Inner",
                      "Startup Cost": 20873.51,
                      "Total Cost": 65616.31,
                      "Plan Rows": 4591,
                      "Plan Width": 8,
                      "Actual Startup Time": 81.683,
                      "Actual Total Time": 140.302,
                      "Actual Rows": 11288,
                      "Actual Loops": 5,
                      "Inner Unique": false,
                      "Hash Cond": "(t.id = mc.movie_id)",
                      "Plans": [
                        {
                          "Node Type": "Seq Scan",
                          "Parent Relationship": "Outer",
                          "Parallel Aware": true,
                          "Relation Name": "title",
                          "Alias": "t",
                          "Startup Cost": 0.0,
                          "Total Cost": 43898.92,
                          "Plan Rows": 165814,
                          "Plan Width": 4,
                          "Actual Startup Time": 35.991,
                          "Actual Total Time": 81.247,
                          "Actual Rows": 132565,
                          "Actual Loops": 5,
                          "Filter": "(kind_id < 2)",
                          "Rows Removed by Filter": 373097
                        },
                        {
                          "Node Type": "Hash",
                          "Parent Relationship": "Inner",
                          "Parallel Aware": true,
                          "Startup Cost": 20591.24,
                          "Total Cost": 20591.24,
                          "Plan Rows": 22582,
                          "Plan Width": 4,
                          "Actual Startup Time": 24.387,
                          "Actual Total Time": 24.389,
                          "Actual Rows": 13383,
                          "Actual Loops": 5,
                          "Hash Buckets": 131072,
                          "Original Hash Buckets": 131072,
                          "Hash Batches": 1,
                          "Original Hash Batches": 1,
                          "Peak Memory Usage": 3712,
                          "Plans": [
                            {
                              "Node Type": "Bitmap Heap Scan",
                              "Parent Relationship": "Outer",
                              "Parallel Aware": true,
                              "Relation Name": "movie_companies",
                              "Alias": "mc",
                              "Startup Cost": 1518.96,
                              "Total Cost": 20591.24,
                              "Plan Rows": 22582,
                              "Plan Width": 4,
                              "Actual Startup Time": 3.315,
                              "Actual Total Time": 17.111,
                              "Actual Rows": 13383,
                              "Actual Loops": 5,
                              "Recheck Cond": "(company_id > 178776)",
                              "Rows Removed by Index Recheck": 0,
                              "Exact Heap Blocks": 915,
                              "Lossy Heap Blocks": 0,
                              "Plans": [
                                {
                                  "Node Type": "Bitmap Index Scan",
                                  "Parent Relationship": "Outer",
                                  "Parallel Aware": false,
                                  "Index Name": "company_id_movie_companies",
                                  "Startup Cost": 0.0,
                                  "Total Cost": 1501.46,
                                  "Plan Rows": 70004,
                                  "Plan Width": 0,
                                  "Actual Startup Time": 7.272,
                                  "Actual Total Time": 7.273,
                                  "Actual Rows": 66916,
                                  "Actual Loops": 1,
                                  "Index Cond": "(company_id > 178776)"
                                }
                              ]
                            }
                          ]
                        }
                      ]
                    },
                    {
                      "Node Type": "Index Only Scan",
                      "Parent Relationship": "Inner",
                      "Parallel Aware": false,
                      "Scan Direction": "Forward",
                      "Index Name": "movie_id_cast_info",
                      "Relation Name": "cast_info",
                      "Alias": "ci",
                      "Startup Cost": 0.56,
                      "Total Cost": 3.52,
                      "Plan Rows": 37,
                      "Plan Width": 4,
                      "Actual Startup Time": 0.008,
                      "Actual Total Time": 0.049,
                      "Actual Rows": 27,
                      "Actual Loops": 56441,
                      "Index Cond": "(movie_id = t.id)",
                      "Rows Removed by Index Recheck": 0,
                      "Heap Fetches": 1533394
                    }
                  ]
                }
              ]
            }
          ]
        }
      ]
    },
    "Planning Time": 1.376,
    "Triggers": [],
    "Execution Time": 830.113
  }
]