[
  {
    "Plan": {
      "Node Type": "Aggregate",
      "Strategy": "Plain",
      "Partial Mode": "Finalize",
      "Parallel Aware": false,
      "Startup Cost": 435702.46,
      "Total Cost": 435702.47,
      "Plan Rows": 1,
      "Plan Width": 8,
      "Actual Startup Time": 3478.632,
      "Actual Total Time": 3530.202,
      "Actual Rows": 1,
      "Actual Loops": 1,
      "Plans": [
        {
          "Node Type": "Gather",
          "Parent Relationship": "Outer",
          "Parallel Aware": false,
          "Startup Cost": 435701.84,
          "Total Cost": 435702.45,
          "Plan Rows": 6,
          "Plan Width": 8,
          "Actual Startup Time": 3461.413,
          "Actual Total Time": 3530.167,
          "Actual Rows": 7,
          "Actual Loops": 1,
          "Workers Planned": 6,
          "Workers Launched": 6,
          "Single Copy": false,
          "Plans": [
            {
              "Node Type": "Aggregate",
              "Strategy": "Plain",
              "Partial Mode": "Partial",
              "Parent Relationship": "Outer",
              "Parallel Aware": false,
              "Startup Cost": 434701.84,
              "Total Cost": 434701.85,
              "Plan Rows": 1,
              "Plan Width": 8,
              "Actual Startup Time": 3452.032,
              "Actual Total Time": 3452.312,
              "Actual Rows": 1,
              "Actual Loops": 7,
              "Plans": [
                {
                  "Node Type": "Hash Join",
                  "Parent Relationship": "Outer",
                  "Parallel Aware": true,
                  "Join Type": "Inner",
                  "Startup Cost": 86183.38,
                  "Total Cost": 429132.92,
                  "Plan Rows": 2227568,
                  "Plan Width": 0,
                  "Actual Startup Time": 594.2,
                  "Actual Total Time": 3214.294,
                  "Actual Rows": 4368019,
                  "Actual Loops": 7,
                  "Inner Unique": false,
                  "Hash Cond": "(ci.movie_id = t.id)",
                  "Plans": [
                    {
                      "Node Type": "Seq Scan",
                      "Parent Relationship": "Outer",
                      "Parallel Aware": true,
                      "Relation Name": "cast_info",
                      "Alias": "ci",
                      "Startup Cost": 0.0,
                      "Total Cost": 313106.51,
                      "Plan Rows": 6041951,
                      "Plan Width": 4,
                      "Actual Startup Time": 0.095,
                      "Actual Total Time": 695.731,
                      "Actual Rows": 5177763,
                      "Actual Loops": 7
                    },
                    {
                      "Node Type": "Hash",
                      "Parent Relationship": "Inner",
                      "Parallel Aware": true,
                      "Startup Cost": 82424.55,
                      "Total Cost": 82424.55,
                      "Plan Rows": 300706,
                      "Plan Width": 8,
                      "Actual Startup Time": 591.0,
                      "Actual Total Time": 591.278,
                      "Actual Rows": 111420,
                      "Actual Loops": 7,
                      "Hash Buckets": 1048576,
                      "Original Hash Buckets": 1048576,
                      "Hash Batches": 1,
                      "Original Hash Batches": 1,
                      "Peak Memory Usage": 38816,
                      "Plans": [
                        {
                          "Node Type": "Hash Join",
                          "Parent Relationship": "Outer",
                          "Parallel Aware": true,
                          "Join Type": "Inner",
                          "Startup Cost": 50220.38,
                          "Total Cost": 82424.55,
                          "Plan Rows": 300706,
                          "Plan Width": 8,
                          "Actual Startup Time": 366.07,
                          "Actual Total Time": 511.414,
                          "Actual Rows": 111420,
                          "Actual Loops": 7,
                          "Inner Unique": true,
                          "Hash Cond": "(mc.movie_id = t.id)",
                          "Plans": [
                            {
                              "Node Type": "Seq Scan",
                              "Parent Relationship": "Outer",
                              "Parallel Aware": true,
                              "Relation Name": "movie_companies",
                              "Alias": "mc",
                              "Startup Cost": 0.0,
                              "Total Cost": 31414.82,
                              "Plan Rows": 300706,
                              "Plan Width": 4,
                              "Actual Startup Time": 0.395,
                              "Actual Total Time": 73.518,
                              "Actual Rows": 111420,
                              "Actual Loops": 7,
                              "Filter": "((company_id > 1284) AND (company_type_id < 2))",
                              "Rows Removed by Filter": 261313
                            },
                            {
                              "Node Type": "Hash",
                              "Parent Relationship": "Inner",
                              "Parallel Aware": true,
                              "Startup Cost": 42319.06,
                              "Total Cost": 42319.06,
                              "Plan Rows": 632106,
                              "Plan Width": 4,
                              "Actual Startup Time": 360.248,
                              "Actual Total Time": 360.249,
                              "Actual Rows": 361187,
                              "Actual Loops": 7,
                              "Hash Buckets": 4194304,
                              "Original Hash Buckets": 4194304,
                              "Hash Batches": 1,
                              "Original Hash Batches": 1,
                              "Peak Memory Usage": 131776,
                              "Plans": [
                                {
                                  "Node Type": "Seq Scan",
                                  "Parent Relationship": "Outer",
                                  "Parallel Aware": true,
                                  "Relation Name": "title",
                                  "Alias": "t",
                                  "Startup Cost": 0.0,
                                  "Total Cost": 42319.06,
                                  "Plan Rows": 632106,
                                  "Plan Width": 4,
                                  "Actual Startup Time": 0.068,
                                  "Actual Total Time": 102.211,
                                  "Actual Rows": 361187,
                                  "Actual Loops": 7
                                }
                              ]
                            }
                          ]
                        }
                      ]
                    }
                  ]
                }
              ]
            }
          ]
        }
      ]
    },
    "Planning Time": 0.862,
    "Triggers": [],
    "Execution Time": 3530.314
  }
]