[
  {
    "Plan": {
      "Node Type": "Aggregate",
      "Strategy": "Plain",
      "Partial Mode": "Finalize",
      "Parallel Aware": false,
      "Startup Cost": 231036.61,
      "Total Cost": 231036.62,
      "Plan Rows": 1,
      "Plan Width": 8,
      "Actual Startup Time": 2836.601,
      "Actual Total Time": 2916.396,
      "Actual Rows": 1,
      "Actual Loops": 1,
      "Plans": [
        {
          "Node Type": "Gather",
          "Parent Relationship": "Outer",
          "Parallel Aware": false,
          "Startup Cost": 231036.29,
          "Total Cost": 231036.6,
          "Plan Rows": 3,
          "Plan Width": 8,
          "Actual Startup Time": 2827.042,
          "Actual Total Time": 2916.384,
          "Actual Rows": 4,
          "Actual Loops": 1,
          "Workers Planned": 3,
          "Workers Launched": 3,
          "Single Copy": false,
          "Plans": [
            {
              "Node Type": "Aggregate",
              "Strategy": "Plain",
              "Partial Mode": "Partial",
              "Parent Relationship": "Outer",
              "Parallel Aware": false,
              "Startup Cost": 230036.29,
              "Total Cost": 230036.3,
              "Plan Rows": 1,
              "Plan Width": 8,
              "Actual Startup Time": 2814.166,
              "Actual Total Time": 2814.17,
              "Actual Rows": 1,
              "Actual Loops": 4,
              "Plans": [
                {
                  "Node Type": "Nested Loop",
                  "Parent Relationship": "Outer",
                  "Parallel Aware": false,
                  "Join Type": "Inner",
                  "Startup Cost": 54764.41,
                  "Total Cost": 227561.09,
                  "Plan Rows": 990081,
                  "Plan Width": 0,
                  "Actual Startup Time": 402.753,
                  "Actual Total Time": 2675.58,
                  "Actual Rows": 2765645,
                  "Actual Loops": 4,
                  "Inner Unique": false,
                  "Plans": [
                    {
                      "Node Type": "Hash Join",
                      "Parent Relationship": "Outer",
                      "Parallel Aware": true,
                      "Join Type": "Inner",
                      "Startup Cost": 54763.85,
                      "Total Cost": 80262.3,
                      "Plan Rows": 69055,
                      "Plan Width": 8,
                      "Actual Startup Time": 402.585,
                      "Actual Total Time": 467.108,
                      "Actual Rows": 54547,
                      "Actual Loops": 4,
                      "Inner Unique": true,
                      "Hash Cond": "(mk.movie_id = t.id)",
                      "Plans": [
                        {
                          "Node Type": "Bitmap Heap Scan",
                          "Parent Relationship": "Outer",
                          "Parallel Aware": true,
                          "Relation Name": "movie_keyword",
                          "Alias": "mk",
                          "Startup Cost": 4543.47,
                          "Total Cost": 29860.65,
                          "Plan Rows": 69055,
                          "Plan Width": 4,
                          "Actual Startup Time": 23.906,
                          "Actual Total Time": 57.478,
                          "Actual Rows": 54547,
                          "Actual Loops": 4,
                          "Recheck Cond": "(keyword_id > 65087)",
                          "Rows Removed by Index Recheck": 0,
                          "Exact Heap Blocks": 4666,
                          "Lossy Heap Blocks": 0,
                          "Plans": [
                            {
                              "Node Type": "Bitmap Index Scan",
                              "Parent Relationship": "Outer",
                              "Parallel Aware": false,
                              "Index Name": "keyword_id_movie_keyword",
                              "Startup Cost": 0.0,
                              "Total Cost": 4489.95,
                              "Plan Rows": 214069,
                              "Plan Width": 0,
                              "Actual Startup Time": 19.166,
                              "Actual Total Time": 19.167,
                              "Actual Rows": 218189,
                              "Actual Loops": 1,
                              "Index Cond": "(keyword_id > 65087)"
                            }
                          ]
                        },
                        {
                          "Node Type": "Hash",
                          "Parent Relationship": "Inner",
                          "Parallel Aware": true,
                          "Startup Cost": 42319.06,
                          "Total Cost": 42319.06,
                          "Plan Rows": 632106,
                          "Plan Width": 4,
                          "Actual Startup Time": 368.482,
                          "Actual Total Time": 368.483,
                          "Actual Rows": 632078,
                          "Actual Loops": 4,
                          "Hash Buckets": 4194304,
                          "Original Hash Buckets": 4194304,
                          "Hash Batches": 1,
                          "Original Hash Batches": 1,
                          "Peak Memory Usage": 131744,
                          "Plans": [
                            {
                              "Node Type": "Seq Scan",
                              "Parent Relationship": "Outer",
                              "Parallel Aware": true,
                              "Relation Name": "title",
                              "Alias": "t",
                              "Startup Cost": 0.0,
                              "Total Cost": 42319.06,
                              "Plan Rows": 632106,
                              "Plan Width": 4,
                              "Actual Startup Time": 0.047,
                              "Actual Total Time": 107.909,
                              "Actual Rows": 632078,
                              "Actual Loops": 4
                            }
                          ]
                        }
                      ]
                    },
                    {
                      "Node Type": "Index Only Scan",
                      "Parent Relationship": "Inner",
                      "Parallel Aware": false,
                      "Scan Direction": "Forward",
                      "Index Name": "movie_id_cast_info",
                      "Relation Name": "cast_info",
                      "Alias": "ci",
                      "Startup Cost": 0.56,
                      "Total Cost": 1.78,
                      "Plan Rows": 35,
                      "Plan Width": 4,
                      "Actual Startup Time": 0.005,
                      "Actual Total Time": 0.036,
                      "Actual Rows": 51,
                      "Actual Loops": 218189,
                      "Index Cond": "(movie_id = t.id)",
                      "Rows Removed by Index Recheck": 0,
                      "Heap Fetches": 11062580
                    }
                  ]
                }
              ]
            }
          ]
        }
      ]
    },
    "Planning Time": 0.771,
    "Triggers": [],
    "Execution Time": 2916.487
  }
]