[
  {
    "Plan": {
      "Node Type": "Aggregate",
      "Strategy": "Plain",
      "Partial Mode": "Simple",
      "Parallel Aware": false,
      "Startup Cost": 27304.95,
      "Total Cost": 27304.96,
      "Plan Rows": 1,
      "Plan Width": 8,
      "Actual Startup Time": 60.598,
      "Actual Total Time": 60.599,
      "Actual Rows": 1,
      "Actual Loops": 1,
      "Plans": [
        {
          "Node Type": "Bitmap Heap Scan",
          "Parent Relationship": "Outer",
          "Parallel Aware": false,
          "Relation Name": "movie_keyword",
          "Alias": "mk",
          "Startup Cost": 1670.39,
          "Total Cost": 27108.19,
          "Plan Rows": 78704,
          "Plan Width": 0,
          "Actual Startup Time": 23.077,
          "Actual Total Time": 56.775,
          "Actual Rows": 77795,
          "Actual Loops": 1,
          "Recheck Cond": "(keyword_id > 88500)",
          "Rows Removed by Index Recheck": 0,
          "Exact Heap Blocks": 15628,
          "Lossy Heap Blocks": 0,
          "Plans": [
            {
              "Node Type": "Bitmap Index Scan",
              "Parent Relationship": "Outer",
              "Parallel Aware": false,
              "Index Name": "keyword_id_movie_keyword",
              "Startup Cost": 0.0,
              "Total Cost": 1650.71,
              "Plan Rows": 78704,
              "Plan Width": 0,
              "Actual Startup Time": 17.272,
              "Actual Total Time": 17.272,
              "Actual Rows": 77795,
              "Actual Loops": 1,
              "Index Cond": "(keyword_id > 88500)"
            }
          ]
        }
      ]
    },
    "Planning Time": 0.168,
    "Triggers": [],
    "Execution Time": 60.659
  }
]