[
    {
        "Bao": {
            "Bao prediction": 2295.366,
            "Bao recommended hint": "(no hint)"
        }
    },
    {
        "Plan": {
            "Node Type": "Aggregate",
            "Strategy": "Plain",
            "Partial Mode": "Simple",
            "Parallel Aware": false,
            "Startup Cost": 11269.04,
            "Total Cost": 11269.05,
            "Plan Rows": 1,
            "Plan Width": 128,
            "Actual Startup Time": 2556.546,
            "Actual Total Time": 2556.552,
            "Actual Rows": 1,
            "Actual Loops": 1,
            "Output": [
                "min(mi.info)",
                "min(mi_idx.info)",
                "min(n.name)",
                "min(t.title)"
            ],
            "Plans": [
                {
                    "Node Type": "Nested Loop",
                    "Parent Relationship": "Outer",
                    "Parallel Aware": false,
                    "Join Type": "Inner",
                    "Startup Cost": 13.08,
                    "Total Cost": 11269.03,
                    "Plan Rows": 1,
                    "Plan Width": 80,
                    "Actual Startup Time": 19.949,
                    "Actual Total Time": 2554.162,
                    "Actual Rows": 3608,
                    "Actual Loops": 1,
                    "Output": [
                        "mi.info",
                        "mi_idx.info",
                        "n.name",
                        "t.title"
                    ],
                    "Inner Unique": true,
                    "Join Filter": "(mi.movie_id = t.id)",
                    "Rows Removed by Join Filter": 0,
                    "Plans": [
                        {
                            "Node Type": "Nested Loop",
                            "Parent Relationship": "Outer",
                            "Parallel Aware": false,
                            "Join Type": "Inner",
                            "Startup Cost": 12.65,
                            "Total Cost": 11268.53,
                            "Plan Rows": 1,
                            "Plan Width": 79,
                            "Actual Startup Time": 19.868,
                            "Actual Total Time": 2524.112,
                            "Actual Rows": 3608,
                            "Actual Loops": 1,
                            "Output": [
                                "ci.movie_id",
                                "mi.info",
                                "mi.movie_id",
                                "mi_idx.info",
                                "mi_idx.movie_id",
                                "mk.movie_id",
                                "n.name"
                            ],
                            "Inner Unique": true,
                            "Plans": [
                                {
                                    "Node Type": "Nested Loop",
                                    "Parent Relationship": "Outer",
                                    "Parallel Aware": false,
                                    "Join Type": "Inner",
                                    "Startup Cost": 12.22,
                                    "Total Cost": 11267.85,
                                    "Plan Rows": 1,
                                    "Plan Width": 68,
                                    "Actual Startup Time": 19.538,
                                    "Actual Total Time": 2451.077,
                                    "Actual Rows": 6019,
                                    "Actual Loops": 1,
                                    "Output": [
                                        "ci.movie_id",
                                        "ci.person_id",
                                        "mi.info",
                                        "mi.movie_id",
                                        "mi_idx.info",
                                        "mi_idx.movie_id",
                                        "mk.movie_id"
                                    ],
                                    "Inner Unique": false,
                                    "Join Filter": "(mi.movie_id = ci.movie_id)",
                                    "Rows Removed by Join Filter": 0,
                                    "Plans": [
                                        {
                                            "Node Type": "Nested Loop",
                                            "Parent Relationship": "Outer",
                                            "Parallel Aware": false,
                                            "Join Type": "Inner",
                                            "Startup Cost": 11.66,
                                            "Total Cost": 11266.1,
                                            "Plan Rows": 1,
                                            "Plan Width": 60,
                                            "Actual Startup Time": 10.394,
                                            "Actual Total Time": 1254.79,
                                            "Actual Rows": 10292,
                                            "Actual Loops": 1,
                                            "Output": [
                                                "mi.info",
                                                "mi.movie_id",
                                                "mi_idx.info",
                                                "mi_idx.movie_id",
                                                "mk.movie_id"
                                            ],
                                            "Inner Unique": false,
                                            "Join Filter": "(mi.info_type_id = it1.id)",
                                            "Rows Removed by Join Filter": 791,
                                            "Plans": [
                                                {
                                                    "Node Type": "Seq Scan",
                                                    "Parent Relationship": "Outer",
                                                    "Parallel Aware": false,
                                                    "Relation Name": "info_type",
                                                    "Schema": "public",
                                                    "Alias": "it1",
                                                    "Startup Cost": 0.0,
                                                    "Total Cost": 2.41,
                                                    "Plan Rows": 1,
                                                    "Plan Width": 4,
                                                    "Actual Startup Time": 0.043,
                                                    "Actual Total Time": 0.05,
                                                    "Actual Rows": 1,
                                                    "Actual Loops": 1,
                                                    "Output": [
                                                        "it1.id",
                                                        "it1.info"
                                                    ],
                                                    "Filter": "((it1.info)::text = 'genres'::text)",
                                                    "Rows Removed by Filter": 112
                                                },
                                                {
                                                    "Node Type": "Nested Loop",
                                                    "Parent Relationship": "Inner",
                                                    "Parallel Aware": false,
                                                    "Join Type": "Inner",
                                                    "Startup Cost": 11.66,
                                                    "Total Cost": 11263.61,
                                                    "Plan Rows": 6,
                                                    "Plan Width": 64,
                                                    "Actual Startup Time": 10.346,
                                                    "Actual Total Time": 1252.03,
                                                    "Actual Rows": 11083,
                                                    "Actual Loops": 1,
                                                    "Output": [
                                                        "mi_idx.info",
                                                        "mi_idx.movie_id",
                                                        "mi.info",
                                                        "mi.movie_id",
                                                        "mi.info_type_id",
                                                        "mk.movie_id"
                                                    ],
                                                    "Inner Unique": false,
                                                    "Join Filter": "(mi_idx.movie_id = mi.movie_id)",
                                                    "Rows Removed by Join Filter": 0,
                                                    "Plans": [
                                                        {
                                                            "Node Type": "Nested Loop",
                                                            "Parent Relationship": "Outer",
                                                            "Parallel Aware": false,
                                                            "Join Type": "Inner",
                                                            "Startup Cost": 11.22,
                                                            "Total Cost": 11253.63,
                                                            "Plan Rows": 6,
                                                            "Plan Width": 13,
                                                            "Actual Startup Time": 8.386,
                                                            "Actual Total Time": 225.716,
                                                            "Actual Rows": 17454,
                                                            "Actual Loops": 1,
                                                            "Output": [
                                                                "mi_idx.info",
                                                                "mi_idx.movie_id",
                                                                "mk.movie_id"
                                                            ],
                                                            "Inner Unique": false,
                                                            "Join Filter": "(mi_idx.info_type_id = it2.id)",
                                                            "Rows Removed by Join Filter": 35099,
                                                            "Plans": [
                                                                {
                                                                    "Node Type": "Seq Scan",
                                                                    "Parent Relationship": "Outer",
                                                                    "Parallel Aware": false,
                                                                    "Relation Name": "info_type",
                                                                    "Schema": "public",
                                                                    "Alias": "it2",
                                                                    "Startup Cost": 0.0,
                                                                    "Total Cost": 2.41,
                                                                    "Plan Rows": 1,
                                                                    "Plan Width": 4,
                                                                    "Actual Startup Time": 0.031,
                                                                    "Actual Total Time": 0.034,
                                                                    "Actual Rows": 1,
                                                                    "Actual Loops": 1,
                                                                    "Output": [
                                                                        "it2.id",
                                                                        "it2.info"
                                                                    ],
                                                                    "Filter": "((it2.info)::text = 'votes'::text)",
                                                                    "Rows Removed by Filter": 112
                                                                },
                                                                {
                                                                    "Node Type": "Nested Loop",
                                                                    "Parent Relationship": "Inner",
                                                                    "Parallel Aware": false,
                                                                    "Join Type": "Inner",
                                                                    "Startup Cost": 11.22,
                                                                    "Total Cost": 11242.1,
                                                                    "Plan Rows": 729,
                                                                    "Plan Width": 17,
                                                                    "Actual Startup Time": 8.347,
                                                                    "Actual Total Time": 218.263,
                                                                    "Actual Rows": 52553,
                                                                    "Actual Loops": 1,
                                                                    "Output": [
                                                                        "mk.movie_id",
                                                                        "mi_idx.info",
                                                                        "mi_idx.movie_id",
                                                                        "mi_idx.info_type_id"
                                                                    ],
                                                                    "Inner Unique": false,
                                                                    "Plans": [
                                                                        {
                                                                            "Node Type": "Nested Loop",
                                                                            "Parent Relationship": "Outer",
                                                                            "Parallel Aware": false,
                                                                            "Join Type": "Inner",
                                                                            "Startup Cost": 10.8,
                                                                            "Total Cost": 11118.79,
                                                                            "Plan Rows": 236,
                                                                            "Plan Width": 4,
                                                                            "Actual Startup Time": 8.23,
                                                                            "Actual Total Time": 90.84,
                                                                            "Actual Rows": 21889,
                                                                            "Actual Loops": 1,
                                                                            "Output": [
                                                                                "mk.movie_id"
                                                                            ],
                                                                            "Inner Unique": false,
                                                                            "Plans": [
                                                                                {
                                                                                    "Node Type": "Seq Scan",
                                                                                    "Parent Relationship": "Outer",
                                                                                    "Parallel Aware": false,
                                                                                    "Relation Name": "keyword",
                                                                                    "Schema": "public",
                                                                                    "Alias": "k",
                                                                                    "Startup Cost": 0.0,
                                                                                    "Total Cost": 3464.69,
                                                                                    "Plan Rows": 7,
                                                                                    "Plan Width": 4,
                                                                                    "Actual Startup Time": 2.118,
                                                                                    "Actual Total Time": 20.624,
                                                                                    "Actual Rows": 6,
                                                                                    "Actual Loops": 1,
                                                                                    "Output": [
                                                                                        "k.id",
                                                                                        "k.keyword",
                                                                                        "k.phonetic_code"
                                                                                    ],
                                                                                    "Filter": "(k.keyword = ANY ('{marvel-cinematic-universe,marvel-comics,marvel-comics,tv-special,death,fight,1990s}'::text[]))",
                                                                                    "Rows Removed by Filter": 134164
                                                                                },
                                                                                {
                                                                                    "Node Type": "Bitmap Heap Scan",
                                                                                    "Parent Relationship": "Inner",
                                                                                    "Parallel Aware": false,
                                                                                    "Relation Name": "movie_keyword",
                                                                                    "Schema": "public",
                                                                                    "Alias": "mk",
                                                                                    "Startup Cost": 10.8,
                                                                                    "Total Cost": 1090.39,
                                                                                    "Plan Rows": 305,
                                                                                    "Plan Width": 8,
                                                                                    "Actual Startup Time": 1.841,
                                                                                    "Actual Total Time": 10.936,
                                                                                    "Actual Rows": 3648,
                                                                                    "Actual Loops": 6,
                                                                                    "Output": [
                                                                                        "mk.id",
                                                                                        "mk.movie_id",
                                                                                        "mk.keyword_id"
                                                                                    ],
                                                                                    "Recheck Cond": "(mk.keyword_id = k.id)",
                                                                                    "Rows Removed by Index Recheck": 0,
                                                                                    "Exact Heap Blocks": 16209,
                                                                                    "Lossy Heap Blocks": 0,
                                                                                    "Plans": [
                                                                                        {
                                                                                            "Node Type": "Bitmap Index Scan",
                                                                                            "Parent Relationship": "Outer",
                                                                                            "Parallel Aware": false,
                                                                                            "Index Name": "keyword_id_movie_keyword",
                                                                                            "Startup Cost": 0.0,
                                                                                            "Total Cost": 10.72,
                                                                                            "Plan Rows": 305,
                                                                                            "Plan Width": 0,
                                                                                            "Actual Startup Time": 1.16,
                                                                                            "Actual Total Time": 1.16,
                                                                                            "Actual Rows": 3648,
                                                                                            "Actual Loops": 6,
                                                                                            "Index Cond": "(mk.keyword_id = k.id)"
                                                                                        }
                                                                                    ]
                                                                                }
                                                                            ]
                                                                        },
                                                                        {
                                                                            "Node Type": "Index Scan",
                                                                            "Parent Relationship": "Inner",
                                                                            "Parallel Aware": false,
                                                                            "Scan Direction": "Forward",
                                                                            "Index Name": "movie_id_movie_info_idx",
                                                                            "Relation Name": "movie_info_idx",
                                                                            "Schema": "public",
                                                                            "Alias": "mi_idx",
                                                                            "Startup Cost": 0.43,
                                                                            "Total Cost": 0.49,
                                                                            "Plan Rows": 3,
                                                                            "Plan Width": 13,
                                                                            "Actual Startup Time": 0.004,
                                                                            "Actual Total Time": 0.005,
                                                                            "Actual Rows": 2,
                                                                            "Actual Loops": 21889,
                                                                            "Output": [
                                                                                "mi_idx.id",
                                                                                "mi_idx.movie_id",
                                                                                "mi_idx.info_type_id",
                                                                                "mi_idx.info",
                                                                                "mi_idx.note"
                                                                            ],
                                                                            "Index Cond": "(mi_idx.movie_id = mk.movie_id)",
                                                                            "Rows Removed by Index Recheck": 0
                                                                        }
                                                                    ]
                                                                }
                                                            ]
                                                        },
                                                        {
                                                            "Node Type": "Index Scan",
                                                            "Parent Relationship": "Inner",
                                                            "Parallel Aware": false,
                                                            "Scan Direction": "Forward",
                                                            "Index Name": "movie_id_movie_info",
                                                            "Relation Name": "movie_info",
                                                            "Schema": "public",
                                                            "Alias": "mi",
                                                            "Startup Cost": 0.43,
                                                            "Total Cost": 1.65,
                                                            "Plan Rows": 1,
                                                            "Plan Width": 51,
                                                            "Actual Startup Time": 0.057,
                                                            "Actual Total Time": 0.058,
                                                            "Actual Rows": 1,
                                                            "Actual Loops": 17454,
                                                            "Output": [
                                                                "mi.id",
                                                                "mi.movie_id",
                                                                "mi.info_type_id",
                                                                "mi.info",
                                                                "mi.note"
                                                            ],
                                                            "Index Cond": "(mi.movie_id = mk.movie_id)",
                                                            "Rows Removed by Index Recheck": 0,
                                                            "Filter": "(mi.info = ANY ('{Action,Family,Crime,Western,Horror,Documentary}'::text[]))",
                                                            "Rows Removed by Filter": 64
                                                        }
                                                    ]
                                                }
                                            ]
                                        },
                                        {
                                            "Node Type": "Index Scan",
                                            "Parent Relationship": "Inner",
                                            "Parallel Aware": false,
                                            "Scan Direction": "Forward",
                                            "Index Name": "movie_id_cast_info",
                                            "Relation Name": "cast_info",
                                            "Schema": "public",
                                            "Alias": "ci",
                                            "Startup Cost": 0.56,
                                            "Total Cost": 1.73,
                                            "Plan Rows": 1,
                                            "Plan Width": 8,
                                            "Actual Startup Time": 0.092,
                                            "Actual Total Time": 0.116,
                                            "Actual Rows": 1,
                                            "Actual Loops": 10292,
                                            "Output": [
                                                "ci.id",
                                                "ci.person_id",
                                                "ci.movie_id",
                                                "ci.person_role_id",
                                                "ci.note",
                                                "ci.nr_order",
                                                "ci.role_id"
                                            ],
                                            "Index Cond": "(ci.movie_id = mk.movie_id)",
                                            "Rows Removed by Index Recheck": 0,
                                            "Filter": "(ci.note = ANY ('{(writer),\"(head writer)\",\"(written by)\",(story),\"(story editor)\"}'::text[]))",
                                            "Rows Removed by Filter": 62
                                        }
                                    ]
                                },
                                {
                                    "Node Type": "Index Scan",
                                    "Parent Relationship": "Inner",
                                    "Parallel Aware": false,
                                    "Scan Direction": "Forward",
                                    "Index Name": "name_pkey",
                                    "Relation Name": "name",
                                    "Schema": "public",
                                    "Alias": "n",
                                    "Startup Cost": 0.43,
                                    "Total Cost": 0.69,
                                    "Plan Rows": 1,
                                    "Plan Width": 19,
                                    "Actual Startup Time": 0.011,
                                    "Actual Total Time": 0.011,
                                    "Actual Rows": 1,
                                    "Actual Loops": 6019,
                                    "Output": [
                                        "n.id",
                                        "n.name",
                                        "n.imdb_index",
                                        "n.imdb_id",
                                        "n.gender",
                                        "n.name_pcode_cf",
                                        "n.name_pcode_nf",
                                        "n.surname_pcode",
                                        "n.md5sum"
                                    ],
                                    "Index Cond": "(n.id = ci.person_id)",
                                    "Rows Removed by Index Recheck": 0,
                                    "Filter": "((n.gender)::text = 'm'::text)",
                                    "Rows Removed by Filter": 0
                                }
                            ]
                        },
                        {
                            "Node Type": "Index Scan",
                            "Parent Relationship": "Inner",
                            "Parallel Aware": false,
                            "Scan Direction": "Forward",
                            "Index Name": "title_pkey",
                            "Relation Name": "title",
                            "Schema": "public",
                            "Alias": "t",
                            "Startup Cost": 0.43,
                            "Total Cost": 0.49,
                            "Plan Rows": 1,
                            "Plan Width": 21,
                            "Actual Startup Time": 0.007,
                            "Actual Total Time": 0.007,
                            "Actual Rows": 1,
                            "Actual Loops": 3608,
                            "Output": [
                                "t.id",
                                "t.title",
                                "t.imdb_index",
                                "t.kind_id",
                                "t.production_year",
                                "t.imdb_id",
                                "t.phonetic_code",
                                "t.episode_of_id",
                                "t.season_nr",
                                "t.episode_nr",
                                "t.series_years",
                                "t.md5sum"
                            ],
                            "Index Cond": "(t.id = mk.movie_id)",
                            "Rows Removed by Index Recheck": 0
                        }
                    ]
                }
            ]
        },
        "Planning Time": 1514.613,
        "Triggers": [],
        "Execution Time": 2557.555
    }
]