[
  {
    "Plan": {
      "Node Type": "Aggregate",
      "Strategy": "Plain",
      "Partial Mode": "Finalize",
      "Parallel Aware": false,
      "Startup Cost": 46063.58,
      "Total Cost": 46063.59,
      "Plan Rows": 1,
      "Plan Width": 8,
      "Actual Startup Time": 173.287,
      "Actual Total Time": 184.052,
      "Actual Rows": 1,
      "Actual Loops": 1,
      "Plans": [
        {
          "Node Type": "Gather",
          "Parent Relationship": "Outer",
          "Parallel Aware": false,
          "Startup Cost": 46063.27,
          "Total Cost": 46063.58,
          "Plan Rows": 3,
          "Plan Width": 8,
          "Actual Startup Time": 173.139,
          "Actual Total Time": 184.038,
          "Actual Rows": 4,
          "Actual Loops": 1,
          "Workers Planned": 3,
          "Workers Launched": 3,
          "Single Copy": false,
          "Plans": [
            {
              "Node Type": "Aggregate",
              "Strategy": "Plain",
              "Partial Mode": "Partial",
              "Parent Relationship": "Outer",
              "Parallel Aware": false,
              "Startup Cost": 45063.27,
              "Total Cost": 45063.28,
              "Plan Rows": 1,
              "Plan Width": 8,
              "Actual Startup Time": 165.706,
              "Actual Total Time": 165.708,
              "Actual Rows": 1,
              "Actual Loops": 4,
              "Plans": [
                {
                  "Node Type": "Seq Scan",
                  "Parent Relationship": "Outer",
                  "Parallel Aware": true,
                  "Relation Name": "movie_keyword",
                  "Alias": "mk",
                  "Startup Cost": 0.0,
                  "Total Cost": 42695.65,
                  "Plan Rows": 947045,
                  "Plan Width": 0,
                  "Actual Startup Time": 0.055,
                  "Actual Total Time": 129.244,
                  "Actual Rows": 735648,
                  "Actual Loops": 4,
                  "Filter": "(keyword_id < 9849)",
                  "Rows Removed by Filter": 395335
                }
              ]
            }
          ]
        }
      ]
    },
    "Planning Time": 0.077,
    "Triggers": [],
    "Execution Time": 184.077
  }
]