{
  "Plan": {
    "Node Type": "Aggregate",
    "Strategy": "Plain",
    "Partial Mode": "Finalize",
    "Parallel Aware": false,
    "Startup Cost": 100200.57,
    "Total Cost": 100200.58,
    "Plan Rows": 1,
    "Plan Width": 8,
    "Actual Startup Time": 174.604,
    "Actual Total Time": 189.244,
    "Actual Rows": 1,
    "Actual Loops": 1,
    "Plans": [
      {
        "Node Type": "Gather",
        "Parent Relationship": "Outer",
        "Parallel Aware": false,
        "Startup Cost": 100200.46,
        "Total Cost": 100200.57,
        "Plan Rows": 1,
        "Plan Width": 8,
        "Actual Startup Time": 174.478,
        "Actual Total Time": 189.237,
        "Actual Rows": 2,
        "Actual Loops": 1,
        "Workers Planned": 1,
        "Workers Launched": 1,
        "Single Copy": false,
        "Plans": [
          {
            "Node Type": "Aggregate",
            "Strategy": "Plain",
            "Partial Mode": "Partial",
            "Parent Relationship": "Outer",
            "Parallel Aware": false,
            "Startup Cost": 99200.46,
            "Total Cost": 99200.47,
            "Plan Rows": 1,
            "Plan Width": 8,
            "Actual Startup Time": 168.677,
            "Actual Total Time": 168.679,
            "Actual Rows": 1,
            "Actual Loops": 2,
            "Plans": [
              {
                "Node Type": "Nested Loop",
                "Parent Relationship": "Outer",
                "Parallel Aware": false,
                "Join Type": "Inner",
                "Startup Cost": 0.43,
                "Total Cost": 99186.15,
                "Plan Rows": 5725,
                "Plan Width": 0,
                "Actual Startup Time": 1.309,
                "Actual Total Time": 167.98,
                "Actual Rows": 13517,
                "Actual Loops": 2,
                "Inner Unique": false,
                "Plans": [
                  {
                    "Node Type": "Seq Scan",
                    "Parent Relationship": "Outer",
                    "Parallel Aware": true,
                    "Relation Name": "title",
                    "Alias": "t",
                    "Startup Cost": 0.0,
                    "Total Cost": 58306.47,
                    "Plan Rows": 4860,
                    "Plan Width": 4,
                    "Actual Startup Time": 0.618,
                    "Actual Total Time": 138.799,
                    "Actual Rows": 3926,
                    "Actual Loops": 2,
                    "Filter": "((kind_id < 7) AND (production_year = 1986))",
                    "Rows Removed by Filter": 1260230
                  },
                  {
                    "Node Type": "Index Scan",
                    "Parent Relationship": "Inner",
                    "Parallel Aware": false,
                    "Scan Direction": "Forward",
                    "Index Name": "movie_id_movie_keyword",
                    "Relation Name": "movie_keyword",
                    "Alias": "mk",
                    "Startup Cost": 0.43,
                    "Total Cost": 8.11,
                    "Plan Rows": 30,
                    "Plan Width": 4,
                    "Actual Startup Time": 0.006,
                    "Actual Total Time": 0.007,
                    "Actual Rows": 3,
                    "Actual Loops": 7852,
                    "Index Cond": "(movie_id = t.id)",
                    "Rows Removed by Index Recheck": 0,
                    "Filter": "(keyword_id < 10180)",
                    "Rows Removed by Filter": 2
                  }
                ]
              }
            ]
          }
        ]
      }
    ]
  },
  "Planning Time": 0.472,
  "Triggers": [],
  "Execution Time": 189.319
}