[
  {
    "Plan": {
      "Node Type": "Aggregate",
      "Strategy": "Plain",
      "Partial Mode": "Finalize",
      "Parallel Aware": false,
      "Startup Cost": 616009.11,
      "Total Cost": 616009.12,
      "Plan Rows": 1,
      "Plan Width": 8,
      "Actual Startup Time": 3130.524,
      "Actual Total Time": 3248.153,
      "Actual Rows": 1,
      "Actual Loops": 1,
      "Plans": [
        {
          "Node Type": "Gather",
          "Parent Relationship": "Outer",
          "Parallel Aware": false,
          "Startup Cost": 616008.48,
          "Total Cost": 616009.09,
          "Plan Rows": 6,
          "Plan Width": 8,
          "Actual Startup Time": 3119.669,
          "Actual Total Time": 3248.135,
          "Actual Rows": 7,
          "Actual Loops": 1,
          "Workers Planned": 6,
          "Workers Launched": 6,
          "Single Copy": false,
          "Plans": [
            {
              "Node Type": "Aggregate",
              "Strategy": "Plain",
              "Partial Mode": "Partial",
              "Parent Relationship": "Outer",
              "Parallel Aware": false,
              "Startup Cost": 615008.48,
              "Total Cost": 615008.49,
              "Plan Rows": 1,
              "Plan Width": 8,
              "Actual Startup Time": 3102.889,
              "Actual Total Time": 3102.983,
              "Actual Rows": 1,
              "Actual Loops": 7,
              "Plans": [
                {
                  "Node Type": "Hash Join",
                  "Parent Relationship": "Outer",
                  "Parallel Aware": true,
                  "Join Type": "Inner",
                  "Startup Cost": 255438.84,
                  "Total Cost": 607604.97,
                  "Plan Rows": 2961406,
                  "Plan Width": 0,
                  "Actual Startup Time": 1048.639,
                  "Actual Total Time": 3016.166,
                  "Actual Rows": 1503923,
                  "Actual Loops": 7,
                  "Inner Unique": false,
                  "Hash Cond": "(ci.movie_id = t.id)",
                  "Plans": [
                    {
                      "Node Type": "Seq Scan",
                      "Parent Relationship": "Outer",
                      "Parallel Aware": true,
                      "Relation Name": "cast_info",
                      "Alias": "ci",
                      "Startup Cost": 0.0,
                      "Total Cost": 328211.39,
                      "Plan Rows": 4808512,
                      "Plan Width": 4,
                      "Actual Startup Time": 100.562,
                      "Actual Total Time": 818.13,
                      "Actual Rows": 4101614,
                      "Actual Loops": 7,
                      "Filter": "(person_id > 730397)",
                      "Rows Removed by Filter": 1076149
                    },
                    {
                      "Node Type": "Hash",
                      "Parent Relationship": "Inner",
                      "Parallel Aware": true,
                      "Startup Cost": 251545.9,
                      "Total Cost": 251545.9,
                      "Plan Rows": 311435,
                      "Plan Width": 8,
                      "Actual Startup Time": 943.059,
                      "Actual Total Time": 943.152,
                      "Actual Rows": 131568,
                      "Actual Loops": 7,
                      "Hash Buckets": 2097152,
                      "Original Hash Buckets": 2097152,
                      "Hash Batches": 1,
                      "Original Hash Batches": 1,
                      "Peak Memory Usage": 52512,
                      "Plans": [
                        {
                          "Node Type": "Hash Join",
                          "Parent Relationship": "Outer",
                          "Parallel Aware": true,
                          "Join Type": "Inner",
                          "Startup Cost": 46582.86,
                          "Total Cost": 251545.9,
                          "Plan Rows": 311435,
                          "Plan Width": 8,
                          "Actual Startup Time": 140.53,
                          "Actual Total Time": 849.326,
                          "Actual Rows": 131568,
                          "Actual Loops": 7,
                          "Inner Unique": true,
                          "Hash Cond": "(mi.movie_id = t.id)",
                          "Plans": [
                            {
                              "Node Type": "Seq Scan",
                              "Parent Relationship": "Outer",
                              "Parallel Aware": true,
                              "Relation Name": "movie_info",
                              "Alias": "mi",
                              "Startup Cost": 0.0,
                              "Total Cost": 199108.24,
                              "Plan Rows": 2230394,
                              "Plan Width": 4,
                              "Actual Startup Time": 0.04,
                              "Actual Total Time": 430.267,
                              "Actual Rows": 1601535,
                              "Actual Loops": 7,
                              "Filter": "(info_type_id > 3)",
                              "Rows Removed by Filter": 517854
                            },
                            {
                              "Node Type": "Hash",
                              "Parent Relationship": "Inner",
                              "Parallel Aware": true,
                              "Startup Cost": 45479.59,
                              "Total Cost": 45479.59,
                              "Plan Rows": 88262,
                              "Plan Width": 4,
                              "Actual Startup Time": 138.429,
                              "Actual Total Time": 138.431,
                              "Actual Rows": 32668,
                              "Actual Loops": 7,
                              "Hash Buckets": 524288,
                              "Original Hash Buckets": 524288,
                              "Hash Batches": 1,
                              "Original Hash Batches": 1,
                              "Peak Memory Usage": 13152,
                              "Plans": [
                                {
                                  "Node Type": "Seq Scan",
                                  "Parent Relationship": "Outer",
                                  "Parallel Aware": true,
                                  "Relation Name": "title",
                                  "Alias": "t",
                                  "Startup Cost": 0.0,
                                  "Total Cost": 45479.59,
                                  "Plan Rows": 88262,
                                  "Plan Width": 4,
                                  "Actual Startup Time": 0.069,
                                  "Actual Total Time": 106.538,
                                  "Actual Rows": 32668,
                                  "Actual Loops": 7,
                                  "Filter": "((kind_id > 1) AND (production_year < 1979))",
                                  "Rows Removed by Filter": 328520
                                }
                              ]
                            }
                          ]
                        }
                      ]
                    }
                  ]
                }
              ]
            }
          ]
        }
      ]
    },
    "Planning Time": 0.8,
    "Triggers": [],
    "Execution Time": 3248.232
  }
]