{
  "Plan": {
    "Node Type": "Aggregate",
    "Strategy": "Plain",
    "Partial Mode": "Finalize",
    "Parallel Aware": false,
    "Startup Cost": 636403.34,
    "Total Cost": 636403.35,
    "Plan Rows": 1,
    "Plan Width": 8,
    "Actual Startup Time": 2245.727,
    "Actual Total Time": 2318.199,
    "Actual Rows": 1,
    "Actual Loops": 1,
    "Plans": [
      {
        "Node Type": "Gather",
        "Parent Relationship": "Outer",
        "Parallel Aware": false,
        "Startup Cost": 636403.23,
        "Total Cost": 636403.34,
        "Plan Rows": 1,
        "Plan Width": 8,
        "Actual Startup Time": 2244.725,
        "Actual Total Time": 2318.19,
        "Actual Rows": 2,
        "Actual Loops": 1,
        "Workers Planned": 1,
        "Workers Launched": 1,
        "Single Copy": false,
        "Plans": [
          {
            "Node Type": "Aggregate",
            "Strategy": "Plain",
            "Partial Mode": "Partial",
            "Parent Relationship": "Outer",
            "Parallel Aware": false,
            "Startup Cost": 635403.23,
            "Total Cost": 635403.24,
            "Plan Rows": 1,
            "Plan Width": 8,
            "Actual Startup Time": 2238.626,
            "Actual Total Time": 2238.63,
            "Actual Rows": 1,
            "Actual Loops": 2,
            "Plans": [
              {
                "Node Type": "Hash Join",
                "Parent Relationship": "Outer",
                "Parallel Aware": true,
                "Join Type": "Inner",
                "Startup Cost": 99657.61,
                "Total Cost": 635287.33,
                "Plan Rows": 46360,
                "Plan Width": 0,
                "Actual Startup Time": 295.441,
                "Actual Total Time": 2236.973,
                "Actual Rows": 29583,
                "Actual Loops": 2,
                "Inner Unique": false,
                "Hash Cond": "(t.id = mc.movie_id)",
                "Plans": [
                  {
                    "Node Type": "Hash Join",
                    "Parent Relationship": "Outer",
                    "Parallel Aware": true,
                    "Join Type": "Inner",
                    "Startup Cost": 55651.14,
                    "Total Cost": 589056.84,
                    "Plan Rows": 312211,
                    "Plan Width": 8,
                    "Actual Startup Time": 140.437,
                    "Actual Total Time": 2012.675,
                    "Actual Rows": 260172,
                    "Actual Loops": 2,
                    "Inner Unique": true,
                    "Hash Cond": "(ci.movie_id = t.id)",
                    "Plans": [
                      {
                        "Node Type": "Seq Scan",
                        "Parent Relationship": "Outer",
                        "Parallel Aware": true,
                        "Relation Name": "cast_info",
                        "Alias": "ci",
                        "Startup Cost": 0.0,
                        "Total Cost": 519069.44,
                        "Plan Rows": 5461424,
                        "Plan Width": 4,
                        "Actual Startup Time": 0.012,
                        "Actual Total Time": 1275.817,
                        "Actual Rows": 4701236,
                        "Actual Loops": 2,
                        "Filter": "(person_id < 925334)",
                        "Rows Removed by Filter": 13420936
                      },
                      {
                        "Node Type": "Hash",
                        "Parent Relationship": "Inner",
                        "Parallel Aware": true,
                        "Startup Cost": 54588.39,
                        "Total Cost": 54588.39,
                        "Plan Rows": 85020,
                        "Plan Width": 4,
                        "Actual Startup Time": 139.876,
                        "Actual Total Time": 139.877,
                        "Actual Rows": 70852,
                        "Actual Loops": 2,
                        "Hash Buckets": 262144,
                        "Original Hash Buckets": 262144,
                        "Hash Batches": 1,
                        "Original Hash Batches": 1,
                        "Peak Memory Usage": 7648,
                        "Plans": [
                          {
                            "Node Type": "Seq Scan",
                            "Parent Relationship": "Outer",
                            "Parallel Aware": true,
                            "Relation Name": "title",
                            "Alias": "t",
                            "Startup Cost": 0.0,
                            "Total Cost": 54588.39,
                            "Plan Rows": 85020,
                            "Plan Width": 4,
                            "Actual Startup Time": 0.017,
                            "Actual Total Time": 120.907,
                            "Actual Rows": 70852,
                            "Actual Loops": 2,
                            "Filter": "(production_year = 2010)",
                            "Rows Removed by Filter": 1193304
                          }
                        ]
                      }
                    ]
                  },
                  {
                    "Node Type": "Hash",
                    "Parent Relationship": "Inner",
                    "Parallel Aware": true,
                    "Startup Cost": 41246.02,
                    "Total Cost": 41246.02,
                    "Plan Rows": 220836,
                    "Plan Width": 4,
                    "Actual Startup Time": 149.644,
                    "Actual Total Time": 149.645,
                    "Actual Rows": 107694,
                    "Actual Loops": 2,
                    "Hash Buckets": 524288,
                    "Original Hash Buckets": 524288,
                    "Hash Batches": 1,
                    "Original Hash Batches": 1,
                    "Peak Memory Usage": 12544,
                    "Plans": [
                      {
                        "Node Type": "Bitmap Heap Scan",
                        "Parent Relationship": "Outer",
                        "Parallel Aware": true,
                        "Relation Name": "movie_companies",
                        "Alias": "mc",
                        "Startup Cost": 15931.84,
                        "Total Cost": 41246.02,
                        "Plan Rows": 220836,
                        "Plan Width": 4,
                        "Actual Startup Time": 100.722,
                        "Actual Total Time": 126.73,
                        "Actual Rows": 107694,
                        "Actual Loops": 2,
                        "Recheck Cond": "(company_id < 1435)",
                        "Rows Removed by Index Recheck": 0,
                        "Filter": "(company_type_id = 2)",
                        "Rows Removed by Filter": 259846,
                        "Exact Heap Blocks": 12911,
                        "Lossy Heap Blocks": 0,
                        "Plans": [
                          {
                            "Node Type": "Bitmap Index Scan",
                            "Parent Relationship": "Outer",
                            "Parallel Aware": false,
                            "Index Name": "company_id_movie_companies",
                            "Startup Cost": 0.0,
                            "Total Cost": 15837.98,
                            "Plan Rows": 739407,
                            "Plan Width": 0,
                            "Actual Startup Time": 49.332,
                            "Actual Total Time": 49.333,
                            "Actual Rows": 735082,
                            "Actual Loops": 1,
                            "Index Cond": "(company_id < 1435)"
                          }
                        ]
                      }
                    ]
                  }
                ]
              }
            ]
          }
        ]
      }
    ]
  },
  "Planning Time": 1.022,
  "Triggers": [],
  "Execution Time": 2318.344
}