[
  {
    "Plan": {
      "Node Type": "Aggregate",
      "Strategy": "Plain",
      "Partial Mode": "Finalize",
      "Parallel Aware": false,
      "Startup Cost": 376436.82,
      "Total Cost": 376436.83,
      "Plan Rows": 1,
      "Plan Width": 8,
      "Actual Startup Time": 507.625,
      "Actual Total Time": 525.977,
      "Actual Rows": 1,
      "Actual Loops": 1,
      "Plans": [
        {
          "Node Type": "Gather",
          "Parent Relationship": "Outer",
          "Parallel Aware": false,
          "Startup Cost": 376436.19,
          "Total Cost": 376436.8,
          "Plan Rows": 6,
          "Plan Width": 8,
          "Actual Startup Time": 500.24,
          "Actual Total Time": 525.968,
          "Actual Rows": 7,
          "Actual Loops": 1,
          "Workers Planned": 6,
          "Workers Launched": 6,
          "Single Copy": false,
          "Plans": [
            {
              "Node Type": "Aggregate",
              "Strategy": "Plain",
              "Partial Mode": "Partial",
              "Parent Relationship": "Outer",
              "Parallel Aware": false,
              "Startup Cost": 375436.19,
              "Total Cost": 375436.2,
              "Plan Rows": 1,
              "Plan Width": 8,
              "Actual Startup Time": 491.947,
              "Actual Total Time": 491.95,
              "Actual Rows": 1,
              "Actual Loops": 7,
              "Plans": [
                {
                  "Node Type": "Hash Join",
                  "Parent Relationship": "Outer",
                  "Parallel Aware": true,
                  "Join Type": "Inner",
                  "Startup Cost": 114221.42,
                  "Total Cost": 375284.21,
                  "Plan Rows": 60792,
                  "Plan Width": 0,
                  "Actual Startup Time": 244.289,
                  "Actual Total Time": 485.259,
                  "Actual Rows": 111384,
                  "Actual Loops": 7,
                  "Inner Unique": true,
                  "Hash Cond": "(ci.movie_id = t.id)",
                  "Plans": [
                    {
                      "Node Type": "Bitmap Heap Scan",
                      "Parent Relationship": "Outer",
                      "Parallel Aware": true,
                      "Relation Name": "cast_info",
                      "Alias": "ci",
                      "Startup Cost": 68224.44,
                      "Total Cost": 328686.26,
                      "Plan Rows": 228942,
                      "Plan Width": 4,
                      "Actual Startup Time": 136.904,
                      "Actual Total Time": 272.276,
                      "Actual Rows": 453527,
                      "Actual Loops": 7,
                      "Recheck Cond": "(person_id > 3476941)",
                      "Rows Removed by Index Recheck": 0,
                      "Filter": "(role_id > 2)",
                      "Rows Removed by Filter": 0,
                      "Exact Heap Blocks": 6085,
                      "Lossy Heap Blocks": 0,
                      "Plans": [
                        {
                          "Node Type": "Bitmap Index Scan",
                          "Parent Relationship": "Outer",
                          "Parallel Aware": false,
                          "Index Name": "person_id_cast_info",
                          "Startup Cost": 0.0,
                          "Total Cost": 67881.02,
                          "Plan Rows": 3109928,
                          "Plan Width": 0,
                          "Actual Startup Time": 129.276,
                          "Actual Total Time": 129.277,
                          "Actual Rows": 3174689,
                          "Actual Loops": 1,
                          "Index Cond": "(person_id > 3476941)"
                        }
                      ]
                    },
                    {
                      "Node Type": "Hash",
                      "Parent Relationship": "Inner",
                      "Parallel Aware": true,
                      "Startup Cost": 43899.01,
                      "Total Cost": 43899.01,
                      "Plan Rows": 167838,
                      "Plan Width": 4,
                      "Actual Startup Time": 105.537,
                      "Actual Total Time": 105.538,
                      "Actual Rows": 94689,
                      "Actual Loops": 7,
                      "Hash Buckets": 1048576,
                      "Original Hash Buckets": 1048576,
                      "Hash Batches": 1,
                      "Original Hash Batches": 1,
                      "Peak Memory Usage": 34272,
                      "Plans": [
                        {
                          "Node Type": "Seq Scan",
                          "Parent Relationship": "Outer",
                          "Parallel Aware": true,
                          "Relation Name": "title",
                          "Alias": "t",
                          "Startup Cost": 0.0,
                          "Total Cost": 43899.01,
                          "Plan Rows": 167838,
                          "Plan Width": 4,
                          "Actual Startup Time": 34.43,
                          "Actual Total Time": 68.905,
                          "Actual Rows": 94689,
                          "Actual Loops": 7,
                          "Filter": "(kind_id < 2)",
                          "Rows Removed by Filter": 266498
                        }
                      ]
                    }
                  ]
                }
              ]
            }
          ]
        }
      ]
    },
    "Planning Time": 0.303,
    "Triggers": [],
    "Execution Time": 526.031
  }
]