[
    {
        "Bao": {
            "Bao prediction": "NaN",
            "Bao recommended hint": "(no hint)"
        }
    },
    {
        "Plan": {
            "Node Type": "Aggregate",
            "Strategy": "Plain",
            "Partial Mode": "Finalize",
            "Parallel Aware": false,
            "Startup Cost": 390265.52,
            "Total Cost": 390265.53,
            "Plan Rows": 1,
            "Plan Width": 8,
            "Actual Startup Time": 1880.973,
            "Actual Total Time": 1932.505,
            "Actual Rows": 1,
            "Actual Loops": 1,
            "Output": [
                "count(*)"
            ],
            "Plans": [
                {
                    "Node Type": "Gather",
                    "Parent Relationship": "Outer",
                    "Parallel Aware": false,
                    "Startup Cost": 390264.89,
                    "Total Cost": 390265.5,
                    "Plan Rows": 6,
                    "Plan Width": 8,
                    "Actual Startup Time": 1875.4,
                    "Actual Total Time": 1932.492,
                    "Actual Rows": 7,
                    "Actual Loops": 1,
                    "Output": [
                        "(PARTIAL count(*))"
                    ],
                    "Workers Planned": 6,
                    "Workers Launched": 6,
                    "Single Copy": false,
                    "Plans": [
                        {
                            "Node Type": "Aggregate",
                            "Strategy": "Plain",
                            "Partial Mode": "Partial",
                            "Parent Relationship": "Outer",
                            "Parallel Aware": false,
                            "Startup Cost": 389264.89,
                            "Total Cost": 389264.9,
                            "Plan Rows": 1,
                            "Plan Width": 8,
                            "Actual Startup Time": 1865.223,
                            "Actual Total Time": 1865.226,
                            "Actual Rows": 1,
                            "Actual Loops": 7,
                            "Output": [
                                "PARTIAL count(*)"
                            ],
                            "Workers": [
                                {
                                    "Worker Number": 0,
                                    "Actual Startup Time": 1862.186,
                                    "Actual Total Time": 1862.19,
                                    "Actual Rows": 1,
                                    "Actual Loops": 1
                                },
                                {
                                    "Worker Number": 1,
                                    "Actual Startup Time": 1864.195,
                                    "Actual Total Time": 1864.198,
                                    "Actual Rows": 1,
                                    "Actual Loops": 1
                                },
                                {
                                    "Worker Number": 2,
                                    "Actual Startup Time": 1863.293,
                                    "Actual Total Time": 1863.298,
                                    "Actual Rows": 1,
                                    "Actual Loops": 1
                                },
                                {
                                    "Worker Number": 3,
                                    "Actual Startup Time": 1863.297,
                                    "Actual Total Time": 1863.301,
                                    "Actual Rows": 1,
                                    "Actual Loops": 1
                                },
                                {
                                    "Worker Number": 4,
                                    "Actual Startup Time": 1864.082,
                                    "Actual Total Time": 1864.084,
                                    "Actual Rows": 1,
                                    "Actual Loops": 1
                                },
                                {
                                    "Worker Number": 5,
                                    "Actual Startup Time": 1864.549,
                                    "Actual Total Time": 1864.552,
                                    "Actual Rows": 1,
                                    "Actual Loops": 1
                                }
                            ],
                            "Plans": [
                                {
                                    "Node Type": "Hash Join",
                                    "Parent Relationship": "Outer",
                                    "Parallel Aware": true,
                                    "Join Type": "Inner",
                                    "Startup Cost": 47434.76,
                                    "Total Cost": 385195.81,
                                    "Plan Rows": 1627634,
                                    "Plan Width": 0,
                                    "Actual Startup Time": 308.072,
                                    "Actual Total Time": 1793.475,
                                    "Actual Rows": 1216670,
                                    "Actual Loops": 7,
                                    "Inner Unique": true,
                                    "Hash Cond": "(ci.movie_id = t.id)",
                                    "Workers": [
                                        {
                                            "Worker Number": 0,
                                            "Actual Startup Time": 305.223,
                                            "Actual Total Time": 1786.991,
                                            "Actual Rows": 1032036,
                                            "Actual Loops": 1
                                        },
                                        {
                                            "Worker Number": 1,
                                            "Actual Startup Time": 306.32,
                                            "Actual Total Time": 1787.453,
                                            "Actual Rows": 1051136,
                                            "Actual Loops": 1
                                        },
                                        {
                                            "Worker Number": 2,
                                            "Actual Startup Time": 306.282,
                                            "Actual Total Time": 1786.926,
                                            "Actual Rows": 1046570,
                                            "Actual Loops": 1
                                        },
                                        {
                                            "Worker Number": 3,
                                            "Actual Startup Time": 306.272,
                                            "Actual Total Time": 1786.798,
                                            "Actual Rows": 1046832,
                                            "Actual Loops": 1
                                        },
                                        {
                                            "Worker Number": 4,
                                            "Actual Startup Time": 307.003,
                                            "Actual Total Time": 1800.837,
                                            "Actual Rows": 1411497,
                                            "Actual Loops": 1
                                        },
                                        {
                                            "Worker Number": 5,
                                            "Actual Startup Time": 307.499,
                                            "Actual Total Time": 1796.602,
                                            "Actual Rows": 1428825,
                                            "Actual Loops": 1
                                        }
                                    ],
                                    "Plans": [
                                        {
                                            "Node Type": "Seq Scan",
                                            "Parent Relationship": "Outer",
                                            "Parallel Aware": true,
                                            "Relation Name": "cast_info",
                                            "Schema": "public",
                                            "Alias": "ci",
                                            "Startup Cost": 0.0,
                                            "Total Cost": 328213.62,
                                            "Plan Rows": 3637113,
                                            "Plan Width": 4,
                                            "Actual Startup Time": 147.645,
                                            "Actual Total Time": 637.293,
                                            "Actual Rows": 3118952,
                                            "Actual Loops": 7,
                                            "Output": [
                                                "ci.id",
                                                "ci.person_id",
                                                "ci.movie_id",
                                                "ci.person_role_id",
                                                "ci.note",
                                                "ci.nr_order",
                                                "ci.role_id"
                                            ],
                                            "Filter": "(ci.person_id > 1419405)",
                                            "Rows Removed by Filter": 2058811,
                                            "Workers": [
                                                {
                                                    "Worker Number": 0,
                                                    "Actual Startup Time": 147.634,
                                                    "Actual Total Time": 670.693,
                                                    "Actual Rows": 2631580,
                                                    "Actual Loops": 1
                                                },
                                                {
                                                    "Worker Number": 1,
                                                    "Actual Startup Time": 147.647,
                                                    "Actual Total Time": 661.883,
                                                    "Actual Rows": 2675145,
                                                    "Actual Loops": 1
                                                },
                                                {
                                                    "Worker Number": 2,
                                                    "Actual Startup Time": 147.644,
                                                    "Actual Total Time": 665.807,
                                                    "Actual Rows": 2674644,
                                                    "Actual Loops": 1
                                                },
                                                {
                                                    "Worker Number": 3,
                                                    "Actual Startup Time": 147.655,
                                                    "Actual Total Time": 662.098,
                                                    "Actual Rows": 2665484,
                                                    "Actual Loops": 1
                                                },
                                                {
                                                    "Worker Number": 4,
                                                    "Actual Startup Time": 147.651,
                                                    "Actual Total Time": 616.108,
                                                    "Actual Rows": 3618120,
                                                    "Actual Loops": 1
                                                },
                                                {
                                                    "Worker Number": 5,
                                                    "Actual Startup Time": 147.644,
                                                    "Actual Total Time": 616.906,
                                                    "Actual Rows": 3670488,
                                                    "Actual Loops": 1
                                                }
                                            ]
                                        },
                                        {
                                            "Node Type": "Hash",
                                            "Parent Relationship": "Inner",
                                            "Parallel Aware": true,
                                            "Startup Cost": 43899.01,
                                            "Total Cost": 43899.01,
                                            "Plan Rows": 282860,
                                            "Plan Width": 4,
                                            "Actual Startup Time": 156.814,
                                            "Actual Total Time": 156.815,
                                            "Actual Rows": 161908,
                                            "Actual Loops": 7,
                                            "Output": [
                                                "t.id"
                                            ],
                                            "Hash Buckets": 2097152,
                                            "Original Hash Buckets": 2097152,
                                            "Hash Batches": 1,
                                            "Original Hash Batches": 1,
                                            "Peak Memory Usage": 60832,
                                            "Workers": [
                                                {
                                                    "Worker Number": 0,
                                                    "Actual Startup Time": 156.525,
                                                    "Actual Total Time": 156.526,
                                                    "Actual Rows": 127902,
                                                    "Actual Loops": 1
                                                },
                                                {
                                                    "Worker Number": 1,
                                                    "Actual Startup Time": 156.939,
                                                    "Actual Total Time": 156.94,
                                                    "Actual Rows": 129982,
                                                    "Actual Loops": 1
                                                },
                                                {
                                                    "Worker Number": 2,
                                                    "Actual Startup Time": 156.985,
                                                    "Actual Total Time": 156.986,
                                                    "Actual Rows": 129263,
                                                    "Actual Loops": 1
                                                },
                                                {
                                                    "Worker Number": 3,
                                                    "Actual Startup Time": 156.988,
                                                    "Actual Total Time": 156.989,
                                                    "Actual Rows": 130511,
                                                    "Actual Loops": 1
                                                },
                                                {
                                                    "Worker Number": 4,
                                                    "Actual Startup Time": 158.242,
                                                    "Actual Total Time": 158.243,
                                                    "Actual Rows": 174612,
                                                    "Actual Loops": 1
                                                },
                                                {
                                                    "Worker Number": 5,
                                                    "Actual Startup Time": 159.042,
                                                    "Actual Total Time": 159.043,
                                                    "Actual Rows": 179863,
                                                    "Actual Loops": 1
                                                }
                                            ],
                                            "Plans": [
                                                {
                                                    "Node Type": "Seq Scan",
                                                    "Parent Relationship": "Outer",
                                                    "Parallel Aware": true,
                                                    "Relation Name": "title",
                                                    "Schema": "public",
                                                    "Alias": "t",
                                                    "Startup Cost": 0.0,
                                                    "Total Cost": 43899.01,
                                                    "Plan Rows": 282860,
                                                    "Plan Width": 4,
                                                    "Actual Startup Time": 0.05,
                                                    "Actual Total Time": 79.415,
                                                    "Actual Rows": 161908,
                                                    "Actual Loops": 7,
                                                    "Output": [
                                                        "t.id"
                                                    ],
                                                    "Filter": "(t.production_year < 2002)",
                                                    "Rows Removed by Filter": 199280,
                                                    "Workers": [
                                                        {
                                                            "Worker Number": 0,
                                                            "Actual Startup Time": 0.06,
                                                            "Actual Total Time": 81.861,
                                                            "Actual Rows": 127902,
                                                            "Actual Loops": 1
                                                        },
                                                        {
                                                            "Worker Number": 1,
                                                            "Actual Startup Time": 0.06,
                                                            "Actual Total Time": 82.709,
                                                            "Actual Rows": 129982,
                                                            "Actual Loops": 1
                                                        },
                                                        {
                                                            "Worker Number": 2,
                                                            "Actual Startup Time": 0.067,
                                                            "Actual Total Time": 82.323,
                                                            "Actual Rows": 129263,
                                                            "Actual Loops": 1
                                                        },
                                                        {
                                                            "Worker Number": 3,
                                                            "Actual Startup Time": 0.054,
                                                            "Actual Total Time": 82.322,
                                                            "Actual Rows": 130511,
                                                            "Actual Loops": 1
                                                        },
                                                        {
                                                            "Worker Number": 4,
                                                            "Actual Startup Time": 0.048,
                                                            "Actual Total Time": 78.12,
                                                            "Actual Rows": 174612,
                                                            "Actual Loops": 1
                                                        },
                                                        {
                                                            "Worker Number": 5,
                                                            "Actual Startup Time": 0.046,
                                                            "Actual Total Time": 79.601,
                                                            "Actual Rows": 179863,
                                                            "Actual Loops": 1
                                                        }
                                                    ]
                                                }
                                            ]
                                        }
                                    ]
                                }
                            ]
                        }
                    ]
                }
            ]
        },
        "Planning Time": 215.681,
        "Triggers": [],
        "Execution Time": 1932.591
    }
]