[
  {
    "Plan": {
      "Node Type": "Aggregate",
      "Strategy": "Plain",
      "Partial Mode": "Finalize",
      "Parallel Aware": false,
      "Startup Cost": 17279.22,
      "Total Cost": 17279.23,
      "Plan Rows": 1,
      "Plan Width": 8,
      "Actual Startup Time": 26.168,
      "Actual Total Time": 30.185,
      "Actual Rows": 1,
      "Actual Loops": 1,
      "Plans": [
        {
          "Node Type": "Gather",
          "Parent Relationship": "Outer",
          "Parallel Aware": false,
          "Startup Cost": 17279.1,
          "Total Cost": 17279.21,
          "Plan Rows": 1,
          "Plan Width": 8,
          "Actual Startup Time": 26.015,
          "Actual Total Time": 30.177,
          "Actual Rows": 2,
          "Actual Loops": 1,
          "Workers Planned": 1,
          "Workers Launched": 1,
          "Single Copy": false,
          "Plans": [
            {
              "Node Type": "Aggregate",
              "Strategy": "Plain",
              "Partial Mode": "Partial",
              "Parent Relationship": "Outer",
              "Parallel Aware": false,
              "Startup Cost": 16279.1,
              "Total Cost": 16279.11,
              "Plan Rows": 1,
              "Plan Width": 8,
              "Actual Startup Time": 19.898,
              "Actual Total Time": 19.9,
              "Actual Rows": 1,
              "Actual Loops": 2,
              "Plans": [
                {
                  "Node Type": "Nested Loop",
                  "Parent Relationship": "Outer",
                  "Parallel Aware": false,
                  "Join Type": "Inner",
                  "Startup Cost": 74.05,
                  "Total Cost": 16276.71,
                  "Plan Rows": 957,
                  "Plan Width": 0,
                  "Actual Startup Time": 2.318,
                  "Actual Total Time": 19.686,
                  "Actual Rows": 1198,
                  "Actual Loops": 2,
                  "Inner Unique": true,
                  "Plans": [
                    {
                      "Node Type": "Bitmap Heap Scan",
                      "Parent Relationship": "Outer",
                      "Parallel Aware": true,
                      "Relation Name": "movie_companies",
                      "Alias": "mc",
                      "Startup Cost": 73.62,
                      "Total Cost": 8590.08,
                      "Plan Rows": 957,
                      "Plan Width": 4,
                      "Actual Startup Time": 2.158,
                      "Actual Total Time": 7.683,
                      "Actual Rows": 1198,
                      "Actual Loops": 2,
                      "Recheck Cond": "(company_id = 419)",
                      "Rows Removed by Index Recheck": 0,
                      "Filter": "(company_type_id = 1)",
                      "Rows Removed by Filter": 566,
                      "Exact Heap Blocks": 2176,
                      "Lossy Heap Blocks": 0,
                      "Plans": [
                        {
                          "Node Type": "Bitmap Index Scan",
                          "Parent Relationship": "Outer",
                          "Parallel Aware": false,
                          "Index Name": "company_id_movie_companies",
                          "Startup Cost": 0.0,
                          "Total Cost": 73.22,
                          "Plan Rows": 3305,
                          "Plan Width": 0,
                          "Actual Startup Time": 2.997,
                          "Actual Total Time": 2.998,
                          "Actual Rows": 3529,
                          "Actual Loops": 1,
                          "Index Cond": "(company_id = 419)"
                        }
                      ]
                    },
                    {
                      "Node Type": "Index Only Scan",
                      "Parent Relationship": "Inner",
                      "Parallel Aware": false,
                      "Scan Direction": "Forward",
                      "Index Name": "title_pkey",
                      "Relation Name": "title",
                      "Alias": "t",
                      "Startup Cost": 0.43,
                      "Total Cost": 8.03,
                      "Plan Rows": 1,
                      "Plan Width": 4,
                      "Actual Startup Time": 0.009,
                      "Actual Total Time": 0.009,
                      "Actual Rows": 1,
                      "Actual Loops": 2396,
                      "Index Cond": "(id = mc.movie_id)",
                      "Rows Removed by Index Recheck": 0,
                      "Heap Fetches": 2396
                    }
                  ]
                }
              ]
            }
          ]
        }
      ]
    },
    "Planning Time": 0.647,
    "Triggers": [],
    "Execution Time": 30.269
  }
]