[
  {
    "Plan": {
      "Node Type": "Aggregate",
      "Strategy": "Plain",
      "Partial Mode": "Finalize",
      "Parallel Aware": false,
      "Startup Cost": 478365.65,
      "Total Cost": 478365.66,
      "Plan Rows": 1,
      "Plan Width": 8,
      "Actual Startup Time": 4140.788,
      "Actual Total Time": 4196.817,
      "Actual Rows": 1,
      "Actual Loops": 1,
      "Plans": [
        {
          "Node Type": "Gather",
          "Parent Relationship": "Outer",
          "Parallel Aware": false,
          "Startup Cost": 478365.03,
          "Total Cost": 478365.64,
          "Plan Rows": 6,
          "Plan Width": 8,
          "Actual Startup Time": 4129.277,
          "Actual Total Time": 4196.804,
          "Actual Rows": 7,
          "Actual Loops": 1,
          "Workers Planned": 6,
          "Workers Launched": 6,
          "Single Copy": false,
          "Plans": [
            {
              "Node Type": "Aggregate",
              "Strategy": "Plain",
              "Partial Mode": "Partial",
              "Parent Relationship": "Outer",
              "Parallel Aware": false,
              "Startup Cost": 477365.03,
              "Total Cost": 477365.04,
              "Plan Rows": 1,
              "Plan Width": 8,
              "Actual Startup Time": 4106.773,
              "Actual Total Time": 4107.112,
              "Actual Rows": 1,
              "Actual Loops": 7,
              "Plans": [
                {
                  "Node Type": "Hash Join",
                  "Parent Relationship": "Outer",
                  "Parallel Aware": true,
                  "Join Type": "Inner",
                  "Startup Cost": 99864.16,
                  "Total Cost": 464934.08,
                  "Plan Rows": 4972378,
                  "Plan Width": 0,
                  "Actual Startup Time": 531.487,
                  "Actual Total Time": 3452.147,
                  "Actual Rows": 13232412,
                  "Actual Loops": 7,
                  "Inner Unique": false,
                  "Hash Cond": "(ci.movie_id = t.id)",
                  "Plans": [
                    {
                      "Node Type": "Seq Scan",
                      "Parent Relationship": "Outer",
                      "Parallel Aware": true,
                      "Relation Name": "cast_info",
                      "Alias": "ci",
                      "Startup Cost": 0.0,
                      "Total Cost": 328211.39,
                      "Plan Rows": 5551629,
                      "Plan Width": 4,
                      "Actual Startup Time": 38.582,
                      "Actual Total Time": 728.076,
                      "Actual Rows": 4743452,
                      "Actual Loops": 7,
                      "Filter": "(person_id > 295026)",
                      "Rows Removed by Filter": 434311
                    },
                    {
                      "Node Type": "Hash",
                      "Parent Relationship": "Inner",
                      "Parallel Aware": true,
                      "Startup Cost": 90732.68,
                      "Total Cost": 90732.68,
                      "Plan Rows": 730519,
                      "Plan Width": 8,
                      "Actual Startup Time": 486.356,
                      "Actual Total Time": 486.693,
                      "Actual Rows": 246818,
                      "Actual Loops": 7,
                      "Hash Buckets": 4194304,
                      "Original Hash Buckets": 4194304,
                      "Hash Batches": 1,
                      "Original Hash Batches": 1,
                      "Peak Memory Usage": 100448,
                      "Plans": [
                        {
                          "Node Type": "Hash Join",
                          "Parent Relationship": "Outer",
                          "Parallel Aware": true,
                          "Join Type": "Inner",
                          "Startup Cost": 47854.6,
                          "Total Cost": 90732.68,
                          "Plan Rows": 730519,
                          "Plan Width": 8,
                          "Actual Startup Time": 195.071,
                          "Actual Total Time": 386.425,
                          "Actual Rows": 246818,
                          "Actual Loops": 7,
                          "Inner Unique": true,
                          "Hash Cond": "(mk.movie_id = t.id)",
                          "Plans": [
                            {
                              "Node Type": "Seq Scan",
                              "Parent Relationship": "Outer",
                              "Parallel Aware": true,
                              "Relation Name": "movie_keyword",
                              "Alias": "mk",
                              "Startup Cost": 0.0,
                              "Total Cost": 39047.32,
                              "Plan Rows": 1459332,
                              "Plan Width": 4,
                              "Actual Startup Time": 0.041,
                              "Actual Total Time": 75.047,
                              "Actual Rows": 646276,
                              "Actual Loops": 7
                            },
                            {
                              "Node Type": "Hash",
                              "Parent Relationship": "Inner",
                              "Parallel Aware": true,
                              "Startup Cost": 43899.32,
                              "Total Cost": 43899.32,
                              "Plan Rows": 316422,
                              "Plan Width": 4,
                              "Actual Startup Time": 192.933,
                              "Actual Total Time": 192.935,
                              "Actual Rows": 180042,
                              "Actual Loops": 7,
                              "Hash Buckets": 2097152,
                              "Original Hash Buckets": 2097152,
                              "Hash Batches": 1,
                              "Original Hash Batches": 1,
                              "Peak Memory Usage": 65792,
                              "Plans": [
                                {
                                  "Node Type": "Seq Scan",
                                  "Parent Relationship": "Outer",
                                  "Parallel Aware": true,
                                  "Relation Name": "title",
                                  "Alias": "t",
                                  "Startup Cost": 0.0,
                                  "Total Cost": 43899.32,
                                  "Plan Rows": 316422,
                                  "Plan Width": 4,
                                  "Actual Startup Time": 0.056,
                                  "Actual Total Time": 95.472,
                                  "Actual Rows": 180042,
                                  "Actual Loops": 7,
                                  "Filter": "(production_year > 2002)",
                                  "Rows Removed by Filter": 181145
                                }
                              ]
                            }
                          ]
                        }
                      ]
                    }
                  ]
                }
              ]
            }
          ]
        }
      ]
    },
    "Planning Time": 1.177,
    "Triggers": [],
    "Execution Time": 4196.901
  }
]