[
  {
    "Plan": {
      "Node Type": "Aggregate",
      "Strategy": "Plain",
      "Partial Mode": "Finalize",
      "Parallel Aware": false,
      "Startup Cost": 99285.33,
      "Total Cost": 99285.34,
      "Plan Rows": 1,
      "Plan Width": 8,
      "Actual Startup Time": 369.663,
      "Actual Total Time": 387.074,
      "Actual Rows": 1,
      "Actual Loops": 1,
      "Plans": [
        {
          "Node Type": "Gather",
          "Parent Relationship": "Outer",
          "Parallel Aware": false,
          "Startup Cost": 99285.02,
          "Total Cost": 99285.33,
          "Plan Rows": 3,
          "Plan Width": 8,
          "Actual Startup Time": 367.936,
          "Actual Total Time": 387.067,
          "Actual Rows": 4,
          "Actual Loops": 1,
          "Workers Planned": 3,
          "Workers Launched": 3,
          "Single Copy": false,
          "Plans": [
            {
              "Node Type": "Aggregate",
              "Strategy": "Plain",
              "Partial Mode": "Partial",
              "Parent Relationship": "Outer",
              "Parallel Aware": false,
              "Startup Cost": 98285.02,
              "Total Cost": 98285.03,
              "Plan Rows": 1,
              "Plan Width": 8,
              "Actual Startup Time": 360.416,
              "Actual Total Time": 360.42,
              "Actual Rows": 1,
              "Actual Loops": 4,
              "Plans": [
                {
                  "Node Type": "Nested Loop",
                  "Parent Relationship": "Outer",
                  "Parallel Aware": false,
                  "Join Type": "Inner",
                  "Startup Cost": 22967.99,
                  "Total Cost": 98224.04,
                  "Plan Rows": 24392,
                  "Plan Width": 0,
                  "Actual Startup Time": 88.278,
                  "Actual Total Time": 356.165,
                  "Actual Rows": 62356,
                  "Actual Loops": 4,
                  "Inner Unique": true,
                  "Join Filter": "(ci.movie_id = t.id)",
                  "Rows Removed by Join Filter": 0,
                  "Plans": [
                    {
                      "Node Type": "Hash Join",
                      "Parent Relationship": "Outer",
                      "Parallel Aware": true,
                      "Join Type": "Inner",
                      "Startup Cost": 22967.56,
                      "Total Cost": 53235.26,
                      "Plan Rows": 59435,
                      "Plan Width": 8,
                      "Actual Startup Time": 88.139,
                      "Actual Total Time": 177.085,
                      "Actual Rows": 62356,
                      "Actual Loops": 4,
                      "Inner Unique": false,
                      "Hash Cond": "(mk.movie_id = ci.movie_id)",
                      "Plans": [
                        {
                          "Node Type": "Bitmap Heap Scan",
                          "Parent Relationship": "Outer",
                          "Parallel Aware": true,
                          "Relation Name": "movie_keyword",
                          "Alias": "mk",
                          "Startup Cost": 12858.44,
                          "Total Cost": 39756.78,
                          "Plan Rows": 195547,
                          "Plan Width": 4,
                          "Actual Startup Time": 36.269,
                          "Actual Total Time": 90.306,
                          "Actual Rows": 152787,
                          "Actual Loops": 4,
                          "Recheck Cond": "(keyword_id > 30228)",
                          "Rows Removed by Index Recheck": 0,
                          "Exact Heap Blocks": 7946,
                          "Lossy Heap Blocks": 0,
                          "Plans": [
                            {
                              "Node Type": "Bitmap Index Scan",
                              "Parent Relationship": "Outer",
                              "Parallel Aware": false,
                              "Index Name": "keyword_id_movie_keyword",
                              "Startup Cost": 0.0,
                              "Total Cost": 12706.9,
                              "Plan Rows": 606195,
                              "Plan Width": 0,
                              "Actual Startup Time": 32.733,
                              "Actual Total Time": 32.733,
                              "Actual Rows": 611147,
                              "Actual Loops": 1,
                              "Index Cond": "(keyword_id > 30228)"
                            }
                          ]
                        },
                        {
                          "Node Type": "Hash",
                          "Parent Relationship": "Inner",
                          "Parallel Aware": true,
                          "Startup Cost": 8837.38,
                          "Total Cost": 8837.38,
                          "Plan Rows": 101739,
                          "Plan Width": 4,
                          "Actual Startup Time": 50.189,
                          "Actual Total Time": 50.19,
                          "Actual Rows": 79030,
                          "Actual Loops": 4,
                          "Hash Buckets": 524288,
                          "Original Hash Buckets": 524288,
                          "Hash Batches": 1,
                          "Original Hash Batches": 1,
                          "Peak Memory Usage": 16512,
                          "Plans": [
                            {
                              "Node Type": "Index Scan",
                              "Parent Relationship": "Outer",
                              "Parallel Aware": true,
                              "Scan Direction": "Forward",
                              "Index Name": "role_id_cast_info",
                              "Relation Name": "cast_info",
                              "Alias": "ci",
                              "Startup Cost": 0.56,
                              "Total Cost": 8837.38,
                              "Plan Rows": 101739,
                              "Plan Width": 4,
                              "Actual Startup Time": 0.107,
                              "Actual Total Time": 22.756,
                              "Actual Rows": 79030,
                              "Actual Loops": 4,
                              "Index Cond": "(role_id > 10)",
                              "Rows Removed by Index Recheck": 0
                            }
                          ]
                        }
                      ]
                    },
                    {
                      "Node Type": "Index Only Scan",
                      "Parent Relationship": "Inner",
                      "Parallel Aware": false,
                      "Scan Direction": "Forward",
                      "Index Name": "title_pkey",
                      "Relation Name": "title",
                      "Alias": "t",
                      "Startup Cost": 0.43,
                      "Total Cost": 0.74,
                      "Plan Rows": 1,
                      "Plan Width": 4,
                      "Actual Startup Time": 0.002,
                      "Actual Total Time": 0.002,
                      "Actual Rows": 1,
                      "Actual Loops": 249422,
                      "Index Cond": "(id = mk.movie_id)",
                      "Rows Removed by Index Recheck": 0,
                      "Heap Fetches": 249422
                    }
                  ]
                }
              ]
            }
          ]
        }
      ]
    },
    "Planning Time": 0.396,
    "Triggers": [],
    "Execution Time": 387.124
  }
]