[
    {
        "Bao": {
            "Bao prediction": 846.843,
            "Bao recommended hint": "SET enable_nestloop TO off; "
        }
    },
    {
        "Plan": {
            "Node Type": "Aggregate",
            "Strategy": "Plain",
            "Partial Mode": "Finalize",
            "Parallel Aware": false,
            "Startup Cost": 85602.87,
            "Total Cost": 85602.88,
            "Plan Rows": 1,
            "Plan Width": 8,
            "Actual Startup Time": 613.475,
            "Actual Total Time": 622.045,
            "Actual Rows": 1,
            "Actual Loops": 1,
            "Output": [
                "count(*)"
            ],
            "Plans": [
                {
                    "Node Type": "Gather",
                    "Parent Relationship": "Outer",
                    "Parallel Aware": false,
                    "Startup Cost": 85602.45,
                    "Total Cost": 85602.86,
                    "Plan Rows": 4,
                    "Plan Width": 8,
                    "Actual Startup Time": 596.616,
                    "Actual Total Time": 622.036,
                    "Actual Rows": 5,
                    "Actual Loops": 1,
                    "Output": [
                        "(PARTIAL count(*))"
                    ],
                    "Workers Planned": 4,
                    "Workers Launched": 4,
                    "Single Copy": false,
                    "Plans": [
                        {
                            "Node Type": "Aggregate",
                            "Strategy": "Plain",
                            "Partial Mode": "Partial",
                            "Parent Relationship": "Outer",
                            "Parallel Aware": false,
                            "Startup Cost": 84602.45,
                            "Total Cost": 84602.46,
                            "Plan Rows": 1,
                            "Plan Width": 8,
                            "Actual Startup Time": 587.293,
                            "Actual Total Time": 587.298,
                            "Actual Rows": 1,
                            "Actual Loops": 5,
                            "Output": [
                                "PARTIAL count(*)"
                            ],
                            "Workers": [
                                {
                                    "Worker Number": 0,
                                    "Actual Startup Time": 584.785,
                                    "Actual Total Time": 584.791,
                                    "Actual Rows": 1,
                                    "Actual Loops": 1
                                },
                                {
                                    "Worker Number": 1,
                                    "Actual Startup Time": 584.831,
                                    "Actual Total Time": 584.835,
                                    "Actual Rows": 1,
                                    "Actual Loops": 1
                                },
                                {
                                    "Worker Number": 2,
                                    "Actual Startup Time": 585.318,
                                    "Actual Total Time": 585.322,
                                    "Actual Rows": 1,
                                    "Actual Loops": 1
                                },
                                {
                                    "Worker Number": 3,
                                    "Actual Startup Time": 585.731,
                                    "Actual Total Time": 585.736,
                                    "Actual Rows": 1,
                                    "Actual Loops": 1
                                }
                            ],
                            "Plans": [
                                {
                                    "Node Type": "Hash Join",
                                    "Parent Relationship": "Outer",
                                    "Parallel Aware": false,
                                    "Join Type": "Inner",
                                    "Startup Cost": 39911.54,
                                    "Total Cost": 84602.37,
                                    "Plan Rows": 33,
                                    "Plan Width": 0,
                                    "Actual Startup Time": 488.37,
                                    "Actual Total Time": 587.249,
                                    "Actual Rows": 379,
                                    "Actual Loops": 5,
                                    "Inner Unique": false,
                                    "Hash Cond": "(t.id = mi_idx.movie_id)",
                                    "Workers": [
                                        {
                                            "Worker Number": 0,
                                            "Actual Startup Time": 513.112,
                                            "Actual Total Time": 584.745,
                                            "Actual Rows": 294,
                                            "Actual Loops": 1
                                        },
                                        {
                                            "Worker Number": 1,
                                            "Actual Startup Time": 517.364,
                                            "Actual Total Time": 584.79,
                                            "Actual Rows": 284,
                                            "Actual Loops": 1
                                        },
                                        {
                                            "Worker Number": 2,
                                            "Actual Startup Time": 513.66,
                                            "Actual Total Time": 585.271,
                                            "Actual Rows": 322,
                                            "Actual Loops": 1
                                        },
                                        {
                                            "Worker Number": 3,
                                            "Actual Startup Time": 520.687,
                                            "Actual Total Time": 585.689,
                                            "Actual Rows": 300,
                                            "Actual Loops": 1
                                        }
                                    ],
                                    "Plans": [
                                        {
                                            "Node Type": "Seq Scan",
                                            "Parent Relationship": "Outer",
                                            "Parallel Aware": true,
                                            "Relation Name": "title",
                                            "Schema": "public",
                                            "Alias": "t",
                                            "Startup Cost": 0.0,
                                            "Total Cost": 42318.81,
                                            "Plan Rows": 632080,
                                            "Plan Width": 4,
                                            "Actual Startup Time": 0.025,
                                            "Actual Total Time": 59.431,
                                            "Actual Rows": 505662,
                                            "Actual Loops": 5,
                                            "Output": [
                                                "t.id",
                                                "t.title",
                                                "t.imdb_index",
                                                "t.kind_id",
                                                "t.production_year",
                                                "t.imdb_id",
                                                "t.phonetic_code",
                                                "t.episode_of_id",
                                                "t.season_nr",
                                                "t.episode_nr",
                                                "t.series_years",
                                                "t.md5sum"
                                            ],
                                            "Workers": [
                                                {
                                                    "Worker Number": 0,
                                                    "Actual Startup Time": 0.03,
                                                    "Actual Total Time": 44.291,
                                                    "Actual Rows": 251096,
                                                    "Actual Loops": 1
                                                },
                                                {
                                                    "Worker Number": 1,
                                                    "Actual Startup Time": 0.03,
                                                    "Actual Total Time": 45.982,
                                                    "Actual Rows": 251325,
                                                    "Actual Loops": 1
                                                },
                                                {
                                                    "Worker Number": 2,
                                                    "Actual Startup Time": 0.03,
                                                    "Actual Total Time": 44.2,
                                                    "Actual Rows": 251290,
                                                    "Actual Loops": 1
                                                },
                                                {
                                                    "Worker Number": 3,
                                                    "Actual Startup Time": 0.021,
                                                    "Actual Total Time": 44.228,
                                                    "Actual Rows": 250540,
                                                    "Actual Loops": 1
                                                }
                                            ]
                                        },
                                        {
                                            "Node Type": "Hash",
                                            "Parent Relationship": "Inner",
                                            "Parallel Aware": false,
                                            "Startup Cost": 39902.92,
                                            "Total Cost": 39902.92,
                                            "Plan Rows": 690,
                                            "Plan Width": 8,
                                            "Actual Startup Time": 484.89,
                                            "Actual Total Time": 484.894,
                                            "Actual Rows": 1896,
                                            "Actual Loops": 5,
                                            "Output": [
                                                "mi_idx.movie_id",
                                                "mk.movie_id"
                                            ],
                                            "Hash Buckets": 2048,
                                            "Original Hash Buckets": 1024,
                                            "Hash Batches": 1,
                                            "Original Hash Batches": 1,
                                            "Peak Memory Usage": 91,
                                            "Workers": [
                                                {
                                                    "Worker Number": 0,
                                                    "Actual Startup Time": 512.601,
                                                    "Actual Total Time": 512.605,
                                                    "Actual Rows": 1896,
                                                    "Actual Loops": 1
                                                },
                                                {
                                                    "Worker Number": 1,
                                                    "Actual Startup Time": 510.899,
                                                    "Actual Total Time": 510.902,
                                                    "Actual Rows": 1896,
                                                    "Actual Loops": 1
                                                },
                                                {
                                                    "Worker Number": 2,
                                                    "Actual Startup Time": 513.108,
                                                    "Actual Total Time": 513.112,
                                                    "Actual Rows": 1896,
                                                    "Actual Loops": 1
                                                },
                                                {
                                                    "Worker Number": 3,
                                                    "Actual Startup Time": 513.556,
                                                    "Actual Total Time": 513.559,
                                                    "Actual Rows": 1896,
                                                    "Actual Loops": 1
                                                }
                                            ],
                                            "Plans": [
                                                {
                                                    "Node Type": "Hash Join",
                                                    "Parent Relationship": "Outer",
                                                    "Parallel Aware": false,
                                                    "Join Type": "Inner",
                                                    "Startup Cost": 38992.11,
                                                    "Total Cost": 39902.92,
                                                    "Plan Rows": 690,
                                                    "Plan Width": 8,
                                                    "Actual Startup Time": 479.632,
                                                    "Actual Total Time": 484.398,
                                                    "Actual Rows": 1896,
                                                    "Actual Loops": 5,
                                                    "Output": [
                                                        "mi_idx.movie_id",
                                                        "mk.movie_id"
                                                    ],
                                                    "Inner Unique": false,
                                                    "Hash Cond": "(mk.movie_id = mi_idx.movie_id)",
                                                    "Workers": [
                                                        {
                                                            "Worker Number": 0,
                                                            "Actual Startup Time": 506.343,
                                                            "Actual Total Time": 512.056,
                                                            "Actual Rows": 1896,
                                                            "Actual Loops": 1
                                                        },
                                                        {
                                                            "Worker Number": 1,
                                                            "Actual Startup Time": 505.097,
                                                            "Actual Total Time": 510.345,
                                                            "Actual Rows": 1896,
                                                            "Actual Loops": 1
                                                        },
                                                        {
                                                            "Worker Number": 2,
                                                            "Actual Startup Time": 506.853,
                                                            "Actual Total Time": 512.565,
                                                            "Actual Rows": 1896,
                                                            "Actual Loops": 1
                                                        },
                                                        {
                                                            "Worker Number": 3,
                                                            "Actual Startup Time": 507.296,
                                                            "Actual Total Time": 513.014,
                                                            "Actual Rows": 1896,
                                                            "Actual Loops": 1
                                                        }
                                                    ],
                                                    "Plans": [
                                                        {
                                                            "Node Type": "Bitmap Heap Scan",
                                                            "Parent Relationship": "Outer",
                                                            "Parallel Aware": false,
                                                            "Relation Name": "movie_keyword",
                                                            "Schema": "public",
                                                            "Alias": "mk",
                                                            "Startup Cost": 6.32,
                                                            "Total Cost": 908.7,
                                                            "Plan Rows": 244,
                                                            "Plan Width": 4,
                                                            "Actual Startup Time": 0.775,
                                                            "Actual Total Time": 4.746,
                                                            "Actual Rows": 721,
                                                            "Actual Loops": 5,
                                                            "Output": [
                                                                "mk.id",
                                                                "mk.movie_id",
                                                                "mk.keyword_id"
                                                            ],
                                                            "Recheck Cond": "(mk.keyword_id = 1529)",
                                                            "Rows Removed by Index Recheck": 0,
                                                            "Exact Heap Blocks": 685,
                                                            "Lossy Heap Blocks": 0,
                                                            "Workers": [
                                                                {
                                                                    "Worker Number": 0,
                                                                    "Actual Startup Time": 0.818,
                                                                    "Actual Total Time": 5.651,
                                                                    "Actual Rows": 721,
                                                                    "Actual Loops": 1
                                                                },
                                                                {
                                                                    "Worker Number": 1,
                                                                    "Actual Startup Time": 0.829,
                                                                    "Actual Total Time": 5.246,
                                                                    "Actual Rows": 721,
                                                                    "Actual Loops": 1
                                                                },
                                                                {
                                                                    "Worker Number": 2,
                                                                    "Actual Startup Time": 0.814,
                                                                    "Actual Total Time": 5.647,
                                                                    "Actual Rows": 721,
                                                                    "Actual Loops": 1
                                                                },
                                                                {
                                                                    "Worker Number": 3,
                                                                    "Actual Startup Time": 0.858,
                                                                    "Actual Total Time": 5.7,
                                                                    "Actual Rows": 721,
                                                                    "Actual Loops": 1
                                                                }
                                                            ],
                                                            "Plans": [
                                                                {
                                                                    "Node Type": "Bitmap Index Scan",
                                                                    "Parent Relationship": "Outer",
                                                                    "Parallel Aware": false,
                                                                    "Index Name": "keyword_id_movie_keyword",
                                                                    "Startup Cost": 0.0,
                                                                    "Total Cost": 6.26,
                                                                    "Plan Rows": 244,
                                                                    "Plan Width": 0,
                                                                    "Actual Startup Time": 0.484,
                                                                    "Actual Total Time": 0.484,
                                                                    "Actual Rows": 721,
                                                                    "Actual Loops": 5,
                                                                    "Index Cond": "(mk.keyword_id = 1529)",
                                                                    "Workers": [
                                                                        {
                                                                            "Worker Number": 0,
                                                                            "Actual Startup Time": 0.53,
                                                                            "Actual Total Time": 0.53,
                                                                            "Actual Rows": 721,
                                                                            "Actual Loops": 1
                                                                        },
                                                                        {
                                                                            "Worker Number": 1,
                                                                            "Actual Startup Time": 0.54,
                                                                            "Actual Total Time": 0.541,
                                                                            "Actual Rows": 721,
                                                                            "Actual Loops": 1
                                                                        },
                                                                        {
                                                                            "Worker Number": 2,
                                                                            "Actual Startup Time": 0.524,
                                                                            "Actual Total Time": 0.524,
                                                                            "Actual Rows": 721,
                                                                            "Actual Loops": 1
                                                                        },
                                                                        {
                                                                            "Worker Number": 3,
                                                                            "Actual Startup Time": 0.565,
                                                                            "Actual Total Time": 0.565,
                                                                            "Actual Rows": 721,
                                                                            "Actual Loops": 1
                                                                        }
                                                                    ]
                                                                }
                                                            ]
                                                        },
                                                        {
                                                            "Node Type": "Hash",
                                                            "Parent Relationship": "Inner",
                                                            "Parallel Aware": false,
                                                            "Startup Cost": 21735.35,
                                                            "Total Cost": 21735.35,
                                                            "Plan Rows": 1380035,
                                                            "Plan Width": 4,
                                                            "Actual Startup Time": 460.142,
                                                            "Actual Total Time": 460.143,
                                                            "Actual Rows": 1380035,
                                                            "Actual Loops": 5,
                                                            "Output": [
                                                                "mi_idx.movie_id"
                                                            ],
                                                            "Hash Buckets": 2097152,
                                                            "Original Hash Buckets": 2097152,
                                                            "Hash Batches": 1,
                                                            "Original Hash Batches": 1,
                                                            "Peak Memory Usage": 64901,
                                                            "Workers": [
                                                                {
                                                                    "Worker Number": 0,
                                                                    "Actual Startup Time": 487.339,
                                                                    "Actual Total Time": 487.341,
                                                                    "Actual Rows": 1380035,
                                                                    "Actual Loops": 1
                                                                },
                                                                {
                                                                    "Worker Number": 1,
                                                                    "Actual Startup Time": 487.597,
                                                                    "Actual Total Time": 487.598,
                                                                    "Actual Rows": 1380035,
                                                                    "Actual Loops": 1
                                                                },
                                                                {
                                                                    "Worker Number": 2,
                                                                    "Actual Startup Time": 487.557,
                                                                    "Actual Total Time": 487.558,
                                                                    "Actual Rows": 1380035,
                                                                    "Actual Loops": 1
                                                                },
                                                                {
                                                                    "Worker Number": 3,
                                                                    "Actual Startup Time": 487.772,
                                                                    "Actual Total Time": 487.773,
                                                                    "Actual Rows": 1380035,
                                                                    "Actual Loops": 1
                                                                }
                                                            ],
                                                            "Plans": [
                                                                {
                                                                    "Node Type": "Seq Scan",
                                                                    "Parent Relationship": "Outer",
                                                                    "Parallel Aware": false,
                                                                    "Relation Name": "movie_info_idx",
                                                                    "Schema": "public",
                                                                    "Alias": "mi_idx",
                                                                    "Startup Cost": 0.0,
                                                                    "Total Cost": 21735.35,
                                                                    "Plan Rows": 1380035,
                                                                    "Plan Width": 4,
                                                                    "Actual Startup Time": 0.049,
                                                                    "Actual Total Time": 181.674,
                                                                    "Actual Rows": 1380035,
                                                                    "Actual Loops": 5,
                                                                    "Output": [
                                                                        "mi_idx.movie_id"
                                                                    ],
                                                                    "Workers": [
                                                                        {
                                                                            "Worker Number": 0,
                                                                            "Actual Startup Time": 0.051,
                                                                            "Actual Total Time": 194.233,
                                                                            "Actual Rows": 1380035,
                                                                            "Actual Loops": 1
                                                                        },
                                                                        {
                                                                            "Worker Number": 1,
                                                                            "Actual Startup Time": 0.064,
                                                                            "Actual Total Time": 198.038,
                                                                            "Actual Rows": 1380035,
                                                                            "Actual Loops": 1
                                                                        },
                                                                        {
                                                                            "Worker Number": 2,
                                                                            "Actual Startup Time": 0.052,
                                                                            "Actual Total Time": 192.012,
                                                                            "Actual Rows": 1380035,
                                                                            "Actual Loops": 1
                                                                        },
                                                                        {
                                                                            "Worker Number": 3,
                                                                            "Actual Startup Time": 0.057,
                                                                            "Actual Total Time": 195.387,
                                                                            "Actual Rows": 1380035,
                                                                            "Actual Loops": 1
                                                                        }
                                                                    ]
                                                                }
                                                            ]
                                                        }
                                                    ]
                                                }
                                            ]
                                        }
                                    ]
                                }
                            ]
                        }
                    ]
                }
            ]
        },
        "Planning Time": 1188.385,
        "Triggers": [],
        "Execution Time": 623.71
    }
]