[
  {
    "Plan": {
      "Node Type": "Aggregate",
      "Strategy": "Plain",
      "Partial Mode": "Finalize",
      "Parallel Aware": false,
      "Startup Cost": 32718.94,
      "Total Cost": 32718.95,
      "Plan Rows": 1,
      "Plan Width": 8,
      "Actual Startup Time": 87.039,
      "Actual Total Time": 92.736,
      "Actual Rows": 1,
      "Actual Loops": 1,
      "Plans": [
        {
          "Node Type": "Gather",
          "Parent Relationship": "Outer",
          "Parallel Aware": false,
          "Startup Cost": 32718.63,
          "Total Cost": 32718.94,
          "Plan Rows": 3,
          "Plan Width": 8,
          "Actual Startup Time": 86.938,
          "Actual Total Time": 92.728,
          "Actual Rows": 4,
          "Actual Loops": 1,
          "Workers Planned": 3,
          "Workers Launched": 3,
          "Single Copy": false,
          "Plans": [
            {
              "Node Type": "Aggregate",
              "Strategy": "Plain",
              "Partial Mode": "Partial",
              "Parent Relationship": "Outer",
              "Parallel Aware": false,
              "Startup Cost": 31718.63,
              "Total Cost": 31718.64,
              "Plan Rows": 1,
              "Plan Width": 8,
              "Actual Startup Time": 79.427,
              "Actual Total Time": 79.428,
              "Actual Rows": 1,
              "Actual Loops": 4,
              "Plans": [
                {
                  "Node Type": "Seq Scan",
                  "Parent Relationship": "Outer",
                  "Parallel Aware": true,
                  "Relation Name": "movie_companies",
                  "Alias": "mc",
                  "Startup Cost": 0.0,
                  "Total Cost": 31414.82,
                  "Plan Rows": 121523,
                  "Plan Width": 0,
                  "Actual Startup Time": 47.667,
                  "Actual Total Time": 76.973,
                  "Actual Rows": 54438,
                  "Actual Loops": 4,
                  "Filter": "((company_id < 1446) AND (company_type_id > 1))",
                  "Rows Removed by Filter": 597844
                }
              ]
            }
          ]
        }
      ]
    },
    "Planning Time": 0.252,
    "Triggers": [],
    "Execution Time": 92.792
  }
]