[
  {
    "Plan": {
      "Node Type": "Aggregate",
      "Strategy": "Plain",
      "Partial Mode": "Finalize",
      "Parallel Aware": false,
      "Startup Cost": 94486.31,
      "Total Cost": 94486.32,
      "Plan Rows": 1,
      "Plan Width": 8,
      "Actual Startup Time": 528.362,
      "Actual Total Time": 545.372,
      "Actual Rows": 1,
      "Actual Loops": 1,
      "Plans": [
        {
          "Node Type": "Gather",
          "Parent Relationship": "Outer",
          "Parallel Aware": false,
          "Startup Cost": 94485.99,
          "Total Cost": 94486.3,
          "Plan Rows": 3,
          "Plan Width": 8,
          "Actual Startup Time": 521.027,
          "Actual Total Time": 545.362,
          "Actual Rows": 4,
          "Actual Loops": 1,
          "Workers Planned": 3,
          "Workers Launched": 3,
          "Single Copy": false,
          "Plans": [
            {
              "Node Type": "Aggregate",
              "Strategy": "Plain",
              "Partial Mode": "Partial",
              "Parent Relationship": "Outer",
              "Parallel Aware": false,
              "Startup Cost": 93485.99,
              "Total Cost": 93486.0,
              "Plan Rows": 1,
              "Plan Width": 8,
              "Actual Startup Time": 502.165,
              "Actual Total Time": 502.169,
              "Actual Rows": 1,
              "Actual Loops": 4,
              "Plans": [
                {
                  "Node Type": "Hash Join",
                  "Parent Relationship": "Outer",
                  "Parallel Aware": true,
                  "Join Type": "Inner",
                  "Startup Cost": 65055.93,
                  "Total Cost": 92922.01,
                  "Plan Rows": 225592,
                  "Plan Width": 0,
                  "Actual Startup Time": 378.012,
                  "Actual Total Time": 493.642,
                  "Actual Rows": 172179,
                  "Actual Loops": 4,
                  "Inner Unique": true,
                  "Hash Cond": "(mk.movie_id = t.id)",
                  "Plans": [
                    {
                      "Node Type": "Bitmap Heap Scan",
                      "Parent Relationship": "Outer",
                      "Parallel Aware": true,
                      "Relation Name": "movie_keyword",
                      "Alias": "mk",
                      "Startup Cost": 14836.29,
                      "Total Cost": 42110.19,
                      "Plan Rows": 225592,
                      "Plan Width": 4,
                      "Actual Startup Time": 45.103,
                      "Actual Total Time": 105.474,
                      "Actual Rows": 172179,
                      "Actual Loops": 4,
                      "Recheck Cond": "(keyword_id > 27340)",
                      "Rows Removed by Index Recheck": 0,
                      "Exact Heap Blocks": 6696,
                      "Lossy Heap Blocks": 0,
                      "Plans": [
                        {
                          "Node Type": "Bitmap Index Scan",
                          "Parent Relationship": "Outer",
                          "Parallel Aware": false,
                          "Index Name": "keyword_id_movie_keyword",
                          "Startup Cost": 0.0,
                          "Total Cost": 14661.45,
                          "Plan Rows": 699336,
                          "Plan Width": 0,
                          "Actual Startup Time": 41.464,
                          "Actual Total Time": 41.465,
                          "Actual Rows": 688716,
                          "Actual Loops": 1,
                          "Index Cond": "(keyword_id > 27340)"
                        }
                      ]
                    },
                    {
                      "Node Type": "Hash",
                      "Parent Relationship": "Inner",
                      "Parallel Aware": true,
                      "Startup Cost": 42318.73,
                      "Total Cost": 42318.73,
                      "Plan Rows": 632073,
                      "Plan Width": 4,
                      "Actual Startup Time": 321.737,
                      "Actual Total Time": 321.737,
                      "Actual Rows": 632078,
                      "Actual Loops": 4,
                      "Hash Buckets": 4194304,
                      "Original Hash Buckets": 4194304,
                      "Hash Batches": 1,
                      "Original Hash Batches": 1,
                      "Peak Memory Usage": 131744,
                      "Plans": [
                        {
                          "Node Type": "Seq Scan",
                          "Parent Relationship": "Outer",
                          "Parallel Aware": true,
                          "Relation Name": "title",
                          "Alias": "t",
                          "Startup Cost": 0.0,
                          "Total Cost": 42318.73,
                          "Plan Rows": 632073,
                          "Plan Width": 4,
                          "Actual Startup Time": 0.031,
                          "Actual Total Time": 94.431,
                          "Actual Rows": 632078,
                          "Actual Loops": 4
                        }
                      ]
                    }
                  ]
                }
              ]
            }
          ]
        }
      ]
    },
    "Planning Time": 0.573,
    "Triggers": [],
    "Execution Time": 545.462
  }
]