[
  {
    "Plan": {
      "Node Type": "Aggregate",
      "Strategy": "Plain",
      "Partial Mode": "Finalize",
      "Parallel Aware": false,
      "Startup Cost": 33348.26,
      "Total Cost": 33348.27,
      "Plan Rows": 1,
      "Plan Width": 8,
      "Actual Startup Time": 111.965,
      "Actual Total Time": 117.787,
      "Actual Rows": 1,
      "Actual Loops": 1,
      "Plans": [
        {
          "Node Type": "Gather",
          "Parent Relationship": "Outer",
          "Parallel Aware": false,
          "Startup Cost": 33347.95,
          "Total Cost": 33348.26,
          "Plan Rows": 3,
          "Plan Width": 8,
          "Actual Startup Time": 111.728,
          "Actual Total Time": 117.778,
          "Actual Rows": 4,
          "Actual Loops": 1,
          "Workers Planned": 3,
          "Workers Launched": 3,
          "Single Copy": false,
          "Plans": [
            {
              "Node Type": "Aggregate",
              "Strategy": "Plain",
              "Partial Mode": "Partial",
              "Parent Relationship": "Outer",
              "Parallel Aware": false,
              "Startup Cost": 32347.95,
              "Total Cost": 32347.96,
              "Plan Rows": 1,
              "Plan Width": 8,
              "Actual Startup Time": 104.158,
              "Actual Total Time": 104.159,
              "Actual Rows": 1,
              "Actual Loops": 4,
              "Plans": [
                {
                  "Node Type": "Seq Scan",
                  "Parent Relationship": "Outer",
                  "Parallel Aware": true,
                  "Relation Name": "movie_companies",
                  "Alias": "mc",
                  "Startup Cost": 0.0,
                  "Total Cost": 31414.82,
                  "Plan Rows": 373251,
                  "Plan Width": 0,
                  "Actual Startup Time": 0.075,
                  "Actual Total Time": 88.099,
                  "Actual Rows": 269292,
                  "Actual Loops": 4,
                  "Filter": "((company_id > 126) AND (company_type_id < 2))",
                  "Rows Removed by Filter": 382990
                }
              ]
            }
          ]
        }
      ]
    },
    "Planning Time": 0.19,
    "Triggers": [],
    "Execution Time": 117.837
  }
]