[
  {
    "Plan": {
      "Node Type": "Aggregate",
      "Strategy": "Plain",
      "Partial Mode": "Finalize",
      "Parallel Aware": false,
      "Startup Cost": 76385.58,
      "Total Cost": 76385.59,
      "Plan Rows": 1,
      "Plan Width": 8,
      "Actual Startup Time": 206.31,
      "Actual Total Time": 229.313,
      "Actual Rows": 1,
      "Actual Loops": 1,
      "Plans": [
        {
          "Node Type": "Gather",
          "Parent Relationship": "Outer",
          "Parallel Aware": false,
          "Startup Cost": 76385.16,
          "Total Cost": 76385.57,
          "Plan Rows": 4,
          "Plan Width": 8,
          "Actual Startup Time": 205.829,
          "Actual Total Time": 229.304,
          "Actual Rows": 5,
          "Actual Loops": 1,
          "Workers Planned": 4,
          "Workers Launched": 4,
          "Single Copy": false,
          "Plans": [
            {
              "Node Type": "Aggregate",
              "Strategy": "Plain",
              "Partial Mode": "Partial",
              "Parent Relationship": "Outer",
              "Parallel Aware": false,
              "Startup Cost": 75385.16,
              "Total Cost": 75385.17,
              "Plan Rows": 1,
              "Plan Width": 8,
              "Actual Startup Time": 195.533,
              "Actual Total Time": 195.537,
              "Actual Rows": 1,
              "Actual Loops": 5,
              "Plans": [
                {
                  "Node Type": "Nested Loop",
                  "Parent Relationship": "Outer",
                  "Parallel Aware": false,
                  "Join Type": "Inner",
                  "Startup Cost": 20575.46,
                  "Total Cost": 75350.0,
                  "Plan Rows": 14063,
                  "Plan Width": 0,
                  "Actual Startup Time": 98.914,
                  "Actual Total Time": 193.418,
                  "Actual Rows": 28706,
                  "Actual Loops": 5,
                  "Inner Unique": false,
                  "Plans": [
                    {
                      "Node Type": "Hash Join",
                      "Parent Relationship": "Outer",
                      "Parallel Aware": true,
                      "Join Type": "Inner",
                      "Startup Cost": 20575.03,
                      "Total Cost": 65153.76,
                      "Plan Rows": 3177,
                      "Plan Width": 8,
                      "Actual Startup Time": 98.832,
                      "Actual Total Time": 127.593,
                      "Actual Rows": 2902,
                      "Actual Loops": 5,
                      "Inner Unique": false,
                      "Hash Cond": "(t.id = mc.movie_id)",
                      "Plans": [
                        {
                          "Node Type": "Seq Scan",
                          "Parent Relationship": "Outer",
                          "Parallel Aware": true,
                          "Relation Name": "title",
                          "Alias": "t",
                          "Startup Cost": 0.0,
                          "Total Cost": 43898.92,
                          "Plan Rows": 133914,
                          "Plan Width": 4,
                          "Actual Startup Time": 0.021,
                          "Actual Total Time": 83.944,
                          "Actual Rows": 106674,
                          "Actual Loops": 5,
                          "Filter": "(production_year > 2009)",
                          "Rows Removed by Filter": 398989
                        },
                        {
                          "Node Type": "Hash",
                          "Parent Relationship": "Inner",
                          "Parallel Aware": true,
                          "Startup Cost": 20333.17,
                          "Total Cost": 20333.17,
                          "Plan Rows": 19349,
                          "Plan Width": 4,
                          "Actual Startup Time": 21.083,
                          "Actual Total Time": 21.084,
                          "Actual Rows": 11516,
                          "Actual Loops": 5,
                          "Hash Buckets": 65536,
                          "Original Hash Buckets": 65536,
                          "Hash Batches": 1,
                          "Original Hash Batches": 1,
                          "Peak Memory Usage": 2816,
                          "Plans": [
                            {
                              "Node Type": "Bitmap Heap Scan",
                              "Parent Relationship": "Outer",
                              "Parallel Aware": true,
                              "Relation Name": "movie_companies",
                              "Alias": "mc",
                              "Startup Cost": 1301.3,
                              "Total Cost": 20333.17,
                              "Plan Rows": 19349,
                              "Plan Width": 4,
                              "Actual Startup Time": 1.946,
                              "Actual Total Time": 14.291,
                              "Actual Rows": 11516,
                              "Actual Loops": 5,
                              "Recheck Cond": "(company_id > 185599)",
                              "Rows Removed by Index Recheck": 0,
                              "Exact Heap Blocks": 689,
                              "Lossy Heap Blocks": 0,
                              "Plans": [
                                {
                                  "Node Type": "Bitmap Index Scan",
                                  "Parent Relationship": "Outer",
                                  "Parallel Aware": false,
                                  "Index Name": "company_id_movie_companies",
                                  "Startup Cost": 0.0,
                                  "Total Cost": 1286.3,
                                  "Plan Rows": 59983,
                                  "Plan Width": 0,
                                  "Actual Startup Time": 7.179,
                                  "Actual Total Time": 7.179,
                                  "Actual Rows": 57579,
                                  "Actual Loops": 1,
                                  "Index Cond": "(company_id > 185599)"
                                }
                              ]
                            }
                          ]
                        }
                      ]
                    },
                    {
                      "Node Type": "Index Scan",
                      "Parent Relationship": "Inner",
                      "Parallel Aware": false,
                      "Scan Direction": "Forward",
                      "Index Name": "movie_id_movie_info",
                      "Relation Name": "movie_info",
                      "Alias": "mi",
                      "Startup Cost": 0.43,
                      "Total Cost": 2.89,
                      "Plan Rows": 32,
                      "Plan Width": 4,
                      "Actual Startup Time": 0.007,
                      "Actual Total Time": 0.021,
                      "Actual Rows": 10,
                      "Actual Loops": 14510,
                      "Index Cond": "(movie_id = t.id)",
                      "Rows Removed by Index Recheck": 0,
                      "Filter": "(info_type_id > 3)",
                      "Rows Removed by Filter": 4
                    }
                  ]
                }
              ]
            }
          ]
        }
      ]
    },
    "Planning Time": 1.529,
    "Triggers": [],
    "Execution Time": 229.43
  }
]