[
  {
    "Plan": {
      "Node Type": "Aggregate",
      "Strategy": "Plain",
      "Partial Mode": "Finalize",
      "Parallel Aware": false,
      "Startup Cost": 51912.51,
      "Total Cost": 51912.52,
      "Plan Rows": 1,
      "Plan Width": 8,
      "Actual Startup Time": 90.636,
      "Actual Total Time": 103.07,
      "Actual Rows": 1,
      "Actual Loops": 1,
      "Plans": [
        {
          "Node Type": "Gather",
          "Parent Relationship": "Outer",
          "Parallel Aware": false,
          "Startup Cost": 51912.09,
          "Total Cost": 51912.5,
          "Plan Rows": 4,
          "Plan Width": 8,
          "Actual Startup Time": 90.373,
          "Actual Total Time": 103.063,
          "Actual Rows": 5,
          "Actual Loops": 1,
          "Workers Planned": 4,
          "Workers Launched": 4,
          "Single Copy": false,
          "Plans": [
            {
              "Node Type": "Aggregate",
              "Strategy": "Plain",
              "Partial Mode": "Partial",
              "Parent Relationship": "Outer",
              "Parallel Aware": false,
              "Startup Cost": 50912.09,
              "Total Cost": 50912.1,
              "Plan Rows": 1,
              "Plan Width": 8,
              "Actual Startup Time": 80.036,
              "Actual Total Time": 80.038,
              "Actual Rows": 1,
              "Actual Loops": 5,
              "Plans": [
                {
                  "Node Type": "Nested Loop",
                  "Parent Relationship": "Outer",
                  "Parallel Aware": false,
                  "Join Type": "Inner",
                  "Startup Cost": 2182.59,
                  "Total Cost": 50903.69,
                  "Plan Rows": 3360,
                  "Plan Width": 0,
                  "Actual Startup Time": 13.725,
                  "Actual Total Time": 79.575,
                  "Actual Rows": 5030,
                  "Actual Loops": 5,
                  "Inner Unique": false,
                  "Join Filter": "(t.id = ci.movie_id)",
                  "Rows Removed by Join Filter": 0,
                  "Plans": [
                    {
                      "Node Type": "Nested Loop",
                      "Parent Relationship": "Outer",
                      "Parallel Aware": false,
                      "Join Type": "Inner",
                      "Startup Cost": 2182.03,
                      "Total Cost": 49504.69,
                      "Plan Rows": 681,
                      "Plan Width": 8,
                      "Actual Startup Time": 13.502,
                      "Actual Total Time": 39.323,
                      "Actual Rows": 854,
                      "Actual Loops": 5,
                      "Inner Unique": false,
                      "Plans": [
                        {
                          "Node Type": "Bitmap Heap Scan",
                          "Parent Relationship": "Outer",
                          "Parallel Aware": true,
                          "Relation Name": "title",
                          "Alias": "t",
                          "Startup Cost": 2181.6,
                          "Total Cost": 38637.85,
                          "Plan Rows": 660,
                          "Plan Width": 4,
                          "Actual Startup Time": 13.246,
                          "Actual Total Time": 30.297,
                          "Actual Rows": 623,
                          "Actual Loops": 5,
                          "Recheck Cond": "(kind_id = 4)",
                          "Rows Removed by Index Recheck": 0,
                          "Filter": "(production_year = 1999)",
                          "Rows Removed by Filter": 23024,
                          "Exact Heap Blocks": 6870,
                          "Lossy Heap Blocks": 0,
                          "Plans": [
                            {
                              "Node Type": "Bitmap Index Scan",
                              "Parent Relationship": "Outer",
                              "Parallel Aware": false,
                              "Index Name": "kind_id_title",
                              "Startup Cost": 0.0,
                              "Total Cost": 2180.94,
                              "Plan Rows": 122201,
                              "Plan Width": 0,
                              "Actual Startup Time": 18.512,
                              "Actual Total Time": 18.513,
                              "Actual Rows": 118234,
                              "Actual Loops": 1,
                              "Index Cond": "(kind_id = 4)"
                            }
                          ]
                        },
                        {
                          "Node Type": "Index Only Scan",
                          "Parent Relationship": "Inner",
                          "Parallel Aware": false,
                          "Scan Direction": "Forward",
                          "Index Name": "movie_id_movie_companies",
                          "Relation Name": "movie_companies",
                          "Alias": "mc",
                          "Startup Cost": 0.43,
                          "Total Cost": 16.41,
                          "Plan Rows": 5,
                          "Plan Width": 4,
                          "Actual Startup Time": 0.012,
                          "Actual Total Time": 0.014,
                          "Actual Rows": 1,
                          "Actual Loops": 3114,
                          "Index Cond": "(movie_id = t.id)",
                          "Rows Removed by Index Recheck": 0,
                          "Heap Fetches": 4270
                        }
                      ]
                    },
                    {
                      "Node Type": "Index Scan",
                      "Parent Relationship": "Inner",
                      "Parallel Aware": false,
                      "Scan Direction": "Forward",
                      "Index Name": "movie_id_cast_info",
                      "Relation Name": "cast_info",
                      "Alias": "ci",
                      "Startup Cost": 0.56,
                      "Total Cost": 1.89,
                      "Plan Rows": 13,
                      "Plan Width": 4,
                      "Actual Startup Time": 0.013,
                      "Actual Total Time": 0.046,
                      "Actual Rows": 6,
                      "Actual Loops": 4270,
                      "Index Cond": "(movie_id = mc.movie_id)",
                      "Rows Removed by Index Recheck": 0,
                      "Filter": "(role_id = 1)",
                      "Rows Removed by Filter": 10
                    }
                  ]
                }
              ]
            }
          ]
        }
      ]
    },
    "Planning Time": 1.595,
    "Triggers": [],
    "Execution Time": 103.175
  }
]