[
  {
    "Plan": {
      "Node Type": "Aggregate",
      "Strategy": "Plain",
      "Partial Mode": "Finalize",
      "Parallel Aware": false,
      "Startup Cost": 78853.59,
      "Total Cost": 78853.6,
      "Plan Rows": 1,
      "Plan Width": 8,
      "Actual Startup Time": 323.519,
      "Actual Total Time": 340.018,
      "Actual Rows": 1,
      "Actual Loops": 1,
      "Plans": [
        {
          "Node Type": "Gather",
          "Parent Relationship": "Outer",
          "Parallel Aware": false,
          "Startup Cost": 78853.27,
          "Total Cost": 78853.58,
          "Plan Rows": 3,
          "Plan Width": 8,
          "Actual Startup Time": 321.424,
          "Actual Total Time": 340.001,
          "Actual Rows": 4,
          "Actual Loops": 1,
          "Workers Planned": 3,
          "Workers Launched": 3,
          "Single Copy": false,
          "Plans": [
            {
              "Node Type": "Aggregate",
              "Strategy": "Plain",
              "Partial Mode": "Partial",
              "Parent Relationship": "Outer",
              "Parallel Aware": false,
              "Startup Cost": 77853.27,
              "Total Cost": 77853.28,
              "Plan Rows": 1,
              "Plan Width": 8,
              "Actual Startup Time": 313.483,
              "Actual Total Time": 313.487,
              "Actual Rows": 1,
              "Actual Loops": 4,
              "Plans": [
                {
                  "Node Type": "Hash Join",
                  "Parent Relationship": "Outer",
                  "Parallel Aware": true,
                  "Join Type": "Inner",
                  "Startup Cost": 47365.76,
                  "Total Cost": 77635.28,
                  "Plan Rows": 87196,
                  "Plan Width": 0,
                  "Actual Startup Time": 183.331,
                  "Actual Total Time": 310.026,
                  "Actual Rows": 78668,
                  "Actual Loops": 4,
                  "Inner Unique": true,
                  "Hash Cond": "(mc.movie_id = t.id)",
                  "Plans": [
                    {
                      "Node Type": "Seq Scan",
                      "Parent Relationship": "Outer",
                      "Parallel Aware": true,
                      "Relation Name": "movie_companies",
                      "Alias": "mc",
                      "Startup Cost": 0.0,
                      "Total Cost": 29310.68,
                      "Plan Rows": 365272,
                      "Plan Width": 4,
                      "Actual Startup Time": 0.012,
                      "Actual Total Time": 66.667,
                      "Actual Rows": 285065,
                      "Actual Loops": 4,
                      "Filter": "(company_id < 8607)",
                      "Rows Removed by Filter": 367217
                    },
                    {
                      "Node Type": "Hash",
                      "Parent Relationship": "Inner",
                      "Parallel Aware": true,
                      "Startup Cost": 45479.59,
                      "Total Cost": 45479.59,
                      "Plan Rows": 150894,
                      "Plan Width": 4,
                      "Actual Startup Time": 179.015,
                      "Actual Total Time": 179.017,
                      "Actual Rows": 126852,
                      "Actual Loops": 4,
                      "Hash Buckets": 1048576,
                      "Original Hash Buckets": 1048576,
                      "Hash Batches": 1,
                      "Original Hash Batches": 1,
                      "Peak Memory Usage": 28096,
                      "Plans": [
                        {
                          "Node Type": "Seq Scan",
                          "Parent Relationship": "Outer",
                          "Parallel Aware": true,
                          "Relation Name": "title",
                          "Alias": "t",
                          "Startup Cost": 0.0,
                          "Total Cost": 45479.59,
                          "Plan Rows": 150894,
                          "Plan Width": 4,
                          "Actual Startup Time": 0.046,
                          "Actual Total Time": 120.804,
                          "Actual Rows": 126852,
                          "Actual Loops": 4,
                          "Filter": "((kind_id < 7) AND (production_year > 1997))",
                          "Rows Removed by Filter": 505226
                        }
                      ]
                    }
                  ]
                }
              ]
            }
          ]
        }
      ]
    },
    "Planning Time": 0.429,
    "Triggers": [],
    "Execution Time": 340.068
  }
]