{
  "Plan": {
    "Node Type": "Aggregate",
    "Strategy": "Plain",
    "Partial Mode": "Finalize",
    "Parallel Aware": false,
    "Startup Cost": 663892.35,
    "Total Cost": 663892.36,
    "Plan Rows": 1,
    "Plan Width": 8,
    "Actual Startup Time": 4133.369,
    "Actual Total Time": 4191.747,
    "Actual Rows": 1,
    "Actual Loops": 1,
    "Plans": [
      {
        "Node Type": "Gather",
        "Parent Relationship": "Outer",
        "Parallel Aware": false,
        "Startup Cost": 663892.24,
        "Total Cost": 663892.35,
        "Plan Rows": 1,
        "Plan Width": 8,
        "Actual Startup Time": 4130.077,
        "Actual Total Time": 4191.737,
        "Actual Rows": 2,
        "Actual Loops": 1,
        "Workers Planned": 1,
        "Workers Launched": 1,
        "Single Copy": false,
        "Plans": [
          {
            "Node Type": "Aggregate",
            "Strategy": "Plain",
            "Partial Mode": "Partial",
            "Parent Relationship": "Outer",
            "Parallel Aware": false,
            "Startup Cost": 662892.24,
            "Total Cost": 662892.25,
            "Plan Rows": 1,
            "Plan Width": 8,
            "Actual Startup Time": 4122.304,
            "Actual Total Time": 4122.47,
            "Actual Rows": 1,
            "Actual Loops": 2,
            "Plans": [
              {
                "Node Type": "Hash Join",
                "Parent Relationship": "Outer",
                "Parallel Aware": true,
                "Join Type": "Inner",
                "Startup Cost": 589942.5,
                "Total Cost": 661755.09,
                "Plan Rows": 454858,
                "Plan Width": 0,
                "Actual Startup Time": 3816.56,
                "Actual Total Time": 4104.993,
                "Actual Rows": 432922,
                "Actual Loops": 2,
                "Inner Unique": false,
                "Hash Cond": "(mk.movie_id = t.id)",
                "Plans": [
                  {
                    "Node Type": "Seq Scan",
                    "Parent Relationship": "Outer",
                    "Parallel Aware": true,
                    "Relation Name": "movie_keyword",
                    "Alias": "mk",
                    "Startup Cost": 0.0,
                    "Total Cost": 57718.19,
                    "Plan Rows": 913502,
                    "Plan Width": 4,
                    "Actual Startup Time": 0.872,
                    "Actual Total Time": 163.95,
                    "Actual Rows": 779836,
                    "Actual Loops": 2,
                    "Filter": "(keyword_id > 10085)",
                    "Rows Removed by Filter": 1482128
                  },
                  {
                    "Node Type": "Hash",
                    "Parent Relationship": "Inner",
                    "Parallel Aware": true,
                    "Startup Cost": 580685.83,
                    "Total Cost": 580685.83,
                    "Plan Rows": 740533,
                    "Plan Width": 8,
                    "Actual Startup Time": 3800.804,
                    "Actual Total Time": 3800.968,
                    "Actual Rows": 758665,
                    "Actual Loops": 2,
                    "Hash Buckets": 2097152,
                    "Original Hash Buckets": 2097152,
                    "Hash Batches": 1,
                    "Original Hash Batches": 1,
                    "Peak Memory Usage": 75744,
                    "Plans": [
                      {
                        "Node Type": "Hash Join",
                        "Parent Relationship": "Outer",
                        "Parallel Aware": true,
                        "Join Type": "Inner",
                        "Startup Cost": 58952.48,
                        "Total Cost": 580685.83,
                        "Plan Rows": 740533,
                        "Plan Width": 8,
                        "Actual Startup Time": 150.29,
                        "Actual Total Time": 3565.718,
                        "Actual Rows": 758665,
                        "Actual Loops": 2,
                        "Inner Unique": true,
                        "Hash Cond": "(ci.movie_id = t.id)",
                        "Plans": [
                          {
                            "Node Type": "Seq Scan",
                            "Parent Relationship": "Outer",
                            "Parallel Aware": true,
                            "Relation Name": "cast_info",
                            "Alias": "ci",
                            "Startup Cost": 0.0,
                            "Total Cost": 465792.95,
                            "Plan Rows": 21310595,
                            "Plan Width": 4,
                            "Actual Startup Time": 0.02,
                            "Actual Total Time": 1298.163,
                            "Actual Rows": 18122172,
                            "Actual Loops": 2
                          },
                          {
                            "Node Type": "Hash",
                            "Parent Relationship": "Inner",
                            "Parallel Aware": true,
                            "Startup Cost": 58306.47,
                            "Total Cost": 58306.47,
                            "Plan Rows": 51681,
                            "Plan Width": 4,
                            "Actual Startup Time": 149.553,
                            "Actual Total Time": 149.554,
                            "Actual Rows": 46314,
                            "Actual Loops": 2,
                            "Hash Buckets": 131072,
                            "Original Hash Buckets": 131072,
                            "Hash Batches": 1,
                            "Original Hash Batches": 1,
                            "Peak Memory Usage": 4672,
                            "Plans": [
                              {
                                "Node Type": "Seq Scan",
                                "Parent Relationship": "Outer",
                                "Parallel Aware": true,
                                "Relation Name": "title",
                                "Alias": "t",
                                "Startup Cost": 0.0,
                                "Total Cost": 58306.47,
                                "Plan Rows": 51681,
                                "Plan Width": 4,
                                "Actual Startup Time": 0.054,
                                "Actual Total Time": 136.909,
                                "Actual Rows": 46314,
                                "Actual Loops": 2,
                                "Filter": "((kind_id = 7) AND (production_year = 2010))",
                                "Rows Removed by Filter": 1217842
                              }
                            ]
                          }
                        ]
                      }
                    ]
                  }
                ]
              }
            ]
          }
        ]
      }
    ]
  },
  "Planning Time": 1.029,
  "Triggers": [],
  "Execution Time": 4191.845
}