[
  {
    "Plan": {
      "Node Type": "Aggregate",
      "Strategy": "Plain",
      "Partial Mode": "Finalize",
      "Parallel Aware": false,
      "Startup Cost": 91319.12,
      "Total Cost": 91319.13,
      "Plan Rows": 1,
      "Plan Width": 8,
      "Actual Startup Time": 302.06,
      "Actual Total Time": 322.793,
      "Actual Rows": 1,
      "Actual Loops": 1,
      "Plans": [
        {
          "Node Type": "Gather",
          "Parent Relationship": "Outer",
          "Parallel Aware": false,
          "Startup Cost": 91318.8,
          "Total Cost": 91319.11,
          "Plan Rows": 3,
          "Plan Width": 8,
          "Actual Startup Time": 301.681,
          "Actual Total Time": 322.784,
          "Actual Rows": 4,
          "Actual Loops": 1,
          "Workers Planned": 3,
          "Workers Launched": 3,
          "Single Copy": false,
          "Plans": [
            {
              "Node Type": "Aggregate",
              "Strategy": "Plain",
              "Partial Mode": "Partial",
              "Parent Relationship": "Outer",
              "Parallel Aware": false,
              "Startup Cost": 90318.8,
              "Total Cost": 90318.81,
              "Plan Rows": 1,
              "Plan Width": 8,
              "Actual Startup Time": 294.112,
              "Actual Total Time": 294.116,
              "Actual Rows": 1,
              "Actual Loops": 4,
              "Plans": [
                {
                  "Node Type": "Hash Join",
                  "Parent Relationship": "Outer",
                  "Parallel Aware": true,
                  "Join Type": "Inner",
                  "Startup Cost": 45581.64,
                  "Total Cost": 90293.99,
                  "Plan Rows": 9923,
                  "Plan Width": 0,
                  "Actual Startup Time": 140.747,
                  "Actual Total Time": 293.197,
                  "Actual Rows": 14588,
                  "Actual Loops": 4,
                  "Inner Unique": true,
                  "Hash Cond": "(mk.movie_id = t.id)",
                  "Plans": [
                    {
                      "Node Type": "Seq Scan",
                      "Parent Relationship": "Outer",
                      "Parallel Aware": true,
                      "Relation Name": "movie_keyword",
                      "Alias": "mk",
                      "Startup Cost": 0.0,
                      "Total Cost": 42695.65,
                      "Plan Rows": 768267,
                      "Plan Width": 4,
                      "Actual Startup Time": 0.287,
                      "Actual Total Time": 132.805,
                      "Actual Rows": 591940,
                      "Actual Loops": 4,
                      "Filter": "(keyword_id > 4088)",
                      "Rows Removed by Filter": 539042
                    },
                    {
                      "Node Type": "Hash",
                      "Parent Relationship": "Inner",
                      "Parallel Aware": true,
                      "Startup Cost": 45479.59,
                      "Total Cost": 45479.59,
                      "Plan Rows": 8164,
                      "Plan Width": 4,
                      "Actual Startup Time": 106.666,
                      "Actual Total Time": 106.667,
                      "Actual Rows": 5527,
                      "Actual Loops": 4,
                      "Hash Buckets": 32768,
                      "Original Hash Buckets": 32768,
                      "Hash Batches": 1,
                      "Original Hash Batches": 1,
                      "Peak Memory Usage": 1216,
                      "Plans": [
                        {
                          "Node Type": "Seq Scan",
                          "Parent Relationship": "Outer",
                          "Parallel Aware": true,
                          "Relation Name": "title",
                          "Alias": "t",
                          "Startup Cost": 0.0,
                          "Total Cost": 45479.59,
                          "Plan Rows": 8164,
                          "Plan Width": 4,
                          "Actual Startup Time": 63.052,
                          "Actual Total Time": 104.12,
                          "Actual Rows": 5527,
                          "Actual Loops": 4,
                          "Filter": "((kind_id = 1) AND (production_year = 2008))",
                          "Rows Removed by Filter": 626551
                        }
                      ]
                    }
                  ]
                }
              ]
            }
          ]
        }
      ]
    },
    "Planning Time": 0.262,
    "Triggers": [],
    "Execution Time": 322.837
  }
]