[
  {
    "Plan": {
      "Node Type": "Aggregate",
      "Strategy": "Plain",
      "Partial Mode": "Finalize",
      "Parallel Aware": false,
      "Startup Cost": 91307.86,
      "Total Cost": 91307.87,
      "Plan Rows": 1,
      "Plan Width": 8,
      "Actual Startup Time": 268.666,
      "Actual Total Time": 288.189,
      "Actual Rows": 1,
      "Actual Loops": 1,
      "Plans": [
        {
          "Node Type": "Gather",
          "Parent Relationship": "Outer",
          "Parallel Aware": false,
          "Startup Cost": 91307.54,
          "Total Cost": 91307.85,
          "Plan Rows": 3,
          "Plan Width": 8,
          "Actual Startup Time": 268.446,
          "Actual Total Time": 288.169,
          "Actual Rows": 4,
          "Actual Loops": 1,
          "Workers Planned": 3,
          "Workers Launched": 3,
          "Single Copy": false,
          "Plans": [
            {
              "Node Type": "Aggregate",
              "Strategy": "Plain",
              "Partial Mode": "Partial",
              "Parent Relationship": "Outer",
              "Parallel Aware": false,
              "Startup Cost": 90307.54,
              "Total Cost": 90307.55,
              "Plan Rows": 1,
              "Plan Width": 8,
              "Actual Startup Time": 259.912,
              "Actual Total Time": 259.918,
              "Actual Rows": 1,
              "Actual Loops": 4,
              "Plans": [
                {
                  "Node Type": "Hash Join",
                  "Parent Relationship": "Outer",
                  "Parallel Aware": true,
                  "Join Type": "Inner",
                  "Startup Cost": 45579.42,
                  "Total Cost": 90283.25,
                  "Plan Rows": 9714,
                  "Plan Width": 0,
                  "Actual Startup Time": 133.074,
                  "Actual Total Time": 259.152,
                  "Actual Rows": 14588,
                  "Actual Loops": 4,
                  "Inner Unique": true,
                  "Hash Cond": "(mk.movie_id = t.id)",
                  "Plans": [
                    {
                      "Node Type": "Seq Scan",
                      "Parent Relationship": "Outer",
                      "Parallel Aware": true,
                      "Relation Name": "movie_keyword",
                      "Alias": "mk",
                      "Startup Cost": 0.0,
                      "Total Cost": 42695.65,
                      "Plan Rows": 765020,
                      "Plan Width": 4,
                      "Actual Startup Time": 0.265,
                      "Actual Total Time": 111.884,
                      "Actual Rows": 591940,
                      "Actual Loops": 4,
                      "Filter": "(keyword_id > 4088)",
                      "Rows Removed by Filter": 539042
                    },
                    {
                      "Node Type": "Hash",
                      "Parent Relationship": "Inner",
                      "Parallel Aware": true,
                      "Startup Cost": 45479.1,
                      "Total Cost": 45479.1,
                      "Plan Rows": 8026,
                      "Plan Width": 4,
                      "Actual Startup Time": 102.597,
                      "Actual Total Time": 102.598,
                      "Actual Rows": 5527,
                      "Actual Loops": 4,
                      "Hash Buckets": 32768,
                      "Original Hash Buckets": 32768,
                      "Hash Batches": 1,
                      "Original Hash Batches": 1,
                      "Peak Memory Usage": 1184,
                      "Plans": [
                        {
                          "Node Type": "Seq Scan",
                          "Parent Relationship": "Outer",
                          "Parallel Aware": true,
                          "Relation Name": "title",
                          "Alias": "t",
                          "Startup Cost": 0.0,
                          "Total Cost": 45479.1,
                          "Plan Rows": 8026,
                          "Plan Width": 4,
                          "Actual Startup Time": 65.201,
                          "Actual Total Time": 100.283,
                          "Actual Rows": 5527,
                          "Actual Loops": 4,
                          "Filter": "((kind_id = 1) AND (production_year = 2008))",
                          "Rows Removed by Filter": 626551
                        }
                      ]
                    }
                  ]
                }
              ]
            }
          ]
        }
      ]
    },
    "Planning Time": 0.651,
    "Triggers": [],
    "Execution Time": 288.259
  }
]