[
  {
    "Plan": {
      "Node Type": "Aggregate",
      "Strategy": "Plain",
      "Partial Mode": "Finalize",
      "Parallel Aware": false,
      "Startup Cost": 77602.0,
      "Total Cost": 77602.01,
      "Plan Rows": 1,
      "Plan Width": 8,
      "Actual Startup Time": 186.742,
      "Actual Total Time": 201.365,
      "Actual Rows": 1,
      "Actual Loops": 1,
      "Plans": [
        {
          "Node Type": "Gather",
          "Parent Relationship": "Outer",
          "Parallel Aware": false,
          "Startup Cost": 77601.68,
          "Total Cost": 77601.99,
          "Plan Rows": 3,
          "Plan Width": 8,
          "Actual Startup Time": 186.432,
          "Actual Total Time": 201.358,
          "Actual Rows": 4,
          "Actual Loops": 1,
          "Workers Planned": 3,
          "Workers Launched": 3,
          "Single Copy": false,
          "Plans": [
            {
              "Node Type": "Aggregate",
              "Strategy": "Plain",
              "Partial Mode": "Partial",
              "Parent Relationship": "Outer",
              "Parallel Aware": false,
              "Startup Cost": 76601.68,
              "Total Cost": 76601.69,
              "Plan Rows": 1,
              "Plan Width": 8,
              "Actual Startup Time": 182.83,
              "Actual Total Time": 182.834,
              "Actual Rows": 1,
              "Actual Loops": 4,
              "Plans": [
                {
                  "Node Type": "Hash Join",
                  "Parent Relationship": "Outer",
                  "Parallel Aware": true,
                  "Join Type": "Inner",
                  "Startup Cost": 44064.72,
                  "Total Cost": 76579.74,
                  "Plan Rows": 8774,
                  "Plan Width": 0,
                  "Actual Startup Time": 115.618,
                  "Actual Total Time": 182.54,
                  "Actual Rows": 5375,
                  "Actual Loops": 4,
                  "Inner Unique": true,
                  "Hash Cond": "(mc.movie_id = t.id)",
                  "Plans": [
                    {
                      "Node Type": "Seq Scan",
                      "Parent Relationship": "Outer",
                      "Parallel Aware": true,
                      "Relation Name": "movie_companies",
                      "Alias": "mc",
                      "Startup Cost": 0.0,
                      "Total Cost": 31414.82,
                      "Plan Rows": 419125,
                      "Plan Width": 4,
                      "Actual Startup Time": 29.01,
                      "Actual Total Time": 64.726,
                      "Actual Rows": 331890,
                      "Actual Loops": 4,
                      "Filter": "((company_id > 6) AND (company_type_id = 2))",
                      "Rows Removed by Filter": 320392
                    },
                    {
                      "Node Type": "Hash",
                      "Parent Relationship": "Inner",
                      "Parallel Aware": true,
                      "Startup Cost": 43899.32,
                      "Total Cost": 43899.32,
                      "Plan Rows": 13232,
                      "Plan Width": 4,
                      "Actual Startup Time": 85.947,
                      "Actual Total Time": 85.949,
                      "Actual Rows": 12641,
                      "Actual Loops": 4,
                      "Hash Buckets": 65536,
                      "Original Hash Buckets": 65536,
                      "Hash Batches": 1,
                      "Original Hash Batches": 1,
                      "Peak Memory Usage": 2560,
                      "Plans": [
                        {
                          "Node Type": "Seq Scan",
                          "Parent Relationship": "Outer",
                          "Parallel Aware": true,
                          "Relation Name": "title",
                          "Alias": "t",
                          "Startup Cost": 0.0,
                          "Total Cost": 43899.32,
                          "Plan Rows": 13232,
                          "Plan Width": 4,
                          "Actual Startup Time": 0.021,
                          "Actual Total Time": 80.867,
                          "Actual Rows": 12641,
                          "Actual Loops": 4,
                          "Filter": "(production_year = 1999)",
                          "Rows Removed by Filter": 619437
                        }
                      ]
                    }
                  ]
                }
              ]
            }
          ]
        }
      ]
    },
    "Planning Time": 0.316,
    "Triggers": [],
    "Execution Time": 201.415
  }
]