{
  "Plan": {
    "Node Type": "Aggregate",
    "Strategy": "Plain",
    "Partial Mode": "Finalize",
    "Parallel Aware": false,
    "Startup Cost": 123531.57,
    "Total Cost": 123531.58,
    "Plan Rows": 1,
    "Plan Width": 8,
    "Actual Startup Time": 586.752,
    "Actual Total Time": 606.1,
    "Actual Rows": 1,
    "Actual Loops": 1,
    "Plans": [
      {
        "Node Type": "Gather",
        "Parent Relationship": "Outer",
        "Parallel Aware": false,
        "Startup Cost": 123531.46,
        "Total Cost": 123531.57,
        "Plan Rows": 1,
        "Plan Width": 8,
        "Actual Startup Time": 584.796,
        "Actual Total Time": 606.092,
        "Actual Rows": 2,
        "Actual Loops": 1,
        "Workers Planned": 1,
        "Workers Launched": 1,
        "Single Copy": false,
        "Plans": [
          {
            "Node Type": "Aggregate",
            "Strategy": "Plain",
            "Partial Mode": "Partial",
            "Parent Relationship": "Outer",
            "Parallel Aware": false,
            "Startup Cost": 122531.46,
            "Total Cost": 122531.47,
            "Plan Rows": 1,
            "Plan Width": 8,
            "Actual Startup Time": 578.736,
            "Actual Total Time": 578.739,
            "Actual Rows": 1,
            "Actual Loops": 2,
            "Plans": [
              {
                "Node Type": "Hash Join",
                "Parent Relationship": "Outer",
                "Parallel Aware": true,
                "Join Type": "Inner",
                "Startup Cost": 62072.04,
                "Total Cost": 121771.77,
                "Plan Rows": 303877,
                "Plan Width": 0,
                "Actual Startup Time": 293.122,
                "Actual Total Time": 565.308,
                "Actual Rows": 346412,
                "Actual Loops": 2,
                "Inner Unique": true,
                "Hash Cond": "(mk.movie_id = t.id)",
                "Plans": [
                  {
                    "Node Type": "Seq Scan",
                    "Parent Relationship": "Outer",
                    "Parallel Aware": true,
                    "Relation Name": "movie_keyword",
                    "Alias": "mk",
                    "Startup Cost": 0.0,
                    "Total Cost": 57718.19,
                    "Plan Rows": 754871,
                    "Plan Width": 4,
                    "Actual Startup Time": 0.019,
                    "Actual Total Time": 162.471,
                    "Actual Rows": 645946,
                    "Actual Loops": 2,
                    "Filter": "(keyword_id < 1678)",
                    "Rows Removed by Filter": 1616019
                  },
                  {
                    "Node Type": "Hash",
                    "Parent Relationship": "Inner",
                    "Parallel Aware": true,
                    "Startup Cost": 54588.39,
                    "Total Cost": 54588.39,
                    "Plan Rows": 598692,
                    "Plan Width": 4,
                    "Actual Startup Time": 283.369,
                    "Actual Total Time": 283.37,
                    "Actual Rows": 510876,
                    "Actual Loops": 2,
                    "Hash Buckets": 1048576,
                    "Original Hash Buckets": 1048576,
                    "Hash Batches": 1,
                    "Original Hash Batches": 1,
                    "Peak Memory Usage": 48192,
                    "Plans": [
                      {
                        "Node Type": "Seq Scan",
                        "Parent Relationship": "Outer",
                        "Parallel Aware": true,
                        "Relation Name": "title",
                        "Alias": "t",
                        "Startup Cost": 0.0,
                        "Total Cost": 54588.39,
                        "Plan Rows": 598692,
                        "Plan Width": 4,
                        "Actual Startup Time": 0.028,
                        "Actual Total Time": 163.404,
                        "Actual Rows": 510876,
                        "Actual Loops": 2,
                        "Filter": "(production_year < 2000)",
                        "Rows Removed by Filter": 753280
                      }
                    ]
                  }
                ]
              }
            ]
          }
        ]
      }
    ]
  },
  "Planning Time": 0.446,
  "Triggers": [],
  "Execution Time": 606.169
}