[
  {
    "Plan": {
      "Node Type": "Aggregate",
      "Strategy": "Plain",
      "Partial Mode": "Finalize",
      "Parallel Aware": false,
      "Startup Cost": 31330.95,
      "Total Cost": 31330.96,
      "Plan Rows": 1,
      "Plan Width": 8,
      "Actual Startup Time": 110.08,
      "Actual Total Time": 120.186,
      "Actual Rows": 1,
      "Actual Loops": 1,
      "Plans": [
        {
          "Node Type": "Gather",
          "Parent Relationship": "Outer",
          "Parallel Aware": false,
          "Startup Cost": 31330.63,
          "Total Cost": 31330.94,
          "Plan Rows": 3,
          "Plan Width": 8,
          "Actual Startup Time": 109.947,
          "Actual Total Time": 120.176,
          "Actual Rows": 4,
          "Actual Loops": 1,
          "Workers Planned": 3,
          "Workers Launched": 3,
          "Single Copy": false,
          "Plans": [
            {
              "Node Type": "Aggregate",
              "Strategy": "Plain",
              "Partial Mode": "Partial",
              "Parent Relationship": "Outer",
              "Parallel Aware": false,
              "Startup Cost": 30330.63,
              "Total Cost": 30330.64,
              "Plan Rows": 1,
              "Plan Width": 8,
              "Actual Startup Time": 103.961,
              "Actual Total Time": 103.963,
              "Actual Rows": 1,
              "Actual Loops": 4,
              "Plans": [
                {
                  "Node Type": "Seq Scan",
                  "Parent Relationship": "Outer",
                  "Parallel Aware": true,
                  "Relation Name": "movie_companies",
                  "Alias": "mc",
                  "Startup Cost": 0.0,
                  "Total Cost": 29310.68,
                  "Plan Rows": 407981,
                  "Plan Width": 0,
                  "Actual Startup Time": 0.033,
                  "Actual Total Time": 84.845,
                  "Actual Rows": 314352,
                  "Actual Loops": 4,
                  "Filter": "(company_id < 11165)",
                  "Rows Removed by Filter": 337930
                }
              ]
            }
          ]
        }
      ]
    },
    "Planning Time": 0.197,
    "Triggers": [],
    "Execution Time": 120.317
  }
]