[
    {
        "Bao": {
            "Bao prediction": "NaN",
            "Bao recommended hint": "(no hint)"
        }
    },
    {
        "Plan": {
            "Node Type": "Aggregate",
            "Strategy": "Plain",
            "Partial Mode": "Finalize",
            "Parallel Aware": false,
            "Startup Cost": 232035.87,
            "Total Cost": 232035.88,
            "Plan Rows": 1,
            "Plan Width": 8,
            "Actual Startup Time": 2237.429,
            "Actual Total Time": 2301.581,
            "Actual Rows": 1,
            "Actual Loops": 1,
            "Output": [
                "count(*)"
            ],
            "Plans": [
                {
                    "Node Type": "Gather",
                    "Parent Relationship": "Outer",
                    "Parallel Aware": false,
                    "Startup Cost": 232035.55,
                    "Total Cost": 232035.86,
                    "Plan Rows": 3,
                    "Plan Width": 8,
                    "Actual Startup Time": 2235.241,
                    "Actual Total Time": 2301.569,
                    "Actual Rows": 4,
                    "Actual Loops": 1,
                    "Output": [
                        "(PARTIAL count(*))"
                    ],
                    "Workers Planned": 3,
                    "Workers Launched": 3,
                    "Single Copy": false,
                    "Plans": [
                        {
                            "Node Type": "Aggregate",
                            "Strategy": "Plain",
                            "Partial Mode": "Partial",
                            "Parent Relationship": "Outer",
                            "Parallel Aware": false,
                            "Startup Cost": 231035.55,
                            "Total Cost": 231035.56,
                            "Plan Rows": 1,
                            "Plan Width": 8,
                            "Actual Startup Time": 2226.522,
                            "Actual Total Time": 2226.526,
                            "Actual Rows": 1,
                            "Actual Loops": 4,
                            "Output": [
                                "PARTIAL count(*)"
                            ],
                            "Workers": [
                                {
                                    "Worker Number": 0,
                                    "Actual Startup Time": 2223.29,
                                    "Actual Total Time": 2223.294,
                                    "Actual Rows": 1,
                                    "Actual Loops": 1
                                },
                                {
                                    "Worker Number": 1,
                                    "Actual Startup Time": 2224.491,
                                    "Actual Total Time": 2224.494,
                                    "Actual Rows": 1,
                                    "Actual Loops": 1
                                },
                                {
                                    "Worker Number": 2,
                                    "Actual Startup Time": 2223.422,
                                    "Actual Total Time": 2223.425,
                                    "Actual Rows": 1,
                                    "Actual Loops": 1
                                }
                            ],
                            "Plans": [
                                {
                                    "Node Type": "Nested Loop",
                                    "Parent Relationship": "Outer",
                                    "Parallel Aware": false,
                                    "Join Type": "Inner",
                                    "Startup Cost": 46528.76,
                                    "Total Cost": 230133.51,
                                    "Plan Rows": 360817,
                                    "Plan Width": 0,
                                    "Actual Startup Time": 152.082,
                                    "Actual Total Time": 2187.029,
                                    "Actual Rows": 718977,
                                    "Actual Loops": 4,
                                    "Inner Unique": false,
                                    "Join Filter": "(t.id = ci.movie_id)",
                                    "Rows Removed by Join Filter": 0,
                                    "Workers": [
                                        {
                                            "Worker Number": 0,
                                            "Actual Startup Time": 148.734,
                                            "Actual Total Time": 2184.508,
                                            "Actual Rows": 755828,
                                            "Actual Loops": 1
                                        },
                                        {
                                            "Worker Number": 1,
                                            "Actual Startup Time": 149.407,
                                            "Actual Total Time": 2180.812,
                                            "Actual Rows": 584714,
                                            "Actual Loops": 1
                                        },
                                        {
                                            "Worker Number": 2,
                                            "Actual Startup Time": 149.636,
                                            "Actual Total Time": 2188.69,
                                            "Actual Rows": 684314,
                                            "Actual Loops": 1
                                        }
                                    ],
                                    "Plans": [
                                        {
                                            "Node Type": "Hash Join",
                                            "Parent Relationship": "Outer",
                                            "Parallel Aware": true,
                                            "Join Type": "Inner",
                                            "Startup Cost": 46528.2,
                                            "Total Cost": 76965.27,
                                            "Plan Rows": 56971,
                                            "Plan Width": 8,
                                            "Actual Startup Time": 151.961,
                                            "Actual Total Time": 318.545,
                                            "Actual Rows": 105026,
                                            "Actual Loops": 4,
                                            "Output": [
                                                "t.id",
                                                "mc.movie_id"
                                            ],
                                            "Inner Unique": true,
                                            "Hash Cond": "(mc.movie_id = t.id)",
                                            "Workers": [
                                                {
                                                    "Worker Number": 0,
                                                    "Actual Startup Time": 148.611,
                                                    "Actual Total Time": 309.071,
                                                    "Actual Rows": 110352,
                                                    "Actual Loops": 1
                                                },
                                                {
                                                    "Worker Number": 1,
                                                    "Actual Startup Time": 149.286,
                                                    "Actual Total Time": 310.471,
                                                    "Actual Rows": 85831,
                                                    "Actual Loops": 1
                                                },
                                                {
                                                    "Worker Number": 2,
                                                    "Actual Startup Time": 149.447,
                                                    "Actual Total Time": 300.142,
                                                    "Actual Rows": 99497,
                                                    "Actual Loops": 1
                                                }
                                            ],
                                            "Plans": [
                                                {
                                                    "Node Type": "Seq Scan",
                                                    "Parent Relationship": "Outer",
                                                    "Parallel Aware": true,
                                                    "Relation Name": "movie_companies",
                                                    "Schema": "public",
                                                    "Alias": "mc",
                                                    "Startup Cost": 0.0,
                                                    "Total Cost": 29310.68,
                                                    "Plan Rows": 429104,
                                                    "Plan Width": 4,
                                                    "Actual Startup Time": 25.653,
                                                    "Actual Total Time": 66.192,
                                                    "Actual Rows": 333721,
                                                    "Actual Loops": 4,
                                                    "Output": [
                                                        "mc.id",
                                                        "mc.movie_id",
                                                        "mc.company_id",
                                                        "mc.company_type_id",
                                                        "mc.note"
                                                    ],
                                                    "Filter": "(mc.company_type_id > 1)",
                                                    "Rows Removed by Filter": 318562,
                                                    "Workers": [
                                                        {
                                                            "Worker Number": 0,
                                                            "Actual Startup Time": 25.607,
                                                            "Actual Total Time": 63.918,
                                                            "Actual Rows": 318078,
                                                            "Actual Loops": 1
                                                        },
                                                        {
                                                            "Worker Number": 1,
                                                            "Actual Startup Time": 25.688,
                                                            "Actual Total Time": 68.841,
                                                            "Actual Rows": 274931,
                                                            "Actual Loops": 1
                                                        },
                                                        {
                                                            "Worker Number": 2,
                                                            "Actual Startup Time": 25.592,
                                                            "Actual Total Time": 62.699,
                                                            "Actual Rows": 302018,
                                                            "Actual Loops": 1
                                                        }
                                                    ]
                                                },
                                                {
                                                    "Node Type": "Hash",
                                                    "Parent Relationship": "Inner",
                                                    "Parallel Aware": true,
                                                    "Startup Cost": 45479.21,
                                                    "Total Cost": 45479.21,
                                                    "Plan Rows": 83919,
                                                    "Plan Width": 4,
                                                    "Actual Startup Time": 124.307,
                                                    "Actual Total Time": 124.308,
                                                    "Actual Rows": 111298,
                                                    "Actual Loops": 4,
                                                    "Output": [
                                                        "t.id"
                                                    ],
                                                    "Hash Buckets": 524288,
                                                    "Original Hash Buckets": 524288,
                                                    "Hash Batches": 1,
                                                    "Original Hash Batches": 1,
                                                    "Peak Memory Usage": 21600,
                                                    "Workers": [
                                                        {
                                                            "Worker Number": 0,
                                                            "Actual Startup Time": 122.363,
                                                            "Actual Total Time": 122.364,
                                                            "Actual Rows": 105173,
                                                            "Actual Loops": 1
                                                        },
                                                        {
                                                            "Worker Number": 1,
                                                            "Actual Startup Time": 122.987,
                                                            "Actual Total Time": 122.988,
                                                            "Actual Rows": 104026,
                                                            "Actual Loops": 1
                                                        },
                                                        {
                                                            "Worker Number": 2,
                                                            "Actual Startup Time": 123.187,
                                                            "Actual Total Time": 123.188,
                                                            "Actual Rows": 104153,
                                                            "Actual Loops": 1
                                                        }
                                                    ],
                                                    "Plans": [
                                                        {
                                                            "Node Type": "Seq Scan",
                                                            "Parent Relationship": "Outer",
                                                            "Parallel Aware": true,
                                                            "Relation Name": "title",
                                                            "Schema": "public",
                                                            "Alias": "t",
                                                            "Startup Cost": 0.0,
                                                            "Total Cost": 45479.21,
                                                            "Plan Rows": 83919,
                                                            "Plan Width": 4,
                                                            "Actual Startup Time": 0.056,
                                                            "Actual Total Time": 89.205,
                                                            "Actual Rows": 111298,
                                                            "Actual Loops": 4,
                                                            "Output": [
                                                                "t.id"
                                                            ],
                                                            "Filter": "((t.kind_id < 7) AND (t.production_year < 1996))",
                                                            "Rows Removed by Filter": 520780,
                                                            "Workers": [
                                                                {
                                                                    "Worker Number": 0,
                                                                    "Actual Startup Time": 0.068,
                                                                    "Actual Total Time": 87.884,
                                                                    "Actual Rows": 105173,
                                                                    "Actual Loops": 1
                                                                },
                                                                {
                                                                    "Worker Number": 1,
                                                                    "Actual Startup Time": 0.074,
                                                                    "Actual Total Time": 88.688,
                                                                    "Actual Rows": 104026,
                                                                    "Actual Loops": 1
                                                                },
                                                                {
                                                                    "Worker Number": 2,
                                                                    "Actual Startup Time": 0.062,
                                                                    "Actual Total Time": 89.091,
                                                                    "Actual Rows": 104153,
                                                                    "Actual Loops": 1
                                                                }
                                                            ]
                                                        }
                                                    ]
                                                }
                                            ]
                                        },
                                        {
                                            "Node Type": "Index Scan",
                                            "Parent Relationship": "Inner",
                                            "Parallel Aware": false,
                                            "Scan Direction": "Forward",
                                            "Index Name": "movie_id_cast_info",
                                            "Relation Name": "cast_info",
                                            "Schema": "public",
                                            "Alias": "ci",
                                            "Startup Cost": 0.56,
                                            "Total Cost": 2.48,
                                            "Plan Rows": 17,
                                            "Plan Width": 4,
                                            "Actual Startup Time": 0.012,
                                            "Actual Total Time": 0.017,
                                            "Actual Rows": 7,
                                            "Actual Loops": 420102,
                                            "Output": [
                                                "ci.id",
                                                "ci.person_id",
                                                "ci.movie_id",
                                                "ci.person_role_id",
                                                "ci.note",
                                                "ci.nr_order",
                                                "ci.role_id"
                                            ],
                                            "Index Cond": "(ci.movie_id = mc.movie_id)",
                                            "Rows Removed by Index Recheck": 0,
                                            "Filter": "(ci.role_id > 2)",
                                            "Rows Removed by Filter": 11,
                                            "Workers": [
                                                {
                                                    "Worker Number": 0,
                                                    "Actual Startup Time": 0.012,
                                                    "Actual Total Time": 0.016,
                                                    "Actual Rows": 7,
                                                    "Actual Loops": 110352
                                                },
                                                {
                                                    "Worker Number": 1,
                                                    "Actual Startup Time": 0.015,
                                                    "Actual Total Time": 0.021,
                                                    "Actual Rows": 7,
                                                    "Actual Loops": 85831
                                                },
                                                {
                                                    "Worker Number": 2,
                                                    "Actual Startup Time": 0.013,
                                                    "Actual Total Time": 0.018,
                                                    "Actual Rows": 7,
                                                    "Actual Loops": 99497
                                                }
                                            ]
                                        }
                                    ]
                                }
                            ]
                        }
                    ]
                }
            ]
        },
        "Planning Time": 181.31,
        "Triggers": [],
        "Execution Time": 2301.697
    }
]