[
  {
    "Plan": {
      "Node Type": "Aggregate",
      "Strategy": "Plain",
      "Partial Mode": "Finalize",
      "Parallel Aware": false,
      "Startup Cost": 125924.85,
      "Total Cost": 125924.86,
      "Plan Rows": 1,
      "Plan Width": 8,
      "Actual Startup Time": 978.029,
      "Actual Total Time": 1008.86,
      "Actual Rows": 1,
      "Actual Loops": 1,
      "Plans": [
        {
          "Node Type": "Gather",
          "Parent Relationship": "Outer",
          "Parallel Aware": false,
          "Startup Cost": 125924.53,
          "Total Cost": 125924.84,
          "Plan Rows": 3,
          "Plan Width": 8,
          "Actual Startup Time": 958.793,
          "Actual Total Time": 1008.849,
          "Actual Rows": 4,
          "Actual Loops": 1,
          "Workers Planned": 3,
          "Workers Launched": 3,
          "Single Copy": false,
          "Plans": [
            {
              "Node Type": "Aggregate",
              "Strategy": "Plain",
              "Partial Mode": "Partial",
              "Parent Relationship": "Outer",
              "Parallel Aware": false,
              "Startup Cost": 124924.53,
              "Total Cost": 124924.54,
              "Plan Rows": 1,
              "Plan Width": 8,
              "Actual Startup Time": 949.462,
              "Actual Total Time": 949.468,
              "Actual Rows": 1,
              "Actual Loops": 4,
              "Plans": [
                {
                  "Node Type": "Hash Join",
                  "Parent Relationship": "Outer",
                  "Parallel Aware": true,
                  "Join Type": "Inner",
                  "Startup Cost": 93378.5,
                  "Total Cost": 124407.89,
                  "Plan Rows": 206657,
                  "Plan Width": 0,
                  "Actual Startup Time": 640.971,
                  "Actual Total Time": 892.275,
                  "Actual Rows": 1253787,
                  "Actual Loops": 4,
                  "Inner Unique": false,
                  "Hash Cond": "(mc.movie_id = t.id)",
                  "Plans": [
                    {
                      "Node Type": "Seq Scan",
                      "Parent Relationship": "Outer",
                      "Parallel Aware": true,
                      "Relation Name": "movie_companies",
                      "Alias": "mc",
                      "Startup Cost": 0.0,
                      "Total Cost": 27206.55,
                      "Plan Rows": 841655,
                      "Plan Width": 4,
                      "Actual Startup Time": 0.017,
                      "Actual Total Time": 60.197,
                      "Actual Rows": 652282,
                      "Actual Loops": 4
                    },
                    {
                      "Node Type": "Hash",
                      "Parent Relationship": "Inner",
                      "Parallel Aware": true,
                      "Startup Cost": 90875.18,
                      "Total Cost": 90875.18,
                      "Plan Rows": 200265,
                      "Plan Width": 8,
                      "Actual Startup Time": 628.762,
                      "Actual Total Time": 628.767,
                      "Actual Rows": 154724,
                      "Actual Loops": 4,
                      "Hash Buckets": 1048576,
                      "Original Hash Buckets": 1048576,
                      "Hash Batches": 1,
                      "Original Hash Batches": 1,
                      "Peak Memory Usage": 32448,
                      "Plans": [
                        {
                          "Node Type": "Hash Join",
                          "Parent Relationship": "Outer",
                          "Parallel Aware": true,
                          "Join Type": "Inner",
                          "Startup Cost": 63392.18,
                          "Total Cost": 90875.18,
                          "Plan Rows": 200265,
                          "Plan Width": 8,
                          "Actual Startup Time": 445.266,
                          "Actual Total Time": 565.844,
                          "Actual Rows": 154724,
                          "Actual Loops": 4,
                          "Inner Unique": true,
                          "Hash Cond": "(mk.movie_id = t.id)",
                          "Plans": [
                            {
                              "Node Type": "Bitmap Heap Scan",
                              "Parent Relationship": "Outer",
                              "Parallel Aware": true,
                              "Relation Name": "movie_keyword",
                              "Alias": "mk",
                              "Startup Cost": 13171.8,
                              "Total Cost": 40129.11,
                              "Plan Rows": 200265,
                              "Plan Width": 4,
                              "Actual Startup Time": 56.34,
                              "Actual Total Time": 118.123,
                              "Actual Rows": 154724,
                              "Actual Loops": 4,
                              "Recheck Cond": "(keyword_id > 29476)",
                              "Rows Removed by Index Recheck": 0,
                              "Exact Heap Blocks": 5735,
                              "Lossy Heap Blocks": 0,
                              "Plans": [
                                {
                                  "Node Type": "Bitmap Index Scan",
                                  "Parent Relationship": "Outer",
                                  "Parallel Aware": false,
                                  "Index Name": "keyword_id_movie_keyword",
                                  "Startup Cost": 0.0,
                                  "Total Cost": 13016.59,
                                  "Plan Rows": 620821,
                                  "Plan Width": 0,
                                  "Actual Startup Time": 50.641,
                                  "Actual Total Time": 50.641,
                                  "Actual Rows": 618896,
                                  "Actual Loops": 1,
                                  "Index Cond": "(keyword_id > 29476)"
                                }
                              ]
                            },
                            {
                              "Node Type": "Hash",
                              "Parent Relationship": "Inner",
                              "Parallel Aware": true,
                              "Startup Cost": 42319.06,
                              "Total Cost": 42319.06,
                              "Plan Rows": 632106,
                              "Plan Width": 4,
                              "Actual Startup Time": 379.5,
                              "Actual Total Time": 379.501,
                              "Actual Rows": 632078,
                              "Actual Loops": 4,
                              "Hash Buckets": 4194304,
                              "Original Hash Buckets": 4194304,
                              "Hash Batches": 1,
                              "Original Hash Batches": 1,
                              "Peak Memory Usage": 131744,
                              "Plans": [
                                {
                                  "Node Type": "Seq Scan",
                                  "Parent Relationship": "Outer",
                                  "Parallel Aware": true,
                                  "Relation Name": "title",
                                  "Alias": "t",
                                  "Startup Cost": 0.0,
                                  "Total Cost": 42319.06,
                                  "Plan Rows": 632106,
                                  "Plan Width": 4,
                                  "Actual Startup Time": 0.055,
                                  "Actual Total Time": 104.7,
                                  "Actual Rows": 632078,
                                  "Actual Loops": 4
                                }
                              ]
                            }
                          ]
                        }
                      ]
                    }
                  ]
                }
              ]
            }
          ]
        }
      ]
    },
    "Planning Time": 0.965,
    "Triggers": [],
    "Execution Time": 1008.941
  }
]