[
    {
        "Bao": {
            "Bao prediction": "NaN",
            "Bao recommended hint": "(no hint)"
        }
    },
    {
        "Plan": {
            "Node Type": "Aggregate",
            "Strategy": "Plain",
            "Partial Mode": "Finalize",
            "Parallel Aware": false,
            "Startup Cost": 217007.32,
            "Total Cost": 217007.33,
            "Plan Rows": 1,
            "Plan Width": 8,
            "Actual Startup Time": 132.859,
            "Actual Total Time": 140.527,
            "Actual Rows": 1,
            "Actual Loops": 1,
            "Output": [
                "count(*)"
            ],
            "Plans": [
                {
                    "Node Type": "Gather",
                    "Parent Relationship": "Outer",
                    "Parallel Aware": false,
                    "Startup Cost": 217006.8,
                    "Total Cost": 217007.31,
                    "Plan Rows": 5,
                    "Plan Width": 8,
                    "Actual Startup Time": 132.046,
                    "Actual Total Time": 140.518,
                    "Actual Rows": 6,
                    "Actual Loops": 1,
                    "Output": [
                        "(PARTIAL count(*))"
                    ],
                    "Workers Planned": 5,
                    "Workers Launched": 5,
                    "Single Copy": false,
                    "Plans": [
                        {
                            "Node Type": "Aggregate",
                            "Strategy": "Plain",
                            "Partial Mode": "Partial",
                            "Parent Relationship": "Outer",
                            "Parallel Aware": false,
                            "Startup Cost": 216006.8,
                            "Total Cost": 216006.81,
                            "Plan Rows": 1,
                            "Plan Width": 8,
                            "Actual Startup Time": 122.204,
                            "Actual Total Time": 122.209,
                            "Actual Rows": 1,
                            "Actual Loops": 6,
                            "Output": [
                                "PARTIAL count(*)"
                            ],
                            "Workers": [
                                {
                                    "Worker Number": 0,
                                    "Actual Startup Time": 119.865,
                                    "Actual Total Time": 119.869,
                                    "Actual Rows": 1,
                                    "Actual Loops": 1
                                },
                                {
                                    "Worker Number": 1,
                                    "Actual Startup Time": 120.197,
                                    "Actual Total Time": 120.201,
                                    "Actual Rows": 1,
                                    "Actual Loops": 1
                                },
                                {
                                    "Worker Number": 2,
                                    "Actual Startup Time": 120.486,
                                    "Actual Total Time": 120.489,
                                    "Actual Rows": 1,
                                    "Actual Loops": 1
                                },
                                {
                                    "Worker Number": 3,
                                    "Actual Startup Time": 120.489,
                                    "Actual Total Time": 120.493,
                                    "Actual Rows": 1,
                                    "Actual Loops": 1
                                },
                                {
                                    "Worker Number": 4,
                                    "Actual Startup Time": 120.509,
                                    "Actual Total Time": 120.512,
                                    "Actual Rows": 1,
                                    "Actual Loops": 1
                                }
                            ],
                            "Plans": [
                                {
                                    "Node Type": "Hash Join",
                                    "Parent Relationship": "Outer",
                                    "Parallel Aware": true,
                                    "Join Type": "Inner",
                                    "Startup Cost": 52592.73,
                                    "Total Cost": 216000.63,
                                    "Plan Rows": 2467,
                                    "Plan Width": 0,
                                    "Actual Startup Time": 95.068,
                                    "Actual Total Time": 121.979,
                                    "Actual Rows": 2616,
                                    "Actual Loops": 6,
                                    "Inner Unique": true,
                                    "Hash Cond": "(mi.movie_id = t.id)",
                                    "Workers": [
                                        {
                                            "Worker Number": 0,
                                            "Actual Startup Time": 92.978,
                                            "Actual Total Time": 119.647,
                                            "Actual Rows": 2181,
                                            "Actual Loops": 1
                                        },
                                        {
                                            "Worker Number": 1,
                                            "Actual Startup Time": 93.249,
                                            "Actual Total Time": 119.951,
                                            "Actual Rows": 2402,
                                            "Actual Loops": 1
                                        },
                                        {
                                            "Worker Number": 2,
                                            "Actual Startup Time": 93.603,
                                            "Actual Total Time": 120.249,
                                            "Actual Rows": 2696,
                                            "Actual Loops": 1
                                        },
                                        {
                                            "Worker Number": 3,
                                            "Actual Startup Time": 93.194,
                                            "Actual Total Time": 120.249,
                                            "Actual Rows": 2317,
                                            "Actual Loops": 1
                                        },
                                        {
                                            "Worker Number": 4,
                                            "Actual Startup Time": 93.249,
                                            "Actual Total Time": 120.262,
                                            "Actual Rows": 2212,
                                            "Actual Loops": 1
                                        }
                                    ],
                                    "Plans": [
                                        {
                                            "Node Type": "Bitmap Heap Scan",
                                            "Parent Relationship": "Outer",
                                            "Parallel Aware": true,
                                            "Relation Name": "movie_info",
                                            "Schema": "public",
                                            "Alias": "mi",
                                            "Startup Cost": 8485.4,
                                            "Total Cost": 171647.74,
                                            "Plan Rows": 93547,
                                            "Plan Width": 4,
                                            "Actual Startup Time": 17.472,
                                            "Actual Total Time": 32.787,
                                            "Actual Rows": 81092,
                                            "Actual Loops": 6,
                                            "Output": [
                                                "mi.id",
                                                "mi.movie_id",
                                                "mi.info_type_id",
                                                "mi.info",
                                                "mi.note"
                                            ],
                                            "Recheck Cond": "(mi.info_type_id = 5)",
                                            "Rows Removed by Index Recheck": 0,
                                            "Exact Heap Blocks": 1487,
                                            "Lossy Heap Blocks": 0,
                                            "Workers": [
                                                {
                                                    "Worker Number": 0,
                                                    "Actual Startup Time": 17.392,
                                                    "Actual Total Time": 32.979,
                                                    "Actual Rows": 73328,
                                                    "Actual Loops": 1
                                                },
                                                {
                                                    "Worker Number": 1,
                                                    "Actual Startup Time": 17.415,
                                                    "Actual Total Time": 32.926,
                                                    "Actual Rows": 70445,
                                                    "Actual Loops": 1
                                                },
                                                {
                                                    "Worker Number": 2,
                                                    "Actual Startup Time": 17.497,
                                                    "Actual Total Time": 33.064,
                                                    "Actual Rows": 83112,
                                                    "Actual Loops": 1
                                                },
                                                {
                                                    "Worker Number": 3,
                                                    "Actual Startup Time": 17.539,
                                                    "Actual Total Time": 33.035,
                                                    "Actual Rows": 70577,
                                                    "Actual Loops": 1
                                                },
                                                {
                                                    "Worker Number": 4,
                                                    "Actual Startup Time": 17.622,
                                                    "Actual Total Time": 33.124,
                                                    "Actual Rows": 70634,
                                                    "Actual Loops": 1
                                                }
                                            ],
                                            "Plans": [
                                                {
                                                    "Node Type": "Bitmap Index Scan",
                                                    "Parent Relationship": "Outer",
                                                    "Parallel Aware": false,
                                                    "Index Name": "info_type_id_movie_info",
                                                    "Startup Cost": 0.0,
                                                    "Total Cost": 8368.46,
                                                    "Plan Rows": 467737,
                                                    "Plan Width": 0,
                                                    "Actual Startup Time": 16.664,
                                                    "Actual Total Time": 16.665,
                                                    "Actual Rows": 486554,
                                                    "Actual Loops": 1,
                                                    "Index Cond": "(mi.info_type_id = 5)"
                                                }
                                            ]
                                        },
                                        {
                                            "Node Type": "Hash",
                                            "Parent Relationship": "Inner",
                                            "Parallel Aware": true,
                                            "Startup Cost": 43899.01,
                                            "Total Cost": 43899.01,
                                            "Plan Rows": 16666,
                                            "Plan Width": 4,
                                            "Actual Startup Time": 76.611,
                                            "Actual Total Time": 76.612,
                                            "Actual Rows": 10428,
                                            "Actual Loops": 6,
                                            "Output": [
                                                "t.id"
                                            ],
                                            "Hash Buckets": 131072,
                                            "Original Hash Buckets": 131072,
                                            "Hash Batches": 1,
                                            "Original Hash Batches": 1,
                                            "Peak Memory Usage": 3520,
                                            "Workers": [
                                                {
                                                    "Worker Number": 0,
                                                    "Actual Startup Time": 74.496,
                                                    "Actual Total Time": 74.498,
                                                    "Actual Rows": 7085,
                                                    "Actual Loops": 1
                                                },
                                                {
                                                    "Worker Number": 1,
                                                    "Actual Startup Time": 74.759,
                                                    "Actual Total Time": 74.76,
                                                    "Actual Rows": 7317,
                                                    "Actual Loops": 1
                                                },
                                                {
                                                    "Worker Number": 2,
                                                    "Actual Startup Time": 75.021,
                                                    "Actual Total Time": 75.022,
                                                    "Actual Rows": 10144,
                                                    "Actual Loops": 1
                                                },
                                                {
                                                    "Worker Number": 3,
                                                    "Actual Startup Time": 75.113,
                                                    "Actual Total Time": 75.115,
                                                    "Actual Rows": 7193,
                                                    "Actual Loops": 1
                                                },
                                                {
                                                    "Worker Number": 4,
                                                    "Actual Startup Time": 75.021,
                                                    "Actual Total Time": 75.022,
                                                    "Actual Rows": 7248,
                                                    "Actual Loops": 1
                                                }
                                            ],
                                            "Plans": [
                                                {
                                                    "Node Type": "Seq Scan",
                                                    "Parent Relationship": "Outer",
                                                    "Parallel Aware": true,
                                                    "Relation Name": "title",
                                                    "Schema": "public",
                                                    "Alias": "t",
                                                    "Startup Cost": 0.0,
                                                    "Total Cost": 43899.01,
                                                    "Plan Rows": 16666,
                                                    "Plan Width": 4,
                                                    "Actual Startup Time": 0.067,
                                                    "Actual Total Time": 71.069,
                                                    "Actual Rows": 10428,
                                                    "Actual Loops": 6,
                                                    "Output": [
                                                        "t.id"
                                                    ],
                                                    "Filter": "(t.production_year = 2002)",
                                                    "Rows Removed by Filter": 410957,
                                                    "Workers": [
                                                        {
                                                            "Worker Number": 0,
                                                            "Actual Startup Time": 0.064,
                                                            "Actual Total Time": 69.48,
                                                            "Actual Rows": 7085,
                                                            "Actual Loops": 1
                                                        },
                                                        {
                                                            "Worker Number": 1,
                                                            "Actual Startup Time": 0.086,
                                                            "Actual Total Time": 69.651,
                                                            "Actual Rows": 7317,
                                                            "Actual Loops": 1
                                                        },
                                                        {
                                                            "Worker Number": 2,
                                                            "Actual Startup Time": 0.089,
                                                            "Actual Total Time": 69.747,
                                                            "Actual Rows": 10144,
                                                            "Actual Loops": 1
                                                        },
                                                        {
                                                            "Worker Number": 3,
                                                            "Actual Startup Time": 0.058,
                                                            "Actual Total Time": 70.112,
                                                            "Actual Rows": 7193,
                                                            "Actual Loops": 1
                                                        },
                                                        {
                                                            "Worker Number": 4,
                                                            "Actual Startup Time": 0.091,
                                                            "Actual Total Time": 69.841,
                                                            "Actual Rows": 7248,
                                                            "Actual Loops": 1
                                                        }
                                                    ]
                                                }
                                            ]
                                        }
                                    ]
                                }
                            ]
                        }
                    ]
                }
            ]
        },
        "Planning Time": 178.265,
        "Triggers": [],
        "Execution Time": 140.597
    }
]