[
  {
    "Plan": {
      "Node Type": "Aggregate",
      "Strategy": "Plain",
      "Partial Mode": "Finalize",
      "Parallel Aware": false,
      "Startup Cost": 44978.61,
      "Total Cost": 44978.62,
      "Plan Rows": 1,
      "Plan Width": 8,
      "Actual Startup Time": 140.604,
      "Actual Total Time": 150.177,
      "Actual Rows": 1,
      "Actual Loops": 1,
      "Plans": [
        {
          "Node Type": "Gather",
          "Parent Relationship": "Outer",
          "Parallel Aware": false,
          "Startup Cost": 44978.29,
          "Total Cost": 44978.6,
          "Plan Rows": 3,
          "Plan Width": 8,
          "Actual Startup Time": 140.439,
          "Actual Total Time": 150.167,
          "Actual Rows": 4,
          "Actual Loops": 1,
          "Workers Planned": 3,
          "Workers Launched": 3,
          "Single Copy": false,
          "Plans": [
            {
              "Node Type": "Aggregate",
              "Strategy": "Plain",
              "Partial Mode": "Partial",
              "Parent Relationship": "Outer",
              "Parallel Aware": false,
              "Startup Cost": 43978.29,
              "Total Cost": 43978.3,
              "Plan Rows": 1,
              "Plan Width": 8,
              "Actual Startup Time": 132.231,
              "Actual Total Time": 132.232,
              "Actual Rows": 1,
              "Actual Loops": 4,
              "Plans": [
                {
                  "Node Type": "Seq Scan",
                  "Parent Relationship": "Outer",
                  "Parallel Aware": true,
                  "Relation Name": "movie_keyword",
                  "Alias": "mk",
                  "Startup Cost": 0.0,
                  "Total Cost": 42695.65,
                  "Plan Rows": 513056,
                  "Plan Width": 0,
                  "Actual Startup Time": 0.064,
                  "Actual Total Time": 112.102,
                  "Actual Rows": 397750,
                  "Actual Loops": 4,
                  "Filter": "(keyword_id < 2440)",
                  "Rows Removed by Filter": 733232
                }
              ]
            }
          ]
        }
      ]
    },
    "Planning Time": 0.156,
    "Triggers": [],
    "Execution Time": 150.222
  }
]