[
  {
    "Plan": {
      "Node Type": "Aggregate",
      "Strategy": "Plain",
      "Partial Mode": "Finalize",
      "Parallel Aware": false,
      "Startup Cost": 45373.94,
      "Total Cost": 45373.95,
      "Plan Rows": 1,
      "Plan Width": 8,
      "Actual Startup Time": 152.818,
      "Actual Total Time": 162.908,
      "Actual Rows": 1,
      "Actual Loops": 1,
      "Plans": [
        {
          "Node Type": "Gather",
          "Parent Relationship": "Outer",
          "Parallel Aware": false,
          "Startup Cost": 45373.63,
          "Total Cost": 45373.94,
          "Plan Rows": 3,
          "Plan Width": 8,
          "Actual Startup Time": 152.629,
          "Actual Total Time": 162.897,
          "Actual Rows": 4,
          "Actual Loops": 1,
          "Workers Planned": 3,
          "Workers Launched": 3,
          "Single Copy": false,
          "Plans": [
            {
              "Node Type": "Aggregate",
              "Strategy": "Plain",
              "Partial Mode": "Partial",
              "Parent Relationship": "Outer",
              "Parallel Aware": false,
              "Startup Cost": 44373.63,
              "Total Cost": 44373.64,
              "Plan Rows": 1,
              "Plan Width": 8,
              "Actual Startup Time": 146.704,
              "Actual Total Time": 146.705,
              "Actual Rows": 1,
              "Actual Loops": 4,
              "Plans": [
                {
                  "Node Type": "Seq Scan",
                  "Parent Relationship": "Outer",
                  "Parallel Aware": true,
                  "Relation Name": "movie_keyword",
                  "Alias": "mk",
                  "Startup Cost": 0.0,
                  "Total Cost": 42695.65,
                  "Plan Rows": 671189,
                  "Plan Width": 0,
                  "Actual Startup Time": 0.415,
                  "Actual Total Time": 120.1,
                  "Actual Rows": 515103,
                  "Actual Loops": 4,
                  "Filter": "(keyword_id > 5911)",
                  "Rows Removed by Filter": 615879
                }
              ]
            }
          ]
        }
      ]
    },
    "Planning Time": 0.062,
    "Triggers": [],
    "Execution Time": 162.953
  }
]