[
  {
    "Plan": {
      "Node Type": "Aggregate",
      "Strategy": "Plain",
      "Partial Mode": "Finalize",
      "Parallel Aware": false,
      "Startup Cost": 313818.6,
      "Total Cost": 313818.61,
      "Plan Rows": 1,
      "Plan Width": 8,
      "Actual Startup Time": 231.314,
      "Actual Total Time": 240.637,
      "Actual Rows": 1,
      "Actual Loops": 1,
      "Plans": [
        {
          "Node Type": "Gather",
          "Parent Relationship": "Outer",
          "Parallel Aware": false,
          "Startup Cost": 313817.97,
          "Total Cost": 313818.58,
          "Plan Rows": 6,
          "Plan Width": 8,
          "Actual Startup Time": 230.613,
          "Actual Total Time": 240.628,
          "Actual Rows": 7,
          "Actual Loops": 1,
          "Workers Planned": 6,
          "Workers Launched": 6,
          "Single Copy": false,
          "Plans": [
            {
              "Node Type": "Aggregate",
              "Strategy": "Plain",
              "Partial Mode": "Partial",
              "Parent Relationship": "Outer",
              "Parallel Aware": false,
              "Startup Cost": 312817.97,
              "Total Cost": 312817.98,
              "Plan Rows": 1,
              "Plan Width": 8,
              "Actual Startup Time": 222.081,
              "Actual Total Time": 222.083,
              "Actual Rows": 1,
              "Actual Loops": 7,
              "Plans": [
                {
                  "Node Type": "Bitmap Heap Scan",
                  "Parent Relationship": "Outer",
                  "Parallel Aware": true,
                  "Relation Name": "cast_info",
                  "Alias": "ci",
                  "Startup Cost": 53652.92,
                  "Total Cost": 312460.56,
                  "Plan Rows": 142964,
                  "Plan Width": 0,
                  "Actual Startup Time": 111.4,
                  "Actual Total Time": 207.433,
                  "Actual Rows": 259500,
                  "Actual Loops": 7,
                  "Recheck Cond": "(person_id < 244830)",
                  "Rows Removed by Index Recheck": 0,
                  "Filter": "(role_id < 2)",
                  "Rows Removed by Filter": 102634,
                  "Exact Heap Blocks": 6246,
                  "Lossy Heap Blocks": 0,
                  "Plans": [
                    {
                      "Node Type": "Bitmap Index Scan",
                      "Parent Relationship": "Outer",
                      "Parallel Aware": false,
                      "Index Name": "person_id_cast_info",
                      "Startup Cost": 0.0,
                      "Total Cost": 53438.48,
                      "Plan Rows": 2448255,
                      "Plan Width": 0,
                      "Actual Startup Time": 114.913,
                      "Actual Total Time": 114.914,
                      "Actual Rows": 2534940,
                      "Actual Loops": 1,
                      "Index Cond": "(person_id < 244830)"
                    }
                  ]
                }
              ]
            }
          ]
        }
      ]
    },
    "Planning Time": 0.288,
    "Triggers": [],
    "Execution Time": 240.72
  }
]