[
  {
    "Plan": {
      "Node Type": "Aggregate",
      "Strategy": "Plain",
      "Partial Mode": "Finalize",
      "Parallel Aware": false,
      "Startup Cost": 315278.24,
      "Total Cost": 315278.25,
      "Plan Rows": 1,
      "Plan Width": 8,
      "Actual Startup Time": 227.981,
      "Actual Total Time": 237.853,
      "Actual Rows": 1,
      "Actual Loops": 1,
      "Plans": [
        {
          "Node Type": "Gather",
          "Parent Relationship": "Outer",
          "Parallel Aware": false,
          "Startup Cost": 315277.62,
          "Total Cost": 315278.23,
          "Plan Rows": 6,
          "Plan Width": 8,
          "Actual Startup Time": 227.524,
          "Actual Total Time": 237.844,
          "Actual Rows": 7,
          "Actual Loops": 1,
          "Workers Planned": 6,
          "Workers Launched": 6,
          "Single Copy": false,
          "Plans": [
            {
              "Node Type": "Aggregate",
              "Strategy": "Plain",
              "Partial Mode": "Partial",
              "Parent Relationship": "Outer",
              "Parallel Aware": false,
              "Startup Cost": 314277.62,
              "Total Cost": 314277.63,
              "Plan Rows": 1,
              "Plan Width": 8,
              "Actual Startup Time": 217.927,
              "Actual Total Time": 217.929,
              "Actual Rows": 1,
              "Actual Loops": 7,
              "Plans": [
                {
                  "Node Type": "Bitmap Heap Scan",
                  "Parent Relationship": "Outer",
                  "Parallel Aware": true,
                  "Relation Name": "cast_info",
                  "Alias": "ci",
                  "Startup Cost": 54963.27,
                  "Total Cost": 313917.89,
                  "Plan Rows": 143891,
                  "Plan Width": 0,
                  "Actual Startup Time": 103.424,
                  "Actual Total Time": 203.813,
                  "Actual Rows": 259500,
                  "Actual Loops": 7,
                  "Recheck Cond": "(person_id < 244830)",
                  "Rows Removed by Index Recheck": 0,
                  "Filter": "(role_id < 2)",
                  "Rows Removed by Filter": 102634,
                  "Exact Heap Blocks": 6167,
                  "Lossy Heap Blocks": 0,
                  "Plans": [
                    {
                      "Node Type": "Bitmap Index Scan",
                      "Parent Relationship": "Outer",
                      "Parallel Aware": false,
                      "Index Name": "person_id_cast_info",
                      "Startup Cost": 0.0,
                      "Total Cost": 54747.43,
                      "Plan Rows": 2507049,
                      "Plan Width": 0,
                      "Actual Startup Time": 107.932,
                      "Actual Total Time": 107.933,
                      "Actual Rows": 2534940,
                      "Actual Loops": 1,
                      "Index Cond": "(person_id < 244830)"
                    }
                  ]
                }
              ]
            }
          ]
        }
      ]
    },
    "Planning Time": 0.281,
    "Triggers": [],
    "Execution Time": 237.928
  }
]