[
  {
    "Plan": {
      "Node Type": "Aggregate",
      "Strategy": "Plain",
      "Partial Mode": "Finalize",
      "Parallel Aware": false,
      "Startup Cost": 33037.37,
      "Total Cost": 33037.38,
      "Plan Rows": 1,
      "Plan Width": 8,
      "Actual Startup Time": 95.105,
      "Actual Total Time": 103.221,
      "Actual Rows": 1,
      "Actual Loops": 1,
      "Plans": [
        {
          "Node Type": "Gather",
          "Parent Relationship": "Outer",
          "Parallel Aware": false,
          "Startup Cost": 33037.06,
          "Total Cost": 33037.37,
          "Plan Rows": 3,
          "Plan Width": 8,
          "Actual Startup Time": 94.834,
          "Actual Total Time": 103.213,
          "Actual Rows": 4,
          "Actual Loops": 1,
          "Workers Planned": 3,
          "Workers Launched": 3,
          "Single Copy": false,
          "Plans": [
            {
              "Node Type": "Aggregate",
              "Strategy": "Plain",
              "Partial Mode": "Partial",
              "Parent Relationship": "Outer",
              "Parallel Aware": false,
              "Startup Cost": 32037.06,
              "Total Cost": 32037.07,
              "Plan Rows": 1,
              "Plan Width": 8,
              "Actual Startup Time": 89.323,
              "Actual Total Time": 89.324,
              "Actual Rows": 1,
              "Actual Loops": 4,
              "Plans": [
                {
                  "Node Type": "Seq Scan",
                  "Parent Relationship": "Outer",
                  "Parallel Aware": true,
                  "Relation Name": "movie_companies",
                  "Alias": "mc",
                  "Startup Cost": 0.0,
                  "Total Cost": 31414.82,
                  "Plan Rows": 248895,
                  "Plan Width": 0,
                  "Actual Startup Time": 0.021,
                  "Actual Total Time": 75.638,
                  "Actual Rows": 269270,
                  "Actual Loops": 4,
                  "Filter": "((company_id < 15767) AND (company_type_id < 2))",
                  "Rows Removed by Filter": 383012
                }
              ]
            }
          ]
        }
      ]
    },
    "Planning Time": 0.12,
    "Triggers": [],
    "Execution Time": 103.254
  }
]