[
  {
    "Plan": {
      "Node Type": "Aggregate",
      "Strategy": "Plain",
      "Partial Mode": "Finalize",
      "Parallel Aware": false,
      "Startup Cost": 33048.22,
      "Total Cost": 33048.23,
      "Plan Rows": 1,
      "Plan Width": 8,
      "Actual Startup Time": 107.09,
      "Actual Total Time": 114.448,
      "Actual Rows": 1,
      "Actual Loops": 1,
      "Plans": [
        {
          "Node Type": "Gather",
          "Parent Relationship": "Outer",
          "Parallel Aware": false,
          "Startup Cost": 33047.9,
          "Total Cost": 33048.21,
          "Plan Rows": 3,
          "Plan Width": 8,
          "Actual Startup Time": 106.889,
          "Actual Total Time": 114.44,
          "Actual Rows": 4,
          "Actual Loops": 1,
          "Workers Planned": 3,
          "Workers Launched": 3,
          "Single Copy": false,
          "Plans": [
            {
              "Node Type": "Aggregate",
              "Strategy": "Plain",
              "Partial Mode": "Partial",
              "Parent Relationship": "Outer",
              "Parallel Aware": false,
              "Startup Cost": 32047.9,
              "Total Cost": 32047.91,
              "Plan Rows": 1,
              "Plan Width": 8,
              "Actual Startup Time": 99.453,
              "Actual Total Time": 99.458,
              "Actual Rows": 1,
              "Actual Loops": 4,
              "Plans": [
                {
                  "Node Type": "Seq Scan",
                  "Parent Relationship": "Outer",
                  "Parallel Aware": true,
                  "Relation Name": "movie_companies",
                  "Alias": "mc",
                  "Startup Cost": 0.0,
                  "Total Cost": 31414.82,
                  "Plan Rows": 253232,
                  "Plan Width": 0,
                  "Actual Startup Time": 0.04,
                  "Actual Total Time": 84.003,
                  "Actual Rows": 269270,
                  "Actual Loops": 4,
                  "Filter": "((company_id < 15767) AND (company_type_id < 2))",
                  "Rows Removed by Filter": 383012
                }
              ]
            }
          ]
        }
      ]
    },
    "Planning Time": 0.213,
    "Triggers": [],
    "Execution Time": 114.504
  }
]