[
  {
    "Plan": {
      "Node Type": "Aggregate",
      "Strategy": "Plain",
      "Partial Mode": "Finalize",
      "Parallel Aware": false,
      "Startup Cost": 390017.33,
      "Total Cost": 390017.34,
      "Plan Rows": 1,
      "Plan Width": 8,
      "Actual Startup Time": 618.483,
      "Actual Total Time": 640.182,
      "Actual Rows": 1,
      "Actual Loops": 1,
      "Plans": [
        {
          "Node Type": "Gather",
          "Parent Relationship": "Outer",
          "Parallel Aware": false,
          "Startup Cost": 390016.7,
          "Total Cost": 390017.31,
          "Plan Rows": 6,
          "Plan Width": 8,
          "Actual Startup Time": 614.666,
          "Actual Total Time": 640.172,
          "Actual Rows": 7,
          "Actual Loops": 1,
          "Workers Planned": 6,
          "Workers Launched": 6,
          "Single Copy": false,
          "Plans": [
            {
              "Node Type": "Aggregate",
              "Strategy": "Plain",
              "Partial Mode": "Partial",
              "Parent Relationship": "Outer",
              "Parallel Aware": false,
              "Startup Cost": 389016.7,
              "Total Cost": 389016.71,
              "Plan Rows": 1,
              "Plan Width": 8,
              "Actual Startup Time": 603.476,
              "Actual Total Time": 603.48,
              "Actual Rows": 1,
              "Actual Loops": 7,
              "Plans": [
                {
                  "Node Type": "Hash Join",
                  "Parent Relationship": "Outer",
                  "Parallel Aware": true,
                  "Join Type": "Inner",
                  "Startup Cost": 126116.26,
                  "Total Cost": 388914.57,
                  "Plan Rows": 40853,
                  "Plan Width": 0,
                  "Actual Startup Time": 358.958,
                  "Actual Total Time": 600.263,
                  "Actual Rows": 47653,
                  "Actual Loops": 7,
                  "Inner Unique": true,
                  "Hash Cond": "(ci.movie_id = t.id)",
                  "Plans": [
                    {
                      "Node Type": "Bitmap Heap Scan",
                      "Parent Relationship": "Outer",
                      "Parallel Aware": true,
                      "Relation Name": "cast_info",
                      "Alias": "ci",
                      "Startup Cost": 79823.03,
                      "Total Cost": 341580.61,
                      "Plan Rows": 396465,
                      "Plan Width": 4,
                      "Actual Startup Time": 266.604,
                      "Actual Total Time": 412.278,
                      "Actual Rows": 496110,
                      "Actual Loops": 7,
                      "Recheck Cond": "(person_id > 3428172)",
                      "Rows Removed by Index Recheck": 0,
                      "Filter": "(role_id > 1)",
                      "Rows Removed by Filter": 0,
                      "Exact Heap Blocks": 11278,
                      "Lossy Heap Blocks": 0,
                      "Plans": [
                        {
                          "Node Type": "Bitmap Index Scan",
                          "Parent Relationship": "Outer",
                          "Parallel Aware": false,
                          "Index Name": "person_id_cast_info",
                          "Startup Cost": 0.0,
                          "Total Cost": 79228.33,
                          "Plan Rows": 3628235,
                          "Plan Width": 0,
                          "Actual Startup Time": 257.188,
                          "Actual Total Time": 257.189,
                          "Actual Rows": 3472771,
                          "Actual Loops": 1,
                          "Index Cond": "(person_id > 3428172)"
                        }
                      ]
                    },
                    {
                      "Node Type": "Hash",
                      "Parent Relationship": "Inner",
                      "Parallel Aware": true,
                      "Startup Cost": 45479.1,
                      "Total Cost": 45479.1,
                      "Plan Rows": 65131,
                      "Plan Width": 4,
                      "Actual Startup Time": 90.687,
                      "Actual Total Time": 90.689,
                      "Actual Rows": 32550,
                      "Actual Loops": 7,
                      "Hash Buckets": 262144,
                      "Original Hash Buckets": 262144,
                      "Hash Batches": 1,
                      "Original Hash Batches": 1,
                      "Peak Memory Usage": 11072,
                      "Plans": [
                        {
                          "Node Type": "Seq Scan",
                          "Parent Relationship": "Outer",
                          "Parallel Aware": true,
                          "Relation Name": "title",
                          "Alias": "t",
                          "Startup Cost": 0.0,
                          "Total Cost": 45479.1,
                          "Plan Rows": 65131,
                          "Plan Width": 4,
                          "Actual Startup Time": 0.058,
                          "Actual Total Time": 76.686,
                          "Actual Rows": 32550,
                          "Actual Loops": 7,
                          "Filter": "((kind_id < 7) AND (production_year > 2008))",
                          "Rows Removed by Filter": 328638
                        }
                      ]
                    }
                  ]
                }
              ]
            }
          ]
        }
      ]
    },
    "Planning Time": 0.628,
    "Triggers": [],
    "Execution Time": 640.277
  }
]