{
  "Plan": {
    "Node Type": "Aggregate",
    "Strategy": "Plain",
    "Partial Mode": "Finalize",
    "Parallel Aware": false,
    "Startup Cost": 461961.08,
    "Total Cost": 461961.09,
    "Plan Rows": 1,
    "Plan Width": 8,
    "Actual Startup Time": 986.105,
    "Actual Total Time": 1004.307,
    "Actual Rows": 1,
    "Actual Loops": 1,
    "Plans": [
      {
        "Node Type": "Gather",
        "Parent Relationship": "Outer",
        "Parallel Aware": false,
        "Startup Cost": 461960.96,
        "Total Cost": 461961.07,
        "Plan Rows": 1,
        "Plan Width": 8,
        "Actual Startup Time": 985.52,
        "Actual Total Time": 1004.297,
        "Actual Rows": 2,
        "Actual Loops": 1,
        "Workers Planned": 1,
        "Workers Launched": 1,
        "Single Copy": false,
        "Plans": [
          {
            "Node Type": "Aggregate",
            "Strategy": "Plain",
            "Partial Mode": "Partial",
            "Parent Relationship": "Outer",
            "Parallel Aware": false,
            "Startup Cost": 460960.96,
            "Total Cost": 460960.97,
            "Plan Rows": 1,
            "Plan Width": 8,
            "Actual Startup Time": 980.766,
            "Actual Total Time": 980.77,
            "Actual Rows": 1,
            "Actual Loops": 2,
            "Plans": [
              {
                "Node Type": "Hash Join",
                "Parent Relationship": "Outer",
                "Parallel Aware": true,
                "Join Type": "Inner",
                "Startup Cost": 161082.71,
                "Total Cost": 460538.4,
                "Plan Rows": 169027,
                "Plan Width": 0,
                "Actual Startup Time": 354.612,
                "Actual Total Time": 973.86,
                "Actual Rows": 151216,
                "Actual Loops": 2,
                "Inner Unique": true,
                "Hash Cond": "(ci.movie_id = t.id)",
                "Plans": [
                  {
                    "Node Type": "Bitmap Heap Scan",
                    "Parent Relationship": "Outer",
                    "Parallel Aware": true,
                    "Relation Name": "cast_info",
                    "Alias": "ci",
                    "Startup Cost": 101442.48,
                    "Total Cost": 394713.76,
                    "Plan Rows": 2355962,
                    "Plan Width": 4,
                    "Actual Startup Time": 173.241,
                    "Actual Total Time": 516.386,
                    "Actual Rows": 2259350,
                    "Actual Loops": 2,
                    "Recheck Cond": "(person_id < 458088)",
                    "Rows Removed by Index Recheck": 0,
                    "Filter": "(role_id < 10)",
                    "Rows Removed by Filter": 101164,
                    "Exact Heap Blocks": 27257,
                    "Lossy Heap Blocks": 0,
                    "Plans": [
                      {
                        "Node Type": "Bitmap Index Scan",
                        "Parent Relationship": "Outer",
                        "Parallel Aware": false,
                        "Index Name": "person_id_cast_info",
                        "Startup Cost": 0.0,
                        "Total Cost": 100441.2,
                        "Plan Rows": 4599551,
                        "Plan Width": 0,
                        "Actual Startup Time": 165.446,
                        "Actual Total Time": 165.446,
                        "Actual Rows": 4721028,
                        "Actual Loops": 1,
                        "Index Cond": "(person_id < 458088)"
                      }
                    ]
                  },
                  {
                    "Node Type": "Hash",
                    "Parent Relationship": "Inner",
                    "Parallel Aware": true,
                    "Startup Cost": 58306.47,
                    "Total Cost": 58306.47,
                    "Plan Rows": 106701,
                    "Plan Width": 4,
                    "Actual Startup Time": 178.168,
                    "Actual Total Time": 178.169,
                    "Actual Rows": 80685,
                    "Actual Loops": 2,
                    "Hash Buckets": 262144,
                    "Original Hash Buckets": 262144,
                    "Hash Batches": 1,
                    "Original Hash Batches": 1,
                    "Peak Memory Usage": 8416,
                    "Plans": [
                      {
                        "Node Type": "Seq Scan",
                        "Parent Relationship": "Outer",
                        "Parallel Aware": true,
                        "Relation Name": "title",
                        "Alias": "t",
                        "Startup Cost": 0.0,
                        "Total Cost": 58306.47,
                        "Plan Rows": 106701,
                        "Plan Width": 4,
                        "Actual Startup Time": 0.051,
                        "Actual Total Time": 153.909,
                        "Actual Rows": 80685,
                        "Actual Loops": 2,
                        "Filter": "((kind_id < 4) AND (production_year > 2009))",
                        "Rows Removed by Filter": 1183471
                      }
                    ]
                  }
                ]
              }
            ]
          }
        ]
      }
    ]
  },
  "Planning Time": 0.51,
  "Triggers": [],
  "Execution Time": 1004.408
}