[
  {
    "Plan": {
      "Node Type": "Aggregate",
      "Strategy": "Plain",
      "Partial Mode": "Finalize",
      "Parallel Aware": false,
      "Startup Cost": 31833.42,
      "Total Cost": 31833.43,
      "Plan Rows": 1,
      "Plan Width": 8,
      "Actual Startup Time": 109.734,
      "Actual Total Time": 118.089,
      "Actual Rows": 1,
      "Actual Loops": 1,
      "Plans": [
        {
          "Node Type": "Gather",
          "Parent Relationship": "Outer",
          "Parallel Aware": false,
          "Startup Cost": 31833.11,
          "Total Cost": 31833.42,
          "Plan Rows": 3,
          "Plan Width": 8,
          "Actual Startup Time": 109.603,
          "Actual Total Time": 118.08,
          "Actual Rows": 4,
          "Actual Loops": 1,
          "Workers Planned": 3,
          "Workers Launched": 3,
          "Single Copy": false,
          "Plans": [
            {
              "Node Type": "Aggregate",
              "Strategy": "Plain",
              "Partial Mode": "Partial",
              "Parent Relationship": "Outer",
              "Parallel Aware": false,
              "Startup Cost": 30833.11,
              "Total Cost": 30833.12,
              "Plan Rows": 1,
              "Plan Width": 8,
              "Actual Startup Time": 102.84,
              "Actual Total Time": 102.841,
              "Actual Rows": 1,
              "Actual Loops": 4,
              "Plans": [
                {
                  "Node Type": "Seq Scan",
                  "Parent Relationship": "Outer",
                  "Parallel Aware": true,
                  "Relation Name": "movie_companies",
                  "Alias": "mc",
                  "Startup Cost": 0.0,
                  "Total Cost": 29310.68,
                  "Plan Rows": 608970,
                  "Plan Width": 0,
                  "Actual Startup Time": 0.033,
                  "Actual Total Time": 78.891,
                  "Actual Rows": 473675,
                  "Actual Loops": 4,
                  "Filter": "(company_id < 43438)",
                  "Rows Removed by Filter": 178608
                }
              ]
            }
          ]
        }
      ]
    },
    "Planning Time": 0.117,
    "Triggers": [],
    "Execution Time": 118.13
  }
]