[
    {
        "Bao": {
            "Bao prediction": "NaN",
            "Bao recommended hint": "(no hint)"
        }
    },
    {
        "Plan": {
            "Node Type": "Aggregate",
            "Strategy": "Plain",
            "Partial Mode": "Simple",
            "Parallel Aware": false,
            "Startup Cost": 26597.07,
            "Total Cost": 26597.08,
            "Plan Rows": 1,
            "Plan Width": 8,
            "Actual Startup Time": 25.794,
            "Actual Total Time": 25.796,
            "Actual Rows": 1,
            "Actual Loops": 1,
            "Output": [
                "count(*)"
            ],
            "Plans": [
                {
                    "Node Type": "Bitmap Heap Scan",
                    "Parent Relationship": "Outer",
                    "Parallel Aware": false,
                    "Relation Name": "movie_keyword",
                    "Schema": "public",
                    "Alias": "mk",
                    "Startup Cost": 939.56,
                    "Total Cost": 26486.38,
                    "Plan Rows": 44274,
                    "Plan Width": 0,
                    "Actual Startup Time": 4.852,
                    "Actual Total Time": 23.783,
                    "Actual Rows": 40157,
                    "Actual Loops": 1,
                    "Recheck Cond": "(mk.keyword_id > 104521)",
                    "Rows Removed by Index Recheck": 0,
                    "Exact Heap Blocks": 10576,
                    "Lossy Heap Blocks": 0,
                    "Plans": [
                        {
                            "Node Type": "Bitmap Index Scan",
                            "Parent Relationship": "Outer",
                            "Parallel Aware": false,
                            "Index Name": "keyword_id_movie_keyword",
                            "Startup Cost": 0.0,
                            "Total Cost": 928.49,
                            "Plan Rows": 44274,
                            "Plan Width": 0,
                            "Actual Startup Time": 3.242,
                            "Actual Total Time": 3.243,
                            "Actual Rows": 40157,
                            "Actual Loops": 1,
                            "Index Cond": "(mk.keyword_id > 104521)"
                        }
                    ]
                }
            ]
        },
        "Planning Time": 178.45,
        "Triggers": [],
        "Execution Time": 25.888
    }
]