[
  {
    "Plan": {
      "Node Type": "Aggregate",
      "Strategy": "Plain",
      "Partial Mode": "Finalize",
      "Parallel Aware": false,
      "Startup Cost": 237779.18,
      "Total Cost": 237779.19,
      "Plan Rows": 1,
      "Plan Width": 8,
      "Actual Startup Time": 3548.375,
      "Actual Total Time": 3633.869,
      "Actual Rows": 1,
      "Actual Loops": 1,
      "Plans": [
        {
          "Node Type": "Gather",
          "Parent Relationship": "Outer",
          "Parallel Aware": false,
          "Startup Cost": 237778.87,
          "Total Cost": 237779.18,
          "Plan Rows": 3,
          "Plan Width": 8,
          "Actual Startup Time": 3546.602,
          "Actual Total Time": 3633.86,
          "Actual Rows": 4,
          "Actual Loops": 1,
          "Workers Planned": 3,
          "Workers Launched": 3,
          "Single Copy": false,
          "Plans": [
            {
              "Node Type": "Aggregate",
              "Strategy": "Plain",
              "Partial Mode": "Partial",
              "Parent Relationship": "Outer",
              "Parallel Aware": false,
              "Startup Cost": 236778.87,
              "Total Cost": 236778.88,
              "Plan Rows": 1,
              "Plan Width": 8,
              "Actual Startup Time": 3540.156,
              "Actual Total Time": 3540.16,
              "Actual Rows": 1,
              "Actual Loops": 4,
              "Plans": [
                {
                  "Node Type": "Nested Loop",
                  "Parent Relationship": "Outer",
                  "Parallel Aware": false,
                  "Join Type": "Inner",
                  "Startup Cost": 46494.9,
                  "Total Cost": 234973.92,
                  "Plan Rows": 721978,
                  "Plan Width": 0,
                  "Actual Startup Time": 142.014,
                  "Actual Total Time": 3331.882,
                  "Actual Rows": 4583095,
                  "Actual Loops": 4,
                  "Inner Unique": false,
                  "Join Filter": "(t.id = ci.movie_id)",
                  "Rows Removed by Join Filter": 0,
                  "Plans": [
                    {
                      "Node Type": "Hash Join",
                      "Parent Relationship": "Outer",
                      "Parallel Aware": true,
                      "Join Type": "Inner",
                      "Startup Cost": 46494.34,
                      "Total Cost": 90219.23,
                      "Plan Rows": 50355,
                      "Plan Width": 8,
                      "Actual Startup Time": 141.917,
                      "Actual Total Time": 317.801,
                      "Actual Rows": 126798,
                      "Actual Loops": 4,
                      "Inner Unique": true,
                      "Hash Cond": "(mk.movie_id = t.id)",
                      "Plans": [
                        {
                          "Node Type": "Seq Scan",
                          "Parent Relationship": "Outer",
                          "Parallel Aware": true,
                          "Relation Name": "movie_keyword",
                          "Alias": "mk",
                          "Startup Cost": 0.0,
                          "Total Cost": 42695.65,
                          "Plan Rows": 392091,
                          "Plan Width": 4,
                          "Actual Startup Time": 0.028,
                          "Actual Total Time": 98.668,
                          "Actual Rows": 302372,
                          "Actual Loops": 4,
                          "Filter": "(keyword_id < 1517)",
                          "Rows Removed by Filter": 828611
                        },
                        {
                          "Node Type": "Hash",
                          "Parent Relationship": "Inner",
                          "Parallel Aware": true,
                          "Startup Cost": 45479.59,
                          "Total Cost": 45479.59,
                          "Plan Rows": 81180,
                          "Plan Width": 4,
                          "Actual Startup Time": 139.158,
                          "Actual Total Time": 139.159,
                          "Actual Rows": 111298,
                          "Actual Loops": 4,
                          "Hash Buckets": 524288,
                          "Original Hash Buckets": 524288,
                          "Hash Batches": 1,
                          "Original Hash Batches": 1,
                          "Peak Memory Usage": 21568,
                          "Plans": [
                            {
                              "Node Type": "Seq Scan",
                              "Parent Relationship": "Outer",
                              "Parallel Aware": true,
                              "Relation Name": "title",
                              "Alias": "t",
                              "Startup Cost": 0.0,
                              "Total Cost": 45479.59,
                              "Plan Rows": 81180,
                              "Plan Width": 4,
                              "Actual Startup Time": 0.04,
                              "Actual Total Time": 100.816,
                              "Actual Rows": 111298,
                              "Actual Loops": 4,
                              "Filter": "((kind_id < 7) AND (production_year < 1996))",
                              "Rows Removed by Filter": 520780
                            }
                          ]
                        }
                      ]
                    },
                    {
                      "Node Type": "Index Only Scan",
                      "Parent Relationship": "Inner",
                      "Parallel Aware": false,
                      "Scan Direction": "Forward",
                      "Index Name": "movie_id_cast_info",
                      "Relation Name": "cast_info",
                      "Alias": "ci",
                      "Startup Cost": 0.56,
                      "Total Cost": 2.44,
                      "Plan Rows": 35,
                      "Plan Width": 4,
                      "Actual Startup Time": 0.004,
                      "Actual Total Time": 0.02,
                      "Actual Rows": 36,
                      "Actual Loops": 507190,
                      "Index Cond": "(movie_id = mk.movie_id)",
                      "Rows Removed by Index Recheck": 0,
                      "Heap Fetches": 18332381
                    }
                  ]
                }
              ]
            }
          ]
        }
      ]
    },
    "Planning Time": 1.15,
    "Triggers": [],
    "Execution Time": 3633.965
  }
]