[
    {
        "Bao": {
            "Bao prediction": "NaN",
            "Bao recommended hint": "(no hint)"
        }
    },
    {
        "Plan": {
            "Node Type": "Aggregate",
            "Strategy": "Plain",
            "Partial Mode": "Finalize",
            "Parallel Aware": false,
            "Startup Cost": 252711.64,
            "Total Cost": 252711.65,
            "Plan Rows": 1,
            "Plan Width": 8,
            "Actual Startup Time": 317.586,
            "Actual Total Time": 331.238,
            "Actual Rows": 1,
            "Actual Loops": 1,
            "Output": [
                "count(*)"
            ],
            "Plans": [
                {
                    "Node Type": "Gather",
                    "Parent Relationship": "Outer",
                    "Parallel Aware": false,
                    "Startup Cost": 252711.02,
                    "Total Cost": 252711.63,
                    "Plan Rows": 6,
                    "Plan Width": 8,
                    "Actual Startup Time": 317.327,
                    "Actual Total Time": 331.229,
                    "Actual Rows": 7,
                    "Actual Loops": 1,
                    "Output": [
                        "(PARTIAL count(*))"
                    ],
                    "Workers Planned": 6,
                    "Workers Launched": 6,
                    "Single Copy": false,
                    "Plans": [
                        {
                            "Node Type": "Aggregate",
                            "Strategy": "Plain",
                            "Partial Mode": "Partial",
                            "Parent Relationship": "Outer",
                            "Parallel Aware": false,
                            "Startup Cost": 251711.02,
                            "Total Cost": 251711.03,
                            "Plan Rows": 1,
                            "Plan Width": 8,
                            "Actual Startup Time": 306.378,
                            "Actual Total Time": 306.379,
                            "Actual Rows": 1,
                            "Actual Loops": 7,
                            "Output": [
                                "PARTIAL count(*)"
                            ],
                            "Workers": [
                                {
                                    "Worker Number": 0,
                                    "Actual Startup Time": 303.874,
                                    "Actual Total Time": 303.875,
                                    "Actual Rows": 1,
                                    "Actual Loops": 1
                                },
                                {
                                    "Worker Number": 1,
                                    "Actual Startup Time": 304.321,
                                    "Actual Total Time": 304.323,
                                    "Actual Rows": 1,
                                    "Actual Loops": 1
                                },
                                {
                                    "Worker Number": 2,
                                    "Actual Startup Time": 304.883,
                                    "Actual Total Time": 304.884,
                                    "Actual Rows": 1,
                                    "Actual Loops": 1
                                },
                                {
                                    "Worker Number": 3,
                                    "Actual Startup Time": 305.055,
                                    "Actual Total Time": 305.056,
                                    "Actual Rows": 1,
                                    "Actual Loops": 1
                                },
                                {
                                    "Worker Number": 4,
                                    "Actual Startup Time": 305.082,
                                    "Actual Total Time": 305.083,
                                    "Actual Rows": 1,
                                    "Actual Loops": 1
                                },
                                {
                                    "Worker Number": 5,
                                    "Actual Startup Time": 304.99,
                                    "Actual Total Time": 304.991,
                                    "Actual Rows": 1,
                                    "Actual Loops": 1
                                }
                            ],
                            "Plans": [
                                {
                                    "Node Type": "Index Scan",
                                    "Parent Relationship": "Outer",
                                    "Parallel Aware": true,
                                    "Scan Direction": "Forward",
                                    "Index Name": "role_id_cast_info",
                                    "Relation Name": "cast_info",
                                    "Schema": "public",
                                    "Alias": "ci",
                                    "Startup Cost": 0.56,
                                    "Total Cost": 251544.36,
                                    "Plan Rows": 66665,
                                    "Plan Width": 0,
                                    "Actual Startup Time": 207.342,
                                    "Actual Total Time": 294.995,
                                    "Actual Rows": 232012,
                                    "Actual Loops": 7,
                                    "Output": [
                                        "id",
                                        "person_id",
                                        "movie_id",
                                        "person_role_id",
                                        "note",
                                        "nr_order",
                                        "role_id"
                                    ],
                                    "Index Cond": "(ci.role_id > 4)",
                                    "Rows Removed by Index Recheck": 0,
                                    "Filter": "(ci.person_id > 3740028)",
                                    "Rows Removed by Filter": 1108660,
                                    "Workers": [
                                        {
                                            "Worker Number": 0,
                                            "Actual Startup Time": 204.794,
                                            "Actual Total Time": 291.731,
                                            "Actual Rows": 173550,
                                            "Actual Loops": 1
                                        },
                                        {
                                            "Worker Number": 1,
                                            "Actual Startup Time": 205.331,
                                            "Actual Total Time": 293.321,
                                            "Actual Rows": 252607,
                                            "Actual Loops": 1
                                        },
                                        {
                                            "Worker Number": 2,
                                            "Actual Startup Time": 205.83,
                                            "Actual Total Time": 293.874,
                                            "Actual Rows": 252442,
                                            "Actual Loops": 1
                                        },
                                        {
                                            "Worker Number": 3,
                                            "Actual Startup Time": 206.075,
                                            "Actual Total Time": 294.006,
                                            "Actual Rows": 253641,
                                            "Actual Loops": 1
                                        },
                                        {
                                            "Worker Number": 4,
                                            "Actual Startup Time": 205.98,
                                            "Actual Total Time": 293.111,
                                            "Actual Rows": 170365,
                                            "Actual Loops": 1
                                        },
                                        {
                                            "Worker Number": 5,
                                            "Actual Startup Time": 205.971,
                                            "Actual Total Time": 294.331,
                                            "Actual Rows": 241471,
                                            "Actual Loops": 1
                                        }
                                    ]
                                }
                            ]
                        }
                    ]
                }
            ]
        },
        "Planning Time": 195.889,
        "Triggers": [],
        "Execution Time": 331.348
    }
]