{
  "Plan": {
    "Node Type": "Aggregate",
    "Strategy": "Plain",
    "Partial Mode": "Finalize",
    "Parallel Aware": false,
    "Startup Cost": 277509.99,
    "Total Cost": 277510.0,
    "Plan Rows": 1,
    "Plan Width": 8,
    "Actual Startup Time": 1127.053,
    "Actual Total Time": 1158.844,
    "Actual Rows": 1,
    "Actual Loops": 1,
    "Plans": [
      {
        "Node Type": "Gather",
        "Parent Relationship": "Outer",
        "Parallel Aware": false,
        "Startup Cost": 277509.88,
        "Total Cost": 277509.99,
        "Plan Rows": 1,
        "Plan Width": 8,
        "Actual Startup Time": 1126.263,
        "Actual Total Time": 1158.836,
        "Actual Rows": 2,
        "Actual Loops": 1,
        "Workers Planned": 1,
        "Workers Launched": 1,
        "Single Copy": false,
        "Plans": [
          {
            "Node Type": "Aggregate",
            "Strategy": "Plain",
            "Partial Mode": "Partial",
            "Parent Relationship": "Outer",
            "Parallel Aware": false,
            "Startup Cost": 276509.88,
            "Total Cost": 276509.89,
            "Plan Rows": 1,
            "Plan Width": 8,
            "Actual Startup Time": 1120.357,
            "Actual Total Time": 1120.361,
            "Actual Rows": 1,
            "Actual Loops": 2,
            "Plans": [
              {
                "Node Type": "Nested Loop",
                "Parent Relationship": "Outer",
                "Parallel Aware": false,
                "Join Type": "Inner",
                "Startup Cost": 55713.86,
                "Total Cost": 275447.64,
                "Plan Rows": 424896,
                "Plan Width": 0,
                "Actual Startup Time": 184.21,
                "Actual Total Time": 1063.67,
                "Actual Rows": 1340278,
                "Actual Loops": 2,
                "Inner Unique": false,
                "Join Filter": "(t.id = mi.movie_id)",
                "Rows Removed by Join Filter": 0,
                "Plans": [
                  {
                    "Node Type": "Hash Join",
                    "Parent Relationship": "Outer",
                    "Parallel Aware": true,
                    "Join Type": "Inner",
                    "Startup Cost": 55713.42,
                    "Total Cost": 73897.21,
                    "Plan Rows": 86165,
                    "Plan Width": 8,
                    "Actual Startup Time": 184.146,
                    "Actual Total Time": 286.12,
                    "Actual Rows": 87059,
                    "Actual Loops": 2,
                    "Inner Unique": true,
                    "Hash Cond": "(mi_idx.movie_id = t.id)",
                    "Plans": [
                      {
                        "Node Type": "Seq Scan",
                        "Parent Relationship": "Outer",
                        "Parallel Aware": true,
                        "Relation Name": "movie_info_idx",
                        "Alias": "mi_idx",
                        "Startup Cost": 0.0,
                        "Total Cost": 16052.85,
                        "Plan Rows": 811785,
                        "Plan Width": 4,
                        "Actual Startup Time": 0.019,
                        "Actual Total Time": 50.295,
                        "Actual Rows": 690018,
                        "Actual Loops": 2
                      },
                      {
                        "Node Type": "Hash",
                        "Parent Relationship": "Inner",
                        "Parallel Aware": true,
                        "Startup Cost": 53740.2,
                        "Total Cost": 53740.2,
                        "Plan Rows": 157858,
                        "Plan Width": 4,
                        "Actual Startup Time": 129.95,
                        "Actual Total Time": 129.951,
                        "Actual Rows": 108141,
                        "Actual Loops": 2,
                        "Hash Buckets": 524288,
                        "Original Hash Buckets": 524288,
                        "Hash Batches": 1,
                        "Original Hash Batches": 1,
                        "Peak Memory Usage": 12608,
                        "Plans": [
                          {
                            "Node Type": "Bitmap Heap Scan",
                            "Parent Relationship": "Outer",
                            "Parallel Aware": true,
                            "Relation Name": "title",
                            "Alias": "t",
                            "Startup Cost": 11889.94,
                            "Total Cost": 53740.2,
                            "Plan Rows": 157858,
                            "Plan Width": 4,
                            "Actual Startup Time": 33.843,
                            "Actual Total Time": 98.866,
                            "Actual Rows": 108141,
                            "Actual Loops": 2,
                            "Recheck Cond": "(kind_id = 1)",
                            "Rows Removed by Index Recheck": 0,
                            "Filter": "(production_year > 2005)",
                            "Rows Removed by Filter": 223272,
                            "Exact Heap Blocks": 8339,
                            "Lossy Heap Blocks": 0,
                            "Plans": [
                              {
                                "Node Type": "Bitmap Index Scan",
                                "Parent Relationship": "Outer",
                                "Parallel Aware": false,
                                "Index Name": "kind_id_title",
                                "Startup Cost": 0.0,
                                "Total Cost": 11822.85,
                                "Plan Rows": 663256,
                                "Plan Width": 0,
                                "Actual Startup Time": 32.573,
                                "Actual Total Time": 32.574,
                                "Actual Rows": 662825,
                                "Actual Loops": 1,
                                "Index Cond": "(kind_id = 1)"
                              }
                            ]
                          }
                        ]
                      }
                    ]
                  },
                  {
                    "Node Type": "Index Scan",
                    "Parent Relationship": "Inner",
                    "Parallel Aware": false,
                    "Scan Direction": "Forward",
                    "Index Name": "movie_id_movie_info",
                    "Relation Name": "movie_info",
                    "Alias": "mi",
                    "Startup Cost": 0.43,
                    "Total Cost": 1.9,
                    "Plan Rows": 35,
                    "Plan Width": 4,
                    "Actual Startup Time": 0.002,
                    "Actual Total Time": 0.008,
                    "Actual Rows": 15,
                    "Actual Loops": 174118,
                    "Index Cond": "(movie_id = mi_idx.movie_id)",
                    "Rows Removed by Index Recheck": 0,
                    "Filter": "(info_type_id < 17)",
                    "Rows Removed by Filter": 5
                  }
                ]
              }
            ]
          }
        ]
      }
    ]
  },
  "Planning Time": 0.961,
  "Triggers": [],
  "Execution Time": 1158.975
}