[
  {
    "Plan": {
      "Node Type": "Aggregate",
      "Strategy": "Plain",
      "Partial Mode": "Finalize",
      "Parallel Aware": false,
      "Startup Cost": 46535.12,
      "Total Cost": 46535.13,
      "Plan Rows": 1,
      "Plan Width": 8,
      "Actual Startup Time": 101.044,
      "Actual Total Time": 113.139,
      "Actual Rows": 1,
      "Actual Loops": 1,
      "Plans": [
        {
          "Node Type": "Gather",
          "Parent Relationship": "Outer",
          "Parallel Aware": false,
          "Startup Cost": 46534.7,
          "Total Cost": 46535.11,
          "Plan Rows": 4,
          "Plan Width": 8,
          "Actual Startup Time": 100.675,
          "Actual Total Time": 113.124,
          "Actual Rows": 5,
          "Actual Loops": 1,
          "Workers Planned": 4,
          "Workers Launched": 4,
          "Single Copy": false,
          "Plans": [
            {
              "Node Type": "Aggregate",
              "Strategy": "Plain",
              "Partial Mode": "Partial",
              "Parent Relationship": "Outer",
              "Parallel Aware": false,
              "Startup Cost": 45534.7,
              "Total Cost": 45534.71,
              "Plan Rows": 1,
              "Plan Width": 8,
              "Actual Startup Time": 94.404,
              "Actual Total Time": 94.407,
              "Actual Rows": 1,
              "Actual Loops": 5,
              "Plans": [
                {
                  "Node Type": "Seq Scan",
                  "Parent Relationship": "Outer",
                  "Parallel Aware": true,
                  "Relation Name": "title",
                  "Alias": "t",
                  "Startup Cost": 0.0,
                  "Total Cost": 45479.59,
                  "Plan Rows": 22046,
                  "Plan Width": 0,
                  "Actual Startup Time": 0.045,
                  "Actual Total Time": 92.792,
                  "Actual Rows": 19296,
                  "Actual Loops": 5,
                  "Filter": "((kind_id > 2) AND (production_year = 2009))",
                  "Rows Removed by Filter": 486367
                }
              ]
            }
          ]
        }
      ]
    },
    "Planning Time": 0.112,
    "Triggers": [],
    "Execution Time": 113.177
  }
]