[
  {
    "Plan": {
      "Node Type": "Aggregate",
      "Strategy": "Plain",
      "Partial Mode": "Finalize",
      "Parallel Aware": false,
      "Startup Cost": 46535.97,
      "Total Cost": 46535.98,
      "Plan Rows": 1,
      "Plan Width": 8,
      "Actual Startup Time": 92.844,
      "Actual Total Time": 104.764,
      "Actual Rows": 1,
      "Actual Loops": 1,
      "Plans": [
        {
          "Node Type": "Gather",
          "Parent Relationship": "Outer",
          "Parallel Aware": false,
          "Startup Cost": 46535.55,
          "Total Cost": 46535.96,
          "Plan Rows": 4,
          "Plan Width": 8,
          "Actual Startup Time": 92.718,
          "Actual Total Time": 104.755,
          "Actual Rows": 5,
          "Actual Loops": 1,
          "Workers Planned": 4,
          "Workers Launched": 4,
          "Single Copy": false,
          "Plans": [
            {
              "Node Type": "Aggregate",
              "Strategy": "Plain",
              "Partial Mode": "Partial",
              "Parent Relationship": "Outer",
              "Parallel Aware": false,
              "Startup Cost": 45535.55,
              "Total Cost": 45535.56,
              "Plan Rows": 1,
              "Plan Width": 8,
              "Actual Startup Time": 84.542,
              "Actual Total Time": 84.543,
              "Actual Rows": 1,
              "Actual Loops": 5,
              "Plans": [
                {
                  "Node Type": "Seq Scan",
                  "Parent Relationship": "Outer",
                  "Parallel Aware": true,
                  "Relation Name": "title",
                  "Alias": "t",
                  "Startup Cost": 0.0,
                  "Total Cost": 45479.1,
                  "Plan Rows": 22579,
                  "Plan Width": 0,
                  "Actual Startup Time": 0.05,
                  "Actual Total Time": 82.989,
                  "Actual Rows": 19296,
                  "Actual Loops": 5,
                  "Filter": "((kind_id > 2) AND (production_year = 2009))",
                  "Rows Removed by Filter": 486367
                }
              ]
            }
          ]
        }
      ]
    },
    "Planning Time": 0.125,
    "Triggers": [],
    "Execution Time": 104.807
  }
]