{
  "Plan": {
    "Node Type": "Aggregate",
    "Strategy": "Plain",
    "Partial Mode": "Finalize",
    "Parallel Aware": false,
    "Startup Cost": 467231.3,
    "Total Cost": 467231.31,
    "Plan Rows": 1,
    "Plan Width": 8,
    "Actual Startup Time": 5741.805,
    "Actual Total Time": 5824.86,
    "Actual Rows": 1,
    "Actual Loops": 1,
    "Plans": [
      {
        "Node Type": "Gather",
        "Parent Relationship": "Outer",
        "Parallel Aware": false,
        "Startup Cost": 467231.19,
        "Total Cost": 467231.3,
        "Plan Rows": 1,
        "Plan Width": 8,
        "Actual Startup Time": 5739.599,
        "Actual Total Time": 5824.852,
        "Actual Rows": 2,
        "Actual Loops": 1,
        "Workers Planned": 1,
        "Workers Launched": 1,
        "Single Copy": false,
        "Plans": [
          {
            "Node Type": "Aggregate",
            "Strategy": "Plain",
            "Partial Mode": "Partial",
            "Parent Relationship": "Outer",
            "Parallel Aware": false,
            "Startup Cost": 466231.19,
            "Total Cost": 466231.2,
            "Plan Rows": 1,
            "Plan Width": 8,
            "Actual Startup Time": 5726.438,
            "Actual Total Time": 5726.443,
            "Actual Rows": 1,
            "Actual Loops": 2,
            "Plans": [
              {
                "Node Type": "Nested Loop",
                "Parent Relationship": "Outer",
                "Parallel Aware": false,
                "Join Type": "Inner",
                "Startup Cost": 75184.74,
                "Total Cost": 460824.67,
                "Plan Rows": 2162606,
                "Plan Width": 0,
                "Actual Startup Time": 595.047,
                "Actual Total Time": 5490.323,
                "Actual Rows": 5475809,
                "Actual Loops": 2,
                "Inner Unique": false,
                "Plans": [
                  {
                    "Node Type": "Hash Join",
                    "Parent Relationship": "Outer",
                    "Parallel Aware": true,
                    "Join Type": "Inner",
                    "Startup Cost": 75184.17,
                    "Total Cost": 102038.71,
                    "Plan Rows": 158713,
                    "Plan Width": 8,
                    "Actual Startup Time": 594.99,
                    "Actual Total Time": 748.369,
                    "Actual Rows": 141924,
                    "Actual Loops": 2,
                    "Inner Unique": true,
                    "Hash Cond": "(mk.movie_id = t.id)",
                    "Plans": [
                      {
                        "Node Type": "Bitmap Heap Scan",
                        "Parent Relationship": "Outer",
                        "Parallel Aware": true,
                        "Relation Name": "movie_keyword",
                        "Alias": "mk",
                        "Startup Cost": 5723.48,
                        "Total Cost": 32161.39,
                        "Plan Rows": 158713,
                        "Plan Width": 4,
                        "Actual Startup Time": 20.8,
                        "Actual Total Time": 89.991,
                        "Actual Rows": 141924,
                        "Actual Loops": 2,
                        "Recheck Cond": "(keyword_id < 236)",
                        "Rows Removed by Index Recheck": 0,
                        "Exact Heap Blocks": 12101,
                        "Lossy Heap Blocks": 0,
                        "Plans": [
                          {
                            "Node Type": "Bitmap Index Scan",
                            "Parent Relationship": "Outer",
                            "Parallel Aware": false,
                            "Index Name": "keyword_id_movie_keyword",
                            "Startup Cost": 0.0,
                            "Total Cost": 5656.02,
                            "Plan Rows": 269812,
                            "Plan Width": 0,
                            "Actual Startup Time": 17.293,
                            "Actual Total Time": 17.294,
                            "Actual Rows": 283847,
                            "Actual Loops": 1,
                            "Index Cond": "(keyword_id < 236)"
                          }
                        ]
                      },
                      {
                        "Node Type": "Hash",
                        "Parent Relationship": "Inner",
                        "Parallel Aware": true,
                        "Startup Cost": 50870.31,
                        "Total Cost": 50870.31,
                        "Plan Rows": 1487231,
                        "Plan Width": 4,
                        "Actual Startup Time": 552.723,
                        "Actual Total Time": 552.723,
                        "Actual Rows": 1264156,
                        "Actual Loops": 2,
                        "Hash Buckets": 4194304,
                        "Original Hash Buckets": 4194304,
                        "Hash Batches": 1,
                        "Original Hash Batches": 1,
                        "Peak Memory Usage": 131712,
                        "Plans": [
                          {
                            "Node Type": "Seq Scan",
                            "Parent Relationship": "Outer",
                            "Parallel Aware": true,
                            "Relation Name": "title",
                            "Alias": "t",
                            "Startup Cost": 0.0,
                            "Total Cost": 50870.31,
                            "Plan Rows": 1487231,
                            "Plan Width": 4,
                            "Actual Startup Time": 0.047,
                            "Actual Total Time": 160.784,
                            "Actual Rows": 1264156,
                            "Actual Loops": 2
                          }
                        ]
                      }
                    ]
                  },
                  {
                    "Node Type": "Index Scan",
                    "Parent Relationship": "Inner",
                    "Parallel Aware": false,
                    "Scan Direction": "Forward",
                    "Index Name": "movie_id_cast_info",
                    "Relation Name": "cast_info",
                    "Alias": "ci",
                    "Startup Cost": 0.56,
                    "Total Cost": 1.91,
                    "Plan Rows": 35,
                    "Plan Width": 4,
                    "Actual Startup Time": 0.005,
                    "Actual Total Time": 0.031,
                    "Actual Rows": 39,
                    "Actual Loops": 283847,
                    "Index Cond": "(movie_id = t.id)",
                    "Rows Removed by Index Recheck": 0,
                    "Filter": "(person_id > 178280)",
                    "Rows Removed by Filter": 2
                  }
                ]
              }
            ]
          }
        ]
      }
    ]
  },
  "Planning Time": 1.046,
  "Triggers": [],
  "Execution Time": 5824.992
}