[
  {
    "Plan": {
      "Node Type": "Aggregate",
      "Strategy": "Plain",
      "Partial Mode": "Finalize",
      "Parallel Aware": false,
      "Startup Cost": 416515.79,
      "Total Cost": 416515.8,
      "Plan Rows": 1,
      "Plan Width": 8,
      "Actual Startup Time": 2072.666,
      "Actual Total Time": 2137.445,
      "Actual Rows": 1,
      "Actual Loops": 1,
      "Plans": [
        {
          "Node Type": "Gather",
          "Parent Relationship": "Outer",
          "Parallel Aware": false,
          "Startup Cost": 416515.17,
          "Total Cost": 416515.78,
          "Plan Rows": 6,
          "Plan Width": 8,
          "Actual Startup Time": 2061.848,
          "Actual Total Time": 2137.416,
          "Actual Rows": 7,
          "Actual Loops": 1,
          "Workers Planned": 6,
          "Workers Launched": 6,
          "Single Copy": false,
          "Plans": [
            {
              "Node Type": "Aggregate",
              "Strategy": "Plain",
              "Partial Mode": "Partial",
              "Parent Relationship": "Outer",
              "Parallel Aware": false,
              "Startup Cost": 415515.17,
              "Total Cost": 415515.18,
              "Plan Rows": 1,
              "Plan Width": 8,
              "Actual Startup Time": 2050.912,
              "Actual Total Time": 2051.07,
              "Actual Rows": 1,
              "Actual Loops": 7,
              "Plans": [
                {
                  "Node Type": "Hash Join",
                  "Parent Relationship": "Outer",
                  "Parallel Aware": true,
                  "Join Type": "Inner",
                  "Startup Cost": 63600.97,
                  "Total Cost": 413517.84,
                  "Plan Rows": 798931,
                  "Plan Width": 0,
                  "Actual Startup Time": 336.529,
                  "Actual Total Time": 1941.651,
                  "Actual Rows": 2282920,
                  "Actual Loops": 7,
                  "Inner Unique": false,
                  "Hash Cond": "(ci.movie_id = t.id)",
                  "Plans": [
                    {
                      "Node Type": "Seq Scan",
                      "Parent Relationship": "Outer",
                      "Parallel Aware": true,
                      "Relation Name": "cast_info",
                      "Alias": "ci",
                      "Startup Cost": 0.0,
                      "Total Cost": 328211.39,
                      "Plan Rows": 4900426,
                      "Plan Width": 4,
                      "Actual Startup Time": 72.246,
                      "Actual Total Time": 698.34,
                      "Actual Rows": 4182141,
                      "Actual Loops": 7,
                      "Filter": "(person_id > 673545)",
                      "Rows Removed by Filter": 995623
                    },
                    {
                      "Node Type": "Hash",
                      "Parent Relationship": "Inner",
                      "Parallel Aware": true,
                      "Startup Cost": 61454.01,
                      "Total Cost": 61454.01,
                      "Plan Rows": 171757,
                      "Plan Width": 8,
                      "Actual Startup Time": 261.683,
                      "Actual Total Time": 261.84,
                      "Actual Rows": 106137,
                      "Actual Loops": 7,
                      "Hash Buckets": 1048576,
                      "Original Hash Buckets": 524288,
                      "Hash Batches": 1,
                      "Original Hash Batches": 1,
                      "Peak Memory Usage": 41472,
                      "Plans": [
                        {
                          "Node Type": "Hash Join",
                          "Parent Relationship": "Outer",
                          "Parallel Aware": true,
                          "Join Type": "Inner",
                          "Startup Cost": 46259.45,
                          "Total Cost": 61454.01,
                          "Plan Rows": 171757,
                          "Plan Width": 8,
                          "Actual Startup Time": 141.117,
                          "Actual Total Time": 209.657,
                          "Actual Rows": 106137,
                          "Actual Loops": 7,
                          "Inner Unique": true,
                          "Hash Cond": "(mi_idx.movie_id = t.id)",
                          "Plans": [
                            {
                              "Node Type": "Seq Scan",
                              "Parent Relationship": "Outer",
                              "Parallel Aware": true,
                              "Relation Name": "movie_info_idx",
                              "Alias": "mi_idx",
                              "Startup Cost": 0.0,
                              "Total Cost": 13685.15,
                              "Plan Rows": 575015,
                              "Plan Width": 4,
                              "Actual Startup Time": 0.035,
                              "Actual Total Time": 22.621,
                              "Actual Rows": 197148,
                              "Actual Loops": 7
                            },
                            {
                              "Node Type": "Hash",
                              "Parent Relationship": "Inner",
                              "Parallel Aware": true,
                              "Startup Cost": 43899.32,
                              "Total Cost": 43899.32,
                              "Plan Rows": 188810,
                              "Plan Width": 4,
                              "Actual Startup Time": 139.083,
                              "Actual Total Time": 139.086,
                              "Actual Rows": 107668,
                              "Actual Loops": 7,
                              "Hash Buckets": 1048576,
                              "Original Hash Buckets": 1048576,
                              "Hash Batches": 1,
                              "Original Hash Batches": 1,
                              "Peak Memory Usage": 37760,
                              "Plans": [
                                {
                                  "Node Type": "Seq Scan",
                                  "Parent Relationship": "Outer",
                                  "Parallel Aware": true,
                                  "Relation Name": "title",
                                  "Alias": "t",
                                  "Startup Cost": 0.0,
                                  "Total Cost": 43899.32,
                                  "Plan Rows": 188810,
                                  "Plan Width": 4,
                                  "Actual Startup Time": 0.062,
                                  "Actual Total Time": 81.401,
                                  "Actual Rows": 107668,
                                  "Actual Loops": 7,
                                  "Filter": "(kind_id < 3)",
                                  "Rows Removed by Filter": 253519
                                }
                              ]
                            }
                          ]
                        }
                      ]
                    }
                  ]
                }
              ]
            }
          ]
        }
      ]
    },
    "Planning Time": 1.19,
    "Triggers": [],
    "Execution Time": 2137.548
  }
]