[
  {
    "Plan": {
      "Node Type": "Aggregate",
      "Strategy": "Plain",
      "Partial Mode": "Finalize",
      "Parallel Aware": false,
      "Startup Cost": 386428.99,
      "Total Cost": 386429.0,
      "Plan Rows": 1,
      "Plan Width": 8,
      "Actual Startup Time": 1130.166,
      "Actual Total Time": 1192.001,
      "Actual Rows": 1,
      "Actual Loops": 1,
      "Plans": [
        {
          "Node Type": "Gather",
          "Parent Relationship": "Outer",
          "Parallel Aware": false,
          "Startup Cost": 386428.37,
          "Total Cost": 386428.98,
          "Plan Rows": 6,
          "Plan Width": 8,
          "Actual Startup Time": 1128.262,
          "Actual Total Time": 1191.99,
          "Actual Rows": 7,
          "Actual Loops": 1,
          "Workers Planned": 6,
          "Workers Launched": 6,
          "Single Copy": false,
          "Plans": [
            {
              "Node Type": "Aggregate",
              "Strategy": "Plain",
              "Partial Mode": "Partial",
              "Parent Relationship": "Outer",
              "Parallel Aware": false,
              "Startup Cost": 385428.37,
              "Total Cost": 385428.38,
              "Plan Rows": 1,
              "Plan Width": 8,
              "Actual Startup Time": 1117.74,
              "Actual Total Time": 1117.743,
              "Actual Rows": 1,
              "Actual Loops": 7,
              "Plans": [
                {
                  "Node Type": "Hash Join",
                  "Parent Relationship": "Outer",
                  "Parallel Aware": true,
                  "Join Type": "Inner",
                  "Startup Cost": 46233.42,
                  "Total Cost": 384508.79,
                  "Plan Rows": 367829,
                  "Plan Width": 0,
                  "Actual Startup Time": 83.373,
                  "Actual Total Time": 1109.945,
                  "Actual Rows": 161415,
                  "Actual Loops": 7,
                  "Inner Unique": true,
                  "Hash Cond": "(ci.movie_id = t.id)",
                  "Plans": [
                    {
                      "Node Type": "Seq Scan",
                      "Parent Relationship": "Outer",
                      "Parallel Aware": true,
                      "Relation Name": "cast_info",
                      "Alias": "ci",
                      "Startup Cost": 0.0,
                      "Total Cost": 328162.03,
                      "Plan Rows": 3852694,
                      "Plan Width": 4,
                      "Actual Startup Time": 0.025,
                      "Actual Total Time": 590.188,
                      "Actual Rows": 3309322,
                      "Actual Loops": 7,
                      "Filter": "(person_id < 2369077)",
                      "Rows Removed by Filter": 1868442
                    },
                    {
                      "Node Type": "Hash",
                      "Parent Relationship": "Inner",
                      "Parallel Aware": true,
                      "Startup Cost": 45479.1,
                      "Total Cost": 45479.1,
                      "Plan Rows": 60346,
                      "Plan Width": 4,
                      "Actual Startup Time": 81.237,
                      "Actual Total Time": 81.238,
                      "Actual Rows": 20780,
                      "Actual Loops": 7,
                      "Hash Buckets": 262144,
                      "Original Hash Buckets": 262144,
                      "Hash Batches": 1,
                      "Original Hash Batches": 1,
                      "Peak Memory Usage": 7840,
                      "Plans": [
                        {
                          "Node Type": "Seq Scan",
                          "Parent Relationship": "Outer",
                          "Parallel Aware": true,
                          "Relation Name": "title",
                          "Alias": "t",
                          "Startup Cost": 0.0,
                          "Total Cost": 45479.1,
                          "Plan Rows": 60346,
                          "Plan Width": 4,
                          "Actual Startup Time": 0.045,
                          "Actual Total Time": 71.969,
                          "Actual Rows": 20780,
                          "Actual Loops": 7,
                          "Filter": "((production_year < 1973) AND (kind_id = 7))",
                          "Rows Removed by Filter": 340408
                        }
                      ]
                    }
                  ]
                }
              ]
            }
          ]
        }
      ]
    },
    "Planning Time": 0.663,
    "Triggers": [],
    "Execution Time": 1192.087
  }
]