[
    {
        "Bao": {
            "Bao prediction": 456.336,
            "Bao recommended hint": "SET enable_mergejoin TO off; SET enable_indexscan TO off; "
        }
    },
    {
        "Plan": {
            "Node Type": "Aggregate",
            "Strategy": "Plain",
            "Partial Mode": "Finalize",
            "Parallel Aware": false,
            "Startup Cost": 346023.59,
            "Total Cost": 346023.6,
            "Plan Rows": 1,
            "Plan Width": 8,
            "Actual Startup Time": 861.853,
            "Actual Total Time": 892.753,
            "Actual Rows": 1,
            "Actual Loops": 1,
            "Output": [
                "count(*)"
            ],
            "Plans": [
                {
                    "Node Type": "Gather",
                    "Parent Relationship": "Outer",
                    "Parallel Aware": false,
                    "Startup Cost": 346022.97,
                    "Total Cost": 346023.58,
                    "Plan Rows": 6,
                    "Plan Width": 8,
                    "Actual Startup Time": 861.779,
                    "Actual Total Time": 892.745,
                    "Actual Rows": 7,
                    "Actual Loops": 1,
                    "Output": [
                        "(PARTIAL count(*))"
                    ],
                    "Workers Planned": 6,
                    "Workers Launched": 6,
                    "Single Copy": false,
                    "Plans": [
                        {
                            "Node Type": "Aggregate",
                            "Strategy": "Plain",
                            "Partial Mode": "Partial",
                            "Parent Relationship": "Outer",
                            "Parallel Aware": false,
                            "Startup Cost": 345022.97,
                            "Total Cost": 345022.98,
                            "Plan Rows": 1,
                            "Plan Width": 8,
                            "Actual Startup Time": 852.482,
                            "Actual Total Time": 852.483,
                            "Actual Rows": 1,
                            "Actual Loops": 7,
                            "Output": [
                                "PARTIAL count(*)"
                            ],
                            "Workers": [
                                {
                                    "Worker Number": 0,
                                    "Actual Startup Time": 850.226,
                                    "Actual Total Time": 850.227,
                                    "Actual Rows": 1,
                                    "Actual Loops": 1
                                },
                                {
                                    "Worker Number": 1,
                                    "Actual Startup Time": 850.797,
                                    "Actual Total Time": 850.797,
                                    "Actual Rows": 1,
                                    "Actual Loops": 1
                                },
                                {
                                    "Worker Number": 2,
                                    "Actual Startup Time": 851.158,
                                    "Actual Total Time": 851.159,
                                    "Actual Rows": 1,
                                    "Actual Loops": 1
                                },
                                {
                                    "Worker Number": 3,
                                    "Actual Startup Time": 851.394,
                                    "Actual Total Time": 851.396,
                                    "Actual Rows": 1,
                                    "Actual Loops": 1
                                },
                                {
                                    "Worker Number": 4,
                                    "Actual Startup Time": 851.262,
                                    "Actual Total Time": 851.262,
                                    "Actual Rows": 1,
                                    "Actual Loops": 1
                                },
                                {
                                    "Worker Number": 5,
                                    "Actual Startup Time": 851.525,
                                    "Actual Total Time": 851.527,
                                    "Actual Rows": 1,
                                    "Actual Loops": 1
                                }
                            ],
                            "Plans": [
                                {
                                    "Node Type": "Seq Scan",
                                    "Parent Relationship": "Outer",
                                    "Parallel Aware": true,
                                    "Relation Name": "cast_info",
                                    "Schema": "public",
                                    "Alias": "ci",
                                    "Startup Cost": 0.0,
                                    "Total Cost": 343318.94,
                                    "Plan Rows": 681611,
                                    "Plan Width": 0,
                                    "Actual Startup Time": 489.585,
                                    "Actual Total Time": 776.813,
                                    "Actual Rows": 1146806,
                                    "Actual Loops": 7,
                                    "Output": [
                                        "id",
                                        "person_id",
                                        "movie_id",
                                        "person_role_id",
                                        "note",
                                        "nr_order",
                                        "role_id"
                                    ],
                                    "Filter": "((ci.person_id > 2429802) AND (ci.role_id > 3))",
                                    "Rows Removed by Filter": 4030957,
                                    "Workers": [
                                        {
                                            "Worker Number": 0,
                                            "Actual Startup Time": 487.312,
                                            "Actual Total Time": 778.073,
                                            "Actual Rows": 1080938,
                                            "Actual Loops": 1
                                        },
                                        {
                                            "Worker Number": 1,
                                            "Actual Startup Time": 487.892,
                                            "Actual Total Time": 776.466,
                                            "Actual Rows": 1116078,
                                            "Actual Loops": 1
                                        },
                                        {
                                            "Worker Number": 2,
                                            "Actual Startup Time": 488.248,
                                            "Actual Total Time": 776.917,
                                            "Actual Rows": 1113548,
                                            "Actual Loops": 1
                                        },
                                        {
                                            "Worker Number": 3,
                                            "Actual Startup Time": 488.513,
                                            "Actual Total Time": 776.923,
                                            "Actual Rows": 1116910,
                                            "Actual Loops": 1
                                        },
                                        {
                                            "Worker Number": 4,
                                            "Actual Startup Time": 488.386,
                                            "Actual Total Time": 776.982,
                                            "Actual Rows": 1115605,
                                            "Actual Loops": 1
                                        },
                                        {
                                            "Worker Number": 5,
                                            "Actual Startup Time": 488.643,
                                            "Actual Total Time": 777.224,
                                            "Actual Rows": 1115163,
                                            "Actual Loops": 1
                                        }
                                    ]
                                }
                            ]
                        }
                    ]
                }
            ]
        },
        "Planning Time": 470.39,
        "Triggers": [],
        "Execution Time": 892.842
    }
]