{
  "Plan": {
    "Node Type": "Aggregate",
    "Strategy": "Plain",
    "Partial Mode": "Finalize",
    "Parallel Aware": false,
    "Startup Cost": 109642.19,
    "Total Cost": 109642.2,
    "Plan Rows": 1,
    "Plan Width": 8,
    "Actual Startup Time": 917.372,
    "Actual Total Time": 976.027,
    "Actual Rows": 1,
    "Actual Loops": 1,
    "Plans": [
      {
        "Node Type": "Gather",
        "Parent Relationship": "Outer",
        "Parallel Aware": false,
        "Startup Cost": 109642.08,
        "Total Cost": 109642.19,
        "Plan Rows": 1,
        "Plan Width": 8,
        "Actual Startup Time": 917.076,
        "Actual Total Time": 976.02,
        "Actual Rows": 2,
        "Actual Loops": 1,
        "Workers Planned": 1,
        "Workers Launched": 1,
        "Single Copy": false,
        "Plans": [
          {
            "Node Type": "Aggregate",
            "Strategy": "Plain",
            "Partial Mode": "Partial",
            "Parent Relationship": "Outer",
            "Parallel Aware": false,
            "Startup Cost": 108642.08,
            "Total Cost": 108642.09,
            "Plan Rows": 1,
            "Plan Width": 8,
            "Actual Startup Time": 910.836,
            "Actual Total Time": 910.841,
            "Actual Rows": 1,
            "Actual Loops": 2,
            "Plans": [
              {
                "Node Type": "Nested Loop",
                "Parent Relationship": "Outer",
                "Parallel Aware": false,
                "Join Type": "Inner",
                "Startup Cost": 20398.62,
                "Total Cost": 108583.34,
                "Plan Rows": 23496,
                "Plan Width": 0,
                "Actual Startup Time": 32.957,
                "Actual Total Time": 906.088,
                "Actual Rows": 80080,
                "Actual Loops": 2,
                "Inner Unique": false,
                "Plans": [
                  {
                    "Node Type": "Hash Join",
                    "Parent Relationship": "Outer",
                    "Parallel Aware": true,
                    "Join Type": "Inner",
                    "Startup Cost": 20398.06,
                    "Total Cost": 80644.0,
                    "Plan Rows": 13675,
                    "Plan Width": 8,
                    "Actual Startup Time": 32.732,
                    "Actual Total Time": 300.885,
                    "Actual Rows": 21032,
                    "Actual Loops": 2,
                    "Inner Unique": false,
                    "Hash Cond": "(t.id = mc.movie_id)",
                    "Plans": [
                      {
                        "Node Type": "Seq Scan",
                        "Parent Relationship": "Outer",
                        "Parallel Aware": true,
                        "Relation Name": "title",
                        "Alias": "t",
                        "Startup Cost": 0.0,
                        "Total Cost": 50870.31,
                        "Plan Rows": 1487231,
                        "Plan Width": 4,
                        "Actual Startup Time": 0.008,
                        "Actual Total Time": 109.007,
                        "Actual Rows": 1264156,
                        "Actual Loops": 2
                      },
                      {
                        "Node Type": "Hash",
                        "Parent Relationship": "Inner",
                        "Parallel Aware": true,
                        "Startup Cost": 20227.12,
                        "Total Cost": 20227.12,
                        "Plan Rows": 13675,
                        "Plan Width": 4,
                        "Actual Startup Time": 31.713,
                        "Actual Total Time": 31.714,
                        "Actual Rows": 21032,
                        "Actual Loops": 2,
                        "Hash Buckets": 65536,
                        "Original Hash Buckets": 32768,
                        "Hash Batches": 1,
                        "Original Hash Batches": 1,
                        "Peak Memory Usage": 2464,
                        "Plans": [
                          {
                            "Node Type": "Bitmap Heap Scan",
                            "Parent Relationship": "Outer",
                            "Parallel Aware": true,
                            "Relation Name": "movie_companies",
                            "Alias": "mc",
                            "Startup Cost": 1020.43,
                            "Total Cost": 20227.12,
                            "Plan Rows": 13675,
                            "Plan Width": 4,
                            "Actual Startup Time": 4.791,
                            "Actual Total Time": 22.846,
                            "Actual Rows": 21032,
                            "Actual Loops": 2,
                            "Recheck Cond": "(company_id = 19)",
                            "Rows Removed by Index Recheck": 0,
                            "Filter": "(company_type_id < 2)",
                            "Rows Removed by Filter": 2594,
                            "Exact Heap Blocks": 3966,
                            "Lossy Heap Blocks": 0,
                            "Plans": [
                              {
                                "Node Type": "Bitmap Index Scan",
                                "Parent Relationship": "Outer",
                                "Parallel Aware": false,
                                "Index Name": "company_id_movie_companies",
                                "Startup Cost": 0.0,
                                "Total Cost": 1014.62,
                                "Plan Rows": 47225,
                                "Plan Width": 0,
                                "Actual Startup Time": 7.32,
                                "Actual Total Time": 7.32,
                                "Actual Rows": 47252,
                                "Actual Loops": 1,
                                "Index Cond": "(company_id = 19)"
                              }
                            ]
                          }
                        ]
                      }
                    ]
                  },
                  {
                    "Node Type": "Index Scan",
                    "Parent Relationship": "Inner",
                    "Parallel Aware": false,
                    "Scan Direction": "Forward",
                    "Index Name": "movie_id_cast_info",
                    "Relation Name": "cast_info",
                    "Alias": "ci",
                    "Startup Cost": 0.56,
                    "Total Cost": 2.0,
                    "Plan Rows": 4,
                    "Plan Width": 4,
                    "Actual Startup Time": 0.022,
                    "Actual Total Time": 0.028,
                    "Actual Rows": 4,
                    "Actual Loops": 42064,
                    "Index Cond": "(movie_id = t.id)",
                    "Rows Removed by Index Recheck": 0,
                    "Filter": "((person_id > 3009781) AND (role_id > 1))",
                    "Rows Removed by Filter": 21
                  }
                ]
              }
            ]
          }
        ]
      }
    ]
  },
  "Planning Time": 0.968,
  "Triggers": [],
  "Execution Time": 976.155
}