[
  {
    "Plan": {
      "Node Type": "Aggregate",
      "Strategy": "Plain",
      "Partial Mode": "Finalize",
      "Parallel Aware": false,
      "Startup Cost": 215240.18,
      "Total Cost": 215240.19,
      "Plan Rows": 1,
      "Plan Width": 8,
      "Actual Startup Time": 137.723,
      "Actual Total Time": 159.094,
      "Actual Rows": 1,
      "Actual Loops": 1,
      "Plans": [
        {
          "Node Type": "Gather",
          "Parent Relationship": "Outer",
          "Parallel Aware": false,
          "Startup Cost": 215239.76,
          "Total Cost": 215240.17,
          "Plan Rows": 4,
          "Plan Width": 8,
          "Actual Startup Time": 137.605,
          "Actual Total Time": 159.085,
          "Actual Rows": 5,
          "Actual Loops": 1,
          "Workers Planned": 4,
          "Workers Launched": 4,
          "Single Copy": false,
          "Plans": [
            {
              "Node Type": "Aggregate",
              "Strategy": "Plain",
              "Partial Mode": "Partial",
              "Parent Relationship": "Outer",
              "Parallel Aware": false,
              "Startup Cost": 214239.76,
              "Total Cost": 214239.77,
              "Plan Rows": 1,
              "Plan Width": 8,
              "Actual Startup Time": 127.651,
              "Actual Total Time": 127.653,
              "Actual Rows": 1,
              "Actual Loops": 5,
              "Plans": [
                {
                  "Node Type": "Nested Loop",
                  "Parent Relationship": "Outer",
                  "Parallel Aware": false,
                  "Join Type": "Inner",
                  "Startup Cost": 0.43,
                  "Total Cost": 214237.14,
                  "Plan Rows": 1046,
                  "Plan Width": 0,
                  "Actual Startup Time": 59.842,
                  "Actual Total Time": 127.609,
                  "Actual Rows": 262,
                  "Actual Loops": 5,
                  "Inner Unique": false,
                  "Plans": [
                    {
                      "Node Type": "Seq Scan",
                      "Parent Relationship": "Outer",
                      "Parallel Aware": true,
                      "Relation Name": "title",
                      "Alias": "t",
                      "Startup Cost": 0.0,
                      "Total Cost": 43898.92,
                      "Plan Rows": 2128,
                      "Plan Width": 4,
                      "Actual Startup Time": 59.277,
                      "Actual Total Time": 81.11,
                      "Actual Rows": 1780,
                      "Actual Loops": 5,
                      "Filter": "(production_year = 1913)",
                      "Rows Removed by Filter": 503882
                    },
                    {
                      "Node Type": "Index Scan",
                      "Parent Relationship": "Inner",
                      "Parallel Aware": false,
                      "Scan Direction": "Forward",
                      "Index Name": "movie_id_movie_info",
                      "Relation Name": "movie_info",
                      "Alias": "mi",
                      "Startup Cost": 0.43,
                      "Total Cost": 80.01,
                      "Plan Rows": 4,
                      "Plan Width": 4,
                      "Actual Startup Time": 0.025,
                      "Actual Total Time": 0.026,
                      "Actual Rows": 0,
                      "Actual Loops": 8902,
                      "Index Cond": "(movie_id = t.id)",
                      "Rows Removed by Index Recheck": 0,
                      "Filter": "(info_type_id > 18)",
                      "Rows Removed by Filter": 12
                    }
                  ]
                }
              ]
            }
          ]
        }
      ]
    },
    "Planning Time": 0.587,
    "Triggers": [],
    "Execution Time": 159.161
  }
]