{
  "Plan": {
    "Node Type": "Aggregate",
    "Strategy": "Plain",
    "Partial Mode": "Finalize",
    "Parallel Aware": false,
    "Startup Cost": 117950.85,
    "Total Cost": 117950.86,
    "Plan Rows": 1,
    "Plan Width": 8,
    "Actual Startup Time": 409.369,
    "Actual Total Time": 422.637,
    "Actual Rows": 1,
    "Actual Loops": 1,
    "Plans": [
      {
        "Node Type": "Gather",
        "Parent Relationship": "Outer",
        "Parallel Aware": false,
        "Startup Cost": 117950.74,
        "Total Cost": 117950.85,
        "Plan Rows": 1,
        "Plan Width": 8,
        "Actual Startup Time": 409.214,
        "Actual Total Time": 422.629,
        "Actual Rows": 2,
        "Actual Loops": 1,
        "Workers Planned": 1,
        "Workers Launched": 1,
        "Single Copy": false,
        "Plans": [
          {
            "Node Type": "Aggregate",
            "Strategy": "Plain",
            "Partial Mode": "Partial",
            "Parent Relationship": "Outer",
            "Parallel Aware": false,
            "Startup Cost": 116950.74,
            "Total Cost": 116950.75,
            "Plan Rows": 1,
            "Plan Width": 8,
            "Actual Startup Time": 403.626,
            "Actual Total Time": 403.629,
            "Actual Rows": 1,
            "Actual Loops": 2,
            "Plans": [
              {
                "Node Type": "Hash Join",
                "Parent Relationship": "Outer",
                "Parallel Aware": true,
                "Join Type": "Inner",
                "Startup Cost": 54697.45,
                "Total Cost": 116925.54,
                "Plan Rows": 10079,
                "Plan Width": 0,
                "Actual Startup Time": 133.495,
                "Actual Total Time": 403.116,
                "Actual Rows": 11006,
                "Actual Loops": 2,
                "Inner Unique": true,
                "Hash Cond": "(mk.movie_id = t.id)",
                "Plans": [
                  {
                    "Node Type": "Seq Scan",
                    "Parent Relationship": "Outer",
                    "Parallel Aware": true,
                    "Relation Name": "movie_keyword",
                    "Alias": "mk",
                    "Startup Cost": 0.0,
                    "Total Cost": 57718.19,
                    "Plan Rows": 1718052,
                    "Plan Width": 4,
                    "Actual Startup Time": 0.014,
                    "Actual Total Time": 182.576,
                    "Actual Rows": 1457866,
                    "Actual Loops": 2,
                    "Filter": "(keyword_id < 9466)",
                    "Rows Removed by Filter": 804099
                  },
                  {
                    "Node Type": "Hash",
                    "Parent Relationship": "Inner",
                    "Parallel Aware": true,
                    "Startup Cost": 54588.39,
                    "Total Cost": 54588.39,
                    "Plan Rows": 8725,
                    "Plan Width": 4,
                    "Actual Startup Time": 131.73,
                    "Actual Total Time": 131.731,
                    "Actual Rows": 6868,
                    "Actual Loops": 2,
                    "Hash Buckets": 16384,
                    "Original Hash Buckets": 16384,
                    "Hash Batches": 1,
                    "Original Hash Batches": 1,
                    "Peak Memory Usage": 704,
                    "Plans": [
                      {
                        "Node Type": "Seq Scan",
                        "Parent Relationship": "Outer",
                        "Parallel Aware": true,
                        "Relation Name": "title",
                        "Alias": "t",
                        "Startup Cost": 0.0,
                        "Total Cost": 54588.39,
                        "Plan Rows": 8725,
                        "Plan Width": 4,
                        "Actual Startup Time": 0.266,
                        "Actual Total Time": 129.115,
                        "Actual Rows": 6868,
                        "Actual Loops": 2,
                        "Filter": "(production_year = 1974)",
                        "Rows Removed by Filter": 1257288
                      }
                    ]
                  }
                ]
              }
            ]
          }
        ]
      }
    ]
  },
  "Planning Time": 0.434,
  "Triggers": [],
  "Execution Time": 422.706
}