[
  {
    "Plan": {
      "Node Type": "Aggregate",
      "Strategy": "Plain",
      "Partial Mode": "Finalize",
      "Parallel Aware": false,
      "Startup Cost": 75443.46,
      "Total Cost": 75443.47,
      "Plan Rows": 1,
      "Plan Width": 8,
      "Actual Startup Time": 180.086,
      "Actual Total Time": 193.326,
      "Actual Rows": 1,
      "Actual Loops": 1,
      "Plans": [
        {
          "Node Type": "Gather",
          "Parent Relationship": "Outer",
          "Parallel Aware": false,
          "Startup Cost": 75443.14,
          "Total Cost": 75443.45,
          "Plan Rows": 3,
          "Plan Width": 8,
          "Actual Startup Time": 179.746,
          "Actual Total Time": 193.319,
          "Actual Rows": 4,
          "Actual Loops": 1,
          "Workers Planned": 3,
          "Workers Launched": 3,
          "Single Copy": false,
          "Plans": [
            {
              "Node Type": "Aggregate",
              "Strategy": "Plain",
              "Partial Mode": "Partial",
              "Parent Relationship": "Outer",
              "Parallel Aware": false,
              "Startup Cost": 74443.14,
              "Total Cost": 74443.15,
              "Plan Rows": 1,
              "Plan Width": 8,
              "Actual Startup Time": 165.696,
              "Actual Total Time": 165.699,
              "Actual Rows": 1,
              "Actual Loops": 4,
              "Plans": [
                {
                  "Node Type": "Nested Loop",
                  "Parent Relationship": "Outer",
                  "Parallel Aware": false,
                  "Join Type": "Inner",
                  "Startup Cost": 52368.96,
                  "Total Cost": 74439.84,
                  "Plan Rows": 1320,
                  "Plan Width": 0,
                  "Actual Startup Time": 130.209,
                  "Actual Total Time": 165.609,
                  "Actual Rows": 1126,
                  "Actual Loops": 4,
                  "Inner Unique": false,
                  "Join Filter": "(t.id = mk.movie_id)",
                  "Rows Removed by Join Filter": 0,
                  "Plans": [
                    {
                      "Node Type": "Hash Join",
                      "Parent Relationship": "Outer",
                      "Parallel Aware": true,
                      "Join Type": "Inner",
                      "Startup Cost": 52368.52,
                      "Total Cost": 72696.95,
                      "Plan Rows": 738,
                      "Plan Width": 8,
                      "Actual Startup Time": 129.925,
                      "Actual Total Time": 162.074,
                      "Actual Rows": 159,
                      "Actual Loops": 4,
                      "Inner Unique": true,
                      "Hash Cond": "(mc.movie_id = t.id)",
                      "Plans": [
                        {
                          "Node Type": "Bitmap Heap Scan",
                          "Parent Relationship": "Outer",
                          "Parallel Aware": true,
                          "Relation Name": "movie_companies",
                          "Alias": "mc",
                          "Startup Cost": 6832.11,
                          "Total Cost": 26893.54,
                          "Plan Rows": 101714,
                          "Plan Width": 4,
                          "Actual Startup Time": 22.882,
                          "Actual Total Time": 42.691,
                          "Actual Rows": 78433,
                          "Actual Loops": 4,
                          "Recheck Cond": "(company_id > 92222)",
                          "Rows Removed by Index Recheck": 0,
                          "Exact Heap Blocks": 1350,
                          "Lossy Heap Blocks": 0,
                          "Plans": [
                            {
                              "Node Type": "Bitmap Index Scan",
                              "Parent Relationship": "Outer",
                              "Parallel Aware": false,
                              "Index Name": "company_id_movie_companies",
                              "Startup Cost": 0.0,
                              "Total Cost": 6753.28,
                              "Plan Rows": 315314,
                              "Plan Width": 0,
                              "Actual Startup Time": 21.714,
                              "Actual Total Time": 21.715,
                              "Actual Rows": 313732,
                              "Actual Loops": 1,
                              "Index Cond": "(company_id > 92222)"
                            }
                          ]
                        },
                        {
                          "Node Type": "Hash",
                          "Parent Relationship": "Inner",
                          "Parallel Aware": true,
                          "Startup Cost": 45479.1,
                          "Total Cost": 45479.1,
                          "Plan Rows": 4585,
                          "Plan Width": 4,
                          "Actual Startup Time": 105.915,
                          "Actual Total Time": 105.915,
                          "Actual Rows": 4698,
                          "Actual Loops": 4,
                          "Hash Buckets": 32768,
                          "Original Hash Buckets": 32768,
                          "Hash Batches": 1,
                          "Original Hash Batches": 1,
                          "Peak Memory Usage": 1056,
                          "Plans": [
                            {
                              "Node Type": "Seq Scan",
                              "Parent Relationship": "Outer",
                              "Parallel Aware": true,
                              "Relation Name": "title",
                              "Alias": "t",
                              "Startup Cost": 0.0,
                              "Total Cost": 45479.1,
                              "Plan Rows": 4585,
                              "Plan Width": 4,
                              "Actual Startup Time": 0.12,
                              "Actual Total Time": 102.965,
                              "Actual Rows": 4698,
                              "Actual Loops": 4,
                              "Filter": "((kind_id > 1) AND (production_year = 1991))",
                              "Rows Removed by Filter": 627380
                            }
                          ]
                        }
                      ]
                    },
                    {
                      "Node Type": "Index Only Scan",
                      "Parent Relationship": "Inner",
                      "Parallel Aware": false,
                      "Scan Direction": "Forward",
                      "Index Name": "movie_id_movie_keyword",
                      "Relation Name": "movie_keyword",
                      "Alias": "mk",
                      "Startup Cost": 0.43,
                      "Total Cost": 1.8,
                      "Plan Rows": 45,
                      "Plan Width": 4,
                      "Actual Startup Time": 0.019,
                      "Actual Total Time": 0.02,
                      "Actual Rows": 7,
                      "Actual Loops": 637,
                      "Index Cond": "(movie_id = mc.movie_id)",
                      "Rows Removed by Index Recheck": 0,
                      "Heap Fetches": 4505
                    }
                  ]
                }
              ]
            }
          ]
        }
      ]
    },
    "Planning Time": 1.502,
    "Triggers": [],
    "Execution Time": 193.437
  }
]