{
    "Plan": {
        "Node Type": "Aggregate",
        "Strategy": "Plain",
        "Partial Mode": "Finalize",
        "Parallel Aware": false,
        "Startup Cost": 298020.09,
        "Total Cost": 298020.1,
        "Plan Rows": 1,
        "Plan Width": 8,
        "Actual Startup Time": 371.515,
        "Actual Total Time": 400.071,
        "Actual Rows": 1,
        "Actual Loops": 1,
        "Output": [
            "count(*)"
        ],
        "Plans": [
            {
                "Node Type": "Gather",
                "Parent Relationship": "Outer",
                "Parallel Aware": false,
                "Startup Cost": 298019.47,
                "Total Cost": 298020.08,
                "Plan Rows": 6,
                "Plan Width": 8,
                "Actual Startup Time": 368.514,
                "Actual Total Time": 400.056,
                "Actual Rows": 7,
                "Actual Loops": 1,
                "Output": [
                    "(PARTIAL count(*))"
                ],
                "Workers Planned": 6,
                "Workers Launched": 6,
                "Single Copy": false,
                "Plans": [
                    {
                        "Node Type": "Aggregate",
                        "Strategy": "Plain",
                        "Partial Mode": "Partial",
                        "Parent Relationship": "Outer",
                        "Parallel Aware": false,
                        "Startup Cost": 297019.47,
                        "Total Cost": 297019.48,
                        "Plan Rows": 1,
                        "Plan Width": 8,
                        "Actual Startup Time": 357.568,
                        "Actual Total Time": 357.573,
                        "Actual Rows": 1,
                        "Actual Loops": 7,
                        "Output": [
                            "PARTIAL count(*)"
                        ],
                        "Workers": [
                            {
                                "Worker Number": 0,
                                "Actual Startup Time": 355.295,
                                "Actual Total Time": 355.299,
                                "Actual Rows": 1,
                                "Actual Loops": 1
                            },
                            {
                                "Worker Number": 1,
                                "Actual Startup Time": 356.037,
                                "Actual Total Time": 356.041,
                                "Actual Rows": 1,
                                "Actual Loops": 1
                            },
                            {
                                "Worker Number": 2,
                                "Actual Startup Time": 355.569,
                                "Actual Total Time": 355.574,
                                "Actual Rows": 1,
                                "Actual Loops": 1
                            },
                            {
                                "Worker Number": 3,
                                "Actual Startup Time": 355.754,
                                "Actual Total Time": 355.76,
                                "Actual Rows": 1,
                                "Actual Loops": 1
                            },
                            {
                                "Worker Number": 4,
                                "Actual Startup Time": 355.967,
                                "Actual Total Time": 355.972,
                                "Actual Rows": 1,
                                "Actual Loops": 1
                            },
                            {
                                "Worker Number": 5,
                                "Actual Startup Time": 356.469,
                                "Actual Total Time": 356.474,
                                "Actual Rows": 1,
                                "Actual Loops": 1
                            }
                        ],
                        "Plans": [
                            {
                                "Node Type": "Nested Loop",
                                "Parent Relationship": "Outer",
                                "Parallel Aware": false,
                                "Join Type": "Inner",
                                "Startup Cost": 46008.01,
                                "Total Cost": 296930.75,
                                "Plan Rows": 35487,
                                "Plan Width": 0,
                                "Actual Startup Time": 246.118,
                                "Actual Total Time": 357.563,
                                "Actual Rows": 18,
                                "Actual Loops": 7,
                                "Inner Unique": false,
                                "Join Filter": "(t.id = mi.movie_id)",
                                "Rows Removed by Join Filter": 0,
                                "Workers": [
                                    {
                                        "Worker Number": 0,
                                        "Actual Startup Time": 355.291,
                                        "Actual Total Time": 355.295,
                                        "Actual Rows": 0,
                                        "Actual Loops": 1
                                    },
                                    {
                                        "Worker Number": 1,
                                        "Actual Startup Time": 232.531,
                                        "Actual Total Time": 356.032,
                                        "Actual Rows": 1,
                                        "Actual Loops": 1
                                    },
                                    {
                                        "Worker Number": 2,
                                        "Actual Startup Time": 260.087,
                                        "Actual Total Time": 355.565,
                                        "Actual Rows": 1,
                                        "Actual Loops": 1
                                    },
                                    {
                                        "Worker Number": 3,
                                        "Actual Startup Time": 355.747,
                                        "Actual Total Time": 355.753,
                                        "Actual Rows": 0,
                                        "Actual Loops": 1
                                    },
                                    {
                                        "Worker Number": 4,
                                        "Actual Startup Time": 153.917,
                                        "Actual Total Time": 355.957,
                                        "Actual Rows": 112,
                                        "Actual Loops": 1
                                    },
                                    {
                                        "Worker Number": 5,
                                        "Actual Startup Time": 205.784,
                                        "Actual Total Time": 356.462,
                                        "Actual Rows": 8,
                                        "Actual Loops": 1
                                    }
                                ],
                                "Plans": [
                                    {
                                        "Node Type": "Hash Join",
                                        "Parent Relationship": "Outer",
                                        "Parallel Aware": true,
                                        "Join Type": "Inner",
                                        "Startup Cost": 46007.57,
                                        "Total Cost": 247996.25,
                                        "Plan Rows": 29891,
                                        "Plan Width": 8,
                                        "Actual Startup Time": 245.998,
                                        "Actual Total Time": 356.85,
                                        "Actual Rows": 6,
                                        "Actual Loops": 7,
                                        "Output": [
                                            "t.id",
                                            "ci.movie_id"
                                        ],
                                        "Inner Unique": true,
                                        "Hash Cond": "(ci.movie_id = t.id)",
                                        "Workers": [
                                            {
                                                "Worker Number": 0,
                                                "Actual Startup Time": 355.289,
                                                "Actual Total Time": 355.292,
                                                "Actual Rows": 0,
                                                "Actual Loops": 1
                                            },
                                            {
                                                "Worker Number": 1,
                                                "Actual Startup Time": 232.289,
                                                "Actual Total Time": 355.553,
                                                "Actual Rows": 1,
                                                "Actual Loops": 1
                                            },
                                            {
                                                "Worker Number": 2,
                                                "Actual Startup Time": 259.914,
                                                "Actual Total Time": 355.321,
                                                "Actual Rows": 1,
                                                "Actual Loops": 1
                                            },
                                            {
                                                "Worker Number": 3,
                                                "Actual Startup Time": 355.746,
                                                "Actual Total Time": 355.75,
                                                "Actual Rows": 0,
                                                "Actual Loops": 1
                                            },
                                            {
                                                "Worker Number": 4,
                                                "Actual Startup Time": 153.76,
                                                "Actual Total Time": 352.562,
                                                "Actual Rows": 29,
                                                "Actual Loops": 1
                                            },
                                            {
                                                "Worker Number": 5,
                                                "Actual Startup Time": 205.6,
                                                "Actual Total Time": 355.755,
                                                "Actual Rows": 5,
                                                "Actual Loops": 1
                                            }
                                        ],
                                        "Plans": [
                                            {
                                                "Node Type": "Index Scan",
                                                "Parent Relationship": "Outer",
                                                "Parallel Aware": true,
                                                "Scan Direction": "Forward",
                                                "Index Name": "role_id_cast_info",
                                                "Relation Name": "cast_info",
                                                "Schema": "public",
                                                "Alias": "ci",
                                                "Startup Cost": 0.56,
                                                "Total Cost": 200814.65,
                                                "Plan Rows": 447462,
                                                "Plan Width": 4,
                                                "Actual Startup Time": 5.056,
                                                "Actual Total Time": 253.862,
                                                "Actual Rows": 319,
                                                "Actual Loops": 7,
                                                "Output": [
                                                    "ci.id",
                                                    "ci.person_id",
                                                    "ci.movie_id",
                                                    "ci.person_role_id",
                                                    "ci.note",
                                                    "ci.nr_order",
                                                    "ci.role_id"
                                                ],
                                                "Index Cond": "(ci.role_id = 2)",
                                                "Rows Removed by Index Recheck": 0,
                                                "Filter": "(ci.person_id < 1284924)",
                                                "Rows Removed by Filter": 1064248,
                                                "Workers": [
                                                    {
                                                        "Worker Number": 0,
                                                        "Actual Startup Time": 0.952,
                                                        "Actual Total Time": 254.508,
                                                        "Actual Rows": 378,
                                                        "Actual Loops": 1
                                                    },
                                                    {
                                                        "Worker Number": 1,
                                                        "Actual Startup Time": 5.179,
                                                        "Actual Total Time": 254.261,
                                                        "Actual Rows": 253,
                                                        "Actual Loops": 1
                                                    },
                                                    {
                                                        "Worker Number": 2,
                                                        "Actual Startup Time": 16.862,
                                                        "Actual Total Time": 254.173,
                                                        "Actual Rows": 401,
                                                        "Actual Loops": 1
                                                    },
                                                    {
                                                        "Worker Number": 3,
                                                        "Actual Startup Time": 3.27,
                                                        "Actual Total Time": 254.722,
                                                        "Actual Rows": 205,
                                                        "Actual Loops": 1
                                                    },
                                                    {
                                                        "Worker Number": 4,
                                                        "Actual Startup Time": 7.187,
                                                        "Actual Total Time": 251.335,
                                                        "Actual Rows": 196,
                                                        "Actual Loops": 1
                                                    },
                                                    {
                                                        "Worker Number": 5,
                                                        "Actual Startup Time": 1.746,
                                                        "Actual Total Time": 253.856,
                                                        "Actual Rows": 350,
                                                        "Actual Loops": 1
                                                    }
                                                ]
                                            },
                                            {
                                                "Node Type": "Hash",
                                                "Parent Relationship": "Inner",
                                                "Parallel Aware": true,
                                                "Startup Cost": 45479.21,
                                                "Total Cost": 45479.21,
                                                "Plan Rows": 42224,
                                                "Plan Width": 4,
                                                "Actual Startup Time": 101.203,
                                                "Actual Total Time": 101.205,
                                                "Actual Rows": 38559,
                                                "Actual Loops": 7,
                                                "Output": [
                                                    "t.id"
                                                ],
                                                "Hash Buckets": 524288,
                                                "Original Hash Buckets": 262144,
                                                "Hash Batches": 1,
                                                "Original Hash Batches": 1,
                                                "Peak Memory Usage": 16832,
                                                "Workers": [
                                                    {
                                                        "Worker Number": 0,
                                                        "Actual Startup Time": 99.885,
                                                        "Actual Total Time": 99.886,
                                                        "Actual Rows": 34682,
                                                        "Actual Loops": 1
                                                    },
                                                    {
                                                        "Worker Number": 1,
                                                        "Actual Startup Time": 100.117,
                                                        "Actual Total Time": 100.118,
                                                        "Actual Rows": 34699,
                                                        "Actual Loops": 1
                                                    },
                                                    {
                                                        "Worker Number": 2,
                                                        "Actual Startup Time": 100.101,
                                                        "Actual Total Time": 100.103,
                                                        "Actual Rows": 34699,
                                                        "Actual Loops": 1
                                                    },
                                                    {
                                                        "Worker Number": 3,
                                                        "Actual Startup Time": 100.346,
                                                        "Actual Total Time": 100.347,
                                                        "Actual Rows": 31317,
                                                        "Actual Loops": 1
                                                    },
                                                    {
                                                        "Worker Number": 4,
                                                        "Actual Startup Time": 100.539,
                                                        "Actual Total Time": 100.541,
                                                        "Actual Rows": 47012,
                                                        "Actual Loops": 1
                                                    },
                                                    {
                                                        "Worker Number": 5,
                                                        "Actual Startup Time": 101.047,
                                                        "Actual Total Time": 101.048,
                                                        "Actual Rows": 43740,
                                                        "Actual Loops": 1
                                                    }
                                                ],
                                                "Plans": [
                                                    {
                                                        "Node Type": "Seq Scan",
                                                        "Parent Relationship": "Outer",
                                                        "Parallel Aware": true,
                                                        "Relation Name": "title",
                                                        "Schema": "public",
                                                        "Alias": "t",
                                                        "Startup Cost": 0.0,
                                                        "Total Cost": 45479.21,
                                                        "Plan Rows": 42224,
                                                        "Plan Width": 4,
                                                        "Actual Startup Time": 0.121,
                                                        "Actual Total Time": 76.434,
                                                        "Actual Rows": 38559,
                                                        "Actual Loops": 7,
                                                        "Output": [
                                                            "t.id"
                                                        ],
                                                        "Filter": "((t.kind_id < 7) AND (t.production_year < 1974))",
                                                        "Rows Removed by Filter": 322628,
                                                        "Workers": [
                                                            {
                                                                "Worker Number": 0,
                                                                "Actual Startup Time": 0.069,
                                                                "Actual Total Time": 76.453,
                                                                "Actual Rows": 34682,
                                                                "Actual Loops": 1
                                                            },
                                                            {
                                                                "Worker Number": 1,
                                                                "Actual Startup Time": 0.076,
                                                                "Actual Total Time": 76.391,
                                                                "Actual Rows": 34699,
                                                                "Actual Loops": 1
                                                            },
                                                            {
                                                                "Worker Number": 2,
                                                                "Actual Startup Time": 0.08,
                                                                "Actual Total Time": 76.651,
                                                                "Actual Rows": 34699,
                                                                "Actual Loops": 1
                                                            },
                                                            {
                                                                "Worker Number": 3,
                                                                "Actual Startup Time": 0.303,
                                                                "Actual Total Time": 75.123,
                                                                "Actual Rows": 31317,
                                                                "Actual Loops": 1
                                                            },
                                                            {
                                                                "Worker Number": 4,
                                                                "Actual Startup Time": 0.143,
                                                                "Actual Total Time": 75.269,
                                                                "Actual Rows": 47012,
                                                                "Actual Loops": 1
                                                            },
                                                            {
                                                                "Worker Number": 5,
                                                                "Actual Startup Time": 0.067,
                                                                "Actual Total Time": 75.036,
                                                                "Actual Rows": 43740,
                                                                "Actual Loops": 1
                                                            }
                                                        ]
                                                    }
                                                ]
                                            }
                                        ]
                                    },
                                    {
                                        "Node Type": "Index Scan",
                                        "Parent Relationship": "Inner",
                                        "Parallel Aware": false,
                                        "Scan Direction": "Forward",
                                        "Index Name": "movie_id_movie_info",
                                        "Relation Name": "movie_info",
                                        "Schema": "public",
                                        "Alias": "mi",
                                        "Startup Cost": 0.43,
                                        "Total Cost": 1.54,
                                        "Plan Rows": 8,
                                        "Plan Width": 4,
                                        "Actual Startup Time": 0.075,
                                        "Actual Total Time": 0.119,
                                        "Actual Rows": 3,
                                        "Actual Loops": 41,
                                        "Output": [
                                            "mi.id",
                                            "mi.movie_id",
                                            "mi.info_type_id",
                                            "mi.info",
                                            "mi.note"
                                        ],
                                        "Index Cond": "(mi.movie_id = ci.movie_id)",
                                        "Rows Removed by Index Recheck": 0,
                                        "Filter": "(mi.info_type_id = 16)",
                                        "Rows Removed by Filter": 14,
                                        "Workers": [
                                            {
                                                "Worker Number": 1,
                                                "Actual Startup Time": 0.227,
                                                "Actual Total Time": 0.463,
                                                "Actual Rows": 1,
                                                "Actual Loops": 1
                                            },
                                            {
                                                "Worker Number": 2,
                                                "Actual Startup Time": 0.158,
                                                "Actual Total Time": 0.226,
                                                "Actual Rows": 1,
                                                "Actual Loops": 1
                                            },
                                            {
                                                "Worker Number": 4,
                                                "Actual Startup Time": 0.072,
                                                "Actual Total Time": 0.116,
                                                "Actual Rows": 4,
                                                "Actual Loops": 29
                                            },
                                            {
                                                "Worker Number": 5,
                                                "Actual Startup Time": 0.093,
                                                "Actual Total Time": 0.137,
                                                "Actual Rows": 2,
                                                "Actual Loops": 5
                                            }
                                        ]
                                    }
                                ]
                            }
                        ]
                    }
                ]
            }
        ]
    },
    "Planning Time": 0.934,
    "Triggers": [],
    "Execution Time": 400.147
}