{
  "Plan": {
    "Node Type": "Aggregate",
    "Strategy": "Plain",
    "Partial Mode": "Finalize",
    "Parallel Aware": false,
    "Startup Cost": 34013.31,
    "Total Cost": 34013.32,
    "Plan Rows": 1,
    "Plan Width": 8,
    "Actual Startup Time": 142.19,
    "Actual Total Time": 147.853,
    "Actual Rows": 1,
    "Actual Loops": 1,
    "Plans": [
      {
        "Node Type": "Gather",
        "Parent Relationship": "Outer",
        "Parallel Aware": false,
        "Startup Cost": 34013.2,
        "Total Cost": 34013.31,
        "Plan Rows": 1,
        "Plan Width": 8,
        "Actual Startup Time": 141.924,
        "Actual Total Time": 147.845,
        "Actual Rows": 2,
        "Actual Loops": 1,
        "Workers Planned": 1,
        "Workers Launched": 1,
        "Single Copy": false,
        "Plans": [
          {
            "Node Type": "Aggregate",
            "Strategy": "Plain",
            "Partial Mode": "Partial",
            "Parent Relationship": "Outer",
            "Parallel Aware": false,
            "Startup Cost": 33013.2,
            "Total Cost": 33013.21,
            "Plan Rows": 1,
            "Plan Width": 8,
            "Actual Startup Time": 135.546,
            "Actual Total Time": 135.551,
            "Actual Rows": 1,
            "Actual Loops": 2,
            "Plans": [
              {
                "Node Type": "Hash Join",
                "Parent Relationship": "Outer",
                "Parallel Aware": true,
                "Join Type": "Inner",
                "Startup Cost": 13912.48,
                "Total Cost": 33012.1,
                "Plan Rows": 439,
                "Plan Width": 0,
                "Actual Startup Time": 15.512,
                "Actual Total Time": 135.384,
                "Actual Rows": 2493,
                "Actual Loops": 2,
                "Inner Unique": false,
                "Hash Cond": "(mi_idx.movie_id = t.id)",
                "Plans": [
                  {
                    "Node Type": "Seq Scan",
                    "Parent Relationship": "Outer",
                    "Parallel Aware": true,
                    "Relation Name": "movie_info_idx",
                    "Alias": "mi_idx",
                    "Startup Cost": 0.0,
                    "Total Cost": 16052.85,
                    "Plan Rows": 811785,
                    "Plan Width": 4,
                    "Actual Startup Time": 0.054,
                    "Actual Total Time": 62.663,
                    "Actual Rows": 690018,
                    "Actual Loops": 2
                  },
                  {
                    "Node Type": "Hash",
                    "Parent Relationship": "Inner",
                    "Parallel Aware": true,
                    "Startup Cost": 13902.42,
                    "Total Cost": 13902.42,
                    "Plan Rows": 805,
                    "Plan Width": 8,
                    "Actual Startup Time": 9.901,
                    "Actual Total Time": 9.903,
                    "Actual Rows": 874,
                    "Actual Loops": 2,
                    "Hash Buckets": 2048,
                    "Original Hash Buckets": 2048,
                    "Hash Batches": 1,
                    "Original Hash Batches": 1,
                    "Peak Memory Usage": 144,
                    "Plans": [
                      {
                        "Node Type": "Nested Loop",
                        "Parent Relationship": "Outer",
                        "Parallel Aware": false,
                        "Join Type": "Inner",
                        "Startup Cost": 61.42,
                        "Total Cost": 13902.42,
                        "Plan Rows": 805,
                        "Plan Width": 8,
                        "Actual Startup Time": 0.845,
                        "Actual Total Time": 9.166,
                        "Actual Rows": 874,
                        "Actual Loops": 2,
                        "Inner Unique": true,
                        "Plans": [
                          {
                            "Node Type": "Bitmap Heap Scan",
                            "Parent Relationship": "Outer",
                            "Parallel Aware": true,
                            "Relation Name": "movie_companies",
                            "Alias": "mc",
                            "Startup Cost": 60.99,
                            "Total Cost": 7386.78,
                            "Plan Rows": 805,
                            "Plan Width": 4,
                            "Actual Startup Time": 0.687,
                            "Actual Total Time": 1.608,
                            "Actual Rows": 874,
                            "Actual Loops": 2,
                            "Recheck Cond": "(company_id = 2042)",
                            "Rows Removed by Index Recheck": 0,
                            "Filter": "(company_type_id = 2)",
                            "Rows Removed by Filter": 264,
                            "Exact Heap Blocks": 234,
                            "Lossy Heap Blocks": 0,
                            "Plans": [
                              {
                                "Node Type": "Bitmap Index Scan",
                                "Parent Relationship": "Outer",
                                "Parallel Aware": false,
                                "Index Name": "company_id_movie_companies",
                                "Startup Cost": 0.0,
                                "Total Cost": 60.65,
                                "Plan Rows": 2696,
                                "Plan Width": 0,
                                "Actual Startup Time": 0.6,
                                "Actual Total Time": 0.6,
                                "Actual Rows": 2274,
                                "Actual Loops": 1,
                                "Index Cond": "(company_id = 2042)"
                              }
                            ]
                          },
                          {
                            "Node Type": "Index Only Scan",
                            "Parent Relationship": "Inner",
                            "Parallel Aware": false,
                            "Scan Direction": "Forward",
                            "Index Name": "title_pkey",
                            "Relation Name": "title",
                            "Alias": "t",
                            "Startup Cost": 0.43,
                            "Total Cost": 8.09,
                            "Plan Rows": 1,
                            "Plan Width": 4,
                            "Actual Startup Time": 0.008,
                            "Actual Total Time": 0.008,
                            "Actual Rows": 1,
                            "Actual Loops": 1747,
                            "Index Cond": "(id = mc.movie_id)",
                            "Rows Removed by Index Recheck": 0,
                            "Heap Fetches": 1747
                          }
                        ]
                      }
                    ]
                  }
                ]
              }
            ]
          }
        ]
      }
    ]
  },
  "Planning Time": 1.142,
  "Triggers": [],
  "Execution Time": 147.96
}