[
  {
    "Plan": {
      "Node Type": "Aggregate",
      "Strategy": "Plain",
      "Partial Mode": "Finalize",
      "Parallel Aware": false,
      "Startup Cost": 90097.91,
      "Total Cost": 90097.92,
      "Plan Rows": 1,
      "Plan Width": 8,
      "Actual Startup Time": 381.916,
      "Actual Total Time": 399.681,
      "Actual Rows": 1,
      "Actual Loops": 1,
      "Plans": [
        {
          "Node Type": "Gather",
          "Parent Relationship": "Outer",
          "Parallel Aware": false,
          "Startup Cost": 90097.6,
          "Total Cost": 90097.91,
          "Plan Rows": 3,
          "Plan Width": 8,
          "Actual Startup Time": 380.397,
          "Actual Total Time": 399.672,
          "Actual Rows": 4,
          "Actual Loops": 1,
          "Workers Planned": 3,
          "Workers Launched": 3,
          "Single Copy": false,
          "Plans": [
            {
              "Node Type": "Aggregate",
              "Strategy": "Plain",
              "Partial Mode": "Partial",
              "Parent Relationship": "Outer",
              "Parallel Aware": false,
              "Startup Cost": 89097.6,
              "Total Cost": 89097.61,
              "Plan Rows": 1,
              "Plan Width": 8,
              "Actual Startup Time": 371.184,
              "Actual Total Time": 371.187,
              "Actual Rows": 1,
              "Actual Loops": 4,
              "Plans": [
                {
                  "Node Type": "Hash Join",
                  "Parent Relationship": "Outer",
                  "Parallel Aware": true,
                  "Join Type": "Inner",
                  "Startup Cost": 45985.62,
                  "Total Cost": 88863.7,
                  "Plan Rows": 93557,
                  "Plan Width": 0,
                  "Actual Startup Time": 174.767,
                  "Actual Total Time": 356.793,
                  "Actual Rows": 320464,
                  "Actual Loops": 4,
                  "Inner Unique": true,
                  "Hash Cond": "(mk.movie_id = t.id)",
                  "Plans": [
                    {
                      "Node Type": "Seq Scan",
                      "Parent Relationship": "Outer",
                      "Parallel Aware": true,
                      "Relation Name": "movie_keyword",
                      "Alias": "mk",
                      "Startup Cost": 0.0,
                      "Total Cost": 39047.32,
                      "Plan Rows": 1459332,
                      "Plan Width": 4,
                      "Actual Startup Time": 0.023,
                      "Actual Total Time": 93.567,
                      "Actual Rows": 1130982,
                      "Actual Loops": 4
                    },
                    {
                      "Node Type": "Hash",
                      "Parent Relationship": "Inner",
                      "Parallel Aware": true,
                      "Startup Cost": 45479.1,
                      "Total Cost": 45479.1,
                      "Plan Rows": 40522,
                      "Plan Width": 4,
                      "Actual Startup Time": 134.789,
                      "Actual Total Time": 134.789,
                      "Actual Rows": 75271,
                      "Actual Loops": 4,
                      "Hash Buckets": 524288,
                      "Original Hash Buckets": 262144,
                      "Hash Batches": 1,
                      "Original Hash Batches": 1,
                      "Peak Memory Usage": 17984,
                      "Plans": [
                        {
                          "Node Type": "Seq Scan",
                          "Parent Relationship": "Outer",
                          "Parallel Aware": true,
                          "Relation Name": "title",
                          "Alias": "t",
                          "Startup Cost": 0.0,
                          "Total Cost": 45479.1,
                          "Plan Rows": 40522,
                          "Plan Width": 4,
                          "Actual Startup Time": 62.692,
                          "Actual Total Time": 104.559,
                          "Actual Rows": 75271,
                          "Actual Loops": 4,
                          "Filter": "((production_year < 1987) AND (kind_id = 1))",
                          "Rows Removed by Filter": 556807
                        }
                      ]
                    }
                  ]
                }
              ]
            }
          ]
        }
      ]
    },
    "Planning Time": 0.617,
    "Triggers": [],
    "Execution Time": 399.754
  }
]