{
  "Plan": {
    "Node Type": "Aggregate",
    "Strategy": "Plain",
    "Partial Mode": "Finalize",
    "Parallel Aware": false,
    "Startup Cost": 142368.92,
    "Total Cost": 142368.93,
    "Plan Rows": 1,
    "Plan Width": 8,
    "Actual Startup Time": 745.344,
    "Actual Total Time": 763.514,
    "Actual Rows": 1,
    "Actual Loops": 1,
    "Plans": [
      {
        "Node Type": "Gather",
        "Parent Relationship": "Outer",
        "Parallel Aware": false,
        "Startup Cost": 142368.8,
        "Total Cost": 142368.91,
        "Plan Rows": 1,
        "Plan Width": 8,
        "Actual Startup Time": 744.693,
        "Actual Total Time": 763.505,
        "Actual Rows": 2,
        "Actual Loops": 1,
        "Workers Planned": 1,
        "Workers Launched": 1,
        "Single Copy": false,
        "Plans": [
          {
            "Node Type": "Aggregate",
            "Strategy": "Plain",
            "Partial Mode": "Partial",
            "Parent Relationship": "Outer",
            "Parallel Aware": false,
            "Startup Cost": 141368.8,
            "Total Cost": 141368.81,
            "Plan Rows": 1,
            "Plan Width": 8,
            "Actual Startup Time": 738.576,
            "Actual Total Time": 738.578,
            "Actual Rows": 1,
            "Actual Loops": 2,
            "Plans": [
              {
                "Node Type": "Merge Join",
                "Parent Relationship": "Outer",
                "Parallel Aware": false,
                "Join Type": "Inner",
                "Startup Cost": 36560.1,
                "Total Cost": 141216.8,
                "Plan Rows": 60802,
                "Plan Width": 0,
                "Actual Startup Time": 522.71,
                "Actual Total Time": 736.314,
                "Actual Rows": 50958,
                "Actual Loops": 2,
                "Inner Unique": false,
                "Merge Cond": "(t.id = mk.movie_id)",
                "Plans": [
                  {
                    "Node Type": "Index Only Scan",
                    "Parent Relationship": "Outer",
                    "Parallel Aware": true,
                    "Scan Direction": "Forward",
                    "Index Name": "title_pkey",
                    "Relation Name": "title",
                    "Alias": "t",
                    "Startup Cost": 0.43,
                    "Total Cost": 99929.35,
                    "Plan Rows": 1487231,
                    "Plan Width": 4,
                    "Actual Startup Time": 0.116,
                    "Actual Total Time": 569.594,
                    "Actual Rows": 1262858,
                    "Actual Loops": 2,
                    "Heap Fetches": 2525715
                  },
                  {
                    "Node Type": "Sort",
                    "Parent Relationship": "Inner",
                    "Parallel Aware": false,
                    "Startup Cost": 36548.31,
                    "Total Cost": 36806.71,
                    "Plan Rows": 103363,
                    "Plan Width": 4,
                    "Actual Startup Time": 90.997,
                    "Actual Total Time": 95.996,
                    "Actual Rows": 101916,
                    "Actual Loops": 2,
                    "Sort Key": [
                      "mk.movie_id"
                    ],
                    "Sort Method": "quicksort",
                    "Sort Space Used": 7850,
                    "Sort Space Type": "Memory",
                    "Workers": [
                      {
                        "Worker Number": 0,
                        "Sort Method": "quicksort",
                        "Sort Space Used": 7850,
                        "Sort Space Type": "Memory"
                      }
                    ],
                    "Plans": [
                      {
                        "Node Type": "Bitmap Heap Scan",
                        "Parent Relationship": "Outer",
                        "Parallel Aware": false,
                        "Relation Name": "movie_keyword",
                        "Alias": "mk",
                        "Startup Cost": 2193.5,
                        "Total Cost": 27939.53,
                        "Plan Rows": 103363,
                        "Plan Width": 4,
                        "Actual Startup Time": 25.428,
                        "Actual Total Time": 72.377,
                        "Actual Rows": 101916,
                        "Actual Loops": 2,
                        "Recheck Cond": "(keyword_id > 81828)",
                        "Rows Removed by Index Recheck": 0,
                        "Exact Heap Blocks": 17425,
                        "Lossy Heap Blocks": 0,
                        "Plans": [
                          {
                            "Node Type": "Bitmap Index Scan",
                            "Parent Relationship": "Outer",
                            "Parallel Aware": false,
                            "Index Name": "keyword_id_movie_keyword",
                            "Startup Cost": 0.0,
                            "Total Cost": 2167.65,
                            "Plan Rows": 103363,
                            "Plan Width": 0,
                            "Actual Startup Time": 20.188,
                            "Actual Total Time": 20.188,
                            "Actual Rows": 101916,
                            "Actual Loops": 2,
                            "Index Cond": "(keyword_id > 81828)"
                          }
                        ]
                      }
                    ]
                  }
                ]
              }
            ]
          }
        ]
      }
    ]
  },
  "Planning Time": 0.65,
  "Triggers": [],
  "Execution Time": 763.611
}