{
  "Plan": {
    "Node Type": "Aggregate",
    "Strategy": "Plain",
    "Partial Mode": "Finalize",
    "Parallel Aware": false,
    "Startup Cost": 210578.48,
    "Total Cost": 210578.49,
    "Plan Rows": 1,
    "Plan Width": 8,
    "Actual Startup Time": 870.645,
    "Actual Total Time": 887.877,
    "Actual Rows": 1,
    "Actual Loops": 1,
    "Plans": [
      {
        "Node Type": "Gather",
        "Parent Relationship": "Outer",
        "Parallel Aware": false,
        "Startup Cost": 210578.37,
        "Total Cost": 210578.48,
        "Plan Rows": 1,
        "Plan Width": 8,
        "Actual Startup Time": 867.36,
        "Actual Total Time": 887.869,
        "Actual Rows": 2,
        "Actual Loops": 1,
        "Workers Planned": 1,
        "Workers Launched": 1,
        "Single Copy": false,
        "Plans": [
          {
            "Node Type": "Aggregate",
            "Strategy": "Plain",
            "Partial Mode": "Partial",
            "Parent Relationship": "Outer",
            "Parallel Aware": false,
            "Startup Cost": 209578.37,
            "Total Cost": 209578.38,
            "Plan Rows": 1,
            "Plan Width": 8,
            "Actual Startup Time": 859.29,
            "Actual Total Time": 859.294,
            "Actual Rows": 1,
            "Actual Loops": 2,
            "Plans": [
              {
                "Node Type": "Hash Join",
                "Parent Relationship": "Outer",
                "Parallel Aware": false,
                "Join Type": "Inner",
                "Startup Cost": 69363.05,
                "Total Cost": 209578.2,
                "Plan Rows": 70,
                "Plan Width": 0,
                "Actual Startup Time": 664.783,
                "Actual Total Time": 859.287,
                "Actual Rows": 4,
                "Actual Loops": 2,
                "Inner Unique": false,
                "Hash Cond": "(t.id = ci.movie_id)",
                "Plans": [
                  {
                    "Node Type": "Hash Join",
                    "Parent Relationship": "Outer",
                    "Parallel Aware": true,
                    "Join Type": "Inner",
                    "Startup Cost": 68301.9,
                    "Total Cost": 131376.29,
                    "Plan Rows": 1505172,
                    "Plan Width": 8,
                    "Actual Startup Time": 419.456,
                    "Actual Total Time": 825.809,
                    "Actual Rows": 628792,
                    "Actual Loops": 2,
                    "Inner Unique": true,
                    "Hash Cond": "(mk.movie_id = t.id)",
                    "Plans": [
                      {
                        "Node Type": "Seq Scan",
                        "Parent Relationship": "Outer",
                        "Parallel Aware": true,
                        "Relation Name": "movie_keyword",
                        "Alias": "mk",
                        "Startup Cost": 0.0,
                        "Total Cost": 57718.19,
                        "Plan Rows": 2040450,
                        "Plan Width": 4,
                        "Actual Startup Time": 0.014,
                        "Actual Total Time": 192.446,
                        "Actual Rows": 1734290,
                        "Actual Loops": 2,
                        "Filter": "(keyword_id < 16742)",
                        "Rows Removed by Filter": 527676
                      },
                      {
                        "Node Type": "Hash",
                        "Parent Relationship": "Inner",
                        "Parallel Aware": true,
                        "Startup Cost": 54588.39,
                        "Total Cost": 54588.39,
                        "Plan Rows": 1097081,
                        "Plan Width": 4,
                        "Actual Startup Time": 405.834,
                        "Actual Total Time": 405.835,
                        "Actual Rows": 932744,
                        "Actual Loops": 2,
                        "Hash Buckets": 2097152,
                        "Original Hash Buckets": 2097152,
                        "Hash Batches": 1,
                        "Original Hash Batches": 1,
                        "Peak Memory Usage": 89376,
                        "Plans": [
                          {
                            "Node Type": "Seq Scan",
                            "Parent Relationship": "Outer",
                            "Parallel Aware": true,
                            "Relation Name": "title",
                            "Alias": "t",
                            "Startup Cost": 0.0,
                            "Total Cost": 54588.39,
                            "Plan Rows": 1097081,
                            "Plan Width": 4,
                            "Actual Startup Time": 0.028,
                            "Actual Total Time": 166.456,
                            "Actual Rows": 932744,
                            "Actual Loops": 2,
                            "Filter": "(kind_id > 1)",
                            "Rows Removed by Filter": 331412
                          }
                        ]
                      }
                    ]
                  },
                  {
                    "Node Type": "Hash",
                    "Parent Relationship": "Inner",
                    "Parallel Aware": false,
                    "Startup Cost": 1059.67,
                    "Total Cost": 1059.67,
                    "Plan Rows": 118,
                    "Plan Width": 4,
                    "Actual Startup Time": 0.486,
                    "Actual Total Time": 0.486,
                    "Actual Rows": 27,
                    "Actual Loops": 2,
                    "Hash Buckets": 1024,
                    "Original Hash Buckets": 1024,
                    "Hash Batches": 1,
                    "Original Hash Batches": 1,
                    "Peak Memory Usage": 9,
                    "Plans": [
                      {
                        "Node Type": "Index Scan",
                        "Parent Relationship": "Outer",
                        "Parallel Aware": false,
                        "Scan Direction": "Forward",
                        "Index Name": "person_id_cast_info",
                        "Relation Name": "cast_info",
                        "Alias": "ci",
                        "Startup Cost": 0.56,
                        "Total Cost": 1059.67,
                        "Plan Rows": 118,
                        "Plan Width": 4,
                        "Actual Startup Time": 0.445,
                        "Actual Total Time": 0.465,
                        "Actual Rows": 27,
                        "Actual Loops": 2,
                        "Index Cond": "(person_id = 3006302)",
                        "Rows Removed by Index Recheck": 0,
                        "Filter": "(role_id > 5)",
                        "Rows Removed by Filter": 143
                      }
                    ]
                  }
                ]
              }
            ]
          }
        ]
      }
    ]
  },
  "Planning Time": 0.982,
  "Triggers": [],
  "Execution Time": 887.971
}