[
  {
    "Plan": {
      "Node Type": "Aggregate",
      "Strategy": "Plain",
      "Partial Mode": "Finalize",
      "Parallel Aware": false,
      "Startup Cost": 45817.64,
      "Total Cost": 45817.65,
      "Plan Rows": 1,
      "Plan Width": 8,
      "Actual Startup Time": 174.077,
      "Actual Total Time": 181.583,
      "Actual Rows": 1,
      "Actual Loops": 1,
      "Plans": [
        {
          "Node Type": "Gather",
          "Parent Relationship": "Outer",
          "Parallel Aware": false,
          "Startup Cost": 45817.33,
          "Total Cost": 45817.64,
          "Plan Rows": 3,
          "Plan Width": 8,
          "Actual Startup Time": 173.969,
          "Actual Total Time": 181.576,
          "Actual Rows": 4,
          "Actual Loops": 1,
          "Workers Planned": 3,
          "Workers Launched": 3,
          "Single Copy": false,
          "Plans": [
            {
              "Node Type": "Aggregate",
              "Strategy": "Plain",
              "Partial Mode": "Partial",
              "Parent Relationship": "Outer",
              "Parallel Aware": false,
              "Startup Cost": 44817.33,
              "Total Cost": 44817.34,
              "Plan Rows": 1,
              "Plan Width": 8,
              "Actual Startup Time": 167.735,
              "Actual Total Time": 167.736,
              "Actual Rows": 1,
              "Actual Loops": 4,
              "Plans": [
                {
                  "Node Type": "Seq Scan",
                  "Parent Relationship": "Outer",
                  "Parallel Aware": true,
                  "Relation Name": "movie_keyword",
                  "Alias": "mk",
                  "Startup Cost": 0.0,
                  "Total Cost": 42695.65,
                  "Plan Rows": 848669,
                  "Plan Width": 0,
                  "Actual Startup Time": 0.512,
                  "Actual Total Time": 132.308,
                  "Actual Rows": 656210,
                  "Actual Loops": 4,
                  "Filter": "(keyword_id > 3253)",
                  "Rows Removed by Filter": 474773
                }
              ]
            }
          ]
        }
      ]
    },
    "Planning Time": 0.24,
    "Triggers": [],
    "Execution Time": 181.642
  }
]