[
  {
    "Plan": {
      "Node Type": "Aggregate",
      "Strategy": "Plain",
      "Partial Mode": "Simple",
      "Parallel Aware": false,
      "Startup Cost": 5015.66,
      "Total Cost": 5015.67,
      "Plan Rows": 1,
      "Plan Width": 8,
      "Actual Startup Time": 0.24,
      "Actual Total Time": 0.243,
      "Actual Rows": 1,
      "Actual Loops": 1,
      "Plans": [
        {
          "Node Type": "Nested Loop",
          "Parent Relationship": "Outer",
          "Parallel Aware": false,
          "Join Type": "Inner",
          "Startup Cost": 0.99,
          "Total Cost": 5014.45,
          "Plan Rows": 484,
          "Plan Width": 0,
          "Actual Startup Time": 0.23,
          "Actual Total Time": 0.234,
          "Actual Rows": 1,
          "Actual Loops": 1,
          "Inner Unique": true,
          "Plans": [
            {
              "Node Type": "Index Scan",
              "Parent Relationship": "Outer",
              "Parallel Aware": false,
              "Scan Direction": "Forward",
              "Index Name": "person_id_cast_info",
              "Relation Name": "cast_info",
              "Alias": "ci",
              "Startup Cost": 0.56,
              "Total Cost": 985.86,
              "Plan Rows": 484,
              "Plan Width": 4,
              "Actual Startup Time": 0.197,
              "Actual Total Time": 0.2,
              "Actual Rows": 1,
              "Actual Loops": 1,
              "Index Cond": "(person_id = 3548164)",
              "Rows Removed by Index Recheck": 0
            },
            {
              "Node Type": "Index Only Scan",
              "Parent Relationship": "Inner",
              "Parallel Aware": false,
              "Scan Direction": "Forward",
              "Index Name": "title_pkey",
              "Relation Name": "title",
              "Alias": "t",
              "Startup Cost": 0.43,
              "Total Cost": 8.32,
              "Plan Rows": 1,
              "Plan Width": 4,
              "Actual Startup Time": 0.025,
              "Actual Total Time": 0.025,
              "Actual Rows": 1,
              "Actual Loops": 1,
              "Index Cond": "(id = ci.movie_id)",
              "Rows Removed by Index Recheck": 0,
              "Heap Fetches": 1
            }
          ]
        }
      ]
    },
    "Planning Time": 0.563,
    "Triggers": [],
    "Execution Time": 0.304
  }
]