[
    {
        "Bao": {
            "Bao prediction": "NaN",
            "Bao recommended hint": "(no hint)"
        }
    },
    {
        "Plan": {
            "Node Type": "Aggregate",
            "Strategy": "Plain",
            "Partial Mode": "Finalize",
            "Parallel Aware": false,
            "Startup Cost": 32637.62,
            "Total Cost": 32637.63,
            "Plan Rows": 1,
            "Plan Width": 8,
            "Actual Startup Time": 88.378,
            "Actual Total Time": 93.054,
            "Actual Rows": 1,
            "Actual Loops": 1,
            "Output": [
                "count(*)"
            ],
            "Plans": [
                {
                    "Node Type": "Gather",
                    "Parent Relationship": "Outer",
                    "Parallel Aware": false,
                    "Startup Cost": 32637.3,
                    "Total Cost": 32637.61,
                    "Plan Rows": 3,
                    "Plan Width": 8,
                    "Actual Startup Time": 88.286,
                    "Actual Total Time": 93.048,
                    "Actual Rows": 4,
                    "Actual Loops": 1,
                    "Output": [
                        "(PARTIAL count(*))"
                    ],
                    "Workers Planned": 3,
                    "Workers Launched": 3,
                    "Single Copy": false,
                    "Plans": [
                        {
                            "Node Type": "Aggregate",
                            "Strategy": "Plain",
                            "Partial Mode": "Partial",
                            "Parent Relationship": "Outer",
                            "Parallel Aware": false,
                            "Startup Cost": 31637.3,
                            "Total Cost": 31637.31,
                            "Plan Rows": 1,
                            "Plan Width": 8,
                            "Actual Startup Time": 80.368,
                            "Actual Total Time": 80.369,
                            "Actual Rows": 1,
                            "Actual Loops": 4,
                            "Output": [
                                "PARTIAL count(*)"
                            ],
                            "Workers": [
                                {
                                    "Worker Number": 0,
                                    "Actual Startup Time": 77.696,
                                    "Actual Total Time": 77.697,
                                    "Actual Rows": 1,
                                    "Actual Loops": 1
                                },
                                {
                                    "Worker Number": 1,
                                    "Actual Startup Time": 77.85,
                                    "Actual Total Time": 77.851,
                                    "Actual Rows": 1,
                                    "Actual Loops": 1
                                },
                                {
                                    "Worker Number": 2,
                                    "Actual Startup Time": 77.925,
                                    "Actual Total Time": 77.926,
                                    "Actual Rows": 1,
                                    "Actual Loops": 1
                                }
                            ],
                            "Plans": [
                                {
                                    "Node Type": "Seq Scan",
                                    "Parent Relationship": "Outer",
                                    "Parallel Aware": true,
                                    "Relation Name": "movie_companies",
                                    "Schema": "public",
                                    "Alias": "mc",
                                    "Startup Cost": 0.0,
                                    "Total Cost": 31414.82,
                                    "Plan Rows": 88994,
                                    "Plan Width": 0,
                                    "Actual Startup Time": 41.514,
                                    "Actual Total Time": 74.296,
                                    "Actual Rows": 135528,
                                    "Actual Loops": 4,
                                    "Output": [
                                        "id",
                                        "movie_id",
                                        "company_id",
                                        "company_type_id",
                                        "note"
                                    ],
                                    "Filter": "((mc.company_id > 72128) AND (mc.company_type_id = 2))",
                                    "Rows Removed by Filter": 516754,
                                    "Workers": [
                                        {
                                            "Worker Number": 0,
                                            "Actual Startup Time": 38.821,
                                            "Actual Total Time": 71.696,
                                            "Actual Rows": 89028,
                                            "Actual Loops": 1
                                        },
                                        {
                                            "Worker Number": 1,
                                            "Actual Startup Time": 39.006,
                                            "Actual Total Time": 71.99,
                                            "Actual Rows": 141523,
                                            "Actual Loops": 1
                                        },
                                        {
                                            "Worker Number": 2,
                                            "Actual Startup Time": 39.085,
                                            "Actual Total Time": 72.032,
                                            "Actual Rows": 140823,
                                            "Actual Loops": 1
                                        }
                                    ]
                                }
                            ]
                        }
                    ]
                }
            ]
        },
        "Planning Time": 190.89,
        "Triggers": [],
        "Execution Time": 93.103
    }
]