[
  {
    "Plan": {
      "Node Type": "Aggregate",
      "Strategy": "Plain",
      "Partial Mode": "Finalize",
      "Parallel Aware": false,
      "Startup Cost": 351004.85,
      "Total Cost": 351004.86,
      "Plan Rows": 1,
      "Plan Width": 8,
      "Actual Startup Time": 885.053,
      "Actual Total Time": 946.308,
      "Actual Rows": 1,
      "Actual Loops": 1,
      "Plans": [
        {
          "Node Type": "Gather",
          "Parent Relationship": "Outer",
          "Parallel Aware": false,
          "Startup Cost": 351004.23,
          "Total Cost": 351004.84,
          "Plan Rows": 6,
          "Plan Width": 8,
          "Actual Startup Time": 884.94,
          "Actual Total Time": 946.297,
          "Actual Rows": 7,
          "Actual Loops": 1,
          "Workers Planned": 6,
          "Workers Launched": 6,
          "Single Copy": false,
          "Plans": [
            {
              "Node Type": "Aggregate",
              "Strategy": "Plain",
              "Partial Mode": "Partial",
              "Parent Relationship": "Outer",
              "Parallel Aware": false,
              "Startup Cost": 350004.23,
              "Total Cost": 350004.24,
              "Plan Rows": 1,
              "Plan Width": 8,
              "Actual Startup Time": 875.542,
              "Actual Total Time": 875.543,
              "Actual Rows": 1,
              "Actual Loops": 7,
              "Plans": [
                {
                  "Node Type": "Seq Scan",
                  "Parent Relationship": "Outer",
                  "Parallel Aware": true,
                  "Relation Name": "cast_info",
                  "Alias": "ci",
                  "Startup Cost": 0.0,
                  "Total Cost": 343257.03,
                  "Plan Rows": 2698880,
                  "Plan Width": 0,
                  "Actual Startup Time": 0.046,
                  "Actual Total Time": 747.492,
                  "Actual Rows": 2547589,
                  "Actual Loops": 7,
                  "Filter": "((person_id < 1854858) AND (role_id < 10))",
                  "Rows Removed by Filter": 2630175
                }
              ]
            }
          ]
        }
      ]
    },
    "Planning Time": 0.223,
    "Triggers": [],
    "Execution Time": 946.412
  }
]