[
  {
    "Plan": {
      "Node Type": "Aggregate",
      "Strategy": "Plain",
      "Partial Mode": "Finalize",
      "Parallel Aware": false,
      "Startup Cost": 77797.28,
      "Total Cost": 77797.29,
      "Plan Rows": 1,
      "Plan Width": 8,
      "Actual Startup Time": 246.177,
      "Actual Total Time": 263.987,
      "Actual Rows": 1,
      "Actual Loops": 1,
      "Plans": [
        {
          "Node Type": "Gather",
          "Parent Relationship": "Outer",
          "Parallel Aware": false,
          "Startup Cost": 77796.97,
          "Total Cost": 77797.28,
          "Plan Rows": 3,
          "Plan Width": 8,
          "Actual Startup Time": 245.295,
          "Actual Total Time": 263.978,
          "Actual Rows": 4,
          "Actual Loops": 1,
          "Workers Planned": 3,
          "Workers Launched": 3,
          "Single Copy": false,
          "Plans": [
            {
              "Node Type": "Aggregate",
              "Strategy": "Plain",
              "Partial Mode": "Partial",
              "Parent Relationship": "Outer",
              "Parallel Aware": false,
              "Startup Cost": 76796.97,
              "Total Cost": 76796.98,
              "Plan Rows": 1,
              "Plan Width": 8,
              "Actual Startup Time": 236.061,
              "Actual Total Time": 236.065,
              "Actual Rows": 1,
              "Actual Loops": 4,
              "Plans": [
                {
                  "Node Type": "Hash Join",
                  "Parent Relationship": "Outer",
                  "Parallel Aware": true,
                  "Join Type": "Inner",
                  "Startup Cost": 44350.59,
                  "Total Cost": 76743.7,
                  "Plan Rows": 21305,
                  "Plan Width": 0,
                  "Actual Startup Time": 151.938,
                  "Actual Total Time": 235.294,
                  "Actual Rows": 15035,
                  "Actual Loops": 4,
                  "Inner Unique": true,
                  "Hash Cond": "(mc.movie_id = t.id)",
                  "Plans": [
                    {
                      "Node Type": "Seq Scan",
                      "Parent Relationship": "Outer",
                      "Parallel Aware": true,
                      "Relation Name": "movie_companies",
                      "Alias": "mc",
                      "Startup Cost": 0.0,
                      "Total Cost": 31414.82,
                      "Plan Rows": 372684,
                      "Plan Width": 4,
                      "Actual Startup Time": 34.223,
                      "Actual Total Time": 75.566,
                      "Actual Rows": 316443,
                      "Actual Loops": 4,
                      "Filter": "((company_id > 160) AND (company_type_id > 1))",
                      "Rows Removed by Filter": 335840
                    },
                    {
                      "Node Type": "Hash",
                      "Parent Relationship": "Inner",
                      "Parallel Aware": true,
                      "Startup Cost": 43898.92,
                      "Total Cost": 43898.92,
                      "Plan Rows": 36134,
                      "Plan Width": 4,
                      "Actual Startup Time": 115.165,
                      "Actual Total Time": 115.166,
                      "Actual Rows": 35426,
                      "Actual Loops": 4,
                      "Hash Buckets": 262144,
                      "Original Hash Buckets": 262144,
                      "Hash Batches": 1,
                      "Original Hash Batches": 1,
                      "Peak Memory Usage": 7680,
                      "Plans": [
                        {
                          "Node Type": "Seq Scan",
                          "Parent Relationship": "Outer",
                          "Parallel Aware": true,
                          "Relation Name": "title",
                          "Alias": "t",
                          "Startup Cost": 0.0,
                          "Total Cost": 43898.92,
                          "Plan Rows": 36134,
                          "Plan Width": 4,
                          "Actual Startup Time": 0.043,
                          "Actual Total Time": 100.03,
                          "Actual Rows": 35426,
                          "Actual Loops": 4,
                          "Filter": "(production_year = 2010)",
                          "Rows Removed by Filter": 596652
                        }
                      ]
                    }
                  ]
                }
              ]
            }
          ]
        }
      ]
    },
    "Planning Time": 0.761,
    "Triggers": [],
    "Execution Time": 264.069
  }
]