[
  {
    "Plan": {
      "Node Type": "Aggregate",
      "Strategy": "Plain",
      "Partial Mode": "Simple",
      "Parallel Aware": false,
      "Startup Cost": 1619476.57,
      "Total Cost": 1619476.58,
      "Plan Rows": 1,
      "Plan Width": 64,
      "Actual Startup Time": 9682.065,
      "Actual Total Time": 9682.316,
      "Actual Rows": 1,
      "Actual Loops": 1,
      "Plans": [
        {
          "Node Type": "Merge Join",
          "Parent Relationship": "Outer",
          "Parallel Aware": false,
          "Join Type": "Inner",
          "Startup Cost": 1502913.64,
          "Total Cost": 1619476.4,
          "Plan Rows": 34,
          "Plan Width": 15,
          "Actual Startup Time": 8041.262,
          "Actual Total Time": 9678.501,
          "Actual Rows": 52306,
          "Actual Loops": 1,
          "Inner Unique": false,
          "Merge Cond": "(t.id = ci.movie_id)",
          "Plans": [
            {
              "Node Type": "Index Only Scan",
              "Parent Relationship": "Outer",
              "Parallel Aware": false,
              "Scan Direction": "Forward",
              "Index Name": "title_pkey",
              "Relation Name": "title",
              "Alias": "t",
              "Startup Cost": 0.43,
              "Total Cost": 110348.87,
              "Plan Rows": 2528252,
              "Plan Width": 4,
              "Actual Startup Time": 0.034,
              "Actual Total Time": 1516.33,
              "Actual Rows": 2525433,
              "Actual Loops": 1,
              "Heap Fetches": 2525433
            },
            {
              "Node Type": "Sort",
              "Parent Relationship": "Inner",
              "Parallel Aware": false,
              "Startup Cost": 1502910.49,
              "Total Cost": 1502910.57,
              "Plan Rows": 34,
              "Plan Width": 27,
              "Actual Startup Time": 8022.406,
              "Actual Total Time": 8031.705,
              "Actual Rows": 52306,
              "Actual Loops": 1,
              "Sort Key": [
                "ci.movie_id"
              ],
              "Sort Method": "quicksort",
              "Sort Space Used": 5622,
              "Sort Space Type": "Memory",
              "Plans": [
                {
                  "Node Type": "Merge Join",
                  "Parent Relationship": "Outer",
                  "Parallel Aware": false,
                  "Join Type": "Inner",
                  "Startup Cost": 1490438.78,
                  "Total Cost": 1502909.62,
                  "Plan Rows": 34,
                  "Plan Width": 27,
                  "Actual Startup Time": 7840.716,
                  "Actual Total Time": 8008.066,
                  "Actual Rows": 52306,
                  "Actual Loops": 1,
                  "Inner Unique": false,
                  "Merge Cond": "(cn.id = mc.company_id)",
                  "Plans": [
                    {
                      "Node Type": "Index Only Scan",
                      "Parent Relationship": "Outer",
                      "Parallel Aware": false,
                      "Scan Direction": "Forward",
                      "Index Name": "company_name_pkey",
                      "Relation Name": "company_name",
                      "Alias": "cn",
                      "Startup Cost": 0.42,
                      "Total Cost": 11887.3,
                      "Plan Rows": 234997,
                      "Plan Width": 4,
                      "Actual Startup Time": 0.036,
                      "Actual Total Time": 139.598,
                      "Actual Rows": 234506,
                      "Actual Loops": 1,
                      "Heap Fetches": 234506
                    },
                    {
                      "Node Type": "Sort",
                      "Parent Relationship": "Inner",
                      "Parallel Aware": false,
                      "Startup Cost": 1490438.36,
                      "Total Cost": 1490438.44,
                      "Plan Rows": 34,
                      "Plan Width": 31,
                      "Actual Startup Time": 7840.675,
                      "Actual Total Time": 7847.866,
                      "Actual Rows": 52306,
                      "Actual Loops": 1,
                      "Sort Key": [
                        "mc.company_id"
                      ],
                      "Sort Method": "quicksort",
                      "Sort Space Used": 5623,
                      "Sort Space Type": "Memory",
                      "Plans": [
                        {
                          "Node Type": "Merge Join",
                          "Parent Relationship": "Outer",
                          "Parallel Aware": false,
                          "Join Type": "Inner",
                          "Startup Cost": 1343033.73,
                          "Total Cost": 1490437.49,
                          "Plan Rows": 34,
                          "Plan Width": 31,
                          "Actual Startup Time": 6952.922,
                          "Actual Total Time": 7824.81,
                          "Actual Rows": 52306,
                          "Actual Loops": 1,
                          "Inner Unique": false,
                          "Merge Cond": "(mc.movie_id = ci.movie_id)",
                          "Plans": [
                            {
                              "Node Type": "Index Scan",
                              "Parent Relationship": "Outer",
                              "Parallel Aware": false,
                              "Scan Direction": "Forward",
                              "Index Name": "movie_id_movie_companies",
                              "Relation Name": "movie_companies",
                              "Alias": "mc",
                              "Startup Cost": 0.43,
                              "Total Cost": 140880.84,
                              "Plan Rows": 2609129,
                              "Plan Width": 8,
                              "Actual Startup Time": 0.025,
                              "Actual Total Time": 696.654,
                              "Actual Rows": 2608497,
                              "Actual Loops": 1
                            },
                            {
                              "Node Type": "Sort",
                              "Parent Relationship": "Inner",
                              "Parallel Aware": false,
                              "Startup Cost": 1343033.3,
                              "Total Cost": 1343033.33,
                              "Plan Rows": 13,
                              "Plan Width": 23,
                              "Actual Startup Time": 6951.411,
                              "Actual Total Time": 6955.006,
                              "Actual Rows": 52698,
                              "Actual Loops": 1,
                              "Sort Key": [
                                "ci.movie_id"
                              ],
                              "Sort Method": "quicksort",
                              "Sort Space Used": 710,
                              "Sort Space Type": "Memory",
                              "Plans": [
                                {
                                  "Node Type": "Merge Join",
                                  "Parent Relationship": "Outer",
                                  "Parallel Aware": false,
                                  "Join Type": "Inner",
                                  "Startup Cost": 1342821.42,
                                  "Total Cost": 1343033.06,
                                  "Plan Rows": 13,
                                  "Plan Width": 23,
                                  "Actual Startup Time": 6818.598,
                                  "Actual Total Time": 6949.578,
                                  "Actual Rows": 6642,
                                  "Actual Loops": 1,
                                  "Inner Unique": true,
                                  "Merge Cond": "(ci.person_id = n.id)",
                                  "Plans": [
                                    {
                                      "Node Type": "Sort",
                                      "Parent Relationship": "Outer",
                                      "Parallel Aware": false,
                                      "Startup Cost": 1265742.53,
                                      "Total Cost": 1265745.67,
                                      "Plan Rows": 1255,
                                      "Plan Width": 12,
                                      "Actual Startup Time": 6392.014,
                                      "Actual Total Time": 6583.252,
                                      "Actual Rows": 1038393,
                                      "Actual Loops": 1,
                                      "Sort Key": [
                                        "ci.person_id"
                                      ],
                                      "Sort Method": "quicksort",
                                      "Sort Space Used": 73251,
                                      "Sort Space Type": "Memory",
                                      "Plans": [
                                        {
                                          "Node Type": "Gather Merge",
                                          "Parent Relationship": "Outer",
                                          "Parallel Aware": false,
                                          "Startup Cost": 1235315.7,
                                          "Total Cost": 1265677.94,
                                          "Plan Rows": 1255,
                                          "Plan Width": 12,
                                          "Actual Startup Time": 4471.253,
                                          "Actual Total Time": 6098.642,
                                          "Actual Rows": 1038393,
                                          "Actual Loops": 1,
                                          "Workers Planned": 6,
                                          "Workers Launched": 6,
                                          "Plans": [
                                            {
                                              "Node Type": "Merge Join",
                                              "Parent Relationship": "Outer",
                                              "Parallel Aware": false,
                                              "Join Type": "Inner",
                                              "Startup Cost": 1234315.61,
                                              "Total Cost": 1264525.31,
                                              "Plan Rows": 209,
                                              "Plan Width": 12,
                                              "Actual Startup Time": 4136.549,
                                              "Actual Total Time": 5441.908,
                                              "Actual Rows": 148342,
                                              "Actual Loops": 7,
                                              "Inner Unique": false,
                                              "Merge Cond": "(ci.movie_id = mk.movie_id)",
                                              "Plans": [
                                                {
                                                  "Node Type": "Sort",
                                                  "Parent Relationship": "Outer",
                                                  "Parallel Aware": false,
                                                  "Startup Cost": 993845.26,
                                                  "Total Cost": 1008954.3,
                                                  "Plan Rows": 6043616,
                                                  "Plan Width": 8,
                                                  "Actual Startup Time": 3765.631,
                                                  "Actual Total Time": 4574.736,
                                                  "Actual Rows": 5177575,
                                                  "Actual Loops": 7,
                                                  "Sort Key": [
                                                    "ci.movie_id"
                                                  ],
                                                  "Sort Method": "quicksort",
                                                  "Sort Space Used": 489878,
                                                  "Sort Space Type": "Memory",
                                                  "Workers": [
                                                    {
                                                      "Worker Number": 0,
                                                      "Sort Method": "quicksort",
                                                      "Sort Space Used": 399946,
                                                      "Sort Space Type": "Memory"
                                                    },
                                                    {
                                                      "Worker Number": 1,
                                                      "Sort Method": "quicksort",
                                                      "Sort Space Used": 485818,
                                                      "Sort Space Type": "Memory"
                                                    },
                                                    {
                                                      "Worker Number": 2,
                                                      "Sort Method": "quicksort",
                                                      "Sort Space Used": 400011,
                                                      "Sort Space Type": "Memory"
                                                    },
                                                    {
                                                      "Worker Number": 3,
                                                      "Sort Method": "quicksort",
                                                      "Sort Space Used": 413325,
                                                      "Sort Space Type": "Memory"
                                                    },
                                                    {
                                                      "Worker Number": 4,
                                                      "Sort Method": "quicksort",
                                                      "Sort Space Used": 398077,
                                                      "Sort Space Type": "Memory"
                                                    },
                                                    {
                                                      "Worker Number": 5,
                                                      "Sort Method": "quicksort",
                                                      "Sort Space Used": 488157,
                                                      "Sort Space Type": "Memory"
                                                    }
                                                  ],
                                                  "Plans": [
                                                    {
                                                      "Node Type": "Seq Scan",
                                                      "Parent Relationship": "Outer",
                                                      "Parallel Aware": true,
                                                      "Relation Name": "cast_info",
                                                      "Alias": "ci",
                                                      "Startup Cost": 0.0,
                                                      "Total Cost": 313123.16,
                                                      "Plan Rows": 6043616,
                                                      "Plan Width": 8,
                                                      "Actual Startup Time": 0.066,
                                                      "Actual Total Time": 1236.509,
                                                      "Actual Rows": 5177763,
                                                      "Actual Loops": 7
                                                    }
                                                  ]
                                                },
                                                {
                                                  "Node Type": "Sort",
                                                  "Parent Relationship": "Inner",
                                                  "Parallel Aware": false,
                                                  "Startup Cost": 240463.55,
                                                  "Total Cost": 240463.64,
                                                  "Plan Rows": 34,
                                                  "Plan Width": 4,
                                                  "Actual Startup Time": 370.757,
                                                  "Actual Total Time": 379.465,
                                                  "Actual Rows": 158843,
                                                  "Actual Loops": 7,
                                                  "Sort Key": [
                                                    "mk.movie_id"
                                                  ],
                                                  "Sort Method": "quicksort",
                                                  "Sort Space Used": 3498,
                                                  "Sort Space Type": "Memory",
                                                  "Workers": [
                                                    {
                                                      "Worker Number": 0,
                                                      "Sort Method": "quicksort",
                                                      "Sort Space Used": 3498,
                                                      "Sort Space Type": "Memory"
                                                    },
                                                    {
                                                      "Worker Number": 1,
                                                      "Sort Method": "quicksort",
                                                      "Sort Space Used": 3498,
                                                      "Sort Space Type": "Memory"
                                                    },
                                                    {
                                                      "Worker Number": 2,
                                                      "Sort Method": "quicksort",
                                                      "Sort Space Used": 3498,
                                                      "Sort Space Type": "Memory"
                                                    },
                                                    {
                                                      "Worker Number": 3,
                                                      "Sort Method": "quicksort",
                                                      "Sort Space Used": 3498,
                                                      "Sort Space Type": "Memory"
                                                    },
                                                    {
                                                      "Worker Number": 4,
                                                      "Sort Method": "quicksort",
                                                      "Sort Space Used": 3498,
                                                      "Sort Space Type": "Memory"
                                                    },
                                                    {
                                                      "Worker Number": 5,
                                                      "Sort Method": "quicksort",
                                                      "Sort Space Used": 3498,
                                                      "Sort Space Type": "Memory"
                                                    }
                                                  ],
                                                  "Plans": [
                                                    {
                                                      "Node Type": "Merge Join",
                                                      "Parent Relationship": "Outer",
                                                      "Parallel Aware": false,
                                                      "Join Type": "Inner",
                                                      "Startup Cost": 3271.69,
                                                      "Total Cost": 240462.69,
                                                      "Plan Rows": 34,
                                                      "Plan Width": 4,
                                                      "Actual Startup Time": 322.278,
                                                      "Actual Total Time": 359.939,
                                                      "Actual Rows": 41840,
                                                      "Actual Loops": 7,
                                                      "Inner Unique": true,
                                                      "Merge Cond": "(mk.keyword_id = k.id)",
                                                      "Plans": [
                                                        {
                                                          "Node Type": "Index Scan",
                                                          "Parent Relationship": "Outer",
                                                          "Parallel Aware": false,
                                                          "Scan Direction": "Forward",
                                                          "Index Name": "keyword_id_movie_keyword",
                                                          "Relation Name": "movie_keyword",
                                                          "Alias": "mk",
                                                          "Startup Cost": 0.43,
                                                          "Total Cost": 226526.38,
                                                          "Plan Rows": 4523930,
                                                          "Plan Width": 8,
                                                          "Actual Startup Time": 0.094,
                                                          "Actual Total Time": 317.478,
                                                          "Actual Rows": 163762,
                                                          "Actual Loops": 7
                                                        },
                                                        {
                                                          "Node Type": "Sort",
                                                          "Parent Relationship": "Inner",
                                                          "Parallel Aware": false,
                                                          "Startup Cost": 2626.14,
                                                          "Total Cost": 2626.14,
                                                          "Plan Rows": 1,
                                                          "Plan Width": 4,
                                                          "Actual Startup Time": 19.947,
                                                          "Actual Total Time": 19.949,
                                                          "Actual Rows": 1,
                                                          "Actual Loops": 7,
                                                          "Sort Key": [
                                                            "k.id"
                                                          ],
                                                          "Sort Method": "quicksort",
                                                          "Sort Space Used": 25,
                                                          "Sort Space Type": "Memory",
                                                          "Workers": [
                                                            {
                                                              "Worker Number": 0,
                                                              "Sort Method": "quicksort",
                                                              "Sort Space Used": 25,
                                                              "Sort Space Type": "Memory"
                                                            },
                                                            {
                                                              "Worker Number": 1,
                                                              "Sort Method": "quicksort",
                                                              "Sort Space Used": 25,
                                                              "Sort Space Type": "Memory"
                                                            },
                                                            {
                                                              "Worker Number": 2,
                                                              "Sort Method": "quicksort",
                                                              "Sort Space Used": 25,
                                                              "Sort Space Type": "Memory"
                                                            },
                                                            {
                                                              "Worker Number": 3,
                                                              "Sort Method": "quicksort",
                                                              "Sort Space Used": 25,
                                                              "Sort Space Type": "Memory"
                                                            },
                                                            {
                                                              "Worker Number": 4,
                                                              "Sort Method": "quicksort",
                                                              "Sort Space Used": 25,
                                                              "Sort Space Type": "Memory"
                                                            },
                                                            {
                                                              "Worker Number": 5,
                                                              "Sort Method": "quicksort",
                                                              "Sort Space Used": 25,
                                                              "Sort Space Type": "Memory"
                                                            }
                                                          ],
                                                          "Plans": [
                                                            {
                                                              "Node Type": "Seq Scan",
                                                              "Parent Relationship": "Outer",
                                                              "Parallel Aware": false,
                                                              "Relation Name": "keyword",
                                                              "Alias": "k",
                                                              "Startup Cost": 0.0,
                                                              "Total Cost": 2626.12,
                                                              "Plan Rows": 1,
                                                              "Plan Width": 4,
                                                              "Actual Startup Time": 0.993,
                                                              "Actual Total Time": 19.932,
                                                              "Actual Rows": 1,
                                                              "Actual Loops": 7,
                                                              "Filter": "(keyword = 'character-name-in-title'::text)",
                                                              "Rows Removed by Filter": 134169
                                                            }
                                                          ]
                                                        }
                                                      ]
                                                    }
                                                  ]
                                                }
                                              ]
                                            }
                                          ]
                                        }
                                      ]
                                    },
                                    {
                                      "Node Type": "Sort",
                                      "Parent Relationship": "Inner",
                                      "Parallel Aware": false,
                                      "Startup Cost": 77078.87,
                                      "Total Cost": 77184.1,
                                      "Plan Rows": 42095,
                                      "Plan Width": 19,
                                      "Actual Startup Time": 280.916,
                                      "Actual Total Time": 284.657,
                                      "Actual Rows": 35320,
                                      "Actual Loops": 1,
                                      "Sort Key": [
                                        "n.id"
                                      ],
                                      "Sort Method": "quicksort",
                                      "Sort Space Used": 4182,
                                      "Sort Space Type": "Memory",
                                      "Plans": [
                                        {
                                          "Node Type": "Gather",
                                          "Parent Relationship": "Outer",
                                          "Parallel Aware": false,
                                          "Startup Cost": 1000.0,
                                          "Total Cost": 73845.68,
                                          "Plan Rows": 42095,
                                          "Plan Width": 19,
                                          "Actual Startup Time": 117.542,
                                          "Actual Total Time": 271.656,
                                          "Actual Rows": 36174,
                                          "Actual Loops": 1,
                                          "Workers Planned": 4,
                                          "Workers Launched": 4,
                                          "Single Copy": false,
                                          "Plans": [
                                            {
                                              "Node Type": "Seq Scan",
                                              "Parent Relationship": "Outer",
                                              "Parallel Aware": true,
                                              "Relation Name": "name",
                                              "Alias": "n",
                                              "Startup Cost": 0.0,
                                              "Total Cost": 68636.18,
                                              "Plan Rows": 10524,
                                              "Plan Width": 19,
                                              "Actual Startup Time": 107.865,
                                              "Actual Total Time": 262.533,
                                              "Actual Rows": 7235,
                                              "Actual Loops": 5,
                                              "Filter": "(name ~~ 'Z%'::text)",
                                              "Rows Removed by Filter": 826263
                                            }
                                          ]
                                        }
                                      ]
                                    }
                                  ]
                                }
                              ]
                            }
                          ]
                        }
                      ]
                    }
                  ]
                }
              ]
            }
          ]
        }
      ]
    },
    "Planning Time": 12.691,
    "Triggers": [],
    "Execution Time": 9712.388
  }
]