[
  {
    "Plan": {
      "Node Type": "Aggregate",
      "Strategy": "Plain",
      "Partial Mode": "Finalize",
      "Parallel Aware": false,
      "Startup Cost": 529374.39,
      "Total Cost": 529374.4,
      "Plan Rows": 1,
      "Plan Width": 8,
      "Actual Startup Time": 3384.698,
      "Actual Total Time": 3441.864,
      "Actual Rows": 1,
      "Actual Loops": 1,
      "Plans": [
        {
          "Node Type": "Gather",
          "Parent Relationship": "Outer",
          "Parallel Aware": false,
          "Startup Cost": 529373.97,
          "Total Cost": 529374.38,
          "Plan Rows": 4,
          "Plan Width": 8,
          "Actual Startup Time": 3377.822,
          "Actual Total Time": 3441.852,
          "Actual Rows": 5,
          "Actual Loops": 1,
          "Workers Planned": 4,
          "Workers Launched": 4,
          "Single Copy": false,
          "Plans": [
            {
              "Node Type": "Aggregate",
              "Strategy": "Plain",
              "Partial Mode": "Partial",
              "Parent Relationship": "Outer",
              "Parallel Aware": false,
              "Startup Cost": 528373.97,
              "Total Cost": 528373.98,
              "Plan Rows": 1,
              "Plan Width": 8,
              "Actual Startup Time": 3368.32,
              "Actual Total Time": 3368.501,
              "Actual Rows": 1,
              "Actual Loops": 5,
              "Plans": [
                {
                  "Node Type": "Nested Loop",
                  "Parent Relationship": "Outer",
                  "Parallel Aware": false,
                  "Join Type": "Inner",
                  "Startup Cost": 282535.57,
                  "Total Cost": 527254.7,
                  "Plan Rows": 447708,
                  "Plan Width": 0,
                  "Actual Startup Time": 262.181,
                  "Actual Total Time": 3106.156,
                  "Actual Rows": 5094755,
                  "Actual Loops": 5,
                  "Inner Unique": false,
                  "Plans": [
                    {
                      "Node Type": "Hash Join",
                      "Parent Relationship": "Outer",
                      "Parallel Aware": true,
                      "Join Type": "Inner",
                      "Startup Cost": 282535.13,
                      "Total Cost": 331343.17,
                      "Plan Rows": 101140,
                      "Plan Width": 8,
                      "Actual Startup Time": 262.101,
                      "Actual Total Time": 619.856,
                      "Actual Rows": 231870,
                      "Actual Loops": 5,
                      "Inner Unique": false,
                      "Hash Cond": "(t.id = ci.movie_id)",
                      "Plans": [
                        {
                          "Node Type": "Seq Scan",
                          "Parent Relationship": "Outer",
                          "Parallel Aware": true,
                          "Relation Name": "title",
                          "Alias": "t",
                          "Startup Cost": 0.0,
                          "Total Cost": 42318.73,
                          "Plan Rows": 632073,
                          "Plan Width": 4,
                          "Actual Startup Time": 0.013,
                          "Actual Total Time": 75.044,
                          "Actual Rows": 505662,
                          "Actual Loops": 5
                        },
                        {
                          "Node Type": "Hash",
                          "Parent Relationship": "Inner",
                          "Parallel Aware": true,
                          "Startup Cost": 281692.3,
                          "Total Cost": 281692.3,
                          "Plan Rows": 67427,
                          "Plan Width": 4,
                          "Actual Startup Time": 259.184,
                          "Actual Total Time": 259.185,
                          "Actual Rows": 231870,
                          "Actual Loops": 5,
                          "Hash Buckets": 2097152,
                          "Original Hash Buckets": 524288,
                          "Hash Batches": 1,
                          "Original Hash Batches": 1,
                          "Peak Memory Usage": 74144,
                          "Plans": [
                            {
                              "Node Type": "Bitmap Heap Scan",
                              "Parent Relationship": "Outer",
                              "Parallel Aware": true,
                              "Relation Name": "cast_info",
                              "Alias": "ci",
                              "Startup Cost": 26036.4,
                              "Total Cost": 281692.3,
                              "Plan Rows": 67427,
                              "Plan Width": 4,
                              "Actual Startup Time": 60.741,
                              "Actual Total Time": 134.133,
                              "Actual Rows": 231870,
                              "Actual Loops": 5,
                              "Recheck Cond": "(person_id > 3837054)",
                              "Rows Removed by Index Recheck": 0,
                              "Filter": "(role_id > 3)",
                              "Rows Removed by Filter": 0,
                              "Exact Heap Blocks": 5203,
                              "Lossy Heap Blocks": 0,
                              "Plans": [
                                {
                                  "Node Type": "Bitmap Index Scan",
                                  "Parent Relationship": "Outer",
                                  "Parallel Aware": false,
                                  "Index Name": "person_id_cast_info",
                                  "Startup Cost": 0.0,
                                  "Total Cost": 25935.26,
                                  "Plan Rows": 1187559,
                                  "Plan Width": 0,
                                  "Actual Startup Time": 58.148,
                                  "Actual Total Time": 58.148,
                                  "Actual Rows": 1159352,
                                  "Actual Loops": 1,
                                  "Index Cond": "(person_id > 3837054)"
                                }
                              ]
                            }
                          ]
                        }
                      ]
                    },
                    {
                      "Node Type": "Index Scan",
                      "Parent Relationship": "Inner",
                      "Parallel Aware": false,
                      "Scan Direction": "Forward",
                      "Index Name": "movie_id_movie_info",
                      "Relation Name": "movie_info",
                      "Alias": "mi",
                      "Startup Cost": 0.43,
                      "Total Cost": 1.62,
                      "Plan Rows": 32,
                      "Plan Width": 4,
                      "Actual Startup Time": 0.003,
                      "Actual Total Time": 0.009,
                      "Actual Rows": 22,
                      "Actual Loops": 1159352,
                      "Index Cond": "(movie_id = t.id)",
                      "Rows Removed by Index Recheck": 0,
                      "Filter": "(info_type_id > 3)",
                      "Rows Removed by Filter": 2
                    }
                  ]
                }
              ]
            }
          ]
        }
      ]
    },
    "Planning Time": 1.38,
    "Triggers": [],
    "Execution Time": 3442.054
  }
]