[
  {
    "Plan": {
      "Node Type": "Aggregate",
      "Strategy": "Plain",
      "Partial Mode": "Finalize",
      "Parallel Aware": false,
      "Startup Cost": 86059.8,
      "Total Cost": 86059.81,
      "Plan Rows": 1,
      "Plan Width": 8,
      "Actual Startup Time": 823.206,
      "Actual Total Time": 868.246,
      "Actual Rows": 1,
      "Actual Loops": 1,
      "Plans": [
        {
          "Node Type": "Gather",
          "Parent Relationship": "Outer",
          "Parallel Aware": false,
          "Startup Cost": 86059.38,
          "Total Cost": 86059.79,
          "Plan Rows": 4,
          "Plan Width": 8,
          "Actual Startup Time": 817.619,
          "Actual Total Time": 868.234,
          "Actual Rows": 5,
          "Actual Loops": 1,
          "Workers Planned": 4,
          "Workers Launched": 4,
          "Single Copy": false,
          "Plans": [
            {
              "Node Type": "Aggregate",
              "Strategy": "Plain",
              "Partial Mode": "Partial",
              "Parent Relationship": "Outer",
              "Parallel Aware": false,
              "Startup Cost": 85059.38,
              "Total Cost": 85059.39,
              "Plan Rows": 1,
              "Plan Width": 8,
              "Actual Startup Time": 808.775,
              "Actual Total Time": 808.777,
              "Actual Rows": 1,
              "Actual Loops": 5,
              "Plans": [
                {
                  "Node Type": "Nested Loop",
                  "Parent Relationship": "Outer",
                  "Parallel Aware": false,
                  "Join Type": "Inner",
                  "Startup Cost": 1.0,
                  "Total Cost": 84863.3,
                  "Plan Rows": 78429,
                  "Plan Width": 0,
                  "Actual Startup Time": 68.785,
                  "Actual Total Time": 762.924,
                  "Actual Rows": 643387,
                  "Actual Loops": 5,
                  "Inner Unique": false,
                  "Join Filter": "(t.id = ci.movie_id)",
                  "Rows Removed by Join Filter": 0,
                  "Plans": [
                    {
                      "Node Type": "Nested Loop",
                      "Parent Relationship": "Outer",
                      "Parallel Aware": false,
                      "Join Type": "Inner",
                      "Startup Cost": 0.43,
                      "Total Cost": 72555.25,
                      "Plan Rows": 6182,
                      "Plan Width": 8,
                      "Actual Startup Time": 68.668,
                      "Actual Total Time": 121.806,
                      "Actual Rows": 10758,
                      "Actual Loops": 5,
                      "Inner Unique": false,
                      "Plans": [
                        {
                          "Node Type": "Seq Scan",
                          "Parent Relationship": "Outer",
                          "Parallel Aware": true,
                          "Relation Name": "title",
                          "Alias": "t",
                          "Startup Cost": 0.0,
                          "Total Cost": 45479.59,
                          "Plan Rows": 3455,
                          "Plan Width": 4,
                          "Actual Startup Time": 68.422,
                          "Actual Total Time": 98.523,
                          "Actual Rows": 1516,
                          "Actual Loops": 5,
                          "Filter": "((kind_id = 1) AND (production_year = 1999))",
                          "Rows Removed by Filter": 504147
                        },
                        {
                          "Node Type": "Index Only Scan",
                          "Parent Relationship": "Inner",
                          "Parallel Aware": false,
                          "Scan Direction": "Forward",
                          "Index Name": "movie_id_movie_keyword",
                          "Relation Name": "movie_keyword",
                          "Alias": "mk",
                          "Startup Cost": 0.43,
                          "Total Cost": 7.38,
                          "Plan Rows": 46,
                          "Plan Width": 4,
                          "Actual Startup Time": 0.012,
                          "Actual Total Time": 0.014,
                          "Actual Rows": 7,
                          "Actual Loops": 7578,
                          "Index Cond": "(movie_id = t.id)",
                          "Rows Removed by Index Recheck": 0,
                          "Heap Fetches": 53789
                        }
                      ]
                    },
                    {
                      "Node Type": "Index Scan",
                      "Parent Relationship": "Inner",
                      "Parallel Aware": false,
                      "Scan Direction": "Forward",
                      "Index Name": "movie_id_cast_info",
                      "Relation Name": "cast_info",
                      "Alias": "ci",
                      "Startup Cost": 0.56,
                      "Total Cost": 1.6,
                      "Plan Rows": 31,
                      "Plan Width": 4,
                      "Actual Startup Time": 0.005,
                      "Actual Total Time": 0.051,
                      "Actual Rows": 60,
                      "Actual Loops": 53789,
                      "Index Cond": "(movie_id = mk.movie_id)",
                      "Rows Removed by Index Recheck": 0,
                      "Filter": "(person_id < 3302488)",
                      "Rows Removed by Filter": 18
                    }
                  ]
                }
              ]
            }
          ]
        }
      ]
    },
    "Planning Time": 1.253,
    "Triggers": [],
    "Execution Time": 868.342
  }
]