[
    {
        "Bao": {
            "Bao prediction": "NaN",
            "Bao recommended hint": "(no hint)"
        }
    },
    {
        "Plan": {
            "Node Type": "Aggregate",
            "Strategy": "Plain",
            "Partial Mode": "Finalize",
            "Parallel Aware": false,
            "Startup Cost": 76222.56,
            "Total Cost": 76222.57,
            "Plan Rows": 1,
            "Plan Width": 8,
            "Actual Startup Time": 239.971,
            "Actual Total Time": 247.137,
            "Actual Rows": 1,
            "Actual Loops": 1,
            "Output": [
                "count(*)"
            ],
            "Plans": [
                {
                    "Node Type": "Gather",
                    "Parent Relationship": "Outer",
                    "Parallel Aware": false,
                    "Startup Cost": 76222.25,
                    "Total Cost": 76222.56,
                    "Plan Rows": 3,
                    "Plan Width": 8,
                    "Actual Startup Time": 236.096,
                    "Actual Total Time": 247.13,
                    "Actual Rows": 4,
                    "Actual Loops": 1,
                    "Output": [
                        "(PARTIAL count(*))"
                    ],
                    "Workers Planned": 3,
                    "Workers Launched": 3,
                    "Single Copy": false,
                    "Plans": [
                        {
                            "Node Type": "Aggregate",
                            "Strategy": "Plain",
                            "Partial Mode": "Partial",
                            "Parent Relationship": "Outer",
                            "Parallel Aware": false,
                            "Startup Cost": 75222.25,
                            "Total Cost": 75222.26,
                            "Plan Rows": 1,
                            "Plan Width": 8,
                            "Actual Startup Time": 226.362,
                            "Actual Total Time": 226.365,
                            "Actual Rows": 1,
                            "Actual Loops": 4,
                            "Output": [
                                "PARTIAL count(*)"
                            ],
                            "Workers": [
                                {
                                    "Worker Number": 0,
                                    "Actual Startup Time": 222.933,
                                    "Actual Total Time": 222.936,
                                    "Actual Rows": 1,
                                    "Actual Loops": 1
                                },
                                {
                                    "Worker Number": 1,
                                    "Actual Startup Time": 223.58,
                                    "Actual Total Time": 223.583,
                                    "Actual Rows": 1,
                                    "Actual Loops": 1
                                },
                                {
                                    "Worker Number": 2,
                                    "Actual Startup Time": 223.602,
                                    "Actual Total Time": 223.606,
                                    "Actual Rows": 1,
                                    "Actual Loops": 1
                                }
                            ],
                            "Plans": [
                                {
                                    "Node Type": "Hash Join",
                                    "Parent Relationship": "Outer",
                                    "Parallel Aware": true,
                                    "Join Type": "Inner",
                                    "Startup Cost": 54446.7,
                                    "Total Cost": 75138.76,
                                    "Plan Rows": 33393,
                                    "Plan Width": 0,
                                    "Actual Startup Time": 178.8,
                                    "Actual Total Time": 222.812,
                                    "Actual Rows": 73029,
                                    "Actual Loops": 4,
                                    "Inner Unique": true,
                                    "Hash Cond": "(mc.movie_id = t.id)",
                                    "Workers": [
                                        {
                                            "Worker Number": 0,
                                            "Actual Startup Time": 175.462,
                                            "Actual Total Time": 219.553,
                                            "Actual Rows": 65518,
                                            "Actual Loops": 1
                                        },
                                        {
                                            "Worker Number": 1,
                                            "Actual Startup Time": 176.129,
                                            "Actual Total Time": 219.954,
                                            "Actual Rows": 72086,
                                            "Actual Loops": 1
                                        },
                                        {
                                            "Worker Number": 2,
                                            "Actual Startup Time": 176.094,
                                            "Actual Total Time": 219.858,
                                            "Actual Rows": 69109,
                                            "Actual Loops": 1
                                        }
                                    ],
                                    "Plans": [
                                        {
                                            "Node Type": "Bitmap Heap Scan",
                                            "Parent Relationship": "Outer",
                                            "Parallel Aware": true,
                                            "Relation Name": "movie_companies",
                                            "Schema": "public",
                                            "Alias": "mc",
                                            "Startup Cost": 8449.72,
                                            "Total Cost": 28811.67,
                                            "Plan Rows": 125756,
                                            "Plan Width": 4,
                                            "Actual Startup Time": 20.552,
                                            "Actual Total Time": 40.568,
                                            "Actual Rows": 99031,
                                            "Actual Loops": 4,
                                            "Output": [
                                                "mc.id",
                                                "mc.movie_id",
                                                "mc.company_id",
                                                "mc.company_type_id",
                                                "mc.note"
                                            ],
                                            "Recheck Cond": "(mc.company_id > 82657)",
                                            "Rows Removed by Index Recheck": 0,
                                            "Exact Heap Blocks": 1946,
                                            "Lossy Heap Blocks": 0,
                                            "Workers": [
                                                {
                                                    "Worker Number": 0,
                                                    "Actual Startup Time": 20.574,
                                                    "Actual Total Time": 40.965,
                                                    "Actual Rows": 87497,
                                                    "Actual Loops": 1
                                                },
                                                {
                                                    "Worker Number": 1,
                                                    "Actual Startup Time": 20.589,
                                                    "Actual Total Time": 41.5,
                                                    "Actual Rows": 96435,
                                                    "Actual Loops": 1
                                                },
                                                {
                                                    "Worker Number": 2,
                                                    "Actual Startup Time": 20.628,
                                                    "Actual Total Time": 41.588,
                                                    "Actual Rows": 91352,
                                                    "Actual Loops": 1
                                                }
                                            ],
                                            "Plans": [
                                                {
                                                    "Node Type": "Bitmap Index Scan",
                                                    "Parent Relationship": "Outer",
                                                    "Parallel Aware": false,
                                                    "Index Name": "company_id_movie_companies",
                                                    "Startup Cost": 0.0,
                                                    "Total Cost": 8352.26,
                                                    "Plan Rows": 389844,
                                                    "Plan Width": 0,
                                                    "Actual Startup Time": 19.6,
                                                    "Actual Total Time": 19.6,
                                                    "Actual Rows": 396123,
                                                    "Actual Loops": 1,
                                                    "Index Cond": "(mc.company_id > 82657)"
                                                }
                                            ]
                                        },
                                        {
                                            "Node Type": "Hash",
                                            "Parent Relationship": "Inner",
                                            "Parallel Aware": true,
                                            "Startup Cost": 43899.01,
                                            "Total Cost": 43899.01,
                                            "Plan Rows": 167838,
                                            "Plan Width": 4,
                                            "Actual Startup Time": 144.039,
                                            "Actual Total Time": 144.04,
                                            "Actual Rows": 165706,
                                            "Actual Loops": 4,
                                            "Output": [
                                                "t.id"
                                            ],
                                            "Hash Buckets": 1048576,
                                            "Original Hash Buckets": 1048576,
                                            "Hash Batches": 1,
                                            "Original Hash Batches": 1,
                                            "Peak Memory Usage": 34208,
                                            "Workers": [
                                                {
                                                    "Worker Number": 0,
                                                    "Actual Startup Time": 145.293,
                                                    "Actual Total Time": 145.294,
                                                    "Actual Rows": 144956,
                                                    "Actual Loops": 1
                                                },
                                                {
                                                    "Worker Number": 1,
                                                    "Actual Startup Time": 145.92,
                                                    "Actual Total Time": 145.921,
                                                    "Actual Rows": 165371,
                                                    "Actual Loops": 1
                                                },
                                                {
                                                    "Worker Number": 2,
                                                    "Actual Startup Time": 145.986,
                                                    "Actual Total Time": 145.987,
                                                    "Actual Rows": 163731,
                                                    "Actual Loops": 1
                                                }
                                            ],
                                            "Plans": [
                                                {
                                                    "Node Type": "Seq Scan",
                                                    "Parent Relationship": "Outer",
                                                    "Parallel Aware": true,
                                                    "Relation Name": "title",
                                                    "Schema": "public",
                                                    "Alias": "t",
                                                    "Startup Cost": 0.0,
                                                    "Total Cost": 43899.01,
                                                    "Plan Rows": 167838,
                                                    "Plan Width": 4,
                                                    "Actual Startup Time": 43.558,
                                                    "Actual Total Time": 93.563,
                                                    "Actual Rows": 165706,
                                                    "Actual Loops": 4,
                                                    "Output": [
                                                        "t.id"
                                                    ],
                                                    "Filter": "(t.kind_id < 2)",
                                                    "Rows Removed by Filter": 466372,
                                                    "Workers": [
                                                        {
                                                            "Worker Number": 0,
                                                            "Actual Startup Time": 55.509,
                                                            "Actual Total Time": 92.114,
                                                            "Actual Rows": 144956,
                                                            "Actual Loops": 1
                                                        },
                                                        {
                                                            "Worker Number": 1,
                                                            "Actual Startup Time": 55.739,
                                                            "Actual Total Time": 95.3,
                                                            "Actual Rows": 165371,
                                                            "Actual Loops": 1
                                                        },
                                                        {
                                                            "Worker Number": 2,
                                                            "Actual Startup Time": 55.676,
                                                            "Actual Total Time": 95.126,
                                                            "Actual Rows": 163731,
                                                            "Actual Loops": 1
                                                        }
                                                    ]
                                                }
                                            ]
                                        }
                                    ]
                                }
                            ]
                        }
                    ]
                }
            ]
        },
        "Planning Time": 238.24,
        "Triggers": [],
        "Execution Time": 247.258
    }
]