[
  {
    "Plan": {
      "Node Type": "Aggregate",
      "Strategy": "Plain",
      "Partial Mode": "Finalize",
      "Parallel Aware": false,
      "Startup Cost": 68941.25,
      "Total Cost": 68941.26,
      "Plan Rows": 1,
      "Plan Width": 8,
      "Actual Startup Time": 186.239,
      "Actual Total Time": 200.017,
      "Actual Rows": 1,
      "Actual Loops": 1,
      "Plans": [
        {
          "Node Type": "Gather",
          "Parent Relationship": "Outer",
          "Parallel Aware": false,
          "Startup Cost": 68940.93,
          "Total Cost": 68941.24,
          "Plan Rows": 3,
          "Plan Width": 8,
          "Actual Startup Time": 185.327,
          "Actual Total Time": 199.994,
          "Actual Rows": 4,
          "Actual Loops": 1,
          "Workers Planned": 3,
          "Workers Launched": 3,
          "Single Copy": false,
          "Plans": [
            {
              "Node Type": "Aggregate",
              "Strategy": "Plain",
              "Partial Mode": "Partial",
              "Parent Relationship": "Outer",
              "Parallel Aware": false,
              "Startup Cost": 67940.93,
              "Total Cost": 67940.94,
              "Plan Rows": 1,
              "Plan Width": 8,
              "Actual Startup Time": 175.554,
              "Actual Total Time": 175.559,
              "Actual Rows": 1,
              "Actual Loops": 4,
              "Plans": [
                {
                  "Node Type": "Hash Join",
                  "Parent Relationship": "Outer",
                  "Parallel Aware": true,
                  "Join Type": "Inner",
                  "Startup Cost": 38145.89,
                  "Total Cost": 67935.91,
                  "Plan Rows": 2010,
                  "Plan Width": 0,
                  "Actual Startup Time": 78.535,
                  "Actual Total Time": 175.126,
                  "Actual Rows": 6444,
                  "Actual Loops": 4,
                  "Inner Unique": true,
                  "Hash Cond": "(mc.movie_id = t.id)",
                  "Plans": [
                    {
                      "Node Type": "Seq Scan",
                      "Parent Relationship": "Outer",
                      "Parallel Aware": true,
                      "Relation Name": "movie_companies",
                      "Alias": "mc",
                      "Startup Cost": 0.0,
                      "Total Cost": 29310.68,
                      "Plan Rows": 182604,
                      "Plan Width": 4,
                      "Actual Startup Time": 0.023,
                      "Actual Total Time": 76.068,
                      "Actual Rows": 140420,
                      "Actual Loops": 4,
                      "Filter": "(company_id < 596)",
                      "Rows Removed by Filter": 511863
                    },
                    {
                      "Node Type": "Hash",
                      "Parent Relationship": "Inner",
                      "Parallel Aware": true,
                      "Startup Cost": 38058.91,
                      "Total Cost": 38058.91,
                      "Plan Rows": 6958,
                      "Plan Width": 4,
                      "Actual Startup Time": 77.177,
                      "Actual Total Time": 77.179,
                      "Actual Rows": 6731,
                      "Actual Loops": 4,
                      "Hash Buckets": 32768,
                      "Original Hash Buckets": 32768,
                      "Hash Batches": 1,
                      "Original Hash Batches": 1,
                      "Peak Memory Usage": 1344,
                      "Plans": [
                        {
                          "Node Type": "Bitmap Heap Scan",
                          "Parent Relationship": "Outer",
                          "Parallel Aware": true,
                          "Relation Name": "title",
                          "Alias": "t",
                          "Startup Cost": 1704.41,
                          "Total Cost": 38058.91,
                          "Plan Rows": 6958,
                          "Plan Width": 4,
                          "Actual Startup Time": 19.624,
                          "Actual Total Time": 73.491,
                          "Actual Rows": 6731,
                          "Actual Loops": 4,
                          "Recheck Cond": "(kind_id = 2)",
                          "Rows Removed by Index Recheck": 0,
                          "Filter": "(production_year < 1993)",
                          "Rows Removed by Filter": 15982,
                          "Exact Heap Blocks": 13806,
                          "Lossy Heap Blocks": 0,
                          "Plans": [
                            {
                              "Node Type": "Bitmap Index Scan",
                              "Parent Relationship": "Outer",
                              "Parallel Aware": false,
                              "Index Name": "kind_id_title",
                              "Startup Cost": 0.0,
                              "Total Cost": 1697.45,
                              "Plan Rows": 95069,
                              "Plan Width": 0,
                              "Actual Startup Time": 18.78,
                              "Actual Total Time": 18.781,
                              "Actual Rows": 90852,
                              "Actual Loops": 1,
                              "Index Cond": "(kind_id = 2)"
                            }
                          ]
                        }
                      ]
                    }
                  ]
                }
              ]
            }
          ]
        }
      ]
    },
    "Planning Time": 0.709,
    "Triggers": [],
    "Execution Time": 200.121
  }
]