[
  {
    "Plan": {
      "Node Type": "Aggregate",
      "Strategy": "Plain",
      "Partial Mode": "Finalize",
      "Parallel Aware": false,
      "Startup Cost": 43712.87,
      "Total Cost": 43712.88,
      "Plan Rows": 1,
      "Plan Width": 8,
      "Actual Startup Time": 91.849,
      "Actual Total Time": 97.951,
      "Actual Rows": 1,
      "Actual Loops": 1,
      "Plans": [
        {
          "Node Type": "Gather",
          "Parent Relationship": "Outer",
          "Parallel Aware": false,
          "Startup Cost": 43712.66,
          "Total Cost": 43712.87,
          "Plan Rows": 2,
          "Plan Width": 8,
          "Actual Startup Time": 91.628,
          "Actual Total Time": 97.942,
          "Actual Rows": 3,
          "Actual Loops": 1,
          "Workers Planned": 2,
          "Workers Launched": 2,
          "Single Copy": false,
          "Plans": [
            {
              "Node Type": "Aggregate",
              "Strategy": "Plain",
              "Partial Mode": "Partial",
              "Parent Relationship": "Outer",
              "Parallel Aware": false,
              "Startup Cost": 42712.66,
              "Total Cost": 42712.67,
              "Plan Rows": 1,
              "Plan Width": 8,
              "Actual Startup Time": 83.001,
              "Actual Total Time": 83.005,
              "Actual Rows": 1,
              "Actual Loops": 3,
              "Plans": [
                {
                  "Node Type": "Nested Loop",
                  "Parent Relationship": "Outer",
                  "Parallel Aware": false,
                  "Join Type": "Inner",
                  "Startup Cost": 20090.01,
                  "Total Cost": 42711.48,
                  "Plan Rows": 472,
                  "Plan Width": 0,
                  "Actual Startup Time": 69.928,
                  "Actual Total Time": 82.996,
                  "Actual Rows": 20,
                  "Actual Loops": 3,
                  "Inner Unique": true,
                  "Join Filter": "(mc.movie_id = t.id)",
                  "Rows Removed by Join Filter": 0,
                  "Plans": [
                    {
                      "Node Type": "Hash Join",
                      "Parent Relationship": "Outer",
                      "Parallel Aware": true,
                      "Join Type": "Inner",
                      "Startup Cost": 20089.58,
                      "Total Cost": 36183.87,
                      "Plan Rows": 7582,
                      "Plan Width": 8,
                      "Actual Startup Time": 67.011,
                      "Actual Total Time": 72.634,
                      "Actual Rows": 2890,
                      "Actual Loops": 3,
                      "Inner Unique": false,
                      "Hash Cond": "(mi_idx.movie_id = mc.movie_id)",
                      "Plans": [
                        {
                          "Node Type": "Seq Scan",
                          "Parent Relationship": "Outer",
                          "Parallel Aware": true,
                          "Relation Name": "movie_info_idx",
                          "Alias": "mi_idx",
                          "Startup Cost": 0.0,
                          "Total Cost": 15122.68,
                          "Plan Rows": 189429,
                          "Plan Width": 4,
                          "Actual Startup Time": 0.045,
                          "Actual Total Time": 44.781,
                          "Actual Rows": 153308,
                          "Actual Loops": 3,
                          "Filter": "(info_type_id < 100)",
                          "Rows Removed by Filter": 306703
                        },
                        {
                          "Node Type": "Hash",
                          "Parent Relationship": "Inner",
                          "Parallel Aware": true,
                          "Startup Cost": 20011.19,
                          "Total Cost": 20011.19,
                          "Plan Rows": 6271,
                          "Plan Width": 4,
                          "Actual Startup Time": 9.909,
                          "Actual Total Time": 9.91,
                          "Actual Rows": 5968,
                          "Actual Loops": 3,
                          "Hash Buckets": 32768,
                          "Original Hash Buckets": 32768,
                          "Hash Batches": 1,
                          "Original Hash Batches": 1,
                          "Peak Memory Usage": 992,
                          "Plans": [
                            {
                              "Node Type": "Bitmap Heap Scan",
                              "Parent Relationship": "Outer",
                              "Parallel Aware": true,
                              "Relation Name": "movie_companies",
                              "Alias": "mc",
                              "Startup Cost": 423.08,
                              "Total Cost": 20011.19,
                              "Plan Rows": 6271,
                              "Plan Width": 4,
                              "Actual Startup Time": 0.972,
                              "Actual Total Time": 6.47,
                              "Actual Rows": 5968,
                              "Actual Loops": 3,
                              "Recheck Cond": "(company_id > 218186)",
                              "Rows Removed by Index Recheck": 0,
                              "Exact Heap Blocks": 569,
                              "Lossy Heap Blocks": 0,
                              "Plans": [
                                {
                                  "Node Type": "Bitmap Index Scan",
                                  "Parent Relationship": "Outer",
                                  "Parallel Aware": false,
                                  "Index Name": "company_id_movie_companies",
                                  "Startup Cost": 0.0,
                                  "Total Cost": 418.22,
                                  "Plan Rows": 19439,
                                  "Plan Width": 0,
                                  "Actual Startup Time": 2.338,
                                  "Actual Total Time": 2.339,
                                  "Actual Rows": 17904,
                                  "Actual Loops": 1,
                                  "Index Cond": "(company_id > 218186)"
                                }
                              ]
                            }
                          ]
                        }
                      ]
                    },
                    {
                      "Node Type": "Index Scan",
                      "Parent Relationship": "Inner",
                      "Parallel Aware": false,
                      "Scan Direction": "Forward",
                      "Index Name": "title_pkey",
                      "Relation Name": "title",
                      "Alias": "t",
                      "Startup Cost": 0.43,
                      "Total Cost": 0.85,
                      "Plan Rows": 1,
                      "Plan Width": 4,
                      "Actual Startup Time": 0.003,
                      "Actual Total Time": 0.003,
                      "Actual Rows": 0,
                      "Actual Loops": 8669,
                      "Index Cond": "(id = mi_idx.movie_id)",
                      "Rows Removed by Index Recheck": 0,
                      "Filter": "((kind_id > 4) AND (production_year > 2001))",
                      "Rows Removed by Filter": 1
                    }
                  ]
                }
              ]
            }
          ]
        }
      ]
    },
    "Planning Time": 1.455,
    "Triggers": [],
    "Execution Time": 98.081
  }
]