[
  {
    "Plan": {
      "Node Type": "Aggregate",
      "Strategy": "Plain",
      "Partial Mode": "Finalize",
      "Parallel Aware": false,
      "Startup Cost": 630636.14,
      "Total Cost": 630636.15,
      "Plan Rows": 1,
      "Plan Width": 8,
      "Actual Startup Time": 8804.506,
      "Actual Total Time": 8887.145,
      "Actual Rows": 1,
      "Actual Loops": 1,
      "Plans": [
        {
          "Node Type": "Gather",
          "Parent Relationship": "Outer",
          "Parallel Aware": false,
          "Startup Cost": 630635.51,
          "Total Cost": 630636.12,
          "Plan Rows": 6,
          "Plan Width": 8,
          "Actual Startup Time": 8737.465,
          "Actual Total Time": 8887.126,
          "Actual Rows": 7,
          "Actual Loops": 1,
          "Workers Planned": 6,
          "Workers Launched": 6,
          "Single Copy": false,
          "Plans": [
            {
              "Node Type": "Aggregate",
              "Strategy": "Plain",
              "Partial Mode": "Partial",
              "Parent Relationship": "Outer",
              "Parallel Aware": false,
              "Startup Cost": 629635.51,
              "Total Cost": 629635.52,
              "Plan Rows": 1,
              "Plan Width": 8,
              "Actual Startup Time": 8710.266,
              "Actual Total Time": 8710.273,
              "Actual Rows": 1,
              "Actual Loops": 7,
              "Plans": [
                {
                  "Node Type": "Hash Join",
                  "Parent Relationship": "Outer",
                  "Parallel Aware": true,
                  "Join Type": "Inner",
                  "Startup Cost": 254414.49,
                  "Total Cost": 613933.7,
                  "Plan Rows": 6280724,
                  "Plan Width": 0,
                  "Actual Startup Time": 1415.787,
                  "Actual Total Time": 7403.698,
                  "Actual Rows": 33215006,
                  "Actual Loops": 7,
                  "Inner Unique": false,
                  "Hash Cond": "(ci.movie_id = t.id)",
                  "Plans": [
                    {
                      "Node Type": "Seq Scan",
                      "Parent Relationship": "Outer",
                      "Parallel Aware": true,
                      "Relation Name": "cast_info",
                      "Alias": "ci",
                      "Startup Cost": 0.0,
                      "Total Cost": 328162.03,
                      "Plan Rows": 5012197,
                      "Plan Width": 4,
                      "Actual Startup Time": 60.32,
                      "Actual Total Time": 587.904,
                      "Actual Rows": 4272131,
                      "Actual Loops": 7,
                      "Filter": "(person_id > 612189)",
                      "Rows Removed by Filter": 905633
                    },
                    {
                      "Node Type": "Hash",
                      "Parent Relationship": "Inner",
                      "Parallel Aware": true,
                      "Startup Cost": 246494.05,
                      "Total Cost": 246494.05,
                      "Plan Rows": 633635,
                      "Plan Width": 8,
                      "Actual Startup Time": 1348.727,
                      "Actual Total Time": 1348.732,
                      "Actual Rows": 1037807,
                      "Actual Loops": 7,
                      "Hash Buckets": 8388608,
                      "Original Hash Buckets": 4194304,
                      "Hash Batches": 1,
                      "Original Hash Batches": 1,
                      "Peak Memory Usage": 382624,
                      "Plans": [
                        {
                          "Node Type": "Hash Join",
                          "Parent Relationship": "Outer",
                          "Parallel Aware": true,
                          "Join Type": "Inner",
                          "Startup Cost": 47172.29,
                          "Total Cost": 246494.05,
                          "Plan Rows": 633635,
                          "Plan Width": 8,
                          "Actual Startup Time": 126.509,
                          "Actual Total Time": 878.042,
                          "Actual Rows": 1037807,
                          "Actual Loops": 7,
                          "Inner Unique": true,
                          "Hash Cond": "(mi.movie_id = t.id)",
                          "Plans": [
                            {
                              "Node Type": "Seq Scan",
                              "Parent Relationship": "Outer",
                              "Parallel Aware": true,
                              "Relation Name": "movie_info",
                              "Alias": "mi",
                              "Startup Cost": 0.0,
                              "Total Cost": 191560.33,
                              "Plan Rows": 2956733,
                              "Plan Width": 4,
                              "Actual Startup Time": 0.027,
                              "Actual Total Time": 272.946,
                              "Actual Rows": 2119389,
                              "Actual Loops": 7
                            },
                            {
                              "Node Type": "Hash",
                              "Parent Relationship": "Inner",
                              "Parallel Aware": true,
                              "Startup Cost": 45479.1,
                              "Total Cost": 45479.1,
                              "Plan Rows": 135455,
                              "Plan Width": 4,
                              "Actual Startup Time": 114.696,
                              "Actual Total Time": 114.697,
                              "Actual Rows": 79617,
                              "Actual Loops": 7,
                              "Hash Buckets": 1048576,
                              "Original Hash Buckets": 1048576,
                              "Hash Batches": 1,
                              "Original Hash Batches": 1,
                              "Peak Memory Usage": 30144,
                              "Plans": [
                                {
                                  "Node Type": "Seq Scan",
                                  "Parent Relationship": "Outer",
                                  "Parallel Aware": true,
                                  "Relation Name": "title",
                                  "Alias": "t",
                                  "Startup Cost": 0.0,
                                  "Total Cost": 45479.1,
                                  "Plan Rows": 135455,
                                  "Plan Width": 4,
                                  "Actual Startup Time": 49.085,
                                  "Actual Total Time": 79.011,
                                  "Actual Rows": 79617,
                                  "Actual Loops": 7,
                                  "Filter": "((production_year < 2011) AND (kind_id = 1))",
                                  "Rows Removed by Filter": 281570
                                }
                              ]
                            }
                          ]
                        }
                      ]
                    }
                  ]
                }
              ]
            }
          ]
        }
      ]
    },
    "Planning Time": 1.338,
    "Triggers": [],
    "Execution Time": 8887.249
  }
]