{
  "Plan": {
    "Node Type": "Aggregate",
    "Strategy": "Plain",
    "Partial Mode": "Finalize",
    "Parallel Aware": false,
    "Startup Cost": 461325.14,
    "Total Cost": 461325.15,
    "Plan Rows": 1,
    "Plan Width": 8,
    "Actual Startup Time": 1851.096,
    "Actual Total Time": 1881.326,
    "Actual Rows": 1,
    "Actual Loops": 1,
    "Plans": [
      {
        "Node Type": "Gather",
        "Parent Relationship": "Outer",
        "Parallel Aware": false,
        "Startup Cost": 461325.02,
        "Total Cost": 461325.13,
        "Plan Rows": 1,
        "Plan Width": 8,
        "Actual Startup Time": 1850.982,
        "Actual Total Time": 1881.317,
        "Actual Rows": 2,
        "Actual Loops": 1,
        "Workers Planned": 1,
        "Workers Launched": 1,
        "Single Copy": false,
        "Plans": [
          {
            "Node Type": "Aggregate",
            "Strategy": "Plain",
            "Partial Mode": "Partial",
            "Parent Relationship": "Outer",
            "Parallel Aware": false,
            "Startup Cost": 460325.02,
            "Total Cost": 460325.03,
            "Plan Rows": 1,
            "Plan Width": 8,
            "Actual Startup Time": 1844.711,
            "Actual Total Time": 1844.715,
            "Actual Rows": 1,
            "Actual Loops": 2,
            "Plans": [
              {
                "Node Type": "Hash Join",
                "Parent Relationship": "Outer",
                "Parallel Aware": true,
                "Join Type": "Inner",
                "Startup Cost": 58369.18,
                "Total Cost": 460263.68,
                "Plan Rows": 24536,
                "Plan Width": 0,
                "Actual Startup Time": 169.134,
                "Actual Total Time": 1843.181,
                "Actual Rows": 20680,
                "Actual Loops": 2,
                "Inner Unique": true,
                "Hash Cond": "(ci.movie_id = t.id)",
                "Plans": [
                  {
                    "Node Type": "Index Scan",
                    "Parent Relationship": "Outer",
                    "Parallel Aware": true,
                    "Scan Direction": "Forward",
                    "Index Name": "role_id_cast_info",
                    "Relation Name": "cast_info",
                    "Alias": "ci",
                    "Startup Cost": 0.56,
                    "Total Cost": 382631.05,
                    "Plan Rows": 7338659,
                    "Plan Width": 4,
                    "Actual Startup Time": 0.058,
                    "Actual Total Time": 1039.125,
                    "Actual Rows": 6335344,
                    "Actual Loops": 2,
                    "Index Cond": "(role_id = 1)",
                    "Rows Removed by Index Recheck": 0
                  },
                  {
                    "Node Type": "Hash",
                    "Parent Relationship": "Inner",
                    "Parallel Aware": true,
                    "Startup Cost": 58306.47,
                    "Total Cost": 58306.47,
                    "Plan Rows": 4972,
                    "Plan Width": 4,
                    "Actual Startup Time": 168.212,
                    "Actual Total Time": 168.212,
                    "Actual Rows": 3912,
                    "Actual Loops": 2,
                    "Hash Buckets": 16384,
                    "Original Hash Buckets": 16384,
                    "Hash Batches": 1,
                    "Original Hash Batches": 1,
                    "Peak Memory Usage": 480,
                    "Plans": [
                      {
                        "Node Type": "Seq Scan",
                        "Parent Relationship": "Outer",
                        "Parallel Aware": true,
                        "Relation Name": "title",
                        "Alias": "t",
                        "Startup Cost": 0.0,
                        "Total Cost": 58306.47,
                        "Plan Rows": 4972,
                        "Plan Width": 4,
                        "Actual Startup Time": 0.216,
                        "Actual Total Time": 166.132,
                        "Actual Rows": 3912,
                        "Actual Loops": 2,
                        "Filter": "((kind_id = 7) AND (production_year = 1965))",
                        "Rows Removed by Filter": 1260244
                      }
                    ]
                  }
                ]
              }
            ]
          }
        ]
      }
    ]
  },
  "Planning Time": 0.441,
  "Triggers": [],
  "Execution Time": 1881.404
}