[
  {
    "Plan": {
      "Node Type": "Aggregate",
      "Strategy": "Plain",
      "Partial Mode": "Finalize",
      "Parallel Aware": false,
      "Startup Cost": 25744.53,
      "Total Cost": 25744.54,
      "Plan Rows": 1,
      "Plan Width": 8,
      "Actual Startup Time": 36.924,
      "Actual Total Time": 40.785,
      "Actual Rows": 1,
      "Actual Loops": 1,
      "Plans": [
        {
          "Node Type": "Gather",
          "Parent Relationship": "Outer",
          "Parallel Aware": false,
          "Startup Cost": 25744.22,
          "Total Cost": 25744.53,
          "Plan Rows": 3,
          "Plan Width": 8,
          "Actual Startup Time": 36.786,
          "Actual Total Time": 40.78,
          "Actual Rows": 4,
          "Actual Loops": 1,
          "Workers Planned": 3,
          "Workers Launched": 3,
          "Single Copy": false,
          "Plans": [
            {
              "Node Type": "Aggregate",
              "Strategy": "Plain",
              "Partial Mode": "Partial",
              "Parent Relationship": "Outer",
              "Parallel Aware": false,
              "Startup Cost": 24744.22,
              "Total Cost": 24744.23,
              "Plan Rows": 1,
              "Plan Width": 8,
              "Actual Startup Time": 31.414,
              "Actual Total Time": 31.415,
              "Actual Rows": 1,
              "Actual Loops": 4,
              "Plans": [
                {
                  "Node Type": "Bitmap Heap Scan",
                  "Parent Relationship": "Outer",
                  "Parallel Aware": true,
                  "Relation Name": "movie_companies",
                  "Alias": "mc",
                  "Startup Cost": 4787.41,
                  "Total Cost": 24652.63,
                  "Plan Rows": 36634,
                  "Plan Width": 0,
                  "Actual Startup Time": 5.975,
                  "Actual Total Time": 28.426,
                  "Actual Rows": 54980,
                  "Actual Loops": 4,
                  "Recheck Cond": "(company_id > 108011)",
                  "Rows Removed by Index Recheck": 0,
                  "Filter": "(company_type_id = 2)",
                  "Rows Removed by Filter": 0,
                  "Exact Heap Blocks": 2069,
                  "Lossy Heap Blocks": 0,
                  "Plans": [
                    {
                      "Node Type": "Bitmap Index Scan",
                      "Parent Relationship": "Outer",
                      "Parallel Aware": false,
                      "Index Name": "company_id_movie_companies",
                      "Startup Cost": 0.0,
                      "Total Cost": 4759.02,
                      "Plan Rows": 222212,
                      "Plan Width": 0,
                      "Actual Startup Time": 10.357,
                      "Actual Total Time": 10.357,
                      "Actual Rows": 219921,
                      "Actual Loops": 1,
                      "Index Cond": "(company_id > 108011)"
                    }
                  ]
                }
              ]
            }
          ]
        }
      ]
    },
    "Planning Time": 0.099,
    "Triggers": [],
    "Execution Time": 40.822
  }
]