[
  {
    "Plan": {
      "Node Type": "Aggregate",
      "Strategy": "Plain",
      "Partial Mode": "Simple",
      "Parallel Aware": false,
      "Startup Cost": 21854.24,
      "Total Cost": 21854.25,
      "Plan Rows": 1,
      "Plan Width": 8,
      "Actual Startup Time": 42.194,
      "Actual Total Time": 42.195,
      "Actual Rows": 1,
      "Actual Loops": 1,
      "Plans": [
        {
          "Node Type": "Bitmap Heap Scan",
          "Parent Relationship": "Outer",
          "Parallel Aware": false,
          "Relation Name": "movie_companies",
          "Alias": "mc",
          "Startup Cost": 1811.62,
          "Total Cost": 21645.47,
          "Plan Rows": 83508,
          "Plan Width": 0,
          "Actual Startup Time": 12.882,
          "Actual Total Time": 35.438,
          "Actual Rows": 80082,
          "Actual Loops": 1,
          "Recheck Cond": "(company_id > 170019)",
          "Rows Removed by Index Recheck": 0,
          "Exact Heap Blocks": 2730,
          "Lossy Heap Blocks": 0,
          "Plans": [
            {
              "Node Type": "Bitmap Index Scan",
              "Parent Relationship": "Outer",
              "Parallel Aware": false,
              "Index Name": "company_id_movie_companies",
              "Startup Cost": 0.0,
              "Total Cost": 1790.74,
              "Plan Rows": 83508,
              "Plan Width": 0,
              "Actual Startup Time": 11.756,
              "Actual Total Time": 11.756,
              "Actual Rows": 80082,
              "Actual Loops": 1,
              "Index Cond": "(company_id > 170019)"
            }
          ]
        }
      ]
    },
    "Planning Time": 0.235,
    "Triggers": [],
    "Execution Time": 42.282
  }
]