[
  {
    "Plan": {
      "Node Type": "Aggregate",
      "Strategy": "Plain",
      "Partial Mode": "Finalize",
      "Parallel Aware": false,
      "Startup Cost": 72811.09,
      "Total Cost": 72811.1,
      "Plan Rows": 1,
      "Plan Width": 8,
      "Actual Startup Time": 274.84,
      "Actual Total Time": 290.82,
      "Actual Rows": 1,
      "Actual Loops": 1,
      "Plans": [
        {
          "Node Type": "Gather",
          "Parent Relationship": "Outer",
          "Parallel Aware": false,
          "Startup Cost": 72810.78,
          "Total Cost": 72811.09,
          "Plan Rows": 3,
          "Plan Width": 8,
          "Actual Startup Time": 268.06,
          "Actual Total Time": 290.811,
          "Actual Rows": 4,
          "Actual Loops": 1,
          "Workers Planned": 3,
          "Workers Launched": 3,
          "Single Copy": false,
          "Plans": [
            {
              "Node Type": "Aggregate",
              "Strategy": "Plain",
              "Partial Mode": "Partial",
              "Parent Relationship": "Outer",
              "Parallel Aware": false,
              "Startup Cost": 71810.78,
              "Total Cost": 71810.79,
              "Plan Rows": 1,
              "Plan Width": 8,
              "Actual Startup Time": 258.661,
              "Actual Total Time": 258.664,
              "Actual Rows": 1,
              "Actual Loops": 4,
              "Plans": [
                {
                  "Node Type": "Hash Join",
                  "Parent Relationship": "Outer",
                  "Parallel Aware": true,
                  "Join Type": "Inner",
                  "Startup Cost": 52136.77,
                  "Total Cost": 71759.26,
                  "Plan Rows": 20608,
                  "Plan Width": 0,
                  "Actual Startup Time": 215.196,
                  "Actual Total Time": 258.028,
                  "Actual Rows": 9606,
                  "Actual Loops": 4,
                  "Inner Unique": true,
                  "Hash Cond": "(mc.movie_id = t.id)",
                  "Plans": [
                    {
                      "Node Type": "Bitmap Heap Scan",
                      "Parent Relationship": "Outer",
                      "Parallel Aware": true,
                      "Relation Name": "movie_companies",
                      "Alias": "mc",
                      "Startup Cost": 3698.77,
                      "Total Cost": 23176.78,
                      "Plan Rows": 55040,
                      "Plan Width": 4,
                      "Actual Startup Time": 8.768,
                      "Actual Total Time": 32.667,
                      "Actual Rows": 41927,
                      "Actual Loops": 4,
                      "Recheck Cond": "(company_id < 34)",
                      "Rows Removed by Index Recheck": 0,
                      "Exact Heap Blocks": 5589,
                      "Lossy Heap Blocks": 0,
                      "Plans": [
                        {
                          "Node Type": "Bitmap Index Scan",
                          "Parent Relationship": "Outer",
                          "Parallel Aware": false,
                          "Index Name": "company_id_movie_companies",
                          "Startup Cost": 0.0,
                          "Total Cost": 3656.12,
                          "Plan Rows": 170625,
                          "Plan Width": 0,
                          "Actual Startup Time": 6.943,
                          "Actual Total Time": 6.943,
                          "Actual Rows": 167708,
                          "Actual Loops": 1,
                          "Index Cond": "(company_id < 34)"
                        }
                      ]
                    },
                    {
                      "Node Type": "Hash",
                      "Parent Relationship": "Inner",
                      "Parallel Aware": true,
                      "Startup Cost": 45479.59,
                      "Total Cost": 45479.59,
                      "Plan Rows": 236673,
                      "Plan Width": 4,
                      "Actual Startup Time": 201.319,
                      "Actual Total Time": 201.32,
                      "Actual Rows": 237168,
                      "Actual Loops": 4,
                      "Hash Buckets": 1048576,
                      "Original Hash Buckets": 1048576,
                      "Hash Batches": 1,
                      "Original Hash Batches": 1,
                      "Peak Memory Usage": 45344,
                      "Plans": [
                        {
                          "Node Type": "Seq Scan",
                          "Parent Relationship": "Outer",
                          "Parallel Aware": true,
                          "Relation Name": "title",
                          "Alias": "t",
                          "Startup Cost": 0.0,
                          "Total Cost": 45479.59,
                          "Plan Rows": 236673,
                          "Plan Width": 4,
                          "Actual Startup Time": 0.064,
                          "Actual Total Time": 112.503,
                          "Actual Rows": 237168,
                          "Actual Loops": 4,
                          "Filter": "((kind_id < 7) AND (production_year > 1910))",
                          "Rows Removed by Filter": 394910
                        }
                      ]
                    }
                  ]
                }
              ]
            }
          ]
        }
      ]
    },
    "Planning Time": 0.776,
    "Triggers": [],
    "Execution Time": 290.91
  }
]