{
  "Plan": {
    "Node Type": "Aggregate",
    "Strategy": "Plain",
    "Partial Mode": "Finalize",
    "Parallel Aware": false,
    "Startup Cost": 662904.72,
    "Total Cost": 662904.73,
    "Plan Rows": 1,
    "Plan Width": 8,
    "Actual Startup Time": 3733.237,
    "Actual Total Time": 3802.923,
    "Actual Rows": 1,
    "Actual Loops": 1,
    "Plans": [
      {
        "Node Type": "Gather",
        "Parent Relationship": "Outer",
        "Parallel Aware": false,
        "Startup Cost": 662904.61,
        "Total Cost": 662904.72,
        "Plan Rows": 1,
        "Plan Width": 8,
        "Actual Startup Time": 3732.175,
        "Actual Total Time": 3802.916,
        "Actual Rows": 2,
        "Actual Loops": 1,
        "Workers Planned": 1,
        "Workers Launched": 1,
        "Single Copy": false,
        "Plans": [
          {
            "Node Type": "Aggregate",
            "Strategy": "Plain",
            "Partial Mode": "Partial",
            "Parent Relationship": "Outer",
            "Parallel Aware": false,
            "Startup Cost": 661904.61,
            "Total Cost": 661904.62,
            "Plan Rows": 1,
            "Plan Width": 8,
            "Actual Startup Time": 3726.218,
            "Actual Total Time": 3726.223,
            "Actual Rows": 1,
            "Actual Loops": 2,
            "Plans": [
              {
                "Node Type": "Hash Join",
                "Parent Relationship": "Outer",
                "Parallel Aware": true,
                "Join Type": "Inner",
                "Startup Cost": 583082.98,
                "Total Cost": 661318.88,
                "Plan Rows": 234292,
                "Plan Width": 0,
                "Actual Startup Time": 3374.066,
                "Actual Total Time": 3708.122,
                "Actual Rows": 430014,
                "Actual Loops": 2,
                "Inner Unique": false,
                "Hash Cond": "(mk.movie_id = t.id)",
                "Plans": [
                  {
                    "Node Type": "Seq Scan",
                    "Parent Relationship": "Outer",
                    "Parallel Aware": true,
                    "Relation Name": "movie_keyword",
                    "Alias": "mk",
                    "Startup Cost": 0.0,
                    "Total Cost": 57718.19,
                    "Plan Rows": 1531161,
                    "Plan Width": 4,
                    "Actual Startup Time": 0.262,
                    "Actual Total Time": 184.412,
                    "Actual Rows": 1298514,
                    "Actual Loops": 2,
                    "Filter": "(keyword_id > 3311)",
                    "Rows Removed by Filter": 963451
                  },
                  {
                    "Node Type": "Hash",
                    "Parent Relationship": "Inner",
                    "Parallel Aware": true,
                    "Startup Cost": 580238.35,
                    "Total Cost": 580238.35,
                    "Plan Rows": 227571,
                    "Plan Width": 8,
                    "Actual Startup Time": 3367.792,
                    "Actual Total Time": 3367.796,
                    "Actual Rows": 236788,
                    "Actual Loops": 2,
                    "Hash Buckets": 524288,
                    "Original Hash Buckets": 524288,
                    "Hash Batches": 1,
                    "Original Hash Batches": 1,
                    "Peak Memory Usage": 22656,
                    "Plans": [
                      {
                        "Node Type": "Hash Join",
                        "Parent Relationship": "Outer",
                        "Parallel Aware": true,
                        "Join Type": "Inner",
                        "Startup Cost": 58504.99,
                        "Total Cost": 580238.35,
                        "Plan Rows": 227571,
                        "Plan Width": 8,
                        "Actual Startup Time": 135.037,
                        "Actual Total Time": 3295.558,
                        "Actual Rows": 236788,
                        "Actual Loops": 2,
                        "Inner Unique": true,
                        "Hash Cond": "(ci.movie_id = t.id)",
                        "Plans": [
                          {
                            "Node Type": "Seq Scan",
                            "Parent Relationship": "Outer",
                            "Parallel Aware": true,
                            "Relation Name": "cast_info",
                            "Alias": "ci",
                            "Startup Cost": 0.0,
                            "Total Cost": 465792.95,
                            "Plan Rows": 21310595,
                            "Plan Width": 4,
                            "Actual Startup Time": 0.013,
                            "Actual Total Time": 1398.999,
                            "Actual Rows": 18122172,
                            "Actual Loops": 2
                          },
                          {
                            "Node Type": "Hash",
                            "Parent Relationship": "Inner",
                            "Parallel Aware": true,
                            "Startup Cost": 58306.47,
                            "Total Cost": 58306.47,
                            "Plan Rows": 15882,
                            "Plan Width": 4,
                            "Actual Startup Time": 134.732,
                            "Actual Total Time": 134.733,
                            "Actual Rows": 13542,
                            "Actual Loops": 2,
                            "Hash Buckets": 32768,
                            "Original Hash Buckets": 32768,
                            "Hash Batches": 1,
                            "Original Hash Batches": 1,
                            "Peak Memory Usage": 1344,
                            "Plans": [
                              {
                                "Node Type": "Seq Scan",
                                "Parent Relationship": "Outer",
                                "Parallel Aware": true,
                                "Relation Name": "title",
                                "Alias": "t",
                                "Startup Cost": 0.0,
                                "Total Cost": 58306.47,
                                "Plan Rows": 15882,
                                "Plan Width": 4,
                                "Actual Startup Time": 0.361,
                                "Actual Total Time": 131.253,
                                "Actual Rows": 13542,
                                "Actual Loops": 2,
                                "Filter": "((kind_id < 7) AND (production_year > 2012))",
                                "Rows Removed by Filter": 1250614
                              }
                            ]
                          }
                        ]
                      }
                    ]
                  }
                ]
              }
            ]
          }
        ]
      }
    ]
  },
  "Planning Time": 0.936,
  "Triggers": [],
  "Execution Time": 3803.071
}