{
  "Plan": {
    "Node Type": "Aggregate",
    "Strategy": "Plain",
    "Partial Mode": "Finalize",
    "Parallel Aware": false,
    "Startup Cost": 421381.93,
    "Total Cost": 421381.94,
    "Plan Rows": 1,
    "Plan Width": 8,
    "Actual Startup Time": 1804.443,
    "Actual Total Time": 1859.827,
    "Actual Rows": 1,
    "Actual Loops": 1,
    "Plans": [
      {
        "Node Type": "Gather",
        "Parent Relationship": "Outer",
        "Parallel Aware": false,
        "Startup Cost": 421381.82,
        "Total Cost": 421381.93,
        "Plan Rows": 1,
        "Plan Width": 8,
        "Actual Startup Time": 1802.28,
        "Actual Total Time": 1859.819,
        "Actual Rows": 2,
        "Actual Loops": 1,
        "Workers Planned": 1,
        "Workers Launched": 1,
        "Single Copy": false,
        "Plans": [
          {
            "Node Type": "Aggregate",
            "Strategy": "Plain",
            "Partial Mode": "Partial",
            "Parent Relationship": "Outer",
            "Parallel Aware": false,
            "Startup Cost": 420381.82,
            "Total Cost": 420381.83,
            "Plan Rows": 1,
            "Plan Width": 8,
            "Actual Startup Time": 1796.418,
            "Actual Total Time": 1796.423,
            "Actual Rows": 1,
            "Actual Loops": 2,
            "Plans": [
              {
                "Node Type": "Hash Join",
                "Parent Relationship": "Outer",
                "Parallel Aware": true,
                "Join Type": "Inner",
                "Startup Cost": 126985.66,
                "Total Cost": 416853.75,
                "Plan Rows": 1411226,
                "Plan Width": 0,
                "Actual Startup Time": 511.094,
                "Actual Total Time": 1780.633,
                "Actual Rows": 375055,
                "Actual Loops": 2,
                "Inner Unique": false,
                "Hash Cond": "(mi.movie_id = t.id)",
                "Plans": [
                  {
                    "Node Type": "Seq Scan",
                    "Parent Relationship": "Outer",
                    "Parallel Aware": true,
                    "Relation Name": "movie_info",
                    "Alias": "mi",
                    "Startup Cost": 0.0,
                    "Total Cost": 248955.74,
                    "Plan Rows": 8696274,
                    "Plan Width": 4,
                    "Actual Startup Time": 0.016,
                    "Actual Total Time": 609.914,
                    "Actual Rows": 7417860,
                    "Actual Loops": 2
                  },
                  {
                    "Node Type": "Hash",
                    "Parent Relationship": "Inner",
                    "Parallel Aware": true,
                    "Startup Cost": 123968.82,
                    "Total Cost": 123968.82,
                    "Plan Rows": 241347,
                    "Plan Width": 8,
                    "Actual Startup Time": 504.826,
                    "Actual Total Time": 504.83,
                    "Actual Rows": 38740,
                    "Actual Loops": 2,
                    "Hash Buckets": 524288,
                    "Original Hash Buckets": 524288,
                    "Hash Batches": 1,
                    "Original Hash Batches": 1,
                    "Peak Memory Usage": 7168,
                    "Plans": [
                      {
                        "Node Type": "Hash Join",
                        "Parent Relationship": "Outer",
                        "Parallel Aware": true,
                        "Join Type": "Inner",
                        "Startup Cost": 64278.49,
                        "Total Cost": 123968.82,
                        "Plan Rows": 241347,
                        "Plan Width": 8,
                        "Actual Startup Time": 253.973,
                        "Actual Total Time": 496.648,
                        "Actual Rows": 38740,
                        "Actual Loops": 2,
                        "Inner Unique": true,
                        "Hash Cond": "(mk.movie_id = t.id)",
                        "Plans": [
                          {
                            "Node Type": "Seq Scan",
                            "Parent Relationship": "Outer",
                            "Parallel Aware": true,
                            "Relation Name": "movie_keyword",
                            "Alias": "mk",
                            "Startup Cost": 0.0,
                            "Total Cost": 57718.19,
                            "Plan Rows": 751291,
                            "Plan Width": 4,
                            "Actual Startup Time": 0.017,
                            "Actual Total Time": 157.187,
                            "Actual Rows": 641596,
                            "Actual Loops": 2,
                            "Filter": "(keyword_id < 1659)",
                            "Rows Removed by Filter": 1620369
                          },
                          {
                            "Node Type": "Hash",
                            "Parent Relationship": "Inner",
                            "Parallel Aware": true,
                            "Startup Cost": 58306.47,
                            "Total Cost": 58306.47,
                            "Plan Rows": 477762,
                            "Plan Width": 4,
                            "Actual Startup Time": 247.885,
                            "Actual Total Time": 247.886,
                            "Actual Rows": 369380,
                            "Actual Loops": 2,
                            "Hash Buckets": 1048576,
                            "Original Hash Buckets": 1048576,
                            "Hash Batches": 1,
                            "Original Hash Batches": 1,
                            "Peak Memory Usage": 37120,
                            "Plans": [
                              {
                                "Node Type": "Seq Scan",
                                "Parent Relationship": "Outer",
                                "Parallel Aware": true,
                                "Relation Name": "title",
                                "Alias": "t",
                                "Startup Cost": 0.0,
                                "Total Cost": 58306.47,
                                "Plan Rows": 477762,
                                "Plan Width": 4,
                                "Actual Startup Time": 0.039,
                                "Actual Total Time": 156.099,
                                "Actual Rows": 369380,
                                "Actual Loops": 2,
                                "Filter": "((production_year < 2005) AND (kind_id = 7))",
                                "Rows Removed by Filter": 894776
                              }
                            ]
                          }
                        ]
                      }
                    ]
                  }
                ]
              }
            ]
          }
        ]
      }
    ]
  },
  "Planning Time": 1.012,
  "Triggers": [],
  "Execution Time": 1859.921
}