[
    {
        "Bao": {
            "Bao prediction": "NaN",
            "Bao recommended hint": "(no hint)"
        }
    },
    {
        "Plan": {
            "Node Type": "Aggregate",
            "Strategy": "Plain",
            "Partial Mode": "Finalize",
            "Parallel Aware": false,
            "Startup Cost": 46017.37,
            "Total Cost": 46017.38,
            "Plan Rows": 1,
            "Plan Width": 8,
            "Actual Startup Time": 112.533,
            "Actual Total Time": 119.019,
            "Actual Rows": 1,
            "Actual Loops": 1,
            "Output": [
                "count(*)"
            ],
            "Plans": [
                {
                    "Node Type": "Gather",
                    "Parent Relationship": "Outer",
                    "Parallel Aware": false,
                    "Startup Cost": 46016.95,
                    "Total Cost": 46017.36,
                    "Plan Rows": 4,
                    "Plan Width": 8,
                    "Actual Startup Time": 112.378,
                    "Actual Total Time": 119.012,
                    "Actual Rows": 5,
                    "Actual Loops": 1,
                    "Output": [
                        "(PARTIAL count(*))"
                    ],
                    "Workers Planned": 4,
                    "Workers Launched": 4,
                    "Single Copy": false,
                    "Plans": [
                        {
                            "Node Type": "Aggregate",
                            "Strategy": "Plain",
                            "Partial Mode": "Partial",
                            "Parent Relationship": "Outer",
                            "Parallel Aware": false,
                            "Startup Cost": 45016.95,
                            "Total Cost": 45016.96,
                            "Plan Rows": 1,
                            "Plan Width": 8,
                            "Actual Startup Time": 103.462,
                            "Actual Total Time": 103.463,
                            "Actual Rows": 1,
                            "Actual Loops": 5,
                            "Output": [
                                "PARTIAL count(*)"
                            ],
                            "Workers": [
                                {
                                    "Worker Number": 0,
                                    "Actual Startup Time": 100.688,
                                    "Actual Total Time": 100.689,
                                    "Actual Rows": 1,
                                    "Actual Loops": 1
                                },
                                {
                                    "Worker Number": 1,
                                    "Actual Startup Time": 101.296,
                                    "Actual Total Time": 101.298,
                                    "Actual Rows": 1,
                                    "Actual Loops": 1
                                },
                                {
                                    "Worker Number": 2,
                                    "Actual Startup Time": 101.493,
                                    "Actual Total Time": 101.494,
                                    "Actual Rows": 1,
                                    "Actual Loops": 1
                                },
                                {
                                    "Worker Number": 3,
                                    "Actual Startup Time": 101.799,
                                    "Actual Total Time": 101.8,
                                    "Actual Rows": 1,
                                    "Actual Loops": 1
                                }
                            ],
                            "Plans": [
                                {
                                    "Node Type": "Seq Scan",
                                    "Parent Relationship": "Outer",
                                    "Parallel Aware": true,
                                    "Relation Name": "title",
                                    "Schema": "public",
                                    "Alias": "t",
                                    "Startup Cost": 0.0,
                                    "Total Cost": 43899.01,
                                    "Plan Rows": 447178,
                                    "Plan Width": 0,
                                    "Actual Startup Time": 0.037,
                                    "Actual Total Time": 85.411,
                                    "Actual Rows": 358677,
                                    "Actual Loops": 5,
                                    "Output": [
                                        "id",
                                        "title",
                                        "imdb_index",
                                        "kind_id",
                                        "production_year",
                                        "imdb_id",
                                        "phonetic_code",
                                        "episode_of_id",
                                        "season_nr",
                                        "episode_nr",
                                        "series_years",
                                        "md5sum"
                                    ],
                                    "Filter": "(t.production_year > 1988)",
                                    "Rows Removed by Filter": 146986,
                                    "Workers": [
                                        {
                                            "Worker Number": 0,
                                            "Actual Startup Time": 0.039,
                                            "Actual Total Time": 84.598,
                                            "Actual Rows": 294967,
                                            "Actual Loops": 1
                                        },
                                        {
                                            "Worker Number": 1,
                                            "Actual Startup Time": 0.044,
                                            "Actual Total Time": 84.691,
                                            "Actual Rows": 310790,
                                            "Actual Loops": 1
                                        },
                                        {
                                            "Worker Number": 2,
                                            "Actual Startup Time": 0.044,
                                            "Actual Total Time": 85.14,
                                            "Actual Rows": 303639,
                                            "Actual Loops": 1
                                        },
                                        {
                                            "Worker Number": 3,
                                            "Actual Startup Time": 0.046,
                                            "Actual Total Time": 85.09,
                                            "Actual Rows": 321561,
                                            "Actual Loops": 1
                                        }
                                    ]
                                }
                            ]
                        }
                    ]
                }
            ]
        },
        "Planning Time": 235.213,
        "Triggers": [],
        "Execution Time": 119.071
    }
]