[
  {
    "Plan": {
      "Node Type": "Aggregate",
      "Strategy": "Plain",
      "Partial Mode": "Finalize",
      "Parallel Aware": false,
      "Startup Cost": 46171.86,
      "Total Cost": 46171.87,
      "Plan Rows": 1,
      "Plan Width": 8,
      "Actual Startup Time": 160.102,
      "Actual Total Time": 167.81,
      "Actual Rows": 1,
      "Actual Loops": 1,
      "Plans": [
        {
          "Node Type": "Gather",
          "Parent Relationship": "Outer",
          "Parallel Aware": false,
          "Startup Cost": 46171.54,
          "Total Cost": 46171.85,
          "Plan Rows": 3,
          "Plan Width": 8,
          "Actual Startup Time": 160.02,
          "Actual Total Time": 167.805,
          "Actual Rows": 4,
          "Actual Loops": 1,
          "Workers Planned": 3,
          "Workers Launched": 3,
          "Single Copy": false,
          "Plans": [
            {
              "Node Type": "Aggregate",
              "Strategy": "Plain",
              "Partial Mode": "Partial",
              "Parent Relationship": "Outer",
              "Parallel Aware": false,
              "Startup Cost": 45171.54,
              "Total Cost": 45171.55,
              "Plan Rows": 1,
              "Plan Width": 8,
              "Actual Startup Time": 154.218,
              "Actual Total Time": 154.219,
              "Actual Rows": 1,
              "Actual Loops": 4,
              "Plans": [
                {
                  "Node Type": "Seq Scan",
                  "Parent Relationship": "Outer",
                  "Parallel Aware": true,
                  "Relation Name": "movie_keyword",
                  "Alias": "mk",
                  "Startup Cost": 0.0,
                  "Total Cost": 42695.65,
                  "Plan Rows": 990356,
                  "Plan Width": 0,
                  "Actual Startup Time": 0.037,
                  "Actual Total Time": 116.581,
                  "Actual Rows": 772415,
                  "Actual Loops": 4,
                  "Filter": "(keyword_id < 11656)",
                  "Rows Removed by Filter": 358568
                }
              ]
            }
          ]
        }
      ]
    },
    "Planning Time": 0.05,
    "Triggers": [],
    "Execution Time": 167.831
  }
]