[
    {
        "Bao": {
            "Bao prediction": "NaN",
            "Bao recommended hint": "(no hint)"
        }
    },
    {
        "Plan": {
            "Node Type": "Aggregate",
            "Strategy": "Plain",
            "Partial Mode": "Simple",
            "Parallel Aware": false,
            "Startup Cost": 20072.63,
            "Total Cost": 20072.64,
            "Plan Rows": 1,
            "Plan Width": 8,
            "Actual Startup Time": 11.807,
            "Actual Total Time": 11.808,
            "Actual Rows": 1,
            "Actual Loops": 1,
            "Output": [
                "count(*)"
            ],
            "Plans": [
                {
                    "Node Type": "Bitmap Heap Scan",
                    "Parent Relationship": "Outer",
                    "Parallel Aware": false,
                    "Relation Name": "movie_companies",
                    "Schema": "public",
                    "Alias": "mc",
                    "Startup Cost": 401.13,
                    "Total Cost": 20049.12,
                    "Plan Rows": 9405,
                    "Plan Width": 0,
                    "Actual Startup Time": 1.823,
                    "Actual Total Time": 9.942,
                    "Actual Rows": 20260,
                    "Actual Loops": 1,
                    "Recheck Cond": "(mc.company_id > 216119)",
                    "Rows Removed by Index Recheck": 0,
                    "Filter": "(mc.company_type_id > 1)",
                    "Rows Removed by Filter": 0,
                    "Exact Heap Blocks": 878,
                    "Lossy Heap Blocks": 0,
                    "Plans": [
                        {
                            "Node Type": "Bitmap Index Scan",
                            "Parent Relationship": "Outer",
                            "Parallel Aware": false,
                            "Index Name": "company_id_movie_companies",
                            "Startup Cost": 0.0,
                            "Total Cost": 398.78,
                            "Plan Rows": 18447,
                            "Plan Width": 0,
                            "Actual Startup Time": 1.635,
                            "Actual Total Time": 1.635,
                            "Actual Rows": 20260,
                            "Actual Loops": 1,
                            "Index Cond": "(mc.company_id > 216119)"
                        }
                    ]
                }
            ]
        },
        "Planning Time": 205.419,
        "Triggers": [],
        "Execution Time": 11.868
    }
]