[
  {
    "Plan": {
      "Node Type": "Aggregate",
      "Strategy": "Plain",
      "Partial Mode": "Finalize",
      "Parallel Aware": false,
      "Startup Cost": 30946.87,
      "Total Cost": 30946.88,
      "Plan Rows": 1,
      "Plan Width": 8,
      "Actual Startup Time": 82.274,
      "Actual Total Time": 90.167,
      "Actual Rows": 1,
      "Actual Loops": 1,
      "Plans": [
        {
          "Node Type": "Gather",
          "Parent Relationship": "Outer",
          "Parallel Aware": false,
          "Startup Cost": 30946.55,
          "Total Cost": 30946.86,
          "Plan Rows": 3,
          "Plan Width": 8,
          "Actual Startup Time": 82.169,
          "Actual Total Time": 90.159,
          "Actual Rows": 4,
          "Actual Loops": 1,
          "Workers Planned": 3,
          "Workers Launched": 3,
          "Single Copy": false,
          "Plans": [
            {
              "Node Type": "Aggregate",
              "Strategy": "Plain",
              "Partial Mode": "Partial",
              "Parent Relationship": "Outer",
              "Parallel Aware": false,
              "Startup Cost": 29946.55,
              "Total Cost": 29946.56,
              "Plan Rows": 1,
              "Plan Width": 8,
              "Actual Startup Time": 78.47,
              "Actual Total Time": 78.472,
              "Actual Rows": 1,
              "Actual Loops": 4,
              "Plans": [
                {
                  "Node Type": "Seq Scan",
                  "Parent Relationship": "Outer",
                  "Parallel Aware": true,
                  "Relation Name": "movie_companies",
                  "Alias": "mc",
                  "Startup Cost": 0.0,
                  "Total Cost": 29310.68,
                  "Plan Rows": 254348,
                  "Plan Width": 0,
                  "Actual Startup Time": 17.033,
                  "Actual Total Time": 69.331,
                  "Actual Rows": 194761,
                  "Actual Loops": 4,
                  "Filter": "(company_id > 32785)",
                  "Rows Removed by Filter": 457521
                }
              ]
            }
          ]
        }
      ]
    },
    "Planning Time": 0.11,
    "Triggers": [],
    "Execution Time": 90.203
  }
]