[
  {
    "Plan": {
      "Node Type": "Aggregate",
      "Strategy": "Plain",
      "Partial Mode": "Finalize",
      "Parallel Aware": false,
      "Startup Cost": 30927.43,
      "Total Cost": 30927.44,
      "Plan Rows": 1,
      "Plan Width": 8,
      "Actual Startup Time": 89.007,
      "Actual Total Time": 96.646,
      "Actual Rows": 1,
      "Actual Loops": 1,
      "Plans": [
        {
          "Node Type": "Gather",
          "Parent Relationship": "Outer",
          "Parallel Aware": false,
          "Startup Cost": 30927.11,
          "Total Cost": 30927.42,
          "Plan Rows": 3,
          "Plan Width": 8,
          "Actual Startup Time": 88.918,
          "Actual Total Time": 96.639,
          "Actual Rows": 4,
          "Actual Loops": 1,
          "Workers Planned": 3,
          "Workers Launched": 3,
          "Single Copy": false,
          "Plans": [
            {
              "Node Type": "Aggregate",
              "Strategy": "Plain",
              "Partial Mode": "Partial",
              "Parent Relationship": "Outer",
              "Parallel Aware": false,
              "Startup Cost": 29927.11,
              "Total Cost": 29927.12,
              "Plan Rows": 1,
              "Plan Width": 8,
              "Actual Startup Time": 82.848,
              "Actual Total Time": 82.849,
              "Actual Rows": 1,
              "Actual Loops": 4,
              "Plans": [
                {
                  "Node Type": "Seq Scan",
                  "Parent Relationship": "Outer",
                  "Parallel Aware": true,
                  "Relation Name": "movie_companies",
                  "Alias": "mc",
                  "Startup Cost": 0.0,
                  "Total Cost": 29310.68,
                  "Plan Rows": 246571,
                  "Plan Width": 0,
                  "Actual Startup Time": 25.131,
                  "Actual Total Time": 74.784,
                  "Actual Rows": 194761,
                  "Actual Loops": 4,
                  "Filter": "(company_id > 32785)",
                  "Rows Removed by Filter": 457521
                }
              ]
            }
          ]
        }
      ]
    },
    "Planning Time": 0.186,
    "Triggers": [],
    "Execution Time": 96.697
  }
]