[
  {
    "Plan": {
      "Node Type": "Aggregate",
      "Strategy": "Plain",
      "Partial Mode": "Simple",
      "Parallel Aware": false,
      "Startup Cost": 7464.28,
      "Total Cost": 7464.29,
      "Plan Rows": 1,
      "Plan Width": 96,
      "Actual Startup Time": 239.881,
      "Actual Total Time": 239.893,
      "Actual Rows": 1,
      "Actual Loops": 1,
      "Plans": [
        {
          "Node Type": "Nested Loop",
          "Parent Relationship": "Outer",
          "Parallel Aware": false,
          "Join Type": "Inner",
          "Startup Cost": 13.88,
          "Total Cost": 7464.27,
          "Plan Rows": 1,
          "Plan Width": 39,
          "Actual Startup Time": 239.876,
          "Actual Total Time": 239.888,
          "Actual Rows": 0,
          "Actual Loops": 1,
          "Inner Unique": true,
          "Plans": [
            {
              "Node Type": "Nested Loop",
              "Parent Relationship": "Outer",
              "Parallel Aware": false,
              "Join Type": "Inner",
              "Startup Cost": 13.75,
              "Total Cost": 7464.1,
              "Plan Rows": 1,
              "Plan Width": 43,
              "Actual Startup Time": 239.876,
              "Actual Total Time": 239.886,
              "Actual Rows": 0,
              "Actual Loops": 1,
              "Inner Unique": true,
              "Plans": [
                {
                  "Node Type": "Nested Loop",
                  "Parent Relationship": "Outer",
                  "Parallel Aware": false,
                  "Join Type": "Inner",
                  "Startup Cost": 13.32,
                  "Total Cost": 7463.64,
                  "Plan Rows": 1,
                  "Plan Width": 47,
                  "Actual Startup Time": 239.875,
                  "Actual Total Time": 239.885,
                  "Actual Rows": 0,
                  "Actual Loops": 1,
                  "Inner Unique": true,
                  "Plans": [
                    {
                      "Node Type": "Nested Loop",
                      "Parent Relationship": "Outer",
                      "Parallel Aware": false,
                      "Join Type": "Inner",
                      "Startup Cost": 13.19,
                      "Total Cost": 7463.47,
                      "Plan Rows": 1,
                      "Plan Width": 51,
                      "Actual Startup Time": 239.875,
                      "Actual Total Time": 239.884,
                      "Actual Rows": 0,
                      "Actual Loops": 1,
                      "Inner Unique": true,
                      "Plans": [
                        {
                          "Node Type": "Nested Loop",
                          "Parent Relationship": "Outer",
                          "Parallel Aware": false,
                          "Join Type": "Inner",
                          "Startup Cost": 13.06,
                          "Total Cost": 7463.3,
                          "Plan Rows": 1,
                          "Plan Width": 55,
                          "Actual Startup Time": 239.874,
                          "Actual Total Time": 239.883,
                          "Actual Rows": 0,
                          "Actual Loops": 1,
                          "Inner Unique": true,
                          "Plans": [
                            {
                              "Node Type": "Nested Loop",
                              "Parent Relationship": "Outer",
                              "Parallel Aware": false,
                              "Join Type": "Inner",
                              "Startup Cost": 12.63,
                              "Total Cost": 7462.84,
                              "Plan Rows": 1,
                              "Plan Width": 43,
                              "Actual Startup Time": 239.874,
                              "Actual Total Time": 239.882,
                              "Actual Rows": 0,
                              "Actual Loops": 1,
                              "Inner Unique": false,
                              "Join Filter": "(t.id = cc.movie_id)",
                              "Rows Removed by Join Filter": 0,
                              "Plans": [
                                {
                                  "Node Type": "Nested Loop",
                                  "Parent Relationship": "Outer",
                                  "Parallel Aware": false,
                                  "Join Type": "Inner",
                                  "Startup Cost": 12.21,
                                  "Total Cost": 7462.36,
                                  "Plan Rows": 1,
                                  "Plan Width": 51,
                                  "Actual Startup Time": 239.873,
                                  "Actual Total Time": 239.881,
                                  "Actual Rows": 0,
                                  "Actual Loops": 1,
                                  "Inner Unique": false,
                                  "Join Filter": "(t.id = ci.movie_id)",
                                  "Rows Removed by Join Filter": 0,
                                  "Plans": [
                                    {
                                      "Node Type": "Nested Loop",
                                      "Parent Relationship": "Outer",
                                      "Parallel Aware": false,
                                      "Join Type": "Inner",
                                      "Startup Cost": 11.65,
                                      "Total Cost": 7460.35,
                                      "Plan Rows": 1,
                                      "Plan Width": 39,
                                      "Actual Startup Time": 239.873,
                                      "Actual Total Time": 239.879,
                                      "Actual Rows": 0,
                                      "Actual Loops": 1,
                                      "Inner Unique": true,
                                      "Join Filter": "(mi_idx.info_type_id = it2.id)",
                                      "Rows Removed by Join Filter": 0,
                                      "Plans": [
                                        {
                                          "Node Type": "Nested Loop",
                                          "Parent Relationship": "Outer",
                                          "Parallel Aware": false,
                                          "Join Type": "Inner",
                                          "Startup Cost": 11.65,
                                          "Total Cost": 7457.93,
                                          "Plan Rows": 1,
                                          "Plan Width": 43,
                                          "Actual Startup Time": 239.872,
                                          "Actual Total Time": 239.878,
                                          "Actual Rows": 0,
                                          "Actual Loops": 1,
                                          "Inner Unique": false,
                                          "Join Filter": "(t.id = mi_idx.movie_id)",
                                          "Rows Removed by Join Filter": 0,
                                          "Plans": [
                                            {
                                              "Node Type": "Nested Loop",
                                              "Parent Relationship": "Outer",
                                              "Parallel Aware": false,
                                              "Join Type": "Inner",
                                              "Startup Cost": 11.22,
                                              "Total Cost": 7457.41,
                                              "Plan Rows": 1,
                                              "Plan Width": 29,
                                              "Actual Startup Time": 30.719,
                                              "Actual Total Time": 239.439,
                                              "Actual Rows": 8,
                                              "Actual Loops": 1,
                                              "Inner Unique": true,
                                              "Plans": [
                                                {
                                                  "Node Type": "Nested Loop",
                                                  "Parent Relationship": "Outer",
                                                  "Parallel Aware": false,
                                                  "Join Type": "Inner",
                                                  "Startup Cost": 10.79,
                                                  "Total Cost": 7391.29,
                                                  "Plan Rows": 135,
                                                  "Plan Width": 4,
                                                  "Actual Startup Time": 0.867,
                                                  "Actual Total Time": 95.686,
                                                  "Actual Rows": 9984,
                                                  "Actual Loops": 1,
                                                  "Inner Unique": false,
                                                  "Plans": [
                                                    {
                                                      "Node Type": "Seq Scan",
                                                      "Parent Relationship": "Outer",
                                                      "Parallel Aware": false,
                                                      "Relation Name": "keyword",
                                                      "Alias": "k",
                                                      "Startup Cost": 0.0,
                                                      "Total Cost": 2961.55,
                                                      "Plan Rows": 4,
                                                      "Plan Width": 4,
                                                      "Actual Startup Time": 0.128,
                                                      "Actual Total Time": 28.202,
                                                      "Actual Rows": 4,
                                                      "Actual Loops": 1,
                                                      "Filter": "(keyword = ANY ('{superhero,marvel-comics,based-on-comic,fight}'::text[]))",
                                                      "Rows Removed by Filter": 134166
                                                    },
                                                    {
                                                      "Node Type": "Bitmap Heap Scan",
                                                      "Parent Relationship": "Inner",
                                                      "Parallel Aware": false,
                                                      "Relation Name": "movie_keyword",
                                                      "Alias": "mk",
                                                      "Startup Cost": 10.79,
                                                      "Total Cost": 1104.4,
                                                      "Plan Rows": 304,
                                                      "Plan Width": 8,
                                                      "Actual Startup Time": 0.858,
                                                      "Actual Total Time": 16.02,
                                                      "Actual Rows": 2496,
                                                      "Actual Loops": 4,
                                                      "Recheck Cond": "(keyword_id = k.id)",
                                                      "Rows Removed by Index Recheck": 0,
                                                      "Exact Heap Blocks": 7686,
                                                      "Lossy Heap Blocks": 0,
                                                      "Plans": [
                                                        {
                                                          "Node Type": "Bitmap Index Scan",
                                                          "Parent Relationship": "Outer",
                                                          "Parallel Aware": false,
                                                          "Index Name": "keyword_id_movie_keyword",
                                                          "Startup Cost": 0.0,
                                                          "Total Cost": 10.71,
                                                          "Plan Rows": 304,
                                                          "Plan Width": 0,
                                                          "Actual Startup Time": 0.54,
                                                          "Actual Total Time": 0.54,
                                                          "Actual Rows": 2496,
                                                          "Actual Loops": 4,
                                                          "Index Cond": "(keyword_id = k.id)"
                                                        }
                                                      ]
                                                    }
                                                  ]
                                                },
                                                {
                                                  "Node Type": "Index Scan",
                                                  "Parent Relationship": "Inner",
                                                  "Parallel Aware": false,
                                                  "Scan Direction": "Forward",
                                                  "Index Name": "title_pkey",
                                                  "Relation Name": "title",
                                                  "Alias": "t",
                                                  "Startup Cost": 0.43,
                                                  "Total Cost": 0.49,
                                                  "Plan Rows": 1,
                                                  "Plan Width": 25,
                                                  "Actual Startup Time": 0.013,
                                                  "Actual Total Time": 0.013,
                                                  "Actual Rows": 0,
                                                  "Actual Loops": 9984,
                                                  "Index Cond": "(id = mk.movie_id)",
                                                  "Rows Removed by Index Recheck": 0,
                                                  "Filter": "(production_year < 1910)",
                                                  "Rows Removed by Filter": 1
                                                }
                                              ]
                                            },
                                            {
                                              "Node Type": "Index Scan",
                                              "Parent Relationship": "Inner",
                                              "Parallel Aware": false,
                                              "Scan Direction": "Forward",
                                              "Index Name": "movie_id_movie_info_idx",
                                              "Relation Name": "movie_info_idx",
                                              "Alias": "mi_idx",
                                              "Startup Cost": 0.43,
                                              "Total Cost": 0.5,
                                              "Plan Rows": 1,
                                              "Plan Width": 14,
                                              "Actual Startup Time": 0.053,
                                              "Actual Total Time": 0.053,
                                              "Actual Rows": 0,
                                              "Actual Loops": 8,
                                              "Index Cond": "(movie_id = mk.movie_id)",
                                              "Rows Removed by Index Recheck": 0,
                                              "Filter": "(info > '8.0'::text)",
                                              "Rows Removed by Filter": 2
                                            }
                                          ]
                                        },
                                        {
                                          "Node Type": "Seq Scan",
                                          "Parent Relationship": "Inner",
                                          "Parallel Aware": false,
                                          "Relation Name": "info_type",
                                          "Alias": "it2",
                                          "Startup Cost": 0.0,
                                          "Total Cost": 2.41,
                                          "Plan Rows": 1,
                                          "Plan Width": 4,
                                          "Actual Startup Time": 0.0,
                                          "Actual Total Time": 0.0,
                                          "Actual Rows": 0,
                                          "Actual Loops": 0,
                                          "Filter": "((info)::text = 'rating'::text)",
                                          "Rows Removed by Filter": 0
                                        }
                                      ]
                                    },
                                    {
                                      "Node Type": "Index Scan",
                                      "Parent Relationship": "Inner",
                                      "Parallel Aware": false,
                                      "Scan Direction": "Forward",
                                      "Index Name": "movie_id_cast_info",
                                      "Relation Name": "cast_info",
                                      "Alias": "ci",
                                      "Startup Cost": 0.56,
                                      "Total Cost": 1.55,
                                      "Plan Rows": 37,
                                      "Plan Width": 12,
                                      "Actual Startup Time": 0.0,
                                      "Actual Total Time": 0.0,
                                      "Actual Rows": 0,
                                      "Actual Loops": 0,
                                      "Index Cond": "(movie_id = mk.movie_id)",
                                      "Rows Removed by Index Recheck": 0
                                    }
                                  ]
                                },
                                {
                                  "Node Type": "Index Scan",
                                  "Parent Relationship": "Inner",
                                  "Parallel Aware": false,
                                  "Scan Direction": "Forward",
                                  "Index Name": "movie_id_complete_cast",
                                  "Relation Name": "complete_cast",
                                  "Alias": "cc",
                                  "Startup Cost": 0.42,
                                  "Total Cost": 0.46,
                                  "Plan Rows": 2,
                                  "Plan Width": 12,
                                  "Actual Startup Time": 0.0,
                                  "Actual Total Time": 0.0,
                                  "Actual Rows": 0,
                                  "Actual Loops": 0,
                                  "Index Cond": "(movie_id = ci.movie_id)",
                                  "Rows Removed by Index Recheck": 0
                                }
                              ]
                            },
                            {
                              "Node Type": "Index Scan",
                              "Parent Relationship": "Inner",
                              "Parallel Aware": false,
                              "Scan Direction": "Forward",
                              "Index Name": "char_name_pkey",
                              "Relation Name": "char_name",
                              "Alias": "chn",
                              "Startup Cost": 0.43,
                              "Total Cost": 0.46,
                              "Plan Rows": 1,
                              "Plan Width": 20,
                              "Actual Startup Time": 0.0,
                              "Actual Total Time": 0.0,
                              "Actual Rows": 0,
                              "Actual Loops": 0,
                              "Index Cond": "(id = ci.person_role_id)",
                              "Rows Removed by Index Recheck": 0,
                              "Filter": "((name IS NOT NULL) AND ((name ~~ '%man%'::text) OR (name ~~ '%Man%'::text)))",
                              "Rows Removed by Filter": 0
                            }
                          ]
                        },
                        {
                          "Node Type": "Index Scan",
                          "Parent Relationship": "Inner",
                          "Parallel Aware": false,
                          "Scan Direction": "Forward",
                          "Index Name": "comp_cast_type_pkey",
                          "Relation Name": "comp_cast_type",
                          "Alias": "cct1",
                          "Startup Cost": 0.13,
                          "Total Cost": 0.15,
                          "Plan Rows": 1,
                          "Plan Width": 4,
                          "Actual Startup Time": 0.0,
                          "Actual Total Time": 0.0,
                          "Actual Rows": 0,
                          "Actual Loops": 0,
                          "Index Cond": "(id = cc.subject_id)",
                          "Rows Removed by Index Recheck": 0,
                          "Filter": "((kind)::text = 'cast'::text)",
                          "Rows Removed by Filter": 0
                        }
                      ]
                    },
                    {
                      "Node Type": "Index Scan",
                      "Parent Relationship": "Inner",
                      "Parallel Aware": false,
                      "Scan Direction": "Forward",
                      "Index Name": "comp_cast_type_pkey",
                      "Relation Name": "comp_cast_type",
                      "Alias": "cct2",
                      "Startup Cost": 0.13,
                      "Total Cost": 0.15,
                      "Plan Rows": 1,
                      "Plan Width": 4,
                      "Actual Startup Time": 0.0,
                      "Actual Total Time": 0.0,
                      "Actual Rows": 0,
                      "Actual Loops": 0,
                      "Index Cond": "(id = cc.status_id)",
                      "Rows Removed by Index Recheck": 0,
                      "Filter": "((kind)::text ~~ '%complete%'::text)",
                      "Rows Removed by Filter": 0
                    }
                  ]
                },
                {
                  "Node Type": "Index Only Scan",
                  "Parent Relationship": "Inner",
                  "Parallel Aware": false,
                  "Scan Direction": "Forward",
                  "Index Name": "name_pkey",
                  "Relation Name": "name",
                  "Alias": "n",
                  "Startup Cost": 0.43,
                  "Total Cost": 0.46,
                  "Plan Rows": 1,
                  "Plan Width": 4,
                  "Actual Startup Time": 0.0,
                  "Actual Total Time": 0.0,
                  "Actual Rows": 0,
                  "Actual Loops": 0,
                  "Index Cond": "(id = ci.person_id)",
                  "Rows Removed by Index Recheck": 0,
                  "Heap Fetches": 0
                }
              ]
            },
            {
              "Node Type": "Index Scan",
              "Parent Relationship": "Inner",
              "Parallel Aware": false,
              "Scan Direction": "Forward",
              "Index Name": "kind_type_pkey",
              "Relation Name": "kind_type",
              "Alias": "kt",
              "Startup Cost": 0.13,
              "Total Cost": 0.15,
              "Plan Rows": 1,
              "Plan Width": 4,
              "Actual Startup Time": 0.0,
              "Actual Total Time": 0.0,
              "Actual Rows": 0,
              "Actual Loops": 0,
              "Index Cond": "(id = t.kind_id)",
              "Rows Removed by Index Recheck": 0,
              "Filter": "((kind)::text = 'movie'::text)",
              "Rows Removed by Filter": 0
            }
          ]
        }
      ]
    },
    "Planning Time": 101.945,
    "Triggers": [],
    "Execution Time": 240.423
  }
]