[
    {
        "Bao": {
            "Bao prediction": "NaN",
            "Bao recommended hint": "(no hint)"
        }
    },
    {
        "Plan": {
            "Node Type": "Aggregate",
            "Strategy": "Plain",
            "Partial Mode": "Finalize",
            "Parallel Aware": false,
            "Startup Cost": 119632.81,
            "Total Cost": 119632.82,
            "Plan Rows": 1,
            "Plan Width": 8,
            "Actual Startup Time": 684.18,
            "Actual Total Time": 719.145,
            "Actual Rows": 1,
            "Actual Loops": 1,
            "Output": [
                "count(*)"
            ],
            "Plans": [
                {
                    "Node Type": "Gather",
                    "Parent Relationship": "Outer",
                    "Parallel Aware": false,
                    "Startup Cost": 119632.5,
                    "Total Cost": 119632.81,
                    "Plan Rows": 3,
                    "Plan Width": 8,
                    "Actual Startup Time": 671.831,
                    "Actual Total Time": 719.126,
                    "Actual Rows": 4,
                    "Actual Loops": 1,
                    "Output": [
                        "(PARTIAL count(*))"
                    ],
                    "Workers Planned": 3,
                    "Workers Launched": 3,
                    "Single Copy": false,
                    "Plans": [
                        {
                            "Node Type": "Aggregate",
                            "Strategy": "Plain",
                            "Partial Mode": "Partial",
                            "Parent Relationship": "Outer",
                            "Parallel Aware": false,
                            "Startup Cost": 118632.5,
                            "Total Cost": 118632.51,
                            "Plan Rows": 1,
                            "Plan Width": 8,
                            "Actual Startup Time": 663.413,
                            "Actual Total Time": 664.207,
                            "Actual Rows": 1,
                            "Actual Loops": 4,
                            "Output": [
                                "PARTIAL count(*)"
                            ],
                            "Workers": [
                                {
                                    "Worker Number": 0,
                                    "Actual Startup Time": 660.076,
                                    "Actual Total Time": 660.081,
                                    "Actual Rows": 1,
                                    "Actual Loops": 1
                                },
                                {
                                    "Worker Number": 1,
                                    "Actual Startup Time": 661.399,
                                    "Actual Total Time": 661.403,
                                    "Actual Rows": 1,
                                    "Actual Loops": 1
                                },
                                {
                                    "Worker Number": 2,
                                    "Actual Startup Time": 660.894,
                                    "Actual Total Time": 660.899,
                                    "Actual Rows": 1,
                                    "Actual Loops": 1
                                }
                            ],
                            "Plans": [
                                {
                                    "Node Type": "Hash Join",
                                    "Parent Relationship": "Outer",
                                    "Parallel Aware": true,
                                    "Join Type": "Inner",
                                    "Startup Cost": 70175.7,
                                    "Total Cost": 117733.48,
                                    "Plan Rows": 359605,
                                    "Plan Width": 0,
                                    "Actual Startup Time": 440.016,
                                    "Actual Total Time": 644.568,
                                    "Actual Rows": 447242,
                                    "Actual Loops": 4,
                                    "Inner Unique": false,
                                    "Hash Cond": "(mk.movie_id = t.id)",
                                    "Workers": [
                                        {
                                            "Worker Number": 0,
                                            "Actual Startup Time": 436.889,
                                            "Actual Total Time": 641.348,
                                            "Actual Rows": 476754,
                                            "Actual Loops": 1
                                        },
                                        {
                                            "Worker Number": 1,
                                            "Actual Startup Time": 437.468,
                                            "Actual Total Time": 642.122,
                                            "Actual Rows": 494037,
                                            "Actual Loops": 1
                                        },
                                        {
                                            "Worker Number": 2,
                                            "Actual Startup Time": 437.661,
                                            "Actual Total Time": 640.706,
                                            "Actual Rows": 317265,
                                            "Actual Loops": 1
                                        }
                                    ],
                                    "Plans": [
                                        {
                                            "Node Type": "Seq Scan",
                                            "Parent Relationship": "Outer",
                                            "Parallel Aware": true,
                                            "Relation Name": "movie_keyword",
                                            "Schema": "public",
                                            "Alias": "mk",
                                            "Startup Cost": 0.0,
                                            "Total Cost": 42695.65,
                                            "Plan Rows": 897007,
                                            "Plan Width": 4,
                                            "Actual Startup Time": 0.19,
                                            "Actual Total Time": 107.89,
                                            "Actual Rows": 697080,
                                            "Actual Loops": 4,
                                            "Output": [
                                                "mk.id",
                                                "mk.movie_id",
                                                "mk.keyword_id"
                                            ],
                                            "Filter": "(mk.keyword_id > 2831)",
                                            "Rows Removed by Filter": 433902,
                                            "Workers": [
                                                {
                                                    "Worker Number": 0,
                                                    "Actual Startup Time": 0.279,
                                                    "Actual Total Time": 109.238,
                                                    "Actual Rows": 742270,
                                                    "Actual Loops": 1
                                                },
                                                {
                                                    "Worker Number": 1,
                                                    "Actual Startup Time": 0.158,
                                                    "Actual Total Time": 108.926,
                                                    "Actual Rows": 756017,
                                                    "Actual Loops": 1
                                                },
                                                {
                                                    "Worker Number": 2,
                                                    "Actual Startup Time": 0.164,
                                                    "Actual Total Time": 110.332,
                                                    "Actual Rows": 480221,
                                                    "Actual Loops": 1
                                                }
                                            ]
                                        },
                                        {
                                            "Node Type": "Hash",
                                            "Parent Relationship": "Inner",
                                            "Parallel Aware": true,
                                            "Startup Cost": 64896.59,
                                            "Total Cost": 64896.59,
                                            "Plan Rows": 422329,
                                            "Plan Width": 8,
                                            "Actual Startup Time": 435.031,
                                            "Actual Total Time": 435.816,
                                            "Actual Rows": 187534,
                                            "Actual Loops": 4,
                                            "Output": [
                                                "t.id",
                                                "mi_idx.movie_id"
                                            ],
                                            "Hash Buckets": 1048576,
                                            "Original Hash Buckets": 1048576,
                                            "Hash Batches": 1,
                                            "Original Hash Batches": 1,
                                            "Peak Memory Usage": 37632,
                                            "Workers": [
                                                {
                                                    "Worker Number": 0,
                                                    "Actual Startup Time": 435.846,
                                                    "Actual Total Time": 435.849,
                                                    "Actual Rows": 195010,
                                                    "Actual Loops": 1
                                                },
                                                {
                                                    "Worker Number": 1,
                                                    "Actual Startup Time": 436.429,
                                                    "Actual Total Time": 436.432,
                                                    "Actual Rows": 203951,
                                                    "Actual Loops": 1
                                                },
                                                {
                                                    "Worker Number": 2,
                                                    "Actual Startup Time": 436.509,
                                                    "Actual Total Time": 436.512,
                                                    "Actual Rows": 140708,
                                                    "Actual Loops": 1
                                                }
                                            ],
                                            "Plans": [
                                                {
                                                    "Node Type": "Hash Join",
                                                    "Parent Relationship": "Outer",
                                                    "Parallel Aware": true,
                                                    "Join Type": "Inner",
                                                    "Startup Cost": 49702.03,
                                                    "Total Cost": 64896.59,
                                                    "Plan Rows": 422329,
                                                    "Plan Width": 8,
                                                    "Actual Startup Time": 272.812,
                                                    "Actual Total Time": 385.616,
                                                    "Actual Rows": 187534,
                                                    "Actual Loops": 4,
                                                    "Output": [
                                                        "t.id",
                                                        "mi_idx.movie_id"
                                                    ],
                                                    "Inner Unique": true,
                                                    "Hash Cond": "(mi_idx.movie_id = t.id)",
                                                    "Workers": [
                                                        {
                                                            "Worker Number": 0,
                                                            "Actual Startup Time": 272.732,
                                                            "Actual Total Time": 383.954,
                                                            "Actual Rows": 195010,
                                                            "Actual Loops": 1
                                                        },
                                                        {
                                                            "Worker Number": 1,
                                                            "Actual Startup Time": 272.744,
                                                            "Actual Total Time": 385.041,
                                                            "Actual Rows": 203951,
                                                            "Actual Loops": 1
                                                        },
                                                        {
                                                            "Worker Number": 2,
                                                            "Actual Startup Time": 272.807,
                                                            "Actual Total Time": 385.719,
                                                            "Actual Rows": 140708,
                                                            "Actual Loops": 1
                                                        }
                                                    ],
                                                    "Plans": [
                                                        {
                                                            "Node Type": "Seq Scan",
                                                            "Parent Relationship": "Outer",
                                                            "Parallel Aware": true,
                                                            "Relation Name": "movie_info_idx",
                                                            "Schema": "public",
                                                            "Alias": "mi_idx",
                                                            "Startup Cost": 0.0,
                                                            "Total Cost": 13685.15,
                                                            "Plan Rows": 575015,
                                                            "Plan Width": 4,
                                                            "Actual Startup Time": 0.027,
                                                            "Actual Total Time": 30.598,
                                                            "Actual Rows": 345009,
                                                            "Actual Loops": 4,
                                                            "Output": [
                                                                "mi_idx.id",
                                                                "mi_idx.movie_id",
                                                                "mi_idx.info_type_id",
                                                                "mi_idx.info",
                                                                "mi_idx.note"
                                                            ],
                                                            "Workers": [
                                                                {
                                                                    "Worker Number": 0,
                                                                    "Actual Startup Time": 0.023,
                                                                    "Actual Total Time": 30.881,
                                                                    "Actual Rows": 357247,
                                                                    "Actual Loops": 1
                                                                },
                                                                {
                                                                    "Worker Number": 1,
                                                                    "Actual Startup Time": 0.021,
                                                                    "Actual Total Time": 31.16,
                                                                    "Actual Rows": 374997,
                                                                    "Actual Loops": 1
                                                                },
                                                                {
                                                                    "Worker Number": 2,
                                                                    "Actual Startup Time": 0.056,
                                                                    "Actual Total Time": 32.993,
                                                                    "Actual Rows": 256972,
                                                                    "Actual Loops": 1
                                                                }
                                                            ]
                                                        },
                                                        {
                                                            "Node Type": "Hash",
                                                            "Parent Relationship": "Inner",
                                                            "Parallel Aware": true,
                                                            "Startup Cost": 43899.01,
                                                            "Total Cost": 43899.01,
                                                            "Plan Rows": 464242,
                                                            "Plan Width": 4,
                                                            "Actual Startup Time": 268.239,
                                                            "Actual Total Time": 268.24,
                                                            "Actual Rows": 466372,
                                                            "Actual Loops": 4,
                                                            "Output": [
                                                                "t.id"
                                                            ],
                                                            "Hash Buckets": 2097152,
                                                            "Original Hash Buckets": 2097152,
                                                            "Hash Batches": 1,
                                                            "Original Hash Batches": 1,
                                                            "Peak Memory Usage": 89408,
                                                            "Workers": [
                                                                {
                                                                    "Worker Number": 0,
                                                                    "Actual Startup Time": 272.585,
                                                                    "Actual Total Time": 272.586,
                                                                    "Actual Rows": 419176,
                                                                    "Actual Loops": 1
                                                                },
                                                                {
                                                                    "Worker Number": 1,
                                                                    "Actual Startup Time": 272.599,
                                                                    "Actual Total Time": 272.6,
                                                                    "Actual Rows": 484171,
                                                                    "Actual Loops": 1
                                                                },
                                                                {
                                                                    "Worker Number": 2,
                                                                    "Actual Startup Time": 272.696,
                                                                    "Actual Total Time": 272.697,
                                                                    "Actual Rows": 349461,
                                                                    "Actual Loops": 1
                                                                }
                                                            ],
                                                            "Plans": [
                                                                {
                                                                    "Node Type": "Seq Scan",
                                                                    "Parent Relationship": "Outer",
                                                                    "Parallel Aware": true,
                                                                    "Relation Name": "title",
                                                                    "Schema": "public",
                                                                    "Alias": "t",
                                                                    "Startup Cost": 0.0,
                                                                    "Total Cost": 43899.01,
                                                                    "Plan Rows": 464242,
                                                                    "Plan Width": 4,
                                                                    "Actual Startup Time": 0.05,
                                                                    "Actual Total Time": 104.146,
                                                                    "Actual Rows": 466372,
                                                                    "Actual Loops": 4,
                                                                    "Output": [
                                                                        "t.id"
                                                                    ],
                                                                    "Filter": "(t.kind_id > 1)",
                                                                    "Rows Removed by Filter": 165706,
                                                                    "Workers": [
                                                                        {
                                                                            "Worker Number": 0,
                                                                            "Actual Startup Time": 0.068,
                                                                            "Actual Total Time": 100.648,
                                                                            "Actual Rows": 419176,
                                                                            "Actual Loops": 1
                                                                        },
                                                                        {
                                                                            "Worker Number": 1,
                                                                            "Actual Startup Time": 0.058,
                                                                            "Actual Total Time": 107.495,
                                                                            "Actual Rows": 484171,
                                                                            "Actual Loops": 1
                                                                        },
                                                                        {
                                                                            "Worker Number": 2,
                                                                            "Actual Startup Time": 0.06,
                                                                            "Actual Total Time": 112.912,
                                                                            "Actual Rows": 349461,
                                                                            "Actual Loops": 1
                                                                        }
                                                                    ]
                                                                }
                                                            ]
                                                        }
                                                    ]
                                                }
                                            ]
                                        }
                                    ]
                                }
                            ]
                        }
                    ]
                }
            ]
        },
        "Planning Time": 189.417,
        "Triggers": [],
        "Execution Time": 719.261
    }
]