[
  {
    "Plan": {
      "Node Type": "Aggregate",
      "Strategy": "Plain",
      "Partial Mode": "Finalize",
      "Parallel Aware": false,
      "Startup Cost": 311872.67,
      "Total Cost": 311872.68,
      "Plan Rows": 1,
      "Plan Width": 8,
      "Actual Startup Time": 199.323,
      "Actual Total Time": 208.513,
      "Actual Rows": 1,
      "Actual Loops": 1,
      "Plans": [
        {
          "Node Type": "Gather",
          "Parent Relationship": "Outer",
          "Parallel Aware": false,
          "Startup Cost": 311872.05,
          "Total Cost": 311872.66,
          "Plan Rows": 6,
          "Plan Width": 8,
          "Actual Startup Time": 198.5,
          "Actual Total Time": 208.506,
          "Actual Rows": 7,
          "Actual Loops": 1,
          "Workers Planned": 6,
          "Workers Launched": 6,
          "Single Copy": false,
          "Plans": [
            {
              "Node Type": "Aggregate",
              "Strategy": "Plain",
              "Partial Mode": "Partial",
              "Parent Relationship": "Outer",
              "Parallel Aware": false,
              "Startup Cost": 310872.05,
              "Total Cost": 310872.06,
              "Plan Rows": 1,
              "Plan Width": 8,
              "Actual Startup Time": 189.586,
              "Actual Total Time": 189.587,
              "Actual Rows": 1,
              "Actual Loops": 7,
              "Plans": [
                {
                  "Node Type": "Bitmap Heap Scan",
                  "Parent Relationship": "Outer",
                  "Parallel Aware": true,
                  "Relation Name": "cast_info",
                  "Alias": "ci",
                  "Startup Cost": 52268.83,
                  "Total Cost": 309886.01,
                  "Plan Rows": 394414,
                  "Plan Width": 0,
                  "Actual Startup Time": 90.422,
                  "Actual Total Time": 173.598,
                  "Actual Rows": 324464,
                  "Actual Loops": 7,
                  "Recheck Cond": "(person_id > 3618050)",
                  "Rows Removed by Index Recheck": 0,
                  "Exact Heap Blocks": 7908,
                  "Lossy Heap Blocks": 0,
                  "Plans": [
                    {
                      "Node Type": "Bitmap Index Scan",
                      "Parent Relationship": "Outer",
                      "Parallel Aware": false,
                      "Index Name": "person_id_cast_info",
                      "Startup Cost": 0.0,
                      "Total Cost": 51677.21,
                      "Plan Rows": 2366486,
                      "Plan Width": 0,
                      "Actual Startup Time": 92.829,
                      "Actual Total Time": 92.829,
                      "Actual Rows": 2271251,
                      "Actual Loops": 1,
                      "Index Cond": "(person_id > 3618050)"
                    }
                  ]
                }
              ]
            }
          ]
        }
      ]
    },
    "Planning Time": 0.191,
    "Triggers": [],
    "Execution Time": 208.587
  }
]