[
  {
    "Plan": {
      "Node Type": "Aggregate",
      "Strategy": "Plain",
      "Partial Mode": "Simple",
      "Parallel Aware": false,
      "Startup Cost": 1059.67,
      "Total Cost": 1059.68,
      "Plan Rows": 1,
      "Plan Width": 8,
      "Actual Startup Time": 0.757,
      "Actual Total Time": 0.758,
      "Actual Rows": 1,
      "Actual Loops": 1,
      "Plans": [
        {
          "Node Type": "Index Only Scan",
          "Parent Relationship": "Outer",
          "Parallel Aware": false,
          "Scan Direction": "Forward",
          "Index Name": "person_id_cast_info",
          "Relation Name": "cast_info",
          "Alias": "ci",
          "Startup Cost": 0.56,
          "Total Cost": 1058.43,
          "Plan Rows": 497,
          "Plan Width": 0,
          "Actual Startup Time": 0.578,
          "Actual Total Time": 0.709,
          "Actual Rows": 232,
          "Actual Loops": 1,
          "Index Cond": "(person_id = 2059012)",
          "Rows Removed by Index Recheck": 0,
          "Heap Fetches": 232
        }
      ]
    },
    "Planning Time": 0.186,
    "Triggers": [],
    "Execution Time": 0.809
  }
]