[
  {
    "Plan": {
      "Node Type": "Aggregate",
      "Strategy": "Plain",
      "Partial Mode": "Finalize",
      "Parallel Aware": false,
      "Startup Cost": 90327.19,
      "Total Cost": 90327.2,
      "Plan Rows": 1,
      "Plan Width": 8,
      "Actual Startup Time": 382.286,
      "Actual Total Time": 400.899,
      "Actual Rows": 1,
      "Actual Loops": 1,
      "Plans": [
        {
          "Node Type": "Gather",
          "Parent Relationship": "Outer",
          "Parallel Aware": false,
          "Startup Cost": 90326.87,
          "Total Cost": 90327.18,
          "Plan Rows": 3,
          "Plan Width": 8,
          "Actual Startup Time": 376.901,
          "Actual Total Time": 400.89,
          "Actual Rows": 4,
          "Actual Loops": 1,
          "Workers Planned": 3,
          "Workers Launched": 3,
          "Single Copy": false,
          "Plans": [
            {
              "Node Type": "Aggregate",
              "Strategy": "Plain",
              "Partial Mode": "Partial",
              "Parent Relationship": "Outer",
              "Parallel Aware": false,
              "Startup Cost": 89326.87,
              "Total Cost": 89326.88,
              "Plan Rows": 1,
              "Plan Width": 8,
              "Actual Startup Time": 357.6,
              "Actual Total Time": 357.604,
              "Actual Rows": 1,
              "Actual Loops": 4,
              "Plans": [
                {
                  "Node Type": "Hash Join",
                  "Parent Relationship": "Outer",
                  "Parallel Aware": true,
                  "Join Type": "Inner",
                  "Startup Cost": 45532.52,
                  "Total Cost": 89146.16,
                  "Plan Rows": 72285,
                  "Plan Width": 0,
                  "Actual Startup Time": 192.497,
                  "Actual Total Time": 353.303,
                  "Actual Rows": 79980,
                  "Actual Loops": 4,
                  "Inner Unique": true,
                  "Hash Cond": "(mk.movie_id = t.id)",
                  "Plans": [
                    {
                      "Node Type": "Seq Scan",
                      "Parent Relationship": "Outer",
                      "Parallel Aware": true,
                      "Relation Name": "movie_keyword",
                      "Alias": "mk",
                      "Startup Cost": 0.0,
                      "Total Cost": 42695.65,
                      "Plan Rows": 349709,
                      "Plan Width": 4,
                      "Actual Startup Time": 0.017,
                      "Actual Total Time": 110.329,
                      "Actual Rows": 272305,
                      "Actual Loops": 4,
                      "Filter": "(keyword_id < 1116)",
                      "Rows Removed by Filter": 858677
                    },
                    {
                      "Node Type": "Hash",
                      "Parent Relationship": "Inner",
                      "Parallel Aware": true,
                      "Startup Cost": 43899.32,
                      "Total Cost": 43899.32,
                      "Plan Rows": 130656,
                      "Plan Width": 4,
                      "Actual Startup Time": 189.746,
                      "Actual Total Time": 189.747,
                      "Actual Rows": 134548,
                      "Actual Loops": 4,
                      "Hash Buckets": 1048576,
                      "Original Hash Buckets": 524288,
                      "Hash Batches": 1,
                      "Original Hash Batches": 1,
                      "Peak Memory Usage": 33408,
                      "Plans": [
                        {
                          "Node Type": "Seq Scan",
                          "Parent Relationship": "Outer",
                          "Parallel Aware": true,
                          "Relation Name": "title",
                          "Alias": "t",
                          "Startup Cost": 0.0,
                          "Total Cost": 43899.32,
                          "Plan Rows": 130656,
                          "Plan Width": 4,
                          "Actual Startup Time": 0.053,
                          "Actual Total Time": 119.761,
                          "Actual Rows": 134548,
                          "Actual Loops": 4,
                          "Filter": "(production_year < 1982)",
                          "Rows Removed by Filter": 497530
                        }
                      ]
                    }
                  ]
                }
              ]
            }
          ]
        }
      ]
    },
    "Planning Time": 0.495,
    "Triggers": [],
    "Execution Time": 400.96
  }
]