[
  {
    "Plan": {
      "Node Type": "Aggregate",
      "Strategy": "Plain",
      "Partial Mode": "Finalize",
      "Parallel Aware": false,
      "Startup Cost": 69021.08,
      "Total Cost": 69021.09,
      "Plan Rows": 1,
      "Plan Width": 8,
      "Actual Startup Time": 61.511,
      "Actual Total Time": 74.319,
      "Actual Rows": 1,
      "Actual Loops": 1,
      "Plans": [
        {
          "Node Type": "Gather",
          "Parent Relationship": "Outer",
          "Parallel Aware": false,
          "Startup Cost": 69020.66,
          "Total Cost": 69021.07,
          "Plan Rows": 4,
          "Plan Width": 8,
          "Actual Startup Time": 61.127,
          "Actual Total Time": 74.308,
          "Actual Rows": 5,
          "Actual Loops": 1,
          "Workers Planned": 4,
          "Workers Launched": 4,
          "Single Copy": false,
          "Plans": [
            {
              "Node Type": "Aggregate",
              "Strategy": "Plain",
              "Partial Mode": "Partial",
              "Parent Relationship": "Outer",
              "Parallel Aware": false,
              "Startup Cost": 68020.66,
              "Total Cost": 68020.67,
              "Plan Rows": 1,
              "Plan Width": 8,
              "Actual Startup Time": 55.484,
              "Actual Total Time": 55.485,
              "Actual Rows": 1,
              "Actual Loops": 5,
              "Plans": [
                {
                  "Node Type": "Nested Loop",
                  "Parent Relationship": "Outer",
                  "Parallel Aware": false,
                  "Join Type": "Inner",
                  "Startup Cost": 1727.51,
                  "Total Cost": 68020.16,
                  "Plan Rows": 198,
                  "Plan Width": 0,
                  "Actual Startup Time": 7.998,
                  "Actual Total Time": 55.434,
                  "Actual Rows": 272,
                  "Actual Loops": 5,
                  "Inner Unique": false,
                  "Plans": [
                    {
                      "Node Type": "Bitmap Heap Scan",
                      "Parent Relationship": "Outer",
                      "Parallel Aware": true,
                      "Relation Name": "title",
                      "Alias": "t",
                      "Startup Cost": 1726.94,
                      "Total Cost": 38088.09,
                      "Plan Rows": 218,
                      "Plan Width": 4,
                      "Actual Startup Time": 5.66,
                      "Actual Total Time": 20.601,
                      "Actual Rows": 298,
                      "Actual Loops": 5,
                      "Recheck Cond": "(kind_id = 3)",
                      "Rows Removed by Index Recheck": 0,
                      "Filter": "(production_year = 1990)",
                      "Rows Removed by Filter": 19809,
                      "Exact Heap Blocks": 5976,
                      "Lossy Heap Blocks": 0,
                      "Plans": [
                        {
                          "Node Type": "Bitmap Index Scan",
                          "Parent Relationship": "Outer",
                          "Parallel Aware": false,
                          "Index Name": "kind_id_title",
                          "Startup Cost": 0.0,
                          "Total Cost": 1726.72,
                          "Plan Rows": 96839,
                          "Plan Width": 0,
                          "Actual Startup Time": 7.254,
                          "Actual Total Time": 7.255,
                          "Actual Rows": 100537,
                          "Actual Loops": 1,
                          "Index Cond": "(kind_id = 3)"
                        }
                      ]
                    },
                    {
                      "Node Type": "Index Scan",
                      "Parent Relationship": "Inner",
                      "Parallel Aware": false,
                      "Scan Direction": "Forward",
                      "Index Name": "movie_id_cast_info",
                      "Relation Name": "cast_info",
                      "Alias": "ci",
                      "Startup Cost": 0.56,
                      "Total Cost": 137.28,
                      "Plan Rows": 2,
                      "Plan Width": 4,
                      "Actual Startup Time": 0.11,
                      "Actual Total Time": 0.116,
                      "Actual Rows": 1,
                      "Actual Loops": 1492,
                      "Index Cond": "(movie_id = t.id)",
                      "Rows Removed by Index Recheck": 0,
                      "Filter": "(person_id > 3625441)",
                      "Rows Removed by Filter": 19
                    }
                  ]
                }
              ]
            }
          ]
        }
      ]
    },
    "Planning Time": 0.302,
    "Triggers": [],
    "Execution Time": 74.384
  }
]