[
  {
    "Plan": {
      "Node Type": "Aggregate",
      "Strategy": "Plain",
      "Partial Mode": "Finalize",
      "Parallel Aware": false,
      "Startup Cost": 251628.96,
      "Total Cost": 251628.97,
      "Plan Rows": 1,
      "Plan Width": 8,
      "Actual Startup Time": 724.661,
      "Actual Total Time": 769.593,
      "Actual Rows": 1,
      "Actual Loops": 1,
      "Plans": [
        {
          "Node Type": "Gather",
          "Parent Relationship": "Outer",
          "Parallel Aware": false,
          "Startup Cost": 251628.43,
          "Total Cost": 251628.94,
          "Plan Rows": 5,
          "Plan Width": 8,
          "Actual Startup Time": 710.736,
          "Actual Total Time": 769.574,
          "Actual Rows": 6,
          "Actual Loops": 1,
          "Workers Planned": 5,
          "Workers Launched": 5,
          "Single Copy": false,
          "Plans": [
            {
              "Node Type": "Aggregate",
              "Strategy": "Plain",
              "Partial Mode": "Partial",
              "Parent Relationship": "Outer",
              "Parallel Aware": false,
              "Startup Cost": 250628.43,
              "Total Cost": 250628.44,
              "Plan Rows": 1,
              "Plan Width": 8,
              "Actual Startup Time": 696.723,
              "Actual Total Time": 696.726,
              "Actual Rows": 1,
              "Actual Loops": 6,
              "Plans": [
                {
                  "Node Type": "Hash Join",
                  "Parent Relationship": "Outer",
                  "Parallel Aware": true,
                  "Join Type": "Inner",
                  "Startup Cost": 49124.32,
                  "Total Cost": 249642.22,
                  "Plan Rows": 394487,
                  "Plan Width": 0,
                  "Actual Startup Time": 289.537,
                  "Actual Total Time": 683.836,
                  "Actual Rows": 292796,
                  "Actual Loops": 6,
                  "Inner Unique": true,
                  "Hash Cond": "(mi.movie_id = t.id)",
                  "Plans": [
                    {
                      "Node Type": "Seq Scan",
                      "Parent Relationship": "Outer",
                      "Parallel Aware": true,
                      "Relation Name": "movie_info",
                      "Alias": "mi",
                      "Startup Cost": 0.0,
                      "Total Cost": 198952.16,
                      "Plan Rows": 596472,
                      "Plan Width": 4,
                      "Actual Startup Time": 70.684,
                      "Actual Total Time": 304.532,
                      "Actual Rows": 506120,
                      "Actual Loops": 6,
                      "Filter": "(info_type_id = 16)",
                      "Rows Removed by Filter": 1966500
                    },
                    {
                      "Node Type": "Hash",
                      "Parent Relationship": "Inner",
                      "Parallel Aware": true,
                      "Startup Cost": 43898.92,
                      "Total Cost": 43898.92,
                      "Plan Rows": 418032,
                      "Plan Width": 4,
                      "Actual Startup Time": 213.269,
                      "Actual Total Time": 213.27,
                      "Actual Rows": 279016,
                      "Actual Loops": 6,
                      "Hash Buckets": 2097152,
                      "Original Hash Buckets": 2097152,
                      "Hash Batches": 1,
                      "Original Hash Batches": 1,
                      "Peak Memory Usage": 81952,
                      "Plans": [
                        {
                          "Node Type": "Seq Scan",
                          "Parent Relationship": "Outer",
                          "Parallel Aware": true,
                          "Relation Name": "title",
                          "Alias": "t",
                          "Startup Cost": 0.0,
                          "Total Cost": 43898.92,
                          "Plan Rows": 418032,
                          "Plan Width": 4,
                          "Actual Startup Time": 0.035,
                          "Actual Total Time": 85.518,
                          "Actual Rows": 279016,
                          "Actual Loops": 6,
                          "Filter": "(kind_id > 3)",
                          "Rows Removed by Filter": 142369
                        }
                      ]
                    }
                  ]
                }
              ]
            }
          ]
        }
      ]
    },
    "Planning Time": 0.552,
    "Triggers": [],
    "Execution Time": 769.673
  }
]