{
  "Plan": {
    "Node Type": "Aggregate",
    "Strategy": "Plain",
    "Partial Mode": "Simple",
    "Parallel Aware": false,
    "Startup Cost": 4358.6,
    "Total Cost": 4358.61,
    "Plan Rows": 1,
    "Plan Width": 8,
    "Actual Startup Time": 2.451,
    "Actual Total Time": 2.453,
    "Actual Rows": 1,
    "Actual Loops": 1,
    "Plans": [
      {
        "Node Type": "Nested Loop",
        "Parent Relationship": "Outer",
        "Parallel Aware": false,
        "Join Type": "Inner",
        "Startup Cost": 0.99,
        "Total Cost": 4358.41,
        "Plan Rows": 75,
        "Plan Width": 0,
        "Actual Startup Time": 0.241,
        "Actual Total Time": 2.375,
        "Actual Rows": 304,
        "Actual Loops": 1,
        "Inner Unique": true,
        "Plans": [
          {
            "Node Type": "Index Scan",
            "Parent Relationship": "Outer",
            "Parallel Aware": false,
            "Scan Direction": "Forward",
            "Index Name": "person_id_cast_info",
            "Relation Name": "cast_info",
            "Alias": "ci",
            "Startup Cost": 0.56,
            "Total Cost": 1059.67,
            "Plan Rows": 395,
            "Plan Width": 4,
            "Actual Startup Time": 0.211,
            "Actual Total Time": 0.534,
            "Actual Rows": 304,
            "Actual Loops": 1,
            "Index Cond": "(person_id = 2771758)",
            "Rows Removed by Index Recheck": 0,
            "Filter": "(role_id < 8)",
            "Rows Removed by Filter": 153
          },
          {
            "Node Type": "Index Scan",
            "Parent Relationship": "Inner",
            "Parallel Aware": false,
            "Scan Direction": "Forward",
            "Index Name": "title_pkey",
            "Relation Name": "title",
            "Alias": "t",
            "Startup Cost": 0.43,
            "Total Cost": 8.35,
            "Plan Rows": 1,
            "Plan Width": 4,
            "Actual Startup Time": 0.005,
            "Actual Total Time": 0.005,
            "Actual Rows": 1,
            "Actual Loops": 304,
            "Index Cond": "(id = ci.movie_id)",
            "Rows Removed by Index Recheck": 0,
            "Filter": "((production_year > 2007) AND (kind_id = 7))",
            "Rows Removed by Filter": 0
          }
        ]
      }
    ]
  },
  "Planning Time": 0.581,
  "Triggers": [],
  "Execution Time": 2.526
}