[
  {
    "Plan": {
      "Node Type": "Aggregate",
      "Strategy": "Plain",
      "Partial Mode": "Finalize",
      "Parallel Aware": false,
      "Startup Cost": 130031.71,
      "Total Cost": 130031.72,
      "Plan Rows": 1,
      "Plan Width": 8,
      "Actual Startup Time": 1352.82,
      "Actual Total Time": 1371.456,
      "Actual Rows": 1,
      "Actual Loops": 1,
      "Plans": [
        {
          "Node Type": "Gather",
          "Parent Relationship": "Outer",
          "Parallel Aware": false,
          "Startup Cost": 130031.39,
          "Total Cost": 130031.7,
          "Plan Rows": 3,
          "Plan Width": 8,
          "Actual Startup Time": 1345.549,
          "Actual Total Time": 1371.448,
          "Actual Rows": 4,
          "Actual Loops": 1,
          "Workers Planned": 3,
          "Workers Launched": 3,
          "Single Copy": false,
          "Plans": [
            {
              "Node Type": "Aggregate",
              "Strategy": "Plain",
              "Partial Mode": "Partial",
              "Parent Relationship": "Outer",
              "Parallel Aware": false,
              "Startup Cost": 129031.39,
              "Total Cost": 129031.4,
              "Plan Rows": 1,
              "Plan Width": 8,
              "Actual Startup Time": 1335.649,
              "Actual Total Time": 1335.654,
              "Actual Rows": 1,
              "Actual Loops": 4,
              "Plans": [
                {
                  "Node Type": "Hash Join",
                  "Parent Relationship": "Outer",
                  "Parallel Aware": true,
                  "Join Type": "Inner",
                  "Startup Cost": 82485.29,
                  "Total Cost": 128018.25,
                  "Plan Rows": 405257,
                  "Plan Width": 0,
                  "Actual Startup Time": 537.314,
                  "Actual Total Time": 1125.902,
                  "Actual Rows": 5005292,
                  "Actual Loops": 4,
                  "Inner Unique": false,
                  "Hash Cond": "(mk.movie_id = t.id)",
                  "Plans": [
                    {
                      "Node Type": "Seq Scan",
                      "Parent Relationship": "Outer",
                      "Parallel Aware": true,
                      "Relation Name": "movie_keyword",
                      "Alias": "mk",
                      "Startup Cost": 0.0,
                      "Total Cost": 39047.32,
                      "Plan Rows": 1459332,
                      "Plan Width": 4,
                      "Actual Startup Time": 0.047,
                      "Actual Total Time": 93.601,
                      "Actual Rows": 1130982,
                      "Actual Loops": 4
                    },
                    {
                      "Node Type": "Hash",
                      "Parent Relationship": "Inner",
                      "Parallel Aware": true,
                      "Startup Cost": 80291.2,
                      "Total Cost": 80291.2,
                      "Plan Rows": 175527,
                      "Plan Width": 8,
                      "Actual Startup Time": 531.914,
                      "Actual Total Time": 531.918,
                      "Actual Rows": 242146,
                      "Actual Loops": 4,
                      "Hash Buckets": 1048576,
                      "Original Hash Buckets": 1048576,
                      "Hash Batches": 1,
                      "Original Hash Batches": 1,
                      "Peak Memory Usage": 46144,
                      "Plans": [
                        {
                          "Node Type": "Hash Join",
                          "Parent Relationship": "Outer",
                          "Parallel Aware": true,
                          "Join Type": "Inner",
                          "Startup Cost": 34245.89,
                          "Total Cost": 80291.2,
                          "Plan Rows": 175527,
                          "Plan Width": 8,
                          "Actual Startup Time": 165.757,
                          "Actual Total Time": 451.308,
                          "Actual Rows": 242146,
                          "Actual Loops": 4,
                          "Inner Unique": false,
                          "Hash Cond": "(t.id = mc.movie_id)",
                          "Plans": [
                            {
                              "Node Type": "Seq Scan",
                              "Parent Relationship": "Outer",
                              "Parallel Aware": true,
                              "Relation Name": "title",
                              "Alias": "t",
                              "Startup Cost": 0.0,
                              "Total Cost": 42318.73,
                              "Plan Rows": 632073,
                              "Plan Width": 4,
                              "Actual Startup Time": 0.016,
                              "Actual Total Time": 80.694,
                              "Actual Rows": 632078,
                              "Actual Loops": 4
                            },
                            {
                              "Node Type": "Hash",
                              "Parent Relationship": "Inner",
                              "Parallel Aware": true,
                              "Startup Cost": 31414.82,
                              "Total Cost": 31414.82,
                              "Plan Rows": 226486,
                              "Plan Width": 4,
                              "Actual Startup Time": 162.998,
                              "Actual Total Time": 162.999,
                              "Actual Rows": 242146,
                              "Actual Loops": 4,
                              "Hash Buckets": 1048576,
                              "Original Hash Buckets": 1048576,
                              "Hash Batches": 1,
                              "Original Hash Batches": 1,
                              "Peak Memory Usage": 46176,
                              "Plans": [
                                {
                                  "Node Type": "Seq Scan",
                                  "Parent Relationship": "Outer",
                                  "Parallel Aware": true,
                                  "Relation Name": "movie_companies",
                                  "Alias": "mc",
                                  "Startup Cost": 0.0,
                                  "Total Cost": 31414.82,
                                  "Plan Rows": 226486,
                                  "Plan Width": 4,
                                  "Actual Startup Time": 0.049,
                                  "Actual Total Time": 84.821,
                                  "Actual Rows": 242146,
                                  "Actual Loops": 4,
                                  "Filter": "((company_id < 12565) AND (company_type_id < 2))",
                                  "Rows Removed by Filter": 410136
                                }
                              ]
                            }
                          ]
                        }
                      ]
                    }
                  ]
                }
              ]
            }
          ]
        }
      ]
    },
    "Planning Time": 1.38,
    "Triggers": [],
    "Execution Time": 1371.547
  }
]