[
  {
    "Plan": {
      "Node Type": "Aggregate",
      "Strategy": "Plain",
      "Partial Mode": "Finalize",
      "Parallel Aware": false,
      "Startup Cost": 333144.78,
      "Total Cost": 333144.79,
      "Plan Rows": 1,
      "Plan Width": 8,
      "Actual Startup Time": 616.587,
      "Actual Total Time": 663.798,
      "Actual Rows": 1,
      "Actual Loops": 1,
      "Plans": [
        {
          "Node Type": "Gather",
          "Parent Relationship": "Outer",
          "Parallel Aware": false,
          "Startup Cost": 333144.16,
          "Total Cost": 333144.77,
          "Plan Rows": 6,
          "Plan Width": 8,
          "Actual Startup Time": 616.295,
          "Actual Total Time": 663.787,
          "Actual Rows": 7,
          "Actual Loops": 1,
          "Workers Planned": 6,
          "Workers Launched": 6,
          "Single Copy": false,
          "Plans": [
            {
              "Node Type": "Aggregate",
              "Strategy": "Plain",
              "Partial Mode": "Partial",
              "Parent Relationship": "Outer",
              "Parallel Aware": false,
              "Startup Cost": 332144.16,
              "Total Cost": 332144.17,
              "Plan Rows": 1,
              "Plan Width": 8,
              "Actual Startup Time": 609.743,
              "Actual Total Time": 609.744,
              "Actual Rows": 1,
              "Actual Loops": 7,
              "Plans": [
                {
                  "Node Type": "Seq Scan",
                  "Parent Relationship": "Outer",
                  "Parallel Aware": true,
                  "Relation Name": "cast_info",
                  "Alias": "ci",
                  "Startup Cost": 0.0,
                  "Total Cost": 328211.39,
                  "Plan Rows": 1573106,
                  "Plan Width": 0,
                  "Actual Startup Time": 294.868,
                  "Actual Total Time": 544.221,
                  "Actual Rows": 1333319,
                  "Actual Loops": 7,
                  "Filter": "(person_id > 2768810)",
                  "Rows Removed by Filter": 3844444
                }
              ]
            }
          ]
        }
      ]
    },
    "Planning Time": 0.19,
    "Triggers": [],
    "Execution Time": 663.859
  }
]