[
  {
    "Plan": {
      "Node Type": "Aggregate",
      "Strategy": "Plain",
      "Partial Mode": "Finalize",
      "Parallel Aware": false,
      "Startup Cost": 126523.46,
      "Total Cost": 126523.47,
      "Plan Rows": 1,
      "Plan Width": 8,
      "Actual Startup Time": 213.302,
      "Actual Total Time": 230.228,
      "Actual Rows": 1,
      "Actual Loops": 1,
      "Plans": [
        {
          "Node Type": "Gather",
          "Parent Relationship": "Outer",
          "Parallel Aware": false,
          "Startup Cost": 126522.94,
          "Total Cost": 126523.45,
          "Plan Rows": 5,
          "Plan Width": 8,
          "Actual Startup Time": 211.472,
          "Actual Total Time": 230.22,
          "Actual Rows": 6,
          "Actual Loops": 1,
          "Workers Planned": 5,
          "Workers Launched": 5,
          "Single Copy": false,
          "Plans": [
            {
              "Node Type": "Aggregate",
              "Strategy": "Plain",
              "Partial Mode": "Partial",
              "Parent Relationship": "Outer",
              "Parallel Aware": false,
              "Startup Cost": 125522.94,
              "Total Cost": 125522.95,
              "Plan Rows": 1,
              "Plan Width": 8,
              "Actual Startup Time": 200.603,
              "Actual Total Time": 200.606,
              "Actual Rows": 1,
              "Actual Loops": 6,
              "Plans": [
                {
                  "Node Type": "Nested Loop",
                  "Parent Relationship": "Outer",
                  "Parallel Aware": false,
                  "Join Type": "Inner",
                  "Startup Cost": 44351.58,
                  "Total Cost": 125516.21,
                  "Plan Rows": 2690,
                  "Plan Width": 0,
                  "Actual Startup Time": 120.641,
                  "Actual Total Time": 200.433,
                  "Actual Rows": 2295,
                  "Actual Loops": 6,
                  "Inner Unique": false,
                  "Join Filter": "(t.id = mi_idx.movie_id)",
                  "Rows Removed by Join Filter": 0,
                  "Plans": [
                    {
                      "Node Type": "Hash Join",
                      "Parent Relationship": "Outer",
                      "Parallel Aware": true,
                      "Join Type": "Inner",
                      "Startup Cost": 44351.16,
                      "Total Cost": 122317.75,
                      "Plan Rows": 4928,
                      "Plan Width": 8,
                      "Actual Startup Time": 120.178,
                      "Actual Total Time": 184.191,
                      "Actual Rows": 5018,
                      "Actual Loops": 6,
                      "Inner Unique": true,
                      "Hash Cond": "(ci.movie_id = t.id)",
                      "Plans": [
                        {
                          "Node Type": "Index Scan",
                          "Parent Relationship": "Outer",
                          "Parallel Aware": true,
                          "Scan Direction": "Forward",
                          "Index Name": "role_id_cast_info",
                          "Relation Name": "cast_info",
                          "Alias": "ci",
                          "Startup Cost": 0.56,
                          "Total Cost": 77740.85,
                          "Plan Rows": 86210,
                          "Plan Width": 4,
                          "Actual Startup Time": 31.253,
                          "Actual Total Time": 78.387,
                          "Actual Rows": 83220,
                          "Actual Loops": 6,
                          "Index Cond": "(role_id = 4)",
                          "Rows Removed by Index Recheck": 0,
                          "Filter": "(person_id > 3126767)",
                          "Rows Removed by Filter": 371604
                        },
                        {
                          "Node Type": "Hash",
                          "Parent Relationship": "Inner",
                          "Parallel Aware": true,
                          "Startup Cost": 43898.92,
                          "Total Cost": 43898.92,
                          "Plan Rows": 36134,
                          "Plan Width": 4,
                          "Actual Startup Time": 87.046,
                          "Actual Total Time": 87.047,
                          "Actual Rows": 23617,
                          "Actual Loops": 6,
                          "Hash Buckets": 262144,
                          "Original Hash Buckets": 262144,
                          "Hash Batches": 1,
                          "Original Hash Batches": 1,
                          "Peak Memory Usage": 7712,
                          "Plans": [
                            {
                              "Node Type": "Seq Scan",
                              "Parent Relationship": "Outer",
                              "Parallel Aware": true,
                              "Relation Name": "title",
                              "Alias": "t",
                              "Startup Cost": 0.0,
                              "Total Cost": 43898.92,
                              "Plan Rows": 36134,
                              "Plan Width": 4,
                              "Actual Startup Time": 0.044,
                              "Actual Total Time": 76.809,
                              "Actual Rows": 23617,
                              "Actual Loops": 6,
                              "Filter": "(production_year = 2010)",
                              "Rows Removed by Filter": 397768
                            }
                          ]
                        }
                      ]
                    },
                    {
                      "Node Type": "Index Only Scan",
                      "Parent Relationship": "Inner",
                      "Parallel Aware": false,
                      "Scan Direction": "Forward",
                      "Index Name": "movie_id_movie_info_idx",
                      "Relation Name": "movie_info_idx",
                      "Alias": "mi_idx",
                      "Startup Cost": 0.43,
                      "Total Cost": 0.61,
                      "Plan Rows": 3,
                      "Plan Width": 4,
                      "Actual Startup Time": 0.003,
                      "Actual Total Time": 0.003,
                      "Actual Rows": 0,
                      "Actual Loops": 30105,
                      "Index Cond": "(movie_id = ci.movie_id)",
                      "Rows Removed by Index Recheck": 0,
                      "Heap Fetches": 13770
                    }
                  ]
                }
              ]
            }
          ]
        }
      ]
    },
    "Planning Time": 1.326,
    "Triggers": [],
    "Execution Time": 230.315
  }
]