[
  {
    "Plan": {
      "Node Type": "Aggregate",
      "Strategy": "Plain",
      "Partial Mode": "Simple",
      "Parallel Aware": false,
      "Startup Cost": 18889.43,
      "Total Cost": 18889.44,
      "Plan Rows": 1,
      "Plan Width": 8,
      "Actual Startup Time": 16.882,
      "Actual Total Time": 16.884,
      "Actual Rows": 1,
      "Actual Loops": 1,
      "Plans": [
        {
          "Node Type": "Bitmap Heap Scan",
          "Parent Relationship": "Outer",
          "Parallel Aware": false,
          "Relation Name": "movie_companies",
          "Alias": "mc",
          "Startup Cost": 309.21,
          "Total Cost": 18871.33,
          "Plan Rows": 7242,
          "Plan Width": 0,
          "Actual Startup Time": 16.622,
          "Actual Total Time": 16.862,
          "Actual Rows": 107,
          "Actual Loops": 1,
          "Recheck Cond": "(company_id = 34)",
          "Rows Removed by Index Recheck": 0,
          "Filter": "(company_type_id > 1)",
          "Rows Removed by Filter": 12787,
          "Exact Heap Blocks": 3822,
          "Lossy Heap Blocks": 0,
          "Plans": [
            {
              "Node Type": "Bitmap Index Scan",
              "Parent Relationship": "Outer",
              "Parallel Aware": false,
              "Index Name": "company_id_movie_companies",
              "Startup Cost": 0.0,
              "Total Cost": 307.4,
              "Plan Rows": 14263,
              "Plan Width": 0,
              "Actual Startup Time": 2.84,
              "Actual Total Time": 2.841,
              "Actual Rows": 12894,
              "Actual Loops": 1,
              "Index Cond": "(company_id = 34)"
            }
          ]
        }
      ]
    },
    "Planning Time": 0.2,
    "Triggers": [],
    "Execution Time": 16.95
  }
]