[
  {
    "Plan": {
      "Node Type": "Aggregate",
      "Strategy": "Plain",
      "Partial Mode": "Simple",
      "Parallel Aware": false,
      "Startup Cost": 16919.61,
      "Total Cost": 16919.62,
      "Plan Rows": 1,
      "Plan Width": 32,
      "Actual Startup Time": 3807.189,
      "Actual Total Time": 3807.208,
      "Actual Rows": 1,
      "Actual Loops": 1,
      "Output": [
        "min(t.title)"
      ],
      "Plans": [
        {
          "Node Type": "Nested Loop",
          "Parent Relationship": "Outer",
          "Parallel Aware": false,
          "Join Type": "Inner",
          "Startup Cost": 11.62,
          "Total Cost": 16918.24,
          "Plan Rows": 549,
          "Plan Width": 17,
          "Actual Startup Time": 15.296,
          "Actual Total Time": 3803.096,
          "Actual Rows": 7250,
          "Actual Loops": 1,
          "Output": [
            "t.title"
          ],
          "Inner Unique": false,
          "Join Filter": "(t.id = mi.movie_id)",
          "Rows Removed by Join Filter": 0,
          "Plans": [
            {
              "Node Type": "Nested Loop",
              "Parent Relationship": "Outer",
              "Parallel Aware": false,
              "Join Type": "Inner",
              "Startup Cost": 11.19,
              "Total Cost": 16368.25,
              "Plan Rows": 302,
              "Plan Width": 25,
              "Actual Startup Time": 12.987,
              "Actual Total Time": 1521.214,
              "Actual Rows": 7874,
              "Actual Loops": 1,
              "Output": [
                "mk.movie_id",
                "t.title",
                "t.id"
              ],
              "Inner Unique": true,
              "Plans": [
                {
                  "Node Type": "Nested Loop",
                  "Parent Relationship": "Outer",
                  "Parallel Aware": false,
                  "Join Type": "Inner",
                  "Startup Cost": 10.76,
                  "Total Cost": 16153.73,
                  "Plan Rows": 438,
                  "Plan Width": 4,
                  "Actual Startup Time": 12.813,
                  "Actual Total Time": 526.68,
                  "Actual Rows": 12951,
                  "Actual Loops": 1,
                  "Output": [
                    "mk.movie_id"
                  ],
                  "Inner Unique": false,
                  "Plans": [
                    {
                      "Node Type": "Seq Scan",
                      "Parent Relationship": "Outer",
                      "Parallel Aware": false,
                      "Relation Name": "keyword",
                      "Schema": "public",
                      "Alias": "k",
                      "Startup Cost": 0.0,
                      "Total Cost": 2626.12,
                      "Plan Rows": 13,
                      "Plan Width": 4,
                      "Actual Startup Time": 4.926,
                      "Actual Total Time": 61.404,
                      "Actual Rows": 30,
                      "Actual Loops": 1,
                      "Output": [
                        "k.id",
                        "k.keyword",
                        "k.phonetic_code"
                      ],
                      "Filter": "(k.keyword ~~ '%sequel%'::text)",
                      "Rows Removed by Filter": 134140
                    },
                    {
                      "Node Type": "Bitmap Heap Scan",
                      "Parent Relationship": "Inner",
                      "Parallel Aware": false,
                      "Relation Name": "movie_keyword",
                      "Schema": "public",
                      "Alias": "mk",
                      "Startup Cost": 10.76,
                      "Total Cost": 1037.58,
                      "Plan Rows": 300,
                      "Plan Width": 8,
                      "Actual Startup Time": 0.564,
                      "Actual Total Time": 15.142,
                      "Actual Rows": 432,
                      "Actual Loops": 30,
                      "Output": [
                        "mk.id",
                        "mk.movie_id",
                        "mk.keyword_id"
                      ],
                      "Recheck Cond": "(mk.keyword_id = k.id)",
                      "Rows Removed by Index Recheck": 0,
                      "Exact Heap Blocks": 6979,
                      "Lossy Heap Blocks": 0,
                      "Plans": [
                        {
                          "Node Type": "Bitmap Index Scan",
                          "Parent Relationship": "Outer",
                          "Parallel Aware": false,
                          "Index Name": "keyword_id_movie_keyword",
                          "Startup Cost": 0.0,
                          "Total Cost": 10.68,
                          "Plan Rows": 300,
                          "Plan Width": 0,
                          "Actual Startup Time": 0.342,
                          "Actual Total Time": 0.342,
                          "Actual Rows": 432,
                          "Actual Loops": 30,
                          "Index Cond": "(mk.keyword_id = k.id)"
                        }
                      ]
                    }
                  ]
                },
                {
                  "Node Type": "Index Scan",
                  "Parent Relationship": "Inner",
                  "Parallel Aware": false,
                  "Scan Direction": "Forward",
                  "Index Name": "title_pkey",
                  "Relation Name": "title",
                  "Schema": "public",
                  "Alias": "t",
                  "Startup Cost": 0.43,
                  "Total Cost": 0.49,
                  "Plan Rows": 1,
                  "Plan Width": 21,
                  "Actual Startup Time": 0.075,
                  "Actual Total Time": 0.075,
                  "Actual Rows": 1,
                  "Actual Loops": 12951,
                  "Output": [
                    "t.id",
                    "t.title",
                    "t.imdb_index",
                    "t.kind_id",
                    "t.production_year",
                    "t.imdb_id",
                    "t.phonetic_code",
                    "t.episode_of_id",
                    "t.season_nr",
                    "t.episode_nr",
                    "t.series_years",
                    "t.md5sum"
                  ],
                  "Index Cond": "(t.id = mk.movie_id)",
                  "Rows Removed by Index Recheck": 0,
                  "Filter": "(t.production_year > 1990)",
                  "Rows Removed by Filter": 0
                }
              ]
            },
            {
              "Node Type": "Index Scan",
              "Parent Relationship": "Inner",
              "Parallel Aware": false,
              "Scan Direction": "Forward",
              "Index Name": "movie_id_movie_info",
              "Relation Name": "movie_info",
              "Schema": "public",
              "Alias": "mi",
              "Startup Cost": 0.43,
              "Total Cost": 1.8,
              "Plan Rows": 2,
              "Plan Width": 4,
              "Actual Startup Time": 0.255,
              "Actual Total Time": 0.288,
              "Actual Rows": 1,
              "Actual Loops": 7874,
              "Output": [
                "mi.id",
                "mi.movie_id",
                "mi.info_type_id",
                "mi.info",
                "mi.note"
              ],
              "Index Cond": "(mi.movie_id = mk.movie_id)",
              "Rows Removed by Index Recheck": 0,
              "Filter": "(mi.info = ANY ('{Sweden,Norway,Germany,Denmark,Swedish,Denish,Norwegian,German,USA,American}'::text[]))",
              "Rows Removed by Filter": 35
            }
          ]
        }
      ]
    },
    "Planning Time": 11.844,
    "Triggers": [],
    "Execution Time": 3807.498
  }
]