[
  {
    "Plan": {
      "Node Type": "Aggregate",
      "Strategy": "Plain",
      "Partial Mode": "Finalize",
      "Parallel Aware": false,
      "Startup Cost": 44598.51,
      "Total Cost": 44598.52,
      "Plan Rows": 1,
      "Plan Width": 8,
      "Actual Startup Time": 129.029,
      "Actual Total Time": 138.774,
      "Actual Rows": 1,
      "Actual Loops": 1,
      "Plans": [
        {
          "Node Type": "Gather",
          "Parent Relationship": "Outer",
          "Parallel Aware": false,
          "Startup Cost": 44598.19,
          "Total Cost": 44598.5,
          "Plan Rows": 3,
          "Plan Width": 8,
          "Actual Startup Time": 128.856,
          "Actual Total Time": 138.764,
          "Actual Rows": 4,
          "Actual Loops": 1,
          "Workers Planned": 3,
          "Workers Launched": 3,
          "Single Copy": false,
          "Plans": [
            {
              "Node Type": "Aggregate",
              "Strategy": "Plain",
              "Partial Mode": "Partial",
              "Parent Relationship": "Outer",
              "Parallel Aware": false,
              "Startup Cost": 43598.19,
              "Total Cost": 43598.2,
              "Plan Rows": 1,
              "Plan Width": 8,
              "Actual Startup Time": 120.296,
              "Actual Total Time": 120.298,
              "Actual Rows": 1,
              "Actual Loops": 4,
              "Plans": [
                {
                  "Node Type": "Seq Scan",
                  "Parent Relationship": "Outer",
                  "Parallel Aware": true,
                  "Relation Name": "movie_keyword",
                  "Alias": "mk",
                  "Startup Cost": 0.0,
                  "Total Cost": 42695.65,
                  "Plan Rows": 361015,
                  "Plan Width": 0,
                  "Actual Startup Time": 0.063,
                  "Actual Total Time": 106.408,
                  "Actual Rows": 281556,
                  "Actual Loops": 4,
                  "Filter": "(keyword_id < 1221)",
                  "Rows Removed by Filter": 849426
                }
              ]
            }
          ]
        }
      ]
    },
    "Planning Time": 0.176,
    "Triggers": [],
    "Execution Time": 138.864
  }
]