[
  {
    "Plan": {
      "Node Type": "Aggregate",
      "Strategy": "Plain",
      "Partial Mode": "Finalize",
      "Parallel Aware": false,
      "Startup Cost": 31651.37,
      "Total Cost": 31651.38,
      "Plan Rows": 1,
      "Plan Width": 8,
      "Actual Startup Time": 120.459,
      "Actual Total Time": 128.525,
      "Actual Rows": 1,
      "Actual Loops": 1,
      "Plans": [
        {
          "Node Type": "Gather",
          "Parent Relationship": "Outer",
          "Parallel Aware": false,
          "Startup Cost": 31651.06,
          "Total Cost": 31651.37,
          "Plan Rows": 3,
          "Plan Width": 8,
          "Actual Startup Time": 120.354,
          "Actual Total Time": 128.516,
          "Actual Rows": 4,
          "Actual Loops": 1,
          "Workers Planned": 3,
          "Workers Launched": 3,
          "Single Copy": false,
          "Plans": [
            {
              "Node Type": "Aggregate",
              "Strategy": "Plain",
              "Partial Mode": "Partial",
              "Parent Relationship": "Outer",
              "Parallel Aware": false,
              "Startup Cost": 30651.06,
              "Total Cost": 30651.07,
              "Plan Rows": 1,
              "Plan Width": 8,
              "Actual Startup Time": 112.05,
              "Actual Total Time": 112.051,
              "Actual Rows": 1,
              "Actual Loops": 4,
              "Plans": [
                {
                  "Node Type": "Seq Scan",
                  "Parent Relationship": "Outer",
                  "Parallel Aware": true,
                  "Relation Name": "movie_companies",
                  "Alias": "mc",
                  "Startup Cost": 0.0,
                  "Total Cost": 29310.68,
                  "Plan Rows": 536150,
                  "Plan Width": 0,
                  "Actual Startup Time": 0.046,
                  "Actual Total Time": 87.666,
                  "Actual Rows": 412586,
                  "Actual Loops": 4,
                  "Filter": "(company_id < 18168)",
                  "Rows Removed by Filter": 239696
                }
              ]
            }
          ]
        }
      ]
    },
    "Planning Time": 0.126,
    "Triggers": [],
    "Execution Time": 128.564
  }
]