[
  {
    "Plan": {
      "Node Type": "Aggregate",
      "Strategy": "Plain",
      "Partial Mode": "Finalize",
      "Parallel Aware": false,
      "Startup Cost": 33235.9,
      "Total Cost": 33235.91,
      "Plan Rows": 1,
      "Plan Width": 8,
      "Actual Startup Time": 100.295,
      "Actual Total Time": 108.549,
      "Actual Rows": 1,
      "Actual Loops": 1,
      "Plans": [
        {
          "Node Type": "Gather",
          "Parent Relationship": "Outer",
          "Parallel Aware": false,
          "Startup Cost": 33235.58,
          "Total Cost": 33235.89,
          "Plan Rows": 3,
          "Plan Width": 8,
          "Actual Startup Time": 100.165,
          "Actual Total Time": 108.541,
          "Actual Rows": 4,
          "Actual Loops": 1,
          "Workers Planned": 3,
          "Workers Launched": 3,
          "Single Copy": false,
          "Plans": [
            {
              "Node Type": "Aggregate",
              "Strategy": "Plain",
              "Partial Mode": "Partial",
              "Parent Relationship": "Outer",
              "Parallel Aware": false,
              "Startup Cost": 32235.58,
              "Total Cost": 32235.59,
              "Plan Rows": 1,
              "Plan Width": 8,
              "Actual Startup Time": 92.3,
              "Actual Total Time": 92.301,
              "Actual Rows": 1,
              "Actual Loops": 4,
              "Plans": [
                {
                  "Node Type": "Seq Scan",
                  "Parent Relationship": "Outer",
                  "Parallel Aware": true,
                  "Relation Name": "movie_companies",
                  "Alias": "mc",
                  "Startup Cost": 0.0,
                  "Total Cost": 31414.82,
                  "Plan Rows": 328304,
                  "Plan Width": 0,
                  "Actual Startup Time": 0.35,
                  "Actual Total Time": 80.873,
                  "Actual Rows": 219562,
                  "Actual Loops": 4,
                  "Filter": "((company_id > 521) AND (company_type_id < 2))",
                  "Rows Removed by Filter": 432720
                }
              ]
            }
          ]
        }
      ]
    },
    "Planning Time": 0.218,
    "Triggers": [],
    "Execution Time": 108.605
  }
]