[
  {
    "Plan": {
      "Node Type": "Aggregate",
      "Strategy": "Plain",
      "Partial Mode": "Finalize",
      "Parallel Aware": false,
      "Startup Cost": 153898.59,
      "Total Cost": 153898.6,
      "Plan Rows": 1,
      "Plan Width": 8,
      "Actual Startup Time": 1356.965,
      "Actual Total Time": 1439.646,
      "Actual Rows": 1,
      "Actual Loops": 1,
      "Plans": [
        {
          "Node Type": "Gather",
          "Parent Relationship": "Outer",
          "Parallel Aware": false,
          "Startup Cost": 153898.27,
          "Total Cost": 153898.58,
          "Plan Rows": 3,
          "Plan Width": 8,
          "Actual Startup Time": 1355.804,
          "Actual Total Time": 1439.636,
          "Actual Rows": 4,
          "Actual Loops": 1,
          "Workers Planned": 3,
          "Workers Launched": 3,
          "Single Copy": false,
          "Plans": [
            {
              "Node Type": "Aggregate",
              "Strategy": "Plain",
              "Partial Mode": "Partial",
              "Parent Relationship": "Outer",
              "Parallel Aware": false,
              "Startup Cost": 152898.27,
              "Total Cost": 152898.28,
              "Plan Rows": 1,
              "Plan Width": 8,
              "Actual Startup Time": 1351.283,
              "Actual Total Time": 1351.288,
              "Actual Rows": 1,
              "Actual Loops": 4,
              "Plans": [
                {
                  "Node Type": "Nested Loop",
                  "Parent Relationship": "Outer",
                  "Parallel Aware": false,
                  "Join Type": "Inner",
                  "Startup Cost": 44612.59,
                  "Total Cost": 152519.6,
                  "Plan Rows": 151469,
                  "Plan Width": 0,
                  "Actual Startup Time": 124.747,
                  "Actual Total Time": 1327.387,
                  "Actual Rows": 346701,
                  "Actual Loops": 4,
                  "Inner Unique": false,
                  "Join Filter": "(t.id = ci.movie_id)",
                  "Rows Removed by Join Filter": 0,
                  "Plans": [
                    {
                      "Node Type": "Hash Join",
                      "Parent Relationship": "Outer",
                      "Parallel Aware": true,
                      "Join Type": "Inner",
                      "Startup Cost": 44612.02,
                      "Total Cost": 76600.96,
                      "Plan Rows": 19728,
                      "Plan Width": 8,
                      "Actual Startup Time": 123.637,
                      "Actual Total Time": 276.673,
                      "Actual Rows": 44126,
                      "Actual Loops": 4,
                      "Inner Unique": true,
                      "Hash Cond": "(mc.movie_id = t.id)",
                      "Plans": [
                        {
                          "Node Type": "Seq Scan",
                          "Parent Relationship": "Outer",
                          "Parallel Aware": true,
                          "Relation Name": "movie_companies",
                          "Alias": "mc",
                          "Startup Cost": 0.0,
                          "Total Cost": 31414.82,
                          "Plan Rows": 218712,
                          "Plan Width": 4,
                          "Actual Startup Time": 0.01,
                          "Actual Total Time": 82.985,
                          "Actual Rows": 236879,
                          "Actual Loops": 4,
                          "Filter": "((company_id < 12146) AND (company_type_id = 1))",
                          "Rows Removed by Filter": 415403
                        },
                        {
                          "Node Type": "Hash",
                          "Parent Relationship": "Inner",
                          "Parallel Aware": true,
                          "Startup Cost": 43899.32,
                          "Total Cost": 43899.32,
                          "Plan Rows": 57016,
                          "Plan Width": 4,
                          "Actual Startup Time": 121.415,
                          "Actual Total Time": 121.417,
                          "Actual Rows": 60350,
                          "Actual Loops": 4,
                          "Hash Buckets": 262144,
                          "Original Hash Buckets": 262144,
                          "Hash Batches": 1,
                          "Original Hash Batches": 1,
                          "Peak Memory Usage": 11552,
                          "Plans": [
                            {
                              "Node Type": "Seq Scan",
                              "Parent Relationship": "Outer",
                              "Parallel Aware": true,
                              "Relation Name": "title",
                              "Alias": "t",
                              "Startup Cost": 0.0,
                              "Total Cost": 43899.32,
                              "Plan Rows": 57016,
                              "Plan Width": 4,
                              "Actual Startup Time": 0.045,
                              "Actual Total Time": 99.287,
                              "Actual Rows": 60350,
                              "Actual Loops": 4,
                              "Filter": "(production_year < 1960)",
                              "Rows Removed by Filter": 571728
                            }
                          ]
                        }
                      ]
                    },
                    {
                      "Node Type": "Index Scan",
                      "Parent Relationship": "Inner",
                      "Parallel Aware": false,
                      "Scan Direction": "Forward",
                      "Index Name": "movie_id_cast_info",
                      "Relation Name": "cast_info",
                      "Alias": "ci",
                      "Startup Cost": 0.56,
                      "Total Cost": 3.61,
                      "Plan Rows": 19,
                      "Plan Width": 4,
                      "Actual Startup Time": 0.015,
                      "Actual Total Time": 0.023,
                      "Actual Rows": 8,
                      "Actual Loops": 176502,
                      "Index Cond": "(movie_id = mc.movie_id)",
                      "Rows Removed by Index Recheck": 0,
                      "Filter": "((person_id > 628613) AND (role_id > 1))",
                      "Rows Removed by Filter": 11
                    }
                  ]
                }
              ]
            }
          ]
        }
      ]
    },
    "Planning Time": 0.932,
    "Triggers": [],
    "Execution Time": 1439.73
  }
]