{
  "Plan": {
    "Node Type": "Aggregate",
    "Strategy": "Plain",
    "Partial Mode": "Finalize",
    "Parallel Aware": false,
    "Startup Cost": 113768.94,
    "Total Cost": 113768.95,
    "Plan Rows": 1,
    "Plan Width": 8,
    "Actual Startup Time": 439.989,
    "Actual Total Time": 457.225,
    "Actual Rows": 1,
    "Actual Loops": 1,
    "Plans": [
      {
        "Node Type": "Gather",
        "Parent Relationship": "Outer",
        "Parallel Aware": false,
        "Startup Cost": 113768.82,
        "Total Cost": 113768.93,
        "Plan Rows": 1,
        "Plan Width": 8,
        "Actual Startup Time": 439.878,
        "Actual Total Time": 457.218,
        "Actual Rows": 2,
        "Actual Loops": 1,
        "Workers Planned": 1,
        "Workers Launched": 1,
        "Single Copy": false,
        "Plans": [
          {
            "Node Type": "Aggregate",
            "Strategy": "Plain",
            "Partial Mode": "Partial",
            "Parent Relationship": "Outer",
            "Parallel Aware": false,
            "Startup Cost": 112768.82,
            "Total Cost": 112768.83,
            "Plan Rows": 1,
            "Plan Width": 8,
            "Actual Startup Time": 434.36,
            "Actual Total Time": 434.363,
            "Actual Rows": 1,
            "Actual Loops": 2,
            "Plans": [
              {
                "Node Type": "Hash Join",
                "Parent Relationship": "Outer",
                "Parallel Aware": true,
                "Join Type": "Inner",
                "Startup Cost": 54683.83,
                "Total Cost": 112734.67,
                "Plan Rows": 13661,
                "Plan Width": 0,
                "Actual Startup Time": 135.517,
                "Actual Total Time": 433.621,
                "Actual Rows": 16819,
                "Actual Loops": 2,
                "Inner Unique": true,
                "Hash Cond": "(mk.movie_id = t.id)",
                "Plans": [
                  {
                    "Node Type": "Seq Scan",
                    "Parent Relationship": "Outer",
                    "Parallel Aware": true,
                    "Relation Name": "movie_keyword",
                    "Alias": "mk",
                    "Startup Cost": 0.0,
                    "Total Cost": 51065.35,
                    "Plan Rows": 2661135,
                    "Plan Width": 4,
                    "Actual Startup Time": 0.013,
                    "Actual Total Time": 148.386,
                    "Actual Rows": 2261965,
                    "Actual Loops": 2
                  },
                  {
                    "Node Type": "Hash",
                    "Parent Relationship": "Inner",
                    "Parallel Aware": true,
                    "Startup Cost": 54588.39,
                    "Total Cost": 54588.39,
                    "Plan Rows": 7635,
                    "Plan Width": 4,
                    "Actual Startup Time": 134.122,
                    "Actual Total Time": 134.123,
                    "Actual Rows": 7027,
                    "Actual Loops": 2,
                    "Hash Buckets": 16384,
                    "Original Hash Buckets": 16384,
                    "Hash Batches": 1,
                    "Original Hash Batches": 1,
                    "Peak Memory Usage": 704,
                    "Plans": [
                      {
                        "Node Type": "Seq Scan",
                        "Parent Relationship": "Outer",
                        "Parallel Aware": true,
                        "Relation Name": "title",
                        "Alias": "t",
                        "Startup Cost": 0.0,
                        "Total Cost": 54588.39,
                        "Plan Rows": 7635,
                        "Plan Width": 4,
                        "Actual Startup Time": 0.125,
                        "Actual Total Time": 131.619,
                        "Actual Rows": 7027,
                        "Actual Loops": 2,
                        "Filter": "(production_year = 1975)",
                        "Rows Removed by Filter": 1257129
                      }
                    ]
                  }
                ]
              }
            ]
          }
        ]
      }
    ]
  },
  "Planning Time": 0.376,
  "Triggers": [],
  "Execution Time": 457.288
}