[
    {
        "Bao": {
            "Bao prediction": 295.129,
            "Bao recommended hint": "(no hint)"
        }
    },
    {
        "Plan": {
            "Node Type": "Aggregate",
            "Strategy": "Plain",
            "Partial Mode": "Finalize",
            "Parallel Aware": false,
            "Startup Cost": 73981.84,
            "Total Cost": 73981.85,
            "Plan Rows": 1,
            "Plan Width": 32,
            "Actual Startup Time": 151.671,
            "Actual Total Time": 163.965,
            "Actual Rows": 1,
            "Actual Loops": 1,
            "Output": [
                "min(t.title)"
            ],
            "Plans": [
                {
                    "Node Type": "Gather",
                    "Parent Relationship": "Outer",
                    "Parallel Aware": false,
                    "Startup Cost": 73981.52,
                    "Total Cost": 73981.83,
                    "Plan Rows": 3,
                    "Plan Width": 32,
                    "Actual Startup Time": 151.494,
                    "Actual Total Time": 163.956,
                    "Actual Rows": 4,
                    "Actual Loops": 1,
                    "Output": [
                        "(PARTIAL min(t.title))"
                    ],
                    "Workers Planned": 3,
                    "Workers Launched": 3,
                    "Single Copy": false,
                    "Plans": [
                        {
                            "Node Type": "Aggregate",
                            "Strategy": "Plain",
                            "Partial Mode": "Partial",
                            "Parent Relationship": "Outer",
                            "Parallel Aware": false,
                            "Startup Cost": 72981.52,
                            "Total Cost": 72981.53,
                            "Plan Rows": 1,
                            "Plan Width": 32,
                            "Actual Startup Time": 141.024,
                            "Actual Total Time": 141.029,
                            "Actual Rows": 1,
                            "Actual Loops": 4,
                            "Output": [
                                "PARTIAL min(t.title)"
                            ],
                            "Workers": [
                                {
                                    "Worker Number": 0,
                                    "Actual Startup Time": 137.561,
                                    "Actual Total Time": 137.565,
                                    "Actual Rows": 1,
                                    "Actual Loops": 1
                                },
                                {
                                    "Worker Number": 1,
                                    "Actual Startup Time": 137.837,
                                    "Actual Total Time": 137.841,
                                    "Actual Rows": 1,
                                    "Actual Loops": 1
                                },
                                {
                                    "Worker Number": 2,
                                    "Actual Startup Time": 138.224,
                                    "Actual Total Time": 138.229,
                                    "Actual Rows": 1,
                                    "Actual Loops": 1
                                }
                            ],
                            "Plans": [
                                {
                                    "Node Type": "Hash Join",
                                    "Parent Relationship": "Outer",
                                    "Parallel Aware": false,
                                    "Join Type": "Inner",
                                    "Startup Cost": 5.47,
                                    "Total Cost": 72920.21,
                                    "Plan Rows": 24522,
                                    "Plan Width": 17,
                                    "Actual Startup Time": 92.087,
                                    "Actual Total Time": 140.949,
                                    "Actual Rows": 322,
                                    "Actual Loops": 4,
                                    "Output": [
                                        "t.title"
                                    ],
                                    "Inner Unique": true,
                                    "Hash Cond": "(mi.info_type_id = it.id)",
                                    "Workers": [
                                        {
                                            "Worker Number": 0,
                                            "Actual Startup Time": 89.475,
                                            "Actual Total Time": 137.487,
                                            "Actual Rows": 231,
                                            "Actual Loops": 1
                                        },
                                        {
                                            "Worker Number": 1,
                                            "Actual Startup Time": 88.591,
                                            "Actual Total Time": 137.764,
                                            "Actual Rows": 359,
                                            "Actual Loops": 1
                                        },
                                        {
                                            "Worker Number": 2,
                                            "Actual Startup Time": 89.305,
                                            "Actual Total Time": 138.145,
                                            "Actual Rows": 350,
                                            "Actual Loops": 1
                                        }
                                    ],
                                    "Plans": [
                                        {
                                            "Node Type": "Nested Loop",
                                            "Parent Relationship": "Outer",
                                            "Parallel Aware": false,
                                            "Join Type": "Inner",
                                            "Startup Cost": 1.93,
                                            "Total Cost": 72849.89,
                                            "Plan Rows": 24522,
                                            "Plan Width": 21,
                                            "Actual Startup Time": 92.007,
                                            "Actual Total Time": 140.712,
                                            "Actual Rows": 322,
                                            "Actual Loops": 4,
                                            "Output": [
                                                "mi.info_type_id",
                                                "t.title"
                                            ],
                                            "Inner Unique": false,
                                            "Workers": [
                                                {
                                                    "Worker Number": 0,
                                                    "Actual Startup Time": 89.374,
                                                    "Actual Total Time": 137.228,
                                                    "Actual Rows": 231,
                                                    "Actual Loops": 1
                                                },
                                                {
                                                    "Worker Number": 1,
                                                    "Actual Startup Time": 88.51,
                                                    "Actual Total Time": 137.534,
                                                    "Actual Rows": 359,
                                                    "Actual Loops": 1
                                                },
                                                {
                                                    "Worker Number": 2,
                                                    "Actual Startup Time": 89.225,
                                                    "Actual Total Time": 137.908,
                                                    "Actual Rows": 350,
                                                    "Actual Loops": 1
                                                }
                                            ],
                                            "Plans": [
                                                {
                                                    "Node Type": "Nested Loop",
                                                    "Parent Relationship": "Outer",
                                                    "Parallel Aware": false,
                                                    "Join Type": "Inner",
                                                    "Startup Cost": 1.49,
                                                    "Total Cost": 52899.32,
                                                    "Plan Rows": 8738,
                                                    "Plan Width": 25,
                                                    "Actual Startup Time": 91.845,
                                                    "Actual Total Time": 125.504,
                                                    "Actual Rows": 187,
                                                    "Actual Loops": 4,
                                                    "Output": [
                                                        "mc.movie_id",
                                                        "t.title",
                                                        "t.id"
                                                    ],
                                                    "Inner Unique": true,
                                                    "Workers": [
                                                        {
                                                            "Worker Number": 0,
                                                            "Actual Startup Time": 89.159,
                                                            "Actual Total Time": 122.895,
                                                            "Actual Rows": 169,
                                                            "Actual Loops": 1
                                                        },
                                                        {
                                                            "Worker Number": 1,
                                                            "Actual Startup Time": 88.318,
                                                            "Actual Total Time": 121.475,
                                                            "Actual Rows": 186,
                                                            "Actual Loops": 1
                                                        },
                                                        {
                                                            "Worker Number": 2,
                                                            "Actual Startup Time": 89.048,
                                                            "Actual Total Time": 122.103,
                                                            "Actual Rows": 176,
                                                            "Actual Loops": 1
                                                        }
                                                    ],
                                                    "Plans": [
                                                        {
                                                            "Node Type": "Hash Join",
                                                            "Parent Relationship": "Outer",
                                                            "Parallel Aware": false,
                                                            "Join Type": "Inner",
                                                            "Startup Cost": 1.06,
                                                            "Total Cost": 31735.32,
                                                            "Plan Rows": 14772,
                                                            "Plan Width": 4,
                                                            "Actual Startup Time": 91.744,
                                                            "Actual Total Time": 121.897,
                                                            "Actual Rows": 200,
                                                            "Actual Loops": 4,
                                                            "Output": [
                                                                "mc.movie_id"
                                                            ],
                                                            "Inner Unique": true,
                                                            "Hash Cond": "(mc.company_type_id = ct.id)",
                                                            "Workers": [
                                                                {
                                                                    "Worker Number": 0,
                                                                    "Actual Startup Time": 89.028,
                                                                    "Actual Total Time": 119.222,
                                                                    "Actual Rows": 172,
                                                                    "Actual Loops": 1
                                                                },
                                                                {
                                                                    "Worker Number": 1,
                                                                    "Actual Startup Time": 88.207,
                                                                    "Actual Total Time": 117.83,
                                                                    "Actual Rows": 198,
                                                                    "Actual Loops": 1
                                                                },
                                                                {
                                                                    "Worker Number": 2,
                                                                    "Actual Startup Time": 88.94,
                                                                    "Actual Total Time": 118.577,
                                                                    "Actual Rows": 189,
                                                                    "Actual Loops": 1
                                                                }
                                                            ],
                                                            "Plans": [
                                                                {
                                                                    "Node Type": "Seq Scan",
                                                                    "Parent Relationship": "Outer",
                                                                    "Parallel Aware": true,
                                                                    "Relation Name": "movie_companies",
                                                                    "Schema": "public",
                                                                    "Alias": "mc",
                                                                    "Startup Cost": 0.0,
                                                                    "Total Cost": 31414.82,
                                                                    "Plan Rows": 59087,
                                                                    "Plan Width": 8,
                                                                    "Actual Startup Time": 0.146,
                                                                    "Actual Total Time": 116.123,
                                                                    "Actual Rows": 73907,
                                                                    "Actual Loops": 4,
                                                                    "Output": [
                                                                        "mc.id",
                                                                        "mc.movie_id",
                                                                        "mc.company_id",
                                                                        "mc.company_type_id",
                                                                        "mc.note"
                                                                    ],
                                                                    "Filter": "((mc.note !~~ '%(TV)%'::text) AND (mc.note ~~ '%(USA)%'::text))",
                                                                    "Rows Removed by Filter": 578375,
                                                                    "Workers": [
                                                                        {
                                                                            "Worker Number": 0,
                                                                            "Actual Startup Time": 0.103,
                                                                            "Actual Total Time": 113.418,
                                                                            "Actual Rows": 52616,
                                                                            "Actual Loops": 1
                                                                        },
                                                                        {
                                                                            "Worker Number": 1,
                                                                            "Actual Startup Time": 0.345,
                                                                            "Actual Total Time": 112.18,
                                                                            "Actual Rows": 77154,
                                                                            "Actual Loops": 1
                                                                        },
                                                                        {
                                                                            "Worker Number": 2,
                                                                            "Actual Startup Time": 0.116,
                                                                            "Actual Total Time": 112.793,
                                                                            "Actual Rows": 79521,
                                                                            "Actual Loops": 1
                                                                        }
                                                                    ]
                                                                },
                                                                {
                                                                    "Node Type": "Hash",
                                                                    "Parent Relationship": "Inner",
                                                                    "Parallel Aware": false,
                                                                    "Startup Cost": 1.05,
                                                                    "Total Cost": 1.05,
                                                                    "Plan Rows": 1,
                                                                    "Plan Width": 4,
                                                                    "Actual Startup Time": 0.07,
                                                                    "Actual Total Time": 0.071,
                                                                    "Actual Rows": 1,
                                                                    "Actual Loops": 4,
                                                                    "Output": [
                                                                        "ct.id"
                                                                    ],
                                                                    "Hash Buckets": 1024,
                                                                    "Original Hash Buckets": 1024,
                                                                    "Hash Batches": 1,
                                                                    "Original Hash Batches": 1,
                                                                    "Peak Memory Usage": 9,
                                                                    "Workers": [
                                                                        {
                                                                            "Worker Number": 0,
                                                                            "Actual Startup Time": 0.083,
                                                                            "Actual Total Time": 0.084,
                                                                            "Actual Rows": 1,
                                                                            "Actual Loops": 1
                                                                        },
                                                                        {
                                                                            "Worker Number": 1,
                                                                            "Actual Startup Time": 0.085,
                                                                            "Actual Total Time": 0.086,
                                                                            "Actual Rows": 1,
                                                                            "Actual Loops": 1
                                                                        },
                                                                        {
                                                                            "Worker Number": 2,
                                                                            "Actual Startup Time": 0.081,
                                                                            "Actual Total Time": 0.082,
                                                                            "Actual Rows": 1,
                                                                            "Actual Loops": 1
                                                                        }
                                                                    ],
                                                                    "Plans": [
                                                                        {
                                                                            "Node Type": "Seq Scan",
                                                                            "Parent Relationship": "Outer",
                                                                            "Parallel Aware": false,
                                                                            "Relation Name": "company_type",
                                                                            "Schema": "public",
                                                                            "Alias": "ct",
                                                                            "Startup Cost": 0.0,
                                                                            "Total Cost": 1.05,
                                                                            "Plan Rows": 1,
                                                                            "Plan Width": 4,
                                                                            "Actual Startup Time": 0.045,
                                                                            "Actual Total Time": 0.048,
                                                                            "Actual Rows": 1,
                                                                            "Actual Loops": 4,
                                                                            "Output": [
                                                                                "ct.id"
                                                                            ],
                                                                            "Filter": "((ct.kind)::text = 'production companies'::text)",
                                                                            "Rows Removed by Filter": 3,
                                                                            "Workers": [
                                                                                {
                                                                                    "Worker Number": 0,
                                                                                    "Actual Startup Time": 0.057,
                                                                                    "Actual Total Time": 0.06,
                                                                                    "Actual Rows": 1,
                                                                                    "Actual Loops": 1
                                                                                },
                                                                                {
                                                                                    "Worker Number": 1,
                                                                                    "Actual Startup Time": 0.058,
                                                                                    "Actual Total Time": 0.062,
                                                                                    "Actual Rows": 1,
                                                                                    "Actual Loops": 1
                                                                                },
                                                                                {
                                                                                    "Worker Number": 2,
                                                                                    "Actual Startup Time": 0.055,
                                                                                    "Actual Total Time": 0.059,
                                                                                    "Actual Rows": 1,
                                                                                    "Actual Loops": 1
                                                                                }
                                                                            ]
                                                                        }
                                                                    ]
                                                                }
                                                            ]
                                                        },
                                                        {
                                                            "Node Type": "Index Scan",
                                                            "Parent Relationship": "Inner",
                                                            "Parallel Aware": false,
                                                            "Scan Direction": "Forward",
                                                            "Index Name": "title_pkey",
                                                            "Relation Name": "title",
                                                            "Schema": "public",
                                                            "Alias": "t",
                                                            "Startup Cost": 0.43,
                                                            "Total Cost": 1.43,
                                                            "Plan Rows": 1,
                                                            "Plan Width": 21,
                                                            "Actual Startup Time": 0.017,
                                                            "Actual Total Time": 0.017,
                                                            "Actual Rows": 1,
                                                            "Actual Loops": 798,
                                                            "Output": [
                                                                "t.id",
                                                                "t.title",
                                                                "t.imdb_index",
                                                                "t.kind_id",
                                                                "t.production_year",
                                                                "t.imdb_id",
                                                                "t.phonetic_code",
                                                                "t.episode_of_id",
                                                                "t.season_nr",
                                                                "t.episode_nr",
                                                                "t.series_years",
                                                                "t.md5sum"
                                                            ],
                                                            "Index Cond": "(t.id = mc.movie_id)",
                                                            "Rows Removed by Index Recheck": 0,
                                                            "Filter": "(t.production_year > 1998)",
                                                            "Rows Removed by Filter": 0,
                                                            "Workers": [
                                                                {
                                                                    "Worker Number": 0,
                                                                    "Actual Startup Time": 0.02,
                                                                    "Actual Total Time": 0.02,
                                                                    "Actual Rows": 1,
                                                                    "Actual Loops": 172
                                                                },
                                                                {
                                                                    "Worker Number": 1,
                                                                    "Actual Startup Time": 0.018,
                                                                    "Actual Total Time": 0.018,
                                                                    "Actual Rows": 1,
                                                                    "Actual Loops": 198
                                                                },
                                                                {
                                                                    "Worker Number": 2,
                                                                    "Actual Startup Time": 0.018,
                                                                    "Actual Total Time": 0.018,
                                                                    "Actual Rows": 1,
                                                                    "Actual Loops": 189
                                                                }
                                                            ]
                                                        }
                                                    ]
                                                },
                                                {
                                                    "Node Type": "Index Scan",
                                                    "Parent Relationship": "Inner",
                                                    "Parallel Aware": false,
                                                    "Scan Direction": "Forward",
                                                    "Index Name": "movie_id_movie_info",
                                                    "Relation Name": "movie_info",
                                                    "Schema": "public",
                                                    "Alias": "mi",
                                                    "Startup Cost": 0.43,
                                                    "Total Cost": 2.24,
                                                    "Plan Rows": 4,
                                                    "Plan Width": 8,
                                                    "Actual Startup Time": 0.03,
                                                    "Actual Total Time": 0.08,
                                                    "Actual Rows": 2,
                                                    "Actual Loops": 748,
                                                    "Output": [
                                                        "mi.id",
                                                        "mi.movie_id",
                                                        "mi.info_type_id",
                                                        "mi.info",
                                                        "mi.note"
                                                    ],
                                                    "Index Cond": "(mi.movie_id = t.id)",
                                                    "Rows Removed by Index Recheck": 0,
                                                    "Filter": "(mi.info = ANY ('{American,German,Swedish,America,Danish,Norwegian,Norway,Bulgaria,USA,English}'::text[]))",
                                                    "Rows Removed by Filter": 9,
                                                    "Workers": [
                                                        {
                                                            "Worker Number": 0,
                                                            "Actual Startup Time": 0.032,
                                                            "Actual Total Time": 0.084,
                                                            "Actual Rows": 1,
                                                            "Actual Loops": 169
                                                        },
                                                        {
                                                            "Worker Number": 1,
                                                            "Actual Startup Time": 0.032,
                                                            "Actual Total Time": 0.085,
                                                            "Actual Rows": 2,
                                                            "Actual Loops": 186
                                                        },
                                                        {
                                                            "Worker Number": 2,
                                                            "Actual Startup Time": 0.032,
                                                            "Actual Total Time": 0.089,
                                                            "Actual Rows": 2,
                                                            "Actual Loops": 176
                                                        }
                                                    ]
                                                }
                                            ]
                                        },
                                        {
                                            "Node Type": "Hash",
                                            "Parent Relationship": "Inner",
                                            "Parallel Aware": false,
                                            "Startup Cost": 2.13,
                                            "Total Cost": 2.13,
                                            "Plan Rows": 113,
                                            "Plan Width": 4,
                                            "Actual Startup Time": 0.052,
                                            "Actual Total Time": 0.052,
                                            "Actual Rows": 113,
                                            "Actual Loops": 4,
                                            "Output": [
                                                "it.id"
                                            ],
                                            "Hash Buckets": 1024,
                                            "Original Hash Buckets": 1024,
                                            "Hash Batches": 1,
                                            "Original Hash Batches": 1,
                                            "Peak Memory Usage": 12,
                                            "Workers": [
                                                {
                                                    "Worker Number": 0,
                                                    "Actual Startup Time": 0.063,
                                                    "Actual Total Time": 0.064,
                                                    "Actual Rows": 113,
                                                    "Actual Loops": 1
                                                },
                                                {
                                                    "Worker Number": 1,
                                                    "Actual Startup Time": 0.056,
                                                    "Actual Total Time": 0.056,
                                                    "Actual Rows": 113,
                                                    "Actual Loops": 1
                                                },
                                                {
                                                    "Worker Number": 2,
                                                    "Actual Startup Time": 0.053,
                                                    "Actual Total Time": 0.054,
                                                    "Actual Rows": 113,
                                                    "Actual Loops": 1
                                                }
                                            ],
                                            "Plans": [
                                                {
                                                    "Node Type": "Seq Scan",
                                                    "Parent Relationship": "Outer",
                                                    "Parallel Aware": false,
                                                    "Relation Name": "info_type",
                                                    "Schema": "public",
                                                    "Alias": "it",
                                                    "Startup Cost": 0.0,
                                                    "Total Cost": 2.13,
                                                    "Plan Rows": 113,
                                                    "Plan Width": 4,
                                                    "Actual Startup Time": 0.024,
                                                    "Actual Total Time": 0.033,
                                                    "Actual Rows": 113,
                                                    "Actual Loops": 4,
                                                    "Output": [
                                                        "it.id"
                                                    ],
                                                    "Workers": [
                                                        {
                                                            "Worker Number": 0,
                                                            "Actual Startup Time": 0.027,
                                                            "Actual Total Time": 0.039,
                                                            "Actual Rows": 113,
                                                            "Actual Loops": 1
                                                        },
                                                        {
                                                            "Worker Number": 1,
                                                            "Actual Startup Time": 0.032,
                                                            "Actual Total Time": 0.039,
                                                            "Actual Rows": 113,
                                                            "Actual Loops": 1
                                                        },
                                                        {
                                                            "Worker Number": 2,
                                                            "Actual Startup Time": 0.028,
                                                            "Actual Total Time": 0.036,
                                                            "Actual Rows": 113,
                                                            "Actual Loops": 1
                                                        }
                                                    ]
                                                }
                                            ]
                                        }
                                    ]
                                }
                            ]
                        }
                    ]
                }
            ]
        },
        "Planning Time": 252.861,
        "Triggers": [],
        "Execution Time": 164.357
    }
]