[
    {
        "Bao": {
            "Bao prediction": 480.775,
            "Bao recommended hint": "SET enable_mergejoin TO off; SET enable_indexscan TO off; "
        }
    },
    {
        "Plan": {
            "Node Type": "Aggregate",
            "Strategy": "Plain",
            "Partial Mode": "Finalize",
            "Parallel Aware": false,
            "Startup Cost": 348342.58,
            "Total Cost": 348342.59,
            "Plan Rows": 1,
            "Plan Width": 8,
            "Actual Startup Time": 900.068,
            "Actual Total Time": 940.56,
            "Actual Rows": 1,
            "Actual Loops": 1,
            "Output": [
                "count(*)"
            ],
            "Plans": [
                {
                    "Node Type": "Gather",
                    "Parent Relationship": "Outer",
                    "Parallel Aware": false,
                    "Startup Cost": 348341.96,
                    "Total Cost": 348342.57,
                    "Plan Rows": 6,
                    "Plan Width": 8,
                    "Actual Startup Time": 900.0,
                    "Actual Total Time": 940.551,
                    "Actual Rows": 7,
                    "Actual Loops": 1,
                    "Output": [
                        "(PARTIAL count(*))"
                    ],
                    "Workers Planned": 6,
                    "Workers Launched": 6,
                    "Single Copy": false,
                    "Plans": [
                        {
                            "Node Type": "Aggregate",
                            "Strategy": "Plain",
                            "Partial Mode": "Partial",
                            "Parent Relationship": "Outer",
                            "Parallel Aware": false,
                            "Startup Cost": 347341.96,
                            "Total Cost": 347341.97,
                            "Plan Rows": 1,
                            "Plan Width": 8,
                            "Actual Startup Time": 890.538,
                            "Actual Total Time": 890.539,
                            "Actual Rows": 1,
                            "Actual Loops": 7,
                            "Output": [
                                "PARTIAL count(*)"
                            ],
                            "Workers": [
                                {
                                    "Worker Number": 0,
                                    "Actual Startup Time": 888.835,
                                    "Actual Total Time": 888.837,
                                    "Actual Rows": 1,
                                    "Actual Loops": 1
                                },
                                {
                                    "Worker Number": 1,
                                    "Actual Startup Time": 888.987,
                                    "Actual Total Time": 888.988,
                                    "Actual Rows": 1,
                                    "Actual Loops": 1
                                },
                                {
                                    "Worker Number": 2,
                                    "Actual Startup Time": 889.017,
                                    "Actual Total Time": 889.018,
                                    "Actual Rows": 1,
                                    "Actual Loops": 1
                                },
                                {
                                    "Worker Number": 3,
                                    "Actual Startup Time": 889.145,
                                    "Actual Total Time": 889.145,
                                    "Actual Rows": 1,
                                    "Actual Loops": 1
                                },
                                {
                                    "Worker Number": 4,
                                    "Actual Startup Time": 889.039,
                                    "Actual Total Time": 889.04,
                                    "Actual Rows": 1,
                                    "Actual Loops": 1
                                },
                                {
                                    "Worker Number": 5,
                                    "Actual Startup Time": 889.571,
                                    "Actual Total Time": 889.572,
                                    "Actual Rows": 1,
                                    "Actual Loops": 1
                                }
                            ],
                            "Plans": [
                                {
                                    "Node Type": "Seq Scan",
                                    "Parent Relationship": "Outer",
                                    "Parallel Aware": true,
                                    "Relation Name": "cast_info",
                                    "Schema": "public",
                                    "Alias": "ci",
                                    "Startup Cost": 0.0,
                                    "Total Cost": 343318.94,
                                    "Plan Rows": 1609207,
                                    "Plan Width": 0,
                                    "Actual Startup Time": 146.309,
                                    "Actual Total Time": 832.033,
                                    "Actual Rows": 889899,
                                    "Actual Loops": 7,
                                    "Output": [
                                        "id",
                                        "person_id",
                                        "movie_id",
                                        "person_role_id",
                                        "note",
                                        "nr_order",
                                        "role_id"
                                    ],
                                    "Filter": "((ci.person_id > 879270) AND (ci.role_id = 1))",
                                    "Rows Removed by Filter": 4287865,
                                    "Workers": [
                                        {
                                            "Worker Number": 0,
                                            "Actual Startup Time": 144.597,
                                            "Actual Total Time": 831.779,
                                            "Actual Rows": 865980,
                                            "Actual Loops": 1
                                        },
                                        {
                                            "Worker Number": 1,
                                            "Actual Startup Time": 144.77,
                                            "Actual Total Time": 831.49,
                                            "Actual Rows": 872657,
                                            "Actual Loops": 1
                                        },
                                        {
                                            "Worker Number": 2,
                                            "Actual Startup Time": 144.805,
                                            "Actual Total Time": 831.675,
                                            "Actual Rows": 871063,
                                            "Actual Loops": 1
                                        },
                                        {
                                            "Worker Number": 3,
                                            "Actual Startup Time": 144.915,
                                            "Actual Total Time": 831.992,
                                            "Actual Rows": 867620,
                                            "Actual Loops": 1
                                        },
                                        {
                                            "Worker Number": 4,
                                            "Actual Startup Time": 144.816,
                                            "Actual Total Time": 831.479,
                                            "Actual Rows": 874508,
                                            "Actual Loops": 1
                                        },
                                        {
                                            "Worker Number": 5,
                                            "Actual Startup Time": 145.347,
                                            "Actual Total Time": 832.316,
                                            "Actual Rows": 868759,
                                            "Actual Loops": 1
                                        }
                                    ]
                                }
                            ]
                        }
                    ]
                }
            ]
        },
        "Planning Time": 2544.616,
        "Triggers": [],
        "Execution Time": 940.65
    }
]