{
  "Plan": {
    "Node Type": "Aggregate",
    "Strategy": "Plain",
    "Partial Mode": "Finalize",
    "Parallel Aware": false,
    "Startup Cost": 130645.08,
    "Total Cost": 130645.09,
    "Plan Rows": 1,
    "Plan Width": 8,
    "Actual Startup Time": 761.744,
    "Actual Total Time": 832.05,
    "Actual Rows": 1,
    "Actual Loops": 1,
    "Plans": [
      {
        "Node Type": "Gather",
        "Parent Relationship": "Outer",
        "Parallel Aware": false,
        "Startup Cost": 130644.97,
        "Total Cost": 130645.08,
        "Plan Rows": 1,
        "Plan Width": 8,
        "Actual Startup Time": 761.352,
        "Actual Total Time": 832.04,
        "Actual Rows": 2,
        "Actual Loops": 1,
        "Workers Planned": 1,
        "Workers Launched": 1,
        "Single Copy": false,
        "Plans": [
          {
            "Node Type": "Aggregate",
            "Strategy": "Plain",
            "Partial Mode": "Partial",
            "Parent Relationship": "Outer",
            "Parallel Aware": false,
            "Startup Cost": 129644.97,
            "Total Cost": 129644.98,
            "Plan Rows": 1,
            "Plan Width": 8,
            "Actual Startup Time": 754.989,
            "Actual Total Time": 754.994,
            "Actual Rows": 1,
            "Actual Loops": 2,
            "Plans": [
              {
                "Node Type": "Nested Loop",
                "Parent Relationship": "Outer",
                "Parallel Aware": false,
                "Join Type": "Inner",
                "Startup Cost": 76377.86,
                "Total Cost": 129625.37,
                "Plan Rows": 7838,
                "Plan Width": 0,
                "Actual Startup Time": 214.05,
                "Actual Total Time": 752.14,
                "Actual Rows": 58153,
                "Actual Loops": 2,
                "Inner Unique": false,
                "Join Filter": "(t.id = ci.movie_id)",
                "Rows Removed by Join Filter": 0,
                "Plans": [
                  {
                    "Node Type": "Hash Join",
                    "Parent Relationship": "Outer",
                    "Parallel Aware": true,
                    "Join Type": "Inner",
                    "Startup Cost": 76377.3,
                    "Total Cost": 108307.41,
                    "Plan Rows": 6545,
                    "Plan Width": 8,
                    "Actual Startup Time": 212.734,
                    "Actual Total Time": 342.972,
                    "Actual Rows": 10596,
                    "Actual Loops": 2,
                    "Inner Unique": true,
                    "Hash Cond": "(mk.movie_id = t.id)",
                    "Plans": [
                      {
                        "Node Type": "Bitmap Heap Scan",
                        "Parent Relationship": "Outer",
                        "Parallel Aware": true,
                        "Relation Name": "movie_keyword",
                        "Alias": "mk",
                        "Startup Cost": 17824.68,
                        "Total Cost": 48457.28,
                        "Plan Rows": 494288,
                        "Plan Width": 4,
                        "Actual Startup Time": 61.928,
                        "Actual Total Time": 150.084,
                        "Actual Rows": 415557,
                        "Actual Loops": 2,
                        "Recheck Cond": "(keyword_id > 22158)",
                        "Rows Removed by Index Recheck": 0,
                        "Exact Heap Blocks": 14423,
                        "Lossy Heap Blocks": 0,
                        "Plans": [
                          {
                            "Node Type": "Bitmap Index Scan",
                            "Parent Relationship": "Outer",
                            "Parallel Aware": false,
                            "Index Name": "keyword_id_movie_keyword",
                            "Startup Cost": 0.0,
                            "Total Cost": 17614.61,
                            "Plan Rows": 840290,
                            "Plan Width": 0,
                            "Actual Startup Time": 58.298,
                            "Actual Total Time": 58.299,
                            "Actual Rows": 831114,
                            "Actual Loops": 1,
                            "Index Cond": "(keyword_id > 22158)"
                          }
                        ]
                      },
                      {
                        "Node Type": "Hash",
                        "Parent Relationship": "Inner",
                        "Parallel Aware": true,
                        "Startup Cost": 58306.47,
                        "Total Cost": 58306.47,
                        "Plan Rows": 19692,
                        "Plan Width": 4,
                        "Actual Startup Time": 149.168,
                        "Actual Total Time": 149.168,
                        "Actual Rows": 14056,
                        "Actual Loops": 2,
                        "Hash Buckets": 65536,
                        "Original Hash Buckets": 65536,
                        "Hash Batches": 1,
                        "Original Hash Batches": 1,
                        "Peak Memory Usage": 1664,
                        "Plans": [
                          {
                            "Node Type": "Seq Scan",
                            "Parent Relationship": "Outer",
                            "Parallel Aware": true,
                            "Relation Name": "title",
                            "Alias": "t",
                            "Startup Cost": 0.0,
                            "Total Cost": 58306.47,
                            "Plan Rows": 19692,
                            "Plan Width": 4,
                            "Actual Startup Time": 0.506,
                            "Actual Total Time": 144.1,
                            "Actual Rows": 14056,
                            "Actual Loops": 2,
                            "Filter": "((kind_id < 7) AND (production_year = 2004))",
                            "Rows Removed by Filter": 1250100
                          }
                        ]
                      }
                    ]
                  },
                  {
                    "Node Type": "Index Scan",
                    "Parent Relationship": "Inner",
                    "Parallel Aware": false,
                    "Scan Direction": "Forward",
                    "Index Name": "movie_id_cast_info",
                    "Relation Name": "cast_info",
                    "Alias": "ci",
                    "Startup Cost": 0.56,
                    "Total Cost": 3.22,
                    "Plan Rows": 3,
                    "Plan Width": 4,
                    "Actual Startup Time": 0.029,
                    "Actual Total Time": 0.038,
                    "Actual Rows": 5,
                    "Actual Loops": 21192,
                    "Index Cond": "(movie_id = mk.movie_id)",
                    "Rows Removed by Index Recheck": 0,
                    "Filter": "((person_id < 2591505) AND (role_id = 10))",
                    "Rows Removed by Filter": 60
                  }
                ]
              }
            ]
          }
        ]
      }
    ]
  },
  "Planning Time": 1.047,
  "Triggers": [],
  "Execution Time": 832.186
}