[
  {
    "Plan": {
      "Node Type": "Aggregate",
      "Strategy": "Plain",
      "Partial Mode": "Finalize",
      "Parallel Aware": false,
      "Startup Cost": 312269.27,
      "Total Cost": 312269.28,
      "Plan Rows": 1,
      "Plan Width": 8,
      "Actual Startup Time": 2010.129,
      "Actual Total Time": 2110.229,
      "Actual Rows": 1,
      "Actual Loops": 1,
      "Plans": [
        {
          "Node Type": "Gather",
          "Parent Relationship": "Outer",
          "Parallel Aware": false,
          "Startup Cost": 312268.75,
          "Total Cost": 312269.26,
          "Plan Rows": 5,
          "Plan Width": 8,
          "Actual Startup Time": 2007.394,
          "Actual Total Time": 2110.21,
          "Actual Rows": 6,
          "Actual Loops": 1,
          "Workers Planned": 5,
          "Workers Launched": 5,
          "Single Copy": false,
          "Plans": [
            {
              "Node Type": "Aggregate",
              "Strategy": "Plain",
              "Partial Mode": "Partial",
              "Parent Relationship": "Outer",
              "Parallel Aware": false,
              "Startup Cost": 311268.75,
              "Total Cost": 311268.76,
              "Plan Rows": 1,
              "Plan Width": 8,
              "Actual Startup Time": 1998.419,
              "Actual Total Time": 1998.424,
              "Actual Rows": 1,
              "Actual Loops": 6,
              "Plans": [
                {
                  "Node Type": "Nested Loop",
                  "Parent Relationship": "Outer",
                  "Parallel Aware": false,
                  "Join Type": "Inner",
                  "Startup Cost": 45882.54,
                  "Total Cost": 310509.15,
                  "Plan Rows": 303842,
                  "Plan Width": 0,
                  "Actual Startup Time": 290.955,
                  "Actual Total Time": 1947.435,
                  "Actual Rows": 873820,
                  "Actual Loops": 6,
                  "Inner Unique": false,
                  "Join Filter": "(t.id = ci.movie_id)",
                  "Rows Removed by Join Filter": 0,
                  "Plans": [
                    {
                      "Node Type": "Hash Join",
                      "Parent Relationship": "Outer",
                      "Parallel Aware": true,
                      "Join Type": "Inner",
                      "Startup Cost": 45881.97,
                      "Total Cost": 246582.05,
                      "Plan Rows": 30883,
                      "Plan Width": 8,
                      "Actual Startup Time": 290.792,
                      "Actual Total Time": 580.344,
                      "Actual Rows": 59220,
                      "Actual Loops": 6,
                      "Inner Unique": true,
                      "Hash Cond": "(mi.movie_id = t.id)",
                      "Plans": [
                        {
                          "Node Type": "Seq Scan",
                          "Parent Relationship": "Outer",
                          "Parallel Aware": true,
                          "Relation Name": "movie_info",
                          "Alias": "mi",
                          "Startup Cost": 0.0,
                          "Total Cost": 199108.24,
                          "Plan Rows": 606414,
                          "Plan Width": 4,
                          "Actual Startup Time": 82.436,
                          "Actual Total Time": 354.605,
                          "Actual Rows": 506120,
                          "Actual Loops": 6,
                          "Filter": "(info_type_id = 16)",
                          "Rows Removed by Filter": 1966500
                        },
                        {
                          "Node Type": "Hash",
                          "Parent Relationship": "Inner",
                          "Parallel Aware": true,
                          "Startup Cost": 45479.59,
                          "Total Cost": 45479.59,
                          "Plan Rows": 32191,
                          "Plan Width": 4,
                          "Actual Startup Time": 118.584,
                          "Actual Total Time": 118.585,
                          "Actual Rows": 44956,
                          "Actual Loops": 6,
                          "Hash Buckets": 524288,
                          "Original Hash Buckets": 131072,
                          "Hash Batches": 1,
                          "Original Hash Batches": 1,
                          "Peak Memory Usage": 17792,
                          "Plans": [
                            {
                              "Node Type": "Seq Scan",
                              "Parent Relationship": "Outer",
                              "Parallel Aware": true,
                              "Relation Name": "title",
                              "Alias": "t",
                              "Startup Cost": 0.0,
                              "Total Cost": 45479.59,
                              "Plan Rows": 32191,
                              "Plan Width": 4,
                              "Actual Startup Time": 51.729,
                              "Actual Total Time": 87.047,
                              "Actual Rows": 44956,
                              "Actual Loops": 6,
                              "Filter": "((kind_id < 2) AND (production_year < 1980))",
                              "Rows Removed by Filter": 376429
                            }
                          ]
                        }
                      ]
                    },
                    {
                      "Node Type": "Index Scan",
                      "Parent Relationship": "Inner",
                      "Parallel Aware": false,
                      "Scan Direction": "Forward",
                      "Index Name": "movie_id_cast_info",
                      "Relation Name": "cast_info",
                      "Alias": "ci",
                      "Startup Cost": 0.56,
                      "Total Cost": 1.77,
                      "Plan Rows": 24,
                      "Plan Width": 4,
                      "Actual Startup Time": 0.009,
                      "Actual Total Time": 0.021,
                      "Actual Rows": 15,
                      "Actual Loops": 355319,
                      "Index Cond": "(movie_id = mi.movie_id)",
                      "Rows Removed by Index Recheck": 0,
                      "Filter": "(person_id > 1126322)",
                      "Rows Removed by Filter": 11
                    }
                  ]
                }
              ]
            }
          ]
        }
      ]
    },
    "Planning Time": 0.702,
    "Triggers": [],
    "Execution Time": 2110.31
  }
]