[
  {
    "Plan": {
      "Node Type": "Aggregate",
      "Strategy": "Plain",
      "Partial Mode": "Finalize",
      "Parallel Aware": false,
      "Startup Cost": 68247.28,
      "Total Cost": 68247.29,
      "Plan Rows": 1,
      "Plan Width": 8,
      "Actual Startup Time": 189.01,
      "Actual Total Time": 218.844,
      "Actual Rows": 1,
      "Actual Loops": 1,
      "Plans": [
        {
          "Node Type": "Gather",
          "Parent Relationship": "Outer",
          "Parallel Aware": false,
          "Startup Cost": 68246.86,
          "Total Cost": 68247.27,
          "Plan Rows": 4,
          "Plan Width": 8,
          "Actual Startup Time": 188.714,
          "Actual Total Time": 218.835,
          "Actual Rows": 5,
          "Actual Loops": 1,
          "Workers Planned": 4,
          "Workers Launched": 4,
          "Single Copy": false,
          "Plans": [
            {
              "Node Type": "Aggregate",
              "Strategy": "Plain",
              "Partial Mode": "Partial",
              "Parent Relationship": "Outer",
              "Parallel Aware": false,
              "Startup Cost": 67246.86,
              "Total Cost": 67246.87,
              "Plan Rows": 1,
              "Plan Width": 8,
              "Actual Startup Time": 178.944,
              "Actual Total Time": 178.946,
              "Actual Rows": 1,
              "Actual Loops": 5,
              "Plans": [
                {
                  "Node Type": "Nested Loop",
                  "Parent Relationship": "Outer",
                  "Parallel Aware": false,
                  "Join Type": "Inner",
                  "Startup Cost": 0.99,
                  "Total Cost": 67211.9,
                  "Plan Rows": 13983,
                  "Plan Width": 0,
                  "Actual Startup Time": 3.377,
                  "Actual Total Time": 176.991,
                  "Actual Rows": 32541,
                  "Actual Loops": 5,
                  "Inner Unique": false,
                  "Join Filter": "(t.id = ci.movie_id)",
                  "Rows Removed by Join Filter": 0,
                  "Plans": [
                    {
                      "Node Type": "Nested Loop",
                      "Parent Relationship": "Outer",
                      "Parallel Aware": false,
                      "Join Type": "Inner",
                      "Startup Cost": 0.43,
                      "Total Cost": 64064.12,
                      "Plan Rows": 1428,
                      "Plan Width": 8,
                      "Actual Startup Time": 2.945,
                      "Actual Total Time": 86.652,
                      "Actual Rows": 2280,
                      "Actual Loops": 5,
                      "Inner Unique": false,
                      "Plans": [
                        {
                          "Node Type": "Seq Scan",
                          "Parent Relationship": "Outer",
                          "Parallel Aware": true,
                          "Relation Name": "title",
                          "Alias": "t",
                          "Startup Cost": 0.0,
                          "Total Cost": 45479.1,
                          "Plan Rows": 1384,
                          "Plan Width": 4,
                          "Actual Startup Time": 2.42,
                          "Actual Total Time": 72.84,
                          "Actual Rows": 1218,
                          "Actual Loops": 5,
                          "Filter": "((kind_id < 4) AND (production_year = 1968))",
                          "Rows Removed by Filter": 504445
                        },
                        {
                          "Node Type": "Index Only Scan",
                          "Parent Relationship": "Inner",
                          "Parallel Aware": false,
                          "Scan Direction": "Forward",
                          "Index Name": "movie_id_movie_companies",
                          "Relation Name": "movie_companies",
                          "Alias": "mc",
                          "Startup Cost": 0.43,
                          "Total Cost": 13.38,
                          "Plan Rows": 5,
                          "Plan Width": 4,
                          "Actual Startup Time": 0.009,
                          "Actual Total Time": 0.011,
                          "Actual Rows": 2,
                          "Actual Loops": 6089,
                          "Index Cond": "(movie_id = t.id)",
                          "Rows Removed by Index Recheck": 0,
                          "Heap Fetches": 11402
                        }
                      ]
                    },
                    {
                      "Node Type": "Index Scan",
                      "Parent Relationship": "Inner",
                      "Parallel Aware": false,
                      "Scan Direction": "Forward",
                      "Index Name": "movie_id_cast_info",
                      "Relation Name": "cast_info",
                      "Alias": "ci",
                      "Startup Cost": 0.56,
                      "Total Cost": 1.89,
                      "Plan Rows": 25,
                      "Plan Width": 4,
                      "Actual Startup Time": 0.016,
                      "Actual Total Time": 0.038,
                      "Actual Rows": 14,
                      "Actual Loops": 11402,
                      "Index Cond": "(movie_id = mc.movie_id)",
                      "Rows Removed by Index Recheck": 0,
                      "Filter": "(person_id > 1128469)",
                      "Rows Removed by Filter": 9
                    }
                  ]
                }
              ]
            }
          ]
        }
      ]
    },
    "Planning Time": 1.449,
    "Triggers": [],
    "Execution Time": 218.934
  }
]