[
  {
    "Plan": {
      "Node Type": "Aggregate",
      "Strategy": "Plain",
      "Partial Mode": "Finalize",
      "Parallel Aware": false,
      "Startup Cost": 30790.36,
      "Total Cost": 30790.37,
      "Plan Rows": 1,
      "Plan Width": 8,
      "Actual Startup Time": 41.18,
      "Actual Total Time": 49.876,
      "Actual Rows": 1,
      "Actual Loops": 1,
      "Plans": [
        {
          "Node Type": "Gather",
          "Parent Relationship": "Outer",
          "Parallel Aware": false,
          "Startup Cost": 30790.15,
          "Total Cost": 30790.36,
          "Plan Rows": 2,
          "Plan Width": 8,
          "Actual Startup Time": 40.94,
          "Actual Total Time": 49.87,
          "Actual Rows": 3,
          "Actual Loops": 1,
          "Workers Planned": 2,
          "Workers Launched": 2,
          "Single Copy": false,
          "Plans": [
            {
              "Node Type": "Aggregate",
              "Strategy": "Plain",
              "Partial Mode": "Partial",
              "Parent Relationship": "Outer",
              "Parallel Aware": false,
              "Startup Cost": 29790.15,
              "Total Cost": 29790.16,
              "Plan Rows": 1,
              "Plan Width": 8,
              "Actual Startup Time": 37.6,
              "Actual Total Time": 37.602,
              "Actual Rows": 1,
              "Actual Loops": 3,
              "Plans": [
                {
                  "Node Type": "Nested Loop",
                  "Parent Relationship": "Outer",
                  "Parallel Aware": false,
                  "Join Type": "Inner",
                  "Startup Cost": 114.2,
                  "Total Cost": 29788.99,
                  "Plan Rows": 464,
                  "Plan Width": 0,
                  "Actual Startup Time": 2.588,
                  "Actual Total Time": 37.166,
                  "Actual Rows": 6766,
                  "Actual Loops": 3,
                  "Inner Unique": false,
                  "Plans": [
                    {
                      "Node Type": "Nested Loop",
                      "Parent Relationship": "Outer",
                      "Parallel Aware": false,
                      "Join Type": "Inner",
                      "Startup Cost": 113.77,
                      "Total Cost": 28877.06,
                      "Plan Rows": 105,
                      "Plan Width": 8,
                      "Actual Startup Time": 2.515,
                      "Actual Total Time": 26.995,
                      "Actual Rows": 128,
                      "Actual Loops": 3,
                      "Inner Unique": true,
                      "Plans": [
                        {
                          "Node Type": "Bitmap Heap Scan",
                          "Parent Relationship": "Outer",
                          "Parallel Aware": true,
                          "Relation Name": "movie_keyword",
                          "Alias": "mk",
                          "Startup Cost": 113.34,
                          "Total Cost": 12888.65,
                          "Plan Rows": 2199,
                          "Plan Width": 4,
                          "Actual Startup Time": 1.115,
                          "Actual Total Time": 9.007,
                          "Actual Rows": 2556,
                          "Actual Loops": 3,
                          "Recheck Cond": "(keyword_id = 231)",
                          "Rows Removed by Index Recheck": 0,
                          "Exact Heap Blocks": 4075,
                          "Lossy Heap Blocks": 0,
                          "Plans": [
                            {
                              "Node Type": "Bitmap Index Scan",
                              "Parent Relationship": "Outer",
                              "Parallel Aware": false,
                              "Index Name": "keyword_id_movie_keyword",
                              "Startup Cost": 0.0,
                              "Total Cost": 112.02,
                              "Plan Rows": 5278,
                              "Plan Width": 0,
                              "Actual Startup Time": 1.87,
                              "Actual Total Time": 1.871,
                              "Actual Rows": 7668,
                              "Actual Loops": 1,
                              "Index Cond": "(keyword_id = 231)"
                            }
                          ]
                        },
                        {
                          "Node Type": "Index Scan",
                          "Parent Relationship": "Inner",
                          "Parallel Aware": false,
                          "Scan Direction": "Forward",
                          "Index Name": "title_pkey",
                          "Relation Name": "title",
                          "Alias": "t",
                          "Startup Cost": 0.43,
                          "Total Cost": 7.27,
                          "Plan Rows": 1,
                          "Plan Width": 4,
                          "Actual Startup Time": 0.007,
                          "Actual Total Time": 0.007,
                          "Actual Rows": 0,
                          "Actual Loops": 7668,
                          "Index Cond": "(id = mk.movie_id)",
                          "Rows Removed by Index Recheck": 0,
                          "Filter": "(production_year = 2007)",
                          "Rows Removed by Filter": 1
                        }
                      ]
                    },
                    {
                      "Node Type": "Index Scan",
                      "Parent Relationship": "Inner",
                      "Parallel Aware": false,
                      "Scan Direction": "Forward",
                      "Index Name": "movie_id_movie_info",
                      "Relation Name": "movie_info",
                      "Alias": "mi",
                      "Startup Cost": 0.43,
                      "Total Cost": 8.37,
                      "Plan Rows": 31,
                      "Plan Width": 4,
                      "Actual Startup Time": 0.018,
                      "Actual Total Time": 0.074,
                      "Actual Rows": 53,
                      "Actual Loops": 385,
                      "Index Cond": "(movie_id = t.id)",
                      "Rows Removed by Index Recheck": 0,
                      "Filter": "(info_type_id > 3)",
                      "Rows Removed by Filter": 4
                    }
                  ]
                }
              ]
            }
          ]
        }
      ]
    },
    "Planning Time": 0.922,
    "Triggers": [],
    "Execution Time": 49.931
  }
]