[
    {
        "Bao": {
            "Bao prediction": "NaN",
            "Bao recommended hint": "(no hint)"
        }
    },
    {
        "Plan": {
            "Node Type": "Aggregate",
            "Strategy": "Plain",
            "Partial Mode": "Simple",
            "Parallel Aware": false,
            "Startup Cost": 20850.5,
            "Total Cost": 20850.51,
            "Plan Rows": 1,
            "Plan Width": 8,
            "Actual Startup Time": 30.84,
            "Actual Total Time": 30.842,
            "Actual Rows": 1,
            "Actual Loops": 1,
            "Output": [
                "count(*)"
            ],
            "Plans": [
                {
                    "Node Type": "Bitmap Heap Scan",
                    "Parent Relationship": "Outer",
                    "Parallel Aware": false,
                    "Relation Name": "movie_companies",
                    "Schema": "public",
                    "Alias": "mc",
                    "Startup Cost": 1219.14,
                    "Total Cost": 20710.27,
                    "Plan Rows": 56091,
                    "Plan Width": 0,
                    "Actual Startup Time": 6.548,
                    "Actual Total Time": 25.175,
                    "Actual Rows": 57940,
                    "Actual Loops": 1,
                    "Recheck Cond": "(mc.company_id > 185348)",
                    "Rows Removed by Index Recheck": 0,
                    "Exact Heap Blocks": 2098,
                    "Lossy Heap Blocks": 0,
                    "Plans": [
                        {
                            "Node Type": "Bitmap Index Scan",
                            "Parent Relationship": "Outer",
                            "Parallel Aware": false,
                            "Index Name": "company_id_movie_companies",
                            "Startup Cost": 0.0,
                            "Total Cost": 1205.11,
                            "Plan Rows": 56091,
                            "Plan Width": 0,
                            "Actual Startup Time": 5.843,
                            "Actual Total Time": 5.844,
                            "Actual Rows": 57940,
                            "Actual Loops": 1,
                            "Index Cond": "(mc.company_id > 185348)"
                        }
                    ]
                }
            ]
        },
        "Planning Time": 246.922,
        "Triggers": [],
        "Execution Time": 30.915
    }
]