[
  {
    "Plan": {
      "Node Type": "Aggregate",
      "Strategy": "Plain",
      "Partial Mode": "Finalize",
      "Parallel Aware": false,
      "Startup Cost": 403631.05,
      "Total Cost": 403631.06,
      "Plan Rows": 1,
      "Plan Width": 8,
      "Actual Startup Time": 3107.318,
      "Actual Total Time": 3168.764,
      "Actual Rows": 1,
      "Actual Loops": 1,
      "Plans": [
        {
          "Node Type": "Gather",
          "Parent Relationship": "Outer",
          "Parallel Aware": false,
          "Startup Cost": 403630.43,
          "Total Cost": 403631.04,
          "Plan Rows": 6,
          "Plan Width": 8,
          "Actual Startup Time": 3095.778,
          "Actual Total Time": 3168.752,
          "Actual Rows": 7,
          "Actual Loops": 1,
          "Workers Planned": 6,
          "Workers Launched": 6,
          "Single Copy": false,
          "Plans": [
            {
              "Node Type": "Aggregate",
              "Strategy": "Plain",
              "Partial Mode": "Partial",
              "Parent Relationship": "Outer",
              "Parallel Aware": false,
              "Startup Cost": 402630.43,
              "Total Cost": 402630.44,
              "Plan Rows": 1,
              "Plan Width": 8,
              "Actual Startup Time": 3080.391,
              "Actual Total Time": 3080.395,
              "Actual Rows": 1,
              "Actual Loops": 7,
              "Plans": [
                {
                  "Node Type": "Hash Join",
                  "Parent Relationship": "Outer",
                  "Parallel Aware": true,
                  "Join Type": "Inner",
                  "Startup Cost": 50606.32,
                  "Total Cost": 391985.38,
                  "Plan Rows": 4258018,
                  "Plan Width": 0,
                  "Actual Startup Time": 363.752,
                  "Actual Total Time": 2872.829,
                  "Actual Rows": 3842523,
                  "Actual Loops": 7,
                  "Inner Unique": true,
                  "Hash Cond": "(ci.movie_id = t.id)",
                  "Plans": [
                    {
                      "Node Type": "Seq Scan",
                      "Parent Relationship": "Outer",
                      "Parallel Aware": true,
                      "Relation Name": "cast_info",
                      "Alias": "ci",
                      "Startup Cost": 0.0,
                      "Total Cost": 328211.39,
                      "Plan Rows": 5016247,
                      "Plan Width": 4,
                      "Actual Startup Time": 77.922,
                      "Actual Total Time": 740.285,
                      "Actual Rows": 4275297,
                      "Actual Loops": 7,
                      "Filter": "(person_id > 609521)",
                      "Rows Removed by Filter": 902466
                    },
                    {
                      "Node Type": "Hash",
                      "Parent Relationship": "Inner",
                      "Parallel Aware": true,
                      "Startup Cost": 43899.32,
                      "Total Cost": 43899.32,
                      "Plan Rows": 536560,
                      "Plan Width": 4,
                      "Actual Startup Time": 280.615,
                      "Actual Total Time": 280.617,
                      "Actual Rows": 304710,
                      "Actual Loops": 7,
                      "Hash Buckets": 4194304,
                      "Original Hash Buckets": 4194304,
                      "Hash Batches": 1,
                      "Original Hash Batches": 1,
                      "Peak Memory Usage": 116352,
                      "Plans": [
                        {
                          "Node Type": "Seq Scan",
                          "Parent Relationship": "Outer",
                          "Parallel Aware": true,
                          "Relation Name": "title",
                          "Alias": "t",
                          "Startup Cost": 0.0,
                          "Total Cost": 43899.32,
                          "Plan Rows": 536560,
                          "Plan Width": 4,
                          "Actual Startup Time": 0.056,
                          "Actual Total Time": 106.834,
                          "Actual Rows": 304710,
                          "Actual Loops": 7,
                          "Filter": "(production_year > 1966)",
                          "Rows Removed by Filter": 56477
                        }
                      ]
                    }
                  ]
                }
              ]
            }
          ]
        }
      ]
    },
    "Planning Time": 0.234,
    "Triggers": [],
    "Execution Time": 3168.814
  }
]