[
  {
    "Plan": {
      "Node Type": "Aggregate",
      "Strategy": "Plain",
      "Partial Mode": "Finalize",
      "Parallel Aware": false,
      "Startup Cost": 403585.37,
      "Total Cost": 403585.38,
      "Plan Rows": 1,
      "Plan Width": 8,
      "Actual Startup Time": 2721.614,
      "Actual Total Time": 2782.82,
      "Actual Rows": 1,
      "Actual Loops": 1,
      "Plans": [
        {
          "Node Type": "Gather",
          "Parent Relationship": "Outer",
          "Parallel Aware": false,
          "Startup Cost": 403584.75,
          "Total Cost": 403585.36,
          "Plan Rows": 6,
          "Plan Width": 8,
          "Actual Startup Time": 2704.952,
          "Actual Total Time": 2782.808,
          "Actual Rows": 7,
          "Actual Loops": 1,
          "Workers Planned": 6,
          "Workers Launched": 6,
          "Single Copy": false,
          "Plans": [
            {
              "Node Type": "Aggregate",
              "Strategy": "Plain",
              "Partial Mode": "Partial",
              "Parent Relationship": "Outer",
              "Parallel Aware": false,
              "Startup Cost": 402584.75,
              "Total Cost": 402584.76,
              "Plan Rows": 1,
              "Plan Width": 8,
              "Actual Startup Time": 2688.459,
              "Actual Total Time": 2688.462,
              "Actual Rows": 1,
              "Actual Loops": 7,
              "Plans": [
                {
                  "Node Type": "Hash Join",
                  "Parent Relationship": "Outer",
                  "Parallel Aware": true,
                  "Join Type": "Inner",
                  "Startup Cost": 50607.04,
                  "Total Cost": 391937.09,
                  "Plan Rows": 4259062,
                  "Plan Width": 0,
                  "Actual Startup Time": 295.904,
                  "Actual Total Time": 2531.945,
                  "Actual Rows": 3842523,
                  "Actual Loops": 7,
                  "Inner Unique": true,
                  "Hash Cond": "(ci.movie_id = t.id)",
                  "Plans": [
                    {
                      "Node Type": "Seq Scan",
                      "Parent Relationship": "Outer",
                      "Parallel Aware": true,
                      "Relation Name": "cast_info",
                      "Alias": "ci",
                      "Startup Cost": 0.0,
                      "Total Cost": 328162.03,
                      "Plan Rows": 5016382,
                      "Plan Width": 4,
                      "Actual Startup Time": 63.727,
                      "Actual Total Time": 602.974,
                      "Actual Rows": 4275297,
                      "Actual Loops": 7,
                      "Filter": "(person_id > 609521)",
                      "Rows Removed by Filter": 902466
                    },
                    {
                      "Node Type": "Hash",
                      "Parent Relationship": "Inner",
                      "Parallel Aware": true,
                      "Startup Cost": 43898.92,
                      "Total Cost": 43898.92,
                      "Plan Rows": 536650,
                      "Plan Width": 4,
                      "Actual Startup Time": 226.513,
                      "Actual Total Time": 226.514,
                      "Actual Rows": 304710,
                      "Actual Loops": 7,
                      "Hash Buckets": 4194304,
                      "Original Hash Buckets": 4194304,
                      "Hash Batches": 1,
                      "Original Hash Batches": 1,
                      "Peak Memory Usage": 116288,
                      "Plans": [
                        {
                          "Node Type": "Seq Scan",
                          "Parent Relationship": "Outer",
                          "Parallel Aware": true,
                          "Relation Name": "title",
                          "Alias": "t",
                          "Startup Cost": 0.0,
                          "Total Cost": 43898.92,
                          "Plan Rows": 536650,
                          "Plan Width": 4,
                          "Actual Startup Time": 0.041,
                          "Actual Total Time": 77.721,
                          "Actual Rows": 304710,
                          "Actual Loops": 7,
                          "Filter": "(production_year > 1966)",
                          "Rows Removed by Filter": 56477
                        }
                      ]
                    }
                  ]
                }
              ]
            }
          ]
        }
      ]
    },
    "Planning Time": 0.309,
    "Triggers": [],
    "Execution Time": 2782.886
  }
]