[
  {
    "Plan": {
      "Node Type": "Aggregate",
      "Strategy": "Plain",
      "Partial Mode": "Finalize",
      "Parallel Aware": false,
      "Startup Cost": 45440.41,
      "Total Cost": 45440.42,
      "Plan Rows": 1,
      "Plan Width": 8,
      "Actual Startup Time": 118.071,
      "Actual Total Time": 123.55,
      "Actual Rows": 1,
      "Actual Loops": 1,
      "Plans": [
        {
          "Node Type": "Gather",
          "Parent Relationship": "Outer",
          "Parallel Aware": false,
          "Startup Cost": 45440.09,
          "Total Cost": 45440.4,
          "Plan Rows": 3,
          "Plan Width": 8,
          "Actual Startup Time": 117.984,
          "Actual Total Time": 123.544,
          "Actual Rows": 4,
          "Actual Loops": 1,
          "Workers Planned": 3,
          "Workers Launched": 3,
          "Single Copy": false,
          "Plans": [
            {
              "Node Type": "Aggregate",
              "Strategy": "Plain",
              "Partial Mode": "Partial",
              "Parent Relationship": "Outer",
              "Parallel Aware": false,
              "Startup Cost": 44440.09,
              "Total Cost": 44440.1,
              "Plan Rows": 1,
              "Plan Width": 8,
              "Actual Startup Time": 115.599,
              "Actual Total Time": 115.6,
              "Actual Rows": 1,
              "Actual Loops": 4,
              "Plans": [
                {
                  "Node Type": "Seq Scan",
                  "Parent Relationship": "Outer",
                  "Parallel Aware": true,
                  "Relation Name": "movie_keyword",
                  "Alias": "mk",
                  "Startup Cost": 0.0,
                  "Total Cost": 42695.65,
                  "Plan Rows": 697776,
                  "Plan Width": 0,
                  "Actual Startup Time": 0.014,
                  "Actual Total Time": 92.62,
                  "Actual Rows": 541231,
                  "Actual Loops": 4,
                  "Filter": "(keyword_id < 4168)",
                  "Rows Removed by Filter": 589751
                }
              ]
            }
          ]
        }
      ]
    },
    "Planning Time": 0.058,
    "Triggers": [],
    "Execution Time": 123.572
  }
]