[
    {
        "Bao": {
            "Bao prediction": "NaN",
            "Bao recommended hint": "(no hint)"
        }
    },
    {
        "Plan": {
            "Node Type": "Aggregate",
            "Strategy": "Plain",
            "Partial Mode": "Finalize",
            "Parallel Aware": false,
            "Startup Cost": 343032.24,
            "Total Cost": 343032.25,
            "Plan Rows": 1,
            "Plan Width": 8,
            "Actual Startup Time": 781.071,
            "Actual Total Time": 811.239,
            "Actual Rows": 1,
            "Actual Loops": 1,
            "Output": [
                "count(*)"
            ],
            "Plans": [
                {
                    "Node Type": "Gather",
                    "Parent Relationship": "Outer",
                    "Parallel Aware": false,
                    "Startup Cost": 343031.61,
                    "Total Cost": 343032.22,
                    "Plan Rows": 6,
                    "Plan Width": 8,
                    "Actual Startup Time": 780.967,
                    "Actual Total Time": 811.23,
                    "Actual Rows": 7,
                    "Actual Loops": 1,
                    "Output": [
                        "(PARTIAL count(*))"
                    ],
                    "Workers Planned": 6,
                    "Workers Launched": 6,
                    "Single Copy": false,
                    "Plans": [
                        {
                            "Node Type": "Aggregate",
                            "Strategy": "Plain",
                            "Partial Mode": "Partial",
                            "Parent Relationship": "Outer",
                            "Parallel Aware": false,
                            "Startup Cost": 342031.61,
                            "Total Cost": 342031.62,
                            "Plan Rows": 1,
                            "Plan Width": 8,
                            "Actual Startup Time": 771.281,
                            "Actual Total Time": 771.282,
                            "Actual Rows": 1,
                            "Actual Loops": 7,
                            "Output": [
                                "PARTIAL count(*)"
                            ],
                            "Workers": [
                                {
                                    "Worker Number": 0,
                                    "Actual Startup Time": 768.901,
                                    "Actual Total Time": 768.903,
                                    "Actual Rows": 1,
                                    "Actual Loops": 1
                                },
                                {
                                    "Worker Number": 1,
                                    "Actual Startup Time": 769.058,
                                    "Actual Total Time": 769.059,
                                    "Actual Rows": 1,
                                    "Actual Loops": 1
                                },
                                {
                                    "Worker Number": 2,
                                    "Actual Startup Time": 769.742,
                                    "Actual Total Time": 769.744,
                                    "Actual Rows": 1,
                                    "Actual Loops": 1
                                },
                                {
                                    "Worker Number": 3,
                                    "Actual Startup Time": 769.879,
                                    "Actual Total Time": 769.881,
                                    "Actual Rows": 1,
                                    "Actual Loops": 1
                                },
                                {
                                    "Worker Number": 4,
                                    "Actual Startup Time": 770.23,
                                    "Actual Total Time": 770.231,
                                    "Actual Rows": 1,
                                    "Actual Loops": 1
                                },
                                {
                                    "Worker Number": 5,
                                    "Actual Startup Time": 770.555,
                                    "Actual Total Time": 770.556,
                                    "Actual Rows": 1,
                                    "Actual Loops": 1
                                }
                            ],
                            "Plans": [
                                {
                                    "Node Type": "Seq Scan",
                                    "Parent Relationship": "Outer",
                                    "Parallel Aware": true,
                                    "Relation Name": "cast_info",
                                    "Schema": "public",
                                    "Alias": "ci",
                                    "Startup Cost": 0.0,
                                    "Total Cost": 328213.62,
                                    "Plan Rows": 5527198,
                                    "Plan Width": 0,
                                    "Actual Startup Time": 42.886,
                                    "Actual Total Time": 578.106,
                                    "Actual Rows": 4729092,
                                    "Actual Loops": 7,
                                    "Output": [
                                        "id",
                                        "person_id",
                                        "movie_id",
                                        "person_role_id",
                                        "note",
                                        "nr_order",
                                        "role_id"
                                    ],
                                    "Filter": "(ci.person_id > 304108)",
                                    "Rows Removed by Filter": 448672,
                                    "Workers": [
                                        {
                                            "Worker Number": 0,
                                            "Actual Startup Time": 40.508,
                                            "Actual Total Time": 582.583,
                                            "Actual Rows": 4602137,
                                            "Actual Loops": 1
                                        },
                                        {
                                            "Worker Number": 1,
                                            "Actual Startup Time": 40.666,
                                            "Actual Total Time": 582.486,
                                            "Actual Rows": 4516444,
                                            "Actual Loops": 1
                                        },
                                        {
                                            "Worker Number": 2,
                                            "Actual Startup Time": 41.353,
                                            "Actual Total Time": 584.054,
                                            "Actual Rows": 4591128,
                                            "Actual Loops": 1
                                        },
                                        {
                                            "Worker Number": 3,
                                            "Actual Startup Time": 41.484,
                                            "Actual Total Time": 584.277,
                                            "Actual Rows": 4586448,
                                            "Actual Loops": 1
                                        },
                                        {
                                            "Worker Number": 4,
                                            "Actual Startup Time": 41.836,
                                            "Actual Total Time": 583.613,
                                            "Actual Rows": 4521283,
                                            "Actual Loops": 1
                                        },
                                        {
                                            "Worker Number": 5,
                                            "Actual Startup Time": 42.158,
                                            "Actual Total Time": 583.404,
                                            "Actual Rows": 4531749,
                                            "Actual Loops": 1
                                        }
                                    ]
                                }
                            ]
                        }
                    ]
                }
            ]
        },
        "Planning Time": 190.781,
        "Triggers": [],
        "Execution Time": 811.292
    }
]