[
    {
        "Bao": {
            "Bao prediction": 492.519,
            "Bao recommended hint": "SET enable_mergejoin TO off; "
        }
    },
    {
        "Plan": {
            "Node Type": "Aggregate",
            "Strategy": "Plain",
            "Partial Mode": "Finalize",
            "Parallel Aware": false,
            "Startup Cost": 349994.81,
            "Total Cost": 349994.82,
            "Plan Rows": 1,
            "Plan Width": 8,
            "Actual Startup Time": 1109.406,
            "Actual Total Time": 1150.908,
            "Actual Rows": 1,
            "Actual Loops": 1,
            "Output": [
                "count(*)"
            ],
            "Plans": [
                {
                    "Node Type": "Gather",
                    "Parent Relationship": "Outer",
                    "Parallel Aware": false,
                    "Startup Cost": 349994.18,
                    "Total Cost": 349994.79,
                    "Plan Rows": 6,
                    "Plan Width": 8,
                    "Actual Startup Time": 1109.229,
                    "Actual Total Time": 1150.895,
                    "Actual Rows": 7,
                    "Actual Loops": 1,
                    "Output": [
                        "(PARTIAL count(*))"
                    ],
                    "Workers Planned": 6,
                    "Workers Launched": 6,
                    "Single Copy": false,
                    "Plans": [
                        {
                            "Node Type": "Aggregate",
                            "Strategy": "Plain",
                            "Partial Mode": "Partial",
                            "Parent Relationship": "Outer",
                            "Parallel Aware": false,
                            "Startup Cost": 348994.18,
                            "Total Cost": 348994.19,
                            "Plan Rows": 1,
                            "Plan Width": 8,
                            "Actual Startup Time": 1098.117,
                            "Actual Total Time": 1098.119,
                            "Actual Rows": 1,
                            "Actual Loops": 7,
                            "Output": [
                                "PARTIAL count(*)"
                            ],
                            "Workers": [
                                {
                                    "Worker Number": 0,
                                    "Actual Startup Time": 1096.235,
                                    "Actual Total Time": 1096.237,
                                    "Actual Rows": 1,
                                    "Actual Loops": 1
                                },
                                {
                                    "Worker Number": 1,
                                    "Actual Startup Time": 1096.308,
                                    "Actual Total Time": 1096.309,
                                    "Actual Rows": 1,
                                    "Actual Loops": 1
                                },
                                {
                                    "Worker Number": 2,
                                    "Actual Startup Time": 1096.023,
                                    "Actual Total Time": 1096.025,
                                    "Actual Rows": 1,
                                    "Actual Loops": 1
                                },
                                {
                                    "Worker Number": 3,
                                    "Actual Startup Time": 1096.2,
                                    "Actual Total Time": 1096.201,
                                    "Actual Rows": 1,
                                    "Actual Loops": 1
                                },
                                {
                                    "Worker Number": 4,
                                    "Actual Startup Time": 1096.356,
                                    "Actual Total Time": 1096.358,
                                    "Actual Rows": 1,
                                    "Actual Loops": 1
                                },
                                {
                                    "Worker Number": 5,
                                    "Actual Startup Time": 1097.447,
                                    "Actual Total Time": 1097.449,
                                    "Actual Rows": 1,
                                    "Actual Loops": 1
                                }
                            ],
                            "Plans": [
                                {
                                    "Node Type": "Seq Scan",
                                    "Parent Relationship": "Outer",
                                    "Parallel Aware": true,
                                    "Relation Name": "cast_info",
                                    "Schema": "public",
                                    "Alias": "ci",
                                    "Startup Cost": 0.0,
                                    "Total Cost": 343318.94,
                                    "Plan Rows": 2270097,
                                    "Plan Width": 0,
                                    "Actual Startup Time": 525.6,
                                    "Actual Total Time": 996.001,
                                    "Actual Rows": 1535197,
                                    "Actual Loops": 7,
                                    "Output": [
                                        "id",
                                        "person_id",
                                        "movie_id",
                                        "person_role_id",
                                        "note",
                                        "nr_order",
                                        "role_id"
                                    ],
                                    "Filter": "((ci.person_id < 3120989) AND (ci.role_id > 2))",
                                    "Rows Removed by Filter": 3642566,
                                    "Workers": [
                                        {
                                            "Worker Number": 0,
                                            "Actual Startup Time": 523.706,
                                            "Actual Total Time": 995.649,
                                            "Actual Rows": 1454822,
                                            "Actual Loops": 1
                                        },
                                        {
                                            "Worker Number": 1,
                                            "Actual Startup Time": 523.767,
                                            "Actual Total Time": 998.088,
                                            "Actual Rows": 1432214,
                                            "Actual Loops": 1
                                        },
                                        {
                                            "Worker Number": 2,
                                            "Actual Startup Time": 523.526,
                                            "Actual Total Time": 997.159,
                                            "Actual Rows": 1483490,
                                            "Actual Loops": 1
                                        },
                                        {
                                            "Worker Number": 3,
                                            "Actual Startup Time": 523.679,
                                            "Actual Total Time": 995.442,
                                            "Actual Rows": 1507332,
                                            "Actual Loops": 1
                                        },
                                        {
                                            "Worker Number": 4,
                                            "Actual Startup Time": 523.836,
                                            "Actual Total Time": 995.445,
                                            "Actual Rows": 1491650,
                                            "Actual Loops": 1
                                        },
                                        {
                                            "Worker Number": 5,
                                            "Actual Startup Time": 524.935,
                                            "Actual Total Time": 999.585,
                                            "Actual Rows": 1466147,
                                            "Actual Loops": 1
                                        }
                                    ]
                                }
                            ]
                        }
                    ]
                }
            ]
        },
        "Planning Time": 2101.545,
        "Triggers": [],
        "Execution Time": 1151.083
    }
]