{
  "Plan": {
    "Node Type": "Aggregate",
    "Strategy": "Plain",
    "Partial Mode": "Finalize",
    "Parallel Aware": false,
    "Startup Cost": 2559668.77,
    "Total Cost": 2559668.78,
    "Plan Rows": 1,
    "Plan Width": 8,
    "Actual Startup Time": 18154.851,
    "Actual Total Time": 18260.128,
    "Actual Rows": 1,
    "Actual Loops": 1,
    "Plans": [
      {
        "Node Type": "Gather",
        "Parent Relationship": "Outer",
        "Parallel Aware": false,
        "Startup Cost": 2559668.66,
        "Total Cost": 2559668.77,
        "Plan Rows": 1,
        "Plan Width": 8,
        "Actual Startup Time": 18153.557,
        "Actual Total Time": 18260.12,
        "Actual Rows": 2,
        "Actual Loops": 1,
        "Workers Planned": 1,
        "Workers Launched": 1,
        "Single Copy": false,
        "Plans": [
          {
            "Node Type": "Aggregate",
            "Strategy": "Plain",
            "Partial Mode": "Partial",
            "Parent Relationship": "Outer",
            "Parallel Aware": false,
            "Startup Cost": 2558668.66,
            "Total Cost": 2558668.67,
            "Plan Rows": 1,
            "Plan Width": 8,
            "Actual Startup Time": 18147.522,
            "Actual Total Time": 18147.524,
            "Actual Rows": 1,
            "Actual Loops": 2,
            "Plans": [
              {
                "Node Type": "Merge Join",
                "Parent Relationship": "Outer",
                "Parallel Aware": false,
                "Join Type": "Inner",
                "Startup Cost": 95737.6,
                "Total Cost": 2548731.55,
                "Plan Rows": 3974844,
                "Plan Width": 0,
                "Actual Startup Time": 9288.153,
                "Actual Total Time": 18021.743,
                "Actual Rows": 2803679,
                "Actual Loops": 2,
                "Inner Unique": false,
                "Merge Cond": "(t.id = mc.movie_id)",
                "Plans": [
                  {
                    "Node Type": "Merge Join",
                    "Parent Relationship": "Outer",
                    "Parallel Aware": false,
                    "Join Type": "Inner",
                    "Startup Cost": 44.0,
                    "Total Cost": 2345768.34,
                    "Plan Rows": 20047496,
                    "Plan Width": 8,
                    "Actual Startup Time": 0.338,
                    "Actual Total Time": 16587.538,
                    "Actual Rows": 17052141,
                    "Actual Loops": 2,
                    "Inner Unique": true,
                    "Merge Cond": "(ci.movie_id = t.id)",
                    "Plans": [
                      {
                        "Node Type": "Index Scan",
                        "Parent Relationship": "Outer",
                        "Parallel Aware": true,
                        "Scan Direction": "Forward",
                        "Index Name": "movie_id_cast_info",
                        "Relation Name": "cast_info",
                        "Alias": "ci",
                        "Startup Cost": 0.56,
                        "Total Cost": 1978621.64,
                        "Plan Rows": 20047496,
                        "Plan Width": 4,
                        "Actual Startup Time": 0.104,
                        "Actual Total Time": 13144.816,
                        "Actual Rows": 17052141,
                        "Actual Loops": 2,
                        "Filter": "(person_id > 210007)",
                        "Rows Removed by Filter": 1068510
                      },
                      {
                        "Node Type": "Index Only Scan",
                        "Parent Relationship": "Inner",
                        "Parallel Aware": false,
                        "Scan Direction": "Forward",
                        "Index Name": "title_pkey",
                        "Relation Name": "title",
                        "Alias": "t",
                        "Startup Cost": 0.43,
                        "Total Cost": 110339.97,
                        "Plan Rows": 2528293,
                        "Plan Width": 4,
                        "Actual Startup Time": 0.132,
                        "Actual Total Time": 1445.587,
                        "Actual Rows": 2525675,
                        "Actual Loops": 2,
                        "Heap Fetches": 5051350
                      }
                    ]
                  },
                  {
                    "Node Type": "Sort",
                    "Parent Relationship": "Inner",
                    "Parallel Aware": false,
                    "Startup Cost": 95645.31,
                    "Total Cost": 96898.53,
                    "Plan Rows": 501288,
                    "Plan Width": 4,
                    "Actual Startup Time": 238.057,
                    "Actual Total Time": 353.688,
                    "Actual Rows": 2906372,
                    "Actual Loops": 2,
                    "Sort Key": [
                      "mc.movie_id"
                    ],
                    "Sort Method": "quicksort",
                    "Sort Space Used": 15507,
                    "Sort Space Type": "Memory",
                    "Workers": [
                      {
                        "Worker Number": 0,
                        "Sort Method": "quicksort",
                        "Sort Space Used": 15507,
                        "Sort Space Type": "Memory"
                      }
                    ],
                    "Plans": [
                      {
                        "Node Type": "Index Scan",
                        "Parent Relationship": "Outer",
                        "Parallel Aware": false,
                        "Scan Direction": "Forward",
                        "Index Name": "company_type_id_movie_companies",
                        "Relation Name": "movie_companies",
                        "Alias": "mc",
                        "Startup Cost": 0.43,
                        "Total Cost": 48185.17,
                        "Plan Rows": 501288,
                        "Plan Width": 4,
                        "Actual Startup Time": 69.943,
                        "Actual Total Time": 195.36,
                        "Actual Rows": 199727,
                        "Actual Loops": 2,
                        "Index Cond": "(company_type_id = 1)",
                        "Rows Removed by Index Recheck": 0,
                        "Filter": "(company_id > 15608)",
                        "Rows Removed by Filter": 1074519
                      }
                    ]
                  }
                ]
              }
            ]
          }
        ]
      }
    ]
  },
  "Planning Time": 1.144,
  "Triggers": [],
  "Execution Time": 18260.251
}