[
  {
    "Plan": {
      "Node Type": "Aggregate",
      "Strategy": "Plain",
      "Partial Mode": "Finalize",
      "Parallel Aware": false,
      "Startup Cost": 335185.42,
      "Total Cost": 335185.43,
      "Plan Rows": 1,
      "Plan Width": 8,
      "Actual Startup Time": 707.167,
      "Actual Total Time": 766.524,
      "Actual Rows": 1,
      "Actual Loops": 1,
      "Plans": [
        {
          "Node Type": "Gather",
          "Parent Relationship": "Outer",
          "Parallel Aware": false,
          "Startup Cost": 335184.8,
          "Total Cost": 335185.41,
          "Plan Rows": 6,
          "Plan Width": 8,
          "Actual Startup Time": 707.062,
          "Actual Total Time": 766.508,
          "Actual Rows": 7,
          "Actual Loops": 1,
          "Workers Planned": 6,
          "Workers Launched": 6,
          "Single Copy": false,
          "Plans": [
            {
              "Node Type": "Aggregate",
              "Strategy": "Plain",
              "Partial Mode": "Partial",
              "Parent Relationship": "Outer",
              "Parallel Aware": false,
              "Startup Cost": 334184.8,
              "Total Cost": 334184.81,
              "Plan Rows": 1,
              "Plan Width": 8,
              "Actual Startup Time": 696.31,
              "Actual Total Time": 696.311,
              "Actual Rows": 1,
              "Actual Loops": 7,
              "Plans": [
                {
                  "Node Type": "Seq Scan",
                  "Parent Relationship": "Outer",
                  "Parallel Aware": true,
                  "Relation Name": "cast_info",
                  "Alias": "ci",
                  "Startup Cost": 0.0,
                  "Total Cost": 328162.03,
                  "Plan Rows": 2409108,
                  "Plan Width": 0,
                  "Actual Startup Time": 255.767,
                  "Actual Total Time": 606.019,
                  "Actual Rows": 2056447,
                  "Actual Loops": 7,
                  "Filter": "(person_id > 2221890)",
                  "Rows Removed by Filter": 3121316
                }
              ]
            }
          ]
        }
      ]
    },
    "Planning Time": 0.185,
    "Triggers": [],
    "Execution Time": 766.597
  }
]