[
  {
    "Plan": {
      "Node Type": "Aggregate",
      "Strategy": "Plain",
      "Partial Mode": "Finalize",
      "Parallel Aware": false,
      "Startup Cost": 392674.55,
      "Total Cost": 392674.56,
      "Plan Rows": 1,
      "Plan Width": 8,
      "Actual Startup Time": 1115.572,
      "Actual Total Time": 1144.551,
      "Actual Rows": 1,
      "Actual Loops": 1,
      "Plans": [
        {
          "Node Type": "Gather",
          "Parent Relationship": "Outer",
          "Parallel Aware": false,
          "Startup Cost": 392673.93,
          "Total Cost": 392674.54,
          "Plan Rows": 6,
          "Plan Width": 8,
          "Actual Startup Time": 1102.65,
          "Actual Total Time": 1144.539,
          "Actual Rows": 7,
          "Actual Loops": 1,
          "Workers Planned": 6,
          "Workers Launched": 6,
          "Single Copy": false,
          "Plans": [
            {
              "Node Type": "Aggregate",
              "Strategy": "Plain",
              "Partial Mode": "Partial",
              "Parent Relationship": "Outer",
              "Parallel Aware": false,
              "Startup Cost": 391673.93,
              "Total Cost": 391673.94,
              "Plan Rows": 1,
              "Plan Width": 8,
              "Actual Startup Time": 1087.284,
              "Actual Total Time": 1087.288,
              "Actual Rows": 1,
              "Actual Loops": 7,
              "Plans": [
                {
                  "Node Type": "Hash Join",
                  "Parent Relationship": "Outer",
                  "Parallel Aware": true,
                  "Join Type": "Inner",
                  "Startup Cost": 48743.01,
                  "Total Cost": 388837.03,
                  "Plan Rows": 1134760,
                  "Plan Width": 0,
                  "Actual Startup Time": 273.317,
                  "Actual Total Time": 1054.336,
                  "Actual Rows": 795906,
                  "Actual Loops": 7,
                  "Inner Unique": true,
                  "Hash Cond": "(ci.movie_id = t.id)",
                  "Plans": [
                    {
                      "Node Type": "Index Scan",
                      "Parent Relationship": "Outer",
                      "Parallel Aware": true,
                      "Scan Direction": "Forward",
                      "Index Name": "role_id_cast_info",
                      "Relation Name": "cast_info",
                      "Alias": "ci",
                      "Startup Cost": 0.56,
                      "Total Cost": 335235.55,
                      "Plan Rows": 1851058,
                      "Plan Width": 4,
                      "Actual Startup Time": 81.818,
                      "Actual Total Time": 359.92,
                      "Actual Rows": 1386953,
                      "Actual Loops": 7,
                      "Index Cond": "(role_id < 2)",
                      "Rows Removed by Index Recheck": 0,
                      "Filter": "(person_id > 394462)",
                      "Rows Removed by Filter": 423145
                    },
                    {
                      "Node Type": "Hash",
                      "Parent Relationship": "Inner",
                      "Parallel Aware": true,
                      "Startup Cost": 43898.92,
                      "Total Cost": 43898.92,
                      "Plan Rows": 387482,
                      "Plan Width": 4,
                      "Actual Startup Time": 186.697,
                      "Actual Total Time": 186.699,
                      "Actual Rows": 222266,
                      "Actual Loops": 7,
                      "Hash Buckets": 2097152,
                      "Original Hash Buckets": 2097152,
                      "Hash Batches": 1,
                      "Original Hash Batches": 1,
                      "Peak Memory Usage": 77376,
                      "Plans": [
                        {
                          "Node Type": "Seq Scan",
                          "Parent Relationship": "Outer",
                          "Parallel Aware": true,
                          "Relation Name": "title",
                          "Alias": "t",
                          "Startup Cost": 0.0,
                          "Total Cost": 43898.92,
                          "Plan Rows": 387482,
                          "Plan Width": 4,
                          "Actual Startup Time": 0.04,
                          "Actual Total Time": 76.206,
                          "Actual Rows": 222266,
                          "Actual Loops": 7,
                          "Filter": "(kind_id > 4)",
                          "Rows Removed by Filter": 138921
                        }
                      ]
                    }
                  ]
                }
              ]
            }
          ]
        }
      ]
    },
    "Planning Time": 0.601,
    "Triggers": [],
    "Execution Time": 1144.631
  }
]