[
  {
    "Plan": {
      "Node Type": "Aggregate",
      "Strategy": "Plain",
      "Partial Mode": "Finalize",
      "Parallel Aware": false,
      "Startup Cost": 15697.34,
      "Total Cost": 15697.35,
      "Plan Rows": 1,
      "Plan Width": 8,
      "Actual Startup Time": 188.579,
      "Actual Total Time": 209.027,
      "Actual Rows": 1,
      "Actual Loops": 1,
      "Plans": [
        {
          "Node Type": "Gather",
          "Parent Relationship": "Outer",
          "Parallel Aware": false,
          "Startup Cost": 15697.02,
          "Total Cost": 15697.33,
          "Plan Rows": 3,
          "Plan Width": 8,
          "Actual Startup Time": 188.334,
          "Actual Total Time": 209.021,
          "Actual Rows": 4,
          "Actual Loops": 1,
          "Workers Planned": 3,
          "Workers Launched": 3,
          "Single Copy": false,
          "Plans": [
            {
              "Node Type": "Aggregate",
              "Strategy": "Plain",
              "Partial Mode": "Partial",
              "Parent Relationship": "Outer",
              "Parallel Aware": false,
              "Startup Cost": 14697.02,
              "Total Cost": 14697.03,
              "Plan Rows": 1,
              "Plan Width": 8,
              "Actual Startup Time": 178.775,
              "Actual Total Time": 178.776,
              "Actual Rows": 1,
              "Actual Loops": 4,
              "Plans": [
                {
                  "Node Type": "Nested Loop",
                  "Parent Relationship": "Outer",
                  "Parallel Aware": false,
                  "Join Type": "Inner",
                  "Startup Cost": 1.43,
                  "Total Cost": 14696.9,
                  "Plan Rows": 47,
                  "Plan Width": 0,
                  "Actual Startup Time": 13.221,
                  "Actual Total Time": 178.657,
                  "Actual Rows": 1895,
                  "Actual Loops": 4,
                  "Inner Unique": false,
                  "Plans": [
                    {
                      "Node Type": "Nested Loop",
                      "Parent Relationship": "Outer",
                      "Parallel Aware": false,
                      "Join Type": "Inner",
                      "Startup Cost": 0.99,
                      "Total Cost": 14599.44,
                      "Plan Rows": 26,
                      "Plan Width": 8,
                      "Actual Startup Time": 10.847,
                      "Actual Total Time": 174.779,
                      "Actual Rows": 1264,
                      "Actual Loops": 4,
                      "Inner Unique": true,
                      "Plans": [
                        {
                          "Node Type": "Index Scan",
                          "Parent Relationship": "Outer",
                          "Parallel Aware": true,
                          "Scan Direction": "Forward",
                          "Index Name": "role_id_cast_info",
                          "Relation Name": "cast_info",
                          "Alias": "ci",
                          "Startup Cost": 0.56,
                          "Total Cost": 8600.37,
                          "Plan Rows": 763,
                          "Plan Width": 4,
                          "Actual Startup Time": 0.129,
                          "Actual Total Time": 15.734,
                          "Actual Rows": 40162,
                          "Actual Loops": 4,
                          "Index Cond": "(role_id = 11)",
                          "Rows Removed by Index Recheck": 0,
                          "Filter": "(person_id > 4010120)",
                          "Rows Removed by Filter": 38867
                        },
                        {
                          "Node Type": "Index Scan",
                          "Parent Relationship": "Inner",
                          "Parallel Aware": false,
                          "Scan Direction": "Forward",
                          "Index Name": "title_pkey",
                          "Relation Name": "title",
                          "Alias": "t",
                          "Startup Cost": 0.43,
                          "Total Cost": 7.86,
                          "Plan Rows": 1,
                          "Plan Width": 4,
                          "Actual Startup Time": 0.004,
                          "Actual Total Time": 0.004,
                          "Actual Rows": 0,
                          "Actual Loops": 160649,
                          "Index Cond": "(id = ci.movie_id)",
                          "Rows Removed by Index Recheck": 0,
                          "Filter": "((kind_id = 7) AND (production_year = 2010))",
                          "Rows Removed by Filter": 1
                        }
                      ]
                    },
                    {
                      "Node Type": "Index Only Scan",
                      "Parent Relationship": "Inner",
                      "Parallel Aware": false,
                      "Scan Direction": "Forward",
                      "Index Name": "movie_id_movie_keyword",
                      "Relation Name": "movie_keyword",
                      "Alias": "mk",
                      "Startup Cost": 0.43,
                      "Total Cost": 3.3,
                      "Plan Rows": 45,
                      "Plan Width": 4,
                      "Actual Startup Time": 0.002,
                      "Actual Total Time": 0.003,
                      "Actual Rows": 1,
                      "Actual Loops": 5056,
                      "Index Cond": "(movie_id = t.id)",
                      "Rows Removed by Index Recheck": 0,
                      "Heap Fetches": 7581
                    }
                  ]
                }
              ]
            }
          ]
        }
      ]
    },
    "Planning Time": 1.598,
    "Triggers": [],
    "Execution Time": 209.118
  }
]