[
  {
    "Plan": {
      "Node Type": "Aggregate",
      "Strategy": "Plain",
      "Partial Mode": "Finalize",
      "Parallel Aware": false,
      "Startup Cost": 336281.49,
      "Total Cost": 336281.51,
      "Plan Rows": 1,
      "Plan Width": 8,
      "Actual Startup Time": 683.445,
      "Actual Total Time": 740.916,
      "Actual Rows": 1,
      "Actual Loops": 1,
      "Plans": [
        {
          "Node Type": "Gather",
          "Parent Relationship": "Outer",
          "Parallel Aware": false,
          "Startup Cost": 336280.87,
          "Total Cost": 336281.48,
          "Plan Rows": 6,
          "Plan Width": 8,
          "Actual Startup Time": 683.308,
          "Actual Total Time": 740.907,
          "Actual Rows": 7,
          "Actual Loops": 1,
          "Workers Planned": 6,
          "Workers Launched": 6,
          "Single Copy": false,
          "Plans": [
            {
              "Node Type": "Aggregate",
              "Strategy": "Plain",
              "Partial Mode": "Partial",
              "Parent Relationship": "Outer",
              "Parallel Aware": false,
              "Startup Cost": 335280.87,
              "Total Cost": 335280.88,
              "Plan Rows": 1,
              "Plan Width": 8,
              "Actual Startup Time": 675.972,
              "Actual Total Time": 675.973,
              "Actual Rows": 1,
              "Actual Loops": 7,
              "Plans": [
                {
                  "Node Type": "Seq Scan",
                  "Parent Relationship": "Outer",
                  "Parallel Aware": true,
                  "Relation Name": "cast_info",
                  "Alias": "ci",
                  "Startup Cost": 0.0,
                  "Total Cost": 328162.03,
                  "Plan Rows": 2847538,
                  "Plan Width": 0,
                  "Actual Startup Time": 202.666,
                  "Actual Total Time": 574.955,
                  "Actual Rows": 2430048,
                  "Actual Loops": 7,
                  "Filter": "(person_id > 1921938)",
                  "Rows Removed by Filter": 2747716
                }
              ]
            }
          ]
        }
      ]
    },
    "Planning Time": 0.163,
    "Triggers": [],
    "Execution Time": 741.032
  }
]