[
  {
    "Plan": {
      "Node Type": "Aggregate",
      "Strategy": "Plain",
      "Partial Mode": "Finalize",
      "Parallel Aware": false,
      "Startup Cost": 31003.96,
      "Total Cost": 31003.97,
      "Plan Rows": 1,
      "Plan Width": 8,
      "Actual Startup Time": 98.86,
      "Actual Total Time": 107.23,
      "Actual Rows": 1,
      "Actual Loops": 1,
      "Plans": [
        {
          "Node Type": "Gather",
          "Parent Relationship": "Outer",
          "Parallel Aware": false,
          "Startup Cost": 31003.64,
          "Total Cost": 31003.95,
          "Plan Rows": 3,
          "Plan Width": 8,
          "Actual Startup Time": 98.7,
          "Actual Total Time": 107.217,
          "Actual Rows": 4,
          "Actual Loops": 1,
          "Workers Planned": 3,
          "Workers Launched": 3,
          "Single Copy": false,
          "Plans": [
            {
              "Node Type": "Aggregate",
              "Strategy": "Plain",
              "Partial Mode": "Partial",
              "Parent Relationship": "Outer",
              "Parallel Aware": false,
              "Startup Cost": 30003.64,
              "Total Cost": 30003.65,
              "Plan Rows": 1,
              "Plan Width": 8,
              "Actual Startup Time": 92.564,
              "Actual Total Time": 92.565,
              "Actual Rows": 1,
              "Actual Loops": 4,
              "Plans": [
                {
                  "Node Type": "Seq Scan",
                  "Parent Relationship": "Outer",
                  "Parallel Aware": true,
                  "Relation Name": "movie_companies",
                  "Alias": "mc",
                  "Startup Cost": 0.0,
                  "Total Cost": 29310.68,
                  "Plan Rows": 277184,
                  "Plan Width": 0,
                  "Actual Startup Time": 23.923,
                  "Actual Total Time": 82.341,
                  "Actual Rows": 212330,
                  "Actual Loops": 4,
                  "Filter": "(company_id > 25320)",
                  "Rows Removed by Filter": 439952
                }
              ]
            }
          ]
        }
      ]
    },
    "Planning Time": 0.152,
    "Triggers": [],
    "Execution Time": 107.289
  }
]