[
  {
    "Plan": {
      "Node Type": "Aggregate",
      "Strategy": "Plain",
      "Partial Mode": "Finalize",
      "Parallel Aware": false,
      "Startup Cost": 297117.81,
      "Total Cost": 297117.82,
      "Plan Rows": 1,
      "Plan Width": 8,
      "Actual Startup Time": 2859.122,
      "Actual Total Time": 2925.355,
      "Actual Rows": 1,
      "Actual Loops": 1,
      "Plans": [
        {
          "Node Type": "Gather",
          "Parent Relationship": "Outer",
          "Parallel Aware": false,
          "Startup Cost": 297117.49,
          "Total Cost": 297117.8,
          "Plan Rows": 3,
          "Plan Width": 8,
          "Actual Startup Time": 2849.113,
          "Actual Total Time": 2925.339,
          "Actual Rows": 4,
          "Actual Loops": 1,
          "Workers Planned": 3,
          "Workers Launched": 3,
          "Single Copy": false,
          "Plans": [
            {
              "Node Type": "Aggregate",
              "Strategy": "Plain",
              "Partial Mode": "Partial",
              "Parent Relationship": "Outer",
              "Parallel Aware": false,
              "Startup Cost": 296117.49,
              "Total Cost": 296117.5,
              "Plan Rows": 1,
              "Plan Width": 8,
              "Actual Startup Time": 2838.222,
              "Actual Total Time": 2838.334,
              "Actual Rows": 1,
              "Actual Loops": 4,
              "Plans": [
                {
                  "Node Type": "Hash Join",
                  "Parent Relationship": "Outer",
                  "Parallel Aware": true,
                  "Join Type": "Inner",
                  "Startup Cost": 248462.99,
                  "Total Cost": 294376.0,
                  "Plan Rows": 696599,
                  "Plan Width": 0,
                  "Actual Startup Time": 1401.771,
                  "Actual Total Time": 2359.644,
                  "Actual Rows": 9291501,
                  "Actual Loops": 4,
                  "Inner Unique": false,
                  "Hash Cond": "(mk.movie_id = t.id)",
                  "Plans": [
                    {
                      "Node Type": "Seq Scan",
                      "Parent Relationship": "Outer",
                      "Parallel Aware": true,
                      "Relation Name": "movie_keyword",
                      "Alias": "mk",
                      "Startup Cost": 0.0,
                      "Total Cost": 39047.32,
                      "Plan Rows": 1459332,
                      "Plan Width": 4,
                      "Actual Startup Time": 0.025,
                      "Actual Total Time": 101.176,
                      "Actual Rows": 1130982,
                      "Actual Loops": 4
                    },
                    {
                      "Node Type": "Hash",
                      "Parent Relationship": "Inner",
                      "Parallel Aware": true,
                      "Startup Cost": 245445.85,
                      "Total Cost": 245445.85,
                      "Plan Rows": 241371,
                      "Plan Width": 8,
                      "Actual Startup Time": 1342.702,
                      "Actual Total Time": 1342.812,
                      "Actual Rows": 515677,
                      "Actual Loops": 4,
                      "Hash Buckets": 2097152,
                      "Original Hash Buckets": 2097152,
                      "Hash Batches": 1,
                      "Original Hash Batches": 1,
                      "Peak Memory Usage": 97152,
                      "Plans": [
                        {
                          "Node Type": "Hash Join",
                          "Parent Relationship": "Outer",
                          "Parallel Aware": true,
                          "Join Type": "Inner",
                          "Startup Cost": 46124.09,
                          "Total Cost": 245445.85,
                          "Plan Rows": 241371,
                          "Plan Width": 8,
                          "Actual Startup Time": 147.31,
                          "Actual Total Time": 1161.069,
                          "Actual Rows": 515677,
                          "Actual Loops": 4,
                          "Inner Unique": true,
                          "Hash Cond": "(mi.movie_id = t.id)",
                          "Plans": [
                            {
                              "Node Type": "Seq Scan",
                              "Parent Relationship": "Outer",
                              "Parallel Aware": true,
                              "Relation Name": "movie_info",
                              "Alias": "mi",
                              "Startup Cost": 0.0,
                              "Total Cost": 191560.33,
                              "Plan Rows": 2956733,
                              "Plan Width": 4,
                              "Actual Startup Time": 0.026,
                              "Actual Total Time": 447.615,
                              "Actual Rows": 3708930,
                              "Actual Loops": 4
                            },
                            {
                              "Node Type": "Hash",
                              "Parent Relationship": "Inner",
                              "Parallel Aware": true,
                              "Startup Cost": 45479.1,
                              "Total Cost": 45479.1,
                              "Plan Rows": 51599,
                              "Plan Width": 4,
                              "Actual Startup Time": 129.973,
                              "Actual Total Time": 129.974,
                              "Actual Rows": 45598,
                              "Actual Loops": 4,
                              "Hash Buckets": 262144,
                              "Original Hash Buckets": 262144,
                              "Hash Batches": 1,
                              "Original Hash Batches": 1,
                              "Peak Memory Usage": 9248,
                              "Plans": [
                                {
                                  "Node Type": "Seq Scan",
                                  "Parent Relationship": "Outer",
                                  "Parallel Aware": true,
                                  "Relation Name": "title",
                                  "Alias": "t",
                                  "Startup Cost": 0.0,
                                  "Total Cost": 45479.1,
                                  "Plan Rows": 51599,
                                  "Plan Width": 4,
                                  "Actual Startup Time": 53.344,
                                  "Actual Total Time": 112.564,
                                  "Actual Rows": 45598,
                                  "Actual Loops": 4,
                                  "Filter": "((production_year > 2007) AND (kind_id = 1))",
                                  "Rows Removed by Filter": 586480
                                }
                              ]
                            }
                          ]
                        }
                      ]
                    }
                  ]
                }
              ]
            }
          ]
        }
      ]
    },
    "Planning Time": 1.367,
    "Triggers": [],
    "Execution Time": 2925.456
  }
]