[
  {
    "Plan": {
      "Node Type": "Aggregate",
      "Strategy": "Plain",
      "Partial Mode": "Finalize",
      "Parallel Aware": false,
      "Startup Cost": 93849.79,
      "Total Cost": 93849.8,
      "Plan Rows": 1,
      "Plan Width": 8,
      "Actual Startup Time": 614.431,
      "Actual Total Time": 637.29,
      "Actual Rows": 1,
      "Actual Loops": 1,
      "Plans": [
        {
          "Node Type": "Gather",
          "Parent Relationship": "Outer",
          "Parallel Aware": false,
          "Startup Cost": 93849.47,
          "Total Cost": 93849.78,
          "Plan Rows": 3,
          "Plan Width": 8,
          "Actual Startup Time": 599.899,
          "Actual Total Time": 637.281,
          "Actual Rows": 4,
          "Actual Loops": 1,
          "Workers Planned": 3,
          "Workers Launched": 3,
          "Single Copy": false,
          "Plans": [
            {
              "Node Type": "Aggregate",
              "Strategy": "Plain",
              "Partial Mode": "Partial",
              "Parent Relationship": "Outer",
              "Parallel Aware": false,
              "Startup Cost": 92849.47,
              "Total Cost": 92849.48,
              "Plan Rows": 1,
              "Plan Width": 8,
              "Actual Startup Time": 585.217,
              "Actual Total Time": 585.221,
              "Actual Rows": 1,
              "Actual Loops": 4,
              "Plans": [
                {
                  "Node Type": "Hash Join",
                  "Parent Relationship": "Outer",
                  "Parallel Aware": true,
                  "Join Type": "Inner",
                  "Startup Cost": 64553.66,
                  "Total Cost": 92304.53,
                  "Plan Rows": 217975,
                  "Plan Width": 0,
                  "Actual Startup Time": 445.889,
                  "Actual Total Time": 575.632,
                  "Actual Rows": 168859,
                  "Actual Loops": 4,
                  "Inner Unique": true,
                  "Hash Cond": "(mk.movie_id = t.id)",
                  "Plans": [
                    {
                      "Node Type": "Bitmap Heap Scan",
                      "Parent Relationship": "Outer",
                      "Parallel Aware": true,
                      "Relation Name": "movie_keyword",
                      "Alias": "mk",
                      "Startup Cost": 14333.28,
                      "Total Cost": 41511.96,
                      "Plan Rows": 217975,
                      "Plan Width": 4,
                      "Actual Startup Time": 46.024,
                      "Actual Total Time": 114.203,
                      "Actual Rows": 168859,
                      "Actual Loops": 4,
                      "Recheck Cond": "(keyword_id > 27754)",
                      "Rows Removed by Index Recheck": 0,
                      "Exact Heap Blocks": 5606,
                      "Lossy Heap Blocks": 0,
                      "Plans": [
                        {
                          "Node Type": "Bitmap Index Scan",
                          "Parent Relationship": "Outer",
                          "Parallel Aware": false,
                          "Index Name": "keyword_id_movie_keyword",
                          "Startup Cost": 0.0,
                          "Total Cost": 14164.35,
                          "Plan Rows": 675722,
                          "Plan Width": 0,
                          "Actual Startup Time": 42.314,
                          "Actual Total Time": 42.315,
                          "Actual Rows": 675436,
                          "Actual Loops": 1,
                          "Index Cond": "(keyword_id > 27754)"
                        }
                      ]
                    },
                    {
                      "Node Type": "Hash",
                      "Parent Relationship": "Inner",
                      "Parallel Aware": true,
                      "Startup Cost": 42319.06,
                      "Total Cost": 42319.06,
                      "Plan Rows": 632106,
                      "Plan Width": 4,
                      "Actual Startup Time": 390.152,
                      "Actual Total Time": 390.153,
                      "Actual Rows": 632078,
                      "Actual Loops": 4,
                      "Hash Buckets": 4194304,
                      "Original Hash Buckets": 4194304,
                      "Hash Batches": 1,
                      "Original Hash Batches": 1,
                      "Peak Memory Usage": 131744,
                      "Plans": [
                        {
                          "Node Type": "Seq Scan",
                          "Parent Relationship": "Outer",
                          "Parallel Aware": true,
                          "Relation Name": "title",
                          "Alias": "t",
                          "Startup Cost": 0.0,
                          "Total Cost": 42319.06,
                          "Plan Rows": 632106,
                          "Plan Width": 4,
                          "Actual Startup Time": 0.052,
                          "Actual Total Time": 113.169,
                          "Actual Rows": 632078,
                          "Actual Loops": 4
                        }
                      ]
                    }
                  ]
                }
              ]
            }
          ]
        }
      ]
    },
    "Planning Time": 0.489,
    "Triggers": [],
    "Execution Time": 637.339
  }
]