{
  "Plan": {
    "Node Type": "Aggregate",
    "Strategy": "Plain",
    "Partial Mode": "Finalize",
    "Parallel Aware": false,
    "Startup Cost": 398567.77,
    "Total Cost": 398567.78,
    "Plan Rows": 1,
    "Plan Width": 8,
    "Actual Startup Time": 2605.17,
    "Actual Total Time": 2638.86,
    "Actual Rows": 1,
    "Actual Loops": 1,
    "Plans": [
      {
        "Node Type": "Gather",
        "Parent Relationship": "Outer",
        "Parallel Aware": false,
        "Startup Cost": 398567.66,
        "Total Cost": 398567.77,
        "Plan Rows": 1,
        "Plan Width": 8,
        "Actual Startup Time": 2598.374,
        "Actual Total Time": 2638.853,
        "Actual Rows": 2,
        "Actual Loops": 1,
        "Workers Planned": 1,
        "Workers Launched": 1,
        "Single Copy": false,
        "Plans": [
          {
            "Node Type": "Aggregate",
            "Strategy": "Plain",
            "Partial Mode": "Partial",
            "Parent Relationship": "Outer",
            "Parallel Aware": false,
            "Startup Cost": 397567.66,
            "Total Cost": 397567.67,
            "Plan Rows": 1,
            "Plan Width": 8,
            "Actual Startup Time": 2591.89,
            "Actual Total Time": 2591.896,
            "Actual Rows": 1,
            "Actual Loops": 2,
            "Plans": [
              {
                "Node Type": "Hash Join",
                "Parent Relationship": "Outer",
                "Parallel Aware": true,
                "Join Type": "Inner",
                "Startup Cost": 131190.8,
                "Total Cost": 393423.02,
                "Plan Rows": 1657855,
                "Plan Width": 0,
                "Actual Startup Time": 890.482,
                "Actual Total Time": 2442.004,
                "Actual Rows": 3864128,
                "Actual Loops": 2,
                "Inner Unique": false,
                "Hash Cond": "(ci.movie_id = t.id)",
                "Plans": [
                  {
                    "Node Type": "Index Scan",
                    "Parent Relationship": "Outer",
                    "Parallel Aware": true,
                    "Scan Direction": "Forward",
                    "Index Name": "role_id_cast_info",
                    "Relation Name": "cast_info",
                    "Alias": "ci",
                    "Startup Cost": 0.56,
                    "Total Cost": 236682.84,
                    "Plan Rows": 4212764,
                    "Plan Width": 4,
                    "Actual Startup Time": 0.053,
                    "Actual Total Time": 586.942,
                    "Actual Rows": 3725986,
                    "Actual Loops": 2,
                    "Index Cond": "(role_id = 2)",
                    "Rows Removed by Index Recheck": 0,
                    "Filter": "(person_id < 3876489)",
                    "Rows Removed by Filter": 0
                  },
                  {
                    "Node Type": "Hash",
                    "Parent Relationship": "Inner",
                    "Parallel Aware": true,
                    "Startup Cost": 123874.34,
                    "Total Cost": 123874.34,
                    "Plan Rows": 585272,
                    "Plan Width": 8,
                    "Actual Startup Time": 881.13,
                    "Actual Total Time": 881.134,
                    "Actual Rows": 492326,
                    "Actual Loops": 2,
                    "Hash Buckets": 1048576,
                    "Original Hash Buckets": 1048576,
                    "Hash Batches": 1,
                    "Original Hash Batches": 1,
                    "Peak Memory Usage": 46752,
                    "Plans": [
                      {
                        "Node Type": "Hash Join",
                        "Parent Relationship": "Outer",
                        "Parallel Aware": true,
                        "Join Type": "Inner",
                        "Startup Cost": 90568.1,
                        "Total Cost": 123874.34,
                        "Plan Rows": 585272,
                        "Plan Width": 8,
                        "Actual Startup Time": 579.02,
                        "Actual Total Time": 785.241,
                        "Actual Rows": 492326,
                        "Actual Loops": 2,
                        "Inner Unique": true,
                        "Hash Cond": "(mk.movie_id = t.id)",
                        "Plans": [
                          {
                            "Node Type": "Bitmap Heap Scan",
                            "Parent Relationship": "Outer",
                            "Parallel Aware": true,
                            "Relation Name": "movie_keyword",
                            "Alias": "mk",
                            "Startup Cost": 21107.4,
                            "Total Cost": 52877.3,
                            "Plan Rows": 585272,
                            "Plan Width": 4,
                            "Actual Startup Time": 61.354,
                            "Actual Total Time": 151.08,
                            "Actual Rows": 492326,
                            "Actual Loops": 2,
                            "Recheck Cond": "(keyword_id > 18779)",
                            "Rows Removed by Index Recheck": 0,
                            "Exact Heap Blocks": 12125,
                            "Lossy Heap Blocks": 0,
                            "Plans": [
                              {
                                "Node Type": "Bitmap Index Scan",
                                "Parent Relationship": "Outer",
                                "Parallel Aware": false,
                                "Index Name": "keyword_id_movie_keyword",
                                "Startup Cost": 0.0,
                                "Total Cost": 20858.65,
                                "Plan Rows": 994963,
                                "Plan Width": 0,
                                "Actual Startup Time": 57.754,
                                "Actual Total Time": 57.754,
                                "Actual Rows": 984652,
                                "Actual Loops": 1,
                                "Index Cond": "(keyword_id > 18779)"
                              }
                            ]
                          },
                          {
                            "Node Type": "Hash",
                            "Parent Relationship": "Inner",
                            "Parallel Aware": true,
                            "Startup Cost": 50870.31,
                            "Total Cost": 50870.31,
                            "Plan Rows": 1487231,
                            "Plan Width": 4,
                            "Actual Startup Time": 501.7,
                            "Actual Total Time": 501.701,
                            "Actual Rows": 1264156,
                            "Actual Loops": 2,
                            "Hash Buckets": 4194304,
                            "Original Hash Buckets": 4194304,
                            "Hash Batches": 1,
                            "Original Hash Batches": 1,
                            "Peak Memory Usage": 131712,
                            "Plans": [
                              {
                                "Node Type": "Seq Scan",
                                "Parent Relationship": "Outer",
                                "Parallel Aware": true,
                                "Relation Name": "title",
                                "Alias": "t",
                                "Startup Cost": 0.0,
                                "Total Cost": 50870.31,
                                "Plan Rows": 1487231,
                                "Plan Width": 4,
                                "Actual Startup Time": 0.036,
                                "Actual Total Time": 149.205,
                                "Actual Rows": 1264156,
                                "Actual Loops": 2
                              }
                            ]
                          }
                        ]
                      }
                    ]
                  }
                ]
              }
            ]
          }
        ]
      }
    ]
  },
  "Planning Time": 0.927,
  "Triggers": [],
  "Execution Time": 2638.963
}