{
  "Plan": {
    "Node Type": "Aggregate",
    "Strategy": "Plain",
    "Partial Mode": "Finalize",
    "Parallel Aware": false,
    "Startup Cost": 105596.1,
    "Total Cost": 105596.11,
    "Plan Rows": 1,
    "Plan Width": 8,
    "Actual Startup Time": 598.358,
    "Actual Total Time": 614.578,
    "Actual Rows": 1,
    "Actual Loops": 1,
    "Plans": [
      {
        "Node Type": "Gather",
        "Parent Relationship": "Outer",
        "Parallel Aware": false,
        "Startup Cost": 105595.99,
        "Total Cost": 105596.1,
        "Plan Rows": 1,
        "Plan Width": 8,
        "Actual Startup Time": 596.831,
        "Actual Total Time": 614.57,
        "Actual Rows": 2,
        "Actual Loops": 1,
        "Workers Planned": 1,
        "Workers Launched": 1,
        "Single Copy": false,
        "Plans": [
          {
            "Node Type": "Aggregate",
            "Strategy": "Plain",
            "Partial Mode": "Partial",
            "Parent Relationship": "Outer",
            "Parallel Aware": false,
            "Startup Cost": 104595.99,
            "Total Cost": 104596.0,
            "Plan Rows": 1,
            "Plan Width": 8,
            "Actual Startup Time": 590.718,
            "Actual Total Time": 590.722,
            "Actual Rows": 1,
            "Actual Loops": 2,
            "Plans": [
              {
                "Node Type": "Hash Join",
                "Parent Relationship": "Outer",
                "Parallel Aware": true,
                "Join Type": "Inner",
                "Startup Cost": 41369.73,
                "Total Cost": 103683.13,
                "Plan Rows": 365142,
                "Plan Width": 0,
                "Actual Startup Time": 188.373,
                "Actual Total Time": 578.186,
                "Actual Rows": 308872,
                "Actual Loops": 2,
                "Inner Unique": false,
                "Hash Cond": "(t.id = mc.movie_id)",
                "Plans": [
                  {
                    "Node Type": "Seq Scan",
                    "Parent Relationship": "Outer",
                    "Parallel Aware": true,
                    "Relation Name": "title",
                    "Alias": "t",
                    "Startup Cost": 0.0,
                    "Total Cost": 50870.31,
                    "Plan Rows": 1487231,
                    "Plan Width": 4,
                    "Actual Startup Time": 0.011,
                    "Actual Total Time": 117.549,
                    "Actual Rows": 1264156,
                    "Actual Loops": 2
                  },
                  {
                    "Node Type": "Hash",
                    "Parent Relationship": "Inner",
                    "Parallel Aware": true,
                    "Startup Cost": 36805.46,
                    "Total Cost": 36805.46,
                    "Plan Rows": 365142,
                    "Plan Width": 4,
                    "Actual Startup Time": 173.962,
                    "Actual Total Time": 173.963,
                    "Actual Rows": 308872,
                    "Actual Loops": 2,
                    "Hash Buckets": 1048576,
                    "Original Hash Buckets": 1048576,
                    "Hash Batches": 1,
                    "Original Hash Batches": 1,
                    "Peak Memory Usage": 32384,
                    "Plans": [
                      {
                        "Node Type": "Bitmap Heap Scan",
                        "Parent Relationship": "Outer",
                        "Parallel Aware": true,
                        "Relation Name": "movie_companies",
                        "Alias": "mc",
                        "Startup Cost": 13451.18,
                        "Total Cost": 36805.46,
                        "Plan Rows": 365142,
                        "Plan Width": 4,
                        "Actual Startup Time": 32.672,
                        "Actual Total Time": 103.109,
                        "Actual Rows": 308872,
                        "Actual Loops": 2,
                        "Recheck Cond": "(company_id < 763)",
                        "Rows Removed by Index Recheck": 0,
                        "Exact Heap Blocks": 10799,
                        "Lossy Heap Blocks": 0,
                        "Plans": [
                          {
                            "Node Type": "Bitmap Index Scan",
                            "Parent Relationship": "Outer",
                            "Parallel Aware": false,
                            "Index Name": "company_id_movie_companies",
                            "Startup Cost": 0.0,
                            "Total Cost": 13295.99,
                            "Plan Rows": 620742,
                            "Plan Width": 0,
                            "Actual Startup Time": 29.908,
                            "Actual Total Time": 29.908,
                            "Actual Rows": 617743,
                            "Actual Loops": 1,
                            "Index Cond": "(company_id < 763)"
                          }
                        ]
                      }
                    ]
                  }
                ]
              }
            ]
          }
        ]
      }
    ]
  },
  "Planning Time": 0.678,
  "Triggers": [],
  "Execution Time": 614.668
}