{
  "Plan": {
    "Node Type": "Aggregate",
    "Strategy": "Plain",
    "Partial Mode": "Finalize",
    "Parallel Aware": false,
    "Startup Cost": 99729.06,
    "Total Cost": 99729.07,
    "Plan Rows": 1,
    "Plan Width": 8,
    "Actual Startup Time": 165.587,
    "Actual Total Time": 184.263,
    "Actual Rows": 1,
    "Actual Loops": 1,
    "Plans": [
      {
        "Node Type": "Gather",
        "Parent Relationship": "Outer",
        "Parallel Aware": false,
        "Startup Cost": 99728.94,
        "Total Cost": 99729.05,
        "Plan Rows": 1,
        "Plan Width": 8,
        "Actual Startup Time": 165.202,
        "Actual Total Time": 184.25,
        "Actual Rows": 2,
        "Actual Loops": 1,
        "Workers Planned": 1,
        "Workers Launched": 1,
        "Single Copy": false,
        "Plans": [
          {
            "Node Type": "Aggregate",
            "Strategy": "Plain",
            "Partial Mode": "Partial",
            "Parent Relationship": "Outer",
            "Parallel Aware": false,
            "Startup Cost": 98728.94,
            "Total Cost": 98728.95,
            "Plan Rows": 1,
            "Plan Width": 8,
            "Actual Startup Time": 158.454,
            "Actual Total Time": 158.457,
            "Actual Rows": 1,
            "Actual Loops": 2,
            "Plans": [
              {
                "Node Type": "Nested Loop",
                "Parent Relationship": "Outer",
                "Parallel Aware": false,
                "Join Type": "Inner",
                "Startup Cost": 11823.4,
                "Total Cost": 98724.86,
                "Plan Rows": 1634,
                "Plan Width": 0,
                "Actual Startup Time": 44.701,
                "Actual Total Time": 157.635,
                "Actual Rows": 7756,
                "Actual Loops": 2,
                "Inner Unique": false,
                "Plans": [
                  {
                    "Node Type": "Bitmap Heap Scan",
                    "Parent Relationship": "Outer",
                    "Parallel Aware": true,
                    "Relation Name": "title",
                    "Alias": "t",
                    "Startup Cost": 11822.97,
                    "Total Cost": 53673.23,
                    "Plan Rows": 279,
                    "Plan Width": 4,
                    "Actual Startup Time": 44.514,
                    "Actual Total Time": 122.069,
                    "Actual Rows": 744,
                    "Actual Loops": 2,
                    "Recheck Cond": "(kind_id = 1)",
                    "Rows Removed by Index Recheck": 0,
                    "Filter": "(production_year = 1907)",
                    "Rows Removed by Filter": 330669,
                    "Exact Heap Blocks": 9000,
                    "Lossy Heap Blocks": 0,
                    "Plans": [
                      {
                        "Node Type": "Bitmap Index Scan",
                        "Parent Relationship": "Outer",
                        "Parallel Aware": false,
                        "Index Name": "kind_id_title",
                        "Startup Cost": 0.0,
                        "Total Cost": 11822.85,
                        "Plan Rows": 663256,
                        "Plan Width": 0,
                        "Actual Startup Time": 45.751,
                        "Actual Total Time": 45.752,
                        "Actual Rows": 662825,
                        "Actual Loops": 1,
                        "Index Cond": "(kind_id = 1)"
                      }
                    ]
                  },
                  {
                    "Node Type": "Index Only Scan",
                    "Parent Relationship": "Inner",
                    "Parallel Aware": false,
                    "Scan Direction": "Forward",
                    "Index Name": "movie_id_movie_info",
                    "Relation Name": "movie_info",
                    "Alias": "mi",
                    "Startup Cost": 0.43,
                    "Total Cost": 161.06,
                    "Plan Rows": 42,
                    "Plan Width": 4,
                    "Actual Startup Time": 0.017,
                    "Actual Total Time": 0.046,
                    "Actual Rows": 10,
                    "Actual Loops": 1487,
                    "Index Cond": "(movie_id = t.id)",
                    "Rows Removed by Index Recheck": 0,
                    "Heap Fetches": 15512
                  }
                ]
              }
            ]
          }
        ]
      }
    ]
  },
  "Planning Time": 0.532,
  "Triggers": [],
  "Execution Time": 184.379
}