{
  "Plan": {
    "Node Type": "Aggregate",
    "Strategy": "Plain",
    "Partial Mode": "Simple",
    "Parallel Aware": false,
    "Startup Cost": 9505.25,
    "Total Cost": 9505.26,
    "Plan Rows": 1,
    "Plan Width": 32,
    "Actual Startup Time": 214.568,
    "Actual Total Time": 214.66,
    "Actual Rows": 1,
    "Actual Loops": 1,
    "Plans": [
      {
        "Node Type": "Gather",
        "Parent Relationship": "Outer",
        "Parallel Aware": false,
        "Startup Cost": 4780.86,
        "Total Cost": 9505.25,
        "Plan Rows": 1,
        "Plan Width": 17,
        "Actual Startup Time": 198.764,
        "Actual Total Time": 214.647,
        "Actual Rows": 6,
        "Actual Loops": 1,
        "Workers Planned": 1,
        "Workers Launched": 0,
        "Single Copy": false,
        "Plans": [
          {
            "Node Type": "Nested Loop",
            "Parent Relationship": "Outer",
            "Parallel Aware": false,
            "Join Type": "Inner",
            "Startup Cost": 3780.86,
            "Total Cost": 8505.15,
            "Plan Rows": 1,
            "Plan Width": 17,
            "Actual Startup Time": 197.958,
            "Actual Total Time": 213.752,
            "Actual Rows": 6,
            "Actual Loops": 1,
            "Inner Unique": true,
            "Join Filter": "(mc.movie_id = t.id)",
            "Rows Removed by Join Filter": 0,
            "Plans": [
              {
                "Node Type": "Hash Join",
                "Parent Relationship": "Outer",
                "Parallel Aware": false,
                "Join Type": "Inner",
                "Startup Cost": 3780.43,
                "Total Cost": 8504.65,
                "Plan Rows": 1,
                "Plan Width": 8,
                "Actual Startup Time": 197.936,
                "Actual Total Time": 213.679,
                "Actual Rows": 6,
                "Actual Loops": 1,
                "Inner Unique": false,
                "Hash Cond": "(cn.id = mc.company_id)",
                "Plans": [
                  {
                    "Node Type": "Seq Scan",
                    "Parent Relationship": "Outer",
                    "Parallel Aware": true,
                    "Relation Name": "company_name",
                    "Alias": "cn",
                    "Startup Cost": 0.0,
                    "Total Cost": 4722.92,
                    "Plan Rows": 12,
                    "Plan Width": 4,
                    "Actual Startup Time": 10.515,
                    "Actual Total Time": 26.244,
                    "Actual Rows": 19,
                    "Actual Loops": 1,
                    "Filter": "((country_code)::text = '[li]'::text)",
                    "Rows Removed by Filter": 234978
                  },
                  {
                    "Node Type": "Hash",
                    "Parent Relationship": "Inner",
                    "Parallel Aware": false,
                    "Startup Cost": 3778.24,
                    "Total Cost": 3778.24,
                    "Plan Rows": 175,
                    "Plan Width": 12,
                    "Actual Startup Time": 187.402,
                    "Actual Total Time": 187.405,
                    "Actual Rows": 148552,
                    "Actual Loops": 1,
                    "Hash Buckets": 262144,
                    "Original Hash Buckets": 1024,
                    "Hash Batches": 1,
                    "Original Hash Batches": 1,
                    "Peak Memory Usage": 8432,
                    "Plans": [
                      {
                        "Node Type": "Nested Loop",
                        "Parent Relationship": "Outer",
                        "Parallel Aware": false,
                        "Join Type": "Inner",
                        "Startup Cost": 11.23,
                        "Total Cost": 3778.24,
                        "Plan Rows": 175,
                        "Plan Width": 12,
                        "Actual Startup Time": 10.34,
                        "Actual Total Time": 166.63,
                        "Actual Rows": 148552,
                        "Actual Loops": 1,
                        "Inner Unique": false,
                        "Plans": [
                          {
                            "Node Type": "Nested Loop",
                            "Parent Relationship": "Outer",
                            "Parallel Aware": false,
                            "Join Type": "Inner",
                            "Startup Cost": 10.8,
                            "Total Cost": 3758.1,
                            "Plan Rows": 34,
                            "Plan Width": 4,
                            "Actual Startup Time": 10.308,
                            "Actual Total Time": 43.409,
                            "Actual Rows": 41840,
                            "Actual Loops": 1,
                            "Inner Unique": false,
                            "Plans": [
                              {
                                "Node Type": "Seq Scan",
                                "Parent Relationship": "Outer",
                                "Parallel Aware": false,
                                "Relation Name": "keyword",
                                "Alias": "k",
                                "Startup Cost": 0.0,
                                "Total Cost": 2626.12,
                                "Plan Rows": 1,
                                "Plan Width": 4,
                                "Actual Startup Time": 0.961,
                                "Actual Total Time": 8.585,
                                "Actual Rows": 1,
                                "Actual Loops": 1,
                                "Filter": "(keyword = 'character-name-in-title'::text)",
                                "Rows Removed by Filter": 134169
                              },
                              {
                                "Node Type": "Bitmap Heap Scan",
                                "Parent Relationship": "Inner",
                                "Parallel Aware": false,
                                "Relation Name": "movie_keyword",
                                "Alias": "mk",
                                "Startup Cost": 10.8,
                                "Total Cost": 1128.92,
                                "Plan Rows": 305,
                                "Plan Width": 8,
                                "Actual Startup Time": 9.334,
                                "Actual Total Time": 31.35,
                                "Actual Rows": 41840,
                                "Actual Loops": 1,
                                "Recheck Cond": "(keyword_id = k.id)",
                                "Rows Removed by Index Recheck": 0,
                                "Exact Heap Blocks": 11541,
                                "Lossy Heap Blocks": 0,
                                "Plans": [
                                  {
                                    "Node Type": "Bitmap Index Scan",
                                    "Parent Relationship": "Outer",
                                    "Parallel Aware": false,
                                    "Index Name": "keyword_id_movie_keyword",
                                    "Startup Cost": 0.0,
                                    "Total Cost": 10.72,
                                    "Plan Rows": 305,
                                    "Plan Width": 0,
                                    "Actual Startup Time": 5.585,
                                    "Actual Total Time": 5.586,
                                    "Actual Rows": 41840,
                                    "Actual Loops": 1,
                                    "Index Cond": "(keyword_id = k.id)"
                                  }
                                ]
                              }
                            ]
                          },
                          {
                            "Node Type": "Index Scan",
                            "Parent Relationship": "Inner",
                            "Parallel Aware": false,
                            "Scan Direction": "Forward",
                            "Index Name": "movie_id_movie_companies",
                            "Relation Name": "movie_companies",
                            "Alias": "mc",
                            "Startup Cost": 0.43,
                            "Total Cost": 0.54,
                            "Plan Rows": 5,
                            "Plan Width": 8,
                            "Actual Startup Time": 0.002,
                            "Actual Total Time": 0.002,
                            "Actual Rows": 4,
                            "Actual Loops": 41840,
                            "Index Cond": "(movie_id = mk.movie_id)",
                            "Rows Removed by Index Recheck": 0
                          }
                        ]
                      }
                    ]
                  }
                ]
              },
              {
                "Node Type": "Index Scan",
                "Parent Relationship": "Inner",
                "Parallel Aware": false,
                "Scan Direction": "Forward",
                "Index Name": "title_pkey",
                "Relation Name": "title",
                "Alias": "t",
                "Startup Cost": 0.43,
                "Total Cost": 0.49,
                "Plan Rows": 1,
                "Plan Width": 21,
                "Actual Startup Time": 0.01,
                "Actual Total Time": 0.01,
                "Actual Rows": 1,
                "Actual Loops": 6,
                "Index Cond": "(id = mk.movie_id)",
                "Rows Removed by Index Recheck": 0
              }
            ]
          }
        ]
      }
    ]
  },
  "Planning Time": 1.813,
  "Triggers": [],
  "Execution Time": 214.84
}