{
  "Plan": {
    "Node Type": "Aggregate",
    "Strategy": "Plain",
    "Partial Mode": "Finalize",
    "Parallel Aware": false,
    "Startup Cost": 484031.13,
    "Total Cost": 484031.14,
    "Plan Rows": 1,
    "Plan Width": 8,
    "Actual Startup Time": 3573.006,
    "Actual Total Time": 3611.384,
    "Actual Rows": 1,
    "Actual Loops": 1,
    "Plans": [
      {
        "Node Type": "Gather",
        "Parent Relationship": "Outer",
        "Parallel Aware": false,
        "Startup Cost": 484031.01,
        "Total Cost": 484031.12,
        "Plan Rows": 1,
        "Plan Width": 8,
        "Actual Startup Time": 3569.799,
        "Actual Total Time": 3611.371,
        "Actual Rows": 2,
        "Actual Loops": 1,
        "Workers Planned": 1,
        "Workers Launched": 1,
        "Single Copy": false,
        "Plans": [
          {
            "Node Type": "Aggregate",
            "Strategy": "Plain",
            "Partial Mode": "Partial",
            "Parent Relationship": "Outer",
            "Parallel Aware": false,
            "Startup Cost": 483031.01,
            "Total Cost": 483031.02,
            "Plan Rows": 1,
            "Plan Width": 8,
            "Actual Startup Time": 3562.941,
            "Actual Total Time": 3562.945,
            "Actual Rows": 1,
            "Actual Loops": 2,
            "Plans": [
              {
                "Node Type": "Hash Join",
                "Parent Relationship": "Outer",
                "Parallel Aware": true,
                "Join Type": "Inner",
                "Startup Cost": 69797.1,
                "Total Cost": 471691.6,
                "Plan Rows": 4535767,
                "Plan Width": 0,
                "Actual Startup Time": 390.729,
                "Actual Total Time": 3401.655,
                "Actual Rows": 3885052,
                "Actual Loops": 2,
                "Inner Unique": true,
                "Hash Cond": "(ci.movie_id = t.id)",
                "Plans": [
                  {
                    "Node Type": "Index Scan",
                    "Parent Relationship": "Outer",
                    "Parallel Aware": true,
                    "Scan Direction": "Forward",
                    "Index Name": "role_id_cast_info",
                    "Relation Name": "cast_info",
                    "Alias": "ci",
                    "Startup Cost": 0.56,
                    "Total Cost": 382631.05,
                    "Plan Rows": 7338659,
                    "Plan Width": 4,
                    "Actual Startup Time": 0.072,
                    "Actual Total Time": 872.447,
                    "Actual Rows": 6335344,
                    "Actual Loops": 2,
                    "Index Cond": "(role_id = 1)",
                    "Rows Removed by Index Recheck": 0
                  },
                  {
                    "Node Type": "Hash",
                    "Parent Relationship": "Inner",
                    "Parallel Aware": true,
                    "Startup Cost": 58306.47,
                    "Total Cost": 58306.47,
                    "Plan Rows": 919205,
                    "Plan Width": 4,
                    "Actual Startup Time": 377.243,
                    "Actual Total Time": 377.244,
                    "Actual Rows": 773517,
                    "Actual Loops": 2,
                    "Hash Buckets": 2097152,
                    "Original Hash Buckets": 2097152,
                    "Hash Batches": 1,
                    "Original Hash Batches": 1,
                    "Peak Memory Usage": 76928,
                    "Plans": [
                      {
                        "Node Type": "Seq Scan",
                        "Parent Relationship": "Outer",
                        "Parallel Aware": true,
                        "Relation Name": "title",
                        "Alias": "t",
                        "Startup Cost": 0.0,
                        "Total Cost": 58306.47,
                        "Plan Rows": 919205,
                        "Plan Width": 4,
                        "Actual Startup Time": 0.022,
                        "Actual Total Time": 174.536,
                        "Actual Rows": 773517,
                        "Actual Loops": 2,
                        "Filter": "((kind_id > 2) AND (production_year < 2012))",
                        "Rows Removed by Filter": 490639
                      }
                    ]
                  }
                ]
              }
            ]
          }
        ]
      }
    ]
  },
  "Planning Time": 0.557,
  "Triggers": [],
  "Execution Time": 3611.452
}