{
  "Plan": {
    "Node Type": "Aggregate",
    "Strategy": "Plain",
    "Partial Mode": "Finalize",
    "Parallel Aware": false,
    "Startup Cost": 112351.04,
    "Total Cost": 112351.05,
    "Plan Rows": 1,
    "Plan Width": 8,
    "Actual Startup Time": 757.469,
    "Actual Total Time": 773.34,
    "Actual Rows": 1,
    "Actual Loops": 1,
    "Plans": [
      {
        "Node Type": "Gather",
        "Parent Relationship": "Outer",
        "Parallel Aware": false,
        "Startup Cost": 112350.93,
        "Total Cost": 112351.04,
        "Plan Rows": 1,
        "Plan Width": 8,
        "Actual Startup Time": 753.988,
        "Actual Total Time": 773.332,
        "Actual Rows": 2,
        "Actual Loops": 1,
        "Workers Planned": 1,
        "Workers Launched": 1,
        "Single Copy": false,
        "Plans": [
          {
            "Node Type": "Aggregate",
            "Strategy": "Plain",
            "Partial Mode": "Partial",
            "Parent Relationship": "Outer",
            "Parallel Aware": false,
            "Startup Cost": 111350.93,
            "Total Cost": 111350.94,
            "Plan Rows": 1,
            "Plan Width": 8,
            "Actual Startup Time": 746.628,
            "Actual Total Time": 746.632,
            "Actual Rows": 1,
            "Actual Loops": 2,
            "Plans": [
              {
                "Node Type": "Hash Join",
                "Parent Relationship": "Outer",
                "Parallel Aware": true,
                "Join Type": "Inner",
                "Startup Cost": 68346.13,
                "Total Cost": 109642.52,
                "Plan Rows": 683361,
                "Plan Width": 0,
                "Actual Startup Time": 374.956,
                "Actual Total Time": 735.006,
                "Actual Rows": 292894,
                "Actual Loops": 2,
                "Inner Unique": true,
                "Hash Cond": "(mc.movie_id = t.id)",
                "Plans": [
                  {
                    "Node Type": "Seq Scan",
                    "Parent Relationship": "Outer",
                    "Parallel Aware": true,
                    "Relation Name": "movie_companies",
                    "Alias": "mc",
                    "Startup Cost": 0.0,
                    "Total Cost": 37974.77,
                    "Plan Rows": 1265375,
                    "Plan Width": 4,
                    "Actual Startup Time": 0.017,
                    "Actual Total Time": 122.569,
                    "Actual Rows": 1071444,
                    "Actual Loops": 2,
                    "Filter": "(company_id < 76284)",
                    "Rows Removed by Filter": 233120
                  },
                  {
                    "Node Type": "Hash",
                    "Parent Relationship": "Inner",
                    "Parallel Aware": true,
                    "Startup Cost": 58306.47,
                    "Total Cost": 58306.47,
                    "Plan Rows": 803173,
                    "Plan Width": 4,
                    "Actual Startup Time": 360.295,
                    "Actual Total Time": 360.296,
                    "Actual Rows": 722394,
                    "Actual Loops": 2,
                    "Hash Buckets": 2097152,
                    "Original Hash Buckets": 2097152,
                    "Hash Batches": 1,
                    "Original Hash Batches": 1,
                    "Peak Memory Usage": 72928,
                    "Plans": [
                      {
                        "Node Type": "Seq Scan",
                        "Parent Relationship": "Outer",
                        "Parallel Aware": true,
                        "Relation Name": "title",
                        "Alias": "t",
                        "Startup Cost": 0.0,
                        "Total Cost": 58306.47,
                        "Plan Rows": 803173,
                        "Plan Width": 4,
                        "Actual Startup Time": 0.027,
                        "Actual Total Time": 172.417,
                        "Actual Rows": 722394,
                        "Actual Loops": 2,
                        "Filter": "((production_year > 1957) AND (kind_id = 7))",
                        "Rows Removed by Filter": 541762
                      }
                    ]
                  }
                ]
              }
            ]
          }
        ]
      }
    ]
  },
  "Planning Time": 0.52,
  "Triggers": [],
  "Execution Time": 773.399
}