[
  {
    "Plan": {
      "Node Type": "Aggregate",
      "Strategy": "Plain",
      "Partial Mode": "Simple",
      "Parallel Aware": false,
      "Startup Cost": 12467.41,
      "Total Cost": 12467.42,
      "Plan Rows": 1,
      "Plan Width": 8,
      "Actual Startup Time": 5.455,
      "Actual Total Time": 5.458,
      "Actual Rows": 1,
      "Actual Loops": 1,
      "Plans": [
        {
          "Node Type": "Bitmap Heap Scan",
          "Parent Relationship": "Outer",
          "Parallel Aware": false,
          "Relation Name": "movie_companies",
          "Alias": "mc",
          "Startup Cost": 128.32,
          "Total Cost": 12460.11,
          "Plan Rows": 2921,
          "Plan Width": 0,
          "Actual Startup Time": 0.849,
          "Actual Total Time": 4.554,
          "Actual Rows": 5141,
          "Actual Loops": 1,
          "Recheck Cond": "(company_id > 230021)",
          "Rows Removed by Index Recheck": 0,
          "Filter": "(company_type_id = 2)",
          "Rows Removed by Filter": 0,
          "Exact Heap Blocks": 233,
          "Lossy Heap Blocks": 0,
          "Plans": [
            {
              "Node Type": "Bitmap Index Scan",
              "Parent Relationship": "Outer",
              "Parallel Aware": false,
              "Index Name": "company_id_movie_companies",
              "Startup Cost": 0.0,
              "Total Cost": 127.59,
              "Plan Rows": 5754,
              "Plan Width": 0,
              "Actual Startup Time": 0.716,
              "Actual Total Time": 0.717,
              "Actual Rows": 5141,
              "Actual Loops": 1,
              "Index Cond": "(company_id > 230021)"
            }
          ]
        }
      ]
    },
    "Planning Time": 0.267,
    "Triggers": [],
    "Execution Time": 5.525
  }
]