[
    {
        "Bao": {
            "Bao prediction": "NaN",
            "Bao recommended hint": "(no hint)"
        }
    },
    {
        "Plan": {
            "Node Type": "Aggregate",
            "Strategy": "Plain",
            "Partial Mode": "Finalize",
            "Parallel Aware": false,
            "Startup Cost": 32798.54,
            "Total Cost": 32798.55,
            "Plan Rows": 1,
            "Plan Width": 8,
            "Actual Startup Time": 81.914,
            "Actual Total Time": 88.074,
            "Actual Rows": 1,
            "Actual Loops": 1,
            "Output": [
                "count(*)"
            ],
            "Plans": [
                {
                    "Node Type": "Gather",
                    "Parent Relationship": "Outer",
                    "Parallel Aware": false,
                    "Startup Cost": 32798.23,
                    "Total Cost": 32798.54,
                    "Plan Rows": 3,
                    "Plan Width": 8,
                    "Actual Startup Time": 81.822,
                    "Actual Total Time": 88.067,
                    "Actual Rows": 4,
                    "Actual Loops": 1,
                    "Output": [
                        "(PARTIAL count(*))"
                    ],
                    "Workers Planned": 3,
                    "Workers Launched": 3,
                    "Single Copy": false,
                    "Plans": [
                        {
                            "Node Type": "Aggregate",
                            "Strategy": "Plain",
                            "Partial Mode": "Partial",
                            "Parent Relationship": "Outer",
                            "Parallel Aware": false,
                            "Startup Cost": 31798.23,
                            "Total Cost": 31798.24,
                            "Plan Rows": 1,
                            "Plan Width": 8,
                            "Actual Startup Time": 73.883,
                            "Actual Total Time": 73.884,
                            "Actual Rows": 1,
                            "Actual Loops": 4,
                            "Output": [
                                "PARTIAL count(*)"
                            ],
                            "Workers": [
                                {
                                    "Worker Number": 0,
                                    "Actual Startup Time": 71.305,
                                    "Actual Total Time": 71.306,
                                    "Actual Rows": 1,
                                    "Actual Loops": 1
                                },
                                {
                                    "Worker Number": 1,
                                    "Actual Startup Time": 71.316,
                                    "Actual Total Time": 71.318,
                                    "Actual Rows": 1,
                                    "Actual Loops": 1
                                },
                                {
                                    "Worker Number": 2,
                                    "Actual Startup Time": 71.608,
                                    "Actual Total Time": 71.609,
                                    "Actual Rows": 1,
                                    "Actual Loops": 1
                                }
                            ],
                            "Plans": [
                                {
                                    "Node Type": "Seq Scan",
                                    "Parent Relationship": "Outer",
                                    "Parallel Aware": true,
                                    "Relation Name": "movie_companies",
                                    "Schema": "public",
                                    "Alias": "mc",
                                    "Startup Cost": 0.0,
                                    "Total Cost": 31414.82,
                                    "Plan Rows": 153363,
                                    "Plan Width": 0,
                                    "Actual Startup Time": 16.059,
                                    "Actual Total Time": 71.295,
                                    "Actual Rows": 41618,
                                    "Actual Loops": 4,
                                    "Output": [
                                        "id",
                                        "movie_id",
                                        "company_id",
                                        "company_type_id",
                                        "note"
                                    ],
                                    "Filter": "((mc.company_id > 17569) AND (mc.company_type_id < 2))",
                                    "Rows Removed by Filter": 610664,
                                    "Workers": [
                                        {
                                            "Worker Number": 0,
                                            "Actual Startup Time": 13.483,
                                            "Actual Total Time": 68.862,
                                            "Actual Rows": 37529,
                                            "Actual Loops": 1
                                        },
                                        {
                                            "Worker Number": 1,
                                            "Actual Startup Time": 13.499,
                                            "Actual Total Time": 68.764,
                                            "Actual Rows": 18954,
                                            "Actual Loops": 1
                                        },
                                        {
                                            "Worker Number": 2,
                                            "Actual Startup Time": 13.791,
                                            "Actual Total Time": 69.163,
                                            "Actual Rows": 38435,
                                            "Actual Loops": 1
                                        }
                                    ]
                                }
                            ]
                        }
                    ]
                }
            ]
        },
        "Planning Time": 198.689,
        "Triggers": [],
        "Execution Time": 88.148
    }
]