{
  "Plan": {
    "Node Type": "Aggregate",
    "Strategy": "Plain",
    "Partial Mode": "Finalize",
    "Parallel Aware": false,
    "Startup Cost": 80999.29,
    "Total Cost": 80999.3,
    "Plan Rows": 1,
    "Plan Width": 8,
    "Actual Startup Time": 162.585,
    "Actual Total Time": 173.421,
    "Actual Rows": 1,
    "Actual Loops": 1,
    "Plans": [
      {
        "Node Type": "Gather",
        "Parent Relationship": "Outer",
        "Parallel Aware": false,
        "Startup Cost": 80999.18,
        "Total Cost": 80999.29,
        "Plan Rows": 1,
        "Plan Width": 8,
        "Actual Startup Time": 162.466,
        "Actual Total Time": 173.415,
        "Actual Rows": 2,
        "Actual Loops": 1,
        "Workers Planned": 1,
        "Workers Launched": 1,
        "Single Copy": false,
        "Plans": [
          {
            "Node Type": "Aggregate",
            "Strategy": "Plain",
            "Partial Mode": "Partial",
            "Parent Relationship": "Outer",
            "Parallel Aware": false,
            "Startup Cost": 79999.18,
            "Total Cost": 79999.19,
            "Plan Rows": 1,
            "Plan Width": 8,
            "Actual Startup Time": 156.733,
            "Actual Total Time": 156.735,
            "Actual Rows": 1,
            "Actual Loops": 2,
            "Plans": [
              {
                "Node Type": "Nested Loop",
                "Parent Relationship": "Outer",
                "Parallel Aware": false,
                "Join Type": "Inner",
                "Startup Cost": 0.43,
                "Total Cost": 79997.74,
                "Plan Rows": 575,
                "Plan Width": 0,
                "Actual Startup Time": 1.177,
                "Actual Total Time": 156.702,
                "Actual Rows": 82,
                "Actual Loops": 2,
                "Inner Unique": false,
                "Plans": [
                  {
                    "Node Type": "Seq Scan",
                    "Parent Relationship": "Outer",
                    "Parallel Aware": true,
                    "Relation Name": "title",
                    "Alias": "t",
                    "Startup Cost": 0.0,
                    "Total Cost": 58306.47,
                    "Plan Rows": 1267,
                    "Plan Width": 4,
                    "Actual Startup Time": 0.723,
                    "Actual Total Time": 154.4,
                    "Actual Rows": 149,
                    "Actual Loops": 2,
                    "Filter": "((kind_id > 1) AND (production_year > 2013))",
                    "Rows Removed by Filter": 1264007
                  },
                  {
                    "Node Type": "Index Scan",
                    "Parent Relationship": "Inner",
                    "Parallel Aware": false,
                    "Scan Direction": "Forward",
                    "Index Name": "movie_id_movie_companies",
                    "Relation Name": "movie_companies",
                    "Alias": "mc",
                    "Startup Cost": 0.43,
                    "Total Cost": 17.1,
                    "Plan Rows": 2,
                    "Plan Width": 4,
                    "Actual Startup Time": 0.014,
                    "Actual Total Time": 0.014,
                    "Actual Rows": 1,
                    "Actual Loops": 298,
                    "Index Cond": "(movie_id = t.id)",
                    "Rows Removed by Index Recheck": 0,
                    "Filter": "(company_id > 13114)",
                    "Rows Removed by Filter": 1
                  }
                ]
              }
            ]
          }
        ]
      }
    ]
  },
  "Planning Time": 0.518,
  "Triggers": [],
  "Execution Time": 173.498
}