[
  {
    "Plan": {
      "Node Type": "Aggregate",
      "Strategy": "Plain",
      "Partial Mode": "Finalize",
      "Parallel Aware": false,
      "Startup Cost": 393409.37,
      "Total Cost": 393409.38,
      "Plan Rows": 1,
      "Plan Width": 8,
      "Actual Startup Time": 1064.68,
      "Actual Total Time": 1119.893,
      "Actual Rows": 1,
      "Actual Loops": 1,
      "Plans": [
        {
          "Node Type": "Gather",
          "Parent Relationship": "Outer",
          "Parallel Aware": false,
          "Startup Cost": 393408.75,
          "Total Cost": 393409.36,
          "Plan Rows": 6,
          "Plan Width": 8,
          "Actual Startup Time": 1061.666,
          "Actual Total Time": 1119.883,
          "Actual Rows": 7,
          "Actual Loops": 1,
          "Workers Planned": 6,
          "Workers Launched": 6,
          "Single Copy": false,
          "Plans": [
            {
              "Node Type": "Aggregate",
              "Strategy": "Plain",
              "Partial Mode": "Partial",
              "Parent Relationship": "Outer",
              "Parallel Aware": false,
              "Startup Cost": 392408.75,
              "Total Cost": 392408.76,
              "Plan Rows": 1,
              "Plan Width": 8,
              "Actual Startup Time": 1052.424,
              "Actual Total Time": 1052.428,
              "Actual Rows": 1,
              "Actual Loops": 7,
              "Plans": [
                {
                  "Node Type": "Hash Join",
                  "Parent Relationship": "Outer",
                  "Parallel Aware": true,
                  "Join Type": "Inner",
                  "Startup Cost": 46712.61,
                  "Total Cost": 392100.81,
                  "Plan Rows": 123174,
                  "Plan Width": 0,
                  "Actual Startup Time": 130.197,
                  "Actual Total Time": 1042.128,
                  "Actual Rows": 174280,
                  "Actual Loops": 7,
                  "Inner Unique": true,
                  "Hash Cond": "(ci.movie_id = t.id)",
                  "Plans": [
                    {
                      "Node Type": "Seq Scan",
                      "Parent Relationship": "Outer",
                      "Parallel Aware": true,
                      "Relation Name": "cast_info",
                      "Alias": "ci",
                      "Startup Cost": 0.0,
                      "Total Cost": 343316.27,
                      "Plan Rows": 789308,
                      "Plan Width": 4,
                      "Actual Startup Time": 0.038,
                      "Actual Total Time": 712.878,
                      "Actual Rows": 780794,
                      "Actual Loops": 7,
                      "Filter": "((person_id < 561036) AND (role_id < 9))",
                      "Rows Removed by Filter": 4396969
                    },
                    {
                      "Node Type": "Hash",
                      "Parent Relationship": "Inner",
                      "Parallel Aware": true,
                      "Startup Cost": 45479.59,
                      "Total Cost": 45479.59,
                      "Plan Rows": 98642,
                      "Plan Width": 4,
                      "Actual Startup Time": 128.323,
                      "Actual Total Time": 128.325,
                      "Actual Rows": 71516,
                      "Actual Loops": 7,
                      "Hash Buckets": 524288,
                      "Original Hash Buckets": 524288,
                      "Hash Batches": 1,
                      "Original Hash Batches": 1,
                      "Peak Memory Usage": 23776,
                      "Plans": [
                        {
                          "Node Type": "Seq Scan",
                          "Parent Relationship": "Outer",
                          "Parallel Aware": true,
                          "Relation Name": "title",
                          "Alias": "t",
                          "Startup Cost": 0.0,
                          "Total Cost": 45479.59,
                          "Plan Rows": 98642,
                          "Plan Width": 4,
                          "Actual Startup Time": 0.054,
                          "Actual Total Time": 89.431,
                          "Actual Rows": 71516,
                          "Actual Loops": 7,
                          "Filter": "((kind_id < 7) AND (production_year < 2000))",
                          "Rows Removed by Filter": 289672
                        }
                      ]
                    }
                  ]
                }
              ]
            }
          ]
        }
      ]
    },
    "Planning Time": 0.394,
    "Triggers": [],
    "Execution Time": 1119.986
  }
]