[
  {
    "Plan": {
      "Node Type": "Aggregate",
      "Strategy": "Plain",
      "Partial Mode": "Finalize",
      "Parallel Aware": false,
      "Startup Cost": 46547.65,
      "Total Cost": 46547.66,
      "Plan Rows": 1,
      "Plan Width": 8,
      "Actual Startup Time": 160.478,
      "Actual Total Time": 168.082,
      "Actual Rows": 1,
      "Actual Loops": 1,
      "Plans": [
        {
          "Node Type": "Gather",
          "Parent Relationship": "Outer",
          "Parallel Aware": false,
          "Startup Cost": 46547.33,
          "Total Cost": 46547.64,
          "Plan Rows": 3,
          "Plan Width": 8,
          "Actual Startup Time": 160.363,
          "Actual Total Time": 168.076,
          "Actual Rows": 4,
          "Actual Loops": 1,
          "Workers Planned": 3,
          "Workers Launched": 3,
          "Single Copy": false,
          "Plans": [
            {
              "Node Type": "Aggregate",
              "Strategy": "Plain",
              "Partial Mode": "Partial",
              "Parent Relationship": "Outer",
              "Parallel Aware": false,
              "Startup Cost": 45547.33,
              "Total Cost": 45547.34,
              "Plan Rows": 1,
              "Plan Width": 8,
              "Actual Startup Time": 155.197,
              "Actual Total Time": 155.198,
              "Actual Rows": 1,
              "Actual Loops": 4,
              "Plans": [
                {
                  "Node Type": "Seq Scan",
                  "Parent Relationship": "Outer",
                  "Parallel Aware": true,
                  "Relation Name": "movie_keyword",
                  "Alias": "mk",
                  "Startup Cost": 0.0,
                  "Total Cost": 42695.65,
                  "Plan Rows": 1140672,
                  "Plan Width": 0,
                  "Actual Startup Time": 0.036,
                  "Actual Total Time": 117.241,
                  "Actual Rows": 886462,
                  "Actual Loops": 4,
                  "Filter": "(keyword_id < 19058)",
                  "Rows Removed by Filter": 244520
                }
              ]
            }
          ]
        }
      ]
    },
    "Planning Time": 0.099,
    "Triggers": [],
    "Execution Time": 168.113
  }
]