[
  {
    "Plan": {
      "Node Type": "Aggregate",
      "Strategy": "Plain",
      "Partial Mode": "Finalize",
      "Parallel Aware": false,
      "Startup Cost": 35108.52,
      "Total Cost": 35108.53,
      "Plan Rows": 1,
      "Plan Width": 8,
      "Actual Startup Time": 36.986,
      "Actual Total Time": 40.255,
      "Actual Rows": 1,
      "Actual Loops": 1,
      "Plans": [
        {
          "Node Type": "Gather",
          "Parent Relationship": "Outer",
          "Parallel Aware": false,
          "Startup Cost": 35108.3,
          "Total Cost": 35108.51,
          "Plan Rows": 2,
          "Plan Width": 8,
          "Actual Startup Time": 36.732,
          "Actual Total Time": 40.247,
          "Actual Rows": 3,
          "Actual Loops": 1,
          "Workers Planned": 2,
          "Workers Launched": 2,
          "Single Copy": false,
          "Plans": [
            {
              "Node Type": "Aggregate",
              "Strategy": "Plain",
              "Partial Mode": "Partial",
              "Parent Relationship": "Outer",
              "Parallel Aware": false,
              "Startup Cost": 34108.3,
              "Total Cost": 34108.31,
              "Plan Rows": 1,
              "Plan Width": 8,
              "Actual Startup Time": 28.603,
              "Actual Total Time": 28.605,
              "Actual Rows": 1,
              "Actual Loops": 3,
              "Plans": [
                {
                  "Node Type": "Nested Loop",
                  "Parent Relationship": "Outer",
                  "Parallel Aware": false,
                  "Join Type": "Inner",
                  "Startup Cost": 120.54,
                  "Total Cost": 34101.45,
                  "Plan Rows": 2742,
                  "Plan Width": 0,
                  "Actual Startup Time": 1.18,
                  "Actual Total Time": 28.282,
                  "Actual Rows": 1488,
                  "Actual Loops": 3,
                  "Inner Unique": false,
                  "Plans": [
                    {
                      "Node Type": "Nested Loop",
                      "Parent Relationship": "Outer",
                      "Parallel Aware": false,
                      "Join Type": "Inner",
                      "Startup Cost": 120.11,
                      "Total Cost": 30155.84,
                      "Plan Rows": 2325,
                      "Plan Width": 8,
                      "Actual Startup Time": 0.99,
                      "Actual Total Time": 13.2,
                      "Actual Rows": 1454,
                      "Actual Loops": 3,
                      "Inner Unique": true,
                      "Plans": [
                        {
                          "Node Type": "Bitmap Heap Scan",
                          "Parent Relationship": "Outer",
                          "Parallel Aware": true,
                          "Relation Name": "movie_keyword",
                          "Alias": "mk",
                          "Startup Cost": 119.68,
                          "Total Cost": 13383.74,
                          "Plan Rows": 2325,
                          "Plan Width": 4,
                          "Actual Startup Time": 0.796,
                          "Actual Total Time": 1.703,
                          "Actual Rows": 1454,
                          "Actual Loops": 3,
                          "Recheck Cond": "(keyword_id = 29032)",
                          "Rows Removed by Index Recheck": 0,
                          "Exact Heap Blocks": 102,
                          "Lossy Heap Blocks": 0,
                          "Plans": [
                            {
                              "Node Type": "Bitmap Index Scan",
                              "Parent Relationship": "Outer",
                              "Parallel Aware": false,
                              "Index Name": "keyword_id_movie_keyword",
                              "Startup Cost": 0.0,
                              "Total Cost": 118.28,
                              "Plan Rows": 5580,
                              "Plan Width": 0,
                              "Actual Startup Time": 2.02,
                              "Actual Total Time": 2.02,
                              "Actual Rows": 4361,
                              "Actual Loops": 1,
                              "Index Cond": "(keyword_id = 29032)"
                            }
                          ]
                        },
                        {
                          "Node Type": "Index Only Scan",
                          "Parent Relationship": "Inner",
                          "Parallel Aware": false,
                          "Scan Direction": "Forward",
                          "Index Name": "title_pkey",
                          "Relation Name": "title",
                          "Alias": "t",
                          "Startup Cost": 0.43,
                          "Total Cost": 7.21,
                          "Plan Rows": 1,
                          "Plan Width": 4,
                          "Actual Startup Time": 0.007,
                          "Actual Total Time": 0.007,
                          "Actual Rows": 1,
                          "Actual Loops": 4361,
                          "Index Cond": "(id = mk.movie_id)",
                          "Rows Removed by Index Recheck": 0,
                          "Heap Fetches": 4361
                        }
                      ]
                    },
                    {
                      "Node Type": "Index Scan",
                      "Parent Relationship": "Inner",
                      "Parallel Aware": false,
                      "Scan Direction": "Forward",
                      "Index Name": "movie_id_movie_info",
                      "Relation Name": "movie_info",
                      "Alias": "mi",
                      "Startup Cost": 0.43,
                      "Total Cost": 1.62,
                      "Plan Rows": 8,
                      "Plan Width": 4,
                      "Actual Startup Time": 0.006,
                      "Actual Total Time": 0.01,
                      "Actual Rows": 1,
                      "Actual Loops": 4361,
                      "Index Cond": "(movie_id = t.id)",
                      "Rows Removed by Index Recheck": 0,
                      "Filter": "(info_type_id = 16)",
                      "Rows Removed by Filter": 4
                    }
                  ]
                }
              ]
            }
          ]
        }
      ]
    },
    "Planning Time": 1.351,
    "Triggers": [],
    "Execution Time": 40.35
  }
]