[
    {
        "Bao": {
            "Bao prediction": "NaN",
            "Bao recommended hint": "(no hint)"
        }
    },
    {
        "Plan": {
            "Node Type": "Aggregate",
            "Strategy": "Plain",
            "Partial Mode": "Finalize",
            "Parallel Aware": false,
            "Startup Cost": 266577.0,
            "Total Cost": 266577.01,
            "Plan Rows": 1,
            "Plan Width": 8,
            "Actual Startup Time": 2970.744,
            "Actual Total Time": 3060.528,
            "Actual Rows": 1,
            "Actual Loops": 1,
            "Output": [
                "count(*)"
            ],
            "Plans": [
                {
                    "Node Type": "Gather",
                    "Parent Relationship": "Outer",
                    "Parallel Aware": false,
                    "Startup Cost": 266576.58,
                    "Total Cost": 266576.99,
                    "Plan Rows": 4,
                    "Plan Width": 8,
                    "Actual Startup Time": 2967.405,
                    "Actual Total Time": 3060.517,
                    "Actual Rows": 5,
                    "Actual Loops": 1,
                    "Output": [
                        "(PARTIAL count(*))"
                    ],
                    "Workers Planned": 4,
                    "Workers Launched": 4,
                    "Single Copy": false,
                    "Plans": [
                        {
                            "Node Type": "Aggregate",
                            "Strategy": "Plain",
                            "Partial Mode": "Partial",
                            "Parent Relationship": "Outer",
                            "Parallel Aware": false,
                            "Startup Cost": 265576.58,
                            "Total Cost": 265576.59,
                            "Plan Rows": 1,
                            "Plan Width": 8,
                            "Actual Startup Time": 2957.924,
                            "Actual Total Time": 2957.928,
                            "Actual Rows": 1,
                            "Actual Loops": 5,
                            "Output": [
                                "PARTIAL count(*)"
                            ],
                            "Workers": [
                                {
                                    "Worker Number": 0,
                                    "Actual Startup Time": 2955.494,
                                    "Actual Total Time": 2955.497,
                                    "Actual Rows": 1,
                                    "Actual Loops": 1
                                },
                                {
                                    "Worker Number": 1,
                                    "Actual Startup Time": 2955.511,
                                    "Actual Total Time": 2955.514,
                                    "Actual Rows": 1,
                                    "Actual Loops": 1
                                },
                                {
                                    "Worker Number": 2,
                                    "Actual Startup Time": 2955.453,
                                    "Actual Total Time": 2955.456,
                                    "Actual Rows": 1,
                                    "Actual Loops": 1
                                },
                                {
                                    "Worker Number": 3,
                                    "Actual Startup Time": 2956.112,
                                    "Actual Total Time": 2956.115,
                                    "Actual Rows": 1,
                                    "Actual Loops": 1
                                }
                            ],
                            "Plans": [
                                {
                                    "Node Type": "Nested Loop",
                                    "Parent Relationship": "Outer",
                                    "Parallel Aware": false,
                                    "Join Type": "Inner",
                                    "Startup Cost": 17512.67,
                                    "Total Cost": 264909.75,
                                    "Plan Rows": 266730,
                                    "Plan Width": 0,
                                    "Actual Startup Time": 72.816,
                                    "Actual Total Time": 2943.255,
                                    "Actual Rows": 232185,
                                    "Actual Loops": 5,
                                    "Inner Unique": false,
                                    "Workers": [
                                        {
                                            "Worker Number": 0,
                                            "Actual Startup Time": 69.885,
                                            "Actual Total Time": 2941.168,
                                            "Actual Rows": 230013,
                                            "Actual Loops": 1
                                        },
                                        {
                                            "Worker Number": 1,
                                            "Actual Startup Time": 70.666,
                                            "Actual Total Time": 2939.125,
                                            "Actual Rows": 191968,
                                            "Actual Loops": 1
                                        },
                                        {
                                            "Worker Number": 2,
                                            "Actual Startup Time": 70.45,
                                            "Actual Total Time": 2940.895,
                                            "Actual Rows": 232419,
                                            "Actual Loops": 1
                                        },
                                        {
                                            "Worker Number": 3,
                                            "Actual Startup Time": 71.269,
                                            "Actual Total Time": 2941.788,
                                            "Actual Rows": 231827,
                                            "Actual Loops": 1
                                        }
                                    ],
                                    "Plans": [
                                        {
                                            "Node Type": "Hash Join",
                                            "Parent Relationship": "Outer",
                                            "Parallel Aware": true,
                                            "Join Type": "Inner",
                                            "Startup Cost": 17512.11,
                                            "Total Cost": 63594.1,
                                            "Plan Rows": 87906,
                                            "Plan Width": 8,
                                            "Actual Startup Time": 72.55,
                                            "Actual Total Time": 339.776,
                                            "Actual Rows": 70783,
                                            "Actual Loops": 5,
                                            "Output": [
                                                "t.id",
                                                "mi_idx.movie_id"
                                            ],
                                            "Inner Unique": false,
                                            "Hash Cond": "(t.id = mi_idx.movie_id)",
                                            "Workers": [
                                                {
                                                    "Worker Number": 0,
                                                    "Actual Startup Time": 69.721,
                                                    "Actual Total Time": 341.487,
                                                    "Actual Rows": 69409,
                                                    "Actual Loops": 1
                                                },
                                                {
                                                    "Worker Number": 1,
                                                    "Actual Startup Time": 70.195,
                                                    "Actual Total Time": 326.711,
                                                    "Actual Rows": 59910,
                                                    "Actual Loops": 1
                                                },
                                                {
                                                    "Worker Number": 2,
                                                    "Actual Startup Time": 70.15,
                                                    "Actual Total Time": 341.695,
                                                    "Actual Rows": 70643,
                                                    "Actual Loops": 1
                                                },
                                                {
                                                    "Worker Number": 3,
                                                    "Actual Startup Time": 70.939,
                                                    "Actual Total Time": 331.264,
                                                    "Actual Rows": 71046,
                                                    "Actual Loops": 1
                                                }
                                            ],
                                            "Plans": [
                                                {
                                                    "Node Type": "Seq Scan",
                                                    "Parent Relationship": "Outer",
                                                    "Parallel Aware": true,
                                                    "Relation Name": "title",
                                                    "Schema": "public",
                                                    "Alias": "t",
                                                    "Startup Cost": 0.0,
                                                    "Total Cost": 43899.01,
                                                    "Plan Rows": 484457,
                                                    "Plan Width": 4,
                                                    "Actual Startup Time": 0.017,
                                                    "Actual Total Time": 78.112,
                                                    "Actual Rows": 389453,
                                                    "Actual Loops": 5,
                                                    "Output": [
                                                        "t.id",
                                                        "t.title",
                                                        "t.imdb_index",
                                                        "t.kind_id",
                                                        "t.production_year",
                                                        "t.imdb_id",
                                                        "t.phonetic_code",
                                                        "t.episode_of_id",
                                                        "t.season_nr",
                                                        "t.episode_nr",
                                                        "t.series_years",
                                                        "t.md5sum"
                                                    ],
                                                    "Filter": "(t.production_year > 1979)",
                                                    "Rows Removed by Filter": 116210,
                                                    "Workers": [
                                                        {
                                                            "Worker Number": 0,
                                                            "Actual Startup Time": 0.016,
                                                            "Actual Total Time": 77.146,
                                                            "Actual Rows": 384404,
                                                            "Actual Loops": 1
                                                        },
                                                        {
                                                            "Worker Number": 1,
                                                            "Actual Startup Time": 0.021,
                                                            "Actual Total Time": 86.69,
                                                            "Actual Rows": 308195,
                                                            "Actual Loops": 1
                                                        },
                                                        {
                                                            "Worker Number": 2,
                                                            "Actual Startup Time": 0.017,
                                                            "Actual Total Time": 78.215,
                                                            "Actual Rows": 389893,
                                                            "Actual Loops": 1
                                                        },
                                                        {
                                                            "Worker Number": 3,
                                                            "Actual Startup Time": 0.024,
                                                            "Actual Total Time": 78.773,
                                                            "Actual Rows": 391993,
                                                            "Actual Loops": 1
                                                        }
                                                    ]
                                                },
                                                {
                                                    "Node Type": "Hash",
                                                    "Parent Relationship": "Inner",
                                                    "Parallel Aware": true,
                                                    "Startup Cost": 15122.68,
                                                    "Total Cost": 15122.68,
                                                    "Plan Rows": 191154,
                                                    "Plan Width": 4,
                                                    "Actual Startup Time": 70.746,
                                                    "Actual Total Time": 70.746,
                                                    "Actual Rows": 92037,
                                                    "Actual Loops": 5,
                                                    "Output": [
                                                        "mi_idx.movie_id"
                                                    ],
                                                    "Hash Buckets": 524288,
                                                    "Original Hash Buckets": 524288,
                                                    "Hash Batches": 1,
                                                    "Original Hash Batches": 1,
                                                    "Peak Memory Usage": 22176,
                                                    "Workers": [
                                                        {
                                                            "Worker Number": 0,
                                                            "Actual Startup Time": 69.21,
                                                            "Actual Total Time": 69.211,
                                                            "Actual Rows": 80704,
                                                            "Actual Loops": 1
                                                        },
                                                        {
                                                            "Worker Number": 1,
                                                            "Actual Startup Time": 69.742,
                                                            "Actual Total Time": 69.743,
                                                            "Actual Rows": 67067,
                                                            "Actual Loops": 1
                                                        },
                                                        {
                                                            "Worker Number": 2,
                                                            "Actual Startup Time": 69.685,
                                                            "Actual Total Time": 69.686,
                                                            "Actual Rows": 83005,
                                                            "Actual Loops": 1
                                                        },
                                                        {
                                                            "Worker Number": 3,
                                                            "Actual Startup Time": 70.329,
                                                            "Actual Total Time": 70.33,
                                                            "Actual Rows": 87599,
                                                            "Actual Loops": 1
                                                        }
                                                    ],
                                                    "Plans": [
                                                        {
                                                            "Node Type": "Seq Scan",
                                                            "Parent Relationship": "Outer",
                                                            "Parallel Aware": true,
                                                            "Relation Name": "movie_info_idx",
                                                            "Schema": "public",
                                                            "Alias": "mi_idx",
                                                            "Startup Cost": 0.0,
                                                            "Total Cost": 15122.68,
                                                            "Plan Rows": 191154,
                                                            "Plan Width": 4,
                                                            "Actual Startup Time": 0.053,
                                                            "Actual Total Time": 36.418,
                                                            "Actual Rows": 92037,
                                                            "Actual Loops": 5,
                                                            "Output": [
                                                                "mi_idx.movie_id"
                                                            ],
                                                            "Filter": "(mi_idx.info_type_id > 100)",
                                                            "Rows Removed by Filter": 183970,
                                                            "Workers": [
                                                                {
                                                                    "Worker Number": 0,
                                                                    "Actual Startup Time": 0.054,
                                                                    "Actual Total Time": 36.336,
                                                                    "Actual Rows": 80704,
                                                                    "Actual Loops": 1
                                                                },
                                                                {
                                                                    "Worker Number": 1,
                                                                    "Actual Startup Time": 0.062,
                                                                    "Actual Total Time": 37.439,
                                                                    "Actual Rows": 67067,
                                                                    "Actual Loops": 1
                                                                },
                                                                {
                                                                    "Worker Number": 2,
                                                                    "Actual Startup Time": 0.069,
                                                                    "Actual Total Time": 35.696,
                                                                    "Actual Rows": 83005,
                                                                    "Actual Loops": 1
                                                                },
                                                                {
                                                                    "Worker Number": 3,
                                                                    "Actual Startup Time": 0.064,
                                                                    "Actual Total Time": 37.579,
                                                                    "Actual Rows": 87599,
                                                                    "Actual Loops": 1
                                                                }
                                                            ]
                                                        }
                                                    ]
                                                }
                                            ]
                                        },
                                        {
                                            "Node Type": "Index Scan",
                                            "Parent Relationship": "Inner",
                                            "Parallel Aware": false,
                                            "Scan Direction": "Forward",
                                            "Index Name": "movie_id_cast_info",
                                            "Relation Name": "cast_info",
                                            "Schema": "public",
                                            "Alias": "ci",
                                            "Startup Cost": 0.56,
                                            "Total Cost": 2.21,
                                            "Plan Rows": 8,
                                            "Plan Width": 4,
                                            "Actual Startup Time": 0.025,
                                            "Actual Total Time": 0.036,
                                            "Actual Rows": 3,
                                            "Actual Loops": 353915,
                                            "Output": [
                                                "ci.id",
                                                "ci.person_id",
                                                "ci.movie_id",
                                                "ci.person_role_id",
                                                "ci.note",
                                                "ci.nr_order",
                                                "ci.role_id"
                                            ],
                                            "Index Cond": "(ci.movie_id = t.id)",
                                            "Rows Removed by Index Recheck": 0,
                                            "Filter": "((ci.person_id < 1169766) AND (ci.role_id > 1))",
                                            "Rows Removed by Filter": 28,
                                            "Workers": [
                                                {
                                                    "Worker Number": 0,
                                                    "Actual Startup Time": 0.026,
                                                    "Actual Total Time": 0.037,
                                                    "Actual Rows": 3,
                                                    "Actual Loops": 69409
                                                },
                                                {
                                                    "Worker Number": 1,
                                                    "Actual Startup Time": 0.03,
                                                    "Actual Total Time": 0.043,
                                                    "Actual Rows": 3,
                                                    "Actual Loops": 59910
                                                },
                                                {
                                                    "Worker Number": 2,
                                                    "Actual Startup Time": 0.025,
                                                    "Actual Total Time": 0.036,
                                                    "Actual Rows": 3,
                                                    "Actual Loops": 70643
                                                },
                                                {
                                                    "Worker Number": 3,
                                                    "Actual Startup Time": 0.025,
                                                    "Actual Total Time": 0.036,
                                                    "Actual Rows": 3,
                                                    "Actual Loops": 71046
                                                }
                                            ]
                                        }
                                    ]
                                }
                            ]
                        }
                    ]
                }
            ]
        },
        "Planning Time": 225.309,
        "Triggers": [],
        "Execution Time": 3060.634
    }
]