[
  {
    "Plan": {
      "Node Type": "Aggregate",
      "Strategy": "Plain",
      "Partial Mode": "Finalize",
      "Parallel Aware": false,
      "Startup Cost": 44983.61,
      "Total Cost": 44983.62,
      "Plan Rows": 1,
      "Plan Width": 8,
      "Actual Startup Time": 138.311,
      "Actual Total Time": 147.756,
      "Actual Rows": 1,
      "Actual Loops": 1,
      "Plans": [
        {
          "Node Type": "Gather",
          "Parent Relationship": "Outer",
          "Parallel Aware": false,
          "Startup Cost": 44983.29,
          "Total Cost": 44983.6,
          "Plan Rows": 3,
          "Plan Width": 8,
          "Actual Startup Time": 138.143,
          "Actual Total Time": 147.748,
          "Actual Rows": 4,
          "Actual Loops": 1,
          "Workers Planned": 3,
          "Workers Launched": 3,
          "Single Copy": false,
          "Plans": [
            {
              "Node Type": "Aggregate",
              "Strategy": "Plain",
              "Partial Mode": "Partial",
              "Parent Relationship": "Outer",
              "Parallel Aware": false,
              "Startup Cost": 43983.29,
              "Total Cost": 43983.3,
              "Plan Rows": 1,
              "Plan Width": 8,
              "Actual Startup Time": 129.506,
              "Actual Total Time": 129.507,
              "Actual Rows": 1,
              "Actual Loops": 4,
              "Plans": [
                {
                  "Node Type": "Seq Scan",
                  "Parent Relationship": "Outer",
                  "Parallel Aware": true,
                  "Relation Name": "movie_keyword",
                  "Alias": "mk",
                  "Startup Cost": 0.0,
                  "Total Cost": 42695.65,
                  "Plan Rows": 515055,
                  "Plan Width": 0,
                  "Actual Startup Time": 0.066,
                  "Actual Total Time": 109.488,
                  "Actual Rows": 398932,
                  "Actual Loops": 4,
                  "Filter": "(keyword_id < 2447)",
                  "Rows Removed by Filter": 732050
                }
              ]
            }
          ]
        }
      ]
    },
    "Planning Time": 0.152,
    "Triggers": [],
    "Execution Time": 147.812
  }
]