[
  {
    "Plan": {
      "Node Type": "Aggregate",
      "Strategy": "Plain",
      "Partial Mode": "Finalize",
      "Parallel Aware": false,
      "Startup Cost": 349817.85,
      "Total Cost": 349817.86,
      "Plan Rows": 1,
      "Plan Width": 8,
      "Actual Startup Time": 975.553,
      "Actual Total Time": 1037.601,
      "Actual Rows": 1,
      "Actual Loops": 1,
      "Plans": [
        {
          "Node Type": "Gather",
          "Parent Relationship": "Outer",
          "Parallel Aware": false,
          "Startup Cost": 349817.22,
          "Total Cost": 349817.83,
          "Plan Rows": 6,
          "Plan Width": 8,
          "Actual Startup Time": 975.249,
          "Actual Total Time": 1037.574,
          "Actual Rows": 7,
          "Actual Loops": 1,
          "Workers Planned": 6,
          "Workers Launched": 6,
          "Single Copy": false,
          "Plans": [
            {
              "Node Type": "Aggregate",
              "Strategy": "Plain",
              "Partial Mode": "Partial",
              "Parent Relationship": "Outer",
              "Parallel Aware": false,
              "Startup Cost": 348817.22,
              "Total Cost": 348817.23,
              "Plan Rows": 1,
              "Plan Width": 8,
              "Actual Startup Time": 966.296,
              "Actual Total Time": 966.298,
              "Actual Rows": 1,
              "Actual Loops": 7,
              "Plans": [
                {
                  "Node Type": "Seq Scan",
                  "Parent Relationship": "Outer",
                  "Parallel Aware": true,
                  "Relation Name": "cast_info",
                  "Alias": "ci",
                  "Startup Cost": 0.0,
                  "Total Cost": 343316.27,
                  "Plan Rows": 2200380,
                  "Plan Width": 0,
                  "Actual Startup Time": 242.637,
                  "Actual Total Time": 811.271,
                  "Actual Rows": 2725491,
                  "Actual Loops": 7,
                  "Filter": "((person_id > 1594789) AND (role_id > 1))",
                  "Rows Removed by Filter": 2452273
                }
              ]
            }
          ]
        }
      ]
    },
    "Planning Time": 0.235,
    "Triggers": [],
    "Execution Time": 1037.673
  }
]