{
  "Plan": {
    "Node Type": "Aggregate",
    "Strategy": "Plain",
    "Partial Mode": "Finalize",
    "Parallel Aware": false,
    "Startup Cost": 109528.4,
    "Total Cost": 109528.41,
    "Plan Rows": 1,
    "Plan Width": 8,
    "Actual Startup Time": 765.471,
    "Actual Total Time": 780.502,
    "Actual Rows": 1,
    "Actual Loops": 1,
    "Plans": [
      {
        "Node Type": "Gather",
        "Parent Relationship": "Outer",
        "Parallel Aware": false,
        "Startup Cost": 109528.29,
        "Total Cost": 109528.4,
        "Plan Rows": 1,
        "Plan Width": 8,
        "Actual Startup Time": 763.054,
        "Actual Total Time": 780.493,
        "Actual Rows": 2,
        "Actual Loops": 1,
        "Workers Planned": 1,
        "Workers Launched": 1,
        "Single Copy": false,
        "Plans": [
          {
            "Node Type": "Aggregate",
            "Strategy": "Plain",
            "Partial Mode": "Partial",
            "Parent Relationship": "Outer",
            "Parallel Aware": false,
            "Startup Cost": 108528.29,
            "Total Cost": 108528.3,
            "Plan Rows": 1,
            "Plan Width": 8,
            "Actual Startup Time": 759.56,
            "Actual Total Time": 759.564,
            "Actual Rows": 1,
            "Actual Loops": 2,
            "Plans": [
              {
                "Node Type": "Hash Join",
                "Parent Relationship": "Outer",
                "Parallel Aware": true,
                "Join Type": "Inner",
                "Startup Cost": 44192.95,
                "Total Cost": 107284.65,
                "Plan Rows": 497454,
                "Plan Width": 0,
                "Actual Startup Time": 244.196,
                "Actual Total Time": 742.281,
                "Actual Rows": 429562,
                "Actual Loops": 2,
                "Inner Unique": false,
                "Hash Cond": "(t.id = mc.movie_id)",
                "Plans": [
                  {
                    "Node Type": "Seq Scan",
                    "Parent Relationship": "Outer",
                    "Parallel Aware": true,
                    "Relation Name": "title",
                    "Alias": "t",
                    "Startup Cost": 0.0,
                    "Total Cost": 50870.31,
                    "Plan Rows": 1487231,
                    "Plan Width": 4,
                    "Actual Startup Time": 0.011,
                    "Actual Total Time": 124.487,
                    "Actual Rows": 1264156,
                    "Actual Loops": 2
                  },
                  {
                    "Node Type": "Hash",
                    "Parent Relationship": "Inner",
                    "Parallel Aware": true,
                    "Startup Cost": 37974.77,
                    "Total Cost": 37974.77,
                    "Plan Rows": 497454,
                    "Plan Width": 4,
                    "Actual Startup Time": 238.139,
                    "Actual Total Time": 238.14,
                    "Actual Rows": 429562,
                    "Actual Loops": 2,
                    "Hash Buckets": 1048576,
                    "Original Hash Buckets": 1048576,
                    "Hash Batches": 1,
                    "Original Hash Batches": 1,
                    "Peak Memory Usage": 41824,
                    "Plans": [
                      {
                        "Node Type": "Seq Scan",
                        "Parent Relationship": "Outer",
                        "Parallel Aware": true,
                        "Relation Name": "movie_companies",
                        "Alias": "mc",
                        "Startup Cost": 0.0,
                        "Total Cost": 37974.77,
                        "Plan Rows": 497454,
                        "Plan Width": 4,
                        "Actual Startup Time": 27.355,
                        "Actual Total Time": 128.016,
                        "Actual Rows": 429562,
                        "Actual Loops": 2,
                        "Filter": "(company_id > 24392)",
                        "Rows Removed by Filter": 875002
                      }
                    ]
                  }
                ]
              }
            ]
          }
        ]
      }
    ]
  },
  "Planning Time": 0.413,
  "Triggers": [],
  "Execution Time": 780.55
}