[
  {
    "Plan": {
      "Node Type": "Aggregate",
      "Strategy": "Plain",
      "Partial Mode": "Finalize",
      "Parallel Aware": false,
      "Startup Cost": 84148.1,
      "Total Cost": 84148.11,
      "Plan Rows": 1,
      "Plan Width": 8,
      "Actual Startup Time": 522.691,
      "Actual Total Time": 538.908,
      "Actual Rows": 1,
      "Actual Loops": 1,
      "Plans": [
        {
          "Node Type": "Gather",
          "Parent Relationship": "Outer",
          "Parallel Aware": false,
          "Startup Cost": 84147.78,
          "Total Cost": 84148.09,
          "Plan Rows": 3,
          "Plan Width": 8,
          "Actual Startup Time": 511.276,
          "Actual Total Time": 538.883,
          "Actual Rows": 4,
          "Actual Loops": 1,
          "Workers Planned": 3,
          "Workers Launched": 3,
          "Single Copy": false,
          "Plans": [
            {
              "Node Type": "Aggregate",
              "Strategy": "Plain",
              "Partial Mode": "Partial",
              "Parent Relationship": "Outer",
              "Parallel Aware": false,
              "Startup Cost": 83147.78,
              "Total Cost": 83147.79,
              "Plan Rows": 1,
              "Plan Width": 8,
              "Actual Startup Time": 494.184,
              "Actual Total Time": 494.188,
              "Actual Rows": 1,
              "Actual Loops": 4,
              "Plans": [
                {
                  "Node Type": "Hash Join",
                  "Parent Relationship": "Outer",
                  "Parallel Aware": true,
                  "Join Type": "Inner",
                  "Startup Cost": 51232.56,
                  "Total Cost": 82913.0,
                  "Plan Rows": 93913,
                  "Plan Width": 0,
                  "Actual Startup Time": 443.759,
                  "Actual Total Time": 493.917,
                  "Actual Rows": 3600,
                  "Actual Loops": 4,
                  "Inner Unique": true,
                  "Hash Cond": "(mc.movie_id = t.id)",
                  "Plans": [
                    {
                      "Node Type": "Seq Scan",
                      "Parent Relationship": "Outer",
                      "Parallel Aware": true,
                      "Relation Name": "movie_companies",
                      "Alias": "mc",
                      "Startup Cost": 0.0,
                      "Total Cost": 31414.82,
                      "Plan Rows": 101188,
                      "Plan Width": 4,
                      "Actual Startup Time": 28.333,
                      "Actual Total Time": 74.045,
                      "Actual Rows": 3762,
                      "Actual Loops": 4,
                      "Filter": "((company_id > 58043) AND (company_type_id < 2))",
                      "Rows Removed by Filter": 648521
                    },
                    {
                      "Node Type": "Hash",
                      "Parent Relationship": "Inner",
                      "Parallel Aware": true,
                      "Startup Cost": 43899.32,
                      "Total Cost": 43899.32,
                      "Plan Rows": 586659,
                      "Plan Width": 4,
                      "Actual Startup Time": 403.454,
                      "Actual Total Time": 403.455,
                      "Actual Rows": 584590,
                      "Actual Loops": 4,
                      "Hash Buckets": 4194304,
                      "Original Hash Buckets": 4194304,
                      "Hash Batches": 1,
                      "Original Hash Batches": 1,
                      "Peak Memory Usage": 124288,
                      "Plans": [
                        {
                          "Node Type": "Seq Scan",
                          "Parent Relationship": "Outer",
                          "Parallel Aware": true,
                          "Relation Name": "title",
                          "Alias": "t",
                          "Startup Cost": 0.0,
                          "Total Cost": 43899.32,
                          "Plan Rows": 586659,
                          "Plan Width": 4,
                          "Actual Startup Time": 0.039,
                          "Actual Total Time": 145.051,
                          "Actual Rows": 584590,
                          "Actual Loops": 4,
                          "Filter": "(production_year > 1930)",
                          "Rows Removed by Filter": 47488
                        }
                      ]
                    }
                  ]
                }
              ]
            }
          ]
        }
      ]
    },
    "Planning Time": 0.67,
    "Triggers": [],
    "Execution Time": 538.978
  }
]