[
  {
    "Plan": {
      "Node Type": "Aggregate",
      "Strategy": "Plain",
      "Partial Mode": "Finalize",
      "Parallel Aware": false,
      "Startup Cost": 91167.47,
      "Total Cost": 91167.48,
      "Plan Rows": 1,
      "Plan Width": 8,
      "Actual Startup Time": 243.043,
      "Actual Total Time": 260.584,
      "Actual Rows": 1,
      "Actual Loops": 1,
      "Plans": [
        {
          "Node Type": "Gather",
          "Parent Relationship": "Outer",
          "Parallel Aware": false,
          "Startup Cost": 91167.15,
          "Total Cost": 91167.46,
          "Plan Rows": 3,
          "Plan Width": 8,
          "Actual Startup Time": 242.775,
          "Actual Total Time": 260.576,
          "Actual Rows": 4,
          "Actual Loops": 1,
          "Workers Planned": 3,
          "Workers Launched": 3,
          "Single Copy": false,
          "Plans": [
            {
              "Node Type": "Aggregate",
              "Strategy": "Plain",
              "Partial Mode": "Partial",
              "Parent Relationship": "Outer",
              "Parallel Aware": false,
              "Startup Cost": 90167.15,
              "Total Cost": 90167.16,
              "Plan Rows": 1,
              "Plan Width": 8,
              "Actual Startup Time": 233.984,
              "Actual Total Time": 233.987,
              "Actual Rows": 1,
              "Actual Loops": 4,
              "Plans": [
                {
                  "Node Type": "Hash Join",
                  "Parent Relationship": "Outer",
                  "Parallel Aware": true,
                  "Join Type": "Inner",
                  "Startup Cost": 45597.59,
                  "Total Cost": 90140.76,
                  "Plan Rows": 10555,
                  "Plan Width": 0,
                  "Actual Startup Time": 123.123,
                  "Actual Total Time": 233.463,
                  "Actual Rows": 10771,
                  "Actual Loops": 4,
                  "Inner Unique": true,
                  "Hash Cond": "(mk.movie_id = t.id)",
                  "Plans": [
                    {
                      "Node Type": "Seq Scan",
                      "Parent Relationship": "Outer",
                      "Parallel Aware": true,
                      "Relation Name": "movie_keyword",
                      "Alias": "mk",
                      "Startup Cost": 0.0,
                      "Total Cost": 42695.65,
                      "Plan Rows": 703818,
                      "Plan Width": 4,
                      "Actual Startup Time": 0.028,
                      "Actual Total Time": 99.314,
                      "Actual Rows": 546064,
                      "Actual Loops": 4,
                      "Filter": "(keyword_id < 4333)",
                      "Rows Removed by Filter": 584918
                    },
                    {
                      "Node Type": "Hash",
                      "Parent Relationship": "Inner",
                      "Parallel Aware": true,
                      "Startup Cost": 45479.1,
                      "Total Cost": 45479.1,
                      "Plan Rows": 9479,
                      "Plan Width": 4,
                      "Actual Startup Time": 95.399,
                      "Actual Total Time": 95.4,
                      "Actual Rows": 8298,
                      "Actual Loops": 4,
                      "Hash Buckets": 65536,
                      "Original Hash Buckets": 65536,
                      "Hash Batches": 1,
                      "Original Hash Batches": 1,
                      "Peak Memory Usage": 1888,
                      "Plans": [
                        {
                          "Node Type": "Seq Scan",
                          "Parent Relationship": "Outer",
                          "Parallel Aware": true,
                          "Relation Name": "title",
                          "Alias": "t",
                          "Startup Cost": 0.0,
                          "Total Cost": 45479.1,
                          "Plan Rows": 9479,
                          "Plan Width": 4,
                          "Actual Startup Time": 59.356,
                          "Actual Total Time": 92.711,
                          "Actual Rows": 8298,
                          "Actual Loops": 4,
                          "Filter": "((kind_id < 2) AND (production_year = 2010))",
                          "Rows Removed by Filter": 623780
                        }
                      ]
                    }
                  ]
                }
              ]
            }
          ]
        }
      ]
    },
    "Planning Time": 0.636,
    "Triggers": [],
    "Execution Time": 260.65
  }
]