[
    {
        "Bao": {
            "Bao prediction": "NaN",
            "Bao recommended hint": "(no hint)"
        }
    },
    {
        "Plan": {
            "Node Type": "Aggregate",
            "Strategy": "Plain",
            "Partial Mode": "Simple",
            "Parallel Aware": false,
            "Startup Cost": 21413.65,
            "Total Cost": 21413.66,
            "Plan Rows": 1,
            "Plan Width": 8,
            "Actual Startup Time": 21.359,
            "Actual Total Time": 21.36,
            "Actual Rows": 1,
            "Actual Loops": 1,
            "Output": [
                "count(*)"
            ],
            "Plans": [
                {
                    "Node Type": "Bitmap Heap Scan",
                    "Parent Relationship": "Outer",
                    "Parallel Aware": false,
                    "Relation Name": "movie_companies",
                    "Schema": "public",
                    "Alias": "mc",
                    "Startup Cost": 1550.76,
                    "Total Cost": 21234.83,
                    "Plan Rows": 71526,
                    "Plan Width": 0,
                    "Actual Startup Time": 4.264,
                    "Actual Total Time": 17.87,
                    "Actual Rows": 73260,
                    "Actual Loops": 1,
                    "Recheck Cond": "(mc.company_id > 174455)",
                    "Rows Removed by Index Recheck": 0,
                    "Exact Heap Blocks": 2532,
                    "Lossy Heap Blocks": 0,
                    "Plans": [
                        {
                            "Node Type": "Bitmap Index Scan",
                            "Parent Relationship": "Outer",
                            "Parallel Aware": false,
                            "Index Name": "company_id_movie_companies",
                            "Startup Cost": 0.0,
                            "Total Cost": 1532.88,
                            "Plan Rows": 71526,
                            "Plan Width": 0,
                            "Actual Startup Time": 3.92,
                            "Actual Total Time": 3.921,
                            "Actual Rows": 73260,
                            "Actual Loops": 1,
                            "Index Cond": "(mc.company_id > 174455)"
                        }
                    ]
                }
            ]
        },
        "Planning Time": 185.696,
        "Triggers": [],
        "Execution Time": 21.442
    }
]