[
    {
        "Bao": {
            "Bao prediction": "NaN",
            "Bao recommended hint": "(no hint)"
        }
    },
    {
        "Plan": {
            "Node Type": "Aggregate",
            "Strategy": "Plain",
            "Partial Mode": "Simple",
            "Parallel Aware": false,
            "Startup Cost": 8445.47,
            "Total Cost": 8445.48,
            "Plan Rows": 1,
            "Plan Width": 8,
            "Actual Startup Time": 4.677,
            "Actual Total Time": 4.68,
            "Actual Rows": 1,
            "Actual Loops": 1,
            "Output": [
                "count(*)"
            ],
            "Plans": [
                {
                    "Node Type": "Index Only Scan",
                    "Parent Relationship": "Outer",
                    "Parallel Aware": false,
                    "Scan Direction": "Forward",
                    "Index Name": "company_id_movie_companies",
                    "Relation Name": "movie_companies",
                    "Schema": "public",
                    "Alias": "mc",
                    "Startup Cost": 0.43,
                    "Total Cost": 8436.78,
                    "Plan Rows": 3479,
                    "Plan Width": 0,
                    "Actual Startup Time": 0.128,
                    "Actual Total Time": 4.098,
                    "Actual Rows": 3061,
                    "Actual Loops": 1,
                    "Output": [
                        "company_id"
                    ],
                    "Index Cond": "(mc.company_id = 92)",
                    "Rows Removed by Index Recheck": 0,
                    "Heap Fetches": 3061
                }
            ]
        },
        "Planning Time": 179.573,
        "Triggers": [],
        "Execution Time": 4.757
    }
]