[
  {
    "Plan": {
      "Node Type": "Aggregate",
      "Strategy": "Plain",
      "Partial Mode": "Finalize",
      "Parallel Aware": false,
      "Startup Cost": 224893.49,
      "Total Cost": 224893.5,
      "Plan Rows": 1,
      "Plan Width": 8,
      "Actual Startup Time": 157.395,
      "Actual Total Time": 176.889,
      "Actual Rows": 1,
      "Actual Loops": 1,
      "Plans": [
        {
          "Node Type": "Gather",
          "Parent Relationship": "Outer",
          "Parallel Aware": false,
          "Startup Cost": 224893.07,
          "Total Cost": 224893.48,
          "Plan Rows": 4,
          "Plan Width": 8,
          "Actual Startup Time": 156.852,
          "Actual Total Time": 176.877,
          "Actual Rows": 5,
          "Actual Loops": 1,
          "Workers Planned": 4,
          "Workers Launched": 4,
          "Single Copy": false,
          "Plans": [
            {
              "Node Type": "Aggregate",
              "Strategy": "Plain",
              "Partial Mode": "Partial",
              "Parent Relationship": "Outer",
              "Parallel Aware": false,
              "Startup Cost": 223893.07,
              "Total Cost": 223893.08,
              "Plan Rows": 1,
              "Plan Width": 8,
              "Actual Startup Time": 147.179,
              "Actual Total Time": 147.182,
              "Actual Rows": 1,
              "Actual Loops": 5,
              "Plans": [
                {
                  "Node Type": "Nested Loop",
                  "Parent Relationship": "Outer",
                  "Parallel Aware": false,
                  "Join Type": "Inner",
                  "Startup Cost": 1703.07,
                  "Total Cost": 223816.91,
                  "Plan Rows": 30462,
                  "Plan Width": 0,
                  "Actual Startup Time": 19.364,
                  "Actual Total Time": 143.808,
                  "Actual Rows": 31224,
                  "Actual Loops": 5,
                  "Inner Unique": false,
                  "Plans": [
                    {
                      "Node Type": "Bitmap Heap Scan",
                      "Parent Relationship": "Outer",
                      "Parallel Aware": true,
                      "Relation Name": "title",
                      "Alias": "t",
                      "Startup Cost": 1702.64,
                      "Total Cost": 38057.14,
                      "Plan Rows": 5188,
                      "Plan Width": 4,
                      "Actual Startup Time": 19.103,
                      "Actual Total Time": 52.734,
                      "Actual Rows": 3511,
                      "Actual Loops": 5,
                      "Recheck Cond": "(kind_id = 2)",
                      "Rows Removed by Index Recheck": 0,
                      "Filter": "(production_year < 1984)",
                      "Rows Removed by Filter": 14659,
                      "Exact Heap Blocks": 9498,
                      "Lossy Heap Blocks": 0,
                      "Plans": [
                        {
                          "Node Type": "Bitmap Index Scan",
                          "Parent Relationship": "Outer",
                          "Parallel Aware": false,
                          "Index Name": "kind_id_title",
                          "Startup Cost": 0.0,
                          "Total Cost": 1697.45,
                          "Plan Rows": 95069,
                          "Plan Width": 0,
                          "Actual Startup Time": 20.402,
                          "Actual Total Time": 20.403,
                          "Actual Rows": 90852,
                          "Actual Loops": 1,
                          "Index Cond": "(kind_id = 2)"
                        }
                      ]
                    },
                    {
                      "Node Type": "Index Only Scan",
                      "Parent Relationship": "Inner",
                      "Parallel Aware": false,
                      "Scan Direction": "Forward",
                      "Index Name": "movie_id_movie_info",
                      "Relation Name": "movie_info",
                      "Alias": "mi",
                      "Startup Cost": 0.43,
                      "Total Cost": 35.4,
                      "Plan Rows": 41,
                      "Plan Width": 4,
                      "Actual Startup Time": 0.011,
                      "Actual Total Time": 0.024,
                      "Actual Rows": 9,
                      "Actual Loops": 17557,
                      "Index Cond": "(movie_id = t.id)",
                      "Rows Removed by Index Recheck": 0,
                      "Heap Fetches": 156121
                    }
                  ]
                }
              ]
            }
          ]
        }
      ]
    },
    "Planning Time": 0.64,
    "Triggers": [],
    "Execution Time": 176.989
  }
]