[
  {
    "Plan": {
      "Node Type": "Aggregate",
      "Strategy": "Plain",
      "Partial Mode": "Finalize",
      "Parallel Aware": false,
      "Startup Cost": 36384.11,
      "Total Cost": 36384.12,
      "Plan Rows": 1,
      "Plan Width": 8,
      "Actual Startup Time": 102.241,
      "Actual Total Time": 110.075,
      "Actual Rows": 1,
      "Actual Loops": 1,
      "Plans": [
        {
          "Node Type": "Gather",
          "Parent Relationship": "Outer",
          "Parallel Aware": false,
          "Startup Cost": 36383.79,
          "Total Cost": 36384.1,
          "Plan Rows": 3,
          "Plan Width": 8,
          "Actual Startup Time": 101.898,
          "Actual Total Time": 110.068,
          "Actual Rows": 4,
          "Actual Loops": 1,
          "Workers Planned": 3,
          "Workers Launched": 3,
          "Single Copy": false,
          "Plans": [
            {
              "Node Type": "Aggregate",
              "Strategy": "Plain",
              "Partial Mode": "Partial",
              "Parent Relationship": "Outer",
              "Parallel Aware": false,
              "Startup Cost": 35383.79,
              "Total Cost": 35383.8,
              "Plan Rows": 1,
              "Plan Width": 8,
              "Actual Startup Time": 96.739,
              "Actual Total Time": 96.741,
              "Actual Rows": 1,
              "Actual Loops": 4,
              "Plans": [
                {
                  "Node Type": "Bitmap Heap Scan",
                  "Parent Relationship": "Outer",
                  "Parallel Aware": true,
                  "Relation Name": "movie_keyword",
                  "Alias": "mk",
                  "Startup Cost": 8899.8,
                  "Total Cost": 35045.46,
                  "Plan Rows": 135333,
                  "Plan Width": 0,
                  "Actual Startup Time": 25.029,
                  "Actual Total Time": 91.1,
                  "Actual Rows": 103776,
                  "Actual Loops": 4,
                  "Recheck Cond": "(keyword_id > 41866)",
                  "Rows Removed by Index Recheck": 0,
                  "Exact Heap Blocks": 10322,
                  "Lossy Heap Blocks": 0,
                  "Plans": [
                    {
                      "Node Type": "Bitmap Index Scan",
                      "Parent Relationship": "Outer",
                      "Parallel Aware": false,
                      "Index Name": "keyword_id_movie_keyword",
                      "Startup Cost": 0.0,
                      "Total Cost": 8794.92,
                      "Plan Rows": 419531,
                      "Plan Width": 0,
                      "Actual Startup Time": 26.42,
                      "Actual Total Time": 26.42,
                      "Actual Rows": 415104,
                      "Actual Loops": 1,
                      "Index Cond": "(keyword_id > 41866)"
                    }
                  ]
                }
              ]
            }
          ]
        }
      ]
    },
    "Planning Time": 0.087,
    "Triggers": [],
    "Execution Time": 110.111
  }
]