[
    {
        "Bao": {
            "Bao prediction": "NaN",
            "Bao recommended hint": "(no hint)"
        }
    },
    {
        "Plan": {
            "Node Type": "Aggregate",
            "Strategy": "Plain",
            "Partial Mode": "Finalize",
            "Parallel Aware": false,
            "Startup Cost": 33178.22,
            "Total Cost": 33178.23,
            "Plan Rows": 1,
            "Plan Width": 8,
            "Actual Startup Time": 106.492,
            "Actual Total Time": 111.99,
            "Actual Rows": 1,
            "Actual Loops": 1,
            "Output": [
                "count(*)"
            ],
            "Plans": [
                {
                    "Node Type": "Gather",
                    "Parent Relationship": "Outer",
                    "Parallel Aware": false,
                    "Startup Cost": 33177.9,
                    "Total Cost": 33178.21,
                    "Plan Rows": 3,
                    "Plan Width": 8,
                    "Actual Startup Time": 106.271,
                    "Actual Total Time": 111.982,
                    "Actual Rows": 4,
                    "Actual Loops": 1,
                    "Output": [
                        "(PARTIAL count(*))"
                    ],
                    "Workers Planned": 3,
                    "Workers Launched": 3,
                    "Single Copy": false,
                    "Plans": [
                        {
                            "Node Type": "Aggregate",
                            "Strategy": "Plain",
                            "Partial Mode": "Partial",
                            "Parent Relationship": "Outer",
                            "Parallel Aware": false,
                            "Startup Cost": 32177.9,
                            "Total Cost": 32177.91,
                            "Plan Rows": 1,
                            "Plan Width": 8,
                            "Actual Startup Time": 97.753,
                            "Actual Total Time": 97.754,
                            "Actual Rows": 1,
                            "Actual Loops": 4,
                            "Output": [
                                "PARTIAL count(*)"
                            ],
                            "Workers": [
                                {
                                    "Worker Number": 0,
                                    "Actual Startup Time": 94.79,
                                    "Actual Total Time": 94.792,
                                    "Actual Rows": 1,
                                    "Actual Loops": 1
                                },
                                {
                                    "Worker Number": 1,
                                    "Actual Startup Time": 94.952,
                                    "Actual Total Time": 94.954,
                                    "Actual Rows": 1,
                                    "Actual Loops": 1
                                },
                                {
                                    "Worker Number": 2,
                                    "Actual Startup Time": 95.338,
                                    "Actual Total Time": 95.339,
                                    "Actual Rows": 1,
                                    "Actual Loops": 1
                                }
                            ],
                            "Plans": [
                                {
                                    "Node Type": "Bitmap Heap Scan",
                                    "Parent Relationship": "Outer",
                                    "Parallel Aware": true,
                                    "Relation Name": "movie_keyword",
                                    "Schema": "public",
                                    "Alias": "mk",
                                    "Startup Cost": 6289.64,
                                    "Total Cost": 31938.86,
                                    "Plan Rows": 95617,
                                    "Plan Width": 0,
                                    "Actual Startup Time": 27.817,
                                    "Actual Total Time": 92.459,
                                    "Actual Rows": 73419,
                                    "Actual Loops": 4,
                                    "Recheck Cond": "(mk.keyword_id > 54861)",
                                    "Rows Removed by Index Recheck": 0,
                                    "Exact Heap Blocks": 8782,
                                    "Lossy Heap Blocks": 0,
                                    "Workers": [
                                        {
                                            "Worker Number": 0,
                                            "Actual Startup Time": 25.131,
                                            "Actual Total Time": 90.418,
                                            "Actual Rows": 59541,
                                            "Actual Loops": 1
                                        },
                                        {
                                            "Worker Number": 1,
                                            "Actual Startup Time": 25.026,
                                            "Actual Total Time": 90.496,
                                            "Actual Rows": 58115,
                                            "Actual Loops": 1
                                        },
                                        {
                                            "Worker Number": 2,
                                            "Actual Startup Time": 25.458,
                                            "Actual Total Time": 90.978,
                                            "Actual Rows": 57508,
                                            "Actual Loops": 1
                                        }
                                    ],
                                    "Plans": [
                                        {
                                            "Node Type": "Bitmap Index Scan",
                                            "Parent Relationship": "Outer",
                                            "Parallel Aware": false,
                                            "Index Name": "keyword_id_movie_keyword",
                                            "Startup Cost": 0.0,
                                            "Total Cost": 6215.54,
                                            "Plan Rows": 296414,
                                            "Plan Width": 0,
                                            "Actual Startup Time": 30.604,
                                            "Actual Total Time": 30.604,
                                            "Actual Rows": 293676,
                                            "Actual Loops": 1,
                                            "Index Cond": "(mk.keyword_id > 54861)"
                                        }
                                    ]
                                }
                            ]
                        }
                    ]
                }
            ]
        },
        "Planning Time": 280.12,
        "Triggers": [],
        "Execution Time": 112.071
    }
]