[
  {
    "Plan": {
      "Node Type": "Aggregate",
      "Strategy": "Plain",
      "Partial Mode": "Finalize",
      "Parallel Aware": false,
      "Startup Cost": 79619.53,
      "Total Cost": 79619.54,
      "Plan Rows": 1,
      "Plan Width": 8,
      "Actual Startup Time": 307.104,
      "Actual Total Time": 322.975,
      "Actual Rows": 1,
      "Actual Loops": 1,
      "Plans": [
        {
          "Node Type": "Gather",
          "Parent Relationship": "Outer",
          "Parallel Aware": false,
          "Startup Cost": 79619.21,
          "Total Cost": 79619.52,
          "Plan Rows": 3,
          "Plan Width": 8,
          "Actual Startup Time": 300.749,
          "Actual Total Time": 322.968,
          "Actual Rows": 4,
          "Actual Loops": 1,
          "Workers Planned": 3,
          "Workers Launched": 3,
          "Single Copy": false,
          "Plans": [
            {
              "Node Type": "Aggregate",
              "Strategy": "Plain",
              "Partial Mode": "Partial",
              "Parent Relationship": "Outer",
              "Parallel Aware": false,
              "Startup Cost": 78619.21,
              "Total Cost": 78619.22,
              "Plan Rows": 1,
              "Plan Width": 8,
              "Actual Startup Time": 291.796,
              "Actual Total Time": 291.799,
              "Actual Rows": 1,
              "Actual Loops": 4,
              "Plans": [
                {
                  "Node Type": "Nested Loop",
                  "Parent Relationship": "Outer",
                  "Parallel Aware": false,
                  "Join Type": "Inner",
                  "Startup Cost": 22140.01,
                  "Total Cost": 78592.95,
                  "Plan Rows": 10503,
                  "Plan Width": 0,
                  "Actual Startup Time": 164.976,
                  "Actual Total Time": 289.774,
                  "Actual Rows": 25385,
                  "Actual Loops": 4,
                  "Inner Unique": true,
                  "Plans": [
                    {
                      "Node Type": "Hash Join",
                      "Parent Relationship": "Outer",
                      "Parallel Aware": true,
                      "Join Type": "Inner",
                      "Startup Cost": 22139.58,
                      "Total Cost": 47133.09,
                      "Plan Rows": 54435,
                      "Plan Width": 8,
                      "Actual Startup Time": 164.916,
                      "Actual Total Time": 199.353,
                      "Actual Rows": 25385,
                      "Actual Loops": 4,
                      "Inner Unique": false,
                      "Hash Cond": "(mk.movie_id = mi_idx.movie_id)",
                      "Plans": [
                        {
                          "Node Type": "Bitmap Heap Scan",
                          "Parent Relationship": "Outer",
                          "Parallel Aware": true,
                          "Relation Name": "movie_keyword",
                          "Alias": "mk",
                          "Startup Cost": 1266.74,
                          "Total Cost": 25961.28,
                          "Plan Rows": 19243,
                          "Plan Width": 4,
                          "Actual Startup Time": 12.165,
                          "Actual Total Time": 33.012,
                          "Actual Rows": 14401,
                          "Actual Loops": 4,
                          "Recheck Cond": "(keyword_id < 56)",
                          "Rows Removed by Index Recheck": 0,
                          "Exact Heap Blocks": 7062,
                          "Lossy Heap Blocks": 0,
                          "Plans": [
                            {
                              "Node Type": "Bitmap Index Scan",
                              "Parent Relationship": "Outer",
                              "Parallel Aware": false,
                              "Index Name": "keyword_id_movie_keyword",
                              "Startup Cost": 0.0,
                              "Total Cost": 1251.83,
                              "Plan Rows": 59653,
                              "Plan Width": 0,
                              "Actual Startup Time": 8.187,
                              "Actual Total Time": 8.188,
                              "Actual Rows": 57603,
                              "Actual Loops": 1,
                              "Index Cond": "(keyword_id < 56)"
                            }
                          ]
                        },
                        {
                          "Node Type": "Hash",
                          "Parent Relationship": "Inner",
                          "Parallel Aware": true,
                          "Startup Cost": 13685.15,
                          "Total Cost": 13685.15,
                          "Plan Rows": 575015,
                          "Plan Width": 4,
                          "Actual Startup Time": 146.294,
                          "Actual Total Time": 146.294,
                          "Actual Rows": 345009,
                          "Actual Loops": 4,
                          "Hash Buckets": 2097152,
                          "Original Hash Buckets": 2097152,
                          "Hash Batches": 1,
                          "Original Hash Batches": 1,
                          "Peak Memory Usage": 70464,
                          "Plans": [
                            {
                              "Node Type": "Seq Scan",
                              "Parent Relationship": "Outer",
                              "Parallel Aware": true,
                              "Relation Name": "movie_info_idx",
                              "Alias": "mi_idx",
                              "Startup Cost": 0.0,
                              "Total Cost": 13685.15,
                              "Plan Rows": 575015,
                              "Plan Width": 4,
                              "Actual Startup Time": 0.042,
                              "Actual Total Time": 47.893,
                              "Actual Rows": 345009,
                              "Actual Loops": 4
                            }
                          ]
                        }
                      ]
                    },
                    {
                      "Node Type": "Index Only Scan",
                      "Parent Relationship": "Inner",
                      "Parallel Aware": false,
                      "Scan Direction": "Forward",
                      "Index Name": "title_pkey",
                      "Relation Name": "title",
                      "Alias": "t",
                      "Startup Cost": 0.43,
                      "Total Cost": 0.58,
                      "Plan Rows": 1,
                      "Plan Width": 4,
                      "Actual Startup Time": 0.003,
                      "Actual Total Time": 0.003,
                      "Actual Rows": 1,
                      "Actual Loops": 101540,
                      "Index Cond": "(id = mi_idx.movie_id)",
                      "Rows Removed by Index Recheck": 0,
                      "Heap Fetches": 101540
                    }
                  ]
                }
              ]
            }
          ]
        }
      ]
    },
    "Planning Time": 0.818,
    "Triggers": [],
    "Execution Time": 323.041
  }
]