[
    {
        "Bao": {
            "Bao prediction": "NaN",
            "Bao recommended hint": "(no hint)"
        }
    },
    {
        "Plan": {
            "Node Type": "Aggregate",
            "Strategy": "Plain",
            "Partial Mode": "Finalize",
            "Parallel Aware": false,
            "Startup Cost": 224582.16,
            "Total Cost": 224582.17,
            "Plan Rows": 1,
            "Plan Width": 8,
            "Actual Startup Time": 358.715,
            "Actual Total Time": 377.283,
            "Actual Rows": 1,
            "Actual Loops": 1,
            "Output": [
                "count(*)"
            ],
            "Plans": [
                {
                    "Node Type": "Gather",
                    "Parent Relationship": "Outer",
                    "Parallel Aware": false,
                    "Startup Cost": 224581.64,
                    "Total Cost": 224582.15,
                    "Plan Rows": 5,
                    "Plan Width": 8,
                    "Actual Startup Time": 342.904,
                    "Actual Total Time": 377.274,
                    "Actual Rows": 6,
                    "Actual Loops": 1,
                    "Output": [
                        "(PARTIAL count(*))"
                    ],
                    "Workers Planned": 5,
                    "Workers Launched": 5,
                    "Single Copy": false,
                    "Plans": [
                        {
                            "Node Type": "Aggregate",
                            "Strategy": "Plain",
                            "Partial Mode": "Partial",
                            "Parent Relationship": "Outer",
                            "Parallel Aware": false,
                            "Startup Cost": 223581.64,
                            "Total Cost": 223581.65,
                            "Plan Rows": 1,
                            "Plan Width": 8,
                            "Actual Startup Time": 329.583,
                            "Actual Total Time": 329.587,
                            "Actual Rows": 1,
                            "Actual Loops": 6,
                            "Output": [
                                "PARTIAL count(*)"
                            ],
                            "Workers": [
                                {
                                    "Worker Number": 0,
                                    "Actual Startup Time": 326.581,
                                    "Actual Total Time": 326.583,
                                    "Actual Rows": 1,
                                    "Actual Loops": 1
                                },
                                {
                                    "Worker Number": 1,
                                    "Actual Startup Time": 326.699,
                                    "Actual Total Time": 326.702,
                                    "Actual Rows": 1,
                                    "Actual Loops": 1
                                },
                                {
                                    "Worker Number": 2,
                                    "Actual Startup Time": 328.371,
                                    "Actual Total Time": 328.374,
                                    "Actual Rows": 1,
                                    "Actual Loops": 1
                                },
                                {
                                    "Worker Number": 3,
                                    "Actual Startup Time": 326.731,
                                    "Actual Total Time": 326.735,
                                    "Actual Rows": 1,
                                    "Actual Loops": 1
                                },
                                {
                                    "Worker Number": 4,
                                    "Actual Startup Time": 326.756,
                                    "Actual Total Time": 326.759,
                                    "Actual Rows": 1,
                                    "Actual Loops": 1
                                }
                            ],
                            "Plans": [
                                {
                                    "Node Type": "Hash Join",
                                    "Parent Relationship": "Outer",
                                    "Parallel Aware": true,
                                    "Join Type": "Inner",
                                    "Startup Cost": 59842.48,
                                    "Total Cost": 223364.94,
                                    "Plan Rows": 86679,
                                    "Plan Width": 0,
                                    "Actual Startup Time": 275.078,
                                    "Actual Total Time": 326.811,
                                    "Actual Rows": 41833,
                                    "Actual Loops": 6,
                                    "Inner Unique": true,
                                    "Hash Cond": "(mi.movie_id = t.id)",
                                    "Workers": [
                                        {
                                            "Worker Number": 0,
                                            "Actual Startup Time": 272.449,
                                            "Actual Total Time": 323.803,
                                            "Actual Rows": 44215,
                                            "Actual Loops": 1
                                        },
                                        {
                                            "Worker Number": 1,
                                            "Actual Startup Time": 272.574,
                                            "Actual Total Time": 323.984,
                                            "Actual Rows": 42966,
                                            "Actual Loops": 1
                                        },
                                        {
                                            "Worker Number": 2,
                                            "Actual Startup Time": 272.621,
                                            "Actual Total Time": 325.42,
                                            "Actual Rows": 36092,
                                            "Actual Loops": 1
                                        },
                                        {
                                            "Worker Number": 3,
                                            "Actual Startup Time": 272.543,
                                            "Actual Total Time": 324.009,
                                            "Actual Rows": 43313,
                                            "Actual Loops": 1
                                        },
                                        {
                                            "Worker Number": 4,
                                            "Actual Startup Time": 272.268,
                                            "Actual Total Time": 323.816,
                                            "Actual Rows": 39400,
                                            "Actual Loops": 1
                                        }
                                    ],
                                    "Plans": [
                                        {
                                            "Node Type": "Bitmap Heap Scan",
                                            "Parent Relationship": "Outer",
                                            "Parallel Aware": true,
                                            "Relation Name": "movie_info",
                                            "Schema": "public",
                                            "Alias": "mi",
                                            "Startup Cost": 9170.9,
                                            "Total Cost": 172427.92,
                                            "Plan Rows": 101122,
                                            "Plan Width": 4,
                                            "Actual Startup Time": 27.412,
                                            "Actual Total Time": 39.08,
                                            "Actual Rows": 79074,
                                            "Actual Loops": 6,
                                            "Output": [
                                                "mi.id",
                                                "mi.movie_id",
                                                "mi.info_type_id",
                                                "mi.info",
                                                "mi.note"
                                            ],
                                            "Recheck Cond": "(mi.info_type_id = 6)",
                                            "Rows Removed by Index Recheck": 0,
                                            "Exact Heap Blocks": 580,
                                            "Lossy Heap Blocks": 0,
                                            "Workers": [
                                                {
                                                    "Worker Number": 0,
                                                    "Actual Startup Time": 27.448,
                                                    "Actual Total Time": 39.137,
                                                    "Actual Rows": 82691,
                                                    "Actual Loops": 1
                                                },
                                                {
                                                    "Worker Number": 1,
                                                    "Actual Startup Time": 27.46,
                                                    "Actual Total Time": 39.188,
                                                    "Actual Rows": 83623,
                                                    "Actual Loops": 1
                                                },
                                                {
                                                    "Worker Number": 2,
                                                    "Actual Startup Time": 27.498,
                                                    "Actual Total Time": 39.865,
                                                    "Actual Rows": 67611,
                                                    "Actual Loops": 1
                                                },
                                                {
                                                    "Worker Number": 3,
                                                    "Actual Startup Time": 27.409,
                                                    "Actual Total Time": 39.164,
                                                    "Actual Rows": 82490,
                                                    "Actual Loops": 1
                                                },
                                                {
                                                    "Worker Number": 4,
                                                    "Actual Startup Time": 27.287,
                                                    "Actual Total Time": 39.726,
                                                    "Actual Rows": 71996,
                                                    "Actual Loops": 1
                                                }
                                            ],
                                            "Plans": [
                                                {
                                                    "Node Type": "Bitmap Index Scan",
                                                    "Parent Relationship": "Outer",
                                                    "Parallel Aware": false,
                                                    "Index Name": "info_type_id_movie_info",
                                                    "Startup Cost": 0.0,
                                                    "Total Cost": 9044.49,
                                                    "Plan Rows": 505608,
                                                    "Plan Width": 0,
                                                    "Actual Startup Time": 26.616,
                                                    "Actual Total Time": 26.617,
                                                    "Actual Rows": 474443,
                                                    "Actual Loops": 1,
                                                    "Index Cond": "(mi.info_type_id = 6)",
                                                    "Workers": [
                                                        {
                                                            "Worker Number": 4,
                                                            "Actual Startup Time": 26.616,
                                                            "Actual Total Time": 26.617,
                                                            "Actual Rows": 474443,
                                                            "Actual Loops": 1
                                                        }
                                                    ]
                                                }
                                            ]
                                        },
                                        {
                                            "Node Type": "Hash",
                                            "Parent Relationship": "Inner",
                                            "Parallel Aware": true,
                                            "Startup Cost": 43899.01,
                                            "Total Cost": 43899.01,
                                            "Plan Rows": 541806,
                                            "Plan Width": 4,
                                            "Actual Startup Time": 242.548,
                                            "Actual Total Time": 242.549,
                                            "Actual Rows": 361860,
                                            "Actual Loops": 6,
                                            "Output": [
                                                "t.id"
                                            ],
                                            "Hash Buckets": 4194304,
                                            "Original Hash Buckets": 4194304,
                                            "Hash Batches": 1,
                                            "Original Hash Batches": 1,
                                            "Peak Memory Usage": 117792,
                                            "Workers": [
                                                {
                                                    "Worker Number": 0,
                                                    "Actual Startup Time": 244.343,
                                                    "Actual Total Time": 244.343,
                                                    "Actual Rows": 377693,
                                                    "Actual Loops": 1
                                                },
                                                {
                                                    "Worker Number": 1,
                                                    "Actual Startup Time": 244.369,
                                                    "Actual Total Time": 244.37,
                                                    "Actual Rows": 377601,
                                                    "Actual Loops": 1
                                                },
                                                {
                                                    "Worker Number": 2,
                                                    "Actual Startup Time": 244.333,
                                                    "Actual Total Time": 244.333,
                                                    "Actual Rows": 277235,
                                                    "Actual Loops": 1
                                                },
                                                {
                                                    "Worker Number": 3,
                                                    "Actual Startup Time": 244.499,
                                                    "Actual Total Time": 244.5,
                                                    "Actual Rows": 376529,
                                                    "Actual Loops": 1
                                                },
                                                {
                                                    "Worker Number": 4,
                                                    "Actual Startup Time": 244.533,
                                                    "Actual Total Time": 244.534,
                                                    "Actual Rows": 268331,
                                                    "Actual Loops": 1
                                                }
                                            ],
                                            "Plans": [
                                                {
                                                    "Node Type": "Seq Scan",
                                                    "Parent Relationship": "Outer",
                                                    "Parallel Aware": true,
                                                    "Relation Name": "title",
                                                    "Schema": "public",
                                                    "Alias": "t",
                                                    "Startup Cost": 0.0,
                                                    "Total Cost": 43899.01,
                                                    "Plan Rows": 541806,
                                                    "Plan Width": 4,
                                                    "Actual Startup Time": 0.045,
                                                    "Actual Total Time": 84.805,
                                                    "Actual Rows": 361860,
                                                    "Actual Loops": 6,
                                                    "Output": [
                                                        "t.id"
                                                    ],
                                                    "Filter": "(t.production_year > 1963)",
                                                    "Rows Removed by Filter": 59525,
                                                    "Workers": [
                                                        {
                                                            "Worker Number": 0,
                                                            "Actual Startup Time": 0.054,
                                                            "Actual Total Time": 84.352,
                                                            "Actual Rows": 377693,
                                                            "Actual Loops": 1
                                                        },
                                                        {
                                                            "Worker Number": 1,
                                                            "Actual Startup Time": 0.028,
                                                            "Actual Total Time": 85.122,
                                                            "Actual Rows": 377601,
                                                            "Actual Loops": 1
                                                        },
                                                        {
                                                            "Worker Number": 2,
                                                            "Actual Startup Time": 0.067,
                                                            "Actual Total Time": 90.955,
                                                            "Actual Rows": 277235,
                                                            "Actual Loops": 1
                                                        },
                                                        {
                                                            "Worker Number": 3,
                                                            "Actual Startup Time": 0.064,
                                                            "Actual Total Time": 84.654,
                                                            "Actual Rows": 376529,
                                                            "Actual Loops": 1
                                                        },
                                                        {
                                                            "Worker Number": 4,
                                                            "Actual Startup Time": 0.041,
                                                            "Actual Total Time": 91.287,
                                                            "Actual Rows": 268331,
                                                            "Actual Loops": 1
                                                        }
                                                    ]
                                                }
                                            ]
                                        }
                                    ]
                                }
                            ]
                        }
                    ]
                }
            ]
        },
        "Planning Time": 187.273,
        "Triggers": [],
        "Execution Time": 377.397
    }
]