[
  {
    "Plan": {
      "Node Type": "Aggregate",
      "Strategy": "Plain",
      "Partial Mode": "Finalize",
      "Parallel Aware": false,
      "Startup Cost": 131654.75,
      "Total Cost": 131654.76,
      "Plan Rows": 1,
      "Plan Width": 8,
      "Actual Startup Time": 618.12,
      "Actual Total Time": 639.138,
      "Actual Rows": 1,
      "Actual Loops": 1,
      "Plans": [
        {
          "Node Type": "Gather",
          "Parent Relationship": "Outer",
          "Parallel Aware": false,
          "Startup Cost": 131654.44,
          "Total Cost": 131654.75,
          "Plan Rows": 3,
          "Plan Width": 8,
          "Actual Startup Time": 615.834,
          "Actual Total Time": 639.129,
          "Actual Rows": 4,
          "Actual Loops": 1,
          "Workers Planned": 3,
          "Workers Launched": 3,
          "Single Copy": false,
          "Plans": [
            {
              "Node Type": "Aggregate",
              "Strategy": "Plain",
              "Partial Mode": "Partial",
              "Parent Relationship": "Outer",
              "Parallel Aware": false,
              "Startup Cost": 130654.44,
              "Total Cost": 130654.45,
              "Plan Rows": 1,
              "Plan Width": 8,
              "Actual Startup Time": 606.587,
              "Actual Total Time": 606.592,
              "Actual Rows": 1,
              "Actual Loops": 4,
              "Plans": [
                {
                  "Node Type": "Hash Join",
                  "Parent Relationship": "Outer",
                  "Parallel Aware": true,
                  "Join Type": "Inner",
                  "Startup Cost": 82116.73,
                  "Total Cost": 129903.79,
                  "Plan Rows": 300259,
                  "Plan Width": 0,
                  "Actual Startup Time": 369.352,
                  "Actual Total Time": 587.778,
                  "Actual Rows": 436838,
                  "Actual Loops": 4,
                  "Inner Unique": false,
                  "Hash Cond": "(mk.movie_id = t.id)",
                  "Plans": [
                    {
                      "Node Type": "Seq Scan",
                      "Parent Relationship": "Outer",
                      "Parallel Aware": true,
                      "Relation Name": "movie_keyword",
                      "Alias": "mk",
                      "Startup Cost": 0.0,
                      "Total Cost": 42695.65,
                      "Plan Rows": 1157535,
                      "Plan Width": 4,
                      "Actual Startup Time": 0.069,
                      "Actual Total Time": 111.681,
                      "Actual Rows": 895087,
                      "Actual Loops": 4,
                      "Filter": "(keyword_id > 875)",
                      "Rows Removed by Filter": 235895
                    },
                    {
                      "Node Type": "Hash",
                      "Parent Relationship": "Inner",
                      "Parallel Aware": true,
                      "Startup Cost": 80067.27,
                      "Total Cost": 80067.27,
                      "Plan Rows": 163957,
                      "Plan Width": 8,
                      "Actual Startup Time": 364.113,
                      "Actual Total Time": 364.117,
                      "Actual Rows": 104994,
                      "Actual Loops": 4,
                      "Hash Buckets": 1048576,
                      "Original Hash Buckets": 1048576,
                      "Hash Batches": 1,
                      "Original Hash Batches": 1,
                      "Peak Memory Usage": 24704,
                      "Plans": [
                        {
                          "Node Type": "Hash Join",
                          "Parent Relationship": "Outer",
                          "Parallel Aware": true,
                          "Join Type": "Inner",
                          "Startup Cost": 34059.28,
                          "Total Cost": 80067.27,
                          "Plan Rows": 163957,
                          "Plan Width": 8,
                          "Actual Startup Time": 120.969,
                          "Actual Total Time": 326.646,
                          "Actual Rows": 104994,
                          "Actual Loops": 4,
                          "Inner Unique": false,
                          "Hash Cond": "(t.id = mc.movie_id)",
                          "Plans": [
                            {
                              "Node Type": "Seq Scan",
                              "Parent Relationship": "Outer",
                              "Parallel Aware": true,
                              "Relation Name": "title",
                              "Alias": "t",
                              "Startup Cost": 0.0,
                              "Total Cost": 42318.73,
                              "Plan Rows": 632073,
                              "Plan Width": 4,
                              "Actual Startup Time": 0.009,
                              "Actual Total Time": 72.112,
                              "Actual Rows": 632078,
                              "Actual Loops": 4
                            },
                            {
                              "Node Type": "Hash",
                              "Parent Relationship": "Inner",
                              "Parallel Aware": true,
                              "Startup Cost": 31414.82,
                              "Total Cost": 31414.82,
                              "Plan Rows": 211557,
                              "Plan Width": 4,
                              "Actual Startup Time": 118.314,
                              "Actual Total Time": 118.315,
                              "Actual Rows": 104994,
                              "Actual Loops": 4,
                              "Hash Buckets": 1048576,
                              "Original Hash Buckets": 1048576,
                              "Hash Batches": 1,
                              "Original Hash Batches": 1,
                              "Peak Memory Usage": 24672,
                              "Plans": [
                                {
                                  "Node Type": "Seq Scan",
                                  "Parent Relationship": "Outer",
                                  "Parallel Aware": true,
                                  "Relation Name": "movie_companies",
                                  "Alias": "mc",
                                  "Startup Cost": 0.0,
                                  "Total Cost": 31414.82,
                                  "Plan Rows": 211557,
                                  "Plan Width": 4,
                                  "Actual Startup Time": 49.821,
                                  "Actual Total Time": 83.314,
                                  "Actual Rows": 104994,
                                  "Actual Loops": 4,
                                  "Filter": "((company_id < 11244) AND (company_type_id > 1))",
                                  "Rows Removed by Filter": 547289
                                }
                              ]
                            }
                          ]
                        }
                      ]
                    }
                  ]
                }
              ]
            }
          ]
        }
      ]
    },
    "Planning Time": 1.435,
    "Triggers": [],
    "Execution Time": 639.283
  }
]