[
  {
    "Plan": {
      "Node Type": "Aggregate",
      "Strategy": "Plain",
      "Partial Mode": "Finalize",
      "Parallel Aware": false,
      "Startup Cost": 32909.18,
      "Total Cost": 32909.19,
      "Plan Rows": 1,
      "Plan Width": 8,
      "Actual Startup Time": 94.263,
      "Actual Total Time": 100.415,
      "Actual Rows": 1,
      "Actual Loops": 1,
      "Plans": [
        {
          "Node Type": "Gather",
          "Parent Relationship": "Outer",
          "Parallel Aware": false,
          "Startup Cost": 32908.86,
          "Total Cost": 32909.17,
          "Plan Rows": 3,
          "Plan Width": 8,
          "Actual Startup Time": 94.125,
          "Actual Total Time": 100.407,
          "Actual Rows": 4,
          "Actual Loops": 1,
          "Workers Planned": 3,
          "Workers Launched": 3,
          "Single Copy": false,
          "Plans": [
            {
              "Node Type": "Aggregate",
              "Strategy": "Plain",
              "Partial Mode": "Partial",
              "Parent Relationship": "Outer",
              "Parallel Aware": false,
              "Startup Cost": 31908.86,
              "Total Cost": 31908.87,
              "Plan Rows": 1,
              "Plan Width": 8,
              "Actual Startup Time": 88.733,
              "Actual Total Time": 88.734,
              "Actual Rows": 1,
              "Actual Loops": 4,
              "Plans": [
                {
                  "Node Type": "Seq Scan",
                  "Parent Relationship": "Outer",
                  "Parallel Aware": true,
                  "Relation Name": "movie_companies",
                  "Alias": "mc",
                  "Startup Cost": 0.0,
                  "Total Cost": 31414.82,
                  "Plan Rows": 197618,
                  "Plan Width": 0,
                  "Actual Startup Time": 46.578,
                  "Actual Total Time": 83.274,
                  "Actual Rows": 99824,
                  "Actual Loops": 4,
                  "Filter": "((company_id < 11137) AND (company_type_id > 1))",
                  "Rows Removed by Filter": 552458
                }
              ]
            }
          ]
        }
      ]
    },
    "Planning Time": 0.189,
    "Triggers": [],
    "Execution Time": 100.468
  }
]