[
  {
    "Plan": {
      "Node Type": "Aggregate",
      "Strategy": "Plain",
      "Partial Mode": "Finalize",
      "Parallel Aware": false,
      "Startup Cost": 54906.15,
      "Total Cost": 54906.16,
      "Plan Rows": 1,
      "Plan Width": 8,
      "Actual Startup Time": 126.145,
      "Actual Total Time": 132.786,
      "Actual Rows": 1,
      "Actual Loops": 1,
      "Plans": [
        {
          "Node Type": "Gather",
          "Parent Relationship": "Outer",
          "Parallel Aware": false,
          "Startup Cost": 54905.93,
          "Total Cost": 54906.14,
          "Plan Rows": 2,
          "Plan Width": 8,
          "Actual Startup Time": 125.773,
          "Actual Total Time": 132.78,
          "Actual Rows": 3,
          "Actual Loops": 1,
          "Workers Planned": 2,
          "Workers Launched": 2,
          "Single Copy": false,
          "Plans": [
            {
              "Node Type": "Aggregate",
              "Strategy": "Plain",
              "Partial Mode": "Partial",
              "Parent Relationship": "Outer",
              "Parallel Aware": false,
              "Startup Cost": 53905.93,
              "Total Cost": 53905.94,
              "Plan Rows": 1,
              "Plan Width": 8,
              "Actual Startup Time": 122.552,
              "Actual Total Time": 122.555,
              "Actual Rows": 1,
              "Actual Loops": 3,
              "Plans": [
                {
                  "Node Type": "Hash Join",
                  "Parent Relationship": "Outer",
                  "Parallel Aware": true,
                  "Join Type": "Inner",
                  "Startup Cost": 38687.77,
                  "Total Cost": 53882.33,
                  "Plan Rows": 9440,
                  "Plan Width": 0,
                  "Actual Startup Time": 69.447,
                  "Actual Total Time": 122.1,
                  "Actual Rows": 6742,
                  "Actual Loops": 3,
                  "Inner Unique": true,
                  "Hash Cond": "(mi_idx.movie_id = t.id)",
                  "Plans": [
                    {
                      "Node Type": "Seq Scan",
                      "Parent Relationship": "Outer",
                      "Parallel Aware": true,
                      "Relation Name": "movie_info_idx",
                      "Alias": "mi_idx",
                      "Startup Cost": 0.0,
                      "Total Cost": 13685.15,
                      "Plan Rows": 575015,
                      "Plan Width": 4,
                      "Actual Startup Time": 0.019,
                      "Actual Total Time": 42.707,
                      "Actual Rows": 460012,
                      "Actual Loops": 3
                    },
                    {
                      "Node Type": "Hash",
                      "Parent Relationship": "Inner",
                      "Parallel Aware": true,
                      "Startup Cost": 38558.07,
                      "Total Cost": 38558.07,
                      "Plan Rows": 10376,
                      "Plan Width": 4,
                      "Actual Startup Time": 35.467,
                      "Actual Total Time": 35.468,
                      "Actual Rows": 6185,
                      "Actual Loops": 3,
                      "Hash Buckets": 65536,
                      "Original Hash Buckets": 65536,
                      "Hash Batches": 1,
                      "Original Hash Batches": 1,
                      "Peak Memory Usage": 1312,
                      "Plans": [
                        {
                          "Node Type": "Bitmap Heap Scan",
                          "Parent Relationship": "Outer",
                          "Parallel Aware": true,
                          "Relation Name": "title",
                          "Alias": "t",
                          "Startup Cost": 2116.98,
                          "Total Cost": 38558.07,
                          "Plan Rows": 10376,
                          "Plan Width": 4,
                          "Actual Startup Time": 4.999,
                          "Actual Total Time": 33.389,
                          "Actual Rows": 6185,
                          "Actual Loops": 3,
                          "Recheck Cond": "(kind_id = 4)",
                          "Rows Removed by Index Recheck": 0,
                          "Filter": "(production_year < 1997)",
                          "Rows Removed by Filter": 33227,
                          "Exact Heap Blocks": 7988,
                          "Lossy Heap Blocks": 0,
                          "Plans": [
                            {
                              "Node Type": "Bitmap Index Scan",
                              "Parent Relationship": "Outer",
                              "Parallel Aware": false,
                              "Index Name": "kind_id_title",
                              "Startup Cost": 0.0,
                              "Total Cost": 2106.61,
                              "Plan Rows": 118157,
                              "Plan Width": 0,
                              "Actual Startup Time": 5.459,
                              "Actual Total Time": 5.459,
                              "Actual Rows": 118234,
                              "Actual Loops": 1,
                              "Index Cond": "(kind_id = 4)"
                            }
                          ]
                        }
                      ]
                    }
                  ]
                }
              ]
            }
          ]
        }
      ]
    },
    "Planning Time": 0.216,
    "Triggers": [],
    "Execution Time": 132.819
  }
]