{
  "Plan": {
    "Node Type": "Aggregate",
    "Strategy": "Plain",
    "Partial Mode": "Finalize",
    "Parallel Aware": false,
    "Startup Cost": 418086.83,
    "Total Cost": 418086.84,
    "Plan Rows": 1,
    "Plan Width": 8,
    "Actual Startup Time": 6551.576,
    "Actual Total Time": 6593.35,
    "Actual Rows": 1,
    "Actual Loops": 1,
    "Plans": [
      {
        "Node Type": "Gather",
        "Parent Relationship": "Outer",
        "Parallel Aware": false,
        "Startup Cost": 418086.72,
        "Total Cost": 418086.83,
        "Plan Rows": 1,
        "Plan Width": 8,
        "Actual Startup Time": 6547.757,
        "Actual Total Time": 6593.337,
        "Actual Rows": 2,
        "Actual Loops": 1,
        "Workers Planned": 1,
        "Workers Launched": 1,
        "Single Copy": false,
        "Plans": [
          {
            "Node Type": "Aggregate",
            "Strategy": "Plain",
            "Partial Mode": "Partial",
            "Parent Relationship": "Outer",
            "Parallel Aware": false,
            "Startup Cost": 417086.72,
            "Total Cost": 417086.73,
            "Plan Rows": 1,
            "Plan Width": 8,
            "Actual Startup Time": 6543.936,
            "Actual Total Time": 6543.948,
            "Actual Rows": 1,
            "Actual Loops": 2,
            "Plans": [
              {
                "Node Type": "Hash Join",
                "Parent Relationship": "Outer",
                "Parallel Aware": true,
                "Join Type": "Inner",
                "Startup Cost": 121808.42,
                "Total Cost": 412997.32,
                "Plan Rows": 1635762,
                "Plan Width": 0,
                "Actual Startup Time": 769.956,
                "Actual Total Time": 5063.802,
                "Actual Rows": 36729150,
                "Actual Loops": 2,
                "Inner Unique": false,
                "Hash Cond": "(mi.movie_id = t.id)",
                "Plans": [
                  {
                    "Node Type": "Seq Scan",
                    "Parent Relationship": "Outer",
                    "Parallel Aware": true,
                    "Relation Name": "movie_info",
                    "Alias": "mi",
                    "Startup Cost": 0.0,
                    "Total Cost": 248955.74,
                    "Plan Rows": 8696274,
                    "Plan Width": 4,
                    "Actual Startup Time": 0.015,
                    "Actual Total Time": 641.48,
                    "Actual Rows": 7417860,
                    "Actual Loops": 2
                  },
                  {
                    "Node Type": "Hash",
                    "Parent Relationship": "Inner",
                    "Parallel Aware": true,
                    "Startup Cost": 118311.59,
                    "Total Cost": 118311.59,
                    "Plan Rows": 279747,
                    "Plan Width": 8,
                    "Actual Startup Time": 764.903,
                    "Actual Total Time": 764.913,
                    "Actual Rows": 777124,
                    "Actual Loops": 2,
                    "Hash Buckets": 2097152,
                    "Original Hash Buckets": 524288,
                    "Hash Batches": 1,
                    "Original Hash Batches": 1,
                    "Peak Memory Usage": 89504,
                    "Plans": [
                      {
                        "Node Type": "Hash Join",
                        "Parent Relationship": "Outer",
                        "Parallel Aware": true,
                        "Join Type": "Inner",
                        "Startup Cost": 60260.74,
                        "Total Cost": 118311.59,
                        "Plan Rows": 279747,
                        "Plan Width": 8,
                        "Actual Startup Time": 188.758,
                        "Actual Total Time": 599.024,
                        "Actual Rows": 777124,
                        "Actual Loops": 2,
                        "Inner Unique": true,
                        "Hash Cond": "(mk.movie_id = t.id)",
                        "Plans": [
                          {
                            "Node Type": "Seq Scan",
                            "Parent Relationship": "Outer",
                            "Parallel Aware": true,
                            "Relation Name": "movie_keyword",
                            "Alias": "mk",
                            "Startup Cost": 0.0,
                            "Total Cost": 51065.35,
                            "Plan Rows": 2661135,
                            "Plan Width": 4,
                            "Actual Startup Time": 0.013,
                            "Actual Total Time": 152.757,
                            "Actual Rows": 2261965,
                            "Actual Loops": 2
                          },
                          {
                            "Node Type": "Hash",
                            "Parent Relationship": "Inner",
                            "Parallel Aware": true,
                            "Startup Cost": 58306.47,
                            "Total Cost": 58306.47,
                            "Plan Rows": 156342,
                            "Plan Width": 4,
                            "Actual Startup Time": 185.147,
                            "Actual Total Time": 185.148,
                            "Actual Rows": 191306,
                            "Actual Loops": 2,
                            "Hash Buckets": 524288,
                            "Original Hash Buckets": 524288,
                            "Hash Batches": 1,
                            "Original Hash Batches": 1,
                            "Peak Memory Usage": 19104,
                            "Plans": [
                              {
                                "Node Type": "Seq Scan",
                                "Parent Relationship": "Outer",
                                "Parallel Aware": true,
                                "Relation Name": "title",
                                "Alias": "t",
                                "Startup Cost": 0.0,
                                "Total Cost": 58306.47,
                                "Plan Rows": 156342,
                                "Plan Width": 4,
                                "Actual Startup Time": 0.036,
                                "Actual Total Time": 138.347,
                                "Actual Rows": 191306,
                                "Actual Loops": 2,
                                "Filter": "((kind_id < 7) AND (production_year < 1990))",
                                "Rows Removed by Filter": 1072850
                              }
                            ]
                          }
                        ]
                      }
                    ]
                  }
                ]
              }
            ]
          }
        ]
      }
    ]
  },
  "Planning Time": 0.589,
  "Triggers": [],
  "Execution Time": 6593.409
}