[
  {
    "Plan": {
      "Node Type": "Aggregate",
      "Strategy": "Plain",
      "Partial Mode": "Finalize",
      "Parallel Aware": false,
      "Startup Cost": 333496.07,
      "Total Cost": 333496.08,
      "Plan Rows": 1,
      "Plan Width": 8,
      "Actual Startup Time": 811.109,
      "Actual Total Time": 877.49,
      "Actual Rows": 1,
      "Actual Loops": 1,
      "Plans": [
        {
          "Node Type": "Gather",
          "Parent Relationship": "Outer",
          "Parallel Aware": false,
          "Startup Cost": 333495.45,
          "Total Cost": 333496.06,
          "Plan Rows": 6,
          "Plan Width": 8,
          "Actual Startup Time": 810.998,
          "Actual Total Time": 877.479,
          "Actual Rows": 7,
          "Actual Loops": 1,
          "Workers Planned": 6,
          "Workers Launched": 6,
          "Single Copy": false,
          "Plans": [
            {
              "Node Type": "Aggregate",
              "Strategy": "Plain",
              "Partial Mode": "Partial",
              "Parent Relationship": "Outer",
              "Parallel Aware": false,
              "Startup Cost": 332495.45,
              "Total Cost": 332495.46,
              "Plan Rows": 1,
              "Plan Width": 8,
              "Actual Startup Time": 802.745,
              "Actual Total Time": 802.747,
              "Actual Rows": 1,
              "Actual Loops": 7,
              "Plans": [
                {
                  "Node Type": "Seq Scan",
                  "Parent Relationship": "Outer",
                  "Parallel Aware": true,
                  "Relation Name": "cast_info",
                  "Alias": "ci",
                  "Startup Cost": 0.0,
                  "Total Cost": 328162.03,
                  "Plan Rows": 1733369,
                  "Plan Width": 0,
                  "Actual Startup Time": 0.049,
                  "Actual Total Time": 714.206,
                  "Actual Rows": 1493469,
                  "Actual Loops": 7,
                  "Filter": "(person_id < 1026270)",
                  "Rows Removed by Filter": 3684294
                }
              ]
            }
          ]
        }
      ]
    },
    "Planning Time": 0.217,
    "Triggers": [],
    "Execution Time": 877.56
  }
]