[
  {
    "Plan": {
      "Node Type": "Aggregate",
      "Strategy": "Plain",
      "Partial Mode": "Finalize",
      "Parallel Aware": false,
      "Startup Cost": 100690.5,
      "Total Cost": 100690.51,
      "Plan Rows": 1,
      "Plan Width": 8,
      "Actual Startup Time": 721.241,
      "Actual Total Time": 742.72,
      "Actual Rows": 1,
      "Actual Loops": 1,
      "Plans": [
        {
          "Node Type": "Gather",
          "Parent Relationship": "Outer",
          "Parallel Aware": false,
          "Startup Cost": 100690.18,
          "Total Cost": 100690.49,
          "Plan Rows": 3,
          "Plan Width": 8,
          "Actual Startup Time": 708.679,
          "Actual Total Time": 742.711,
          "Actual Rows": 4,
          "Actual Loops": 1,
          "Workers Planned": 3,
          "Workers Launched": 3,
          "Single Copy": false,
          "Plans": [
            {
              "Node Type": "Aggregate",
              "Strategy": "Plain",
              "Partial Mode": "Partial",
              "Parent Relationship": "Outer",
              "Parallel Aware": false,
              "Startup Cost": 99690.18,
              "Total Cost": 99690.19,
              "Plan Rows": 1,
              "Plan Width": 8,
              "Actual Startup Time": 688.616,
              "Actual Total Time": 688.619,
              "Actual Rows": 1,
              "Actual Loops": 4,
              "Plans": [
                {
                  "Node Type": "Hash Join",
                  "Parent Relationship": "Outer",
                  "Parallel Aware": true,
                  "Join Type": "Inner",
                  "Startup Cost": 51580.92,
                  "Total Cost": 97087.39,
                  "Plan Rows": 1041119,
                  "Plan Width": 0,
                  "Actual Startup Time": 382.445,
                  "Actual Total Time": 652.662,
                  "Actual Rows": 824279,
                  "Actual Loops": 4,
                  "Inner Unique": true,
                  "Hash Cond": "(mk.movie_id = t.id)",
                  "Plans": [
                    {
                      "Node Type": "Seq Scan",
                      "Parent Relationship": "Outer",
                      "Parallel Aware": true,
                      "Relation Name": "movie_keyword",
                      "Alias": "mk",
                      "Startup Cost": 0.0,
                      "Total Cost": 42695.65,
                      "Plan Rows": 1070788,
                      "Plan Width": 4,
                      "Actual Startup Time": 0.026,
                      "Actual Total Time": 116.928,
                      "Actual Rows": 828681,
                      "Actual Loops": 4,
                      "Filter": "(keyword_id < 15154)",
                      "Rows Removed by Filter": 302301
                    },
                    {
                      "Node Type": "Hash",
                      "Parent Relationship": "Inner",
                      "Parallel Aware": true,
                      "Startup Cost": 43898.92,
                      "Total Cost": 43898.92,
                      "Plan Rows": 614560,
                      "Plan Width": 4,
                      "Actual Startup Time": 370.58,
                      "Actual Total Time": 370.581,
                      "Actual Rows": 614054,
                      "Actual Loops": 4,
                      "Hash Buckets": 4194304,
                      "Original Hash Buckets": 4194304,
                      "Hash Batches": 1,
                      "Original Hash Batches": 1,
                      "Peak Memory Usage": 128928,
                      "Plans": [
                        {
                          "Node Type": "Seq Scan",
                          "Parent Relationship": "Outer",
                          "Parallel Aware": true,
                          "Relation Name": "title",
                          "Alias": "t",
                          "Startup Cost": 0.0,
                          "Total Cost": 43898.92,
                          "Plan Rows": 614560,
                          "Plan Width": 4,
                          "Actual Startup Time": 0.04,
                          "Actual Total Time": 122.377,
                          "Actual Rows": 614054,
                          "Actual Loops": 4,
                          "Filter": "(production_year > 0)",
                          "Rows Removed by Filter": 18024
                        }
                      ]
                    }
                  ]
                }
              ]
            }
          ]
        }
      ]
    },
    "Planning Time": 0.641,
    "Triggers": [],
    "Execution Time": 742.793
  }
]