[
  {
    "Plan": {
      "Node Type": "Aggregate",
      "Strategy": "Plain",
      "Partial Mode": "Finalize",
      "Parallel Aware": false,
      "Startup Cost": 90878.53,
      "Total Cost": 90878.54,
      "Plan Rows": 1,
      "Plan Width": 8,
      "Actual Startup Time": 239.992,
      "Actual Total Time": 256.182,
      "Actual Rows": 1,
      "Actual Loops": 1,
      "Plans": [
        {
          "Node Type": "Gather",
          "Parent Relationship": "Outer",
          "Parallel Aware": false,
          "Startup Cost": 90878.21,
          "Total Cost": 90878.52,
          "Plan Rows": 3,
          "Plan Width": 8,
          "Actual Startup Time": 239.816,
          "Actual Total Time": 256.173,
          "Actual Rows": 4,
          "Actual Loops": 1,
          "Workers Planned": 3,
          "Workers Launched": 3,
          "Single Copy": false,
          "Plans": [
            {
              "Node Type": "Aggregate",
              "Strategy": "Plain",
              "Partial Mode": "Partial",
              "Parent Relationship": "Outer",
              "Parallel Aware": false,
              "Startup Cost": 89878.21,
              "Total Cost": 89878.22,
              "Plan Rows": 1,
              "Plan Width": 8,
              "Actual Startup Time": 231.306,
              "Actual Total Time": 231.309,
              "Actual Rows": 1,
              "Actual Loops": 4,
              "Plans": [
                {
                  "Node Type": "Hash Join",
                  "Parent Relationship": "Outer",
                  "Parallel Aware": true,
                  "Join Type": "Inner",
                  "Startup Cost": 45581.0,
                  "Total Cost": 89858.78,
                  "Plan Rows": 7774,
                  "Plan Width": 0,
                  "Actual Startup Time": 121.873,
                  "Actual Total Time": 230.777,
                  "Actual Rows": 10492,
                  "Actual Loops": 4,
                  "Inner Unique": true,
                  "Hash Cond": "(mk.movie_id = t.id)",
                  "Plans": [
                    {
                      "Node Type": "Seq Scan",
                      "Parent Relationship": "Outer",
                      "Parallel Aware": true,
                      "Relation Name": "movie_keyword",
                      "Alias": "mk",
                      "Startup Cost": 0.0,
                      "Total Cost": 42695.65,
                      "Plan Rows": 602715,
                      "Plan Width": 4,
                      "Actual Startup Time": 0.029,
                      "Actual Total Time": 100.935,
                      "Actual Rows": 468638,
                      "Actual Loops": 4,
                      "Filter": "(keyword_id < 3181)",
                      "Rows Removed by Filter": 662345
                    },
                    {
                      "Node Type": "Hash",
                      "Parent Relationship": "Inner",
                      "Parallel Aware": true,
                      "Startup Cost": 45479.1,
                      "Total Cost": 45479.1,
                      "Plan Rows": 8152,
                      "Plan Width": 4,
                      "Actual Startup Time": 94.903,
                      "Actual Total Time": 94.904,
                      "Actual Rows": 4443,
                      "Actual Loops": 4,
                      "Hash Buckets": 32768,
                      "Original Hash Buckets": 32768,
                      "Hash Batches": 1,
                      "Original Hash Batches": 1,
                      "Peak Memory Usage": 1056,
                      "Plans": [
                        {
                          "Node Type": "Seq Scan",
                          "Parent Relationship": "Outer",
                          "Parallel Aware": true,
                          "Relation Name": "title",
                          "Alias": "t",
                          "Startup Cost": 0.0,
                          "Total Cost": 45479.1,
                          "Plan Rows": 8152,
                          "Plan Width": 4,
                          "Actual Startup Time": 60.472,
                          "Actual Total Time": 93.015,
                          "Actual Rows": 4443,
                          "Actual Loops": 4,
                          "Filter": "((kind_id < 2) AND (production_year = 2007))",
                          "Rows Removed by Filter": 627635
                        }
                      ]
                    }
                  ]
                }
              ]
            }
          ]
        }
      ]
    },
    "Planning Time": 0.657,
    "Triggers": [],
    "Execution Time": 256.253
  }
]