{
  "Plan": {
    "Node Type": "Aggregate",
    "Strategy": "Plain",
    "Partial Mode": "Finalize",
    "Parallel Aware": false,
    "Startup Cost": 31442.08,
    "Total Cost": 31442.09,
    "Plan Rows": 1,
    "Plan Width": 8,
    "Actual Startup Time": 69.63,
    "Actual Total Time": 74.327,
    "Actual Rows": 1,
    "Actual Loops": 1,
    "Plans": [
      {
        "Node Type": "Gather",
        "Parent Relationship": "Outer",
        "Parallel Aware": false,
        "Startup Cost": 31441.97,
        "Total Cost": 31442.08,
        "Plan Rows": 1,
        "Plan Width": 8,
        "Actual Startup Time": 69.44,
        "Actual Total Time": 74.319,
        "Actual Rows": 2,
        "Actual Loops": 1,
        "Workers Planned": 1,
        "Workers Launched": 1,
        "Single Copy": false,
        "Plans": [
          {
            "Node Type": "Aggregate",
            "Strategy": "Plain",
            "Partial Mode": "Partial",
            "Parent Relationship": "Outer",
            "Parallel Aware": false,
            "Startup Cost": 30441.97,
            "Total Cost": 30441.98,
            "Plan Rows": 1,
            "Plan Width": 8,
            "Actual Startup Time": 63.604,
            "Actual Total Time": 63.646,
            "Actual Rows": 1,
            "Actual Loops": 2,
            "Plans": [
              {
                "Node Type": "Nested Loop",
                "Parent Relationship": "Outer",
                "Parallel Aware": false,
                "Join Type": "Inner",
                "Startup Cost": 94.75,
                "Total Cost": 30435.54,
                "Plan Rows": 2572,
                "Plan Width": 0,
                "Actual Startup Time": 34.783,
                "Actual Total Time": 63.27,
                "Actual Rows": 1716,
                "Actual Loops": 2,
                "Inner Unique": true,
                "Plans": [
                  {
                    "Node Type": "Bitmap Heap Scan",
                    "Parent Relationship": "Outer",
                    "Parallel Aware": true,
                    "Relation Name": "movie_keyword",
                    "Alias": "mk",
                    "Startup Cost": 94.32,
                    "Total Cost": 11305.86,
                    "Plan Rows": 2572,
                    "Plan Width": 4,
                    "Actual Startup Time": 34.634,
                    "Actual Total Time": 42.605,
                    "Actual Rows": 1716,
                    "Actual Loops": 2,
                    "Recheck Cond": "(keyword_id = 3219)",
                    "Rows Removed by Index Recheck": 0,
                    "Exact Heap Blocks": 2544,
                    "Lossy Heap Blocks": 0,
                    "Plans": [
                      {
                        "Node Type": "Bitmap Index Scan",
                        "Parent Relationship": "Outer",
                        "Parallel Aware": false,
                        "Index Name": "keyword_id_movie_keyword",
                        "Startup Cost": 0.0,
                        "Total Cost": 93.23,
                        "Plan Rows": 4373,
                        "Plan Width": 0,
                        "Actual Startup Time": 37.786,
                        "Actual Total Time": 37.787,
                        "Actual Rows": 3432,
                        "Actual Loops": 1,
                        "Index Cond": "(keyword_id = 3219)"
                      }
                    ]
                  },
                  {
                    "Node Type": "Index Only Scan",
                    "Parent Relationship": "Inner",
                    "Parallel Aware": false,
                    "Scan Direction": "Forward",
                    "Index Name": "title_pkey",
                    "Relation Name": "title",
                    "Alias": "t",
                    "Startup Cost": 0.43,
                    "Total Cost": 7.44,
                    "Plan Rows": 1,
                    "Plan Width": 4,
                    "Actual Startup Time": 0.011,
                    "Actual Total Time": 0.011,
                    "Actual Rows": 1,
                    "Actual Loops": 3432,
                    "Index Cond": "(id = mk.movie_id)",
                    "Rows Removed by Index Recheck": 0,
                    "Heap Fetches": 3432
                  }
                ]
              }
            ]
          }
        ]
      }
    ]
  },
  "Planning Time": 0.596,
  "Triggers": [],
  "Execution Time": 74.416
}