{
  "Plan": {
    "Node Type": "Aggregate",
    "Strategy": "Plain",
    "Partial Mode": "Finalize",
    "Parallel Aware": false,
    "Startup Cost": 2079841.16,
    "Total Cost": 2079841.17,
    "Plan Rows": 1,
    "Plan Width": 8,
    "Actual Startup Time": 23037.857,
    "Actual Total Time": 23037.926,
    "Actual Rows": 1,
    "Actual Loops": 1,
    "Plans": [
      {
        "Node Type": "Gather",
        "Parent Relationship": "Outer",
        "Parallel Aware": false,
        "Startup Cost": 2079841.04,
        "Total Cost": 2079841.15,
        "Plan Rows": 1,
        "Plan Width": 8,
        "Actual Startup Time": 23037.829,
        "Actual Total Time": 23037.919,
        "Actual Rows": 2,
        "Actual Loops": 1,
        "Workers Planned": 1,
        "Workers Launched": 1,
        "Single Copy": false,
        "Plans": [
          {
            "Node Type": "Aggregate",
            "Strategy": "Plain",
            "Partial Mode": "Partial",
            "Parent Relationship": "Outer",
            "Parallel Aware": false,
            "Startup Cost": 2078841.04,
            "Total Cost": 2078841.05,
            "Plan Rows": 1,
            "Plan Width": 8,
            "Actual Startup Time": 22689.452,
            "Actual Total Time": 22689.454,
            "Actual Rows": 1,
            "Actual Loops": 2,
            "Plans": [
              {
                "Node Type": "Merge Join",
                "Parent Relationship": "Outer",
                "Parallel Aware": false,
                "Join Type": "Inner",
                "Startup Cost": 729583.65,
                "Total Cost": 2043243.97,
                "Plan Rows": 14238831,
                "Plan Width": 0,
                "Actual Startup Time": 1785.261,
                "Actual Total Time": 20483.282,
                "Actual Rows": 54823466,
                "Actual Loops": 2,
                "Inner Unique": false,
                "Merge Cond": "(t.id = mi.movie_id)",
                "Plans": [
                  {
                    "Node Type": "Merge Join",
                    "Parent Relationship": "Outer",
                    "Parallel Aware": false,
                    "Join Type": "Inner",
                    "Startup Cost": 729582.11,
                    "Total Cost": 778753.0,
                    "Plan Rows": 2435116,
                    "Plan Width": 8,
                    "Actual Startup Time": 1785.117,
                    "Actual Total Time": 3015.949,
                    "Actual Rows": 2066658,
                    "Actual Loops": 2,
                    "Inner Unique": true,
                    "Merge Cond": "(ci.movie_id = t.id)",
                    "Plans": [
                      {
                        "Node Type": "Sort",
                        "Parent Relationship": "Outer",
                        "Parallel Aware": false,
                        "Startup Cost": 409045.39,
                        "Total Cost": 415491.84,
                        "Plan Rows": 2578582,
                        "Plan Width": 4,
                        "Actual Startup Time": 894.916,
                        "Actual Total Time": 1246.525,
                        "Actual Rows": 2161509,
                        "Actual Loops": 2,
                        "Sort Key": [
                          "ci.movie_id"
                        ],
                        "Sort Method": "quicksort",
                        "Sort Space Used": 202200,
                        "Sort Space Type": "Memory",
                        "Workers": [
                          {
                            "Worker Number": 0,
                            "Sort Method": "quicksort",
                            "Sort Space Used": 197051,
                            "Sort Space Type": "Memory"
                          }
                        ],
                        "Plans": [
                          {
                            "Node Type": "Index Scan",
                            "Parent Relationship": "Outer",
                            "Parallel Aware": true,
                            "Scan Direction": "Forward",
                            "Index Name": "role_id_cast_info",
                            "Relation Name": "cast_info",
                            "Alias": "ci",
                            "Startup Cost": 0.56,
                            "Total Cost": 134450.3,
                            "Plan Rows": 2578582,
                            "Plan Width": 4,
                            "Actual Startup Time": 0.094,
                            "Actual Total Time": 382.046,
                            "Actual Rows": 2161509,
                            "Actual Loops": 2,
                            "Index Cond": "(role_id = 10)",
                            "Rows Removed by Index Recheck": 0
                          }
                        ]
                      },
                      {
                        "Node Type": "Sort",
                        "Parent Relationship": "Inner",
                        "Parallel Aware": false,
                        "Startup Cost": 320536.45,
                        "Total Cost": 326505.51,
                        "Plan Rows": 2387625,
                        "Plan Width": 4,
                        "Actual Startup Time": 890.188,
                        "Actual Total Time": 1283.658,
                        "Actual Rows": 2387742,
                        "Actual Loops": 2,
                        "Sort Key": [
                          "t.id"
                        ],
                        "Sort Method": "quicksort",
                        "Sort Space Used": 210283,
                        "Sort Space Type": "Memory",
                        "Workers": [
                          {
                            "Worker Number": 0,
                            "Sort Method": "quicksort",
                            "Sort Space Used": 210283,
                            "Sort Space Type": "Memory"
                          }
                        ],
                        "Plans": [
                          {
                            "Node Type": "Seq Scan",
                            "Parent Relationship": "Outer",
                            "Parallel Aware": false,
                            "Relation Name": "title",
                            "Alias": "t",
                            "Startup Cost": 0.0,
                            "Total Cost": 67601.66,
                            "Plan Rows": 2387625,
                            "Plan Width": 4,
                            "Actual Startup Time": 0.034,
                            "Actual Total Time": 301.025,
                            "Actual Rows": 2388876,
                            "Actual Loops": 2,
                            "Filter": "(production_year < 2013)",
                            "Rows Removed by Filter": 139436
                          }
                        ]
                      }
                    ]
                  },
                  {
                    "Node Type": "Index Only Scan",
                    "Parent Relationship": "Inner",
                    "Parallel Aware": false,
                    "Scan Direction": "Forward",
                    "Index Name": "movie_id_movie_info",
                    "Relation Name": "movie_info",
                    "Alias": "mi",
                    "Startup Cost": 0.43,
                    "Total Cost": 1079097.33,
                    "Plan Rows": 14783665,
                    "Plan Width": 4,
                    "Actual Startup Time": 0.063,
                    "Actual Total Time": 12369.848,
                    "Actual Rows": 64279458,
                    "Actual Loops": 2,
                    "Heap Fetches": 128558917
                  }
                ]
              }
            ]
          }
        ]
      }
    ]
  },
  "Planning Time": 1.137,
  "Triggers": [],
  "Execution Time": 23057.115
}