[
  {
    "Plan": {
      "Node Type": "Aggregate",
      "Strategy": "Plain",
      "Partial Mode": "Finalize",
      "Parallel Aware": false,
      "Startup Cost": 62184.24,
      "Total Cost": 62184.25,
      "Plan Rows": 1,
      "Plan Width": 8,
      "Actual Startup Time": 182.827,
      "Actual Total Time": 195.915,
      "Actual Rows": 1,
      "Actual Loops": 1,
      "Plans": [
        {
          "Node Type": "Gather",
          "Parent Relationship": "Outer",
          "Parallel Aware": false,
          "Startup Cost": 62184.02,
          "Total Cost": 62184.23,
          "Plan Rows": 2,
          "Plan Width": 8,
          "Actual Startup Time": 182.635,
          "Actual Total Time": 195.908,
          "Actual Rows": 3,
          "Actual Loops": 1,
          "Workers Planned": 2,
          "Workers Launched": 2,
          "Single Copy": false,
          "Plans": [
            {
              "Node Type": "Aggregate",
              "Strategy": "Plain",
              "Partial Mode": "Partial",
              "Parent Relationship": "Outer",
              "Parallel Aware": false,
              "Startup Cost": 61184.02,
              "Total Cost": 61184.03,
              "Plan Rows": 1,
              "Plan Width": 8,
              "Actual Startup Time": 174.915,
              "Actual Total Time": 174.918,
              "Actual Rows": 1,
              "Actual Loops": 3,
              "Plans": [
                {
                  "Node Type": "Hash Join",
                  "Parent Relationship": "Outer",
                  "Parallel Aware": true,
                  "Join Type": "Inner",
                  "Startup Cost": 45549.09,
                  "Total Cost": 61179.74,
                  "Plan Rows": 1714,
                  "Plan Width": 0,
                  "Actual Startup Time": 141.315,
                  "Actual Total Time": 174.763,
                  "Actual Rows": 2166,
                  "Actual Loops": 3,
                  "Inner Unique": true,
                  "Hash Cond": "(mi_idx.movie_id = t.id)",
                  "Plans": [
                    {
                      "Node Type": "Seq Scan",
                      "Parent Relationship": "Outer",
                      "Parallel Aware": true,
                      "Relation Name": "movie_info_idx",
                      "Alias": "mi_idx",
                      "Startup Cost": 0.0,
                      "Total Cost": 15122.68,
                      "Plan Rows": 193512,
                      "Plan Width": 4,
                      "Actual Startup Time": 0.024,
                      "Actual Total Time": 40.496,
                      "Actual Rows": 153308,
                      "Actual Loops": 3,
                      "Filter": "(info_type_id = 100)",
                      "Rows Removed by Filter": 306703
                    },
                    {
                      "Node Type": "Hash",
                      "Parent Relationship": "Inner",
                      "Parallel Aware": true,
                      "Startup Cost": 45479.1,
                      "Total Cost": 45479.1,
                      "Plan Rows": 5599,
                      "Plan Width": 4,
                      "Actual Startup Time": 117.892,
                      "Actual Total Time": 117.892,
                      "Actual Rows": 4350,
                      "Actual Loops": 3,
                      "Hash Buckets": 32768,
                      "Original Hash Buckets": 32768,
                      "Hash Batches": 1,
                      "Original Hash Batches": 1,
                      "Peak Memory Usage": 800,
                      "Plans": [
                        {
                          "Node Type": "Seq Scan",
                          "Parent Relationship": "Outer",
                          "Parallel Aware": true,
                          "Relation Name": "title",
                          "Alias": "t",
                          "Startup Cost": 0.0,
                          "Total Cost": 45479.1,
                          "Plan Rows": 5599,
                          "Plan Width": 4,
                          "Actual Startup Time": 75.23,
                          "Actual Total Time": 116.039,
                          "Actual Rows": 4350,
                          "Actual Loops": 3,
                          "Filter": "((kind_id = 1) AND (production_year = 2004))",
                          "Rows Removed by Filter": 838421
                        }
                      ]
                    }
                  ]
                }
              ]
            }
          ]
        }
      ]
    },
    "Planning Time": 0.658,
    "Triggers": [],
    "Execution Time": 195.991
  }
]