[
    {
        "Bao": {
            "Bao prediction": 1374.172,
            "Bao recommended hint": "(no hint)"
        }
    },
    {
        "Plan": {
            "Node Type": "Aggregate",
            "Strategy": "Plain",
            "Partial Mode": "Finalize",
            "Parallel Aware": false,
            "Startup Cost": 389538.3,
            "Total Cost": 389538.31,
            "Plan Rows": 1,
            "Plan Width": 8,
            "Actual Startup Time": 1001.513,
            "Actual Total Time": 1021.538,
            "Actual Rows": 1,
            "Actual Loops": 1,
            "Output": [
                "count(*)"
            ],
            "Plans": [
                {
                    "Node Type": "Gather",
                    "Parent Relationship": "Outer",
                    "Parallel Aware": false,
                    "Startup Cost": 389537.98,
                    "Total Cost": 389538.29,
                    "Plan Rows": 3,
                    "Plan Width": 8,
                    "Actual Startup Time": 992.118,
                    "Actual Total Time": 1021.529,
                    "Actual Rows": 4,
                    "Actual Loops": 1,
                    "Output": [
                        "(PARTIAL count(*))"
                    ],
                    "Workers Planned": 3,
                    "Workers Launched": 3,
                    "Single Copy": false,
                    "Plans": [
                        {
                            "Node Type": "Aggregate",
                            "Strategy": "Plain",
                            "Partial Mode": "Partial",
                            "Parent Relationship": "Outer",
                            "Parallel Aware": false,
                            "Startup Cost": 388537.98,
                            "Total Cost": 388537.99,
                            "Plan Rows": 1,
                            "Plan Width": 8,
                            "Actual Startup Time": 983.085,
                            "Actual Total Time": 983.211,
                            "Actual Rows": 1,
                            "Actual Loops": 4,
                            "Output": [
                                "PARTIAL count(*)"
                            ],
                            "Workers": [
                                {
                                    "Worker Number": 0,
                                    "Actual Startup Time": 980.72,
                                    "Actual Total Time": 980.726,
                                    "Actual Rows": 1,
                                    "Actual Loops": 1
                                },
                                {
                                    "Worker Number": 1,
                                    "Actual Startup Time": 980.091,
                                    "Actual Total Time": 980.097,
                                    "Actual Rows": 1,
                                    "Actual Loops": 1
                                },
                                {
                                    "Worker Number": 2,
                                    "Actual Startup Time": 980.285,
                                    "Actual Total Time": 980.29,
                                    "Actual Rows": 1,
                                    "Actual Loops": 1
                                }
                            ],
                            "Plans": [
                                {
                                    "Node Type": "Hash Join",
                                    "Parent Relationship": "Outer",
                                    "Parallel Aware": true,
                                    "Join Type": "Inner",
                                    "Startup Cost": 343865.76,
                                    "Total Cost": 388289.34,
                                    "Plan Rows": 99456,
                                    "Plan Width": 0,
                                    "Actual Startup Time": 611.94,
                                    "Actual Total Time": 905.759,
                                    "Actual Rows": 1300708,
                                    "Actual Loops": 4,
                                    "Inner Unique": false,
                                    "Hash Cond": "(mk.movie_id = t.id)",
                                    "Workers": [
                                        {
                                            "Worker Number": 0,
                                            "Actual Startup Time": 609.194,
                                            "Actual Total Time": 900.41,
                                            "Actual Rows": 1141488,
                                            "Actual Loops": 1
                                        },
                                        {
                                            "Worker Number": 1,
                                            "Actual Startup Time": 609.002,
                                            "Actual Total Time": 900.56,
                                            "Actual Rows": 1131937,
                                            "Actual Loops": 1
                                        },
                                        {
                                            "Worker Number": 2,
                                            "Actual Startup Time": 609.202,
                                            "Actual Total Time": 900.774,
                                            "Actual Rows": 1130644,
                                            "Actual Loops": 1
                                        }
                                    ],
                                    "Plans": [
                                        {
                                            "Node Type": "Seq Scan",
                                            "Parent Relationship": "Outer",
                                            "Parallel Aware": true,
                                            "Relation Name": "movie_keyword",
                                            "Schema": "public",
                                            "Alias": "mk",
                                            "Startup Cost": 0.0,
                                            "Total Cost": 42695.65,
                                            "Plan Rows": 416576,
                                            "Plan Width": 4,
                                            "Actual Startup Time": 0.016,
                                            "Actual Total Time": 113.716,
                                            "Actual Rows": 321576,
                                            "Actual Loops": 4,
                                            "Output": [
                                                "mk.id",
                                                "mk.movie_id",
                                                "mk.keyword_id"
                                            ],
                                            "Filter": "(mk.keyword_id < 1662)",
                                            "Rows Removed by Filter": 809406,
                                            "Workers": [
                                                {
                                                    "Worker Number": 0,
                                                    "Actual Startup Time": 0.015,
                                                    "Actual Total Time": 113.701,
                                                    "Actual Rows": 274398,
                                                    "Actual Loops": 1
                                                },
                                                {
                                                    "Worker Number": 1,
                                                    "Actual Startup Time": 0.023,
                                                    "Actual Total Time": 114.836,
                                                    "Actual Rows": 275729,
                                                    "Actual Loops": 1
                                                },
                                                {
                                                    "Worker Number": 2,
                                                    "Actual Startup Time": 0.018,
                                                    "Actual Total Time": 114.97,
                                                    "Actual Rows": 272544,
                                                    "Actual Loops": 1
                                                }
                                            ]
                                        },
                                        {
                                            "Node Type": "Hash",
                                            "Parent Relationship": "Inner",
                                            "Parallel Aware": true,
                                            "Startup Cost": 342608.2,
                                            "Total Cost": 342608.2,
                                            "Plan Rows": 100605,
                                            "Plan Width": 8,
                                            "Actual Startup Time": 606.707,
                                            "Actual Total Time": 606.832,
                                            "Actual Rows": 156490,
                                            "Actual Loops": 4,
                                            "Output": [
                                                "t.id",
                                                "ci.movie_id"
                                            ],
                                            "Hash Buckets": 1048576,
                                            "Original Hash Buckets": 1048576,
                                            "Hash Batches": 1,
                                            "Original Hash Batches": 1,
                                            "Peak Memory Usage": 32736,
                                            "Workers": [
                                                {
                                                    "Worker Number": 0,
                                                    "Actual Startup Time": 608.45,
                                                    "Actual Total Time": 608.454,
                                                    "Actual Rows": 146764,
                                                    "Actual Loops": 1
                                                },
                                                {
                                                    "Worker Number": 1,
                                                    "Actual Startup Time": 608.514,
                                                    "Actual Total Time": 608.519,
                                                    "Actual Rows": 137140,
                                                    "Actual Loops": 1
                                                },
                                                {
                                                    "Worker Number": 2,
                                                    "Actual Startup Time": 608.576,
                                                    "Actual Total Time": 608.58,
                                                    "Actual Rows": 136405,
                                                    "Actual Loops": 1
                                                }
                                            ],
                                            "Plans": [
                                                {
                                                    "Node Type": "Hash Join",
                                                    "Parent Relationship": "Outer",
                                                    "Parallel Aware": true,
                                                    "Join Type": "Inner",
                                                    "Startup Cost": 85655.82,
                                                    "Total Cost": 342608.2,
                                                    "Plan Rows": 100605,
                                                    "Plan Width": 8,
                                                    "Actual Startup Time": 308.364,
                                                    "Actual Total Time": 539.704,
                                                    "Actual Rows": 156490,
                                                    "Actual Loops": 4,
                                                    "Output": [
                                                        "t.id",
                                                        "ci.movie_id"
                                                    ],
                                                    "Inner Unique": true,
                                                    "Hash Cond": "(ci.movie_id = t.id)",
                                                    "Workers": [
                                                        {
                                                            "Worker Number": 0,
                                                            "Actual Startup Time": 307.951,
                                                            "Actual Total Time": 540.823,
                                                            "Actual Rows": 146764,
                                                            "Actual Loops": 1
                                                        },
                                                        {
                                                            "Worker Number": 1,
                                                            "Actual Startup Time": 308.624,
                                                            "Actual Total Time": 539.3,
                                                            "Actual Rows": 137140,
                                                            "Actual Loops": 1
                                                        },
                                                        {
                                                            "Worker Number": 2,
                                                            "Actual Startup Time": 308.317,
                                                            "Actual Total Time": 540.445,
                                                            "Actual Rows": 136405,
                                                            "Actual Loops": 1
                                                        }
                                                    ],
                                                    "Plans": [
                                                        {
                                                            "Node Type": "Bitmap Heap Scan",
                                                            "Parent Relationship": "Outer",
                                                            "Parallel Aware": true,
                                                            "Relation Name": "cast_info",
                                                            "Schema": "public",
                                                            "Alias": "ci",
                                                            "Startup Cost": 37357.98,
                                                            "Total Cost": 293570.1,
                                                            "Plan Rows": 282009,
                                                            "Plan Width": 4,
                                                            "Actual Startup Time": 109.691,
                                                            "Actual Total Time": 197.366,
                                                            "Actual Rows": 445800,
                                                            "Actual Loops": 4,
                                                            "Output": [
                                                                "ci.id",
                                                                "ci.person_id",
                                                                "ci.movie_id",
                                                                "ci.person_role_id",
                                                                "ci.note",
                                                                "ci.nr_order",
                                                                "ci.role_id"
                                                            ],
                                                            "Recheck Cond": "(ci.person_id > 3709273)",
                                                            "Rows Removed by Index Recheck": 0,
                                                            "Exact Heap Blocks": 8427,
                                                            "Lossy Heap Blocks": 0,
                                                            "Workers": [
                                                                {
                                                                    "Worker Number": 0,
                                                                    "Actual Startup Time": 109.475,
                                                                    "Actual Total Time": 198.677,
                                                                    "Actual Rows": 418264,
                                                                    "Actual Loops": 1
                                                                },
                                                                {
                                                                    "Worker Number": 1,
                                                                    "Actual Startup Time": 109.763,
                                                                    "Actual Total Time": 199.578,
                                                                    "Actual Rows": 395664,
                                                                    "Actual Loops": 1
                                                                },
                                                                {
                                                                    "Worker Number": 2,
                                                                    "Actual Startup Time": 109.85,
                                                                    "Actual Total Time": 202.663,
                                                                    "Actual Rows": 392346,
                                                                    "Actual Loops": 1
                                                                }
                                                            ],
                                                            "Plans": [
                                                                {
                                                                    "Node Type": "Bitmap Index Scan",
                                                                    "Parent Relationship": "Outer",
                                                                    "Parallel Aware": false,
                                                                    "Index Name": "person_id_cast_info",
                                                                    "Startup Cost": 0.0,
                                                                    "Total Cost": 36934.97,
                                                                    "Plan Rows": 1692054,
                                                                    "Plan Width": 0,
                                                                    "Actual Startup Time": 103.412,
                                                                    "Actual Total Time": 103.413,
                                                                    "Actual Rows": 1783201,
                                                                    "Actual Loops": 1,
                                                                    "Index Cond": "(ci.person_id > 3709273)",
                                                                    "Workers": [
                                                                        {
                                                                            "Worker Number": 0,
                                                                            "Actual Startup Time": 103.412,
                                                                            "Actual Total Time": 103.413,
                                                                            "Actual Rows": 1783201,
                                                                            "Actual Loops": 1
                                                                        }
                                                                    ]
                                                                }
                                                            ]
                                                        },
                                                        {
                                                            "Node Type": "Hash",
                                                            "Parent Relationship": "Inner",
                                                            "Parallel Aware": true,
                                                            "Startup Cost": 45479.21,
                                                            "Total Cost": 45479.21,
                                                            "Plan Rows": 225490,
                                                            "Plan Width": 4,
                                                            "Actual Startup Time": 195.618,
                                                            "Actual Total Time": 195.619,
                                                            "Actual Rows": 203892,
                                                            "Actual Loops": 4,
                                                            "Output": [
                                                                "t.id"
                                                            ],
                                                            "Hash Buckets": 1048576,
                                                            "Original Hash Buckets": 1048576,
                                                            "Hash Batches": 1,
                                                            "Original Hash Batches": 1,
                                                            "Peak Memory Usage": 40128,
                                                            "Workers": [
                                                                {
                                                                    "Worker Number": 0,
                                                                    "Actual Startup Time": 198.416,
                                                                    "Actual Total Time": 198.417,
                                                                    "Actual Rows": 176428,
                                                                    "Actual Loops": 1
                                                                },
                                                                {
                                                                    "Worker Number": 1,
                                                                    "Actual Startup Time": 198.391,
                                                                    "Actual Total Time": 198.392,
                                                                    "Actual Rows": 175622,
                                                                    "Actual Loops": 1
                                                                },
                                                                {
                                                                    "Worker Number": 2,
                                                                    "Actual Startup Time": 198.335,
                                                                    "Actual Total Time": 198.335,
                                                                    "Actual Rows": 175696,
                                                                    "Actual Loops": 1
                                                                }
                                                            ],
                                                            "Plans": [
                                                                {
                                                                    "Node Type": "Seq Scan",
                                                                    "Parent Relationship": "Outer",
                                                                    "Parallel Aware": true,
                                                                    "Relation Name": "title",
                                                                    "Schema": "public",
                                                                    "Alias": "t",
                                                                    "Startup Cost": 0.0,
                                                                    "Total Cost": 45479.21,
                                                                    "Plan Rows": 225490,
                                                                    "Plan Width": 4,
                                                                    "Actual Startup Time": 0.037,
                                                                    "Actual Total Time": 114.157,
                                                                    "Actual Rows": 203892,
                                                                    "Actual Loops": 4,
                                                                    "Output": [
                                                                        "t.id"
                                                                    ],
                                                                    "Filter": "((t.kind_id < 7) AND (t.production_year > 1949))",
                                                                    "Rows Removed by Filter": 428186,
                                                                    "Workers": [
                                                                        {
                                                                            "Worker Number": 0,
                                                                            "Actual Startup Time": 0.043,
                                                                            "Actual Total Time": 115.457,
                                                                            "Actual Rows": 176428,
                                                                            "Actual Loops": 1
                                                                        },
                                                                        {
                                                                            "Worker Number": 1,
                                                                            "Actual Startup Time": 0.052,
                                                                            "Actual Total Time": 114.89,
                                                                            "Actual Rows": 175622,
                                                                            "Actual Loops": 1
                                                                        },
                                                                        {
                                                                            "Worker Number": 2,
                                                                            "Actual Startup Time": 0.036,
                                                                            "Actual Total Time": 116.292,
                                                                            "Actual Rows": 175696,
                                                                            "Actual Loops": 1
                                                                        }
                                                                    ]
                                                                }
                                                            ]
                                                        }
                                                    ]
                                                }
                                            ]
                                        }
                                    ]
                                }
                            ]
                        }
                    ]
                }
            ]
        },
        "Planning Time": 1221.756,
        "Triggers": [],
        "Execution Time": 1021.728
    }
]