{
  "Plan": {
    "Node Type": "Aggregate",
    "Strategy": "Plain",
    "Partial Mode": "Finalize",
    "Parallel Aware": false,
    "Startup Cost": 1026035.01,
    "Total Cost": 1026035.02,
    "Plan Rows": 1,
    "Plan Width": 8,
    "Actual Startup Time": 12085.908,
    "Actual Total Time": 12191.669,
    "Actual Rows": 1,
    "Actual Loops": 1,
    "Plans": [
      {
        "Node Type": "Gather",
        "Parent Relationship": "Outer",
        "Parallel Aware": false,
        "Startup Cost": 1026034.9,
        "Total Cost": 1026035.01,
        "Plan Rows": 1,
        "Plan Width": 8,
        "Actual Startup Time": 12076.291,
        "Actual Total Time": 12191.658,
        "Actual Rows": 2,
        "Actual Loops": 1,
        "Workers Planned": 1,
        "Workers Launched": 1,
        "Single Copy": false,
        "Plans": [
          {
            "Node Type": "Aggregate",
            "Strategy": "Plain",
            "Partial Mode": "Partial",
            "Parent Relationship": "Outer",
            "Parallel Aware": false,
            "Startup Cost": 1025034.9,
            "Total Cost": 1025034.91,
            "Plan Rows": 1,
            "Plan Width": 8,
            "Actual Startup Time": 12071.399,
            "Actual Total Time": 12072.514,
            "Actual Rows": 1,
            "Actual Loops": 2,
            "Plans": [
              {
                "Node Type": "Hash Join",
                "Parent Relationship": "Outer",
                "Parallel Aware": true,
                "Join Type": "Inner",
                "Startup Cost": 357324.67,
                "Total Cost": 1010018.2,
                "Plan Rows": 6006681,
                "Plan Width": 0,
                "Actual Startup Time": 2500.956,
                "Actual Total Time": 11110.26,
                "Actual Rows": 23325695,
                "Actual Loops": 2,
                "Inner Unique": false,
                "Hash Cond": "(ci.movie_id = t.id)",
                "Plans": [
                  {
                    "Node Type": "Seq Scan",
                    "Parent Relationship": "Outer",
                    "Parallel Aware": true,
                    "Relation Name": "cast_info",
                    "Alias": "ci",
                    "Startup Cost": 0.0,
                    "Total Cost": 519069.44,
                    "Plan Rows": 15726509,
                    "Plan Width": 4,
                    "Actual Startup Time": 0.022,
                    "Actual Total Time": 1886.219,
                    "Actual Rows": 13429820,
                    "Actual Loops": 2,
                    "Filter": "(role_id < 5)",
                    "Rows Removed by Filter": 4692352
                  },
                  {
                    "Node Type": "Hash",
                    "Parent Relationship": "Inner",
                    "Parallel Aware": true,
                    "Startup Cost": 350224.15,
                    "Total Cost": 350224.15,
                    "Plan Rows": 568042,
                    "Plan Width": 8,
                    "Actual Startup Time": 2491.785,
                    "Actual Total Time": 2492.898,
                    "Actual Rows": 1548884,
                    "Actual Loops": 2,
                    "Hash Buckets": 4194304,
                    "Original Hash Buckets": 1048576,
                    "Hash Batches": 1,
                    "Original Hash Batches": 1,
                    "Peak Memory Usage": 178560,
                    "Plans": [
                      {
                        "Node Type": "Hash Join",
                        "Parent Relationship": "Outer",
                        "Parallel Aware": true,
                        "Join Type": "Inner",
                        "Startup Cost": 59704.87,
                        "Total Cost": 350224.15,
                        "Plan Rows": 568042,
                        "Plan Width": 8,
                        "Actual Startup Time": 189.384,
                        "Actual Total Time": 2029.45,
                        "Actual Rows": 1548884,
                        "Actual Loops": 2,
                        "Inner Unique": true,
                        "Hash Cond": "(mi.movie_id = t.id)",
                        "Plans": [
                          {
                            "Node Type": "Seq Scan",
                            "Parent Relationship": "Outer",
                            "Parallel Aware": true,
                            "Relation Name": "movie_info",
                            "Alias": "mi",
                            "Startup Cost": 0.0,
                            "Total Cost": 270696.42,
                            "Plan Rows": 7551554,
                            "Plan Width": 4,
                            "Actual Startup Time": 0.01,
                            "Actual Total Time": 821.271,
                            "Actual Rows": 6485044,
                            "Actual Loops": 2,
                            "Filter": "(info_type_id < 18)",
                            "Rows Removed by Filter": 932816
                          },
                          {
                            "Node Type": "Hash",
                            "Parent Relationship": "Inner",
                            "Parallel Aware": true,
                            "Startup Cost": 58306.47,
                            "Total Cost": 58306.47,
                            "Plan Rows": 111872,
                            "Plan Width": 4,
                            "Actual Startup Time": 186.816,
                            "Actual Total Time": 186.817,
                            "Actual Rows": 150323,
                            "Actual Loops": 2,
                            "Hash Buckets": 524288,
                            "Original Hash Buckets": 262144,
                            "Hash Batches": 1,
                            "Original Hash Batches": 1,
                            "Peak Memory Usage": 17920,
                            "Plans": [
                              {
                                "Node Type": "Seq Scan",
                                "Parent Relationship": "Outer",
                                "Parallel Aware": true,
                                "Relation Name": "title",
                                "Alias": "t",
                                "Startup Cost": 0.0,
                                "Total Cost": 58306.47,
                                "Plan Rows": 111872,
                                "Plan Width": 4,
                                "Actual Startup Time": 0.115,
                                "Actual Total Time": 147.358,
                                "Actual Rows": 150323,
                                "Actual Loops": 2,
                                "Filter": "((kind_id < 7) AND (production_year < 1979))",
                                "Rows Removed by Filter": 1113833
                              }
                            ]
                          }
                        ]
                      }
                    ]
                  }
                ]
              }
            ]
          }
        ]
      }
    ]
  },
  "Planning Time": 0.941,
  "Triggers": [],
  "Execution Time": 12191.763
}