[
  {
    "Plan": {
      "Node Type": "Aggregate",
      "Strategy": "Plain",
      "Partial Mode": "Finalize",
      "Parallel Aware": false,
      "Startup Cost": 45289.9,
      "Total Cost": 45289.91,
      "Plan Rows": 1,
      "Plan Width": 8,
      "Actual Startup Time": 170.833,
      "Actual Total Time": 183.005,
      "Actual Rows": 1,
      "Actual Loops": 1,
      "Plans": [
        {
          "Node Type": "Gather",
          "Parent Relationship": "Outer",
          "Parallel Aware": false,
          "Startup Cost": 45289.59,
          "Total Cost": 45289.9,
          "Plan Rows": 3,
          "Plan Width": 8,
          "Actual Startup Time": 170.638,
          "Actual Total Time": 182.992,
          "Actual Rows": 4,
          "Actual Loops": 1,
          "Workers Planned": 3,
          "Workers Launched": 3,
          "Single Copy": false,
          "Plans": [
            {
              "Node Type": "Aggregate",
              "Strategy": "Plain",
              "Partial Mode": "Partial",
              "Parent Relationship": "Outer",
              "Parallel Aware": false,
              "Startup Cost": 44289.59,
              "Total Cost": 44289.6,
              "Plan Rows": 1,
              "Plan Width": 8,
              "Actual Startup Time": 161.654,
              "Actual Total Time": 161.656,
              "Actual Rows": 1,
              "Actual Loops": 4,
              "Plans": [
                {
                  "Node Type": "Seq Scan",
                  "Parent Relationship": "Outer",
                  "Parallel Aware": true,
                  "Relation Name": "movie_keyword",
                  "Alias": "mk",
                  "Startup Cost": 0.0,
                  "Total Cost": 42695.65,
                  "Plan Rows": 637573,
                  "Plan Width": 0,
                  "Actual Startup Time": 0.984,
                  "Actual Total Time": 133.567,
                  "Actual Rows": 492332,
                  "Actual Loops": 4,
                  "Filter": "(keyword_id > 6429)",
                  "Rows Removed by Filter": 638651
                }
              ]
            }
          ]
        }
      ]
    },
    "Planning Time": 0.147,
    "Triggers": [],
    "Execution Time": 183.056
  }
]