[
  {
    "Plan": {
      "Node Type": "Aggregate",
      "Strategy": "Plain",
      "Partial Mode": "Finalize",
      "Parallel Aware": false,
      "Startup Cost": 343291.62,
      "Total Cost": 343291.63,
      "Plan Rows": 1,
      "Plan Width": 8,
      "Actual Startup Time": 1020.922,
      "Actual Total Time": 1072.793,
      "Actual Rows": 1,
      "Actual Loops": 1,
      "Plans": [
        {
          "Node Type": "Gather",
          "Parent Relationship": "Outer",
          "Parallel Aware": false,
          "Startup Cost": 343290.99,
          "Total Cost": 343291.6,
          "Plan Rows": 6,
          "Plan Width": 8,
          "Actual Startup Time": 1020.597,
          "Actual Total Time": 1072.779,
          "Actual Rows": 7,
          "Actual Loops": 1,
          "Workers Planned": 6,
          "Workers Launched": 6,
          "Single Copy": false,
          "Plans": [
            {
              "Node Type": "Aggregate",
              "Strategy": "Plain",
              "Partial Mode": "Partial",
              "Parent Relationship": "Outer",
              "Parallel Aware": false,
              "Startup Cost": 342290.99,
              "Total Cost": 342291.0,
              "Plan Rows": 1,
              "Plan Width": 8,
              "Actual Startup Time": 1012.011,
              "Actual Total Time": 1012.013,
              "Actual Rows": 1,
              "Actual Loops": 7,
              "Plans": [
                {
                  "Node Type": "Seq Scan",
                  "Parent Relationship": "Outer",
                  "Parallel Aware": true,
                  "Relation Name": "cast_info",
                  "Alias": "ci",
                  "Startup Cost": 0.0,
                  "Total Cost": 328211.39,
                  "Plan Rows": 5631840,
                  "Plan Width": 0,
                  "Actual Startup Time": 0.056,
                  "Actual Total Time": 741.726,
                  "Actual Rows": 4836337,
                  "Actual Loops": 7,
                  "Filter": "(person_id < 3595636)",
                  "Rows Removed by Filter": 341426
                }
              ]
            }
          ]
        }
      ]
    },
    "Planning Time": 0.097,
    "Triggers": [],
    "Execution Time": 1072.837
  }
]