[
  {
    "Plan": {
      "Node Type": "Aggregate",
      "Strategy": "Plain",
      "Partial Mode": "Finalize",
      "Parallel Aware": false,
      "Startup Cost": 137032.37,
      "Total Cost": 137032.38,
      "Plan Rows": 1,
      "Plan Width": 8,
      "Actual Startup Time": 948.448,
      "Actual Total Time": 984.654,
      "Actual Rows": 1,
      "Actual Loops": 1,
      "Plans": [
        {
          "Node Type": "Gather",
          "Parent Relationship": "Outer",
          "Parallel Aware": false,
          "Startup Cost": 137032.05,
          "Total Cost": 137032.36,
          "Plan Rows": 3,
          "Plan Width": 8,
          "Actual Startup Time": 938.295,
          "Actual Total Time": 984.644,
          "Actual Rows": 4,
          "Actual Loops": 1,
          "Workers Planned": 3,
          "Workers Launched": 3,
          "Single Copy": false,
          "Plans": [
            {
              "Node Type": "Aggregate",
              "Strategy": "Plain",
              "Partial Mode": "Partial",
              "Parent Relationship": "Outer",
              "Parallel Aware": false,
              "Startup Cost": 136032.05,
              "Total Cost": 136032.06,
              "Plan Rows": 1,
              "Plan Width": 8,
              "Actual Startup Time": 918.539,
              "Actual Total Time": 918.543,
              "Actual Rows": 1,
              "Actual Loops": 4,
              "Plans": [
                {
                  "Node Type": "Nested Loop",
                  "Parent Relationship": "Outer",
                  "Parallel Aware": false,
                  "Join Type": "Inner",
                  "Startup Cost": 54517.91,
                  "Total Cost": 135719.72,
                  "Plan Rows": 124930,
                  "Plan Width": 0,
                  "Actual Startup Time": 375.474,
                  "Actual Total Time": 894.902,
                  "Actual Rows": 505950,
                  "Actual Loops": 4,
                  "Inner Unique": false,
                  "Plans": [
                    {
                      "Node Type": "Hash Join",
                      "Parent Relationship": "Outer",
                      "Parallel Aware": true,
                      "Join Type": "Inner",
                      "Startup Cost": 54517.48,
                      "Total Cost": 74358.39,
                      "Plan Rows": 32866,
                      "Plan Width": 8,
                      "Actual Startup Time": 375.278,
                      "Actual Total Time": 419.985,
                      "Actual Rows": 49010,
                      "Actual Loops": 4,
                      "Inner Unique": true,
                      "Hash Cond": "(mc.movie_id = t.id)",
                      "Plans": [
                        {
                          "Node Type": "Bitmap Heap Scan",
                          "Parent Relationship": "Outer",
                          "Parallel Aware": true,
                          "Relation Name": "movie_companies",
                          "Alias": "mc",
                          "Startup Cost": 4297.09,
                          "Total Cost": 24051.73,
                          "Plan Rows": 32866,
                          "Plan Width": 4,
                          "Actual Startup Time": 8.825,
                          "Actual Total Time": 23.317,
                          "Actual Rows": 49010,
                          "Actual Loops": 4,
                          "Recheck Cond": "(company_id > 114720)",
                          "Rows Removed by Index Recheck": 0,
                          "Filter": "(company_type_id > 1)",
                          "Rows Removed by Filter": 0,
                          "Exact Heap Blocks": 1255,
                          "Lossy Heap Blocks": 0,
                          "Plans": [
                            {
                              "Node Type": "Bitmap Index Scan",
                              "Parent Relationship": "Outer",
                              "Parallel Aware": false,
                              "Index Name": "company_id_movie_companies",
                              "Startup Cost": 0.0,
                              "Total Cost": 4271.62,
                              "Plan Rows": 199359,
                              "Plan Width": 0,
                              "Actual Startup Time": 8.1,
                              "Actual Total Time": 8.101,
                              "Actual Rows": 196038,
                              "Actual Loops": 1,
                              "Index Cond": "(company_id > 114720)"
                            }
                          ]
                        },
                        {
                          "Node Type": "Hash",
                          "Parent Relationship": "Inner",
                          "Parallel Aware": true,
                          "Startup Cost": 42319.06,
                          "Total Cost": 42319.06,
                          "Plan Rows": 632106,
                          "Plan Width": 4,
                          "Actual Startup Time": 354.266,
                          "Actual Total Time": 354.266,
                          "Actual Rows": 632078,
                          "Actual Loops": 4,
                          "Hash Buckets": 4194304,
                          "Original Hash Buckets": 4194304,
                          "Hash Batches": 1,
                          "Original Hash Batches": 1,
                          "Peak Memory Usage": 131744,
                          "Plans": [
                            {
                              "Node Type": "Seq Scan",
                              "Parent Relationship": "Outer",
                              "Parallel Aware": true,
                              "Relation Name": "title",
                              "Alias": "t",
                              "Startup Cost": 0.0,
                              "Total Cost": 42319.06,
                              "Plan Rows": 632106,
                              "Plan Width": 4,
                              "Actual Startup Time": 0.046,
                              "Actual Total Time": 100.975,
                              "Actual Rows": 632078,
                              "Actual Loops": 4
                            }
                          ]
                        }
                      ]
                    },
                    {
                      "Node Type": "Index Scan",
                      "Parent Relationship": "Inner",
                      "Parallel Aware": false,
                      "Scan Direction": "Forward",
                      "Index Name": "movie_id_movie_info",
                      "Relation Name": "movie_info",
                      "Alias": "mi",
                      "Startup Cost": 0.43,
                      "Total Cost": 1.6,
                      "Plan Rows": 27,
                      "Plan Width": 4,
                      "Actual Startup Time": 0.003,
                      "Actual Total Time": 0.009,
                      "Actual Rows": 10,
                      "Actual Loops": 196038,
                      "Index Cond": "(movie_id = t.id)",
                      "Rows Removed by Index Recheck": 0,
                      "Filter": "(info_type_id < 16)",
                      "Rows Removed by Filter": 7
                    }
                  ]
                }
              ]
            }
          ]
        }
      ]
    },
    "Planning Time": 1.37,
    "Triggers": [],
    "Execution Time": 984.752
  }
]