{
    "Plan": {
        "Node Type": "Aggregate",
        "Strategy": "Plain",
        "Partial Mode": "Finalize",
        "Parallel Aware": false,
        "Startup Cost": 609206.91,
        "Total Cost": 609206.92,
        "Plan Rows": 1,
        "Plan Width": 8,
        "Actual Startup Time": 2163.439,
        "Actual Total Time": 2237.687,
        "Actual Rows": 1,
        "Actual Loops": 1,
        "Output": [
            "count(*)"
        ],
        "Plans": [
            {
                "Node Type": "Gather",
                "Parent Relationship": "Outer",
                "Parallel Aware": false,
                "Startup Cost": 609206.29,
                "Total Cost": 609206.9,
                "Plan Rows": 6,
                "Plan Width": 8,
                "Actual Startup Time": 2126.355,
                "Actual Total Time": 2237.673,
                "Actual Rows": 7,
                "Actual Loops": 1,
                "Output": [
                    "(PARTIAL count(*))"
                ],
                "Workers Planned": 6,
                "Workers Launched": 6,
                "Single Copy": false,
                "Plans": [
                    {
                        "Node Type": "Aggregate",
                        "Strategy": "Plain",
                        "Partial Mode": "Partial",
                        "Parent Relationship": "Outer",
                        "Parallel Aware": false,
                        "Startup Cost": 608206.29,
                        "Total Cost": 608206.3,
                        "Plan Rows": 1,
                        "Plan Width": 8,
                        "Actual Startup Time": 2110.426,
                        "Actual Total Time": 2110.921,
                        "Actual Rows": 1,
                        "Actual Loops": 7,
                        "Output": [
                            "PARTIAL count(*)"
                        ],
                        "Workers": [
                            {
                                "Worker Number": 0,
                                "Actual Startup Time": 2107.479,
                                "Actual Total Time": 2107.485,
                                "Actual Rows": 1,
                                "Actual Loops": 1
                            },
                            {
                                "Worker Number": 1,
                                "Actual Startup Time": 2107.475,
                                "Actual Total Time": 2107.482,
                                "Actual Rows": 1,
                                "Actual Loops": 1
                            },
                            {
                                "Worker Number": 2,
                                "Actual Startup Time": 2107.555,
                                "Actual Total Time": 2107.561,
                                "Actual Rows": 1,
                                "Actual Loops": 1
                            },
                            {
                                "Worker Number": 3,
                                "Actual Startup Time": 2109.463,
                                "Actual Total Time": 2109.469,
                                "Actual Rows": 1,
                                "Actual Loops": 1
                            },
                            {
                                "Worker Number": 4,
                                "Actual Startup Time": 2107.971,
                                "Actual Total Time": 2107.976,
                                "Actual Rows": 1,
                                "Actual Loops": 1
                            },
                            {
                                "Worker Number": 5,
                                "Actual Startup Time": 2107.767,
                                "Actual Total Time": 2107.773,
                                "Actual Rows": 1,
                                "Actual Loops": 1
                            }
                        ],
                        "Plans": [
                            {
                                "Node Type": "Hash Join",
                                "Parent Relationship": "Outer",
                                "Parallel Aware": true,
                                "Join Type": "Inner",
                                "Startup Cost": 253139.01,
                                "Total Cost": 605566.12,
                                "Plan Rows": 1056068,
                                "Plan Width": 0,
                                "Actual Startup Time": 860.324,
                                "Actual Total Time": 2053.699,
                                "Actual Rows": 1009193,
                                "Actual Loops": 7,
                                "Inner Unique": false,
                                "Hash Cond": "(ci.movie_id = t.id)",
                                "Workers": [
                                    {
                                        "Worker Number": 0,
                                        "Actual Startup Time": 857.62,
                                        "Actual Total Time": 2049.416,
                                        "Actual Rows": 883298,
                                        "Actual Loops": 1
                                    },
                                    {
                                        "Worker Number": 1,
                                        "Actual Startup Time": 857.616,
                                        "Actual Total Time": 2048.353,
                                        "Actual Rows": 898309,
                                        "Actual Loops": 1
                                    },
                                    {
                                        "Worker Number": 2,
                                        "Actual Startup Time": 857.703,
                                        "Actual Total Time": 2050.214,
                                        "Actual Rows": 871332,
                                        "Actual Loops": 1
                                    },
                                    {
                                        "Worker Number": 3,
                                        "Actual Startup Time": 857.866,
                                        "Actual Total Time": 2049.659,
                                        "Actual Rows": 908272,
                                        "Actual Loops": 1
                                    },
                                    {
                                        "Worker Number": 4,
                                        "Actual Startup Time": 857.979,
                                        "Actual Total Time": 2058.193,
                                        "Actual Rows": 1218294,
                                        "Actual Loops": 1
                                    },
                                    {
                                        "Worker Number": 5,
                                        "Actual Startup Time": 857.898,
                                        "Actual Total Time": 2048.556,
                                        "Actual Rows": 929367,
                                        "Actual Loops": 1
                                    }
                                ],
                                "Plans": [
                                    {
                                        "Node Type": "Index Scan",
                                        "Parent Relationship": "Outer",
                                        "Parallel Aware": true,
                                        "Scan Direction": "Forward",
                                        "Index Name": "role_id_cast_info",
                                        "Relation Name": "cast_info",
                                        "Schema": "public",
                                        "Alias": "ci",
                                        "Startup Cost": 0.56,
                                        "Total Cost": 342814.42,
                                        "Plan Rows": 2000294,
                                        "Plan Width": 4,
                                        "Actual Startup Time": 67.116,
                                        "Actual Total Time": 531.55,
                                        "Actual Rows": 1589269,
                                        "Actual Loops": 7,
                                        "Output": [
                                            "ci.id",
                                            "ci.person_id",
                                            "ci.movie_id",
                                            "ci.person_role_id",
                                            "ci.note",
                                            "ci.nr_order",
                                            "ci.role_id"
                                        ],
                                        "Index Cond": "(ci.role_id = 1)",
                                        "Rows Removed by Index Recheck": 0,
                                        "Filter": "(ci.person_id > 212301)",
                                        "Rows Removed by Filter": 220829,
                                        "Workers": [
                                            {
                                                "Worker Number": 0,
                                                "Actual Startup Time": 67.154,
                                                "Actual Total Time": 543.017,
                                                "Actual Rows": 1379821,
                                                "Actual Loops": 1
                                            },
                                            {
                                                "Worker Number": 1,
                                                "Actual Startup Time": 67.113,
                                                "Actual Total Time": 550.627,
                                                "Actual Rows": 1412580,
                                                "Actual Loops": 1
                                            },
                                            {
                                                "Worker Number": 2,
                                                "Actual Startup Time": 67.028,
                                                "Actual Total Time": 545.263,
                                                "Actual Rows": 1378650,
                                                "Actual Loops": 1
                                            },
                                            {
                                                "Worker Number": 3,
                                                "Actual Startup Time": 67.152,
                                                "Actual Total Time": 548.597,
                                                "Actual Rows": 1416871,
                                                "Actual Loops": 1
                                            },
                                            {
                                                "Worker Number": 4,
                                                "Actual Startup Time": 67.1,
                                                "Actual Total Time": 509.256,
                                                "Actual Rows": 1912924,
                                                "Actual Loops": 1
                                            },
                                            {
                                                "Worker Number": 5,
                                                "Actual Startup Time": 67.101,
                                                "Actual Total Time": 551.668,
                                                "Actual Rows": 1468897,
                                                "Actual Loops": 1
                                            }
                                        ]
                                    },
                                    {
                                        "Node Type": "Hash",
                                        "Parent Relationship": "Inner",
                                        "Parallel Aware": true,
                                        "Startup Cost": 249801.34,
                                        "Total Cost": 249801.34,
                                        "Plan Rows": 266969,
                                        "Plan Width": 8,
                                        "Actual Startup Time": 788.454,
                                        "Actual Total Time": 788.946,
                                        "Actual Rows": 189337,
                                        "Actual Loops": 7,
                                        "Output": [
                                            "t.id",
                                            "mi.movie_id"
                                        ],
                                        "Hash Buckets": 2097152,
                                        "Original Hash Buckets": 2097152,
                                        "Hash Batches": 1,
                                        "Original Hash Batches": 1,
                                        "Peak Memory Usage": 68320,
                                        "Workers": [
                                            {
                                                "Worker Number": 0,
                                                "Actual Startup Time": 789.97,
                                                "Actual Total Time": 789.973,
                                                "Actual Rows": 159592,
                                                "Actual Loops": 1
                                            },
                                            {
                                                "Worker Number": 1,
                                                "Actual Startup Time": 790.105,
                                                "Actual Total Time": 790.11,
                                                "Actual Rows": 167622,
                                                "Actual Loops": 1
                                            },
                                            {
                                                "Worker Number": 2,
                                                "Actual Startup Time": 790.058,
                                                "Actual Total Time": 790.062,
                                                "Actual Rows": 159670,
                                                "Actual Loops": 1
                                            },
                                            {
                                                "Worker Number": 3,
                                                "Actual Startup Time": 790.294,
                                                "Actual Total Time": 790.298,
                                                "Actual Rows": 170037,
                                                "Actual Loops": 1
                                            },
                                            {
                                                "Worker Number": 4,
                                                "Actual Startup Time": 790.458,
                                                "Actual Total Time": 790.461,
                                                "Actual Rows": 210772,
                                                "Actual Loops": 1
                                            },
                                            {
                                                "Worker Number": 5,
                                                "Actual Startup Time": 790.333,
                                                "Actual Total Time": 790.337,
                                                "Actual Rows": 224832,
                                                "Actual Loops": 1
                                            }
                                        ],
                                        "Plans": [
                                            {
                                                "Node Type": "Hash Join",
                                                "Parent Relationship": "Outer",
                                                "Parallel Aware": true,
                                                "Join Type": "Inner",
                                                "Startup Cost": 50219.81,
                                                "Total Cost": 249801.34,
                                                "Plan Rows": 266969,
                                                "Plan Width": 8,
                                                "Actual Startup Time": 532.391,
                                                "Actual Total Time": 687.586,
                                                "Actual Rows": 189337,
                                                "Actual Loops": 7,
                                                "Output": [
                                                    "t.id",
                                                    "mi.movie_id"
                                                ],
                                                "Inner Unique": true,
                                                "Hash Cond": "(mi.movie_id = t.id)",
                                                "Workers": [
                                                    {
                                                        "Worker Number": 0,
                                                        "Actual Startup Time": 532.397,
                                                        "Actual Total Time": 687.044,
                                                        "Actual Rows": 159592,
                                                        "Actual Loops": 1
                                                    },
                                                    {
                                                        "Worker Number": 1,
                                                        "Actual Startup Time": 532.382,
                                                        "Actual Total Time": 686.892,
                                                        "Actual Rows": 167622,
                                                        "Actual Loops": 1
                                                    },
                                                    {
                                                        "Worker Number": 2,
                                                        "Actual Startup Time": 532.383,
                                                        "Actual Total Time": 690.036,
                                                        "Actual Rows": 159670,
                                                        "Actual Loops": 1
                                                    },
                                                    {
                                                        "Worker Number": 3,
                                                        "Actual Startup Time": 532.363,
                                                        "Actual Total Time": 686.869,
                                                        "Actual Rows": 170037,
                                                        "Actual Loops": 1
                                                    },
                                                    {
                                                        "Worker Number": 4,
                                                        "Actual Startup Time": 532.371,
                                                        "Actual Total Time": 687.069,
                                                        "Actual Rows": 210772,
                                                        "Actual Loops": 1
                                                    },
                                                    {
                                                        "Worker Number": 5,
                                                        "Actual Startup Time": 532.353,
                                                        "Actual Total Time": 686.539,
                                                        "Actual Rows": 224832,
                                                        "Actual Loops": 1
                                                    }
                                                ],
                                                "Plans": [
                                                    {
                                                        "Node Type": "Seq Scan",
                                                        "Parent Relationship": "Outer",
                                                        "Parallel Aware": true,
                                                        "Relation Name": "movie_info",
                                                        "Schema": "public",
                                                        "Alias": "mi",
                                                        "Startup Cost": 0.0,
                                                        "Total Cost": 198880.74,
                                                        "Plan Rows": 266969,
                                                        "Plan Width": 4,
                                                        "Actual Startup Time": 240.694,
                                                        "Actual Total Time": 296.792,
                                                        "Actual Rows": 189337,
                                                        "Actual Loops": 7,
                                                        "Output": [
                                                            "mi.id",
                                                            "mi.movie_id",
                                                            "mi.info_type_id",
                                                            "mi.info",
                                                            "mi.note"
                                                        ],
                                                        "Filter": "(mi.info_type_id = 8)",
                                                        "Rows Removed by Filter": 1930051,
                                                        "Workers": [
                                                            {
                                                                "Worker Number": 0,
                                                                "Actual Startup Time": 240.688,
                                                                "Actual Total Time": 298.256,
                                                                "Actual Rows": 159592,
                                                                "Actual Loops": 1
                                                            },
                                                            {
                                                                "Worker Number": 1,
                                                                "Actual Startup Time": 240.655,
                                                                "Actual Total Time": 299.266,
                                                                "Actual Rows": 167622,
                                                                "Actual Loops": 1
                                                            },
                                                            {
                                                                "Worker Number": 2,
                                                                "Actual Startup Time": 240.657,
                                                                "Actual Total Time": 298.378,
                                                                "Actual Rows": 159670,
                                                                "Actual Loops": 1
                                                            },
                                                            {
                                                                "Worker Number": 3,
                                                                "Actual Startup Time": 240.759,
                                                                "Actual Total Time": 299.424,
                                                                "Actual Rows": 170037,
                                                                "Actual Loops": 1
                                                            },
                                                            {
                                                                "Worker Number": 4,
                                                                "Actual Startup Time": 240.672,
                                                                "Actual Total Time": 294.571,
                                                                "Actual Rows": 210772,
                                                                "Actual Loops": 1
                                                            },
                                                            {
                                                                "Worker Number": 5,
                                                                "Actual Startup Time": 240.691,
                                                                "Actual Total Time": 295.655,
                                                                "Actual Rows": 224832,
                                                                "Actual Loops": 1
                                                            }
                                                        ]
                                                    },
                                                    {
                                                        "Node Type": "Hash",
                                                        "Parent Relationship": "Inner",
                                                        "Parallel Aware": true,
                                                        "Startup Cost": 42318.81,
                                                        "Total Cost": 42318.81,
                                                        "Plan Rows": 632080,
                                                        "Plan Width": 4,
                                                        "Actual Startup Time": 287.612,
                                                        "Actual Total Time": 287.614,
                                                        "Actual Rows": 361187,
                                                        "Actual Loops": 7,
                                                        "Output": [
                                                            "t.id"
                                                        ],
                                                        "Hash Buckets": 4194304,
                                                        "Original Hash Buckets": 4194304,
                                                        "Hash Batches": 1,
                                                        "Original Hash Batches": 1,
                                                        "Peak Memory Usage": 131808,
                                                        "Workers": [
                                                            {
                                                                "Worker Number": 0,
                                                                "Actual Startup Time": 291.363,
                                                                "Actual Total Time": 291.364,
                                                                "Actual Rows": 297490,
                                                                "Actual Loops": 1
                                                            },
                                                            {
                                                                "Worker Number": 1,
                                                                "Actual Startup Time": 291.397,
                                                                "Actual Total Time": 291.398,
                                                                "Actual Rows": 303469,
                                                                "Actual Loops": 1
                                                            },
                                                            {
                                                                "Worker Number": 2,
                                                                "Actual Startup Time": 291.377,
                                                                "Actual Total Time": 291.378,
                                                                "Actual Rows": 281429,
                                                                "Actual Loops": 1
                                                            },
                                                            {
                                                                "Worker Number": 3,
                                                                "Actual Startup Time": 291.524,
                                                                "Actual Total Time": 291.525,
                                                                "Actual Rows": 306573,
                                                                "Actual Loops": 1
                                                            },
                                                            {
                                                                "Worker Number": 4,
                                                                "Actual Startup Time": 291.358,
                                                                "Actual Total Time": 291.359,
                                                                "Actual Rows": 393593,
                                                                "Actual Loops": 1
                                                            },
                                                            {
                                                                "Worker Number": 5,
                                                                "Actual Startup Time": 291.312,
                                                                "Actual Total Time": 291.313,
                                                                "Actual Rows": 404097,
                                                                "Actual Loops": 1
                                                            }
                                                        ],
                                                        "Plans": [
                                                            {
                                                                "Node Type": "Seq Scan",
                                                                "Parent Relationship": "Outer",
                                                                "Parallel Aware": true,
                                                                "Relation Name": "title",
                                                                "Schema": "public",
                                                                "Alias": "t",
                                                                "Startup Cost": 0.0,
                                                                "Total Cost": 42318.81,
                                                                "Plan Rows": 632080,
                                                                "Plan Width": 4,
                                                                "Actual Startup Time": 0.062,
                                                                "Actual Total Time": 78.826,
                                                                "Actual Rows": 361187,
                                                                "Actual Loops": 7,
                                                                "Output": [
                                                                    "t.id"
                                                                ],
                                                                "Workers": [
                                                                    {
                                                                        "Worker Number": 0,
                                                                        "Actual Startup Time": 0.071,
                                                                        "Actual Total Time": 80.746,
                                                                        "Actual Rows": 297490,
                                                                        "Actual Loops": 1
                                                                    },
                                                                    {
                                                                        "Worker Number": 1,
                                                                        "Actual Startup Time": 0.067,
                                                                        "Actual Total Time": 81.556,
                                                                        "Actual Rows": 303469,
                                                                        "Actual Loops": 1
                                                                    },
                                                                    {
                                                                        "Worker Number": 2,
                                                                        "Actual Startup Time": 0.075,
                                                                        "Actual Total Time": 91.321,
                                                                        "Actual Rows": 281429,
                                                                        "Actual Loops": 1
                                                                    },
                                                                    {
                                                                        "Worker Number": 3,
                                                                        "Actual Startup Time": 0.065,
                                                                        "Actual Total Time": 81.661,
                                                                        "Actual Rows": 306573,
                                                                        "Actual Loops": 1
                                                                    },
                                                                    {
                                                                        "Worker Number": 4,
                                                                        "Actual Startup Time": 0.071,
                                                                        "Actual Total Time": 76.8,
                                                                        "Actual Rows": 393593,
                                                                        "Actual Loops": 1
                                                                    },
                                                                    {
                                                                        "Worker Number": 5,
                                                                        "Actual Startup Time": 0.072,
                                                                        "Actual Total Time": 78.076,
                                                                        "Actual Rows": 404097,
                                                                        "Actual Loops": 1
                                                                    }
                                                                ]
                                                            }
                                                        ]
                                                    }
                                                ]
                                            }
                                        ]
                                    }
                                ]
                            }
                        ]
                    }
                ]
            }
        ]
    },
    "Planning Time": 1.572,
    "Triggers": [],
    "Execution Time": 2237.795
}