[
  {
    "Plan": {
      "Node Type": "Aggregate",
      "Strategy": "Plain",
      "Partial Mode": "Finalize",
      "Parallel Aware": false,
      "Startup Cost": 46399.6,
      "Total Cost": 46399.61,
      "Plan Rows": 1,
      "Plan Width": 8,
      "Actual Startup Time": 162.403,
      "Actual Total Time": 172.619,
      "Actual Rows": 1,
      "Actual Loops": 1,
      "Plans": [
        {
          "Node Type": "Gather",
          "Parent Relationship": "Outer",
          "Parallel Aware": false,
          "Startup Cost": 46399.28,
          "Total Cost": 46399.59,
          "Plan Rows": 3,
          "Plan Width": 8,
          "Actual Startup Time": 162.296,
          "Actual Total Time": 172.611,
          "Actual Rows": 4,
          "Actual Loops": 1,
          "Workers Planned": 3,
          "Workers Launched": 3,
          "Single Copy": false,
          "Plans": [
            {
              "Node Type": "Aggregate",
              "Strategy": "Plain",
              "Partial Mode": "Partial",
              "Parent Relationship": "Outer",
              "Parallel Aware": false,
              "Startup Cost": 45399.28,
              "Total Cost": 45399.29,
              "Plan Rows": 1,
              "Plan Width": 8,
              "Actual Startup Time": 156.688,
              "Actual Total Time": 156.689,
              "Actual Rows": 1,
              "Actual Loops": 4,
              "Plans": [
                {
                  "Node Type": "Seq Scan",
                  "Parent Relationship": "Outer",
                  "Parallel Aware": true,
                  "Relation Name": "movie_keyword",
                  "Alias": "mk",
                  "Startup Cost": 0.0,
                  "Total Cost": 42695.65,
                  "Plan Rows": 1081451,
                  "Plan Width": 0,
                  "Actual Startup Time": 0.047,
                  "Actual Total Time": 119.283,
                  "Actual Rows": 836204,
                  "Actual Loops": 4,
                  "Filter": "(keyword_id < 15831)",
                  "Rows Removed by Filter": 294778
                }
              ]
            }
          ]
        }
      ]
    },
    "Planning Time": 0.186,
    "Triggers": [],
    "Execution Time": 172.682
  }
]