[
  {
    "Plan": {
      "Node Type": "Aggregate",
      "Strategy": "Plain",
      "Partial Mode": "Finalize",
      "Parallel Aware": false,
      "Startup Cost": 45878.5,
      "Total Cost": 45878.51,
      "Plan Rows": 1,
      "Plan Width": 8,
      "Actual Startup Time": 153.878,
      "Actual Total Time": 163.299,
      "Actual Rows": 1,
      "Actual Loops": 1,
      "Plans": [
        {
          "Node Type": "Gather",
          "Parent Relationship": "Outer",
          "Parallel Aware": false,
          "Startup Cost": 45878.18,
          "Total Cost": 45878.49,
          "Plan Rows": 3,
          "Plan Width": 8,
          "Actual Startup Time": 153.753,
          "Actual Total Time": 163.291,
          "Actual Rows": 4,
          "Actual Loops": 1,
          "Workers Planned": 3,
          "Workers Launched": 3,
          "Single Copy": false,
          "Plans": [
            {
              "Node Type": "Aggregate",
              "Strategy": "Plain",
              "Partial Mode": "Partial",
              "Parent Relationship": "Outer",
              "Parallel Aware": false,
              "Startup Cost": 44878.18,
              "Total Cost": 44878.19,
              "Plan Rows": 1,
              "Plan Width": 8,
              "Actual Startup Time": 147.477,
              "Actual Total Time": 147.479,
              "Actual Rows": 1,
              "Actual Loops": 4,
              "Plans": [
                {
                  "Node Type": "Seq Scan",
                  "Parent Relationship": "Outer",
                  "Parallel Aware": true,
                  "Relation Name": "movie_keyword",
                  "Alias": "mk",
                  "Startup Cost": 0.0,
                  "Total Cost": 42695.65,
                  "Plan Rows": 873012,
                  "Plan Width": 0,
                  "Actual Startup Time": 0.046,
                  "Actual Total Time": 116.55,
                  "Actual Rows": 674390,
                  "Actual Loops": 4,
                  "Filter": "(keyword_id < 7634)",
                  "Rows Removed by Filter": 456592
                }
              ]
            }
          ]
        }
      ]
    },
    "Planning Time": 0.119,
    "Triggers": [],
    "Execution Time": 163.338
  }
]