[
  {
    "Plan": {
      "Node Type": "Aggregate",
      "Strategy": "Plain",
      "Partial Mode": "Finalize",
      "Parallel Aware": false,
      "Startup Cost": 67088.35,
      "Total Cost": 67088.36,
      "Plan Rows": 1,
      "Plan Width": 8,
      "Actual Startup Time": 107.286,
      "Actual Total Time": 121.04,
      "Actual Rows": 1,
      "Actual Loops": 1,
      "Plans": [
        {
          "Node Type": "Gather",
          "Parent Relationship": "Outer",
          "Parallel Aware": false,
          "Startup Cost": 67087.93,
          "Total Cost": 67088.34,
          "Plan Rows": 4,
          "Plan Width": 8,
          "Actual Startup Time": 107.16,
          "Actual Total Time": 121.031,
          "Actual Rows": 5,
          "Actual Loops": 1,
          "Workers Planned": 4,
          "Workers Launched": 4,
          "Single Copy": false,
          "Plans": [
            {
              "Node Type": "Aggregate",
              "Strategy": "Plain",
              "Partial Mode": "Partial",
              "Parent Relationship": "Outer",
              "Parallel Aware": false,
              "Startup Cost": 66087.93,
              "Total Cost": 66087.94,
              "Plan Rows": 1,
              "Plan Width": 8,
              "Actual Startup Time": 97.564,
              "Actual Total Time": 97.565,
              "Actual Rows": 1,
              "Actual Loops": 5,
              "Plans": [
                {
                  "Node Type": "Nested Loop",
                  "Parent Relationship": "Outer",
                  "Parallel Aware": false,
                  "Join Type": "Inner",
                  "Startup Cost": 0.43,
                  "Total Cost": 66085.72,
                  "Plan Rows": 884,
                  "Plan Width": 0,
                  "Actual Startup Time": 1.579,
                  "Actual Total Time": 97.406,
                  "Actual Rows": 1302,
                  "Actual Loops": 5,
                  "Inner Unique": false,
                  "Plans": [
                    {
                      "Node Type": "Seq Scan",
                      "Parent Relationship": "Outer",
                      "Parallel Aware": true,
                      "Relation Name": "title",
                      "Alias": "t",
                      "Startup Cost": 0.0,
                      "Total Cost": 43898.92,
                      "Plan Rows": 1833,
                      "Plan Width": 4,
                      "Actual Startup Time": 0.611,
                      "Actual Total Time": 81.412,
                      "Actual Rows": 1440,
                      "Actual Loops": 5,
                      "Filter": "(production_year = 1954)",
                      "Rows Removed by Filter": 504223
                    },
                    {
                      "Node Type": "Index Scan",
                      "Parent Relationship": "Inner",
                      "Parallel Aware": false,
                      "Scan Direction": "Forward",
                      "Index Name": "movie_id_movie_companies",
                      "Relation Name": "movie_companies",
                      "Alias": "mc",
                      "Startup Cost": 0.43,
                      "Total Cost": 12.07,
                      "Plan Rows": 3,
                      "Plan Width": 4,
                      "Actual Startup Time": 0.009,
                      "Actual Total Time": 0.01,
                      "Actual Rows": 1,
                      "Actual Loops": 7199,
                      "Index Cond": "(movie_id = t.id)",
                      "Rows Removed by Index Recheck": 0,
                      "Filter": "((company_id < 142616) AND (company_type_id = 1))",
                      "Rows Removed by Filter": 1
                    }
                  ]
                }
              ]
            }
          ]
        }
      ]
    },
    "Planning Time": 0.718,
    "Triggers": [],
    "Execution Time": 121.115
  }
]