[
  {
    "Plan": {
      "Node Type": "Aggregate",
      "Strategy": "Plain",
      "Partial Mode": "Finalize",
      "Parallel Aware": false,
      "Startup Cost": 31677.31,
      "Total Cost": 31677.32,
      "Plan Rows": 1,
      "Plan Width": 8,
      "Actual Startup Time": 111.213,
      "Actual Total Time": 121.042,
      "Actual Rows": 1,
      "Actual Loops": 1,
      "Plans": [
        {
          "Node Type": "Gather",
          "Parent Relationship": "Outer",
          "Parallel Aware": false,
          "Startup Cost": 31676.99,
          "Total Cost": 31677.3,
          "Plan Rows": 3,
          "Plan Width": 8,
          "Actual Startup Time": 111.086,
          "Actual Total Time": 121.032,
          "Actual Rows": 4,
          "Actual Loops": 1,
          "Workers Planned": 3,
          "Workers Launched": 3,
          "Single Copy": false,
          "Plans": [
            {
              "Node Type": "Aggregate",
              "Strategy": "Plain",
              "Partial Mode": "Partial",
              "Parent Relationship": "Outer",
              "Parallel Aware": false,
              "Startup Cost": 30676.99,
              "Total Cost": 30677.0,
              "Plan Rows": 1,
              "Plan Width": 8,
              "Actual Startup Time": 106.828,
              "Actual Total Time": 106.829,
              "Actual Rows": 1,
              "Actual Loops": 4,
              "Plans": [
                {
                  "Node Type": "Seq Scan",
                  "Parent Relationship": "Outer",
                  "Parallel Aware": true,
                  "Relation Name": "movie_companies",
                  "Alias": "mc",
                  "Startup Cost": 0.0,
                  "Total Cost": 29310.68,
                  "Plan Rows": 546525,
                  "Plan Width": 0,
                  "Actual Startup Time": 0.871,
                  "Actual Total Time": 85.34,
                  "Actual Rows": 423678,
                  "Actual Loops": 4,
                  "Filter": "(company_id > 3099)",
                  "Rows Removed by Filter": 228604
                }
              ]
            }
          ]
        }
      ]
    },
    "Planning Time": 0.089,
    "Triggers": [],
    "Execution Time": 121.084
  }
]