[
  {
    "Plan": {
      "Node Type": "Aggregate",
      "Strategy": "Plain",
      "Partial Mode": "Finalize",
      "Parallel Aware": false,
      "Startup Cost": 346098.05,
      "Total Cost": 346098.06,
      "Plan Rows": 1,
      "Plan Width": 8,
      "Actual Startup Time": 775.939,
      "Actual Total Time": 819.925,
      "Actual Rows": 1,
      "Actual Loops": 1,
      "Plans": [
        {
          "Node Type": "Gather",
          "Parent Relationship": "Outer",
          "Parallel Aware": false,
          "Startup Cost": 346097.42,
          "Total Cost": 346098.03,
          "Plan Rows": 6,
          "Plan Width": 8,
          "Actual Startup Time": 775.741,
          "Actual Total Time": 819.914,
          "Actual Rows": 7,
          "Actual Loops": 1,
          "Workers Planned": 6,
          "Workers Launched": 6,
          "Single Copy": false,
          "Plans": [
            {
              "Node Type": "Aggregate",
              "Strategy": "Plain",
              "Partial Mode": "Partial",
              "Parent Relationship": "Outer",
              "Parallel Aware": false,
              "Startup Cost": 345097.42,
              "Total Cost": 345097.43,
              "Plan Rows": 1,
              "Plan Width": 8,
              "Actual Startup Time": 766.754,
              "Actual Total Time": 766.755,
              "Actual Rows": 1,
              "Actual Loops": 7,
              "Plans": [
                {
                  "Node Type": "Seq Scan",
                  "Parent Relationship": "Outer",
                  "Parallel Aware": true,
                  "Relation Name": "cast_info",
                  "Alias": "ci",
                  "Startup Cost": 0.0,
                  "Total Cost": 343316.27,
                  "Plan Rows": 712460,
                  "Plan Width": 0,
                  "Actual Startup Time": 374.144,
                  "Actual Total Time": 694.578,
                  "Actual Rows": 1366943,
                  "Actual Loops": 7,
                  "Filter": "((person_id > 2749608) AND (role_id > 2))",
                  "Rows Removed by Filter": 3810820
                }
              ]
            }
          ]
        }
      ]
    },
    "Planning Time": 0.231,
    "Triggers": [],
    "Execution Time": 819.998
  }
]