[
  {
    "Plan": {
      "Node Type": "Aggregate",
      "Strategy": "Plain",
      "Partial Mode": "Finalize",
      "Parallel Aware": false,
      "Startup Cost": 346078.44,
      "Total Cost": 346078.45,
      "Plan Rows": 1,
      "Plan Width": 8,
      "Actual Startup Time": 653.661,
      "Actual Total Time": 711.783,
      "Actual Rows": 1,
      "Actual Loops": 1,
      "Plans": [
        {
          "Node Type": "Gather",
          "Parent Relationship": "Outer",
          "Parallel Aware": false,
          "Startup Cost": 346077.81,
          "Total Cost": 346078.42,
          "Plan Rows": 6,
          "Plan Width": 8,
          "Actual Startup Time": 653.541,
          "Actual Total Time": 711.771,
          "Actual Rows": 7,
          "Actual Loops": 1,
          "Workers Planned": 6,
          "Workers Launched": 6,
          "Single Copy": false,
          "Plans": [
            {
              "Node Type": "Aggregate",
              "Strategy": "Plain",
              "Partial Mode": "Partial",
              "Parent Relationship": "Outer",
              "Parallel Aware": false,
              "Startup Cost": 345077.81,
              "Total Cost": 345077.82,
              "Plan Rows": 1,
              "Plan Width": 8,
              "Actual Startup Time": 643.918,
              "Actual Total Time": 643.919,
              "Actual Rows": 1,
              "Actual Loops": 7,
              "Plans": [
                {
                  "Node Type": "Seq Scan",
                  "Parent Relationship": "Outer",
                  "Parallel Aware": true,
                  "Relation Name": "cast_info",
                  "Alias": "ci",
                  "Startup Cost": 0.0,
                  "Total Cost": 343257.03,
                  "Plan Rows": 728314,
                  "Plan Width": 0,
                  "Actual Startup Time": 321.065,
                  "Actual Total Time": 589.735,
                  "Actual Rows": 1366943,
                  "Actual Loops": 7,
                  "Filter": "((person_id > 2749608) AND (role_id > 2))",
                  "Rows Removed by Filter": 3810820
                }
              ]
            }
          ]
        }
      ]
    },
    "Planning Time": 0.177,
    "Triggers": [],
    "Execution Time": 711.838
  }
]