[
  {
    "Plan": {
      "Node Type": "Aggregate",
      "Strategy": "Plain",
      "Partial Mode": "Finalize",
      "Parallel Aware": false,
      "Startup Cost": 239603.77,
      "Total Cost": 239603.78,
      "Plan Rows": 1,
      "Plan Width": 8,
      "Actual Startup Time": 1917.252,
      "Actual Total Time": 2006.112,
      "Actual Rows": 1,
      "Actual Loops": 1,
      "Plans": [
        {
          "Node Type": "Gather",
          "Parent Relationship": "Outer",
          "Parallel Aware": false,
          "Startup Cost": 239603.46,
          "Total Cost": 239603.77,
          "Plan Rows": 3,
          "Plan Width": 8,
          "Actual Startup Time": 1908.638,
          "Actual Total Time": 2006.096,
          "Actual Rows": 4,
          "Actual Loops": 1,
          "Workers Planned": 3,
          "Workers Launched": 3,
          "Single Copy": false,
          "Plans": [
            {
              "Node Type": "Aggregate",
              "Strategy": "Plain",
              "Partial Mode": "Partial",
              "Parent Relationship": "Outer",
              "Parallel Aware": false,
              "Startup Cost": 238603.46,
              "Total Cost": 238603.47,
              "Plan Rows": 1,
              "Plan Width": 8,
              "Actual Startup Time": 1899.589,
              "Actual Total Time": 1899.596,
              "Actual Rows": 1,
              "Actual Loops": 4,
              "Plans": [
                {
                  "Node Type": "Nested Loop",
                  "Parent Relationship": "Outer",
                  "Parallel Aware": false,
                  "Join Type": "Inner",
                  "Startup Cost": 50159.51,
                  "Total Cost": 237760.88,
                  "Plan Rows": 337032,
                  "Plan Width": 0,
                  "Actual Startup Time": 250.782,
                  "Actual Total Time": 1861.659,
                  "Actual Rows": 763535,
                  "Actual Loops": 4,
                  "Inner Unique": false,
                  "Plans": [
                    {
                      "Node Type": "Hash Join",
                      "Parent Relationship": "Outer",
                      "Parallel Aware": true,
                      "Join Type": "Inner",
                      "Startup Cost": 50158.95,
                      "Total Cost": 81859.61,
                      "Plan Rows": 64488,
                      "Plan Width": 8,
                      "Actual Startup Time": 250.691,
                      "Actual Total Time": 375.382,
                      "Actual Rows": 67806,
                      "Actual Loops": 4,
                      "Inner Unique": true,
                      "Hash Cond": "(mc.movie_id = t.id)",
                      "Plans": [
                        {
                          "Node Type": "Seq Scan",
                          "Parent Relationship": "Outer",
                          "Parallel Aware": true,
                          "Relation Name": "movie_companies",
                          "Alias": "mc",
                          "Startup Cost": 0.0,
                          "Total Cost": 31414.82,
                          "Plan Rows": 108891,
                          "Plan Width": 4,
                          "Actual Startup Time": 0.01,
                          "Actual Total Time": 62.614,
                          "Actual Rows": 122580,
                          "Actual Loops": 4,
                          "Filter": "((company_id < 1220) AND (company_type_id < 2))",
                          "Rows Removed by Filter": 529703
                        },
                        {
                          "Node Type": "Hash",
                          "Parent Relationship": "Inner",
                          "Parallel Aware": true,
                          "Startup Cost": 45479.59,
                          "Total Cost": 45479.59,
                          "Plan Rows": 374349,
                          "Plan Width": 4,
                          "Actual Startup Time": 245.434,
                          "Actual Total Time": 245.436,
                          "Actual Rows": 369610,
                          "Actual Loops": 4,
                          "Hash Buckets": 2097152,
                          "Original Hash Buckets": 2097152,
                          "Hash Batches": 1,
                          "Original Hash Batches": 1,
                          "Peak Memory Usage": 74304,
                          "Plans": [
                            {
                              "Node Type": "Seq Scan",
                              "Parent Relationship": "Outer",
                              "Parallel Aware": true,
                              "Relation Name": "title",
                              "Alias": "t",
                              "Startup Cost": 0.0,
                              "Total Cost": 45479.59,
                              "Plan Rows": 374349,
                              "Plan Width": 4,
                              "Actual Startup Time": 0.04,
                              "Actual Total Time": 108.648,
                              "Actual Rows": 369610,
                              "Actual Loops": 4,
                              "Filter": "((production_year > 0) AND (kind_id = 7))",
                              "Rows Removed by Filter": 262468
                            }
                          ]
                        }
                      ]
                    },
                    {
                      "Node Type": "Index Scan",
                      "Parent Relationship": "Inner",
                      "Parallel Aware": false,
                      "Scan Direction": "Forward",
                      "Index Name": "movie_id_cast_info",
                      "Relation Name": "cast_info",
                      "Alias": "ci",
                      "Startup Cost": 0.56,
                      "Total Cost": 2.29,
                      "Plan Rows": 13,
                      "Plan Width": 4,
                      "Actual Startup Time": 0.003,
                      "Actual Total Time": 0.021,
                      "Actual Rows": 11,
                      "Actual Loops": 271223,
                      "Index Cond": "(movie_id = t.id)",
                      "Rows Removed by Index Recheck": 0,
                      "Filter": "(person_id < 1313546)",
                      "Rows Removed by Filter": 21
                    }
                  ]
                }
              ]
            }
          ]
        }
      ]
    },
    "Planning Time": 0.636,
    "Triggers": [],
    "Execution Time": 2006.184
  }
]