{
  "Plan": {
    "Node Type": "Aggregate",
    "Strategy": "Plain",
    "Partial Mode": "Simple",
    "Parallel Aware": false,
    "Startup Cost": 1101936.14,
    "Total Cost": 1101936.15,
    "Plan Rows": 1,
    "Plan Width": 128,
    "Actual Startup Time": 3763.035,
    "Actual Total Time": 3862.082,
    "Actual Rows": 1,
    "Actual Loops": 1,
    "Plans": [
      {
        "Node Type": "Gather",
        "Parent Relationship": "Outer",
        "Parallel Aware": false,
        "Startup Cost": 1045486.84,
        "Total Cost": 1101936.13,
        "Plan Rows": 1,
        "Plan Width": 81,
        "Actual Startup Time": 3588.137,
        "Actual Total Time": 3861.339,
        "Actual Rows": 4407,
        "Actual Loops": 1,
        "Workers Planned": 1,
        "Workers Launched": 1,
        "Single Copy": false,
        "Plans": [
          {
            "Node Type": "Hash Join",
            "Parent Relationship": "Outer",
            "Parallel Aware": true,
            "Join Type": "Inner",
            "Startup Cost": 1044486.84,
            "Total Cost": 1100936.03,
            "Plan Rows": 1,
            "Plan Width": 81,
            "Actual Startup Time": 3616.125,
            "Actual Total Time": 3752.985,
            "Actual Rows": 2204,
            "Actual Loops": 2,
            "Inner Unique": false,
            "Hash Cond": "(t.id = ci.movie_id)",
            "Plans": [
              {
                "Node Type": "Seq Scan",
                "Parent Relationship": "Outer",
                "Parallel Aware": true,
                "Relation Name": "title",
                "Alias": "t",
                "Startup Cost": 0.0,
                "Total Cost": 50871.58,
                "Plan Rows": 1487358,
                "Plan Width": 21,
                "Actual Startup Time": 0.007,
                "Actual Total Time": 113.836,
                "Actual Rows": 1264156,
                "Actual Loops": 2
              },
              {
                "Node Type": "Hash",
                "Parent Relationship": "Inner",
                "Parallel Aware": true,
                "Startup Cost": 1044486.83,
                "Total Cost": 1044486.83,
                "Plan Rows": 1,
                "Plan Width": 80,
                "Actual Startup Time": 3535.725,
                "Actual Total Time": 3535.744,
                "Actual Rows": 2204,
                "Actual Loops": 2,
                "Hash Buckets": 4096,
                "Original Hash Buckets": 1024,
                "Hash Batches": 1,
                "Original Hash Batches": 1,
                "Peak Memory Usage": 440,
                "Plans": [
                  {
                    "Node Type": "Hash Join",
                    "Parent Relationship": "Outer",
                    "Parallel Aware": true,
                    "Join Type": "Inner",
                    "Startup Cost": 954377.13,
                    "Total Cost": 1044486.83,
                    "Plan Rows": 1,
                    "Plan Width": 80,
                    "Actual Startup Time": 3222.308,
                    "Actual Total Time": 3518.788,
                    "Actual Rows": 2204,
                    "Actual Loops": 2,
                    "Inner Unique": false,
                    "Hash Cond": "(n.id = ci.person_id)",
                    "Plans": [
                      {
                        "Node Type": "Seq Scan",
                        "Parent Relationship": "Outer",
                        "Parallel Aware": true,
                        "Relation Name": "name",
                        "Alias": "n",
                        "Startup Cost": 0.0,
                        "Total Cost": 86255.48,
                        "Plan Rows": 1027789,
                        "Plan Width": 19,
                        "Actual Startup Time": 0.022,
                        "Actual Total Time": 230.392,
                        "Actual Rows": 869790,
                        "Actual Loops": 2,
                        "Filter": "((gender)::text = 'm'::text)",
                        "Rows Removed by Filter": 1213956
                      },
                      {
                        "Node Type": "Hash",
                        "Parent Relationship": "Inner",
                        "Parallel Aware": true,
                        "Startup Cost": 954377.12,
                        "Total Cost": 954377.12,
                        "Plan Rows": 1,
                        "Plan Width": 69,
                        "Actual Startup Time": 3221.792,
                        "Actual Total Time": 3221.809,
                        "Actual Rows": 3556,
                        "Actual Loops": 2,
                        "Hash Buckets": 8192,
                        "Original Hash Buckets": 1024,
                        "Hash Batches": 1,
                        "Original Hash Batches": 1,
                        "Peak Memory Usage": 600,
                        "Plans": [
                          {
                            "Node Type": "Hash Join",
                            "Parent Relationship": "Outer",
                            "Parallel Aware": false,
                            "Join Type": "Inner",
                            "Startup Cost": 682990.17,
                            "Total Cost": 954377.12,
                            "Plan Rows": 1,
                            "Plan Width": 69,
                            "Actual Startup Time": 3142.345,
                            "Actual Total Time": 3216.302,
                            "Actual Rows": 3556,
                            "Actual Loops": 2,
                            "Inner Unique": true,
                            "Hash Cond": "(mi.info_type_id = it1.id)",
                            "Plans": [
                              {
                                "Node Type": "Hash Join",
                                "Parent Relationship": "Outer",
                                "Parallel Aware": true,
                                "Join Type": "Inner",
                                "Startup Cost": 682987.74,
                                "Total Cost": 954374.69,
                                "Plan Rows": 1,
                                "Plan Width": 73,
                                "Actual Startup Time": 2976.483,
                                "Actual Total Time": 3215.604,
                                "Actual Rows": 3870,
                                "Actual Loops": 2,
                                "Inner Unique": false,
                                "Hash Cond": "(mi.movie_id = ci.movie_id)",
                                "Plans": [
                                  {
                                    "Node Type": "Seq Scan",
                                    "Parent Relationship": "Outer",
                                    "Parallel Aware": true,
                                    "Relation Name": "movie_info",
                                    "Alias": "mi",
                                    "Startup Cost": 0.0,
                                    "Total Cost": 271320.25,
                                    "Plan Rows": 17784,
                                    "Plan Width": 51,
                                    "Actual Startup Time": 410.735,
                                    "Actual Total Time": 645.458,
                                    "Actual Rows": 15400,
                                    "Actual Loops": 2,
                                    "Filter": "(info = 'Horror'::text)",
                                    "Rows Removed by Filter": 7402460
                                  },
                                  {
                                    "Node Type": "Hash",
                                    "Parent Relationship": "Inner",
                                    "Parallel Aware": true,
                                    "Startup Cost": 682987.72,
                                    "Total Cost": 682987.72,
                                    "Plan Rows": 2,
                                    "Plan Width": 22,
                                    "Actual Startup Time": 2565.444,
                                    "Actual Total Time": 2565.456,
                                    "Actual Rows": 15138,
                                    "Actual Loops": 2,
                                    "Hash Buckets": 32768,
                                    "Original Hash Buckets": 1024,
                                    "Hash Batches": 1,
                                    "Original Hash Batches": 1,
                                    "Peak Memory Usage": 2200,
                                    "Plans": [
                                      {
                                        "Node Type": "Hash Join",
                                        "Parent Relationship": "Outer",
                                        "Parallel Aware": false,
                                        "Join Type": "Inner",
                                        "Startup Cost": 663889.2,
                                        "Total Cost": 682987.72,
                                        "Plan Rows": 2,
                                        "Plan Width": 22,
                                        "Actual Startup Time": 2427.717,
                                        "Actual Total Time": 2547.572,
                                        "Actual Rows": 15138,
                                        "Actual Loops": 2,
                                        "Inner Unique": true,
                                        "Hash Cond": "(mi_idx.info_type_id = it2.id)",
                                        "Plans": [
                                          {
                                            "Node Type": "Hash Join",
                                            "Parent Relationship": "Outer",
                                            "Parallel Aware": true,
                                            "Join Type": "Inner",
                                            "Startup Cost": 663886.78,
                                            "Total Cost": 682984.82,
                                            "Plan Rows": 170,
                                            "Plan Width": 26,
                                            "Actual Startup Time": 2427.64,
                                            "Actual Total Time": 2543.697,
                                            "Actual Rows": 45570,
                                            "Actual Loops": 2,
                                            "Inner Unique": false,
                                            "Hash Cond": "(mi_idx.movie_id = ci.movie_id)",
                                            "Plans": [
                                              {
                                                "Node Type": "Seq Scan",
                                                "Parent Relationship": "Outer",
                                                "Parallel Aware": true,
                                                "Relation Name": "movie_info_idx",
                                                "Alias": "mi_idx",
                                                "Startup Cost": 0.0,
                                                "Total Cost": 16052.85,
                                                "Plan Rows": 811785,
                                                "Plan Width": 14,
                                                "Actual Startup Time": 0.023,
                                                "Actual Total Time": 53.033,
                                                "Actual Rows": 690018,
                                                "Actual Loops": 2
                                              },
                                              {
                                                "Node Type": "Hash",
                                                "Parent Relationship": "Inner",
                                                "Parallel Aware": true,
                                                "Startup Cost": 663885.29,
                                                "Total Cost": 663885.29,
                                                "Plan Rows": 119,
                                                "Plan Width": 12,
                                                "Actual Startup Time": 2426.962,
                                                "Actual Total Time": 2426.969,
                                                "Actual Rows": 16813,
                                                "Actual Loops": 2,
                                                "Hash Buckets": 32768,
                                                "Original Hash Buckets": 1024,
                                                "Hash Batches": 1,
                                                "Original Hash Batches": 1,
                                                "Peak Memory Usage": 2104,
                                                "Plans": [
                                                  {
                                                    "Node Type": "Hash Join",
                                                    "Parent Relationship": "Outer",
                                                    "Parallel Aware": true,
                                                    "Join Type": "Inner",
                                                    "Startup Cost": 61181.62,
                                                    "Total Cost": 663885.29,
                                                    "Plan Rows": 119,
                                                    "Plan Width": 12,
                                                    "Actual Startup Time": 1521.824,
                                                    "Actual Total Time": 2404.418,
                                                    "Actual Rows": 16813,
                                                    "Actual Loops": 2,
                                                    "Inner Unique": false,
                                                    "Hash Cond": "(ci.movie_id = mk.movie_id)",
                                                    "Plans": [
                                                      {
                                                        "Node Type": "Seq Scan",
                                                        "Parent Relationship": "Outer",
                                                        "Parallel Aware": true,
                                                        "Relation Name": "cast_info",
                                                        "Alias": "ci",
                                                        "Startup Cost": 0.0,
                                                        "Total Cost": 599269.14,
                                                        "Plan Rows": 686766,
                                                        "Plan Width": 8,
                                                        "Actual Startup Time": 95.363,
                                                        "Actual Total Time": 1892.107,
                                                        "Actual Rows": 622358,
                                                        "Actual Loops": 2,
                                                        "Filter": "(note = ANY ('{(writer),\"(head writer)\",\"(written by)\",(story),\"(story editor)\"}'::text[]))",
                                                        "Rows Removed by Filter": 17499814
                                                      },
                                                      {
                                                        "Node Type": "Hash",
                                                        "Parent Relationship": "Inner",
                                                        "Parallel Aware": true,
                                                        "Startup Cost": 61180.38,
                                                        "Total Cost": 61180.38,
                                                        "Plan Rows": 99,
                                                        "Plan Width": 4,
                                                        "Actual Startup Time": 431.769,
                                                        "Actual Total Time": 431.773,
                                                        "Actual Rows": 31048,
                                                        "Actual Loops": 2,
                                                        "Hash Buckets": 65536,
                                                        "Original Hash Buckets": 1024,
                                                        "Hash Batches": 1,
                                                        "Original Hash Batches": 1,
                                                        "Peak Memory Usage": 3480,
                                                        "Plans": [
                                                          {
                                                            "Node Type": "Hash Join",
                                                            "Parent Relationship": "Outer",
                                                            "Parallel Aware": false,
                                                            "Join Type": "Inner",
                                                            "Startup Cost": 3129.33,
                                                            "Total Cost": 61180.38,
                                                            "Plan Rows": 99,
                                                            "Plan Width": 4,
                                                            "Actual Startup Time": 37.825,
                                                            "Actual Total Time": 404.422,
                                                            "Actual Rows": 31048,
                                                            "Actual Loops": 2,
                                                            "Inner Unique": true,
                                                            "Hash Cond": "(mk.keyword_id = k.id)",
                                                            "Plans": [
                                                              {
                                                                "Node Type": "Seq Scan",
                                                                "Parent Relationship": "Outer",
                                                                "Parallel Aware": true,
                                                                "Relation Name": "movie_keyword",
                                                                "Alias": "mk",
                                                                "Startup Cost": 0.0,
                                                                "Total Cost": 51065.35,
                                                                "Plan Rows": 2661135,
                                                                "Plan Width": 8,
                                                                "Actual Startup Time": 0.029,
                                                                "Actual Total Time": 190.12,
                                                                "Actual Rows": 2261965,
                                                                "Actual Loops": 2
                                                              },
                                                              {
                                                                "Node Type": "Hash",
                                                                "Parent Relationship": "Inner",
                                                                "Parallel Aware": false,
                                                                "Startup Cost": 3129.26,
                                                                "Total Cost": 3129.26,
                                                                "Plan Rows": 5,
                                                                "Plan Width": 4,
                                                                "Actual Startup Time": 37.647,
                                                                "Actual Total Time": 37.648,
                                                                "Actual Rows": 5,
                                                                "Actual Loops": 2,
                                                                "Hash Buckets": 1024,
                                                                "Original Hash Buckets": 1024,
                                                                "Hash Batches": 1,
                                                                "Original Hash Batches": 1,
                                                                "Peak Memory Usage": 9,
                                                                "Plans": [
                                                                  {
                                                                    "Node Type": "Seq Scan",
                                                                    "Parent Relationship": "Outer",
                                                                    "Parallel Aware": false,
                                                                    "Relation Name": "keyword",
                                                                    "Alias": "k",
                                                                    "Startup Cost": 0.0,
                                                                    "Total Cost": 3129.26,
                                                                    "Plan Rows": 5,
                                                                    "Plan Width": 4,
                                                                    "Actual Startup Time": 1.871,
                                                                    "Actual Total Time": 37.634,
                                                                    "Actual Rows": 5,
                                                                    "Actual Loops": 2,
                                                                    "Filter": "(keyword = ANY ('{murder,blood,gore,death,female-nudity}'::text[]))",
                                                                    "Rows Removed by Filter": 134165
                                                                  }
                                                                ]
                                                              }
                                                            ]
                                                          }
                                                        ]
                                                      }
                                                    ]
                                                  }
                                                ]
                                              }
                                            ]
                                          },
                                          {
                                            "Node Type": "Hash",
                                            "Parent Relationship": "Inner",
                                            "Parallel Aware": false,
                                            "Startup Cost": 2.41,
                                            "Total Cost": 2.41,
                                            "Plan Rows": 1,
                                            "Plan Width": 4,
                                            "Actual Startup Time": 0.045,
                                            "Actual Total Time": 0.046,
                                            "Actual Rows": 1,
                                            "Actual Loops": 2,
                                            "Hash Buckets": 1024,
                                            "Original Hash Buckets": 1024,
                                            "Hash Batches": 1,
                                            "Original Hash Batches": 1,
                                            "Peak Memory Usage": 9,
                                            "Plans": [
                                              {
                                                "Node Type": "Seq Scan",
                                                "Parent Relationship": "Outer",
                                                "Parallel Aware": false,
                                                "Relation Name": "info_type",
                                                "Alias": "it2",
                                                "Startup Cost": 0.0,
                                                "Total Cost": 2.41,
                                                "Plan Rows": 1,
                                                "Plan Width": 4,
                                                "Actual Startup Time": 0.032,
                                                "Actual Total Time": 0.036,
                                                "Actual Rows": 1,
                                                "Actual Loops": 2,
                                                "Filter": "((info)::text = 'votes'::text)",
                                                "Rows Removed by Filter": 112
                                              }
                                            ]
                                          }
                                        ]
                                      }
                                    ]
                                  }
                                ]
                              },
                              {
                                "Node Type": "Hash",
                                "Parent Relationship": "Inner",
                                "Parallel Aware": false,
                                "Startup Cost": 2.41,
                                "Total Cost": 2.41,
                                "Plan Rows": 1,
                                "Plan Width": 4,
                                "Actual Startup Time": 0.098,
                                "Actual Total Time": 0.099,
                                "Actual Rows": 1,
                                "Actual Loops": 2,
                                "Hash Buckets": 1024,
                                "Original Hash Buckets": 1024,
                                "Hash Batches": 1,
                                "Original Hash Batches": 1,
                                "Peak Memory Usage": 9,
                                "Plans": [
                                  {
                                    "Node Type": "Seq Scan",
                                    "Parent Relationship": "Outer",
                                    "Parallel Aware": false,
                                    "Relation Name": "info_type",
                                    "Alias": "it1",
                                    "Startup Cost": 0.0,
                                    "Total Cost": 2.41,
                                    "Plan Rows": 1,
                                    "Plan Width": 4,
                                    "Actual Startup Time": 0.06,
                                    "Actual Total Time": 0.081,
                                    "Actual Rows": 1,
                                    "Actual Loops": 2,
                                    "Filter": "((info)::text = 'genres'::text)",
                                    "Rows Removed by Filter": 112
                                  }
                                ]
                              }
                            ]
                          }
                        ]
                      }
                    ]
                  }
                ]
              }
            ]
          }
        ]
      }
    ]
  },
  "Planning Time": 2.131,
  "Triggers": [],
  "Execution Time": 3862.301
}