[
  {
    "Plan": {
      "Node Type": "Aggregate",
      "Strategy": "Plain",
      "Partial Mode": "Finalize",
      "Parallel Aware": false,
      "Startup Cost": 81677.74,
      "Total Cost": 81677.75,
      "Plan Rows": 1,
      "Plan Width": 8,
      "Actual Startup Time": 455.647,
      "Actual Total Time": 472.827,
      "Actual Rows": 1,
      "Actual Loops": 1,
      "Plans": [
        {
          "Node Type": "Gather",
          "Parent Relationship": "Outer",
          "Parallel Aware": false,
          "Startup Cost": 81677.42,
          "Total Cost": 81677.73,
          "Plan Rows": 3,
          "Plan Width": 8,
          "Actual Startup Time": 446.721,
          "Actual Total Time": 472.815,
          "Actual Rows": 4,
          "Actual Loops": 1,
          "Workers Planned": 3,
          "Workers Launched": 3,
          "Single Copy": false,
          "Plans": [
            {
              "Node Type": "Aggregate",
              "Strategy": "Plain",
              "Partial Mode": "Partial",
              "Parent Relationship": "Outer",
              "Parallel Aware": false,
              "Startup Cost": 80677.42,
              "Total Cost": 80677.43,
              "Plan Rows": 1,
              "Plan Width": 8,
              "Actual Startup Time": 439.398,
              "Actual Total Time": 439.403,
              "Actual Rows": 1,
              "Actual Loops": 4,
              "Plans": [
                {
                  "Node Type": "Hash Join",
                  "Parent Relationship": "Outer",
                  "Parallel Aware": true,
                  "Join Type": "Inner",
                  "Startup Cost": 48235.85,
                  "Total Cost": 80324.96,
                  "Plan Rows": 140983,
                  "Plan Width": 0,
                  "Actual Startup Time": 300.043,
                  "Actual Total Time": 435.776,
                  "Actual Rows": 58747,
                  "Actual Loops": 4,
                  "Inner Unique": true,
                  "Hash Cond": "(mc.movie_id = t.id)",
                  "Plans": [
                    {
                      "Node Type": "Seq Scan",
                      "Parent Relationship": "Outer",
                      "Parallel Aware": true,
                      "Relation Name": "movie_companies",
                      "Alias": "mc",
                      "Startup Cost": 0.0,
                      "Total Cost": 31414.82,
                      "Plan Rows": 256875,
                      "Plan Width": 4,
                      "Actual Startup Time": 2.611,
                      "Actual Total Time": 86.688,
                      "Actual Rows": 146208,
                      "Actual Loops": 4,
                      "Filter": "((company_id > 4430) AND (company_type_id = 1))",
                      "Rows Removed by Filter": 506074
                    },
                    {
                      "Node Type": "Hash",
                      "Parent Relationship": "Inner",
                      "Parallel Aware": true,
                      "Startup Cost": 43899.32,
                      "Total Cost": 43899.32,
                      "Plan Rows": 346922,
                      "Plan Width": 4,
                      "Actual Startup Time": 292.071,
                      "Actual Total Time": 292.073,
                      "Actual Rows": 345363,
                      "Actual Loops": 4,
                      "Hash Buckets": 2097152,
                      "Original Hash Buckets": 2097152,
                      "Hash Batches": 1,
                      "Original Hash Batches": 1,
                      "Peak Memory Usage": 70496,
                      "Plans": [
                        {
                          "Node Type": "Seq Scan",
                          "Parent Relationship": "Outer",
                          "Parallel Aware": true,
                          "Relation Name": "title",
                          "Alias": "t",
                          "Startup Cost": 0.0,
                          "Total Cost": 43899.32,
                          "Plan Rows": 346922,
                          "Plan Width": 4,
                          "Actual Startup Time": 0.045,
                          "Actual Total Time": 135.697,
                          "Actual Rows": 345363,
                          "Actual Loops": 4,
                          "Filter": "(production_year > 2000)",
                          "Rows Removed by Filter": 286715
                        }
                      ]
                    }
                  ]
                }
              ]
            }
          ]
        }
      ]
    },
    "Planning Time": 0.335,
    "Triggers": [],
    "Execution Time": 472.877
  }
]