{
  "Plan": {
    "Node Type": "Aggregate",
    "Strategy": "Plain",
    "Partial Mode": "Finalize",
    "Parallel Aware": false,
    "Startup Cost": 469749.23,
    "Total Cost": 469749.24,
    "Plan Rows": 1,
    "Plan Width": 8,
    "Actual Startup Time": 3427.65,
    "Actual Total Time": 3469.799,
    "Actual Rows": 1,
    "Actual Loops": 1,
    "Plans": [
      {
        "Node Type": "Gather",
        "Parent Relationship": "Outer",
        "Parallel Aware": false,
        "Startup Cost": 469749.11,
        "Total Cost": 469749.22,
        "Plan Rows": 1,
        "Plan Width": 8,
        "Actual Startup Time": 3422.902,
        "Actual Total Time": 3469.79,
        "Actual Rows": 2,
        "Actual Loops": 1,
        "Workers Planned": 1,
        "Workers Launched": 1,
        "Single Copy": false,
        "Plans": [
          {
            "Node Type": "Aggregate",
            "Strategy": "Plain",
            "Partial Mode": "Partial",
            "Parent Relationship": "Outer",
            "Parallel Aware": false,
            "Startup Cost": 468749.11,
            "Total Cost": 468749.12,
            "Plan Rows": 1,
            "Plan Width": 8,
            "Actual Startup Time": 3416.725,
            "Actual Total Time": 3417.864,
            "Actual Rows": 1,
            "Actual Loops": 2,
            "Plans": [
              {
                "Node Type": "Hash Join",
                "Parent Relationship": "Outer",
                "Parallel Aware": true,
                "Join Type": "Inner",
                "Startup Cost": 142585.83,
                "Total Cost": 455448.39,
                "Plan Rows": 5320288,
                "Plan Width": 0,
                "Actual Startup Time": 876.314,
                "Actual Total Time": 3156.728,
                "Actual Rows": 6272638,
                "Actual Loops": 2,
                "Inner Unique": false,
                "Hash Cond": "(mi.movie_id = t.id)",
                "Plans": [
                  {
                    "Node Type": "Seq Scan",
                    "Parent Relationship": "Outer",
                    "Parallel Aware": true,
                    "Relation Name": "movie_info",
                    "Alias": "mi",
                    "Startup Cost": 0.0,
                    "Total Cost": 248955.74,
                    "Plan Rows": 8696274,
                    "Plan Width": 4,
                    "Actual Startup Time": 0.016,
                    "Actual Total Time": 663.879,
                    "Actual Rows": 7417860,
                    "Actual Loops": 2
                  },
                  {
                    "Node Type": "Hash",
                    "Parent Relationship": "Inner",
                    "Parallel Aware": true,
                    "Startup Cost": 131212.43,
                    "Total Cost": 131212.43,
                    "Plan Rows": 909872,
                    "Plan Width": 8,
                    "Actual Startup Time": 862.615,
                    "Actual Total Time": 863.753,
                    "Actual Rows": 425378,
                    "Actual Loops": 2,
                    "Hash Buckets": 2097152,
                    "Original Hash Buckets": 2097152,
                    "Hash Batches": 1,
                    "Original Hash Batches": 1,
                    "Peak Memory Usage": 49696,
                    "Plans": [
                      {
                        "Node Type": "Hash Join",
                        "Parent Relationship": "Outer",
                        "Parallel Aware": true,
                        "Join Type": "Inner",
                        "Startup Cost": 69542.53,
                        "Total Cost": 131212.43,
                        "Plan Rows": 909872,
                        "Plan Width": 8,
                        "Actual Startup Time": 396.318,
                        "Actual Total Time": 772.104,
                        "Actual Rows": 425378,
                        "Actual Loops": 2,
                        "Inner Unique": true,
                        "Hash Cond": "(mk.movie_id = t.id)",
                        "Plans": [
                          {
                            "Node Type": "Seq Scan",
                            "Parent Relationship": "Outer",
                            "Parallel Aware": true,
                            "Relation Name": "movie_keyword",
                            "Alias": "mk",
                            "Startup Cost": 0.0,
                            "Total Cost": 57718.19,
                            "Plan Rows": 1505409,
                            "Plan Width": 4,
                            "Actual Startup Time": 0.014,
                            "Actual Total Time": 192.049,
                            "Actual Rows": 1280794,
                            "Actual Loops": 2,
                            "Filter": "(keyword_id < 6491)",
                            "Rows Removed by Filter": 981171
                          },
                          {
                            "Node Type": "Hash",
                            "Parent Relationship": "Inner",
                            "Parallel Aware": true,
                            "Startup Cost": 58306.47,
                            "Total Cost": 58306.47,
                            "Plan Rows": 898885,
                            "Plan Width": 4,
                            "Actual Startup Time": 389.443,
                            "Actual Total Time": 389.444,
                            "Actual Rows": 819841,
                            "Actual Loops": 2,
                            "Hash Buckets": 2097152,
                            "Original Hash Buckets": 2097152,
                            "Hash Batches": 1,
                            "Original Hash Batches": 1,
                            "Peak Memory Usage": 80544,
                            "Plans": [
                              {
                                "Node Type": "Seq Scan",
                                "Parent Relationship": "Outer",
                                "Parallel Aware": true,
                                "Relation Name": "title",
                                "Alias": "t",
                                "Startup Cost": 0.0,
                                "Total Cost": 58306.47,
                                "Plan Rows": 898885,
                                "Plan Width": 4,
                                "Actual Startup Time": 0.035,
                                "Actual Total Time": 168.224,
                                "Actual Rows": 819841,
                                "Actual Loops": 2,
                                "Filter": "((kind_id > 1) AND (production_year > 1971))",
                                "Rows Removed by Filter": 444315
                              }
                            ]
                          }
                        ]
                      }
                    ]
                  }
                ]
              }
            ]
          }
        ]
      }
    ]
  },
  "Planning Time": 0.572,
  "Triggers": [],
  "Execution Time": 3469.86
}