[
  {
    "Plan": {
      "Node Type": "Aggregate",
      "Strategy": "Plain",
      "Partial Mode": "Finalize",
      "Parallel Aware": false,
      "Startup Cost": 46356.67,
      "Total Cost": 46356.68,
      "Plan Rows": 1,
      "Plan Width": 8,
      "Actual Startup Time": 164.877,
      "Actual Total Time": 173.435,
      "Actual Rows": 1,
      "Actual Loops": 1,
      "Plans": [
        {
          "Node Type": "Gather",
          "Parent Relationship": "Outer",
          "Parallel Aware": false,
          "Startup Cost": 46356.35,
          "Total Cost": 46356.66,
          "Plan Rows": 3,
          "Plan Width": 8,
          "Actual Startup Time": 164.759,
          "Actual Total Time": 173.426,
          "Actual Rows": 4,
          "Actual Loops": 1,
          "Workers Planned": 3,
          "Workers Launched": 3,
          "Single Copy": false,
          "Plans": [
            {
              "Node Type": "Aggregate",
              "Strategy": "Plain",
              "Partial Mode": "Partial",
              "Parent Relationship": "Outer",
              "Parallel Aware": false,
              "Startup Cost": 45356.35,
              "Total Cost": 45356.36,
              "Plan Rows": 1,
              "Plan Width": 8,
              "Actual Startup Time": 157.639,
              "Actual Total Time": 157.64,
              "Actual Rows": 1,
              "Actual Loops": 4,
              "Plans": [
                {
                  "Node Type": "Seq Scan",
                  "Parent Relationship": "Outer",
                  "Parallel Aware": true,
                  "Relation Name": "movie_keyword",
                  "Alias": "mk",
                  "Startup Cost": 0.0,
                  "Total Cost": 42695.65,
                  "Plan Rows": 1064278,
                  "Plan Width": 0,
                  "Actual Startup Time": 0.053,
                  "Actual Total Time": 120.479,
                  "Actual Rows": 823500,
                  "Actual Loops": 4,
                  "Filter": "(keyword_id < 14746)",
                  "Rows Removed by Filter": 307482
                }
              ]
            }
          ]
        }
      ]
    },
    "Planning Time": 0.191,
    "Triggers": [],
    "Execution Time": 173.494
  }
]