{
  "Plan": {
    "Node Type": "Aggregate",
    "Strategy": "Plain",
    "Partial Mode": "Finalize",
    "Parallel Aware": false,
    "Startup Cost": 654969.82,
    "Total Cost": 654969.83,
    "Plan Rows": 1,
    "Plan Width": 8,
    "Actual Startup Time": 9230.342,
    "Actual Total Time": 9296.529,
    "Actual Rows": 1,
    "Actual Loops": 1,
    "Plans": [
      {
        "Node Type": "Gather",
        "Parent Relationship": "Outer",
        "Parallel Aware": false,
        "Startup Cost": 654969.71,
        "Total Cost": 654969.82,
        "Plan Rows": 1,
        "Plan Width": 8,
        "Actual Startup Time": 9226.928,
        "Actual Total Time": 9296.521,
        "Actual Rows": 2,
        "Actual Loops": 1,
        "Workers Planned": 1,
        "Workers Launched": 1,
        "Single Copy": false,
        "Plans": [
          {
            "Node Type": "Aggregate",
            "Strategy": "Plain",
            "Partial Mode": "Partial",
            "Parent Relationship": "Outer",
            "Parallel Aware": false,
            "Startup Cost": 653969.71,
            "Total Cost": 653969.72,
            "Plan Rows": 1,
            "Plan Width": 8,
            "Actual Startup Time": 9213.98,
            "Actual Total Time": 9213.984,
            "Actual Rows": 1,
            "Actual Loops": 2,
            "Plans": [
              {
                "Node Type": "Nested Loop",
                "Parent Relationship": "Outer",
                "Parallel Aware": false,
                "Join Type": "Inner",
                "Startup Cost": 75079.92,
                "Total Cost": 648241.16,
                "Plan Rows": 2291420,
                "Plan Width": 0,
                "Actual Startup Time": 554.666,
                "Actual Total Time": 8538.827,
                "Actual Rows": 15270796,
                "Actual Loops": 2,
                "Inner Unique": false,
                "Plans": [
                  {
                    "Node Type": "Hash Join",
                    "Parent Relationship": "Outer",
                    "Parallel Aware": true,
                    "Join Type": "Inner",
                    "Startup Cost": 75079.36,
                    "Total Cost": 241532.14,
                    "Plan Rows": 182332,
                    "Plan Width": 8,
                    "Actual Startup Time": 554.547,
                    "Actual Total Time": 625.264,
                    "Actual Rows": 153394,
                    "Actual Loops": 2,
                    "Inner Unique": true,
                    "Hash Cond": "(mi.movie_id = t.id)",
                    "Plans": [
                      {
                        "Node Type": "Bitmap Heap Scan",
                        "Parent Relationship": "Outer",
                        "Parallel Aware": true,
                        "Relation Name": "movie_info",
                        "Alias": "mi",
                        "Startup Cost": 5618.66,
                        "Total Cost": 171592.82,
                        "Plan Rows": 182332,
                        "Plan Width": 4,
                        "Actual Startup Time": 9.684,
                        "Actual Total Time": 34.823,
                        "Actual Rows": 153394,
                        "Actual Loops": 2,
                        "Recheck Cond": "(info_type_id > 105)",
                        "Rows Removed by Index Recheck": 0,
                        "Exact Heap Blocks": 2769,
                        "Lossy Heap Blocks": 0,
                        "Plans": [
                          {
                            "Node Type": "Bitmap Index Scan",
                            "Parent Relationship": "Outer",
                            "Parallel Aware": false,
                            "Index Name": "info_type_id_movie_info",
                            "Startup Cost": 0.0,
                            "Total Cost": 5541.16,
                            "Plan Rows": 309964,
                            "Plan Width": 0,
                            "Actual Startup Time": 8.954,
                            "Actual Total Time": 8.954,
                            "Actual Rows": 306788,
                            "Actual Loops": 1,
                            "Index Cond": "(info_type_id > 105)"
                          }
                        ]
                      },
                      {
                        "Node Type": "Hash",
                        "Parent Relationship": "Inner",
                        "Parallel Aware": true,
                        "Startup Cost": 50870.31,
                        "Total Cost": 50870.31,
                        "Plan Rows": 1487231,
                        "Plan Width": 4,
                        "Actual Startup Time": 523.627,
                        "Actual Total Time": 523.627,
                        "Actual Rows": 1264156,
                        "Actual Loops": 2,
                        "Hash Buckets": 4194304,
                        "Original Hash Buckets": 4194304,
                        "Hash Batches": 1,
                        "Original Hash Batches": 1,
                        "Peak Memory Usage": 131712,
                        "Plans": [
                          {
                            "Node Type": "Seq Scan",
                            "Parent Relationship": "Outer",
                            "Parallel Aware": true,
                            "Relation Name": "title",
                            "Alias": "t",
                            "Startup Cost": 0.0,
                            "Total Cost": 50870.31,
                            "Plan Rows": 1487231,
                            "Plan Width": 4,
                            "Actual Startup Time": 0.024,
                            "Actual Total Time": 153.982,
                            "Actual Rows": 1264156,
                            "Actual Loops": 2
                          }
                        ]
                      }
                    ]
                  },
                  {
                    "Node Type": "Index Scan",
                    "Parent Relationship": "Inner",
                    "Parallel Aware": false,
                    "Scan Direction": "Forward",
                    "Index Name": "movie_id_cast_info",
                    "Relation Name": "cast_info",
                    "Alias": "ci",
                    "Startup Cost": 0.56,
                    "Total Cost": 1.91,
                    "Plan Rows": 32,
                    "Plan Width": 4,
                    "Actual Startup Time": 0.007,
                    "Actual Total Time": 0.044,
                    "Actual Rows": 100,
                    "Actual Loops": 306788,
                    "Index Cond": "(movie_id = t.id)",
                    "Rows Removed by Index Recheck": 0,
                    "Filter": "(person_id > 440477)",
                    "Rows Removed by Filter": 13
                  }
                ]
              }
            ]
          }
        ]
      }
    ]
  },
  "Planning Time": 0.868,
  "Triggers": [],
  "Execution Time": 9296.644
}