[
  {
    "Plan": {
      "Node Type": "Aggregate",
      "Strategy": "Plain",
      "Partial Mode": "Finalize",
      "Parallel Aware": false,
      "Startup Cost": 346333.18,
      "Total Cost": 346333.2,
      "Plan Rows": 1,
      "Plan Width": 8,
      "Actual Startup Time": 692.634,
      "Actual Total Time": 749.906,
      "Actual Rows": 1,
      "Actual Loops": 1,
      "Plans": [
        {
          "Node Type": "Gather",
          "Parent Relationship": "Outer",
          "Parallel Aware": false,
          "Startup Cost": 346332.56,
          "Total Cost": 346333.17,
          "Plan Rows": 6,
          "Plan Width": 8,
          "Actual Startup Time": 692.508,
          "Actual Total Time": 749.894,
          "Actual Rows": 7,
          "Actual Loops": 1,
          "Workers Planned": 6,
          "Workers Launched": 6,
          "Single Copy": false,
          "Plans": [
            {
              "Node Type": "Aggregate",
              "Strategy": "Plain",
              "Partial Mode": "Partial",
              "Parent Relationship": "Outer",
              "Parallel Aware": false,
              "Startup Cost": 345332.56,
              "Total Cost": 345332.57,
              "Plan Rows": 1,
              "Plan Width": 8,
              "Actual Startup Time": 683.643,
              "Actual Total Time": 683.644,
              "Actual Rows": 1,
              "Actual Loops": 7,
              "Plans": [
                {
                  "Node Type": "Seq Scan",
                  "Parent Relationship": "Outer",
                  "Parallel Aware": true,
                  "Relation Name": "cast_info",
                  "Alias": "ci",
                  "Startup Cost": 0.0,
                  "Total Cost": 343257.03,
                  "Plan Rows": 830212,
                  "Plan Width": 0,
                  "Actual Startup Time": 378.626,
                  "Actual Total Time": 635.395,
                  "Actual Rows": 1072988,
                  "Actual Loops": 7,
                  "Filter": "((person_id > 2921149) AND (role_id > 1))",
                  "Rows Removed by Filter": 4104776
                }
              ]
            }
          ]
        }
      ]
    },
    "Planning Time": 0.176,
    "Triggers": [],
    "Execution Time": 749.967
  }
]