[
  {
    "Plan": {
      "Node Type": "Aggregate",
      "Strategy": "Plain",
      "Partial Mode": "Finalize",
      "Parallel Aware": false,
      "Startup Cost": 374044.43,
      "Total Cost": 374044.44,
      "Plan Rows": 1,
      "Plan Width": 8,
      "Actual Startup Time": 398.713,
      "Actual Total Time": 416.066,
      "Actual Rows": 1,
      "Actual Loops": 1,
      "Plans": [
        {
          "Node Type": "Gather",
          "Parent Relationship": "Outer",
          "Parallel Aware": false,
          "Startup Cost": 374043.8,
          "Total Cost": 374044.41,
          "Plan Rows": 6,
          "Plan Width": 8,
          "Actual Startup Time": 396.312,
          "Actual Total Time": 416.054,
          "Actual Rows": 7,
          "Actual Loops": 1,
          "Workers Planned": 6,
          "Workers Launched": 6,
          "Single Copy": false,
          "Plans": [
            {
              "Node Type": "Aggregate",
              "Strategy": "Plain",
              "Partial Mode": "Partial",
              "Parent Relationship": "Outer",
              "Parallel Aware": false,
              "Startup Cost": 373043.8,
              "Total Cost": 373043.81,
              "Plan Rows": 1,
              "Plan Width": 8,
              "Actual Startup Time": 387.476,
              "Actual Total Time": 387.481,
              "Actual Rows": 1,
              "Actual Loops": 7,
              "Plans": [
                {
                  "Node Type": "Hash Join",
                  "Parent Relationship": "Outer",
                  "Parallel Aware": true,
                  "Join Type": "Inner",
                  "Startup Cost": 111549.14,
                  "Total Cost": 373024.83,
                  "Plan Rows": 7590,
                  "Plan Width": 0,
                  "Actual Startup Time": 180.566,
                  "Actual Total Time": 386.511,
                  "Actual Rows": 11825,
                  "Actual Loops": 7,
                  "Inner Unique": true,
                  "Hash Cond": "(ci.movie_id = t.id)",
                  "Plans": [
                    {
                      "Node Type": "Bitmap Heap Scan",
                      "Parent Relationship": "Outer",
                      "Parallel Aware": true,
                      "Relation Name": "cast_info",
                      "Alias": "ci",
                      "Startup Cost": 72593.54,
                      "Total Cost": 333561.49,
                      "Plan Rows": 193424,
                      "Plan Width": 4,
                      "Actual Startup Time": 121.285,
                      "Actual Total Time": 263.364,
                      "Actual Rows": 352349,
                      "Actual Loops": 7,
                      "Recheck Cond": "(person_id < 329664)",
                      "Rows Removed by Index Recheck": 0,
                      "Filter": "(role_id = 1)",
                      "Rows Removed by Filter": 137413,
                      "Exact Heap Blocks": 9449,
                      "Lossy Heap Blocks": 0,
                      "Plans": [
                        {
                          "Node Type": "Bitmap Index Scan",
                          "Parent Relationship": "Outer",
                          "Parallel Aware": false,
                          "Index Name": "person_id_cast_info",
                          "Startup Cost": 0.0,
                          "Total Cost": 72303.41,
                          "Plan Rows": 3312379,
                          "Plan Width": 0,
                          "Actual Startup Time": 115.469,
                          "Actual Total Time": 115.47,
                          "Actual Rows": 3428334,
                          "Actual Loops": 1,
                          "Index Cond": "(person_id < 329664)"
                        }
                      ]
                    },
                    {
                      "Node Type": "Hash",
                      "Parent Relationship": "Inner",
                      "Parallel Aware": true,
                      "Startup Cost": 38645.54,
                      "Total Cost": 38645.54,
                      "Plan Rows": 24805,
                      "Plan Width": 4,
                      "Actual Startup Time": 57.852,
                      "Actual Total Time": 57.853,
                      "Actual Rows": 14939,
                      "Actual Loops": 7,
                      "Hash Buckets": 131072,
                      "Original Hash Buckets": 131072,
                      "Hash Batches": 1,
                      "Original Hash Batches": 1,
                      "Peak Memory Usage": 5184,
                      "Plans": [
                        {
                          "Node Type": "Bitmap Heap Scan",
                          "Parent Relationship": "Outer",
                          "Parallel Aware": true,
                          "Relation Name": "title",
                          "Alias": "t",
                          "Startup Cost": 2192.1,
                          "Total Cost": 38645.54,
                          "Plan Rows": 24805,
                          "Plan Width": 4,
                          "Actual Startup Time": 15.801,
                          "Actual Total Time": 49.589,
                          "Actual Rows": 14939,
                          "Actual Loops": 7,
                          "Recheck Cond": "(kind_id = 4)",
                          "Rows Removed by Index Recheck": 0,
                          "Filter": "(production_year < 2011)",
                          "Rows Removed by Filter": 1951,
                          "Exact Heap Blocks": 4598,
                          "Lossy Heap Blocks": 0,
                          "Plans": [
                            {
                              "Node Type": "Bitmap Index Scan",
                              "Parent Relationship": "Outer",
                              "Parallel Aware": false,
                              "Index Name": "kind_id_title",
                              "Startup Cost": 0.0,
                              "Total Cost": 2167.3,
                              "Plan Rows": 121449,
                              "Plan Width": 0,
                              "Actual Startup Time": 14.852,
                              "Actual Total Time": 14.852,
                              "Actual Rows": 118234,
                              "Actual Loops": 1,
                              "Index Cond": "(kind_id = 4)"
                            }
                          ]
                        }
                      ]
                    }
                  ]
                }
              ]
            }
          ]
        }
      ]
    },
    "Planning Time": 0.557,
    "Triggers": [],
    "Execution Time": 416.17
  }
]