[
  {
    "Plan": {
      "Node Type": "Aggregate",
      "Strategy": "Plain",
      "Partial Mode": "Finalize",
      "Parallel Aware": false,
      "Startup Cost": 374453.62,
      "Total Cost": 374453.63,
      "Plan Rows": 1,
      "Plan Width": 8,
      "Actual Startup Time": 521.093,
      "Actual Total Time": 535.149,
      "Actual Rows": 1,
      "Actual Loops": 1,
      "Plans": [
        {
          "Node Type": "Gather",
          "Parent Relationship": "Outer",
          "Parallel Aware": false,
          "Startup Cost": 374453.0,
          "Total Cost": 374453.61,
          "Plan Rows": 6,
          "Plan Width": 8,
          "Actual Startup Time": 519.408,
          "Actual Total Time": 535.139,
          "Actual Rows": 7,
          "Actual Loops": 1,
          "Workers Planned": 6,
          "Workers Launched": 6,
          "Single Copy": false,
          "Plans": [
            {
              "Node Type": "Aggregate",
              "Strategy": "Plain",
              "Partial Mode": "Partial",
              "Parent Relationship": "Outer",
              "Parallel Aware": false,
              "Startup Cost": 373453.0,
              "Total Cost": 373453.01,
              "Plan Rows": 1,
              "Plan Width": 8,
              "Actual Startup Time": 507.729,
              "Actual Total Time": 507.733,
              "Actual Rows": 1,
              "Actual Loops": 7,
              "Plans": [
                {
                  "Node Type": "Hash Join",
                  "Parent Relationship": "Outer",
                  "Parallel Aware": true,
                  "Join Type": "Inner",
                  "Startup Cost": 111926.64,
                  "Total Cost": 373434.15,
                  "Plan Rows": 7541,
                  "Plan Width": 0,
                  "Actual Startup Time": 316.547,
                  "Actual Total Time": 506.886,
                  "Actual Rows": 11825,
                  "Actual Loops": 7,
                  "Inner Unique": true,
                  "Hash Cond": "(ci.movie_id = t.id)",
                  "Plans": [
                    {
                      "Node Type": "Bitmap Heap Scan",
                      "Parent Relationship": "Outer",
                      "Parallel Aware": true,
                      "Relation Name": "cast_info",
                      "Alias": "ci",
                      "Startup Cost": 72952.53,
                      "Total Cost": 333958.69,
                      "Plan Rows": 190989,
                      "Plan Width": 4,
                      "Actual Startup Time": 258.536,
                      "Actual Total Time": 385.682,
                      "Actual Rows": 352349,
                      "Actual Loops": 7,
                      "Recheck Cond": "(person_id < 329664)",
                      "Rows Removed by Index Recheck": 0,
                      "Filter": "(role_id = 1)",
                      "Rows Removed by Filter": 137413,
                      "Exact Heap Blocks": 5967,
                      "Lossy Heap Blocks": 0,
                      "Plans": [
                        {
                          "Node Type": "Bitmap Index Scan",
                          "Parent Relationship": "Outer",
                          "Parallel Aware": false,
                          "Index Name": "person_id_cast_info",
                          "Startup Cost": 0.0,
                          "Total Cost": 72666.04,
                          "Plan Rows": 3327664,
                          "Plan Width": 0,
                          "Actual Startup Time": 248.386,
                          "Actual Total Time": 248.386,
                          "Actual Rows": 3428334,
                          "Actual Loops": 1,
                          "Index Cond": "(person_id < 329664)"
                        }
                      ]
                    },
                    {
                      "Node Type": "Hash",
                      "Parent Relationship": "Inner",
                      "Parallel Aware": true,
                      "Startup Cost": 38662.15,
                      "Total Cost": 38662.15,
                      "Plan Rows": 24957,
                      "Plan Width": 4,
                      "Actual Startup Time": 56.389,
                      "Actual Total Time": 56.39,
                      "Actual Rows": 14939,
                      "Actual Loops": 7,
                      "Hash Buckets": 131072,
                      "Original Hash Buckets": 131072,
                      "Hash Batches": 1,
                      "Original Hash Batches": 1,
                      "Peak Memory Usage": 5248,
                      "Plans": [
                        {
                          "Node Type": "Bitmap Heap Scan",
                          "Parent Relationship": "Outer",
                          "Parallel Aware": true,
                          "Relation Name": "title",
                          "Alias": "t",
                          "Startup Cost": 2205.89,
                          "Total Cost": 38662.15,
                          "Plan Rows": 24957,
                          "Plan Width": 4,
                          "Actual Startup Time": 12.327,
                          "Actual Total Time": 48.369,
                          "Actual Rows": 14939,
                          "Actual Loops": 7,
                          "Recheck Cond": "(kind_id = 4)",
                          "Rows Removed by Index Recheck": 0,
                          "Filter": "(production_year < 2011)",
                          "Rows Removed by Filter": 1951,
                          "Exact Heap Blocks": 4380,
                          "Lossy Heap Blocks": 0,
                          "Plans": [
                            {
                              "Node Type": "Bitmap Index Scan",
                              "Parent Relationship": "Outer",
                              "Parallel Aware": false,
                              "Index Name": "kind_id_title",
                              "Startup Cost": 0.0,
                              "Total Cost": 2180.94,
                              "Plan Rows": 122201,
                              "Plan Width": 0,
                              "Actual Startup Time": 13.073,
                              "Actual Total Time": 13.074,
                              "Actual Rows": 118234,
                              "Actual Loops": 1,
                              "Index Cond": "(kind_id = 4)"
                            }
                          ]
                        }
                      ]
                    }
                  ]
                }
              ]
            }
          ]
        }
      ]
    },
    "Planning Time": 0.685,
    "Triggers": [],
    "Execution Time": 535.26
  }
]