[
  {
    "Plan": {
      "Node Type": "Aggregate",
      "Strategy": "Plain",
      "Partial Mode": "Finalize",
      "Parallel Aware": false,
      "Startup Cost": 32296.28,
      "Total Cost": 32296.29,
      "Plan Rows": 1,
      "Plan Width": 8,
      "Actual Startup Time": 99.811,
      "Actual Total Time": 106.614,
      "Actual Rows": 1,
      "Actual Loops": 1,
      "Plans": [
        {
          "Node Type": "Gather",
          "Parent Relationship": "Outer",
          "Parallel Aware": false,
          "Startup Cost": 32295.96,
          "Total Cost": 32296.27,
          "Plan Rows": 3,
          "Plan Width": 8,
          "Actual Startup Time": 99.517,
          "Actual Total Time": 106.605,
          "Actual Rows": 4,
          "Actual Loops": 1,
          "Workers Planned": 3,
          "Workers Launched": 3,
          "Single Copy": false,
          "Plans": [
            {
              "Node Type": "Aggregate",
              "Strategy": "Plain",
              "Partial Mode": "Partial",
              "Parent Relationship": "Outer",
              "Parallel Aware": false,
              "Startup Cost": 31295.96,
              "Total Cost": 31295.97,
              "Plan Rows": 1,
              "Plan Width": 8,
              "Actual Startup Time": 91.638,
              "Actual Total Time": 91.639,
              "Actual Rows": 1,
              "Actual Loops": 4,
              "Plans": [
                {
                  "Node Type": "Bitmap Heap Scan",
                  "Parent Relationship": "Outer",
                  "Parallel Aware": true,
                  "Relation Name": "movie_keyword",
                  "Alias": "mk",
                  "Startup Cost": 5571.42,
                  "Total Cost": 31084.21,
                  "Plan Rows": 84703,
                  "Plan Width": 0,
                  "Actual Startup Time": 30.646,
                  "Actual Total Time": 87.556,
                  "Actual Rows": 63215,
                  "Actual Loops": 4,
                  "Recheck Cond": "(keyword_id > 60073)",
                  "Rows Removed by Index Recheck": 0,
                  "Exact Heap Blocks": 10883,
                  "Lossy Heap Blocks": 0,
                  "Plans": [
                    {
                      "Node Type": "Bitmap Index Scan",
                      "Parent Relationship": "Outer",
                      "Parallel Aware": false,
                      "Index Name": "keyword_id_movie_keyword",
                      "Startup Cost": 0.0,
                      "Total Cost": 5505.77,
                      "Plan Rows": 262579,
                      "Plan Width": 0,
                      "Actual Startup Time": 32.974,
                      "Actual Total Time": 32.974,
                      "Actual Rows": 252859,
                      "Actual Loops": 1,
                      "Index Cond": "(keyword_id > 60073)"
                    }
                  ]
                }
              ]
            }
          ]
        }
      ]
    },
    "Planning Time": 0.162,
    "Triggers": [],
    "Execution Time": 106.68
  }
]