{
    "Plan": {
        "Node Type": "Aggregate",
        "Strategy": "Plain",
        "Partial Mode": "Simple",
        "Parallel Aware": false,
        "Startup Cost": 40002673968.05,
        "Total Cost": 40002673968.06,
        "Plan Rows": 1,
        "Plan Width": 96,
        "Actual Startup Time": 9175.716,
        "Actual Total Time": 9175.732,
        "Actual Rows": 1,
        "Actual Loops": 1,
        "Output": [
            "min(mi.info)",
            "min(miidx.info)",
            "min(t.title)"
        ],
        "Plans": [
            {
                "Node Type": "Hash Join",
                "Parent Relationship": "Outer",
                "Parallel Aware": false,
                "Join Type": "Inner",
                "Startup Cost": 40002673963.63,
                "Total Cost": 40002673968.03,
                "Plan Rows": 2,
                "Plan Width": 65,
                "Actual Startup Time": 9175.618,
                "Actual Total Time": 9175.71,
                "Actual Rows": 73,
                "Actual Loops": 1,
                "Output": [
                    "mi.info",
                    "miidx.info",
                    "t.title"
                ],
                "Inner Unique": false,
                "Hash Cond": "(t.id = mi.movie_id)",
                "Plans": [
                    {
                        "Node Type": "Merge Join",
                        "Parent Relationship": "Outer",
                        "Parallel Aware": false,
                        "Join Type": "Inner",
                        "Startup Cost": 40000530762.28,
                        "Total Cost": 40000530765.63,
                        "Plan Rows": 6,
                        "Plan Width": 34,
                        "Actual Startup Time": 2822.191,
                        "Actual Total Time": 2822.217,
                        "Actual Rows": 50,
                        "Actual Loops": 1,
                        "Output": [
                            "mc.movie_id",
                            "miidx.info",
                            "miidx.movie_id",
                            "t.title",
                            "t.id"
                        ],
                        "Inner Unique": false,
                        "Merge Cond": "(it.id = miidx.info_type_id)",
                        "Plans": [
                            {
                                "Node Type": "Index Scan",
                                "Parent Relationship": "Outer",
                                "Parallel Aware": false,
                                "Scan Direction": "Forward",
                                "Index Name": "info_type_pkey",
                                "Relation Name": "info_type",
                                "Schema": "public",
                                "Alias": "it",
                                "Startup Cost": 10000000000.14,
                                "Total Cost": 10000000014.12,
                                "Plan Rows": 1,
                                "Plan Width": 4,
                                "Actual Startup Time": 0.059,
                                "Actual Total Time": 0.066,
                                "Actual Rows": 1,
                                "Actual Loops": 1,
                                "Output": [
                                    "it.id",
                                    "it.info"
                                ],
                                "Filter": "((it.info)::text = 'rating'::text)",
                                "Rows Removed by Filter": 112
                            },
                            {
                                "Node Type": "Sort",
                                "Parent Relationship": "Inner",
                                "Parallel Aware": false,
                                "Startup Cost": 30000530748.16,
                                "Total Cost": 30000530749.8,
                                "Plan Rows": 658,
                                "Plan Width": 38,
                                "Actual Startup Time": 2822.111,
                                "Actual Total Time": 2822.127,
                                "Actual Rows": 150,
                                "Actual Loops": 1,
                                "Output": [
                                    "mc.movie_id",
                                    "miidx.info",
                                    "miidx.movie_id",
                                    "miidx.info_type_id",
                                    "t.title",
                                    "t.id"
                                ],
                                "Sort Key": [
                                    "miidx.info_type_id"
                                ],
                                "Sort Method": "quicksort",
                                "Sort Space Used": 37,
                                "Sort Space Type": "Memory",
                                "Plans": [
                                    {
                                        "Node Type": "Merge Join",
                                        "Parent Relationship": "Outer",
                                        "Parallel Aware": false,
                                        "Join Type": "Inner",
                                        "Startup Cost": 30000530687.73,
                                        "Total Cost": 30000530717.36,
                                        "Plan Rows": 658,
                                        "Plan Width": 38,
                                        "Actual Startup Time": 2822.027,
                                        "Actual Total Time": 2822.067,
                                        "Actual Rows": 150,
                                        "Actual Loops": 1,
                                        "Output": [
                                            "mc.movie_id",
                                            "miidx.info",
                                            "miidx.movie_id",
                                            "miidx.info_type_id",
                                            "t.title",
                                            "t.id"
                                        ],
                                        "Inner Unique": false,
                                        "Merge Cond": "(kt.id = t.kind_id)",
                                        "Plans": [
                                            {
                                                "Node Type": "Sort",
                                                "Parent Relationship": "Outer",
                                                "Parallel Aware": false,
                                                "Startup Cost": 1.1,
                                                "Total Cost": 1.1,
                                                "Plan Rows": 1,
                                                "Plan Width": 4,
                                                "Actual Startup Time": 0.026,
                                                "Actual Total Time": 0.027,
                                                "Actual Rows": 1,
                                                "Actual Loops": 1,
                                                "Output": [
                                                    "kt.id"
                                                ],
                                                "Sort Key": [
                                                    "kt.id"
                                                ],
                                                "Sort Method": "quicksort",
                                                "Sort Space Used": 25,
                                                "Sort Space Type": "Memory",
                                                "Plans": [
                                                    {
                                                        "Node Type": "Seq Scan",
                                                        "Parent Relationship": "Outer",
                                                        "Parallel Aware": false,
                                                        "Relation Name": "kind_type",
                                                        "Schema": "public",
                                                        "Alias": "kt",
                                                        "Startup Cost": 0.0,
                                                        "Total Cost": 1.09,
                                                        "Plan Rows": 1,
                                                        "Plan Width": 4,
                                                        "Actual Startup Time": 0.018,
                                                        "Actual Total Time": 0.02,
                                                        "Actual Rows": 1,
                                                        "Actual Loops": 1,
                                                        "Output": [
                                                            "kt.id"
                                                        ],
                                                        "Filter": "((kt.kind)::text = 'tv series'::text)",
                                                        "Rows Removed by Filter": 6
                                                    }
                                                ]
                                            },
                                            {
                                                "Node Type": "Sort",
                                                "Parent Relationship": "Inner",
                                                "Parallel Aware": false,
                                                "Startup Cost": 30000530686.63,
                                                "Total Cost": 30000530698.15,
                                                "Plan Rows": 4608,
                                                "Plan Width": 42,
                                                "Actual Startup Time": 2821.849,
                                                "Actual Total Time": 2821.92,
                                                "Actual Rows": 1464,
                                                "Actual Loops": 1,
                                                "Output": [
                                                    "mc.movie_id",
                                                    "miidx.info",
                                                    "miidx.movie_id",
                                                    "miidx.info_type_id",
                                                    "t.title",
                                                    "t.id",
                                                    "t.kind_id"
                                                ],
                                                "Sort Key": [
                                                    "t.kind_id"
                                                ],
                                                "Sort Method": "quicksort",
                                                "Sort Space Used": 291,
                                                "Sort Space Type": "Memory",
                                                "Plans": [
                                                    {
                                                        "Node Type": "Merge Join",
                                                        "Parent Relationship": "Outer",
                                                        "Parallel Aware": false,
                                                        "Join Type": "Inner",
                                                        "Startup Cost": 30000413791.75,
                                                        "Total Cost": 30000530406.24,
                                                        "Plan Rows": 4608,
                                                        "Plan Width": 42,
                                                        "Actual Startup Time": 1589.65,
                                                        "Actual Total Time": 2820.95,
                                                        "Actual Rows": 2111,
                                                        "Actual Loops": 1,
                                                        "Output": [
                                                            "mc.movie_id",
                                                            "miidx.info",
                                                            "miidx.movie_id",
                                                            "miidx.info_type_id",
                                                            "t.title",
                                                            "t.id",
                                                            "t.kind_id"
                                                        ],
                                                        "Inner Unique": true,
                                                        "Merge Cond": "(mc.movie_id = t.id)",
                                                        "Plans": [
                                                            {
                                                                "Node Type": "Sort",
                                                                "Parent Relationship": "Outer",
                                                                "Parallel Aware": false,
                                                                "Startup Cost": 30000413791.32,
                                                                "Total Cost": 30000413802.84,
                                                                "Plan Rows": 4608,
                                                                "Plan Width": 17,
                                                                "Actual Startup Time": 1582.09,
                                                                "Actual Total Time": 1582.519,
                                                                "Actual Rows": 2111,
                                                                "Actual Loops": 1,
                                                                "Output": [
                                                                    "mc.movie_id",
                                                                    "miidx.info",
                                                                    "miidx.movie_id",
                                                                    "miidx.info_type_id"
                                                                ],
                                                                "Sort Key": [
                                                                    "mc.movie_id"
                                                                ],
                                                                "Sort Method": "quicksort",
                                                                "Sort Space Used": 221,
                                                                "Sort Space Type": "Memory",
                                                                "Plans": [
                                                                    {
                                                                        "Node Type": "Hash Join",
                                                                        "Parent Relationship": "Outer",
                                                                        "Parallel Aware": false,
                                                                        "Join Type": "Inner",
                                                                        "Startup Cost": 30000389671.4,
                                                                        "Total Cost": 30000413510.93,
                                                                        "Plan Rows": 4608,
                                                                        "Plan Width": 17,
                                                                        "Actual Startup Time": 1472.118,
                                                                        "Actual Total Time": 1581.633,
                                                                        "Actual Rows": 2111,
                                                                        "Actual Loops": 1,
                                                                        "Output": [
                                                                            "mc.movie_id",
                                                                            "miidx.info",
                                                                            "miidx.movie_id",
                                                                            "miidx.info_type_id"
                                                                        ],
                                                                        "Inner Unique": false,
                                                                        "Hash Cond": "(mc.movie_id = miidx.movie_id)",
                                                                        "Plans": [
                                                                            {
                                                                                "Node Type": "Hash Join",
                                                                                "Parent Relationship": "Outer",
                                                                                "Parallel Aware": false,
                                                                                "Join Type": "Inner",
                                                                                "Startup Cost": 20000350685.61,
                                                                                "Total Cost": 20000374468.88,
                                                                                "Plan Rows": 1629,
                                                                                "Plan Width": 4,
                                                                                "Actual Startup Time": 1062.784,
                                                                                "Actual Total Time": 1170.881,
                                                                                "Actual Rows": 1644,
                                                                                "Actual Loops": 1,
                                                                                "Output": [
                                                                                    "mc.movie_id"
                                                                                ],
                                                                                "Inner Unique": false,
                                                                                "Hash Cond": "(cn.id = mc.company_id)",
                                                                                "Plans": [
                                                                                    {
                                                                                        "Node Type": "Index Scan",
                                                                                        "Parent Relationship": "Outer",
                                                                                        "Parallel Aware": false,
                                                                                        "Scan Direction": "Forward",
                                                                                        "Index Name": "company_name_pkey",
                                                                                        "Relation Name": "company_name",
                                                                                        "Schema": "public",
                                                                                        "Alias": "cn",
                                                                                        "Startup Cost": 10000000000.42,
                                                                                        "Total Cost": 10000012454.44,
                                                                                        "Plan Rows": 587,
                                                                                        "Plan Width": 4,
                                                                                        "Actual Startup Time": 0.626,
                                                                                        "Actual Total Time": 107.81,
                                                                                        "Actual Rows": 632,
                                                                                        "Actual Loops": 1,
                                                                                        "Output": [
                                                                                            "cn.id",
                                                                                            "cn.name",
                                                                                            "cn.country_code",
                                                                                            "cn.imdb_id",
                                                                                            "cn.name_pcode_nf",
                                                                                            "cn.name_pcode_sf",
                                                                                            "cn.md5sum"
                                                                                        ],
                                                                                        "Filter": "((cn.country_code)::text = '[za]'::text)",
                                                                                        "Rows Removed by Filter": 234365
                                                                                    },
                                                                                    {
                                                                                        "Node Type": "Hash",
                                                                                        "Parent Relationship": "Inner",
                                                                                        "Parallel Aware": false,
                                                                                        "Startup Cost": 10000342531.67,
                                                                                        "Total Cost": 10000342531.67,
                                                                                        "Plan Rows": 652282,
                                                                                        "Plan Width": 8,
                                                                                        "Actual Startup Time": 1058.844,
                                                                                        "Actual Total Time": 1058.848,
                                                                                        "Actual Rows": 1334883,
                                                                                        "Actual Loops": 1,
                                                                                        "Output": [
                                                                                            "mc.movie_id",
                                                                                            "mc.company_id"
                                                                                        ],
                                                                                        "Hash Buckets": 2097152,
                                                                                        "Original Hash Buckets": 1048576,
                                                                                        "Hash Batches": 1,
                                                                                        "Original Hash Batches": 1,
                                                                                        "Peak Memory Usage": 68528,
                                                                                        "Plans": [
                                                                                            {
                                                                                                "Node Type": "Merge Join",
                                                                                                "Parent Relationship": "Outer",
                                                                                                "Parallel Aware": false,
                                                                                                "Join Type": "Inner",
                                                                                                "Startup Cost": 10000322951.13,
                                                                                                "Total Cost": 10000342531.67,
                                                                                                "Plan Rows": 652282,
                                                                                                "Plan Width": 8,
                                                                                                "Actual Startup Time": 679.634,
                                                                                                "Actual Total Time": 856.175,
                                                                                                "Actual Rows": 1334883,
                                                                                                "Actual Loops": 1,
                                                                                                "Output": [
                                                                                                    "mc.movie_id",
                                                                                                    "mc.company_id"
                                                                                                ],
                                                                                                "Inner Unique": false,
                                                                                                "Merge Cond": "(ct.id = mc.company_type_id)",
                                                                                                "Plans": [
                                                                                                    {
                                                                                                        "Node Type": "Index Scan",
                                                                                                        "Parent Relationship": "Outer",
                                                                                                        "Parallel Aware": false,
                                                                                                        "Scan Direction": "Forward",
                                                                                                        "Index Name": "company_type_pkey",
                                                                                                        "Relation Name": "company_type",
                                                                                                        "Schema": "public",
                                                                                                        "Alias": "ct",
                                                                                                        "Startup Cost": 0.13,
                                                                                                        "Total Cost": 12.2,
                                                                                                        "Plan Rows": 1,
                                                                                                        "Plan Width": 4,
                                                                                                        "Actual Startup Time": 0.019,
                                                                                                        "Actual Total Time": 0.033,
                                                                                                        "Actual Rows": 1,
                                                                                                        "Actual Loops": 1,
                                                                                                        "Output": [
                                                                                                            "ct.id",
                                                                                                            "ct.kind"
                                                                                                        ],
                                                                                                        "Filter": "((ct.kind)::text = 'production companies'::text)",
                                                                                                        "Rows Removed by Filter": 3
                                                                                                    },
                                                                                                    {
                                                                                                        "Node Type": "Sort",
                                                                                                        "Parent Relationship": "Inner",
                                                                                                        "Parallel Aware": false,
                                                                                                        "Startup Cost": 10000322951.0,
                                                                                                        "Total Cost": 10000329473.82,
                                                                                                        "Plan Rows": 2609129,
                                                                                                        "Plan Width": 12,
                                                                                                        "Actual Startup Time": 573.799,
                                                                                                        "Actual Total Time": 668.82,
                                                                                                        "Actual Rows": 2609129,
                                                                                                        "Actual Loops": 1,
                                                                                                        "Output": [
                                                                                                            "mc.movie_id",
                                                                                                            "mc.company_id",
                                                                                                            "mc.company_type_id"
                                                                                                        ],
                                                                                                        "Sort Key": [
                                                                                                            "mc.company_type_id"
                                                                                                        ],
                                                                                                        "Sort Method": "quicksort",
                                                                                                        "Sort Space Used": 220607,
                                                                                                        "Sort Space Type": "Memory",
                                                                                                        "Plans": [
                                                                                                            {
                                                                                                                "Node Type": "Seq Scan",
                                                                                                                "Parent Relationship": "Outer",
                                                                                                                "Parallel Aware": false,
                                                                                                                "Relation Name": "movie_companies",
                                                                                                                "Schema": "public",
                                                                                                                "Alias": "mc",
                                                                                                                "Startup Cost": 10000000000.0,
                                                                                                                "Total Cost": 10000044881.29,
                                                                                                                "Plan Rows": 2609129,
                                                                                                                "Plan Width": 12,
                                                                                                                "Actual Startup Time": 0.018,
                                                                                                                "Actual Total Time": 283.997,
                                                                                                                "Actual Rows": 2609129,
                                                                                                                "Actual Loops": 1,
                                                                                                                "Output": [
                                                                                                                    "mc.movie_id",
                                                                                                                    "mc.company_id",
                                                                                                                    "mc.company_type_id"
                                                                                                                ]
                                                                                                            }
                                                                                                        ]
                                                                                                    }
                                                                                                ]
                                                                                            }
                                                                                        ]
                                                                                    }
                                                                                ]
                                                                            },
                                                                            {
                                                                                "Node Type": "Hash",
                                                                                "Parent Relationship": "Inner",
                                                                                "Parallel Aware": false,
                                                                                "Startup Cost": 10000021735.35,
                                                                                "Total Cost": 10000021735.35,
                                                                                "Plan Rows": 1380035,
                                                                                "Plan Width": 13,
                                                                                "Actual Startup Time": 403.053,
                                                                                "Actual Total Time": 403.055,
                                                                                "Actual Rows": 1380035,
                                                                                "Actual Loops": 1,
                                                                                "Output": [
                                                                                    "miidx.info",
                                                                                    "miidx.movie_id",
                                                                                    "miidx.info_type_id"
                                                                                ],
                                                                                "Hash Buckets": 2097152,
                                                                                "Original Hash Buckets": 2097152,
                                                                                "Hash Batches": 1,
                                                                                "Original Hash Batches": 1,
                                                                                "Peak Memory Usage": 79357,
                                                                                "Plans": [
                                                                                    {
                                                                                        "Node Type": "Seq Scan",
                                                                                        "Parent Relationship": "Outer",
                                                                                        "Parallel Aware": false,
                                                                                        "Relation Name": "movie_info_idx",
                                                                                        "Schema": "public",
                                                                                        "Alias": "miidx",
                                                                                        "Startup Cost": 10000000000.0,
                                                                                        "Total Cost": 10000021735.35,
                                                                                        "Plan Rows": 1380035,
                                                                                        "Plan Width": 13,
                                                                                        "Actual Startup Time": 0.021,
                                                                                        "Actual Total Time": 158.635,
                                                                                        "Actual Rows": 1380035,
                                                                                        "Actual Loops": 1,
                                                                                        "Output": [
                                                                                            "miidx.info",
                                                                                            "miidx.movie_id",
                                                                                            "miidx.info_type_id"
                                                                                        ]
                                                                                    }
                                                                                ]
                                                                            }
                                                                        ]
                                                                    }
                                                                ]
                                                            },
                                                            {
                                                                "Node Type": "Index Scan",
                                                                "Parent Relationship": "Inner",
                                                                "Parallel Aware": false,
                                                                "Scan Direction": "Forward",
                                                                "Index Name": "title_pkey",
                                                                "Relation Name": "title",
                                                                "Schema": "public",
                                                                "Alias": "t",
                                                                "Startup Cost": 0.43,
                                                                "Total Cost": 110342.1,
                                                                "Plan Rows": 2528322,
                                                                "Plan Width": 25,
                                                                "Actual Startup Time": 0.025,
                                                                "Actual Total Time": 1079.578,
                                                                "Actual Rows": 2525625,
                                                                "Actual Loops": 1,
                                                                "Output": [
                                                                    "t.id",
                                                                    "t.title",
                                                                    "t.imdb_index",
                                                                    "t.kind_id",
                                                                    "t.production_year",
                                                                    "t.imdb_id",
                                                                    "t.phonetic_code",
                                                                    "t.episode_of_id",
                                                                    "t.season_nr",
                                                                    "t.episode_nr",
                                                                    "t.series_years",
                                                                    "t.md5sum"
                                                                ]
                                                            }
                                                        ]
                                                    }
                                                ]
                                            }
                                        ]
                                    }
                                ]
                            }
                        ]
                    },
                    {
                        "Node Type": "Hash",
                        "Parent Relationship": "Inner",
                        "Parallel Aware": false,
                        "Startup Cost": 2141569.15,
                        "Total Cost": 2141569.15,
                        "Plan Rows": 130576,
                        "Plan Width": 47,
                        "Actual Startup Time": 6353.149,
                        "Actual Total Time": 6353.152,
                        "Actual Rows": 3036719,
                        "Actual Loops": 1,
                        "Output": [
                            "mi.info",
                            "mi.movie_id"
                        ],
                        "Hash Buckets": 4194304,
                        "Original Hash Buckets": 131072,
                        "Hash Batches": 1,
                        "Original Hash Batches": 1,
                        "Peak Memory Usage": 204107,
                        "Plans": [
                            {
                                "Node Type": "Merge Join",
                                "Parent Relationship": "Outer",
                                "Parallel Aware": false,
                                "Join Type": "Inner",
                                "Startup Cost": 2066487.91,
                                "Total Cost": 2141569.15,
                                "Plan Rows": 130576,
                                "Plan Width": 47,
                                "Actual Startup Time": 5356.339,
                                "Actual Total Time": 5823.986,
                                "Actual Rows": 3036719,
                                "Actual Loops": 1,
                                "Output": [
                                    "mi.info",
                                    "mi.movie_id"
                                ],
                                "Inner Unique": false,
                                "Merge Cond": "(it2.id = mi.info_type_id)",
                                "Plans": [
                                    {
                                        "Node Type": "Sort",
                                        "Parent Relationship": "Outer",
                                        "Parallel Aware": false,
                                        "Startup Cost": 2.42,
                                        "Total Cost": 2.43,
                                        "Plan Rows": 1,
                                        "Plan Width": 4,
                                        "Actual Startup Time": 0.07,
                                        "Actual Total Time": 0.072,
                                        "Actual Rows": 1,
                                        "Actual Loops": 1,
                                        "Output": [
                                            "it2.id"
                                        ],
                                        "Sort Key": [
                                            "it2.id"
                                        ],
                                        "Sort Method": "quicksort",
                                        "Sort Space Used": 25,
                                        "Sort Space Type": "Memory",
                                        "Plans": [
                                            {
                                                "Node Type": "Seq Scan",
                                                "Parent Relationship": "Outer",
                                                "Parallel Aware": false,
                                                "Relation Name": "info_type",
                                                "Schema": "public",
                                                "Alias": "it2",
                                                "Startup Cost": 0.0,
                                                "Total Cost": 2.41,
                                                "Plan Rows": 1,
                                                "Plan Width": 4,
                                                "Actual Startup Time": 0.039,
                                                "Actual Total Time": 0.057,
                                                "Actual Rows": 1,
                                                "Actual Loops": 1,
                                                "Output": [
                                                    "it2.id"
                                                ],
                                                "Filter": "((it2.info)::text = 'release dates'::text)",
                                                "Rows Removed by Filter": 112
                                            }
                                        ]
                                    },
                                    {
                                        "Node Type": "Sort",
                                        "Parent Relationship": "Inner",
                                        "Parallel Aware": false,
                                        "Startup Cost": 2066485.48,
                                        "Total Cost": 2103373.22,
                                        "Plan Rows": 14755095,
                                        "Plan Width": 51,
                                        "Actual Startup Time": 4427.912,
                                        "Actual Total Time": 4947.493,
                                        "Actual Rows": 12601871,
                                        "Actual Loops": 1,
                                        "Output": [
                                            "mi.info",
                                            "mi.movie_id",
                                            "mi.info_type_id"
                                        ],
                                        "Sort Key": [
                                            "mi.info_type_id"
                                        ],
                                        "Sort Method": "quicksort",
                                        "Sort Space Used": 1988368,
                                        "Sort Space Type": "Memory",
                                        "Plans": [
                                            {
                                                "Node Type": "Seq Scan",
                                                "Parent Relationship": "Outer",
                                                "Parallel Aware": false,
                                                "Relation Name": "movie_info",
                                                "Schema": "public",
                                                "Alias": "mi",
                                                "Startup Cost": 0.0,
                                                "Total Cost": 309543.95,
                                                "Plan Rows": 14755095,
                                                "Plan Width": 51,
                                                "Actual Startup Time": 0.022,
                                                "Actual Total Time": 1830.441,
                                                "Actual Rows": 14835720,
                                                "Actual Loops": 1,
                                                "Output": [
                                                    "mi.info",
                                                    "mi.movie_id",
                                                    "mi.info_type_id"
                                                ]
                                            }
                                        ]
                                    }
                                ]
                            }
                        ]
                    }
                ]
            }
        ]
    },
    "Planning Time": 7.687,
    "Triggers": [],
    "Execution Time": 9179.193
}