{
  "Plan": {
    "Node Type": "Aggregate",
    "Strategy": "Plain",
    "Partial Mode": "Finalize",
    "Parallel Aware": false,
    "Startup Cost": 101114.38,
    "Total Cost": 101114.39,
    "Plan Rows": 1,
    "Plan Width": 8,
    "Actual Startup Time": 686.259,
    "Actual Total Time": 707.548,
    "Actual Rows": 1,
    "Actual Loops": 1,
    "Plans": [
      {
        "Node Type": "Gather",
        "Parent Relationship": "Outer",
        "Parallel Aware": false,
        "Startup Cost": 101114.26,
        "Total Cost": 101114.37,
        "Plan Rows": 1,
        "Plan Width": 8,
        "Actual Startup Time": 680.214,
        "Actual Total Time": 707.537,
        "Actual Rows": 2,
        "Actual Loops": 1,
        "Workers Planned": 1,
        "Workers Launched": 1,
        "Single Copy": false,
        "Plans": [
          {
            "Node Type": "Aggregate",
            "Strategy": "Plain",
            "Partial Mode": "Partial",
            "Parent Relationship": "Outer",
            "Parallel Aware": false,
            "Startup Cost": 100114.26,
            "Total Cost": 100114.27,
            "Plan Rows": 1,
            "Plan Width": 8,
            "Actual Startup Time": 668.424,
            "Actual Total Time": 668.428,
            "Actual Rows": 1,
            "Actual Loops": 2,
            "Plans": [
              {
                "Node Type": "Hash Join",
                "Parent Relationship": "Outer",
                "Parallel Aware": true,
                "Join Type": "Inner",
                "Startup Cost": 73625.88,
                "Total Cost": 99825.7,
                "Plan Rows": 115426,
                "Plan Width": 0,
                "Actual Startup Time": 571.283,
                "Actual Total Time": 663.483,
                "Actual Rows": 104292,
                "Actual Loops": 2,
                "Inner Unique": true,
                "Hash Cond": "(mk.movie_id = t.id)",
                "Plans": [
                  {
                    "Node Type": "Bitmap Heap Scan",
                    "Parent Relationship": "Outer",
                    "Parallel Aware": true,
                    "Relation Name": "movie_keyword",
                    "Alias": "mk",
                    "Startup Cost": 4165.18,
                    "Total Cost": 30062.01,
                    "Plan Rows": 115426,
                    "Plan Width": 4,
                    "Actual Startup Time": 13.7,
                    "Actual Total Time": 59.694,
                    "Actual Rows": 104292,
                    "Actual Loops": 2,
                    "Recheck Cond": "(keyword_id < 140)",
                    "Rows Removed by Index Recheck": 0,
                    "Exact Heap Blocks": 13898,
                    "Lossy Heap Blocks": 0,
                    "Plans": [
                      {
                        "Node Type": "Bitmap Index Scan",
                        "Parent Relationship": "Outer",
                        "Parallel Aware": false,
                        "Index Name": "keyword_id_movie_keyword",
                        "Startup Cost": 0.0,
                        "Total Cost": 4116.12,
                        "Plan Rows": 196225,
                        "Plan Width": 0,
                        "Actual Startup Time": 10.269,
                        "Actual Total Time": 10.27,
                        "Actual Rows": 208584,
                        "Actual Loops": 1,
                        "Index Cond": "(keyword_id < 140)"
                      }
                    ]
                  },
                  {
                    "Node Type": "Hash",
                    "Parent Relationship": "Inner",
                    "Parallel Aware": true,
                    "Startup Cost": 50870.31,
                    "Total Cost": 50870.31,
                    "Plan Rows": 1487231,
                    "Plan Width": 4,
                    "Actual Startup Time": 535.904,
                    "Actual Total Time": 535.905,
                    "Actual Rows": 1264156,
                    "Actual Loops": 2,
                    "Hash Buckets": 4194304,
                    "Original Hash Buckets": 4194304,
                    "Hash Batches": 1,
                    "Original Hash Batches": 1,
                    "Peak Memory Usage": 131712,
                    "Plans": [
                      {
                        "Node Type": "Seq Scan",
                        "Parent Relationship": "Outer",
                        "Parallel Aware": true,
                        "Relation Name": "title",
                        "Alias": "t",
                        "Startup Cost": 0.0,
                        "Total Cost": 50870.31,
                        "Plan Rows": 1487231,
                        "Plan Width": 4,
                        "Actual Startup Time": 0.025,
                        "Actual Total Time": 151.488,
                        "Actual Rows": 1264156,
                        "Actual Loops": 2
                      }
                    ]
                  }
                ]
              }
            ]
          }
        ]
      }
    ]
  },
  "Planning Time": 0.748,
  "Triggers": [],
  "Execution Time": 707.659
}