[
  {
    "Plan": {
      "Node Type": "Aggregate",
      "Strategy": "Plain",
      "Partial Mode": "Finalize",
      "Parallel Aware": false,
      "Startup Cost": 80394.16,
      "Total Cost": 80394.17,
      "Plan Rows": 1,
      "Plan Width": 8,
      "Actual Startup Time": 258.266,
      "Actual Total Time": 274.767,
      "Actual Rows": 1,
      "Actual Loops": 1,
      "Plans": [
        {
          "Node Type": "Gather",
          "Parent Relationship": "Outer",
          "Parallel Aware": false,
          "Startup Cost": 80393.74,
          "Total Cost": 80394.15,
          "Plan Rows": 4,
          "Plan Width": 8,
          "Actual Startup Time": 256.639,
          "Actual Total Time": 274.76,
          "Actual Rows": 5,
          "Actual Loops": 1,
          "Workers Planned": 4,
          "Workers Launched": 4,
          "Single Copy": false,
          "Plans": [
            {
              "Node Type": "Aggregate",
              "Strategy": "Plain",
              "Partial Mode": "Partial",
              "Parent Relationship": "Outer",
              "Parallel Aware": false,
              "Startup Cost": 79393.74,
              "Total Cost": 79393.75,
              "Plan Rows": 1,
              "Plan Width": 8,
              "Actual Startup Time": 247.17,
              "Actual Total Time": 247.173,
              "Actual Rows": 1,
              "Actual Loops": 5,
              "Plans": [
                {
                  "Node Type": "Hash Join",
                  "Parent Relationship": "Outer",
                  "Parallel Aware": true,
                  "Join Type": "Inner",
                  "Startup Cost": 33259.71,
                  "Total Cost": 79107.78,
                  "Plan Rows": 114383,
                  "Plan Width": 0,
                  "Actual Startup Time": 89.034,
                  "Actual Total Time": 244.33,
                  "Actual Rows": 52368,
                  "Actual Loops": 5,
                  "Inner Unique": false,
                  "Hash Cond": "(t.id = mc.movie_id)",
                  "Plans": [
                    {
                      "Node Type": "Seq Scan",
                      "Parent Relationship": "Outer",
                      "Parallel Aware": true,
                      "Relation Name": "title",
                      "Alias": "t",
                      "Startup Cost": 0.0,
                      "Total Cost": 42318.73,
                      "Plan Rows": 632073,
                      "Plan Width": 4,
                      "Actual Startup Time": 0.01,
                      "Actual Total Time": 65.994,
                      "Actual Rows": 505662,
                      "Actual Loops": 5
                    },
                    {
                      "Node Type": "Hash",
                      "Parent Relationship": "Inner",
                      "Parallel Aware": true,
                      "Startup Cost": 31414.82,
                      "Total Cost": 31414.82,
                      "Plan Rows": 147591,
                      "Plan Width": 4,
                      "Actual Startup Time": 86.488,
                      "Actual Total Time": 86.489,
                      "Actual Rows": 52368,
                      "Actual Loops": 5,
                      "Hash Buckets": 524288,
                      "Original Hash Buckets": 524288,
                      "Hash Batches": 1,
                      "Original Hash Batches": 1,
                      "Peak Memory Usage": 14432,
                      "Plans": [
                        {
                          "Node Type": "Seq Scan",
                          "Parent Relationship": "Outer",
                          "Parallel Aware": true,
                          "Relation Name": "movie_companies",
                          "Alias": "mc",
                          "Startup Cost": 0.0,
                          "Total Cost": 31414.82,
                          "Plan Rows": 147591,
                          "Plan Width": 4,
                          "Actual Startup Time": 42.723,
                          "Actual Total Time": 68.9,
                          "Actual Rows": 52368,
                          "Actual Loops": 5,
                          "Filter": "((company_id < 2849) AND (company_type_id > 1))",
                          "Rows Removed by Filter": 469457
                        }
                      ]
                    }
                  ]
                }
              ]
            }
          ]
        }
      ]
    },
    "Planning Time": 0.535,
    "Triggers": [],
    "Execution Time": 274.831
  }
]