[
  {
    "Plan": {
      "Node Type": "Aggregate",
      "Strategy": "Plain",
      "Partial Mode": "Finalize",
      "Parallel Aware": false,
      "Startup Cost": 246492.14,
      "Total Cost": 246492.15,
      "Plan Rows": 1,
      "Plan Width": 8,
      "Actual Startup Time": 881.054,
      "Actual Total Time": 924.975,
      "Actual Rows": 1,
      "Actual Loops": 1,
      "Plans": [
        {
          "Node Type": "Gather",
          "Parent Relationship": "Outer",
          "Parallel Aware": false,
          "Startup Cost": 246491.62,
          "Total Cost": 246492.13,
          "Plan Rows": 5,
          "Plan Width": 8,
          "Actual Startup Time": 879.808,
          "Actual Total Time": 924.964,
          "Actual Rows": 6,
          "Actual Loops": 1,
          "Workers Planned": 5,
          "Workers Launched": 5,
          "Single Copy": false,
          "Plans": [
            {
              "Node Type": "Aggregate",
              "Strategy": "Plain",
              "Partial Mode": "Partial",
              "Parent Relationship": "Outer",
              "Parallel Aware": false,
              "Startup Cost": 245491.62,
              "Total Cost": 245491.63,
              "Plan Rows": 1,
              "Plan Width": 8,
              "Actual Startup Time": 872.7,
              "Actual Total Time": 872.751,
              "Actual Rows": 1,
              "Actual Loops": 6,
              "Plans": [
                {
                  "Node Type": "Hash Join",
                  "Parent Relationship": "Outer",
                  "Parallel Aware": true,
                  "Join Type": "Inner",
                  "Startup Cost": 45754.21,
                  "Total Cost": 245233.62,
                  "Plan Rows": 103200,
                  "Plan Width": 0,
                  "Actual Startup Time": 115.685,
                  "Actual Total Time": 850.051,
                  "Actual Rows": 440673,
                  "Actual Loops": 6,
                  "Inner Unique": true,
                  "Hash Cond": "(mi.movie_id = t.id)",
                  "Plans": [
                    {
                      "Node Type": "Seq Scan",
                      "Parent Relationship": "Outer",
                      "Parallel Aware": true,
                      "Relation Name": "movie_info",
                      "Alias": "mi",
                      "Startup Cost": 0.0,
                      "Total Cost": 191685.19,
                      "Plan Rows": 2969219,
                      "Plan Width": 4,
                      "Actual Startup Time": 0.03,
                      "Actual Total Time": 333.291,
                      "Actual Rows": 2472620,
                      "Actual Loops": 6
                    },
                    {
                      "Node Type": "Hash",
                      "Parent Relationship": "Inner",
                      "Parallel Aware": true,
                      "Startup Cost": 45479.59,
                      "Total Cost": 45479.59,
                      "Plan Rows": 21970,
                      "Plan Width": 4,
                      "Actual Startup Time": 102.519,
                      "Actual Total Time": 102.52,
                      "Actual Rows": 37026,
                      "Actual Loops": 6,
                      "Hash Buckets": 262144,
                      "Original Hash Buckets": 131072,
                      "Hash Batches": 1,
                      "Original Hash Batches": 1,
                      "Peak Memory Usage": 11840,
                      "Plans": [
                        {
                          "Node Type": "Seq Scan",
                          "Parent Relationship": "Outer",
                          "Parallel Aware": true,
                          "Relation Name": "title",
                          "Alias": "t",
                          "Startup Cost": 0.0,
                          "Total Cost": 45479.59,
                          "Plan Rows": 21970,
                          "Plan Width": 4,
                          "Actual Startup Time": 49.101,
                          "Actual Total Time": 82.168,
                          "Actual Rows": 37026,
                          "Actual Loops": 6,
                          "Filter": "((production_year < 1969) AND (kind_id = 1))",
                          "Rows Removed by Filter": 384360
                        }
                      ]
                    }
                  ]
                }
              ]
            }
          ]
        }
      ]
    },
    "Planning Time": 0.599,
    "Triggers": [],
    "Execution Time": 925.052
  }
]