[
  {
    "Plan": {
      "Node Type": "Aggregate",
      "Strategy": "Plain",
      "Partial Mode": "Finalize",
      "Parallel Aware": false,
      "Startup Cost": 333202.11,
      "Total Cost": 333202.12,
      "Plan Rows": 1,
      "Plan Width": 8,
      "Actual Startup Time": 364.376,
      "Actual Total Time": 380.915,
      "Actual Rows": 1,
      "Actual Loops": 1,
      "Plans": [
        {
          "Node Type": "Gather",
          "Parent Relationship": "Outer",
          "Parallel Aware": false,
          "Startup Cost": 333201.49,
          "Total Cost": 333202.1,
          "Plan Rows": 6,
          "Plan Width": 8,
          "Actual Startup Time": 363.354,
          "Actual Total Time": 380.9,
          "Actual Rows": 7,
          "Actual Loops": 1,
          "Workers Planned": 6,
          "Workers Launched": 6,
          "Single Copy": false,
          "Plans": [
            {
              "Node Type": "Aggregate",
              "Strategy": "Plain",
              "Partial Mode": "Partial",
              "Parent Relationship": "Outer",
              "Parallel Aware": false,
              "Startup Cost": 332201.49,
              "Total Cost": 332201.5,
              "Plan Rows": 1,
              "Plan Width": 8,
              "Actual Startup Time": 355.237,
              "Actual Total Time": 355.239,
              "Actual Rows": 1,
              "Actual Loops": 7,
              "Plans": [
                {
                  "Node Type": "Bitmap Heap Scan",
                  "Parent Relationship": "Outer",
                  "Parallel Aware": true,
                  "Relation Name": "cast_info",
                  "Alias": "ci",
                  "Startup Cost": 70845.92,
                  "Total Cost": 331606.34,
                  "Plan Rows": 238058,
                  "Plan Width": 0,
                  "Actual Startup Time": 172.412,
                  "Actual Total Time": 330.817,
                  "Actual Rows": 450435,
                  "Actual Loops": 7,
                  "Recheck Cond": "(person_id > 3481058)",
                  "Rows Removed by Index Recheck": 0,
                  "Filter": "(role_id > 2)",
                  "Rows Removed by Filter": 0,
                  "Exact Heap Blocks": 7371,
                  "Lossy Heap Blocks": 0,
                  "Plans": [
                    {
                      "Node Type": "Bitmap Index Scan",
                      "Parent Relationship": "Outer",
                      "Parallel Aware": false,
                      "Index Name": "person_id_cast_info",
                      "Startup Cost": 0.0,
                      "Total Cost": 70488.83,
                      "Plan Rows": 3229369,
                      "Plan Width": 0,
                      "Actual Startup Time": 167.728,
                      "Actual Total Time": 167.728,
                      "Actual Rows": 3153043,
                      "Actual Loops": 1,
                      "Index Cond": "(person_id > 3481058)"
                    }
                  ]
                }
              ]
            }
          ]
        }
      ]
    },
    "Planning Time": 0.138,
    "Triggers": [],
    "Execution Time": 380.975
  }
]