{
  "Plan": {
    "Node Type": "Aggregate",
    "Strategy": "Plain",
    "Partial Mode": "Finalize",
    "Parallel Aware": false,
    "Startup Cost": 102798.06,
    "Total Cost": 102798.07,
    "Plan Rows": 1,
    "Plan Width": 8,
    "Actual Startup Time": 348.579,
    "Actual Total Time": 362.048,
    "Actual Rows": 1,
    "Actual Loops": 1,
    "Plans": [
      {
        "Node Type": "Gather",
        "Parent Relationship": "Outer",
        "Parallel Aware": false,
        "Startup Cost": 102797.94,
        "Total Cost": 102798.05,
        "Plan Rows": 1,
        "Plan Width": 8,
        "Actual Startup Time": 348.224,
        "Actual Total Time": 362.042,
        "Actual Rows": 2,
        "Actual Loops": 1,
        "Workers Planned": 1,
        "Workers Launched": 1,
        "Single Copy": false,
        "Plans": [
          {
            "Node Type": "Aggregate",
            "Strategy": "Plain",
            "Partial Mode": "Partial",
            "Parent Relationship": "Outer",
            "Parallel Aware": false,
            "Startup Cost": 101797.94,
            "Total Cost": 101797.95,
            "Plan Rows": 1,
            "Plan Width": 8,
            "Actual Startup Time": 342.673,
            "Actual Total Time": 342.677,
            "Actual Rows": 1,
            "Actual Loops": 2,
            "Plans": [
              {
                "Node Type": "Hash Join",
                "Parent Relationship": "Outer",
                "Parallel Aware": true,
                "Join Type": "Inner",
                "Startup Cost": 58771.75,
                "Total Cost": 101764.16,
                "Plan Rows": 13512,
                "Plan Width": 0,
                "Actual Startup Time": 151.078,
                "Actual Total Time": 341.684,
                "Actual Rows": 15915,
                "Actual Loops": 2,
                "Inner Unique": true,
                "Hash Cond": "(mc.movie_id = t.id)",
                "Plans": [
                  {
                    "Node Type": "Index Scan",
                    "Parent Relationship": "Outer",
                    "Parallel Aware": true,
                    "Scan Direction": "Forward",
                    "Index Name": "company_type_id_movie_companies",
                    "Relation Name": "movie_companies",
                    "Alias": "mc",
                    "Startup Cost": 0.43,
                    "Total Cost": 41574.35,
                    "Plan Rows": 540378,
                    "Plan Width": 4,
                    "Actual Startup Time": 0.082,
                    "Actual Total Time": 125.382,
                    "Actual Rows": 609646,
                    "Actual Loops": 2,
                    "Index Cond": "(company_type_id < 2)",
                    "Rows Removed by Index Recheck": 0,
                    "Filter": "(company_id < 35769)",
                    "Rows Removed by Filter": 27476
                  },
                  {
                    "Node Type": "Hash",
                    "Parent Relationship": "Inner",
                    "Parallel Aware": true,
                    "Startup Cost": 58306.47,
                    "Total Cost": 58306.47,
                    "Plan Rows": 37188,
                    "Plan Width": 4,
                    "Actual Startup Time": 150.262,
                    "Actual Total Time": 150.264,
                    "Actual Rows": 26885,
                    "Actual Loops": 2,
                    "Hash Buckets": 65536,
                    "Original Hash Buckets": 65536,
                    "Hash Batches": 1,
                    "Original Hash Batches": 1,
                    "Peak Memory Usage": 2656,
                    "Plans": [
                      {
                        "Node Type": "Seq Scan",
                        "Parent Relationship": "Outer",
                        "Parallel Aware": true,
                        "Relation Name": "title",
                        "Alias": "t",
                        "Startup Cost": 0.0,
                        "Total Cost": 58306.47,
                        "Plan Rows": 37188,
                        "Plan Width": 4,
                        "Actual Startup Time": 0.148,
                        "Actual Total Time": 142.62,
                        "Actual Rows": 26885,
                        "Actual Loops": 2,
                        "Filter": "((kind_id < 7) AND (production_year = 2011))",
                        "Rows Removed by Filter": 1237271
                      }
                    ]
                  }
                ]
              }
            ]
          }
        ]
      }
    ]
  },
  "Planning Time": 0.228,
  "Triggers": [],
  "Execution Time": 362.09
}