[
  {
    "Plan": {
      "Node Type": "Aggregate",
      "Strategy": "Plain",
      "Partial Mode": "Finalize",
      "Parallel Aware": false,
      "Startup Cost": 44286.31,
      "Total Cost": 44286.32,
      "Plan Rows": 1,
      "Plan Width": 8,
      "Actual Startup Time": 126.009,
      "Actual Total Time": 135.903,
      "Actual Rows": 1,
      "Actual Loops": 1,
      "Plans": [
        {
          "Node Type": "Gather",
          "Parent Relationship": "Outer",
          "Parallel Aware": false,
          "Startup Cost": 44285.99,
          "Total Cost": 44286.3,
          "Plan Rows": 3,
          "Plan Width": 8,
          "Actual Startup Time": 125.849,
          "Actual Total Time": 135.893,
          "Actual Rows": 4,
          "Actual Loops": 1,
          "Workers Planned": 3,
          "Workers Launched": 3,
          "Single Copy": false,
          "Plans": [
            {
              "Node Type": "Aggregate",
              "Strategy": "Plain",
              "Partial Mode": "Partial",
              "Parent Relationship": "Outer",
              "Parallel Aware": false,
              "Startup Cost": 43285.99,
              "Total Cost": 43286.0,
              "Plan Rows": 1,
              "Plan Width": 8,
              "Actual Startup Time": 120.29,
              "Actual Total Time": 120.292,
              "Actual Rows": 1,
              "Actual Loops": 4,
              "Plans": [
                {
                  "Node Type": "Seq Scan",
                  "Parent Relationship": "Outer",
                  "Parallel Aware": true,
                  "Relation Name": "movie_keyword",
                  "Alias": "mk",
                  "Startup Cost": 0.0,
                  "Total Cost": 42695.65,
                  "Plan Rows": 236134,
                  "Plan Width": 0,
                  "Actual Startup Time": 3.733,
                  "Actual Total Time": 109.849,
                  "Actual Rows": 181723,
                  "Actual Loops": 4,
                  "Filter": "(keyword_id > 25806)",
                  "Rows Removed by Filter": 949259
                }
              ]
            }
          ]
        }
      ]
    },
    "Planning Time": 0.156,
    "Triggers": [],
    "Execution Time": 135.95
  }
]