[
  {
    "Plan": {
      "Node Type": "Aggregate",
      "Strategy": "Plain",
      "Partial Mode": "Finalize",
      "Parallel Aware": false,
      "Startup Cost": 417148.9,
      "Total Cost": 417148.91,
      "Plan Rows": 1,
      "Plan Width": 8,
      "Actual Startup Time": 1225.096,
      "Actual Total Time": 1254.996,
      "Actual Rows": 1,
      "Actual Loops": 1,
      "Plans": [
        {
          "Node Type": "Gather",
          "Parent Relationship": "Outer",
          "Parallel Aware": false,
          "Startup Cost": 417148.28,
          "Total Cost": 417148.89,
          "Plan Rows": 6,
          "Plan Width": 8,
          "Actual Startup Time": 1209.728,
          "Actual Total Time": 1254.979,
          "Actual Rows": 7,
          "Actual Loops": 1,
          "Workers Planned": 6,
          "Workers Launched": 6,
          "Single Copy": false,
          "Plans": [
            {
              "Node Type": "Aggregate",
              "Strategy": "Plain",
              "Partial Mode": "Partial",
              "Parent Relationship": "Outer",
              "Parallel Aware": false,
              "Startup Cost": 416148.28,
              "Total Cost": 416148.29,
              "Plan Rows": 1,
              "Plan Width": 8,
              "Actual Startup Time": 1198.633,
              "Actual Total Time": 1198.864,
              "Actual Rows": 1,
              "Actual Loops": 7,
              "Plans": [
                {
                  "Node Type": "Hash Join",
                  "Parent Relationship": "Outer",
                  "Parallel Aware": true,
                  "Join Type": "Inner",
                  "Startup Cost": 79524.79,
                  "Total Cost": 415091.7,
                  "Plan Rows": 422631,
                  "Plan Width": 0,
                  "Actual Startup Time": 311.458,
                  "Actual Total Time": 1152.706,
                  "Actual Rows": 1129644,
                  "Actual Loops": 7,
                  "Inner Unique": false,
                  "Hash Cond": "(ci.movie_id = t.id)",
                  "Plans": [
                    {
                      "Node Type": "Index Scan",
                      "Parent Relationship": "Outer",
                      "Parallel Aware": true,
                      "Scan Direction": "Forward",
                      "Index Name": "role_id_cast_info",
                      "Relation Name": "cast_info",
                      "Alias": "ci",
                      "Startup Cost": 0.56,
                      "Total Cost": 326490.6,
                      "Plan Rows": 2056946,
                      "Plan Width": 4,
                      "Actual Startup Time": 0.249,
                      "Actual Total Time": 297.629,
                      "Actual Rows": 1730521,
                      "Actual Loops": 7,
                      "Index Cond": "(role_id > 3)",
                      "Rows Removed by Index Recheck": 0
                    },
                    {
                      "Node Type": "Hash",
                      "Parent Relationship": "Inner",
                      "Parallel Aware": true,
                      "Startup Cost": 77429.57,
                      "Total Cost": 77429.57,
                      "Plan Rows": 167573,
                      "Plan Width": 8,
                      "Actual Startup Time": 308.949,
                      "Actual Total Time": 309.179,
                      "Actual Rows": 133488,
                      "Actual Loops": 7,
                      "Hash Buckets": 1048576,
                      "Original Hash Buckets": 524288,
                      "Hash Batches": 1,
                      "Original Hash Batches": 1,
                      "Peak Memory Usage": 48992,
                      "Plans": [
                        {
                          "Node Type": "Hash Join",
                          "Parent Relationship": "Outer",
                          "Parallel Aware": true,
                          "Join Type": "Inner",
                          "Startup Cost": 46997.13,
                          "Total Cost": 77429.57,
                          "Plan Rows": 167573,
                          "Plan Width": 8,
                          "Actual Startup Time": 161.815,
                          "Actual Total Time": 249.198,
                          "Actual Rows": 133488,
                          "Actual Loops": 7,
                          "Inner Unique": true,
                          "Hash Cond": "(mc.movie_id = t.id)",
                          "Plans": [
                            {
                              "Node Type": "Seq Scan",
                              "Parent Relationship": "Outer",
                              "Parallel Aware": true,
                              "Relation Name": "movie_companies",
                              "Alias": "mc",
                              "Startup Cost": 0.0,
                              "Total Cost": 29310.68,
                              "Plan Rows": 427336,
                              "Plan Width": 4,
                              "Actual Startup Time": 20.814,
                              "Actual Total Time": 46.097,
                              "Actual Rows": 190698,
                              "Actual Loops": 7,
                              "Filter": "(company_type_id = 2)",
                              "Rows Removed by Filter": 182035
                            },
                            {
                              "Node Type": "Hash",
                              "Parent Relationship": "Inner",
                              "Parallel Aware": true,
                              "Startup Cost": 43898.92,
                              "Total Cost": 43898.92,
                              "Plan Rows": 247857,
                              "Plan Width": 4,
                              "Actual Startup Time": 139.264,
                              "Actual Total Time": 139.266,
                              "Actual Rows": 140721,
                              "Actual Loops": 7,
                              "Hash Buckets": 1048576,
                              "Original Hash Buckets": 1048576,
                              "Hash Batches": 1,
                              "Original Hash Batches": 1,
                              "Peak Memory Usage": 46848,
                              "Plans": [
                                {
                                  "Node Type": "Seq Scan",
                                  "Parent Relationship": "Outer",
                                  "Parallel Aware": true,
                                  "Relation Name": "title",
                                  "Alias": "t",
                                  "Startup Cost": 0.0,
                                  "Total Cost": 43898.92,
                                  "Plan Rows": 247857,
                                  "Plan Width": 4,
                                  "Actual Startup Time": 0.055,
                                  "Actual Total Time": 77.361,
                                  "Actual Rows": 140721,
                                  "Actual Loops": 7,
                                  "Filter": "(kind_id < 7)",
                                  "Rows Removed by Filter": 220466
                                }
                              ]
                            }
                          ]
                        }
                      ]
                    }
                  ]
                }
              ]
            }
          ]
        }
      ]
    },
    "Planning Time": 1.46,
    "Triggers": [],
    "Execution Time": 1255.099
  }
]