{
  "Plan": {
    "Node Type": "Aggregate",
    "Strategy": "Plain",
    "Partial Mode": "Finalize",
    "Parallel Aware": false,
    "Startup Cost": 117597.81,
    "Total Cost": 117597.82,
    "Plan Rows": 1,
    "Plan Width": 8,
    "Actual Startup Time": 684.393,
    "Actual Total Time": 704.894,
    "Actual Rows": 1,
    "Actual Loops": 1,
    "Plans": [
      {
        "Node Type": "Gather",
        "Parent Relationship": "Outer",
        "Parallel Aware": false,
        "Startup Cost": 117597.7,
        "Total Cost": 117597.81,
        "Plan Rows": 1,
        "Plan Width": 8,
        "Actual Startup Time": 677.801,
        "Actual Total Time": 704.885,
        "Actual Rows": 2,
        "Actual Loops": 1,
        "Workers Planned": 1,
        "Workers Launched": 1,
        "Single Copy": false,
        "Plans": [
          {
            "Node Type": "Aggregate",
            "Strategy": "Plain",
            "Partial Mode": "Partial",
            "Parent Relationship": "Outer",
            "Parallel Aware": false,
            "Startup Cost": 116597.7,
            "Total Cost": 116597.71,
            "Plan Rows": 1,
            "Plan Width": 8,
            "Actual Startup Time": 666.154,
            "Actual Total Time": 666.159,
            "Actual Rows": 1,
            "Actual Loops": 2,
            "Plans": [
              {
                "Node Type": "Nested Loop",
                "Parent Relationship": "Outer",
                "Parallel Aware": false,
                "Join Type": "Inner",
                "Startup Cost": 70708.18,
                "Total Cost": 116552.5,
                "Plan Rows": 18080,
                "Plan Width": 0,
                "Actual Startup Time": 552.135,
                "Actual Total Time": 665.15,
                "Actual Rows": 13334,
                "Actual Loops": 2,
                "Inner Unique": false,
                "Plans": [
                  {
                    "Node Type": "Hash Join",
                    "Parent Relationship": "Outer",
                    "Parallel Aware": true,
                    "Join Type": "Inner",
                    "Startup Cost": 70707.75,
                    "Total Cost": 95683.65,
                    "Plan Rows": 34506,
                    "Plan Width": 8,
                    "Actual Startup Time": 552.018,
                    "Actual Total Time": 594.045,
                    "Actual Rows": 29224,
                    "Actual Loops": 2,
                    "Inner Unique": true,
                    "Hash Cond": "(mk.movie_id = t.id)",
                    "Plans": [
                      {
                        "Node Type": "Bitmap Heap Scan",
                        "Parent Relationship": "Outer",
                        "Parallel Aware": true,
                        "Relation Name": "movie_keyword",
                        "Alias": "mk",
                        "Startup Cost": 1247.05,
                        "Total Cost": 26132.37,
                        "Plan Rows": 34506,
                        "Plan Width": 4,
                        "Actual Startup Time": 6.112,
                        "Actual Total Time": 30.183,
                        "Actual Rows": 29224,
                        "Actual Loops": 2,
                        "Recheck Cond": "(keyword_id = 16264)",
                        "Rows Removed by Index Recheck": 0,
                        "Exact Heap Blocks": 7116,
                        "Lossy Heap Blocks": 0,
                        "Plans": [
                          {
                            "Node Type": "Bitmap Index Scan",
                            "Parent Relationship": "Outer",
                            "Parallel Aware": false,
                            "Index Name": "keyword_id_movie_keyword",
                            "Startup Cost": 0.0,
                            "Total Cost": 1232.38,
                            "Plan Rows": 58660,
                            "Plan Width": 0,
                            "Actual Startup Time": 4.47,
                            "Actual Total Time": 4.471,
                            "Actual Rows": 58448,
                            "Actual Loops": 1,
                            "Index Cond": "(keyword_id = 16264)"
                          }
                        ]
                      },
                      {
                        "Node Type": "Hash",
                        "Parent Relationship": "Inner",
                        "Parallel Aware": true,
                        "Startup Cost": 50870.31,
                        "Total Cost": 50870.31,
                        "Plan Rows": 1487231,
                        "Plan Width": 4,
                        "Actual Startup Time": 524.741,
                        "Actual Total Time": 524.741,
                        "Actual Rows": 1264156,
                        "Actual Loops": 2,
                        "Hash Buckets": 4194304,
                        "Original Hash Buckets": 4194304,
                        "Hash Batches": 1,
                        "Original Hash Batches": 1,
                        "Peak Memory Usage": 131712,
                        "Plans": [
                          {
                            "Node Type": "Seq Scan",
                            "Parent Relationship": "Outer",
                            "Parallel Aware": true,
                            "Relation Name": "title",
                            "Alias": "t",
                            "Startup Cost": 0.0,
                            "Total Cost": 50870.31,
                            "Plan Rows": 1487231,
                            "Plan Width": 4,
                            "Actual Startup Time": 0.02,
                            "Actual Total Time": 155.869,
                            "Actual Rows": 1264156,
                            "Actual Loops": 2
                          }
                        ]
                      }
                    ]
                  },
                  {
                    "Node Type": "Index Scan",
                    "Parent Relationship": "Inner",
                    "Parallel Aware": false,
                    "Scan Direction": "Forward",
                    "Index Name": "movie_id_movie_companies",
                    "Relation Name": "movie_companies",
                    "Alias": "mc",
                    "Startup Cost": 0.43,
                    "Total Cost": 0.57,
                    "Plan Rows": 3,
                    "Plan Width": 4,
                    "Actual Startup Time": 0.002,
                    "Actual Total Time": 0.002,
                    "Actual Rows": 0,
                    "Actual Loops": 58448,
                    "Index Cond": "(movie_id = t.id)",
                    "Rows Removed by Index Recheck": 0,
                    "Filter": "(company_type_id = 2)",
                    "Rows Removed by Filter": 1
                  }
                ]
              }
            ]
          }
        ]
      }
    ]
  },
  "Planning Time": 1.071,
  "Triggers": [],
  "Execution Time": 705.004
}