[
    {
        "Bao": {
            "Bao prediction": "NaN",
            "Bao recommended hint": "(no hint)"
        }
    },
    {
        "Plan": {
            "Node Type": "Aggregate",
            "Strategy": "Plain",
            "Partial Mode": "Finalize",
            "Parallel Aware": false,
            "Startup Cost": 33142.44,
            "Total Cost": 33142.45,
            "Plan Rows": 1,
            "Plan Width": 8,
            "Actual Startup Time": 106.927,
            "Actual Total Time": 112.155,
            "Actual Rows": 1,
            "Actual Loops": 1,
            "Output": [
                "count(*)"
            ],
            "Plans": [
                {
                    "Node Type": "Gather",
                    "Parent Relationship": "Outer",
                    "Parallel Aware": false,
                    "Startup Cost": 33142.12,
                    "Total Cost": 33142.43,
                    "Plan Rows": 3,
                    "Plan Width": 8,
                    "Actual Startup Time": 106.829,
                    "Actual Total Time": 112.146,
                    "Actual Rows": 4,
                    "Actual Loops": 1,
                    "Output": [
                        "(PARTIAL count(*))"
                    ],
                    "Workers Planned": 3,
                    "Workers Launched": 3,
                    "Single Copy": false,
                    "Plans": [
                        {
                            "Node Type": "Aggregate",
                            "Strategy": "Plain",
                            "Partial Mode": "Partial",
                            "Parent Relationship": "Outer",
                            "Parallel Aware": false,
                            "Startup Cost": 32142.12,
                            "Total Cost": 32142.13,
                            "Plan Rows": 1,
                            "Plan Width": 8,
                            "Actual Startup Time": 98.22,
                            "Actual Total Time": 98.221,
                            "Actual Rows": 1,
                            "Actual Loops": 4,
                            "Output": [
                                "PARTIAL count(*)"
                            ],
                            "Workers": [
                                {
                                    "Worker Number": 0,
                                    "Actual Startup Time": 95.324,
                                    "Actual Total Time": 95.326,
                                    "Actual Rows": 1,
                                    "Actual Loops": 1
                                },
                                {
                                    "Worker Number": 1,
                                    "Actual Startup Time": 95.32,
                                    "Actual Total Time": 95.321,
                                    "Actual Rows": 1,
                                    "Actual Loops": 1
                                },
                                {
                                    "Worker Number": 2,
                                    "Actual Startup Time": 96.056,
                                    "Actual Total Time": 96.058,
                                    "Actual Rows": 1,
                                    "Actual Loops": 1
                                }
                            ],
                            "Plans": [
                                {
                                    "Node Type": "Seq Scan",
                                    "Parent Relationship": "Outer",
                                    "Parallel Aware": true,
                                    "Relation Name": "movie_companies",
                                    "Schema": "public",
                                    "Alias": "mc",
                                    "Startup Cost": 0.0,
                                    "Total Cost": 31414.82,
                                    "Plan Rows": 290920,
                                    "Plan Width": 0,
                                    "Actual Startup Time": 48.936,
                                    "Actual Total Time": 86.149,
                                    "Actual Rows": 272422,
                                    "Actual Loops": 4,
                                    "Output": [
                                        "id",
                                        "movie_id",
                                        "company_id",
                                        "company_type_id",
                                        "note"
                                    ],
                                    "Filter": "((mc.company_id > 2179) AND (mc.company_type_id = 2))",
                                    "Rows Removed by Filter": 379860,
                                    "Workers": [
                                        {
                                            "Worker Number": 0,
                                            "Actual Startup Time": 46.037,
                                            "Actual Total Time": 83.635,
                                            "Actual Rows": 289779,
                                            "Actual Loops": 1
                                        },
                                        {
                                            "Worker Number": 1,
                                            "Actual Startup Time": 46.045,
                                            "Actual Total Time": 83.613,
                                            "Actual Rows": 289905,
                                            "Actual Loops": 1
                                        },
                                        {
                                            "Worker Number": 2,
                                            "Actual Startup Time": 46.77,
                                            "Actual Total Time": 84.235,
                                            "Actual Rows": 179991,
                                            "Actual Loops": 1
                                        }
                                    ]
                                }
                            ]
                        }
                    ]
                }
            ]
        },
        "Planning Time": 185.148,
        "Triggers": [],
        "Execution Time": 112.253
    }
]