[
  {
    "Plan": {
      "Node Type": "Aggregate",
      "Strategy": "Plain",
      "Partial Mode": "Finalize",
      "Parallel Aware": false,
      "Startup Cost": 196756.14,
      "Total Cost": 196756.15,
      "Plan Rows": 1,
      "Plan Width": 8,
      "Actual Startup Time": 2238.215,
      "Actual Total Time": 2293.92,
      "Actual Rows": 1,
      "Actual Loops": 1,
      "Plans": [
        {
          "Node Type": "Gather",
          "Parent Relationship": "Outer",
          "Parallel Aware": false,
          "Startup Cost": 196755.83,
          "Total Cost": 196756.14,
          "Plan Rows": 3,
          "Plan Width": 8,
          "Actual Startup Time": 2236.584,
          "Actual Total Time": 2293.91,
          "Actual Rows": 4,
          "Actual Loops": 1,
          "Workers Planned": 3,
          "Workers Launched": 3,
          "Single Copy": false,
          "Plans": [
            {
              "Node Type": "Aggregate",
              "Strategy": "Plain",
              "Partial Mode": "Partial",
              "Parent Relationship": "Outer",
              "Parallel Aware": false,
              "Startup Cost": 195755.83,
              "Total Cost": 195755.84,
              "Plan Rows": 1,
              "Plan Width": 8,
              "Actual Startup Time": 2226.918,
              "Actual Total Time": 2227.018,
              "Actual Rows": 1,
              "Actual Loops": 4,
              "Plans": [
                {
                  "Node Type": "Nested Loop",
                  "Parent Relationship": "Outer",
                  "Parallel Aware": false,
                  "Join Type": "Inner",
                  "Startup Cost": 46106.87,
                  "Total Cost": 195405.71,
                  "Plan Rows": 140048,
                  "Plan Width": 0,
                  "Actual Startup Time": 147.69,
                  "Actual Total Time": 2146.46,
                  "Actual Rows": 1491090,
                  "Actual Loops": 4,
                  "Inner Unique": false,
                  "Join Filter": "(t.id = mi.movie_id)",
                  "Rows Removed by Join Filter": 0,
                  "Plans": [
                    {
                      "Node Type": "Hash Join",
                      "Parent Relationship": "Outer",
                      "Parallel Aware": true,
                      "Join Type": "Inner",
                      "Startup Cost": 46106.44,
                      "Total Cost": 75522.33,
                      "Plan Rows": 66827,
                      "Plan Width": 8,
                      "Actual Startup Time": 147.604,
                      "Actual Total Time": 404.835,
                      "Actual Rows": 161512,
                      "Actual Loops": 4,
                      "Inner Unique": true,
                      "Hash Cond": "(mc.movie_id = t.id)",
                      "Plans": [
                        {
                          "Node Type": "Seq Scan",
                          "Parent Relationship": "Outer",
                          "Parallel Aware": true,
                          "Relation Name": "movie_companies",
                          "Alias": "mc",
                          "Startup Cost": 0.0,
                          "Total Cost": 27206.55,
                          "Plan Rows": 841655,
                          "Plan Width": 4,
                          "Actual Startup Time": 0.017,
                          "Actual Total Time": 68.558,
                          "Actual Rows": 652282,
                          "Actual Loops": 4
                        },
                        {
                          "Node Type": "Hash",
                          "Parent Relationship": "Inner",
                          "Parallel Aware": true,
                          "Startup Cost": 45479.1,
                          "Total Cost": 45479.1,
                          "Plan Rows": 50187,
                          "Plan Width": 4,
                          "Actual Startup Time": 145.142,
                          "Actual Total Time": 145.143,
                          "Actual Rows": 78482,
                          "Actual Loops": 4,
                          "Hash Buckets": 524288,
                          "Original Hash Buckets": 262144,
                          "Hash Batches": 1,
                          "Original Hash Batches": 1,
                          "Peak Memory Usage": 18496,
                          "Plans": [
                            {
                              "Node Type": "Seq Scan",
                              "Parent Relationship": "Outer",
                              "Parallel Aware": true,
                              "Relation Name": "title",
                              "Alias": "t",
                              "Startup Cost": 0.0,
                              "Total Cost": 45479.1,
                              "Plan Rows": 50187,
                              "Plan Width": 4,
                              "Actual Startup Time": 0.079,
                              "Actual Total Time": 108.391,
                              "Actual Rows": 78482,
                              "Actual Loops": 4,
                              "Filter": "((kind_id < 7) AND (production_year < 1981))",
                              "Rows Removed by Filter": 553596
                            }
                          ]
                        }
                      ]
                    },
                    {
                      "Node Type": "Index Scan",
                      "Parent Relationship": "Inner",
                      "Parallel Aware": false,
                      "Scan Direction": "Forward",
                      "Index Name": "movie_id_movie_info",
                      "Relation Name": "movie_info",
                      "Alias": "mi",
                      "Startup Cost": 0.43,
                      "Total Cost": 1.61,
                      "Plan Rows": 15,
                      "Plan Width": 4,
                      "Actual Startup Time": 0.004,
                      "Actual Total Time": 0.01,
                      "Actual Rows": 9,
                      "Actual Loops": 646046,
                      "Index Cond": "(movie_id = mc.movie_id)",
                      "Rows Removed by Index Recheck": 0,
                      "Filter": "(info_type_id > 15)",
                      "Rows Removed by Filter": 14
                    }
                  ]
                }
              ]
            }
          ]
        }
      ]
    },
    "Planning Time": 1.488,
    "Triggers": [],
    "Execution Time": 2294.029
  }
]