[
  {
    "Plan": {
      "Node Type": "Aggregate",
      "Strategy": "Plain",
      "Partial Mode": "Finalize",
      "Parallel Aware": false,
      "Startup Cost": 97192.66,
      "Total Cost": 97192.67,
      "Plan Rows": 1,
      "Plan Width": 8,
      "Actual Startup Time": 420.578,
      "Actual Total Time": 437.159,
      "Actual Rows": 1,
      "Actual Loops": 1,
      "Plans": [
        {
          "Node Type": "Gather",
          "Parent Relationship": "Outer",
          "Parallel Aware": false,
          "Startup Cost": 97192.44,
          "Total Cost": 97192.65,
          "Plan Rows": 2,
          "Plan Width": 8,
          "Actual Startup Time": 418.712,
          "Actual Total Time": 437.151,
          "Actual Rows": 3,
          "Actual Loops": 1,
          "Workers Planned": 2,
          "Workers Launched": 2,
          "Single Copy": false,
          "Plans": [
            {
              "Node Type": "Aggregate",
              "Strategy": "Plain",
              "Partial Mode": "Partial",
              "Parent Relationship": "Outer",
              "Parallel Aware": false,
              "Startup Cost": 96192.44,
              "Total Cost": 96192.45,
              "Plan Rows": 1,
              "Plan Width": 8,
              "Actual Startup Time": 410.696,
              "Actual Total Time": 410.809,
              "Actual Rows": 1,
              "Actual Loops": 3,
              "Plans": [
                {
                  "Node Type": "Hash Join",
                  "Parent Relationship": "Outer",
                  "Parallel Aware": true,
                  "Join Type": "Inner",
                  "Startup Cost": 80049.47,
                  "Total Cost": 96041.68,
                  "Plan Rows": 60305,
                  "Plan Width": 0,
                  "Actual Startup Time": 354.74,
                  "Actual Total Time": 407.596,
                  "Actual Rows": 78741,
                  "Actual Loops": 3,
                  "Inner Unique": false,
                  "Hash Cond": "(mi_idx.movie_id = t.id)",
                  "Plans": [
                    {
                      "Node Type": "Seq Scan",
                      "Parent Relationship": "Outer",
                      "Parallel Aware": true,
                      "Relation Name": "movie_info_idx",
                      "Alias": "mi_idx",
                      "Startup Cost": 0.0,
                      "Total Cost": 13685.15,
                      "Plan Rows": 575015,
                      "Plan Width": 4,
                      "Actual Startup Time": 0.034,
                      "Actual Total Time": 36.106,
                      "Actual Rows": 460012,
                      "Actual Loops": 3
                    },
                    {
                      "Node Type": "Hash",
                      "Parent Relationship": "Inner",
                      "Parallel Aware": true,
                      "Startup Cost": 79220.87,
                      "Total Cost": 79220.87,
                      "Plan Rows": 66288,
                      "Plan Width": 8,
                      "Actual Startup Time": 317.4,
                      "Actual Total Time": 317.511,
                      "Actual Rows": 43031,
                      "Actual Loops": 3,
                      "Hash Buckets": 524288,
                      "Original Hash Buckets": 524288,
                      "Hash Batches": 1,
                      "Original Hash Batches": 1,
                      "Peak Memory Usage": 9184,
                      "Plans": [
                        {
                          "Node Type": "Hash Join",
                          "Parent Relationship": "Outer",
                          "Parallel Aware": true,
                          "Join Type": "Inner",
                          "Startup Cost": 33437.94,
                          "Total Cost": 79220.87,
                          "Plan Rows": 66288,
                          "Plan Width": 8,
                          "Actual Startup Time": 219.454,
                          "Actual Total Time": 304.996,
                          "Actual Rows": 43031,
                          "Actual Loops": 3,
                          "Inner Unique": false,
                          "Hash Cond": "(t.id = mc.movie_id)",
                          "Plans": [
                            {
                              "Node Type": "Seq Scan",
                              "Parent Relationship": "Outer",
                              "Parallel Aware": true,
                              "Relation Name": "title",
                              "Alias": "t",
                              "Startup Cost": 0.0,
                              "Total Cost": 43898.92,
                              "Plan Rows": 334036,
                              "Plan Width": 4,
                              "Actual Startup Time": 0.014,
                              "Actual Total Time": 108.935,
                              "Actual Rows": 449431,
                              "Actual Loops": 3,
                              "Filter": "(production_year < 2005)",
                              "Rows Removed by Filter": 393340
                            },
                            {
                              "Node Type": "Hash",
                              "Parent Relationship": "Inner",
                              "Parallel Aware": true,
                              "Startup Cost": 31414.82,
                              "Total Cost": 31414.82,
                              "Plan Rows": 161850,
                              "Plan Width": 4,
                              "Actual Startup Time": 116.508,
                              "Actual Total Time": 116.509,
                              "Actual Rows": 66786,
                              "Actual Loops": 3,
                              "Hash Buckets": 524288,
                              "Original Hash Buckets": 524288,
                              "Hash Batches": 1,
                              "Original Hash Batches": 1,
                              "Peak Memory Usage": 11968,
                              "Plans": [
                                {
                                  "Node Type": "Seq Scan",
                                  "Parent Relationship": "Outer",
                                  "Parallel Aware": true,
                                  "Relation Name": "movie_companies",
                                  "Alias": "mc",
                                  "Startup Cost": 0.0,
                                  "Total Cost": 31414.82,
                                  "Plan Rows": 161850,
                                  "Plan Width": 4,
                                  "Actual Startup Time": 26.362,
                                  "Actual Total Time": 94.027,
                                  "Actual Rows": 66786,
                                  "Actual Loops": 3,
                                  "Filter": "((company_id > 15572) AND (company_type_id = 1))",
                                  "Rows Removed by Filter": 802924
                                }
                              ]
                            }
                          ]
                        }
                      ]
                    }
                  ]
                }
              ]
            }
          ]
        }
      ]
    },
    "Planning Time": 1.44,
    "Triggers": [],
    "Execution Time": 437.246
  }
]