[
  {
    "Plan": {
      "Node Type": "Aggregate",
      "Strategy": "Plain",
      "Partial Mode": "Finalize",
      "Parallel Aware": false,
      "Startup Cost": 234305.39,
      "Total Cost": 234305.4,
      "Plan Rows": 1,
      "Plan Width": 8,
      "Actual Startup Time": 369.558,
      "Actual Total Time": 387.368,
      "Actual Rows": 1,
      "Actual Loops": 1,
      "Plans": [
        {
          "Node Type": "Gather",
          "Parent Relationship": "Outer",
          "Parallel Aware": false,
          "Startup Cost": 234304.87,
          "Total Cost": 234305.38,
          "Plan Rows": 5,
          "Plan Width": 8,
          "Actual Startup Time": 362.758,
          "Actual Total Time": 387.359,
          "Actual Rows": 6,
          "Actual Loops": 1,
          "Workers Planned": 5,
          "Workers Launched": 5,
          "Single Copy": false,
          "Plans": [
            {
              "Node Type": "Aggregate",
              "Strategy": "Plain",
              "Partial Mode": "Partial",
              "Parent Relationship": "Outer",
              "Parallel Aware": false,
              "Startup Cost": 233304.87,
              "Total Cost": 233304.88,
              "Plan Rows": 1,
              "Plan Width": 8,
              "Actual Startup Time": 347.629,
              "Actual Total Time": 347.633,
              "Actual Rows": 1,
              "Actual Loops": 6,
              "Plans": [
                {
                  "Node Type": "Hash Join",
                  "Parent Relationship": "Outer",
                  "Parallel Aware": true,
                  "Join Type": "Inner",
                  "Startup Cost": 67722.36,
                  "Total Cost": 233029.15,
                  "Plan Rows": 110286,
                  "Plan Width": 0,
                  "Actual Startup Time": 240.377,
                  "Actual Total Time": 342.893,
                  "Actual Rows": 87436,
                  "Actual Loops": 6,
                  "Inner Unique": true,
                  "Hash Cond": "(mi.movie_id = t.id)",
                  "Plans": [
                    {
                      "Node Type": "Bitmap Heap Scan",
                      "Parent Relationship": "Outer",
                      "Parallel Aware": true,
                      "Relation Name": "movie_info",
                      "Alias": "mi",
                      "Startup Cost": 19846.33,
                      "Total Cost": 184578.0,
                      "Plan Rows": 219094,
                      "Plan Width": 4,
                      "Actual Startup Time": 40.107,
                      "Actual Total Time": 102.196,
                      "Actual Rows": 173314,
                      "Actual Loops": 6,
                      "Recheck Cond": "(info_type_id > 80)",
                      "Rows Removed by Index Recheck": 0,
                      "Exact Heap Blocks": 8725,
                      "Lossy Heap Blocks": 0,
                      "Plans": [
                        {
                          "Node Type": "Bitmap Index Scan",
                          "Parent Relationship": "Outer",
                          "Parallel Aware": false,
                          "Index Name": "info_type_id_movie_info",
                          "Startup Cost": 0.0,
                          "Total Cost": 19572.46,
                          "Plan Rows": 1095470,
                          "Plan Width": 0,
                          "Actual Startup Time": 34.491,
                          "Actual Total Time": 34.492,
                          "Actual Rows": 1039881,
                          "Actual Loops": 1,
                          "Index Cond": "(info_type_id > 80)"
                        }
                      ]
                    },
                    {
                      "Node Type": "Hash",
                      "Parent Relationship": "Inner",
                      "Parallel Aware": true,
                      "Startup Cost": 43898.92,
                      "Total Cost": 43898.92,
                      "Plan Rows": 318169,
                      "Plan Width": 4,
                      "Actual Startup Time": 178.5,
                      "Actual Total Time": 178.501,
                      "Actual Rows": 210049,
                      "Actual Loops": 6,
                      "Hash Buckets": 2097152,
                      "Original Hash Buckets": 2097152,
                      "Hash Batches": 1,
                      "Original Hash Batches": 1,
                      "Peak Memory Usage": 65728,
                      "Plans": [
                        {
                          "Node Type": "Seq Scan",
                          "Parent Relationship": "Outer",
                          "Parallel Aware": true,
                          "Relation Name": "title",
                          "Alias": "t",
                          "Startup Cost": 0.0,
                          "Total Cost": 43898.92,
                          "Plan Rows": 318169,
                          "Plan Width": 4,
                          "Actual Startup Time": 0.039,
                          "Actual Total Time": 84.815,
                          "Actual Rows": 210049,
                          "Actual Loops": 6,
                          "Filter": "(production_year > 2002)",
                          "Rows Removed by Filter": 211336
                        }
                      ]
                    }
                  ]
                }
              ]
            }
          ]
        }
      ]
    },
    "Planning Time": 0.612,
    "Triggers": [],
    "Execution Time": 387.466
  }
]