[
  {
    "Plan": {
      "Node Type": "Aggregate",
      "Strategy": "Plain",
      "Partial Mode": "Finalize",
      "Parallel Aware": false,
      "Startup Cost": 44720.9,
      "Total Cost": 44720.91,
      "Plan Rows": 1,
      "Plan Width": 8,
      "Actual Startup Time": 127.626,
      "Actual Total Time": 136.831,
      "Actual Rows": 1,
      "Actual Loops": 1,
      "Plans": [
        {
          "Node Type": "Gather",
          "Parent Relationship": "Outer",
          "Parallel Aware": false,
          "Startup Cost": 44720.58,
          "Total Cost": 44720.89,
          "Plan Rows": 3,
          "Plan Width": 8,
          "Actual Startup Time": 127.511,
          "Actual Total Time": 136.822,
          "Actual Rows": 4,
          "Actual Loops": 1,
          "Workers Planned": 3,
          "Workers Launched": 3,
          "Single Copy": false,
          "Plans": [
            {
              "Node Type": "Aggregate",
              "Strategy": "Plain",
              "Partial Mode": "Partial",
              "Parent Relationship": "Outer",
              "Parallel Aware": false,
              "Startup Cost": 43720.58,
              "Total Cost": 43720.59,
              "Plan Rows": 1,
              "Plan Width": 8,
              "Actual Startup Time": 121.786,
              "Actual Total Time": 121.787,
              "Actual Rows": 1,
              "Actual Loops": 4,
              "Plans": [
                {
                  "Node Type": "Seq Scan",
                  "Parent Relationship": "Outer",
                  "Parallel Aware": true,
                  "Relation Name": "movie_keyword",
                  "Alias": "mk",
                  "Startup Cost": 0.0,
                  "Total Cost": 42695.65,
                  "Plan Rows": 409971,
                  "Plan Width": 0,
                  "Actual Startup Time": 0.043,
                  "Actual Total Time": 105.845,
                  "Actual Rows": 317793,
                  "Actual Loops": 4,
                  "Filter": "(keyword_id < 1629)",
                  "Rows Removed by Filter": 813189
                }
              ]
            }
          ]
        }
      ]
    },
    "Planning Time": 0.188,
    "Triggers": [],
    "Execution Time": 136.885
  }
]