{
  "Plan": {
    "Node Type": "Aggregate",
    "Strategy": "Plain",
    "Partial Mode": "Finalize",
    "Parallel Aware": false,
    "Startup Cost": 226039.25,
    "Total Cost": 226039.26,
    "Plan Rows": 1,
    "Plan Width": 8,
    "Actual Startup Time": 1410.299,
    "Actual Total Time": 1466.994,
    "Actual Rows": 1,
    "Actual Loops": 1,
    "Plans": [
      {
        "Node Type": "Gather",
        "Parent Relationship": "Outer",
        "Parallel Aware": false,
        "Startup Cost": 226039.13,
        "Total Cost": 226039.24,
        "Plan Rows": 1,
        "Plan Width": 8,
        "Actual Startup Time": 1409.718,
        "Actual Total Time": 1466.983,
        "Actual Rows": 2,
        "Actual Loops": 1,
        "Workers Planned": 1,
        "Workers Launched": 1,
        "Single Copy": false,
        "Plans": [
          {
            "Node Type": "Aggregate",
            "Strategy": "Plain",
            "Partial Mode": "Partial",
            "Parent Relationship": "Outer",
            "Parallel Aware": false,
            "Startup Cost": 225039.13,
            "Total Cost": 225039.14,
            "Plan Rows": 1,
            "Plan Width": 8,
            "Actual Startup Time": 1403.589,
            "Actual Total Time": 1403.594,
            "Actual Rows": 1,
            "Actual Loops": 2,
            "Plans": [
              {
                "Node Type": "Nested Loop",
                "Parent Relationship": "Outer",
                "Parallel Aware": false,
                "Join Type": "Inner",
                "Startup Cost": 56976.47,
                "Total Cost": 224156.8,
                "Plan Rows": 352932,
                "Plan Width": 0,
                "Actual Startup Time": 170.539,
                "Actual Total Time": 1333.235,
                "Actual Rows": 1775306,
                "Actual Loops": 2,
                "Inner Unique": false,
                "Join Filter": "(t.id = mi.movie_id)",
                "Rows Removed by Join Filter": 0,
                "Plans": [
                  {
                    "Node Type": "Hash Join",
                    "Parent Relationship": "Outer",
                    "Parallel Aware": true,
                    "Join Type": "Inner",
                    "Startup Cost": 56976.04,
                    "Total Cost": 98385.62,
                    "Plan Rows": 60358,
                    "Plan Width": 8,
                    "Actual Startup Time": 170.472,
                    "Actual Total Time": 458.515,
                    "Actual Rows": 54186,
                    "Actual Loops": 2,
                    "Inner Unique": true,
                    "Hash Cond": "(mc.movie_id = t.id)",
                    "Plans": [
                      {
                        "Node Type": "Seq Scan",
                        "Parent Relationship": "Outer",
                        "Parallel Aware": true,
                        "Relation Name": "movie_companies",
                        "Alias": "mc",
                        "Startup Cost": 0.0,
                        "Total Cost": 37974.77,
                        "Plan Rows": 1308496,
                        "Plan Width": 4,
                        "Actual Startup Time": 0.026,
                        "Actual Total Time": 128.296,
                        "Actual Rows": 1108826,
                        "Actual Loops": 2,
                        "Filter": "(company_id < 83149)",
                        "Rows Removed by Filter": 195738
                      },
                      {
                        "Node Type": "Hash",
                        "Parent Relationship": "Inner",
                        "Parallel Aware": true,
                        "Startup Cost": 56118.5,
                        "Total Cost": 56118.5,
                        "Plan Rows": 68603,
                        "Plan Width": 4,
                        "Actual Startup Time": 168.176,
                        "Actual Total Time": 168.178,
                        "Actual Rows": 56098,
                        "Actual Loops": 2,
                        "Hash Buckets": 131072,
                        "Original Hash Buckets": 131072,
                        "Hash Batches": 1,
                        "Original Hash Batches": 1,
                        "Peak Memory Usage": 5440,
                        "Plans": [
                          {
                            "Node Type": "Bitmap Heap Scan",
                            "Parent Relationship": "Outer",
                            "Parallel Aware": true,
                            "Relation Name": "title",
                            "Alias": "t",
                            "Startup Cost": 13468.11,
                            "Total Cost": 56118.5,
                            "Plan Rows": 68603,
                            "Plan Width": 4,
                            "Actual Startup Time": 49.702,
                            "Actual Total Time": 152.264,
                            "Actual Rows": 56098,
                            "Actual Loops": 2,
                            "Recheck Cond": "(kind_id < 3)",
                            "Rows Removed by Index Recheck": 0,
                            "Filter": "(production_year > 2010)",
                            "Rows Removed by Filter": 320741,
                            "Exact Heap Blocks": 26741,
                            "Lossy Heap Blocks": 0,
                            "Plans": [
                              {
                                "Node Type": "Bitmap Index Scan",
                                "Parent Relationship": "Outer",
                                "Parallel Aware": false,
                                "Index Name": "kind_id_title",
                                "Startup Cost": 0.0,
                                "Total Cost": 13438.96,
                                "Plan Rows": 753937,
                                "Plan Width": 0,
                                "Actual Startup Time": 47.285,
                                "Actual Total Time": 47.286,
                                "Actual Rows": 753677,
                                "Actual Loops": 1,
                                "Index Cond": "(kind_id < 3)"
                              }
                            ]
                          }
                        ]
                      }
                    ]
                  },
                  {
                    "Node Type": "Index Only Scan",
                    "Parent Relationship": "Inner",
                    "Parallel Aware": false,
                    "Scan Direction": "Forward",
                    "Index Name": "movie_id_movie_info",
                    "Relation Name": "movie_info",
                    "Alias": "mi",
                    "Startup Cost": 0.43,
                    "Total Cost": 1.56,
                    "Plan Rows": 42,
                    "Plan Width": 4,
                    "Actual Startup Time": 0.005,
                    "Actual Total Time": 0.013,
                    "Actual Rows": 33,
                    "Actual Loops": 108373,
                    "Index Cond": "(movie_id = mc.movie_id)",
                    "Rows Removed by Index Recheck": 0,
                    "Heap Fetches": 3550611
                  }
                ]
              }
            ]
          }
        ]
      }
    ]
  },
  "Planning Time": 1.026,
  "Triggers": [],
  "Execution Time": 1467.128
}