{
  "Plan": {
    "Node Type": "Aggregate",
    "Strategy": "Plain",
    "Partial Mode": "Finalize",
    "Parallel Aware": false,
    "Startup Cost": 698467.67,
    "Total Cost": 698467.68,
    "Plan Rows": 1,
    "Plan Width": 8,
    "Actual Startup Time": 9473.033,
    "Actual Total Time": 9572.117,
    "Actual Rows": 1,
    "Actual Loops": 1,
    "Plans": [
      {
        "Node Type": "Gather",
        "Parent Relationship": "Outer",
        "Parallel Aware": false,
        "Startup Cost": 698467.56,
        "Total Cost": 698467.67,
        "Plan Rows": 1,
        "Plan Width": 8,
        "Actual Startup Time": 9452.082,
        "Actual Total Time": 9572.106,
        "Actual Rows": 2,
        "Actual Loops": 1,
        "Workers Planned": 1,
        "Workers Launched": 1,
        "Single Copy": false,
        "Plans": [
          {
            "Node Type": "Aggregate",
            "Strategy": "Plain",
            "Partial Mode": "Partial",
            "Parent Relationship": "Outer",
            "Parallel Aware": false,
            "Startup Cost": 697467.56,
            "Total Cost": 697467.57,
            "Plan Rows": 1,
            "Plan Width": 8,
            "Actual Startup Time": 9427.709,
            "Actual Total Time": 9429.893,
            "Actual Rows": 1,
            "Actual Loops": 2,
            "Plans": [
              {
                "Node Type": "Hash Join",
                "Parent Relationship": "Outer",
                "Parallel Aware": true,
                "Join Type": "Inner",
                "Startup Cost": 563089.0,
                "Total Cost": 679492.84,
                "Plan Rows": 7189888,
                "Plan Width": 0,
                "Actual Startup Time": 6515.838,
                "Actual Total Time": 8575.033,
                "Actual Rows": 21299838,
                "Actual Loops": 2,
                "Inner Unique": false,
                "Hash Cond": "(mk.movie_id = t.id)",
                "Plans": [
                  {
                    "Node Type": "Seq Scan",
                    "Parent Relationship": "Outer",
                    "Parallel Aware": true,
                    "Relation Name": "movie_keyword",
                    "Alias": "mk",
                    "Startup Cost": 0.0,
                    "Total Cost": 57718.19,
                    "Plan Rows": 1457082,
                    "Plan Width": 4,
                    "Actual Startup Time": 0.018,
                    "Actual Total Time": 186.461,
                    "Actual Rows": 1238942,
                    "Actual Loops": 2,
                    "Filter": "(keyword_id < 5996)",
                    "Rows Removed by Filter": 1023024
                  },
                  {
                    "Node Type": "Hash",
                    "Parent Relationship": "Inner",
                    "Parallel Aware": true,
                    "Startup Cost": 471355.77,
                    "Total Cost": 471355.77,
                    "Plan Rows": 7338659,
                    "Plan Width": 8,
                    "Actual Startup Time": 6461.837,
                    "Actual Total Time": 6464.018,
                    "Actual Rows": 6335344,
                    "Actual Loops": 2,
                    "Hash Buckets": 16777216,
                    "Original Hash Buckets": 16777216,
                    "Hash Batches": 1,
                    "Original Hash Batches": 1,
                    "Peak Memory Usage": 626752,
                    "Plans": [
                      {
                        "Node Type": "Hash Join",
                        "Parent Relationship": "Outer",
                        "Parallel Aware": true,
                        "Join Type": "Inner",
                        "Startup Cost": 69461.26,
                        "Total Cost": 471355.77,
                        "Plan Rows": 7338659,
                        "Plan Width": 8,
                        "Actual Startup Time": 501.798,
                        "Actual Total Time": 4426.745,
                        "Actual Rows": 6335344,
                        "Actual Loops": 2,
                        "Inner Unique": true,
                        "Hash Cond": "(ci.movie_id = t.id)",
                        "Plans": [
                          {
                            "Node Type": "Index Scan",
                            "Parent Relationship": "Outer",
                            "Parallel Aware": true,
                            "Scan Direction": "Forward",
                            "Index Name": "role_id_cast_info",
                            "Relation Name": "cast_info",
                            "Alias": "ci",
                            "Startup Cost": 0.56,
                            "Total Cost": 382631.05,
                            "Plan Rows": 7338659,
                            "Plan Width": 4,
                            "Actual Startup Time": 0.047,
                            "Actual Total Time": 930.595,
                            "Actual Rows": 6335344,
                            "Actual Loops": 2,
                            "Index Cond": "(role_id = 1)",
                            "Rows Removed by Index Recheck": 0
                          },
                          {
                            "Node Type": "Hash",
                            "Parent Relationship": "Inner",
                            "Parallel Aware": true,
                            "Startup Cost": 50870.31,
                            "Total Cost": 50870.31,
                            "Plan Rows": 1487231,
                            "Plan Width": 4,
                            "Actual Startup Time": 491.035,
                            "Actual Total Time": 491.037,
                            "Actual Rows": 1264156,
                            "Actual Loops": 2,
                            "Hash Buckets": 4194304,
                            "Original Hash Buckets": 4194304,
                            "Hash Batches": 1,
                            "Original Hash Batches": 1,
                            "Peak Memory Usage": 131712,
                            "Plans": [
                              {
                                "Node Type": "Seq Scan",
                                "Parent Relationship": "Outer",
                                "Parallel Aware": true,
                                "Relation Name": "title",
                                "Alias": "t",
                                "Startup Cost": 0.0,
                                "Total Cost": 50870.31,
                                "Plan Rows": 1487231,
                                "Plan Width": 4,
                                "Actual Startup Time": 0.038,
                                "Actual Total Time": 149.913,
                                "Actual Rows": 1264156,
                                "Actual Loops": 2
                              }
                            ]
                          }
                        ]
                      }
                    ]
                  }
                ]
              }
            ]
          }
        ]
      }
    ]
  },
  "Planning Time": 0.987,
  "Triggers": [],
  "Execution Time": 9572.208
}