[
  {
    "Plan": {
      "Node Type": "Aggregate",
      "Strategy": "Plain",
      "Partial Mode": "Finalize",
      "Parallel Aware": false,
      "Startup Cost": 46958.87,
      "Total Cost": 46958.88,
      "Plan Rows": 1,
      "Plan Width": 8,
      "Actual Startup Time": 198.692,
      "Actual Total Time": 209.376,
      "Actual Rows": 1,
      "Actual Loops": 1,
      "Plans": [
        {
          "Node Type": "Gather",
          "Parent Relationship": "Outer",
          "Parallel Aware": false,
          "Startup Cost": 46958.56,
          "Total Cost": 46958.87,
          "Plan Rows": 3,
          "Plan Width": 8,
          "Actual Startup Time": 198.413,
          "Actual Total Time": 209.365,
          "Actual Rows": 4,
          "Actual Loops": 1,
          "Workers Planned": 3,
          "Workers Launched": 3,
          "Single Copy": false,
          "Plans": [
            {
              "Node Type": "Aggregate",
              "Strategy": "Plain",
              "Partial Mode": "Partial",
              "Parent Relationship": "Outer",
              "Parallel Aware": false,
              "Startup Cost": 45958.56,
              "Total Cost": 45958.57,
              "Plan Rows": 1,
              "Plan Width": 8,
              "Actual Startup Time": 192.69,
              "Actual Total Time": 192.693,
              "Actual Rows": 1,
              "Actual Loops": 4,
              "Plans": [
                {
                  "Node Type": "Seq Scan",
                  "Parent Relationship": "Outer",
                  "Parallel Aware": true,
                  "Relation Name": "movie_keyword",
                  "Alias": "mk",
                  "Startup Cost": 0.0,
                  "Total Cost": 42695.65,
                  "Plan Rows": 1305161,
                  "Plan Width": 0,
                  "Actual Startup Time": 0.038,
                  "Actual Total Time": 138.565,
                  "Actual Rows": 1012504,
                  "Actual Loops": 4,
                  "Filter": "(keyword_id < 37635)",
                  "Rows Removed by Filter": 118478
                }
              ]
            }
          ]
        }
      ]
    },
    "Planning Time": 0.185,
    "Triggers": [],
    "Execution Time": 209.432
  }
]