[
  {
    "Plan": {
      "Node Type": "Aggregate",
      "Strategy": "Plain",
      "Partial Mode": "Finalize",
      "Parallel Aware": false,
      "Startup Cost": 484221.85,
      "Total Cost": 484221.86,
      "Plan Rows": 1,
      "Plan Width": 8,
      "Actual Startup Time": 9150.581,
      "Actual Total Time": 9276.934,
      "Actual Rows": 1,
      "Actual Loops": 1,
      "Plans": [
        {
          "Node Type": "Gather",
          "Parent Relationship": "Outer",
          "Parallel Aware": false,
          "Startup Cost": 484221.33,
          "Total Cost": 484221.84,
          "Plan Rows": 5,
          "Plan Width": 8,
          "Actual Startup Time": 9146.981,
          "Actual Total Time": 9276.922,
          "Actual Rows": 6,
          "Actual Loops": 1,
          "Workers Planned": 5,
          "Workers Launched": 5,
          "Single Copy": false,
          "Plans": [
            {
              "Node Type": "Aggregate",
              "Strategy": "Plain",
              "Partial Mode": "Partial",
              "Parent Relationship": "Outer",
              "Parallel Aware": false,
              "Startup Cost": 483221.33,
              "Total Cost": 483221.34,
              "Plan Rows": 1,
              "Plan Width": 8,
              "Actual Startup Time": 9138.431,
              "Actual Total Time": 9138.435,
              "Actual Rows": 1,
              "Actual Loops": 6,
              "Plans": [
                {
                  "Node Type": "Nested Loop",
                  "Parent Relationship": "Outer",
                  "Parallel Aware": false,
                  "Join Type": "Inner",
                  "Startup Cost": 45906.58,
                  "Total Cost": 480043.63,
                  "Plan Rows": 1271081,
                  "Plan Width": 0,
                  "Actual Startup Time": 120.85,
                  "Actual Total Time": 8926.917,
                  "Actual Rows": 4595972,
                  "Actual Loops": 6,
                  "Inner Unique": false,
                  "Join Filter": "(t.id = ci.movie_id)",
                  "Rows Removed by Join Filter": 0,
                  "Plans": [
                    {
                      "Node Type": "Hash Join",
                      "Parent Relationship": "Outer",
                      "Parallel Aware": true,
                      "Join Type": "Inner",
                      "Startup Cost": 45906.01,
                      "Total Cost": 251651.84,
                      "Plan Rows": 136467,
                      "Plan Width": 8,
                      "Actual Startup Time": 120.664,
                      "Actual Total Time": 995.855,
                      "Actual Rows": 479648,
                      "Actual Loops": 6,
                      "Inner Unique": true,
                      "Hash Cond": "(mi.movie_id = t.id)",
                      "Plans": [
                        {
                          "Node Type": "Seq Scan",
                          "Parent Relationship": "Outer",
                          "Parallel Aware": true,
                          "Relation Name": "movie_info",
                          "Alias": "mi",
                          "Startup Cost": 0.0,
                          "Total Cost": 199108.24,
                          "Plan Rows": 2528600,
                          "Plan Width": 4,
                          "Actual Startup Time": 0.029,
                          "Actual Total Time": 360.324,
                          "Actual Rows": 2100312,
                          "Actual Loops": 6,
                          "Filter": "(info_type_id < 17)",
                          "Rows Removed by Filter": 372308
                        },
                        {
                          "Node Type": "Hash",
                          "Parent Relationship": "Inner",
                          "Parallel Aware": true,
                          "Startup Cost": 45479.59,
                          "Total Cost": 45479.59,
                          "Plan Rows": 34114,
                          "Plan Width": 4,
                          "Actual Startup Time": 107.439,
                          "Actual Total Time": 107.44,
                          "Actual Rows": 46398,
                          "Actual Loops": 6,
                          "Hash Buckets": 524288,
                          "Original Hash Buckets": 262144,
                          "Hash Batches": 1,
                          "Original Hash Batches": 1,
                          "Peak Memory Usage": 17120,
                          "Plans": [
                            {
                              "Node Type": "Seq Scan",
                              "Parent Relationship": "Outer",
                              "Parallel Aware": true,
                              "Relation Name": "title",
                              "Alias": "t",
                              "Startup Cost": 0.0,
                              "Total Cost": 45479.59,
                              "Plan Rows": 34114,
                              "Plan Width": 4,
                              "Actual Startup Time": 45.205,
                              "Actual Total Time": 78.471,
                              "Actual Rows": 46398,
                              "Actual Loops": 6,
                              "Filter": "((production_year < 1982) AND (kind_id = 1))",
                              "Rows Removed by Filter": 374987
                            }
                          ]
                        }
                      ]
                    },
                    {
                      "Node Type": "Index Scan",
                      "Parent Relationship": "Inner",
                      "Parallel Aware": false,
                      "Scan Direction": "Forward",
                      "Index Name": "movie_id_cast_info",
                      "Relation Name": "cast_info",
                      "Alias": "ci",
                      "Startup Cost": 0.56,
                      "Total Cost": 1.39,
                      "Plan Rows": 23,
                      "Plan Width": 4,
                      "Actual Startup Time": 0.009,
                      "Actual Total Time": 0.016,
                      "Actual Rows": 10,
                      "Actual Loops": 2877890,
                      "Index Cond": "(movie_id = mi.movie_id)",
                      "Rows Removed by Index Recheck": 0,
                      "Filter": "(role_id > 1)",
                      "Rows Removed by Filter": 9
                    }
                  ]
                }
              ]
            }
          ]
        }
      ]
    },
    "Planning Time": 1.038,
    "Triggers": [],
    "Execution Time": 9276.998
  }
]