[
  {
    "Plan": {
      "Node Type": "Aggregate",
      "Strategy": "Plain",
      "Partial Mode": "Finalize",
      "Parallel Aware": false,
      "Startup Cost": 76034.18,
      "Total Cost": 76034.19,
      "Plan Rows": 1,
      "Plan Width": 8,
      "Actual Startup Time": 240.211,
      "Actual Total Time": 255.126,
      "Actual Rows": 1,
      "Actual Loops": 1,
      "Plans": [
        {
          "Node Type": "Gather",
          "Parent Relationship": "Outer",
          "Parallel Aware": false,
          "Startup Cost": 76033.86,
          "Total Cost": 76034.17,
          "Plan Rows": 3,
          "Plan Width": 8,
          "Actual Startup Time": 236.661,
          "Actual Total Time": 255.119,
          "Actual Rows": 4,
          "Actual Loops": 1,
          "Workers Planned": 3,
          "Workers Launched": 3,
          "Single Copy": false,
          "Plans": [
            {
              "Node Type": "Aggregate",
              "Strategy": "Plain",
              "Partial Mode": "Partial",
              "Parent Relationship": "Outer",
              "Parallel Aware": false,
              "Startup Cost": 75033.86,
              "Total Cost": 75033.87,
              "Plan Rows": 1,
              "Plan Width": 8,
              "Actual Startup Time": 230.791,
              "Actual Total Time": 230.795,
              "Actual Rows": 1,
              "Actual Loops": 4,
              "Plans": [
                {
                  "Node Type": "Hash Join",
                  "Parent Relationship": "Outer",
                  "Parallel Aware": true,
                  "Join Type": "Inner",
                  "Startup Cost": 49688.71,
                  "Total Cost": 74996.82,
                  "Plan Rows": 14814,
                  "Plan Width": 0,
                  "Actual Startup Time": 186.206,
                  "Actual Total Time": 229.418,
                  "Actual Rows": 26058,
                  "Actual Loops": 4,
                  "Inner Unique": true,
                  "Hash Cond": "(mk.movie_id = t.id)",
                  "Plans": [
                    {
                      "Node Type": "Bitmap Heap Scan",
                      "Parent Relationship": "Outer",
                      "Parallel Aware": true,
                      "Relation Name": "movie_keyword",
                      "Alias": "mk",
                      "Startup Cost": 3717.12,
                      "Total Cost": 28877.0,
                      "Plan Rows": 56470,
                      "Plan Width": 4,
                      "Actual Startup Time": 17.002,
                      "Actual Total Time": 57.924,
                      "Actual Rows": 47194,
                      "Actual Loops": 4,
                      "Recheck Cond": "(keyword_id < 137)",
                      "Rows Removed by Index Recheck": 0,
                      "Exact Heap Blocks": 8278,
                      "Lossy Heap Blocks": 0,
                      "Plans": [
                        {
                          "Node Type": "Bitmap Index Scan",
                          "Parent Relationship": "Outer",
                          "Parallel Aware": false,
                          "Index Name": "keyword_id_movie_keyword",
                          "Startup Cost": 0.0,
                          "Total Cost": 3673.36,
                          "Plan Rows": 175057,
                          "Plan Width": 0,
                          "Actual Startup Time": 13.455,
                          "Actual Total Time": 13.455,
                          "Actual Rows": 188777,
                          "Actual Loops": 1,
                          "Index Cond": "(keyword_id < 137)"
                        }
                      ]
                    },
                    {
                      "Node Type": "Hash",
                      "Parent Relationship": "Inner",
                      "Parallel Aware": true,
                      "Startup Cost": 43898.92,
                      "Total Cost": 43898.92,
                      "Plan Rows": 165814,
                      "Plan Width": 4,
                      "Actual Startup Time": 149.899,
                      "Actual Total Time": 149.9,
                      "Actual Rows": 165706,
                      "Actual Loops": 4,
                      "Hash Buckets": 1048576,
                      "Original Hash Buckets": 1048576,
                      "Hash Batches": 1,
                      "Original Hash Batches": 1,
                      "Peak Memory Usage": 34208,
                      "Plans": [
                        {
                          "Node Type": "Seq Scan",
                          "Parent Relationship": "Outer",
                          "Parallel Aware": true,
                          "Relation Name": "title",
                          "Alias": "t",
                          "Startup Cost": 0.0,
                          "Total Cost": 43898.92,
                          "Plan Rows": 165814,
                          "Plan Width": 4,
                          "Actual Startup Time": 43.111,
                          "Actual Total Time": 95.822,
                          "Actual Rows": 165706,
                          "Actual Loops": 4,
                          "Filter": "(kind_id = 1)",
                          "Rows Removed by Filter": 466372
                        }
                      ]
                    }
                  ]
                }
              ]
            }
          ]
        }
      ]
    },
    "Planning Time": 0.372,
    "Triggers": [],
    "Execution Time": 255.189
  }
]