[
  {
    "Plan": {
      "Node Type": "Aggregate",
      "Strategy": "Plain",
      "Partial Mode": "Finalize",
      "Parallel Aware": false,
      "Startup Cost": 359744.28,
      "Total Cost": 359744.29,
      "Plan Rows": 1,
      "Plan Width": 8,
      "Actual Startup Time": 453.335,
      "Actual Total Time": 524.814,
      "Actual Rows": 1,
      "Actual Loops": 1,
      "Plans": [
        {
          "Node Type": "Gather",
          "Parent Relationship": "Outer",
          "Parallel Aware": false,
          "Startup Cost": 359743.86,
          "Total Cost": 359744.27,
          "Plan Rows": 4,
          "Plan Width": 8,
          "Actual Startup Time": 453.2,
          "Actual Total Time": 524.805,
          "Actual Rows": 5,
          "Actual Loops": 1,
          "Workers Planned": 4,
          "Workers Launched": 4,
          "Single Copy": false,
          "Plans": [
            {
              "Node Type": "Aggregate",
              "Strategy": "Plain",
              "Partial Mode": "Partial",
              "Parent Relationship": "Outer",
              "Parallel Aware": false,
              "Startup Cost": 358743.86,
              "Total Cost": 358743.87,
              "Plan Rows": 1,
              "Plan Width": 8,
              "Actual Startup Time": 442.799,
              "Actual Total Time": 442.8,
              "Actual Rows": 1,
              "Actual Loops": 5,
              "Plans": [
                {
                  "Node Type": "Nested Loop",
                  "Parent Relationship": "Outer",
                  "Parallel Aware": false,
                  "Join Type": "Inner",
                  "Startup Cost": 0.56,
                  "Total Cost": 358687.82,
                  "Plan Rows": 22416,
                  "Plan Width": 0,
                  "Actual Startup Time": 0.925,
                  "Actual Total Time": 441.748,
                  "Actual Rows": 11941,
                  "Actual Loops": 5,
                  "Inner Unique": false,
                  "Plans": [
                    {
                      "Node Type": "Seq Scan",
                      "Parent Relationship": "Outer",
                      "Parallel Aware": true,
                      "Relation Name": "title",
                      "Alias": "t",
                      "Startup Cost": 0.0,
                      "Total Cost": 45479.1,
                      "Plan Rows": 12616,
                      "Plan Width": 4,
                      "Actual Startup Time": 0.19,
                      "Actual Total Time": 67.52,
                      "Actual Rows": 8802,
                      "Actual Loops": 5,
                      "Filter": "((kind_id < 7) AND (production_year = 2009))",
                      "Rows Removed by Filter": 496860
                    },
                    {
                      "Node Type": "Index Scan",
                      "Parent Relationship": "Inner",
                      "Parallel Aware": false,
                      "Scan Direction": "Forward",
                      "Index Name": "movie_id_cast_info",
                      "Relation Name": "cast_info",
                      "Alias": "ci",
                      "Startup Cost": 0.56,
                      "Total Cost": 24.78,
                      "Plan Rows": 5,
                      "Plan Width": 4,
                      "Actual Startup Time": 0.033,
                      "Actual Total Time": 0.042,
                      "Actual Rows": 1,
                      "Actual Loops": 44012,
                      "Index Cond": "(movie_id = t.id)",
                      "Rows Removed by Index Recheck": 0,
                      "Filter": "((person_id < 983080) AND (role_id > 2))",
                      "Rows Removed by Filter": 15
                    }
                  ]
                }
              ]
            }
          ]
        }
      ]
    },
    "Planning Time": 0.672,
    "Triggers": [],
    "Execution Time": 524.915
  }
]