{
  "Plan": {
    "Node Type": "Aggregate",
    "Strategy": "Plain",
    "Partial Mode": "Finalize",
    "Parallel Aware": false,
    "Startup Cost": 128066.55,
    "Total Cost": 128066.56,
    "Plan Rows": 1,
    "Plan Width": 8,
    "Actual Startup Time": 860.934,
    "Actual Total Time": 878.756,
    "Actual Rows": 1,
    "Actual Loops": 1,
    "Plans": [
      {
        "Node Type": "Gather",
        "Parent Relationship": "Outer",
        "Parallel Aware": false,
        "Startup Cost": 128066.44,
        "Total Cost": 128066.55,
        "Plan Rows": 1,
        "Plan Width": 8,
        "Actual Startup Time": 855.407,
        "Actual Total Time": 878.747,
        "Actual Rows": 2,
        "Actual Loops": 1,
        "Workers Planned": 1,
        "Workers Launched": 1,
        "Single Copy": false,
        "Plans": [
          {
            "Node Type": "Aggregate",
            "Strategy": "Plain",
            "Partial Mode": "Partial",
            "Parent Relationship": "Outer",
            "Parallel Aware": false,
            "Startup Cost": 127066.44,
            "Total Cost": 127066.45,
            "Plan Rows": 1,
            "Plan Width": 8,
            "Actual Startup Time": 843.154,
            "Actual Total Time": 843.158,
            "Actual Rows": 1,
            "Actual Loops": 2,
            "Plans": [
              {
                "Node Type": "Hash Join",
                "Parent Relationship": "Outer",
                "Parallel Aware": true,
                "Join Type": "Inner",
                "Startup Cost": 91728.83,
                "Total Cost": 125522.66,
                "Plan Rows": 617510,
                "Plan Width": 0,
                "Actual Startup Time": 589.268,
                "Actual Total Time": 820.333,
                "Actual Rows": 529860,
                "Actual Loops": 2,
                "Inner Unique": true,
                "Hash Cond": "(mk.movie_id = t.id)",
                "Plans": [
                  {
                    "Node Type": "Bitmap Heap Scan",
                    "Parent Relationship": "Outer",
                    "Parallel Aware": true,
                    "Relation Name": "movie_keyword",
                    "Alias": "mk",
                    "Startup Cost": 22268.13,
                    "Total Cost": 54441.0,
                    "Plan Rows": 617510,
                    "Plan Width": 4,
                    "Actual Startup Time": 55.288,
                    "Actual Total Time": 150.483,
                    "Actual Rows": 529860,
                    "Actual Loops": 2,
                    "Recheck Cond": "(keyword_id < 1057)",
                    "Rows Removed by Index Recheck": 0,
                    "Exact Heap Blocks": 13166,
                    "Lossy Heap Blocks": 0,
                    "Plans": [
                      {
                        "Node Type": "Bitmap Index Scan",
                        "Parent Relationship": "Outer",
                        "Parallel Aware": false,
                        "Index Name": "keyword_id_movie_keyword",
                        "Startup Cost": 0.0,
                        "Total Cost": 22005.68,
                        "Plan Rows": 1049767,
                        "Plan Width": 0,
                        "Actual Startup Time": 51.67,
                        "Actual Total Time": 51.671,
                        "Actual Rows": 1059720,
                        "Actual Loops": 1,
                        "Index Cond": "(keyword_id < 1057)"
                      }
                    ]
                  },
                  {
                    "Node Type": "Hash",
                    "Parent Relationship": "Inner",
                    "Parallel Aware": true,
                    "Startup Cost": 50870.31,
                    "Total Cost": 50870.31,
                    "Plan Rows": 1487231,
                    "Plan Width": 4,
                    "Actual Startup Time": 511.97,
                    "Actual Total Time": 511.97,
                    "Actual Rows": 1264156,
                    "Actual Loops": 2,
                    "Hash Buckets": 4194304,
                    "Original Hash Buckets": 4194304,
                    "Hash Batches": 1,
                    "Original Hash Batches": 1,
                    "Peak Memory Usage": 131712,
                    "Plans": [
                      {
                        "Node Type": "Seq Scan",
                        "Parent Relationship": "Outer",
                        "Parallel Aware": true,
                        "Relation Name": "title",
                        "Alias": "t",
                        "Startup Cost": 0.0,
                        "Total Cost": 50870.31,
                        "Plan Rows": 1487231,
                        "Plan Width": 4,
                        "Actual Startup Time": 0.033,
                        "Actual Total Time": 146.464,
                        "Actual Rows": 1264156,
                        "Actual Loops": 2
                      }
                    ]
                  }
                ]
              }
            ]
          }
        ]
      }
    ]
  },
  "Planning Time": 0.701,
  "Triggers": [],
  "Execution Time": 878.846
}