[
  {
    "Plan": {
      "Node Type": "Aggregate",
      "Strategy": "Plain",
      "Partial Mode": "Finalize",
      "Parallel Aware": false,
      "Startup Cost": 288782.19,
      "Total Cost": 288782.2,
      "Plan Rows": 1,
      "Plan Width": 8,
      "Actual Startup Time": 1011.167,
      "Actual Total Time": 1039.06,
      "Actual Rows": 1,
      "Actual Loops": 1,
      "Plans": [
        {
          "Node Type": "Gather",
          "Parent Relationship": "Outer",
          "Parallel Aware": false,
          "Startup Cost": 288781.87,
          "Total Cost": 288782.18,
          "Plan Rows": 3,
          "Plan Width": 8,
          "Actual Startup Time": 994.041,
          "Actual Total Time": 1039.047,
          "Actual Rows": 4,
          "Actual Loops": 1,
          "Workers Planned": 3,
          "Workers Launched": 3,
          "Single Copy": false,
          "Plans": [
            {
              "Node Type": "Aggregate",
              "Strategy": "Plain",
              "Partial Mode": "Partial",
              "Parent Relationship": "Outer",
              "Parallel Aware": false,
              "Startup Cost": 287781.87,
              "Total Cost": 287781.88,
              "Plan Rows": 1,
              "Plan Width": 8,
              "Actual Startup Time": 985.404,
              "Actual Total Time": 985.41,
              "Actual Rows": 1,
              "Actual Loops": 4,
              "Plans": [
                {
                  "Node Type": "Hash Join",
                  "Parent Relationship": "Outer",
                  "Parallel Aware": true,
                  "Join Type": "Inner",
                  "Startup Cost": 242748.8,
                  "Total Cost": 287287.78,
                  "Plan Rows": 197637,
                  "Plan Width": 0,
                  "Actual Startup Time": 790.616,
                  "Actual Total Time": 970.331,
                  "Actual Rows": 336502,
                  "Actual Loops": 4,
                  "Inner Unique": false,
                  "Hash Cond": "(mk.movie_id = t.id)",
                  "Plans": [
                    {
                      "Node Type": "Seq Scan",
                      "Parent Relationship": "Outer",
                      "Parallel Aware": true,
                      "Relation Name": "movie_keyword",
                      "Alias": "mk",
                      "Startup Cost": 0.0,
                      "Total Cost": 42695.65,
                      "Plan Rows": 386150,
                      "Plan Width": 4,
                      "Actual Startup Time": 0.061,
                      "Actual Total Time": 97.762,
                      "Actual Rows": 299781,
                      "Actual Loops": 4,
                      "Filter": "(keyword_id < 1461)",
                      "Rows Removed by Filter": 831202
                    },
                    {
                      "Node Type": "Hash",
                      "Parent Relationship": "Inner",
                      "Parallel Aware": true,
                      "Startup Cost": 239513.58,
                      "Total Cost": 239513.58,
                      "Plan Rows": 258817,
                      "Plan Width": 8,
                      "Actual Startup Time": 785.146,
                      "Actual Total Time": 785.151,
                      "Actual Rows": 324747,
                      "Actual Loops": 4,
                      "Hash Buckets": 2097152,
                      "Original Hash Buckets": 2097152,
                      "Hash Batches": 1,
                      "Original Hash Batches": 1,
                      "Peak Memory Usage": 67264,
                      "Plans": [
                        {
                          "Node Type": "Hash Join",
                          "Parent Relationship": "Outer",
                          "Parallel Aware": true,
                          "Join Type": "Inner",
                          "Startup Cost": 73605.98,
                          "Total Cost": 239513.58,
                          "Plan Rows": 258817,
                          "Plan Width": 8,
                          "Actual Startup Time": 439.181,
                          "Actual Total Time": 651.743,
                          "Actual Rows": 324747,
                          "Actual Loops": 4,
                          "Inner Unique": true,
                          "Hash Cond": "(mi.movie_id = t.id)",
                          "Plans": [
                            {
                              "Node Type": "Bitmap Heap Scan",
                              "Parent Relationship": "Outer",
                              "Parallel Aware": true,
                              "Relation Name": "movie_info",
                              "Alias": "mi",
                              "Startup Cost": 23385.59,
                              "Total Cost": 188613.81,
                              "Plan Rows": 258817,
                              "Plan Width": 4,
                              "Actual Startup Time": 39.607,
                              "Actual Total Time": 80.793,
                              "Actual Rows": 324747,
                              "Actual Loops": 4,
                              "Recheck Cond": "(info_type_id = 4)",
                              "Rows Removed by Index Recheck": 0,
                              "Exact Heap Blocks": 1810,
                              "Lossy Heap Blocks": 0,
                              "Plans": [
                                {
                                  "Node Type": "Bitmap Index Scan",
                                  "Parent Relationship": "Outer",
                                  "Parallel Aware": false,
                                  "Index Name": "info_type_id_movie_info",
                                  "Startup Cost": 0.0,
                                  "Total Cost": 23062.07,
                                  "Plan Rows": 1294085,
                                  "Plan Width": 0,
                                  "Actual Startup Time": 38.337,
                                  "Actual Total Time": 38.338,
                                  "Actual Rows": 1298989,
                                  "Actual Loops": 1,
                                  "Index Cond": "(info_type_id = 4)"
                                }
                              ]
                            },
                            {
                              "Node Type": "Hash",
                              "Parent Relationship": "Inner",
                              "Parallel Aware": true,
                              "Startup Cost": 42319.06,
                              "Total Cost": 42319.06,
                              "Plan Rows": 632106,
                              "Plan Width": 4,
                              "Actual Startup Time": 390.465,
                              "Actual Total Time": 390.466,
                              "Actual Rows": 632078,
                              "Actual Loops": 4,
                              "Hash Buckets": 4194304,
                              "Original Hash Buckets": 4194304,
                              "Hash Batches": 1,
                              "Original Hash Batches": 1,
                              "Peak Memory Usage": 131744,
                              "Plans": [
                                {
                                  "Node Type": "Seq Scan",
                                  "Parent Relationship": "Outer",
                                  "Parallel Aware": true,
                                  "Relation Name": "title",
                                  "Alias": "t",
                                  "Startup Cost": 0.0,
                                  "Total Cost": 42319.06,
                                  "Plan Rows": 632106,
                                  "Plan Width": 4,
                                  "Actual Startup Time": 0.06,
                                  "Actual Total Time": 109.742,
                                  "Actual Rows": 632078,
                                  "Actual Loops": 4
                                }
                              ]
                            }
                          ]
                        }
                      ]
                    }
                  ]
                }
              ]
            }
          ]
        }
      ]
    },
    "Planning Time": 0.569,
    "Triggers": [],
    "Execution Time": 1039.121
  }
]