[
  {
    "Plan": {
      "Node Type": "Aggregate",
      "Strategy": "Plain",
      "Partial Mode": "Finalize",
      "Parallel Aware": false,
      "Startup Cost": 349316.8,
      "Total Cost": 349316.81,
      "Plan Rows": 1,
      "Plan Width": 8,
      "Actual Startup Time": 815.529,
      "Actual Total Time": 887.719,
      "Actual Rows": 1,
      "Actual Loops": 1,
      "Plans": [
        {
          "Node Type": "Gather",
          "Parent Relationship": "Outer",
          "Parallel Aware": false,
          "Startup Cost": 349316.18,
          "Total Cost": 349316.79,
          "Plan Rows": 6,
          "Plan Width": 8,
          "Actual Startup Time": 815.385,
          "Actual Total Time": 887.708,
          "Actual Rows": 7,
          "Actual Loops": 1,
          "Workers Planned": 6,
          "Workers Launched": 6,
          "Single Copy": false,
          "Plans": [
            {
              "Node Type": "Aggregate",
              "Strategy": "Plain",
              "Partial Mode": "Partial",
              "Parent Relationship": "Outer",
              "Parallel Aware": false,
              "Startup Cost": 348316.18,
              "Total Cost": 348316.19,
              "Plan Rows": 1,
              "Plan Width": 8,
              "Actual Startup Time": 805.988,
              "Actual Total Time": 805.989,
              "Actual Rows": 1,
              "Actual Loops": 7,
              "Plans": [
                {
                  "Node Type": "Seq Scan",
                  "Parent Relationship": "Outer",
                  "Parallel Aware": true,
                  "Relation Name": "cast_info",
                  "Alias": "ci",
                  "Startup Cost": 0.0,
                  "Total Cost": 343257.03,
                  "Plan Rows": 2023659,
                  "Plan Width": 0,
                  "Actual Startup Time": 411.946,
                  "Actual Total Time": 753.594,
                  "Actual Rows": 975438,
                  "Actual Loops": 7,
                  "Filter": "((person_id < 2772210) AND (role_id > 2))",
                  "Rows Removed by Filter": 4202325
                }
              ]
            }
          ]
        }
      ]
    },
    "Planning Time": 0.224,
    "Triggers": [],
    "Execution Time": 887.793
  }
]