[
  {
    "Plan": {
      "Node Type": "Aggregate",
      "Strategy": "Plain",
      "Partial Mode": "Finalize",
      "Parallel Aware": false,
      "Startup Cost": 341026.07,
      "Total Cost": 341026.08,
      "Plan Rows": 1,
      "Plan Width": 8,
      "Actual Startup Time": 484.225,
      "Actual Total Time": 505.259,
      "Actual Rows": 1,
      "Actual Loops": 1,
      "Plans": [
        {
          "Node Type": "Gather",
          "Parent Relationship": "Outer",
          "Parallel Aware": false,
          "Startup Cost": 341025.44,
          "Total Cost": 341026.05,
          "Plan Rows": 6,
          "Plan Width": 8,
          "Actual Startup Time": 484.114,
          "Actual Total Time": 505.248,
          "Actual Rows": 7,
          "Actual Loops": 1,
          "Workers Planned": 6,
          "Workers Launched": 6,
          "Single Copy": false,
          "Plans": [
            {
              "Node Type": "Aggregate",
              "Strategy": "Plain",
              "Partial Mode": "Partial",
              "Parent Relationship": "Outer",
              "Parallel Aware": false,
              "Startup Cost": 340025.44,
              "Total Cost": 340025.45,
              "Plan Rows": 1,
              "Plan Width": 8,
              "Actual Startup Time": 473.873,
              "Actual Total Time": 473.874,
              "Actual Rows": 1,
              "Actual Loops": 7,
              "Plans": [
                {
                  "Node Type": "Index Scan",
                  "Parent Relationship": "Outer",
                  "Parallel Aware": true,
                  "Scan Direction": "Forward",
                  "Index Name": "role_id_cast_info",
                  "Relation Name": "cast_info",
                  "Alias": "ci",
                  "Startup Cost": 0.56,
                  "Total Cost": 335235.55,
                  "Plan Rows": 1915958,
                  "Plan Width": 0,
                  "Actual Startup Time": 0.187,
                  "Actual Total Time": 387.307,
                  "Actual Rows": 1810098,
                  "Actual Loops": 7,
                  "Index Cond": "(role_id = 1)",
                  "Rows Removed by Index Recheck": 0,
                  "Filter": "(person_id < 3539968)",
                  "Rows Removed by Filter": 0
                }
              ]
            }
          ]
        }
      ]
    },
    "Planning Time": 0.231,
    "Triggers": [],
    "Execution Time": 505.328
  }
]