[
  {
    "Plan": {
      "Node Type": "Aggregate",
      "Strategy": "Plain",
      "Partial Mode": "Finalize",
      "Parallel Aware": false,
      "Startup Cost": 46370.06,
      "Total Cost": 46370.07,
      "Plan Rows": 1,
      "Plan Width": 8,
      "Actual Startup Time": 160.521,
      "Actual Total Time": 169.072,
      "Actual Rows": 1,
      "Actual Loops": 1,
      "Plans": [
        {
          "Node Type": "Gather",
          "Parent Relationship": "Outer",
          "Parallel Aware": false,
          "Startup Cost": 46369.75,
          "Total Cost": 46370.06,
          "Plan Rows": 3,
          "Plan Width": 8,
          "Actual Startup Time": 160.387,
          "Actual Total Time": 169.063,
          "Actual Rows": 4,
          "Actual Loops": 1,
          "Workers Planned": 3,
          "Workers Launched": 3,
          "Single Copy": false,
          "Plans": [
            {
              "Node Type": "Aggregate",
              "Strategy": "Plain",
              "Partial Mode": "Partial",
              "Parent Relationship": "Outer",
              "Parallel Aware": false,
              "Startup Cost": 45369.75,
              "Total Cost": 45369.76,
              "Plan Rows": 1,
              "Plan Width": 8,
              "Actual Startup Time": 155.092,
              "Actual Total Time": 155.093,
              "Actual Rows": 1,
              "Actual Loops": 4,
              "Plans": [
                {
                  "Node Type": "Seq Scan",
                  "Parent Relationship": "Outer",
                  "Parallel Aware": true,
                  "Relation Name": "movie_keyword",
                  "Alias": "mk",
                  "Startup Cost": 0.0,
                  "Total Cost": 42695.65,
                  "Plan Rows": 1069637,
                  "Plan Width": 0,
                  "Actual Startup Time": 0.036,
                  "Actual Total Time": 117.416,
                  "Actual Rows": 828187,
                  "Actual Loops": 4,
                  "Filter": "(keyword_id < 15106)",
                  "Rows Removed by Filter": 302796
                }
              ]
            }
          ]
        }
      ]
    },
    "Planning Time": 0.215,
    "Triggers": [],
    "Execution Time": 169.14
  }
]