{
  "Plan": {
    "Node Type": "Aggregate",
    "Strategy": "Plain",
    "Partial Mode": "Finalize",
    "Parallel Aware": false,
    "Startup Cost": 439560.24,
    "Total Cost": 439560.25,
    "Plan Rows": 1,
    "Plan Width": 8,
    "Actual Startup Time": 830.279,
    "Actual Total Time": 855.623,
    "Actual Rows": 1,
    "Actual Loops": 1,
    "Plans": [
      {
        "Node Type": "Gather",
        "Parent Relationship": "Outer",
        "Parallel Aware": false,
        "Startup Cost": 439560.12,
        "Total Cost": 439560.23,
        "Plan Rows": 1,
        "Plan Width": 8,
        "Actual Startup Time": 827.884,
        "Actual Total Time": 855.613,
        "Actual Rows": 2,
        "Actual Loops": 1,
        "Workers Planned": 1,
        "Workers Launched": 1,
        "Single Copy": false,
        "Plans": [
          {
            "Node Type": "Aggregate",
            "Strategy": "Plain",
            "Partial Mode": "Partial",
            "Parent Relationship": "Outer",
            "Parallel Aware": false,
            "Startup Cost": 438560.12,
            "Total Cost": 438560.13,
            "Plan Rows": 1,
            "Plan Width": 8,
            "Actual Startup Time": 821.83,
            "Actual Total Time": 822.135,
            "Actual Rows": 1,
            "Actual Loops": 2,
            "Plans": [
              {
                "Node Type": "Hash Join",
                "Parent Relationship": "Outer",
                "Parallel Aware": true,
                "Join Type": "Inner",
                "Startup Cost": 166031.25,
                "Total Cost": 438078.56,
                "Plan Rows": 192627,
                "Plan Width": 0,
                "Actual Startup Time": 604.695,
                "Actual Total Time": 818.487,
                "Actual Rows": 87050,
                "Actual Loops": 2,
                "Inner Unique": false,
                "Hash Cond": "(ci.movie_id = t.id)",
                "Plans": [
                  {
                    "Node Type": "Bitmap Heap Scan",
                    "Parent Relationship": "Outer",
                    "Parallel Aware": true,
                    "Relation Name": "cast_info",
                    "Alias": "ci",
                    "Startup Cost": 37417.22,
                    "Total Cost": 305072.87,
                    "Plan Rows": 868947,
                    "Plan Width": 4,
                    "Actual Startup Time": 62.697,
                    "Actual Total Time": 182.177,
                    "Actual Rows": 826187,
                    "Actual Loops": 2,
                    "Recheck Cond": "(person_id < 171497)",
                    "Rows Removed by Index Recheck": 0,
                    "Filter": "(role_id < 10)",
                    "Rows Removed by Filter": 35231,
                    "Exact Heap Blocks": 9454,
                    "Lossy Heap Blocks": 0,
                    "Plans": [
                      {
                        "Node Type": "Bitmap Index Scan",
                        "Parent Relationship": "Outer",
                        "Parallel Aware": false,
                        "Index Name": "person_id_cast_info",
                        "Startup Cost": 0.0,
                        "Total Cost": 37047.92,
                        "Plan Rows": 1696447,
                        "Plan Width": 0,
                        "Actual Startup Time": 59.905,
                        "Actual Total Time": 59.905,
                        "Actual Rows": 1722836,
                        "Actual Loops": 1,
                        "Index Cond": "(person_id < 171497)"
                      }
                    ]
                  },
                  {
                    "Node Type": "Hash",
                    "Parent Relationship": "Inner",
                    "Parallel Aware": true,
                    "Startup Cost": 124492.93,
                    "Total Cost": 124492.93,
                    "Plan Rows": 329688,
                    "Plan Width": 8,
                    "Actual Startup Time": 532.664,
                    "Actual Total Time": 532.967,
                    "Actual Rows": 71426,
                    "Actual Loops": 2,
                    "Hash Buckets": 1048576,
                    "Original Hash Buckets": 1048576,
                    "Hash Batches": 1,
                    "Original Hash Batches": 1,
                    "Peak Memory Usage": 13824,
                    "Plans": [
                      {
                        "Node Type": "Hash Join",
                        "Parent Relationship": "Outer",
                        "Parallel Aware": true,
                        "Join Type": "Inner",
                        "Startup Cost": 63896.79,
                        "Total Cost": 124492.93,
                        "Plan Rows": 329688,
                        "Plan Width": 8,
                        "Actual Startup Time": 240.405,
                        "Actual Total Time": 516.836,
                        "Actual Rows": 71426,
                        "Actual Loops": 2,
                        "Inner Unique": true,
                        "Hash Cond": "(mk.movie_id = t.id)",
                        "Plans": [
                          {
                            "Node Type": "Seq Scan",
                            "Parent Relationship": "Outer",
                            "Parallel Aware": true,
                            "Relation Name": "movie_keyword",
                            "Alias": "mk",
                            "Startup Cost": 0.0,
                            "Total Cost": 57718.19,
                            "Plan Rows": 1096362,
                            "Plan Width": 4,
                            "Actual Startup Time": 0.711,
                            "Actual Total Time": 177.235,
                            "Actual Rows": 932918,
                            "Actual Loops": 2,
                            "Filter": "(keyword_id > 7384)",
                            "Rows Removed by Filter": 1329047
                          },
                          {
                            "Node Type": "Hash",
                            "Parent Relationship": "Inner",
                            "Parallel Aware": true,
                            "Startup Cost": 58306.47,
                            "Total Cost": 58306.47,
                            "Plan Rows": 447226,
                            "Plan Width": 4,
                            "Actual Startup Time": 234.381,
                            "Actual Total Time": 234.382,
                            "Actual Rows": 341140,
                            "Actual Loops": 2,
                            "Hash Buckets": 1048576,
                            "Original Hash Buckets": 1048576,
                            "Hash Batches": 1,
                            "Original Hash Batches": 1,
                            "Peak Memory Usage": 34912,
                            "Plans": [
                              {
                                "Node Type": "Seq Scan",
                                "Parent Relationship": "Outer",
                                "Parallel Aware": true,
                                "Relation Name": "title",
                                "Alias": "t",
                                "Startup Cost": 0.0,
                                "Total Cost": 58306.47,
                                "Plan Rows": 447226,
                                "Plan Width": 4,
                                "Actual Startup Time": 0.054,
                                "Actual Total Time": 150.496,
                                "Actual Rows": 341140,
                                "Actual Loops": 2,
                                "Filter": "((production_year < 2004) AND (kind_id = 7))",
                                "Rows Removed by Filter": 923016
                              }
                            ]
                          }
                        ]
                      }
                    ]
                  }
                ]
              }
            ]
          }
        ]
      }
    ]
  },
  "Planning Time": 1.055,
  "Triggers": [],
  "Execution Time": 855.74
}