[
    {
        "Bao": {
            "Bao prediction": "NaN",
            "Bao recommended hint": "(no hint)"
        }
    },
    {
        "Plan": {
            "Node Type": "Aggregate",
            "Strategy": "Plain",
            "Partial Mode": "Finalize",
            "Parallel Aware": false,
            "Startup Cost": 623094.99,
            "Total Cost": 623095.0,
            "Plan Rows": 1,
            "Plan Width": 8,
            "Actual Startup Time": 7822.73,
            "Actual Total Time": 7873.587,
            "Actual Rows": 1,
            "Actual Loops": 1,
            "Output": [
                "count(*)"
            ],
            "Plans": [
                {
                    "Node Type": "Gather",
                    "Parent Relationship": "Outer",
                    "Parallel Aware": false,
                    "Startup Cost": 623094.37,
                    "Total Cost": 623094.98,
                    "Plan Rows": 6,
                    "Plan Width": 8,
                    "Actual Startup Time": 7782.799,
                    "Actual Total Time": 7873.577,
                    "Actual Rows": 7,
                    "Actual Loops": 1,
                    "Output": [
                        "(PARTIAL count(*))"
                    ],
                    "Workers Planned": 6,
                    "Workers Launched": 6,
                    "Single Copy": false,
                    "Plans": [
                        {
                            "Node Type": "Aggregate",
                            "Strategy": "Plain",
                            "Partial Mode": "Partial",
                            "Parent Relationship": "Outer",
                            "Parallel Aware": false,
                            "Startup Cost": 622094.37,
                            "Total Cost": 622094.38,
                            "Plan Rows": 1,
                            "Plan Width": 8,
                            "Actual Startup Time": 7769.833,
                            "Actual Total Time": 7770.592,
                            "Actual Rows": 1,
                            "Actual Loops": 7,
                            "Output": [
                                "PARTIAL count(*)"
                            ],
                            "Workers": [
                                {
                                    "Worker Number": 0,
                                    "Actual Startup Time": 7770.765,
                                    "Actual Total Time": 7770.77,
                                    "Actual Rows": 1,
                                    "Actual Loops": 1
                                },
                                {
                                    "Worker Number": 1,
                                    "Actual Startup Time": 7767.128,
                                    "Actual Total Time": 7767.133,
                                    "Actual Rows": 1,
                                    "Actual Loops": 1
                                },
                                {
                                    "Worker Number": 2,
                                    "Actual Startup Time": 7766.946,
                                    "Actual Total Time": 7766.951,
                                    "Actual Rows": 1,
                                    "Actual Loops": 1
                                },
                                {
                                    "Worker Number": 3,
                                    "Actual Startup Time": 7766.949,
                                    "Actual Total Time": 7766.954,
                                    "Actual Rows": 1,
                                    "Actual Loops": 1
                                },
                                {
                                    "Worker Number": 4,
                                    "Actual Startup Time": 7767.302,
                                    "Actual Total Time": 7767.306,
                                    "Actual Rows": 1,
                                    "Actual Loops": 1
                                },
                                {
                                    "Worker Number": 5,
                                    "Actual Startup Time": 7767.309,
                                    "Actual Total Time": 7767.314,
                                    "Actual Rows": 1,
                                    "Actual Loops": 1
                                }
                            ],
                            "Plans": [
                                {
                                    "Node Type": "Hash Join",
                                    "Parent Relationship": "Outer",
                                    "Parallel Aware": true,
                                    "Join Type": "Inner",
                                    "Startup Cost": 257743.65,
                                    "Total Cost": 606214.12,
                                    "Plan Rows": 6352097,
                                    "Plan Width": 0,
                                    "Actual Startup Time": 1074.389,
                                    "Actual Total Time": 6444.942,
                                    "Actual Rows": 32333088,
                                    "Actual Loops": 7,
                                    "Inner Unique": false,
                                    "Hash Cond": "(ci.movie_id = t.id)",
                                    "Workers": [
                                        {
                                            "Worker Number": 0,
                                            "Actual Startup Time": 1072.144,
                                            "Actual Total Time": 6424.034,
                                            "Actual Rows": 30972847,
                                            "Actual Loops": 1
                                        },
                                        {
                                            "Worker Number": 1,
                                            "Actual Startup Time": 1072.212,
                                            "Actual Total Time": 6431.489,
                                            "Actual Rows": 30979030,
                                            "Actual Loops": 1
                                        },
                                        {
                                            "Worker Number": 2,
                                            "Actual Startup Time": 1072.107,
                                            "Actual Total Time": 6419.703,
                                            "Actual Rows": 30304029,
                                            "Actual Loops": 1
                                        },
                                        {
                                            "Worker Number": 3,
                                            "Actual Startup Time": 1072.077,
                                            "Actual Total Time": 6464.687,
                                            "Actual Rows": 33636888,
                                            "Actual Loops": 1
                                        },
                                        {
                                            "Worker Number": 4,
                                            "Actual Startup Time": 1072.429,
                                            "Actual Total Time": 6478.146,
                                            "Actual Rows": 33519570,
                                            "Actual Loops": 1
                                        },
                                        {
                                            "Worker Number": 5,
                                            "Actual Startup Time": 1072.37,
                                            "Actual Total Time": 6476.774,
                                            "Actual Rows": 33513363,
                                            "Actual Loops": 1
                                        }
                                    ],
                                    "Plans": [
                                        {
                                            "Node Type": "Seq Scan",
                                            "Parent Relationship": "Outer",
                                            "Parallel Aware": true,
                                            "Relation Name": "cast_info",
                                            "Schema": "public",
                                            "Alias": "ci",
                                            "Startup Cost": 0.0,
                                            "Total Cost": 313108.29,
                                            "Plan Rows": 6042129,
                                            "Plan Width": 4,
                                            "Actual Startup Time": 0.025,
                                            "Actual Total Time": 470.182,
                                            "Actual Rows": 5177763,
                                            "Actual Loops": 7,
                                            "Output": [
                                                "ci.id",
                                                "ci.person_id",
                                                "ci.movie_id",
                                                "ci.person_role_id",
                                                "ci.note",
                                                "ci.nr_order",
                                                "ci.role_id"
                                            ],
                                            "Workers": [
                                                {
                                                    "Worker Number": 0,
                                                    "Actual Startup Time": 0.037,
                                                    "Actual Total Time": 485.6,
                                                    "Actual Rows": 4862758,
                                                    "Actual Loops": 1
                                                },
                                                {
                                                    "Worker Number": 1,
                                                    "Actual Startup Time": 0.028,
                                                    "Actual Total Time": 483.754,
                                                    "Actual Rows": 5119951,
                                                    "Actual Loops": 1
                                                },
                                                {
                                                    "Worker Number": 2,
                                                    "Actual Startup Time": 0.023,
                                                    "Actual Total Time": 488.191,
                                                    "Actual Rows": 4850163,
                                                    "Actual Loops": 1
                                                },
                                                {
                                                    "Worker Number": 3,
                                                    "Actual Startup Time": 0.024,
                                                    "Actual Total Time": 474.06,
                                                    "Actual Rows": 5370997,
                                                    "Actual Loops": 1
                                                },
                                                {
                                                    "Worker Number": 4,
                                                    "Actual Startup Time": 0.03,
                                                    "Actual Total Time": 480.836,
                                                    "Actual Rows": 5367423,
                                                    "Actual Loops": 1
                                                },
                                                {
                                                    "Worker Number": 5,
                                                    "Actual Startup Time": 0.022,
                                                    "Actual Total Time": 479.547,
                                                    "Actual Rows": 5332365,
                                                    "Actual Loops": 1
                                                }
                                            ]
                                        },
                                        {
                                            "Node Type": "Hash",
                                            "Parent Relationship": "Inner",
                                            "Parallel Aware": true,
                                            "Startup Cost": 251098.57,
                                            "Total Cost": 251098.57,
                                            "Plan Rows": 531606,
                                            "Plan Width": 8,
                                            "Actual Startup Time": 1069.699,
                                            "Actual Total Time": 1070.456,
                                            "Actual Rows": 618458,
                                            "Actual Loops": 7,
                                            "Output": [
                                                "t.id",
                                                "mi.movie_id"
                                            ],
                                            "Hash Buckets": 8388608,
                                            "Original Hash Buckets": 4194304,
                                            "Hash Batches": 1,
                                            "Original Hash Batches": 1,
                                            "Peak Memory Usage": 267776,
                                            "Workers": [
                                                {
                                                    "Worker Number": 0,
                                                    "Actual Startup Time": 1071.397,
                                                    "Actual Total Time": 1071.401,
                                                    "Actual Rows": 495704,
                                                    "Actual Loops": 1
                                                },
                                                {
                                                    "Worker Number": 1,
                                                    "Actual Startup Time": 1071.425,
                                                    "Actual Total Time": 1071.429,
                                                    "Actual Rows": 496776,
                                                    "Actual Loops": 1
                                                },
                                                {
                                                    "Worker Number": 2,
                                                    "Actual Startup Time": 1071.04,
                                                    "Actual Total Time": 1071.043,
                                                    "Actual Rows": 484293,
                                                    "Actual Loops": 1
                                                },
                                                {
                                                    "Worker Number": 3,
                                                    "Actual Startup Time": 1071.096,
                                                    "Actual Total Time": 1071.099,
                                                    "Actual Rows": 679906,
                                                    "Actual Loops": 1
                                                },
                                                {
                                                    "Worker Number": 4,
                                                    "Actual Startup Time": 1071.387,
                                                    "Actual Total Time": 1071.39,
                                                    "Actual Rows": 703939,
                                                    "Actual Loops": 1
                                                },
                                                {
                                                    "Worker Number": 5,
                                                    "Actual Startup Time": 1071.469,
                                                    "Actual Total Time": 1071.472,
                                                    "Actual Rows": 697481,
                                                    "Actual Loops": 1
                                                }
                                            ],
                                            "Plans": [
                                                {
                                                    "Node Type": "Hash Join",
                                                    "Parent Relationship": "Outer",
                                                    "Parallel Aware": true,
                                                    "Join Type": "Inner",
                                                    "Startup Cost": 48276.98,
                                                    "Total Cost": 251098.57,
                                                    "Plan Rows": 531606,
                                                    "Plan Width": 8,
                                                    "Actual Startup Time": 142.02,
                                                    "Actual Total Time": 721.814,
                                                    "Actual Rows": 618458,
                                                    "Actual Loops": 7,
                                                    "Output": [
                                                        "t.id",
                                                        "mi.movie_id"
                                                    ],
                                                    "Inner Unique": true,
                                                    "Hash Cond": "(mi.movie_id = t.id)",
                                                    "Workers": [
                                                        {
                                                            "Worker Number": 0,
                                                            "Actual Startup Time": 142.162,
                                                            "Actual Total Time": 724.511,
                                                            "Actual Rows": 495704,
                                                            "Actual Loops": 1
                                                        },
                                                        {
                                                            "Worker Number": 1,
                                                            "Actual Startup Time": 142.109,
                                                            "Actual Total Time": 724.718,
                                                            "Actual Rows": 496776,
                                                            "Actual Loops": 1
                                                        },
                                                        {
                                                            "Worker Number": 2,
                                                            "Actual Startup Time": 141.961,
                                                            "Actual Total Time": 724.922,
                                                            "Actual Rows": 484293,
                                                            "Actual Loops": 1
                                                        },
                                                        {
                                                            "Worker Number": 3,
                                                            "Actual Startup Time": 141.949,
                                                            "Actual Total Time": 721.549,
                                                            "Actual Rows": 679906,
                                                            "Actual Loops": 1
                                                        },
                                                        {
                                                            "Worker Number": 4,
                                                            "Actual Startup Time": 141.947,
                                                            "Actual Total Time": 720.528,
                                                            "Actual Rows": 703939,
                                                            "Actual Loops": 1
                                                        },
                                                        {
                                                            "Worker Number": 5,
                                                            "Actual Startup Time": 141.938,
                                                            "Actual Total Time": 720.907,
                                                            "Actual Rows": 697481,
                                                            "Actual Loops": 1
                                                        }
                                                    ],
                                                    "Plans": [
                                                        {
                                                            "Node Type": "Seq Scan",
                                                            "Parent Relationship": "Outer",
                                                            "Parallel Aware": true,
                                                            "Relation Name": "movie_info",
                                                            "Schema": "public",
                                                            "Alias": "mi",
                                                            "Startup Cost": 0.0,
                                                            "Total Cost": 198880.74,
                                                            "Plan Rows": 1501273,
                                                            "Plan Width": 4,
                                                            "Actual Startup Time": 14.326,
                                                            "Actual Total Time": 302.285,
                                                            "Actual Rows": 1078408,
                                                            "Actual Loops": 7,
                                                            "Output": [
                                                                "mi.id",
                                                                "mi.movie_id",
                                                                "mi.info_type_id",
                                                                "mi.info",
                                                                "mi.note"
                                                            ],
                                                            "Filter": "(mi.info_type_id > 7)",
                                                            "Rows Removed by Filter": 1040981,
                                                            "Workers": [
                                                                {
                                                                    "Worker Number": 0,
                                                                    "Actual Startup Time": 14.315,
                                                                    "Actual Total Time": 317.863,
                                                                    "Actual Rows": 863582,
                                                                    "Actual Loops": 1
                                                                },
                                                                {
                                                                    "Worker Number": 1,
                                                                    "Actual Startup Time": 14.291,
                                                                    "Actual Total Time": 318.112,
                                                                    "Actual Rows": 868519,
                                                                    "Actual Loops": 1
                                                                },
                                                                {
                                                                    "Worker Number": 2,
                                                                    "Actual Startup Time": 14.439,
                                                                    "Actual Total Time": 314.003,
                                                                    "Actual Rows": 834048,
                                                                    "Actual Loops": 1
                                                                },
                                                                {
                                                                    "Worker Number": 3,
                                                                    "Actual Startup Time": 14.36,
                                                                    "Actual Total Time": 296.439,
                                                                    "Actual Rows": 1175318,
                                                                    "Actual Loops": 1
                                                                },
                                                                {
                                                                    "Worker Number": 4,
                                                                    "Actual Startup Time": 14.299,
                                                                    "Actual Total Time": 301.78,
                                                                    "Actual Rows": 1218780,
                                                                    "Actual Loops": 1
                                                                },
                                                                {
                                                                    "Worker Number": 5,
                                                                    "Actual Startup Time": 14.29,
                                                                    "Actual Total Time": 302.014,
                                                                    "Actual Rows": 1214199,
                                                                    "Actual Loops": 1
                                                                }
                                                            ]
                                                        },
                                                        {
                                                            "Node Type": "Hash",
                                                            "Parent Relationship": "Inner",
                                                            "Parallel Aware": true,
                                                            "Startup Cost": 45479.21,
                                                            "Total Cost": 45479.21,
                                                            "Plan Rows": 223822,
                                                            "Plan Width": 4,
                                                            "Actual Startup Time": 126.644,
                                                            "Actual Total Time": 126.646,
                                                            "Actual Rows": 115294,
                                                            "Actual Loops": 7,
                                                            "Output": [
                                                                "t.id"
                                                            ],
                                                            "Hash Buckets": 1048576,
                                                            "Original Hash Buckets": 1048576,
                                                            "Hash Batches": 1,
                                                            "Original Hash Batches": 1,
                                                            "Peak Memory Usage": 39904,
                                                            "Workers": [
                                                                {
                                                                    "Worker Number": 0,
                                                                    "Actual Startup Time": 127.401,
                                                                    "Actual Total Time": 127.402,
                                                                    "Actual Rows": 90454,
                                                                    "Actual Loops": 1
                                                                },
                                                                {
                                                                    "Worker Number": 1,
                                                                    "Actual Startup Time": 127.429,
                                                                    "Actual Total Time": 127.43,
                                                                    "Actual Rows": 90897,
                                                                    "Actual Loops": 1
                                                                },
                                                                {
                                                                    "Worker Number": 2,
                                                                    "Actual Startup Time": 127.436,
                                                                    "Actual Total Time": 127.437,
                                                                    "Actual Rows": 83009,
                                                                    "Actual Loops": 1
                                                                },
                                                                {
                                                                    "Worker Number": 3,
                                                                    "Actual Startup Time": 127.369,
                                                                    "Actual Total Time": 127.371,
                                                                    "Actual Rows": 114258,
                                                                    "Actual Loops": 1
                                                                },
                                                                {
                                                                    "Worker Number": 4,
                                                                    "Actual Startup Time": 127.42,
                                                                    "Actual Total Time": 127.421,
                                                                    "Actual Rows": 129468,
                                                                    "Actual Loops": 1
                                                                },
                                                                {
                                                                    "Worker Number": 5,
                                                                    "Actual Startup Time": 127.393,
                                                                    "Actual Total Time": 127.394,
                                                                    "Actual Rows": 128805,
                                                                    "Actual Loops": 1
                                                                }
                                                            ],
                                                            "Plans": [
                                                                {
                                                                    "Node Type": "Seq Scan",
                                                                    "Parent Relationship": "Outer",
                                                                    "Parallel Aware": true,
                                                                    "Relation Name": "title",
                                                                    "Schema": "public",
                                                                    "Alias": "t",
                                                                    "Startup Cost": 0.0,
                                                                    "Total Cost": 45479.21,
                                                                    "Plan Rows": 223822,
                                                                    "Plan Width": 4,
                                                                    "Actual Startup Time": 0.05,
                                                                    "Actual Total Time": 77.808,
                                                                    "Actual Rows": 115294,
                                                                    "Actual Loops": 7,
                                                                    "Output": [
                                                                        "t.id"
                                                                    ],
                                                                    "Filter": "((t.kind_id < 7) AND (t.production_year > 1952))",
                                                                    "Rows Removed by Filter": 245894,
                                                                    "Workers": [
                                                                        {
                                                                            "Worker Number": 0,
                                                                            "Actual Startup Time": 0.05,
                                                                            "Actual Total Time": 80.14,
                                                                            "Actual Rows": 90454,
                                                                            "Actual Loops": 1
                                                                        },
                                                                        {
                                                                            "Worker Number": 1,
                                                                            "Actual Startup Time": 0.063,
                                                                            "Actual Total Time": 79.791,
                                                                            "Actual Rows": 90897,
                                                                            "Actual Loops": 1
                                                                        },
                                                                        {
                                                                            "Worker Number": 2,
                                                                            "Actual Startup Time": 0.049,
                                                                            "Actual Total Time": 78.371,
                                                                            "Actual Rows": 83009,
                                                                            "Actual Loops": 1
                                                                        },
                                                                        {
                                                                            "Worker Number": 3,
                                                                            "Actual Startup Time": 0.062,
                                                                            "Actual Total Time": 76.176,
                                                                            "Actual Rows": 114258,
                                                                            "Actual Loops": 1
                                                                        },
                                                                        {
                                                                            "Worker Number": 4,
                                                                            "Actual Startup Time": 0.05,
                                                                            "Actual Total Time": 78.75,
                                                                            "Actual Rows": 129468,
                                                                            "Actual Loops": 1
                                                                        },
                                                                        {
                                                                            "Worker Number": 5,
                                                                            "Actual Startup Time": 0.062,
                                                                            "Actual Total Time": 77.816,
                                                                            "Actual Rows": 128805,
                                                                            "Actual Loops": 1
                                                                        }
                                                                    ]
                                                                }
                                                            ]
                                                        }
                                                    ]
                                                }
                                            ]
                                        }
                                    ]
                                }
                            ]
                        }
                    ]
                }
            ]
        },
        "Planning Time": 189.703,
        "Triggers": [],
        "Execution Time": 7873.648
    }
]