{
  "Plan": {
    "Node Type": "Aggregate",
    "Strategy": "Plain",
    "Partial Mode": "Finalize",
    "Parallel Aware": false,
    "Startup Cost": 346280.87,
    "Total Cost": 346280.88,
    "Plan Rows": 1,
    "Plan Width": 8,
    "Actual Startup Time": 1277.043,
    "Actual Total Time": 1319.662,
    "Actual Rows": 1,
    "Actual Loops": 1,
    "Plans": [
      {
        "Node Type": "Gather",
        "Parent Relationship": "Outer",
        "Parallel Aware": false,
        "Startup Cost": 346280.76,
        "Total Cost": 346280.87,
        "Plan Rows": 1,
        "Plan Width": 8,
        "Actual Startup Time": 1276.603,
        "Actual Total Time": 1319.651,
        "Actual Rows": 2,
        "Actual Loops": 1,
        "Workers Planned": 1,
        "Workers Launched": 1,
        "Single Copy": false,
        "Plans": [
          {
            "Node Type": "Aggregate",
            "Strategy": "Plain",
            "Partial Mode": "Partial",
            "Parent Relationship": "Outer",
            "Parallel Aware": false,
            "Startup Cost": 345280.76,
            "Total Cost": 345280.77,
            "Plan Rows": 1,
            "Plan Width": 8,
            "Actual Startup Time": 1273.287,
            "Actual Total Time": 1273.291,
            "Actual Rows": 1,
            "Actual Loops": 2,
            "Plans": [
              {
                "Node Type": "Hash Join",
                "Parent Relationship": "Outer",
                "Parallel Aware": true,
                "Join Type": "Inner",
                "Startup Cost": 58850.32,
                "Total Cost": 344854.27,
                "Plan Rows": 170596,
                "Plan Width": 0,
                "Actual Startup Time": 179.827,
                "Actual Total Time": 1269.127,
                "Actual Rows": 88716,
                "Actual Loops": 2,
                "Inner Unique": true,
                "Hash Cond": "(mi.movie_id = t.id)",
                "Plans": [
                  {
                    "Node Type": "Seq Scan",
                    "Parent Relationship": "Outer",
                    "Parallel Aware": true,
                    "Relation Name": "movie_info",
                    "Alias": "mi",
                    "Startup Cost": 0.0,
                    "Total Cost": 270696.42,
                    "Plan Rows": 5831431,
                    "Plan Width": 4,
                    "Actual Startup Time": 32.312,
                    "Actual Total Time": 684.468,
                    "Actual Rows": 4955877,
                    "Actual Loops": 2,
                    "Filter": "(info_type_id > 4)",
                    "Rows Removed by Filter": 2461983
                  },
                  {
                    "Node Type": "Hash",
                    "Parent Relationship": "Inner",
                    "Parallel Aware": true,
                    "Startup Cost": 58306.47,
                    "Total Cost": 58306.47,
                    "Plan Rows": 43508,
                    "Plan Width": 4,
                    "Actual Startup Time": 144.943,
                    "Actual Total Time": 144.944,
                    "Actual Rows": 42117,
                    "Actual Loops": 2,
                    "Hash Buckets": 131072,
                    "Original Hash Buckets": 131072,
                    "Hash Batches": 1,
                    "Original Hash Batches": 1,
                    "Peak Memory Usage": 4352,
                    "Plans": [
                      {
                        "Node Type": "Seq Scan",
                        "Parent Relationship": "Outer",
                        "Parallel Aware": true,
                        "Relation Name": "title",
                        "Alias": "t",
                        "Startup Cost": 0.0,
                        "Total Cost": 58306.47,
                        "Plan Rows": 43508,
                        "Plan Width": 4,
                        "Actual Startup Time": 0.026,
                        "Actual Total Time": 133.161,
                        "Actual Rows": 42117,
                        "Actual Loops": 2,
                        "Filter": "((kind_id > 3) AND (production_year = 2006))",
                        "Rows Removed by Filter": 1222039
                      }
                    ]
                  }
                ]
              }
            ]
          }
        ]
      }
    ]
  },
  "Planning Time": 0.461,
  "Triggers": [],
  "Execution Time": 1319.745
}