[
  {
    "Plan": {
      "Node Type": "Aggregate",
      "Strategy": "Plain",
      "Partial Mode": "Finalize",
      "Parallel Aware": false,
      "Startup Cost": 195610.45,
      "Total Cost": 195610.46,
      "Plan Rows": 1,
      "Plan Width": 8,
      "Actual Startup Time": 112.311,
      "Actual Total Time": 117.649,
      "Actual Rows": 1,
      "Actual Loops": 1,
      "Plans": [
        {
          "Node Type": "Gather",
          "Parent Relationship": "Outer",
          "Parallel Aware": false,
          "Startup Cost": 195609.93,
          "Total Cost": 195610.44,
          "Plan Rows": 5,
          "Plan Width": 8,
          "Actual Startup Time": 112.063,
          "Actual Total Time": 117.64,
          "Actual Rows": 6,
          "Actual Loops": 1,
          "Workers Planned": 5,
          "Workers Launched": 5,
          "Single Copy": false,
          "Plans": [
            {
              "Node Type": "Aggregate",
              "Strategy": "Plain",
              "Partial Mode": "Partial",
              "Parent Relationship": "Outer",
              "Parallel Aware": false,
              "Startup Cost": 194609.93,
              "Total Cost": 194609.94,
              "Plan Rows": 1,
              "Plan Width": 8,
              "Actual Startup Time": 102.158,
              "Actual Total Time": 102.159,
              "Actual Rows": 1,
              "Actual Loops": 6,
              "Plans": [
                {
                  "Node Type": "Bitmap Heap Scan",
                  "Parent Relationship": "Outer",
                  "Parallel Aware": true,
                  "Relation Name": "movie_info",
                  "Alias": "mi",
                  "Startup Cost": 27973.07,
                  "Total Cost": 193835.95,
                  "Plan Rows": 309591,
                  "Plan Width": 0,
                  "Actual Startup Time": 38.166,
                  "Actual Total Time": 86.888,
                  "Actual Rows": 255652,
                  "Actual Loops": 6,
                  "Recheck Cond": "(info_type_id = 3)",
                  "Rows Removed by Index Recheck": 0,
                  "Exact Heap Blocks": 2925,
                  "Lossy Heap Blocks": 0,
                  "Plans": [
                    {
                      "Node Type": "Bitmap Index Scan",
                      "Parent Relationship": "Outer",
                      "Parallel Aware": false,
                      "Index Name": "info_type_id_movie_info",
                      "Startup Cost": 0.0,
                      "Total Cost": 27586.08,
                      "Plan Rows": 1547953,
                      "Plan Width": 0,
                      "Actual Startup Time": 45.915,
                      "Actual Total Time": 45.917,
                      "Actual Rows": 1533909,
                      "Actual Loops": 1,
                      "Index Cond": "(info_type_id = 3)"
                    }
                  ]
                }
              ]
            }
          ]
        }
      ]
    },
    "Planning Time": 0.087,
    "Triggers": [],
    "Execution Time": 117.685
  }
]