[
    {
        "Bao": {
            "Bao prediction": "NaN",
            "Bao recommended hint": "(no hint)"
        }
    },
    {
        "Plan": {
            "Node Type": "Aggregate",
            "Strategy": "Plain",
            "Partial Mode": "Finalize",
            "Parallel Aware": false,
            "Startup Cost": 92029.78,
            "Total Cost": 92029.79,
            "Plan Rows": 1,
            "Plan Width": 8,
            "Actual Startup Time": 262.02,
            "Actual Total Time": 274.181,
            "Actual Rows": 1,
            "Actual Loops": 1,
            "Output": [
                "count(*)"
            ],
            "Plans": [
                {
                    "Node Type": "Gather",
                    "Parent Relationship": "Outer",
                    "Parallel Aware": false,
                    "Startup Cost": 92029.46,
                    "Total Cost": 92029.77,
                    "Plan Rows": 3,
                    "Plan Width": 8,
                    "Actual Startup Time": 259.904,
                    "Actual Total Time": 274.16,
                    "Actual Rows": 4,
                    "Actual Loops": 1,
                    "Output": [
                        "(PARTIAL count(*))"
                    ],
                    "Workers Planned": 3,
                    "Workers Launched": 3,
                    "Single Copy": false,
                    "Plans": [
                        {
                            "Node Type": "Aggregate",
                            "Strategy": "Plain",
                            "Partial Mode": "Partial",
                            "Parent Relationship": "Outer",
                            "Parallel Aware": false,
                            "Startup Cost": 91029.46,
                            "Total Cost": 91029.47,
                            "Plan Rows": 1,
                            "Plan Width": 8,
                            "Actual Startup Time": 251.667,
                            "Actual Total Time": 251.67,
                            "Actual Rows": 1,
                            "Actual Loops": 4,
                            "Output": [
                                "PARTIAL count(*)"
                            ],
                            "Workers": [
                                {
                                    "Worker Number": 0,
                                    "Actual Startup Time": 249.068,
                                    "Actual Total Time": 249.071,
                                    "Actual Rows": 1,
                                    "Actual Loops": 1
                                },
                                {
                                    "Worker Number": 1,
                                    "Actual Startup Time": 248.999,
                                    "Actual Total Time": 249.002,
                                    "Actual Rows": 1,
                                    "Actual Loops": 1
                                },
                                {
                                    "Worker Number": 2,
                                    "Actual Startup Time": 249.156,
                                    "Actual Total Time": 249.159,
                                    "Actual Rows": 1,
                                    "Actual Loops": 1
                                }
                            ],
                            "Plans": [
                                {
                                    "Node Type": "Hash Join",
                                    "Parent Relationship": "Outer",
                                    "Parallel Aware": true,
                                    "Join Type": "Inner",
                                    "Startup Cost": 47404.56,
                                    "Total Cost": 90854.42,
                                    "Plan Rows": 70015,
                                    "Plan Width": 0,
                                    "Actual Startup Time": 134.444,
                                    "Actual Total Time": 247.872,
                                    "Actual Rows": 87571,
                                    "Actual Loops": 4,
                                    "Inner Unique": true,
                                    "Hash Cond": "(mk.movie_id = t.id)",
                                    "Workers": [
                                        {
                                            "Worker Number": 0,
                                            "Actual Startup Time": 131.63,
                                            "Actual Total Time": 245.235,
                                            "Actual Rows": 84504,
                                            "Actual Loops": 1
                                        },
                                        {
                                            "Worker Number": 1,
                                            "Actual Startup Time": 131.881,
                                            "Actual Total Time": 245.251,
                                            "Actual Rows": 82627,
                                            "Actual Loops": 1
                                        },
                                        {
                                            "Worker Number": 2,
                                            "Actual Startup Time": 131.985,
                                            "Actual Total Time": 245.261,
                                            "Actual Rows": 84765,
                                            "Actual Loops": 1
                                        }
                                    ],
                                    "Plans": [
                                        {
                                            "Node Type": "Seq Scan",
                                            "Parent Relationship": "Outer",
                                            "Parallel Aware": true,
                                            "Relation Name": "movie_keyword",
                                            "Schema": "public",
                                            "Alias": "mk",
                                            "Startup Cost": 0.0,
                                            "Total Cost": 42695.65,
                                            "Plan Rows": 287318,
                                            "Plan Width": 4,
                                            "Actual Startup Time": 1.302,
                                            "Actual Total Time": 81.995,
                                            "Actual Rows": 217242,
                                            "Actual Loops": 4,
                                            "Output": [
                                                "mk.id",
                                                "mk.movie_id",
                                                "mk.keyword_id"
                                            ],
                                            "Filter": "(mk.keyword_id > 21188)",
                                            "Rows Removed by Filter": 913741,
                                            "Workers": [
                                                {
                                                    "Worker Number": 0,
                                                    "Actual Startup Time": 1.3,
                                                    "Actual Total Time": 82.993,
                                                    "Actual Rows": 211337,
                                                    "Actual Loops": 1
                                                },
                                                {
                                                    "Worker Number": 1,
                                                    "Actual Startup Time": 1.288,
                                                    "Actual Total Time": 82.179,
                                                    "Actual Rows": 205279,
                                                    "Actual Loops": 1
                                                },
                                                {
                                                    "Worker Number": 2,
                                                    "Actual Startup Time": 1.306,
                                                    "Actual Total Time": 82.873,
                                                    "Actual Rows": 208591,
                                                    "Actual Loops": 1
                                                }
                                            ]
                                        },
                                        {
                                            "Node Type": "Hash",
                                            "Parent Relationship": "Inner",
                                            "Parallel Aware": true,
                                            "Startup Cost": 45479.21,
                                            "Total Cost": 45479.21,
                                            "Plan Rows": 154028,
                                            "Plan Width": 4,
                                            "Actual Startup Time": 130.141,
                                            "Actual Total Time": 130.142,
                                            "Actual Rows": 130094,
                                            "Actual Loops": 4,
                                            "Output": [
                                                "t.id"
                                            ],
                                            "Hash Buckets": 1048576,
                                            "Original Hash Buckets": 1048576,
                                            "Hash Batches": 1,
                                            "Original Hash Batches": 1,
                                            "Peak Memory Usage": 28608,
                                            "Workers": [
                                                {
                                                    "Worker Number": 0,
                                                    "Actual Startup Time": 129.597,
                                                    "Actual Total Time": 129.598,
                                                    "Actual Rows": 125403,
                                                    "Actual Loops": 1
                                                },
                                                {
                                                    "Worker Number": 1,
                                                    "Actual Startup Time": 129.778,
                                                    "Actual Total Time": 129.779,
                                                    "Actual Rows": 115332,
                                                    "Actual Loops": 1
                                                },
                                                {
                                                    "Worker Number": 2,
                                                    "Actual Startup Time": 129.884,
                                                    "Actual Total Time": 129.886,
                                                    "Actual Rows": 123867,
                                                    "Actual Loops": 1
                                                }
                                            ],
                                            "Plans": [
                                                {
                                                    "Node Type": "Seq Scan",
                                                    "Parent Relationship": "Outer",
                                                    "Parallel Aware": true,
                                                    "Relation Name": "title",
                                                    "Schema": "public",
                                                    "Alias": "t",
                                                    "Startup Cost": 0.0,
                                                    "Total Cost": 45479.21,
                                                    "Plan Rows": 154028,
                                                    "Plan Width": 4,
                                                    "Actual Startup Time": 0.047,
                                                    "Actual Total Time": 89.077,
                                                    "Actual Rows": 130094,
                                                    "Actual Loops": 4,
                                                    "Output": [
                                                        "t.id"
                                                    ],
                                                    "Filter": "((t.kind_id < 7) AND (t.production_year > 1996))",
                                                    "Rows Removed by Filter": 501984,
                                                    "Workers": [
                                                        {
                                                            "Worker Number": 0,
                                                            "Actual Startup Time": 0.057,
                                                            "Actual Total Time": 89.969,
                                                            "Actual Rows": 125403,
                                                            "Actual Loops": 1
                                                        },
                                                        {
                                                            "Worker Number": 1,
                                                            "Actual Startup Time": 0.059,
                                                            "Actual Total Time": 87.532,
                                                            "Actual Rows": 115332,
                                                            "Actual Loops": 1
                                                        },
                                                        {
                                                            "Worker Number": 2,
                                                            "Actual Startup Time": 0.055,
                                                            "Actual Total Time": 89.79,
                                                            "Actual Rows": 123867,
                                                            "Actual Loops": 1
                                                        }
                                                    ]
                                                }
                                            ]
                                        }
                                    ]
                                }
                            ]
                        }
                    ]
                }
            ]
        },
        "Planning Time": 177.771,
        "Triggers": [],
        "Execution Time": 274.309
    }
]