[
  {
    "Plan": {
      "Node Type": "Aggregate",
      "Strategy": "Plain",
      "Partial Mode": "Finalize",
      "Parallel Aware": false,
      "Startup Cost": 249822.94,
      "Total Cost": 249822.95,
      "Plan Rows": 1,
      "Plan Width": 8,
      "Actual Startup Time": 1052.944,
      "Actual Total Time": 1104.242,
      "Actual Rows": 1,
      "Actual Loops": 1,
      "Plans": [
        {
          "Node Type": "Gather",
          "Parent Relationship": "Outer",
          "Parallel Aware": false,
          "Startup Cost": 249822.42,
          "Total Cost": 249822.93,
          "Plan Rows": 5,
          "Plan Width": 8,
          "Actual Startup Time": 1047.777,
          "Actual Total Time": 1104.221,
          "Actual Rows": 6,
          "Actual Loops": 1,
          "Workers Planned": 5,
          "Workers Launched": 5,
          "Single Copy": false,
          "Plans": [
            {
              "Node Type": "Aggregate",
              "Strategy": "Plain",
              "Partial Mode": "Partial",
              "Parent Relationship": "Outer",
              "Parallel Aware": false,
              "Startup Cost": 248822.42,
              "Total Cost": 248822.43,
              "Plan Rows": 1,
              "Plan Width": 8,
              "Actual Startup Time": 1039.071,
              "Actual Total Time": 1039.074,
              "Actual Rows": 1,
              "Actual Loops": 6,
              "Plans": [
                {
                  "Node Type": "Hash Join",
                  "Parent Relationship": "Outer",
                  "Parallel Aware": true,
                  "Join Type": "Inner",
                  "Startup Cost": 47471.59,
                  "Total Cost": 246950.99,
                  "Plan Rows": 748570,
                  "Plan Width": 0,
                  "Actual Startup Time": 146.447,
                  "Actual Total Time": 977.225,
                  "Actual Rows": 1358118,
                  "Actual Loops": 6,
                  "Inner Unique": true,
                  "Hash Cond": "(mi.movie_id = t.id)",
                  "Plans": [
                    {
                      "Node Type": "Seq Scan",
                      "Parent Relationship": "Outer",
                      "Parallel Aware": true,
                      "Relation Name": "movie_info",
                      "Alias": "mi",
                      "Startup Cost": 0.0,
                      "Total Cost": 191685.19,
                      "Plan Rows": 2969219,
                      "Plan Width": 4,
                      "Actual Startup Time": 0.038,
                      "Actual Total Time": 308.661,
                      "Actual Rows": 2472620,
                      "Actual Loops": 6
                    },
                    {
                      "Node Type": "Hash",
                      "Parent Relationship": "Inner",
                      "Parallel Aware": true,
                      "Startup Cost": 45479.59,
                      "Total Cost": 45479.59,
                      "Plan Rows": 159360,
                      "Plan Width": 4,
                      "Actual Startup Time": 130.197,
                      "Actual Total Time": 130.198,
                      "Actual Rows": 107077,
                      "Actual Loops": 6,
                      "Hash Buckets": 1048576,
                      "Original Hash Buckets": 1048576,
                      "Hash Batches": 1,
                      "Original Hash Batches": 1,
                      "Peak Memory Usage": 33472,
                      "Plans": [
                        {
                          "Node Type": "Seq Scan",
                          "Parent Relationship": "Outer",
                          "Parallel Aware": true,
                          "Relation Name": "title",
                          "Alias": "t",
                          "Startup Cost": 0.0,
                          "Total Cost": 45479.59,
                          "Plan Rows": 159360,
                          "Plan Width": 4,
                          "Actual Startup Time": 42.112,
                          "Actual Total Time": 86.181,
                          "Actual Rows": 107077,
                          "Actual Loops": 6,
                          "Filter": "((production_year > 1903) AND (kind_id = 1))",
                          "Rows Removed by Filter": 314309
                        }
                      ]
                    }
                  ]
                }
              ]
            }
          ]
        }
      ]
    },
    "Planning Time": 0.333,
    "Triggers": [],
    "Execution Time": 1104.295
  }
]