[
  {
    "Plan": {
      "Node Type": "Aggregate",
      "Strategy": "Plain",
      "Partial Mode": "Finalize",
      "Parallel Aware": false,
      "Startup Cost": 382408.2,
      "Total Cost": 382408.21,
      "Plan Rows": 1,
      "Plan Width": 8,
      "Actual Startup Time": 992.869,
      "Actual Total Time": 1054.256,
      "Actual Rows": 1,
      "Actual Loops": 1,
      "Plans": [
        {
          "Node Type": "Gather",
          "Parent Relationship": "Outer",
          "Parallel Aware": false,
          "Startup Cost": 382407.58,
          "Total Cost": 382408.19,
          "Plan Rows": 6,
          "Plan Width": 8,
          "Actual Startup Time": 989.3,
          "Actual Total Time": 1054.246,
          "Actual Rows": 7,
          "Actual Loops": 1,
          "Workers Planned": 6,
          "Workers Launched": 6,
          "Single Copy": false,
          "Plans": [
            {
              "Node Type": "Aggregate",
              "Strategy": "Plain",
              "Partial Mode": "Partial",
              "Parent Relationship": "Outer",
              "Parallel Aware": false,
              "Startup Cost": 381407.58,
              "Total Cost": 381407.59,
              "Plan Rows": 1,
              "Plan Width": 8,
              "Actual Startup Time": 978.452,
              "Actual Total Time": 978.455,
              "Actual Rows": 1,
              "Actual Loops": 7,
              "Plans": [
                {
                  "Node Type": "Hash Join",
                  "Parent Relationship": "Outer",
                  "Parallel Aware": true,
                  "Join Type": "Inner",
                  "Startup Cost": 46313.46,
                  "Total Cost": 380774.1,
                  "Plan Rows": 253392,
                  "Plan Width": 0,
                  "Actual Startup Time": 309.761,
                  "Actual Total Time": 966.378,
                  "Actual Rows": 248018,
                  "Actual Loops": 7,
                  "Inner Unique": true,
                  "Hash Cond": "(ci.movie_id = t.id)",
                  "Plans": [
                    {
                      "Node Type": "Seq Scan",
                      "Parent Relationship": "Outer",
                      "Parallel Aware": true,
                      "Relation Name": "cast_info",
                      "Alias": "ci",
                      "Startup Cost": 0.0,
                      "Total Cost": 328162.03,
                      "Plan Rows": 2399466,
                      "Plan Width": 4,
                      "Actual Startup Time": 211.332,
                      "Actual Total Time": 527.237,
                      "Actual Rows": 2048489,
                      "Actual Loops": 7,
                      "Filter": "(person_id > 2228068)",
                      "Rows Removed by Filter": 3129275
                    },
                    {
                      "Node Type": "Hash",
                      "Parent Relationship": "Inner",
                      "Parallel Aware": true,
                      "Startup Cost": 45479.1,
                      "Total Cost": 45479.1,
                      "Plan Rows": 66749,
                      "Plan Width": 4,
                      "Actual Startup Time": 95.767,
                      "Actual Total Time": 95.768,
                      "Actual Rows": 53457,
                      "Actual Loops": 7,
                      "Hash Buckets": 524288,
                      "Original Hash Buckets": 524288,
                      "Hash Batches": 1,
                      "Original Hash Batches": 1,
                      "Peak Memory Usage": 18848,
                      "Plans": [
                        {
                          "Node Type": "Seq Scan",
                          "Parent Relationship": "Outer",
                          "Parallel Aware": true,
                          "Relation Name": "title",
                          "Alias": "t",
                          "Startup Cost": 0.0,
                          "Total Cost": 45479.1,
                          "Plan Rows": 66749,
                          "Plan Width": 4,
                          "Actual Startup Time": 47.98,
                          "Actual Total Time": 74.985,
                          "Actual Rows": 53457,
                          "Actual Loops": 7,
                          "Filter": "((production_year < 2000) AND (kind_id = 1))",
                          "Rows Removed by Filter": 307731
                        }
                      ]
                    }
                  ]
                }
              ]
            }
          ]
        }
      ]
    },
    "Planning Time": 0.616,
    "Triggers": [],
    "Execution Time": 1054.345
  }
]