[
  {
    "Plan": {
      "Node Type": "Aggregate",
      "Strategy": "Plain",
      "Partial Mode": "Finalize",
      "Parallel Aware": false,
      "Startup Cost": 380344.66,
      "Total Cost": 380344.67,
      "Plan Rows": 1,
      "Plan Width": 8,
      "Actual Startup Time": 1806.629,
      "Actual Total Time": 1877.448,
      "Actual Rows": 1,
      "Actual Loops": 1,
      "Plans": [
        {
          "Node Type": "Gather",
          "Parent Relationship": "Outer",
          "Parallel Aware": false,
          "Startup Cost": 380344.04,
          "Total Cost": 380344.65,
          "Plan Rows": 6,
          "Plan Width": 8,
          "Actual Startup Time": 1800.717,
          "Actual Total Time": 1877.439,
          "Actual Rows": 7,
          "Actual Loops": 1,
          "Workers Planned": 6,
          "Workers Launched": 6,
          "Single Copy": false,
          "Plans": [
            {
              "Node Type": "Aggregate",
              "Strategy": "Plain",
              "Partial Mode": "Partial",
              "Parent Relationship": "Outer",
              "Parallel Aware": false,
              "Startup Cost": 379344.04,
              "Total Cost": 379344.05,
              "Plan Rows": 1,
              "Plan Width": 8,
              "Actual Startup Time": 1790.042,
              "Actual Total Time": 1790.045,
              "Actual Rows": 1,
              "Actual Loops": 7,
              "Plans": [
                {
                  "Node Type": "Hash Join",
                  "Parent Relationship": "Outer",
                  "Parallel Aware": true,
                  "Join Type": "Inner",
                  "Startup Cost": 47179.17,
                  "Total Cost": 376095.97,
                  "Plan Rows": 1299226,
                  "Plan Width": 0,
                  "Actual Startup Time": 117.406,
                  "Actual Total Time": 1734.663,
                  "Actual Rows": 1070731,
                  "Actual Loops": 7,
                  "Inner Unique": true,
                  "Hash Cond": "(ci.movie_id = t.id)",
                  "Plans": [
                    {
                      "Node Type": "Seq Scan",
                      "Parent Relationship": "Outer",
                      "Parallel Aware": true,
                      "Relation Name": "cast_info",
                      "Alias": "ci",
                      "Startup Cost": 0.0,
                      "Total Cost": 313067.02,
                      "Plan Rows": 6038002,
                      "Plan Width": 4,
                      "Actual Startup Time": 0.026,
                      "Actual Total Time": 578.246,
                      "Actual Rows": 5177763,
                      "Actual Loops": 7
                    },
                    {
                      "Node Type": "Hash",
                      "Parent Relationship": "Inner",
                      "Parallel Aware": true,
                      "Startup Cost": 45479.1,
                      "Total Cost": 45479.1,
                      "Plan Rows": 136006,
                      "Plan Width": 4,
                      "Actual Startup Time": 114.033,
                      "Actual Total Time": 114.034,
                      "Actual Rows": 65687,
                      "Actual Loops": 7,
                      "Hash Buckets": 1048576,
                      "Original Hash Buckets": 1048576,
                      "Hash Batches": 1,
                      "Original Hash Batches": 1,
                      "Peak Memory Usage": 26336,
                      "Plans": [
                        {
                          "Node Type": "Seq Scan",
                          "Parent Relationship": "Outer",
                          "Parallel Aware": true,
                          "Relation Name": "title",
                          "Alias": "t",
                          "Startup Cost": 0.0,
                          "Total Cost": 45479.1,
                          "Plan Rows": 136006,
                          "Plan Width": 4,
                          "Actual Startup Time": 0.049,
                          "Actual Total Time": 79.388,
                          "Actual Rows": 65687,
                          "Actual Loops": 7,
                          "Filter": "((kind_id < 7) AND (production_year > 2000))",
                          "Rows Removed by Filter": 295500
                        }
                      ]
                    }
                  ]
                }
              ]
            }
          ]
        }
      ]
    },
    "Planning Time": 0.522,
    "Triggers": [],
    "Execution Time": 1877.534
  }
]