{
  "Plan": {
    "Node Type": "Aggregate",
    "Strategy": "Plain",
    "Partial Mode": "Finalize",
    "Parallel Aware": false,
    "Startup Cost": 128310.04,
    "Total Cost": 128310.05,
    "Plan Rows": 1,
    "Plan Width": 8,
    "Actual Startup Time": 817.334,
    "Actual Total Time": 835.163,
    "Actual Rows": 1,
    "Actual Loops": 1,
    "Plans": [
      {
        "Node Type": "Gather",
        "Parent Relationship": "Outer",
        "Parallel Aware": false,
        "Startup Cost": 128309.93,
        "Total Cost": 128310.04,
        "Plan Rows": 1,
        "Plan Width": 8,
        "Actual Startup Time": 813.943,
        "Actual Total Time": 835.156,
        "Actual Rows": 2,
        "Actual Loops": 1,
        "Workers Planned": 1,
        "Workers Launched": 1,
        "Single Copy": false,
        "Plans": [
          {
            "Node Type": "Aggregate",
            "Strategy": "Plain",
            "Partial Mode": "Partial",
            "Parent Relationship": "Outer",
            "Parallel Aware": false,
            "Startup Cost": 127309.93,
            "Total Cost": 127309.94,
            "Plan Rows": 1,
            "Plan Width": 8,
            "Actual Startup Time": 805.316,
            "Actual Total Time": 805.319,
            "Actual Rows": 1,
            "Actual Loops": 2,
            "Plans": [
              {
                "Node Type": "Hash Join",
                "Parent Relationship": "Outer",
                "Parallel Aware": true,
                "Join Type": "Inner",
                "Startup Cost": 91892.49,
                "Total Cost": 125754.83,
                "Plan Rows": 622039,
                "Plan Width": 0,
                "Actual Startup Time": 559.151,
                "Actual Total Time": 782.533,
                "Actual Rows": 532222,
                "Actual Loops": 2,
                "Inner Unique": true,
                "Hash Cond": "(mk.movie_id = t.id)",
                "Plans": [
                  {
                    "Node Type": "Bitmap Heap Scan",
                    "Parent Relationship": "Outer",
                    "Parallel Aware": true,
                    "Relation Name": "movie_keyword",
                    "Alias": "mk",
                    "Startup Cost": 22431.79,
                    "Total Cost": 54661.28,
                    "Plan Rows": 622039,
                    "Plan Width": 4,
                    "Actual Startup Time": 52.442,
                    "Actual Total Time": 140.96,
                    "Actual Rows": 532222,
                    "Actual Loops": 2,
                    "Recheck Cond": "(keyword_id < 1063)",
                    "Rows Removed by Index Recheck": 0,
                    "Exact Heap Blocks": 13404,
                    "Lossy Heap Blocks": 0,
                    "Plans": [
                      {
                        "Node Type": "Bitmap Index Scan",
                        "Parent Relationship": "Outer",
                        "Parallel Aware": false,
                        "Index Name": "keyword_id_movie_keyword",
                        "Startup Cost": 0.0,
                        "Total Cost": 22167.43,
                        "Plan Rows": 1057466,
                        "Plan Width": 0,
                        "Actual Startup Time": 48.791,
                        "Actual Total Time": 48.792,
                        "Actual Rows": 1064445,
                        "Actual Loops": 1,
                        "Index Cond": "(keyword_id < 1063)"
                      }
                    ]
                  },
                  {
                    "Node Type": "Hash",
                    "Parent Relationship": "Inner",
                    "Parallel Aware": true,
                    "Startup Cost": 50870.31,
                    "Total Cost": 50870.31,
                    "Plan Rows": 1487231,
                    "Plan Width": 4,
                    "Actual Startup Time": 491.592,
                    "Actual Total Time": 491.593,
                    "Actual Rows": 1264156,
                    "Actual Loops": 2,
                    "Hash Buckets": 4194304,
                    "Original Hash Buckets": 4194304,
                    "Hash Batches": 1,
                    "Original Hash Batches": 1,
                    "Peak Memory Usage": 131712,
                    "Plans": [
                      {
                        "Node Type": "Seq Scan",
                        "Parent Relationship": "Outer",
                        "Parallel Aware": true,
                        "Relation Name": "title",
                        "Alias": "t",
                        "Startup Cost": 0.0,
                        "Total Cost": 50870.31,
                        "Plan Rows": 1487231,
                        "Plan Width": 4,
                        "Actual Startup Time": 0.019,
                        "Actual Total Time": 145.023,
                        "Actual Rows": 1264156,
                        "Actual Loops": 2
                      }
                    ]
                  }
                ]
              }
            ]
          }
        ]
      }
    ]
  },
  "Planning Time": 0.339,
  "Triggers": [],
  "Execution Time": 835.211
}