[
    {
        "Bao": {
            "Bao prediction": "NaN",
            "Bao recommended hint": "(no hint)"
        }
    },
    {
        "Plan": {
            "Node Type": "Aggregate",
            "Strategy": "Plain",
            "Partial Mode": "Finalize",
            "Parallel Aware": false,
            "Startup Cost": 60544.09,
            "Total Cost": 60544.1,
            "Plan Rows": 1,
            "Plan Width": 8,
            "Actual Startup Time": 192.799,
            "Actual Total Time": 218.551,
            "Actual Rows": 1,
            "Actual Loops": 1,
            "Output": [
                "count(*)"
            ],
            "Plans": [
                {
                    "Node Type": "Gather",
                    "Parent Relationship": "Outer",
                    "Parallel Aware": false,
                    "Startup Cost": 60543.78,
                    "Total Cost": 60544.09,
                    "Plan Rows": 3,
                    "Plan Width": 8,
                    "Actual Startup Time": 192.517,
                    "Actual Total Time": 218.541,
                    "Actual Rows": 4,
                    "Actual Loops": 1,
                    "Output": [
                        "(PARTIAL count(*))"
                    ],
                    "Workers Planned": 3,
                    "Workers Launched": 3,
                    "Single Copy": false,
                    "Plans": [
                        {
                            "Node Type": "Aggregate",
                            "Strategy": "Plain",
                            "Partial Mode": "Partial",
                            "Parent Relationship": "Outer",
                            "Parallel Aware": false,
                            "Startup Cost": 59543.78,
                            "Total Cost": 59543.79,
                            "Plan Rows": 1,
                            "Plan Width": 8,
                            "Actual Startup Time": 183.537,
                            "Actual Total Time": 183.539,
                            "Actual Rows": 1,
                            "Actual Loops": 4,
                            "Output": [
                                "PARTIAL count(*)"
                            ],
                            "Workers": [
                                {
                                    "Worker Number": 0,
                                    "Actual Startup Time": 180.419,
                                    "Actual Total Time": 180.422,
                                    "Actual Rows": 1,
                                    "Actual Loops": 1
                                },
                                {
                                    "Worker Number": 1,
                                    "Actual Startup Time": 180.665,
                                    "Actual Total Time": 180.667,
                                    "Actual Rows": 1,
                                    "Actual Loops": 1
                                },
                                {
                                    "Worker Number": 2,
                                    "Actual Startup Time": 180.987,
                                    "Actual Total Time": 180.989,
                                    "Actual Rows": 1,
                                    "Actual Loops": 1
                                }
                            ],
                            "Plans": [
                                {
                                    "Node Type": "Nested Loop",
                                    "Parent Relationship": "Outer",
                                    "Parallel Aware": false,
                                    "Join Type": "Inner",
                                    "Startup Cost": 626.32,
                                    "Total Cost": 59373.04,
                                    "Plan Rows": 68294,
                                    "Plan Width": 0,
                                    "Actual Startup Time": 5.384,
                                    "Actual Total Time": 177.679,
                                    "Actual Rows": 68891,
                                    "Actual Loops": 4,
                                    "Inner Unique": false,
                                    "Workers": [
                                        {
                                            "Worker Number": 0,
                                            "Actual Startup Time": 2.276,
                                            "Actual Total Time": 174.849,
                                            "Actual Rows": 43342,
                                            "Actual Loops": 1
                                        },
                                        {
                                            "Worker Number": 1,
                                            "Actual Startup Time": 2.522,
                                            "Actual Total Time": 175.981,
                                            "Actual Rows": 58150,
                                            "Actual Loops": 1
                                        },
                                        {
                                            "Worker Number": 2,
                                            "Actual Startup Time": 3.131,
                                            "Actual Total Time": 176.285,
                                            "Actual Rows": 57049,
                                            "Actual Loops": 1
                                        }
                                    ],
                                    "Plans": [
                                        {
                                            "Node Type": "Nested Loop",
                                            "Parent Relationship": "Outer",
                                            "Parallel Aware": false,
                                            "Join Type": "Inner",
                                            "Startup Cost": 625.76,
                                            "Total Cost": 48820.19,
                                            "Plan Rows": 4763,
                                            "Plan Width": 8,
                                            "Actual Startup Time": 5.156,
                                            "Actual Total Time": 36.207,
                                            "Actual Rows": 3618,
                                            "Actual Loops": 4,
                                            "Output": [
                                                "t.id",
                                                "mc.movie_id"
                                            ],
                                            "Inner Unique": true,
                                            "Workers": [
                                                {
                                                    "Worker Number": 0,
                                                    "Actual Startup Time": 2.087,
                                                    "Actual Total Time": 32.004,
                                                    "Actual Rows": 2096,
                                                    "Actual Loops": 1
                                                },
                                                {
                                                    "Worker Number": 1,
                                                    "Actual Startup Time": 2.308,
                                                    "Actual Total Time": 33.982,
                                                    "Actual Rows": 3055,
                                                    "Actual Loops": 1
                                                },
                                                {
                                                    "Worker Number": 2,
                                                    "Actual Startup Time": 2.634,
                                                    "Actual Total Time": 34.922,
                                                    "Actual Rows": 2968,
                                                    "Actual Loops": 1
                                                }
                                            ],
                                            "Plans": [
                                                {
                                                    "Node Type": "Bitmap Heap Scan",
                                                    "Parent Relationship": "Outer",
                                                    "Parallel Aware": true,
                                                    "Relation Name": "movie_companies",
                                                    "Schema": "public",
                                                    "Alias": "mc",
                                                    "Startup Cost": 625.33,
                                                    "Total Cost": 20409.5,
                                                    "Plan Rows": 4763,
                                                    "Plan Width": 4,
                                                    "Actual Startup Time": 4.995,
                                                    "Actual Total Time": 9.492,
                                                    "Actual Rows": 3618,
                                                    "Actual Loops": 4,
                                                    "Output": [
                                                        "mc.id",
                                                        "mc.movie_id",
                                                        "mc.company_id",
                                                        "mc.company_type_id",
                                                        "mc.note"
                                                    ],
                                                    "Recheck Cond": "(mc.company_id = 27)",
                                                    "Rows Removed by Index Recheck": 0,
                                                    "Filter": "(mc.company_type_id > 1)",
                                                    "Rows Removed by Filter": 3208,
                                                    "Exact Heap Blocks": 5079,
                                                    "Lossy Heap Blocks": 0,
                                                    "Workers": [
                                                        {
                                                            "Worker Number": 0,
                                                            "Actual Startup Time": 1.91,
                                                            "Actual Total Time": 6.042,
                                                            "Actual Rows": 2096,
                                                            "Actual Loops": 1
                                                        },
                                                        {
                                                            "Worker Number": 1,
                                                            "Actual Startup Time": 2.105,
                                                            "Actual Total Time": 6.499,
                                                            "Actual Rows": 3055,
                                                            "Actual Loops": 1
                                                        },
                                                        {
                                                            "Worker Number": 2,
                                                            "Actual Startup Time": 2.388,
                                                            "Actual Total Time": 7.144,
                                                            "Actual Rows": 2968,
                                                            "Actual Loops": 1
                                                        }
                                                    ],
                                                    "Plans": [
                                                        {
                                                            "Node Type": "Bitmap Index Scan",
                                                            "Parent Relationship": "Outer",
                                                            "Parallel Aware": false,
                                                            "Index Name": "company_id_movie_companies",
                                                            "Startup Cost": 0.0,
                                                            "Total Cost": 621.64,
                                                            "Plan Rows": 28961,
                                                            "Plan Width": 0,
                                                            "Actual Startup Time": 3.798,
                                                            "Actual Total Time": 3.799,
                                                            "Actual Rows": 27303,
                                                            "Actual Loops": 1,
                                                            "Index Cond": "(mc.company_id = 27)"
                                                        }
                                                    ]
                                                },
                                                {
                                                    "Node Type": "Index Only Scan",
                                                    "Parent Relationship": "Inner",
                                                    "Parallel Aware": false,
                                                    "Scan Direction": "Forward",
                                                    "Index Name": "title_pkey",
                                                    "Relation Name": "title",
                                                    "Schema": "public",
                                                    "Alias": "t",
                                                    "Startup Cost": 0.43,
                                                    "Total Cost": 5.96,
                                                    "Plan Rows": 1,
                                                    "Plan Width": 4,
                                                    "Actual Startup Time": 0.007,
                                                    "Actual Total Time": 0.007,
                                                    "Actual Rows": 1,
                                                    "Actual Loops": 14470,
                                                    "Output": [
                                                        "t.id"
                                                    ],
                                                    "Index Cond": "(t.id = mc.movie_id)",
                                                    "Rows Removed by Index Recheck": 0,
                                                    "Heap Fetches": 14470,
                                                    "Workers": [
                                                        {
                                                            "Worker Number": 0,
                                                            "Actual Startup Time": 0.011,
                                                            "Actual Total Time": 0.011,
                                                            "Actual Rows": 1,
                                                            "Actual Loops": 2096
                                                        },
                                                        {
                                                            "Worker Number": 1,
                                                            "Actual Startup Time": 0.008,
                                                            "Actual Total Time": 0.008,
                                                            "Actual Rows": 1,
                                                            "Actual Loops": 3055
                                                        },
                                                        {
                                                            "Worker Number": 2,
                                                            "Actual Startup Time": 0.009,
                                                            "Actual Total Time": 0.009,
                                                            "Actual Rows": 1,
                                                            "Actual Loops": 2968
                                                        }
                                                    ]
                                                }
                                            ]
                                        },
                                        {
                                            "Node Type": "Index Only Scan",
                                            "Parent Relationship": "Inner",
                                            "Parallel Aware": false,
                                            "Scan Direction": "Forward",
                                            "Index Name": "movie_id_cast_info",
                                            "Relation Name": "cast_info",
                                            "Schema": "public",
                                            "Alias": "ci",
                                            "Startup Cost": 0.56,
                                            "Total Cost": 1.84,
                                            "Plan Rows": 38,
                                            "Plan Width": 4,
                                            "Actual Startup Time": 0.009,
                                            "Actual Total Time": 0.037,
                                            "Actual Rows": 19,
                                            "Actual Loops": 14470,
                                            "Output": [
                                                "ci.movie_id"
                                            ],
                                            "Index Cond": "(ci.movie_id = t.id)",
                                            "Rows Removed by Index Recheck": 0,
                                            "Heap Fetches": 275564,
                                            "Workers": [
                                                {
                                                    "Worker Number": 0,
                                                    "Actual Startup Time": 0.015,
                                                    "Actual Total Time": 0.065,
                                                    "Actual Rows": 21,
                                                    "Actual Loops": 2096
                                                },
                                                {
                                                    "Worker Number": 1,
                                                    "Actual Startup Time": 0.01,
                                                    "Actual Total Time": 0.044,
                                                    "Actual Rows": 19,
                                                    "Actual Loops": 3055
                                                },
                                                {
                                                    "Worker Number": 2,
                                                    "Actual Startup Time": 0.011,
                                                    "Actual Total Time": 0.045,
                                                    "Actual Rows": 19,
                                                    "Actual Loops": 2968
                                                }
                                            ]
                                        }
                                    ]
                                }
                            ]
                        }
                    ]
                }
            ]
        },
        "Planning Time": 281.666,
        "Triggers": [],
        "Execution Time": 218.689
    }
]