{
    "Plan": {
        "Node Type": "Aggregate",
        "Strategy": "Plain",
        "Partial Mode": "Finalize",
        "Parallel Aware": false,
        "Startup Cost": 21374.34,
        "Total Cost": 21374.35,
        "Plan Rows": 1,
        "Plan Width": 8,
        "Actual Startup Time": 150.33,
        "Actual Total Time": 156.301,
        "Actual Rows": 1,
        "Actual Loops": 1,
        "Output": [
            "count(*)"
        ],
        "Plans": [
            {
                "Node Type": "Gather",
                "Parent Relationship": "Outer",
                "Parallel Aware": false,
                "Startup Cost": 21374.02,
                "Total Cost": 21374.33,
                "Plan Rows": 3,
                "Plan Width": 8,
                "Actual Startup Time": 150.227,
                "Actual Total Time": 156.293,
                "Actual Rows": 4,
                "Actual Loops": 1,
                "Output": [
                    "(PARTIAL count(*))"
                ],
                "Workers Planned": 3,
                "Workers Launched": 3,
                "Single Copy": false,
                "Plans": [
                    {
                        "Node Type": "Aggregate",
                        "Strategy": "Plain",
                        "Partial Mode": "Partial",
                        "Parent Relationship": "Outer",
                        "Parallel Aware": false,
                        "Startup Cost": 20374.02,
                        "Total Cost": 20374.03,
                        "Plan Rows": 1,
                        "Plan Width": 8,
                        "Actual Startup Time": 140.84,
                        "Actual Total Time": 140.843,
                        "Actual Rows": 1,
                        "Actual Loops": 4,
                        "Output": [
                            "PARTIAL count(*)"
                        ],
                        "Workers": [
                            {
                                "Worker Number": 0,
                                "Actual Startup Time": 137.756,
                                "Actual Total Time": 137.759,
                                "Actual Rows": 1,
                                "Actual Loops": 1
                            },
                            {
                                "Worker Number": 1,
                                "Actual Startup Time": 138.066,
                                "Actual Total Time": 138.069,
                                "Actual Rows": 1,
                                "Actual Loops": 1
                            },
                            {
                                "Worker Number": 2,
                                "Actual Startup Time": 138.084,
                                "Actual Total Time": 138.087,
                                "Actual Rows": 1,
                                "Actual Loops": 1
                            }
                        ],
                        "Plans": [
                            {
                                "Node Type": "Nested Loop",
                                "Parent Relationship": "Outer",
                                "Parallel Aware": false,
                                "Join Type": "Inner",
                                "Startup Cost": 10567.81,
                                "Total Cost": 20373.6,
                                "Plan Rows": 171,
                                "Plan Width": 0,
                                "Actual Startup Time": 138.447,
                                "Actual Total Time": 140.837,
                                "Actual Rows": 0,
                                "Actual Loops": 4,
                                "Inner Unique": true,
                                "Join Filter": "(mc.movie_id = t.id)",
                                "Rows Removed by Join Filter": 0,
                                "Workers": [
                                    {
                                        "Worker Number": 0,
                                        "Actual Startup Time": 128.196,
                                        "Actual Total Time": 137.748,
                                        "Actual Rows": 1,
                                        "Actual Loops": 1
                                    },
                                    {
                                        "Worker Number": 1,
                                        "Actual Startup Time": 138.062,
                                        "Actual Total Time": 138.064,
                                        "Actual Rows": 0,
                                        "Actual Loops": 1
                                    },
                                    {
                                        "Worker Number": 2,
                                        "Actual Startup Time": 138.081,
                                        "Actual Total Time": 138.083,
                                        "Actual Rows": 0,
                                        "Actual Loops": 1
                                    }
                                ],
                                "Plans": [
                                    {
                                        "Node Type": "Hash Join",
                                        "Parent Relationship": "Outer",
                                        "Parallel Aware": false,
                                        "Join Type": "Inner",
                                        "Startup Cost": 10567.38,
                                        "Total Cost": 19890.03,
                                        "Plan Rows": 458,
                                        "Plan Width": 8,
                                        "Actual Startup Time": 138.421,
                                        "Actual Total Time": 140.81,
                                        "Actual Rows": 0,
                                        "Actual Loops": 4,
                                        "Output": [
                                            "mc.movie_id",
                                            "ci.movie_id"
                                        ],
                                        "Inner Unique": false,
                                        "Hash Cond": "(ci.movie_id = mc.movie_id)",
                                        "Workers": [
                                            {
                                                "Worker Number": 0,
                                                "Actual Startup Time": 128.093,
                                                "Actual Total Time": 137.644,
                                                "Actual Rows": 1,
                                                "Actual Loops": 1
                                            },
                                            {
                                                "Worker Number": 1,
                                                "Actual Startup Time": 138.061,
                                                "Actual Total Time": 138.063,
                                                "Actual Rows": 0,
                                                "Actual Loops": 1
                                            },
                                            {
                                                "Worker Number": 2,
                                                "Actual Startup Time": 138.08,
                                                "Actual Total Time": 138.081,
                                                "Actual Rows": 0,
                                                "Actual Loops": 1
                                            }
                                        ],
                                        "Plans": [
                                            {
                                                "Node Type": "Index Scan",
                                                "Parent Relationship": "Outer",
                                                "Parallel Aware": true,
                                                "Scan Direction": "Forward",
                                                "Index Name": "role_id_cast_info",
                                                "Relation Name": "cast_info",
                                                "Schema": "public",
                                                "Alias": "ci",
                                                "Startup Cost": 0.56,
                                                "Total Cost": 8465.91,
                                                "Plan Rows": 97454,
                                                "Plan Width": 4,
                                                "Actual Startup Time": 0.125,
                                                "Actual Total Time": 27.358,
                                                "Actual Rows": 79030,
                                                "Actual Loops": 4,
                                                "Output": [
                                                    "ci.id",
                                                    "ci.person_id",
                                                    "ci.movie_id",
                                                    "ci.person_role_id",
                                                    "ci.note",
                                                    "ci.nr_order",
                                                    "ci.role_id"
                                                ],
                                                "Index Cond": "(ci.role_id > 10)",
                                                "Rows Removed by Index Recheck": 0,
                                                "Workers": [
                                                    {
                                                        "Worker Number": 0,
                                                        "Actual Startup Time": 0.078,
                                                        "Actual Total Time": 27.642,
                                                        "Actual Rows": 78000,
                                                        "Actual Loops": 1
                                                    },
                                                    {
                                                        "Worker Number": 1,
                                                        "Actual Startup Time": 0.247,
                                                        "Actual Total Time": 27.832,
                                                        "Actual Rows": 78390,
                                                        "Actual Loops": 1
                                                    },
                                                    {
                                                        "Worker Number": 2,
                                                        "Actual Startup Time": 0.121,
                                                        "Actual Total Time": 27.519,
                                                        "Actual Rows": 78780,
                                                        "Actual Loops": 1
                                                    }
                                                ]
                                            },
                                            {
                                                "Node Type": "Hash",
                                                "Parent Relationship": "Inner",
                                                "Parallel Aware": false,
                                                "Startup Cost": 10511.37,
                                                "Total Cost": 10511.37,
                                                "Plan Rows": 4436,
                                                "Plan Width": 4,
                                                "Actual Startup Time": 97.884,
                                                "Actual Total Time": 97.885,
                                                "Actual Rows": 4481,
                                                "Actual Loops": 4,
                                                "Output": [
                                                    "mc.movie_id"
                                                ],
                                                "Hash Buckets": 8192,
                                                "Original Hash Buckets": 8192,
                                                "Hash Batches": 1,
                                                "Original Hash Batches": 1,
                                                "Peak Memory Usage": 222,
                                                "Workers": [
                                                    {
                                                        "Worker Number": 0,
                                                        "Actual Startup Time": 94.995,
                                                        "Actual Total Time": 94.996,
                                                        "Actual Rows": 4481,
                                                        "Actual Loops": 1
                                                    },
                                                    {
                                                        "Worker Number": 1,
                                                        "Actual Startup Time": 95.109,
                                                        "Actual Total Time": 95.11,
                                                        "Actual Rows": 4481,
                                                        "Actual Loops": 1
                                                    },
                                                    {
                                                        "Worker Number": 2,
                                                        "Actual Startup Time": 95.22,
                                                        "Actual Total Time": 95.221,
                                                        "Actual Rows": 4481,
                                                        "Actual Loops": 1
                                                    }
                                                ],
                                                "Plans": [
                                                    {
                                                        "Node Type": "Index Scan",
                                                        "Parent Relationship": "Outer",
                                                        "Parallel Aware": false,
                                                        "Scan Direction": "Forward",
                                                        "Index Name": "company_id_movie_companies",
                                                        "Relation Name": "movie_companies",
                                                        "Schema": "public",
                                                        "Alias": "mc",
                                                        "Startup Cost": 0.43,
                                                        "Total Cost": 10511.37,
                                                        "Plan Rows": 4436,
                                                        "Plan Width": 4,
                                                        "Actual Startup Time": 22.087,
                                                        "Actual Total Time": 93.858,
                                                        "Actual Rows": 4481,
                                                        "Actual Loops": 4,
                                                        "Output": [
                                                            "mc.movie_id"
                                                        ],
                                                        "Index Cond": "(mc.company_id = 11373)",
                                                        "Rows Removed by Index Recheck": 0,
                                                        "Workers": [
                                                            {
                                                                "Worker Number": 0,
                                                                "Actual Startup Time": 19.061,
                                                                "Actual Total Time": 90.291,
                                                                "Actual Rows": 4481,
                                                                "Actual Loops": 1
                                                            },
                                                            {
                                                                "Worker Number": 1,
                                                                "Actual Startup Time": 19.128,
                                                                "Actual Total Time": 90.303,
                                                                "Actual Rows": 4481,
                                                                "Actual Loops": 1
                                                            },
                                                            {
                                                                "Worker Number": 2,
                                                                "Actual Startup Time": 19.164,
                                                                "Actual Total Time": 90.474,
                                                                "Actual Rows": 4481,
                                                                "Actual Loops": 1
                                                            }
                                                        ]
                                                    }
                                                ]
                                            }
                                        ]
                                    },
                                    {
                                        "Node Type": "Index Only Scan",
                                        "Parent Relationship": "Inner",
                                        "Parallel Aware": false,
                                        "Scan Direction": "Forward",
                                        "Index Name": "title_pkey",
                                        "Relation Name": "title",
                                        "Schema": "public",
                                        "Alias": "t",
                                        "Startup Cost": 0.43,
                                        "Total Cost": 1.04,
                                        "Plan Rows": 1,
                                        "Plan Width": 4,
                                        "Actual Startup Time": 0.095,
                                        "Actual Total Time": 0.096,
                                        "Actual Rows": 1,
                                        "Actual Loops": 1,
                                        "Output": [
                                            "t.id"
                                        ],
                                        "Index Cond": "(t.id = ci.movie_id)",
                                        "Rows Removed by Index Recheck": 0,
                                        "Heap Fetches": 1,
                                        "Workers": [
                                            {
                                                "Worker Number": 0,
                                                "Actual Startup Time": 0.095,
                                                "Actual Total Time": 0.096,
                                                "Actual Rows": 1,
                                                "Actual Loops": 1
                                            }
                                        ]
                                    }
                                ]
                            }
                        ]
                    }
                ]
            }
        ]
    },
    "Planning Time": 1.591,
    "Triggers": [],
    "Execution Time": 156.397
}