{
  "Plan": {
    "Node Type": "Aggregate",
    "Strategy": "Plain",
    "Partial Mode": "Finalize",
    "Parallel Aware": false,
    "Startup Cost": 2385337.79,
    "Total Cost": 2385337.8,
    "Plan Rows": 1,
    "Plan Width": 8,
    "Actual Startup Time": 18592.518,
    "Actual Total Time": 18694.225,
    "Actual Rows": 1,
    "Actual Loops": 1,
    "Plans": [
      {
        "Node Type": "Gather",
        "Parent Relationship": "Outer",
        "Parallel Aware": false,
        "Startup Cost": 2385337.68,
        "Total Cost": 2385337.79,
        "Plan Rows": 1,
        "Plan Width": 8,
        "Actual Startup Time": 18567.278,
        "Actual Total Time": 18694.215,
        "Actual Rows": 2,
        "Actual Loops": 1,
        "Workers Planned": 1,
        "Workers Launched": 1,
        "Single Copy": false,
        "Plans": [
          {
            "Node Type": "Aggregate",
            "Strategy": "Plain",
            "Partial Mode": "Partial",
            "Parent Relationship": "Outer",
            "Parallel Aware": false,
            "Startup Cost": 2384337.68,
            "Total Cost": 2384337.69,
            "Plan Rows": 1,
            "Plan Width": 8,
            "Actual Startup Time": 18560.683,
            "Actual Total Time": 18560.689,
            "Actual Rows": 1,
            "Actual Loops": 2,
            "Plans": [
              {
                "Node Type": "Merge Join",
                "Parent Relationship": "Outer",
                "Parallel Aware": false,
                "Join Type": "Inner",
                "Startup Cost": 1116542.98,
                "Total Cost": 2351788.17,
                "Plan Rows": 13019805,
                "Plan Width": 0,
                "Actual Startup Time": 6392.66,
                "Actual Total Time": 16542.156,
                "Actual Rows": 53350559,
                "Actual Loops": 2,
                "Inner Unique": false,
                "Merge Cond": "(mi.movie_id = t.id)",
                "Plans": [
                  {
                    "Node Type": "Index Only Scan",
                    "Parent Relationship": "Outer",
                    "Parallel Aware": true,
                    "Scan Direction": "Forward",
                    "Index Name": "movie_id_movie_info",
                    "Relation Name": "movie_info",
                    "Alias": "mi",
                    "Startup Cost": 0.43,
                    "Total Cost": 1018223.42,
                    "Plan Rows": 8696274,
                    "Plan Width": 4,
                    "Actual Startup Time": 0.104,
                    "Actual Total Time": 2410.365,
                    "Actual Rows": 7417508,
                    "Actual Loops": 2,
                    "Heap Fetches": 14835017
                  },
                  {
                    "Node Type": "Sort",
                    "Parent Relationship": "Inner",
                    "Parallel Aware": false,
                    "Startup Cost": 1116541.7,
                    "Total Cost": 1126004.92,
                    "Plan Rows": 3785286,
                    "Plan Width": 8,
                    "Actual Startup Time": 6392.484,
                    "Actual Total Time": 8938.123,
                    "Actual Rows": 55473150,
                    "Actual Loops": 2,
                    "Sort Key": [
                      "ci.movie_id"
                    ],
                    "Sort Method": "quicksort",
                    "Sort Space Used": 396328,
                    "Sort Space Type": "Memory",
                    "Workers": [
                      {
                        "Worker Number": 0,
                        "Sort Method": "quicksort",
                        "Sort Space Used": 396328,
                        "Sort Space Type": "Memory"
                      }
                    ],
                    "Plans": [
                      {
                        "Node Type": "Hash Join",
                        "Parent Relationship": "Outer",
                        "Parallel Aware": false,
                        "Join Type": "Inner",
                        "Startup Cost": 300111.7,
                        "Total Cost": 702961.91,
                        "Plan Rows": 3785286,
                        "Plan Width": 8,
                        "Actual Startup Time": 1039.231,
                        "Actual Total Time": 5251.676,
                        "Actual Rows": 4260679,
                        "Actual Loops": 2,
                        "Inner Unique": true,
                        "Hash Cond": "(ci.movie_id = t.id)",
                        "Plans": [
                          {
                            "Node Type": "Bitmap Heap Scan",
                            "Parent Relationship": "Outer",
                            "Parallel Aware": false,
                            "Relation Name": "cast_info",
                            "Alias": "ci",
                            "Startup Cost": 219279.67,
                            "Total Cost": 596068.46,
                            "Plan Rows": 9928143,
                            "Plan Width": 4,
                            "Actual Startup Time": 506.452,
                            "Actual Total Time": 1459.577,
                            "Actual Rows": 9987268,
                            "Actual Loops": 2,
                            "Recheck Cond": "(person_id < 982836)",
                            "Rows Removed by Index Recheck": 0,
                            "Exact Heap Blocks": 105439,
                            "Lossy Heap Blocks": 0,
                            "Plans": [
                              {
                                "Node Type": "Bitmap Index Scan",
                                "Parent Relationship": "Outer",
                                "Parallel Aware": false,
                                "Index Name": "person_id_cast_info",
                                "Startup Cost": 0.0,
                                "Total Cost": 216797.64,
                                "Plan Rows": 9928143,
                                "Plan Width": 0,
                                "Actual Startup Time": 483.447,
                                "Actual Total Time": 483.447,
                                "Actual Rows": 9987268,
                                "Actual Loops": 2,
                                "Index Cond": "(person_id < 982836)"
                              }
                            ]
                          },
                          {
                            "Node Type": "Hash",
                            "Parent Relationship": "Inner",
                            "Parallel Aware": false,
                            "Startup Cost": 68782.55,
                            "Total Cost": 68782.55,
                            "Plan Rows": 963958,
                            "Plan Width": 4,
                            "Actual Startup Time": 525.379,
                            "Actual Total Time": 525.381,
                            "Actual Rows": 977778,
                            "Actual Loops": 2,
                            "Hash Buckets": 1048576,
                            "Original Hash Buckets": 1048576,
                            "Hash Batches": 1,
                            "Original Hash Batches": 1,
                            "Peak Memory Usage": 42568,
                            "Plans": [
                              {
                                "Node Type": "Bitmap Heap Scan",
                                "Parent Relationship": "Outer",
                                "Parallel Aware": false,
                                "Relation Name": "title",
                                "Alias": "t",
                                "Startup Cost": 17913.13,
                                "Total Cost": 68782.55,
                                "Plan Rows": 963958,
                                "Plan Width": 4,
                                "Actual Startup Time": 64.292,
                                "Actual Total Time": 295.494,
                                "Actual Rows": 977778,
                                "Actual Loops": 2,
                                "Recheck Cond": "(kind_id < 7)",
                                "Rows Removed by Index Recheck": 0,
                                "Filter": "(production_year > 0)",
                                "Rows Removed by Filter": 7270,
                                "Exact Heap Blocks": 35472,
                                "Lossy Heap Blocks": 0,
                                "Plans": [
                                  {
                                    "Node Type": "Bitmap Index Scan",
                                    "Parent Relationship": "Outer",
                                    "Parallel Aware": false,
                                    "Index Name": "kind_id_title",
                                    "Startup Cost": 0.0,
                                    "Total Cost": 17672.14,
                                    "Plan Rows": 991428,
                                    "Plan Width": 0,
                                    "Actual Startup Time": 57.939,
                                    "Actual Total Time": 57.939,
                                    "Actual Rows": 985048,
                                    "Actual Loops": 2,
                                    "Index Cond": "(kind_id < 7)"
                                  }
                                ]
                              }
                            ]
                          }
                        ]
                      }
                    ]
                  }
                ]
              }
            ]
          }
        ]
      }
    ]
  },
  "Planning Time": 0.899,
  "Triggers": [],
  "Execution Time": 18729.977
}