{
  "Plan": {
    "Node Type": "Aggregate",
    "Strategy": "Plain",
    "Partial Mode": "Finalize",
    "Parallel Aware": false,
    "Startup Cost": 393379.69,
    "Total Cost": 393379.7,
    "Plan Rows": 1,
    "Plan Width": 8,
    "Actual Startup Time": 2058.525,
    "Actual Total Time": 2098.83,
    "Actual Rows": 1,
    "Actual Loops": 1,
    "Plans": [
      {
        "Node Type": "Gather",
        "Parent Relationship": "Outer",
        "Parallel Aware": false,
        "Startup Cost": 393379.57,
        "Total Cost": 393379.68,
        "Plan Rows": 1,
        "Plan Width": 8,
        "Actual Startup Time": 2056.971,
        "Actual Total Time": 2098.822,
        "Actual Rows": 2,
        "Actual Loops": 1,
        "Workers Planned": 1,
        "Workers Launched": 1,
        "Single Copy": false,
        "Plans": [
          {
            "Node Type": "Aggregate",
            "Strategy": "Plain",
            "Partial Mode": "Partial",
            "Parent Relationship": "Outer",
            "Parallel Aware": false,
            "Startup Cost": 392379.57,
            "Total Cost": 392379.58,
            "Plan Rows": 1,
            "Plan Width": 8,
            "Actual Startup Time": 2050.469,
            "Actual Total Time": 2050.472,
            "Actual Rows": 1,
            "Actual Loops": 2,
            "Plans": [
              {
                "Node Type": "Merge Join",
                "Parent Relationship": "Outer",
                "Parallel Aware": false,
                "Join Type": "Inner",
                "Startup Cost": 79705.49,
                "Total Cost": 391735.21,
                "Plan Rows": 257746,
                "Plan Width": 0,
                "Actual Startup Time": 195.731,
                "Actual Total Time": 2046.362,
                "Actual Rows": 93100,
                "Actual Loops": 2,
                "Inner Unique": false,
                "Merge Cond": "(t.id = mc.movie_id)",
                "Plans": [
                  {
                    "Node Type": "Merge Join",
                    "Parent Relationship": "Outer",
                    "Parallel Aware": false,
                    "Join Type": "Inner",
                    "Startup Cost": 14.16,
                    "Total Cost": 303532.86,
                    "Plan Rows": 1759986,
                    "Plan Width": 8,
                    "Actual Startup Time": 4.81,
                    "Actual Total Time": 1794.012,
                    "Actual Rows": 601606,
                    "Actual Loops": 2,
                    "Inner Unique": true,
                    "Merge Cond": "(mk.movie_id = t.id)",
                    "Plans": [
                      {
                        "Node Type": "Index Only Scan",
                        "Parent Relationship": "Outer",
                        "Parallel Aware": true,
                        "Scan Direction": "Forward",
                        "Index Name": "movie_id_movie_keyword",
                        "Relation Name": "movie_keyword",
                        "Alias": "mk",
                        "Startup Cost": 0.43,
                        "Total Cost": 158560.11,
                        "Plan Rows": 2661135,
                        "Plan Width": 4,
                        "Actual Startup Time": 0.105,
                        "Actual Total Time": 429.839,
                        "Actual Rows": 2261935,
                        "Actual Loops": 2,
                        "Heap Fetches": 4523870
                      },
                      {
                        "Node Type": "Index Scan",
                        "Parent Relationship": "Inner",
                        "Parallel Aware": false,
                        "Scan Direction": "Forward",
                        "Index Name": "title_pkey",
                        "Relation Name": "title",
                        "Alias": "t",
                        "Startup Cost": 0.43,
                        "Total Cost": 116660.7,
                        "Plan Rows": 1672129,
                        "Plan Width": 4,
                        "Actual Startup Time": 0.154,
                        "Actual Total Time": 1142.721,
                        "Actual Rows": 1672876,
                        "Actual Loops": 2,
                        "Filter": "(kind_id > 3)",
                        "Rows Removed by Filter": 852812
                      }
                    ]
                  },
                  {
                    "Node Type": "Sort",
                    "Parent Relationship": "Inner",
                    "Parallel Aware": false,
                    "Startup Cost": 79685.03,
                    "Total Cost": 80610.69,
                    "Plan Rows": 370263,
                    "Plan Width": 4,
                    "Actual Startup Time": 190.909,
                    "Actual Total Time": 204.505,
                    "Actual Rows": 292356,
                    "Actual Loops": 2,
                    "Sort Key": [
                      "mc.movie_id"
                    ],
                    "Sort Method": "quicksort",
                    "Sort Space Used": 16004,
                    "Sort Space Type": "Memory",
                    "Workers": [
                      {
                        "Worker Number": 0,
                        "Sort Method": "quicksort",
                        "Sort Space Used": 16004,
                        "Sort Space Type": "Memory"
                      }
                    ],
                    "Plans": [
                      {
                        "Node Type": "Bitmap Heap Scan",
                        "Parent Relationship": "Outer",
                        "Parallel Aware": false,
                        "Relation Name": "movie_companies",
                        "Alias": "mc",
                        "Startup Cost": 15710.35,
                        "Total Cost": 45439.05,
                        "Plan Rows": 370263,
                        "Plan Width": 4,
                        "Actual Startup Time": 107.308,
                        "Actual Total Time": 148.331,
                        "Actual Rows": 210333,
                        "Actual Loops": 2,
                        "Recheck Cond": "(company_id < 1413)",
                        "Rows Removed by Index Recheck": 0,
                        "Filter": "(company_type_id = 2)",
                        "Rows Removed by Filter": 515894,
                        "Exact Heap Blocks": 18575,
                        "Lossy Heap Blocks": 0,
                        "Plans": [
                          {
                            "Node Type": "Bitmap Index Scan",
                            "Parent Relationship": "Outer",
                            "Parallel Aware": false,
                            "Index Name": "company_id_movie_companies",
                            "Startup Cost": 0.0,
                            "Total Cost": 15617.78,
                            "Plan Rows": 729247,
                            "Plan Width": 0,
                            "Actual Startup Time": 48.224,
                            "Actual Total Time": 48.224,
                            "Actual Rows": 726227,
                            "Actual Loops": 2,
                            "Index Cond": "(company_id < 1413)"
                          }
                        ]
                      }
                    ]
                  }
                ]
              }
            ]
          }
        ]
      }
    ]
  },
  "Planning Time": 1.179,
  "Triggers": [],
  "Execution Time": 2098.952
}