[
  {
    "Plan": {
      "Node Type": "Aggregate",
      "Strategy": "Plain",
      "Partial Mode": "Finalize",
      "Parallel Aware": false,
      "Startup Cost": 292127.42,
      "Total Cost": 292127.43,
      "Plan Rows": 1,
      "Plan Width": 8,
      "Actual Startup Time": 967.513,
      "Actual Total Time": 1018.722,
      "Actual Rows": 1,
      "Actual Loops": 1,
      "Plans": [
        {
          "Node Type": "Gather",
          "Parent Relationship": "Outer",
          "Parallel Aware": false,
          "Startup Cost": 292126.9,
          "Total Cost": 292127.41,
          "Plan Rows": 5,
          "Plan Width": 8,
          "Actual Startup Time": 964.248,
          "Actual Total Time": 1018.713,
          "Actual Rows": 6,
          "Actual Loops": 1,
          "Workers Planned": 5,
          "Workers Launched": 5,
          "Single Copy": false,
          "Plans": [
            {
              "Node Type": "Aggregate",
              "Strategy": "Plain",
              "Partial Mode": "Partial",
              "Parent Relationship": "Outer",
              "Parallel Aware": false,
              "Startup Cost": 291126.9,
              "Total Cost": 291126.91,
              "Plan Rows": 1,
              "Plan Width": 8,
              "Actual Startup Time": 953.163,
              "Actual Total Time": 953.168,
              "Actual Rows": 1,
              "Actual Loops": 6,
              "Plans": [
                {
                  "Node Type": "Hash Join",
                  "Parent Relationship": "Outer",
                  "Parallel Aware": true,
                  "Join Type": "Inner",
                  "Startup Cost": 79431.91,
                  "Total Cost": 290000.73,
                  "Plan Rows": 450468,
                  "Plan Width": 0,
                  "Actual Startup Time": 283.894,
                  "Actual Total Time": 942.189,
                  "Actual Rows": 219524,
                  "Actual Loops": 6,
                  "Inner Unique": false,
                  "Hash Cond": "(mi.movie_id = t.id)",
                  "Plans": [
                    {
                      "Node Type": "Seq Scan",
                      "Parent Relationship": "Outer",
                      "Parallel Aware": true,
                      "Relation Name": "movie_info",
                      "Alias": "mi",
                      "Startup Cost": 0.0,
                      "Total Cost": 198952.16,
                      "Plan Rows": 2797464,
                      "Plan Width": 4,
                      "Actual Startup Time": 0.022,
                      "Actual Total Time": 385.615,
                      "Actual Rows": 2338930,
                      "Actual Loops": 6,
                      "Filter": "(info_type_id > 1)",
                      "Rows Removed by Filter": 133690
                    },
                    {
                      "Node Type": "Hash",
                      "Parent Relationship": "Inner",
                      "Parallel Aware": true,
                      "Startup Cost": 78159.64,
                      "Total Cost": 78159.64,
                      "Plan Rows": 101781,
                      "Plan Width": 8,
                      "Actual Startup Time": 280.468,
                      "Actual Total Time": 280.472,
                      "Actual Rows": 29771,
                      "Actual Loops": 6,
                      "Hash Buckets": 524288,
                      "Original Hash Buckets": 524288,
                      "Hash Batches": 1,
                      "Original Hash Batches": 1,
                      "Peak Memory Usage": 11200,
                      "Plans": [
                        {
                          "Node Type": "Hash Join",
                          "Parent Relationship": "Outer",
                          "Parallel Aware": true,
                          "Join Type": "Inner",
                          "Startup Cost": 32011.32,
                          "Total Cost": 78159.64,
                          "Plan Rows": 101781,
                          "Plan Width": 8,
                          "Actual Startup Time": 123.171,
                          "Actual Total Time": 267.733,
                          "Actual Rows": 29771,
                          "Actual Loops": 6,
                          "Inner Unique": false,
                          "Hash Cond": "(t.id = mc.movie_id)",
                          "Plans": [
                            {
                              "Node Type": "Seq Scan",
                              "Parent Relationship": "Outer",
                              "Parallel Aware": true,
                              "Relation Name": "title",
                              "Alias": "t",
                              "Startup Cost": 0.0,
                              "Total Cost": 43898.92,
                              "Plan Rows": 384216,
                              "Plan Width": 4,
                              "Actual Startup Time": 0.014,
                              "Actual Total Time": 73.63,
                              "Actual Rows": 257211,
                              "Actual Loops": 6,
                              "Filter": "(kind_id = 7)",
                              "Rows Removed by Filter": 164175
                            },
                            {
                              "Node Type": "Hash",
                              "Parent Relationship": "Inner",
                              "Parallel Aware": true,
                              "Startup Cost": 29310.68,
                              "Total Cost": 29310.68,
                              "Plan Rows": 216051,
                              "Plan Width": 4,
                              "Actual Startup Time": 121.065,
                              "Actual Total Time": 121.066,
                              "Actual Rows": 113797,
                              "Actual Loops": 6,
                              "Hash Buckets": 1048576,
                              "Original Hash Buckets": 1048576,
                              "Hash Batches": 1,
                              "Original Hash Batches": 1,
                              "Peak Memory Usage": 35008,
                              "Plans": [
                                {
                                  "Node Type": "Seq Scan",
                                  "Parent Relationship": "Outer",
                                  "Parallel Aware": true,
                                  "Relation Name": "movie_companies",
                                  "Alias": "mc",
                                  "Startup Cost": 0.0,
                                  "Total Cost": 29310.68,
                                  "Plan Rows": 216051,
                                  "Plan Width": 4,
                                  "Actual Startup Time": 30.228,
                                  "Actual Total Time": 69.886,
                                  "Actual Rows": 113797,
                                  "Actual Loops": 6,
                                  "Filter": "(company_id > 48293)",
                                  "Rows Removed by Filter": 321058
                                }
                              ]
                            }
                          ]
                        }
                      ]
                    }
                  ]
                }
              ]
            }
          ]
        }
      ]
    },
    "Planning Time": 1.616,
    "Triggers": [],
    "Execution Time": 1018.827
  }
]