[
  {
    "Plan": {
      "Node Type": "Aggregate",
      "Strategy": "Plain",
      "Partial Mode": "Finalize",
      "Parallel Aware": false,
      "Startup Cost": 250607.49,
      "Total Cost": 250607.5,
      "Plan Rows": 1,
      "Plan Width": 8,
      "Actual Startup Time": 663.154,
      "Actual Total Time": 705.171,
      "Actual Rows": 1,
      "Actual Loops": 1,
      "Plans": [
        {
          "Node Type": "Gather",
          "Parent Relationship": "Outer",
          "Parallel Aware": false,
          "Startup Cost": 250606.97,
          "Total Cost": 250607.48,
          "Plan Rows": 5,
          "Plan Width": 8,
          "Actual Startup Time": 660.739,
          "Actual Total Time": 705.163,
          "Actual Rows": 6,
          "Actual Loops": 1,
          "Workers Planned": 5,
          "Workers Launched": 5,
          "Single Copy": false,
          "Plans": [
            {
              "Node Type": "Aggregate",
              "Strategy": "Plain",
              "Partial Mode": "Partial",
              "Parent Relationship": "Outer",
              "Parallel Aware": false,
              "Startup Cost": 249606.97,
              "Total Cost": 249606.98,
              "Plan Rows": 1,
              "Plan Width": 8,
              "Actual Startup Time": 650.53,
              "Actual Total Time": 650.532,
              "Actual Rows": 1,
              "Actual Loops": 6,
              "Plans": [
                {
                  "Node Type": "Hash Join",
                  "Parent Relationship": "Outer",
                  "Parallel Aware": true,
                  "Join Type": "Inner",
                  "Startup Cost": 46449.57,
                  "Total Cost": 249166.56,
                  "Plan Rows": 176164,
                  "Plan Width": 0,
                  "Actual Startup Time": 118.592,
                  "Actual Total Time": 629.698,
                  "Actual Rows": 470462,
                  "Actual Loops": 6,
                  "Inner Unique": true,
                  "Hash Cond": "(mi.movie_id = t.id)",
                  "Plans": [
                    {
                      "Node Type": "Seq Scan",
                      "Parent Relationship": "Outer",
                      "Parallel Aware": true,
                      "Relation Name": "movie_info",
                      "Alias": "mi",
                      "Startup Cost": 0.0,
                      "Total Cost": 198952.16,
                      "Plan Rows": 1434213,
                      "Plan Width": 4,
                      "Actual Startup Time": 0.025,
                      "Actual Total Time": 308.655,
                      "Actual Rows": 1214478,
                      "Actual Loops": 6,
                      "Filter": "(info_type_id < 8)",
                      "Rows Removed by Filter": 1258142
                    },
                    {
                      "Node Type": "Hash",
                      "Parent Relationship": "Inner",
                      "Parallel Aware": true,
                      "Startup Cost": 45479.1,
                      "Total Cost": 45479.1,
                      "Plan Rows": 77638,
                      "Plan Width": 4,
                      "Actual Startup Time": 103.601,
                      "Actual Total Time": 103.602,
                      "Actual Rows": 66790,
                      "Actual Loops": 6,
                      "Hash Buckets": 524288,
                      "Original Hash Buckets": 524288,
                      "Hash Batches": 1,
                      "Original Hash Batches": 1,
                      "Peak Memory Usage": 19872,
                      "Plans": [
                        {
                          "Node Type": "Seq Scan",
                          "Parent Relationship": "Outer",
                          "Parallel Aware": true,
                          "Relation Name": "title",
                          "Alias": "t",
                          "Startup Cost": 0.0,
                          "Total Cost": 45479.1,
                          "Plan Rows": 77638,
                          "Plan Width": 4,
                          "Actual Startup Time": 50.66,
                          "Actual Total Time": 81.538,
                          "Actual Rows": 66790,
                          "Actual Loops": 6,
                          "Filter": "((production_year < 2003) AND (kind_id = 1))",
                          "Rows Removed by Filter": 354595
                        }
                      ]
                    }
                  ]
                }
              ]
            }
          ]
        }
      ]
    },
    "Planning Time": 0.59,
    "Triggers": [],
    "Execution Time": 705.244
  }
]