[
  {
    "Plan": {
      "Node Type": "Aggregate",
      "Strategy": "Plain",
      "Partial Mode": "Finalize",
      "Parallel Aware": false,
      "Startup Cost": 32845.91,
      "Total Cost": 32845.92,
      "Plan Rows": 1,
      "Plan Width": 8,
      "Actual Startup Time": 94.388,
      "Actual Total Time": 102.142,
      "Actual Rows": 1,
      "Actual Loops": 1,
      "Plans": [
        {
          "Node Type": "Gather",
          "Parent Relationship": "Outer",
          "Parallel Aware": false,
          "Startup Cost": 32845.59,
          "Total Cost": 32845.9,
          "Plan Rows": 3,
          "Plan Width": 8,
          "Actual Startup Time": 94.283,
          "Actual Total Time": 102.135,
          "Actual Rows": 4,
          "Actual Loops": 1,
          "Workers Planned": 3,
          "Workers Launched": 3,
          "Single Copy": false,
          "Plans": [
            {
              "Node Type": "Aggregate",
              "Strategy": "Plain",
              "Partial Mode": "Partial",
              "Parent Relationship": "Outer",
              "Parallel Aware": false,
              "Startup Cost": 31845.59,
              "Total Cost": 31845.6,
              "Plan Rows": 1,
              "Plan Width": 8,
              "Actual Startup Time": 88.864,
              "Actual Total Time": 88.865,
              "Actual Rows": 1,
              "Actual Loops": 4,
              "Plans": [
                {
                  "Node Type": "Seq Scan",
                  "Parent Relationship": "Outer",
                  "Parallel Aware": true,
                  "Relation Name": "movie_companies",
                  "Alias": "mc",
                  "Startup Cost": 0.0,
                  "Total Cost": 31414.82,
                  "Plan Rows": 172309,
                  "Plan Width": 0,
                  "Actual Startup Time": 0.028,
                  "Actual Total Time": 78.115,
                  "Actual Rows": 187583,
                  "Actual Loops": 4,
                  "Filter": "((company_id < 7500) AND (company_type_id = 1))",
                  "Rows Removed by Filter": 464699
                }
              ]
            }
          ]
        }
      ]
    },
    "Planning Time": 0.121,
    "Triggers": [],
    "Execution Time": 102.176
  }
]