[
  {
    "Plan": {
      "Node Type": "Aggregate",
      "Strategy": "Plain",
      "Partial Mode": "Finalize",
      "Parallel Aware": false,
      "Startup Cost": 75621.58,
      "Total Cost": 75621.59,
      "Plan Rows": 1,
      "Plan Width": 8,
      "Actual Startup Time": 196.698,
      "Actual Total Time": 213.27,
      "Actual Rows": 1,
      "Actual Loops": 1,
      "Plans": [
        {
          "Node Type": "Gather",
          "Parent Relationship": "Outer",
          "Parallel Aware": false,
          "Startup Cost": 75621.26,
          "Total Cost": 75621.57,
          "Plan Rows": 3,
          "Plan Width": 8,
          "Actual Startup Time": 195.049,
          "Actual Total Time": 213.263,
          "Actual Rows": 4,
          "Actual Loops": 1,
          "Workers Planned": 3,
          "Workers Launched": 3,
          "Single Copy": false,
          "Plans": [
            {
              "Node Type": "Aggregate",
              "Strategy": "Plain",
              "Partial Mode": "Partial",
              "Parent Relationship": "Outer",
              "Parallel Aware": false,
              "Startup Cost": 74621.26,
              "Total Cost": 74621.27,
              "Plan Rows": 1,
              "Plan Width": 8,
              "Actual Startup Time": 185.854,
              "Actual Total Time": 185.858,
              "Actual Rows": 1,
              "Actual Loops": 4,
              "Plans": [
                {
                  "Node Type": "Nested Loop",
                  "Parent Relationship": "Outer",
                  "Parallel Aware": false,
                  "Join Type": "Inner",
                  "Startup Cost": 46942.28,
                  "Total Cost": 74615.42,
                  "Plan Rows": 2335,
                  "Plan Width": 0,
                  "Actual Startup Time": 139.42,
                  "Actual Total Time": 185.699,
                  "Actual Rows": 1962,
                  "Actual Loops": 4,
                  "Inner Unique": false,
                  "Plans": [
                    {
                      "Node Type": "Hash Join",
                      "Parent Relationship": "Outer",
                      "Parallel Aware": true,
                      "Join Type": "Inner",
                      "Startup Cost": 46941.85,
                      "Total Cost": 71814.08,
                      "Plan Rows": 4277,
                      "Plan Width": 8,
                      "Actual Startup Time": 139.225,
                      "Actual Total Time": 176.918,
                      "Actual Rows": 1396,
                      "Actual Loops": 4,
                      "Inner Unique": true,
                      "Hash Cond": "(mk.movie_id = t.id)",
                      "Plans": [
                        {
                          "Node Type": "Bitmap Heap Scan",
                          "Parent Relationship": "Outer",
                          "Parallel Aware": true,
                          "Relation Name": "movie_keyword",
                          "Alias": "mk",
                          "Startup Cost": 1820.76,
                          "Total Cost": 26620.41,
                          "Plan Rows": 27652,
                          "Plan Width": 4,
                          "Actual Startup Time": 10.803,
                          "Actual Total Time": 39.982,
                          "Actual Rows": 23726,
                          "Actual Loops": 4,
                          "Recheck Cond": "(keyword_id < 85)",
                          "Rows Removed by Index Recheck": 0,
                          "Exact Heap Blocks": 9294,
                          "Lossy Heap Blocks": 0,
                          "Plans": [
                            {
                              "Node Type": "Bitmap Index Scan",
                              "Parent Relationship": "Outer",
                              "Parallel Aware": false,
                              "Index Name": "keyword_id_movie_keyword",
                              "Startup Cost": 0.0,
                              "Total Cost": 1799.33,
                              "Plan Rows": 85720,
                              "Plan Width": 0,
                              "Actual Startup Time": 7.578,
                              "Actual Total Time": 7.578,
                              "Actual Rows": 94902,
                              "Actual Loops": 1,
                              "Index Cond": "(keyword_id < 85)"
                            }
                          ]
                        },
                        {
                          "Node Type": "Hash",
                          "Parent Relationship": "Inner",
                          "Parallel Aware": true,
                          "Startup Cost": 43898.92,
                          "Total Cost": 43898.92,
                          "Plan Rows": 97774,
                          "Plan Width": 4,
                          "Actual Startup Time": 125.65,
                          "Actual Total Time": 125.651,
                          "Actual Rows": 97916,
                          "Actual Loops": 4,
                          "Hash Buckets": 524288,
                          "Original Hash Buckets": 524288,
                          "Hash Batches": 1,
                          "Original Hash Batches": 1,
                          "Peak Memory Usage": 19488,
                          "Plans": [
                            {
                              "Node Type": "Seq Scan",
                              "Parent Relationship": "Outer",
                              "Parallel Aware": true,
                              "Relation Name": "title",
                              "Alias": "t",
                              "Startup Cost": 0.0,
                              "Total Cost": 43898.92,
                              "Plan Rows": 97774,
                              "Plan Width": 4,
                              "Actual Startup Time": 0.03,
                              "Actual Total Time": 91.325,
                              "Actual Rows": 97916,
                              "Actual Loops": 4,
                              "Filter": "(production_year > 2010)",
                              "Rows Removed by Filter": 534162
                            }
                          ]
                        }
                      ]
                    },
                    {
                      "Node Type": "Index Only Scan",
                      "Parent Relationship": "Inner",
                      "Parallel Aware": false,
                      "Scan Direction": "Forward",
                      "Index Name": "movie_id_movie_info_idx",
                      "Relation Name": "movie_info_idx",
                      "Alias": "mi_idx",
                      "Startup Cost": 0.43,
                      "Total Cost": 0.62,
                      "Plan Rows": 3,
                      "Plan Width": 4,
                      "Actual Startup Time": 0.005,
                      "Actual Total Time": 0.006,
                      "Actual Rows": 1,
                      "Actual Loops": 5584,
                      "Index Cond": "(movie_id = t.id)",
                      "Rows Removed by Index Recheck": 0,
                      "Heap Fetches": 7847
                    }
                  ]
                }
              ]
            }
          ]
        }
      ]
    },
    "Planning Time": 0.926,
    "Triggers": [],
    "Execution Time": 213.35
  }
]