[
  {
    "Plan": {
      "Node Type": "Aggregate",
      "Strategy": "Plain",
      "Partial Mode": "Finalize",
      "Parallel Aware": false,
      "Startup Cost": 338553.01,
      "Total Cost": 338553.02,
      "Plan Rows": 1,
      "Plan Width": 8,
      "Actual Startup Time": 801.226,
      "Actual Total Time": 864.508,
      "Actual Rows": 1,
      "Actual Loops": 1,
      "Plans": [
        {
          "Node Type": "Gather",
          "Parent Relationship": "Outer",
          "Parallel Aware": false,
          "Startup Cost": 338552.38,
          "Total Cost": 338552.99,
          "Plan Rows": 6,
          "Plan Width": 8,
          "Actual Startup Time": 801.112,
          "Actual Total Time": 864.498,
          "Actual Rows": 7,
          "Actual Loops": 1,
          "Workers Planned": 6,
          "Workers Launched": 6,
          "Single Copy": false,
          "Plans": [
            {
              "Node Type": "Aggregate",
              "Strategy": "Plain",
              "Partial Mode": "Partial",
              "Parent Relationship": "Outer",
              "Parallel Aware": false,
              "Startup Cost": 337552.38,
              "Total Cost": 337552.39,
              "Plan Rows": 1,
              "Plan Width": 8,
              "Actual Startup Time": 792.36,
              "Actual Total Time": 792.361,
              "Actual Rows": 1,
              "Actual Loops": 7,
              "Plans": [
                {
                  "Node Type": "Seq Scan",
                  "Parent Relationship": "Outer",
                  "Parallel Aware": true,
                  "Relation Name": "cast_info",
                  "Alias": "ci",
                  "Startup Cost": 0.0,
                  "Total Cost": 328162.03,
                  "Plan Rows": 3756143,
                  "Plan Width": 0,
                  "Actual Startup Time": 0.05,
                  "Actual Total Time": 642.695,
                  "Actual Rows": 3226527,
                  "Actual Loops": 7,
                  "Filter": "(person_id < 2304017)",
                  "Rows Removed by Filter": 1951237
                }
              ]
            }
          ]
        }
      ]
    },
    "Planning Time": 0.2,
    "Triggers": [],
    "Execution Time": 864.581
  }
]