[
  {
    "Plan": {
      "Node Type": "Aggregate",
      "Strategy": "Plain",
      "Partial Mode": "Finalize",
      "Parallel Aware": false,
      "Startup Cost": 73249.51,
      "Total Cost": 73249.52,
      "Plan Rows": 1,
      "Plan Width": 8,
      "Actual Startup Time": 257.971,
      "Actual Total Time": 285.616,
      "Actual Rows": 1,
      "Actual Loops": 1,
      "Plans": [
        {
          "Node Type": "Gather",
          "Parent Relationship": "Outer",
          "Parallel Aware": false,
          "Startup Cost": 73249.09,
          "Total Cost": 73249.5,
          "Plan Rows": 4,
          "Plan Width": 8,
          "Actual Startup Time": 257.436,
          "Actual Total Time": 285.607,
          "Actual Rows": 5,
          "Actual Loops": 1,
          "Workers Planned": 4,
          "Workers Launched": 4,
          "Single Copy": false,
          "Plans": [
            {
              "Node Type": "Aggregate",
              "Strategy": "Plain",
              "Partial Mode": "Partial",
              "Parent Relationship": "Outer",
              "Parallel Aware": false,
              "Startup Cost": 72249.09,
              "Total Cost": 72249.1,
              "Plan Rows": 1,
              "Plan Width": 8,
              "Actual Startup Time": 247.055,
              "Actual Total Time": 247.059,
              "Actual Rows": 1,
              "Actual Loops": 5,
              "Plans": [
                {
                  "Node Type": "Nested Loop",
                  "Parent Relationship": "Outer",
                  "Parallel Aware": false,
                  "Join Type": "Inner",
                  "Startup Cost": 21046.09,
                  "Total Cost": 72247.23,
                  "Plan Rows": 743,
                  "Plan Width": 0,
                  "Actual Startup Time": 97.032,
                  "Actual Total Time": 246.314,
                  "Actual Rows": 11340,
                  "Actual Loops": 5,
                  "Inner Unique": false,
                  "Plans": [
                    {
                      "Node Type": "Hash Join",
                      "Parent Relationship": "Outer",
                      "Parallel Aware": true,
                      "Join Type": "Inner",
                      "Startup Cost": 21045.65,
                      "Total Cost": 66967.4,
                      "Plan Rows": 1396,
                      "Plan Width": 8,
                      "Actual Startup Time": 96.3,
                      "Actual Total Time": 128.07,
                      "Actual Rows": 6280,
                      "Actual Loops": 5,
                      "Inner Unique": false,
                      "Hash Cond": "(t.id = mc.movie_id)",
                      "Plans": [
                        {
                          "Node Type": "Seq Scan",
                          "Parent Relationship": "Outer",
                          "Parallel Aware": true,
                          "Relation Name": "title",
                          "Alias": "t",
                          "Startup Cost": 0.0,
                          "Total Cost": 45479.1,
                          "Plan Rows": 87629,
                          "Plan Width": 4,
                          "Actual Startup Time": 43.744,
                          "Actual Total Time": 76.81,
                          "Actual Rows": 84914,
                          "Actual Loops": 5,
                          "Filter": "((production_year < 2005) AND (kind_id = 1))",
                          "Rows Removed by Filter": 420748
                        },
                        {
                          "Node Type": "Hash",
                          "Parent Relationship": "Inner",
                          "Parallel Aware": true,
                          "Startup Cost": 20883.25,
                          "Total Cost": 20883.25,
                          "Plan Rows": 12992,
                          "Plan Width": 4,
                          "Actual Startup Time": 33.414,
                          "Actual Total Time": 33.415,
                          "Actual Rows": 15239,
                          "Actual Loops": 5,
                          "Hash Buckets": 131072,
                          "Original Hash Buckets": 65536,
                          "Hash Batches": 1,
                          "Original Hash Batches": 1,
                          "Peak Memory Usage": 4608,
                          "Plans": [
                            {
                              "Node Type": "Bitmap Heap Scan",
                              "Parent Relationship": "Outer",
                              "Parallel Aware": true,
                              "Relation Name": "movie_companies",
                              "Alias": "mc",
                              "Startup Cost": 1709.43,
                              "Total Cost": 20883.25,
                              "Plan Rows": 12992,
                              "Plan Width": 4,
                              "Actual Startup Time": 6.009,
                              "Actual Total Time": 22.05,
                              "Actual Rows": 15239,
                              "Actual Loops": 5,
                              "Recheck Cond": "(company_id > 172431)",
                              "Rows Removed by Index Recheck": 0,
                              "Filter": "(company_type_id > 1)",
                              "Rows Removed by Filter": 0,
                              "Exact Heap Blocks": 973,
                              "Lossy Heap Blocks": 0,
                              "Plans": [
                                {
                                  "Node Type": "Bitmap Index Scan",
                                  "Parent Relationship": "Outer",
                                  "Parallel Aware": false,
                                  "Index Name": "company_id_movie_companies",
                                  "Startup Cost": 0.0,
                                  "Total Cost": 1699.36,
                                  "Plan Rows": 79324,
                                  "Plan Width": 0,
                                  "Actual Startup Time": 11.247,
                                  "Actual Total Time": 11.247,
                                  "Actual Rows": 76193,
                                  "Actual Loops": 1,
                                  "Index Cond": "(company_id > 172431)"
                                }
                              ]
                            }
                          ]
                        }
                      ]
                    },
                    {
                      "Node Type": "Index Scan",
                      "Parent Relationship": "Inner",
                      "Parallel Aware": false,
                      "Scan Direction": "Forward",
                      "Index Name": "movie_id_movie_info",
                      "Relation Name": "movie_info",
                      "Alias": "mi",
                      "Startup Cost": 0.43,
                      "Total Cost": 3.74,
                      "Plan Rows": 4,
                      "Plan Width": 4,
                      "Actual Startup Time": 0.011,
                      "Actual Total Time": 0.018,
                      "Actual Rows": 2,
                      "Actual Loops": 31402,
                      "Index Cond": "(movie_id = t.id)",
                      "Rows Removed by Index Recheck": 0,
                      "Filter": "(info_type_id = 7)",
                      "Rows Removed by Filter": 19
                    }
                  ]
                }
              ]
            }
          ]
        }
      ]
    },
    "Planning Time": 1.632,
    "Triggers": [],
    "Execution Time": 285.736
  }
]