{
  "Plan": {
    "Node Type": "Aggregate",
    "Strategy": "Plain",
    "Partial Mode": "Finalize",
    "Parallel Aware": false,
    "Startup Cost": 99810.42,
    "Total Cost": 99810.43,
    "Plan Rows": 1,
    "Plan Width": 8,
    "Actual Startup Time": 223.594,
    "Actual Total Time": 241.019,
    "Actual Rows": 1,
    "Actual Loops": 1,
    "Plans": [
      {
        "Node Type": "Gather",
        "Parent Relationship": "Outer",
        "Parallel Aware": false,
        "Startup Cost": 99810.31,
        "Total Cost": 99810.42,
        "Plan Rows": 1,
        "Plan Width": 8,
        "Actual Startup Time": 223.483,
        "Actual Total Time": 241.011,
        "Actual Rows": 2,
        "Actual Loops": 1,
        "Workers Planned": 1,
        "Workers Launched": 1,
        "Single Copy": false,
        "Plans": [
          {
            "Node Type": "Aggregate",
            "Strategy": "Plain",
            "Partial Mode": "Partial",
            "Parent Relationship": "Outer",
            "Parallel Aware": false,
            "Startup Cost": 98810.31,
            "Total Cost": 98810.32,
            "Plan Rows": 1,
            "Plan Width": 8,
            "Actual Startup Time": 217.261,
            "Actual Total Time": 217.262,
            "Actual Rows": 1,
            "Actual Loops": 2,
            "Plans": [
              {
                "Node Type": "Nested Loop",
                "Parent Relationship": "Outer",
                "Parallel Aware": false,
                "Join Type": "Inner",
                "Startup Cost": 0.43,
                "Total Cost": 98788.91,
                "Plan Rows": 8557,
                "Plan Width": 0,
                "Actual Startup Time": 2.064,
                "Actual Total Time": 215.837,
                "Actual Rows": 23728,
                "Actual Loops": 2,
                "Inner Unique": false,
                "Plans": [
                  {
                    "Node Type": "Seq Scan",
                    "Parent Relationship": "Outer",
                    "Parallel Aware": true,
                    "Relation Name": "title",
                    "Alias": "t",
                    "Startup Cost": 0.0,
                    "Total Cost": 58306.47,
                    "Plan Rows": 4782,
                    "Plan Width": 4,
                    "Actual Startup Time": 0.753,
                    "Actual Total Time": 164.202,
                    "Actual Rows": 4334,
                    "Actual Loops": 2,
                    "Filter": "((kind_id < 7) AND (production_year = 1989))",
                    "Rows Removed by Filter": 1259822
                  },
                  {
                    "Node Type": "Index Only Scan",
                    "Parent Relationship": "Inner",
                    "Parallel Aware": false,
                    "Scan Direction": "Forward",
                    "Index Name": "movie_id_movie_keyword",
                    "Relation Name": "movie_keyword",
                    "Alias": "mk",
                    "Startup Cost": 0.43,
                    "Total Cost": 8.02,
                    "Plan Rows": 45,
                    "Plan Width": 4,
                    "Actual Startup Time": 0.01,
                    "Actual Total Time": 0.011,
                    "Actual Rows": 5,
                    "Actual Loops": 8669,
                    "Index Cond": "(movie_id = t.id)",
                    "Rows Removed by Index Recheck": 0,
                    "Heap Fetches": 47455
                  }
                ]
              }
            ]
          }
        ]
      }
    ]
  },
  "Planning Time": 0.475,
  "Triggers": [],
  "Execution Time": 241.098
}