{
  "Plan": {
    "Node Type": "Merge Join",
    "Parallel Aware": false,
    "Join Type": "Inner",
    "Startup Cost": 2058.38,
    "Total Cost": 84936.38,
    "Plan Rows": 518519,
    "Plan Width": 4,
    "Actual Startup Time": 0.048,
    "Actual Total Time": 334.75,
    "Actual Rows": 521808,
    "Actual Loops": 1,
    "Inner Unique": false,
    "Merge Cond": "(cn.id = mc.company_id)",
    "Plans": [
      {
        "Node Type": "Index Only Scan",
        "Parent Relationship": "Outer",
        "Parallel Aware": false,
        "Scan Direction": "Forward",
        "Index Name": "company_name_pkey",
        "Relation Name": "company_name",
        "Alias": "cn",
        "Startup Cost": 0.42,
        "Total Cost": 11881.93,
        "Plan Rows": 234997,
        "Plan Width": 4,
        "Actual Startup Time": 0.02,
        "Actual Total Time": 1.085,
        "Actual Rows": 476,
        "Actual Loops": 1,
        "Heap Fetches": 476
      },
      {
        "Node Type": "Index Only Scan",
        "Parent Relationship": "Inner",
        "Parallel Aware": false,
        "Scan Direction": "Forward",
        "Index Name": "company_id_movie_companies",
        "Relation Name": "movie_companies",
        "Alias": "mc",
        "Startup Cost": 0.43,
        "Total Cost": 65993.32,
        "Plan Rows": 518519,
        "Plan Width": 4,
        "Actual Startup Time": 0.025,
        "Actual Total Time": 266.948,
        "Actual Rows": 521808,
        "Actual Loops": 1,
        "Index Cond": "(company_id < 476)",
        "Rows Removed by Index Recheck": 0,
        "Heap Fetches": 521808
      }
    ]
  },
  "Planning Time": 0.346,
  "Triggers": [],
  "Execution Time": 359.091
}