[
  {
    "Plan": {
      "Node Type": "Aggregate",
      "Strategy": "Plain",
      "Partial Mode": "Finalize",
      "Parallel Aware": false,
      "Startup Cost": 45081.76,
      "Total Cost": 45081.77,
      "Plan Rows": 1,
      "Plan Width": 8,
      "Actual Startup Time": 110.579,
      "Actual Total Time": 118.403,
      "Actual Rows": 1,
      "Actual Loops": 1,
      "Plans": [
        {
          "Node Type": "Gather",
          "Parent Relationship": "Outer",
          "Parallel Aware": false,
          "Startup Cost": 45081.44,
          "Total Cost": 45081.75,
          "Plan Rows": 3,
          "Plan Width": 8,
          "Actual Startup Time": 110.476,
          "Actual Total Time": 118.394,
          "Actual Rows": 4,
          "Actual Loops": 1,
          "Workers Planned": 3,
          "Workers Launched": 3,
          "Single Copy": false,
          "Plans": [
            {
              "Node Type": "Aggregate",
              "Strategy": "Plain",
              "Partial Mode": "Partial",
              "Parent Relationship": "Outer",
              "Parallel Aware": false,
              "Startup Cost": 44081.44,
              "Total Cost": 44081.45,
              "Plan Rows": 1,
              "Plan Width": 8,
              "Actual Startup Time": 107.45,
              "Actual Total Time": 107.451,
              "Actual Rows": 1,
              "Actual Loops": 4,
              "Plans": [
                {
                  "Node Type": "Seq Scan",
                  "Parent Relationship": "Outer",
                  "Parallel Aware": true,
                  "Relation Name": "movie_keyword",
                  "Alias": "mk",
                  "Startup Cost": 0.0,
                  "Total Cost": 42695.65,
                  "Plan Rows": 554315,
                  "Plan Width": 0,
                  "Actual Startup Time": 0.021,
                  "Actual Total Time": 89.44,
                  "Actual Rows": 428884,
                  "Actual Loops": 4,
                  "Filter": "(keyword_id < 2750)",
                  "Rows Removed by Filter": 702098
                }
              ]
            }
          ]
        }
      ]
    },
    "Planning Time": 0.085,
    "Triggers": [],
    "Execution Time": 118.443
  }
]