[
  {
    "Plan": {
      "Node Type": "Aggregate",
      "Strategy": "Plain",
      "Partial Mode": "Finalize",
      "Parallel Aware": false,
      "Startup Cost": 342920.33,
      "Total Cost": 342920.34,
      "Plan Rows": 1,
      "Plan Width": 8,
      "Actual Startup Time": 889.625,
      "Actual Total Time": 932.575,
      "Actual Rows": 1,
      "Actual Loops": 1,
      "Plans": [
        {
          "Node Type": "Gather",
          "Parent Relationship": "Outer",
          "Parallel Aware": false,
          "Startup Cost": 342919.7,
          "Total Cost": 342920.31,
          "Plan Rows": 6,
          "Plan Width": 8,
          "Actual Startup Time": 889.383,
          "Actual Total Time": 932.558,
          "Actual Rows": 7,
          "Actual Loops": 1,
          "Workers Planned": 6,
          "Workers Launched": 6,
          "Single Copy": false,
          "Plans": [
            {
              "Node Type": "Aggregate",
              "Strategy": "Plain",
              "Partial Mode": "Partial",
              "Parent Relationship": "Outer",
              "Parallel Aware": false,
              "Startup Cost": 341919.7,
              "Total Cost": 341919.71,
              "Plan Rows": 1,
              "Plan Width": 8,
              "Actual Startup Time": 881.258,
              "Actual Total Time": 881.26,
              "Actual Rows": 1,
              "Actual Loops": 7,
              "Plans": [
                {
                  "Node Type": "Seq Scan",
                  "Parent Relationship": "Outer",
                  "Parallel Aware": true,
                  "Relation Name": "cast_info",
                  "Alias": "ci",
                  "Startup Cost": 0.0,
                  "Total Cost": 328211.39,
                  "Plan Rows": 5483324,
                  "Plan Width": 0,
                  "Actual Startup Time": 0.05,
                  "Actual Total Time": 650.409,
                  "Actual Rows": 4709884,
                  "Actual Loops": 7,
                  "Filter": "(person_id < 3458669)",
                  "Rows Removed by Filter": 467879
                }
              ]
            }
          ]
        }
      ]
    },
    "Planning Time": 0.209,
    "Triggers": [],
    "Execution Time": 932.648
  }
]