{
    "Plan": {
        "Node Type": "Aggregate",
        "Strategy": "Plain",
        "Partial Mode": "Simple",
        "Parallel Aware": false,
        "Startup Cost": 20000266854.03,
        "Total Cost": 20000266854.04,
        "Plan Rows": 1,
        "Plan Width": 8,
        "Actual Startup Time": 2803.415,
        "Actual Total Time": 2803.418,
        "Actual Rows": 1,
        "Actual Loops": 1,
        "Output": [
            "count(*)"
        ],
        "Plans": [
            {
                "Node Type": "Hash Join",
                "Parent Relationship": "Outer",
                "Parallel Aware": false,
                "Join Type": "Inner",
                "Startup Cost": 20000118729.18,
                "Total Cost": 20000266427.65,
                "Plan Rows": 170550,
                "Plan Width": 0,
                "Actual Startup Time": 1903.204,
                "Actual Total Time": 2798.17,
                "Actual Rows": 114526,
                "Actual Loops": 1,
                "Inner Unique": true,
                "Hash Cond": "(mc.movie_id = t.id)",
                "Plans": [
                    {
                        "Node Type": "Index Scan",
                        "Parent Relationship": "Outer",
                        "Parallel Aware": false,
                        "Scan Direction": "Forward",
                        "Index Name": "movie_id_movie_companies",
                        "Relation Name": "movie_companies",
                        "Schema": "public",
                        "Alias": "mc",
                        "Startup Cost": 10000000000.43,
                        "Total Cost": 10000140849.93,
                        "Plan Rows": 2609129,
                        "Plan Width": 4,
                        "Actual Startup Time": 0.095,
                        "Actual Total Time": 534.964,
                        "Actual Rows": 2609129,
                        "Actual Loops": 1,
                        "Output": [
                            "mc.id",
                            "mc.movie_id",
                            "mc.company_id",
                            "mc.company_type_id",
                            "mc.note"
                        ]
                    },
                    {
                        "Node Type": "Hash",
                        "Parent Relationship": "Inner",
                        "Parallel Aware": false,
                        "Startup Cost": 10000116662.9,
                        "Total Cost": 10000116662.9,
                        "Plan Rows": 165268,
                        "Plan Width": 4,
                        "Actual Startup Time": 1899.514,
                        "Actual Total Time": 1899.515,
                        "Actual Rows": 164307,
                        "Actual Loops": 1,
                        "Output": [
                            "t.id"
                        ],
                        "Hash Buckets": 262144,
                        "Original Hash Buckets": 262144,
                        "Hash Batches": 1,
                        "Original Hash Batches": 1,
                        "Peak Memory Usage": 7825,
                        "Plans": [
                            {
                                "Node Type": "Index Scan",
                                "Parent Relationship": "Outer",
                                "Parallel Aware": false,
                                "Scan Direction": "Forward",
                                "Index Name": "title_pkey",
                                "Relation Name": "title",
                                "Schema": "public",
                                "Alias": "t",
                                "Startup Cost": 10000000000.43,
                                "Total Cost": 10000116662.9,
                                "Plan Rows": 165268,
                                "Plan Width": 4,
                                "Actual Startup Time": 0.583,
                                "Actual Total Time": 1835.35,
                                "Actual Rows": 164307,
                                "Actual Loops": 1,
                                "Output": [
                                    "t.id"
                                ],
                                "Filter": "(t.production_year = 2012)",
                                "Rows Removed by Filter": 2364005
                            }
                        ]
                    }
                ]
            }
        ]
    },
    "Planning Time": 2.762,
    "Triggers": [],
    "Execution Time": 2803.959
}