[
  {
    "Plan": {
      "Node Type": "Aggregate",
      "Strategy": "Plain",
      "Partial Mode": "Finalize",
      "Parallel Aware": false,
      "Startup Cost": 33437.57,
      "Total Cost": 33437.58,
      "Plan Rows": 1,
      "Plan Width": 8,
      "Actual Startup Time": 118.487,
      "Actual Total Time": 127.194,
      "Actual Rows": 1,
      "Actual Loops": 1,
      "Plans": [
        {
          "Node Type": "Gather",
          "Parent Relationship": "Outer",
          "Parallel Aware": false,
          "Startup Cost": 33437.25,
          "Total Cost": 33437.56,
          "Plan Rows": 3,
          "Plan Width": 8,
          "Actual Startup Time": 118.371,
          "Actual Total Time": 127.184,
          "Actual Rows": 4,
          "Actual Loops": 1,
          "Workers Planned": 3,
          "Workers Launched": 3,
          "Single Copy": false,
          "Plans": [
            {
              "Node Type": "Aggregate",
              "Strategy": "Plain",
              "Partial Mode": "Partial",
              "Parent Relationship": "Outer",
              "Parallel Aware": false,
              "Startup Cost": 32437.25,
              "Total Cost": 32437.26,
              "Plan Rows": 1,
              "Plan Width": 8,
              "Actual Startup Time": 111.036,
              "Actual Total Time": 111.037,
              "Actual Rows": 1,
              "Actual Loops": 4,
              "Plans": [
                {
                  "Node Type": "Seq Scan",
                  "Parent Relationship": "Outer",
                  "Parallel Aware": true,
                  "Relation Name": "movie_companies",
                  "Alias": "mc",
                  "Startup Cost": 0.0,
                  "Total Cost": 31414.82,
                  "Plan Rows": 408973,
                  "Plan Width": 0,
                  "Actual Startup Time": 52.884,
                  "Actual Total Time": 96.158,
                  "Actual Rows": 307021,
                  "Actual Loops": 4,
                  "Filter": "((company_id < 153650) AND (company_type_id > 1))",
                  "Rows Removed by Filter": 345262
                }
              ]
            }
          ]
        }
      ]
    },
    "Planning Time": 0.215,
    "Triggers": [],
    "Execution Time": 127.255
  }
]