[
    {
        "Bao": {
            "Bao prediction": "NaN",
            "Bao recommended hint": "(no hint)"
        }
    },
    {
        "Plan": {
            "Node Type": "Aggregate",
            "Strategy": "Plain",
            "Partial Mode": "Finalize",
            "Parallel Aware": false,
            "Startup Cost": 106210.32,
            "Total Cost": 106210.33,
            "Plan Rows": 1,
            "Plan Width": 8,
            "Actual Startup Time": 457.04,
            "Actual Total Time": 470.634,
            "Actual Rows": 1,
            "Actual Loops": 1,
            "Output": [
                "count(*)"
            ],
            "Plans": [
                {
                    "Node Type": "Gather",
                    "Parent Relationship": "Outer",
                    "Parallel Aware": false,
                    "Startup Cost": 106210.11,
                    "Total Cost": 106210.32,
                    "Plan Rows": 2,
                    "Plan Width": 8,
                    "Actual Startup Time": 454.577,
                    "Actual Total Time": 470.625,
                    "Actual Rows": 3,
                    "Actual Loops": 1,
                    "Output": [
                        "(PARTIAL count(*))"
                    ],
                    "Workers Planned": 2,
                    "Workers Launched": 2,
                    "Single Copy": false,
                    "Plans": [
                        {
                            "Node Type": "Aggregate",
                            "Strategy": "Plain",
                            "Partial Mode": "Partial",
                            "Parent Relationship": "Outer",
                            "Parallel Aware": false,
                            "Startup Cost": 105210.11,
                            "Total Cost": 105210.12,
                            "Plan Rows": 1,
                            "Plan Width": 8,
                            "Actual Startup Time": 447.386,
                            "Actual Total Time": 447.391,
                            "Actual Rows": 1,
                            "Actual Loops": 3,
                            "Output": [
                                "PARTIAL count(*)"
                            ],
                            "Workers": [
                                {
                                    "Worker Number": 0,
                                    "Actual Startup Time": 443.687,
                                    "Actual Total Time": 443.692,
                                    "Actual Rows": 1,
                                    "Actual Loops": 1
                                },
                                {
                                    "Worker Number": 1,
                                    "Actual Startup Time": 444.171,
                                    "Actual Total Time": 444.175,
                                    "Actual Rows": 1,
                                    "Actual Loops": 1
                                }
                            ],
                            "Plans": [
                                {
                                    "Node Type": "Hash Join",
                                    "Parent Relationship": "Outer",
                                    "Parallel Aware": true,
                                    "Join Type": "Inner",
                                    "Startup Cost": 89181.66,
                                    "Total Cost": 105128.46,
                                    "Plan Rows": 32658,
                                    "Plan Width": 0,
                                    "Actual Startup Time": 356.195,
                                    "Actual Total Time": 445.09,
                                    "Actual Rows": 42621,
                                    "Actual Loops": 3,
                                    "Inner Unique": false,
                                    "Hash Cond": "(mi_idx.movie_id = t.id)",
                                    "Workers": [
                                        {
                                            "Worker Number": 0,
                                            "Actual Startup Time": 352.581,
                                            "Actual Total Time": 441.321,
                                            "Actual Rows": 35390,
                                            "Actual Loops": 1
                                        },
                                        {
                                            "Worker Number": 1,
                                            "Actual Startup Time": 352.777,
                                            "Actual Total Time": 441.869,
                                            "Actual Rows": 34318,
                                            "Actual Loops": 1
                                        }
                                    ],
                                    "Plans": [
                                        {
                                            "Node Type": "Seq Scan",
                                            "Parent Relationship": "Outer",
                                            "Parallel Aware": true,
                                            "Relation Name": "movie_info_idx",
                                            "Schema": "public",
                                            "Alias": "mi_idx",
                                            "Startup Cost": 0.0,
                                            "Total Cost": 13685.15,
                                            "Plan Rows": 575015,
                                            "Plan Width": 4,
                                            "Actual Startup Time": 0.025,
                                            "Actual Total Time": 43.116,
                                            "Actual Rows": 460012,
                                            "Actual Loops": 3,
                                            "Output": [
                                                "mi_idx.id",
                                                "mi_idx.movie_id",
                                                "mi_idx.info_type_id",
                                                "mi_idx.info",
                                                "mi_idx.note"
                                            ],
                                            "Workers": [
                                                {
                                                    "Worker Number": 0,
                                                    "Actual Startup Time": 0.03,
                                                    "Actual Total Time": 43.462,
                                                    "Actual Rows": 361343,
                                                    "Actual Loops": 1
                                                },
                                                {
                                                    "Worker Number": 1,
                                                    "Actual Startup Time": 0.033,
                                                    "Actual Total Time": 44.403,
                                                    "Actual Rows": 372930,
                                                    "Actual Loops": 1
                                                }
                                            ]
                                        },
                                        {
                                            "Node Type": "Hash",
                                            "Parent Relationship": "Inner",
                                            "Parallel Aware": true,
                                            "Startup Cost": 88602.65,
                                            "Total Cost": 88602.65,
                                            "Plan Rows": 46321,
                                            "Plan Width": 8,
                                            "Actual Startup Time": 350.669,
                                            "Actual Total Time": 350.672,
                                            "Actual Rows": 22932,
                                            "Actual Loops": 3,
                                            "Output": [
                                                "t.id",
                                                "mk.movie_id"
                                            ],
                                            "Hash Buckets": 262144,
                                            "Original Hash Buckets": 262144,
                                            "Hash Batches": 1,
                                            "Original Hash Batches": 1,
                                            "Peak Memory Usage": 4768,
                                            "Workers": [
                                                {
                                                    "Worker Number": 0,
                                                    "Actual Startup Time": 347.574,
                                                    "Actual Total Time": 347.578,
                                                    "Actual Rows": 19477,
                                                    "Actual Loops": 1
                                                },
                                                {
                                                    "Worker Number": 1,
                                                    "Actual Startup Time": 348.067,
                                                    "Actual Total Time": 348.07,
                                                    "Actual Rows": 18665,
                                                    "Actual Loops": 1
                                                }
                                            ],
                                            "Plans": [
                                                {
                                                    "Node Type": "Hash Join",
                                                    "Parent Relationship": "Outer",
                                                    "Parallel Aware": true,
                                                    "Join Type": "Inner",
                                                    "Startup Cost": 45120.48,
                                                    "Total Cost": 88602.65,
                                                    "Plan Rows": 46321,
                                                    "Plan Width": 8,
                                                    "Actual Startup Time": 165.339,
                                                    "Actual Total Time": 343.864,
                                                    "Actual Rows": 22932,
                                                    "Actual Loops": 3,
                                                    "Output": [
                                                        "t.id",
                                                        "mk.movie_id"
                                                    ],
                                                    "Inner Unique": true,
                                                    "Hash Cond": "(mk.movie_id = t.id)",
                                                    "Workers": [
                                                        {
                                                            "Worker Number": 0,
                                                            "Actual Startup Time": 162.32,
                                                            "Actual Total Time": 341.2,
                                                            "Actual Rows": 19477,
                                                            "Actual Loops": 1
                                                        },
                                                        {
                                                            "Worker Number": 1,
                                                            "Actual Startup Time": 162.641,
                                                            "Actual Total Time": 340.226,
                                                            "Actual Rows": 18665,
                                                            "Actual Loops": 1
                                                        }
                                                    ],
                                                    "Plans": [
                                                        {
                                                            "Node Type": "Seq Scan",
                                                            "Parent Relationship": "Outer",
                                                            "Parallel Aware": true,
                                                            "Relation Name": "movie_keyword",
                                                            "Schema": "public",
                                                            "Alias": "mk",
                                                            "Startup Cost": 0.0,
                                                            "Total Cost": 42695.65,
                                                            "Plan Rows": 299624,
                                                            "Plan Width": 4,
                                                            "Actual Startup Time": 1.968,
                                                            "Actual Total Time": 135.591,
                                                            "Actual Rows": 301449,
                                                            "Actual Loops": 3,
                                                            "Output": [
                                                                "mk.id",
                                                                "mk.movie_id",
                                                                "mk.keyword_id"
                                                            ],
                                                            "Filter": "(mk.keyword_id > 20404)",
                                                            "Rows Removed by Filter": 1206528,
                                                            "Workers": [
                                                                {
                                                                    "Worker Number": 0,
                                                                    "Actual Startup Time": 1.92,
                                                                    "Actual Total Time": 137.033,
                                                                    "Actual Rows": 242795,
                                                                    "Actual Loops": 1
                                                                },
                                                                {
                                                                    "Worker Number": 1,
                                                                    "Actual Startup Time": 1.999,
                                                                    "Actual Total Time": 137.436,
                                                                    "Actual Rows": 245846,
                                                                    "Actual Loops": 1
                                                                }
                                                            ]
                                                        },
                                                        {
                                                            "Node Type": "Hash",
                                                            "Parent Relationship": "Inner",
                                                            "Parallel Aware": true,
                                                            "Startup Cost": 43899.01,
                                                            "Total Cost": 43899.01,
                                                            "Plan Rows": 97718,
                                                            "Plan Width": 4,
                                                            "Actual Startup Time": 162.194,
                                                            "Actual Total Time": 162.195,
                                                            "Actual Rows": 130555,
                                                            "Actual Loops": 3,
                                                            "Output": [
                                                                "t.id"
                                                            ],
                                                            "Hash Buckets": 524288,
                                                            "Original Hash Buckets": 524288,
                                                            "Hash Batches": 1,
                                                            "Original Hash Batches": 1,
                                                            "Peak Memory Usage": 19456,
                                                            "Workers": [
                                                                {
                                                                    "Worker Number": 0,
                                                                    "Actual Startup Time": 160.246,
                                                                    "Actual Total Time": 160.247,
                                                                    "Actual Rows": 92805,
                                                                    "Actual Loops": 1
                                                                },
                                                                {
                                                                    "Worker Number": 1,
                                                                    "Actual Startup Time": 160.595,
                                                                    "Actual Total Time": 160.596,
                                                                    "Actual Rows": 99395,
                                                                    "Actual Loops": 1
                                                                }
                                                            ],
                                                            "Plans": [
                                                                {
                                                                    "Node Type": "Seq Scan",
                                                                    "Parent Relationship": "Outer",
                                                                    "Parallel Aware": true,
                                                                    "Relation Name": "title",
                                                                    "Schema": "public",
                                                                    "Alias": "t",
                                                                    "Startup Cost": 0.0,
                                                                    "Total Cost": 43899.01,
                                                                    "Plan Rows": 97718,
                                                                    "Plan Width": 4,
                                                                    "Actual Startup Time": 0.036,
                                                                    "Actual Total Time": 118.875,
                                                                    "Actual Rows": 130555,
                                                                    "Actual Loops": 3,
                                                                    "Output": [
                                                                        "t.id"
                                                                    ],
                                                                    "Filter": "(t.production_year > 2010)",
                                                                    "Rows Removed by Filter": 712215,
                                                                    "Workers": [
                                                                        {
                                                                            "Worker Number": 0,
                                                                            "Actual Startup Time": 0.047,
                                                                            "Actual Total Time": 118.223,
                                                                            "Actual Rows": 92805,
                                                                            "Actual Loops": 1
                                                                        },
                                                                        {
                                                                            "Worker Number": 1,
                                                                            "Actual Startup Time": 0.048,
                                                                            "Actual Total Time": 121.624,
                                                                            "Actual Rows": 99395,
                                                                            "Actual Loops": 1
                                                                        }
                                                                    ]
                                                                }
                                                            ]
                                                        }
                                                    ]
                                                }
                                            ]
                                        }
                                    ]
                                }
                            ]
                        }
                    ]
                }
            ]
        },
        "Planning Time": 183.073,
        "Triggers": [],
        "Execution Time": 470.693
    }
]