[
  {
    "Plan": {
      "Node Type": "Aggregate",
      "Strategy": "Plain",
      "Partial Mode": "Finalize",
      "Parallel Aware": false,
      "Startup Cost": 340543.53,
      "Total Cost": 340543.54,
      "Plan Rows": 1,
      "Plan Width": 8,
      "Actual Startup Time": 867.566,
      "Actual Total Time": 926.188,
      "Actual Rows": 1,
      "Actual Loops": 1,
      "Plans": [
        {
          "Node Type": "Gather",
          "Parent Relationship": "Outer",
          "Parallel Aware": false,
          "Startup Cost": 340542.9,
          "Total Cost": 340543.51,
          "Plan Rows": 6,
          "Plan Width": 8,
          "Actual Startup Time": 867.448,
          "Actual Total Time": 926.178,
          "Actual Rows": 7,
          "Actual Loops": 1,
          "Workers Planned": 6,
          "Workers Launched": 6,
          "Single Copy": false,
          "Plans": [
            {
              "Node Type": "Aggregate",
              "Strategy": "Plain",
              "Partial Mode": "Partial",
              "Parent Relationship": "Outer",
              "Parallel Aware": false,
              "Startup Cost": 339542.9,
              "Total Cost": 339542.91,
              "Plan Rows": 1,
              "Plan Width": 8,
              "Actual Startup Time": 857.384,
              "Actual Total Time": 857.385,
              "Actual Rows": 1,
              "Actual Loops": 7,
              "Plans": [
                {
                  "Node Type": "Seq Scan",
                  "Parent Relationship": "Outer",
                  "Parallel Aware": true,
                  "Relation Name": "cast_info",
                  "Alias": "ci",
                  "Startup Cost": 0.0,
                  "Total Cost": 328162.03,
                  "Plan Rows": 4552350,
                  "Plan Width": 0,
                  "Actual Startup Time": 111.527,
                  "Actual Total Time": 676.621,
                  "Actual Rows": 3884251,
                  "Actual Loops": 7,
                  "Filter": "(person_id > 891406)",
                  "Rows Removed by Filter": 1293512
                }
              ]
            }
          ]
        }
      ]
    },
    "Planning Time": 0.182,
    "Triggers": [],
    "Execution Time": 926.26
  }
]