[
  {
    "Plan": {
      "Node Type": "Aggregate",
      "Strategy": "Plain",
      "Partial Mode": "Finalize",
      "Parallel Aware": false,
      "Startup Cost": 46404.68,
      "Total Cost": 46404.69,
      "Plan Rows": 1,
      "Plan Width": 8,
      "Actual Startup Time": 210.373,
      "Actual Total Time": 221.196,
      "Actual Rows": 1,
      "Actual Loops": 1,
      "Plans": [
        {
          "Node Type": "Gather",
          "Parent Relationship": "Outer",
          "Parallel Aware": false,
          "Startup Cost": 46404.36,
          "Total Cost": 46404.67,
          "Plan Rows": 3,
          "Plan Width": 8,
          "Actual Startup Time": 210.22,
          "Actual Total Time": 221.184,
          "Actual Rows": 4,
          "Actual Loops": 1,
          "Workers Planned": 3,
          "Workers Launched": 3,
          "Single Copy": false,
          "Plans": [
            {
              "Node Type": "Aggregate",
              "Strategy": "Plain",
              "Partial Mode": "Partial",
              "Parent Relationship": "Outer",
              "Parallel Aware": false,
              "Startup Cost": 45404.36,
              "Total Cost": 45404.37,
              "Plan Rows": 1,
              "Plan Width": 8,
              "Actual Startup Time": 201.803,
              "Actual Total Time": 201.804,
              "Actual Rows": 1,
              "Actual Loops": 4,
              "Plans": [
                {
                  "Node Type": "Seq Scan",
                  "Parent Relationship": "Outer",
                  "Parallel Aware": true,
                  "Relation Name": "movie_keyword",
                  "Alias": "mk",
                  "Startup Cost": 0.0,
                  "Total Cost": 42695.65,
                  "Plan Rows": 1083484,
                  "Plan Width": 0,
                  "Actual Startup Time": 0.064,
                  "Actual Total Time": 150.704,
                  "Actual Rows": 837776,
                  "Actual Loops": 4,
                  "Filter": "(keyword_id < 15899)",
                  "Rows Removed by Filter": 293207
                }
              ]
            }
          ]
        }
      ]
    },
    "Planning Time": 0.071,
    "Triggers": [],
    "Execution Time": 221.233
  }
]