[
  {
    "Plan": {
      "Node Type": "Aggregate",
      "Strategy": "Plain",
      "Partial Mode": "Finalize",
      "Parallel Aware": false,
      "Startup Cost": 23094.29,
      "Total Cost": 23094.3,
      "Plan Rows": 1,
      "Plan Width": 8,
      "Actual Startup Time": 30.176,
      "Actual Total Time": 33.855,
      "Actual Rows": 1,
      "Actual Loops": 1,
      "Plans": [
        {
          "Node Type": "Gather",
          "Parent Relationship": "Outer",
          "Parallel Aware": false,
          "Startup Cost": 23094.18,
          "Total Cost": 23094.29,
          "Plan Rows": 1,
          "Plan Width": 8,
          "Actual Startup Time": 29.974,
          "Actual Total Time": 33.85,
          "Actual Rows": 2,
          "Actual Loops": 1,
          "Workers Planned": 1,
          "Workers Launched": 1,
          "Single Copy": false,
          "Plans": [
            {
              "Node Type": "Aggregate",
              "Strategy": "Plain",
              "Partial Mode": "Partial",
              "Parent Relationship": "Outer",
              "Parallel Aware": false,
              "Startup Cost": 22094.18,
              "Total Cost": 22094.19,
              "Plan Rows": 1,
              "Plan Width": 8,
              "Actual Startup Time": 24.086,
              "Actual Total Time": 24.088,
              "Actual Rows": 1,
              "Actual Loops": 2,
              "Plans": [
                {
                  "Node Type": "Nested Loop",
                  "Parent Relationship": "Outer",
                  "Parallel Aware": false,
                  "Join Type": "Inner",
                  "Startup Cost": 62.86,
                  "Total Cost": 22089.72,
                  "Plan Rows": 1786,
                  "Plan Width": 0,
                  "Actual Startup Time": 0.992,
                  "Actual Total Time": 23.388,
                  "Actual Rows": 8328,
                  "Actual Loops": 2,
                  "Inner Unique": false,
                  "Plans": [
                    {
                      "Node Type": "Nested Loop",
                      "Parent Relationship": "Outer",
                      "Parallel Aware": false,
                      "Join Type": "Inner",
                      "Startup Cost": 62.43,
                      "Total Cost": 20277.42,
                      "Plan Rows": 998,
                      "Plan Width": 8,
                      "Actual Startup Time": 0.824,
                      "Actual Total Time": 16.628,
                      "Actual Rows": 948,
                      "Actual Loops": 2,
                      "Inner Unique": true,
                      "Plans": [
                        {
                          "Node Type": "Bitmap Heap Scan",
                          "Parent Relationship": "Outer",
                          "Parallel Aware": true,
                          "Relation Name": "movie_companies",
                          "Alias": "mc",
                          "Startup Cost": 62.0,
                          "Total Cost": 7562.37,
                          "Plan Rows": 1637,
                          "Plan Width": 4,
                          "Actual Startup Time": 0.679,
                          "Actual Total Time": 3.895,
                          "Actual Rows": 1945,
                          "Actual Loops": 2,
                          "Recheck Cond": "(company_id = 240)",
                          "Rows Removed by Index Recheck": 0,
                          "Exact Heap Blocks": 1551,
                          "Lossy Heap Blocks": 0,
                          "Plans": [
                            {
                              "Node Type": "Bitmap Index Scan",
                              "Parent Relationship": "Outer",
                              "Parallel Aware": false,
                              "Index Name": "company_id_movie_companies",
                              "Startup Cost": 0.0,
                              "Total Cost": 61.3,
                              "Plan Rows": 2783,
                              "Plan Width": 0,
                              "Actual Startup Time": 0.931,
                              "Actual Total Time": 0.932,
                              "Actual Rows": 3890,
                              "Actual Loops": 1,
                              "Index Cond": "(company_id = 240)"
                            }
                          ]
                        },
                        {
                          "Node Type": "Index Scan",
                          "Parent Relationship": "Inner",
                          "Parallel Aware": false,
                          "Scan Direction": "Forward",
                          "Index Name": "title_pkey",
                          "Relation Name": "title",
                          "Alias": "t",
                          "Startup Cost": 0.43,
                          "Total Cost": 7.77,
                          "Plan Rows": 1,
                          "Plan Width": 4,
                          "Actual Startup Time": 0.006,
                          "Actual Total Time": 0.006,
                          "Actual Rows": 0,
                          "Actual Loops": 3890,
                          "Index Cond": "(id = mc.movie_id)",
                          "Rows Removed by Index Recheck": 0,
                          "Filter": "(kind_id = 7)",
                          "Rows Removed by Filter": 1
                        }
                      ]
                    },
                    {
                      "Node Type": "Index Only Scan",
                      "Parent Relationship": "Inner",
                      "Parallel Aware": false,
                      "Scan Direction": "Forward",
                      "Index Name": "movie_id_movie_keyword",
                      "Relation Name": "movie_keyword",
                      "Alias": "mk",
                      "Startup Cost": 0.43,
                      "Total Cost": 1.36,
                      "Plan Rows": 46,
                      "Plan Width": 4,
                      "Actual Startup Time": 0.004,
                      "Actual Total Time": 0.006,
                      "Actual Rows": 9,
                      "Actual Loops": 1895,
                      "Index Cond": "(movie_id = t.id)",
                      "Rows Removed by Index Recheck": 0,
                      "Heap Fetches": 16657
                    }
                  ]
                }
              ]
            }
          ]
        }
      ]
    },
    "Planning Time": 0.633,
    "Triggers": [],
    "Execution Time": 33.902
  }
]