{
  "Plan": {
    "Node Type": "Aggregate",
    "Strategy": "Plain",
    "Partial Mode": "Finalize",
    "Parallel Aware": false,
    "Startup Cost": 260072.71,
    "Total Cost": 260072.72,
    "Plan Rows": 1,
    "Plan Width": 8,
    "Actual Startup Time": 1194.427,
    "Actual Total Time": 1221.224,
    "Actual Rows": 1,
    "Actual Loops": 1,
    "Plans": [
      {
        "Node Type": "Gather",
        "Parent Relationship": "Outer",
        "Parallel Aware": false,
        "Startup Cost": 260072.6,
        "Total Cost": 260072.71,
        "Plan Rows": 1,
        "Plan Width": 8,
        "Actual Startup Time": 1189.273,
        "Actual Total Time": 1221.217,
        "Actual Rows": 2,
        "Actual Loops": 1,
        "Workers Planned": 1,
        "Workers Launched": 1,
        "Single Copy": false,
        "Plans": [
          {
            "Node Type": "Aggregate",
            "Strategy": "Plain",
            "Partial Mode": "Partial",
            "Parent Relationship": "Outer",
            "Parallel Aware": false,
            "Startup Cost": 259072.6,
            "Total Cost": 259072.61,
            "Plan Rows": 1,
            "Plan Width": 8,
            "Actual Startup Time": 1185.142,
            "Actual Total Time": 1185.148,
            "Actual Rows": 1,
            "Actual Loops": 2,
            "Plans": [
              {
                "Node Type": "Hash Join",
                "Parent Relationship": "Outer",
                "Parallel Aware": true,
                "Join Type": "Inner",
                "Startup Cost": 225142.58,
                "Total Cost": 258614.67,
                "Plan Rows": 183174,
                "Plan Width": 0,
                "Actual Startup Time": 1028.099,
                "Actual Total Time": 1179.119,
                "Actual Rows": 106666,
                "Actual Loops": 2,
                "Inner Unique": false,
                "Hash Cond": "(mk.movie_id = t.id)",
                "Plans": [
                  {
                    "Node Type": "Bitmap Heap Scan",
                    "Parent Relationship": "Outer",
                    "Parallel Aware": true,
                    "Relation Name": "movie_keyword",
                    "Alias": "mk",
                    "Startup Cost": 17622.42,
                    "Total Cost": 48184.57,
                    "Plan Rows": 488652,
                    "Plan Width": 4,
                    "Actual Startup Time": 44.384,
                    "Actual Total Time": 126.57,
                    "Actual Rows": 407395,
                    "Actual Loops": 2,
                    "Recheck Cond": "(keyword_id > 22484)",
                    "Rows Removed by Index Recheck": 0,
                    "Exact Heap Blocks": 13521,
                    "Lossy Heap Blocks": 0,
                    "Plans": [
                      {
                        "Node Type": "Bitmap Index Scan",
                        "Parent Relationship": "Outer",
                        "Parallel Aware": false,
                        "Index Name": "keyword_id_movie_keyword",
                        "Startup Cost": 0.0,
                        "Total Cost": 17414.74,
                        "Plan Rows": 830708,
                        "Plan Width": 0,
                        "Actual Startup Time": 40.861,
                        "Actual Total Time": 40.862,
                        "Actual Rows": 814790,
                        "Actual Loops": 1,
                        "Index Cond": "(keyword_id > 22484)"
                      }
                    ]
                  },
                  {
                    "Node Type": "Hash",
                    "Parent Relationship": "Inner",
                    "Parallel Aware": true,
                    "Startup Cost": 200551.48,
                    "Total Cost": 200551.48,
                    "Plan Rows": 557495,
                    "Plan Width": 8,
                    "Actual Startup Time": 977.317,
                    "Actual Total Time": 977.321,
                    "Actual Rows": 355506,
                    "Actual Loops": 2,
                    "Hash Buckets": 1048576,
                    "Original Hash Buckets": 1048576,
                    "Hash Batches": 1,
                    "Original Hash Batches": 1,
                    "Peak Memory Usage": 36032,
                    "Plans": [
                      {
                        "Node Type": "Hash Join",
                        "Parent Relationship": "Outer",
                        "Parallel Aware": true,
                        "Join Type": "Inner",
                        "Startup Cost": 67538.48,
                        "Total Cost": 200551.48,
                        "Plan Rows": 557495,
                        "Plan Width": 8,
                        "Actual Startup Time": 336.548,
                        "Actual Total Time": 871.127,
                        "Actual Rows": 355506,
                        "Actual Loops": 2,
                        "Inner Unique": true,
                        "Hash Cond": "(ci.movie_id = t.id)",
                        "Plans": [
                          {
                            "Node Type": "Index Scan",
                            "Parent Relationship": "Outer",
                            "Parallel Aware": true,
                            "Scan Direction": "Forward",
                            "Index Name": "role_id_cast_info",
                            "Relation Name": "cast_info",
                            "Alias": "ci",
                            "Startup Cost": 0.56,
                            "Total Cost": 130066.5,
                            "Plan Rows": 1122689,
                            "Plan Width": 4,
                            "Actual Startup Time": 0.175,
                            "Actual Total Time": 276.339,
                            "Actual Rows": 661378,
                            "Actual Loops": 2,
                            "Index Cond": "(role_id = 3)",
                            "Rows Removed by Index Recheck": 0,
                            "Filter": "(person_id < 1694896)",
                            "Rows Removed by Filter": 1342640
                          },
                          {
                            "Node Type": "Hash",
                            "Parent Relationship": "Inner",
                            "Parallel Aware": true,
                            "Startup Cost": 58306.47,
                            "Total Cost": 58306.47,
                            "Plan Rows": 738516,
                            "Plan Width": 4,
                            "Actual Startup Time": 328.02,
                            "Actual Total Time": 328.021,
                            "Actual Rows": 610767,
                            "Actual Loops": 2,
                            "Hash Buckets": 2097152,
                            "Original Hash Buckets": 2097152,
                            "Hash Batches": 1,
                            "Original Hash Batches": 1,
                            "Peak Memory Usage": 64224,
                            "Plans": [
                              {
                                "Node Type": "Seq Scan",
                                "Parent Relationship": "Outer",
                                "Parallel Aware": true,
                                "Relation Name": "title",
                                "Alias": "t",
                                "Startup Cost": 0.0,
                                "Total Cost": 58306.47,
                                "Plan Rows": 738516,
                                "Plan Width": 4,
                                "Actual Startup Time": 0.03,
                                "Actual Total Time": 161.415,
                                "Actual Rows": 610767,
                                "Actual Loops": 2,
                                "Filter": "((production_year < 2011) AND (kind_id = 7))",
                                "Rows Removed by Filter": 653389
                              }
                            ]
                          }
                        ]
                      }
                    ]
                  }
                ]
              }
            ]
          }
        ]
      }
    ]
  },
  "Planning Time": 0.668,
  "Triggers": [],
  "Execution Time": 1221.302
}