[
  {
    "Plan": {
      "Node Type": "Aggregate",
      "Strategy": "Plain",
      "Partial Mode": "Finalize",
      "Parallel Aware": false,
      "Startup Cost": 20182.11,
      "Total Cost": 20182.12,
      "Plan Rows": 1,
      "Plan Width": 8,
      "Actual Startup Time": 15.651,
      "Actual Total Time": 18.412,
      "Actual Rows": 1,
      "Actual Loops": 1,
      "Plans": [
        {
          "Node Type": "Gather",
          "Parent Relationship": "Outer",
          "Parallel Aware": false,
          "Startup Cost": 20182.0,
          "Total Cost": 20182.11,
          "Plan Rows": 1,
          "Plan Width": 8,
          "Actual Startup Time": 15.554,
          "Actual Total Time": 18.406,
          "Actual Rows": 2,
          "Actual Loops": 1,
          "Workers Planned": 1,
          "Workers Launched": 1,
          "Single Copy": false,
          "Plans": [
            {
              "Node Type": "Aggregate",
              "Strategy": "Plain",
              "Partial Mode": "Partial",
              "Parent Relationship": "Outer",
              "Parallel Aware": false,
              "Startup Cost": 19182.0,
              "Total Cost": 19182.01,
              "Plan Rows": 1,
              "Plan Width": 8,
              "Actual Startup Time": 13.197,
              "Actual Total Time": 13.198,
              "Actual Rows": 1,
              "Actual Loops": 2,
              "Plans": [
                {
                  "Node Type": "Nested Loop",
                  "Parent Relationship": "Outer",
                  "Parallel Aware": false,
                  "Join Type": "Inner",
                  "Startup Cost": 61.08,
                  "Total Cost": 19178.16,
                  "Plan Rows": 1535,
                  "Plan Width": 0,
                  "Actual Startup Time": 0.931,
                  "Actual Total Time": 13.059,
                  "Actual Rows": 1434,
                  "Actual Loops": 2,
                  "Inner Unique": true,
                  "Plans": [
                    {
                      "Node Type": "Bitmap Heap Scan",
                      "Parent Relationship": "Outer",
                      "Parallel Aware": true,
                      "Relation Name": "movie_companies",
                      "Alias": "mc",
                      "Startup Cost": 60.65,
                      "Total Cost": 7202.03,
                      "Plan Rows": 1535,
                      "Plan Width": 4,
                      "Actual Startup Time": 0.858,
                      "Actual Total Time": 4.238,
                      "Actual Rows": 1434,
                      "Actual Loops": 2,
                      "Recheck Cond": "(company_id = 11339)",
                      "Rows Removed by Index Recheck": 0,
                      "Exact Heap Blocks": 1565,
                      "Lossy Heap Blocks": 0,
                      "Plans": [
                        {
                          "Node Type": "Bitmap Index Scan",
                          "Parent Relationship": "Outer",
                          "Parallel Aware": false,
                          "Index Name": "company_id_movie_companies",
                          "Startup Cost": 0.0,
                          "Total Cost": 60.0,
                          "Plan Rows": 2609,
                          "Plan Width": 0,
                          "Actual Startup Time": 1.348,
                          "Actual Total Time": 1.348,
                          "Actual Rows": 2869,
                          "Actual Loops": 1,
                          "Index Cond": "(company_id = 11339)"
                        }
                      ]
                    },
                    {
                      "Node Type": "Index Only Scan",
                      "Parent Relationship": "Inner",
                      "Parallel Aware": false,
                      "Scan Direction": "Forward",
                      "Index Name": "title_pkey",
                      "Relation Name": "title",
                      "Alias": "t",
                      "Startup Cost": 0.43,
                      "Total Cost": 7.8,
                      "Plan Rows": 1,
                      "Plan Width": 4,
                      "Actual Startup Time": 0.006,
                      "Actual Total Time": 0.006,
                      "Actual Rows": 1,
                      "Actual Loops": 2869,
                      "Index Cond": "(id = mc.movie_id)",
                      "Rows Removed by Index Recheck": 0,
                      "Heap Fetches": 2869
                    }
                  ]
                }
              ]
            }
          ]
        }
      ]
    },
    "Planning Time": 0.325,
    "Triggers": [],
    "Execution Time": 18.46
  }
]