[
  {
    "Plan": {
      "Node Type": "Aggregate",
      "Strategy": "Plain",
      "Partial Mode": "Finalize",
      "Parallel Aware": false,
      "Startup Cost": 46514.93,
      "Total Cost": 46514.94,
      "Plan Rows": 1,
      "Plan Width": 8,
      "Actual Startup Time": 157.311,
      "Actual Total Time": 166.636,
      "Actual Rows": 1,
      "Actual Loops": 1,
      "Plans": [
        {
          "Node Type": "Gather",
          "Parent Relationship": "Outer",
          "Parallel Aware": false,
          "Startup Cost": 46514.62,
          "Total Cost": 46514.93,
          "Plan Rows": 3,
          "Plan Width": 8,
          "Actual Startup Time": 157.128,
          "Actual Total Time": 166.622,
          "Actual Rows": 4,
          "Actual Loops": 1,
          "Workers Planned": 3,
          "Workers Launched": 3,
          "Single Copy": false,
          "Plans": [
            {
              "Node Type": "Aggregate",
              "Strategy": "Plain",
              "Partial Mode": "Partial",
              "Parent Relationship": "Outer",
              "Parallel Aware": false,
              "Startup Cost": 45514.62,
              "Total Cost": 45514.63,
              "Plan Rows": 1,
              "Plan Width": 8,
              "Actual Startup Time": 151.625,
              "Actual Total Time": 151.626,
              "Actual Rows": 1,
              "Actual Loops": 4,
              "Plans": [
                {
                  "Node Type": "Seq Scan",
                  "Parent Relationship": "Outer",
                  "Parallel Aware": true,
                  "Relation Name": "movie_keyword",
                  "Alias": "mk",
                  "Startup Cost": 0.0,
                  "Total Cost": 42695.65,
                  "Plan Rows": 1127585,
                  "Plan Width": 0,
                  "Actual Startup Time": 0.16,
                  "Actual Total Time": 114.966,
                  "Actual Rows": 873894,
                  "Actual Loops": 4,
                  "Filter": "(keyword_id > 1002)",
                  "Rows Removed by Filter": 257089
                }
              ]
            }
          ]
        }
      ]
    },
    "Planning Time": 0.189,
    "Triggers": [],
    "Execution Time": 166.69
  }
]