[
  {
    "Plan": {
      "Node Type": "Aggregate",
      "Strategy": "Plain",
      "Partial Mode": "Finalize",
      "Parallel Aware": false,
      "Startup Cost": 39640.52,
      "Total Cost": 39640.53,
      "Plan Rows": 1,
      "Plan Width": 8,
      "Actual Startup Time": 34.507,
      "Actual Total Time": 38.424,
      "Actual Rows": 1,
      "Actual Loops": 1,
      "Plans": [
        {
          "Node Type": "Gather",
          "Parent Relationship": "Outer",
          "Parallel Aware": false,
          "Startup Cost": 39640.1,
          "Total Cost": 39640.51,
          "Plan Rows": 4,
          "Plan Width": 8,
          "Actual Startup Time": 34.244,
          "Actual Total Time": 38.42,
          "Actual Rows": 5,
          "Actual Loops": 1,
          "Workers Planned": 4,
          "Workers Launched": 4,
          "Single Copy": false,
          "Plans": [
            {
              "Node Type": "Aggregate",
              "Strategy": "Plain",
              "Partial Mode": "Partial",
              "Parent Relationship": "Outer",
              "Parallel Aware": false,
              "Startup Cost": 38640.1,
              "Total Cost": 38640.11,
              "Plan Rows": 1,
              "Plan Width": 8,
              "Actual Startup Time": 28.33,
              "Actual Total Time": 28.332,
              "Actual Rows": 1,
              "Actual Loops": 5,
              "Plans": [
                {
                  "Node Type": "Nested Loop",
                  "Parent Relationship": "Outer",
                  "Parallel Aware": false,
                  "Join Type": "Inner",
                  "Startup Cost": 1801.29,
                  "Total Cost": 38639.8,
                  "Plan Rows": 121,
                  "Plan Width": 0,
                  "Actual Startup Time": 6.769,
                  "Actual Total Time": 28.305,
                  "Actual Rows": 175,
                  "Actual Loops": 5,
                  "Inner Unique": false,
                  "Join Filter": "(t.id = mi.movie_id)",
                  "Rows Removed by Join Filter": 0,
                  "Plans": [
                    {
                      "Node Type": "Nested Loop",
                      "Parent Relationship": "Outer",
                      "Parallel Aware": false,
                      "Join Type": "Inner",
                      "Startup Cost": 1800.85,
                      "Total Cost": 38599.13,
                      "Plan Rows": 21,
                      "Plan Width": 8,
                      "Actual Startup Time": 6.646,
                      "Actual Total Time": 26.785,
                      "Actual Rows": 27,
                      "Actual Loops": 5,
                      "Inner Unique": false,
                      "Plans": [
                        {
                          "Node Type": "Bitmap Heap Scan",
                          "Parent Relationship": "Outer",
                          "Parallel Aware": true,
                          "Relation Name": "title",
                          "Alias": "t",
                          "Startup Cost": 1800.42,
                          "Total Cost": 38176.4,
                          "Plan Rows": 20,
                          "Plan Width": 4,
                          "Actual Startup Time": 6.513,
                          "Actual Total Time": 26.131,
                          "Actual Rows": 24,
                          "Actual Loops": 5,
                          "Recheck Cond": "(kind_id = 3)",
                          "Rows Removed by Index Recheck": 0,
                          "Filter": "(production_year = 1939)",
                          "Rows Removed by Filter": 20084,
                          "Exact Heap Blocks": 6345,
                          "Lossy Heap Blocks": 0,
                          "Plans": [
                            {
                              "Node Type": "Bitmap Index Scan",
                              "Parent Relationship": "Outer",
                              "Parallel Aware": false,
                              "Index Name": "kind_id_title",
                              "Startup Cost": 0.0,
                              "Total Cost": 1800.4,
                              "Plan Rows": 100796,
                              "Plan Width": 0,
                              "Actual Startup Time": 5.049,
                              "Actual Total Time": 5.05,
                              "Actual Rows": 100537,
                              "Actual Loops": 1,
                              "Index Cond": "(kind_id = 3)"
                            }
                          ]
                        },
                        {
                          "Node Type": "Index Only Scan",
                          "Parent Relationship": "Inner",
                          "Parallel Aware": false,
                          "Scan Direction": "Forward",
                          "Index Name": "movie_id_movie_companies",
                          "Relation Name": "movie_companies",
                          "Alias": "mc",
                          "Startup Cost": 0.43,
                          "Total Cost": 21.09,
                          "Plan Rows": 5,
                          "Plan Width": 4,
                          "Actual Startup Time": 0.025,
                          "Actual Total Time": 0.026,
                          "Actual Rows": 1,
                          "Actual Loops": 119,
                          "Index Cond": "(movie_id = t.id)",
                          "Rows Removed by Index Recheck": 0,
                          "Heap Fetches": 133
                        }
                      ]
                    },
                    {
                      "Node Type": "Index Only Scan",
                      "Parent Relationship": "Inner",
                      "Parallel Aware": false,
                      "Scan Direction": "Forward",
                      "Index Name": "movie_id_movie_info",
                      "Relation Name": "movie_info",
                      "Alias": "mi",
                      "Startup Cost": 0.43,
                      "Total Cost": 1.45,
                      "Plan Rows": 39,
                      "Plan Width": 4,
                      "Actual Startup Time": 0.026,
                      "Actual Total Time": 0.055,
                      "Actual Rows": 7,
                      "Actual Loops": 133,
                      "Index Cond": "(movie_id = mc.movie_id)",
                      "Rows Removed by Index Recheck": 0,
                      "Heap Fetches": 877
                    }
                  ]
                }
              ]
            }
          ]
        }
      ]
    },
    "Planning Time": 0.452,
    "Triggers": [],
    "Execution Time": 38.464
  }
]