{
    "Plan": {
        "Node Type": "Aggregate",
        "Strategy": "Plain",
        "Partial Mode": "Finalize",
        "Parallel Aware": false,
        "Startup Cost": 45863.46,
        "Total Cost": 45863.47,
        "Plan Rows": 1,
        "Plan Width": 8,
        "Actual Startup Time": 207.64,
        "Actual Total Time": 221.406,
        "Actual Rows": 1,
        "Actual Loops": 1,
        "Output": [
            "count(*)"
        ],
        "Plans": [
            {
                "Node Type": "Gather",
                "Parent Relationship": "Outer",
                "Parallel Aware": false,
                "Startup Cost": 45863.14,
                "Total Cost": 45863.45,
                "Plan Rows": 3,
                "Plan Width": 8,
                "Actual Startup Time": 207.529,
                "Actual Total Time": 221.398,
                "Actual Rows": 4,
                "Actual Loops": 1,
                "Output": [
                    "(PARTIAL count(*))"
                ],
                "Workers Planned": 3,
                "Workers Launched": 3,
                "Single Copy": false,
                "Plans": [
                    {
                        "Node Type": "Aggregate",
                        "Strategy": "Plain",
                        "Partial Mode": "Partial",
                        "Parent Relationship": "Outer",
                        "Parallel Aware": false,
                        "Startup Cost": 44863.14,
                        "Total Cost": 44863.15,
                        "Plan Rows": 1,
                        "Plan Width": 8,
                        "Actual Startup Time": 200.459,
                        "Actual Total Time": 200.46,
                        "Actual Rows": 1,
                        "Actual Loops": 4,
                        "Output": [
                            "PARTIAL count(*)"
                        ],
                        "Workers": [
                            {
                                "Worker Number": 0,
                                "Actual Startup Time": 197.595,
                                "Actual Total Time": 197.597,
                                "Actual Rows": 1,
                                "Actual Loops": 1
                            },
                            {
                                "Worker Number": 1,
                                "Actual Startup Time": 197.13,
                                "Actual Total Time": 197.131,
                                "Actual Rows": 1,
                                "Actual Loops": 1
                            },
                            {
                                "Worker Number": 2,
                                "Actual Startup Time": 200.616,
                                "Actual Total Time": 200.617,
                                "Actual Rows": 1,
                                "Actual Loops": 1
                            }
                        ],
                        "Plans": [
                            {
                                "Node Type": "Seq Scan",
                                "Parent Relationship": "Outer",
                                "Parallel Aware": true,
                                "Relation Name": "movie_keyword",
                                "Schema": "public",
                                "Alias": "mk",
                                "Startup Cost": 0.0,
                                "Total Cost": 42695.65,
                                "Plan Rows": 866996,
                                "Plan Width": 0,
                                "Actual Startup Time": 0.759,
                                "Actual Total Time": 161.619,
                                "Actual Rows": 670799,
                                "Actual Loops": 4,
                                "Output": [
                                    "id",
                                    "movie_id",
                                    "keyword_id"
                                ],
                                "Filter": "(mk.keyword_id > 3042)",
                                "Rows Removed by Filter": 460184,
                                "Workers": [
                                    {
                                        "Worker Number": 0,
                                        "Actual Startup Time": 0.064,
                                        "Actual Total Time": 160.311,
                                        "Actual Rows": 577617,
                                        "Actual Loops": 1
                                    },
                                    {
                                        "Worker Number": 1,
                                        "Actual Startup Time": 0.07,
                                        "Actual Total Time": 158.36,
                                        "Actual Rows": 587537,
                                        "Actual Loops": 1
                                    },
                                    {
                                        "Worker Number": 2,
                                        "Actual Startup Time": 0.054,
                                        "Actual Total Time": 161.625,
                                        "Actual Rows": 585599,
                                        "Actual Loops": 1
                                    }
                                ]
                            }
                        ]
                    }
                ]
            }
        ]
    },
    "Planning Time": 1.874,
    "Triggers": [],
    "Execution Time": 221.696
}