[
  {
    "Plan": {
      "Node Type": "Aggregate",
      "Strategy": "Plain",
      "Partial Mode": "Finalize",
      "Parallel Aware": false,
      "Startup Cost": 46087.06,
      "Total Cost": 46087.07,
      "Plan Rows": 1,
      "Plan Width": 8,
      "Actual Startup Time": 43.337,
      "Actual Total Time": 51.645,
      "Actual Rows": 1,
      "Actual Loops": 1,
      "Plans": [
        {
          "Node Type": "Gather",
          "Parent Relationship": "Outer",
          "Parallel Aware": false,
          "Startup Cost": 46086.85,
          "Total Cost": 46087.06,
          "Plan Rows": 2,
          "Plan Width": 8,
          "Actual Startup Time": 43.172,
          "Actual Total Time": 51.64,
          "Actual Rows": 3,
          "Actual Loops": 1,
          "Workers Planned": 2,
          "Workers Launched": 2,
          "Single Copy": false,
          "Plans": [
            {
              "Node Type": "Aggregate",
              "Strategy": "Plain",
              "Partial Mode": "Partial",
              "Parent Relationship": "Outer",
              "Parallel Aware": false,
              "Startup Cost": 45086.85,
              "Total Cost": 45086.86,
              "Plan Rows": 1,
              "Plan Width": 8,
              "Actual Startup Time": 38.901,
              "Actual Total Time": 38.902,
              "Actual Rows": 1,
              "Actual Loops": 3,
              "Plans": [
                {
                  "Node Type": "Nested Loop",
                  "Parent Relationship": "Outer",
                  "Parallel Aware": false,
                  "Join Type": "Inner",
                  "Startup Cost": 207.66,
                  "Total Cost": 45083.26,
                  "Plan Rows": 1435,
                  "Plan Width": 0,
                  "Actual Startup Time": 5.14,
                  "Actual Total Time": 38.79,
                  "Actual Rows": 514,
                  "Actual Loops": 3,
                  "Inner Unique": true,
                  "Plans": [
                    {
                      "Node Type": "Bitmap Heap Scan",
                      "Parent Relationship": "Outer",
                      "Parallel Aware": true,
                      "Relation Name": "movie_keyword",
                      "Alias": "mk",
                      "Startup Cost": 207.23,
                      "Total Cost": 18617.01,
                      "Plan Rows": 4021,
                      "Plan Width": 4,
                      "Actual Startup Time": 4.992,
                      "Actual Total Time": 15.655,
                      "Actual Rows": 2443,
                      "Actual Loops": 3,
                      "Recheck Cond": "(keyword_id = 229)",
                      "Rows Removed by Index Recheck": 0,
                      "Exact Heap Blocks": 4279,
                      "Lossy Heap Blocks": 0,
                      "Plans": [
                        {
                          "Node Type": "Bitmap Index Scan",
                          "Parent Relationship": "Outer",
                          "Parallel Aware": false,
                          "Index Name": "keyword_id_movie_keyword",
                          "Startup Cost": 0.0,
                          "Total Cost": 204.81,
                          "Plan Rows": 9651,
                          "Plan Width": 0,
                          "Actual Startup Time": 5.391,
                          "Actual Total Time": 5.391,
                          "Actual Rows": 7328,
                          "Actual Loops": 1,
                          "Index Cond": "(keyword_id = 229)"
                        }
                      ]
                    },
                    {
                      "Node Type": "Index Scan",
                      "Parent Relationship": "Inner",
                      "Parallel Aware": false,
                      "Scan Direction": "Forward",
                      "Index Name": "title_pkey",
                      "Relation Name": "title",
                      "Alias": "t",
                      "Startup Cost": 0.43,
                      "Total Cost": 6.58,
                      "Plan Rows": 1,
                      "Plan Width": 4,
                      "Actual Startup Time": 0.009,
                      "Actual Total Time": 0.009,
                      "Actual Rows": 0,
                      "Actual Loops": 7328,
                      "Index Cond": "(id = mk.movie_id)",
                      "Rows Removed by Index Recheck": 0,
                      "Filter": "(production_year > 2006)",
                      "Rows Removed by Filter": 1
                    }
                  ]
                }
              ]
            }
          ]
        }
      ]
    },
    "Planning Time": 0.415,
    "Triggers": [],
    "Execution Time": 51.71
  }
]