[
    {
        "Bao": {
            "Bao prediction": "NaN",
            "Bao recommended hint": "(no hint)"
        }
    },
    {
        "Plan": {
            "Node Type": "Aggregate",
            "Strategy": "Plain",
            "Partial Mode": "Finalize",
            "Parallel Aware": false,
            "Startup Cost": 36902.0,
            "Total Cost": 36902.01,
            "Plan Rows": 1,
            "Plan Width": 8,
            "Actual Startup Time": 31.213,
            "Actual Total Time": 34.713,
            "Actual Rows": 1,
            "Actual Loops": 1,
            "Output": [
                "count(*)"
            ],
            "Plans": [
                {
                    "Node Type": "Gather",
                    "Parent Relationship": "Outer",
                    "Parallel Aware": false,
                    "Startup Cost": 36901.68,
                    "Total Cost": 36901.99,
                    "Plan Rows": 3,
                    "Plan Width": 8,
                    "Actual Startup Time": 30.963,
                    "Actual Total Time": 34.708,
                    "Actual Rows": 4,
                    "Actual Loops": 1,
                    "Output": [
                        "(PARTIAL count(*))"
                    ],
                    "Workers Planned": 3,
                    "Workers Launched": 3,
                    "Single Copy": false,
                    "Plans": [
                        {
                            "Node Type": "Aggregate",
                            "Strategy": "Plain",
                            "Partial Mode": "Partial",
                            "Parent Relationship": "Outer",
                            "Parallel Aware": false,
                            "Startup Cost": 35901.68,
                            "Total Cost": 35901.69,
                            "Plan Rows": 1,
                            "Plan Width": 8,
                            "Actual Startup Time": 22.251,
                            "Actual Total Time": 22.252,
                            "Actual Rows": 1,
                            "Actual Loops": 4,
                            "Output": [
                                "PARTIAL count(*)"
                            ],
                            "Workers": [
                                {
                                    "Worker Number": 0,
                                    "Actual Startup Time": 19.079,
                                    "Actual Total Time": 19.081,
                                    "Actual Rows": 1,
                                    "Actual Loops": 1
                                },
                                {
                                    "Worker Number": 1,
                                    "Actual Startup Time": 19.552,
                                    "Actual Total Time": 19.554,
                                    "Actual Rows": 1,
                                    "Actual Loops": 1
                                },
                                {
                                    "Worker Number": 2,
                                    "Actual Startup Time": 19.784,
                                    "Actual Total Time": 19.786,
                                    "Actual Rows": 1,
                                    "Actual Loops": 1
                                }
                            ],
                            "Plans": [
                                {
                                    "Node Type": "Nested Loop",
                                    "Parent Relationship": "Outer",
                                    "Parallel Aware": false,
                                    "Join Type": "Inner",
                                    "Startup Cost": 221.2,
                                    "Total Cost": 35899.34,
                                    "Plan Rows": 934,
                                    "Plan Width": 0,
                                    "Actual Startup Time": 1.793,
                                    "Actual Total Time": 22.086,
                                    "Actual Rows": 1426,
                                    "Actual Loops": 4,
                                    "Inner Unique": false,
                                    "Workers": [
                                        {
                                            "Worker Number": 0,
                                            "Actual Startup Time": 0.909,
                                            "Actual Total Time": 18.98,
                                            "Actual Rows": 384,
                                            "Actual Loops": 1
                                        },
                                        {
                                            "Worker Number": 1,
                                            "Actual Startup Time": 0.483,
                                            "Actual Total Time": 19.463,
                                            "Actual Rows": 354,
                                            "Actual Loops": 1
                                        },
                                        {
                                            "Worker Number": 2,
                                            "Actual Startup Time": 0.472,
                                            "Actual Total Time": 19.686,
                                            "Actual Rows": 429,
                                            "Actual Loops": 1
                                        }
                                    ],
                                    "Plans": [
                                        {
                                            "Node Type": "Bitmap Heap Scan",
                                            "Parent Relationship": "Outer",
                                            "Parallel Aware": true,
                                            "Relation Name": "title",
                                            "Schema": "public",
                                            "Alias": "t",
                                            "Startup Cost": 220.78,
                                            "Total Cost": 25087.39,
                                            "Plan Rows": 1711,
                                            "Plan Width": 4,
                                            "Actual Startup Time": 1.502,
                                            "Actual Total Time": 12.811,
                                            "Actual Rows": 896,
                                            "Actual Loops": 4,
                                            "Output": [
                                                "t.id",
                                                "t.title",
                                                "t.imdb_index",
                                                "t.kind_id",
                                                "t.production_year",
                                                "t.imdb_id",
                                                "t.phonetic_code",
                                                "t.episode_of_id",
                                                "t.season_nr",
                                                "t.episode_nr",
                                                "t.series_years",
                                                "t.md5sum"
                                            ],
                                            "Recheck Cond": "(t.kind_id = 6)",
                                            "Rows Removed by Index Recheck": 0,
                                            "Filter": "(t.production_year > 2004)",
                                            "Rows Removed by Filter": 2254,
                                            "Exact Heap Blocks": 6377,
                                            "Lossy Heap Blocks": 0,
                                            "Workers": [
                                                {
                                                    "Worker Number": 0,
                                                    "Actual Startup Time": 0.177,
                                                    "Actual Total Time": 10.556,
                                                    "Actual Rows": 225,
                                                    "Actual Loops": 1
                                                },
                                                {
                                                    "Worker Number": 1,
                                                    "Actual Startup Time": 0.277,
                                                    "Actual Total Time": 11.351,
                                                    "Actual Rows": 216,
                                                    "Actual Loops": 1
                                                },
                                                {
                                                    "Worker Number": 2,
                                                    "Actual Startup Time": 0.281,
                                                    "Actual Total Time": 10.973,
                                                    "Actual Rows": 264,
                                                    "Actual Loops": 1
                                                }
                                            ],
                                            "Plans": [
                                                {
                                                    "Node Type": "Bitmap Index Scan",
                                                    "Parent Relationship": "Outer",
                                                    "Parallel Aware": false,
                                                    "Index Name": "kind_id_title",
                                                    "Startup Cost": 0.0,
                                                    "Total Cost": 219.45,
                                                    "Plan Rows": 12136,
                                                    "Plan Width": 0,
                                                    "Actual Startup Time": 3.363,
                                                    "Actual Total Time": 3.363,
                                                    "Actual Rows": 12600,
                                                    "Actual Loops": 1,
                                                    "Index Cond": "(t.kind_id = 6)"
                                                }
                                            ]
                                        },
                                        {
                                            "Node Type": "Index Only Scan",
                                            "Parent Relationship": "Inner",
                                            "Parallel Aware": false,
                                            "Scan Direction": "Forward",
                                            "Index Name": "movie_id_movie_info_idx",
                                            "Relation Name": "movie_info_idx",
                                            "Schema": "public",
                                            "Alias": "mi_idx",
                                            "Startup Cost": 0.43,
                                            "Total Cost": 6.29,
                                            "Plan Rows": 3,
                                            "Plan Width": 4,
                                            "Actual Startup Time": 0.009,
                                            "Actual Total Time": 0.01,
                                            "Actual Rows": 2,
                                            "Actual Loops": 3582,
                                            "Output": [
                                                "mi_idx.movie_id"
                                            ],
                                            "Index Cond": "(mi_idx.movie_id = t.id)",
                                            "Rows Removed by Index Recheck": 0,
                                            "Heap Fetches": 5706,
                                            "Workers": [
                                                {
                                                    "Worker Number": 0,
                                                    "Actual Startup Time": 0.034,
                                                    "Actual Total Time": 0.035,
                                                    "Actual Rows": 2,
                                                    "Actual Loops": 225
                                                },
                                                {
                                                    "Worker Number": 1,
                                                    "Actual Startup Time": 0.035,
                                                    "Actual Total Time": 0.036,
                                                    "Actual Rows": 2,
                                                    "Actual Loops": 216
                                                },
                                                {
                                                    "Worker Number": 2,
                                                    "Actual Startup Time": 0.03,
                                                    "Actual Total Time": 0.031,
                                                    "Actual Rows": 2,
                                                    "Actual Loops": 264
                                                }
                                            ]
                                        }
                                    ]
                                }
                            ]
                        }
                    ]
                }
            ]
        },
        "Planning Time": 201.535,
        "Triggers": [],
        "Execution Time": 34.783
    }
]