[
  {
    "Plan": {
      "Node Type": "Aggregate",
      "Strategy": "Plain",
      "Partial Mode": "Finalize",
      "Parallel Aware": false,
      "Startup Cost": 89567.75,
      "Total Cost": 89567.76,
      "Plan Rows": 1,
      "Plan Width": 8,
      "Actual Startup Time": 273.909,
      "Actual Total Time": 291.628,
      "Actual Rows": 1,
      "Actual Loops": 1,
      "Plans": [
        {
          "Node Type": "Gather",
          "Parent Relationship": "Outer",
          "Parallel Aware": false,
          "Startup Cost": 89567.43,
          "Total Cost": 89567.74,
          "Plan Rows": 3,
          "Plan Width": 8,
          "Actual Startup Time": 273.568,
          "Actual Total Time": 291.616,
          "Actual Rows": 4,
          "Actual Loops": 1,
          "Workers Planned": 3,
          "Workers Launched": 3,
          "Single Copy": false,
          "Plans": [
            {
              "Node Type": "Aggregate",
              "Strategy": "Plain",
              "Partial Mode": "Partial",
              "Parent Relationship": "Outer",
              "Parallel Aware": false,
              "Startup Cost": 88567.43,
              "Total Cost": 88567.44,
              "Plan Rows": 1,
              "Plan Width": 8,
              "Actual Startup Time": 268.273,
              "Actual Total Time": 268.275,
              "Actual Rows": 1,
              "Actual Loops": 4,
              "Plans": [
                {
                  "Node Type": "Hash Join",
                  "Parent Relationship": "Outer",
                  "Parallel Aware": true,
                  "Join Type": "Inner",
                  "Startup Cost": 45623.09,
                  "Total Cost": 88501.17,
                  "Plan Rows": 26505,
                  "Plan Width": 0,
                  "Actual Startup Time": 98.268,
                  "Actual Total Time": 268.122,
                  "Actual Rows": 2868,
                  "Actual Loops": 4,
                  "Inner Unique": true,
                  "Hash Cond": "(mk.movie_id = t.id)",
                  "Plans": [
                    {
                      "Node Type": "Seq Scan",
                      "Parent Relationship": "Outer",
                      "Parallel Aware": true,
                      "Relation Name": "movie_keyword",
                      "Alias": "mk",
                      "Startup Cost": 0.0,
                      "Total Cost": 39047.32,
                      "Plan Rows": 1459332,
                      "Plan Width": 4,
                      "Actual Startup Time": 0.029,
                      "Actual Total Time": 88.719,
                      "Actual Rows": 1130982,
                      "Actual Loops": 4
                    },
                    {
                      "Node Type": "Hash",
                      "Parent Relationship": "Inner",
                      "Parallel Aware": true,
                      "Startup Cost": 45479.59,
                      "Total Cost": 45479.59,
                      "Plan Rows": 11480,
                      "Plan Width": 4,
                      "Actual Startup Time": 96.651,
                      "Actual Total Time": 96.652,
                      "Actual Rows": 10389,
                      "Actual Loops": 4,
                      "Hash Buckets": 65536,
                      "Original Hash Buckets": 65536,
                      "Hash Batches": 1,
                      "Original Hash Batches": 1,
                      "Peak Memory Usage": 2208,
                      "Plans": [
                        {
                          "Node Type": "Seq Scan",
                          "Parent Relationship": "Outer",
                          "Parallel Aware": true,
                          "Relation Name": "title",
                          "Alias": "t",
                          "Startup Cost": 0.0,
                          "Total Cost": 45479.59,
                          "Plan Rows": 11480,
                          "Plan Width": 4,
                          "Actual Startup Time": 0.04,
                          "Actual Total Time": 92.289,
                          "Actual Rows": 10389,
                          "Actual Loops": 4,
                          "Filter": "((kind_id > 3) AND (production_year > 2012))",
                          "Rows Removed by Filter": 621689
                        }
                      ]
                    }
                  ]
                }
              ]
            }
          ]
        }
      ]
    },
    "Planning Time": 0.239,
    "Triggers": [],
    "Execution Time": 291.667
  }
]