[
  {
    "Plan": {
      "Node Type": "Aggregate",
      "Strategy": "Plain",
      "Partial Mode": "Finalize",
      "Parallel Aware": false,
      "Startup Cost": 102356.33,
      "Total Cost": 102356.34,
      "Plan Rows": 1,
      "Plan Width": 8,
      "Actual Startup Time": 745.941,
      "Actual Total Time": 765.066,
      "Actual Rows": 1,
      "Actual Loops": 1,
      "Plans": [
        {
          "Node Type": "Gather",
          "Parent Relationship": "Outer",
          "Parallel Aware": false,
          "Startup Cost": 102356.12,
          "Total Cost": 102356.33,
          "Plan Rows": 2,
          "Plan Width": 8,
          "Actual Startup Time": 735.711,
          "Actual Total Time": 765.058,
          "Actual Rows": 3,
          "Actual Loops": 1,
          "Workers Planned": 2,
          "Workers Launched": 2,
          "Single Copy": false,
          "Plans": [
            {
              "Node Type": "Aggregate",
              "Strategy": "Plain",
              "Partial Mode": "Partial",
              "Parent Relationship": "Outer",
              "Parallel Aware": false,
              "Startup Cost": 101356.12,
              "Total Cost": 101356.13,
              "Plan Rows": 1,
              "Plan Width": 8,
              "Actual Startup Time": 726.881,
              "Actual Total Time": 726.887,
              "Actual Rows": 1,
              "Actual Loops": 3,
              "Plans": [
                {
                  "Node Type": "Hash Join",
                  "Parent Relationship": "Outer",
                  "Parallel Aware": true,
                  "Join Type": "Inner",
                  "Startup Cost": 85065.45,
                  "Total Cost": 101159.98,
                  "Plan Rows": 78454,
                  "Plan Width": 0,
                  "Actual Startup Time": 606.94,
                  "Actual Total Time": 716.101,
                  "Actual Rows": 269433,
                  "Actual Loops": 3,
                  "Inner Unique": false,
                  "Hash Cond": "(mi_idx.movie_id = t.id)",
                  "Plans": [
                    {
                      "Node Type": "Seq Scan",
                      "Parent Relationship": "Outer",
                      "Parallel Aware": true,
                      "Relation Name": "movie_info_idx",
                      "Alias": "mi_idx",
                      "Startup Cost": 0.0,
                      "Total Cost": 13685.15,
                      "Plan Rows": 575015,
                      "Plan Width": 4,
                      "Actual Startup Time": 0.058,
                      "Actual Total Time": 34.794,
                      "Actual Rows": 460012,
                      "Actual Loops": 3
                    },
                    {
                      "Node Type": "Hash",
                      "Parent Relationship": "Inner",
                      "Parallel Aware": true,
                      "Startup Cost": 83674.51,
                      "Total Cost": 83674.51,
                      "Plan Rows": 111275,
                      "Plan Width": 8,
                      "Actual Startup Time": 602.864,
                      "Actual Total Time": 602.869,
                      "Actual Rows": 121231,
                      "Actual Loops": 3,
                      "Hash Buckets": 524288,
                      "Original Hash Buckets": 524288,
                      "Hash Batches": 1,
                      "Original Hash Batches": 1,
                      "Peak Memory Usage": 18368,
                      "Plans": [
                        {
                          "Node Type": "Hash Join",
                          "Parent Relationship": "Outer",
                          "Parallel Aware": true,
                          "Join Type": "Inner",
                          "Startup Cost": 57537.47,
                          "Total Cost": 83674.51,
                          "Plan Rows": 111275,
                          "Plan Width": 8,
                          "Actual Startup Time": 462.799,
                          "Actual Total Time": 569.526,
                          "Actual Rows": 121231,
                          "Actual Loops": 3,
                          "Inner Unique": true,
                          "Hash Cond": "(mk.movie_id = t.id)",
                          "Plans": [
                            {
                              "Node Type": "Bitmap Heap Scan",
                              "Parent Relationship": "Outer",
                              "Parallel Aware": true,
                              "Relation Name": "movie_keyword",
                              "Alias": "mk",
                              "Startup Cost": 7317.83,
                              "Total Cost": 33162.77,
                              "Plan Rows": 111275,
                              "Plan Width": 4,
                              "Actual Startup Time": 24.192,
                              "Actual Total Time": 79.934,
                              "Actual Rows": 121231,
                              "Actual Loops": 3,
                              "Recheck Cond": "(keyword_id < 335)",
                              "Rows Removed by Index Recheck": 0,
                              "Exact Heap Blocks": 8855,
                              "Lossy Heap Blocks": 0,
                              "Plans": [
                                {
                                  "Node Type": "Bitmap Index Scan",
                                  "Parent Relationship": "Outer",
                                  "Parallel Aware": false,
                                  "Index Name": "keyword_id_movie_keyword",
                                  "Startup Cost": 0.0,
                                  "Total Cost": 7231.59,
                                  "Plan Rows": 344954,
                                  "Plan Width": 0,
                                  "Actual Startup Time": 20.418,
                                  "Actual Total Time": 20.418,
                                  "Actual Rows": 363692,
                                  "Actual Loops": 1,
                                  "Index Cond": "(keyword_id < 335)"
                                }
                              ]
                            },
                            {
                              "Node Type": "Hash",
                              "Parent Relationship": "Inner",
                              "Parallel Aware": true,
                              "Startup Cost": 42318.73,
                              "Total Cost": 42318.73,
                              "Plan Rows": 632073,
                              "Plan Width": 4,
                              "Actual Startup Time": 425.883,
                              "Actual Total Time": 425.884,
                              "Actual Rows": 842771,
                              "Actual Loops": 3,
                              "Hash Buckets": 4194304,
                              "Original Hash Buckets": 4194304,
                              "Hash Batches": 1,
                              "Original Hash Batches": 1,
                              "Peak Memory Usage": 131712,
                              "Plans": [
                                {
                                  "Node Type": "Seq Scan",
                                  "Parent Relationship": "Outer",
                                  "Parallel Aware": true,
                                  "Relation Name": "title",
                                  "Alias": "t",
                                  "Startup Cost": 0.0,
                                  "Total Cost": 42318.73,
                                  "Plan Rows": 632073,
                                  "Plan Width": 4,
                                  "Actual Startup Time": 0.044,
                                  "Actual Total Time": 117.045,
                                  "Actual Rows": 842771,
                                  "Actual Loops": 3
                                }
                              ]
                            }
                          ]
                        }
                      ]
                    }
                  ]
                }
              ]
            }
          ]
        }
      ]
    },
    "Planning Time": 1.341,
    "Triggers": [],
    "Execution Time": 765.176
  }
]