[
  {
    "Plan": {
      "Node Type": "Aggregate",
      "Strategy": "Plain",
      "Partial Mode": "Finalize",
      "Parallel Aware": false,
      "Startup Cost": 325065.09,
      "Total Cost": 325065.1,
      "Plan Rows": 1,
      "Plan Width": 8,
      "Actual Startup Time": 4696.742,
      "Actual Total Time": 4743.857,
      "Actual Rows": 1,
      "Actual Loops": 1,
      "Plans": [
        {
          "Node Type": "Gather",
          "Parent Relationship": "Outer",
          "Parallel Aware": false,
          "Startup Cost": 325064.77,
          "Total Cost": 325065.08,
          "Plan Rows": 3,
          "Plan Width": 8,
          "Actual Startup Time": 4674.949,
          "Actual Total Time": 4743.847,
          "Actual Rows": 4,
          "Actual Loops": 1,
          "Workers Planned": 3,
          "Workers Launched": 3,
          "Single Copy": false,
          "Plans": [
            {
              "Node Type": "Aggregate",
              "Strategy": "Plain",
              "Partial Mode": "Partial",
              "Parent Relationship": "Outer",
              "Parallel Aware": false,
              "Startup Cost": 324064.77,
              "Total Cost": 324064.78,
              "Plan Rows": 1,
              "Plan Width": 8,
              "Actual Startup Time": 4649.064,
              "Actual Total Time": 4650.017,
              "Actual Rows": 1,
              "Actual Loops": 4,
              "Plans": [
                {
                  "Node Type": "Hash Join",
                  "Parent Relationship": "Outer",
                  "Parallel Aware": true,
                  "Join Type": "Inner",
                  "Startup Cost": 265199.66,
                  "Total Cost": 317637.51,
                  "Plan Rows": 2570904,
                  "Plan Width": 0,
                  "Actual Startup Time": 1561.256,
                  "Actual Total Time": 3606.084,
                  "Actual Rows": 25301555,
                  "Actual Loops": 4,
                  "Inner Unique": false,
                  "Hash Cond": "(mk.movie_id = t.id)",
                  "Plans": [
                    {
                      "Node Type": "Seq Scan",
                      "Parent Relationship": "Outer",
                      "Parallel Aware": true,
                      "Relation Name": "movie_keyword",
                      "Alias": "mk",
                      "Startup Cost": 0.0,
                      "Total Cost": 42695.65,
                      "Plan Rows": 1226770,
                      "Plan Width": 4,
                      "Actual Startup Time": 0.021,
                      "Actual Total Time": 113.437,
                      "Actual Rows": 952704,
                      "Actual Loops": 4,
                      "Filter": "(keyword_id < 26476)",
                      "Rows Removed by Filter": 178278
                    },
                    {
                      "Node Type": "Hash",
                      "Parent Relationship": "Inner",
                      "Parallel Aware": true,
                      "Startup Cost": 251953.5,
                      "Total Cost": 251953.5,
                      "Plan Rows": 1059693,
                      "Plan Width": 8,
                      "Actual Startup Time": 1544.712,
                      "Actual Total Time": 1545.664,
                      "Actual Rows": 1317642,
                      "Actual Loops": 4,
                      "Hash Buckets": 8388608,
                      "Original Hash Buckets": 8388608,
                      "Hash Batches": 1,
                      "Original Hash Batches": 1,
                      "Peak Memory Usage": 271808,
                      "Plans": [
                        {
                          "Node Type": "Hash Join",
                          "Parent Relationship": "Outer",
                          "Parallel Aware": true,
                          "Join Type": "Inner",
                          "Startup Cost": 50219.64,
                          "Total Cost": 251953.5,
                          "Plan Rows": 1059693,
                          "Plan Width": 8,
                          "Actual Startup Time": 327.912,
                          "Actual Total Time": 1146.705,
                          "Actual Rows": 1317642,
                          "Actual Loops": 4,
                          "Inner Unique": true,
                          "Hash Cond": "(mi.movie_id = t.id)",
                          "Plans": [
                            {
                              "Node Type": "Seq Scan",
                              "Parent Relationship": "Outer",
                              "Parallel Aware": true,
                              "Relation Name": "movie_info",
                              "Alias": "mi",
                              "Startup Cost": 0.0,
                              "Total Cost": 198952.16,
                              "Plan Rows": 1059693,
                              "Plan Width": 4,
                              "Actual Startup Time": 21.21,
                              "Actual Total Time": 404.965,
                              "Actual Rows": 1317642,
                              "Actual Loops": 4,
                              "Filter": "(info_type_id > 15)",
                              "Rows Removed by Filter": 2391288
                            },
                            {
                              "Node Type": "Hash",
                              "Parent Relationship": "Inner",
                              "Parallel Aware": true,
                              "Startup Cost": 42318.73,
                              "Total Cost": 42318.73,
                              "Plan Rows": 632073,
                              "Plan Width": 4,
                              "Actual Startup Time": 300.867,
                              "Actual Total Time": 300.868,
                              "Actual Rows": 632078,
                              "Actual Loops": 4,
                              "Hash Buckets": 4194304,
                              "Original Hash Buckets": 4194304,
                              "Hash Batches": 1,
                              "Original Hash Batches": 1,
                              "Peak Memory Usage": 131744,
                              "Plans": [
                                {
                                  "Node Type": "Seq Scan",
                                  "Parent Relationship": "Outer",
                                  "Parallel Aware": true,
                                  "Relation Name": "title",
                                  "Alias": "t",
                                  "Startup Cost": 0.0,
                                  "Total Cost": 42318.73,
                                  "Plan Rows": 632073,
                                  "Plan Width": 4,
                                  "Actual Startup Time": 0.045,
                                  "Actual Total Time": 89.309,
                                  "Actual Rows": 632078,
                                  "Actual Loops": 4
                                }
                              ]
                            }
                          ]
                        }
                      ]
                    }
                  ]
                }
              ]
            }
          ]
        }
      ]
    },
    "Planning Time": 1.354,
    "Triggers": [],
    "Execution Time": 4743.942
  }
]