{
  "Plan": {
    "Node Type": "Aggregate",
    "Strategy": "Plain",
    "Partial Mode": "Finalize",
    "Parallel Aware": false,
    "Startup Cost": 199415.65,
    "Total Cost": 199415.66,
    "Plan Rows": 1,
    "Plan Width": 8,
    "Actual Startup Time": 2484.746,
    "Actual Total Time": 2507.517,
    "Actual Rows": 1,
    "Actual Loops": 1,
    "Plans": [
      {
        "Node Type": "Gather",
        "Parent Relationship": "Outer",
        "Parallel Aware": false,
        "Startup Cost": 199415.53,
        "Total Cost": 199415.64,
        "Plan Rows": 1,
        "Plan Width": 8,
        "Actual Startup Time": 2477.734,
        "Actual Total Time": 2507.511,
        "Actual Rows": 2,
        "Actual Loops": 1,
        "Workers Planned": 1,
        "Workers Launched": 1,
        "Single Copy": false,
        "Plans": [
          {
            "Node Type": "Aggregate",
            "Strategy": "Plain",
            "Partial Mode": "Partial",
            "Parent Relationship": "Outer",
            "Parallel Aware": false,
            "Startup Cost": 198415.53,
            "Total Cost": 198415.54,
            "Plan Rows": 1,
            "Plan Width": 8,
            "Actual Startup Time": 2471.491,
            "Actual Total Time": 2471.496,
            "Actual Rows": 1,
            "Actual Loops": 2,
            "Plans": [
              {
                "Node Type": "Hash Join",
                "Parent Relationship": "Outer",
                "Parallel Aware": true,
                "Join Type": "Inner",
                "Startup Cost": 121808.36,
                "Total Cost": 194812.7,
                "Plan Rows": 1441132,
                "Plan Width": 0,
                "Actual Startup Time": 1140.388,
                "Actual Total Time": 2093.559,
                "Actual Rows": 9018314,
                "Actual Loops": 2,
                "Inner Unique": false,
                "Hash Cond": "(mk.movie_id = t.id)",
                "Plans": [
                  {
                    "Node Type": "Seq Scan",
                    "Parent Relationship": "Outer",
                    "Parallel Aware": true,
                    "Relation Name": "movie_keyword",
                    "Alias": "mk",
                    "Startup Cost": 0.0,
                    "Total Cost": 57718.19,
                    "Plan Rows": 1815708,
                    "Plan Width": 4,
                    "Actual Startup Time": 0.156,
                    "Actual Total Time": 191.513,
                    "Actual Rows": 1537734,
                    "Actual Loops": 2,
                    "Filter": "(keyword_id > 2035)",
                    "Rows Removed by Filter": 724230
                  },
                  {
                    "Node Type": "Hash",
                    "Parent Relationship": "Inner",
                    "Parallel Aware": true,
                    "Startup Cost": 107053.12,
                    "Total Cost": 107053.12,
                    "Plan Rows": 1180419,
                    "Plan Width": 8,
                    "Actual Startup Time": 1129.571,
                    "Actual Total Time": 1129.575,
                    "Actual Rows": 863324,
                    "Actual Loops": 2,
                    "Hash Buckets": 2097152,
                    "Original Hash Buckets": 2097152,
                    "Hash Batches": 1,
                    "Original Hash Batches": 1,
                    "Peak Memory Usage": 83968,
                    "Plans": [
                      {
                        "Node Type": "Hash Join",
                        "Parent Relationship": "Outer",
                        "Parallel Aware": true,
                        "Join Type": "Inner",
                        "Startup Cost": 68886.49,
                        "Total Cost": 107053.12,
                        "Plan Rows": 1180419,
                        "Plan Width": 8,
                        "Actual Startup Time": 426.456,
                        "Actual Total Time": 926.105,
                        "Actual Rows": 863324,
                        "Actual Loops": 2,
                        "Inner Unique": true,
                        "Hash Cond": "(mc.movie_id = t.id)",
                        "Plans": [
                          {
                            "Node Type": "Seq Scan",
                            "Parent Relationship": "Outer",
                            "Parallel Aware": true,
                            "Relation Name": "movie_companies",
                            "Alias": "mc",
                            "Startup Cost": 0.0,
                            "Total Cost": 34137.82,
                            "Plan Rows": 1534782,
                            "Plan Width": 4,
                            "Actual Startup Time": 0.012,
                            "Actual Total Time": 102.151,
                            "Actual Rows": 1304564,
                            "Actual Loops": 2
                          },
                          {
                            "Node Type": "Hash",
                            "Parent Relationship": "Inner",
                            "Parallel Aware": true,
                            "Startup Cost": 54588.39,
                            "Total Cost": 54588.39,
                            "Plan Rows": 1143848,
                            "Plan Width": 4,
                            "Actual Startup Time": 419.813,
                            "Actual Total Time": 419.814,
                            "Actual Rows": 966242,
                            "Actual Loops": 2,
                            "Hash Buckets": 2097152,
                            "Original Hash Buckets": 2097152,
                            "Hash Batches": 1,
                            "Original Hash Batches": 1,
                            "Peak Memory Usage": 92000,
                            "Plans": [
                              {
                                "Node Type": "Seq Scan",
                                "Parent Relationship": "Outer",
                                "Parallel Aware": true,
                                "Relation Name": "title",
                                "Alias": "t",
                                "Startup Cost": 0.0,
                                "Total Cost": 54588.39,
                                "Plan Rows": 1143848,
                                "Plan Width": 4,
                                "Actual Startup Time": 0.027,
                                "Actual Total Time": 172.24,
                                "Actual Rows": 966242,
                                "Actual Loops": 2,
                                "Filter": "(production_year > 1980)",
                                "Rows Removed by Filter": 297914
                              }
                            ]
                          }
                        ]
                      }
                    ]
                  }
                ]
              }
            ]
          }
        ]
      }
    ]
  },
  "Planning Time": 0.529,
  "Triggers": [],
  "Execution Time": 2507.573
}