{
  "Plan": {
    "Node Type": "Aggregate",
    "Strategy": "Plain",
    "Partial Mode": "Finalize",
    "Parallel Aware": false,
    "Startup Cost": 96080.28,
    "Total Cost": 96080.29,
    "Plan Rows": 1,
    "Plan Width": 8,
    "Actual Startup Time": 438.633,
    "Actual Total Time": 454.368,
    "Actual Rows": 1,
    "Actual Loops": 1,
    "Plans": [
      {
        "Node Type": "Gather",
        "Parent Relationship": "Outer",
        "Parallel Aware": false,
        "Startup Cost": 96080.17,
        "Total Cost": 96080.28,
        "Plan Rows": 1,
        "Plan Width": 8,
        "Actual Startup Time": 436.774,
        "Actual Total Time": 454.361,
        "Actual Rows": 2,
        "Actual Loops": 1,
        "Workers Planned": 1,
        "Workers Launched": 1,
        "Single Copy": false,
        "Plans": [
          {
            "Node Type": "Aggregate",
            "Strategy": "Plain",
            "Partial Mode": "Partial",
            "Parent Relationship": "Outer",
            "Parallel Aware": false,
            "Startup Cost": 95080.17,
            "Total Cost": 95080.18,
            "Plan Rows": 1,
            "Plan Width": 8,
            "Actual Startup Time": 430.763,
            "Actual Total Time": 430.768,
            "Actual Rows": 1,
            "Actual Loops": 2,
            "Plans": [
              {
                "Node Type": "Nested Loop",
                "Parent Relationship": "Outer",
                "Parallel Aware": false,
                "Join Type": "Inner",
                "Startup Cost": 61839.19,
                "Total Cost": 95073.7,
                "Plan Rows": 2587,
                "Plan Width": 0,
                "Actual Startup Time": 286.926,
                "Actual Total Time": 429.251,
                "Actual Rows": 19442,
                "Actual Loops": 2,
                "Inner Unique": false,
                "Plans": [
                  {
                    "Node Type": "Hash Join",
                    "Parent Relationship": "Outer",
                    "Parallel Aware": true,
                    "Join Type": "Inner",
                    "Startup Cost": 61838.76,
                    "Total Cost": 87007.15,
                    "Plan Rows": 14085,
                    "Plan Width": 8,
                    "Actual Startup Time": 286.76,
                    "Actual Total Time": 344.212,
                    "Actual Rows": 27101,
                    "Actual Loops": 2,
                    "Inner Unique": true,
                    "Hash Cond": "(mk.movie_id = t.id)",
                    "Plans": [
                      {
                        "Node Type": "Bitmap Heap Scan",
                        "Parent Relationship": "Outer",
                        "Parallel Aware": true,
                        "Relation Name": "movie_keyword",
                        "Alias": "mk",
                        "Startup Cost": 1706.72,
                        "Total Cost": 26751.12,
                        "Plan Rows": 47232,
                        "Plan Width": 4,
                        "Actual Startup Time": 9.231,
                        "Actual Total Time": 46.025,
                        "Actual Rows": 40766,
                        "Actual Loops": 2,
                        "Recheck Cond": "(keyword_id < 71)",
                        "Rows Removed by Index Recheck": 0,
                        "Exact Heap Blocks": 11594,
                        "Lossy Heap Blocks": 0,
                        "Plans": [
                          {
                            "Node Type": "Bitmap Index Scan",
                            "Parent Relationship": "Outer",
                            "Parallel Aware": false,
                            "Index Name": "keyword_id_movie_keyword",
                            "Startup Cost": 0.0,
                            "Total Cost": 1686.64,
                            "Plan Rows": 80295,
                            "Plan Width": 0,
                            "Actual Startup Time": 6.16,
                            "Actual Total Time": 6.161,
                            "Actual Rows": 81533,
                            "Actual Loops": 1,
                            "Index Cond": "(keyword_id < 71)"
                          }
                        ]
                      },
                      {
                        "Node Type": "Hash",
                        "Parent Relationship": "Inner",
                        "Parallel Aware": true,
                        "Startup Cost": 54588.39,
                        "Total Cost": 54588.39,
                        "Plan Rows": 443492,
                        "Plan Width": 4,
                        "Actual Startup Time": 268.571,
                        "Actual Total Time": 268.572,
                        "Actual Rows": 376838,
                        "Actual Loops": 2,
                        "Hash Buckets": 1048576,
                        "Original Hash Buckets": 1048576,
                        "Hash Batches": 1,
                        "Original Hash Batches": 1,
                        "Peak Memory Usage": 37696,
                        "Plans": [
                          {
                            "Node Type": "Seq Scan",
                            "Parent Relationship": "Outer",
                            "Parallel Aware": true,
                            "Relation Name": "title",
                            "Alias": "t",
                            "Startup Cost": 0.0,
                            "Total Cost": 54588.39,
                            "Plan Rows": 443492,
                            "Plan Width": 4,
                            "Actual Startup Time": 0.035,
                            "Actual Total Time": 153.728,
                            "Actual Rows": 376838,
                            "Actual Loops": 2,
                            "Filter": "(kind_id < 3)",
                            "Rows Removed by Filter": 887318
                          }
                        ]
                      }
                    ]
                  },
                  {
                    "Node Type": "Index Scan",
                    "Parent Relationship": "Inner",
                    "Parallel Aware": false,
                    "Scan Direction": "Forward",
                    "Index Name": "movie_id_movie_info_idx",
                    "Relation Name": "movie_info_idx",
                    "Alias": "mi_idx",
                    "Startup Cost": 0.43,
                    "Total Cost": 0.56,
                    "Plan Rows": 1,
                    "Plan Width": 4,
                    "Actual Startup Time": 0.003,
                    "Actual Total Time": 0.003,
                    "Actual Rows": 1,
                    "Actual Loops": 54202,
                    "Index Cond": "(movie_id = t.id)",
                    "Rows Removed by Index Recheck": 0,
                    "Filter": "(info_type_id = 100)",
                    "Rows Removed by Filter": 1
                  }
                ]
              }
            ]
          }
        ]
      }
    ]
  },
  "Planning Time": 1.042,
  "Triggers": [],
  "Execution Time": 454.472
}