{
  "Plan": {
    "Node Type": "Aggregate",
    "Strategy": "Plain",
    "Partial Mode": "Finalize",
    "Parallel Aware": false,
    "Startup Cost": 867370.04,
    "Total Cost": 867370.05,
    "Plan Rows": 1,
    "Plan Width": 8,
    "Actual Startup Time": 11321.109,
    "Actual Total Time": 11414.147,
    "Actual Rows": 1,
    "Actual Loops": 1,
    "Plans": [
      {
        "Node Type": "Gather",
        "Parent Relationship": "Outer",
        "Parallel Aware": false,
        "Startup Cost": 867369.93,
        "Total Cost": 867370.04,
        "Plan Rows": 1,
        "Plan Width": 8,
        "Actual Startup Time": 11306.236,
        "Actual Total Time": 11414.133,
        "Actual Rows": 2,
        "Actual Loops": 1,
        "Workers Planned": 1,
        "Workers Launched": 1,
        "Single Copy": false,
        "Plans": [
          {
            "Node Type": "Aggregate",
            "Strategy": "Plain",
            "Partial Mode": "Partial",
            "Parent Relationship": "Outer",
            "Parallel Aware": false,
            "Startup Cost": 866369.93,
            "Total Cost": 866369.94,
            "Plan Rows": 1,
            "Plan Width": 8,
            "Actual Startup Time": 11276.861,
            "Actual Total Time": 11276.867,
            "Actual Rows": 1,
            "Actual Loops": 2,
            "Plans": [
              {
                "Node Type": "Hash Join",
                "Parent Relationship": "Outer",
                "Parallel Aware": true,
                "Join Type": "Inner",
                "Startup Cost": 705828.51,
                "Total Cost": 842522.96,
                "Plan Rows": 9538788,
                "Plan Width": 0,
                "Actual Startup Time": 7530.593,
                "Actual Total Time": 10113.886,
                "Actual Rows": 28606146,
                "Actual Loops": 2,
                "Inner Unique": false,
                "Hash Cond": "(mk.movie_id = t.id)",
                "Plans": [
                  {
                    "Node Type": "Seq Scan",
                    "Parent Relationship": "Outer",
                    "Parallel Aware": true,
                    "Relation Name": "movie_keyword",
                    "Alias": "mk",
                    "Startup Cost": 0.0,
                    "Total Cost": 57718.19,
                    "Plan Rows": 1829259,
                    "Plan Width": 4,
                    "Actual Startup Time": 0.177,
                    "Actual Total Time": 199.02,
                    "Actual Rows": 1547558,
                    "Actual Loops": 2,
                    "Filter": "(keyword_id > 1962)",
                    "Rows Removed by Filter": 714408
                  },
                  {
                    "Node Type": "Hash",
                    "Parent Relationship": "Inner",
                    "Parallel Aware": true,
                    "Startup Cost": 608887.74,
                    "Total Cost": 608887.74,
                    "Plan Rows": 7755262,
                    "Plan Width": 8,
                    "Actual Startup Time": 7475.691,
                    "Actual Total Time": 7475.696,
                    "Actual Rows": 6592836,
                    "Actual Loops": 2,
                    "Hash Buckets": 16777216,
                    "Original Hash Buckets": 16777216,
                    "Hash Batches": 1,
                    "Original Hash Batches": 1,
                    "Peak Memory Usage": 646944,
                    "Plans": [
                      {
                        "Node Type": "Hash Join",
                        "Parent Relationship": "Outer",
                        "Parallel Aware": true,
                        "Join Type": "Inner",
                        "Startup Cost": 69460.7,
                        "Total Cost": 608887.74,
                        "Plan Rows": 7755262,
                        "Plan Width": 8,
                        "Actual Startup Time": 522.582,
                        "Actual Total Time": 5264.003,
                        "Actual Rows": 6592836,
                        "Actual Loops": 2,
                        "Inner Unique": true,
                        "Hash Cond": "(ci.movie_id = t.id)",
                        "Plans": [
                          {
                            "Node Type": "Seq Scan",
                            "Parent Relationship": "Outer",
                            "Parallel Aware": true,
                            "Relation Name": "cast_info",
                            "Alias": "ci",
                            "Startup Cost": 0.0,
                            "Total Cost": 519069.44,
                            "Plan Rows": 7755262,
                            "Plan Width": 4,
                            "Actual Startup Time": 0.017,
                            "Actual Total Time": 1396.237,
                            "Actual Rows": 6592836,
                            "Actual Loops": 2,
                            "Filter": "(person_id < 1301581)",
                            "Rows Removed by Filter": 11529336
                          },
                          {
                            "Node Type": "Hash",
                            "Parent Relationship": "Inner",
                            "Parallel Aware": true,
                            "Startup Cost": 50870.31,
                            "Total Cost": 50870.31,
                            "Plan Rows": 1487231,
                            "Plan Width": 4,
                            "Actual Startup Time": 511.543,
                            "Actual Total Time": 511.544,
                            "Actual Rows": 1264156,
                            "Actual Loops": 2,
                            "Hash Buckets": 4194304,
                            "Original Hash Buckets": 4194304,
                            "Hash Batches": 1,
                            "Original Hash Batches": 1,
                            "Peak Memory Usage": 131712,
                            "Plans": [
                              {
                                "Node Type": "Seq Scan",
                                "Parent Relationship": "Outer",
                                "Parallel Aware": true,
                                "Relation Name": "title",
                                "Alias": "t",
                                "Startup Cost": 0.0,
                                "Total Cost": 50870.31,
                                "Plan Rows": 1487231,
                                "Plan Width": 4,
                                "Actual Startup Time": 0.029,
                                "Actual Total Time": 150.772,
                                "Actual Rows": 1264156,
                                "Actual Loops": 2
                              }
                            ]
                          }
                        ]
                      }
                    ]
                  }
                ]
              }
            ]
          }
        ]
      }
    ]
  },
  "Planning Time": 1.078,
  "Triggers": [],
  "Execution Time": 11414.245
}