[
  {
    "Plan": {
      "Node Type": "Aggregate",
      "Strategy": "Plain",
      "Partial Mode": "Finalize",
      "Parallel Aware": false,
      "Startup Cost": 226511.66,
      "Total Cost": 226511.67,
      "Plan Rows": 1,
      "Plan Width": 8,
      "Actual Startup Time": 168.701,
      "Actual Total Time": 196.953,
      "Actual Rows": 1,
      "Actual Loops": 1,
      "Plans": [
        {
          "Node Type": "Gather",
          "Parent Relationship": "Outer",
          "Parallel Aware": false,
          "Startup Cost": 226511.24,
          "Total Cost": 226511.65,
          "Plan Rows": 4,
          "Plan Width": 8,
          "Actual Startup Time": 168.552,
          "Actual Total Time": 196.945,
          "Actual Rows": 5,
          "Actual Loops": 1,
          "Workers Planned": 4,
          "Workers Launched": 4,
          "Single Copy": false,
          "Plans": [
            {
              "Node Type": "Aggregate",
              "Strategy": "Plain",
              "Partial Mode": "Partial",
              "Parent Relationship": "Outer",
              "Parallel Aware": false,
              "Startup Cost": 225511.24,
              "Total Cost": 225511.25,
              "Plan Rows": 1,
              "Plan Width": 8,
              "Actual Startup Time": 158.17,
              "Actual Total Time": 158.171,
              "Actual Rows": 1,
              "Actual Loops": 5,
              "Plans": [
                {
                  "Node Type": "Nested Loop",
                  "Parent Relationship": "Outer",
                  "Parallel Aware": false,
                  "Join Type": "Inner",
                  "Startup Cost": 1.0,
                  "Total Cost": 225495.52,
                  "Plan Rows": 6287,
                  "Plan Width": 0,
                  "Actual Startup Time": 1.512,
                  "Actual Total Time": 157.528,
                  "Actual Rows": 8972,
                  "Actual Loops": 5,
                  "Inner Unique": false,
                  "Join Filter": "(t.id = ci.movie_id)",
                  "Rows Removed by Join Filter": 0,
                  "Plans": [
                    {
                      "Node Type": "Nested Loop",
                      "Parent Relationship": "Outer",
                      "Parallel Aware": false,
                      "Join Type": "Inner",
                      "Startup Cost": 0.43,
                      "Total Cost": 219754.07,
                      "Plan Rows": 2691,
                      "Plan Width": 8,
                      "Actual Startup Time": 1.299,
                      "Actual Total Time": 102.678,
                      "Actual Rows": 957,
                      "Actual Loops": 5,
                      "Inner Unique": false,
                      "Plans": [
                        {
                          "Node Type": "Seq Scan",
                          "Parent Relationship": "Outer",
                          "Parallel Aware": true,
                          "Relation Name": "title",
                          "Alias": "t",
                          "Startup Cost": 0.0,
                          "Total Cost": 45479.1,
                          "Plan Rows": 2938,
                          "Plan Width": 4,
                          "Actual Startup Time": 0.104,
                          "Actual Total Time": 67.079,
                          "Actual Rows": 1983,
                          "Actual Loops": 5,
                          "Filter": "((kind_id > 1) AND (production_year = 1977))",
                          "Rows Removed by Filter": 503680
                        },
                        {
                          "Node Type": "Index Scan",
                          "Parent Relationship": "Inner",
                          "Parallel Aware": false,
                          "Scan Direction": "Forward",
                          "Index Name": "movie_id_movie_info",
                          "Relation Name": "movie_info",
                          "Alias": "mi",
                          "Startup Cost": 0.43,
                          "Total Cost": 59.25,
                          "Plan Rows": 7,
                          "Plan Width": 4,
                          "Actual Startup Time": 0.014,
                          "Actual Total Time": 0.017,
                          "Actual Rows": 0,
                          "Actual Loops": 9913,
                          "Index Cond": "(movie_id = t.id)",
                          "Rows Removed by Index Recheck": 0,
                          "Filter": "(info_type_id > 16)",
                          "Rows Removed by Filter": 4
                        }
                      ]
                    },
                    {
                      "Node Type": "Index Scan",
                      "Parent Relationship": "Inner",
                      "Parallel Aware": false,
                      "Scan Direction": "Forward",
                      "Index Name": "movie_id_cast_info",
                      "Relation Name": "cast_info",
                      "Alias": "ci",
                      "Startup Cost": 0.56,
                      "Total Cost": 2.06,
                      "Plan Rows": 6,
                      "Plan Width": 4,
                      "Actual Startup Time": 0.01,
                      "Actual Total Time": 0.056,
                      "Actual Rows": 9,
                      "Actual Loops": 4783,
                      "Index Cond": "(movie_id = mi.movie_id)",
                      "Rows Removed by Index Recheck": 0,
                      "Filter": "((person_id < 1701852) AND (role_id = 1))",
                      "Rows Removed by Filter": 15
                    }
                  ]
                }
              ]
            }
          ]
        }
      ]
    },
    "Planning Time": 1.434,
    "Triggers": [],
    "Execution Time": 197.056
  }
]