[
  {
    "Plan": {
      "Node Type": "Aggregate",
      "Strategy": "Plain",
      "Partial Mode": "Finalize",
      "Parallel Aware": false,
      "Startup Cost": 118222.08,
      "Total Cost": 118222.09,
      "Plan Rows": 1,
      "Plan Width": 8,
      "Actual Startup Time": 433.309,
      "Actual Total Time": 455.574,
      "Actual Rows": 1,
      "Actual Loops": 1,
      "Plans": [
        {
          "Node Type": "Gather",
          "Parent Relationship": "Outer",
          "Parallel Aware": false,
          "Startup Cost": 118221.76,
          "Total Cost": 118222.07,
          "Plan Rows": 3,
          "Plan Width": 8,
          "Actual Startup Time": 431.518,
          "Actual Total Time": 455.564,
          "Actual Rows": 4,
          "Actual Loops": 1,
          "Workers Planned": 3,
          "Workers Launched": 3,
          "Single Copy": false,
          "Plans": [
            {
              "Node Type": "Aggregate",
              "Strategy": "Plain",
              "Partial Mode": "Partial",
              "Parent Relationship": "Outer",
              "Parallel Aware": false,
              "Startup Cost": 117221.76,
              "Total Cost": 117221.77,
              "Plan Rows": 1,
              "Plan Width": 8,
              "Actual Startup Time": 421.973,
              "Actual Total Time": 421.979,
              "Actual Rows": 1,
              "Actual Loops": 4,
              "Plans": [
                {
                  "Node Type": "Hash Join",
                  "Parent Relationship": "Outer",
                  "Parallel Aware": true,
                  "Join Type": "Inner",
                  "Startup Cost": 72314.52,
                  "Total Cost": 117028.04,
                  "Plan Rows": 77486,
                  "Plan Width": 0,
                  "Actual Startup Time": 238.098,
                  "Actual Total Time": 419.671,
                  "Actual Rows": 48148,
                  "Actual Loops": 4,
                  "Inner Unique": false,
                  "Hash Cond": "(mk.movie_id = t.id)",
                  "Plans": [
                    {
                      "Node Type": "Seq Scan",
                      "Parent Relationship": "Outer",
                      "Parallel Aware": true,
                      "Relation Name": "movie_keyword",
                      "Alias": "mk",
                      "Startup Cost": 0.0,
                      "Total Cost": 39047.32,
                      "Plan Rows": 1459332,
                      "Plan Width": 4,
                      "Actual Startup Time": 0.032,
                      "Actual Total Time": 92.354,
                      "Actual Rows": 1130982,
                      "Actual Loops": 4
                    },
                    {
                      "Node Type": "Hash",
                      "Parent Relationship": "Inner",
                      "Parallel Aware": true,
                      "Startup Cost": 71895.0,
                      "Total Cost": 71895.0,
                      "Plan Rows": 33561,
                      "Plan Width": 8,
                      "Actual Startup Time": 235.76,
                      "Actual Total Time": 235.764,
                      "Actual Rows": 15416,
                      "Actual Loops": 4,
                      "Hash Buckets": 262144,
                      "Original Hash Buckets": 262144,
                      "Hash Batches": 1,
                      "Original Hash Batches": 1,
                      "Peak Memory Usage": 4544,
                      "Plans": [
                        {
                          "Node Type": "Hash Join",
                          "Parent Relationship": "Outer",
                          "Parallel Aware": true,
                          "Join Type": "Inner",
                          "Startup Cost": 26307.65,
                          "Total Cost": 71895.0,
                          "Plan Rows": 33561,
                          "Plan Width": 8,
                          "Actual Startup Time": 77.407,
                          "Actual Total Time": 229.666,
                          "Actual Rows": 15416,
                          "Actual Loops": 4,
                          "Inner Unique": false,
                          "Hash Cond": "(t.id = mc.movie_id)",
                          "Plans": [
                            {
                              "Node Type": "Seq Scan",
                              "Parent Relationship": "Outer",
                              "Parallel Aware": true,
                              "Relation Name": "title",
                              "Alias": "t",
                              "Startup Cost": 0.0,
                              "Total Cost": 42318.73,
                              "Plan Rows": 632073,
                              "Plan Width": 4,
                              "Actual Startup Time": 0.011,
                              "Actual Total Time": 78.363,
                              "Actual Rows": 632078,
                              "Actual Loops": 4
                            },
                            {
                              "Node Type": "Hash",
                              "Parent Relationship": "Inner",
                              "Parallel Aware": true,
                              "Startup Cost": 25766.33,
                              "Total Cost": 25766.33,
                              "Plan Rows": 43305,
                              "Plan Width": 4,
                              "Actual Startup Time": 76.244,
                              "Actual Total Time": 76.245,
                              "Actual Rows": 15416,
                              "Actual Loops": 4,
                              "Hash Buckets": 262144,
                              "Original Hash Buckets": 262144,
                              "Hash Batches": 1,
                              "Original Hash Batches": 1,
                              "Peak Memory Usage": 4544,
                              "Plans": [
                                {
                                  "Node Type": "Bitmap Heap Scan",
                                  "Parent Relationship": "Outer",
                                  "Parallel Aware": true,
                                  "Relation Name": "movie_companies",
                                  "Alias": "mc",
                                  "Startup Cost": 5696.98,
                                  "Total Cost": 25766.33,
                                  "Plan Rows": 43305,
                                  "Plan Width": 4,
                                  "Actual Startup Time": 58.789,
                                  "Actual Total Time": 71.685,
                                  "Actual Rows": 15416,
                                  "Actual Loops": 4,
                                  "Recheck Cond": "(company_id < 137)",
                                  "Rows Removed by Index Recheck": 0,
                                  "Filter": "(company_type_id > 1)",
                                  "Rows Removed by Filter": 50292,
                                  "Exact Heap Blocks": 10878,
                                  "Lossy Heap Blocks": 0,
                                  "Plans": [
                                    {
                                      "Node Type": "Bitmap Index Scan",
                                      "Parent Relationship": "Outer",
                                      "Parallel Aware": false,
                                      "Index Name": "company_id_movie_companies",
                                      "Startup Cost": 0.0,
                                      "Total Cost": 5663.42,
                                      "Plan Rows": 264399,
                                      "Plan Width": 0,
                                      "Actual Startup Time": 22.973,
                                      "Actual Total Time": 22.973,
                                      "Actual Rows": 262833,
                                      "Actual Loops": 1,
                                      "Index Cond": "(company_id < 137)"
                                    }
                                  ]
                                }
                              ]
                            }
                          ]
                        }
                      ]
                    }
                  ]
                }
              ]
            }
          ]
        }
      ]
    },
    "Planning Time": 1.503,
    "Triggers": [],
    "Execution Time": 455.683
  }
]