[
  {
    "Plan": {
      "Node Type": "Aggregate",
      "Strategy": "Plain",
      "Partial Mode": "Finalize",
      "Parallel Aware": false,
      "Startup Cost": 20952.41,
      "Total Cost": 20952.42,
      "Plan Rows": 1,
      "Plan Width": 8,
      "Actual Startup Time": 26.353,
      "Actual Total Time": 29.509,
      "Actual Rows": 1,
      "Actual Loops": 1,
      "Plans": [
        {
          "Node Type": "Gather",
          "Parent Relationship": "Outer",
          "Parallel Aware": false,
          "Startup Cost": 20952.2,
          "Total Cost": 20952.41,
          "Plan Rows": 2,
          "Plan Width": 8,
          "Actual Startup Time": 26.227,
          "Actual Total Time": 29.5,
          "Actual Rows": 3,
          "Actual Loops": 1,
          "Workers Planned": 2,
          "Workers Launched": 2,
          "Single Copy": false,
          "Plans": [
            {
              "Node Type": "Aggregate",
              "Strategy": "Plain",
              "Partial Mode": "Partial",
              "Parent Relationship": "Outer",
              "Parallel Aware": false,
              "Startup Cost": 19952.2,
              "Total Cost": 19952.21,
              "Plan Rows": 1,
              "Plan Width": 8,
              "Actual Startup Time": 18.023,
              "Actual Total Time": 18.024,
              "Actual Rows": 1,
              "Actual Loops": 3,
              "Plans": [
                {
                  "Node Type": "Nested Loop",
                  "Parent Relationship": "Outer",
                  "Parallel Aware": false,
                  "Join Type": "Inner",
                  "Startup Cost": 79.82,
                  "Total Cost": 19950.78,
                  "Plan Rows": 568,
                  "Plan Width": 0,
                  "Actual Startup Time": 1.513,
                  "Actual Total Time": 17.781,
                  "Actual Rows": 1015,
                  "Actual Loops": 3,
                  "Inner Unique": true,
                  "Plans": [
                    {
                      "Node Type": "Bitmap Heap Scan",
                      "Parent Relationship": "Outer",
                      "Parallel Aware": true,
                      "Relation Name": "movie_companies",
                      "Alias": "mc",
                      "Startup Cost": 79.39,
                      "Total Cost": 8903.62,
                      "Plan Rows": 1450,
                      "Plan Width": 4,
                      "Actual Startup Time": 1.344,
                      "Actual Total Time": 5.264,
                      "Actual Rows": 1015,
                      "Actual Loops": 3,
                      "Recheck Cond": "(company_id = 11156)",
                      "Rows Removed by Index Recheck": 0,
                      "Exact Heap Blocks": 1443,
                      "Lossy Heap Blocks": 0,
                      "Plans": [
                        {
                          "Node Type": "Bitmap Index Scan",
                          "Parent Relationship": "Outer",
                          "Parallel Aware": false,
                          "Index Name": "company_id_movie_companies",
                          "Startup Cost": 0.0,
                          "Total Cost": 78.52,
                          "Plan Rows": 3479,
                          "Plan Width": 0,
                          "Actual Startup Time": 2.812,
                          "Actual Total Time": 2.812,
                          "Actual Rows": 3044,
                          "Actual Loops": 1,
                          "Index Cond": "(company_id = 11156)"
                        }
                      ]
                    },
                    {
                      "Node Type": "Index Scan",
                      "Parent Relationship": "Inner",
                      "Parallel Aware": false,
                      "Scan Direction": "Forward",
                      "Index Name": "title_pkey",
                      "Relation Name": "title",
                      "Alias": "t",
                      "Startup Cost": 0.43,
                      "Total Cost": 7.62,
                      "Plan Rows": 1,
                      "Plan Width": 4,
                      "Actual Startup Time": 0.011,
                      "Actual Total Time": 0.011,
                      "Actual Rows": 1,
                      "Actual Loops": 3044,
                      "Index Cond": "(id = mc.movie_id)",
                      "Rows Removed by Index Recheck": 0,
                      "Filter": "(kind_id < 7)",
                      "Rows Removed by Filter": 0
                    }
                  ]
                }
              ]
            }
          ]
        }
      ]
    },
    "Planning Time": 0.688,
    "Triggers": [],
    "Execution Time": 29.633
  }
]