[
  {
    "Plan": {
      "Node Type": "Aggregate",
      "Strategy": "Plain",
      "Partial Mode": "Finalize",
      "Parallel Aware": false,
      "Startup Cost": 29571.97,
      "Total Cost": 29571.98,
      "Plan Rows": 1,
      "Plan Width": 8,
      "Actual Startup Time": 34.605,
      "Actual Total Time": 39.355,
      "Actual Rows": 1,
      "Actual Loops": 1,
      "Plans": [
        {
          "Node Type": "Gather",
          "Parent Relationship": "Outer",
          "Parallel Aware": false,
          "Startup Cost": 29571.75,
          "Total Cost": 29571.96,
          "Plan Rows": 2,
          "Plan Width": 8,
          "Actual Startup Time": 34.242,
          "Actual Total Time": 39.348,
          "Actual Rows": 3,
          "Actual Loops": 1,
          "Workers Planned": 2,
          "Workers Launched": 2,
          "Single Copy": false,
          "Plans": [
            {
              "Node Type": "Aggregate",
              "Strategy": "Plain",
              "Partial Mode": "Partial",
              "Parent Relationship": "Outer",
              "Parallel Aware": false,
              "Startup Cost": 28571.75,
              "Total Cost": 28571.76,
              "Plan Rows": 1,
              "Plan Width": 8,
              "Actual Startup Time": 26.013,
              "Actual Total Time": 26.015,
              "Actual Rows": 1,
              "Actual Loops": 3,
              "Plans": [
                {
                  "Node Type": "Nested Loop",
                  "Parent Relationship": "Outer",
                  "Parallel Aware": false,
                  "Join Type": "Inner",
                  "Startup Cost": 107.86,
                  "Total Cost": 28569.0,
                  "Plan Rows": 1102,
                  "Plan Width": 0,
                  "Actual Startup Time": 2.439,
                  "Actual Total Time": 25.814,
                  "Actual Rows": 1604,
                  "Actual Loops": 3,
                  "Inner Unique": false,
                  "Plans": [
                    {
                      "Node Type": "Nested Loop",
                      "Parent Relationship": "Outer",
                      "Parallel Aware": false,
                      "Join Type": "Inner",
                      "Startup Cost": 107.43,
                      "Total Cost": 27564.14,
                      "Plan Rows": 188,
                      "Plan Width": 8,
                      "Actual Startup Time": 2.261,
                      "Actual Total Time": 22.386,
                      "Actual Rows": 25,
                      "Actual Loops": 3,
                      "Inner Unique": true,
                      "Plans": [
                        {
                          "Node Type": "Bitmap Heap Scan",
                          "Parent Relationship": "Outer",
                          "Parallel Aware": true,
                          "Relation Name": "movie_keyword",
                          "Alias": "mk",
                          "Startup Cost": 107.0,
                          "Total Cost": 12376.91,
                          "Plan Rows": 2073,
                          "Plan Width": 4,
                          "Actual Startup Time": 1.729,
                          "Actual Total Time": 8.028,
                          "Actual Rows": 1142,
                          "Actual Loops": 3,
                          "Recheck Cond": "(keyword_id = 562)",
                          "Rows Removed by Index Recheck": 0,
                          "Exact Heap Blocks": 2522,
                          "Lossy Heap Blocks": 0,
                          "Plans": [
                            {
                              "Node Type": "Bitmap Index Scan",
                              "Parent Relationship": "Outer",
                              "Parallel Aware": false,
                              "Index Name": "keyword_id_movie_keyword",
                              "Startup Cost": 0.0,
                              "Total Cost": 105.75,
                              "Plan Rows": 4976,
                              "Plan Width": 0,
                              "Actual Startup Time": 3.261,
                              "Actual Total Time": 3.262,
                              "Actual Rows": 3426,
                              "Actual Loops": 1,
                              "Index Cond": "(keyword_id = 562)"
                            }
                          ]
                        },
                        {
                          "Node Type": "Index Scan",
                          "Parent Relationship": "Inner",
                          "Parallel Aware": false,
                          "Scan Direction": "Forward",
                          "Index Name": "title_pkey",
                          "Relation Name": "title",
                          "Alias": "t",
                          "Startup Cost": 0.43,
                          "Total Cost": 7.33,
                          "Plan Rows": 1,
                          "Plan Width": 4,
                          "Actual Startup Time": 0.012,
                          "Actual Total Time": 0.012,
                          "Actual Rows": 0,
                          "Actual Loops": 3426,
                          "Index Cond": "(id = mk.movie_id)",
                          "Rows Removed by Index Recheck": 0,
                          "Filter": "(production_year > 2011)",
                          "Rows Removed by Filter": 1
                        }
                      ]
                    },
                    {
                      "Node Type": "Index Only Scan",
                      "Parent Relationship": "Inner",
                      "Parallel Aware": false,
                      "Scan Direction": "Forward",
                      "Index Name": "movie_id_movie_info",
                      "Relation Name": "movie_info",
                      "Alias": "mi",
                      "Startup Cost": 0.43,
                      "Total Cost": 4.93,
                      "Plan Rows": 42,
                      "Plan Width": 4,
                      "Actual Startup Time": 0.032,
                      "Actual Total Time": 0.123,
                      "Actual Rows": 63,
                      "Actual Loops": 76,
                      "Index Cond": "(movie_id = t.id)",
                      "Rows Removed by Index Recheck": 0,
                      "Heap Fetches": 4811
                    }
                  ]
                }
              ]
            }
          ]
        }
      ]
    },
    "Planning Time": 1.373,
    "Triggers": [],
    "Execution Time": 39.452
  }
]