[
  {
    "Plan": {
      "Node Type": "Aggregate",
      "Strategy": "Plain",
      "Partial Mode": "Finalize",
      "Parallel Aware": false,
      "Startup Cost": 45703.94,
      "Total Cost": 45703.95,
      "Plan Rows": 1,
      "Plan Width": 8,
      "Actual Startup Time": 151.789,
      "Actual Total Time": 160.817,
      "Actual Rows": 1,
      "Actual Loops": 1,
      "Plans": [
        {
          "Node Type": "Gather",
          "Parent Relationship": "Outer",
          "Parallel Aware": false,
          "Startup Cost": 45703.62,
          "Total Cost": 45703.93,
          "Plan Rows": 3,
          "Plan Width": 8,
          "Actual Startup Time": 151.681,
          "Actual Total Time": 160.81,
          "Actual Rows": 4,
          "Actual Loops": 1,
          "Workers Planned": 3,
          "Workers Launched": 3,
          "Single Copy": false,
          "Plans": [
            {
              "Node Type": "Aggregate",
              "Strategy": "Plain",
              "Partial Mode": "Partial",
              "Parent Relationship": "Outer",
              "Parallel Aware": false,
              "Startup Cost": 44703.62,
              "Total Cost": 44703.63,
              "Plan Rows": 1,
              "Plan Width": 8,
              "Actual Startup Time": 144.452,
              "Actual Total Time": 144.454,
              "Actual Rows": 1,
              "Actual Loops": 4,
              "Plans": [
                {
                  "Node Type": "Seq Scan",
                  "Parent Relationship": "Outer",
                  "Parallel Aware": true,
                  "Relation Name": "movie_keyword",
                  "Alias": "mk",
                  "Startup Cost": 0.0,
                  "Total Cost": 42695.65,
                  "Plan Rows": 803186,
                  "Plan Width": 0,
                  "Actual Startup Time": 0.056,
                  "Actual Total Time": 116.053,
                  "Actual Rows": 623366,
                  "Actual Loops": 4,
                  "Filter": "(keyword_id < 6071)",
                  "Rows Removed by Filter": 507617
                }
              ]
            }
          ]
        }
      ]
    },
    "Planning Time": 0.152,
    "Triggers": [],
    "Execution Time": 160.865
  }
]