{
    "Plan": {
        "Node Type": "Aggregate",
        "Strategy": "Plain",
        "Partial Mode": "Simple",
        "Parallel Aware": false,
        "Startup Cost": 50006892978.22,
        "Total Cost": 50006892978.23,
        "Plan Rows": 1,
        "Plan Width": 64,
        "Actual Startup Time": 8420.9,
        "Actual Total Time": 8421.072,
        "Actual Rows": 1,
        "Actual Loops": 1,
        "Output": [
            "min((kt.kind)::text)",
            "min(t.title)"
        ],
        "Plans": [
            {
                "Node Type": "Nested Loop",
                "Parent Relationship": "Outer",
                "Parallel Aware": false,
                "Join Type": "Inner",
                "Startup Cost": 50006886720.45,
                "Total Cost": 50006892978.22,
                "Plan Rows": 1,
                "Plan Width": 27,
                "Actual Startup Time": 8386.767,
                "Actual Total Time": 8420.884,
                "Actual Rows": 618,
                "Actual Loops": 1,
                "Output": [
                    "kt.kind",
                    "t.title"
                ],
                "Inner Unique": true,
                "Plans": [
                    {
                        "Node Type": "Nested Loop",
                        "Parent Relationship": "Outer",
                        "Parallel Aware": false,
                        "Join Type": "Inner",
                        "Startup Cost": 40006886720.03,
                        "Total Cost": 40006892973.78,
                        "Plan Rows": 1,
                        "Plan Width": 31,
                        "Actual Startup Time": 8386.747,
                        "Actual Total Time": 8417.534,
                        "Actual Rows": 618,
                        "Actual Loops": 1,
                        "Output": [
                            "mk.keyword_id",
                            "t.title",
                            "kt.kind"
                        ],
                        "Inner Unique": false,
                        "Join Filter": "(t.id = mk.movie_id)",
                        "Rows Removed by Join Filter": 0,
                        "Plans": [
                            {
                                "Node Type": "Hash Join",
                                "Parent Relationship": "Outer",
                                "Parallel Aware": false,
                                "Join Type": "Inner",
                                "Startup Cost": 30006886719.2,
                                "Total Cost": 30006892967.8,
                                "Plan Rows": 1,
                                "Plan Width": 43,
                                "Actual Startup Time": 8386.71,
                                "Actual Total Time": 8417.23,
                                "Actual Rows": 6,
                                "Actual Loops": 1,
                                "Output": [
                                    "cc.movie_id",
                                    "mc.movie_id",
                                    "mi.movie_id",
                                    "t.title",
                                    "t.id",
                                    "kt.kind"
                                ],
                                "Inner Unique": false,
                                "Hash Cond": "(cn.id = mc.company_id)",
                                "Plans": [
                                    {
                                        "Node Type": "Seq Scan",
                                        "Parent Relationship": "Outer",
                                        "Parallel Aware": false,
                                        "Relation Name": "company_name",
                                        "Schema": "public",
                                        "Alias": "cn",
                                        "Startup Cost": 10000000000.0,
                                        "Total Cost": 10000005932.46,
                                        "Plan Rows": 84301,
                                        "Plan Width": 4,
                                        "Actual Startup Time": 0.03,
                                        "Actual Total Time": 37.273,
                                        "Actual Rows": 84843,
                                        "Actual Loops": 1,
                                        "Output": [
                                            "cn.id",
                                            "cn.name",
                                            "cn.country_code",
                                            "cn.imdb_id",
                                            "cn.name_pcode_nf",
                                            "cn.name_pcode_sf",
                                            "cn.md5sum"
                                        ],
                                        "Filter": "((cn.country_code)::text = '[us]'::text)",
                                        "Rows Removed by Filter": 150154
                                    },
                                    {
                                        "Node Type": "Hash",
                                        "Parent Relationship": "Inner",
                                        "Parallel Aware": false,
                                        "Startup Cost": 20006886719.19,
                                        "Total Cost": 20006886719.19,
                                        "Plan Rows": 1,
                                        "Plan Width": 47,
                                        "Actual Startup Time": 8375.315,
                                        "Actual Total Time": 8375.482,
                                        "Actual Rows": 6,
                                        "Actual Loops": 1,
                                        "Output": [
                                            "cc.movie_id",
                                            "mc.movie_id",
                                            "mc.company_id",
                                            "mi.movie_id",
                                            "t.title",
                                            "t.id",
                                            "kt.kind"
                                        ],
                                        "Hash Buckets": 1024,
                                        "Original Hash Buckets": 1024,
                                        "Hash Batches": 1,
                                        "Original Hash Batches": 1,
                                        "Peak Memory Usage": 9,
                                        "Plans": [
                                            {
                                                "Node Type": "Hash Join",
                                                "Parent Relationship": "Outer",
                                                "Parallel Aware": false,
                                                "Join Type": "Inner",
                                                "Startup Cost": 20006886705.19,
                                                "Total Cost": 20006886719.19,
                                                "Plan Rows": 1,
                                                "Plan Width": 47,
                                                "Actual Startup Time": 8375.296,
                                                "Actual Total Time": 8375.477,
                                                "Actual Rows": 6,
                                                "Actual Loops": 1,
                                                "Output": [
                                                    "cc.movie_id",
                                                    "mc.movie_id",
                                                    "mc.company_id",
                                                    "mi.movie_id",
                                                    "t.title",
                                                    "t.id",
                                                    "kt.kind"
                                                ],
                                                "Inner Unique": false,
                                                "Hash Cond": "(it1.id = mi.info_type_id)",
                                                "Plans": [
                                                    {
                                                        "Node Type": "Index Scan",
                                                        "Parent Relationship": "Outer",
                                                        "Parallel Aware": false,
                                                        "Scan Direction": "Forward",
                                                        "Index Name": "info_type_pkey",
                                                        "Relation Name": "info_type",
                                                        "Schema": "public",
                                                        "Alias": "it1",
                                                        "Startup Cost": 0.14,
                                                        "Total Cost": 14.12,
                                                        "Plan Rows": 1,
                                                        "Plan Width": 4,
                                                        "Actual Startup Time": 0.019,
                                                        "Actual Total Time": 0.032,
                                                        "Actual Rows": 1,
                                                        "Actual Loops": 1,
                                                        "Output": [
                                                            "it1.id",
                                                            "it1.info"
                                                        ],
                                                        "Filter": "((it1.info)::text = 'release dates'::text)",
                                                        "Rows Removed by Filter": 112
                                                    },
                                                    {
                                                        "Node Type": "Hash",
                                                        "Parent Relationship": "Inner",
                                                        "Parallel Aware": false,
                                                        "Startup Cost": 20006886704.93,
                                                        "Total Cost": 20006886704.93,
                                                        "Plan Rows": 9,
                                                        "Plan Width": 51,
                                                        "Actual Startup Time": 8375.256,
                                                        "Actual Total Time": 8375.422,
                                                        "Actual Rows": 6,
                                                        "Actual Loops": 1,
                                                        "Output": [
                                                            "cc.movie_id",
                                                            "mc.movie_id",
                                                            "mc.company_id",
                                                            "mi.movie_id",
                                                            "mi.info_type_id",
                                                            "t.title",
                                                            "t.id",
                                                            "kt.kind"
                                                        ],
                                                        "Hash Buckets": 1024,
                                                        "Original Hash Buckets": 1024,
                                                        "Hash Batches": 1,
                                                        "Original Hash Batches": 1,
                                                        "Peak Memory Usage": 9,
                                                        "Plans": [
                                                            {
                                                                "Node Type": "Nested Loop",
                                                                "Parent Relationship": "Outer",
                                                                "Parallel Aware": false,
                                                                "Join Type": "Inner",
                                                                "Startup Cost": 20006880689.63,
                                                                "Total Cost": 20006886704.93,
                                                                "Plan Rows": 9,
                                                                "Plan Width": 51,
                                                                "Actual Startup Time": 8372.654,
                                                                "Actual Total Time": 8375.416,
                                                                "Actual Rows": 6,
                                                                "Actual Loops": 1,
                                                                "Output": [
                                                                    "cc.movie_id",
                                                                    "mc.movie_id",
                                                                    "mc.company_id",
                                                                    "mi.movie_id",
                                                                    "mi.info_type_id",
                                                                    "t.title",
                                                                    "t.id",
                                                                    "kt.kind"
                                                                ],
                                                                "Inner Unique": true,
                                                                "Plans": [
                                                                    {
                                                                        "Node Type": "Hash Join",
                                                                        "Parent Relationship": "Outer",
                                                                        "Parallel Aware": false,
                                                                        "Join Type": "Inner",
                                                                        "Startup Cost": 20006880689.5,
                                                                        "Total Cost": 20006886703.62,
                                                                        "Plan Rows": 9,
                                                                        "Plan Width": 55,
                                                                        "Actual Startup Time": 8372.634,
                                                                        "Actual Total Time": 8375.39,
                                                                        "Actual Rows": 6,
                                                                        "Actual Loops": 1,
                                                                        "Output": [
                                                                            "cc.movie_id",
                                                                            "mc.movie_id",
                                                                            "mc.company_id",
                                                                            "mc.company_type_id",
                                                                            "mi.movie_id",
                                                                            "mi.info_type_id",
                                                                            "t.title",
                                                                            "t.id",
                                                                            "kt.kind"
                                                                        ],
                                                                        "Inner Unique": false,
                                                                        "Hash Cond": "(t.id = mi.movie_id)",
                                                                        "Plans": [
                                                                            {
                                                                                "Node Type": "Hash Join",
                                                                                "Parent Relationship": "Outer",
                                                                                "Parallel Aware": false,
                                                                                "Join Type": "Inner",
                                                                                "Startup Cost": 20006666017.44,
                                                                                "Total Cost": 20006666284.59,
                                                                                "Plan Rows": 14190,
                                                                                "Plan Width": 47,
                                                                                "Actual Startup Time": 7784.442,
                                                                                "Actual Total Time": 7786.78,
                                                                                "Actual Rows": 23883,
                                                                                "Actual Loops": 1,
                                                                                "Output": [
                                                                                    "cc.movie_id",
                                                                                    "mc.movie_id",
                                                                                    "mc.company_id",
                                                                                    "mc.company_type_id",
                                                                                    "t.title",
                                                                                    "t.id",
                                                                                    "kt.kind"
                                                                                ],
                                                                                "Inner Unique": false,
                                                                                "Hash Cond": "(kt.id = t.kind_id)",
                                                                                "Plans": [
                                                                                    {
                                                                                        "Node Type": "Seq Scan",
                                                                                        "Parent Relationship": "Outer",
                                                                                        "Parallel Aware": false,
                                                                                        "Relation Name": "kind_type",
                                                                                        "Schema": "public",
                                                                                        "Alias": "kt",
                                                                                        "Startup Cost": 0.0,
                                                                                        "Total Cost": 1.09,
                                                                                        "Plan Rows": 1,
                                                                                        "Plan Width": 14,
                                                                                        "Actual Startup Time": 0.014,
                                                                                        "Actual Total Time": 0.019,
                                                                                        "Actual Rows": 1,
                                                                                        "Actual Loops": 1,
                                                                                        "Output": [
                                                                                            "kt.id",
                                                                                            "kt.kind"
                                                                                        ],
                                                                                        "Filter": "((kt.kind)::text = 'movie'::text)",
                                                                                        "Rows Removed by Filter": 6
                                                                                    },
                                                                                    {
                                                                                        "Node Type": "Hash",
                                                                                        "Parent Relationship": "Inner",
                                                                                        "Parallel Aware": false,
                                                                                        "Startup Cost": 20006664775.79,
                                                                                        "Total Cost": 20006664775.79,
                                                                                        "Plan Rows": 99332,
                                                                                        "Plan Width": 41,
                                                                                        "Actual Startup Time": 7784.19,
                                                                                        "Actual Total Time": 7784.195,
                                                                                        "Actual Rows": 28562,
                                                                                        "Actual Loops": 1,
                                                                                        "Output": [
                                                                                            "cc.movie_id",
                                                                                            "mc.movie_id",
                                                                                            "mc.company_id",
                                                                                            "mc.company_type_id",
                                                                                            "t.title",
                                                                                            "t.kind_id",
                                                                                            "t.id"
                                                                                        ],
                                                                                        "Hash Buckets": 131072,
                                                                                        "Original Hash Buckets": 131072,
                                                                                        "Hash Batches": 1,
                                                                                        "Original Hash Batches": 1,
                                                                                        "Peak Memory Usage": 3083,
                                                                                        "Plans": [
                                                                                            {
                                                                                                "Node Type": "Hash Join",
                                                                                                "Parent Relationship": "Outer",
                                                                                                "Parallel Aware": false,
                                                                                                "Join Type": "Inner",
                                                                                                "Startup Cost": 20000000004.54,
                                                                                                "Total Cost": 20006664775.79,
                                                                                                "Plan Rows": 99332,
                                                                                                "Plan Width": 41,
                                                                                                "Actual Startup Time": 2.721,
                                                                                                "Actual Total Time": 7772.802,
                                                                                                "Actual Rows": 28562,
                                                                                                "Actual Loops": 1,
                                                                                                "Output": [
                                                                                                    "cc.movie_id",
                                                                                                    "mc.movie_id",
                                                                                                    "mc.company_id",
                                                                                                    "mc.company_type_id",
                                                                                                    "t.title",
                                                                                                    "t.kind_id",
                                                                                                    "t.id"
                                                                                                ],
                                                                                                "Inner Unique": false,
                                                                                                "Hash Cond": "(cc.status_id = cct1.id)",
                                                                                                "Plans": [
                                                                                                    {
                                                                                                        "Node Type": "Nested Loop",
                                                                                                        "Parent Relationship": "Outer",
                                                                                                        "Parallel Aware": false,
                                                                                                        "Join Type": "Inner",
                                                                                                        "Startup Cost": 20000000003.47,
                                                                                                        "Total Cost": 20006662291.45,
                                                                                                        "Plan Rows": 397323,
                                                                                                        "Plan Width": 45,
                                                                                                        "Actual Startup Time": 2.693,
                                                                                                        "Actual Total Time": 7745.006,
                                                                                                        "Actual Rows": 148643,
                                                                                                        "Actual Loops": 1,
                                                                                                        "Output": [
                                                                                                            "cc.movie_id",
                                                                                                            "cc.status_id",
                                                                                                            "mc.movie_id",
                                                                                                            "mc.company_id",
                                                                                                            "mc.company_type_id",
                                                                                                            "t.title",
                                                                                                            "t.kind_id",
                                                                                                            "t.id"
                                                                                                        ],
                                                                                                        "Inner Unique": false,
                                                                                                        "Plans": [
                                                                                                            {
                                                                                                                "Node Type": "Merge Join",
                                                                                                                "Parent Relationship": "Outer",
                                                                                                                "Parallel Aware": false,
                                                                                                                "Join Type": "Inner",
                                                                                                                "Startup Cost": 10000000003.04,
                                                                                                                "Total Cost": 10000281600.9,
                                                                                                                "Plan Rows": 1423685,
                                                                                                                "Plan Width": 37,
                                                                                                                "Actual Startup Time": 0.045,
                                                                                                                "Actual Total Time": 3137.517,
                                                                                                                "Actual Rows": 1170186,
                                                                                                                "Actual Loops": 1,
                                                                                                                "Output": [
                                                                                                                    "mc.movie_id",
                                                                                                                    "mc.company_id",
                                                                                                                    "mc.company_type_id",
                                                                                                                    "t.title",
                                                                                                                    "t.kind_id",
                                                                                                                    "t.id"
                                                                                                                ],
                                                                                                                "Inner Unique": false,
                                                                                                                "Merge Cond": "(t.id = mc.movie_id)",
                                                                                                                "Plans": [
                                                                                                                    {
                                                                                                                        "Node Type": "Index Scan",
                                                                                                                        "Parent Relationship": "Outer",
                                                                                                                        "Parallel Aware": false,
                                                                                                                        "Scan Direction": "Forward",
                                                                                                                        "Index Name": "title_pkey",
                                                                                                                        "Relation Name": "title",
                                                                                                                        "Schema": "public",
                                                                                                                        "Alias": "t",
                                                                                                                        "Startup Cost": 10000000000.43,
                                                                                                                        "Total Cost": 10000116662.9,
                                                                                                                        "Plan Rows": 1379592,
                                                                                                                        "Plan Width": 25,
                                                                                                                        "Actual Startup Time": 0.024,
                                                                                                                        "Actual Total Time": 1557.538,
                                                                                                                        "Actual Rows": 1381090,
                                                                                                                        "Actual Loops": 1,
                                                                                                                        "Output": [
                                                                                                                            "t.id",
                                                                                                                            "t.title",
                                                                                                                            "t.imdb_index",
                                                                                                                            "t.kind_id",
                                                                                                                            "t.production_year",
                                                                                                                            "t.imdb_id",
                                                                                                                            "t.phonetic_code",
                                                                                                                            "t.episode_of_id",
                                                                                                                            "t.season_nr",
                                                                                                                            "t.episode_nr",
                                                                                                                            "t.series_years",
                                                                                                                            "t.md5sum"
                                                                                                                        ],
                                                                                                                        "Filter": "(t.production_year > 2000)",
                                                                                                                        "Rows Removed by Filter": 1144656
                                                                                                                    },
                                                                                                                    {
                                                                                                                        "Node Type": "Index Scan",
                                                                                                                        "Parent Relationship": "Inner",
                                                                                                                        "Parallel Aware": false,
                                                                                                                        "Scan Direction": "Forward",
                                                                                                                        "Index Name": "movie_id_movie_companies",
                                                                                                                        "Relation Name": "movie_companies",
                                                                                                                        "Schema": "public",
                                                                                                                        "Alias": "mc",
                                                                                                                        "Startup Cost": 0.43,
                                                                                                                        "Total Cost": 140849.93,
                                                                                                                        "Plan Rows": 2609129,
                                                                                                                        "Plan Width": 12,
                                                                                                                        "Actual Startup Time": 0.016,
                                                                                                                        "Actual Total Time": 1093.34,
                                                                                                                        "Actual Rows": 2609129,
                                                                                                                        "Actual Loops": 1,
                                                                                                                        "Output": [
                                                                                                                            "mc.id",
                                                                                                                            "mc.movie_id",
                                                                                                                            "mc.company_id",
                                                                                                                            "mc.company_type_id",
                                                                                                                            "mc.note"
                                                                                                                        ]
                                                                                                                    }
                                                                                                                ]
                                                                                                            },
                                                                                                            {
                                                                                                                "Node Type": "Bitmap Heap Scan",
                                                                                                                "Parent Relationship": "Inner",
                                                                                                                "Parallel Aware": false,
                                                                                                                "Relation Name": "complete_cast",
                                                                                                                "Schema": "public",
                                                                                                                "Alias": "cc",
                                                                                                                "Startup Cost": 0.44,
                                                                                                                "Total Cost": 4.46,
                                                                                                                "Plan Rows": 2,
                                                                                                                "Plan Width": 8,
                                                                                                                "Actual Startup Time": 0.002,
                                                                                                                "Actual Total Time": 0.002,
                                                                                                                "Actual Rows": 0,
                                                                                                                "Actual Loops": 1170186,
                                                                                                                "Output": [
                                                                                                                    "cc.id",
                                                                                                                    "cc.movie_id",
                                                                                                                    "cc.subject_id",
                                                                                                                    "cc.status_id"
                                                                                                                ],
                                                                                                                "Recheck Cond": "(cc.movie_id = t.id)",
                                                                                                                "Rows Removed by Index Recheck": 0,
                                                                                                                "Exact Heap Blocks": 148643,
                                                                                                                "Lossy Heap Blocks": 0,
                                                                                                                "Plans": [
                                                                                                                    {
                                                                                                                        "Node Type": "Bitmap Index Scan",
                                                                                                                        "Parent Relationship": "Outer",
                                                                                                                        "Parallel Aware": false,
                                                                                                                        "Index Name": "movie_id_complete_cast",
                                                                                                                        "Startup Cost": 0.0,
                                                                                                                        "Total Cost": 0.44,
                                                                                                                        "Plan Rows": 2,
                                                                                                                        "Plan Width": 0,
                                                                                                                        "Actual Startup Time": 0.002,
                                                                                                                        "Actual Total Time": 0.002,
                                                                                                                        "Actual Rows": 0,
                                                                                                                        "Actual Loops": 1170186,
                                                                                                                        "Index Cond": "(cc.movie_id = t.id)"
                                                                                                                    }
                                                                                                                ]
                                                                                                            }
                                                                                                        ]
                                                                                                    },
                                                                                                    {
                                                                                                        "Node Type": "Hash",
                                                                                                        "Parent Relationship": "Inner",
                                                                                                        "Parallel Aware": false,
                                                                                                        "Startup Cost": 1.05,
                                                                                                        "Total Cost": 1.05,
                                                                                                        "Plan Rows": 1,
                                                                                                        "Plan Width": 4,
                                                                                                        "Actual Startup Time": 0.013,
                                                                                                        "Actual Total Time": 0.014,
                                                                                                        "Actual Rows": 1,
                                                                                                        "Actual Loops": 1,
                                                                                                        "Output": [
                                                                                                            "cct1.id"
                                                                                                        ],
                                                                                                        "Hash Buckets": 1024,
                                                                                                        "Original Hash Buckets": 1024,
                                                                                                        "Hash Batches": 1,
                                                                                                        "Original Hash Batches": 1,
                                                                                                        "Peak Memory Usage": 9,
                                                                                                        "Plans": [
                                                                                                            {
                                                                                                                "Node Type": "Seq Scan",
                                                                                                                "Parent Relationship": "Outer",
                                                                                                                "Parallel Aware": false,
                                                                                                                "Relation Name": "comp_cast_type",
                                                                                                                "Schema": "public",
                                                                                                                "Alias": "cct1",
                                                                                                                "Startup Cost": 0.0,
                                                                                                                "Total Cost": 1.05,
                                                                                                                "Plan Rows": 1,
                                                                                                                "Plan Width": 4,
                                                                                                                "Actual Startup Time": 0.01,
                                                                                                                "Actual Total Time": 0.011,
                                                                                                                "Actual Rows": 1,
                                                                                                                "Actual Loops": 1,
                                                                                                                "Output": [
                                                                                                                    "cct1.id"
                                                                                                                ],
                                                                                                                "Filter": "((cct1.kind)::text = 'complete+verified'::text)",
                                                                                                                "Rows Removed by Filter": 3
                                                                                                            }
                                                                                                        ]
                                                                                                    }
                                                                                                ]
                                                                                            }
                                                                                        ]
                                                                                    }
                                                                                ]
                                                                            },
                                                                            {
                                                                                "Node Type": "Hash",
                                                                                "Parent Relationship": "Inner",
                                                                                "Parallel Aware": false,
                                                                                "Startup Cost": 214668.03,
                                                                                "Total Cost": 214668.03,
                                                                                "Plan Rows": 322,
                                                                                "Plan Width": 8,
                                                                                "Actual Startup Time": 587.241,
                                                                                "Actual Total Time": 587.397,
                                                                                "Actual Rows": 1783,
                                                                                "Actual Loops": 1,
                                                                                "Output": [
                                                                                    "mi.movie_id",
                                                                                    "mi.info_type_id"
                                                                                ],
                                                                                "Hash Buckets": 2048,
                                                                                "Original Hash Buckets": 1024,
                                                                                "Hash Batches": 1,
                                                                                "Original Hash Batches": 1,
                                                                                "Peak Memory Usage": 86,
                                                                                "Plans": [
                                                                                    {
                                                                                        "Node Type": "Gather",
                                                                                        "Parent Relationship": "Outer",
                                                                                        "Parallel Aware": false,
                                                                                        "Startup Cost": 1000.0,
                                                                                        "Total Cost": 214668.03,
                                                                                        "Plan Rows": 322,
                                                                                        "Plan Width": 8,
                                                                                        "Actual Startup Time": 168.25,
                                                                                        "Actual Total Time": 587.027,
                                                                                        "Actual Rows": 1783,
                                                                                        "Actual Loops": 1,
                                                                                        "Output": [
                                                                                            "mi.movie_id",
                                                                                            "mi.info_type_id"
                                                                                        ],
                                                                                        "Workers Planned": 5,
                                                                                        "Workers Launched": 5,
                                                                                        "Single Copy": false,
                                                                                        "Plans": [
                                                                                            {
                                                                                                "Node Type": "Seq Scan",
                                                                                                "Parent Relationship": "Outer",
                                                                                                "Parallel Aware": true,
                                                                                                "Relation Name": "movie_info",
                                                                                                "Schema": "public",
                                                                                                "Alias": "mi",
                                                                                                "Startup Cost": 0.0,
                                                                                                "Total Cost": 213635.83,
                                                                                                "Plan Rows": 64,
                                                                                                "Plan Width": 8,
                                                                                                "Actual Startup Time": 158.364,
                                                                                                "Actual Total Time": 576.571,
                                                                                                "Actual Rows": 297,
                                                                                                "Actual Loops": 6,
                                                                                                "Output": [
                                                                                                    "mi.movie_id",
                                                                                                    "mi.info_type_id"
                                                                                                ],
                                                                                                "Filter": "((mi.info IS NOT NULL) AND (mi.note ~~ '%internet%'::text) AND ((mi.info ~~ 'USA:% 199%'::text) OR (mi.info ~~ 'USA:% 200%'::text)))",
                                                                                                "Rows Removed by Filter": 2472323,
                                                                                                "Workers": [
                                                                                                    {
                                                                                                        "Worker Number": 0,
                                                                                                        "Actual Startup Time": 155.955,
                                                                                                        "Actual Total Time": 574.312,
                                                                                                        "Actual Rows": 243,
                                                                                                        "Actual Loops": 1
                                                                                                    },
                                                                                                    {
                                                                                                        "Worker Number": 1,
                                                                                                        "Actual Startup Time": 156.011,
                                                                                                        "Actual Total Time": 574.809,
                                                                                                        "Actual Rows": 263,
                                                                                                        "Actual Loops": 1
                                                                                                    },
                                                                                                    {
                                                                                                        "Worker Number": 2,
                                                                                                        "Actual Startup Time": 156.346,
                                                                                                        "Actual Total Time": 574.783,
                                                                                                        "Actual Rows": 296,
                                                                                                        "Actual Loops": 1
                                                                                                    },
                                                                                                    {
                                                                                                        "Worker Number": 3,
                                                                                                        "Actual Startup Time": 157.913,
                                                                                                        "Actual Total Time": 574.945,
                                                                                                        "Actual Rows": 259,
                                                                                                        "Actual Loops": 1
                                                                                                    },
                                                                                                    {
                                                                                                        "Worker Number": 4,
                                                                                                        "Actual Startup Time": 156.295,
                                                                                                        "Actual Total Time": 574.918,
                                                                                                        "Actual Rows": 279,
                                                                                                        "Actual Loops": 1
                                                                                                    }
                                                                                                ]
                                                                                            }
                                                                                        ]
                                                                                    }
                                                                                ]
                                                                            }
                                                                        ]
                                                                    },
                                                                    {
                                                                        "Node Type": "Index Scan",
                                                                        "Parent Relationship": "Inner",
                                                                        "Parallel Aware": false,
                                                                        "Scan Direction": "Forward",
                                                                        "Index Name": "company_type_pkey",
                                                                        "Relation Name": "company_type",
                                                                        "Schema": "public",
                                                                        "Alias": "ct",
                                                                        "Startup Cost": 0.13,
                                                                        "Total Cost": 0.15,
                                                                        "Plan Rows": 1,
                                                                        "Plan Width": 4,
                                                                        "Actual Startup Time": 0.003,
                                                                        "Actual Total Time": 0.003,
                                                                        "Actual Rows": 1,
                                                                        "Actual Loops": 6,
                                                                        "Output": [
                                                                            "ct.id",
                                                                            "ct.kind"
                                                                        ],
                                                                        "Index Cond": "(ct.id = mc.company_type_id)",
                                                                        "Rows Removed by Index Recheck": 0
                                                                    }
                                                                ]
                                                            }
                                                        ]
                                                    }
                                                ]
                                            }
                                        ]
                                    }
                                ]
                            },
                            {
                                "Node Type": "Bitmap Heap Scan",
                                "Parent Relationship": "Inner",
                                "Parallel Aware": false,
                                "Relation Name": "movie_keyword",
                                "Schema": "public",
                                "Alias": "mk",
                                "Startup Cost": 0.82,
                                "Total Cost": 5.4,
                                "Plan Rows": 46,
                                "Plan Width": 8,
                                "Actual Startup Time": 0.019,
                                "Actual Total Time": 0.03,
                                "Actual Rows": 103,
                                "Actual Loops": 6,
                                "Output": [
                                    "mk.id",
                                    "mk.movie_id",
                                    "mk.keyword_id"
                                ],
                                "Recheck Cond": "(mk.movie_id = mc.movie_id)",
                                "Rows Removed by Index Recheck": 0,
                                "Exact Heap Blocks": 10,
                                "Lossy Heap Blocks": 0,
                                "Plans": [
                                    {
                                        "Node Type": "Bitmap Index Scan",
                                        "Parent Relationship": "Outer",
                                        "Parallel Aware": false,
                                        "Index Name": "movie_id_movie_keyword",
                                        "Startup Cost": 0.0,
                                        "Total Cost": 0.81,
                                        "Plan Rows": 46,
                                        "Plan Width": 0,
                                        "Actual Startup Time": 0.012,
                                        "Actual Total Time": 0.012,
                                        "Actual Rows": 103,
                                        "Actual Loops": 6,
                                        "Index Cond": "(mk.movie_id = mc.movie_id)"
                                    }
                                ]
                            }
                        ]
                    },
                    {
                        "Node Type": "Bitmap Heap Scan",
                        "Parent Relationship": "Inner",
                        "Parallel Aware": false,
                        "Relation Name": "keyword",
                        "Schema": "public",
                        "Alias": "k",
                        "Startup Cost": 0.43,
                        "Total Cost": 4.44,
                        "Plan Rows": 1,
                        "Plan Width": 4,
                        "Actual Startup Time": 0.004,
                        "Actual Total Time": 0.004,
                        "Actual Rows": 1,
                        "Actual Loops": 618,
                        "Output": [
                            "k.id",
                            "k.keyword",
                            "k.phonetic_code"
                        ],
                        "Recheck Cond": "(k.id = mk.keyword_id)",
                        "Rows Removed by Index Recheck": 0,
                        "Exact Heap Blocks": 618,
                        "Lossy Heap Blocks": 0,
                        "Plans": [
                            {
                                "Node Type": "Bitmap Index Scan",
                                "Parent Relationship": "Outer",
                                "Parallel Aware": false,
                                "Index Name": "keyword_pkey",
                                "Startup Cost": 0.0,
                                "Total Cost": 0.43,
                                "Plan Rows": 1,
                                "Plan Width": 0,
                                "Actual Startup Time": 0.002,
                                "Actual Total Time": 0.002,
                                "Actual Rows": 1,
                                "Actual Loops": 618,
                                "Index Cond": "(k.id = mk.keyword_id)"
                            }
                        ]
                    }
                ]
            }
        ]
    },
    "Planning Time": 31.279,
    "Triggers": [],
    "Execution Time": 8421.314
}