{
  "Plan": {
    "Node Type": "Aggregate",
    "Strategy": "Plain",
    "Partial Mode": "Finalize",
    "Parallel Aware": false,
    "Startup Cost": 104346.03,
    "Total Cost": 104346.04,
    "Plan Rows": 1,
    "Plan Width": 8,
    "Actual Startup Time": 310.328,
    "Actual Total Time": 330.211,
    "Actual Rows": 1,
    "Actual Loops": 1,
    "Plans": [
      {
        "Node Type": "Gather",
        "Parent Relationship": "Outer",
        "Parallel Aware": false,
        "Startup Cost": 104345.92,
        "Total Cost": 104346.03,
        "Plan Rows": 1,
        "Plan Width": 8,
        "Actual Startup Time": 309.726,
        "Actual Total Time": 330.203,
        "Actual Rows": 2,
        "Actual Loops": 1,
        "Workers Planned": 1,
        "Workers Launched": 1,
        "Single Copy": false,
        "Plans": [
          {
            "Node Type": "Aggregate",
            "Strategy": "Plain",
            "Partial Mode": "Partial",
            "Parent Relationship": "Outer",
            "Parallel Aware": false,
            "Startup Cost": 103345.92,
            "Total Cost": 103345.93,
            "Plan Rows": 1,
            "Plan Width": 8,
            "Actual Startup Time": 303.547,
            "Actual Total Time": 303.55,
            "Actual Rows": 1,
            "Actual Loops": 2,
            "Plans": [
              {
                "Node Type": "Nested Loop",
                "Parent Relationship": "Outer",
                "Parallel Aware": false,
                "Join Type": "Inner",
                "Startup Cost": 68515.24,
                "Total Cost": 103332.41,
                "Plan Rows": 5404,
                "Plan Width": 0,
                "Actual Startup Time": 188.012,
                "Actual Total Time": 303.182,
                "Actual Rows": 5664,
                "Actual Loops": 2,
                "Inner Unique": false,
                "Join Filter": "(t.id = mi_idx.movie_id)",
                "Rows Removed by Join Filter": 0,
                "Plans": [
                  {
                    "Node Type": "Hash Join",
                    "Parent Relationship": "Outer",
                    "Parallel Aware": true,
                    "Join Type": "Inner",
                    "Startup Cost": 68514.81,
                    "Total Cost": 96956.87,
                    "Plan Rows": 9900,
                    "Plan Width": 8,
                    "Actual Startup Time": 187.947,
                    "Actual Total Time": 286.184,
                    "Actual Rows": 4620,
                    "Actual Loops": 2,
                    "Inner Unique": true,
                    "Hash Cond": "(mk.movie_id = t.id)",
                    "Plans": [
                      {
                        "Node Type": "Bitmap Heap Scan",
                        "Parent Relationship": "Outer",
                        "Parallel Aware": true,
                        "Relation Name": "movie_keyword",
                        "Alias": "mk",
                        "Startup Cost": 9510.33,
                        "Total Cost": 37260.25,
                        "Plan Rows": 263674,
                        "Plan Width": 4,
                        "Actual Startup Time": 28.125,
                        "Actual Total Time": 92.654,
                        "Actual Rows": 232700,
                        "Actual Loops": 2,
                        "Recheck Cond": "(keyword_id < 355)",
                        "Rows Removed by Index Recheck": 0,
                        "Exact Heap Blocks": 13571,
                        "Lossy Heap Blocks": 0,
                        "Plans": [
                          {
                            "Node Type": "Bitmap Index Scan",
                            "Parent Relationship": "Outer",
                            "Parallel Aware": false,
                            "Index Name": "keyword_id_movie_keyword",
                            "Startup Cost": 0.0,
                            "Total Cost": 9398.27,
                            "Plan Rows": 448245,
                            "Plan Width": 0,
                            "Actual Startup Time": 24.584,
                            "Actual Total Time": 24.584,
                            "Actual Rows": 465401,
                            "Actual Loops": 1,
                            "Index Cond": "(keyword_id < 355)"
                          }
                        ]
                      },
                      {
                        "Node Type": "Hash",
                        "Parent Relationship": "Inner",
                        "Parallel Aware": true,
                        "Startup Cost": 58306.47,
                        "Total Cost": 58306.47,
                        "Plan Rows": 55841,
                        "Plan Width": 4,
                        "Actual Startup Time": 157.438,
                        "Actual Total Time": 157.439,
                        "Actual Rows": 50296,
                        "Actual Loops": 2,
                        "Hash Buckets": 131072,
                        "Original Hash Buckets": 131072,
                        "Hash Batches": 1,
                        "Original Hash Batches": 1,
                        "Peak Memory Usage": 4992,
                        "Plans": [
                          {
                            "Node Type": "Seq Scan",
                            "Parent Relationship": "Outer",
                            "Parallel Aware": true,
                            "Relation Name": "title",
                            "Alias": "t",
                            "Startup Cost": 0.0,
                            "Total Cost": 58306.47,
                            "Plan Rows": 55841,
                            "Plan Width": 4,
                            "Actual Startup Time": 0.038,
                            "Actual Total Time": 143.321,
                            "Actual Rows": 50296,
                            "Actual Loops": 2,
                            "Filter": "((kind_id > 1) AND (production_year = 2009))",
                            "Rows Removed by Filter": 1213860
                          }
                        ]
                      }
                    ]
                  },
                  {
                    "Node Type": "Index Only Scan",
                    "Parent Relationship": "Inner",
                    "Parallel Aware": false,
                    "Scan Direction": "Forward",
                    "Index Name": "movie_id_movie_info_idx",
                    "Relation Name": "movie_info_idx",
                    "Alias": "mi_idx",
                    "Startup Cost": 0.43,
                    "Total Cost": 0.61,
                    "Plan Rows": 3,
                    "Plan Width": 4,
                    "Actual Startup Time": 0.003,
                    "Actual Total Time": 0.003,
                    "Actual Rows": 1,
                    "Actual Loops": 9239,
                    "Index Cond": "(movie_id = mk.movie_id)",
                    "Rows Removed by Index Recheck": 0,
                    "Heap Fetches": 11328
                  }
                ]
              }
            ]
          }
        ]
      }
    ]
  },
  "Planning Time": 1.055,
  "Triggers": [],
  "Execution Time": 330.323
}