[
  {
    "Plan": {
      "Node Type": "Aggregate",
      "Strategy": "Plain",
      "Partial Mode": "Finalize",
      "Parallel Aware": false,
      "Startup Cost": 347164.22,
      "Total Cost": 347164.23,
      "Plan Rows": 1,
      "Plan Width": 8,
      "Actual Startup Time": 537.54,
      "Actual Total Time": 578.365,
      "Actual Rows": 1,
      "Actual Loops": 1,
      "Plans": [
        {
          "Node Type": "Gather",
          "Parent Relationship": "Outer",
          "Parallel Aware": false,
          "Startup Cost": 347163.6,
          "Total Cost": 347164.21,
          "Plan Rows": 6,
          "Plan Width": 8,
          "Actual Startup Time": 537.38,
          "Actual Total Time": 578.354,
          "Actual Rows": 7,
          "Actual Loops": 1,
          "Workers Planned": 6,
          "Workers Launched": 6,
          "Single Copy": false,
          "Plans": [
            {
              "Node Type": "Aggregate",
              "Strategy": "Plain",
              "Partial Mode": "Partial",
              "Parent Relationship": "Outer",
              "Parallel Aware": false,
              "Startup Cost": 346163.6,
              "Total Cost": 346163.61,
              "Plan Rows": 1,
              "Plan Width": 8,
              "Actual Startup Time": 529.862,
              "Actual Total Time": 529.864,
              "Actual Rows": 1,
              "Actual Loops": 7,
              "Plans": [
                {
                  "Node Type": "Index Scan",
                  "Parent Relationship": "Outer",
                  "Parallel Aware": true,
                  "Scan Direction": "Forward",
                  "Index Name": "role_id_cast_info",
                  "Relation Name": "cast_info",
                  "Alias": "ci",
                  "Startup Cost": 0.56,
                  "Total Cost": 341155.22,
                  "Plan Rows": 2003352,
                  "Plan Width": 0,
                  "Actual Startup Time": 58.133,
                  "Actual Total Time": 444.25,
                  "Actual Rows": 1605171,
                  "Actual Loops": 7,
                  "Index Cond": "(role_id = 1)",
                  "Rows Removed by Index Recheck": 0,
                  "Filter": "(person_id > 196163)",
                  "Rows Removed by Filter": 204927
                }
              ]
            }
          ]
        }
      ]
    },
    "Planning Time": 0.103,
    "Triggers": [],
    "Execution Time": 578.41
  }
]