[
  {
    "Plan": {
      "Node Type": "Aggregate",
      "Strategy": "Plain",
      "Partial Mode": "Finalize",
      "Parallel Aware": false,
      "Startup Cost": 46830.85,
      "Total Cost": 46830.86,
      "Plan Rows": 1,
      "Plan Width": 8,
      "Actual Startup Time": 97.856,
      "Actual Total Time": 108.804,
      "Actual Rows": 1,
      "Actual Loops": 1,
      "Plans": [
        {
          "Node Type": "Gather",
          "Parent Relationship": "Outer",
          "Parallel Aware": false,
          "Startup Cost": 46830.43,
          "Total Cost": 46830.84,
          "Plan Rows": 4,
          "Plan Width": 8,
          "Actual Startup Time": 97.453,
          "Actual Total Time": 108.795,
          "Actual Rows": 5,
          "Actual Loops": 1,
          "Workers Planned": 4,
          "Workers Launched": 4,
          "Single Copy": false,
          "Plans": [
            {
              "Node Type": "Aggregate",
              "Strategy": "Plain",
              "Partial Mode": "Partial",
              "Parent Relationship": "Outer",
              "Parallel Aware": false,
              "Startup Cost": 45830.43,
              "Total Cost": 45830.44,
              "Plan Rows": 1,
              "Plan Width": 8,
              "Actual Startup Time": 90.845,
              "Actual Total Time": 90.846,
              "Actual Rows": 1,
              "Actual Loops": 5,
              "Plans": [
                {
                  "Node Type": "Seq Scan",
                  "Parent Relationship": "Outer",
                  "Parallel Aware": true,
                  "Relation Name": "title",
                  "Alias": "t",
                  "Startup Cost": 0.0,
                  "Total Cost": 45479.1,
                  "Plan Rows": 140532,
                  "Plan Width": 0,
                  "Actual Startup Time": 0.04,
                  "Actual Total Time": 85.209,
                  "Actual Rows": 128357,
                  "Actual Loops": 5,
                  "Filter": "((kind_id < 7) AND (production_year < 2006))",
                  "Rows Removed by Filter": 377305
                }
              ]
            }
          ]
        }
      ]
    },
    "Planning Time": 0.191,
    "Triggers": [],
    "Execution Time": 108.863
  }
]