{
  "Plan": {
    "Node Type": "Aggregate",
    "Strategy": "Plain",
    "Partial Mode": "Finalize",
    "Parallel Aware": false,
    "Startup Cost": 167446.41,
    "Total Cost": 167446.42,
    "Plan Rows": 1,
    "Plan Width": 8,
    "Actual Startup Time": 652.003,
    "Actual Total Time": 673.807,
    "Actual Rows": 1,
    "Actual Loops": 1,
    "Plans": [
      {
        "Node Type": "Gather",
        "Parent Relationship": "Outer",
        "Parallel Aware": false,
        "Startup Cost": 167446.3,
        "Total Cost": 167446.41,
        "Plan Rows": 1,
        "Plan Width": 8,
        "Actual Startup Time": 650.822,
        "Actual Total Time": 673.8,
        "Actual Rows": 2,
        "Actual Loops": 1,
        "Workers Planned": 1,
        "Workers Launched": 1,
        "Single Copy": false,
        "Plans": [
          {
            "Node Type": "Aggregate",
            "Strategy": "Plain",
            "Partial Mode": "Partial",
            "Parent Relationship": "Outer",
            "Parallel Aware": false,
            "Startup Cost": 166446.3,
            "Total Cost": 166446.31,
            "Plan Rows": 1,
            "Plan Width": 8,
            "Actual Startup Time": 644.832,
            "Actual Total Time": 644.837,
            "Actual Rows": 1,
            "Actual Loops": 2,
            "Plans": [
              {
                "Node Type": "Hash Join",
                "Parent Relationship": "Outer",
                "Parallel Aware": true,
                "Join Type": "Inner",
                "Startup Cost": 104652.43,
                "Total Cost": 166222.84,
                "Plan Rows": 89386,
                "Plan Width": 0,
                "Actual Startup Time": 329.176,
                "Actual Total Time": 643.219,
                "Actual Rows": 34670,
                "Actual Loops": 2,
                "Inner Unique": false,
                "Hash Cond": "(mk.movie_id = t.id)",
                "Plans": [
                  {
                    "Node Type": "Seq Scan",
                    "Parent Relationship": "Outer",
                    "Parallel Aware": true,
                    "Relation Name": "movie_keyword",
                    "Alias": "mk",
                    "Startup Cost": 0.0,
                    "Total Cost": 51065.35,
                    "Plan Rows": 2661135,
                    "Plan Width": 4,
                    "Actual Startup Time": 0.014,
                    "Actual Total Time": 158.942,
                    "Actual Rows": 2261965,
                    "Actual Loops": 2
                  },
                  {
                    "Node Type": "Hash",
                    "Parent Relationship": "Inner",
                    "Parallel Aware": true,
                    "Startup Cost": 104027.99,
                    "Total Cost": 104027.99,
                    "Plan Rows": 49955,
                    "Plan Width": 8,
                    "Actual Startup Time": 326.063,
                    "Actual Total Time": 326.066,
                    "Actual Rows": 32008,
                    "Actual Loops": 2,
                    "Hash Buckets": 131072,
                    "Original Hash Buckets": 131072,
                    "Hash Batches": 1,
                    "Original Hash Batches": 1,
                    "Peak Memory Usage": 3552,
                    "Plans": [
                      {
                        "Node Type": "Hash Join",
                        "Parent Relationship": "Outer",
                        "Parallel Aware": true,
                        "Join Type": "Inner",
                        "Startup Cost": 61437.73,
                        "Total Cost": 104027.99,
                        "Plan Rows": 49955,
                        "Plan Width": 8,
                        "Actual Startup Time": 235.827,
                        "Actual Total Time": 319.108,
                        "Actual Rows": 32008,
                        "Actual Loops": 2,
                        "Inner Unique": true,
                        "Hash Cond": "(mc.movie_id = t.id)",
                        "Plans": [
                          {
                            "Node Type": "Seq Scan",
                            "Parent Relationship": "Outer",
                            "Parallel Aware": true,
                            "Relation Name": "movie_companies",
                            "Alias": "mc",
                            "Startup Cost": 0.0,
                            "Total Cost": 41811.73,
                            "Plan Rows": 296584,
                            "Plan Width": 4,
                            "Actual Startup Time": 49.253,
                            "Actual Total Time": 100.825,
                            "Actual Rows": 148272,
                            "Actual Loops": 2,
                            "Filter": "((company_id < 4589) AND (company_type_id = 2))",
                            "Rows Removed by Filter": 1156293
                          },
                          {
                            "Node Type": "Hash",
                            "Parent Relationship": "Inner",
                            "Parallel Aware": true,
                            "Startup Cost": 58306.47,
                            "Total Cost": 58306.47,
                            "Plan Rows": 250501,
                            "Plan Width": 4,
                            "Actual Startup Time": 182.3,
                            "Actual Total Time": 182.301,
                            "Actual Rows": 157584,
                            "Actual Loops": 2,
                            "Hash Buckets": 524288,
                            "Original Hash Buckets": 524288,
                            "Hash Batches": 1,
                            "Original Hash Batches": 1,
                            "Peak Memory Usage": 16480,
                            "Plans": [
                              {
                                "Node Type": "Seq Scan",
                                "Parent Relationship": "Outer",
                                "Parallel Aware": true,
                                "Relation Name": "title",
                                "Alias": "t",
                                "Startup Cost": 0.0,
                                "Total Cost": 58306.47,
                                "Plan Rows": 250501,
                                "Plan Width": 4,
                                "Actual Startup Time": 0.039,
                                "Actual Total Time": 143.617,
                                "Actual Rows": 157584,
                                "Actual Loops": 2,
                                "Filter": "((production_year < 1991) AND (kind_id = 7))",
                                "Rows Removed by Filter": 1106572
                              }
                            ]
                          }
                        ]
                      }
                    ]
                  }
                ]
              }
            ]
          }
        ]
      }
    ]
  },
  "Planning Time": 1.044,
  "Triggers": [],
  "Execution Time": 673.887
}