{
  "Plan": {
    "Node Type": "Aggregate",
    "Strategy": "Plain",
    "Partial Mode": "Finalize",
    "Parallel Aware": false,
    "Startup Cost": 459051.82,
    "Total Cost": 459051.83,
    "Plan Rows": 1,
    "Plan Width": 64,
    "Actual Startup Time": 1900.917,
    "Actual Total Time": 1951.835,
    "Actual Rows": 1,
    "Actual Loops": 1,
    "Plans": [
      {
        "Node Type": "Gather",
        "Parent Relationship": "Outer",
        "Parallel Aware": false,
        "Startup Cost": 459051.7,
        "Total Cost": 459051.81,
        "Plan Rows": 1,
        "Plan Width": 64,
        "Actual Startup Time": 1895.299,
        "Actual Total Time": 1951.82,
        "Actual Rows": 2,
        "Actual Loops": 1,
        "Workers Planned": 1,
        "Workers Launched": 1,
        "Single Copy": false,
        "Plans": [
          {
            "Node Type": "Aggregate",
            "Strategy": "Plain",
            "Partial Mode": "Partial",
            "Parent Relationship": "Outer",
            "Parallel Aware": false,
            "Startup Cost": 458051.7,
            "Total Cost": 458051.71,
            "Plan Rows": 1,
            "Plan Width": 64,
            "Actual Startup Time": 1887.736,
            "Actual Total Time": 1888.964,
            "Actual Rows": 1,
            "Actual Loops": 2,
            "Plans": [
              {
                "Node Type": "Hash Join",
                "Parent Relationship": "Outer",
                "Parallel Aware": true,
                "Join Type": "Inner",
                "Startup Cost": 452886.45,
                "Total Cost": 458051.68,
                "Plan Rows": 4,
                "Plan Width": 38,
                "Actual Startup Time": 1866.534,
                "Actual Total Time": 1888.504,
                "Actual Rows": 5674,
                "Actual Loops": 2,
                "Inner Unique": false,
                "Hash Cond": "(cn.id = mc.company_id)",
                "Plans": [
                  {
                    "Node Type": "Seq Scan",
                    "Parent Relationship": "Outer",
                    "Parallel Aware": true,
                    "Relation Name": "company_name",
                    "Alias": "cn",
                    "Startup Cost": 0.0,
                    "Total Cost": 4722.92,
                    "Plan Rows": 50548,
                    "Plan Width": 4,
                    "Actual Startup Time": 0.015,
                    "Actual Total Time": 14.141,
                    "Actual Rows": 42422,
                    "Actual Loops": 2,
                    "Filter": "((country_code)::text = '[us]'::text)",
                    "Rows Removed by Filter": 75077
                  },
                  {
                    "Node Type": "Hash",
                    "Parent Relationship": "Inner",
                    "Parallel Aware": true,
                    "Startup Cost": 452886.31,
                    "Total Cost": 452886.31,
                    "Plan Rows": 11,
                    "Plan Width": 42,
                    "Actual Startup Time": 1865.415,
                    "Actual Total Time": 1866.641,
                    "Actual Rows": 19884,
                    "Actual Loops": 2,
                    "Hash Buckets": 65536,
                    "Original Hash Buckets": 1024,
                    "Hash Batches": 1,
                    "Original Hash Batches": 1,
                    "Peak Memory Usage": 4216,
                    "Plans": [
                      {
                        "Node Type": "Hash Join",
                        "Parent Relationship": "Outer",
                        "Parallel Aware": false,
                        "Join Type": "Inner",
                        "Startup Cost": 391841.62,
                        "Total Cost": 452886.31,
                        "Plan Rows": 11,
                        "Plan Width": 42,
                        "Actual Startup Time": 1498.851,
                        "Actual Total Time": 1816.652,
                        "Actual Rows": 19884,
                        "Actual Loops": 2,
                        "Inner Unique": true,
                        "Hash Cond": "(mk.keyword_id = k.id)",
                        "Plans": [
                          {
                            "Node Type": "Hash Join",
                            "Parent Relationship": "Outer",
                            "Parallel Aware": true,
                            "Join Type": "Inner",
                            "Startup Cost": 387873.79,
                            "Total Cost": 448918.46,
                            "Plan Rows": 11,
                            "Plan Width": 46,
                            "Actual Startup Time": 1445.694,
                            "Actual Total Time": 1759.567,
                            "Actual Rows": 19884,
                            "Actual Loops": 2,
                            "Inner Unique": false,
                            "Hash Cond": "(mk.movie_id = t.id)",
                            "Plans": [
                              {
                                "Node Type": "Seq Scan",
                                "Parent Relationship": "Outer",
                                "Parallel Aware": true,
                                "Relation Name": "movie_keyword",
                                "Alias": "mk",
                                "Startup Cost": 0.0,
                                "Total Cost": 51065.35,
                                "Plan Rows": 2661135,
                                "Plan Width": 8,
                                "Actual Startup Time": 0.008,
                                "Actual Total Time": 156.165,
                                "Actual Rows": 2261965,
                                "Actual Loops": 2
                              },
                              {
                                "Node Type": "Hash",
                                "Parent Relationship": "Inner",
                                "Parallel Aware": true,
                                "Startup Cost": 387873.72,
                                "Total Cost": 387873.72,
                                "Plan Rows": 6,
                                "Plan Width": 58,
                                "Actual Startup Time": 1445.238,
                                "Actual Total Time": 1446.461,
                                "Actual Rows": 1050,
                                "Actual Loops": 2,
                                "Hash Buckets": 2048,
                                "Original Hash Buckets": 1024,
                                "Hash Batches": 1,
                                "Original Hash Batches": 1,
                                "Peak Memory Usage": 248,
                                "Plans": [
                                  {
                                    "Node Type": "Hash Join",
                                    "Parent Relationship": "Outer",
                                    "Parallel Aware": false,
                                    "Join Type": "Inner",
                                    "Startup Cost": 347980.39,
                                    "Total Cost": 387873.72,
                                    "Plan Rows": 6,
                                    "Plan Width": 58,
                                    "Actual Startup Time": 1216.813,
                                    "Actual Total Time": 1415.059,
                                    "Actual Rows": 1050,
                                    "Actual Loops": 2,
                                    "Inner Unique": true,
                                    "Hash Cond": "(mc.company_type_id = ct.id)",
                                    "Plans": [
                                      {
                                        "Node Type": "Hash Join",
                                        "Parent Relationship": "Outer",
                                        "Parallel Aware": true,
                                        "Join Type": "Inner",
                                        "Startup Cost": 347979.3,
                                        "Total Cost": 387872.59,
                                        "Plan Rows": 6,
                                        "Plan Width": 62,
                                        "Actual Startup Time": 1216.774,
                                        "Actual Total Time": 1414.823,
                                        "Actual Rows": 1050,
                                        "Actual Loops": 2,
                                        "Inner Unique": false,
                                        "Hash Cond": "(mc.movie_id = t.id)",
                                        "Plans": [
                                          {
                                            "Node Type": "Seq Scan",
                                            "Parent Relationship": "Outer",
                                            "Parallel Aware": true,
                                            "Relation Name": "movie_companies",
                                            "Alias": "mc",
                                            "Startup Cost": 0.0,
                                            "Total Cost": 34137.82,
                                            "Plan Rows": 1534782,
                                            "Plan Width": 12,
                                            "Actual Startup Time": 0.014,
                                            "Actual Total Time": 100.494,
                                            "Actual Rows": 1304564,
                                            "Actual Loops": 2
                                          },
                                          {
                                            "Node Type": "Hash",
                                            "Parent Relationship": "Inner",
                                            "Parallel Aware": true,
                                            "Startup Cost": 347979.22,
                                            "Total Cost": 347979.22,
                                            "Plan Rows": 6,
                                            "Plan Width": 50,
                                            "Actual Startup Time": 1216.363,
                                            "Actual Total Time": 1217.582,
                                            "Actual Rows": 292,
                                            "Actual Loops": 2,
                                            "Hash Buckets": 1024,
                                            "Original Hash Buckets": 1024,
                                            "Hash Batches": 1,
                                            "Original Hash Batches": 1,
                                            "Peak Memory Usage": 72,
                                            "Plans": [
                                              {
                                                "Node Type": "Hash Join",
                                                "Parent Relationship": "Outer",
                                                "Parallel Aware": true,
                                                "Join Type": "Inner",
                                                "Startup Cost": 338863.51,
                                                "Total Cost": 347979.22,
                                                "Plan Rows": 6,
                                                "Plan Width": 50,
                                                "Actual Startup Time": 1179.604,
                                                "Actual Total Time": 1217.379,
                                                "Actual Rows": 292,
                                                "Actual Loops": 2,
                                                "Inner Unique": false,
                                                "Hash Cond": "(at.movie_id = t.id)",
                                                "Plans": [
                                                  {
                                                    "Node Type": "Seq Scan",
                                                    "Parent Relationship": "Outer",
                                                    "Parallel Aware": true,
                                                    "Relation Name": "aka_title",
                                                    "Alias": "at",
                                                    "Startup Cost": 0.0,
                                                    "Total Cost": 8318.31,
                                                    "Plan Rows": 212631,
                                                    "Plan Width": 25,
                                                    "Actual Startup Time": 0.025,
                                                    "Actual Total Time": 19.526,
                                                    "Actual Rows": 180736,
                                                    "Actual Loops": 2
                                                  },
                                                  {
                                                    "Node Type": "Hash",
                                                    "Parent Relationship": "Inner",
                                                    "Parallel Aware": true,
                                                    "Startup Cost": 338862.98,
                                                    "Total Cost": 338862.98,
                                                    "Plan Rows": 42,
                                                    "Plan Width": 25,
                                                    "Actual Startup Time": 1179.329,
                                                    "Actual Total Time": 1180.545,
                                                    "Actual Rows": 5331,
                                                    "Actual Loops": 2,
                                                    "Hash Buckets": 16384,
                                                    "Original Hash Buckets": 1024,
                                                    "Hash Batches": 1,
                                                    "Original Hash Batches": 1,
                                                    "Peak Memory Usage": 920,
                                                    "Plans": [
                                                      {
                                                        "Node Type": "Hash Join",
                                                        "Parent Relationship": "Outer",
                                                        "Parallel Aware": true,
                                                        "Join Type": "Inner",
                                                        "Startup Cost": 67524.18,
                                                        "Total Cost": 338862.98,
                                                        "Plan Rows": 42,
                                                        "Plan Width": 25,
                                                        "Actual Startup Time": 680.386,
                                                        "Actual Total Time": 1158.368,
                                                        "Actual Rows": 5331,
                                                        "Actual Loops": 2,
                                                        "Inner Unique": true,
                                                        "Hash Cond": "(mi.movie_id = t.id)",
                                                        "Plans": [
                                                          {
                                                            "Node Type": "Hash Join",
                                                            "Parent Relationship": "Outer",
                                                            "Parallel Aware": false,
                                                            "Join Type": "Inner",
                                                            "Startup Cost": 2.43,
                                                            "Total Cost": 271341.07,
                                                            "Plan Rows": 60,
                                                            "Plan Width": 4,
                                                            "Actual Startup Time": 163.784,
                                                            "Actual Total Time": 631.682,
                                                            "Actual Rows": 5340,
                                                            "Actual Loops": 2,
                                                            "Inner Unique": true,
                                                            "Hash Cond": "(mi.info_type_id = it1.id)",
                                                            "Plans": [
                                                              {
                                                                "Node Type": "Seq Scan",
                                                                "Parent Relationship": "Outer",
                                                                "Parallel Aware": true,
                                                                "Relation Name": "movie_info",
                                                                "Alias": "mi",
                                                                "Startup Cost": 0.0,
                                                                "Total Cost": 271320.25,
                                                                "Plan Rows": 6755,
                                                                "Plan Width": 8,
                                                                "Actual Startup Time": 21.91,
                                                                "Actual Total Time": 630.441,
                                                                "Actual Rows": 5405,
                                                                "Actual Loops": 2,
                                                                "Filter": "(note ~~ '%internet%'::text)",
                                                                "Rows Removed by Filter": 7412455
                                                              },
                                                              {
                                                                "Node Type": "Hash",
                                                                "Parent Relationship": "Inner",
                                                                "Parallel Aware": false,
                                                                "Startup Cost": 2.41,
                                                                "Total Cost": 2.41,
                                                                "Plan Rows": 1,
                                                                "Plan Width": 4,
                                                                "Actual Startup Time": 0.042,
                                                                "Actual Total Time": 0.043,
                                                                "Actual Rows": 1,
                                                                "Actual Loops": 2,
                                                                "Hash Buckets": 1024,
                                                                "Original Hash Buckets": 1024,
                                                                "Hash Batches": 1,
                                                                "Original Hash Batches": 1,
                                                                "Peak Memory Usage": 9,
                                                                "Plans": [
                                                                  {
                                                                    "Node Type": "Seq Scan",
                                                                    "Parent Relationship": "Outer",
                                                                    "Parallel Aware": false,
                                                                    "Relation Name": "info_type",
                                                                    "Alias": "it1",
                                                                    "Startup Cost": 0.0,
                                                                    "Total Cost": 2.41,
                                                                    "Plan Rows": 1,
                                                                    "Plan Width": 4,
                                                                    "Actual Startup Time": 0.033,
                                                                    "Actual Total Time": 0.038,
                                                                    "Actual Rows": 1,
                                                                    "Actual Loops": 2,
                                                                    "Filter": "((info)::text = 'release dates'::text)",
                                                                    "Rows Removed by Filter": 112
                                                                  }
                                                                ]
                                                              }
                                                            ]
                                                          },
                                                          {
                                                            "Node Type": "Hash",
                                                            "Parent Relationship": "Inner",
                                                            "Parallel Aware": true,
                                                            "Startup Cost": 54589.98,
                                                            "Total Cost": 54589.98,
                                                            "Plan Rows": 1034542,
                                                            "Plan Width": 21,
                                                            "Actual Startup Time": 507.705,
                                                            "Actual Total Time": 507.706,
                                                            "Actual Rows": 874516,
                                                            "Actual Loops": 2,
                                                            "Hash Buckets": 2097152,
                                                            "Original Hash Buckets": 2097152,
                                                            "Hash Batches": 1,
                                                            "Original Hash Batches": 1,
                                                            "Peak Memory Usage": 114400,
                                                            "Plans": [
                                                              {
                                                                "Node Type": "Seq Scan",
                                                                "Parent Relationship": "Outer",
                                                                "Parallel Aware": true,
                                                                "Relation Name": "title",
                                                                "Alias": "t",
                                                                "Startup Cost": 0.0,
                                                                "Total Cost": 54589.98,
                                                                "Plan Rows": 1034542,
                                                                "Plan Width": 21,
                                                                "Actual Startup Time": 0.021,
                                                                "Actual Total Time": 180.001,
                                                                "Actual Rows": 874516,
                                                                "Actual Loops": 2,
                                                                "Filter": "(production_year > 1990)",
                                                                "Rows Removed by Filter": 389640
                                                              }
                                                            ]
                                                          }
                                                        ]
                                                      }
                                                    ]
                                                  }
                                                ]
                                              }
                                            ]
                                          }
                                        ]
                                      },
                                      {
                                        "Node Type": "Hash",
                                        "Parent Relationship": "Inner",
                                        "Parallel Aware": false,
                                        "Startup Cost": 1.04,
                                        "Total Cost": 1.04,
                                        "Plan Rows": 4,
                                        "Plan Width": 4,
                                        "Actual Startup Time": 0.024,
                                        "Actual Total Time": 0.025,
                                        "Actual Rows": 4,
                                        "Actual Loops": 2,
                                        "Hash Buckets": 1024,
                                        "Original Hash Buckets": 1024,
                                        "Hash Batches": 1,
                                        "Original Hash Batches": 1,
                                        "Peak Memory Usage": 9,
                                        "Plans": [
                                          {
                                            "Node Type": "Seq Scan",
                                            "Parent Relationship": "Outer",
                                            "Parallel Aware": false,
                                            "Relation Name": "company_type",
                                            "Alias": "ct",
                                            "Startup Cost": 0.0,
                                            "Total Cost": 1.04,
                                            "Plan Rows": 4,
                                            "Plan Width": 4,
                                            "Actual Startup Time": 0.019,
                                            "Actual Total Time": 0.02,
                                            "Actual Rows": 4,
                                            "Actual Loops": 2
                                          }
                                        ]
                                      }
                                    ]
                                  }
                                ]
                              }
                            ]
                          },
                          {
                            "Node Type": "Hash",
                            "Parent Relationship": "Inner",
                            "Parallel Aware": false,
                            "Startup Cost": 2290.7,
                            "Total Cost": 2290.7,
                            "Plan Rows": 134170,
                            "Plan Width": 4,
                            "Actual Startup Time": 51.358,
                            "Actual Total Time": 51.358,
                            "Actual Rows": 134170,
                            "Actual Loops": 2,
                            "Hash Buckets": 262144,
                            "Original Hash Buckets": 262144,
                            "Hash Batches": 1,
                            "Original Hash Batches": 1,
                            "Peak Memory Usage": 6765,
                            "Plans": [
                              {
                                "Node Type": "Seq Scan",
                                "Parent Relationship": "Outer",
                                "Parallel Aware": false,
                                "Relation Name": "keyword",
                                "Alias": "k",
                                "Startup Cost": 0.0,
                                "Total Cost": 2290.7,
                                "Plan Rows": 134170,
                                "Plan Width": 4,
                                "Actual Startup Time": 0.061,
                                "Actual Total Time": 22.449,
                                "Actual Rows": 134170,
                                "Actual Loops": 2
                              }
                            ]
                          }
                        ]
                      }
                    ]
                  }
                ]
              }
            ]
          }
        ]
      }
    ]
  },
  "Planning Time": 2.066,
  "Triggers": [],
  "Execution Time": 1952.071
}