[
  {
    "Plan": {
      "Node Type": "Aggregate",
      "Strategy": "Plain",
      "Partial Mode": "Finalize",
      "Parallel Aware": false,
      "Startup Cost": 229066.2,
      "Total Cost": 229066.21,
      "Plan Rows": 1,
      "Plan Width": 8,
      "Actual Startup Time": 288.269,
      "Actual Total Time": 314.647,
      "Actual Rows": 1,
      "Actual Loops": 1,
      "Plans": [
        {
          "Node Type": "Gather",
          "Parent Relationship": "Outer",
          "Parallel Aware": false,
          "Startup Cost": 229065.57,
          "Total Cost": 229066.18,
          "Plan Rows": 6,
          "Plan Width": 8,
          "Actual Startup Time": 288.163,
          "Actual Total Time": 314.636,
          "Actual Rows": 7,
          "Actual Loops": 1,
          "Workers Planned": 6,
          "Workers Launched": 6,
          "Single Copy": false,
          "Plans": [
            {
              "Node Type": "Aggregate",
              "Strategy": "Plain",
              "Partial Mode": "Partial",
              "Parent Relationship": "Outer",
              "Parallel Aware": false,
              "Startup Cost": 228065.57,
              "Total Cost": 228065.58,
              "Plan Rows": 1,
              "Plan Width": 8,
              "Actual Startup Time": 279.284,
              "Actual Total Time": 279.285,
              "Actual Rows": 1,
              "Actual Loops": 7,
              "Plans": [
                {
                  "Node Type": "Index Scan",
                  "Parent Relationship": "Outer",
                  "Parallel Aware": true,
                  "Scan Direction": "Forward",
                  "Index Name": "role_id_cast_info",
                  "Relation Name": "cast_info",
                  "Alias": "ci",
                  "Startup Cost": 0.56,
                  "Total Cost": 228010.93,
                  "Plan Rows": 21859,
                  "Plan Width": 0,
                  "Actual Startup Time": 246.226,
                  "Actual Total Time": 275.613,
                  "Actual Rows": 73239,
                  "Actual Loops": 7,
                  "Index Cond": "(role_id > 5)",
                  "Rows Removed by Index Recheck": 0,
                  "Filter": "(person_id > 3964243)",
                  "Rows Removed by Filter": 1139091
                }
              ]
            }
          ]
        }
      ]
    },
    "Planning Time": 0.323,
    "Triggers": [],
    "Execution Time": 314.706
  }
]