[
  {
    "Plan": {
      "Node Type": "Aggregate",
      "Strategy": "Plain",
      "Partial Mode": "Finalize",
      "Parallel Aware": false,
      "Startup Cost": 41615.72,
      "Total Cost": 41615.73,
      "Plan Rows": 1,
      "Plan Width": 8,
      "Actual Startup Time": 149.91,
      "Actual Total Time": 160.954,
      "Actual Rows": 1,
      "Actual Loops": 1,
      "Plans": [
        {
          "Node Type": "Gather",
          "Parent Relationship": "Outer",
          "Parallel Aware": false,
          "Startup Cost": 41615.4,
          "Total Cost": 41615.71,
          "Plan Rows": 3,
          "Plan Width": 8,
          "Actual Startup Time": 149.606,
          "Actual Total Time": 160.945,
          "Actual Rows": 4,
          "Actual Loops": 1,
          "Workers Planned": 3,
          "Workers Launched": 3,
          "Single Copy": false,
          "Plans": [
            {
              "Node Type": "Aggregate",
              "Strategy": "Plain",
              "Partial Mode": "Partial",
              "Parent Relationship": "Outer",
              "Parallel Aware": false,
              "Startup Cost": 40615.4,
              "Total Cost": 40615.41,
              "Plan Rows": 1,
              "Plan Width": 8,
              "Actual Startup Time": 140.841,
              "Actual Total Time": 140.843,
              "Actual Rows": 1,
              "Actual Loops": 4,
              "Plans": [
                {
                  "Node Type": "Bitmap Heap Scan",
                  "Parent Relationship": "Outer",
                  "Parallel Aware": true,
                  "Relation Name": "movie_keyword",
                  "Alias": "mk",
                  "Startup Cost": 13159.87,
                  "Total Cost": 40115.14,
                  "Plan Rows": 200102,
                  "Plan Width": 0,
                  "Actual Startup Time": 50.821,
                  "Actual Total Time": 131.735,
                  "Actual Rows": 152808,
                  "Actual Loops": 4,
                  "Recheck Cond": "(keyword_id > 30220)",
                  "Rows Removed by Index Recheck": 0,
                  "Exact Heap Blocks": 10536,
                  "Lossy Heap Blocks": 0,
                  "Plans": [
                    {
                      "Node Type": "Bitmap Index Scan",
                      "Parent Relationship": "Outer",
                      "Parallel Aware": false,
                      "Index Name": "keyword_id_movie_keyword",
                      "Startup Cost": 0.0,
                      "Total Cost": 13004.8,
                      "Plan Rows": 620315,
                      "Plan Width": 0,
                      "Actual Startup Time": 55.274,
                      "Actual Total Time": 55.275,
                      "Actual Rows": 611232,
                      "Actual Loops": 1,
                      "Index Cond": "(keyword_id > 30220)"
                    }
                  ]
                }
              ]
            }
          ]
        }
      ]
    },
    "Planning Time": 0.187,
    "Triggers": [],
    "Execution Time": 161.034
  }
]