{
  "Plan": {
    "Node Type": "Aggregate",
    "Strategy": "Plain",
    "Partial Mode": "Finalize",
    "Parallel Aware": false,
    "Startup Cost": 385989.41,
    "Total Cost": 385989.42,
    "Plan Rows": 1,
    "Plan Width": 8,
    "Actual Startup Time": 2998.537,
    "Actual Total Time": 3022.177,
    "Actual Rows": 1,
    "Actual Loops": 1,
    "Plans": [
      {
        "Node Type": "Gather",
        "Parent Relationship": "Outer",
        "Parallel Aware": false,
        "Startup Cost": 385989.3,
        "Total Cost": 385989.41,
        "Plan Rows": 1,
        "Plan Width": 8,
        "Actual Startup Time": 2993.514,
        "Actual Total Time": 3022.168,
        "Actual Rows": 2,
        "Actual Loops": 1,
        "Workers Planned": 1,
        "Workers Launched": 1,
        "Single Copy": false,
        "Plans": [
          {
            "Node Type": "Aggregate",
            "Strategy": "Plain",
            "Partial Mode": "Partial",
            "Parent Relationship": "Outer",
            "Parallel Aware": false,
            "Startup Cost": 384989.3,
            "Total Cost": 384989.31,
            "Plan Rows": 1,
            "Plan Width": 8,
            "Actual Startup Time": 2982.12,
            "Actual Total Time": 2982.123,
            "Actual Rows": 1,
            "Actual Loops": 2,
            "Plans": [
              {
                "Node Type": "Hash Join",
                "Parent Relationship": "Outer",
                "Parallel Aware": true,
                "Join Type": "Inner",
                "Startup Cost": 71831.42,
                "Total Cost": 381214.74,
                "Plan Rows": 1509826,
                "Plan Width": 0,
                "Actual Startup Time": 612.613,
                "Actual Total Time": 2833.372,
                "Actual Rows": 3202093,
                "Actual Loops": 2,
                "Inner Unique": true,
                "Hash Cond": "(ci.movie_id = t.id)",
                "Plans": [
                  {
                    "Node Type": "Index Scan",
                    "Parent Relationship": "Outer",
                    "Parallel Aware": true,
                    "Scan Direction": "Forward",
                    "Index Name": "role_id_cast_info",
                    "Relation Name": "cast_info",
                    "Alias": "ci",
                    "Startup Cost": 0.56,
                    "Total Cost": 305110.75,
                    "Plan Rows": 1627857,
                    "Plan Width": 4,
                    "Actual Startup Time": 0.058,
                    "Actual Total Time": 768.638,
                    "Actual Rows": 3272950,
                    "Actual Loops": 2,
                    "Index Cond": "(role_id > 4)",
                    "Rows Removed by Index Recheck": 0,
                    "Filter": "(person_id > 2665489)",
                    "Rows Removed by Filter": 1419402
                  },
                  {
                    "Node Type": "Hash",
                    "Parent Relationship": "Inner",
                    "Parallel Aware": true,
                    "Startup Cost": 54588.39,
                    "Total Cost": 54588.39,
                    "Plan Rows": 1379397,
                    "Plan Width": 4,
                    "Actual Startup Time": 590.685,
                    "Actual Total Time": 590.686,
                    "Actual Rows": 1170452,
                    "Actual Loops": 2,
                    "Hash Buckets": 4194304,
                    "Original Hash Buckets": 4194304,
                    "Hash Batches": 1,
                    "Original Hash Batches": 1,
                    "Peak Memory Usage": 124384,
                    "Plans": [
                      {
                        "Node Type": "Seq Scan",
                        "Parent Relationship": "Outer",
                        "Parallel Aware": true,
                        "Relation Name": "title",
                        "Alias": "t",
                        "Startup Cost": 0.0,
                        "Total Cost": 54588.39,
                        "Plan Rows": 1379397,
                        "Plan Width": 4,
                        "Actual Startup Time": 0.027,
                        "Actual Total Time": 208.49,
                        "Actual Rows": 1170452,
                        "Actual Loops": 2,
                        "Filter": "(production_year > 1929)",
                        "Rows Removed by Filter": 93704
                      }
                    ]
                  }
                ]
              }
            ]
          }
        ]
      }
    ]
  },
  "Planning Time": 0.715,
  "Triggers": [],
  "Execution Time": 3022.254
}