[
  {
    "Plan": {
      "Node Type": "Aggregate",
      "Strategy": "Plain",
      "Partial Mode": "Finalize",
      "Parallel Aware": false,
      "Startup Cost": 44827.84,
      "Total Cost": 44827.85,
      "Plan Rows": 1,
      "Plan Width": 8,
      "Actual Startup Time": 127.58,
      "Actual Total Time": 137.482,
      "Actual Rows": 1,
      "Actual Loops": 1,
      "Plans": [
        {
          "Node Type": "Gather",
          "Parent Relationship": "Outer",
          "Parallel Aware": false,
          "Startup Cost": 44827.52,
          "Total Cost": 44827.83,
          "Plan Rows": 3,
          "Plan Width": 8,
          "Actual Startup Time": 127.457,
          "Actual Total Time": 137.47,
          "Actual Rows": 4,
          "Actual Loops": 1,
          "Workers Planned": 3,
          "Workers Launched": 3,
          "Single Copy": false,
          "Plans": [
            {
              "Node Type": "Aggregate",
              "Strategy": "Plain",
              "Partial Mode": "Partial",
              "Parent Relationship": "Outer",
              "Parallel Aware": false,
              "Startup Cost": 43827.52,
              "Total Cost": 43827.53,
              "Plan Rows": 1,
              "Plan Width": 8,
              "Actual Startup Time": 122.617,
              "Actual Total Time": 122.618,
              "Actual Rows": 1,
              "Actual Loops": 4,
              "Plans": [
                {
                  "Node Type": "Seq Scan",
                  "Parent Relationship": "Outer",
                  "Parallel Aware": true,
                  "Relation Name": "movie_keyword",
                  "Alias": "mk",
                  "Startup Cost": 0.0,
                  "Total Cost": 42695.65,
                  "Plan Rows": 452746,
                  "Plan Width": 0,
                  "Actual Startup Time": 0.918,
                  "Actual Total Time": 105.464,
                  "Actual Rows": 350027,
                  "Actual Loops": 4,
                  "Filter": "(keyword_id > 11957)",
                  "Rows Removed by Filter": 780956
                }
              ]
            }
          ]
        }
      ]
    },
    "Planning Time": 0.105,
    "Triggers": [],
    "Execution Time": 137.516
  }
]