[
  {
    "Plan": {
      "Node Type": "Aggregate",
      "Strategy": "Plain",
      "Partial Mode": "Finalize",
      "Parallel Aware": false,
      "Startup Cost": 23279.21,
      "Total Cost": 23279.22,
      "Plan Rows": 1,
      "Plan Width": 8,
      "Actual Startup Time": 21.138,
      "Actual Total Time": 23.498,
      "Actual Rows": 1,
      "Actual Loops": 1,
      "Plans": [
        {
          "Node Type": "Gather",
          "Parent Relationship": "Outer",
          "Parallel Aware": false,
          "Startup Cost": 23278.89,
          "Total Cost": 23279.2,
          "Plan Rows": 3,
          "Plan Width": 8,
          "Actual Startup Time": 21.016,
          "Actual Total Time": 23.493,
          "Actual Rows": 4,
          "Actual Loops": 1,
          "Workers Planned": 3,
          "Workers Launched": 3,
          "Single Copy": false,
          "Plans": [
            {
              "Node Type": "Aggregate",
              "Strategy": "Plain",
              "Partial Mode": "Partial",
              "Parent Relationship": "Outer",
              "Parallel Aware": false,
              "Startup Cost": 22278.89,
              "Total Cost": 22278.9,
              "Plan Rows": 1,
              "Plan Width": 8,
              "Actual Startup Time": 17.197,
              "Actual Total Time": 17.199,
              "Actual Rows": 1,
              "Actual Loops": 4,
              "Plans": [
                {
                  "Node Type": "Bitmap Heap Scan",
                  "Parent Relationship": "Outer",
                  "Parallel Aware": true,
                  "Relation Name": "movie_companies",
                  "Alias": "mc",
                  "Startup Cost": 2852.2,
                  "Total Cost": 22172.77,
                  "Plan Rows": 42446,
                  "Plan Width": 0,
                  "Actual Startup Time": 2.086,
                  "Actual Total Time": 15.388,
                  "Actual Rows": 32183,
                  "Actual Loops": 4,
                  "Recheck Cond": "(company_id > 141867)",
                  "Rows Removed by Index Recheck": 0,
                  "Exact Heap Blocks": 1799,
                  "Lossy Heap Blocks": 0,
                  "Plans": [
                    {
                      "Node Type": "Bitmap Index Scan",
                      "Parent Relationship": "Outer",
                      "Parallel Aware": false,
                      "Index Name": "company_id_movie_companies",
                      "Startup Cost": 0.0,
                      "Total Cost": 2819.3,
                      "Plan Rows": 131583,
                      "Plan Width": 0,
                      "Actual Startup Time": 5.087,
                      "Actual Total Time": 5.088,
                      "Actual Rows": 128731,
                      "Actual Loops": 1,
                      "Index Cond": "(company_id > 141867)"
                    }
                  ]
                }
              ]
            }
          ]
        }
      ]
    },
    "Planning Time": 0.097,
    "Triggers": [],
    "Execution Time": 23.531
  }
]