[
  {
    "Plan": {
      "Node Type": "Aggregate",
      "Strategy": "Plain",
      "Partial Mode": "Finalize",
      "Parallel Aware": false,
      "Startup Cost": 383015.3,
      "Total Cost": 383015.31,
      "Plan Rows": 1,
      "Plan Width": 8,
      "Actual Startup Time": 1149.226,
      "Actual Total Time": 1201.323,
      "Actual Rows": 1,
      "Actual Loops": 1,
      "Plans": [
        {
          "Node Type": "Gather",
          "Parent Relationship": "Outer",
          "Parallel Aware": false,
          "Startup Cost": 383014.68,
          "Total Cost": 383015.29,
          "Plan Rows": 6,
          "Plan Width": 8,
          "Actual Startup Time": 1144.966,
          "Actual Total Time": 1201.278,
          "Actual Rows": 7,
          "Actual Loops": 1,
          "Workers Planned": 6,
          "Workers Launched": 6,
          "Single Copy": false,
          "Plans": [
            {
              "Node Type": "Aggregate",
              "Strategy": "Plain",
              "Partial Mode": "Partial",
              "Parent Relationship": "Outer",
              "Parallel Aware": false,
              "Startup Cost": 382014.68,
              "Total Cost": 382014.69,
              "Plan Rows": 1,
              "Plan Width": 8,
              "Actual Startup Time": 1134.827,
              "Actual Total Time": 1134.83,
              "Actual Rows": 1,
              "Actual Loops": 7,
              "Plans": [
                {
                  "Node Type": "Hash Join",
                  "Parent Relationship": "Outer",
                  "Parallel Aware": true,
                  "Join Type": "Inner",
                  "Startup Cost": 46289.28,
                  "Total Cost": 380334.2,
                  "Plan Rows": 672190,
                  "Plan Width": 0,
                  "Actual Startup Time": 368.472,
                  "Actual Total Time": 1115.412,
                  "Actual Rows": 424574,
                  "Actual Loops": 7,
                  "Inner Unique": true,
                  "Hash Cond": "(ci.movie_id = t.id)",
                  "Plans": [
                    {
                      "Node Type": "Seq Scan",
                      "Parent Relationship": "Outer",
                      "Parallel Aware": true,
                      "Relation Name": "cast_info",
                      "Alias": "ci",
                      "Startup Cost": 0.0,
                      "Total Cost": 328211.39,
                      "Plan Rows": 2222292,
                      "Plan Width": 4,
                      "Actual Startup Time": 231.048,
                      "Actual Total Time": 534.886,
                      "Actual Rows": 1878343,
                      "Actual Loops": 7,
                      "Filter": "(person_id > 2361204)",
                      "Rows Removed by Filter": 3299421
                    },
                    {
                      "Node Type": "Hash",
                      "Parent Relationship": "Inner",
                      "Parallel Aware": true,
                      "Startup Cost": 43899.32,
                      "Total Cost": 43899.32,
                      "Plan Rows": 191197,
                      "Plan Width": 4,
                      "Actual Startup Time": 134.235,
                      "Actual Total Time": 134.236,
                      "Actual Rows": 111811,
                      "Actual Loops": 7,
                      "Hash Buckets": 1048576,
                      "Original Hash Buckets": 1048576,
                      "Hash Batches": 1,
                      "Original Hash Batches": 1,
                      "Peak Memory Usage": 38944,
                      "Plans": [
                        {
                          "Node Type": "Seq Scan",
                          "Parent Relationship": "Outer",
                          "Parallel Aware": true,
                          "Relation Name": "title",
                          "Alias": "t",
                          "Startup Cost": 0.0,
                          "Total Cost": 43899.32,
                          "Plan Rows": 191197,
                          "Plan Width": 4,
                          "Actual Startup Time": 0.039,
                          "Actual Total Time": 77.963,
                          "Actual Rows": 111811,
                          "Actual Loops": 7,
                          "Filter": "(production_year < 1994)",
                          "Rows Removed by Filter": 249376
                        }
                      ]
                    }
                  ]
                }
              ]
            }
          ]
        }
      ]
    },
    "Planning Time": 0.456,
    "Triggers": [],
    "Execution Time": 1201.398
  }
]