[
  {
    "Plan": {
      "Node Type": "Aggregate",
      "Strategy": "Plain",
      "Partial Mode": "Finalize",
      "Parallel Aware": false,
      "Startup Cost": 205523.86,
      "Total Cost": 205523.87,
      "Plan Rows": 1,
      "Plan Width": 8,
      "Actual Startup Time": 286.752,
      "Actual Total Time": 310.399,
      "Actual Rows": 1,
      "Actual Loops": 1,
      "Plans": [
        {
          "Node Type": "Gather",
          "Parent Relationship": "Outer",
          "Parallel Aware": false,
          "Startup Cost": 205523.23,
          "Total Cost": 205523.84,
          "Plan Rows": 6,
          "Plan Width": 8,
          "Actual Startup Time": 286.655,
          "Actual Total Time": 310.39,
          "Actual Rows": 7,
          "Actual Loops": 1,
          "Workers Planned": 6,
          "Workers Launched": 6,
          "Single Copy": false,
          "Plans": [
            {
              "Node Type": "Aggregate",
              "Strategy": "Plain",
              "Partial Mode": "Partial",
              "Parent Relationship": "Outer",
              "Parallel Aware": false,
              "Startup Cost": 204523.23,
              "Total Cost": 204523.24,
              "Plan Rows": 1,
              "Plan Width": 8,
              "Actual Startup Time": 279.134,
              "Actual Total Time": 279.136,
              "Actual Rows": 1,
              "Actual Loops": 7,
              "Plans": [
                {
                  "Node Type": "Index Scan",
                  "Parent Relationship": "Outer",
                  "Parallel Aware": true,
                  "Scan Direction": "Forward",
                  "Index Name": "role_id_cast_info",
                  "Relation Name": "cast_info",
                  "Alias": "ci",
                  "Startup Cost": 0.56,
                  "Total Cost": 201884.69,
                  "Plan Rows": 1055416,
                  "Plan Width": 0,
                  "Actual Startup Time": 0.12,
                  "Actual Total Time": 230.569,
                  "Actual Rows": 1064381,
                  "Actual Loops": 7,
                  "Index Cond": "(role_id = 2)",
                  "Rows Removed by Index Recheck": 0,
                  "Filter": "(person_id > 570544)",
                  "Rows Removed by Filter": 187
                }
              ]
            }
          ]
        }
      ]
    },
    "Planning Time": 0.054,
    "Triggers": [],
    "Execution Time": 310.427
  }
]