{
  "Plan": {
    "Node Type": "Aggregate",
    "Strategy": "Plain",
    "Partial Mode": "Finalize",
    "Parallel Aware": false,
    "Startup Cost": 161106.14,
    "Total Cost": 161106.15,
    "Plan Rows": 1,
    "Plan Width": 8,
    "Actual Startup Time": 926.514,
    "Actual Total Time": 972.808,
    "Actual Rows": 1,
    "Actual Loops": 1,
    "Plans": [
      {
        "Node Type": "Gather",
        "Parent Relationship": "Outer",
        "Parallel Aware": false,
        "Startup Cost": 161106.03,
        "Total Cost": 161106.14,
        "Plan Rows": 1,
        "Plan Width": 8,
        "Actual Startup Time": 926.252,
        "Actual Total Time": 972.799,
        "Actual Rows": 2,
        "Actual Loops": 1,
        "Workers Planned": 1,
        "Workers Launched": 1,
        "Single Copy": false,
        "Plans": [
          {
            "Node Type": "Aggregate",
            "Strategy": "Plain",
            "Partial Mode": "Partial",
            "Parent Relationship": "Outer",
            "Parallel Aware": false,
            "Startup Cost": 160106.03,
            "Total Cost": 160106.04,
            "Plan Rows": 1,
            "Plan Width": 8,
            "Actual Startup Time": 919.976,
            "Actual Total Time": 919.98,
            "Actual Rows": 1,
            "Actual Loops": 2,
            "Plans": [
              {
                "Node Type": "Nested Loop",
                "Parent Relationship": "Outer",
                "Parallel Aware": false,
                "Join Type": "Inner",
                "Startup Cost": 24231.14,
                "Total Cost": 160090.01,
                "Plan Rows": 6406,
                "Plan Width": 0,
                "Actual Startup Time": 74.406,
                "Actual Total Time": 918.389,
                "Actual Rows": 19660,
                "Actual Loops": 2,
                "Inner Unique": false,
                "Plans": [
                  {
                    "Node Type": "Hash Join",
                    "Parent Relationship": "Outer",
                    "Parallel Aware": true,
                    "Join Type": "Inner",
                    "Startup Cost": 24230.7,
                    "Total Cost": 84668.89,
                    "Plan Rows": 46355,
                    "Plan Width": 8,
                    "Actual Startup Time": 74.247,
                    "Actual Total Time": 397.041,
                    "Actual Rows": 62220,
                    "Actual Loops": 2,
                    "Inner Unique": false,
                    "Hash Cond": "(t.id = mc.movie_id)",
                    "Plans": [
                      {
                        "Node Type": "Seq Scan",
                        "Parent Relationship": "Outer",
                        "Parallel Aware": true,
                        "Relation Name": "title",
                        "Alias": "t",
                        "Startup Cost": 0.0,
                        "Total Cost": 50870.31,
                        "Plan Rows": 1487231,
                        "Plan Width": 4,
                        "Actual Startup Time": 0.009,
                        "Actual Total Time": 113.395,
                        "Actual Rows": 1264156,
                        "Actual Loops": 2
                      },
                      {
                        "Node Type": "Hash",
                        "Parent Relationship": "Inner",
                        "Parallel Aware": true,
                        "Startup Cost": 23651.27,
                        "Total Cost": 23651.27,
                        "Plan Rows": 46355,
                        "Plan Width": 4,
                        "Actual Startup Time": 71.856,
                        "Actual Total Time": 71.858,
                        "Actual Rows": 62220,
                        "Actual Loops": 2,
                        "Hash Buckets": 131072,
                        "Original Hash Buckets": 131072,
                        "Hash Batches": 1,
                        "Original Hash Batches": 1,
                        "Peak Memory Usage": 5920,
                        "Plans": [
                          {
                            "Node Type": "Bitmap Heap Scan",
                            "Parent Relationship": "Outer",
                            "Parallel Aware": true,
                            "Relation Name": "movie_companies",
                            "Alias": "mc",
                            "Startup Cost": 3448.76,
                            "Total Cost": 23651.27,
                            "Plan Rows": 46355,
                            "Plan Width": 4,
                            "Actual Startup Time": 17.63,
                            "Actual Total Time": 54.508,
                            "Actual Rows": 62220,
                            "Actual Loops": 2,
                            "Recheck Cond": "(company_id < 30)",
                            "Rows Removed by Index Recheck": 0,
                            "Filter": "(company_type_id = 1)",
                            "Rows Removed by Filter": 19019,
                            "Exact Heap Blocks": 10107,
                            "Lossy Heap Blocks": 0,
                            "Plans": [
                              {
                                "Node Type": "Bitmap Index Scan",
                                "Parent Relationship": "Outer",
                                "Parallel Aware": false,
                                "Index Name": "company_id_movie_companies",
                                "Startup Cost": 0.0,
                                "Total Cost": 3429.06,
                                "Plan Rows": 160084,
                                "Plan Width": 0,
                                "Actual Startup Time": 17.532,
                                "Actual Total Time": 17.532,
                                "Actual Rows": 162479,
                                "Actual Loops": 1,
                                "Index Cond": "(company_id < 30)"
                              }
                            ]
                          }
                        ]
                      }
                    ]
                  },
                  {
                    "Node Type": "Index Scan",
                    "Parent Relationship": "Inner",
                    "Parallel Aware": false,
                    "Scan Direction": "Forward",
                    "Index Name": "movie_id_movie_info",
                    "Relation Name": "movie_info",
                    "Alias": "mi",
                    "Startup Cost": 0.43,
                    "Total Cost": 1.62,
                    "Plan Rows": 1,
                    "Plan Width": 4,
                    "Actual Startup Time": 0.008,
                    "Actual Total Time": 0.008,
                    "Actual Rows": 0,
                    "Actual Loops": 124441,
                    "Index Cond": "(movie_id = t.id)",
                    "Rows Removed by Index Recheck": 0,
                    "Filter": "(info_type_id = 98)",
                    "Rows Removed by Filter": 12
                  }
                ]
              }
            ]
          }
        ]
      }
    ]
  },
  "Planning Time": 0.843,
  "Triggers": [],
  "Execution Time": 972.935
}