[
  {
    "Plan": {
      "Node Type": "Aggregate",
      "Strategy": "Plain",
      "Partial Mode": "Simple",
      "Parallel Aware": false,
      "Startup Cost": 13999.24,
      "Total Cost": 13999.25,
      "Plan Rows": 1,
      "Plan Width": 8,
      "Actual Startup Time": 6.439,
      "Actual Total Time": 6.44,
      "Actual Rows": 1,
      "Actual Loops": 1,
      "Plans": [
        {
          "Node Type": "Bitmap Heap Scan",
          "Parent Relationship": "Outer",
          "Parallel Aware": false,
          "Relation Name": "movie_companies",
          "Alias": "mc",
          "Startup Cost": 154.17,
          "Total Cost": 13990.24,
          "Plan Rows": 3600,
          "Plan Width": 0,
          "Actual Startup Time": 4.392,
          "Actual Total Time": 6.286,
          "Actual Rows": 2708,
          "Actual Loops": 1,
          "Recheck Cond": "(company_id = 302)",
          "Rows Removed by Index Recheck": 0,
          "Filter": "(company_type_id > 1)",
          "Rows Removed by Filter": 3978,
          "Exact Heap Blocks": 3557,
          "Lossy Heap Blocks": 0,
          "Plans": [
            {
              "Node Type": "Bitmap Index Scan",
              "Parent Relationship": "Outer",
              "Parallel Aware": false,
              "Index Name": "company_id_movie_companies",
              "Startup Cost": 0.0,
              "Total Cost": 153.27,
              "Plan Rows": 7045,
              "Plan Width": 0,
              "Actual Startup Time": 0.827,
              "Actual Total Time": 0.827,
              "Actual Rows": 6686,
              "Actual Loops": 1,
              "Index Cond": "(company_id = 302)"
            }
          ]
        }
      ]
    },
    "Planning Time": 0.203,
    "Triggers": [],
    "Execution Time": 6.499
  }
]