[
  {
    "Plan": {
      "Node Type": "Aggregate",
      "Strategy": "Plain",
      "Partial Mode": "Simple",
      "Parallel Aware": false,
      "Startup Cost": 14629.4,
      "Total Cost": 14629.41,
      "Plan Rows": 1,
      "Plan Width": 8,
      "Actual Startup Time": 14.836,
      "Actual Total Time": 14.838,
      "Actual Rows": 1,
      "Actual Loops": 1,
      "Plans": [
        {
          "Node Type": "Bitmap Heap Scan",
          "Parent Relationship": "Outer",
          "Parallel Aware": false,
          "Relation Name": "movie_companies",
          "Alias": "mc",
          "Startup Cost": 166.8,
          "Total Cost": 14619.69,
          "Plan Rows": 3886,
          "Plan Width": 0,
          "Actual Startup Time": 10.319,
          "Actual Total Time": 14.449,
          "Actual Rows": 2708,
          "Actual Loops": 1,
          "Recheck Cond": "(company_id = 302)",
          "Rows Removed by Index Recheck": 0,
          "Filter": "(company_type_id > 1)",
          "Rows Removed by Filter": 3978,
          "Exact Heap Blocks": 3557,
          "Lossy Heap Blocks": 0,
          "Plans": [
            {
              "Node Type": "Bitmap Index Scan",
              "Parent Relationship": "Outer",
              "Parallel Aware": false,
              "Index Name": "company_id_movie_companies",
              "Startup Cost": 0.0,
              "Total Cost": 165.83,
              "Plan Rows": 7653,
              "Plan Width": 0,
              "Actual Startup Time": 1.737,
              "Actual Total Time": 1.738,
              "Actual Rows": 6686,
              "Actual Loops": 1,
              "Index Cond": "(company_id = 302)"
            }
          ]
        }
      ]
    },
    "Planning Time": 0.169,
    "Triggers": [],
    "Execution Time": 14.897
  }
]