[
  {
    "Plan": {
      "Node Type": "Aggregate",
      "Strategy": "Plain",
      "Partial Mode": "Simple",
      "Parallel Aware": false,
      "Startup Cost": 21265.17,
      "Total Cost": 21265.18,
      "Plan Rows": 1,
      "Plan Width": 8,
      "Actual Startup Time": 18.377,
      "Actual Total Time": 18.377,
      "Actual Rows": 1,
      "Actual Loops": 1,
      "Plans": [
        {
          "Node Type": "Bitmap Heap Scan",
          "Parent Relationship": "Outer",
          "Parallel Aware": false,
          "Relation Name": "movie_companies",
          "Alias": "mc",
          "Startup Cost": 1463.25,
          "Total Cost": 21096.52,
          "Plan Rows": 67461,
          "Plan Width": 0,
          "Actual Startup Time": 2.882,
          "Actual Total Time": 15.787,
          "Actual Rows": 68077,
          "Actual Loops": 1,
          "Recheck Cond": "(company_id < 8)",
          "Rows Removed by Index Recheck": 0,
          "Exact Heap Blocks": 6234,
          "Lossy Heap Blocks": 0,
          "Plans": [
            {
              "Node Type": "Bitmap Index Scan",
              "Parent Relationship": "Outer",
              "Parallel Aware": false,
              "Index Name": "company_id_movie_companies",
              "Startup Cost": 0.0,
              "Total Cost": 1446.39,
              "Plan Rows": 67461,
              "Plan Width": 0,
              "Actual Startup Time": 2.253,
              "Actual Total Time": 2.253,
              "Actual Rows": 68077,
              "Actual Loops": 1,
              "Index Cond": "(company_id < 8)"
            }
          ]
        }
      ]
    },
    "Planning Time": 0.064,
    "Triggers": [],
    "Execution Time": 18.394
  }
]