{
  "Plan": {
    "Node Type": "Aggregate",
    "Strategy": "Plain",
    "Partial Mode": "Finalize",
    "Parallel Aware": false,
    "Startup Cost": 104533.2,
    "Total Cost": 104533.21,
    "Plan Rows": 1,
    "Plan Width": 8,
    "Actual Startup Time": 407.186,
    "Actual Total Time": 419.007,
    "Actual Rows": 1,
    "Actual Loops": 1,
    "Plans": [
      {
        "Node Type": "Gather",
        "Parent Relationship": "Outer",
        "Parallel Aware": false,
        "Startup Cost": 104533.09,
        "Total Cost": 104533.2,
        "Plan Rows": 1,
        "Plan Width": 8,
        "Actual Startup Time": 406.146,
        "Actual Total Time": 418.999,
        "Actual Rows": 2,
        "Actual Loops": 1,
        "Workers Planned": 1,
        "Workers Launched": 1,
        "Single Copy": false,
        "Plans": [
          {
            "Node Type": "Aggregate",
            "Strategy": "Plain",
            "Partial Mode": "Partial",
            "Parent Relationship": "Outer",
            "Parallel Aware": false,
            "Startup Cost": 103533.09,
            "Total Cost": 103533.1,
            "Plan Rows": 1,
            "Plan Width": 8,
            "Actual Startup Time": 400.414,
            "Actual Total Time": 400.418,
            "Actual Rows": 1,
            "Actual Loops": 2,
            "Plans": [
              {
                "Node Type": "Hash Join",
                "Parent Relationship": "Outer",
                "Parallel Aware": true,
                "Join Type": "Inner",
                "Startup Cost": 60551.15,
                "Total Cost": 103387.9,
                "Plan Rows": 58076,
                "Plan Width": 0,
                "Actual Startup Time": 226.261,
                "Actual Total Time": 394.032,
                "Actual Rows": 150333,
                "Actual Loops": 2,
                "Inner Unique": true,
                "Hash Cond": "(mc.movie_id = t.id)",
                "Plans": [
                  {
                    "Node Type": "Index Scan",
                    "Parent Relationship": "Outer",
                    "Parallel Aware": true,
                    "Scan Direction": "Forward",
                    "Index Name": "company_type_id_movie_companies",
                    "Relation Name": "movie_companies",
                    "Alias": "mc",
                    "Startup Cost": 0.43,
                    "Total Cost": 41574.35,
                    "Plan Rows": 481076,
                    "Plan Width": 4,
                    "Actual Startup Time": 4.334,
                    "Actual Total Time": 102.709,
                    "Actual Rows": 303151,
                    "Actual Loops": 2,
                    "Index Cond": "(company_type_id = 1)",
                    "Rows Removed by Index Recheck": 0,
                    "Filter": "(company_id > 3652)",
                    "Rows Removed by Filter": 333972
                  },
                  {
                    "Node Type": "Hash",
                    "Parent Relationship": "Inner",
                    "Parallel Aware": true,
                    "Startup Cost": 58306.47,
                    "Total Cost": 58306.47,
                    "Plan Rows": 179540,
                    "Plan Width": 4,
                    "Actual Startup Time": 216.257,
                    "Actual Total Time": 216.258,
                    "Actual Rows": 211109,
                    "Actual Loops": 2,
                    "Hash Buckets": 524288,
                    "Original Hash Buckets": 524288,
                    "Hash Batches": 1,
                    "Original Hash Batches": 1,
                    "Peak Memory Usage": 20640,
                    "Plans": [
                      {
                        "Node Type": "Seq Scan",
                        "Parent Relationship": "Outer",
                        "Parallel Aware": true,
                        "Relation Name": "title",
                        "Alias": "t",
                        "Startup Cost": 0.0,
                        "Total Cost": 58306.47,
                        "Plan Rows": 179540,
                        "Plan Width": 4,
                        "Actual Startup Time": 0.045,
                        "Actual Total Time": 155.465,
                        "Actual Rows": 211109,
                        "Actual Loops": 2,
                        "Filter": "((kind_id < 7) AND (production_year < 1994))",
                        "Rows Removed by Filter": 1053047
                      }
                    ]
                  }
                ]
              }
            ]
          }
        ]
      }
    ]
  },
  "Planning Time": 0.663,
  "Triggers": [],
  "Execution Time": 419.085
}