[
  {
    "Plan": {
      "Node Type": "Aggregate",
      "Strategy": "Plain",
      "Partial Mode": "Finalize",
      "Parallel Aware": false,
      "Startup Cost": 111363.88,
      "Total Cost": 111363.89,
      "Plan Rows": 1,
      "Plan Width": 8,
      "Actual Startup Time": 457.823,
      "Actual Total Time": 478.788,
      "Actual Rows": 1,
      "Actual Loops": 1,
      "Plans": [
        {
          "Node Type": "Gather",
          "Parent Relationship": "Outer",
          "Parallel Aware": false,
          "Startup Cost": 111363.57,
          "Total Cost": 111363.88,
          "Plan Rows": 3,
          "Plan Width": 8,
          "Actual Startup Time": 452.276,
          "Actual Total Time": 478.77,
          "Actual Rows": 4,
          "Actual Loops": 1,
          "Workers Planned": 3,
          "Workers Launched": 3,
          "Single Copy": false,
          "Plans": [
            {
              "Node Type": "Aggregate",
              "Strategy": "Plain",
              "Partial Mode": "Partial",
              "Parent Relationship": "Outer",
              "Parallel Aware": false,
              "Startup Cost": 110363.57,
              "Total Cost": 110363.58,
              "Plan Rows": 1,
              "Plan Width": 8,
              "Actual Startup Time": 446.835,
              "Actual Total Time": 446.955,
              "Actual Rows": 1,
              "Actual Loops": 4,
              "Plans": [
                {
                  "Node Type": "Hash Join",
                  "Parent Relationship": "Outer",
                  "Parallel Aware": true,
                  "Join Type": "Inner",
                  "Startup Cost": 64244.06,
                  "Total Cost": 110248.99,
                  "Plan Rows": 45832,
                  "Plan Width": 0,
                  "Actual Startup Time": 267.238,
                  "Actual Total Time": 445.504,
                  "Actual Rows": 27874,
                  "Actual Loops": 4,
                  "Inner Unique": false,
                  "Hash Cond": "(mk.movie_id = t.id)",
                  "Plans": [
                    {
                      "Node Type": "Seq Scan",
                      "Parent Relationship": "Outer",
                      "Parallel Aware": true,
                      "Relation Name": "movie_keyword",
                      "Alias": "mk",
                      "Startup Cost": 0.0,
                      "Total Cost": 42695.65,
                      "Plan Rows": 831547,
                      "Plan Width": 4,
                      "Actual Startup Time": 0.038,
                      "Actual Total Time": 122.194,
                      "Actual Rows": 646866,
                      "Actual Loops": 4,
                      "Filter": "(keyword_id < 6848)",
                      "Rows Removed by Filter": 484117
                    },
                    {
                      "Node Type": "Hash",
                      "Parent Relationship": "Inner",
                      "Parallel Aware": true,
                      "Startup Cost": 63518.24,
                      "Total Cost": 63518.24,
                      "Plan Rows": 58066,
                      "Plan Width": 8,
                      "Actual Startup Time": 265.915,
                      "Actual Total Time": 266.033,
                      "Actual Rows": 20552,
                      "Actual Loops": 4,
                      "Hash Buckets": 262144,
                      "Original Hash Buckets": 262144,
                      "Hash Batches": 1,
                      "Original Hash Batches": 1,
                      "Peak Memory Usage": 5312,
                      "Plans": [
                        {
                          "Node Type": "Hash Join",
                          "Parent Relationship": "Outer",
                          "Parallel Aware": true,
                          "Join Type": "Inner",
                          "Startup Cost": 47897.45,
                          "Total Cost": 63518.24,
                          "Plan Rows": 58066,
                          "Plan Width": 8,
                          "Actual Startup Time": 179.334,
                          "Actual Total Time": 258.763,
                          "Actual Rows": 20552,
                          "Actual Loops": 4,
                          "Inner Unique": true,
                          "Hash Cond": "(mi_idx.movie_id = t.id)",
                          "Plans": [
                            {
                              "Node Type": "Seq Scan",
                              "Parent Relationship": "Outer",
                              "Parallel Aware": true,
                              "Relation Name": "movie_info_idx",
                              "Alias": "mi_idx",
                              "Startup Cost": 0.0,
                              "Total Cost": 15122.68,
                              "Plan Rows": 189755,
                              "Plan Width": 4,
                              "Actual Startup Time": 0.019,
                              "Actual Total Time": 38.454,
                              "Actual Rows": 114981,
                              "Actual Loops": 4,
                              "Filter": "(info_type_id = 99)",
                              "Rows Removed by Filter": 230028
                            },
                            {
                              "Node Type": "Hash",
                              "Parent Relationship": "Inner",
                              "Parallel Aware": true,
                              "Startup Cost": 45479.59,
                              "Total Cost": 45479.59,
                              "Plan Rows": 193429,
                              "Plan Width": 4,
                              "Actual Startup Time": 177.289,
                              "Actual Total Time": 177.29,
                              "Actual Rows": 172676,
                              "Actual Loops": 4,
                              "Hash Buckets": 1048576,
                              "Original Hash Buckets": 1048576,
                              "Hash Batches": 1,
                              "Original Hash Batches": 1,
                              "Peak Memory Usage": 35264,
                              "Plans": [
                                {
                                  "Node Type": "Seq Scan",
                                  "Parent Relationship": "Outer",
                                  "Parallel Aware": true,
                                  "Relation Name": "title",
                                  "Alias": "t",
                                  "Startup Cost": 0.0,
                                  "Total Cost": 45479.59,
                                  "Plan Rows": 193429,
                                  "Plan Width": 4,
                                  "Actual Startup Time": 0.026,
                                  "Actual Total Time": 110.168,
                                  "Actual Rows": 172676,
                                  "Actual Loops": 4,
                                  "Filter": "((kind_id > 4) AND (production_year < 2004))",
                                  "Rows Removed by Filter": 459402
                                }
                              ]
                            }
                          ]
                        }
                      ]
                    }
                  ]
                }
              ]
            }
          ]
        }
      ]
    },
    "Planning Time": 0.356,
    "Triggers": [],
    "Execution Time": 478.835
  }
]