{
  "Plan": {
    "Node Type": "Aggregate",
    "Strategy": "Plain",
    "Partial Mode": "Finalize",
    "Parallel Aware": false,
    "Startup Cost": 102134.14,
    "Total Cost": 102134.15,
    "Plan Rows": 1,
    "Plan Width": 8,
    "Actual Startup Time": 432.52,
    "Actual Total Time": 445.938,
    "Actual Rows": 1,
    "Actual Loops": 1,
    "Plans": [
      {
        "Node Type": "Gather",
        "Parent Relationship": "Outer",
        "Parallel Aware": false,
        "Startup Cost": 102134.03,
        "Total Cost": 102134.14,
        "Plan Rows": 1,
        "Plan Width": 8,
        "Actual Startup Time": 431.445,
        "Actual Total Time": 445.929,
        "Actual Rows": 2,
        "Actual Loops": 1,
        "Workers Planned": 1,
        "Workers Launched": 1,
        "Single Copy": false,
        "Plans": [
          {
            "Node Type": "Aggregate",
            "Strategy": "Plain",
            "Partial Mode": "Partial",
            "Parent Relationship": "Outer",
            "Parallel Aware": false,
            "Startup Cost": 101134.03,
            "Total Cost": 101134.04,
            "Plan Rows": 1,
            "Plan Width": 8,
            "Actual Startup Time": 425.889,
            "Actual Total Time": 425.894,
            "Actual Rows": 1,
            "Actual Loops": 2,
            "Plans": [
              {
                "Node Type": "Hash Join",
                "Parent Relationship": "Outer",
                "Parallel Aware": true,
                "Join Type": "Inner",
                "Startup Cost": 60911.36,
                "Total Cost": 100869.37,
                "Plan Rows": 105864,
                "Plan Width": 0,
                "Actual Startup Time": 216.783,
                "Actual Total Time": 424.321,
                "Actual Rows": 35978,
                "Actual Loops": 2,
                "Inner Unique": true,
                "Hash Cond": "(mc.movie_id = t.id)",
                "Plans": [
                  {
                    "Node Type": "Seq Scan",
                    "Parent Relationship": "Outer",
                    "Parallel Aware": true,
                    "Relation Name": "movie_companies",
                    "Alias": "mc",
                    "Startup Cost": 0.0,
                    "Total Cost": 37974.77,
                    "Plan Rows": 755522,
                    "Plan Width": 4,
                    "Actual Startup Time": 0.015,
                    "Actual Total Time": 113.489,
                    "Actual Rows": 637123,
                    "Actual Loops": 2,
                    "Filter": "(company_type_id < 2)",
                    "Rows Removed by Filter": 667442
                  },
                  {
                    "Node Type": "Hash",
                    "Parent Relationship": "Inner",
                    "Parallel Aware": true,
                    "Startup Cost": 58306.47,
                    "Total Cost": 58306.47,
                    "Plan Rows": 208391,
                    "Plan Width": 4,
                    "Actual Startup Time": 210.846,
                    "Actual Total Time": 210.848,
                    "Actual Rows": 186000,
                    "Actual Loops": 2,
                    "Hash Buckets": 524288,
                    "Original Hash Buckets": 524288,
                    "Hash Batches": 1,
                    "Original Hash Batches": 1,
                    "Peak Memory Usage": 18656,
                    "Plans": [
                      {
                        "Node Type": "Seq Scan",
                        "Parent Relationship": "Outer",
                        "Parallel Aware": true,
                        "Relation Name": "title",
                        "Alias": "t",
                        "Startup Cost": 0.0,
                        "Total Cost": 58306.47,
                        "Plan Rows": 208391,
                        "Plan Width": 4,
                        "Actual Startup Time": 0.028,
                        "Actual Total Time": 153.087,
                        "Actual Rows": 186000,
                        "Actual Loops": 2,
                        "Filter": "((kind_id > 3) AND (production_year > 2009))",
                        "Rows Removed by Filter": 1078156
                      }
                    ]
                  }
                ]
              }
            ]
          }
        ]
      }
    ]
  },
  "Planning Time": 0.677,
  "Triggers": [],
  "Execution Time": 446.009
}