{
  "Plan": {
    "Node Type": "Aggregate",
    "Strategy": "Plain",
    "Partial Mode": "Finalize",
    "Parallel Aware": false,
    "Startup Cost": 177821.47,
    "Total Cost": 177821.48,
    "Plan Rows": 1,
    "Plan Width": 8,
    "Actual Startup Time": 1218.359,
    "Actual Total Time": 1243.04,
    "Actual Rows": 1,
    "Actual Loops": 1,
    "Plans": [
      {
        "Node Type": "Gather",
        "Parent Relationship": "Outer",
        "Parallel Aware": false,
        "Startup Cost": 177821.36,
        "Total Cost": 177821.47,
        "Plan Rows": 1,
        "Plan Width": 8,
        "Actual Startup Time": 1213.052,
        "Actual Total Time": 1243.033,
        "Actual Rows": 2,
        "Actual Loops": 1,
        "Workers Planned": 1,
        "Workers Launched": 1,
        "Single Copy": false,
        "Plans": [
          {
            "Node Type": "Aggregate",
            "Strategy": "Plain",
            "Partial Mode": "Partial",
            "Parent Relationship": "Outer",
            "Parallel Aware": false,
            "Startup Cost": 176821.36,
            "Total Cost": 176821.37,
            "Plan Rows": 1,
            "Plan Width": 8,
            "Actual Startup Time": 1206.475,
            "Actual Total Time": 1206.481,
            "Actual Rows": 1,
            "Actual Loops": 2,
            "Plans": [
              {
                "Node Type": "Hash Join",
                "Parent Relationship": "Outer",
                "Parallel Aware": true,
                "Join Type": "Inner",
                "Startup Cost": 129971.76,
                "Total Cost": 176130.58,
                "Plan Rows": 276312,
                "Plan Width": 0,
                "Actual Startup Time": 949.336,
                "Actual Total Time": 1174.475,
                "Actual Rows": 833002,
                "Actual Loops": 2,
                "Inner Unique": false,
                "Hash Cond": "(mc.movie_id = t.id)",
                "Plans": [
                  {
                    "Node Type": "Seq Scan",
                    "Parent Relationship": "Outer",
                    "Parallel Aware": true,
                    "Relation Name": "movie_companies",
                    "Alias": "mc",
                    "Startup Cost": 0.0,
                    "Total Cost": 41811.73,
                    "Plan Rows": 725795,
                    "Plan Width": 4,
                    "Actual Startup Time": 48.857,
                    "Actual Total Time": 116.09,
                    "Actual Rows": 648278,
                    "Actual Loops": 2,
                    "Filter": "((company_id > 36) AND (company_type_id = 2))",
                    "Rows Removed by Filter": 656286
                  },
                  {
                    "Node Type": "Hash",
                    "Parent Relationship": "Inner",
                    "Parallel Aware": true,
                    "Startup Cost": 122894.36,
                    "Total Cost": 122894.36,
                    "Plan Rows": 566192,
                    "Plan Width": 8,
                    "Actual Startup Time": 891.174,
                    "Actual Total Time": 891.179,
                    "Actual Rows": 483107,
                    "Actual Loops": 2,
                    "Hash Buckets": 1048576,
                    "Original Hash Buckets": 1048576,
                    "Hash Batches": 1,
                    "Original Hash Batches": 1,
                    "Peak Memory Usage": 46016,
                    "Plans": [
                      {
                        "Node Type": "Hash Join",
                        "Parent Relationship": "Outer",
                        "Parallel Aware": true,
                        "Join Type": "Inner",
                        "Startup Cost": 89876.71,
                        "Total Cost": 122894.36,
                        "Plan Rows": 566192,
                        "Plan Width": 8,
                        "Actual Startup Time": 558.677,
                        "Actual Total Time": 790.643,
                        "Actual Rows": 483107,
                        "Actual Loops": 2,
                        "Inner Unique": true,
                        "Hash Cond": "(mk.movie_id = t.id)",
                        "Plans": [
                          {
                            "Node Type": "Bitmap Heap Scan",
                            "Parent Relationship": "Outer",
                            "Parallel Aware": true,
                            "Relation Name": "movie_keyword",
                            "Alias": "mk",
                            "Startup Cost": 20416.01,
                            "Total Cost": 51947.41,
                            "Plan Rows": 566192,
                            "Plan Width": 4,
                            "Actual Startup Time": 47.676,
                            "Actual Total Time": 144.7,
                            "Actual Rows": 483107,
                            "Actual Loops": 2,
                            "Recheck Cond": "(keyword_id < 910)",
                            "Rows Removed by Index Recheck": 0,
                            "Exact Heap Blocks": 13441,
                            "Lossy Heap Blocks": 0,
                            "Plans": [
                              {
                                "Node Type": "Bitmap Index Scan",
                                "Parent Relationship": "Outer",
                                "Parallel Aware": false,
                                "Index Name": "keyword_id_movie_keyword",
                                "Startup Cost": 0.0,
                                "Total Cost": 20175.38,
                                "Plan Rows": 962526,
                                "Plan Width": 0,
                                "Actual Startup Time": 44.077,
                                "Actual Total Time": 44.077,
                                "Actual Rows": 966214,
                                "Actual Loops": 1,
                                "Index Cond": "(keyword_id < 910)"
                              }
                            ]
                          },
                          {
                            "Node Type": "Hash",
                            "Parent Relationship": "Inner",
                            "Parallel Aware": true,
                            "Startup Cost": 50870.31,
                            "Total Cost": 50870.31,
                            "Plan Rows": 1487231,
                            "Plan Width": 4,
                            "Actual Startup Time": 495.632,
                            "Actual Total Time": 495.633,
                            "Actual Rows": 1264156,
                            "Actual Loops": 2,
                            "Hash Buckets": 4194304,
                            "Original Hash Buckets": 4194304,
                            "Hash Batches": 1,
                            "Original Hash Batches": 1,
                            "Peak Memory Usage": 131712,
                            "Plans": [
                              {
                                "Node Type": "Seq Scan",
                                "Parent Relationship": "Outer",
                                "Parallel Aware": true,
                                "Relation Name": "title",
                                "Alias": "t",
                                "Startup Cost": 0.0,
                                "Total Cost": 50870.31,
                                "Plan Rows": 1487231,
                                "Plan Width": 4,
                                "Actual Startup Time": 0.05,
                                "Actual Total Time": 154.143,
                                "Actual Rows": 1264156,
                                "Actual Loops": 2
                              }
                            ]
                          }
                        ]
                      }
                    ]
                  }
                ]
              }
            ]
          }
        ]
      }
    ]
  },
  "Planning Time": 1.09,
  "Triggers": [],
  "Execution Time": 1243.147
}