[
  {
    "Plan": {
      "Node Type": "Aggregate",
      "Strategy": "Plain",
      "Partial Mode": "Finalize",
      "Parallel Aware": false,
      "Startup Cost": 30162.94,
      "Total Cost": 30162.95,
      "Plan Rows": 1,
      "Plan Width": 8,
      "Actual Startup Time": 89.806,
      "Actual Total Time": 94.051,
      "Actual Rows": 1,
      "Actual Loops": 1,
      "Plans": [
        {
          "Node Type": "Gather",
          "Parent Relationship": "Outer",
          "Parallel Aware": false,
          "Startup Cost": 30162.63,
          "Total Cost": 30162.94,
          "Plan Rows": 3,
          "Plan Width": 8,
          "Actual Startup Time": 89.701,
          "Actual Total Time": 94.043,
          "Actual Rows": 4,
          "Actual Loops": 1,
          "Workers Planned": 3,
          "Workers Launched": 3,
          "Single Copy": false,
          "Plans": [
            {
              "Node Type": "Aggregate",
              "Strategy": "Plain",
              "Partial Mode": "Partial",
              "Parent Relationship": "Outer",
              "Parallel Aware": false,
              "Startup Cost": 29162.63,
              "Total Cost": 29162.64,
              "Plan Rows": 1,
              "Plan Width": 8,
              "Actual Startup Time": 80.802,
              "Actual Total Time": 80.803,
              "Actual Rows": 1,
              "Actual Loops": 4,
              "Plans": [
                {
                  "Node Type": "Bitmap Heap Scan",
                  "Parent Relationship": "Outer",
                  "Parallel Aware": true,
                  "Relation Name": "movie_companies",
                  "Alias": "mc",
                  "Startup Cost": 8340.96,
                  "Total Cost": 29004.12,
                  "Plan Rows": 63404,
                  "Plan Width": 0,
                  "Actual Startup Time": 36.118,
                  "Actual Total Time": 74.646,
                  "Actual Rows": 98458,
                  "Actual Loops": 4,
                  "Recheck Cond": "(company_id > 82917)",
                  "Rows Removed by Index Recheck": 0,
                  "Filter": "(company_type_id > 1)",
                  "Rows Removed by Filter": 0,
                  "Exact Heap Blocks": 3235,
                  "Lossy Heap Blocks": 0,
                  "Plans": [
                    {
                      "Node Type": "Bitmap Index Scan",
                      "Parent Relationship": "Outer",
                      "Parallel Aware": false,
                      "Index Name": "company_id_movie_companies",
                      "Startup Cost": 0.0,
                      "Total Cost": 8291.82,
                      "Plan Rows": 387119,
                      "Plan Width": 0,
                      "Actual Startup Time": 43.157,
                      "Actual Total Time": 43.157,
                      "Actual Rows": 393831,
                      "Actual Loops": 1,
                      "Index Cond": "(company_id > 82917)"
                    }
                  ]
                }
              ]
            }
          ]
        }
      ]
    },
    "Planning Time": 0.223,
    "Triggers": [],
    "Execution Time": 94.128
  }
]