[
    {
        "Bao": {
            "Bao prediction": "NaN",
            "Bao recommended hint": "(no hint)"
        }
    },
    {
        "Plan": {
            "Node Type": "Aggregate",
            "Strategy": "Plain",
            "Partial Mode": "Finalize",
            "Parallel Aware": false,
            "Startup Cost": 40570.12,
            "Total Cost": 40570.13,
            "Plan Rows": 1,
            "Plan Width": 8,
            "Actual Startup Time": 28.327,
            "Actual Total Time": 32.204,
            "Actual Rows": 1,
            "Actual Loops": 1,
            "Output": [
                "count(*)"
            ],
            "Plans": [
                {
                    "Node Type": "Gather",
                    "Parent Relationship": "Outer",
                    "Parallel Aware": false,
                    "Startup Cost": 40569.91,
                    "Total Cost": 40570.12,
                    "Plan Rows": 2,
                    "Plan Width": 8,
                    "Actual Startup Time": 28.051,
                    "Actual Total Time": 32.198,
                    "Actual Rows": 3,
                    "Actual Loops": 1,
                    "Output": [
                        "(PARTIAL count(*))"
                    ],
                    "Workers Planned": 2,
                    "Workers Launched": 2,
                    "Single Copy": false,
                    "Plans": [
                        {
                            "Node Type": "Aggregate",
                            "Strategy": "Plain",
                            "Partial Mode": "Partial",
                            "Parent Relationship": "Outer",
                            "Parallel Aware": false,
                            "Startup Cost": 39569.91,
                            "Total Cost": 39569.92,
                            "Plan Rows": 1,
                            "Plan Width": 8,
                            "Actual Startup Time": 20.417,
                            "Actual Total Time": 20.419,
                            "Actual Rows": 1,
                            "Actual Loops": 3,
                            "Output": [
                                "PARTIAL count(*)"
                            ],
                            "Workers": [
                                {
                                    "Worker Number": 0,
                                    "Actual Startup Time": 16.543,
                                    "Actual Total Time": 16.544,
                                    "Actual Rows": 1,
                                    "Actual Loops": 1
                                },
                                {
                                    "Worker Number": 1,
                                    "Actual Startup Time": 16.954,
                                    "Actual Total Time": 16.956,
                                    "Actual Rows": 1,
                                    "Actual Loops": 1
                                }
                            ],
                            "Plans": [
                                {
                                    "Node Type": "Nested Loop",
                                    "Parent Relationship": "Outer",
                                    "Parallel Aware": false,
                                    "Join Type": "Inner",
                                    "Startup Cost": 187.59,
                                    "Total Cost": 39566.38,
                                    "Plan Rows": 1412,
                                    "Plan Width": 0,
                                    "Actual Startup Time": 0.977,
                                    "Actual Total Time": 20.163,
                                    "Actual Rows": 2381,
                                    "Actual Loops": 3,
                                    "Inner Unique": true,
                                    "Workers": [
                                        {
                                            "Worker Number": 0,
                                            "Actual Startup Time": 0.382,
                                            "Actual Total Time": 16.415,
                                            "Actual Rows": 302,
                                            "Actual Loops": 1
                                        },
                                        {
                                            "Worker Number": 1,
                                            "Actual Startup Time": 0.376,
                                            "Actual Total Time": 16.766,
                                            "Actual Rows": 357,
                                            "Actual Loops": 1
                                        }
                                    ],
                                    "Plans": [
                                        {
                                            "Node Type": "Bitmap Heap Scan",
                                            "Parent Relationship": "Outer",
                                            "Parallel Aware": true,
                                            "Relation Name": "movie_companies",
                                            "Schema": "public",
                                            "Alias": "mc",
                                            "Startup Cost": 187.16,
                                            "Total Cost": 15421.97,
                                            "Plan Rows": 3588,
                                            "Plan Width": 4,
                                            "Actual Startup Time": 0.819,
                                            "Actual Total Time": 5.91,
                                            "Actual Rows": 2384,
                                            "Actual Loops": 3,
                                            "Output": [
                                                "mc.id",
                                                "mc.movie_id",
                                                "mc.company_id",
                                                "mc.company_type_id",
                                                "mc.note"
                                            ],
                                            "Recheck Cond": "(mc.company_id = 7851)",
                                            "Rows Removed by Index Recheck": 0,
                                            "Exact Heap Blocks": 3796,
                                            "Lossy Heap Blocks": 0,
                                            "Workers": [
                                                {
                                                    "Worker Number": 0,
                                                    "Actual Startup Time": 0.151,
                                                    "Actual Total Time": 4.589,
                                                    "Actual Rows": 302,
                                                    "Actual Loops": 1
                                                },
                                                {
                                                    "Worker Number": 1,
                                                    "Actual Startup Time": 0.15,
                                                    "Actual Total Time": 4.323,
                                                    "Actual Rows": 357,
                                                    "Actual Loops": 1
                                                }
                                            ],
                                            "Plans": [
                                                {
                                                    "Node Type": "Bitmap Index Scan",
                                                    "Parent Relationship": "Outer",
                                                    "Parallel Aware": false,
                                                    "Index Name": "company_id_movie_companies",
                                                    "Startup Cost": 0.0,
                                                    "Total Cost": 185.0,
                                                    "Plan Rows": 8610,
                                                    "Plan Width": 0,
                                                    "Actual Startup Time": 1.417,
                                                    "Actual Total Time": 1.418,
                                                    "Actual Rows": 7151,
                                                    "Actual Loops": 1,
                                                    "Index Cond": "(mc.company_id = 7851)"
                                                }
                                            ]
                                        },
                                        {
                                            "Node Type": "Index Scan",
                                            "Parent Relationship": "Inner",
                                            "Parallel Aware": false,
                                            "Scan Direction": "Forward",
                                            "Index Name": "title_pkey",
                                            "Relation Name": "title",
                                            "Schema": "public",
                                            "Alias": "t",
                                            "Startup Cost": 0.43,
                                            "Total Cost": 6.73,
                                            "Plan Rows": 1,
                                            "Plan Width": 4,
                                            "Actual Startup Time": 0.006,
                                            "Actual Total Time": 0.006,
                                            "Actual Rows": 1,
                                            "Actual Loops": 7151,
                                            "Output": [
                                                "t.id",
                                                "t.title",
                                                "t.imdb_index",
                                                "t.kind_id",
                                                "t.production_year",
                                                "t.imdb_id",
                                                "t.phonetic_code",
                                                "t.episode_of_id",
                                                "t.season_nr",
                                                "t.episode_nr",
                                                "t.series_years",
                                                "t.md5sum"
                                            ],
                                            "Index Cond": "(t.id = mc.movie_id)",
                                            "Rows Removed by Index Recheck": 0,
                                            "Filter": "(t.kind_id < 7)",
                                            "Rows Removed by Filter": 0,
                                            "Workers": [
                                                {
                                                    "Worker Number": 0,
                                                    "Actual Startup Time": 0.037,
                                                    "Actual Total Time": 0.037,
                                                    "Actual Rows": 1,
                                                    "Actual Loops": 302
                                                },
                                                {
                                                    "Worker Number": 1,
                                                    "Actual Startup Time": 0.033,
                                                    "Actual Total Time": 0.033,
                                                    "Actual Rows": 1,
                                                    "Actual Loops": 357
                                                }
                                            ]
                                        }
                                    ]
                                }
                            ]
                        }
                    ]
                }
            ]
        },
        "Planning Time": 206.56,
        "Triggers": [],
        "Execution Time": 32.263
    }
]