[
  {
    "Plan": {
      "Node Type": "Aggregate",
      "Strategy": "Plain",
      "Partial Mode": "Finalize",
      "Parallel Aware": false,
      "Startup Cost": 238883.65,
      "Total Cost": 238883.66,
      "Plan Rows": 1,
      "Plan Width": 8,
      "Actual Startup Time": 343.704,
      "Actual Total Time": 357.038,
      "Actual Rows": 1,
      "Actual Loops": 1,
      "Plans": [
        {
          "Node Type": "Gather",
          "Parent Relationship": "Outer",
          "Parallel Aware": false,
          "Startup Cost": 238883.12,
          "Total Cost": 238883.63,
          "Plan Rows": 5,
          "Plan Width": 8,
          "Actual Startup Time": 339.783,
          "Actual Total Time": 357.028,
          "Actual Rows": 6,
          "Actual Loops": 1,
          "Workers Planned": 5,
          "Workers Launched": 5,
          "Single Copy": false,
          "Plans": [
            {
              "Node Type": "Aggregate",
              "Strategy": "Plain",
              "Partial Mode": "Partial",
              "Parent Relationship": "Outer",
              "Parallel Aware": false,
              "Startup Cost": 237883.12,
              "Total Cost": 237883.13,
              "Plan Rows": 1,
              "Plan Width": 8,
              "Actual Startup Time": 328.189,
              "Actual Total Time": 328.193,
              "Actual Rows": 1,
              "Actual Loops": 6,
              "Plans": [
                {
                  "Node Type": "Hash Join",
                  "Parent Relationship": "Outer",
                  "Parallel Aware": true,
                  "Join Type": "Inner",
                  "Startup Cost": 71697.61,
                  "Total Cost": 237696.08,
                  "Plan Rows": 74816,
                  "Plan Width": 0,
                  "Actual Startup Time": 216.083,
                  "Actual Total Time": 325.254,
                  "Actual Rows": 35186,
                  "Actual Loops": 6,
                  "Inner Unique": true,
                  "Hash Cond": "(mi.movie_id = t.id)",
                  "Plans": [
                    {
                      "Node Type": "Bitmap Heap Scan",
                      "Parent Relationship": "Outer",
                      "Parallel Aware": true,
                      "Relation Name": "movie_info",
                      "Alias": "mi",
                      "Startup Cost": 23986.4,
                      "Total Cost": 189289.71,
                      "Plan Rows": 264825,
                      "Plan Width": 4,
                      "Actual Startup Time": 62.925,
                      "Actual Total Time": 101.803,
                      "Actual Rows": 220894,
                      "Actual Loops": 6,
                      "Recheck Cond": "(info_type_id = 8)",
                      "Rows Removed by Index Recheck": 0,
                      "Exact Heap Blocks": 1346,
                      "Lossy Heap Blocks": 0,
                      "Plans": [
                        {
                          "Node Type": "Bitmap Index Scan",
                          "Parent Relationship": "Outer",
                          "Parallel Aware": false,
                          "Index Name": "info_type_id_movie_info",
                          "Startup Cost": 0.0,
                          "Total Cost": 23655.37,
                          "Plan Rows": 1324124,
                          "Plan Width": 0,
                          "Actual Startup Time": 60.975,
                          "Actual Total Time": 60.976,
                          "Actual Rows": 1325361,
                          "Actual Loops": 1,
                          "Index Cond": "(info_type_id = 8)"
                        }
                      ]
                    },
                    {
                      "Node Type": "Hash",
                      "Parent Relationship": "Inner",
                      "Parallel Aware": true,
                      "Startup Cost": 45479.1,
                      "Total Cost": 45479.1,
                      "Plan Rows": 178569,
                      "Plan Width": 4,
                      "Actual Startup Time": 149.117,
                      "Actual Total Time": 149.118,
                      "Actual Rows": 101405,
                      "Actual Loops": 6,
                      "Hash Buckets": 1048576,
                      "Original Hash Buckets": 1048576,
                      "Hash Batches": 1,
                      "Original Hash Batches": 1,
                      "Peak Memory Usage": 32096,
                      "Plans": [
                        {
                          "Node Type": "Seq Scan",
                          "Parent Relationship": "Outer",
                          "Parallel Aware": true,
                          "Relation Name": "title",
                          "Alias": "t",
                          "Startup Cost": 0.0,
                          "Total Cost": 45479.1,
                          "Plan Rows": 178569,
                          "Plan Width": 4,
                          "Actual Startup Time": 0.047,
                          "Actual Total Time": 96.161,
                          "Actual Rows": 101405,
                          "Actual Loops": 6,
                          "Filter": "((kind_id > 2) AND (production_year < 2000))",
                          "Rows Removed by Filter": 319980
                        }
                      ]
                    }
                  ]
                }
              ]
            }
          ]
        }
      ]
    },
    "Planning Time": 0.657,
    "Triggers": [],
    "Execution Time": 357.137
  }
]