[
  {
    "Plan": {
      "Node Type": "Aggregate",
      "Strategy": "Plain",
      "Partial Mode": "Finalize",
      "Parallel Aware": false,
      "Startup Cost": 443798.04,
      "Total Cost": 443798.05,
      "Plan Rows": 1,
      "Plan Width": 8,
      "Actual Startup Time": 1741.634,
      "Actual Total Time": 1798.405,
      "Actual Rows": 1,
      "Actual Loops": 1,
      "Plans": [
        {
          "Node Type": "Gather",
          "Parent Relationship": "Outer",
          "Parallel Aware": false,
          "Startup Cost": 443797.41,
          "Total Cost": 443798.02,
          "Plan Rows": 6,
          "Plan Width": 8,
          "Actual Startup Time": 1730.569,
          "Actual Total Time": 1798.382,
          "Actual Rows": 7,
          "Actual Loops": 1,
          "Workers Planned": 6,
          "Workers Launched": 6,
          "Single Copy": false,
          "Plans": [
            {
              "Node Type": "Aggregate",
              "Strategy": "Plain",
              "Partial Mode": "Partial",
              "Parent Relationship": "Outer",
              "Parallel Aware": false,
              "Startup Cost": 442797.41,
              "Total Cost": 442797.42,
              "Plan Rows": 1,
              "Plan Width": 8,
              "Actual Startup Time": 1719.766,
              "Actual Total Time": 1719.93,
              "Actual Rows": 1,
              "Actual Loops": 7,
              "Plans": [
                {
                  "Node Type": "Hash Join",
                  "Parent Relationship": "Outer",
                  "Parallel Aware": true,
                  "Join Type": "Inner",
                  "Startup Cost": 81763.95,
                  "Total Cost": 439934.74,
                  "Plan Rows": 1145068,
                  "Plan Width": 0,
                  "Actual Startup Time": 534.448,
                  "Actual Total Time": 1666.637,
                  "Actual Rows": 1191318,
                  "Actual Loops": 7,
                  "Inner Unique": false,
                  "Hash Cond": "(ci.movie_id = t.id)",
                  "Plans": [
                    {
                      "Node Type": "Seq Scan",
                      "Parent Relationship": "Outer",
                      "Parallel Aware": true,
                      "Relation Name": "cast_info",
                      "Alias": "ci",
                      "Startup Cost": 0.0,
                      "Total Cost": 343316.27,
                      "Plan Rows": 2976200,
                      "Plan Width": 4,
                      "Actual Startup Time": 201.834,
                      "Actual Total Time": 681.92,
                      "Actual Rows": 3016864,
                      "Actual Loops": 7,
                      "Filter": "((person_id > 868187) AND (role_id > 1))",
                      "Rows Removed by Filter": 2160900
                    },
                    {
                      "Node Type": "Hash",
                      "Parent Relationship": "Inner",
                      "Parallel Aware": true,
                      "Startup Cost": 77841.41,
                      "Total Cost": 77841.41,
                      "Plan Rows": 313803,
                      "Plan Width": 8,
                      "Actual Startup Time": 329.036,
                      "Actual Total Time": 329.198,
                      "Actual Rows": 91897,
                      "Actual Loops": 7,
                      "Hash Buckets": 1048576,
                      "Original Hash Buckets": 1048576,
                      "Hash Batches": 1,
                      "Original Hash Batches": 1,
                      "Peak Memory Usage": 33440,
                      "Plans": [
                        {
                          "Node Type": "Hash Join",
                          "Parent Relationship": "Outer",
                          "Parallel Aware": true,
                          "Join Type": "Inner",
                          "Startup Cost": 48425.52,
                          "Total Cost": 77841.41,
                          "Plan Rows": 313803,
                          "Plan Width": 8,
                          "Actual Startup Time": 154.391,
                          "Actual Total Time": 284.13,
                          "Actual Rows": 91897,
                          "Actual Loops": 7,
                          "Inner Unique": true,
                          "Hash Cond": "(mc.movie_id = t.id)",
                          "Plans": [
                            {
                              "Node Type": "Seq Scan",
                              "Parent Relationship": "Outer",
                              "Parallel Aware": true,
                              "Relation Name": "movie_companies",
                              "Alias": "mc",
                              "Startup Cost": 0.0,
                              "Total Cost": 27206.55,
                              "Plan Rows": 841655,
                              "Plan Width": 4,
                              "Actual Startup Time": 0.011,
                              "Actual Total Time": 39.815,
                              "Actual Rows": 372733,
                              "Actual Loops": 7
                            },
                            {
                              "Node Type": "Hash",
                              "Parent Relationship": "Inner",
                              "Parallel Aware": true,
                              "Startup Cost": 45479.59,
                              "Total Cost": 45479.59,
                              "Plan Rows": 235675,
                              "Plan Width": 4,
                              "Actual Startup Time": 152.562,
                              "Actual Total Time": 152.565,
                              "Actual Rows": 124373,
                              "Actual Loops": 7,
                              "Hash Buckets": 1048576,
                              "Original Hash Buckets": 1048576,
                              "Hash Batches": 1,
                              "Original Hash Batches": 1,
                              "Peak Memory Usage": 42336,
                              "Plans": [
                                {
                                  "Node Type": "Seq Scan",
                                  "Parent Relationship": "Outer",
                                  "Parallel Aware": true,
                                  "Relation Name": "title",
                                  "Alias": "t",
                                  "Startup Cost": 0.0,
                                  "Total Cost": 45479.59,
                                  "Plan Rows": 235675,
                                  "Plan Width": 4,
                                  "Actual Startup Time": 0.055,
                                  "Actual Total Time": 82.969,
                                  "Actual Rows": 124373,
                                  "Actual Loops": 7,
                                  "Filter": "((kind_id > 2) AND (production_year < 2005))",
                                  "Rows Removed by Filter": 236815
                                }
                              ]
                            }
                          ]
                        }
                      ]
                    }
                  ]
                }
              ]
            }
          ]
        }
      ]
    },
    "Planning Time": 1.533,
    "Triggers": [],
    "Execution Time": 1798.505
  }
]