[
  {
    "Plan": {
      "Node Type": "Aggregate",
      "Strategy": "Plain",
      "Partial Mode": "Finalize",
      "Parallel Aware": false,
      "Startup Cost": 46879.94,
      "Total Cost": 46879.95,
      "Plan Rows": 1,
      "Plan Width": 8,
      "Actual Startup Time": 93.474,
      "Actual Total Time": 106.154,
      "Actual Rows": 1,
      "Actual Loops": 1,
      "Plans": [
        {
          "Node Type": "Gather",
          "Parent Relationship": "Outer",
          "Parallel Aware": false,
          "Startup Cost": 46879.52,
          "Total Cost": 46879.93,
          "Plan Rows": 4,
          "Plan Width": 8,
          "Actual Startup Time": 93.289,
          "Actual Total Time": 106.145,
          "Actual Rows": 5,
          "Actual Loops": 1,
          "Workers Planned": 4,
          "Workers Launched": 4,
          "Single Copy": false,
          "Plans": [
            {
              "Node Type": "Aggregate",
              "Strategy": "Plain",
              "Partial Mode": "Partial",
              "Parent Relationship": "Outer",
              "Parallel Aware": false,
              "Startup Cost": 45879.52,
              "Total Cost": 45879.53,
              "Plan Rows": 1,
              "Plan Width": 8,
              "Actual Startup Time": 88.199,
              "Actual Total Time": 88.202,
              "Actual Rows": 1,
              "Actual Loops": 5,
              "Plans": [
                {
                  "Node Type": "Seq Scan",
                  "Parent Relationship": "Outer",
                  "Parallel Aware": true,
                  "Relation Name": "title",
                  "Alias": "t",
                  "Startup Cost": 0.0,
                  "Total Cost": 45479.59,
                  "Plan Rows": 159972,
                  "Plan Width": 0,
                  "Actual Startup Time": 37.351,
                  "Actual Total Time": 82.801,
                  "Actual Rows": 130445,
                  "Actual Loops": 5,
                  "Filter": "((production_year > 1898) AND (kind_id = 1))",
                  "Rows Removed by Filter": 375217
                }
              ]
            }
          ]
        }
      ]
    },
    "Planning Time": 0.093,
    "Triggers": [],
    "Execution Time": 106.185
  }
]