[
  {
    "Plan": {
      "Node Type": "Aggregate",
      "Strategy": "Plain",
      "Partial Mode": "Finalize",
      "Parallel Aware": false,
      "Startup Cost": 77615.36,
      "Total Cost": 77615.37,
      "Plan Rows": 1,
      "Plan Width": 8,
      "Actual Startup Time": 218.59,
      "Actual Total Time": 239.23,
      "Actual Rows": 1,
      "Actual Loops": 1,
      "Plans": [
        {
          "Node Type": "Gather",
          "Parent Relationship": "Outer",
          "Parallel Aware": false,
          "Startup Cost": 77615.04,
          "Total Cost": 77615.35,
          "Plan Rows": 3,
          "Plan Width": 8,
          "Actual Startup Time": 217.732,
          "Actual Total Time": 239.22,
          "Actual Rows": 4,
          "Actual Loops": 1,
          "Workers Planned": 3,
          "Workers Launched": 3,
          "Single Copy": false,
          "Plans": [
            {
              "Node Type": "Aggregate",
              "Strategy": "Plain",
              "Partial Mode": "Partial",
              "Parent Relationship": "Outer",
              "Parallel Aware": false,
              "Startup Cost": 76615.04,
              "Total Cost": 76615.05,
              "Plan Rows": 1,
              "Plan Width": 8,
              "Actual Startup Time": 208.466,
              "Actual Total Time": 208.47,
              "Actual Rows": 1,
              "Actual Loops": 4,
              "Plans": [
                {
                  "Node Type": "Nested Loop",
                  "Parent Relationship": "Outer",
                  "Parallel Aware": false,
                  "Join Type": "Inner",
                  "Startup Cost": 48428.44,
                  "Total Cost": 76607.58,
                  "Plan Rows": 2984,
                  "Plan Width": 0,
                  "Actual Startup Time": 139.358,
                  "Actual Total Time": 207.527,
                  "Actual Rows": 14590,
                  "Actual Loops": 4,
                  "Inner Unique": false,
                  "Plans": [
                    {
                      "Node Type": "Hash Join",
                      "Parent Relationship": "Outer",
                      "Parallel Aware": true,
                      "Join Type": "Inner",
                      "Startup Cost": 48428.01,
                      "Total Cost": 73408.36,
                      "Plan Rows": 2891,
                      "Plan Width": 8,
                      "Actual Startup Time": 139.249,
                      "Actual Total Time": 182.988,
                      "Actual Rows": 1875,
                      "Actual Loops": 4,
                      "Inner Unique": true,
                      "Hash Cond": "(mk.movie_id = t.id)",
                      "Plans": [
                        {
                          "Node Type": "Bitmap Heap Scan",
                          "Parent Relationship": "Outer",
                          "Parallel Aware": true,
                          "Relation Name": "movie_keyword",
                          "Alias": "mk",
                          "Startup Cost": 2292.51,
                          "Total Cost": 27181.51,
                          "Plan Rows": 34800,
                          "Plan Width": 4,
                          "Actual Startup Time": 19.178,
                          "Actual Total Time": 53.453,
                          "Actual Rows": 30480,
                          "Actual Loops": 4,
                          "Recheck Cond": "(keyword_id < 117)",
                          "Rows Removed by Index Recheck": 0,
                          "Exact Heap Blocks": 7377,
                          "Lossy Heap Blocks": 0,
                          "Plans": [
                            {
                              "Node Type": "Bitmap Index Scan",
                              "Parent Relationship": "Outer",
                              "Parallel Aware": false,
                              "Index Name": "keyword_id_movie_keyword",
                              "Startup Cost": 0.0,
                              "Total Cost": 2265.54,
                              "Plan Rows": 107881,
                              "Plan Width": 0,
                              "Actual Startup Time": 13.708,
                              "Actual Total Time": 13.708,
                              "Actual Rows": 121921,
                              "Actual Loops": 1,
                              "Index Cond": "(keyword_id < 117)"
                            }
                          ]
                        },
                        {
                          "Node Type": "Hash",
                          "Parent Relationship": "Inner",
                          "Parallel Aware": true,
                          "Startup Cost": 45479.1,
                          "Total Cost": 45479.1,
                          "Plan Rows": 52512,
                          "Plan Width": 4,
                          "Actual Startup Time": 118.004,
                          "Actual Total Time": 118.005,
                          "Actual Rows": 45959,
                          "Actual Loops": 4,
                          "Hash Buckets": 262144,
                          "Original Hash Buckets": 262144,
                          "Hash Batches": 1,
                          "Original Hash Batches": 1,
                          "Peak Memory Usage": 9312,
                          "Plans": [
                            {
                              "Node Type": "Seq Scan",
                              "Parent Relationship": "Outer",
                              "Parallel Aware": true,
                              "Relation Name": "title",
                              "Alias": "t",
                              "Startup Cost": 0.0,
                              "Total Cost": 45479.1,
                              "Plan Rows": 52512,
                              "Plan Width": 4,
                              "Actual Startup Time": 0.072,
                              "Actual Total Time": 101.475,
                              "Actual Rows": 45959,
                              "Actual Loops": 4,
                              "Filter": "((kind_id < 7) AND (production_year > 2009))",
                              "Rows Removed by Filter": 586119
                            }
                          ]
                        }
                      ]
                    },
                    {
                      "Node Type": "Index Only Scan",
                      "Parent Relationship": "Inner",
                      "Parallel Aware": false,
                      "Scan Direction": "Forward",
                      "Index Name": "movie_id_movie_companies",
                      "Relation Name": "movie_companies",
                      "Alias": "mc",
                      "Startup Cost": 0.43,
                      "Total Cost": 1.06,
                      "Plan Rows": 5,
                      "Plan Width": 4,
                      "Actual Startup Time": 0.008,
                      "Actual Total Time": 0.012,
                      "Actual Rows": 8,
                      "Actual Loops": 7500,
                      "Index Cond": "(movie_id = t.id)",
                      "Rows Removed by Index Recheck": 0,
                      "Heap Fetches": 58362
                    }
                  ]
                }
              ]
            }
          ]
        }
      ]
    },
    "Planning Time": 1.145,
    "Triggers": [],
    "Execution Time": 239.324
  }
]