[
  {
    "Plan": {
      "Node Type": "Aggregate",
      "Strategy": "Plain",
      "Partial Mode": "Finalize",
      "Parallel Aware": false,
      "Startup Cost": 174900.23,
      "Total Cost": 174900.24,
      "Plan Rows": 1,
      "Plan Width": 8,
      "Actual Startup Time": 577.251,
      "Actual Total Time": 601.787,
      "Actual Rows": 1,
      "Actual Loops": 1,
      "Plans": [
        {
          "Node Type": "Gather",
          "Parent Relationship": "Outer",
          "Parallel Aware": false,
          "Startup Cost": 174899.91,
          "Total Cost": 174900.22,
          "Plan Rows": 3,
          "Plan Width": 8,
          "Actual Startup Time": 574.964,
          "Actual Total Time": 601.777,
          "Actual Rows": 4,
          "Actual Loops": 1,
          "Workers Planned": 3,
          "Workers Launched": 3,
          "Single Copy": false,
          "Plans": [
            {
              "Node Type": "Aggregate",
              "Strategy": "Plain",
              "Partial Mode": "Partial",
              "Parent Relationship": "Outer",
              "Parallel Aware": false,
              "Startup Cost": 173899.91,
              "Total Cost": 173899.92,
              "Plan Rows": 1,
              "Plan Width": 8,
              "Actual Startup Time": 565.286,
              "Actual Total Time": 565.404,
              "Actual Rows": 1,
              "Actual Loops": 4,
              "Plans": [
                {
                  "Node Type": "Hash Join",
                  "Parent Relationship": "Outer",
                  "Parallel Aware": true,
                  "Join Type": "Inner",
                  "Startup Cost": 128538.59,
                  "Total Cost": 173759.45,
                  "Plan Rows": 56185,
                  "Plan Width": 0,
                  "Actual Startup Time": 384.519,
                  "Actual Total Time": 561.124,
                  "Actual Rows": 82713,
                  "Actual Loops": 4,
                  "Inner Unique": false,
                  "Hash Cond": "(mk.movie_id = t.id)",
                  "Plans": [
                    {
                      "Node Type": "Seq Scan",
                      "Parent Relationship": "Outer",
                      "Parallel Aware": true,
                      "Relation Name": "movie_keyword",
                      "Alias": "mk",
                      "Startup Cost": 0.0,
                      "Total Cost": 42695.65,
                      "Plan Rows": 635934,
                      "Plan Width": 4,
                      "Actual Startup Time": 0.415,
                      "Actual Total Time": 118.015,
                      "Actual Rows": 493738,
                      "Actual Loops": 4,
                      "Filter": "(keyword_id > 6420)",
                      "Rows Removed by Filter": 637244
                    },
                    {
                      "Node Type": "Hash",
                      "Parent Relationship": "Inner",
                      "Parallel Aware": true,
                      "Startup Cost": 127840.54,
                      "Total Cost": 127840.54,
                      "Plan Rows": 55844,
                      "Plan Width": 8,
                      "Actual Startup Time": 382.062,
                      "Actual Total Time": 382.179,
                      "Actual Rows": 51962,
                      "Actual Loops": 4,
                      "Hash Buckets": 262144,
                      "Original Hash Buckets": 262144,
                      "Hash Batches": 1,
                      "Original Hash Batches": 1,
                      "Peak Memory Usage": 10208,
                      "Plans": [
                        {
                          "Node Type": "Hash Join",
                          "Parent Relationship": "Outer",
                          "Parallel Aware": true,
                          "Join Type": "Inner",
                          "Startup Cost": 78299.29,
                          "Total Cost": 127840.54,
                          "Plan Rows": 55844,
                          "Plan Width": 8,
                          "Actual Startup Time": 156.807,
                          "Actual Total Time": 363.953,
                          "Actual Rows": 51962,
                          "Actual Loops": 4,
                          "Inner Unique": false,
                          "Hash Cond": "(t.id = ci.movie_id)",
                          "Plans": [
                            {
                              "Node Type": "Seq Scan",
                              "Parent Relationship": "Outer",
                              "Parallel Aware": true,
                              "Relation Name": "title",
                              "Alias": "t",
                              "Startup Cost": 0.0,
                              "Total Cost": 42318.73,
                              "Plan Rows": 632073,
                              "Plan Width": 4,
                              "Actual Startup Time": 0.01,
                              "Actual Total Time": 83.575,
                              "Actual Rows": 632078,
                              "Actual Loops": 4
                            },
                            {
                              "Node Type": "Hash",
                              "Parent Relationship": "Inner",
                              "Parallel Aware": true,
                              "Startup Cost": 77740.85,
                              "Total Cost": 77740.85,
                              "Plan Rows": 44675,
                              "Plan Width": 4,
                              "Actual Startup Time": 155.815,
                              "Actual Total Time": 155.816,
                              "Actual Rows": 51962,
                              "Actual Loops": 4,
                              "Hash Buckets": 262144,
                              "Original Hash Buckets": 262144,
                              "Hash Batches": 1,
                              "Original Hash Batches": 1,
                              "Peak Memory Usage": 10240,
                              "Plans": [
                                {
                                  "Node Type": "Index Scan",
                                  "Parent Relationship": "Outer",
                                  "Parallel Aware": true,
                                  "Scan Direction": "Forward",
                                  "Index Name": "role_id_cast_info",
                                  "Relation Name": "cast_info",
                                  "Alias": "ci",
                                  "Startup Cost": 0.56,
                                  "Total Cost": 77740.85,
                                  "Plan Rows": 44675,
                                  "Plan Width": 4,
                                  "Actual Startup Time": 0.202,
                                  "Actual Total Time": 135.887,
                                  "Actual Rows": 51962,
                                  "Actual Loops": 4,
                                  "Index Cond": "(role_id = 4)",
                                  "Rows Removed by Index Recheck": 0,
                                  "Filter": "(person_id < 280466)",
                                  "Rows Removed by Filter": 630274
                                }
                              ]
                            }
                          ]
                        }
                      ]
                    }
                  ]
                }
              ]
            }
          ]
        }
      ]
    },
    "Planning Time": 1.264,
    "Triggers": [],
    "Execution Time": 601.874
  }
]