[
  {
    "Plan": {
      "Node Type": "Aggregate",
      "Strategy": "Plain",
      "Partial Mode": "Finalize",
      "Parallel Aware": false,
      "Startup Cost": 52985.38,
      "Total Cost": 52985.39,
      "Plan Rows": 1,
      "Plan Width": 8,
      "Actual Startup Time": 80.403,
      "Actual Total Time": 92.908,
      "Actual Rows": 1,
      "Actual Loops": 1,
      "Plans": [
        {
          "Node Type": "Gather",
          "Parent Relationship": "Outer",
          "Parallel Aware": false,
          "Startup Cost": 52985.06,
          "Total Cost": 52985.37,
          "Plan Rows": 3,
          "Plan Width": 8,
          "Actual Startup Time": 80.069,
          "Actual Total Time": 92.9,
          "Actual Rows": 4,
          "Actual Loops": 1,
          "Workers Planned": 3,
          "Workers Launched": 3,
          "Single Copy": false,
          "Plans": [
            {
              "Node Type": "Aggregate",
              "Strategy": "Plain",
              "Partial Mode": "Partial",
              "Parent Relationship": "Outer",
              "Parallel Aware": false,
              "Startup Cost": 51985.06,
              "Total Cost": 51985.07,
              "Plan Rows": 1,
              "Plan Width": 8,
              "Actual Startup Time": 70.364,
              "Actual Total Time": 70.366,
              "Actual Rows": 1,
              "Actual Loops": 4,
              "Plans": [
                {
                  "Node Type": "Nested Loop",
                  "Parent Relationship": "Outer",
                  "Parallel Aware": false,
                  "Join Type": "Inner",
                  "Startup Cost": 297.2,
                  "Total Cost": 51980.09,
                  "Plan Rows": 1987,
                  "Plan Width": 0,
                  "Actual Startup Time": 3.068,
                  "Actual Total Time": 69.969,
                  "Actual Rows": 3148,
                  "Actual Loops": 4,
                  "Inner Unique": false,
                  "Plans": [
                    {
                      "Node Type": "Nested Loop",
                      "Parent Relationship": "Outer",
                      "Parallel Aware": false,
                      "Join Type": "Inner",
                      "Startup Cost": 296.77,
                      "Total Cost": 49252.76,
                      "Plan Rows": 4491,
                      "Plan Width": 8,
                      "Actual Startup Time": 2.881,
                      "Actual Total Time": 41.254,
                      "Actual Rows": 3593,
                      "Actual Loops": 4,
                      "Inner Unique": true,
                      "Plans": [
                        {
                          "Node Type": "Bitmap Heap Scan",
                          "Parent Relationship": "Outer",
                          "Parallel Aware": true,
                          "Relation Name": "movie_keyword",
                          "Alias": "mk",
                          "Startup Cost": 296.34,
                          "Total Cost": 22058.86,
                          "Plan Rows": 4491,
                          "Plan Width": 4,
                          "Actual Startup Time": 2.714,
                          "Actual Total Time": 11.715,
                          "Actual Rows": 3593,
                          "Actual Loops": 4,
                          "Recheck Cond": "(keyword_id < 3)",
                          "Rows Removed by Index Recheck": 0,
                          "Exact Heap Blocks": 3035,
                          "Lossy Heap Blocks": 0,
                          "Plans": [
                            {
                              "Node Type": "Bitmap Index Scan",
                              "Parent Relationship": "Outer",
                              "Parallel Aware": false,
                              "Index Name": "keyword_id_movie_keyword",
                              "Startup Cost": 0.0,
                              "Total Cost": 292.86,
                              "Plan Rows": 13923,
                              "Plan Width": 0,
                              "Actual Startup Time": 7.34,
                              "Actual Total Time": 7.341,
                              "Actual Rows": 14373,
                              "Actual Loops": 1,
                              "Index Cond": "(keyword_id < 3)"
                            }
                          ]
                        },
                        {
                          "Node Type": "Index Only Scan",
                          "Parent Relationship": "Inner",
                          "Parallel Aware": false,
                          "Scan Direction": "Forward",
                          "Index Name": "title_pkey",
                          "Relation Name": "title",
                          "Alias": "t",
                          "Startup Cost": 0.43,
                          "Total Cost": 6.06,
                          "Plan Rows": 1,
                          "Plan Width": 4,
                          "Actual Startup Time": 0.008,
                          "Actual Total Time": 0.008,
                          "Actual Rows": 1,
                          "Actual Loops": 14373,
                          "Index Cond": "(id = mk.movie_id)",
                          "Rows Removed by Index Recheck": 0,
                          "Heap Fetches": 14373
                        }
                      ]
                    },
                    {
                      "Node Type": "Index Scan",
                      "Parent Relationship": "Inner",
                      "Parallel Aware": false,
                      "Scan Direction": "Forward",
                      "Index Name": "movie_id_movie_companies",
                      "Relation Name": "movie_companies",
                      "Alias": "mc",
                      "Startup Cost": 0.43,
                      "Total Cost": 0.59,
                      "Plan Rows": 2,
                      "Plan Width": 4,
                      "Actual Startup Time": 0.007,
                      "Actual Total Time": 0.007,
                      "Actual Rows": 1,
                      "Actual Loops": 14373,
                      "Index Cond": "(movie_id = t.id)",
                      "Rows Removed by Index Recheck": 0,
                      "Filter": "((company_id < 81041) AND (company_type_id = 2))",
                      "Rows Removed by Filter": 3
                    }
                  ]
                }
              ]
            }
          ]
        }
      ]
    },
    "Planning Time": 1.495,
    "Triggers": [],
    "Execution Time": 93.007
  }
]