[
  {
    "Plan": {
      "Node Type": "Aggregate",
      "Strategy": "Plain",
      "Partial Mode": "Finalize",
      "Parallel Aware": false,
      "Startup Cost": 44968.81,
      "Total Cost": 44968.82,
      "Plan Rows": 1,
      "Plan Width": 8,
      "Actual Startup Time": 161.204,
      "Actual Total Time": 195.718,
      "Actual Rows": 1,
      "Actual Loops": 1,
      "Plans": [
        {
          "Node Type": "Gather",
          "Parent Relationship": "Outer",
          "Parallel Aware": false,
          "Startup Cost": 44968.6,
          "Total Cost": 44968.81,
          "Plan Rows": 2,
          "Plan Width": 8,
          "Actual Startup Time": 161.048,
          "Actual Total Time": 195.709,
          "Actual Rows": 3,
          "Actual Loops": 1,
          "Workers Planned": 2,
          "Workers Launched": 2,
          "Single Copy": false,
          "Plans": [
            {
              "Node Type": "Aggregate",
              "Strategy": "Plain",
              "Partial Mode": "Partial",
              "Parent Relationship": "Outer",
              "Parallel Aware": false,
              "Startup Cost": 43968.6,
              "Total Cost": 43968.61,
              "Plan Rows": 1,
              "Plan Width": 8,
              "Actual Startup Time": 156.864,
              "Actual Total Time": 156.866,
              "Actual Rows": 1,
              "Actual Loops": 3,
              "Plans": [
                {
                  "Node Type": "Nested Loop",
                  "Parent Relationship": "Outer",
                  "Parallel Aware": false,
                  "Join Type": "Inner",
                  "Startup Cost": 158.69,
                  "Total Cost": 43858.24,
                  "Plan Rows": 44142,
                  "Plan Width": 0,
                  "Actual Startup Time": 1.213,
                  "Actual Total Time": 153.416,
                  "Actual Rows": 47582,
                  "Actual Loops": 3,
                  "Inner Unique": false,
                  "Plans": [
                    {
                      "Node Type": "Nested Loop",
                      "Parent Relationship": "Outer",
                      "Parallel Aware": false,
                      "Join Type": "Inner",
                      "Startup Cost": 158.13,
                      "Total Cost": 37290.54,
                      "Plan Rows": 3079,
                      "Plan Width": 8,
                      "Actual Startup Time": 1.099,
                      "Actual Total Time": 21.867,
                      "Actual Rows": 2547,
                      "Actual Loops": 3,
                      "Inner Unique": true,
                      "Plans": [
                        {
                          "Node Type": "Bitmap Heap Scan",
                          "Parent Relationship": "Outer",
                          "Parallel Aware": true,
                          "Relation Name": "movie_keyword",
                          "Alias": "mk",
                          "Startup Cost": 157.7,
                          "Total Cost": 16007.73,
                          "Plan Rows": 3079,
                          "Plan Width": 4,
                          "Actual Startup Time": 0.977,
                          "Actual Total Time": 6.714,
                          "Actual Rows": 2547,
                          "Actual Loops": 3,
                          "Recheck Cond": "(keyword_id = 3660)",
                          "Rows Removed by Index Recheck": 0,
                          "Exact Heap Blocks": 2645,
                          "Lossy Heap Blocks": 0,
                          "Plans": [
                            {
                              "Node Type": "Bitmap Index Scan",
                              "Parent Relationship": "Outer",
                              "Parallel Aware": false,
                              "Index Name": "keyword_id_movie_keyword",
                              "Startup Cost": 0.0,
                              "Total Cost": 155.85,
                              "Plan Rows": 7389,
                              "Plan Width": 0,
                              "Actual Startup Time": 1.745,
                              "Actual Total Time": 1.746,
                              "Actual Rows": 7640,
                              "Actual Loops": 1,
                              "Index Cond": "(keyword_id = 3660)"
                            }
                          ]
                        },
                        {
                          "Node Type": "Index Only Scan",
                          "Parent Relationship": "Inner",
                          "Parallel Aware": false,
                          "Scan Direction": "Forward",
                          "Index Name": "title_pkey",
                          "Relation Name": "title",
                          "Alias": "t",
                          "Startup Cost": 0.43,
                          "Total Cost": 6.91,
                          "Plan Rows": 1,
                          "Plan Width": 4,
                          "Actual Startup Time": 0.005,
                          "Actual Total Time": 0.005,
                          "Actual Rows": 1,
                          "Actual Loops": 7640,
                          "Index Cond": "(id = mk.movie_id)",
                          "Rows Removed by Index Recheck": 0,
                          "Heap Fetches": 7640
                        }
                      ]
                    },
                    {
                      "Node Type": "Index Only Scan",
                      "Parent Relationship": "Inner",
                      "Parallel Aware": false,
                      "Scan Direction": "Forward",
                      "Index Name": "movie_id_cast_info",
                      "Relation Name": "cast_info",
                      "Alias": "ci",
                      "Startup Cost": 0.56,
                      "Total Cost": 1.78,
                      "Plan Rows": 35,
                      "Plan Width": 4,
                      "Actual Startup Time": 0.007,
                      "Actual Total Time": 0.05,
                      "Actual Rows": 19,
                      "Actual Loops": 7640,
                      "Index Cond": "(movie_id = t.id)",
                      "Rows Removed by Index Recheck": 0,
                      "Heap Fetches": 142745
                    }
                  ]
                }
              ]
            }
          ]
        }
      ]
    },
    "Planning Time": 0.727,
    "Triggers": [],
    "Execution Time": 195.788
  }
]