{
    "Plan": {
        "Node Type": "Aggregate",
        "Strategy": "Plain",
        "Partial Mode": "Simple",
        "Parallel Aware": false,
        "Startup Cost": 100002360386.16,
        "Total Cost": 100002360386.17,
        "Plan Rows": 1,
        "Plan Width": 8,
        "Actual Startup Time": 8708.288,
        "Actual Total Time": 8710.351,
        "Actual Rows": 1,
        "Actual Loops": 1,
        "Output": [
            "count(*)"
        ],
        "Plans": [
            {
                "Node Type": "Merge Join",
                "Parent Relationship": "Outer",
                "Parallel Aware": false,
                "Join Type": "Inner",
                "Startup Cost": 100002360386.13,
                "Total Cost": 100002360386.16,
                "Plan Rows": 1,
                "Plan Width": 0,
                "Actual Startup Time": 8708.262,
                "Actual Total Time": 8710.328,
                "Actual Rows": 15,
                "Actual Loops": 1,
                "Inner Unique": false,
                "Merge Cond": "(cc.status_id = cct2.id)",
                "Plans": [
                    {
                        "Node Type": "Sort",
                        "Parent Relationship": "Outer",
                        "Parallel Aware": false,
                        "Startup Cost": 90002360385.07,
                        "Total Cost": 90002360385.08,
                        "Plan Rows": 1,
                        "Plan Width": 4,
                        "Actual Startup Time": 8708.242,
                        "Actual Total Time": 8710.304,
                        "Actual Rows": 15,
                        "Actual Loops": 1,
                        "Output": [
                            "cc.status_id"
                        ],
                        "Sort Key": [
                            "cc.status_id"
                        ],
                        "Sort Method": "quicksort",
                        "Sort Space Used": 25,
                        "Sort Space Type": "Memory",
                        "Plans": [
                            {
                                "Node Type": "Nested Loop",
                                "Parent Relationship": "Outer",
                                "Parallel Aware": false,
                                "Join Type": "Inner",
                                "Startup Cost": 90002347275.23,
                                "Total Cost": 90002360385.06,
                                "Plan Rows": 1,
                                "Plan Width": 4,
                                "Actual Startup Time": 8428.43,
                                "Actual Total Time": 8710.294,
                                "Actual Rows": 15,
                                "Actual Loops": 1,
                                "Output": [
                                    "cc.status_id"
                                ],
                                "Inner Unique": true,
                                "Plans": [
                                    {
                                        "Node Type": "Merge Join",
                                        "Parent Relationship": "Outer",
                                        "Parallel Aware": false,
                                        "Join Type": "Inner",
                                        "Startup Cost": 90002347274.81,
                                        "Total Cost": 90002360384.62,
                                        "Plan Rows": 1,
                                        "Plan Width": 8,
                                        "Actual Startup Time": 8427.737,
                                        "Actual Total Time": 8709.878,
                                        "Actual Rows": 66,
                                        "Actual Loops": 1,
                                        "Output": [
                                            "cc.status_id",
                                            "mc.company_id"
                                        ],
                                        "Inner Unique": false,
                                        "Merge Cond": "(t.id = mc.movie_id)",
                                        "Plans": [
                                            {
                                                "Node Type": "Sort",
                                                "Parent Relationship": "Outer",
                                                "Parallel Aware": false,
                                                "Startup Cost": 10001647543.17,
                                                "Total Cost": 10001647543.18,
                                                "Plan Rows": 1,
                                                "Plan Width": 12,
                                                "Actual Startup Time": 4708.737,
                                                "Actual Total Time": 4708.919,
                                                "Actual Rows": 1,
                                                "Actual Loops": 1,
                                                "Output": [
                                                    "mi.movie_id",
                                                    "mk.movie_id",
                                                    "t.id"
                                                ],
                                                "Sort Key": [
                                                    "mi.movie_id"
                                                ],
                                                "Sort Method": "quicksort",
                                                "Sort Space Used": 25,
                                                "Sort Space Type": "Memory",
                                                "Plans": [
                                                    {
                                                        "Node Type": "Hash Join",
                                                        "Parent Relationship": "Outer",
                                                        "Parallel Aware": false,
                                                        "Join Type": "Inner",
                                                        "Startup Cost": 10001647543.04,
                                                        "Total Cost": 10001647543.16,
                                                        "Plan Rows": 1,
                                                        "Plan Width": 12,
                                                        "Actual Startup Time": 4708.656,
                                                        "Actual Total Time": 4708.907,
                                                        "Actual Rows": 1,
                                                        "Actual Loops": 1,
                                                        "Output": [
                                                            "mi.movie_id",
                                                            "mk.movie_id",
                                                            "t.id"
                                                        ],
                                                        "Inner Unique": false,
                                                        "Hash Cond": "(mk.keyword_id = k.id)",
                                                        "Plans": [
                                                            {
                                                                "Node Type": "Merge Join",
                                                                "Parent Relationship": "Outer",
                                                                "Parallel Aware": false,
                                                                "Join Type": "Inner",
                                                                "Startup Cost": 10001644916.91,
                                                                "Total Cost": 10001644917.01,
                                                                "Plan Rows": 1,
                                                                "Plan Width": 16,
                                                                "Actual Startup Time": 4694.748,
                                                                "Actual Total Time": 4694.99,
                                                                "Actual Rows": 136,
                                                                "Actual Loops": 1,
                                                                "Output": [
                                                                    "mi.movie_id",
                                                                    "mk.movie_id",
                                                                    "mk.keyword_id",
                                                                    "t.id"
                                                                ],
                                                                "Inner Unique": false,
                                                                "Merge Cond": "(mi.info_type_id = it.id)",
                                                                "Plans": [
                                                                    {
                                                                        "Node Type": "Sort",
                                                                        "Parent Relationship": "Outer",
                                                                        "Parallel Aware": false,
                                                                        "Startup Cost": 10001644914.48,
                                                                        "Total Cost": 10001644914.53,
                                                                        "Plan Rows": 17,
                                                                        "Plan Width": 20,
                                                                        "Actual Startup Time": 4694.695,
                                                                        "Actual Total Time": 4694.878,
                                                                        "Actual Rows": 136,
                                                                        "Actual Loops": 1,
                                                                        "Output": [
                                                                            "mi.movie_id",
                                                                            "mi.info_type_id",
                                                                            "mk.movie_id",
                                                                            "mk.keyword_id",
                                                                            "t.id"
                                                                        ],
                                                                        "Sort Key": [
                                                                            "mi.info_type_id"
                                                                        ],
                                                                        "Sort Method": "quicksort",
                                                                        "Sort Space Used": 35,
                                                                        "Sort Space Type": "Memory",
                                                                        "Plans": [
                                                                            {
                                                                                "Node Type": "Merge Join",
                                                                                "Parent Relationship": "Outer",
                                                                                "Parallel Aware": false,
                                                                                "Join Type": "Inner",
                                                                                "Startup Cost": 10001620000.64,
                                                                                "Total Cost": 10001644914.14,
                                                                                "Plan Rows": 17,
                                                                                "Plan Width": 20,
                                                                                "Actual Startup Time": 4694.548,
                                                                                "Actual Total Time": 4694.802,
                                                                                "Actual Rows": 136,
                                                                                "Actual Loops": 1,
                                                                                "Output": [
                                                                                    "mi.movie_id",
                                                                                    "mi.info_type_id",
                                                                                    "mk.movie_id",
                                                                                    "mk.keyword_id",
                                                                                    "t.id"
                                                                                ],
                                                                                "Inner Unique": false,
                                                                                "Merge Cond": "(t.id = mi.movie_id)",
                                                                                "Plans": [
                                                                                    {
                                                                                        "Node Type": "Merge Join",
                                                                                        "Parent Relationship": "Outer",
                                                                                        "Parallel Aware": false,
                                                                                        "Join Type": "Inner",
                                                                                        "Startup Cost": 10000617854.75,
                                                                                        "Total Cost": 10000640474.58,
                                                                                        "Plan Rows": 14,
                                                                                        "Plan Width": 12,
                                                                                        "Actual Startup Time": 1626.244,
                                                                                        "Actual Total Time": 1626.381,
                                                                                        "Actual Rows": 136,
                                                                                        "Actual Loops": 1,
                                                                                        "Output": [
                                                                                            "mk.movie_id",
                                                                                            "mk.keyword_id",
                                                                                            "t.id"
                                                                                        ],
                                                                                        "Inner Unique": false,
                                                                                        "Merge Cond": "(t.id = mk.movie_id)",
                                                                                        "Plans": [
                                                                                            {
                                                                                                "Node Type": "Sort",
                                                                                                "Parent Relationship": "Outer",
                                                                                                "Parallel Aware": false,
                                                                                                "Startup Cost": 48060.33,
                                                                                                "Total Cost": 48060.35,
                                                                                                "Plan Rows": 8,
                                                                                                "Plan Width": 4,
                                                                                                "Actual Startup Time": 136.69,
                                                                                                "Actual Total Time": 136.789,
                                                                                                "Actual Rows": 3,
                                                                                                "Actual Loops": 1,
                                                                                                "Output": [
                                                                                                    "t.id"
                                                                                                ],
                                                                                                "Sort Key": [
                                                                                                    "t.id"
                                                                                                ],
                                                                                                "Sort Method": "quicksort",
                                                                                                "Sort Space Used": 25,
                                                                                                "Sort Space Type": "Memory",
                                                                                                "Plans": [
                                                                                                    {
                                                                                                        "Node Type": "Gather",
                                                                                                        "Parent Relationship": "Outer",
                                                                                                        "Parallel Aware": false,
                                                                                                        "Startup Cost": 1000.0,
                                                                                                        "Total Cost": 48060.21,
                                                                                                        "Plan Rows": 8,
                                                                                                        "Plan Width": 4,
                                                                                                        "Actual Startup Time": 15.613,
                                                                                                        "Actual Total Time": 136.772,
                                                                                                        "Actual Rows": 3,
                                                                                                        "Actual Loops": 1,
                                                                                                        "Output": [
                                                                                                            "t.id"
                                                                                                        ],
                                                                                                        "Workers Planned": 4,
                                                                                                        "Workers Launched": 4,
                                                                                                        "Single Copy": false,
                                                                                                        "Plans": [
                                                                                                            {
                                                                                                                "Node Type": "Seq Scan",
                                                                                                                "Parent Relationship": "Outer",
                                                                                                                "Parallel Aware": true,
                                                                                                                "Relation Name": "title",
                                                                                                                "Schema": "public",
                                                                                                                "Alias": "t",
                                                                                                                "Startup Cost": 0.0,
                                                                                                                "Total Cost": 47059.41,
                                                                                                                "Plan Rows": 2,
                                                                                                                "Plan Width": 4,
                                                                                                                "Actual Startup Time": 100.481,
                                                                                                                "Actual Total Time": 127.124,
                                                                                                                "Actual Rows": 1,
                                                                                                                "Actual Loops": 5,
                                                                                                                "Output": [
                                                                                                                    "t.id"
                                                                                                                ],
                                                                                                                "Filter": "((t.production_year >= 1995) AND (t.production_year <= 2010) AND (t.title = 'Shrek 2'::text))",
                                                                                                                "Rows Removed by Filter": 505662,
                                                                                                                "Workers": [
                                                                                                                    {
                                                                                                                        "Worker Number": 0,
                                                                                                                        "Actual Startup Time": 124.906,
                                                                                                                        "Actual Total Time": 124.907,
                                                                                                                        "Actual Rows": 0,
                                                                                                                        "Actual Loops": 1
                                                                                                                    },
                                                                                                                    {
                                                                                                                        "Worker Number": 1,
                                                                                                                        "Actual Startup Time": 124.893,
                                                                                                                        "Actual Total Time": 124.895,
                                                                                                                        "Actual Rows": 0,
                                                                                                                        "Actual Loops": 1
                                                                                                                    },
                                                                                                                    {
                                                                                                                        "Worker Number": 2,
                                                                                                                        "Actual Startup Time": 112.598,
                                                                                                                        "Actual Total Time": 124.904,
                                                                                                                        "Actual Rows": 1,
                                                                                                                        "Actual Loops": 1
                                                                                                                    },
                                                                                                                    {
                                                                                                                        "Worker Number": 3,
                                                                                                                        "Actual Startup Time": 124.909,
                                                                                                                        "Actual Total Time": 124.91,
                                                                                                                        "Actual Rows": 0,
                                                                                                                        "Actual Loops": 1
                                                                                                                    }
                                                                                                                ]
                                                                                                            }
                                                                                                        ]
                                                                                                    }
                                                                                                ]
                                                                                            },
                                                                                            {
                                                                                                "Node Type": "Sort",
                                                                                                "Parent Relationship": "Inner",
                                                                                                "Parallel Aware": false,
                                                                                                "Startup Cost": 10000569794.43,
                                                                                                "Total Cost": 10000581104.25,
                                                                                                "Plan Rows": 4523930,
                                                                                                "Plan Width": 8,
                                                                                                "Actual Startup Time": 1211.55,
                                                                                                "Actual Total Time": 1327.927,
                                                                                                "Actual Rows": 3383649,
                                                                                                "Actual Loops": 1,
                                                                                                "Output": [
                                                                                                    "mk.movie_id",
                                                                                                    "mk.keyword_id"
                                                                                                ],
                                                                                                "Sort Key": [
                                                                                                    "mk.movie_id"
                                                                                                ],
                                                                                                "Sort Method": "quicksort",
                                                                                                "Sort Space Used": 408668,
                                                                                                "Sort Space Type": "Memory",
                                                                                                "Plans": [
                                                                                                    {
                                                                                                        "Node Type": "Seq Scan",
                                                                                                        "Parent Relationship": "Outer",
                                                                                                        "Parallel Aware": false,
                                                                                                        "Relation Name": "movie_keyword",
                                                                                                        "Schema": "public",
                                                                                                        "Alias": "mk",
                                                                                                        "Startup Cost": 10000000000.0,
                                                                                                        "Total Cost": 10000069693.3,
                                                                                                        "Plan Rows": 4523930,
                                                                                                        "Plan Width": 8,
                                                                                                        "Actual Startup Time": 0.022,
                                                                                                        "Actual Total Time": 483.596,
                                                                                                        "Actual Rows": 4523930,
                                                                                                        "Actual Loops": 1,
                                                                                                        "Output": [
                                                                                                            "mk.movie_id",
                                                                                                            "mk.keyword_id"
                                                                                                        ]
                                                                                                    }
                                                                                                ]
                                                                                            }
                                                                                        ]
                                                                                    },
                                                                                    {
                                                                                        "Node Type": "Sort",
                                                                                        "Parent Relationship": "Inner",
                                                                                        "Parallel Aware": false,
                                                                                        "Startup Cost": 1002145.89,
                                                                                        "Total Cost": 1003292.69,
                                                                                        "Plan Rows": 458720,
                                                                                        "Plan Width": 8,
                                                                                        "Actual Startup Time": 3024.588,
                                                                                        "Actual Total Time": 3042.336,
                                                                                        "Actual Rows": 338992,
                                                                                        "Actual Loops": 1,
                                                                                        "Output": [
                                                                                            "mi.movie_id",
                                                                                            "mi.info_type_id"
                                                                                        ],
                                                                                        "Sort Key": [
                                                                                            "mi.movie_id"
                                                                                        ],
                                                                                        "Sort Method": "quicksort",
                                                                                        "Sort Space Used": 30461,
                                                                                        "Sort Space Type": "Memory",
                                                                                        "Plans": [
                                                                                            {
                                                                                                "Node Type": "Gather Merge",
                                                                                                "Parent Relationship": "Outer",
                                                                                                "Parallel Aware": false,
                                                                                                "Startup Cost": 1000.51,
                                                                                                "Total Cost": 959009.57,
                                                                                                "Plan Rows": 458720,
                                                                                                "Plan Width": 8,
                                                                                                "Actual Startup Time": 40.464,
                                                                                                "Actual Total Time": 2902.428,
                                                                                                "Actual Rows": 387683,
                                                                                                "Actual Loops": 1,
                                                                                                "Output": [
                                                                                                    "mi.movie_id",
                                                                                                    "mi.info_type_id"
                                                                                                ],
                                                                                                "Workers Planned": 5,
                                                                                                "Workers Launched": 5,
                                                                                                "Plans": [
                                                                                                    {
                                                                                                        "Node Type": "Index Scan",
                                                                                                        "Parent Relationship": "Outer",
                                                                                                        "Parallel Aware": true,
                                                                                                        "Scan Direction": "Forward",
                                                                                                        "Index Name": "info_type_id_movie_info",
                                                                                                        "Relation Name": "movie_info",
                                                                                                        "Schema": "public",
                                                                                                        "Alias": "mi",
                                                                                                        "Startup Cost": 0.43,
                                                                                                        "Total Cost": 902768.22,
                                                                                                        "Plan Rows": 91744,
                                                                                                        "Plan Width": 8,
                                                                                                        "Actual Startup Time": 18.565,
                                                                                                        "Actual Total Time": 882.324,
                                                                                                        "Actual Rows": 64614,
                                                                                                        "Actual Loops": 6,
                                                                                                        "Output": [
                                                                                                            "mi.movie_id",
                                                                                                            "mi.info_type_id"
                                                                                                        ],
                                                                                                        "Filter": "(mi.info ~~ 'USA:%200%'::text)",
                                                                                                        "Rows Removed by Filter": 2408006,
                                                                                                        "Workers": [
                                                                                                            {
                                                                                                                "Worker Number": 0,
                                                                                                                "Actual Startup Time": 12.526,
                                                                                                                "Actual Total Time": 592.732,
                                                                                                                "Actual Rows": 1714,
                                                                                                                "Actual Loops": 1
                                                                                                            },
                                                                                                            {
                                                                                                                "Worker Number": 1,
                                                                                                                "Actual Startup Time": 28.56,
                                                                                                                "Actual Total Time": 593.407,
                                                                                                                "Actual Rows": 1871,
                                                                                                                "Actual Loops": 1
                                                                                                            },
                                                                                                            {
                                                                                                                "Worker Number": 2,
                                                                                                                "Actual Startup Time": 12.002,
                                                                                                                "Actual Total Time": 594.167,
                                                                                                                "Actual Rows": 1894,
                                                                                                                "Actual Loops": 1
                                                                                                            },
                                                                                                            {
                                                                                                                "Worker Number": 3,
                                                                                                                "Actual Startup Time": 24.056,
                                                                                                                "Actual Total Time": 594.533,
                                                                                                                "Actual Rows": 1674,
                                                                                                                "Actual Loops": 1
                                                                                                            },
                                                                                                            {
                                                                                                                "Worker Number": 4,
                                                                                                                "Actual Startup Time": 27.958,
                                                                                                                "Actual Total Time": 2352.587,
                                                                                                                "Actual Rows": 380489,
                                                                                                                "Actual Loops": 1
                                                                                                            }
                                                                                                        ]
                                                                                                    }
                                                                                                ]
                                                                                            }
                                                                                        ]
                                                                                    }
                                                                                ]
                                                                            }
                                                                        ]
                                                                    },
                                                                    {
                                                                        "Node Type": "Sort",
                                                                        "Parent Relationship": "Inner",
                                                                        "Parallel Aware": false,
                                                                        "Startup Cost": 2.42,
                                                                        "Total Cost": 2.43,
                                                                        "Plan Rows": 1,
                                                                        "Plan Width": 4,
                                                                        "Actual Startup Time": 0.049,
                                                                        "Actual Total Time": 0.072,
                                                                        "Actual Rows": 1,
                                                                        "Actual Loops": 1,
                                                                        "Output": [
                                                                            "it.id"
                                                                        ],
                                                                        "Sort Key": [
                                                                            "it.id"
                                                                        ],
                                                                        "Sort Method": "quicksort",
                                                                        "Sort Space Used": 25,
                                                                        "Sort Space Type": "Memory",
                                                                        "Plans": [
                                                                            {
                                                                                "Node Type": "Seq Scan",
                                                                                "Parent Relationship": "Outer",
                                                                                "Parallel Aware": false,
                                                                                "Relation Name": "info_type",
                                                                                "Schema": "public",
                                                                                "Alias": "it",
                                                                                "Startup Cost": 0.0,
                                                                                "Total Cost": 2.41,
                                                                                "Plan Rows": 1,
                                                                                "Plan Width": 4,
                                                                                "Actual Startup Time": 0.029,
                                                                                "Actual Total Time": 0.037,
                                                                                "Actual Rows": 1,
                                                                                "Actual Loops": 1,
                                                                                "Output": [
                                                                                    "it.id"
                                                                                ],
                                                                                "Filter": "((it.info)::text = 'release dates'::text)",
                                                                                "Rows Removed by Filter": 112
                                                                            }
                                                                        ]
                                                                    }
                                                                ]
                                                            },
                                                            {
                                                                "Node Type": "Hash",
                                                                "Parent Relationship": "Inner",
                                                                "Parallel Aware": false,
                                                                "Startup Cost": 2626.12,
                                                                "Total Cost": 2626.12,
                                                                "Plan Rows": 1,
                                                                "Plan Width": 4,
                                                                "Actual Startup Time": 13.887,
                                                                "Actual Total Time": 13.887,
                                                                "Actual Rows": 1,
                                                                "Actual Loops": 1,
                                                                "Output": [
                                                                    "k.id"
                                                                ],
                                                                "Hash Buckets": 1024,
                                                                "Original Hash Buckets": 1024,
                                                                "Hash Batches": 1,
                                                                "Original Hash Batches": 1,
                                                                "Peak Memory Usage": 9,
                                                                "Plans": [
                                                                    {
                                                                        "Node Type": "Seq Scan",
                                                                        "Parent Relationship": "Outer",
                                                                        "Parallel Aware": false,
                                                                        "Relation Name": "keyword",
                                                                        "Schema": "public",
                                                                        "Alias": "k",
                                                                        "Startup Cost": 0.0,
                                                                        "Total Cost": 2626.12,
                                                                        "Plan Rows": 1,
                                                                        "Plan Width": 4,
                                                                        "Actual Startup Time": 0.077,
                                                                        "Actual Total Time": 13.883,
                                                                        "Actual Rows": 1,
                                                                        "Actual Loops": 1,
                                                                        "Output": [
                                                                            "k.id"
                                                                        ],
                                                                        "Filter": "(k.keyword = 'computer-animation'::text)",
                                                                        "Rows Removed by Filter": 134169
                                                                    }
                                                                ]
                                                            }
                                                        ]
                                                    }
                                                ]
                                            },
                                            {
                                                "Node Type": "Materialize",
                                                "Parent Relationship": "Inner",
                                                "Parallel Aware": false,
                                                "Startup Cost": 80000699731.63,
                                                "Total Cost": 80000712841.43,
                                                "Plan Rows": 1,
                                                "Plan Width": 20,
                                                "Actual Startup Time": 3471.388,
                                                "Actual Total Time": 4000.878,
                                                "Actual Rows": 182,
                                                "Actual Loops": 1,
                                                "Output": [
                                                    "ci.movie_id",
                                                    "cc.movie_id",
                                                    "cc.status_id",
                                                    "mc.movie_id",
                                                    "mc.company_id"
                                                ],
                                                "Plans": [
                                                    {
                                                        "Node Type": "Nested Loop",
                                                        "Parent Relationship": "Outer",
                                                        "Parallel Aware": false,
                                                        "Join Type": "Inner",
                                                        "Startup Cost": 80000699731.63,
                                                        "Total Cost": 80000712841.42,
                                                        "Plan Rows": 1,
                                                        "Plan Width": 20,
                                                        "Actual Startup Time": 3471.383,
                                                        "Actual Total Time": 4000.77,
                                                        "Actual Rows": 182,
                                                        "Actual Loops": 1,
                                                        "Output": [
                                                            "ci.movie_id",
                                                            "cc.movie_id",
                                                            "cc.status_id",
                                                            "mc.movie_id",
                                                            "mc.company_id"
                                                        ],
                                                        "Inner Unique": true,
                                                        "Plans": [
                                                            {
                                                                "Node Type": "Nested Loop",
                                                                "Parent Relationship": "Outer",
                                                                "Parallel Aware": false,
                                                                "Join Type": "Inner",
                                                                "Startup Cost": 70000699731.48,
                                                                "Total Cost": 70000712833.24,
                                                                "Plan Rows": 1,
                                                                "Plan Width": 24,
                                                                "Actual Startup Time": 3073.061,
                                                                "Actual Total Time": 3798.656,
                                                                "Actual Rows": 33172,
                                                                "Actual Loops": 1,
                                                                "Output": [
                                                                    "ci.movie_id",
                                                                    "cc.movie_id",
                                                                    "cc.status_id",
                                                                    "mc.movie_id",
                                                                    "mc.company_id",
                                                                    "pi.info_type_id"
                                                                ],
                                                                "Inner Unique": false,
                                                                "Join Filter": "(n.id = an.person_id)",
                                                                "Rows Removed by Join Filter": 0,
                                                                "Plans": [
                                                                    {
                                                                        "Node Type": "Gather Merge",
                                                                        "Parent Relationship": "Outer",
                                                                        "Parallel Aware": false,
                                                                        "Startup Cost": 60000699731.04,
                                                                        "Total Cost": 60000712828.75,
                                                                        "Plan Rows": 1,
                                                                        "Plan Width": 36,
                                                                        "Actual Startup Time": 3072.903,
                                                                        "Actual Total Time": 3687.646,
                                                                        "Actual Rows": 9632,
                                                                        "Actual Loops": 1,
                                                                        "Output": [
                                                                            "cc.movie_id",
                                                                            "cc.status_id",
                                                                            "ci.movie_id",
                                                                            "ci.person_id",
                                                                            "mc.movie_id",
                                                                            "mc.company_id",
                                                                            "n.id",
                                                                            "pi.person_id",
                                                                            "pi.info_type_id"
                                                                        ],
                                                                        "Workers Planned": 4,
                                                                        "Workers Launched": 4,
                                                                        "Plans": [
                                                                            {
                                                                                "Node Type": "Nested Loop",
                                                                                "Parent Relationship": "Outer",
                                                                                "Parallel Aware": false,
                                                                                "Join Type": "Inner",
                                                                                "Startup Cost": 60000698730.98,
                                                                                "Total Cost": 60000711828.57,
                                                                                "Plan Rows": 1,
                                                                                "Plan Width": 36,
                                                                                "Actual Startup Time": 2858.731,
                                                                                "Actual Total Time": 3054.751,
                                                                                "Actual Rows": 1926,
                                                                                "Actual Loops": 5,
                                                                                "Output": [
                                                                                    "cc.movie_id",
                                                                                    "cc.status_id",
                                                                                    "ci.movie_id",
                                                                                    "ci.person_id",
                                                                                    "mc.movie_id",
                                                                                    "mc.company_id",
                                                                                    "n.id",
                                                                                    "pi.person_id",
                                                                                    "pi.info_type_id"
                                                                                ],
                                                                                "Inner Unique": true,
                                                                                "Workers": [
                                                                                    {
                                                                                        "Worker Number": 0,
                                                                                        "Actual Startup Time": 3057.363,
                                                                                        "Actual Total Time": 3423.556,
                                                                                        "Actual Rows": 207,
                                                                                        "Actual Loops": 1
                                                                                    },
                                                                                    {
                                                                                        "Worker Number": 1,
                                                                                        "Actual Startup Time": 2915.9,
                                                                                        "Actual Total Time": 3190.176,
                                                                                        "Actual Rows": 3125,
                                                                                        "Actual Loops": 1
                                                                                    },
                                                                                    {
                                                                                        "Worker Number": 2,
                                                                                        "Actual Startup Time": 2783.948,
                                                                                        "Actual Total Time": 2838.167,
                                                                                        "Actual Rows": 530,
                                                                                        "Actual Loops": 1
                                                                                    },
                                                                                    {
                                                                                        "Worker Number": 3,
                                                                                        "Actual Startup Time": 2773.644,
                                                                                        "Actual Total Time": 2859.796,
                                                                                        "Actual Rows": 954,
                                                                                        "Actual Loops": 1
                                                                                    }
                                                                                ],
                                                                                "Plans": [
                                                                                    {
                                                                                        "Node Type": "Merge Join",
                                                                                        "Parent Relationship": "Outer",
                                                                                        "Parallel Aware": false,
                                                                                        "Join Type": "Inner",
                                                                                        "Startup Cost": 50000698730.49,
                                                                                        "Total Cost": 50000711774.96,
                                                                                        "Plan Rows": 11,
                                                                                        "Plan Width": 40,
                                                                                        "Actual Startup Time": 2699.152,
                                                                                        "Actual Total Time": 2936.851,
                                                                                        "Actual Rows": 23981,
                                                                                        "Actual Loops": 5,
                                                                                        "Output": [
                                                                                            "cc.movie_id",
                                                                                            "cc.status_id",
                                                                                            "ci.movie_id",
                                                                                            "ci.person_id",
                                                                                            "ci.person_role_id",
                                                                                            "mc.movie_id",
                                                                                            "mc.company_id",
                                                                                            "n.id",
                                                                                            "pi.person_id",
                                                                                            "pi.info_type_id"
                                                                                        ],
                                                                                        "Inner Unique": false,
                                                                                        "Merge Cond": "(ci.movie_id = mc.movie_id)",
                                                                                        "Workers": [
                                                                                            {
                                                                                                "Worker Number": 0,
                                                                                                "Actual Startup Time": 2936.132,
                                                                                                "Actual Total Time": 3264.735,
                                                                                                "Actual Rows": 25824,
                                                                                                "Actual Loops": 1
                                                                                            },
                                                                                            {
                                                                                                "Worker Number": 1,
                                                                                                "Actual Startup Time": 2828.192,
                                                                                                "Actual Total Time": 3082.591,
                                                                                                "Actual Rows": 20958,
                                                                                                "Actual Loops": 1
                                                                                            },
                                                                                            {
                                                                                                "Worker Number": 2,
                                                                                                "Actual Startup Time": 2518.357,
                                                                                                "Actual Total Time": 2732.24,
                                                                                                "Actual Rows": 25178,
                                                                                                "Actual Loops": 1
                                                                                            },
                                                                                            {
                                                                                                "Worker Number": 3,
                                                                                                "Actual Startup Time": 2545.864,
                                                                                                "Actual Total Time": 2769.031,
                                                                                                "Actual Rows": 20908,
                                                                                                "Actual Loops": 1
                                                                                            }
                                                                                        ],
                                                                                        "Plans": [
                                                                                            {
                                                                                                "Node Type": "Sort",
                                                                                                "Parent Relationship": "Outer",
                                                                                                "Parallel Aware": false,
                                                                                                "Startup Cost": 50000375778.18,
                                                                                                "Total Cost": 50000375778.19,
                                                                                                "Plan Rows": 4,
                                                                                                "Plan Width": 32,
                                                                                                "Actual Startup Time": 1613.58,
                                                                                                "Actual Total Time": 1613.892,
                                                                                                "Actual Rows": 1591,
                                                                                                "Actual Loops": 5,
                                                                                                "Output": [
                                                                                                    "cc.movie_id",
                                                                                                    "cc.status_id",
                                                                                                    "ci.movie_id",
                                                                                                    "ci.person_id",
                                                                                                    "ci.person_role_id",
                                                                                                    "n.id",
                                                                                                    "pi.person_id",
                                                                                                    "pi.info_type_id"
                                                                                                ],
                                                                                                "Sort Key": [
                                                                                                    "cc.movie_id"
                                                                                                ],
                                                                                                "Sort Method": "quicksort",
                                                                                                "Sort Space Used": 303,
                                                                                                "Sort Space Type": "Memory",
                                                                                                "Workers": [
                                                                                                    {
                                                                                                        "Worker Number": 0,
                                                                                                        "Actual Startup Time": 1518.763,
                                                                                                        "Actual Total Time": 1519.157,
                                                                                                        "Actual Rows": 1385,
                                                                                                        "Actual Loops": 1
                                                                                                    },
                                                                                                    {
                                                                                                        "Worker Number": 1,
                                                                                                        "Actual Startup Time": 1602.871,
                                                                                                        "Actual Total Time": 1603.128,
                                                                                                        "Actual Rows": 1379,
                                                                                                        "Actual Loops": 1
                                                                                                    },
                                                                                                    {
                                                                                                        "Worker Number": 2,
                                                                                                        "Actual Startup Time": 1530.596,
                                                                                                        "Actual Total Time": 1530.87,
                                                                                                        "Actual Rows": 1650,
                                                                                                        "Actual Loops": 1
                                                                                                    },
                                                                                                    {
                                                                                                        "Worker Number": 3,
                                                                                                        "Actual Startup Time": 1540.021,
                                                                                                        "Actual Total Time": 1540.29,
                                                                                                        "Actual Rows": 1518,
                                                                                                        "Actual Loops": 1
                                                                                                    }
                                                                                                ],
                                                                                                "Plans": [
                                                                                                    {
                                                                                                        "Node Type": "Nested Loop",
                                                                                                        "Parent Relationship": "Outer",
                                                                                                        "Parallel Aware": false,
                                                                                                        "Join Type": "Inner",
                                                                                                        "Startup Cost": 50000251697.61,
                                                                                                        "Total Cost": 50000375778.14,
                                                                                                        "Plan Rows": 4,
                                                                                                        "Plan Width": 32,
                                                                                                        "Actual Startup Time": 1154.662,
                                                                                                        "Actual Total Time": 1612.341,
                                                                                                        "Actual Rows": 1714,
                                                                                                        "Actual Loops": 5,
                                                                                                        "Output": [
                                                                                                            "cc.movie_id",
                                                                                                            "cc.status_id",
                                                                                                            "ci.movie_id",
                                                                                                            "ci.person_id",
                                                                                                            "ci.person_role_id",
                                                                                                            "n.id",
                                                                                                            "pi.person_id",
                                                                                                            "pi.info_type_id"
                                                                                                        ],
                                                                                                        "Inner Unique": true,
                                                                                                        "Workers": [
                                                                                                            {
                                                                                                                "Worker Number": 0,
                                                                                                                "Actual Startup Time": 1164.39,
                                                                                                                "Actual Total Time": 1517.686,
                                                                                                                "Actual Rows": 1385,
                                                                                                                "Actual Loops": 1
                                                                                                            },
                                                                                                            {
                                                                                                                "Worker Number": 1,
                                                                                                                "Actual Startup Time": 1157.403,
                                                                                                                "Actual Total Time": 1601.727,
                                                                                                                "Actual Rows": 1379,
                                                                                                                "Actual Loops": 1
                                                                                                            },
                                                                                                            {
                                                                                                                "Worker Number": 2,
                                                                                                                "Actual Startup Time": 1122.57,
                                                                                                                "Actual Total Time": 1529.655,
                                                                                                                "Actual Rows": 1650,
                                                                                                                "Actual Loops": 1
                                                                                                            },
                                                                                                            {
                                                                                                                "Worker Number": 3,
                                                                                                                "Actual Startup Time": 1155.823,
                                                                                                                "Actual Total Time": 1538.781,
                                                                                                                "Actual Rows": 1518,
                                                                                                                "Actual Loops": 1
                                                                                                            }
                                                                                                        ],
                                                                                                        "Plans": [
                                                                                                            {
                                                                                                                "Node Type": "Nested Loop",
                                                                                                                "Parent Relationship": "Outer",
                                                                                                                "Parallel Aware": false,
                                                                                                                "Join Type": "Inner",
                                                                                                                "Startup Cost": 40000251697.47,
                                                                                                                "Total Cost": 40000375711.66,
                                                                                                                "Plan Rows": 16,
                                                                                                                "Plan Width": 36,
                                                                                                                "Actual Startup Time": 1154.634,
                                                                                                                "Actual Total Time": 1599.2,
                                                                                                                "Actual Rows": 2359,
                                                                                                                "Actual Loops": 5,
                                                                                                                "Output": [
                                                                                                                    "cc.movie_id",
                                                                                                                    "cc.subject_id",
                                                                                                                    "cc.status_id",
                                                                                                                    "ci.movie_id",
                                                                                                                    "ci.person_id",
                                                                                                                    "ci.person_role_id",
                                                                                                                    "n.id",
                                                                                                                    "pi.person_id",
                                                                                                                    "pi.info_type_id"
                                                                                                                ],
                                                                                                                "Inner Unique": false,
                                                                                                                "Workers": [
                                                                                                                    {
                                                                                                                        "Worker Number": 0,
                                                                                                                        "Actual Startup Time": 1164.366,
                                                                                                                        "Actual Total Time": 1507.784,
                                                                                                                        "Actual Rows": 1703,
                                                                                                                        "Actual Loops": 1
                                                                                                                    },
                                                                                                                    {
                                                                                                                        "Worker Number": 1,
                                                                                                                        "Actual Startup Time": 1157.379,
                                                                                                                        "Actual Total Time": 1590.649,
                                                                                                                        "Actual Rows": 1902,
                                                                                                                        "Actual Loops": 1
                                                                                                                    },
                                                                                                                    {
                                                                                                                        "Worker Number": 2,
                                                                                                                        "Actual Startup Time": 1122.525,
                                                                                                                        "Actual Total Time": 1521.171,
                                                                                                                        "Actual Rows": 2219,
                                                                                                                        "Actual Loops": 1
                                                                                                                    },
                                                                                                                    {
                                                                                                                        "Worker Number": 3,
                                                                                                                        "Actual Startup Time": 1155.791,
                                                                                                                        "Actual Total Time": 1525.775,
                                                                                                                        "Actual Rows": 2193,
                                                                                                                        "Actual Loops": 1
                                                                                                                    }
                                                                                                                ],
                                                                                                                "Plans": [
                                                                                                                    {
                                                                                                                        "Node Type": "Nested Loop",
                                                                                                                        "Parent Relationship": "Outer",
                                                                                                                        "Parallel Aware": false,
                                                                                                                        "Join Type": "Inner",
                                                                                                                        "Startup Cost": 30000251697.03,
                                                                                                                        "Total Cost": 30000375227.52,
                                                                                                                        "Plan Rows": 108,
                                                                                                                        "Plan Width": 24,
                                                                                                                        "Actual Startup Time": 1145.971,
                                                                                                                        "Actual Total Time": 1523.162,
                                                                                                                        "Actual Rows": 13426,
                                                                                                                        "Actual Loops": 5,
                                                                                                                        "Output": [
                                                                                                                            "ci.movie_id",
                                                                                                                            "ci.person_id",
                                                                                                                            "ci.person_role_id",
                                                                                                                            "n.id",
                                                                                                                            "pi.person_id",
                                                                                                                            "pi.info_type_id"
                                                                                                                        ],
                                                                                                                        "Inner Unique": true,
                                                                                                                        "Workers": [
                                                                                                                            {
                                                                                                                                "Worker Number": 0,
                                                                                                                                "Actual Startup Time": 1148.131,
                                                                                                                                "Actual Total Time": 1456.63,
                                                                                                                                "Actual Rows": 8192,
                                                                                                                                "Actual Loops": 1
                                                                                                                            },
                                                                                                                            {
                                                                                                                                "Worker Number": 1,
                                                                                                                                "Actual Startup Time": 1153.488,
                                                                                                                                "Actual Total Time": 1510.921,
                                                                                                                                "Actual Rows": 13387,
                                                                                                                                "Actual Loops": 1
                                                                                                                            },
                                                                                                                            {
                                                                                                                                "Worker Number": 2,
                                                                                                                                "Actual Startup Time": 1117.888,
                                                                                                                                "Actual Total Time": 1456.071,
                                                                                                                                "Actual Rows": 16650,
                                                                                                                                "Actual Loops": 1
                                                                                                                            },
                                                                                                                            {
                                                                                                                                "Worker Number": 3,
                                                                                                                                "Actual Startup Time": 1154.901,
                                                                                                                                "Actual Total Time": 1474.604,
                                                                                                                                "Actual Rows": 7948,
                                                                                                                                "Actual Loops": 1
                                                                                                                            }
                                                                                                                        ],
                                                                                                                        "Plans": [
                                                                                                                            {
                                                                                                                                "Node Type": "Nested Loop",
                                                                                                                                "Parent Relationship": "Outer",
                                                                                                                                "Parallel Aware": false,
                                                                                                                                "Join Type": "Inner",
                                                                                                                                "Startup Cost": 20000251696.89,
                                                                                                                                "Total Cost": 20000369862.93,
                                                                                                                                "Plan Rows": 1290,
                                                                                                                                "Plan Width": 28,
                                                                                                                                "Actual Startup Time": 1145.949,
                                                                                                                                "Actual Total Time": 1450.197,
                                                                                                                                "Actual Rows": 13426,
                                                                                                                                "Actual Loops": 5,
                                                                                                                                "Output": [
                                                                                                                                    "ci.movie_id",
                                                                                                                                    "ci.person_id",
                                                                                                                                    "ci.role_id",
                                                                                                                                    "ci.person_role_id",
                                                                                                                                    "n.id",
                                                                                                                                    "pi.person_id",
                                                                                                                                    "pi.info_type_id"
                                                                                                                                ],
                                                                                                                                "Inner Unique": false,
                                                                                                                                "Join Filter": "(n.id = ci.person_id)",
                                                                                                                                "Rows Removed by Join Filter": 0,
                                                                                                                                "Workers": [
                                                                                                                                    {
                                                                                                                                        "Worker Number": 0,
                                                                                                                                        "Actual Startup Time": 1148.109,
                                                                                                                                        "Actual Total Time": 1408.355,
                                                                                                                                        "Actual Rows": 8192,
                                                                                                                                        "Actual Loops": 1
                                                                                                                                    },
                                                                                                                                    {
                                                                                                                                        "Worker Number": 1,
                                                                                                                                        "Actual Startup Time": 1153.466,
                                                                                                                                        "Actual Total Time": 1433.595,
                                                                                                                                        "Actual Rows": 13387,
                                                                                                                                        "Actual Loops": 1
                                                                                                                                    },
                                                                                                                                    {
                                                                                                                                        "Worker Number": 2,
                                                                                                                                        "Actual Startup Time": 1117.857,
                                                                                                                                        "Actual Total Time": 1393.434,
                                                                                                                                        "Actual Rows": 16650,
                                                                                                                                        "Actual Loops": 1
                                                                                                                                    },
                                                                                                                                    {
                                                                                                                                        "Worker Number": 3,
                                                                                                                                        "Actual Startup Time": 1154.879,
                                                                                                                                        "Actual Total Time": 1426.951,
                                                                                                                                        "Actual Rows": 7948,
                                                                                                                                        "Actual Loops": 1
                                                                                                                                    }
                                                                                                                                ],
                                                                                                                                "Plans": [
                                                                                                                                    {
                                                                                                                                        "Node Type": "Merge Join",
                                                                                                                                        "Parent Relationship": "Outer",
                                                                                                                                        "Parallel Aware": false,
                                                                                                                                        "Join Type": "Inner",
                                                                                                                                        "Startup Cost": 10000251692.32,
                                                                                                                                        "Total Cost": 10000255652.93,
                                                                                                                                        "Plan Rows": 6721,
                                                                                                                                        "Plan Width": 12,
                                                                                                                                        "Actual Startup Time": 1143.993,
                                                                                                                                        "Actual Total Time": 1188.863,
                                                                                                                                        "Actual Rows": 9250,
                                                                                                                                        "Actual Loops": 5,
                                                                                                                                        "Output": [
                                                                                                                                            "n.id",
                                                                                                                                            "pi.person_id",
                                                                                                                                            "pi.info_type_id"
                                                                                                                                        ],
                                                                                                                                        "Inner Unique": false,
                                                                                                                                        "Merge Cond": "(pi.person_id = n.id)",
                                                                                                                                        "Workers": [
                                                                                                                                            {
                                                                                                                                                "Worker Number": 0,
                                                                                                                                                "Actual Startup Time": 1147.609,
                                                                                                                                                "Actual Total Time": 1187.544,
                                                                                                                                                "Actual Rows": 6528,
                                                                                                                                                "Actual Loops": 1
                                                                                                                                            },
                                                                                                                                            {
                                                                                                                                                "Worker Number": 1,
                                                                                                                                                "Actual Startup Time": 1152.268,
                                                                                                                                                "Actual Total Time": 1195.218,
                                                                                                                                                "Actual Rows": 7977,
                                                                                                                                                "Actual Loops": 1
                                                                                                                                            },
                                                                                                                                            {
                                                                                                                                                "Worker Number": 2,
                                                                                                                                                "Actual Startup Time": 1117.27,
                                                                                                                                                "Actual Total Time": 1157.815,
                                                                                                                                                "Actual Rows": 11120,
                                                                                                                                                "Actual Loops": 1
                                                                                                                                            },
                                                                                                                                            {
                                                                                                                                                "Worker Number": 3,
                                                                                                                                                "Actual Startup Time": 1152.61,
                                                                                                                                                "Actual Total Time": 1195.036,
                                                                                                                                                "Actual Rows": 7258,
                                                                                                                                                "Actual Loops": 1
                                                                                                                                            }
                                                                                                                                        ],
                                                                                                                                        "Plans": [
                                                                                                                                            {
                                                                                                                                                "Node Type": "Sort",
                                                                                                                                                "Parent Relationship": "Outer",
                                                                                                                                                "Parallel Aware": false,
                                                                                                                                                "Startup Cost": 10000130691.45,
                                                                                                                                                "Total Cost": 10000132543.65,
                                                                                                                                                "Plan Rows": 740880,
                                                                                                                                                "Plan Width": 8,
                                                                                                                                                "Actual Startup Time": 358.311,
                                                                                                                                                "Actual Total Time": 392.214,
                                                                                                                                                "Actual Rows": 508244,
                                                                                                                                                "Actual Loops": 5,
                                                                                                                                                "Output": [
                                                                                                                                                    "pi.person_id",
                                                                                                                                                    "pi.info_type_id"
                                                                                                                                                ],
                                                                                                                                                "Sort Key": [
                                                                                                                                                    "pi.person_id"
                                                                                                                                                ],
                                                                                                                                                "Sort Method": "quicksort",
                                                                                                                                                "Sort Space Used": 58823,
                                                                                                                                                "Sort Space Type": "Memory",
                                                                                                                                                "Workers": [
                                                                                                                                                    {
                                                                                                                                                        "Worker Number": 0,
                                                                                                                                                        "Actual Startup Time": 344.41,
                                                                                                                                                        "Actual Total Time": 374.108,
                                                                                                                                                        "Actual Rows": 415903,
                                                                                                                                                        "Actual Loops": 1
                                                                                                                                                    },
                                                                                                                                                    {
                                                                                                                                                        "Worker Number": 1,
                                                                                                                                                        "Actual Startup Time": 350.268,
                                                                                                                                                        "Actual Total Time": 382.205,
                                                                                                                                                        "Actual Rows": 437505,
                                                                                                                                                        "Actual Loops": 1
                                                                                                                                                    },
                                                                                                                                                    {
                                                                                                                                                        "Worker Number": 2,
                                                                                                                                                        "Actual Startup Time": 347.741,
                                                                                                                                                        "Actual Total Time": 380.206,
                                                                                                                                                        "Actual Rows": 628672,
                                                                                                                                                        "Actual Loops": 1
                                                                                                                                                    },
                                                                                                                                                    {
                                                                                                                                                        "Worker Number": 3,
                                                                                                                                                        "Actual Startup Time": 351.905,
                                                                                                                                                        "Actual Total Time": 383.151,
                                                                                                                                                        "Actual Rows": 433222,
                                                                                                                                                        "Actual Loops": 1
                                                                                                                                                    }
                                                                                                                                                ],
                                                                                                                                                "Plans": [
                                                                                                                                                    {
                                                                                                                                                        "Node Type": "Seq Scan",
                                                                                                                                                        "Parent Relationship": "Outer",
                                                                                                                                                        "Parallel Aware": true,
                                                                                                                                                        "Relation Name": "person_info",
                                                                                                                                                        "Schema": "public",
                                                                                                                                                        "Alias": "pi",
                                                                                                                                                        "Startup Cost": 10000000000.0,
                                                                                                                                                        "Total Cost": 10000058459.8,
                                                                                                                                                        "Plan Rows": 740880,
                                                                                                                                                        "Plan Width": 8,
                                                                                                                                                        "Actual Startup Time": 0.068,
                                                                                                                                                        "Actual Total Time": 181.444,
                                                                                                                                                        "Actual Rows": 592733,
                                                                                                                                                        "Actual Loops": 5,
                                                                                                                                                        "Output": [
                                                                                                                                                            "pi.person_id",
                                                                                                                                                            "pi.info_type_id"
                                                                                                                                                        ],
                                                                                                                                                        "Workers": [
                                                                                                                                                            {
                                                                                                                                                                "Worker Number": 0,
                                                                                                                                                                "Actual Startup Time": 0.06,
                                                                                                                                                                "Actual Total Time": 169.541,
                                                                                                                                                                "Actual Rows": 483904,
                                                                                                                                                                "Actual Loops": 1
                                                                                                                                                            },
                                                                                                                                                            {
                                                                                                                                                                "Worker Number": 1,
                                                                                                                                                                "Actual Startup Time": 0.074,
                                                                                                                                                                "Actual Total Time": 179.684,
                                                                                                                                                                "Actual Rows": 509497,
                                                                                                                                                                "Actual Loops": 1
                                                                                                                                                            },
                                                                                                                                                            {
                                                                                                                                                                "Worker Number": 2,
                                                                                                                                                                "Actual Startup Time": 0.08,
                                                                                                                                                                "Actual Total Time": 184.412,
                                                                                                                                                                "Actual Rows": 733311,
                                                                                                                                                                "Actual Loops": 1
                                                                                                                                                            },
                                                                                                                                                            {
                                                                                                                                                                "Worker Number": 3,
                                                                                                                                                                "Actual Startup Time": 0.097,
                                                                                                                                                                "Actual Total Time": 180.155,
                                                                                                                                                                "Actual Rows": 506363,
                                                                                                                                                                "Actual Loops": 1
                                                                                                                                                            }
                                                                                                                                                        ]
                                                                                                                                                    }
                                                                                                                                                ]
                                                                                                                                            },
                                                                                                                                            {
                                                                                                                                                "Node Type": "Sort",
                                                                                                                                                "Parent Relationship": "Inner",
                                                                                                                                                "Parallel Aware": false,
                                                                                                                                                "Startup Cost": 121000.85,
                                                                                                                                                "Total Cost": 121095.37,
                                                                                                                                                "Plan Rows": 37808,
                                                                                                                                                "Plan Width": 4,
                                                                                                                                                "Actual Startup Time": 744.867,
                                                                                                                                                "Actual Total Time": 751.198,
                                                                                                                                                "Actual Rows": 57441,
                                                                                                                                                "Actual Loops": 5,
                                                                                                                                                "Output": [
                                                                                                                                                    "n.id"
                                                                                                                                                ],
                                                                                                                                                "Sort Key": [
                                                                                                                                                    "n.id"
                                                                                                                                                ],
                                                                                                                                                "Sort Method": "quicksort",
                                                                                                                                                "Sort Space Used": 3881,
                                                                                                                                                "Sort Space Type": "Memory",
                                                                                                                                                "Workers": [
                                                                                                                                                    {
                                                                                                                                                        "Worker Number": 0,
                                                                                                                                                        "Actual Startup Time": 766.877,
                                                                                                                                                        "Actual Total Time": 772.569,
                                                                                                                                                        "Actual Rows": 55236,
                                                                                                                                                        "Actual Loops": 1
                                                                                                                                                    },
                                                                                                                                                    {
                                                                                                                                                        "Worker Number": 1,
                                                                                                                                                        "Actual Startup Time": 763.05,
                                                                                                                                                        "Actual Total Time": 769.254,
                                                                                                                                                        "Actual Rows": 56410,
                                                                                                                                                        "Actual Loops": 1
                                                                                                                                                    },
                                                                                                                                                    {
                                                                                                                                                        "Worker Number": 2,
                                                                                                                                                        "Actual Startup Time": 733.629,
                                                                                                                                                        "Actual Total Time": 738.749,
                                                                                                                                                        "Actual Rows": 58950,
                                                                                                                                                        "Actual Loops": 1
                                                                                                                                                    },
                                                                                                                                                    {
                                                                                                                                                        "Worker Number": 3,
                                                                                                                                                        "Actual Startup Time": 761.945,
                                                                                                                                                        "Actual Total Time": 768.031,
                                                                                                                                                        "Actual Rows": 55730,
                                                                                                                                                        "Actual Loops": 1
                                                                                                                                                    }
                                                                                                                                                ],
                                                                                                                                                "Plans": [
                                                                                                                                                    {
                                                                                                                                                        "Node Type": "Seq Scan",
                                                                                                                                                        "Parent Relationship": "Outer",
                                                                                                                                                        "Parallel Aware": false,
                                                                                                                                                        "Relation Name": "name",
                                                                                                                                                        "Schema": "public",
                                                                                                                                                        "Alias": "n",
                                                                                                                                                        "Startup Cost": 0.0,
                                                                                                                                                        "Total Cost": 118126.24,
                                                                                                                                                        "Plan Rows": 37808,
                                                                                                                                                        "Plan Width": 4,
                                                                                                                                                        "Actual Startup Time": 301.289,
                                                                                                                                                        "Actual Total Time": 729.105,
                                                                                                                                                        "Actual Rows": 50011,
                                                                                                                                                        "Actual Loops": 5,
                                                                                                                                                        "Output": [
                                                                                                                                                            "n.id"
                                                                                                                                                        ],
                                                                                                                                                        "Filter": "((n.name ~~ '%An%'::text) AND ((n.gender)::text = 'f'::text))",
                                                                                                                                                        "Rows Removed by Filter": 4117480,
                                                                                                                                                        "Workers": [
                                                                                                                                                            {
                                                                                                                                                                "Worker Number": 0,
                                                                                                                                                                "Actual Startup Time": 308.018,
                                                                                                                                                                "Actual Total Time": 749.104,
                                                                                                                                                                "Actual Rows": 50011,
                                                                                                                                                                "Actual Loops": 1
                                                                                                                                                            },
                                                                                                                                                            {
                                                                                                                                                                "Worker Number": 1,
                                                                                                                                                                "Actual Startup Time": 304.214,
                                                                                                                                                                "Actual Total Time": 745.389,
                                                                                                                                                                "Actual Rows": 50011,
                                                                                                                                                                "Actual Loops": 1
                                                                                                                                                            },
                                                                                                                                                            {
                                                                                                                                                                "Worker Number": 2,
                                                                                                                                                                "Actual Startup Time": 303.277,
                                                                                                                                                                "Actual Total Time": 721.688,
                                                                                                                                                                "Actual Rows": 50011,
                                                                                                                                                                "Actual Loops": 1
                                                                                                                                                            },
                                                                                                                                                            {
                                                                                                                                                                "Worker Number": 3,
                                                                                                                                                                "Actual Startup Time": 302.645,
                                                                                                                                                                "Actual Total Time": 743.699,
                                                                                                                                                                "Actual Rows": 50011,
                                                                                                                                                                "Actual Loops": 1
                                                                                                                                                            }
                                                                                                                                                        ]
                                                                                                                                                    }
                                                                                                                                                ]
                                                                                                                                            }
                                                                                                                                        ]
                                                                                                                                    },
                                                                                                                                    {
                                                                                                                                        "Node Type": "Bitmap Heap Scan",
                                                                                                                                        "Parent Relationship": "Inner",
                                                                                                                                        "Parallel Aware": false,
                                                                                                                                        "Relation Name": "cast_info",
                                                                                                                                        "Schema": "public",
                                                                                                                                        "Alias": "ci",
                                                                                                                                        "Startup Cost": 4.57,
                                                                                                                                        "Total Cost": 16.86,
                                                                                                                                        "Plan Rows": 11,
                                                                                                                                        "Plan Width": 16,
                                                                                                                                        "Actual Startup Time": 0.02,
                                                                                                                                        "Actual Total Time": 0.025,
                                                                                                                                        "Actual Rows": 1,
                                                                                                                                        "Actual Loops": 46248,
                                                                                                                                        "Output": [
                                                                                                                                            "ci.id",
                                                                                                                                            "ci.person_id",
                                                                                                                                            "ci.movie_id",
                                                                                                                                            "ci.person_role_id",
                                                                                                                                            "ci.note",
                                                                                                                                            "ci.nr_order",
                                                                                                                                            "ci.role_id"
                                                                                                                                        ],
                                                                                                                                        "Recheck Cond": "(ci.person_id = pi.person_id)",
                                                                                                                                        "Rows Removed by Index Recheck": 0,
                                                                                                                                        "Filter": "(ci.note = ANY ('{(voice),\"(voice) (uncredited)\",\"(voice: English version)\"}'::text[]))",
                                                                                                                                        "Rows Removed by Filter": 96,
                                                                                                                                        "Exact Heap Blocks": 31140,
                                                                                                                                        "Lossy Heap Blocks": 0,
                                                                                                                                        "Workers": [
                                                                                                                                            {
                                                                                                                                                "Worker Number": 0,
                                                                                                                                                "Actual Startup Time": 0.025,
                                                                                                                                                "Actual Total Time": 0.031,
                                                                                                                                                "Actual Rows": 1,
                                                                                                                                                "Actual Loops": 6528
                                                                                                                                            },
                                                                                                                                            {
                                                                                                                                                "Worker Number": 1,
                                                                                                                                                "Actual Startup Time": 0.021,
                                                                                                                                                "Actual Total Time": 0.027,
                                                                                                                                                "Actual Rows": 2,
                                                                                                                                                "Actual Loops": 7977
                                                                                                                                            },
                                                                                                                                            {
                                                                                                                                                "Worker Number": 2,
                                                                                                                                                "Actual Startup Time": 0.016,
                                                                                                                                                "Actual Total Time": 0.019,
                                                                                                                                                "Actual Rows": 1,
                                                                                                                                                "Actual Loops": 11120
                                                                                                                                            },
                                                                                                                                            {
                                                                                                                                                "Worker Number": 3,
                                                                                                                                                "Actual Startup Time": 0.023,
                                                                                                                                                "Actual Total Time": 0.029,
                                                                                                                                                "Actual Rows": 1,
                                                                                                                                                "Actual Loops": 7258
                                                                                                                                            }
                                                                                                                                        ],
                                                                                                                                        "Plans": [
                                                                                                                                            {
                                                                                                                                                "Node Type": "Bitmap Index Scan",
                                                                                                                                                "Parent Relationship": "Outer",
                                                                                                                                                "Parallel Aware": false,
                                                                                                                                                "Index Name": "person_id_cast_info",
                                                                                                                                                "Startup Cost": 0.0,
                                                                                                                                                "Total Cost": 4.57,
                                                                                                                                                "Plan Rows": 510,
                                                                                                                                                "Plan Width": 0,
                                                                                                                                                "Actual Startup Time": 0.009,
                                                                                                                                                "Actual Total Time": 0.009,
                                                                                                                                                "Actual Rows": 98,
                                                                                                                                                "Actual Loops": 46248,
                                                                                                                                                "Index Cond": "(ci.person_id = pi.person_id)",
                                                                                                                                                "Workers": [
                                                                                                                                                    {
                                                                                                                                                        "Worker Number": 0,
                                                                                                                                                        "Actual Startup Time": 0.012,
                                                                                                                                                        "Actual Total Time": 0.012,
                                                                                                                                                        "Actual Rows": 99,
                                                                                                                                                        "Actual Loops": 6528
                                                                                                                                                    },
                                                                                                                                                    {
                                                                                                                                                        "Worker Number": 1,
                                                                                                                                                        "Actual Startup Time": 0.009,
                                                                                                                                                        "Actual Total Time": 0.009,
                                                                                                                                                        "Actual Rows": 91,
                                                                                                                                                        "Actual Loops": 7977
                                                                                                                                                    },
                                                                                                                                                    {
                                                                                                                                                        "Worker Number": 2,
                                                                                                                                                        "Actual Startup Time": 0.007,
                                                                                                                                                        "Actual Total Time": 0.007,
                                                                                                                                                        "Actual Rows": 90,
                                                                                                                                                        "Actual Loops": 11120
                                                                                                                                                    },
                                                                                                                                                    {
                                                                                                                                                        "Worker Number": 3,
                                                                                                                                                        "Actual Startup Time": 0.01,
                                                                                                                                                        "Actual Total Time": 0.01,
                                                                                                                                                        "Actual Rows": 103,
                                                                                                                                                        "Actual Loops": 7258
                                                                                                                                                    }
                                                                                                                                                ]
                                                                                                                                            }
                                                                                                                                        ]
                                                                                                                                    }
                                                                                                                                ]
                                                                                                                            },
                                                                                                                            {
                                                                                                                                "Node Type": "Bitmap Heap Scan",
                                                                                                                                "Parent Relationship": "Inner",
                                                                                                                                "Parallel Aware": false,
                                                                                                                                "Relation Name": "role_type",
                                                                                                                                "Schema": "public",
                                                                                                                                "Alias": "rt",
                                                                                                                                "Startup Cost": 0.14,
                                                                                                                                "Total Cost": 4.16,
                                                                                                                                "Plan Rows": 1,
                                                                                                                                "Plan Width": 4,
                                                                                                                                "Actual Startup Time": 0.003,
                                                                                                                                "Actual Total Time": 0.003,
                                                                                                                                "Actual Rows": 1,
                                                                                                                                "Actual Loops": 67130,
                                                                                                                                "Output": [
                                                                                                                                    "rt.id",
                                                                                                                                    "rt.role"
                                                                                                                                ],
                                                                                                                                "Recheck Cond": "(rt.id = ci.role_id)",
                                                                                                                                "Rows Removed by Index Recheck": 0,
                                                                                                                                "Filter": "((rt.role)::text = 'actress'::text)",
                                                                                                                                "Rows Removed by Filter": 0,
                                                                                                                                "Exact Heap Blocks": 20953,
                                                                                                                                "Lossy Heap Blocks": 0,
                                                                                                                                "Workers": [
                                                                                                                                    {
                                                                                                                                        "Worker Number": 0,
                                                                                                                                        "Actual Startup Time": 0.003,
                                                                                                                                        "Actual Total Time": 0.003,
                                                                                                                                        "Actual Rows": 1,
                                                                                                                                        "Actual Loops": 8192
                                                                                                                                    },
                                                                                                                                    {
                                                                                                                                        "Worker Number": 1,
                                                                                                                                        "Actual Startup Time": 0.003,
                                                                                                                                        "Actual Total Time": 0.003,
                                                                                                                                        "Actual Rows": 1,
                                                                                                                                        "Actual Loops": 13387
                                                                                                                                    },
                                                                                                                                    {
                                                                                                                                        "Worker Number": 2,
                                                                                                                                        "Actual Startup Time": 0.002,
                                                                                                                                        "Actual Total Time": 0.002,
                                                                                                                                        "Actual Rows": 1,
                                                                                                                                        "Actual Loops": 16650
                                                                                                                                    },
                                                                                                                                    {
                                                                                                                                        "Worker Number": 3,
                                                                                                                                        "Actual Startup Time": 0.003,
                                                                                                                                        "Actual Total Time": 0.003,
                                                                                                                                        "Actual Rows": 1,
                                                                                                                                        "Actual Loops": 7948
                                                                                                                                    }
                                                                                                                                ],
                                                                                                                                "Plans": [
                                                                                                                                    {
                                                                                                                                        "Node Type": "Bitmap Index Scan",
                                                                                                                                        "Parent Relationship": "Outer",
                                                                                                                                        "Parallel Aware": false,
                                                                                                                                        "Index Name": "role_type_pkey",
                                                                                                                                        "Startup Cost": 0.0,
                                                                                                                                        "Total Cost": 0.14,
                                                                                                                                        "Plan Rows": 1,
                                                                                                                                        "Plan Width": 0,
                                                                                                                                        "Actual Startup Time": 0.001,
                                                                                                                                        "Actual Total Time": 0.001,
                                                                                                                                        "Actual Rows": 1,
                                                                                                                                        "Actual Loops": 67130,
                                                                                                                                        "Index Cond": "(rt.id = ci.role_id)",
                                                                                                                                        "Workers": [
                                                                                                                                            {
                                                                                                                                                "Worker Number": 0,
                                                                                                                                                "Actual Startup Time": 0.001,
                                                                                                                                                "Actual Total Time": 0.001,
                                                                                                                                                "Actual Rows": 1,
                                                                                                                                                "Actual Loops": 8192
                                                                                                                                            },
                                                                                                                                            {
                                                                                                                                                "Worker Number": 1,
                                                                                                                                                "Actual Startup Time": 0.001,
                                                                                                                                                "Actual Total Time": 0.001,
                                                                                                                                                "Actual Rows": 1,
                                                                                                                                                "Actual Loops": 13387
                                                                                                                                            },
                                                                                                                                            {
                                                                                                                                                "Worker Number": 2,
                                                                                                                                                "Actual Startup Time": 0.001,
                                                                                                                                                "Actual Total Time": 0.001,
                                                                                                                                                "Actual Rows": 1,
                                                                                                                                                "Actual Loops": 16650
                                                                                                                                            },
                                                                                                                                            {
                                                                                                                                                "Worker Number": 3,
                                                                                                                                                "Actual Startup Time": 0.002,
                                                                                                                                                "Actual Total Time": 0.002,
                                                                                                                                                "Actual Rows": 1,
                                                                                                                                                "Actual Loops": 7948
                                                                                                                                            }
                                                                                                                                        ]
                                                                                                                                    }
                                                                                                                                ]
                                                                                                                            }
                                                                                                                        ]
                                                                                                                    },
                                                                                                                    {
                                                                                                                        "Node Type": "Bitmap Heap Scan",
                                                                                                                        "Parent Relationship": "Inner",
                                                                                                                        "Parallel Aware": false,
                                                                                                                        "Relation Name": "complete_cast",
                                                                                                                        "Schema": "public",
                                                                                                                        "Alias": "cc",
                                                                                                                        "Startup Cost": 0.44,
                                                                                                                        "Total Cost": 4.46,
                                                                                                                        "Plan Rows": 2,
                                                                                                                        "Plan Width": 12,
                                                                                                                        "Actual Startup Time": 0.003,
                                                                                                                        "Actual Total Time": 0.003,
                                                                                                                        "Actual Rows": 0,
                                                                                                                        "Actual Loops": 67130,
                                                                                                                        "Output": [
                                                                                                                            "cc.id",
                                                                                                                            "cc.movie_id",
                                                                                                                            "cc.subject_id",
                                                                                                                            "cc.status_id"
                                                                                                                        ],
                                                                                                                        "Recheck Cond": "(cc.movie_id = ci.movie_id)",
                                                                                                                        "Rows Removed by Index Recheck": 0,
                                                                                                                        "Exact Heap Blocks": 3776,
                                                                                                                        "Lossy Heap Blocks": 0,
                                                                                                                        "Workers": [
                                                                                                                            {
                                                                                                                                "Worker Number": 0,
                                                                                                                                "Actual Startup Time": 0.004,
                                                                                                                                "Actual Total Time": 0.004,
                                                                                                                                "Actual Rows": 0,
                                                                                                                                "Actual Loops": 8192
                                                                                                                            },
                                                                                                                            {
                                                                                                                                "Worker Number": 1,
                                                                                                                                "Actual Startup Time": 0.003,
                                                                                                                                "Actual Total Time": 0.004,
                                                                                                                                "Actual Rows": 0,
                                                                                                                                "Actual Loops": 13387
                                                                                                                            },
                                                                                                                            {
                                                                                                                                "Worker Number": 2,
                                                                                                                                "Actual Startup Time": 0.002,
                                                                                                                                "Actual Total Time": 0.002,
                                                                                                                                "Actual Rows": 0,
                                                                                                                                "Actual Loops": 16650
                                                                                                                            },
                                                                                                                            {
                                                                                                                                "Worker Number": 3,
                                                                                                                                "Actual Startup Time": 0.004,
                                                                                                                                "Actual Total Time": 0.004,
                                                                                                                                "Actual Rows": 0,
                                                                                                                                "Actual Loops": 7948
                                                                                                                            }
                                                                                                                        ],
                                                                                                                        "Plans": [
                                                                                                                            {
                                                                                                                                "Node Type": "Bitmap Index Scan",
                                                                                                                                "Parent Relationship": "Outer",
                                                                                                                                "Parallel Aware": false,
                                                                                                                                "Index Name": "movie_id_complete_cast",
                                                                                                                                "Startup Cost": 0.0,
                                                                                                                                "Total Cost": 0.44,
                                                                                                                                "Plan Rows": 2,
                                                                                                                                "Plan Width": 0,
                                                                                                                                "Actual Startup Time": 0.003,
                                                                                                                                "Actual Total Time": 0.003,
                                                                                                                                "Actual Rows": 0,
                                                                                                                                "Actual Loops": 67130,
                                                                                                                                "Index Cond": "(cc.movie_id = ci.movie_id)",
                                                                                                                                "Workers": [
                                                                                                                                    {
                                                                                                                                        "Worker Number": 0,
                                                                                                                                        "Actual Startup Time": 0.003,
                                                                                                                                        "Actual Total Time": 0.003,
                                                                                                                                        "Actual Rows": 0,
                                                                                                                                        "Actual Loops": 8192
                                                                                                                                    },
                                                                                                                                    {
                                                                                                                                        "Worker Number": 1,
                                                                                                                                        "Actual Startup Time": 0.003,
                                                                                                                                        "Actual Total Time": 0.003,
                                                                                                                                        "Actual Rows": 0,
                                                                                                                                        "Actual Loops": 13387
                                                                                                                                    },
                                                                                                                                    {
                                                                                                                                        "Worker Number": 2,
                                                                                                                                        "Actual Startup Time": 0.002,
                                                                                                                                        "Actual Total Time": 0.002,
                                                                                                                                        "Actual Rows": 0,
                                                                                                                                        "Actual Loops": 16650
                                                                                                                                    },
                                                                                                                                    {
                                                                                                                                        "Worker Number": 3,
                                                                                                                                        "Actual Startup Time": 0.003,
                                                                                                                                        "Actual Total Time": 0.003,
                                                                                                                                        "Actual Rows": 0,
                                                                                                                                        "Actual Loops": 7948
                                                                                                                                    }
                                                                                                                                ]
                                                                                                                            }
                                                                                                                        ]
                                                                                                                    }
                                                                                                                ]
                                                                                                            },
                                                                                                            {
                                                                                                                "Node Type": "Bitmap Heap Scan",
                                                                                                                "Parent Relationship": "Inner",
                                                                                                                "Parallel Aware": false,
                                                                                                                "Relation Name": "comp_cast_type",
                                                                                                                "Schema": "public",
                                                                                                                "Alias": "cct1",
                                                                                                                "Startup Cost": 0.14,
                                                                                                                "Total Cost": 4.15,
                                                                                                                "Plan Rows": 1,
                                                                                                                "Plan Width": 4,
                                                                                                                "Actual Startup Time": 0.003,
                                                                                                                "Actual Total Time": 0.003,
                                                                                                                "Actual Rows": 1,
                                                                                                                "Actual Loops": 11793,
                                                                                                                "Output": [
                                                                                                                    "cct1.id",
                                                                                                                    "cct1.kind"
                                                                                                                ],
                                                                                                                "Recheck Cond": "(cct1.id = cc.subject_id)",
                                                                                                                "Rows Removed by Index Recheck": 0,
                                                                                                                "Filter": "((cct1.kind)::text = 'cast'::text)",
                                                                                                                "Rows Removed by Filter": 0,
                                                                                                                "Exact Heap Blocks": 3776,
                                                                                                                "Lossy Heap Blocks": 0,
                                                                                                                "Workers": [
                                                                                                                    {
                                                                                                                        "Worker Number": 0,
                                                                                                                        "Actual Startup Time": 0.003,
                                                                                                                        "Actual Total Time": 0.003,
                                                                                                                        "Actual Rows": 1,
                                                                                                                        "Actual Loops": 1703
                                                                                                                    },
                                                                                                                    {
                                                                                                                        "Worker Number": 1,
                                                                                                                        "Actual Startup Time": 0.003,
                                                                                                                        "Actual Total Time": 0.003,
                                                                                                                        "Actual Rows": 1,
                                                                                                                        "Actual Loops": 1902
                                                                                                                    },
                                                                                                                    {
                                                                                                                        "Worker Number": 2,
                                                                                                                        "Actual Startup Time": 0.002,
                                                                                                                        "Actual Total Time": 0.002,
                                                                                                                        "Actual Rows": 1,
                                                                                                                        "Actual Loops": 2219
                                                                                                                    },
                                                                                                                    {
                                                                                                                        "Worker Number": 3,
                                                                                                                        "Actual Startup Time": 0.003,
                                                                                                                        "Actual Total Time": 0.003,
                                                                                                                        "Actual Rows": 1,
                                                                                                                        "Actual Loops": 2193
                                                                                                                    }
                                                                                                                ],
                                                                                                                "Plans": [
                                                                                                                    {
                                                                                                                        "Node Type": "Bitmap Index Scan",
                                                                                                                        "Parent Relationship": "Outer",
                                                                                                                        "Parallel Aware": false,
                                                                                                                        "Index Name": "comp_cast_type_pkey",
                                                                                                                        "Startup Cost": 0.0,
                                                                                                                        "Total Cost": 0.14,
                                                                                                                        "Plan Rows": 1,
                                                                                                                        "Plan Width": 0,
                                                                                                                        "Actual Startup Time": 0.001,
                                                                                                                        "Actual Total Time": 0.001,
                                                                                                                        "Actual Rows": 1,
                                                                                                                        "Actual Loops": 11793,
                                                                                                                        "Index Cond": "(cct1.id = cc.subject_id)",
                                                                                                                        "Workers": [
                                                                                                                            {
                                                                                                                                "Worker Number": 0,
                                                                                                                                "Actual Startup Time": 0.001,
                                                                                                                                "Actual Total Time": 0.001,
                                                                                                                                "Actual Rows": 1,
                                                                                                                                "Actual Loops": 1703
                                                                                                                            },
                                                                                                                            {
                                                                                                                                "Worker Number": 1,
                                                                                                                                "Actual Startup Time": 0.001,
                                                                                                                                "Actual Total Time": 0.001,
                                                                                                                                "Actual Rows": 1,
                                                                                                                                "Actual Loops": 1902
                                                                                                                            },
                                                                                                                            {
                                                                                                                                "Worker Number": 2,
                                                                                                                                "Actual Startup Time": 0.001,
                                                                                                                                "Actual Total Time": 0.001,
                                                                                                                                "Actual Rows": 1,
                                                                                                                                "Actual Loops": 2219
                                                                                                                            },
                                                                                                                            {
                                                                                                                                "Worker Number": 3,
                                                                                                                                "Actual Startup Time": 0.002,
                                                                                                                                "Actual Total Time": 0.002,
                                                                                                                                "Actual Rows": 1,
                                                                                                                                "Actual Loops": 2193
                                                                                                                            }
                                                                                                                        ]
                                                                                                                    }
                                                                                                                ]
                                                                                                            }
                                                                                                        ]
                                                                                                    }
                                                                                                ]
                                                                                            },
                                                                                            {
                                                                                                "Node Type": "Sort",
                                                                                                "Parent Relationship": "Inner",
                                                                                                "Parallel Aware": false,
                                                                                                "Startup Cost": 322951.0,
                                                                                                "Total Cost": 329473.82,
                                                                                                "Plan Rows": 2609129,
                                                                                                "Plan Width": 8,
                                                                                                "Actual Startup Time": 1072.139,
                                                                                                "Actual Total Time": 1175.242,
                                                                                                "Actual Rows": 2488351,
                                                                                                "Actual Loops": 5,
                                                                                                "Output": [
                                                                                                    "mc.movie_id",
                                                                                                    "mc.company_id"
                                                                                                ],
                                                                                                "Sort Key": [
                                                                                                    "mc.movie_id"
                                                                                                ],
                                                                                                "Sort Method": "quicksort",
                                                                                                "Sort Space Used": 220607,
                                                                                                "Sort Space Type": "Memory",
                                                                                                "Workers": [
                                                                                                    {
                                                                                                        "Worker Number": 0,
                                                                                                        "Actual Startup Time": 1385.613,
                                                                                                        "Actual Total Time": 1533.398,
                                                                                                        "Actual Rows": 2632130,
                                                                                                        "Actual Loops": 1
                                                                                                    },
                                                                                                    {
                                                                                                        "Worker Number": 1,
                                                                                                        "Actual Startup Time": 1223.911,
                                                                                                        "Actual Total Time": 1328.931,
                                                                                                        "Actual Rows": 2557440,
                                                                                                        "Actual Loops": 1
                                                                                                    },
                                                                                                    {
                                                                                                        "Worker Number": 2,
                                                                                                        "Actual Startup Time": 979.413,
                                                                                                        "Actual Total Time": 1070.986,
                                                                                                        "Actual Rows": 2621252,
                                                                                                        "Actual Loops": 1
                                                                                                    },
                                                                                                    {
                                                                                                        "Worker Number": 3,
                                                                                                        "Actual Startup Time": 996.87,
                                                                                                        "Actual Total Time": 1092.265,
                                                                                                        "Actual Rows": 2481955,
                                                                                                        "Actual Loops": 1
                                                                                                    }
                                                                                                ],
                                                                                                "Plans": [
                                                                                                    {
                                                                                                        "Node Type": "Seq Scan",
                                                                                                        "Parent Relationship": "Outer",
                                                                                                        "Parallel Aware": false,
                                                                                                        "Relation Name": "movie_companies",
                                                                                                        "Schema": "public",
                                                                                                        "Alias": "mc",
                                                                                                        "Startup Cost": 0.0,
                                                                                                        "Total Cost": 44881.29,
                                                                                                        "Plan Rows": 2609129,
                                                                                                        "Plan Width": 8,
                                                                                                        "Actual Startup Time": 0.031,
                                                                                                        "Actual Total Time": 405.454,
                                                                                                        "Actual Rows": 2609129,
                                                                                                        "Actual Loops": 5,
                                                                                                        "Output": [
                                                                                                            "mc.movie_id",
                                                                                                            "mc.company_id"
                                                                                                        ],
                                                                                                        "Workers": [
                                                                                                            {
                                                                                                                "Worker Number": 0,
                                                                                                                "Actual Startup Time": 0.043,
                                                                                                                "Actual Total Time": 499.364,
                                                                                                                "Actual Rows": 2609129,
                                                                                                                "Actual Loops": 1
                                                                                                            },
                                                                                                            {
                                                                                                                "Worker Number": 1,
                                                                                                                "Actual Startup Time": 0.044,
                                                                                                                "Actual Total Time": 486.427,
                                                                                                                "Actual Rows": 2609129,
                                                                                                                "Actual Loops": 1
                                                                                                            },
                                                                                                            {
                                                                                                                "Worker Number": 2,
                                                                                                                "Actual Startup Time": 0.025,
                                                                                                                "Actual Total Time": 409.721,
                                                                                                                "Actual Rows": 2609129,
                                                                                                                "Actual Loops": 1
                                                                                                            },
                                                                                                            {
                                                                                                                "Worker Number": 3,
                                                                                                                "Actual Startup Time": 0.029,
                                                                                                                "Actual Total Time": 375.165,
                                                                                                                "Actual Rows": 2609129,
                                                                                                                "Actual Loops": 1
                                                                                                            }
                                                                                                        ]
                                                                                                    }
                                                                                                ]
                                                                                            }
                                                                                        ]
                                                                                    },
                                                                                    {
                                                                                        "Node Type": "Bitmap Heap Scan",
                                                                                        "Parent Relationship": "Inner",
                                                                                        "Parallel Aware": false,
                                                                                        "Relation Name": "char_name",
                                                                                        "Schema": "public",
                                                                                        "Alias": "chn",
                                                                                        "Startup Cost": 0.49,
                                                                                        "Total Cost": 4.51,
                                                                                        "Plan Rows": 1,
                                                                                        "Plan Width": 4,
                                                                                        "Actual Startup Time": 0.003,
                                                                                        "Actual Total Time": 0.003,
                                                                                        "Actual Rows": 0,
                                                                                        "Actual Loops": 119905,
                                                                                        "Output": [
                                                                                            "chn.id",
                                                                                            "chn.name",
                                                                                            "chn.imdb_index",
                                                                                            "chn.imdb_id",
                                                                                            "chn.name_pcode_nf",
                                                                                            "chn.surname_pcode",
                                                                                            "chn.md5sum"
                                                                                        ],
                                                                                        "Recheck Cond": "(chn.id = ci.person_role_id)",
                                                                                        "Rows Removed by Index Recheck": 0,
                                                                                        "Filter": "(chn.name = 'Queen'::text)",
                                                                                        "Rows Removed by Filter": 1,
                                                                                        "Exact Heap Blocks": 26366,
                                                                                        "Lossy Heap Blocks": 0,
                                                                                        "Workers": [
                                                                                            {
                                                                                                "Worker Number": 0,
                                                                                                "Actual Startup Time": 0.004,
                                                                                                "Actual Total Time": 0.004,
                                                                                                "Actual Rows": 0,
                                                                                                "Actual Loops": 25824
                                                                                            },
                                                                                            {
                                                                                                "Worker Number": 1,
                                                                                                "Actual Startup Time": 0.003,
                                                                                                "Actual Total Time": 0.003,
                                                                                                "Actual Rows": 0,
                                                                                                "Actual Loops": 20958
                                                                                            },
                                                                                            {
                                                                                                "Worker Number": 2,
                                                                                                "Actual Startup Time": 0.003,
                                                                                                "Actual Total Time": 0.003,
                                                                                                "Actual Rows": 0,
                                                                                                "Actual Loops": 25178
                                                                                            },
                                                                                            {
                                                                                                "Worker Number": 3,
                                                                                                "Actual Startup Time": 0.003,
                                                                                                "Actual Total Time": 0.003,
                                                                                                "Actual Rows": 0,
                                                                                                "Actual Loops": 20908
                                                                                            }
                                                                                        ],
                                                                                        "Plans": [
                                                                                            {
                                                                                                "Node Type": "Bitmap Index Scan",
                                                                                                "Parent Relationship": "Outer",
                                                                                                "Parallel Aware": false,
                                                                                                "Index Name": "char_name_pkey",
                                                                                                "Startup Cost": 0.0,
                                                                                                "Total Cost": 0.49,
                                                                                                "Plan Rows": 1,
                                                                                                "Plan Width": 0,
                                                                                                "Actual Startup Time": 0.002,
                                                                                                "Actual Total Time": 0.002,
                                                                                                "Actual Rows": 1,
                                                                                                "Actual Loops": 119905,
                                                                                                "Index Cond": "(chn.id = ci.person_role_id)",
                                                                                                "Workers": [
                                                                                                    {
                                                                                                        "Worker Number": 0,
                                                                                                        "Actual Startup Time": 0.002,
                                                                                                        "Actual Total Time": 0.002,
                                                                                                        "Actual Rows": 1,
                                                                                                        "Actual Loops": 25824
                                                                                                    },
                                                                                                    {
                                                                                                        "Worker Number": 1,
                                                                                                        "Actual Startup Time": 0.002,
                                                                                                        "Actual Total Time": 0.002,
                                                                                                        "Actual Rows": 1,
                                                                                                        "Actual Loops": 20958
                                                                                                    },
                                                                                                    {
                                                                                                        "Worker Number": 2,
                                                                                                        "Actual Startup Time": 0.002,
                                                                                                        "Actual Total Time": 0.002,
                                                                                                        "Actual Rows": 1,
                                                                                                        "Actual Loops": 25178
                                                                                                    },
                                                                                                    {
                                                                                                        "Worker Number": 3,
                                                                                                        "Actual Startup Time": 0.002,
                                                                                                        "Actual Total Time": 0.002,
                                                                                                        "Actual Rows": 1,
                                                                                                        "Actual Loops": 20908
                                                                                                    }
                                                                                                ]
                                                                                            }
                                                                                        ]
                                                                                    }
                                                                                ]
                                                                            }
                                                                        ]
                                                                    },
                                                                    {
                                                                        "Node Type": "Bitmap Heap Scan",
                                                                        "Parent Relationship": "Inner",
                                                                        "Parallel Aware": false,
                                                                        "Relation Name": "aka_name",
                                                                        "Schema": "public",
                                                                        "Alias": "an",
                                                                        "Startup Cost": 0.44,
                                                                        "Total Cost": 4.47,
                                                                        "Plan Rows": 2,
                                                                        "Plan Width": 4,
                                                                        "Actual Startup Time": 0.006,
                                                                        "Actual Total Time": 0.007,
                                                                        "Actual Rows": 3,
                                                                        "Actual Loops": 9632,
                                                                        "Output": [
                                                                            "an.id",
                                                                            "an.person_id",
                                                                            "an.name",
                                                                            "an.imdb_index",
                                                                            "an.name_pcode_cf",
                                                                            "an.name_pcode_nf",
                                                                            "an.surname_pcode",
                                                                            "an.md5sum"
                                                                        ],
                                                                        "Recheck Cond": "(an.person_id = pi.person_id)",
                                                                        "Rows Removed by Index Recheck": 0,
                                                                        "Exact Heap Blocks": 19263,
                                                                        "Lossy Heap Blocks": 0,
                                                                        "Plans": [
                                                                            {
                                                                                "Node Type": "Bitmap Index Scan",
                                                                                "Parent Relationship": "Outer",
                                                                                "Parallel Aware": false,
                                                                                "Index Name": "person_id_aka_name",
                                                                                "Startup Cost": 0.0,
                                                                                "Total Cost": 0.44,
                                                                                "Plan Rows": 2,
                                                                                "Plan Width": 0,
                                                                                "Actual Startup Time": 0.004,
                                                                                "Actual Total Time": 0.004,
                                                                                "Actual Rows": 3,
                                                                                "Actual Loops": 9632,
                                                                                "Index Cond": "(an.person_id = pi.person_id)"
                                                                            }
                                                                        ]
                                                                    }
                                                                ]
                                                            },
                                                            {
                                                                "Node Type": "Bitmap Heap Scan",
                                                                "Parent Relationship": "Inner",
                                                                "Parallel Aware": false,
                                                                "Relation Name": "info_type",
                                                                "Schema": "public",
                                                                "Alias": "it3",
                                                                "Startup Cost": 0.15,
                                                                "Total Cost": 4.17,
                                                                "Plan Rows": 1,
                                                                "Plan Width": 4,
                                                                "Actual Startup Time": 0.003,
                                                                "Actual Total Time": 0.003,
                                                                "Actual Rows": 0,
                                                                "Actual Loops": 33172,
                                                                "Output": [
                                                                    "it3.id",
                                                                    "it3.info"
                                                                ],
                                                                "Recheck Cond": "(it3.id = pi.info_type_id)",
                                                                "Rows Removed by Index Recheck": 0,
                                                                "Filter": "((it3.info)::text = 'height'::text)",
                                                                "Rows Removed by Filter": 1,
                                                                "Exact Heap Blocks": 33172,
                                                                "Lossy Heap Blocks": 0,
                                                                "Plans": [
                                                                    {
                                                                        "Node Type": "Bitmap Index Scan",
                                                                        "Parent Relationship": "Outer",
                                                                        "Parallel Aware": false,
                                                                        "Index Name": "info_type_pkey",
                                                                        "Startup Cost": 0.0,
                                                                        "Total Cost": 0.15,
                                                                        "Plan Rows": 1,
                                                                        "Plan Width": 0,
                                                                        "Actual Startup Time": 0.002,
                                                                        "Actual Total Time": 0.002,
                                                                        "Actual Rows": 1,
                                                                        "Actual Loops": 33172,
                                                                        "Index Cond": "(it3.id = pi.info_type_id)"
                                                                    }
                                                                ]
                                                            }
                                                        ]
                                                    }
                                                ]
                                            }
                                        ]
                                    },
                                    {
                                        "Node Type": "Index Scan",
                                        "Parent Relationship": "Inner",
                                        "Parallel Aware": false,
                                        "Scan Direction": "Forward",
                                        "Index Name": "company_name_pkey",
                                        "Relation Name": "company_name",
                                        "Schema": "public",
                                        "Alias": "cn",
                                        "Startup Cost": 0.42,
                                        "Total Cost": 0.45,
                                        "Plan Rows": 1,
                                        "Plan Width": 4,
                                        "Actual Startup Time": 0.006,
                                        "Actual Total Time": 0.006,
                                        "Actual Rows": 0,
                                        "Actual Loops": 66,
                                        "Output": [
                                            "cn.id",
                                            "cn.name",
                                            "cn.country_code",
                                            "cn.imdb_id",
                                            "cn.name_pcode_nf",
                                            "cn.name_pcode_sf",
                                            "cn.md5sum"
                                        ],
                                        "Index Cond": "(cn.id = mc.company_id)",
                                        "Rows Removed by Index Recheck": 0,
                                        "Filter": "((cn.country_code)::text = '[us]'::text)",
                                        "Rows Removed by Filter": 1
                                    }
                                ]
                            }
                        ]
                    },
                    {
                        "Node Type": "Sort",
                        "Parent Relationship": "Inner",
                        "Parallel Aware": false,
                        "Startup Cost": 10000000001.06,
                        "Total Cost": 10000000001.06,
                        "Plan Rows": 1,
                        "Plan Width": 4,
                        "Actual Startup Time": 0.018,
                        "Actual Total Time": 0.019,
                        "Actual Rows": 1,
                        "Actual Loops": 1,
                        "Output": [
                            "cct2.id"
                        ],
                        "Sort Key": [
                            "cct2.id"
                        ],
                        "Sort Method": "quicksort",
                        "Sort Space Used": 25,
                        "Sort Space Type": "Memory",
                        "Plans": [
                            {
                                "Node Type": "Seq Scan",
                                "Parent Relationship": "Outer",
                                "Parallel Aware": false,
                                "Relation Name": "comp_cast_type",
                                "Schema": "public",
                                "Alias": "cct2",
                                "Startup Cost": 10000000000.0,
                                "Total Cost": 10000000001.05,
                                "Plan Rows": 1,
                                "Plan Width": 4,
                                "Actual Startup Time": 0.009,
                                "Actual Total Time": 0.009,
                                "Actual Rows": 1,
                                "Actual Loops": 1,
                                "Output": [
                                    "cct2.id"
                                ],
                                "Filter": "((cct2.kind)::text = 'complete+verified'::text)",
                                "Rows Removed by Filter": 3
                            }
                        ]
                    }
                ]
            }
        ]
    },
    "Planning Time": 2212.324,
    "Triggers": [],
    "Execution Time": 8710.771
}