{
  "Plan": {
    "Node Type": "Aggregate",
    "Strategy": "Plain",
    "Partial Mode": "Finalize",
    "Parallel Aware": false,
    "Startup Cost": 957917.35,
    "Total Cost": 957917.36,
    "Plan Rows": 1,
    "Plan Width": 8,
    "Actual Startup Time": 4404.935,
    "Actual Total Time": 4471.8,
    "Actual Rows": 1,
    "Actual Loops": 1,
    "Plans": [
      {
        "Node Type": "Gather",
        "Parent Relationship": "Outer",
        "Parallel Aware": false,
        "Startup Cost": 957917.23,
        "Total Cost": 957917.34,
        "Plan Rows": 1,
        "Plan Width": 8,
        "Actual Startup Time": 4399.721,
        "Actual Total Time": 4471.792,
        "Actual Rows": 2,
        "Actual Loops": 1,
        "Workers Planned": 1,
        "Workers Launched": 1,
        "Single Copy": false,
        "Plans": [
          {
            "Node Type": "Aggregate",
            "Strategy": "Plain",
            "Partial Mode": "Partial",
            "Parent Relationship": "Outer",
            "Parallel Aware": false,
            "Startup Cost": 956917.23,
            "Total Cost": 956917.24,
            "Plan Rows": 1,
            "Plan Width": 8,
            "Actual Startup Time": 4392.24,
            "Actual Total Time": 4392.243,
            "Actual Rows": 1,
            "Actual Loops": 2,
            "Plans": [
              {
                "Node Type": "Nested Loop",
                "Parent Relationship": "Outer",
                "Parallel Aware": false,
                "Join Type": "Inner",
                "Startup Cost": 68782.0,
                "Total Cost": 950900.01,
                "Plan Rows": 2406889,
                "Plan Width": 0,
                "Actual Startup Time": 571.081,
                "Actual Total Time": 4077.734,
                "Actual Rows": 6143586,
                "Actual Loops": 2,
                "Inner Unique": false,
                "Plans": [
                  {
                    "Node Type": "Hash Join",
                    "Parent Relationship": "Outer",
                    "Parallel Aware": true,
                    "Join Type": "Inner",
                    "Startup Cost": 68781.56,
                    "Total Cost": 112008.56,
                    "Plan Rows": 411625,
                    "Plan Width": 8,
                    "Actual Startup Time": 571.009,
                    "Actual Total Time": 926.662,
                    "Actual Rows": 372514,
                    "Actual Loops": 2,
                    "Inner Unique": true,
                    "Hash Cond": "(mc.movie_id = t.id)",
                    "Plans": [
                      {
                        "Node Type": "Seq Scan",
                        "Parent Relationship": "Outer",
                        "Parallel Aware": true,
                        "Relation Name": "movie_companies",
                        "Alias": "mc",
                        "Startup Cost": 0.0,
                        "Total Cost": 41811.73,
                        "Plan Rows": 539151,
                        "Plan Width": 4,
                        "Actual Startup Time": 59.667,
                        "Actual Total Time": 152.379,
                        "Actual Rows": 551986,
                        "Actual Loops": 2,
                        "Filter": "((company_id > 1728) AND (company_type_id = 2))",
                        "Rows Removed by Filter": 752578
                      },
                      {
                        "Node Type": "Hash",
                        "Parent Relationship": "Inner",
                        "Parallel Aware": true,
                        "Startup Cost": 54588.39,
                        "Total Cost": 54588.39,
                        "Plan Rows": 1135454,
                        "Plan Width": 4,
                        "Actual Startup Time": 497.0,
                        "Actual Total Time": 497.001,
                        "Actual Rows": 959014,
                        "Actual Loops": 2,
                        "Hash Buckets": 2097152,
                        "Original Hash Buckets": 2097152,
                        "Hash Batches": 1,
                        "Original Hash Batches": 1,
                        "Peak Memory Usage": 91424,
                        "Plans": [
                          {
                            "Node Type": "Seq Scan",
                            "Parent Relationship": "Outer",
                            "Parallel Aware": true,
                            "Relation Name": "title",
                            "Alias": "t",
                            "Startup Cost": 0.0,
                            "Total Cost": 54588.39,
                            "Plan Rows": 1135454,
                            "Plan Width": 4,
                            "Actual Startup Time": 0.034,
                            "Actual Total Time": 213.768,
                            "Actual Rows": 959014,
                            "Actual Loops": 2,
                            "Filter": "(production_year > 1981)",
                            "Rows Removed by Filter": 305142
                          }
                        ]
                      }
                    ]
                  },
                  {
                    "Node Type": "Index Only Scan",
                    "Parent Relationship": "Inner",
                    "Parallel Aware": false,
                    "Scan Direction": "Forward",
                    "Index Name": "movie_id_movie_info",
                    "Relation Name": "movie_info",
                    "Alias": "mi",
                    "Startup Cost": 0.43,
                    "Total Cost": 1.62,
                    "Plan Rows": 42,
                    "Plan Width": 4,
                    "Actual Startup Time": 0.002,
                    "Actual Total Time": 0.007,
                    "Actual Rows": 16,
                    "Actual Loops": 745028,
                    "Index Cond": "(movie_id = t.id)",
                    "Rows Removed by Index Recheck": 0,
                    "Heap Fetches": 12287173
                  }
                ]
              }
            ]
          }
        ]
      }
    ]
  },
  "Planning Time": 1.044,
  "Triggers": [],
  "Execution Time": 4471.894
}