[
  {
    "Plan": {
      "Node Type": "Aggregate",
      "Strategy": "Plain",
      "Partial Mode": "Finalize",
      "Parallel Aware": false,
      "Startup Cost": 15809.54,
      "Total Cost": 15809.55,
      "Plan Rows": 1,
      "Plan Width": 8,
      "Actual Startup Time": 21.922,
      "Actual Total Time": 26.399,
      "Actual Rows": 1,
      "Actual Loops": 1,
      "Plans": [
        {
          "Node Type": "Gather",
          "Parent Relationship": "Outer",
          "Parallel Aware": false,
          "Startup Cost": 15809.43,
          "Total Cost": 15809.54,
          "Plan Rows": 1,
          "Plan Width": 8,
          "Actual Startup Time": 21.835,
          "Actual Total Time": 26.394,
          "Actual Rows": 2,
          "Actual Loops": 1,
          "Workers Planned": 1,
          "Workers Launched": 1,
          "Single Copy": false,
          "Plans": [
            {
              "Node Type": "Aggregate",
              "Strategy": "Plain",
              "Partial Mode": "Partial",
              "Parent Relationship": "Outer",
              "Parallel Aware": false,
              "Startup Cost": 14809.43,
              "Total Cost": 14809.44,
              "Plan Rows": 1,
              "Plan Width": 8,
              "Actual Startup Time": 19.343,
              "Actual Total Time": 19.345,
              "Actual Rows": 1,
              "Actual Loops": 2,
              "Plans": [
                {
                  "Node Type": "Nested Loop",
                  "Parent Relationship": "Outer",
                  "Parallel Aware": false,
                  "Join Type": "Inner",
                  "Startup Cost": 61.19,
                  "Total Cost": 14808.1,
                  "Plan Rows": 531,
                  "Plan Width": 0,
                  "Actual Startup Time": 3.31,
                  "Actual Total Time": 19.324,
                  "Actual Rows": 91,
                  "Actual Loops": 2,
                  "Inner Unique": false,
                  "Plans": [
                    {
                      "Node Type": "Nested Loop",
                      "Parent Relationship": "Outer",
                      "Parallel Aware": false,
                      "Join Type": "Inner",
                      "Startup Cost": 60.76,
                      "Total Cost": 13557.84,
                      "Plan Rows": 784,
                      "Plan Width": 8,
                      "Actual Startup Time": 2.938,
                      "Actual Total Time": 11.811,
                      "Actual Rows": 738,
                      "Actual Loops": 2,
                      "Inner Unique": true,
                      "Plans": [
                        {
                          "Node Type": "Bitmap Heap Scan",
                          "Parent Relationship": "Outer",
                          "Parallel Aware": true,
                          "Relation Name": "movie_companies",
                          "Alias": "mc",
                          "Startup Cost": 60.33,
                          "Total Cost": 7205.55,
                          "Plan Rows": 784,
                          "Plan Width": 4,
                          "Actual Startup Time": 2.86,
                          "Actual Total Time": 5.07,
                          "Actual Rows": 738,
                          "Actual Loops": 2,
                          "Recheck Cond": "(company_id = 11339)",
                          "Rows Removed by Index Recheck": 0,
                          "Filter": "(company_type_id > 1)",
                          "Rows Removed by Filter": 697,
                          "Exact Heap Blocks": 1578,
                          "Lossy Heap Blocks": 0,
                          "Plans": [
                            {
                              "Node Type": "Bitmap Index Scan",
                              "Parent Relationship": "Outer",
                              "Parallel Aware": false,
                              "Index Name": "company_id_movie_companies",
                              "Startup Cost": 0.0,
                              "Total Cost": 60.0,
                              "Plan Rows": 2609,
                              "Plan Width": 0,
                              "Actual Startup Time": 1.927,
                              "Actual Total Time": 1.928,
                              "Actual Rows": 2869,
                              "Actual Loops": 1,
                              "Index Cond": "(company_id = 11339)"
                            }
                          ]
                        },
                        {
                          "Node Type": "Index Only Scan",
                          "Parent Relationship": "Inner",
                          "Parallel Aware": false,
                          "Scan Direction": "Forward",
                          "Index Name": "title_pkey",
                          "Relation Name": "title",
                          "Alias": "t",
                          "Startup Cost": 0.43,
                          "Total Cost": 8.1,
                          "Plan Rows": 1,
                          "Plan Width": 4,
                          "Actual Startup Time": 0.009,
                          "Actual Total Time": 0.009,
                          "Actual Rows": 1,
                          "Actual Loops": 1475,
                          "Index Cond": "(id = mc.movie_id)",
                          "Rows Removed by Index Recheck": 0,
                          "Heap Fetches": 1475
                        }
                      ]
                    },
                    {
                      "Node Type": "Index Scan",
                      "Parent Relationship": "Inner",
                      "Parallel Aware": false,
                      "Scan Direction": "Forward",
                      "Index Name": "movie_id_movie_keyword",
                      "Relation Name": "movie_keyword",
                      "Alias": "mk",
                      "Startup Cost": 0.43,
                      "Total Cost": 1.42,
                      "Plan Rows": 17,
                      "Plan Width": 4,
                      "Actual Startup Time": 0.01,
                      "Actual Total Time": 0.01,
                      "Actual Rows": 0,
                      "Actual Loops": 1475,
                      "Index Cond": "(movie_id = t.id)",
                      "Rows Removed by Index Recheck": 0,
                      "Filter": "(keyword_id < 2724)",
                      "Rows Removed by Filter": 0
                    }
                  ]
                }
              ]
            }
          ]
        }
      ]
    },
    "Planning Time": 0.864,
    "Triggers": [],
    "Execution Time": 26.465
  }
]