[
    {
        "Bao": {
            "Bao prediction": "NaN",
            "Bao recommended hint": "(no hint)"
        }
    },
    {
        "Plan": {
            "Node Type": "Aggregate",
            "Strategy": "Plain",
            "Partial Mode": "Finalize",
            "Parallel Aware": false,
            "Startup Cost": 117308.87,
            "Total Cost": 117308.88,
            "Plan Rows": 1,
            "Plan Width": 8,
            "Actual Startup Time": 281.987,
            "Actual Total Time": 301.067,
            "Actual Rows": 1,
            "Actual Loops": 1,
            "Output": [
                "count(*)"
            ],
            "Plans": [
                {
                    "Node Type": "Gather",
                    "Parent Relationship": "Outer",
                    "Parallel Aware": false,
                    "Startup Cost": 117308.45,
                    "Total Cost": 117308.86,
                    "Plan Rows": 4,
                    "Plan Width": 8,
                    "Actual Startup Time": 280.696,
                    "Actual Total Time": 301.058,
                    "Actual Rows": 5,
                    "Actual Loops": 1,
                    "Output": [
                        "(PARTIAL count(*))"
                    ],
                    "Workers Planned": 4,
                    "Workers Launched": 4,
                    "Single Copy": false,
                    "Plans": [
                        {
                            "Node Type": "Aggregate",
                            "Strategy": "Plain",
                            "Partial Mode": "Partial",
                            "Parent Relationship": "Outer",
                            "Parallel Aware": false,
                            "Startup Cost": 116308.45,
                            "Total Cost": 116308.46,
                            "Plan Rows": 1,
                            "Plan Width": 8,
                            "Actual Startup Time": 270.906,
                            "Actual Total Time": 270.91,
                            "Actual Rows": 1,
                            "Actual Loops": 5,
                            "Output": [
                                "PARTIAL count(*)"
                            ],
                            "Workers": [
                                {
                                    "Worker Number": 0,
                                    "Actual Startup Time": 268.114,
                                    "Actual Total Time": 268.117,
                                    "Actual Rows": 1,
                                    "Actual Loops": 1
                                },
                                {
                                    "Worker Number": 1,
                                    "Actual Startup Time": 268.76,
                                    "Actual Total Time": 268.764,
                                    "Actual Rows": 1,
                                    "Actual Loops": 1
                                },
                                {
                                    "Worker Number": 2,
                                    "Actual Startup Time": 268.648,
                                    "Actual Total Time": 268.652,
                                    "Actual Rows": 1,
                                    "Actual Loops": 1
                                },
                                {
                                    "Worker Number": 3,
                                    "Actual Startup Time": 268.886,
                                    "Actual Total Time": 268.889,
                                    "Actual Rows": 1,
                                    "Actual Loops": 1
                                }
                            ],
                            "Plans": [
                                {
                                    "Node Type": "Nested Loop",
                                    "Parent Relationship": "Outer",
                                    "Parallel Aware": false,
                                    "Join Type": "Inner",
                                    "Startup Cost": 26186.95,
                                    "Total Cost": 116199.56,
                                    "Plan Rows": 43555,
                                    "Plan Width": 0,
                                    "Actual Startup Time": 168.101,
                                    "Actual Total Time": 268.896,
                                    "Actual Rows": 36721,
                                    "Actual Loops": 5,
                                    "Inner Unique": false,
                                    "Workers": [
                                        {
                                            "Worker Number": 0,
                                            "Actual Startup Time": 165.334,
                                            "Actual Total Time": 266.38,
                                            "Actual Rows": 31204,
                                            "Actual Loops": 1
                                        },
                                        {
                                            "Worker Number": 1,
                                            "Actual Startup Time": 165.954,
                                            "Actual Total Time": 266.558,
                                            "Actual Rows": 24851,
                                            "Actual Loops": 1
                                        },
                                        {
                                            "Worker Number": 2,
                                            "Actual Startup Time": 165.835,
                                            "Actual Total Time": 266.778,
                                            "Actual Rows": 34054,
                                            "Actual Loops": 1
                                        },
                                        {
                                            "Worker Number": 3,
                                            "Actual Startup Time": 166.078,
                                            "Actual Total Time": 267.013,
                                            "Actual Rows": 34007,
                                            "Actual Loops": 1
                                        }
                                    ],
                                    "Plans": [
                                        {
                                            "Node Type": "Hash Join",
                                            "Parent Relationship": "Outer",
                                            "Parallel Aware": true,
                                            "Join Type": "Inner",
                                            "Startup Cost": 26186.52,
                                            "Total Cost": 72485.26,
                                            "Plan Rows": 24342,
                                            "Plan Width": 8,
                                            "Actual Startup Time": 159.95,
                                            "Actual Total Time": 206.503,
                                            "Actual Rows": 7966,
                                            "Actual Loops": 5,
                                            "Output": [
                                                "t.id",
                                                "mc.movie_id"
                                            ],
                                            "Inner Unique": false,
                                            "Hash Cond": "(t.id = mc.movie_id)",
                                            "Workers": [
                                                {
                                                    "Worker Number": 0,
                                                    "Actual Startup Time": 158.512,
                                                    "Actual Total Time": 201.887,
                                                    "Actual Rows": 7187,
                                                    "Actual Loops": 1
                                                },
                                                {
                                                    "Worker Number": 1,
                                                    "Actual Startup Time": 159.374,
                                                    "Actual Total Time": 201.167,
                                                    "Actual Rows": 4864,
                                                    "Actual Loops": 1
                                                },
                                                {
                                                    "Worker Number": 2,
                                                    "Actual Startup Time": 155.128,
                                                    "Actual Total Time": 201.278,
                                                    "Actual Rows": 7292,
                                                    "Actual Loops": 1
                                                },
                                                {
                                                    "Worker Number": 3,
                                                    "Actual Startup Time": 155.678,
                                                    "Actual Total Time": 201.909,
                                                    "Actual Rows": 7434,
                                                    "Actual Loops": 1
                                                }
                                            ],
                                            "Plans": [
                                                {
                                                    "Node Type": "Seq Scan",
                                                    "Parent Relationship": "Outer",
                                                    "Parallel Aware": true,
                                                    "Relation Name": "title",
                                                    "Schema": "public",
                                                    "Alias": "t",
                                                    "Startup Cost": 0.0,
                                                    "Total Cost": 43899.01,
                                                    "Plan Rows": 464242,
                                                    "Plan Width": 4,
                                                    "Actual Startup Time": 0.011,
                                                    "Actual Total Time": 73.076,
                                                    "Actual Rows": 373097,
                                                    "Actual Loops": 5,
                                                    "Output": [
                                                        "t.id",
                                                        "t.title",
                                                        "t.imdb_index",
                                                        "t.kind_id",
                                                        "t.production_year",
                                                        "t.imdb_id",
                                                        "t.phonetic_code",
                                                        "t.episode_of_id",
                                                        "t.season_nr",
                                                        "t.episode_nr",
                                                        "t.series_years",
                                                        "t.md5sum"
                                                    ],
                                                    "Filter": "(t.kind_id > 1)",
                                                    "Rows Removed by Filter": 132565,
                                                    "Workers": [
                                                        {
                                                            "Worker Number": 0,
                                                            "Actual Startup Time": 0.008,
                                                            "Actual Total Time": 72.2,
                                                            "Actual Rows": 380266,
                                                            "Actual Loops": 1
                                                        },
                                                        {
                                                            "Worker Number": 1,
                                                            "Actual Startup Time": 0.018,
                                                            "Actual Total Time": 75.015,
                                                            "Actual Rows": 252826,
                                                            "Actual Loops": 1
                                                        },
                                                        {
                                                            "Worker Number": 2,
                                                            "Actual Startup Time": 0.012,
                                                            "Actual Total Time": 72.141,
                                                            "Actual Rows": 366789,
                                                            "Actual Loops": 1
                                                        },
                                                        {
                                                            "Worker Number": 3,
                                                            "Actual Startup Time": 0.012,
                                                            "Actual Total Time": 72.302,
                                                            "Actual Rows": 368749,
                                                            "Actual Loops": 1
                                                        }
                                                    ]
                                                },
                                                {
                                                    "Node Type": "Hash",
                                                    "Parent Relationship": "Inner",
                                                    "Parallel Aware": true,
                                                    "Startup Cost": 25651.96,
                                                    "Total Cost": 25651.96,
                                                    "Plan Rows": 42765,
                                                    "Plan Width": 4,
                                                    "Actual Startup Time": 66.856,
                                                    "Actual Total Time": 66.858,
                                                    "Actual Rows": 52626,
                                                    "Actual Loops": 5,
                                                    "Output": [
                                                        "mc.movie_id"
                                                    ],
                                                    "Hash Buckets": 262144,
                                                    "Original Hash Buckets": 262144,
                                                    "Hash Batches": 1,
                                                    "Original Hash Batches": 1,
                                                    "Peak Memory Usage": 12448,
                                                    "Workers": [
                                                        {
                                                            "Worker Number": 0,
                                                            "Actual Startup Time": 65.389,
                                                            "Actual Total Time": 65.39,
                                                            "Actual Rows": 41303,
                                                            "Actual Loops": 1
                                                        },
                                                        {
                                                            "Worker Number": 1,
                                                            "Actual Startup Time": 65.802,
                                                            "Actual Total Time": 65.804,
                                                            "Actual Rows": 40191,
                                                            "Actual Loops": 1
                                                        },
                                                        {
                                                            "Worker Number": 2,
                                                            "Actual Startup Time": 65.863,
                                                            "Actual Total Time": 65.864,
                                                            "Actual Rows": 35475,
                                                            "Actual Loops": 1
                                                        },
                                                        {
                                                            "Worker Number": 3,
                                                            "Actual Startup Time": 66.14,
                                                            "Actual Total Time": 66.141,
                                                            "Actual Rows": 37701,
                                                            "Actual Loops": 1
                                                        }
                                                    ],
                                                    "Plans": [
                                                        {
                                                            "Node Type": "Bitmap Heap Scan",
                                                            "Parent Relationship": "Outer",
                                                            "Parallel Aware": true,
                                                            "Relation Name": "movie_companies",
                                                            "Schema": "public",
                                                            "Alias": "mc",
                                                            "Startup Cost": 5603.77,
                                                            "Total Cost": 25651.96,
                                                            "Plan Rows": 42765,
                                                            "Plan Width": 4,
                                                            "Actual Startup Time": 17.669,
                                                            "Actual Total Time": 46.017,
                                                            "Actual Rows": 52626,
                                                            "Actual Loops": 5,
                                                            "Output": [
                                                                "mc.movie_id"
                                                            ],
                                                            "Recheck Cond": "(mc.company_id > 98779)",
                                                            "Rows Removed by Index Recheck": 0,
                                                            "Filter": "(mc.company_type_id > 1)",
                                                            "Rows Removed by Filter": 0,
                                                            "Exact Heap Blocks": 1904,
                                                            "Lossy Heap Blocks": 0,
                                                            "Workers": [
                                                                {
                                                                    "Worker Number": 0,
                                                                    "Actual Startup Time": 16.21,
                                                                    "Actual Total Time": 45.498,
                                                                    "Actual Rows": 41303,
                                                                    "Actual Loops": 1
                                                                },
                                                                {
                                                                    "Worker Number": 1,
                                                                    "Actual Startup Time": 16.571,
                                                                    "Actual Total Time": 46.603,
                                                                    "Actual Rows": 40191,
                                                                    "Actual Loops": 1
                                                                },
                                                                {
                                                                    "Worker Number": 2,
                                                                    "Actual Startup Time": 16.827,
                                                                    "Actual Total Time": 45.863,
                                                                    "Actual Rows": 35475,
                                                                    "Actual Loops": 1
                                                                },
                                                                {
                                                                    "Worker Number": 3,
                                                                    "Actual Startup Time": 16.981,
                                                                    "Actual Total Time": 45.775,
                                                                    "Actual Rows": 37701,
                                                                    "Actual Loops": 1
                                                                }
                                                            ],
                                                            "Plans": [
                                                                {
                                                                    "Node Type": "Bitmap Index Scan",
                                                                    "Parent Relationship": "Outer",
                                                                    "Parallel Aware": false,
                                                                    "Index Name": "company_id_movie_companies",
                                                                    "Startup Cost": 0.0,
                                                                    "Total Cost": 5570.62,
                                                                    "Plan Rows": 260026,
                                                                    "Plan Width": 0,
                                                                    "Actual Startup Time": 20.707,
                                                                    "Actual Total Time": 20.708,
                                                                    "Actual Rows": 263128,
                                                                    "Actual Loops": 1,
                                                                    "Index Cond": "(mc.company_id > 98779)"
                                                                }
                                                            ]
                                                        }
                                                    ]
                                                }
                                            ]
                                        },
                                        {
                                            "Node Type": "Index Only Scan",
                                            "Parent Relationship": "Inner",
                                            "Parallel Aware": false,
                                            "Scan Direction": "Forward",
                                            "Index Name": "movie_id_movie_keyword",
                                            "Relation Name": "movie_keyword",
                                            "Schema": "public",
                                            "Alias": "mk",
                                            "Startup Cost": 0.43,
                                            "Total Cost": 1.34,
                                            "Plan Rows": 46,
                                            "Plan Width": 4,
                                            "Actual Startup Time": 0.006,
                                            "Actual Total Time": 0.007,
                                            "Actual Rows": 5,
                                            "Actual Loops": 39832,
                                            "Output": [
                                                "mk.movie_id"
                                            ],
                                            "Index Cond": "(mk.movie_id = t.id)",
                                            "Rows Removed by Index Recheck": 0,
                                            "Heap Fetches": 183604,
                                            "Workers": [
                                                {
                                                    "Worker Number": 0,
                                                    "Actual Startup Time": 0.008,
                                                    "Actual Total Time": 0.008,
                                                    "Actual Rows": 4,
                                                    "Actual Loops": 7187
                                                },
                                                {
                                                    "Worker Number": 1,
                                                    "Actual Startup Time": 0.011,
                                                    "Actual Total Time": 0.012,
                                                    "Actual Rows": 5,
                                                    "Actual Loops": 4864
                                                },
                                                {
                                                    "Worker Number": 2,
                                                    "Actual Startup Time": 0.008,
                                                    "Actual Total Time": 0.008,
                                                    "Actual Rows": 5,
                                                    "Actual Loops": 7292
                                                },
                                                {
                                                    "Worker Number": 3,
                                                    "Actual Startup Time": 0.007,
                                                    "Actual Total Time": 0.008,
                                                    "Actual Rows": 5,
                                                    "Actual Loops": 7434
                                                }
                                            ]
                                        }
                                    ]
                                }
                            ]
                        }
                    ]
                }
            ]
        },
        "Planning Time": 197.025,
        "Triggers": [],
        "Execution Time": 301.172
    }
]