[
    {
        "Bao": {
            "Bao prediction": 442.91,
            "Bao recommended hint": "(no hint)"
        }
    },
    {
        "Plan": {
            "Node Type": "Aggregate",
            "Strategy": "Plain",
            "Partial Mode": "Finalize",
            "Parallel Aware": false,
            "Startup Cost": 30796.32,
            "Total Cost": 30796.33,
            "Plan Rows": 1,
            "Plan Width": 8,
            "Actual Startup Time": 110.971,
            "Actual Total Time": 117.553,
            "Actual Rows": 1,
            "Actual Loops": 1,
            "Output": [
                "count(*)"
            ],
            "Plans": [
                {
                    "Node Type": "Gather",
                    "Parent Relationship": "Outer",
                    "Parallel Aware": false,
                    "Startup Cost": 30796.0,
                    "Total Cost": 30796.31,
                    "Plan Rows": 3,
                    "Plan Width": 8,
                    "Actual Startup Time": 110.902,
                    "Actual Total Time": 117.545,
                    "Actual Rows": 4,
                    "Actual Loops": 1,
                    "Output": [
                        "(PARTIAL count(*))"
                    ],
                    "Workers Planned": 3,
                    "Workers Launched": 3,
                    "Single Copy": false,
                    "Plans": [
                        {
                            "Node Type": "Aggregate",
                            "Strategy": "Plain",
                            "Partial Mode": "Partial",
                            "Parent Relationship": "Outer",
                            "Parallel Aware": false,
                            "Startup Cost": 29796.0,
                            "Total Cost": 29796.01,
                            "Plan Rows": 1,
                            "Plan Width": 8,
                            "Actual Startup Time": 103.144,
                            "Actual Total Time": 103.145,
                            "Actual Rows": 1,
                            "Actual Loops": 4,
                            "Output": [
                                "PARTIAL count(*)"
                            ],
                            "Workers": [
                                {
                                    "Worker Number": 0,
                                    "Actual Startup Time": 100.53,
                                    "Actual Total Time": 100.531,
                                    "Actual Rows": 1,
                                    "Actual Loops": 1
                                },
                                {
                                    "Worker Number": 1,
                                    "Actual Startup Time": 100.505,
                                    "Actual Total Time": 100.506,
                                    "Actual Rows": 1,
                                    "Actual Loops": 1
                                },
                                {
                                    "Worker Number": 2,
                                    "Actual Startup Time": 101.225,
                                    "Actual Total Time": 101.226,
                                    "Actual Rows": 1,
                                    "Actual Loops": 1
                                }
                            ],
                            "Plans": [
                                {
                                    "Node Type": "Seq Scan",
                                    "Parent Relationship": "Outer",
                                    "Parallel Aware": true,
                                    "Relation Name": "movie_companies",
                                    "Schema": "public",
                                    "Alias": "mc",
                                    "Startup Cost": 0.0,
                                    "Total Cost": 29310.68,
                                    "Plan Rows": 194127,
                                    "Plan Width": 0,
                                    "Actual Startup Time": 47.06,
                                    "Actual Total Time": 92.972,
                                    "Actual Rows": 150202,
                                    "Actual Loops": 4,
                                    "Output": [
                                        "id",
                                        "movie_id",
                                        "company_id",
                                        "company_type_id",
                                        "note"
                                    ],
                                    "Filter": "(mc.company_id > 67491)",
                                    "Rows Removed by Filter": 502081,
                                    "Workers": [
                                        {
                                            "Worker Number": 0,
                                            "Actual Startup Time": 44.43,
                                            "Actual Total Time": 90.592,
                                            "Actual Rows": 144515,
                                            "Actual Loops": 1
                                        },
                                        {
                                            "Worker Number": 1,
                                            "Actual Startup Time": 44.431,
                                            "Actual Total Time": 90.691,
                                            "Actual Rows": 142440,
                                            "Actual Loops": 1
                                        },
                                        {
                                            "Worker Number": 2,
                                            "Actual Startup Time": 45.153,
                                            "Actual Total Time": 91.618,
                                            "Actual Rows": 139401,
                                            "Actual Loops": 1
                                        }
                                    ]
                                }
                            ]
                        }
                    ]
                }
            ]
        },
        "Planning Time": 1272.295,
        "Triggers": [],
        "Execution Time": 117.639
    }
]