[
  {
    "Plan": {
      "Node Type": "Aggregate",
      "Strategy": "Plain",
      "Partial Mode": "Finalize",
      "Parallel Aware": false,
      "Startup Cost": 329452.71,
      "Total Cost": 329452.72,
      "Plan Rows": 1,
      "Plan Width": 8,
      "Actual Startup Time": 261.225,
      "Actual Total Time": 275.791,
      "Actual Rows": 1,
      "Actual Loops": 1,
      "Plans": [
        {
          "Node Type": "Gather",
          "Parent Relationship": "Outer",
          "Parallel Aware": false,
          "Startup Cost": 329452.08,
          "Total Cost": 329452.69,
          "Plan Rows": 6,
          "Plan Width": 8,
          "Actual Startup Time": 260.172,
          "Actual Total Time": 275.773,
          "Actual Rows": 7,
          "Actual Loops": 1,
          "Workers Planned": 6,
          "Workers Launched": 6,
          "Single Copy": false,
          "Plans": [
            {
              "Node Type": "Aggregate",
              "Strategy": "Plain",
              "Partial Mode": "Partial",
              "Parent Relationship": "Outer",
              "Parallel Aware": false,
              "Startup Cost": 328452.08,
              "Total Cost": 328452.09,
              "Plan Rows": 1,
              "Plan Width": 8,
              "Actual Startup Time": 249.654,
              "Actual Total Time": 249.657,
              "Actual Rows": 1,
              "Actual Loops": 7,
              "Plans": [
                {
                  "Node Type": "Bitmap Heap Scan",
                  "Parent Relationship": "Outer",
                  "Parallel Aware": true,
                  "Relation Name": "cast_info",
                  "Alias": "ci",
                  "Startup Cost": 68058.61,
                  "Total Cost": 327167.67,
                  "Plan Rows": 513764,
                  "Plan Width": 0,
                  "Actual Startup Time": 107.658,
                  "Actual Total Time": 223.717,
                  "Actual Rows": 454811,
                  "Actual Loops": 7,
                  "Recheck Cond": "(person_id < 308159)",
                  "Rows Removed by Index Recheck": 0,
                  "Exact Heap Blocks": 8262,
                  "Lossy Heap Blocks": 0,
                  "Plans": [
                    {
                      "Node Type": "Bitmap Index Scan",
                      "Parent Relationship": "Outer",
                      "Parallel Aware": false,
                      "Index Name": "person_id_cast_info",
                      "Startup Cost": 0.0,
                      "Total Cost": 67287.97,
                      "Plan Rows": 3082587,
                      "Plan Width": 0,
                      "Actual Startup Time": 112.068,
                      "Actual Total Time": 112.069,
                      "Actual Rows": 3183674,
                      "Actual Loops": 1,
                      "Index Cond": "(person_id < 308159)"
                    }
                  ]
                }
              ]
            }
          ]
        }
      ]
    },
    "Planning Time": 0.201,
    "Triggers": [],
    "Execution Time": 275.87
  }
]