[
  {
    "Plan": {
      "Node Type": "Aggregate",
      "Strategy": "Plain",
      "Partial Mode": "Finalize",
      "Parallel Aware": false,
      "Startup Cost": 82323.03,
      "Total Cost": 82323.04,
      "Plan Rows": 1,
      "Plan Width": 8,
      "Actual Startup Time": 301.779,
      "Actual Total Time": 317.904,
      "Actual Rows": 1,
      "Actual Loops": 1,
      "Plans": [
        {
          "Node Type": "Gather",
          "Parent Relationship": "Outer",
          "Parallel Aware": false,
          "Startup Cost": 82322.61,
          "Total Cost": 82323.02,
          "Plan Rows": 4,
          "Plan Width": 8,
          "Actual Startup Time": 299.405,
          "Actual Total Time": 317.893,
          "Actual Rows": 5,
          "Actual Loops": 1,
          "Workers Planned": 4,
          "Workers Launched": 4,
          "Single Copy": false,
          "Plans": [
            {
              "Node Type": "Aggregate",
              "Strategy": "Plain",
              "Partial Mode": "Partial",
              "Parent Relationship": "Outer",
              "Parallel Aware": false,
              "Startup Cost": 81322.61,
              "Total Cost": 81322.62,
              "Plan Rows": 1,
              "Plan Width": 8,
              "Actual Startup Time": 289.929,
              "Actual Total Time": 289.932,
              "Actual Rows": 1,
              "Actual Loops": 5,
              "Plans": [
                {
                  "Node Type": "Hash Join",
                  "Parent Relationship": "Outer",
                  "Parallel Aware": true,
                  "Join Type": "Inner",
                  "Startup Cost": 34683.23,
                  "Total Cost": 80816.01,
                  "Plan Rows": 202642,
                  "Plan Width": 0,
                  "Actual Startup Time": 112.846,
                  "Actual Total Time": 285.403,
                  "Actual Rows": 101546,
                  "Actual Loops": 5,
                  "Inner Unique": false,
                  "Hash Cond": "(t.id = mc.movie_id)",
                  "Plans": [
                    {
                      "Node Type": "Seq Scan",
                      "Parent Relationship": "Outer",
                      "Parallel Aware": true,
                      "Relation Name": "title",
                      "Alias": "t",
                      "Startup Cost": 0.0,
                      "Total Cost": 42318.73,
                      "Plan Rows": 632073,
                      "Plan Width": 4,
                      "Actual Startup Time": 0.011,
                      "Actual Total Time": 63.185,
                      "Actual Rows": 505662,
                      "Actual Loops": 5
                    },
                    {
                      "Node Type": "Hash",
                      "Parent Relationship": "Inner",
                      "Parallel Aware": true,
                      "Startup Cost": 31414.82,
                      "Total Cost": 31414.82,
                      "Plan Rows": 261473,
                      "Plan Width": 4,
                      "Actual Startup Time": 108.723,
                      "Actual Total Time": 108.724,
                      "Actual Rows": 101546,
                      "Actual Loops": 5,
                      "Hash Buckets": 1048576,
                      "Original Hash Buckets": 1048576,
                      "Hash Batches": 1,
                      "Original Hash Batches": 1,
                      "Peak Memory Usage": 28096,
                      "Plans": [
                        {
                          "Node Type": "Seq Scan",
                          "Parent Relationship": "Outer",
                          "Parallel Aware": true,
                          "Relation Name": "movie_companies",
                          "Alias": "mc",
                          "Startup Cost": 0.0,
                          "Total Cost": 31414.82,
                          "Plan Rows": 261473,
                          "Plan Width": 4,
                          "Actual Startup Time": 45.173,
                          "Actual Total Time": 73.21,
                          "Actual Rows": 101546,
                          "Actual Loops": 5,
                          "Filter": "((company_id < 15836) AND (company_type_id > 1))",
                          "Rows Removed by Filter": 420280
                        }
                      ]
                    }
                  ]
                }
              ]
            }
          ]
        }
      ]
    },
    "Planning Time": 0.621,
    "Triggers": [],
    "Execution Time": 317.982
  }
]