[
  {
    "Plan": {
      "Node Type": "Aggregate",
      "Strategy": "Plain",
      "Partial Mode": "Finalize",
      "Parallel Aware": false,
      "Startup Cost": 125927.14,
      "Total Cost": 125927.15,
      "Plan Rows": 1,
      "Plan Width": 8,
      "Actual Startup Time": 825.447,
      "Actual Total Time": 844.715,
      "Actual Rows": 1,
      "Actual Loops": 1,
      "Plans": [
        {
          "Node Type": "Gather",
          "Parent Relationship": "Outer",
          "Parallel Aware": false,
          "Startup Cost": 125926.82,
          "Total Cost": 125927.13,
          "Plan Rows": 3,
          "Plan Width": 8,
          "Actual Startup Time": 821.735,
          "Actual Total Time": 844.706,
          "Actual Rows": 4,
          "Actual Loops": 1,
          "Workers Planned": 3,
          "Workers Launched": 3,
          "Single Copy": false,
          "Plans": [
            {
              "Node Type": "Aggregate",
              "Strategy": "Plain",
              "Partial Mode": "Partial",
              "Parent Relationship": "Outer",
              "Parallel Aware": false,
              "Startup Cost": 124926.82,
              "Total Cost": 124926.83,
              "Plan Rows": 1,
              "Plan Width": 8,
              "Actual Startup Time": 810.013,
              "Actual Total Time": 810.019,
              "Actual Rows": 1,
              "Actual Loops": 4,
              "Plans": [
                {
                  "Node Type": "Hash Join",
                  "Parent Relationship": "Outer",
                  "Parallel Aware": true,
                  "Join Type": "Inner",
                  "Startup Cost": 96728.96,
                  "Total Cost": 124770.93,
                  "Plan Rows": 62355,
                  "Plan Width": 0,
                  "Actual Startup Time": 619.004,
                  "Actual Total Time": 781.559,
                  "Actual Rows": 589357,
                  "Actual Loops": 4,
                  "Inner Unique": false,
                  "Hash Cond": "(mk.movie_id = t.id)",
                  "Plans": [
                    {
                      "Node Type": "Bitmap Heap Scan",
                      "Parent Relationship": "Outer",
                      "Parallel Aware": true,
                      "Relation Name": "movie_keyword",
                      "Alias": "mk",
                      "Startup Cost": 13890.64,
                      "Total Cost": 40984.71,
                      "Plan Rows": 211205,
                      "Plan Width": 4,
                      "Actual Startup Time": 44.936,
                      "Actual Total Time": 106.562,
                      "Actual Rows": 166810,
                      "Actual Loops": 4,
                      "Recheck Cond": "(keyword_id < 521)",
                      "Rows Removed by Index Recheck": 0,
                      "Exact Heap Blocks": 4772,
                      "Lossy Heap Blocks": 0,
                      "Plans": [
                        {
                          "Node Type": "Bitmap Index Scan",
                          "Parent Relationship": "Outer",
                          "Parallel Aware": false,
                          "Index Name": "keyword_id_movie_keyword",
                          "Startup Cost": 0.0,
                          "Total Cost": 13726.96,
                          "Plan Rows": 654737,
                          "Plan Width": 0,
                          "Actual Startup Time": 41.238,
                          "Actual Total Time": 41.238,
                          "Actual Rows": 667241,
                          "Actual Loops": 1,
                          "Index Cond": "(keyword_id < 521)"
                        }
                      ]
                    },
                    {
                      "Node Type": "Hash",
                      "Parent Relationship": "Inner",
                      "Parallel Aware": true,
                      "Startup Cost": 80505.7,
                      "Total Cost": 80505.7,
                      "Plan Rows": 186609,
                      "Plan Width": 8,
                      "Actual Startup Time": 568.798,
                      "Actual Total Time": 568.801,
                      "Actual Rows": 256418,
                      "Actual Loops": 4,
                      "Hash Buckets": 1048576,
                      "Original Hash Buckets": 1048576,
                      "Hash Batches": 1,
                      "Original Hash Batches": 1,
                      "Peak Memory Usage": 48384,
                      "Plans": [
                        {
                          "Node Type": "Hash Join",
                          "Parent Relationship": "Outer",
                          "Parallel Aware": true,
                          "Join Type": "Inner",
                          "Startup Cost": 34424.64,
                          "Total Cost": 80505.7,
                          "Plan Rows": 186609,
                          "Plan Width": 8,
                          "Actual Startup Time": 175.752,
                          "Actual Total Time": 483.415,
                          "Actual Rows": 256418,
                          "Actual Loops": 4,
                          "Inner Unique": false,
                          "Hash Cond": "(t.id = mc.movie_id)",
                          "Plans": [
                            {
                              "Node Type": "Seq Scan",
                              "Parent Relationship": "Outer",
                              "Parallel Aware": true,
                              "Relation Name": "title",
                              "Alias": "t",
                              "Startup Cost": 0.0,
                              "Total Cost": 42318.73,
                              "Plan Rows": 632073,
                              "Plan Width": 4,
                              "Actual Startup Time": 0.01,
                              "Actual Total Time": 79.302,
                              "Actual Rows": 632078,
                              "Actual Loops": 4
                            },
                            {
                              "Node Type": "Hash",
                              "Parent Relationship": "Inner",
                              "Parallel Aware": true,
                              "Startup Cost": 31414.82,
                              "Total Cost": 31414.82,
                              "Plan Rows": 240786,
                              "Plan Width": 4,
                              "Actual Startup Time": 173.048,
                              "Actual Total Time": 173.049,
                              "Actual Rows": 256418,
                              "Actual Loops": 4,
                              "Hash Buckets": 1048576,
                              "Original Hash Buckets": 1048576,
                              "Hash Batches": 1,
                              "Original Hash Batches": 1,
                              "Peak Memory Usage": 48416,
                              "Plans": [
                                {
                                  "Node Type": "Seq Scan",
                                  "Parent Relationship": "Outer",
                                  "Parallel Aware": true,
                                  "Relation Name": "movie_companies",
                                  "Alias": "mc",
                                  "Startup Cost": 0.0,
                                  "Total Cost": 31414.82,
                                  "Plan Rows": 240786,
                                  "Plan Width": 4,
                                  "Actual Startup Time": 0.055,
                                  "Actual Total Time": 87.353,
                                  "Actual Rows": 256418,
                                  "Actual Loops": 4,
                                  "Filter": "((company_id < 14064) AND (company_type_id = 1))",
                                  "Rows Removed by Filter": 395864
                                }
                              ]
                            }
                          ]
                        }
                      ]
                    }
                  ]
                }
              ]
            }
          ]
        }
      ]
    },
    "Planning Time": 1.358,
    "Triggers": [],
    "Execution Time": 844.821
  }
]