[
    {
        "Bao": {
            "Bao prediction": "NaN",
            "Bao recommended hint": "(no hint)"
        }
    },
    {
        "Plan": {
            "Node Type": "Aggregate",
            "Strategy": "Plain",
            "Partial Mode": "Finalize",
            "Parallel Aware": false,
            "Startup Cost": 34276.38,
            "Total Cost": 34276.39,
            "Plan Rows": 1,
            "Plan Width": 8,
            "Actual Startup Time": 89.579,
            "Actual Total Time": 96.588,
            "Actual Rows": 1,
            "Actual Loops": 1,
            "Output": [
                "count(*)"
            ],
            "Plans": [
                {
                    "Node Type": "Gather",
                    "Parent Relationship": "Outer",
                    "Parallel Aware": false,
                    "Startup Cost": 34276.06,
                    "Total Cost": 34276.37,
                    "Plan Rows": 3,
                    "Plan Width": 8,
                    "Actual Startup Time": 89.356,
                    "Actual Total Time": 96.579,
                    "Actual Rows": 4,
                    "Actual Loops": 1,
                    "Output": [
                        "(PARTIAL count(*))"
                    ],
                    "Workers Planned": 3,
                    "Workers Launched": 3,
                    "Single Copy": false,
                    "Plans": [
                        {
                            "Node Type": "Aggregate",
                            "Strategy": "Plain",
                            "Partial Mode": "Partial",
                            "Parent Relationship": "Outer",
                            "Parallel Aware": false,
                            "Startup Cost": 33276.06,
                            "Total Cost": 33276.07,
                            "Plan Rows": 1,
                            "Plan Width": 8,
                            "Actual Startup Time": 80.928,
                            "Actual Total Time": 80.931,
                            "Actual Rows": 1,
                            "Actual Loops": 4,
                            "Output": [
                                "PARTIAL count(*)"
                            ],
                            "Workers": [
                                {
                                    "Worker Number": 0,
                                    "Actual Startup Time": 77.949,
                                    "Actual Total Time": 77.95,
                                    "Actual Rows": 1,
                                    "Actual Loops": 1
                                },
                                {
                                    "Worker Number": 1,
                                    "Actual Startup Time": 78.163,
                                    "Actual Total Time": 78.165,
                                    "Actual Rows": 1,
                                    "Actual Loops": 1
                                },
                                {
                                    "Worker Number": 2,
                                    "Actual Startup Time": 78.602,
                                    "Actual Total Time": 78.604,
                                    "Actual Rows": 1,
                                    "Actual Loops": 1
                                }
                            ],
                            "Plans": [
                                {
                                    "Node Type": "Bitmap Heap Scan",
                                    "Parent Relationship": "Outer",
                                    "Parallel Aware": true,
                                    "Relation Name": "movie_keyword",
                                    "Schema": "public",
                                    "Alias": "mk",
                                    "Startup Cost": 7184.02,
                                    "Total Cost": 33003.06,
                                    "Plan Rows": 109203,
                                    "Plan Width": 0,
                                    "Actual Startup Time": 15.624,
                                    "Actual Total Time": 76.104,
                                    "Actual Rows": 83908,
                                    "Actual Loops": 4,
                                    "Recheck Cond": "(mk.keyword_id > 49164)",
                                    "Rows Removed by Index Recheck": 0,
                                    "Exact Heap Blocks": 10527,
                                    "Lossy Heap Blocks": 0,
                                    "Workers": [
                                        {
                                            "Worker Number": 0,
                                            "Actual Startup Time": 12.812,
                                            "Actual Total Time": 73.565,
                                            "Actual Rows": 59020,
                                            "Actual Loops": 1
                                        },
                                        {
                                            "Worker Number": 1,
                                            "Actual Startup Time": 12.833,
                                            "Actual Total Time": 73.97,
                                            "Actual Rows": 56537,
                                            "Actual Loops": 1
                                        },
                                        {
                                            "Worker Number": 2,
                                            "Actual Startup Time": 13.48,
                                            "Actual Total Time": 74.256,
                                            "Actual Rows": 60916,
                                            "Actual Loops": 1
                                        }
                                    ],
                                    "Plans": [
                                        {
                                            "Node Type": "Bitmap Index Scan",
                                            "Parent Relationship": "Outer",
                                            "Parallel Aware": false,
                                            "Index Name": "keyword_id_movie_keyword",
                                            "Startup Cost": 0.0,
                                            "Total Cost": 7099.39,
                                            "Plan Rows": 338528,
                                            "Plan Width": 0,
                                            "Actual Startup Time": 20.144,
                                            "Actual Total Time": 20.145,
                                            "Actual Rows": 335634,
                                            "Actual Loops": 1,
                                            "Index Cond": "(mk.keyword_id > 49164)"
                                        }
                                    ]
                                }
                            ]
                        }
                    ]
                }
            ]
        },
        "Planning Time": 189.105,
        "Triggers": [],
        "Execution Time": 96.702
    }
]