{
  "Plan": {
    "Node Type": "Aggregate",
    "Strategy": "Plain",
    "Partial Mode": "Finalize",
    "Parallel Aware": false,
    "Startup Cost": 139905.73,
    "Total Cost": 139905.74,
    "Plan Rows": 1,
    "Plan Width": 8,
    "Actual Startup Time": 392.555,
    "Actual Total Time": 395.38,
    "Actual Rows": 1,
    "Actual Loops": 1,
    "Plans": [
      {
        "Node Type": "Gather",
        "Parent Relationship": "Outer",
        "Parallel Aware": false,
        "Startup Cost": 139905.62,
        "Total Cost": 139905.73,
        "Plan Rows": 1,
        "Plan Width": 8,
        "Actual Startup Time": 392.537,
        "Actual Total Time": 395.374,
        "Actual Rows": 2,
        "Actual Loops": 1,
        "Workers Planned": 1,
        "Workers Launched": 1,
        "Single Copy": false,
        "Plans": [
          {
            "Node Type": "Aggregate",
            "Strategy": "Plain",
            "Partial Mode": "Partial",
            "Parent Relationship": "Outer",
            "Parallel Aware": false,
            "Startup Cost": 138905.62,
            "Total Cost": 138905.63,
            "Plan Rows": 1,
            "Plan Width": 8,
            "Actual Startup Time": 381.921,
            "Actual Total Time": 381.923,
            "Actual Rows": 1,
            "Actual Loops": 2,
            "Plans": [
              {
                "Node Type": "Merge Join",
                "Parent Relationship": "Outer",
                "Parallel Aware": false,
                "Join Type": "Inner",
                "Startup Cost": 135407.05,
                "Total Cost": 138819.33,
                "Plan Rows": 34516,
                "Plan Width": 0,
                "Actual Startup Time": 318.41,
                "Actual Total Time": 381.504,
                "Actual Rows": 9724,
                "Actual Loops": 2,
                "Inner Unique": false,
                "Merge Cond": "(t.id = mc.movie_id)",
                "Plans": [
                  {
                    "Node Type": "Sort",
                    "Parent Relationship": "Outer",
                    "Parallel Aware": false,
                    "Startup Cost": 89096.23,
                    "Total Cost": 90071.61,
                    "Plan Rows": 390151,
                    "Plan Width": 4,
                    "Actual Startup Time": 193.529,
                    "Actual Total Time": 228.763,
                    "Actual Rows": 330796,
                    "Actual Loops": 2,
                    "Sort Key": [
                      "t.id"
                    ],
                    "Sort Method": "quicksort",
                    "Sort Space Used": 30427,
                    "Sort Space Type": "Memory",
                    "Workers": [
                      {
                        "Worker Number": 0,
                        "Sort Method": "quicksort",
                        "Sort Space Used": 25220,
                        "Sort Space Type": "Memory"
                      }
                    ],
                    "Plans": [
                      {
                        "Node Type": "Bitmap Heap Scan",
                        "Parent Relationship": "Outer",
                        "Parallel Aware": true,
                        "Relation Name": "title",
                        "Alias": "t",
                        "Startup Cost": 11988.66,
                        "Total Cost": 52863.55,
                        "Plan Rows": 390151,
                        "Plan Width": 4,
                        "Actual Startup Time": 38.722,
                        "Actual Total Time": 105.97,
                        "Actual Rows": 331412,
                        "Actual Loops": 2,
                        "Recheck Cond": "(kind_id = 1)",
                        "Rows Removed by Index Recheck": 0,
                        "Exact Heap Blocks": 7747,
                        "Lossy Heap Blocks": 0,
                        "Plans": [
                          {
                            "Node Type": "Bitmap Index Scan",
                            "Parent Relationship": "Outer",
                            "Parallel Aware": false,
                            "Index Name": "kind_id_title",
                            "Startup Cost": 0.0,
                            "Total Cost": 11822.85,
                            "Plan Rows": 663256,
                            "Plan Width": 0,
                            "Actual Startup Time": 41.992,
                            "Actual Total Time": 41.993,
                            "Actual Rows": 662825,
                            "Actual Loops": 1,
                            "Index Cond": "(kind_id = 1)"
                          }
                        ]
                      }
                    ]
                  },
                  {
                    "Node Type": "Sort",
                    "Parent Relationship": "Inner",
                    "Parallel Aware": false,
                    "Startup Cost": 46310.77,
                    "Total Cost": 46869.97,
                    "Plan Rows": 223677,
                    "Plan Width": 4,
                    "Actual Startup Time": 110.612,
                    "Actual Total Time": 119.005,
                    "Actual Rows": 223883,
                    "Actual Loops": 2,
                    "Sort Key": [
                      "mc.movie_id"
                    ],
                    "Sort Method": "quicksort",
                    "Sort Space Used": 16639,
                    "Sort Space Type": "Memory",
                    "Workers": [
                      {
                        "Worker Number": 0,
                        "Sort Method": "quicksort",
                        "Sort Space Used": 16639,
                        "Sort Space Type": "Memory"
                      }
                    ],
                    "Plans": [
                      {
                        "Node Type": "Bitmap Heap Scan",
                        "Parent Relationship": "Outer",
                        "Parallel Aware": false,
                        "Relation Name": "movie_companies",
                        "Alias": "mc",
                        "Startup Cost": 4849.93,
                        "Total Cost": 26435.89,
                        "Plan Rows": 223677,
                        "Plan Width": 4,
                        "Actual Startup Time": 12.616,
                        "Actual Total Time": 66.232,
                        "Actual Rows": 223883,
                        "Actual Loops": 2,
                        "Recheck Cond": "(company_id < 82)",
                        "Rows Removed by Index Recheck": 0,
                        "Exact Heap Blocks": 16416,
                        "Lossy Heap Blocks": 0,
                        "Plans": [
                          {
                            "Node Type": "Bitmap Index Scan",
                            "Parent Relationship": "Outer",
                            "Parallel Aware": false,
                            "Index Name": "company_id_movie_companies",
                            "Startup Cost": 0.0,
                            "Total Cost": 4794.01,
                            "Plan Rows": 223677,
                            "Plan Width": 0,
                            "Actual Startup Time": 10.555,
                            "Actual Total Time": 10.556,
                            "Actual Rows": 223883,
                            "Actual Loops": 2,
                            "Index Cond": "(company_id < 82)"
                          }
                        ]
                      }
                    ]
                  }
                ]
              }
            ]
          }
        ]
      }
    ]
  },
  "Planning Time": 0.735,
  "Triggers": [],
  "Execution Time": 399.21
}