[
  {
    "Plan": {
      "Node Type": "Aggregate",
      "Strategy": "Plain",
      "Partial Mode": "Finalize",
      "Parallel Aware": false,
      "Startup Cost": 106187.23,
      "Total Cost": 106187.24,
      "Plan Rows": 1,
      "Plan Width": 8,
      "Actual Startup Time": 421.45,
      "Actual Total Time": 441.264,
      "Actual Rows": 1,
      "Actual Loops": 1,
      "Plans": [
        {
          "Node Type": "Gather",
          "Parent Relationship": "Outer",
          "Parallel Aware": false,
          "Startup Cost": 106187.02,
          "Total Cost": 106187.23,
          "Plan Rows": 2,
          "Plan Width": 8,
          "Actual Startup Time": 419.867,
          "Actual Total Time": 441.255,
          "Actual Rows": 3,
          "Actual Loops": 1,
          "Workers Planned": 2,
          "Workers Launched": 2,
          "Single Copy": false,
          "Plans": [
            {
              "Node Type": "Aggregate",
              "Strategy": "Plain",
              "Partial Mode": "Partial",
              "Parent Relationship": "Outer",
              "Parallel Aware": false,
              "Startup Cost": 105187.02,
              "Total Cost": 105187.03,
              "Plan Rows": 1,
              "Plan Width": 8,
              "Actual Startup Time": 411.403,
              "Actual Total Time": 411.409,
              "Actual Rows": 1,
              "Actual Loops": 3,
              "Plans": [
                {
                  "Node Type": "Hash Join",
                  "Parent Relationship": "Outer",
                  "Parallel Aware": true,
                  "Join Type": "Inner",
                  "Startup Cost": 89161.06,
                  "Total Cost": 105106.46,
                  "Plan Rows": 32225,
                  "Plan Width": 0,
                  "Actual Startup Time": 338.491,
                  "Actual Total Time": 409.591,
                  "Actual Rows": 42621,
                  "Actual Loops": 3,
                  "Inner Unique": false,
                  "Hash Cond": "(mi_idx.movie_id = t.id)",
                  "Plans": [
                    {
                      "Node Type": "Seq Scan",
                      "Parent Relationship": "Outer",
                      "Parallel Aware": true,
                      "Relation Name": "movie_info_idx",
                      "Alias": "mi_idx",
                      "Startup Cost": 0.0,
                      "Total Cost": 13685.15,
                      "Plan Rows": 575015,
                      "Plan Width": 4,
                      "Actual Startup Time": 0.015,
                      "Actual Total Time": 34.723,
                      "Actual Rows": 460012,
                      "Actual Loops": 3
                    },
                    {
                      "Node Type": "Hash",
                      "Parent Relationship": "Inner",
                      "Parallel Aware": true,
                      "Startup Cost": 88589.71,
                      "Total Cost": 88589.71,
                      "Plan Rows": 45708,
                      "Plan Width": 8,
                      "Actual Startup Time": 332.231,
                      "Actual Total Time": 332.235,
                      "Actual Rows": 22932,
                      "Actual Loops": 3,
                      "Hash Buckets": 262144,
                      "Original Hash Buckets": 262144,
                      "Hash Batches": 1,
                      "Original Hash Batches": 1,
                      "Peak Memory Usage": 4800,
                      "Plans": [
                        {
                          "Node Type": "Hash Join",
                          "Parent Relationship": "Outer",
                          "Parallel Aware": true,
                          "Join Type": "Inner",
                          "Startup Cost": 45112.8,
                          "Total Cost": 88589.71,
                          "Plan Rows": 45708,
                          "Plan Width": 8,
                          "Actual Startup Time": 172.28,
                          "Actual Total Time": 325.949,
                          "Actual Rows": 22932,
                          "Actual Loops": 3,
                          "Inner Unique": true,
                          "Hash Cond": "(mk.movie_id = t.id)",
                          "Plans": [
                            {
                              "Node Type": "Seq Scan",
                              "Parent Relationship": "Outer",
                              "Parallel Aware": true,
                              "Relation Name": "movie_keyword",
                              "Alias": "mk",
                              "Startup Cost": 0.0,
                              "Total Cost": 42695.65,
                              "Plan Rows": 297621,
                              "Plan Width": 4,
                              "Actual Startup Time": 1.804,
                              "Actual Total Time": 113.96,
                              "Actual Rows": 301449,
                              "Actual Loops": 3,
                              "Filter": "(keyword_id > 20404)",
                              "Rows Removed by Filter": 1206528
                            },
                            {
                              "Node Type": "Hash",
                              "Parent Relationship": "Inner",
                              "Parallel Aware": true,
                              "Startup Cost": 43899.32,
                              "Total Cost": 43899.32,
                              "Plan Rows": 97078,
                              "Plan Width": 4,
                              "Actual Startup Time": 167.459,
                              "Actual Total Time": 167.461,
                              "Actual Rows": 130555,
                              "Actual Loops": 3,
                              "Hash Buckets": 524288,
                              "Original Hash Buckets": 524288,
                              "Hash Batches": 1,
                              "Original Hash Batches": 1,
                              "Peak Memory Usage": 19456,
                              "Plans": [
                                {
                                  "Node Type": "Seq Scan",
                                  "Parent Relationship": "Outer",
                                  "Parallel Aware": true,
                                  "Relation Name": "title",
                                  "Alias": "t",
                                  "Startup Cost": 0.0,
                                  "Total Cost": 43899.32,
                                  "Plan Rows": 97078,
                                  "Plan Width": 4,
                                  "Actual Startup Time": 0.036,
                                  "Actual Total Time": 117.375,
                                  "Actual Rows": 130555,
                                  "Actual Loops": 3,
                                  "Filter": "(production_year > 2010)",
                                  "Rows Removed by Filter": 712215
                                }
                              ]
                            }
                          ]
                        }
                      ]
                    }
                  ]
                }
              ]
            }
          ]
        }
      ]
    },
    "Planning Time": 1.324,
    "Triggers": [],
    "Execution Time": 441.347
  }
]