[
  {
    "Plan": {
      "Node Type": "Aggregate",
      "Strategy": "Plain",
      "Partial Mode": "Finalize",
      "Parallel Aware": false,
      "Startup Cost": 44722.45,
      "Total Cost": 44722.46,
      "Plan Rows": 1,
      "Plan Width": 8,
      "Actual Startup Time": 131.999,
      "Actual Total Time": 142.185,
      "Actual Rows": 1,
      "Actual Loops": 1,
      "Plans": [
        {
          "Node Type": "Gather",
          "Parent Relationship": "Outer",
          "Parallel Aware": false,
          "Startup Cost": 44722.13,
          "Total Cost": 44722.44,
          "Plan Rows": 3,
          "Plan Width": 8,
          "Actual Startup Time": 131.846,
          "Actual Total Time": 142.169,
          "Actual Rows": 4,
          "Actual Loops": 1,
          "Workers Planned": 3,
          "Workers Launched": 3,
          "Single Copy": false,
          "Plans": [
            {
              "Node Type": "Aggregate",
              "Strategy": "Plain",
              "Partial Mode": "Partial",
              "Parent Relationship": "Outer",
              "Parallel Aware": false,
              "Startup Cost": 43722.13,
              "Total Cost": 43722.14,
              "Plan Rows": 1,
              "Plan Width": 8,
              "Actual Startup Time": 128.264,
              "Actual Total Time": 128.265,
              "Actual Rows": 1,
              "Actual Loops": 4,
              "Plans": [
                {
                  "Node Type": "Seq Scan",
                  "Parent Relationship": "Outer",
                  "Parallel Aware": true,
                  "Relation Name": "movie_keyword",
                  "Alias": "mk",
                  "Startup Cost": 0.0,
                  "Total Cost": 42695.65,
                  "Plan Rows": 410590,
                  "Plan Width": 0,
                  "Actual Startup Time": 0.971,
                  "Actual Total Time": 111.899,
                  "Actual Rows": 317647,
                  "Actual Loops": 4,
                  "Filter": "(keyword_id > 14003)",
                  "Rows Removed by Filter": 813336
                }
              ]
            }
          ]
        }
      ]
    },
    "Planning Time": 0.069,
    "Triggers": [],
    "Execution Time": 142.213
  }
]