[
  {
    "Plan": {
      "Node Type": "Aggregate",
      "Strategy": "Plain",
      "Partial Mode": "Finalize",
      "Parallel Aware": false,
      "Startup Cost": 334997.17,
      "Total Cost": 334997.18,
      "Plan Rows": 1,
      "Plan Width": 8,
      "Actual Startup Time": 685.344,
      "Actual Total Time": 742.785,
      "Actual Rows": 1,
      "Actual Loops": 1,
      "Plans": [
        {
          "Node Type": "Gather",
          "Parent Relationship": "Outer",
          "Parallel Aware": false,
          "Startup Cost": 334996.55,
          "Total Cost": 334997.16,
          "Plan Rows": 6,
          "Plan Width": 8,
          "Actual Startup Time": 685.206,
          "Actual Total Time": 742.775,
          "Actual Rows": 7,
          "Actual Loops": 1,
          "Workers Planned": 6,
          "Workers Launched": 6,
          "Single Copy": false,
          "Plans": [
            {
              "Node Type": "Aggregate",
              "Strategy": "Plain",
              "Partial Mode": "Partial",
              "Parent Relationship": "Outer",
              "Parallel Aware": false,
              "Startup Cost": 333996.55,
              "Total Cost": 333996.56,
              "Plan Rows": 1,
              "Plan Width": 8,
              "Actual Startup Time": 676.865,
              "Actual Total Time": 676.866,
              "Actual Rows": 1,
              "Actual Loops": 7,
              "Plans": [
                {
                  "Node Type": "Seq Scan",
                  "Parent Relationship": "Outer",
                  "Parallel Aware": true,
                  "Relation Name": "cast_info",
                  "Alias": "ci",
                  "Startup Cost": 0.0,
                  "Total Cost": 328162.03,
                  "Plan Rows": 2333808,
                  "Plan Width": 0,
                  "Actual Startup Time": 252.35,
                  "Actual Total Time": 588.899,
                  "Actual Rows": 1995023,
                  "Actual Loops": 7,
                  "Filter": "(person_id > 2269233)",
                  "Rows Removed by Filter": 3182740
                }
              ]
            }
          ]
        }
      ]
    },
    "Planning Time": 0.2,
    "Triggers": [],
    "Execution Time": 742.86
  }
]