{
  "Plan": {
    "Node Type": "Aggregate",
    "Strategy": "Plain",
    "Partial Mode": "Finalize",
    "Parallel Aware": false,
    "Startup Cost": 130613.23,
    "Total Cost": 130613.24,
    "Plan Rows": 1,
    "Plan Width": 8,
    "Actual Startup Time": 497.891,
    "Actual Total Time": 516.443,
    "Actual Rows": 1,
    "Actual Loops": 1,
    "Plans": [
      {
        "Node Type": "Gather",
        "Parent Relationship": "Outer",
        "Parallel Aware": false,
        "Startup Cost": 130613.11,
        "Total Cost": 130613.22,
        "Plan Rows": 1,
        "Plan Width": 8,
        "Actual Startup Time": 496.982,
        "Actual Total Time": 516.437,
        "Actual Rows": 2,
        "Actual Loops": 1,
        "Workers Planned": 1,
        "Workers Launched": 1,
        "Single Copy": false,
        "Plans": [
          {
            "Node Type": "Aggregate",
            "Strategy": "Plain",
            "Partial Mode": "Partial",
            "Parent Relationship": "Outer",
            "Parallel Aware": false,
            "Startup Cost": 129613.11,
            "Total Cost": 129613.12,
            "Plan Rows": 1,
            "Plan Width": 8,
            "Actual Startup Time": 491.051,
            "Actual Total Time": 491.056,
            "Actual Rows": 1,
            "Actual Loops": 2,
            "Plans": [
              {
                "Node Type": "Nested Loop",
                "Parent Relationship": "Outer",
                "Parallel Aware": false,
                "Join Type": "Inner",
                "Startup Cost": 72379.26,
                "Total Cost": 129551.92,
                "Plan Rows": 24477,
                "Plan Width": 0,
                "Actual Startup Time": 228.759,
                "Actual Total Time": 485.942,
                "Actual Rows": 85400,
                "Actual Loops": 2,
                "Inner Unique": false,
                "Join Filter": "(t.id = mi_idx.movie_id)",
                "Rows Removed by Join Filter": 0,
                "Plans": [
                  {
                    "Node Type": "Hash Join",
                    "Parent Relationship": "Outer",
                    "Parallel Aware": true,
                    "Join Type": "Inner",
                    "Startup Cost": 72378.83,
                    "Total Cost": 101632.55,
                    "Plan Rows": 44843,
                    "Plan Width": 8,
                    "Actual Startup Time": 228.525,
                    "Actual Total Time": 363.876,
                    "Actual Rows": 46644,
                    "Actual Loops": 2,
                    "Inner Unique": true,
                    "Hash Cond": "(mk.movie_id = t.id)",
                    "Plans": [
                      {
                        "Node Type": "Bitmap Heap Scan",
                        "Parent Relationship": "Outer",
                        "Parallel Aware": true,
                        "Relation Name": "movie_keyword",
                        "Alias": "mk",
                        "Startup Cost": 11445.34,
                        "Total Cost": 39866.05,
                        "Plan Rows": 317336,
                        "Plan Width": 4,
                        "Actual Startup Time": 29.465,
                        "Actual Total Time": 104.288,
                        "Actual Rows": 277863,
                        "Actual Loops": 2,
                        "Recheck Cond": "(keyword_id < 398)",
                        "Rows Removed by Index Recheck": 0,
                        "Exact Heap Blocks": 15968,
                        "Lossy Heap Blocks": 0,
                        "Plans": [
                          {
                            "Node Type": "Bitmap Index Scan",
                            "Parent Relationship": "Outer",
                            "Parallel Aware": false,
                            "Index Name": "keyword_id_movie_keyword",
                            "Startup Cost": 0.0,
                            "Total Cost": 11310.47,
                            "Plan Rows": 539472,
                            "Plan Width": 0,
                            "Actual Startup Time": 25.857,
                            "Actual Total Time": 25.858,
                            "Actual Rows": 555726,
                            "Actual Loops": 1,
                            "Index Cond": "(keyword_id < 398)"
                          }
                        ]
                      },
                      {
                        "Node Type": "Hash",
                        "Parent Relationship": "Inner",
                        "Parallel Aware": true,
                        "Startup Cost": 58306.47,
                        "Total Cost": 58306.47,
                        "Plan Rows": 210162,
                        "Plan Width": 4,
                        "Actual Startup Time": 194.299,
                        "Actual Total Time": 194.3,
                        "Actual Rows": 151044,
                        "Actual Loops": 2,
                        "Hash Buckets": 524288,
                        "Original Hash Buckets": 524288,
                        "Hash Batches": 1,
                        "Original Hash Batches": 1,
                        "Peak Memory Usage": 15936,
                        "Plans": [
                          {
                            "Node Type": "Seq Scan",
                            "Parent Relationship": "Outer",
                            "Parallel Aware": true,
                            "Relation Name": "title",
                            "Alias": "t",
                            "Startup Cost": 0.0,
                            "Total Cost": 58306.47,
                            "Plan Rows": 210162,
                            "Plan Width": 4,
                            "Actual Startup Time": 0.069,
                            "Actual Total Time": 153.086,
                            "Actual Rows": 151044,
                            "Actual Loops": 2,
                            "Filter": "((kind_id < 7) AND (production_year > 2006))",
                            "Rows Removed by Filter": 1113112
                          }
                        ]
                      }
                    ]
                  },
                  {
                    "Node Type": "Index Only Scan",
                    "Parent Relationship": "Inner",
                    "Parallel Aware": false,
                    "Scan Direction": "Forward",
                    "Index Name": "movie_id_movie_info_idx",
                    "Relation Name": "movie_info_idx",
                    "Alias": "mi_idx",
                    "Startup Cost": 0.43,
                    "Total Cost": 0.59,
                    "Plan Rows": 3,
                    "Plan Width": 4,
                    "Actual Startup Time": 0.002,
                    "Actual Total Time": 0.002,
                    "Actual Rows": 2,
                    "Actual Loops": 93287,
                    "Index Cond": "(movie_id = mk.movie_id)",
                    "Rows Removed by Index Recheck": 0,
                    "Heap Fetches": 170800
                  }
                ]
              }
            ]
          }
        ]
      }
    ]
  },
  "Planning Time": 0.617,
  "Triggers": [],
  "Execution Time": 516.516
}