[
  {
    "Plan": {
      "Node Type": "Aggregate",
      "Strategy": "Plain",
      "Partial Mode": "Finalize",
      "Parallel Aware": false,
      "Startup Cost": 46394.56,
      "Total Cost": 46394.57,
      "Plan Rows": 1,
      "Plan Width": 8,
      "Actual Startup Time": 141.109,
      "Actual Total Time": 150.587,
      "Actual Rows": 1,
      "Actual Loops": 1,
      "Plans": [
        {
          "Node Type": "Gather",
          "Parent Relationship": "Outer",
          "Parallel Aware": false,
          "Startup Cost": 46394.24,
          "Total Cost": 46394.55,
          "Plan Rows": 3,
          "Plan Width": 8,
          "Actual Startup Time": 141.001,
          "Actual Total Time": 150.58,
          "Actual Rows": 4,
          "Actual Loops": 1,
          "Workers Planned": 3,
          "Workers Launched": 3,
          "Single Copy": false,
          "Plans": [
            {
              "Node Type": "Aggregate",
              "Strategy": "Plain",
              "Partial Mode": "Partial",
              "Parent Relationship": "Outer",
              "Parallel Aware": false,
              "Startup Cost": 45394.24,
              "Total Cost": 45394.25,
              "Plan Rows": 1,
              "Plan Width": 8,
              "Actual Startup Time": 137.883,
              "Actual Total Time": 137.884,
              "Actual Rows": 1,
              "Actual Loops": 4,
              "Plans": [
                {
                  "Node Type": "Seq Scan",
                  "Parent Relationship": "Outer",
                  "Parallel Aware": true,
                  "Relation Name": "movie_keyword",
                  "Alias": "mk",
                  "Startup Cost": 0.0,
                  "Total Cost": 42695.65,
                  "Plan Rows": 1079436,
                  "Plan Width": 0,
                  "Actual Startup Time": 0.089,
                  "Actual Total Time": 104.926,
                  "Actual Rows": 835726,
                  "Actual Loops": 4,
                  "Filter": "(keyword_id > 1398)",
                  "Rows Removed by Filter": 295256
                }
              ]
            }
          ]
        }
      ]
    },
    "Planning Time": 0.083,
    "Triggers": [],
    "Execution Time": 150.615
  }
]