[
  {
    "Plan": {
      "Node Type": "Aggregate",
      "Strategy": "Plain",
      "Partial Mode": "Finalize",
      "Parallel Aware": false,
      "Startup Cost": 33088.5,
      "Total Cost": 33088.51,
      "Plan Rows": 1,
      "Plan Width": 8,
      "Actual Startup Time": 97.954,
      "Actual Total Time": 105.743,
      "Actual Rows": 1,
      "Actual Loops": 1,
      "Plans": [
        {
          "Node Type": "Gather",
          "Parent Relationship": "Outer",
          "Parallel Aware": false,
          "Startup Cost": 33088.18,
          "Total Cost": 33088.49,
          "Plan Rows": 3,
          "Plan Width": 8,
          "Actual Startup Time": 97.846,
          "Actual Total Time": 105.734,
          "Actual Rows": 4,
          "Actual Loops": 1,
          "Workers Planned": 3,
          "Workers Launched": 3,
          "Single Copy": false,
          "Plans": [
            {
              "Node Type": "Aggregate",
              "Strategy": "Plain",
              "Partial Mode": "Partial",
              "Parent Relationship": "Outer",
              "Parallel Aware": false,
              "Startup Cost": 32088.18,
              "Total Cost": 32088.19,
              "Plan Rows": 1,
              "Plan Width": 8,
              "Actual Startup Time": 90.882,
              "Actual Total Time": 90.883,
              "Actual Rows": 1,
              "Actual Loops": 4,
              "Plans": [
                {
                  "Node Type": "Seq Scan",
                  "Parent Relationship": "Outer",
                  "Parallel Aware": true,
                  "Relation Name": "movie_companies",
                  "Alias": "mc",
                  "Startup Cost": 0.0,
                  "Total Cost": 31414.82,
                  "Plan Rows": 269345,
                  "Plan Width": 0,
                  "Actual Startup Time": 2.687,
                  "Actual Total Time": 82.828,
                  "Actual Rows": 157032,
                  "Actual Loops": 4,
                  "Filter": "((company_id > 3042) AND (company_type_id < 2))",
                  "Rows Removed by Filter": 495250
                }
              ]
            }
          ]
        }
      ]
    },
    "Planning Time": 0.203,
    "Triggers": [],
    "Execution Time": 105.797
  }
]