[
  {
    "Plan": {
      "Node Type": "Aggregate",
      "Strategy": "Plain",
      "Partial Mode": "Simple",
      "Parallel Aware": false,
      "Startup Cost": 21167.38,
      "Total Cost": 21167.39,
      "Plan Rows": 1,
      "Plan Width": 8,
      "Actual Startup Time": 29.793,
      "Actual Total Time": 29.794,
      "Actual Rows": 1,
      "Actual Loops": 1,
      "Plans": [
        {
          "Node Type": "Bitmap Heap Scan",
          "Parent Relationship": "Outer",
          "Parallel Aware": false,
          "Relation Name": "movie_companies",
          "Alias": "mc",
          "Startup Cost": 1406.2,
          "Total Cost": 21005.52,
          "Plan Rows": 64745,
          "Plan Width": 0,
          "Actual Startup Time": 5.566,
          "Actual Total Time": 25.185,
          "Actual Rows": 66787,
          "Actual Loops": 1,
          "Recheck Cond": "(company_id < 7)",
          "Rows Removed by Index Recheck": 0,
          "Exact Heap Blocks": 6015,
          "Lossy Heap Blocks": 0,
          "Plans": [
            {
              "Node Type": "Bitmap Index Scan",
              "Parent Relationship": "Outer",
              "Parallel Aware": false,
              "Index Name": "company_id_movie_companies",
              "Startup Cost": 0.0,
              "Total Cost": 1390.02,
              "Plan Rows": 64745,
              "Plan Width": 0,
              "Actual Startup Time": 4.009,
              "Actual Total Time": 4.009,
              "Actual Rows": 66787,
              "Actual Loops": 1,
              "Index Cond": "(company_id < 7)"
            }
          ]
        }
      ]
    },
    "Planning Time": 0.138,
    "Triggers": [],
    "Execution Time": 29.826
  }
]