[
    {
        "Bao": {
            "Bao prediction": "NaN",
            "Bao recommended hint": "(no hint)"
        }
    },
    {
        "Plan": {
            "Node Type": "Aggregate",
            "Strategy": "Plain",
            "Partial Mode": "Finalize",
            "Parallel Aware": false,
            "Startup Cost": 40943.51,
            "Total Cost": 40943.52,
            "Plan Rows": 1,
            "Plan Width": 8,
            "Actual Startup Time": 142.19,
            "Actual Total Time": 148.136,
            "Actual Rows": 1,
            "Actual Loops": 1,
            "Output": [
                "count(*)"
            ],
            "Plans": [
                {
                    "Node Type": "Gather",
                    "Parent Relationship": "Outer",
                    "Parallel Aware": false,
                    "Startup Cost": 40943.19,
                    "Total Cost": 40943.5,
                    "Plan Rows": 3,
                    "Plan Width": 8,
                    "Actual Startup Time": 141.863,
                    "Actual Total Time": 148.127,
                    "Actual Rows": 4,
                    "Actual Loops": 1,
                    "Output": [
                        "(PARTIAL count(*))"
                    ],
                    "Workers Planned": 3,
                    "Workers Launched": 3,
                    "Single Copy": false,
                    "Plans": [
                        {
                            "Node Type": "Aggregate",
                            "Strategy": "Plain",
                            "Partial Mode": "Partial",
                            "Parent Relationship": "Outer",
                            "Parallel Aware": false,
                            "Startup Cost": 39943.19,
                            "Total Cost": 39943.2,
                            "Plan Rows": 1,
                            "Plan Width": 8,
                            "Actual Startup Time": 132.968,
                            "Actual Total Time": 132.969,
                            "Actual Rows": 1,
                            "Actual Loops": 4,
                            "Output": [
                                "PARTIAL count(*)"
                            ],
                            "Workers": [
                                {
                                    "Worker Number": 0,
                                    "Actual Startup Time": 129.793,
                                    "Actual Total Time": 129.795,
                                    "Actual Rows": 1,
                                    "Actual Loops": 1
                                },
                                {
                                    "Worker Number": 1,
                                    "Actual Startup Time": 130.325,
                                    "Actual Total Time": 130.327,
                                    "Actual Rows": 1,
                                    "Actual Loops": 1
                                },
                                {
                                    "Worker Number": 2,
                                    "Actual Startup Time": 130.521,
                                    "Actual Total Time": 130.523,
                                    "Actual Rows": 1,
                                    "Actual Loops": 1
                                }
                            ],
                            "Plans": [
                                {
                                    "Node Type": "Bitmap Heap Scan",
                                    "Parent Relationship": "Outer",
                                    "Parallel Aware": true,
                                    "Relation Name": "movie_keyword",
                                    "Schema": "public",
                                    "Alias": "mk",
                                    "Startup Cost": 12612.28,
                                    "Total Cost": 39463.7,
                                    "Plan Rows": 191794,
                                    "Plan Width": 0,
                                    "Actual Startup Time": 51.775,
                                    "Actual Total Time": 124.666,
                                    "Actual Rows": 146986,
                                    "Actual Loops": 4,
                                    "Recheck Cond": "(mk.keyword_id > 31227)",
                                    "Rows Removed by Index Recheck": 0,
                                    "Exact Heap Blocks": 10845,
                                    "Lossy Heap Blocks": 0,
                                    "Workers": [
                                        {
                                            "Worker Number": 0,
                                            "Actual Startup Time": 48.777,
                                            "Actual Total Time": 122.682,
                                            "Actual Rows": 108906,
                                            "Actual Loops": 1
                                        },
                                        {
                                            "Worker Number": 1,
                                            "Actual Startup Time": 49.179,
                                            "Actual Total Time": 122.582,
                                            "Actual Rows": 86612,
                                            "Actual Loops": 1
                                        },
                                        {
                                            "Worker Number": 2,
                                            "Actual Startup Time": 49.417,
                                            "Actual Total Time": 122.829,
                                            "Actual Rows": 121085,
                                            "Actual Loops": 1
                                        }
                                    ],
                                    "Plans": [
                                        {
                                            "Node Type": "Bitmap Index Scan",
                                            "Parent Relationship": "Outer",
                                            "Parallel Aware": false,
                                            "Index Name": "keyword_id_movie_keyword",
                                            "Startup Cost": 0.0,
                                            "Total Cost": 12463.64,
                                            "Plan Rows": 594561,
                                            "Plan Width": 0,
                                            "Actual Startup Time": 56.337,
                                            "Actual Total Time": 56.338,
                                            "Actual Rows": 587943,
                                            "Actual Loops": 1,
                                            "Index Cond": "(mk.keyword_id > 31227)"
                                        }
                                    ]
                                }
                            ]
                        }
                    ]
                }
            ]
        },
        "Planning Time": 185.046,
        "Triggers": [],
        "Execution Time": 148.234
    }
]