[
  {
    "Plan": {
      "Node Type": "Aggregate",
      "Strategy": "Plain",
      "Partial Mode": "Finalize",
      "Parallel Aware": false,
      "Startup Cost": 83181.9,
      "Total Cost": 83181.91,
      "Plan Rows": 1,
      "Plan Width": 8,
      "Actual Startup Time": 433.962,
      "Actual Total Time": 449.869,
      "Actual Rows": 1,
      "Actual Loops": 1,
      "Plans": [
        {
          "Node Type": "Gather",
          "Parent Relationship": "Outer",
          "Parallel Aware": false,
          "Startup Cost": 83181.58,
          "Total Cost": 83181.89,
          "Plan Rows": 3,
          "Plan Width": 8,
          "Actual Startup Time": 427.574,
          "Actual Total Time": 449.861,
          "Actual Rows": 4,
          "Actual Loops": 1,
          "Workers Planned": 3,
          "Workers Launched": 3,
          "Single Copy": false,
          "Plans": [
            {
              "Node Type": "Aggregate",
              "Strategy": "Plain",
              "Partial Mode": "Partial",
              "Parent Relationship": "Outer",
              "Parallel Aware": false,
              "Startup Cost": 82181.58,
              "Total Cost": 82181.59,
              "Plan Rows": 1,
              "Plan Width": 8,
              "Actual Startup Time": 419.075,
              "Actual Total Time": 419.079,
              "Actual Rows": 1,
              "Actual Loops": 4,
              "Plans": [
                {
                  "Node Type": "Hash Join",
                  "Parent Relationship": "Outer",
                  "Parallel Aware": true,
                  "Join Type": "Inner",
                  "Startup Cost": 50340.15,
                  "Total Cost": 81995.13,
                  "Plan Rows": 74580,
                  "Plan Width": 0,
                  "Actual Startup Time": 325.618,
                  "Actual Total Time": 414.777,
                  "Actual Rows": 103790,
                  "Actual Loops": 4,
                  "Inner Unique": true,
                  "Hash Cond": "(mc.movie_id = t.id)",
                  "Plans": [
                    {
                      "Node Type": "Seq Scan",
                      "Parent Relationship": "Outer",
                      "Parallel Aware": true,
                      "Relation Name": "movie_companies",
                      "Alias": "mc",
                      "Startup Cost": 0.0,
                      "Total Cost": 31414.82,
                      "Plan Rows": 91492,
                      "Plan Width": 4,
                      "Actual Startup Time": 29.567,
                      "Actual Total Time": 61.416,
                      "Actual Rows": 137654,
                      "Actual Loops": 4,
                      "Filter": "((company_id > 71869) AND (company_type_id = 2))",
                      "Rows Removed by Filter": 514628
                    },
                    {
                      "Node Type": "Hash",
                      "Parent Relationship": "Inner",
                      "Parallel Aware": true,
                      "Startup Cost": 43899.32,
                      "Total Cost": 43899.32,
                      "Plan Rows": 515266,
                      "Plan Width": 4,
                      "Actual Startup Time": 291.686,
                      "Actual Total Time": 291.687,
                      "Actual Rows": 511681,
                      "Actual Loops": 4,
                      "Hash Buckets": 2097152,
                      "Original Hash Buckets": 2097152,
                      "Hash Batches": 1,
                      "Original Hash Batches": 1,
                      "Peak Memory Usage": 96512,
                      "Plans": [
                        {
                          "Node Type": "Seq Scan",
                          "Parent Relationship": "Outer",
                          "Parallel Aware": true,
                          "Relation Name": "title",
                          "Alias": "t",
                          "Startup Cost": 0.0,
                          "Total Cost": 43899.32,
                          "Plan Rows": 515266,
                          "Plan Width": 4,
                          "Actual Startup Time": 0.044,
                          "Actual Total Time": 111.748,
                          "Actual Rows": 511681,
                          "Actual Loops": 4,
                          "Filter": "(production_year > 1972)",
                          "Rows Removed by Filter": 120397
                        }
                      ]
                    }
                  ]
                }
              ]
            }
          ]
        }
      ]
    },
    "Planning Time": 0.223,
    "Triggers": [],
    "Execution Time": 449.936
  }
]