[
  {
    "Plan": {
      "Node Type": "Aggregate",
      "Strategy": "Plain",
      "Partial Mode": "Finalize",
      "Parallel Aware": false,
      "Startup Cost": 347062.25,
      "Total Cost": 347062.26,
      "Plan Rows": 1,
      "Plan Width": 8,
      "Actual Startup Time": 649.544,
      "Actual Total Time": 693.42,
      "Actual Rows": 1,
      "Actual Loops": 1,
      "Plans": [
        {
          "Node Type": "Gather",
          "Parent Relationship": "Outer",
          "Parallel Aware": false,
          "Startup Cost": 347061.62,
          "Total Cost": 347062.23,
          "Plan Rows": 6,
          "Plan Width": 8,
          "Actual Startup Time": 649.227,
          "Actual Total Time": 693.405,
          "Actual Rows": 7,
          "Actual Loops": 1,
          "Workers Planned": 6,
          "Workers Launched": 6,
          "Single Copy": false,
          "Plans": [
            {
              "Node Type": "Aggregate",
              "Strategy": "Plain",
              "Partial Mode": "Partial",
              "Parent Relationship": "Outer",
              "Parallel Aware": false,
              "Startup Cost": 346061.62,
              "Total Cost": 346061.64,
              "Plan Rows": 1,
              "Plan Width": 8,
              "Actual Startup Time": 641.821,
              "Actual Total Time": 641.822,
              "Actual Rows": 1,
              "Actual Loops": 7,
              "Plans": [
                {
                  "Node Type": "Seq Scan",
                  "Parent Relationship": "Outer",
                  "Parallel Aware": true,
                  "Relation Name": "cast_info",
                  "Alias": "ci",
                  "Startup Cost": 0.0,
                  "Total Cost": 343316.27,
                  "Plan Rows": 1098142,
                  "Plan Width": 0,
                  "Actual Startup Time": 365.835,
                  "Actual Total Time": 618.935,
                  "Actual Rows": 451515,
                  "Actual Loops": 7,
                  "Filter": "((person_id > 2835523) AND (role_id < 6))",
                  "Rows Removed by Filter": 4726249
                }
              ]
            }
          ]
        }
      ]
    },
    "Planning Time": 0.111,
    "Triggers": [],
    "Execution Time": 693.461
  }
]