[
  {
    "Plan": {
      "Node Type": "Aggregate",
      "Strategy": "Plain",
      "Partial Mode": "Finalize",
      "Parallel Aware": false,
      "Startup Cost": 346988.36,
      "Total Cost": 346988.38,
      "Plan Rows": 1,
      "Plan Width": 8,
      "Actual Startup Time": 642.338,
      "Actual Total Time": 701.334,
      "Actual Rows": 1,
      "Actual Loops": 1,
      "Plans": [
        {
          "Node Type": "Gather",
          "Parent Relationship": "Outer",
          "Parallel Aware": false,
          "Startup Cost": 346987.74,
          "Total Cost": 346988.35,
          "Plan Rows": 6,
          "Plan Width": 8,
          "Actual Startup Time": 642.189,
          "Actual Total Time": 701.323,
          "Actual Rows": 7,
          "Actual Loops": 1,
          "Workers Planned": 6,
          "Workers Launched": 6,
          "Single Copy": false,
          "Plans": [
            {
              "Node Type": "Aggregate",
              "Strategy": "Plain",
              "Partial Mode": "Partial",
              "Parent Relationship": "Outer",
              "Parallel Aware": false,
              "Startup Cost": 345987.74,
              "Total Cost": 345987.75,
              "Plan Rows": 1,
              "Plan Width": 8,
              "Actual Startup Time": 631.653,
              "Actual Total Time": 631.654,
              "Actual Rows": 1,
              "Actual Loops": 7,
              "Plans": [
                {
                  "Node Type": "Seq Scan",
                  "Parent Relationship": "Outer",
                  "Parallel Aware": true,
                  "Relation Name": "cast_info",
                  "Alias": "ci",
                  "Startup Cost": 0.0,
                  "Total Cost": 343257.03,
                  "Plan Rows": 1092284,
                  "Plan Width": 0,
                  "Actual Startup Time": 361.803,
                  "Actual Total Time": 611.76,
                  "Actual Rows": 451515,
                  "Actual Loops": 7,
                  "Filter": "((person_id > 2835523) AND (role_id < 6))",
                  "Rows Removed by Filter": 4726249
                }
              ]
            }
          ]
        }
      ]
    },
    "Planning Time": 0.245,
    "Triggers": [],
    "Execution Time": 701.406
  }
]