{
    "Plan": {
        "Node Type": "Aggregate",
        "Strategy": "Plain",
        "Partial Mode": "Simple",
        "Parallel Aware": false,
        "Startup Cost": 80008539000.36,
        "Total Cost": 80008539000.37,
        "Plan Rows": 1,
        "Plan Width": 64,
        "Actual Startup Time": 23020.173,
        "Actual Total Time": 23112.822,
        "Actual Rows": 1,
        "Actual Loops": 1,
        "Output": [
            "min((kt.kind)::text)",
            "min(t.title)"
        ],
        "Plans": [
            {
                "Node Type": "Nested Loop",
                "Parent Relationship": "Outer",
                "Parallel Aware": false,
                "Join Type": "Inner",
                "Startup Cost": 80008536901.43,
                "Total Cost": 80008539000.36,
                "Plan Rows": 1,
                "Plan Width": 27,
                "Actual Startup Time": 23020.167,
                "Actual Total Time": 23112.815,
                "Actual Rows": 0,
                "Actual Loops": 1,
                "Output": [
                    "kt.kind",
                    "t.title"
                ],
                "Inner Unique": true,
                "Plans": [
                    {
                        "Node Type": "Hash Join",
                        "Parent Relationship": "Outer",
                        "Parallel Aware": false,
                        "Join Type": "Inner",
                        "Startup Cost": 70008536901.29,
                        "Total Cost": 70008538994.6,
                        "Plan Rows": 1,
                        "Plan Width": 31,
                        "Actual Startup Time": 23020.165,
                        "Actual Total Time": 23112.811,
                        "Actual Rows": 0,
                        "Actual Loops": 1,
                        "Output": [
                            "mc.company_type_id",
                            "t.title",
                            "kt.kind"
                        ],
                        "Inner Unique": false,
                        "Hash Cond": "(mi.info_type_id = it1.id)",
                        "Plans": [
                            {
                                "Node Type": "Gather",
                                "Parent Relationship": "Outer",
                                "Parallel Aware": false,
                                "Startup Cost": 70008536898.87,
                                "Total Cost": 70008538992.08,
                                "Plan Rows": 23,
                                "Plan Width": 35,
                                "Actual Startup Time": 23020.12,
                                "Actual Total Time": 23112.76,
                                "Actual Rows": 0,
                                "Actual Loops": 1,
                                "Output": [
                                    "mc.company_type_id",
                                    "mi.info_type_id",
                                    "t.title",
                                    "kt.kind"
                                ],
                                "Workers Planned": 1,
                                "Workers Launched": 1,
                                "Single Copy": false,
                                "Plans": [
                                    {
                                        "Node Type": "Hash Join",
                                        "Parent Relationship": "Outer",
                                        "Parallel Aware": true,
                                        "Join Type": "Inner",
                                        "Startup Cost": 70008535898.87,
                                        "Total Cost": 70008537989.78,
                                        "Plan Rows": 14,
                                        "Plan Width": 35,
                                        "Actual Startup Time": 22902.867,
                                        "Actual Total Time": 22902.886,
                                        "Actual Rows": 0,
                                        "Actual Loops": 2,
                                        "Output": [
                                            "mc.company_type_id",
                                            "mi.info_type_id",
                                            "t.title",
                                            "kt.kind"
                                        ],
                                        "Inner Unique": false,
                                        "Hash Cond": "(t.id = mi.movie_id)",
                                        "Workers": [
                                            {
                                                "Worker Number": 0,
                                                "Actual Startup Time": 22801.736,
                                                "Actual Total Time": 22801.753,
                                                "Actual Rows": 0,
                                                "Actual Loops": 1
                                            }
                                        ],
                                        "Plans": [
                                            {
                                                "Node Type": "Merge Join",
                                                "Parent Relationship": "Outer",
                                                "Parallel Aware": false,
                                                "Join Type": "Inner",
                                                "Startup Cost": 70007618374.75,
                                                "Total Cost": 70007619150.44,
                                                "Plan Rows": 15942,
                                                "Plan Width": 47,
                                                "Actual Startup Time": 21376.226,
                                                "Actual Total Time": 21504.76,
                                                "Actual Rows": 53558,
                                                "Actual Loops": 2,
                                                "Output": [
                                                    "cc.movie_id",
                                                    "mc.movie_id",
                                                    "mc.company_type_id",
                                                    "mk.movie_id",
                                                    "t.title",
                                                    "t.id",
                                                    "kt.kind"
                                                ],
                                                "Inner Unique": false,
                                                "Merge Cond": "(cn.id = mc.company_id)",
                                                "Workers": [
                                                    {
                                                        "Worker Number": 0,
                                                        "Actual Startup Time": 21309.932,
                                                        "Actual Total Time": 21413.792,
                                                        "Actual Rows": 22722,
                                                        "Actual Loops": 1
                                                    }
                                                ],
                                                "Plans": [
                                                    {
                                                        "Node Type": "Sort",
                                                        "Parent Relationship": "Outer",
                                                        "Parallel Aware": false,
                                                        "Startup Cost": 10000008590.3,
                                                        "Total Cost": 10000008714.27,
                                                        "Plan Rows": 49589,
                                                        "Plan Width": 4,
                                                        "Actual Startup Time": 27.377,
                                                        "Actual Total Time": 32.689,
                                                        "Actual Rows": 42340,
                                                        "Actual Loops": 2,
                                                        "Output": [
                                                            "cn.id"
                                                        ],
                                                        "Sort Key": [
                                                            "cn.id"
                                                        ],
                                                        "Sort Method": "quicksort",
                                                        "Sort Space Used": 4194,
                                                        "Sort Space Type": "Memory",
                                                        "Workers": [
                                                            {
                                                                "Worker Number": 0,
                                                                "Actual Startup Time": 26.644,
                                                                "Actual Total Time": 29.629,
                                                                "Actual Rows": 28110,
                                                                "Actual Loops": 1
                                                            }
                                                        ],
                                                        "Plans": [
                                                            {
                                                                "Node Type": "Seq Scan",
                                                                "Parent Relationship": "Outer",
                                                                "Parallel Aware": true,
                                                                "Relation Name": "company_name",
                                                                "Schema": "public",
                                                                "Alias": "cn",
                                                                "Startup Cost": 10000000000.0,
                                                                "Total Cost": 10000004722.92,
                                                                "Plan Rows": 49589,
                                                                "Plan Width": 4,
                                                                "Actual Startup Time": 0.019,
                                                                "Actual Total Time": 16.988,
                                                                "Actual Rows": 42422,
                                                                "Actual Loops": 2,
                                                                "Output": [
                                                                    "cn.id"
                                                                ],
                                                                "Filter": "((cn.country_code)::text = '[us]'::text)",
                                                                "Rows Removed by Filter": 75077,
                                                                "Workers": [
                                                                    {
                                                                        "Worker Number": 0,
                                                                        "Actual Startup Time": 0.028,
                                                                        "Actual Total Time": 16.358,
                                                                        "Actual Rows": 28157,
                                                                        "Actual Loops": 1
                                                                    }
                                                                ]
                                                            }
                                                        ]
                                                    },
                                                    {
                                                        "Node Type": "Sort",
                                                        "Parent Relationship": "Inner",
                                                        "Parallel Aware": false,
                                                        "Startup Cost": 60007609775.2,
                                                        "Total Cost": 60007609964.08,
                                                        "Plan Rows": 75551,
                                                        "Plan Width": 51,
                                                        "Actual Startup Time": 21346.878,
                                                        "Actual Total Time": 21412.564,
                                                        "Actual Rows": 458836,
                                                        "Actual Loops": 2,
                                                        "Output": [
                                                            "cc.movie_id",
                                                            "mc.movie_id",
                                                            "mc.company_id",
                                                            "mc.company_type_id",
                                                            "mk.movie_id",
                                                            "t.title",
                                                            "t.id",
                                                            "kt.kind"
                                                        ],
                                                        "Sort Key": [
                                                            "mc.company_id"
                                                        ],
                                                        "Sort Method": "quicksort",
                                                        "Sort Space Used": 57701,
                                                        "Sort Space Type": "Memory",
                                                        "Workers": [
                                                            {
                                                                "Worker Number": 0,
                                                                "Actual Startup Time": 21280.131,
                                                                "Actual Total Time": 21338.405,
                                                                "Actual Rows": 458836,
                                                                "Actual Loops": 1
                                                            }
                                                        ],
                                                        "Plans": [
                                                            {
                                                                "Node Type": "Hash Join",
                                                                "Parent Relationship": "Outer",
                                                                "Parallel Aware": false,
                                                                "Join Type": "Inner",
                                                                "Startup Cost": 60007602576.89,
                                                                "Total Cost": 60007603653.62,
                                                                "Plan Rows": 75551,
                                                                "Plan Width": 51,
                                                                "Actual Startup Time": 21101.672,
                                                                "Actual Total Time": 21167.158,
                                                                "Actual Rows": 458836,
                                                                "Actual Loops": 2,
                                                                "Output": [
                                                                    "cc.movie_id",
                                                                    "mc.movie_id",
                                                                    "mc.company_id",
                                                                    "mc.company_type_id",
                                                                    "mk.movie_id",
                                                                    "t.title",
                                                                    "t.id",
                                                                    "kt.kind"
                                                                ],
                                                                "Inner Unique": false,
                                                                "Hash Cond": "(cct1.id = cc.status_id)",
                                                                "Workers": [
                                                                    {
                                                                        "Worker Number": 0,
                                                                        "Actual Startup Time": 21088.886,
                                                                        "Actual Total Time": 21140.579,
                                                                        "Actual Rows": 458836,
                                                                        "Actual Loops": 1
                                                                    }
                                                                ],
                                                                "Plans": [
                                                                    {
                                                                        "Node Type": "Index Scan",
                                                                        "Parent Relationship": "Outer",
                                                                        "Parallel Aware": false,
                                                                        "Scan Direction": "Forward",
                                                                        "Index Name": "comp_cast_type_pkey",
                                                                        "Relation Name": "comp_cast_type",
                                                                        "Schema": "public",
                                                                        "Alias": "cct1",
                                                                        "Startup Cost": 10000000000.13,
                                                                        "Total Cost": 10000000012.2,
                                                                        "Plan Rows": 1,
                                                                        "Plan Width": 4,
                                                                        "Actual Startup Time": 0.075,
                                                                        "Actual Total Time": 0.082,
                                                                        "Actual Rows": 1,
                                                                        "Actual Loops": 2,
                                                                        "Output": [
                                                                            "cct1.id",
                                                                            "cct1.kind"
                                                                        ],
                                                                        "Filter": "((cct1.kind)::text = 'complete+verified'::text)",
                                                                        "Rows Removed by Filter": 3,
                                                                        "Workers": [
                                                                            {
                                                                                "Worker Number": 0,
                                                                                "Actual Startup Time": 0.13,
                                                                                "Actual Total Time": 0.136,
                                                                                "Actual Rows": 1,
                                                                                "Actual Loops": 1
                                                                            }
                                                                        ]
                                                                    },
                                                                    {
                                                                        "Node Type": "Hash",
                                                                        "Parent Relationship": "Inner",
                                                                        "Parallel Aware": false,
                                                                        "Startup Cost": 50007598799.27,
                                                                        "Total Cost": 50007598799.27,
                                                                        "Plan Rows": 302199,
                                                                        "Plan Width": 55,
                                                                        "Actual Startup Time": 21099.805,
                                                                        "Actual Total Time": 21099.817,
                                                                        "Actual Rows": 2324841,
                                                                        "Actual Loops": 2,
                                                                        "Output": [
                                                                            "cc.movie_id",
                                                                            "cc.status_id",
                                                                            "mc.movie_id",
                                                                            "mc.company_id",
                                                                            "mc.company_type_id",
                                                                            "mk.movie_id",
                                                                            "t.title",
                                                                            "t.id",
                                                                            "kt.kind"
                                                                        ],
                                                                        "Hash Buckets": 4194304,
                                                                        "Original Hash Buckets": 524288,
                                                                        "Hash Batches": 1,
                                                                        "Original Hash Batches": 1,
                                                                        "Peak Memory Usage": 220913,
                                                                        "Workers": [
                                                                            {
                                                                                "Worker Number": 0,
                                                                                "Actual Startup Time": 21085.709,
                                                                                "Actual Total Time": 21085.72,
                                                                                "Actual Rows": 2324841,
                                                                                "Actual Loops": 1
                                                                            }
                                                                        ],
                                                                        "Plans": [
                                                                            {
                                                                                "Node Type": "Nested Loop",
                                                                                "Parent Relationship": "Outer",
                                                                                "Parallel Aware": false,
                                                                                "Join Type": "Inner",
                                                                                "Startup Cost": 50007460224.3,
                                                                                "Total Cost": 50007598799.27,
                                                                                "Plan Rows": 302199,
                                                                                "Plan Width": 55,
                                                                                "Actual Startup Time": 16596.771,
                                                                                "Actual Total Time": 20352.37,
                                                                                "Actual Rows": 2324841,
                                                                                "Actual Loops": 2,
                                                                                "Output": [
                                                                                    "cc.movie_id",
                                                                                    "cc.status_id",
                                                                                    "mc.movie_id",
                                                                                    "mc.company_id",
                                                                                    "mc.company_type_id",
                                                                                    "mk.movie_id",
                                                                                    "t.title",
                                                                                    "t.id",
                                                                                    "kt.kind"
                                                                                ],
                                                                                "Inner Unique": true,
                                                                                "Workers": [
                                                                                    {
                                                                                        "Worker Number": 0,
                                                                                        "Actual Startup Time": 16735.675,
                                                                                        "Actual Total Time": 20376.091,
                                                                                        "Actual Rows": 2324841,
                                                                                        "Actual Loops": 1
                                                                                    }
                                                                                ],
                                                                                "Plans": [
                                                                                    {
                                                                                        "Node Type": "Hash Join",
                                                                                        "Parent Relationship": "Outer",
                                                                                        "Parallel Aware": false,
                                                                                        "Join Type": "Inner",
                                                                                        "Startup Cost": 50007460223.88,
                                                                                        "Total Cost": 50007466199.27,
                                                                                        "Plan Rows": 302199,
                                                                                        "Plan Width": 59,
                                                                                        "Actual Startup Time": 16596.692,
                                                                                        "Actual Total Time": 17020.646,
                                                                                        "Actual Rows": 2324841,
                                                                                        "Actual Loops": 2,
                                                                                        "Output": [
                                                                                            "cc.movie_id",
                                                                                            "cc.status_id",
                                                                                            "mc.movie_id",
                                                                                            "mc.company_id",
                                                                                            "mc.company_type_id",
                                                                                            "mk.movie_id",
                                                                                            "mk.keyword_id",
                                                                                            "t.title",
                                                                                            "t.id",
                                                                                            "kt.kind"
                                                                                        ],
                                                                                        "Inner Unique": false,
                                                                                        "Hash Cond": "(cc.movie_id = t.id)",
                                                                                        "Workers": [
                                                                                            {
                                                                                                "Worker Number": 0,
                                                                                                "Actual Startup Time": 16735.555,
                                                                                                "Actual Total Time": 17144.972,
                                                                                                "Actual Rows": 2324841,
                                                                                                "Actual Loops": 1
                                                                                            }
                                                                                        ],
                                                                                        "Plans": [
                                                                                            {
                                                                                                "Node Type": "Index Scan",
                                                                                                "Parent Relationship": "Outer",
                                                                                                "Parallel Aware": false,
                                                                                                "Scan Direction": "Forward",
                                                                                                "Index Name": "status_id_complete_cast",
                                                                                                "Relation Name": "complete_cast",
                                                                                                "Schema": "public",
                                                                                                "Alias": "cc",
                                                                                                "Startup Cost": 10000000000.42,
                                                                                                "Total Cost": 10000005358.48,
                                                                                                "Plan Rows": 135086,
                                                                                                "Plan Width": 8,
                                                                                                "Actual Startup Time": 0.04,
                                                                                                "Actual Total Time": 19.152,
                                                                                                "Actual Rows": 135086,
                                                                                                "Actual Loops": 2,
                                                                                                "Output": [
                                                                                                    "cc.id",
                                                                                                    "cc.movie_id",
                                                                                                    "cc.subject_id",
                                                                                                    "cc.status_id"
                                                                                                ],
                                                                                                "Workers": [
                                                                                                    {
                                                                                                        "Worker Number": 0,
                                                                                                        "Actual Startup Time": 0.064,
                                                                                                        "Actual Total Time": 18.805,
                                                                                                        "Actual Rows": 135086,
                                                                                                        "Actual Loops": 1
                                                                                                    }
                                                                                                ]
                                                                                            },
                                                                                            {
                                                                                                "Node Type": "Hash",
                                                                                                "Parent Relationship": "Inner",
                                                                                                "Parallel Aware": false,
                                                                                                "Startup Cost": 40007457632.14,
                                                                                                "Total Cost": 40007457632.14,
                                                                                                "Plan Rows": 207305,
                                                                                                "Plan Width": 51,
                                                                                                "Actual Startup Time": 16595.722,
                                                                                                "Actual Total Time": 16595.731,
                                                                                                "Actual Rows": 6040414,
                                                                                                "Actual Loops": 2,
                                                                                                "Output": [
                                                                                                    "kt.kind",
                                                                                                    "t.title",
                                                                                                    "t.id",
                                                                                                    "mc.movie_id",
                                                                                                    "mc.company_id",
                                                                                                    "mc.company_type_id",
                                                                                                    "mk.movie_id",
                                                                                                    "mk.keyword_id"
                                                                                                ],
                                                                                                "Hash Buckets": 8388608,
                                                                                                "Original Hash Buckets": 262144,
                                                                                                "Hash Batches": 1,
                                                                                                "Original Hash Batches": 1,
                                                                                                "Peak Memory Usage": 533774,
                                                                                                "Workers": [
                                                                                                    {
                                                                                                        "Worker Number": 0,
                                                                                                        "Actual Startup Time": 16733.936,
                                                                                                        "Actual Total Time": 16733.943,
                                                                                                        "Actual Rows": 6040414,
                                                                                                        "Actual Loops": 1
                                                                                                    }
                                                                                                ],
                                                                                                "Plans": [
                                                                                                    {
                                                                                                        "Node Type": "Hash Join",
                                                                                                        "Parent Relationship": "Outer",
                                                                                                        "Parallel Aware": false,
                                                                                                        "Join Type": "Inner",
                                                                                                        "Startup Cost": 40000842942.95,
                                                                                                        "Total Cost": 40007457632.14,
                                                                                                        "Plan Rows": 207305,
                                                                                                        "Plan Width": 51,
                                                                                                        "Actual Startup Time": 12942.555,
                                                                                                        "Actual Total Time": 15041.547,
                                                                                                        "Actual Rows": 6040414,
                                                                                                        "Actual Loops": 2,
                                                                                                        "Output": [
                                                                                                            "kt.kind",
                                                                                                            "t.title",
                                                                                                            "t.id",
                                                                                                            "mc.movie_id",
                                                                                                            "mc.company_id",
                                                                                                            "mc.company_type_id",
                                                                                                            "mk.movie_id",
                                                                                                            "mk.keyword_id"
                                                                                                        ],
                                                                                                        "Inner Unique": true,
                                                                                                        "Hash Cond": "(t.kind_id = kt.id)",
                                                                                                        "Workers": [
                                                                                                            {
                                                                                                                "Worker Number": 0,
                                                                                                                "Actual Startup Time": 13056.535,
                                                                                                                "Actual Total Time": 15184.978,
                                                                                                                "Actual Rows": 6040414,
                                                                                                                "Actual Loops": 1
                                                                                                            }
                                                                                                        ],
                                                                                                        "Plans": [
                                                                                                            {
                                                                                                                "Node Type": "Hash Join",
                                                                                                                "Parent Relationship": "Outer",
                                                                                                                "Parallel Aware": false,
                                                                                                                "Join Type": "Inner",
                                                                                                                "Startup Cost": 30000842930.69,
                                                                                                                "Total Cost": 30007425676.15,
                                                                                                                "Plan Rows": 7579867,
                                                                                                                "Plan Width": 45,
                                                                                                                "Actual Startup Time": 11831.029,
                                                                                                                "Actual Total Time": 14190.123,
                                                                                                                "Actual Rows": 7258276,
                                                                                                                "Actual Loops": 2,
                                                                                                                "Output": [
                                                                                                                    "mc.movie_id",
                                                                                                                    "mc.company_id",
                                                                                                                    "mc.company_type_id",
                                                                                                                    "mk.movie_id",
                                                                                                                    "mk.keyword_id",
                                                                                                                    "t.title",
                                                                                                                    "t.kind_id",
                                                                                                                    "t.id"
                                                                                                                ],
                                                                                                                "Inner Unique": false,
                                                                                                                "Hash Cond": "(t.id = mk.movie_id)",
                                                                                                                "Workers": [
                                                                                                                    {
                                                                                                                        "Worker Number": 0,
                                                                                                                        "Actual Startup Time": 11961.266,
                                                                                                                        "Actual Total Time": 14325.676,
                                                                                                                        "Actual Rows": 7258276,
                                                                                                                        "Actual Loops": 1
                                                                                                                    }
                                                                                                                ],
                                                                                                                "Plans": [
                                                                                                                    {
                                                                                                                        "Node Type": "Index Scan",
                                                                                                                        "Parent Relationship": "Outer",
                                                                                                                        "Parallel Aware": false,
                                                                                                                        "Scan Direction": "Forward",
                                                                                                                        "Index Name": "title_pkey",
                                                                                                                        "Relation Name": "title",
                                                                                                                        "Schema": "public",
                                                                                                                        "Alias": "t",
                                                                                                                        "Startup Cost": 10000000000.43,
                                                                                                                        "Total Cost": 10000116662.9,
                                                                                                                        "Plan Rows": 785892,
                                                                                                                        "Plan Width": 25,
                                                                                                                        "Actual Startup Time": 0.058,
                                                                                                                        "Actual Total Time": 1271.723,
                                                                                                                        "Actual Rows": 784926,
                                                                                                                        "Actual Loops": 2,
                                                                                                                        "Output": [
                                                                                                                            "t.id",
                                                                                                                            "t.title",
                                                                                                                            "t.imdb_index",
                                                                                                                            "t.kind_id",
                                                                                                                            "t.production_year",
                                                                                                                            "t.imdb_id",
                                                                                                                            "t.phonetic_code",
                                                                                                                            "t.episode_of_id",
                                                                                                                            "t.season_nr",
                                                                                                                            "t.episode_nr",
                                                                                                                            "t.series_years",
                                                                                                                            "t.md5sum"
                                                                                                                        ],
                                                                                                                        "Filter": "(t.production_year > 2007)",
                                                                                                                        "Rows Removed by Filter": 1743386,
                                                                                                                        "Workers": [
                                                                                                                            {
                                                                                                                                "Worker Number": 0,
                                                                                                                                "Actual Startup Time": 0.085,
                                                                                                                                "Actual Total Time": 1268.05,
                                                                                                                                "Actual Rows": 784926,
                                                                                                                                "Actual Loops": 1
                                                                                                                            }
                                                                                                                        ]
                                                                                                                    },
                                                                                                                    {
                                                                                                                        "Node Type": "Hash",
                                                                                                                        "Parent Relationship": "Inner",
                                                                                                                        "Parallel Aware": false,
                                                                                                                        "Startup Cost": 20000538111.92,
                                                                                                                        "Total Cost": 20000538111.92,
                                                                                                                        "Plan Rows": 24385467,
                                                                                                                        "Plan Width": 20,
                                                                                                                        "Actual Startup Time": 11674.079,
                                                                                                                        "Actual Total Time": 11674.084,
                                                                                                                        "Actual Rows": 34863638,
                                                                                                                        "Actual Loops": 2,
                                                                                                                        "Output": [
                                                                                                                            "mc.movie_id",
                                                                                                                            "mc.company_id",
                                                                                                                            "mc.company_type_id",
                                                                                                                            "mk.movie_id",
                                                                                                                            "mk.keyword_id"
                                                                                                                        ],
                                                                                                                        "Hash Buckets": 67108864,
                                                                                                                        "Original Hash Buckets": 33554432,
                                                                                                                        "Hash Batches": 1,
                                                                                                                        "Original Hash Batches": 1,
                                                                                                                        "Peak Memory Usage": 2294708,
                                                                                                                        "Workers": [
                                                                                                                            {
                                                                                                                                "Worker Number": 0,
                                                                                                                                "Actual Startup Time": 11775.787,
                                                                                                                                "Actual Total Time": 11775.791,
                                                                                                                                "Actual Rows": 34863638,
                                                                                                                                "Actual Loops": 1
                                                                                                                            }
                                                                                                                        ],
                                                                                                                        "Plans": [
                                                                                                                            {
                                                                                                                                "Node Type": "Hash Join",
                                                                                                                                "Parent Relationship": "Outer",
                                                                                                                                "Parallel Aware": false,
                                                                                                                                "Join Type": "Inner",
                                                                                                                                "Startup Cost": 20000077495.84,
                                                                                                                                "Total Cost": 20000538111.92,
                                                                                                                                "Plan Rows": 24385467,
                                                                                                                                "Plan Width": 20,
                                                                                                                                "Actual Startup Time": 825.392,
                                                                                                                                "Actual Total Time": 5346.36,
                                                                                                                                "Actual Rows": 34863638,
                                                                                                                                "Actual Loops": 2,
                                                                                                                                "Output": [
                                                                                                                                    "mc.movie_id",
                                                                                                                                    "mc.company_id",
                                                                                                                                    "mc.company_type_id",
                                                                                                                                    "mk.movie_id",
                                                                                                                                    "mk.keyword_id"
                                                                                                                                ],
                                                                                                                                "Inner Unique": false,
                                                                                                                                "Hash Cond": "(mk.movie_id = mc.movie_id)",
                                                                                                                                "Workers": [
                                                                                                                                    {
                                                                                                                                        "Worker Number": 0,
                                                                                                                                        "Actual Startup Time": 893.973,
                                                                                                                                        "Actual Total Time": 5441.169,
                                                                                                                                        "Actual Rows": 34863638,
                                                                                                                                        "Actual Loops": 1
                                                                                                                                    }
                                                                                                                                ],
                                                                                                                                "Plans": [
                                                                                                                                    {
                                                                                                                                        "Node Type": "Index Scan",
                                                                                                                                        "Parent Relationship": "Outer",
                                                                                                                                        "Parallel Aware": false,
                                                                                                                                        "Scan Direction": "Forward",
                                                                                                                                        "Index Name": "movie_id_movie_keyword",
                                                                                                                                        "Relation Name": "movie_keyword",
                                                                                                                                        "Schema": "public",
                                                                                                                                        "Alias": "mk",
                                                                                                                                        "Startup Cost": 10000000000.43,
                                                                                                                                        "Total Cost": 10000177177.46,
                                                                                                                                        "Plan Rows": 4523930,
                                                                                                                                        "Plan Width": 8,
                                                                                                                                        "Actual Startup Time": 0.073,
                                                                                                                                        "Actual Total Time": 776.426,
                                                                                                                                        "Actual Rows": 4523930,
                                                                                                                                        "Actual Loops": 2,
                                                                                                                                        "Output": [
                                                                                                                                            "mk.id",
                                                                                                                                            "mk.movie_id",
                                                                                                                                            "mk.keyword_id"
                                                                                                                                        ],
                                                                                                                                        "Workers": [
                                                                                                                                            {
                                                                                                                                                "Worker Number": 0,
                                                                                                                                                "Actual Startup Time": 0.117,
                                                                                                                                                "Actual Total Time": 797.636,
                                                                                                                                                "Actual Rows": 4523930,
                                                                                                                                                "Actual Loops": 1
                                                                                                                                            }
                                                                                                                                        ]
                                                                                                                                    },
                                                                                                                                    {
                                                                                                                                        "Node Type": "Hash",
                                                                                                                                        "Parent Relationship": "Inner",
                                                                                                                                        "Parallel Aware": false,
                                                                                                                                        "Startup Cost": 10000044881.29,
                                                                                                                                        "Total Cost": 10000044881.29,
                                                                                                                                        "Plan Rows": 2609129,
                                                                                                                                        "Plan Width": 12,
                                                                                                                                        "Actual Startup Time": 811.699,
                                                                                                                                        "Actual Total Time": 811.7,
                                                                                                                                        "Actual Rows": 2609129,
                                                                                                                                        "Actual Loops": 2,
                                                                                                                                        "Output": [
                                                                                                                                            "mc.movie_id",
                                                                                                                                            "mc.company_id",
                                                                                                                                            "mc.company_type_id"
                                                                                                                                        ],
                                                                                                                                        "Hash Buckets": 4194304,
                                                                                                                                        "Original Hash Buckets": 4194304,
                                                                                                                                        "Hash Batches": 1,
                                                                                                                                        "Original Hash Batches": 1,
                                                                                                                                        "Peak Memory Usage": 144880,
                                                                                                                                        "Workers": [
                                                                                                                                            {
                                                                                                                                                "Worker Number": 0,
                                                                                                                                                "Actual Startup Time": 870.854,
                                                                                                                                                "Actual Total Time": 870.855,
                                                                                                                                                "Actual Rows": 2609129,
                                                                                                                                                "Actual Loops": 1
                                                                                                                                            }
                                                                                                                                        ],
                                                                                                                                        "Plans": [
                                                                                                                                            {
                                                                                                                                                "Node Type": "Seq Scan",
                                                                                                                                                "Parent Relationship": "Outer",
                                                                                                                                                "Parallel Aware": false,
                                                                                                                                                "Relation Name": "movie_companies",
                                                                                                                                                "Schema": "public",
                                                                                                                                                "Alias": "mc",
                                                                                                                                                "Startup Cost": 10000000000.0,
                                                                                                                                                "Total Cost": 10000044881.29,
                                                                                                                                                "Plan Rows": 2609129,
                                                                                                                                                "Plan Width": 12,
                                                                                                                                                "Actual Startup Time": 0.038,
                                                                                                                                                "Actual Total Time": 292.937,
                                                                                                                                                "Actual Rows": 2609129,
                                                                                                                                                "Actual Loops": 2,
                                                                                                                                                "Output": [
                                                                                                                                                    "mc.movie_id",
                                                                                                                                                    "mc.company_id",
                                                                                                                                                    "mc.company_type_id"
                                                                                                                                                ],
                                                                                                                                                "Workers": [
                                                                                                                                                    {
                                                                                                                                                        "Worker Number": 0,
                                                                                                                                                        "Actual Startup Time": 0.053,
                                                                                                                                                        "Actual Total Time": 294.846,
                                                                                                                                                        "Actual Rows": 2609129,
                                                                                                                                                        "Actual Loops": 1
                                                                                                                                                    }
                                                                                                                                                ]
                                                                                                                                            }
                                                                                                                                        ]
                                                                                                                                    }
                                                                                                                                ]
                                                                                                                            }
                                                                                                                        ]
                                                                                                                    }
                                                                                                                ]
                                                                                                            },
                                                                                                            {
                                                                                                                "Node Type": "Hash",
                                                                                                                "Parent Relationship": "Inner",
                                                                                                                "Parallel Aware": false,
                                                                                                                "Startup Cost": 10000000012.25,
                                                                                                                "Total Cost": 10000000012.25,
                                                                                                                "Plan Rows": 1,
                                                                                                                "Plan Width": 14,
                                                                                                                "Actual Startup Time": 0.084,
                                                                                                                "Actual Total Time": 0.085,
                                                                                                                "Actual Rows": 1,
                                                                                                                "Actual Loops": 2,
                                                                                                                "Output": [
                                                                                                                    "kt.kind",
                                                                                                                    "kt.id"
                                                                                                                ],
                                                                                                                "Hash Buckets": 1024,
                                                                                                                "Original Hash Buckets": 1024,
                                                                                                                "Hash Batches": 1,
                                                                                                                "Original Hash Batches": 1,
                                                                                                                "Peak Memory Usage": 9,
                                                                                                                "Workers": [
                                                                                                                    {
                                                                                                                        "Worker Number": 0,
                                                                                                                        "Actual Startup Time": 0.146,
                                                                                                                        "Actual Total Time": 0.147,
                                                                                                                        "Actual Rows": 1,
                                                                                                                        "Actual Loops": 1
                                                                                                                    }
                                                                                                                ],
                                                                                                                "Plans": [
                                                                                                                    {
                                                                                                                        "Node Type": "Index Scan",
                                                                                                                        "Parent Relationship": "Outer",
                                                                                                                        "Parallel Aware": false,
                                                                                                                        "Scan Direction": "Forward",
                                                                                                                        "Index Name": "kind_type_pkey",
                                                                                                                        "Relation Name": "kind_type",
                                                                                                                        "Schema": "public",
                                                                                                                        "Alias": "kt",
                                                                                                                        "Startup Cost": 10000000000.13,
                                                                                                                        "Total Cost": 10000000012.25,
                                                                                                                        "Plan Rows": 1,
                                                                                                                        "Plan Width": 14,
                                                                                                                        "Actual Startup Time": 0.074,
                                                                                                                        "Actual Total Time": 0.077,
                                                                                                                        "Actual Rows": 1,
                                                                                                                        "Actual Loops": 2,
                                                                                                                        "Output": [
                                                                                                                            "kt.kind",
                                                                                                                            "kt.id"
                                                                                                                        ],
                                                                                                                        "Filter": "((kt.kind)::text = 'movie'::text)",
                                                                                                                        "Rows Removed by Filter": 6,
                                                                                                                        "Workers": [
                                                                                                                            {
                                                                                                                                "Worker Number": 0,
                                                                                                                                "Actual Startup Time": 0.131,
                                                                                                                                "Actual Total Time": 0.135,
                                                                                                                                "Actual Rows": 1,
                                                                                                                                "Actual Loops": 1
                                                                                                                            }
                                                                                                                        ]
                                                                                                                    }
                                                                                                                ]
                                                                                                            }
                                                                                                        ]
                                                                                                    }
                                                                                                ]
                                                                                            }
                                                                                        ]
                                                                                    },
                                                                                    {
                                                                                        "Node Type": "Index Scan",
                                                                                        "Parent Relationship": "Inner",
                                                                                        "Parallel Aware": false,
                                                                                        "Scan Direction": "Forward",
                                                                                        "Index Name": "keyword_pkey",
                                                                                        "Relation Name": "keyword",
                                                                                        "Schema": "public",
                                                                                        "Alias": "k",
                                                                                        "Startup Cost": 0.42,
                                                                                        "Total Cost": 0.44,
                                                                                        "Plan Rows": 1,
                                                                                        "Plan Width": 4,
                                                                                        "Actual Startup Time": 0.001,
                                                                                        "Actual Total Time": 0.001,
                                                                                        "Actual Rows": 1,
                                                                                        "Actual Loops": 4649682,
                                                                                        "Output": [
                                                                                            "k.id",
                                                                                            "k.keyword",
                                                                                            "k.phonetic_code"
                                                                                        ],
                                                                                        "Index Cond": "(k.id = mk.keyword_id)",
                                                                                        "Rows Removed by Index Recheck": 0,
                                                                                        "Workers": [
                                                                                            {
                                                                                                "Worker Number": 0,
                                                                                                "Actual Startup Time": 0.001,
                                                                                                "Actual Total Time": 0.001,
                                                                                                "Actual Rows": 1,
                                                                                                "Actual Loops": 2324841
                                                                                            }
                                                                                        ]
                                                                                    }
                                                                                ]
                                                                            }
                                                                        ]
                                                                    }
                                                                ]
                                                            }
                                                        ]
                                                    }
                                                ]
                                            },
                                            {
                                                "Node Type": "Hash",
                                                "Parent Relationship": "Inner",
                                                "Parallel Aware": true,
                                                "Startup Cost": 917523.32,
                                                "Total Cost": 917523.32,
                                                "Plan Rows": 64,
                                                "Plan Width": 8,
                                                "Actual Startup Time": 1392.66,
                                                "Actual Total Time": 1392.66,
                                                "Actual Rows": 892,
                                                "Actual Loops": 2,
                                                "Output": [
                                                    "mi.movie_id",
                                                    "mi.info_type_id"
                                                ],
                                                "Hash Buckets": 1024,
                                                "Original Hash Buckets": 1024,
                                                "Hash Batches": 1,
                                                "Original Hash Batches": 1,
                                                "Peak Memory Usage": 104,
                                                "Workers": [
                                                    {
                                                        "Worker Number": 0,
                                                        "Actual Startup Time": 1386.048,
                                                        "Actual Total Time": 1386.049,
                                                        "Actual Rows": 711,
                                                        "Actual Loops": 1
                                                    }
                                                ],
                                                "Plans": [
                                                    {
                                                        "Node Type": "Index Scan",
                                                        "Parent Relationship": "Outer",
                                                        "Parallel Aware": true,
                                                        "Scan Direction": "Forward",
                                                        "Index Name": "info_type_id_movie_info",
                                                        "Relation Name": "movie_info",
                                                        "Schema": "public",
                                                        "Alias": "mi",
                                                        "Startup Cost": 0.43,
                                                        "Total Cost": 917523.32,
                                                        "Plan Rows": 64,
                                                        "Plan Width": 8,
                                                        "Actual Startup Time": 829.274,
                                                        "Actual Total Time": 1391.999,
                                                        "Actual Rows": 892,
                                                        "Actual Loops": 2,
                                                        "Output": [
                                                            "mi.movie_id",
                                                            "mi.info_type_id"
                                                        ],
                                                        "Filter": "((mi.info IS NOT NULL) AND (mi.note ~~ '%internet%'::text) AND ((mi.info ~~ 'USA:% 199%'::text) OR (mi.info ~~ 'USA:% 200%'::text)))",
                                                        "Rows Removed by Filter": 7416968,
                                                        "Workers": [
                                                            {
                                                                "Worker Number": 0,
                                                                "Actual Startup Time": 822.924,
                                                                "Actual Total Time": 1385.233,
                                                                "Actual Rows": 711,
                                                                "Actual Loops": 1
                                                            }
                                                        ]
                                                    }
                                                ]
                                            }
                                        ]
                                    }
                                ]
                            },
                            {
                                "Node Type": "Hash",
                                "Parent Relationship": "Inner",
                                "Parallel Aware": false,
                                "Startup Cost": 2.41,
                                "Total Cost": 2.41,
                                "Plan Rows": 1,
                                "Plan Width": 4,
                                "Actual Startup Time": 0.035,
                                "Actual Total Time": 0.037,
                                "Actual Rows": 1,
                                "Actual Loops": 1,
                                "Output": [
                                    "it1.id"
                                ],
                                "Hash Buckets": 1024,
                                "Original Hash Buckets": 1024,
                                "Hash Batches": 1,
                                "Original Hash Batches": 1,
                                "Peak Memory Usage": 9,
                                "Plans": [
                                    {
                                        "Node Type": "Seq Scan",
                                        "Parent Relationship": "Outer",
                                        "Parallel Aware": false,
                                        "Relation Name": "info_type",
                                        "Schema": "public",
                                        "Alias": "it1",
                                        "Startup Cost": 0.0,
                                        "Total Cost": 2.41,
                                        "Plan Rows": 1,
                                        "Plan Width": 4,
                                        "Actual Startup Time": 0.023,
                                        "Actual Total Time": 0.031,
                                        "Actual Rows": 1,
                                        "Actual Loops": 1,
                                        "Output": [
                                            "it1.id"
                                        ],
                                        "Filter": "((it1.info)::text = 'release dates'::text)",
                                        "Rows Removed by Filter": 112
                                    }
                                ]
                            }
                        ]
                    },
                    {
                        "Node Type": "Bitmap Heap Scan",
                        "Parent Relationship": "Inner",
                        "Parallel Aware": false,
                        "Relation Name": "company_type",
                        "Schema": "public",
                        "Alias": "ct",
                        "Startup Cost": 0.14,
                        "Total Cost": 4.15,
                        "Plan Rows": 1,
                        "Plan Width": 4,
                        "Actual Startup Time": 0.0,
                        "Actual Total Time": 0.0,
                        "Actual Rows": 0,
                        "Actual Loops": 0,
                        "Output": [
                            "ct.id",
                            "ct.kind"
                        ],
                        "Recheck Cond": "(ct.id = mc.company_type_id)",
                        "Rows Removed by Index Recheck": 0,
                        "Exact Heap Blocks": 0,
                        "Lossy Heap Blocks": 0,
                        "Plans": [
                            {
                                "Node Type": "Bitmap Index Scan",
                                "Parent Relationship": "Outer",
                                "Parallel Aware": false,
                                "Index Name": "company_type_pkey",
                                "Startup Cost": 0.0,
                                "Total Cost": 0.14,
                                "Plan Rows": 1,
                                "Plan Width": 0,
                                "Actual Startup Time": 0.0,
                                "Actual Total Time": 0.0,
                                "Actual Rows": 0,
                                "Actual Loops": 0,
                                "Index Cond": "(ct.id = mc.company_type_id)"
                            }
                        ]
                    }
                ]
            }
        ]
    },
    "Planning Time": 28.915,
    "Triggers": [],
    "Execution Time": 23352.348
}