[
  {
    "Plan": {
      "Node Type": "Gather",
      "Parallel Aware": false,
      "Startup Cost": 72587.74,
      "Total Cost": 172100.0,
      "Plan Rows": 525543,
      "Plan Width": 40,
      "Actual Startup Time": 184.311,
      "Actual Total Time": 576.638,
      "Actual Rows": 521808,
      "Actual Loops": 1,
      "Workers Planned": 4,
      "Workers Launched": 4,
      "Single Copy": false,
      "Plans": [
        {
          "Node Type": "Hash Join",
          "Parent Relationship": "Outer",
          "Parallel Aware": false,
          "Join Type": "Inner",
          "Startup Cost": 71587.74,
          "Total Cost": 118545.7,
          "Plan Rows": 131386,
          "Plan Width": 40,
          "Actual Startup Time": 173.919,
          "Actual Total Time": 494.983,
          "Actual Rows": 104362,
          "Actual Loops": 5,
          "Inner Unique": true,
          "Hash Cond": "(mc.company_type_id = ct.id)",
          "Plans": [
            {
              "Node Type": "Hash Join",
              "Parent Relationship": "Outer",
              "Parallel Aware": true,
              "Join Type": "Inner",
              "Startup Cost": 71586.65,
              "Total Cost": 117834.31,
              "Plan Rows": 131386,
              "Plan Width": 40,
              "Actual Startup Time": 173.443,
              "Actual Total Time": 473.625,
              "Actual Rows": 104362,
              "Actual Loops": 5,
              "Inner Unique": true,
              "Hash Cond": "(mc.company_id = cn.id)",
              "Plans": [
                {
                  "Node Type": "Hash Join",
                  "Parent Relationship": "Outer",
                  "Parallel Aware": true,
                  "Join Type": "Inner",
                  "Startup Cost": 65481.39,
                  "Total Cost": 111384.15,
                  "Plan Rows": 131386,
                  "Plan Width": 40,
                  "Actual Startup Time": 131.941,
                  "Actual Total Time": 401.785,
                  "Actual Rows": 104362,
                  "Actual Loops": 5,
                  "Inner Unique": false,
                  "Hash Cond": "(t.id = mc.movie_id)",
                  "Plans": [
                    {
                      "Node Type": "Seq Scan",
                      "Parent Relationship": "Outer",
                      "Parallel Aware": true,
                      "Relation Name": "title",
                      "Alias": "t",
                      "Startup Cost": 0.0,
                      "Total Cost": 42318.63,
                      "Plan Rows": 632063,
                      "Plan Width": 4,
                      "Actual Startup Time": 0.034,
                      "Actual Total Time": 96.95,
                      "Actual Rows": 505662,
                      "Actual Loops": 5
                    },
                    {
                      "Node Type": "Hash",
                      "Parent Relationship": "Inner",
                      "Parallel Aware": true,
                      "Startup Cost": 63362.26,
                      "Total Cost": 63362.26,
                      "Plan Rows": 169530,
                      "Plan Width": 40,
                      "Actual Startup Time": 130.234,
                      "Actual Total Time": 130.235,
                      "Actual Rows": 104362,
                      "Actual Loops": 5,
                      "Hash Buckets": 1048576,
                      "Original Hash Buckets": 1048576,
                      "Hash Batches": 1,
                      "Original Hash Batches": 1,
                      "Peak Memory Usage": 43040,
                      "Plans": [
                        {
                          "Node Type": "Index Scan",
                          "Parent Relationship": "Outer",
                          "Parallel Aware": true,
                          "Scan Direction": "Forward",
                          "Index Name": "company_id_movie_companies",
                          "Relation Name": "movie_companies",
                          "Alias": "mc",
                          "Startup Cost": 0.43,
                          "Total Cost": 63362.26,
                          "Plan Rows": 169530,
                          "Plan Width": 40,
                          "Actual Startup Time": 0.395,
                          "Actual Total Time": 67.594,
                          "Actual Rows": 104362,
                          "Actual Loops": 5,
                          "Index Cond": "(company_id < 476)",
                          "Rows Removed by Index Recheck": 0
                        }
                      ]
                    }
                  ]
                },
                {
                  "Node Type": "Hash",
                  "Parent Relationship": "Inner",
                  "Parallel Aware": true,
                  "Startup Cost": 4377.34,
                  "Total Cost": 4377.34,
                  "Plan Rows": 138234,
                  "Plan Width": 4,
                  "Actual Startup Time": 40.128,
                  "Actual Total Time": 40.129,
                  "Actual Rows": 46999,
                  "Actual Loops": 5,
                  "Hash Buckets": 262144,
                  "Original Hash Buckets": 262144,
                  "Hash Batches": 1,
                  "Original Hash Batches": 1,
                  "Peak Memory Usage": 11296,
                  "Plans": [
                    {
                      "Node Type": "Seq Scan",
                      "Parent Relationship": "Outer",
                      "Parallel Aware": true,
                      "Relation Name": "company_name",
                      "Alias": "cn",
                      "Startup Cost": 0.0,
                      "Total Cost": 4377.34,
                      "Plan Rows": 138234,
                      "Plan Width": 4,
                      "Actual Startup Time": 0.053,
                      "Actual Total Time": 15.848,
                      "Actual Rows": 46999,
                      "Actual Loops": 5
                    }
                  ]
                }
              ]
            },
            {
              "Node Type": "Hash",
              "Parent Relationship": "Inner",
              "Parallel Aware": false,
              "Startup Cost": 1.04,
              "Total Cost": 1.04,
              "Plan Rows": 4,
              "Plan Width": 4,
              "Actual Startup Time": 0.067,
              "Actual Total Time": 0.067,
              "Actual Rows": 4,
              "Actual Loops": 5,
              "Hash Buckets": 1024,
              "Original Hash Buckets": 1024,
              "Hash Batches": 1,
              "Original Hash Batches": 1,
              "Peak Memory Usage": 9,
              "Plans": [
                {
                  "Node Type": "Seq Scan",
                  "Parent Relationship": "Outer",
                  "Parallel Aware": false,
                  "Relation Name": "company_type",
                  "Alias": "ct",
                  "Startup Cost": 0.0,
                  "Total Cost": 1.04,
                  "Plan Rows": 4,
                  "Plan Width": 4,
                  "Actual Startup Time": 0.036,
                  "Actual Total Time": 0.039,
                  "Actual Rows": 4,
                  "Actual Loops": 5
                }
              ]
            }
          ]
        }
      ]
    },
    "Planning Time": 3.826,
    "Triggers": [],
    "Execution Time": 602.192
  }
]