[
  {
    "Plan": {
      "Node Type": "Gather",
      "Parallel Aware": false,
      "Startup Cost": 38536.16,
      "Total Cost": 138048.42,
      "Plan Rows": 525543,
      "Plan Width": 40,
      "Actual Startup Time": 193.471,
      "Actual Total Time": 587.215,
      "Actual Rows": 521808,
      "Actual Loops": 1,
      "Workers Planned": 4,
      "Workers Launched": 4,
      "Single Copy": false,
      "Plans": [
        {
          "Node Type": "Hash Join",
          "Parent Relationship": "Outer",
          "Parallel Aware": false,
          "Join Type": "Inner",
          "Startup Cost": 37536.16,
          "Total Cost": 84494.12,
          "Plan Rows": 131386,
          "Plan Width": 40,
          "Actual Startup Time": 183.824,
          "Actual Total Time": 504.197,
          "Actual Rows": 104362,
          "Actual Loops": 5,
          "Inner Unique": true,
          "Hash Cond": "(mc.company_type_id = ct.id)",
          "Plans": [
            {
              "Node Type": "Hash Join",
              "Parent Relationship": "Outer",
              "Parallel Aware": true,
              "Join Type": "Inner",
              "Startup Cost": 37535.07,
              "Total Cost": 83782.73,
              "Plan Rows": 131386,
              "Plan Width": 40,
              "Actual Startup Time": 183.214,
              "Actual Total Time": 482.678,
              "Actual Rows": 104362,
              "Actual Loops": 5,
              "Inner Unique": true,
              "Hash Cond": "(mc.company_id = cn.id)",
              "Plans": [
                {
                  "Node Type": "Hash Join",
                  "Parent Relationship": "Outer",
                  "Parallel Aware": true,
                  "Join Type": "Inner",
                  "Startup Cost": 31429.81,
                  "Total Cost": 77332.57,
                  "Plan Rows": 131386,
                  "Plan Width": 40,
                  "Actual Startup Time": 141.549,
                  "Actual Total Time": 410.58,
                  "Actual Rows": 104362,
                  "Actual Loops": 5,
                  "Inner Unique": false,
                  "Hash Cond": "(t.id = mc.movie_id)",
                  "Plans": [
                    {
                      "Node Type": "Seq Scan",
                      "Parent Relationship": "Outer",
                      "Parallel Aware": true,
                      "Relation Name": "title",
                      "Alias": "t",
                      "Startup Cost": 0.0,
                      "Total Cost": 42318.63,
                      "Plan Rows": 632063,
                      "Plan Width": 4,
                      "Actual Startup Time": 0.035,
                      "Actual Total Time": 97.096,
                      "Actual Rows": 505662,
                      "Actual Loops": 5
                    },
                    {
                      "Node Type": "Hash",
                      "Parent Relationship": "Inner",
                      "Parallel Aware": true,
                      "Startup Cost": 29310.68,
                      "Total Cost": 29310.68,
                      "Plan Rows": 169530,
                      "Plan Width": 40,
                      "Actual Startup Time": 139.928,
                      "Actual Total Time": 139.93,
                      "Actual Rows": 104362,
                      "Actual Loops": 5,
                      "Hash Buckets": 1048576,
                      "Original Hash Buckets": 1048576,
                      "Hash Batches": 1,
                      "Original Hash Batches": 1,
                      "Peak Memory Usage": 43072,
                      "Plans": [
                        {
                          "Node Type": "Seq Scan",
                          "Parent Relationship": "Outer",
                          "Parallel Aware": true,
                          "Relation Name": "movie_companies",
                          "Alias": "mc",
                          "Startup Cost": 0.0,
                          "Total Cost": 29310.68,
                          "Plan Rows": 169530,
                          "Plan Width": 40,
                          "Actual Startup Time": 0.036,
                          "Actual Total Time": 78.563,
                          "Actual Rows": 104362,
                          "Actual Loops": 5,
                          "Filter": "(company_id < 476)",
                          "Rows Removed by Filter": 417464
                        }
                      ]
                    }
                  ]
                },
                {
                  "Node Type": "Hash",
                  "Parent Relationship": "Inner",
                  "Parallel Aware": true,
                  "Startup Cost": 4377.34,
                  "Total Cost": 4377.34,
                  "Plan Rows": 138234,
                  "Plan Width": 4,
                  "Actual Startup Time": 40.326,
                  "Actual Total Time": 40.327,
                  "Actual Rows": 46999,
                  "Actual Loops": 5,
                  "Hash Buckets": 262144,
                  "Original Hash Buckets": 262144,
                  "Hash Batches": 1,
                  "Original Hash Batches": 1,
                  "Peak Memory Usage": 11328,
                  "Plans": [
                    {
                      "Node Type": "Seq Scan",
                      "Parent Relationship": "Outer",
                      "Parallel Aware": true,
                      "Relation Name": "company_name",
                      "Alias": "cn",
                      "Startup Cost": 0.0,
                      "Total Cost": 4377.34,
                      "Plan Rows": 138234,
                      "Plan Width": 4,
                      "Actual Startup Time": 0.059,
                      "Actual Total Time": 17.174,
                      "Actual Rows": 46999,
                      "Actual Loops": 5
                    }
                  ]
                }
              ]
            },
            {
              "Node Type": "Hash",
              "Parent Relationship": "Inner",
              "Parallel Aware": false,
              "Startup Cost": 1.04,
              "Total Cost": 1.04,
              "Plan Rows": 4,
              "Plan Width": 4,
              "Actual Startup Time": 0.067,
              "Actual Total Time": 0.067,
              "Actual Rows": 4,
              "Actual Loops": 5,
              "Hash Buckets": 1024,
              "Original Hash Buckets": 1024,
              "Hash Batches": 1,
              "Original Hash Batches": 1,
              "Peak Memory Usage": 9,
              "Plans": [
                {
                  "Node Type": "Seq Scan",
                  "Parent Relationship": "Outer",
                  "Parallel Aware": false,
                  "Relation Name": "company_type",
                  "Alias": "ct",
                  "Startup Cost": 0.0,
                  "Total Cost": 1.04,
                  "Plan Rows": 4,
                  "Plan Width": 4,
                  "Actual Startup Time": 0.037,
                  "Actual Total Time": 0.041,
                  "Actual Rows": 4,
                  "Actual Loops": 5
                }
              ]
            }
          ]
        }
      ]
    },
    "Planning Time": 3.901,
    "Triggers": [],
    "Execution Time": 612.823
  }
]