[
  {
    "Plan": {
      "Node Type": "Aggregate",
      "Strategy": "Plain",
      "Partial Mode": "Finalize",
      "Parallel Aware": false,
      "Startup Cost": 46541.18,
      "Total Cost": 46541.19,
      "Plan Rows": 1,
      "Plan Width": 8,
      "Actual Startup Time": 169.036,
      "Actual Total Time": 178.533,
      "Actual Rows": 1,
      "Actual Loops": 1,
      "Plans": [
        {
          "Node Type": "Gather",
          "Parent Relationship": "Outer",
          "Parallel Aware": false,
          "Startup Cost": 46540.86,
          "Total Cost": 46541.17,
          "Plan Rows": 3,
          "Plan Width": 8,
          "Actual Startup Time": 168.893,
          "Actual Total Time": 178.518,
          "Actual Rows": 4,
          "Actual Loops": 1,
          "Workers Planned": 3,
          "Workers Launched": 3,
          "Single Copy": false,
          "Plans": [
            {
              "Node Type": "Aggregate",
              "Strategy": "Plain",
              "Partial Mode": "Partial",
              "Parent Relationship": "Outer",
              "Parallel Aware": false,
              "Startup Cost": 45540.86,
              "Total Cost": 45540.87,
              "Plan Rows": 1,
              "Plan Width": 8,
              "Actual Startup Time": 161.303,
              "Actual Total Time": 161.305,
              "Actual Rows": 1,
              "Actual Loops": 4,
              "Plans": [
                {
                  "Node Type": "Seq Scan",
                  "Parent Relationship": "Outer",
                  "Parallel Aware": true,
                  "Relation Name": "movie_keyword",
                  "Alias": "mk",
                  "Startup Cost": 0.0,
                  "Total Cost": 42695.65,
                  "Plan Rows": 1138083,
                  "Plan Width": 0,
                  "Actual Startup Time": 0.132,
                  "Actual Total Time": 121.097,
                  "Actual Rows": 881075,
                  "Actual Loops": 4,
                  "Filter": "(keyword_id > 953)",
                  "Rows Removed by Filter": 249908
                }
              ]
            }
          ]
        }
      ]
    },
    "Planning Time": 0.151,
    "Triggers": [],
    "Execution Time": 178.583
  }
]