[
  {
    "Plan": {
      "Node Type": "Aggregate",
      "Strategy": "Plain",
      "Partial Mode": "Finalize",
      "Parallel Aware": false,
      "Startup Cost": 46540.09,
      "Total Cost": 46540.1,
      "Plan Rows": 1,
      "Plan Width": 8,
      "Actual Startup Time": 177.474,
      "Actual Total Time": 188.208,
      "Actual Rows": 1,
      "Actual Loops": 1,
      "Plans": [
        {
          "Node Type": "Gather",
          "Parent Relationship": "Outer",
          "Parallel Aware": false,
          "Startup Cost": 46539.78,
          "Total Cost": 46540.09,
          "Plan Rows": 3,
          "Plan Width": 8,
          "Actual Startup Time": 177.356,
          "Actual Total Time": 188.198,
          "Actual Rows": 4,
          "Actual Loops": 1,
          "Workers Planned": 3,
          "Workers Launched": 3,
          "Single Copy": false,
          "Plans": [
            {
              "Node Type": "Aggregate",
              "Strategy": "Plain",
              "Partial Mode": "Partial",
              "Parent Relationship": "Outer",
              "Parallel Aware": false,
              "Startup Cost": 45539.78,
              "Total Cost": 45539.79,
              "Plan Rows": 1,
              "Plan Width": 8,
              "Actual Startup Time": 169.042,
              "Actual Total Time": 169.043,
              "Actual Rows": 1,
              "Actual Loops": 4,
              "Plans": [
                {
                  "Node Type": "Seq Scan",
                  "Parent Relationship": "Outer",
                  "Parallel Aware": true,
                  "Relation Name": "movie_keyword",
                  "Alias": "mk",
                  "Startup Cost": 0.0,
                  "Total Cost": 42695.65,
                  "Plan Rows": 1137649,
                  "Plan Width": 0,
                  "Actual Startup Time": 0.149,
                  "Actual Total Time": 127.205,
                  "Actual Rows": 881075,
                  "Actual Loops": 4,
                  "Filter": "(keyword_id > 953)",
                  "Rows Removed by Filter": 249908
                }
              ]
            }
          ]
        }
      ]
    },
    "Planning Time": 0.158,
    "Triggers": [],
    "Execution Time": 188.268
  }
]