[
  {
    "Plan": {
      "Node Type": "Aggregate",
      "Strategy": "Plain",
      "Partial Mode": "Finalize",
      "Parallel Aware": false,
      "Startup Cost": 604620.89,
      "Total Cost": 604620.9,
      "Plan Rows": 1,
      "Plan Width": 8,
      "Actual Startup Time": 3859.825,
      "Actual Total Time": 3942.031,
      "Actual Rows": 1,
      "Actual Loops": 1,
      "Plans": [
        {
          "Node Type": "Gather",
          "Parent Relationship": "Outer",
          "Parallel Aware": false,
          "Startup Cost": 604620.26,
          "Total Cost": 604620.87,
          "Plan Rows": 6,
          "Plan Width": 8,
          "Actual Startup Time": 3839.769,
          "Actual Total Time": 3942.011,
          "Actual Rows": 7,
          "Actual Loops": 1,
          "Workers Planned": 6,
          "Workers Launched": 6,
          "Single Copy": false,
          "Plans": [
            {
              "Node Type": "Aggregate",
              "Strategy": "Plain",
              "Partial Mode": "Partial",
              "Parent Relationship": "Outer",
              "Parallel Aware": false,
              "Startup Cost": 603620.26,
              "Total Cost": 603620.27,
              "Plan Rows": 1,
              "Plan Width": 8,
              "Actual Startup Time": 3829.545,
              "Actual Total Time": 3830.207,
              "Actual Rows": 1,
              "Actual Loops": 7,
              "Plans": [
                {
                  "Node Type": "Hash Join",
                  "Parent Relationship": "Outer",
                  "Parallel Aware": true,
                  "Join Type": "Inner",
                  "Startup Cost": 253290.86,
                  "Total Cost": 598598.35,
                  "Plan Rows": 2008764,
                  "Plan Width": 0,
                  "Actual Startup Time": 889.787,
                  "Actual Total Time": 3521.959,
                  "Actual Rows": 6692950,
                  "Actual Loops": 7,
                  "Inner Unique": false,
                  "Hash Cond": "(ci.movie_id = t.id)",
                  "Plans": [
                    {
                      "Node Type": "Seq Scan",
                      "Parent Relationship": "Outer",
                      "Parallel Aware": true,
                      "Relation Name": "cast_info",
                      "Alias": "ci",
                      "Startup Cost": 0.0,
                      "Total Cost": 328211.39,
                      "Plan Rows": 3487619,
                      "Plan Width": 4,
                      "Actual Startup Time": 0.038,
                      "Actual Total Time": 601.2,
                      "Actual Rows": 3030356,
                      "Actual Loops": 7,
                      "Filter": "(person_id < 2144057)",
                      "Rows Removed by Filter": 2147408
                    },
                    {
                      "Node Type": "Hash",
                      "Parent Relationship": "Inner",
                      "Parallel Aware": true,
                      "Startup Cost": 249650.12,
                      "Total Cost": 249650.12,
                      "Plan Rows": 291259,
                      "Plan Width": 8,
                      "Actual Startup Time": 886.272,
                      "Actual Total Time": 886.932,
                      "Actual Rows": 426912,
                      "Actual Loops": 7,
                      "Hash Buckets": 4194304,
                      "Original Hash Buckets": 2097152,
                      "Hash Batches": 1,
                      "Original Hash Batches": 1,
                      "Peak Memory Usage": 166176,
                      "Plans": [
                        {
                          "Node Type": "Hash Join",
                          "Parent Relationship": "Outer",
                          "Parallel Aware": true,
                          "Join Type": "Inner",
                          "Startup Cost": 47406.0,
                          "Total Cost": 249650.12,
                          "Plan Rows": 291259,
                          "Plan Width": 8,
                          "Actual Startup Time": 127.503,
                          "Actual Total Time": 646.591,
                          "Actual Rows": 426912,
                          "Actual Loops": 7,
                          "Inner Unique": true,
                          "Hash Cond": "(mi.movie_id = t.id)",
                          "Plans": [
                            {
                              "Node Type": "Seq Scan",
                              "Parent Relationship": "Outer",
                              "Parallel Aware": true,
                              "Relation Name": "movie_info",
                              "Alias": "mi",
                              "Startup Cost": 0.0,
                              "Total Cost": 199108.24,
                              "Plan Rows": 1194621,
                              "Plan Width": 4,
                              "Actual Startup Time": 0.029,
                              "Actual Total Time": 313.495,
                              "Actual Rows": 840709,
                              "Actual Loops": 7,
                              "Filter": "(info_type_id < 7)",
                              "Rows Removed by Filter": 1278680
                            },
                            {
                              "Node Type": "Hash",
                              "Parent Relationship": "Inner",
                              "Parallel Aware": true,
                              "Startup Cost": 45479.59,
                              "Total Cost": 45479.59,
                              "Plan Rows": 154113,
                              "Plan Width": 4,
                              "Actual Startup Time": 114.905,
                              "Actual Total Time": 114.906,
                              "Actual Rows": 79676,
                              "Actual Loops": 7,
                              "Hash Buckets": 1048576,
                              "Original Hash Buckets": 1048576,
                              "Hash Batches": 1,
                              "Original Hash Batches": 1,
                              "Peak Memory Usage": 30080,
                              "Plans": [
                                {
                                  "Node Type": "Seq Scan",
                                  "Parent Relationship": "Outer",
                                  "Parallel Aware": true,
                                  "Relation Name": "title",
                                  "Alias": "t",
                                  "Startup Cost": 0.0,
                                  "Total Cost": 45479.59,
                                  "Plan Rows": 154113,
                                  "Plan Width": 4,
                                  "Actual Startup Time": 41.027,
                                  "Actual Total Time": 77.968,
                                  "Actual Rows": 79676,
                                  "Actual Loops": 7,
                                  "Filter": "((production_year > 1923) AND (kind_id = 1))",
                                  "Rows Removed by Filter": 281511
                                }
                              ]
                            }
                          ]
                        }
                      ]
                    }
                  ]
                }
              ]
            }
          ]
        }
      ]
    },
    "Planning Time": 0.493,
    "Triggers": [],
    "Execution Time": 3942.095
  }
]