[
    {
        "Bao": {
            "Bao prediction": "NaN",
            "Bao recommended hint": "(no hint)"
        }
    },
    {
        "Plan": {
            "Node Type": "Aggregate",
            "Strategy": "Plain",
            "Partial Mode": "Finalize",
            "Parallel Aware": false,
            "Startup Cost": 40205.85,
            "Total Cost": 40205.86,
            "Plan Rows": 1,
            "Plan Width": 8,
            "Actual Startup Time": 122.885,
            "Actual Total Time": 128.549,
            "Actual Rows": 1,
            "Actual Loops": 1,
            "Output": [
                "count(*)"
            ],
            "Plans": [
                {
                    "Node Type": "Gather",
                    "Parent Relationship": "Outer",
                    "Parallel Aware": false,
                    "Startup Cost": 40205.53,
                    "Total Cost": 40205.84,
                    "Plan Rows": 3,
                    "Plan Width": 8,
                    "Actual Startup Time": 122.562,
                    "Actual Total Time": 128.541,
                    "Actual Rows": 4,
                    "Actual Loops": 1,
                    "Output": [
                        "(PARTIAL count(*))"
                    ],
                    "Workers Planned": 3,
                    "Workers Launched": 3,
                    "Single Copy": false,
                    "Plans": [
                        {
                            "Node Type": "Aggregate",
                            "Strategy": "Plain",
                            "Partial Mode": "Partial",
                            "Parent Relationship": "Outer",
                            "Parallel Aware": false,
                            "Startup Cost": 39205.53,
                            "Total Cost": 39205.54,
                            "Plan Rows": 1,
                            "Plan Width": 8,
                            "Actual Startup Time": 114.147,
                            "Actual Total Time": 114.149,
                            "Actual Rows": 1,
                            "Actual Loops": 4,
                            "Output": [
                                "PARTIAL count(*)"
                            ],
                            "Workers": [
                                {
                                    "Worker Number": 0,
                                    "Actual Startup Time": 111.2,
                                    "Actual Total Time": 111.201,
                                    "Actual Rows": 1,
                                    "Actual Loops": 1
                                },
                                {
                                    "Worker Number": 1,
                                    "Actual Startup Time": 111.488,
                                    "Actual Total Time": 111.49,
                                    "Actual Rows": 1,
                                    "Actual Loops": 1
                                },
                                {
                                    "Worker Number": 2,
                                    "Actual Startup Time": 111.617,
                                    "Actual Total Time": 111.618,
                                    "Actual Rows": 1,
                                    "Actual Loops": 1
                                }
                            ],
                            "Plans": [
                                {
                                    "Node Type": "Bitmap Heap Scan",
                                    "Parent Relationship": "Outer",
                                    "Parallel Aware": true,
                                    "Relation Name": "movie_keyword",
                                    "Schema": "public",
                                    "Alias": "mk",
                                    "Startup Cost": 12012.1,
                                    "Total Cost": 38748.96,
                                    "Plan Rows": 182629,
                                    "Plan Width": 0,
                                    "Actual Startup Time": 31.319,
                                    "Actual Total Time": 105.941,
                                    "Actual Rows": 141820,
                                    "Actual Loops": 4,
                                    "Recheck Cond": "(mk.keyword_id < 402)",
                                    "Rows Removed by Index Recheck": 0,
                                    "Exact Heap Blocks": 10354,
                                    "Lossy Heap Blocks": 0,
                                    "Workers": [
                                        {
                                            "Worker Number": 0,
                                            "Actual Startup Time": 28.497,
                                            "Actual Total Time": 103.497,
                                            "Actual Rows": 86291,
                                            "Actual Loops": 1
                                        },
                                        {
                                            "Worker Number": 1,
                                            "Actual Startup Time": 28.834,
                                            "Actual Total Time": 103.911,
                                            "Actual Rows": 118868,
                                            "Actual Loops": 1
                                        },
                                        {
                                            "Worker Number": 2,
                                            "Actual Startup Time": 28.767,
                                            "Actual Total Time": 103.968,
                                            "Actual Rows": 120516,
                                            "Actual Loops": 1
                                        }
                                    ],
                                    "Plans": [
                                        {
                                            "Node Type": "Bitmap Index Scan",
                                            "Parent Relationship": "Outer",
                                            "Parallel Aware": false,
                                            "Index Name": "keyword_id_movie_keyword",
                                            "Startup Cost": 0.0,
                                            "Total Cost": 11870.56,
                                            "Plan Rows": 566150,
                                            "Plan Width": 0,
                                            "Actual Startup Time": 35.645,
                                            "Actual Total Time": 35.646,
                                            "Actual Rows": 567281,
                                            "Actual Loops": 1,
                                            "Index Cond": "(mk.keyword_id < 402)"
                                        }
                                    ]
                                }
                            ]
                        }
                    ]
                }
            ]
        },
        "Planning Time": 188.161,
        "Triggers": [],
        "Execution Time": 128.613
    }
]