[
    {
        "Bao": {
            "Bao prediction": "NaN",
            "Bao recommended hint": "(no hint)"
        }
    },
    {
        "Plan": {
            "Node Type": "Aggregate",
            "Strategy": "Plain",
            "Partial Mode": "Finalize",
            "Parallel Aware": false,
            "Startup Cost": 93774.57,
            "Total Cost": 93774.58,
            "Plan Rows": 1,
            "Plan Width": 8,
            "Actual Startup Time": 460.882,
            "Actual Total Time": 484.959,
            "Actual Rows": 1,
            "Actual Loops": 1,
            "Output": [
                "count(*)"
            ],
            "Plans": [
                {
                    "Node Type": "Gather",
                    "Parent Relationship": "Outer",
                    "Parallel Aware": false,
                    "Startup Cost": 93774.15,
                    "Total Cost": 93774.56,
                    "Plan Rows": 4,
                    "Plan Width": 8,
                    "Actual Startup Time": 457.615,
                    "Actual Total Time": 484.951,
                    "Actual Rows": 5,
                    "Actual Loops": 1,
                    "Output": [
                        "(PARTIAL count(*))"
                    ],
                    "Workers Planned": 4,
                    "Workers Launched": 4,
                    "Single Copy": false,
                    "Plans": [
                        {
                            "Node Type": "Aggregate",
                            "Strategy": "Plain",
                            "Partial Mode": "Partial",
                            "Parent Relationship": "Outer",
                            "Parallel Aware": false,
                            "Startup Cost": 92774.15,
                            "Total Cost": 92774.16,
                            "Plan Rows": 1,
                            "Plan Width": 8,
                            "Actual Startup Time": 448.212,
                            "Actual Total Time": 448.216,
                            "Actual Rows": 1,
                            "Actual Loops": 5,
                            "Output": [
                                "PARTIAL count(*)"
                            ],
                            "Workers": [
                                {
                                    "Worker Number": 0,
                                    "Actual Startup Time": 445.865,
                                    "Actual Total Time": 445.868,
                                    "Actual Rows": 1,
                                    "Actual Loops": 1
                                },
                                {
                                    "Worker Number": 1,
                                    "Actual Startup Time": 445.688,
                                    "Actual Total Time": 445.692,
                                    "Actual Rows": 1,
                                    "Actual Loops": 1
                                },
                                {
                                    "Worker Number": 2,
                                    "Actual Startup Time": 445.901,
                                    "Actual Total Time": 445.904,
                                    "Actual Rows": 1,
                                    "Actual Loops": 1
                                },
                                {
                                    "Worker Number": 3,
                                    "Actual Startup Time": 446.274,
                                    "Actual Total Time": 446.278,
                                    "Actual Rows": 1,
                                    "Actual Loops": 1
                                }
                            ],
                            "Plans": [
                                {
                                    "Node Type": "Nested Loop",
                                    "Parent Relationship": "Outer",
                                    "Parallel Aware": false,
                                    "Join Type": "Inner",
                                    "Startup Cost": 17512.54,
                                    "Total Cost": 92660.41,
                                    "Plan Rows": 45493,
                                    "Plan Width": 0,
                                    "Actual Startup Time": 70.92,
                                    "Actual Total Time": 440.797,
                                    "Actual Rows": 131379,
                                    "Actual Loops": 5,
                                    "Inner Unique": false,
                                    "Workers": [
                                        {
                                            "Worker Number": 0,
                                            "Actual Startup Time": 68.475,
                                            "Actual Total Time": 437.701,
                                            "Actual Rows": 90396,
                                            "Actual Loops": 1
                                        },
                                        {
                                            "Worker Number": 1,
                                            "Actual Startup Time": 68.433,
                                            "Actual Total Time": 438.926,
                                            "Actual Rows": 122391,
                                            "Actual Loops": 1
                                        },
                                        {
                                            "Worker Number": 2,
                                            "Actual Startup Time": 68.667,
                                            "Actual Total Time": 438.563,
                                            "Actual Rows": 140083,
                                            "Actual Loops": 1
                                        },
                                        {
                                            "Worker Number": 3,
                                            "Actual Startup Time": 69.022,
                                            "Actual Total Time": 439.496,
                                            "Actual Rows": 120141,
                                            "Actual Loops": 1
                                        }
                                    ],
                                    "Plans": [
                                        {
                                            "Node Type": "Hash Join",
                                            "Parent Relationship": "Outer",
                                            "Parallel Aware": true,
                                            "Join Type": "Inner",
                                            "Startup Cost": 17512.11,
                                            "Total Cost": 62505.87,
                                            "Plan Rows": 44084,
                                            "Plan Width": 8,
                                            "Actual Startup Time": 70.842,
                                            "Actual Total Time": 221.637,
                                            "Actual Rows": 43348,
                                            "Actual Loops": 5,
                                            "Output": [
                                                "t.id",
                                                "mi_idx.movie_id"
                                            ],
                                            "Inner Unique": false,
                                            "Hash Cond": "(t.id = mi_idx.movie_id)",
                                            "Workers": [
                                                {
                                                    "Worker Number": 0,
                                                    "Actual Startup Time": 68.39,
                                                    "Actual Total Time": 209.215,
                                                    "Actual Rows": 29473,
                                                    "Actual Loops": 1
                                                },
                                                {
                                                    "Worker Number": 1,
                                                    "Actual Startup Time": 68.345,
                                                    "Actual Total Time": 217.756,
                                                    "Actual Rows": 40673,
                                                    "Actual Loops": 1
                                                },
                                                {
                                                    "Worker Number": 2,
                                                    "Actual Startup Time": 68.574,
                                                    "Actual Total Time": 218.092,
                                                    "Actual Rows": 45862,
                                                    "Actual Loops": 1
                                                },
                                                {
                                                    "Worker Number": 3,
                                                    "Actual Startup Time": 68.926,
                                                    "Actual Total Time": 217.925,
                                                    "Actual Rows": 40146,
                                                    "Actual Loops": 1
                                                }
                                            ],
                                            "Plans": [
                                                {
                                                    "Node Type": "Seq Scan",
                                                    "Parent Relationship": "Outer",
                                                    "Parallel Aware": true,
                                                    "Relation Name": "title",
                                                    "Schema": "public",
                                                    "Alias": "t",
                                                    "Startup Cost": 0.0,
                                                    "Total Cost": 43899.01,
                                                    "Plan Rows": 242953,
                                                    "Plan Width": 4,
                                                    "Actual Startup Time": 0.021,
                                                    "Actual Total Time": 73.084,
                                                    "Actual Rows": 194238,
                                                    "Actual Loops": 5,
                                                    "Output": [
                                                        "t.id",
                                                        "t.title",
                                                        "t.imdb_index",
                                                        "t.kind_id",
                                                        "t.production_year",
                                                        "t.imdb_id",
                                                        "t.phonetic_code",
                                                        "t.episode_of_id",
                                                        "t.season_nr",
                                                        "t.episode_nr",
                                                        "t.series_years",
                                                        "t.md5sum"
                                                    ],
                                                    "Filter": "(t.production_year < 1999)",
                                                    "Rows Removed by Filter": 311425,
                                                    "Workers": [
                                                        {
                                                            "Worker Number": 0,
                                                            "Actual Startup Time": 0.04,
                                                            "Actual Total Time": 76.499,
                                                            "Actual Rows": 131284,
                                                            "Actual Loops": 1
                                                        },
                                                        {
                                                            "Worker Number": 1,
                                                            "Actual Startup Time": 0.02,
                                                            "Actual Total Time": 70.784,
                                                            "Actual Rows": 182767,
                                                            "Actual Loops": 1
                                                        },
                                                        {
                                                            "Worker Number": 2,
                                                            "Actual Startup Time": 0.017,
                                                            "Actual Total Time": 74.609,
                                                            "Actual Rows": 204487,
                                                            "Actual Loops": 1
                                                        },
                                                        {
                                                            "Worker Number": 3,
                                                            "Actual Startup Time": 0.017,
                                                            "Actual Total Time": 71.086,
                                                            "Actual Rows": 181577,
                                                            "Actual Loops": 1
                                                        }
                                                    ]
                                                },
                                                {
                                                    "Node Type": "Hash",
                                                    "Parent Relationship": "Inner",
                                                    "Parallel Aware": true,
                                                    "Startup Cost": 15122.68,
                                                    "Total Cost": 15122.68,
                                                    "Plan Rows": 191154,
                                                    "Plan Width": 4,
                                                    "Actual Startup Time": 69.156,
                                                    "Actual Total Time": 69.157,
                                                    "Actual Rows": 92037,
                                                    "Actual Loops": 5,
                                                    "Output": [
                                                        "mi_idx.movie_id"
                                                    ],
                                                    "Hash Buckets": 524288,
                                                    "Original Hash Buckets": 524288,
                                                    "Hash Batches": 1,
                                                    "Original Hash Batches": 1,
                                                    "Peak Memory Usage": 22208,
                                                    "Workers": [
                                                        {
                                                            "Worker Number": 0,
                                                            "Actual Startup Time": 67.573,
                                                            "Actual Total Time": 67.574,
                                                            "Actual Rows": 66617,
                                                            "Actual Loops": 1
                                                        },
                                                        {
                                                            "Worker Number": 1,
                                                            "Actual Startup Time": 67.842,
                                                            "Actual Total Time": 67.843,
                                                            "Actual Rows": 79593,
                                                            "Actual Loops": 1
                                                        },
                                                        {
                                                            "Worker Number": 2,
                                                            "Actual Startup Time": 68.088,
                                                            "Actual Total Time": 68.089,
                                                            "Actual Rows": 84352,
                                                            "Actual Loops": 1
                                                        },
                                                        {
                                                            "Worker Number": 3,
                                                            "Actual Startup Time": 68.478,
                                                            "Actual Total Time": 68.479,
                                                            "Actual Rows": 78243,
                                                            "Actual Loops": 1
                                                        }
                                                    ],
                                                    "Plans": [
                                                        {
                                                            "Node Type": "Seq Scan",
                                                            "Parent Relationship": "Outer",
                                                            "Parallel Aware": true,
                                                            "Relation Name": "movie_info_idx",
                                                            "Schema": "public",
                                                            "Alias": "mi_idx",
                                                            "Startup Cost": 0.0,
                                                            "Total Cost": 15122.68,
                                                            "Plan Rows": 191154,
                                                            "Plan Width": 4,
                                                            "Actual Startup Time": 0.057,
                                                            "Actual Total Time": 35.886,
                                                            "Actual Rows": 92037,
                                                            "Actual Loops": 5,
                                                            "Output": [
                                                                "mi_idx.movie_id"
                                                            ],
                                                            "Filter": "(mi_idx.info_type_id > 100)",
                                                            "Rows Removed by Filter": 183970,
                                                            "Workers": [
                                                                {
                                                                    "Worker Number": 0,
                                                                    "Actual Startup Time": 0.071,
                                                                    "Actual Total Time": 36.892,
                                                                    "Actual Rows": 66617,
                                                                    "Actual Loops": 1
                                                                },
                                                                {
                                                                    "Worker Number": 1,
                                                                    "Actual Startup Time": 0.064,
                                                                    "Actual Total Time": 35.719,
                                                                    "Actual Rows": 79593,
                                                                    "Actual Loops": 1
                                                                },
                                                                {
                                                                    "Worker Number": 2,
                                                                    "Actual Startup Time": 0.07,
                                                                    "Actual Total Time": 36.394,
                                                                    "Actual Rows": 84352,
                                                                    "Actual Loops": 1
                                                                },
                                                                {
                                                                    "Worker Number": 3,
                                                                    "Actual Startup Time": 0.065,
                                                                    "Actual Total Time": 35.552,
                                                                    "Actual Rows": 78243,
                                                                    "Actual Loops": 1
                                                                }
                                                            ]
                                                        }
                                                    ]
                                                }
                                            ]
                                        },
                                        {
                                            "Node Type": "Index Only Scan",
                                            "Parent Relationship": "Inner",
                                            "Parallel Aware": false,
                                            "Scan Direction": "Forward",
                                            "Index Name": "movie_id_movie_companies",
                                            "Relation Name": "movie_companies",
                                            "Schema": "public",
                                            "Alias": "mc",
                                            "Startup Cost": 0.43,
                                            "Total Cost": 0.63,
                                            "Plan Rows": 5,
                                            "Plan Width": 4,
                                            "Actual Startup Time": 0.004,
                                            "Actual Total Time": 0.005,
                                            "Actual Rows": 3,
                                            "Actual Loops": 216741,
                                            "Output": [
                                                "mc.movie_id"
                                            ],
                                            "Index Cond": "(mc.movie_id = t.id)",
                                            "Rows Removed by Index Recheck": 0,
                                            "Heap Fetches": 656893,
                                            "Workers": [
                                                {
                                                    "Worker Number": 0,
                                                    "Actual Startup Time": 0.006,
                                                    "Actual Total Time": 0.007,
                                                    "Actual Rows": 3,
                                                    "Actual Loops": 29473
                                                },
                                                {
                                                    "Worker Number": 1,
                                                    "Actual Startup Time": 0.004,
                                                    "Actual Total Time": 0.005,
                                                    "Actual Rows": 3,
                                                    "Actual Loops": 40673
                                                },
                                                {
                                                    "Worker Number": 2,
                                                    "Actual Startup Time": 0.004,
                                                    "Actual Total Time": 0.004,
                                                    "Actual Rows": 3,
                                                    "Actual Loops": 45862
                                                },
                                                {
                                                    "Worker Number": 3,
                                                    "Actual Startup Time": 0.004,
                                                    "Actual Total Time": 0.005,
                                                    "Actual Rows": 3,
                                                    "Actual Loops": 40146
                                                }
                                            ]
                                        }
                                    ]
                                }
                            ]
                        }
                    ]
                }
            ]
        },
        "Planning Time": 183.562,
        "Triggers": [],
        "Execution Time": 485.023
    }
]