[
  {
    "Plan": {
      "Node Type": "Aggregate",
      "Strategy": "Plain",
      "Partial Mode": "Finalize",
      "Parallel Aware": false,
      "Startup Cost": 282115.07,
      "Total Cost": 282115.08,
      "Plan Rows": 1,
      "Plan Width": 8,
      "Actual Startup Time": 2339.881,
      "Actual Total Time": 2364.936,
      "Actual Rows": 1,
      "Actual Loops": 1,
      "Plans": [
        {
          "Node Type": "Gather",
          "Parent Relationship": "Outer",
          "Parallel Aware": false,
          "Startup Cost": 282114.75,
          "Total Cost": 282115.06,
          "Plan Rows": 3,
          "Plan Width": 8,
          "Actual Startup Time": 2335.118,
          "Actual Total Time": 2364.926,
          "Actual Rows": 4,
          "Actual Loops": 1,
          "Workers Planned": 3,
          "Workers Launched": 3,
          "Single Copy": false,
          "Plans": [
            {
              "Node Type": "Aggregate",
              "Strategy": "Plain",
              "Partial Mode": "Partial",
              "Parent Relationship": "Outer",
              "Parallel Aware": false,
              "Startup Cost": 281114.75,
              "Total Cost": 281114.76,
              "Plan Rows": 1,
              "Plan Width": 8,
              "Actual Startup Time": 2325.451,
              "Actual Total Time": 2325.457,
              "Actual Rows": 1,
              "Actual Loops": 4,
              "Plans": [
                {
                  "Node Type": "Hash Join",
                  "Parent Relationship": "Outer",
                  "Parallel Aware": true,
                  "Join Type": "Inner",
                  "Startup Cost": 235951.32,
                  "Total Cost": 280757.19,
                  "Plan Rows": 143027,
                  "Plan Width": 0,
                  "Actual Startup Time": 541.306,
                  "Actual Total Time": 1710.768,
                  "Actual Rows": 12839168,
                  "Actual Loops": 4,
                  "Inner Unique": false,
                  "Hash Cond": "(mk.movie_id = t.id)",
                  "Plans": [
                    {
                      "Node Type": "Seq Scan",
                      "Parent Relationship": "Outer",
                      "Parallel Aware": true,
                      "Relation Name": "movie_keyword",
                      "Alias": "mk",
                      "Startup Cost": 0.0,
                      "Total Cost": 39047.32,
                      "Plan Rows": 1459332,
                      "Plan Width": 4,
                      "Actual Startup Time": 0.032,
                      "Actual Total Time": 97.355,
                      "Actual Rows": 1130982,
                      "Actual Loops": 4
                    },
                    {
                      "Node Type": "Hash",
                      "Parent Relationship": "Inner",
                      "Parallel Aware": true,
                      "Startup Cost": 235331.83,
                      "Total Cost": 235331.83,
                      "Plan Rows": 49559,
                      "Plan Width": 8,
                      "Actual Startup Time": 496.399,
                      "Actual Total Time": 496.404,
                      "Actual Rows": 198673,
                      "Actual Loops": 4,
                      "Hash Buckets": 1048576,
                      "Original Hash Buckets": 262144,
                      "Hash Batches": 1,
                      "Original Hash Batches": 1,
                      "Peak Memory Usage": 45504,
                      "Plans": [
                        {
                          "Node Type": "Hash Join",
                          "Parent Relationship": "Outer",
                          "Parallel Aware": true,
                          "Join Type": "Inner",
                          "Startup Cost": 69577.83,
                          "Total Cost": 235331.83,
                          "Plan Rows": 49559,
                          "Plan Width": 8,
                          "Actual Startup Time": 234.49,
                          "Actual Total Time": 419.362,
                          "Actual Rows": 198673,
                          "Actual Loops": 4,
                          "Inner Unique": true,
                          "Hash Cond": "(mi.movie_id = t.id)",
                          "Plans": [
                            {
                              "Node Type": "Bitmap Heap Scan",
                              "Parent Relationship": "Outer",
                              "Parallel Aware": true,
                              "Relation Name": "movie_info",
                              "Alias": "mi",
                              "Startup Cost": 22524.06,
                              "Total Cost": 187625.32,
                              "Plan Rows": 248661,
                              "Plan Width": 4,
                              "Actual Startup Time": 77.875,
                              "Actual Total Time": 165.227,
                              "Actual Rows": 301177,
                              "Actual Loops": 4,
                              "Recheck Cond": "(info_type_id > 18)",
                              "Rows Removed by Index Recheck": 0,
                              "Exact Heap Blocks": 9566,
                              "Lossy Heap Blocks": 0,
                              "Plans": [
                                {
                                  "Node Type": "Bitmap Index Scan",
                                  "Parent Relationship": "Outer",
                                  "Parallel Aware": false,
                                  "Index Name": "info_type_id_movie_info",
                                  "Startup Cost": 0.0,
                                  "Total Cost": 22213.23,
                                  "Plan Rows": 1243306,
                                  "Plan Width": 0,
                                  "Actual Startup Time": 68.762,
                                  "Actual Total Time": 68.763,
                                  "Actual Rows": 1204709,
                                  "Actual Loops": 1,
                                  "Index Cond": "(info_type_id > 18)"
                                }
                              ]
                            },
                            {
                              "Node Type": "Hash",
                              "Parent Relationship": "Inner",
                              "Parallel Aware": true,
                              "Startup Cost": 45479.1,
                              "Total Cost": 45479.1,
                              "Plan Rows": 125974,
                              "Plan Width": 4,
                              "Actual Startup Time": 154.597,
                              "Actual Total Time": 154.598,
                              "Actual Rows": 131032,
                              "Actual Loops": 4,
                              "Hash Buckets": 524288,
                              "Original Hash Buckets": 524288,
                              "Hash Batches": 1,
                              "Original Hash Batches": 1,
                              "Peak Memory Usage": 24672,
                              "Plans": [
                                {
                                  "Node Type": "Seq Scan",
                                  "Parent Relationship": "Outer",
                                  "Parallel Aware": true,
                                  "Relation Name": "title",
                                  "Alias": "t",
                                  "Startup Cost": 0.0,
                                  "Total Cost": 45479.1,
                                  "Plan Rows": 125974,
                                  "Plan Width": 4,
                                  "Actual Startup Time": 64.135,
                                  "Actual Total Time": 113.109,
                                  "Actual Rows": 131032,
                                  "Actual Loops": 4,
                                  "Filter": "((kind_id < 2) AND (production_year < 2010))",
                                  "Rows Removed by Filter": 501046
                                }
                              ]
                            }
                          ]
                        }
                      ]
                    }
                  ]
                }
              ]
            }
          ]
        }
      ]
    },
    "Planning Time": 1.476,
    "Triggers": [],
    "Execution Time": 2365.071
  }
]