[
  {
    "Plan": {
      "Node Type": "Aggregate",
      "Strategy": "Plain",
      "Partial Mode": "Finalize",
      "Parallel Aware": false,
      "Startup Cost": 39385.01,
      "Total Cost": 39385.02,
      "Plan Rows": 1,
      "Plan Width": 8,
      "Actual Startup Time": 147.614,
      "Actual Total Time": 156.743,
      "Actual Rows": 1,
      "Actual Loops": 1,
      "Plans": [
        {
          "Node Type": "Gather",
          "Parent Relationship": "Outer",
          "Parallel Aware": false,
          "Startup Cost": 39384.7,
          "Total Cost": 39385.01,
          "Plan Rows": 3,
          "Plan Width": 8,
          "Actual Startup Time": 147.223,
          "Actual Total Time": 156.733,
          "Actual Rows": 4,
          "Actual Loops": 1,
          "Workers Planned": 3,
          "Workers Launched": 3,
          "Single Copy": false,
          "Plans": [
            {
              "Node Type": "Aggregate",
              "Strategy": "Plain",
              "Partial Mode": "Partial",
              "Parent Relationship": "Outer",
              "Parallel Aware": false,
              "Startup Cost": 38384.7,
              "Total Cost": 38384.71,
              "Plan Rows": 1,
              "Plan Width": 8,
              "Actual Startup Time": 142.922,
              "Actual Total Time": 142.924,
              "Actual Rows": 1,
              "Actual Loops": 4,
              "Plans": [
                {
                  "Node Type": "Bitmap Heap Scan",
                  "Parent Relationship": "Outer",
                  "Parallel Aware": true,
                  "Relation Name": "movie_keyword",
                  "Alias": "mk",
                  "Startup Cost": 11343.79,
                  "Total Cost": 37953.55,
                  "Plan Rows": 172460,
                  "Plan Width": 0,
                  "Actual Startup Time": 52.01,
                  "Actual Total Time": 134.898,
                  "Actual Rows": 134162,
                  "Actual Loops": 4,
                  "Recheck Cond": "(keyword_id > 34232)",
                  "Rows Removed by Index Recheck": 0,
                  "Exact Heap Blocks": 10158,
                  "Lossy Heap Blocks": 0,
                  "Plans": [
                    {
                      "Node Type": "Bitmap Index Scan",
                      "Parent Relationship": "Outer",
                      "Parallel Aware": false,
                      "Index Name": "keyword_id_movie_keyword",
                      "Startup Cost": 0.0,
                      "Total Cost": 11210.14,
                      "Plan Rows": 534627,
                      "Plan Width": 0,
                      "Actual Startup Time": 52.01,
                      "Actual Total Time": 52.01,
                      "Actual Rows": 536648,
                      "Actual Loops": 1,
                      "Index Cond": "(keyword_id > 34232)"
                    }
                  ]
                }
              ]
            }
          ]
        }
      ]
    },
    "Planning Time": 0.196,
    "Triggers": [],
    "Execution Time": 156.823
  }
]