{
  "Plan": {
    "Node Type": "Aggregate",
    "Strategy": "Plain",
    "Partial Mode": "Finalize",
    "Parallel Aware": false,
    "Startup Cost": 629583.4,
    "Total Cost": 629583.41,
    "Plan Rows": 1,
    "Plan Width": 8,
    "Actual Startup Time": 2669.173,
    "Actual Total Time": 2738.494,
    "Actual Rows": 1,
    "Actual Loops": 1,
    "Plans": [
      {
        "Node Type": "Gather",
        "Parent Relationship": "Outer",
        "Parallel Aware": false,
        "Startup Cost": 629583.29,
        "Total Cost": 629583.4,
        "Plan Rows": 1,
        "Plan Width": 8,
        "Actual Startup Time": 2668.88,
        "Actual Total Time": 2738.486,
        "Actual Rows": 2,
        "Actual Loops": 1,
        "Workers Planned": 1,
        "Workers Launched": 1,
        "Single Copy": false,
        "Plans": [
          {
            "Node Type": "Aggregate",
            "Strategy": "Plain",
            "Partial Mode": "Partial",
            "Parent Relationship": "Outer",
            "Parallel Aware": false,
            "Startup Cost": 628583.29,
            "Total Cost": 628583.3,
            "Plan Rows": 1,
            "Plan Width": 8,
            "Actual Startup Time": 2662.856,
            "Actual Total Time": 2662.861,
            "Actual Rows": 1,
            "Actual Loops": 2,
            "Plans": [
              {
                "Node Type": "Hash Join",
                "Parent Relationship": "Outer",
                "Parallel Aware": true,
                "Join Type": "Inner",
                "Startup Cost": 82248.26,
                "Total Cost": 628396.19,
                "Plan Rows": 74840,
                "Plan Width": 0,
                "Actual Startup Time": 192.277,
                "Actual Total Time": 2661.982,
                "Actual Rows": 9080,
                "Actual Loops": 2,
                "Inner Unique": false,
                "Hash Cond": "(ci.movie_id = t.id)",
                "Plans": [
                  {
                    "Node Type": "Seq Scan",
                    "Parent Relationship": "Outer",
                    "Parallel Aware": true,
                    "Relation Name": "cast_info",
                    "Alias": "ci",
                    "Startup Cost": 0.0,
                    "Total Cost": 465792.95,
                    "Plan Rows": 21310595,
                    "Plan Width": 4,
                    "Actual Startup Time": 0.01,
                    "Actual Total Time": 1316.395,
                    "Actual Rows": 18122172,
                    "Actual Loops": 2
                  },
                  {
                    "Node Type": "Hash",
                    "Parent Relationship": "Inner",
                    "Parallel Aware": true,
                    "Startup Cost": 82182.98,
                    "Total Cost": 82182.98,
                    "Plan Rows": 5223,
                    "Plan Width": 8,
                    "Actual Startup Time": 191.332,
                    "Actual Total Time": 191.335,
                    "Actual Rows": 432,
                    "Actual Loops": 2,
                    "Hash Buckets": 16384,
                    "Original Hash Buckets": 16384,
                    "Hash Batches": 1,
                    "Original Hash Batches": 1,
                    "Peak Memory Usage": 192,
                    "Plans": [
                      {
                        "Node Type": "Hash Join",
                        "Parent Relationship": "Outer",
                        "Parallel Aware": true,
                        "Join Type": "Inner",
                        "Startup Cost": 20403.62,
                        "Total Cost": 82182.98,
                        "Plan Rows": 5223,
                        "Plan Width": 8,
                        "Actual Startup Time": 24.041,
                        "Actual Total Time": 191.06,
                        "Actual Rows": 432,
                        "Actual Loops": 2,
                        "Inner Unique": false,
                        "Hash Cond": "(t.id = mc.movie_id)",
                        "Plans": [
                          {
                            "Node Type": "Seq Scan",
                            "Parent Relationship": "Outer",
                            "Parallel Aware": true,
                            "Relation Name": "title",
                            "Alias": "t",
                            "Startup Cost": 0.0,
                            "Total Cost": 58306.47,
                            "Plan Rows": 550746,
                            "Plan Width": 4,
                            "Actual Startup Time": 0.014,
                            "Actual Total Time": 136.259,
                            "Actual Rows": 475346,
                            "Actual Loops": 2,
                            "Filter": "((kind_id < 7) AND (production_year < 2013))",
                            "Rows Removed by Filter": 788810
                          },
                          {
                            "Node Type": "Hash",
                            "Parent Relationship": "Inner",
                            "Parallel Aware": true,
                            "Startup Cost": 20227.3,
                            "Total Cost": 20227.3,
                            "Plan Rows": 14105,
                            "Plan Width": 4,
                            "Actual Startup Time": 23.1,
                            "Actual Total Time": 23.101,
                            "Actual Rows": 2594,
                            "Actual Loops": 2,
                            "Hash Buckets": 32768,
                            "Original Hash Buckets": 32768,
                            "Hash Batches": 1,
                            "Original Hash Batches": 1,
                            "Peak Memory Usage": 480,
                            "Plans": [
                              {
                                "Node Type": "Bitmap Heap Scan",
                                "Parent Relationship": "Outer",
                                "Parallel Aware": true,
                                "Relation Name": "movie_companies",
                                "Alias": "mc",
                                "Startup Cost": 1020.61,
                                "Total Cost": 20227.3,
                                "Plan Rows": 14105,
                                "Plan Width": 4,
                                "Actual Startup Time": 20.178,
                                "Actual Total Time": 22.385,
                                "Actual Rows": 2594,
                                "Actual Loops": 2,
                                "Recheck Cond": "(company_id = 19)",
                                "Rows Removed by Index Recheck": 0,
                                "Filter": "(company_type_id = 2)",
                                "Rows Removed by Filter": 21032,
                                "Exact Heap Blocks": 4293,
                                "Lossy Heap Blocks": 0,
                                "Plans": [
                                  {
                                    "Node Type": "Bitmap Index Scan",
                                    "Parent Relationship": "Outer",
                                    "Parallel Aware": false,
                                    "Index Name": "company_id_movie_companies",
                                    "Startup Cost": 0.0,
                                    "Total Cost": 1014.62,
                                    "Plan Rows": 47225,
                                    "Plan Width": 0,
                                    "Actual Startup Time": 6.338,
                                    "Actual Total Time": 6.338,
                                    "Actual Rows": 47252,
                                    "Actual Loops": 1,
                                    "Index Cond": "(company_id = 19)"
                                  }
                                ]
                              }
                            ]
                          }
                        ]
                      }
                    ]
                  }
                ]
              }
            ]
          }
        ]
      }
    ]
  },
  "Planning Time": 0.759,
  "Triggers": [],
  "Execution Time": 2738.6
}