[
    {
        "Bao": {
            "Bao prediction": "NaN",
            "Bao recommended hint": "(no hint)"
        }
    },
    {
        "Plan": {
            "Node Type": "Aggregate",
            "Strategy": "Plain",
            "Partial Mode": "Finalize",
            "Parallel Aware": false,
            "Startup Cost": 32629.75,
            "Total Cost": 32629.76,
            "Plan Rows": 1,
            "Plan Width": 8,
            "Actual Startup Time": 90.092,
            "Actual Total Time": 98.559,
            "Actual Rows": 1,
            "Actual Loops": 1,
            "Output": [
                "count(*)"
            ],
            "Plans": [
                {
                    "Node Type": "Gather",
                    "Parent Relationship": "Outer",
                    "Parallel Aware": false,
                    "Startup Cost": 32629.44,
                    "Total Cost": 32629.75,
                    "Plan Rows": 3,
                    "Plan Width": 8,
                    "Actual Startup Time": 89.966,
                    "Actual Total Time": 98.55,
                    "Actual Rows": 4,
                    "Actual Loops": 1,
                    "Output": [
                        "(PARTIAL count(*))"
                    ],
                    "Workers Planned": 3,
                    "Workers Launched": 3,
                    "Single Copy": false,
                    "Plans": [
                        {
                            "Node Type": "Aggregate",
                            "Strategy": "Plain",
                            "Partial Mode": "Partial",
                            "Parent Relationship": "Outer",
                            "Parallel Aware": false,
                            "Startup Cost": 31629.44,
                            "Total Cost": 31629.45,
                            "Plan Rows": 1,
                            "Plan Width": 8,
                            "Actual Startup Time": 81.751,
                            "Actual Total Time": 81.752,
                            "Actual Rows": 1,
                            "Actual Loops": 4,
                            "Output": [
                                "PARTIAL count(*)"
                            ],
                            "Workers": [
                                {
                                    "Worker Number": 0,
                                    "Actual Startup Time": 78.815,
                                    "Actual Total Time": 78.816,
                                    "Actual Rows": 1,
                                    "Actual Loops": 1
                                },
                                {
                                    "Worker Number": 1,
                                    "Actual Startup Time": 79.364,
                                    "Actual Total Time": 79.366,
                                    "Actual Rows": 1,
                                    "Actual Loops": 1
                                },
                                {
                                    "Worker Number": 2,
                                    "Actual Startup Time": 79.524,
                                    "Actual Total Time": 79.525,
                                    "Actual Rows": 1,
                                    "Actual Loops": 1
                                }
                            ],
                            "Plans": [
                                {
                                    "Node Type": "Seq Scan",
                                    "Parent Relationship": "Outer",
                                    "Parallel Aware": true,
                                    "Relation Name": "movie_companies",
                                    "Schema": "public",
                                    "Alias": "mc",
                                    "Startup Cost": 0.0,
                                    "Total Cost": 31414.82,
                                    "Plan Rows": 85847,
                                    "Plan Width": 0,
                                    "Actual Startup Time": 49.362,
                                    "Actual Total Time": 79.901,
                                    "Actual Rows": 34677,
                                    "Actual Loops": 4,
                                    "Output": [
                                        "id",
                                        "movie_id",
                                        "company_id",
                                        "company_type_id",
                                        "note"
                                    ],
                                    "Filter": "((mc.company_id < 475) AND (mc.company_type_id > 1))",
                                    "Rows Removed by Filter": 617605,
                                    "Workers": [
                                        {
                                            "Worker Number": 0,
                                            "Actual Startup Time": 46.418,
                                            "Actual Total Time": 77.065,
                                            "Actual Rows": 39896,
                                            "Actual Loops": 1
                                        },
                                        {
                                            "Worker Number": 1,
                                            "Actual Startup Time": 46.98,
                                            "Actual Total Time": 77.521,
                                            "Actual Rows": 25705,
                                            "Actual Loops": 1
                                        },
                                        {
                                            "Worker Number": 2,
                                            "Actual Startup Time": 47.134,
                                            "Actual Total Time": 77.682,
                                            "Actual Rows": 25448,
                                            "Actual Loops": 1
                                        }
                                    ]
                                }
                            ]
                        }
                    ]
                }
            ]
        },
        "Planning Time": 188.607,
        "Triggers": [],
        "Execution Time": 98.646
    }
]