[
  {
    "Plan": {
      "Node Type": "Aggregate",
      "Strategy": "Plain",
      "Partial Mode": "Finalize",
      "Parallel Aware": false,
      "Startup Cost": 78859.88,
      "Total Cost": 78859.89,
      "Plan Rows": 1,
      "Plan Width": 8,
      "Actual Startup Time": 233.581,
      "Actual Total Time": 251.495,
      "Actual Rows": 1,
      "Actual Loops": 1,
      "Plans": [
        {
          "Node Type": "Gather",
          "Parent Relationship": "Outer",
          "Parallel Aware": false,
          "Startup Cost": 78859.56,
          "Total Cost": 78859.87,
          "Plan Rows": 3,
          "Plan Width": 8,
          "Actual Startup Time": 232.224,
          "Actual Total Time": 251.485,
          "Actual Rows": 4,
          "Actual Loops": 1,
          "Workers Planned": 3,
          "Workers Launched": 3,
          "Single Copy": false,
          "Plans": [
            {
              "Node Type": "Aggregate",
              "Strategy": "Plain",
              "Partial Mode": "Partial",
              "Parent Relationship": "Outer",
              "Parallel Aware": false,
              "Startup Cost": 77859.56,
              "Total Cost": 77859.57,
              "Plan Rows": 1,
              "Plan Width": 8,
              "Actual Startup Time": 226.209,
              "Actual Total Time": 226.213,
              "Actual Rows": 1,
              "Actual Loops": 4,
              "Plans": [
                {
                  "Node Type": "Hash Join",
                  "Parent Relationship": "Outer",
                  "Parallel Aware": true,
                  "Join Type": "Inner",
                  "Startup Cost": 45974.95,
                  "Total Cost": 77833.09,
                  "Plan Rows": 10588,
                  "Plan Width": 0,
                  "Actual Startup Time": 122.115,
                  "Actual Total Time": 225.609,
                  "Actual Rows": 9280,
                  "Actual Loops": 4,
                  "Inner Unique": true,
                  "Hash Cond": "(mc.movie_id = t.id)",
                  "Plans": [
                    {
                      "Node Type": "Seq Scan",
                      "Parent Relationship": "Outer",
                      "Parallel Aware": true,
                      "Relation Name": "movie_companies",
                      "Alias": "mc",
                      "Startup Cost": 0.0,
                      "Total Cost": 31414.82,
                      "Plan Rows": 168887,
                      "Plan Width": 4,
                      "Actual Startup Time": 0.011,
                      "Actual Total Time": 75.821,
                      "Actual Rows": 184982,
                      "Actual Loops": 4,
                      "Filter": "((company_id < 6810) AND (company_type_id < 2))",
                      "Rows Removed by Filter": 467300
                    },
                    {
                      "Node Type": "Hash",
                      "Parent Relationship": "Inner",
                      "Parallel Aware": true,
                      "Startup Cost": 45479.59,
                      "Total Cost": 45479.59,
                      "Plan Rows": 39629,
                      "Plan Width": 4,
                      "Actual Startup Time": 119.984,
                      "Actual Total Time": 119.985,
                      "Actual Rows": 37451,
                      "Actual Loops": 4,
                      "Hash Buckets": 262144,
                      "Original Hash Buckets": 262144,
                      "Hash Batches": 1,
                      "Original Hash Batches": 1,
                      "Peak Memory Usage": 8000,
                      "Plans": [
                        {
                          "Node Type": "Seq Scan",
                          "Parent Relationship": "Outer",
                          "Parallel Aware": true,
                          "Relation Name": "title",
                          "Alias": "t",
                          "Startup Cost": 0.0,
                          "Total Cost": 45479.59,
                          "Plan Rows": 39629,
                          "Plan Width": 4,
                          "Actual Startup Time": 0.082,
                          "Actual Total Time": 105.83,
                          "Actual Rows": 37451,
                          "Actual Loops": 4,
                          "Filter": "((kind_id < 3) AND (production_year > 2009))",
                          "Rows Removed by Filter": 594627
                        }
                      ]
                    }
                  ]
                }
              ]
            }
          ]
        }
      ]
    },
    "Planning Time": 0.444,
    "Triggers": [],
    "Execution Time": 251.548
  }
]