{
  "Plan": {
    "Node Type": "Aggregate",
    "Strategy": "Plain",
    "Partial Mode": "Finalize",
    "Parallel Aware": false,
    "Startup Cost": 345036.28,
    "Total Cost": 345036.29,
    "Plan Rows": 1,
    "Plan Width": 68,
    "Actual Startup Time": 2149.44,
    "Actual Total Time": 2177.645,
    "Actual Rows": 1,
    "Actual Loops": 1,
    "Plans": [
      {
        "Node Type": "Gather",
        "Parent Relationship": "Outer",
        "Parallel Aware": false,
        "Startup Cost": 345035.84,
        "Total Cost": 345036.25,
        "Plan Rows": 4,
        "Plan Width": 68,
        "Actual Startup Time": 1545.695,
        "Actual Total Time": 2177.602,
        "Actual Rows": 5,
        "Actual Loops": 1,
        "Workers Planned": 4,
        "Workers Launched": 4,
        "Single Copy": false,
        "Plans": [
          {
            "Node Type": "Aggregate",
            "Strategy": "Plain",
            "Partial Mode": "Partial",
            "Parent Relationship": "Outer",
            "Parallel Aware": false,
            "Startup Cost": 344035.84,
            "Total Cost": 344035.85,
            "Plan Rows": 1,
            "Plan Width": 68,
            "Actual Startup Time": 1963.933,
            "Actual Total Time": 1963.944,
            "Actual Rows": 1,
            "Actual Loops": 5,
            "Plans": [
              {
                "Node Type": "Merge Join",
                "Parent Relationship": "Outer",
                "Parallel Aware": false,
                "Join Type": "Inner",
                "Startup Cost": 342242.2,
                "Total Cost": 344027.77,
                "Plan Rows": 1077,
                "Plan Width": 45,
                "Actual Startup Time": 1962.07,
                "Actual Total Time": 1963.933,
                "Actual Rows": 1,
                "Actual Loops": 5,
                "Inner Unique": false,
                "Merge Cond": "(t.id = mc.movie_id)",
                "Plans": [
                  {
                    "Node Type": "Sort",
                    "Parent Relationship": "Outer",
                    "Parallel Aware": false,
                    "Startup Cost": 75880.85,
                    "Total Cost": 76749.6,
                    "Plan Rows": 347497,
                    "Plan Width": 25,
                    "Actual Startup Time": 281.441,
                    "Actual Total Time": 312.3,
                    "Actual Rows": 257819,
                    "Actual Loops": 5,
                    "Sort Key": [
                      "t.id"
                    ],
                    "Sort Method": "quicksort",
                    "Sort Space Used": 41444,
                    "Sort Space Type": "Memory",
                    "Workers": [
                      {
                        "Worker Number": 0,
                        "Sort Method": "quicksort",
                        "Sort Space Used": 24946,
                        "Sort Space Type": "Memory"
                      },
                      {
                        "Worker Number": 1,
                        "Sort Method": "quicksort",
                        "Sort Space Used": 25057,
                        "Sort Space Type": "Memory"
                      },
                      {
                        "Worker Number": 2,
                        "Sort Method": "quicksort",
                        "Sort Space Used": 24995,
                        "Sort Space Type": "Memory"
                      },
                      {
                        "Worker Number": 3,
                        "Sort Method": "quicksort",
                        "Sort Space Used": 25004,
                        "Sort Space Type": "Memory"
                      }
                    ],
                    "Plans": [
                      {
                        "Node Type": "Seq Scan",
                        "Parent Relationship": "Outer",
                        "Parallel Aware": true,
                        "Relation Name": "title",
                        "Alias": "t",
                        "Startup Cost": 0.0,
                        "Total Cost": 43899.59,
                        "Plan Rows": 347497,
                        "Plan Width": 25,
                        "Actual Startup Time": 0.068,
                        "Actual Total Time": 149.799,
                        "Actual Rows": 276291,
                        "Actual Loops": 5,
                        "Filter": "(production_year > 2000)",
                        "Rows Removed by Filter": 229372
                      }
                    ]
                  },
                  {
                    "Node Type": "Sort",
                    "Parent Relationship": "Inner",
                    "Parallel Aware": false,
                    "Startup Cost": 266361.3,
                    "Total Cost": 266380.9,
                    "Plan Rows": 7838,
                    "Plan Width": 32,
                    "Actual Startup Time": 1626.939,
                    "Actual Total Time": 1626.949,
                    "Actual Rows": 5,
                    "Actual Loops": 5,
                    "Sort Key": [
                      "mc.movie_id"
                    ],
                    "Sort Method": "quicksort",
                    "Sort Space Used": 25,
                    "Sort Space Type": "Memory",
                    "Workers": [
                      {
                        "Worker Number": 0,
                        "Sort Method": "quicksort",
                        "Sort Space Used": 25,
                        "Sort Space Type": "Memory"
                      },
                      {
                        "Worker Number": 1,
                        "Sort Method": "quicksort",
                        "Sort Space Used": 25,
                        "Sort Space Type": "Memory"
                      },
                      {
                        "Worker Number": 2,
                        "Sort Method": "quicksort",
                        "Sort Space Used": 25,
                        "Sort Space Type": "Memory"
                      },
                      {
                        "Worker Number": 3,
                        "Sort Method": "quicksort",
                        "Sort Space Used": 25,
                        "Sort Space Type": "Memory"
                      }
                    ],
                    "Plans": [
                      {
                        "Node Type": "Merge Join",
                        "Parent Relationship": "Outer",
                        "Parallel Aware": false,
                        "Join Type": "Inner",
                        "Startup Cost": 265619.17,
                        "Total Cost": 265854.33,
                        "Plan Rows": 7838,
                        "Plan Width": 32,
                        "Actual Startup Time": 1626.924,
                        "Actual Total Time": 1626.933,
                        "Actual Rows": 5,
                        "Actual Loops": 5,
                        "Inner Unique": true,
                        "Merge Cond": "(mc.company_type_id = ct.id)",
                        "Plans": [
                          {
                            "Node Type": "Sort",
                            "Parent Relationship": "Outer",
                            "Parallel Aware": false,
                            "Startup Cost": 265618.11,
                            "Total Cost": 265696.5,
                            "Plan Rows": 31354,
                            "Plan Width": 36,
                            "Actual Startup Time": 1626.831,
                            "Actual Total Time": 1626.841,
                            "Actual Rows": 100,
                            "Actual Loops": 5,
                            "Sort Key": [
                              "mc.company_type_id"
                            ],
                            "Sort Method": "quicksort",
                            "Sort Space Used": 33,
                            "Sort Space Type": "Memory",
                            "Workers": [
                              {
                                "Worker Number": 0,
                                "Sort Method": "quicksort",
                                "Sort Space Used": 33,
                                "Sort Space Type": "Memory"
                              },
                              {
                                "Worker Number": 1,
                                "Sort Method": "quicksort",
                                "Sort Space Used": 33,
                                "Sort Space Type": "Memory"
                              },
                              {
                                "Worker Number": 2,
                                "Sort Method": "quicksort",
                                "Sort Space Used": 33,
                                "Sort Space Type": "Memory"
                              },
                              {
                                "Worker Number": 3,
                                "Sort Method": "quicksort",
                                "Sort Space Used": 33,
                                "Sort Space Type": "Memory"
                              }
                            ],
                            "Plans": [
                              {
                                "Node Type": "Merge Join",
                                "Parent Relationship": "Outer",
                                "Parallel Aware": false,
                                "Join Type": "Inner",
                                "Startup Cost": 256206.22,
                                "Total Cost": 263276.54,
                                "Plan Rows": 31354,
                                "Plan Width": 36,
                                "Actual Startup Time": 1542.638,
                                "Actual Total Time": 1626.799,
                                "Actual Rows": 100,
                                "Actual Loops": 5,
                                "Inner Unique": false,
                                "Merge Cond": "(mi_idx.movie_id = mc.movie_id)",
                                "Plans": [
                                  {
                                    "Node Type": "Sort",
                                    "Parent Relationship": "Outer",
                                    "Parallel Aware": false,
                                    "Startup Cost": 68521.62,
                                    "Total Cost": 68552.15,
                                    "Plan Rows": 12213,
                                    "Plan Width": 4,
                                    "Actual Startup Time": 443.651,
                                    "Actual Total Time": 443.662,
                                    "Actual Rows": 10,
                                    "Actual Loops": 5,
                                    "Sort Key": [
                                      "mi_idx.movie_id"
                                    ],
                                    "Sort Method": "quicksort",
                                    "Sort Space Used": 25,
                                    "Sort Space Type": "Memory",
                                    "Workers": [
                                      {
                                        "Worker Number": 0,
                                        "Sort Method": "quicksort",
                                        "Sort Space Used": 25,
                                        "Sort Space Type": "Memory"
                                      },
                                      {
                                        "Worker Number": 1,
                                        "Sort Method": "quicksort",
                                        "Sort Space Used": 25,
                                        "Sort Space Type": "Memory"
                                      },
                                      {
                                        "Worker Number": 2,
                                        "Sort Method": "quicksort",
                                        "Sort Space Used": 25,
                                        "Sort Space Type": "Memory"
                                      },
                                      {
                                        "Worker Number": 3,
                                        "Sort Method": "quicksort",
                                        "Sort Space Used": 25,
                                        "Sort Space Type": "Memory"
                                      }
                                    ],
                                    "Plans": [
                                      {
                                        "Node Type": "Merge Join",
                                        "Parent Relationship": "Outer",
                                        "Parallel Aware": false,
                                        "Join Type": "Inner",
                                        "Startup Cost": 14.55,
                                        "Total Cost": 67692.59,
                                        "Plan Rows": 12213,
                                        "Plan Width": 4,
                                        "Actual Startup Time": 443.633,
                                        "Actual Total Time": 443.642,
                                        "Actual Rows": 10,
                                        "Actual Loops": 5,
                                        "Inner Unique": false,
                                        "Merge Cond": "(it.id = mi_idx.info_type_id)",
                                        "Plans": [
                                          {
                                            "Node Type": "Index Scan",
                                            "Parent Relationship": "Outer",
                                            "Parallel Aware": false,
                                            "Scan Direction": "Forward",
                                            "Index Name": "info_type_pkey",
                                            "Relation Name": "info_type",
                                            "Alias": "it",
                                            "Startup Cost": 0.14,
                                            "Total Cost": 14.12,
                                            "Plan Rows": 1,
                                            "Plan Width": 4,
                                            "Actual Startup Time": 0.089,
                                            "Actual Total Time": 0.091,
                                            "Actual Rows": 1,
                                            "Actual Loops": 5,
                                            "Filter": "((info)::text = 'bottom 10 rank'::text)",
                                            "Rows Removed by Filter": 112
                                          },
                                          {
                                            "Node Type": "Index Scan",
                                            "Parent Relationship": "Inner",
                                            "Parallel Aware": false,
                                            "Scan Direction": "Forward",
                                            "Index Name": "info_type_id_movie_info_idx",
                                            "Relation Name": "movie_info_idx",
                                            "Alias": "mi_idx",
                                            "Startup Cost": 0.43,
                                            "Total Cost": 64106.25,
                                            "Plan Rows": 1380035,
                                            "Plan Width": 8,
                                            "Actual Startup Time": 0.073,
                                            "Actual Total Time": 313.896,
                                            "Actual Rows": 1380035,
                                            "Actual Loops": 5
                                          }
                                        ]
                                      }
                                    ]
                                  },
                                  {
                                    "Node Type": "Sort",
                                    "Parent Relationship": "Inner",
                                    "Parallel Aware": false,
                                    "Startup Cost": 187684.46,
                                    "Total Cost": 191032.39,
                                    "Plan Rows": 1339173,
                                    "Plan Width": 32,
                                    "Actual Startup Time": 1044.642,
                                    "Actual Total Time": 1101.627,
                                    "Actual Rows": 1263892,
                                    "Actual Loops": 5,
                                    "Sort Key": [
                                      "mc.movie_id"
                                    ],
                                    "Sort Method": "quicksort",
                                    "Sort Space Used": 155805,
                                    "Sort Space Type": "Memory",
                                    "Workers": [
                                      {
                                        "Worker Number": 0,
                                        "Sort Method": "quicksort",
                                        "Sort Space Used": 155805,
                                        "Sort Space Type": "Memory"
                                      },
                                      {
                                        "Worker Number": 1,
                                        "Sort Method": "quicksort",
                                        "Sort Space Used": 155805,
                                        "Sort Space Type": "Memory"
                                      },
                                      {
                                        "Worker Number": 2,
                                        "Sort Method": "quicksort",
                                        "Sort Space Used": 155805,
                                        "Sort Space Type": "Memory"
                                      },
                                      {
                                        "Worker Number": 3,
                                        "Sort Method": "quicksort",
                                        "Sort Space Used": 155805,
                                        "Sort Space Type": "Memory"
                                      }
                                    ],
                                    "Plans": [
                                      {
                                        "Node Type": "Seq Scan",
                                        "Parent Relationship": "Outer",
                                        "Parallel Aware": false,
                                        "Relation Name": "movie_companies",
                                        "Alias": "mc",
                                        "Startup Cost": 0.0,
                                        "Total Cost": 51404.11,
                                        "Plan Rows": 1339173,
                                        "Plan Width": 32,
                                        "Actual Startup Time": 0.047,
                                        "Actual Total Time": 532.806,
                                        "Actual Rows": 1337088,
                                        "Actual Loops": 5,
                                        "Filter": "(note !~~ '%(as Metro-Goldwyn-Mayer Pictures)%'::text)",
                                        "Rows Removed by Filter": 1272041
                                      }
                                    ]
                                  }
                                ]
                              }
                            ]
                          },
                          {
                            "Node Type": "Sort",
                            "Parent Relationship": "Inner",
                            "Parallel Aware": false,
                            "Startup Cost": 1.06,
                            "Total Cost": 1.06,
                            "Plan Rows": 1,
                            "Plan Width": 4,
                            "Actual Startup Time": 0.066,
                            "Actual Total Time": 0.067,
                            "Actual Rows": 1,
                            "Actual Loops": 5,
                            "Sort Key": [
                              "ct.id"
                            ],
                            "Sort Method": "quicksort",
                            "Sort Space Used": 25,
                            "Sort Space Type": "Memory",
                            "Workers": [
                              {
                                "Worker Number": 0,
                                "Sort Method": "quicksort",
                                "Sort Space Used": 25,
                                "Sort Space Type": "Memory"
                              },
                              {
                                "Worker Number": 1,
                                "Sort Method": "quicksort",
                                "Sort Space Used": 25,
                                "Sort Space Type": "Memory"
                              },
                              {
                                "Worker Number": 2,
                                "Sort Method": "quicksort",
                                "Sort Space Used": 25,
                                "Sort Space Type": "Memory"
                              },
                              {
                                "Worker Number": 3,
                                "Sort Method": "quicksort",
                                "Sort Space Used": 25,
                                "Sort Space Type": "Memory"
                              }
                            ],
                            "Plans": [
                              {
                                "Node Type": "Seq Scan",
                                "Parent Relationship": "Outer",
                                "Parallel Aware": false,
                                "Relation Name": "company_type",
                                "Alias": "ct",
                                "Startup Cost": 0.0,
                                "Total Cost": 1.05,
                                "Plan Rows": 1,
                                "Plan Width": 4,
                                "Actual Startup Time": 0.053,
                                "Actual Total Time": 0.054,
                                "Actual Rows": 1,
                                "Actual Loops": 5,
                                "Filter": "((kind)::text = 'production companies'::text)",
                                "Rows Removed by Filter": 3
                              }
                            ]
                          }
                        ]
                      }
                    ]
                  }
                ]
              }
            ]
          }
        ]
      }
    ]
  },
  "Planning Time": 6.925,
  "Triggers": [],
  "Execution Time": 2203.386
}