[
  {
    "Plan": {
      "Node Type": "Aggregate",
      "Strategy": "Plain",
      "Partial Mode": "Finalize",
      "Parallel Aware": false,
      "Startup Cost": 342012.87,
      "Total Cost": 342012.88,
      "Plan Rows": 1,
      "Plan Width": 8,
      "Actual Startup Time": 352.534,
      "Actual Total Time": 417.855,
      "Actual Rows": 1,
      "Actual Loops": 1,
      "Plans": [
        {
          "Node Type": "Gather",
          "Parent Relationship": "Outer",
          "Parallel Aware": false,
          "Startup Cost": 342012.45,
          "Total Cost": 342012.86,
          "Plan Rows": 4,
          "Plan Width": 8,
          "Actual Startup Time": 352.26,
          "Actual Total Time": 417.842,
          "Actual Rows": 5,
          "Actual Loops": 1,
          "Workers Planned": 4,
          "Workers Launched": 4,
          "Single Copy": false,
          "Plans": [
            {
              "Node Type": "Aggregate",
              "Strategy": "Plain",
              "Partial Mode": "Partial",
              "Parent Relationship": "Outer",
              "Parallel Aware": false,
              "Startup Cost": 341012.45,
              "Total Cost": 341012.46,
              "Plan Rows": 1,
              "Plan Width": 8,
              "Actual Startup Time": 346.483,
              "Actual Total Time": 346.485,
              "Actual Rows": 1,
              "Actual Loops": 5,
              "Plans": [
                {
                  "Node Type": "Nested Loop",
                  "Parent Relationship": "Outer",
                  "Parallel Aware": false,
                  "Join Type": "Inner",
                  "Startup Cost": 0.56,
                  "Total Cost": 340939.0,
                  "Plan Rows": 29379,
                  "Plan Width": 0,
                  "Actual Startup Time": 0.246,
                  "Actual Total Time": 344.349,
                  "Actual Rows": 24429,
                  "Actual Loops": 5,
                  "Inner Unique": false,
                  "Plans": [
                    {
                      "Node Type": "Seq Scan",
                      "Parent Relationship": "Outer",
                      "Parallel Aware": true,
                      "Relation Name": "title",
                      "Alias": "t",
                      "Startup Cost": 0.0,
                      "Total Cost": 43899.32,
                      "Plan Rows": 9144,
                      "Plan Width": 4,
                      "Actual Startup Time": 0.033,
                      "Actual Total Time": 62.974,
                      "Actual Rows": 7287,
                      "Actual Loops": 5,
                      "Filter": "(production_year = 1995)",
                      "Rows Removed by Filter": 498375
                    },
                    {
                      "Node Type": "Index Scan",
                      "Parent Relationship": "Inner",
                      "Parallel Aware": false,
                      "Scan Direction": "Forward",
                      "Index Name": "movie_id_cast_info",
                      "Relation Name": "cast_info",
                      "Alias": "ci",
                      "Startup Cost": 0.56,
                      "Total Cost": 32.4,
                      "Plan Rows": 8,
                      "Plan Width": 4,
                      "Actual Startup Time": 0.01,
                      "Actual Total Time": 0.038,
                      "Actual Rows": 3,
                      "Actual Loops": 36437,
                      "Index Cond": "(movie_id = t.id)",
                      "Rows Removed by Index Recheck": 0,
                      "Filter": "(person_id < 805894)",
                      "Rows Removed by Filter": 11
                    }
                  ]
                }
              ]
            }
          ]
        }
      ]
    },
    "Planning Time": 0.535,
    "Triggers": [],
    "Execution Time": 417.939
  }
]