[
  {
    "Plan": {
      "Node Type": "Aggregate",
      "Strategy": "Plain",
      "Partial Mode": "Finalize",
      "Parallel Aware": false,
      "Startup Cost": 636764.33,
      "Total Cost": 636764.34,
      "Plan Rows": 1,
      "Plan Width": 8,
      "Actual Startup Time": 2834.819,
      "Actual Total Time": 2922.766,
      "Actual Rows": 1,
      "Actual Loops": 1,
      "Plans": [
        {
          "Node Type": "Gather",
          "Parent Relationship": "Outer",
          "Parallel Aware": false,
          "Startup Cost": 636763.7,
          "Total Cost": 636764.31,
          "Plan Rows": 6,
          "Plan Width": 8,
          "Actual Startup Time": 2817.231,
          "Actual Total Time": 2922.752,
          "Actual Rows": 7,
          "Actual Loops": 1,
          "Workers Planned": 6,
          "Workers Launched": 6,
          "Single Copy": false,
          "Plans": [
            {
              "Node Type": "Aggregate",
              "Strategy": "Plain",
              "Partial Mode": "Partial",
              "Parent Relationship": "Outer",
              "Parallel Aware": false,
              "Startup Cost": 635763.7,
              "Total Cost": 635763.71,
              "Plan Rows": 1,
              "Plan Width": 8,
              "Actual Startup Time": 2794.708,
              "Actual Total Time": 2794.882,
              "Actual Rows": 1,
              "Actual Loops": 7,
              "Plans": [
                {
                  "Node Type": "Hash Join",
                  "Parent Relationship": "Outer",
                  "Parallel Aware": true,
                  "Join Type": "Inner",
                  "Startup Cost": 256331.98,
                  "Total Cost": 622834.88,
                  "Plan Rows": 5171529,
                  "Plan Width": 0,
                  "Actual Startup Time": 1098.072,
                  "Actual Total Time": 2667.811,
                  "Actual Rows": 3169155,
                  "Actual Loops": 7,
                  "Inner Unique": false,
                  "Hash Cond": "(ci.movie_id = t.id)",
                  "Plans": [
                    {
                      "Node Type": "Seq Scan",
                      "Parent Relationship": "Outer",
                      "Parallel Aware": true,
                      "Relation Name": "cast_info",
                      "Alias": "ci",
                      "Startup Cost": 0.0,
                      "Total Cost": 343257.03,
                      "Plan Rows": 3440750,
                      "Plan Width": 4,
                      "Actual Startup Time": 210.632,
                      "Actual Total Time": 692.879,
                      "Actual Rows": 3174711,
                      "Actual Loops": 7,
                      "Filter": "((person_id > 474125) AND (role_id > 1))",
                      "Rows Removed by Filter": 2003053
                    },
                    {
                      "Node Type": "Hash",
                      "Parent Relationship": "Inner",
                      "Parallel Aware": true,
                      "Startup Cost": 246831.76,
                      "Total Cost": 246831.76,
                      "Plan Rows": 760017,
                      "Plan Width": 8,
                      "Actual Startup Time": 880.274,
                      "Actual Total Time": 880.447,
                      "Actual Rows": 279592,
                      "Actual Loops": 7,
                      "Hash Buckets": 4194304,
                      "Original Hash Buckets": 4194304,
                      "Hash Batches": 1,
                      "Original Hash Batches": 1,
                      "Peak Memory Usage": 109440,
                      "Plans": [
                        {
                          "Node Type": "Hash Join",
                          "Parent Relationship": "Outer",
                          "Parallel Aware": true,
                          "Join Type": "Inner",
                          "Startup Cost": 47510.0,
                          "Total Cost": 246831.76,
                          "Plan Rows": 760017,
                          "Plan Width": 8,
                          "Actual Startup Time": 122.256,
                          "Actual Total Time": 755.506,
                          "Actual Rows": 279592,
                          "Actual Loops": 7,
                          "Inner Unique": true,
                          "Hash Cond": "(mi.movie_id = t.id)",
                          "Plans": [
                            {
                              "Node Type": "Seq Scan",
                              "Parent Relationship": "Outer",
                              "Parallel Aware": true,
                              "Relation Name": "movie_info",
                              "Alias": "mi",
                              "Startup Cost": 0.0,
                              "Total Cost": 191560.33,
                              "Plan Rows": 2956733,
                              "Plan Width": 4,
                              "Actual Startup Time": 0.032,
                              "Actual Total Time": 269.744,
                              "Actual Rows": 2119389,
                              "Actual Loops": 7
                            },
                            {
                              "Node Type": "Hash",
                              "Parent Relationship": "Inner",
                              "Parallel Aware": true,
                              "Startup Cost": 45479.1,
                              "Total Cost": 45479.1,
                              "Plan Rows": 162472,
                              "Plan Width": 4,
                              "Actual Startup Time": 121.181,
                              "Actual Total Time": 121.182,
                              "Actual Rows": 79542,
                              "Actual Loops": 7,
                              "Hash Buckets": 1048576,
                              "Original Hash Buckets": 1048576,
                              "Hash Batches": 1,
                              "Original Hash Batches": 1,
                              "Peak Memory Usage": 30080,
                              "Plans": [
                                {
                                  "Node Type": "Seq Scan",
                                  "Parent Relationship": "Outer",
                                  "Parallel Aware": true,
                                  "Relation Name": "title",
                                  "Alias": "t",
                                  "Startup Cost": 0.0,
                                  "Total Cost": 45479.1,
                                  "Plan Rows": 162472,
                                  "Plan Width": 4,
                                  "Actual Startup Time": 0.043,
                                  "Actual Total Time": 78.327,
                                  "Actual Rows": 79542,
                                  "Actual Loops": 7,
                                  "Filter": "((production_year < 2001) AND (kind_id = 7))",
                                  "Rows Removed by Filter": 281645
                                }
                              ]
                            }
                          ]
                        }
                      ]
                    }
                  ]
                }
              ]
            }
          ]
        }
      ]
    },
    "Planning Time": 1.367,
    "Triggers": [],
    "Execution Time": 2922.868
  }
]