[
  {
    "Plan": {
      "Node Type": "Aggregate",
      "Strategy": "Plain",
      "Partial Mode": "Finalize",
      "Parallel Aware": false,
      "Startup Cost": 526839.62,
      "Total Cost": 526839.63,
      "Plan Rows": 1,
      "Plan Width": 64,
      "Actual Startup Time": 2330.25,
      "Actual Total Time": 2417.706,
      "Actual Rows": 1,
      "Actual Loops": 1,
      "Plans": [
        {
          "Node Type": "Gather",
          "Parent Relationship": "Outer",
          "Parallel Aware": false,
          "Startup Cost": 526838.98,
          "Total Cost": 526839.59,
          "Plan Rows": 6,
          "Plan Width": 64,
          "Actual Startup Time": 2299.169,
          "Actual Total Time": 2417.672,
          "Actual Rows": 7,
          "Actual Loops": 1,
          "Workers Planned": 6,
          "Workers Launched": 6,
          "Single Copy": false,
          "Plans": [
            {
              "Node Type": "Aggregate",
              "Strategy": "Plain",
              "Partial Mode": "Partial",
              "Parent Relationship": "Outer",
              "Parallel Aware": false,
              "Startup Cost": 525838.98,
              "Total Cost": 525838.99,
              "Plan Rows": 1,
              "Plan Width": 64,
              "Actual Startup Time": 2287.395,
              "Actual Total Time": 2289.233,
              "Actual Rows": 1,
              "Actual Loops": 7,
              "Plans": [
                {
                  "Node Type": "Hash Join",
                  "Parent Relationship": "Outer",
                  "Parallel Aware": true,
                  "Join Type": "Inner",
                  "Startup Cost": 178281.63,
                  "Total Cost": 519885.26,
                  "Plan Rows": 1190743,
                  "Plan Width": 33,
                  "Actual Startup Time": 1682.687,
                  "Actual Total Time": 2258.895,
                  "Actual Rows": 355373,
                  "Actual Loops": 7,
                  "Inner Unique": false,
                  "Hash Cond": "(ci.person_id = a1.person_id)",
                  "Plans": [
                    {
                      "Node Type": "Hash Join",
                      "Parent Relationship": "Outer",
                      "Parallel Aware": true,
                      "Join Type": "Inner",
                      "Startup Cost": 86862.27,
                      "Total Cost": 423642.59,
                      "Plan Rows": 492388,
                      "Plan Width": 21,
                      "Actual Startup Time": 1218.691,
                      "Actual Total Time": 1729.68,
                      "Actual Rows": 281523,
                      "Actual Loops": 7,
                      "Inner Unique": false,
                      "Hash Cond": "(ci.movie_id = t.id)",
                      "Plans": [
                        {
                          "Node Type": "Hash Join",
                          "Parent Relationship": "Outer",
                          "Parallel Aware": false,
                          "Join Type": "Inner",
                          "Startup Cost": 1.16,
                          "Total Cost": 334433.53,
                          "Plan Rows": 502662,
                          "Plan Width": 8,
                          "Actual Startup Time": 667.319,
                          "Actual Total Time": 1025.751,
                          "Actual Rows": 389849,
                          "Actual Loops": 7,
                          "Inner Unique": true,
                          "Hash Cond": "(ci.role_id = rt.id)",
                          "Plans": [
                            {
                              "Node Type": "Seq Scan",
                              "Parent Relationship": "Outer",
                              "Parallel Aware": true,
                              "Relation Name": "cast_info",
                              "Alias": "ci",
                              "Startup Cost": 0.0,
                              "Total Cost": 313006.41,
                              "Plan Rows": 6031941,
                              "Plan Width": 12,
                              "Actual Startup Time": 0.025,
                              "Actual Total Time": 558.407,
                              "Actual Rows": 5177763,
                              "Actual Loops": 7
                            },
                            {
                              "Node Type": "Hash",
                              "Parent Relationship": "Inner",
                              "Parallel Aware": false,
                              "Startup Cost": 1.15,
                              "Total Cost": 1.15,
                              "Plan Rows": 1,
                              "Plan Width": 4,
                              "Actual Startup Time": 0.042,
                              "Actual Total Time": 0.044,
                              "Actual Rows": 1,
                              "Actual Loops": 7,
                              "Hash Buckets": 1024,
                              "Original Hash Buckets": 1024,
                              "Hash Batches": 1,
                              "Original Hash Batches": 1,
                              "Peak Memory Usage": 9,
                              "Plans": [
                                {
                                  "Node Type": "Seq Scan",
                                  "Parent Relationship": "Outer",
                                  "Parallel Aware": false,
                                  "Relation Name": "role_type",
                                  "Alias": "rt",
                                  "Startup Cost": 0.0,
                                  "Total Cost": 1.15,
                                  "Plan Rows": 1,
                                  "Plan Width": 4,
                                  "Actual Startup Time": 0.035,
                                  "Actual Total Time": 0.037,
                                  "Actual Rows": 1,
                                  "Actual Loops": 7,
                                  "Filter": "((role)::text = 'writer'::text)",
                                  "Rows Removed by Filter": 11
                                }
                              ]
                            }
                          ]
                        },
                        {
                          "Node Type": "Hash",
                          "Parent Relationship": "Inner",
                          "Parallel Aware": true,
                          "Startup Cost": 83950.57,
                          "Total Cost": 83950.57,
                          "Plan Rows": 232843,
                          "Plan Width": 25,
                          "Actual Startup Time": 549.78,
                          "Actual Total Time": 551.607,
                          "Actual Rows": 164828,
                          "Actual Loops": 7,
                          "Hash Buckets": 2097152,
                          "Original Hash Buckets": 1048576,
                          "Hash Batches": 1,
                          "Original Hash Batches": 1,
                          "Peak Memory Usage": 95488,
                          "Plans": [
                            {
                              "Node Type": "Hash Join",
                              "Parent Relationship": "Outer",
                              "Parallel Aware": true,
                              "Join Type": "Inner",
                              "Startup Cost": 38511.19,
                              "Total Cost": 83950.57,
                              "Plan Rows": 232843,
                              "Plan Width": 25,
                              "Actual Startup Time": 223.751,
                              "Actual Total Time": 417.076,
                              "Actual Rows": 164828,
                              "Actual Loops": 7,
                              "Inner Unique": false,
                              "Hash Cond": "(t.id = mc.movie_id)",
                              "Plans": [
                                {
                                  "Node Type": "Seq Scan",
                                  "Parent Relationship": "Outer",
                                  "Parallel Aware": true,
                                  "Relation Name": "title",
                                  "Alias": "t",
                                  "Startup Cost": 0.0,
                                  "Total Cost": 42318.19,
                                  "Plan Rows": 632020,
                                  "Plan Width": 21,
                                  "Actual Startup Time": 0.026,
                                  "Actual Total Time": 54.499,
                                  "Actual Rows": 361187,
                                  "Actual Loops": 7
                                },
                                {
                                  "Node Type": "Hash",
                                  "Parent Relationship": "Inner",
                                  "Parallel Aware": true,
                                  "Startup Cost": 34755.67,
                                  "Total Cost": 34755.67,
                                  "Plan Rows": 300442,
                                  "Plan Width": 4,
                                  "Actual Startup Time": 221.497,
                                  "Actual Total Time": 223.32,
                                  "Actual Rows": 164828,
                                  "Actual Loops": 7,
                                  "Hash Buckets": 2097152,
                                  "Original Hash Buckets": 1048576,
                                  "Hash Batches": 1,
                                  "Original Hash Batches": 1,
                                  "Peak Memory Usage": 69824,
                                  "Plans": [
                                    {
                                      "Node Type": "Hash Join",
                                      "Parent Relationship": "Outer",
                                      "Parallel Aware": true,
                                      "Join Type": "Inner",
                                      "Startup Cost": 5339.73,
                                      "Total Cost": 34755.67,
                                      "Plan Rows": 300442,
                                      "Plan Width": 4,
                                      "Actual Startup Time": 14.888,
                                      "Actual Total Time": 130.259,
                                      "Actual Rows": 164828,
                                      "Actual Loops": 7,
                                      "Inner Unique": true,
                                      "Hash Cond": "(mc.company_id = cn.id)",
                                      "Plans": [
                                        {
                                          "Node Type": "Seq Scan",
                                          "Parent Relationship": "Outer",
                                          "Parallel Aware": true,
                                          "Relation Name": "movie_companies",
                                          "Alias": "mc",
                                          "Startup Cost": 0.0,
                                          "Total Cost": 27206.55,
                                          "Plan Rows": 841655,
                                          "Plan Width": 8,
                                          "Actual Startup Time": 0.022,
                                          "Actual Total Time": 49.626,
                                          "Actual Rows": 372733,
                                          "Actual Loops": 7
                                        },
                                        {
                                          "Node Type": "Hash",
                                          "Parent Relationship": "Inner",
                                          "Parallel Aware": true,
                                          "Startup Cost": 4722.92,
                                          "Total Cost": 4722.92,
                                          "Plan Rows": 49345,
                                          "Plan Width": 4,
                                          "Actual Startup Time": 14.584,
                                          "Actual Total Time": 14.585,
                                          "Actual Rows": 12120,
                                          "Actual Loops": 7,
                                          "Hash Buckets": 131072,
                                          "Original Hash Buckets": 131072,
                                          "Hash Batches": 1,
                                          "Original Hash Batches": 1,
                                          "Peak Memory Usage": 4448,
                                          "Plans": [
                                            {
                                              "Node Type": "Seq Scan",
                                              "Parent Relationship": "Outer",
                                              "Parallel Aware": true,
                                              "Relation Name": "company_name",
                                              "Alias": "cn",
                                              "Startup Cost": 0.0,
                                              "Total Cost": 4722.92,
                                              "Plan Rows": 49345,
                                              "Plan Width": 4,
                                              "Actual Startup Time": 0.072,
                                              "Actual Total Time": 9.407,
                                              "Actual Rows": 12120,
                                              "Actual Loops": 7,
                                              "Filter": "((country_code)::text = '[us]'::text)",
                                              "Rows Removed by Filter": 21451
                                            }
                                          ]
                                        }
                                      ]
                                    }
                                  ]
                                }
                              ]
                            }
                          ]
                        }
                      ]
                    },
                    {
                      "Node Type": "Hash",
                      "Parent Relationship": "Inner",
                      "Parallel Aware": true,
                      "Startup Cost": 88602.66,
                      "Total Cost": 88602.66,
                      "Plan Rows": 225336,
                      "Plan Width": 24,
                      "Actual Startup Time": 461.148,
                      "Actual Total Time": 461.153,
                      "Actual Rows": 128763,
                      "Actual Loops": 7,
                      "Hash Buckets": 1048576,
                      "Original Hash Buckets": 1048576,
                      "Hash Batches": 1,
                      "Original Hash Batches": 1,
                      "Peak Memory Usage": 61184,
                      "Plans": [
                        {
                          "Node Type": "Hash Join",
                          "Parent Relationship": "Outer",
                          "Parallel Aware": true,
                          "Join Type": "Inner",
                          "Startup Cost": 17938.01,
                          "Total Cost": 88602.66,
                          "Plan Rows": 225336,
                          "Plan Width": 24,
                          "Actual Startup Time": 119.193,
                          "Actual Total Time": 398.587,
                          "Actual Rows": 128763,
                          "Actual Loops": 7,
                          "Inner Unique": false,
                          "Hash Cond": "(n1.id = a1.person_id)",
                          "Plans": [
                            {
                              "Node Type": "Seq Scan",
                              "Parent Relationship": "Outer",
                              "Parallel Aware": true,
                              "Relation Name": "name",
                              "Alias": "n1",
                              "Startup Cost": 0.0,
                              "Total Cost": 66031.01,
                              "Plan Rows": 1041801,
                              "Plan Width": 4,
                              "Actual Startup Time": 0.035,
                              "Actual Total Time": 86.158,
                              "Actual Rows": 595356,
                              "Actual Loops": 7
                            },
                            {
                              "Node Type": "Hash",
                              "Parent Relationship": "Inner",
                              "Parallel Aware": true,
                              "Startup Cost": 14303.56,
                              "Total Cost": 14303.56,
                              "Plan Rows": 290756,
                              "Plan Width": 20,
                              "Actual Startup Time": 117.85,
                              "Actual Total Time": 117.851,
                              "Actual Rows": 128763,
                              "Actual Loops": 7,
                              "Hash Buckets": 1048576,
                              "Original Hash Buckets": 1048576,
                              "Hash Batches": 1,
                              "Original Hash Batches": 1,
                              "Peak Memory Usage": 58176,
                              "Plans": [
                                {
                                  "Node Type": "Seq Scan",
                                  "Parent Relationship": "Outer",
                                  "Parallel Aware": true,
                                  "Relation Name": "aka_name",
                                  "Alias": "a1",
                                  "Startup Cost": 0.0,
                                  "Total Cost": 14303.56,
                                  "Plan Rows": 290756,
                                  "Plan Width": 20,
                                  "Actual Startup Time": 0.089,
                                  "Actual Total Time": 36.269,
                                  "Actual Rows": 128763,
                                  "Actual Loops": 7
                                }
                              ]
                            }
                          ]
                        }
                      ]
                    }
                  ]
                }
              ]
            }
          ]
        }
      ]
    },
    "Planning Time": 12.5,
    "Triggers": [],
    "Execution Time": 2418.3
  }
]