[
  {
    "Plan": {
      "Node Type": "Aggregate",
      "Strategy": "Plain",
      "Partial Mode": "Finalize",
      "Parallel Aware": false,
      "Startup Cost": 17824.39,
      "Total Cost": 17824.4,
      "Plan Rows": 1,
      "Plan Width": 8,
      "Actual Startup Time": 24.97,
      "Actual Total Time": 28.48,
      "Actual Rows": 1,
      "Actual Loops": 1,
      "Plans": [
        {
          "Node Type": "Gather",
          "Parent Relationship": "Outer",
          "Parallel Aware": false,
          "Startup Cost": 17824.18,
          "Total Cost": 17824.39,
          "Plan Rows": 2,
          "Plan Width": 8,
          "Actual Startup Time": 24.418,
          "Actual Total Time": 28.469,
          "Actual Rows": 3,
          "Actual Loops": 1,
          "Workers Planned": 2,
          "Workers Launched": 2,
          "Single Copy": false,
          "Plans": [
            {
              "Node Type": "Aggregate",
              "Strategy": "Plain",
              "Partial Mode": "Partial",
              "Parent Relationship": "Outer",
              "Parallel Aware": false,
              "Startup Cost": 16824.18,
              "Total Cost": 16824.19,
              "Plan Rows": 1,
              "Plan Width": 8,
              "Actual Startup Time": 16.149,
              "Actual Total Time": 16.151,
              "Actual Rows": 1,
              "Actual Loops": 3,
              "Plans": [
                {
                  "Node Type": "Nested Loop",
                  "Parent Relationship": "Outer",
                  "Parallel Aware": false,
                  "Join Type": "Inner",
                  "Startup Cost": 92.04,
                  "Total Cost": 16823.34,
                  "Plan Rows": 335,
                  "Plan Width": 0,
                  "Actual Startup Time": 8.483,
                  "Actual Total Time": 16.14,
                  "Actual Rows": 7,
                  "Actual Loops": 3,
                  "Inner Unique": true,
                  "Plans": [
                    {
                      "Node Type": "Bitmap Heap Scan",
                      "Parent Relationship": "Outer",
                      "Parallel Aware": true,
                      "Relation Name": "movie_companies",
                      "Alias": "mc",
                      "Startup Cost": 91.61,
                      "Total Cost": 9965.48,
                      "Plan Rows": 865,
                      "Plan Width": 4,
                      "Actual Startup Time": 2.428,
                      "Actual Total Time": 4.959,
                      "Actual Rows": 663,
                      "Actual Loops": 3,
                      "Recheck Cond": "(company_id = 69)",
                      "Rows Removed by Index Recheck": 0,
                      "Filter": "(company_type_id > 1)",
                      "Rows Removed by Filter": 763,
                      "Exact Heap Blocks": 1614,
                      "Lossy Heap Blocks": 0,
                      "Plans": [
                        {
                          "Node Type": "Bitmap Index Scan",
                          "Parent Relationship": "Outer",
                          "Parallel Aware": false,
                          "Index Name": "company_id_movie_companies",
                          "Startup Cost": 0.0,
                          "Total Cost": 91.09,
                          "Plan Rows": 4088,
                          "Plan Width": 0,
                          "Actual Startup Time": 3.013,
                          "Actual Total Time": 3.014,
                          "Actual Rows": 4279,
                          "Actual Loops": 1,
                          "Index Cond": "(company_id = 69)"
                        }
                      ]
                    },
                    {
                      "Node Type": "Index Scan",
                      "Parent Relationship": "Inner",
                      "Parallel Aware": false,
                      "Scan Direction": "Forward",
                      "Index Name": "title_pkey",
                      "Relation Name": "title",
                      "Alias": "t",
                      "Startup Cost": 0.43,
                      "Total Cost": 7.93,
                      "Plan Rows": 1,
                      "Plan Width": 4,
                      "Actual Startup Time": 0.016,
                      "Actual Total Time": 0.016,
                      "Actual Rows": 0,
                      "Actual Loops": 1989,
                      "Index Cond": "(id = mc.movie_id)",
                      "Rows Removed by Index Recheck": 0,
                      "Filter": "((production_year > 1995) AND (kind_id = 7))",
                      "Rows Removed by Filter": 1
                    }
                  ]
                }
              ]
            }
          ]
        }
      ]
    },
    "Planning Time": 0.688,
    "Triggers": [],
    "Execution Time": 28.567
  }
]