{
  "Plan": {
    "Node Type": "Aggregate",
    "Strategy": "Plain",
    "Partial Mode": "Finalize",
    "Parallel Aware": false,
    "Startup Cost": 111636.17,
    "Total Cost": 111636.18,
    "Plan Rows": 1,
    "Plan Width": 8,
    "Actual Startup Time": 543.725,
    "Actual Total Time": 559.693,
    "Actual Rows": 1,
    "Actual Loops": 1,
    "Plans": [
      {
        "Node Type": "Gather",
        "Parent Relationship": "Outer",
        "Parallel Aware": false,
        "Startup Cost": 111636.06,
        "Total Cost": 111636.17,
        "Plan Rows": 1,
        "Plan Width": 8,
        "Actual Startup Time": 542.164,
        "Actual Total Time": 559.685,
        "Actual Rows": 2,
        "Actual Loops": 1,
        "Workers Planned": 1,
        "Workers Launched": 1,
        "Single Copy": false,
        "Plans": [
          {
            "Node Type": "Aggregate",
            "Strategy": "Plain",
            "Partial Mode": "Partial",
            "Parent Relationship": "Outer",
            "Parallel Aware": false,
            "Startup Cost": 110636.06,
            "Total Cost": 110636.07,
            "Plan Rows": 1,
            "Plan Width": 8,
            "Actual Startup Time": 536.612,
            "Actual Total Time": 536.616,
            "Actual Rows": 1,
            "Actual Loops": 2,
            "Plans": [
              {
                "Node Type": "Hash Join",
                "Parent Relationship": "Outer",
                "Parallel Aware": true,
                "Join Type": "Inner",
                "Startup Cost": 46994.83,
                "Total Cost": 109599.44,
                "Plan Rows": 414648,
                "Plan Width": 0,
                "Actual Startup Time": 186.939,
                "Actual Total Time": 527.507,
                "Actual Rows": 223962,
                "Actual Loops": 2,
                "Inner Unique": false,
                "Hash Cond": "(t.id = mc.movie_id)",
                "Plans": [
                  {
                    "Node Type": "Seq Scan",
                    "Parent Relationship": "Outer",
                    "Parallel Aware": true,
                    "Relation Name": "title",
                    "Alias": "t",
                    "Startup Cost": 0.0,
                    "Total Cost": 50870.31,
                    "Plan Rows": 1487231,
                    "Plan Width": 4,
                    "Actual Startup Time": 0.008,
                    "Actual Total Time": 114.259,
                    "Actual Rows": 1264156,
                    "Actual Loops": 2
                  },
                  {
                    "Node Type": "Hash",
                    "Parent Relationship": "Inner",
                    "Parallel Aware": true,
                    "Startup Cost": 41811.73,
                    "Total Cost": 41811.73,
                    "Plan Rows": 414648,
                    "Plan Width": 4,
                    "Actual Startup Time": 177.619,
                    "Actual Total Time": 177.62,
                    "Actual Rows": 223962,
                    "Actual Loops": 2,
                    "Hash Buckets": 1048576,
                    "Original Hash Buckets": 1048576,
                    "Hash Batches": 1,
                    "Original Hash Batches": 1,
                    "Peak Memory Usage": 25760,
                    "Plans": [
                      {
                        "Node Type": "Seq Scan",
                        "Parent Relationship": "Outer",
                        "Parallel Aware": true,
                        "Relation Name": "movie_companies",
                        "Alias": "mc",
                        "Startup Cost": 0.0,
                        "Total Cost": 41811.73,
                        "Plan Rows": 414648,
                        "Plan Width": 4,
                        "Actual Startup Time": 68.591,
                        "Actual Total Time": 126.84,
                        "Actual Rows": 223962,
                        "Actual Loops": 2,
                        "Filter": "((company_id < 11976) AND (company_type_id = 2))",
                        "Rows Removed by Filter": 1080603
                      }
                    ]
                  }
                ]
              }
            ]
          }
        ]
      }
    ]
  },
  "Planning Time": 0.691,
  "Triggers": [],
  "Execution Time": 559.76
}