{
  "Plan": {
    "Node Type": "Aggregate",
    "Strategy": "Plain",
    "Partial Mode": "Simple",
    "Parallel Aware": false,
    "Startup Cost": 64642.88,
    "Total Cost": 64642.89,
    "Plan Rows": 1,
    "Plan Width": 128,
    "Actual Startup Time": 103.907,
    "Actual Total Time": 103.913,
    "Actual Rows": 1,
    "Actual Loops": 1,
    "Plans": [
      {
        "Node Type": "Nested Loop",
        "Parent Relationship": "Outer",
        "Parallel Aware": false,
        "Join Type": "Inner",
        "Startup Cost": 4.2,
        "Total Cost": 64642.87,
        "Plan Rows": 1,
        "Plan Width": 81,
        "Actual Startup Time": 33.726,
        "Actual Total Time": 103.892,
        "Actual Rows": 28,
        "Actual Loops": 1,
        "Inner Unique": true,
        "Plans": [
          {
            "Node Type": "Nested Loop",
            "Parent Relationship": "Outer",
            "Parallel Aware": false,
            "Join Type": "Inner",
            "Startup Cost": 3.77,
            "Total Cost": 64642.18,
            "Plan Rows": 1,
            "Plan Width": 70,
            "Actual Startup Time": 33.711,
            "Actual Total Time": 103.809,
            "Actual Rows": 28,
            "Actual Loops": 1,
            "Inner Unique": true,
            "Plans": [
              {
                "Node Type": "Nested Loop",
                "Parent Relationship": "Outer",
                "Parallel Aware": false,
                "Join Type": "Inner",
                "Startup Cost": 3.35,
                "Total Cost": 64641.28,
                "Plan Rows": 2,
                "Plan Width": 74,
                "Actual Startup Time": 33.686,
                "Actual Total Time": 101.313,
                "Actual Rows": 1060,
                "Actual Loops": 1,
                "Inner Unique": false,
                "Join Filter": "(t.id = mk.movie_id)",
                "Rows Removed by Join Filter": 0,
                "Plans": [
                  {
                    "Node Type": "Nested Loop",
                    "Parent Relationship": "Outer",
                    "Parallel Aware": false,
                    "Join Type": "Inner",
                    "Startup Cost": 2.92,
                    "Total Cost": 64639.33,
                    "Plan Rows": 1,
                    "Plan Width": 90,
                    "Actual Startup Time": 33.666,
                    "Actual Total Time": 100.942,
                    "Actual Rows": 7,
                    "Actual Loops": 1,
                    "Inner Unique": true,
                    "Join Filter": "(mi.info_type_id = it1.id)",
                    "Rows Removed by Join Filter": 0,
                    "Plans": [
                      {
                        "Node Type": "Nested Loop",
                        "Parent Relationship": "Outer",
                        "Parallel Aware": false,
                        "Join Type": "Inner",
                        "Startup Cost": 2.92,
                        "Total Cost": 64636.91,
                        "Plan Rows": 1,
                        "Plan Width": 94,
                        "Actual Startup Time": 33.657,
                        "Actual Total Time": 100.898,
                        "Actual Rows": 7,
                        "Actual Loops": 1,
                        "Inner Unique": false,
                        "Join Filter": "(t.id = ci.movie_id)",
                        "Rows Removed by Join Filter": 0,
                        "Plans": [
                          {
                            "Node Type": "Nested Loop",
                            "Parent Relationship": "Outer",
                            "Parallel Aware": false,
                            "Join Type": "Inner",
                            "Startup Cost": 2.35,
                            "Total Cost": 64634.34,
                            "Plan Rows": 1,
                            "Plan Width": 86,
                            "Actual Startup Time": 33.529,
                            "Actual Total Time": 100.43,
                            "Actual Rows": 3,
                            "Actual Loops": 1,
                            "Inner Unique": false,
                            "Join Filter": "(mi_idx.info_type_id = it2.id)",
                            "Rows Removed by Join Filter": 6,
                            "Plans": [
                              {
                                "Node Type": "Seq Scan",
                                "Parent Relationship": "Outer",
                                "Parallel Aware": false,
                                "Relation Name": "info_type",
                                "Alias": "it2",
                                "Startup Cost": 0.0,
                                "Total Cost": 2.41,
                                "Plan Rows": 1,
                                "Plan Width": 4,
                                "Actual Startup Time": 0.047,
                                "Actual Total Time": 0.05,
                                "Actual Rows": 1,
                                "Actual Loops": 1,
                                "Filter": "((info)::text = 'votes'::text)",
                                "Rows Removed by Filter": 112
                              },
                              {
                                "Node Type": "Nested Loop",
                                "Parent Relationship": "Inner",
                                "Parallel Aware": false,
                                "Join Type": "Inner",
                                "Startup Cost": 2.35,
                                "Total Cost": 64631.9,
                                "Plan Rows": 2,
                                "Plan Width": 90,
                                "Actual Startup Time": 33.475,
                                "Actual Total Time": 100.372,
                                "Actual Rows": 9,
                                "Actual Loops": 1,
                                "Inner Unique": true,
                                "Join Filter": "(cc.subject_id = cct1.id)",
                                "Rows Removed by Join Filter": 0,
                                "Plans": [
                                  {
                                    "Node Type": "Nested Loop",
                                    "Parent Relationship": "Outer",
                                    "Parallel Aware": false,
                                    "Join Type": "Inner",
                                    "Startup Cost": 2.35,
                                    "Total Cost": 64630.77,
                                    "Plan Rows": 3,
                                    "Plan Width": 94,
                                    "Actual Startup Time": 33.461,
                                    "Actual Total Time": 100.351,
                                    "Actual Rows": 9,
                                    "Actual Loops": 1,
                                    "Inner Unique": false,
                                    "Join Filter": "(t.id = mi_idx.movie_id)",
                                    "Rows Removed by Join Filter": 0,
                                    "Plans": [
                                      {
                                        "Node Type": "Nested Loop",
                                        "Parent Relationship": "Outer",
                                        "Parallel Aware": false,
                                        "Join Type": "Inner",
                                        "Startup Cost": 1.93,
                                        "Total Cost": 64626.08,
                                        "Plan Rows": 5,
                                        "Plan Width": 80,
                                        "Actual Startup Time": 33.447,
                                        "Actual Total Time": 100.318,
                                        "Actual Rows": 3,
                                        "Actual Loops": 1,
                                        "Inner Unique": false,
                                        "Join Filter": "(t.id = mi.movie_id)",
                                        "Rows Removed by Join Filter": 0,
                                        "Plans": [
                                          {
                                            "Node Type": "Nested Loop",
                                            "Parent Relationship": "Outer",
                                            "Parallel Aware": false,
                                            "Join Type": "Inner",
                                            "Startup Cost": 1.49,
                                            "Total Cost": 63265.59,
                                            "Plan Rows": 178,
                                            "Plan Width": 29,
                                            "Actual Startup Time": 33.262,
                                            "Actual Total Time": 99.992,
                                            "Actual Rows": 2,
                                            "Actual Loops": 1,
                                            "Inner Unique": true,
                                            "Plans": [
                                              {
                                                "Node Type": "Hash Join",
                                                "Parent Relationship": "Outer",
                                                "Parallel Aware": false,
                                                "Join Type": "Inner",
                                                "Startup Cost": 1.06,
                                                "Total Cost": 2813.24,
                                                "Plan Rows": 33772,
                                                "Plan Width": 8,
                                                "Actual Startup Time": 0.058,
                                                "Actual Total Time": 25.827,
                                                "Actual Rows": 24592,
                                                "Actual Loops": 1,
                                                "Inner Unique": true,
                                                "Hash Cond": "(cc.status_id = cct2.id)",
                                                "Plans": [
                                                  {
                                                    "Node Type": "Seq Scan",
                                                    "Parent Relationship": "Outer",
                                                    "Parallel Aware": false,
                                                    "Relation Name": "complete_cast",
                                                    "Alias": "cc",
                                                    "Startup Cost": 0.0,
                                                    "Total Cost": 2081.86,
                                                    "Plan Rows": 135086,
                                                    "Plan Width": 12,
                                                    "Actual Startup Time": 0.02,
                                                    "Actual Total Time": 11.026,
                                                    "Actual Rows": 135086,
                                                    "Actual Loops": 1
                                                  },
                                                  {
                                                    "Node Type": "Hash",
                                                    "Parent Relationship": "Inner",
                                                    "Parallel Aware": false,
                                                    "Startup Cost": 1.05,
                                                    "Total Cost": 1.05,
                                                    "Plan Rows": 1,
                                                    "Plan Width": 4,
                                                    "Actual Startup Time": 0.021,
                                                    "Actual Total Time": 0.022,
                                                    "Actual Rows": 1,
                                                    "Actual Loops": 1,
                                                    "Hash Buckets": 1024,
                                                    "Original Hash Buckets": 1024,
                                                    "Hash Batches": 1,
                                                    "Original Hash Batches": 1,
                                                    "Peak Memory Usage": 9,
                                                    "Plans": [
                                                      {
                                                        "Node Type": "Seq Scan",
                                                        "Parent Relationship": "Outer",
                                                        "Parallel Aware": false,
                                                        "Relation Name": "comp_cast_type",
                                                        "Alias": "cct2",
                                                        "Startup Cost": 0.0,
                                                        "Total Cost": 1.05,
                                                        "Plan Rows": 1,
                                                        "Plan Width": 4,
                                                        "Actual Startup Time": 0.013,
                                                        "Actual Total Time": 0.015,
                                                        "Actual Rows": 1,
                                                        "Actual Loops": 1,
                                                        "Filter": "((kind)::text = 'complete+verified'::text)",
                                                        "Rows Removed by Filter": 3
                                                      }
                                                    ]
                                                  }
                                                ]
                                              },
                                              {
                                                "Node Type": "Index Scan",
                                                "Parent Relationship": "Inner",
                                                "Parallel Aware": false,
                                                "Scan Direction": "Forward",
                                                "Index Name": "title_pkey",
                                                "Relation Name": "title",
                                                "Alias": "t",
                                                "Startup Cost": 0.43,
                                                "Total Cost": 1.79,
                                                "Plan Rows": 1,
                                                "Plan Width": 21,
                                                "Actual Startup Time": 0.003,
                                                "Actual Total Time": 0.003,
                                                "Actual Rows": 0,
                                                "Actual Loops": 24592,
                                                "Index Cond": "(id = cc.movie_id)",
                                                "Rows Removed by Index Recheck": 0,
                                                "Filter": "((production_year > 2000) AND ((title ~~ '%Freddy%'::text) OR (title ~~ '%Jason%'::text) OR (title ~~ 'Saw%'::text)))",
                                                "Rows Removed by Filter": 1
                                              }
                                            ]
                                          },
                                          {
                                            "Node Type": "Index Scan",
                                            "Parent Relationship": "Inner",
                                            "Parallel Aware": false,
                                            "Scan Direction": "Forward",
                                            "Index Name": "movie_id_movie_info",
                                            "Relation Name": "movie_info",
                                            "Alias": "mi",
                                            "Startup Cost": 0.43,
                                            "Total Cost": 7.63,
                                            "Plan Rows": 1,
                                            "Plan Width": 51,
                                            "Actual Startup Time": 0.159,
                                            "Actual Total Time": 0.16,
                                            "Actual Rows": 2,
                                            "Actual Loops": 2,
                                            "Index Cond": "(movie_id = cc.movie_id)",
                                            "Rows Removed by Index Recheck": 0,
                                            "Filter": "(info = ANY ('{Horror,Thriller}'::text[]))",
                                            "Rows Removed by Filter": 452
                                          }
                                        ]
                                      },
                                      {
                                        "Node Type": "Index Scan",
                                        "Parent Relationship": "Inner",
                                        "Parallel Aware": false,
                                        "Scan Direction": "Forward",
                                        "Index Name": "movie_id_movie_info_idx",
                                        "Relation Name": "movie_info_idx",
                                        "Alias": "mi_idx",
                                        "Startup Cost": 0.43,
                                        "Total Cost": 0.9,
                                        "Plan Rows": 3,
                                        "Plan Width": 14,
                                        "Actual Startup Time": 0.007,
                                        "Actual Total Time": 0.008,
                                        "Actual Rows": 3,
                                        "Actual Loops": 3,
                                        "Index Cond": "(movie_id = cc.movie_id)",
                                        "Rows Removed by Index Recheck": 0
                                      }
                                    ]
                                  },
                                  {
                                    "Node Type": "Materialize",
                                    "Parent Relationship": "Inner",
                                    "Parallel Aware": false,
                                    "Startup Cost": 0.0,
                                    "Total Cost": 1.06,
                                    "Plan Rows": 2,
                                    "Plan Width": 4,
                                    "Actual Startup Time": 0.002,
                                    "Actual Total Time": 0.002,
                                    "Actual Rows": 1,
                                    "Actual Loops": 9,
                                    "Plans": [
                                      {
                                        "Node Type": "Seq Scan",
                                        "Parent Relationship": "Outer",
                                        "Parallel Aware": false,
                                        "Relation Name": "comp_cast_type",
                                        "Alias": "cct1",
                                        "Startup Cost": 0.0,
                                        "Total Cost": 1.05,
                                        "Plan Rows": 2,
                                        "Plan Width": 4,
                                        "Actual Startup Time": 0.01,
                                        "Actual Total Time": 0.01,
                                        "Actual Rows": 1,
                                        "Actual Loops": 1,
                                        "Filter": "((kind)::text = ANY ('{cast,crew}'::text[]))",
                                        "Rows Removed by Filter": 0
                                      }
                                    ]
                                  }
                                ]
                              }
                            ]
                          },
                          {
                            "Node Type": "Index Scan",
                            "Parent Relationship": "Inner",
                            "Parallel Aware": false,
                            "Scan Direction": "Forward",
                            "Index Name": "movie_id_cast_info",
                            "Relation Name": "cast_info",
                            "Alias": "ci",
                            "Startup Cost": 0.56,
                            "Total Cost": 2.55,
                            "Plan Rows": 1,
                            "Plan Width": 8,
                            "Actual Startup Time": 0.075,
                            "Actual Total Time": 0.154,
                            "Actual Rows": 2,
                            "Actual Loops": 3,
                            "Index Cond": "(movie_id = mi_idx.movie_id)",
                            "Rows Removed by Index Recheck": 0,
                            "Filter": "(note = ANY ('{(writer),\"(head writer)\",\"(written by)\",(story),\"(story editor)\"}'::text[]))",
                            "Rows Removed by Filter": 107
                          }
                        ]
                      },
                      {
                        "Node Type": "Seq Scan",
                        "Parent Relationship": "Inner",
                        "Parallel Aware": false,
                        "Relation Name": "info_type",
                        "Alias": "it1",
                        "Startup Cost": 0.0,
                        "Total Cost": 2.41,
                        "Plan Rows": 1,
                        "Plan Width": 4,
                        "Actual Startup Time": 0.003,
                        "Actual Total Time": 0.003,
                        "Actual Rows": 1,
                        "Actual Loops": 7,
                        "Filter": "((info)::text = 'genres'::text)",
                        "Rows Removed by Filter": 2
                      }
                    ]
                  },
                  {
                    "Node Type": "Index Scan",
                    "Parent Relationship": "Inner",
                    "Parallel Aware": false,
                    "Scan Direction": "Forward",
                    "Index Name": "movie_id_movie_keyword",
                    "Relation Name": "movie_keyword",
                    "Alias": "mk",
                    "Startup Cost": 0.43,
                    "Total Cost": 1.37,
                    "Plan Rows": 46,
                    "Plan Width": 8,
                    "Actual Startup Time": 0.008,
                    "Actual Total Time": 0.029,
                    "Actual Rows": 151,
                    "Actual Loops": 7,
                    "Index Cond": "(movie_id = mi_idx.movie_id)",
                    "Rows Removed by Index Recheck": 0
                  }
                ]
              },
              {
                "Node Type": "Index Scan",
                "Parent Relationship": "Inner",
                "Parallel Aware": false,
                "Scan Direction": "Forward",
                "Index Name": "keyword_pkey",
                "Relation Name": "keyword",
                "Alias": "k",
                "Startup Cost": 0.42,
                "Total Cost": 0.45,
                "Plan Rows": 1,
                "Plan Width": 4,
                "Actual Startup Time": 0.002,
                "Actual Total Time": 0.002,
                "Actual Rows": 0,
                "Actual Loops": 1060,
                "Index Cond": "(id = mk.keyword_id)",
                "Rows Removed by Index Recheck": 0,
                "Filter": "(keyword = ANY ('{murder,violence,blood,gore,death,female-nudity,hospital}'::text[]))",
                "Rows Removed by Filter": 1
              }
            ]
          },
          {
            "Node Type": "Index Scan",
            "Parent Relationship": "Inner",
            "Parallel Aware": false,
            "Scan Direction": "Forward",
            "Index Name": "name_pkey",
            "Relation Name": "name",
            "Alias": "n",
            "Startup Cost": 0.43,
            "Total Cost": 0.69,
            "Plan Rows": 1,
            "Plan Width": 19,
            "Actual Startup Time": 0.003,
            "Actual Total Time": 0.003,
            "Actual Rows": 1,
            "Actual Loops": 28,
            "Index Cond": "(id = ci.person_id)",
            "Rows Removed by Index Recheck": 0,
            "Filter": "((gender)::text = 'm'::text)",
            "Rows Removed by Filter": 0
          }
        ]
      }
    ]
  },
  "Planning Time": 3.772,
  "Triggers": [],
  "Execution Time": 104.126
}