[
    {
        "Bao": {
            "Bao prediction": 1296.485,
            "Bao recommended hint": "(no hint)"
        }
    },
    {
        "Plan": {
            "Node Type": "Aggregate",
            "Strategy": "Plain",
            "Partial Mode": "Finalize",
            "Parallel Aware": false,
            "Startup Cost": 670904.78,
            "Total Cost": 670904.79,
            "Plan Rows": 1,
            "Plan Width": 8,
            "Actual Startup Time": 10049.798,
            "Actual Total Time": 10126.139,
            "Actual Rows": 1,
            "Actual Loops": 1,
            "Output": [
                "count(*)"
            ],
            "Plans": [
                {
                    "Node Type": "Gather",
                    "Parent Relationship": "Outer",
                    "Parallel Aware": false,
                    "Startup Cost": 670904.15,
                    "Total Cost": 670904.76,
                    "Plan Rows": 6,
                    "Plan Width": 8,
                    "Actual Startup Time": 9974.51,
                    "Actual Total Time": 10126.125,
                    "Actual Rows": 7,
                    "Actual Loops": 1,
                    "Output": [
                        "(PARTIAL count(*))"
                    ],
                    "Workers Planned": 6,
                    "Workers Launched": 6,
                    "Single Copy": false,
                    "Plans": [
                        {
                            "Node Type": "Aggregate",
                            "Strategy": "Plain",
                            "Partial Mode": "Partial",
                            "Parent Relationship": "Outer",
                            "Parallel Aware": false,
                            "Startup Cost": 669904.15,
                            "Total Cost": 669904.16,
                            "Plan Rows": 1,
                            "Plan Width": 8,
                            "Actual Startup Time": 9941.819,
                            "Actual Total Time": 9943.261,
                            "Actual Rows": 1,
                            "Actual Loops": 7,
                            "Output": [
                                "PARTIAL count(*)"
                            ],
                            "Workers": [
                                {
                                    "Worker Number": 0,
                                    "Actual Startup Time": 9934.861,
                                    "Actual Total Time": 9934.865,
                                    "Actual Rows": 1,
                                    "Actual Loops": 1
                                },
                                {
                                    "Worker Number": 1,
                                    "Actual Startup Time": 9936.293,
                                    "Actual Total Time": 9936.297,
                                    "Actual Rows": 1,
                                    "Actual Loops": 1
                                },
                                {
                                    "Worker Number": 2,
                                    "Actual Startup Time": 9935.962,
                                    "Actual Total Time": 9935.967,
                                    "Actual Rows": 1,
                                    "Actual Loops": 1
                                },
                                {
                                    "Worker Number": 3,
                                    "Actual Startup Time": 9934.978,
                                    "Actual Total Time": 9934.984,
                                    "Actual Rows": 1,
                                    "Actual Loops": 1
                                },
                                {
                                    "Worker Number": 4,
                                    "Actual Startup Time": 9936.177,
                                    "Actual Total Time": 9936.181,
                                    "Actual Rows": 1,
                                    "Actual Loops": 1
                                },
                                {
                                    "Worker Number": 5,
                                    "Actual Startup Time": 9940.955,
                                    "Actual Total Time": 9940.959,
                                    "Actual Rows": 1,
                                    "Actual Loops": 1
                                }
                            ],
                            "Plans": [
                                {
                                    "Node Type": "Hash Join",
                                    "Parent Relationship": "Outer",
                                    "Parallel Aware": true,
                                    "Join Type": "Inner",
                                    "Startup Cost": 267769.38,
                                    "Total Cost": 633032.76,
                                    "Plan Rows": 14748556,
                                    "Plan Width": 0,
                                    "Actual Startup Time": 1445.079,
                                    "Actual Total Time": 8173.222,
                                    "Actual Rows": 39625752,
                                    "Actual Loops": 7,
                                    "Inner Unique": false,
                                    "Hash Cond": "(ci.movie_id = t.id)",
                                    "Workers": [
                                        {
                                            "Worker Number": 0,
                                            "Actual Startup Time": 1438.871,
                                            "Actual Total Time": 8135.136,
                                            "Actual Rows": 38549238,
                                            "Actual Loops": 1
                                        },
                                        {
                                            "Worker Number": 1,
                                            "Actual Startup Time": 1440.051,
                                            "Actual Total Time": 8082.209,
                                            "Actual Rows": 36722849,
                                            "Actual Loops": 1
                                        },
                                        {
                                            "Worker Number": 2,
                                            "Actual Startup Time": 1439.934,
                                            "Actual Total Time": 8226.821,
                                            "Actual Rows": 40713335,
                                            "Actual Loops": 1
                                        },
                                        {
                                            "Worker Number": 3,
                                            "Actual Startup Time": 1438.912,
                                            "Actual Total Time": 8208.58,
                                            "Actual Rows": 41110273,
                                            "Actual Loops": 1
                                        },
                                        {
                                            "Worker Number": 4,
                                            "Actual Startup Time": 1440.181,
                                            "Actual Total Time": 8159.921,
                                            "Actual Rows": 40704540,
                                            "Actual Loops": 1
                                        },
                                        {
                                            "Worker Number": 5,
                                            "Actual Startup Time": 1440.186,
                                            "Actual Total Time": 8159.178,
                                            "Actual Rows": 41308439,
                                            "Actual Loops": 1
                                        }
                                    ],
                                    "Plans": [
                                        {
                                            "Node Type": "Seq Scan",
                                            "Parent Relationship": "Outer",
                                            "Parallel Aware": true,
                                            "Relation Name": "cast_info",
                                            "Schema": "public",
                                            "Alias": "ci",
                                            "Startup Cost": 0.0,
                                            "Total Cost": 313108.29,
                                            "Plan Rows": 6042129,
                                            "Plan Width": 4,
                                            "Actual Startup Time": 0.027,
                                            "Actual Total Time": 495.096,
                                            "Actual Rows": 5177763,
                                            "Actual Loops": 7,
                                            "Output": [
                                                "ci.id",
                                                "ci.person_id",
                                                "ci.movie_id",
                                                "ci.person_role_id",
                                                "ci.note",
                                                "ci.nr_order",
                                                "ci.role_id"
                                            ],
                                            "Workers": [
                                                {
                                                    "Worker Number": 0,
                                                    "Actual Startup Time": 0.028,
                                                    "Actual Total Time": 512.822,
                                                    "Actual Rows": 4989916,
                                                    "Actual Loops": 1
                                                },
                                                {
                                                    "Worker Number": 1,
                                                    "Actual Startup Time": 0.03,
                                                    "Actual Total Time": 512.253,
                                                    "Actual Rows": 4707363,
                                                    "Actual Loops": 1
                                                },
                                                {
                                                    "Worker Number": 2,
                                                    "Actual Startup Time": 0.037,
                                                    "Actual Total Time": 512.624,
                                                    "Actual Rows": 5268689,
                                                    "Actual Loops": 1
                                                },
                                                {
                                                    "Worker Number": 3,
                                                    "Actual Startup Time": 0.027,
                                                    "Actual Total Time": 511.069,
                                                    "Actual Rows": 5303879,
                                                    "Actual Loops": 1
                                                },
                                                {
                                                    "Worker Number": 4,
                                                    "Actual Startup Time": 0.028,
                                                    "Actual Total Time": 496.209,
                                                    "Actual Rows": 5308513,
                                                    "Actual Loops": 1
                                                },
                                                {
                                                    "Worker Number": 5,
                                                    "Actual Startup Time": 0.027,
                                                    "Actual Total Time": 497.359,
                                                    "Actual Rows": 5388405,
                                                    "Actual Loops": 1
                                                }
                                            ]
                                        },
                                        {
                                            "Node Type": "Hash",
                                            "Parent Relationship": "Inner",
                                            "Parallel Aware": true,
                                            "Startup Cost": 252340.59,
                                            "Total Cost": 252340.59,
                                            "Plan Rows": 1234303,
                                            "Plan Width": 8,
                                            "Actual Startup Time": 1434.661,
                                            "Actual Total Time": 1436.102,
                                            "Actual Rows": 889071,
                                            "Actual Loops": 7,
                                            "Output": [
                                                "t.id",
                                                "mi.movie_id"
                                            ],
                                            "Hash Buckets": 8388608,
                                            "Original Hash Buckets": 8388608,
                                            "Hash Batches": 1,
                                            "Original Hash Batches": 1,
                                            "Peak Memory Usage": 309120,
                                            "Workers": [
                                                {
                                                    "Worker Number": 0,
                                                    "Actual Startup Time": 1437.712,
                                                    "Actual Total Time": 1437.715,
                                                    "Actual Rows": 869238,
                                                    "Actual Loops": 1
                                                },
                                                {
                                                    "Worker Number": 1,
                                                    "Actual Startup Time": 1439.322,
                                                    "Actual Total Time": 1439.324,
                                                    "Actual Rows": 887748,
                                                    "Actual Loops": 1
                                                },
                                                {
                                                    "Worker Number": 2,
                                                    "Actual Startup Time": 1439.076,
                                                    "Actual Total Time": 1439.08,
                                                    "Actual Rows": 854435,
                                                    "Actual Loops": 1
                                                },
                                                {
                                                    "Worker Number": 3,
                                                    "Actual Startup Time": 1437.606,
                                                    "Actual Total Time": 1437.609,
                                                    "Actual Rows": 868429,
                                                    "Actual Loops": 1
                                                },
                                                {
                                                    "Worker Number": 4,
                                                    "Actual Startup Time": 1439.413,
                                                    "Actual Total Time": 1439.416,
                                                    "Actual Rows": 888062,
                                                    "Actual Loops": 1
                                                },
                                                {
                                                    "Worker Number": 5,
                                                    "Actual Startup Time": 1439.414,
                                                    "Actual Total Time": 1439.417,
                                                    "Actual Rows": 889260,
                                                    "Actual Loops": 1
                                                }
                                            ],
                                            "Plans": [
                                                {
                                                    "Node Type": "Hash Join",
                                                    "Parent Relationship": "Outer",
                                                    "Parallel Aware": true,
                                                    "Join Type": "Inner",
                                                    "Startup Cost": 50219.81,
                                                    "Total Cost": 252340.59,
                                                    "Plan Rows": 1234303,
                                                    "Plan Width": 8,
                                                    "Actual Startup Time": 302.633,
                                                    "Actual Total Time": 1036.095,
                                                    "Actual Rows": 889071,
                                                    "Actual Loops": 7,
                                                    "Output": [
                                                        "t.id",
                                                        "mi.movie_id"
                                                    ],
                                                    "Inner Unique": true,
                                                    "Hash Cond": "(mi.movie_id = t.id)",
                                                    "Workers": [
                                                        {
                                                            "Worker Number": 0,
                                                            "Actual Startup Time": 302.612,
                                                            "Actual Total Time": 1038.438,
                                                            "Actual Rows": 869238,
                                                            "Actual Loops": 1
                                                        },
                                                        {
                                                            "Worker Number": 1,
                                                            "Actual Startup Time": 302.654,
                                                            "Actual Total Time": 1035.751,
                                                            "Actual Rows": 887748,
                                                            "Actual Loops": 1
                                                        },
                                                        {
                                                            "Worker Number": 2,
                                                            "Actual Startup Time": 302.607,
                                                            "Actual Total Time": 1037.558,
                                                            "Actual Rows": 854435,
                                                            "Actual Loops": 1
                                                        },
                                                        {
                                                            "Worker Number": 3,
                                                            "Actual Startup Time": 302.594,
                                                            "Actual Total Time": 1039.553,
                                                            "Actual Rows": 868429,
                                                            "Actual Loops": 1
                                                        },
                                                        {
                                                            "Worker Number": 4,
                                                            "Actual Startup Time": 302.603,
                                                            "Actual Total Time": 1036.304,
                                                            "Actual Rows": 888062,
                                                            "Actual Loops": 1
                                                        },
                                                        {
                                                            "Worker Number": 5,
                                                            "Actual Startup Time": 302.601,
                                                            "Actual Total Time": 1036.286,
                                                            "Actual Rows": 889260,
                                                            "Actual Loops": 1
                                                        }
                                                    ],
                                                    "Plans": [
                                                        {
                                                            "Node Type": "Seq Scan",
                                                            "Parent Relationship": "Outer",
                                                            "Parallel Aware": true,
                                                            "Relation Name": "movie_info",
                                                            "Schema": "public",
                                                            "Alias": "mi",
                                                            "Startup Cost": 0.0,
                                                            "Total Cost": 198880.74,
                                                            "Plan Rows": 1234303,
                                                            "Plan Width": 4,
                                                            "Actual Startup Time": 19.549,
                                                            "Actual Total Time": 386.967,
                                                            "Actual Rows": 889071,
                                                            "Actual Loops": 7,
                                                            "Output": [
                                                                "mi.id",
                                                                "mi.movie_id",
                                                                "mi.info_type_id",
                                                                "mi.info",
                                                                "mi.note"
                                                            ],
                                                            "Filter": "(mi.info_type_id > 8)",
                                                            "Rows Removed by Filter": 1230318,
                                                            "Workers": [
                                                                {
                                                                    "Worker Number": 0,
                                                                    "Actual Startup Time": 19.53,
                                                                    "Actual Total Time": 395.293,
                                                                    "Actual Rows": 869238,
                                                                    "Actual Loops": 1
                                                                },
                                                                {
                                                                    "Worker Number": 1,
                                                                    "Actual Startup Time": 19.515,
                                                                    "Actual Total Time": 394.452,
                                                                    "Actual Rows": 887748,
                                                                    "Actual Loops": 1
                                                                },
                                                                {
                                                                    "Worker Number": 2,
                                                                    "Actual Startup Time": 19.535,
                                                                    "Actual Total Time": 394.229,
                                                                    "Actual Rows": 854435,
                                                                    "Actual Loops": 1
                                                                },
                                                                {
                                                                    "Worker Number": 3,
                                                                    "Actual Startup Time": 19.528,
                                                                    "Actual Total Time": 394.683,
                                                                    "Actual Rows": 868429,
                                                                    "Actual Loops": 1
                                                                },
                                                                {
                                                                    "Worker Number": 4,
                                                                    "Actual Startup Time": 19.592,
                                                                    "Actual Total Time": 394.216,
                                                                    "Actual Rows": 888062,
                                                                    "Actual Loops": 1
                                                                },
                                                                {
                                                                    "Worker Number": 5,
                                                                    "Actual Startup Time": 19.538,
                                                                    "Actual Total Time": 394.522,
                                                                    "Actual Rows": 889260,
                                                                    "Actual Loops": 1
                                                                }
                                                            ]
                                                        },
                                                        {
                                                            "Node Type": "Hash",
                                                            "Parent Relationship": "Inner",
                                                            "Parallel Aware": true,
                                                            "Startup Cost": 42318.81,
                                                            "Total Cost": 42318.81,
                                                            "Plan Rows": 632080,
                                                            "Plan Width": 4,
                                                            "Actual Startup Time": 279.511,
                                                            "Actual Total Time": 279.512,
                                                            "Actual Rows": 361187,
                                                            "Actual Loops": 7,
                                                            "Output": [
                                                                "t.id"
                                                            ],
                                                            "Hash Buckets": 4194304,
                                                            "Original Hash Buckets": 4194304,
                                                            "Hash Batches": 1,
                                                            "Original Hash Batches": 1,
                                                            "Peak Memory Usage": 131776,
                                                            "Workers": [
                                                                {
                                                                    "Worker Number": 0,
                                                                    "Actual Startup Time": 282.76,
                                                                    "Actual Total Time": 282.761,
                                                                    "Actual Rows": 281722,
                                                                    "Actual Loops": 1
                                                                },
                                                                {
                                                                    "Worker Number": 1,
                                                                    "Actual Startup Time": 282.829,
                                                                    "Actual Total Time": 282.83,
                                                                    "Actual Rows": 358931,
                                                                    "Actual Loops": 1
                                                                },
                                                                {
                                                                    "Worker Number": 2,
                                                                    "Actual Startup Time": 282.769,
                                                                    "Actual Total Time": 282.771,
                                                                    "Actual Rows": 359530,
                                                                    "Actual Loops": 1
                                                                },
                                                                {
                                                                    "Worker Number": 3,
                                                                    "Actual Startup Time": 282.784,
                                                                    "Actual Total Time": 282.786,
                                                                    "Actual Rows": 248943,
                                                                    "Actual Loops": 1
                                                                },
                                                                {
                                                                    "Worker Number": 4,
                                                                    "Actual Startup Time": 282.89,
                                                                    "Actual Total Time": 282.891,
                                                                    "Actual Rows": 357992,
                                                                    "Actual Loops": 1
                                                                },
                                                                {
                                                                    "Worker Number": 5,
                                                                    "Actual Startup Time": 282.788,
                                                                    "Actual Total Time": 282.789,
                                                                    "Actual Rows": 363029,
                                                                    "Actual Loops": 1
                                                                }
                                                            ],
                                                            "Plans": [
                                                                {
                                                                    "Node Type": "Seq Scan",
                                                                    "Parent Relationship": "Outer",
                                                                    "Parallel Aware": true,
                                                                    "Relation Name": "title",
                                                                    "Schema": "public",
                                                                    "Alias": "t",
                                                                    "Startup Cost": 0.0,
                                                                    "Total Cost": 42318.81,
                                                                    "Plan Rows": 632080,
                                                                    "Plan Width": 4,
                                                                    "Actual Startup Time": 0.047,
                                                                    "Actual Total Time": 86.655,
                                                                    "Actual Rows": 361187,
                                                                    "Actual Loops": 7,
                                                                    "Output": [
                                                                        "t.id"
                                                                    ],
                                                                    "Workers": [
                                                                        {
                                                                            "Worker Number": 0,
                                                                            "Actual Startup Time": 0.064,
                                                                            "Actual Total Time": 93.044,
                                                                            "Actual Rows": 281722,
                                                                            "Actual Loops": 1
                                                                        },
                                                                        {
                                                                            "Worker Number": 1,
                                                                            "Actual Startup Time": 0.042,
                                                                            "Actual Total Time": 87.48,
                                                                            "Actual Rows": 358931,
                                                                            "Actual Loops": 1
                                                                        },
                                                                        {
                                                                            "Worker Number": 2,
                                                                            "Actual Startup Time": 0.049,
                                                                            "Actual Total Time": 88.482,
                                                                            "Actual Rows": 359530,
                                                                            "Actual Loops": 1
                                                                        },
                                                                        {
                                                                            "Worker Number": 3,
                                                                            "Actual Startup Time": 0.064,
                                                                            "Actual Total Time": 95.2,
                                                                            "Actual Rows": 248943,
                                                                            "Actual Loops": 1
                                                                        },
                                                                        {
                                                                            "Worker Number": 4,
                                                                            "Actual Startup Time": 0.043,
                                                                            "Actual Total Time": 86.624,
                                                                            "Actual Rows": 357992,
                                                                            "Actual Loops": 1
                                                                        },
                                                                        {
                                                                            "Worker Number": 5,
                                                                            "Actual Startup Time": 0.057,
                                                                            "Actual Total Time": 87.408,
                                                                            "Actual Rows": 363029,
                                                                            "Actual Loops": 1
                                                                        }
                                                                    ]
                                                                }
                                                            ]
                                                        }
                                                    ]
                                                }
                                            ]
                                        }
                                    ]
                                }
                            ]
                        }
                    ]
                }
            ]
        },
        "Planning Time": 821.627,
        "Triggers": [],
        "Execution Time": 10126.277
    }
]