[
  {
    "Plan": {
      "Node Type": "Aggregate",
      "Strategy": "Plain",
      "Partial Mode": "Finalize",
      "Parallel Aware": false,
      "Startup Cost": 372502.45,
      "Total Cost": 372502.46,
      "Plan Rows": 1,
      "Plan Width": 8,
      "Actual Startup Time": 591.389,
      "Actual Total Time": 673.676,
      "Actual Rows": 1,
      "Actual Loops": 1,
      "Plans": [
        {
          "Node Type": "Gather",
          "Parent Relationship": "Outer",
          "Parallel Aware": false,
          "Startup Cost": 372502.03,
          "Total Cost": 372502.44,
          "Plan Rows": 4,
          "Plan Width": 8,
          "Actual Startup Time": 590.998,
          "Actual Total Time": 673.663,
          "Actual Rows": 5,
          "Actual Loops": 1,
          "Workers Planned": 4,
          "Workers Launched": 4,
          "Single Copy": false,
          "Plans": [
            {
              "Node Type": "Aggregate",
              "Strategy": "Plain",
              "Partial Mode": "Partial",
              "Parent Relationship": "Outer",
              "Parallel Aware": false,
              "Startup Cost": 371502.03,
              "Total Cost": 371502.04,
              "Plan Rows": 1,
              "Plan Width": 8,
              "Actual Startup Time": 580.764,
              "Actual Total Time": 580.765,
              "Actual Rows": 1,
              "Actual Loops": 5,
              "Plans": [
                {
                  "Node Type": "Nested Loop",
                  "Parent Relationship": "Outer",
                  "Parallel Aware": false,
                  "Join Type": "Inner",
                  "Startup Cost": 0.56,
                  "Total Cost": 370962.03,
                  "Plan Rows": 216000,
                  "Plan Width": 0,
                  "Actual Startup Time": 46.261,
                  "Actual Total Time": 567.04,
                  "Actual Rows": 210476,
                  "Actual Loops": 5,
                  "Inner Unique": false,
                  "Plans": [
                    {
                      "Node Type": "Seq Scan",
                      "Parent Relationship": "Outer",
                      "Parallel Aware": true,
                      "Relation Name": "title",
                      "Alias": "t",
                      "Startup Cost": 0.0,
                      "Total Cost": 45479.1,
                      "Plan Rows": 15074,
                      "Plan Width": 4,
                      "Actual Startup Time": 46.127,
                      "Actual Total Time": 87.175,
                      "Actual Rows": 12316,
                      "Actual Loops": 5,
                      "Filter": "((production_year > 2011) AND (kind_id = 1))",
                      "Rows Removed by Filter": 493346
                    },
                    {
                      "Node Type": "Index Only Scan",
                      "Parent Relationship": "Inner",
                      "Parallel Aware": false,
                      "Scan Direction": "Forward",
                      "Index Name": "movie_id_cast_info",
                      "Relation Name": "cast_info",
                      "Alias": "ci",
                      "Startup Cost": 0.56,
                      "Total Cost": 21.22,
                      "Plan Rows": 37,
                      "Plan Width": 4,
                      "Actual Startup Time": 0.008,
                      "Actual Total Time": 0.037,
                      "Actual Rows": 17,
                      "Actual Loops": 61581,
                      "Index Cond": "(movie_id = t.id)",
                      "Rows Removed by Index Recheck": 0,
                      "Heap Fetches": 1052378
                    }
                  ]
                }
              ]
            }
          ]
        }
      ]
    },
    "Planning Time": 0.556,
    "Triggers": [],
    "Execution Time": 673.765
  }
]