[
  {
    "Plan": {
      "Node Type": "Aggregate",
      "Strategy": "Plain",
      "Partial Mode": "Finalize",
      "Parallel Aware": false,
      "Startup Cost": 46483.81,
      "Total Cost": 46483.82,
      "Plan Rows": 1,
      "Plan Width": 8,
      "Actual Startup Time": 221.102,
      "Actual Total Time": 231.762,
      "Actual Rows": 1,
      "Actual Loops": 1,
      "Plans": [
        {
          "Node Type": "Gather",
          "Parent Relationship": "Outer",
          "Parallel Aware": false,
          "Startup Cost": 46483.49,
          "Total Cost": 46483.8,
          "Plan Rows": 3,
          "Plan Width": 8,
          "Actual Startup Time": 220.923,
          "Actual Total Time": 231.75,
          "Actual Rows": 4,
          "Actual Loops": 1,
          "Workers Planned": 3,
          "Workers Launched": 3,
          "Single Copy": false,
          "Plans": [
            {
              "Node Type": "Aggregate",
              "Strategy": "Plain",
              "Partial Mode": "Partial",
              "Parent Relationship": "Outer",
              "Parallel Aware": false,
              "Startup Cost": 45483.49,
              "Total Cost": 45483.5,
              "Plan Rows": 1,
              "Plan Width": 8,
              "Actual Startup Time": 213.357,
              "Actual Total Time": 213.358,
              "Actual Rows": 1,
              "Actual Loops": 4,
              "Plans": [
                {
                  "Node Type": "Seq Scan",
                  "Parent Relationship": "Outer",
                  "Parallel Aware": true,
                  "Relation Name": "movie_keyword",
                  "Alias": "mk",
                  "Startup Cost": 0.0,
                  "Total Cost": 42695.65,
                  "Plan Rows": 1115135,
                  "Plan Width": 0,
                  "Actual Startup Time": 0.06,
                  "Actual Total Time": 159.703,
                  "Actual Rows": 865538,
                  "Actual Loops": 4,
                  "Filter": "(keyword_id < 16523)",
                  "Rows Removed by Filter": 265445
                }
              ]
            }
          ]
        }
      ]
    },
    "Planning Time": 0.183,
    "Triggers": [],
    "Execution Time": 231.818
  }
]