[
  {
    "Plan": {
      "Node Type": "Aggregate",
      "Strategy": "Plain",
      "Partial Mode": "Finalize",
      "Parallel Aware": false,
      "Startup Cost": 111906.64,
      "Total Cost": 111906.65,
      "Plan Rows": 1,
      "Plan Width": 8,
      "Actual Startup Time": 628.251,
      "Actual Total Time": 648.846,
      "Actual Rows": 1,
      "Actual Loops": 1,
      "Plans": [
        {
          "Node Type": "Gather",
          "Parent Relationship": "Outer",
          "Parallel Aware": false,
          "Startup Cost": 111906.32,
          "Total Cost": 111906.63,
          "Plan Rows": 3,
          "Plan Width": 8,
          "Actual Startup Time": 617.783,
          "Actual Total Time": 648.835,
          "Actual Rows": 4,
          "Actual Loops": 1,
          "Workers Planned": 3,
          "Workers Launched": 3,
          "Single Copy": false,
          "Plans": [
            {
              "Node Type": "Aggregate",
              "Strategy": "Plain",
              "Partial Mode": "Partial",
              "Parent Relationship": "Outer",
              "Parallel Aware": false,
              "Startup Cost": 110906.32,
              "Total Cost": 110906.33,
              "Plan Rows": 1,
              "Plan Width": 8,
              "Actual Startup Time": 596.063,
              "Actual Total Time": 596.071,
              "Actual Rows": 1,
              "Actual Loops": 4,
              "Plans": [
                {
                  "Node Type": "Hash Join",
                  "Parent Relationship": "Outer",
                  "Parallel Aware": true,
                  "Join Type": "Inner",
                  "Startup Cost": 80194.38,
                  "Total Cost": 110753.86,
                  "Plan Rows": 60985,
                  "Plan Width": 0,
                  "Actual Startup Time": 449.182,
                  "Actual Total Time": 579.844,
                  "Actual Rows": 412117,
                  "Actual Loops": 4,
                  "Inner Unique": false,
                  "Hash Cond": "(mc.movie_id = t.id)",
                  "Plans": [
                    {
                      "Node Type": "Seq Scan",
                      "Parent Relationship": "Outer",
                      "Parallel Aware": true,
                      "Relation Name": "movie_companies",
                      "Alias": "mc",
                      "Startup Cost": 0.0,
                      "Total Cost": 27206.55,
                      "Plan Rows": 841655,
                      "Plan Width": 4,
                      "Actual Startup Time": 0.021,
                      "Actual Total Time": 55.453,
                      "Actual Rows": 652282,
                      "Actual Loops": 4
                    },
                    {
                      "Node Type": "Hash",
                      "Parent Relationship": "Inner",
                      "Parallel Aware": true,
                      "Startup Cost": 79455.68,
                      "Total Cost": 79455.68,
                      "Plan Rows": 59096,
                      "Plan Width": 8,
                      "Actual Startup Time": 423.021,
                      "Actual Total Time": 423.027,
                      "Actual Rows": 44641,
                      "Actual Loops": 4,
                      "Hash Buckets": 262144,
                      "Original Hash Buckets": 262144,
                      "Hash Batches": 1,
                      "Original Hash Batches": 1,
                      "Peak Memory Usage": 9056,
                      "Plans": [
                        {
                          "Node Type": "Hash Join",
                          "Parent Relationship": "Outer",
                          "Parallel Aware": true,
                          "Join Type": "Inner",
                          "Startup Cost": 54107.85,
                          "Total Cost": 79455.68,
                          "Plan Rows": 59096,
                          "Plan Width": 8,
                          "Actual Startup Time": 351.481,
                          "Actual Total Time": 405.324,
                          "Actual Rows": 44641,
                          "Actual Loops": 4,
                          "Inner Unique": true,
                          "Hash Cond": "(mk.movie_id = t.id)",
                          "Plans": [
                            {
                              "Node Type": "Bitmap Heap Scan",
                              "Parent Relationship": "Outer",
                              "Parallel Aware": true,
                              "Relation Name": "movie_keyword",
                              "Alias": "mk",
                              "Startup Cost": 3888.21,
                              "Total Cost": 29080.91,
                              "Plan Rows": 59096,
                              "Plan Width": 4,
                              "Actual Startup Time": 13.131,
                              "Actual Total Time": 49.23,
                              "Actual Rows": 44641,
                              "Actual Loops": 4,
                              "Recheck Cond": "(keyword_id > 71708)",
                              "Rows Removed by Index Recheck": 0,
                              "Exact Heap Blocks": 6495,
                              "Lossy Heap Blocks": 0,
                              "Plans": [
                                {
                                  "Node Type": "Bitmap Index Scan",
                                  "Parent Relationship": "Outer",
                                  "Parallel Aware": false,
                                  "Index Name": "keyword_id_movie_keyword",
                                  "Startup Cost": 0.0,
                                  "Total Cost": 3842.41,
                                  "Plan Rows": 183197,
                                  "Plan Width": 0,
                                  "Actual Startup Time": 10.204,
                                  "Actual Total Time": 10.204,
                                  "Actual Rows": 178564,
                                  "Actual Loops": 1,
                                  "Index Cond": "(keyword_id > 71708)"
                                }
                              ]
                            },
                            {
                              "Node Type": "Hash",
                              "Parent Relationship": "Inner",
                              "Parallel Aware": true,
                              "Startup Cost": 42318.73,
                              "Total Cost": 42318.73,
                              "Plan Rows": 632073,
                              "Plan Width": 4,
                              "Actual Startup Time": 328.772,
                              "Actual Total Time": 328.772,
                              "Actual Rows": 632078,
                              "Actual Loops": 4,
                              "Hash Buckets": 4194304,
                              "Original Hash Buckets": 4194304,
                              "Hash Batches": 1,
                              "Original Hash Batches": 1,
                              "Peak Memory Usage": 131744,
                              "Plans": [
                                {
                                  "Node Type": "Seq Scan",
                                  "Parent Relationship": "Outer",
                                  "Parallel Aware": true,
                                  "Relation Name": "title",
                                  "Alias": "t",
                                  "Startup Cost": 0.0,
                                  "Total Cost": 42318.73,
                                  "Plan Rows": 632073,
                                  "Plan Width": 4,
                                  "Actual Startup Time": 0.033,
                                  "Actual Total Time": 95.613,
                                  "Actual Rows": 632078,
                                  "Actual Loops": 4
                                }
                              ]
                            }
                          ]
                        }
                      ]
                    }
                  ]
                }
              ]
            }
          ]
        }
      ]
    },
    "Planning Time": 1.472,
    "Triggers": [],
    "Execution Time": 648.952
  }
]