[
  {
    "Plan": {
      "Node Type": "Aggregate",
      "Strategy": "Plain",
      "Partial Mode": "Finalize",
      "Parallel Aware": false,
      "Startup Cost": 32794.33,
      "Total Cost": 32794.34,
      "Plan Rows": 1,
      "Plan Width": 8,
      "Actual Startup Time": 91.527,
      "Actual Total Time": 98.841,
      "Actual Rows": 1,
      "Actual Loops": 1,
      "Plans": [
        {
          "Node Type": "Gather",
          "Parent Relationship": "Outer",
          "Parallel Aware": false,
          "Startup Cost": 32794.02,
          "Total Cost": 32794.33,
          "Plan Rows": 3,
          "Plan Width": 8,
          "Actual Startup Time": 91.38,
          "Actual Total Time": 98.832,
          "Actual Rows": 4,
          "Actual Loops": 1,
          "Workers Planned": 3,
          "Workers Launched": 3,
          "Single Copy": false,
          "Plans": [
            {
              "Node Type": "Aggregate",
              "Strategy": "Plain",
              "Partial Mode": "Partial",
              "Parent Relationship": "Outer",
              "Parallel Aware": false,
              "Startup Cost": 31794.02,
              "Total Cost": 31794.03,
              "Plan Rows": 1,
              "Plan Width": 8,
              "Actual Startup Time": 84.009,
              "Actual Total Time": 84.01,
              "Actual Rows": 1,
              "Actual Loops": 4,
              "Plans": [
                {
                  "Node Type": "Seq Scan",
                  "Parent Relationship": "Outer",
                  "Parallel Aware": true,
                  "Relation Name": "movie_companies",
                  "Alias": "mc",
                  "Startup Cost": 0.0,
                  "Total Cost": 31414.82,
                  "Plan Rows": 151679,
                  "Plan Width": 0,
                  "Actual Startup Time": 23.856,
                  "Actual Total Time": 81.772,
                  "Actual Rows": 40434,
                  "Actual Loops": 4,
                  "Filter": "((company_id > 17847) AND (company_type_id < 2))",
                  "Rows Removed by Filter": 611848
                }
              ]
            }
          ]
        }
      ]
    },
    "Planning Time": 0.209,
    "Triggers": [],
    "Execution Time": 98.886
  }
]