[
  {
    "Plan": {
      "Node Type": "Aggregate",
      "Strategy": "Plain",
      "Partial Mode": "Finalize",
      "Parallel Aware": false,
      "Startup Cost": 346423.09,
      "Total Cost": 346423.1,
      "Plan Rows": 1,
      "Plan Width": 8,
      "Actual Startup Time": 613.027,
      "Actual Total Time": 668.564,
      "Actual Rows": 1,
      "Actual Loops": 1,
      "Plans": [
        {
          "Node Type": "Gather",
          "Parent Relationship": "Outer",
          "Parallel Aware": false,
          "Startup Cost": 346422.46,
          "Total Cost": 346423.07,
          "Plan Rows": 6,
          "Plan Width": 8,
          "Actual Startup Time": 612.925,
          "Actual Total Time": 668.554,
          "Actual Rows": 7,
          "Actual Loops": 1,
          "Workers Planned": 6,
          "Workers Launched": 6,
          "Single Copy": false,
          "Plans": [
            {
              "Node Type": "Aggregate",
              "Strategy": "Plain",
              "Partial Mode": "Partial",
              "Parent Relationship": "Outer",
              "Parallel Aware": false,
              "Startup Cost": 345422.46,
              "Total Cost": 345422.47,
              "Plan Rows": 1,
              "Plan Width": 8,
              "Actual Startup Time": 603.494,
              "Actual Total Time": 603.495,
              "Actual Rows": 1,
              "Actual Loops": 7,
              "Plans": [
                {
                  "Node Type": "Seq Scan",
                  "Parent Relationship": "Outer",
                  "Parallel Aware": true,
                  "Relation Name": "cast_info",
                  "Alias": "ci",
                  "Startup Cost": 0.0,
                  "Total Cost": 343257.03,
                  "Plan Rows": 866174,
                  "Plan Width": 0,
                  "Actual Startup Time": 218.088,
                  "Actual Total Time": 589.683,
                  "Actual Rows": 321073,
                  "Actual Loops": 7,
                  "Filter": "((person_id < 790432) AND (role_id > 1))",
                  "Rows Removed by Filter": 4856690
                }
              ]
            }
          ]
        }
      ]
    },
    "Planning Time": 0.23,
    "Triggers": [],
    "Execution Time": 668.63
  }
]