{
    "Plan": {
        "Node Type": "Aggregate",
        "Strategy": "Plain",
        "Partial Mode": "Finalize",
        "Parallel Aware": false,
        "Startup Cost": 115276.43,
        "Total Cost": 115276.44,
        "Plan Rows": 1,
        "Plan Width": 8,
        "Actual Startup Time": 309.199,
        "Actual Total Time": 335.917,
        "Actual Rows": 1,
        "Actual Loops": 1,
        "Output": [
            "count(*)"
        ],
        "Plans": [
            {
                "Node Type": "Gather",
                "Parent Relationship": "Outer",
                "Parallel Aware": false,
                "Startup Cost": 115276.11,
                "Total Cost": 115276.42,
                "Plan Rows": 3,
                "Plan Width": 8,
                "Actual Startup Time": 308.772,
                "Actual Total Time": 335.909,
                "Actual Rows": 4,
                "Actual Loops": 1,
                "Output": [
                    "(PARTIAL count(*))"
                ],
                "Workers Planned": 3,
                "Workers Launched": 3,
                "Single Copy": false,
                "Plans": [
                    {
                        "Node Type": "Aggregate",
                        "Strategy": "Plain",
                        "Partial Mode": "Partial",
                        "Parent Relationship": "Outer",
                        "Parallel Aware": false,
                        "Startup Cost": 114276.11,
                        "Total Cost": 114276.12,
                        "Plan Rows": 1,
                        "Plan Width": 8,
                        "Actual Startup Time": 299.265,
                        "Actual Total Time": 299.268,
                        "Actual Rows": 1,
                        "Actual Loops": 4,
                        "Output": [
                            "PARTIAL count(*)"
                        ],
                        "Workers": [
                            {
                                "Worker Number": 0,
                                "Actual Startup Time": 296.135,
                                "Actual Total Time": 296.138,
                                "Actual Rows": 1,
                                "Actual Loops": 1
                            },
                            {
                                "Worker Number": 1,
                                "Actual Startup Time": 296.218,
                                "Actual Total Time": 296.22,
                                "Actual Rows": 1,
                                "Actual Loops": 1
                            },
                            {
                                "Worker Number": 2,
                                "Actual Startup Time": 296.68,
                                "Actual Total Time": 296.683,
                                "Actual Rows": 1,
                                "Actual Loops": 1
                            }
                        ],
                        "Plans": [
                            {
                                "Node Type": "Nested Loop",
                                "Parent Relationship": "Outer",
                                "Parallel Aware": false,
                                "Join Type": "Inner",
                                "Startup Cost": 45788.33,
                                "Total Cost": 114031.52,
                                "Plan Rows": 97838,
                                "Plan Width": 0,
                                "Actual Startup Time": 139.458,
                                "Actual Total Time": 295.908,
                                "Actual Rows": 58754,
                                "Actual Loops": 4,
                                "Inner Unique": false,
                                "Join Filter": "(t.id = mi.movie_id)",
                                "Rows Removed by Join Filter": 0,
                                "Workers": [
                                    {
                                        "Worker Number": 0,
                                        "Actual Startup Time": 136.302,
                                        "Actual Total Time": 292.865,
                                        "Actual Rows": 59843,
                                        "Actual Loops": 1
                                    },
                                    {
                                        "Worker Number": 1,
                                        "Actual Startup Time": 136.608,
                                        "Actual Total Time": 292.935,
                                        "Actual Rows": 58958,
                                        "Actual Loops": 1
                                    },
                                    {
                                        "Worker Number": 2,
                                        "Actual Startup Time": 136.8,
                                        "Actual Total Time": 293.336,
                                        "Actual Rows": 35134,
                                        "Actual Loops": 1
                                    }
                                ],
                                "Plans": [
                                    {
                                        "Node Type": "Hash Join",
                                        "Parent Relationship": "Outer",
                                        "Parallel Aware": true,
                                        "Join Type": "Inner",
                                        "Startup Cost": 45787.9,
                                        "Total Cost": 76224.97,
                                        "Plan Rows": 16765,
                                        "Plan Width": 8,
                                        "Actual Startup Time": 139.362,
                                        "Actual Total Time": 215.517,
                                        "Actual Rows": 7743,
                                        "Actual Loops": 4,
                                        "Output": [
                                            "t.id",
                                            "mc.movie_id"
                                        ],
                                        "Inner Unique": true,
                                        "Hash Cond": "(mc.movie_id = t.id)",
                                        "Workers": [
                                            {
                                                "Worker Number": 0,
                                                "Actual Startup Time": 136.18,
                                                "Actual Total Time": 205.712,
                                                "Actual Rows": 7959,
                                                "Actual Loops": 1
                                            },
                                            {
                                                "Worker Number": 1,
                                                "Actual Startup Time": 136.521,
                                                "Actual Total Time": 206.521,
                                                "Actual Rows": 7372,
                                                "Actual Loops": 1
                                            },
                                            {
                                                "Worker Number": 2,
                                                "Actual Startup Time": 136.654,
                                                "Actual Total Time": 208.521,
                                                "Actual Rows": 5003,
                                                "Actual Loops": 1
                                            }
                                        ],
                                        "Plans": [
                                            {
                                                "Node Type": "Seq Scan",
                                                "Parent Relationship": "Outer",
                                                "Parallel Aware": true,
                                                "Relation Name": "movie_companies",
                                                "Schema": "public",
                                                "Alias": "mc",
                                                "Startup Cost": 0.0,
                                                "Total Cost": 29310.68,
                                                "Plan Rows": 429104,
                                                "Plan Width": 4,
                                                "Actual Startup Time": 27.74,
                                                "Actual Total Time": 63.16,
                                                "Actual Rows": 333721,
                                                "Actual Loops": 4,
                                                "Output": [
                                                    "mc.id",
                                                    "mc.movie_id",
                                                    "mc.company_id",
                                                    "mc.company_type_id",
                                                    "mc.note"
                                                ],
                                                "Filter": "(mc.company_type_id > 1)",
                                                "Rows Removed by Filter": 318562,
                                                "Workers": [
                                                    {
                                                        "Worker Number": 0,
                                                        "Actual Startup Time": 27.713,
                                                        "Actual Total Time": 59.456,
                                                        "Actual Rows": 315236,
                                                        "Actual Loops": 1
                                                    },
                                                    {
                                                        "Worker Number": 1,
                                                        "Actual Startup Time": 27.765,
                                                        "Actual Total Time": 60.134,
                                                        "Actual Rows": 322063,
                                                        "Actual Loops": 1
                                                    },
                                                    {
                                                        "Worker Number": 2,
                                                        "Actual Startup Time": 27.716,
                                                        "Actual Total Time": 61.798,
                                                        "Actual Rows": 208121,
                                                        "Actual Loops": 1
                                                    }
                                                ]
                                            },
                                            {
                                                "Node Type": "Hash",
                                                "Parent Relationship": "Inner",
                                                "Parallel Aware": true,
                                                "Startup Cost": 45479.21,
                                                "Total Cost": 45479.21,
                                                "Plan Rows": 24695,
                                                "Plan Width": 4,
                                                "Actual Startup Time": 109.881,
                                                "Actual Total Time": 109.882,
                                                "Actual Rows": 26023,
                                                "Actual Loops": 4,
                                                "Output": [
                                                    "t.id"
                                                ],
                                                "Hash Buckets": 131072,
                                                "Original Hash Buckets": 131072,
                                                "Hash Batches": 1,
                                                "Original Hash Batches": 1,
                                                "Peak Memory Usage": 5152,
                                                "Workers": [
                                                    {
                                                        "Worker Number": 0,
                                                        "Actual Startup Time": 108.033,
                                                        "Actual Total Time": 108.034,
                                                        "Actual Rows": 23244,
                                                        "Actual Loops": 1
                                                    },
                                                    {
                                                        "Worker Number": 1,
                                                        "Actual Startup Time": 108.073,
                                                        "Actual Total Time": 108.074,
                                                        "Actual Rows": 23247,
                                                        "Actual Loops": 1
                                                    },
                                                    {
                                                        "Worker Number": 2,
                                                        "Actual Startup Time": 108.452,
                                                        "Actual Total Time": 108.453,
                                                        "Actual Rows": 18765,
                                                        "Actual Loops": 1
                                                    }
                                                ],
                                                "Plans": [
                                                    {
                                                        "Node Type": "Seq Scan",
                                                        "Parent Relationship": "Outer",
                                                        "Parallel Aware": true,
                                                        "Relation Name": "title",
                                                        "Schema": "public",
                                                        "Alias": "t",
                                                        "Startup Cost": 0.0,
                                                        "Total Cost": 45479.21,
                                                        "Plan Rows": 24695,
                                                        "Plan Width": 4,
                                                        "Actual Startup Time": 0.062,
                                                        "Actual Total Time": 99.287,
                                                        "Actual Rows": 26023,
                                                        "Actual Loops": 4,
                                                        "Output": [
                                                            "t.id"
                                                        ],
                                                        "Filter": "((t.kind_id > 2) AND (t.production_year = 2010))",
                                                        "Rows Removed by Filter": 606055,
                                                        "Workers": [
                                                            {
                                                                "Worker Number": 0,
                                                                "Actual Startup Time": 0.073,
                                                                "Actual Total Time": 98.046,
                                                                "Actual Rows": 23244,
                                                                "Actual Loops": 1
                                                            },
                                                            {
                                                                "Worker Number": 1,
                                                                "Actual Startup Time": 0.079,
                                                                "Actual Total Time": 97.512,
                                                                "Actual Rows": 23247,
                                                                "Actual Loops": 1
                                                            },
                                                            {
                                                                "Worker Number": 2,
                                                                "Actual Startup Time": 0.071,
                                                                "Actual Total Time": 98.595,
                                                                "Actual Rows": 18765,
                                                                "Actual Loops": 1
                                                            }
                                                        ]
                                                    }
                                                ]
                                            }
                                        ]
                                    },
                                    {
                                        "Node Type": "Index Only Scan",
                                        "Parent Relationship": "Inner",
                                        "Parallel Aware": false,
                                        "Scan Direction": "Forward",
                                        "Index Name": "movie_id_movie_info",
                                        "Relation Name": "movie_info",
                                        "Schema": "public",
                                        "Alias": "mi",
                                        "Startup Cost": 0.43,
                                        "Total Cost": 1.77,
                                        "Plan Rows": 39,
                                        "Plan Width": 4,
                                        "Actual Startup Time": 0.004,
                                        "Actual Total Time": 0.009,
                                        "Actual Rows": 8,
                                        "Actual Loops": 30973,
                                        "Output": [
                                            "mi.movie_id"
                                        ],
                                        "Index Cond": "(mi.movie_id = mc.movie_id)",
                                        "Rows Removed by Index Recheck": 0,
                                        "Heap Fetches": 235015,
                                        "Workers": [
                                            {
                                                "Worker Number": 0,
                                                "Actual Startup Time": 0.004,
                                                "Actual Total Time": 0.01,
                                                "Actual Rows": 8,
                                                "Actual Loops": 7959
                                            },
                                            {
                                                "Worker Number": 1,
                                                "Actual Startup Time": 0.004,
                                                "Actual Total Time": 0.011,
                                                "Actual Rows": 8,
                                                "Actual Loops": 7372
                                            },
                                            {
                                                "Worker Number": 2,
                                                "Actual Startup Time": 0.006,
                                                "Actual Total Time": 0.015,
                                                "Actual Rows": 7,
                                                "Actual Loops": 5003
                                            }
                                        ]
                                    }
                                ]
                            }
                        ]
                    }
                ]
            }
        ]
    },
    "Planning Time": 1.683,
    "Triggers": [],
    "Execution Time": 336.012
}