[
  {
    "Plan": {
      "Node Type": "Aggregate",
      "Strategy": "Plain",
      "Partial Mode": "Finalize",
      "Parallel Aware": false,
      "Startup Cost": 223946.72,
      "Total Cost": 223946.73,
      "Plan Rows": 1,
      "Plan Width": 8,
      "Actual Startup Time": 148.571,
      "Actual Total Time": 172.097,
      "Actual Rows": 1,
      "Actual Loops": 1,
      "Plans": [
        {
          "Node Type": "Gather",
          "Parent Relationship": "Outer",
          "Parallel Aware": false,
          "Startup Cost": 223946.3,
          "Total Cost": 223946.71,
          "Plan Rows": 4,
          "Plan Width": 8,
          "Actual Startup Time": 148.453,
          "Actual Total Time": 172.088,
          "Actual Rows": 5,
          "Actual Loops": 1,
          "Workers Planned": 4,
          "Workers Launched": 4,
          "Single Copy": false,
          "Plans": [
            {
              "Node Type": "Aggregate",
              "Strategy": "Plain",
              "Partial Mode": "Partial",
              "Parent Relationship": "Outer",
              "Parallel Aware": false,
              "Startup Cost": 222946.3,
              "Total Cost": 222946.31,
              "Plan Rows": 1,
              "Plan Width": 8,
              "Actual Startup Time": 138.774,
              "Actual Total Time": 138.776,
              "Actual Rows": 1,
              "Actual Loops": 5,
              "Plans": [
                {
                  "Node Type": "Nested Loop",
                  "Parent Relationship": "Outer",
                  "Parallel Aware": false,
                  "Join Type": "Inner",
                  "Startup Cost": 0.43,
                  "Total Cost": 222934.56,
                  "Plan Rows": 4697,
                  "Plan Width": 0,
                  "Actual Startup Time": 0.446,
                  "Actual Total Time": 138.369,
                  "Actual Rows": 3177,
                  "Actual Loops": 5,
                  "Inner Unique": false,
                  "Plans": [
                    {
                      "Node Type": "Seq Scan",
                      "Parent Relationship": "Outer",
                      "Parallel Aware": true,
                      "Relation Name": "title",
                      "Alias": "t",
                      "Startup Cost": 0.0,
                      "Total Cost": 43898.92,
                      "Plan Rows": 3982,
                      "Plan Width": 4,
                      "Actual Startup Time": 0.234,
                      "Actual Total Time": 75.5,
                      "Actual Rows": 2808,
                      "Actual Loops": 5,
                      "Filter": "(production_year = 1977)",
                      "Rows Removed by Filter": 502855
                    },
                    {
                      "Node Type": "Index Scan",
                      "Parent Relationship": "Inner",
                      "Parallel Aware": false,
                      "Scan Direction": "Forward",
                      "Index Name": "movie_id_movie_info",
                      "Relation Name": "movie_info",
                      "Alias": "mi",
                      "Startup Cost": 0.43,
                      "Total Cost": 44.88,
                      "Plan Rows": 8,
                      "Plan Width": 4,
                      "Actual Startup Time": 0.016,
                      "Actual Total Time": 0.022,
                      "Actual Rows": 1,
                      "Actual Loops": 14038,
                      "Index Cond": "(movie_id = t.id)",
                      "Rows Removed by Index Recheck": 0,
                      "Filter": "(info_type_id = 16)",
                      "Rows Removed by Filter": 5
                    }
                  ]
                }
              ]
            }
          ]
        }
      ]
    },
    "Planning Time": 0.586,
    "Triggers": [],
    "Execution Time": 172.168
  }
]