[
  {
    "Plan": {
      "Node Type": "Aggregate",
      "Strategy": "Plain",
      "Partial Mode": "Finalize",
      "Parallel Aware": false,
      "Startup Cost": 215528.9,
      "Total Cost": 215528.91,
      "Plan Rows": 1,
      "Plan Width": 8,
      "Actual Startup Time": 234.219,
      "Actual Total Time": 246.9,
      "Actual Rows": 1,
      "Actual Loops": 1,
      "Plans": [
        {
          "Node Type": "Gather",
          "Parent Relationship": "Outer",
          "Parallel Aware": false,
          "Startup Cost": 215528.38,
          "Total Cost": 215528.89,
          "Plan Rows": 5,
          "Plan Width": 8,
          "Actual Startup Time": 227.7,
          "Actual Total Time": 246.889,
          "Actual Rows": 6,
          "Actual Loops": 1,
          "Workers Planned": 5,
          "Workers Launched": 5,
          "Single Copy": false,
          "Plans": [
            {
              "Node Type": "Aggregate",
              "Strategy": "Plain",
              "Partial Mode": "Partial",
              "Parent Relationship": "Outer",
              "Parallel Aware": false,
              "Startup Cost": 214528.38,
              "Total Cost": 214528.39,
              "Plan Rows": 1,
              "Plan Width": 8,
              "Actual Startup Time": 217.823,
              "Actual Total Time": 217.828,
              "Actual Rows": 1,
              "Actual Loops": 6,
              "Plans": [
                {
                  "Node Type": "Hash Join",
                  "Parent Relationship": "Outer",
                  "Parallel Aware": true,
                  "Join Type": "Inner",
                  "Startup Cost": 49367.35,
                  "Total Cost": 214502.23,
                  "Plan Rows": 10457,
                  "Plan Width": 0,
                  "Actual Startup Time": 205.866,
                  "Actual Total Time": 217.272,
                  "Actual Rows": 6901,
                  "Actual Loops": 6,
                  "Inner Unique": true,
                  "Hash Cond": "(mi.movie_id = t.id)",
                  "Plans": [
                    {
                      "Node Type": "Bitmap Heap Scan",
                      "Parent Relationship": "Outer",
                      "Parallel Aware": true,
                      "Relation Name": "movie_info",
                      "Alias": "mi",
                      "Startup Cost": 2647.66,
                      "Total Cost": 167705.65,
                      "Plan Rows": 29296,
                      "Plan Width": 4,
                      "Actual Startup Time": 26.134,
                      "Actual Total Time": 38.964,
                      "Actual Rows": 24581,
                      "Actual Loops": 6,
                      "Recheck Cond": "(info_type_id = 107)",
                      "Rows Removed by Index Recheck": 0,
                      "Exact Heap Blocks": 1078,
                      "Lossy Heap Blocks": 0,
                      "Plans": [
                        {
                          "Node Type": "Bitmap Index Scan",
                          "Parent Relationship": "Outer",
                          "Parallel Aware": false,
                          "Index Name": "info_type_id_movie_info",
                          "Startup Cost": 0.0,
                          "Total Cost": 2611.04,
                          "Plan Rows": 146481,
                          "Plan Width": 0,
                          "Actual Startup Time": 24.892,
                          "Actual Total Time": 24.894,
                          "Actual Rows": 147487,
                          "Actual Loops": 1,
                          "Index Cond": "(info_type_id = 107)"
                        }
                      ]
                    },
                    {
                      "Node Type": "Hash",
                      "Parent Relationship": "Inner",
                      "Parallel Aware": true,
                      "Startup Cost": 43899.32,
                      "Total Cost": 43899.32,
                      "Plan Rows": 225629,
                      "Plan Width": 4,
                      "Actual Startup Time": 166.336,
                      "Actual Total Time": 166.337,
                      "Actual Rows": 150748,
                      "Actual Loops": 6,
                      "Hash Buckets": 1048576,
                      "Original Hash Buckets": 1048576,
                      "Hash Batches": 1,
                      "Original Hash Batches": 1,
                      "Peak Memory Usage": 43680,
                      "Plans": [
                        {
                          "Node Type": "Seq Scan",
                          "Parent Relationship": "Outer",
                          "Parallel Aware": true,
                          "Relation Name": "title",
                          "Alias": "t",
                          "Startup Cost": 0.0,
                          "Total Cost": 43899.32,
                          "Plan Rows": 225629,
                          "Plan Width": 4,
                          "Actual Startup Time": 0.033,
                          "Actual Total Time": 94.202,
                          "Actual Rows": 150748,
                          "Actual Loops": 6,
                          "Filter": "(production_year > 2006)",
                          "Rows Removed by Filter": 270637
                        }
                      ]
                    }
                  ]
                }
              ]
            }
          ]
        }
      ]
    },
    "Planning Time": 0.484,
    "Triggers": [],
    "Execution Time": 246.981
  }
]