[
  {
    "Plan": {
      "Node Type": "Aggregate",
      "Strategy": "Plain",
      "Partial Mode": "Finalize",
      "Parallel Aware": false,
      "Startup Cost": 448377.09,
      "Total Cost": 448377.1,
      "Plan Rows": 1,
      "Plan Width": 8,
      "Actual Startup Time": 2376.108,
      "Actual Total Time": 2432.607,
      "Actual Rows": 1,
      "Actual Loops": 1,
      "Plans": [
        {
          "Node Type": "Gather",
          "Parent Relationship": "Outer",
          "Parallel Aware": false,
          "Startup Cost": 448376.46,
          "Total Cost": 448377.07,
          "Plan Rows": 6,
          "Plan Width": 8,
          "Actual Startup Time": 2357.889,
          "Actual Total Time": 2432.594,
          "Actual Rows": 7,
          "Actual Loops": 1,
          "Workers Planned": 6,
          "Workers Launched": 6,
          "Single Copy": false,
          "Plans": [
            {
              "Node Type": "Aggregate",
              "Strategy": "Plain",
              "Partial Mode": "Partial",
              "Parent Relationship": "Outer",
              "Parallel Aware": false,
              "Startup Cost": 447376.46,
              "Total Cost": 447376.47,
              "Plan Rows": 1,
              "Plan Width": 8,
              "Actual Startup Time": 2347.072,
              "Actual Total Time": 2347.31,
              "Actual Rows": 1,
              "Actual Loops": 7,
              "Plans": [
                {
                  "Node Type": "Hash Join",
                  "Parent Relationship": "Outer",
                  "Parallel Aware": true,
                  "Join Type": "Inner",
                  "Startup Cost": 94487.11,
                  "Total Cost": 446004.59,
                  "Plan Rows": 548750,
                  "Plan Width": 0,
                  "Actual Startup Time": 779.999,
                  "Actual Total Time": 2058.485,
                  "Actual Rows": 5905811,
                  "Actual Loops": 7,
                  "Inner Unique": false,
                  "Hash Cond": "(ci.movie_id = t.id)",
                  "Plans": [
                    {
                      "Node Type": "Seq Scan",
                      "Parent Relationship": "Outer",
                      "Parallel Aware": true,
                      "Relation Name": "cast_info",
                      "Alias": "ci",
                      "Startup Cost": 0.0,
                      "Total Cost": 343257.03,
                      "Plan Rows": 1730743,
                      "Plan Width": 4,
                      "Actual Startup Time": 360.817,
                      "Actual Total Time": 720.061,
                      "Actual Rows": 1777610,
                      "Actual Loops": 7,
                      "Filter": "((person_id > 1309629) AND (role_id > 2))",
                      "Rows Removed by Filter": 3400153
                    },
                    {
                      "Node Type": "Hash",
                      "Parent Relationship": "Inner",
                      "Parallel Aware": true,
                      "Startup Cost": 91254.76,
                      "Total Cost": 91254.76,
                      "Plan Rows": 258588,
                      "Plan Width": 8,
                      "Actual Startup Time": 415.765,
                      "Actual Total Time": 416.001,
                      "Actual Rows": 281582,
                      "Actual Loops": 7,
                      "Hash Buckets": 2097152,
                      "Original Hash Buckets": 1048576,
                      "Hash Batches": 1,
                      "Original Hash Batches": 1,
                      "Peak Memory Usage": 101824,
                      "Plans": [
                        {
                          "Node Type": "Hash Join",
                          "Parent Relationship": "Outer",
                          "Parallel Aware": true,
                          "Join Type": "Inner",
                          "Startup Cost": 45971.59,
                          "Total Cost": 91254.76,
                          "Plan Rows": 258588,
                          "Plan Width": 8,
                          "Actual Startup Time": 158.995,
                          "Actual Total Time": 301.857,
                          "Actual Rows": 281582,
                          "Actual Loops": 7,
                          "Inner Unique": true,
                          "Hash Cond": "(mk.movie_id = t.id)",
                          "Plans": [
                            {
                              "Node Type": "Seq Scan",
                              "Parent Relationship": "Outer",
                              "Parallel Aware": true,
                              "Relation Name": "movie_keyword",
                              "Alias": "mk",
                              "Startup Cost": 0.0,
                              "Total Cost": 42695.65,
                              "Plan Rows": 985721,
                              "Plan Width": 4,
                              "Actual Startup Time": 0.035,
                              "Actual Total Time": 87.291,
                              "Actual Rows": 435361,
                              "Actual Loops": 7,
                              "Filter": "(keyword_id < 11139)",
                              "Rows Removed by Filter": 210914
                            },
                            {
                              "Node Type": "Hash",
                              "Parent Relationship": "Inner",
                              "Parallel Aware": true,
                              "Startup Cost": 43898.92,
                              "Total Cost": 43898.92,
                              "Plan Rows": 165814,
                              "Plan Width": 4,
                              "Actual Startup Time": 130.984,
                              "Actual Total Time": 130.986,
                              "Actual Rows": 94689,
                              "Actual Loops": 7,
                              "Hash Buckets": 1048576,
                              "Original Hash Buckets": 1048576,
                              "Hash Batches": 1,
                              "Original Hash Batches": 1,
                              "Peak Memory Usage": 34208,
                              "Plans": [
                                {
                                  "Node Type": "Seq Scan",
                                  "Parent Relationship": "Outer",
                                  "Parallel Aware": true,
                                  "Relation Name": "title",
                                  "Alias": "t",
                                  "Startup Cost": 0.0,
                                  "Total Cost": 43898.92,
                                  "Plan Rows": 165814,
                                  "Plan Width": 4,
                                  "Actual Startup Time": 43.141,
                                  "Actual Total Time": 82.072,
                                  "Actual Rows": 94689,
                                  "Actual Loops": 7,
                                  "Filter": "(kind_id = 1)",
                                  "Rows Removed by Filter": 266498
                                }
                              ]
                            }
                          ]
                        }
                      ]
                    }
                  ]
                }
              ]
            }
          ]
        }
      ]
    },
    "Planning Time": 1.349,
    "Triggers": [],
    "Execution Time": 2432.703
  }
]