{
  "Plan": {
    "Node Type": "Aggregate",
    "Strategy": "Plain",
    "Partial Mode": "Finalize",
    "Parallel Aware": false,
    "Startup Cost": 826452.02,
    "Total Cost": 826452.03,
    "Plan Rows": 1,
    "Plan Width": 8,
    "Actual Startup Time": 3107.795,
    "Actual Total Time": 3177.563,
    "Actual Rows": 1,
    "Actual Loops": 1,
    "Plans": [
      {
        "Node Type": "Gather",
        "Parent Relationship": "Outer",
        "Parallel Aware": false,
        "Startup Cost": 826451.91,
        "Total Cost": 826452.02,
        "Plan Rows": 1,
        "Plan Width": 8,
        "Actual Startup Time": 3106.346,
        "Actual Total Time": 3177.556,
        "Actual Rows": 2,
        "Actual Loops": 1,
        "Workers Planned": 1,
        "Workers Launched": 1,
        "Single Copy": false,
        "Plans": [
          {
            "Node Type": "Aggregate",
            "Strategy": "Plain",
            "Partial Mode": "Partial",
            "Parent Relationship": "Outer",
            "Parallel Aware": false,
            "Startup Cost": 825451.91,
            "Total Cost": 825451.92,
            "Plan Rows": 1,
            "Plan Width": 8,
            "Actual Startup Time": 3099.795,
            "Actual Total Time": 3099.801,
            "Actual Rows": 1,
            "Actual Loops": 2,
            "Plans": [
              {
                "Node Type": "Hash Join",
                "Parent Relationship": "Outer",
                "Parallel Aware": true,
                "Join Type": "Inner",
                "Startup Cost": 533973.47,
                "Total Cost": 822495.79,
                "Plan Rows": 1182446,
                "Plan Width": 0,
                "Actual Startup Time": 1512.773,
                "Actual Total Time": 3063.274,
                "Actual Rows": 873716,
                "Actual Loops": 2,
                "Inner Unique": false,
                "Hash Cond": "(mi.movie_id = t.id)",
                "Plans": [
                  {
                    "Node Type": "Seq Scan",
                    "Parent Relationship": "Outer",
                    "Parallel Aware": true,
                    "Relation Name": "movie_info",
                    "Alias": "mi",
                    "Startup Cost": 0.0,
                    "Total Cost": 248955.74,
                    "Plan Rows": 8696274,
                    "Plan Width": 4,
                    "Actual Startup Time": 0.016,
                    "Actual Total Time": 648.337,
                    "Actual Rows": 7417860,
                    "Actual Loops": 2
                  },
                  {
                    "Node Type": "Hash",
                    "Parent Relationship": "Inner",
                    "Parallel Aware": true,
                    "Startup Cost": 531445.71,
                    "Total Cost": 531445.71,
                    "Plan Rows": 202221,
                    "Plan Width": 8,
                    "Actual Startup Time": 1505.536,
                    "Actual Total Time": 1505.54,
                    "Actual Rows": 123691,
                    "Actual Loops": 2,
                    "Hash Buckets": 524288,
                    "Original Hash Buckets": 524288,
                    "Hash Batches": 1,
                    "Original Hash Batches": 1,
                    "Peak Memory Usage": 13792,
                    "Plans": [
                      {
                        "Node Type": "Hash Join",
                        "Parent Relationship": "Outer",
                        "Parallel Aware": true,
                        "Join Type": "Inner",
                        "Startup Cost": 212674.53,
                        "Total Cost": 531445.71,
                        "Plan Rows": 202221,
                        "Plan Width": 8,
                        "Actual Startup Time": 532.299,
                        "Actual Total Time": 1470.028,
                        "Actual Rows": 123691,
                        "Actual Loops": 2,
                        "Inner Unique": true,
                        "Hash Cond": "(ci.movie_id = t.id)",
                        "Plans": [
                          {
                            "Node Type": "Bitmap Heap Scan",
                            "Parent Relationship": "Outer",
                            "Parallel Aware": true,
                            "Relation Name": "cast_info",
                            "Alias": "ci",
                            "Startup Cost": 152332.4,
                            "Total Cost": 466255.84,
                            "Plan Rows": 1846755,
                            "Plan Width": 4,
                            "Actual Startup Time": 344.67,
                            "Actual Total Time": 867.679,
                            "Actual Rows": 3395534,
                            "Actual Loops": 2,
                            "Recheck Cond": "(person_id > 2982940)",
                            "Rows Removed by Index Recheck": 0,
                            "Filter": "(role_id > 2)",
                            "Rows Removed by Filter": 0,
                            "Exact Heap Blocks": 44541,
                            "Lossy Heap Blocks": 0,
                            "Plans": [
                              {
                                "Node Type": "Bitmap Index Scan",
                                "Parent Relationship": "Outer",
                                "Parallel Aware": false,
                                "Index Name": "person_id_cast_info",
                                "Startup Cost": 0.0,
                                "Total Cost": 151547.53,
                                "Plan Rows": 6940129,
                                "Plan Width": 0,
                                "Actual Startup Time": 328.757,
                                "Actual Total Time": 328.757,
                                "Actual Rows": 6791067,
                                "Actual Loops": 1,
                                "Index Cond": "(person_id > 2982940)"
                              }
                            ]
                          },
                          {
                            "Node Type": "Hash",
                            "Parent Relationship": "Inner",
                            "Parallel Aware": true,
                            "Startup Cost": 58306.47,
                            "Total Cost": 58306.47,
                            "Plan Rows": 162853,
                            "Plan Width": 4,
                            "Actual Startup Time": 182.751,
                            "Actual Total Time": 182.752,
                            "Actual Rows": 88670,
                            "Actual Loops": 2,
                            "Hash Buckets": 524288,
                            "Original Hash Buckets": 524288,
                            "Hash Batches": 1,
                            "Original Hash Batches": 1,
                            "Peak Memory Usage": 11072,
                            "Plans": [
                              {
                                "Node Type": "Seq Scan",
                                "Parent Relationship": "Outer",
                                "Parallel Aware": true,
                                "Relation Name": "title",
                                "Alias": "t",
                                "Startup Cost": 0.0,
                                "Total Cost": 58306.47,
                                "Plan Rows": 162853,
                                "Plan Width": 4,
                                "Actual Startup Time": 0.037,
                                "Actual Total Time": 153.175,
                                "Actual Rows": 88670,
                                "Actual Loops": 2,
                                "Filter": "((production_year < 1977) AND (kind_id = 7))",
                                "Rows Removed by Filter": 1175486
                              }
                            ]
                          }
                        ]
                      }
                    ]
                  }
                ]
              }
            ]
          }
        ]
      }
    ]
  },
  "Planning Time": 0.974,
  "Triggers": [],
  "Execution Time": 3177.681
}