[
    {
        "Bao": {
            "Bao prediction": "NaN",
            "Bao recommended hint": "(no hint)"
        }
    },
    {
        "Plan": {
            "Node Type": "Aggregate",
            "Strategy": "Plain",
            "Partial Mode": "Finalize",
            "Parallel Aware": false,
            "Startup Cost": 386415.24,
            "Total Cost": 386415.25,
            "Plan Rows": 1,
            "Plan Width": 8,
            "Actual Startup Time": 1272.715,
            "Actual Total Time": 1304.721,
            "Actual Rows": 1,
            "Actual Loops": 1,
            "Output": [
                "count(*)"
            ],
            "Plans": [
                {
                    "Node Type": "Gather",
                    "Parent Relationship": "Outer",
                    "Parallel Aware": false,
                    "Startup Cost": 386414.61,
                    "Total Cost": 386415.22,
                    "Plan Rows": 6,
                    "Plan Width": 8,
                    "Actual Startup Time": 1267.536,
                    "Actual Total Time": 1304.71,
                    "Actual Rows": 7,
                    "Actual Loops": 1,
                    "Output": [
                        "(PARTIAL count(*))"
                    ],
                    "Workers Planned": 6,
                    "Workers Launched": 6,
                    "Single Copy": false,
                    "Plans": [
                        {
                            "Node Type": "Aggregate",
                            "Strategy": "Plain",
                            "Partial Mode": "Partial",
                            "Parent Relationship": "Outer",
                            "Parallel Aware": false,
                            "Startup Cost": 385414.61,
                            "Total Cost": 385414.62,
                            "Plan Rows": 1,
                            "Plan Width": 8,
                            "Actual Startup Time": 1257.21,
                            "Actual Total Time": 1257.213,
                            "Actual Rows": 1,
                            "Actual Loops": 7,
                            "Output": [
                                "PARTIAL count(*)"
                            ],
                            "Workers": [
                                {
                                    "Worker Number": 0,
                                    "Actual Startup Time": 1254.912,
                                    "Actual Total Time": 1254.914,
                                    "Actual Rows": 1,
                                    "Actual Loops": 1
                                },
                                {
                                    "Worker Number": 1,
                                    "Actual Startup Time": 1255.075,
                                    "Actual Total Time": 1255.078,
                                    "Actual Rows": 1,
                                    "Actual Loops": 1
                                },
                                {
                                    "Worker Number": 2,
                                    "Actual Startup Time": 1255.714,
                                    "Actual Total Time": 1255.717,
                                    "Actual Rows": 1,
                                    "Actual Loops": 1
                                },
                                {
                                    "Worker Number": 3,
                                    "Actual Startup Time": 1255.389,
                                    "Actual Total Time": 1255.391,
                                    "Actual Rows": 1,
                                    "Actual Loops": 1
                                },
                                {
                                    "Worker Number": 4,
                                    "Actual Startup Time": 1256.128,
                                    "Actual Total Time": 1256.131,
                                    "Actual Rows": 1,
                                    "Actual Loops": 1
                                },
                                {
                                    "Worker Number": 5,
                                    "Actual Startup Time": 1256.422,
                                    "Actual Total Time": 1256.424,
                                    "Actual Rows": 1,
                                    "Actual Loops": 1
                                }
                            ],
                            "Plans": [
                                {
                                    "Node Type": "Hash Join",
                                    "Parent Relationship": "Outer",
                                    "Parallel Aware": true,
                                    "Join Type": "Inner",
                                    "Startup Cost": 47105.2,
                                    "Total Cost": 383760.15,
                                    "Plan Rows": 661784,
                                    "Plan Width": 0,
                                    "Actual Startup Time": 266.865,
                                    "Actual Total Time": 1225.739,
                                    "Actual Rows": 569659,
                                    "Actual Loops": 7,
                                    "Inner Unique": true,
                                    "Hash Cond": "(ci.movie_id = t.id)",
                                    "Workers": [
                                        {
                                            "Worker Number": 0,
                                            "Actual Startup Time": 264.548,
                                            "Actual Total Time": 1222.55,
                                            "Actual Rows": 427460,
                                            "Actual Loops": 1
                                        },
                                        {
                                            "Worker Number": 1,
                                            "Actual Startup Time": 264.791,
                                            "Actual Total Time": 1222.658,
                                            "Actual Rows": 424602,
                                            "Actual Loops": 1
                                        },
                                        {
                                            "Worker Number": 2,
                                            "Actual Startup Time": 265.3,
                                            "Actual Total Time": 1223.512,
                                            "Actual Rows": 422816,
                                            "Actual Loops": 1
                                        },
                                        {
                                            "Worker Number": 3,
                                            "Actual Startup Time": 265.002,
                                            "Actual Total Time": 1225.709,
                                            "Actual Rows": 638169,
                                            "Actual Loops": 1
                                        },
                                        {
                                            "Worker Number": 4,
                                            "Actual Startup Time": 265.751,
                                            "Actual Total Time": 1225.365,
                                            "Actual Rows": 655996,
                                            "Actual Loops": 1
                                        },
                                        {
                                            "Worker Number": 5,
                                            "Actual Startup Time": 266.213,
                                            "Actual Total Time": 1225.611,
                                            "Actual Rows": 657233,
                                            "Actual Loops": 1
                                        }
                                    ],
                                    "Plans": [
                                        {
                                            "Node Type": "Seq Scan",
                                            "Parent Relationship": "Outer",
                                            "Parallel Aware": true,
                                            "Relation Name": "cast_info",
                                            "Schema": "public",
                                            "Alias": "ci",
                                            "Startup Cost": 0.0,
                                            "Total Cost": 328213.62,
                                            "Plan Rows": 3215745,
                                            "Plan Width": 4,
                                            "Actual Startup Time": 166.014,
                                            "Actual Total Time": 582.946,
                                            "Actual Rows": 2764983,
                                            "Actual Loops": 7,
                                            "Output": [
                                                "ci.id",
                                                "ci.person_id",
                                                "ci.movie_id",
                                                "ci.person_role_id",
                                                "ci.note",
                                                "ci.nr_order",
                                                "ci.role_id"
                                            ],
                                            "Filter": "(ci.person_id > 1669541)",
                                            "Rows Removed by Filter": 2412780,
                                            "Workers": [
                                                {
                                                    "Worker Number": 0,
                                                    "Actual Startup Time": 166.0,
                                                    "Actual Total Time": 595.536,
                                                    "Actual Rows": 2060418,
                                                    "Actual Loops": 1
                                                },
                                                {
                                                    "Worker Number": 1,
                                                    "Actual Startup Time": 166.025,
                                                    "Actual Total Time": 597.146,
                                                    "Actual Rows": 2081222,
                                                    "Actual Loops": 1
                                                },
                                                {
                                                    "Worker Number": 2,
                                                    "Actual Startup Time": 166.004,
                                                    "Actual Total Time": 597.511,
                                                    "Actual Rows": 2059474,
                                                    "Actual Loops": 1
                                                },
                                                {
                                                    "Worker Number": 3,
                                                    "Actual Startup Time": 166.015,
                                                    "Actual Total Time": 579.884,
                                                    "Actual Rows": 3102871,
                                                    "Actual Loops": 1
                                                },
                                                {
                                                    "Worker Number": 4,
                                                    "Actual Startup Time": 166.011,
                                                    "Actual Total Time": 583.747,
                                                    "Actual Rows": 3186042,
                                                    "Actual Loops": 1
                                                },
                                                {
                                                    "Worker Number": 5,
                                                    "Actual Startup Time": 166.018,
                                                    "Actual Total Time": 581.926,
                                                    "Actual Rows": 3180212,
                                                    "Actual Loops": 1
                                                }
                                            ]
                                        },
                                        {
                                            "Node Type": "Hash",
                                            "Parent Relationship": "Inner",
                                            "Parallel Aware": true,
                                            "Startup Cost": 45479.21,
                                            "Total Cost": 45479.21,
                                            "Plan Rows": 130079,
                                            "Plan Width": 4,
                                            "Actual Startup Time": 99.09,
                                            "Actual Total Time": 99.091,
                                            "Actual Rows": 62988,
                                            "Actual Loops": 7,
                                            "Output": [
                                                "t.id"
                                            ],
                                            "Hash Buckets": 524288,
                                            "Original Hash Buckets": 524288,
                                            "Hash Batches": 1,
                                            "Original Hash Batches": 1,
                                            "Peak Memory Usage": 21472,
                                            "Workers": [
                                                {
                                                    "Worker Number": 0,
                                                    "Actual Startup Time": 97.77,
                                                    "Actual Total Time": 97.771,
                                                    "Actual Rows": 47822,
                                                    "Actual Loops": 1
                                                },
                                                {
                                                    "Worker Number": 1,
                                                    "Actual Startup Time": 97.933,
                                                    "Actual Total Time": 97.933,
                                                    "Actual Rows": 48654,
                                                    "Actual Loops": 1
                                                },
                                                {
                                                    "Worker Number": 2,
                                                    "Actual Startup Time": 98.121,
                                                    "Actual Total Time": 98.122,
                                                    "Actual Rows": 48091,
                                                    "Actual Loops": 1
                                                },
                                                {
                                                    "Worker Number": 3,
                                                    "Actual Startup Time": 98.214,
                                                    "Actual Total Time": 98.214,
                                                    "Actual Rows": 69673,
                                                    "Actual Loops": 1
                                                },
                                                {
                                                    "Worker Number": 4,
                                                    "Actual Startup Time": 98.969,
                                                    "Actual Total Time": 98.97,
                                                    "Actual Rows": 65243,
                                                    "Actual Loops": 1
                                                },
                                                {
                                                    "Worker Number": 5,
                                                    "Actual Startup Time": 99.176,
                                                    "Actual Total Time": 99.176,
                                                    "Actual Rows": 66370,
                                                    "Actual Loops": 1
                                                }
                                            ],
                                            "Plans": [
                                                {
                                                    "Node Type": "Seq Scan",
                                                    "Parent Relationship": "Outer",
                                                    "Parallel Aware": true,
                                                    "Relation Name": "title",
                                                    "Schema": "public",
                                                    "Alias": "t",
                                                    "Startup Cost": 0.0,
                                                    "Total Cost": 45479.21,
                                                    "Plan Rows": 130079,
                                                    "Plan Width": 4,
                                                    "Actual Startup Time": 0.06,
                                                    "Actual Total Time": 74.388,
                                                    "Actual Rows": 62988,
                                                    "Actual Loops": 7,
                                                    "Output": [
                                                        "t.id"
                                                    ],
                                                    "Filter": "((t.kind_id < 7) AND (t.production_year > 2001))",
                                                    "Rows Removed by Filter": 298199,
                                                    "Workers": [
                                                        {
                                                            "Worker Number": 0,
                                                            "Actual Startup Time": 0.087,
                                                            "Actual Total Time": 73.768,
                                                            "Actual Rows": 47822,
                                                            "Actual Loops": 1
                                                        },
                                                        {
                                                            "Worker Number": 1,
                                                            "Actual Startup Time": 0.078,
                                                            "Actual Total Time": 74.682,
                                                            "Actual Rows": 48654,
                                                            "Actual Loops": 1
                                                        },
                                                        {
                                                            "Worker Number": 2,
                                                            "Actual Startup Time": 0.082,
                                                            "Actual Total Time": 74.775,
                                                            "Actual Rows": 48091,
                                                            "Actual Loops": 1
                                                        },
                                                        {
                                                            "Worker Number": 3,
                                                            "Actual Startup Time": 0.06,
                                                            "Actual Total Time": 73.114,
                                                            "Actual Rows": 69673,
                                                            "Actual Loops": 1
                                                        },
                                                        {
                                                            "Worker Number": 4,
                                                            "Actual Startup Time": 0.058,
                                                            "Actual Total Time": 74.848,
                                                            "Actual Rows": 65243,
                                                            "Actual Loops": 1
                                                        },
                                                        {
                                                            "Worker Number": 5,
                                                            "Actual Startup Time": 0.04,
                                                            "Actual Total Time": 74.801,
                                                            "Actual Rows": 66370,
                                                            "Actual Loops": 1
                                                        }
                                                    ]
                                                }
                                            ]
                                        }
                                    ]
                                }
                            ]
                        }
                    ]
                }
            ]
        },
        "Planning Time": 179.121,
        "Triggers": [],
        "Execution Time": 1304.832
    }
]