[
  {
    "Plan": {
      "Node Type": "Aggregate",
      "Strategy": "Plain",
      "Partial Mode": "Finalize",
      "Parallel Aware": false,
      "Startup Cost": 114149.77,
      "Total Cost": 114149.78,
      "Plan Rows": 1,
      "Plan Width": 8,
      "Actual Startup Time": 1045.33,
      "Actual Total Time": 1069.806,
      "Actual Rows": 1,
      "Actual Loops": 1,
      "Plans": [
        {
          "Node Type": "Gather",
          "Parent Relationship": "Outer",
          "Parallel Aware": false,
          "Startup Cost": 114149.55,
          "Total Cost": 114149.76,
          "Plan Rows": 2,
          "Plan Width": 8,
          "Actual Startup Time": 1029.052,
          "Actual Total Time": 1069.797,
          "Actual Rows": 3,
          "Actual Loops": 1,
          "Workers Planned": 2,
          "Workers Launched": 2,
          "Single Copy": false,
          "Plans": [
            {
              "Node Type": "Aggregate",
              "Strategy": "Plain",
              "Partial Mode": "Partial",
              "Parent Relationship": "Outer",
              "Parallel Aware": false,
              "Startup Cost": 113149.55,
              "Total Cost": 113149.56,
              "Plan Rows": 1,
              "Plan Width": 8,
              "Actual Startup Time": 1023.18,
              "Actual Total Time": 1023.388,
              "Actual Rows": 1,
              "Actual Loops": 3,
              "Plans": [
                {
                  "Node Type": "Hash Join",
                  "Parent Relationship": "Outer",
                  "Parallel Aware": true,
                  "Join Type": "Inner",
                  "Startup Cost": 96370.28,
                  "Total Cost": 112740.08,
                  "Plan Rows": 163788,
                  "Plan Width": 0,
                  "Actual Startup Time": 827.528,
                  "Actual Total Time": 996.509,
                  "Actual Rows": 498492,
                  "Actual Loops": 3,
                  "Inner Unique": false,
                  "Hash Cond": "(mi_idx.movie_id = t.id)",
                  "Plans": [
                    {
                      "Node Type": "Seq Scan",
                      "Parent Relationship": "Outer",
                      "Parallel Aware": true,
                      "Relation Name": "movie_info_idx",
                      "Alias": "mi_idx",
                      "Startup Cost": 0.0,
                      "Total Cost": 13685.15,
                      "Plan Rows": 575015,
                      "Plan Width": 4,
                      "Actual Startup Time": 0.018,
                      "Actual Total Time": 47.123,
                      "Actual Rows": 460012,
                      "Actual Loops": 3
                    },
                    {
                      "Node Type": "Hash",
                      "Parent Relationship": "Inner",
                      "Parallel Aware": true,
                      "Startup Cost": 93466.25,
                      "Total Cost": 93466.25,
                      "Plan Rows": 232323,
                      "Plan Width": 8,
                      "Actual Startup Time": 822.01,
                      "Actual Total Time": 822.215,
                      "Actual Rows": 239960,
                      "Actual Loops": 3,
                      "Hash Buckets": 1048576,
                      "Original Hash Buckets": 1048576,
                      "Hash Batches": 1,
                      "Original Hash Batches": 1,
                      "Peak Memory Usage": 36416,
                      "Plans": [
                        {
                          "Node Type": "Hash Join",
                          "Parent Relationship": "Outer",
                          "Parallel Aware": true,
                          "Join Type": "Inner",
                          "Startup Cost": 65498.37,
                          "Total Cost": 93466.25,
                          "Plan Rows": 232323,
                          "Plan Width": 8,
                          "Actual Startup Time": 556.896,
                          "Actual Total Time": 738.501,
                          "Actual Rows": 239960,
                          "Actual Loops": 3,
                          "Inner Unique": true,
                          "Hash Cond": "(mk.movie_id = t.id)",
                          "Plans": [
                            {
                              "Node Type": "Bitmap Heap Scan",
                              "Parent Relationship": "Outer",
                              "Parallel Aware": true,
                              "Relation Name": "movie_keyword",
                              "Alias": "mk",
                              "Startup Cost": 15277.98,
                              "Total Cost": 42636.01,
                              "Plan Rows": 232323,
                              "Plan Width": 4,
                              "Actual Startup Time": 70.664,
                              "Actual Total Time": 152.246,
                              "Actual Rows": 239960,
                              "Actual Loops": 3,
                              "Recheck Cond": "(keyword_id < 640)",
                              "Rows Removed by Index Recheck": 0,
                              "Exact Heap Blocks": 10847,
                              "Lossy Heap Blocks": 0,
                              "Plans": [
                                {
                                  "Node Type": "Bitmap Index Scan",
                                  "Parent Relationship": "Outer",
                                  "Parallel Aware": false,
                                  "Index Name": "keyword_id_movie_keyword",
                                  "Startup Cost": 0.0,
                                  "Total Cost": 15097.93,
                                  "Plan Rows": 720200,
                                  "Plan Width": 0,
                                  "Actual Startup Time": 64.887,
                                  "Actual Total Time": 64.887,
                                  "Actual Rows": 719880,
                                  "Actual Loops": 1,
                                  "Index Cond": "(keyword_id < 640)"
                                }
                              ]
                            },
                            {
                              "Node Type": "Hash",
                              "Parent Relationship": "Inner",
                              "Parallel Aware": true,
                              "Startup Cost": 42319.06,
                              "Total Cost": 42319.06,
                              "Plan Rows": 632106,
                              "Plan Width": 4,
                              "Actual Startup Time": 475.906,
                              "Actual Total Time": 475.907,
                              "Actual Rows": 842771,
                              "Actual Loops": 3,
                              "Hash Buckets": 4194304,
                              "Original Hash Buckets": 4194304,
                              "Hash Batches": 1,
                              "Original Hash Batches": 1,
                              "Peak Memory Usage": 131744,
                              "Plans": [
                                {
                                  "Node Type": "Seq Scan",
                                  "Parent Relationship": "Outer",
                                  "Parallel Aware": true,
                                  "Relation Name": "title",
                                  "Alias": "t",
                                  "Startup Cost": 0.0,
                                  "Total Cost": 42319.06,
                                  "Plan Rows": 632106,
                                  "Plan Width": 4,
                                  "Actual Startup Time": 0.045,
                                  "Actual Total Time": 141.545,
                                  "Actual Rows": 842771,
                                  "Actual Loops": 3
                                }
                              ]
                            }
                          ]
                        }
                      ]
                    }
                  ]
                }
              ]
            }
          ]
        }
      ]
    },
    "Planning Time": 0.982,
    "Triggers": [],
    "Execution Time": 1069.885
  }
]