{
    "Plan": {
        "Node Type": "Aggregate",
        "Strategy": "Plain",
        "Partial Mode": "Simple",
        "Parallel Aware": false,
        "Startup Cost": 10000144895.93,
        "Total Cost": 10000144895.94,
        "Plan Rows": 1,
        "Plan Width": 8,
        "Actual Startup Time": 2082.543,
        "Actual Total Time": 2082.546,
        "Actual Rows": 1,
        "Actual Loops": 1,
        "Output": [
            "count(*)"
        ],
        "Plans": [
            {
                "Node Type": "Hash Join",
                "Parent Relationship": "Outer",
                "Parallel Aware": false,
                "Join Type": "Inner",
                "Startup Cost": 10000129844.72,
                "Total Cost": 10000144718.62,
                "Plan Rows": 70925,
                "Plan Width": 0,
                "Actual Startup Time": 1933.514,
                "Actual Total Time": 2080.625,
                "Actual Rows": 43838,
                "Actual Loops": 1,
                "Inner Unique": true,
                "Hash Cond": "(mi_idx.movie_id = t.id)",
                "Plans": [
                    {
                        "Node Type": "Bitmap Heap Scan",
                        "Parent Relationship": "Outer",
                        "Parallel Aware": false,
                        "Relation Name": "movie_info_idx",
                        "Schema": "public",
                        "Alias": "mi_idx",
                        "Startup Cost": 8295.89,
                        "Total Cost": 21965.52,
                        "Plan Rows": 458770,
                        "Plan Width": 4,
                        "Actual Startup Time": 39.13,
                        "Actual Total Time": 88.805,
                        "Actual Rows": 459925,
                        "Actual Loops": 1,
                        "Output": [
                            "mi_idx.id",
                            "mi_idx.movie_id",
                            "mi_idx.info_type_id",
                            "mi_idx.info",
                            "mi_idx.note"
                        ],
                        "Recheck Cond": "(mi_idx.info_type_id = 99)",
                        "Rows Removed by Index Recheck": 0,
                        "Exact Heap Blocks": 7934,
                        "Lossy Heap Blocks": 0,
                        "Plans": [
                            {
                                "Node Type": "Bitmap Index Scan",
                                "Parent Relationship": "Outer",
                                "Parallel Aware": false,
                                "Index Name": "info_type_id_movie_info_idx",
                                "Startup Cost": 0.0,
                                "Total Cost": 8181.2,
                                "Plan Rows": 458770,
                                "Plan Width": 0,
                                "Actual Startup Time": 37.663,
                                "Actual Total Time": 37.663,
                                "Actual Rows": 459925,
                                "Actual Loops": 1,
                                "Index Cond": "(mi_idx.info_type_id = 99)"
                            }
                        ]
                    },
                    {
                        "Node Type": "Hash",
                        "Parent Relationship": "Inner",
                        "Parallel Aware": false,
                        "Startup Cost": 10000116662.9,
                        "Total Cost": 10000116662.9,
                        "Plan Rows": 390874,
                        "Plan Width": 4,
                        "Actual Startup Time": 1891.58,
                        "Actual Total Time": 1891.581,
                        "Actual Rows": 391666,
                        "Actual Loops": 1,
                        "Output": [
                            "t.id"
                        ],
                        "Hash Buckets": 524288,
                        "Original Hash Buckets": 524288,
                        "Hash Batches": 1,
                        "Original Hash Batches": 1,
                        "Peak Memory Usage": 17866,
                        "Plans": [
                            {
                                "Node Type": "Index Scan",
                                "Parent Relationship": "Outer",
                                "Parallel Aware": false,
                                "Scan Direction": "Forward",
                                "Index Name": "title_pkey",
                                "Relation Name": "title",
                                "Schema": "public",
                                "Alias": "t",
                                "Startup Cost": 10000000000.43,
                                "Total Cost": 10000116662.9,
                                "Plan Rows": 390874,
                                "Plan Width": 4,
                                "Actual Startup Time": 0.237,
                                "Actual Total Time": 1759.054,
                                "Actual Rows": 391666,
                                "Actual Loops": 1,
                                "Output": [
                                    "t.id"
                                ],
                                "Filter": "(t.production_year > 2010)",
                                "Rows Removed by Filter": 2136646
                            }
                        ]
                    }
                ]
            }
        ]
    },
    "Planning Time": 2.667,
    "Triggers": [],
    "Execution Time": 2083.257
}