{
  "Plan": {
    "Node Type": "Aggregate",
    "Strategy": "Plain",
    "Partial Mode": "Simple",
    "Parallel Aware": false,
    "Startup Cost": 279220.83,
    "Total Cost": 279220.84,
    "Plan Rows": 1,
    "Plan Width": 64,
    "Actual Startup Time": 10597.538,
    "Actual Total Time": 10793.282,
    "Actual Rows": 1,
    "Actual Loops": 1,
    "Plans": [
      {
        "Node Type": "Gather",
        "Parent Relationship": "Outer",
        "Parallel Aware": false,
        "Startup Cost": 44973.41,
        "Total Cost": 279220.82,
        "Plan Rows": 1,
        "Plan Width": 32,
        "Actual Startup Time": 355.176,
        "Actual Total Time": 10792.554,
        "Actual Rows": 1288,
        "Actual Loops": 1,
        "Workers Planned": 1,
        "Workers Launched": 1,
        "Single Copy": false,
        "Plans": [
          {
            "Node Type": "Nested Loop",
            "Parent Relationship": "Outer",
            "Parallel Aware": false,
            "Join Type": "Inner",
            "Startup Cost": 43973.41,
            "Total Cost": 278220.72,
            "Plan Rows": 1,
            "Plan Width": 32,
            "Actual Startup Time": 332.469,
            "Actual Total Time": 10586.245,
            "Actual Rows": 644,
            "Actual Loops": 2,
            "Inner Unique": true,
            "Plans": [
              {
                "Node Type": "Nested Loop",
                "Parent Relationship": "Outer",
                "Parallel Aware": false,
                "Join Type": "Inner",
                "Startup Cost": 43972.99,
                "Total Cost": 278220.23,
                "Plan Rows": 1,
                "Plan Width": 36,
                "Actual Startup Time": 332.446,
                "Actual Total Time": 10583.531,
                "Actual Rows": 644,
                "Actual Loops": 2,
                "Inner Unique": true,
                "Plans": [
                  {
                    "Node Type": "Nested Loop",
                    "Parent Relationship": "Outer",
                    "Parallel Aware": false,
                    "Join Type": "Inner",
                    "Startup Cost": 43972.56,
                    "Total Cost": 278219.72,
                    "Plan Rows": 1,
                    "Plan Width": 40,
                    "Actual Startup Time": 332.384,
                    "Actual Total Time": 10580.252,
                    "Actual Rows": 653,
                    "Actual Loops": 2,
                    "Inner Unique": true,
                    "Plans": [
                      {
                        "Node Type": "Nested Loop",
                        "Parent Relationship": "Outer",
                        "Parallel Aware": false,
                        "Join Type": "Inner",
                        "Startup Cost": 43972.42,
                        "Total Cost": 278219.54,
                        "Plan Rows": 1,
                        "Plan Width": 44,
                        "Actual Startup Time": 332.361,
                        "Actual Total Time": 10578.358,
                        "Actual Rows": 653,
                        "Actual Loops": 2,
                        "Inner Unique": false,
                        "Join Filter": "(n.id = an.person_id)",
                        "Rows Removed by Join Filter": 0,
                        "Plans": [
                          {
                            "Node Type": "Nested Loop",
                            "Parent Relationship": "Outer",
                            "Parallel Aware": false,
                            "Join Type": "Inner",
                            "Startup Cost": 43971.99,
                            "Total Cost": 278219.04,
                            "Plan Rows": 1,
                            "Plan Width": 52,
                            "Actual Startup Time": 332.313,
                            "Actual Total Time": 10575.554,
                            "Actual Rows": 338,
                            "Actual Loops": 2,
                            "Inner Unique": true,
                            "Plans": [
                              {
                                "Node Type": "Hash Join",
                                "Parent Relationship": "Outer",
                                "Parallel Aware": false,
                                "Join Type": "Inner",
                                "Startup Cost": 43971.56,
                                "Total Cost": 277461.32,
                                "Plan Rows": 1394,
                                "Plan Width": 33,
                                "Actual Startup Time": 331.332,
                                "Actual Total Time": 10476.01,
                                "Actual Rows": 20980,
                                "Actual Loops": 2,
                                "Inner Unique": true,
                                "Hash Cond": "(ci.role_id = rt.id)",
                                "Plans": [
                                  {
                                    "Node Type": "Nested Loop",
                                    "Parent Relationship": "Outer",
                                    "Parallel Aware": false,
                                    "Join Type": "Inner",
                                    "Startup Cost": 43970.4,
                                    "Total Cost": 277400.75,
                                    "Plan Rows": 16722,
                                    "Plan Width": 37,
                                    "Actual Startup Time": 314.663,
                                    "Actual Total Time": 10427.702,
                                    "Actual Rows": 298225,
                                    "Actual Loops": 2,
                                    "Inner Unique": false,
                                    "Plans": [
                                      {
                                        "Node Type": "Nested Loop",
                                        "Parent Relationship": "Outer",
                                        "Parallel Aware": false,
                                        "Join Type": "Inner",
                                        "Startup Cost": 43969.84,
                                        "Total Cost": 229993.49,
                                        "Plan Rows": 13626,
                                        "Plan Width": 37,
                                        "Actual Startup Time": 314.301,
                                        "Actual Total Time": 2456.546,
                                        "Actual Rows": 80780,
                                        "Actual Loops": 2,
                                        "Inner Unique": false,
                                        "Plans": [
                                          {
                                            "Node Type": "Hash Join",
                                            "Parent Relationship": "Outer",
                                            "Parallel Aware": true,
                                            "Join Type": "Inner",
                                            "Startup Cost": 43969.4,
                                            "Total Cost": 105221.47,
                                            "Plan Rows": 49329,
                                            "Plan Width": 29,
                                            "Actual Startup Time": 314.194,
                                            "Actual Total Time": 868.37,
                                            "Actual Rows": 63440,
                                            "Actual Loops": 2,
                                            "Inner Unique": false,
                                            "Hash Cond": "(t.id = mc.movie_id)",
                                            "Plans": [
                                              {
                                                "Node Type": "Seq Scan",
                                                "Parent Relationship": "Outer",
                                                "Parallel Aware": true,
                                                "Relation Name": "title",
                                                "Alias": "t",
                                                "Startup Cost": 0.0,
                                                "Total Cost": 58305.62,
                                                "Plan Rows": 425005,
                                                "Plan Width": 21,
                                                "Actual Startup Time": 0.011,
                                                "Actual Total Time": 303.286,
                                                "Actual Rows": 359694,
                                                "Actual Loops": 2,
                                                "Filter": "((production_year >= 2001) AND (production_year <= 2008))",
                                                "Rows Removed by Filter": 904462
                                              },
                                              {
                                                "Node Type": "Hash",
                                                "Parent Relationship": "Inner",
                                                "Parallel Aware": true,
                                                "Startup Cost": 41811.73,
                                                "Total Cost": 41811.73,
                                                "Plan Rows": 172614,
                                                "Plan Width": 8,
                                                "Actual Startup Time": 308.896,
                                                "Actual Total Time": 308.897,
                                                "Actual Rows": 295497,
                                                "Actual Loops": 2,
                                                "Hash Buckets": 1048576,
                                                "Original Hash Buckets": 524288,
                                                "Hash Batches": 1,
                                                "Original Hash Batches": 1,
                                                "Peak Memory Usage": 35456,
                                                "Plans": [
                                                  {
                                                    "Node Type": "Seq Scan",
                                                    "Parent Relationship": "Outer",
                                                    "Parallel Aware": true,
                                                    "Relation Name": "movie_companies",
                                                    "Alias": "mc",
                                                    "Startup Cost": 0.0,
                                                    "Total Cost": 41811.73,
                                                    "Plan Rows": 172614,
                                                    "Plan Width": 8,
                                                    "Actual Startup Time": 0.034,
                                                    "Actual Total Time": 206.219,
                                                    "Actual Rows": 295497,
                                                    "Actual Loops": 2,
                                                    "Filter": "((note IS NOT NULL) AND ((note ~~ '%(USA)%'::text) OR (note ~~ '%(worldwide)%'::text)))",
                                                    "Rows Removed by Filter": 1009068
                                                  }
                                                ]
                                              }
                                            ]
                                          },
                                          {
                                            "Node Type": "Index Scan",
                                            "Parent Relationship": "Inner",
                                            "Parallel Aware": false,
                                            "Scan Direction": "Forward",
                                            "Index Name": "movie_id_movie_info",
                                            "Relation Name": "movie_info",
                                            "Alias": "mi",
                                            "Startup Cost": 0.43,
                                            "Total Cost": 2.51,
                                            "Plan Rows": 2,
                                            "Plan Width": 8,
                                            "Actual Startup Time": 0.014,
                                            "Actual Total Time": 0.024,
                                            "Actual Rows": 1,
                                            "Actual Loops": 126880,
                                            "Index Cond": "(movie_id = t.id)",
                                            "Rows Removed by Index Recheck": 0,
                                            "Filter": "((info IS NOT NULL) AND ((info ~~ 'Japan:%200%'::text) OR (info ~~ 'USA:%200%'::text)))",
                                            "Rows Removed by Filter": 22
                                          }
                                        ]
                                      },
                                      {
                                        "Node Type": "Index Scan",
                                        "Parent Relationship": "Inner",
                                        "Parallel Aware": false,
                                        "Scan Direction": "Forward",
                                        "Index Name": "movie_id_cast_info",
                                        "Relation Name": "cast_info",
                                        "Alias": "ci",
                                        "Startup Cost": 0.56,
                                        "Total Cost": 3.45,
                                        "Plan Rows": 3,
                                        "Plan Width": 16,
                                        "Actual Startup Time": 0.073,
                                        "Actual Total Time": 0.098,
                                        "Actual Rows": 4,
                                        "Actual Loops": 161560,
                                        "Index Cond": "(movie_id = t.id)",
                                        "Rows Removed by Index Recheck": 0,
                                        "Filter": "(note = ANY ('{(producer),(voice),\"(executive producer)\",\"(as Terri Colombino)\"}'::text[]))",
                                        "Rows Removed by Filter": 44
                                      }
                                    ]
                                  },
                                  {
                                    "Node Type": "Hash",
                                    "Parent Relationship": "Inner",
                                    "Parallel Aware": false,
                                    "Startup Cost": 1.15,
                                    "Total Cost": 1.15,
                                    "Plan Rows": 1,
                                    "Plan Width": 4,
                                    "Actual Startup Time": 0.056,
                                    "Actual Total Time": 0.056,
                                    "Actual Rows": 1,
                                    "Actual Loops": 2,
                                    "Hash Buckets": 1024,
                                    "Original Hash Buckets": 1024,
                                    "Hash Batches": 1,
                                    "Original Hash Batches": 1,
                                    "Peak Memory Usage": 9,
                                    "Plans": [
                                      {
                                        "Node Type": "Seq Scan",
                                        "Parent Relationship": "Outer",
                                        "Parallel Aware": false,
                                        "Relation Name": "role_type",
                                        "Alias": "rt",
                                        "Startup Cost": 0.0,
                                        "Total Cost": 1.15,
                                        "Plan Rows": 1,
                                        "Plan Width": 4,
                                        "Actual Startup Time": 0.038,
                                        "Actual Total Time": 0.041,
                                        "Actual Rows": 1,
                                        "Actual Loops": 2,
                                        "Filter": "((role)::text = 'actress'::text)",
                                        "Rows Removed by Filter": 11
                                      }
                                    ]
                                  }
                                ]
                              },
                              {
                                "Node Type": "Index Scan",
                                "Parent Relationship": "Inner",
                                "Parallel Aware": false,
                                "Scan Direction": "Forward",
                                "Index Name": "name_pkey",
                                "Relation Name": "name",
                                "Alias": "n",
                                "Startup Cost": 0.43,
                                "Total Cost": 0.54,
                                "Plan Rows": 1,
                                "Plan Width": 19,
                                "Actual Startup Time": 0.004,
                                "Actual Total Time": 0.004,
                                "Actual Rows": 0,
                                "Actual Loops": 41959,
                                "Index Cond": "(id = ci.person_id)",
                                "Rows Removed by Index Recheck": 0,
                                "Filter": "((name ~~ '%Terri%'::text) AND ((gender)::text = 'f'::text))",
                                "Rows Removed by Filter": 1
                              }
                            ]
                          },
                          {
                            "Node Type": "Index Only Scan",
                            "Parent Relationship": "Inner",
                            "Parallel Aware": false,
                            "Scan Direction": "Forward",
                            "Index Name": "person_id_aka_name",
                            "Relation Name": "aka_name",
                            "Alias": "an",
                            "Startup Cost": 0.42,
                            "Total Cost": 0.48,
                            "Plan Rows": 2,
                            "Plan Width": 4,
                            "Actual Startup Time": 0.005,
                            "Actual Total Time": 0.007,
                            "Actual Rows": 2,
                            "Actual Loops": 676,
                            "Index Cond": "(person_id = ci.person_id)",
                            "Rows Removed by Index Recheck": 0,
                            "Heap Fetches": 1306
                          }
                        ]
                      },
                      {
                        "Node Type": "Index Scan",
                        "Parent Relationship": "Inner",
                        "Parallel Aware": false,
                        "Scan Direction": "Forward",
                        "Index Name": "info_type_pkey",
                        "Relation Name": "info_type",
                        "Alias": "it",
                        "Startup Cost": 0.14,
                        "Total Cost": 0.16,
                        "Plan Rows": 1,
                        "Plan Width": 4,
                        "Actual Startup Time": 0.002,
                        "Actual Total Time": 0.002,
                        "Actual Rows": 1,
                        "Actual Loops": 1306,
                        "Index Cond": "(id = mi.info_type_id)",
                        "Rows Removed by Index Recheck": 0,
                        "Filter": "((info)::text = 'release dates'::text)",
                        "Rows Removed by Filter": 0
                      }
                    ]
                  },
                  {
                    "Node Type": "Index Only Scan",
                    "Parent Relationship": "Inner",
                    "Parallel Aware": false,
                    "Scan Direction": "Forward",
                    "Index Name": "char_name_pkey",
                    "Relation Name": "char_name",
                    "Alias": "chn",
                    "Startup Cost": 0.43,
                    "Total Cost": 0.51,
                    "Plan Rows": 1,
                    "Plan Width": 4,
                    "Actual Startup Time": 0.004,
                    "Actual Total Time": 0.004,
                    "Actual Rows": 1,
                    "Actual Loops": 1306,
                    "Index Cond": "(id = ci.person_role_id)",
                    "Rows Removed by Index Recheck": 0,
                    "Heap Fetches": 1288
                  }
                ]
              },
              {
                "Node Type": "Index Scan",
                "Parent Relationship": "Inner",
                "Parallel Aware": false,
                "Scan Direction": "Forward",
                "Index Name": "company_name_pkey",
                "Relation Name": "company_name",
                "Alias": "cn",
                "Startup Cost": 0.42,
                "Total Cost": 0.49,
                "Plan Rows": 1,
                "Plan Width": 4,
                "Actual Startup Time": 0.003,
                "Actual Total Time": 0.003,
                "Actual Rows": 1,
                "Actual Loops": 1288,
                "Index Cond": "(id = mc.company_id)",
                "Rows Removed by Index Recheck": 0,
                "Filter": "((country_code)::text = '[us]'::text)",
                "Rows Removed by Filter": 0
              }
            ]
          }
        ]
      }
    ]
  },
  "Planning Time": 3.651,
  "Triggers": [],
  "Execution Time": 10793.519
}