[
  {
    "Plan": {
      "Node Type": "Aggregate",
      "Strategy": "Plain",
      "Partial Mode": "Finalize",
      "Parallel Aware": false,
      "Startup Cost": 32875.3,
      "Total Cost": 32875.31,
      "Plan Rows": 1,
      "Plan Width": 8,
      "Actual Startup Time": 86.735,
      "Actual Total Time": 93.136,
      "Actual Rows": 1,
      "Actual Loops": 1,
      "Plans": [
        {
          "Node Type": "Gather",
          "Parent Relationship": "Outer",
          "Parallel Aware": false,
          "Startup Cost": 32874.98,
          "Total Cost": 32875.29,
          "Plan Rows": 3,
          "Plan Width": 8,
          "Actual Startup Time": 86.619,
          "Actual Total Time": 93.128,
          "Actual Rows": 4,
          "Actual Loops": 1,
          "Workers Planned": 3,
          "Workers Launched": 3,
          "Single Copy": false,
          "Plans": [
            {
              "Node Type": "Aggregate",
              "Strategy": "Plain",
              "Partial Mode": "Partial",
              "Parent Relationship": "Outer",
              "Parallel Aware": false,
              "Startup Cost": 31874.98,
              "Total Cost": 31874.99,
              "Plan Rows": 1,
              "Plan Width": 8,
              "Actual Startup Time": 79.107,
              "Actual Total Time": 79.108,
              "Actual Rows": 1,
              "Actual Loops": 4,
              "Plans": [
                {
                  "Node Type": "Seq Scan",
                  "Parent Relationship": "Outer",
                  "Parallel Aware": true,
                  "Relation Name": "movie_companies",
                  "Alias": "mc",
                  "Startup Cost": 0.0,
                  "Total Cost": 31414.82,
                  "Plan Rows": 184065,
                  "Plan Width": 0,
                  "Actual Startup Time": 47.745,
                  "Actual Total Time": 75.418,
                  "Actual Rows": 90542,
                  "Actual Loops": 4,
                  "Filter": "((company_id < 7943) AND (company_type_id = 2))",
                  "Rows Removed by Filter": 561740
                }
              ]
            }
          ]
        }
      ]
    },
    "Planning Time": 0.235,
    "Triggers": [],
    "Execution Time": 93.196
  }
]