[
  {
    "Plan": {
      "Node Type": "Aggregate",
      "Strategy": "Plain",
      "Partial Mode": "Finalize",
      "Parallel Aware": false,
      "Startup Cost": 30871.97,
      "Total Cost": 30871.98,
      "Plan Rows": 1,
      "Plan Width": 8,
      "Actual Startup Time": 85.155,
      "Actual Total Time": 92.758,
      "Actual Rows": 1,
      "Actual Loops": 1,
      "Plans": [
        {
          "Node Type": "Gather",
          "Parent Relationship": "Outer",
          "Parallel Aware": false,
          "Startup Cost": 30871.65,
          "Total Cost": 30871.96,
          "Plan Rows": 3,
          "Plan Width": 8,
          "Actual Startup Time": 85.01,
          "Actual Total Time": 92.748,
          "Actual Rows": 4,
          "Actual Loops": 1,
          "Workers Planned": 3,
          "Workers Launched": 3,
          "Single Copy": false,
          "Plans": [
            {
              "Node Type": "Aggregate",
              "Strategy": "Plain",
              "Partial Mode": "Partial",
              "Parent Relationship": "Outer",
              "Parallel Aware": false,
              "Startup Cost": 29871.65,
              "Total Cost": 29871.66,
              "Plan Rows": 1,
              "Plan Width": 8,
              "Actual Startup Time": 81.021,
              "Actual Total Time": 81.023,
              "Actual Rows": 1,
              "Actual Loops": 4,
              "Plans": [
                {
                  "Node Type": "Seq Scan",
                  "Parent Relationship": "Outer",
                  "Parallel Aware": true,
                  "Relation Name": "movie_companies",
                  "Alias": "mc",
                  "Startup Cost": 0.0,
                  "Total Cost": 29310.68,
                  "Plan Rows": 224388,
                  "Plan Width": 0,
                  "Actual Startup Time": 25.615,
                  "Actual Total Time": 73.011,
                  "Actual Rows": 172521,
                  "Actual Loops": 4,
                  "Filter": "(company_id > 47127)",
                  "Rows Removed by Filter": 479761
                }
              ]
            }
          ]
        }
      ]
    },
    "Planning Time": 0.154,
    "Triggers": [],
    "Execution Time": 92.802
  }
]