[
    {
        "Bao": {
            "Bao prediction": "NaN",
            "Bao recommended hint": "(no hint)"
        }
    },
    {
        "Plan": {
            "Node Type": "Aggregate",
            "Strategy": "Plain",
            "Partial Mode": "Finalize",
            "Parallel Aware": false,
            "Startup Cost": 339407.76,
            "Total Cost": 339407.77,
            "Plan Rows": 1,
            "Plan Width": 8,
            "Actual Startup Time": 895.026,
            "Actual Total Time": 927.926,
            "Actual Rows": 1,
            "Actual Loops": 1,
            "Output": [
                "count(*)"
            ],
            "Plans": [
                {
                    "Node Type": "Gather",
                    "Parent Relationship": "Outer",
                    "Parallel Aware": false,
                    "Startup Cost": 339407.13,
                    "Total Cost": 339407.74,
                    "Plan Rows": 6,
                    "Plan Width": 8,
                    "Actual Startup Time": 894.908,
                    "Actual Total Time": 927.916,
                    "Actual Rows": 7,
                    "Actual Loops": 1,
                    "Output": [
                        "(PARTIAL count(*))"
                    ],
                    "Workers Planned": 6,
                    "Workers Launched": 6,
                    "Single Copy": false,
                    "Plans": [
                        {
                            "Node Type": "Aggregate",
                            "Strategy": "Plain",
                            "Partial Mode": "Partial",
                            "Parent Relationship": "Outer",
                            "Parallel Aware": false,
                            "Startup Cost": 338407.13,
                            "Total Cost": 338407.14,
                            "Plan Rows": 1,
                            "Plan Width": 8,
                            "Actual Startup Time": 885.015,
                            "Actual Total Time": 885.016,
                            "Actual Rows": 1,
                            "Actual Loops": 7,
                            "Output": [
                                "PARTIAL count(*)"
                            ],
                            "Workers": [
                                {
                                    "Worker Number": 0,
                                    "Actual Startup Time": 882.689,
                                    "Actual Total Time": 882.69,
                                    "Actual Rows": 1,
                                    "Actual Loops": 1
                                },
                                {
                                    "Worker Number": 1,
                                    "Actual Startup Time": 882.761,
                                    "Actual Total Time": 882.763,
                                    "Actual Rows": 1,
                                    "Actual Loops": 1
                                },
                                {
                                    "Worker Number": 2,
                                    "Actual Startup Time": 883.161,
                                    "Actual Total Time": 883.162,
                                    "Actual Rows": 1,
                                    "Actual Loops": 1
                                },
                                {
                                    "Worker Number": 3,
                                    "Actual Startup Time": 883.489,
                                    "Actual Total Time": 883.49,
                                    "Actual Rows": 1,
                                    "Actual Loops": 1
                                },
                                {
                                    "Worker Number": 4,
                                    "Actual Startup Time": 883.997,
                                    "Actual Total Time": 883.997,
                                    "Actual Rows": 1,
                                    "Actual Loops": 1
                                },
                                {
                                    "Worker Number": 5,
                                    "Actual Startup Time": 884.484,
                                    "Actual Total Time": 884.485,
                                    "Actual Rows": 1,
                                    "Actual Loops": 1
                                }
                            ],
                            "Plans": [
                                {
                                    "Node Type": "Seq Scan",
                                    "Parent Relationship": "Outer",
                                    "Parallel Aware": true,
                                    "Relation Name": "cast_info",
                                    "Schema": "public",
                                    "Alias": "ci",
                                    "Startup Cost": 0.0,
                                    "Total Cost": 328213.62,
                                    "Plan Rows": 4077406,
                                    "Plan Width": 0,
                                    "Actual Startup Time": 142.095,
                                    "Actual Total Time": 690.63,
                                    "Actual Rows": 3484687,
                                    "Actual Loops": 7,
                                    "Output": [
                                        "id",
                                        "person_id",
                                        "movie_id",
                                        "person_role_id",
                                        "note",
                                        "nr_order",
                                        "role_id"
                                    ],
                                    "Filter": "(ci.person_id > 1164288)",
                                    "Rows Removed by Filter": 1693077,
                                    "Workers": [
                                        {
                                            "Worker Number": 0,
                                            "Actual Startup Time": 139.746,
                                            "Actual Total Time": 694.465,
                                            "Actual Rows": 2830936,
                                            "Actual Loops": 1
                                        },
                                        {
                                            "Worker Number": 1,
                                            "Actual Startup Time": 139.862,
                                            "Actual Total Time": 691.551,
                                            "Actual Rows": 2892513,
                                            "Actual Loops": 1
                                        },
                                        {
                                            "Worker Number": 2,
                                            "Actual Startup Time": 140.254,
                                            "Actual Total Time": 695.071,
                                            "Actual Rows": 2855624,
                                            "Actual Loops": 1
                                        },
                                        {
                                            "Worker Number": 3,
                                            "Actual Startup Time": 140.56,
                                            "Actual Total Time": 692.158,
                                            "Actual Rows": 2902060,
                                            "Actual Loops": 1
                                        },
                                        {
                                            "Worker Number": 4,
                                            "Actual Startup Time": 141.074,
                                            "Actual Total Time": 696.266,
                                            "Actual Rows": 2852957,
                                            "Actual Loops": 1
                                        },
                                        {
                                            "Worker Number": 5,
                                            "Actual Startup Time": 141.558,
                                            "Actual Total Time": 690.347,
                                            "Actual Rows": 4503208,
                                            "Actual Loops": 1
                                        }
                                    ]
                                }
                            ]
                        }
                    ]
                }
            ]
        },
        "Planning Time": 184.05,
        "Triggers": [],
        "Execution Time": 927.978
    }
]