{
  "Plan": {
    "Node Type": "Aggregate",
    "Strategy": "Plain",
    "Partial Mode": "Finalize",
    "Parallel Aware": false,
    "Startup Cost": 327613.99,
    "Total Cost": 327614.0,
    "Plan Rows": 1,
    "Plan Width": 8,
    "Actual Startup Time": 1347.632,
    "Actual Total Time": 1387.774,
    "Actual Rows": 1,
    "Actual Loops": 1,
    "Plans": [
      {
        "Node Type": "Gather",
        "Parent Relationship": "Outer",
        "Parallel Aware": false,
        "Startup Cost": 327613.87,
        "Total Cost": 327613.98,
        "Plan Rows": 1,
        "Plan Width": 8,
        "Actual Startup Time": 1347.39,
        "Actual Total Time": 1387.768,
        "Actual Rows": 2,
        "Actual Loops": 1,
        "Workers Planned": 1,
        "Workers Launched": 1,
        "Single Copy": false,
        "Plans": [
          {
            "Node Type": "Aggregate",
            "Strategy": "Plain",
            "Partial Mode": "Partial",
            "Parent Relationship": "Outer",
            "Parallel Aware": false,
            "Startup Cost": 326613.87,
            "Total Cost": 326613.88,
            "Plan Rows": 1,
            "Plan Width": 8,
            "Actual Startup Time": 1341.82,
            "Actual Total Time": 1341.823,
            "Actual Rows": 1,
            "Actual Loops": 2,
            "Plans": [
              {
                "Node Type": "Hash Join",
                "Parent Relationship": "Outer",
                "Parallel Aware": true,
                "Join Type": "Inner",
                "Startup Cost": 54699.94,
                "Total Cost": 326483.43,
                "Plan Rows": 52178,
                "Plan Width": 0,
                "Actual Startup Time": 136.867,
                "Actual Total Time": 1339.415,
                "Actual Rows": 45573,
                "Actual Loops": 2,
                "Inner Unique": true,
                "Hash Cond": "(mi.movie_id = t.id)",
                "Plans": [
                  {
                    "Node Type": "Seq Scan",
                    "Parent Relationship": "Outer",
                    "Parallel Aware": true,
                    "Relation Name": "movie_info",
                    "Alias": "mi",
                    "Startup Cost": 0.0,
                    "Total Cost": 248955.74,
                    "Plan Rows": 8696274,
                    "Plan Width": 4,
                    "Actual Startup Time": 0.008,
                    "Actual Total Time": 595.462,
                    "Actual Rows": 7417860,
                    "Actual Loops": 2
                  },
                  {
                    "Node Type": "Hash",
                    "Parent Relationship": "Inner",
                    "Parallel Aware": true,
                    "Startup Cost": 54588.39,
                    "Total Cost": 54588.39,
                    "Plan Rows": 8924,
                    "Plan Width": 4,
                    "Actual Startup Time": 134.962,
                    "Actual Total Time": 134.963,
                    "Actual Rows": 7142,
                    "Actual Loops": 2,
                    "Hash Buckets": 16384,
                    "Original Hash Buckets": 16384,
                    "Hash Batches": 1,
                    "Original Hash Batches": 1,
                    "Peak Memory Usage": 704,
                    "Plans": [
                      {
                        "Node Type": "Seq Scan",
                        "Parent Relationship": "Outer",
                        "Parallel Aware": true,
                        "Relation Name": "title",
                        "Alias": "t",
                        "Startup Cost": 0.0,
                        "Total Cost": 54588.39,
                        "Plan Rows": 8924,
                        "Plan Width": 4,
                        "Actual Startup Time": 0.1,
                        "Actual Total Time": 132.374,
                        "Actual Rows": 7142,
                        "Actual Loops": 2,
                        "Filter": "(production_year = 1973)",
                        "Rows Removed by Filter": 1257014
                      }
                    ]
                  }
                ]
              }
            ]
          }
        ]
      }
    ]
  },
  "Planning Time": 0.409,
  "Triggers": [],
  "Execution Time": 1387.87
}