[
  {
    "Plan": {
      "Node Type": "Aggregate",
      "Strategy": "Plain",
      "Partial Mode": "Finalize",
      "Parallel Aware": false,
      "Startup Cost": 32985.86,
      "Total Cost": 32985.87,
      "Plan Rows": 1,
      "Plan Width": 8,
      "Actual Startup Time": 84.193,
      "Actual Total Time": 92.117,
      "Actual Rows": 1,
      "Actual Loops": 1,
      "Plans": [
        {
          "Node Type": "Gather",
          "Parent Relationship": "Outer",
          "Parallel Aware": false,
          "Startup Cost": 32985.54,
          "Total Cost": 32985.85,
          "Plan Rows": 3,
          "Plan Width": 8,
          "Actual Startup Time": 84.007,
          "Actual Total Time": 92.107,
          "Actual Rows": 4,
          "Actual Loops": 1,
          "Workers Planned": 3,
          "Workers Launched": 3,
          "Single Copy": false,
          "Plans": [
            {
              "Node Type": "Aggregate",
              "Strategy": "Plain",
              "Partial Mode": "Partial",
              "Parent Relationship": "Outer",
              "Parallel Aware": false,
              "Startup Cost": 31985.54,
              "Total Cost": 31985.55,
              "Plan Rows": 1,
              "Plan Width": 8,
              "Actual Startup Time": 80.058,
              "Actual Total Time": 80.059,
              "Actual Rows": 1,
              "Actual Loops": 4,
              "Plans": [
                {
                  "Node Type": "Seq Scan",
                  "Parent Relationship": "Outer",
                  "Parallel Aware": true,
                  "Relation Name": "movie_companies",
                  "Alias": "mc",
                  "Startup Cost": 0.0,
                  "Total Cost": 31414.82,
                  "Plan Rows": 228288,
                  "Plan Width": 0,
                  "Actual Startup Time": 42.488,
                  "Actual Total Time": 74.75,
                  "Actual Rows": 112321,
                  "Actual Loops": 4,
                  "Filter": "((company_id < 12118) AND (company_type_id > 1))",
                  "Rows Removed by Filter": 539961
                }
              ]
            }
          ]
        }
      ]
    },
    "Planning Time": 0.225,
    "Triggers": [],
    "Execution Time": 92.181
  }
]