[
  {
    "Plan": {
      "Node Type": "Aggregate",
      "Strategy": "Plain",
      "Partial Mode": "Finalize",
      "Parallel Aware": false,
      "Startup Cost": 72794.32,
      "Total Cost": 72794.33,
      "Plan Rows": 1,
      "Plan Width": 8,
      "Actual Startup Time": 163.329,
      "Actual Total Time": 179.271,
      "Actual Rows": 1,
      "Actual Loops": 1,
      "Plans": [
        {
          "Node Type": "Gather",
          "Parent Relationship": "Outer",
          "Parallel Aware": false,
          "Startup Cost": 72794.01,
          "Total Cost": 72794.32,
          "Plan Rows": 3,
          "Plan Width": 8,
          "Actual Startup Time": 162.02,
          "Actual Total Time": 179.261,
          "Actual Rows": 4,
          "Actual Loops": 1,
          "Workers Planned": 3,
          "Workers Launched": 3,
          "Single Copy": false,
          "Plans": [
            {
              "Node Type": "Aggregate",
              "Strategy": "Plain",
              "Partial Mode": "Partial",
              "Parent Relationship": "Outer",
              "Parallel Aware": false,
              "Startup Cost": 71794.01,
              "Total Cost": 71794.02,
              "Plan Rows": 1,
              "Plan Width": 8,
              "Actual Startup Time": 152.653,
              "Actual Total Time": 152.657,
              "Actual Rows": 1,
              "Actual Loops": 4,
              "Plans": [
                {
                  "Node Type": "Hash Join",
                  "Parent Relationship": "Outer",
                  "Parallel Aware": true,
                  "Join Type": "Inner",
                  "Startup Cost": 46776.98,
                  "Total Cost": 71788.74,
                  "Plan Rows": 2108,
                  "Plan Width": 0,
                  "Actual Startup Time": 118.904,
                  "Actual Total Time": 152.549,
                  "Actual Rows": 1252,
                  "Actual Loops": 4,
                  "Inner Unique": true,
                  "Hash Cond": "(mk.movie_id = t.id)",
                  "Plans": [
                    {
                      "Node Type": "Bitmap Heap Scan",
                      "Parent Relationship": "Outer",
                      "Parallel Aware": true,
                      "Relation Name": "movie_keyword",
                      "Alias": "mk",
                      "Startup Cost": 2426.39,
                      "Total Cost": 27341.34,
                      "Plan Rows": 36876,
                      "Plan Width": 4,
                      "Actual Startup Time": 11.707,
                      "Actual Total Time": 40.002,
                      "Actual Rows": 28410,
                      "Actual Loops": 4,
                      "Recheck Cond": "(keyword_id > 79410)",
                      "Rows Removed by Index Recheck": 0,
                      "Exact Heap Blocks": 7144,
                      "Lossy Heap Blocks": 0,
                      "Plans": [
                        {
                          "Node Type": "Bitmap Index Scan",
                          "Parent Relationship": "Outer",
                          "Parallel Aware": false,
                          "Index Name": "keyword_id_movie_keyword",
                          "Startup Cost": 0.0,
                          "Total Cost": 2397.81,
                          "Plan Rows": 114317,
                          "Plan Width": 0,
                          "Actual Startup Time": 8.959,
                          "Actual Total Time": 8.959,
                          "Actual Rows": 113638,
                          "Actual Loops": 1,
                          "Index Cond": "(keyword_id > 79410)"
                        }
                      ]
                    },
                    {
                      "Node Type": "Hash",
                      "Parent Relationship": "Inner",
                      "Parallel Aware": true,
                      "Startup Cost": 43898.92,
                      "Total Cost": 43898.92,
                      "Plan Rows": 36134,
                      "Plan Width": 4,
                      "Actual Startup Time": 104.593,
                      "Actual Total Time": 104.594,
                      "Actual Rows": 35426,
                      "Actual Loops": 4,
                      "Hash Buckets": 262144,
                      "Original Hash Buckets": 262144,
                      "Hash Batches": 1,
                      "Original Hash Batches": 1,
                      "Peak Memory Usage": 7648,
                      "Plans": [
                        {
                          "Node Type": "Seq Scan",
                          "Parent Relationship": "Outer",
                          "Parallel Aware": true,
                          "Relation Name": "title",
                          "Alias": "t",
                          "Startup Cost": 0.0,
                          "Total Cost": 43898.92,
                          "Plan Rows": 36134,
                          "Plan Width": 4,
                          "Actual Startup Time": 0.043,
                          "Actual Total Time": 91.503,
                          "Actual Rows": 35426,
                          "Actual Loops": 4,
                          "Filter": "(production_year = 2010)",
                          "Rows Removed by Filter": 596652
                        }
                      ]
                    }
                  ]
                }
              ]
            }
          ]
        }
      ]
    },
    "Planning Time": 0.607,
    "Triggers": [],
    "Execution Time": 179.372
  }
]