{
  "Plan": {
    "Node Type": "Aggregate",
    "Strategy": "Plain",
    "Partial Mode": "Finalize",
    "Parallel Aware": false,
    "Startup Cost": 247662.75,
    "Total Cost": 247662.76,
    "Plan Rows": 1,
    "Plan Width": 8,
    "Actual Startup Time": 861.393,
    "Actual Total Time": 897.23,
    "Actual Rows": 1,
    "Actual Loops": 1,
    "Plans": [
      {
        "Node Type": "Gather",
        "Parent Relationship": "Outer",
        "Parallel Aware": false,
        "Startup Cost": 247662.63,
        "Total Cost": 247662.74,
        "Plan Rows": 1,
        "Plan Width": 8,
        "Actual Startup Time": 861.109,
        "Actual Total Time": 897.22,
        "Actual Rows": 2,
        "Actual Loops": 1,
        "Workers Planned": 1,
        "Workers Launched": 1,
        "Single Copy": false,
        "Plans": [
          {
            "Node Type": "Aggregate",
            "Strategy": "Plain",
            "Partial Mode": "Partial",
            "Parent Relationship": "Outer",
            "Parallel Aware": false,
            "Startup Cost": 246662.63,
            "Total Cost": 246662.64,
            "Plan Rows": 1,
            "Plan Width": 8,
            "Actual Startup Time": 854.81,
            "Actual Total Time": 854.815,
            "Actual Rows": 1,
            "Actual Loops": 2,
            "Plans": [
              {
                "Node Type": "Nested Loop",
                "Parent Relationship": "Outer",
                "Parallel Aware": false,
                "Join Type": "Inner",
                "Startup Cost": 58553.62,
                "Total Cost": 246521.64,
                "Plan Rows": 56397,
                "Plan Width": 0,
                "Actual Startup Time": 151.118,
                "Actual Total Time": 843.12,
                "Actual Rows": 283360,
                "Actual Loops": 2,
                "Inner Unique": false,
                "Join Filter": "(t.id = mk.movie_id)",
                "Rows Removed by Join Filter": 0,
                "Plans": [
                  {
                    "Node Type": "Hash Join",
                    "Parent Relationship": "Outer",
                    "Parallel Aware": true,
                    "Join Type": "Inner",
                    "Startup Cost": 58553.18,
                    "Total Cost": 188916.68,
                    "Plan Rows": 31519,
                    "Plan Width": 8,
                    "Actual Startup Time": 150.946,
                    "Actual Total Time": 643.961,
                    "Actual Rows": 25258,
                    "Actual Loops": 2,
                    "Inner Unique": true,
                    "Hash Cond": "(ci.movie_id = t.id)",
                    "Plans": [
                      {
                        "Node Type": "Index Scan",
                        "Parent Relationship": "Outer",
                        "Parallel Aware": true,
                        "Scan Direction": "Forward",
                        "Index Name": "role_id_cast_info",
                        "Relation Name": "cast_info",
                        "Alias": "ci",
                        "Startup Cost": 0.56,
                        "Total Cost": 124115.52,
                        "Plan Rows": 2380394,
                        "Plan Width": 4,
                        "Actual Startup Time": 0.052,
                        "Actual Total Time": 279.872,
                        "Actual Rows": 2004018,
                        "Actual Loops": 2,
                        "Index Cond": "(role_id = 3)",
                        "Rows Removed by Index Recheck": 0
                      },
                      {
                        "Node Type": "Hash",
                        "Parent Relationship": "Inner",
                        "Parallel Aware": true,
                        "Startup Cost": 58306.47,
                        "Total Cost": 58306.47,
                        "Plan Rows": 19692,
                        "Plan Width": 4,
                        "Actual Startup Time": 149.814,
                        "Actual Total Time": 149.815,
                        "Actual Rows": 14056,
                        "Actual Loops": 2,
                        "Hash Buckets": 65536,
                        "Original Hash Buckets": 65536,
                        "Hash Batches": 1,
                        "Original Hash Batches": 1,
                        "Peak Memory Usage": 1632,
                        "Plans": [
                          {
                            "Node Type": "Seq Scan",
                            "Parent Relationship": "Outer",
                            "Parallel Aware": true,
                            "Relation Name": "title",
                            "Alias": "t",
                            "Startup Cost": 0.0,
                            "Total Cost": 58306.47,
                            "Plan Rows": 19692,
                            "Plan Width": 4,
                            "Actual Startup Time": 0.039,
                            "Actual Total Time": 144.889,
                            "Actual Rows": 14056,
                            "Actual Loops": 2,
                            "Filter": "((kind_id < 7) AND (production_year = 2004))",
                            "Rows Removed by Filter": 1250100
                          }
                        ]
                      }
                    ]
                  },
                  {
                    "Node Type": "Index Only Scan",
                    "Parent Relationship": "Inner",
                    "Parallel Aware": false,
                    "Scan Direction": "Forward",
                    "Index Name": "movie_id_movie_keyword",
                    "Relation Name": "movie_keyword",
                    "Alias": "mk",
                    "Startup Cost": 0.43,
                    "Total Cost": 1.27,
                    "Plan Rows": 45,
                    "Plan Width": 4,
                    "Actual Startup Time": 0.005,
                    "Actual Total Time": 0.007,
                    "Actual Rows": 11,
                    "Actual Loops": 50515,
                    "Index Cond": "(movie_id = ci.movie_id)",
                    "Rows Removed by Index Recheck": 0,
                    "Heap Fetches": 566719
                  }
                ]
              }
            ]
          }
        ]
      }
    ]
  },
  "Planning Time": 1.002,
  "Triggers": [],
  "Execution Time": 897.335
}