[
  {
    "Plan": {
      "Node Type": "Aggregate",
      "Strategy": "Plain",
      "Partial Mode": "Finalize",
      "Parallel Aware": false,
      "Startup Cost": 79412.23,
      "Total Cost": 79412.24,
      "Plan Rows": 1,
      "Plan Width": 8,
      "Actual Startup Time": 252.751,
      "Actual Total Time": 275.79,
      "Actual Rows": 1,
      "Actual Loops": 1,
      "Plans": [
        {
          "Node Type": "Gather",
          "Parent Relationship": "Outer",
          "Parallel Aware": false,
          "Startup Cost": 79411.92,
          "Total Cost": 79412.23,
          "Plan Rows": 3,
          "Plan Width": 8,
          "Actual Startup Time": 251.969,
          "Actual Total Time": 275.779,
          "Actual Rows": 4,
          "Actual Loops": 1,
          "Workers Planned": 3,
          "Workers Launched": 3,
          "Single Copy": false,
          "Plans": [
            {
              "Node Type": "Aggregate",
              "Strategy": "Plain",
              "Partial Mode": "Partial",
              "Parent Relationship": "Outer",
              "Parallel Aware": false,
              "Startup Cost": 78411.92,
              "Total Cost": 78411.93,
              "Plan Rows": 1,
              "Plan Width": 8,
              "Actual Startup Time": 244.14,
              "Actual Total Time": 244.144,
              "Actual Rows": 1,
              "Actual Loops": 4,
              "Plans": [
                {
                  "Node Type": "Hash Join",
                  "Parent Relationship": "Outer",
                  "Parallel Aware": true,
                  "Join Type": "Inner",
                  "Startup Cost": 46010.64,
                  "Total Cost": 78352.57,
                  "Plan Rows": 23738,
                  "Plan Width": 0,
                  "Actual Startup Time": 166.94,
                  "Actual Total Time": 243.512,
                  "Actual Rows": 10621,
                  "Actual Loops": 4,
                  "Inner Unique": true,
                  "Hash Cond": "(mc.movie_id = t.id)",
                  "Plans": [
                    {
                      "Node Type": "Seq Scan",
                      "Parent Relationship": "Outer",
                      "Parallel Aware": true,
                      "Relation Name": "movie_companies",
                      "Alias": "mc",
                      "Startup Cost": 0.0,
                      "Total Cost": 31414.82,
                      "Plan Rows": 353188,
                      "Plan Width": 4,
                      "Actual Startup Time": 39.837,
                      "Actual Total Time": 86.212,
                      "Actual Rows": 216828,
                      "Actual Loops": 4,
                      "Filter": "((company_id < 76202) AND (company_type_id > 1))",
                      "Rows Removed by Filter": 435454
                    },
                    {
                      "Node Type": "Hash",
                      "Parent Relationship": "Inner",
                      "Parallel Aware": true,
                      "Startup Cost": 45479.59,
                      "Total Cost": 45479.59,
                      "Plan Rows": 42484,
                      "Plan Width": 4,
                      "Actual Startup Time": 124.215,
                      "Actual Total Time": 124.216,
                      "Actual Rows": 19773,
                      "Actual Loops": 4,
                      "Hash Buckets": 262144,
                      "Original Hash Buckets": 262144,
                      "Hash Batches": 1,
                      "Original Hash Batches": 1,
                      "Peak Memory Usage": 5216,
                      "Plans": [
                        {
                          "Node Type": "Seq Scan",
                          "Parent Relationship": "Outer",
                          "Parallel Aware": true,
                          "Relation Name": "title",
                          "Alias": "t",
                          "Startup Cost": 0.0,
                          "Total Cost": 45479.59,
                          "Plan Rows": 42484,
                          "Plan Width": 4,
                          "Actual Startup Time": 0.058,
                          "Actual Total Time": 113.738,
                          "Actual Rows": 19773,
                          "Actual Loops": 4,
                          "Filter": "((production_year < 1965) AND (kind_id = 7))",
                          "Rows Removed by Filter": 612305
                        }
                      ]
                    }
                  ]
                }
              ]
            }
          ]
        }
      ]
    },
    "Planning Time": 0.707,
    "Triggers": [],
    "Execution Time": 275.864
  }
]