[
  {
    "Plan": {
      "Node Type": "Aggregate",
      "Strategy": "Plain",
      "Partial Mode": "Finalize",
      "Parallel Aware": false,
      "Startup Cost": 77765.81,
      "Total Cost": 77765.82,
      "Plan Rows": 1,
      "Plan Width": 8,
      "Actual Startup Time": 441.464,
      "Actual Total Time": 461.854,
      "Actual Rows": 1,
      "Actual Loops": 1,
      "Plans": [
        {
          "Node Type": "Gather",
          "Parent Relationship": "Outer",
          "Parallel Aware": false,
          "Startup Cost": 77765.49,
          "Total Cost": 77765.8,
          "Plan Rows": 3,
          "Plan Width": 8,
          "Actual Startup Time": 432.347,
          "Actual Total Time": 461.844,
          "Actual Rows": 4,
          "Actual Loops": 1,
          "Workers Planned": 3,
          "Workers Launched": 3,
          "Single Copy": false,
          "Plans": [
            {
              "Node Type": "Aggregate",
              "Strategy": "Plain",
              "Partial Mode": "Partial",
              "Parent Relationship": "Outer",
              "Parallel Aware": false,
              "Startup Cost": 76765.49,
              "Total Cost": 76765.5,
              "Plan Rows": 1,
              "Plan Width": 8,
              "Actual Startup Time": 420.617,
              "Actual Total Time": 420.62,
              "Actual Rows": 1,
              "Actual Loops": 4,
              "Plans": [
                {
                  "Node Type": "Hash Join",
                  "Parent Relationship": "Outer",
                  "Parallel Aware": true,
                  "Join Type": "Inner",
                  "Startup Cost": 51870.02,
                  "Total Cost": 76702.87,
                  "Plan Rows": 25048,
                  "Plan Width": 0,
                  "Actual Startup Time": 383.946,
                  "Actual Total Time": 419.214,
                  "Actual Rows": 18261,
                  "Actual Loops": 4,
                  "Inner Unique": true,
                  "Hash Cond": "(mk.movie_id = t.id)",
                  "Plans": [
                    {
                      "Node Type": "Bitmap Heap Scan",
                      "Parent Relationship": "Outer",
                      "Parallel Aware": true,
                      "Relation Name": "movie_keyword",
                      "Alias": "mk",
                      "Startup Cost": 1650.21,
                      "Total Cost": 26417.31,
                      "Plan Rows": 25048,
                      "Plan Width": 4,
                      "Actual Startup Time": 14.074,
                      "Actual Total Time": 40.007,
                      "Actual Rows": 18261,
                      "Actual Loops": 4,
                      "Recheck Cond": "(keyword_id > 90090)",
                      "Rows Removed by Index Recheck": 0,
                      "Exact Heap Blocks": 5076,
                      "Lossy Heap Blocks": 0,
                      "Plans": [
                        {
                          "Node Type": "Bitmap Index Scan",
                          "Parent Relationship": "Outer",
                          "Parallel Aware": false,
                          "Index Name": "keyword_id_movie_keyword",
                          "Startup Cost": 0.0,
                          "Total Cost": 1630.8,
                          "Plan Rows": 77649,
                          "Plan Width": 0,
                          "Actual Startup Time": 10.449,
                          "Actual Total Time": 10.45,
                          "Actual Rows": 73043,
                          "Actual Loops": 1,
                          "Index Cond": "(keyword_id > 90090)"
                        }
                      ]
                    },
                    {
                      "Node Type": "Hash",
                      "Parent Relationship": "Inner",
                      "Parallel Aware": true,
                      "Startup Cost": 42318.81,
                      "Total Cost": 42318.81,
                      "Plan Rows": 632080,
                      "Plan Width": 4,
                      "Actual Startup Time": 360.448,
                      "Actual Total Time": 360.449,
                      "Actual Rows": 632078,
                      "Actual Loops": 4,
                      "Hash Buckets": 4194304,
                      "Original Hash Buckets": 4194304,
                      "Hash Batches": 1,
                      "Original Hash Batches": 1,
                      "Peak Memory Usage": 131776,
                      "Plans": [
                        {
                          "Node Type": "Seq Scan",
                          "Parent Relationship": "Outer",
                          "Parallel Aware": true,
                          "Relation Name": "title",
                          "Alias": "t",
                          "Startup Cost": 0.0,
                          "Total Cost": 42318.81,
                          "Plan Rows": 632080,
                          "Plan Width": 4,
                          "Actual Startup Time": 0.027,
                          "Actual Total Time": 109.409,
                          "Actual Rows": 632078,
                          "Actual Loops": 4
                        }
                      ]
                    }
                  ]
                }
              ]
            }
          ]
        }
      ]
    },
    "Planning Time": 0.313,
    "Triggers": [],
    "Execution Time": 461.902
  }
]