{
  "Plan": {
    "Node Type": "Aggregate",
    "Strategy": "Plain",
    "Partial Mode": "Finalize",
    "Parallel Aware": false,
    "Startup Cost": 151425.55,
    "Total Cost": 151425.56,
    "Plan Rows": 1,
    "Plan Width": 8,
    "Actual Startup Time": 1124.29,
    "Actual Total Time": 1142.911,
    "Actual Rows": 1,
    "Actual Loops": 1,
    "Plans": [
      {
        "Node Type": "Gather",
        "Parent Relationship": "Outer",
        "Parallel Aware": false,
        "Startup Cost": 151425.44,
        "Total Cost": 151425.55,
        "Plan Rows": 1,
        "Plan Width": 8,
        "Actual Startup Time": 1121.937,
        "Actual Total Time": 1142.905,
        "Actual Rows": 2,
        "Actual Loops": 1,
        "Workers Planned": 1,
        "Workers Launched": 1,
        "Single Copy": false,
        "Plans": [
          {
            "Node Type": "Aggregate",
            "Strategy": "Plain",
            "Partial Mode": "Partial",
            "Parent Relationship": "Outer",
            "Parallel Aware": false,
            "Startup Cost": 150425.44,
            "Total Cost": 150425.45,
            "Plan Rows": 1,
            "Plan Width": 8,
            "Actual Startup Time": 1115.802,
            "Actual Total Time": 1115.807,
            "Actual Rows": 1,
            "Actual Loops": 2,
            "Plans": [
              {
                "Node Type": "Hash Join",
                "Parent Relationship": "Outer",
                "Parallel Aware": true,
                "Join Type": "Inner",
                "Startup Cost": 86104.13,
                "Total Cost": 149448.18,
                "Plan Rows": 390905,
                "Plan Width": 0,
                "Actual Startup Time": 580.204,
                "Actual Total Time": 1047.748,
                "Actual Rows": 1641018,
                "Actual Loops": 2,
                "Inner Unique": false,
                "Hash Cond": "(mk.movie_id = t.id)",
                "Plans": [
                  {
                    "Node Type": "Seq Scan",
                    "Parent Relationship": "Outer",
                    "Parallel Aware": true,
                    "Relation Name": "movie_keyword",
                    "Alias": "mk",
                    "Startup Cost": 0.0,
                    "Total Cost": 51065.35,
                    "Plan Rows": 2661135,
                    "Plan Width": 4,
                    "Actual Startup Time": 0.015,
                    "Actual Total Time": 154.427,
                    "Actual Rows": 2261965,
                    "Actual Loops": 2
                  },
                  {
                    "Node Type": "Hash",
                    "Parent Relationship": "Inner",
                    "Parallel Aware": true,
                    "Startup Cost": 83373.31,
                    "Total Cost": 83373.31,
                    "Plan Rows": 218465,
                    "Plan Width": 8,
                    "Actual Startup Time": 574.463,
                    "Actual Total Time": 574.467,
                    "Actual Rows": 208014,
                    "Actual Loops": 2,
                    "Hash Buckets": 524288,
                    "Original Hash Buckets": 524288,
                    "Hash Batches": 1,
                    "Original Hash Batches": 1,
                    "Peak Memory Usage": 20416,
                    "Plans": [
                      {
                        "Node Type": "Hash Join",
                        "Parent Relationship": "Outer",
                        "Parallel Aware": true,
                        "Join Type": "Inner",
                        "Startup Cost": 21425.18,
                        "Total Cost": 83373.31,
                        "Plan Rows": 218465,
                        "Plan Width": 8,
                        "Actual Startup Time": 121.324,
                        "Actual Total Time": 516.712,
                        "Actual Rows": 208014,
                        "Actual Loops": 2,
                        "Inner Unique": false,
                        "Hash Cond": "(t.id = mi_idx.movie_id)",
                        "Plans": [
                          {
                            "Node Type": "Seq Scan",
                            "Parent Relationship": "Outer",
                            "Parallel Aware": true,
                            "Relation Name": "title",
                            "Alias": "t",
                            "Startup Cost": 0.0,
                            "Total Cost": 54588.39,
                            "Plan Rows": 1214931,
                            "Plan Width": 4,
                            "Actual Startup Time": 0.01,
                            "Actual Total Time": 157.625,
                            "Actual Rows": 1032276,
                            "Actual Loops": 2,
                            "Filter": "(production_year < 2011)",
                            "Rows Removed by Filter": 231880
                          },
                          {
                            "Node Type": "Hash",
                            "Parent Relationship": "Inner",
                            "Parallel Aware": true,
                            "Startup Cost": 18082.32,
                            "Total Cost": 18082.32,
                            "Plan Rows": 267429,
                            "Plan Width": 4,
                            "Actual Startup Time": 117.879,
                            "Actual Total Time": 117.88,
                            "Actual Rows": 229962,
                            "Actual Loops": 2,
                            "Hash Buckets": 524288,
                            "Original Hash Buckets": 524288,
                            "Hash Batches": 1,
                            "Original Hash Batches": 1,
                            "Peak Memory Usage": 22112,
                            "Plans": [
                              {
                                "Node Type": "Seq Scan",
                                "Parent Relationship": "Outer",
                                "Parallel Aware": true,
                                "Relation Name": "movie_info_idx",
                                "Alias": "mi_idx",
                                "Startup Cost": 0.0,
                                "Total Cost": 18082.32,
                                "Plan Rows": 267429,
                                "Plan Width": 4,
                                "Actual Startup Time": 0.054,
                                "Actual Total Time": 66.289,
                                "Actual Rows": 229962,
                                "Actual Loops": 2,
                                "Filter": "(info_type_id = 99)",
                                "Rows Removed by Filter": 460055
                              }
                            ]
                          }
                        ]
                      }
                    ]
                  }
                ]
              }
            ]
          }
        ]
      }
    ]
  },
  "Planning Time": 0.864,
  "Triggers": [],
  "Execution Time": 1142.994
}