[
  {
    "Plan": {
      "Node Type": "Aggregate",
      "Strategy": "Plain",
      "Partial Mode": "Finalize",
      "Parallel Aware": false,
      "Startup Cost": 559645.17,
      "Total Cost": 559645.18,
      "Plan Rows": 1,
      "Plan Width": 8,
      "Actual Startup Time": 1577.099,
      "Actual Total Time": 1646.27,
      "Actual Rows": 1,
      "Actual Loops": 1,
      "Plans": [
        {
          "Node Type": "Gather",
          "Parent Relationship": "Outer",
          "Parallel Aware": false,
          "Startup Cost": 559644.65,
          "Total Cost": 559645.16,
          "Plan Rows": 5,
          "Plan Width": 8,
          "Actual Startup Time": 1567.964,
          "Actual Total Time": 1646.249,
          "Actual Rows": 6,
          "Actual Loops": 1,
          "Workers Planned": 5,
          "Workers Launched": 5,
          "Single Copy": false,
          "Plans": [
            {
              "Node Type": "Aggregate",
              "Strategy": "Plain",
              "Partial Mode": "Partial",
              "Parent Relationship": "Outer",
              "Parallel Aware": false,
              "Startup Cost": 558644.65,
              "Total Cost": 558644.66,
              "Plan Rows": 1,
              "Plan Width": 8,
              "Actual Startup Time": 1558.863,
              "Actual Total Time": 1559.262,
              "Actual Rows": 1,
              "Actual Loops": 6,
              "Plans": [
                {
                  "Node Type": "Hash Join",
                  "Parent Relationship": "Outer",
                  "Parallel Aware": true,
                  "Join Type": "Inner",
                  "Startup Cost": 346442.88,
                  "Total Cost": 556503.5,
                  "Plan Rows": 856459,
                  "Plan Width": 0,
                  "Actual Startup Time": 573.239,
                  "Actual Total Time": 1490.922,
                  "Actual Rows": 1411429,
                  "Actual Loops": 6,
                  "Inner Unique": false,
                  "Hash Cond": "(mi.movie_id = t.id)",
                  "Plans": [
                    {
                      "Node Type": "Seq Scan",
                      "Parent Relationship": "Outer",
                      "Parallel Aware": true,
                      "Relation Name": "movie_info",
                      "Alias": "mi",
                      "Startup Cost": 0.0,
                      "Total Cost": 199108.24,
                      "Plan Rows": 2539986,
                      "Plan Width": 4,
                      "Actual Startup Time": 0.049,
                      "Actual Total Time": 375.615,
                      "Actual Rows": 2124109,
                      "Actual Loops": 6,
                      "Filter": "(info_type_id > 2)",
                      "Rows Removed by Filter": 348511
                    },
                    {
                      "Node Type": "Hash",
                      "Parent Relationship": "Inner",
                      "Parallel Aware": true,
                      "Startup Cost": 344666.72,
                      "Total Cost": 344666.72,
                      "Plan Rows": 142093,
                      "Plan Width": 8,
                      "Actual Startup Time": 569.482,
                      "Actual Total Time": 569.879,
                      "Actual Rows": 144318,
                      "Actual Loops": 6,
                      "Hash Buckets": 1048576,
                      "Original Hash Buckets": 1048576,
                      "Hash Batches": 1,
                      "Original Hash Batches": 1,
                      "Peak Memory Usage": 42112,
                      "Plans": [
                        {
                          "Node Type": "Hash Join",
                          "Parent Relationship": "Outer",
                          "Parallel Aware": true,
                          "Join Type": "Inner",
                          "Startup Cost": 87435.48,
                          "Total Cost": 344666.72,
                          "Plan Rows": 142093,
                          "Plan Width": 8,
                          "Actual Startup Time": 314.264,
                          "Actual Total Time": 507.02,
                          "Actual Rows": 144318,
                          "Actual Loops": 6,
                          "Inner Unique": true,
                          "Hash Cond": "(ci.movie_id = t.id)",
                          "Plans": [
                            {
                              "Node Type": "Bitmap Heap Scan",
                              "Parent Relationship": "Outer",
                              "Parallel Aware": true,
                              "Relation Name": "cast_info",
                              "Alias": "ci",
                              "Startup Cost": 39799.28,
                              "Total Cost": 296241.85,
                              "Plan Rows": 300446,
                              "Plan Width": 4,
                              "Actual Startup Time": 108.027,
                              "Actual Total Time": 174.25,
                              "Actual Rows": 310055,
                              "Actual Loops": 6,
                              "Recheck Cond": "(person_id < 183209)",
                              "Rows Removed by Index Recheck": 0,
                              "Exact Heap Blocks": 3003,
                              "Lossy Heap Blocks": 0,
                              "Plans": [
                                {
                                  "Node Type": "Bitmap Index Scan",
                                  "Parent Relationship": "Outer",
                                  "Parallel Aware": false,
                                  "Index Name": "person_id_cast_info",
                                  "Startup Cost": 0.0,
                                  "Total Cost": 39348.61,
                                  "Plan Rows": 1802673,
                                  "Plan Width": 0,
                                  "Actual Startup Time": 103.074,
                                  "Actual Total Time": 103.074,
                                  "Actual Rows": 1860331,
                                  "Actual Loops": 1,
                                  "Index Cond": "(person_id < 183209)"
                                }
                              ]
                            },
                            {
                              "Node Type": "Hash",
                              "Parent Relationship": "Inner",
                              "Parallel Aware": true,
                              "Startup Cost": 43899.32,
                              "Total Cost": 43899.32,
                              "Plan Rows": 298950,
                              "Plan Width": 4,
                              "Actual Startup Time": 202.83,
                              "Actual Total Time": 202.832,
                              "Actual Rows": 198753,
                              "Actual Loops": 6,
                              "Hash Buckets": 2097152,
                              "Original Hash Buckets": 2097152,
                              "Hash Batches": 1,
                              "Original Hash Batches": 1,
                              "Peak Memory Usage": 63168,
                              "Plans": [
                                {
                                  "Node Type": "Seq Scan",
                                  "Parent Relationship": "Outer",
                                  "Parallel Aware": true,
                                  "Relation Name": "title",
                                  "Alias": "t",
                                  "Startup Cost": 0.0,
                                  "Total Cost": 43899.32,
                                  "Plan Rows": 298950,
                                  "Plan Width": 4,
                                  "Actual Startup Time": 0.056,
                                  "Actual Total Time": 95.383,
                                  "Actual Rows": 198753,
                                  "Actual Loops": 6,
                                  "Filter": "(production_year > 2003)",
                                  "Rows Removed by Filter": 222632
                                }
                              ]
                            }
                          ]
                        }
                      ]
                    }
                  ]
                }
              ]
            }
          ]
        }
      ]
    },
    "Planning Time": 0.705,
    "Triggers": [],
    "Execution Time": 1646.36
  }
]