[
  {
    "Plan": {
      "Node Type": "Aggregate",
      "Strategy": "Plain",
      "Partial Mode": "Finalize",
      "Parallel Aware": false,
      "Startup Cost": 101119.32,
      "Total Cost": 101119.33,
      "Plan Rows": 1,
      "Plan Width": 8,
      "Actual Startup Time": 700.28,
      "Actual Total Time": 717.606,
      "Actual Rows": 1,
      "Actual Loops": 1,
      "Plans": [
        {
          "Node Type": "Gather",
          "Parent Relationship": "Outer",
          "Parallel Aware": false,
          "Startup Cost": 101119.0,
          "Total Cost": 101119.31,
          "Plan Rows": 3,
          "Plan Width": 8,
          "Actual Startup Time": 691.375,
          "Actual Total Time": 717.595,
          "Actual Rows": 4,
          "Actual Loops": 1,
          "Workers Planned": 3,
          "Workers Launched": 3,
          "Single Copy": false,
          "Plans": [
            {
              "Node Type": "Aggregate",
              "Strategy": "Plain",
              "Partial Mode": "Partial",
              "Parent Relationship": "Outer",
              "Parallel Aware": false,
              "Startup Cost": 100119.0,
              "Total Cost": 100119.01,
              "Plan Rows": 1,
              "Plan Width": 8,
              "Actual Startup Time": 682.173,
              "Actual Total Time": 682.622,
              "Actual Rows": 1,
              "Actual Loops": 4,
              "Plans": [
                {
                  "Node Type": "Hash Join",
                  "Parent Relationship": "Outer",
                  "Parallel Aware": true,
                  "Join Type": "Inner",
                  "Startup Cost": 68398.55,
                  "Total Cost": 99726.59,
                  "Plan Rows": 156964,
                  "Plan Width": 0,
                  "Actual Startup Time": 492.246,
                  "Actual Total Time": 667.402,
                  "Actual Rows": 371518,
                  "Actual Loops": 4,
                  "Inner Unique": false,
                  "Hash Cond": "(mc.movie_id = t.id)",
                  "Plans": [
                    {
                      "Node Type": "Seq Scan",
                      "Parent Relationship": "Outer",
                      "Parallel Aware": true,
                      "Relation Name": "movie_companies",
                      "Alias": "mc",
                      "Startup Cost": 0.0,
                      "Total Cost": 29310.68,
                      "Plan Rows": 433321,
                      "Plan Width": 4,
                      "Actual Startup Time": 0.014,
                      "Actual Total Time": 66.456,
                      "Actual Rows": 337318,
                      "Actual Loops": 4,
                      "Filter": "(company_id < 11586)",
                      "Rows Removed by Filter": 314964
                    },
                    {
                      "Node Type": "Hash",
                      "Parent Relationship": "Inner",
                      "Parallel Aware": true,
                      "Startup Cost": 65536.41,
                      "Total Cost": 65536.41,
                      "Plan Rows": 228971,
                      "Plan Width": 8,
                      "Actual Startup Time": 486.752,
                      "Actual Total Time": 487.199,
                      "Actual Rows": 229962,
                      "Actual Loops": 4,
                      "Hash Buckets": 1048576,
                      "Original Hash Buckets": 1048576,
                      "Hash Batches": 1,
                      "Original Hash Batches": 1,
                      "Peak Memory Usage": 44256,
                      "Plans": [
                        {
                          "Node Type": "Hash Join",
                          "Parent Relationship": "Outer",
                          "Parallel Aware": true,
                          "Join Type": "Inner",
                          "Startup Cost": 19892.91,
                          "Total Cost": 65536.41,
                          "Plan Rows": 228971,
                          "Plan Width": 8,
                          "Actual Startup Time": 133.882,
                          "Actual Total Time": 416.505,
                          "Actual Rows": 229962,
                          "Actual Loops": 4,
                          "Inner Unique": false,
                          "Hash Cond": "(t.id = mi_idx.movie_id)",
                          "Plans": [
                            {
                              "Node Type": "Seq Scan",
                              "Parent Relationship": "Outer",
                              "Parallel Aware": true,
                              "Relation Name": "title",
                              "Alias": "t",
                              "Startup Cost": 0.0,
                              "Total Cost": 42319.06,
                              "Plan Rows": 632106,
                              "Plan Width": 4,
                              "Actual Startup Time": 0.013,
                              "Actual Total Time": 81.281,
                              "Actual Rows": 632078,
                              "Actual Loops": 4
                            },
                            {
                              "Node Type": "Hash",
                              "Parent Relationship": "Inner",
                              "Parallel Aware": true,
                              "Startup Cost": 15122.68,
                              "Total Cost": 15122.68,
                              "Plan Rows": 381618,
                              "Plan Width": 4,
                              "Actual Startup Time": 131.025,
                              "Actual Total Time": 131.027,
                              "Actual Rows": 229962,
                              "Actual Loops": 4,
                              "Hash Buckets": 1048576,
                              "Original Hash Buckets": 1048576,
                              "Hash Batches": 1,
                              "Original Hash Batches": 1,
                              "Peak Memory Usage": 44256,
                              "Plans": [
                                {
                                  "Node Type": "Seq Scan",
                                  "Parent Relationship": "Outer",
                                  "Parallel Aware": true,
                                  "Relation Name": "movie_info_idx",
                                  "Alias": "mi_idx",
                                  "Startup Cost": 0.0,
                                  "Total Cost": 15122.68,
                                  "Plan Rows": 381618,
                                  "Plan Width": 4,
                                  "Actual Startup Time": 0.073,
                                  "Actual Total Time": 53.607,
                                  "Actual Rows": 229962,
                                  "Actual Loops": 4,
                                  "Filter": "(info_type_id < 101)",
                                  "Rows Removed by Filter": 115046
                                }
                              ]
                            }
                          ]
                        }
                      ]
                    }
                  ]
                }
              ]
            }
          ]
        }
      ]
    },
    "Planning Time": 1.325,
    "Triggers": [],
    "Execution Time": 717.686
  }
]