[
  {
    "Plan": {
      "Node Type": "Aggregate",
      "Strategy": "Plain",
      "Partial Mode": "Finalize",
      "Parallel Aware": false,
      "Startup Cost": 45184.2,
      "Total Cost": 45184.21,
      "Plan Rows": 1,
      "Plan Width": 8,
      "Actual Startup Time": 183.129,
      "Actual Total Time": 195.448,
      "Actual Rows": 1,
      "Actual Loops": 1,
      "Plans": [
        {
          "Node Type": "Gather",
          "Parent Relationship": "Outer",
          "Parallel Aware": false,
          "Startup Cost": 45183.88,
          "Total Cost": 45184.19,
          "Plan Rows": 3,
          "Plan Width": 8,
          "Actual Startup Time": 183.039,
          "Actual Total Time": 195.436,
          "Actual Rows": 4,
          "Actual Loops": 1,
          "Workers Planned": 3,
          "Workers Launched": 3,
          "Single Copy": false,
          "Plans": [
            {
              "Node Type": "Aggregate",
              "Strategy": "Plain",
              "Partial Mode": "Partial",
              "Parent Relationship": "Outer",
              "Parallel Aware": false,
              "Startup Cost": 44183.88,
              "Total Cost": 44183.89,
              "Plan Rows": 1,
              "Plan Width": 8,
              "Actual Startup Time": 174.144,
              "Actual Total Time": 174.145,
              "Actual Rows": 1,
              "Actual Loops": 4,
              "Plans": [
                {
                  "Node Type": "Seq Scan",
                  "Parent Relationship": "Outer",
                  "Parallel Aware": true,
                  "Relation Name": "movie_keyword",
                  "Alias": "mk",
                  "Startup Cost": 0.0,
                  "Total Cost": 42695.65,
                  "Plan Rows": 595290,
                  "Plan Width": 0,
                  "Actual Startup Time": 0.065,
                  "Actual Total Time": 144.413,
                  "Actual Rows": 461582,
                  "Actual Loops": 4,
                  "Filter": "(keyword_id < 3067)",
                  "Rows Removed by Filter": 669400
                }
              ]
            }
          ]
        }
      ]
    },
    "Planning Time": 0.167,
    "Triggers": [],
    "Execution Time": 195.503
  }
]