[
  {
    "Plan": {
      "Node Type": "Aggregate",
      "Strategy": "Plain",
      "Partial Mode": "Finalize",
      "Parallel Aware": false,
      "Startup Cost": 45715.55,
      "Total Cost": 45715.56,
      "Plan Rows": 1,
      "Plan Width": 8,
      "Actual Startup Time": 149.262,
      "Actual Total Time": 156.314,
      "Actual Rows": 1,
      "Actual Loops": 1,
      "Plans": [
        {
          "Node Type": "Gather",
          "Parent Relationship": "Outer",
          "Parallel Aware": false,
          "Startup Cost": 45715.24,
          "Total Cost": 45715.55,
          "Plan Rows": 3,
          "Plan Width": 8,
          "Actual Startup Time": 149.184,
          "Actual Total Time": 156.301,
          "Actual Rows": 4,
          "Actual Loops": 1,
          "Workers Planned": 3,
          "Workers Launched": 3,
          "Single Copy": false,
          "Plans": [
            {
              "Node Type": "Aggregate",
              "Strategy": "Plain",
              "Partial Mode": "Partial",
              "Parent Relationship": "Outer",
              "Parallel Aware": false,
              "Startup Cost": 44715.24,
              "Total Cost": 44715.25,
              "Plan Rows": 1,
              "Plan Width": 8,
              "Actual Startup Time": 142.457,
              "Actual Total Time": 142.458,
              "Actual Rows": 1,
              "Actual Loops": 4,
              "Plans": [
                {
                  "Node Type": "Seq Scan",
                  "Parent Relationship": "Outer",
                  "Parallel Aware": true,
                  "Relation Name": "movie_keyword",
                  "Alias": "mk",
                  "Startup Cost": 0.0,
                  "Total Cost": 42695.65,
                  "Plan Rows": 807833,
                  "Plan Width": 0,
                  "Actual Startup Time": 0.049,
                  "Actual Total Time": 112.936,
                  "Actual Rows": 628634,
                  "Actual Loops": 4,
                  "Filter": "(keyword_id < 6226)",
                  "Rows Removed by Filter": 502349
                }
              ]
            }
          ]
        }
      ]
    },
    "Planning Time": 0.182,
    "Triggers": [],
    "Execution Time": 156.366
  }
]