[
    {
        "Bao": {
            "Bao prediction": "NaN",
            "Bao recommended hint": "(no hint)"
        }
    },
    {
        "Plan": {
            "Node Type": "Aggregate",
            "Strategy": "Plain",
            "Partial Mode": "Finalize",
            "Parallel Aware": false,
            "Startup Cost": 29972.44,
            "Total Cost": 29972.45,
            "Plan Rows": 1,
            "Plan Width": 8,
            "Actual Startup Time": 78.433,
            "Actual Total Time": 82.793,
            "Actual Rows": 1,
            "Actual Loops": 1,
            "Output": [
                "count(*)"
            ],
            "Plans": [
                {
                    "Node Type": "Gather",
                    "Parent Relationship": "Outer",
                    "Parallel Aware": false,
                    "Startup Cost": 29972.12,
                    "Total Cost": 29972.43,
                    "Plan Rows": 3,
                    "Plan Width": 8,
                    "Actual Startup Time": 78.127,
                    "Actual Total Time": 82.786,
                    "Actual Rows": 4,
                    "Actual Loops": 1,
                    "Output": [
                        "(PARTIAL count(*))"
                    ],
                    "Workers Planned": 3,
                    "Workers Launched": 3,
                    "Single Copy": false,
                    "Plans": [
                        {
                            "Node Type": "Aggregate",
                            "Strategy": "Plain",
                            "Partial Mode": "Partial",
                            "Parent Relationship": "Outer",
                            "Parallel Aware": false,
                            "Startup Cost": 28972.12,
                            "Total Cost": 28972.13,
                            "Plan Rows": 1,
                            "Plan Width": 8,
                            "Actual Startup Time": 69.605,
                            "Actual Total Time": 69.607,
                            "Actual Rows": 1,
                            "Actual Loops": 4,
                            "Output": [
                                "PARTIAL count(*)"
                            ],
                            "Workers": [
                                {
                                    "Worker Number": 0,
                                    "Actual Startup Time": 66.501,
                                    "Actual Total Time": 66.502,
                                    "Actual Rows": 1,
                                    "Actual Loops": 1
                                },
                                {
                                    "Worker Number": 1,
                                    "Actual Startup Time": 66.936,
                                    "Actual Total Time": 66.937,
                                    "Actual Rows": 1,
                                    "Actual Loops": 1
                                },
                                {
                                    "Worker Number": 2,
                                    "Actual Startup Time": 67.102,
                                    "Actual Total Time": 67.103,
                                    "Actual Rows": 1,
                                    "Actual Loops": 1
                                }
                            ],
                            "Plans": [
                                {
                                    "Node Type": "Bitmap Heap Scan",
                                    "Parent Relationship": "Outer",
                                    "Parallel Aware": true,
                                    "Relation Name": "movie_companies",
                                    "Schema": "public",
                                    "Alias": "mc",
                                    "Startup Cost": 8191.49,
                                    "Total Cost": 28821.78,
                                    "Plan Rows": 60137,
                                    "Plan Width": 0,
                                    "Actual Startup Time": 13.373,
                                    "Actual Total Time": 64.291,
                                    "Actual Rows": 72397,
                                    "Actual Loops": 4,
                                    "Recheck Cond": "(mc.company_id < 225)",
                                    "Rows Removed by Index Recheck": 0,
                                    "Filter": "(mc.company_type_id = 1)",
                                    "Rows Removed by Filter": 21758,
                                    "Exact Heap Blocks": 9170,
                                    "Lossy Heap Blocks": 0,
                                    "Workers": [
                                        {
                                            "Worker Number": 0,
                                            "Actual Startup Time": 10.42,
                                            "Actual Total Time": 61.85,
                                            "Actual Rows": 35132,
                                            "Actual Loops": 1
                                        },
                                        {
                                            "Worker Number": 1,
                                            "Actual Startup Time": 10.727,
                                            "Actual Total Time": 62.176,
                                            "Actual Rows": 38313,
                                            "Actual Loops": 1
                                        },
                                        {
                                            "Worker Number": 2,
                                            "Actual Startup Time": 10.908,
                                            "Actual Total Time": 62.267,
                                            "Actual Rows": 38244,
                                            "Actual Loops": 1
                                        }
                                    ],
                                    "Plans": [
                                        {
                                            "Node Type": "Bitmap Index Scan",
                                            "Parent Relationship": "Outer",
                                            "Parallel Aware": false,
                                            "Index Name": "company_id_movie_companies",
                                            "Startup Cost": 0.0,
                                            "Total Cost": 8144.88,
                                            "Plan Rows": 380327,
                                            "Plan Width": 0,
                                            "Actual Startup Time": 18.803,
                                            "Actual Total Time": 18.803,
                                            "Actual Rows": 376622,
                                            "Actual Loops": 1,
                                            "Index Cond": "(mc.company_id < 225)"
                                        }
                                    ]
                                }
                            ]
                        }
                    ]
                }
            ]
        },
        "Planning Time": 180.914,
        "Triggers": [],
        "Execution Time": 82.851
    }
]