[
  {
    "Plan": {
      "Node Type": "Aggregate",
      "Strategy": "Plain",
      "Partial Mode": "Finalize",
      "Parallel Aware": false,
      "Startup Cost": 212908.31,
      "Total Cost": 212908.32,
      "Plan Rows": 1,
      "Plan Width": 8,
      "Actual Startup Time": 134.469,
      "Actual Total Time": 149.358,
      "Actual Rows": 1,
      "Actual Loops": 1,
      "Plans": [
        {
          "Node Type": "Gather",
          "Parent Relationship": "Outer",
          "Parallel Aware": false,
          "Startup Cost": 212907.78,
          "Total Cost": 212908.29,
          "Plan Rows": 5,
          "Plan Width": 8,
          "Actual Startup Time": 133.799,
          "Actual Total Time": 149.347,
          "Actual Rows": 6,
          "Actual Loops": 1,
          "Workers Planned": 5,
          "Workers Launched": 5,
          "Single Copy": false,
          "Plans": [
            {
              "Node Type": "Aggregate",
              "Strategy": "Plain",
              "Partial Mode": "Partial",
              "Parent Relationship": "Outer",
              "Parallel Aware": false,
              "Startup Cost": 211907.78,
              "Total Cost": 211907.79,
              "Plan Rows": 1,
              "Plan Width": 8,
              "Actual Startup Time": 125.788,
              "Actual Total Time": 125.794,
              "Actual Rows": 1,
              "Actual Loops": 6,
              "Plans": [
                {
                  "Node Type": "Hash Join",
                  "Parent Relationship": "Outer",
                  "Parallel Aware": true,
                  "Join Type": "Inner",
                  "Startup Cost": 48142.18,
                  "Total Cost": 211906.71,
                  "Plan Rows": 430,
                  "Plan Width": 0,
                  "Actual Startup Time": 114.249,
                  "Actual Total Time": 125.689,
                  "Actual Rows": 962,
                  "Actual Loops": 6,
                  "Inner Unique": true,
                  "Hash Cond": "(mi.movie_id = t.id)",
                  "Plans": [
                    {
                      "Node Type": "Bitmap Heap Scan",
                      "Parent Relationship": "Outer",
                      "Parallel Aware": true,
                      "Relation Name": "movie_info",
                      "Alias": "mi",
                      "Startup Cost": 2541.64,
                      "Total Cost": 166232.39,
                      "Plan Rows": 28109,
                      "Plan Width": 4,
                      "Actual Startup Time": 13.016,
                      "Actual Total Time": 20.178,
                      "Actual Rows": 23344,
                      "Actual Loops": 6,
                      "Recheck Cond": "(info_type_id = 9)",
                      "Rows Removed by Index Recheck": 0,
                      "Exact Heap Blocks": 429,
                      "Lossy Heap Blocks": 0,
                      "Plans": [
                        {
                          "Node Type": "Bitmap Index Scan",
                          "Parent Relationship": "Outer",
                          "Parallel Aware": false,
                          "Index Name": "info_type_id_movie_info",
                          "Startup Cost": 0.0,
                          "Total Cost": 2506.51,
                          "Plan Rows": 140543,
                          "Plan Width": 0,
                          "Actual Startup Time": 12.672,
                          "Actual Total Time": 12.672,
                          "Actual Rows": 140065,
                          "Actual Loops": 1,
                          "Index Cond": "(info_type_id = 9)"
                        }
                      ]
                    },
                    {
                      "Node Type": "Hash",
                      "Parent Relationship": "Inner",
                      "Parallel Aware": true,
                      "Startup Cost": 45479.59,
                      "Total Cost": 45479.59,
                      "Plan Rows": 9676,
                      "Plan Width": 4,
                      "Actual Startup Time": 100.452,
                      "Actual Total Time": 100.454,
                      "Actual Rows": 5376,
                      "Actual Loops": 6,
                      "Hash Buckets": 65536,
                      "Original Hash Buckets": 65536,
                      "Hash Batches": 1,
                      "Original Hash Batches": 1,
                      "Peak Memory Usage": 1856,
                      "Plans": [
                        {
                          "Node Type": "Seq Scan",
                          "Parent Relationship": "Outer",
                          "Parallel Aware": true,
                          "Relation Name": "title",
                          "Alias": "t",
                          "Startup Cost": 0.0,
                          "Total Cost": 45479.59,
                          "Plan Rows": 9676,
                          "Plan Width": 4,
                          "Actual Startup Time": 0.24,
                          "Actual Total Time": 96.866,
                          "Actual Rows": 5376,
                          "Actual Loops": 6,
                          "Filter": "((kind_id < 7) AND (production_year = 2005))",
                          "Rows Removed by Filter": 416010
                        }
                      ]
                    }
                  ]
                }
              ]
            }
          ]
        }
      ]
    },
    "Planning Time": 0.753,
    "Triggers": [],
    "Execution Time": 149.458
  }
]