[
    {
        "Bao": {
            "Bao prediction": 68.969,
            "Bao recommended hint": "SET enable_mergejoin TO off; SET enable_indexscan TO off; "
        }
    },
    {
        "Plan": {
            "Node Type": "Aggregate",
            "Strategy": "Plain",
            "Partial Mode": "Finalize",
            "Parallel Aware": false,
            "Startup Cost": 6637.46,
            "Total Cost": 6637.47,
            "Plan Rows": 1,
            "Plan Width": 64,
            "Actual Startup Time": 45.706,
            "Actual Total Time": 48.464,
            "Actual Rows": 1,
            "Actual Loops": 1,
            "Output": [
                "min(mi.info)",
                "min(t.title)"
            ],
            "Plans": [
                {
                    "Node Type": "Gather",
                    "Parent Relationship": "Outer",
                    "Parallel Aware": false,
                    "Startup Cost": 6637.35,
                    "Total Cost": 6637.46,
                    "Plan Rows": 1,
                    "Plan Width": 64,
                    "Actual Startup Time": 45.452,
                    "Actual Total Time": 48.453,
                    "Actual Rows": 2,
                    "Actual Loops": 1,
                    "Output": [
                        "(PARTIAL min(mi.info))",
                        "(PARTIAL min(t.title))"
                    ],
                    "Workers Planned": 1,
                    "Workers Launched": 1,
                    "Single Copy": false,
                    "Plans": [
                        {
                            "Node Type": "Aggregate",
                            "Strategy": "Plain",
                            "Partial Mode": "Partial",
                            "Parent Relationship": "Outer",
                            "Parallel Aware": false,
                            "Startup Cost": 5637.35,
                            "Total Cost": 5637.36,
                            "Plan Rows": 1,
                            "Plan Width": 64,
                            "Actual Startup Time": 36.962,
                            "Actual Total Time": 36.97,
                            "Actual Rows": 1,
                            "Actual Loops": 2,
                            "Output": [
                                "PARTIAL min(mi.info)",
                                "PARTIAL min(t.title)"
                            ],
                            "Workers": [
                                {
                                    "Worker Number": 0,
                                    "Actual Startup Time": 30.257,
                                    "Actual Total Time": 30.264,
                                    "Actual Rows": 1,
                                    "Actual Loops": 1
                                }
                            ],
                            "Plans": [
                                {
                                    "Node Type": "Nested Loop",
                                    "Parent Relationship": "Outer",
                                    "Parallel Aware": false,
                                    "Join Type": "Inner",
                                    "Startup Cost": 10.45,
                                    "Total Cost": 5637.29,
                                    "Plan Rows": 11,
                                    "Plan Width": 60,
                                    "Actual Startup Time": 24.162,
                                    "Actual Total Time": 36.953,
                                    "Actual Rows": 9,
                                    "Actual Loops": 2,
                                    "Output": [
                                        "mi.info",
                                        "t.title"
                                    ],
                                    "Inner Unique": false,
                                    "Workers": [
                                        {
                                            "Worker Number": 0,
                                            "Actual Startup Time": 30.252,
                                            "Actual Total Time": 30.258,
                                            "Actual Rows": 0,
                                            "Actual Loops": 1
                                        }
                                    ],
                                    "Plans": [
                                        {
                                            "Node Type": "Nested Loop",
                                            "Parent Relationship": "Outer",
                                            "Parallel Aware": false,
                                            "Join Type": "Inner",
                                            "Startup Cost": 10.01,
                                            "Total Cost": 5614.71,
                                            "Plan Rows": 5,
                                            "Plan Width": 76,
                                            "Actual Startup Time": 24.103,
                                            "Actual Total Time": 36.808,
                                            "Actual Rows": 3,
                                            "Actual Loops": 2,
                                            "Output": [
                                                "mc.movie_id",
                                                "mi.info",
                                                "mi.movie_id",
                                                "mk.movie_id",
                                                "t.title",
                                                "t.id"
                                            ],
                                            "Inner Unique": true,
                                            "Workers": [
                                                {
                                                    "Worker Number": 0,
                                                    "Actual Startup Time": 30.251,
                                                    "Actual Total Time": 30.256,
                                                    "Actual Rows": 0,
                                                    "Actual Loops": 1
                                                }
                                            ],
                                            "Plans": [
                                                {
                                                    "Node Type": "Nested Loop",
                                                    "Parent Relationship": "Outer",
                                                    "Parallel Aware": false,
                                                    "Join Type": "Inner",
                                                    "Startup Cost": 9.58,
                                                    "Total Cost": 5592.5,
                                                    "Plan Rows": 5,
                                                    "Plan Width": 80,
                                                    "Actual Startup Time": 24.058,
                                                    "Actual Total Time": 36.601,
                                                    "Actual Rows": 3,
                                                    "Actual Loops": 2,
                                                    "Output": [
                                                        "mc.movie_id",
                                                        "mi.info",
                                                        "mi.movie_id",
                                                        "mk.movie_id",
                                                        "mk.keyword_id",
                                                        "t.title",
                                                        "t.id"
                                                    ],
                                                    "Inner Unique": false,
                                                    "Workers": [
                                                        {
                                                            "Worker Number": 0,
                                                            "Actual Startup Time": 30.25,
                                                            "Actual Total Time": 30.255,
                                                            "Actual Rows": 0,
                                                            "Actual Loops": 1
                                                        }
                                                    ],
                                                    "Plans": [
                                                        {
                                                            "Node Type": "Nested Loop",
                                                            "Parent Relationship": "Outer",
                                                            "Parallel Aware": false,
                                                            "Join Type": "Inner",
                                                            "Startup Cost": 8.73,
                                                            "Total Cost": 5586.62,
                                                            "Plan Rows": 1,
                                                            "Plan Width": 72,
                                                            "Actual Startup Time": 23.969,
                                                            "Actual Total Time": 36.509,
                                                            "Actual Rows": 0,
                                                            "Actual Loops": 2,
                                                            "Output": [
                                                                "mc.movie_id",
                                                                "mi.info",
                                                                "mi.movie_id",
                                                                "t.title",
                                                                "t.id"
                                                            ],
                                                            "Inner Unique": true,
                                                            "Join Filter": "(mi.info_type_id = it1.id)",
                                                            "Rows Removed by Join Filter": 0,
                                                            "Workers": [
                                                                {
                                                                    "Worker Number": 0,
                                                                    "Actual Startup Time": 30.249,
                                                                    "Actual Total Time": 30.254,
                                                                    "Actual Rows": 0,
                                                                    "Actual Loops": 1
                                                                }
                                                            ],
                                                            "Plans": [
                                                                {
                                                                    "Node Type": "Nested Loop",
                                                                    "Parent Relationship": "Outer",
                                                                    "Parallel Aware": false,
                                                                    "Join Type": "Inner",
                                                                    "Startup Cost": 8.73,
                                                                    "Total Cost": 5584.2,
                                                                    "Plan Rows": 1,
                                                                    "Plan Width": 76,
                                                                    "Actual Startup Time": 23.956,
                                                                    "Actual Total Time": 36.495,
                                                                    "Actual Rows": 0,
                                                                    "Actual Loops": 2,
                                                                    "Output": [
                                                                        "mc.movie_id",
                                                                        "mi.info",
                                                                        "mi.movie_id",
                                                                        "mi.info_type_id",
                                                                        "t.title",
                                                                        "t.id"
                                                                    ],
                                                                    "Inner Unique": false,
                                                                    "Workers": [
                                                                        {
                                                                            "Worker Number": 0,
                                                                            "Actual Startup Time": 30.248,
                                                                            "Actual Total Time": 30.252,
                                                                            "Actual Rows": 0,
                                                                            "Actual Loops": 1
                                                                        }
                                                                    ],
                                                                    "Plans": [
                                                                        {
                                                                            "Node Type": "Nested Loop",
                                                                            "Parent Relationship": "Outer",
                                                                            "Parallel Aware": false,
                                                                            "Join Type": "Inner",
                                                                            "Startup Cost": 7.84,
                                                                            "Total Cost": 5578.58,
                                                                            "Plan Rows": 1,
                                                                            "Plan Width": 25,
                                                                            "Actual Startup Time": 23.866,
                                                                            "Actual Total Time": 36.336,
                                                                            "Actual Rows": 0,
                                                                            "Actual Loops": 2,
                                                                            "Output": [
                                                                                "mc.movie_id",
                                                                                "t.title",
                                                                                "t.id"
                                                                            ],
                                                                            "Inner Unique": true,
                                                                            "Workers": [
                                                                                {
                                                                                    "Worker Number": 0,
                                                                                    "Actual Startup Time": 30.248,
                                                                                    "Actual Total Time": 30.251,
                                                                                    "Actual Rows": 0,
                                                                                    "Actual Loops": 1
                                                                                }
                                                                            ],
                                                                            "Plans": [
                                                                                {
                                                                                    "Node Type": "Nested Loop",
                                                                                    "Parent Relationship": "Outer",
                                                                                    "Parallel Aware": false,
                                                                                    "Join Type": "Inner",
                                                                                    "Startup Cost": 5.42,
                                                                                    "Total Cost": 5572.14,
                                                                                    "Plan Rows": 1,
                                                                                    "Plan Width": 4,
                                                                                    "Actual Startup Time": 23.82,
                                                                                    "Actual Total Time": 36.29,
                                                                                    "Actual Rows": 0,
                                                                                    "Actual Loops": 2,
                                                                                    "Output": [
                                                                                        "mc.movie_id"
                                                                                    ],
                                                                                    "Inner Unique": true,
                                                                                    "Join Filter": "(mc.company_type_id = ct.id)",
                                                                                    "Rows Removed by Join Filter": 0,
                                                                                    "Workers": [
                                                                                        {
                                                                                            "Worker Number": 0,
                                                                                            "Actual Startup Time": 30.247,
                                                                                            "Actual Total Time": 30.249,
                                                                                            "Actual Rows": 0,
                                                                                            "Actual Loops": 1
                                                                                        }
                                                                                    ],
                                                                                    "Plans": [
                                                                                        {
                                                                                            "Node Type": "Nested Loop",
                                                                                            "Parent Relationship": "Outer",
                                                                                            "Parallel Aware": false,
                                                                                            "Join Type": "Inner",
                                                                                            "Startup Cost": 5.42,
                                                                                            "Total Cost": 5571.05,
                                                                                            "Plan Rows": 1,
                                                                                            "Plan Width": 8,
                                                                                            "Actual Startup Time": 23.814,
                                                                                            "Actual Total Time": 36.283,
                                                                                            "Actual Rows": 0,
                                                                                            "Actual Loops": 2,
                                                                                            "Output": [
                                                                                                "mc.movie_id",
                                                                                                "mc.company_type_id"
                                                                                            ],
                                                                                            "Inner Unique": false,
                                                                                            "Workers": [
                                                                                                {
                                                                                                    "Worker Number": 0,
                                                                                                    "Actual Startup Time": 30.246,
                                                                                                    "Actual Total Time": 30.248,
                                                                                                    "Actual Rows": 0,
                                                                                                    "Actual Loops": 1
                                                                                                }
                                                                                            ],
                                                                                            "Plans": [
                                                                                                {
                                                                                                    "Node Type": "Seq Scan",
                                                                                                    "Parent Relationship": "Outer",
                                                                                                    "Parallel Aware": true,
                                                                                                    "Relation Name": "company_name",
                                                                                                    "Schema": "public",
                                                                                                    "Alias": "cn",
                                                                                                    "Startup Cost": 0.0,
                                                                                                    "Total Cost": 5068.5,
                                                                                                    "Plan Rows": 1,
                                                                                                    "Plan Width": 4,
                                                                                                    "Actual Startup Time": 23.702,
                                                                                                    "Actual Total Time": 36.169,
                                                                                                    "Actual Rows": 0,
                                                                                                    "Actual Loops": 2,
                                                                                                    "Output": [
                                                                                                        "cn.id",
                                                                                                        "cn.name",
                                                                                                        "cn.country_code",
                                                                                                        "cn.imdb_id",
                                                                                                        "cn.name_pcode_nf",
                                                                                                        "cn.name_pcode_sf",
                                                                                                        "cn.md5sum"
                                                                                                    ],
                                                                                                    "Filter": "(((cn.country_code)::text = '[us]'::text) AND (cn.name = 'EA Mobile'::text))",
                                                                                                    "Rows Removed by Filter": 117498,
                                                                                                    "Workers": [
                                                                                                        {
                                                                                                            "Worker Number": 0,
                                                                                                            "Actual Startup Time": 30.244,
                                                                                                            "Actual Total Time": 30.245,
                                                                                                            "Actual Rows": 0,
                                                                                                            "Actual Loops": 1
                                                                                                        }
                                                                                                    ]
                                                                                                },
                                                                                                {
                                                                                                    "Node Type": "Bitmap Heap Scan",
                                                                                                    "Parent Relationship": "Inner",
                                                                                                    "Parallel Aware": false,
                                                                                                    "Relation Name": "movie_companies",
                                                                                                    "Schema": "public",
                                                                                                    "Alias": "mc",
                                                                                                    "Startup Cost": 5.42,
                                                                                                    "Total Cost": 502.54,
                                                                                                    "Plan Rows": 1,
                                                                                                    "Plan Width": 12,
                                                                                                    "Actual Startup Time": 0.209,
                                                                                                    "Actual Total Time": 0.211,
                                                                                                    "Actual Rows": 1,
                                                                                                    "Actual Loops": 1,
                                                                                                    "Output": [
                                                                                                        "mc.id",
                                                                                                        "mc.movie_id",
                                                                                                        "mc.company_id",
                                                                                                        "mc.company_type_id",
                                                                                                        "mc.note"
                                                                                                    ],
                                                                                                    "Recheck Cond": "(mc.company_id = cn.id)",
                                                                                                    "Rows Removed by Index Recheck": 0,
                                                                                                    "Filter": "((mc.note ~~ '%(200%)%'::text) AND (mc.note ~~ '%(worldwide)%'::text))",
                                                                                                    "Rows Removed by Filter": 0,
                                                                                                    "Exact Heap Blocks": 1,
                                                                                                    "Lossy Heap Blocks": 0,
                                                                                                    "Plans": [
                                                                                                        {
                                                                                                            "Node Type": "Bitmap Index Scan",
                                                                                                            "Parent Relationship": "Outer",
                                                                                                            "Parallel Aware": false,
                                                                                                            "Index Name": "company_id_movie_companies",
                                                                                                            "Startup Cost": 0.0,
                                                                                                            "Total Cost": 5.42,
                                                                                                            "Plan Rows": 132,
                                                                                                            "Plan Width": 0,
                                                                                                            "Actual Startup Time": 0.182,
                                                                                                            "Actual Total Time": 0.182,
                                                                                                            "Actual Rows": 1,
                                                                                                            "Actual Loops": 1,
                                                                                                            "Index Cond": "(mc.company_id = cn.id)"
                                                                                                        }
                                                                                                    ]
                                                                                                }
                                                                                            ]
                                                                                        },
                                                                                        {
                                                                                            "Node Type": "Seq Scan",
                                                                                            "Parent Relationship": "Inner",
                                                                                            "Parallel Aware": false,
                                                                                            "Relation Name": "company_type",
                                                                                            "Schema": "public",
                                                                                            "Alias": "ct",
                                                                                            "Startup Cost": 0.0,
                                                                                            "Total Cost": 1.04,
                                                                                            "Plan Rows": 4,
                                                                                            "Plan Width": 4,
                                                                                            "Actual Startup Time": 0.008,
                                                                                            "Actual Total Time": 0.008,
                                                                                            "Actual Rows": 1,
                                                                                            "Actual Loops": 1,
                                                                                            "Output": [
                                                                                                "ct.id",
                                                                                                "ct.kind"
                                                                                            ]
                                                                                        }
                                                                                    ]
                                                                                },
                                                                                {
                                                                                    "Node Type": "Bitmap Heap Scan",
                                                                                    "Parent Relationship": "Inner",
                                                                                    "Parallel Aware": false,
                                                                                    "Relation Name": "title",
                                                                                    "Schema": "public",
                                                                                    "Alias": "t",
                                                                                    "Startup Cost": 2.42,
                                                                                    "Total Cost": 6.44,
                                                                                    "Plan Rows": 1,
                                                                                    "Plan Width": 21,
                                                                                    "Actual Startup Time": 0.083,
                                                                                    "Actual Total Time": 0.083,
                                                                                    "Actual Rows": 1,
                                                                                    "Actual Loops": 1,
                                                                                    "Output": [
                                                                                        "t.id",
                                                                                        "t.title",
                                                                                        "t.imdb_index",
                                                                                        "t.kind_id",
                                                                                        "t.production_year",
                                                                                        "t.imdb_id",
                                                                                        "t.phonetic_code",
                                                                                        "t.episode_of_id",
                                                                                        "t.season_nr",
                                                                                        "t.episode_nr",
                                                                                        "t.series_years",
                                                                                        "t.md5sum"
                                                                                    ],
                                                                                    "Recheck Cond": "(t.id = mc.movie_id)",
                                                                                    "Rows Removed by Index Recheck": 0,
                                                                                    "Filter": "((t.production_year >= 1998) AND (t.production_year <= 2012))",
                                                                                    "Rows Removed by Filter": 0,
                                                                                    "Exact Heap Blocks": 1,
                                                                                    "Lossy Heap Blocks": 0,
                                                                                    "Plans": [
                                                                                        {
                                                                                            "Node Type": "Bitmap Index Scan",
                                                                                            "Parent Relationship": "Outer",
                                                                                            "Parallel Aware": false,
                                                                                            "Index Name": "title_pkey",
                                                                                            "Startup Cost": 0.0,
                                                                                            "Total Cost": 2.42,
                                                                                            "Plan Rows": 1,
                                                                                            "Plan Width": 0,
                                                                                            "Actual Startup Time": 0.042,
                                                                                            "Actual Total Time": 0.042,
                                                                                            "Actual Rows": 1,
                                                                                            "Actual Loops": 1,
                                                                                            "Index Cond": "(t.id = mc.movie_id)"
                                                                                        }
                                                                                    ]
                                                                                }
                                                                            ]
                                                                        },
                                                                        {
                                                                            "Node Type": "Bitmap Heap Scan",
                                                                            "Parent Relationship": "Inner",
                                                                            "Parallel Aware": false,
                                                                            "Relation Name": "movie_info",
                                                                            "Schema": "public",
                                                                            "Alias": "mi",
                                                                            "Startup Cost": 0.89,
                                                                            "Total Cost": 5.61,
                                                                            "Plan Rows": 1,
                                                                            "Plan Width": 51,
                                                                            "Actual Startup Time": 0.173,
                                                                            "Actual Total Time": 0.307,
                                                                            "Actual Rows": 1,
                                                                            "Actual Loops": 1,
                                                                            "Output": [
                                                                                "mi.id",
                                                                                "mi.movie_id",
                                                                                "mi.info_type_id",
                                                                                "mi.info",
                                                                                "mi.note"
                                                                            ],
                                                                            "Recheck Cond": "(mi.movie_id = t.id)",
                                                                            "Rows Removed by Index Recheck": 0,
                                                                            "Filter": "((mi.note ~~ '%internet%'::text) AND (mi.info ~~ 'USA:% 200%'::text))",
                                                                            "Rows Removed by Filter": 17,
                                                                            "Exact Heap Blocks": 7,
                                                                            "Lossy Heap Blocks": 0,
                                                                            "Plans": [
                                                                                {
                                                                                    "Node Type": "Bitmap Index Scan",
                                                                                    "Parent Relationship": "Outer",
                                                                                    "Parallel Aware": false,
                                                                                    "Index Name": "movie_id_movie_info",
                                                                                    "Startup Cost": 0.0,
                                                                                    "Total Cost": 0.89,
                                                                                    "Plan Rows": 41,
                                                                                    "Plan Width": 0,
                                                                                    "Actual Startup Time": 0.091,
                                                                                    "Actual Total Time": 0.091,
                                                                                    "Actual Rows": 18,
                                                                                    "Actual Loops": 1,
                                                                                    "Index Cond": "(mi.movie_id = t.id)"
                                                                                }
                                                                            ]
                                                                        }
                                                                    ]
                                                                },
                                                                {
                                                                    "Node Type": "Seq Scan",
                                                                    "Parent Relationship": "Inner",
                                                                    "Parallel Aware": false,
                                                                    "Relation Name": "info_type",
                                                                    "Schema": "public",
                                                                    "Alias": "it1",
                                                                    "Startup Cost": 0.0,
                                                                    "Total Cost": 2.41,
                                                                    "Plan Rows": 1,
                                                                    "Plan Width": 4,
                                                                    "Actual Startup Time": 0.022,
                                                                    "Actual Total Time": 0.022,
                                                                    "Actual Rows": 1,
                                                                    "Actual Loops": 1,
                                                                    "Output": [
                                                                        "it1.id",
                                                                        "it1.info"
                                                                    ],
                                                                    "Filter": "((it1.info)::text = 'release dates'::text)",
                                                                    "Rows Removed by Filter": 15
                                                                }
                                                            ]
                                                        },
                                                        {
                                                            "Node Type": "Bitmap Heap Scan",
                                                            "Parent Relationship": "Inner",
                                                            "Parallel Aware": false,
                                                            "Relation Name": "movie_keyword",
                                                            "Schema": "public",
                                                            "Alias": "mk",
                                                            "Startup Cost": 0.85,
                                                            "Total Cost": 5.42,
                                                            "Plan Rows": 46,
                                                            "Plan Width": 8,
                                                            "Actual Startup Time": 0.169,
                                                            "Actual Total Time": 0.172,
                                                            "Actual Rows": 6,
                                                            "Actual Loops": 1,
                                                            "Output": [
                                                                "mk.id",
                                                                "mk.movie_id",
                                                                "mk.keyword_id"
                                                            ],
                                                            "Recheck Cond": "(mk.movie_id = t.id)",
                                                            "Rows Removed by Index Recheck": 0,
                                                            "Exact Heap Blocks": 1,
                                                            "Lossy Heap Blocks": 0,
                                                            "Plans": [
                                                                {
                                                                    "Node Type": "Bitmap Index Scan",
                                                                    "Parent Relationship": "Outer",
                                                                    "Parallel Aware": false,
                                                                    "Index Name": "movie_id_movie_keyword",
                                                                    "Startup Cost": 0.0,
                                                                    "Total Cost": 0.83,
                                                                    "Plan Rows": 46,
                                                                    "Plan Width": 0,
                                                                    "Actual Startup Time": 0.127,
                                                                    "Actual Total Time": 0.127,
                                                                    "Actual Rows": 6,
                                                                    "Actual Loops": 1,
                                                                    "Index Cond": "(mk.movie_id = t.id)"
                                                                }
                                                            ]
                                                        }
                                                    ]
                                                },
                                                {
                                                    "Node Type": "Bitmap Heap Scan",
                                                    "Parent Relationship": "Inner",
                                                    "Parallel Aware": false,
                                                    "Relation Name": "keyword",
                                                    "Schema": "public",
                                                    "Alias": "k",
                                                    "Startup Cost": 0.43,
                                                    "Total Cost": 4.44,
                                                    "Plan Rows": 1,
                                                    "Plan Width": 4,
                                                    "Actual Startup Time": 0.062,
                                                    "Actual Total Time": 0.062,
                                                    "Actual Rows": 1,
                                                    "Actual Loops": 6,
                                                    "Output": [
                                                        "k.id",
                                                        "k.keyword",
                                                        "k.phonetic_code"
                                                    ],
                                                    "Recheck Cond": "(k.id = mk.keyword_id)",
                                                    "Rows Removed by Index Recheck": 0,
                                                    "Exact Heap Blocks": 6,
                                                    "Lossy Heap Blocks": 0,
                                                    "Plans": [
                                                        {
                                                            "Node Type": "Bitmap Index Scan",
                                                            "Parent Relationship": "Outer",
                                                            "Parallel Aware": false,
                                                            "Index Name": "keyword_pkey",
                                                            "Startup Cost": 0.0,
                                                            "Total Cost": 0.43,
                                                            "Plan Rows": 1,
                                                            "Plan Width": 0,
                                                            "Actual Startup Time": 0.04,
                                                            "Actual Total Time": 0.04,
                                                            "Actual Rows": 1,
                                                            "Actual Loops": 6,
                                                            "Index Cond": "(k.id = mk.keyword_id)"
                                                        }
                                                    ]
                                                }
                                            ]
                                        },
                                        {
                                            "Node Type": "Bitmap Heap Scan",
                                            "Parent Relationship": "Inner",
                                            "Parallel Aware": false,
                                            "Relation Name": "aka_title",
                                            "Schema": "public",
                                            "Alias": "at",
                                            "Startup Cost": 0.45,
                                            "Total Cost": 4.49,
                                            "Plan Rows": 3,
                                            "Plan Width": 4,
                                            "Actual Startup Time": 0.027,
                                            "Actual Total Time": 0.041,
                                            "Actual Rows": 3,
                                            "Actual Loops": 6,
                                            "Output": [
                                                "at.id",
                                                "at.movie_id",
                                                "at.title",
                                                "at.imdb_index",
                                                "at.kind_id",
                                                "at.production_year",
                                                "at.phonetic_code",
                                                "at.episode_of_id",
                                                "at.season_nr",
                                                "at.episode_nr",
                                                "at.note",
                                                "at.md5sum"
                                            ],
                                            "Recheck Cond": "(at.movie_id = t.id)",
                                            "Rows Removed by Index Recheck": 0,
                                            "Exact Heap Blocks": 18,
                                            "Lossy Heap Blocks": 0,
                                            "Plans": [
                                                {
                                                    "Node Type": "Bitmap Index Scan",
                                                    "Parent Relationship": "Outer",
                                                    "Parallel Aware": false,
                                                    "Index Name": "movie_id_aka_title",
                                                    "Startup Cost": 0.0,
                                                    "Total Cost": 0.45,
                                                    "Plan Rows": 3,
                                                    "Plan Width": 0,
                                                    "Actual Startup Time": 0.018,
                                                    "Actual Total Time": 0.018,
                                                    "Actual Rows": 3,
                                                    "Actual Loops": 6,
                                                    "Index Cond": "(at.movie_id = t.id)"
                                                }
                                            ]
                                        }
                                    ]
                                }
                            ]
                        }
                    ]
                }
            ]
        },
        "Planning Time": 2206.775,
        "Triggers": [],
        "Execution Time": 49.597
    }
]