[
  {
    "Plan": {
      "Node Type": "Aggregate",
      "Strategy": "Plain",
      "Partial Mode": "Finalize",
      "Parallel Aware": false,
      "Startup Cost": 33094.65,
      "Total Cost": 33094.66,
      "Plan Rows": 1,
      "Plan Width": 8,
      "Actual Startup Time": 92.518,
      "Actual Total Time": 100.801,
      "Actual Rows": 1,
      "Actual Loops": 1,
      "Plans": [
        {
          "Node Type": "Gather",
          "Parent Relationship": "Outer",
          "Parallel Aware": false,
          "Startup Cost": 33094.33,
          "Total Cost": 33094.64,
          "Plan Rows": 3,
          "Plan Width": 8,
          "Actual Startup Time": 92.38,
          "Actual Total Time": 100.793,
          "Actual Rows": 4,
          "Actual Loops": 1,
          "Workers Planned": 3,
          "Workers Launched": 3,
          "Single Copy": false,
          "Plans": [
            {
              "Node Type": "Aggregate",
              "Strategy": "Plain",
              "Partial Mode": "Partial",
              "Parent Relationship": "Outer",
              "Parallel Aware": false,
              "Startup Cost": 32094.33,
              "Total Cost": 32094.34,
              "Plan Rows": 1,
              "Plan Width": 8,
              "Actual Startup Time": 85.199,
              "Actual Total Time": 85.2,
              "Actual Rows": 1,
              "Actual Loops": 4,
              "Plans": [
                {
                  "Node Type": "Seq Scan",
                  "Parent Relationship": "Outer",
                  "Parallel Aware": true,
                  "Relation Name": "movie_companies",
                  "Alias": "mc",
                  "Startup Cost": 0.0,
                  "Total Cost": 31414.82,
                  "Plan Rows": 271805,
                  "Plan Width": 0,
                  "Actual Startup Time": 1.563,
                  "Actual Total Time": 77.401,
                  "Actual Rows": 160547,
                  "Actual Loops": 4,
                  "Filter": "((company_id > 2787) AND (company_type_id = 1))",
                  "Rows Removed by Filter": 491735
                }
              ]
            }
          ]
        }
      ]
    },
    "Planning Time": 0.227,
    "Triggers": [],
    "Execution Time": 100.857
  }
]