[
  {
    "Plan": {
      "Node Type": "Aggregate",
      "Strategy": "Plain",
      "Partial Mode": "Finalize",
      "Parallel Aware": false,
      "Startup Cost": 112908.87,
      "Total Cost": 112908.88,
      "Plan Rows": 1,
      "Plan Width": 8,
      "Actual Startup Time": 513.676,
      "Actual Total Time": 532.655,
      "Actual Rows": 1,
      "Actual Loops": 1,
      "Plans": [
        {
          "Node Type": "Gather",
          "Parent Relationship": "Outer",
          "Parallel Aware": false,
          "Startup Cost": 112908.55,
          "Total Cost": 112908.86,
          "Plan Rows": 3,
          "Plan Width": 8,
          "Actual Startup Time": 511.131,
          "Actual Total Time": 532.646,
          "Actual Rows": 4,
          "Actual Loops": 1,
          "Workers Planned": 3,
          "Workers Launched": 3,
          "Single Copy": false,
          "Plans": [
            {
              "Node Type": "Aggregate",
              "Strategy": "Plain",
              "Partial Mode": "Partial",
              "Parent Relationship": "Outer",
              "Parallel Aware": false,
              "Startup Cost": 111908.55,
              "Total Cost": 111908.56,
              "Plan Rows": 1,
              "Plan Width": 8,
              "Actual Startup Time": 505.35,
              "Actual Total Time": 505.546,
              "Actual Rows": 1,
              "Actual Loops": 4,
              "Plans": [
                {
                  "Node Type": "Hash Join",
                  "Parent Relationship": "Outer",
                  "Parallel Aware": true,
                  "Join Type": "Inner",
                  "Startup Cost": 63716.4,
                  "Total Cost": 111751.58,
                  "Plan Rows": 62789,
                  "Plan Width": 0,
                  "Actual Startup Time": 274.058,
                  "Actual Total Time": 478.428,
                  "Actual Rows": 594755,
                  "Actual Loops": 4,
                  "Inner Unique": false,
                  "Hash Cond": "(mk.movie_id = t.id)",
                  "Plans": [
                    {
                      "Node Type": "Seq Scan",
                      "Parent Relationship": "Outer",
                      "Parallel Aware": true,
                      "Relation Name": "movie_keyword",
                      "Alias": "mk",
                      "Startup Cost": 0.0,
                      "Total Cost": 42695.65,
                      "Plan Rows": 1354109,
                      "Plan Width": 4,
                      "Actual Startup Time": 0.037,
                      "Actual Total Time": 115.289,
                      "Actual Rows": 1050048,
                      "Actual Loops": 4,
                      "Filter": "(keyword_id > 261)",
                      "Rows Removed by Filter": 80934
                    },
                    {
                      "Node Type": "Hash",
                      "Parent Relationship": "Inner",
                      "Parallel Aware": true,
                      "Startup Cost": 63105.76,
                      "Total Cost": 63105.76,
                      "Plan Rows": 48851,
                      "Plan Width": 8,
                      "Actual Startup Time": 236.554,
                      "Actual Total Time": 236.749,
                      "Actual Rows": 52148,
                      "Actual Loops": 4,
                      "Hash Buckets": 262144,
                      "Original Hash Buckets": 131072,
                      "Hash Batches": 1,
                      "Original Hash Batches": 1,
                      "Peak Memory Usage": 11296,
                      "Plans": [
                        {
                          "Node Type": "Hash Join",
                          "Parent Relationship": "Outer",
                          "Parallel Aware": true,
                          "Join Type": "Inner",
                          "Startup Cost": 47475.41,
                          "Total Cost": 63105.76,
                          "Plan Rows": 48851,
                          "Plan Width": 8,
                          "Actual Startup Time": 173.239,
                          "Actual Total Time": 219.167,
                          "Actual Rows": 52148,
                          "Actual Loops": 4,
                          "Inner Unique": true,
                          "Hash Cond": "(mi_idx.movie_id = t.id)",
                          "Plans": [
                            {
                              "Node Type": "Seq Scan",
                              "Parent Relationship": "Outer",
                              "Parallel Aware": true,
                              "Relation Name": "movie_info_idx",
                              "Alias": "mi_idx",
                              "Startup Cost": 0.0,
                              "Total Cost": 15122.68,
                              "Plan Rows": 193397,
                              "Plan Width": 4,
                              "Actual Startup Time": 0.013,
                              "Actual Total Time": 34.054,
                              "Actual Rows": 115046,
                              "Actual Loops": 4,
                              "Filter": "(info_type_id > 100)",
                              "Rows Removed by Filter": 229962
                            },
                            {
                              "Node Type": "Hash",
                              "Parent Relationship": "Inner",
                              "Parallel Aware": true,
                              "Startup Cost": 45479.59,
                              "Total Cost": 45479.59,
                              "Plan Rows": 159666,
                              "Plan Width": 4,
                              "Actual Startup Time": 146.136,
                              "Actual Total Time": 146.137,
                              "Actual Rows": 161719,
                              "Actual Loops": 4,
                              "Hash Buckets": 1048576,
                              "Original Hash Buckets": 1048576,
                              "Hash Batches": 1,
                              "Original Hash Batches": 1,
                              "Peak Memory Usage": 33568,
                              "Plans": [
                                {
                                  "Node Type": "Seq Scan",
                                  "Parent Relationship": "Outer",
                                  "Parallel Aware": true,
                                  "Relation Name": "title",
                                  "Alias": "t",
                                  "Startup Cost": 0.0,
                                  "Total Cost": 45479.59,
                                  "Plan Rows": 159666,
                                  "Plan Width": 4,
                                  "Actual Startup Time": 40.293,
                                  "Actual Total Time": 96.226,
                                  "Actual Rows": 161719,
                                  "Actual Loops": 4,
                                  "Filter": "((production_year > 1901) AND (kind_id = 1))",
                                  "Rows Removed by Filter": 470359
                                }
                              ]
                            }
                          ]
                        }
                      ]
                    }
                  ]
                }
              ]
            }
          ]
        }
      ]
    },
    "Planning Time": 0.734,
    "Triggers": [],
    "Execution Time": 532.707
  }
]