[
    {
        "Bao": {
            "Bao prediction": "NaN",
            "Bao recommended hint": "(no hint)"
        }
    },
    {
        "Plan": {
            "Node Type": "Aggregate",
            "Strategy": "Plain",
            "Partial Mode": "Finalize",
            "Parallel Aware": false,
            "Startup Cost": 338761.07,
            "Total Cost": 338761.08,
            "Plan Rows": 1,
            "Plan Width": 8,
            "Actual Startup Time": 395.146,
            "Actual Total Time": 404.967,
            "Actual Rows": 1,
            "Actual Loops": 1,
            "Output": [
                "count(*)"
            ],
            "Plans": [
                {
                    "Node Type": "Gather",
                    "Parent Relationship": "Outer",
                    "Parallel Aware": false,
                    "Startup Cost": 338760.45,
                    "Total Cost": 338761.06,
                    "Plan Rows": 6,
                    "Plan Width": 8,
                    "Actual Startup Time": 393.435,
                    "Actual Total Time": 404.959,
                    "Actual Rows": 7,
                    "Actual Loops": 1,
                    "Output": [
                        "(PARTIAL count(*))"
                    ],
                    "Workers Planned": 6,
                    "Workers Launched": 6,
                    "Single Copy": false,
                    "Plans": [
                        {
                            "Node Type": "Aggregate",
                            "Strategy": "Plain",
                            "Partial Mode": "Partial",
                            "Parent Relationship": "Outer",
                            "Parallel Aware": false,
                            "Startup Cost": 337760.45,
                            "Total Cost": 337760.46,
                            "Plan Rows": 1,
                            "Plan Width": 8,
                            "Actual Startup Time": 383.314,
                            "Actual Total Time": 383.315,
                            "Actual Rows": 1,
                            "Actual Loops": 7,
                            "Output": [
                                "PARTIAL count(*)"
                            ],
                            "Workers": [
                                {
                                    "Worker Number": 0,
                                    "Actual Startup Time": 380.865,
                                    "Actual Total Time": 380.867,
                                    "Actual Rows": 1,
                                    "Actual Loops": 1
                                },
                                {
                                    "Worker Number": 1,
                                    "Actual Startup Time": 381.293,
                                    "Actual Total Time": 381.294,
                                    "Actual Rows": 1,
                                    "Actual Loops": 1
                                },
                                {
                                    "Worker Number": 2,
                                    "Actual Startup Time": 381.518,
                                    "Actual Total Time": 381.52,
                                    "Actual Rows": 1,
                                    "Actual Loops": 1
                                },
                                {
                                    "Worker Number": 3,
                                    "Actual Startup Time": 381.812,
                                    "Actual Total Time": 381.813,
                                    "Actual Rows": 1,
                                    "Actual Loops": 1
                                },
                                {
                                    "Worker Number": 4,
                                    "Actual Startup Time": 382.066,
                                    "Actual Total Time": 382.067,
                                    "Actual Rows": 1,
                                    "Actual Loops": 1
                                },
                                {
                                    "Worker Number": 5,
                                    "Actual Startup Time": 382.572,
                                    "Actual Total Time": 382.574,
                                    "Actual Rows": 1,
                                    "Actual Loops": 1
                                }
                            ],
                            "Plans": [
                                {
                                    "Node Type": "Bitmap Heap Scan",
                                    "Parent Relationship": "Outer",
                                    "Parallel Aware": true,
                                    "Relation Name": "cast_info",
                                    "Schema": "public",
                                    "Alias": "ci",
                                    "Startup Cost": 75799.69,
                                    "Total Cost": 337124.56,
                                    "Plan Rows": 254356,
                                    "Plan Width": 0,
                                    "Actual Startup Time": 186.502,
                                    "Actual Total Time": 356.23,
                                    "Actual Rows": 499056,
                                    "Actual Loops": 7,
                                    "Recheck Cond": "(ci.person_id > 3424824)",
                                    "Rows Removed by Index Recheck": 0,
                                    "Filter": "(ci.role_id > 2)",
                                    "Rows Removed by Filter": 0,
                                    "Exact Heap Blocks": 12263,
                                    "Lossy Heap Blocks": 0,
                                    "Workers": [
                                        {
                                            "Worker Number": 0,
                                            "Actual Startup Time": 184.392,
                                            "Actual Total Time": 353.815,
                                            "Actual Rows": 367895,
                                            "Actual Loops": 1
                                        },
                                        {
                                            "Worker Number": 1,
                                            "Actual Startup Time": 184.628,
                                            "Actual Total Time": 353.827,
                                            "Actual Rows": 373541,
                                            "Actual Loops": 1
                                        },
                                        {
                                            "Worker Number": 2,
                                            "Actual Startup Time": 184.675,
                                            "Actual Total Time": 354.633,
                                            "Actual Rows": 364786,
                                            "Actual Loops": 1
                                        },
                                        {
                                            "Worker Number": 3,
                                            "Actual Startup Time": 184.91,
                                            "Actual Total Time": 355.889,
                                            "Actual Rows": 545899,
                                            "Actual Loops": 1
                                        },
                                        {
                                            "Worker Number": 4,
                                            "Actual Startup Time": 185.511,
                                            "Actual Total Time": 356.693,
                                            "Actual Rows": 537241,
                                            "Actual Loops": 1
                                        },
                                        {
                                            "Worker Number": 5,
                                            "Actual Startup Time": 185.625,
                                            "Actual Total Time": 356.324,
                                            "Actual Rows": 544549,
                                            "Actual Loops": 1
                                        }
                                    ],
                                    "Plans": [
                                        {
                                            "Node Type": "Bitmap Index Scan",
                                            "Parent Relationship": "Outer",
                                            "Parallel Aware": false,
                                            "Index Name": "person_id_cast_info",
                                            "Startup Cost": 0.0,
                                            "Total Cost": 75418.16,
                                            "Plan Rows": 3455146,
                                            "Plan Width": 0,
                                            "Actual Startup Time": 186.933,
                                            "Actual Total Time": 186.934,
                                            "Actual Rows": 3493389,
                                            "Actual Loops": 1,
                                            "Index Cond": "(ci.person_id > 3424824)"
                                        }
                                    ]
                                }
                            ]
                        }
                    ]
                }
            ]
        },
        "Planning Time": 212.678,
        "Triggers": [],
        "Execution Time": 405.02
    }
]