[
  {
    "Plan": {
      "Node Type": "Aggregate",
      "Strategy": "Plain",
      "Partial Mode": "Finalize",
      "Parallel Aware": false,
      "Startup Cost": 122979.07,
      "Total Cost": 122979.08,
      "Plan Rows": 1,
      "Plan Width": 8,
      "Actual Startup Time": 771.444,
      "Actual Total Time": 794.13,
      "Actual Rows": 1,
      "Actual Loops": 1,
      "Plans": [
        {
          "Node Type": "Gather",
          "Parent Relationship": "Outer",
          "Parallel Aware": false,
          "Startup Cost": 122978.75,
          "Total Cost": 122979.06,
          "Plan Rows": 3,
          "Plan Width": 8,
          "Actual Startup Time": 769.098,
          "Actual Total Time": 794.12,
          "Actual Rows": 4,
          "Actual Loops": 1,
          "Workers Planned": 3,
          "Workers Launched": 3,
          "Single Copy": false,
          "Plans": [
            {
              "Node Type": "Aggregate",
              "Strategy": "Plain",
              "Partial Mode": "Partial",
              "Parent Relationship": "Outer",
              "Parallel Aware": false,
              "Startup Cost": 121978.75,
              "Total Cost": 121978.76,
              "Plan Rows": 1,
              "Plan Width": 8,
              "Actual Startup Time": 760.374,
              "Actual Total Time": 760.597,
              "Actual Rows": 1,
              "Actual Loops": 4,
              "Plans": [
                {
                  "Node Type": "Hash Join",
                  "Parent Relationship": "Outer",
                  "Parallel Aware": true,
                  "Join Type": "Inner",
                  "Startup Cost": 77071.43,
                  "Total Cost": 121809.56,
                  "Plan Rows": 67677,
                  "Plan Width": 0,
                  "Actual Startup Time": 319.77,
                  "Actual Total Time": 651.672,
                  "Actual Rows": 2772278,
                  "Actual Loops": 4,
                  "Inner Unique": false,
                  "Hash Cond": "(mk.movie_id = t.id)",
                  "Plans": [
                    {
                      "Node Type": "Seq Scan",
                      "Parent Relationship": "Outer",
                      "Parallel Aware": true,
                      "Relation Name": "movie_keyword",
                      "Alias": "mk",
                      "Startup Cost": 0.0,
                      "Total Cost": 39047.32,
                      "Plan Rows": 1459332,
                      "Plan Width": 4,
                      "Actual Startup Time": 0.025,
                      "Actual Total Time": 86.409,
                      "Actual Rows": 1130982,
                      "Actual Loops": 4
                    },
                    {
                      "Node Type": "Hash",
                      "Parent Relationship": "Inner",
                      "Parallel Aware": true,
                      "Startup Cost": 76598.64,
                      "Total Cost": 76598.64,
                      "Plan Rows": 37823,
                      "Plan Width": 8,
                      "Actual Startup Time": 281.682,
                      "Actual Total Time": 281.903,
                      "Actual Rows": 101970,
                      "Actual Loops": 4,
                      "Hash Buckets": 524288,
                      "Original Hash Buckets": 131072,
                      "Hash Batches": 1,
                      "Original Hash Batches": 1,
                      "Peak Memory Usage": 23200,
                      "Plans": [
                        {
                          "Node Type": "Hash Join",
                          "Parent Relationship": "Outer",
                          "Parallel Aware": true,
                          "Join Type": "Inner",
                          "Startup Cost": 46200.37,
                          "Total Cost": 76598.64,
                          "Plan Rows": 37823,
                          "Plan Width": 8,
                          "Actual Startup Time": 161.131,
                          "Actual Total Time": 250.19,
                          "Actual Rows": 101970,
                          "Actual Loops": 4,
                          "Inner Unique": true,
                          "Hash Cond": "(mc.movie_id = t.id)",
                          "Plans": [
                            {
                              "Node Type": "Seq Scan",
                              "Parent Relationship": "Outer",
                              "Parallel Aware": true,
                              "Relation Name": "movie_companies",
                              "Alias": "mc",
                              "Startup Cost": 0.0,
                              "Total Cost": 29310.68,
                              "Plan Rows": 414318,
                              "Plan Width": 4,
                              "Actual Startup Time": 0.019,
                              "Actual Total Time": 64.482,
                              "Actual Rows": 318562,
                              "Actual Loops": 4,
                              "Filter": "(company_type_id < 2)",
                              "Rows Removed by Filter": 333721
                            },
                            {
                              "Node Type": "Hash",
                              "Parent Relationship": "Inner",
                              "Parallel Aware": true,
                              "Startup Cost": 45479.1,
                              "Total Cost": 45479.1,
                              "Plan Rows": 57702,
                              "Plan Width": 4,
                              "Actual Startup Time": 131.642,
                              "Actual Total Time": 131.643,
                              "Actual Rows": 88269,
                              "Actual Loops": 4,
                              "Hash Buckets": 524288,
                              "Original Hash Buckets": 262144,
                              "Hash Batches": 1,
                              "Original Hash Batches": 1,
                              "Peak Memory Usage": 20064,
                              "Plans": [
                                {
                                  "Node Type": "Seq Scan",
                                  "Parent Relationship": "Outer",
                                  "Parallel Aware": true,
                                  "Relation Name": "title",
                                  "Alias": "t",
                                  "Startup Cost": 0.0,
                                  "Total Cost": 45479.1,
                                  "Plan Rows": 57702,
                                  "Plan Width": 4,
                                  "Actual Startup Time": 58.824,
                                  "Actual Total Time": 98.943,
                                  "Actual Rows": 88269,
                                  "Actual Loops": 4,
                                  "Filter": "((production_year < 1997) AND (kind_id = 1))",
                                  "Rows Removed by Filter": 543809
                                }
                              ]
                            }
                          ]
                        }
                      ]
                    }
                  ]
                }
              ]
            }
          ]
        }
      ]
    },
    "Planning Time": 1.444,
    "Triggers": [],
    "Execution Time": 794.205
  }
]