[
  {
    "Plan": {
      "Node Type": "Aggregate",
      "Strategy": "Plain",
      "Partial Mode": "Finalize",
      "Parallel Aware": false,
      "Startup Cost": 160458.53,
      "Total Cost": 160458.54,
      "Plan Rows": 1,
      "Plan Width": 8,
      "Actual Startup Time": 455.453,
      "Actual Total Time": 473.796,
      "Actual Rows": 1,
      "Actual Loops": 1,
      "Plans": [
        {
          "Node Type": "Gather",
          "Parent Relationship": "Outer",
          "Parallel Aware": false,
          "Startup Cost": 160458.01,
          "Total Cost": 160458.52,
          "Plan Rows": 5,
          "Plan Width": 8,
          "Actual Startup Time": 452.518,
          "Actual Total Time": 473.788,
          "Actual Rows": 6,
          "Actual Loops": 1,
          "Workers Planned": 5,
          "Workers Launched": 5,
          "Single Copy": false,
          "Plans": [
            {
              "Node Type": "Aggregate",
              "Strategy": "Plain",
              "Partial Mode": "Partial",
              "Parent Relationship": "Outer",
              "Parallel Aware": false,
              "Startup Cost": 159458.01,
              "Total Cost": 159458.02,
              "Plan Rows": 1,
              "Plan Width": 8,
              "Actual Startup Time": 441.341,
              "Actual Total Time": 441.344,
              "Actual Rows": 1,
              "Actual Loops": 6,
              "Plans": [
                {
                  "Node Type": "Hash Join",
                  "Parent Relationship": "Outer",
                  "Parallel Aware": true,
                  "Join Type": "Inner",
                  "Startup Cost": 48225.88,
                  "Total Cost": 158754.73,
                  "Plan Rows": 281310,
                  "Plan Width": 0,
                  "Actual Startup Time": 141.496,
                  "Actual Total Time": 433.455,
                  "Actual Rows": 187069,
                  "Actual Loops": 6,
                  "Inner Unique": true,
                  "Hash Cond": "(ci.movie_id = t.id)",
                  "Plans": [
                    {
                      "Node Type": "Index Scan",
                      "Parent Relationship": "Outer",
                      "Parallel Aware": true,
                      "Scan Direction": "Forward",
                      "Index Name": "role_id_cast_info",
                      "Relation Name": "cast_info",
                      "Alias": "ci",
                      "Startup Cost": 0.56,
                      "Total Cost": 108404.92,
                      "Plan Rows": 809334,
                      "Plan Width": 4,
                      "Actual Startup Time": 0.186,
                      "Actual Total Time": 112.697,
                      "Actual Rows": 668006,
                      "Actual Loops": 6,
                      "Index Cond": "(role_id = 3)",
                      "Rows Removed by Index Recheck": 0
                    },
                    {
                      "Node Type": "Hash",
                      "Parent Relationship": "Inner",
                      "Parallel Aware": true,
                      "Startup Cost": 45479.1,
                      "Total Cost": 45479.1,
                      "Plan Rows": 219697,
                      "Plan Width": 4,
                      "Actual Startup Time": 137.347,
                      "Actual Total Time": 137.348,
                      "Actual Rows": 135136,
                      "Actual Loops": 6,
                      "Hash Buckets": 1048576,
                      "Original Hash Buckets": 1048576,
                      "Hash Batches": 1,
                      "Original Hash Batches": 1,
                      "Peak Memory Usage": 40000,
                      "Plans": [
                        {
                          "Node Type": "Seq Scan",
                          "Parent Relationship": "Outer",
                          "Parallel Aware": true,
                          "Relation Name": "title",
                          "Alias": "t",
                          "Startup Cost": 0.0,
                          "Total Cost": 45479.1,
                          "Plan Rows": 219697,
                          "Plan Width": 4,
                          "Actual Startup Time": 0.035,
                          "Actual Total Time": 80.729,
                          "Actual Rows": 135136,
                          "Actual Loops": 6,
                          "Filter": "((kind_id > 4) AND (production_year < 2006))",
                          "Rows Removed by Filter": 286250
                        }
                      ]
                    }
                  ]
                }
              ]
            }
          ]
        }
      ]
    },
    "Planning Time": 0.66,
    "Triggers": [],
    "Execution Time": 473.882
  }
]