{
    "Plan": {
        "Node Type": "Aggregate",
        "Strategy": "Plain",
        "Partial Mode": "Finalize",
        "Parallel Aware": false,
        "Startup Cost": 33414.94,
        "Total Cost": 33414.95,
        "Plan Rows": 1,
        "Plan Width": 8,
        "Actual Startup Time": 134.229,
        "Actual Total Time": 143.924,
        "Actual Rows": 1,
        "Actual Loops": 1,
        "Output": [
            "count(*)"
        ],
        "Plans": [
            {
                "Node Type": "Gather",
                "Parent Relationship": "Outer",
                "Parallel Aware": false,
                "Startup Cost": 33414.62,
                "Total Cost": 33414.93,
                "Plan Rows": 3,
                "Plan Width": 8,
                "Actual Startup Time": 133.98,
                "Actual Total Time": 143.915,
                "Actual Rows": 4,
                "Actual Loops": 1,
                "Output": [
                    "(PARTIAL count(*))"
                ],
                "Workers Planned": 3,
                "Workers Launched": 3,
                "Single Copy": false,
                "Plans": [
                    {
                        "Node Type": "Aggregate",
                        "Strategy": "Plain",
                        "Partial Mode": "Partial",
                        "Parent Relationship": "Outer",
                        "Parallel Aware": false,
                        "Startup Cost": 32414.62,
                        "Total Cost": 32414.63,
                        "Plan Rows": 1,
                        "Plan Width": 8,
                        "Actual Startup Time": 125.422,
                        "Actual Total Time": 125.423,
                        "Actual Rows": 1,
                        "Actual Loops": 4,
                        "Output": [
                            "PARTIAL count(*)"
                        ],
                        "Workers": [
                            {
                                "Worker Number": 0,
                                "Actual Startup Time": 122.583,
                                "Actual Total Time": 122.584,
                                "Actual Rows": 1,
                                "Actual Loops": 1
                            },
                            {
                                "Worker Number": 1,
                                "Actual Startup Time": 122.731,
                                "Actual Total Time": 122.733,
                                "Actual Rows": 1,
                                "Actual Loops": 1
                            },
                            {
                                "Worker Number": 2,
                                "Actual Startup Time": 123.273,
                                "Actual Total Time": 123.274,
                                "Actual Rows": 1,
                                "Actual Loops": 1
                            }
                        ],
                        "Plans": [
                            {
                                "Node Type": "Seq Scan",
                                "Parent Relationship": "Outer",
                                "Parallel Aware": true,
                                "Relation Name": "movie_companies",
                                "Schema": "public",
                                "Alias": "mc",
                                "Startup Cost": 0.0,
                                "Total Cost": 31414.82,
                                "Plan Rows": 399922,
                                "Plan Width": 0,
                                "Actual Startup Time": 60.567,
                                "Actual Total Time": 108.376,
                                "Actual Rows": 324155,
                                "Actual Loops": 4,
                                "Output": [
                                    "id",
                                    "movie_id",
                                    "company_id",
                                    "company_type_id",
                                    "note"
                                ],
                                "Filter": "((mc.company_id > 34) AND (mc.company_type_id > 1))",
                                "Rows Removed by Filter": 328127,
                                "Workers": [
                                    {
                                        "Worker Number": 0,
                                        "Actual Startup Time": 57.732,
                                        "Actual Total Time": 105.543,
                                        "Actual Rows": 280576,
                                        "Actual Loops": 1
                                    },
                                    {
                                        "Worker Number": 1,
                                        "Actual Startup Time": 57.888,
                                        "Actual Total Time": 105.649,
                                        "Actual Rows": 281941,
                                        "Actual Loops": 1
                                    },
                                    {
                                        "Worker Number": 2,
                                        "Actual Startup Time": 58.412,
                                        "Actual Total Time": 106.267,
                                        "Actual Rows": 280035,
                                        "Actual Loops": 1
                                    }
                                ]
                            }
                        ]
                    }
                ]
            }
        ]
    },
    "Planning Time": 2.308,
    "Triggers": [],
    "Execution Time": 144.208
}