[
  {
    "Plan": {
      "Node Type": "Aggregate",
      "Strategy": "Plain",
      "Partial Mode": "Finalize",
      "Parallel Aware": false,
      "Startup Cost": 44977.09,
      "Total Cost": 44977.1,
      "Plan Rows": 1,
      "Plan Width": 8,
      "Actual Startup Time": 96.416,
      "Actual Total Time": 108.253,
      "Actual Rows": 1,
      "Actual Loops": 1,
      "Plans": [
        {
          "Node Type": "Gather",
          "Parent Relationship": "Outer",
          "Parallel Aware": false,
          "Startup Cost": 44976.67,
          "Total Cost": 44977.08,
          "Plan Rows": 4,
          "Plan Width": 8,
          "Actual Startup Time": 96.275,
          "Actual Total Time": 108.245,
          "Actual Rows": 5,
          "Actual Loops": 1,
          "Workers Planned": 4,
          "Workers Launched": 4,
          "Single Copy": false,
          "Plans": [
            {
              "Node Type": "Aggregate",
              "Strategy": "Plain",
              "Partial Mode": "Partial",
              "Parent Relationship": "Outer",
              "Parallel Aware": false,
              "Startup Cost": 43976.67,
              "Total Cost": 43976.68,
              "Plan Rows": 1,
              "Plan Width": 8,
              "Actual Startup Time": 87.37,
              "Actual Total Time": 87.372,
              "Actual Rows": 1,
              "Actual Loops": 5,
              "Plans": [
                {
                  "Node Type": "Seq Scan",
                  "Parent Relationship": "Outer",
                  "Parallel Aware": true,
                  "Relation Name": "title",
                  "Alias": "t",
                  "Startup Cost": 0.0,
                  "Total Cost": 43898.92,
                  "Plan Rows": 31101,
                  "Plan Width": 0,
                  "Actual Startup Time": 50.091,
                  "Actual Total Time": 86.134,
                  "Actual Rows": 25073,
                  "Actual Loops": 5,
                  "Filter": "(production_year < 1934)",
                  "Rows Removed by Filter": 480589
                }
              ]
            }
          ]
        }
      ]
    },
    "Planning Time": 0.129,
    "Triggers": [],
    "Execution Time": 108.308
  }
]