[
  {
    "Plan": {
      "Node Type": "Aggregate",
      "Strategy": "Plain",
      "Partial Mode": "Finalize",
      "Parallel Aware": false,
      "Startup Cost": 32783.86,
      "Total Cost": 32783.87,
      "Plan Rows": 1,
      "Plan Width": 8,
      "Actual Startup Time": 86.195,
      "Actual Total Time": 94.352,
      "Actual Rows": 1,
      "Actual Loops": 1,
      "Plans": [
        {
          "Node Type": "Gather",
          "Parent Relationship": "Outer",
          "Parallel Aware": false,
          "Startup Cost": 32783.54,
          "Total Cost": 32783.85,
          "Plan Rows": 3,
          "Plan Width": 8,
          "Actual Startup Time": 86.088,
          "Actual Total Time": 94.344,
          "Actual Rows": 4,
          "Actual Loops": 1,
          "Workers Planned": 3,
          "Workers Launched": 3,
          "Single Copy": false,
          "Plans": [
            {
              "Node Type": "Aggregate",
              "Strategy": "Plain",
              "Partial Mode": "Partial",
              "Parent Relationship": "Outer",
              "Parallel Aware": false,
              "Startup Cost": 31783.54,
              "Total Cost": 31783.55,
              "Plan Rows": 1,
              "Plan Width": 8,
              "Actual Startup Time": 77.545,
              "Actual Total Time": 77.547,
              "Actual Rows": 1,
              "Actual Loops": 4,
              "Plans": [
                {
                  "Node Type": "Seq Scan",
                  "Parent Relationship": "Outer",
                  "Parallel Aware": true,
                  "Relation Name": "movie_companies",
                  "Alias": "mc",
                  "Startup Cost": 0.0,
                  "Total Cost": 31414.82,
                  "Plan Rows": 147489,
                  "Plan Width": 0,
                  "Actual Startup Time": 24.995,
                  "Actual Total Time": 75.643,
                  "Actual Rows": 36153,
                  "Actual Loops": 4,
                  "Filter": "((company_id > 19003) AND (company_type_id = 1))",
                  "Rows Removed by Filter": 616130
                }
              ]
            }
          ]
        }
      ]
    },
    "Planning Time": 0.216,
    "Triggers": [],
    "Execution Time": 94.409
  }
]