[
  {
    "Plan": {
      "Node Type": "Aggregate",
      "Strategy": "Plain",
      "Partial Mode": "Finalize",
      "Parallel Aware": false,
      "Startup Cost": 31963.22,
      "Total Cost": 31963.23,
      "Plan Rows": 1,
      "Plan Width": 8,
      "Actual Startup Time": 96.271,
      "Actual Total Time": 104.498,
      "Actual Rows": 1,
      "Actual Loops": 1,
      "Plans": [
        {
          "Node Type": "Gather",
          "Parent Relationship": "Outer",
          "Parallel Aware": false,
          "Startup Cost": 31962.9,
          "Total Cost": 31963.21,
          "Plan Rows": 3,
          "Plan Width": 8,
          "Actual Startup Time": 96.173,
          "Actual Total Time": 104.49,
          "Actual Rows": 4,
          "Actual Loops": 1,
          "Workers Planned": 3,
          "Workers Launched": 3,
          "Single Copy": false,
          "Plans": [
            {
              "Node Type": "Aggregate",
              "Strategy": "Plain",
              "Partial Mode": "Partial",
              "Parent Relationship": "Outer",
              "Parallel Aware": false,
              "Startup Cost": 30962.9,
              "Total Cost": 30962.91,
              "Plan Rows": 1,
              "Plan Width": 8,
              "Actual Startup Time": 92.786,
              "Actual Total Time": 92.787,
              "Actual Rows": 1,
              "Actual Loops": 4,
              "Plans": [
                {
                  "Node Type": "Seq Scan",
                  "Parent Relationship": "Outer",
                  "Parallel Aware": true,
                  "Relation Name": "movie_companies",
                  "Alias": "mc",
                  "Startup Cost": 0.0,
                  "Total Cost": 29310.68,
                  "Plan Rows": 660888,
                  "Plan Width": 0,
                  "Actual Startup Time": 0.013,
                  "Actual Total Time": 70.699,
                  "Actual Rows": 513164,
                  "Actual Loops": 4,
                  "Filter": "(company_id < 71738)",
                  "Rows Removed by Filter": 139118
                }
              ]
            }
          ]
        }
      ]
    },
    "Planning Time": 0.103,
    "Triggers": [],
    "Execution Time": 104.529
  }
]