[
  {
    "Plan": {
      "Node Type": "Aggregate",
      "Strategy": "Plain",
      "Partial Mode": "Finalize",
      "Parallel Aware": false,
      "Startup Cost": 31977.37,
      "Total Cost": 31977.38,
      "Plan Rows": 1,
      "Plan Width": 8,
      "Actual Startup Time": 125.528,
      "Actual Total Time": 131.279,
      "Actual Rows": 1,
      "Actual Loops": 1,
      "Plans": [
        {
          "Node Type": "Gather",
          "Parent Relationship": "Outer",
          "Parallel Aware": false,
          "Startup Cost": 31977.05,
          "Total Cost": 31977.36,
          "Plan Rows": 3,
          "Plan Width": 8,
          "Actual Startup Time": 125.299,
          "Actual Total Time": 131.27,
          "Actual Rows": 4,
          "Actual Loops": 1,
          "Workers Planned": 3,
          "Workers Launched": 3,
          "Single Copy": false,
          "Plans": [
            {
              "Node Type": "Aggregate",
              "Strategy": "Plain",
              "Partial Mode": "Partial",
              "Parent Relationship": "Outer",
              "Parallel Aware": false,
              "Startup Cost": 30977.05,
              "Total Cost": 30977.06,
              "Plan Rows": 1,
              "Plan Width": 8,
              "Actual Startup Time": 116.909,
              "Actual Total Time": 116.909,
              "Actual Rows": 1,
              "Actual Loops": 4,
              "Plans": [
                {
                  "Node Type": "Seq Scan",
                  "Parent Relationship": "Outer",
                  "Parallel Aware": true,
                  "Relation Name": "movie_companies",
                  "Alias": "mc",
                  "Startup Cost": 0.0,
                  "Total Cost": 29310.68,
                  "Plan Rows": 666547,
                  "Plan Width": 0,
                  "Actual Startup Time": 0.055,
                  "Actual Total Time": 89.373,
                  "Actual Rows": 513164,
                  "Actual Loops": 4,
                  "Filter": "(company_id < 71738)",
                  "Rows Removed by Filter": 139118
                }
              ]
            }
          ]
        }
      ]
    },
    "Planning Time": 0.103,
    "Triggers": [],
    "Execution Time": 131.314
  }
]