[
  {
    "Plan": {
      "Node Type": "Aggregate",
      "Strategy": "Plain",
      "Partial Mode": "Finalize",
      "Parallel Aware": false,
      "Startup Cost": 349094.63,
      "Total Cost": 349094.64,
      "Plan Rows": 1,
      "Plan Width": 8,
      "Actual Startup Time": 686.175,
      "Actual Total Time": 730.781,
      "Actual Rows": 1,
      "Actual Loops": 1,
      "Plans": [
        {
          "Node Type": "Gather",
          "Parent Relationship": "Outer",
          "Parallel Aware": false,
          "Startup Cost": 349094.01,
          "Total Cost": 349094.61,
          "Plan Rows": 6,
          "Plan Width": 8,
          "Actual Startup Time": 685.807,
          "Actual Total Time": 730.769,
          "Actual Rows": 7,
          "Actual Loops": 1,
          "Workers Planned": 6,
          "Workers Launched": 6,
          "Single Copy": false,
          "Plans": [
            {
              "Node Type": "Aggregate",
              "Strategy": "Plain",
              "Partial Mode": "Partial",
              "Parent Relationship": "Outer",
              "Parallel Aware": false,
              "Startup Cost": 348094.01,
              "Total Cost": 348094.02,
              "Plan Rows": 1,
              "Plan Width": 8,
              "Actual Startup Time": 675.963,
              "Actual Total Time": 675.964,
              "Actual Rows": 1,
              "Actual Loops": 7,
              "Plans": [
                {
                  "Node Type": "Seq Scan",
                  "Parent Relationship": "Outer",
                  "Parallel Aware": true,
                  "Relation Name": "cast_info",
                  "Alias": "ci",
                  "Startup Cost": 0.0,
                  "Total Cost": 343316.27,
                  "Plan Rows": 1911094,
                  "Plan Width": 0,
                  "Actual Startup Time": 234.955,
                  "Actual Total Time": 637.838,
                  "Actual Rows": 730944,
                  "Actual Loops": 7,
                  "Filter": "((person_id < 1762249) AND (role_id > 1))",
                  "Rows Removed by Filter": 4446819
                }
              ]
            }
          ]
        }
      ]
    },
    "Planning Time": 0.074,
    "Triggers": [],
    "Execution Time": 730.818
  }
]