[
  {
    "Plan": {
      "Node Type": "Aggregate",
      "Strategy": "Plain",
      "Partial Mode": "Finalize",
      "Parallel Aware": false,
      "Startup Cost": 315430.68,
      "Total Cost": 315430.69,
      "Plan Rows": 1,
      "Plan Width": 8,
      "Actual Startup Time": 1761.585,
      "Actual Total Time": 1829.137,
      "Actual Rows": 1,
      "Actual Loops": 1,
      "Plans": [
        {
          "Node Type": "Gather",
          "Parent Relationship": "Outer",
          "Parallel Aware": false,
          "Startup Cost": 315430.26,
          "Total Cost": 315430.67,
          "Plan Rows": 4,
          "Plan Width": 8,
          "Actual Startup Time": 1726.778,
          "Actual Total Time": 1829.121,
          "Actual Rows": 5,
          "Actual Loops": 1,
          "Workers Planned": 4,
          "Workers Launched": 4,
          "Single Copy": false,
          "Plans": [
            {
              "Node Type": "Aggregate",
              "Strategy": "Plain",
              "Partial Mode": "Partial",
              "Parent Relationship": "Outer",
              "Parallel Aware": false,
              "Startup Cost": 314430.26,
              "Total Cost": 314430.27,
              "Plan Rows": 1,
              "Plan Width": 8,
              "Actual Startup Time": 1728.99,
              "Actual Total Time": 1728.993,
              "Actual Rows": 1,
              "Actual Loops": 5,
              "Plans": [
                {
                  "Node Type": "Nested Loop",
                  "Parent Relationship": "Outer",
                  "Parallel Aware": false,
                  "Join Type": "Inner",
                  "Startup Cost": 1.0,
                  "Total Cost": 313423.0,
                  "Plan Rows": 402906,
                  "Plan Width": 0,
                  "Actual Startup Time": 56.139,
                  "Actual Total Time": 1632.665,
                  "Actual Rows": 1914963,
                  "Actual Loops": 5,
                  "Inner Unique": false,
                  "Join Filter": "(t.id = ci.movie_id)",
                  "Rows Removed by Join Filter": 0,
                  "Plans": [
                    {
                      "Node Type": "Nested Loop",
                      "Parent Relationship": "Outer",
                      "Parallel Aware": false,
                      "Join Type": "Inner",
                      "Startup Cost": 0.43,
                      "Total Cost": 240147.61,
                      "Plan Rows": 42887,
                      "Plan Width": 8,
                      "Actual Startup Time": 55.859,
                      "Actual Total Time": 191.388,
                      "Actual Rows": 50526,
                      "Actual Loops": 5,
                      "Inner Unique": false,
                      "Plans": [
                        {
                          "Node Type": "Seq Scan",
                          "Parent Relationship": "Outer",
                          "Parallel Aware": true,
                          "Relation Name": "title",
                          "Alias": "t",
                          "Startup Cost": 0.0,
                          "Total Cost": 45479.1,
                          "Plan Rows": 7334,
                          "Plan Width": 4,
                          "Actual Startup Time": 55.767,
                          "Actual Total Time": 82.923,
                          "Actual Rows": 3223,
                          "Actual Loops": 5,
                          "Filter": "((kind_id = 1) AND (production_year = 2006))",
                          "Rows Removed by Filter": 502439
                        },
                        {
                          "Node Type": "Index Only Scan",
                          "Parent Relationship": "Inner",
                          "Parallel Aware": false,
                          "Scan Direction": "Forward",
                          "Index Name": "movie_id_movie_info",
                          "Relation Name": "movie_info",
                          "Alias": "mi",
                          "Startup Cost": 0.43,
                          "Total Cost": 26.12,
                          "Plan Rows": 42,
                          "Plan Width": 4,
                          "Actual Startup Time": 0.01,
                          "Actual Total Time": 0.032,
                          "Actual Rows": 16,
                          "Actual Loops": 16117,
                          "Index Cond": "(movie_id = t.id)",
                          "Rows Removed by Index Recheck": 0,
                          "Heap Fetches": 252628
                        }
                      ]
                    },
                    {
                      "Node Type": "Index Scan",
                      "Parent Relationship": "Inner",
                      "Parallel Aware": false,
                      "Scan Direction": "Forward",
                      "Index Name": "movie_id_cast_info",
                      "Relation Name": "cast_info",
                      "Alias": "ci",
                      "Startup Cost": 0.56,
                      "Total Cost": 1.41,
                      "Plan Rows": 24,
                      "Plan Width": 4,
                      "Actual Startup Time": 0.009,
                      "Actual Total Time": 0.025,
                      "Actual Rows": 38,
                      "Actual Loops": 252628,
                      "Index Cond": "(movie_id = mi.movie_id)",
                      "Rows Removed by Index Recheck": 0,
                      "Filter": "(role_id > 1)",
                      "Rows Removed by Filter": 16
                    }
                  ]
                }
              ]
            }
          ]
        }
      ]
    },
    "Planning Time": 1.295,
    "Triggers": [],
    "Execution Time": 1829.239
  }
]