{
  "Plan": {
    "Node Type": "Aggregate",
    "Strategy": "Plain",
    "Partial Mode": "Finalize",
    "Parallel Aware": false,
    "Startup Cost": 445094.2,
    "Total Cost": 445094.21,
    "Plan Rows": 1,
    "Plan Width": 8,
    "Actual Startup Time": 1890.836,
    "Actual Total Time": 1947.335,
    "Actual Rows": 1,
    "Actual Loops": 1,
    "Plans": [
      {
        "Node Type": "Gather",
        "Parent Relationship": "Outer",
        "Parallel Aware": false,
        "Startup Cost": 445094.08,
        "Total Cost": 445094.19,
        "Plan Rows": 1,
        "Plan Width": 8,
        "Actual Startup Time": 1886.581,
        "Actual Total Time": 1947.324,
        "Actual Rows": 2,
        "Actual Loops": 1,
        "Workers Planned": 1,
        "Workers Launched": 1,
        "Single Copy": false,
        "Plans": [
          {
            "Node Type": "Aggregate",
            "Strategy": "Plain",
            "Partial Mode": "Partial",
            "Parent Relationship": "Outer",
            "Parallel Aware": false,
            "Startup Cost": 444094.08,
            "Total Cost": 444094.09,
            "Plan Rows": 1,
            "Plan Width": 8,
            "Actual Startup Time": 1881.071,
            "Actual Total Time": 1881.986,
            "Actual Rows": 1,
            "Actual Loops": 2,
            "Plans": [
              {
                "Node Type": "Hash Join",
                "Parent Relationship": "Outer",
                "Parallel Aware": true,
                "Join Type": "Inner",
                "Startup Cost": 136332.3,
                "Total Cost": 438875.16,
                "Plan Rows": 2087569,
                "Plan Width": 0,
                "Actual Startup Time": 671.901,
                "Actual Total Time": 1857.921,
                "Actual Rows": 594081,
                "Actual Loops": 2,
                "Inner Unique": false,
                "Hash Cond": "(mi.movie_id = t.id)",
                "Plans": [
                  {
                    "Node Type": "Seq Scan",
                    "Parent Relationship": "Outer",
                    "Parallel Aware": true,
                    "Relation Name": "movie_info",
                    "Alias": "mi",
                    "Startup Cost": 0.0,
                    "Total Cost": 270696.42,
                    "Plan Rows": 5217764,
                    "Plan Width": 4,
                    "Actual Startup Time": 0.018,
                    "Actual Total Time": 721.929,
                    "Actual Rows": 4483347,
                    "Actual Loops": 2,
                    "Filter": "(info_type_id < 15)",
                    "Rows Removed by Filter": 2934513
                  },
                  {
                    "Node Type": "Hash",
                    "Parent Relationship": "Inner",
                    "Parallel Aware": true,
                    "Startup Cost": 128894.49,
                    "Total Cost": 128894.49,
                    "Plan Rows": 595025,
                    "Plan Width": 8,
                    "Actual Startup Time": 661.975,
                    "Actual Total Time": 662.888,
                    "Actual Rows": 133311,
                    "Actual Loops": 2,
                    "Hash Buckets": 1048576,
                    "Original Hash Buckets": 1048576,
                    "Hash Batches": 1,
                    "Original Hash Batches": 1,
                    "Peak Memory Usage": 18656,
                    "Plans": [
                      {
                        "Node Type": "Hash Join",
                        "Parent Relationship": "Outer",
                        "Parallel Aware": true,
                        "Join Type": "Inner",
                        "Startup Cost": 68258.63,
                        "Total Cost": 128894.49,
                        "Plan Rows": 595025,
                        "Plan Width": 8,
                        "Actual Startup Time": 346.526,
                        "Actual Total Time": 632.795,
                        "Actual Rows": 133311,
                        "Actual Loops": 2,
                        "Inner Unique": true,
                        "Hash Cond": "(mk.movie_id = t.id)",
                        "Plans": [
                          {
                            "Node Type": "Seq Scan",
                            "Parent Relationship": "Outer",
                            "Parallel Aware": true,
                            "Relation Name": "movie_keyword",
                            "Alias": "mk",
                            "Startup Cost": 0.0,
                            "Total Cost": 57718.19,
                            "Plan Rows": 1111491,
                            "Plan Width": 4,
                            "Actual Startup Time": 0.652,
                            "Actual Total Time": 174.22,
                            "Actual Rows": 945236,
                            "Actual Loops": 2,
                            "Filter": "(keyword_id > 7201)",
                            "Rows Removed by Filter": 1316729
                          },
                          {
                            "Node Type": "Hash",
                            "Parent Relationship": "Inner",
                            "Parallel Aware": true,
                            "Startup Cost": 58306.47,
                            "Total Cost": 58306.47,
                            "Plan Rows": 796173,
                            "Plan Width": 4,
                            "Actual Startup Time": 336.516,
                            "Actual Total Time": 336.517,
                            "Actual Rows": 663890,
                            "Actual Loops": 2,
                            "Hash Buckets": 2097152,
                            "Original Hash Buckets": 2097152,
                            "Hash Batches": 1,
                            "Original Hash Batches": 1,
                            "Peak Memory Usage": 68384,
                            "Plans": [
                              {
                                "Node Type": "Seq Scan",
                                "Parent Relationship": "Outer",
                                "Parallel Aware": true,
                                "Relation Name": "title",
                                "Alias": "t",
                                "Startup Cost": 0.0,
                                "Total Cost": 58306.47,
                                "Plan Rows": 796173,
                                "Plan Width": 4,
                                "Actual Startup Time": 0.036,
                                "Actual Total Time": 164.726,
                                "Actual Rows": 663890,
                                "Actual Loops": 2,
                                "Filter": "((production_year < 2012) AND (kind_id = 7))",
                                "Rows Removed by Filter": 600266
                              }
                            ]
                          }
                        ]
                      }
                    ]
                  }
                ]
              }
            ]
          }
        ]
      }
    ]
  },
  "Planning Time": 1.023,
  "Triggers": [],
  "Execution Time": 1947.426
}