[
  {
    "Bao": {
      "Bao prediction": 1899.954,
      "Bao recommended hint": "SET enable_nestloop TO off; SET enable_hashjoin TO off; "
    }
  },
  {
    "Plan": {
      "Node Type": "Aggregate",
      "Strategy": "Plain",
      "Partial Mode": "Simple",
      "Parallel Aware": false,
      "Startup Cost": 941802.15,
      "Total Cost": 941802.16,
      "Plan Rows": 1,
      "Plan Width": 64,
      "Actual Startup Time": 3260.118,
      "Actual Total Time": 3260.518,
      "Actual Rows": 1,
      "Actual Loops": 1,
      "Plans": [
        {
          "Node Type": "Merge Join",
          "Parent Relationship": "Outer",
          "Parallel Aware": false,
          "Join Type": "Inner",
          "Startup Cost": 805236.35,
          "Total Cost": 941802.15,
          "Plan Rows": 1,
          "Plan Width": 32,
          "Actual Startup Time": 3260.099,
          "Actual Total Time": 3260.503,
          "Actual Rows": 15,
          "Actual Loops": 1,
          "Inner Unique": false,
          "Merge Cond": "(chn.id = ci.person_role_id)",
          "Plans": [
            {
              "Node Type": "Index Only Scan",
              "Parent Relationship": "Outer",
              "Parallel Aware": false,
              "Scan Direction": "Forward",
              "Index Name": "char_name_pkey",
              "Relation Name": "char_name",
              "Alias": "chn",
              "Startup Cost": 0.43,
              "Total Cost": 128715.58,
              "Plan Rows": 3140252,
              "Plan Width": 4,
              "Actual Startup Time": 0.027,
              "Actual Total Time": 901.525,
              "Actual Rows": 2184245,
              "Actual Loops": 1,
              "Heap Fetches": 2184245
            },
            {
              "Node Type": "Sort",
              "Parent Relationship": "Inner",
              "Parallel Aware": false,
              "Startup Cost": 805235.92,
              "Total Cost": 805235.93,
              "Plan Rows": 1,
              "Plan Width": 36,
              "Actual Startup Time": 2257.754,
              "Actual Total Time": 2258.154,
              "Actual Rows": 15,
              "Actual Loops": 1,
              "Sort Key": [
                "ci.person_role_id"
              ],
              "Sort Method": "quicksort",
              "Sort Space Used": 26,
              "Sort Space Type": "Memory",
              "Plans": [
                {
                  "Node Type": "Merge Join",
                  "Parent Relationship": "Outer",
                  "Parallel Aware": false,
                  "Join Type": "Inner",
                  "Startup Cost": 741410.22,
                  "Total Cost": 805235.91,
                  "Plan Rows": 1,
                  "Plan Width": 36,
                  "Actual Startup Time": 2225.384,
                  "Actual Total Time": 2258.094,
                  "Actual Rows": 15,
                  "Actual Loops": 1,
                  "Inner Unique": true,
                  "Merge Cond": "(ci.person_id = n.id)",
                  "Plans": [
                    {
                      "Node Type": "Merge Join",
                      "Parent Relationship": "Outer",
                      "Parallel Aware": false,
                      "Join Type": "Inner",
                      "Startup Cost": 669156.79,
                      "Total Cost": 732982.0,
                      "Plan Rows": 1,
                      "Plan Width": 29,
                      "Actual Startup Time": 2008.963,
                      "Actual Total Time": 2057.739,
                      "Actual Rows": 36,
                      "Actual Loops": 1,
                      "Inner Unique": false,
                      "Merge Cond": "(an.person_id = ci.person_id)",
                      "Plans": [
                        {
                          "Node Type": "Index Only Scan",
                          "Parent Relationship": "Outer",
                          "Parallel Aware": false,
                          "Scan Direction": "Forward",
                          "Index Name": "person_id_aka_name",
                          "Relation Name": "aka_name",
                          "Alias": "an",
                          "Startup Cost": 0.42,
                          "Total Cost": 72027.93,
                          "Plan Rows": 901343,
                          "Plan Width": 4,
                          "Actual Startup Time": 0.025,
                          "Actual Total Time": 180.406,
                          "Actual Rows": 552914,
                          "Actual Loops": 1,
                          "Heap Fetches": 552914
                        },
                        {
                          "Node Type": "Materialize",
                          "Parent Relationship": "Inner",
                          "Parallel Aware": false,
                          "Startup Cost": 669156.37,
                          "Total Cost": 669156.38,
                          "Plan Rows": 1,
                          "Plan Width": 25,
                          "Actual Startup Time": 1852.032,
                          "Actual Total Time": 1852.389,
                          "Actual Rows": 47,
                          "Actual Loops": 1,
                          "Plans": [
                            {
                              "Node Type": "Sort",
                              "Parent Relationship": "Outer",
                              "Parallel Aware": false,
                              "Startup Cost": 669156.37,
                              "Total Cost": 669156.37,
                              "Plan Rows": 1,
                              "Plan Width": 25,
                              "Actual Startup Time": 1852.025,
                              "Actual Total Time": 1852.365,
                              "Actual Rows": 24,
                              "Actual Loops": 1,
                              "Sort Key": [
                                "ci.person_id"
                              ],
                              "Sort Method": "quicksort",
                              "Sort Space Used": 27,
                              "Sort Space Type": "Memory",
                              "Plans": [
                                {
                                  "Node Type": "Merge Join",
                                  "Parent Relationship": "Outer",
                                  "Parallel Aware": false,
                                  "Join Type": "Inner",
                                  "Startup Cost": 668631.02,
                                  "Total Cost": 669156.36,
                                  "Plan Rows": 1,
                                  "Plan Width": 25,
                                  "Actual Startup Time": 1851.978,
                                  "Actual Total Time": 1852.33,
                                  "Actual Rows": 24,
                                  "Actual Loops": 1,
                                  "Inner Unique": false,
                                  "Merge Cond": "(t.id = ci.movie_id)",
                                  "Plans": [
                                    {
                                      "Node Type": "Merge Join",
                                      "Parent Relationship": "Outer",
                                      "Parallel Aware": false,
                                      "Join Type": "Inner",
                                      "Startup Cost": 316116.45,
                                      "Total Cost": 316319.48,
                                      "Plan Rows": 1,
                                      "Plan Width": 29,
                                      "Actual Startup Time": 998.701,
                                      "Actual Total Time": 998.938,
                                      "Actual Rows": 4,
                                      "Actual Loops": 1,
                                      "Inner Unique": false,
                                      "Merge Cond": "(t.id = mc.movie_id)",
                                      "Plans": [
                                        {
                                          "Node Type": "Merge Join",
                                          "Parent Relationship": "Outer",
                                          "Parallel Aware": false,
                                          "Join Type": "Inner",
                                          "Startup Cost": 258378.28,
                                          "Total Cost": 258385.34,
                                          "Plan Rows": 1,
                                          "Plan Width": 25,
                                          "Actual Startup Time": 684.415,
                                          "Actual Total Time": 688.549,
                                          "Actual Rows": 6,
                                          "Actual Loops": 1,
                                          "Inner Unique": true,
                                          "Merge Cond": "(mi.movie_id = t.id)",
                                          "Plans": [
                                            {
                                              "Node Type": "Sort",
                                              "Parent Relationship": "Outer",
                                              "Parallel Aware": false,
                                              "Startup Cost": 210315.23,
                                              "Total Cost": 210318.7,
                                              "Plan Rows": 1388,
                                              "Plan Width": 4,
                                              "Actual Startup Time": 546.424,
                                              "Actual Total Time": 548.344,
                                              "Actual Rows": 54275,
                                              "Actual Loops": 1,
                                              "Sort Key": [
                                                "mi.movie_id"
                                              ],
                                              "Sort Method": "quicksort",
                                              "Sort Space Used": 6329,
                                              "Sort Space Type": "Memory",
                                              "Plans": [
                                                {
                                                  "Node Type": "Gather",
                                                  "Parent Relationship": "Outer",
                                                  "Parallel Aware": false,
                                                  "Startup Cost": 209944.32,
                                                  "Total Cost": 210242.78,
                                                  "Plan Rows": 1388,
                                                  "Plan Width": 4,
                                                  "Actual Startup Time": 527.286,
                                                  "Actual Total Time": 534.69,
                                                  "Actual Rows": 69478,
                                                  "Actual Loops": 1,
                                                  "Workers Planned": 5,
                                                  "Workers Launched": 5,
                                                  "Single Copy": false,
                                                  "Plans": [
                                                    {
                                                      "Node Type": "Merge Join",
                                                      "Parent Relationship": "Outer",
                                                      "Parallel Aware": false,
                                                      "Join Type": "Inner",
                                                      "Startup Cost": 208944.32,
                                                      "Total Cost": 209103.98,
                                                      "Plan Rows": 278,
                                                      "Plan Width": 4,
                                                      "Actual Startup Time": 516.847,
                                                      "Actual Total Time": 519.111,
                                                      "Actual Rows": 11580,
                                                      "Actual Loops": 6,
                                                      "Inner Unique": true,
                                                      "Merge Cond": "(mi.info_type_id = it.id)",
                                                      "Plans": [
                                                        {
                                                          "Node Type": "Sort",
                                                          "Parent Relationship": "Outer",
                                                          "Parallel Aware": false,
                                                          "Startup Cost": 208941.89,
                                                          "Total Cost": 209020.33,
                                                          "Plan Rows": 31376,
                                                          "Plan Width": 8,
                                                          "Actual Startup Time": 516.76,
                                                          "Actual Total Time": 517.362,
                                                          "Actual Rows": 11580,
                                                          "Actual Loops": 6,
                                                          "Sort Key": [
                                                            "mi.info_type_id"
                                                          ],
                                                          "Sort Method": "quicksort",
                                                          "Sort Space Used": 1601,
                                                          "Sort Space Type": "Memory",
                                                          "Workers": [
                                                            {
                                                              "Worker Number": 0,
                                                              "Sort Method": "quicksort",
                                                              "Sort Space Used": 861,
                                                              "Sort Space Type": "Memory"
                                                            },
                                                            {
                                                              "Worker Number": 1,
                                                              "Sort Method": "quicksort",
                                                              "Sort Space Used": 862,
                                                              "Sort Space Type": "Memory"
                                                            },
                                                            {
                                                              "Worker Number": 2,
                                                              "Sort Method": "quicksort",
                                                              "Sort Space Used": 880,
                                                              "Sort Space Type": "Memory"
                                                            },
                                                            {
                                                              "Worker Number": 3,
                                                              "Sort Method": "quicksort",
                                                              "Sort Space Used": 878,
                                                              "Sort Space Type": "Memory"
                                                            },
                                                            {
                                                              "Worker Number": 4,
                                                              "Sort Method": "quicksort",
                                                              "Sort Space Used": 866,
                                                              "Sort Space Type": "Memory"
                                                            }
                                                          ],
                                                          "Plans": [
                                                            {
                                                              "Node Type": "Seq Scan",
                                                              "Parent Relationship": "Outer",
                                                              "Parallel Aware": true,
                                                              "Relation Name": "movie_info",
                                                              "Alias": "mi",
                                                              "Startup Cost": 0.0,
                                                              "Total Cost": 206598.52,
                                                              "Plan Rows": 31376,
                                                              "Plan Width": 8,
                                                              "Actual Startup Time": 134.658,
                                                              "Actual Total Time": 513.409,
                                                              "Actual Rows": 11580,
                                                              "Actual Loops": 6,
                                                              "Filter": "((info IS NOT NULL) AND ((info ~~ 'Japan:%2007%'::text) OR (info ~~ 'USA:%2008%'::text)))",
                                                              "Rows Removed by Filter": 2461040
                                                            }
                                                          ]
                                                        },
                                                        {
                                                          "Node Type": "Sort",
                                                          "Parent Relationship": "Inner",
                                                          "Parallel Aware": false,
                                                          "Startup Cost": 2.42,
                                                          "Total Cost": 2.43,
                                                          "Plan Rows": 1,
                                                          "Plan Width": 4,
                                                          "Actual Startup Time": 0.079,
                                                          "Actual Total Time": 0.08,
                                                          "Actual Rows": 1,
                                                          "Actual Loops": 6,
                                                          "Sort Key": [
                                                            "it.id"
                                                          ],
                                                          "Sort Method": "quicksort",
                                                          "Sort Space Used": 25,
                                                          "Sort Space Type": "Memory",
                                                          "Workers": [
                                                            {
                                                              "Worker Number": 0,
                                                              "Sort Method": "quicksort",
                                                              "Sort Space Used": 25,
                                                              "Sort Space Type": "Memory"
                                                            },
                                                            {
                                                              "Worker Number": 1,
                                                              "Sort Method": "quicksort",
                                                              "Sort Space Used": 25,
                                                              "Sort Space Type": "Memory"
                                                            },
                                                            {
                                                              "Worker Number": 2,
                                                              "Sort Method": "quicksort",
                                                              "Sort Space Used": 25,
                                                              "Sort Space Type": "Memory"
                                                            },
                                                            {
                                                              "Worker Number": 3,
                                                              "Sort Method": "quicksort",
                                                              "Sort Space Used": 25,
                                                              "Sort Space Type": "Memory"
                                                            },
                                                            {
                                                              "Worker Number": 4,
                                                              "Sort Method": "quicksort",
                                                              "Sort Space Used": 25,
                                                              "Sort Space Type": "Memory"
                                                            }
                                                          ],
                                                          "Plans": [
                                                            {
                                                              "Node Type": "Seq Scan",
                                                              "Parent Relationship": "Outer",
                                                              "Parallel Aware": false,
                                                              "Relation Name": "info_type",
                                                              "Alias": "it",
                                                              "Startup Cost": 0.0,
                                                              "Total Cost": 2.41,
                                                              "Plan Rows": 1,
                                                              "Plan Width": 4,
                                                              "Actual Startup Time": 0.055,
                                                              "Actual Total Time": 0.061,
                                                              "Actual Rows": 1,
                                                              "Actual Loops": 6,
                                                              "Filter": "((info)::text = 'release dates'::text)",
                                                              "Rows Removed by Filter": 112
                                                            }
                                                          ]
                                                        }
                                                      ]
                                                    }
                                                  ]
                                                }
                                              ]
                                            },
                                            {
                                              "Node Type": "Sort",
                                              "Parent Relationship": "Inner",
                                              "Parallel Aware": false,
                                              "Startup Cost": 48063.05,
                                              "Total Cost": 48063.1,
                                              "Plan Rows": 23,
                                              "Plan Width": 21,
                                              "Actual Startup Time": 137.552,
                                              "Actual Total Time": 137.602,
                                              "Actual Rows": 7,
                                              "Actual Loops": 1,
                                              "Sort Key": [
                                                "t.id"
                                              ],
                                              "Sort Method": "quicksort",
                                              "Sort Space Used": 25,
                                              "Sort Space Type": "Memory",
                                              "Plans": [
                                                {
                                                  "Node Type": "Gather",
                                                  "Parent Relationship": "Outer",
                                                  "Parallel Aware": false,
                                                  "Startup Cost": 1000.0,
                                                  "Total Cost": 48062.53,
                                                  "Plan Rows": 23,
                                                  "Plan Width": 21,
                                                  "Actual Startup Time": 18.419,
                                                  "Actual Total Time": 137.571,
                                                  "Actual Rows": 7,
                                                  "Actual Loops": 1,
                                                  "Workers Planned": 4,
                                                  "Workers Launched": 2,
                                                  "Single Copy": false,
                                                  "Plans": [
                                                    {
                                                      "Node Type": "Seq Scan",
                                                      "Parent Relationship": "Outer",
                                                      "Parallel Aware": true,
                                                      "Relation Name": "title",
                                                      "Alias": "t",
                                                      "Startup Cost": 0.0,
                                                      "Total Cost": 47060.23,
                                                      "Plan Rows": 6,
                                                      "Plan Width": 21,
                                                      "Actual Startup Time": 73.433,
                                                      "Actual Total Time": 129.86,
                                                      "Actual Rows": 2,
                                                      "Actual Loops": 3,
                                                      "Filter": "((production_year >= 2007) AND (production_year <= 2008) AND (title ~~ '%Kung%Fu%Panda%'::text))",
                                                      "Rows Removed by Filter": 842768
                                                    }
                                                  ]
                                                }
                                              ]
                                            }
                                          ]
                                        },
                                        {
                                          "Node Type": "Sort",
                                          "Parent Relationship": "Inner",
                                          "Parallel Aware": false,
                                          "Startup Cost": 57738.17,
                                          "Total Cost": 57836.15,
                                          "Plan Rows": 39192,
                                          "Plan Width": 4,
                                          "Actual Startup Time": 294.428,
                                          "Actual Total Time": 303.81,
                                          "Actual Rows": 111928,
                                          "Actual Loops": 1,
                                          "Sort Key": [
                                            "mc.movie_id"
                                          ],
                                          "Sort Method": "quicksort",
                                          "Sort Space Used": 14444,
                                          "Sort Space Type": "Memory",
                                          "Plans": [
                                            {
                                              "Node Type": "Gather",
                                              "Parent Relationship": "Outer",
                                              "Parallel Aware": false,
                                              "Startup Cost": 50105.56,
                                              "Total Cost": 54748.16,
                                              "Plan Rows": 39192,
                                              "Plan Width": 4,
                                              "Actual Startup Time": 206.629,
                                              "Actual Total Time": 255.041,
                                              "Actual Rows": 177065,
                                              "Actual Loops": 1,
                                              "Workers Planned": 3,
                                              "Workers Launched": 3,
                                              "Single Copy": false,
                                              "Plans": [
                                                {
                                                  "Node Type": "Merge Join",
                                                  "Parent Relationship": "Outer",
                                                  "Parallel Aware": false,
                                                  "Join Type": "Inner",
                                                  "Startup Cost": 49105.56,
                                                  "Total Cost": 49828.96,
                                                  "Plan Rows": 12643,
                                                  "Plan Width": 4,
                                                  "Actual Startup Time": 216.046,
                                                  "Actual Total Time": 235.396,
                                                  "Actual Rows": 44266,
                                                  "Actual Loops": 4,
                                                  "Inner Unique": true,
                                                  "Merge Cond": "(mc.company_id = cn.id)",
                                                  "Plans": [
                                                    {
                                                      "Node Type": "Sort",
                                                      "Parent Relationship": "Outer",
                                                      "Parallel Aware": false,
                                                      "Startup Cost": 36125.38,
                                                      "Total Cost": 36211.82,
                                                      "Plan Rows": 34574,
                                                      "Plan Width": 8,
                                                      "Actual Startup Time": 148.071,
                                                      "Actual Total Time": 153.589,
                                                      "Actual Rows": 49630,
                                                      "Actual Loops": 4,
                                                      "Sort Key": [
                                                        "mc.company_id"
                                                      ],
                                                      "Sort Method": "quicksort",
                                                      "Sort Space Used": 6993,
                                                      "Sort Space Type": "Memory",
                                                      "Workers": [
                                                        {
                                                          "Worker Number": 0,
                                                          "Sort Method": "quicksort",
                                                          "Sort Space Used": 3347,
                                                          "Sort Space Type": "Memory"
                                                        },
                                                        {
                                                          "Worker Number": 1,
                                                          "Sort Method": "quicksort",
                                                          "Sort Space Used": 3275,
                                                          "Sort Space Type": "Memory"
                                                        },
                                                        {
                                                          "Worker Number": 2,
                                                          "Sort Method": "quicksort",
                                                          "Sort Space Used": 3372,
                                                          "Sort Space Type": "Memory"
                                                        }
                                                      ],
                                                      "Plans": [
                                                        {
                                                          "Node Type": "Seq Scan",
                                                          "Parent Relationship": "Outer",
                                                          "Parallel Aware": true,
                                                          "Relation Name": "movie_companies",
                                                          "Alias": "mc",
                                                          "Startup Cost": 0.0,
                                                          "Total Cost": 33518.95,
                                                          "Plan Rows": 34574,
                                                          "Plan Width": 8,
                                                          "Actual Startup Time": 0.07,
                                                          "Actual Total Time": 133.311,
                                                          "Actual Rows": 49630,
                                                          "Actual Loops": 4,
                                                          "Filter": "((note ~~ '%(200%)%'::text) AND ((note ~~ '%(USA)%'::text) OR (note ~~ '%(worldwide)%'::text)))",
                                                          "Rows Removed by Filter": 602652
                                                        }
                                                      ]
                                                    },
                                                    {
                                                      "Node Type": "Sort",
                                                      "Parent Relationship": "Inner",
                                                      "Parallel Aware": false,
                                                      "Startup Cost": 12974.89,
                                                      "Total Cost": 13189.72,
                                                      "Plan Rows": 85931,
                                                      "Plan Width": 4,
                                                      "Actual Startup Time": 67.966,
                                                      "Actual Total Time": 71.706,
                                                      "Actual Rows": 30208,
                                                      "Actual Loops": 4,
                                                      "Sort Key": [
                                                        "cn.id"
                                                      ],
                                                      "Sort Method": "quicksort",
                                                      "Sort Space Used": 7050,
                                                      "Sort Space Type": "Memory",
                                                      "Workers": [
                                                        {
                                                          "Worker Number": 0,
                                                          "Sort Method": "quicksort",
                                                          "Sort Space Used": 7050,
                                                          "Sort Space Type": "Memory"
                                                        },
                                                        {
                                                          "Worker Number": 1,
                                                          "Sort Method": "quicksort",
                                                          "Sort Space Used": 7050,
                                                          "Sort Space Type": "Memory"
                                                        },
                                                        {
                                                          "Worker Number": 2,
                                                          "Sort Method": "quicksort",
                                                          "Sort Space Used": 7050,
                                                          "Sort Space Type": "Memory"
                                                        }
                                                      ],
                                                      "Plans": [
                                                        {
                                                          "Node Type": "Seq Scan",
                                                          "Parent Relationship": "Outer",
                                                          "Parallel Aware": false,
                                                          "Relation Name": "company_name",
                                                          "Alias": "cn",
                                                          "Startup Cost": 0.0,
                                                          "Total Cost": 5932.46,
                                                          "Plan Rows": 85931,
                                                          "Plan Width": 4,
                                                          "Actual Startup Time": 0.047,
                                                          "Actual Total Time": 39.518,
                                                          "Actual Rows": 84843,
                                                          "Actual Loops": 4,
                                                          "Filter": "((country_code)::text = '[us]'::text)",
                                                          "Rows Removed by Filter": 150154
                                                        }
                                                      ]
                                                    }
                                                  ]
                                                }
                                              ]
                                            }
                                          ]
                                        }
                                      ]
                                    },
                                    {
                                      "Node Type": "Sort",
                                      "Parent Relationship": "Inner",
                                      "Parallel Aware": false,
                                      "Startup Cost": 352514.57,
                                      "Total Cost": 352675.72,
                                      "Plan Rows": 64458,
                                      "Plan Width": 12,
                                      "Actual Startup Time": 829.441,
                                      "Actual Total Time": 841.421,
                                      "Actual Rows": 197290,
                                      "Actual Loops": 1,
                                      "Sort Key": [
                                        "ci.movie_id"
                                      ],
                                      "Sort Method": "quicksort",
                                      "Sort Space Used": 16583,
                                      "Sort Space Type": "Memory",
                                      "Plans": [
                                        {
                                          "Node Type": "Gather",
                                          "Parent Relationship": "Outer",
                                          "Parallel Aware": false,
                                          "Startup Cost": 340167.82,
                                          "Total Cost": 347365.64,
                                          "Plan Rows": 64458,
                                          "Plan Width": 12,
                                          "Actual Startup Time": 758.938,
                                          "Actual Total Time": 784.57,
                                          "Actual Rows": 222686,
                                          "Actual Loops": 1,
                                          "Workers Planned": 6,
                                          "Workers Launched": 6,
                                          "Single Copy": false,
                                          "Plans": [
                                            {
                                              "Node Type": "Merge Join",
                                              "Parent Relationship": "Outer",
                                              "Parallel Aware": false,
                                              "Join Type": "Inner",
                                              "Startup Cost": 339167.82,
                                              "Total Cost": 339919.84,
                                              "Plan Rows": 10743,
                                              "Plan Width": 12,
                                              "Actual Startup Time": 748.371,
                                              "Actual Total Time": 755.695,
                                              "Actual Rows": 31812,
                                              "Actual Loops": 7,
                                              "Inner Unique": true,
                                              "Merge Cond": "(ci.role_id = rt.id)",
                                              "Plans": [
                                                {
                                                  "Node Type": "Sort",
                                                  "Parent Relationship": "Outer",
                                                  "Parallel Aware": false,
                                                  "Startup Cost": 339166.66,
                                                  "Total Cost": 339488.95,
                                                  "Plan Rows": 128917,
                                                  "Plan Width": 16,
                                                  "Actual Startup Time": 739.611,
                                                  "Actual Total Time": 744.669,
                                                  "Actual Rows": 101939,
                                                  "Actual Loops": 7,
                                                  "Sort Key": [
                                                    "ci.role_id"
                                                  ],
                                                  "Sort Method": "quicksort",
                                                  "Sort Space Used": 13375,
                                                  "Sort Space Type": "Memory",
                                                  "Workers": [
                                                    {
                                                      "Worker Number": 0,
                                                      "Sort Method": "quicksort",
                                                      "Sort Space Used": 7455,
                                                      "Sort Space Type": "Memory"
                                                    },
                                                    {
                                                      "Worker Number": 1,
                                                      "Sort Method": "quicksort",
                                                      "Sort Space Used": 7426,
                                                      "Sort Space Type": "Memory"
                                                    },
                                                    {
                                                      "Worker Number": 2,
                                                      "Sort Method": "quicksort",
                                                      "Sort Space Used": 7494,
                                                      "Sort Space Type": "Memory"
                                                    },
                                                    {
                                                      "Worker Number": 3,
                                                      "Sort Method": "quicksort",
                                                      "Sort Space Used": 7506,
                                                      "Sort Space Type": "Memory"
                                                    },
                                                    {
                                                      "Worker Number": 4,
                                                      "Sort Method": "quicksort",
                                                      "Sort Space Used": 7284,
                                                      "Sort Space Type": "Memory"
                                                    },
                                                    {
                                                      "Worker Number": 5,
                                                      "Sort Method": "quicksort",
                                                      "Sort Space Used": 7500,
                                                      "Sort Space Type": "Memory"
                                                    }
                                                  ],
                                                  "Plans": [
                                                    {
                                                      "Node Type": "Seq Scan",
                                                      "Parent Relationship": "Outer",
                                                      "Parallel Aware": true,
                                                      "Relation Name": "cast_info",
                                                      "Alias": "ci",
                                                      "Startup Cost": 0.0,
                                                      "Total Cost": 328224.13,
                                                      "Plan Rows": 128917,
                                                      "Plan Width": 16,
                                                      "Actual Startup Time": 0.128,
                                                      "Actual Total Time": 711.946,
                                                      "Actual Rows": 101975,
                                                      "Actual Loops": 7,
                                                      "Filter": "(note = '(voice)'::text)",
                                                      "Rows Removed by Filter": 5075788
                                                    }
                                                  ]
                                                },
                                                {
                                                  "Node Type": "Sort",
                                                  "Parent Relationship": "Inner",
                                                  "Parallel Aware": false,
                                                  "Startup Cost": 1.16,
                                                  "Total Cost": 1.16,
                                                  "Plan Rows": 1,
                                                  "Plan Width": 4,
                                                  "Actual Startup Time": 0.082,
                                                  "Actual Total Time": 0.084,
                                                  "Actual Rows": 1,
                                                  "Actual Loops": 7,
                                                  "Sort Key": [
                                                    "rt.id"
                                                  ],
                                                  "Sort Method": "quicksort",
                                                  "Sort Space Used": 25,
                                                  "Sort Space Type": "Memory",
                                                  "Workers": [
                                                    {
                                                      "Worker Number": 0,
                                                      "Sort Method": "quicksort",
                                                      "Sort Space Used": 25,
                                                      "Sort Space Type": "Memory"
                                                    },
                                                    {
                                                      "Worker Number": 1,
                                                      "Sort Method": "quicksort",
                                                      "Sort Space Used": 25,
                                                      "Sort Space Type": "Memory"
                                                    },
                                                    {
                                                      "Worker Number": 2,
                                                      "Sort Method": "quicksort",
                                                      "Sort Space Used": 25,
                                                      "Sort Space Type": "Memory"
                                                    },
                                                    {
                                                      "Worker Number": 3,
                                                      "Sort Method": "quicksort",
                                                      "Sort Space Used": 25,
                                                      "Sort Space Type": "Memory"
                                                    },
                                                    {
                                                      "Worker Number": 4,
                                                      "Sort Method": "quicksort",
                                                      "Sort Space Used": 25,
                                                      "Sort Space Type": "Memory"
                                                    },
                                                    {
                                                      "Worker Number": 5,
                                                      "Sort Method": "quicksort",
                                                      "Sort Space Used": 25,
                                                      "Sort Space Type": "Memory"
                                                    }
                                                  ],
                                                  "Plans": [
                                                    {
                                                      "Node Type": "Seq Scan",
                                                      "Parent Relationship": "Outer",
                                                      "Parallel Aware": false,
                                                      "Relation Name": "role_type",
                                                      "Alias": "rt",
                                                      "Startup Cost": 0.0,
                                                      "Total Cost": 1.15,
                                                      "Plan Rows": 1,
                                                      "Plan Width": 4,
                                                      "Actual Startup Time": 0.062,
                                                      "Actual Total Time": 0.063,
                                                      "Actual Rows": 1,
                                                      "Actual Loops": 7,
                                                      "Filter": "((role)::text = 'actress'::text)",
                                                      "Rows Removed by Filter": 11
                                                    }
                                                  ]
                                                }
                                              ]
                                            }
                                          ]
                                        }
                                      ]
                                    }
                                  ]
                                }
                              ]
                            }
                          ]
                        }
                      ]
                    },
                    {
                      "Node Type": "Sort",
                      "Parent Relationship": "Inner",
                      "Parallel Aware": false,
                      "Startup Cost": 72253.42,
                      "Total Cost": 72253.66,
                      "Plan Rows": 96,
                      "Plan Width": 19,
                      "Actual Startup Time": 199.717,
                      "Actual Total Time": 200.055,
                      "Actual Rows": 4838,
                      "Actual Loops": 1,
                      "Sort Key": [
                        "n.id"
                      ],
                      "Sort Method": "quicksort",
                      "Sort Space Used": 603,
                      "Sort Space Type": "Memory",
                      "Plans": [
                        {
                          "Node Type": "Gather",
                          "Parent Relationship": "Outer",
                          "Parallel Aware": false,
                          "Startup Cost": 1000.0,
                          "Total Cost": 72250.26,
                          "Plan Rows": 96,
                          "Plan Width": 19,
                          "Actual Startup Time": 91.44,
                          "Actual Total Time": 198.106,
                          "Actual Rows": 5409,
                          "Actual Loops": 1,
                          "Workers Planned": 4,
                          "Workers Launched": 4,
                          "Single Copy": false,
                          "Plans": [
                            {
                              "Node Type": "Seq Scan",
                              "Parent Relationship": "Outer",
                              "Parallel Aware": true,
                              "Relation Name": "name",
                              "Alias": "n",
                              "Startup Cost": 0.0,
                              "Total Cost": 71240.66,
                              "Plan Rows": 24,
                              "Plan Width": 19,
                              "Actual Startup Time": 82.052,
                              "Actual Total Time": 188.68,
                              "Actual Rows": 1082,
                              "Actual Loops": 5,
                              "Filter": "((name ~~ '%Angel%'::text) AND ((gender)::text = 'f'::text))",
                              "Rows Removed by Filter": 832416
                            }
                          ]
                        }
                      ]
                    }
                  ]
                }
              ]
            }
          ]
        }
      ]
    },
    "Planning Time": 706.181,
    "Triggers": [],
    "Execution Time": 3264.308
  }
]