[
  {
    "Plan": {
      "Node Type": "Aggregate",
      "Strategy": "Plain",
      "Partial Mode": "Finalize",
      "Parallel Aware": false,
      "Startup Cost": 70482.96,
      "Total Cost": 70482.97,
      "Plan Rows": 1,
      "Plan Width": 8,
      "Actual Startup Time": 69.182,
      "Actual Total Time": 80.747,
      "Actual Rows": 1,
      "Actual Loops": 1,
      "Plans": [
        {
          "Node Type": "Gather",
          "Parent Relationship": "Outer",
          "Parallel Aware": false,
          "Startup Cost": 70482.64,
          "Total Cost": 70482.95,
          "Plan Rows": 3,
          "Plan Width": 8,
          "Actual Startup Time": 68.843,
          "Actual Total Time": 80.74,
          "Actual Rows": 4,
          "Actual Loops": 1,
          "Workers Planned": 3,
          "Workers Launched": 3,
          "Single Copy": false,
          "Plans": [
            {
              "Node Type": "Aggregate",
              "Strategy": "Plain",
              "Partial Mode": "Partial",
              "Parent Relationship": "Outer",
              "Parallel Aware": false,
              "Startup Cost": 69482.64,
              "Total Cost": 69482.65,
              "Plan Rows": 1,
              "Plan Width": 8,
              "Actual Startup Time": 63.611,
              "Actual Total Time": 63.613,
              "Actual Rows": 1,
              "Actual Loops": 4,
              "Plans": [
                {
                  "Node Type": "Nested Loop",
                  "Parent Relationship": "Outer",
                  "Parallel Aware": false,
                  "Join Type": "Inner",
                  "Startup Cost": 591.78,
                  "Total Cost": 69476.63,
                  "Plan Rows": 2405,
                  "Plan Width": 0,
                  "Actual Startup Time": 24.611,
                  "Actual Total Time": 62.966,
                  "Actual Rows": 9730,
                  "Actual Loops": 4,
                  "Inner Unique": false,
                  "Plans": [
                    {
                      "Node Type": "Nested Loop",
                      "Parent Relationship": "Outer",
                      "Parallel Aware": false,
                      "Join Type": "Inner",
                      "Startup Cost": 591.35,
                      "Total Cost": 67753.94,
                      "Plan Rows": 2331,
                      "Plan Width": 8,
                      "Actual Startup Time": 24.541,
                      "Actual Total Time": 47.306,
                      "Actual Rows": 1930,
                      "Actual Loops": 4,
                      "Inner Unique": true,
                      "Plans": [
                        {
                          "Node Type": "Bitmap Heap Scan",
                          "Parent Relationship": "Outer",
                          "Parallel Aware": true,
                          "Relation Name": "movie_keyword",
                          "Alias": "mk",
                          "Startup Cost": 590.92,
                          "Total Cost": 26322.36,
                          "Plan Rows": 8928,
                          "Plan Width": 4,
                          "Actual Startup Time": 1.723,
                          "Actual Total Time": 11.251,
                          "Actual Rows": 5978,
                          "Actual Loops": 4,
                          "Recheck Cond": "(keyword_id < 11)",
                          "Rows Removed by Index Recheck": 0,
                          "Exact Heap Blocks": 4225,
                          "Lossy Heap Blocks": 0,
                          "Plans": [
                            {
                              "Node Type": "Bitmap Index Scan",
                              "Parent Relationship": "Outer",
                              "Parallel Aware": false,
                              "Index Name": "keyword_id_movie_keyword",
                              "Startup Cost": 0.0,
                              "Total Cost": 584.0,
                              "Plan Rows": 27676,
                              "Plan Width": 0,
                              "Actual Startup Time": 3.164,
                              "Actual Total Time": 3.165,
                              "Actual Rows": 23913,
                              "Actual Loops": 1,
                              "Index Cond": "(keyword_id < 11)"
                            }
                          ]
                        },
                        {
                          "Node Type": "Index Scan",
                          "Parent Relationship": "Inner",
                          "Parallel Aware": false,
                          "Scan Direction": "Forward",
                          "Index Name": "title_pkey",
                          "Relation Name": "title",
                          "Alias": "t",
                          "Startup Cost": 0.43,
                          "Total Cost": 4.64,
                          "Plan Rows": 1,
                          "Plan Width": 4,
                          "Actual Startup Time": 0.006,
                          "Actual Total Time": 0.006,
                          "Actual Rows": 0,
                          "Actual Loops": 23913,
                          "Index Cond": "(id = mk.movie_id)",
                          "Rows Removed by Index Recheck": 0,
                          "Filter": "(kind_id = 1)",
                          "Rows Removed by Filter": 1
                        }
                      ]
                    },
                    {
                      "Node Type": "Index Only Scan",
                      "Parent Relationship": "Inner",
                      "Parallel Aware": false,
                      "Scan Direction": "Forward",
                      "Index Name": "movie_id_movie_companies",
                      "Relation Name": "movie_companies",
                      "Alias": "mc",
                      "Startup Cost": 0.43,
                      "Total Cost": 0.69,
                      "Plan Rows": 5,
                      "Plan Width": 4,
                      "Actual Startup Time": 0.005,
                      "Actual Total Time": 0.007,
                      "Actual Rows": 5,
                      "Actual Loops": 7719,
                      "Index Cond": "(movie_id = t.id)",
                      "Rows Removed by Index Recheck": 0,
                      "Heap Fetches": 38922
                    }
                  ]
                }
              ]
            }
          ]
        }
      ]
    },
    "Planning Time": 0.523,
    "Triggers": [],
    "Execution Time": 80.793
  }
]