{
  "Plan": {
    "Node Type": "Aggregate",
    "Strategy": "Plain",
    "Partial Mode": "Finalize",
    "Parallel Aware": false,
    "Startup Cost": 260140.84,
    "Total Cost": 260140.85,
    "Plan Rows": 1,
    "Plan Width": 8,
    "Actual Startup Time": 676.048,
    "Actual Total Time": 691.074,
    "Actual Rows": 1,
    "Actual Loops": 1,
    "Plans": [
      {
        "Node Type": "Gather",
        "Parent Relationship": "Outer",
        "Parallel Aware": false,
        "Startup Cost": 260140.72,
        "Total Cost": 260140.83,
        "Plan Rows": 1,
        "Plan Width": 8,
        "Actual Startup Time": 673.677,
        "Actual Total Time": 691.068,
        "Actual Rows": 2,
        "Actual Loops": 1,
        "Workers Planned": 1,
        "Workers Launched": 1,
        "Single Copy": false,
        "Plans": [
          {
            "Node Type": "Aggregate",
            "Strategy": "Plain",
            "Partial Mode": "Partial",
            "Parent Relationship": "Outer",
            "Parallel Aware": false,
            "Startup Cost": 259140.72,
            "Total Cost": 259140.73,
            "Plan Rows": 1,
            "Plan Width": 8,
            "Actual Startup Time": 667.573,
            "Actual Total Time": 667.578,
            "Actual Rows": 1,
            "Actual Loops": 2,
            "Plans": [
              {
                "Node Type": "Hash Join",
                "Parent Relationship": "Outer",
                "Parallel Aware": true,
                "Join Type": "Inner",
                "Startup Cost": 85037.52,
                "Total Cost": 258403.57,
                "Plan Rows": 294860,
                "Plan Width": 0,
                "Actual Startup Time": 357.461,
                "Actual Total Time": 642.606,
                "Actual Rows": 470338,
                "Actual Loops": 2,
                "Inner Unique": true,
                "Hash Cond": "(mi.movie_id = t.id)",
                "Plans": [
                  {
                    "Node Type": "Bitmap Heap Scan",
                    "Parent Relationship": "Outer",
                    "Parallel Aware": true,
                    "Relation Name": "movie_info",
                    "Alias": "mi",
                    "Startup Cost": 23159.21,
                    "Total Cost": 194551.43,
                    "Plan Rows": 751938,
                    "Plan Width": 4,
                    "Actual Startup Time": 47.937,
                    "Actual Total Time": 116.298,
                    "Actual Rows": 649494,
                    "Actual Loops": 2,
                    "Recheck Cond": "(info_type_id = 4)",
                    "Rows Removed by Index Recheck": 0,
                    "Exact Heap Blocks": 5068,
                    "Lossy Heap Blocks": 0,
                    "Plans": [
                      {
                        "Node Type": "Bitmap Index Scan",
                        "Parent Relationship": "Outer",
                        "Parallel Aware": false,
                        "Index Name": "info_type_id_movie_info",
                        "Startup Cost": 0.0,
                        "Total Cost": 22839.64,
                        "Plan Rows": 1278294,
                        "Plan Width": 0,
                        "Actual Startup Time": 46.655,
                        "Actual Total Time": 46.656,
                        "Actual Rows": 1298989,
                        "Actual Loops": 1,
                        "Index Cond": "(info_type_id = 4)"
                      }
                    ]
                  },
                  {
                    "Node Type": "Hash",
                    "Parent Relationship": "Inner",
                    "Parallel Aware": true,
                    "Startup Cost": 54588.39,
                    "Total Cost": 54588.39,
                    "Plan Rows": 583193,
                    "Plan Width": 4,
                    "Actual Startup Time": 296.645,
                    "Actual Total Time": 296.646,
                    "Actual Rows": 492524,
                    "Actual Loops": 2,
                    "Hash Buckets": 1048576,
                    "Original Hash Buckets": 1048576,
                    "Hash Batches": 1,
                    "Original Hash Batches": 1,
                    "Peak Memory Usage": 46784,
                    "Plans": [
                      {
                        "Node Type": "Seq Scan",
                        "Parent Relationship": "Outer",
                        "Parallel Aware": true,
                        "Relation Name": "title",
                        "Alias": "t",
                        "Startup Cost": 0.0,
                        "Total Cost": 54588.39,
                        "Plan Rows": 583193,
                        "Plan Width": 4,
                        "Actual Startup Time": 0.036,
                        "Actual Total Time": 169.038,
                        "Actual Rows": 492524,
                        "Actual Loops": 2,
                        "Filter": "(kind_id < 7)",
                        "Rows Removed by Filter": 771632
                      }
                    ]
                  }
                ]
              }
            ]
          }
        ]
      }
    ]
  },
  "Planning Time": 0.597,
  "Triggers": [],
  "Execution Time": 691.161
}