[
  {
    "Plan": {
      "Node Type": "Aggregate",
      "Strategy": "Plain",
      "Partial Mode": "Finalize",
      "Parallel Aware": false,
      "Startup Cost": 115781.37,
      "Total Cost": 115781.38,
      "Plan Rows": 1,
      "Plan Width": 8,
      "Actual Startup Time": 499.303,
      "Actual Total Time": 516.331,
      "Actual Rows": 1,
      "Actual Loops": 1,
      "Plans": [
        {
          "Node Type": "Gather",
          "Parent Relationship": "Outer",
          "Parallel Aware": false,
          "Startup Cost": 115781.06,
          "Total Cost": 115781.37,
          "Plan Rows": 3,
          "Plan Width": 8,
          "Actual Startup Time": 492.955,
          "Actual Total Time": 516.322,
          "Actual Rows": 4,
          "Actual Loops": 1,
          "Workers Planned": 3,
          "Workers Launched": 3,
          "Single Copy": false,
          "Plans": [
            {
              "Node Type": "Aggregate",
              "Strategy": "Plain",
              "Partial Mode": "Partial",
              "Parent Relationship": "Outer",
              "Parallel Aware": false,
              "Startup Cost": 114781.06,
              "Total Cost": 114781.07,
              "Plan Rows": 1,
              "Plan Width": 8,
              "Actual Startup Time": 473.082,
              "Actual Total Time": 473.087,
              "Actual Rows": 1,
              "Actual Loops": 4,
              "Plans": [
                {
                  "Node Type": "Nested Loop",
                  "Parent Relationship": "Outer",
                  "Parallel Aware": false,
                  "Join Type": "Inner",
                  "Startup Cost": 51877.55,
                  "Total Cost": 114670.78,
                  "Plan Rows": 44111,
                  "Plan Width": 0,
                  "Actual Startup Time": 356.133,
                  "Actual Total Time": 465.929,
                  "Actual Rows": 155972,
                  "Actual Loops": 4,
                  "Inner Unique": false,
                  "Plans": [
                    {
                      "Node Type": "Hash Join",
                      "Parent Relationship": "Outer",
                      "Parallel Aware": true,
                      "Join Type": "Inner",
                      "Startup Cost": 51877.12,
                      "Total Cost": 71040.01,
                      "Plan Rows": 24654,
                      "Plan Width": 8,
                      "Actual Startup Time": 355.997,
                      "Actual Total Time": 373.993,
                      "Actual Rows": 18960,
                      "Actual Loops": 4,
                      "Inner Unique": true,
                      "Hash Cond": "(mc.movie_id = t.id)",
                      "Plans": [
                        {
                          "Node Type": "Bitmap Heap Scan",
                          "Parent Relationship": "Outer",
                          "Parallel Aware": true,
                          "Relation Name": "movie_companies",
                          "Alias": "mc",
                          "Startup Cost": 1656.74,
                          "Total Cost": 20754.91,
                          "Plan Rows": 24654,
                          "Plan Width": 4,
                          "Actual Startup Time": 3.276,
                          "Actual Total Time": 9.836,
                          "Actual Rows": 18960,
                          "Actual Loops": 4,
                          "Recheck Cond": "(company_id > 172665)",
                          "Rows Removed by Index Recheck": 0,
                          "Exact Heap Blocks": 783,
                          "Lossy Heap Blocks": 0,
                          "Plans": [
                            {
                              "Node Type": "Bitmap Index Scan",
                              "Parent Relationship": "Outer",
                              "Parallel Aware": false,
                              "Index Name": "company_id_movie_companies",
                              "Startup Cost": 0.0,
                              "Total Cost": 1637.63,
                              "Plan Rows": 76427,
                              "Plan Width": 0,
                              "Actual Startup Time": 2.937,
                              "Actual Total Time": 2.938,
                              "Actual Rows": 75839,
                              "Actual Loops": 1,
                              "Index Cond": "(company_id > 172665)"
                            }
                          ]
                        },
                        {
                          "Node Type": "Hash",
                          "Parent Relationship": "Inner",
                          "Parallel Aware": true,
                          "Startup Cost": 42319.06,
                          "Total Cost": 42319.06,
                          "Plan Rows": 632106,
                          "Plan Width": 4,
                          "Actual Startup Time": 341.579,
                          "Actual Total Time": 341.58,
                          "Actual Rows": 632078,
                          "Actual Loops": 4,
                          "Hash Buckets": 4194304,
                          "Original Hash Buckets": 4194304,
                          "Hash Batches": 1,
                          "Original Hash Batches": 1,
                          "Peak Memory Usage": 131744,
                          "Plans": [
                            {
                              "Node Type": "Seq Scan",
                              "Parent Relationship": "Outer",
                              "Parallel Aware": true,
                              "Relation Name": "title",
                              "Alias": "t",
                              "Startup Cost": 0.0,
                              "Total Cost": 42319.06,
                              "Plan Rows": 632106,
                              "Plan Width": 4,
                              "Actual Startup Time": 0.039,
                              "Actual Total Time": 99.219,
                              "Actual Rows": 632078,
                              "Actual Loops": 4
                            }
                          ]
                        }
                      ]
                    },
                    {
                      "Node Type": "Index Only Scan",
                      "Parent Relationship": "Inner",
                      "Parallel Aware": false,
                      "Scan Direction": "Forward",
                      "Index Name": "movie_id_movie_keyword",
                      "Relation Name": "movie_keyword",
                      "Alias": "mk",
                      "Startup Cost": 0.43,
                      "Total Cost": 1.31,
                      "Plan Rows": 46,
                      "Plan Width": 4,
                      "Actual Startup Time": 0.003,
                      "Actual Total Time": 0.004,
                      "Actual Rows": 8,
                      "Actual Loops": 75839,
                      "Index Cond": "(movie_id = t.id)",
                      "Rows Removed by Index Recheck": 0,
                      "Heap Fetches": 623890
                    }
                  ]
                }
              ]
            }
          ]
        }
      ]
    },
    "Planning Time": 1.155,
    "Triggers": [],
    "Execution Time": 516.419
  }
]