{
  "Plan": {
    "Node Type": "Aggregate",
    "Strategy": "Plain",
    "Partial Mode": "Finalize",
    "Parallel Aware": false,
    "Startup Cost": 427706.55,
    "Total Cost": 427706.56,
    "Plan Rows": 1,
    "Plan Width": 8,
    "Actual Startup Time": 3886.075,
    "Actual Total Time": 3943.035,
    "Actual Rows": 1,
    "Actual Loops": 1,
    "Plans": [
      {
        "Node Type": "Gather",
        "Parent Relationship": "Outer",
        "Parallel Aware": false,
        "Startup Cost": 427706.44,
        "Total Cost": 427706.55,
        "Plan Rows": 1,
        "Plan Width": 8,
        "Actual Startup Time": 3881.536,
        "Actual Total Time": 3943.026,
        "Actual Rows": 2,
        "Actual Loops": 1,
        "Workers Planned": 1,
        "Workers Launched": 1,
        "Single Copy": false,
        "Plans": [
          {
            "Node Type": "Aggregate",
            "Strategy": "Plain",
            "Partial Mode": "Partial",
            "Parent Relationship": "Outer",
            "Parallel Aware": false,
            "Startup Cost": 426706.44,
            "Total Cost": 426706.45,
            "Plan Rows": 1,
            "Plan Width": 8,
            "Actual Startup Time": 3873.541,
            "Actual Total Time": 3873.551,
            "Actual Rows": 1,
            "Actual Loops": 2,
            "Plans": [
              {
                "Node Type": "Hash Join",
                "Parent Relationship": "Outer",
                "Parallel Aware": true,
                "Join Type": "Inner",
                "Startup Cost": 132364.51,
                "Total Cost": 423791.43,
                "Plan Rows": 1166005,
                "Plan Width": 0,
                "Actual Startup Time": 922.847,
                "Actual Total Time": 3226.224,
                "Actual Rows": 14846926,
                "Actual Loops": 2,
                "Inner Unique": false,
                "Hash Cond": "(mi.movie_id = t.id)",
                "Plans": [
                  {
                    "Node Type": "Seq Scan",
                    "Parent Relationship": "Outer",
                    "Parallel Aware": true,
                    "Relation Name": "movie_info",
                    "Alias": "mi",
                    "Startup Cost": 0.0,
                    "Total Cost": 270696.42,
                    "Plan Rows": 3699105,
                    "Plan Width": 4,
                    "Actual Startup Time": 39.805,
                    "Actual Total Time": 744.81,
                    "Actual Rows": 3111747,
                    "Actual Loops": 2,
                    "Filter": "(info_type_id > 8)",
                    "Rows Removed by Filter": 4306113
                  },
                  {
                    "Node Type": "Hash",
                    "Parent Relationship": "Inner",
                    "Parallel Aware": true,
                    "Startup Cost": 126504.59,
                    "Total Cost": 126504.59,
                    "Plan Rows": 468794,
                    "Plan Width": 8,
                    "Actual Startup Time": 875.834,
                    "Actual Total Time": 875.839,
                    "Actual Rows": 350790,
                    "Actual Loops": 2,
                    "Hash Buckets": 1048576,
                    "Original Hash Buckets": 1048576,
                    "Hash Batches": 1,
                    "Original Hash Batches": 1,
                    "Peak Memory Usage": 35648,
                    "Plans": [
                      {
                        "Node Type": "Hash Join",
                        "Parent Relationship": "Outer",
                        "Parallel Aware": true,
                        "Join Type": "Inner",
                        "Startup Cost": 91841.12,
                        "Total Cost": 126504.59,
                        "Plan Rows": 468794,
                        "Plan Width": 8,
                        "Actual Startup Time": 538.107,
                        "Actual Total Time": 796.228,
                        "Actual Rows": 350790,
                        "Actual Loops": 2,
                        "Inner Unique": true,
                        "Hash Cond": "(mk.movie_id = t.id)",
                        "Plans": [
                          {
                            "Node Type": "Bitmap Heap Scan",
                            "Parent Relationship": "Outer",
                            "Parallel Aware": true,
                            "Relation Name": "movie_keyword",
                            "Alias": "mk",
                            "Startup Cost": 24341.63,
                            "Total Cost": 57233.21,
                            "Plan Rows": 675006,
                            "Plan Width": 4,
                            "Actual Startup Time": 70.82,
                            "Actual Total Time": 193.066,
                            "Actual Rows": 574316,
                            "Actual Loops": 2,
                            "Recheck Cond": "(keyword_id > 16211)",
                            "Rows Removed by Index Recheck": 0,
                            "Exact Heap Blocks": 15488,
                            "Lossy Heap Blocks": 0,
                            "Plans": [
                              {
                                "Node Type": "Bitmap Index Scan",
                                "Parent Relationship": "Outer",
                                "Parallel Aware": false,
                                "Index Name": "keyword_id_movie_keyword",
                                "Startup Cost": 0.0,
                                "Total Cost": 24054.76,
                                "Plan Rows": 1147510,
                                "Plan Width": 0,
                                "Actual Startup Time": 67.182,
                                "Actual Total Time": 67.182,
                                "Actual Rows": 1148631,
                                "Actual Loops": 1,
                                "Index Cond": "(keyword_id > 16211)"
                              }
                            ]
                          },
                          {
                            "Node Type": "Hash",
                            "Parent Relationship": "Inner",
                            "Parallel Aware": true,
                            "Startup Cost": 54588.39,
                            "Total Cost": 54588.39,
                            "Plan Rows": 1032888,
                            "Plan Width": 4,
                            "Actual Startup Time": 461.272,
                            "Actual Total Time": 461.273,
                            "Actual Rows": 874516,
                            "Actual Loops": 2,
                            "Hash Buckets": 2097152,
                            "Original Hash Buckets": 2097152,
                            "Hash Batches": 1,
                            "Original Hash Batches": 1,
                            "Peak Memory Usage": 84832,
                            "Plans": [
                              {
                                "Node Type": "Seq Scan",
                                "Parent Relationship": "Outer",
                                "Parallel Aware": true,
                                "Relation Name": "title",
                                "Alias": "t",
                                "Startup Cost": 0.0,
                                "Total Cost": 54588.39,
                                "Plan Rows": 1032888,
                                "Plan Width": 4,
                                "Actual Startup Time": 0.048,
                                "Actual Total Time": 205.957,
                                "Actual Rows": 874516,
                                "Actual Loops": 2,
                                "Filter": "(production_year > 1990)",
                                "Rows Removed by Filter": 389640
                              }
                            ]
                          }
                        ]
                      }
                    ]
                  }
                ]
              }
            ]
          }
        ]
      }
    ]
  },
  "Planning Time": 0.364,
  "Triggers": [],
  "Execution Time": 3943.098
}