[
    {
        "Bao": {
            "Bao prediction": 468.375,
            "Bao recommended hint": "(no hint)"
        }
    },
    {
        "Plan": {
            "Node Type": "Aggregate",
            "Strategy": "Plain",
            "Partial Mode": "Finalize",
            "Parallel Aware": false,
            "Startup Cost": 31293.05,
            "Total Cost": 31293.06,
            "Plan Rows": 1,
            "Plan Width": 8,
            "Actual Startup Time": 129.765,
            "Actual Total Time": 141.827,
            "Actual Rows": 1,
            "Actual Loops": 1,
            "Output": [
                "count(*)"
            ],
            "Plans": [
                {
                    "Node Type": "Gather",
                    "Parent Relationship": "Outer",
                    "Parallel Aware": false,
                    "Startup Cost": 31292.74,
                    "Total Cost": 31293.05,
                    "Plan Rows": 3,
                    "Plan Width": 8,
                    "Actual Startup Time": 129.68,
                    "Actual Total Time": 141.819,
                    "Actual Rows": 4,
                    "Actual Loops": 1,
                    "Output": [
                        "(PARTIAL count(*))"
                    ],
                    "Workers Planned": 3,
                    "Workers Launched": 3,
                    "Single Copy": false,
                    "Plans": [
                        {
                            "Node Type": "Aggregate",
                            "Strategy": "Plain",
                            "Partial Mode": "Partial",
                            "Parent Relationship": "Outer",
                            "Parallel Aware": false,
                            "Startup Cost": 30292.74,
                            "Total Cost": 30292.75,
                            "Plan Rows": 1,
                            "Plan Width": 8,
                            "Actual Startup Time": 121.937,
                            "Actual Total Time": 121.938,
                            "Actual Rows": 1,
                            "Actual Loops": 4,
                            "Output": [
                                "PARTIAL count(*)"
                            ],
                            "Workers": [
                                {
                                    "Worker Number": 0,
                                    "Actual Startup Time": 119.314,
                                    "Actual Total Time": 119.315,
                                    "Actual Rows": 1,
                                    "Actual Loops": 1
                                },
                                {
                                    "Worker Number": 1,
                                    "Actual Startup Time": 119.549,
                                    "Actual Total Time": 119.55,
                                    "Actual Rows": 1,
                                    "Actual Loops": 1
                                },
                                {
                                    "Worker Number": 2,
                                    "Actual Startup Time": 119.779,
                                    "Actual Total Time": 119.78,
                                    "Actual Rows": 1,
                                    "Actual Loops": 1
                                }
                            ],
                            "Plans": [
                                {
                                    "Node Type": "Seq Scan",
                                    "Parent Relationship": "Outer",
                                    "Parallel Aware": true,
                                    "Relation Name": "movie_companies",
                                    "Schema": "public",
                                    "Alias": "mc",
                                    "Startup Cost": 0.0,
                                    "Total Cost": 29310.68,
                                    "Plan Rows": 392822,
                                    "Plan Width": 0,
                                    "Actual Startup Time": 23.109,
                                    "Actual Total Time": 101.022,
                                    "Actual Rows": 305907,
                                    "Actual Loops": 4,
                                    "Output": [
                                        "id",
                                        "movie_id",
                                        "company_id",
                                        "company_type_id",
                                        "note"
                                    ],
                                    "Filter": "(mc.company_id > 11968)",
                                    "Rows Removed by Filter": 346376,
                                    "Workers": [
                                        {
                                            "Worker Number": 0,
                                            "Actual Startup Time": 20.499,
                                            "Actual Total Time": 99.084,
                                            "Actual Rows": 293404,
                                            "Actual Loops": 1
                                        },
                                        {
                                            "Worker Number": 1,
                                            "Actual Startup Time": 20.711,
                                            "Actual Total Time": 99.599,
                                            "Actual Rows": 289977,
                                            "Actual Loops": 1
                                        },
                                        {
                                            "Worker Number": 2,
                                            "Actual Startup Time": 20.963,
                                            "Actual Total Time": 99.697,
                                            "Actual Rows": 291448,
                                            "Actual Loops": 1
                                        }
                                    ]
                                }
                            ]
                        }
                    ]
                }
            ]
        },
        "Planning Time": 638.224,
        "Triggers": [],
        "Execution Time": 141.904
    }
]