{
  "Plan": {
    "Node Type": "Aggregate",
    "Strategy": "Plain",
    "Partial Mode": "Finalize",
    "Parallel Aware": false,
    "Startup Cost": 98976.86,
    "Total Cost": 98976.87,
    "Plan Rows": 1,
    "Plan Width": 8,
    "Actual Startup Time": 289.001,
    "Actual Total Time": 304.95,
    "Actual Rows": 1,
    "Actual Loops": 1,
    "Plans": [
      {
        "Node Type": "Gather",
        "Parent Relationship": "Outer",
        "Parallel Aware": false,
        "Startup Cost": 98976.75,
        "Total Cost": 98976.86,
        "Plan Rows": 1,
        "Plan Width": 8,
        "Actual Startup Time": 288.856,
        "Actual Total Time": 304.932,
        "Actual Rows": 2,
        "Actual Loops": 1,
        "Workers Planned": 1,
        "Workers Launched": 1,
        "Single Copy": false,
        "Plans": [
          {
            "Node Type": "Aggregate",
            "Strategy": "Plain",
            "Partial Mode": "Partial",
            "Parent Relationship": "Outer",
            "Parallel Aware": false,
            "Startup Cost": 97976.75,
            "Total Cost": 97976.76,
            "Plan Rows": 1,
            "Plan Width": 8,
            "Actual Startup Time": 282.894,
            "Actual Total Time": 282.898,
            "Actual Rows": 1,
            "Actual Loops": 2,
            "Plans": [
              {
                "Node Type": "Hash Join",
                "Parent Relationship": "Outer",
                "Parallel Aware": true,
                "Join Type": "Inner",
                "Startup Cost": 58377.66,
                "Total Cost": 97970.84,
                "Plan Rows": 2361,
                "Plan Width": 0,
                "Actual Startup Time": 200.015,
                "Actual Total Time": 282.854,
                "Actual Rows": 712,
                "Actual Loops": 2,
                "Inner Unique": true,
                "Hash Cond": "(mc.movie_id = t.id)",
                "Plans": [
                  {
                    "Node Type": "Seq Scan",
                    "Parent Relationship": "Outer",
                    "Parallel Aware": true,
                    "Relation Name": "movie_companies",
                    "Alias": "mc",
                    "Startup Cost": 0.0,
                    "Total Cost": 37974.77,
                    "Plan Rows": 616540,
                    "Plan Width": 4,
                    "Actual Startup Time": 14.535,
                    "Actual Total Time": 104.74,
                    "Actual Rows": 529234,
                    "Actual Loops": 2,
                    "Filter": "(company_id > 14779)",
                    "Rows Removed by Filter": 775330
                  },
                  {
                    "Node Type": "Hash",
                    "Parent Relationship": "Inner",
                    "Parallel Aware": true,
                    "Startup Cost": 58306.47,
                    "Total Cost": 58306.47,
                    "Plan Rows": 5695,
                    "Plan Width": 4,
                    "Actual Startup Time": 141.218,
                    "Actual Total Time": 141.219,
                    "Actual Rows": 3972,
                    "Actual Loops": 2,
                    "Hash Buckets": 16384,
                    "Original Hash Buckets": 16384,
                    "Hash Batches": 1,
                    "Original Hash Batches": 1,
                    "Peak Memory Usage": 448,
                    "Plans": [
                      {
                        "Node Type": "Seq Scan",
                        "Parent Relationship": "Outer",
                        "Parallel Aware": true,
                        "Relation Name": "title",
                        "Alias": "t",
                        "Startup Cost": 0.0,
                        "Total Cost": 58306.47,
                        "Plan Rows": 5695,
                        "Plan Width": 4,
                        "Actual Startup Time": 0.328,
                        "Actual Total Time": 139.708,
                        "Actual Rows": 3972,
                        "Actual Loops": 2,
                        "Filter": "((kind_id = 7) AND (production_year = 1977))",
                        "Rows Removed by Filter": 1260184
                      }
                    ]
                  }
                ]
              }
            ]
          }
        ]
      }
    ]
  },
  "Planning Time": 0.517,
  "Triggers": [],
  "Execution Time": 305.026
}