[
  {
    "Plan": {
      "Node Type": "Aggregate",
      "Strategy": "Plain",
      "Partial Mode": "Finalize",
      "Parallel Aware": false,
      "Startup Cost": 469865.47,
      "Total Cost": 469865.48,
      "Plan Rows": 1,
      "Plan Width": 64,
      "Actual Startup Time": 1742.282,
      "Actual Total Time": 1801.149,
      "Actual Rows": 1,
      "Actual Loops": 1,
      "Plans": [
        {
          "Node Type": "Gather",
          "Parent Relationship": "Outer",
          "Parallel Aware": false,
          "Startup Cost": 469864.83,
          "Total Cost": 469865.44,
          "Plan Rows": 6,
          "Plan Width": 64,
          "Actual Startup Time": 1713.362,
          "Actual Total Time": 1801.126,
          "Actual Rows": 7,
          "Actual Loops": 1,
          "Workers Planned": 6,
          "Workers Launched": 6,
          "Single Copy": false,
          "Plans": [
            {
              "Node Type": "Aggregate",
              "Strategy": "Plain",
              "Partial Mode": "Partial",
              "Parent Relationship": "Outer",
              "Parallel Aware": false,
              "Startup Cost": 468864.83,
              "Total Cost": 468864.84,
              "Plan Rows": 1,
              "Plan Width": 64,
              "Actual Startup Time": 1697.181,
              "Actual Total Time": 1697.2,
              "Actual Rows": 1,
              "Actual Loops": 7,
              "Plans": [
                {
                  "Node Type": "Hash Join",
                  "Parent Relationship": "Outer",
                  "Parallel Aware": false,
                  "Join Type": "Inner",
                  "Startup Cost": 138635.2,
                  "Total Cost": 468452.04,
                  "Plan Rows": 82558,
                  "Plan Width": 33,
                  "Actual Startup Time": 1498.538,
                  "Actual Total Time": 1697.185,
                  "Actual Rows": 1,
                  "Actual Loops": 7,
                  "Inner Unique": true,
                  "Hash Cond": "(ci.role_id = rt.id)",
                  "Plans": [
                    {
                      "Node Type": "Hash Join",
                      "Parent Relationship": "Outer",
                      "Parallel Aware": true,
                      "Join Type": "Inner",
                      "Startup Cost": 138633.93,
                      "Total Cost": 468157.51,
                      "Plan Rows": 82558,
                      "Plan Width": 37,
                      "Actual Startup Time": 1497.78,
                      "Actual Total Time": 1696.423,
                      "Actual Rows": 1,
                      "Actual Loops": 7,
                      "Inner Unique": true,
                      "Hash Cond": "(ci.person_role_id = chn.id)",
                      "Plans": [
                        {
                          "Node Type": "Hash Join",
                          "Parent Relationship": "Outer",
                          "Parallel Aware": true,
                          "Join Type": "Inner",
                          "Startup Cost": 84520.73,
                          "Total Cost": 413827.6,
                          "Plan Rows": 82558,
                          "Plan Width": 25,
                          "Actual Startup Time": 775.67,
                          "Actual Total Time": 1293.155,
                          "Actual Rows": 74803,
                          "Actual Loops": 7,
                          "Inner Unique": false,
                          "Hash Cond": "(ci.movie_id = t.id)",
                          "Plans": [
                            {
                              "Node Type": "Seq Scan",
                              "Parent Relationship": "Outer",
                              "Parallel Aware": true,
                              "Relation Name": "cast_info",
                              "Alias": "ci",
                              "Startup Cost": 0.0,
                              "Total Cost": 328289.28,
                              "Plan Rows": 241927,
                              "Plan Width": 12,
                              "Actual Startup Time": 163.22,
                              "Actual Total Time": 718.605,
                              "Actual Rows": 205063,
                              "Actual Loops": 7,
                              "Filter": "(note ~~ '%(producer)%'::text)",
                              "Rows Removed by Filter": 4972701
                            },
                            {
                              "Node Type": "Hash",
                              "Parent Relationship": "Inner",
                              "Parallel Aware": true,
                              "Startup Cost": 83079.0,
                              "Total Cost": 83079.0,
                              "Plan Rows": 115338,
                              "Plan Width": 25,
                              "Actual Startup Time": 495.857,
                              "Actual Total Time": 495.867,
                              "Actual Rows": 91185,
                              "Actual Loops": 7,
                              "Hash Buckets": 1048576,
                              "Original Hash Buckets": 524288,
                              "Hash Batches": 1,
                              "Original Hash Batches": 1,
                              "Peak Memory Usage": 51520,
                              "Plans": [
                                {
                                  "Node Type": "Hash Join",
                                  "Parent Relationship": "Outer",
                                  "Parallel Aware": false,
                                  "Join Type": "Inner",
                                  "Startup Cost": 52239.9,
                                  "Total Cost": 83079.0,
                                  "Plan Rows": 115338,
                                  "Plan Width": 25,
                                  "Actual Startup Time": 190.526,
                                  "Actual Total Time": 414.342,
                                  "Actual Rows": 91185,
                                  "Actual Loops": 7,
                                  "Inner Unique": true,
                                  "Hash Cond": "(mc.company_type_id = ct.id)",
                                  "Plans": [
                                    {
                                      "Node Type": "Hash Join",
                                      "Parent Relationship": "Outer",
                                      "Parallel Aware": true,
                                      "Join Type": "Inner",
                                      "Startup Cost": 52238.81,
                                      "Total Cost": 82454.37,
                                      "Plan Rows": 115338,
                                      "Plan Width": 29,
                                      "Actual Startup Time": 190.428,
                                      "Actual Total Time": 397.863,
                                      "Actual Rows": 91185,
                                      "Actual Loops": 7,
                                      "Inner Unique": true,
                                      "Hash Cond": "(mc.movie_id = t.id)",
                                      "Plans": [
                                        {
                                          "Node Type": "Hash Join",
                                          "Parent Relationship": "Outer",
                                          "Parallel Aware": true,
                                          "Join Type": "Inner",
                                          "Startup Cost": 5348.31,
                                          "Total Cost": 34764.24,
                                          "Plan Rows": 304622,
                                          "Plan Width": 8,
                                          "Actual Startup Time": 12.458,
                                          "Actual Total Time": 148.709,
                                          "Actual Rows": 164828,
                                          "Actual Loops": 7,
                                          "Inner Unique": true,
                                          "Hash Cond": "(mc.company_id = cn.id)",
                                          "Plans": [
                                            {
                                              "Node Type": "Seq Scan",
                                              "Parent Relationship": "Outer",
                                              "Parallel Aware": true,
                                              "Relation Name": "movie_companies",
                                              "Alias": "mc",
                                              "Startup Cost": 0.0,
                                              "Total Cost": 27206.55,
                                              "Plan Rows": 841655,
                                              "Plan Width": 12,
                                              "Actual Startup Time": 0.019,
                                              "Actual Total Time": 58.267,
                                              "Actual Rows": 372733,
                                              "Actual Loops": 7
                                            },
                                            {
                                              "Node Type": "Hash",
                                              "Parent Relationship": "Inner",
                                              "Parallel Aware": true,
                                              "Startup Cost": 4722.92,
                                              "Total Cost": 4722.92,
                                              "Plan Rows": 50031,
                                              "Plan Width": 4,
                                              "Actual Startup Time": 12.066,
                                              "Actual Total Time": 12.067,
                                              "Actual Rows": 12120,
                                              "Actual Loops": 7,
                                              "Hash Buckets": 131072,
                                              "Original Hash Buckets": 131072,
                                              "Hash Batches": 1,
                                              "Original Hash Batches": 1,
                                              "Peak Memory Usage": 4512,
                                              "Plans": [
                                                {
                                                  "Node Type": "Seq Scan",
                                                  "Parent Relationship": "Outer",
                                                  "Parallel Aware": true,
                                                  "Relation Name": "company_name",
                                                  "Alias": "cn",
                                                  "Startup Cost": 0.0,
                                                  "Total Cost": 4722.92,
                                                  "Plan Rows": 50031,
                                                  "Plan Width": 4,
                                                  "Actual Startup Time": 0.044,
                                                  "Actual Total Time": 7.934,
                                                  "Actual Rows": 12120,
                                                  "Actual Loops": 7,
                                                  "Filter": "((country_code)::text = '[us]'::text)",
                                                  "Rows Removed by Filter": 21451
                                                }
                                              ]
                                            }
                                          ]
                                        },
                                        {
                                          "Node Type": "Hash",
                                          "Parent Relationship": "Inner",
                                          "Parallel Aware": true,
                                          "Startup Cost": 43898.97,
                                          "Total Cost": 43898.97,
                                          "Plan Rows": 239322,
                                          "Plan Width": 21,
                                          "Actual Startup Time": 176.929,
                                          "Actual Total Time": 176.93,
                                          "Actual Rows": 138741,
                                          "Actual Loops": 7,
                                          "Hash Buckets": 1048576,
                                          "Original Hash Buckets": 1048576,
                                          "Hash Batches": 1,
                                          "Original Hash Batches": 1,
                                          "Peak Memory Usage": 63200,
                                          "Plans": [
                                            {
                                              "Node Type": "Seq Scan",
                                              "Parent Relationship": "Outer",
                                              "Parallel Aware": true,
                                              "Relation Name": "title",
                                              "Alias": "t",
                                              "Startup Cost": 0.0,
                                              "Total Cost": 43898.97,
                                              "Plan Rows": 239322,
                                              "Plan Width": 21,
                                              "Actual Startup Time": 0.023,
                                              "Actual Total Time": 85.967,
                                              "Actual Rows": 138741,
                                              "Actual Loops": 7,
                                              "Filter": "(production_year < 1999)",
                                              "Rows Removed by Filter": 222446
                                            }
                                          ]
                                        }
                                      ]
                                    },
                                    {
                                      "Node Type": "Hash",
                                      "Parent Relationship": "Inner",
                                      "Parallel Aware": false,
                                      "Startup Cost": 1.04,
                                      "Total Cost": 1.04,
                                      "Plan Rows": 4,
                                      "Plan Width": 4,
                                      "Actual Startup Time": 0.058,
                                      "Actual Total Time": 0.059,
                                      "Actual Rows": 4,
                                      "Actual Loops": 7,
                                      "Hash Buckets": 1024,
                                      "Original Hash Buckets": 1024,
                                      "Hash Batches": 1,
                                      "Original Hash Batches": 1,
                                      "Peak Memory Usage": 9,
                                      "Plans": [
                                        {
                                          "Node Type": "Seq Scan",
                                          "Parent Relationship": "Outer",
                                          "Parallel Aware": false,
                                          "Relation Name": "company_type",
                                          "Alias": "ct",
                                          "Startup Cost": 0.0,
                                          "Total Cost": 1.04,
                                          "Plan Rows": 4,
                                          "Plan Width": 4,
                                          "Actual Startup Time": 0.046,
                                          "Actual Total Time": 0.048,
                                          "Actual Rows": 4,
                                          "Actual Loops": 7
                                        }
                                      ]
                                    }
                                  ]
                                }
                              ]
                            }
                          ]
                        },
                        {
                          "Node Type": "Hash",
                          "Parent Relationship": "Inner",
                          "Parallel Aware": true,
                          "Startup Cost": 44299.2,
                          "Total Cost": 44299.2,
                          "Plan Rows": 785120,
                          "Plan Width": 20,
                          "Actual Startup Time": 393.027,
                          "Actual Total Time": 393.028,
                          "Actual Rows": 448620,
                          "Actual Loops": 7,
                          "Hash Buckets": 4194304,
                          "Original Hash Buckets": 4194304,
                          "Hash Batches": 1,
                          "Original Hash Batches": 1,
                          "Peak Memory Usage": 205152,
                          "Plans": [
                            {
                              "Node Type": "Seq Scan",
                              "Parent Relationship": "Outer",
                              "Parallel Aware": true,
                              "Relation Name": "char_name",
                              "Alias": "chn",
                              "Startup Cost": 0.0,
                              "Total Cost": 44299.2,
                              "Plan Rows": 785120,
                              "Plan Width": 20,
                              "Actual Startup Time": 0.074,
                              "Actual Total Time": 104.51,
                              "Actual Rows": 448620,
                              "Actual Loops": 7
                            }
                          ]
                        }
                      ]
                    },
                    {
                      "Node Type": "Hash",
                      "Parent Relationship": "Inner",
                      "Parallel Aware": false,
                      "Startup Cost": 1.12,
                      "Total Cost": 1.12,
                      "Plan Rows": 12,
                      "Plan Width": 4,
                      "Actual Startup Time": 0.108,
                      "Actual Total Time": 0.111,
                      "Actual Rows": 12,
                      "Actual Loops": 7,
                      "Hash Buckets": 1024,
                      "Original Hash Buckets": 1024,
                      "Hash Batches": 1,
                      "Original Hash Batches": 1,
                      "Peak Memory Usage": 9,
                      "Plans": [
                        {
                          "Node Type": "Seq Scan",
                          "Parent Relationship": "Outer",
                          "Parallel Aware": false,
                          "Relation Name": "role_type",
                          "Alias": "rt",
                          "Startup Cost": 0.0,
                          "Total Cost": 1.12,
                          "Plan Rows": 12,
                          "Plan Width": 4,
                          "Actual Startup Time": 0.056,
                          "Actual Total Time": 0.063,
                          "Actual Rows": 12,
                          "Actual Loops": 7
                        }
                      ]
                    }
                  ]
                }
              ]
            }
          ]
        }
      ]
    },
    "Planning Time": 4.49,
    "Triggers": [],
    "Execution Time": 1801.522
  }
]