[
    {
        "Bao": {
            "Bao prediction": 747.311,
            "Bao recommended hint": "(no hint)"
        }
    },
    {
        "Plan": {
            "Node Type": "Aggregate",
            "Strategy": "Plain",
            "Partial Mode": "Finalize",
            "Parallel Aware": false,
            "Startup Cost": 249109.67,
            "Total Cost": 249109.68,
            "Plan Rows": 1,
            "Plan Width": 8,
            "Actual Startup Time": 664.527,
            "Actual Total Time": 689.057,
            "Actual Rows": 1,
            "Actual Loops": 1,
            "Output": [
                "count(*)"
            ],
            "Plans": [
                {
                    "Node Type": "Gather",
                    "Parent Relationship": "Outer",
                    "Parallel Aware": false,
                    "Startup Cost": 249109.15,
                    "Total Cost": 249109.66,
                    "Plan Rows": 5,
                    "Plan Width": 8,
                    "Actual Startup Time": 661.756,
                    "Actual Total Time": 689.048,
                    "Actual Rows": 6,
                    "Actual Loops": 1,
                    "Output": [
                        "(PARTIAL count(*))"
                    ],
                    "Workers Planned": 5,
                    "Workers Launched": 5,
                    "Single Copy": false,
                    "Plans": [
                        {
                            "Node Type": "Aggregate",
                            "Strategy": "Plain",
                            "Partial Mode": "Partial",
                            "Parent Relationship": "Outer",
                            "Parallel Aware": false,
                            "Startup Cost": 248109.15,
                            "Total Cost": 248109.16,
                            "Plan Rows": 1,
                            "Plan Width": 8,
                            "Actual Startup Time": 652.325,
                            "Actual Total Time": 652.328,
                            "Actual Rows": 1,
                            "Actual Loops": 6,
                            "Output": [
                                "PARTIAL count(*)"
                            ],
                            "Workers": [
                                {
                                    "Worker Number": 0,
                                    "Actual Startup Time": 650.279,
                                    "Actual Total Time": 650.282,
                                    "Actual Rows": 1,
                                    "Actual Loops": 1
                                },
                                {
                                    "Worker Number": 1,
                                    "Actual Startup Time": 650.735,
                                    "Actual Total Time": 650.738,
                                    "Actual Rows": 1,
                                    "Actual Loops": 1
                                },
                                {
                                    "Worker Number": 2,
                                    "Actual Startup Time": 650.769,
                                    "Actual Total Time": 650.773,
                                    "Actual Rows": 1,
                                    "Actual Loops": 1
                                },
                                {
                                    "Worker Number": 3,
                                    "Actual Startup Time": 650.393,
                                    "Actual Total Time": 650.395,
                                    "Actual Rows": 1,
                                    "Actual Loops": 1
                                },
                                {
                                    "Worker Number": 4,
                                    "Actual Startup Time": 650.886,
                                    "Actual Total Time": 650.89,
                                    "Actual Rows": 1,
                                    "Actual Loops": 1
                                }
                            ],
                            "Plans": [
                                {
                                    "Node Type": "Hash Join",
                                    "Parent Relationship": "Outer",
                                    "Parallel Aware": true,
                                    "Join Type": "Inner",
                                    "Startup Cost": 46997.3,
                                    "Total Cost": 247764.03,
                                    "Plan Rows": 138047,
                                    "Plan Width": 0,
                                    "Actual Startup Time": 172.95,
                                    "Actual Total Time": 638.71,
                                    "Actual Rows": 216286,
                                    "Actual Loops": 6,
                                    "Inner Unique": true,
                                    "Hash Cond": "(mi.movie_id = t.id)",
                                    "Workers": [
                                        {
                                            "Worker Number": 0,
                                            "Actual Startup Time": 173.226,
                                            "Actual Total Time": 636.565,
                                            "Actual Rows": 192885,
                                            "Actual Loops": 1
                                        },
                                        {
                                            "Worker Number": 1,
                                            "Actual Startup Time": 173.393,
                                            "Actual Total Time": 636.941,
                                            "Actual Rows": 193547,
                                            "Actual Loops": 1
                                        },
                                        {
                                            "Worker Number": 2,
                                            "Actual Startup Time": 173.716,
                                            "Actual Total Time": 636.759,
                                            "Actual Rows": 196752,
                                            "Actual Loops": 1
                                        },
                                        {
                                            "Worker Number": 3,
                                            "Actual Startup Time": 173.378,
                                            "Actual Total Time": 636.652,
                                            "Actual Rows": 193869,
                                            "Actual Loops": 1
                                        },
                                        {
                                            "Worker Number": 4,
                                            "Actual Startup Time": 173.863,
                                            "Actual Total Time": 636.909,
                                            "Actual Rows": 196460,
                                            "Actual Loops": 1
                                        }
                                    ],
                                    "Plans": [
                                        {
                                            "Node Type": "Seq Scan",
                                            "Parent Relationship": "Outer",
                                            "Parallel Aware": true,
                                            "Relation Name": "movie_info",
                                            "Schema": "public",
                                            "Alias": "mi",
                                            "Startup Cost": 0.0,
                                            "Total Cost": 198880.74,
                                            "Plan Rows": 718477,
                                            "Plan Width": 4,
                                            "Actual Startup Time": 35.242,
                                            "Actual Total Time": 375.572,
                                            "Actual Rows": 604163,
                                            "Actual Loops": 6,
                                            "Output": [
                                                "mi.id",
                                                "mi.movie_id",
                                                "mi.info_type_id",
                                                "mi.info",
                                                "mi.note"
                                            ],
                                            "Filter": "(mi.info_type_id < 4)",
                                            "Rows Removed by Filter": 1868457,
                                            "Workers": [
                                                {
                                                    "Worker Number": 0,
                                                    "Actual Startup Time": 35.272,
                                                    "Actual Total Time": 375.828,
                                                    "Actual Rows": 546433,
                                                    "Actual Loops": 1
                                                },
                                                {
                                                    "Worker Number": 1,
                                                    "Actual Startup Time": 35.245,
                                                    "Actual Total Time": 375.635,
                                                    "Actual Rows": 544368,
                                                    "Actual Loops": 1
                                                },
                                                {
                                                    "Worker Number": 2,
                                                    "Actual Startup Time": 35.139,
                                                    "Actual Total Time": 378.393,
                                                    "Actual Rows": 549284,
                                                    "Actual Loops": 1
                                                },
                                                {
                                                    "Worker Number": 3,
                                                    "Actual Startup Time": 35.265,
                                                    "Actual Total Time": 375.998,
                                                    "Actual Rows": 547457,
                                                    "Actual Loops": 1
                                                },
                                                {
                                                    "Worker Number": 4,
                                                    "Actual Startup Time": 35.277,
                                                    "Actual Total Time": 378.525,
                                                    "Actual Rows": 547651,
                                                    "Actual Loops": 1
                                                }
                                            ]
                                        },
                                        {
                                            "Node Type": "Hash",
                                            "Parent Relationship": "Inner",
                                            "Parallel Aware": true,
                                            "Startup Cost": 45479.21,
                                            "Total Cost": 45479.21,
                                            "Plan Rows": 121447,
                                            "Plan Width": 4,
                                            "Actual Startup Time": 120.764,
                                            "Actual Total Time": 120.765,
                                            "Actual Rows": 59204,
                                            "Actual Loops": 6,
                                            "Output": [
                                                "t.id"
                                            ],
                                            "Hash Buckets": 524288,
                                            "Original Hash Buckets": 524288,
                                            "Hash Batches": 1,
                                            "Original Hash Batches": 1,
                                            "Peak Memory Usage": 18080,
                                            "Workers": [
                                                {
                                                    "Worker Number": 0,
                                                    "Actual Startup Time": 120.793,
                                                    "Actual Total Time": 120.794,
                                                    "Actual Rows": 52524,
                                                    "Actual Loops": 1
                                                },
                                                {
                                                    "Worker Number": 1,
                                                    "Actual Startup Time": 120.837,
                                                    "Actual Total Time": 120.838,
                                                    "Actual Rows": 53262,
                                                    "Actual Loops": 1
                                                },
                                                {
                                                    "Worker Number": 2,
                                                    "Actual Startup Time": 121.352,
                                                    "Actual Total Time": 121.353,
                                                    "Actual Rows": 52253,
                                                    "Actual Loops": 1
                                                },
                                                {
                                                    "Worker Number": 3,
                                                    "Actual Startup Time": 120.831,
                                                    "Actual Total Time": 120.832,
                                                    "Actual Rows": 52264,
                                                    "Actual Loops": 1
                                                },
                                                {
                                                    "Worker Number": 4,
                                                    "Actual Startup Time": 121.451,
                                                    "Actual Total Time": 121.452,
                                                    "Actual Rows": 52778,
                                                    "Actual Loops": 1
                                                }
                                            ],
                                            "Plans": [
                                                {
                                                    "Node Type": "Seq Scan",
                                                    "Parent Relationship": "Outer",
                                                    "Parallel Aware": true,
                                                    "Relation Name": "title",
                                                    "Schema": "public",
                                                    "Alias": "t",
                                                    "Startup Cost": 0.0,
                                                    "Total Cost": 45479.21,
                                                    "Plan Rows": 121447,
                                                    "Plan Width": 4,
                                                    "Actual Startup Time": 48.599,
                                                    "Actual Total Time": 94.968,
                                                    "Actual Rows": 59204,
                                                    "Actual Loops": 6,
                                                    "Output": [
                                                        "t.id"
                                                    ],
                                                    "Filter": "((t.production_year > 1986) AND (t.kind_id = 1))",
                                                    "Rows Removed by Filter": 362181,
                                                    "Workers": [
                                                        {
                                                            "Worker Number": 0,
                                                            "Actual Startup Time": 56.87,
                                                            "Actual Total Time": 95.527,
                                                            "Actual Rows": 52524,
                                                            "Actual Loops": 1
                                                        },
                                                        {
                                                            "Worker Number": 1,
                                                            "Actual Startup Time": 7.185,
                                                            "Actual Total Time": 95.539,
                                                            "Actual Rows": 53262,
                                                            "Actual Loops": 1
                                                        },
                                                        {
                                                            "Worker Number": 2,
                                                            "Actual Startup Time": 56.954,
                                                            "Actual Total Time": 95.778,
                                                            "Actual Rows": 52253,
                                                            "Actual Loops": 1
                                                        },
                                                        {
                                                            "Worker Number": 3,
                                                            "Actual Startup Time": 56.69,
                                                            "Actual Total Time": 95.759,
                                                            "Actual Rows": 52264,
                                                            "Actual Loops": 1
                                                        },
                                                        {
                                                            "Worker Number": 4,
                                                            "Actual Startup Time": 57.024,
                                                            "Actual Total Time": 96.259,
                                                            "Actual Rows": 52778,
                                                            "Actual Loops": 1
                                                        }
                                                    ]
                                                }
                                            ]
                                        }
                                    ]
                                }
                            ]
                        }
                    ]
                }
            ]
        },
        "Planning Time": 870.191,
        "Triggers": [],
        "Execution Time": 689.166
    }
]