{
  "Plan": {
    "Node Type": "Aggregate",
    "Strategy": "Plain",
    "Partial Mode": "Finalize",
    "Parallel Aware": false,
    "Startup Cost": 107176.06,
    "Total Cost": 107176.07,
    "Plan Rows": 1,
    "Plan Width": 8,
    "Actual Startup Time": 322.56,
    "Actual Total Time": 364.938,
    "Actual Rows": 1,
    "Actual Loops": 1,
    "Plans": [
      {
        "Node Type": "Gather",
        "Parent Relationship": "Outer",
        "Parallel Aware": false,
        "Startup Cost": 107175.95,
        "Total Cost": 107176.06,
        "Plan Rows": 1,
        "Plan Width": 8,
        "Actual Startup Time": 322.219,
        "Actual Total Time": 364.93,
        "Actual Rows": 2,
        "Actual Loops": 1,
        "Workers Planned": 1,
        "Workers Launched": 1,
        "Single Copy": false,
        "Plans": [
          {
            "Node Type": "Aggregate",
            "Strategy": "Plain",
            "Partial Mode": "Partial",
            "Parent Relationship": "Outer",
            "Parallel Aware": false,
            "Startup Cost": 106175.95,
            "Total Cost": 106175.96,
            "Plan Rows": 1,
            "Plan Width": 8,
            "Actual Startup Time": 315.967,
            "Actual Total Time": 315.974,
            "Actual Rows": 1,
            "Actual Loops": 2,
            "Plans": [
              {
                "Node Type": "Nested Loop",
                "Parent Relationship": "Outer",
                "Parallel Aware": false,
                "Join Type": "Inner",
                "Startup Cost": 59175.79,
                "Total Cost": 106175.77,
                "Plan Rows": 70,
                "Plan Width": 0,
                "Actual Startup Time": 173.165,
                "Actual Total Time": 315.951,
                "Actual Rows": 90,
                "Actual Loops": 2,
                "Inner Unique": false,
                "Join Filter": "(t.id = ci.movie_id)",
                "Rows Removed by Join Filter": 0,
                "Plans": [
                  {
                    "Node Type": "Hash Join",
                    "Parent Relationship": "Outer",
                    "Parallel Aware": true,
                    "Join Type": "Inner",
                    "Startup Cost": 59175.23,
                    "Total Cost": 85393.74,
                    "Plan Rows": 2368,
                    "Plan Width": 8,
                    "Actual Startup Time": 158.268,
                    "Actual Total Time": 202.953,
                    "Actual Rows": 2106,
                    "Actual Loops": 2,
                    "Inner Unique": true,
                    "Hash Cond": "(mk.movie_id = t.id)",
                    "Plans": [
                      {
                        "Node Type": "Bitmap Heap Scan",
                        "Parent Relationship": "Outer",
                        "Parallel Aware": true,
                        "Relation Name": "movie_keyword",
                        "Alias": "mk",
                        "Startup Cost": 4209.45,
                        "Total Cost": 30121.72,
                        "Plan Rows": 116662,
                        "Plan Width": 4,
                        "Actual Startup Time": 16.022,
                        "Actual Total Time": 47.992,
                        "Actual Rows": 98386,
                        "Actual Loops": 2,
                        "Recheck Cond": "(keyword_id > 69448)",
                        "Rows Removed by Index Recheck": 0,
                        "Exact Heap Blocks": 14966,
                        "Lossy Heap Blocks": 0,
                        "Plans": [
                          {
                            "Node Type": "Bitmap Index Scan",
                            "Parent Relationship": "Outer",
                            "Parallel Aware": false,
                            "Index Name": "keyword_id_movie_keyword",
                            "Startup Cost": 0.0,
                            "Total Cost": 4159.87,
                            "Plan Rows": 198325,
                            "Plan Width": 0,
                            "Actual Startup Time": 13.023,
                            "Actual Total Time": 13.023,
                            "Actual Rows": 196772,
                            "Actual Loops": 1,
                            "Index Cond": "(keyword_id > 69448)"
                          }
                        ]
                      },
                      {
                        "Node Type": "Hash",
                        "Parent Relationship": "Inner",
                        "Parallel Aware": true,
                        "Startup Cost": 54588.39,
                        "Total Cost": 54588.39,
                        "Plan Rows": 30191,
                        "Plan Width": 4,
                        "Actual Startup Time": 140.668,
                        "Actual Total Time": 140.669,
                        "Actual Rows": 26506,
                        "Actual Loops": 2,
                        "Hash Buckets": 65536,
                        "Original Hash Buckets": 65536,
                        "Hash Batches": 1,
                        "Original Hash Batches": 1,
                        "Peak Memory Usage": 2592,
                        "Plans": [
                          {
                            "Node Type": "Seq Scan",
                            "Parent Relationship": "Outer",
                            "Parallel Aware": true,
                            "Relation Name": "title",
                            "Alias": "t",
                            "Startup Cost": 0.0,
                            "Total Cost": 54588.39,
                            "Plan Rows": 30191,
                            "Plan Width": 4,
                            "Actual Startup Time": 0.048,
                            "Actual Total Time": 132.756,
                            "Actual Rows": 26506,
                            "Actual Loops": 2,
                            "Filter": "(production_year = 2000)",
                            "Rows Removed by Filter": 1237650
                          }
                        ]
                      }
                    ]
                  },
                  {
                    "Node Type": "Index Scan",
                    "Parent Relationship": "Inner",
                    "Parallel Aware": false,
                    "Scan Direction": "Forward",
                    "Index Name": "movie_id_cast_info",
                    "Relation Name": "cast_info",
                    "Alias": "ci",
                    "Startup Cost": 0.56,
                    "Total Cost": 8.76,
                    "Plan Rows": 1,
                    "Plan Width": 4,
                    "Actual Startup Time": 0.053,
                    "Actual Total Time": 0.053,
                    "Actual Rows": 0,
                    "Actual Loops": 4211,
                    "Index Cond": "(movie_id = mk.movie_id)",
                    "Rows Removed by Index Recheck": 0,
                    "Filter": "((person_id < 250764) AND (role_id = 9))",
                    "Rows Removed by Filter": 58
                  }
                ]
              }
            ]
          }
        ]
      }
    ]
  },
  "Planning Time": 0.92,
  "Triggers": [],
  "Execution Time": 365.054
}