[
  {
    "Plan": {
      "Node Type": "Aggregate",
      "Strategy": "Plain",
      "Partial Mode": "Finalize",
      "Parallel Aware": false,
      "Startup Cost": 417345.54,
      "Total Cost": 417345.55,
      "Plan Rows": 1,
      "Plan Width": 8,
      "Actual Startup Time": 836.722,
      "Actual Total Time": 885.356,
      "Actual Rows": 1,
      "Actual Loops": 1,
      "Plans": [
        {
          "Node Type": "Gather",
          "Parent Relationship": "Outer",
          "Parallel Aware": false,
          "Startup Cost": 417344.92,
          "Total Cost": 417345.53,
          "Plan Rows": 6,
          "Plan Width": 8,
          "Actual Startup Time": 833.147,
          "Actual Total Time": 885.342,
          "Actual Rows": 7,
          "Actual Loops": 1,
          "Workers Planned": 6,
          "Workers Launched": 6,
          "Single Copy": false,
          "Plans": [
            {
              "Node Type": "Aggregate",
              "Strategy": "Plain",
              "Partial Mode": "Partial",
              "Parent Relationship": "Outer",
              "Parallel Aware": false,
              "Startup Cost": 416344.92,
              "Total Cost": 416344.93,
              "Plan Rows": 1,
              "Plan Width": 8,
              "Actual Startup Time": 822.704,
              "Actual Total Time": 822.903,
              "Actual Rows": 1,
              "Actual Loops": 7,
              "Plans": [
                {
                  "Node Type": "Hash Join",
                  "Parent Relationship": "Outer",
                  "Parallel Aware": true,
                  "Join Type": "Inner",
                  "Startup Cost": 66320.87,
                  "Total Cost": 415458.96,
                  "Plan Rows": 354382,
                  "Plan Width": 0,
                  "Actual Startup Time": 375.8,
                  "Actual Total Time": 809.892,
                  "Actual Rows": 255473,
                  "Actual Loops": 7,
                  "Inner Unique": false,
                  "Hash Cond": "(ci.movie_id = t.id)",
                  "Plans": [
                    {
                      "Node Type": "Index Scan",
                      "Parent Relationship": "Outer",
                      "Parallel Aware": true,
                      "Scan Direction": "Forward",
                      "Index Name": "role_id_cast_info",
                      "Relation Name": "cast_info",
                      "Alias": "ci",
                      "Startup Cost": 0.56,
                      "Total Cost": 341155.22,
                      "Plan Rows": 1735158,
                      "Plan Width": 4,
                      "Actual Startup Time": 150.407,
                      "Actual Total Time": 406.275,
                      "Actual Rows": 1125402,
                      "Actual Loops": 7,
                      "Index Cond": "(role_id < 2)",
                      "Rows Removed by Index Recheck": 0,
                      "Filter": "(person_id > 642996)",
                      "Rows Removed by Filter": 684697
                    },
                    {
                      "Node Type": "Hash",
                      "Parent Relationship": "Inner",
                      "Parallel Aware": true,
                      "Startup Cost": 63630.75,
                      "Total Cost": 63630.75,
                      "Plan Rows": 215165,
                      "Plan Width": 8,
                      "Actual Startup Time": 223.567,
                      "Actual Total Time": 223.764,
                      "Actual Rows": 41449,
                      "Actual Loops": 7,
                      "Hash Buckets": 524288,
                      "Original Hash Buckets": 524288,
                      "Hash Batches": 1,
                      "Original Hash Batches": 1,
                      "Peak Memory Usage": 15552,
                      "Plans": [
                        {
                          "Node Type": "Hash Join",
                          "Parent Relationship": "Outer",
                          "Parallel Aware": true,
                          "Join Type": "Inner",
                          "Startup Cost": 48436.19,
                          "Total Cost": 63630.75,
                          "Plan Rows": 215165,
                          "Plan Width": 8,
                          "Actual Startup Time": 148.51,
                          "Actual Total Time": 209.575,
                          "Actual Rows": 41449,
                          "Actual Loops": 7,
                          "Inner Unique": true,
                          "Hash Cond": "(mi_idx.movie_id = t.id)",
                          "Plans": [
                            {
                              "Node Type": "Seq Scan",
                              "Parent Relationship": "Outer",
                              "Parallel Aware": true,
                              "Relation Name": "movie_info_idx",
                              "Alias": "mi_idx",
                              "Startup Cost": 0.0,
                              "Total Cost": 13685.15,
                              "Plan Rows": 575015,
                              "Plan Width": 4,
                              "Actual Startup Time": 0.016,
                              "Actual Total Time": 21.328,
                              "Actual Rows": 197148,
                              "Actual Loops": 7
                            },
                            {
                              "Node Type": "Hash",
                              "Parent Relationship": "Inner",
                              "Parallel Aware": true,
                              "Startup Cost": 45479.59,
                              "Total Cost": 45479.59,
                              "Plan Rows": 236528,
                              "Plan Width": 4,
                              "Actual Startup Time": 147.015,
                              "Actual Total Time": 147.017,
                              "Actual Rows": 125148,
                              "Actual Loops": 7,
                              "Hash Buckets": 1048576,
                              "Original Hash Buckets": 1048576,
                              "Hash Batches": 1,
                              "Original Hash Batches": 1,
                              "Peak Memory Usage": 42592,
                              "Plans": [
                                {
                                  "Node Type": "Seq Scan",
                                  "Parent Relationship": "Outer",
                                  "Parallel Aware": true,
                                  "Relation Name": "title",
                                  "Alias": "t",
                                  "Startup Cost": 0.0,
                                  "Total Cost": 45479.59,
                                  "Plan Rows": 236528,
                                  "Plan Width": 4,
                                  "Actual Startup Time": 0.038,
                                  "Actual Total Time": 84.327,
                                  "Actual Rows": 125148,
                                  "Actual Loops": 7,
                                  "Filter": "((production_year < 2007) AND (kind_id = 7))",
                                  "Rows Removed by Filter": 236039
                                }
                              ]
                            }
                          ]
                        }
                      ]
                    }
                  ]
                }
              ]
            }
          ]
        }
      ]
    },
    "Planning Time": 0.691,
    "Triggers": [],
    "Execution Time": 885.43
  }
]