[
  {
    "Plan": {
      "Node Type": "Aggregate",
      "Strategy": "Plain",
      "Partial Mode": "Finalize",
      "Parallel Aware": false,
      "Startup Cost": 47273.94,
      "Total Cost": 47273.95,
      "Plan Rows": 1,
      "Plan Width": 8,
      "Actual Startup Time": 122.687,
      "Actual Total Time": 135.882,
      "Actual Rows": 1,
      "Actual Loops": 1,
      "Plans": [
        {
          "Node Type": "Gather",
          "Parent Relationship": "Outer",
          "Parallel Aware": false,
          "Startup Cost": 47273.52,
          "Total Cost": 47273.93,
          "Plan Rows": 4,
          "Plan Width": 8,
          "Actual Startup Time": 122.312,
          "Actual Total Time": 135.869,
          "Actual Rows": 5,
          "Actual Loops": 1,
          "Workers Planned": 4,
          "Workers Launched": 4,
          "Single Copy": false,
          "Plans": [
            {
              "Node Type": "Aggregate",
              "Strategy": "Plain",
              "Partial Mode": "Partial",
              "Parent Relationship": "Outer",
              "Parallel Aware": false,
              "Startup Cost": 46273.52,
              "Total Cost": 46273.53,
              "Plan Rows": 1,
              "Plan Width": 8,
              "Actual Startup Time": 112.819,
              "Actual Total Time": 112.821,
              "Actual Rows": 1,
              "Actual Loops": 5,
              "Plans": [
                {
                  "Node Type": "Seq Scan",
                  "Parent Relationship": "Outer",
                  "Parallel Aware": true,
                  "Relation Name": "title",
                  "Alias": "t",
                  "Startup Cost": 0.0,
                  "Total Cost": 45479.59,
                  "Plan Rows": 317573,
                  "Plan Width": 0,
                  "Actual Startup Time": 0.057,
                  "Actual Total Time": 98.731,
                  "Actual Rows": 246605,
                  "Actual Loops": 5,
                  "Filter": "((kind_id > 4) AND (production_year < 2011))",
                  "Rows Removed by Filter": 259057
                }
              ]
            }
          ]
        }
      ]
    },
    "Planning Time": 0.166,
    "Triggers": [],
    "Execution Time": 135.943
  }
]