[
  {
    "Plan": {
      "Node Type": "Aggregate",
      "Strategy": "Plain",
      "Partial Mode": "Finalize",
      "Parallel Aware": false,
      "Startup Cost": 87912.13,
      "Total Cost": 87912.14,
      "Plan Rows": 1,
      "Plan Width": 8,
      "Actual Startup Time": 363.83,
      "Actual Total Time": 384.773,
      "Actual Rows": 1,
      "Actual Loops": 1,
      "Plans": [
        {
          "Node Type": "Gather",
          "Parent Relationship": "Outer",
          "Parallel Aware": false,
          "Startup Cost": 87911.81,
          "Total Cost": 87912.12,
          "Plan Rows": 3,
          "Plan Width": 8,
          "Actual Startup Time": 359.549,
          "Actual Total Time": 384.762,
          "Actual Rows": 4,
          "Actual Loops": 1,
          "Workers Planned": 3,
          "Workers Launched": 3,
          "Single Copy": false,
          "Plans": [
            {
              "Node Type": "Aggregate",
              "Strategy": "Plain",
              "Partial Mode": "Partial",
              "Parent Relationship": "Outer",
              "Parallel Aware": false,
              "Startup Cost": 86911.81,
              "Total Cost": 86911.82,
              "Plan Rows": 1,
              "Plan Width": 8,
              "Actual Startup Time": 347.069,
              "Actual Total Time": 347.073,
              "Actual Rows": 1,
              "Actual Loops": 4,
              "Plans": [
                {
                  "Node Type": "Nested Loop",
                  "Parent Relationship": "Outer",
                  "Parallel Aware": false,
                  "Join Type": "Inner",
                  "Startup Cost": 22392.41,
                  "Total Cost": 86880.3,
                  "Plan Rows": 12603,
                  "Plan Width": 0,
                  "Actual Startup Time": 174.139,
                  "Actual Total Time": 344.468,
                  "Actual Rows": 33972,
                  "Actual Loops": 4,
                  "Inner Unique": true,
                  "Plans": [
                    {
                      "Node Type": "Hash Join",
                      "Parent Relationship": "Outer",
                      "Parallel Aware": true,
                      "Join Type": "Inner",
                      "Startup Cost": 22391.98,
                      "Total Cost": 47505.06,
                      "Plan Rows": 68131,
                      "Plan Width": 8,
                      "Actual Startup Time": 174.055,
                      "Actual Total Time": 221.029,
                      "Actual Rows": 33972,
                      "Actual Loops": 4,
                      "Inner Unique": false,
                      "Hash Cond": "(mk.movie_id = mi_idx.movie_id)",
                      "Plans": [
                        {
                          "Node Type": "Bitmap Heap Scan",
                          "Parent Relationship": "Outer",
                          "Parallel Aware": true,
                          "Relation Name": "movie_keyword",
                          "Alias": "mk",
                          "Startup Cost": 1519.15,
                          "Total Cost": 26261.76,
                          "Plan Rows": 23089,
                          "Plan Width": 4,
                          "Actual Startup Time": 7.964,
                          "Actual Total Time": 37.104,
                          "Actual Rows": 18148,
                          "Actual Loops": 4,
                          "Recheck Cond": "(keyword_id < 66)",
                          "Rows Removed by Index Recheck": 0,
                          "Exact Heap Blocks": 7558,
                          "Lossy Heap Blocks": 0,
                          "Plans": [
                            {
                              "Node Type": "Bitmap Index Scan",
                              "Parent Relationship": "Outer",
                              "Parallel Aware": false,
                              "Index Name": "keyword_id_movie_keyword",
                              "Startup Cost": 0.0,
                              "Total Cost": 1501.25,
                              "Plan Rows": 71576,
                              "Plan Width": 0,
                              "Actual Startup Time": 5.101,
                              "Actual Total Time": 5.102,
                              "Actual Rows": 72592,
                              "Actual Loops": 1,
                              "Index Cond": "(keyword_id < 66)"
                            }
                          ]
                        },
                        {
                          "Node Type": "Hash",
                          "Parent Relationship": "Inner",
                          "Parallel Aware": true,
                          "Startup Cost": 13685.15,
                          "Total Cost": 13685.15,
                          "Plan Rows": 575015,
                          "Plan Width": 4,
                          "Actual Startup Time": 158.446,
                          "Actual Total Time": 158.447,
                          "Actual Rows": 345009,
                          "Actual Loops": 4,
                          "Hash Buckets": 2097152,
                          "Original Hash Buckets": 2097152,
                          "Hash Batches": 1,
                          "Original Hash Batches": 1,
                          "Peak Memory Usage": 70432,
                          "Plans": [
                            {
                              "Node Type": "Seq Scan",
                              "Parent Relationship": "Outer",
                              "Parallel Aware": true,
                              "Relation Name": "movie_info_idx",
                              "Alias": "mi_idx",
                              "Startup Cost": 0.0,
                              "Total Cost": 13685.15,
                              "Plan Rows": 575015,
                              "Plan Width": 4,
                              "Actual Startup Time": 0.068,
                              "Actual Total Time": 50.308,
                              "Actual Rows": 345009,
                              "Actual Loops": 4
                            }
                          ]
                        }
                      ]
                    },
                    {
                      "Node Type": "Index Only Scan",
                      "Parent Relationship": "Inner",
                      "Parallel Aware": false,
                      "Scan Direction": "Forward",
                      "Index Name": "title_pkey",
                      "Relation Name": "title",
                      "Alias": "t",
                      "Startup Cost": 0.43,
                      "Total Cost": 0.58,
                      "Plan Rows": 1,
                      "Plan Width": 4,
                      "Actual Startup Time": 0.003,
                      "Actual Total Time": 0.003,
                      "Actual Rows": 1,
                      "Actual Loops": 135888,
                      "Index Cond": "(id = mi_idx.movie_id)",
                      "Rows Removed by Index Recheck": 0,
                      "Heap Fetches": 135888
                    }
                  ]
                }
              ]
            }
          ]
        }
      ]
    },
    "Planning Time": 1.405,
    "Triggers": [],
    "Execution Time": 384.889
  }
]