{
    "Plan": {
        "Node Type": "Aggregate",
        "Strategy": "Plain",
        "Partial Mode": "Finalize",
        "Parallel Aware": false,
        "Startup Cost": 291250.61,
        "Total Cost": 291250.62,
        "Plan Rows": 1,
        "Plan Width": 8,
        "Actual Startup Time": 1060.22,
        "Actual Total Time": 1107.634,
        "Actual Rows": 1,
        "Actual Loops": 1,
        "Output": [
            "count(*)"
        ],
        "Plans": [
            {
                "Node Type": "Gather",
                "Parent Relationship": "Outer",
                "Parallel Aware": false,
                "Startup Cost": 291250.08,
                "Total Cost": 291250.59,
                "Plan Rows": 5,
                "Plan Width": 8,
                "Actual Startup Time": 1050.914,
                "Actual Total Time": 1107.621,
                "Actual Rows": 6,
                "Actual Loops": 1,
                "Output": [
                    "(PARTIAL count(*))"
                ],
                "Workers Planned": 5,
                "Workers Launched": 5,
                "Single Copy": false,
                "Plans": [
                    {
                        "Node Type": "Aggregate",
                        "Strategy": "Plain",
                        "Partial Mode": "Partial",
                        "Parent Relationship": "Outer",
                        "Parallel Aware": false,
                        "Startup Cost": 290250.08,
                        "Total Cost": 290250.09,
                        "Plan Rows": 1,
                        "Plan Width": 8,
                        "Actual Startup Time": 1040.525,
                        "Actual Total Time": 1040.613,
                        "Actual Rows": 1,
                        "Actual Loops": 6,
                        "Output": [
                            "PARTIAL count(*)"
                        ],
                        "Workers": [
                            {
                                "Worker Number": 0,
                                "Actual Startup Time": 1038.088,
                                "Actual Total Time": 1038.094,
                                "Actual Rows": 1,
                                "Actual Loops": 1
                            },
                            {
                                "Worker Number": 1,
                                "Actual Startup Time": 1038.364,
                                "Actual Total Time": 1038.37,
                                "Actual Rows": 1,
                                "Actual Loops": 1
                            },
                            {
                                "Worker Number": 2,
                                "Actual Startup Time": 1038.874,
                                "Actual Total Time": 1038.878,
                                "Actual Rows": 1,
                                "Actual Loops": 1
                            },
                            {
                                "Worker Number": 3,
                                "Actual Startup Time": 1038.894,
                                "Actual Total Time": 1038.9,
                                "Actual Rows": 1,
                                "Actual Loops": 1
                            },
                            {
                                "Worker Number": 4,
                                "Actual Startup Time": 1038.91,
                                "Actual Total Time": 1038.913,
                                "Actual Rows": 1,
                                "Actual Loops": 1
                            }
                        ],
                        "Plans": [
                            {
                                "Node Type": "Hash Join",
                                "Parent Relationship": "Outer",
                                "Parallel Aware": true,
                                "Join Type": "Inner",
                                "Startup Cost": 83337.44,
                                "Total Cost": 289049.02,
                                "Plan Rows": 480427,
                                "Plan Width": 0,
                                "Actual Startup Time": 361.758,
                                "Actual Total Time": 1005.772,
                                "Actual Rows": 618851,
                                "Actual Loops": 6,
                                "Inner Unique": false,
                                "Hash Cond": "(mi.movie_id = t.id)",
                                "Workers": [
                                    {
                                        "Worker Number": 0,
                                        "Actual Startup Time": 358.883,
                                        "Actual Total Time": 1007.766,
                                        "Actual Rows": 454233,
                                        "Actual Loops": 1
                                    },
                                    {
                                        "Worker Number": 1,
                                        "Actual Startup Time": 359.685,
                                        "Actual Total Time": 1000.115,
                                        "Actual Rows": 491902,
                                        "Actual Loops": 1
                                    },
                                    {
                                        "Worker Number": 2,
                                        "Actual Startup Time": 360.19,
                                        "Actual Total Time": 1007.202,
                                        "Actual Rows": 786095,
                                        "Actual Loops": 1
                                    },
                                    {
                                        "Worker Number": 3,
                                        "Actual Startup Time": 360.214,
                                        "Actual Total Time": 1004.63,
                                        "Actual Rows": 517037,
                                        "Actual Loops": 1
                                    },
                                    {
                                        "Worker Number": 4,
                                        "Actual Startup Time": 360.231,
                                        "Actual Total Time": 1006.858,
                                        "Actual Rows": 795943,
                                        "Actual Loops": 1
                                    }
                                ],
                                "Plans": [
                                    {
                                        "Node Type": "Seq Scan",
                                        "Parent Relationship": "Outer",
                                        "Parallel Aware": true,
                                        "Relation Name": "movie_info",
                                        "Schema": "public",
                                        "Alias": "mi",
                                        "Startup Cost": 0.0,
                                        "Total Cost": 198880.74,
                                        "Plan Rows": 1501273,
                                        "Plan Width": 4,
                                        "Actual Startup Time": 17.917,
                                        "Actual Total Time": 367.911,
                                        "Actual Rows": 1258142,
                                        "Actual Loops": 6,
                                        "Output": [
                                            "mi.id",
                                            "mi.movie_id",
                                            "mi.info_type_id",
                                            "mi.info",
                                            "mi.note"
                                        ],
                                        "Filter": "(mi.info_type_id > 7)",
                                        "Rows Removed by Filter": 1214478,
                                        "Workers": [
                                            {
                                                "Worker Number": 0,
                                                "Actual Startup Time": 17.947,
                                                "Actual Total Time": 378.091,
                                                "Actual Rows": 922992,
                                                "Actual Loops": 1
                                            },
                                            {
                                                "Worker Number": 1,
                                                "Actual Startup Time": 17.85,
                                                "Actual Total Time": 379.436,
                                                "Actual Rows": 1010848,
                                                "Actual Loops": 1
                                            },
                                            {
                                                "Worker Number": 2,
                                                "Actual Startup Time": 17.928,
                                                "Actual Total Time": 366.968,
                                                "Actual Rows": 1606419,
                                                "Actual Loops": 1
                                            },
                                            {
                                                "Worker Number": 3,
                                                "Actual Startup Time": 17.917,
                                                "Actual Total Time": 380.714,
                                                "Actual Rows": 1056199,
                                                "Actual Loops": 1
                                            },
                                            {
                                                "Worker Number": 4,
                                                "Actual Startup Time": 17.935,
                                                "Actual Total Time": 366.911,
                                                "Actual Rows": 1607429,
                                                "Actual Loops": 1
                                            }
                                        ]
                                    },
                                    {
                                        "Node Type": "Hash",
                                        "Parent Relationship": "Inner",
                                        "Parallel Aware": true,
                                        "Startup Cost": 80809.01,
                                        "Total Cost": 80809.01,
                                        "Plan Rows": 202274,
                                        "Plan Width": 8,
                                        "Actual Startup Time": 340.247,
                                        "Actual Total Time": 340.334,
                                        "Actual Rows": 84564,
                                        "Actual Loops": 6,
                                        "Output": [
                                            "t.id",
                                            "mc.movie_id"
                                        ],
                                        "Hash Buckets": 1048576,
                                        "Original Hash Buckets": 1048576,
                                        "Hash Batches": 1,
                                        "Original Hash Batches": 1,
                                        "Peak Memory Usage": 28160,
                                        "Workers": [
                                            {
                                                "Worker Number": 0,
                                                "Actual Startup Time": 340.185,
                                                "Actual Total Time": 340.189,
                                                "Actual Rows": 63964,
                                                "Actual Loops": 1
                                            },
                                            {
                                                "Worker Number": 1,
                                                "Actual Startup Time": 341.045,
                                                "Actual Total Time": 341.049,
                                                "Actual Rows": 73642,
                                                "Actual Loops": 1
                                            },
                                            {
                                                "Worker Number": 2,
                                                "Actual Startup Time": 341.64,
                                                "Actual Total Time": 341.643,
                                                "Actual Rows": 103174,
                                                "Actual Loops": 1
                                            },
                                            {
                                                "Worker Number": 3,
                                                "Actual Startup Time": 341.671,
                                                "Actual Total Time": 341.675,
                                                "Actual Rows": 74158,
                                                "Actual Loops": 1
                                            },
                                            {
                                                "Worker Number": 4,
                                                "Actual Startup Time": 341.651,
                                                "Actual Total Time": 341.654,
                                                "Actual Rows": 104585,
                                                "Actual Loops": 1
                                            }
                                        ],
                                        "Plans": [
                                            {
                                                "Node Type": "Hash Join",
                                                "Parent Relationship": "Outer",
                                                "Parallel Aware": true,
                                                "Join Type": "Inner",
                                                "Startup Cost": 34677.31,
                                                "Total Cost": 80809.01,
                                                "Plan Rows": 202274,
                                                "Plan Width": 8,
                                                "Actual Startup Time": 115.056,
                                                "Actual Total Time": 300.06,
                                                "Actual Rows": 84564,
                                                "Actual Loops": 6,
                                                "Output": [
                                                    "t.id",
                                                    "mc.movie_id"
                                                ],
                                                "Inner Unique": false,
                                                "Hash Cond": "(t.id = mc.movie_id)",
                                                "Workers": [
                                                    {
                                                        "Worker Number": 0,
                                                        "Actual Startup Time": 115.104,
                                                        "Actual Total Time": 302.346,
                                                        "Actual Rows": 63964,
                                                        "Actual Loops": 1
                                                    },
                                                    {
                                                        "Worker Number": 1,
                                                        "Actual Startup Time": 115.047,
                                                        "Actual Total Time": 300.046,
                                                        "Actual Rows": 73642,
                                                        "Actual Loops": 1
                                                    },
                                                    {
                                                        "Worker Number": 2,
                                                        "Actual Startup Time": 114.97,
                                                        "Actual Total Time": 299.594,
                                                        "Actual Rows": 103174,
                                                        "Actual Loops": 1
                                                    },
                                                    {
                                                        "Worker Number": 3,
                                                        "Actual Startup Time": 114.99,
                                                        "Actual Total Time": 299.534,
                                                        "Actual Rows": 74158,
                                                        "Actual Loops": 1
                                                    },
                                                    {
                                                        "Worker Number": 4,
                                                        "Actual Startup Time": 114.965,
                                                        "Actual Total Time": 300.334,
                                                        "Actual Rows": 104585,
                                                        "Actual Loops": 1
                                                    }
                                                ],
                                                "Plans": [
                                                    {
                                                        "Node Type": "Seq Scan",
                                                        "Parent Relationship": "Outer",
                                                        "Parallel Aware": true,
                                                        "Relation Name": "title",
                                                        "Schema": "public",
                                                        "Alias": "t",
                                                        "Startup Cost": 0.0,
                                                        "Total Cost": 42318.81,
                                                        "Plan Rows": 632080,
                                                        "Plan Width": 4,
                                                        "Actual Startup Time": 0.023,
                                                        "Actual Total Time": 66.563,
                                                        "Actual Rows": 421385,
                                                        "Actual Loops": 6,
                                                        "Output": [
                                                            "t.id",
                                                            "t.title",
                                                            "t.imdb_index",
                                                            "t.kind_id",
                                                            "t.production_year",
                                                            "t.imdb_id",
                                                            "t.phonetic_code",
                                                            "t.episode_of_id",
                                                            "t.season_nr",
                                                            "t.episode_nr",
                                                            "t.series_years",
                                                            "t.md5sum"
                                                        ],
                                                        "Workers": [
                                                            {
                                                                "Worker Number": 0,
                                                                "Actual Startup Time": 0.026,
                                                                "Actual Total Time": 67.609,
                                                                "Actual Rows": 317608,
                                                                "Actual Loops": 1
                                                            },
                                                            {
                                                                "Worker Number": 1,
                                                                "Actual Startup Time": 0.03,
                                                                "Actual Total Time": 70.933,
                                                                "Actual Rows": 369630,
                                                                "Actual Loops": 1
                                                            },
                                                            {
                                                                "Worker Number": 2,
                                                                "Actual Startup Time": 0.024,
                                                                "Actual Total Time": 67.563,
                                                                "Actual Rows": 513834,
                                                                "Actual Loops": 1
                                                            },
                                                            {
                                                                "Worker Number": 3,
                                                                "Actual Startup Time": 0.025,
                                                                "Actual Total Time": 71.067,
                                                                "Actual Rows": 368693,
                                                                "Actual Loops": 1
                                                            },
                                                            {
                                                                "Worker Number": 4,
                                                                "Actual Startup Time": 0.024,
                                                                "Actual Total Time": 67.826,
                                                                "Actual Rows": 517903,
                                                                "Actual Loops": 1
                                                            }
                                                        ]
                                                    },
                                                    {
                                                        "Node Type": "Hash",
                                                        "Parent Relationship": "Inner",
                                                        "Parallel Aware": true,
                                                        "Startup Cost": 31414.82,
                                                        "Total Cost": 31414.82,
                                                        "Plan Rows": 260999,
                                                        "Plan Width": 4,
                                                        "Actual Startup Time": 113.327,
                                                        "Actual Total Time": 113.328,
                                                        "Actual Rows": 84564,
                                                        "Actual Loops": 6,
                                                        "Output": [
                                                            "mc.movie_id"
                                                        ],
                                                        "Hash Buckets": 1048576,
                                                        "Original Hash Buckets": 1048576,
                                                        "Hash Batches": 1,
                                                        "Original Hash Batches": 1,
                                                        "Peak Memory Usage": 28160,
                                                        "Workers": [
                                                            {
                                                                "Worker Number": 0,
                                                                "Actual Startup Time": 114.957,
                                                                "Actual Total Time": 114.958,
                                                                "Actual Rows": 64333,
                                                                "Actual Loops": 1
                                                            },
                                                            {
                                                                "Worker Number": 1,
                                                                "Actual Startup Time": 114.916,
                                                                "Actual Total Time": 114.918,
                                                                "Actual Rows": 71343,
                                                                "Actual Loops": 1
                                                            },
                                                            {
                                                                "Worker Number": 2,
                                                                "Actual Startup Time": 114.845,
                                                                "Actual Total Time": 114.846,
                                                                "Actual Rows": 107643,
                                                                "Actual Loops": 1
                                                            },
                                                            {
                                                                "Worker Number": 3,
                                                                "Actual Startup Time": 114.862,
                                                                "Actual Total Time": 114.864,
                                                                "Actual Rows": 71529,
                                                                "Actual Loops": 1
                                                            },
                                                            {
                                                                "Worker Number": 4,
                                                                "Actual Startup Time": 114.845,
                                                                "Actual Total Time": 114.846,
                                                                "Actual Rows": 108174,
                                                                "Actual Loops": 1
                                                            }
                                                        ],
                                                        "Plans": [
                                                            {
                                                                "Node Type": "Seq Scan",
                                                                "Parent Relationship": "Outer",
                                                                "Parallel Aware": true,
                                                                "Relation Name": "movie_companies",
                                                                "Schema": "public",
                                                                "Alias": "mc",
                                                                "Startup Cost": 0.0,
                                                                "Total Cost": 31414.82,
                                                                "Plan Rows": 260999,
                                                                "Plan Width": 4,
                                                                "Actual Startup Time": 45.478,
                                                                "Actual Total Time": 75.369,
                                                                "Actual Rows": 84564,
                                                                "Actual Loops": 6,
                                                                "Output": [
                                                                    "mc.movie_id"
                                                                ],
                                                                "Filter": "((mc.company_id < 15820) AND (mc.company_type_id = 2))",
                                                                "Rows Removed by Filter": 350290,
                                                                "Workers": [
                                                                    {
                                                                        "Worker Number": 0,
                                                                        "Actual Startup Time": 45.541,
                                                                        "Actual Total Time": 74.923,
                                                                        "Actual Rows": 64333,
                                                                        "Actual Loops": 1
                                                                    },
                                                                    {
                                                                        "Worker Number": 1,
                                                                        "Actual Startup Time": 45.445,
                                                                        "Actual Total Time": 76.678,
                                                                        "Actual Rows": 71343,
                                                                        "Actual Loops": 1
                                                                    },
                                                                    {
                                                                        "Worker Number": 2,
                                                                        "Actual Startup Time": 45.439,
                                                                        "Actual Total Time": 74.741,
                                                                        "Actual Rows": 107643,
                                                                        "Actual Loops": 1
                                                                    },
                                                                    {
                                                                        "Worker Number": 3,
                                                                        "Actual Startup Time": 45.441,
                                                                        "Actual Total Time": 76.489,
                                                                        "Actual Rows": 71529,
                                                                        "Actual Loops": 1
                                                                    },
                                                                    {
                                                                        "Worker Number": 4,
                                                                        "Actual Startup Time": 45.42,
                                                                        "Actual Total Time": 74.783,
                                                                        "Actual Rows": 108174,
                                                                        "Actual Loops": 1
                                                                    }
                                                                ]
                                                            }
                                                        ]
                                                    }
                                                ]
                                            }
                                        ]
                                    }
                                ]
                            }
                        ]
                    }
                ]
            }
        ]
    },
    "Planning Time": 1.726,
    "Triggers": [],
    "Execution Time": 1107.732
}