[
  {
    "Plan": {
      "Node Type": "Aggregate",
      "Strategy": "Plain",
      "Partial Mode": "Finalize",
      "Parallel Aware": false,
      "Startup Cost": 118261.01,
      "Total Cost": 118261.02,
      "Plan Rows": 1,
      "Plan Width": 8,
      "Actual Startup Time": 58.712,
      "Actual Total Time": 67.143,
      "Actual Rows": 1,
      "Actual Loops": 1,
      "Plans": [
        {
          "Node Type": "Gather",
          "Parent Relationship": "Outer",
          "Parallel Aware": false,
          "Startup Cost": 118260.59,
          "Total Cost": 118261.0,
          "Plan Rows": 4,
          "Plan Width": 8,
          "Actual Startup Time": 58.567,
          "Actual Total Time": 67.137,
          "Actual Rows": 5,
          "Actual Loops": 1,
          "Workers Planned": 4,
          "Workers Launched": 4,
          "Single Copy": false,
          "Plans": [
            {
              "Node Type": "Aggregate",
              "Strategy": "Plain",
              "Partial Mode": "Partial",
              "Parent Relationship": "Outer",
              "Parallel Aware": false,
              "Startup Cost": 117260.59,
              "Total Cost": 117260.6,
              "Plan Rows": 1,
              "Plan Width": 8,
              "Actual Startup Time": 48.643,
              "Actual Total Time": 48.645,
              "Actual Rows": 1,
              "Actual Loops": 5,
              "Plans": [
                {
                  "Node Type": "Nested Loop",
                  "Parent Relationship": "Outer",
                  "Parallel Aware": false,
                  "Join Type": "Inner",
                  "Startup Cost": 600.75,
                  "Total Cost": 117251.86,
                  "Plan Rows": 3490,
                  "Plan Width": 0,
                  "Actual Startup Time": 2.594,
                  "Actual Total Time": 48.15,
                  "Actual Rows": 3308,
                  "Actual Loops": 5,
                  "Inner Unique": true,
                  "Plans": [
                    {
                      "Node Type": "Bitmap Heap Scan",
                      "Parent Relationship": "Outer",
                      "Parallel Aware": true,
                      "Relation Name": "movie_info",
                      "Alias": "mi",
                      "Startup Cost": 600.32,
                      "Total Cost": 81898.52,
                      "Plan Rows": 8254,
                      "Plan Width": 4,
                      "Actual Startup Time": 2.44,
                      "Actual Total Time": 8.772,
                      "Actual Rows": 6411,
                      "Actual Loops": 5,
                      "Recheck Cond": "(info_type_id > 108)",
                      "Rows Removed by Index Recheck": 0,
                      "Exact Heap Blocks": 1503,
                      "Lossy Heap Blocks": 0,
                      "Plans": [
                        {
                          "Node Type": "Bitmap Index Scan",
                          "Parent Relationship": "Outer",
                          "Parallel Aware": false,
                          "Index Name": "info_type_id_movie_info",
                          "Startup Cost": 0.0,
                          "Total Cost": 592.06,
                          "Plan Rows": 33017,
                          "Plan Width": 0,
                          "Actual Startup Time": 9.126,
                          "Actual Total Time": 9.127,
                          "Actual Rows": 32053,
                          "Actual Loops": 1,
                          "Index Cond": "(info_type_id > 108)"
                        }
                      ]
                    },
                    {
                      "Node Type": "Index Scan",
                      "Parent Relationship": "Inner",
                      "Parallel Aware": false,
                      "Scan Direction": "Forward",
                      "Index Name": "title_pkey",
                      "Relation Name": "title",
                      "Alias": "t",
                      "Startup Cost": 0.43,
                      "Total Cost": 4.28,
                      "Plan Rows": 1,
                      "Plan Width": 4,
                      "Actual Startup Time": 0.006,
                      "Actual Total Time": 0.006,
                      "Actual Rows": 1,
                      "Actual Loops": 32053,
                      "Index Cond": "(id = mi.movie_id)",
                      "Rows Removed by Index Recheck": 0,
                      "Filter": "(production_year < 2001)",
                      "Rows Removed by Filter": 0
                    }
                  ]
                }
              ]
            }
          ]
        }
      ]
    },
    "Planning Time": 0.618,
    "Triggers": [],
    "Execution Time": 67.228
  }
]