[
  {
    "Plan": {
      "Node Type": "Aggregate",
      "Strategy": "Plain",
      "Partial Mode": "Finalize",
      "Parallel Aware": false,
      "Startup Cost": 228086.42,
      "Total Cost": 228086.43,
      "Plan Rows": 1,
      "Plan Width": 8,
      "Actual Startup Time": 173.152,
      "Actual Total Time": 200.575,
      "Actual Rows": 1,
      "Actual Loops": 1,
      "Plans": [
        {
          "Node Type": "Gather",
          "Parent Relationship": "Outer",
          "Parallel Aware": false,
          "Startup Cost": 228086.0,
          "Total Cost": 228086.41,
          "Plan Rows": 4,
          "Plan Width": 8,
          "Actual Startup Time": 173.021,
          "Actual Total Time": 200.566,
          "Actual Rows": 5,
          "Actual Loops": 1,
          "Workers Planned": 4,
          "Workers Launched": 4,
          "Single Copy": false,
          "Plans": [
            {
              "Node Type": "Aggregate",
              "Strategy": "Plain",
              "Partial Mode": "Partial",
              "Parent Relationship": "Outer",
              "Parallel Aware": false,
              "Startup Cost": 227086.0,
              "Total Cost": 227086.01,
              "Plan Rows": 1,
              "Plan Width": 8,
              "Actual Startup Time": 163.434,
              "Actual Total Time": 163.435,
              "Actual Rows": 1,
              "Actual Loops": 5,
              "Plans": [
                {
                  "Node Type": "Nested Loop",
                  "Parent Relationship": "Outer",
                  "Parallel Aware": false,
                  "Join Type": "Inner",
                  "Startup Cost": 0.43,
                  "Total Cost": 227022.82,
                  "Plan Rows": 25274,
                  "Plan Width": 0,
                  "Actual Startup Time": 54.802,
                  "Actual Total Time": 161.208,
                  "Actual Rows": 34848,
                  "Actual Loops": 5,
                  "Inner Unique": false,
                  "Plans": [
                    {
                      "Node Type": "Seq Scan",
                      "Parent Relationship": "Outer",
                      "Parallel Aware": true,
                      "Relation Name": "title",
                      "Alias": "t",
                      "Startup Cost": 0.0,
                      "Total Cost": 45479.1,
                      "Plan Rows": 4322,
                      "Plan Width": 4,
                      "Actual Startup Time": 54.711,
                      "Actual Total Time": 80.71,
                      "Actual Rows": 3761,
                      "Actual Loops": 5,
                      "Filter": "((kind_id = 1) AND (production_year = 2013))",
                      "Rows Removed by Filter": 501902
                    },
                    {
                      "Node Type": "Index Only Scan",
                      "Parent Relationship": "Inner",
                      "Parallel Aware": false,
                      "Scan Direction": "Forward",
                      "Index Name": "movie_id_movie_info",
                      "Relation Name": "movie_info",
                      "Alias": "mi",
                      "Startup Cost": 0.43,
                      "Total Cost": 41.58,
                      "Plan Rows": 42,
                      "Plan Width": 4,
                      "Actual Startup Time": 0.008,
                      "Actual Total Time": 0.02,
                      "Actual Rows": 9,
                      "Actual Loops": 18804,
                      "Index Cond": "(movie_id = t.id)",
                      "Rows Removed by Index Recheck": 0,
                      "Heap Fetches": 174238
                    }
                  ]
                }
              ]
            }
          ]
        }
      ]
    },
    "Planning Time": 0.608,
    "Triggers": [],
    "Execution Time": 200.736
  }
]