[
  {
    "Plan": {
      "Node Type": "Aggregate",
      "Strategy": "Plain",
      "Partial Mode": "Finalize",
      "Parallel Aware": false,
      "Startup Cost": 629170.25,
      "Total Cost": 629170.26,
      "Plan Rows": 1,
      "Plan Width": 8,
      "Actual Startup Time": 6404.52,
      "Actual Total Time": 6512.611,
      "Actual Rows": 1,
      "Actual Loops": 1,
      "Plans": [
        {
          "Node Type": "Gather",
          "Parent Relationship": "Outer",
          "Parallel Aware": false,
          "Startup Cost": 629169.73,
          "Total Cost": 629170.24,
          "Plan Rows": 5,
          "Plan Width": 8,
          "Actual Startup Time": 6337.689,
          "Actual Total Time": 6512.595,
          "Actual Rows": 6,
          "Actual Loops": 1,
          "Workers Planned": 5,
          "Workers Launched": 5,
          "Single Copy": false,
          "Plans": [
            {
              "Node Type": "Aggregate",
              "Strategy": "Plain",
              "Partial Mode": "Partial",
              "Parent Relationship": "Outer",
              "Parallel Aware": false,
              "Startup Cost": 628169.73,
              "Total Cost": 628169.74,
              "Plan Rows": 1,
              "Plan Width": 8,
              "Actual Startup Time": 6307.863,
              "Actual Total Time": 6312.357,
              "Actual Rows": 1,
              "Actual Loops": 6,
              "Plans": [
                {
                  "Node Type": "Hash Join",
                  "Parent Relationship": "Outer",
                  "Parallel Aware": true,
                  "Join Type": "Inner",
                  "Startup Cost": 406316.32,
                  "Total Cost": 618672.04,
                  "Plan Rows": 3799077,
                  "Plan Width": 0,
                  "Actual Startup Time": 2877.945,
                  "Actual Total Time": 5586.805,
                  "Actual Rows": 17717893,
                  "Actual Loops": 6,
                  "Inner Unique": false,
                  "Hash Cond": "(mi.movie_id = t.id)",
                  "Plans": [
                    {
                      "Node Type": "Seq Scan",
                      "Parent Relationship": "Outer",
                      "Parallel Aware": true,
                      "Relation Name": "movie_info",
                      "Alias": "mi",
                      "Startup Cost": 0.0,
                      "Total Cost": 198952.16,
                      "Plan Rows": 1885804,
                      "Plan Width": 4,
                      "Actual Startup Time": 16.307,
                      "Actual Total Time": 334.18,
                      "Actual Rows": 1570867,
                      "Actual Loops": 6,
                      "Filter": "(info_type_id > 5)",
                      "Rows Removed by Filter": 901753
                    },
                    {
                      "Node Type": "Hash",
                      "Parent Relationship": "Inner",
                      "Parallel Aware": true,
                      "Startup Cost": 395705.04,
                      "Total Cost": 395705.04,
                      "Plan Rows": 848902,
                      "Plan Width": 8,
                      "Actual Startup Time": 2849.981,
                      "Actual Total Time": 2854.473,
                      "Actual Rows": 1712093,
                      "Actual Loops": 6,
                      "Hash Buckets": 16777216,
                      "Original Hash Buckets": 8388608,
                      "Hash Batches": 1,
                      "Original Hash Batches": 1,
                      "Peak Memory Usage": 598592,
                      "Plans": [
                        {
                          "Node Type": "Hash Join",
                          "Parent Relationship": "Outer",
                          "Parallel Aware": true,
                          "Join Type": "Inner",
                          "Startup Cost": 50219.64,
                          "Total Cost": 395705.04,
                          "Plan Rows": 848902,
                          "Plan Width": 8,
                          "Actual Startup Time": 617.552,
                          "Actual Total Time": 1882.048,
                          "Actual Rows": 1712093,
                          "Actual Loops": 6,
                          "Inner Unique": true,
                          "Hash Cond": "(ci.movie_id = t.id)",
                          "Plans": [
                            {
                              "Node Type": "Seq Scan",
                              "Parent Relationship": "Outer",
                              "Parallel Aware": true,
                              "Relation Name": "cast_info",
                              "Alias": "ci",
                              "Startup Cost": 0.0,
                              "Total Cost": 343257.03,
                              "Plan Rows": 848902,
                              "Plan Width": 4,
                              "Actual Startup Time": 347.215,
                              "Actual Total Time": 731.155,
                              "Actual Rows": 1712093,
                              "Actual Loops": 6,
                              "Filter": "((person_id > 2584619) AND (role_id > 2))",
                              "Rows Removed by Filter": 4328631
                            },
                            {
                              "Node Type": "Hash",
                              "Parent Relationship": "Inner",
                              "Parallel Aware": true,
                              "Startup Cost": 42318.73,
                              "Total Cost": 42318.73,
                              "Plan Rows": 632073,
                              "Plan Width": 4,
                              "Actual Startup Time": 266.454,
                              "Actual Total Time": 266.455,
                              "Actual Rows": 421385,
                              "Actual Loops": 6,
                              "Hash Buckets": 4194304,
                              "Original Hash Buckets": 4194304,
                              "Hash Batches": 1,
                              "Original Hash Batches": 1,
                              "Peak Memory Usage": 131776,
                              "Plans": [
                                {
                                  "Node Type": "Seq Scan",
                                  "Parent Relationship": "Outer",
                                  "Parallel Aware": true,
                                  "Relation Name": "title",
                                  "Alias": "t",
                                  "Startup Cost": 0.0,
                                  "Total Cost": 42318.73,
                                  "Plan Rows": 632073,
                                  "Plan Width": 4,
                                  "Actual Startup Time": 0.053,
                                  "Actual Total Time": 77.941,
                                  "Actual Rows": 421385,
                                  "Actual Loops": 6
                                }
                              ]
                            }
                          ]
                        }
                      ]
                    }
                  ]
                }
              ]
            }
          ]
        }
      ]
    },
    "Planning Time": 1.318,
    "Triggers": [],
    "Execution Time": 6512.702
  }
]