[
    {
        "Bao": {
            "Bao prediction": 645.508,
            "Bao recommended hint": "SET enable_nestloop TO off; "
        }
    },
    {
        "Plan": {
            "Node Type": "Aggregate",
            "Strategy": "Plain",
            "Partial Mode": "Finalize",
            "Parallel Aware": false,
            "Startup Cost": 61954.8,
            "Total Cost": 61954.81,
            "Plan Rows": 1,
            "Plan Width": 8,
            "Actual Startup Time": 530.123,
            "Actual Total Time": 550.514,
            "Actual Rows": 1,
            "Actual Loops": 1,
            "Output": [
                "count(*)"
            ],
            "Plans": [
                {
                    "Node Type": "Gather",
                    "Parent Relationship": "Outer",
                    "Parallel Aware": false,
                    "Startup Cost": 61954.59,
                    "Total Cost": 61954.8,
                    "Plan Rows": 2,
                    "Plan Width": 8,
                    "Actual Startup Time": 525.256,
                    "Actual Total Time": 550.506,
                    "Actual Rows": 3,
                    "Actual Loops": 1,
                    "Output": [
                        "(PARTIAL count(*))"
                    ],
                    "Workers Planned": 2,
                    "Workers Launched": 2,
                    "Single Copy": false,
                    "Plans": [
                        {
                            "Node Type": "Aggregate",
                            "Strategy": "Plain",
                            "Partial Mode": "Partial",
                            "Parent Relationship": "Outer",
                            "Parallel Aware": false,
                            "Startup Cost": 60954.59,
                            "Total Cost": 60954.6,
                            "Plan Rows": 1,
                            "Plan Width": 8,
                            "Actual Startup Time": 508.858,
                            "Actual Total Time": 508.862,
                            "Actual Rows": 1,
                            "Actual Loops": 3,
                            "Output": [
                                "PARTIAL count(*)"
                            ],
                            "Workers": [
                                {
                                    "Worker Number": 0,
                                    "Actual Startup Time": 501.499,
                                    "Actual Total Time": 501.502,
                                    "Actual Rows": 1,
                                    "Actual Loops": 1
                                },
                                {
                                    "Worker Number": 1,
                                    "Actual Startup Time": 500.418,
                                    "Actual Total Time": 500.421,
                                    "Actual Rows": 1,
                                    "Actual Loops": 1
                                }
                            ],
                            "Plans": [
                                {
                                    "Node Type": "Hash Join",
                                    "Parent Relationship": "Outer",
                                    "Parallel Aware": true,
                                    "Join Type": "Inner",
                                    "Startup Cost": 50307.8,
                                    "Total Cost": 60950.35,
                                    "Plan Rows": 1697,
                                    "Plan Width": 0,
                                    "Actual Startup Time": 499.188,
                                    "Actual Total Time": 508.677,
                                    "Actual Rows": 1469,
                                    "Actual Loops": 3,
                                    "Inner Unique": true,
                                    "Hash Cond": "(mk.movie_id = t.id)",
                                    "Workers": [
                                        {
                                            "Worker Number": 0,
                                            "Actual Startup Time": 492.369,
                                            "Actual Total Time": 501.326,
                                            "Actual Rows": 987,
                                            "Actual Loops": 1
                                        },
                                        {
                                            "Worker Number": 1,
                                            "Actual Startup Time": 491.429,
                                            "Actual Total Time": 500.248,
                                            "Actual Rows": 979,
                                            "Actual Loops": 1
                                        }
                                    ],
                                    "Plans": [
                                        {
                                            "Node Type": "Bitmap Heap Scan",
                                            "Parent Relationship": "Outer",
                                            "Parallel Aware": true,
                                            "Relation Name": "movie_keyword",
                                            "Schema": "public",
                                            "Alias": "mk",
                                            "Startup Cost": 87.99,
                                            "Total Cost": 10726.09,
                                            "Plan Rows": 1697,
                                            "Plan Width": 4,
                                            "Actual Startup Time": 1.701,
                                            "Actual Total Time": 7.25,
                                            "Actual Rows": 1469,
                                            "Actual Loops": 3,
                                            "Output": [
                                                "mk.id",
                                                "mk.movie_id",
                                                "mk.keyword_id"
                                            ],
                                            "Recheck Cond": "(mk.keyword_id = 2891)",
                                            "Rows Removed by Index Recheck": 0,
                                            "Exact Heap Blocks": 2048,
                                            "Lossy Heap Blocks": 0,
                                            "Workers": [
                                                {
                                                    "Worker Number": 0,
                                                    "Actual Startup Time": 1.617,
                                                    "Actual Total Time": 7.713,
                                                    "Actual Rows": 987,
                                                    "Actual Loops": 1
                                                },
                                                {
                                                    "Worker Number": 1,
                                                    "Actual Startup Time": 1.735,
                                                    "Actual Total Time": 7.738,
                                                    "Actual Rows": 979,
                                                    "Actual Loops": 1
                                                }
                                            ],
                                            "Plans": [
                                                {
                                                    "Node Type": "Bitmap Index Scan",
                                                    "Parent Relationship": "Outer",
                                                    "Parallel Aware": false,
                                                    "Index Name": "keyword_id_movie_keyword",
                                                    "Startup Cost": 0.0,
                                                    "Total Cost": 86.97,
                                                    "Plan Rows": 4072,
                                                    "Plan Width": 0,
                                                    "Actual Startup Time": 0.92,
                                                    "Actual Total Time": 0.92,
                                                    "Actual Rows": 4408,
                                                    "Actual Loops": 1,
                                                    "Index Cond": "(mk.keyword_id = 2891)",
                                                    "Workers": [
                                                        {
                                                            "Worker Number": 0,
                                                            "Actual Startup Time": 0.92,
                                                            "Actual Total Time": 0.92,
                                                            "Actual Rows": 4408,
                                                            "Actual Loops": 1
                                                        }
                                                    ]
                                                }
                                            ]
                                        },
                                        {
                                            "Node Type": "Hash",
                                            "Parent Relationship": "Inner",
                                            "Parallel Aware": true,
                                            "Startup Cost": 42318.81,
                                            "Total Cost": 42318.81,
                                            "Plan Rows": 632080,
                                            "Plan Width": 4,
                                            "Actual Startup Time": 482.192,
                                            "Actual Total Time": 482.193,
                                            "Actual Rows": 842771,
                                            "Actual Loops": 3,
                                            "Output": [
                                                "t.id"
                                            ],
                                            "Hash Buckets": 4194304,
                                            "Original Hash Buckets": 4194304,
                                            "Hash Batches": 1,
                                            "Original Hash Batches": 1,
                                            "Peak Memory Usage": 131712,
                                            "Workers": [
                                                {
                                                    "Worker Number": 0,
                                                    "Actual Startup Time": 490.522,
                                                    "Actual Total Time": 490.523,
                                                    "Actual Rows": 785100,
                                                    "Actual Loops": 1
                                                },
                                                {
                                                    "Worker Number": 1,
                                                    "Actual Startup Time": 489.303,
                                                    "Actual Total Time": 489.304,
                                                    "Actual Rows": 821594,
                                                    "Actual Loops": 1
                                                }
                                            ],
                                            "Plans": [
                                                {
                                                    "Node Type": "Seq Scan",
                                                    "Parent Relationship": "Outer",
                                                    "Parallel Aware": true,
                                                    "Relation Name": "title",
                                                    "Schema": "public",
                                                    "Alias": "t",
                                                    "Startup Cost": 0.0,
                                                    "Total Cost": 42318.81,
                                                    "Plan Rows": 632080,
                                                    "Plan Width": 4,
                                                    "Actual Startup Time": 0.028,
                                                    "Actual Total Time": 145.14,
                                                    "Actual Rows": 842771,
                                                    "Actual Loops": 3,
                                                    "Output": [
                                                        "t.id"
                                                    ],
                                                    "Workers": [
                                                        {
                                                            "Worker Number": 0,
                                                            "Actual Startup Time": 0.025,
                                                            "Actual Total Time": 154.172,
                                                            "Actual Rows": 785100,
                                                            "Actual Loops": 1
                                                        },
                                                        {
                                                            "Worker Number": 1,
                                                            "Actual Startup Time": 0.049,
                                                            "Actual Total Time": 148.362,
                                                            "Actual Rows": 821594,
                                                            "Actual Loops": 1
                                                        }
                                                    ]
                                                }
                                            ]
                                        }
                                    ]
                                }
                            ]
                        }
                    ]
                }
            ]
        },
        "Planning Time": 4941.92,
        "Triggers": [],
        "Execution Time": 550.646
    }
]