[
  {
    "Plan": {
      "Node Type": "Aggregate",
      "Strategy": "Plain",
      "Partial Mode": "Finalize",
      "Parallel Aware": false,
      "Startup Cost": 60912.22,
      "Total Cost": 60912.23,
      "Plan Rows": 1,
      "Plan Width": 8,
      "Actual Startup Time": 135.859,
      "Actual Total Time": 156.085,
      "Actual Rows": 1,
      "Actual Loops": 1,
      "Plans": [
        {
          "Node Type": "Gather",
          "Parent Relationship": "Outer",
          "Parallel Aware": false,
          "Startup Cost": 60911.8,
          "Total Cost": 60912.21,
          "Plan Rows": 4,
          "Plan Width": 8,
          "Actual Startup Time": 135.622,
          "Actual Total Time": 156.076,
          "Actual Rows": 5,
          "Actual Loops": 1,
          "Workers Planned": 4,
          "Workers Launched": 4,
          "Single Copy": false,
          "Plans": [
            {
              "Node Type": "Aggregate",
              "Strategy": "Plain",
              "Partial Mode": "Partial",
              "Parent Relationship": "Outer",
              "Parallel Aware": false,
              "Startup Cost": 59911.8,
              "Total Cost": 59911.81,
              "Plan Rows": 1,
              "Plan Width": 8,
              "Actual Startup Time": 129.679,
              "Actual Total Time": 129.681,
              "Actual Rows": 1,
              "Actual Loops": 5,
              "Plans": [
                {
                  "Node Type": "Nested Loop",
                  "Parent Relationship": "Outer",
                  "Parallel Aware": false,
                  "Join Type": "Inner",
                  "Startup Cost": 0.86,
                  "Total Cost": 59899.6,
                  "Plan Rows": 4882,
                  "Plan Width": 0,
                  "Actual Startup Time": 2.51,
                  "Actual Total Time": 127.49,
                  "Actual Rows": 41096,
                  "Actual Loops": 5,
                  "Inner Unique": false,
                  "Join Filter": "(t.id = mi.movie_id)",
                  "Rows Removed by Join Filter": 0,
                  "Plans": [
                    {
                      "Node Type": "Nested Loop",
                      "Parent Relationship": "Outer",
                      "Parallel Aware": false,
                      "Join Type": "Inner",
                      "Startup Cost": 0.43,
                      "Total Cost": 58238.56,
                      "Plan Rows": 832,
                      "Plan Width": 8,
                      "Actual Startup Time": 2.395,
                      "Actual Total Time": 84.736,
                      "Actual Rows": 1433,
                      "Actual Loops": 5,
                      "Inner Unique": false,
                      "Plans": [
                        {
                          "Node Type": "Seq Scan",
                          "Parent Relationship": "Outer",
                          "Parallel Aware": true,
                          "Relation Name": "title",
                          "Alias": "t",
                          "Startup Cost": 0.0,
                          "Total Cost": 45479.59,
                          "Plan Rows": 806,
                          "Plan Width": 4,
                          "Actual Startup Time": 2.271,
                          "Actual Total Time": 74.683,
                          "Actual Rows": 685,
                          "Actual Loops": 5,
                          "Filter": "((kind_id < 7) AND (production_year = 1956))",
                          "Rows Removed by Filter": 504977
                        },
                        {
                          "Node Type": "Index Only Scan",
                          "Parent Relationship": "Inner",
                          "Parallel Aware": false,
                          "Scan Direction": "Forward",
                          "Index Name": "movie_id_movie_companies",
                          "Relation Name": "movie_companies",
                          "Alias": "mc",
                          "Startup Cost": 0.43,
                          "Total Cost": 15.78,
                          "Plan Rows": 5,
                          "Plan Width": 4,
                          "Actual Startup Time": 0.011,
                          "Actual Total Time": 0.014,
                          "Actual Rows": 2,
                          "Actual Loops": 3427,
                          "Index Cond": "(movie_id = t.id)",
                          "Rows Removed by Index Recheck": 0,
                          "Heap Fetches": 7164
                        }
                      ]
                    },
                    {
                      "Node Type": "Index Only Scan",
                      "Parent Relationship": "Inner",
                      "Parallel Aware": false,
                      "Scan Direction": "Forward",
                      "Index Name": "movie_id_movie_info",
                      "Relation Name": "movie_info",
                      "Alias": "mi",
                      "Startup Cost": 0.43,
                      "Total Cost": 1.48,
                      "Plan Rows": 41,
                      "Plan Width": 4,
                      "Actual Startup Time": 0.008,
                      "Actual Total Time": 0.027,
                      "Actual Rows": 29,
                      "Actual Loops": 7164,
                      "Index Cond": "(movie_id = mc.movie_id)",
                      "Rows Removed by Index Recheck": 0,
                      "Heap Fetches": 205480
                    }
                  ]
                }
              ]
            }
          ]
        }
      ]
    },
    "Planning Time": 1.419,
    "Triggers": [],
    "Execution Time": 156.182
  }
]