[
  {
    "Plan": {
      "Node Type": "Aggregate",
      "Strategy": "Plain",
      "Partial Mode": "Simple",
      "Parallel Aware": false,
      "Startup Cost": 11609.52,
      "Total Cost": 11609.53,
      "Plan Rows": 1,
      "Plan Width": 8,
      "Actual Startup Time": 14.012,
      "Actual Total Time": 14.014,
      "Actual Rows": 1,
      "Actual Loops": 1,
      "Plans": [
        {
          "Node Type": "Bitmap Heap Scan",
          "Parent Relationship": "Outer",
          "Parallel Aware": false,
          "Relation Name": "movie_companies",
          "Alias": "mc",
          "Startup Cost": 112.2,
          "Total Cost": 11596.69,
          "Plan Rows": 5131,
          "Plan Width": 0,
          "Actual Startup Time": 3.846,
          "Actual Total Time": 13.288,
          "Actual Rows": 5080,
          "Actual Loops": 1,
          "Recheck Cond": "(company_id = 475)",
          "Rows Removed by Index Recheck": 0,
          "Exact Heap Blocks": 3665,
          "Lossy Heap Blocks": 0,
          "Plans": [
            {
              "Node Type": "Bitmap Index Scan",
              "Parent Relationship": "Outer",
              "Parallel Aware": false,
              "Index Name": "company_id_movie_companies",
              "Startup Cost": 0.0,
              "Total Cost": 110.91,
              "Plan Rows": 5131,
              "Plan Width": 0,
              "Actual Startup Time": 2.514,
              "Actual Total Time": 2.514,
              "Actual Rows": 5080,
              "Actual Loops": 1,
              "Index Cond": "(company_id = 475)"
            }
          ]
        }
      ]
    },
    "Planning Time": 0.187,
    "Triggers": [],
    "Execution Time": 14.129
  }
]