[
  {
    "Plan": {
      "Node Type": "Aggregate",
      "Strategy": "Plain",
      "Partial Mode": "Finalize",
      "Parallel Aware": false,
      "Startup Cost": 25719.02,
      "Total Cost": 25719.03,
      "Plan Rows": 1,
      "Plan Width": 8,
      "Actual Startup Time": 31.288,
      "Actual Total Time": 35.225,
      "Actual Rows": 1,
      "Actual Loops": 1,
      "Plans": [
        {
          "Node Type": "Gather",
          "Parent Relationship": "Outer",
          "Parallel Aware": false,
          "Startup Cost": 25718.91,
          "Total Cost": 25719.02,
          "Plan Rows": 1,
          "Plan Width": 8,
          "Actual Startup Time": 31.002,
          "Actual Total Time": 35.218,
          "Actual Rows": 2,
          "Actual Loops": 1,
          "Workers Planned": 1,
          "Workers Launched": 1,
          "Single Copy": false,
          "Plans": [
            {
              "Node Type": "Aggregate",
              "Strategy": "Plain",
              "Partial Mode": "Partial",
              "Parent Relationship": "Outer",
              "Parallel Aware": false,
              "Startup Cost": 24718.91,
              "Total Cost": 24718.92,
              "Plan Rows": 1,
              "Plan Width": 8,
              "Actual Startup Time": 25.097,
              "Actual Total Time": 25.099,
              "Actual Rows": 1,
              "Actual Loops": 2,
              "Plans": [
                {
                  "Node Type": "Nested Loop",
                  "Parent Relationship": "Outer",
                  "Parallel Aware": false,
                  "Join Type": "Inner",
                  "Startup Cost": 75.04,
                  "Total Cost": 24716.95,
                  "Plan Rows": 784,
                  "Plan Width": 0,
                  "Actual Startup Time": 15.634,
                  "Actual Total Time": 25.066,
                  "Actual Rows": 192,
                  "Actual Loops": 2,
                  "Inner Unique": false,
                  "Plans": [
                    {
                      "Node Type": "Nested Loop",
                      "Parent Relationship": "Outer",
                      "Parallel Aware": false,
                      "Join Type": "Inner",
                      "Startup Cost": 74.47,
                      "Total Cost": 23471.51,
                      "Plan Rows": 113,
                      "Plan Width": 8,
                      "Actual Startup Time": 6.201,
                      "Actual Total Time": 24.106,
                      "Actual Rows": 12,
                      "Actual Loops": 2,
                      "Inner Unique": true,
                      "Plans": [
                        {
                          "Node Type": "Bitmap Heap Scan",
                          "Parent Relationship": "Outer",
                          "Parallel Aware": true,
                          "Relation Name": "movie_companies",
                          "Alias": "mc",
                          "Startup Cost": 74.04,
                          "Total Cost": 8585.64,
                          "Plan Rows": 1944,
                          "Plan Width": 4,
                          "Actual Startup Time": 2.259,
                          "Actual Total Time": 7.763,
                          "Actual Rows": 1764,
                          "Actual Loops": 2,
                          "Recheck Cond": "(company_id = 419)",
                          "Rows Removed by Index Recheck": 0,
                          "Exact Heap Blocks": 2078,
                          "Lossy Heap Blocks": 0,
                          "Plans": [
                            {
                              "Node Type": "Bitmap Index Scan",
                              "Parent Relationship": "Outer",
                              "Parallel Aware": false,
                              "Index Name": "company_id_movie_companies",
                              "Startup Cost": 0.0,
                              "Total Cost": 73.22,
                              "Plan Rows": 3305,
                              "Plan Width": 0,
                              "Actual Startup Time": 3.211,
                              "Actual Total Time": 3.211,
                              "Actual Rows": 3529,
                              "Actual Loops": 1,
                              "Index Cond": "(company_id = 419)"
                            }
                          ]
                        },
                        {
                          "Node Type": "Index Scan",
                          "Parent Relationship": "Inner",
                          "Parallel Aware": false,
                          "Scan Direction": "Forward",
                          "Index Name": "title_pkey",
                          "Relation Name": "title",
                          "Alias": "t",
                          "Startup Cost": 0.43,
                          "Total Cost": 7.66,
                          "Plan Rows": 1,
                          "Plan Width": 4,
                          "Actual Startup Time": 0.009,
                          "Actual Total Time": 0.009,
                          "Actual Rows": 0,
                          "Actual Loops": 3529,
                          "Index Cond": "(id = mc.movie_id)",
                          "Rows Removed by Index Recheck": 0,
                          "Filter": "((production_year < 1984) AND (kind_id = 1))",
                          "Rows Removed by Filter": 1
                        }
                      ]
                    },
                    {
                      "Node Type": "Index Scan",
                      "Parent Relationship": "Inner",
                      "Parallel Aware": false,
                      "Scan Direction": "Forward",
                      "Index Name": "movie_id_cast_info",
                      "Relation Name": "cast_info",
                      "Alias": "ci",
                      "Startup Cost": 0.56,
                      "Total Cost": 10.84,
                      "Plan Rows": 18,
                      "Plan Width": 4,
                      "Actual Startup Time": 0.03,
                      "Actual Total Time": 0.075,
                      "Actual Rows": 16,
                      "Actual Loops": 24,
                      "Index Cond": "(movie_id = t.id)",
                      "Rows Removed by Index Recheck": 0,
                      "Filter": "((person_id < 3332171) AND (role_id < 3))",
                      "Rows Removed by Filter": 9
                    }
                  ]
                }
              ]
            }
          ]
        }
      ]
    },
    "Planning Time": 1.43,
    "Triggers": [],
    "Execution Time": 35.321
  }
]