[
  {
    "Plan": {
      "Node Type": "Aggregate",
      "Strategy": "Plain",
      "Partial Mode": "Finalize",
      "Parallel Aware": false,
      "Startup Cost": 215125.04,
      "Total Cost": 215125.05,
      "Plan Rows": 1,
      "Plan Width": 8,
      "Actual Startup Time": 134.723,
      "Actual Total Time": 157.332,
      "Actual Rows": 1,
      "Actual Loops": 1,
      "Plans": [
        {
          "Node Type": "Gather",
          "Parent Relationship": "Outer",
          "Parallel Aware": false,
          "Startup Cost": 215124.62,
          "Total Cost": 215125.03,
          "Plan Rows": 4,
          "Plan Width": 8,
          "Actual Startup Time": 134.521,
          "Actual Total Time": 157.321,
          "Actual Rows": 5,
          "Actual Loops": 1,
          "Workers Planned": 4,
          "Workers Launched": 4,
          "Single Copy": false,
          "Plans": [
            {
              "Node Type": "Aggregate",
              "Strategy": "Plain",
              "Partial Mode": "Partial",
              "Parent Relationship": "Outer",
              "Parallel Aware": false,
              "Startup Cost": 214124.62,
              "Total Cost": 214124.63,
              "Plan Rows": 1,
              "Plan Width": 8,
              "Actual Startup Time": 127.81,
              "Actual Total Time": 127.812,
              "Actual Rows": 1,
              "Actual Loops": 5,
              "Plans": [
                {
                  "Node Type": "Nested Loop",
                  "Parent Relationship": "Outer",
                  "Parallel Aware": false,
                  "Join Type": "Inner",
                  "Startup Cost": 0.43,
                  "Total Cost": 214113.16,
                  "Plan Rows": 4584,
                  "Plan Width": 0,
                  "Actual Startup Time": 0.697,
                  "Actual Total Time": 127.129,
                  "Actual Rows": 7373,
                  "Actual Loops": 5,
                  "Inner Unique": false,
                  "Plans": [
                    {
                      "Node Type": "Seq Scan",
                      "Parent Relationship": "Outer",
                      "Parallel Aware": true,
                      "Relation Name": "title",
                      "Alias": "t",
                      "Startup Cost": 0.0,
                      "Total Cost": 45479.59,
                      "Plan Rows": 1940,
                      "Plan Width": 4,
                      "Actual Startup Time": 0.541,
                      "Actual Total Time": 74.142,
                      "Actual Rows": 1570,
                      "Actual Loops": 5,
                      "Filter": "((kind_id < 7) AND (production_year = 1986))",
                      "Rows Removed by Filter": 504092
                    },
                    {
                      "Node Type": "Index Scan",
                      "Parent Relationship": "Inner",
                      "Parallel Aware": false,
                      "Scan Direction": "Forward",
                      "Index Name": "movie_id_movie_info",
                      "Relation Name": "movie_info",
                      "Alias": "mi",
                      "Startup Cost": 0.43,
                      "Total Cost": 86.75,
                      "Plan Rows": 17,
                      "Plan Width": 4,
                      "Actual Startup Time": 0.012,
                      "Actual Total Time": 0.033,
                      "Actual Rows": 5,
                      "Actual Loops": 7852,
                      "Index Cond": "(movie_id = t.id)",
                      "Rows Removed by Index Recheck": 0,
                      "Filter": "(info_type_id < 7)",
                      "Rows Removed by Filter": 6
                    }
                  ]
                }
              ]
            }
          ]
        }
      ]
    },
    "Planning Time": 0.628,
    "Triggers": [],
    "Execution Time": 157.372
  }
]