[
  {
    "Plan": {
      "Node Type": "Aggregate",
      "Strategy": "Plain",
      "Partial Mode": "Finalize",
      "Parallel Aware": false,
      "Startup Cost": 216837.57,
      "Total Cost": 216837.58,
      "Plan Rows": 1,
      "Plan Width": 8,
      "Actual Startup Time": 131.218,
      "Actual Total Time": 151.475,
      "Actual Rows": 1,
      "Actual Loops": 1,
      "Plans": [
        {
          "Node Type": "Gather",
          "Parent Relationship": "Outer",
          "Parallel Aware": false,
          "Startup Cost": 216837.15,
          "Total Cost": 216837.56,
          "Plan Rows": 4,
          "Plan Width": 8,
          "Actual Startup Time": 131.094,
          "Actual Total Time": 151.465,
          "Actual Rows": 5,
          "Actual Loops": 1,
          "Workers Planned": 4,
          "Workers Launched": 4,
          "Single Copy": false,
          "Plans": [
            {
              "Node Type": "Aggregate",
              "Strategy": "Plain",
              "Partial Mode": "Partial",
              "Parent Relationship": "Outer",
              "Parallel Aware": false,
              "Startup Cost": 215837.15,
              "Total Cost": 215837.16,
              "Plan Rows": 1,
              "Plan Width": 8,
              "Actual Startup Time": 124.037,
              "Actual Total Time": 124.038,
              "Actual Rows": 1,
              "Actual Loops": 5,
              "Plans": [
                {
                  "Node Type": "Nested Loop",
                  "Parent Relationship": "Outer",
                  "Parallel Aware": false,
                  "Join Type": "Inner",
                  "Startup Cost": 0.43,
                  "Total Cost": 215825.25,
                  "Plan Rows": 4759,
                  "Plan Width": 0,
                  "Actual Startup Time": 0.911,
                  "Actual Total Time": 123.404,
                  "Actual Rows": 7373,
                  "Actual Loops": 5,
                  "Inner Unique": false,
                  "Plans": [
                    {
                      "Node Type": "Seq Scan",
                      "Parent Relationship": "Outer",
                      "Parallel Aware": true,
                      "Relation Name": "title",
                      "Alias": "t",
                      "Startup Cost": 0.0,
                      "Total Cost": 45479.1,
                      "Plan Rows": 2066,
                      "Plan Width": 4,
                      "Actual Startup Time": 0.739,
                      "Actual Total Time": 72.11,
                      "Actual Rows": 1570,
                      "Actual Loops": 5,
                      "Filter": "((kind_id < 7) AND (production_year = 1986))",
                      "Rows Removed by Filter": 504092
                    },
                    {
                      "Node Type": "Index Scan",
                      "Parent Relationship": "Inner",
                      "Parallel Aware": false,
                      "Scan Direction": "Forward",
                      "Index Name": "movie_id_movie_info",
                      "Relation Name": "movie_info",
                      "Alias": "mi",
                      "Startup Cost": 0.43,
                      "Total Cost": 82.28,
                      "Plan Rows": 17,
                      "Plan Width": 4,
                      "Actual Startup Time": 0.012,
                      "Actual Total Time": 0.032,
                      "Actual Rows": 5,
                      "Actual Loops": 7852,
                      "Index Cond": "(movie_id = t.id)",
                      "Rows Removed by Index Recheck": 0,
                      "Filter": "(info_type_id < 7)",
                      "Rows Removed by Filter": 6
                    }
                  ]
                }
              ]
            }
          ]
        }
      ]
    },
    "Planning Time": 0.453,
    "Triggers": [],
    "Execution Time": 151.537
  }
]