[
  {
    "Plan": {
      "Node Type": "Aggregate",
      "Strategy": "Plain",
      "Partial Mode": "Finalize",
      "Parallel Aware": false,
      "Startup Cost": 91050.41,
      "Total Cost": 91050.42,
      "Plan Rows": 1,
      "Plan Width": 8,
      "Actual Startup Time": 271.742,
      "Actual Total Time": 289.586,
      "Actual Rows": 1,
      "Actual Loops": 1,
      "Plans": [
        {
          "Node Type": "Gather",
          "Parent Relationship": "Outer",
          "Parallel Aware": false,
          "Startup Cost": 91050.1,
          "Total Cost": 91050.41,
          "Plan Rows": 3,
          "Plan Width": 8,
          "Actual Startup Time": 271.137,
          "Actual Total Time": 289.571,
          "Actual Rows": 4,
          "Actual Loops": 1,
          "Workers Planned": 3,
          "Workers Launched": 3,
          "Single Copy": false,
          "Plans": [
            {
              "Node Type": "Aggregate",
              "Strategy": "Plain",
              "Partial Mode": "Partial",
              "Parent Relationship": "Outer",
              "Parallel Aware": false,
              "Startup Cost": 90050.1,
              "Total Cost": 90050.11,
              "Plan Rows": 1,
              "Plan Width": 8,
              "Actual Startup Time": 262.384,
              "Actual Total Time": 262.388,
              "Actual Rows": 1,
              "Actual Loops": 4,
              "Plans": [
                {
                  "Node Type": "Hash Join",
                  "Parent Relationship": "Outer",
                  "Parallel Aware": true,
                  "Join Type": "Inner",
                  "Startup Cost": 45850.75,
                  "Total Cost": 89985.62,
                  "Plan Rows": 25790,
                  "Plan Width": 0,
                  "Actual Startup Time": 116.114,
                  "Actual Total Time": 261.986,
                  "Actual Rows": 7244,
                  "Actual Loops": 4,
                  "Inner Unique": true,
                  "Hash Cond": "(mk.movie_id = t.id)",
                  "Plans": [
                    {
                      "Node Type": "Seq Scan",
                      "Parent Relationship": "Outer",
                      "Parallel Aware": true,
                      "Relation Name": "movie_keyword",
                      "Alias": "mk",
                      "Startup Cost": 0.0,
                      "Total Cost": 42695.65,
                      "Plan Rows": 548274,
                      "Plan Width": 4,
                      "Actual Startup Time": 0.544,
                      "Actual Total Time": 105.755,
                      "Actual Rows": 426584,
                      "Actual Loops": 4,
                      "Filter": "(keyword_id > 8430)",
                      "Rows Removed by Filter": 704399
                    },
                    {
                      "Node Type": "Hash",
                      "Parent Relationship": "Inner",
                      "Parallel Aware": true,
                      "Startup Cost": 45479.1,
                      "Total Cost": 45479.1,
                      "Plan Rows": 29732,
                      "Plan Width": 4,
                      "Actual Startup Time": 113.276,
                      "Actual Total Time": 113.277,
                      "Actual Rows": 30652,
                      "Actual Loops": 4,
                      "Hash Buckets": 131072,
                      "Original Hash Buckets": 131072,
                      "Hash Batches": 1,
                      "Original Hash Batches": 1,
                      "Peak Memory Usage": 5888,
                      "Plans": [
                        {
                          "Node Type": "Seq Scan",
                          "Parent Relationship": "Outer",
                          "Parallel Aware": true,
                          "Relation Name": "title",
                          "Alias": "t",
                          "Startup Cost": 0.0,
                          "Total Cost": 45479.1,
                          "Plan Rows": 29732,
                          "Plan Width": 4,
                          "Actual Startup Time": 0.046,
                          "Actual Total Time": 101.062,
                          "Actual Rows": 30652,
                          "Actual Loops": 4,
                          "Filter": "((kind_id > 1) AND (production_year = 2011))",
                          "Rows Removed by Filter": 601426
                        }
                      ]
                    }
                  ]
                }
              ]
            }
          ]
        }
      ]
    },
    "Planning Time": 0.576,
    "Triggers": [],
    "Execution Time": 289.65
  }
]