[
  {
    "Plan": {
      "Node Type": "Aggregate",
      "Strategy": "Plain",
      "Partial Mode": "Finalize",
      "Parallel Aware": false,
      "Startup Cost": 46535.91,
      "Total Cost": 46535.92,
      "Plan Rows": 1,
      "Plan Width": 8,
      "Actual Startup Time": 157.447,
      "Actual Total Time": 163.315,
      "Actual Rows": 1,
      "Actual Loops": 1,
      "Plans": [
        {
          "Node Type": "Gather",
          "Parent Relationship": "Outer",
          "Parallel Aware": false,
          "Startup Cost": 46535.59,
          "Total Cost": 46535.9,
          "Plan Rows": 3,
          "Plan Width": 8,
          "Actual Startup Time": 157.362,
          "Actual Total Time": 163.309,
          "Actual Rows": 4,
          "Actual Loops": 1,
          "Workers Planned": 3,
          "Workers Launched": 3,
          "Single Copy": false,
          "Plans": [
            {
              "Node Type": "Aggregate",
              "Strategy": "Plain",
              "Partial Mode": "Partial",
              "Parent Relationship": "Outer",
              "Parallel Aware": false,
              "Startup Cost": 45535.59,
              "Total Cost": 45535.6,
              "Plan Rows": 1,
              "Plan Width": 8,
              "Actual Startup Time": 154.059,
              "Actual Total Time": 154.06,
              "Actual Rows": 1,
              "Actual Loops": 4,
              "Plans": [
                {
                  "Node Type": "Seq Scan",
                  "Parent Relationship": "Outer",
                  "Parallel Aware": true,
                  "Relation Name": "movie_keyword",
                  "Alias": "mk",
                  "Startup Cost": 0.0,
                  "Total Cost": 42695.65,
                  "Plan Rows": 1135976,
                  "Plan Width": 0,
                  "Actual Startup Time": 0.021,
                  "Actual Total Time": 113.059,
                  "Actual Rows": 885995,
                  "Actual Loops": 4,
                  "Filter": "(keyword_id < 18986)",
                  "Rows Removed by Filter": 244987
                }
              ]
            }
          ]
        }
      ]
    },
    "Planning Time": 0.071,
    "Triggers": [],
    "Execution Time": 163.339
  }
]