{
  "Plan": {
    "Node Type": "Aggregate",
    "Strategy": "Plain",
    "Partial Mode": "Finalize",
    "Parallel Aware": false,
    "Startup Cost": 148195.41,
    "Total Cost": 148195.42,
    "Plan Rows": 1,
    "Plan Width": 8,
    "Actual Startup Time": 304.25,
    "Actual Total Time": 317.806,
    "Actual Rows": 1,
    "Actual Loops": 1,
    "Plans": [
      {
        "Node Type": "Gather",
        "Parent Relationship": "Outer",
        "Parallel Aware": false,
        "Startup Cost": 148195.3,
        "Total Cost": 148195.41,
        "Plan Rows": 1,
        "Plan Width": 8,
        "Actual Startup Time": 304.034,
        "Actual Total Time": 317.798,
        "Actual Rows": 2,
        "Actual Loops": 1,
        "Workers Planned": 1,
        "Workers Launched": 1,
        "Single Copy": false,
        "Plans": [
          {
            "Node Type": "Aggregate",
            "Strategy": "Plain",
            "Partial Mode": "Partial",
            "Parent Relationship": "Outer",
            "Parallel Aware": false,
            "Startup Cost": 147195.3,
            "Total Cost": 147195.31,
            "Plan Rows": 1,
            "Plan Width": 8,
            "Actual Startup Time": 297.622,
            "Actual Total Time": 297.627,
            "Actual Rows": 1,
            "Actual Loops": 2,
            "Plans": [
              {
                "Node Type": "Nested Loop",
                "Parent Relationship": "Outer",
                "Parallel Aware": false,
                "Join Type": "Inner",
                "Startup Cost": 53710.75,
                "Total Cost": 147192.87,
                "Plan Rows": 971,
                "Plan Width": 0,
                "Actual Startup Time": 95.12,
                "Actual Total Time": 297.218,
                "Actual Rows": 8410,
                "Actual Loops": 2,
                "Inner Unique": false,
                "Join Filter": "(t.id = mk.movie_id)",
                "Rows Removed by Join Filter": 0,
                "Plans": [
                  {
                    "Node Type": "Hash Join",
                    "Parent Relationship": "Outer",
                    "Parallel Aware": true,
                    "Join Type": "Inner",
                    "Startup Cost": 53710.32,
                    "Total Cost": 146022.1,
                    "Plan Rows": 542,
                    "Plan Width": 8,
                    "Actual Startup Time": 95.047,
                    "Actual Total Time": 289.136,
                    "Actual Rows": 484,
                    "Actual Loops": 2,
                    "Inner Unique": true,
                    "Hash Cond": "(ci.movie_id = t.id)",
                    "Plans": [
                      {
                        "Node Type": "Index Scan",
                        "Parent Relationship": "Outer",
                        "Parallel Aware": true,
                        "Scan Direction": "Forward",
                        "Index Name": "role_id_cast_info",
                        "Relation Name": "cast_info",
                        "Alias": "ci",
                        "Startup Cost": 0.56,
                        "Total Cost": 91565.57,
                        "Plan Rows": 284489,
                        "Plan Width": 4,
                        "Actual Startup Time": 0.23,
                        "Actual Total Time": 176.494,
                        "Actual Rows": 219846,
                        "Actual Loops": 2,
                        "Index Cond": "(role_id = 4)",
                        "Rows Removed by Index Recheck": 0,
                        "Filter": "(person_id < 611778)",
                        "Rows Removed by Filter": 1144626
                      },
                      {
                        "Node Type": "Hash",
                        "Parent Relationship": "Inner",
                        "Parallel Aware": true,
                        "Startup Cost": 53674.31,
                        "Total Cost": 53674.31,
                        "Plan Rows": 2835,
                        "Plan Width": 4,
                        "Actual Startup Time": 93.677,
                        "Actual Total Time": 93.679,
                        "Actual Rows": 2341,
                        "Actual Loops": 2,
                        "Hash Buckets": 8192,
                        "Original Hash Buckets": 8192,
                        "Hash Batches": 1,
                        "Original Hash Batches": 1,
                        "Peak Memory Usage": 288,
                        "Plans": [
                          {
                            "Node Type": "Bitmap Heap Scan",
                            "Parent Relationship": "Outer",
                            "Parallel Aware": true,
                            "Relation Name": "title",
                            "Alias": "t",
                            "Startup Cost": 11824.06,
                            "Total Cost": 53674.31,
                            "Plan Rows": 2835,
                            "Plan Width": 4,
                            "Actual Startup Time": 35.119,
                            "Actual Total Time": 92.79,
                            "Actual Rows": 2341,
                            "Actual Loops": 2,
                            "Recheck Cond": "(kind_id = 1)",
                            "Rows Removed by Index Recheck": 0,
                            "Filter": "(production_year = 1987)",
                            "Rows Removed by Filter": 329072,
                            "Exact Heap Blocks": 9460,
                            "Lossy Heap Blocks": 0,
                            "Plans": [
                              {
                                "Node Type": "Bitmap Index Scan",
                                "Parent Relationship": "Outer",
                                "Parallel Aware": false,
                                "Index Name": "kind_id_title",
                                "Startup Cost": 0.0,
                                "Total Cost": 11822.85,
                                "Plan Rows": 663256,
                                "Plan Width": 0,
                                "Actual Startup Time": 38.267,
                                "Actual Total Time": 38.267,
                                "Actual Rows": 662825,
                                "Actual Loops": 1,
                                "Index Cond": "(kind_id = 1)"
                              }
                            ]
                          }
                        ]
                      }
                    ]
                  },
                  {
                    "Node Type": "Index Only Scan",
                    "Parent Relationship": "Inner",
                    "Parallel Aware": false,
                    "Scan Direction": "Forward",
                    "Index Name": "movie_id_movie_keyword",
                    "Relation Name": "movie_keyword",
                    "Alias": "mk",
                    "Startup Cost": 0.43,
                    "Total Cost": 1.6,
                    "Plan Rows": 45,
                    "Plan Width": 4,
                    "Actual Startup Time": 0.012,
                    "Actual Total Time": 0.015,
                    "Actual Rows": 17,
                    "Actual Loops": 968,
                    "Index Cond": "(movie_id = ci.movie_id)",
                    "Rows Removed by Index Recheck": 0,
                    "Heap Fetches": 16820
                  }
                ]
              }
            ]
          }
        ]
      }
    ]
  },
  "Planning Time": 4.41,
  "Triggers": [],
  "Execution Time": 317.918
}