{
  "Plan": {
    "Node Type": "Aggregate",
    "Strategy": "Plain",
    "Partial Mode": "Finalize",
    "Parallel Aware": false,
    "Startup Cost": 174499.43,
    "Total Cost": 174499.44,
    "Plan Rows": 1,
    "Plan Width": 8,
    "Actual Startup Time": 1032.402,
    "Actual Total Time": 1052.04,
    "Actual Rows": 1,
    "Actual Loops": 1,
    "Plans": [
      {
        "Node Type": "Gather",
        "Parent Relationship": "Outer",
        "Parallel Aware": false,
        "Startup Cost": 174499.32,
        "Total Cost": 174499.43,
        "Plan Rows": 1,
        "Plan Width": 8,
        "Actual Startup Time": 1028.721,
        "Actual Total Time": 1052.029,
        "Actual Rows": 2,
        "Actual Loops": 1,
        "Workers Planned": 1,
        "Workers Launched": 1,
        "Single Copy": false,
        "Plans": [
          {
            "Node Type": "Aggregate",
            "Strategy": "Plain",
            "Partial Mode": "Partial",
            "Parent Relationship": "Outer",
            "Parallel Aware": false,
            "Startup Cost": 173499.32,
            "Total Cost": 173499.33,
            "Plan Rows": 1,
            "Plan Width": 8,
            "Actual Startup Time": 1023.145,
            "Actual Total Time": 1023.689,
            "Actual Rows": 1,
            "Actual Loops": 2,
            "Plans": [
              {
                "Node Type": "Hash Join",
                "Parent Relationship": "Outer",
                "Parallel Aware": true,
                "Join Type": "Inner",
                "Startup Cost": 109278.82,
                "Total Cost": 172552.12,
                "Plan Rows": 378878,
                "Plan Width": 0,
                "Actual Startup Time": 622.619,
                "Actual Total Time": 1016.381,
                "Actual Rows": 144112,
                "Actual Loops": 2,
                "Inner Unique": false,
                "Hash Cond": "(mk.movie_id = t.id)",
                "Plans": [
                  {
                    "Node Type": "Seq Scan",
                    "Parent Relationship": "Outer",
                    "Parallel Aware": true,
                    "Relation Name": "movie_keyword",
                    "Alias": "mk",
                    "Startup Cost": 0.0,
                    "Total Cost": 51065.35,
                    "Plan Rows": 2661135,
                    "Plan Width": 4,
                    "Actual Startup Time": 0.018,
                    "Actual Total Time": 187.879,
                    "Actual Rows": 2261965,
                    "Actual Loops": 2
                  },
                  {
                    "Node Type": "Hash",
                    "Parent Relationship": "Inner",
                    "Parallel Aware": true,
                    "Startup Cost": 106632.02,
                    "Total Cost": 106632.02,
                    "Plan Rows": 211744,
                    "Plan Width": 8,
                    "Actual Startup Time": 616.794,
                    "Actual Total Time": 617.336,
                    "Actual Rows": 74306,
                    "Actual Loops": 2,
                    "Hash Buckets": 524288,
                    "Original Hash Buckets": 524288,
                    "Hash Batches": 1,
                    "Original Hash Batches": 1,
                    "Peak Memory Usage": 9952,
                    "Plans": [
                      {
                        "Node Type": "Hash Join",
                        "Parent Relationship": "Outer",
                        "Parallel Aware": true,
                        "Join Type": "Inner",
                        "Startup Cost": 67537.92,
                        "Total Cost": 106632.02,
                        "Plan Rows": 211744,
                        "Plan Width": 8,
                        "Actual Startup Time": 438.437,
                        "Actual Total Time": 596.191,
                        "Actual Rows": 74306,
                        "Actual Loops": 2,
                        "Inner Unique": true,
                        "Hash Cond": "(mc.movie_id = t.id)",
                        "Plans": [
                          {
                            "Node Type": "Seq Scan",
                            "Parent Relationship": "Outer",
                            "Parallel Aware": true,
                            "Relation Name": "movie_companies",
                            "Alias": "mc",
                            "Startup Cost": 0.0,
                            "Total Cost": 37974.77,
                            "Plan Rows": 426413,
                            "Plan Width": 4,
                            "Actual Startup Time": 25.122,
                            "Actual Total Time": 118.208,
                            "Actual Rows": 369511,
                            "Actual Loops": 2,
                            "Filter": "(company_id > 38888)",
                            "Rows Removed by Filter": 935054
                          },
                          {
                            "Node Type": "Hash",
                            "Parent Relationship": "Inner",
                            "Parallel Aware": true,
                            "Startup Cost": 58306.47,
                            "Total Cost": 58306.47,
                            "Plan Rows": 738516,
                            "Plan Width": 4,
                            "Actual Startup Time": 364.428,
                            "Actual Total Time": 364.428,
                            "Actual Rows": 610767,
                            "Actual Loops": 2,
                            "Hash Buckets": 2097152,
                            "Original Hash Buckets": 2097152,
                            "Hash Batches": 1,
                            "Original Hash Batches": 1,
                            "Peak Memory Usage": 64192,
                            "Plans": [
                              {
                                "Node Type": "Seq Scan",
                                "Parent Relationship": "Outer",
                                "Parallel Aware": true,
                                "Relation Name": "title",
                                "Alias": "t",
                                "Startup Cost": 0.0,
                                "Total Cost": 58306.47,
                                "Plan Rows": 738516,
                                "Plan Width": 4,
                                "Actual Startup Time": 0.051,
                                "Actual Total Time": 184.319,
                                "Actual Rows": 610767,
                                "Actual Loops": 2,
                                "Filter": "((production_year < 2011) AND (kind_id = 7))",
                                "Rows Removed by Filter": 653389
                              }
                            ]
                          }
                        ]
                      }
                    ]
                  }
                ]
              }
            ]
          }
        ]
      }
    ]
  },
  "Planning Time": 0.962,
  "Triggers": [],
  "Execution Time": 1052.124
}