[
    {
        "Bao": {
            "Bao prediction": "NaN",
            "Bao recommended hint": "(no hint)"
        }
    },
    {
        "Plan": {
            "Node Type": "Aggregate",
            "Strategy": "Plain",
            "Partial Mode": "Finalize",
            "Parallel Aware": false,
            "Startup Cost": 33191.12,
            "Total Cost": 33191.13,
            "Plan Rows": 1,
            "Plan Width": 8,
            "Actual Startup Time": 88.911,
            "Actual Total Time": 94.577,
            "Actual Rows": 1,
            "Actual Loops": 1,
            "Output": [
                "count(*)"
            ],
            "Plans": [
                {
                    "Node Type": "Gather",
                    "Parent Relationship": "Outer",
                    "Parallel Aware": false,
                    "Startup Cost": 33190.81,
                    "Total Cost": 33191.12,
                    "Plan Rows": 3,
                    "Plan Width": 8,
                    "Actual Startup Time": 88.772,
                    "Actual Total Time": 94.569,
                    "Actual Rows": 4,
                    "Actual Loops": 1,
                    "Output": [
                        "(PARTIAL count(*))"
                    ],
                    "Workers Planned": 3,
                    "Workers Launched": 3,
                    "Single Copy": false,
                    "Plans": [
                        {
                            "Node Type": "Aggregate",
                            "Strategy": "Plain",
                            "Partial Mode": "Partial",
                            "Parent Relationship": "Outer",
                            "Parallel Aware": false,
                            "Startup Cost": 32190.81,
                            "Total Cost": 32190.82,
                            "Plan Rows": 1,
                            "Plan Width": 8,
                            "Actual Startup Time": 80.331,
                            "Actual Total Time": 80.332,
                            "Actual Rows": 1,
                            "Actual Loops": 4,
                            "Output": [
                                "PARTIAL count(*)"
                            ],
                            "Workers": [
                                {
                                    "Worker Number": 0,
                                    "Actual Startup Time": 77.558,
                                    "Actual Total Time": 77.559,
                                    "Actual Rows": 1,
                                    "Actual Loops": 1
                                },
                                {
                                    "Worker Number": 1,
                                    "Actual Startup Time": 77.57,
                                    "Actual Total Time": 77.571,
                                    "Actual Rows": 1,
                                    "Actual Loops": 1
                                },
                                {
                                    "Worker Number": 2,
                                    "Actual Startup Time": 77.926,
                                    "Actual Total Time": 77.927,
                                    "Actual Rows": 1,
                                    "Actual Loops": 1
                                }
                            ],
                            "Plans": [
                                {
                                    "Node Type": "Seq Scan",
                                    "Parent Relationship": "Outer",
                                    "Parallel Aware": true,
                                    "Relation Name": "movie_companies",
                                    "Schema": "public",
                                    "Alias": "mc",
                                    "Startup Cost": 0.0,
                                    "Total Cost": 31414.82,
                                    "Plan Rows": 310395,
                                    "Plan Width": 0,
                                    "Actual Startup Time": 42.405,
                                    "Actual Total Time": 73.663,
                                    "Actual Rows": 163568,
                                    "Actual Loops": 4,
                                    "Output": [
                                        "id",
                                        "movie_id",
                                        "company_id",
                                        "company_type_id",
                                        "note"
                                    ],
                                    "Filter": "((mc.company_id < 42107) AND (mc.company_type_id = 2))",
                                    "Rows Removed by Filter": 488714,
                                    "Workers": [
                                        {
                                            "Worker Number": 0,
                                            "Actual Startup Time": 39.638,
                                            "Actual Total Time": 71.186,
                                            "Actual Rows": 154625,
                                            "Actual Loops": 1
                                        },
                                        {
                                            "Worker Number": 1,
                                            "Actual Startup Time": 39.635,
                                            "Actual Total Time": 71.177,
                                            "Actual Rows": 155142,
                                            "Actual Loops": 1
                                        },
                                        {
                                            "Worker Number": 2,
                                            "Actual Startup Time": 40.002,
                                            "Actual Total Time": 71.473,
                                            "Actual Rows": 156222,
                                            "Actual Loops": 1
                                        }
                                    ]
                                }
                            ]
                        }
                    ]
                }
            ]
        },
        "Planning Time": 198.982,
        "Triggers": [],
        "Execution Time": 94.657
    }
]