[
  {
    "Plan": {
      "Node Type": "Aggregate",
      "Strategy": "Plain",
      "Partial Mode": "Finalize",
      "Parallel Aware": false,
      "Startup Cost": 94223.64,
      "Total Cost": 94223.65,
      "Plan Rows": 1,
      "Plan Width": 8,
      "Actual Startup Time": 480.178,
      "Actual Total Time": 496.33,
      "Actual Rows": 1,
      "Actual Loops": 1,
      "Plans": [
        {
          "Node Type": "Gather",
          "Parent Relationship": "Outer",
          "Parallel Aware": false,
          "Startup Cost": 94223.42,
          "Total Cost": 94223.63,
          "Plan Rows": 2,
          "Plan Width": 8,
          "Actual Startup Time": 477.213,
          "Actual Total Time": 496.32,
          "Actual Rows": 3,
          "Actual Loops": 1,
          "Workers Planned": 2,
          "Workers Launched": 2,
          "Single Copy": false,
          "Plans": [
            {
              "Node Type": "Aggregate",
              "Strategy": "Plain",
              "Partial Mode": "Partial",
              "Parent Relationship": "Outer",
              "Parallel Aware": false,
              "Startup Cost": 93223.42,
              "Total Cost": 93223.43,
              "Plan Rows": 1,
              "Plan Width": 8,
              "Actual Startup Time": 469.319,
              "Actual Total Time": 469.471,
              "Actual Rows": 1,
              "Actual Loops": 3,
              "Plans": [
                {
                  "Node Type": "Hash Join",
                  "Parent Relationship": "Outer",
                  "Parallel Aware": true,
                  "Join Type": "Inner",
                  "Startup Cost": 77212.35,
                  "Total Cost": 93149.36,
                  "Plan Rows": 29624,
                  "Plan Width": 0,
                  "Actual Startup Time": 363.322,
                  "Actual Total Time": 462.178,
                  "Actual Rows": 188277,
                  "Actual Loops": 3,
                  "Inner Unique": false,
                  "Hash Cond": "(mi_idx.movie_id = t.id)",
                  "Plans": [
                    {
                      "Node Type": "Seq Scan",
                      "Parent Relationship": "Outer",
                      "Parallel Aware": true,
                      "Relation Name": "movie_info_idx",
                      "Alias": "mi_idx",
                      "Startup Cost": 0.0,
                      "Total Cost": 13685.15,
                      "Plan Rows": 575015,
                      "Plan Width": 4,
                      "Actual Startup Time": 0.024,
                      "Actual Total Time": 34.314,
                      "Actual Rows": 460012,
                      "Actual Loops": 3
                    },
                    {
                      "Node Type": "Hash",
                      "Parent Relationship": "Inner",
                      "Parallel Aware": true,
                      "Startup Cost": 76687.14,
                      "Total Cost": 76687.14,
                      "Plan Rows": 42017,
                      "Plan Width": 8,
                      "Actual Startup Time": 361.006,
                      "Actual Total Time": 361.156,
                      "Actual Rows": 113385,
                      "Actual Loops": 3,
                      "Hash Buckets": 524288,
                      "Original Hash Buckets": 131072,
                      "Hash Batches": 1,
                      "Original Hash Batches": 1,
                      "Peak Memory Usage": 20544,
                      "Plans": [
                        {
                          "Node Type": "Hash Join",
                          "Parent Relationship": "Outer",
                          "Parallel Aware": true,
                          "Join Type": "Inner",
                          "Startup Cost": 46258.79,
                          "Total Cost": 76687.14,
                          "Plan Rows": 42017,
                          "Plan Width": 8,
                          "Actual Startup Time": 157.717,
                          "Actual Total Time": 323.492,
                          "Actual Rows": 113385,
                          "Actual Loops": 3,
                          "Inner Unique": true,
                          "Hash Cond": "(mc.movie_id = t.id)",
                          "Plans": [
                            {
                              "Node Type": "Seq Scan",
                              "Parent Relationship": "Outer",
                              "Parallel Aware": true,
                              "Relation Name": "movie_companies",
                              "Alias": "mc",
                              "Startup Cost": 0.0,
                              "Total Cost": 29310.68,
                              "Plan Rows": 425779,
                              "Plan Width": 4,
                              "Actual Startup Time": 0.016,
                              "Actual Total Time": 82.746,
                              "Actual Rows": 438186,
                              "Actual Loops": 3,
                              "Filter": "(company_id < 11361)",
                              "Rows Removed by Filter": 431524
                            },
                            {
                              "Node Type": "Hash",
                              "Parent Relationship": "Inner",
                              "Parallel Aware": true,
                              "Startup Cost": 45479.1,
                              "Total Cost": 45479.1,
                              "Plan Rows": 62375,
                              "Plan Width": 4,
                              "Actual Startup Time": 156.119,
                              "Actual Total Time": 156.12,
                              "Actual Rows": 121874,
                              "Actual Loops": 3,
                              "Hash Buckets": 524288,
                              "Original Hash Buckets": 262144,
                              "Hash Batches": 1,
                              "Original Hash Batches": 1,
                              "Peak Memory Usage": 20512,
                              "Plans": [
                                {
                                  "Node Type": "Seq Scan",
                                  "Parent Relationship": "Outer",
                                  "Parallel Aware": true,
                                  "Relation Name": "title",
                                  "Alias": "t",
                                  "Startup Cost": 0.0,
                                  "Total Cost": 45479.1,
                                  "Plan Rows": 62375,
                                  "Plan Width": 4,
                                  "Actual Startup Time": 0.08,
                                  "Actual Total Time": 115.253,
                                  "Actual Rows": 121874,
                                  "Actual Loops": 3,
                                  "Filter": "((kind_id < 7) AND (production_year < 1988))",
                                  "Rows Removed by Filter": 720896
                                }
                              ]
                            }
                          ]
                        }
                      ]
                    }
                  ]
                }
              ]
            }
          ]
        }
      ]
    },
    "Planning Time": 1.381,
    "Triggers": [],
    "Execution Time": 496.409
  }
]