[
  {
    "Plan": {
      "Node Type": "Aggregate",
      "Strategy": "Plain",
      "Partial Mode": "Finalize",
      "Parallel Aware": false,
      "Startup Cost": 81466.46,
      "Total Cost": 81466.47,
      "Plan Rows": 1,
      "Plan Width": 8,
      "Actual Startup Time": 383.105,
      "Actual Total Time": 400.857,
      "Actual Rows": 1,
      "Actual Loops": 1,
      "Plans": [
        {
          "Node Type": "Gather",
          "Parent Relationship": "Outer",
          "Parallel Aware": false,
          "Startup Cost": 81466.14,
          "Total Cost": 81466.45,
          "Plan Rows": 3,
          "Plan Width": 8,
          "Actual Startup Time": 380.272,
          "Actual Total Time": 400.843,
          "Actual Rows": 4,
          "Actual Loops": 1,
          "Workers Planned": 3,
          "Workers Launched": 3,
          "Single Copy": false,
          "Plans": [
            {
              "Node Type": "Aggregate",
              "Strategy": "Plain",
              "Partial Mode": "Partial",
              "Parent Relationship": "Outer",
              "Parallel Aware": false,
              "Startup Cost": 80466.14,
              "Total Cost": 80466.15,
              "Plan Rows": 1,
              "Plan Width": 8,
              "Actual Startup Time": 375.757,
              "Actual Total Time": 375.761,
              "Actual Rows": 1,
              "Actual Loops": 4,
              "Plans": [
                {
                  "Node Type": "Hash Join",
                  "Parent Relationship": "Outer",
                  "Parallel Aware": true,
                  "Join Type": "Inner",
                  "Startup Cost": 48124.15,
                  "Total Cost": 80242.03,
                  "Plan Rows": 89644,
                  "Plan Width": 0,
                  "Actual Startup Time": 213.086,
                  "Actual Total Time": 373.453,
                  "Actual Rows": 38723,
                  "Actual Loops": 4,
                  "Inner Unique": true,
                  "Hash Cond": "(mc.movie_id = t.id)",
                  "Plans": [
                    {
                      "Node Type": "Seq Scan",
                      "Parent Relationship": "Outer",
                      "Parallel Aware": true,
                      "Relation Name": "movie_companies",
                      "Alias": "mc",
                      "Startup Cost": 0.0,
                      "Total Cost": 31414.82,
                      "Plan Rows": 267834,
                      "Plan Width": 4,
                      "Actual Startup Time": 0.013,
                      "Actual Total Time": 87.127,
                      "Actual Rows": 288005,
                      "Actual Loops": 4,
                      "Filter": "((company_id < 21250) AND (company_type_id < 2))",
                      "Rows Removed by Filter": 364277
                    },
                    {
                      "Node Type": "Hash",
                      "Parent Relationship": "Inner",
                      "Parallel Aware": true,
                      "Startup Cost": 45479.59,
                      "Total Cost": 45479.59,
                      "Plan Rows": 211565,
                      "Plan Width": 4,
                      "Actual Startup Time": 210.035,
                      "Actual Total Time": 210.036,
                      "Actual Rows": 230411,
                      "Actual Loops": 4,
                      "Hash Buckets": 1048576,
                      "Original Hash Buckets": 1048576,
                      "Hash Batches": 1,
                      "Original Hash Batches": 1,
                      "Peak Memory Usage": 44320,
                      "Plans": [
                        {
                          "Node Type": "Seq Scan",
                          "Parent Relationship": "Outer",
                          "Parallel Aware": true,
                          "Relation Name": "title",
                          "Alias": "t",
                          "Startup Cost": 0.0,
                          "Total Cost": 45479.59,
                          "Plan Rows": 211565,
                          "Plan Width": 4,
                          "Actual Startup Time": 0.021,
                          "Actual Total Time": 123.381,
                          "Actual Rows": 230411,
                          "Actual Loops": 4,
                          "Filter": "((production_year > 2000) AND (kind_id = 7))",
                          "Rows Removed by Filter": 401667
                        }
                      ]
                    }
                  ]
                }
              ]
            }
          ]
        }
      ]
    },
    "Planning Time": 0.331,
    "Triggers": [],
    "Execution Time": 400.899
  }
]