[
  {
    "Plan": {
      "Node Type": "Aggregate",
      "Strategy": "Plain",
      "Partial Mode": "Finalize",
      "Parallel Aware": false,
      "Startup Cost": 346229.02,
      "Total Cost": 346229.03,
      "Plan Rows": 1,
      "Plan Width": 8,
      "Actual Startup Time": 647.983,
      "Actual Total Time": 696.533,
      "Actual Rows": 1,
      "Actual Loops": 1,
      "Plans": [
        {
          "Node Type": "Gather",
          "Parent Relationship": "Outer",
          "Parallel Aware": false,
          "Startup Cost": 346228.4,
          "Total Cost": 346229.01,
          "Plan Rows": 6,
          "Plan Width": 8,
          "Actual Startup Time": 647.808,
          "Actual Total Time": 696.521,
          "Actual Rows": 7,
          "Actual Loops": 1,
          "Workers Planned": 6,
          "Workers Launched": 6,
          "Single Copy": false,
          "Plans": [
            {
              "Node Type": "Aggregate",
              "Strategy": "Plain",
              "Partial Mode": "Partial",
              "Parent Relationship": "Outer",
              "Parallel Aware": false,
              "Startup Cost": 345228.4,
              "Total Cost": 345228.41,
              "Plan Rows": 1,
              "Plan Width": 8,
              "Actual Startup Time": 639.078,
              "Actual Total Time": 639.08,
              "Actual Rows": 1,
              "Actual Loops": 7,
              "Plans": [
                {
                  "Node Type": "Seq Scan",
                  "Parent Relationship": "Outer",
                  "Parallel Aware": true,
                  "Relation Name": "cast_info",
                  "Alias": "ci",
                  "Startup Cost": 0.0,
                  "Total Cost": 343316.27,
                  "Plan Rows": 764851,
                  "Plan Width": 0,
                  "Actual Startup Time": 345.785,
                  "Actual Total Time": 617.707,
                  "Actual Rows": 415476,
                  "Actual Loops": 7,
                  "Filter": "((person_id < 1020613) AND (role_id > 2))",
                  "Rows Removed by Filter": 4762287
                }
              ]
            }
          ]
        }
      ]
    },
    "Planning Time": 0.231,
    "Triggers": [],
    "Execution Time": 696.653
  }
]