[
  {
    "Plan": {
      "Node Type": "Aggregate",
      "Strategy": "Plain",
      "Partial Mode": "Finalize",
      "Parallel Aware": false,
      "Startup Cost": 427206.55,
      "Total Cost": 427206.56,
      "Plan Rows": 1,
      "Plan Width": 8,
      "Actual Startup Time": 1668.572,
      "Actual Total Time": 1734.227,
      "Actual Rows": 1,
      "Actual Loops": 1,
      "Plans": [
        {
          "Node Type": "Gather",
          "Parent Relationship": "Outer",
          "Parallel Aware": false,
          "Startup Cost": 427205.92,
          "Total Cost": 427206.53,
          "Plan Rows": 6,
          "Plan Width": 8,
          "Actual Startup Time": 1644.604,
          "Actual Total Time": 1734.212,
          "Actual Rows": 7,
          "Actual Loops": 1,
          "Workers Planned": 6,
          "Workers Launched": 6,
          "Single Copy": false,
          "Plans": [
            {
              "Node Type": "Aggregate",
              "Strategy": "Plain",
              "Partial Mode": "Partial",
              "Parent Relationship": "Outer",
              "Parallel Aware": false,
              "Startup Cost": 426205.92,
              "Total Cost": 426205.93,
              "Plan Rows": 1,
              "Plan Width": 8,
              "Actual Startup Time": 1629.292,
              "Actual Total Time": 1629.658,
              "Actual Rows": 1,
              "Actual Loops": 7,
              "Plans": [
                {
                  "Node Type": "Hash Join",
                  "Parent Relationship": "Outer",
                  "Parallel Aware": true,
                  "Join Type": "Inner",
                  "Startup Cost": 72596.5,
                  "Total Cost": 424401.56,
                  "Plan Rows": 721744,
                  "Plan Width": 0,
                  "Actual Startup Time": 409.209,
                  "Actual Total Time": 1558.53,
                  "Actual Rows": 1476087,
                  "Actual Loops": 7,
                  "Inner Unique": false,
                  "Hash Cond": "(ci.movie_id = t.id)",
                  "Plans": [
                    {
                      "Node Type": "Seq Scan",
                      "Parent Relationship": "Outer",
                      "Parallel Aware": true,
                      "Relation Name": "cast_info",
                      "Alias": "ci",
                      "Startup Cost": 0.0,
                      "Total Cost": 343257.03,
                      "Plan Rows": 1477536,
                      "Plan Width": 4,
                      "Actual Startup Time": 0.028,
                      "Actual Total Time": 654.522,
                      "Actual Rows": 1398971,
                      "Actual Loops": 7,
                      "Filter": "((person_id < 1006671) AND (role_id < 10))",
                      "Rows Removed by Filter": 3778793
                    },
                    {
                      "Node Type": "Hash",
                      "Parent Relationship": "Inner",
                      "Parallel Aware": true,
                      "Startup Cost": 66164.13,
                      "Total Cost": 66164.13,
                      "Plan Rows": 514590,
                      "Plan Width": 8,
                      "Actual Startup Time": 404.288,
                      "Actual Total Time": 404.653,
                      "Actual Rows": 181607,
                      "Actual Loops": 7,
                      "Hash Buckets": 2097152,
                      "Original Hash Buckets": 2097152,
                      "Hash Batches": 1,
                      "Original Hash Batches": 1,
                      "Peak Memory Usage": 66176,
                      "Plans": [
                        {
                          "Node Type": "Hash Join",
                          "Parent Relationship": "Outer",
                          "Parallel Aware": true,
                          "Join Type": "Inner",
                          "Startup Cost": 50969.57,
                          "Total Cost": 66164.13,
                          "Plan Rows": 514590,
                          "Plan Width": 8,
                          "Actual Startup Time": 249.138,
                          "Actual Total Time": 333.388,
                          "Actual Rows": 181607,
                          "Actual Loops": 7,
                          "Inner Unique": true,
                          "Hash Cond": "(mi_idx.movie_id = t.id)",
                          "Plans": [
                            {
                              "Node Type": "Seq Scan",
                              "Parent Relationship": "Outer",
                              "Parallel Aware": true,
                              "Relation Name": "movie_info_idx",
                              "Alias": "mi_idx",
                              "Startup Cost": 0.0,
                              "Total Cost": 13685.15,
                              "Plan Rows": 575015,
                              "Plan Width": 4,
                              "Actual Startup Time": 0.034,
                              "Actual Total Time": 21.41,
                              "Actual Rows": 197148,
                              "Actual Loops": 7
                            },
                            {
                              "Node Type": "Hash",
                              "Parent Relationship": "Inner",
                              "Parallel Aware": true,
                              "Startup Cost": 43898.92,
                              "Total Cost": 43898.92,
                              "Plan Rows": 565652,
                              "Plan Width": 4,
                              "Actual Startup Time": 245.142,
                              "Actual Total Time": 245.143,
                              "Actual Rows": 321889,
                              "Actual Loops": 7,
                              "Hash Buckets": 4194304,
                              "Original Hash Buckets": 4194304,
                              "Hash Batches": 1,
                              "Original Hash Batches": 1,
                              "Peak Memory Usage": 121056,
                              "Plans": [
                                {
                                  "Node Type": "Seq Scan",
                                  "Parent Relationship": "Outer",
                                  "Parallel Aware": true,
                                  "Relation Name": "title",
                                  "Alias": "t",
                                  "Startup Cost": 0.0,
                                  "Total Cost": 43898.92,
                                  "Plan Rows": 565652,
                                  "Plan Width": 4,
                                  "Actual Startup Time": 0.042,
                                  "Actual Total Time": 83.811,
                                  "Actual Rows": 321889,
                                  "Actual Loops": 7,
                                  "Filter": "(production_year > 1955)",
                                  "Rows Removed by Filter": 39299
                                }
                              ]
                            }
                          ]
                        }
                      ]
                    }
                  ]
                }
              ]
            }
          ]
        }
      ]
    },
    "Planning Time": 1.331,
    "Triggers": [],
    "Execution Time": 1734.322
  }
]