[
  {
    "Plan": {
      "Node Type": "Aggregate",
      "Strategy": "Plain",
      "Partial Mode": "Finalize",
      "Parallel Aware": false,
      "Startup Cost": 33063.04,
      "Total Cost": 33063.05,
      "Plan Rows": 1,
      "Plan Width": 8,
      "Actual Startup Time": 81.135,
      "Actual Total Time": 88.707,
      "Actual Rows": 1,
      "Actual Loops": 1,
      "Plans": [
        {
          "Node Type": "Gather",
          "Parent Relationship": "Outer",
          "Parallel Aware": false,
          "Startup Cost": 33062.72,
          "Total Cost": 33063.03,
          "Plan Rows": 3,
          "Plan Width": 8,
          "Actual Startup Time": 81.047,
          "Actual Total Time": 88.699,
          "Actual Rows": 4,
          "Actual Loops": 1,
          "Workers Planned": 3,
          "Workers Launched": 3,
          "Single Copy": false,
          "Plans": [
            {
              "Node Type": "Aggregate",
              "Strategy": "Plain",
              "Partial Mode": "Partial",
              "Parent Relationship": "Outer",
              "Parallel Aware": false,
              "Startup Cost": 32062.72,
              "Total Cost": 32062.73,
              "Plan Rows": 1,
              "Plan Width": 8,
              "Actual Startup Time": 77.422,
              "Actual Total Time": 77.423,
              "Actual Rows": 1,
              "Actual Loops": 4,
              "Plans": [
                {
                  "Node Type": "Seq Scan",
                  "Parent Relationship": "Outer",
                  "Parallel Aware": true,
                  "Relation Name": "movie_companies",
                  "Alias": "mc",
                  "Startup Cost": 0.0,
                  "Total Cost": 31414.82,
                  "Plan Rows": 259160,
                  "Plan Width": 0,
                  "Actual Startup Time": 37.094,
                  "Actual Total Time": 71.462,
                  "Actual Rows": 126094,
                  "Actual Loops": 4,
                  "Filter": "((company_id < 15550) AND (company_type_id > 1))",
                  "Rows Removed by Filter": 526189
                }
              ]
            }
          ]
        }
      ]
    },
    "Planning Time": 0.099,
    "Triggers": [],
    "Execution Time": 88.751
  }
]