[
  {
    "Plan": {
      "Node Type": "Aggregate",
      "Strategy": "Plain",
      "Partial Mode": "Finalize",
      "Parallel Aware": false,
      "Startup Cost": 33001.15,
      "Total Cost": 33001.16,
      "Plan Rows": 1,
      "Plan Width": 8,
      "Actual Startup Time": 93.468,
      "Actual Total Time": 101.246,
      "Actual Rows": 1,
      "Actual Loops": 1,
      "Plans": [
        {
          "Node Type": "Gather",
          "Parent Relationship": "Outer",
          "Parallel Aware": false,
          "Startup Cost": 33000.83,
          "Total Cost": 33001.14,
          "Plan Rows": 3,
          "Plan Width": 8,
          "Actual Startup Time": 93.362,
          "Actual Total Time": 101.237,
          "Actual Rows": 4,
          "Actual Loops": 1,
          "Workers Planned": 3,
          "Workers Launched": 3,
          "Single Copy": false,
          "Plans": [
            {
              "Node Type": "Aggregate",
              "Strategy": "Plain",
              "Partial Mode": "Partial",
              "Parent Relationship": "Outer",
              "Parallel Aware": false,
              "Startup Cost": 32000.83,
              "Total Cost": 32000.84,
              "Plan Rows": 1,
              "Plan Width": 8,
              "Actual Startup Time": 85.072,
              "Actual Total Time": 85.073,
              "Actual Rows": 1,
              "Actual Loops": 4,
              "Plans": [
                {
                  "Node Type": "Seq Scan",
                  "Parent Relationship": "Outer",
                  "Parallel Aware": true,
                  "Relation Name": "movie_companies",
                  "Alias": "mc",
                  "Startup Cost": 0.0,
                  "Total Cost": 31414.82,
                  "Plan Rows": 234404,
                  "Plan Width": 0,
                  "Actual Startup Time": 15.05,
                  "Actual Total Time": 79.003,
                  "Actual Rows": 127460,
                  "Actual Loops": 4,
                  "Filter": "((company_id > 8254) AND (company_type_id = 1))",
                  "Rows Removed by Filter": 524822
                }
              ]
            }
          ]
        }
      ]
    },
    "Planning Time": 0.194,
    "Triggers": [],
    "Execution Time": 101.298
  }
]