{
  "Plan": {
    "Node Type": "Aggregate",
    "Strategy": "Plain",
    "Partial Mode": "Finalize",
    "Parallel Aware": false,
    "Startup Cost": 298378.92,
    "Total Cost": 298378.93,
    "Plan Rows": 1,
    "Plan Width": 8,
    "Actual Startup Time": 1471.794,
    "Actual Total Time": 1507.68,
    "Actual Rows": 1,
    "Actual Loops": 1,
    "Plans": [
      {
        "Node Type": "Gather",
        "Parent Relationship": "Outer",
        "Parallel Aware": false,
        "Startup Cost": 298378.8,
        "Total Cost": 298378.91,
        "Plan Rows": 1,
        "Plan Width": 8,
        "Actual Startup Time": 1462.113,
        "Actual Total Time": 1507.672,
        "Actual Rows": 2,
        "Actual Loops": 1,
        "Workers Planned": 1,
        "Workers Launched": 1,
        "Single Copy": false,
        "Plans": [
          {
            "Node Type": "Aggregate",
            "Strategy": "Plain",
            "Partial Mode": "Partial",
            "Parent Relationship": "Outer",
            "Parallel Aware": false,
            "Startup Cost": 297378.8,
            "Total Cost": 297378.81,
            "Plan Rows": 1,
            "Plan Width": 8,
            "Actual Startup Time": 1449.905,
            "Actual Total Time": 1451.656,
            "Actual Rows": 1,
            "Actual Loops": 2,
            "Plans": [
              {
                "Node Type": "Hash Join",
                "Parent Relationship": "Outer",
                "Parallel Aware": true,
                "Join Type": "Inner",
                "Startup Cost": 128974.31,
                "Total Cost": 297189.28,
                "Plan Rows": 75810,
                "Plan Width": 0,
                "Actual Startup Time": 1273.713,
                "Actual Total Time": 1397.191,
                "Actual Rows": 1403613,
                "Actual Loops": 2,
                "Inner Unique": false,
                "Hash Cond": "(mi.movie_id = t.id)",
                "Plans": [
                  {
                    "Node Type": "Bitmap Heap Scan",
                    "Parent Relationship": "Outer",
                    "Parallel Aware": true,
                    "Relation Name": "movie_info",
                    "Alias": "mi",
                    "Startup Cost": 2803.64,
                    "Total Cost": 170231.34,
                    "Plan Rows": 91021,
                    "Plan Width": 4,
                    "Actual Startup Time": 6.093,
                    "Actual Total Time": 19.57,
                    "Actual Rows": 73744,
                    "Actual Loops": 2,
                    "Recheck Cond": "(info_type_id = 107)",
                    "Rows Removed by Index Recheck": 0,
                    "Exact Heap Blocks": 2425,
                    "Lossy Heap Blocks": 0,
                    "Plans": [
                      {
                        "Node Type": "Bitmap Index Scan",
                        "Parent Relationship": "Outer",
                        "Parallel Aware": false,
                        "Index Name": "info_type_id_movie_info",
                        "Startup Cost": 0.0,
                        "Total Cost": 2764.95,
                        "Plan Rows": 154736,
                        "Plan Width": 0,
                        "Actual Startup Time": 5.516,
                        "Actual Total Time": 5.517,
                        "Actual Rows": 147487,
                        "Actual Loops": 1,
                        "Index Cond": "(info_type_id = 107)"
                      }
                    ]
                  },
                  {
                    "Node Type": "Hash",
                    "Parent Relationship": "Inner",
                    "Parallel Aware": true,
                    "Startup Cost": 110687.04,
                    "Total Cost": 110687.04,
                    "Plan Rows": 1238691,
                    "Plan Width": 8,
                    "Actual Startup Time": 1245.204,
                    "Actual Total Time": 1246.954,
                    "Actual Rows": 1047520,
                    "Actual Loops": 2,
                    "Hash Buckets": 4194304,
                    "Original Hash Buckets": 4194304,
                    "Hash Batches": 1,
                    "Original Hash Batches": 1,
                    "Peak Memory Usage": 114752,
                    "Plans": [
                      {
                        "Node Type": "Hash Join",
                        "Parent Relationship": "Outer",
                        "Parallel Aware": true,
                        "Join Type": "Inner",
                        "Startup Cost": 69460.7,
                        "Total Cost": 110687.04,
                        "Plan Rows": 1238691,
                        "Plan Width": 8,
                        "Actual Startup Time": 512.592,
                        "Actual Total Time": 980.526,
                        "Actual Rows": 1047520,
                        "Actual Loops": 2,
                        "Inner Unique": true,
                        "Hash Cond": "(mc.movie_id = t.id)",
                        "Plans": [
                          {
                            "Node Type": "Seq Scan",
                            "Parent Relationship": "Outer",
                            "Parallel Aware": true,
                            "Relation Name": "movie_companies",
                            "Alias": "mc",
                            "Startup Cost": 0.0,
                            "Total Cost": 37974.77,
                            "Plan Rows": 1238691,
                            "Plan Width": 4,
                            "Actual Startup Time": 0.016,
                            "Actual Total Time": 135.597,
                            "Actual Rows": 1047520,
                            "Actual Loops": 2,
                            "Filter": "(company_id < 73644)",
                            "Rows Removed by Filter": 257044
                          },
                          {
                            "Node Type": "Hash",
                            "Parent Relationship": "Inner",
                            "Parallel Aware": true,
                            "Startup Cost": 50870.31,
                            "Total Cost": 50870.31,
                            "Plan Rows": 1487231,
                            "Plan Width": 4,
                            "Actual Startup Time": 500.227,
                            "Actual Total Time": 500.228,
                            "Actual Rows": 1264156,
                            "Actual Loops": 2,
                            "Hash Buckets": 4194304,
                            "Original Hash Buckets": 4194304,
                            "Hash Batches": 1,
                            "Original Hash Batches": 1,
                            "Peak Memory Usage": 131680,
                            "Plans": [
                              {
                                "Node Type": "Seq Scan",
                                "Parent Relationship": "Outer",
                                "Parallel Aware": true,
                                "Relation Name": "title",
                                "Alias": "t",
                                "Startup Cost": 0.0,
                                "Total Cost": 50870.31,
                                "Plan Rows": 1487231,
                                "Plan Width": 4,
                                "Actual Startup Time": 0.039,
                                "Actual Total Time": 155.239,
                                "Actual Rows": 1264156,
                                "Actual Loops": 2
                              }
                            ]
                          }
                        ]
                      }
                    ]
                  }
                ]
              }
            ]
          }
        ]
      }
    ]
  },
  "Planning Time": 0.698,
  "Triggers": [],
  "Execution Time": 1507.784
}