[
  {
    "Plan": {
      "Node Type": "Aggregate",
      "Strategy": "Plain",
      "Partial Mode": "Finalize",
      "Parallel Aware": false,
      "Startup Cost": 25160.85,
      "Total Cost": 25160.86,
      "Plan Rows": 1,
      "Plan Width": 8,
      "Actual Startup Time": 57.09,
      "Actual Total Time": 61.341,
      "Actual Rows": 1,
      "Actual Loops": 1,
      "Plans": [
        {
          "Node Type": "Gather",
          "Parent Relationship": "Outer",
          "Parallel Aware": false,
          "Startup Cost": 25160.54,
          "Total Cost": 25160.85,
          "Plan Rows": 3,
          "Plan Width": 8,
          "Actual Startup Time": 56.813,
          "Actual Total Time": 61.334,
          "Actual Rows": 4,
          "Actual Loops": 1,
          "Workers Planned": 3,
          "Workers Launched": 3,
          "Single Copy": false,
          "Plans": [
            {
              "Node Type": "Aggregate",
              "Strategy": "Plain",
              "Partial Mode": "Partial",
              "Parent Relationship": "Outer",
              "Parallel Aware": false,
              "Startup Cost": 24160.54,
              "Total Cost": 24160.55,
              "Plan Rows": 1,
              "Plan Width": 8,
              "Actual Startup Time": 48.174,
              "Actual Total Time": 48.175,
              "Actual Rows": 1,
              "Actual Loops": 4,
              "Plans": [
                {
                  "Node Type": "Bitmap Heap Scan",
                  "Parent Relationship": "Outer",
                  "Parallel Aware": true,
                  "Relation Name": "movie_companies",
                  "Alias": "mc",
                  "Startup Cost": 4390.36,
                  "Total Cost": 23997.17,
                  "Plan Rows": 65345,
                  "Plan Width": 0,
                  "Actual Startup Time": 17.021,
                  "Actual Total Time": 43.969,
                  "Actual Rows": 49245,
                  "Actual Loops": 4,
                  "Recheck Cond": "(company_id > 114441)",
                  "Rows Removed by Index Recheck": 0,
                  "Exact Heap Blocks": 2548,
                  "Lossy Heap Blocks": 0,
                  "Plans": [
                    {
                      "Node Type": "Bitmap Index Scan",
                      "Parent Relationship": "Outer",
                      "Parallel Aware": false,
                      "Index Name": "company_id_movie_companies",
                      "Startup Cost": 0.0,
                      "Total Cost": 4339.71,
                      "Plan Rows": 202571,
                      "Plan Width": 0,
                      "Actual Startup Time": 23.613,
                      "Actual Total Time": 23.613,
                      "Actual Rows": 196980,
                      "Actual Loops": 1,
                      "Index Cond": "(company_id > 114441)"
                    }
                  ]
                }
              ]
            }
          ]
        }
      ]
    },
    "Planning Time": 0.167,
    "Triggers": [],
    "Execution Time": 61.408
  }
]