{
  "Plan": {
    "Node Type": "Aggregate",
    "Strategy": "Plain",
    "Partial Mode": "Finalize",
    "Parallel Aware": false,
    "Startup Cost": 483960.08,
    "Total Cost": 483960.09,
    "Plan Rows": 1,
    "Plan Width": 8,
    "Actual Startup Time": 3915.492,
    "Actual Total Time": 3953.559,
    "Actual Rows": 1,
    "Actual Loops": 1,
    "Plans": [
      {
        "Node Type": "Gather",
        "Parent Relationship": "Outer",
        "Parallel Aware": false,
        "Startup Cost": 483959.97,
        "Total Cost": 483960.08,
        "Plan Rows": 1,
        "Plan Width": 8,
        "Actual Startup Time": 3912.965,
        "Actual Total Time": 3953.546,
        "Actual Rows": 2,
        "Actual Loops": 1,
        "Workers Planned": 1,
        "Workers Launched": 1,
        "Single Copy": false,
        "Plans": [
          {
            "Node Type": "Aggregate",
            "Strategy": "Plain",
            "Partial Mode": "Partial",
            "Parent Relationship": "Outer",
            "Parallel Aware": false,
            "Startup Cost": 482959.97,
            "Total Cost": 482959.98,
            "Plan Rows": 1,
            "Plan Width": 8,
            "Actual Startup Time": 3909.806,
            "Actual Total Time": 3909.812,
            "Actual Rows": 1,
            "Actual Loops": 2,
            "Plans": [
              {
                "Node Type": "Hash Join",
                "Parent Relationship": "Outer",
                "Parallel Aware": true,
                "Join Type": "Inner",
                "Startup Cost": 60789.07,
                "Total Cost": 477850.96,
                "Plan Rows": 2043601,
                "Plan Width": 0,
                "Actual Startup Time": 338.971,
                "Actual Total Time": 3792.105,
                "Actual Rows": 2372116,
                "Actual Loops": 2,
                "Inner Unique": true,
                "Hash Cond": "(ci.movie_id = t.id)",
                "Plans": [
                  {
                    "Node Type": "Index Scan",
                    "Parent Relationship": "Outer",
                    "Parallel Aware": true,
                    "Scan Direction": "Forward",
                    "Index Name": "role_id_cast_info",
                    "Relation Name": "cast_info",
                    "Alias": "ci",
                    "Startup Cost": 0.56,
                    "Total Cost": 400977.7,
                    "Plan Rows": 6127520,
                    "Plan Width": 4,
                    "Actual Startup Time": 0.069,
                    "Actual Total Time": 1182.882,
                    "Actual Rows": 6335344,
                    "Actual Loops": 2,
                    "Index Cond": "(role_id = 1)",
                    "Rows Removed by Index Recheck": 0,
                    "Filter": "(person_id < 3067636)",
                    "Rows Removed by Filter": 0
                  },
                  {
                    "Node Type": "Hash",
                    "Parent Relationship": "Inner",
                    "Parallel Aware": true,
                    "Startup Cost": 54588.39,
                    "Total Cost": 54588.39,
                    "Plan Rows": 496009,
                    "Plan Width": 4,
                    "Actual Startup Time": 333.832,
                    "Actual Total Time": 333.833,
                    "Actual Rows": 424570,
                    "Actual Loops": 2,
                    "Hash Buckets": 1048576,
                    "Original Hash Buckets": 1048576,
                    "Hash Batches": 1,
                    "Original Hash Batches": 1,
                    "Peak Memory Usage": 41440,
                    "Plans": [
                      {
                        "Node Type": "Seq Scan",
                        "Parent Relationship": "Outer",
                        "Parallel Aware": true,
                        "Relation Name": "title",
                        "Alias": "t",
                        "Startup Cost": 0.0,
                        "Total Cost": 54588.39,
                        "Plan Rows": 496009,
                        "Plan Width": 4,
                        "Actual Startup Time": 0.023,
                        "Actual Total Time": 185.508,
                        "Actual Rows": 424570,
                        "Actual Loops": 2,
                        "Filter": "(production_year < 1996)",
                        "Rows Removed by Filter": 839586
                      }
                    ]
                  }
                ]
              }
            ]
          }
        ]
      }
    ]
  },
  "Planning Time": 0.29,
  "Triggers": [],
  "Execution Time": 3953.622
}