[
  {
    "Plan": {
      "Node Type": "Aggregate",
      "Strategy": "Plain",
      "Partial Mode": "Finalize",
      "Parallel Aware": false,
      "Startup Cost": 32867.32,
      "Total Cost": 32867.33,
      "Plan Rows": 1,
      "Plan Width": 8,
      "Actual Startup Time": 75.5,
      "Actual Total Time": 82.848,
      "Actual Rows": 1,
      "Actual Loops": 1,
      "Plans": [
        {
          "Node Type": "Gather",
          "Parent Relationship": "Outer",
          "Parallel Aware": false,
          "Startup Cost": 32867.0,
          "Total Cost": 32867.31,
          "Plan Rows": 3,
          "Plan Width": 8,
          "Actual Startup Time": 75.345,
          "Actual Total Time": 82.839,
          "Actual Rows": 4,
          "Actual Loops": 1,
          "Workers Planned": 3,
          "Workers Launched": 3,
          "Single Copy": false,
          "Plans": [
            {
              "Node Type": "Aggregate",
              "Strategy": "Plain",
              "Partial Mode": "Partial",
              "Parent Relationship": "Outer",
              "Parallel Aware": false,
              "Startup Cost": 31867.0,
              "Total Cost": 31867.01,
              "Plan Rows": 1,
              "Plan Width": 8,
              "Actual Startup Time": 70.563,
              "Actual Total Time": 70.564,
              "Actual Rows": 1,
              "Actual Loops": 4,
              "Plans": [
                {
                  "Node Type": "Seq Scan",
                  "Parent Relationship": "Outer",
                  "Parallel Aware": true,
                  "Relation Name": "movie_companies",
                  "Alias": "mc",
                  "Startup Cost": 0.0,
                  "Total Cost": 31414.82,
                  "Plan Rows": 180873,
                  "Plan Width": 0,
                  "Actual Startup Time": 36.751,
                  "Actual Total Time": 66.742,
                  "Actual Rows": 87762,
                  "Actual Loops": 4,
                  "Filter": "((company_id < 7613) AND (company_type_id = 2))",
                  "Rows Removed by Filter": 564520
                }
              ]
            }
          ]
        }
      ]
    },
    "Planning Time": 0.1,
    "Triggers": [],
    "Execution Time": 82.875
  }
]