[
  {
    "Plan": {
      "Node Type": "Aggregate",
      "Strategy": "Plain",
      "Partial Mode": "Finalize",
      "Parallel Aware": false,
      "Startup Cost": 32318.48,
      "Total Cost": 32318.49,
      "Plan Rows": 1,
      "Plan Width": 8,
      "Actual Startup Time": 98.982,
      "Actual Total Time": 105.251,
      "Actual Rows": 1,
      "Actual Loops": 1,
      "Plans": [
        {
          "Node Type": "Gather",
          "Parent Relationship": "Outer",
          "Parallel Aware": false,
          "Startup Cost": 32318.16,
          "Total Cost": 32318.47,
          "Plan Rows": 3,
          "Plan Width": 8,
          "Actual Startup Time": 98.885,
          "Actual Total Time": 105.243,
          "Actual Rows": 4,
          "Actual Loops": 1,
          "Workers Planned": 3,
          "Workers Launched": 3,
          "Single Copy": false,
          "Plans": [
            {
              "Node Type": "Aggregate",
              "Strategy": "Plain",
              "Partial Mode": "Partial",
              "Parent Relationship": "Outer",
              "Parallel Aware": false,
              "Startup Cost": 31318.16,
              "Total Cost": 31318.17,
              "Plan Rows": 1,
              "Plan Width": 8,
              "Actual Startup Time": 95.999,
              "Actual Total Time": 96.0,
              "Actual Rows": 1,
              "Actual Loops": 4,
              "Plans": [
                {
                  "Node Type": "Seq Scan",
                  "Parent Relationship": "Outer",
                  "Parallel Aware": true,
                  "Relation Name": "movie_companies",
                  "Alias": "mc",
                  "Startup Cost": 0.0,
                  "Total Cost": 29310.68,
                  "Plan Rows": 802991,
                  "Plan Width": 0,
                  "Actual Startup Time": 0.011,
                  "Actual Total Time": 70.143,
                  "Actual Rows": 622896,
                  "Actual Loops": 4,
                  "Filter": "(company_id < 147700)",
                  "Rows Removed by Filter": 29386
                }
              ]
            }
          ]
        }
      ]
    },
    "Planning Time": 0.087,
    "Triggers": [],
    "Execution Time": 105.277
  }
]