{
  "Plan": {
    "Node Type": "Aggregate",
    "Strategy": "Plain",
    "Partial Mode": "Finalize",
    "Parallel Aware": false,
    "Startup Cost": 660195.15,
    "Total Cost": 660195.16,
    "Plan Rows": 1,
    "Plan Width": 8,
    "Actual Startup Time": 4050.841,
    "Actual Total Time": 4105.465,
    "Actual Rows": 1,
    "Actual Loops": 1,
    "Plans": [
      {
        "Node Type": "Gather",
        "Parent Relationship": "Outer",
        "Parallel Aware": false,
        "Startup Cost": 660195.04,
        "Total Cost": 660195.15,
        "Plan Rows": 1,
        "Plan Width": 8,
        "Actual Startup Time": 4049.106,
        "Actual Total Time": 4105.451,
        "Actual Rows": 2,
        "Actual Loops": 1,
        "Workers Planned": 1,
        "Workers Launched": 1,
        "Single Copy": false,
        "Plans": [
          {
            "Node Type": "Aggregate",
            "Strategy": "Plain",
            "Partial Mode": "Partial",
            "Parent Relationship": "Outer",
            "Parallel Aware": false,
            "Startup Cost": 659195.04,
            "Total Cost": 659195.05,
            "Plan Rows": 1,
            "Plan Width": 8,
            "Actual Startup Time": 4043.049,
            "Actual Total Time": 4043.471,
            "Actual Rows": 1,
            "Actual Loops": 2,
            "Plans": [
              {
                "Node Type": "Hash Join",
                "Parent Relationship": "Outer",
                "Parallel Aware": true,
                "Join Type": "Inner",
                "Startup Cost": 105608.53,
                "Total Cost": 656845.2,
                "Plan Rows": 939935,
                "Plan Width": 0,
                "Actual Startup Time": 368.389,
                "Actual Total Time": 3959.004,
                "Actual Rows": 1931252,
                "Actual Loops": 2,
                "Inner Unique": false,
                "Hash Cond": "(ci.movie_id = t.id)",
                "Plans": [
                  {
                    "Node Type": "Seq Scan",
                    "Parent Relationship": "Outer",
                    "Parallel Aware": true,
                    "Relation Name": "cast_info",
                    "Alias": "ci",
                    "Startup Cost": 0.0,
                    "Total Cost": 465792.95,
                    "Plan Rows": 21310595,
                    "Plan Width": 4,
                    "Actual Startup Time": 0.01,
                    "Actual Total Time": 1354.256,
                    "Actual Rows": 18122172,
                    "Actual Loops": 2
                  },
                  {
                    "Node Type": "Hash",
                    "Parent Relationship": "Inner",
                    "Parallel Aware": true,
                    "Startup Cost": 104788.58,
                    "Total Cost": 104788.58,
                    "Plan Rows": 65596,
                    "Plan Width": 8,
                    "Actual Startup Time": 366.221,
                    "Actual Total Time": 366.641,
                    "Actual Rows": 68087,
                    "Actual Loops": 2,
                    "Hash Buckets": 262144,
                    "Original Hash Buckets": 131072,
                    "Hash Batches": 1,
                    "Original Hash Batches": 1,
                    "Peak Memory Usage": 8448,
                    "Plans": [
                      {
                        "Node Type": "Hash Join",
                        "Parent Relationship": "Outer",
                        "Parallel Aware": true,
                        "Join Type": "Inner",
                        "Startup Cost": 62440.19,
                        "Total Cost": 104788.58,
                        "Plan Rows": 65596,
                        "Plan Width": 8,
                        "Actual Startup Time": 256.302,
                        "Actual Total Time": 349.866,
                        "Actual Rows": 68087,
                        "Actual Loops": 2,
                        "Inner Unique": true,
                        "Hash Cond": "(mc.movie_id = t.id)",
                        "Plans": [
                          {
                            "Node Type": "Index Scan",
                            "Parent Relationship": "Outer",
                            "Parallel Aware": true,
                            "Scan Direction": "Forward",
                            "Index Name": "company_type_id_movie_companies",
                            "Relation Name": "movie_companies",
                            "Alias": "mc",
                            "Startup Cost": 0.43,
                            "Total Cost": 41574.35,
                            "Plan Rows": 295036,
                            "Plan Width": 4,
                            "Actual Startup Time": 26.601,
                            "Actual Total Time": 87.668,
                            "Actual Rows": 100099,
                            "Actual Loops": 2,
                            "Index Cond": "(company_type_id < 2)",
                            "Rows Removed by Index Recheck": 0,
                            "Filter": "(company_id > 15586)",
                            "Rows Removed by Filter": 537024
                          },
                          {
                            "Node Type": "Hash",
                            "Parent Relationship": "Inner",
                            "Parallel Aware": true,
                            "Startup Cost": 58306.47,
                            "Total Cost": 58306.47,
                            "Plan Rows": 330663,
                            "Plan Width": 4,
                            "Actual Startup Time": 221.938,
                            "Actual Total Time": 221.94,
                            "Actual Rows": 320892,
                            "Actual Loops": 2,
                            "Hash Buckets": 1048576,
                            "Original Hash Buckets": 1048576,
                            "Hash Batches": 1,
                            "Original Hash Batches": 1,
                            "Peak Memory Usage": 33344,
                            "Plans": [
                              {
                                "Node Type": "Seq Scan",
                                "Parent Relationship": "Outer",
                                "Parallel Aware": true,
                                "Relation Name": "title",
                                "Alias": "t",
                                "Startup Cost": 0.0,
                                "Total Cost": 58306.47,
                                "Plan Rows": 330663,
                                "Plan Width": 4,
                                "Actual Startup Time": 0.03,
                                "Actual Total Time": 145.824,
                                "Actual Rows": 320892,
                                "Actual Loops": 2,
                                "Filter": "((kind_id < 7) AND (production_year < 2006))",
                                "Rows Removed by Filter": 943264
                              }
                            ]
                          }
                        ]
                      }
                    ]
                  }
                ]
              }
            ]
          }
        ]
      }
    ]
  },
  "Planning Time": 0.742,
  "Triggers": [],
  "Execution Time": 4105.555
}