[
  {
    "Plan": {
      "Node Type": "Aggregate",
      "Strategy": "Plain",
      "Partial Mode": "Finalize",
      "Parallel Aware": false,
      "Startup Cost": 47017.94,
      "Total Cost": 47017.95,
      "Plan Rows": 1,
      "Plan Width": 8,
      "Actual Startup Time": 170.679,
      "Actual Total Time": 180.332,
      "Actual Rows": 1,
      "Actual Loops": 1,
      "Plans": [
        {
          "Node Type": "Gather",
          "Parent Relationship": "Outer",
          "Parallel Aware": false,
          "Startup Cost": 47017.62,
          "Total Cost": 47017.93,
          "Plan Rows": 3,
          "Plan Width": 8,
          "Actual Startup Time": 170.565,
          "Actual Total Time": 180.325,
          "Actual Rows": 4,
          "Actual Loops": 1,
          "Workers Planned": 3,
          "Workers Launched": 3,
          "Single Copy": false,
          "Plans": [
            {
              "Node Type": "Aggregate",
              "Strategy": "Plain",
              "Partial Mode": "Partial",
              "Parent Relationship": "Outer",
              "Parallel Aware": false,
              "Startup Cost": 46017.62,
              "Total Cost": 46017.63,
              "Plan Rows": 1,
              "Plan Width": 8,
              "Actual Startup Time": 165.657,
              "Actual Total Time": 165.658,
              "Actual Rows": 1,
              "Actual Loops": 4,
              "Plans": [
                {
                  "Node Type": "Seq Scan",
                  "Parent Relationship": "Outer",
                  "Parallel Aware": true,
                  "Relation Name": "movie_keyword",
                  "Alias": "mk",
                  "Startup Cost": 0.0,
                  "Total Cost": 42695.65,
                  "Plan Rows": 1328788,
                  "Plan Width": 0,
                  "Actual Startup Time": 0.047,
                  "Actual Total Time": 121.307,
                  "Actual Rows": 1032705,
                  "Actual Loops": 4,
                  "Filter": "(keyword_id < 43848)",
                  "Rows Removed by Filter": 98277
                }
              ]
            }
          ]
        }
      ]
    },
    "Planning Time": 0.118,
    "Triggers": [],
    "Execution Time": 180.372
  }
]