{
  "Plan": {
    "Node Type": "Aggregate",
    "Strategy": "Plain",
    "Partial Mode": "Finalize",
    "Parallel Aware": false,
    "Startup Cost": 225607.82,
    "Total Cost": 225607.83,
    "Plan Rows": 1,
    "Plan Width": 8,
    "Actual Startup Time": 470.858,
    "Actual Total Time": 498.575,
    "Actual Rows": 1,
    "Actual Loops": 1,
    "Plans": [
      {
        "Node Type": "Gather",
        "Parent Relationship": "Outer",
        "Parallel Aware": false,
        "Startup Cost": 225607.71,
        "Total Cost": 225607.82,
        "Plan Rows": 1,
        "Plan Width": 8,
        "Actual Startup Time": 470.454,
        "Actual Total Time": 498.569,
        "Actual Rows": 2,
        "Actual Loops": 1,
        "Workers Planned": 1,
        "Workers Launched": 1,
        "Single Copy": false,
        "Plans": [
          {
            "Node Type": "Aggregate",
            "Strategy": "Plain",
            "Partial Mode": "Partial",
            "Parent Relationship": "Outer",
            "Parallel Aware": false,
            "Startup Cost": 224607.71,
            "Total Cost": 224607.72,
            "Plan Rows": 1,
            "Plan Width": 8,
            "Actual Startup Time": 464.109,
            "Actual Total Time": 464.114,
            "Actual Rows": 1,
            "Actual Loops": 2,
            "Plans": [
              {
                "Node Type": "Nested Loop",
                "Parent Relationship": "Outer",
                "Parallel Aware": false,
                "Join Type": "Inner",
                "Startup Cost": 31725.5,
                "Total Cost": 224404.67,
                "Plan Rows": 81217,
                "Plan Width": 0,
                "Actual Startup Time": 94.519,
                "Actual Total Time": 461.895,
                "Actual Rows": 33829,
                "Actual Loops": 2,
                "Inner Unique": false,
                "Plans": [
                  {
                    "Node Type": "Hash Join",
                    "Parent Relationship": "Outer",
                    "Parallel Aware": true,
                    "Join Type": "Inner",
                    "Startup Cost": 31725.07,
                    "Total Cost": 92368.71,
                    "Plan Rows": 68852,
                    "Plan Width": 8,
                    "Actual Startup Time": 94.452,
                    "Actual Total Time": 314.836,
                    "Actual Rows": 23581,
                    "Actual Loops": 2,
                    "Inner Unique": false,
                    "Hash Cond": "(t.id = mc.movie_id)",
                    "Plans": [
                      {
                        "Node Type": "Seq Scan",
                        "Parent Relationship": "Outer",
                        "Parallel Aware": true,
                        "Relation Name": "title",
                        "Alias": "t",
                        "Startup Cost": 0.0,
                        "Total Cost": 54588.39,
                        "Plan Rows": 904038,
                        "Plan Width": 4,
                        "Actual Startup Time": 0.012,
                        "Actual Total Time": 132.552,
                        "Actual Rows": 771632,
                        "Actual Loops": 2,
                        "Filter": "(kind_id = 7)",
                        "Rows Removed by Filter": 492524
                      },
                      {
                        "Node Type": "Hash",
                        "Parent Relationship": "Inner",
                        "Parallel Aware": true,
                        "Startup Cost": 30309.22,
                        "Total Cost": 30309.22,
                        "Plan Rows": 113268,
                        "Plan Width": 4,
                        "Actual Startup Time": 90.88,
                        "Actual Total Time": 90.882,
                        "Actual Rows": 43517,
                        "Actual Loops": 2,
                        "Hash Buckets": 262144,
                        "Original Hash Buckets": 262144,
                        "Hash Batches": 1,
                        "Original Hash Batches": 1,
                        "Peak Memory Usage": 5504,
                        "Plans": [
                          {
                            "Node Type": "Bitmap Heap Scan",
                            "Parent Relationship": "Outer",
                            "Parallel Aware": true,
                            "Relation Name": "movie_companies",
                            "Alias": "mc",
                            "Startup Cost": 8172.92,
                            "Total Cost": 30309.22,
                            "Plan Rows": 113268,
                            "Plan Width": 4,
                            "Actual Startup Time": 66.332,
                            "Actual Total Time": 82.09,
                            "Actual Rows": 43517,
                            "Actual Loops": 2,
                            "Recheck Cond": "(company_id < 225)",
                            "Rows Removed by Index Recheck": 0,
                            "Filter": "(company_type_id = 2)",
                            "Rows Removed by Filter": 144794,
                            "Exact Heap Blocks": 14280,
                            "Lossy Heap Blocks": 0,
                            "Plans": [
                              {
                                "Node Type": "Bitmap Index Scan",
                                "Parent Relationship": "Outer",
                                "Parallel Aware": false,
                                "Index Name": "company_id_movie_companies",
                                "Startup Cost": 0.0,
                                "Total Cost": 8124.78,
                                "Plan Rows": 379247,
                                "Plan Width": 0,
                                "Actual Startup Time": 29.225,
                                "Actual Total Time": 29.226,
                                "Actual Rows": 376622,
                                "Actual Loops": 1,
                                "Index Cond": "(company_id < 225)"
                              }
                            ]
                          }
                        ]
                      }
                    ]
                  },
                  {
                    "Node Type": "Index Scan",
                    "Parent Relationship": "Inner",
                    "Parallel Aware": false,
                    "Scan Direction": "Forward",
                    "Index Name": "movie_id_movie_info",
                    "Relation Name": "movie_info",
                    "Alias": "mi",
                    "Startup Cost": 0.43,
                    "Total Cost": 1.84,
                    "Plan Rows": 8,
                    "Plan Width": 4,
                    "Actual Startup Time": 0.004,
                    "Actual Total Time": 0.006,
                    "Actual Rows": 1,
                    "Actual Loops": 47162,
                    "Index Cond": "(movie_id = t.id)",
                    "Rows Removed by Index Recheck": 0,
                    "Filter": "(info_type_id = 16)",
                    "Rows Removed by Filter": 6
                  }
                ]
              }
            ]
          }
        ]
      }
    ]
  },
  "Planning Time": 1.134,
  "Triggers": [],
  "Execution Time": 498.684
}