{
  "Plan": {
    "Node Type": "Aggregate",
    "Strategy": "Plain",
    "Partial Mode": "Simple",
    "Parallel Aware": false,
    "Startup Cost": 324041.29,
    "Total Cost": 324041.3,
    "Plan Rows": 1,
    "Plan Width": 64,
    "Actual Startup Time": 58787.564,
    "Actual Total Time": 58787.569,
    "Actual Rows": 1,
    "Actual Loops": 1,
    "Plans": [
      {
        "Node Type": "Nested Loop",
        "Parent Relationship": "Outer",
        "Parallel Aware": false,
        "Join Type": "Inner",
        "Startup Cost": 3895.42,
        "Total Cost": 324040.85,
        "Plan Rows": 89,
        "Plan Width": 32,
        "Actual Startup Time": 187.396,
        "Actual Total Time": 58568.947,
        "Actual Rows": 1909633,
        "Actual Loops": 1,
        "Inner Unique": true,
        "Plans": [
          {
            "Node Type": "Nested Loop",
            "Parent Relationship": "Outer",
            "Parallel Aware": false,
            "Join Type": "Inner",
            "Startup Cost": 3894.99,
            "Total Cost": 323994.91,
            "Plan Rows": 89,
            "Plan Width": 36,
            "Actual Startup Time": 187.376,
            "Actual Total Time": 55969.923,
            "Actual Rows": 1925486,
            "Actual Loops": 1,
            "Inner Unique": false,
            "Join Filter": "(n.id = an.person_id)",
            "Rows Removed by Join Filter": 0,
            "Plans": [
              {
                "Node Type": "Nested Loop",
                "Parent Relationship": "Outer",
                "Parallel Aware": false,
                "Join Type": "Inner",
                "Startup Cost": 3894.56,
                "Total Cost": 323785.91,
                "Plan Rows": 413,
                "Plan Width": 44,
                "Actual Startup Time": 186.026,
                "Actual Total Time": 52061.636,
                "Actual Rows": 2917892,
                "Actual Loops": 1,
                "Inner Unique": true,
                "Plans": [
                  {
                    "Node Type": "Nested Loop",
                    "Parent Relationship": "Outer",
                    "Parallel Aware": false,
                    "Join Type": "Inner",
                    "Startup Cost": 3894.13,
                    "Total Cost": 322789.69,
                    "Plan Rows": 1806,
                    "Plan Width": 25,
                    "Actual Startup Time": 186.007,
                    "Actual Total Time": 47868.587,
                    "Actual Rows": 2918984,
                    "Actual Loops": 1,
                    "Inner Unique": true,
                    "Plans": [
                      {
                        "Node Type": "Nested Loop",
                        "Parent Relationship": "Outer",
                        "Parallel Aware": false,
                        "Join Type": "Inner",
                        "Startup Cost": 3893.71,
                        "Total Cost": 320568.88,
                        "Plan Rows": 4980,
                        "Plan Width": 29,
                        "Actual Startup Time": 185.98,
                        "Actual Total Time": 32952.72,
                        "Actual Rows": 11347551,
                        "Actual Loops": 1,
                        "Inner Unique": false,
                        "Join Filter": "(t.id = mc.movie_id)",
                        "Rows Removed by Join Filter": 0,
                        "Plans": [
                          {
                            "Node Type": "Hash Join",
                            "Parent Relationship": "Outer",
                            "Parallel Aware": false,
                            "Join Type": "Inner",
                            "Startup Cost": 3893.28,
                            "Total Cost": 317732.97,
                            "Plan Rows": 4826,
                            "Plan Width": 37,
                            "Actual Startup Time": 185.966,
                            "Actual Total Time": 29399.459,
                            "Actual Rows": 501009,
                            "Actual Loops": 1,
                            "Inner Unique": true,
                            "Hash Cond": "(ci.role_id = rt.id)",
                            "Plans": [
                              {
                                "Node Type": "Nested Loop",
                                "Parent Relationship": "Outer",
                                "Parallel Aware": false,
                                "Join Type": "Inner",
                                "Startup Cost": 3892.12,
                                "Total Cost": 317526.09,
                                "Plan Rows": 57916,
                                "Plan Width": 41,
                                "Actual Startup Time": 183.257,
                                "Actual Total Time": 29106.711,
                                "Actual Rows": 3075804,
                                "Actual Loops": 1,
                                "Inner Unique": false,
                                "Join Filter": "(t.id = ci.movie_id)",
                                "Rows Removed by Join Filter": 0,
                                "Plans": [
                                  {
                                    "Node Type": "Nested Loop",
                                    "Parent Relationship": "Outer",
                                    "Parallel Aware": false,
                                    "Join Type": "Inner",
                                    "Startup Cost": 3891.56,
                                    "Total Cost": 240065.22,
                                    "Plan Rows": 52670,
                                    "Plan Width": 25,
                                    "Actual Startup Time": 183.168,
                                    "Actual Total Time": 5988.256,
                                    "Actual Rows": 1283187,
                                    "Actual Loops": 1,
                                    "Inner Unique": true,
                                    "Plans": [
                                      {
                                        "Node Type": "Nested Loop",
                                        "Parent Relationship": "Outer",
                                        "Parallel Aware": false,
                                        "Join Type": "Inner",
                                        "Startup Cost": 3891.13,
                                        "Total Cost": 179379.16,
                                        "Plan Rows": 131318,
                                        "Plan Width": 4,
                                        "Actual Startup Time": 183.133,
                                        "Actual Total Time": 760.147,
                                        "Actual Rows": 3036719,
                                        "Actual Loops": 1,
                                        "Inner Unique": false,
                                        "Plans": [
                                          {
                                            "Node Type": "Seq Scan",
                                            "Parent Relationship": "Outer",
                                            "Parallel Aware": false,
                                            "Relation Name": "info_type",
                                            "Alias": "it",
                                            "Startup Cost": 0.0,
                                            "Total Cost": 2.41,
                                            "Plan Rows": 1,
                                            "Plan Width": 4,
                                            "Actual Startup Time": 0.021,
                                            "Actual Total Time": 0.031,
                                            "Actual Rows": 1,
                                            "Actual Loops": 1,
                                            "Filter": "((info)::text = 'release dates'::text)",
                                            "Rows Removed by Filter": 112
                                          },
                                          {
                                            "Node Type": "Bitmap Heap Scan",
                                            "Parent Relationship": "Inner",
                                            "Parallel Aware": false,
                                            "Relation Name": "movie_info",
                                            "Alias": "mi",
                                            "Startup Cost": 3891.13,
                                            "Total Cost": 177226.18,
                                            "Plan Rows": 215057,
                                            "Plan Width": 8,
                                            "Actual Startup Time": 183.098,
                                            "Actual Total Time": 498.006,
                                            "Actual Rows": 3036719,
                                            "Actual Loops": 1,
                                            "Recheck Cond": "(info_type_id = it.id)",
                                            "Rows Removed by Index Recheck": 0,
                                            "Exact Heap Blocks": 25448,
                                            "Lossy Heap Blocks": 0,
                                            "Plans": [
                                              {
                                                "Node Type": "Bitmap Index Scan",
                                                "Parent Relationship": "Outer",
                                                "Parallel Aware": false,
                                                "Index Name": "info_type_id_movie_info",
                                                "Startup Cost": 0.0,
                                                "Total Cost": 3837.36,
                                                "Plan Rows": 215057,
                                                "Plan Width": 0,
                                                "Actual Startup Time": 177.688,
                                                "Actual Total Time": 177.688,
                                                "Actual Rows": 3036719,
                                                "Actual Loops": 1,
                                                "Index Cond": "(info_type_id = it.id)"
                                              }
                                            ]
                                          }
                                        ]
                                      },
                                      {
                                        "Node Type": "Index Scan",
                                        "Parent Relationship": "Inner",
                                        "Parallel Aware": false,
                                        "Scan Direction": "Forward",
                                        "Index Name": "title_pkey",
                                        "Relation Name": "title",
                                        "Alias": "t",
                                        "Startup Cost": 0.43,
                                        "Total Cost": 0.46,
                                        "Plan Rows": 1,
                                        "Plan Width": 21,
                                        "Actual Startup Time": 0.002,
                                        "Actual Total Time": 0.002,
                                        "Actual Rows": 0,
                                        "Actual Loops": 3036719,
                                        "Index Cond": "(id = mi.movie_id)",
                                        "Rows Removed by Index Recheck": 0,
                                        "Filter": "(production_year > 2005)",
                                        "Rows Removed by Filter": 1
                                      }
                                    ]
                                  },
                                  {
                                    "Node Type": "Index Scan",
                                    "Parent Relationship": "Inner",
                                    "Parallel Aware": false,
                                    "Scan Direction": "Forward",
                                    "Index Name": "movie_id_cast_info",
                                    "Relation Name": "cast_info",
                                    "Alias": "ci",
                                    "Startup Cost": 0.56,
                                    "Total Cost": 1.43,
                                    "Plan Rows": 3,
                                    "Plan Width": 16,
                                    "Actual Startup Time": 0.009,
                                    "Actual Total Time": 0.018,
                                    "Actual Rows": 2,
                                    "Actual Loops": 1283187,
                                    "Index Cond": "(movie_id = mi.movie_id)",
                                    "Rows Removed by Index Recheck": 0,
                                    "Filter": "(note = ANY ('{(uncredited),(writer),(producer),\"(as Amanda and Antonella)\"}'::text[]))",
                                    "Rows Removed by Filter": 28
                                  }
                                ]
                              },
                              {
                                "Node Type": "Hash",
                                "Parent Relationship": "Inner",
                                "Parallel Aware": false,
                                "Startup Cost": 1.15,
                                "Total Cost": 1.15,
                                "Plan Rows": 1,
                                "Plan Width": 4,
                                "Actual Startup Time": 0.032,
                                "Actual Total Time": 0.032,
                                "Actual Rows": 1,
                                "Actual Loops": 1,
                                "Hash Buckets": 1024,
                                "Original Hash Buckets": 1024,
                                "Hash Batches": 1,
                                "Original Hash Batches": 1,
                                "Peak Memory Usage": 9,
                                "Plans": [
                                  {
                                    "Node Type": "Seq Scan",
                                    "Parent Relationship": "Outer",
                                    "Parallel Aware": false,
                                    "Relation Name": "role_type",
                                    "Alias": "rt",
                                    "Startup Cost": 0.0,
                                    "Total Cost": 1.15,
                                    "Plan Rows": 1,
                                    "Plan Width": 4,
                                    "Actual Startup Time": 0.021,
                                    "Actual Total Time": 0.025,
                                    "Actual Rows": 1,
                                    "Actual Loops": 1,
                                    "Filter": "((role)::text = 'actress'::text)",
                                    "Rows Removed by Filter": 11
                                  }
                                ]
                              }
                            ]
                          },
                          {
                            "Node Type": "Index Scan",
                            "Parent Relationship": "Inner",
                            "Parallel Aware": false,
                            "Scan Direction": "Forward",
                            "Index Name": "movie_id_movie_companies",
                            "Relation Name": "movie_companies",
                            "Alias": "mc",
                            "Startup Cost": 0.43,
                            "Total Cost": 0.53,
                            "Plan Rows": 5,
                            "Plan Width": 8,
                            "Actual Startup Time": 0.002,
                            "Actual Total Time": 0.004,
                            "Actual Rows": 23,
                            "Actual Loops": 501009,
                            "Index Cond": "(movie_id = mi.movie_id)",
                            "Rows Removed by Index Recheck": 0
                          }
                        ]
                      },
                      {
                        "Node Type": "Index Scan",
                        "Parent Relationship": "Inner",
                        "Parallel Aware": false,
                        "Scan Direction": "Forward",
                        "Index Name": "company_name_pkey",
                        "Relation Name": "company_name",
                        "Alias": "cn",
                        "Startup Cost": 0.42,
                        "Total Cost": 0.45,
                        "Plan Rows": 1,
                        "Plan Width": 4,
                        "Actual Startup Time": 0.001,
                        "Actual Total Time": 0.001,
                        "Actual Rows": 0,
                        "Actual Loops": 11347551,
                        "Index Cond": "(id = mc.company_id)",
                        "Rows Removed by Index Recheck": 0,
                        "Filter": "((country_code)::text = '[us]'::text)",
                        "Rows Removed by Filter": 1
                      }
                    ]
                  },
                  {
                    "Node Type": "Index Scan",
                    "Parent Relationship": "Inner",
                    "Parallel Aware": false,
                    "Scan Direction": "Forward",
                    "Index Name": "name_pkey",
                    "Relation Name": "name",
                    "Alias": "n",
                    "Startup Cost": 0.43,
                    "Total Cost": 0.55,
                    "Plan Rows": 1,
                    "Plan Width": 19,
                    "Actual Startup Time": 0.001,
                    "Actual Total Time": 0.001,
                    "Actual Rows": 1,
                    "Actual Loops": 2918984,
                    "Index Cond": "(id = ci.person_id)",
                    "Rows Removed by Index Recheck": 0,
                    "Filter": "((gender)::text = 'f'::text)",
                    "Rows Removed by Filter": 0
                  }
                ]
              },
              {
                "Node Type": "Index Only Scan",
                "Parent Relationship": "Inner",
                "Parallel Aware": false,
                "Scan Direction": "Forward",
                "Index Name": "person_id_aka_name",
                "Relation Name": "aka_name",
                "Alias": "an",
                "Startup Cost": 0.42,
                "Total Cost": 0.48,
                "Plan Rows": 2,
                "Plan Width": 4,
                "Actual Startup Time": 0.001,
                "Actual Total Time": 0.001,
                "Actual Rows": 1,
                "Actual Loops": 2917892,
                "Index Cond": "(person_id = ci.person_id)",
                "Rows Removed by Index Recheck": 0,
                "Heap Fetches": 1925486
              }
            ]
          },
          {
            "Node Type": "Index Only Scan",
            "Parent Relationship": "Inner",
            "Parallel Aware": false,
            "Scan Direction": "Forward",
            "Index Name": "char_name_pkey",
            "Relation Name": "char_name",
            "Alias": "chn",
            "Startup Cost": 0.43,
            "Total Cost": 0.52,
            "Plan Rows": 1,
            "Plan Width": 4,
            "Actual Startup Time": 0.001,
            "Actual Total Time": 0.001,
            "Actual Rows": 1,
            "Actual Loops": 1925486,
            "Index Cond": "(id = ci.person_role_id)",
            "Rows Removed by Index Recheck": 0,
            "Heap Fetches": 1909633
          }
        ]
      }
    ]
  },
  "Planning Time": 3.204,
  "Triggers": [],
  "Execution Time": 58787.771
}