[
  {
    "Plan": {
      "Node Type": "Aggregate",
      "Strategy": "Plain",
      "Partial Mode": "Finalize",
      "Parallel Aware": false,
      "Startup Cost": 333382.73,
      "Total Cost": 333382.74,
      "Plan Rows": 1,
      "Plan Width": 8,
      "Actual Startup Time": 621.731,
      "Actual Total Time": 679.885,
      "Actual Rows": 1,
      "Actual Loops": 1,
      "Plans": [
        {
          "Node Type": "Gather",
          "Parent Relationship": "Outer",
          "Parallel Aware": false,
          "Startup Cost": 333382.1,
          "Total Cost": 333382.71,
          "Plan Rows": 6,
          "Plan Width": 8,
          "Actual Startup Time": 621.605,
          "Actual Total Time": 679.875,
          "Actual Rows": 7,
          "Actual Loops": 1,
          "Workers Planned": 6,
          "Workers Launched": 6,
          "Single Copy": false,
          "Plans": [
            {
              "Node Type": "Aggregate",
              "Strategy": "Plain",
              "Partial Mode": "Partial",
              "Parent Relationship": "Outer",
              "Parallel Aware": false,
              "Startup Cost": 332382.1,
              "Total Cost": 332382.11,
              "Plan Rows": 1,
              "Plan Width": 8,
              "Actual Startup Time": 612.667,
              "Actual Total Time": 612.668,
              "Actual Rows": 1,
              "Actual Loops": 7,
              "Plans": [
                {
                  "Node Type": "Seq Scan",
                  "Parent Relationship": "Outer",
                  "Parallel Aware": true,
                  "Relation Name": "cast_info",
                  "Alias": "ci",
                  "Startup Cost": 0.0,
                  "Total Cost": 328162.03,
                  "Plan Rows": 1688031,
                  "Plan Width": 0,
                  "Actual Startup Time": 292.315,
                  "Actual Total Time": 553.989,
                  "Actual Rows": 1433685,
                  "Actual Loops": 7,
                  "Filter": "(person_id > 2712130)",
                  "Rows Removed by Filter": 3744078
                }
              ]
            }
          ]
        }
      ]
    },
    "Planning Time": 0.167,
    "Triggers": [],
    "Execution Time": 679.949
  }
]