[
  {
    "Plan": {
      "Node Type": "Aggregate",
      "Strategy": "Plain",
      "Partial Mode": "Finalize",
      "Parallel Aware": false,
      "Startup Cost": 46442.62,
      "Total Cost": 46442.63,
      "Plan Rows": 1,
      "Plan Width": 8,
      "Actual Startup Time": 172.585,
      "Actual Total Time": 182.039,
      "Actual Rows": 1,
      "Actual Loops": 1,
      "Plans": [
        {
          "Node Type": "Gather",
          "Parent Relationship": "Outer",
          "Parallel Aware": false,
          "Startup Cost": 46442.3,
          "Total Cost": 46442.61,
          "Plan Rows": 3,
          "Plan Width": 8,
          "Actual Startup Time": 172.41,
          "Actual Total Time": 182.031,
          "Actual Rows": 4,
          "Actual Loops": 1,
          "Workers Planned": 3,
          "Workers Launched": 3,
          "Single Copy": false,
          "Plans": [
            {
              "Node Type": "Aggregate",
              "Strategy": "Plain",
              "Partial Mode": "Partial",
              "Parent Relationship": "Outer",
              "Parallel Aware": false,
              "Startup Cost": 45442.3,
              "Total Cost": 45442.31,
              "Plan Rows": 1,
              "Plan Width": 8,
              "Actual Startup Time": 167.276,
              "Actual Total Time": 167.278,
              "Actual Rows": 1,
              "Actual Loops": 4,
              "Plans": [
                {
                  "Node Type": "Seq Scan",
                  "Parent Relationship": "Outer",
                  "Parallel Aware": true,
                  "Relation Name": "movie_keyword",
                  "Alias": "mk",
                  "Startup Cost": 0.0,
                  "Total Cost": 42695.65,
                  "Plan Rows": 1098659,
                  "Plan Width": 0,
                  "Actual Startup Time": 0.094,
                  "Actual Total Time": 126.053,
                  "Actual Rows": 849595,
                  "Actual Loops": 4,
                  "Filter": "(keyword_id > 1215)",
                  "Rows Removed by Filter": 281388
                }
              ]
            }
          ]
        }
      ]
    },
    "Planning Time": 0.101,
    "Triggers": [],
    "Execution Time": 182.07
  }
]