[
  {
    "Plan": {
      "Node Type": "Aggregate",
      "Strategy": "Plain",
      "Partial Mode": "Finalize",
      "Parallel Aware": false,
      "Startup Cost": 46443.56,
      "Total Cost": 46443.57,
      "Plan Rows": 1,
      "Plan Width": 8,
      "Actual Startup Time": 159.43,
      "Actual Total Time": 169.031,
      "Actual Rows": 1,
      "Actual Loops": 1,
      "Plans": [
        {
          "Node Type": "Gather",
          "Parent Relationship": "Outer",
          "Parallel Aware": false,
          "Startup Cost": 46443.24,
          "Total Cost": 46443.55,
          "Plan Rows": 3,
          "Plan Width": 8,
          "Actual Startup Time": 159.308,
          "Actual Total Time": 169.024,
          "Actual Rows": 4,
          "Actual Loops": 1,
          "Workers Planned": 3,
          "Workers Launched": 3,
          "Single Copy": false,
          "Plans": [
            {
              "Node Type": "Aggregate",
              "Strategy": "Plain",
              "Partial Mode": "Partial",
              "Parent Relationship": "Outer",
              "Parallel Aware": false,
              "Startup Cost": 45443.24,
              "Total Cost": 45443.25,
              "Plan Rows": 1,
              "Plan Width": 8,
              "Actual Startup Time": 152.971,
              "Actual Total Time": 152.972,
              "Actual Rows": 1,
              "Actual Loops": 4,
              "Plans": [
                {
                  "Node Type": "Seq Scan",
                  "Parent Relationship": "Outer",
                  "Parallel Aware": true,
                  "Relation Name": "movie_keyword",
                  "Alias": "mk",
                  "Startup Cost": 0.0,
                  "Total Cost": 42695.65,
                  "Plan Rows": 1099034,
                  "Plan Width": 0,
                  "Actual Startup Time": 0.115,
                  "Actual Total Time": 116.135,
                  "Actual Rows": 849595,
                  "Actual Loops": 4,
                  "Filter": "(keyword_id > 1215)",
                  "Rows Removed by Filter": 281388
                }
              ]
            }
          ]
        }
      ]
    },
    "Planning Time": 0.116,
    "Triggers": [],
    "Execution Time": 169.071
  }
]