[
  {
    "Plan": {
      "Node Type": "Aggregate",
      "Strategy": "Plain",
      "Partial Mode": "Finalize",
      "Parallel Aware": false,
      "Startup Cost": 76849.67,
      "Total Cost": 76849.68,
      "Plan Rows": 1,
      "Plan Width": 8,
      "Actual Startup Time": 317.864,
      "Actual Total Time": 332.801,
      "Actual Rows": 1,
      "Actual Loops": 1,
      "Plans": [
        {
          "Node Type": "Gather",
          "Parent Relationship": "Outer",
          "Parallel Aware": false,
          "Startup Cost": 76849.35,
          "Total Cost": 76849.66,
          "Plan Rows": 3,
          "Plan Width": 8,
          "Actual Startup Time": 313.098,
          "Actual Total Time": 332.79,
          "Actual Rows": 4,
          "Actual Loops": 1,
          "Workers Planned": 3,
          "Workers Launched": 3,
          "Single Copy": false,
          "Plans": [
            {
              "Node Type": "Aggregate",
              "Strategy": "Plain",
              "Partial Mode": "Partial",
              "Parent Relationship": "Outer",
              "Parallel Aware": false,
              "Startup Cost": 75849.35,
              "Total Cost": 75849.36,
              "Plan Rows": 1,
              "Plan Width": 8,
              "Actual Startup Time": 301.31,
              "Actual Total Time": 301.314,
              "Actual Rows": 1,
              "Actual Loops": 4,
              "Plans": [
                {
                  "Node Type": "Hash Join",
                  "Parent Relationship": "Outer",
                  "Parallel Aware": true,
                  "Join Type": "Inner",
                  "Startup Cost": 51086.29,
                  "Total Cost": 75823.45,
                  "Plan Rows": 10362,
                  "Plan Width": 0,
                  "Actual Startup Time": 266.008,
                  "Actual Total Time": 300.828,
                  "Actual Rows": 7032,
                  "Actual Loops": 4,
                  "Inner Unique": true,
                  "Hash Cond": "(mk.movie_id = t.id)",
                  "Plans": [
                    {
                      "Node Type": "Bitmap Heap Scan",
                      "Parent Relationship": "Outer",
                      "Parallel Aware": true,
                      "Relation Name": "movie_keyword",
                      "Alias": "mk",
                      "Startup Cost": 1234.2,
                      "Total Cost": 25922.2,
                      "Plan Rows": 18721,
                      "Plan Width": 4,
                      "Actual Startup Time": 7.019,
                      "Actual Total Time": 31.532,
                      "Actual Rows": 13706,
                      "Actual Loops": 4,
                      "Recheck Cond": "(keyword_id < 55)",
                      "Rows Removed by Index Recheck": 0,
                      "Exact Heap Blocks": 6953,
                      "Lossy Heap Blocks": 0,
                      "Plans": [
                        {
                          "Node Type": "Bitmap Index Scan",
                          "Parent Relationship": "Outer",
                          "Parallel Aware": false,
                          "Index Name": "keyword_id_movie_keyword",
                          "Startup Cost": 0.0,
                          "Total Cost": 1219.69,
                          "Plan Rows": 58034,
                          "Plan Width": 0,
                          "Actual Startup Time": 4.459,
                          "Actual Total Time": 4.459,
                          "Actual Rows": 54826,
                          "Actual Loops": 1,
                          "Index Cond": "(keyword_id < 55)"
                        }
                      ]
                    },
                    {
                      "Node Type": "Hash",
                      "Parent Relationship": "Inner",
                      "Parallel Aware": true,
                      "Startup Cost": 45479.1,
                      "Total Cost": 45479.1,
                      "Plan Rows": 349840,
                      "Plan Width": 4,
                      "Actual Startup Time": 251.631,
                      "Actual Total Time": 251.632,
                      "Actual Rows": 379648,
                      "Actual Loops": 4,
                      "Hash Buckets": 2097152,
                      "Original Hash Buckets": 2097152,
                      "Hash Batches": 1,
                      "Original Hash Batches": 1,
                      "Peak Memory Usage": 75872,
                      "Plans": [
                        {
                          "Node Type": "Seq Scan",
                          "Parent Relationship": "Outer",
                          "Parallel Aware": true,
                          "Relation Name": "title",
                          "Alias": "t",
                          "Startup Cost": 0.0,
                          "Total Cost": 45479.1,
                          "Plan Rows": 349840,
                          "Plan Width": 4,
                          "Actual Startup Time": 0.035,
                          "Actual Total Time": 111.955,
                          "Actual Rows": 379648,
                          "Actual Loops": 4,
                          "Filter": "((kind_id > 1) AND (production_year > 1983))",
                          "Rows Removed by Filter": 252430
                        }
                      ]
                    }
                  ]
                }
              ]
            }
          ]
        }
      ]
    },
    "Planning Time": 0.693,
    "Triggers": [],
    "Execution Time": 332.906
  }
]