{
  "Plan": {
    "Node Type": "Aggregate",
    "Strategy": "Plain",
    "Partial Mode": "Finalize",
    "Parallel Aware": false,
    "Startup Cost": 134125.69,
    "Total Cost": 134125.7,
    "Plan Rows": 1,
    "Plan Width": 8,
    "Actual Startup Time": 747.07,
    "Actual Total Time": 764.203,
    "Actual Rows": 1,
    "Actual Loops": 1,
    "Plans": [
      {
        "Node Type": "Gather",
        "Parent Relationship": "Outer",
        "Parallel Aware": false,
        "Startup Cost": 134125.58,
        "Total Cost": 134125.69,
        "Plan Rows": 1,
        "Plan Width": 8,
        "Actual Startup Time": 744.098,
        "Actual Total Time": 764.195,
        "Actual Rows": 2,
        "Actual Loops": 1,
        "Workers Planned": 1,
        "Workers Launched": 1,
        "Single Copy": false,
        "Plans": [
          {
            "Node Type": "Aggregate",
            "Strategy": "Plain",
            "Partial Mode": "Partial",
            "Parent Relationship": "Outer",
            "Parallel Aware": false,
            "Startup Cost": 133125.58,
            "Total Cost": 133125.59,
            "Plan Rows": 1,
            "Plan Width": 8,
            "Actual Startup Time": 736.189,
            "Actual Total Time": 736.193,
            "Actual Rows": 1,
            "Actual Loops": 2,
            "Plans": [
              {
                "Node Type": "Hash Join",
                "Parent Relationship": "Outer",
                "Parallel Aware": true,
                "Join Type": "Inner",
                "Startup Cost": 68067.78,
                "Total Cost": 130678.82,
                "Plan Rows": 978703,
                "Plan Width": 0,
                "Actual Startup Time": 375.949,
                "Actual Total Time": 728.582,
                "Actual Rows": 195452,
                "Actual Loops": 2,
                "Inner Unique": true,
                "Hash Cond": "(mk.movie_id = t.id)",
                "Plans": [
                  {
                    "Node Type": "Seq Scan",
                    "Parent Relationship": "Outer",
                    "Parallel Aware": true,
                    "Relation Name": "movie_keyword",
                    "Alias": "mk",
                    "Startup Cost": 0.0,
                    "Total Cost": 57718.19,
                    "Plan Rows": 1863938,
                    "Plan Width": 4,
                    "Actual Startup Time": 0.014,
                    "Actual Total Time": 189.728,
                    "Actual Rows": 1582068,
                    "Actual Loops": 2,
                    "Filter": "(keyword_id < 12343)",
                    "Rows Removed by Filter": 679896
                  },
                  {
                    "Node Type": "Hash",
                    "Parent Relationship": "Inner",
                    "Parallel Aware": true,
                    "Startup Cost": 58306.47,
                    "Total Cost": 58306.47,
                    "Plan Rows": 780905,
                    "Plan Width": 4,
                    "Actual Startup Time": 361.255,
                    "Actual Total Time": 361.256,
                    "Actual Rows": 702901,
                    "Actual Loops": 2,
                    "Hash Buckets": 2097152,
                    "Original Hash Buckets": 2097152,
                    "Hash Batches": 1,
                    "Original Hash Batches": 1,
                    "Peak Memory Usage": 71392,
                    "Plans": [
                      {
                        "Node Type": "Seq Scan",
                        "Parent Relationship": "Outer",
                        "Parallel Aware": true,
                        "Relation Name": "title",
                        "Alias": "t",
                        "Startup Cost": 0.0,
                        "Total Cost": 58306.47,
                        "Plan Rows": 780905,
                        "Plan Width": 4,
                        "Actual Startup Time": 0.031,
                        "Actual Total Time": 172.065,
                        "Actual Rows": 702901,
                        "Actual Loops": 2,
                        "Filter": "((production_year > 1963) AND (kind_id = 7))",
                        "Rows Removed by Filter": 561255
                      }
                    ]
                  }
                ]
              }
            ]
          }
        ]
      }
    ]
  },
  "Planning Time": 0.697,
  "Triggers": [],
  "Execution Time": 764.277
}