{
  "Plan": {
    "Node Type": "Aggregate",
    "Strategy": "Plain",
    "Partial Mode": "Finalize",
    "Parallel Aware": false,
    "Startup Cost": 276174.43,
    "Total Cost": 276174.44,
    "Plan Rows": 1,
    "Plan Width": 8,
    "Actual Startup Time": 2258.398,
    "Actual Total Time": 2277.636,
    "Actual Rows": 1,
    "Actual Loops": 1,
    "Plans": [
      {
        "Node Type": "Gather",
        "Parent Relationship": "Outer",
        "Parallel Aware": false,
        "Startup Cost": 276174.32,
        "Total Cost": 276174.43,
        "Plan Rows": 1,
        "Plan Width": 8,
        "Actual Startup Time": 2257.212,
        "Actual Total Time": 2277.629,
        "Actual Rows": 2,
        "Actual Loops": 1,
        "Workers Planned": 1,
        "Workers Launched": 1,
        "Single Copy": false,
        "Plans": [
          {
            "Node Type": "Aggregate",
            "Strategy": "Plain",
            "Partial Mode": "Partial",
            "Parent Relationship": "Outer",
            "Parallel Aware": false,
            "Startup Cost": 275174.32,
            "Total Cost": 275174.33,
            "Plan Rows": 1,
            "Plan Width": 8,
            "Actual Startup Time": 2250.741,
            "Actual Total Time": 2250.745,
            "Actual Rows": 1,
            "Actual Loops": 2,
            "Plans": [
              {
                "Node Type": "Nested Loop",
                "Parent Relationship": "Outer",
                "Parallel Aware": false,
                "Join Type": "Inner",
                "Startup Cost": 83189.83,
                "Total Cost": 274576.4,
                "Plan Rows": 239168,
                "Plan Width": 0,
                "Actual Startup Time": 324.703,
                "Actual Total Time": 2095.843,
                "Actual Rows": 3769096,
                "Actual Loops": 2,
                "Inner Unique": false,
                "Plans": [
                  {
                    "Node Type": "Hash Join",
                    "Parent Relationship": "Outer",
                    "Parallel Aware": true,
                    "Join Type": "Inner",
                    "Startup Cost": 83189.4,
                    "Total Cost": 116582.55,
                    "Plan Rows": 231758,
                    "Plan Width": 8,
                    "Actual Startup Time": 324.535,
                    "Actual Total Time": 536.155,
                    "Actual Rows": 418531,
                    "Actual Loops": 2,
                    "Inner Unique": true,
                    "Hash Cond": "(mk.movie_id = t.id)",
                    "Plans": [
                      {
                        "Node Type": "Bitmap Heap Scan",
                        "Parent Relationship": "Outer",
                        "Parallel Aware": true,
                        "Relation Name": "movie_keyword",
                        "Alias": "mk",
                        "Startup Cost": 21311.1,
                        "Total Cost": 53152.83,
                        "Plan Rows": 591018,
                        "Plan Width": 4,
                        "Actual Startup Time": 56.54,
                        "Actual Total Time": 143.78,
                        "Actual Rows": 501545,
                        "Actual Loops": 2,
                        "Recheck Cond": "(keyword_id > 18409)",
                        "Rows Removed by Index Recheck": 0,
                        "Exact Heap Blocks": 12589,
                        "Lossy Heap Blocks": 0,
                        "Plans": [
                          {
                            "Node Type": "Bitmap Index Scan",
                            "Parent Relationship": "Outer",
                            "Parallel Aware": false,
                            "Index Name": "keyword_id_movie_keyword",
                            "Startup Cost": 0.0,
                            "Total Cost": 21059.91,
                            "Plan Rows": 1004731,
                            "Plan Width": 0,
                            "Actual Startup Time": 52.823,
                            "Actual Total Time": 52.824,
                            "Actual Rows": 1003090,
                            "Actual Loops": 1,
                            "Index Cond": "(keyword_id > 18409)"
                          }
                        ]
                      },
                      {
                        "Node Type": "Hash",
                        "Parent Relationship": "Inner",
                        "Parallel Aware": true,
                        "Startup Cost": 54588.39,
                        "Total Cost": 54588.39,
                        "Plan Rows": 583193,
                        "Plan Width": 4,
                        "Actual Startup Time": 258.886,
                        "Actual Total Time": 258.887,
                        "Actual Rows": 492524,
                        "Actual Loops": 2,
                        "Hash Buckets": 1048576,
                        "Original Hash Buckets": 1048576,
                        "Hash Batches": 1,
                        "Original Hash Batches": 1,
                        "Peak Memory Usage": 46752,
                        "Plans": [
                          {
                            "Node Type": "Seq Scan",
                            "Parent Relationship": "Outer",
                            "Parallel Aware": true,
                            "Relation Name": "title",
                            "Alias": "t",
                            "Startup Cost": 0.0,
                            "Total Cost": 54588.39,
                            "Plan Rows": 583193,
                            "Plan Width": 4,
                            "Actual Startup Time": 0.035,
                            "Actual Total Time": 146.502,
                            "Actual Rows": 492524,
                            "Actual Loops": 2,
                            "Filter": "(kind_id < 7)",
                            "Rows Removed by Filter": 771632
                          }
                        ]
                      }
                    ]
                  },
                  {
                    "Node Type": "Index Only Scan",
                    "Parent Relationship": "Inner",
                    "Parallel Aware": false,
                    "Scan Direction": "Forward",
                    "Index Name": "movie_id_movie_companies",
                    "Relation Name": "movie_companies",
                    "Alias": "mc",
                    "Startup Cost": 0.43,
                    "Total Cost": 0.63,
                    "Plan Rows": 5,
                    "Plan Width": 4,
                    "Actual Startup Time": 0.001,
                    "Actual Total Time": 0.003,
                    "Actual Rows": 9,
                    "Actual Loops": 837062,
                    "Index Cond": "(movie_id = t.id)",
                    "Rows Removed by Index Recheck": 0,
                    "Heap Fetches": 7538192
                  }
                ]
              }
            ]
          }
        ]
      }
    ]
  },
  "Planning Time": 1.063,
  "Triggers": [],
  "Execution Time": 2277.738
}