{
  "Plan": {
    "Node Type": "Aggregate",
    "Strategy": "Plain",
    "Partial Mode": "Finalize",
    "Parallel Aware": false,
    "Startup Cost": 98269.16,
    "Total Cost": 98269.17,
    "Plan Rows": 1,
    "Plan Width": 8,
    "Actual Startup Time": 458.344,
    "Actual Total Time": 474.21,
    "Actual Rows": 1,
    "Actual Loops": 1,
    "Plans": [
      {
        "Node Type": "Gather",
        "Parent Relationship": "Outer",
        "Parallel Aware": false,
        "Startup Cost": 98269.04,
        "Total Cost": 98269.15,
        "Plan Rows": 1,
        "Plan Width": 8,
        "Actual Startup Time": 457.416,
        "Actual Total Time": 474.203,
        "Actual Rows": 2,
        "Actual Loops": 1,
        "Workers Planned": 1,
        "Workers Launched": 1,
        "Single Copy": false,
        "Plans": [
          {
            "Node Type": "Aggregate",
            "Strategy": "Plain",
            "Partial Mode": "Partial",
            "Parent Relationship": "Outer",
            "Parallel Aware": false,
            "Startup Cost": 97269.04,
            "Total Cost": 97269.05,
            "Plan Rows": 1,
            "Plan Width": 8,
            "Actual Startup Time": 450.944,
            "Actual Total Time": 450.948,
            "Actual Rows": 1,
            "Actual Loops": 2,
            "Plans": [
              {
                "Node Type": "Hash Join",
                "Parent Relationship": "Outer",
                "Parallel Aware": true,
                "Join Type": "Inner",
                "Startup Cost": 35641.84,
                "Total Cost": 96854.91,
                "Plan Rows": 165655,
                "Plan Width": 0,
                "Actual Startup Time": 155.527,
                "Actual Total Time": 445.156,
                "Actual Rows": 137020,
                "Actual Loops": 2,
                "Inner Unique": false,
                "Hash Cond": "(t.id = mc.movie_id)",
                "Plans": [
                  {
                    "Node Type": "Seq Scan",
                    "Parent Relationship": "Outer",
                    "Parallel Aware": true,
                    "Relation Name": "title",
                    "Alias": "t",
                    "Startup Cost": 0.0,
                    "Total Cost": 54588.39,
                    "Plan Rows": 904038,
                    "Plan Width": 4,
                    "Actual Startup Time": 0.012,
                    "Actual Total Time": 139.158,
                    "Actual Rows": 771632,
                    "Actual Loops": 2,
                    "Filter": "(kind_id = 7)",
                    "Rows Removed by Filter": 492524
                  },
                  {
                    "Node Type": "Hash",
                    "Parent Relationship": "Inner",
                    "Parallel Aware": true,
                    "Startup Cost": 32235.35,
                    "Total Cost": 32235.35,
                    "Plan Rows": 272519,
                    "Plan Width": 4,
                    "Actual Startup Time": 149.74,
                    "Actual Total Time": 149.741,
                    "Actual Rows": 229040,
                    "Actual Loops": 2,
                    "Hash Buckets": 524288,
                    "Original Hash Buckets": 524288,
                    "Hash Batches": 1,
                    "Original Hash Batches": 1,
                    "Peak Memory Usage": 22048,
                    "Plans": [
                      {
                        "Node Type": "Bitmap Heap Scan",
                        "Parent Relationship": "Outer",
                        "Parallel Aware": true,
                        "Relation Name": "movie_companies",
                        "Alias": "mc",
                        "Startup Cost": 10038.87,
                        "Total Cost": 32235.35,
                        "Plan Rows": 272519,
                        "Plan Width": 4,
                        "Actual Startup Time": 37.996,
                        "Actual Total Time": 102.545,
                        "Actual Rows": 229040,
                        "Actual Loops": 2,
                        "Recheck Cond": "(company_id < 394)",
                        "Rows Removed by Index Recheck": 0,
                        "Exact Heap Blocks": 11177,
                        "Lossy Heap Blocks": 0,
                        "Plans": [
                          {
                            "Node Type": "Bitmap Index Scan",
                            "Parent Relationship": "Outer",
                            "Parallel Aware": false,
                            "Index Name": "company_id_movie_companies",
                            "Startup Cost": 0.0,
                            "Total Cost": 9923.05,
                            "Plan Rows": 463282,
                            "Plan Width": 0,
                            "Actual Startup Time": 35.64,
                            "Actual Total Time": 35.64,
                            "Actual Rows": 458080,
                            "Actual Loops": 1,
                            "Index Cond": "(company_id < 394)"
                          }
                        ]
                      }
                    ]
                  }
                ]
              }
            ]
          }
        ]
      }
    ]
  },
  "Planning Time": 0.684,
  "Triggers": [],
  "Execution Time": 474.302
}