[
  {
    "Plan": {
      "Node Type": "Aggregate",
      "Strategy": "Plain",
      "Partial Mode": "Finalize",
      "Parallel Aware": false,
      "Startup Cost": 164329.58,
      "Total Cost": 164329.59,
      "Plan Rows": 1,
      "Plan Width": 8,
      "Actual Startup Time": 116.099,
      "Actual Total Time": 133.004,
      "Actual Rows": 1,
      "Actual Loops": 1,
      "Plans": [
        {
          "Node Type": "Gather",
          "Parent Relationship": "Outer",
          "Parallel Aware": false,
          "Startup Cost": 164329.16,
          "Total Cost": 164329.57,
          "Plan Rows": 4,
          "Plan Width": 8,
          "Actual Startup Time": 115.96,
          "Actual Total Time": 132.994,
          "Actual Rows": 5,
          "Actual Loops": 1,
          "Workers Planned": 4,
          "Workers Launched": 4,
          "Single Copy": false,
          "Plans": [
            {
              "Node Type": "Aggregate",
              "Strategy": "Plain",
              "Partial Mode": "Partial",
              "Parent Relationship": "Outer",
              "Parallel Aware": false,
              "Startup Cost": 163329.16,
              "Total Cost": 163329.17,
              "Plan Rows": 1,
              "Plan Width": 8,
              "Actual Startup Time": 111.323,
              "Actual Total Time": 111.325,
              "Actual Rows": 1,
              "Actual Loops": 5,
              "Plans": [
                {
                  "Node Type": "Nested Loop",
                  "Parent Relationship": "Outer",
                  "Parallel Aware": false,
                  "Join Type": "Inner",
                  "Startup Cost": 0.43,
                  "Total Cost": 163313.55,
                  "Plan Rows": 6246,
                  "Plan Width": 0,
                  "Actual Startup Time": 0.408,
                  "Actual Total Time": 110.324,
                  "Actual Rows": 12012,
                  "Actual Loops": 5,
                  "Inner Unique": false,
                  "Plans": [
                    {
                      "Node Type": "Seq Scan",
                      "Parent Relationship": "Outer",
                      "Parallel Aware": true,
                      "Relation Name": "title",
                      "Alias": "t",
                      "Startup Cost": 0.0,
                      "Total Cost": 45479.59,
                      "Plan Rows": 1064,
                      "Plan Width": 4,
                      "Actual Startup Time": 0.308,
                      "Actual Total Time": 72.394,
                      "Actual Rows": 1023,
                      "Actual Loops": 5,
                      "Filter": "((kind_id < 3) AND (production_year = 1982))",
                      "Rows Removed by Filter": 504640
                    },
                    {
                      "Node Type": "Index Only Scan",
                      "Parent Relationship": "Inner",
                      "Parallel Aware": false,
                      "Scan Direction": "Forward",
                      "Index Name": "movie_id_movie_info",
                      "Relation Name": "movie_info",
                      "Alias": "mi",
                      "Startup Cost": 0.43,
                      "Total Cost": 110.34,
                      "Plan Rows": 41,
                      "Plan Width": 4,
                      "Actual Startup Time": 0.013,
                      "Actual Total Time": 0.035,
                      "Actual Rows": 12,
                      "Actual Loops": 5114,
                      "Index Cond": "(movie_id = t.id)",
                      "Rows Removed by Index Recheck": 0,
                      "Heap Fetches": 60060
                    }
                  ]
                }
              ]
            }
          ]
        }
      ]
    },
    "Planning Time": 0.453,
    "Triggers": [],
    "Execution Time": 133.056
  }
]