[
  {
    "Plan": {
      "Node Type": "Aggregate",
      "Strategy": "Plain",
      "Partial Mode": "Finalize",
      "Parallel Aware": false,
      "Startup Cost": 46482.19,
      "Total Cost": 46482.2,
      "Plan Rows": 1,
      "Plan Width": 8,
      "Actual Startup Time": 92.75,
      "Actual Total Time": 104.437,
      "Actual Rows": 1,
      "Actual Loops": 1,
      "Plans": [
        {
          "Node Type": "Gather",
          "Parent Relationship": "Outer",
          "Parallel Aware": false,
          "Startup Cost": 46481.77,
          "Total Cost": 46482.18,
          "Plan Rows": 4,
          "Plan Width": 8,
          "Actual Startup Time": 92.549,
          "Actual Total Time": 104.425,
          "Actual Rows": 5,
          "Actual Loops": 1,
          "Workers Planned": 4,
          "Workers Launched": 4,
          "Single Copy": false,
          "Plans": [
            {
              "Node Type": "Aggregate",
              "Strategy": "Plain",
              "Partial Mode": "Partial",
              "Parent Relationship": "Outer",
              "Parallel Aware": false,
              "Startup Cost": 45481.77,
              "Total Cost": 45481.78,
              "Plan Rows": 1,
              "Plan Width": 8,
              "Actual Startup Time": 84.496,
              "Actual Total Time": 84.498,
              "Actual Rows": 1,
              "Actual Loops": 5,
              "Plans": [
                {
                  "Node Type": "Seq Scan",
                  "Parent Relationship": "Outer",
                  "Parallel Aware": true,
                  "Relation Name": "title",
                  "Alias": "t",
                  "Startup Cost": 0.0,
                  "Total Cost": 45479.59,
                  "Plan Rows": 872,
                  "Plan Width": 0,
                  "Actual Startup Time": 2.259,
                  "Actual Total Time": 84.376,
                  "Actual Rows": 992,
                  "Actual Loops": 5,
                  "Filter": "((kind_id < 7) AND (production_year = 1964))",
                  "Rows Removed by Filter": 504670
                }
              ]
            }
          ]
        }
      ]
    },
    "Planning Time": 0.194,
    "Triggers": [],
    "Execution Time": 104.498
  }
]