[
  {
    "Plan": {
      "Node Type": "Aggregate",
      "Strategy": "Plain",
      "Partial Mode": "Finalize",
      "Parallel Aware": false,
      "Startup Cost": 335651.5,
      "Total Cost": 335651.51,
      "Plan Rows": 1,
      "Plan Width": 8,
      "Actual Startup Time": 719.8,
      "Actual Total Time": 778.053,
      "Actual Rows": 1,
      "Actual Loops": 1,
      "Plans": [
        {
          "Node Type": "Gather",
          "Parent Relationship": "Outer",
          "Parallel Aware": false,
          "Startup Cost": 335650.88,
          "Total Cost": 335651.48,
          "Plan Rows": 6,
          "Plan Width": 8,
          "Actual Startup Time": 719.674,
          "Actual Total Time": 778.043,
          "Actual Rows": 7,
          "Actual Loops": 1,
          "Workers Planned": 6,
          "Workers Launched": 6,
          "Single Copy": false,
          "Plans": [
            {
              "Node Type": "Aggregate",
              "Strategy": "Plain",
              "Partial Mode": "Partial",
              "Parent Relationship": "Outer",
              "Parallel Aware": false,
              "Startup Cost": 334650.88,
              "Total Cost": 334650.89,
              "Plan Rows": 1,
              "Plan Width": 8,
              "Actual Startup Time": 709.287,
              "Actual Total Time": 709.288,
              "Actual Rows": 1,
              "Actual Loops": 7,
              "Plans": [
                {
                  "Node Type": "Seq Scan",
                  "Parent Relationship": "Outer",
                  "Parallel Aware": true,
                  "Relation Name": "cast_info",
                  "Alias": "ci",
                  "Startup Cost": 0.0,
                  "Total Cost": 328162.03,
                  "Plan Rows": 2595540,
                  "Plan Width": 0,
                  "Actual Startup Time": 0.062,
                  "Actual Total Time": 603.405,
                  "Actual Rows": 2218414,
                  "Actual Loops": 7,
                  "Filter": "(person_id < 1531885)",
                  "Rows Removed by Filter": 2959350
                }
              ]
            }
          ]
        }
      ]
    },
    "Planning Time": 0.185,
    "Triggers": [],
    "Execution Time": 778.118
  }
]