[
  {
    "Plan": {
      "Node Type": "Aggregate",
      "Strategy": "Plain",
      "Partial Mode": "Finalize",
      "Parallel Aware": false,
      "Startup Cost": 47253.4,
      "Total Cost": 47253.41,
      "Plan Rows": 1,
      "Plan Width": 8,
      "Actual Startup Time": 109.856,
      "Actual Total Time": 119.589,
      "Actual Rows": 1,
      "Actual Loops": 1,
      "Plans": [
        {
          "Node Type": "Gather",
          "Parent Relationship": "Outer",
          "Parallel Aware": false,
          "Startup Cost": 47252.98,
          "Total Cost": 47253.39,
          "Plan Rows": 4,
          "Plan Width": 8,
          "Actual Startup Time": 109.697,
          "Actual Total Time": 119.577,
          "Actual Rows": 5,
          "Actual Loops": 1,
          "Workers Planned": 4,
          "Workers Launched": 4,
          "Single Copy": false,
          "Plans": [
            {
              "Node Type": "Aggregate",
              "Strategy": "Plain",
              "Partial Mode": "Partial",
              "Parent Relationship": "Outer",
              "Parallel Aware": false,
              "Startup Cost": 46252.98,
              "Total Cost": 46252.99,
              "Plan Rows": 1,
              "Plan Width": 8,
              "Actual Startup Time": 102.822,
              "Actual Total Time": 102.823,
              "Actual Rows": 1,
              "Actual Loops": 5,
              "Plans": [
                {
                  "Node Type": "Seq Scan",
                  "Parent Relationship": "Outer",
                  "Parallel Aware": true,
                  "Relation Name": "title",
                  "Alias": "t",
                  "Startup Cost": 0.0,
                  "Total Cost": 45479.59,
                  "Plan Rows": 309358,
                  "Plan Width": 0,
                  "Actual Startup Time": 0.036,
                  "Actual Total Time": 88.134,
                  "Actual Rows": 270237,
                  "Actual Loops": 5,
                  "Filter": "((kind_id > 3) AND (production_year > 1985))",
                  "Rows Removed by Filter": 235425
                }
              ]
            }
          ]
        }
      ]
    },
    "Planning Time": 0.201,
    "Triggers": [],
    "Execution Time": 119.661
  }
]