[
  {
    "Plan": {
      "Node Type": "Aggregate",
      "Strategy": "Plain",
      "Partial Mode": "Finalize",
      "Parallel Aware": false,
      "Startup Cost": 357791.15,
      "Total Cost": 357791.16,
      "Plan Rows": 1,
      "Plan Width": 8,
      "Actual Startup Time": 509.943,
      "Actual Total Time": 531.594,
      "Actual Rows": 1,
      "Actual Loops": 1,
      "Plans": [
        {
          "Node Type": "Gather",
          "Parent Relationship": "Outer",
          "Parallel Aware": false,
          "Startup Cost": 357790.52,
          "Total Cost": 357791.13,
          "Plan Rows": 6,
          "Plan Width": 8,
          "Actual Startup Time": 490.596,
          "Actual Total Time": 531.583,
          "Actual Rows": 7,
          "Actual Loops": 1,
          "Workers Planned": 6,
          "Workers Launched": 6,
          "Single Copy": false,
          "Plans": [
            {
              "Node Type": "Aggregate",
              "Strategy": "Plain",
              "Partial Mode": "Partial",
              "Parent Relationship": "Outer",
              "Parallel Aware": false,
              "Startup Cost": 356790.52,
              "Total Cost": 356790.53,
              "Plan Rows": 1,
              "Plan Width": 8,
              "Actual Startup Time": 467.557,
              "Actual Total Time": 467.562,
              "Actual Rows": 1,
              "Actual Loops": 7,
              "Plans": [
                {
                  "Node Type": "Hash Join",
                  "Parent Relationship": "Outer",
                  "Parallel Aware": true,
                  "Join Type": "Inner",
                  "Startup Cost": 97841.3,
                  "Total Cost": 356381.59,
                  "Plan Rows": 163573,
                  "Plan Width": 0,
                  "Actual Startup Time": 390.254,
                  "Actual Total Time": 463.72,
                  "Actual Rows": 88153,
                  "Actual Loops": 7,
                  "Inner Unique": true,
                  "Hash Cond": "(ci.movie_id = t.id)",
                  "Plans": [
                    {
                      "Node Type": "Bitmap Heap Scan",
                      "Parent Relationship": "Outer",
                      "Parallel Aware": true,
                      "Relation Name": "cast_info",
                      "Alias": "ci",
                      "Startup Cost": 47621.65,
                      "Total Cost": 305732.56,
                      "Plan Rows": 163573,
                      "Plan Width": 4,
                      "Actual Startup Time": 142.952,
                      "Actual Total Time": 167.969,
                      "Actual Rows": 88153,
                      "Actual Loops": 7,
                      "Recheck Cond": "(person_id < 211974)",
                      "Rows Removed by Index Recheck": 0,
                      "Filter": "(role_id > 2)",
                      "Rows Removed by Filter": 220459,
                      "Exact Heap Blocks": 3832,
                      "Lossy Heap Blocks": 0,
                      "Plans": [
                        {
                          "Node Type": "Bitmap Index Scan",
                          "Parent Relationship": "Outer",
                          "Parallel Aware": false,
                          "Index Name": "person_id_cast_info",
                          "Startup Cost": 0.0,
                          "Total Cost": 47376.29,
                          "Plan Rows": 2169564,
                          "Plan Width": 0,
                          "Actual Startup Time": 87.274,
                          "Actual Total Time": 87.274,
                          "Actual Rows": 2160284,
                          "Actual Loops": 1,
                          "Index Cond": "(person_id < 211974)"
                        }
                      ]
                    },
                    {
                      "Node Type": "Hash",
                      "Parent Relationship": "Inner",
                      "Parallel Aware": true,
                      "Startup Cost": 42318.73,
                      "Total Cost": 42318.73,
                      "Plan Rows": 632073,
                      "Plan Width": 4,
                      "Actual Startup Time": 240.374,
                      "Actual Total Time": 240.375,
                      "Actual Rows": 361187,
                      "Actual Loops": 7,
                      "Hash Buckets": 4194304,
                      "Original Hash Buckets": 4194304,
                      "Hash Batches": 1,
                      "Original Hash Batches": 1,
                      "Peak Memory Usage": 131808,
                      "Plans": [
                        {
                          "Node Type": "Seq Scan",
                          "Parent Relationship": "Outer",
                          "Parallel Aware": true,
                          "Relation Name": "title",
                          "Alias": "t",
                          "Startup Cost": 0.0,
                          "Total Cost": 42318.73,
                          "Plan Rows": 632073,
                          "Plan Width": 4,
                          "Actual Startup Time": 0.036,
                          "Actual Total Time": 70.136,
                          "Actual Rows": 361187,
                          "Actual Loops": 7
                        }
                      ]
                    }
                  ]
                }
              ]
            }
          ]
        }
      ]
    },
    "Planning Time": 0.64,
    "Triggers": [],
    "Execution Time": 531.69
  }
]