[
  {
    "Plan": {
      "Node Type": "Aggregate",
      "Strategy": "Plain",
      "Partial Mode": "Finalize",
      "Parallel Aware": false,
      "Startup Cost": 45763.62,
      "Total Cost": 45763.63,
      "Plan Rows": 1,
      "Plan Width": 8,
      "Actual Startup Time": 128.895,
      "Actual Total Time": 136.801,
      "Actual Rows": 1,
      "Actual Loops": 1,
      "Plans": [
        {
          "Node Type": "Gather",
          "Parent Relationship": "Outer",
          "Parallel Aware": false,
          "Startup Cost": 45763.31,
          "Total Cost": 45763.62,
          "Plan Rows": 3,
          "Plan Width": 8,
          "Actual Startup Time": 128.783,
          "Actual Total Time": 136.794,
          "Actual Rows": 4,
          "Actual Loops": 1,
          "Workers Planned": 3,
          "Workers Launched": 3,
          "Single Copy": false,
          "Plans": [
            {
              "Node Type": "Aggregate",
              "Strategy": "Plain",
              "Partial Mode": "Partial",
              "Parent Relationship": "Outer",
              "Parallel Aware": false,
              "Startup Cost": 44763.31,
              "Total Cost": 44763.32,
              "Plan Rows": 1,
              "Plan Width": 8,
              "Actual Startup Time": 125.701,
              "Actual Total Time": 125.702,
              "Actual Rows": 1,
              "Actual Loops": 4,
              "Plans": [
                {
                  "Node Type": "Seq Scan",
                  "Parent Relationship": "Outer",
                  "Parallel Aware": true,
                  "Relation Name": "movie_keyword",
                  "Alias": "mk",
                  "Startup Cost": 0.0,
                  "Total Cost": 42695.65,
                  "Plan Rows": 827061,
                  "Plan Width": 0,
                  "Actual Startup Time": 0.022,
                  "Actual Total Time": 98.871,
                  "Actual Rows": 643740,
                  "Actual Loops": 4,
                  "Filter": "(keyword_id < 6646)",
                  "Rows Removed by Filter": 487242
                }
              ]
            }
          ]
        }
      ]
    },
    "Planning Time": 0.084,
    "Triggers": [],
    "Execution Time": 136.827
  }
]