[
    {
        "Bao": {
            "Bao prediction": "NaN",
            "Bao recommended hint": "(no hint)"
        }
    },
    {
        "Plan": {
            "Node Type": "Aggregate",
            "Strategy": "Plain",
            "Partial Mode": "Finalize",
            "Parallel Aware": false,
            "Startup Cost": 250139.05,
            "Total Cost": 250139.06,
            "Plan Rows": 1,
            "Plan Width": 8,
            "Actual Startup Time": 679.709,
            "Actual Total Time": 704.818,
            "Actual Rows": 1,
            "Actual Loops": 1,
            "Output": [
                "count(*)"
            ],
            "Plans": [
                {
                    "Node Type": "Gather",
                    "Parent Relationship": "Outer",
                    "Parallel Aware": false,
                    "Startup Cost": 250138.53,
                    "Total Cost": 250139.04,
                    "Plan Rows": 5,
                    "Plan Width": 8,
                    "Actual Startup Time": 672.893,
                    "Actual Total Time": 704.805,
                    "Actual Rows": 6,
                    "Actual Loops": 1,
                    "Output": [
                        "(PARTIAL count(*))"
                    ],
                    "Workers Planned": 5,
                    "Workers Launched": 5,
                    "Single Copy": false,
                    "Plans": [
                        {
                            "Node Type": "Aggregate",
                            "Strategy": "Plain",
                            "Partial Mode": "Partial",
                            "Parent Relationship": "Outer",
                            "Parallel Aware": false,
                            "Startup Cost": 249138.53,
                            "Total Cost": 249138.54,
                            "Plan Rows": 1,
                            "Plan Width": 8,
                            "Actual Startup Time": 663.359,
                            "Actual Total Time": 663.363,
                            "Actual Rows": 1,
                            "Actual Loops": 6,
                            "Output": [
                                "PARTIAL count(*)"
                            ],
                            "Workers": [
                                {
                                    "Worker Number": 0,
                                    "Actual Startup Time": 660.957,
                                    "Actual Total Time": 660.96,
                                    "Actual Rows": 1,
                                    "Actual Loops": 1
                                },
                                {
                                    "Worker Number": 1,
                                    "Actual Startup Time": 661.281,
                                    "Actual Total Time": 661.284,
                                    "Actual Rows": 1,
                                    "Actual Loops": 1
                                },
                                {
                                    "Worker Number": 2,
                                    "Actual Startup Time": 662.082,
                                    "Actual Total Time": 662.086,
                                    "Actual Rows": 1,
                                    "Actual Loops": 1
                                },
                                {
                                    "Worker Number": 3,
                                    "Actual Startup Time": 661.502,
                                    "Actual Total Time": 661.505,
                                    "Actual Rows": 1,
                                    "Actual Loops": 1
                                },
                                {
                                    "Worker Number": 4,
                                    "Actual Startup Time": 661.833,
                                    "Actual Total Time": 661.836,
                                    "Actual Rows": 1,
                                    "Actual Loops": 1
                                }
                            ],
                            "Plans": [
                                {
                                    "Node Type": "Hash Join",
                                    "Parent Relationship": "Outer",
                                    "Parallel Aware": true,
                                    "Join Type": "Inner",
                                    "Startup Cost": 48170.66,
                                    "Total Cost": 248627.28,
                                    "Plan Rows": 204502,
                                    "Plan Width": 0,
                                    "Actual Startup Time": 229.887,
                                    "Actual Total Time": 651.179,
                                    "Actual Rows": 188870,
                                    "Actual Loops": 6,
                                    "Inner Unique": true,
                                    "Hash Cond": "(mi.movie_id = t.id)",
                                    "Workers": [
                                        {
                                            "Worker Number": 0,
                                            "Actual Startup Time": 227.633,
                                            "Actual Total Time": 648.524,
                                            "Actual Rows": 172927,
                                            "Actual Loops": 1
                                        },
                                        {
                                            "Worker Number": 1,
                                            "Actual Startup Time": 227.938,
                                            "Actual Total Time": 648.77,
                                            "Actual Rows": 173539,
                                            "Actual Loops": 1
                                        },
                                        {
                                            "Worker Number": 2,
                                            "Actual Startup Time": 227.906,
                                            "Actual Total Time": 649.632,
                                            "Actual Rows": 173209,
                                            "Actual Loops": 1
                                        },
                                        {
                                            "Worker Number": 3,
                                            "Actual Startup Time": 228.289,
                                            "Actual Total Time": 649.096,
                                            "Actual Rows": 172582,
                                            "Actual Loops": 1
                                        },
                                        {
                                            "Worker Number": 4,
                                            "Actual Startup Time": 228.475,
                                            "Actual Total Time": 650.207,
                                            "Actual Rows": 161067,
                                            "Actual Loops": 1
                                        }
                                    ],
                                    "Plans": [
                                        {
                                            "Node Type": "Seq Scan",
                                            "Parent Relationship": "Outer",
                                            "Parallel Aware": true,
                                            "Relation Name": "movie_info",
                                            "Schema": "public",
                                            "Alias": "mi",
                                            "Startup Cost": 0.0,
                                            "Total Cost": 198880.74,
                                            "Plan Rows": 600336,
                                            "Plan Width": 4,
                                            "Actual Startup Time": 84.213,
                                            "Actual Total Time": 364.423,
                                            "Actual Rows": 506120,
                                            "Actual Loops": 6,
                                            "Output": [
                                                "mi.id",
                                                "mi.movie_id",
                                                "mi.info_type_id",
                                                "mi.info",
                                                "mi.note"
                                            ],
                                            "Filter": "(mi.info_type_id = 16)",
                                            "Rows Removed by Filter": 1966500,
                                            "Workers": [
                                                {
                                                    "Worker Number": 0,
                                                    "Actual Startup Time": 84.139,
                                                    "Actual Total Time": 367.534,
                                                    "Actual Rows": 467994,
                                                    "Actual Loops": 1
                                                },
                                                {
                                                    "Worker Number": 1,
                                                    "Actual Startup Time": 84.232,
                                                    "Actual Total Time": 367.881,
                                                    "Actual Rows": 470607,
                                                    "Actual Loops": 1
                                                },
                                                {
                                                    "Worker Number": 2,
                                                    "Actual Startup Time": 84.256,
                                                    "Actual Total Time": 367.509,
                                                    "Actual Rows": 465370,
                                                    "Actual Loops": 1
                                                },
                                                {
                                                    "Worker Number": 3,
                                                    "Actual Startup Time": 84.149,
                                                    "Actual Total Time": 367.506,
                                                    "Actual Rows": 466868,
                                                    "Actual Loops": 1
                                                },
                                                {
                                                    "Worker Number": 4,
                                                    "Actual Startup Time": 84.233,
                                                    "Actual Total Time": 362.82,
                                                    "Actual Rows": 423100,
                                                    "Actual Loops": 1
                                                }
                                            ]
                                        },
                                        {
                                            "Node Type": "Hash",
                                            "Parent Relationship": "Inner",
                                            "Parallel Aware": true,
                                            "Startup Cost": 45479.21,
                                            "Total Cost": 45479.21,
                                            "Plan Rows": 215316,
                                            "Plan Width": 4,
                                            "Actual Startup Time": 143.203,
                                            "Actual Total Time": 143.204,
                                            "Actual Rows": 129057,
                                            "Actual Loops": 6,
                                            "Output": [
                                                "t.id"
                                            ],
                                            "Hash Buckets": 1048576,
                                            "Original Hash Buckets": 1048576,
                                            "Hash Batches": 1,
                                            "Original Hash Batches": 1,
                                            "Peak Memory Usage": 38624,
                                            "Workers": [
                                                {
                                                    "Worker Number": 0,
                                                    "Actual Startup Time": 142.499,
                                                    "Actual Total Time": 142.5,
                                                    "Actual Rows": 114541,
                                                    "Actual Loops": 1
                                                },
                                                {
                                                    "Worker Number": 1,
                                                    "Actual Startup Time": 142.843,
                                                    "Actual Total Time": 142.844,
                                                    "Actual Rows": 116196,
                                                    "Actual Loops": 1
                                                },
                                                {
                                                    "Worker Number": 2,
                                                    "Actual Startup Time": 142.81,
                                                    "Actual Total Time": 142.811,
                                                    "Actual Rows": 114008,
                                                    "Actual Loops": 1
                                                },
                                                {
                                                    "Worker Number": 3,
                                                    "Actual Startup Time": 143.018,
                                                    "Actual Total Time": 143.019,
                                                    "Actual Rows": 114969,
                                                    "Actual Loops": 1
                                                },
                                                {
                                                    "Worker Number": 4,
                                                    "Actual Startup Time": 143.352,
                                                    "Actual Total Time": 143.353,
                                                    "Actual Rows": 102479,
                                                    "Actual Loops": 1
                                                }
                                            ],
                                            "Plans": [
                                                {
                                                    "Node Type": "Seq Scan",
                                                    "Parent Relationship": "Outer",
                                                    "Parallel Aware": true,
                                                    "Relation Name": "title",
                                                    "Schema": "public",
                                                    "Alias": "t",
                                                    "Startup Cost": 0.0,
                                                    "Total Cost": 45479.21,
                                                    "Plan Rows": 215316,
                                                    "Plan Width": 4,
                                                    "Actual Startup Time": 0.046,
                                                    "Actual Total Time": 89.498,
                                                    "Actual Rows": 129057,
                                                    "Actual Loops": 6,
                                                    "Output": [
                                                        "t.id"
                                                    ],
                                                    "Filter": "((t.kind_id < 7) AND (t.production_year > 1961))",
                                                    "Rows Removed by Filter": 292328,
                                                    "Workers": [
                                                        {
                                                            "Worker Number": 0,
                                                            "Actual Startup Time": 0.039,
                                                            "Actual Total Time": 90.553,
                                                            "Actual Rows": 114541,
                                                            "Actual Loops": 1
                                                        },
                                                        {
                                                            "Worker Number": 1,
                                                            "Actual Startup Time": 0.049,
                                                            "Actual Total Time": 91.075,
                                                            "Actual Rows": 116196,
                                                            "Actual Loops": 1
                                                        },
                                                        {
                                                            "Worker Number": 2,
                                                            "Actual Startup Time": 0.051,
                                                            "Actual Total Time": 90.359,
                                                            "Actual Rows": 114008,
                                                            "Actual Loops": 1
                                                        },
                                                        {
                                                            "Worker Number": 3,
                                                            "Actual Startup Time": 0.052,
                                                            "Actual Total Time": 90.809,
                                                            "Actual Rows": 114969,
                                                            "Actual Loops": 1
                                                        },
                                                        {
                                                            "Worker Number": 4,
                                                            "Actual Startup Time": 0.062,
                                                            "Actual Total Time": 89.05,
                                                            "Actual Rows": 102479,
                                                            "Actual Loops": 1
                                                        }
                                                    ]
                                                }
                                            ]
                                        }
                                    ]
                                }
                            ]
                        }
                    ]
                }
            ]
        },
        "Planning Time": 178.378,
        "Triggers": [],
        "Execution Time": 704.875
    }
]