{
  "Plan": {
    "Node Type": "Aggregate",
    "Strategy": "Plain",
    "Partial Mode": "Finalize",
    "Parallel Aware": false,
    "Startup Cost": 393867.78,
    "Total Cost": 393867.79,
    "Plan Rows": 1,
    "Plan Width": 68,
    "Actual Startup Time": 3299.93,
    "Actual Total Time": 3340.423,
    "Actual Rows": 1,
    "Actual Loops": 1,
    "Plans": [
      {
        "Node Type": "Gather",
        "Parent Relationship": "Outer",
        "Parallel Aware": false,
        "Startup Cost": 393867.66,
        "Total Cost": 393867.77,
        "Plan Rows": 1,
        "Plan Width": 68,
        "Actual Startup Time": 3293.043,
        "Actual Total Time": 3340.414,
        "Actual Rows": 2,
        "Actual Loops": 1,
        "Workers Planned": 1,
        "Workers Launched": 1,
        "Single Copy": false,
        "Plans": [
          {
            "Node Type": "Aggregate",
            "Strategy": "Plain",
            "Partial Mode": "Partial",
            "Parent Relationship": "Outer",
            "Parallel Aware": false,
            "Startup Cost": 392867.66,
            "Total Cost": 392867.67,
            "Plan Rows": 1,
            "Plan Width": 68,
            "Actual Startup Time": 3285.653,
            "Actual Total Time": 3285.659,
            "Actual Rows": 1,
            "Actual Loops": 2,
            "Plans": [
              {
                "Node Type": "Hash Join",
                "Parent Relationship": "Outer",
                "Parallel Aware": true,
                "Join Type": "Inner",
                "Startup Cost": 135750.39,
                "Total Cost": 384344.97,
                "Plan Rows": 1136359,
                "Plan Width": 37,
                "Actual Startup Time": 949.699,
                "Actual Total Time": 3217.056,
                "Actual Rows": 706020,
                "Actual Loops": 2,
                "Inner Unique": true,
                "Hash Cond": "(ci.movie_id = t.id)",
                "Plans": [
                  {
                    "Node Type": "Hash Join",
                    "Parent Relationship": "Outer",
                    "Parallel Aware": true,
                    "Join Type": "Inner",
                    "Startup Cost": 78009.96,
                    "Total Cost": 315233.71,
                    "Plan Rows": 4331734,
                    "Plan Width": 20,
                    "Actual Startup Time": 733.679,
                    "Actual Total Time": 2171.279,
                    "Actual Rows": 3234342,
                    "Actual Loops": 2,
                    "Inner Unique": true,
                    "Hash Cond": "(ci.person_role_id = cn.id)",
                    "Plans": [
                      {
                        "Node Type": "Index Scan",
                        "Parent Relationship": "Outer",
                        "Parallel Aware": true,
                        "Scan Direction": "Forward",
                        "Index Name": "role_id_cast_info",
                        "Relation Name": "cast_info",
                        "Alias": "ci",
                        "Startup Cost": 0.56,
                        "Total Cost": 225853.5,
                        "Plan Rows": 4331734,
                        "Plan Width": 8,
                        "Actual Startup Time": 0.158,
                        "Actual Total Time": 526.4,
                        "Actual Rows": 3725986,
                        "Actual Loops": 2,
                        "Index Cond": "(role_id = 2)",
                        "Rows Removed by Index Recheck": 0
                      },
                      {
                        "Node Type": "Hash",
                        "Parent Relationship": "Inner",
                        "Parallel Aware": true,
                        "Startup Cost": 54919.73,
                        "Total Cost": 54919.73,
                        "Plan Rows": 1847173,
                        "Plan Width": 20,
                        "Actual Startup Time": 721.674,
                        "Actual Total Time": 721.675,
                        "Actual Rows": 1570170,
                        "Actual Loops": 2,
                        "Hash Buckets": 4194304,
                        "Original Hash Buckets": 4194304,
                        "Hash Batches": 1,
                        "Original Hash Batches": 1,
                        "Peak Memory Usage": 205088,
                        "Plans": [
                          {
                            "Node Type": "Seq Scan",
                            "Parent Relationship": "Outer",
                            "Parallel Aware": true,
                            "Relation Name": "char_name",
                            "Alias": "cn",
                            "Startup Cost": 0.0,
                            "Total Cost": 54919.73,
                            "Plan Rows": 1847173,
                            "Plan Width": 20,
                            "Actual Startup Time": 0.028,
                            "Actual Total Time": 195.417,
                            "Actual Rows": 1570170,
                            "Actual Loops": 2
                          }
                        ]
                      }
                    ]
                  },
                  {
                    "Node Type": "Hash",
                    "Parent Relationship": "Inner",
                    "Parallel Aware": true,
                    "Startup Cost": 52863.55,
                    "Total Cost": 52863.55,
                    "Plan Rows": 390151,
                    "Plan Width": 25,
                    "Actual Startup Time": 206.054,
                    "Actual Total Time": 206.056,
                    "Actual Rows": 331412,
                    "Actual Loops": 2,
                    "Hash Buckets": 1048576,
                    "Original Hash Buckets": 1048576,
                    "Hash Batches": 1,
                    "Original Hash Batches": 1,
                    "Peak Memory Usage": 48352,
                    "Plans": [
                      {
                        "Node Type": "Bitmap Heap Scan",
                        "Parent Relationship": "Outer",
                        "Parallel Aware": true,
                        "Relation Name": "title",
                        "Alias": "t",
                        "Startup Cost": 11988.66,
                        "Total Cost": 52863.55,
                        "Plan Rows": 390151,
                        "Plan Width": 25,
                        "Actual Startup Time": 32.271,
                        "Actual Total Time": 102.427,
                        "Actual Rows": 331412,
                        "Actual Loops": 2,
                        "Recheck Cond": "(kind_id = 1)",
                        "Rows Removed by Index Recheck": 0,
                        "Exact Heap Blocks": 7460,
                        "Lossy Heap Blocks": 0,
                        "Plans": [
                          {
                            "Node Type": "Bitmap Index Scan",
                            "Parent Relationship": "Outer",
                            "Parallel Aware": false,
                            "Index Name": "kind_id_title",
                            "Startup Cost": 0.0,
                            "Total Cost": 11822.85,
                            "Plan Rows": 663256,
                            "Plan Width": 0,
                            "Actual Startup Time": 30.242,
                            "Actual Total Time": 30.242,
                            "Actual Rows": 662825,
                            "Actual Loops": 1,
                            "Index Cond": "(kind_id = 1)"
                          }
                        ]
                      }
                    ]
                  }
                ]
              }
            ]
          }
        ]
      }
    ]
  },
  "Planning Time": 0.978,
  "Triggers": [],
  "Execution Time": 3340.557
}