[
    {
        "Bao": {
            "Bao prediction": "NaN",
            "Bao recommended hint": "(no hint)"
        }
    },
    {
        "Plan": {
            "Node Type": "Aggregate",
            "Strategy": "Plain",
            "Partial Mode": "Finalize",
            "Parallel Aware": false,
            "Startup Cost": 343844.15,
            "Total Cost": 343844.16,
            "Plan Rows": 1,
            "Plan Width": 8,
            "Actual Startup Time": 852.725,
            "Actual Total Time": 883.727,
            "Actual Rows": 1,
            "Actual Loops": 1,
            "Output": [
                "count(*)"
            ],
            "Plans": [
                {
                    "Node Type": "Gather",
                    "Parent Relationship": "Outer",
                    "Parallel Aware": false,
                    "Startup Cost": 343843.53,
                    "Total Cost": 343844.14,
                    "Plan Rows": 6,
                    "Plan Width": 8,
                    "Actual Startup Time": 852.629,
                    "Actual Total Time": 883.719,
                    "Actual Rows": 7,
                    "Actual Loops": 1,
                    "Output": [
                        "(PARTIAL count(*))"
                    ],
                    "Workers Planned": 6,
                    "Workers Launched": 6,
                    "Single Copy": false,
                    "Plans": [
                        {
                            "Node Type": "Aggregate",
                            "Strategy": "Plain",
                            "Partial Mode": "Partial",
                            "Parent Relationship": "Outer",
                            "Parallel Aware": false,
                            "Startup Cost": 342843.53,
                            "Total Cost": 342843.54,
                            "Plan Rows": 1,
                            "Plan Width": 8,
                            "Actual Startup Time": 842.89,
                            "Actual Total Time": 842.891,
                            "Actual Rows": 1,
                            "Actual Loops": 7,
                            "Output": [
                                "PARTIAL count(*)"
                            ],
                            "Workers": [
                                {
                                    "Worker Number": 0,
                                    "Actual Startup Time": 840.534,
                                    "Actual Total Time": 840.535,
                                    "Actual Rows": 1,
                                    "Actual Loops": 1
                                },
                                {
                                    "Worker Number": 1,
                                    "Actual Startup Time": 840.982,
                                    "Actual Total Time": 840.984,
                                    "Actual Rows": 1,
                                    "Actual Loops": 1
                                },
                                {
                                    "Worker Number": 2,
                                    "Actual Startup Time": 841.312,
                                    "Actual Total Time": 841.313,
                                    "Actual Rows": 1,
                                    "Actual Loops": 1
                                },
                                {
                                    "Worker Number": 3,
                                    "Actual Startup Time": 841.311,
                                    "Actual Total Time": 841.312,
                                    "Actual Rows": 1,
                                    "Actual Loops": 1
                                },
                                {
                                    "Worker Number": 4,
                                    "Actual Startup Time": 841.572,
                                    "Actual Total Time": 841.573,
                                    "Actual Rows": 1,
                                    "Actual Loops": 1
                                },
                                {
                                    "Worker Number": 5,
                                    "Actual Startup Time": 842.199,
                                    "Actual Total Time": 842.199,
                                    "Actual Rows": 1,
                                    "Actual Loops": 1
                                }
                            ],
                            "Plans": [
                                {
                                    "Node Type": "Seq Scan",
                                    "Parent Relationship": "Outer",
                                    "Parallel Aware": true,
                                    "Relation Name": "cast_info",
                                    "Schema": "public",
                                    "Alias": "ci",
                                    "Startup Cost": 0.0,
                                    "Total Cost": 328213.62,
                                    "Plan Rows": 5851965,
                                    "Plan Width": 0,
                                    "Actual Startup Time": 18.725,
                                    "Actual Total Time": 613.064,
                                    "Actual Rows": 5010694,
                                    "Actual Loops": 7,
                                    "Output": [
                                        "id",
                                        "person_id",
                                        "movie_id",
                                        "person_role_id",
                                        "note",
                                        "nr_order",
                                        "role_id"
                                    ],
                                    "Filter": "(ci.person_id > 118585)",
                                    "Rows Removed by Filter": 167069,
                                    "Workers": [
                                        {
                                            "Worker Number": 0,
                                            "Actual Startup Time": 16.349,
                                            "Actual Total Time": 614.971,
                                            "Actual Rows": 3423718,
                                            "Actual Loops": 1
                                        },
                                        {
                                            "Worker Number": 1,
                                            "Actual Startup Time": 16.829,
                                            "Actual Total Time": 616.318,
                                            "Actual Rows": 5373266,
                                            "Actual Loops": 1
                                        },
                                        {
                                            "Worker Number": 2,
                                            "Actual Startup Time": 17.163,
                                            "Actual Total Time": 609.897,
                                            "Actual Rows": 3504073,
                                            "Actual Loops": 1
                                        },
                                        {
                                            "Worker Number": 3,
                                            "Actual Startup Time": 17.161,
                                            "Actual Total Time": 617.062,
                                            "Actual Rows": 5339740,
                                            "Actual Loops": 1
                                        },
                                        {
                                            "Worker Number": 4,
                                            "Actual Startup Time": 17.4,
                                            "Actual Total Time": 622.703,
                                            "Actual Rows": 5309451,
                                            "Actual Loops": 1
                                        },
                                        {
                                            "Worker Number": 5,
                                            "Actual Startup Time": 18.038,
                                            "Actual Total Time": 617.513,
                                            "Actual Rows": 5374579,
                                            "Actual Loops": 1
                                        }
                                    ]
                                }
                            ]
                        }
                    ]
                }
            ]
        },
        "Planning Time": 181.797,
        "Triggers": [],
        "Execution Time": 883.777
    }
]