[
  {
    "Plan": {
      "Node Type": "Aggregate",
      "Strategy": "Plain",
      "Partial Mode": "Finalize",
      "Parallel Aware": false,
      "Startup Cost": 346332.5,
      "Total Cost": 346332.51,
      "Plan Rows": 1,
      "Plan Width": 8,
      "Actual Startup Time": 611.099,
      "Actual Total Time": 672.034,
      "Actual Rows": 1,
      "Actual Loops": 1,
      "Plans": [
        {
          "Node Type": "Gather",
          "Parent Relationship": "Outer",
          "Parallel Aware": false,
          "Startup Cost": 346331.88,
          "Total Cost": 346332.49,
          "Plan Rows": 6,
          "Plan Width": 8,
          "Actual Startup Time": 610.991,
          "Actual Total Time": 672.025,
          "Actual Rows": 7,
          "Actual Loops": 1,
          "Workers Planned": 6,
          "Workers Launched": 6,
          "Single Copy": false,
          "Plans": [
            {
              "Node Type": "Aggregate",
              "Strategy": "Plain",
              "Partial Mode": "Partial",
              "Parent Relationship": "Outer",
              "Parallel Aware": false,
              "Startup Cost": 345331.88,
              "Total Cost": 345331.89,
              "Plan Rows": 1,
              "Plan Width": 8,
              "Actual Startup Time": 600.955,
              "Actual Total Time": 600.956,
              "Actual Rows": 1,
              "Actual Loops": 7,
              "Plans": [
                {
                  "Node Type": "Seq Scan",
                  "Parent Relationship": "Outer",
                  "Parallel Aware": true,
                  "Relation Name": "cast_info",
                  "Alias": "ci",
                  "Startup Cost": 0.0,
                  "Total Cost": 343257.03,
                  "Plan Rows": 829940,
                  "Plan Width": 0,
                  "Actual Startup Time": 328.511,
                  "Actual Total Time": 583.369,
                  "Actual Rows": 440105,
                  "Actual Loops": 7,
                  "Filter": "((person_id < 1082368) AND (role_id > 2))",
                  "Rows Removed by Filter": 4737658
                }
              ]
            }
          ]
        }
      ]
    },
    "Planning Time": 0.159,
    "Triggers": [],
    "Execution Time": 672.092
  }
]