[
  {
    "Plan": {
      "Node Type": "Aggregate",
      "Strategy": "Plain",
      "Partial Mode": "Finalize",
      "Parallel Aware": false,
      "Startup Cost": 271911.65,
      "Total Cost": 271911.66,
      "Plan Rows": 1,
      "Plan Width": 8,
      "Actual Startup Time": 968.154,
      "Actual Total Time": 1003.972,
      "Actual Rows": 1,
      "Actual Loops": 1,
      "Plans": [
        {
          "Node Type": "Gather",
          "Parent Relationship": "Outer",
          "Parallel Aware": false,
          "Startup Cost": 271911.33,
          "Total Cost": 271911.64,
          "Plan Rows": 3,
          "Plan Width": 8,
          "Actual Startup Time": 914.818,
          "Actual Total Time": 1003.946,
          "Actual Rows": 4,
          "Actual Loops": 1,
          "Workers Planned": 3,
          "Workers Launched": 3,
          "Single Copy": false,
          "Plans": [
            {
              "Node Type": "Aggregate",
              "Strategy": "Plain",
              "Partial Mode": "Partial",
              "Parent Relationship": "Outer",
              "Parallel Aware": false,
              "Startup Cost": 270911.33,
              "Total Cost": 270911.34,
              "Plan Rows": 1,
              "Plan Width": 8,
              "Actual Startup Time": 900.155,
              "Actual Total Time": 900.202,
              "Actual Rows": 1,
              "Actual Loops": 4,
              "Plans": [
                {
                  "Node Type": "Hash Join",
                  "Parent Relationship": "Outer",
                  "Parallel Aware": true,
                  "Join Type": "Inner",
                  "Startup Cost": 223567.28,
                  "Total Cost": 270431.35,
                  "Plan Rows": 191990,
                  "Plan Width": 0,
                  "Actual Startup Time": 614.866,
                  "Actual Total Time": 872.267,
                  "Actual Rows": 608656,
                  "Actual Loops": 4,
                  "Inner Unique": false,
                  "Hash Cond": "(mk.movie_id = t.id)",
                  "Plans": [
                    {
                      "Node Type": "Seq Scan",
                      "Parent Relationship": "Outer",
                      "Parallel Aware": true,
                      "Relation Name": "movie_keyword",
                      "Alias": "mk",
                      "Startup Cost": 0.0,
                      "Total Cost": 42695.65,
                      "Plan Rows": 1009184,
                      "Plan Width": 4,
                      "Actual Startup Time": 0.181,
                      "Actual Total Time": 128.124,
                      "Actual Rows": 781397,
                      "Actual Loops": 4,
                      "Filter": "(keyword_id > 1887)",
                      "Rows Removed by Filter": 349586
                    },
                    {
                      "Node Type": "Hash",
                      "Parent Relationship": "Inner",
                      "Parallel Aware": true,
                      "Startup Cost": 222364.74,
                      "Total Cost": 222364.74,
                      "Plan Rows": 96203,
                      "Plan Width": 8,
                      "Actual Startup Time": 612.319,
                      "Actual Total Time": 612.362,
                      "Actual Rows": 118611,
                      "Actual Loops": 4,
                      "Hash Buckets": 524288,
                      "Original Hash Buckets": 524288,
                      "Hash Batches": 1,
                      "Original Hash Batches": 1,
                      "Peak Memory Usage": 22720,
                      "Plans": [
                        {
                          "Node Type": "Hash Join",
                          "Parent Relationship": "Outer",
                          "Parallel Aware": true,
                          "Join Type": "Inner",
                          "Startup Cost": 58916.68,
                          "Total Cost": 222364.74,
                          "Plan Rows": 96203,
                          "Plan Width": 8,
                          "Actual Startup Time": 478.06,
                          "Actual Total Time": 563.999,
                          "Actual Rows": 118611,
                          "Actual Loops": 4,
                          "Inner Unique": true,
                          "Hash Cond": "(mi.movie_id = t.id)",
                          "Plans": [
                            {
                              "Node Type": "Bitmap Heap Scan",
                              "Parent Relationship": "Outer",
                              "Parallel Aware": true,
                              "Relation Name": "movie_info",
                              "Alias": "mi",
                              "Startup Cost": 8696.29,
                              "Total Cost": 171891.83,
                              "Plan Rows": 96203,
                              "Plan Width": 4,
                              "Actual Startup Time": 16.398,
                              "Actual Total Time": 32.94,
                              "Actual Rows": 118611,
                              "Actual Loops": 4,
                              "Recheck Cond": "(info_type_id = 6)",
                              "Rows Removed by Index Recheck": 0,
                              "Exact Heap Blocks": 840,
                              "Lossy Heap Blocks": 0,
                              "Plans": [
                                {
                                  "Node Type": "Bitmap Index Scan",
                                  "Parent Relationship": "Outer",
                                  "Parallel Aware": false,
                                  "Index Name": "info_type_id_movie_info",
                                  "Startup Cost": 0.0,
                                  "Total Cost": 8576.04,
                                  "Plan Rows": 481014,
                                  "Plan Width": 0,
                                  "Actual Startup Time": 15.916,
                                  "Actual Total Time": 15.916,
                                  "Actual Rows": 474443,
                                  "Actual Loops": 1,
                                  "Index Cond": "(info_type_id = 6)"
                                }
                              ]
                            },
                            {
                              "Node Type": "Hash",
                              "Parent Relationship": "Inner",
                              "Parallel Aware": true,
                              "Startup Cost": 42319.06,
                              "Total Cost": 42319.06,
                              "Plan Rows": 632106,
                              "Plan Width": 4,
                              "Actual Startup Time": 446.558,
                              "Actual Total Time": 446.56,
                              "Actual Rows": 632078,
                              "Actual Loops": 4,
                              "Hash Buckets": 4194304,
                              "Original Hash Buckets": 4194304,
                              "Hash Batches": 1,
                              "Original Hash Batches": 1,
                              "Peak Memory Usage": 131744,
                              "Plans": [
                                {
                                  "Node Type": "Seq Scan",
                                  "Parent Relationship": "Outer",
                                  "Parallel Aware": true,
                                  "Relation Name": "title",
                                  "Alias": "t",
                                  "Startup Cost": 0.0,
                                  "Total Cost": 42319.06,
                                  "Plan Rows": 632106,
                                  "Plan Width": 4,
                                  "Actual Startup Time": 0.055,
                                  "Actual Total Time": 124.953,
                                  "Actual Rows": 632078,
                                  "Actual Loops": 4
                                }
                              ]
                            }
                          ]
                        }
                      ]
                    }
                  ]
                }
              ]
            }
          ]
        }
      ]
    },
    "Planning Time": 0.589,
    "Triggers": [],
    "Execution Time": 1004.079
  }
]