[
  {
    "Plan": {
      "Node Type": "Aggregate",
      "Strategy": "Plain",
      "Partial Mode": "Finalize",
      "Parallel Aware": false,
      "Startup Cost": 349147.16,
      "Total Cost": 349147.17,
      "Plan Rows": 1,
      "Plan Width": 8,
      "Actual Startup Time": 797.782,
      "Actual Total Time": 856.207,
      "Actual Rows": 1,
      "Actual Loops": 1,
      "Plans": [
        {
          "Node Type": "Gather",
          "Parent Relationship": "Outer",
          "Parallel Aware": false,
          "Startup Cost": 349146.53,
          "Total Cost": 349147.14,
          "Plan Rows": 6,
          "Plan Width": 8,
          "Actual Startup Time": 797.651,
          "Actual Total Time": 856.196,
          "Actual Rows": 7,
          "Actual Loops": 1,
          "Workers Planned": 6,
          "Workers Launched": 6,
          "Single Copy": false,
          "Plans": [
            {
              "Node Type": "Aggregate",
              "Strategy": "Plain",
              "Partial Mode": "Partial",
              "Parent Relationship": "Outer",
              "Parallel Aware": false,
              "Startup Cost": 348146.53,
              "Total Cost": 348146.54,
              "Plan Rows": 1,
              "Plan Width": 8,
              "Actual Startup Time": 789.04,
              "Actual Total Time": 789.041,
              "Actual Rows": 1,
              "Actual Loops": 7,
              "Plans": [
                {
                  "Node Type": "Seq Scan",
                  "Parent Relationship": "Outer",
                  "Parallel Aware": true,
                  "Relation Name": "cast_info",
                  "Alias": "ci",
                  "Startup Cost": 0.0,
                  "Total Cost": 343257.03,
                  "Plan Rows": 1955801,
                  "Plan Width": 0,
                  "Actual Startup Time": 0.052,
                  "Actual Total Time": 685.334,
                  "Actual Rows": 2294492,
                  "Actual Loops": 7,
                  "Filter": "((person_id < 2174886) AND (role_id < 3))",
                  "Rows Removed by Filter": 2883271
                }
              ]
            }
          ]
        }
      ]
    },
    "Planning Time": 0.165,
    "Triggers": [],
    "Execution Time": 856.266
  }
]