{
  "Plan": {
    "Node Type": "Aggregate",
    "Strategy": "Plain",
    "Partial Mode": "Simple",
    "Parallel Aware": false,
    "Startup Cost": 416671.82,
    "Total Cost": 416671.83,
    "Plan Rows": 1,
    "Plan Width": 96,
    "Actual Startup Time": 6381.911,
    "Actual Total Time": 6519.936,
    "Actual Rows": 1,
    "Actual Loops": 1,
    "Plans": [
      {
        "Node Type": "Gather",
        "Parent Relationship": "Outer",
        "Parallel Aware": false,
        "Startup Cost": 21893.93,
        "Total Cost": 416671.81,
        "Plan Rows": 1,
        "Plan Width": 66,
        "Actual Startup Time": 196.675,
        "Actual Total Time": 6518.671,
        "Actual Rows": 5035,
        "Actual Loops": 1,
        "Workers Planned": 1,
        "Workers Launched": 1,
        "Single Copy": false,
        "Plans": [
          {
            "Node Type": "Nested Loop",
            "Parent Relationship": "Outer",
            "Parallel Aware": false,
            "Join Type": "Inner",
            "Startup Cost": 20893.93,
            "Total Cost": 415671.71,
            "Plan Rows": 1,
            "Plan Width": 66,
            "Actual Startup Time": 234.579,
            "Actual Total Time": 6371.337,
            "Actual Rows": 2518,
            "Actual Loops": 2,
            "Inner Unique": true,
            "Plans": [
              {
                "Node Type": "Nested Loop",
                "Parent Relationship": "Outer",
                "Parallel Aware": false,
                "Join Type": "Inner",
                "Startup Cost": 20893.78,
                "Total Cost": 415670.88,
                "Plan Rows": 5,
                "Plan Width": 70,
                "Actual Startup Time": 234.557,
                "Actual Total Time": 6368.042,
                "Actual Rows": 2536,
                "Actual Loops": 2,
                "Inner Unique": false,
                "Join Filter": "(t.id = mi.movie_id)",
                "Rows Removed by Join Filter": 0,
                "Plans": [
                  {
                    "Node Type": "Hash Join",
                    "Parent Relationship": "Outer",
                    "Parallel Aware": false,
                    "Join Type": "Inner",
                    "Startup Cost": 20893.35,
                    "Total Cost": 415147.37,
                    "Plan Rows": 369,
                    "Plan Width": 35,
                    "Actual Startup Time": 163.07,
                    "Actual Total Time": 4866.36,
                    "Actual Rows": 141680,
                    "Actual Loops": 2,
                    "Inner Unique": true,
                    "Hash Cond": "(mi_idx.info_type_id = it2.id)",
                    "Plans": [
                      {
                        "Node Type": "Nested Loop",
                        "Parent Relationship": "Outer",
                        "Parallel Aware": false,
                        "Join Type": "Inner",
                        "Startup Cost": 20890.92,
                        "Total Cost": 415031.37,
                        "Plan Rows": 41704,
                        "Plan Width": 39,
                        "Actual Startup Time": 162.709,
                        "Actual Total Time": 4823.63,
                        "Actual Rows": 190054,
                        "Actual Loops": 2,
                        "Inner Unique": true,
                        "Plans": [
                          {
                            "Node Type": "Nested Loop",
                            "Parent Relationship": "Outer",
                            "Parallel Aware": false,
                            "Join Type": "Inner",
                            "Startup Cost": 20890.49,
                            "Total Cost": 337686.28,
                            "Plan Rows": 150928,
                            "Plan Width": 43,
                            "Actual Startup Time": 162.62,
                            "Actual Total Time": 3662.601,
                            "Actual Rows": 339380,
                            "Actual Loops": 2,
                            "Inner Unique": false,
                            "Plans": [
                              {
                                "Node Type": "Hash Join",
                                "Parent Relationship": "Outer",
                                "Parallel Aware": true,
                                "Join Type": "Inner",
                                "Startup Cost": 20889.93,
                                "Total Cost": 82485.03,
                                "Plan Rows": 84371,
                                "Plan Width": 35,
                                "Actual Startup Time": 162.096,
                                "Actual Total Time": 559.65,
                                "Actual Rows": 77500,
                                "Actual Loops": 2,
                                "Inner Unique": false,
                                "Hash Cond": "(t.id = mi_idx.movie_id)",
                                "Plans": [
                                  {
                                    "Node Type": "Seq Scan",
                                    "Parent Relationship": "Outer",
                                    "Parallel Aware": true,
                                    "Relation Name": "title",
                                    "Alias": "t",
                                    "Startup Cost": 0.0,
                                    "Total Cost": 58305.62,
                                    "Plan Rows": 558636,
                                    "Plan Width": 21,
                                    "Actual Startup Time": 0.013,
                                    "Actual Total Time": 173.138,
                                    "Actual Rows": 472506,
                                    "Actual Loops": 2,
                                    "Filter": "((production_year >= 1996) AND (production_year <= 2008))",
                                    "Rows Removed by Filter": 791650
                                  },
                                  {
                                    "Node Type": "Hash",
                                    "Parent Relationship": "Inner",
                                    "Parallel Aware": true,
                                    "Startup Cost": 18082.32,
                                    "Total Cost": 18082.32,
                                    "Plan Rows": 224609,
                                    "Plan Width": 14,
                                    "Actual Startup Time": 157.216,
                                    "Actual Total Time": 157.217,
                                    "Actual Rows": 193331,
                                    "Actual Loops": 2,
                                    "Hash Buckets": 524288,
                                    "Original Hash Buckets": 524288,
                                    "Hash Batches": 1,
                                    "Original Hash Batches": 1,
                                    "Peak Memory Usage": 22304,
                                    "Plans": [
                                      {
                                        "Node Type": "Seq Scan",
                                        "Parent Relationship": "Outer",
                                        "Parallel Aware": true,
                                        "Relation Name": "movie_info_idx",
                                        "Alias": "mi_idx",
                                        "Startup Cost": 0.0,
                                        "Total Cost": 18082.32,
                                        "Plan Rows": 224609,
                                        "Plan Width": 14,
                                        "Actual Startup Time": 0.032,
                                        "Actual Total Time": 94.684,
                                        "Actual Rows": 193331,
                                        "Actual Loops": 2,
                                        "Filter": "(info > '6'::text)",
                                        "Rows Removed by Filter": 496686
                                      }
                                    ]
                                  }
                                ]
                              },
                              {
                                "Node Type": "Index Scan",
                                "Parent Relationship": "Inner",
                                "Parallel Aware": false,
                                "Scan Direction": "Forward",
                                "Index Name": "movie_id_cast_info",
                                "Relation Name": "cast_info",
                                "Alias": "ci",
                                "Startup Cost": 0.56,
                                "Total Cost": 2.98,
                                "Plan Rows": 4,
                                "Plan Width": 8,
                                "Actual Startup Time": 0.019,
                                "Actual Total Time": 0.039,
                                "Actual Rows": 4,
                                "Actual Loops": 155000,
                                "Index Cond": "(movie_id = t.id)",
                                "Rows Removed by Index Recheck": 0,
                                "Filter": "(note = ANY ('{(producer),(uncredited),(voice),\"(executive producer)\",(writer)}'::text[]))",
                                "Rows Removed by Filter": 27
                              }
                            ]
                          },
                          {
                            "Node Type": "Index Scan",
                            "Parent Relationship": "Inner",
                            "Parallel Aware": false,
                            "Scan Direction": "Forward",
                            "Index Name": "name_pkey",
                            "Relation Name": "name",
                            "Alias": "n",
                            "Startup Cost": 0.43,
                            "Total Cost": 0.51,
                            "Plan Rows": 1,
                            "Plan Width": 4,
                            "Actual Startup Time": 0.003,
                            "Actual Total Time": 0.003,
                            "Actual Rows": 1,
                            "Actual Loops": 678759,
                            "Index Cond": "(id = ci.person_id)",
                            "Rows Removed by Index Recheck": 0,
                            "Filter": "((gender IS NOT NULL) AND ((gender)::text = 'm'::text))",
                            "Rows Removed by Filter": 0
                          }
                        ]
                      },
                      {
                        "Node Type": "Hash",
                        "Parent Relationship": "Inner",
                        "Parallel Aware": false,
                        "Startup Cost": 2.41,
                        "Total Cost": 2.41,
                        "Plan Rows": 1,
                        "Plan Width": 4,
                        "Actual Startup Time": 0.072,
                        "Actual Total Time": 0.073,
                        "Actual Rows": 1,
                        "Actual Loops": 2,
                        "Hash Buckets": 1024,
                        "Original Hash Buckets": 1024,
                        "Hash Batches": 1,
                        "Original Hash Batches": 1,
                        "Peak Memory Usage": 9,
                        "Plans": [
                          {
                            "Node Type": "Seq Scan",
                            "Parent Relationship": "Outer",
                            "Parallel Aware": false,
                            "Relation Name": "info_type",
                            "Alias": "it2",
                            "Startup Cost": 0.0,
                            "Total Cost": 2.41,
                            "Plan Rows": 1,
                            "Plan Width": 4,
                            "Actual Startup Time": 0.051,
                            "Actual Total Time": 0.056,
                            "Actual Rows": 1,
                            "Actual Loops": 2,
                            "Filter": "((info)::text = 'rating'::text)",
                            "Rows Removed by Filter": 112
                          }
                        ]
                      }
                    ]
                  },
                  {
                    "Node Type": "Index Scan",
                    "Parent Relationship": "Inner",
                    "Parallel Aware": false,
                    "Scan Direction": "Forward",
                    "Index Name": "movie_id_movie_info",
                    "Relation Name": "movie_info",
                    "Alias": "mi",
                    "Startup Cost": 0.43,
                    "Total Cost": 1.41,
                    "Plan Rows": 1,
                    "Plan Width": 51,
                    "Actual Startup Time": 0.01,
                    "Actual Total Time": 0.01,
                    "Actual Rows": 0,
                    "Actual Loops": 283361,
                    "Index Cond": "(movie_id = ci.movie_id)",
                    "Rows Removed by Index Recheck": 0,
                    "Filter": "((note IS NULL) AND (info = ANY ('{Western,Horror}'::text[])))",
                    "Rows Removed by Filter": 33
                  }
                ]
              },
              {
                "Node Type": "Index Scan",
                "Parent Relationship": "Inner",
                "Parallel Aware": false,
                "Scan Direction": "Forward",
                "Index Name": "info_type_pkey",
                "Relation Name": "info_type",
                "Alias": "it1",
                "Startup Cost": 0.14,
                "Total Cost": 0.16,
                "Plan Rows": 1,
                "Plan Width": 4,
                "Actual Startup Time": 0.001,
                "Actual Total Time": 0.001,
                "Actual Rows": 1,
                "Actual Loops": 5071,
                "Index Cond": "(id = mi.info_type_id)",
                "Rows Removed by Index Recheck": 0,
                "Filter": "((info)::text = 'genres'::text)",
                "Rows Removed by Filter": 0
              }
            ]
          }
        ]
      }
    ]
  },
  "Planning Time": 2.082,
  "Triggers": [],
  "Execution Time": 6520.142
}