[
  {
    "Plan": {
      "Node Type": "Aggregate",
      "Strategy": "Plain",
      "Partial Mode": "Finalize",
      "Parallel Aware": false,
      "Startup Cost": 44319.2,
      "Total Cost": 44319.21,
      "Plan Rows": 1,
      "Plan Width": 8,
      "Actual Startup Time": 120.759,
      "Actual Total Time": 130.099,
      "Actual Rows": 1,
      "Actual Loops": 1,
      "Plans": [
        {
          "Node Type": "Gather",
          "Parent Relationship": "Outer",
          "Parallel Aware": false,
          "Startup Cost": 44318.88,
          "Total Cost": 44319.19,
          "Plan Rows": 3,
          "Plan Width": 8,
          "Actual Startup Time": 120.633,
          "Actual Total Time": 130.087,
          "Actual Rows": 4,
          "Actual Loops": 1,
          "Workers Planned": 3,
          "Workers Launched": 3,
          "Single Copy": false,
          "Plans": [
            {
              "Node Type": "Aggregate",
              "Strategy": "Plain",
              "Partial Mode": "Partial",
              "Parent Relationship": "Outer",
              "Parallel Aware": false,
              "Startup Cost": 43318.88,
              "Total Cost": 43318.89,
              "Plan Rows": 1,
              "Plan Width": 8,
              "Actual Startup Time": 111.95,
              "Actual Total Time": 111.951,
              "Actual Rows": 1,
              "Actual Loops": 4,
              "Plans": [
                {
                  "Node Type": "Seq Scan",
                  "Parent Relationship": "Outer",
                  "Parallel Aware": true,
                  "Relation Name": "movie_keyword",
                  "Alias": "mk",
                  "Startup Cost": 0.0,
                  "Total Cost": 42695.65,
                  "Plan Rows": 249291,
                  "Plan Width": 0,
                  "Actual Startup Time": 5.5,
                  "Actual Total Time": 102.378,
                  "Actual Rows": 191624,
                  "Actual Loops": 4,
                  "Filter": "(keyword_id > 24404)",
                  "Rows Removed by Filter": 939358
                }
              ]
            }
          ]
        }
      ]
    },
    "Planning Time": 0.146,
    "Triggers": [],
    "Execution Time": 130.144
  }
]