[
  {
    "Plan": {
      "Node Type": "Aggregate",
      "Strategy": "Plain",
      "Partial Mode": "Finalize",
      "Parallel Aware": false,
      "Startup Cost": 99172.33,
      "Total Cost": 99172.34,
      "Plan Rows": 1,
      "Plan Width": 8,
      "Actual Startup Time": 661.77,
      "Actual Total Time": 675.27,
      "Actual Rows": 1,
      "Actual Loops": 1,
      "Plans": [
        {
          "Node Type": "Gather",
          "Parent Relationship": "Outer",
          "Parallel Aware": false,
          "Startup Cost": 99172.11,
          "Total Cost": 99172.32,
          "Plan Rows": 2,
          "Plan Width": 8,
          "Actual Startup Time": 655.644,
          "Actual Total Time": 675.261,
          "Actual Rows": 3,
          "Actual Loops": 1,
          "Workers Planned": 2,
          "Workers Launched": 2,
          "Single Copy": false,
          "Plans": [
            {
              "Node Type": "Aggregate",
              "Strategy": "Plain",
              "Partial Mode": "Partial",
              "Parent Relationship": "Outer",
              "Parallel Aware": false,
              "Startup Cost": 98172.11,
              "Total Cost": 98172.12,
              "Plan Rows": 1,
              "Plan Width": 8,
              "Actual Startup Time": 653.172,
              "Actual Total Time": 653.954,
              "Actual Rows": 1,
              "Actual Loops": 3,
              "Plans": [
                {
                  "Node Type": "Hash Join",
                  "Parent Relationship": "Outer",
                  "Parallel Aware": true,
                  "Join Type": "Inner",
                  "Startup Cost": 81407.25,
                  "Total Cost": 97768.93,
                  "Plan Rows": 161272,
                  "Plan Width": 0,
                  "Actual Startup Time": 518.118,
                  "Actual Total Time": 639.511,
                  "Actual Rows": 362420,
                  "Actual Loops": 3,
                  "Inner Unique": false,
                  "Hash Cond": "(mi_idx.movie_id = t.id)",
                  "Plans": [
                    {
                      "Node Type": "Seq Scan",
                      "Parent Relationship": "Outer",
                      "Parallel Aware": true,
                      "Relation Name": "movie_info_idx",
                      "Alias": "mi_idx",
                      "Startup Cost": 0.0,
                      "Total Cost": 13685.15,
                      "Plan Rows": 575015,
                      "Plan Width": 4,
                      "Actual Startup Time": 0.02,
                      "Actual Total Time": 33.627,
                      "Actual Rows": 460012,
                      "Actual Loops": 3
                    },
                    {
                      "Node Type": "Hash",
                      "Parent Relationship": "Inner",
                      "Parallel Aware": true,
                      "Startup Cost": 78547.94,
                      "Total Cost": 78547.94,
                      "Plan Rows": 228745,
                      "Plan Width": 8,
                      "Actual Startup Time": 515.293,
                      "Actual Total Time": 516.073,
                      "Actual Rows": 273634,
                      "Actual Loops": 3,
                      "Hash Buckets": 1048576,
                      "Original Hash Buckets": 1048576,
                      "Hash Batches": 1,
                      "Original Hash Batches": 1,
                      "Peak Memory Usage": 40352,
                      "Plans": [
                        {
                          "Node Type": "Hash Join",
                          "Parent Relationship": "Outer",
                          "Parallel Aware": true,
                          "Join Type": "Inner",
                          "Startup Cost": 48110.86,
                          "Total Cost": 78547.94,
                          "Plan Rows": 228745,
                          "Plan Width": 8,
                          "Actual Startup Time": 282.792,
                          "Actual Total Time": 446.692,
                          "Actual Rows": 273634,
                          "Actual Loops": 3,
                          "Inner Unique": true,
                          "Hash Cond": "(mc.movie_id = t.id)",
                          "Plans": [
                            {
                              "Node Type": "Seq Scan",
                              "Parent Relationship": "Outer",
                              "Parallel Aware": true,
                              "Relation Name": "movie_companies",
                              "Alias": "mc",
                              "Startup Cost": 0.0,
                              "Total Cost": 29310.68,
                              "Plan Rows": 429104,
                              "Plan Width": 4,
                              "Actual Startup Time": 29.981,
                              "Actual Total Time": 76.256,
                              "Actual Rows": 444961,
                              "Actual Loops": 3,
                              "Filter": "(company_type_id = 2)",
                              "Rows Removed by Filter": 424749
                            },
                            {
                              "Node Type": "Hash",
                              "Parent Relationship": "Inner",
                              "Parallel Aware": true,
                              "Startup Cost": 43899.01,
                              "Total Cost": 43899.01,
                              "Plan Rows": 336948,
                              "Plan Width": 4,
                              "Actual Startup Time": 248.547,
                              "Actual Total Time": 248.548,
                              "Actual Rows": 449431,
                              "Actual Loops": 3,
                              "Hash Buckets": 2097152,
                              "Original Hash Buckets": 2097152,
                              "Hash Batches": 1,
                              "Original Hash Batches": 1,
                              "Peak Memory Usage": 69184,
                              "Plans": [
                                {
                                  "Node Type": "Seq Scan",
                                  "Parent Relationship": "Outer",
                                  "Parallel Aware": true,
                                  "Relation Name": "title",
                                  "Alias": "t",
                                  "Startup Cost": 0.0,
                                  "Total Cost": 43899.01,
                                  "Plan Rows": 336948,
                                  "Plan Width": 4,
                                  "Actual Startup Time": 0.017,
                                  "Actual Total Time": 111.9,
                                  "Actual Rows": 449431,
                                  "Actual Loops": 3,
                                  "Filter": "(production_year < 2005)",
                                  "Rows Removed by Filter": 393340
                                }
                              ]
                            }
                          ]
                        }
                      ]
                    }
                  ]
                }
              ]
            }
          ]
        }
      ]
    },
    "Planning Time": 0.506,
    "Triggers": [],
    "Execution Time": 675.308
  }
]