{
  "Plan": {
    "Node Type": "Aggregate",
    "Strategy": "Plain",
    "Partial Mode": "Finalize",
    "Parallel Aware": false,
    "Startup Cost": 749396.76,
    "Total Cost": 749396.77,
    "Plan Rows": 1,
    "Plan Width": 8,
    "Actual Startup Time": 2870.407,
    "Actual Total Time": 2870.843,
    "Actual Rows": 1,
    "Actual Loops": 1,
    "Plans": [
      {
        "Node Type": "Gather",
        "Parent Relationship": "Outer",
        "Parallel Aware": false,
        "Startup Cost": 749396.65,
        "Total Cost": 749396.76,
        "Plan Rows": 1,
        "Plan Width": 8,
        "Actual Startup Time": 2870.396,
        "Actual Total Time": 2870.837,
        "Actual Rows": 2,
        "Actual Loops": 1,
        "Workers Planned": 1,
        "Workers Launched": 1,
        "Single Copy": false,
        "Plans": [
          {
            "Node Type": "Aggregate",
            "Strategy": "Plain",
            "Partial Mode": "Partial",
            "Parent Relationship": "Outer",
            "Parallel Aware": false,
            "Startup Cost": 748396.65,
            "Total Cost": 748396.66,
            "Plan Rows": 1,
            "Plan Width": 8,
            "Actual Startup Time": 2837.027,
            "Actual Total Time": 2837.032,
            "Actual Rows": 1,
            "Actual Loops": 2,
            "Plans": [
              {
                "Node Type": "Merge Join",
                "Parent Relationship": "Outer",
                "Parallel Aware": false,
                "Join Type": "Inner",
                "Startup Cost": 719063.76,
                "Total Cost": 745857.41,
                "Plan Rows": 1015695,
                "Plan Width": 0,
                "Actual Startup Time": 2323.013,
                "Actual Total Time": 2764.651,
                "Actual Rows": 1844686,
                "Actual Loops": 2,
                "Inner Unique": false,
                "Merge Cond": "(mi.movie_id = t.id)",
                "Plans": [
                  {
                    "Node Type": "Sort",
                    "Parent Relationship": "Outer",
                    "Parallel Aware": false,
                    "Startup Cost": 475439.35,
                    "Total Cost": 480721.61,
                    "Plan Rows": 2112905,
                    "Plan Width": 4,
                    "Actual Startup Time": 703.653,
                    "Actual Total Time": 767.291,
                    "Actual Rows": 1812422,
                    "Actual Loops": 2,
                    "Sort Key": [
                      "mi.movie_id"
                    ],
                    "Sort Method": "quicksort",
                    "Sort Space Used": 139396,
                    "Sort Space Type": "Memory",
                    "Workers": [
                      {
                        "Worker Number": 0,
                        "Sort Method": "quicksort",
                        "Sort Space Used": 128830,
                        "Sort Space Type": "Memory"
                      }
                    ],
                    "Plans": [
                      {
                        "Node Type": "Bitmap Heap Scan",
                        "Parent Relationship": "Outer",
                        "Parallel Aware": true,
                        "Relation Name": "movie_info",
                        "Alias": "mi",
                        "Startup Cost": 65065.95,
                        "Total Cost": 253470.26,
                        "Plan Rows": 2112905,
                        "Plan Width": 4,
                        "Actual Startup Time": 123.493,
                        "Actual Total Time": 323.388,
                        "Actual Rows": 1812488,
                        "Actual Loops": 2,
                        "Recheck Cond": "(info_type_id < 4)",
                        "Rows Removed by Index Recheck": 0,
                        "Exact Heap Blocks": 12314,
                        "Lossy Heap Blocks": 0,
                        "Plans": [
                          {
                            "Node Type": "Bitmap Index Scan",
                            "Parent Relationship": "Outer",
                            "Parallel Aware": false,
                            "Index Name": "info_type_id_movie_info",
                            "Startup Cost": 0.0,
                            "Total Cost": 64167.97,
                            "Plan Rows": 3591938,
                            "Plan Width": 0,
                            "Actual Startup Time": 125.513,
                            "Actual Total Time": 125.514,
                            "Actual Rows": 3624977,
                            "Actual Loops": 1,
                            "Index Cond": "(info_type_id < 4)"
                          }
                        ]
                      }
                    ]
                  },
                  {
                    "Node Type": "Sort",
                    "Parent Relationship": "Inner",
                    "Parallel Aware": false,
                    "Startup Cost": 243624.29,
                    "Total Cost": 246662.73,
                    "Plan Rows": 1215376,
                    "Plan Width": 8,
                    "Actual Startup Time": 1619.329,
                    "Actual Total Time": 1694.453,
                    "Actual Rows": 2239140,
                    "Actual Loops": 2,
                    "Sort Key": [
                      "mi_idx.movie_id"
                    ],
                    "Sort Method": "quicksort",
                    "Sort Space Used": 110577,
                    "Sort Space Type": "Memory",
                    "Workers": [
                      {
                        "Worker Number": 0,
                        "Sort Method": "quicksort",
                        "Sort Space Used": 110577,
                        "Sort Space Type": "Memory"
                      }
                    ],
                    "Plans": [
                      {
                        "Node Type": "Hash Join",
                        "Parent Relationship": "Outer",
                        "Parallel Aware": false,
                        "Join Type": "Inner",
                        "Startup Cost": 95434.54,
                        "Total Cost": 120792.49,
                        "Plan Rows": 1215376,
                        "Plan Width": 8,
                        "Actual Startup Time": 896.148,
                        "Actual Total Time": 1340.809,
                        "Actual Rows": 1310384,
                        "Actual Loops": 2,
                        "Inner Unique": true,
                        "Hash Cond": "(mi_idx.movie_id = t.id)",
                        "Plans": [
                          {
                            "Node Type": "Seq Scan",
                            "Parent Relationship": "Outer",
                            "Parallel Aware": false,
                            "Relation Name": "movie_info_idx",
                            "Alias": "mi_idx",
                            "Startup Cost": 0.0,
                            "Total Cost": 21735.35,
                            "Plan Rows": 1380035,
                            "Plan Width": 4,
                            "Actual Startup Time": 0.044,
                            "Actual Total Time": 94.784,
                            "Actual Rows": 1380035,
                            "Actual Loops": 2
                          },
                          {
                            "Node Type": "Hash",
                            "Parent Relationship": "Inner",
                            "Parallel Aware": false,
                            "Startup Cost": 67601.66,
                            "Total Cost": 67601.66,
                            "Plan Rows": 2226630,
                            "Plan Width": 4,
                            "Actual Startup Time": 881.127,
                            "Actual Total Time": 881.128,
                            "Actual Rows": 2224569,
                            "Actual Loops": 2,
                            "Hash Buckets": 4194304,
                            "Original Hash Buckets": 4194304,
                            "Hash Batches": 1,
                            "Original Hash Batches": 1,
                            "Peak Memory Usage": 110976,
                            "Plans": [
                              {
                                "Node Type": "Seq Scan",
                                "Parent Relationship": "Outer",
                                "Parallel Aware": false,
                                "Relation Name": "title",
                                "Alias": "t",
                                "Startup Cost": 0.0,
                                "Total Cost": 67601.66,
                                "Plan Rows": 2226630,
                                "Plan Width": 4,
                                "Actual Startup Time": 0.029,
                                "Actual Total Time": 307.402,
                                "Actual Rows": 2224569,
                                "Actual Loops": 2,
                                "Filter": "(production_year < 2012)",
                                "Rows Removed by Filter": 303743
                              }
                            ]
                          }
                        ]
                      }
                    ]
                  }
                ]
              }
            ]
          }
        ]
      }
    ]
  },
  "Planning Time": 1.008,
  "Triggers": [],
  "Execution Time": 2888.321
}