{
  "Plan": {
    "Node Type": "Aggregate",
    "Strategy": "Plain",
    "Partial Mode": "Finalize",
    "Parallel Aware": false,
    "Startup Cost": 152613.07,
    "Total Cost": 152613.08,
    "Plan Rows": 1,
    "Plan Width": 8,
    "Actual Startup Time": 599.192,
    "Actual Total Time": 649.484,
    "Actual Rows": 1,
    "Actual Loops": 1,
    "Plans": [
      {
        "Node Type": "Gather",
        "Parent Relationship": "Outer",
        "Parallel Aware": false,
        "Startup Cost": 152612.96,
        "Total Cost": 152613.07,
        "Plan Rows": 1,
        "Plan Width": 8,
        "Actual Startup Time": 598.744,
        "Actual Total Time": 649.476,
        "Actual Rows": 2,
        "Actual Loops": 1,
        "Workers Planned": 1,
        "Workers Launched": 1,
        "Single Copy": false,
        "Plans": [
          {
            "Node Type": "Aggregate",
            "Strategy": "Plain",
            "Partial Mode": "Partial",
            "Parent Relationship": "Outer",
            "Parallel Aware": false,
            "Startup Cost": 151612.96,
            "Total Cost": 151612.97,
            "Plan Rows": 1,
            "Plan Width": 8,
            "Actual Startup Time": 592.904,
            "Actual Total Time": 592.908,
            "Actual Rows": 1,
            "Actual Loops": 2,
            "Plans": [
              {
                "Node Type": "Nested Loop",
                "Parent Relationship": "Outer",
                "Parallel Aware": false,
                "Join Type": "Inner",
                "Startup Cost": 65696.19,
                "Total Cost": 151548.51,
                "Plan Rows": 25780,
                "Plan Width": 0,
                "Actual Startup Time": 172.387,
                "Actual Total Time": 586.939,
                "Actual Rows": 125064,
                "Actual Loops": 2,
                "Inner Unique": false,
                "Join Filter": "(t.id = ci.movie_id)",
                "Rows Removed by Join Filter": 0,
                "Plans": [
                  {
                    "Node Type": "Hash Join",
                    "Parent Relationship": "Outer",
                    "Parallel Aware": true,
                    "Join Type": "Inner",
                    "Startup Cost": 65695.62,
                    "Total Cost": 94462.1,
                    "Plan Rows": 12612,
                    "Plan Width": 8,
                    "Actual Startup Time": 171.487,
                    "Actual Total Time": 259.741,
                    "Actual Rows": 8765,
                    "Actual Loops": 2,
                    "Inner Unique": true,
                    "Hash Cond": "(mk.movie_id = t.id)",
                    "Plans": [
                      {
                        "Node Type": "Bitmap Heap Scan",
                        "Parent Relationship": "Outer",
                        "Parallel Aware": true,
                        "Relation Name": "movie_keyword",
                        "Alias": "mk",
                        "Startup Cost": 10284.92,
                        "Total Cost": 38302.95,
                        "Plan Rows": 285122,
                        "Plan Width": 4,
                        "Actual Startup Time": 31.389,
                        "Actual Total Time": 83.379,
                        "Actual Rows": 235530,
                        "Actual Loops": 2,
                        "Recheck Cond": "(keyword_id > 37767)",
                        "Rows Removed by Index Recheck": 0,
                        "Exact Heap Blocks": 14677,
                        "Lossy Heap Blocks": 0,
                        "Plans": [
                          {
                            "Node Type": "Bitmap Index Scan",
                            "Parent Relationship": "Outer",
                            "Parallel Aware": false,
                            "Index Name": "keyword_id_movie_keyword",
                            "Startup Cost": 0.0,
                            "Total Cost": 10163.74,
                            "Plan Rows": 484708,
                            "Plan Width": 0,
                            "Actual Startup Time": 27.922,
                            "Actual Total Time": 27.922,
                            "Actual Rows": 471060,
                            "Actual Loops": 1,
                            "Index Cond": "(keyword_id > 37767)"
                          }
                        ]
                      },
                      {
                        "Node Type": "Hash",
                        "Parent Relationship": "Inner",
                        "Parallel Aware": true,
                        "Startup Cost": 54588.39,
                        "Total Cost": 54588.39,
                        "Plan Rows": 65785,
                        "Plan Width": 4,
                        "Actual Startup Time": 138.883,
                        "Actual Total Time": 138.883,
                        "Actual Rows": 54214,
                        "Actual Loops": 2,
                        "Hash Buckets": 131072,
                        "Original Hash Buckets": 131072,
                        "Hash Batches": 1,
                        "Original Hash Batches": 1,
                        "Peak Memory Usage": 5312,
                        "Plans": [
                          {
                            "Node Type": "Seq Scan",
                            "Parent Relationship": "Outer",
                            "Parallel Aware": true,
                            "Relation Name": "title",
                            "Alias": "t",
                            "Startup Cost": 0.0,
                            "Total Cost": 54588.39,
                            "Plan Rows": 65785,
                            "Plan Width": 4,
                            "Actual Startup Time": 0.028,
                            "Actual Total Time": 124.468,
                            "Actual Rows": 54214,
                            "Actual Loops": 2,
                            "Filter": "(production_year = 2006)",
                            "Rows Removed by Filter": 1209942
                          }
                        ]
                      }
                    ]
                  },
                  {
                    "Node Type": "Index Scan",
                    "Parent Relationship": "Inner",
                    "Parallel Aware": false,
                    "Scan Direction": "Forward",
                    "Index Name": "movie_id_cast_info",
                    "Relation Name": "cast_info",
                    "Alias": "ci",
                    "Startup Cost": 0.56,
                    "Total Cost": 4.46,
                    "Plan Rows": 5,
                    "Plan Width": 4,
                    "Actual Startup Time": 0.025,
                    "Actual Total Time": 0.036,
                    "Actual Rows": 14,
                    "Actual Loops": 17530,
                    "Index Cond": "(movie_id = mk.movie_id)",
                    "Rows Removed by Index Recheck": 0,
                    "Filter": "(person_id > 3169040)",
                    "Rows Removed by Filter": 47
                  }
                ]
              }
            ]
          }
        ]
      }
    ]
  },
  "Planning Time": 0.371,
  "Triggers": [],
  "Execution Time": 649.562
}