[
    {
        "Bao": {
            "Bao prediction": "NaN",
            "Bao recommended hint": "(no hint)"
        }
    },
    {
        "Plan": {
            "Node Type": "Aggregate",
            "Strategy": "Plain",
            "Partial Mode": "Finalize",
            "Parallel Aware": false,
            "Startup Cost": 25056.51,
            "Total Cost": 25056.52,
            "Plan Rows": 1,
            "Plan Width": 8,
            "Actual Startup Time": 40.537,
            "Actual Total Time": 44.198,
            "Actual Rows": 1,
            "Actual Loops": 1,
            "Output": [
                "count(*)"
            ],
            "Plans": [
                {
                    "Node Type": "Gather",
                    "Parent Relationship": "Outer",
                    "Parallel Aware": false,
                    "Startup Cost": 25056.19,
                    "Total Cost": 25056.5,
                    "Plan Rows": 3,
                    "Plan Width": 8,
                    "Actual Startup Time": 40.382,
                    "Actual Total Time": 44.19,
                    "Actual Rows": 4,
                    "Actual Loops": 1,
                    "Output": [
                        "(PARTIAL count(*))"
                    ],
                    "Workers Planned": 3,
                    "Workers Launched": 3,
                    "Single Copy": false,
                    "Plans": [
                        {
                            "Node Type": "Aggregate",
                            "Strategy": "Plain",
                            "Partial Mode": "Partial",
                            "Parent Relationship": "Outer",
                            "Parallel Aware": false,
                            "Startup Cost": 24056.19,
                            "Total Cost": 24056.2,
                            "Plan Rows": 1,
                            "Plan Width": 8,
                            "Actual Startup Time": 32.081,
                            "Actual Total Time": 32.082,
                            "Actual Rows": 1,
                            "Actual Loops": 4,
                            "Output": [
                                "PARTIAL count(*)"
                            ],
                            "Workers": [
                                {
                                    "Worker Number": 0,
                                    "Actual Startup Time": 28.937,
                                    "Actual Total Time": 28.938,
                                    "Actual Rows": 1,
                                    "Actual Loops": 1
                                },
                                {
                                    "Worker Number": 1,
                                    "Actual Startup Time": 29.495,
                                    "Actual Total Time": 29.496,
                                    "Actual Rows": 1,
                                    "Actual Loops": 1
                                },
                                {
                                    "Worker Number": 2,
                                    "Actual Startup Time": 29.764,
                                    "Actual Total Time": 29.765,
                                    "Actual Rows": 1,
                                    "Actual Loops": 1
                                }
                            ],
                            "Plans": [
                                {
                                    "Node Type": "Bitmap Heap Scan",
                                    "Parent Relationship": "Outer",
                                    "Parallel Aware": true,
                                    "Relation Name": "movie_companies",
                                    "Schema": "public",
                                    "Alias": "mc",
                                    "Startup Cost": 4234.85,
                                    "Total Cost": 23975.42,
                                    "Plan Rows": 32309,
                                    "Plan Width": 0,
                                    "Actual Startup Time": 3.366,
                                    "Actual Total Time": 28.659,
                                    "Actual Rows": 49922,
                                    "Actual Loops": 4,
                                    "Recheck Cond": "(mc.company_id > 113532)",
                                    "Rows Removed by Index Recheck": 0,
                                    "Filter": "(mc.company_type_id > 1)",
                                    "Rows Removed by Filter": 0,
                                    "Exact Heap Blocks": 2386,
                                    "Lossy Heap Blocks": 0,
                                    "Workers": [
                                        {
                                            "Worker Number": 0,
                                            "Actual Startup Time": 0.19,
                                            "Actual Total Time": 25.894,
                                            "Actual Rows": 30201,
                                            "Actual Loops": 1
                                        },
                                        {
                                            "Worker Number": 1,
                                            "Actual Startup Time": 0.909,
                                            "Actual Total Time": 26.367,
                                            "Actual Rows": 30230,
                                            "Actual Loops": 1
                                        },
                                        {
                                            "Worker Number": 2,
                                            "Actual Startup Time": 1.173,
                                            "Actual Total Time": 26.618,
                                            "Actual Rows": 30226,
                                            "Actual Loops": 1
                                        }
                                    ],
                                    "Plans": [
                                        {
                                            "Node Type": "Bitmap Index Scan",
                                            "Parent Relationship": "Outer",
                                            "Parallel Aware": false,
                                            "Index Name": "company_id_movie_companies",
                                            "Startup Cost": 0.0,
                                            "Total Cost": 4209.81,
                                            "Plan Rows": 196451,
                                            "Plan Width": 0,
                                            "Actual Startup Time": 10.328,
                                            "Actual Total Time": 10.329,
                                            "Actual Rows": 199688,
                                            "Actual Loops": 1,
                                            "Index Cond": "(mc.company_id > 113532)"
                                        }
                                    ]
                                }
                            ]
                        }
                    ]
                }
            ]
        },
        "Planning Time": 198.182,
        "Triggers": [],
        "Execution Time": 44.251
    }
]