[
  {
    "Plan": {
      "Node Type": "Aggregate",
      "Strategy": "Plain",
      "Partial Mode": "Finalize",
      "Parallel Aware": false,
      "Startup Cost": 69726.8,
      "Total Cost": 69726.81,
      "Plan Rows": 1,
      "Plan Width": 8,
      "Actual Startup Time": 175.366,
      "Actual Total Time": 188.872,
      "Actual Rows": 1,
      "Actual Loops": 1,
      "Plans": [
        {
          "Node Type": "Gather",
          "Parent Relationship": "Outer",
          "Parallel Aware": false,
          "Startup Cost": 69726.48,
          "Total Cost": 69726.79,
          "Plan Rows": 3,
          "Plan Width": 8,
          "Actual Startup Time": 173.241,
          "Actual Total Time": 188.858,
          "Actual Rows": 4,
          "Actual Loops": 1,
          "Workers Planned": 3,
          "Workers Launched": 3,
          "Single Copy": false,
          "Plans": [
            {
              "Node Type": "Aggregate",
              "Strategy": "Plain",
              "Partial Mode": "Partial",
              "Parent Relationship": "Outer",
              "Parallel Aware": false,
              "Startup Cost": 68726.48,
              "Total Cost": 68726.49,
              "Plan Rows": 1,
              "Plan Width": 8,
              "Actual Startup Time": 169.35,
              "Actual Total Time": 169.414,
              "Actual Rows": 1,
              "Actual Loops": 4,
              "Plans": [
                {
                  "Node Type": "Hash Join",
                  "Parent Relationship": "Outer",
                  "Parallel Aware": true,
                  "Join Type": "Inner",
                  "Startup Cost": 49258.81,
                  "Total Cost": 68715.1,
                  "Plan Rows": 4552,
                  "Plan Width": 0,
                  "Actual Startup Time": 141.211,
                  "Actual Total Time": 169.199,
                  "Actual Rows": 2737,
                  "Actual Loops": 4,
                  "Inner Unique": true,
                  "Hash Cond": "(mc.movie_id = t.id)",
                  "Plans": [
                    {
                      "Node Type": "Bitmap Heap Scan",
                      "Parent Relationship": "Outer",
                      "Parallel Aware": true,
                      "Relation Name": "movie_companies",
                      "Alias": "mc",
                      "Startup Cost": 2962.78,
                      "Total Cost": 22303.43,
                      "Plan Rows": 44052,
                      "Plan Width": 4,
                      "Actual Startup Time": 7.134,
                      "Actual Total Time": 24.871,
                      "Actual Rows": 33702,
                      "Actual Loops": 4,
                      "Recheck Cond": "(company_id < 27)",
                      "Rows Removed by Index Recheck": 0,
                      "Exact Heap Blocks": 4044,
                      "Lossy Heap Blocks": 0,
                      "Plans": [
                        {
                          "Node Type": "Bitmap Index Scan",
                          "Parent Relationship": "Outer",
                          "Parallel Aware": false,
                          "Index Name": "company_id_movie_companies",
                          "Startup Cost": 0.0,
                          "Total Cost": 2928.64,
                          "Plan Rows": 136561,
                          "Plan Width": 0,
                          "Actual Startup Time": 5.714,
                          "Actual Total Time": 5.715,
                          "Actual Rows": 134807,
                          "Actual Loops": 1,
                          "Index Cond": "(company_id < 27)"
                        }
                      ]
                    },
                    {
                      "Node Type": "Hash",
                      "Parent Relationship": "Inner",
                      "Parallel Aware": true,
                      "Startup Cost": 45479.59,
                      "Total Cost": 45479.59,
                      "Plan Rows": 65316,
                      "Plan Width": 4,
                      "Actual Startup Time": 132.929,
                      "Actual Total Time": 132.929,
                      "Actual Rows": 95653,
                      "Actual Loops": 4,
                      "Hash Buckets": 524288,
                      "Original Hash Buckets": 262144,
                      "Hash Batches": 1,
                      "Original Hash Batches": 1,
                      "Peak Memory Usage": 21184,
                      "Plans": [
                        {
                          "Node Type": "Seq Scan",
                          "Parent Relationship": "Outer",
                          "Parallel Aware": true,
                          "Relation Name": "title",
                          "Alias": "t",
                          "Startup Cost": 0.0,
                          "Total Cost": 45479.59,
                          "Plan Rows": 65316,
                          "Plan Width": 4,
                          "Actual Startup Time": 0.037,
                          "Actual Total Time": 94.387,
                          "Actual Rows": 95653,
                          "Actual Loops": 4,
                          "Filter": "((kind_id < 7) AND (production_year < 1990))",
                          "Rows Removed by Filter": 536425
                        }
                      ]
                    }
                  ]
                }
              ]
            }
          ]
        }
      ]
    },
    "Planning Time": 0.322,
    "Triggers": [],
    "Execution Time": 188.92
  }
]