[
  {
    "Bao": {
      "Bao prediction": 615.177,
      "Bao recommended hint": "SET enable_nestloop TO off; "
    }
  },
  {
    "Plan": {
      "Node Type": "Aggregate",
      "Strategy": "Plain",
      "Partial Mode": "Finalize",
      "Parallel Aware": false,
      "Startup Cost": 295692.85,
      "Total Cost": 295692.86,
      "Plan Rows": 1,
      "Plan Width": 32,
      "Actual Startup Time": 1347.753,
      "Actual Total Time": 1384.772,
      "Actual Rows": 1,
      "Actual Loops": 1,
      "Plans": [
        {
          "Node Type": "Gather",
          "Parent Relationship": "Outer",
          "Parallel Aware": false,
          "Startup Cost": 295692.53,
          "Total Cost": 295692.84,
          "Plan Rows": 3,
          "Plan Width": 32,
          "Actual Startup Time": 1347.01,
          "Actual Total Time": 1384.761,
          "Actual Rows": 4,
          "Actual Loops": 1,
          "Workers Planned": 3,
          "Workers Launched": 3,
          "Single Copy": false,
          "Plans": [
            {
              "Node Type": "Aggregate",
              "Strategy": "Plain",
              "Partial Mode": "Partial",
              "Parent Relationship": "Outer",
              "Parallel Aware": false,
              "Startup Cost": 294692.53,
              "Total Cost": 294692.54,
              "Plan Rows": 1,
              "Plan Width": 32,
              "Actual Startup Time": 1335.273,
              "Actual Total Time": 1335.285,
              "Actual Rows": 1,
              "Actual Loops": 4,
              "Plans": [
                {
                  "Node Type": "Hash Join",
                  "Parent Relationship": "Outer",
                  "Parallel Aware": false,
                  "Join Type": "Inner",
                  "Startup Cost": 263073.15,
                  "Total Cost": 294692.12,
                  "Plan Rows": 165,
                  "Plan Width": 17,
                  "Actual Startup Time": 1335.267,
                  "Actual Total Time": 1335.279,
                  "Actual Rows": 0,
                  "Actual Loops": 4,
                  "Inner Unique": true,
                  "Hash Cond": "(mi.info_type_id = it.id)",
                  "Plans": [
                    {
                      "Node Type": "Hash Join",
                      "Parent Relationship": "Outer",
                      "Parallel Aware": false,
                      "Join Type": "Inner",
                      "Startup Cost": 263069.61,
                      "Total Cost": 294688.13,
                      "Plan Rows": 165,
                      "Plan Width": 21,
                      "Actual Startup Time": 1334.784,
                      "Actual Total Time": 1334.794,
                      "Actual Rows": 0,
                      "Actual Loops": 4,
                      "Inner Unique": true,
                      "Hash Cond": "(mc.company_type_id = ct.id)",
                      "Plans": [
                        {
                          "Node Type": "Hash Join",
                          "Parent Relationship": "Outer",
                          "Parallel Aware": true,
                          "Join Type": "Inner",
                          "Startup Cost": 263068.54,
                          "Total Cost": 294683.5,
                          "Plan Rows": 661,
                          "Plan Width": 25,
                          "Actual Startup Time": 1233.432,
                          "Actual Total Time": 1334.543,
                          "Actual Rows": 1233,
                          "Actual Loops": 4,
                          "Inner Unique": false,
                          "Hash Cond": "(mc.movie_id = t.id)",
                          "Plans": [
                            {
                              "Node Type": "Seq Scan",
                              "Parent Relationship": "Outer",
                              "Parallel Aware": true,
                              "Relation Name": "movie_companies",
                              "Alias": "mc",
                              "Startup Cost": 0.0,
                              "Total Cost": 31414.82,
                              "Plan Rows": 53301,
                              "Plan Width": 8,
                              "Actual Startup Time": 0.076,
                              "Actual Total Time": 118.903,
                              "Actual Rows": 73907,
                              "Actual Loops": 4,
                              "Filter": "((note !~~ '%(TV)%'::text) AND (note ~~ '%(USA)%'::text))",
                              "Rows Removed by Filter": 578375
                            },
                            {
                              "Node Type": "Hash",
                              "Parent Relationship": "Inner",
                              "Parallel Aware": true,
                              "Startup Cost": 263053.04,
                              "Total Cost": 263053.04,
                              "Plan Rows": 1240,
                              "Plan Width": 29,
                              "Actual Startup Time": 1205.463,
                              "Actual Total Time": 1205.47,
                              "Actual Rows": 2360,
                              "Actual Loops": 4,
                              "Hash Buckets": 16384,
                              "Original Hash Buckets": 8192,
                              "Hash Batches": 1,
                              "Original Hash Batches": 1,
                              "Peak Memory Usage": 960,
                              "Plans": [
                                {
                                  "Node Type": "Hash Join",
                                  "Parent Relationship": "Outer",
                                  "Parallel Aware": true,
                                  "Join Type": "Inner",
                                  "Startup Cost": 33754.95,
                                  "Total Cost": 263053.04,
                                  "Plan Rows": 1240,
                                  "Plan Width": 29,
                                  "Actual Startup Time": 62.163,
                                  "Actual Total Time": 1110.535,
                                  "Actual Rows": 2360,
                                  "Actual Loops": 4,
                                  "Inner Unique": true,
                                  "Hash Cond": "(mi.movie_id = t.id)",
                                  "Plans": [
                                    {
                                      "Node Type": "Seq Scan",
                                      "Parent Relationship": "Outer",
                                      "Parallel Aware": true,
                                      "Relation Name": "movie_info",
                                      "Alias": "mi",
                                      "Startup Cost": 0.0,
                                      "Total Cost": 228934.25,
                                      "Plan Rows": 138606,
                                      "Plan Width": 8,
                                      "Actual Startup Time": 0.571,
                                      "Actual Total Time": 1043.248,
                                      "Actual Rows": 176668,
                                      "Actual Loops": 4,
                                      "Filter": "(info = ANY ('{Sweden,Norway,Germany,Denmark,Swedish,Denish,Norwegian,German,USA,American}'::text[]))",
                                      "Rows Removed by Filter": 3532262
                                    },
                                    {
                                      "Node Type": "Hash",
                                      "Parent Relationship": "Inner",
                                      "Parallel Aware": true,
                                      "Startup Cost": 33663.74,
                                      "Total Cost": 33663.74,
                                      "Plan Rows": 7297,
                                      "Plan Width": 21,
                                      "Actual Startup Time": 41.491,
                                      "Actual Total Time": 41.492,
                                      "Actual Rows": 6127,
                                      "Actual Loops": 4,
                                      "Hash Buckets": 32768,
                                      "Original Hash Buckets": 32768,
                                      "Hash Batches": 1,
                                      "Original Hash Batches": 1,
                                      "Peak Memory Usage": 1920,
                                      "Plans": [
                                        {
                                          "Node Type": "Bitmap Heap Scan",
                                          "Parent Relationship": "Outer",
                                          "Parallel Aware": true,
                                          "Relation Name": "title",
                                          "Alias": "t",
                                          "Startup Cost": 427.75,
                                          "Total Cost": 33663.74,
                                          "Plan Rows": 7297,
                                          "Plan Width": 21,
                                          "Actual Startup Time": 2.121,
                                          "Actual Total Time": 37.161,
                                          "Actual Rows": 6127,
                                          "Actual Loops": 4,
                                          "Recheck Cond": "(production_year < 1910)",
                                          "Rows Removed by Index Recheck": 0,
                                          "Exact Heap Blocks": 4527,
                                          "Lossy Heap Blocks": 0,
                                          "Plans": [
                                            {
                                              "Node Type": "Bitmap Index Scan",
                                              "Parent Relationship": "Outer",
                                              "Parallel Aware": false,
                                              "Index Name": "idx_title_production_year",
                                              "Startup Cost": 0.0,
                                              "Total Cost": 422.09,
                                              "Plan Rows": 22622,
                                              "Plan Width": 0,
                                              "Actual Startup Time": 5.482,
                                              "Actual Total Time": 5.482,
                                              "Actual Rows": 24508,
                                              "Actual Loops": 1,
                                              "Index Cond": "(production_year < 1910)"
                                            }
                                          ]
                                        }
                                      ]
                                    }
                                  ]
                                }
                              ]
                            }
                          ]
                        },
                        {
                          "Node Type": "Hash",
                          "Parent Relationship": "Inner",
                          "Parallel Aware": false,
                          "Startup Cost": 1.05,
                          "Total Cost": 1.05,
                          "Plan Rows": 1,
                          "Plan Width": 4,
                          "Actual Startup Time": 0.049,
                          "Actual Total Time": 0.05,
                          "Actual Rows": 1,
                          "Actual Loops": 4,
                          "Hash Buckets": 1024,
                          "Original Hash Buckets": 1024,
                          "Hash Batches": 1,
                          "Original Hash Batches": 1,
                          "Peak Memory Usage": 9,
                          "Plans": [
                            {
                              "Node Type": "Seq Scan",
                              "Parent Relationship": "Outer",
                              "Parallel Aware": false,
                              "Relation Name": "company_type",
                              "Alias": "ct",
                              "Startup Cost": 0.0,
                              "Total Cost": 1.05,
                              "Plan Rows": 1,
                              "Plan Width": 4,
                              "Actual Startup Time": 0.034,
                              "Actual Total Time": 0.037,
                              "Actual Rows": 1,
                              "Actual Loops": 4,
                              "Filter": "((kind)::text = 'production companies'::text)",
                              "Rows Removed by Filter": 3
                            }
                          ]
                        }
                      ]
                    },
                    {
                      "Node Type": "Hash",
                      "Parent Relationship": "Inner",
                      "Parallel Aware": false,
                      "Startup Cost": 2.13,
                      "Total Cost": 2.13,
                      "Plan Rows": 113,
                      "Plan Width": 4,
                      "Actual Startup Time": 0.144,
                      "Actual Total Time": 0.145,
                      "Actual Rows": 113,
                      "Actual Loops": 4,
                      "Hash Buckets": 1024,
                      "Original Hash Buckets": 1024,
                      "Hash Batches": 1,
                      "Original Hash Batches": 1,
                      "Peak Memory Usage": 12,
                      "Plans": [
                        {
                          "Node Type": "Seq Scan",
                          "Parent Relationship": "Outer",
                          "Parallel Aware": false,
                          "Relation Name": "info_type",
                          "Alias": "it",
                          "Startup Cost": 0.0,
                          "Total Cost": 2.13,
                          "Plan Rows": 113,
                          "Plan Width": 4,
                          "Actual Startup Time": 0.048,
                          "Actual Total Time": 0.075,
                          "Actual Rows": 113,
                          "Actual Loops": 4
                        }
                      ]
                    }
                  ]
                }
              ]
            }
          ]
        }
      ]
    },
    "Planning Time": 379.21,
    "Triggers": [],
    "Execution Time": 1385.412
  }
]