[
  {
    "Plan": {
      "Node Type": "Aggregate",
      "Strategy": "Plain",
      "Partial Mode": "Finalize",
      "Parallel Aware": false,
      "Startup Cost": 72228.94,
      "Total Cost": 72228.95,
      "Plan Rows": 1,
      "Plan Width": 8,
      "Actual Startup Time": 120.505,
      "Actual Total Time": 131.87,
      "Actual Rows": 1,
      "Actual Loops": 1,
      "Plans": [
        {
          "Node Type": "Gather",
          "Parent Relationship": "Outer",
          "Parallel Aware": false,
          "Startup Cost": 72228.52,
          "Total Cost": 72228.93,
          "Plan Rows": 4,
          "Plan Width": 8,
          "Actual Startup Time": 120.371,
          "Actual Total Time": 131.859,
          "Actual Rows": 5,
          "Actual Loops": 1,
          "Workers Planned": 4,
          "Workers Launched": 4,
          "Single Copy": false,
          "Plans": [
            {
              "Node Type": "Aggregate",
              "Strategy": "Plain",
              "Partial Mode": "Partial",
              "Parent Relationship": "Outer",
              "Parallel Aware": false,
              "Startup Cost": 71228.52,
              "Total Cost": 71228.53,
              "Plan Rows": 1,
              "Plan Width": 8,
              "Actual Startup Time": 110.679,
              "Actual Total Time": 110.682,
              "Actual Rows": 1,
              "Actual Loops": 5,
              "Plans": [
                {
                  "Node Type": "Hash Join",
                  "Parent Relationship": "Outer",
                  "Parallel Aware": true,
                  "Join Type": "Inner",
                  "Startup Cost": 45507.55,
                  "Total Cost": 71227.06,
                  "Plan Rows": 586,
                  "Plan Width": 0,
                  "Actual Startup Time": 78.484,
                  "Actual Total Time": 110.646,
                  "Actual Rows": 320,
                  "Actual Loops": 5,
                  "Inner Unique": true,
                  "Hash Cond": "(ci.movie_id = t.id)",
                  "Plans": [
                    {
                      "Node Type": "Index Scan",
                      "Parent Relationship": "Outer",
                      "Parallel Aware": true,
                      "Scan Direction": "Forward",
                      "Index Name": "role_id_cast_info",
                      "Relation Name": "cast_info",
                      "Alias": "ci",
                      "Startup Cost": 0.56,
                      "Total Cost": 25284.63,
                      "Plan Rows": 165884,
                      "Plan Width": 4,
                      "Actual Startup Time": 0.089,
                      "Actual Total Time": 26.772,
                      "Actual Rows": 54253,
                      "Actual Loops": 5,
                      "Index Cond": "(role_id = 5)",
                      "Rows Removed by Index Recheck": 0,
                      "Filter": "(person_id < 2747459)",
                      "Rows Removed by Filter": 125425
                    },
                    {
                      "Node Type": "Hash",
                      "Parent Relationship": "Inner",
                      "Parallel Aware": true,
                      "Startup Cost": 45479.1,
                      "Total Cost": 45479.1,
                      "Plan Rows": 2231,
                      "Plan Width": 4,
                      "Actual Startup Time": 77.138,
                      "Actual Total Time": 77.139,
                      "Actual Rows": 1882,
                      "Actual Loops": 5,
                      "Hash Buckets": 16384,
                      "Original Hash Buckets": 16384,
                      "Hash Batches": 1,
                      "Original Hash Batches": 1,
                      "Peak Memory Usage": 640,
                      "Plans": [
                        {
                          "Node Type": "Seq Scan",
                          "Parent Relationship": "Outer",
                          "Parallel Aware": true,
                          "Relation Name": "title",
                          "Alias": "t",
                          "Startup Cost": 0.0,
                          "Total Cost": 45479.1,
                          "Plan Rows": 2231,
                          "Plan Width": 4,
                          "Actual Startup Time": 0.922,
                          "Actual Total Time": 76.152,
                          "Actual Rows": 1882,
                          "Actual Loops": 5,
                          "Filter": "((kind_id < 7) AND (production_year = 1990))",
                          "Rows Removed by Filter": 503781
                        }
                      ]
                    }
                  ]
                }
              ]
            }
          ]
        }
      ]
    },
    "Planning Time": 0.594,
    "Triggers": [],
    "Execution Time": 131.943
  }
]