{
  "Plan": {
    "Node Type": "Aggregate",
    "Strategy": "Plain",
    "Partial Mode": "Finalize",
    "Parallel Aware": false,
    "Startup Cost": 98936.21,
    "Total Cost": 98936.22,
    "Plan Rows": 1,
    "Plan Width": 8,
    "Actual Startup Time": 301.111,
    "Actual Total Time": 323.812,
    "Actual Rows": 1,
    "Actual Loops": 1,
    "Plans": [
      {
        "Node Type": "Gather",
        "Parent Relationship": "Outer",
        "Parallel Aware": false,
        "Startup Cost": 98936.1,
        "Total Cost": 98936.21,
        "Plan Rows": 1,
        "Plan Width": 8,
        "Actual Startup Time": 300.751,
        "Actual Total Time": 323.804,
        "Actual Rows": 2,
        "Actual Loops": 1,
        "Workers Planned": 1,
        "Workers Launched": 1,
        "Single Copy": false,
        "Plans": [
          {
            "Node Type": "Aggregate",
            "Strategy": "Plain",
            "Partial Mode": "Partial",
            "Parent Relationship": "Outer",
            "Parallel Aware": false,
            "Startup Cost": 97936.1,
            "Total Cost": 97936.11,
            "Plan Rows": 1,
            "Plan Width": 8,
            "Actual Startup Time": 294.416,
            "Actual Total Time": 294.42,
            "Actual Rows": 1,
            "Actual Loops": 2,
            "Plans": [
              {
                "Node Type": "Nested Loop",
                "Parent Relationship": "Outer",
                "Parallel Aware": false,
                "Join Type": "Inner",
                "Startup Cost": 65217.52,
                "Total Cost": 97919.83,
                "Plan Rows": 6508,
                "Plan Width": 0,
                "Actual Startup Time": 167.157,
                "Actual Total Time": 291.05,
                "Actual Rows": 77864,
                "Actual Loops": 2,
                "Inner Unique": false,
                "Join Filter": "(t.id = mi.movie_id)",
                "Rows Removed by Join Filter": 0,
                "Plans": [
                  {
                    "Node Type": "Hash Join",
                    "Parent Relationship": "Outer",
                    "Parallel Aware": true,
                    "Join Type": "Inner",
                    "Startup Cost": 65217.09,
                    "Total Cost": 94099.66,
                    "Plan Rows": 1113,
                    "Plan Width": 8,
                    "Actual Startup Time": 167.05,
                    "Actual Total Time": 251.661,
                    "Actual Rows": 1150,
                    "Actual Loops": 2,
                    "Inner Unique": true,
                    "Hash Cond": "(mk.movie_id = t.id)",
                    "Plans": [
                      {
                        "Node Type": "Bitmap Heap Scan",
                        "Parent Relationship": "Outer",
                        "Parallel Aware": true,
                        "Relation Name": "movie_keyword",
                        "Alias": "mk",
                        "Startup Cost": 10558.05,
                        "Total Cost": 38672.03,
                        "Plan Rows": 292798,
                        "Plan Width": 4,
                        "Actual Startup Time": 31.034,
                        "Actual Total Time": 94.01,
                        "Actual Rows": 242348,
                        "Actual Loops": 2,
                        "Recheck Cond": "(keyword_id > 37001)",
                        "Rows Removed by Index Recheck": 0,
                        "Exact Heap Blocks": 14708,
                        "Lossy Heap Blocks": 0,
                        "Plans": [
                          {
                            "Node Type": "Bitmap Index Scan",
                            "Parent Relationship": "Outer",
                            "Parallel Aware": false,
                            "Index Name": "keyword_id_movie_keyword",
                            "Startup Cost": 0.0,
                            "Total Cost": 10433.61,
                            "Plan Rows": 497757,
                            "Plan Width": 0,
                            "Actual Startup Time": 27.622,
                            "Actual Total Time": 27.623,
                            "Actual Rows": 484696,
                            "Actual Loops": 1,
                            "Index Cond": "(keyword_id > 37001)"
                          }
                        ]
                      },
                      {
                        "Node Type": "Hash",
                        "Parent Relationship": "Inner",
                        "Parallel Aware": true,
                        "Startup Cost": 54588.39,
                        "Total Cost": 54588.39,
                        "Plan Rows": 5652,
                        "Plan Width": 4,
                        "Actual Startup Time": 134.809,
                        "Actual Total Time": 134.809,
                        "Actual Rows": 5154,
                        "Actual Loops": 2,
                        "Hash Buckets": 16384,
                        "Original Hash Buckets": 16384,
                        "Hash Batches": 1,
                        "Original Hash Batches": 1,
                        "Peak Memory Usage": 576,
                        "Plans": [
                          {
                            "Node Type": "Seq Scan",
                            "Parent Relationship": "Outer",
                            "Parallel Aware": true,
                            "Relation Name": "title",
                            "Alias": "t",
                            "Startup Cost": 0.0,
                            "Total Cost": 54588.39,
                            "Plan Rows": 5652,
                            "Plan Width": 4,
                            "Actual Startup Time": 0.151,
                            "Actual Total Time": 132.681,
                            "Actual Rows": 5154,
                            "Actual Loops": 2,
                            "Filter": "(production_year = 1962)",
                            "Rows Removed by Filter": 1259002
                          }
                        ]
                      }
                    ]
                  },
                  {
                    "Node Type": "Index Only Scan",
                    "Parent Relationship": "Inner",
                    "Parallel Aware": false,
                    "Scan Direction": "Forward",
                    "Index Name": "movie_id_movie_info",
                    "Relation Name": "movie_info",
                    "Alias": "mi",
                    "Startup Cost": 0.43,
                    "Total Cost": 2.91,
                    "Plan Rows": 42,
                    "Plan Width": 4,
                    "Actual Startup Time": 0.007,
                    "Actual Total Time": 0.028,
                    "Actual Rows": 68,
                    "Actual Loops": 2299,
                    "Index Cond": "(movie_id = mk.movie_id)",
                    "Rows Removed by Index Recheck": 0,
                    "Heap Fetches": 155727
                  }
                ]
              }
            ]
          }
        ]
      }
    ]
  },
  "Planning Time": 0.96,
  "Triggers": [],
  "Execution Time": 323.92
}