[
    {
        "Bao": {
            "Bao prediction": "NaN",
            "Bao recommended hint": "(no hint)"
        }
    },
    {
        "Plan": {
            "Node Type": "Aggregate",
            "Strategy": "Plain",
            "Partial Mode": "Finalize",
            "Parallel Aware": false,
            "Startup Cost": 360577.88,
            "Total Cost": 360577.89,
            "Plan Rows": 1,
            "Plan Width": 8,
            "Actual Startup Time": 541.284,
            "Actual Total Time": 559.1,
            "Actual Rows": 1,
            "Actual Loops": 1,
            "Output": [
                "count(*)"
            ],
            "Plans": [
                {
                    "Node Type": "Gather",
                    "Parent Relationship": "Outer",
                    "Parallel Aware": false,
                    "Startup Cost": 360577.56,
                    "Total Cost": 360577.87,
                    "Plan Rows": 3,
                    "Plan Width": 8,
                    "Actual Startup Time": 539.631,
                    "Actual Total Time": 559.094,
                    "Actual Rows": 4,
                    "Actual Loops": 1,
                    "Output": [
                        "(PARTIAL count(*))"
                    ],
                    "Workers Planned": 3,
                    "Workers Launched": 3,
                    "Single Copy": false,
                    "Plans": [
                        {
                            "Node Type": "Aggregate",
                            "Strategy": "Plain",
                            "Partial Mode": "Partial",
                            "Parent Relationship": "Outer",
                            "Parallel Aware": false,
                            "Startup Cost": 359577.56,
                            "Total Cost": 359577.57,
                            "Plan Rows": 1,
                            "Plan Width": 8,
                            "Actual Startup Time": 530.306,
                            "Actual Total Time": 530.309,
                            "Actual Rows": 1,
                            "Actual Loops": 4,
                            "Output": [
                                "PARTIAL count(*)"
                            ],
                            "Workers": [
                                {
                                    "Worker Number": 0,
                                    "Actual Startup Time": 527.173,
                                    "Actual Total Time": 527.176,
                                    "Actual Rows": 1,
                                    "Actual Loops": 1
                                },
                                {
                                    "Worker Number": 1,
                                    "Actual Startup Time": 527.139,
                                    "Actual Total Time": 527.141,
                                    "Actual Rows": 1,
                                    "Actual Loops": 1
                                },
                                {
                                    "Worker Number": 2,
                                    "Actual Startup Time": 527.707,
                                    "Actual Total Time": 527.71,
                                    "Actual Rows": 1,
                                    "Actual Loops": 1
                                }
                            ],
                            "Plans": [
                                {
                                    "Node Type": "Nested Loop",
                                    "Parent Relationship": "Outer",
                                    "Parallel Aware": false,
                                    "Join Type": "Inner",
                                    "Startup Cost": 290459.7,
                                    "Total Cost": 359526.73,
                                    "Plan Rows": 20333,
                                    "Plan Width": 0,
                                    "Actual Startup Time": 137.149,
                                    "Actual Total Time": 523.135,
                                    "Actual Rows": 134164,
                                    "Actual Loops": 4,
                                    "Inner Unique": true,
                                    "Join Filter": "(ci.movie_id = t.id)",
                                    "Rows Removed by Join Filter": 0,
                                    "Workers": [
                                        {
                                            "Worker Number": 0,
                                            "Actual Startup Time": 133.914,
                                            "Actual Total Time": 519.791,
                                            "Actual Rows": 132759,
                                            "Actual Loops": 1
                                        },
                                        {
                                            "Worker Number": 1,
                                            "Actual Startup Time": 134.238,
                                            "Actual Total Time": 520.208,
                                            "Actual Rows": 120683,
                                            "Actual Loops": 1
                                        },
                                        {
                                            "Worker Number": 2,
                                            "Actual Startup Time": 134.755,
                                            "Actual Total Time": 520.278,
                                            "Actual Rows": 131515,
                                            "Actual Loops": 1
                                        }
                                    ],
                                    "Plans": [
                                        {
                                            "Node Type": "Hash Join",
                                            "Parent Relationship": "Outer",
                                            "Parallel Aware": true,
                                            "Join Type": "Inner",
                                            "Startup Cost": 290459.27,
                                            "Total Cost": 320815.1,
                                            "Plan Rows": 54478,
                                            "Plan Width": 8,
                                            "Actual Startup Time": 137.033,
                                            "Actual Total Time": 227.719,
                                            "Actual Rows": 134164,
                                            "Actual Loops": 4,
                                            "Output": [
                                                "ci.movie_id",
                                                "mk.movie_id"
                                            ],
                                            "Inner Unique": false,
                                            "Hash Cond": "(mk.movie_id = ci.movie_id)",
                                            "Workers": [
                                                {
                                                    "Worker Number": 0,
                                                    "Actual Startup Time": 133.845,
                                                    "Actual Total Time": 226.941,
                                                    "Actual Rows": 132759,
                                                    "Actual Loops": 1
                                                },
                                                {
                                                    "Worker Number": 1,
                                                    "Actual Startup Time": 134.045,
                                                    "Actual Total Time": 222.822,
                                                    "Actual Rows": 120683,
                                                    "Actual Loops": 1
                                                },
                                                {
                                                    "Worker Number": 2,
                                                    "Actual Startup Time": 134.592,
                                                    "Actual Total Time": 224.62,
                                                    "Actual Rows": 131515,
                                                    "Actual Loops": 1
                                                }
                                            ],
                                            "Plans": [
                                                {
                                                    "Node Type": "Bitmap Heap Scan",
                                                    "Parent Relationship": "Outer",
                                                    "Parallel Aware": true,
                                                    "Relation Name": "movie_keyword",
                                                    "Schema": "public",
                                                    "Alias": "mk",
                                                    "Startup Cost": 15239.37,
                                                    "Total Cost": 42589.81,
                                                    "Plan Rows": 231715,
                                                    "Plan Width": 4,
                                                    "Actual Startup Time": 62.28,
                                                    "Actual Total Time": 109.935,
                                                    "Actual Rows": 176516,
                                                    "Actual Loops": 4,
                                                    "Output": [
                                                        "mk.id",
                                                        "mk.movie_id",
                                                        "mk.keyword_id"
                                                    ],
                                                    "Recheck Cond": "(mk.keyword_id > 26723)",
                                                    "Rows Removed by Index Recheck": 0,
                                                    "Exact Heap Blocks": 6806,
                                                    "Lossy Heap Blocks": 0,
                                                    "Workers": [
                                                        {
                                                            "Worker Number": 0,
                                                            "Actual Startup Time": 62.142,
                                                            "Actual Total Time": 111.78,
                                                            "Actual Rows": 194808,
                                                            "Actual Loops": 1
                                                        },
                                                        {
                                                            "Worker Number": 1,
                                                            "Actual Startup Time": 62.365,
                                                            "Actual Total Time": 111.336,
                                                            "Actual Rows": 145281,
                                                            "Actual Loops": 1
                                                        },
                                                        {
                                                            "Worker Number": 2,
                                                            "Actual Startup Time": 62.328,
                                                            "Actual Total Time": 110.846,
                                                            "Actual Rows": 166532,
                                                            "Actual Loops": 1
                                                        }
                                                    ],
                                                    "Plans": [
                                                        {
                                                            "Node Type": "Bitmap Index Scan",
                                                            "Parent Relationship": "Outer",
                                                            "Parallel Aware": false,
                                                            "Index Name": "keyword_id_movie_keyword",
                                                            "Startup Cost": 0.0,
                                                            "Total Cost": 15059.8,
                                                            "Plan Rows": 718315,
                                                            "Plan Width": 0,
                                                            "Actual Startup Time": 58.615,
                                                            "Actual Total Time": 58.615,
                                                            "Actual Rows": 706063,
                                                            "Actual Loops": 1,
                                                            "Index Cond": "(mk.keyword_id > 26723)",
                                                            "Workers": [
                                                                {
                                                                    "Worker Number": 0,
                                                                    "Actual Startup Time": 58.615,
                                                                    "Actual Total Time": 58.615,
                                                                    "Actual Rows": 706063,
                                                                    "Actual Loops": 1
                                                                }
                                                            ]
                                                        }
                                                    ]
                                                },
                                                {
                                                    "Node Type": "Hash",
                                                    "Parent Relationship": "Inner",
                                                    "Parallel Aware": true,
                                                    "Startup Cost": 274665.23,
                                                    "Total Cost": 274665.23,
                                                    "Plan Rows": 44373,
                                                    "Plan Width": 4,
                                                    "Actual Startup Time": 73.661,
                                                    "Actual Total Time": 73.661,
                                                    "Actual Rows": 91829,
                                                    "Actual Loops": 4,
                                                    "Output": [
                                                        "ci.movie_id"
                                                    ],
                                                    "Hash Buckets": 524288,
                                                    "Original Hash Buckets": 262144,
                                                    "Hash Batches": 1,
                                                    "Original Hash Batches": 1,
                                                    "Peak Memory Usage": 20576,
                                                    "Workers": [
                                                        {
                                                            "Worker Number": 0,
                                                            "Actual Startup Time": 71.291,
                                                            "Actual Total Time": 71.292,
                                                            "Actual Rows": 71292,
                                                            "Actual Loops": 1
                                                        },
                                                        {
                                                            "Worker Number": 1,
                                                            "Actual Startup Time": 71.214,
                                                            "Actual Total Time": 71.215,
                                                            "Actual Rows": 62500,
                                                            "Actual Loops": 1
                                                        },
                                                        {
                                                            "Worker Number": 2,
                                                            "Actual Startup Time": 71.766,
                                                            "Actual Total Time": 71.767,
                                                            "Actual Rows": 73571,
                                                            "Actual Loops": 1
                                                        }
                                                    ],
                                                    "Plans": [
                                                        {
                                                            "Node Type": "Bitmap Heap Scan",
                                                            "Parent Relationship": "Outer",
                                                            "Parallel Aware": true,
                                                            "Relation Name": "cast_info",
                                                            "Schema": "public",
                                                            "Alias": "ci",
                                                            "Startup Cost": 7532.15,
                                                            "Total Cost": 274665.23,
                                                            "Plan Rows": 44373,
                                                            "Plan Width": 4,
                                                            "Actual Startup Time": 8.858,
                                                            "Actual Total Time": 38.564,
                                                            "Actual Rows": 91829,
                                                            "Actual Loops": 4,
                                                            "Output": [
                                                                "ci.movie_id"
                                                            ],
                                                            "Recheck Cond": "(ci.person_id > 3994442)",
                                                            "Rows Removed by Index Recheck": 0,
                                                            "Filter": "(ci.role_id > 1)",
                                                            "Rows Removed by Filter": 0,
                                                            "Exact Heap Blocks": 2208,
                                                            "Lossy Heap Blocks": 0,
                                                            "Workers": [
                                                                {
                                                                    "Worker Number": 0,
                                                                    "Actual Startup Time": 6.545,
                                                                    "Actual Total Time": 37.713,
                                                                    "Actual Rows": 71292,
                                                                    "Actual Loops": 1
                                                                },
                                                                {
                                                                    "Worker Number": 1,
                                                                    "Actual Startup Time": 6.485,
                                                                    "Actual Total Time": 36.768,
                                                                    "Actual Rows": 62500,
                                                                    "Actual Loops": 1
                                                                },
                                                                {
                                                                    "Worker Number": 2,
                                                                    "Actual Startup Time": 6.964,
                                                                    "Actual Total Time": 38.743,
                                                                    "Actual Rows": 73571,
                                                                    "Actual Loops": 1
                                                                }
                                                            ],
                                                            "Plans": [
                                                                {
                                                                    "Node Type": "Bitmap Index Scan",
                                                                    "Parent Relationship": "Outer",
                                                                    "Parallel Aware": false,
                                                                    "Index Name": "person_id_cast_info",
                                                                    "Startup Cost": 0.0,
                                                                    "Total Cost": 7476.68,
                                                                    "Plan Rows": 342416,
                                                                    "Plan Width": 0,
                                                                    "Actual Startup Time": 14.788,
                                                                    "Actual Total Time": 14.788,
                                                                    "Actual Rows": 367315,
                                                                    "Actual Loops": 1,
                                                                    "Index Cond": "(ci.person_id > 3994442)"
                                                                }
                                                            ]
                                                        }
                                                    ]
                                                }
                                            ]
                                        },
                                        {
                                            "Node Type": "Index Only Scan",
                                            "Parent Relationship": "Inner",
                                            "Parallel Aware": false,
                                            "Scan Direction": "Forward",
                                            "Index Name": "title_pkey",
                                            "Relation Name": "title",
                                            "Schema": "public",
                                            "Alias": "t",
                                            "Startup Cost": 0.43,
                                            "Total Cost": 0.7,
                                            "Plan Rows": 1,
                                            "Plan Width": 4,
                                            "Actual Startup Time": 0.002,
                                            "Actual Total Time": 0.002,
                                            "Actual Rows": 1,
                                            "Actual Loops": 536655,
                                            "Output": [
                                                "t.id"
                                            ],
                                            "Index Cond": "(t.id = mk.movie_id)",
                                            "Rows Removed by Index Recheck": 0,
                                            "Heap Fetches": 536655,
                                            "Workers": [
                                                {
                                                    "Worker Number": 0,
                                                    "Actual Startup Time": 0.002,
                                                    "Actual Total Time": 0.002,
                                                    "Actual Rows": 1,
                                                    "Actual Loops": 132759
                                                },
                                                {
                                                    "Worker Number": 1,
                                                    "Actual Startup Time": 0.002,
                                                    "Actual Total Time": 0.002,
                                                    "Actual Rows": 1,
                                                    "Actual Loops": 120683
                                                },
                                                {
                                                    "Worker Number": 2,
                                                    "Actual Startup Time": 0.002,
                                                    "Actual Total Time": 0.002,
                                                    "Actual Rows": 1,
                                                    "Actual Loops": 131515
                                                }
                                            ]
                                        }
                                    ]
                                }
                            ]
                        }
                    ]
                }
            ]
        },
        "Planning Time": 175.728,
        "Triggers": [],
        "Execution Time": 559.252
    }
]