{
  "Plan": {
    "Node Type": "Aggregate",
    "Strategy": "Plain",
    "Partial Mode": "Finalize",
    "Parallel Aware": false,
    "Startup Cost": 381959.85,
    "Total Cost": 381959.86,
    "Plan Rows": 1,
    "Plan Width": 8,
    "Actual Startup Time": 423.697,
    "Actual Total Time": 437.704,
    "Actual Rows": 1,
    "Actual Loops": 1,
    "Plans": [
      {
        "Node Type": "Gather",
        "Parent Relationship": "Outer",
        "Parallel Aware": false,
        "Startup Cost": 381959.74,
        "Total Cost": 381959.85,
        "Plan Rows": 1,
        "Plan Width": 8,
        "Actual Startup Time": 423.412,
        "Actual Total Time": 437.687,
        "Actual Rows": 2,
        "Actual Loops": 1,
        "Workers Planned": 1,
        "Workers Launched": 1,
        "Single Copy": false,
        "Plans": [
          {
            "Node Type": "Aggregate",
            "Strategy": "Plain",
            "Partial Mode": "Partial",
            "Parent Relationship": "Outer",
            "Parallel Aware": false,
            "Startup Cost": 380959.74,
            "Total Cost": 380959.75,
            "Plan Rows": 1,
            "Plan Width": 8,
            "Actual Startup Time": 420.098,
            "Actual Total Time": 420.102,
            "Actual Rows": 1,
            "Actual Loops": 2,
            "Plans": [
              {
                "Node Type": "Hash Join",
                "Parent Relationship": "Outer",
                "Parallel Aware": true,
                "Join Type": "Inner",
                "Startup Cost": 108205.96,
                "Total Cost": 380932.89,
                "Plan Rows": 10738,
                "Plan Width": 0,
                "Actual Startup Time": 200.846,
                "Actual Total Time": 419.469,
                "Actual Rows": 9669,
                "Actual Loops": 2,
                "Inner Unique": true,
                "Hash Cond": "(ci.movie_id = t.id)",
                "Plans": [
                  {
                    "Node Type": "Bitmap Heap Scan",
                    "Parent Relationship": "Outer",
                    "Parallel Aware": true,
                    "Relation Name": "cast_info",
                    "Alias": "ci",
                    "Startup Cost": 49748.83,
                    "Total Cost": 318997.75,
                    "Plan Rows": 1324954,
                    "Plan Width": 4,
                    "Actual Startup Time": 74.245,
                    "Actual Total Time": 185.582,
                    "Actual Rows": 1129358,
                    "Actual Loops": 2,
                    "Recheck Cond": "(person_id < 219973)",
                    "Rows Removed by Index Recheck": 0,
                    "Exact Heap Blocks": 13626,
                    "Lossy Heap Blocks": 0,
                    "Plans": [
                      {
                        "Node Type": "Bitmap Index Scan",
                        "Parent Relationship": "Outer",
                        "Parallel Aware": false,
                        "Index Name": "person_id_cast_info",
                        "Startup Cost": 0.0,
                        "Total Cost": 49185.72,
                        "Plan Rows": 2252421,
                        "Plan Width": 0,
                        "Actual Startup Time": 70.64,
                        "Actual Total Time": 70.641,
                        "Actual Rows": 2258717,
                        "Actual Loops": 1,
                        "Index Cond": "(person_id < 219973)"
                      }
                    ]
                  },
                  {
                    "Node Type": "Hash",
                    "Parent Relationship": "Inner",
                    "Parallel Aware": true,
                    "Startup Cost": 58306.47,
                    "Total Cost": 58306.47,
                    "Plan Rows": 12053,
                    "Plan Width": 4,
                    "Actual Startup Time": 125.937,
                    "Actual Total Time": 125.938,
                    "Actual Rows": 9446,
                    "Actual Loops": 2,
                    "Hash Buckets": 32768,
                    "Original Hash Buckets": 32768,
                    "Hash Batches": 1,
                    "Original Hash Batches": 1,
                    "Peak Memory Usage": 1024,
                    "Plans": [
                      {
                        "Node Type": "Seq Scan",
                        "Parent Relationship": "Outer",
                        "Parallel Aware": true,
                        "Relation Name": "title",
                        "Alias": "t",
                        "Startup Cost": 0.0,
                        "Total Cost": 58306.47,
                        "Plan Rows": 12053,
                        "Plan Width": 4,
                        "Actual Startup Time": 0.2,
                        "Actual Total Time": 123.057,
                        "Actual Rows": 9446,
                        "Actual Loops": 2,
                        "Filter": "((kind_id < 7) AND (production_year = 2001))",
                        "Rows Removed by Filter": 1254710
                      }
                    ]
                  }
                ]
              }
            ]
          }
        ]
      }
    ]
  },
  "Planning Time": 0.262,
  "Triggers": [],
  "Execution Time": 437.761
}