[
  {
    "Plan": {
      "Node Type": "Aggregate",
      "Strategy": "Plain",
      "Partial Mode": "Finalize",
      "Parallel Aware": false,
      "Startup Cost": 32806.84,
      "Total Cost": 32806.85,
      "Plan Rows": 1,
      "Plan Width": 8,
      "Actual Startup Time": 93.67,
      "Actual Total Time": 101.396,
      "Actual Rows": 1,
      "Actual Loops": 1,
      "Plans": [
        {
          "Node Type": "Gather",
          "Parent Relationship": "Outer",
          "Parallel Aware": false,
          "Startup Cost": 32806.53,
          "Total Cost": 32806.84,
          "Plan Rows": 3,
          "Plan Width": 8,
          "Actual Startup Time": 93.559,
          "Actual Total Time": 101.389,
          "Actual Rows": 4,
          "Actual Loops": 1,
          "Workers Planned": 3,
          "Workers Launched": 3,
          "Single Copy": false,
          "Plans": [
            {
              "Node Type": "Aggregate",
              "Strategy": "Plain",
              "Partial Mode": "Partial",
              "Parent Relationship": "Outer",
              "Parallel Aware": false,
              "Startup Cost": 31806.53,
              "Total Cost": 31806.54,
              "Plan Rows": 1,
              "Plan Width": 8,
              "Actual Startup Time": 86.515,
              "Actual Total Time": 86.516,
              "Actual Rows": 1,
              "Actual Loops": 4,
              "Plans": [
                {
                  "Node Type": "Seq Scan",
                  "Parent Relationship": "Outer",
                  "Parallel Aware": true,
                  "Relation Name": "movie_companies",
                  "Alias": "mc",
                  "Startup Cost": 0.0,
                  "Total Cost": 31414.82,
                  "Plan Rows": 156683,
                  "Plan Width": 0,
                  "Actual Startup Time": 45.963,
                  "Actual Total Time": 78.788,
                  "Actual Rows": 201238,
                  "Actual Loops": 4,
                  "Filter": "((company_id > 17790) AND (company_type_id = 2))",
                  "Rows Removed by Filter": 451044
                }
              ]
            }
          ]
        }
      ]
    },
    "Planning Time": 0.216,
    "Triggers": [],
    "Execution Time": 101.45
  }
]