[
  {
    "Plan": {
      "Node Type": "Aggregate",
      "Strategy": "Plain",
      "Partial Mode": "Finalize",
      "Parallel Aware": false,
      "Startup Cost": 32086.27,
      "Total Cost": 32086.28,
      "Plan Rows": 1,
      "Plan Width": 8,
      "Actual Startup Time": 109.474,
      "Actual Total Time": 115.536,
      "Actual Rows": 1,
      "Actual Loops": 1,
      "Plans": [
        {
          "Node Type": "Gather",
          "Parent Relationship": "Outer",
          "Parallel Aware": false,
          "Startup Cost": 32085.96,
          "Total Cost": 32086.27,
          "Plan Rows": 3,
          "Plan Width": 8,
          "Actual Startup Time": 109.191,
          "Actual Total Time": 115.528,
          "Actual Rows": 4,
          "Actual Loops": 1,
          "Workers Planned": 3,
          "Workers Launched": 3,
          "Single Copy": false,
          "Plans": [
            {
              "Node Type": "Aggregate",
              "Strategy": "Plain",
              "Partial Mode": "Partial",
              "Parent Relationship": "Outer",
              "Parallel Aware": false,
              "Startup Cost": 31085.96,
              "Total Cost": 31085.97,
              "Plan Rows": 1,
              "Plan Width": 8,
              "Actual Startup Time": 102.847,
              "Actual Total Time": 102.848,
              "Actual Rows": 1,
              "Actual Loops": 4,
              "Plans": [
                {
                  "Node Type": "Seq Scan",
                  "Parent Relationship": "Outer",
                  "Parallel Aware": true,
                  "Relation Name": "movie_companies",
                  "Alias": "mc",
                  "Startup Cost": 0.0,
                  "Total Cost": 29310.68,
                  "Plan Rows": 710110,
                  "Plan Width": 0,
                  "Actual Startup Time": 0.034,
                  "Actual Total Time": 77.54,
                  "Actual Rows": 549364,
                  "Actual Loops": 4,
                  "Filter": "(company_id < 80861)",
                  "Rows Removed by Filter": 102919
                }
              ]
            }
          ]
        }
      ]
    },
    "Planning Time": 0.159,
    "Triggers": [],
    "Execution Time": 115.591
  }
]