[
  {
    "Plan": {
      "Node Type": "Aggregate",
      "Strategy": "Plain",
      "Partial Mode": "Finalize",
      "Parallel Aware": false,
      "Startup Cost": 329921.36,
      "Total Cost": 329921.37,
      "Plan Rows": 1,
      "Plan Width": 8,
      "Actual Startup Time": 1588.195,
      "Actual Total Time": 1635.306,
      "Actual Rows": 1,
      "Actual Loops": 1,
      "Plans": [
        {
          "Node Type": "Gather",
          "Parent Relationship": "Outer",
          "Parallel Aware": false,
          "Startup Cost": 329920.84,
          "Total Cost": 329921.35,
          "Plan Rows": 5,
          "Plan Width": 8,
          "Actual Startup Time": 1580.548,
          "Actual Total Time": 1635.295,
          "Actual Rows": 6,
          "Actual Loops": 1,
          "Workers Planned": 5,
          "Workers Launched": 5,
          "Single Copy": false,
          "Plans": [
            {
              "Node Type": "Aggregate",
              "Strategy": "Plain",
              "Partial Mode": "Partial",
              "Parent Relationship": "Outer",
              "Parallel Aware": false,
              "Startup Cost": 328920.84,
              "Total Cost": 328920.85,
              "Plan Rows": 1,
              "Plan Width": 8,
              "Actual Startup Time": 1571.92,
              "Actual Total Time": 1572.125,
              "Actual Rows": 1,
              "Actual Loops": 6,
              "Plans": [
                {
                  "Node Type": "Hash Join",
                  "Parent Relationship": "Outer",
                  "Parallel Aware": true,
                  "Join Type": "Inner",
                  "Startup Cost": 122353.16,
                  "Total Cost": 326838.67,
                  "Plan Rows": 832868,
                  "Plan Width": 0,
                  "Actual Startup Time": 448.228,
                  "Actual Total Time": 1476.815,
                  "Actual Rows": 2057456,
                  "Actual Loops": 6,
                  "Inner Unique": false,
                  "Hash Cond": "(mi.movie_id = t.id)",
                  "Plans": [
                    {
                      "Node Type": "Seq Scan",
                      "Parent Relationship": "Outer",
                      "Parallel Aware": true,
                      "Relation Name": "movie_info",
                      "Alias": "mi",
                      "Startup Cost": 0.0,
                      "Total Cost": 191685.19,
                      "Plan Rows": 2969219,
                      "Plan Width": 4,
                      "Actual Startup Time": 0.026,
                      "Actual Total Time": 294.429,
                      "Actual Rows": 2472620,
                      "Actual Loops": 6
                    },
                    {
                      "Node Type": "Hash",
                      "Parent Relationship": "Inner",
                      "Parallel Aware": true,
                      "Startup Cost": 120580.1,
                      "Total Cost": 120580.1,
                      "Plan Rows": 141845,
                      "Plan Width": 8,
                      "Actual Startup Time": 444.703,
                      "Actual Total Time": 444.907,
                      "Actual Rows": 130608,
                      "Actual Loops": 6,
                      "Hash Buckets": 1048576,
                      "Original Hash Buckets": 1048576,
                      "Hash Batches": 1,
                      "Original Hash Batches": 1,
                      "Peak Memory Usage": 38976,
                      "Plans": [
                        {
                          "Node Type": "Hash Join",
                          "Parent Relationship": "Outer",
                          "Parallel Aware": true,
                          "Join Type": "Inner",
                          "Startup Cost": 46562.64,
                          "Total Cost": 120580.1,
                          "Plan Rows": 141845,
                          "Plan Width": 8,
                          "Actual Startup Time": 150.799,
                          "Actual Total Time": 394.305,
                          "Actual Rows": 130608,
                          "Actual Loops": 6,
                          "Inner Unique": true,
                          "Hash Cond": "(ci.movie_id = t.id)",
                          "Plans": [
                            {
                              "Node Type": "Index Scan",
                              "Parent Relationship": "Outer",
                              "Parallel Aware": true,
                              "Scan Direction": "Forward",
                              "Index Name": "role_id_cast_info",
                              "Relation Name": "cast_info",
                              "Alias": "ci",
                              "Startup Cost": 0.56,
                              "Total Cost": 72913.16,
                              "Plan Rows": 420904,
                              "Plan Width": 4,
                              "Actual Startup Time": 0.307,
                              "Actual Total Time": 113.71,
                              "Actual Rows": 364064,
                              "Actual Loops": 6,
                              "Index Cond": "(role_id = 4)",
                              "Rows Removed by Index Recheck": 0,
                              "Filter": "(person_id > 763602)",
                              "Rows Removed by Filter": 90760
                            },
                            {
                              "Node Type": "Hash",
                              "Parent Relationship": "Inner",
                              "Parallel Aware": true,
                              "Startup Cost": 43899.32,
                              "Total Cost": 43899.32,
                              "Plan Rows": 213020,
                              "Plan Width": 4,
                              "Actual Startup Time": 149.097,
                              "Actual Total Time": 149.101,
                              "Actual Rows": 142369,
                              "Actual Loops": 6,
                              "Hash Buckets": 1048576,
                              "Original Hash Buckets": 1048576,
                              "Hash Batches": 1,
                              "Original Hash Batches": 1,
                              "Peak Memory Usage": 41792,
                              "Plans": [
                                {
                                  "Node Type": "Seq Scan",
                                  "Parent Relationship": "Outer",
                                  "Parallel Aware": true,
                                  "Relation Name": "title",
                                  "Alias": "t",
                                  "Startup Cost": 0.0,
                                  "Total Cost": 43899.32,
                                  "Plan Rows": 213020,
                                  "Plan Width": 4,
                                  "Actual Startup Time": 0.051,
                                  "Actual Total Time": 87.129,
                                  "Actual Rows": 142369,
                                  "Actual Loops": 6,
                                  "Filter": "(kind_id < 4)",
                                  "Rows Removed by Filter": 279016
                                }
                              ]
                            }
                          ]
                        }
                      ]
                    }
                  ]
                }
              ]
            }
          ]
        }
      ]
    },
    "Planning Time": 0.461,
    "Triggers": [],
    "Execution Time": 1635.362
  }
]