[
  {
    "Plan": {
      "Node Type": "Aggregate",
      "Strategy": "Plain",
      "Partial Mode": "Finalize",
      "Parallel Aware": false,
      "Startup Cost": 93282.92,
      "Total Cost": 93282.93,
      "Plan Rows": 1,
      "Plan Width": 8,
      "Actual Startup Time": 346.478,
      "Actual Total Time": 377.137,
      "Actual Rows": 1,
      "Actual Loops": 1,
      "Plans": [
        {
          "Node Type": "Gather",
          "Parent Relationship": "Outer",
          "Parallel Aware": false,
          "Startup Cost": 93282.6,
          "Total Cost": 93282.91,
          "Plan Rows": 3,
          "Plan Width": 8,
          "Actual Startup Time": 346.171,
          "Actual Total Time": 377.127,
          "Actual Rows": 4,
          "Actual Loops": 1,
          "Workers Planned": 3,
          "Workers Launched": 3,
          "Single Copy": false,
          "Plans": [
            {
              "Node Type": "Aggregate",
              "Strategy": "Plain",
              "Partial Mode": "Partial",
              "Parent Relationship": "Outer",
              "Parallel Aware": false,
              "Startup Cost": 92282.6,
              "Total Cost": 92282.61,
              "Plan Rows": 1,
              "Plan Width": 8,
              "Actual Startup Time": 336.728,
              "Actual Total Time": 336.732,
              "Actual Rows": 1,
              "Actual Loops": 4,
              "Plans": [
                {
                  "Node Type": "Nested Loop",
                  "Parent Relationship": "Outer",
                  "Parallel Aware": false,
                  "Join Type": "Inner",
                  "Startup Cost": 45568.9,
                  "Total Cost": 92175.33,
                  "Plan Rows": 42906,
                  "Plan Width": 0,
                  "Actual Startup Time": 113.454,
                  "Actual Total Time": 333.978,
                  "Actual Rows": 39085,
                  "Actual Loops": 4,
                  "Inner Unique": false,
                  "Join Filter": "(t.id = mi.movie_id)",
                  "Rows Removed by Join Filter": 0,
                  "Plans": [
                    {
                      "Node Type": "Hash Join",
                      "Parent Relationship": "Outer",
                      "Parallel Aware": true,
                      "Join Type": "Inner",
                      "Startup Cost": 45568.46,
                      "Total Cost": 76582.04,
                      "Plan Rows": 7338,
                      "Plan Width": 8,
                      "Actual Startup Time": 113.358,
                      "Actual Total Time": 255.739,
                      "Actual Rows": 3629,
                      "Actual Loops": 4,
                      "Inner Unique": true,
                      "Hash Cond": "(mc.movie_id = t.id)",
                      "Plans": [
                        {
                          "Node Type": "Seq Scan",
                          "Parent Relationship": "Outer",
                          "Parallel Aware": true,
                          "Relation Name": "movie_companies",
                          "Alias": "mc",
                          "Startup Cost": 0.0,
                          "Total Cost": 29310.68,
                          "Plan Rows": 648724,
                          "Plan Width": 4,
                          "Actual Startup Time": 0.197,
                          "Actual Total Time": 83.066,
                          "Actual Rows": 504442,
                          "Actual Loops": 4,
                          "Filter": "(company_id > 677)",
                          "Rows Removed by Filter": 147840
                        },
                        {
                          "Node Type": "Hash",
                          "Parent Relationship": "Inner",
                          "Parallel Aware": true,
                          "Startup Cost": 45479.1,
                          "Total Cost": 45479.1,
                          "Plan Rows": 7149,
                          "Plan Width": 4,
                          "Actual Startup Time": 111.8,
                          "Actual Total Time": 111.801,
                          "Actual Rows": 8122,
                          "Actual Loops": 4,
                          "Hash Buckets": 32768,
                          "Original Hash Buckets": 32768,
                          "Hash Batches": 1,
                          "Original Hash Batches": 1,
                          "Peak Memory Usage": 1632,
                          "Plans": [
                            {
                              "Node Type": "Seq Scan",
                              "Parent Relationship": "Outer",
                              "Parallel Aware": true,
                              "Relation Name": "title",
                              "Alias": "t",
                              "Startup Cost": 0.0,
                              "Total Cost": 45479.1,
                              "Plan Rows": 7149,
                              "Plan Width": 4,
                              "Actual Startup Time": 0.042,
                              "Actual Total Time": 107.146,
                              "Actual Rows": 8122,
                              "Actual Loops": 4,
                              "Filter": "((kind_id > 1) AND (production_year = 1997))",
                              "Rows Removed by Filter": 623956
                            }
                          ]
                        }
                      ]
                    },
                    {
                      "Node Type": "Index Only Scan",
                      "Parent Relationship": "Inner",
                      "Parallel Aware": false,
                      "Scan Direction": "Forward",
                      "Index Name": "movie_id_movie_info",
                      "Relation Name": "movie_info",
                      "Alias": "mi",
                      "Startup Cost": 0.43,
                      "Total Cost": 1.6,
                      "Plan Rows": 42,
                      "Plan Width": 4,
                      "Actual Startup Time": 0.008,
                      "Actual Total Time": 0.02,
                      "Actual Rows": 11,
                      "Actual Loops": 14516,
                      "Index Cond": "(movie_id = mc.movie_id)",
                      "Rows Removed by Index Recheck": 0,
                      "Heap Fetches": 156339
                    }
                  ]
                }
              ]
            }
          ]
        }
      ]
    },
    "Planning Time": 1.473,
    "Triggers": [],
    "Execution Time": 377.229
  }
]