[
  {
    "Plan": {
      "Node Type": "Aggregate",
      "Strategy": "Plain",
      "Partial Mode": "Finalize",
      "Parallel Aware": false,
      "Startup Cost": 89899.36,
      "Total Cost": 89899.37,
      "Plan Rows": 1,
      "Plan Width": 8,
      "Actual Startup Time": 281.325,
      "Actual Total Time": 300.587,
      "Actual Rows": 1,
      "Actual Loops": 1,
      "Plans": [
        {
          "Node Type": "Gather",
          "Parent Relationship": "Outer",
          "Parallel Aware": false,
          "Startup Cost": 89899.04,
          "Total Cost": 89899.35,
          "Plan Rows": 3,
          "Plan Width": 8,
          "Actual Startup Time": 280.984,
          "Actual Total Time": 300.577,
          "Actual Rows": 4,
          "Actual Loops": 1,
          "Workers Planned": 3,
          "Workers Launched": 3,
          "Single Copy": false,
          "Plans": [
            {
              "Node Type": "Aggregate",
              "Strategy": "Plain",
              "Partial Mode": "Partial",
              "Parent Relationship": "Outer",
              "Parallel Aware": false,
              "Startup Cost": 88899.04,
              "Total Cost": 88899.05,
              "Plan Rows": 1,
              "Plan Width": 8,
              "Actual Startup Time": 273.906,
              "Actual Total Time": 273.909,
              "Actual Rows": 1,
              "Actual Loops": 4,
              "Plans": [
                {
                  "Node Type": "Hash Join",
                  "Parent Relationship": "Outer",
                  "Parallel Aware": true,
                  "Join Type": "Inner",
                  "Startup Cost": 44023.63,
                  "Total Cost": 88866.86,
                  "Plan Rows": 12872,
                  "Plan Width": 0,
                  "Actual Startup Time": 102.043,
                  "Actual Total Time": 273.162,
                  "Actual Rows": 12130,
                  "Actual Loops": 4,
                  "Inner Unique": true,
                  "Hash Cond": "(mk.movie_id = t.id)",
                  "Plans": [
                    {
                      "Node Type": "Seq Scan",
                      "Parent Relationship": "Outer",
                      "Parallel Aware": true,
                      "Relation Name": "movie_keyword",
                      "Alias": "mk",
                      "Startup Cost": 0.0,
                      "Total Cost": 42695.65,
                      "Plan Rows": 818123,
                      "Plan Width": 4,
                      "Actual Startup Time": 0.032,
                      "Actual Total Time": 119.327,
                      "Actual Rows": 636039,
                      "Actual Loops": 4,
                      "Filter": "(keyword_id < 6393)",
                      "Rows Removed by Filter": 494944
                    },
                    {
                      "Node Type": "Hash",
                      "Parent Relationship": "Inner",
                      "Parallel Aware": true,
                      "Startup Cost": 43899.32,
                      "Total Cost": 43899.32,
                      "Plan Rows": 9945,
                      "Plan Width": 4,
                      "Actual Startup Time": 100.983,
                      "Actual Total Time": 100.984,
                      "Actual Rows": 9739,
                      "Actual Loops": 4,
                      "Hash Buckets": 65536,
                      "Original Hash Buckets": 65536,
                      "Hash Batches": 1,
                      "Original Hash Batches": 1,
                      "Peak Memory Usage": 2080,
                      "Plans": [
                        {
                          "Node Type": "Seq Scan",
                          "Parent Relationship": "Outer",
                          "Parallel Aware": true,
                          "Relation Name": "title",
                          "Alias": "t",
                          "Startup Cost": 0.0,
                          "Total Cost": 43899.32,
                          "Plan Rows": 9945,
                          "Plan Width": 4,
                          "Actual Startup Time": 0.095,
                          "Actual Total Time": 96.17,
                          "Actual Rows": 9739,
                          "Actual Loops": 4,
                          "Filter": "(production_year = 1997)",
                          "Rows Removed by Filter": 622339
                        }
                      ]
                    }
                  ]
                }
              ]
            }
          ]
        }
      ]
    },
    "Planning Time": 0.307,
    "Triggers": [],
    "Execution Time": 300.63
  }
]