[
  {
    "Plan": {
      "Node Type": "Aggregate",
      "Strategy": "Plain",
      "Partial Mode": "Finalize",
      "Parallel Aware": false,
      "Startup Cost": 64115.57,
      "Total Cost": 64115.58,
      "Plan Rows": 1,
      "Plan Width": 8,
      "Actual Startup Time": 431.887,
      "Actual Total Time": 495.323,
      "Actual Rows": 1,
      "Actual Loops": 1,
      "Plans": [
        {
          "Node Type": "Gather",
          "Parent Relationship": "Outer",
          "Parallel Aware": false,
          "Startup Cost": 64115.25,
          "Total Cost": 64115.56,
          "Plan Rows": 3,
          "Plan Width": 8,
          "Actual Startup Time": 431.307,
          "Actual Total Time": 495.313,
          "Actual Rows": 4,
          "Actual Loops": 1,
          "Workers Planned": 3,
          "Workers Launched": 3,
          "Single Copy": false,
          "Plans": [
            {
              "Node Type": "Aggregate",
              "Strategy": "Plain",
              "Partial Mode": "Partial",
              "Parent Relationship": "Outer",
              "Parallel Aware": false,
              "Startup Cost": 63115.25,
              "Total Cost": 63115.26,
              "Plan Rows": 1,
              "Plan Width": 8,
              "Actual Startup Time": 425.383,
              "Actual Total Time": 425.385,
              "Actual Rows": 1,
              "Actual Loops": 4,
              "Plans": [
                {
                  "Node Type": "Nested Loop",
                  "Parent Relationship": "Outer",
                  "Parallel Aware": false,
                  "Join Type": "Inner",
                  "Startup Cost": 707.19,
                  "Total Cost": 62923.11,
                  "Plan Rows": 76855,
                  "Plan Width": 0,
                  "Actual Startup Time": 2.11,
                  "Actual Total Time": 413.198,
                  "Actual Rows": 207775,
                  "Actual Loops": 4,
                  "Inner Unique": false,
                  "Plans": [
                    {
                      "Node Type": "Nested Loop",
                      "Parent Relationship": "Outer",
                      "Parallel Aware": false,
                      "Join Type": "Inner",
                      "Startup Cost": 706.63,
                      "Total Cost": 51186.16,
                      "Plan Rows": 5364,
                      "Plan Width": 8,
                      "Actual Startup Time": 1.93,
                      "Actual Total Time": 29.88,
                      "Actual Rows": 7615,
                      "Actual Loops": 4,
                      "Inner Unique": true,
                      "Plans": [
                        {
                          "Node Type": "Bitmap Heap Scan",
                          "Parent Relationship": "Outer",
                          "Parallel Aware": true,
                          "Relation Name": "movie_companies",
                          "Alias": "mc",
                          "Startup Cost": 706.2,
                          "Total Cost": 20198.85,
                          "Plan Rows": 5364,
                          "Plan Width": 4,
                          "Actual Startup Time": 1.762,
                          "Actual Total Time": 5.035,
                          "Actual Rows": 7615,
                          "Actual Loops": 4,
                          "Recheck Cond": "(company_id > 207340)",
                          "Rows Removed by Index Recheck": 0,
                          "Filter": "(company_type_id = 2)",
                          "Rows Removed by Filter": 0,
                          "Exact Heap Blocks": 474,
                          "Lossy Heap Blocks": 0,
                          "Plans": [
                            {
                              "Node Type": "Bitmap Index Scan",
                              "Parent Relationship": "Outer",
                              "Parallel Aware": false,
                              "Index Name": "company_id_movie_companies",
                              "Startup Cost": 0.0,
                              "Total Cost": 702.04,
                              "Plan Rows": 32748,
                              "Plan Width": 0,
                              "Actual Startup Time": 6.189,
                              "Actual Total Time": 6.189,
                              "Actual Rows": 30460,
                              "Actual Loops": 1,
                              "Index Cond": "(company_id > 207340)"
                            }
                          ]
                        },
                        {
                          "Node Type": "Index Only Scan",
                          "Parent Relationship": "Inner",
                          "Parallel Aware": false,
                          "Scan Direction": "Forward",
                          "Index Name": "title_pkey",
                          "Relation Name": "title",
                          "Alias": "t",
                          "Startup Cost": 0.43,
                          "Total Cost": 5.78,
                          "Plan Rows": 1,
                          "Plan Width": 4,
                          "Actual Startup Time": 0.003,
                          "Actual Total Time": 0.003,
                          "Actual Rows": 1,
                          "Actual Loops": 30460,
                          "Index Cond": "(id = mc.movie_id)",
                          "Rows Removed by Index Recheck": 0,
                          "Heap Fetches": 30460
                        }
                      ]
                    },
                    {
                      "Node Type": "Index Only Scan",
                      "Parent Relationship": "Inner",
                      "Parallel Aware": false,
                      "Scan Direction": "Forward",
                      "Index Name": "movie_id_cast_info",
                      "Relation Name": "cast_info",
                      "Alias": "ci",
                      "Startup Cost": 0.56,
                      "Total Cost": 1.82,
                      "Plan Rows": 37,
                      "Plan Width": 4,
                      "Actual Startup Time": 0.006,
                      "Actual Total Time": 0.048,
                      "Actual Rows": 27,
                      "Actual Loops": 30460,
                      "Index Cond": "(movie_id = t.id)",
                      "Rows Removed by Index Recheck": 0,
                      "Heap Fetches": 831101
                    }
                  ]
                }
              ]
            }
          ]
        }
      ]
    },
    "Planning Time": 1.302,
    "Triggers": [],
    "Execution Time": 495.475
  }
]