[
  {
    "Plan": {
      "Node Type": "Aggregate",
      "Strategy": "Plain",
      "Partial Mode": "Finalize",
      "Parallel Aware": false,
      "Startup Cost": 46411.3,
      "Total Cost": 46411.31,
      "Plan Rows": 1,
      "Plan Width": 8,
      "Actual Startup Time": 166.037,
      "Actual Total Time": 175.705,
      "Actual Rows": 1,
      "Actual Loops": 1,
      "Plans": [
        {
          "Node Type": "Gather",
          "Parent Relationship": "Outer",
          "Parallel Aware": false,
          "Startup Cost": 46410.99,
          "Total Cost": 46411.3,
          "Plan Rows": 3,
          "Plan Width": 8,
          "Actual Startup Time": 165.907,
          "Actual Total Time": 175.697,
          "Actual Rows": 4,
          "Actual Loops": 1,
          "Workers Planned": 3,
          "Workers Launched": 3,
          "Single Copy": false,
          "Plans": [
            {
              "Node Type": "Aggregate",
              "Strategy": "Plain",
              "Partial Mode": "Partial",
              "Parent Relationship": "Outer",
              "Parallel Aware": false,
              "Startup Cost": 45410.99,
              "Total Cost": 45411.0,
              "Plan Rows": 1,
              "Plan Width": 8,
              "Actual Startup Time": 157.561,
              "Actual Total Time": 157.562,
              "Actual Rows": 1,
              "Actual Loops": 4,
              "Plans": [
                {
                  "Node Type": "Seq Scan",
                  "Parent Relationship": "Outer",
                  "Parallel Aware": true,
                  "Relation Name": "movie_keyword",
                  "Alias": "mk",
                  "Startup Cost": 0.0,
                  "Total Cost": 42695.65,
                  "Plan Rows": 1086133,
                  "Plan Width": 0,
                  "Actual Startup Time": 0.057,
                  "Actual Total Time": 120.118,
                  "Actual Rows": 839564,
                  "Actual Loops": 4,
                  "Filter": "(keyword_id < 16064)",
                  "Rows Removed by Filter": 291418
                }
              ]
            }
          ]
        }
      ]
    },
    "Planning Time": 0.16,
    "Triggers": [],
    "Execution Time": 175.755
  }
]