[
  {
    "Plan": {
      "Node Type": "Aggregate",
      "Strategy": "Plain",
      "Partial Mode": "Finalize",
      "Parallel Aware": false,
      "Startup Cost": 79072.26,
      "Total Cost": 79072.27,
      "Plan Rows": 1,
      "Plan Width": 8,
      "Actual Startup Time": 118.88,
      "Actual Total Time": 126.198,
      "Actual Rows": 1,
      "Actual Loops": 1,
      "Plans": [
        {
          "Node Type": "Gather",
          "Parent Relationship": "Outer",
          "Parallel Aware": false,
          "Startup Cost": 79071.74,
          "Total Cost": 79072.25,
          "Plan Rows": 5,
          "Plan Width": 8,
          "Actual Startup Time": 118.81,
          "Actual Total Time": 126.19,
          "Actual Rows": 6,
          "Actual Loops": 1,
          "Workers Planned": 5,
          "Workers Launched": 5,
          "Single Copy": false,
          "Plans": [
            {
              "Node Type": "Aggregate",
              "Strategy": "Plain",
              "Partial Mode": "Partial",
              "Parent Relationship": "Outer",
              "Parallel Aware": false,
              "Startup Cost": 78071.74,
              "Total Cost": 78071.75,
              "Plan Rows": 1,
              "Plan Width": 8,
              "Actual Startup Time": 110.727,
              "Actual Total Time": 110.728,
              "Actual Rows": 1,
              "Actual Loops": 6,
              "Plans": [
                {
                  "Node Type": "Index Scan",
                  "Parent Relationship": "Outer",
                  "Parallel Aware": true,
                  "Scan Direction": "Forward",
                  "Index Name": "role_id_cast_info",
                  "Relation Name": "cast_info",
                  "Alias": "ci",
                  "Startup Cost": 0.56,
                  "Total Cost": 77740.85,
                  "Plan Rows": 132353,
                  "Plan Width": 0,
                  "Actual Startup Time": 0.146,
                  "Actual Total Time": 101.539,
                  "Actual Rows": 181934,
                  "Actual Loops": 6,
                  "Index Cond": "(role_id = 4)",
                  "Rows Removed by Index Recheck": 0,
                  "Filter": "(person_id > 2850953)",
                  "Rows Removed by Filter": 272890
                }
              ]
            }
          ]
        }
      ]
    },
    "Planning Time": 0.292,
    "Triggers": [],
    "Execution Time": 126.27
  }
]