[
  {
    "Plan": {
      "Node Type": "Aggregate",
      "Strategy": "Plain",
      "Partial Mode": "Finalize",
      "Parallel Aware": false,
      "Startup Cost": 49316.68,
      "Total Cost": 49316.69,
      "Plan Rows": 1,
      "Plan Width": 8,
      "Actual Startup Time": 68.329,
      "Actual Total Time": 83.352,
      "Actual Rows": 1,
      "Actual Loops": 1,
      "Plans": [
        {
          "Node Type": "Gather",
          "Parent Relationship": "Outer",
          "Parallel Aware": false,
          "Startup Cost": 49316.37,
          "Total Cost": 49316.68,
          "Plan Rows": 3,
          "Plan Width": 8,
          "Actual Startup Time": 68.054,
          "Actual Total Time": 83.344,
          "Actual Rows": 4,
          "Actual Loops": 1,
          "Workers Planned": 3,
          "Workers Launched": 3,
          "Single Copy": false,
          "Plans": [
            {
              "Node Type": "Aggregate",
              "Strategy": "Plain",
              "Partial Mode": "Partial",
              "Parent Relationship": "Outer",
              "Parallel Aware": false,
              "Startup Cost": 48316.37,
              "Total Cost": 48316.38,
              "Plan Rows": 1,
              "Plan Width": 8,
              "Actual Startup Time": 61.027,
              "Actual Total Time": 61.029,
              "Actual Rows": 1,
              "Actual Loops": 4,
              "Plans": [
                {
                  "Node Type": "Nested Loop",
                  "Parent Relationship": "Outer",
                  "Parallel Aware": false,
                  "Join Type": "Inner",
                  "Startup Cost": 264.09,
                  "Total Cost": 48314.35,
                  "Plan Rows": 808,
                  "Plan Width": 0,
                  "Actual Startup Time": 6.721,
                  "Actual Total Time": 60.846,
                  "Actual Rows": 1658,
                  "Actual Loops": 4,
                  "Inner Unique": false,
                  "Plans": [
                    {
                      "Node Type": "Nested Loop",
                      "Parent Relationship": "Outer",
                      "Parallel Aware": false,
                      "Join Type": "Inner",
                      "Startup Cost": 263.53,
                      "Total Cost": 45508.92,
                      "Plan Rows": 357,
                      "Plan Width": 8,
                      "Actual Startup Time": 4.67,
                      "Actual Total Time": 34.844,
                      "Actual Rows": 111,
                      "Actual Loops": 4,
                      "Inner Unique": true,
                      "Plans": [
                        {
                          "Node Type": "Bitmap Heap Scan",
                          "Parent Relationship": "Outer",
                          "Parallel Aware": true,
                          "Relation Name": "movie_keyword",
                          "Alias": "mk",
                          "Startup Cost": 263.1,
                          "Total Cost": 20870.7,
                          "Plan Rows": 3940,
                          "Plan Width": 4,
                          "Actual Startup Time": 3.078,
                          "Actual Total Time": 13.674,
                          "Actual Rows": 2577,
                          "Actual Loops": 4,
                          "Recheck Cond": "(keyword_id = 870)",
                          "Rows Removed by Index Recheck": 0,
                          "Exact Heap Blocks": 5355,
                          "Lossy Heap Blocks": 0,
                          "Plans": [
                            {
                              "Node Type": "Bitmap Index Scan",
                              "Parent Relationship": "Outer",
                              "Parallel Aware": false,
                              "Index Name": "keyword_id_movie_keyword",
                              "Startup Cost": 0.0,
                              "Total Cost": 260.05,
                              "Plan Rows": 12215,
                              "Plan Width": 0,
                              "Actual Startup Time": 5.133,
                              "Actual Total Time": 5.134,
                              "Actual Rows": 10307,
                              "Actual Loops": 1,
                              "Index Cond": "(keyword_id = 870)"
                            }
                          ]
                        },
                        {
                          "Node Type": "Index Scan",
                          "Parent Relationship": "Inner",
                          "Parallel Aware": false,
                          "Scan Direction": "Forward",
                          "Index Name": "title_pkey",
                          "Relation Name": "title",
                          "Alias": "t",
                          "Startup Cost": 0.43,
                          "Total Cost": 6.25,
                          "Plan Rows": 1,
                          "Plan Width": 4,
                          "Actual Startup Time": 0.008,
                          "Actual Total Time": 0.008,
                          "Actual Rows": 0,
                          "Actual Loops": 10307,
                          "Index Cond": "(id = mk.movie_id)",
                          "Rows Removed by Index Recheck": 0,
                          "Filter": "(production_year > 2011)",
                          "Rows Removed by Filter": 1
                        }
                      ]
                    },
                    {
                      "Node Type": "Index Scan",
                      "Parent Relationship": "Inner",
                      "Parallel Aware": false,
                      "Scan Direction": "Forward",
                      "Index Name": "movie_id_cast_info",
                      "Relation Name": "cast_info",
                      "Alias": "ci",
                      "Startup Cost": 0.56,
                      "Total Cost": 7.8,
                      "Plan Rows": 6,
                      "Plan Width": 4,
                      "Actual Startup Time": 0.176,
                      "Actual Total Time": 0.231,
                      "Actual Rows": 15,
                      "Actual Loops": 445,
                      "Index Cond": "(movie_id = t.id)",
                      "Rows Removed by Index Recheck": 0,
                      "Filter": "(role_id > 8)",
                      "Rows Removed by Filter": 34
                    }
                  ]
                }
              ]
            }
          ]
        }
      ]
    },
    "Planning Time": 0.814,
    "Triggers": [],
    "Execution Time": 83.429
  }
]