[
  {
    "Plan": {
      "Node Type": "Aggregate",
      "Strategy": "Plain",
      "Partial Mode": "Finalize",
      "Parallel Aware": false,
      "Startup Cost": 47779.46,
      "Total Cost": 47779.47,
      "Plan Rows": 1,
      "Plan Width": 8,
      "Actual Startup Time": 78.136,
      "Actual Total Time": 93.178,
      "Actual Rows": 1,
      "Actual Loops": 1,
      "Plans": [
        {
          "Node Type": "Gather",
          "Parent Relationship": "Outer",
          "Parallel Aware": false,
          "Startup Cost": 47779.14,
          "Total Cost": 47779.45,
          "Plan Rows": 3,
          "Plan Width": 8,
          "Actual Startup Time": 77.88,
          "Actual Total Time": 93.171,
          "Actual Rows": 4,
          "Actual Loops": 1,
          "Workers Planned": 3,
          "Workers Launched": 3,
          "Single Copy": false,
          "Plans": [
            {
              "Node Type": "Aggregate",
              "Strategy": "Plain",
              "Partial Mode": "Partial",
              "Parent Relationship": "Outer",
              "Parallel Aware": false,
              "Startup Cost": 46779.14,
              "Total Cost": 46779.15,
              "Plan Rows": 1,
              "Plan Width": 8,
              "Actual Startup Time": 68.305,
              "Actual Total Time": 68.307,
              "Actual Rows": 1,
              "Actual Loops": 4,
              "Plans": [
                {
                  "Node Type": "Nested Loop",
                  "Parent Relationship": "Outer",
                  "Parallel Aware": false,
                  "Join Type": "Inner",
                  "Startup Cost": 251.41,
                  "Total Cost": 46777.21,
                  "Plan Rows": 773,
                  "Plan Width": 0,
                  "Actual Startup Time": 7.101,
                  "Actual Total Time": 68.118,
                  "Actual Rows": 1658,
                  "Actual Loops": 4,
                  "Inner Unique": false,
                  "Plans": [
                    {
                      "Node Type": "Nested Loop",
                      "Parent Relationship": "Outer",
                      "Parallel Aware": false,
                      "Join Type": "Inner",
                      "Startup Cost": 250.85,
                      "Total Cost": 44087.99,
                      "Plan Rows": 341,
                      "Plan Width": 8,
                      "Actual Startup Time": 5.314,
                      "Actual Total Time": 39.274,
                      "Actual Rows": 111,
                      "Actual Loops": 4,
                      "Inner Unique": true,
                      "Plans": [
                        {
                          "Node Type": "Bitmap Heap Scan",
                          "Parent Relationship": "Outer",
                          "Parallel Aware": true,
                          "Relation Name": "movie_keyword",
                          "Alias": "mk",
                          "Startup Cost": 250.42,
                          "Total Cost": 20393.97,
                          "Plan Rows": 3745,
                          "Plan Width": 4,
                          "Actual Startup Time": 4.778,
                          "Actual Total Time": 15.492,
                          "Actual Rows": 2577,
                          "Actual Loops": 4,
                          "Recheck Cond": "(keyword_id = 870)",
                          "Rows Removed by Index Recheck": 0,
                          "Exact Heap Blocks": 5611,
                          "Lossy Heap Blocks": 0,
                          "Plans": [
                            {
                              "Node Type": "Bitmap Index Scan",
                              "Parent Relationship": "Outer",
                              "Parallel Aware": false,
                              "Index Name": "keyword_id_movie_keyword",
                              "Startup Cost": 0.0,
                              "Total Cost": 247.51,
                              "Plan Rows": 11611,
                              "Plan Width": 0,
                              "Actual Startup Time": 9.696,
                              "Actual Total Time": 9.696,
                              "Actual Rows": 10307,
                              "Actual Loops": 1,
                              "Index Cond": "(keyword_id = 870)"
                            }
                          ]
                        },
                        {
                          "Node Type": "Index Scan",
                          "Parent Relationship": "Inner",
                          "Parallel Aware": false,
                          "Scan Direction": "Forward",
                          "Index Name": "title_pkey",
                          "Relation Name": "title",
                          "Alias": "t",
                          "Startup Cost": 0.43,
                          "Total Cost": 6.33,
                          "Plan Rows": 1,
                          "Plan Width": 4,
                          "Actual Startup Time": 0.009,
                          "Actual Total Time": 0.009,
                          "Actual Rows": 0,
                          "Actual Loops": 10307,
                          "Index Cond": "(id = mk.movie_id)",
                          "Rows Removed by Index Recheck": 0,
                          "Filter": "(production_year > 2011)",
                          "Rows Removed by Filter": 1
                        }
                      ]
                    },
                    {
                      "Node Type": "Index Scan",
                      "Parent Relationship": "Inner",
                      "Parallel Aware": false,
                      "Scan Direction": "Forward",
                      "Index Name": "movie_id_cast_info",
                      "Relation Name": "cast_info",
                      "Alias": "ci",
                      "Startup Cost": 0.56,
                      "Total Cost": 7.83,
                      "Plan Rows": 6,
                      "Plan Width": 4,
                      "Actual Startup Time": 0.2,
                      "Actual Total Time": 0.257,
                      "Actual Rows": 15,
                      "Actual Loops": 445,
                      "Index Cond": "(movie_id = t.id)",
                      "Rows Removed by Index Recheck": 0,
                      "Filter": "(role_id > 8)",
                      "Rows Removed by Filter": 34
                    }
                  ]
                }
              ]
            }
          ]
        }
      ]
    },
    "Planning Time": 1.314,
    "Triggers": [],
    "Execution Time": 93.28
  }
]