{
    "Plan": {
        "Node Type": "Aggregate",
        "Strategy": "Plain",
        "Partial Mode": "Finalize",
        "Parallel Aware": false,
        "Startup Cost": 123623.5,
        "Total Cost": 123623.51,
        "Plan Rows": 1,
        "Plan Width": 8,
        "Actual Startup Time": 697.483,
        "Actual Total Time": 724.82,
        "Actual Rows": 1,
        "Actual Loops": 1,
        "Output": [
            "count(*)"
        ],
        "Plans": [
            {
                "Node Type": "Gather",
                "Parent Relationship": "Outer",
                "Parallel Aware": false,
                "Startup Cost": 123623.18,
                "Total Cost": 123623.49,
                "Plan Rows": 3,
                "Plan Width": 8,
                "Actual Startup Time": 694.56,
                "Actual Total Time": 724.809,
                "Actual Rows": 4,
                "Actual Loops": 1,
                "Output": [
                    "(PARTIAL count(*))"
                ],
                "Workers Planned": 3,
                "Workers Launched": 3,
                "Single Copy": false,
                "Plans": [
                    {
                        "Node Type": "Aggregate",
                        "Strategy": "Plain",
                        "Partial Mode": "Partial",
                        "Parent Relationship": "Outer",
                        "Parallel Aware": false,
                        "Startup Cost": 122623.18,
                        "Total Cost": 122623.19,
                        "Plan Rows": 1,
                        "Plan Width": 8,
                        "Actual Startup Time": 685.676,
                        "Actual Total Time": 685.739,
                        "Actual Rows": 1,
                        "Actual Loops": 4,
                        "Output": [
                            "PARTIAL count(*)"
                        ],
                        "Workers": [
                            {
                                "Worker Number": 0,
                                "Actual Startup Time": 682.756,
                                "Actual Total Time": 682.762,
                                "Actual Rows": 1,
                                "Actual Loops": 1
                            },
                            {
                                "Worker Number": 1,
                                "Actual Startup Time": 683.063,
                                "Actual Total Time": 683.067,
                                "Actual Rows": 1,
                                "Actual Loops": 1
                            },
                            {
                                "Worker Number": 2,
                                "Actual Startup Time": 683.064,
                                "Actual Total Time": 683.069,
                                "Actual Rows": 1,
                                "Actual Loops": 1
                            }
                        ],
                        "Plans": [
                            {
                                "Node Type": "Hash Join",
                                "Parent Relationship": "Outer",
                                "Parallel Aware": true,
                                "Join Type": "Inner",
                                "Startup Cost": 75487.73,
                                "Total Cost": 122319.37,
                                "Plan Rows": 121524,
                                "Plan Width": 0,
                                "Actual Startup Time": 375.107,
                                "Actual Total Time": 644.598,
                                "Actual Rows": 963482,
                                "Actual Loops": 4,
                                "Inner Unique": false,
                                "Hash Cond": "(mk.movie_id = t.id)",
                                "Workers": [
                                    {
                                        "Worker Number": 0,
                                        "Actual Startup Time": 372.206,
                                        "Actual Total Time": 641.078,
                                        "Actual Rows": 676456,
                                        "Actual Loops": 1
                                    },
                                    {
                                        "Worker Number": 1,
                                        "Actual Startup Time": 372.42,
                                        "Actual Total Time": 643.483,
                                        "Actual Rows": 1035098,
                                        "Actual Loops": 1
                                    },
                                    {
                                        "Worker Number": 2,
                                        "Actual Startup Time": 372.757,
                                        "Actual Total Time": 643.392,
                                        "Actual Rows": 1030558,
                                        "Actual Loops": 1
                                    }
                                ],
                                "Plans": [
                                    {
                                        "Node Type": "Seq Scan",
                                        "Parent Relationship": "Outer",
                                        "Parallel Aware": true,
                                        "Relation Name": "movie_keyword",
                                        "Schema": "public",
                                        "Alias": "mk",
                                        "Startup Cost": 0.0,
                                        "Total Cost": 42695.65,
                                        "Plan Rows": 998393,
                                        "Plan Width": 4,
                                        "Actual Startup Time": 0.117,
                                        "Actual Total Time": 126.742,
                                        "Actual Rows": 772964,
                                        "Actual Loops": 4,
                                        "Output": [
                                            "mk.id",
                                            "mk.movie_id",
                                            "mk.keyword_id"
                                        ],
                                        "Filter": "(mk.keyword_id > 1969)",
                                        "Rows Removed by Filter": 358019,
                                        "Workers": [
                                            {
                                                "Worker Number": 0,
                                                "Actual Startup Time": 0.106,
                                                "Actual Total Time": 128.598,
                                                "Actual Rows": 508666,
                                                "Actual Loops": 1
                                            },
                                            {
                                                "Worker Number": 1,
                                                "Actual Startup Time": 0.123,
                                                "Actual Total Time": 131.955,
                                                "Actual Rows": 823416,
                                                "Actual Loops": 1
                                            },
                                            {
                                                "Worker Number": 2,
                                                "Actual Startup Time": 0.125,
                                                "Actual Total Time": 131.432,
                                                "Actual Rows": 814608,
                                                "Actual Loops": 1
                                            }
                                        ]
                                    },
                                    {
                                        "Node Type": "Hash",
                                        "Parent Relationship": "Inner",
                                        "Parallel Aware": true,
                                        "Startup Cost": 74246.82,
                                        "Total Cost": 74246.82,
                                        "Plan Rows": 99273,
                                        "Plan Width": 8,
                                        "Actual Startup Time": 371.066,
                                        "Actual Total Time": 371.128,
                                        "Actual Rows": 140435,
                                        "Actual Loops": 4,
                                        "Output": [
                                            "t.id",
                                            "mc.movie_id"
                                        ],
                                        "Hash Buckets": 1048576,
                                        "Original Hash Buckets": 524288,
                                        "Hash Batches": 1,
                                        "Original Hash Batches": 1,
                                        "Peak Memory Usage": 34336,
                                        "Workers": [
                                            {
                                                "Worker Number": 0,
                                                "Actual Startup Time": 370.625,
                                                "Actual Total Time": 370.629,
                                                "Actual Rows": 94976,
                                                "Actual Loops": 1
                                            },
                                            {
                                                "Worker Number": 1,
                                                "Actual Startup Time": 371.419,
                                                "Actual Total Time": 371.423,
                                                "Actual Rows": 152067,
                                                "Actual Loops": 1
                                            },
                                            {
                                                "Worker Number": 2,
                                                "Actual Startup Time": 371.47,
                                                "Actual Total Time": 371.474,
                                                "Actual Rows": 150785,
                                                "Actual Loops": 1
                                            }
                                        ],
                                        "Plans": [
                                            {
                                                "Node Type": "Hash Join",
                                                "Parent Relationship": "Outer",
                                                "Parallel Aware": true,
                                                "Join Type": "Inner",
                                                "Startup Cost": 44830.93,
                                                "Total Cost": 74246.82,
                                                "Plan Rows": 99273,
                                                "Plan Width": 8,
                                                "Actual Startup Time": 135.147,
                                                "Actual Total Time": 316.833,
                                                "Actual Rows": 140435,
                                                "Actual Loops": 4,
                                                "Output": [
                                                    "t.id",
                                                    "mc.movie_id"
                                                ],
                                                "Inner Unique": true,
                                                "Hash Cond": "(mc.movie_id = t.id)",
                                                "Workers": [
                                                    {
                                                        "Worker Number": 0,
                                                        "Actual Startup Time": 135.611,
                                                        "Actual Total Time": 317.612,
                                                        "Actual Rows": 94976,
                                                        "Actual Loops": 1
                                                    },
                                                    {
                                                        "Worker Number": 1,
                                                        "Actual Startup Time": 135.167,
                                                        "Actual Total Time": 316.339,
                                                        "Actual Rows": 152067,
                                                        "Actual Loops": 1
                                                    },
                                                    {
                                                        "Worker Number": 2,
                                                        "Actual Startup Time": 134.873,
                                                        "Actual Total Time": 316.322,
                                                        "Actual Rows": 150785,
                                                        "Actual Loops": 1
                                                    }
                                                ],
                                                "Plans": [
                                                    {
                                                        "Node Type": "Seq Scan",
                                                        "Parent Relationship": "Outer",
                                                        "Parallel Aware": true,
                                                        "Relation Name": "movie_companies",
                                                        "Schema": "public",
                                                        "Alias": "mc",
                                                        "Startup Cost": 0.0,
                                                        "Total Cost": 27206.55,
                                                        "Plan Rows": 841655,
                                                        "Plan Width": 4,
                                                        "Actual Startup Time": 0.022,
                                                        "Actual Total Time": 60.17,
                                                        "Actual Rows": 652282,
                                                        "Actual Loops": 4,
                                                        "Output": [
                                                            "mc.id",
                                                            "mc.movie_id",
                                                            "mc.company_id",
                                                            "mc.company_type_id",
                                                            "mc.note"
                                                        ],
                                                        "Workers": [
                                                            {
                                                                "Worker Number": 0,
                                                                "Actual Startup Time": 0.039,
                                                                "Actual Total Time": 62.645,
                                                                "Actual Rows": 429511,
                                                                "Actual Loops": 1
                                                            },
                                                            {
                                                                "Worker Number": 1,
                                                                "Actual Startup Time": 0.02,
                                                                "Actual Total Time": 61.281,
                                                                "Actual Rows": 711216,
                                                                "Actual Loops": 1
                                                            },
                                                            {
                                                                "Worker Number": 2,
                                                                "Actual Startup Time": 0.022,
                                                                "Actual Total Time": 60.957,
                                                                "Actual Rows": 698410,
                                                                "Actual Loops": 1
                                                            }
                                                        ]
                                                    },
                                                    {
                                                        "Node Type": "Hash",
                                                        "Parent Relationship": "Inner",
                                                        "Parallel Aware": true,
                                                        "Startup Cost": 43899.01,
                                                        "Total Cost": 43899.01,
                                                        "Plan Rows": 74554,
                                                        "Plan Width": 4,
                                                        "Actual Startup Time": 133.014,
                                                        "Actual Total Time": 133.015,
                                                        "Actual Rows": 74118,
                                                        "Actual Loops": 4,
                                                        "Output": [
                                                            "t.id"
                                                        ],
                                                        "Hash Buckets": 524288,
                                                        "Original Hash Buckets": 524288,
                                                        "Hash Batches": 1,
                                                        "Original Hash Batches": 1,
                                                        "Peak Memory Usage": 15776,
                                                        "Workers": [
                                                            {
                                                                "Worker Number": 0,
                                                                "Actual Startup Time": 134.553,
                                                                "Actual Total Time": 134.555,
                                                                "Actual Rows": 49491,
                                                                "Actual Loops": 1
                                                            },
                                                            {
                                                                "Worker Number": 1,
                                                                "Actual Startup Time": 134.595,
                                                                "Actual Total Time": 134.596,
                                                                "Actual Rows": 74775,
                                                                "Actual Loops": 1
                                                            },
                                                            {
                                                                "Worker Number": 2,
                                                                "Actual Startup Time": 134.57,
                                                                "Actual Total Time": 134.571,
                                                                "Actual Rows": 73171,
                                                                "Actual Loops": 1
                                                            }
                                                        ],
                                                        "Plans": [
                                                            {
                                                                "Node Type": "Seq Scan",
                                                                "Parent Relationship": "Outer",
                                                                "Parallel Aware": true,
                                                                "Relation Name": "title",
                                                                "Schema": "public",
                                                                "Alias": "t",
                                                                "Startup Cost": 0.0,
                                                                "Total Cost": 43899.01,
                                                                "Plan Rows": 74554,
                                                                "Plan Width": 4,
                                                                "Actual Startup Time": 0.067,
                                                                "Actual Total Time": 101.247,
                                                                "Actual Rows": 74118,
                                                                "Actual Loops": 4,
                                                                "Output": [
                                                                    "t.id"
                                                                ],
                                                                "Filter": "(t.production_year < 1965)",
                                                                "Rows Removed by Filter": 557960,
                                                                "Workers": [
                                                                    {
                                                                        "Worker Number": 0,
                                                                        "Actual Startup Time": 0.098,
                                                                        "Actual Total Time": 102.185,
                                                                        "Actual Rows": 49491,
                                                                        "Actual Loops": 1
                                                                    },
                                                                    {
                                                                        "Worker Number": 1,
                                                                        "Actual Startup Time": 0.076,
                                                                        "Actual Total Time": 102.425,
                                                                        "Actual Rows": 74775,
                                                                        "Actual Loops": 1
                                                                    },
                                                                    {
                                                                        "Worker Number": 2,
                                                                        "Actual Startup Time": 0.075,
                                                                        "Actual Total Time": 101.664,
                                                                        "Actual Rows": 73171,
                                                                        "Actual Loops": 1
                                                                    }
                                                                ]
                                                            }
                                                        ]
                                                    }
                                                ]
                                            }
                                        ]
                                    }
                                ]
                            }
                        ]
                    }
                ]
            }
        ]
    },
    "Planning Time": 1.554,
    "Triggers": [],
    "Execution Time": 724.91
}