[
  {
    "Plan": {
      "Node Type": "Aggregate",
      "Strategy": "Plain",
      "Partial Mode": "Finalize",
      "Parallel Aware": false,
      "Startup Cost": 153602.95,
      "Total Cost": 153602.96,
      "Plan Rows": 1,
      "Plan Width": 8,
      "Actual Startup Time": 56.092,
      "Actual Total Time": 63.585,
      "Actual Rows": 1,
      "Actual Loops": 1,
      "Plans": [
        {
          "Node Type": "Gather",
          "Parent Relationship": "Outer",
          "Parallel Aware": false,
          "Startup Cost": 153602.53,
          "Total Cost": 153602.94,
          "Plan Rows": 4,
          "Plan Width": 8,
          "Actual Startup Time": 55.783,
          "Actual Total Time": 63.579,
          "Actual Rows": 5,
          "Actual Loops": 1,
          "Workers Planned": 4,
          "Workers Launched": 4,
          "Single Copy": false,
          "Plans": [
            {
              "Node Type": "Aggregate",
              "Strategy": "Plain",
              "Partial Mode": "Partial",
              "Parent Relationship": "Outer",
              "Parallel Aware": false,
              "Startup Cost": 152602.53,
              "Total Cost": 152602.54,
              "Plan Rows": 1,
              "Plan Width": 8,
              "Actual Startup Time": 49.183,
              "Actual Total Time": 49.184,
              "Actual Rows": 1,
              "Actual Loops": 5,
              "Plans": [
                {
                  "Node Type": "Nested Loop",
                  "Parent Relationship": "Outer",
                  "Parallel Aware": false,
                  "Join Type": "Inner",
                  "Startup Cost": 922.36,
                  "Total Cost": 152570.8,
                  "Plan Rows": 12693,
                  "Plan Width": 0,
                  "Actual Startup Time": 1.021,
                  "Actual Total Time": 48.415,
                  "Actual Rows": 10053,
                  "Actual Loops": 5,
                  "Inner Unique": true,
                  "Plans": [
                    {
                      "Node Type": "Bitmap Heap Scan",
                      "Parent Relationship": "Outer",
                      "Parallel Aware": true,
                      "Relation Name": "movie_info",
                      "Alias": "mi",
                      "Startup Cost": 921.93,
                      "Total Cost": 108112.45,
                      "Plan Rows": 12693,
                      "Plan Width": 4,
                      "Actual Startup Time": 0.855,
                      "Actual Total Time": 7.242,
                      "Actual Rows": 10053,
                      "Actual Loops": 5,
                      "Recheck Cond": "(info_type_id > 107)",
                      "Rows Removed by Index Recheck": 0,
                      "Exact Heap Blocks": 1692,
                      "Lossy Heap Blocks": 0,
                      "Plans": [
                        {
                          "Node Type": "Bitmap Index Scan",
                          "Parent Relationship": "Outer",
                          "Parallel Aware": false,
                          "Index Name": "info_type_id_movie_info",
                          "Startup Cost": 0.0,
                          "Total Cost": 909.23,
                          "Plan Rows": 50773,
                          "Plan Width": 0,
                          "Actual Startup Time": 3.108,
                          "Actual Total Time": 3.108,
                          "Actual Rows": 50267,
                          "Actual Loops": 1,
                          "Index Cond": "(info_type_id > 107)"
                        }
                      ]
                    },
                    {
                      "Node Type": "Index Only Scan",
                      "Parent Relationship": "Inner",
                      "Parallel Aware": false,
                      "Scan Direction": "Forward",
                      "Index Name": "title_pkey",
                      "Relation Name": "title",
                      "Alias": "t",
                      "Startup Cost": 0.43,
                      "Total Cost": 3.5,
                      "Plan Rows": 1,
                      "Plan Width": 4,
                      "Actual Startup Time": 0.004,
                      "Actual Total Time": 0.004,
                      "Actual Rows": 1,
                      "Actual Loops": 50267,
                      "Index Cond": "(id = mi.movie_id)",
                      "Rows Removed by Index Recheck": 0,
                      "Heap Fetches": 50267
                    }
                  ]
                }
              ]
            }
          ]
        }
      ]
    },
    "Planning Time": 0.331,
    "Triggers": [],
    "Execution Time": 63.628
  }
]