[
  {
    "Plan": {
      "Node Type": "Aggregate",
      "Strategy": "Plain",
      "Partial Mode": "Finalize",
      "Parallel Aware": false,
      "Startup Cost": 124045.31,
      "Total Cost": 124045.32,
      "Plan Rows": 1,
      "Plan Width": 8,
      "Actual Startup Time": 229.624,
      "Actual Total Time": 253.144,
      "Actual Rows": 1,
      "Actual Loops": 1,
      "Plans": [
        {
          "Node Type": "Gather",
          "Parent Relationship": "Outer",
          "Parallel Aware": false,
          "Startup Cost": 124044.79,
          "Total Cost": 124045.3,
          "Plan Rows": 5,
          "Plan Width": 8,
          "Actual Startup Time": 229.424,
          "Actual Total Time": 253.135,
          "Actual Rows": 6,
          "Actual Loops": 1,
          "Workers Planned": 5,
          "Workers Launched": 5,
          "Single Copy": false,
          "Plans": [
            {
              "Node Type": "Aggregate",
              "Strategy": "Plain",
              "Partial Mode": "Partial",
              "Parent Relationship": "Outer",
              "Parallel Aware": false,
              "Startup Cost": 123044.79,
              "Total Cost": 123044.8,
              "Plan Rows": 1,
              "Plan Width": 8,
              "Actual Startup Time": 218.729,
              "Actual Total Time": 218.732,
              "Actual Rows": 1,
              "Actual Loops": 6,
              "Plans": [
                {
                  "Node Type": "Nested Loop",
                  "Parent Relationship": "Outer",
                  "Parallel Aware": false,
                  "Join Type": "Inner",
                  "Startup Cost": 43909.04,
                  "Total Cost": 123035.17,
                  "Plan Rows": 3848,
                  "Plan Width": 0,
                  "Actual Startup Time": 74.539,
                  "Actual Total Time": 218.184,
                  "Actual Rows": 6350,
                  "Actual Loops": 6,
                  "Inner Unique": false,
                  "Join Filter": "(t.id = mi.movie_id)",
                  "Rows Removed by Join Filter": 0,
                  "Plans": [
                    {
                      "Node Type": "Hash Join",
                      "Parent Relationship": "Outer",
                      "Parallel Aware": true,
                      "Join Type": "Inner",
                      "Startup Cost": 43908.61,
                      "Total Cost": 121720.11,
                      "Plan Rows": 658,
                      "Plan Width": 8,
                      "Actual Startup Time": 74.445,
                      "Actual Total Time": 190.081,
                      "Actual Rows": 881,
                      "Actual Loops": 6,
                      "Inner Unique": true,
                      "Hash Cond": "(ci.movie_id = t.id)",
                      "Plans": [
                        {
                          "Node Type": "Index Scan",
                          "Parent Relationship": "Outer",
                          "Parallel Aware": true,
                          "Scan Direction": "Forward",
                          "Index Name": "role_id_cast_info",
                          "Relation Name": "cast_info",
                          "Alias": "ci",
                          "Startup Cost": 0.56,
                          "Total Cost": 76316.49,
                          "Plan Rows": 569746,
                          "Plan Width": 4,
                          "Actual Startup Time": 0.419,
                          "Actual Total Time": 75.467,
                          "Actual Rows": 454824,
                          "Actual Loops": 6,
                          "Index Cond": "(role_id = 4)",
                          "Rows Removed by Index Recheck": 0
                        },
                        {
                          "Node Type": "Hash",
                          "Parent Relationship": "Inner",
                          "Parallel Aware": true,
                          "Startup Cost": 43898.92,
                          "Total Cost": 43898.92,
                          "Plan Rows": 730,
                          "Plan Width": 4,
                          "Actual Startup Time": 72.667,
                          "Actual Total Time": 72.667,
                          "Actual Rows": 586,
                          "Actual Loops": 6,
                          "Hash Buckets": 4096,
                          "Original Hash Buckets": 4096,
                          "Hash Batches": 1,
                          "Original Hash Batches": 1,
                          "Peak Memory Usage": 256,
                          "Plans": [
                            {
                              "Node Type": "Seq Scan",
                              "Parent Relationship": "Outer",
                              "Parallel Aware": true,
                              "Relation Name": "title",
                              "Alias": "t",
                              "Startup Cost": 0.0,
                              "Total Cost": 43898.92,
                              "Plan Rows": 730,
                              "Plan Width": 4,
                              "Actual Startup Time": 0.826,
                              "Actual Total Time": 72.252,
                              "Actual Rows": 586,
                              "Actual Loops": 6,
                              "Filter": "(production_year > 2013)",
                              "Rows Removed by Filter": 420800
                            }
                          ]
                        }
                      ]
                    },
                    {
                      "Node Type": "Index Only Scan",
                      "Parent Relationship": "Inner",
                      "Parallel Aware": false,
                      "Scan Direction": "Forward",
                      "Index Name": "movie_id_movie_info",
                      "Relation Name": "movie_info",
                      "Alias": "mi",
                      "Startup Cost": 0.43,
                      "Total Cost": 1.47,
                      "Plan Rows": 42,
                      "Plan Width": 4,
                      "Actual Startup Time": 0.014,
                      "Actual Total Time": 0.03,
                      "Actual Rows": 7,
                      "Actual Loops": 5287,
                      "Index Cond": "(movie_id = ci.movie_id)",
                      "Rows Removed by Index Recheck": 0,
                      "Heap Fetches": 38097
                    }
                  ]
                }
              ]
            }
          ]
        }
      ]
    },
    "Planning Time": 1.368,
    "Triggers": [],
    "Execution Time": 253.245
  }
]