{
  "Plan": {
    "Node Type": "Aggregate",
    "Strategy": "Plain",
    "Partial Mode": "Finalize",
    "Parallel Aware": false,
    "Startup Cost": 501901.98,
    "Total Cost": 501901.99,
    "Plan Rows": 1,
    "Plan Width": 8,
    "Actual Startup Time": 2529.73,
    "Actual Total Time": 2552.514,
    "Actual Rows": 1,
    "Actual Loops": 1,
    "Plans": [
      {
        "Node Type": "Gather",
        "Parent Relationship": "Outer",
        "Parallel Aware": false,
        "Startup Cost": 501901.87,
        "Total Cost": 501901.98,
        "Plan Rows": 1,
        "Plan Width": 8,
        "Actual Startup Time": 2522.42,
        "Actual Total Time": 2552.505,
        "Actual Rows": 2,
        "Actual Loops": 1,
        "Workers Planned": 1,
        "Workers Launched": 1,
        "Single Copy": false,
        "Plans": [
          {
            "Node Type": "Aggregate",
            "Strategy": "Plain",
            "Partial Mode": "Partial",
            "Parent Relationship": "Outer",
            "Parallel Aware": false,
            "Startup Cost": 500901.87,
            "Total Cost": 500901.88,
            "Plan Rows": 1,
            "Plan Width": 8,
            "Actual Startup Time": 2514.145,
            "Actual Total Time": 2514.149,
            "Actual Rows": 1,
            "Actual Loops": 2,
            "Plans": [
              {
                "Node Type": "Hash Join",
                "Parent Relationship": "Outer",
                "Parallel Aware": true,
                "Join Type": "Inner",
                "Startup Cost": 191111.23,
                "Total Cost": 492802.06,
                "Plan Rows": 3239922,
                "Plan Width": 0,
                "Actual Startup Time": 769.776,
                "Actual Total Time": 2370.867,
                "Actual Rows": 2828266,
                "Actual Loops": 2,
                "Inner Unique": true,
                "Hash Cond": "(ci.movie_id = t.id)",
                "Plans": [
                  {
                    "Node Type": "Bitmap Heap Scan",
                    "Parent Relationship": "Outer",
                    "Parallel Aware": true,
                    "Relation Name": "cast_info",
                    "Alias": "ci",
                    "Startup Cost": 121650.53,
                    "Total Cost": 414836.56,
                    "Plan Rows": 3239922,
                    "Plan Width": 4,
                    "Actual Startup Time": 201.386,
                    "Actual Total Time": 536.669,
                    "Actual Rows": 2828266,
                    "Actual Loops": 2,
                    "Recheck Cond": "(person_id < 547315)",
                    "Rows Removed by Index Recheck": 0,
                    "Exact Heap Blocks": 35627,
                    "Lossy Heap Blocks": 0,
                    "Plans": [
                      {
                        "Node Type": "Bitmap Index Scan",
                        "Parent Relationship": "Outer",
                        "Parallel Aware": false,
                        "Index Name": "person_id_cast_info",
                        "Startup Cost": 0.0,
                        "Total Cost": 120273.57,
                        "Plan Rows": 5507867,
                        "Plan Width": 0,
                        "Actual Startup Time": 191.116,
                        "Actual Total Time": 191.117,
                        "Actual Rows": 5656532,
                        "Actual Loops": 1,
                        "Index Cond": "(person_id < 547315)"
                      }
                    ]
                  },
                  {
                    "Node Type": "Hash",
                    "Parent Relationship": "Inner",
                    "Parallel Aware": true,
                    "Startup Cost": 50870.31,
                    "Total Cost": 50870.31,
                    "Plan Rows": 1487231,
                    "Plan Width": 4,
                    "Actual Startup Time": 551.851,
                    "Actual Total Time": 551.852,
                    "Actual Rows": 1264156,
                    "Actual Loops": 2,
                    "Hash Buckets": 4194304,
                    "Original Hash Buckets": 4194304,
                    "Hash Batches": 1,
                    "Original Hash Batches": 1,
                    "Peak Memory Usage": 131712,
                    "Plans": [
                      {
                        "Node Type": "Seq Scan",
                        "Parent Relationship": "Outer",
                        "Parallel Aware": true,
                        "Relation Name": "title",
                        "Alias": "t",
                        "Startup Cost": 0.0,
                        "Total Cost": 50870.31,
                        "Plan Rows": 1487231,
                        "Plan Width": 4,
                        "Actual Startup Time": 0.025,
                        "Actual Total Time": 172.144,
                        "Actual Rows": 1264156,
                        "Actual Loops": 2
                      }
                    ]
                  }
                ]
              }
            ]
          }
        ]
      }
    ]
  },
  "Planning Time": 0.331,
  "Triggers": [],
  "Execution Time": 2552.567
}