{
    "Plan": {
        "Node Type": "Aggregate",
        "Strategy": "Plain",
        "Partial Mode": "Finalize",
        "Parallel Aware": false,
        "Startup Cost": 189433.75,
        "Total Cost": 189433.76,
        "Plan Rows": 1,
        "Plan Width": 8,
        "Actual Startup Time": 165.778,
        "Actual Total Time": 194.693,
        "Actual Rows": 1,
        "Actual Loops": 1,
        "Output": [
            "count(*)"
        ],
        "Plans": [
            {
                "Node Type": "Gather",
                "Parent Relationship": "Outer",
                "Parallel Aware": false,
                "Startup Cost": 189433.33,
                "Total Cost": 189433.74,
                "Plan Rows": 4,
                "Plan Width": 8,
                "Actual Startup Time": 165.559,
                "Actual Total Time": 194.683,
                "Actual Rows": 5,
                "Actual Loops": 1,
                "Output": [
                    "(PARTIAL count(*))"
                ],
                "Workers Planned": 4,
                "Workers Launched": 4,
                "Single Copy": false,
                "Plans": [
                    {
                        "Node Type": "Aggregate",
                        "Strategy": "Plain",
                        "Partial Mode": "Partial",
                        "Parent Relationship": "Outer",
                        "Parallel Aware": false,
                        "Startup Cost": 188433.33,
                        "Total Cost": 188433.34,
                        "Plan Rows": 1,
                        "Plan Width": 8,
                        "Actual Startup Time": 155.48,
                        "Actual Total Time": 155.482,
                        "Actual Rows": 1,
                        "Actual Loops": 5,
                        "Output": [
                            "PARTIAL count(*)"
                        ],
                        "Workers": [
                            {
                                "Worker Number": 0,
                                "Actual Startup Time": 153.049,
                                "Actual Total Time": 153.051,
                                "Actual Rows": 1,
                                "Actual Loops": 1
                            },
                            {
                                "Worker Number": 1,
                                "Actual Startup Time": 153.178,
                                "Actual Total Time": 153.18,
                                "Actual Rows": 1,
                                "Actual Loops": 1
                            },
                            {
                                "Worker Number": 2,
                                "Actual Startup Time": 153.105,
                                "Actual Total Time": 153.107,
                                "Actual Rows": 1,
                                "Actual Loops": 1
                            },
                            {
                                "Worker Number": 3,
                                "Actual Startup Time": 153.333,
                                "Actual Total Time": 153.336,
                                "Actual Rows": 1,
                                "Actual Loops": 1
                            }
                        ],
                        "Plans": [
                            {
                                "Node Type": "Nested Loop",
                                "Parent Relationship": "Outer",
                                "Parallel Aware": false,
                                "Join Type": "Inner",
                                "Startup Cost": 0.56,
                                "Total Cost": 188417.83,
                                "Plan Rows": 6198,
                                "Plan Width": 0,
                                "Actual Startup Time": 2.489,
                                "Actual Total Time": 154.799,
                                "Actual Rows": 6513,
                                "Actual Loops": 5,
                                "Inner Unique": false,
                                "Workers": [
                                    {
                                        "Worker Number": 0,
                                        "Actual Startup Time": 2.008,
                                        "Actual Total Time": 152.408,
                                        "Actual Rows": 5054,
                                        "Actual Loops": 1
                                    },
                                    {
                                        "Worker Number": 1,
                                        "Actual Startup Time": 6.207,
                                        "Actual Total Time": 152.527,
                                        "Actual Rows": 5329,
                                        "Actual Loops": 1
                                    },
                                    {
                                        "Worker Number": 2,
                                        "Actual Startup Time": 1.443,
                                        "Actual Total Time": 152.327,
                                        "Actual Rows": 3745,
                                        "Actual Loops": 1
                                    },
                                    {
                                        "Worker Number": 3,
                                        "Actual Startup Time": 1.388,
                                        "Actual Total Time": 152.73,
                                        "Actual Rows": 4721,
                                        "Actual Loops": 1
                                    }
                                ],
                                "Plans": [
                                    {
                                        "Node Type": "Seq Scan",
                                        "Parent Relationship": "Outer",
                                        "Parallel Aware": true,
                                        "Relation Name": "title",
                                        "Schema": "public",
                                        "Alias": "t",
                                        "Startup Cost": 0.0,
                                        "Total Cost": 45479.21,
                                        "Plan Rows": 1228,
                                        "Plan Width": 4,
                                        "Actual Startup Time": 2.285,
                                        "Actual Total Time": 81.799,
                                        "Actual Rows": 992,
                                        "Actual Loops": 5,
                                        "Output": [
                                            "t.id",
                                            "t.title",
                                            "t.imdb_index",
                                            "t.kind_id",
                                            "t.production_year",
                                            "t.imdb_id",
                                            "t.phonetic_code",
                                            "t.episode_of_id",
                                            "t.season_nr",
                                            "t.episode_nr",
                                            "t.series_years",
                                            "t.md5sum"
                                        ],
                                        "Filter": "((t.kind_id < 7) AND (t.production_year = 1964))",
                                        "Rows Removed by Filter": 504670,
                                        "Workers": [
                                            {
                                                "Worker Number": 0,
                                                "Actual Startup Time": 1.71,
                                                "Actual Total Time": 76.792,
                                                "Actual Rows": 864,
                                                "Actual Loops": 1
                                            },
                                            {
                                                "Worker Number": 1,
                                                "Actual Startup Time": 6.03,
                                                "Actual Total Time": 75.579,
                                                "Actual Rows": 805,
                                                "Actual Loops": 1
                                            },
                                            {
                                                "Worker Number": 2,
                                                "Actual Startup Time": 1.175,
                                                "Actual Total Time": 76.965,
                                                "Actual Rows": 595,
                                                "Actual Loops": 1
                                            },
                                            {
                                                "Worker Number": 3,
                                                "Actual Startup Time": 1.156,
                                                "Actual Total Time": 76.629,
                                                "Actual Rows": 785,
                                                "Actual Loops": 1
                                            }
                                        ]
                                    },
                                    {
                                        "Node Type": "Index Scan",
                                        "Parent Relationship": "Inner",
                                        "Parallel Aware": false,
                                        "Scan Direction": "Forward",
                                        "Index Name": "movie_id_cast_info",
                                        "Relation Name": "cast_info",
                                        "Schema": "public",
                                        "Alias": "ci",
                                        "Startup Cost": 0.56,
                                        "Total Cost": 116.26,
                                        "Plan Rows": 14,
                                        "Plan Width": 4,
                                        "Actual Startup Time": 0.017,
                                        "Actual Total Time": 0.072,
                                        "Actual Rows": 7,
                                        "Actual Loops": 4962,
                                        "Output": [
                                            "ci.id",
                                            "ci.person_id",
                                            "ci.movie_id",
                                            "ci.person_role_id",
                                            "ci.note",
                                            "ci.nr_order",
                                            "ci.role_id"
                                        ],
                                        "Index Cond": "(ci.movie_id = t.id)",
                                        "Rows Removed by Index Recheck": 0,
                                        "Filter": "(ci.role_id < 2)",
                                        "Rows Removed by Filter": 8,
                                        "Workers": [
                                            {
                                                "Worker Number": 0,
                                                "Actual Startup Time": 0.021,
                                                "Actual Total Time": 0.086,
                                                "Actual Rows": 6,
                                                "Actual Loops": 864
                                            },
                                            {
                                                "Worker Number": 1,
                                                "Actual Startup Time": 0.022,
                                                "Actual Total Time": 0.094,
                                                "Actual Rows": 7,
                                                "Actual Loops": 805
                                            },
                                            {
                                                "Worker Number": 2,
                                                "Actual Startup Time": 0.03,
                                                "Actual Total Time": 0.124,
                                                "Actual Rows": 6,
                                                "Actual Loops": 595
                                            },
                                            {
                                                "Worker Number": 3,
                                                "Actual Startup Time": 0.023,
                                                "Actual Total Time": 0.096,
                                                "Actual Rows": 6,
                                                "Actual Loops": 785
                                            }
                                        ]
                                    }
                                ]
                            }
                        ]
                    }
                ]
            }
        ]
    },
    "Planning Time": 0.768,
    "Triggers": [],
    "Execution Time": 194.785
}