{
  "Plan": {
    "Node Type": "Aggregate",
    "Strategy": "Plain",
    "Partial Mode": "Simple",
    "Parallel Aware": false,
    "Startup Cost": 75316.15,
    "Total Cost": 75316.16,
    "Plan Rows": 1,
    "Plan Width": 96,
    "Actual Startup Time": 315.428,
    "Actual Total Time": 328.219,
    "Actual Rows": 1,
    "Actual Loops": 1,
    "Plans": [
      {
        "Node Type": "Gather",
        "Parent Relationship": "Outer",
        "Parallel Aware": false,
        "Startup Cost": 75316.02,
        "Total Cost": 75316.15,
        "Plan Rows": 1,
        "Plan Width": 48,
        "Actual Startup Time": 312.9,
        "Actual Total Time": 328.095,
        "Actual Rows": 743,
        "Actual Loops": 1,
        "Workers Planned": 1,
        "Workers Launched": 1,
        "Single Copy": false,
        "Plans": [
          {
            "Node Type": "Merge Join",
            "Parent Relationship": "Outer",
            "Parallel Aware": false,
            "Join Type": "Inner",
            "Startup Cost": 74316.02,
            "Total Cost": 74316.05,
            "Plan Rows": 1,
            "Plan Width": 48,
            "Actual Startup Time": 305.11,
            "Actual Total Time": 305.196,
            "Actual Rows": 372,
            "Actual Loops": 2,
            "Inner Unique": true,
            "Merge Cond": "(mc.company_type_id = ct.id)",
            "Plans": [
              {
                "Node Type": "Sort",
                "Parent Relationship": "Outer",
                "Parallel Aware": false,
                "Startup Cost": 74314.96,
                "Total Cost": 74314.97,
                "Plan Rows": 1,
                "Plan Width": 52,
                "Actual Startup Time": 305.079,
                "Actual Total Time": 305.116,
                "Actual Rows": 419,
                "Actual Loops": 2,
                "Sort Key": [
                  "mc.company_type_id"
                ],
                "Sort Method": "quicksort",
                "Sort Space Used": 136,
                "Sort Space Type": "Memory",
                "Workers": [
                  {
                    "Worker Number": 0,
                    "Sort Method": "quicksort",
                    "Sort Space Used": 25,
                    "Sort Space Type": "Memory"
                  }
                ],
                "Plans": [
                  {
                    "Node Type": "Merge Join",
                    "Parent Relationship": "Outer",
                    "Parallel Aware": false,
                    "Join Type": "Inner",
                    "Startup Cost": 74039.17,
                    "Total Cost": 74314.95,
                    "Plan Rows": 1,
                    "Plan Width": 52,
                    "Actual Startup Time": 303.427,
                    "Actual Total Time": 304.955,
                    "Actual Rows": 419,
                    "Actual Loops": 2,
                    "Inner Unique": true,
                    "Merge Cond": "(mc.company_id = cn.id)",
                    "Plans": [
                      {
                        "Node Type": "Sort",
                        "Parent Relationship": "Outer",
                        "Parallel Aware": false,
                        "Startup Cost": 62585.19,
                        "Total Cost": 62585.19,
                        "Plan Rows": 1,
                        "Plan Width": 37,
                        "Actual Startup Time": 244.7,
                        "Actual Total Time": 244.796,
                        "Actual Rows": 956,
                        "Actual Loops": 2,
                        "Sort Key": [
                          "mc.company_id"
                        ],
                        "Sort Method": "quicksort",
                        "Sort Space Used": 197,
                        "Sort Space Type": "Memory",
                        "Workers": [
                          {
                            "Worker Number": 0,
                            "Sort Method": "quicksort",
                            "Sort Space Used": 25,
                            "Sort Space Type": "Memory"
                          }
                        ],
                        "Plans": [
                          {
                            "Node Type": "Merge Join",
                            "Parent Relationship": "Outer",
                            "Parallel Aware": false,
                            "Join Type": "Inner",
                            "Startup Cost": 18531.89,
                            "Total Cost": 62585.18,
                            "Plan Rows": 1,
                            "Plan Width": 37,
                            "Actual Startup Time": 152.224,
                            "Actual Total Time": 244.514,
                            "Actual Rows": 956,
                            "Actual Loops": 2,
                            "Inner Unique": false,
                            "Merge Cond": "(ml.movie_id = mc.movie_id)",
                            "Plans": [
                              {
                                "Node Type": "Merge Join",
                                "Parent Relationship": "Outer",
                                "Parallel Aware": false,
                                "Join Type": "Inner",
                                "Startup Cost": 18531.46,
                                "Total Cost": 56977.3,
                                "Plan Rows": 1,
                                "Plan Width": 49,
                                "Actual Startup Time": 149.496,
                                "Actual Total Time": 231.922,
                                "Actual Rows": 126,
                                "Actual Loops": 2,
                                "Inner Unique": false,
                                "Merge Cond": "(mi.movie_id = ml.movie_id)",
                                "Plans": [
                                  {
                                    "Node Type": "Index Scan",
                                    "Parent Relationship": "Outer",
                                    "Parallel Aware": true,
                                    "Scan Direction": "Forward",
                                    "Index Name": "movie_id_movie_info",
                                    "Relation Name": "movie_info",
                                    "Alias": "mi",
                                    "Startup Cost": 0.43,
                                    "Total Cost": 1118593.34,
                                    "Plan Rows": 542499,
                                    "Plan Width": 4,
                                    "Actual Startup Time": 0.297,
                                    "Actual Total Time": 92.711,
                                    "Actual Rows": 14132,
                                    "Actual Loops": 2,
                                    "Filter": "(info = ANY ('{Sweden,Norway,Germany,Denmark,Swedish,Denish,Norwegian,German,English}'::text[]))",
                                    "Rows Removed by Filter": 204568
                                  },
                                  {
                                    "Node Type": "Materialize",
                                    "Parent Relationship": "Inner",
                                    "Parallel Aware": false,
                                    "Startup Cost": 18531.02,
                                    "Total Cost": 18531.03,
                                    "Plan Rows": 1,
                                    "Plan Width": 45,
                                    "Actual Startup Time": 138.295,
                                    "Actual Total Time": 138.339,
                                    "Actual Rows": 165,
                                    "Actual Loops": 2,
                                    "Plans": [
                                      {
                                        "Node Type": "Sort",
                                        "Parent Relationship": "Outer",
                                        "Parallel Aware": false,
                                        "Startup Cost": 18531.02,
                                        "Total Cost": 18531.03,
                                        "Plan Rows": 1,
                                        "Plan Width": 45,
                                        "Actual Startup Time": 138.284,
                                        "Actual Total Time": 138.309,
                                        "Actual Rows": 78,
                                        "Actual Loops": 2,
                                        "Sort Key": [
                                          "ml.movie_id"
                                        ],
                                        "Sort Method": "quicksort",
                                        "Sort Space Used": 31,
                                        "Sort Space Type": "Memory",
                                        "Workers": [
                                          {
                                            "Worker Number": 0,
                                            "Sort Method": "quicksort",
                                            "Sort Space Used": 31,
                                            "Sort Space Type": "Memory"
                                          }
                                        ],
                                        "Plans": [
                                          {
                                            "Node Type": "Merge Join",
                                            "Parent Relationship": "Outer",
                                            "Parallel Aware": false,
                                            "Join Type": "Inner",
                                            "Startup Cost": 18529.88,
                                            "Total Cost": 18531.01,
                                            "Plan Rows": 1,
                                            "Plan Width": 45,
                                            "Actual Startup Time": 138.232,
                                            "Actual Total Time": 138.263,
                                            "Actual Rows": 78,
                                            "Actual Loops": 2,
                                            "Inner Unique": true,
                                            "Merge Cond": "(mk.keyword_id = k.id)",
                                            "Plans": [
                                              {
                                                "Node Type": "Sort",
                                                "Parent Relationship": "Outer",
                                                "Parallel Aware": false,
                                                "Startup Cost": 15903.74,
                                                "Total Cost": 15904.3,
                                                "Plan Rows": 225,
                                                "Plan Width": 49,
                                                "Actual Startup Time": 128.344,
                                                "Actual Total Time": 128.409,
                                                "Actual Rows": 671,
                                                "Actual Loops": 2,
                                                "Sort Key": [
                                                  "mk.keyword_id"
                                                ],
                                                "Sort Method": "quicksort",
                                                "Sort Space Used": 417,
                                                "Sort Space Type": "Memory",
                                                "Workers": [
                                                  {
                                                    "Worker Number": 0,
                                                    "Sort Method": "quicksort",
                                                    "Sort Space Used": 417,
                                                    "Sort Space Type": "Memory"
                                                  }
                                                ],
                                                "Plans": [
                                                  {
                                                    "Node Type": "Merge Join",
                                                    "Parent Relationship": "Outer",
                                                    "Parallel Aware": false,
                                                    "Join Type": "Inner",
                                                    "Startup Cost": 11836.36,
                                                    "Total Cost": 15894.95,
                                                    "Plan Rows": 225,
                                                    "Plan Width": 49,
                                                    "Actual Startup Time": 111.738,
                                                    "Actual Total Time": 127.425,
                                                    "Actual Rows": 3231,
                                                    "Actual Loops": 2,
                                                    "Inner Unique": false,
                                                    "Merge Cond": "(mk.movie_id = ml.movie_id)",
                                                    "Plans": [
                                                      {
                                                        "Node Type": "Index Scan",
                                                        "Parent Relationship": "Outer",
                                                        "Parallel Aware": false,
                                                        "Scan Direction": "Forward",
                                                        "Index Name": "movie_id_movie_keyword",
                                                        "Relation Name": "movie_keyword",
                                                        "Alias": "mk",
                                                        "Startup Cost": 0.43,
                                                        "Total Cost": 177148.48,
                                                        "Plan Rows": 4523930,
                                                        "Plan Width": 8,
                                                        "Actual Startup Time": 0.093,
                                                        "Actual Total Time": 10.893,
                                                        "Actual Rows": 81682,
                                                        "Actual Loops": 2
                                                      },
                                                      {
                                                        "Node Type": "Sort",
                                                        "Parent Relationship": "Inner",
                                                        "Parallel Aware": false,
                                                        "Startup Cost": 11835.93,
                                                        "Total Cost": 11836.24,
                                                        "Plan Rows": 126,
                                                        "Plan Width": 41,
                                                        "Actual Startup Time": 110.991,
                                                        "Actual Total Time": 111.147,
                                                        "Actual Rows": 3239,
                                                        "Actual Loops": 2,
                                                        "Sort Key": [
                                                          "ml.movie_id"
                                                        ],
                                                        "Sort Method": "quicksort",
                                                        "Sort Space Used": 44,
                                                        "Sort Space Type": "Memory",
                                                        "Workers": [
                                                          {
                                                            "Worker Number": 0,
                                                            "Sort Method": "quicksort",
                                                            "Sort Space Used": 44,
                                                            "Sort Space Type": "Memory"
                                                          }
                                                        ],
                                                        "Plans": [
                                                          {
                                                            "Node Type": "Merge Join",
                                                            "Parent Relationship": "Outer",
                                                            "Parallel Aware": false,
                                                            "Join Type": "Inner",
                                                            "Startup Cost": 11827.75,
                                                            "Total Cost": 11831.53,
                                                            "Plan Rows": 126,
                                                            "Plan Width": 41,
                                                            "Actual Startup Time": 110.883,
                                                            "Actual Total Time": 110.936,
                                                            "Actual Rows": 228,
                                                            "Actual Loops": 2,
                                                            "Inner Unique": true,
                                                            "Merge Cond": "(cc.status_id = cct2.id)",
                                                            "Plans": [
                                                              {
                                                                "Node Type": "Sort",
                                                                "Parent Relationship": "Outer",
                                                                "Parallel Aware": false,
                                                                "Startup Cost": 11826.69,
                                                                "Total Cost": 11827.95,
                                                                "Plan Rows": 504,
                                                                "Plan Width": 45,
                                                                "Actual Startup Time": 110.871,
                                                                "Actual Total Time": 110.89,
                                                                "Actual Rows": 228,
                                                                "Actual Loops": 2,
                                                                "Sort Key": [
                                                                  "cc.status_id"
                                                                ],
                                                                "Sort Method": "quicksort",
                                                                "Sort Space Used": 45,
                                                                "Sort Space Type": "Memory",
                                                                "Workers": [
                                                                  {
                                                                    "Worker Number": 0,
                                                                    "Sort Method": "quicksort",
                                                                    "Sort Space Used": 45,
                                                                    "Sort Space Type": "Memory"
                                                                  }
                                                                ],
                                                                "Plans": [
                                                                  {
                                                                    "Node Type": "Merge Join",
                                                                    "Parent Relationship": "Outer",
                                                                    "Parallel Aware": false,
                                                                    "Join Type": "Inner",
                                                                    "Startup Cost": 11788.94,
                                                                    "Total Cost": 11804.06,
                                                                    "Plan Rows": 504,
                                                                    "Plan Width": 45,
                                                                    "Actual Startup Time": 110.761,
                                                                    "Actual Total Time": 110.812,
                                                                    "Actual Rows": 228,
                                                                    "Actual Loops": 2,
                                                                    "Inner Unique": true,
                                                                    "Merge Cond": "(cc.subject_id = cct1.id)",
                                                                    "Plans": [
                                                                      {
                                                                        "Node Type": "Sort",
                                                                        "Parent Relationship": "Outer",
                                                                        "Parallel Aware": false,
                                                                        "Startup Cost": 11787.88,
                                                                        "Total Cost": 11792.92,
                                                                        "Plan Rows": 2016,
                                                                        "Plan Width": 49,
                                                                        "Actual Startup Time": 110.729,
                                                                        "Actual Total Time": 110.746,
                                                                        "Actual Rows": 229,
                                                                        "Actual Loops": 2,
                                                                        "Sort Key": [
                                                                          "cc.subject_id"
                                                                        ],
                                                                        "Sort Method": "quicksort",
                                                                        "Sort Space Used": 49,
                                                                        "Sort Space Type": "Memory",
                                                                        "Workers": [
                                                                          {
                                                                            "Worker Number": 0,
                                                                            "Sort Method": "quicksort",
                                                                            "Sort Space Used": 49,
                                                                            "Sort Space Type": "Memory"
                                                                          }
                                                                        ],
                                                                        "Plans": [
                                                                          {
                                                                            "Node Type": "Merge Join",
                                                                            "Parent Relationship": "Outer",
                                                                            "Parallel Aware": false,
                                                                            "Join Type": "Inner",
                                                                            "Startup Cost": 1619.28,
                                                                            "Total Cost": 11677.22,
                                                                            "Plan Rows": 2016,
                                                                            "Plan Width": 49,
                                                                            "Actual Startup Time": 22.187,
                                                                            "Actual Total Time": 110.606,
                                                                            "Actual Rows": 257,
                                                                            "Actual Loops": 2,
                                                                            "Inner Unique": true,
                                                                            "Merge Cond": "(ml.movie_id = t.id)",
                                                                            "Plans": [
                                                                              {
                                                                                "Node Type": "Merge Join",
                                                                                "Parent Relationship": "Outer",
                                                                                "Parallel Aware": false,
                                                                                "Join Type": "Inner",
                                                                                "Startup Cost": 1618.85,
                                                                                "Total Cost": 1964.97,
                                                                                "Plan Rows": 2679,
                                                                                "Plan Width": 28,
                                                                                "Actual Startup Time": 5.932,
                                                                                "Actual Total Time": 8.242,
                                                                                "Actual Rows": 257,
                                                                                "Actual Loops": 2,
                                                                                "Inner Unique": false,
                                                                                "Merge Cond": "(cc.movie_id = ml.movie_id)",
                                                                                "Plans": [
                                                                                  {
                                                                                    "Node Type": "Index Scan",
                                                                                    "Parent Relationship": "Outer",
                                                                                    "Parallel Aware": false,
                                                                                    "Scan Direction": "Forward",
                                                                                    "Index Name": "movie_id_complete_cast",
                                                                                    "Relation Name": "complete_cast",
                                                                                    "Alias": "cc",
                                                                                    "Startup Cost": 0.42,
                                                                                    "Total Cost": 6650.11,
                                                                                    "Plan Rows": 135086,
                                                                                    "Plan Width": 12,
                                                                                    "Actual Startup Time": 0.114,
                                                                                    "Actual Total Time": 2.142,
                                                                                    "Actual Rows": 5993,
                                                                                    "Actual Loops": 2
                                                                                  },
                                                                                  {
                                                                                    "Node Type": "Sort",
                                                                                    "Parent Relationship": "Inner",
                                                                                    "Parallel Aware": false,
                                                                                    "Startup Cost": 1618.42,
                                                                                    "Total Cost": 1622.58,
                                                                                    "Plan Rows": 1666,
                                                                                    "Plan Width": 16,
                                                                                    "Actual Startup Time": 5.212,
                                                                                    "Actual Total Time": 5.387,
                                                                                    "Actual Rows": 2341,
                                                                                    "Actual Loops": 2,
                                                                                    "Sort Key": [
                                                                                      "ml.movie_id"
                                                                                    ],
                                                                                    "Sort Method": "quicksort",
                                                                                    "Sort Space Used": 205,
                                                                                    "Sort Space Type": "Memory",
                                                                                    "Workers": [
                                                                                      {
                                                                                        "Worker Number": 0,
                                                                                        "Sort Method": "quicksort",
                                                                                        "Sort Space Used": 205,
                                                                                        "Sort Space Type": "Memory"
                                                                                      }
                                                                                    ],
                                                                                    "Plans": [
                                                                                      {
                                                                                        "Node Type": "Merge Join",
                                                                                        "Parent Relationship": "Outer",
                                                                                        "Parallel Aware": false,
                                                                                        "Join Type": "Inner",
                                                                                        "Startup Cost": 0.42,
                                                                                        "Total Cost": 1529.27,
                                                                                        "Plan Rows": 1666,
                                                                                        "Plan Width": 16,
                                                                                        "Actual Startup Time": 0.136,
                                                                                        "Actual Total Time": 3.654,
                                                                                        "Actual Rows": 2315,
                                                                                        "Actual Loops": 2,
                                                                                        "Inner Unique": true,
                                                                                        "Merge Cond": "(ml.link_type_id = lt.id)",
                                                                                        "Plans": [
                                                                                          {
                                                                                            "Node Type": "Index Scan",
                                                                                            "Parent Relationship": "Outer",
                                                                                            "Parallel Aware": false,
                                                                                            "Scan Direction": "Forward",
                                                                                            "Index Name": "link_type_id_movie_link",
                                                                                            "Relation Name": "movie_link",
                                                                                            "Alias": "ml",
                                                                                            "Startup Cost": 0.29,
                                                                                            "Total Cost": 1425.16,
                                                                                            "Plan Rows": 29997,
                                                                                            "Plan Width": 8,
                                                                                            "Actual Startup Time": 0.079,
                                                                                            "Actual Total Time": 2.481,
                                                                                            "Actual Rows": 2316,
                                                                                            "Actual Loops": 2
                                                                                          },
                                                                                          {
                                                                                            "Node Type": "Index Scan",
                                                                                            "Parent Relationship": "Inner",
                                                                                            "Parallel Aware": false,
                                                                                            "Scan Direction": "Forward",
                                                                                            "Index Name": "link_type_pkey",
                                                                                            "Relation Name": "link_type",
                                                                                            "Alias": "lt",
                                                                                            "Startup Cost": 0.14,
                                                                                            "Total Cost": 12.45,
                                                                                            "Plan Rows": 1,
                                                                                            "Plan Width": 16,
                                                                                            "Actual Startup Time": 0.052,
                                                                                            "Actual Total Time": 0.067,
                                                                                            "Actual Rows": 2,
                                                                                            "Actual Loops": 2,
                                                                                            "Filter": "((link)::text ~~ '%follow%'::text)",
                                                                                            "Rows Removed by Filter": 16
                                                                                          }
                                                                                        ]
                                                                                      }
                                                                                    ]
                                                                                  }
                                                                                ]
                                                                              },
                                                                              {
                                                                                "Node Type": "Index Scan",
                                                                                "Parent Relationship": "Inner",
                                                                                "Parallel Aware": false,
                                                                                "Scan Direction": "Forward",
                                                                                "Index Name": "title_pkey",
                                                                                "Relation Name": "title",
                                                                                "Alias": "t",
                                                                                "Startup Cost": 0.43,
                                                                                "Total Cost": 123001.61,
                                                                                "Plan Rows": 1903094,
                                                                                "Plan Width": 21,
                                                                                "Actual Startup Time": 0.084,
                                                                                "Actual Total Time": 95.314,
                                                                                "Actual Rows": 126989,
                                                                                "Actual Loops": 2,
                                                                                "Filter": "((production_year >= 1950) AND (production_year <= 2010))",
                                                                                "Rows Removed by Filter": 35873
                                                                              }
                                                                            ]
                                                                          }
                                                                        ]
                                                                      },
                                                                      {
                                                                        "Node Type": "Sort",
                                                                        "Parent Relationship": "Inner",
                                                                        "Parallel Aware": false,
                                                                        "Startup Cost": 1.06,
                                                                        "Total Cost": 1.06,
                                                                        "Plan Rows": 1,
                                                                        "Plan Width": 4,
                                                                        "Actual Startup Time": 0.029,
                                                                        "Actual Total Time": 0.03,
                                                                        "Actual Rows": 1,
                                                                        "Actual Loops": 2,
                                                                        "Sort Key": [
                                                                          "cct1.id"
                                                                        ],
                                                                        "Sort Method": "quicksort",
                                                                        "Sort Space Used": 25,
                                                                        "Sort Space Type": "Memory",
                                                                        "Workers": [
                                                                          {
                                                                            "Worker Number": 0,
                                                                            "Sort Method": "quicksort",
                                                                            "Sort Space Used": 25,
                                                                            "Sort Space Type": "Memory"
                                                                          }
                                                                        ],
                                                                        "Plans": [
                                                                          {
                                                                            "Node Type": "Seq Scan",
                                                                            "Parent Relationship": "Outer",
                                                                            "Parallel Aware": false,
                                                                            "Relation Name": "comp_cast_type",
                                                                            "Alias": "cct1",
                                                                            "Startup Cost": 0.0,
                                                                            "Total Cost": 1.05,
                                                                            "Plan Rows": 1,
                                                                            "Plan Width": 4,
                                                                            "Actual Startup Time": 0.02,
                                                                            "Actual Total Time": 0.021,
                                                                            "Actual Rows": 1,
                                                                            "Actual Loops": 2,
                                                                            "Filter": "((kind)::text = 'cast'::text)",
                                                                            "Rows Removed by Filter": 3
                                                                          }
                                                                        ]
                                                                      }
                                                                    ]
                                                                  }
                                                                ]
                                                              },
                                                              {
                                                                "Node Type": "Sort",
                                                                "Parent Relationship": "Inner",
                                                                "Parallel Aware": false,
                                                                "Startup Cost": 1.06,
                                                                "Total Cost": 1.06,
                                                                "Plan Rows": 1,
                                                                "Plan Width": 4,
                                                                "Actual Startup Time": 0.01,
                                                                "Actual Total Time": 0.011,
                                                                "Actual Rows": 2,
                                                                "Actual Loops": 2,
                                                                "Sort Key": [
                                                                  "cct2.id"
                                                                ],
                                                                "Sort Method": "quicksort",
                                                                "Sort Space Used": 25,
                                                                "Sort Space Type": "Memory",
                                                                "Workers": [
                                                                  {
                                                                    "Worker Number": 0,
                                                                    "Sort Method": "quicksort",
                                                                    "Sort Space Used": 25,
                                                                    "Sort Space Type": "Memory"
                                                                  }
                                                                ],
                                                                "Plans": [
                                                                  {
                                                                    "Node Type": "Seq Scan",
                                                                    "Parent Relationship": "Outer",
                                                                    "Parallel Aware": false,
                                                                    "Relation Name": "comp_cast_type",
                                                                    "Alias": "cct2",
                                                                    "Startup Cost": 0.0,
                                                                    "Total Cost": 1.05,
                                                                    "Plan Rows": 1,
                                                                    "Plan Width": 4,
                                                                    "Actual Startup Time": 0.004,
                                                                    "Actual Total Time": 0.004,
                                                                    "Actual Rows": 2,
                                                                    "Actual Loops": 2,
                                                                    "Filter": "((kind)::text ~~ 'complete%'::text)",
                                                                    "Rows Removed by Filter": 2
                                                                  }
                                                                ]
                                                              }
                                                            ]
                                                          }
                                                        ]
                                                      }
                                                    ]
                                                  }
                                                ]
                                              },
                                              {
                                                "Node Type": "Sort",
                                                "Parent Relationship": "Inner",
                                                "Parallel Aware": false,
                                                "Startup Cost": 2626.14,
                                                "Total Cost": 2626.14,
                                                "Plan Rows": 1,
                                                "Plan Width": 4,
                                                "Actual Startup Time": 9.782,
                                                "Actual Total Time": 9.782,
                                                "Actual Rows": 1,
                                                "Actual Loops": 2,
                                                "Sort Key": [
                                                  "k.id"
                                                ],
                                                "Sort Method": "quicksort",
                                                "Sort Space Used": 25,
                                                "Sort Space Type": "Memory",
                                                "Workers": [
                                                  {
                                                    "Worker Number": 0,
                                                    "Sort Method": "quicksort",
                                                    "Sort Space Used": 25,
                                                    "Sort Space Type": "Memory"
                                                  }
                                                ],
                                                "Plans": [
                                                  {
                                                    "Node Type": "Seq Scan",
                                                    "Parent Relationship": "Outer",
                                                    "Parallel Aware": false,
                                                    "Relation Name": "keyword",
                                                    "Alias": "k",
                                                    "Startup Cost": 0.0,
                                                    "Total Cost": 2626.12,
                                                    "Plan Rows": 1,
                                                    "Plan Width": 4,
                                                    "Actual Startup Time": 0.569,
                                                    "Actual Total Time": 9.777,
                                                    "Actual Rows": 1,
                                                    "Actual Loops": 2,
                                                    "Filter": "(keyword = 'sequel'::text)",
                                                    "Rows Removed by Filter": 134169
                                                  }
                                                ]
                                              }
                                            ]
                                          }
                                        ]
                                      }
                                    ]
                                  }
                                ]
                              },
                              {
                                "Node Type": "Index Scan",
                                "Parent Relationship": "Inner",
                                "Parallel Aware": false,
                                "Scan Direction": "Forward",
                                "Index Name": "movie_id_movie_companies",
                                "Relation Name": "movie_companies",
                                "Alias": "mc",
                                "Startup Cost": 0.43,
                                "Total Cost": 140404.76,
                                "Plan Rows": 1269863,
                                "Plan Width": 12,
                                "Actual Startup Time": 0.038,
                                "Actual Total Time": 11.119,
                                "Actual Rows": 24934,
                                "Actual Loops": 2,
                                "Filter": "(note IS NULL)",
                                "Rows Removed by Filter": 25188
                              }
                            ]
                          }
                        ]
                      },
                      {
                        "Node Type": "Sort",
                        "Parent Relationship": "Inner",
                        "Parallel Aware": false,
                        "Startup Cost": 11453.99,
                        "Total Cost": 11591.95,
                        "Plan Rows": 55187,
                        "Plan Width": 23,
                        "Actual Startup Time": 57.251,
                        "Actual Total Time": 58.728,
                        "Actual Rows": 14012,
                        "Actual Loops": 2,
                        "Sort Key": [
                          "cn.id"
                        ],
                        "Sort Method": "quicksort",
                        "Sort Space Used": 5023,
                        "Sort Space Type": "Memory",
                        "Workers": [
                          {
                            "Worker Number": 0,
                            "Sort Method": "quicksort",
                            "Sort Space Used": 5023,
                            "Sort Space Type": "Memory"
                          }
                        ],
                        "Plans": [
                          {
                            "Node Type": "Seq Scan",
                            "Parent Relationship": "Outer",
                            "Parallel Aware": false,
                            "Relation Name": "company_name",
                            "Alias": "cn",
                            "Startup Cost": 0.0,
                            "Total Cost": 7107.45,
                            "Plan Rows": 55187,
                            "Plan Width": 23,
                            "Actual Startup Time": 0.027,
                            "Actual Total Time": 43.91,
                            "Actual Rows": 48302,
                            "Actual Loops": 2,
                            "Filter": "(((country_code)::text <> '[pl]'::text) AND ((name ~~ '%Film%'::text) OR (name ~~ '%Warner%'::text)))",
                            "Rows Removed by Filter": 186695
                          }
                        ]
                      }
                    ]
                  }
                ]
              },
              {
                "Node Type": "Sort",
                "Parent Relationship": "Inner",
                "Parallel Aware": false,
                "Startup Cost": 1.06,
                "Total Cost": 1.06,
                "Plan Rows": 1,
                "Plan Width": 4,
                "Actual Startup Time": 0.022,
                "Actual Total Time": 0.022,
                "Actual Rows": 1,
                "Actual Loops": 2,
                "Sort Key": [
                  "ct.id"
                ],
                "Sort Method": "quicksort",
                "Sort Space Used": 25,
                "Sort Space Type": "Memory",
                "Workers": [
                  {
                    "Worker Number": 0,
                    "Sort Method": "quicksort",
                    "Sort Space Used": 25,
                    "Sort Space Type": "Memory"
                  }
                ],
                "Plans": [
                  {
                    "Node Type": "Seq Scan",
                    "Parent Relationship": "Outer",
                    "Parallel Aware": false,
                    "Relation Name": "company_type",
                    "Alias": "ct",
                    "Startup Cost": 0.0,
                    "Total Cost": 1.05,
                    "Plan Rows": 1,
                    "Plan Width": 4,
                    "Actual Startup Time": 0.017,
                    "Actual Total Time": 0.018,
                    "Actual Rows": 1,
                    "Actual Loops": 2,
                    "Filter": "((kind)::text = 'production companies'::text)",
                    "Rows Removed by Filter": 3
                  }
                ]
              }
            ]
          }
        ]
      }
    ]
  },
  "Planning Time": 4.126,
  "Triggers": [],
  "Execution Time": 328.452
}