[
  {
    "Plan": {
      "Node Type": "Aggregate",
      "Strategy": "Plain",
      "Partial Mode": "Finalize",
      "Parallel Aware": false,
      "Startup Cost": 31592.58,
      "Total Cost": 31592.59,
      "Plan Rows": 1,
      "Plan Width": 8,
      "Actual Startup Time": 102.15,
      "Actual Total Time": 107.92,
      "Actual Rows": 1,
      "Actual Loops": 1,
      "Plans": [
        {
          "Node Type": "Gather",
          "Parent Relationship": "Outer",
          "Parallel Aware": false,
          "Startup Cost": 31592.27,
          "Total Cost": 31592.58,
          "Plan Rows": 3,
          "Plan Width": 8,
          "Actual Startup Time": 102.042,
          "Actual Total Time": 107.912,
          "Actual Rows": 4,
          "Actual Loops": 1,
          "Workers Planned": 3,
          "Workers Launched": 3,
          "Single Copy": false,
          "Plans": [
            {
              "Node Type": "Aggregate",
              "Strategy": "Plain",
              "Partial Mode": "Partial",
              "Parent Relationship": "Outer",
              "Parallel Aware": false,
              "Startup Cost": 30592.27,
              "Total Cost": 30592.28,
              "Plan Rows": 1,
              "Plan Width": 8,
              "Actual Startup Time": 95.234,
              "Actual Total Time": 95.235,
              "Actual Rows": 1,
              "Actual Loops": 4,
              "Plans": [
                {
                  "Node Type": "Seq Scan",
                  "Parent Relationship": "Outer",
                  "Parallel Aware": true,
                  "Relation Name": "movie_companies",
                  "Alias": "mc",
                  "Startup Cost": 0.0,
                  "Total Cost": 29310.68,
                  "Plan Rows": 512634,
                  "Plan Width": 0,
                  "Actual Startup Time": 0.044,
                  "Actual Total Time": 75.646,
                  "Actual Rows": 394293,
                  "Actual Loops": 4,
                  "Filter": "(company_id < 15547)",
                  "Rows Removed by Filter": 257989
                }
              ]
            }
          ]
        }
      ]
    },
    "Planning Time": 0.189,
    "Triggers": [],
    "Execution Time": 107.982
  }
]