[
    {
        "Bao": {
            "Bao prediction": "NaN",
            "Bao recommended hint": "(no hint)"
        }
    },
    {
        "Plan": {
            "Node Type": "Aggregate",
            "Strategy": "Plain",
            "Partial Mode": "Finalize",
            "Parallel Aware": false,
            "Startup Cost": 339557.85,
            "Total Cost": 339557.86,
            "Plan Rows": 1,
            "Plan Width": 8,
            "Actual Startup Time": 793.875,
            "Actual Total Time": 826.629,
            "Actual Rows": 1,
            "Actual Loops": 1,
            "Output": [
                "count(*)"
            ],
            "Plans": [
                {
                    "Node Type": "Gather",
                    "Parent Relationship": "Outer",
                    "Parallel Aware": false,
                    "Startup Cost": 339557.23,
                    "Total Cost": 339557.84,
                    "Plan Rows": 6,
                    "Plan Width": 8,
                    "Actual Startup Time": 793.734,
                    "Actual Total Time": 826.62,
                    "Actual Rows": 7,
                    "Actual Loops": 1,
                    "Output": [
                        "(PARTIAL count(*))"
                    ],
                    "Workers Planned": 6,
                    "Workers Launched": 6,
                    "Single Copy": false,
                    "Plans": [
                        {
                            "Node Type": "Aggregate",
                            "Strategy": "Plain",
                            "Partial Mode": "Partial",
                            "Parent Relationship": "Outer",
                            "Parallel Aware": false,
                            "Startup Cost": 338557.23,
                            "Total Cost": 338557.24,
                            "Plan Rows": 1,
                            "Plan Width": 8,
                            "Actual Startup Time": 784.081,
                            "Actual Total Time": 784.082,
                            "Actual Rows": 1,
                            "Actual Loops": 7,
                            "Output": [
                                "PARTIAL count(*)"
                            ],
                            "Workers": [
                                {
                                    "Worker Number": 0,
                                    "Actual Startup Time": 781.79,
                                    "Actual Total Time": 781.791,
                                    "Actual Rows": 1,
                                    "Actual Loops": 1
                                },
                                {
                                    "Worker Number": 1,
                                    "Actual Startup Time": 782.104,
                                    "Actual Total Time": 782.105,
                                    "Actual Rows": 1,
                                    "Actual Loops": 1
                                },
                                {
                                    "Worker Number": 2,
                                    "Actual Startup Time": 782.171,
                                    "Actual Total Time": 782.173,
                                    "Actual Rows": 1,
                                    "Actual Loops": 1
                                },
                                {
                                    "Worker Number": 3,
                                    "Actual Startup Time": 782.932,
                                    "Actual Total Time": 782.933,
                                    "Actual Rows": 1,
                                    "Actual Loops": 1
                                },
                                {
                                    "Worker Number": 4,
                                    "Actual Startup Time": 783.102,
                                    "Actual Total Time": 783.103,
                                    "Actual Rows": 1,
                                    "Actual Loops": 1
                                },
                                {
                                    "Worker Number": 5,
                                    "Actual Startup Time": 783.202,
                                    "Actual Total Time": 783.203,
                                    "Actual Rows": 1,
                                    "Actual Loops": 1
                                }
                            ],
                            "Plans": [
                                {
                                    "Node Type": "Seq Scan",
                                    "Parent Relationship": "Outer",
                                    "Parallel Aware": true,
                                    "Relation Name": "cast_info",
                                    "Schema": "public",
                                    "Alias": "ci",
                                    "Startup Cost": 0.0,
                                    "Total Cost": 328213.62,
                                    "Plan Rows": 4137445,
                                    "Plan Width": 0,
                                    "Actual Startup Time": 126.865,
                                    "Actual Total Time": 611.821,
                                    "Actual Rows": 3538869,
                                    "Actual Loops": 7,
                                    "Output": [
                                        "id",
                                        "person_id",
                                        "movie_id",
                                        "person_role_id",
                                        "note",
                                        "nr_order",
                                        "role_id"
                                    ],
                                    "Filter": "(ci.person_id > 1127788)",
                                    "Rows Removed by Filter": 1638894,
                                    "Workers": [
                                        {
                                            "Worker Number": 0,
                                            "Actual Startup Time": 124.593,
                                            "Actual Total Time": 611.113,
                                            "Actual Rows": 2588123,
                                            "Actual Loops": 1
                                        },
                                        {
                                            "Worker Number": 1,
                                            "Actual Startup Time": 124.877,
                                            "Actual Total Time": 612.291,
                                            "Actual Rows": 2578297,
                                            "Actual Loops": 1
                                        },
                                        {
                                            "Worker Number": 2,
                                            "Actual Startup Time": 124.972,
                                            "Actual Total Time": 615.258,
                                            "Actual Rows": 3842426,
                                            "Actual Loops": 1
                                        },
                                        {
                                            "Worker Number": 3,
                                            "Actual Startup Time": 125.715,
                                            "Actual Total Time": 611.618,
                                            "Actual Rows": 2599975,
                                            "Actual Loops": 1
                                        },
                                        {
                                            "Worker Number": 4,
                                            "Actual Startup Time": 125.872,
                                            "Actual Total Time": 616.864,
                                            "Actual Rows": 4087055,
                                            "Actual Loops": 1
                                        },
                                        {
                                            "Worker Number": 5,
                                            "Actual Startup Time": 125.976,
                                            "Actual Total Time": 617.565,
                                            "Actual Rows": 4067501,
                                            "Actual Loops": 1
                                        }
                                    ]
                                }
                            ]
                        }
                    ]
                }
            ]
        },
        "Planning Time": 212.964,
        "Triggers": [],
        "Execution Time": 826.688
    }
]