[
  {
    "Plan": {
      "Node Type": "Aggregate",
      "Strategy": "Plain",
      "Partial Mode": "Finalize",
      "Parallel Aware": false,
      "Startup Cost": 348403.15,
      "Total Cost": 348403.16,
      "Plan Rows": 1,
      "Plan Width": 8,
      "Actual Startup Time": 674.354,
      "Actual Total Time": 723.245,
      "Actual Rows": 1,
      "Actual Loops": 1,
      "Plans": [
        {
          "Node Type": "Gather",
          "Parent Relationship": "Outer",
          "Parallel Aware": false,
          "Startup Cost": 348402.53,
          "Total Cost": 348403.14,
          "Plan Rows": 6,
          "Plan Width": 8,
          "Actual Startup Time": 674.171,
          "Actual Total Time": 723.233,
          "Actual Rows": 7,
          "Actual Loops": 1,
          "Workers Planned": 6,
          "Workers Launched": 6,
          "Single Copy": false,
          "Plans": [
            {
              "Node Type": "Aggregate",
              "Strategy": "Plain",
              "Partial Mode": "Partial",
              "Parent Relationship": "Outer",
              "Parallel Aware": false,
              "Startup Cost": 347402.53,
              "Total Cost": 347402.54,
              "Plan Rows": 1,
              "Plan Width": 8,
              "Actual Startup Time": 664.131,
              "Actual Total Time": 664.132,
              "Actual Rows": 1,
              "Actual Loops": 7,
              "Plans": [
                {
                  "Node Type": "Seq Scan",
                  "Parent Relationship": "Outer",
                  "Parallel Aware": true,
                  "Relation Name": "cast_info",
                  "Alias": "ci",
                  "Startup Cost": 0.0,
                  "Total Cost": 343316.27,
                  "Plan Rows": 1634502,
                  "Plan Width": 0,
                  "Actual Startup Time": 348.57,
                  "Actual Total Time": 625.897,
                  "Actual Rows": 788725,
                  "Actual Loops": 7,
                  "Filter": "((person_id < 2291625) AND (role_id > 2))",
                  "Rows Removed by Filter": 4389038
                }
              ]
            }
          ]
        }
      ]
    },
    "Planning Time": 0.134,
    "Triggers": [],
    "Execution Time": 723.294
  }
]