[
  {
    "Plan": {
      "Node Type": "Aggregate",
      "Strategy": "Plain",
      "Partial Mode": "Finalize",
      "Parallel Aware": false,
      "Startup Cost": 63144.95,
      "Total Cost": 63144.96,
      "Plan Rows": 1,
      "Plan Width": 8,
      "Actual Startup Time": 203.078,
      "Actual Total Time": 217.931,
      "Actual Rows": 1,
      "Actual Loops": 1,
      "Plans": [
        {
          "Node Type": "Gather",
          "Parent Relationship": "Outer",
          "Parallel Aware": false,
          "Startup Cost": 63144.74,
          "Total Cost": 63144.95,
          "Plan Rows": 2,
          "Plan Width": 8,
          "Actual Startup Time": 202.432,
          "Actual Total Time": 217.915,
          "Actual Rows": 3,
          "Actual Loops": 1,
          "Workers Planned": 2,
          "Workers Launched": 2,
          "Single Copy": false,
          "Plans": [
            {
              "Node Type": "Aggregate",
              "Strategy": "Plain",
              "Partial Mode": "Partial",
              "Parent Relationship": "Outer",
              "Parallel Aware": false,
              "Startup Cost": 62144.74,
              "Total Cost": 62144.75,
              "Plan Rows": 1,
              "Plan Width": 8,
              "Actual Startup Time": 199.556,
              "Actual Total Time": 199.559,
              "Actual Rows": 1,
              "Actual Loops": 3,
              "Plans": [
                {
                  "Node Type": "Hash Join",
                  "Parent Relationship": "Outer",
                  "Parallel Aware": true,
                  "Join Type": "Inner",
                  "Startup Cost": 45953.04,
                  "Total Cost": 62087.03,
                  "Plan Rows": 23085,
                  "Plan Width": 0,
                  "Actual Startup Time": 121.558,
                  "Actual Total Time": 198.734,
                  "Actual Rows": 17019,
                  "Actual Loops": 3,
                  "Inner Unique": true,
                  "Hash Cond": "(mi_idx.movie_id = t.id)",
                  "Plans": [
                    {
                      "Node Type": "Seq Scan",
                      "Parent Relationship": "Outer",
                      "Parallel Aware": true,
                      "Relation Name": "movie_info_idx",
                      "Alias": "mi_idx",
                      "Startup Cost": 0.0,
                      "Total Cost": 15122.68,
                      "Plan Rows": 385260,
                      "Plan Width": 4,
                      "Actual Startup Time": 0.011,
                      "Actual Total Time": 45.011,
                      "Actual Rows": 306703,
                      "Actual Loops": 3,
                      "Filter": "(info_type_id > 99)",
                      "Rows Removed by Filter": 153308
                    },
                    {
                      "Node Type": "Hash",
                      "Parent Relationship": "Inner",
                      "Parallel Aware": true,
                      "Startup Cost": 45479.59,
                      "Total Cost": 45479.59,
                      "Plan Rows": 37876,
                      "Plan Width": 4,
                      "Actual Startup Time": 120.108,
                      "Actual Total Time": 120.109,
                      "Actual Rows": 44920,
                      "Actual Loops": 3,
                      "Hash Buckets": 262144,
                      "Original Hash Buckets": 262144,
                      "Hash Batches": 1,
                      "Original Hash Batches": 1,
                      "Peak Memory Usage": 7392,
                      "Plans": [
                        {
                          "Node Type": "Seq Scan",
                          "Parent Relationship": "Outer",
                          "Parallel Aware": true,
                          "Relation Name": "title",
                          "Alias": "t",
                          "Startup Cost": 0.0,
                          "Total Cost": 45479.59,
                          "Plan Rows": 37876,
                          "Plan Width": 4,
                          "Actual Startup Time": 0.028,
                          "Actual Total Time": 105.477,
                          "Actual Rows": 44920,
                          "Actual Loops": 3,
                          "Filter": "((kind_id < 7) AND (production_year > 2010))",
                          "Rows Removed by Filter": 797851
                        }
                      ]
                    }
                  ]
                }
              ]
            }
          ]
        }
      ]
    },
    "Planning Time": 0.246,
    "Triggers": [],
    "Execution Time": 217.97
  }
]