{
  "Plan": {
    "Node Type": "Aggregate",
    "Strategy": "Plain",
    "Partial Mode": "Finalize",
    "Parallel Aware": false,
    "Startup Cost": 327735.8,
    "Total Cost": 327735.81,
    "Plan Rows": 1,
    "Plan Width": 8,
    "Actual Startup Time": 623.022,
    "Actual Total Time": 639.451,
    "Actual Rows": 1,
    "Actual Loops": 1,
    "Plans": [
      {
        "Node Type": "Gather",
        "Parent Relationship": "Outer",
        "Parallel Aware": false,
        "Startup Cost": 327735.69,
        "Total Cost": 327735.8,
        "Plan Rows": 1,
        "Plan Width": 8,
        "Actual Startup Time": 621.882,
        "Actual Total Time": 639.444,
        "Actual Rows": 2,
        "Actual Loops": 1,
        "Workers Planned": 1,
        "Workers Launched": 1,
        "Single Copy": false,
        "Plans": [
          {
            "Node Type": "Aggregate",
            "Strategy": "Plain",
            "Partial Mode": "Partial",
            "Parent Relationship": "Outer",
            "Parallel Aware": false,
            "Startup Cost": 326735.69,
            "Total Cost": 326735.7,
            "Plan Rows": 1,
            "Plan Width": 8,
            "Actual Startup Time": 615.373,
            "Actual Total Time": 615.379,
            "Actual Rows": 1,
            "Actual Loops": 2,
            "Plans": [
              {
                "Node Type": "Hash Join",
                "Parent Relationship": "Outer",
                "Parallel Aware": true,
                "Join Type": "Inner",
                "Startup Cost": 149439.82,
                "Total Cost": 326547.88,
                "Plan Rows": 75126,
                "Plan Width": 0,
                "Actual Startup Time": 480.322,
                "Actual Total Time": 614.961,
                "Actual Rows": 4804,
                "Actual Loops": 2,
                "Inner Unique": false,
                "Hash Cond": "(mi.movie_id = t.id)",
                "Plans": [
                  {
                    "Node Type": "Bitmap Heap Scan",
                    "Parent Relationship": "Outer",
                    "Parallel Aware": true,
                    "Relation Name": "movie_info",
                    "Alias": "mi",
                    "Startup Cost": 27808.97,
                    "Total Cost": 201089.01,
                    "Plan Rows": 902963,
                    "Plan Width": 4,
                    "Actual Startup Time": 47.625,
                    "Actual Total Time": 115.659,
                    "Actual Rows": 766954,
                    "Actual Loops": 2,
                    "Recheck Cond": "(info_type_id = 3)",
                    "Rows Removed by Index Recheck": 0,
                    "Exact Heap Blocks": 4637,
                    "Lossy Heap Blocks": 0,
                    "Plans": [
                      {
                        "Node Type": "Bitmap Index Scan",
                        "Parent Relationship": "Outer",
                        "Parallel Aware": false,
                        "Index Name": "info_type_id_movie_info",
                        "Startup Cost": 0.0,
                        "Total Cost": 27425.21,
                        "Plan Rows": 1535037,
                        "Plan Width": 0,
                        "Actual Startup Time": 46.171,
                        "Actual Total Time": 46.171,
                        "Actual Rows": 1533909,
                        "Actual Loops": 1,
                        "Index Cond": "(info_type_id = 3)"
                      }
                    ]
                  },
                  {
                    "Node Type": "Hash",
                    "Parent Relationship": "Inner",
                    "Parallel Aware": true,
                    "Startup Cost": 120084.15,
                    "Total Cost": 120084.15,
                    "Plan Rows": 123736,
                    "Plan Width": 8,
                    "Actual Startup Time": 429.069,
                    "Actual Total Time": 429.073,
                    "Actual Rows": 18921,
                    "Actual Loops": 2,
                    "Hash Buckets": 262144,
                    "Original Hash Buckets": 262144,
                    "Hash Batches": 1,
                    "Original Hash Batches": 1,
                    "Peak Memory Usage": 3552,
                    "Plans": [
                      {
                        "Node Type": "Hash Join",
                        "Parent Relationship": "Outer",
                        "Parallel Aware": true,
                        "Join Type": "Inner",
                        "Startup Cost": 85629.31,
                        "Total Cost": 120084.15,
                        "Plan Rows": 123736,
                        "Plan Width": 8,
                        "Actual Startup Time": 247.431,
                        "Actual Total Time": 424.184,
                        "Actual Rows": 18921,
                        "Actual Loops": 2,
                        "Inner Unique": true,
                        "Hash Cond": "(mk.movie_id = t.id)",
                        "Plans": [
                          {
                            "Node Type": "Bitmap Heap Scan",
                            "Parent Relationship": "Outer",
                            "Parallel Aware": true,
                            "Relation Name": "movie_keyword",
                            "Alias": "mk",
                            "Startup Cost": 23843.91,
                            "Total Cost": 56563.06,
                            "Plan Rows": 661212,
                            "Plan Width": 4,
                            "Actual Startup Time": 60.156,
                            "Actual Total Time": 156.798,
                            "Actual Rows": 567016,
                            "Actual Loops": 2,
                            "Recheck Cond": "(keyword_id < 1251)",
                            "Rows Removed by Index Recheck": 0,
                            "Exact Heap Blocks": 13562,
                            "Lossy Heap Blocks": 0,
                            "Plans": [
                              {
                                "Node Type": "Bitmap Index Scan",
                                "Parent Relationship": "Outer",
                                "Parallel Aware": false,
                                "Index Name": "keyword_id_movie_keyword",
                                "Startup Cost": 0.0,
                                "Total Cost": 23562.89,
                                "Plan Rows": 1124061,
                                "Plan Width": 0,
                                "Actual Startup Time": 56.485,
                                "Actual Total Time": 56.485,
                                "Actual Rows": 1134031,
                                "Actual Loops": 1,
                                "Index Cond": "(keyword_id < 1251)"
                              }
                            ]
                          },
                          {
                            "Node Type": "Hash",
                            "Parent Relationship": "Inner",
                            "Parallel Aware": true,
                            "Startup Cost": 58306.47,
                            "Total Cost": 58306.47,
                            "Plan Rows": 278315,
                            "Plan Width": 4,
                            "Actual Startup Time": 182.97,
                            "Actual Total Time": 182.97,
                            "Actual Rows": 180230,
                            "Actual Loops": 2,
                            "Hash Buckets": 524288,
                            "Original Hash Buckets": 524288,
                            "Hash Batches": 1,
                            "Original Hash Batches": 1,
                            "Peak Memory Usage": 18240,
                            "Plans": [
                              {
                                "Node Type": "Seq Scan",
                                "Parent Relationship": "Outer",
                                "Parallel Aware": true,
                                "Relation Name": "title",
                                "Alias": "t",
                                "Startup Cost": 0.0,
                                "Total Cost": 58306.47,
                                "Plan Rows": 278315,
                                "Plan Width": 4,
                                "Actual Startup Time": 0.03,
                                "Actual Total Time": 139.789,
                                "Actual Rows": 180230,
                                "Actual Loops": 2,
                                "Filter": "((production_year < 1994) AND (kind_id = 7))",
                                "Rows Removed by Filter": 1083926
                              }
                            ]
                          }
                        ]
                      }
                    ]
                  }
                ]
              }
            ]
          }
        ]
      }
    ]
  },
  "Planning Time": 0.994,
  "Triggers": [],
  "Execution Time": 639.568
}