[
  {
    "Plan": {
      "Node Type": "Aggregate",
      "Strategy": "Plain",
      "Partial Mode": "Finalize",
      "Parallel Aware": false,
      "Startup Cost": 39897.44,
      "Total Cost": 39897.45,
      "Plan Rows": 1,
      "Plan Width": 8,
      "Actual Startup Time": 136.943,
      "Actual Total Time": 145.853,
      "Actual Rows": 1,
      "Actual Loops": 1,
      "Plans": [
        {
          "Node Type": "Gather",
          "Parent Relationship": "Outer",
          "Parallel Aware": false,
          "Startup Cost": 39897.12,
          "Total Cost": 39897.43,
          "Plan Rows": 3,
          "Plan Width": 8,
          "Actual Startup Time": 136.718,
          "Actual Total Time": 145.845,
          "Actual Rows": 4,
          "Actual Loops": 1,
          "Workers Planned": 3,
          "Workers Launched": 3,
          "Single Copy": false,
          "Plans": [
            {
              "Node Type": "Aggregate",
              "Strategy": "Plain",
              "Partial Mode": "Partial",
              "Parent Relationship": "Outer",
              "Parallel Aware": false,
              "Startup Cost": 38897.12,
              "Total Cost": 38897.13,
              "Plan Rows": 1,
              "Plan Width": 8,
              "Actual Startup Time": 127.64,
              "Actual Total Time": 127.642,
              "Actual Rows": 1,
              "Actual Loops": 4,
              "Plans": [
                {
                  "Node Type": "Bitmap Heap Scan",
                  "Parent Relationship": "Outer",
                  "Parallel Aware": true,
                  "Relation Name": "movie_keyword",
                  "Alias": "mk",
                  "Startup Cost": 11760.73,
                  "Total Cost": 38450.06,
                  "Plan Rows": 178826,
                  "Plan Width": 0,
                  "Actual Startup Time": 47.906,
                  "Actual Total Time": 120.142,
                  "Actual Rows": 135460,
                  "Actual Loops": 4,
                  "Recheck Cond": "(keyword_id > 33883)",
                  "Rows Removed by Index Recheck": 0,
                  "Exact Heap Blocks": 10416,
                  "Lossy Heap Blocks": 0,
                  "Plans": [
                    {
                      "Node Type": "Bitmap Index Scan",
                      "Parent Relationship": "Outer",
                      "Parallel Aware": false,
                      "Index Name": "keyword_id_movie_keyword",
                      "Startup Cost": 0.0,
                      "Total Cost": 11622.14,
                      "Plan Rows": 554361,
                      "Plan Width": 0,
                      "Actual Startup Time": 52.64,
                      "Actual Total Time": 52.64,
                      "Actual Rows": 541838,
                      "Actual Loops": 1,
                      "Index Cond": "(keyword_id > 33883)"
                    }
                  ]
                }
              ]
            }
          ]
        }
      ]
    },
    "Planning Time": 0.158,
    "Triggers": [],
    "Execution Time": 145.949
  }
]