[
  {
    "Plan": {
      "Node Type": "Aggregate",
      "Strategy": "Plain",
      "Partial Mode": "Finalize",
      "Parallel Aware": false,
      "Startup Cost": 46499.45,
      "Total Cost": 46499.46,
      "Plan Rows": 1,
      "Plan Width": 8,
      "Actual Startup Time": 212.745,
      "Actual Total Time": 224.343,
      "Actual Rows": 1,
      "Actual Loops": 1,
      "Plans": [
        {
          "Node Type": "Gather",
          "Parent Relationship": "Outer",
          "Parallel Aware": false,
          "Startup Cost": 46499.13,
          "Total Cost": 46499.44,
          "Plan Rows": 3,
          "Plan Width": 8,
          "Actual Startup Time": 212.591,
          "Actual Total Time": 224.333,
          "Actual Rows": 4,
          "Actual Loops": 1,
          "Workers Planned": 3,
          "Workers Launched": 3,
          "Single Copy": false,
          "Plans": [
            {
              "Node Type": "Aggregate",
              "Strategy": "Plain",
              "Partial Mode": "Partial",
              "Parent Relationship": "Outer",
              "Parallel Aware": false,
              "Startup Cost": 45499.13,
              "Total Cost": 45499.14,
              "Plan Rows": 1,
              "Plan Width": 8,
              "Actual Startup Time": 206.528,
              "Actual Total Time": 206.53,
              "Actual Rows": 1,
              "Actual Loops": 4,
              "Plans": [
                {
                  "Node Type": "Seq Scan",
                  "Parent Relationship": "Outer",
                  "Parallel Aware": true,
                  "Relation Name": "movie_keyword",
                  "Alias": "mk",
                  "Startup Cost": 0.0,
                  "Total Cost": 42695.65,
                  "Plan Rows": 1121391,
                  "Plan Width": 0,
                  "Actual Startup Time": 0.081,
                  "Actual Total Time": 153.629,
                  "Actual Rows": 867768,
                  "Actual Loops": 4,
                  "Filter": "(keyword_id > 1047)",
                  "Rows Removed by Filter": 263214
                }
              ]
            }
          ]
        }
      ]
    },
    "Planning Time": 0.095,
    "Triggers": [],
    "Execution Time": 224.373
  }
]