[
  {
    "Plan": {
      "Node Type": "Aggregate",
      "Strategy": "Plain",
      "Partial Mode": "Finalize",
      "Parallel Aware": false,
      "Startup Cost": 45891.96,
      "Total Cost": 45891.97,
      "Plan Rows": 1,
      "Plan Width": 8,
      "Actual Startup Time": 164.918,
      "Actual Total Time": 175.553,
      "Actual Rows": 1,
      "Actual Loops": 1,
      "Plans": [
        {
          "Node Type": "Gather",
          "Parent Relationship": "Outer",
          "Parallel Aware": false,
          "Startup Cost": 45891.65,
          "Total Cost": 45891.96,
          "Plan Rows": 3,
          "Plan Width": 8,
          "Actual Startup Time": 164.788,
          "Actual Total Time": 175.544,
          "Actual Rows": 4,
          "Actual Loops": 1,
          "Workers Planned": 3,
          "Workers Launched": 3,
          "Single Copy": false,
          "Plans": [
            {
              "Node Type": "Aggregate",
              "Strategy": "Plain",
              "Partial Mode": "Partial",
              "Parent Relationship": "Outer",
              "Parallel Aware": false,
              "Startup Cost": 44891.65,
              "Total Cost": 44891.66,
              "Plan Rows": 1,
              "Plan Width": 8,
              "Actual Startup Time": 157.844,
              "Actual Total Time": 157.846,
              "Actual Rows": 1,
              "Actual Loops": 4,
              "Plans": [
                {
                  "Node Type": "Seq Scan",
                  "Parent Relationship": "Outer",
                  "Parallel Aware": true,
                  "Relation Name": "movie_keyword",
                  "Alias": "mk",
                  "Startup Cost": 0.0,
                  "Total Cost": 42695.65,
                  "Plan Rows": 878397,
                  "Plan Width": 0,
                  "Actual Startup Time": 0.044,
                  "Actual Total Time": 125.312,
                  "Actual Rows": 682923,
                  "Actual Loops": 4,
                  "Filter": "(keyword_id < 7765)",
                  "Rows Removed by Filter": 448060
                }
              ]
            }
          ]
        }
      ]
    },
    "Planning Time": 0.122,
    "Triggers": [],
    "Execution Time": 175.592
  }
]