[
  {
    "Plan": {
      "Node Type": "Aggregate",
      "Strategy": "Plain",
      "Partial Mode": "Simple",
      "Parallel Aware": false,
      "Startup Cost": 5016.39,
      "Total Cost": 5016.4,
      "Plan Rows": 1,
      "Plan Width": 8,
      "Actual Startup Time": 21.866,
      "Actual Total Time": 21.869,
      "Actual Rows": 1,
      "Actual Loops": 1,
      "Plans": [
        {
          "Node Type": "Nested Loop",
          "Parent Relationship": "Outer",
          "Parallel Aware": false,
          "Join Type": "Inner",
          "Startup Cost": 0.99,
          "Total Cost": 5015.66,
          "Plan Rows": 295,
          "Plan Width": 0,
          "Actual Startup Time": 19.708,
          "Actual Total Time": 21.795,
          "Actual Rows": 264,
          "Actual Loops": 1,
          "Inner Unique": true,
          "Plans": [
            {
              "Node Type": "Index Scan",
              "Parent Relationship": "Outer",
              "Parallel Aware": false,
              "Scan Direction": "Forward",
              "Index Name": "person_id_cast_info",
              "Relation Name": "cast_info",
              "Alias": "ci",
              "Startup Cost": 0.56,
              "Total Cost": 985.86,
              "Plan Rows": 484,
              "Plan Width": 4,
              "Actual Startup Time": 19.616,
              "Actual Total Time": 19.769,
              "Actual Rows": 269,
              "Actual Loops": 1,
              "Index Cond": "(person_id = 1492697)",
              "Rows Removed by Index Recheck": 0
            },
            {
              "Node Type": "Index Scan",
              "Parent Relationship": "Inner",
              "Parallel Aware": false,
              "Scan Direction": "Forward",
              "Index Name": "title_pkey",
              "Relation Name": "title",
              "Alias": "t",
              "Startup Cost": 0.43,
              "Total Cost": 8.33,
              "Plan Rows": 1,
              "Plan Width": 4,
              "Actual Startup Time": 0.006,
              "Actual Total Time": 0.006,
              "Actual Rows": 1,
              "Actual Loops": 269,
              "Index Cond": "(id = ci.movie_id)",
              "Rows Removed by Index Recheck": 0,
              "Filter": "(kind_id = 7)",
              "Rows Removed by Filter": 0
            }
          ]
        }
      ]
    },
    "Planning Time": 0.423,
    "Triggers": [],
    "Execution Time": 21.914
  }
]