{
  "Plan": {
    "Node Type": "Aggregate",
    "Strategy": "Plain",
    "Partial Mode": "Finalize",
    "Parallel Aware": false,
    "Startup Cost": 119135.39,
    "Total Cost": 119135.4,
    "Plan Rows": 1,
    "Plan Width": 8,
    "Actual Startup Time": 435.886,
    "Actual Total Time": 447.53,
    "Actual Rows": 1,
    "Actual Loops": 1,
    "Plans": [
      {
        "Node Type": "Gather",
        "Parent Relationship": "Outer",
        "Parallel Aware": false,
        "Startup Cost": 119135.28,
        "Total Cost": 119135.39,
        "Plan Rows": 1,
        "Plan Width": 8,
        "Actual Startup Time": 434.774,
        "Actual Total Time": 447.52,
        "Actual Rows": 2,
        "Actual Loops": 1,
        "Workers Planned": 1,
        "Workers Launched": 1,
        "Single Copy": false,
        "Plans": [
          {
            "Node Type": "Aggregate",
            "Strategy": "Plain",
            "Partial Mode": "Partial",
            "Parent Relationship": "Outer",
            "Parallel Aware": false,
            "Startup Cost": 118135.28,
            "Total Cost": 118135.29,
            "Plan Rows": 1,
            "Plan Width": 8,
            "Actual Startup Time": 429.835,
            "Actual Total Time": 429.839,
            "Actual Rows": 1,
            "Actual Loops": 2,
            "Plans": [
              {
                "Node Type": "Hash Join",
                "Parent Relationship": "Outer",
                "Parallel Aware": true,
                "Join Type": "Inner",
                "Startup Cost": 57220.71,
                "Total Cost": 117657.45,
                "Plan Rows": 191132,
                "Plan Width": 0,
                "Actual Startup Time": 192.789,
                "Actual Total Time": 417.635,
                "Actual Rows": 298758,
                "Actual Loops": 2,
                "Inner Unique": true,
                "Hash Cond": "(mk.movie_id = t.id)",
                "Plans": [
                  {
                    "Node Type": "Seq Scan",
                    "Parent Relationship": "Outer",
                    "Parallel Aware": true,
                    "Relation Name": "movie_keyword",
                    "Alias": "mk",
                    "Startup Cost": 0.0,
                    "Total Cost": 57718.19,
                    "Plan Rows": 1035638,
                    "Plan Width": 4,
                    "Actual Startup Time": 0.017,
                    "Actual Total Time": 169.414,
                    "Actual Rows": 886716,
                    "Actual Loops": 2,
                    "Filter": "(keyword_id < 2879)",
                    "Rows Removed by Filter": 1375249
                  },
                  {
                    "Node Type": "Hash",
                    "Parent Relationship": "Inner",
                    "Parallel Aware": true,
                    "Startup Cost": 53789.76,
                    "Total Cost": 53789.76,
                    "Plan Rows": 274476,
                    "Plan Width": 4,
                    "Actual Startup Time": 139.298,
                    "Actual Total Time": 139.299,
                    "Actual Rows": 170373,
                    "Actual Loops": 2,
                    "Hash Buckets": 524288,
                    "Original Hash Buckets": 524288,
                    "Hash Batches": 1,
                    "Original Hash Batches": 1,
                    "Peak Memory Usage": 17472,
                    "Plans": [
                      {
                        "Node Type": "Bitmap Heap Scan",
                        "Parent Relationship": "Outer",
                        "Parallel Aware": true,
                        "Relation Name": "title",
                        "Alias": "t",
                        "Startup Cost": 11939.5,
                        "Total Cost": 53789.76,
                        "Plan Rows": 274476,
                        "Plan Width": 4,
                        "Actual Startup Time": 35.252,
                        "Actual Total Time": 100.825,
                        "Actual Rows": 170373,
                        "Actual Loops": 2,
                        "Recheck Cond": "(kind_id < 2)",
                        "Rows Removed by Index Recheck": 0,
                        "Filter": "(production_year > 1989)",
                        "Rows Removed by Filter": 161040,
                        "Exact Heap Blocks": 8208,
                        "Lossy Heap Blocks": 0,
                        "Plans": [
                          {
                            "Node Type": "Bitmap Index Scan",
                            "Parent Relationship": "Outer",
                            "Parallel Aware": false,
                            "Index Name": "kind_id_title",
                            "Startup Cost": 0.0,
                            "Total Cost": 11822.85,
                            "Plan Rows": 663256,
                            "Plan Width": 0,
                            "Actual Startup Time": 33.474,
                            "Actual Total Time": 33.474,
                            "Actual Rows": 662825,
                            "Actual Loops": 1,
                            "Index Cond": "(kind_id < 2)"
                          }
                        ]
                      }
                    ]
                  }
                ]
              }
            ]
          }
        ]
      }
    ]
  },
  "Planning Time": 0.729,
  "Triggers": [],
  "Execution Time": 447.666
}