{
  "Plan": {
    "Node Type": "Aggregate",
    "Strategy": "Plain",
    "Partial Mode": "Finalize",
    "Parallel Aware": false,
    "Startup Cost": 565399.51,
    "Total Cost": 565399.52,
    "Plan Rows": 1,
    "Plan Width": 8,
    "Actual Startup Time": 4408.055,
    "Actual Total Time": 4457.03,
    "Actual Rows": 1,
    "Actual Loops": 1,
    "Plans": [
      {
        "Node Type": "Gather",
        "Parent Relationship": "Outer",
        "Parallel Aware": false,
        "Startup Cost": 565399.39,
        "Total Cost": 565399.5,
        "Plan Rows": 1,
        "Plan Width": 8,
        "Actual Startup Time": 4400.018,
        "Actual Total Time": 4457.022,
        "Actual Rows": 2,
        "Actual Loops": 1,
        "Workers Planned": 1,
        "Workers Launched": 1,
        "Single Copy": false,
        "Plans": [
          {
            "Node Type": "Aggregate",
            "Strategy": "Plain",
            "Partial Mode": "Partial",
            "Parent Relationship": "Outer",
            "Parallel Aware": false,
            "Startup Cost": 564399.39,
            "Total Cost": 564399.4,
            "Plan Rows": 1,
            "Plan Width": 8,
            "Actual Startup Time": 4386.565,
            "Actual Total Time": 4386.572,
            "Actual Rows": 1,
            "Actual Loops": 2,
            "Plans": [
              {
                "Node Type": "Hash Join",
                "Parent Relationship": "Outer",
                "Parallel Aware": true,
                "Join Type": "Inner",
                "Startup Cost": 466749.76,
                "Total Cost": 554474.2,
                "Plan Rows": 3970079,
                "Plan Width": 0,
                "Actual Startup Time": 2598.992,
                "Actual Total Time": 3908.787,
                "Actual Rows": 12070100,
                "Actual Loops": 2,
                "Inner Unique": false,
                "Hash Cond": "(mk.movie_id = t.id)",
                "Plans": [
                  {
                    "Node Type": "Seq Scan",
                    "Parent Relationship": "Outer",
                    "Parallel Aware": true,
                    "Relation Name": "movie_keyword",
                    "Alias": "mk",
                    "Startup Cost": 0.0,
                    "Total Cost": 51065.35,
                    "Plan Rows": 2661135,
                    "Plan Width": 4,
                    "Actual Startup Time": 0.02,
                    "Actual Total Time": 160.67,
                    "Actual Rows": 2261965,
                    "Actual Loops": 2
                  },
                  {
                    "Node Type": "Hash",
                    "Parent Relationship": "Inner",
                    "Parallel Aware": true,
                    "Startup Cost": 439015.23,
                    "Total Cost": 439015.23,
                    "Plan Rows": 2218762,
                    "Plan Width": 8,
                    "Actual Startup Time": 2576.905,
                    "Actual Total Time": 2576.91,
                    "Actual Rows": 1951448,
                    "Actual Loops": 2,
                    "Hash Buckets": 4194304,
                    "Original Hash Buckets": 4194304,
                    "Hash Batches": 1,
                    "Original Hash Batches": 1,
                    "Peak Memory Usage": 185472,
                    "Plans": [
                      {
                        "Node Type": "Hash Join",
                        "Parent Relationship": "Outer",
                        "Parallel Aware": true,
                        "Join Type": "Inner",
                        "Startup Cost": 152769.45,
                        "Total Cost": 439015.23,
                        "Plan Rows": 2218762,
                        "Plan Width": 8,
                        "Actual Startup Time": 711.005,
                        "Actual Total Time": 1924.603,
                        "Actual Rows": 1951448,
                        "Actual Loops": 2,
                        "Inner Unique": true,
                        "Hash Cond": "(ci.movie_id = t.id)",
                        "Plans": [
                          {
                            "Node Type": "Bitmap Heap Scan",
                            "Parent Relationship": "Outer",
                            "Parallel Aware": true,
                            "Relation Name": "cast_info",
                            "Alias": "ci",
                            "Startup Cost": 83308.75,
                            "Total Cost": 363730.27,
                            "Plan Rows": 2218762,
                            "Plan Width": 4,
                            "Actual Startup Time": 146.297,
                            "Actual Total Time": 370.364,
                            "Actual Rows": 1951448,
                            "Actual Loops": 2,
                            "Recheck Cond": "(person_id < 373607)",
                            "Rows Removed by Index Recheck": 0,
                            "Exact Heap Blocks": 21418,
                            "Lossy Heap Blocks": 0,
                            "Plans": [
                              {
                                "Node Type": "Bitmap Index Scan",
                                "Parent Relationship": "Outer",
                                "Parallel Aware": false,
                                "Index Name": "person_id_cast_info",
                                "Startup Cost": 0.0,
                                "Total Cost": 82365.78,
                                "Plan Rows": 3771895,
                                "Plan Width": 0,
                                "Actual Startup Time": 139.624,
                                "Actual Total Time": 139.624,
                                "Actual Rows": 3902896,
                                "Actual Loops": 1,
                                "Index Cond": "(person_id < 373607)"
                              }
                            ]
                          },
                          {
                            "Node Type": "Hash",
                            "Parent Relationship": "Inner",
                            "Parallel Aware": true,
                            "Startup Cost": 50870.31,
                            "Total Cost": 50870.31,
                            "Plan Rows": 1487231,
                            "Plan Width": 4,
                            "Actual Startup Time": 553.213,
                            "Actual Total Time": 553.214,
                            "Actual Rows": 1264156,
                            "Actual Loops": 2,
                            "Hash Buckets": 4194304,
                            "Original Hash Buckets": 4194304,
                            "Hash Batches": 1,
                            "Original Hash Batches": 1,
                            "Peak Memory Usage": 131680,
                            "Plans": [
                              {
                                "Node Type": "Seq Scan",
                                "Parent Relationship": "Outer",
                                "Parallel Aware": true,
                                "Relation Name": "title",
                                "Alias": "t",
                                "Startup Cost": 0.0,
                                "Total Cost": 50870.31,
                                "Plan Rows": 1487231,
                                "Plan Width": 4,
                                "Actual Startup Time": 0.034,
                                "Actual Total Time": 161.349,
                                "Actual Rows": 1264156,
                                "Actual Loops": 2
                              }
                            ]
                          }
                        ]
                      }
                    ]
                  }
                ]
              }
            ]
          }
        ]
      }
    ]
  },
  "Planning Time": 1.102,
  "Triggers": [],
  "Execution Time": 4457.133
}