[
  {
    "Plan": {
      "Node Type": "Aggregate",
      "Strategy": "Plain",
      "Partial Mode": "Finalize",
      "Parallel Aware": false,
      "Startup Cost": 105603.8,
      "Total Cost": 105603.81,
      "Plan Rows": 1,
      "Plan Width": 8,
      "Actual Startup Time": 765.308,
      "Actual Total Time": 785.274,
      "Actual Rows": 1,
      "Actual Loops": 1,
      "Plans": [
        {
          "Node Type": "Gather",
          "Parent Relationship": "Outer",
          "Parallel Aware": false,
          "Startup Cost": 105603.59,
          "Total Cost": 105603.8,
          "Plan Rows": 2,
          "Plan Width": 8,
          "Actual Startup Time": 755.225,
          "Actual Total Time": 785.263,
          "Actual Rows": 3,
          "Actual Loops": 1,
          "Workers Planned": 2,
          "Workers Launched": 2,
          "Single Copy": false,
          "Plans": [
            {
              "Node Type": "Aggregate",
              "Strategy": "Plain",
              "Partial Mode": "Partial",
              "Parent Relationship": "Outer",
              "Parallel Aware": false,
              "Startup Cost": 104603.59,
              "Total Cost": 104603.6,
              "Plan Rows": 1,
              "Plan Width": 8,
              "Actual Startup Time": 740.379,
              "Actual Total Time": 740.385,
              "Actual Rows": 1,
              "Actual Loops": 3,
              "Plans": [
                {
                  "Node Type": "Hash Join",
                  "Parent Relationship": "Outer",
                  "Parallel Aware": true,
                  "Join Type": "Inner",
                  "Startup Cost": 88178.42,
                  "Total Cost": 104348.73,
                  "Plan Rows": 101945,
                  "Plan Width": 0,
                  "Actual Startup Time": 612.518,
                  "Actual Total Time": 727.65,
                  "Actual Rows": 312799,
                  "Actual Loops": 3,
                  "Inner Unique": false,
                  "Hash Cond": "(mi_idx.movie_id = t.id)",
                  "Plans": [
                    {
                      "Node Type": "Seq Scan",
                      "Parent Relationship": "Outer",
                      "Parallel Aware": true,
                      "Relation Name": "movie_info_idx",
                      "Alias": "mi_idx",
                      "Startup Cost": 0.0,
                      "Total Cost": 13685.15,
                      "Plan Rows": 575015,
                      "Plan Width": 4,
                      "Actual Startup Time": 0.027,
                      "Actual Total Time": 34.861,
                      "Actual Rows": 460012,
                      "Actual Loops": 3
                    },
                    {
                      "Node Type": "Hash",
                      "Parent Relationship": "Inner",
                      "Parallel Aware": true,
                      "Startup Cost": 86370.98,
                      "Total Cost": 86370.98,
                      "Plan Rows": 144595,
                      "Plan Width": 8,
                      "Actual Startup Time": 609.607,
                      "Actual Total Time": 609.611,
                      "Actual Rows": 155134,
                      "Actual Loops": 3,
                      "Hash Buckets": 524288,
                      "Original Hash Buckets": 524288,
                      "Hash Batches": 1,
                      "Original Hash Batches": 1,
                      "Peak Memory Usage": 22336,
                      "Plans": [
                        {
                          "Node Type": "Hash Join",
                          "Parent Relationship": "Outer",
                          "Parallel Aware": true,
                          "Join Type": "Inner",
                          "Startup Cost": 59729.98,
                          "Total Cost": 86370.98,
                          "Plan Rows": 144595,
                          "Plan Width": 8,
                          "Actual Startup Time": 444.323,
                          "Actual Total Time": 568.118,
                          "Actual Rows": 155134,
                          "Actual Loops": 3,
                          "Inner Unique": true,
                          "Hash Cond": "(mk.movie_id = t.id)",
                          "Plans": [
                            {
                              "Node Type": "Bitmap Heap Scan",
                              "Parent Relationship": "Outer",
                              "Parallel Aware": true,
                              "Relation Name": "movie_keyword",
                              "Alias": "mk",
                              "Startup Cost": 9510.33,
                              "Total Cost": 35771.77,
                              "Plan Rows": 144595,
                              "Plan Width": 4,
                              "Actual Startup Time": 28.027,
                              "Actual Total Time": 88.831,
                              "Actual Rows": 155134,
                              "Actual Loops": 3,
                              "Recheck Cond": "(keyword_id < 355)",
                              "Rows Removed by Index Recheck": 0,
                              "Exact Heap Blocks": 8672,
                              "Lossy Heap Blocks": 0,
                              "Plans": [
                                {
                                  "Node Type": "Bitmap Index Scan",
                                  "Parent Relationship": "Outer",
                                  "Parallel Aware": false,
                                  "Index Name": "keyword_id_movie_keyword",
                                  "Startup Cost": 0.0,
                                  "Total Cost": 9398.27,
                                  "Plan Rows": 448245,
                                  "Plan Width": 0,
                                  "Actual Startup Time": 24.403,
                                  "Actual Total Time": 24.404,
                                  "Actual Rows": 465401,
                                  "Actual Loops": 1,
                                  "Index Cond": "(keyword_id < 355)"
                                }
                              ]
                            },
                            {
                              "Node Type": "Hash",
                              "Parent Relationship": "Inner",
                              "Parallel Aware": true,
                              "Startup Cost": 42318.73,
                              "Total Cost": 42318.73,
                              "Plan Rows": 632073,
                              "Plan Width": 4,
                              "Actual Startup Time": 406.863,
                              "Actual Total Time": 406.863,
                              "Actual Rows": 842771,
                              "Actual Loops": 3,
                              "Hash Buckets": 4194304,
                              "Original Hash Buckets": 4194304,
                              "Hash Batches": 1,
                              "Original Hash Batches": 1,
                              "Peak Memory Usage": 131744,
                              "Plans": [
                                {
                                  "Node Type": "Seq Scan",
                                  "Parent Relationship": "Outer",
                                  "Parallel Aware": true,
                                  "Relation Name": "title",
                                  "Alias": "t",
                                  "Startup Cost": 0.0,
                                  "Total Cost": 42318.73,
                                  "Plan Rows": 632073,
                                  "Plan Width": 4,
                                  "Actual Startup Time": 0.031,
                                  "Actual Total Time": 117.761,
                                  "Actual Rows": 842771,
                                  "Actual Loops": 3
                                }
                              ]
                            }
                          ]
                        }
                      ]
                    }
                  ]
                }
              ]
            }
          ]
        }
      ]
    },
    "Planning Time": 0.69,
    "Triggers": [],
    "Execution Time": 785.349
  }
]