[
  {
    "Plan": {
      "Node Type": "Aggregate",
      "Strategy": "Plain",
      "Partial Mode": "Finalize",
      "Parallel Aware": false,
      "Startup Cost": 451716.28,
      "Total Cost": 451716.29,
      "Plan Rows": 1,
      "Plan Width": 8,
      "Actual Startup Time": 1234.655,
      "Actual Total Time": 1312.781,
      "Actual Rows": 1,
      "Actual Loops": 1,
      "Plans": [
        {
          "Node Type": "Gather",
          "Parent Relationship": "Outer",
          "Parallel Aware": false,
          "Startup Cost": 451715.66,
          "Total Cost": 451716.27,
          "Plan Rows": 6,
          "Plan Width": 8,
          "Actual Startup Time": 1226.903,
          "Actual Total Time": 1312.77,
          "Actual Rows": 7,
          "Actual Loops": 1,
          "Workers Planned": 6,
          "Workers Launched": 6,
          "Single Copy": false,
          "Plans": [
            {
              "Node Type": "Aggregate",
              "Strategy": "Plain",
              "Partial Mode": "Partial",
              "Parent Relationship": "Outer",
              "Parallel Aware": false,
              "Startup Cost": 450715.66,
              "Total Cost": 450715.67,
              "Plan Rows": 1,
              "Plan Width": 8,
              "Actual Startup Time": 1215.777,
              "Actual Total Time": 1215.975,
              "Actual Rows": 1,
              "Actual Loops": 7,
              "Plans": [
                {
                  "Node Type": "Hash Join",
                  "Parent Relationship": "Outer",
                  "Parallel Aware": true,
                  "Join Type": "Inner",
                  "Startup Cost": 96646.54,
                  "Total Cost": 448974.56,
                  "Plan Rows": 696439,
                  "Plan Width": 0,
                  "Actual Startup Time": 637.604,
                  "Actual Total Time": 1197.246,
                  "Actual Rows": 419990,
                  "Actual Loops": 7,
                  "Inner Unique": false,
                  "Hash Cond": "(ci.movie_id = t.id)",
                  "Plans": [
                    {
                      "Node Type": "Seq Scan",
                      "Parent Relationship": "Outer",
                      "Parallel Aware": true,
                      "Relation Name": "cast_info",
                      "Alias": "ci",
                      "Startup Cost": 0.0,
                      "Total Cost": 343257.03,
                      "Plan Rows": 1819843,
                      "Plan Width": 4,
                      "Actual Startup Time": 334.871,
                      "Actual Total Time": 652.594,
                      "Actual Rows": 1824489,
                      "Actual Loops": 7,
                      "Filter": "((person_id > 1188499) AND (role_id > 2))",
                      "Rows Removed by Filter": 3353274
                    },
                    {
                      "Node Type": "Hash",
                      "Parent Relationship": "Inner",
                      "Parallel Aware": true,
                      "Startup Cost": 92745.1,
                      "Total Cost": 92745.1,
                      "Plan Rows": 312115,
                      "Plan Width": 8,
                      "Actual Startup Time": 299.312,
                      "Actual Total Time": 299.509,
                      "Actual Rows": 29326,
                      "Actual Loops": 7,
                      "Hash Buckets": 1048576,
                      "Original Hash Buckets": 1048576,
                      "Hash Batches": 1,
                      "Original Hash Batches": 1,
                      "Peak Memory Usage": 16352,
                      "Plans": [
                        {
                          "Node Type": "Hash Join",
                          "Parent Relationship": "Outer",
                          "Parallel Aware": true,
                          "Join Type": "Inner",
                          "Startup Cost": 48701.62,
                          "Total Cost": 92745.1,
                          "Plan Rows": 312115,
                          "Plan Width": 8,
                          "Actual Startup Time": 185.09,
                          "Actual Total Time": 286.467,
                          "Actual Rows": 29326,
                          "Actual Loops": 7,
                          "Inner Unique": true,
                          "Hash Cond": "(mk.movie_id = t.id)",
                          "Plans": [
                            {
                              "Node Type": "Seq Scan",
                              "Parent Relationship": "Outer",
                              "Parallel Aware": true,
                              "Relation Name": "movie_keyword",
                              "Alias": "mk",
                              "Startup Cost": 0.0,
                              "Total Cost": 42695.65,
                              "Plan Rows": 513460,
                              "Plan Width": 4,
                              "Actual Startup Time": 0.032,
                              "Actual Total Time": 62.863,
                              "Actual Rows": 229456,
                              "Actual Loops": 7,
                              "Filter": "(keyword_id < 2488)",
                              "Rows Removed by Filter": 416820
                            },
                            {
                              "Node Type": "Hash",
                              "Parent Relationship": "Inner",
                              "Parallel Aware": true,
                              "Startup Cost": 43898.92,
                              "Total Cost": 43898.92,
                              "Plan Rows": 384216,
                              "Plan Width": 4,
                              "Actual Startup Time": 182.27,
                              "Actual Total Time": 182.271,
                              "Actual Rows": 220466,
                              "Actual Loops": 7,
                              "Hash Buckets": 2097152,
                              "Original Hash Buckets": 2097152,
                              "Hash Batches": 1,
                              "Original Hash Batches": 1,
                              "Peak Memory Usage": 76896,
                              "Plans": [
                                {
                                  "Node Type": "Seq Scan",
                                  "Parent Relationship": "Outer",
                                  "Parallel Aware": true,
                                  "Relation Name": "title",
                                  "Alias": "t",
                                  "Startup Cost": 0.0,
                                  "Total Cost": 43898.92,
                                  "Plan Rows": 384216,
                                  "Plan Width": 4,
                                  "Actual Startup Time": 0.075,
                                  "Actual Total Time": 74.156,
                                  "Actual Rows": 220466,
                                  "Actual Loops": 7,
                                  "Filter": "(kind_id = 7)",
                                  "Rows Removed by Filter": 140721
                                }
                              ]
                            }
                          ]
                        }
                      ]
                    }
                  ]
                }
              ]
            }
          ]
        }
      ]
    },
    "Planning Time": 1.343,
    "Triggers": [],
    "Execution Time": 1312.876
  }
]