[
  {
    "Plan": {
      "Node Type": "Aggregate",
      "Strategy": "Plain",
      "Partial Mode": "Finalize",
      "Parallel Aware": false,
      "Startup Cost": 215209.24,
      "Total Cost": 215209.25,
      "Plan Rows": 1,
      "Plan Width": 8,
      "Actual Startup Time": 1608.775,
      "Actual Total Time": 1670.596,
      "Actual Rows": 1,
      "Actual Loops": 1,
      "Plans": [
        {
          "Node Type": "Gather",
          "Parent Relationship": "Outer",
          "Parallel Aware": false,
          "Startup Cost": 215208.82,
          "Total Cost": 215209.23,
          "Plan Rows": 4,
          "Plan Width": 8,
          "Actual Startup Time": 1607.322,
          "Actual Total Time": 1670.586,
          "Actual Rows": 5,
          "Actual Loops": 1,
          "Workers Planned": 4,
          "Workers Launched": 4,
          "Single Copy": false,
          "Plans": [
            {
              "Node Type": "Aggregate",
              "Strategy": "Plain",
              "Partial Mode": "Partial",
              "Parent Relationship": "Outer",
              "Parallel Aware": false,
              "Startup Cost": 214208.82,
              "Total Cost": 214208.83,
              "Plan Rows": 1,
              "Plan Width": 8,
              "Actual Startup Time": 1597.269,
              "Actual Total Time": 1597.272,
              "Actual Rows": 1,
              "Actual Loops": 5,
              "Plans": [
                {
                  "Node Type": "Nested Loop",
                  "Parent Relationship": "Outer",
                  "Parallel Aware": false,
                  "Join Type": "Inner",
                  "Startup Cost": 32568.28,
                  "Total Cost": 213206.35,
                  "Plan Rows": 400987,
                  "Plan Width": 0,
                  "Actual Startup Time": 97.955,
                  "Actual Total Time": 1502.411,
                  "Actual Rows": 2074419,
                  "Actual Loops": 5,
                  "Inner Unique": false,
                  "Plans": [
                    {
                      "Node Type": "Hash Join",
                      "Parent Relationship": "Outer",
                      "Parallel Aware": true,
                      "Join Type": "Inner",
                      "Startup Cost": 32567.84,
                      "Total Cost": 79719.66,
                      "Plan Rows": 68576,
                      "Plan Width": 8,
                      "Actual Startup Time": 97.864,
                      "Actual Total Time": 343.568,
                      "Actual Rows": 83407,
                      "Actual Loops": 5,
                      "Inner Unique": false,
                      "Hash Cond": "(t.id = mc.movie_id)",
                      "Plans": [
                        {
                          "Node Type": "Seq Scan",
                          "Parent Relationship": "Outer",
                          "Parallel Aware": true,
                          "Relation Name": "title",
                          "Alias": "t",
                          "Startup Cost": 0.0,
                          "Total Cost": 43898.92,
                          "Plan Rows": 606336,
                          "Plan Width": 4,
                          "Actual Startup Time": 0.018,
                          "Actual Total Time": 84.562,
                          "Actual Rows": 484234,
                          "Actual Loops": 5,
                          "Filter": "(production_year > 1911)",
                          "Rows Removed by Filter": 21429
                        },
                        {
                          "Node Type": "Hash",
                          "Parent Relationship": "Inner",
                          "Parallel Aware": true,
                          "Startup Cost": 31414.82,
                          "Total Cost": 31414.82,
                          "Plan Rows": 92242,
                          "Plan Width": 4,
                          "Actual Startup Time": 94.884,
                          "Actual Total Time": 94.884,
                          "Actual Rows": 83589,
                          "Actual Loops": 5,
                          "Hash Buckets": 524288,
                          "Original Hash Buckets": 524288,
                          "Hash Batches": 1,
                          "Original Hash Batches": 1,
                          "Peak Memory Usage": 20544,
                          "Plans": [
                            {
                              "Node Type": "Seq Scan",
                              "Parent Relationship": "Outer",
                              "Parallel Aware": true,
                              "Relation Name": "movie_companies",
                              "Alias": "mc",
                              "Startup Cost": 0.0,
                              "Total Cost": 31414.82,
                              "Plan Rows": 92242,
                              "Plan Width": 4,
                              "Actual Startup Time": 0.045,
                              "Actual Total Time": 63.186,
                              "Actual Rows": 83589,
                              "Actual Loops": 5,
                              "Filter": "((company_id < 624) AND (company_type_id < 2))",
                              "Rows Removed by Filter": 438237
                            }
                          ]
                        }
                      ]
                    },
                    {
                      "Node Type": "Index Only Scan",
                      "Parent Relationship": "Inner",
                      "Parallel Aware": false,
                      "Scan Direction": "Forward",
                      "Index Name": "movie_id_movie_info",
                      "Relation Name": "movie_info",
                      "Alias": "mi",
                      "Startup Cost": 0.43,
                      "Total Cost": 1.53,
                      "Plan Rows": 42,
                      "Plan Width": 4,
                      "Actual Startup Time": 0.004,
                      "Actual Total Time": 0.012,
                      "Actual Rows": 25,
                      "Actual Loops": 417034,
                      "Index Cond": "(movie_id = t.id)",
                      "Rows Removed by Index Recheck": 0,
                      "Heap Fetches": 10372095
                    }
                  ]
                }
              ]
            }
          ]
        }
      ]
    },
    "Planning Time": 1.472,
    "Triggers": [],
    "Execution Time": 1670.706
  }
]