{
  "Plan": {
    "Node Type": "Aggregate",
    "Strategy": "Plain",
    "Partial Mode": "Finalize",
    "Parallel Aware": false,
    "Startup Cost": 264792.75,
    "Total Cost": 264792.76,
    "Plan Rows": 1,
    "Plan Width": 8,
    "Actual Startup Time": 876.043,
    "Actual Total Time": 896.358,
    "Actual Rows": 1,
    "Actual Loops": 1,
    "Plans": [
      {
        "Node Type": "Gather",
        "Parent Relationship": "Outer",
        "Parallel Aware": false,
        "Startup Cost": 264792.64,
        "Total Cost": 264792.75,
        "Plan Rows": 1,
        "Plan Width": 8,
        "Actual Startup Time": 871.366,
        "Actual Total Time": 896.352,
        "Actual Rows": 2,
        "Actual Loops": 1,
        "Workers Planned": 1,
        "Workers Launched": 1,
        "Single Copy": false,
        "Plans": [
          {
            "Node Type": "Aggregate",
            "Strategy": "Plain",
            "Partial Mode": "Partial",
            "Parent Relationship": "Outer",
            "Parallel Aware": false,
            "Startup Cost": 263792.64,
            "Total Cost": 263792.65,
            "Plan Rows": 1,
            "Plan Width": 8,
            "Actual Startup Time": 858.171,
            "Actual Total Time": 858.175,
            "Actual Rows": 1,
            "Actual Loops": 2,
            "Plans": [
              {
                "Node Type": "Hash Join",
                "Parent Relationship": "Outer",
                "Parallel Aware": true,
                "Join Type": "Inner",
                "Startup Cost": 90028.37,
                "Total Cost": 262122.96,
                "Plan Rows": 667874,
                "Plan Width": 0,
                "Actual Startup Time": 571.56,
                "Actual Total Time": 834.829,
                "Actual Rows": 544756,
                "Actual Loops": 2,
                "Inner Unique": true,
                "Hash Cond": "(mi.movie_id = t.id)",
                "Plans": [
                  {
                    "Node Type": "Bitmap Heap Scan",
                    "Parent Relationship": "Outer",
                    "Parallel Aware": true,
                    "Relation Name": "movie_info",
                    "Alias": "mi",
                    "Startup Cost": 20567.67,
                    "Total Cost": 190909.09,
                    "Plan Rows": 667874,
                    "Plan Width": 4,
                    "Actual Startup Time": 45.407,
                    "Actual Total Time": 135.755,
                    "Actual Rows": 544756,
                    "Actual Loops": 2,
                    "Recheck Cond": "(info_type_id > 67)",
                    "Rows Removed by Index Recheck": 0,
                    "Exact Heap Blocks": 18981,
                    "Lossy Heap Blocks": 0,
                    "Plans": [
                      {
                        "Node Type": "Bitmap Index Scan",
                        "Parent Relationship": "Outer",
                        "Parallel Aware": false,
                        "Index Name": "info_type_id_movie_info",
                        "Startup Cost": 0.0,
                        "Total Cost": 20283.82,
                        "Plan Rows": 1135385,
                        "Plan Width": 0,
                        "Actual Startup Time": 39.848,
                        "Actual Total Time": 39.849,
                        "Actual Rows": 1089512,
                        "Actual Loops": 1,
                        "Index Cond": "(info_type_id > 67)"
                      }
                    ]
                  },
                  {
                    "Node Type": "Hash",
                    "Parent Relationship": "Inner",
                    "Parallel Aware": true,
                    "Startup Cost": 50870.31,
                    "Total Cost": 50870.31,
                    "Plan Rows": 1487231,
                    "Plan Width": 4,
                    "Actual Startup Time": 504.136,
                    "Actual Total Time": 504.137,
                    "Actual Rows": 1264156,
                    "Actual Loops": 2,
                    "Hash Buckets": 4194304,
                    "Original Hash Buckets": 4194304,
                    "Hash Batches": 1,
                    "Original Hash Batches": 1,
                    "Peak Memory Usage": 131712,
                    "Plans": [
                      {
                        "Node Type": "Seq Scan",
                        "Parent Relationship": "Outer",
                        "Parallel Aware": true,
                        "Relation Name": "title",
                        "Alias": "t",
                        "Startup Cost": 0.0,
                        "Total Cost": 50870.31,
                        "Plan Rows": 1487231,
                        "Plan Width": 4,
                        "Actual Startup Time": 0.025,
                        "Actual Total Time": 151.416,
                        "Actual Rows": 1264156,
                        "Actual Loops": 2
                      }
                    ]
                  }
                ]
              }
            ]
          }
        ]
      }
    ]
  },
  "Planning Time": 0.61,
  "Triggers": [],
  "Execution Time": 896.472
}