[
  {
    "Plan": {
      "Node Type": "Aggregate",
      "Strategy": "Plain",
      "Partial Mode": "Finalize",
      "Parallel Aware": false,
      "Startup Cost": 43482.31,
      "Total Cost": 43482.32,
      "Plan Rows": 1,
      "Plan Width": 8,
      "Actual Startup Time": 138.483,
      "Actual Total Time": 147.451,
      "Actual Rows": 1,
      "Actual Loops": 1,
      "Plans": [
        {
          "Node Type": "Gather",
          "Parent Relationship": "Outer",
          "Parallel Aware": false,
          "Startup Cost": 43482.0,
          "Total Cost": 43482.31,
          "Plan Rows": 3,
          "Plan Width": 8,
          "Actual Startup Time": 138.172,
          "Actual Total Time": 147.443,
          "Actual Rows": 4,
          "Actual Loops": 1,
          "Workers Planned": 3,
          "Workers Launched": 3,
          "Single Copy": false,
          "Plans": [
            {
              "Node Type": "Aggregate",
              "Strategy": "Plain",
              "Partial Mode": "Partial",
              "Parent Relationship": "Outer",
              "Parallel Aware": false,
              "Startup Cost": 42482.0,
              "Total Cost": 42482.01,
              "Plan Rows": 1,
              "Plan Width": 8,
              "Actual Startup Time": 131.769,
              "Actual Total Time": 131.77,
              "Actual Rows": 1,
              "Actual Loops": 4,
              "Plans": [
                {
                  "Node Type": "Bitmap Heap Scan",
                  "Parent Relationship": "Outer",
                  "Parallel Aware": true,
                  "Relation Name": "movie_keyword",
                  "Alias": "mk",
                  "Startup Cost": 14679.54,
                  "Total Cost": 41923.92,
                  "Plan Rows": 223230,
                  "Plan Width": 0,
                  "Actual Startup Time": 47.596,
                  "Actual Total Time": 122.751,
                  "Actual Rows": 169397,
                  "Actual Loops": 4,
                  "Recheck Cond": "(keyword_id > 27633)",
                  "Rows Removed by Index Recheck": 0,
                  "Exact Heap Blocks": 10084,
                  "Lossy Heap Blocks": 0,
                  "Plans": [
                    {
                      "Node Type": "Bitmap Index Scan",
                      "Parent Relationship": "Outer",
                      "Parallel Aware": false,
                      "Index Name": "keyword_id_movie_keyword",
                      "Startup Cost": 0.0,
                      "Total Cost": 14506.54,
                      "Plan Rows": 692014,
                      "Plan Width": 0,
                      "Actual Startup Time": 49.187,
                      "Actual Total Time": 49.188,
                      "Actual Rows": 677589,
                      "Actual Loops": 1,
                      "Index Cond": "(keyword_id > 27633)"
                    }
                  ]
                }
              ]
            }
          ]
        }
      ]
    },
    "Planning Time": 0.18,
    "Triggers": [],
    "Execution Time": 147.524
  }
]