[
  {
    "Plan": {
      "Node Type": "Aggregate",
      "Strategy": "Plain",
      "Partial Mode": "Finalize",
      "Parallel Aware": false,
      "Startup Cost": 90893.88,
      "Total Cost": 90893.89,
      "Plan Rows": 1,
      "Plan Width": 8,
      "Actual Startup Time": 275.973,
      "Actual Total Time": 289.471,
      "Actual Rows": 1,
      "Actual Loops": 1,
      "Plans": [
        {
          "Node Type": "Gather",
          "Parent Relationship": "Outer",
          "Parallel Aware": false,
          "Startup Cost": 90893.56,
          "Total Cost": 90893.87,
          "Plan Rows": 3,
          "Plan Width": 8,
          "Actual Startup Time": 274.975,
          "Actual Total Time": 289.453,
          "Actual Rows": 4,
          "Actual Loops": 1,
          "Workers Planned": 3,
          "Workers Launched": 3,
          "Single Copy": false,
          "Plans": [
            {
              "Node Type": "Aggregate",
              "Strategy": "Plain",
              "Partial Mode": "Partial",
              "Parent Relationship": "Outer",
              "Parallel Aware": false,
              "Startup Cost": 89893.56,
              "Total Cost": 89893.57,
              "Plan Rows": 1,
              "Plan Width": 8,
              "Actual Startup Time": 271.492,
              "Actual Total Time": 271.494,
              "Actual Rows": 1,
              "Actual Loops": 4,
              "Plans": [
                {
                  "Node Type": "Hash Join",
                  "Parent Relationship": "Outer",
                  "Parallel Aware": true,
                  "Join Type": "Inner",
                  "Startup Cost": 46530.18,
                  "Total Cost": 89408.26,
                  "Plan Rows": 194118,
                  "Plan Width": 0,
                  "Actual Startup Time": 99.5,
                  "Actual Total Time": 270.306,
                  "Actual Rows": 29082,
                  "Actual Loops": 4,
                  "Inner Unique": true,
                  "Hash Cond": "(mk.movie_id = t.id)",
                  "Plans": [
                    {
                      "Node Type": "Seq Scan",
                      "Parent Relationship": "Outer",
                      "Parallel Aware": true,
                      "Relation Name": "movie_keyword",
                      "Alias": "mk",
                      "Startup Cost": 0.0,
                      "Total Cost": 39047.32,
                      "Plan Rows": 1459332,
                      "Plan Width": 4,
                      "Actual Startup Time": 0.009,
                      "Actual Total Time": 82.398,
                      "Actual Rows": 1130982,
                      "Actual Loops": 4
                    },
                    {
                      "Node Type": "Hash",
                      "Parent Relationship": "Inner",
                      "Parallel Aware": true,
                      "Startup Cost": 45479.21,
                      "Total Cost": 45479.21,
                      "Plan Rows": 84078,
                      "Plan Width": 4,
                      "Actual Startup Time": 97.055,
                      "Actual Total Time": 97.056,
                      "Actual Rows": 56376,
                      "Actual Loops": 4,
                      "Hash Buckets": 524288,
                      "Original Hash Buckets": 524288,
                      "Hash Batches": 1,
                      "Original Hash Batches": 1,
                      "Peak Memory Usage": 12960,
                      "Plans": [
                        {
                          "Node Type": "Seq Scan",
                          "Parent Relationship": "Outer",
                          "Parallel Aware": true,
                          "Relation Name": "title",
                          "Alias": "t",
                          "Startup Cost": 0.0,
                          "Total Cost": 45479.21,
                          "Plan Rows": 84078,
                          "Plan Width": 4,
                          "Actual Startup Time": 0.016,
                          "Actual Total Time": 78.616,
                          "Actual Rows": 56376,
                          "Actual Loops": 4,
                          "Filter": "((production_year < 1983) AND (kind_id = 7))",
                          "Rows Removed by Filter": 575702
                        }
                      ]
                    }
                  ]
                }
              ]
            }
          ]
        }
      ]
    },
    "Planning Time": 0.377,
    "Triggers": [],
    "Execution Time": 289.518
  }
]