[
  {
    "Plan": {
      "Node Type": "Aggregate",
      "Strategy": "Plain",
      "Partial Mode": "Finalize",
      "Parallel Aware": false,
      "Startup Cost": 46534.54,
      "Total Cost": 46534.55,
      "Plan Rows": 1,
      "Plan Width": 8,
      "Actual Startup Time": 169.099,
      "Actual Total Time": 179.089,
      "Actual Rows": 1,
      "Actual Loops": 1,
      "Plans": [
        {
          "Node Type": "Gather",
          "Parent Relationship": "Outer",
          "Parallel Aware": false,
          "Startup Cost": 46534.22,
          "Total Cost": 46534.53,
          "Plan Rows": 3,
          "Plan Width": 8,
          "Actual Startup Time": 168.961,
          "Actual Total Time": 179.079,
          "Actual Rows": 4,
          "Actual Loops": 1,
          "Workers Planned": 3,
          "Workers Launched": 3,
          "Single Copy": false,
          "Plans": [
            {
              "Node Type": "Aggregate",
              "Strategy": "Plain",
              "Partial Mode": "Partial",
              "Parent Relationship": "Outer",
              "Parallel Aware": false,
              "Startup Cost": 45534.22,
              "Total Cost": 45534.23,
              "Plan Rows": 1,
              "Plan Width": 8,
              "Actual Startup Time": 162.219,
              "Actual Total Time": 162.22,
              "Actual Rows": 1,
              "Actual Loops": 4,
              "Plans": [
                {
                  "Node Type": "Seq Scan",
                  "Parent Relationship": "Outer",
                  "Parallel Aware": true,
                  "Relation Name": "movie_keyword",
                  "Alias": "mk",
                  "Startup Cost": 0.0,
                  "Total Cost": 42695.65,
                  "Plan Rows": 1135428,
                  "Plan Width": 0,
                  "Actual Startup Time": 0.084,
                  "Actual Total Time": 121.881,
                  "Actual Rows": 878962,
                  "Actual Loops": 4,
                  "Filter": "(keyword_id > 968)",
                  "Rows Removed by Filter": 252021
                }
              ]
            }
          ]
        }
      ]
    },
    "Planning Time": 0.215,
    "Triggers": [],
    "Execution Time": 179.146
  }
]