[
  {
    "Plan": {
      "Node Type": "Aggregate",
      "Strategy": "Plain",
      "Partial Mode": "Finalize",
      "Parallel Aware": false,
      "Startup Cost": 30872.51,
      "Total Cost": 30872.52,
      "Plan Rows": 1,
      "Plan Width": 8,
      "Actual Startup Time": 91.385,
      "Actual Total Time": 98.293,
      "Actual Rows": 1,
      "Actual Loops": 1,
      "Plans": [
        {
          "Node Type": "Gather",
          "Parent Relationship": "Outer",
          "Parallel Aware": false,
          "Startup Cost": 30872.2,
          "Total Cost": 30872.51,
          "Plan Rows": 3,
          "Plan Width": 8,
          "Actual Startup Time": 91.236,
          "Actual Total Time": 98.282,
          "Actual Rows": 4,
          "Actual Loops": 1,
          "Workers Planned": 3,
          "Workers Launched": 3,
          "Single Copy": false,
          "Plans": [
            {
              "Node Type": "Aggregate",
              "Strategy": "Plain",
              "Partial Mode": "Partial",
              "Parent Relationship": "Outer",
              "Parallel Aware": false,
              "Startup Cost": 29872.2,
              "Total Cost": 29872.21,
              "Plan Rows": 1,
              "Plan Width": 8,
              "Actual Startup Time": 87.132,
              "Actual Total Time": 87.134,
              "Actual Rows": 1,
              "Actual Loops": 4,
              "Plans": [
                {
                  "Node Type": "Seq Scan",
                  "Parent Relationship": "Outer",
                  "Parallel Aware": true,
                  "Relation Name": "movie_companies",
                  "Alias": "mc",
                  "Startup Cost": 0.0,
                  "Total Cost": 29310.68,
                  "Plan Rows": 224606,
                  "Plan Width": 0,
                  "Actual Startup Time": 0.017,
                  "Actual Total Time": 76.308,
                  "Actual Rows": 173182,
                  "Actual Loops": 4,
                  "Filter": "(company_id < 1284)",
                  "Rows Removed by Filter": 479101
                }
              ]
            }
          ]
        }
      ]
    },
    "Planning Time": 0.163,
    "Triggers": [],
    "Execution Time": 98.34
  }
]