[
    {
        "Bao": {
            "Bao prediction": 435.266,
            "Bao recommended hint": "(no hint)"
        }
    },
    {
        "Plan": {
            "Node Type": "Aggregate",
            "Strategy": "Plain",
            "Partial Mode": "Simple",
            "Parallel Aware": false,
            "Startup Cost": 67013.94,
            "Total Cost": 67013.95,
            "Plan Rows": 1,
            "Plan Width": 64,
            "Actual Startup Time": 761.35,
            "Actual Total Time": 855.029,
            "Actual Rows": 1,
            "Actual Loops": 1,
            "Output": [
                "min(chn.name)",
                "min(t.title)"
            ],
            "Plans": [
                {
                    "Node Type": "Nested Loop",
                    "Parent Relationship": "Outer",
                    "Parallel Aware": false,
                    "Join Type": "Inner",
                    "Startup Cost": 5796.31,
                    "Total Cost": 67013.93,
                    "Plan Rows": 1,
                    "Plan Width": 33,
                    "Actual Startup Time": 761.091,
                    "Actual Total Time": 854.879,
                    "Actual Rows": 2,
                    "Actual Loops": 1,
                    "Output": [
                        "chn.name",
                        "t.title"
                    ],
                    "Inner Unique": true,
                    "Plans": [
                        {
                            "Node Type": "Nested Loop",
                            "Parent Relationship": "Outer",
                            "Parallel Aware": false,
                            "Join Type": "Inner",
                            "Startup Cost": 5796.18,
                            "Total Cost": 67013.78,
                            "Plan Rows": 1,
                            "Plan Width": 37,
                            "Actual Startup Time": 761.05,
                            "Actual Total Time": 854.832,
                            "Actual Rows": 2,
                            "Actual Loops": 1,
                            "Output": [
                                "chn.name",
                                "mc.company_type_id",
                                "t.title"
                            ],
                            "Inner Unique": true,
                            "Plans": [
                                {
                                    "Node Type": "Gather",
                                    "Parent Relationship": "Outer",
                                    "Parallel Aware": false,
                                    "Startup Cost": 5795.75,
                                    "Total Cost": 67005.43,
                                    "Plan Rows": 1,
                                    "Plan Width": 25,
                                    "Actual Startup Time": 760.97,
                                    "Actual Total Time": 854.644,
                                    "Actual Rows": 2,
                                    "Actual Loops": 1,
                                    "Output": [
                                        "ci.person_role_id",
                                        "mc.company_type_id",
                                        "t.title"
                                    ],
                                    "Workers Planned": 3,
                                    "Workers Launched": 3,
                                    "Single Copy": false,
                                    "Plans": [
                                        {
                                            "Node Type": "Nested Loop",
                                            "Parent Relationship": "Outer",
                                            "Parallel Aware": false,
                                            "Join Type": "Inner",
                                            "Startup Cost": 4795.75,
                                            "Total Cost": 66005.33,
                                            "Plan Rows": 1,
                                            "Plan Width": 25,
                                            "Actual Startup Time": 461.062,
                                            "Actual Total Time": 752.912,
                                            "Actual Rows": 0,
                                            "Actual Loops": 4,
                                            "Output": [
                                                "ci.person_role_id",
                                                "mc.company_type_id",
                                                "t.title"
                                            ],
                                            "Inner Unique": true,
                                            "Workers": [
                                                {
                                                    "Worker Number": 0,
                                                    "Actual Startup Time": 748.943,
                                                    "Actual Total Time": 748.948,
                                                    "Actual Rows": 0,
                                                    "Actual Loops": 1
                                                },
                                                {
                                                    "Worker Number": 1,
                                                    "Actual Startup Time": 27.663,
                                                    "Actual Total Time": 753.086,
                                                    "Actual Rows": 1,
                                                    "Actual Loops": 1
                                                },
                                                {
                                                    "Worker Number": 2,
                                                    "Actual Startup Time": 307.362,
                                                    "Actual Total Time": 749.332,
                                                    "Actual Rows": 1,
                                                    "Actual Loops": 1
                                                }
                                            ],
                                            "Plans": [
                                                {
                                                    "Node Type": "Nested Loop",
                                                    "Parent Relationship": "Outer",
                                                    "Parallel Aware": false,
                                                    "Join Type": "Inner",
                                                    "Startup Cost": 4795.61,
                                                    "Total Cost": 66004.75,
                                                    "Plan Rows": 3,
                                                    "Plan Width": 29,
                                                    "Actual Startup Time": 461.03,
                                                    "Actual Total Time": 752.88,
                                                    "Actual Rows": 0,
                                                    "Actual Loops": 4,
                                                    "Output": [
                                                        "ci.person_role_id",
                                                        "ci.role_id",
                                                        "mc.company_type_id",
                                                        "t.title"
                                                    ],
                                                    "Inner Unique": false,
                                                    "Join Filter": "(t.id = ci.movie_id)",
                                                    "Rows Removed by Join Filter": 0,
                                                    "Workers": [
                                                        {
                                                            "Worker Number": 0,
                                                            "Actual Startup Time": 748.941,
                                                            "Actual Total Time": 748.945,
                                                            "Actual Rows": 0,
                                                            "Actual Loops": 1
                                                        },
                                                        {
                                                            "Worker Number": 1,
                                                            "Actual Startup Time": 27.588,
                                                            "Actual Total Time": 753.01,
                                                            "Actual Rows": 1,
                                                            "Actual Loops": 1
                                                        },
                                                        {
                                                            "Worker Number": 2,
                                                            "Actual Startup Time": 307.314,
                                                            "Actual Total Time": 749.283,
                                                            "Actual Rows": 1,
                                                            "Actual Loops": 1
                                                        }
                                                    ],
                                                    "Plans": [
                                                        {
                                                            "Node Type": "Nested Loop",
                                                            "Parent Relationship": "Outer",
                                                            "Parallel Aware": false,
                                                            "Join Type": "Inner",
                                                            "Startup Cost": 4795.05,
                                                            "Total Cost": 52337.32,
                                                            "Plan Rows": 7331,
                                                            "Plan Width": 29,
                                                            "Actual Startup Time": 24.4,
                                                            "Actual Total Time": 331.774,
                                                            "Actual Rows": 4854,
                                                            "Actual Loops": 4,
                                                            "Output": [
                                                                "mc.movie_id",
                                                                "mc.company_type_id",
                                                                "t.title",
                                                                "t.id"
                                                            ],
                                                            "Inner Unique": true,
                                                            "Workers": [
                                                                {
                                                                    "Worker Number": 0,
                                                                    "Actual Startup Time": 20.373,
                                                                    "Actual Total Time": 333.897,
                                                                    "Actual Rows": 5068,
                                                                    "Actual Loops": 1
                                                                },
                                                                {
                                                                    "Worker Number": 1,
                                                                    "Actual Startup Time": 24.202,
                                                                    "Actual Total Time": 328.25,
                                                                    "Actual Rows": 4799,
                                                                    "Actual Loops": 1
                                                                },
                                                                {
                                                                    "Worker Number": 2,
                                                                    "Actual Startup Time": 20.75,
                                                                    "Actual Total Time": 331.288,
                                                                    "Actual Rows": 5132,
                                                                    "Actual Loops": 1
                                                                }
                                                            ],
                                                            "Plans": [
                                                                {
                                                                    "Node Type": "Hash Join",
                                                                    "Parent Relationship": "Outer",
                                                                    "Parallel Aware": true,
                                                                    "Join Type": "Inner",
                                                                    "Startup Cost": 4794.62,
                                                                    "Total Cost": 34210.55,
                                                                    "Plan Rows": 34927,
                                                                    "Plan Width": 8,
                                                                    "Actual Startup Time": 23.953,
                                                                    "Actual Total Time": 208.692,
                                                                    "Actual Rows": 21048,
                                                                    "Actual Loops": 4,
                                                                    "Output": [
                                                                        "mc.movie_id",
                                                                        "mc.company_type_id"
                                                                    ],
                                                                    "Inner Unique": true,
                                                                    "Hash Cond": "(mc.company_id = cn.id)",
                                                                    "Workers": [
                                                                        {
                                                                            "Worker Number": 0,
                                                                            "Actual Startup Time": 20.051,
                                                                            "Actual Total Time": 210.419,
                                                                            "Actual Rows": 21419,
                                                                            "Actual Loops": 1
                                                                        },
                                                                        {
                                                                            "Worker Number": 1,
                                                                            "Actual Startup Time": 24.057,
                                                                            "Actual Total Time": 203.336,
                                                                            "Actual Rows": 20892,
                                                                            "Actual Loops": 1
                                                                        },
                                                                        {
                                                                            "Worker Number": 2,
                                                                            "Actual Startup Time": 20.322,
                                                                            "Actual Total Time": 209.444,
                                                                            "Actual Rows": 21326,
                                                                            "Actual Loops": 1
                                                                        }
                                                                    ],
                                                                    "Plans": [
                                                                        {
                                                                            "Node Type": "Seq Scan",
                                                                            "Parent Relationship": "Outer",
                                                                            "Parallel Aware": true,
                                                                            "Relation Name": "movie_companies",
                                                                            "Schema": "public",
                                                                            "Alias": "mc",
                                                                            "Startup Cost": 0.0,
                                                                            "Total Cost": 27206.55,
                                                                            "Plan Rows": 841655,
                                                                            "Plan Width": 12,
                                                                            "Actual Startup Time": 0.027,
                                                                            "Actual Total Time": 82.876,
                                                                            "Actual Rows": 652282,
                                                                            "Actual Loops": 4,
                                                                            "Output": [
                                                                                "mc.id",
                                                                                "mc.movie_id",
                                                                                "mc.company_id",
                                                                                "mc.company_type_id",
                                                                                "mc.note"
                                                                            ],
                                                                            "Workers": [
                                                                                {
                                                                                    "Worker Number": 0,
                                                                                    "Actual Startup Time": 0.029,
                                                                                    "Actual Total Time": 85.494,
                                                                                    "Actual Rows": 691813,
                                                                                    "Actual Loops": 1
                                                                                },
                                                                                {
                                                                                    "Worker Number": 1,
                                                                                    "Actual Startup Time": 0.03,
                                                                                    "Actual Total Time": 79.293,
                                                                                    "Actual Rows": 617152,
                                                                                    "Actual Loops": 1
                                                                                },
                                                                                {
                                                                                    "Worker Number": 2,
                                                                                    "Actual Startup Time": 0.029,
                                                                                    "Actual Total Time": 85.882,
                                                                                    "Actual Rows": 675946,
                                                                                    "Actual Loops": 1
                                                                                }
                                                                            ]
                                                                        },
                                                                        {
                                                                            "Node Type": "Hash",
                                                                            "Parent Relationship": "Inner",
                                                                            "Parallel Aware": true,
                                                                            "Startup Cost": 4722.92,
                                                                            "Total Cost": 4722.92,
                                                                            "Plan Rows": 5736,
                                                                            "Plan Width": 4,
                                                                            "Actual Startup Time": 23.206,
                                                                            "Actual Total Time": 23.207,
                                                                            "Actual Rows": 2453,
                                                                            "Actual Loops": 4,
                                                                            "Output": [
                                                                                "cn.id"
                                                                            ],
                                                                            "Hash Buckets": 16384,
                                                                            "Original Hash Buckets": 16384,
                                                                            "Hash Batches": 1,
                                                                            "Original Hash Batches": 1,
                                                                            "Peak Memory Usage": 608,
                                                                            "Workers": [
                                                                                {
                                                                                    "Worker Number": 0,
                                                                                    "Actual Startup Time": 19.397,
                                                                                    "Actual Total Time": 19.399,
                                                                                    "Actual Rows": 1839,
                                                                                    "Actual Loops": 1
                                                                                },
                                                                                {
                                                                                    "Worker Number": 1,
                                                                                    "Actual Startup Time": 23.662,
                                                                                    "Actual Total Time": 23.664,
                                                                                    "Actual Rows": 2460,
                                                                                    "Actual Loops": 1
                                                                                },
                                                                                {
                                                                                    "Worker Number": 2,
                                                                                    "Actual Startup Time": 19.831,
                                                                                    "Actual Total Time": 19.832,
                                                                                    "Actual Rows": 2184,
                                                                                    "Actual Loops": 1
                                                                                }
                                                                            ],
                                                                            "Plans": [
                                                                                {
                                                                                    "Node Type": "Seq Scan",
                                                                                    "Parent Relationship": "Outer",
                                                                                    "Parallel Aware": true,
                                                                                    "Relation Name": "company_name",
                                                                                    "Schema": "public",
                                                                                    "Alias": "cn",
                                                                                    "Startup Cost": 0.0,
                                                                                    "Total Cost": 4722.92,
                                                                                    "Plan Rows": 5736,
                                                                                    "Plan Width": 4,
                                                                                    "Actual Startup Time": 0.053,
                                                                                    "Actual Total Time": 21.491,
                                                                                    "Actual Rows": 2453,
                                                                                    "Actual Loops": 4,
                                                                                    "Output": [
                                                                                        "cn.id"
                                                                                    ],
                                                                                    "Filter": "((cn.country_code)::text = '[ca]'::text)",
                                                                                    "Rows Removed by Filter": 56296,
                                                                                    "Workers": [
                                                                                        {
                                                                                            "Worker Number": 0,
                                                                                            "Actual Startup Time": 0.069,
                                                                                            "Actual Total Time": 17.818,
                                                                                            "Actual Rows": 1839,
                                                                                            "Actual Loops": 1
                                                                                        },
                                                                                        {
                                                                                            "Worker Number": 1,
                                                                                            "Actual Startup Time": 0.05,
                                                                                            "Actual Total Time": 22.051,
                                                                                            "Actual Rows": 2460,
                                                                                            "Actual Loops": 1
                                                                                        },
                                                                                        {
                                                                                            "Worker Number": 2,
                                                                                            "Actual Startup Time": 0.059,
                                                                                            "Actual Total Time": 18.198,
                                                                                            "Actual Rows": 2184,
                                                                                            "Actual Loops": 1
                                                                                        }
                                                                                    ]
                                                                                }
                                                                            ]
                                                                        }
                                                                    ]
                                                                },
                                                                {
                                                                    "Node Type": "Index Scan",
                                                                    "Parent Relationship": "Inner",
                                                                    "Parallel Aware": false,
                                                                    "Scan Direction": "Forward",
                                                                    "Index Name": "title_pkey",
                                                                    "Relation Name": "title",
                                                                    "Schema": "public",
                                                                    "Alias": "t",
                                                                    "Startup Cost": 0.43,
                                                                    "Total Cost": 0.52,
                                                                    "Plan Rows": 1,
                                                                    "Plan Width": 21,
                                                                    "Actual Startup Time": 0.005,
                                                                    "Actual Total Time": 0.005,
                                                                    "Actual Rows": 0,
                                                                    "Actual Loops": 84193,
                                                                    "Output": [
                                                                        "t.id",
                                                                        "t.title",
                                                                        "t.imdb_index",
                                                                        "t.kind_id",
                                                                        "t.production_year",
                                                                        "t.imdb_id",
                                                                        "t.phonetic_code",
                                                                        "t.episode_of_id",
                                                                        "t.season_nr",
                                                                        "t.episode_nr",
                                                                        "t.series_years",
                                                                        "t.md5sum"
                                                                    ],
                                                                    "Index Cond": "(t.id = mc.movie_id)",
                                                                    "Rows Removed by Index Recheck": 0,
                                                                    "Filter": "(t.production_year > 2009)",
                                                                    "Rows Removed by Filter": 1,
                                                                    "Workers": [
                                                                        {
                                                                            "Worker Number": 0,
                                                                            "Actual Startup Time": 0.005,
                                                                            "Actual Total Time": 0.005,
                                                                            "Actual Rows": 0,
                                                                            "Actual Loops": 21419
                                                                        },
                                                                        {
                                                                            "Worker Number": 1,
                                                                            "Actual Startup Time": 0.005,
                                                                            "Actual Total Time": 0.005,
                                                                            "Actual Rows": 0,
                                                                            "Actual Loops": 20892
                                                                        },
                                                                        {
                                                                            "Worker Number": 2,
                                                                            "Actual Startup Time": 0.005,
                                                                            "Actual Total Time": 0.005,
                                                                            "Actual Rows": 0,
                                                                            "Actual Loops": 21326
                                                                        }
                                                                    ]
                                                                }
                                                            ]
                                                        },
                                                        {
                                                            "Node Type": "Index Scan",
                                                            "Parent Relationship": "Inner",
                                                            "Parallel Aware": false,
                                                            "Scan Direction": "Forward",
                                                            "Index Name": "movie_id_cast_info",
                                                            "Relation Name": "cast_info",
                                                            "Schema": "public",
                                                            "Alias": "ci",
                                                            "Startup Cost": 0.56,
                                                            "Total Cost": 1.85,
                                                            "Plan Rows": 1,
                                                            "Plan Width": 12,
                                                            "Actual Startup Time": 0.086,
                                                            "Actual Total Time": 0.086,
                                                            "Actual Rows": 0,
                                                            "Actual Loops": 19416,
                                                            "Output": [
                                                                "ci.id",
                                                                "ci.person_id",
                                                                "ci.movie_id",
                                                                "ci.person_role_id",
                                                                "ci.note",
                                                                "ci.nr_order",
                                                                "ci.role_id"
                                                            ],
                                                            "Index Cond": "(ci.movie_id = mc.movie_id)",
                                                            "Rows Removed by Index Recheck": 0,
                                                            "Filter": "(ci.note ~~ '%Marcy%'::text)",
                                                            "Rows Removed by Filter": 35,
                                                            "Workers": [
                                                                {
                                                                    "Worker Number": 0,
                                                                    "Actual Startup Time": 0.081,
                                                                    "Actual Total Time": 0.081,
                                                                    "Actual Rows": 0,
                                                                    "Actual Loops": 5068
                                                                },
                                                                {
                                                                    "Worker Number": 1,
                                                                    "Actual Startup Time": 0.088,
                                                                    "Actual Total Time": 0.088,
                                                                    "Actual Rows": 0,
                                                                    "Actual Loops": 4799
                                                                },
                                                                {
                                                                    "Worker Number": 2,
                                                                    "Actual Startup Time": 0.081,
                                                                    "Actual Total Time": 0.081,
                                                                    "Actual Rows": 0,
                                                                    "Actual Loops": 5132
                                                                }
                                                            ]
                                                        }
                                                    ]
                                                },
                                                {
                                                    "Node Type": "Index Scan",
                                                    "Parent Relationship": "Inner",
                                                    "Parallel Aware": false,
                                                    "Scan Direction": "Forward",
                                                    "Index Name": "role_type_pkey",
                                                    "Relation Name": "role_type",
                                                    "Schema": "public",
                                                    "Alias": "rt",
                                                    "Startup Cost": 0.14,
                                                    "Total Cost": 0.18,
                                                    "Plan Rows": 1,
                                                    "Plan Width": 4,
                                                    "Actual Startup Time": 0.059,
                                                    "Actual Total Time": 0.059,
                                                    "Actual Rows": 1,
                                                    "Actual Loops": 2,
                                                    "Output": [
                                                        "rt.id",
                                                        "rt.role"
                                                    ],
                                                    "Index Cond": "(rt.id = ci.role_id)",
                                                    "Rows Removed by Index Recheck": 0,
                                                    "Filter": "((rt.role)::text = 'actress'::text)",
                                                    "Rows Removed by Filter": 0,
                                                    "Workers": [
                                                        {
                                                            "Worker Number": 1,
                                                            "Actual Startup Time": 0.073,
                                                            "Actual Total Time": 0.073,
                                                            "Actual Rows": 1,
                                                            "Actual Loops": 1
                                                        },
                                                        {
                                                            "Worker Number": 2,
                                                            "Actual Startup Time": 0.045,
                                                            "Actual Total Time": 0.045,
                                                            "Actual Rows": 1,
                                                            "Actual Loops": 1
                                                        }
                                                    ]
                                                }
                                            ]
                                        }
                                    ]
                                },
                                {
                                    "Node Type": "Index Scan",
                                    "Parent Relationship": "Inner",
                                    "Parallel Aware": false,
                                    "Scan Direction": "Forward",
                                    "Index Name": "char_name_pkey",
                                    "Relation Name": "char_name",
                                    "Schema": "public",
                                    "Alias": "chn",
                                    "Startup Cost": 0.43,
                                    "Total Cost": 8.35,
                                    "Plan Rows": 1,
                                    "Plan Width": 20,
                                    "Actual Startup Time": 0.088,
                                    "Actual Total Time": 0.088,
                                    "Actual Rows": 1,
                                    "Actual Loops": 2,
                                    "Output": [
                                        "chn.id",
                                        "chn.name",
                                        "chn.imdb_index",
                                        "chn.imdb_id",
                                        "chn.name_pcode_nf",
                                        "chn.surname_pcode",
                                        "chn.md5sum"
                                    ],
                                    "Index Cond": "(chn.id = ci.person_role_id)",
                                    "Rows Removed by Index Recheck": 0
                                }
                            ]
                        },
                        {
                            "Node Type": "Index Only Scan",
                            "Parent Relationship": "Inner",
                            "Parallel Aware": false,
                            "Scan Direction": "Forward",
                            "Index Name": "company_type_pkey",
                            "Relation Name": "company_type",
                            "Schema": "public",
                            "Alias": "ct",
                            "Startup Cost": 0.13,
                            "Total Cost": 0.15,
                            "Plan Rows": 1,
                            "Plan Width": 4,
                            "Actual Startup Time": 0.02,
                            "Actual Total Time": 0.02,
                            "Actual Rows": 1,
                            "Actual Loops": 2,
                            "Output": [
                                "ct.id"
                            ],
                            "Index Cond": "(ct.id = mc.company_type_id)",
                            "Rows Removed by Index Recheck": 0,
                            "Heap Fetches": 2
                        }
                    ]
                }
            ]
        },
        "Planning Time": 1111.009,
        "Triggers": [],
        "Execution Time": 855.429
    }
]