{
  "Plan": {
    "Node Type": "Aggregate",
    "Strategy": "Plain",
    "Partial Mode": "Finalize",
    "Parallel Aware": false,
    "Startup Cost": 124968.31,
    "Total Cost": 124968.32,
    "Plan Rows": 1,
    "Plan Width": 8,
    "Actual Startup Time": 735.825,
    "Actual Total Time": 754.748,
    "Actual Rows": 1,
    "Actual Loops": 1,
    "Plans": [
      {
        "Node Type": "Gather",
        "Parent Relationship": "Outer",
        "Parallel Aware": false,
        "Startup Cost": 124968.2,
        "Total Cost": 124968.31,
        "Plan Rows": 1,
        "Plan Width": 8,
        "Actual Startup Time": 732.821,
        "Actual Total Time": 754.741,
        "Actual Rows": 2,
        "Actual Loops": 1,
        "Workers Planned": 1,
        "Workers Launched": 1,
        "Single Copy": false,
        "Plans": [
          {
            "Node Type": "Aggregate",
            "Strategy": "Plain",
            "Partial Mode": "Partial",
            "Parent Relationship": "Outer",
            "Parallel Aware": false,
            "Startup Cost": 123968.2,
            "Total Cost": 123968.21,
            "Plan Rows": 1,
            "Plan Width": 8,
            "Actual Startup Time": 726.664,
            "Actual Total Time": 726.966,
            "Actual Rows": 1,
            "Actual Loops": 2,
            "Plans": [
              {
                "Node Type": "Hash Join",
                "Parent Relationship": "Outer",
                "Parallel Aware": true,
                "Join Type": "Inner",
                "Startup Cost": 114262.83,
                "Total Cost": 123955.36,
                "Plan Rows": 5136,
                "Plan Width": 0,
                "Actual Startup Time": 700.123,
                "Actual Total Time": 726.766,
                "Actual Rows": 3348,
                "Actual Loops": 2,
                "Inner Unique": false,
                "Hash Cond": "(ci.movie_id = t.id)",
                "Plans": [
                  {
                    "Node Type": "Index Scan",
                    "Parent Relationship": "Outer",
                    "Parallel Aware": true,
                    "Scan Direction": "Forward",
                    "Index Name": "role_id_cast_info",
                    "Relation Name": "cast_info",
                    "Alias": "ci",
                    "Startup Cost": 0.56,
                    "Total Cost": 9590.86,
                    "Plan Rows": 19204,
                    "Plan Width": 4,
                    "Actual Startup Time": 0.069,
                    "Actual Total Time": 22.257,
                    "Actual Rows": 7467,
                    "Actual Loops": 2,
                    "Index Cond": "(role_id > 10)",
                    "Rows Removed by Index Recheck": 0,
                    "Filter": "(person_id < 393309)",
                    "Rows Removed by Filter": 150592
                  },
                  {
                    "Node Type": "Hash",
                    "Parent Relationship": "Inner",
                    "Parallel Aware": true,
                    "Startup Cost": 109289.75,
                    "Total Cost": 109289.75,
                    "Plan Rows": 397801,
                    "Plan Width": 8,
                    "Actual Startup Time": 691.037,
                    "Actual Total Time": 691.338,
                    "Actual Rows": 217638,
                    "Actual Loops": 2,
                    "Hash Buckets": 1048576,
                    "Original Hash Buckets": 1048576,
                    "Hash Batches": 1,
                    "Original Hash Batches": 1,
                    "Peak Memory Usage": 25248,
                    "Plans": [
                      {
                        "Node Type": "Hash Join",
                        "Parent Relationship": "Outer",
                        "Parallel Aware": true,
                        "Join Type": "Inner",
                        "Startup Cost": 46784.24,
                        "Total Cost": 109289.75,
                        "Plan Rows": 397801,
                        "Plan Width": 8,
                        "Actual Startup Time": 203.689,
                        "Actual Total Time": 618.918,
                        "Actual Rows": 217638,
                        "Actual Loops": 2,
                        "Inner Unique": false,
                        "Hash Cond": "(t.id = mc.movie_id)",
                        "Plans": [
                          {
                            "Node Type": "Seq Scan",
                            "Parent Relationship": "Outer",
                            "Parallel Aware": true,
                            "Relation Name": "title",
                            "Alias": "t",
                            "Startup Cost": 0.0,
                            "Total Cost": 50870.31,
                            "Plan Rows": 1487231,
                            "Plan Width": 4,
                            "Actual Startup Time": 0.01,
                            "Actual Total Time": 137.236,
                            "Actual Rows": 1264156,
                            "Actual Loops": 2
                          },
                          {
                            "Node Type": "Hash",
                            "Parent Relationship": "Inner",
                            "Parallel Aware": true,
                            "Startup Cost": 41811.73,
                            "Total Cost": 41811.73,
                            "Plan Rows": 397801,
                            "Plan Width": 4,
                            "Actual Startup Time": 198.037,
                            "Actual Total Time": 198.038,
                            "Actual Rows": 217638,
                            "Actual Loops": 2,
                            "Hash Buckets": 1048576,
                            "Original Hash Buckets": 1048576,
                            "Hash Batches": 1,
                            "Original Hash Batches": 1,
                            "Peak Memory Usage": 25248,
                            "Plans": [
                              {
                                "Node Type": "Seq Scan",
                                "Parent Relationship": "Outer",
                                "Parallel Aware": true,
                                "Relation Name": "movie_companies",
                                "Alias": "mc",
                                "Startup Cost": 0.0,
                                "Total Cost": 41811.73,
                                "Plan Rows": 397801,
                                "Plan Width": 4,
                                "Actual Startup Time": 70.105,
                                "Actual Total Time": 139.819,
                                "Actual Rows": 217638,
                                "Actual Loops": 2,
                                "Filter": "((company_id < 11388) AND (company_type_id = 2))",
                                "Rows Removed by Filter": 1086926
                              }
                            ]
                          }
                        ]
                      }
                    ]
                  }
                ]
              }
            ]
          }
        ]
      }
    ]
  },
  "Planning Time": 1.202,
  "Triggers": [],
  "Execution Time": 754.843
}