[
  {
    "Plan": {
      "Node Type": "Aggregate",
      "Strategy": "Plain",
      "Partial Mode": "Finalize",
      "Parallel Aware": false,
      "Startup Cost": 204503.81,
      "Total Cost": 204503.82,
      "Plan Rows": 1,
      "Plan Width": 8,
      "Actual Startup Time": 663.495,
      "Actual Total Time": 689.044,
      "Actual Rows": 1,
      "Actual Loops": 1,
      "Plans": [
        {
          "Node Type": "Gather",
          "Parent Relationship": "Outer",
          "Parallel Aware": false,
          "Startup Cost": 204503.29,
          "Total Cost": 204503.8,
          "Plan Rows": 5,
          "Plan Width": 8,
          "Actual Startup Time": 655.724,
          "Actual Total Time": 689.02,
          "Actual Rows": 6,
          "Actual Loops": 1,
          "Workers Planned": 5,
          "Workers Launched": 5,
          "Single Copy": false,
          "Plans": [
            {
              "Node Type": "Aggregate",
              "Strategy": "Plain",
              "Partial Mode": "Partial",
              "Parent Relationship": "Outer",
              "Parallel Aware": false,
              "Startup Cost": 203503.29,
              "Total Cost": 203503.3,
              "Plan Rows": 1,
              "Plan Width": 8,
              "Actual Startup Time": 644.636,
              "Actual Total Time": 644.64,
              "Actual Rows": 1,
              "Actual Loops": 6,
              "Plans": [
                {
                  "Node Type": "Hash Join",
                  "Parent Relationship": "Outer",
                  "Parallel Aware": true,
                  "Join Type": "Inner",
                  "Startup Cost": 46982.71,
                  "Total Cost": 203327.52,
                  "Plan Rows": 70308,
                  "Plan Width": 0,
                  "Actual Startup Time": 179.398,
                  "Actual Total Time": 631.63,
                  "Actual Rows": 206328,
                  "Actual Loops": 6,
                  "Inner Unique": true,
                  "Hash Cond": "(ci.movie_id = t.id)",
                  "Plans": [
                    {
                      "Node Type": "Index Scan",
                      "Parent Relationship": "Outer",
                      "Parallel Aware": true,
                      "Scan Direction": "Forward",
                      "Index Name": "role_id_cast_info",
                      "Relation Name": "cast_info",
                      "Alias": "ci",
                      "Startup Cost": 0.56,
                      "Total Cost": 155872.35,
                      "Plan Rows": 180201,
                      "Plan Width": 4,
                      "Actual Startup Time": 0.251,
                      "Actual Total Time": 231.022,
                      "Actual Rows": 569291,
                      "Actual Loops": 6,
                      "Index Cond": "(role_id > 8)",
                      "Rows Removed by Index Recheck": 0,
                      "Filter": "(person_id > 3083470)",
                      "Rows Removed by Filter": 386158
                    },
                    {
                      "Node Type": "Hash",
                      "Parent Relationship": "Inner",
                      "Parallel Aware": true,
                      "Startup Cost": 43899.32,
                      "Total Cost": 43899.32,
                      "Plan Rows": 246626,
                      "Plan Width": 4,
                      "Actual Startup Time": 174.979,
                      "Actual Total Time": 174.98,
                      "Actual Rows": 164175,
                      "Actual Loops": 6,
                      "Hash Buckets": 1048576,
                      "Original Hash Buckets": 1048576,
                      "Hash Batches": 1,
                      "Original Hash Batches": 1,
                      "Peak Memory Usage": 46848,
                      "Plans": [
                        {
                          "Node Type": "Seq Scan",
                          "Parent Relationship": "Outer",
                          "Parallel Aware": true,
                          "Relation Name": "title",
                          "Alias": "t",
                          "Startup Cost": 0.0,
                          "Total Cost": 43899.32,
                          "Plan Rows": 246626,
                          "Plan Width": 4,
                          "Actual Startup Time": 0.036,
                          "Actual Total Time": 98.286,
                          "Actual Rows": 164175,
                          "Actual Loops": 6,
                          "Filter": "(kind_id < 7)",
                          "Rows Removed by Filter": 257211
                        }
                      ]
                    }
                  ]
                }
              ]
            }
          ]
        }
      ]
    },
    "Planning Time": 0.566,
    "Triggers": [],
    "Execution Time": 689.122
  }
]