[
  {
    "Plan": {
      "Node Type": "Aggregate",
      "Strategy": "Plain",
      "Partial Mode": "Finalize",
      "Parallel Aware": false,
      "Startup Cost": 333943.29,
      "Total Cost": 333943.3,
      "Plan Rows": 1,
      "Plan Width": 8,
      "Actual Startup Time": 661.253,
      "Actual Total Time": 713.966,
      "Actual Rows": 1,
      "Actual Loops": 1,
      "Plans": [
        {
          "Node Type": "Gather",
          "Parent Relationship": "Outer",
          "Parallel Aware": false,
          "Startup Cost": 333942.66,
          "Total Cost": 333943.27,
          "Plan Rows": 6,
          "Plan Width": 8,
          "Actual Startup Time": 661.143,
          "Actual Total Time": 713.955,
          "Actual Rows": 7,
          "Actual Loops": 1,
          "Workers Planned": 6,
          "Workers Launched": 6,
          "Single Copy": false,
          "Plans": [
            {
              "Node Type": "Aggregate",
              "Strategy": "Plain",
              "Partial Mode": "Partial",
              "Parent Relationship": "Outer",
              "Parallel Aware": false,
              "Startup Cost": 332942.66,
              "Total Cost": 332942.67,
              "Plan Rows": 1,
              "Plan Width": 8,
              "Actual Startup Time": 651.389,
              "Actual Total Time": 651.39,
              "Actual Rows": 1,
              "Actual Loops": 7,
              "Plans": [
                {
                  "Node Type": "Seq Scan",
                  "Parent Relationship": "Outer",
                  "Parallel Aware": true,
                  "Relation Name": "cast_info",
                  "Alias": "ci",
                  "Startup Cost": 0.0,
                  "Total Cost": 328162.03,
                  "Plan Rows": 1912255,
                  "Plan Width": 0,
                  "Actual Startup Time": 0.049,
                  "Actual Total Time": 575.355,
                  "Actual Rows": 1638931,
                  "Actual Loops": 7,
                  "Filter": "(person_id < 1127843)",
                  "Rows Removed by Filter": 3538833
                }
              ]
            }
          ]
        }
      ]
    },
    "Planning Time": 0.196,
    "Triggers": [],
    "Execution Time": 714.038
  }
]