[
  {
    "Plan": {
      "Node Type": "Aggregate",
      "Strategy": "Plain",
      "Partial Mode": "Finalize",
      "Parallel Aware": false,
      "Startup Cost": 63545.12,
      "Total Cost": 63545.13,
      "Plan Rows": 1,
      "Plan Width": 8,
      "Actual Startup Time": 223.517,
      "Actual Total Time": 238.759,
      "Actual Rows": 1,
      "Actual Loops": 1,
      "Plans": [
        {
          "Node Type": "Gather",
          "Parent Relationship": "Outer",
          "Parallel Aware": false,
          "Startup Cost": 63544.9,
          "Total Cost": 63545.11,
          "Plan Rows": 2,
          "Plan Width": 8,
          "Actual Startup Time": 222.266,
          "Actual Total Time": 238.747,
          "Actual Rows": 3,
          "Actual Loops": 1,
          "Workers Planned": 2,
          "Workers Launched": 2,
          "Single Copy": false,
          "Plans": [
            {
              "Node Type": "Aggregate",
              "Strategy": "Plain",
              "Partial Mode": "Partial",
              "Parent Relationship": "Outer",
              "Parallel Aware": false,
              "Startup Cost": 62544.9,
              "Total Cost": 62544.91,
              "Plan Rows": 1,
              "Plan Width": 8,
              "Actual Startup Time": 219.482,
              "Actual Total Time": 219.487,
              "Actual Rows": 1,
              "Actual Loops": 3,
              "Plans": [
                {
                  "Node Type": "Hash Join",
                  "Parent Relationship": "Outer",
                  "Parallel Aware": true,
                  "Join Type": "Inner",
                  "Startup Cost": 46836.22,
                  "Total Cost": 62462.55,
                  "Plan Rows": 32942,
                  "Plan Width": 0,
                  "Actual Startup Time": 146.021,
                  "Actual Total Time": 218.728,
                  "Actual Rows": 15596,
                  "Actual Loops": 3,
                  "Inner Unique": true,
                  "Hash Cond": "(mi_idx.movie_id = t.id)",
                  "Plans": [
                    {
                      "Node Type": "Seq Scan",
                      "Parent Relationship": "Outer",
                      "Parallel Aware": true,
                      "Relation Name": "movie_info_idx",
                      "Alias": "mi_idx",
                      "Startup Cost": 0.0,
                      "Total Cost": 15122.68,
                      "Plan Rows": 191863,
                      "Plan Width": 4,
                      "Actual Startup Time": 0.013,
                      "Actual Total Time": 39.305,
                      "Actual Rows": 153308,
                      "Actual Loops": 3,
                      "Filter": "(info_type_id = 100)",
                      "Rows Removed by Filter": 306703
                    },
                    {
                      "Node Type": "Hash",
                      "Parent Relationship": "Inner",
                      "Parallel Aware": true,
                      "Startup Cost": 45479.59,
                      "Total Cost": 45479.59,
                      "Plan Rows": 108531,
                      "Plan Width": 4,
                      "Actual Startup Time": 143.982,
                      "Actual Total Time": 143.983,
                      "Actual Rows": 102323,
                      "Actual Loops": 3,
                      "Hash Buckets": 524288,
                      "Original Hash Buckets": 524288,
                      "Hash Batches": 1,
                      "Original Hash Batches": 1,
                      "Peak Memory Usage": 16160,
                      "Plans": [
                        {
                          "Node Type": "Seq Scan",
                          "Parent Relationship": "Outer",
                          "Parallel Aware": true,
                          "Relation Name": "title",
                          "Alias": "t",
                          "Startup Cost": 0.0,
                          "Total Cost": 45479.59,
                          "Plan Rows": 108531,
                          "Plan Width": 4,
                          "Actual Startup Time": 0.019,
                          "Actual Total Time": 108.759,
                          "Actual Rows": 102323,
                          "Actual Loops": 3,
                          "Filter": "((kind_id > 1) AND (production_year < 1986))",
                          "Rows Removed by Filter": 740447
                        }
                      ]
                    }
                  ]
                }
              ]
            }
          ]
        }
      ]
    },
    "Planning Time": 0.387,
    "Triggers": [],
    "Execution Time": 238.908
  }
]