{
  "Plan": {
    "Node Type": "Aggregate",
    "Strategy": "Plain",
    "Partial Mode": "Finalize",
    "Parallel Aware": false,
    "Startup Cost": 120011.44,
    "Total Cost": 120011.45,
    "Plan Rows": 1,
    "Plan Width": 8,
    "Actual Startup Time": 417.419,
    "Actual Total Time": 437.975,
    "Actual Rows": 1,
    "Actual Loops": 1,
    "Plans": [
      {
        "Node Type": "Gather",
        "Parent Relationship": "Outer",
        "Parallel Aware": false,
        "Startup Cost": 120011.32,
        "Total Cost": 120011.43,
        "Plan Rows": 1,
        "Plan Width": 8,
        "Actual Startup Time": 414.218,
        "Actual Total Time": 437.963,
        "Actual Rows": 2,
        "Actual Loops": 1,
        "Workers Planned": 1,
        "Workers Launched": 1,
        "Single Copy": false,
        "Plans": [
          {
            "Node Type": "Aggregate",
            "Strategy": "Plain",
            "Partial Mode": "Partial",
            "Parent Relationship": "Outer",
            "Parallel Aware": false,
            "Startup Cost": 119011.32,
            "Total Cost": 119011.33,
            "Plan Rows": 1,
            "Plan Width": 8,
            "Actual Startup Time": 407.383,
            "Actual Total Time": 407.388,
            "Actual Rows": 1,
            "Actual Loops": 2,
            "Plans": [
              {
                "Node Type": "Nested Loop",
                "Parent Relationship": "Outer",
                "Parallel Aware": false,
                "Join Type": "Inner",
                "Startup Cost": 68343.81,
                "Total Cost": 118907.74,
                "Plan Rows": 41434,
                "Plan Width": 0,
                "Actual Startup Time": 358.952,
                "Actual Total Time": 406.851,
                "Actual Rows": 9777,
                "Actual Loops": 2,
                "Inner Unique": false,
                "Plans": [
                  {
                    "Node Type": "Hash Join",
                    "Parent Relationship": "Outer",
                    "Parallel Aware": true,
                    "Join Type": "Inner",
                    "Startup Cost": 68343.38,
                    "Total Cost": 94237.76,
                    "Plan Rows": 11044,
                    "Plan Width": 8,
                    "Actual Startup Time": 358.877,
                    "Actual Total Time": 383.031,
                    "Actual Rows": 1690,
                    "Actual Loops": 2,
                    "Inner Unique": true,
                    "Hash Cond": "(mk.movie_id = t.id)",
                    "Plans": [
                      {
                        "Node Type": "Bitmap Heap Scan",
                        "Parent Relationship": "Outer",
                        "Parallel Aware": true,
                        "Relation Name": "movie_keyword",
                        "Alias": "mk",
                        "Startup Cost": 805.46,
                        "Total Cost": 26641.46,
                        "Plan Rows": 22241,
                        "Plan Width": 4,
                        "Actual Startup Time": 3.554,
                        "Actual Total Time": 18.467,
                        "Actual Rows": 14010,
                        "Actual Loops": 2,
                        "Recheck Cond": "(keyword_id < 36)",
                        "Rows Removed by Index Recheck": 0,
                        "Exact Heap Blocks": 7466,
                        "Lossy Heap Blocks": 0,
                        "Plans": [
                          {
                            "Node Type": "Bitmap Index Scan",
                            "Parent Relationship": "Outer",
                            "Parallel Aware": false,
                            "Index Name": "keyword_id_movie_keyword",
                            "Startup Cost": 0.0,
                            "Total Cost": 796.01,
                            "Plan Rows": 37810,
                            "Plan Width": 0,
                            "Actual Startup Time": 2.146,
                            "Actual Total Time": 2.147,
                            "Actual Rows": 28021,
                            "Actual Loops": 1,
                            "Index Cond": "(keyword_id < 36)"
                          }
                        ]
                      },
                      {
                        "Node Type": "Hash",
                        "Parent Relationship": "Inner",
                        "Parallel Aware": true,
                        "Startup Cost": 58306.47,
                        "Total Cost": 58306.47,
                        "Plan Rows": 738516,
                        "Plan Width": 4,
                        "Actual Startup Time": 342.109,
                        "Actual Total Time": 342.11,
                        "Actual Rows": 610767,
                        "Actual Loops": 2,
                        "Hash Buckets": 2097152,
                        "Original Hash Buckets": 2097152,
                        "Hash Batches": 1,
                        "Original Hash Batches": 1,
                        "Peak Memory Usage": 64224,
                        "Plans": [
                          {
                            "Node Type": "Seq Scan",
                            "Parent Relationship": "Outer",
                            "Parallel Aware": true,
                            "Relation Name": "title",
                            "Alias": "t",
                            "Startup Cost": 0.0,
                            "Total Cost": 58306.47,
                            "Plan Rows": 738516,
                            "Plan Width": 4,
                            "Actual Startup Time": 0.028,
                            "Actual Total Time": 166.475,
                            "Actual Rows": 610767,
                            "Actual Loops": 2,
                            "Filter": "((production_year < 2011) AND (kind_id = 7))",
                            "Rows Removed by Filter": 653389
                          }
                        ]
                      }
                    ]
                  },
                  {
                    "Node Type": "Index Scan",
                    "Parent Relationship": "Inner",
                    "Parallel Aware": false,
                    "Scan Direction": "Forward",
                    "Index Name": "movie_id_movie_info",
                    "Relation Name": "movie_info",
                    "Alias": "mi",
                    "Startup Cost": 0.43,
                    "Total Cost": 1.96,
                    "Plan Rows": 27,
                    "Plan Width": 4,
                    "Actual Startup Time": 0.006,
                    "Actual Total Time": 0.013,
                    "Actual Rows": 6,
                    "Actual Loops": 3380,
                    "Index Cond": "(movie_id = t.id)",
                    "Rows Removed by Index Recheck": 0,
                    "Filter": "(info_type_id < 16)",
                    "Rows Removed by Filter": 4
                  }
                ]
              }
            ]
          }
        ]
      }
    ]
  },
  "Planning Time": 0.73,
  "Triggers": [],
  "Execution Time": 438.047
}