[
  {
    "Plan": {
      "Node Type": "Aggregate",
      "Strategy": "Plain",
      "Partial Mode": "Finalize",
      "Parallel Aware": false,
      "Startup Cost": 127248.95,
      "Total Cost": 127248.96,
      "Plan Rows": 1,
      "Plan Width": 8,
      "Actual Startup Time": 1154.097,
      "Actual Total Time": 1176.029,
      "Actual Rows": 1,
      "Actual Loops": 1,
      "Plans": [
        {
          "Node Type": "Gather",
          "Parent Relationship": "Outer",
          "Parallel Aware": false,
          "Startup Cost": 127248.63,
          "Total Cost": 127248.94,
          "Plan Rows": 3,
          "Plan Width": 8,
          "Actual Startup Time": 1147.87,
          "Actual Total Time": 1176.011,
          "Actual Rows": 4,
          "Actual Loops": 1,
          "Workers Planned": 3,
          "Workers Launched": 3,
          "Single Copy": false,
          "Plans": [
            {
              "Node Type": "Aggregate",
              "Strategy": "Plain",
              "Partial Mode": "Partial",
              "Parent Relationship": "Outer",
              "Parallel Aware": false,
              "Startup Cost": 126248.63,
              "Total Cost": 126248.64,
              "Plan Rows": 1,
              "Plan Width": 8,
              "Actual Startup Time": 1138.876,
              "Actual Total Time": 1139.28,
              "Actual Rows": 1,
              "Actual Loops": 4,
              "Plans": [
                {
                  "Node Type": "Hash Join",
                  "Parent Relationship": "Outer",
                  "Parallel Aware": true,
                  "Join Type": "Inner",
                  "Startup Cost": 78998.8,
                  "Total Cost": 125732.07,
                  "Plan Rows": 206625,
                  "Plan Width": 0,
                  "Actual Startup Time": 538.239,
                  "Actual Total Time": 979.629,
                  "Actual Rows": 3757004,
                  "Actual Loops": 4,
                  "Inner Unique": false,
                  "Hash Cond": "(mk.movie_id = t.id)",
                  "Plans": [
                    {
                      "Node Type": "Seq Scan",
                      "Parent Relationship": "Outer",
                      "Parallel Aware": true,
                      "Relation Name": "movie_keyword",
                      "Alias": "mk",
                      "Startup Cost": 0.0,
                      "Total Cost": 42695.65,
                      "Plan Rows": 898955,
                      "Plan Width": 4,
                      "Actual Startup Time": 0.195,
                      "Actual Total Time": 108.796,
                      "Actual Rows": 697160,
                      "Actual Loops": 4,
                      "Filter": "(keyword_id > 2830)",
                      "Rows Removed by Filter": 433822
                    },
                    {
                      "Node Type": "Hash",
                      "Parent Relationship": "Inner",
                      "Parallel Aware": true,
                      "Startup Cost": 76655.43,
                      "Total Cost": 76655.43,
                      "Plan Rows": 187470,
                      "Plan Width": 8,
                      "Actual Startup Time": 532.685,
                      "Actual Total Time": 533.088,
                      "Actual Rows": 329174,
                      "Actual Loops": 4,
                      "Hash Buckets": 2097152,
                      "Original Hash Buckets": 1048576,
                      "Hash Batches": 1,
                      "Original Hash Batches": 1,
                      "Peak Memory Usage": 76160,
                      "Plans": [
                        {
                          "Node Type": "Hash Join",
                          "Parent Relationship": "Outer",
                          "Parallel Aware": true,
                          "Join Type": "Inner",
                          "Startup Cost": 47239.54,
                          "Total Cost": 76655.43,
                          "Plan Rows": 187470,
                          "Plan Width": 8,
                          "Actual Startup Time": 168.089,
                          "Actual Total Time": 396.894,
                          "Actual Rows": 329174,
                          "Actual Loops": 4,
                          "Inner Unique": true,
                          "Hash Cond": "(mc.movie_id = t.id)",
                          "Plans": [
                            {
                              "Node Type": "Seq Scan",
                              "Parent Relationship": "Outer",
                              "Parallel Aware": true,
                              "Relation Name": "movie_companies",
                              "Alias": "mc",
                              "Startup Cost": 0.0,
                              "Total Cost": 27206.55,
                              "Plan Rows": 841655,
                              "Plan Width": 4,
                              "Actual Startup Time": 0.018,
                              "Actual Total Time": 64.719,
                              "Actual Rows": 652282,
                              "Actual Loops": 4
                            },
                            {
                              "Node Type": "Hash",
                              "Parent Relationship": "Inner",
                              "Parallel Aware": true,
                              "Startup Cost": 45479.59,
                              "Total Cost": 45479.59,
                              "Plan Rows": 140796,
                              "Plan Width": 4,
                              "Actual Startup Time": 165.304,
                              "Actual Total Time": 165.305,
                              "Actual Rows": 160446,
                              "Actual Loops": 4,
                              "Hash Buckets": 1048576,
                              "Original Hash Buckets": 1048576,
                              "Hash Batches": 1,
                              "Original Hash Batches": 1,
                              "Peak Memory Usage": 33408,
                              "Plans": [
                                {
                                  "Node Type": "Seq Scan",
                                  "Parent Relationship": "Outer",
                                  "Parallel Aware": true,
                                  "Relation Name": "title",
                                  "Alias": "t",
                                  "Startup Cost": 0.0,
                                  "Total Cost": 45479.59,
                                  "Plan Rows": 140796,
                                  "Plan Width": 4,
                                  "Actual Startup Time": 0.064,
                                  "Actual Total Time": 103.181,
                                  "Actual Rows": 160446,
                                  "Actual Loops": 4,
                                  "Filter": "((kind_id < 7) AND (production_year < 2006))",
                                  "Rows Removed by Filter": 471632
                                }
                              ]
                            }
                          ]
                        }
                      ]
                    }
                  ]
                }
              ]
            }
          ]
        }
      ]
    },
    "Planning Time": 1.39,
    "Triggers": [],
    "Execution Time": 1176.111
  }
]