[
  {
    "Plan": {
      "Node Type": "Aggregate",
      "Strategy": "Plain",
      "Partial Mode": "Finalize",
      "Parallel Aware": false,
      "Startup Cost": 31290.82,
      "Total Cost": 31290.83,
      "Plan Rows": 1,
      "Plan Width": 8,
      "Actual Startup Time": 96.295,
      "Actual Total Time": 104.37,
      "Actual Rows": 1,
      "Actual Loops": 1,
      "Plans": [
        {
          "Node Type": "Gather",
          "Parent Relationship": "Outer",
          "Parallel Aware": false,
          "Startup Cost": 31290.5,
          "Total Cost": 31290.81,
          "Plan Rows": 3,
          "Plan Width": 8,
          "Actual Startup Time": 96.161,
          "Actual Total Time": 104.36,
          "Actual Rows": 4,
          "Actual Loops": 1,
          "Workers Planned": 3,
          "Workers Launched": 3,
          "Single Copy": false,
          "Plans": [
            {
              "Node Type": "Aggregate",
              "Strategy": "Plain",
              "Partial Mode": "Partial",
              "Parent Relationship": "Outer",
              "Parallel Aware": false,
              "Startup Cost": 30290.5,
              "Total Cost": 30290.51,
              "Plan Rows": 1,
              "Plan Width": 8,
              "Actual Startup Time": 90.17,
              "Actual Total Time": 90.171,
              "Actual Rows": 1,
              "Actual Loops": 4,
              "Plans": [
                {
                  "Node Type": "Seq Scan",
                  "Parent Relationship": "Outer",
                  "Parallel Aware": true,
                  "Relation Name": "movie_companies",
                  "Alias": "mc",
                  "Startup Cost": 0.0,
                  "Total Cost": 29310.68,
                  "Plan Rows": 391929,
                  "Plan Width": 0,
                  "Actual Startup Time": 0.041,
                  "Actual Total Time": 74.825,
                  "Actual Rows": 305890,
                  "Actual Loops": 4,
                  "Filter": "(company_id < 11141)",
                  "Rows Removed by Filter": 346392
                }
              ]
            }
          ]
        }
      ]
    },
    "Planning Time": 0.091,
    "Triggers": [],
    "Execution Time": 104.4
  }
]