[
  {
    "Plan": {
      "Node Type": "Aggregate",
      "Strategy": "Plain",
      "Partial Mode": "Finalize",
      "Parallel Aware": false,
      "Startup Cost": 341649.17,
      "Total Cost": 341649.18,
      "Plan Rows": 1,
      "Plan Width": 8,
      "Actual Startup Time": 780.906,
      "Actual Total Time": 835.358,
      "Actual Rows": 1,
      "Actual Loops": 1,
      "Plans": [
        {
          "Node Type": "Gather",
          "Parent Relationship": "Outer",
          "Parallel Aware": false,
          "Startup Cost": 341648.54,
          "Total Cost": 341649.15,
          "Plan Rows": 6,
          "Plan Width": 8,
          "Actual Startup Time": 780.763,
          "Actual Total Time": 835.348,
          "Actual Rows": 7,
          "Actual Loops": 1,
          "Workers Planned": 6,
          "Workers Launched": 6,
          "Single Copy": false,
          "Plans": [
            {
              "Node Type": "Aggregate",
              "Strategy": "Plain",
              "Partial Mode": "Partial",
              "Parent Relationship": "Outer",
              "Parallel Aware": false,
              "Startup Cost": 340648.54,
              "Total Cost": 340648.55,
              "Plan Rows": 1,
              "Plan Width": 8,
              "Actual Startup Time": 772.357,
              "Actual Total Time": 772.358,
              "Actual Rows": 1,
              "Actual Loops": 7,
              "Plans": [
                {
                  "Node Type": "Seq Scan",
                  "Parent Relationship": "Outer",
                  "Parallel Aware": true,
                  "Relation Name": "cast_info",
                  "Alias": "ci",
                  "Startup Cost": 0.0,
                  "Total Cost": 328162.03,
                  "Plan Rows": 4994607,
                  "Plan Width": 0,
                  "Actual Startup Time": 77.183,
                  "Actual Total Time": 607.381,
                  "Actual Rows": 4255812,
                  "Actual Loops": 7,
                  "Filter": "(person_id > 623401)",
                  "Rows Removed by Filter": 921951
                }
              ]
            }
          ]
        }
      ]
    },
    "Planning Time": 0.173,
    "Triggers": [],
    "Execution Time": 835.43
  }
]