[
  {
    "Plan": {
      "Node Type": "Aggregate",
      "Strategy": "Plain",
      "Partial Mode": "Finalize",
      "Parallel Aware": false,
      "Startup Cost": 460473.06,
      "Total Cost": 460473.07,
      "Plan Rows": 1,
      "Plan Width": 8,
      "Actual Startup Time": 1824.35,
      "Actual Total Time": 1884.561,
      "Actual Rows": 1,
      "Actual Loops": 1,
      "Plans": [
        {
          "Node Type": "Gather",
          "Parent Relationship": "Outer",
          "Parallel Aware": false,
          "Startup Cost": 460472.44,
          "Total Cost": 460473.05,
          "Plan Rows": 6,
          "Plan Width": 8,
          "Actual Startup Time": 1801.48,
          "Actual Total Time": 1884.549,
          "Actual Rows": 7,
          "Actual Loops": 1,
          "Workers Planned": 6,
          "Workers Launched": 6,
          "Single Copy": false,
          "Plans": [
            {
              "Node Type": "Aggregate",
              "Strategy": "Plain",
              "Partial Mode": "Partial",
              "Parent Relationship": "Outer",
              "Parallel Aware": false,
              "Startup Cost": 459472.44,
              "Total Cost": 459472.45,
              "Plan Rows": 1,
              "Plan Width": 8,
              "Actual Startup Time": 1786.405,
              "Actual Total Time": 1786.869,
              "Actual Rows": 1,
              "Actual Loops": 7,
              "Plans": [
                {
                  "Node Type": "Hash Join",
                  "Parent Relationship": "Outer",
                  "Parallel Aware": true,
                  "Join Type": "Inner",
                  "Startup Cost": 99891.8,
                  "Total Cost": 456169.78,
                  "Plan Rows": 1321062,
                  "Plan Width": 0,
                  "Actual Startup Time": 784.701,
                  "Actual Total Time": 1674.874,
                  "Actual Rows": 2546674,
                  "Actual Loops": 7,
                  "Inner Unique": false,
                  "Hash Cond": "(ci.movie_id = t.id)",
                  "Plans": [
                    {
                      "Node Type": "Seq Scan",
                      "Parent Relationship": "Outer",
                      "Parallel Aware": true,
                      "Relation Name": "cast_info",
                      "Alias": "ci",
                      "Startup Cost": 0.0,
                      "Total Cost": 343257.03,
                      "Plan Rows": 2335858,
                      "Plan Width": 4,
                      "Actual Startup Time": 332.383,
                      "Actual Total Time": 649.48,
                      "Actual Rows": 1574662,
                      "Actual Loops": 7,
                      "Filter": "((person_id < 3158080) AND (role_id > 2))",
                      "Rows Removed by Filter": 3603102
                    },
                    {
                      "Node Type": "Hash",
                      "Parent Relationship": "Inner",
                      "Parallel Aware": true,
                      "Startup Cost": 94126.1,
                      "Total Cost": 94126.1,
                      "Plan Rows": 461256,
                      "Plan Width": 8,
                      "Actual Startup Time": 447.473,
                      "Actual Total Time": 447.936,
                      "Actual Rows": 205914,
                      "Actual Loops": 7,
                      "Hash Buckets": 2097152,
                      "Original Hash Buckets": 2097152,
                      "Hash Batches": 1,
                      "Original Hash Batches": 1,
                      "Peak Memory Usage": 72896,
                      "Plans": [
                        {
                          "Node Type": "Hash Join",
                          "Parent Relationship": "Outer",
                          "Parallel Aware": true,
                          "Join Type": "Inner",
                          "Startup Cost": 50219.64,
                          "Total Cost": 94126.1,
                          "Plan Rows": 461256,
                          "Plan Width": 8,
                          "Actual Startup Time": 253.273,
                          "Actual Total Time": 380.47,
                          "Actual Rows": 205914,
                          "Actual Loops": 7,
                          "Inner Unique": true,
                          "Hash Cond": "(mk.movie_id = t.id)",
                          "Plans": [
                            {
                              "Node Type": "Seq Scan",
                              "Parent Relationship": "Outer",
                              "Parallel Aware": true,
                              "Relation Name": "movie_keyword",
                              "Alias": "mk",
                              "Startup Cost": 0.0,
                              "Total Cost": 42695.65,
                              "Plan Rows": 461256,
                              "Plan Width": 4,
                              "Actual Startup Time": 0.035,
                              "Actual Total Time": 68.968,
                              "Actual Rows": 205914,
                              "Actual Loops": 7,
                              "Filter": "(keyword_id < 2014)",
                              "Rows Removed by Filter": 440361
                            },
                            {
                              "Node Type": "Hash",
                              "Parent Relationship": "Inner",
                              "Parallel Aware": true,
                              "Startup Cost": 42318.73,
                              "Total Cost": 42318.73,
                              "Plan Rows": 632073,
                              "Plan Width": 4,
                              "Actual Startup Time": 249.424,
                              "Actual Total Time": 249.426,
                              "Actual Rows": 361187,
                              "Actual Loops": 7,
                              "Hash Buckets": 4194304,
                              "Original Hash Buckets": 4194304,
                              "Hash Batches": 1,
                              "Original Hash Batches": 1,
                              "Peak Memory Usage": 131808,
                              "Plans": [
                                {
                                  "Node Type": "Seq Scan",
                                  "Parent Relationship": "Outer",
                                  "Parallel Aware": true,
                                  "Relation Name": "title",
                                  "Alias": "t",
                                  "Startup Cost": 0.0,
                                  "Total Cost": 42318.73,
                                  "Plan Rows": 632073,
                                  "Plan Width": 4,
                                  "Actual Startup Time": 0.043,
                                  "Actual Total Time": 72.395,
                                  "Actual Rows": 361187,
                                  "Actual Loops": 7
                                }
                              ]
                            }
                          ]
                        }
                      ]
                    }
                  ]
                }
              ]
            }
          ]
        }
      ]
    },
    "Planning Time": 1.356,
    "Triggers": [],
    "Execution Time": 1884.653
  }
]