[
    {
        "Bao": {
            "Bao prediction": "NaN",
            "Bao recommended hint": "(no hint)"
        }
    },
    {
        "Plan": {
            "Node Type": "Aggregate",
            "Strategy": "Plain",
            "Partial Mode": "Finalize",
            "Parallel Aware": false,
            "Startup Cost": 287288.55,
            "Total Cost": 287288.56,
            "Plan Rows": 1,
            "Plan Width": 8,
            "Actual Startup Time": 2156.764,
            "Actual Total Time": 2185.463,
            "Actual Rows": 1,
            "Actual Loops": 1,
            "Output": [
                "count(*)"
            ],
            "Plans": [
                {
                    "Node Type": "Gather",
                    "Parent Relationship": "Outer",
                    "Parallel Aware": false,
                    "Startup Cost": 287288.03,
                    "Total Cost": 287288.54,
                    "Plan Rows": 5,
                    "Plan Width": 8,
                    "Actual Startup Time": 2140.286,
                    "Actual Total Time": 2185.449,
                    "Actual Rows": 6,
                    "Actual Loops": 1,
                    "Output": [
                        "(PARTIAL count(*))"
                    ],
                    "Workers Planned": 5,
                    "Workers Launched": 5,
                    "Single Copy": false,
                    "Plans": [
                        {
                            "Node Type": "Aggregate",
                            "Strategy": "Plain",
                            "Partial Mode": "Partial",
                            "Parent Relationship": "Outer",
                            "Parallel Aware": false,
                            "Startup Cost": 286288.03,
                            "Total Cost": 286288.04,
                            "Plan Rows": 1,
                            "Plan Width": 8,
                            "Actual Startup Time": 2127.33,
                            "Actual Total Time": 2128.066,
                            "Actual Rows": 1,
                            "Actual Loops": 6,
                            "Output": [
                                "PARTIAL count(*)"
                            ],
                            "Workers": [
                                {
                                    "Worker Number": 0,
                                    "Actual Startup Time": 2124.092,
                                    "Actual Total Time": 2124.097,
                                    "Actual Rows": 1,
                                    "Actual Loops": 1
                                },
                                {
                                    "Worker Number": 1,
                                    "Actual Startup Time": 2124.268,
                                    "Actual Total Time": 2124.273,
                                    "Actual Rows": 1,
                                    "Actual Loops": 1
                                },
                                {
                                    "Worker Number": 2,
                                    "Actual Startup Time": 2124.433,
                                    "Actual Total Time": 2124.439,
                                    "Actual Rows": 1,
                                    "Actual Loops": 1
                                },
                                {
                                    "Worker Number": 3,
                                    "Actual Startup Time": 2126.829,
                                    "Actual Total Time": 2126.835,
                                    "Actual Rows": 1,
                                    "Actual Loops": 1
                                },
                                {
                                    "Worker Number": 4,
                                    "Actual Startup Time": 2124.67,
                                    "Actual Total Time": 2124.676,
                                    "Actual Rows": 1,
                                    "Actual Loops": 1
                                }
                            ],
                            "Plans": [
                                {
                                    "Node Type": "Hash Join",
                                    "Parent Relationship": "Outer",
                                    "Parallel Aware": true,
                                    "Join Type": "Inner",
                                    "Startup Cost": 73479.95,
                                    "Total Cost": 282448.57,
                                    "Plan Rows": 1535784,
                                    "Plan Width": 0,
                                    "Actual Startup Time": 547.33,
                                    "Actual Total Time": 1908.206,
                                    "Actual Rows": 3460868,
                                    "Actual Loops": 6,
                                    "Inner Unique": false,
                                    "Hash Cond": "(mi.movie_id = t.id)",
                                    "Workers": [
                                        {
                                            "Worker Number": 0,
                                            "Actual Startup Time": 544.544,
                                            "Actual Total Time": 1906.911,
                                            "Actual Rows": 3526366,
                                            "Actual Loops": 1
                                        },
                                        {
                                            "Worker Number": 1,
                                            "Actual Startup Time": 544.594,
                                            "Actual Total Time": 1906.975,
                                            "Actual Rows": 3348542,
                                            "Actual Loops": 1
                                        },
                                        {
                                            "Worker Number": 2,
                                            "Actual Startup Time": 545.051,
                                            "Actual Total Time": 1906.463,
                                            "Actual Rows": 3409618,
                                            "Actual Loops": 1
                                        },
                                        {
                                            "Worker Number": 3,
                                            "Actual Startup Time": 544.772,
                                            "Actual Total Time": 1908.97,
                                            "Actual Rows": 3407609,
                                            "Actual Loops": 1
                                        },
                                        {
                                            "Worker Number": 4,
                                            "Actual Startup Time": 545.157,
                                            "Actual Total Time": 1907.405,
                                            "Actual Rows": 3358374,
                                            "Actual Loops": 1
                                        }
                                    ],
                                    "Plans": [
                                        {
                                            "Node Type": "Seq Scan",
                                            "Parent Relationship": "Outer",
                                            "Parallel Aware": true,
                                            "Relation Name": "movie_info",
                                            "Schema": "public",
                                            "Alias": "mi",
                                            "Startup Cost": 0.0,
                                            "Total Cost": 191503.19,
                                            "Plan Rows": 2951019,
                                            "Plan Width": 4,
                                            "Actual Startup Time": 0.031,
                                            "Actual Total Time": 362.306,
                                            "Actual Rows": 2472620,
                                            "Actual Loops": 6,
                                            "Output": [
                                                "mi.id",
                                                "mi.movie_id",
                                                "mi.info_type_id",
                                                "mi.info",
                                                "mi.note"
                                            ],
                                            "Workers": [
                                                {
                                                    "Worker Number": 0,
                                                    "Actual Startup Time": 0.037,
                                                    "Actual Total Time": 379.836,
                                                    "Actual Rows": 2582887,
                                                    "Actual Loops": 1
                                                },
                                                {
                                                    "Worker Number": 1,
                                                    "Actual Startup Time": 0.033,
                                                    "Actual Total Time": 379.293,
                                                    "Actual Rows": 2383369,
                                                    "Actual Loops": 1
                                                },
                                                {
                                                    "Worker Number": 2,
                                                    "Actual Startup Time": 0.034,
                                                    "Actual Total Time": 375.669,
                                                    "Actual Rows": 2425120,
                                                    "Actual Loops": 1
                                                },
                                                {
                                                    "Worker Number": 3,
                                                    "Actual Startup Time": 0.037,
                                                    "Actual Total Time": 375.982,
                                                    "Actual Rows": 2417365,
                                                    "Actual Loops": 1
                                                },
                                                {
                                                    "Worker Number": 4,
                                                    "Actual Startup Time": 0.034,
                                                    "Actual Total Time": 375.712,
                                                    "Actual Rows": 2387043,
                                                    "Actual Loops": 1
                                                }
                                            ]
                                        },
                                        {
                                            "Node Type": "Hash",
                                            "Parent Relationship": "Inner",
                                            "Parallel Aware": true,
                                            "Startup Cost": 66626.82,
                                            "Total Cost": 66626.82,
                                            "Plan Rows": 548251,
                                            "Plan Width": 8,
                                            "Actual Startup Time": 541.238,
                                            "Actual Total Time": 541.971,
                                            "Actual Rows": 228059,
                                            "Actual Loops": 6,
                                            "Output": [
                                                "t.id",
                                                "mi_idx.movie_id"
                                            ],
                                            "Hash Buckets": 2097152,
                                            "Original Hash Buckets": 2097152,
                                            "Hash Batches": 1,
                                            "Original Hash Batches": 1,
                                            "Peak Memory Usage": 70048,
                                            "Workers": [
                                                {
                                                    "Worker Number": 0,
                                                    "Actual Startup Time": 542.629,
                                                    "Actual Total Time": 542.632,
                                                    "Actual Rows": 222729,
                                                    "Actual Loops": 1
                                                },
                                                {
                                                    "Worker Number": 1,
                                                    "Actual Startup Time": 542.83,
                                                    "Actual Total Time": 542.833,
                                                    "Actual Rows": 228069,
                                                    "Actual Loops": 1
                                                },
                                                {
                                                    "Worker Number": 2,
                                                    "Actual Startup Time": 542.988,
                                                    "Actual Total Time": 542.992,
                                                    "Actual Rows": 226608,
                                                    "Actual Loops": 1
                                                },
                                                {
                                                    "Worker Number": 3,
                                                    "Actual Startup Time": 543.006,
                                                    "Actual Total Time": 543.011,
                                                    "Actual Rows": 226594,
                                                    "Actual Loops": 1
                                                },
                                                {
                                                    "Worker Number": 4,
                                                    "Actual Startup Time": 543.162,
                                                    "Actual Total Time": 543.166,
                                                    "Actual Rows": 225493,
                                                    "Actual Loops": 1
                                                }
                                            ],
                                            "Plans": [
                                                {
                                                    "Node Type": "Hash Join",
                                                    "Parent Relationship": "Outer",
                                                    "Parallel Aware": true,
                                                    "Join Type": "Inner",
                                                    "Startup Cost": 51432.26,
                                                    "Total Cost": 66626.82,
                                                    "Plan Rows": 548251,
                                                    "Plan Width": 8,
                                                    "Actual Startup Time": 333.203,
                                                    "Actual Total Time": 453.682,
                                                    "Actual Rows": 228059,
                                                    "Actual Loops": 6,
                                                    "Output": [
                                                        "t.id",
                                                        "mi_idx.movie_id"
                                                    ],
                                                    "Inner Unique": true,
                                                    "Hash Cond": "(mi_idx.movie_id = t.id)",
                                                    "Workers": [
                                                        {
                                                            "Worker Number": 0,
                                                            "Actual Startup Time": 333.207,
                                                            "Actual Total Time": 452.03,
                                                            "Actual Rows": 222729,
                                                            "Actual Loops": 1
                                                        },
                                                        {
                                                            "Worker Number": 1,
                                                            "Actual Startup Time": 333.214,
                                                            "Actual Total Time": 453.135,
                                                            "Actual Rows": 228069,
                                                            "Actual Loops": 1
                                                        },
                                                        {
                                                            "Worker Number": 2,
                                                            "Actual Startup Time": 333.181,
                                                            "Actual Total Time": 452.523,
                                                            "Actual Rows": 226608,
                                                            "Actual Loops": 1
                                                        },
                                                        {
                                                            "Worker Number": 3,
                                                            "Actual Startup Time": 333.054,
                                                            "Actual Total Time": 454.698,
                                                            "Actual Rows": 226594,
                                                            "Actual Loops": 1
                                                        },
                                                        {
                                                            "Worker Number": 4,
                                                            "Actual Startup Time": 333.206,
                                                            "Actual Total Time": 453.121,
                                                            "Actual Rows": 225493,
                                                            "Actual Loops": 1
                                                        }
                                                    ],
                                                    "Plans": [
                                                        {
                                                            "Node Type": "Seq Scan",
                                                            "Parent Relationship": "Outer",
                                                            "Parallel Aware": true,
                                                            "Relation Name": "movie_info_idx",
                                                            "Schema": "public",
                                                            "Alias": "mi_idx",
                                                            "Startup Cost": 0.0,
                                                            "Total Cost": 13685.15,
                                                            "Plan Rows": 575015,
                                                            "Plan Width": 4,
                                                            "Actual Startup Time": 0.031,
                                                            "Actual Total Time": 30.401,
                                                            "Actual Rows": 230006,
                                                            "Actual Loops": 6,
                                                            "Output": [
                                                                "mi_idx.id",
                                                                "mi_idx.movie_id",
                                                                "mi_idx.info_type_id",
                                                                "mi_idx.info",
                                                                "mi_idx.note"
                                                            ],
                                                            "Workers": [
                                                                {
                                                                    "Worker Number": 0,
                                                                    "Actual Startup Time": 0.036,
                                                                    "Actual Total Time": 31.122,
                                                                    "Actual Rows": 224714,
                                                                    "Actual Loops": 1
                                                                },
                                                                {
                                                                    "Worker Number": 1,
                                                                    "Actual Startup Time": 0.033,
                                                                    "Actual Total Time": 31.329,
                                                                    "Actual Rows": 229930,
                                                                    "Actual Loops": 1
                                                                },
                                                                {
                                                                    "Worker Number": 2,
                                                                    "Actual Startup Time": 0.037,
                                                                    "Actual Total Time": 31.006,
                                                                    "Actual Rows": 228536,
                                                                    "Actual Loops": 1
                                                                },
                                                                {
                                                                    "Worker Number": 3,
                                                                    "Actual Startup Time": 0.035,
                                                                    "Actual Total Time": 31.218,
                                                                    "Actual Rows": 228731,
                                                                    "Actual Loops": 1
                                                                },
                                                                {
                                                                    "Worker Number": 4,
                                                                    "Actual Startup Time": 0.032,
                                                                    "Actual Total Time": 31.285,
                                                                    "Actual Rows": 227330,
                                                                    "Actual Loops": 1
                                                                }
                                                            ]
                                                        },
                                                        {
                                                            "Node Type": "Hash",
                                                            "Parent Relationship": "Inner",
                                                            "Parallel Aware": true,
                                                            "Startup Cost": 43899.01,
                                                            "Total Cost": 43899.01,
                                                            "Plan Rows": 602660,
                                                            "Plan Width": 4,
                                                            "Actual Startup Time": 327.597,
                                                            "Actual Total Time": 327.598,
                                                            "Actual Rows": 402233,
                                                            "Actual Loops": 6,
                                                            "Output": [
                                                                "t.id"
                                                            ],
                                                            "Hash Buckets": 4194304,
                                                            "Original Hash Buckets": 4194304,
                                                            "Hash Batches": 1,
                                                            "Original Hash Batches": 1,
                                                            "Peak Memory Usage": 127296,
                                                            "Workers": [
                                                                {
                                                                    "Worker Number": 0,
                                                                    "Actual Startup Time": 332.946,
                                                                    "Actual Total Time": 332.947,
                                                                    "Actual Rows": 365819,
                                                                    "Actual Loops": 1
                                                                },
                                                                {
                                                                    "Worker Number": 1,
                                                                    "Actual Startup Time": 332.932,
                                                                    "Actual Total Time": 332.933,
                                                                    "Actual Rows": 391495,
                                                                    "Actual Loops": 1
                                                                },
                                                                {
                                                                    "Worker Number": 2,
                                                                    "Actual Startup Time": 332.876,
                                                                    "Actual Total Time": 332.878,
                                                                    "Actual Rows": 390067,
                                                                    "Actual Loops": 1
                                                                },
                                                                {
                                                                    "Worker Number": 3,
                                                                    "Actual Startup Time": 332.94,
                                                                    "Actual Total Time": 332.942,
                                                                    "Actual Rows": 389461,
                                                                    "Actual Loops": 1
                                                                },
                                                                {
                                                                    "Worker Number": 4,
                                                                    "Actual Startup Time": 332.89,
                                                                    "Actual Total Time": 332.892,
                                                                    "Actual Rows": 389001,
                                                                    "Actual Loops": 1
                                                                }
                                                            ],
                                                            "Plans": [
                                                                {
                                                                    "Node Type": "Seq Scan",
                                                                    "Parent Relationship": "Outer",
                                                                    "Parallel Aware": true,
                                                                    "Relation Name": "title",
                                                                    "Schema": "public",
                                                                    "Alias": "t",
                                                                    "Startup Cost": 0.0,
                                                                    "Total Cost": 43899.01,
                                                                    "Plan Rows": 602660,
                                                                    "Plan Width": 4,
                                                                    "Actual Startup Time": 0.062,
                                                                    "Actual Total Time": 107.888,
                                                                    "Actual Rows": 402233,
                                                                    "Actual Loops": 6,
                                                                    "Output": [
                                                                        "t.id"
                                                                    ],
                                                                    "Filter": "(t.production_year > 1912)",
                                                                    "Rows Removed by Filter": 19152,
                                                                    "Workers": [
                                                                        {
                                                                            "Worker Number": 0,
                                                                            "Actual Startup Time": 0.048,
                                                                            "Actual Total Time": 108.176,
                                                                            "Actual Rows": 365819,
                                                                            "Actual Loops": 1
                                                                        },
                                                                        {
                                                                            "Worker Number": 1,
                                                                            "Actual Startup Time": 0.076,
                                                                            "Actual Total Time": 111.11,
                                                                            "Actual Rows": 391495,
                                                                            "Actual Loops": 1
                                                                        },
                                                                        {
                                                                            "Worker Number": 2,
                                                                            "Actual Startup Time": 0.081,
                                                                            "Actual Total Time": 110.661,
                                                                            "Actual Rows": 390067,
                                                                            "Actual Loops": 1
                                                                        },
                                                                        {
                                                                            "Worker Number": 3,
                                                                            "Actual Startup Time": 0.074,
                                                                            "Actual Total Time": 110.452,
                                                                            "Actual Rows": 389461,
                                                                            "Actual Loops": 1
                                                                        },
                                                                        {
                                                                            "Worker Number": 4,
                                                                            "Actual Startup Time": 0.072,
                                                                            "Actual Total Time": 111.491,
                                                                            "Actual Rows": 389001,
                                                                            "Actual Loops": 1
                                                                        }
                                                                    ]
                                                                }
                                                            ]
                                                        }
                                                    ]
                                                }
                                            ]
                                        }
                                    ]
                                }
                            ]
                        }
                    ]
                }
            ]
        },
        "Planning Time": 286.068,
        "Triggers": [],
        "Execution Time": 2185.564
    }
]