[
  {
    "Plan": {
      "Node Type": "Aggregate",
      "Strategy": "Plain",
      "Partial Mode": "Simple",
      "Parallel Aware": false,
      "Startup Cost": 4938.88,
      "Total Cost": 4938.89,
      "Plan Rows": 1,
      "Plan Width": 64,
      "Actual Startup Time": 101.796,
      "Actual Total Time": 101.8,
      "Actual Rows": 1,
      "Actual Loops": 1,
      "Plans": [
        {
          "Node Type": "Nested Loop",
          "Parent Relationship": "Outer",
          "Parallel Aware": false,
          "Join Type": "Inner",
          "Startup Cost": 12.11,
          "Total Cost": 4938.88,
          "Plan Rows": 1,
          "Plan Width": 23,
          "Actual Startup Time": 65.267,
          "Actual Total Time": 101.79,
          "Actual Rows": 2,
          "Actual Loops": 1,
          "Inner Unique": true,
          "Join Filter": "(t.kind_id = kt.id)",
          "Rows Removed by Join Filter": 0,
          "Plans": [
            {
              "Node Type": "Nested Loop",
              "Parent Relationship": "Outer",
              "Parallel Aware": false,
              "Join Type": "Inner",
              "Startup Cost": 12.11,
              "Total Cost": 4937.78,
              "Plan Rows": 1,
              "Plan Width": 27,
              "Actual Startup Time": 65.245,
              "Actual Total Time": 101.763,
              "Actual Rows": 2,
              "Actual Loops": 1,
              "Inner Unique": true,
              "Join Filter": "(mi_idx.info_type_id = it2.id)",
              "Rows Removed by Join Filter": 0,
              "Plans": [
                {
                  "Node Type": "Nested Loop",
                  "Parent Relationship": "Outer",
                  "Parallel Aware": false,
                  "Join Type": "Inner",
                  "Startup Cost": 12.11,
                  "Total Cost": 4935.35,
                  "Plan Rows": 1,
                  "Plan Width": 31,
                  "Actual Startup Time": 65.231,
                  "Actual Total Time": 101.737,
                  "Actual Rows": 2,
                  "Actual Loops": 1,
                  "Inner Unique": true,
                  "Join Filter": "(mi.info_type_id = it1.id)",
                  "Rows Removed by Join Filter": 2,
                  "Plans": [
                    {
                      "Node Type": "Nested Loop",
                      "Parent Relationship": "Outer",
                      "Parallel Aware": false,
                      "Join Type": "Inner",
                      "Startup Cost": 12.11,
                      "Total Cost": 4932.93,
                      "Plan Rows": 1,
                      "Plan Width": 35,
                      "Actual Startup Time": 65.212,
                      "Actual Total Time": 101.682,
                      "Actual Rows": 4,
                      "Actual Loops": 1,
                      "Inner Unique": false,
                      "Join Filter": "(t.id = mi.movie_id)",
                      "Rows Removed by Join Filter": 0,
                      "Plans": [
                        {
                          "Node Type": "Nested Loop",
                          "Parent Relationship": "Outer",
                          "Parallel Aware": false,
                          "Join Type": "Inner",
                          "Startup Cost": 11.68,
                          "Total Cost": 4931.08,
                          "Plan Rows": 1,
                          "Plan Width": 43,
                          "Actual Startup Time": 45.238,
                          "Actual Total Time": 100.962,
                          "Actual Rows": 3,
                          "Actual Loops": 1,
                          "Inner Unique": false,
                          "Join Filter": "(t.id = mi_idx.movie_id)",
                          "Rows Removed by Join Filter": 0,
                          "Plans": [
                            {
                              "Node Type": "Nested Loop",
                              "Parent Relationship": "Outer",
                              "Parallel Aware": false,
                              "Join Type": "Inner",
                              "Startup Cost": 11.25,
                              "Total Cost": 4930.57,
                              "Plan Rows": 1,
                              "Plan Width": 29,
                              "Actual Startup Time": 45.191,
                              "Actual Total Time": 100.816,
                              "Actual Rows": 4,
                              "Actual Loops": 1,
                              "Inner Unique": true,
                              "Plans": [
                                {
                                  "Node Type": "Nested Loop",
                                  "Parent Relationship": "Outer",
                                  "Parallel Aware": false,
                                  "Join Type": "Inner",
                                  "Startup Cost": 10.82,
                                  "Total Cost": 4897.25,
                                  "Plan Rows": 67,
                                  "Plan Width": 4,
                                  "Actual Startup Time": 0.856,
                                  "Actual Total Time": 47.242,
                                  "Actual Rows": 2821,
                                  "Actual Loops": 1,
                                  "Inner Unique": false,
                                  "Plans": [
                                    {
                                      "Node Type": "Seq Scan",
                                      "Parent Relationship": "Outer",
                                      "Parallel Aware": false,
                                      "Relation Name": "keyword",
                                      "Alias": "k",
                                      "Startup Cost": 0.0,
                                      "Total Cost": 2626.12,
                                      "Plan Rows": 2,
                                      "Plan Width": 4,
                                      "Actual Startup Time": 0.147,
                                      "Actual Total Time": 21.356,
                                      "Actual Rows": 2,
                                      "Actual Loops": 1,
                                      "Filter": "(keyword = ANY ('{based-on-comic,millionaire}'::text[]))",
                                      "Rows Removed by Filter": 134168
                                    },
                                    {
                                      "Node Type": "Bitmap Heap Scan",
                                      "Parent Relationship": "Inner",
                                      "Parallel Aware": false,
                                      "Relation Name": "movie_keyword",
                                      "Alias": "mk",
                                      "Startup Cost": 10.82,
                                      "Total Cost": 1132.48,
                                      "Plan Rows": 308,
                                      "Plan Width": 8,
                                      "Actual Startup Time": 0.489,
                                      "Actual Total Time": 12.399,
                                      "Actual Rows": 1410,
                                      "Actual Loops": 2,
                                      "Recheck Cond": "(keyword_id = k.id)",
                                      "Rows Removed by Index Recheck": 0,
                                      "Exact Heap Blocks": 2174,
                                      "Lossy Heap Blocks": 0,
                                      "Plans": [
                                        {
                                          "Node Type": "Bitmap Index Scan",
                                          "Parent Relationship": "Outer",
                                          "Parallel Aware": false,
                                          "Index Name": "keyword_id_movie_keyword",
                                          "Startup Cost": 0.0,
                                          "Total Cost": 10.74,
                                          "Plan Rows": 308,
                                          "Plan Width": 0,
                                          "Actual Startup Time": 0.316,
                                          "Actual Total Time": 0.316,
                                          "Actual Rows": 1410,
                                          "Actual Loops": 2,
                                          "Index Cond": "(keyword_id = k.id)"
                                        }
                                      ]
                                    }
                                  ]
                                },
                                {
                                  "Node Type": "Index Scan",
                                  "Parent Relationship": "Inner",
                                  "Parallel Aware": false,
                                  "Scan Direction": "Forward",
                                  "Index Name": "title_pkey",
                                  "Relation Name": "title",
                                  "Alias": "t",
                                  "Startup Cost": 0.43,
                                  "Total Cost": 0.5,
                                  "Plan Rows": 1,
                                  "Plan Width": 25,
                                  "Actual Startup Time": 0.018,
                                  "Actual Total Time": 0.018,
                                  "Actual Rows": 0,
                                  "Actual Loops": 2821,
                                  "Index Cond": "(id = mk.movie_id)",
                                  "Rows Removed by Index Recheck": 0,
                                  "Filter": "((production_year > 1990) AND ((title ~~ '%murder%'::text) OR (title ~~ '%Murder%'::text) OR (title ~~ '%Mord%'::text)))",
                                  "Rows Removed by Filter": 1
                                }
                              ]
                            },
                            {
                              "Node Type": "Index Scan",
                              "Parent Relationship": "Inner",
                              "Parallel Aware": false,
                              "Scan Direction": "Forward",
                              "Index Name": "movie_id_movie_info_idx",
                              "Relation Name": "movie_info_idx",
                              "Alias": "mi_idx",
                              "Startup Cost": 0.43,
                              "Total Cost": 0.5,
                              "Plan Rows": 1,
                              "Plan Width": 14,
                              "Actual Startup Time": 0.034,
                              "Actual Total Time": 0.035,
                              "Actual Rows": 1,
                              "Actual Loops": 4,
                              "Index Cond": "(movie_id = mk.movie_id)",
                              "Rows Removed by Index Recheck": 0,
                              "Filter": "(info > '6.5'::text)",
                              "Rows Removed by Filter": 2
                            }
                          ]
                        },
                        {
                          "Node Type": "Index Scan",
                          "Parent Relationship": "Inner",
                          "Parallel Aware": false,
                          "Scan Direction": "Forward",
                          "Index Name": "movie_id_movie_info",
                          "Relation Name": "movie_info",
                          "Alias": "mi",
                          "Startup Cost": 0.43,
                          "Total Cost": 1.8,
                          "Plan Rows": 4,
                          "Plan Width": 8,
                          "Actual Startup Time": 0.217,
                          "Actual Total Time": 0.238,
                          "Actual Rows": 1,
                          "Actual Loops": 3,
                          "Index Cond": "(movie_id = mk.movie_id)",
                          "Rows Removed by Index Recheck": 0,
                          "Filter": "(info = ANY ('{Swedish,English,American,Germany,USA,Danish,Sweden,Denish,America,UK}'::text[]))",
                          "Rows Removed by Filter": 30
                        }
                      ]
                    },
                    {
                      "Node Type": "Seq Scan",
                      "Parent Relationship": "Inner",
                      "Parallel Aware": false,
                      "Relation Name": "info_type",
                      "Alias": "it1",
                      "Startup Cost": 0.0,
                      "Total Cost": 2.41,
                      "Plan Rows": 1,
                      "Plan Width": 4,
                      "Actual Startup Time": 0.008,
                      "Actual Total Time": 0.011,
                      "Actual Rows": 1,
                      "Actual Loops": 4,
                      "Filter": "((info)::text = 'countries'::text)",
                      "Rows Removed by Filter": 60
                    }
                  ]
                },
                {
                  "Node Type": "Seq Scan",
                  "Parent Relationship": "Inner",
                  "Parallel Aware": false,
                  "Relation Name": "info_type",
                  "Alias": "it2",
                  "Startup Cost": 0.0,
                  "Total Cost": 2.41,
                  "Plan Rows": 1,
                  "Plan Width": 4,
                  "Actual Startup Time": 0.011,
                  "Actual Total Time": 0.011,
                  "Actual Rows": 1,
                  "Actual Loops": 2,
                  "Filter": "((info)::text = 'rating'::text)",
                  "Rows Removed by Filter": 100
                }
              ]
            },
            {
              "Node Type": "Seq Scan",
              "Parent Relationship": "Inner",
              "Parallel Aware": false,
              "Relation Name": "kind_type",
              "Alias": "kt",
              "Startup Cost": 0.0,
              "Total Cost": 1.09,
              "Plan Rows": 1,
              "Plan Width": 4,
              "Actual Startup Time": 0.012,
              "Actual Total Time": 0.012,
              "Actual Rows": 1,
              "Actual Loops": 2,
              "Filter": "((kind)::text = 'episode'::text)",
              "Rows Removed by Filter": 6
            }
          ]
        }
      ]
    },
    "Planning Time": 5.599,
    "Triggers": [],
    "Execution Time": 102.047
  }
]