[
  {
    "Plan": {
      "Node Type": "Aggregate",
      "Strategy": "Plain",
      "Partial Mode": "Finalize",
      "Parallel Aware": false,
      "Startup Cost": 341908.02,
      "Total Cost": 341908.03,
      "Plan Rows": 1,
      "Plan Width": 8,
      "Actual Startup Time": 852.635,
      "Actual Total Time": 898.564,
      "Actual Rows": 1,
      "Actual Loops": 1,
      "Plans": [
        {
          "Node Type": "Gather",
          "Parent Relationship": "Outer",
          "Parallel Aware": false,
          "Startup Cost": 341907.4,
          "Total Cost": 341908.01,
          "Plan Rows": 6,
          "Plan Width": 8,
          "Actual Startup Time": 852.44,
          "Actual Total Time": 898.55,
          "Actual Rows": 7,
          "Actual Loops": 1,
          "Workers Planned": 6,
          "Workers Launched": 6,
          "Single Copy": false,
          "Plans": [
            {
              "Node Type": "Aggregate",
              "Strategy": "Plain",
              "Partial Mode": "Partial",
              "Parent Relationship": "Outer",
              "Parallel Aware": false,
              "Startup Cost": 340907.4,
              "Total Cost": 340907.41,
              "Plan Rows": 1,
              "Plan Width": 8,
              "Actual Startup Time": 845.003,
              "Actual Total Time": 845.005,
              "Actual Rows": 1,
              "Actual Loops": 7,
              "Plans": [
                {
                  "Node Type": "Seq Scan",
                  "Parent Relationship": "Outer",
                  "Parallel Aware": true,
                  "Relation Name": "cast_info",
                  "Alias": "ci",
                  "Startup Cost": 0.0,
                  "Total Cost": 328211.39,
                  "Plan Rows": 5078402,
                  "Plan Width": 0,
                  "Actual Startup Time": 71.974,
                  "Actual Total Time": 635.827,
                  "Actual Rows": 4324025,
                  "Actual Loops": 7,
                  "Filter": "(person_id > 578475)",
                  "Rows Removed by Filter": 853738
                }
              ]
            }
          ]
        }
      ]
    },
    "Planning Time": 0.077,
    "Triggers": [],
    "Execution Time": 898.601
  }
]