[
    {
        "Bao": {
            "Bao prediction": "NaN",
            "Bao recommended hint": "(no hint)"
        }
    },
    {
        "Plan": {
            "Node Type": "Aggregate",
            "Strategy": "Plain",
            "Partial Mode": "Finalize",
            "Parallel Aware": false,
            "Startup Cost": 30554.46,
            "Total Cost": 30554.47,
            "Plan Rows": 1,
            "Plan Width": 8,
            "Actual Startup Time": 74.586,
            "Actual Total Time": 78.757,
            "Actual Rows": 1,
            "Actual Loops": 1,
            "Output": [
                "count(*)"
            ],
            "Plans": [
                {
                    "Node Type": "Gather",
                    "Parent Relationship": "Outer",
                    "Parallel Aware": false,
                    "Startup Cost": 30554.14,
                    "Total Cost": 30554.45,
                    "Plan Rows": 3,
                    "Plan Width": 8,
                    "Actual Startup Time": 74.354,
                    "Actual Total Time": 78.751,
                    "Actual Rows": 4,
                    "Actual Loops": 1,
                    "Output": [
                        "(PARTIAL count(*))"
                    ],
                    "Workers Planned": 3,
                    "Workers Launched": 3,
                    "Single Copy": false,
                    "Plans": [
                        {
                            "Node Type": "Aggregate",
                            "Strategy": "Plain",
                            "Partial Mode": "Partial",
                            "Parent Relationship": "Outer",
                            "Parallel Aware": false,
                            "Startup Cost": 29554.14,
                            "Total Cost": 29554.15,
                            "Plan Rows": 1,
                            "Plan Width": 8,
                            "Actual Startup Time": 65.877,
                            "Actual Total Time": 65.878,
                            "Actual Rows": 1,
                            "Actual Loops": 4,
                            "Output": [
                                "PARTIAL count(*)"
                            ],
                            "Workers": [
                                {
                                    "Worker Number": 0,
                                    "Actual Startup Time": 62.999,
                                    "Actual Total Time": 63.0,
                                    "Actual Rows": 1,
                                    "Actual Loops": 1
                                },
                                {
                                    "Worker Number": 1,
                                    "Actual Startup Time": 63.149,
                                    "Actual Total Time": 63.15,
                                    "Actual Rows": 1,
                                    "Actual Loops": 1
                                },
                                {
                                    "Worker Number": 2,
                                    "Actual Startup Time": 63.28,
                                    "Actual Total Time": 63.282,
                                    "Actual Rows": 1,
                                    "Actual Loops": 1
                                }
                            ],
                            "Plans": [
                                {
                                    "Node Type": "Bitmap Heap Scan",
                                    "Parent Relationship": "Outer",
                                    "Parallel Aware": true,
                                    "Relation Name": "movie_companies",
                                    "Schema": "public",
                                    "Alias": "mc",
                                    "Startup Cost": 8655.72,
                                    "Total Cost": 29389.02,
                                    "Plan Rows": 66050,
                                    "Plan Width": 0,
                                    "Actual Startup Time": 50.11,
                                    "Actual Total Time": 64.56,
                                    "Actual Rows": 23549,
                                    "Actual Loops": 4,
                                    "Recheck Cond": "(mc.company_id < 252)",
                                    "Rows Removed by Index Recheck": 0,
                                    "Filter": "(mc.company_type_id > 1)",
                                    "Rows Removed by Filter": 76195,
                                    "Exact Heap Blocks": 9582,
                                    "Lossy Heap Blocks": 0,
                                    "Workers": [
                                        {
                                            "Worker Number": 0,
                                            "Actual Startup Time": 47.23,
                                            "Actual Total Time": 61.727,
                                            "Actual Rows": 16723,
                                            "Actual Loops": 1
                                        },
                                        {
                                            "Worker Number": 1,
                                            "Actual Startup Time": 47.384,
                                            "Actual Total Time": 61.947,
                                            "Actual Rows": 20039,
                                            "Actual Loops": 1
                                        },
                                        {
                                            "Worker Number": 2,
                                            "Actual Startup Time": 47.511,
                                            "Actual Total Time": 62.074,
                                            "Actual Rows": 20619,
                                            "Actual Loops": 1
                                        }
                                    ],
                                    "Plans": [
                                        {
                                            "Node Type": "Bitmap Index Scan",
                                            "Parent Relationship": "Outer",
                                            "Parallel Aware": false,
                                            "Index Name": "company_id_movie_companies",
                                            "Startup Cost": 0.0,
                                            "Total Cost": 8604.53,
                                            "Plan Rows": 401614,
                                            "Plan Width": 0,
                                            "Actual Startup Time": 20.268,
                                            "Actual Total Time": 20.268,
                                            "Actual Rows": 398976,
                                            "Actual Loops": 1,
                                            "Index Cond": "(mc.company_id < 252)"
                                        }
                                    ]
                                }
                            ]
                        }
                    ]
                }
            ]
        },
        "Planning Time": 190.641,
        "Triggers": [],
        "Execution Time": 78.809
    }
]