[
  {
    "Plan": {
      "Node Type": "Aggregate",
      "Strategy": "Plain",
      "Partial Mode": "Finalize",
      "Parallel Aware": false,
      "Startup Cost": 46547.87,
      "Total Cost": 46547.88,
      "Plan Rows": 1,
      "Plan Width": 8,
      "Actual Startup Time": 166.134,
      "Actual Total Time": 177.283,
      "Actual Rows": 1,
      "Actual Loops": 1,
      "Plans": [
        {
          "Node Type": "Gather",
          "Parent Relationship": "Outer",
          "Parallel Aware": false,
          "Startup Cost": 46547.55,
          "Total Cost": 46547.86,
          "Plan Rows": 3,
          "Plan Width": 8,
          "Actual Startup Time": 165.953,
          "Actual Total Time": 177.272,
          "Actual Rows": 4,
          "Actual Loops": 1,
          "Workers Planned": 3,
          "Workers Launched": 3,
          "Single Copy": false,
          "Plans": [
            {
              "Node Type": "Aggregate",
              "Strategy": "Plain",
              "Partial Mode": "Partial",
              "Parent Relationship": "Outer",
              "Parallel Aware": false,
              "Startup Cost": 45547.55,
              "Total Cost": 45547.56,
              "Plan Rows": 1,
              "Plan Width": 8,
              "Actual Startup Time": 161.697,
              "Actual Total Time": 161.699,
              "Actual Rows": 1,
              "Actual Loops": 4,
              "Plans": [
                {
                  "Node Type": "Seq Scan",
                  "Parent Relationship": "Outer",
                  "Parallel Aware": true,
                  "Relation Name": "movie_keyword",
                  "Alias": "mk",
                  "Startup Cost": 0.0,
                  "Total Cost": 42695.65,
                  "Plan Rows": 1140760,
                  "Plan Width": 0,
                  "Actual Startup Time": 0.032,
                  "Actual Total Time": 121.687,
                  "Actual Rows": 885345,
                  "Actual Loops": 4,
                  "Filter": "(keyword_id < 18856)",
                  "Rows Removed by Filter": 245638
                }
              ]
            }
          ]
        }
      ]
    },
    "Planning Time": 0.19,
    "Triggers": [],
    "Execution Time": 177.317
  }
]