{
  "Plan": {
    "Node Type": "Aggregate",
    "Strategy": "Plain",
    "Partial Mode": "Simple",
    "Parallel Aware": false,
    "Startup Cost": 426712.33,
    "Total Cost": 426712.34,
    "Plan Rows": 1,
    "Plan Width": 96,
    "Actual Startup Time": 2438.426,
    "Actual Total Time": 2454.926,
    "Actual Rows": 1,
    "Actual Loops": 1,
    "Plans": [
      {
        "Node Type": "Nested Loop",
        "Parent Relationship": "Outer",
        "Parallel Aware": false,
        "Join Type": "Inner",
        "Startup Cost": 148007.17,
        "Total Cost": 426712.32,
        "Plan Rows": 1,
        "Plan Width": 42,
        "Actual Startup Time": 2182.527,
        "Actual Total Time": 2454.742,
        "Actual Rows": 433,
        "Actual Loops": 1,
        "Inner Unique": false,
        "Join Filter": "(mi.info_type_id = it1.id)",
        "Rows Removed by Join Filter": 180,
        "Plans": [
          {
            "Node Type": "Seq Scan",
            "Parent Relationship": "Outer",
            "Parallel Aware": false,
            "Relation Name": "info_type",
            "Alias": "it1",
            "Startup Cost": 0.0,
            "Total Cost": 2.41,
            "Plan Rows": 1,
            "Plan Width": 4,
            "Actual Startup Time": 0.021,
            "Actual Total Time": 0.032,
            "Actual Rows": 1,
            "Actual Loops": 1,
            "Filter": "((info)::text = 'countries'::text)",
            "Rows Removed by Filter": 112
          },
          {
            "Node Type": "Nested Loop",
            "Parent Relationship": "Inner",
            "Parallel Aware": false,
            "Join Type": "Inner",
            "Startup Cost": 148007.17,
            "Total Cost": 426709.89,
            "Plan Rows": 1,
            "Plan Width": 46,
            "Actual Startup Time": 1638.804,
            "Actual Total Time": 2454.597,
            "Actual Rows": 613,
            "Actual Loops": 1,
            "Inner Unique": false,
            "Join Filter": "(mk.keyword_id = k.id)",
            "Rows Removed by Join Filter": 247244,
            "Plans": [
              {
                "Node Type": "Seq Scan",
                "Parent Relationship": "Outer",
                "Parallel Aware": false,
                "Relation Name": "keyword",
                "Alias": "k",
                "Startup Cost": 0.0,
                "Total Cost": 2961.55,
                "Plan Rows": 4,
                "Plan Width": 4,
                "Actual Startup Time": 1.511,
                "Actual Total Time": 24.347,
                "Actual Rows": 3,
                "Actual Loops": 1,
                "Filter": "(keyword = ANY ('{murder,murder-in-title,blood,violence}'::text[]))",
                "Rows Removed by Filter": 134167
              },
              {
                "Node Type": "Materialize",
                "Parent Relationship": "Inner",
                "Parallel Aware": false,
                "Startup Cost": 148007.17,
                "Total Cost": 423706.89,
                "Plan Rows": 721,
                "Plan Width": 50,
                "Actual Startup Time": 530.317,
                "Actual Total Time": 802.109,
                "Actual Rows": 82619,
                "Actual Loops": 3,
                "Plans": [
                  {
                    "Node Type": "Hash Join",
                    "Parent Relationship": "Outer",
                    "Parallel Aware": false,
                    "Join Type": "Inner",
                    "Startup Cost": 148007.17,
                    "Total Cost": 423703.28,
                    "Plan Rows": 721,
                    "Plan Width": 50,
                    "Actual Startup Time": 1590.934,
                    "Actual Total Time": 2354.906,
                    "Actual Rows": 82619,
                    "Actual Loops": 1,
                    "Inner Unique": false,
                    "Hash Cond": "(mi.movie_id = t.id)",
                    "Plans": [
                      {
                        "Node Type": "Gather",
                        "Parent Relationship": "Outer",
                        "Parallel Aware": false,
                        "Startup Cost": 1000.0,
                        "Total Cost": 274197.62,
                        "Plan Rows": 665991,
                        "Plan Width": 8,
                        "Actual Startup Time": 2.644,
                        "Actual Total Time": 633.852,
                        "Actual Rows": 669336,
                        "Actual Loops": 1,
                        "Workers Planned": 5,
                        "Workers Launched": 5,
                        "Single Copy": false,
                        "Plans": [
                          {
                            "Node Type": "Seq Scan",
                            "Parent Relationship": "Outer",
                            "Parallel Aware": true,
                            "Relation Name": "movie_info",
                            "Alias": "mi",
                            "Startup Cost": 0.0,
                            "Total Cost": 206598.52,
                            "Plan Rows": 133198,
                            "Plan Width": 8,
                            "Actual Startup Time": 0.422,
                            "Actual Total Time": 670.548,
                            "Actual Rows": 111556,
                            "Actual Loops": 6,
                            "Filter": "(info = ANY ('{Germany,German,USA,American}'::text[]))",
                            "Rows Removed by Filter": 2361064
                          }
                        ]
                      },
                      {
                        "Node Type": "Hash",
                        "Parent Relationship": "Inner",
                        "Parallel Aware": false,
                        "Startup Cost": 147002.28,
                        "Total Cost": 147002.28,
                        "Plan Rows": 391,
                        "Plan Width": 62,
                        "Actual Startup Time": 1587.626,
                        "Actual Total Time": 1603.955,
                        "Actual Rows": 67757,
                        "Actual Loops": 1,
                        "Hash Buckets": 131072,
                        "Original Hash Buckets": 1024,
                        "Hash Batches": 1,
                        "Original Hash Batches": 1,
                        "Peak Memory Usage": 7477,
                        "Plans": [
                          {
                            "Node Type": "Nested Loop",
                            "Parent Relationship": "Outer",
                            "Parallel Aware": false,
                            "Join Type": "Inner",
                            "Startup Cost": 78186.99,
                            "Total Cost": 147002.28,
                            "Plan Rows": 391,
                            "Plan Width": 62,
                            "Actual Startup Time": 1099.316,
                            "Actual Total Time": 1571.889,
                            "Actual Rows": 67757,
                            "Actual Loops": 1,
                            "Inner Unique": false,
                            "Join Filter": "(t.kind_id = kt.id)",
                            "Rows Removed by Join Filter": 67979,
                            "Plans": [
                              {
                                "Node Type": "Seq Scan",
                                "Parent Relationship": "Outer",
                                "Parallel Aware": false,
                                "Relation Name": "kind_type",
                                "Alias": "kt",
                                "Startup Cost": 0.0,
                                "Total Cost": 1.09,
                                "Plan Rows": 2,
                                "Plan Width": 4,
                                "Actual Startup Time": 0.011,
                                "Actual Total Time": 0.024,
                                "Actual Rows": 2,
                                "Actual Loops": 1,
                                "Filter": "((kind)::text = ANY ('{movie,episode}'::text[]))",
                                "Rows Removed by Filter": 5
                              },
                              {
                                "Node Type": "Materialize",
                                "Parent Relationship": "Inner",
                                "Parallel Aware": false,
                                "Startup Cost": 78186.99,
                                "Total Cost": 146963.6,
                                "Plan Rows": 1367,
                                "Plan Width": 66,
                                "Actual Startup Time": 395.445,
                                "Actual Total Time": 774.234,
                                "Actual Rows": 67868,
                                "Actual Loops": 2,
                                "Plans": [
                                  {
                                    "Node Type": "Nested Loop",
                                    "Parent Relationship": "Outer",
                                    "Parallel Aware": false,
                                    "Join Type": "Inner",
                                    "Startup Cost": 78186.99,
                                    "Total Cost": 146956.76,
                                    "Plan Rows": 1367,
                                    "Plan Width": 66,
                                    "Actual Startup Time": 790.873,
                                    "Actual Total Time": 1495.052,
                                    "Actual Rows": 67868,
                                    "Actual Loops": 1,
                                    "Inner Unique": false,
                                    "Join Filter": "(t.id = mk.movie_id)",
                                    "Rows Removed by Join Filter": 0,
                                    "Plans": [
                                      {
                                        "Node Type": "Hash Join",
                                        "Parent Relationship": "Outer",
                                        "Parallel Aware": false,
                                        "Join Type": "Inner",
                                        "Startup Cost": 78186.55,
                                        "Total Cost": 146689.09,
                                        "Plan Rows": 136,
                                        "Plan Width": 58,
                                        "Actual Startup Time": 790.793,
                                        "Actual Total Time": 1416.842,
                                        "Actual Rows": 2450,
                                        "Actual Loops": 1,
                                        "Inner Unique": false,
                                        "Hash Cond": "(t.id = mi_idx.movie_id)",
                                        "Plans": [
                                          {
                                            "Node Type": "Seq Scan",
                                            "Parent Relationship": "Outer",
                                            "Parallel Aware": false,
                                            "Relation Name": "title",
                                            "Alias": "t",
                                            "Startup Cost": 0.0,
                                            "Total Cost": 67604.36,
                                            "Plan Rows": 239151,
                                            "Plan Width": 25,
                                            "Actual Startup Time": 0.05,
                                            "Actual Total Time": 513.765,
                                            "Actual Rows": 241400,
                                            "Actual Loops": 1,
                                            "Filter": "(production_year < 1960)",
                                            "Rows Removed by Filter": 2286912
                                          },
                                          {
                                            "Node Type": "Hash",
                                            "Parent Relationship": "Inner",
                                            "Parallel Aware": false,
                                            "Startup Cost": 78168.54,
                                            "Total Cost": 78168.54,
                                            "Plan Rows": 1441,
                                            "Plan Width": 33,
                                            "Actual Startup Time": 759.167,
                                            "Actual Total Time": 775.486,
                                            "Actual Rows": 115293,
                                            "Actual Loops": 1,
                                            "Hash Buckets": 131072,
                                            "Original Hash Buckets": 2048,
                                            "Hash Batches": 1,
                                            "Original Hash Batches": 1,
                                            "Peak Memory Usage": 8328,
                                            "Plans": [
                                              {
                                                "Node Type": "Nested Loop",
                                                "Parent Relationship": "Outer",
                                                "Parallel Aware": false,
                                                "Join Type": "Inner",
                                                "Startup Cost": 27879.02,
                                                "Total Cost": 78168.54,
                                                "Plan Rows": 1441,
                                                "Plan Width": 33,
                                                "Actual Startup Time": 337.809,
                                                "Actual Total Time": 735.214,
                                                "Actual Rows": 115293,
                                                "Actual Loops": 1,
                                                "Inner Unique": false,
                                                "Join Filter": "(mi_idx.info_type_id = it2.id)",
                                                "Rows Removed by Join Filter": 342316,
                                                "Plans": [
                                                  {
                                                    "Node Type": "Seq Scan",
                                                    "Parent Relationship": "Outer",
                                                    "Parallel Aware": false,
                                                    "Relation Name": "info_type",
                                                    "Alias": "it2",
                                                    "Startup Cost": 0.0,
                                                    "Total Cost": 2.41,
                                                    "Plan Rows": 1,
                                                    "Plan Width": 4,
                                                    "Actual Startup Time": 0.016,
                                                    "Actual Total Time": 0.024,
                                                    "Actual Rows": 1,
                                                    "Actual Loops": 1,
                                                    "Filter": "((info)::text = 'rating'::text)",
                                                    "Rows Removed by Filter": 112
                                                  },
                                                  {
                                                    "Node Type": "Gather",
                                                    "Parent Relationship": "Inner",
                                                    "Parallel Aware": false,
                                                    "Startup Cost": 27879.02,
                                                    "Total Cost": 76130.07,
                                                    "Plan Rows": 162885,
                                                    "Plan Width": 37,
                                                    "Actual Startup Time": 337.777,
                                                    "Actual Total Time": 679.16,
                                                    "Actual Rows": 457609,
                                                    "Actual Loops": 1,
                                                    "Workers Planned": 3,
                                                    "Workers Launched": 2,
                                                    "Single Copy": false,
                                                    "Plans": [
                                                      {
                                                        "Node Type": "Hash Join",
                                                        "Parent Relationship": "Outer",
                                                        "Parallel Aware": true,
                                                        "Join Type": "Inner",
                                                        "Startup Cost": 26879.02,
                                                        "Total Cost": 58841.57,
                                                        "Plan Rows": 52544,
                                                        "Plan Width": 37,
                                                        "Actual Startup Time": 326.159,
                                                        "Actual Total Time": 593.256,
                                                        "Actual Rows": 152536,
                                                        "Actual Loops": 3,
                                                        "Inner Unique": false,
                                                        "Hash Cond": "(mc.movie_id = mi_idx.movie_id)",
                                                        "Plans": [
                                                          {
                                                            "Node Type": "Hash Join",
                                                            "Parent Relationship": "Outer",
                                                            "Parallel Aware": false,
                                                            "Join Type": "Inner",
                                                            "Startup Cost": 5646.61,
                                                            "Total Cost": 37302.61,
                                                            "Plan Rows": 23365,
                                                            "Plan Width": 23,
                                                            "Actual Startup Time": 43.829,
                                                            "Actual Total Time": 258.816,
                                                            "Actual Rows": 82796,
                                                            "Actual Loops": 3,
                                                            "Inner Unique": true,
                                                            "Hash Cond": "(mc.company_type_id = ct.id)",
                                                            "Plans": [
                                                              {
                                                                "Node Type": "Hash Join",
                                                                "Parent Relationship": "Outer",
                                                                "Parallel Aware": true,
                                                                "Join Type": "Inner",
                                                                "Startup Cost": 5645.52,
                                                                "Total Cost": 37175.21,
                                                                "Plan Rows": 23365,
                                                                "Plan Width": 27,
                                                                "Actual Startup Time": 43.744,
                                                                "Actual Total Time": 244.695,
                                                                "Actual Rows": 82796,
                                                                "Actual Loops": 3,
                                                                "Inner Unique": true,
                                                                "Hash Cond": "(mc.company_id = cn.id)",
                                                                "Plans": [
                                                                  {
                                                                    "Node Type": "Seq Scan",
                                                                    "Parent Relationship": "Outer",
                                                                    "Parallel Aware": true,
                                                                    "Relation Name": "movie_companies",
                                                                    "Alias": "mc",
                                                                    "Startup Cost": 0.0,
                                                                    "Total Cost": 31414.82,
                                                                    "Plan Rows": 43760,
                                                                    "Plan Width": 12,
                                                                    "Actual Startup Time": 0.015,
                                                                    "Actual Total Time": 169.201,
                                                                    "Actual Rows": 101090,
                                                                    "Actual Loops": 3,
                                                                    "Filter": "((note !~~ '%(USA)%'::text) AND (note ~~ '%(200%)%'::text))",
                                                                    "Rows Removed by Filter": 768619
                                                                  },
                                                                  {
                                                                    "Node Type": "Hash",
                                                                    "Parent Relationship": "Inner",
                                                                    "Parallel Aware": true,
                                                                    "Startup Cost": 4722.92,
                                                                    "Total Cost": 4722.92,
                                                                    "Plan Rows": 73808,
                                                                    "Plan Width": 23,
                                                                    "Actual Startup Time": 40.142,
                                                                    "Actual Total Time": 40.143,
                                                                    "Actual Rows": 42077,
                                                                    "Actual Loops": 3,
                                                                    "Hash Buckets": 131072,
                                                                    "Original Hash Buckets": 131072,
                                                                    "Hash Batches": 1,
                                                                    "Original Hash Batches": 1,
                                                                    "Peak Memory Usage": 8288,
                                                                    "Plans": [
                                                                      {
                                                                        "Node Type": "Seq Scan",
                                                                        "Parent Relationship": "Outer",
                                                                        "Parallel Aware": true,
                                                                        "Relation Name": "company_name",
                                                                        "Alias": "cn",
                                                                        "Startup Cost": 0.0,
                                                                        "Total Cost": 4722.92,
                                                                        "Plan Rows": 73808,
                                                                        "Plan Width": 23,
                                                                        "Actual Startup Time": 0.024,
                                                                        "Actual Total Time": 17.911,
                                                                        "Actual Rows": 42077,
                                                                        "Actual Loops": 3,
                                                                        "Filter": "((country_code)::text <> '[us]'::text)",
                                                                        "Rows Removed by Filter": 36256
                                                                      }
                                                                    ]
                                                                  }
                                                                ]
                                                              },
                                                              {
                                                                "Node Type": "Hash",
                                                                "Parent Relationship": "Inner",
                                                                "Parallel Aware": false,
                                                                "Startup Cost": 1.04,
                                                                "Total Cost": 1.04,
                                                                "Plan Rows": 4,
                                                                "Plan Width": 4,
                                                                "Actual Startup Time": 0.038,
                                                                "Actual Total Time": 0.039,
                                                                "Actual Rows": 4,
                                                                "Actual Loops": 3,
                                                                "Hash Buckets": 1024,
                                                                "Original Hash Buckets": 1024,
                                                                "Hash Batches": 1,
                                                                "Original Hash Batches": 1,
                                                                "Peak Memory Usage": 9,
                                                                "Plans": [
                                                                  {
                                                                    "Node Type": "Seq Scan",
                                                                    "Parent Relationship": "Outer",
                                                                    "Parallel Aware": false,
                                                                    "Relation Name": "company_type",
                                                                    "Alias": "ct",
                                                                    "Startup Cost": 0.0,
                                                                    "Total Cost": 1.04,
                                                                    "Plan Rows": 4,
                                                                    "Plan Width": 4,
                                                                    "Actual Startup Time": 0.028,
                                                                    "Actual Total Time": 0.03,
                                                                    "Actual Rows": 4,
                                                                    "Actual Loops": 3
                                                                  }
                                                                ]
                                                              }
                                                            ]
                                                          },
                                                          {
                                                            "Node Type": "Hash",
                                                            "Parent Relationship": "Inner",
                                                            "Parallel Aware": true,
                                                            "Startup Cost": 15122.68,
                                                            "Total Cost": 15122.68,
                                                            "Plan Rows": 488778,
                                                            "Plan Width": 14,
                                                            "Actual Startup Time": 272.252,
                                                            "Actual Total Time": 272.253,
                                                            "Actual Rows": 390987,
                                                            "Actual Loops": 3,
                                                            "Hash Buckets": 2097152,
                                                            "Original Hash Buckets": 2097152,
                                                            "Hash Batches": 1,
                                                            "Original Hash Batches": 1,
                                                            "Peak Memory Usage": 75104,
                                                            "Plans": [
                                                              {
                                                                "Node Type": "Seq Scan",
                                                                "Parent Relationship": "Outer",
                                                                "Parallel Aware": true,
                                                                "Relation Name": "movie_info_idx",
                                                                "Alias": "mi_idx",
                                                                "Startup Cost": 0.0,
                                                                "Total Cost": 15122.68,
                                                                "Plan Rows": 488778,
                                                                "Plan Width": 14,
                                                                "Actual Startup Time": 0.082,
                                                                "Actual Total Time": 105.894,
                                                                "Actual Rows": 390987,
                                                                "Actual Loops": 3,
                                                                "Filter": "(info < '7.0'::text)",
                                                                "Rows Removed by Filter": 69025
                                                              }
                                                            ]
                                                          }
                                                        ]
                                                      }
                                                    ]
                                                  }
                                                ]
                                              }
                                            ]
                                          }
                                        ]
                                      },
                                      {
                                        "Node Type": "Index Scan",
                                        "Parent Relationship": "Inner",
                                        "Parallel Aware": false,
                                        "Scan Direction": "Forward",
                                        "Index Name": "movie_id_movie_keyword",
                                        "Relation Name": "movie_keyword",
                                        "Alias": "mk",
                                        "Startup Cost": 0.43,
                                        "Total Cost": 1.39,
                                        "Plan Rows": 46,
                                        "Plan Width": 8,
                                        "Actual Startup Time": 0.019,
                                        "Actual Total Time": 0.026,
                                        "Actual Rows": 28,
                                        "Actual Loops": 2450,
                                        "Index Cond": "(movie_id = mi_idx.movie_id)",
                                        "Rows Removed by Index Recheck": 0
                                      }
                                    ]
                                  }
                                ]
                              }
                            ]
                          }
                        ]
                      }
                    ]
                  }
                ]
              }
            ]
          }
        ]
      }
    ]
  },
  "Planning Time": 45.522,
  "Triggers": [],
  "Execution Time": 2462.349
}