[
  {
    "Plan": {
      "Node Type": "Aggregate",
      "Strategy": "Plain",
      "Partial Mode": "Finalize",
      "Parallel Aware": false,
      "Startup Cost": 31195.2,
      "Total Cost": 31195.21,
      "Plan Rows": 1,
      "Plan Width": 8,
      "Actual Startup Time": 82.849,
      "Actual Total Time": 100.089,
      "Actual Rows": 1,
      "Actual Loops": 1,
      "Plans": [
        {
          "Node Type": "Gather",
          "Parent Relationship": "Outer",
          "Parallel Aware": false,
          "Startup Cost": 31194.99,
          "Total Cost": 31195.2,
          "Plan Rows": 2,
          "Plan Width": 8,
          "Actual Startup Time": 82.726,
          "Actual Total Time": 100.081,
          "Actual Rows": 3,
          "Actual Loops": 1,
          "Workers Planned": 2,
          "Workers Launched": 2,
          "Single Copy": false,
          "Plans": [
            {
              "Node Type": "Aggregate",
              "Strategy": "Plain",
              "Partial Mode": "Partial",
              "Parent Relationship": "Outer",
              "Parallel Aware": false,
              "Startup Cost": 30194.99,
              "Total Cost": 30195.0,
              "Plan Rows": 1,
              "Plan Width": 8,
              "Actual Startup Time": 79.034,
              "Actual Total Time": 79.036,
              "Actual Rows": 1,
              "Actual Loops": 3,
              "Plans": [
                {
                  "Node Type": "Nested Loop",
                  "Parent Relationship": "Outer",
                  "Parallel Aware": false,
                  "Join Type": "Inner",
                  "Startup Cost": 106.7,
                  "Total Cost": 30191.91,
                  "Plan Rows": 1231,
                  "Plan Width": 0,
                  "Actual Startup Time": 4.846,
                  "Actual Total Time": 78.759,
                  "Actual Rows": 2535,
                  "Actual Loops": 3,
                  "Inner Unique": false,
                  "Plans": [
                    {
                      "Node Type": "Nested Loop",
                      "Parent Relationship": "Outer",
                      "Parallel Aware": false,
                      "Join Type": "Inner",
                      "Startup Cost": 106.26,
                      "Total Cost": 26899.87,
                      "Plan Rows": 2011,
                      "Plan Width": 8,
                      "Actual Startup Time": 4.157,
                      "Actual Total Time": 23.762,
                      "Actual Rows": 1751,
                      "Actual Loops": 3,
                      "Inner Unique": true,
                      "Plans": [
                        {
                          "Node Type": "Bitmap Heap Scan",
                          "Parent Relationship": "Outer",
                          "Parallel Aware": true,
                          "Relation Name": "movie_keyword",
                          "Alias": "mk",
                          "Startup Cost": 105.83,
                          "Total Cost": 12117.13,
                          "Plan Rows": 2011,
                          "Plan Width": 4,
                          "Actual Startup Time": 4.063,
                          "Actual Total Time": 10.197,
                          "Actual Rows": 1751,
                          "Actual Loops": 3,
                          "Recheck Cond": "(keyword_id = 3311)",
                          "Rows Removed by Index Recheck": 0,
                          "Exact Heap Blocks": 2012,
                          "Lossy Heap Blocks": 0,
                          "Plans": [
                            {
                              "Node Type": "Bitmap Index Scan",
                              "Parent Relationship": "Outer",
                              "Parallel Aware": false,
                              "Index Name": "keyword_id_movie_keyword",
                              "Startup Cost": 0.0,
                              "Total Cost": 104.63,
                              "Plan Rows": 4826,
                              "Plan Width": 0,
                              "Actual Startup Time": 5.052,
                              "Actual Total Time": 5.053,
                              "Actual Rows": 5252,
                              "Actual Loops": 1,
                              "Index Cond": "(keyword_id = 3311)"
                            }
                          ]
                        },
                        {
                          "Node Type": "Index Only Scan",
                          "Parent Relationship": "Inner",
                          "Parallel Aware": false,
                          "Scan Direction": "Forward",
                          "Index Name": "title_pkey",
                          "Relation Name": "title",
                          "Alias": "t",
                          "Startup Cost": 0.43,
                          "Total Cost": 7.35,
                          "Plan Rows": 1,
                          "Plan Width": 4,
                          "Actual Startup Time": 0.007,
                          "Actual Total Time": 0.007,
                          "Actual Rows": 1,
                          "Actual Loops": 5252,
                          "Index Cond": "(id = mk.movie_id)",
                          "Rows Removed by Index Recheck": 0,
                          "Heap Fetches": 5252
                        }
                      ]
                    },
                    {
                      "Node Type": "Index Scan",
                      "Parent Relationship": "Inner",
                      "Parallel Aware": false,
                      "Scan Direction": "Forward",
                      "Index Name": "movie_id_movie_info",
                      "Relation Name": "movie_info",
                      "Alias": "mi",
                      "Startup Cost": 0.43,
                      "Total Cost": 1.6,
                      "Plan Rows": 4,
                      "Plan Width": 4,
                      "Actual Startup Time": 0.031,
                      "Actual Total Time": 0.031,
                      "Actual Rows": 1,
                      "Actual Loops": 5252,
                      "Index Cond": "(movie_id = t.id)",
                      "Rows Removed by Index Recheck": 0,
                      "Filter": "(info_type_id = 3)",
                      "Rows Removed by Filter": 24
                    }
                  ]
                }
              ]
            }
          ]
        }
      ]
    },
    "Planning Time": 1.482,
    "Triggers": [],
    "Execution Time": 100.205
  }
]