[
  {
    "Plan": {
      "Node Type": "Aggregate",
      "Strategy": "Plain",
      "Partial Mode": "Finalize",
      "Parallel Aware": false,
      "Startup Cost": 75277.03,
      "Total Cost": 75277.04,
      "Plan Rows": 1,
      "Plan Width": 8,
      "Actual Startup Time": 215.48,
      "Actual Total Time": 233.093,
      "Actual Rows": 1,
      "Actual Loops": 1,
      "Plans": [
        {
          "Node Type": "Gather",
          "Parent Relationship": "Outer",
          "Parallel Aware": false,
          "Startup Cost": 75276.72,
          "Total Cost": 75277.03,
          "Plan Rows": 3,
          "Plan Width": 8,
          "Actual Startup Time": 213.289,
          "Actual Total Time": 233.081,
          "Actual Rows": 4,
          "Actual Loops": 1,
          "Workers Planned": 3,
          "Workers Launched": 3,
          "Single Copy": false,
          "Plans": [
            {
              "Node Type": "Aggregate",
              "Strategy": "Plain",
              "Partial Mode": "Partial",
              "Parent Relationship": "Outer",
              "Parallel Aware": false,
              "Startup Cost": 74276.72,
              "Total Cost": 74276.73,
              "Plan Rows": 1,
              "Plan Width": 8,
              "Actual Startup Time": 207.596,
              "Actual Total Time": 207.6,
              "Actual Rows": 1,
              "Actual Loops": 4,
              "Plans": [
                {
                  "Node Type": "Hash Join",
                  "Parent Relationship": "Outer",
                  "Parallel Aware": true,
                  "Join Type": "Inner",
                  "Startup Cost": 49219.9,
                  "Total Cost": 74262.18,
                  "Plan Rows": 5816,
                  "Plan Width": 0,
                  "Actual Startup Time": 156.404,
                  "Actual Total Time": 207.001,
                  "Actual Rows": 6553,
                  "Actual Loops": 4,
                  "Inner Unique": true,
                  "Hash Cond": "(mk.movie_id = t.id)",
                  "Plans": [
                    {
                      "Node Type": "Bitmap Heap Scan",
                      "Parent Relationship": "Outer",
                      "Parallel Aware": true,
                      "Relation Name": "movie_keyword",
                      "Alias": "mk",
                      "Startup Cost": 2558.87,
                      "Total Cost": 27499.04,
                      "Plan Rows": 38894,
                      "Plan Width": 4,
                      "Actual Startup Time": 19.167,
                      "Actual Total Time": 58.922,
                      "Actual Rows": 30480,
                      "Actual Loops": 4,
                      "Recheck Cond": "(keyword_id < 117)",
                      "Rows Removed by Index Recheck": 0,
                      "Exact Heap Blocks": 8637,
                      "Lossy Heap Blocks": 0,
                      "Plans": [
                        {
                          "Node Type": "Bitmap Index Scan",
                          "Parent Relationship": "Outer",
                          "Parallel Aware": false,
                          "Index Name": "keyword_id_movie_keyword",
                          "Startup Cost": 0.0,
                          "Total Cost": 2528.72,
                          "Plan Rows": 120572,
                          "Plan Width": 0,
                          "Actual Startup Time": 13.813,
                          "Actual Total Time": 13.814,
                          "Actual Rows": 121921,
                          "Actual Loops": 1,
                          "Index Cond": "(keyword_id < 117)"
                        }
                      ]
                    },
                    {
                      "Node Type": "Hash",
                      "Parent Relationship": "Inner",
                      "Parallel Aware": true,
                      "Startup Cost": 45479.59,
                      "Total Cost": 45479.59,
                      "Plan Rows": 94516,
                      "Plan Width": 4,
                      "Actual Startup Time": 134.03,
                      "Actual Total Time": 134.032,
                      "Actual Rows": 74860,
                      "Actual Loops": 4,
                      "Hash Buckets": 524288,
                      "Original Hash Buckets": 524288,
                      "Hash Batches": 1,
                      "Original Hash Batches": 1,
                      "Peak Memory Usage": 15904,
                      "Plans": [
                        {
                          "Node Type": "Seq Scan",
                          "Parent Relationship": "Outer",
                          "Parallel Aware": true,
                          "Relation Name": "title",
                          "Alias": "t",
                          "Startup Cost": 0.0,
                          "Total Cost": 45479.59,
                          "Plan Rows": 94516,
                          "Plan Width": 4,
                          "Actual Startup Time": 0.04,
                          "Actual Total Time": 101.907,
                          "Actual Rows": 74860,
                          "Actual Loops": 4,
                          "Filter": "((kind_id < 3) AND (production_year > 2002))",
                          "Rows Removed by Filter": 557218
                        }
                      ]
                    }
                  ]
                }
              ]
            }
          ]
        }
      ]
    },
    "Planning Time": 0.537,
    "Triggers": [],
    "Execution Time": 233.192
  }
]