[
  {
    "Plan": {
      "Node Type": "Aggregate",
      "Strategy": "Plain",
      "Partial Mode": "Finalize",
      "Parallel Aware": false,
      "Startup Cost": 24026.31,
      "Total Cost": 24026.32,
      "Plan Rows": 1,
      "Plan Width": 8,
      "Actual Startup Time": 52.978,
      "Actual Total Time": 57.083,
      "Actual Rows": 1,
      "Actual Loops": 1,
      "Plans": [
        {
          "Node Type": "Gather",
          "Parent Relationship": "Outer",
          "Parallel Aware": false,
          "Startup Cost": 24025.99,
          "Total Cost": 24026.3,
          "Plan Rows": 3,
          "Plan Width": 8,
          "Actual Startup Time": 52.728,
          "Actual Total Time": 57.075,
          "Actual Rows": 4,
          "Actual Loops": 1,
          "Workers Planned": 3,
          "Workers Launched": 3,
          "Single Copy": false,
          "Plans": [
            {
              "Node Type": "Aggregate",
              "Strategy": "Plain",
              "Partial Mode": "Partial",
              "Parent Relationship": "Outer",
              "Parallel Aware": false,
              "Startup Cost": 23025.99,
              "Total Cost": 23026.0,
              "Plan Rows": 1,
              "Plan Width": 8,
              "Actual Startup Time": 45.173,
              "Actual Total Time": 45.175,
              "Actual Rows": 1,
              "Actual Loops": 4,
              "Plans": [
                {
                  "Node Type": "Bitmap Heap Scan",
                  "Parent Relationship": "Outer",
                  "Parallel Aware": true,
                  "Relation Name": "movie_companies",
                  "Alias": "mc",
                  "Startup Cost": 3462.81,
                  "Total Cost": 22897.13,
                  "Plan Rows": 51545,
                  "Plan Width": 0,
                  "Actual Startup Time": 16.721,
                  "Actual Total Time": 41.7,
                  "Actual Rows": 39106,
                  "Actual Loops": 4,
                  "Recheck Cond": "(company_id > 129330)",
                  "Rows Removed by Index Recheck": 0,
                  "Exact Heap Blocks": 2388,
                  "Lossy Heap Blocks": 0,
                  "Plans": [
                    {
                      "Node Type": "Bitmap Index Scan",
                      "Parent Relationship": "Outer",
                      "Parallel Aware": false,
                      "Index Name": "company_id_movie_companies",
                      "Startup Cost": 0.0,
                      "Total Cost": 3422.86,
                      "Plan Rows": 159791,
                      "Plan Width": 0,
                      "Actual Startup Time": 22.237,
                      "Actual Total Time": 22.238,
                      "Actual Rows": 156425,
                      "Actual Loops": 1,
                      "Index Cond": "(company_id > 129330)"
                    }
                  ]
                }
              ]
            }
          ]
        }
      ]
    },
    "Planning Time": 0.157,
    "Triggers": [],
    "Execution Time": 57.146
  }
]