{
  "Plan": {
    "Node Type": "Aggregate",
    "Strategy": "Plain",
    "Partial Mode": "Finalize",
    "Parallel Aware": false,
    "Startup Cost": 1191299.71,
    "Total Cost": 1191299.72,
    "Plan Rows": 1,
    "Plan Width": 8,
    "Actual Startup Time": 12923.689,
    "Actual Total Time": 13007.062,
    "Actual Rows": 1,
    "Actual Loops": 1,
    "Plans": [
      {
        "Node Type": "Gather",
        "Parent Relationship": "Outer",
        "Parallel Aware": false,
        "Startup Cost": 1191299.6,
        "Total Cost": 1191299.71,
        "Plan Rows": 1,
        "Plan Width": 8,
        "Actual Startup Time": 12916.479,
        "Actual Total Time": 13007.054,
        "Actual Rows": 2,
        "Actual Loops": 1,
        "Workers Planned": 1,
        "Workers Launched": 1,
        "Single Copy": false,
        "Plans": [
          {
            "Node Type": "Aggregate",
            "Strategy": "Plain",
            "Partial Mode": "Partial",
            "Parent Relationship": "Outer",
            "Parallel Aware": false,
            "Startup Cost": 1190299.6,
            "Total Cost": 1190299.61,
            "Plan Rows": 1,
            "Plan Width": 8,
            "Actual Startup Time": 12897.386,
            "Actual Total Time": 12897.392,
            "Actual Rows": 1,
            "Actual Loops": 2,
            "Plans": [
              {
                "Node Type": "Hash Join",
                "Parent Relationship": "Outer",
                "Parallel Aware": true,
                "Join Type": "Inner",
                "Startup Cost": 672698.65,
                "Total Cost": 1142597.67,
                "Plan Rows": 19080774,
                "Plan Width": 0,
                "Actual Startup Time": 6085.765,
                "Actual Total Time": 11920.203,
                "Actual Rows": 24229689,
                "Actual Loops": 2,
                "Inner Unique": false,
                "Hash Cond": "(mi.movie_id = t.id)",
                "Plans": [
                  {
                    "Node Type": "Seq Scan",
                    "Parent Relationship": "Outer",
                    "Parallel Aware": true,
                    "Relation Name": "movie_info",
                    "Alias": "mi",
                    "Startup Cost": 0.0,
                    "Total Cost": 248955.74,
                    "Plan Rows": 8696274,
                    "Plan Width": 4,
                    "Actual Startup Time": 0.015,
                    "Actual Total Time": 625.548,
                    "Actual Rows": 7417860,
                    "Actual Loops": 2
                  },
                  {
                    "Node Type": "Hash",
                    "Parent Relationship": "Inner",
                    "Parallel Aware": true,
                    "Startup Cost": 631908.87,
                    "Total Cost": 631908.87,
                    "Plan Rows": 3263182,
                    "Plan Width": 8,
                    "Actual Startup Time": 6050.889,
                    "Actual Total Time": 6050.893,
                    "Actual Rows": 2938199,
                    "Actual Loops": 2,
                    "Hash Buckets": 8388608,
                    "Original Hash Buckets": 8388608,
                    "Hash Batches": 1,
                    "Original Hash Batches": 1,
                    "Peak Memory Usage": 295456,
                    "Plans": [
                      {
                        "Node Type": "Hash Join",
                        "Parent Relationship": "Outer",
                        "Parallel Aware": true,
                        "Join Type": "Inner",
                        "Startup Cost": 57464.09,
                        "Total Cost": 631908.87,
                        "Plan Rows": 3263182,
                        "Plan Width": 8,
                        "Actual Startup Time": 194.263,
                        "Actual Total Time": 5077.42,
                        "Actual Rows": 2938199,
                        "Actual Loops": 2,
                        "Inner Unique": true,
                        "Hash Cond": "(ci.movie_id = t.id)",
                        "Plans": [
                          {
                            "Node Type": "Seq Scan",
                            "Parent Relationship": "Outer",
                            "Parallel Aware": true,
                            "Relation Name": "cast_info",
                            "Alias": "ci",
                            "Startup Cost": 0.0,
                            "Total Cost": 519069.44,
                            "Plan Rows": 21095334,
                            "Plan Width": 4,
                            "Actual Startup Time": 8.423,
                            "Actual Total Time": 1690.707,
                            "Actual Rows": 17942808,
                            "Actual Loops": 2,
                            "Filter": "(person_id > 41455)",
                            "Rows Removed by Filter": 179364
                          },
                          {
                            "Node Type": "Hash",
                            "Parent Relationship": "Inner",
                            "Parallel Aware": true,
                            "Startup Cost": 54588.39,
                            "Total Cost": 54588.39,
                            "Plan Rows": 230056,
                            "Plan Width": 4,
                            "Actual Startup Time": 184.376,
                            "Actual Total Time": 184.377,
                            "Actual Rows": 195833,
                            "Actual Loops": 2,
                            "Hash Buckets": 524288,
                            "Original Hash Buckets": 524288,
                            "Hash Batches": 1,
                            "Original Hash Batches": 1,
                            "Peak Memory Usage": 19456,
                            "Plans": [
                              {
                                "Node Type": "Seq Scan",
                                "Parent Relationship": "Outer",
                                "Parallel Aware": true,
                                "Relation Name": "title",
                                "Alias": "t",
                                "Startup Cost": 0.0,
                                "Total Cost": 54588.39,
                                "Plan Rows": 230056,
                                "Plan Width": 4,
                                "Actual Startup Time": 0.039,
                                "Actual Total Time": 135.516,
                                "Actual Rows": 195833,
                                "Actual Loops": 2,
                                "Filter": "(production_year > 2010)",
                                "Rows Removed by Filter": 1068323
                              }
                            ]
                          }
                        ]
                      }
                    ]
                  }
                ]
              }
            ]
          }
        ]
      }
    ]
  },
  "Planning Time": 0.991,
  "Triggers": [],
  "Execution Time": 13007.155
}