[
  {
    "Plan": {
      "Node Type": "Aggregate",
      "Strategy": "Plain",
      "Partial Mode": "Finalize",
      "Parallel Aware": false,
      "Startup Cost": 97971.66,
      "Total Cost": 97971.67,
      "Plan Rows": 1,
      "Plan Width": 8,
      "Actual Startup Time": 199.581,
      "Actual Total Time": 215.48,
      "Actual Rows": 1,
      "Actual Loops": 1,
      "Plans": [
        {
          "Node Type": "Gather",
          "Parent Relationship": "Outer",
          "Parallel Aware": false,
          "Startup Cost": 97971.24,
          "Total Cost": 97971.65,
          "Plan Rows": 4,
          "Plan Width": 8,
          "Actual Startup Time": 198.09,
          "Actual Total Time": 215.472,
          "Actual Rows": 5,
          "Actual Loops": 1,
          "Workers Planned": 4,
          "Workers Launched": 4,
          "Single Copy": false,
          "Plans": [
            {
              "Node Type": "Aggregate",
              "Strategy": "Plain",
              "Partial Mode": "Partial",
              "Parent Relationship": "Outer",
              "Parallel Aware": false,
              "Startup Cost": 96971.24,
              "Total Cost": 96971.25,
              "Plan Rows": 1,
              "Plan Width": 8,
              "Actual Startup Time": 187.877,
              "Actual Total Time": 187.88,
              "Actual Rows": 1,
              "Actual Loops": 5,
              "Plans": [
                {
                  "Node Type": "Nested Loop",
                  "Parent Relationship": "Outer",
                  "Parallel Aware": false,
                  "Join Type": "Inner",
                  "Startup Cost": 44618.18,
                  "Total Cost": 96963.19,
                  "Plan Rows": 3219,
                  "Plan Width": 0,
                  "Actual Startup Time": 100.322,
                  "Actual Total Time": 187.747,
                  "Actual Rows": 1903,
                  "Actual Loops": 5,
                  "Inner Unique": false,
                  "Join Filter": "(t.id = mi_idx.movie_id)",
                  "Rows Removed by Join Filter": 0,
                  "Plans": [
                    {
                      "Node Type": "Hash Join",
                      "Parent Relationship": "Outer",
                      "Parallel Aware": true,
                      "Join Type": "Inner",
                      "Startup Cost": 44617.76,
                      "Total Cost": 92622.87,
                      "Plan Rows": 5897,
                      "Plan Width": 8,
                      "Actual Startup Time": 99.511,
                      "Actual Total Time": 168.878,
                      "Actual Rows": 6251,
                      "Actual Loops": 5,
                      "Inner Unique": true,
                      "Hash Cond": "(ci.movie_id = t.id)",
                      "Plans": [
                        {
                          "Node Type": "Index Scan",
                          "Parent Relationship": "Outer",
                          "Parallel Aware": true,
                          "Scan Direction": "Forward",
                          "Index Name": "role_id_cast_info",
                          "Relation Name": "cast_info",
                          "Alias": "ci",
                          "Startup Cost": 0.56,
                          "Total Cost": 47835.41,
                          "Plan Rows": 64868,
                          "Plan Width": 4,
                          "Actual Startup Time": 0.376,
                          "Actual Total Time": 50.59,
                          "Actual Rows": 70858,
                          "Actual Loops": 5,
                          "Index Cond": "(role_id = 8)",
                          "Rows Removed by Index Recheck": 0,
                          "Filter": "(person_id > 3126319)",
                          "Rows Removed by Filter": 269851
                        },
                        {
                          "Node Type": "Hash",
                          "Parent Relationship": "Inner",
                          "Parallel Aware": true,
                          "Startup Cost": 43898.92,
                          "Total Cost": 43898.92,
                          "Plan Rows": 57462,
                          "Plan Width": 4,
                          "Actual Startup Time": 97.158,
                          "Actual Total Time": 97.159,
                          "Actual Rows": 46330,
                          "Actual Loops": 5,
                          "Hash Buckets": 262144,
                          "Original Hash Buckets": 262144,
                          "Hash Batches": 1,
                          "Original Hash Batches": 1,
                          "Peak Memory Usage": 11200,
                          "Plans": [
                            {
                              "Node Type": "Seq Scan",
                              "Parent Relationship": "Outer",
                              "Parallel Aware": true,
                              "Relation Name": "title",
                              "Alias": "t",
                              "Startup Cost": 0.0,
                              "Total Cost": 43898.92,
                              "Plan Rows": 57462,
                              "Plan Width": 4,
                              "Actual Startup Time": 0.042,
                              "Actual Total Time": 80.613,
                              "Actual Rows": 46330,
                              "Actual Loops": 5,
                              "Filter": "(production_year > 2011)",
                              "Rows Removed by Filter": 459333
                            }
                          ]
                        }
                      ]
                    },
                    {
                      "Node Type": "Index Only Scan",
                      "Parent Relationship": "Inner",
                      "Parallel Aware": false,
                      "Scan Direction": "Forward",
                      "Index Name": "movie_id_movie_info_idx",
                      "Relation Name": "movie_info_idx",
                      "Alias": "mi_idx",
                      "Startup Cost": 0.43,
                      "Total Cost": 0.7,
                      "Plan Rows": 3,
                      "Plan Width": 4,
                      "Actual Startup Time": 0.003,
                      "Actual Total Time": 0.003,
                      "Actual Rows": 0,
                      "Actual Loops": 31253,
                      "Index Cond": "(movie_id = ci.movie_id)",
                      "Rows Removed by Index Recheck": 0,
                      "Heap Fetches": 9513
                    }
                  ]
                }
              ]
            }
          ]
        }
      ]
    },
    "Planning Time": 1.374,
    "Triggers": [],
    "Execution Time": 215.581
  }
]