[
  {
    "Plan": {
      "Node Type": "Aggregate",
      "Strategy": "Plain",
      "Partial Mode": "Finalize",
      "Parallel Aware": false,
      "Startup Cost": 32767.2,
      "Total Cost": 32767.21,
      "Plan Rows": 1,
      "Plan Width": 8,
      "Actual Startup Time": 92.241,
      "Actual Total Time": 99.913,
      "Actual Rows": 1,
      "Actual Loops": 1,
      "Plans": [
        {
          "Node Type": "Gather",
          "Parent Relationship": "Outer",
          "Parallel Aware": false,
          "Startup Cost": 32766.89,
          "Total Cost": 32767.2,
          "Plan Rows": 3,
          "Plan Width": 8,
          "Actual Startup Time": 92.144,
          "Actual Total Time": 99.906,
          "Actual Rows": 4,
          "Actual Loops": 1,
          "Workers Planned": 3,
          "Workers Launched": 3,
          "Single Copy": false,
          "Plans": [
            {
              "Node Type": "Aggregate",
              "Strategy": "Plain",
              "Partial Mode": "Partial",
              "Parent Relationship": "Outer",
              "Parallel Aware": false,
              "Startup Cost": 31766.89,
              "Total Cost": 31766.9,
              "Plan Rows": 1,
              "Plan Width": 8,
              "Actual Startup Time": 87.07,
              "Actual Total Time": 87.072,
              "Actual Rows": 1,
              "Actual Loops": 4,
              "Plans": [
                {
                  "Node Type": "Seq Scan",
                  "Parent Relationship": "Outer",
                  "Parallel Aware": true,
                  "Relation Name": "movie_companies",
                  "Alias": "mc",
                  "Startup Cost": 0.0,
                  "Total Cost": 31414.82,
                  "Plan Rows": 140827,
                  "Plan Width": 0,
                  "Actual Startup Time": 0.024,
                  "Actual Total Time": 77.922,
                  "Actual Rows": 158100,
                  "Actual Loops": 4,
                  "Filter": "((company_id < 2803) AND (company_type_id < 2))",
                  "Rows Removed by Filter": 494182
                }
              ]
            }
          ]
        }
      ]
    },
    "Planning Time": 0.228,
    "Triggers": [],
    "Execution Time": 99.972
  }
]