[
  {
    "Plan": {
      "Node Type": "Aggregate",
      "Strategy": "Plain",
      "Partial Mode": "Finalize",
      "Parallel Aware": false,
      "Startup Cost": 31018.61,
      "Total Cost": 31018.62,
      "Plan Rows": 1,
      "Plan Width": 8,
      "Actual Startup Time": 142.54,
      "Actual Total Time": 154.478,
      "Actual Rows": 1,
      "Actual Loops": 1,
      "Plans": [
        {
          "Node Type": "Gather",
          "Parent Relationship": "Outer",
          "Parallel Aware": false,
          "Startup Cost": 31018.29,
          "Total Cost": 31018.6,
          "Plan Rows": 3,
          "Plan Width": 8,
          "Actual Startup Time": 142.381,
          "Actual Total Time": 154.467,
          "Actual Rows": 4,
          "Actual Loops": 1,
          "Workers Planned": 3,
          "Workers Launched": 3,
          "Single Copy": false,
          "Plans": [
            {
              "Node Type": "Aggregate",
              "Strategy": "Plain",
              "Partial Mode": "Partial",
              "Parent Relationship": "Outer",
              "Parallel Aware": false,
              "Startup Cost": 30018.29,
              "Total Cost": 30018.3,
              "Plan Rows": 1,
              "Plan Width": 8,
              "Actual Startup Time": 132.227,
              "Actual Total Time": 132.228,
              "Actual Rows": 1,
              "Actual Loops": 4,
              "Plans": [
                {
                  "Node Type": "Seq Scan",
                  "Parent Relationship": "Outer",
                  "Parallel Aware": true,
                  "Relation Name": "movie_companies",
                  "Alias": "mc",
                  "Startup Cost": 0.0,
                  "Total Cost": 29310.68,
                  "Plan Rows": 283045,
                  "Plan Width": 0,
                  "Actual Startup Time": 27.89,
                  "Actual Total Time": 115.924,
                  "Actual Rows": 217216,
                  "Actual Loops": 4,
                  "Filter": "(company_id > 23754)",
                  "Rows Removed by Filter": 435066
                }
              ]
            }
          ]
        }
      ]
    },
    "Planning Time": 0.255,
    "Triggers": [],
    "Execution Time": 154.549
  }
]