[
  {
    "Plan": {
      "Node Type": "Aggregate",
      "Strategy": "Plain",
      "Partial Mode": "Finalize",
      "Parallel Aware": false,
      "Startup Cost": 51434.41,
      "Total Cost": 51434.42,
      "Plan Rows": 1,
      "Plan Width": 8,
      "Actual Startup Time": 88.947,
      "Actual Total Time": 101.795,
      "Actual Rows": 1,
      "Actual Loops": 1,
      "Plans": [
        {
          "Node Type": "Gather",
          "Parent Relationship": "Outer",
          "Parallel Aware": false,
          "Startup Cost": 51433.99,
          "Total Cost": 51434.4,
          "Plan Rows": 4,
          "Plan Width": 8,
          "Actual Startup Time": 88.784,
          "Actual Total Time": 101.781,
          "Actual Rows": 5,
          "Actual Loops": 1,
          "Workers Planned": 4,
          "Workers Launched": 4,
          "Single Copy": false,
          "Plans": [
            {
              "Node Type": "Aggregate",
              "Strategy": "Plain",
              "Partial Mode": "Partial",
              "Parent Relationship": "Outer",
              "Parallel Aware": false,
              "Startup Cost": 50433.99,
              "Total Cost": 50434.0,
              "Plan Rows": 1,
              "Plan Width": 8,
              "Actual Startup Time": 82.265,
              "Actual Total Time": 82.267,
              "Actual Rows": 1,
              "Actual Loops": 5,
              "Plans": [
                {
                  "Node Type": "Nested Loop",
                  "Parent Relationship": "Outer",
                  "Parallel Aware": false,
                  "Join Type": "Inner",
                  "Startup Cost": 0.43,
                  "Total Cost": 50433.37,
                  "Plan Rows": 249,
                  "Plan Width": 0,
                  "Actual Startup Time": 50.472,
                  "Actual Total Time": 82.212,
                  "Actual Rows": 504,
                  "Actual Loops": 5,
                  "Inner Unique": false,
                  "Plans": [
                    {
                      "Node Type": "Seq Scan",
                      "Parent Relationship": "Outer",
                      "Parallel Aware": true,
                      "Relation Name": "title",
                      "Alias": "t",
                      "Startup Cost": 0.0,
                      "Total Cost": 45479.59,
                      "Plan Rows": 688,
                      "Plan Width": 4,
                      "Actual Startup Time": 47.597,
                      "Actual Total Time": 76.251,
                      "Actual Rows": 672,
                      "Actual Loops": 5,
                      "Filter": "((kind_id = 1) AND (production_year = 1963))",
                      "Rows Removed by Filter": 504990
                    },
                    {
                      "Node Type": "Index Scan",
                      "Parent Relationship": "Inner",
                      "Parallel Aware": false,
                      "Scan Direction": "Forward",
                      "Index Name": "movie_id_movie_info_idx",
                      "Relation Name": "movie_info_idx",
                      "Alias": "mi_idx",
                      "Startup Cost": 0.43,
                      "Total Cost": 7.18,
                      "Plan Rows": 2,
                      "Plan Width": 4,
                      "Actual Startup Time": 0.008,
                      "Actual Total Time": 0.008,
                      "Actual Rows": 1,
                      "Actual Loops": 3361,
                      "Index Cond": "(movie_id = t.id)",
                      "Rows Removed by Index Recheck": 0,
                      "Filter": "(info_type_id < 101)",
                      "Rows Removed by Filter": 0
                    }
                  ]
                }
              ]
            }
          ]
        }
      ]
    },
    "Planning Time": 0.21,
    "Triggers": [],
    "Execution Time": 101.827
  }
]