[
  {
    "Plan": {
      "Node Type": "Aggregate",
      "Strategy": "Plain",
      "Partial Mode": "Finalize",
      "Parallel Aware": false,
      "Startup Cost": 33273.9,
      "Total Cost": 33273.91,
      "Plan Rows": 1,
      "Plan Width": 8,
      "Actual Startup Time": 110.576,
      "Actual Total Time": 120.589,
      "Actual Rows": 1,
      "Actual Loops": 1,
      "Plans": [
        {
          "Node Type": "Gather",
          "Parent Relationship": "Outer",
          "Parallel Aware": false,
          "Startup Cost": 33273.58,
          "Total Cost": 33273.89,
          "Plan Rows": 3,
          "Plan Width": 8,
          "Actual Startup Time": 110.442,
          "Actual Total Time": 120.581,
          "Actual Rows": 4,
          "Actual Loops": 1,
          "Workers Planned": 3,
          "Workers Launched": 3,
          "Single Copy": false,
          "Plans": [
            {
              "Node Type": "Aggregate",
              "Strategy": "Plain",
              "Partial Mode": "Partial",
              "Parent Relationship": "Outer",
              "Parallel Aware": false,
              "Startup Cost": 32273.58,
              "Total Cost": 32273.59,
              "Plan Rows": 1,
              "Plan Width": 8,
              "Actual Startup Time": 103.068,
              "Actual Total Time": 103.069,
              "Actual Rows": 1,
              "Actual Loops": 4,
              "Plans": [
                {
                  "Node Type": "Seq Scan",
                  "Parent Relationship": "Outer",
                  "Parallel Aware": true,
                  "Relation Name": "movie_companies",
                  "Alias": "mc",
                  "Startup Cost": 0.0,
                  "Total Cost": 31414.82,
                  "Plan Rows": 343505,
                  "Plan Width": 0,
                  "Actual Startup Time": 0.144,
                  "Actual Total Time": 89.567,
                  "Actual Rows": 234584,
                  "Actual Loops": 4,
                  "Filter": "((company_id > 329) AND (company_type_id < 2))",
                  "Rows Removed by Filter": 417698
                }
              ]
            }
          ]
        }
      ]
    },
    "Planning Time": 0.216,
    "Triggers": [],
    "Execution Time": 120.646
  }
]