{
  "Plan": {
    "Node Type": "Aggregate",
    "Strategy": "Plain",
    "Partial Mode": "Simple",
    "Parallel Aware": false,
    "Startup Cost": 798.85,
    "Total Cost": 798.86,
    "Plan Rows": 1,
    "Plan Width": 8,
    "Actual Startup Time": 11.747,
    "Actual Total Time": 11.75,
    "Actual Rows": 1,
    "Actual Loops": 1,
    "Plans": [
      {
        "Node Type": "Nested Loop",
        "Parent Relationship": "Outer",
        "Parallel Aware": false,
        "Join Type": "Inner",
        "Startup Cost": 1.42,
        "Total Cost": 798.23,
        "Plan Rows": 247,
        "Plan Width": 0,
        "Actual Startup Time": 0.453,
        "Actual Total Time": 11.507,
        "Actual Rows": 1284,
        "Actual Loops": 1,
        "Inner Unique": false,
        "Plans": [
          {
            "Node Type": "Nested Loop",
            "Parent Relationship": "Outer",
            "Parallel Aware": false,
            "Join Type": "Inner",
            "Startup Cost": 0.86,
            "Total Cost": 696.2,
            "Plan Rows": 50,
            "Plan Width": 8,
            "Actual Startup Time": 0.406,
            "Actual Total Time": 1.267,
            "Actual Rows": 49,
            "Actual Loops": 1,
            "Inner Unique": true,
            "Plans": [
              {
                "Node Type": "Index Scan",
                "Parent Relationship": "Outer",
                "Parallel Aware": false,
                "Scan Direction": "Forward",
                "Index Name": "company_id_movie_companies",
                "Relation Name": "movie_companies",
                "Alias": "mc",
                "Startup Cost": 0.43,
                "Total Cost": 273.83,
                "Plan Rows": 50,
                "Plan Width": 4,
                "Actual Startup Time": 0.377,
                "Actual Total Time": 0.539,
                "Actual Rows": 49,
                "Actual Loops": 1,
                "Index Cond": "(company_id = 23270)",
                "Rows Removed by Index Recheck": 0,
                "Filter": "(company_type_id = 1)",
                "Rows Removed by Filter": 0
              },
              {
                "Node Type": "Index Only Scan",
                "Parent Relationship": "Inner",
                "Parallel Aware": false,
                "Scan Direction": "Forward",
                "Index Name": "title_pkey",
                "Relation Name": "title",
                "Alias": "t",
                "Startup Cost": 0.43,
                "Total Cost": 8.45,
                "Plan Rows": 1,
                "Plan Width": 4,
                "Actual Startup Time": 0.013,
                "Actual Total Time": 0.013,
                "Actual Rows": 1,
                "Actual Loops": 49,
                "Index Cond": "(id = mc.movie_id)",
                "Rows Removed by Index Recheck": 0,
                "Heap Fetches": 49
              }
            ]
          },
          {
            "Node Type": "Index Scan",
            "Parent Relationship": "Inner",
            "Parallel Aware": false,
            "Scan Direction": "Forward",
            "Index Name": "movie_id_cast_info",
            "Relation Name": "cast_info",
            "Alias": "ci",
            "Startup Cost": 0.56,
            "Total Cost": 1.91,
            "Plan Rows": 13,
            "Plan Width": 4,
            "Actual Startup Time": 0.035,
            "Actual Total Time": 0.201,
            "Actual Rows": 26,
            "Actual Loops": 49,
            "Index Cond": "(movie_id = t.id)",
            "Rows Removed by Index Recheck": 0,
            "Filter": "(role_id = 1)",
            "Rows Removed by Filter": 13
          }
        ]
      }
    ]
  },
  "Planning Time": 0.975,
  "Triggers": [],
  "Execution Time": 11.864
}