{
  "Plan": {
    "Node Type": "Aggregate",
    "Strategy": "Plain",
    "Partial Mode": "Finalize",
    "Parallel Aware": false,
    "Startup Cost": 421679.84,
    "Total Cost": 421679.85,
    "Plan Rows": 1,
    "Plan Width": 8,
    "Actual Startup Time": 3740.158,
    "Actual Total Time": 3797.383,
    "Actual Rows": 1,
    "Actual Loops": 1,
    "Plans": [
      {
        "Node Type": "Gather",
        "Parent Relationship": "Outer",
        "Parallel Aware": false,
        "Startup Cost": 421679.73,
        "Total Cost": 421679.84,
        "Plan Rows": 1,
        "Plan Width": 8,
        "Actual Startup Time": 3736.742,
        "Actual Total Time": 3797.374,
        "Actual Rows": 2,
        "Actual Loops": 1,
        "Workers Planned": 1,
        "Workers Launched": 1,
        "Single Copy": false,
        "Plans": [
          {
            "Node Type": "Aggregate",
            "Strategy": "Plain",
            "Partial Mode": "Partial",
            "Parent Relationship": "Outer",
            "Parallel Aware": false,
            "Startup Cost": 420679.73,
            "Total Cost": 420679.74,
            "Plan Rows": 1,
            "Plan Width": 8,
            "Actual Startup Time": 3730.87,
            "Actual Total Time": 3730.875,
            "Actual Rows": 1,
            "Actual Loops": 2,
            "Plans": [
              {
                "Node Type": "Hash Join",
                "Parent Relationship": "Outer",
                "Parallel Aware": true,
                "Join Type": "Inner",
                "Startup Cost": 124616.52,
                "Total Cost": 416356.24,
                "Plan Rows": 1729398,
                "Plan Width": 0,
                "Actual Startup Time": 647.017,
                "Actual Total Time": 3175.196,
                "Actual Rows": 14721584,
                "Actual Loops": 2,
                "Inner Unique": false,
                "Hash Cond": "(mi.movie_id = t.id)",
                "Plans": [
                  {
                    "Node Type": "Seq Scan",
                    "Parent Relationship": "Outer",
                    "Parallel Aware": true,
                    "Relation Name": "movie_info",
                    "Alias": "mi",
                    "Startup Cost": 0.0,
                    "Total Cost": 248955.74,
                    "Plan Rows": 8696274,
                    "Plan Width": 4,
                    "Actual Startup Time": 0.015,
                    "Actual Total Time": 616.306,
                    "Actual Rows": 7417860,
                    "Actual Loops": 2
                  },
                  {
                    "Node Type": "Hash",
                    "Parent Relationship": "Inner",
                    "Parallel Aware": true,
                    "Startup Cost": 120919.51,
                    "Total Cost": 120919.51,
                    "Plan Rows": 295761,
                    "Plan Width": 8,
                    "Actual Startup Time": 640.271,
                    "Actual Total Time": 640.274,
                    "Actual Rows": 392072,
                    "Actual Loops": 2,
                    "Hash Buckets": 1048576,
                    "Original Hash Buckets": 524288,
                    "Hash Batches": 1,
                    "Original Hash Batches": 1,
                    "Peak Memory Usage": 42976,
                    "Plans": [
                      {
                        "Node Type": "Hash Join",
                        "Parent Relationship": "Outer",
                        "Parallel Aware": true,
                        "Join Type": "Inner",
                        "Startup Cost": 56866.91,
                        "Total Cost": 120919.51,
                        "Plan Rows": 295761,
                        "Plan Width": 8,
                        "Actual Startup Time": 186.432,
                        "Actual Total Time": 562.816,
                        "Actual Rows": 392072,
                        "Actual Loops": 2,
                        "Inner Unique": true,
                        "Hash Cond": "(mk.movie_id = t.id)",
                        "Plans": [
                          {
                            "Node Type": "Seq Scan",
                            "Parent Relationship": "Outer",
                            "Parallel Aware": true,
                            "Relation Name": "movie_keyword",
                            "Alias": "mk",
                            "Startup Cost": 0.0,
                            "Total Cost": 57718.19,
                            "Plan Rows": 2413102,
                            "Plan Width": 4,
                            "Actual Startup Time": 0.024,
                            "Actual Total Time": 199.91,
                            "Actual Rows": 2043871,
                            "Actual Loops": 2,
                            "Filter": "(keyword_id > 335)",
                            "Rows Removed by Filter": 218094
                          },
                          {
                            "Node Type": "Hash",
                            "Parent Relationship": "Inner",
                            "Parallel Aware": true,
                            "Startup Cost": 54588.39,
                            "Total Cost": 54588.39,
                            "Plan Rows": 182282,
                            "Plan Width": 4,
                            "Actual Startup Time": 182.737,
                            "Actual Total Time": 182.737,
                            "Actual Rows": 161622,
                            "Actual Loops": 2,
                            "Hash Buckets": 524288,
                            "Original Hash Buckets": 524288,
                            "Hash Batches": 1,
                            "Original Hash Batches": 1,
                            "Peak Memory Usage": 16768,
                            "Plans": [
                              {
                                "Node Type": "Seq Scan",
                                "Parent Relationship": "Outer",
                                "Parallel Aware": true,
                                "Relation Name": "title",
                                "Alias": "t",
                                "Startup Cost": 0.0,
                                "Total Cost": 54588.39,
                                "Plan Rows": 182282,
                                "Plan Width": 4,
                                "Actual Startup Time": 0.037,
                                "Actual Total Time": 139.088,
                                "Actual Rows": 161622,
                                "Actual Loops": 2,
                                "Filter": "(production_year < 1967)",
                                "Rows Removed by Filter": 1102534
                              }
                            ]
                          }
                        ]
                      }
                    ]
                  }
                ]
              }
            ]
          }
        ]
      }
    ]
  },
  "Planning Time": 0.971,
  "Triggers": [],
  "Execution Time": 3797.479
}