[
  {
    "Plan": {
      "Node Type": "Aggregate",
      "Strategy": "Plain",
      "Partial Mode": "Finalize",
      "Parallel Aware": false,
      "Startup Cost": 216921.47,
      "Total Cost": 216921.48,
      "Plan Rows": 1,
      "Plan Width": 8,
      "Actual Startup Time": 912.593,
      "Actual Total Time": 942.566,
      "Actual Rows": 1,
      "Actual Loops": 1,
      "Plans": [
        {
          "Node Type": "Gather",
          "Parent Relationship": "Outer",
          "Parallel Aware": false,
          "Startup Cost": 216920.95,
          "Total Cost": 216921.46,
          "Plan Rows": 5,
          "Plan Width": 8,
          "Actual Startup Time": 896.158,
          "Actual Total Time": 942.553,
          "Actual Rows": 6,
          "Actual Loops": 1,
          "Workers Planned": 5,
          "Workers Launched": 5,
          "Single Copy": false,
          "Plans": [
            {
              "Node Type": "Aggregate",
              "Strategy": "Plain",
              "Partial Mode": "Partial",
              "Parent Relationship": "Outer",
              "Parallel Aware": false,
              "Startup Cost": 215920.95,
              "Total Cost": 215920.96,
              "Plan Rows": 1,
              "Plan Width": 8,
              "Actual Startup Time": 885.255,
              "Actual Total Time": 885.714,
              "Actual Rows": 1,
              "Actual Loops": 6,
              "Plans": [
                {
                  "Node Type": "Hash Join",
                  "Parent Relationship": "Outer",
                  "Parallel Aware": true,
                  "Join Type": "Inner",
                  "Startup Cost": 95146.64,
                  "Total Cost": 215211.15,
                  "Plan Rows": 283917,
                  "Plan Width": 0,
                  "Actual Startup Time": 419.699,
                  "Actual Total Time": 824.22,
                  "Actual Rows": 1411402,
                  "Actual Loops": 6,
                  "Inner Unique": false,
                  "Hash Cond": "(ci.movie_id = t.id)",
                  "Plans": [
                    {
                      "Node Type": "Index Scan",
                      "Parent Relationship": "Outer",
                      "Parallel Aware": true,
                      "Scan Direction": "Forward",
                      "Index Name": "role_id_cast_info",
                      "Relation Name": "cast_info",
                      "Alias": "ci",
                      "Startup Cost": 0.56,
                      "Total Cost": 115902.88,
                      "Plan Rows": 865691,
                      "Plan Width": 4,
                      "Actual Startup Time": 0.257,
                      "Actual Total Time": 143.311,
                      "Actual Rows": 720503,
                      "Actual Loops": 6,
                      "Index Cond": "(role_id = 10)",
                      "Rows Removed by Index Recheck": 0
                    },
                    {
                      "Node Type": "Hash",
                      "Parent Relationship": "Inner",
                      "Parallel Aware": true,
                      "Startup Cost": 91802.39,
                      "Total Cost": 91802.39,
                      "Plan Rows": 267495,
                      "Plan Width": 8,
                      "Actual Startup Time": 415.672,
                      "Actual Total Time": 416.13,
                      "Actual Rows": 182849,
                      "Actual Loops": 6,
                      "Hash Buckets": 2097152,
                      "Original Hash Buckets": 1048576,
                      "Hash Batches": 1,
                      "Original Hash Batches": 1,
                      "Peak Memory Usage": 67616,
                      "Plans": [
                        {
                          "Node Type": "Hash Join",
                          "Parent Relationship": "Outer",
                          "Parallel Aware": true,
                          "Join Type": "Inner",
                          "Startup Cost": 47612.61,
                          "Total Cost": 91802.39,
                          "Plan Rows": 267495,
                          "Plan Width": 8,
                          "Actual Startup Time": 192.542,
                          "Actual Total Time": 328.973,
                          "Actual Rows": 182849,
                          "Actual Loops": 6,
                          "Inner Unique": true,
                          "Hash Cond": "(mk.movie_id = t.id)",
                          "Plans": [
                            {
                              "Node Type": "Seq Scan",
                              "Parent Relationship": "Outer",
                              "Parallel Aware": true,
                              "Relation Name": "movie_keyword",
                              "Alias": "mk",
                              "Startup Cost": 0.0,
                              "Total Cost": 42695.65,
                              "Plan Rows": 569190,
                              "Plan Width": 4,
                              "Actual Startup Time": 0.035,
                              "Actual Total Time": 75.658,
                              "Actual Rows": 295572,
                              "Actual Loops": 6,
                              "Filter": "(keyword_id < 2879)",
                              "Rows Removed by Filter": 458416
                            },
                            {
                              "Node Type": "Hash",
                              "Parent Relationship": "Inner",
                              "Parallel Aware": true,
                              "Startup Cost": 43899.32,
                              "Total Cost": 43899.32,
                              "Plan Rows": 297063,
                              "Plan Width": 4,
                              "Actual Startup Time": 189.223,
                              "Actual Total Time": 189.224,
                              "Actual Rows": 199320,
                              "Actual Loops": 6,
                              "Hash Buckets": 2097152,
                              "Original Hash Buckets": 2097152,
                              "Hash Batches": 1,
                              "Original Hash Batches": 1,
                              "Peak Memory Usage": 63296,
                              "Plans": [
                                {
                                  "Node Type": "Seq Scan",
                                  "Parent Relationship": "Outer",
                                  "Parallel Aware": true,
                                  "Relation Name": "title",
                                  "Alias": "t",
                                  "Startup Cost": 0.0,
                                  "Total Cost": 43899.32,
                                  "Plan Rows": 297063,
                                  "Plan Width": 4,
                                  "Actual Startup Time": 0.063,
                                  "Actual Total Time": 87.677,
                                  "Actual Rows": 199320,
                                  "Actual Loops": 6,
                                  "Filter": "(production_year < 2003)",
                                  "Rows Removed by Filter": 222065
                                }
                              ]
                            }
                          ]
                        }
                      ]
                    }
                  ]
                }
              ]
            }
          ]
        }
      ]
    },
    "Planning Time": 1.352,
    "Triggers": [],
    "Execution Time": 942.657
  }
]