{
    "Plan": {
        "Node Type": "Aggregate",
        "Strategy": "Plain",
        "Partial Mode": "Finalize",
        "Parallel Aware": false,
        "Startup Cost": 90643.53,
        "Total Cost": 90643.54,
        "Plan Rows": 1,
        "Plan Width": 8,
        "Actual Startup Time": 279.769,
        "Actual Total Time": 302.407,
        "Actual Rows": 1,
        "Actual Loops": 1,
        "Output": [
            "count(*)"
        ],
        "Plans": [
            {
                "Node Type": "Gather",
                "Parent Relationship": "Outer",
                "Parallel Aware": false,
                "Startup Cost": 90643.21,
                "Total Cost": 90643.52,
                "Plan Rows": 3,
                "Plan Width": 8,
                "Actual Startup Time": 277.991,
                "Actual Total Time": 302.397,
                "Actual Rows": 4,
                "Actual Loops": 1,
                "Output": [
                    "(PARTIAL count(*))"
                ],
                "Workers Planned": 3,
                "Workers Launched": 3,
                "Single Copy": false,
                "Plans": [
                    {
                        "Node Type": "Aggregate",
                        "Strategy": "Plain",
                        "Partial Mode": "Partial",
                        "Parent Relationship": "Outer",
                        "Parallel Aware": false,
                        "Startup Cost": 89643.21,
                        "Total Cost": 89643.22,
                        "Plan Rows": 1,
                        "Plan Width": 8,
                        "Actual Startup Time": 269.224,
                        "Actual Total Time": 269.227,
                        "Actual Rows": 1,
                        "Actual Loops": 4,
                        "Output": [
                            "PARTIAL count(*)"
                        ],
                        "Workers": [
                            {
                                "Worker Number": 0,
                                "Actual Startup Time": 266.354,
                                "Actual Total Time": 266.356,
                                "Actual Rows": 1,
                                "Actual Loops": 1
                            },
                            {
                                "Worker Number": 1,
                                "Actual Startup Time": 266.357,
                                "Actual Total Time": 266.36,
                                "Actual Rows": 1,
                                "Actual Loops": 1
                            },
                            {
                                "Worker Number": 2,
                                "Actual Startup Time": 266.887,
                                "Actual Total Time": 266.891,
                                "Actual Rows": 1,
                                "Actual Loops": 1
                            }
                        ],
                        "Plans": [
                            {
                                "Node Type": "Hash Join",
                                "Parent Relationship": "Outer",
                                "Parallel Aware": true,
                                "Join Type": "Inner",
                                "Startup Cost": 46871.36,
                                "Total Cost": 89632.26,
                                "Plan Rows": 4380,
                                "Plan Width": 0,
                                "Actual Startup Time": 163.352,
                                "Actual Total Time": 268.618,
                                "Actual Rows": 8353,
                                "Actual Loops": 4,
                                "Inner Unique": true,
                                "Hash Cond": "(mk.movie_id = t.id)",
                                "Workers": [
                                    {
                                        "Worker Number": 0,
                                        "Actual Startup Time": 161.813,
                                        "Actual Total Time": 265.727,
                                        "Actual Rows": 8246,
                                        "Actual Loops": 1
                                    },
                                    {
                                        "Worker Number": 1,
                                        "Actual Startup Time": 160.204,
                                        "Actual Total Time": 265.759,
                                        "Actual Rows": 8256,
                                        "Actual Loops": 1
                                    },
                                    {
                                        "Worker Number": 2,
                                        "Actual Startup Time": 160.38,
                                        "Actual Total Time": 266.218,
                                        "Actual Rows": 5488,
                                        "Actual Loops": 1
                                    }
                                ],
                                "Plans": [
                                    {
                                        "Node Type": "Seq Scan",
                                        "Parent Relationship": "Outer",
                                        "Parallel Aware": true,
                                        "Relation Name": "movie_keyword",
                                        "Schema": "public",
                                        "Alias": "mk",
                                        "Startup Cost": 0.0,
                                        "Total Cost": 42695.65,
                                        "Plan Rows": 24857,
                                        "Plan Width": 4,
                                        "Actual Startup Time": 0.086,
                                        "Actual Total Time": 96.74,
                                        "Actual Rows": 18124,
                                        "Actual Loops": 4,
                                        "Output": [
                                            "mk.id",
                                            "mk.movie_id",
                                            "mk.keyword_id"
                                        ],
                                        "Filter": "(mk.keyword_id = 335)",
                                        "Rows Removed by Filter": 1112858,
                                        "Workers": [
                                            {
                                                "Worker Number": 0,
                                                "Actual Startup Time": 0.019,
                                                "Actual Total Time": 97.041,
                                                "Actual Rows": 17961,
                                                "Actual Loops": 1
                                            },
                                            {
                                                "Worker Number": 1,
                                                "Actual Startup Time": 0.134,
                                                "Actual Total Time": 97.139,
                                                "Actual Rows": 18031,
                                                "Actual Loops": 1
                                            },
                                            {
                                                "Worker Number": 2,
                                                "Actual Startup Time": 0.181,
                                                "Actual Total Time": 97.162,
                                                "Actual Rows": 12074,
                                                "Actual Loops": 1
                                            }
                                        ]
                                    },
                                    {
                                        "Node Type": "Hash",
                                        "Parent Relationship": "Inner",
                                        "Parallel Aware": true,
                                        "Startup Cost": 45479.21,
                                        "Total Cost": 45479.21,
                                        "Plan Rows": 111372,
                                        "Plan Width": 4,
                                        "Actual Startup Time": 159.651,
                                        "Actual Total Time": 159.652,
                                        "Actual Rows": 134215,
                                        "Actual Loops": 4,
                                        "Output": [
                                            "t.id"
                                        ],
                                        "Hash Buckets": 1048576,
                                        "Original Hash Buckets": 524288,
                                        "Hash Batches": 1,
                                        "Original Hash Batches": 1,
                                        "Peak Memory Usage": 33376,
                                        "Workers": [
                                            {
                                                "Worker Number": 0,
                                                "Actual Startup Time": 159.375,
                                                "Actual Total Time": 159.375,
                                                "Actual Rows": 140893,
                                                "Actual Loops": 1
                                            },
                                            {
                                                "Worker Number": 1,
                                                "Actual Startup Time": 159.38,
                                                "Actual Total Time": 159.38,
                                                "Actual Rows": 142540,
                                                "Actual Loops": 1
                                            },
                                            {
                                                "Worker Number": 2,
                                                "Actual Startup Time": 159.575,
                                                "Actual Total Time": 159.576,
                                                "Actual Rows": 88697,
                                                "Actual Loops": 1
                                            }
                                        ],
                                        "Plans": [
                                            {
                                                "Node Type": "Seq Scan",
                                                "Parent Relationship": "Outer",
                                                "Parallel Aware": true,
                                                "Relation Name": "title",
                                                "Schema": "public",
                                                "Alias": "t",
                                                "Startup Cost": 0.0,
                                                "Total Cost": 45479.21,
                                                "Plan Rows": 111372,
                                                "Plan Width": 4,
                                                "Actual Startup Time": 0.068,
                                                "Actual Total Time": 104.368,
                                                "Actual Rows": 134215,
                                                "Actual Loops": 4,
                                                "Output": [
                                                    "t.id"
                                                ],
                                                "Filter": "((t.kind_id < 7) AND (t.production_year < 2002))",
                                                "Rows Removed by Filter": 497863,
                                                "Workers": [
                                                    {
                                                        "Worker Number": 0,
                                                        "Actual Startup Time": 0.106,
                                                        "Actual Total Time": 104.794,
                                                        "Actual Rows": 140893,
                                                        "Actual Loops": 1
                                                    },
                                                    {
                                                        "Worker Number": 1,
                                                        "Actual Startup Time": 0.063,
                                                        "Actual Total Time": 105.099,
                                                        "Actual Rows": 142540,
                                                        "Actual Loops": 1
                                                    },
                                                    {
                                                        "Worker Number": 2,
                                                        "Actual Startup Time": 0.064,
                                                        "Actual Total Time": 104.654,
                                                        "Actual Rows": 88697,
                                                        "Actual Loops": 1
                                                    }
                                                ]
                                            }
                                        ]
                                    }
                                ]
                            }
                        ]
                    }
                ]
            }
        ]
    },
    "Planning Time": 0.711,
    "Triggers": [],
    "Execution Time": 302.479
}