[
  {
    "Plan": {
      "Node Type": "Aggregate",
      "Strategy": "Plain",
      "Partial Mode": "Finalize",
      "Parallel Aware": false,
      "Startup Cost": 41549.69,
      "Total Cost": 41549.7,
      "Plan Rows": 1,
      "Plan Width": 8,
      "Actual Startup Time": 114.969,
      "Actual Total Time": 124.239,
      "Actual Rows": 1,
      "Actual Loops": 1,
      "Plans": [
        {
          "Node Type": "Gather",
          "Parent Relationship": "Outer",
          "Parallel Aware": false,
          "Startup Cost": 41549.27,
          "Total Cost": 41549.68,
          "Plan Rows": 4,
          "Plan Width": 8,
          "Actual Startup Time": 104.845,
          "Actual Total Time": 124.222,
          "Actual Rows": 5,
          "Actual Loops": 1,
          "Workers Planned": 4,
          "Workers Launched": 4,
          "Single Copy": false,
          "Plans": [
            {
              "Node Type": "Aggregate",
              "Strategy": "Plain",
              "Partial Mode": "Partial",
              "Parent Relationship": "Outer",
              "Parallel Aware": false,
              "Startup Cost": 40549.27,
              "Total Cost": 40549.28,
              "Plan Rows": 1,
              "Plan Width": 8,
              "Actual Startup Time": 98.4,
              "Actual Total Time": 98.402,
              "Actual Rows": 1,
              "Actual Loops": 5,
              "Plans": [
                {
                  "Node Type": "Nested Loop",
                  "Parent Relationship": "Outer",
                  "Parallel Aware": false,
                  "Join Type": "Inner",
                  "Startup Cost": 1698.0,
                  "Total Cost": 40548.95,
                  "Plan Rows": 128,
                  "Plan Width": 0,
                  "Actual Startup Time": 22.461,
                  "Actual Total Time": 98.331,
                  "Actual Rows": 269,
                  "Actual Loops": 5,
                  "Inner Unique": false,
                  "Plans": [
                    {
                      "Node Type": "Bitmap Heap Scan",
                      "Parent Relationship": "Outer",
                      "Parallel Aware": true,
                      "Relation Name": "title",
                      "Alias": "t",
                      "Startup Cost": 1697.57,
                      "Total Cost": 38052.08,
                      "Plan Rows": 124,
                      "Plan Width": 4,
                      "Actual Startup Time": 20.158,
                      "Actual Total Time": 58.799,
                      "Actual Rows": 132,
                      "Actual Loops": 5,
                      "Recheck Cond": "(kind_id = 2)",
                      "Rows Removed by Index Recheck": 0,
                      "Filter": "(production_year = 1972)",
                      "Rows Removed by Filter": 18038,
                      "Exact Heap Blocks": 9740,
                      "Lossy Heap Blocks": 0,
                      "Plans": [
                        {
                          "Node Type": "Bitmap Index Scan",
                          "Parent Relationship": "Outer",
                          "Parallel Aware": false,
                          "Index Name": "kind_id_title",
                          "Startup Cost": 0.0,
                          "Total Cost": 1697.45,
                          "Plan Rows": 95069,
                          "Plan Width": 0,
                          "Actual Startup Time": 20.546,
                          "Actual Total Time": 20.547,
                          "Actual Rows": 90852,
                          "Actual Loops": 1,
                          "Index Cond": "(kind_id = 2)"
                        }
                      ]
                    },
                    {
                      "Node Type": "Index Only Scan",
                      "Parent Relationship": "Inner",
                      "Parallel Aware": false,
                      "Scan Direction": "Forward",
                      "Index Name": "movie_id_movie_companies",
                      "Relation Name": "movie_companies",
                      "Alias": "mc",
                      "Startup Cost": 0.43,
                      "Total Cost": 20.09,
                      "Plan Rows": 5,
                      "Plan Width": 4,
                      "Actual Startup Time": 0.293,
                      "Actual Total Time": 0.298,
                      "Actual Rows": 2,
                      "Actual Loops": 661,
                      "Index Cond": "(movie_id = t.id)",
                      "Rows Removed by Index Recheck": 0,
                      "Heap Fetches": 1347
                    }
                  ]
                }
              ]
            }
          ]
        }
      ]
    },
    "Planning Time": 0.662,
    "Triggers": [],
    "Execution Time": 124.344
  }
]