[
  {
    "Plan": {
      "Node Type": "Aggregate",
      "Strategy": "Plain",
      "Partial Mode": "Finalize",
      "Parallel Aware": false,
      "Startup Cost": 321512.24,
      "Total Cost": 321512.25,
      "Plan Rows": 1,
      "Plan Width": 8,
      "Actual Startup Time": 264.993,
      "Actual Total Time": 315.586,
      "Actual Rows": 1,
      "Actual Loops": 1,
      "Plans": [
        {
          "Node Type": "Gather",
          "Parent Relationship": "Outer",
          "Parallel Aware": false,
          "Startup Cost": 321511.82,
          "Total Cost": 321512.23,
          "Plan Rows": 4,
          "Plan Width": 8,
          "Actual Startup Time": 264.863,
          "Actual Total Time": 315.576,
          "Actual Rows": 5,
          "Actual Loops": 1,
          "Workers Planned": 4,
          "Workers Launched": 4,
          "Single Copy": false,
          "Plans": [
            {
              "Node Type": "Aggregate",
              "Strategy": "Plain",
              "Partial Mode": "Partial",
              "Parent Relationship": "Outer",
              "Parallel Aware": false,
              "Startup Cost": 320511.82,
              "Total Cost": 320511.83,
              "Plan Rows": 1,
              "Plan Width": 8,
              "Actual Startup Time": 254.963,
              "Actual Total Time": 254.964,
              "Actual Rows": 1,
              "Actual Loops": 5,
              "Plans": [
                {
                  "Node Type": "Nested Loop",
                  "Parent Relationship": "Outer",
                  "Parallel Aware": false,
                  "Join Type": "Inner",
                  "Startup Cost": 0.56,
                  "Total Cost": 320479.26,
                  "Plan Rows": 13023,
                  "Plan Width": 0,
                  "Actual Startup Time": 0.854,
                  "Actual Total Time": 254.172,
                  "Actual Rows": 8323,
                  "Actual Loops": 5,
                  "Inner Unique": false,
                  "Plans": [
                    {
                      "Node Type": "Seq Scan",
                      "Parent Relationship": "Outer",
                      "Parallel Aware": true,
                      "Relation Name": "title",
                      "Alias": "t",
                      "Startup Cost": 0.0,
                      "Total Cost": 43898.92,
                      "Plan Rows": 4593,
                      "Plan Width": 4,
                      "Actual Startup Time": 0.169,
                      "Actual Total Time": 59.422,
                      "Actual Rows": 4024,
                      "Actual Loops": 5,
                      "Filter": "(production_year = 1987)",
                      "Rows Removed by Filter": 501638
                    },
                    {
                      "Node Type": "Index Scan",
                      "Parent Relationship": "Inner",
                      "Parallel Aware": false,
                      "Scan Direction": "Forward",
                      "Index Name": "movie_id_cast_info",
                      "Relation Name": "cast_info",
                      "Alias": "ci",
                      "Startup Cost": 0.56,
                      "Total Cost": 60.15,
                      "Plan Rows": 7,
                      "Plan Width": 4,
                      "Actual Startup Time": 0.036,
                      "Actual Total Time": 0.048,
                      "Actual Rows": 2,
                      "Actual Loops": 20122,
                      "Index Cond": "(movie_id = t.id)",
                      "Rows Removed by Index Recheck": 0,
                      "Filter": "((person_id < 1563855) AND (role_id > 2))",
                      "Rows Removed by Filter": 14
                    }
                  ]
                }
              ]
            }
          ]
        }
      ]
    },
    "Planning Time": 0.688,
    "Triggers": [],
    "Execution Time": 315.678
  }
]