[
  {
    "Plan": {
      "Node Type": "Aggregate",
      "Strategy": "Plain",
      "Partial Mode": "Finalize",
      "Parallel Aware": false,
      "Startup Cost": 366229.62,
      "Total Cost": 366229.63,
      "Plan Rows": 1,
      "Plan Width": 8,
      "Actual Startup Time": 558.488,
      "Actual Total Time": 579.092,
      "Actual Rows": 1,
      "Actual Loops": 1,
      "Plans": [
        {
          "Node Type": "Gather",
          "Parent Relationship": "Outer",
          "Parallel Aware": false,
          "Startup Cost": 366229.0,
          "Total Cost": 366229.61,
          "Plan Rows": 6,
          "Plan Width": 8,
          "Actual Startup Time": 544.237,
          "Actual Total Time": 579.078,
          "Actual Rows": 7,
          "Actual Loops": 1,
          "Workers Planned": 6,
          "Workers Launched": 6,
          "Single Copy": false,
          "Plans": [
            {
              "Node Type": "Aggregate",
              "Strategy": "Plain",
              "Partial Mode": "Partial",
              "Parent Relationship": "Outer",
              "Parallel Aware": false,
              "Startup Cost": 365229.0,
              "Total Cost": 365229.01,
              "Plan Rows": 1,
              "Plan Width": 8,
              "Actual Startup Time": 533.535,
              "Actual Total Time": 533.541,
              "Actual Rows": 1,
              "Actual Loops": 7,
              "Plans": [
                {
                  "Node Type": "Hash Join",
                  "Parent Relationship": "Outer",
                  "Parallel Aware": true,
                  "Join Type": "Inner",
                  "Startup Cost": 104720.64,
                  "Total Cost": 364642.12,
                  "Plan Rows": 234752,
                  "Plan Width": 0,
                  "Actual Startup Time": 280.935,
                  "Actual Total Time": 522.06,
                  "Actual Rows": 222629,
                  "Actual Loops": 7,
                  "Inner Unique": true,
                  "Hash Cond": "(ci.movie_id = t.id)",
                  "Plans": [
                    {
                      "Node Type": "Bitmap Heap Scan",
                      "Parent Relationship": "Outer",
                      "Parallel Aware": true,
                      "Relation Name": "cast_info",
                      "Alias": "ci",
                      "Startup Cost": 55582.75,
                      "Total Cost": 314574.77,
                      "Plan Rows": 354076,
                      "Plan Width": 4,
                      "Actual Startup Time": 82.545,
                      "Actual Total Time": 175.249,
                      "Actual Rows": 353821,
                      "Actual Loops": 7,
                      "Recheck Cond": "(person_id < 251980)",
                      "Rows Removed by Index Recheck": 0,
                      "Filter": "(role_id < 9)",
                      "Rows Removed by Filter": 20761,
                      "Exact Heap Blocks": 5694,
                      "Lossy Heap Blocks": 0,
                      "Plans": [
                        {
                          "Node Type": "Bitmap Index Scan",
                          "Parent Relationship": "Outer",
                          "Parallel Aware": false,
                          "Index Name": "person_id_cast_info",
                          "Startup Cost": 0.0,
                          "Total Cost": 55051.63,
                          "Plan Rows": 2522009,
                          "Plan Width": 0,
                          "Actual Startup Time": 78.339,
                          "Actual Total Time": 78.339,
                          "Actual Rows": 2622078,
                          "Actual Loops": 1,
                          "Index Cond": "(person_id < 251980)"
                        }
                      ]
                    },
                    {
                      "Node Type": "Hash",
                      "Parent Relationship": "Inner",
                      "Parallel Aware": true,
                      "Startup Cost": 43899.32,
                      "Total Cost": 43899.32,
                      "Plan Rows": 419086,
                      "Plan Width": 4,
                      "Actual Startup Time": 194.868,
                      "Actual Total Time": 194.869,
                      "Actual Rows": 239157,
                      "Actual Loops": 7,
                      "Hash Buckets": 2097152,
                      "Original Hash Buckets": 2097152,
                      "Hash Batches": 1,
                      "Original Hash Batches": 1,
                      "Peak Memory Usage": 81984,
                      "Plans": [
                        {
                          "Node Type": "Seq Scan",
                          "Parent Relationship": "Outer",
                          "Parallel Aware": true,
                          "Relation Name": "title",
                          "Alias": "t",
                          "Startup Cost": 0.0,
                          "Total Cost": 43899.32,
                          "Plan Rows": 419086,
                          "Plan Width": 4,
                          "Actual Startup Time": 0.053,
                          "Actual Total Time": 82.116,
                          "Actual Rows": 239157,
                          "Actual Loops": 7,
                          "Filter": "(kind_id > 3)",
                          "Rows Removed by Filter": 122031
                        }
                      ]
                    }
                  ]
                }
              ]
            }
          ]
        }
      ]
    },
    "Planning Time": 0.314,
    "Triggers": [],
    "Execution Time": 579.148
  }
]