[
  {
    "Plan": {
      "Node Type": "Aggregate",
      "Strategy": "Plain",
      "Partial Mode": "Finalize",
      "Parallel Aware": false,
      "Startup Cost": 367585.82,
      "Total Cost": 367585.83,
      "Plan Rows": 1,
      "Plan Width": 8,
      "Actual Startup Time": 572.211,
      "Actual Total Time": 590.866,
      "Actual Rows": 1,
      "Actual Loops": 1,
      "Plans": [
        {
          "Node Type": "Gather",
          "Parent Relationship": "Outer",
          "Parallel Aware": false,
          "Startup Cost": 367585.19,
          "Total Cost": 367585.8,
          "Plan Rows": 6,
          "Plan Width": 8,
          "Actual Startup Time": 556.866,
          "Actual Total Time": 590.857,
          "Actual Rows": 7,
          "Actual Loops": 1,
          "Workers Planned": 6,
          "Workers Launched": 6,
          "Single Copy": false,
          "Plans": [
            {
              "Node Type": "Aggregate",
              "Strategy": "Plain",
              "Partial Mode": "Partial",
              "Parent Relationship": "Outer",
              "Parallel Aware": false,
              "Startup Cost": 366585.19,
              "Total Cost": 366585.2,
              "Plan Rows": 1,
              "Plan Width": 8,
              "Actual Startup Time": 540.165,
              "Actual Total Time": 540.169,
              "Actual Rows": 1,
              "Actual Loops": 7,
              "Plans": [
                {
                  "Node Type": "Hash Join",
                  "Parent Relationship": "Outer",
                  "Parallel Aware": true,
                  "Join Type": "Inner",
                  "Startup Cost": 105913.1,
                  "Total Cost": 365987.87,
                  "Plan Rows": 238930,
                  "Plan Width": 0,
                  "Actual Startup Time": 289.357,
                  "Actual Total Time": 528.714,
                  "Actual Rows": 222629,
                  "Actual Loops": 7,
                  "Inner Unique": true,
                  "Hash Cond": "(ci.movie_id = t.id)",
                  "Plans": [
                    {
                      "Node Type": "Bitmap Heap Scan",
                      "Parent Relationship": "Outer",
                      "Parallel Aware": true,
                      "Relation Name": "cast_info",
                      "Alias": "ci",
                      "Startup Cost": 56788.79,
                      "Total Cost": 315915.23,
                      "Plan Rows": 361267,
                      "Plan Width": 4,
                      "Actual Startup Time": 88.746,
                      "Actual Total Time": 176.914,
                      "Actual Rows": 353821,
                      "Actual Loops": 7,
                      "Recheck Cond": "(person_id < 251980)",
                      "Rows Removed by Index Recheck": 0,
                      "Filter": "(role_id < 9)",
                      "Rows Removed by Filter": 20761,
                      "Exact Heap Blocks": 5281,
                      "Lossy Heap Blocks": 0,
                      "Plans": [
                        {
                          "Node Type": "Bitmap Index Scan",
                          "Parent Relationship": "Outer",
                          "Parallel Aware": false,
                          "Index Name": "person_id_cast_info",
                          "Startup Cost": 0.0,
                          "Total Cost": 56246.89,
                          "Plan Rows": 2575776,
                          "Plan Width": 0,
                          "Actual Startup Time": 84.562,
                          "Actual Total Time": 84.562,
                          "Actual Rows": 2622078,
                          "Actual Loops": 1,
                          "Index Cond": "(person_id < 251980)"
                        }
                      ]
                    },
                    {
                      "Node Type": "Hash",
                      "Parent Relationship": "Inner",
                      "Parallel Aware": true,
                      "Startup Cost": 43898.92,
                      "Total Cost": 43898.92,
                      "Plan Rows": 418032,
                      "Plan Width": 4,
                      "Actual Startup Time": 195.733,
                      "Actual Total Time": 195.735,
                      "Actual Rows": 239157,
                      "Actual Loops": 7,
                      "Hash Buckets": 2097152,
                      "Original Hash Buckets": 2097152,
                      "Hash Batches": 1,
                      "Original Hash Batches": 1,
                      "Peak Memory Usage": 81952,
                      "Plans": [
                        {
                          "Node Type": "Seq Scan",
                          "Parent Relationship": "Outer",
                          "Parallel Aware": true,
                          "Relation Name": "title",
                          "Alias": "t",
                          "Startup Cost": 0.0,
                          "Total Cost": 43898.92,
                          "Plan Rows": 418032,
                          "Plan Width": 4,
                          "Actual Startup Time": 0.052,
                          "Actual Total Time": 79.598,
                          "Actual Rows": 239157,
                          "Actual Loops": 7,
                          "Filter": "(kind_id > 3)",
                          "Rows Removed by Filter": 122031
                        }
                      ]
                    }
                  ]
                }
              ]
            }
          ]
        }
      ]
    },
    "Planning Time": 0.627,
    "Triggers": [],
    "Execution Time": 590.958
  }
]