[
  {
    "Plan": {
      "Node Type": "Aggregate",
      "Strategy": "Plain",
      "Partial Mode": "Finalize",
      "Parallel Aware": false,
      "Startup Cost": 39660.87,
      "Total Cost": 39660.88,
      "Plan Rows": 1,
      "Plan Width": 8,
      "Actual Startup Time": 32.814,
      "Actual Total Time": 39.775,
      "Actual Rows": 1,
      "Actual Loops": 1,
      "Plans": [
        {
          "Node Type": "Gather",
          "Parent Relationship": "Outer",
          "Parallel Aware": false,
          "Startup Cost": 39660.66,
          "Total Cost": 39660.87,
          "Plan Rows": 2,
          "Plan Width": 8,
          "Actual Startup Time": 32.68,
          "Actual Total Time": 39.77,
          "Actual Rows": 3,
          "Actual Loops": 1,
          "Workers Planned": 2,
          "Workers Launched": 2,
          "Single Copy": false,
          "Plans": [
            {
              "Node Type": "Aggregate",
              "Strategy": "Plain",
              "Partial Mode": "Partial",
              "Parent Relationship": "Outer",
              "Parallel Aware": false,
              "Startup Cost": 38660.66,
              "Total Cost": 38660.67,
              "Plan Rows": 1,
              "Plan Width": 8,
              "Actual Startup Time": 28.785,
              "Actual Total Time": 28.786,
              "Actual Rows": 1,
              "Actual Loops": 3,
              "Plans": [
                {
                  "Node Type": "Nested Loop",
                  "Parent Relationship": "Outer",
                  "Parallel Aware": false,
                  "Join Type": "Inner",
                  "Startup Cost": 110.65,
                  "Total Cost": 38657.33,
                  "Plan Rows": 1331,
                  "Plan Width": 0,
                  "Actual Startup Time": 0.667,
                  "Actual Total Time": 28.42,
                  "Actual Rows": 4001,
                  "Actual Loops": 3,
                  "Inner Unique": false,
                  "Plans": [
                    {
                      "Node Type": "Nested Loop",
                      "Parent Relationship": "Outer",
                      "Parallel Aware": false,
                      "Join Type": "Inner",
                      "Startup Cost": 110.22,
                      "Total Cost": 37359.28,
                      "Plan Rows": 2438,
                      "Plan Width": 8,
                      "Actual Startup Time": 0.541,
                      "Actual Total Time": 16.116,
                      "Actual Rows": 1721,
                      "Actual Loops": 3,
                      "Inner Unique": true,
                      "Plans": [
                        {
                          "Node Type": "Bitmap Heap Scan",
                          "Parent Relationship": "Outer",
                          "Parallel Aware": true,
                          "Relation Name": "movie_info",
                          "Alias": "mi",
                          "Startup Cost": 109.79,
                          "Total Cost": 19887.18,
                          "Plan Rows": 2438,
                          "Plan Width": 4,
                          "Actual Startup Time": 0.424,
                          "Actual Total Time": 3.429,
                          "Actual Rows": 1721,
                          "Actual Loops": 3,
                          "Recheck Cond": "(info_type_id = 92)",
                          "Rows Removed by Index Recheck": 0,
                          "Exact Heap Blocks": 1185,
                          "Lossy Heap Blocks": 0,
                          "Plans": [
                            {
                              "Node Type": "Bitmap Index Scan",
                              "Parent Relationship": "Outer",
                              "Parallel Aware": false,
                              "Index Name": "info_type_id_movie_info",
                              "Startup Cost": 0.0,
                              "Total Cost": 108.33,
                              "Plan Rows": 5852,
                              "Plan Width": 0,
                              "Actual Startup Time": 0.858,
                              "Actual Total Time": 0.858,
                              "Actual Rows": 5162,
                              "Actual Loops": 1,
                              "Index Cond": "(info_type_id = 92)"
                            }
                          ]
                        },
                        {
                          "Node Type": "Index Only Scan",
                          "Parent Relationship": "Inner",
                          "Parallel Aware": false,
                          "Scan Direction": "Forward",
                          "Index Name": "title_pkey",
                          "Relation Name": "title",
                          "Alias": "t",
                          "Startup Cost": 0.43,
                          "Total Cost": 7.17,
                          "Plan Rows": 1,
                          "Plan Width": 4,
                          "Actual Startup Time": 0.007,
                          "Actual Total Time": 0.007,
                          "Actual Rows": 1,
                          "Actual Loops": 5162,
                          "Index Cond": "(id = mi.movie_id)",
                          "Rows Removed by Index Recheck": 0,
                          "Heap Fetches": 5162
                        }
                      ]
                    },
                    {
                      "Node Type": "Index Only Scan",
                      "Parent Relationship": "Inner",
                      "Parallel Aware": false,
                      "Scan Direction": "Forward",
                      "Index Name": "movie_id_movie_info_idx",
                      "Relation Name": "movie_info_idx",
                      "Alias": "mi_idx",
                      "Startup Cost": 0.43,
                      "Total Cost": 0.5,
                      "Plan Rows": 3,
                      "Plan Width": 4,
                      "Actual Startup Time": 0.006,
                      "Actual Total Time": 0.007,
                      "Actual Rows": 2,
                      "Actual Loops": 5162,
                      "Index Cond": "(movie_id = t.id)",
                      "Rows Removed by Index Recheck": 0,
                      "Heap Fetches": 12003
                    }
                  ]
                }
              ]
            }
          ]
        }
      ]
    },
    "Planning Time": 0.488,
    "Triggers": [],
    "Execution Time": 39.82
  }
]