{
    "Plan": {
        "Node Type": "Aggregate",
        "Strategy": "Plain",
        "Partial Mode": "Finalize",
        "Parallel Aware": false,
        "Startup Cost": 250779.32,
        "Total Cost": 250779.33,
        "Plan Rows": 1,
        "Plan Width": 8,
        "Actual Startup Time": 675.532,
        "Actual Total Time": 715.562,
        "Actual Rows": 1,
        "Actual Loops": 1,
        "Output": [
            "count(*)"
        ],
        "Plans": [
            {
                "Node Type": "Gather",
                "Parent Relationship": "Outer",
                "Parallel Aware": false,
                "Startup Cost": 250778.8,
                "Total Cost": 250779.31,
                "Plan Rows": 5,
                "Plan Width": 8,
                "Actual Startup Time": 675.159,
                "Actual Total Time": 715.55,
                "Actual Rows": 6,
                "Actual Loops": 1,
                "Output": [
                    "(PARTIAL count(*))"
                ],
                "Workers Planned": 5,
                "Workers Launched": 5,
                "Single Copy": false,
                "Plans": [
                    {
                        "Node Type": "Aggregate",
                        "Strategy": "Plain",
                        "Partial Mode": "Partial",
                        "Parent Relationship": "Outer",
                        "Parallel Aware": false,
                        "Startup Cost": 249778.8,
                        "Total Cost": 249778.81,
                        "Plan Rows": 1,
                        "Plan Width": 8,
                        "Actual Startup Time": 665.931,
                        "Actual Total Time": 665.937,
                        "Actual Rows": 1,
                        "Actual Loops": 6,
                        "Output": [
                            "PARTIAL count(*)"
                        ],
                        "Workers": [
                            {
                                "Worker Number": 0,
                                "Actual Startup Time": 667.651,
                                "Actual Total Time": 667.655,
                                "Actual Rows": 1,
                                "Actual Loops": 1
                            },
                            {
                                "Worker Number": 1,
                                "Actual Startup Time": 668.043,
                                "Actual Total Time": 668.06,
                                "Actual Rows": 1,
                                "Actual Loops": 1
                            },
                            {
                                "Worker Number": 2,
                                "Actual Startup Time": 663.166,
                                "Actual Total Time": 663.168,
                                "Actual Rows": 1,
                                "Actual Loops": 1
                            },
                            {
                                "Worker Number": 3,
                                "Actual Startup Time": 662.651,
                                "Actual Total Time": 662.654,
                                "Actual Rows": 1,
                                "Actual Loops": 1
                            },
                            {
                                "Worker Number": 4,
                                "Actual Startup Time": 662.094,
                                "Actual Total Time": 662.097,
                                "Actual Rows": 1,
                                "Actual Loops": 1
                            }
                        ],
                        "Plans": [
                            {
                                "Node Type": "Hash Join",
                                "Parent Relationship": "Outer",
                                "Parallel Aware": true,
                                "Join Type": "Inner",
                                "Startup Cost": 45605.26,
                                "Total Cost": 249699.59,
                                "Plan Rows": 31684,
                                "Plan Width": 0,
                                "Actual Startup Time": 117.665,
                                "Actual Total Time": 664.349,
                                "Actual Rows": 19394,
                                "Actual Loops": 6,
                                "Inner Unique": true,
                                "Hash Cond": "(mi.movie_id = t.id)",
                                "Workers": [
                                    {
                                        "Worker Number": 0,
                                        "Actual Startup Time": 119.418,
                                        "Actual Total Time": 666.13,
                                        "Actual Rows": 23930,
                                        "Actual Loops": 1
                                    },
                                    {
                                        "Worker Number": 1,
                                        "Actual Startup Time": 119.798,
                                        "Actual Total Time": 666.414,
                                        "Actual Rows": 15333,
                                        "Actual Loops": 1
                                    },
                                    {
                                        "Worker Number": 2,
                                        "Actual Startup Time": 114.883,
                                        "Actual Total Time": 661.509,
                                        "Actual Rows": 15705,
                                        "Actual Loops": 1
                                    },
                                    {
                                        "Worker Number": 3,
                                        "Actual Startup Time": 114.351,
                                        "Actual Total Time": 661.015,
                                        "Actual Rows": 15662,
                                        "Actual Loops": 1
                                    },
                                    {
                                        "Worker Number": 4,
                                        "Actual Startup Time": 113.831,
                                        "Actual Total Time": 660.467,
                                        "Actual Rows": 15398,
                                        "Actual Loops": 1
                                    }
                                ],
                                "Plans": [
                                    {
                                        "Node Type": "Seq Scan",
                                        "Parent Relationship": "Outer",
                                        "Parallel Aware": true,
                                        "Relation Name": "movie_info",
                                        "Schema": "public",
                                        "Alias": "mi",
                                        "Startup Cost": 0.0,
                                        "Total Cost": 198880.74,
                                        "Plan Rows": 1986127,
                                        "Plan Width": 4,
                                        "Actual Startup Time": 19.134,
                                        "Actual Total Time": 406.106,
                                        "Actual Rows": 1651959,
                                        "Actual Loops": 6,
                                        "Output": [
                                            "mi.id",
                                            "mi.movie_id",
                                            "mi.info_type_id",
                                            "mi.info",
                                            "mi.note"
                                        ],
                                        "Filter": "(mi.info_type_id > 4)",
                                        "Rows Removed by Filter": 820661,
                                        "Workers": [
                                            {
                                                "Worker Number": 0,
                                                "Actual Startup Time": 19.136,
                                                "Actual Total Time": 407.243,
                                                "Actual Rows": 2035242,
                                                "Actual Loops": 1
                                            },
                                            {
                                                "Worker Number": 1,
                                                "Actual Startup Time": 19.108,
                                                "Actual Total Time": 409.0,
                                                "Actual Rows": 1311157,
                                                "Actual Loops": 1
                                            },
                                            {
                                                "Worker Number": 2,
                                                "Actual Startup Time": 19.133,
                                                "Actual Total Time": 409.028,
                                                "Actual Rows": 1320907,
                                                "Actual Loops": 1
                                            },
                                            {
                                                "Worker Number": 3,
                                                "Actual Startup Time": 19.127,
                                                "Actual Total Time": 408.471,
                                                "Actual Rows": 1321559,
                                                "Actual Loops": 1
                                            },
                                            {
                                                "Worker Number": 4,
                                                "Actual Startup Time": 19.134,
                                                "Actual Total Time": 408.838,
                                                "Actual Rows": 1317641,
                                                "Actual Loops": 1
                                            }
                                        ]
                                    },
                                    {
                                        "Node Type": "Hash",
                                        "Parent Relationship": "Inner",
                                        "Parallel Aware": true,
                                        "Startup Cost": 45479.21,
                                        "Total Cost": 45479.21,
                                        "Plan Rows": 10084,
                                        "Plan Width": 4,
                                        "Actual Startup Time": 85.921,
                                        "Actual Total Time": 85.924,
                                        "Actual Rows": 4491,
                                        "Actual Loops": 6,
                                        "Output": [
                                            "t.id"
                                        ],
                                        "Hash Buckets": 65536,
                                        "Original Hash Buckets": 65536,
                                        "Hash Batches": 1,
                                        "Original Hash Batches": 1,
                                        "Peak Memory Usage": 1664,
                                        "Workers": [
                                            {
                                                "Worker Number": 0,
                                                "Actual Startup Time": 88.155,
                                                "Actual Total Time": 88.157,
                                                "Actual Rows": 5057,
                                                "Actual Loops": 1
                                            },
                                            {
                                                "Worker Number": 1,
                                                "Actual Startup Time": 88.559,
                                                "Actual Total Time": 88.573,
                                                "Actual Rows": 3852,
                                                "Actual Loops": 1
                                            },
                                            {
                                                "Worker Number": 2,
                                                "Actual Startup Time": 83.474,
                                                "Actual Total Time": 83.475,
                                                "Actual Rows": 3804,
                                                "Actual Loops": 1
                                            },
                                            {
                                                "Worker Number": 3,
                                                "Actual Startup Time": 82.893,
                                                "Actual Total Time": 82.895,
                                                "Actual Rows": 3834,
                                                "Actual Loops": 1
                                            },
                                            {
                                                "Worker Number": 4,
                                                "Actual Startup Time": 82.332,
                                                "Actual Total Time": 82.333,
                                                "Actual Rows": 3626,
                                                "Actual Loops": 1
                                            }
                                        ],
                                        "Plans": [
                                            {
                                                "Node Type": "Seq Scan",
                                                "Parent Relationship": "Outer",
                                                "Parallel Aware": true,
                                                "Relation Name": "title",
                                                "Schema": "public",
                                                "Alias": "t",
                                                "Startup Cost": 0.0,
                                                "Total Cost": 45479.21,
                                                "Plan Rows": 10084,
                                                "Plan Width": 4,
                                                "Actual Startup Time": 56.348,
                                                "Actual Total Time": 83.641,
                                                "Actual Rows": 4491,
                                                "Actual Loops": 6,
                                                "Output": [
                                                    "t.id"
                                                ],
                                                "Filter": "((t.production_year > 2005) AND (t.kind_id = 3))",
                                                "Rows Removed by Filter": 416894,
                                                "Workers": [
                                                    {
                                                        "Worker Number": 0,
                                                        "Actual Startup Time": 54.646,
                                                        "Actual Total Time": 85.695,
                                                        "Actual Rows": 5057,
                                                        "Actual Loops": 1
                                                    },
                                                    {
                                                        "Worker Number": 1,
                                                        "Actual Startup Time": 60.502,
                                                        "Actual Total Time": 86.06,
                                                        "Actual Rows": 3852,
                                                        "Actual Loops": 1
                                                    },
                                                    {
                                                        "Worker Number": 2,
                                                        "Actual Startup Time": 55.389,
                                                        "Actual Total Time": 81.302,
                                                        "Actual Rows": 3804,
                                                        "Actual Loops": 1
                                                    },
                                                    {
                                                        "Worker Number": 3,
                                                        "Actual Startup Time": 54.82,
                                                        "Actual Total Time": 80.578,
                                                        "Actual Rows": 3834,
                                                        "Actual Loops": 1
                                                    },
                                                    {
                                                        "Worker Number": 4,
                                                        "Actual Startup Time": 54.248,
                                                        "Actual Total Time": 80.105,
                                                        "Actual Rows": 3626,
                                                        "Actual Loops": 1
                                                    }
                                                ]
                                            }
                                        ]
                                    }
                                ]
                            }
                        ]
                    }
                ]
            }
        ]
    },
    "Planning Time": 0.812,
    "Triggers": [],
    "Execution Time": 715.647
}