[
  {
    "Plan": {
      "Node Type": "Aggregate",
      "Strategy": "Plain",
      "Partial Mode": "Finalize",
      "Parallel Aware": false,
      "Startup Cost": 45996.86,
      "Total Cost": 45996.87,
      "Plan Rows": 1,
      "Plan Width": 8,
      "Actual Startup Time": 148.324,
      "Actual Total Time": 158.521,
      "Actual Rows": 1,
      "Actual Loops": 1,
      "Plans": [
        {
          "Node Type": "Gather",
          "Parent Relationship": "Outer",
          "Parallel Aware": false,
          "Startup Cost": 45996.54,
          "Total Cost": 45996.85,
          "Plan Rows": 3,
          "Plan Width": 8,
          "Actual Startup Time": 148.135,
          "Actual Total Time": 158.513,
          "Actual Rows": 4,
          "Actual Loops": 1,
          "Workers Planned": 3,
          "Workers Launched": 3,
          "Single Copy": false,
          "Plans": [
            {
              "Node Type": "Aggregate",
              "Strategy": "Plain",
              "Partial Mode": "Partial",
              "Parent Relationship": "Outer",
              "Parallel Aware": false,
              "Startup Cost": 44996.54,
              "Total Cost": 44996.55,
              "Plan Rows": 1,
              "Plan Width": 8,
              "Actual Startup Time": 144.119,
              "Actual Total Time": 144.121,
              "Actual Rows": 1,
              "Actual Loops": 4,
              "Plans": [
                {
                  "Node Type": "Seq Scan",
                  "Parent Relationship": "Outer",
                  "Parallel Aware": true,
                  "Relation Name": "movie_keyword",
                  "Alias": "mk",
                  "Startup Cost": 0.0,
                  "Total Cost": 42695.65,
                  "Plan Rows": 920356,
                  "Plan Width": 0,
                  "Actual Startup Time": 0.031,
                  "Actual Total Time": 112.137,
                  "Actual Rows": 717122,
                  "Actual Loops": 4,
                  "Filter": "(keyword_id < 8832)",
                  "Rows Removed by Filter": 413860
                }
              ]
            }
          ]
        }
      ]
    },
    "Planning Time": 0.108,
    "Triggers": [],
    "Execution Time": 158.557
  }
]