[
  {
    "Plan": {
      "Node Type": "Aggregate",
      "Strategy": "Plain",
      "Partial Mode": "Finalize",
      "Parallel Aware": false,
      "Startup Cost": 75322.55,
      "Total Cost": 75322.56,
      "Plan Rows": 1,
      "Plan Width": 8,
      "Actual Startup Time": 442.93,
      "Actual Total Time": 477.844,
      "Actual Rows": 1,
      "Actual Loops": 1,
      "Plans": [
        {
          "Node Type": "Gather",
          "Parent Relationship": "Outer",
          "Parallel Aware": false,
          "Startup Cost": 75322.33,
          "Total Cost": 75322.54,
          "Plan Rows": 2,
          "Plan Width": 8,
          "Actual Startup Time": 441.541,
          "Actual Total Time": 477.833,
          "Actual Rows": 3,
          "Actual Loops": 1,
          "Workers Planned": 2,
          "Workers Launched": 2,
          "Single Copy": false,
          "Plans": [
            {
              "Node Type": "Aggregate",
              "Strategy": "Plain",
              "Partial Mode": "Partial",
              "Parent Relationship": "Outer",
              "Parallel Aware": false,
              "Startup Cost": 74322.33,
              "Total Cost": 74322.34,
              "Plan Rows": 1,
              "Plan Width": 8,
              "Actual Startup Time": 433.603,
              "Actual Total Time": 433.608,
              "Actual Rows": 1,
              "Actual Loops": 3,
              "Plans": [
                {
                  "Node Type": "Nested Loop",
                  "Parent Relationship": "Outer",
                  "Parallel Aware": false,
                  "Join Type": "Inner",
                  "Startup Cost": 45559.33,
                  "Total Cost": 74237.44,
                  "Plan Rows": 33958,
                  "Plan Width": 0,
                  "Actual Startup Time": 184.534,
                  "Actual Total Time": 421.699,
                  "Actual Rows": 164932,
                  "Actual Loops": 3,
                  "Inner Unique": false,
                  "Join Filter": "(t.id = mi.movie_id)",
                  "Rows Removed by Join Filter": 0,
                  "Plans": [
                    {
                      "Node Type": "Hash Join",
                      "Parent Relationship": "Outer",
                      "Parallel Aware": true,
                      "Join Type": "Inner",
                      "Startup Cost": 45558.9,
                      "Total Cost": 60753.46,
                      "Plan Rows": 5808,
                      "Plan Width": 8,
                      "Actual Startup Time": 184.422,
                      "Actual Total Time": 249.977,
                      "Actual Rows": 7170,
                      "Actual Loops": 3,
                      "Inner Unique": true,
                      "Hash Cond": "(mi_idx.movie_id = t.id)",
                      "Plans": [
                        {
                          "Node Type": "Seq Scan",
                          "Parent Relationship": "Outer",
                          "Parallel Aware": true,
                          "Relation Name": "movie_info_idx",
                          "Alias": "mi_idx",
                          "Startup Cost": 0.0,
                          "Total Cost": 13685.15,
                          "Plan Rows": 575015,
                          "Plan Width": 4,
                          "Actual Startup Time": 0.03,
                          "Actual Total Time": 50.566,
                          "Actual Rows": 460012,
                          "Actual Loops": 3
                        },
                        {
                          "Node Type": "Hash",
                          "Parent Relationship": "Inner",
                          "Parallel Aware": true,
                          "Startup Cost": 45479.1,
                          "Total Cost": 45479.1,
                          "Plan Rows": 6384,
                          "Plan Width": 4,
                          "Actual Startup Time": 142.842,
                          "Actual Total Time": 142.843,
                          "Actual Rows": 5152,
                          "Actual Loops": 3,
                          "Hash Buckets": 32768,
                          "Original Hash Buckets": 32768,
                          "Hash Batches": 1,
                          "Original Hash Batches": 1,
                          "Peak Memory Usage": 896,
                          "Plans": [
                            {
                              "Node Type": "Seq Scan",
                              "Parent Relationship": "Outer",
                              "Parallel Aware": true,
                              "Relation Name": "title",
                              "Alias": "t",
                              "Startup Cost": 0.0,
                              "Total Cost": 45479.1,
                              "Plan Rows": 6384,
                              "Plan Width": 4,
                              "Actual Startup Time": 82.218,
                              "Actual Total Time": 140.316,
                              "Actual Rows": 5152,
                              "Actual Loops": 3,
                              "Filter": "((kind_id = 1) AND (production_year = 2005))",
                              "Rows Removed by Filter": 837618
                            }
                          ]
                        }
                      ]
                    },
                    {
                      "Node Type": "Index Only Scan",
                      "Parent Relationship": "Inner",
                      "Parallel Aware": false,
                      "Scan Direction": "Forward",
                      "Index Name": "movie_id_movie_info",
                      "Relation Name": "movie_info",
                      "Alias": "mi",
                      "Startup Cost": 0.43,
                      "Total Cost": 1.8,
                      "Plan Rows": 42,
                      "Plan Width": 4,
                      "Actual Startup Time": 0.006,
                      "Actual Total Time": 0.021,
                      "Actual Rows": 23,
                      "Actual Loops": 21510,
                      "Index Cond": "(movie_id = mi_idx.movie_id)",
                      "Rows Removed by Index Recheck": 0,
                      "Heap Fetches": 494795
                    }
                  ]
                }
              ]
            }
          ]
        }
      ]
    },
    "Planning Time": 1.55,
    "Triggers": [],
    "Execution Time": 477.937
  }
]