[
  {
    "Plan": {
      "Node Type": "Aggregate",
      "Strategy": "Plain",
      "Partial Mode": "Finalize",
      "Parallel Aware": false,
      "Startup Cost": 92916.58,
      "Total Cost": 92916.59,
      "Plan Rows": 1,
      "Plan Width": 8,
      "Actual Startup Time": 357.642,
      "Actual Total Time": 376.385,
      "Actual Rows": 1,
      "Actual Loops": 1,
      "Plans": [
        {
          "Node Type": "Gather",
          "Parent Relationship": "Outer",
          "Parallel Aware": false,
          "Startup Cost": 92916.26,
          "Total Cost": 92916.57,
          "Plan Rows": 3,
          "Plan Width": 8,
          "Actual Startup Time": 355.387,
          "Actual Total Time": 376.374,
          "Actual Rows": 4,
          "Actual Loops": 1,
          "Workers Planned": 3,
          "Workers Launched": 3,
          "Single Copy": false,
          "Plans": [
            {
              "Node Type": "Aggregate",
              "Strategy": "Plain",
              "Partial Mode": "Partial",
              "Parent Relationship": "Outer",
              "Parallel Aware": false,
              "Startup Cost": 91916.26,
              "Total Cost": 91916.27,
              "Plan Rows": 1,
              "Plan Width": 8,
              "Actual Startup Time": 346.242,
              "Actual Total Time": 346.245,
              "Actual Rows": 1,
              "Actual Loops": 4,
              "Plans": [
                {
                  "Node Type": "Hash Join",
                  "Parent Relationship": "Outer",
                  "Parallel Aware": true,
                  "Join Type": "Inner",
                  "Startup Cost": 47687.61,
                  "Total Cost": 91593.95,
                  "Plan Rows": 128922,
                  "Plan Width": 0,
                  "Actual Startup Time": 177.052,
                  "Actual Total Time": 338.255,
                  "Actual Rows": 179893,
                  "Actual Loops": 4,
                  "Inner Unique": true,
                  "Hash Cond": "(mk.movie_id = t.id)",
                  "Plans": [
                    {
                      "Node Type": "Seq Scan",
                      "Parent Relationship": "Outer",
                      "Parallel Aware": true,
                      "Relation Name": "movie_keyword",
                      "Alias": "mk",
                      "Startup Cost": 0.0,
                      "Total Cost": 42695.65,
                      "Plan Rows": 461215,
                      "Plan Width": 4,
                      "Actual Startup Time": 0.839,
                      "Actual Total Time": 103.116,
                      "Actual Rows": 358528,
                      "Actual Loops": 4,
                      "Filter": "(keyword_id > 11656)",
                      "Rows Removed by Filter": 772454
                    },
                    {
                      "Node Type": "Hash",
                      "Parent Relationship": "Inner",
                      "Parallel Aware": true,
                      "Startup Cost": 45479.1,
                      "Total Cost": 45479.1,
                      "Plan Rows": 176681,
                      "Plan Width": 4,
                      "Actual Startup Time": 170.431,
                      "Actual Total Time": 170.431,
                      "Actual Rows": 148892,
                      "Actual Loops": 4,
                      "Hash Buckets": 1048576,
                      "Original Hash Buckets": 1048576,
                      "Hash Batches": 1,
                      "Original Hash Batches": 1,
                      "Peak Memory Usage": 31552,
                      "Plans": [
                        {
                          "Node Type": "Seq Scan",
                          "Parent Relationship": "Outer",
                          "Parallel Aware": true,
                          "Relation Name": "title",
                          "Alias": "t",
                          "Startup Cost": 0.0,
                          "Total Cost": 45479.1,
                          "Plan Rows": 176681,
                          "Plan Width": 4,
                          "Actual Startup Time": 0.051,
                          "Actual Total Time": 109.487,
                          "Actual Rows": 148892,
                          "Actual Loops": 4,
                          "Filter": "((kind_id < 4) AND (production_year > 1970))",
                          "Rows Removed by Filter": 483186
                        }
                      ]
                    }
                  ]
                }
              ]
            }
          ]
        }
      ]
    },
    "Planning Time": 0.753,
    "Triggers": [],
    "Execution Time": 376.461
  }
]