{
  "Plan": {
    "Node Type": "Aggregate",
    "Strategy": "Plain",
    "Partial Mode": "Finalize",
    "Parallel Aware": false,
    "Startup Cost": 222170.57,
    "Total Cost": 222170.58,
    "Plan Rows": 1,
    "Plan Width": 8,
    "Actual Startup Time": 858.219,
    "Actual Total Time": 878.804,
    "Actual Rows": 1,
    "Actual Loops": 1,
    "Plans": [
      {
        "Node Type": "Gather",
        "Parent Relationship": "Outer",
        "Parallel Aware": false,
        "Startup Cost": 222170.45,
        "Total Cost": 222170.56,
        "Plan Rows": 1,
        "Plan Width": 8,
        "Actual Startup Time": 853.653,
        "Actual Total Time": 878.795,
        "Actual Rows": 2,
        "Actual Loops": 1,
        "Workers Planned": 1,
        "Workers Launched": 1,
        "Single Copy": false,
        "Plans": [
          {
            "Node Type": "Aggregate",
            "Strategy": "Plain",
            "Partial Mode": "Partial",
            "Parent Relationship": "Outer",
            "Parallel Aware": false,
            "Startup Cost": 221170.45,
            "Total Cost": 221170.46,
            "Plan Rows": 1,
            "Plan Width": 8,
            "Actual Startup Time": 847.363,
            "Actual Total Time": 847.372,
            "Actual Rows": 1,
            "Actual Loops": 2,
            "Plans": [
              {
                "Node Type": "Hash Join",
                "Parent Relationship": "Outer",
                "Parallel Aware": true,
                "Join Type": "Inner",
                "Startup Cost": 153050.68,
                "Total Cost": 220927.01,
                "Plan Rows": 97379,
                "Plan Width": 0,
                "Actual Startup Time": 490.548,
                "Actual Total Time": 841.37,
                "Actual Rows": 146350,
                "Actual Loops": 2,
                "Inner Unique": false,
                "Hash Cond": "(mk.movie_id = t.id)",
                "Plans": [
                  {
                    "Node Type": "Seq Scan",
                    "Parent Relationship": "Outer",
                    "Parallel Aware": true,
                    "Relation Name": "movie_keyword",
                    "Alias": "mk",
                    "Startup Cost": 0.0,
                    "Total Cost": 57718.19,
                    "Plan Rows": 2556083,
                    "Plan Width": 4,
                    "Actual Startup Time": 0.017,
                    "Actual Total Time": 203.151,
                    "Actual Rows": 2176705,
                    "Actual Loops": 2,
                    "Filter": "(keyword_id < 72109)",
                    "Rows Removed by Filter": 85260
                  },
                  {
                    "Node Type": "Hash",
                    "Parent Relationship": "Inner",
                    "Parallel Aware": true,
                    "Startup Cost": 152342.45,
                    "Total Cost": 152342.45,
                    "Plan Rows": 56659,
                    "Plan Width": 8,
                    "Actual Startup Time": 488.023,
                    "Actual Total Time": 488.029,
                    "Actual Rows": 32032,
                    "Actual Loops": 2,
                    "Hash Buckets": 131072,
                    "Original Hash Buckets": 131072,
                    "Hash Batches": 1,
                    "Original Hash Batches": 1,
                    "Peak Memory Usage": 3552,
                    "Plans": [
                      {
                        "Node Type": "Merge Join",
                        "Parent Relationship": "Outer",
                        "Parallel Aware": false,
                        "Join Type": "Inner",
                        "Startup Cost": 147928.87,
                        "Total Cost": 152342.45,
                        "Plan Rows": 56659,
                        "Plan Width": 8,
                        "Actual Startup Time": 380.482,
                        "Actual Total Time": 470.956,
                        "Actual Rows": 32032,
                        "Actual Loops": 2,
                        "Inner Unique": false,
                        "Merge Cond": "(t.id = mi_idx.movie_id)",
                        "Plans": [
                          {
                            "Node Type": "Sort",
                            "Parent Relationship": "Outer",
                            "Parallel Aware": false,
                            "Startup Cost": 83364.82,
                            "Total Cost": 84152.55,
                            "Plan Rows": 315092,
                            "Plan Width": 4,
                            "Actual Startup Time": 214.247,
                            "Actual Total Time": 243.583,
                            "Actual Rows": 266594,
                            "Actual Loops": 2,
                            "Sort Key": [
                              "t.id"
                            ],
                            "Sort Method": "quicksort",
                            "Sort Space Used": 26220,
                            "Sort Space Type": "Memory",
                            "Workers": [
                              {
                                "Worker Number": 0,
                                "Sort Method": "quicksort",
                                "Sort Space Used": 17215,
                                "Sort Space Type": "Memory"
                              }
                            ],
                            "Plans": [
                              {
                                "Node Type": "Seq Scan",
                                "Parent Relationship": "Outer",
                                "Parallel Aware": true,
                                "Relation Name": "title",
                                "Alias": "t",
                                "Startup Cost": 0.0,
                                "Total Cost": 54588.39,
                                "Plan Rows": 315092,
                                "Plan Width": 4,
                                "Actual Startup Time": 0.027,
                                "Actual Total Time": 144.358,
                                "Actual Rows": 266684,
                                "Actual Loops": 2,
                                "Filter": "(production_year > 2009)",
                                "Rows Removed by Filter": 997472
                              }
                            ]
                          },
                          {
                            "Node Type": "Sort",
                            "Parent Relationship": "Inner",
                            "Parallel Aware": false,
                            "Startup Cost": 64564.02,
                            "Total Cost": 65700.6,
                            "Plan Rows": 454630,
                            "Plan Width": 4,
                            "Actual Startup Time": 166.22,
                            "Actual Total Time": 183.05,
                            "Actual Rows": 459925,
                            "Actual Loops": 2,
                            "Sort Key": [
                              "mi_idx.movie_id"
                            ],
                            "Sort Method": "quicksort",
                            "Sort Space Used": 33847,
                            "Sort Space Type": "Memory",
                            "Workers": [
                              {
                                "Worker Number": 0,
                                "Sort Method": "quicksort",
                                "Sort Space Used": 33847,
                                "Sort Space Type": "Memory"
                              }
                            ],
                            "Plans": [
                              {
                                "Node Type": "Bitmap Heap Scan",
                                "Parent Relationship": "Outer",
                                "Parallel Aware": false,
                                "Relation Name": "movie_info_idx",
                                "Alias": "mi_idx",
                                "Startup Cost": 8223.81,
                                "Total Cost": 21841.68,
                                "Plan Rows": 454630,
                                "Plan Width": 4,
                                "Actual Startup Time": 16.184,
                                "Actual Total Time": 73.92,
                                "Actual Rows": 459925,
                                "Actual Loops": 2,
                                "Recheck Cond": "(info_type_id < 100)",
                                "Rows Removed by Index Recheck": 0,
                                "Exact Heap Blocks": 7934,
                                "Lossy Heap Blocks": 0,
                                "Plans": [
                                  {
                                    "Node Type": "Bitmap Index Scan",
                                    "Parent Relationship": "Outer",
                                    "Parallel Aware": false,
                                    "Index Name": "info_type_id_movie_info_idx",
                                    "Startup Cost": 0.0,
                                    "Total Cost": 8110.15,
                                    "Plan Rows": 454630,
                                    "Plan Width": 0,
                                    "Actual Startup Time": 15.253,
                                    "Actual Total Time": 15.254,
                                    "Actual Rows": 459925,
                                    "Actual Loops": 2,
                                    "Index Cond": "(info_type_id < 100)"
                                  }
                                ]
                              }
                            ]
                          }
                        ]
                      }
                    ]
                  }
                ]
              }
            ]
          }
        ]
      }
    ]
  },
  "Planning Time": 1.051,
  "Triggers": [],
  "Execution Time": 884.343
}