[
  {
    "Plan": {
      "Node Type": "Aggregate",
      "Strategy": "Plain",
      "Partial Mode": "Finalize",
      "Parallel Aware": false,
      "Startup Cost": 27497.89,
      "Total Cost": 27497.9,
      "Plan Rows": 1,
      "Plan Width": 8,
      "Actual Startup Time": 46.512,
      "Actual Total Time": 50.956,
      "Actual Rows": 1,
      "Actual Loops": 1,
      "Plans": [
        {
          "Node Type": "Gather",
          "Parent Relationship": "Outer",
          "Parallel Aware": false,
          "Startup Cost": 27497.58,
          "Total Cost": 27497.89,
          "Plan Rows": 3,
          "Plan Width": 8,
          "Actual Startup Time": 46.366,
          "Actual Total Time": 50.948,
          "Actual Rows": 4,
          "Actual Loops": 1,
          "Workers Planned": 3,
          "Workers Launched": 3,
          "Single Copy": false,
          "Plans": [
            {
              "Node Type": "Aggregate",
              "Strategy": "Plain",
              "Partial Mode": "Partial",
              "Parent Relationship": "Outer",
              "Parallel Aware": false,
              "Startup Cost": 26497.58,
              "Total Cost": 26497.59,
              "Plan Rows": 1,
              "Plan Width": 8,
              "Actual Startup Time": 42.081,
              "Actual Total Time": 42.084,
              "Actual Rows": 1,
              "Actual Loops": 4,
              "Plans": [
                {
                  "Node Type": "Bitmap Heap Scan",
                  "Parent Relationship": "Outer",
                  "Parallel Aware": true,
                  "Relation Name": "movie_companies",
                  "Alias": "mc",
                  "Startup Cost": 6301.11,
                  "Total Cost": 26263.17,
                  "Plan Rows": 93764,
                  "Plan Width": 0,
                  "Actual Startup Time": 13.942,
                  "Actual Total Time": 37.751,
                  "Actual Rows": 70818,
                  "Actual Loops": 4,
                  "Recheck Cond": "(company_id > 95465)",
                  "Rows Removed by Index Recheck": 0,
                  "Exact Heap Blocks": 2058,
                  "Lossy Heap Blocks": 0,
                  "Plans": [
                    {
                      "Node Type": "Bitmap Index Scan",
                      "Parent Relationship": "Outer",
                      "Parallel Aware": false,
                      "Index Name": "company_id_movie_companies",
                      "Startup Cost": 0.0,
                      "Total Cost": 6228.45,
                      "Plan Rows": 290669,
                      "Plan Width": 0,
                      "Actual Startup Time": 16.785,
                      "Actual Total Time": 16.785,
                      "Actual Rows": 283274,
                      "Actual Loops": 1,
                      "Index Cond": "(company_id > 95465)"
                    }
                  ]
                }
              ]
            }
          ]
        }
      ]
    },
    "Planning Time": 0.262,
    "Triggers": [],
    "Execution Time": 51.031
  }
]