[
    {
        "Bao": {
            "Bao prediction": "NaN",
            "Bao recommended hint": "(no hint)"
        }
    },
    {
        "Plan": {
            "Node Type": "Aggregate",
            "Strategy": "Plain",
            "Partial Mode": "Finalize",
            "Parallel Aware": false,
            "Startup Cost": 32674.75,
            "Total Cost": 32674.76,
            "Plan Rows": 1,
            "Plan Width": 8,
            "Actual Startup Time": 89.409,
            "Actual Total Time": 96.935,
            "Actual Rows": 1,
            "Actual Loops": 1,
            "Output": [
                "count(*)"
            ],
            "Plans": [
                {
                    "Node Type": "Gather",
                    "Parent Relationship": "Outer",
                    "Parallel Aware": false,
                    "Startup Cost": 32674.44,
                    "Total Cost": 32674.75,
                    "Plan Rows": 3,
                    "Plan Width": 8,
                    "Actual Startup Time": 89.308,
                    "Actual Total Time": 96.927,
                    "Actual Rows": 4,
                    "Actual Loops": 1,
                    "Output": [
                        "(PARTIAL count(*))"
                    ],
                    "Workers Planned": 3,
                    "Workers Launched": 3,
                    "Single Copy": false,
                    "Plans": [
                        {
                            "Node Type": "Aggregate",
                            "Strategy": "Plain",
                            "Partial Mode": "Partial",
                            "Parent Relationship": "Outer",
                            "Parallel Aware": false,
                            "Startup Cost": 31674.44,
                            "Total Cost": 31674.45,
                            "Plan Rows": 1,
                            "Plan Width": 8,
                            "Actual Startup Time": 81.117,
                            "Actual Total Time": 81.118,
                            "Actual Rows": 1,
                            "Actual Loops": 4,
                            "Output": [
                                "PARTIAL count(*)"
                            ],
                            "Workers": [
                                {
                                    "Worker Number": 0,
                                    "Actual Startup Time": 78.172,
                                    "Actual Total Time": 78.173,
                                    "Actual Rows": 1,
                                    "Actual Loops": 1
                                },
                                {
                                    "Worker Number": 1,
                                    "Actual Startup Time": 78.462,
                                    "Actual Total Time": 78.463,
                                    "Actual Rows": 1,
                                    "Actual Loops": 1
                                },
                                {
                                    "Worker Number": 2,
                                    "Actual Startup Time": 78.833,
                                    "Actual Total Time": 78.835,
                                    "Actual Rows": 1,
                                    "Actual Loops": 1
                                }
                            ],
                            "Plans": [
                                {
                                    "Node Type": "Seq Scan",
                                    "Parent Relationship": "Outer",
                                    "Parallel Aware": true,
                                    "Relation Name": "movie_companies",
                                    "Schema": "public",
                                    "Alias": "mc",
                                    "Startup Cost": 0.0,
                                    "Total Cost": 31414.82,
                                    "Plan Rows": 103847,
                                    "Plan Width": 0,
                                    "Actual Startup Time": 34.126,
                                    "Actual Total Time": 80.75,
                                    "Actual Rows": 5282,
                                    "Actual Loops": 4,
                                    "Output": [
                                        "id",
                                        "movie_id",
                                        "company_id",
                                        "company_type_id",
                                        "note"
                                    ],
                                    "Filter": "((mc.company_id > 53654) AND (mc.company_type_id = 1))",
                                    "Rows Removed by Filter": 647000,
                                    "Workers": [
                                        {
                                            "Worker Number": 0,
                                            "Actual Startup Time": 31.165,
                                            "Actual Total Time": 77.808,
                                            "Actual Rows": 4392,
                                            "Actual Loops": 1
                                        },
                                        {
                                            "Worker Number": 1,
                                            "Actual Startup Time": 31.477,
                                            "Actual Total Time": 78.129,
                                            "Actual Rows": 6460,
                                            "Actual Loops": 1
                                        },
                                        {
                                            "Worker Number": 2,
                                            "Actual Startup Time": 31.848,
                                            "Actual Total Time": 78.475,
                                            "Actual Rows": 4292,
                                            "Actual Loops": 1
                                        }
                                    ]
                                }
                            ]
                        }
                    ]
                }
            ]
        },
        "Planning Time": 281.665,
        "Triggers": [],
        "Execution Time": 96.984
    }
]