[
    {
        "Bao": {
            "Bao prediction": "NaN",
            "Bao recommended hint": "(no hint)"
        }
    },
    {
        "Plan": {
            "Node Type": "Aggregate",
            "Strategy": "Plain",
            "Partial Mode": "Simple",
            "Parallel Aware": false,
            "Startup Cost": 110328.69,
            "Total Cost": 110328.7,
            "Plan Rows": 1,
            "Plan Width": 8,
            "Actual Startup Time": 23.42,
            "Actual Total Time": 23.421,
            "Actual Rows": 1,
            "Actual Loops": 1,
            "Output": [
                "count(*)"
            ],
            "Plans": [
                {
                    "Node Type": "Index Only Scan",
                    "Parent Relationship": "Outer",
                    "Parallel Aware": false,
                    "Scan Direction": "Forward",
                    "Index Name": "person_id_cast_info",
                    "Relation Name": "cast_info",
                    "Schema": "public",
                    "Alias": "ci",
                    "Startup Cost": 0.56,
                    "Total Cost": 110179.01,
                    "Plan Rows": 59869,
                    "Plan Width": 0,
                    "Actual Startup Time": 0.024,
                    "Actual Total Time": 18.401,
                    "Actual Rows": 75885,
                    "Actual Loops": 1,
                    "Output": [
                        "person_id"
                    ],
                    "Index Cond": "(ci.person_id > 4050127)",
                    "Rows Removed by Index Recheck": 0,
                    "Heap Fetches": 75885
                }
            ]
        },
        "Planning Time": 191.183,
        "Triggers": [],
        "Execution Time": 23.457
    }
]