{
  "Plan": {
    "Node Type": "Aggregate",
    "Strategy": "Plain",
    "Partial Mode": "Finalize",
    "Parallel Aware": false,
    "Startup Cost": 153015.45,
    "Total Cost": 153015.46,
    "Plan Rows": 1,
    "Plan Width": 8,
    "Actual Startup Time": 419.537,
    "Actual Total Time": 433.362,
    "Actual Rows": 1,
    "Actual Loops": 1,
    "Plans": [
      {
        "Node Type": "Gather",
        "Parent Relationship": "Outer",
        "Parallel Aware": false,
        "Startup Cost": 153015.34,
        "Total Cost": 153015.45,
        "Plan Rows": 1,
        "Plan Width": 8,
        "Actual Startup Time": 418.975,
        "Actual Total Time": 433.355,
        "Actual Rows": 2,
        "Actual Loops": 1,
        "Workers Planned": 1,
        "Workers Launched": 1,
        "Single Copy": false,
        "Plans": [
          {
            "Node Type": "Aggregate",
            "Strategy": "Plain",
            "Partial Mode": "Partial",
            "Parent Relationship": "Outer",
            "Parallel Aware": false,
            "Startup Cost": 152015.34,
            "Total Cost": 152015.35,
            "Plan Rows": 1,
            "Plan Width": 8,
            "Actual Startup Time": 413.015,
            "Actual Total Time": 413.019,
            "Actual Rows": 1,
            "Actual Loops": 2,
            "Plans": [
              {
                "Node Type": "Hash Join",
                "Parent Relationship": "Outer",
                "Parallel Aware": true,
                "Join Type": "Inner",
                "Startup Cost": 58755.21,
                "Total Cost": 151977.29,
                "Plan Rows": 15218,
                "Plan Width": 0,
                "Actual Startup Time": 157.893,
                "Actual Total Time": 411.981,
                "Actual Rows": 22126,
                "Actual Loops": 2,
                "Inner Unique": true,
                "Hash Cond": "(ci.movie_id = t.id)",
                "Plans": [
                  {
                    "Node Type": "Index Scan",
                    "Parent Relationship": "Outer",
                    "Parallel Aware": true,
                    "Scan Direction": "Forward",
                    "Index Name": "role_id_cast_info",
                    "Relation Name": "cast_info",
                    "Alias": "ci",
                    "Startup Cost": 0.56,
                    "Total Cost": 91565.57,
                    "Plan Rows": 631269,
                    "Plan Width": 4,
                    "Actual Startup Time": 0.054,
                    "Actual Total Time": 185.955,
                    "Actual Rows": 480262,
                    "Actual Loops": 2,
                    "Index Cond": "(role_id = 4)",
                    "Rows Removed by Index Recheck": 0,
                    "Filter": "(person_id < 1346080)",
                    "Rows Removed by Filter": 884209
                  },
                  {
                    "Node Type": "Hash",
                    "Parent Relationship": "Inner",
                    "Parallel Aware": true,
                    "Startup Cost": 58306.47,
                    "Total Cost": 58306.47,
                    "Plan Rows": 35854,
                    "Plan Width": 4,
                    "Actual Startup Time": 156.476,
                    "Actual Total Time": 156.478,
                    "Actual Rows": 86947,
                    "Actual Loops": 2,
                    "Hash Buckets": 262144,
                    "Original Hash Buckets": 65536,
                    "Hash Batches": 1,
                    "Original Hash Batches": 1,
                    "Peak Memory Usage": 10432,
                    "Plans": [
                      {
                        "Node Type": "Seq Scan",
                        "Parent Relationship": "Outer",
                        "Parallel Aware": true,
                        "Relation Name": "title",
                        "Alias": "t",
                        "Startup Cost": 0.0,
                        "Total Cost": 58306.47,
                        "Plan Rows": 35854,
                        "Plan Width": 4,
                        "Actual Startup Time": 0.592,
                        "Actual Total Time": 135.812,
                        "Actual Rows": 86947,
                        "Actual Loops": 2,
                        "Filter": "((kind_id < 4) AND (production_year < 1954))",
                        "Rows Removed by Filter": 1177209
                      }
                    ]
                  }
                ]
              }
            ]
          }
        ]
      }
    ]
  },
  "Planning Time": 0.511,
  "Triggers": [],
  "Execution Time": 433.441
}