[
  {
    "Plan": {
      "Node Type": "Aggregate",
      "Strategy": "Plain",
      "Partial Mode": "Finalize",
      "Parallel Aware": false,
      "Startup Cost": 30734.58,
      "Total Cost": 30734.59,
      "Plan Rows": 1,
      "Plan Width": 8,
      "Actual Startup Time": 85.829,
      "Actual Total Time": 90.897,
      "Actual Rows": 1,
      "Actual Loops": 1,
      "Plans": [
        {
          "Node Type": "Gather",
          "Parent Relationship": "Outer",
          "Parallel Aware": false,
          "Startup Cost": 30734.27,
          "Total Cost": 30734.58,
          "Plan Rows": 3,
          "Plan Width": 8,
          "Actual Startup Time": 85.694,
          "Actual Total Time": 90.89,
          "Actual Rows": 4,
          "Actual Loops": 1,
          "Workers Planned": 3,
          "Workers Launched": 3,
          "Single Copy": false,
          "Plans": [
            {
              "Node Type": "Aggregate",
              "Strategy": "Plain",
              "Partial Mode": "Partial",
              "Parent Relationship": "Outer",
              "Parallel Aware": false,
              "Startup Cost": 29734.27,
              "Total Cost": 29734.28,
              "Plan Rows": 1,
              "Plan Width": 8,
              "Actual Startup Time": 79.037,
              "Actual Total Time": 79.038,
              "Actual Rows": 1,
              "Actual Loops": 4,
              "Plans": [
                {
                  "Node Type": "Seq Scan",
                  "Parent Relationship": "Outer",
                  "Parallel Aware": true,
                  "Relation Name": "movie_companies",
                  "Alias": "mc",
                  "Startup Cost": 0.0,
                  "Total Cost": 29310.68,
                  "Plan Rows": 169434,
                  "Plan Width": 0,
                  "Actual Startup Time": 40.55,
                  "Actual Total Time": 72.832,
                  "Actual Rows": 130852,
                  "Actual Loops": 4,
                  "Filter": "(company_id > 73145)",
                  "Rows Removed by Filter": 521430
                }
              ]
            }
          ]
        }
      ]
    },
    "Planning Time": 0.084,
    "Triggers": [],
    "Execution Time": 90.923
  }
]