[
  {
    "Plan": {
      "Node Type": "Aggregate",
      "Strategy": "Plain",
      "Partial Mode": "Finalize",
      "Parallel Aware": false,
      "Startup Cost": 345926.8,
      "Total Cost": 345926.81,
      "Plan Rows": 1,
      "Plan Width": 8,
      "Actual Startup Time": 420.475,
      "Actual Total Time": 455.603,
      "Actual Rows": 1,
      "Actual Loops": 1,
      "Plans": [
        {
          "Node Type": "Gather",
          "Parent Relationship": "Outer",
          "Parallel Aware": false,
          "Startup Cost": 345926.18,
          "Total Cost": 345926.79,
          "Plan Rows": 6,
          "Plan Width": 8,
          "Actual Startup Time": 420.267,
          "Actual Total Time": 455.588,
          "Actual Rows": 7,
          "Actual Loops": 1,
          "Workers Planned": 6,
          "Workers Launched": 6,
          "Single Copy": false,
          "Plans": [
            {
              "Node Type": "Aggregate",
              "Strategy": "Plain",
              "Partial Mode": "Partial",
              "Parent Relationship": "Outer",
              "Parallel Aware": false,
              "Startup Cost": 344926.18,
              "Total Cost": 344926.19,
              "Plan Rows": 1,
              "Plan Width": 8,
              "Actual Startup Time": 413.062,
              "Actual Total Time": 413.065,
              "Actual Rows": 1,
              "Actual Loops": 7,
              "Plans": [
                {
                  "Node Type": "Index Scan",
                  "Parent Relationship": "Outer",
                  "Parallel Aware": true,
                  "Scan Direction": "Forward",
                  "Index Name": "role_id_cast_info",
                  "Relation Name": "cast_info",
                  "Alias": "ci",
                  "Startup Cost": 0.56,
                  "Total Cost": 341155.22,
                  "Plan Rows": 1508383,
                  "Plan Width": 0,
                  "Actual Startup Time": 223.684,
                  "Actual Total Time": 378.974,
                  "Actual Rows": 737245,
                  "Actual Loops": 7,
                  "Index Cond": "(role_id = 1)",
                  "Rows Removed by Index Recheck": 0,
                  "Filter": "(person_id > 1024371)",
                  "Rows Removed by Filter": 1072853
                }
              ]
            }
          ]
        }
      ]
    },
    "Planning Time": 0.127,
    "Triggers": [],
    "Execution Time": 455.652
  }
]