[
  {
    "Plan": {
      "Node Type": "Aggregate",
      "Strategy": "Plain",
      "Partial Mode": "Finalize",
      "Parallel Aware": false,
      "Startup Cost": 339945.13,
      "Total Cost": 339945.14,
      "Plan Rows": 1,
      "Plan Width": 8,
      "Actual Startup Time": 454.169,
      "Actual Total Time": 477.387,
      "Actual Rows": 1,
      "Actual Loops": 1,
      "Plans": [
        {
          "Node Type": "Gather",
          "Parent Relationship": "Outer",
          "Parallel Aware": false,
          "Startup Cost": 339944.51,
          "Total Cost": 339945.12,
          "Plan Rows": 6,
          "Plan Width": 8,
          "Actual Startup Time": 454.023,
          "Actual Total Time": 477.378,
          "Actual Rows": 7,
          "Actual Loops": 1,
          "Workers Planned": 6,
          "Workers Launched": 6,
          "Single Copy": false,
          "Plans": [
            {
              "Node Type": "Aggregate",
              "Strategy": "Plain",
              "Partial Mode": "Partial",
              "Parent Relationship": "Outer",
              "Parallel Aware": false,
              "Startup Cost": 338944.51,
              "Total Cost": 338944.52,
              "Plan Rows": 1,
              "Plan Width": 8,
              "Actual Startup Time": 444.216,
              "Actual Total Time": 444.217,
              "Actual Rows": 1,
              "Actual Loops": 7,
              "Plans": [
                {
                  "Node Type": "Index Scan",
                  "Parent Relationship": "Outer",
                  "Parallel Aware": true,
                  "Scan Direction": "Forward",
                  "Index Name": "role_id_cast_info",
                  "Relation Name": "cast_info",
                  "Alias": "ci",
                  "Startup Cost": 0.56,
                  "Total Cost": 335235.55,
                  "Plan Rows": 1483583,
                  "Plan Width": 0,
                  "Actual Startup Time": 242.732,
                  "Actual Total Time": 407.801,
                  "Actual Rows": 737245,
                  "Actual Loops": 7,
                  "Index Cond": "(role_id = 1)",
                  "Rows Removed by Index Recheck": 0,
                  "Filter": "(person_id > 1024371)",
                  "Rows Removed by Filter": 1072853
                }
              ]
            }
          ]
        }
      ]
    },
    "Planning Time": 0.221,
    "Triggers": [],
    "Execution Time": 477.454
  }
]