[
    {
        "Bao": {
            "Bao prediction": "NaN",
            "Bao recommended hint": "(no hint)"
        }
    },
    {
        "Plan": {
            "Node Type": "Aggregate",
            "Strategy": "Plain",
            "Partial Mode": "Finalize",
            "Parallel Aware": false,
            "Startup Cost": 76354.22,
            "Total Cost": 76354.23,
            "Plan Rows": 1,
            "Plan Width": 8,
            "Actual Startup Time": 110.641,
            "Actual Total Time": 122.914,
            "Actual Rows": 1,
            "Actual Loops": 1,
            "Output": [
                "count(*)"
            ],
            "Plans": [
                {
                    "Node Type": "Gather",
                    "Parent Relationship": "Outer",
                    "Parallel Aware": false,
                    "Startup Cost": 76353.8,
                    "Total Cost": 76354.21,
                    "Plan Rows": 4,
                    "Plan Width": 8,
                    "Actual Startup Time": 110.516,
                    "Actual Total Time": 122.907,
                    "Actual Rows": 5,
                    "Actual Loops": 1,
                    "Output": [
                        "(PARTIAL count(*))"
                    ],
                    "Workers Planned": 4,
                    "Workers Launched": 4,
                    "Single Copy": false,
                    "Plans": [
                        {
                            "Node Type": "Aggregate",
                            "Strategy": "Plain",
                            "Partial Mode": "Partial",
                            "Parent Relationship": "Outer",
                            "Parallel Aware": false,
                            "Startup Cost": 75353.8,
                            "Total Cost": 75353.81,
                            "Plan Rows": 1,
                            "Plan Width": 8,
                            "Actual Startup Time": 100.595,
                            "Actual Total Time": 100.596,
                            "Actual Rows": 1,
                            "Actual Loops": 5,
                            "Output": [
                                "PARTIAL count(*)"
                            ],
                            "Workers": [
                                {
                                    "Worker Number": 0,
                                    "Actual Startup Time": 97.791,
                                    "Actual Total Time": 97.793,
                                    "Actual Rows": 1,
                                    "Actual Loops": 1
                                },
                                {
                                    "Worker Number": 1,
                                    "Actual Startup Time": 98.258,
                                    "Actual Total Time": 98.259,
                                    "Actual Rows": 1,
                                    "Actual Loops": 1
                                },
                                {
                                    "Worker Number": 2,
                                    "Actual Startup Time": 98.354,
                                    "Actual Total Time": 98.356,
                                    "Actual Rows": 1,
                                    "Actual Loops": 1
                                },
                                {
                                    "Worker Number": 3,
                                    "Actual Startup Time": 98.884,
                                    "Actual Total Time": 98.885,
                                    "Actual Rows": 1,
                                    "Actual Loops": 1
                                }
                            ],
                            "Plans": [
                                {
                                    "Node Type": "Nested Loop",
                                    "Parent Relationship": "Outer",
                                    "Parallel Aware": false,
                                    "Join Type": "Inner",
                                    "Startup Cost": 0.43,
                                    "Total Cost": 75353.19,
                                    "Plan Rows": 244,
                                    "Plan Width": 0,
                                    "Actual Startup Time": 8.056,
                                    "Actual Total Time": 100.529,
                                    "Actual Rows": 465,
                                    "Actual Loops": 5,
                                    "Inner Unique": false,
                                    "Workers": [
                                        {
                                            "Worker Number": 0,
                                            "Actual Startup Time": 25.839,
                                            "Actual Total Time": 97.733,
                                            "Actual Rows": 374,
                                            "Actual Loops": 1
                                        },
                                        {
                                            "Worker Number": 1,
                                            "Actual Startup Time": 6.695,
                                            "Actual Total Time": 98.199,
                                            "Actual Rows": 427,
                                            "Actual Loops": 1
                                        },
                                        {
                                            "Worker Number": 2,
                                            "Actual Startup Time": 5.578,
                                            "Actual Total Time": 98.291,
                                            "Actual Rows": 406,
                                            "Actual Loops": 1
                                        },
                                        {
                                            "Worker Number": 3,
                                            "Actual Startup Time": 0.839,
                                            "Actual Total Time": 98.822,
                                            "Actual Rows": 269,
                                            "Actual Loops": 1
                                        }
                                    ],
                                    "Plans": [
                                        {
                                            "Node Type": "Seq Scan",
                                            "Parent Relationship": "Outer",
                                            "Parallel Aware": true,
                                            "Relation Name": "title",
                                            "Schema": "public",
                                            "Alias": "t",
                                            "Startup Cost": 0.0,
                                            "Total Cost": 45479.21,
                                            "Plan Rows": 206,
                                            "Plan Width": 4,
                                            "Actual Startup Time": 6.93,
                                            "Actual Total Time": 80.067,
                                            "Actual Rows": 676,
                                            "Actual Loops": 5,
                                            "Output": [
                                                "t.id",
                                                "t.title",
                                                "t.imdb_index",
                                                "t.kind_id",
                                                "t.production_year",
                                                "t.imdb_id",
                                                "t.phonetic_code",
                                                "t.episode_of_id",
                                                "t.season_nr",
                                                "t.episode_nr",
                                                "t.series_years",
                                                "t.md5sum"
                                            ],
                                            "Filter": "((t.kind_id < 7) AND (t.production_year > 2013))",
                                            "Rows Removed by Filter": 504987,
                                            "Workers": [
                                                {
                                                    "Worker Number": 0,
                                                    "Actual Startup Time": 25.733,
                                                    "Actual Total Time": 75.492,
                                                    "Actual Rows": 558,
                                                    "Actual Loops": 1
                                                },
                                                {
                                                    "Worker Number": 1,
                                                    "Actual Startup Time": 6.497,
                                                    "Actual Total Time": 76.44,
                                                    "Actual Rows": 587,
                                                    "Actual Loops": 1
                                                },
                                                {
                                                    "Worker Number": 2,
                                                    "Actual Startup Time": 0.557,
                                                    "Actual Total Time": 75.55,
                                                    "Actual Rows": 595,
                                                    "Actual Loops": 1
                                                },
                                                {
                                                    "Worker Number": 3,
                                                    "Actual Startup Time": 0.58,
                                                    "Actual Total Time": 77.033,
                                                    "Actual Rows": 406,
                                                    "Actual Loops": 1
                                                }
                                            ]
                                        },
                                        {
                                            "Node Type": "Index Scan",
                                            "Parent Relationship": "Inner",
                                            "Parallel Aware": false,
                                            "Scan Direction": "Forward",
                                            "Index Name": "movie_id_movie_info",
                                            "Relation Name": "movie_info",
                                            "Schema": "public",
                                            "Alias": "mi",
                                            "Startup Cost": 0.43,
                                            "Total Cost": 144.94,
                                            "Plan Rows": 8,
                                            "Plan Width": 4,
                                            "Actual Startup Time": 0.022,
                                            "Actual Total Time": 0.03,
                                            "Actual Rows": 1,
                                            "Actual Loops": 3378,
                                            "Output": [
                                                "mi.id",
                                                "mi.movie_id",
                                                "mi.info_type_id",
                                                "mi.info",
                                                "mi.note"
                                            ],
                                            "Index Cond": "(mi.movie_id = t.id)",
                                            "Rows Removed by Index Recheck": 0,
                                            "Filter": "(mi.info_type_id = 16)",
                                            "Rows Removed by Filter": 6,
                                            "Workers": [
                                                {
                                                    "Worker Number": 0,
                                                    "Actual Startup Time": 0.029,
                                                    "Actual Total Time": 0.039,
                                                    "Actual Rows": 1,
                                                    "Actual Loops": 558
                                                },
                                                {
                                                    "Worker Number": 1,
                                                    "Actual Startup Time": 0.027,
                                                    "Actual Total Time": 0.036,
                                                    "Actual Rows": 1,
                                                    "Actual Loops": 587
                                                },
                                                {
                                                    "Worker Number": 2,
                                                    "Actual Startup Time": 0.028,
                                                    "Actual Total Time": 0.038,
                                                    "Actual Rows": 1,
                                                    "Actual Loops": 595
                                                },
                                                {
                                                    "Worker Number": 3,
                                                    "Actual Startup Time": 0.039,
                                                    "Actual Total Time": 0.053,
                                                    "Actual Rows": 1,
                                                    "Actual Loops": 406
                                                }
                                            ]
                                        }
                                    ]
                                }
                            ]
                        }
                    ]
                }
            ]
        },
        "Planning Time": 188.356,
        "Triggers": [],
        "Execution Time": 123.021
    }
]