{
  "Plan": {
    "Node Type": "Aggregate",
    "Strategy": "Plain",
    "Partial Mode": "Finalize",
    "Parallel Aware": false,
    "Startup Cost": 469874.61,
    "Total Cost": 469874.62,
    "Plan Rows": 1,
    "Plan Width": 8,
    "Actual Startup Time": 7054.309,
    "Actual Total Time": 7096.55,
    "Actual Rows": 1,
    "Actual Loops": 1,
    "Plans": [
      {
        "Node Type": "Gather",
        "Parent Relationship": "Outer",
        "Parallel Aware": false,
        "Startup Cost": 469874.5,
        "Total Cost": 469874.61,
        "Plan Rows": 1,
        "Plan Width": 8,
        "Actual Startup Time": 7046.542,
        "Actual Total Time": 7096.541,
        "Actual Rows": 2,
        "Actual Loops": 1,
        "Workers Planned": 1,
        "Workers Launched": 1,
        "Single Copy": false,
        "Plans": [
          {
            "Node Type": "Aggregate",
            "Strategy": "Plain",
            "Partial Mode": "Partial",
            "Parent Relationship": "Outer",
            "Parallel Aware": false,
            "Startup Cost": 468874.5,
            "Total Cost": 468874.51,
            "Plan Rows": 1,
            "Plan Width": 8,
            "Actual Startup Time": 7033.84,
            "Actual Total Time": 7033.846,
            "Actual Rows": 1,
            "Actual Loops": 2,
            "Plans": [
              {
                "Node Type": "Hash Join",
                "Parent Relationship": "Outer",
                "Parallel Aware": true,
                "Join Type": "Inner",
                "Startup Cost": 124363.08,
                "Total Cost": 450101.53,
                "Plan Rows": 7509188,
                "Plan Width": 0,
                "Actual Startup Time": 1464.99,
                "Actual Total Time": 5890.781,
                "Actual Rows": 27642972,
                "Actual Loops": 2,
                "Inner Unique": false,
                "Hash Cond": "(mi.movie_id = t.id)",
                "Plans": [
                  {
                    "Node Type": "Seq Scan",
                    "Parent Relationship": "Outer",
                    "Parallel Aware": true,
                    "Relation Name": "movie_info",
                    "Alias": "mi",
                    "Startup Cost": 0.0,
                    "Total Cost": 248955.74,
                    "Plan Rows": 8696274,
                    "Plan Width": 4,
                    "Actual Startup Time": 0.024,
                    "Actual Total Time": 684.989,
                    "Actual Rows": 7417860,
                    "Actual Loops": 2
                  },
                  {
                    "Node Type": "Hash",
                    "Parent Relationship": "Inner",
                    "Parallel Aware": true,
                    "Startup Cost": 108310.38,
                    "Total Cost": 108310.38,
                    "Plan Rows": 1284216,
                    "Plan Width": 8,
                    "Actual Startup Time": 1443.072,
                    "Actual Total Time": 1443.076,
                    "Actual Rows": 973064,
                    "Actual Loops": 2,
                    "Hash Buckets": 4194304,
                    "Original Hash Buckets": 4194304,
                    "Hash Batches": 1,
                    "Original Hash Batches": 1,
                    "Peak Memory Usage": 108960,
                    "Plans": [
                      {
                        "Node Type": "Hash Join",
                        "Parent Relationship": "Outer",
                        "Parallel Aware": true,
                        "Join Type": "Inner",
                        "Startup Cost": 70143.75,
                        "Total Cost": 108310.38,
                        "Plan Rows": 1284216,
                        "Plan Width": 8,
                        "Actual Startup Time": 534.373,
                        "Actual Total Time": 1137.336,
                        "Actual Rows": 973064,
                        "Actual Loops": 2,
                        "Inner Unique": true,
                        "Hash Cond": "(mc.movie_id = t.id)",
                        "Plans": [
                          {
                            "Node Type": "Seq Scan",
                            "Parent Relationship": "Outer",
                            "Parallel Aware": true,
                            "Relation Name": "movie_companies",
                            "Alias": "mc",
                            "Startup Cost": 0.0,
                            "Total Cost": 34137.82,
                            "Plan Rows": 1534782,
                            "Plan Width": 4,
                            "Actual Startup Time": 0.015,
                            "Actual Total Time": 123.281,
                            "Actual Rows": 1304564,
                            "Actual Loops": 2
                          },
                          {
                            "Node Type": "Hash",
                            "Parent Relationship": "Inner",
                            "Parallel Aware": true,
                            "Startup Cost": 54588.39,
                            "Total Cost": 54588.39,
                            "Plan Rows": 1244429,
                            "Plan Width": 4,
                            "Actual Startup Time": 522.271,
                            "Actual Total Time": 522.272,
                            "Actual Rows": 1052068,
                            "Actual Loops": 2,
                            "Hash Buckets": 4194304,
                            "Original Hash Buckets": 4194304,
                            "Hash Batches": 1,
                            "Original Hash Batches": 1,
                            "Peak Memory Usage": 115136,
                            "Plans": [
                              {
                                "Node Type": "Seq Scan",
                                "Parent Relationship": "Outer",
                                "Parallel Aware": true,
                                "Relation Name": "title",
                                "Alias": "t",
                                "Startup Cost": 0.0,
                                "Total Cost": 54588.39,
                                "Plan Rows": 1244429,
                                "Plan Width": 4,
                                "Actual Startup Time": 0.041,
                                "Actual Total Time": 183.235,
                                "Actual Rows": 1052068,
                                "Actual Loops": 2,
                                "Filter": "(production_year > 1968)",
                                "Rows Removed by Filter": 212088
                              }
                            ]
                          }
                        ]
                      }
                    ]
                  }
                ]
              }
            ]
          }
        ]
      }
    ]
  },
  "Planning Time": 0.939,
  "Triggers": [],
  "Execution Time": 7096.687
}