{
  "Plan": {
    "Node Type": "Aggregate",
    "Strategy": "Plain",
    "Partial Mode": "Finalize",
    "Parallel Aware": false,
    "Startup Cost": 169660.97,
    "Total Cost": 169660.98,
    "Plan Rows": 1,
    "Plan Width": 8,
    "Actual Startup Time": 976.631,
    "Actual Total Time": 988.614,
    "Actual Rows": 1,
    "Actual Loops": 1,
    "Plans": [
      {
        "Node Type": "Gather",
        "Parent Relationship": "Outer",
        "Parallel Aware": false,
        "Startup Cost": 169660.86,
        "Total Cost": 169660.97,
        "Plan Rows": 1,
        "Plan Width": 8,
        "Actual Startup Time": 973.83,
        "Actual Total Time": 988.605,
        "Actual Rows": 2,
        "Actual Loops": 1,
        "Workers Planned": 1,
        "Workers Launched": 1,
        "Single Copy": false,
        "Plans": [
          {
            "Node Type": "Aggregate",
            "Strategy": "Plain",
            "Partial Mode": "Partial",
            "Parent Relationship": "Outer",
            "Parallel Aware": false,
            "Startup Cost": 168660.86,
            "Total Cost": 168660.87,
            "Plan Rows": 1,
            "Plan Width": 8,
            "Actual Startup Time": 968.386,
            "Actual Total Time": 968.391,
            "Actual Rows": 1,
            "Actual Loops": 2,
            "Plans": [
              {
                "Node Type": "Nested Loop",
                "Parent Relationship": "Outer",
                "Parallel Aware": false,
                "Join Type": "Inner",
                "Startup Cost": 57003.78,
                "Total Cost": 168298.02,
                "Plan Rows": 145136,
                "Plan Width": 0,
                "Actual Startup Time": 209.559,
                "Actual Total Time": 928.833,
                "Actual Rows": 927961,
                "Actual Loops": 2,
                "Inner Unique": false,
                "Join Filter": "(t.id = mc.movie_id)",
                "Rows Removed by Join Filter": 0,
                "Plans": [
                  {
                    "Node Type": "Hash Join",
                    "Parent Relationship": "Outer",
                    "Parallel Aware": true,
                    "Join Type": "Inner",
                    "Startup Cost": 57003.35,
                    "Total Cost": 75187.14,
                    "Plan Rows": 140639,
                    "Plan Width": 8,
                    "Actual Startup Time": 209.466,
                    "Actual Total Time": 332.166,
                    "Actual Rows": 250140,
                    "Actual Loops": 2,
                    "Inner Unique": true,
                    "Hash Cond": "(mi_idx.movie_id = t.id)",
                    "Plans": [
                      {
                        "Node Type": "Seq Scan",
                        "Parent Relationship": "Outer",
                        "Parallel Aware": true,
                        "Relation Name": "movie_info_idx",
                        "Alias": "mi_idx",
                        "Startup Cost": 0.0,
                        "Total Cost": 16052.85,
                        "Plan Rows": 811785,
                        "Plan Width": 4,
                        "Actual Startup Time": 0.019,
                        "Actual Total Time": 49.387,
                        "Actual Rows": 690018,
                        "Actual Loops": 2
                      },
                      {
                        "Node Type": "Hash",
                        "Parent Relationship": "Inner",
                        "Parallel Aware": true,
                        "Startup Cost": 53782.61,
                        "Total Cost": 53782.61,
                        "Plan Rows": 257659,
                        "Plan Width": 4,
                        "Actual Startup Time": 154.392,
                        "Actual Total Time": 154.394,
                        "Actual Rows": 236959,
                        "Actual Loops": 2,
                        "Hash Buckets": 524288,
                        "Original Hash Buckets": 524288,
                        "Hash Batches": 1,
                        "Original Hash Batches": 1,
                        "Peak Memory Usage": 22656,
                        "Plans": [
                          {
                            "Node Type": "Bitmap Heap Scan",
                            "Parent Relationship": "Outer",
                            "Parallel Aware": true,
                            "Relation Name": "title",
                            "Alias": "t",
                            "Startup Cost": 11932.35,
                            "Total Cost": 53782.61,
                            "Plan Rows": 257659,
                            "Plan Width": 4,
                            "Actual Startup Time": 35.948,
                            "Actual Total Time": 104.236,
                            "Actual Rows": 236959,
                            "Actual Loops": 2,
                            "Recheck Cond": "(kind_id = 1)",
                            "Rows Removed by Index Recheck": 0,
                            "Filter": "(production_year < 2008)",
                            "Rows Removed by Filter": 94454,
                            "Exact Heap Blocks": 7857,
                            "Lossy Heap Blocks": 0,
                            "Plans": [
                              {
                                "Node Type": "Bitmap Index Scan",
                                "Parent Relationship": "Outer",
                                "Parallel Aware": false,
                                "Index Name": "kind_id_title",
                                "Startup Cost": 0.0,
                                "Total Cost": 11822.85,
                                "Plan Rows": 663256,
                                "Plan Width": 0,
                                "Actual Startup Time": 34.389,
                                "Actual Total Time": 34.39,
                                "Actual Rows": 662825,
                                "Actual Loops": 1,
                                "Index Cond": "(kind_id = 1)"
                              }
                            ]
                          }
                        ]
                      }
                    ]
                  },
                  {
                    "Node Type": "Index Only Scan",
                    "Parent Relationship": "Inner",
                    "Parallel Aware": false,
                    "Scan Direction": "Forward",
                    "Index Name": "movie_id_movie_companies",
                    "Relation Name": "movie_companies",
                    "Alias": "mc",
                    "Startup Cost": 0.43,
                    "Total Cost": 0.6,
                    "Plan Rows": 5,
                    "Plan Width": 4,
                    "Actual Startup Time": 0.001,
                    "Actual Total Time": 0.002,
                    "Actual Rows": 4,
                    "Actual Loops": 500281,
                    "Index Cond": "(movie_id = mi_idx.movie_id)",
                    "Rows Removed by Index Recheck": 0,
                    "Heap Fetches": 1855922
                  }
                ]
              }
            ]
          }
        ]
      }
    ]
  },
  "Planning Time": 1.095,
  "Triggers": [],
  "Execution Time": 988.724
}