[
  {
    "Plan": {
      "Node Type": "Aggregate",
      "Strategy": "Plain",
      "Partial Mode": "Finalize",
      "Parallel Aware": false,
      "Startup Cost": 92233.0,
      "Total Cost": 92233.01,
      "Plan Rows": 1,
      "Plan Width": 8,
      "Actual Startup Time": 285.857,
      "Actual Total Time": 301.767,
      "Actual Rows": 1,
      "Actual Loops": 1,
      "Plans": [
        {
          "Node Type": "Gather",
          "Parent Relationship": "Outer",
          "Parallel Aware": false,
          "Startup Cost": 92232.68,
          "Total Cost": 92232.99,
          "Plan Rows": 3,
          "Plan Width": 8,
          "Actual Startup Time": 283.893,
          "Actual Total Time": 301.76,
          "Actual Rows": 4,
          "Actual Loops": 1,
          "Workers Planned": 3,
          "Workers Launched": 3,
          "Single Copy": false,
          "Plans": [
            {
              "Node Type": "Aggregate",
              "Strategy": "Plain",
              "Partial Mode": "Partial",
              "Parent Relationship": "Outer",
              "Parallel Aware": false,
              "Startup Cost": 91232.68,
              "Total Cost": 91232.69,
              "Plan Rows": 1,
              "Plan Width": 8,
              "Actual Startup Time": 274.767,
              "Actual Total Time": 274.771,
              "Actual Rows": 1,
              "Actual Loops": 4,
              "Plans": [
                {
                  "Node Type": "Hash Join",
                  "Parent Relationship": "Outer",
                  "Parallel Aware": true,
                  "Join Type": "Inner",
                  "Startup Cost": 47481.94,
                  "Total Cost": 91027.54,
                  "Plan Rows": 82055,
                  "Plan Width": 0,
                  "Actual Startup Time": 158.277,
                  "Actual Total Time": 273.458,
                  "Actual Rows": 29150,
                  "Actual Loops": 4,
                  "Inner Unique": true,
                  "Hash Cond": "(mk.movie_id = t.id)",
                  "Plans": [
                    {
                      "Node Type": "Seq Scan",
                      "Parent Relationship": "Outer",
                      "Parallel Aware": true,
                      "Relation Name": "movie_keyword",
                      "Alias": "mk",
                      "Startup Cost": 0.0,
                      "Total Cost": 42695.65,
                      "Plan Rows": 323792,
                      "Plan Width": 4,
                      "Actual Startup Time": 1.179,
                      "Actual Total Time": 86.183,
                      "Actual Rows": 251508,
                      "Actual Loops": 4,
                      "Filter": "(keyword_id > 18297)",
                      "Rows Removed by Filter": 879474
                    },
                    {
                      "Node Type": "Hash",
                      "Parent Relationship": "Inner",
                      "Parallel Aware": true,
                      "Startup Cost": 45479.59,
                      "Total Cost": 45479.59,
                      "Plan Rows": 160188,
                      "Plan Width": 4,
                      "Actual Startup Time": 152.169,
                      "Actual Total Time": 152.17,
                      "Actual Rows": 133144,
                      "Actual Loops": 4,
                      "Hash Buckets": 1048576,
                      "Original Hash Buckets": 1048576,
                      "Hash Batches": 1,
                      "Original Hash Batches": 1,
                      "Peak Memory Usage": 29056,
                      "Plans": [
                        {
                          "Node Type": "Seq Scan",
                          "Parent Relationship": "Outer",
                          "Parallel Aware": true,
                          "Relation Name": "title",
                          "Alias": "t",
                          "Startup Cost": 0.0,
                          "Total Cost": 45479.59,
                          "Plan Rows": 160188,
                          "Plan Width": 4,
                          "Actual Startup Time": 0.06,
                          "Actual Total Time": 102.733,
                          "Actual Rows": 133144,
                          "Actual Loops": 4,
                          "Filter": "((kind_id > 1) AND (production_year < 1997))",
                          "Rows Removed by Filter": 498934
                        }
                      ]
                    }
                  ]
                }
              ]
            }
          ]
        }
      ]
    },
    "Planning Time": 0.626,
    "Triggers": [],
    "Execution Time": 301.834
  }
]