[
  {
    "Plan": {
      "Node Type": "Aggregate",
      "Strategy": "Plain",
      "Partial Mode": "Finalize",
      "Parallel Aware": false,
      "Startup Cost": 735471.61,
      "Total Cost": 735471.62,
      "Plan Rows": 1,
      "Plan Width": 8,
      "Actual Startup Time": 12589.065,
      "Actual Total Time": 12690.927,
      "Actual Rows": 1,
      "Actual Loops": 1,
      "Plans": [
        {
          "Node Type": "Gather",
          "Parent Relationship": "Outer",
          "Parallel Aware": false,
          "Startup Cost": 735470.98,
          "Total Cost": 735471.59,
          "Plan Rows": 6,
          "Plan Width": 8,
          "Actual Startup Time": 12515.727,
          "Actual Total Time": 12690.904,
          "Actual Rows": 7,
          "Actual Loops": 1,
          "Workers Planned": 6,
          "Workers Launched": 6,
          "Single Copy": false,
          "Plans": [
            {
              "Node Type": "Aggregate",
              "Strategy": "Plain",
              "Partial Mode": "Partial",
              "Parent Relationship": "Outer",
              "Parallel Aware": false,
              "Startup Cost": 734470.98,
              "Total Cost": 734470.99,
              "Plan Rows": 1,
              "Plan Width": 8,
              "Actual Startup Time": 12474.091,
              "Actual Total Time": 12475.127,
              "Actual Rows": 1,
              "Actual Loops": 7,
              "Plans": [
                {
                  "Node Type": "Hash Join",
                  "Parent Relationship": "Outer",
                  "Parallel Aware": true,
                  "Join Type": "Inner",
                  "Startup Cost": 275883.14,
                  "Total Cost": 670431.22,
                  "Plan Rows": 25615906,
                  "Plan Width": 0,
                  "Actual Startup Time": 1827.621,
                  "Actual Total Time": 10467.258,
                  "Actual Rows": 49238283,
                  "Actual Loops": 7,
                  "Inner Unique": false,
                  "Hash Cond": "(ci.movie_id = t.id)",
                  "Plans": [
                    {
                      "Node Type": "Seq Scan",
                      "Parent Relationship": "Outer",
                      "Parallel Aware": true,
                      "Relation Name": "cast_info",
                      "Alias": "ci",
                      "Startup Cost": 0.0,
                      "Total Cost": 313106.51,
                      "Plan Rows": 6041951,
                      "Plan Width": 4,
                      "Actual Startup Time": 0.049,
                      "Actual Total Time": 539.625,
                      "Actual Rows": 5177763,
                      "Actual Loops": 7
                    },
                    {
                      "Node Type": "Hash",
                      "Parent Relationship": "Inner",
                      "Parallel Aware": true,
                      "Startup Cost": 249083.91,
                      "Total Cost": 249083.91,
                      "Plan Rows": 2143938,
                      "Plan Width": 8,
                      "Actual Startup Time": 1810.246,
                      "Actual Total Time": 1811.28,
                      "Actual Rows": 1357208,
                      "Actual Loops": 7,
                      "Hash Buckets": 16777216,
                      "Original Hash Buckets": 16777216,
                      "Hash Batches": 1,
                      "Original Hash Batches": 1,
                      "Peak Memory Usage": 502848,
                      "Plans": [
                        {
                          "Node Type": "Hash Join",
                          "Parent Relationship": "Outer",
                          "Parallel Aware": true,
                          "Join Type": "Inner",
                          "Startup Cost": 49604.51,
                          "Total Cost": 249083.91,
                          "Plan Rows": 2143938,
                          "Plan Width": 8,
                          "Actual Startup Time": 207.449,
                          "Actual Total Time": 1205.13,
                          "Actual Rows": 1357208,
                          "Actual Loops": 7,
                          "Inner Unique": true,
                          "Hash Cond": "(mi.movie_id = t.id)",
                          "Plans": [
                            {
                              "Node Type": "Seq Scan",
                              "Parent Relationship": "Outer",
                              "Parallel Aware": true,
                              "Relation Name": "movie_info",
                              "Alias": "mi",
                              "Startup Cost": 0.0,
                              "Total Cost": 191685.19,
                              "Plan Rows": 2969219,
                              "Plan Width": 4,
                              "Actual Startup Time": 0.036,
                              "Actual Total Time": 290.007,
                              "Actual Rows": 2119389,
                              "Actual Loops": 7
                            },
                            {
                              "Node Type": "Hash",
                              "Parent Relationship": "Inner",
                              "Parallel Aware": true,
                              "Startup Cost": 43899.32,
                              "Total Cost": 43899.32,
                              "Plan Rows": 456415,
                              "Plan Width": 4,
                              "Actual Startup Time": 205.497,
                              "Actual Total Time": 205.498,
                              "Actual Rows": 259035,
                              "Actual Loops": 7,
                              "Hash Buckets": 2097152,
                              "Original Hash Buckets": 2097152,
                              "Hash Batches": 1,
                              "Original Hash Batches": 1,
                              "Peak Memory Usage": 87424,
                              "Plans": [
                                {
                                  "Node Type": "Seq Scan",
                                  "Parent Relationship": "Outer",
                                  "Parallel Aware": true,
                                  "Relation Name": "title",
                                  "Alias": "t",
                                  "Startup Cost": 0.0,
                                  "Total Cost": 43899.32,
                                  "Plan Rows": 456415,
                                  "Plan Width": 4,
                                  "Actual Startup Time": 0.065,
                                  "Actual Total Time": 86.397,
                                  "Actual Rows": 259035,
                                  "Actual Loops": 7,
                                  "Filter": "(production_year > 1987)",
                                  "Rows Removed by Filter": 102152
                                }
                              ]
                            }
                          ]
                        }
                      ]
                    }
                  ]
                }
              ]
            }
          ]
        }
      ]
    },
    "Planning Time": 1.197,
    "Triggers": [],
    "Execution Time": 12691.008
  }
]