[
  {
    "Plan": {
      "Node Type": "Aggregate",
      "Strategy": "Plain",
      "Partial Mode": "Finalize",
      "Parallel Aware": false,
      "Startup Cost": 372891.82,
      "Total Cost": 372891.83,
      "Plan Rows": 1,
      "Plan Width": 8,
      "Actual Startup Time": 499.164,
      "Actual Total Time": 524.519,
      "Actual Rows": 1,
      "Actual Loops": 1,
      "Plans": [
        {
          "Node Type": "Gather",
          "Parent Relationship": "Outer",
          "Parallel Aware": false,
          "Startup Cost": 372891.5,
          "Total Cost": 372891.81,
          "Plan Rows": 3,
          "Plan Width": 8,
          "Actual Startup Time": 495.516,
          "Actual Total Time": 524.507,
          "Actual Rows": 4,
          "Actual Loops": 1,
          "Workers Planned": 3,
          "Workers Launched": 3,
          "Single Copy": false,
          "Plans": [
            {
              "Node Type": "Aggregate",
              "Strategy": "Plain",
              "Partial Mode": "Partial",
              "Parent Relationship": "Outer",
              "Parallel Aware": false,
              "Startup Cost": 371891.5,
              "Total Cost": 371891.51,
              "Plan Rows": 1,
              "Plan Width": 8,
              "Actual Startup Time": 488.315,
              "Actual Total Time": 488.322,
              "Actual Rows": 1,
              "Actual Loops": 4,
              "Plans": [
                {
                  "Node Type": "Hash Join",
                  "Parent Relationship": "Outer",
                  "Parallel Aware": true,
                  "Join Type": "Inner",
                  "Startup Cost": 326949.56,
                  "Total Cost": 371638.22,
                  "Plan Rows": 101312,
                  "Plan Width": 0,
                  "Actual Startup Time": 293.167,
                  "Actual Total Time": 487.154,
                  "Actual Rows": 22907,
                  "Actual Loops": 4,
                  "Inner Unique": false,
                  "Hash Cond": "(mk.movie_id = t.id)",
                  "Plans": [
                    {
                      "Node Type": "Seq Scan",
                      "Parent Relationship": "Outer",
                      "Parallel Aware": true,
                      "Relation Name": "movie_keyword",
                      "Alias": "mk",
                      "Startup Cost": 0.0,
                      "Total Cost": 39047.32,
                      "Plan Rows": 1459332,
                      "Plan Width": 4,
                      "Actual Startup Time": 0.027,
                      "Actual Total Time": 99.002,
                      "Actual Rows": 1130982,
                      "Actual Loops": 4
                    },
                    {
                      "Node Type": "Hash",
                      "Parent Relationship": "Inner",
                      "Parallel Aware": true,
                      "Startup Cost": 326583.87,
                      "Total Cost": 326583.87,
                      "Plan Rows": 29255,
                      "Plan Width": 8,
                      "Actual Startup Time": 291.909,
                      "Actual Total Time": 291.914,
                      "Actual Rows": 14906,
                      "Actual Loops": 4,
                      "Hash Buckets": 262144,
                      "Original Hash Buckets": 262144,
                      "Hash Batches": 1,
                      "Original Hash Batches": 1,
                      "Peak Memory Usage": 4448,
                      "Plans": [
                        {
                          "Node Type": "Hash Join",
                          "Parent Relationship": "Outer",
                          "Parallel Aware": true,
                          "Join Type": "Inner",
                          "Startup Cost": 70928.29,
                          "Total Cost": 326583.87,
                          "Plan Rows": 29255,
                          "Plan Width": 8,
                          "Actual Startup Time": 241.515,
                          "Actual Total Time": 286.785,
                          "Actual Rows": 14906,
                          "Actual Loops": 4,
                          "Inner Unique": true,
                          "Hash Cond": "(ci.movie_id = t.id)",
                          "Plans": [
                            {
                              "Node Type": "Bitmap Heap Scan",
                              "Parent Relationship": "Outer",
                              "Parallel Aware": true,
                              "Relation Name": "cast_info",
                              "Alias": "ci",
                              "Startup Cost": 23446.35,
                              "Total Cost": 278798.9,
                              "Plan Rows": 115442,
                              "Plan Width": 4,
                              "Actual Startup Time": 82.558,
                              "Actual Total Time": 104.376,
                              "Actual Rows": 74779,
                              "Actual Loops": 4,
                              "Recheck Cond": "(person_id < 112916)",
                              "Rows Removed by Index Recheck": 0,
                              "Filter": "(role_id > 1)",
                              "Rows Removed by Filter": 200906,
                              "Exact Heap Blocks": 3556,
                              "Lossy Heap Blocks": 0,
                              "Plans": [
                                {
                                  "Node Type": "Bitmap Index Scan",
                                  "Parent Relationship": "Outer",
                                  "Parallel Aware": false,
                                  "Index Name": "person_id_cast_info",
                                  "Startup Cost": 0.0,
                                  "Total Cost": 23273.19,
                                  "Plan Rows": 1066217,
                                  "Plan Width": 0,
                                  "Actual Startup Time": 42.148,
                                  "Actual Total Time": 42.149,
                                  "Actual Rows": 1102738,
                                  "Actual Loops": 1,
                                  "Index Cond": "(person_id < 112916)"
                                }
                              ]
                            },
                            {
                              "Node Type": "Hash",
                              "Parent Relationship": "Inner",
                              "Parallel Aware": true,
                              "Startup Cost": 45479.59,
                              "Total Cost": 45479.59,
                              "Plan Rows": 160188,
                              "Plan Width": 4,
                              "Actual Startup Time": 156.258,
                              "Actual Total Time": 156.259,
                              "Actual Rows": 133144,
                              "Actual Loops": 4,
                              "Hash Buckets": 1048576,
                              "Original Hash Buckets": 1048576,
                              "Hash Batches": 1,
                              "Original Hash Batches": 1,
                              "Peak Memory Usage": 29088,
                              "Plans": [
                                {
                                  "Node Type": "Seq Scan",
                                  "Parent Relationship": "Outer",
                                  "Parallel Aware": true,
                                  "Relation Name": "title",
                                  "Alias": "t",
                                  "Startup Cost": 0.0,
                                  "Total Cost": 45479.59,
                                  "Plan Rows": 160188,
                                  "Plan Width": 4,
                                  "Actual Startup Time": 0.032,
                                  "Actual Total Time": 105.347,
                                  "Actual Rows": 133144,
                                  "Actual Loops": 4,
                                  "Filter": "((kind_id > 1) AND (production_year < 1997))",
                                  "Rows Removed by Filter": 498934
                                }
                              ]
                            }
                          ]
                        }
                      ]
                    }
                  ]
                }
              ]
            }
          ]
        }
      ]
    },
    "Planning Time": 0.526,
    "Triggers": [],
    "Execution Time": 524.586
  }
]