[
  {
    "Plan": {
      "Node Type": "Aggregate",
      "Strategy": "Plain",
      "Partial Mode": "Finalize",
      "Parallel Aware": false,
      "Startup Cost": 85852.49,
      "Total Cost": 85852.5,
      "Plan Rows": 1,
      "Plan Width": 8,
      "Actual Startup Time": 176.46,
      "Actual Total Time": 196.713,
      "Actual Rows": 1,
      "Actual Loops": 1,
      "Plans": [
        {
          "Node Type": "Gather",
          "Parent Relationship": "Outer",
          "Parallel Aware": false,
          "Startup Cost": 85852.17,
          "Total Cost": 85852.48,
          "Plan Rows": 3,
          "Plan Width": 8,
          "Actual Startup Time": 175.797,
          "Actual Total Time": 196.704,
          "Actual Rows": 4,
          "Actual Loops": 1,
          "Workers Planned": 3,
          "Workers Launched": 3,
          "Single Copy": false,
          "Plans": [
            {
              "Node Type": "Aggregate",
              "Strategy": "Plain",
              "Partial Mode": "Partial",
              "Parent Relationship": "Outer",
              "Parallel Aware": false,
              "Startup Cost": 84852.17,
              "Total Cost": 84852.18,
              "Plan Rows": 1,
              "Plan Width": 8,
              "Actual Startup Time": 166.265,
              "Actual Total Time": 166.269,
              "Actual Rows": 1,
              "Actual Loops": 4,
              "Plans": [
                {
                  "Node Type": "Nested Loop",
                  "Parent Relationship": "Outer",
                  "Parallel Aware": false,
                  "Join Type": "Inner",
                  "Startup Cost": 47274.05,
                  "Total Cost": 84838.43,
                  "Plan Rows": 5498,
                  "Plan Width": 0,
                  "Actual Startup Time": 116.872,
                  "Actual Total Time": 165.928,
                  "Actual Rows": 4396,
                  "Actual Loops": 4,
                  "Inner Unique": false,
                  "Plans": [
                    {
                      "Node Type": "Hash Join",
                      "Parent Relationship": "Outer",
                      "Parallel Aware": true,
                      "Join Type": "Inner",
                      "Startup Cost": 47273.49,
                      "Total Cost": 72086.03,
                      "Plan Rows": 697,
                      "Plan Width": 8,
                      "Actual Startup Time": 116.707,
                      "Actual Total Time": 147.318,
                      "Actual Rows": 208,
                      "Actual Loops": 4,
                      "Inner Unique": true,
                      "Hash Cond": "(mk.movie_id = t.id)",
                      "Plans": [
                        {
                          "Node Type": "Bitmap Heap Scan",
                          "Parent Relationship": "Outer",
                          "Parallel Aware": true,
                          "Relation Name": "movie_keyword",
                          "Alias": "mk",
                          "Startup Cost": 1561.94,
                          "Total Cost": 26312.25,
                          "Plan Rows": 23705,
                          "Plan Width": 4,
                          "Actual Startup Time": 8.902,
                          "Actual Total Time": 35.149,
                          "Actual Rows": 18752,
                          "Actual Loops": 4,
                          "Recheck Cond": "(keyword_id < 70)",
                          "Rows Removed by Index Recheck": 0,
                          "Exact Heap Blocks": 10491,
                          "Lossy Heap Blocks": 0,
                          "Plans": [
                            {
                              "Node Type": "Bitmap Index Scan",
                              "Parent Relationship": "Outer",
                              "Parallel Aware": false,
                              "Index Name": "keyword_id_movie_keyword",
                              "Startup Cost": 0.0,
                              "Total Cost": 1543.57,
                              "Plan Rows": 73485,
                              "Plan Width": 0,
                              "Actual Startup Time": 6.044,
                              "Actual Total Time": 6.044,
                              "Actual Rows": 75008,
                              "Actual Loops": 1,
                              "Index Cond": "(keyword_id < 70)"
                            }
                          ]
                        },
                        {
                          "Node Type": "Hash",
                          "Parent Relationship": "Inner",
                          "Parallel Aware": true,
                          "Startup Cost": 45479.1,
                          "Total Cost": 45479.1,
                          "Plan Rows": 18596,
                          "Plan Width": 4,
                          "Actual Startup Time": 105.261,
                          "Actual Total Time": 105.262,
                          "Actual Rows": 21027,
                          "Actual Loops": 4,
                          "Hash Buckets": 131072,
                          "Original Hash Buckets": 131072,
                          "Hash Batches": 1,
                          "Original Hash Batches": 1,
                          "Peak Memory Usage": 4352,
                          "Plans": [
                            {
                              "Node Type": "Seq Scan",
                              "Parent Relationship": "Outer",
                              "Parallel Aware": true,
                              "Relation Name": "title",
                              "Alias": "t",
                              "Startup Cost": 0.0,
                              "Total Cost": 45479.1,
                              "Plan Rows": 18596,
                              "Plan Width": 4,
                              "Actual Startup Time": 0.04,
                              "Actual Total Time": 96.894,
                              "Actual Rows": 21027,
                              "Actual Loops": 4,
                              "Filter": "((kind_id = 7) AND (production_year = 2008))",
                              "Rows Removed by Filter": 611051
                            }
                          ]
                        }
                      ]
                    },
                    {
                      "Node Type": "Index Scan",
                      "Parent Relationship": "Inner",
                      "Parallel Aware": false,
                      "Scan Direction": "Forward",
                      "Index Name": "movie_id_cast_info",
                      "Relation Name": "cast_info",
                      "Alias": "ci",
                      "Startup Cost": 0.56,
                      "Total Cost": 18.1,
                      "Plan Rows": 20,
                      "Plan Width": 4,
                      "Actual Startup Time": 0.034,
                      "Actual Total Time": 0.087,
                      "Actual Rows": 21,
                      "Actual Loops": 832,
                      "Index Cond": "(movie_id = t.id)",
                      "Rows Removed by Index Recheck": 0,
                      "Filter": "((person_id > 578425) AND (role_id > 1))",
                      "Rows Removed by Filter": 11
                    }
                  ]
                }
              ]
            }
          ]
        }
      ]
    },
    "Planning Time": 1.519,
    "Triggers": [],
    "Execution Time": 196.829
  }
]