[
  {
    "Plan": {
      "Node Type": "Aggregate",
      "Strategy": "Plain",
      "Partial Mode": "Finalize",
      "Parallel Aware": false,
      "Startup Cost": 81120.53,
      "Total Cost": 81120.54,
      "Plan Rows": 1,
      "Plan Width": 8,
      "Actual Startup Time": 244.688,
      "Actual Total Time": 263.966,
      "Actual Rows": 1,
      "Actual Loops": 1,
      "Plans": [
        {
          "Node Type": "Gather",
          "Parent Relationship": "Outer",
          "Parallel Aware": false,
          "Startup Cost": 81120.11,
          "Total Cost": 81120.52,
          "Plan Rows": 4,
          "Plan Width": 8,
          "Actual Startup Time": 243.734,
          "Actual Total Time": 263.957,
          "Actual Rows": 5,
          "Actual Loops": 1,
          "Workers Planned": 4,
          "Workers Launched": 4,
          "Single Copy": false,
          "Plans": [
            {
              "Node Type": "Aggregate",
              "Strategy": "Plain",
              "Partial Mode": "Partial",
              "Parent Relationship": "Outer",
              "Parallel Aware": false,
              "Startup Cost": 80120.11,
              "Total Cost": 80120.12,
              "Plan Rows": 1,
              "Plan Width": 8,
              "Actual Startup Time": 233.522,
              "Actual Total Time": 233.526,
              "Actual Rows": 1,
              "Actual Loops": 5,
              "Plans": [
                {
                  "Node Type": "Nested Loop",
                  "Parent Relationship": "Outer",
                  "Parallel Aware": false,
                  "Join Type": "Inner",
                  "Startup Cost": 24957.51,
                  "Total Cost": 80096.16,
                  "Plan Rows": 9580,
                  "Plan Width": 0,
                  "Actual Startup Time": 82.035,
                  "Actual Total Time": 232.202,
                  "Actual Rows": 23774,
                  "Actual Loops": 5,
                  "Inner Unique": false,
                  "Plans": [
                    {
                      "Node Type": "Hash Join",
                      "Parent Relationship": "Outer",
                      "Parallel Aware": true,
                      "Join Type": "Inner",
                      "Startup Cost": 24957.08,
                      "Total Cost": 69982.82,
                      "Plan Rows": 17551,
                      "Plan Width": 8,
                      "Actual Startup Time": 81.934,
                      "Actual Total Time": 187.434,
                      "Actual Rows": 11121,
                      "Actual Loops": 5,
                      "Inner Unique": false,
                      "Hash Cond": "(t.id = mc.movie_id)",
                      "Plans": [
                        {
                          "Node Type": "Seq Scan",
                          "Parent Relationship": "Outer",
                          "Parallel Aware": true,
                          "Relation Name": "title",
                          "Alias": "t",
                          "Startup Cost": 0.0,
                          "Total Cost": 43898.92,
                          "Plan Rows": 214041,
                          "Plan Width": 4,
                          "Actual Startup Time": 0.016,
                          "Actual Total Time": 69.195,
                          "Actual Rows": 170843,
                          "Actual Loops": 5,
                          "Filter": "(kind_id < 4)",
                          "Rows Removed by Filter": 334820
                        },
                        {
                          "Node Type": "Hash",
                          "Parent Relationship": "Inner",
                          "Parallel Aware": true,
                          "Startup Cost": 24121.12,
                          "Total Cost": 24121.12,
                          "Plan Rows": 66877,
                          "Plan Width": 4,
                          "Actual Startup Time": 79.945,
                          "Actual Total Time": 79.946,
                          "Actual Rows": 41394,
                          "Actual Loops": 5,
                          "Hash Buckets": 262144,
                          "Original Hash Buckets": 262144,
                          "Hash Batches": 1,
                          "Original Hash Batches": 1,
                          "Peak Memory Usage": 10240,
                          "Plans": [
                            {
                              "Node Type": "Bitmap Heap Scan",
                              "Parent Relationship": "Outer",
                              "Parallel Aware": true,
                              "Relation Name": "movie_companies",
                              "Alias": "mc",
                              "Startup Cost": 4495.15,
                              "Total Cost": 24121.12,
                              "Plan Rows": 66877,
                              "Plan Width": 4,
                              "Actual Startup Time": 23.961,
                              "Actual Total Time": 62.92,
                              "Actual Rows": 41394,
                              "Actual Loops": 5,
                              "Recheck Cond": "(company_id < 68)",
                              "Rows Removed by Index Recheck": 0,
                              "Exact Heap Blocks": 6838,
                              "Lossy Heap Blocks": 0,
                              "Plans": [
                                {
                                  "Node Type": "Bitmap Index Scan",
                                  "Parent Relationship": "Outer",
                                  "Parallel Aware": false,
                                  "Index Name": "company_id_movie_companies",
                                  "Startup Cost": 0.0,
                                  "Total Cost": 4443.32,
                                  "Plan Rows": 207319,
                                  "Plan Width": 0,
                                  "Actual Startup Time": 23.379,
                                  "Actual Total Time": 23.379,
                                  "Actual Rows": 206972,
                                  "Actual Loops": 1,
                                  "Index Cond": "(company_id < 68)"
                                }
                              ]
                            }
                          ]
                        }
                      ]
                    },
                    {
                      "Node Type": "Index Only Scan",
                      "Parent Relationship": "Inner",
                      "Parallel Aware": false,
                      "Scan Direction": "Forward",
                      "Index Name": "movie_id_movie_info_idx",
                      "Relation Name": "movie_info_idx",
                      "Alias": "mi_idx",
                      "Startup Cost": 0.43,
                      "Total Cost": 0.55,
                      "Plan Rows": 3,
                      "Plan Width": 4,
                      "Actual Startup Time": 0.003,
                      "Actual Total Time": 0.004,
                      "Actual Rows": 2,
                      "Actual Loops": 55603,
                      "Index Cond": "(movie_id = t.id)",
                      "Rows Removed by Index Recheck": 0,
                      "Heap Fetches": 118871
                    }
                  ]
                }
              ]
            }
          ]
        }
      ]
    },
    "Planning Time": 1.615,
    "Triggers": [],
    "Execution Time": 264.084
  }
]