[
  {
    "Plan": {
      "Node Type": "Aggregate",
      "Strategy": "Plain",
      "Partial Mode": "Finalize",
      "Parallel Aware": false,
      "Startup Cost": 122355.98,
      "Total Cost": 122355.99,
      "Plan Rows": 1,
      "Plan Width": 8,
      "Actual Startup Time": 1002.237,
      "Actual Total Time": 1020.261,
      "Actual Rows": 1,
      "Actual Loops": 1,
      "Plans": [
        {
          "Node Type": "Gather",
          "Parent Relationship": "Outer",
          "Parallel Aware": false,
          "Startup Cost": 122355.66,
          "Total Cost": 122355.97,
          "Plan Rows": 3,
          "Plan Width": 8,
          "Actual Startup Time": 993.067,
          "Actual Total Time": 1020.238,
          "Actual Rows": 4,
          "Actual Loops": 1,
          "Workers Planned": 3,
          "Workers Launched": 3,
          "Single Copy": false,
          "Plans": [
            {
              "Node Type": "Aggregate",
              "Strategy": "Plain",
              "Partial Mode": "Partial",
              "Parent Relationship": "Outer",
              "Parallel Aware": false,
              "Startup Cost": 121355.66,
              "Total Cost": 121355.67,
              "Plan Rows": 1,
              "Plan Width": 8,
              "Actual Startup Time": 985.198,
              "Actual Total Time": 985.501,
              "Actual Rows": 1,
              "Actual Loops": 4,
              "Plans": [
                {
                  "Node Type": "Hash Join",
                  "Parent Relationship": "Outer",
                  "Parallel Aware": true,
                  "Join Type": "Inner",
                  "Startup Cost": 90339.32,
                  "Total Cost": 121070.29,
                  "Plan Rows": 114149,
                  "Plan Width": 0,
                  "Actual Startup Time": 516.273,
                  "Actual Total Time": 877.623,
                  "Actual Rows": 2428032,
                  "Actual Loops": 4,
                  "Inner Unique": false,
                  "Hash Cond": "(mc.movie_id = t.id)",
                  "Plans": [
                    {
                      "Node Type": "Seq Scan",
                      "Parent Relationship": "Outer",
                      "Parallel Aware": true,
                      "Relation Name": "movie_companies",
                      "Alias": "mc",
                      "Startup Cost": 0.0,
                      "Total Cost": 27206.55,
                      "Plan Rows": 841655,
                      "Plan Width": 4,
                      "Actual Startup Time": 0.015,
                      "Actual Total Time": 63.179,
                      "Actual Rows": 652282,
                      "Actual Loops": 4
                    },
                    {
                      "Node Type": "Hash",
                      "Parent Relationship": "Inner",
                      "Parallel Aware": true,
                      "Startup Cost": 88956.59,
                      "Total Cost": 88956.59,
                      "Plan Rows": 110618,
                      "Plan Width": 8,
                      "Actual Startup Time": 512.833,
                      "Actual Total Time": 513.135,
                      "Actual Rows": 329436,
                      "Actual Loops": 4,
                      "Hash Buckets": 2097152,
                      "Original Hash Buckets": 524288,
                      "Hash Batches": 1,
                      "Original Hash Batches": 1,
                      "Peak Memory Usage": 80288,
                      "Plans": [
                        {
                          "Node Type": "Hash Join",
                          "Parent Relationship": "Outer",
                          "Parallel Aware": true,
                          "Join Type": "Inner",
                          "Startup Cost": 46078.51,
                          "Total Cost": 88956.59,
                          "Plan Rows": 110618,
                          "Plan Width": 8,
                          "Actual Startup Time": 150.487,
                          "Actual Total Time": 386.993,
                          "Actual Rows": 329436,
                          "Actual Loops": 4,
                          "Inner Unique": true,
                          "Hash Cond": "(mk.movie_id = t.id)",
                          "Plans": [
                            {
                              "Node Type": "Seq Scan",
                              "Parent Relationship": "Outer",
                              "Parallel Aware": true,
                              "Relation Name": "movie_keyword",
                              "Alias": "mk",
                              "Startup Cost": 0.0,
                              "Total Cost": 39047.32,
                              "Plan Rows": 1459332,
                              "Plan Width": 4,
                              "Actual Startup Time": 0.026,
                              "Actual Total Time": 96.771,
                              "Actual Rows": 1130982,
                              "Actual Loops": 4
                            },
                            {
                              "Node Type": "Hash",
                              "Parent Relationship": "Inner",
                              "Parallel Aware": true,
                              "Startup Cost": 45479.59,
                              "Total Cost": 45479.59,
                              "Plan Rows": 47914,
                              "Plan Width": 4,
                              "Actual Startup Time": 149.457,
                              "Actual Total Time": 149.458,
                              "Actual Rows": 84722,
                              "Actual Loops": 4,
                              "Hash Buckets": 524288,
                              "Original Hash Buckets": 262144,
                              "Hash Batches": 1,
                              "Original Hash Batches": 1,
                              "Peak Memory Usage": 19456,
                              "Plans": [
                                {
                                  "Node Type": "Seq Scan",
                                  "Parent Relationship": "Outer",
                                  "Parallel Aware": true,
                                  "Relation Name": "title",
                                  "Alias": "t",
                                  "Startup Cost": 0.0,
                                  "Total Cost": 45479.59,
                                  "Plan Rows": 47914,
                                  "Plan Width": 4,
                                  "Actual Startup Time": 0.097,
                                  "Actual Total Time": 108.138,
                                  "Actual Rows": 84722,
                                  "Actual Loops": 4,
                                  "Filter": "((kind_id < 4) AND (production_year < 1985))",
                                  "Rows Removed by Filter": 547356
                                }
                              ]
                            }
                          ]
                        }
                      ]
                    }
                  ]
                }
              ]
            }
          ]
        }
      ]
    },
    "Planning Time": 1.479,
    "Triggers": [],
    "Execution Time": 1020.344
  }
]