[
  {
    "Plan": {
      "Node Type": "Aggregate",
      "Strategy": "Plain",
      "Partial Mode": "Finalize",
      "Parallel Aware": false,
      "Startup Cost": 82812.81,
      "Total Cost": 82812.82,
      "Plan Rows": 1,
      "Plan Width": 8,
      "Actual Startup Time": 341.234,
      "Actual Total Time": 356.525,
      "Actual Rows": 1,
      "Actual Loops": 1,
      "Plans": [
        {
          "Node Type": "Gather",
          "Parent Relationship": "Outer",
          "Parallel Aware": false,
          "Startup Cost": 82812.39,
          "Total Cost": 82812.8,
          "Plan Rows": 4,
          "Plan Width": 8,
          "Actual Startup Time": 335.175,
          "Actual Total Time": 356.515,
          "Actual Rows": 5,
          "Actual Loops": 1,
          "Workers Planned": 4,
          "Workers Launched": 4,
          "Single Copy": false,
          "Plans": [
            {
              "Node Type": "Aggregate",
              "Strategy": "Plain",
              "Partial Mode": "Partial",
              "Parent Relationship": "Outer",
              "Parallel Aware": false,
              "Startup Cost": 81812.39,
              "Total Cost": 81812.4,
              "Plan Rows": 1,
              "Plan Width": 8,
              "Actual Startup Time": 326.394,
              "Actual Total Time": 326.397,
              "Actual Rows": 1,
              "Actual Loops": 5,
              "Plans": [
                {
                  "Node Type": "Hash Join",
                  "Parent Relationship": "Outer",
                  "Parallel Aware": true,
                  "Join Type": "Inner",
                  "Startup Cost": 35044.69,
                  "Total Cost": 81249.76,
                  "Plan Rows": 225052,
                  "Plan Width": 0,
                  "Actual Startup Time": 121.288,
                  "Actual Total Time": 319.554,
                  "Actual Rows": 146624,
                  "Actual Loops": 5,
                  "Inner Unique": false,
                  "Hash Cond": "(t.id = mc.movie_id)",
                  "Plans": [
                    {
                      "Node Type": "Seq Scan",
                      "Parent Relationship": "Outer",
                      "Parallel Aware": true,
                      "Relation Name": "title",
                      "Alias": "t",
                      "Startup Cost": 0.0,
                      "Total Cost": 42318.73,
                      "Plan Rows": 632073,
                      "Plan Width": 4,
                      "Actual Startup Time": 0.015,
                      "Actual Total Time": 69.0,
                      "Actual Rows": 505662,
                      "Actual Loops": 5
                    },
                    {
                      "Node Type": "Hash",
                      "Parent Relationship": "Inner",
                      "Parallel Aware": true,
                      "Startup Cost": 31414.82,
                      "Total Cost": 31414.82,
                      "Plan Rows": 290390,
                      "Plan Width": 4,
                      "Actual Startup Time": 117.916,
                      "Actual Total Time": 117.917,
                      "Actual Rows": 146624,
                      "Actual Loops": 5,
                      "Hash Buckets": 1048576,
                      "Original Hash Buckets": 1048576,
                      "Hash Batches": 1,
                      "Original Hash Batches": 1,
                      "Peak Memory Usage": 36960,
                      "Plans": [
                        {
                          "Node Type": "Seq Scan",
                          "Parent Relationship": "Outer",
                          "Parallel Aware": true,
                          "Relation Name": "movie_companies",
                          "Alias": "mc",
                          "Startup Cost": 0.0,
                          "Total Cost": 31414.82,
                          "Plan Rows": 290390,
                          "Plan Width": 4,
                          "Actual Startup Time": 1.018,
                          "Actual Total Time": 71.616,
                          "Actual Rows": 146624,
                          "Actual Loops": 5,
                          "Filter": "((company_id > 1636) AND (company_type_id = 1))",
                          "Rows Removed by Filter": 375202
                        }
                      ]
                    }
                  ]
                }
              ]
            }
          ]
        }
      ]
    },
    "Planning Time": 0.405,
    "Triggers": [],
    "Execution Time": 356.577
  }
]