[
  {
    "Plan": {
      "Node Type": "Aggregate",
      "Strategy": "Plain",
      "Partial Mode": "Finalize",
      "Parallel Aware": false,
      "Startup Cost": 131999.23,
      "Total Cost": 131999.24,
      "Plan Rows": 1,
      "Plan Width": 8,
      "Actual Startup Time": 876.271,
      "Actual Total Time": 895.674,
      "Actual Rows": 1,
      "Actual Loops": 1,
      "Plans": [
        {
          "Node Type": "Gather",
          "Parent Relationship": "Outer",
          "Parallel Aware": false,
          "Startup Cost": 131998.92,
          "Total Cost": 131999.23,
          "Plan Rows": 3,
          "Plan Width": 8,
          "Actual Startup Time": 860.932,
          "Actual Total Time": 895.665,
          "Actual Rows": 4,
          "Actual Loops": 1,
          "Workers Planned": 3,
          "Workers Launched": 3,
          "Single Copy": false,
          "Plans": [
            {
              "Node Type": "Aggregate",
              "Strategy": "Plain",
              "Partial Mode": "Partial",
              "Parent Relationship": "Outer",
              "Parallel Aware": false,
              "Startup Cost": 130998.92,
              "Total Cost": 130998.93,
              "Plan Rows": 1,
              "Plan Width": 8,
              "Actual Startup Time": 852.68,
              "Actual Total Time": 853.205,
              "Actual Rows": 1,
              "Actual Loops": 4,
              "Plans": [
                {
                  "Node Type": "Hash Join",
                  "Parent Relationship": "Outer",
                  "Parallel Aware": true,
                  "Join Type": "Inner",
                  "Startup Cost": 84728.39,
                  "Total Cost": 130402.39,
                  "Plan Rows": 238611,
                  "Plan Width": 0,
                  "Actual Startup Time": 487.234,
                  "Actual Total Time": 772.198,
                  "Actual Rows": 2118228,
                  "Actual Loops": 4,
                  "Inner Unique": false,
                  "Hash Cond": "(mk.movie_id = t.id)",
                  "Plans": [
                    {
                      "Node Type": "Seq Scan",
                      "Parent Relationship": "Outer",
                      "Parallel Aware": true,
                      "Relation Name": "movie_keyword",
                      "Alias": "mk",
                      "Startup Cost": 0.0,
                      "Total Cost": 42695.65,
                      "Plan Rows": 588968,
                      "Plan Width": 4,
                      "Actual Startup Time": 0.441,
                      "Actual Total Time": 95.611,
                      "Actual Rows": 458960,
                      "Actual Loops": 4,
                      "Filter": "(keyword_id > 7593)",
                      "Rows Removed by Filter": 672023
                    },
                    {
                      "Node Type": "Hash",
                      "Parent Relationship": "Inner",
                      "Parallel Aware": true,
                      "Startup Cost": 80598.16,
                      "Total Cost": 80598.16,
                      "Plan Rows": 330419,
                      "Plan Width": 8,
                      "Actual Startup Time": 481.655,
                      "Actual Total Time": 482.179,
                      "Actual Rows": 218215,
                      "Actual Loops": 4,
                      "Hash Buckets": 1048576,
                      "Original Hash Buckets": 1048576,
                      "Hash Batches": 1,
                      "Original Hash Batches": 1,
                      "Peak Memory Usage": 42368,
                      "Plans": [
                        {
                          "Node Type": "Hash Join",
                          "Parent Relationship": "Outer",
                          "Parallel Aware": true,
                          "Join Type": "Inner",
                          "Startup Cost": 50199.89,
                          "Total Cost": 80598.16,
                          "Plan Rows": 330419,
                          "Plan Width": 8,
                          "Actual Startup Time": 273.556,
                          "Actual Total Time": 425.729,
                          "Actual Rows": 218215,
                          "Actual Loops": 4,
                          "Inner Unique": true,
                          "Hash Cond": "(mc.movie_id = t.id)",
                          "Plans": [
                            {
                              "Node Type": "Seq Scan",
                              "Parent Relationship": "Outer",
                              "Parallel Aware": true,
                              "Relation Name": "movie_companies",
                              "Alias": "mc",
                              "Startup Cost": 0.0,
                              "Total Cost": 29310.68,
                              "Plan Rows": 414318,
                              "Plan Width": 4,
                              "Actual Startup Time": 0.019,
                              "Actual Total Time": 65.042,
                              "Actual Rows": 318562,
                              "Actual Loops": 4,
                              "Filter": "(company_type_id = 1)",
                              "Rows Removed by Filter": 333721
                            },
                            {
                              "Node Type": "Hash",
                              "Parent Relationship": "Inner",
                              "Parallel Aware": true,
                              "Startup Cost": 43898.92,
                              "Total Cost": 43898.92,
                              "Plan Rows": 504078,
                              "Plan Width": 4,
                              "Actual Startup Time": 268.79,
                              "Actual Total Time": 268.791,
                              "Actual Rows": 501162,
                              "Actual Loops": 4,
                              "Hash Buckets": 2097152,
                              "Original Hash Buckets": 2097152,
                              "Hash Batches": 1,
                              "Original Hash Batches": 1,
                              "Peak Memory Usage": 94880,
                              "Plans": [
                                {
                                  "Node Type": "Seq Scan",
                                  "Parent Relationship": "Outer",
                                  "Parallel Aware": true,
                                  "Relation Name": "title",
                                  "Alias": "t",
                                  "Startup Cost": 0.0,
                                  "Total Cost": 43898.92,
                                  "Plan Rows": 504078,
                                  "Plan Width": 4,
                                  "Actual Startup Time": 0.042,
                                  "Actual Total Time": 107.894,
                                  "Actual Rows": 501162,
                                  "Actual Loops": 4,
                                  "Filter": "(production_year > 1975)",
                                  "Rows Removed by Filter": 130916
                                }
                              ]
                            }
                          ]
                        }
                      ]
                    }
                  ]
                }
              ]
            }
          ]
        }
      ]
    },
    "Planning Time": 1.483,
    "Triggers": [],
    "Execution Time": 895.754
  }
]