[
  {
    "Plan": {
      "Node Type": "Aggregate",
      "Strategy": "Plain",
      "Partial Mode": "Finalize",
      "Parallel Aware": false,
      "Startup Cost": 38596.51,
      "Total Cost": 38596.52,
      "Plan Rows": 1,
      "Plan Width": 8,
      "Actual Startup Time": 143.607,
      "Actual Total Time": 151.98,
      "Actual Rows": 1,
      "Actual Loops": 1,
      "Plans": [
        {
          "Node Type": "Gather",
          "Parent Relationship": "Outer",
          "Parallel Aware": false,
          "Startup Cost": 38596.19,
          "Total Cost": 38596.5,
          "Plan Rows": 3,
          "Plan Width": 8,
          "Actual Startup Time": 143.339,
          "Actual Total Time": 151.97,
          "Actual Rows": 4,
          "Actual Loops": 1,
          "Workers Planned": 3,
          "Workers Launched": 3,
          "Single Copy": false,
          "Plans": [
            {
              "Node Type": "Aggregate",
              "Strategy": "Plain",
              "Partial Mode": "Partial",
              "Parent Relationship": "Outer",
              "Parallel Aware": false,
              "Startup Cost": 37596.19,
              "Total Cost": 37596.2,
              "Plan Rows": 1,
              "Plan Width": 8,
              "Actual Startup Time": 136.098,
              "Actual Total Time": 136.099,
              "Actual Rows": 1,
              "Actual Loops": 4,
              "Plans": [
                {
                  "Node Type": "Bitmap Heap Scan",
                  "Parent Relationship": "Outer",
                  "Parallel Aware": true,
                  "Relation Name": "movie_keyword",
                  "Alias": "mk",
                  "Startup Cost": 10701.54,
                  "Total Cost": 37189.42,
                  "Plan Rows": 162710,
                  "Plan Width": 0,
                  "Actual Startup Time": 52.043,
                  "Actual Total Time": 127.817,
                  "Actual Rows": 123066,
                  "Actual Loops": 4,
                  "Recheck Cond": "(keyword_id > 36611)",
                  "Rows Removed by Index Recheck": 0,
                  "Exact Heap Blocks": 7645,
                  "Lossy Heap Blocks": 0,
                  "Plans": [
                    {
                      "Node Type": "Bitmap Index Scan",
                      "Parent Relationship": "Outer",
                      "Parallel Aware": false,
                      "Index Name": "keyword_id_movie_keyword",
                      "Startup Cost": 0.0,
                      "Total Cost": 10575.44,
                      "Plan Rows": 504401,
                      "Plan Width": 0,
                      "Actual Startup Time": 52.004,
                      "Actual Total Time": 52.005,
                      "Actual Rows": 492263,
                      "Actual Loops": 1,
                      "Index Cond": "(keyword_id > 36611)"
                    }
                  ]
                }
              ]
            }
          ]
        }
      ]
    },
    "Planning Time": 0.158,
    "Triggers": [],
    "Execution Time": 152.047
  }
]