[
  {
    "Plan": {
      "Node Type": "Aggregate",
      "Strategy": "Plain",
      "Partial Mode": "Finalize",
      "Parallel Aware": false,
      "Startup Cost": 34331.98,
      "Total Cost": 34331.99,
      "Plan Rows": 1,
      "Plan Width": 8,
      "Actual Startup Time": 112.031,
      "Actual Total Time": 119.969,
      "Actual Rows": 1,
      "Actual Loops": 1,
      "Plans": [
        {
          "Node Type": "Gather",
          "Parent Relationship": "Outer",
          "Parallel Aware": false,
          "Startup Cost": 34331.66,
          "Total Cost": 34331.97,
          "Plan Rows": 3,
          "Plan Width": 8,
          "Actual Startup Time": 111.748,
          "Actual Total Time": 119.961,
          "Actual Rows": 4,
          "Actual Loops": 1,
          "Workers Planned": 3,
          "Workers Launched": 3,
          "Single Copy": false,
          "Plans": [
            {
              "Node Type": "Aggregate",
              "Strategy": "Plain",
              "Partial Mode": "Partial",
              "Parent Relationship": "Outer",
              "Parallel Aware": false,
              "Startup Cost": 33331.66,
              "Total Cost": 33331.67,
              "Plan Rows": 1,
              "Plan Width": 8,
              "Actual Startup Time": 105.476,
              "Actual Total Time": 105.477,
              "Actual Rows": 1,
              "Actual Loops": 4,
              "Plans": [
                {
                  "Node Type": "Bitmap Heap Scan",
                  "Parent Relationship": "Outer",
                  "Parallel Aware": true,
                  "Relation Name": "movie_keyword",
                  "Alias": "mk",
                  "Startup Cost": 7229.01,
                  "Total Cost": 33056.88,
                  "Plan Rows": 109910,
                  "Plan Width": 0,
                  "Actual Startup Time": 37.821,
                  "Actual Total Time": 100.252,
                  "Actual Rows": 83055,
                  "Actual Loops": 4,
                  "Recheck Cond": "(keyword_id > 49694)",
                  "Rows Removed by Index Recheck": 0,
                  "Exact Heap Blocks": 11324,
                  "Lossy Heap Blocks": 0,
                  "Plans": [
                    {
                      "Node Type": "Bitmap Index Scan",
                      "Parent Relationship": "Outer",
                      "Parallel Aware": false,
                      "Index Name": "keyword_id_movie_keyword",
                      "Startup Cost": 0.0,
                      "Total Cost": 7143.83,
                      "Plan Rows": 340720,
                      "Plan Width": 0,
                      "Actual Startup Time": 39.223,
                      "Actual Total Time": 39.223,
                      "Actual Rows": 332220,
                      "Actual Loops": 1,
                      "Index Cond": "(keyword_id > 49694)"
                    }
                  ]
                }
              ]
            }
          ]
        }
      ]
    },
    "Planning Time": 0.166,
    "Triggers": [],
    "Execution Time": 120.045
  }
]