{
  "Plan": {
    "Node Type": "Aggregate",
    "Strategy": "Plain",
    "Partial Mode": "Finalize",
    "Parallel Aware": false,
    "Startup Cost": 115841.76,
    "Total Cost": 115841.77,
    "Plan Rows": 1,
    "Plan Width": 8,
    "Actual Startup Time": 460.122,
    "Actual Total Time": 475.447,
    "Actual Rows": 1,
    "Actual Loops": 1,
    "Plans": [
      {
        "Node Type": "Gather",
        "Parent Relationship": "Outer",
        "Parallel Aware": false,
        "Startup Cost": 115841.65,
        "Total Cost": 115841.76,
        "Plan Rows": 1,
        "Plan Width": 8,
        "Actual Startup Time": 459.65,
        "Actual Total Time": 475.438,
        "Actual Rows": 2,
        "Actual Loops": 1,
        "Workers Planned": 1,
        "Workers Launched": 1,
        "Single Copy": false,
        "Plans": [
          {
            "Node Type": "Aggregate",
            "Strategy": "Plain",
            "Partial Mode": "Partial",
            "Parent Relationship": "Outer",
            "Parallel Aware": false,
            "Startup Cost": 114841.65,
            "Total Cost": 114841.66,
            "Plan Rows": 1,
            "Plan Width": 8,
            "Actual Startup Time": 453.625,
            "Actual Total Time": 453.629,
            "Actual Rows": 1,
            "Actual Loops": 2,
            "Plans": [
              {
                "Node Type": "Hash Join",
                "Parent Relationship": "Outer",
                "Parallel Aware": true,
                "Join Type": "Inner",
                "Startup Cost": 56610.45,
                "Total Cost": 114661.3,
                "Plan Rows": 72141,
                "Plan Width": 0,
                "Actual Startup Time": 145.061,
                "Actual Total Time": 451.611,
                "Actual Rows": 46944,
                "Actual Loops": 2,
                "Inner Unique": true,
                "Hash Cond": "(mk.movie_id = t.id)",
                "Plans": [
                  {
                    "Node Type": "Seq Scan",
                    "Parent Relationship": "Outer",
                    "Parallel Aware": true,
                    "Relation Name": "movie_keyword",
                    "Alias": "mk",
                    "Startup Cost": 0.0,
                    "Total Cost": 51065.35,
                    "Plan Rows": 2661135,
                    "Plan Width": 4,
                    "Actual Startup Time": 0.016,
                    "Actual Total Time": 150.916,
                    "Actual Rows": 2261965,
                    "Actual Loops": 2
                  },
                  {
                    "Node Type": "Hash",
                    "Parent Relationship": "Inner",
                    "Parallel Aware": true,
                    "Startup Cost": 56106.48,
                    "Total Cost": 56106.48,
                    "Plan Rows": 40318,
                    "Plan Width": 4,
                    "Actual Startup Time": 142.71,
                    "Actual Total Time": 142.711,
                    "Actual Rows": 34716,
                    "Actual Loops": 2,
                    "Hash Buckets": 131072,
                    "Original Hash Buckets": 131072,
                    "Hash Batches": 1,
                    "Original Hash Batches": 1,
                    "Peak Memory Usage": 3776,
                    "Plans": [
                      {
                        "Node Type": "Bitmap Heap Scan",
                        "Parent Relationship": "Outer",
                        "Parallel Aware": true,
                        "Relation Name": "title",
                        "Alias": "t",
                        "Startup Cost": 13456.09,
                        "Total Cost": 56106.48,
                        "Plan Rows": 40318,
                        "Plan Width": 4,
                        "Actual Startup Time": 48.237,
                        "Actual Total Time": 135.017,
                        "Actual Rows": 34716,
                        "Actual Loops": 2,
                        "Recheck Cond": "(kind_id < 3)",
                        "Rows Removed by Index Recheck": 0,
                        "Filter": "(production_year > 2011)",
                        "Rows Removed by Filter": 342123,
                        "Exact Heap Blocks": 27620,
                        "Lossy Heap Blocks": 0,
                        "Plans": [
                          {
                            "Node Type": "Bitmap Index Scan",
                            "Parent Relationship": "Outer",
                            "Parallel Aware": false,
                            "Index Name": "kind_id_title",
                            "Startup Cost": 0.0,
                            "Total Cost": 13438.96,
                            "Plan Rows": 753937,
                            "Plan Width": 0,
                            "Actual Startup Time": 46.018,
                            "Actual Total Time": 46.019,
                            "Actual Rows": 753677,
                            "Actual Loops": 1,
                            "Index Cond": "(kind_id < 3)"
                          }
                        ]
                      }
                    ]
                  }
                ]
              }
            ]
          }
        ]
      }
    ]
  },
  "Planning Time": 0.409,
  "Triggers": [],
  "Execution Time": 475.534
}