[
  {
    "Plan": {
      "Node Type": "Aggregate",
      "Strategy": "Plain",
      "Partial Mode": "Finalize",
      "Parallel Aware": false,
      "Startup Cost": 46890.14,
      "Total Cost": 46890.15,
      "Plan Rows": 1,
      "Plan Width": 8,
      "Actual Startup Time": 190.217,
      "Actual Total Time": 199.585,
      "Actual Rows": 1,
      "Actual Loops": 1,
      "Plans": [
        {
          "Node Type": "Gather",
          "Parent Relationship": "Outer",
          "Parallel Aware": false,
          "Startup Cost": 46889.82,
          "Total Cost": 46890.13,
          "Plan Rows": 3,
          "Plan Width": 8,
          "Actual Startup Time": 190.12,
          "Actual Total Time": 199.574,
          "Actual Rows": 4,
          "Actual Loops": 1,
          "Workers Planned": 3,
          "Workers Launched": 3,
          "Single Copy": false,
          "Plans": [
            {
              "Node Type": "Aggregate",
              "Strategy": "Plain",
              "Partial Mode": "Partial",
              "Parent Relationship": "Outer",
              "Parallel Aware": false,
              "Startup Cost": 45889.82,
              "Total Cost": 45889.83,
              "Plan Rows": 1,
              "Plan Width": 8,
              "Actual Startup Time": 185.389,
              "Actual Total Time": 185.39,
              "Actual Rows": 1,
              "Actual Loops": 4,
              "Plans": [
                {
                  "Node Type": "Seq Scan",
                  "Parent Relationship": "Outer",
                  "Parallel Aware": true,
                  "Relation Name": "movie_keyword",
                  "Alias": "mk",
                  "Startup Cost": 0.0,
                  "Total Cost": 42695.65,
                  "Plan Rows": 1277666,
                  "Plan Width": 0,
                  "Actual Startup Time": 0.031,
                  "Actual Total Time": 135.067,
                  "Actual Rows": 990533,
                  "Actual Loops": 4,
                  "Filter": "(keyword_id < 32700)",
                  "Rows Removed by Filter": 140450
                }
              ]
            }
          ]
        }
      ]
    },
    "Planning Time": 0.234,
    "Triggers": [],
    "Execution Time": 199.618
  }
]