{
  "Plan": {
    "Node Type": "Aggregate",
    "Strategy": "Plain",
    "Partial Mode": "Finalize",
    "Parallel Aware": false,
    "Startup Cost": 828265.05,
    "Total Cost": 828265.06,
    "Plan Rows": 1,
    "Plan Width": 8,
    "Actual Startup Time": 2471.454,
    "Actual Total Time": 2525.976,
    "Actual Rows": 1,
    "Actual Loops": 1,
    "Plans": [
      {
        "Node Type": "Gather",
        "Parent Relationship": "Outer",
        "Parallel Aware": false,
        "Startup Cost": 828264.94,
        "Total Cost": 828265.05,
        "Plan Rows": 1,
        "Plan Width": 8,
        "Actual Startup Time": 2470.345,
        "Actual Total Time": 2525.968,
        "Actual Rows": 2,
        "Actual Loops": 1,
        "Workers Planned": 1,
        "Workers Launched": 1,
        "Single Copy": false,
        "Plans": [
          {
            "Node Type": "Aggregate",
            "Strategy": "Plain",
            "Partial Mode": "Partial",
            "Parent Relationship": "Outer",
            "Parallel Aware": false,
            "Startup Cost": 827264.94,
            "Total Cost": 827264.95,
            "Plan Rows": 1,
            "Plan Width": 8,
            "Actual Startup Time": 2464.044,
            "Actual Total Time": 2464.049,
            "Actual Rows": 1,
            "Actual Loops": 2,
            "Plans": [
              {
                "Node Type": "Hash Join",
                "Parent Relationship": "Outer",
                "Parallel Aware": true,
                "Join Type": "Inner",
                "Startup Cost": 536301.4,
                "Total Cost": 825917.41,
                "Plan Rows": 539009,
                "Plan Width": 0,
                "Actual Startup Time": 1273.481,
                "Actual Total Time": 2406.871,
                "Actual Rows": 1415108,
                "Actual Loops": 2,
                "Inner Unique": false,
                "Hash Cond": "(mi.movie_id = t.id)",
                "Plans": [
                  {
                    "Node Type": "Seq Scan",
                    "Parent Relationship": "Outer",
                    "Parallel Aware": true,
                    "Relation Name": "movie_info",
                    "Alias": "mi",
                    "Startup Cost": 0.0,
                    "Total Cost": 270696.42,
                    "Plan Rows": 3149790,
                    "Plan Width": 4,
                    "Actual Startup Time": 0.019,
                    "Actual Total Time": 614.587,
                    "Actual Rows": 2705260,
                    "Actual Loops": 2,
                    "Filter": "(info_type_id < 6)",
                    "Rows Removed by Filter": 4712600
                  },
                  {
                    "Node Type": "Hash",
                    "Parent Relationship": "Inner",
                    "Parallel Aware": true,
                    "Startup Cost": 533120.12,
                    "Total Cost": 533120.12,
                    "Plan Rows": 254503,
                    "Plan Width": 8,
                    "Actual Startup Time": 1266.129,
                    "Actual Total Time": 1266.133,
                    "Actual Rows": 227070,
                    "Actual Loops": 2,
                    "Hash Buckets": 524288,
                    "Original Hash Buckets": 524288,
                    "Hash Batches": 1,
                    "Original Hash Batches": 1,
                    "Peak Memory Usage": 21888,
                    "Plans": [
                      {
                        "Node Type": "Hash Join",
                        "Parent Relationship": "Outer",
                        "Parallel Aware": true,
                        "Join Type": "Inner",
                        "Startup Cost": 216973.08,
                        "Total Cost": 533120.12,
                        "Plan Rows": 254503,
                        "Plan Width": 8,
                        "Actual Startup Time": 399.843,
                        "Actual Total Time": 1206.805,
                        "Actual Rows": 227070,
                        "Actual Loops": 2,
                        "Inner Unique": true,
                        "Hash Cond": "(ci.movie_id = t.id)",
                        "Plans": [
                          {
                            "Node Type": "Bitmap Heap Scan",
                            "Parent Relationship": "Outer",
                            "Parallel Aware": true,
                            "Relation Name": "cast_info",
                            "Alias": "ci",
                            "Startup Cost": 157538.96,
                            "Total Cost": 462672.25,
                            "Plan Rows": 4195704,
                            "Plan Width": 4,
                            "Actual Startup Time": 248.023,
                            "Actual Total Time": 607.023,
                            "Actual Rows": 3499678,
                            "Actual Loops": 2,
                            "Recheck Cond": "(person_id > 2965404)",
                            "Rows Removed by Index Recheck": 0,
                            "Exact Heap Blocks": 47889,
                            "Lossy Heap Blocks": 0,
                            "Plans": [
                              {
                                "Node Type": "Bitmap Index Scan",
                                "Parent Relationship": "Outer",
                                "Parallel Aware": false,
                                "Index Name": "person_id_cast_info",
                                "Startup Cost": 0.0,
                                "Total Cost": 155755.79,
                                "Plan Rows": 7132696,
                                "Plan Width": 0,
                                "Actual Startup Time": 232.818,
                                "Actual Total Time": 232.819,
                                "Actual Rows": 6999356,
                                "Actual Loops": 1,
                                "Index Cond": "(person_id > 2965404)"
                              }
                            ]
                          },
                          {
                            "Node Type": "Hash",
                            "Parent Relationship": "Inner",
                            "Parallel Aware": true,
                            "Startup Cost": 58306.47,
                            "Total Cost": 58306.47,
                            "Plan Rows": 90212,
                            "Plan Width": 4,
                            "Actual Startup Time": 150.091,
                            "Actual Total Time": 150.092,
                            "Actual Rows": 67380,
                            "Actual Loops": 2,
                            "Hash Buckets": 262144,
                            "Original Hash Buckets": 262144,
                            "Hash Batches": 1,
                            "Original Hash Batches": 1,
                            "Peak Memory Usage": 7360,
                            "Plans": [
                              {
                                "Node Type": "Seq Scan",
                                "Parent Relationship": "Outer",
                                "Parallel Aware": true,
                                "Relation Name": "title",
                                "Alias": "t",
                                "Startup Cost": 0.0,
                                "Total Cost": 58306.47,
                                "Plan Rows": 90212,
                                "Plan Width": 4,
                                "Actual Startup Time": 0.066,
                                "Actual Total Time": 131.996,
                                "Actual Rows": 67380,
                                "Actual Loops": 2,
                                "Filter": "((kind_id < 7) AND (production_year > 2010))",
                                "Rows Removed by Filter": 1196776
                              }
                            ]
                          }
                        ]
                      }
                    ]
                  }
                ]
              }
            ]
          }
        ]
      }
    ]
  },
  "Planning Time": 0.96,
  "Triggers": [],
  "Execution Time": 2526.095
}