[
    {
        "Bao": {
            "Bao prediction": "NaN",
            "Bao recommended hint": "(no hint)"
        }
    },
    {
        "Plan": {
            "Node Type": "Aggregate",
            "Strategy": "Plain",
            "Partial Mode": "Finalize",
            "Parallel Aware": false,
            "Startup Cost": 353032.86,
            "Total Cost": 353032.87,
            "Plan Rows": 1,
            "Plan Width": 8,
            "Actual Startup Time": 834.082,
            "Actual Total Time": 862.471,
            "Actual Rows": 1,
            "Actual Loops": 1,
            "Output": [
                "count(*)"
            ],
            "Plans": [
                {
                    "Node Type": "Gather",
                    "Parent Relationship": "Outer",
                    "Parallel Aware": false,
                    "Startup Cost": 353032.23,
                    "Total Cost": 353032.84,
                    "Plan Rows": 6,
                    "Plan Width": 8,
                    "Actual Startup Time": 833.962,
                    "Actual Total Time": 862.46,
                    "Actual Rows": 7,
                    "Actual Loops": 1,
                    "Output": [
                        "(PARTIAL count(*))"
                    ],
                    "Workers Planned": 6,
                    "Workers Launched": 6,
                    "Single Copy": false,
                    "Plans": [
                        {
                            "Node Type": "Aggregate",
                            "Strategy": "Plain",
                            "Partial Mode": "Partial",
                            "Parent Relationship": "Outer",
                            "Parallel Aware": false,
                            "Startup Cost": 352032.23,
                            "Total Cost": 352032.24,
                            "Plan Rows": 1,
                            "Plan Width": 8,
                            "Actual Startup Time": 824.183,
                            "Actual Total Time": 824.184,
                            "Actual Rows": 1,
                            "Actual Loops": 7,
                            "Output": [
                                "PARTIAL count(*)"
                            ],
                            "Workers": [
                                {
                                    "Worker Number": 0,
                                    "Actual Startup Time": 822.086,
                                    "Actual Total Time": 822.088,
                                    "Actual Rows": 1,
                                    "Actual Loops": 1
                                },
                                {
                                    "Worker Number": 1,
                                    "Actual Startup Time": 822.383,
                                    "Actual Total Time": 822.385,
                                    "Actual Rows": 1,
                                    "Actual Loops": 1
                                },
                                {
                                    "Worker Number": 2,
                                    "Actual Startup Time": 822.57,
                                    "Actual Total Time": 822.571,
                                    "Actual Rows": 1,
                                    "Actual Loops": 1
                                },
                                {
                                    "Worker Number": 3,
                                    "Actual Startup Time": 822.674,
                                    "Actual Total Time": 822.676,
                                    "Actual Rows": 1,
                                    "Actual Loops": 1
                                },
                                {
                                    "Worker Number": 4,
                                    "Actual Startup Time": 822.764,
                                    "Actual Total Time": 822.765,
                                    "Actual Rows": 1,
                                    "Actual Loops": 1
                                },
                                {
                                    "Worker Number": 5,
                                    "Actual Startup Time": 823.24,
                                    "Actual Total Time": 823.241,
                                    "Actual Rows": 1,
                                    "Actual Loops": 1
                                }
                            ],
                            "Plans": [
                                {
                                    "Node Type": "Seq Scan",
                                    "Parent Relationship": "Outer",
                                    "Parallel Aware": true,
                                    "Relation Name": "cast_info",
                                    "Schema": "public",
                                    "Alias": "ci",
                                    "Startup Cost": 0.0,
                                    "Total Cost": 343318.94,
                                    "Plan Rows": 3485318,
                                    "Plan Width": 0,
                                    "Actual Startup Time": 212.212,
                                    "Actual Total Time": 676.414,
                                    "Actual Rows": 3207522,
                                    "Actual Loops": 7,
                                    "Output": [
                                        "id",
                                        "person_id",
                                        "movie_id",
                                        "person_role_id",
                                        "note",
                                        "nr_order",
                                        "role_id"
                                    ],
                                    "Filter": "((ci.person_id > 385819) AND (ci.role_id > 1))",
                                    "Rows Removed by Filter": 1970242,
                                    "Workers": [
                                        {
                                            "Worker Number": 0,
                                            "Actual Startup Time": 210.114,
                                            "Actual Total Time": 674.294,
                                            "Actual Rows": 2202465,
                                            "Actual Loops": 1
                                        },
                                        {
                                            "Worker Number": 1,
                                            "Actual Startup Time": 210.409,
                                            "Actual Total Time": 677.441,
                                            "Actual Rows": 3535487,
                                            "Actual Loops": 1
                                        },
                                        {
                                            "Worker Number": 2,
                                            "Actual Startup Time": 210.588,
                                            "Actual Total Time": 678.753,
                                            "Actual Rows": 3511787,
                                            "Actual Loops": 1
                                        },
                                        {
                                            "Worker Number": 3,
                                            "Actual Startup Time": 210.71,
                                            "Actual Total Time": 680.167,
                                            "Actual Rows": 3429280,
                                            "Actual Loops": 1
                                        },
                                        {
                                            "Worker Number": 4,
                                            "Actual Startup Time": 210.804,
                                            "Actual Total Time": 676.692,
                                            "Actual Rows": 2200579,
                                            "Actual Loops": 1
                                        },
                                        {
                                            "Worker Number": 5,
                                            "Actual Startup Time": 211.262,
                                            "Actual Total Time": 678.791,
                                            "Actual Rows": 3521886,
                                            "Actual Loops": 1
                                        }
                                    ]
                                }
                            ]
                        }
                    ]
                }
            ]
        },
        "Planning Time": 203.057,
        "Triggers": [],
        "Execution Time": 862.541
    }
]