{
  "Plan": {
    "Node Type": "Aggregate",
    "Strategy": "Plain",
    "Partial Mode": "Finalize",
    "Parallel Aware": false,
    "Startup Cost": 338931.41,
    "Total Cost": 338931.42,
    "Plan Rows": 1,
    "Plan Width": 8,
    "Actual Startup Time": 1467.249,
    "Actual Total Time": 1535.947,
    "Actual Rows": 1,
    "Actual Loops": 1,
    "Plans": [
      {
        "Node Type": "Gather",
        "Parent Relationship": "Outer",
        "Parallel Aware": false,
        "Startup Cost": 338931.3,
        "Total Cost": 338931.41,
        "Plan Rows": 1,
        "Plan Width": 8,
        "Actual Startup Time": 1466.133,
        "Actual Total Time": 1535.939,
        "Actual Rows": 2,
        "Actual Loops": 1,
        "Workers Planned": 1,
        "Workers Launched": 1,
        "Single Copy": false,
        "Plans": [
          {
            "Node Type": "Aggregate",
            "Strategy": "Plain",
            "Partial Mode": "Partial",
            "Parent Relationship": "Outer",
            "Parallel Aware": false,
            "Startup Cost": 337931.3,
            "Total Cost": 337931.31,
            "Plan Rows": 1,
            "Plan Width": 8,
            "Actual Startup Time": 1459.674,
            "Actual Total Time": 1459.678,
            "Actual Rows": 1,
            "Actual Loops": 2,
            "Plans": [
              {
                "Node Type": "Nested Loop",
                "Parent Relationship": "Outer",
                "Parallel Aware": false,
                "Join Type": "Inner",
                "Startup Cost": 35831.24,
                "Total Cost": 337547.48,
                "Plan Rows": 153528,
                "Plan Width": 0,
                "Actual Startup Time": 148.326,
                "Actual Total Time": 1442.992,
                "Actual Rows": 321990,
                "Actual Loops": 2,
                "Inner Unique": false,
                "Plans": [
                  {
                    "Node Type": "Hash Join",
                    "Parent Relationship": "Outer",
                    "Parallel Aware": true,
                    "Join Type": "Inner",
                    "Startup Cost": 35830.81,
                    "Total Cost": 94699.84,
                    "Plan Rows": 108065,
                    "Plan Width": 8,
                    "Actual Startup Time": 148.253,
                    "Actual Total Time": 448.457,
                    "Actual Rows": 92685,
                    "Actual Loops": 2,
                    "Inner Unique": false,
                    "Hash Cond": "(t.id = mc.movie_id)",
                    "Plans": [
                      {
                        "Node Type": "Seq Scan",
                        "Parent Relationship": "Outer",
                        "Parallel Aware": true,
                        "Relation Name": "title",
                        "Alias": "t",
                        "Startup Cost": 0.0,
                        "Total Cost": 54588.39,
                        "Plan Rows": 583193,
                        "Plan Width": 4,
                        "Actual Startup Time": 0.015,
                        "Actual Total Time": 128.31,
                        "Actual Rows": 492524,
                        "Actual Loops": 2,
                        "Filter": "(kind_id < 7)",
                        "Rows Removed by Filter": 771632
                      },
                      {
                        "Node Type": "Hash",
                        "Parent Relationship": "Inner",
                        "Parallel Aware": true,
                        "Startup Cost": 32386.02,
                        "Total Cost": 32386.02,
                        "Plan Rows": 275583,
                        "Plan Width": 4,
                        "Actual Startup Time": 142.733,
                        "Actual Total Time": 142.734,
                        "Actual Rows": 232490,
                        "Actual Loops": 2,
                        "Hash Buckets": 524288,
                        "Original Hash Buckets": 524288,
                        "Hash Batches": 1,
                        "Original Hash Batches": 1,
                        "Peak Memory Usage": 22336,
                        "Plans": [
                          {
                            "Node Type": "Bitmap Heap Scan",
                            "Parent Relationship": "Outer",
                            "Parallel Aware": true,
                            "Relation Name": "movie_companies",
                            "Alias": "mc",
                            "Startup Cost": 10151.24,
                            "Total Cost": 32386.02,
                            "Plan Rows": 275583,
                            "Plan Width": 4,
                            "Actual Startup Time": 36.124,
                            "Actual Total Time": 96.85,
                            "Actual Rows": 232490,
                            "Actual Loops": 2,
                            "Recheck Cond": "(company_id < 400)",
                            "Rows Removed by Index Recheck": 0,
                            "Exact Heap Blocks": 11345,
                            "Lossy Heap Blocks": 0,
                            "Plans": [
                              {
                                "Node Type": "Bitmap Index Scan",
                                "Parent Relationship": "Outer",
                                "Parallel Aware": false,
                                "Index Name": "company_id_movie_companies",
                                "Startup Cost": 0.0,
                                "Total Cost": 10034.11,
                                "Plan Rows": 468491,
                                "Plan Width": 0,
                                "Actual Startup Time": 33.943,
                                "Actual Total Time": 33.943,
                                "Actual Rows": 464981,
                                "Actual Loops": 1,
                                "Index Cond": "(company_id < 400)"
                              }
                            ]
                          }
                        ]
                      }
                    ]
                  },
                  {
                    "Node Type": "Index Scan",
                    "Parent Relationship": "Inner",
                    "Parallel Aware": false,
                    "Scan Direction": "Forward",
                    "Index Name": "movie_id_movie_info",
                    "Relation Name": "movie_info",
                    "Alias": "mi",
                    "Startup Cost": 0.43,
                    "Total Cost": 2.15,
                    "Plan Rows": 10,
                    "Plan Width": 4,
                    "Actual Startup Time": 0.004,
                    "Actual Total Time": 0.01,
                    "Actual Rows": 3,
                    "Actual Loops": 185370,
                    "Index Cond": "(movie_id = t.id)",
                    "Rows Removed by Index Recheck": 0,
                    "Filter": "(info_type_id < 4)",
                    "Rows Removed by Filter": 25
                  }
                ]
              }
            ]
          }
        ]
      }
    ]
  },
  "Planning Time": 0.981,
  "Triggers": [],
  "Execution Time": 1536.074
}