{
  "Plan": {
    "Node Type": "Aggregate",
    "Strategy": "Plain",
    "Partial Mode": "Finalize",
    "Parallel Aware": false,
    "Startup Cost": 88323.78,
    "Total Cost": 88323.79,
    "Plan Rows": 1,
    "Plan Width": 8,
    "Actual Startup Time": 389.35,
    "Actual Total Time": 401.839,
    "Actual Rows": 1,
    "Actual Loops": 1,
    "Plans": [
      {
        "Node Type": "Gather",
        "Parent Relationship": "Outer",
        "Parallel Aware": false,
        "Startup Cost": 88323.66,
        "Total Cost": 88323.77,
        "Plan Rows": 1,
        "Plan Width": 8,
        "Actual Startup Time": 388.883,
        "Actual Total Time": 401.832,
        "Actual Rows": 2,
        "Actual Loops": 1,
        "Workers Planned": 1,
        "Workers Launched": 1,
        "Single Copy": false,
        "Plans": [
          {
            "Node Type": "Aggregate",
            "Strategy": "Plain",
            "Partial Mode": "Partial",
            "Parent Relationship": "Outer",
            "Parallel Aware": false,
            "Startup Cost": 87323.66,
            "Total Cost": 87323.67,
            "Plan Rows": 1,
            "Plan Width": 8,
            "Actual Startup Time": 383.843,
            "Actual Total Time": 383.851,
            "Actual Rows": 1,
            "Actual Loops": 2,
            "Plans": [
              {
                "Node Type": "Hash Join",
                "Parent Relationship": "Outer",
                "Parallel Aware": true,
                "Join Type": "Inner",
                "Startup Cost": 26159.32,
                "Total Cost": 87025.77,
                "Plan Rows": 119159,
                "Plan Width": 0,
                "Actual Startup Time": 83.907,
                "Actual Total Time": 379.408,
                "Actual Rows": 100784,
                "Actual Loops": 2,
                "Inner Unique": false,
                "Hash Cond": "(t.id = mc.movie_id)",
                "Plans": [
                  {
                    "Node Type": "Seq Scan",
                    "Parent Relationship": "Outer",
                    "Parallel Aware": true,
                    "Relation Name": "title",
                    "Alias": "t",
                    "Startup Cost": 0.0,
                    "Total Cost": 50870.31,
                    "Plan Rows": 1487231,
                    "Plan Width": 4,
                    "Actual Startup Time": 0.011,
                    "Actual Total Time": 113.915,
                    "Actual Rows": 1264156,
                    "Actual Loops": 2
                  },
                  {
                    "Node Type": "Hash",
                    "Parent Relationship": "Inner",
                    "Parallel Aware": true,
                    "Startup Cost": 24669.83,
                    "Total Cost": 24669.83,
                    "Plan Rows": 119159,
                    "Plan Width": 4,
                    "Actual Startup Time": 81.591,
                    "Actual Total Time": 81.596,
                    "Actual Rows": 100784,
                    "Actual Loops": 2,
                    "Hash Buckets": 262144,
                    "Original Hash Buckets": 262144,
                    "Hash Batches": 1,
                    "Original Hash Batches": 1,
                    "Peak Memory Usage": 9952,
                    "Plans": [
                      {
                        "Node Type": "Bitmap Heap Scan",
                        "Parent Relationship": "Outer",
                        "Parallel Aware": true,
                        "Relation Name": "movie_companies",
                        "Alias": "mc",
                        "Startup Cost": 4390.35,
                        "Total Cost": 24669.83,
                        "Plan Rows": 119159,
                        "Plan Width": 4,
                        "Actual Startup Time": 19.481,
                        "Actual Total Time": 59.781,
                        "Actual Rows": 100784,
                        "Actual Loops": 2,
                        "Recheck Cond": "(company_id < 64)",
                        "Rows Removed by Index Recheck": 0,
                        "Exact Heap Blocks": 10930,
                        "Lossy Heap Blocks": 0,
                        "Plans": [
                          {
                            "Node Type": "Bitmap Index Scan",
                            "Parent Relationship": "Outer",
                            "Parallel Aware": false,
                            "Index Name": "company_id_movie_companies",
                            "Startup Cost": 0.0,
                            "Total Cost": 4339.7,
                            "Plan Rows": 202570,
                            "Plan Width": 0,
                            "Actual Startup Time": 18.529,
                            "Actual Total Time": 18.529,
                            "Actual Rows": 201569,
                            "Actual Loops": 1,
                            "Index Cond": "(company_id < 64)"
                          }
                        ]
                      }
                    ]
                  }
                ]
              }
            ]
          }
        ]
      }
    ]
  },
  "Planning Time": 0.397,
  "Triggers": [],
  "Execution Time": 401.897
}