{
  "Plan": {
    "Node Type": "Aggregate",
    "Strategy": "Plain",
    "Partial Mode": "Finalize",
    "Parallel Aware": false,
    "Startup Cost": 287545.42,
    "Total Cost": 287545.43,
    "Plan Rows": 1,
    "Plan Width": 8,
    "Actual Startup Time": 1908.594,
    "Actual Total Time": 1932.303,
    "Actual Rows": 1,
    "Actual Loops": 1,
    "Plans": [
      {
        "Node Type": "Gather",
        "Parent Relationship": "Outer",
        "Parallel Aware": false,
        "Startup Cost": 287545.31,
        "Total Cost": 287545.42,
        "Plan Rows": 1,
        "Plan Width": 8,
        "Actual Startup Time": 1903.375,
        "Actual Total Time": 1932.296,
        "Actual Rows": 2,
        "Actual Loops": 1,
        "Workers Planned": 1,
        "Workers Launched": 1,
        "Single Copy": false,
        "Plans": [
          {
            "Node Type": "Aggregate",
            "Strategy": "Plain",
            "Partial Mode": "Partial",
            "Parent Relationship": "Outer",
            "Parallel Aware": false,
            "Startup Cost": 286545.31,
            "Total Cost": 286545.32,
            "Plan Rows": 1,
            "Plan Width": 8,
            "Actual Startup Time": 1898.31,
            "Actual Total Time": 1898.315,
            "Actual Rows": 1,
            "Actual Loops": 2,
            "Plans": [
              {
                "Node Type": "Hash Join",
                "Parent Relationship": "Outer",
                "Parallel Aware": true,
                "Join Type": "Inner",
                "Startup Cost": 243293.26,
                "Total Cost": 285543.56,
                "Plan Rows": 400698,
                "Plan Width": 0,
                "Actual Startup Time": 1529.335,
                "Actual Total Time": 1878.255,
                "Actual Rows": 492368,
                "Actual Loops": 2,
                "Inner Unique": false,
                "Hash Cond": "(mc.movie_id = t.id)",
                "Plans": [
                  {
                    "Node Type": "Seq Scan",
                    "Parent Relationship": "Outer",
                    "Parallel Aware": true,
                    "Relation Name": "movie_companies",
                    "Alias": "mc",
                    "Startup Cost": 0.0,
                    "Total Cost": 34137.82,
                    "Plan Rows": 1534782,
                    "Plan Width": 4,
                    "Actual Startup Time": 0.021,
                    "Actual Total Time": 96.462,
                    "Actual Rows": 1304564,
                    "Actual Loops": 2
                  },
                  {
                    "Node Type": "Hash",
                    "Parent Relationship": "Inner",
                    "Parallel Aware": true,
                    "Startup Cost": 238439.71,
                    "Total Cost": 238439.71,
                    "Plan Rows": 388284,
                    "Plan Width": 8,
                    "Actual Startup Time": 1520.361,
                    "Actual Total Time": 1520.363,
                    "Actual Rows": 431068,
                    "Actual Loops": 2,
                    "Hash Buckets": 1048576,
                    "Original Hash Buckets": 1048576,
                    "Hash Batches": 1,
                    "Original Hash Batches": 1,
                    "Peak Memory Usage": 41952,
                    "Plans": [
                      {
                        "Node Type": "Merge Join",
                        "Parent Relationship": "Outer",
                        "Parallel Aware": false,
                        "Join Type": "Inner",
                        "Startup Cost": 127705.23,
                        "Total Cost": 238439.71,
                        "Plan Rows": 388284,
                        "Plan Width": 8,
                        "Actual Startup Time": 472.394,
                        "Actual Total Time": 1399.728,
                        "Actual Rows": 431068,
                        "Actual Loops": 2,
                        "Inner Unique": false,
                        "Merge Cond": "(t.id = ci.movie_id)",
                        "Plans": [
                          {
                            "Node Type": "Index Only Scan",
                            "Parent Relationship": "Outer",
                            "Parallel Aware": true,
                            "Scan Direction": "Forward",
                            "Index Name": "title_pkey",
                            "Relation Name": "title",
                            "Alias": "t",
                            "Startup Cost": 0.43,
                            "Total Cost": 99929.35,
                            "Plan Rows": 1487231,
                            "Plan Width": 4,
                            "Actual Startup Time": 0.115,
                            "Actual Total Time": 648.07,
                            "Actual Rows": 1262988,
                            "Actual Loops": 2,
                            "Heap Fetches": 2525977
                          },
                          {
                            "Node Type": "Sort",
                            "Parent Relationship": "Inner",
                            "Parallel Aware": false,
                            "Startup Cost": 127704.73,
                            "Total Cost": 129354.94,
                            "Plan Rows": 660082,
                            "Plan Width": 4,
                            "Actual Startup Time": 472.217,
                            "Actual Total Time": 583.848,
                            "Actual Rows": 862135,
                            "Actual Loops": 2,
                            "Sort Key": [
                              "ci.movie_id"
                            ],
                            "Sort Method": "quicksort",
                            "Sort Space Used": 64989,
                            "Sort Space Type": "Memory",
                            "Workers": [
                              {
                                "Worker Number": 0,
                                "Sort Method": "quicksort",
                                "Sort Space Used": 64989,
                                "Sort Space Type": "Memory"
                              }
                            ],
                            "Plans": [
                              {
                                "Node Type": "Index Scan",
                                "Parent Relationship": "Outer",
                                "Parallel Aware": false,
                                "Scan Direction": "Forward",
                                "Index Name": "role_id_cast_info",
                                "Relation Name": "cast_info",
                                "Alias": "ci",
                                "Startup Cost": 0.56,
                                "Total Cost": 63900.26,
                                "Plan Rows": 660082,
                                "Plan Width": 4,
                                "Actual Startup Time": 0.191,
                                "Actual Total Time": 252.019,
                                "Actual Rows": 862135,
                                "Actual Loops": 2,
                                "Index Cond": "(role_id = 8)",
                                "Rows Removed by Index Recheck": 0,
                                "Filter": "(person_id > 2274554)",
                                "Rows Removed by Filter": 841408
                              }
                            ]
                          }
                        ]
                      }
                    ]
                  }
                ]
              }
            ]
          }
        ]
      }
    ]
  },
  "Planning Time": 0.937,
  "Triggers": [],
  "Execution Time": 1937.952
}