[
  {
    "Plan": {
      "Node Type": "Aggregate",
      "Strategy": "Plain",
      "Partial Mode": "Simple",
      "Parallel Aware": false,
      "Startup Cost": 925.47,
      "Total Cost": 925.48,
      "Plan Rows": 1,
      "Plan Width": 96,
      "Actual Startup Time": 77.6,
      "Actual Total Time": 77.61,
      "Actual Rows": 1,
      "Actual Loops": 1,
      "Plans": [
        {
          "Node Type": "Nested Loop",
          "Parent Relationship": "Outer",
          "Parallel Aware": false,
          "Join Type": "Inner",
          "Startup Cost": 337.41,
          "Total Cost": 925.47,
          "Plan Rows": 1,
          "Plan Width": 48,
          "Actual Startup Time": 41.638,
          "Actual Total Time": 77.494,
          "Actual Rows": 285,
          "Actual Loops": 1,
          "Inner Unique": true,
          "Join Filter": "(ml.movie_id = t.id)",
          "Rows Removed by Join Filter": 0,
          "Plans": [
            {
              "Node Type": "Nested Loop",
              "Parent Relationship": "Outer",
              "Parallel Aware": false,
              "Join Type": "Inner",
              "Startup Cost": 336.98,
              "Total Cost": 924.96,
              "Plan Rows": 1,
              "Plan Width": 51,
              "Actual Startup Time": 41.559,
              "Actual Total Time": 76.763,
              "Actual Rows": 285,
              "Actual Loops": 1,
              "Inner Unique": true,
              "Plans": [
                {
                  "Node Type": "Merge Join",
                  "Parent Relationship": "Outer",
                  "Parallel Aware": false,
                  "Join Type": "Inner",
                  "Startup Cost": 336.56,
                  "Total Cost": 901.99,
                  "Plan Rows": 52,
                  "Plan Width": 55,
                  "Actual Startup Time": 41.001,
                  "Actual Total Time": 71.109,
                  "Actual Rows": 2565,
                  "Actual Loops": 1,
                  "Inner Unique": false,
                  "Merge Cond": "(mk.movie_id = ml.movie_id)",
                  "Plans": [
                    {
                      "Node Type": "Nested Loop",
                      "Parent Relationship": "Outer",
                      "Parallel Aware": false,
                      "Join Type": "Inner",
                      "Startup Cost": 2.14,
                      "Total Cost": 27198.36,
                      "Plan Rows": 3079,
                      "Plan Width": 39,
                      "Actual Startup Time": 36.607,
                      "Actual Total Time": 66.883,
                      "Actual Rows": 158,
                      "Actual Loops": 1,
                      "Inner Unique": false,
                      "Plans": [
                        {
                          "Node Type": "Nested Loop",
                          "Parent Relationship": "Outer",
                          "Parallel Aware": false,
                          "Join Type": "Inner",
                          "Startup Cost": 1.71,
                          "Total Cost": 26561.38,
                          "Plan Rows": 346,
                          "Plan Width": 31,
                          "Actual Startup Time": 4.328,
                          "Actual Total Time": 66.195,
                          "Actual Rows": 70,
                          "Actual Loops": 1,
                          "Inner Unique": false,
                          "Plans": [
                            {
                              "Node Type": "Nested Loop",
                              "Parent Relationship": "Outer",
                              "Parallel Aware": false,
                              "Join Type": "Inner",
                              "Startup Cost": 1.27,
                              "Total Cost": 23627.16,
                              "Plan Rows": 1274,
                              "Plan Width": 27,
                              "Actual Startup Time": 3.777,
                              "Actual Total Time": 55.679,
                              "Actual Rows": 297,
                              "Actual Loops": 1,
                              "Inner Unique": true,
                              "Plans": [
                                {
                                  "Node Type": "Nested Loop",
                                  "Parent Relationship": "Outer",
                                  "Parallel Aware": false,
                                  "Join Type": "Inner",
                                  "Startup Cost": 0.85,
                                  "Total Cost": 21210.93,
                                  "Plan Rows": 5285,
                                  "Plan Width": 12,
                                  "Actual Startup Time": 0.474,
                                  "Actual Total Time": 39.794,
                                  "Actual Rows": 4072,
                                  "Actual Loops": 1,
                                  "Inner Unique": true,
                                  "Join Filter": "(mc.company_type_id = ct.id)",
                                  "Rows Removed by Join Filter": 17,
                                  "Plans": [
                                    {
                                      "Node Type": "Nested Loop",
                                      "Parent Relationship": "Outer",
                                      "Parallel Aware": false,
                                      "Join Type": "Inner",
                                      "Startup Cost": 0.85,
                                      "Total Cost": 20892.76,
                                      "Plan Rows": 21141,
                                      "Plan Width": 16,
                                      "Actual Startup Time": 0.462,
                                      "Actual Total Time": 37.908,
                                      "Actual Rows": 4089,
                                      "Actual Loops": 1,
                                      "Inner Unique": false,
                                      "Plans": [
                                        {
                                          "Node Type": "Nested Loop",
                                          "Parent Relationship": "Outer",
                                          "Parallel Aware": false,
                                          "Join Type": "Inner",
                                          "Startup Cost": 0.42,
                                          "Total Cost": 9192.61,
                                          "Plan Rows": 8443,
                                          "Plan Width": 4,
                                          "Actual Startup Time": 0.089,
                                          "Actual Total Time": 13.45,
                                          "Actual Rows": 3889,
                                          "Actual Loops": 1,
                                          "Inner Unique": true,
                                          "Join Filter": "(cc.status_id = cct2.id)",
                                          "Rows Removed by Join Filter": 129,
                                          "Plans": [
                                            {
                                              "Node Type": "Nested Loop",
                                              "Parent Relationship": "Outer",
                                              "Parallel Aware": false,
                                              "Join Type": "Inner",
                                              "Startup Cost": 0.42,
                                              "Total Cost": 8684.98,
                                              "Plan Rows": 33772,
                                              "Plan Width": 8,
                                              "Actual Startup Time": 0.068,
                                              "Actual Total Time": 11.722,
                                              "Actual Rows": 3889,
                                              "Actual Loops": 1,
                                              "Inner Unique": true,
                                              "Join Filter": "(cc.subject_id = cct1.id)",
                                              "Rows Removed by Join Filter": 6398,
                                              "Plans": [
                                                {
                                                  "Node Type": "Index Scan",
                                                  "Parent Relationship": "Outer",
                                                  "Parallel Aware": false,
                                                  "Scan Direction": "Forward",
                                                  "Index Name": "movie_id_complete_cast",
                                                  "Relation Name": "complete_cast",
                                                  "Alias": "cc",
                                                  "Startup Cost": 0.42,
                                                  "Total Cost": 6657.64,
                                                  "Plan Rows": 135086,
                                                  "Plan Width": 12,
                                                  "Actual Startup Time": 0.015,
                                                  "Actual Total Time": 6.712,
                                                  "Actual Rows": 10287,
                                                  "Actual Loops": 1
                                                },
                                                {
                                                  "Node Type": "Materialize",
                                                  "Parent Relationship": "Inner",
                                                  "Parallel Aware": false,
                                                  "Startup Cost": 0.0,
                                                  "Total Cost": 1.05,
                                                  "Plan Rows": 1,
                                                  "Plan Width": 4,
                                                  "Actual Startup Time": 0.0,
                                                  "Actual Total Time": 0.0,
                                                  "Actual Rows": 1,
                                                  "Actual Loops": 10287,
                                                  "Plans": [
                                                    {
                                                      "Node Type": "Seq Scan",
                                                      "Parent Relationship": "Outer",
                                                      "Parallel Aware": false,
                                                      "Relation Name": "comp_cast_type",
                                                      "Alias": "cct1",
                                                      "Startup Cost": 0.0,
                                                      "Total Cost": 1.05,
                                                      "Plan Rows": 1,
                                                      "Plan Width": 4,
                                                      "Actual Startup Time": 0.012,
                                                      "Actual Total Time": 0.013,
                                                      "Actual Rows": 1,
                                                      "Actual Loops": 1,
                                                      "Filter": "((kind)::text = 'crew'::text)",
                                                      "Rows Removed by Filter": 3
                                                    }
                                                  ]
                                                }
                                              ]
                                            },
                                            {
                                              "Node Type": "Materialize",
                                              "Parent Relationship": "Inner",
                                              "Parallel Aware": false,
                                              "Startup Cost": 0.0,
                                              "Total Cost": 1.05,
                                              "Plan Rows": 1,
                                              "Plan Width": 4,
                                              "Actual Startup Time": 0.0,
                                              "Actual Total Time": 0.0,
                                              "Actual Rows": 1,
                                              "Actual Loops": 3889,
                                              "Plans": [
                                                {
                                                  "Node Type": "Seq Scan",
                                                  "Parent Relationship": "Outer",
                                                  "Parallel Aware": false,
                                                  "Relation Name": "comp_cast_type",
                                                  "Alias": "cct2",
                                                  "Startup Cost": 0.0,
                                                  "Total Cost": 1.05,
                                                  "Plan Rows": 1,
                                                  "Plan Width": 4,
                                                  "Actual Startup Time": 0.015,
                                                  "Actual Total Time": 0.016,
                                                  "Actual Rows": 2,
                                                  "Actual Loops": 1,
                                                  "Filter": "((kind)::text ~~ 'complete%'::text)",
                                                  "Rows Removed by Filter": 2
                                                }
                                              ]
                                            }
                                          ]
                                        },
                                        {
                                          "Node Type": "Index Scan",
                                          "Parent Relationship": "Inner",
                                          "Parallel Aware": false,
                                          "Scan Direction": "Forward",
                                          "Index Name": "movie_id_movie_companies",
                                          "Relation Name": "movie_companies",
                                          "Alias": "mc",
                                          "Startup Cost": 0.43,
                                          "Total Cost": 1.36,
                                          "Plan Rows": 3,
                                          "Plan Width": 12,
                                          "Actual Startup Time": 0.005,
                                          "Actual Total Time": 0.006,
                                          "Actual Rows": 1,
                                          "Actual Loops": 3889,
                                          "Index Cond": "(movie_id = cc.movie_id)",
                                          "Rows Removed by Index Recheck": 0,
                                          "Filter": "(note IS NULL)",
                                          "Rows Removed by Filter": 2
                                        }
                                      ]
                                    },
                                    {
                                      "Node Type": "Materialize",
                                      "Parent Relationship": "Inner",
                                      "Parallel Aware": false,
                                      "Startup Cost": 0.0,
                                      "Total Cost": 1.05,
                                      "Plan Rows": 1,
                                      "Plan Width": 4,
                                      "Actual Startup Time": 0.0,
                                      "Actual Total Time": 0.0,
                                      "Actual Rows": 1,
                                      "Actual Loops": 4089,
                                      "Plans": [
                                        {
                                          "Node Type": "Seq Scan",
                                          "Parent Relationship": "Outer",
                                          "Parallel Aware": false,
                                          "Relation Name": "company_type",
                                          "Alias": "ct",
                                          "Startup Cost": 0.0,
                                          "Total Cost": 1.05,
                                          "Plan Rows": 1,
                                          "Plan Width": 4,
                                          "Actual Startup Time": 0.006,
                                          "Actual Total Time": 0.008,
                                          "Actual Rows": 1,
                                          "Actual Loops": 1,
                                          "Filter": "((kind)::text = 'production companies'::text)",
                                          "Rows Removed by Filter": 3
                                        }
                                      ]
                                    }
                                  ]
                                },
                                {
                                  "Node Type": "Index Scan",
                                  "Parent Relationship": "Inner",
                                  "Parallel Aware": false,
                                  "Scan Direction": "Forward",
                                  "Index Name": "company_name_pkey",
                                  "Relation Name": "company_name",
                                  "Alias": "cn",
                                  "Startup Cost": 0.42,
                                  "Total Cost": 0.46,
                                  "Plan Rows": 1,
                                  "Plan Width": 23,
                                  "Actual Startup Time": 0.004,
                                  "Actual Total Time": 0.004,
                                  "Actual Rows": 0,
                                  "Actual Loops": 4072,
                                  "Index Cond": "(id = mc.company_id)",
                                  "Rows Removed by Index Recheck": 0,
                                  "Filter": "(((country_code)::text <> '[pl]'::text) AND ((name ~~ '%Film%'::text) OR (name ~~ '%Warner%'::text)))",
                                  "Rows Removed by Filter": 1
                                }
                              ]
                            },
                            {
                              "Node Type": "Index Scan",
                              "Parent Relationship": "Inner",
                              "Parallel Aware": false,
                              "Scan Direction": "Forward",
                              "Index Name": "movie_id_movie_info",
                              "Relation Name": "movie_info",
                              "Alias": "mi",
                              "Startup Cost": 0.43,
                              "Total Cost": 2.29,
                              "Plan Rows": 1,
                              "Plan Width": 4,
                              "Actual Startup Time": 0.034,
                              "Actual Total Time": 0.035,
                              "Actual Rows": 0,
                              "Actual Loops": 297,
                              "Index Cond": "(movie_id = mc.movie_id)",
                              "Rows Removed by Index Recheck": 0,
                              "Filter": "(info = ANY ('{Danish,Denish,Swedish,Sweden,Bulgaria,German,Germany,Norway,\"Finland:29 July 1998\"}'::text[]))",
                              "Rows Removed by Filter": 14
                            }
                          ]
                        },
                        {
                          "Node Type": "Index Scan",
                          "Parent Relationship": "Inner",
                          "Parallel Aware": false,
                          "Scan Direction": "Forward",
                          "Index Name": "movie_id_movie_keyword",
                          "Relation Name": "movie_keyword",
                          "Alias": "mk",
                          "Startup Cost": 0.43,
                          "Total Cost": 1.38,
                          "Plan Rows": 46,
                          "Plan Width": 8,
                          "Actual Startup Time": 0.008,
                          "Actual Total Time": 0.008,
                          "Actual Rows": 2,
                          "Actual Loops": 70,
                          "Index Cond": "(movie_id = mc.movie_id)",
                          "Rows Removed by Index Recheck": 0
                        }
                      ]
                    },
                    {
                      "Node Type": "Sort",
                      "Parent Relationship": "Inner",
                      "Parallel Aware": false,
                      "Startup Cost": 334.38,
                      "Total Cost": 338.55,
                      "Plan Rows": 1666,
                      "Plan Width": 16,
                      "Actual Startup Time": 3.107,
                      "Actual Total Time": 3.43,
                      "Actual Rows": 4861,
                      "Actual Loops": 1,
                      "Sort Key": [
                        "ml.movie_id"
                      ],
                      "Sort Method": "quicksort",
                      "Sort Space Used": 205,
                      "Sort Space Type": "Memory",
                      "Plans": [
                        {
                          "Node Type": "Nested Loop",
                          "Parent Relationship": "Outer",
                          "Parallel Aware": false,
                          "Join Type": "Inner",
                          "Startup Cost": 38.82,
                          "Total Cost": 245.23,
                          "Plan Rows": 1666,
                          "Plan Width": 16,
                          "Actual Startup Time": 0.227,
                          "Actual Total Time": 1.979,
                          "Actual Rows": 2315,
                          "Actual Loops": 1,
                          "Inner Unique": false,
                          "Plans": [
                            {
                              "Node Type": "Seq Scan",
                              "Parent Relationship": "Outer",
                              "Parallel Aware": false,
                              "Relation Name": "link_type",
                              "Alias": "lt",
                              "Startup Cost": 0.0,
                              "Total Cost": 1.23,
                              "Plan Rows": 1,
                              "Plan Width": 16,
                              "Actual Startup Time": 0.016,
                              "Actual Total Time": 0.022,
                              "Actual Rows": 2,
                              "Actual Loops": 1,
                              "Filter": "((link)::text ~~ '%follow%'::text)",
                              "Rows Removed by Filter": 16
                            },
                            {
                              "Node Type": "Bitmap Heap Scan",
                              "Parent Relationship": "Inner",
                              "Parallel Aware": false,
                              "Relation Name": "movie_link",
                              "Alias": "ml",
                              "Startup Cost": 38.82,
                              "Total Cost": 225.26,
                              "Plan Rows": 1875,
                              "Plan Width": 8,
                              "Actual Startup Time": 0.146,
                              "Actual Total Time": 0.764,
                              "Actual Rows": 1158,
                              "Actual Loops": 2,
                              "Recheck Cond": "(link_type_id = lt.id)",
                              "Rows Removed by Index Recheck": 0,
                              "Exact Heap Blocks": 191,
                              "Lossy Heap Blocks": 0,
                              "Plans": [
                                {
                                  "Node Type": "Bitmap Index Scan",
                                  "Parent Relationship": "Outer",
                                  "Parallel Aware": false,
                                  "Index Name": "link_type_id_movie_link",
                                  "Startup Cost": 0.0,
                                  "Total Cost": 38.35,
                                  "Plan Rows": 1875,
                                  "Plan Width": 0,
                                  "Actual Startup Time": 0.118,
                                  "Actual Total Time": 0.118,
                                  "Actual Rows": 1158,
                                  "Actual Loops": 2,
                                  "Index Cond": "(link_type_id = lt.id)"
                                }
                              ]
                            }
                          ]
                        }
                      ]
                    }
                  ]
                },
                {
                  "Node Type": "Index Scan",
                  "Parent Relationship": "Inner",
                  "Parallel Aware": false,
                  "Scan Direction": "Forward",
                  "Index Name": "keyword_pkey",
                  "Relation Name": "keyword",
                  "Alias": "k",
                  "Startup Cost": 0.42,
                  "Total Cost": 0.44,
                  "Plan Rows": 1,
                  "Plan Width": 4,
                  "Actual Startup Time": 0.002,
                  "Actual Total Time": 0.002,
                  "Actual Rows": 0,
                  "Actual Loops": 2565,
                  "Index Cond": "(id = mk.keyword_id)",
                  "Rows Removed by Index Recheck": 0,
                  "Filter": "(keyword = 'sequel'::text)",
                  "Rows Removed by Filter": 1
                }
              ]
            },
            {
              "Node Type": "Index Scan",
              "Parent Relationship": "Inner",
              "Parallel Aware": false,
              "Scan Direction": "Forward",
              "Index Name": "title_pkey",
              "Relation Name": "title",
              "Alias": "t",
              "Startup Cost": 0.43,
              "Total Cost": 0.49,
              "Plan Rows": 1,
              "Plan Width": 21,
              "Actual Startup Time": 0.002,
              "Actual Total Time": 0.002,
              "Actual Rows": 1,
              "Actual Loops": 285,
              "Index Cond": "(id = mk.movie_id)",
              "Rows Removed by Index Recheck": 0,
              "Filter": "((production_year >= 1998) AND (production_year <= 2012))",
              "Rows Removed by Filter": 0
            }
          ]
        }
      ]
    },
    "Planning Time": 149.951,
    "Triggers": [],
    "Execution Time": 78.118
  }
]