[
  {
    "Plan": {
      "Node Type": "Aggregate",
      "Strategy": "Plain",
      "Partial Mode": "Simple",
      "Parallel Aware": false,
      "Startup Cost": 264116.48,
      "Total Cost": 264116.49,
      "Plan Rows": 1,
      "Plan Width": 8,
      "Actual Startup Time": 61.911,
      "Actual Total Time": 61.912,
      "Actual Rows": 1,
      "Actual Loops": 1,
      "Plans": [
        {
          "Node Type": "Bitmap Heap Scan",
          "Parent Relationship": "Outer",
          "Parallel Aware": false,
          "Relation Name": "cast_info",
          "Alias": "ci",
          "Startup Cost": 4892.26,
          "Total Cost": 263870.11,
          "Plan Rows": 98548,
          "Plan Width": 0,
          "Actual Startup Time": 18.564,
          "Actual Total Time": 51.758,
          "Actual Rows": 207205,
          "Actual Loops": 1,
          "Recheck Cond": "(person_id > 4025302)",
          "Rows Removed by Index Recheck": 0,
          "Filter": "(role_id > 2)",
          "Rows Removed by Filter": 0,
          "Exact Heap Blocks": 2400,
          "Lossy Heap Blocks": 0,
          "Plans": [
            {
              "Node Type": "Bitmap Index Scan",
              "Parent Relationship": "Outer",
              "Parallel Aware": false,
              "Index Name": "person_id_cast_info",
              "Startup Cost": 0.0,
              "Total Cost": 4867.62,
              "Plan Rows": 222808,
              "Plan Width": 0,
              "Actual Startup Time": 17.812,
              "Actual Total Time": 17.812,
              "Actual Rows": 207205,
              "Actual Loops": 1,
              "Index Cond": "(person_id > 4025302)"
            }
          ]
        }
      ]
    },
    "Planning Time": 0.256,
    "Triggers": [],
    "Execution Time": 61.961
  }
]