{
  "Plan": {
    "Node Type": "Aggregate",
    "Strategy": "Plain",
    "Partial Mode": "Finalize",
    "Parallel Aware": false,
    "Startup Cost": 54270.85,
    "Total Cost": 54270.86,
    "Plan Rows": 1,
    "Plan Width": 8,
    "Actual Startup Time": 192.434,
    "Actual Total Time": 201.422,
    "Actual Rows": 1,
    "Actual Loops": 1,
    "Plans": [
      {
        "Node Type": "Gather",
        "Parent Relationship": "Outer",
        "Parallel Aware": false,
        "Startup Cost": 54270.74,
        "Total Cost": 54270.85,
        "Plan Rows": 1,
        "Plan Width": 8,
        "Actual Startup Time": 192.263,
        "Actual Total Time": 201.416,
        "Actual Rows": 2,
        "Actual Loops": 1,
        "Workers Planned": 1,
        "Workers Launched": 1,
        "Single Copy": false,
        "Plans": [
          {
            "Node Type": "Aggregate",
            "Strategy": "Plain",
            "Partial Mode": "Partial",
            "Parent Relationship": "Outer",
            "Parallel Aware": false,
            "Startup Cost": 53270.74,
            "Total Cost": 53270.75,
            "Plan Rows": 1,
            "Plan Width": 8,
            "Actual Startup Time": 187.998,
            "Actual Total Time": 188.002,
            "Actual Rows": 1,
            "Actual Loops": 2,
            "Plans": [
              {
                "Node Type": "Hash Join",
                "Parent Relationship": "Outer",
                "Parallel Aware": false,
                "Join Type": "Inner",
                "Startup Cost": 21479.12,
                "Total Cost": 53270.59,
                "Plan Rows": 59,
                "Plan Width": 0,
                "Actual Startup Time": 103.036,
                "Actual Total Time": 187.985,
                "Actual Rows": 18,
                "Actual Loops": 2,
                "Inner Unique": false,
                "Hash Cond": "(mk.movie_id = t.id)",
                "Plans": [
                  {
                    "Node Type": "Bitmap Heap Scan",
                    "Parent Relationship": "Outer",
                    "Parallel Aware": true,
                    "Relation Name": "movie_keyword",
                    "Alias": "mk",
                    "Startup Cost": 16280.95,
                    "Total Cost": 46378.69,
                    "Plan Rows": 451500,
                    "Plan Width": 4,
                    "Actual Startup Time": 61.96,
                    "Actual Total Time": 159.55,
                    "Actual Rows": 378670,
                    "Actual Loops": 2,
                    "Recheck Cond": "(keyword_id > 24718)",
                    "Rows Removed by Index Recheck": 0,
                    "Exact Heap Blocks": 15178,
                    "Lossy Heap Blocks": 0,
                    "Plans": [
                      {
                        "Node Type": "Bitmap Index Scan",
                        "Parent Relationship": "Outer",
                        "Parallel Aware": false,
                        "Index Name": "keyword_id_movie_keyword",
                        "Startup Cost": 0.0,
                        "Total Cost": 16089.06,
                        "Plan Rows": 767550,
                        "Plan Width": 0,
                        "Actual Startup Time": 62.878,
                        "Actual Total Time": 62.878,
                        "Actual Rows": 757339,
                        "Actual Loops": 1,
                        "Index Cond": "(keyword_id > 24718)"
                      }
                    ]
                  },
                  {
                    "Node Type": "Hash",
                    "Parent Relationship": "Inner",
                    "Parallel Aware": false,
                    "Startup Cost": 5194.08,
                    "Total Cost": 5194.08,
                    "Plan Rows": 328,
                    "Plan Width": 8,
                    "Actual Startup Time": 2.614,
                    "Actual Total Time": 2.616,
                    "Actual Rows": 53,
                    "Actual Loops": 2,
                    "Hash Buckets": 1024,
                    "Original Hash Buckets": 1024,
                    "Hash Batches": 1,
                    "Original Hash Batches": 1,
                    "Peak Memory Usage": 11,
                    "Plans": [
                      {
                        "Node Type": "Nested Loop",
                        "Parent Relationship": "Outer",
                        "Parallel Aware": false,
                        "Join Type": "Inner",
                        "Startup Cost": 0.99,
                        "Total Cost": 5194.08,
                        "Plan Rows": 328,
                        "Plan Width": 8,
                        "Actual Startup Time": 0.341,
                        "Actual Total Time": 2.555,
                        "Actual Rows": 53,
                        "Actual Loops": 2,
                        "Inner Unique": true,
                        "Plans": [
                          {
                            "Node Type": "Index Scan",
                            "Parent Relationship": "Outer",
                            "Parallel Aware": false,
                            "Scan Direction": "Forward",
                            "Index Name": "person_id_cast_info",
                            "Relation Name": "cast_info",
                            "Alias": "ci",
                            "Startup Cost": 0.56,
                            "Total Cost": 1058.43,
                            "Plan Rows": 497,
                            "Plan Width": 4,
                            "Actual Startup Time": 0.236,
                            "Actual Total Time": 0.274,
                            "Actual Rows": 66,
                            "Actual Loops": 2,
                            "Index Cond": "(person_id = 1819957)",
                            "Rows Removed by Index Recheck": 0
                          },
                          {
                            "Node Type": "Index Scan",
                            "Parent Relationship": "Inner",
                            "Parallel Aware": false,
                            "Scan Direction": "Forward",
                            "Index Name": "title_pkey",
                            "Relation Name": "title",
                            "Alias": "t",
                            "Startup Cost": 0.43,
                            "Total Cost": 8.32,
                            "Plan Rows": 1,
                            "Plan Width": 4,
                            "Actual Startup Time": 0.033,
                            "Actual Total Time": 0.033,
                            "Actual Rows": 1,
                            "Actual Loops": 132,
                            "Index Cond": "(id = ci.movie_id)",
                            "Rows Removed by Index Recheck": 0,
                            "Filter": "(production_year < 2008)",
                            "Rows Removed by Filter": 0
                          }
                        ]
                      }
                    ]
                  }
                ]
              }
            ]
          }
        ]
      }
    ]
  },
  "Planning Time": 1.253,
  "Triggers": [],
  "Execution Time": 201.617
}