[
    {
        "Bao": {
            "Bao prediction": "NaN",
            "Bao recommended hint": "(no hint)"
        }
    },
    {
        "Plan": {
            "Node Type": "Aggregate",
            "Strategy": "Plain",
            "Partial Mode": "Finalize",
            "Parallel Aware": false,
            "Startup Cost": 353386.9,
            "Total Cost": 353386.91,
            "Plan Rows": 1,
            "Plan Width": 8,
            "Actual Startup Time": 769.594,
            "Actual Total Time": 792.107,
            "Actual Rows": 1,
            "Actual Loops": 1,
            "Output": [
                "count(*)"
            ],
            "Plans": [
                {
                    "Node Type": "Gather",
                    "Parent Relationship": "Outer",
                    "Parallel Aware": false,
                    "Startup Cost": 353386.28,
                    "Total Cost": 353386.89,
                    "Plan Rows": 6,
                    "Plan Width": 8,
                    "Actual Startup Time": 769.502,
                    "Actual Total Time": 792.098,
                    "Actual Rows": 7,
                    "Actual Loops": 1,
                    "Output": [
                        "(PARTIAL count(*))"
                    ],
                    "Workers Planned": 6,
                    "Workers Launched": 6,
                    "Single Copy": false,
                    "Plans": [
                        {
                            "Node Type": "Aggregate",
                            "Strategy": "Plain",
                            "Partial Mode": "Partial",
                            "Parent Relationship": "Outer",
                            "Parallel Aware": false,
                            "Startup Cost": 352386.28,
                            "Total Cost": 352386.29,
                            "Plan Rows": 1,
                            "Plan Width": 8,
                            "Actual Startup Time": 759.636,
                            "Actual Total Time": 759.637,
                            "Actual Rows": 1,
                            "Actual Loops": 7,
                            "Output": [
                                "PARTIAL count(*)"
                            ],
                            "Workers": [
                                {
                                    "Worker Number": 0,
                                    "Actual Startup Time": 757.402,
                                    "Actual Total Time": 757.403,
                                    "Actual Rows": 1,
                                    "Actual Loops": 1
                                },
                                {
                                    "Worker Number": 1,
                                    "Actual Startup Time": 757.731,
                                    "Actual Total Time": 757.732,
                                    "Actual Rows": 1,
                                    "Actual Loops": 1
                                },
                                {
                                    "Worker Number": 2,
                                    "Actual Startup Time": 757.793,
                                    "Actual Total Time": 757.794,
                                    "Actual Rows": 1,
                                    "Actual Loops": 1
                                },
                                {
                                    "Worker Number": 3,
                                    "Actual Startup Time": 758.273,
                                    "Actual Total Time": 758.276,
                                    "Actual Rows": 1,
                                    "Actual Loops": 1
                                },
                                {
                                    "Worker Number": 4,
                                    "Actual Startup Time": 758.229,
                                    "Actual Total Time": 758.23,
                                    "Actual Rows": 1,
                                    "Actual Loops": 1
                                },
                                {
                                    "Worker Number": 5,
                                    "Actual Startup Time": 759.003,
                                    "Actual Total Time": 759.004,
                                    "Actual Rows": 1,
                                    "Actual Loops": 1
                                }
                            ],
                            "Plans": [
                                {
                                    "Node Type": "Seq Scan",
                                    "Parent Relationship": "Outer",
                                    "Parallel Aware": true,
                                    "Relation Name": "cast_info",
                                    "Schema": "public",
                                    "Alias": "ci",
                                    "Startup Cost": 0.0,
                                    "Total Cost": 343318.94,
                                    "Plan Rows": 3626935,
                                    "Plan Width": 0,
                                    "Actual Startup Time": 201.838,
                                    "Actual Total Time": 626.346,
                                    "Actual Rows": 3258390,
                                    "Actual Loops": 7,
                                    "Output": [
                                        "id",
                                        "person_id",
                                        "movie_id",
                                        "person_role_id",
                                        "note",
                                        "nr_order",
                                        "role_id"
                                    ],
                                    "Filter": "((ci.person_id > 260869) AND (ci.role_id > 1))",
                                    "Rows Removed by Filter": 1919374,
                                    "Workers": [
                                        {
                                            "Worker Number": 0,
                                            "Actual Startup Time": 199.601,
                                            "Actual Total Time": 625.402,
                                            "Actual Rows": 3166867,
                                            "Actual Loops": 1
                                        },
                                        {
                                            "Worker Number": 1,
                                            "Actual Startup Time": 199.94,
                                            "Actual Total Time": 625.749,
                                            "Actual Rows": 3171853,
                                            "Actual Loops": 1
                                        },
                                        {
                                            "Worker Number": 2,
                                            "Actual Startup Time": 200.007,
                                            "Actual Total Time": 625.856,
                                            "Actual Rows": 3111372,
                                            "Actual Loops": 1
                                        },
                                        {
                                            "Worker Number": 3,
                                            "Actual Startup Time": 200.472,
                                            "Actual Total Time": 630.372,
                                            "Actual Rows": 3143335,
                                            "Actual Loops": 1
                                        },
                                        {
                                            "Worker Number": 4,
                                            "Actual Startup Time": 200.43,
                                            "Actual Total Time": 626.285,
                                            "Actual Rows": 3121572,
                                            "Actual Loops": 1
                                        },
                                        {
                                            "Worker Number": 5,
                                            "Actual Startup Time": 201.194,
                                            "Actual Total Time": 630.794,
                                            "Actual Rows": 3147919,
                                            "Actual Loops": 1
                                        }
                                    ]
                                }
                            ]
                        }
                    ]
                }
            ]
        },
        "Planning Time": 201.652,
        "Triggers": [],
        "Execution Time": 792.172
    }
]