[
  {
    "Plan": {
      "Node Type": "Aggregate",
      "Strategy": "Plain",
      "Partial Mode": "Finalize",
      "Parallel Aware": false,
      "Startup Cost": 121225.53,
      "Total Cost": 121225.54,
      "Plan Rows": 1,
      "Plan Width": 8,
      "Actual Startup Time": 207.16,
      "Actual Total Time": 218.134,
      "Actual Rows": 1,
      "Actual Loops": 1,
      "Plans": [
        {
          "Node Type": "Gather",
          "Parent Relationship": "Outer",
          "Parallel Aware": false,
          "Startup Cost": 121225.01,
          "Total Cost": 121225.52,
          "Plan Rows": 5,
          "Plan Width": 8,
          "Actual Startup Time": 207.032,
          "Actual Total Time": 218.126,
          "Actual Rows": 6,
          "Actual Loops": 1,
          "Workers Planned": 5,
          "Workers Launched": 5,
          "Single Copy": false,
          "Plans": [
            {
              "Node Type": "Aggregate",
              "Strategy": "Plain",
              "Partial Mode": "Partial",
              "Parent Relationship": "Outer",
              "Parallel Aware": false,
              "Startup Cost": 120225.01,
              "Total Cost": 120225.02,
              "Plan Rows": 1,
              "Plan Width": 8,
              "Actual Startup Time": 197.056,
              "Actual Total Time": 197.058,
              "Actual Rows": 1,
              "Actual Loops": 6,
              "Plans": [
                {
                  "Node Type": "Index Scan",
                  "Parent Relationship": "Outer",
                  "Parallel Aware": true,
                  "Scan Direction": "Forward",
                  "Index Name": "role_id_cast_info",
                  "Relation Name": "cast_info",
                  "Alias": "ci",
                  "Startup Cost": 0.56,
                  "Total Cost": 119623.46,
                  "Plan Rows": 240623,
                  "Plan Width": 0,
                  "Actual Startup Time": 0.247,
                  "Actual Total Time": 168.399,
                  "Actual Rows": 545255,
                  "Actual Loops": 6,
                  "Index Cond": "(role_id = 10)",
                  "Rows Removed by Index Recheck": 0,
                  "Filter": "(person_id > 2727800)",
                  "Rows Removed by Filter": 175248
                }
              ]
            }
          ]
        }
      ]
    },
    "Planning Time": 0.146,
    "Triggers": [],
    "Execution Time": 218.178
  }
]