[
  {
    "Plan": {
      "Node Type": "Aggregate",
      "Strategy": "Plain",
      "Partial Mode": "Finalize",
      "Parallel Aware": false,
      "Startup Cost": 63298.24,
      "Total Cost": 63298.25,
      "Plan Rows": 1,
      "Plan Width": 8,
      "Actual Startup Time": 332.318,
      "Actual Total Time": 380.194,
      "Actual Rows": 1,
      "Actual Loops": 1,
      "Plans": [
        {
          "Node Type": "Gather",
          "Parent Relationship": "Outer",
          "Parallel Aware": false,
          "Startup Cost": 63297.93,
          "Total Cost": 63298.24,
          "Plan Rows": 3,
          "Plan Width": 8,
          "Actual Startup Time": 332.298,
          "Actual Total Time": 380.185,
          "Actual Rows": 4,
          "Actual Loops": 1,
          "Workers Planned": 3,
          "Workers Launched": 3,
          "Single Copy": false,
          "Plans": [
            {
              "Node Type": "Aggregate",
              "Strategy": "Plain",
              "Partial Mode": "Partial",
              "Parent Relationship": "Outer",
              "Parallel Aware": false,
              "Startup Cost": 62297.93,
              "Total Cost": 62297.94,
              "Plan Rows": 1,
              "Plan Width": 8,
              "Actual Startup Time": 324.626,
              "Actual Total Time": 324.628,
              "Actual Rows": 1,
              "Actual Loops": 4,
              "Plans": [
                {
                  "Node Type": "Nested Loop",
                  "Parent Relationship": "Outer",
                  "Parallel Aware": false,
                  "Join Type": "Inner",
                  "Startup Cost": 322.72,
                  "Total Cost": 62122.93,
                  "Plan Rows": 70000,
                  "Plan Width": 0,
                  "Actual Startup Time": 1.063,
                  "Actual Total Time": 311.121,
                  "Actual Rows": 232452,
                  "Actual Loops": 4,
                  "Inner Unique": false,
                  "Plans": [
                    {
                      "Node Type": "Nested Loop",
                      "Parent Relationship": "Outer",
                      "Parallel Aware": false,
                      "Join Type": "Inner",
                      "Startup Cost": 322.16,
                      "Total Cost": 51709.3,
                      "Plan Rows": 4882,
                      "Plan Width": 8,
                      "Actual Startup Time": 0.873,
                      "Actual Total Time": 17.542,
                      "Actual Rows": 3420,
                      "Actual Loops": 4,
                      "Inner Unique": true,
                      "Plans": [
                        {
                          "Node Type": "Bitmap Heap Scan",
                          "Parent Relationship": "Outer",
                          "Parallel Aware": true,
                          "Relation Name": "movie_keyword",
                          "Alias": "mk",
                          "Startup Cost": 321.73,
                          "Total Cost": 22777.63,
                          "Plan Rows": 4882,
                          "Plan Width": 4,
                          "Actual Startup Time": 0.702,
                          "Actual Total Time": 5.449,
                          "Actual Rows": 3420,
                          "Actual Loops": 4,
                          "Recheck Cond": "(keyword_id > 122128)",
                          "Rows Removed by Index Recheck": 0,
                          "Exact Heap Blocks": 1702,
                          "Lossy Heap Blocks": 0,
                          "Plans": [
                            {
                              "Node Type": "Bitmap Index Scan",
                              "Parent Relationship": "Outer",
                              "Parallel Aware": false,
                              "Index Name": "keyword_id_movie_keyword",
                              "Startup Cost": 0.0,
                              "Total Cost": 317.94,
                              "Plan Rows": 15135,
                              "Plan Width": 0,
                              "Actual Startup Time": 1.731,
                              "Actual Total Time": 1.732,
                              "Actual Rows": 13678,
                              "Actual Loops": 1,
                              "Index Cond": "(keyword_id > 122128)"
                            }
                          ]
                        },
                        {
                          "Node Type": "Index Only Scan",
                          "Parent Relationship": "Inner",
                          "Parallel Aware": false,
                          "Scan Direction": "Forward",
                          "Index Name": "title_pkey",
                          "Relation Name": "title",
                          "Alias": "t",
                          "Startup Cost": 0.43,
                          "Total Cost": 5.93,
                          "Plan Rows": 1,
                          "Plan Width": 4,
                          "Actual Startup Time": 0.003,
                          "Actual Total Time": 0.003,
                          "Actual Rows": 1,
                          "Actual Loops": 13678,
                          "Index Cond": "(id = mk.movie_id)",
                          "Rows Removed by Index Recheck": 0,
                          "Heap Fetches": 13678
                        }
                      ]
                    },
                    {
                      "Node Type": "Index Only Scan",
                      "Parent Relationship": "Inner",
                      "Parallel Aware": false,
                      "Scan Direction": "Forward",
                      "Index Name": "movie_id_cast_info",
                      "Relation Name": "cast_info",
                      "Alias": "ci",
                      "Startup Cost": 0.56,
                      "Total Cost": 1.78,
                      "Plan Rows": 35,
                      "Plan Width": 4,
                      "Actual Startup Time": 0.007,
                      "Actual Total Time": 0.08,
                      "Actual Rows": 68,
                      "Actual Loops": 13678,
                      "Index Cond": "(movie_id = t.id)",
                      "Rows Removed by Index Recheck": 0,
                      "Heap Fetches": 929808
                    }
                  ]
                }
              ]
            }
          ]
        }
      ]
    },
    "Planning Time": 0.676,
    "Triggers": [],
    "Execution Time": 380.262
  }
]