[
  {
    "Plan": {
      "Node Type": "Aggregate",
      "Strategy": "Plain",
      "Partial Mode": "Finalize",
      "Parallel Aware": false,
      "Startup Cost": 55431.83,
      "Total Cost": 55431.84,
      "Plan Rows": 1,
      "Plan Width": 8,
      "Actual Startup Time": 104.566,
      "Actual Total Time": 118.331,
      "Actual Rows": 1,
      "Actual Loops": 1,
      "Plans": [
        {
          "Node Type": "Gather",
          "Parent Relationship": "Outer",
          "Parallel Aware": false,
          "Startup Cost": 55431.41,
          "Total Cost": 55431.82,
          "Plan Rows": 4,
          "Plan Width": 8,
          "Actual Startup Time": 104.461,
          "Actual Total Time": 118.324,
          "Actual Rows": 5,
          "Actual Loops": 1,
          "Workers Planned": 4,
          "Workers Launched": 4,
          "Single Copy": false,
          "Plans": [
            {
              "Node Type": "Aggregate",
              "Strategy": "Plain",
              "Partial Mode": "Partial",
              "Parent Relationship": "Outer",
              "Parallel Aware": false,
              "Startup Cost": 54431.41,
              "Total Cost": 54431.42,
              "Plan Rows": 1,
              "Plan Width": 8,
              "Actual Startup Time": 94.726,
              "Actual Total Time": 94.728,
              "Actual Rows": 1,
              "Actual Loops": 5,
              "Plans": [
                {
                  "Node Type": "Nested Loop",
                  "Parent Relationship": "Outer",
                  "Parallel Aware": false,
                  "Join Type": "Inner",
                  "Startup Cost": 0.43,
                  "Total Cost": 54430.75,
                  "Plan Rows": 265,
                  "Plan Width": 0,
                  "Actual Startup Time": 3.652,
                  "Actual Total Time": 94.633,
                  "Actual Rows": 560,
                  "Actual Loops": 5,
                  "Inner Unique": false,
                  "Plans": [
                    {
                      "Node Type": "Seq Scan",
                      "Parent Relationship": "Outer",
                      "Parallel Aware": true,
                      "Relation Name": "title",
                      "Alias": "t",
                      "Startup Cost": 0.0,
                      "Total Cost": 45479.1,
                      "Plan Rows": 1454,
                      "Plan Width": 4,
                      "Actual Startup Time": 0.585,
                      "Actual Total Time": 83.179,
                      "Actual Rows": 1375,
                      "Actual Loops": 5,
                      "Filter": "((kind_id < 7) AND (production_year = 1982))",
                      "Rows Removed by Filter": 504287
                    },
                    {
                      "Node Type": "Index Scan",
                      "Parent Relationship": "Inner",
                      "Parallel Aware": false,
                      "Scan Direction": "Forward",
                      "Index Name": "movie_id_movie_info_idx",
                      "Relation Name": "movie_info_idx",
                      "Alias": "mi_idx",
                      "Startup Cost": 0.43,
                      "Total Cost": 6.15,
                      "Plan Rows": 1,
                      "Plan Width": 4,
                      "Actual Startup Time": 0.008,
                      "Actual Total Time": 0.008,
                      "Actual Rows": 0,
                      "Actual Loops": 6875,
                      "Index Cond": "(movie_id = t.id)",
                      "Rows Removed by Index Recheck": 0,
                      "Filter": "(info_type_id = 101)",
                      "Rows Removed by Filter": 1
                    }
                  ]
                }
              ]
            }
          ]
        }
      ]
    },
    "Planning Time": 0.596,
    "Triggers": [],
    "Execution Time": 118.399
  }
]