[
  {
    "Plan": {
      "Node Type": "Aggregate",
      "Strategy": "Plain",
      "Partial Mode": "Finalize",
      "Parallel Aware": false,
      "Startup Cost": 46520.2,
      "Total Cost": 46520.21,
      "Plan Rows": 1,
      "Plan Width": 8,
      "Actual Startup Time": 161.419,
      "Actual Total Time": 169.31,
      "Actual Rows": 1,
      "Actual Loops": 1,
      "Plans": [
        {
          "Node Type": "Gather",
          "Parent Relationship": "Outer",
          "Parallel Aware": false,
          "Startup Cost": 46519.88,
          "Total Cost": 46520.19,
          "Plan Rows": 3,
          "Plan Width": 8,
          "Actual Startup Time": 161.291,
          "Actual Total Time": 169.3,
          "Actual Rows": 4,
          "Actual Loops": 1,
          "Workers Planned": 3,
          "Workers Launched": 3,
          "Single Copy": false,
          "Plans": [
            {
              "Node Type": "Aggregate",
              "Strategy": "Plain",
              "Partial Mode": "Partial",
              "Parent Relationship": "Outer",
              "Parallel Aware": false,
              "Startup Cost": 45519.88,
              "Total Cost": 45519.89,
              "Plan Rows": 1,
              "Plan Width": 8,
              "Actual Startup Time": 157.62,
              "Actual Total Time": 157.621,
              "Actual Rows": 1,
              "Actual Loops": 4,
              "Plans": [
                {
                  "Node Type": "Seq Scan",
                  "Parent Relationship": "Outer",
                  "Parallel Aware": true,
                  "Relation Name": "movie_keyword",
                  "Alias": "mk",
                  "Startup Cost": 0.0,
                  "Total Cost": 42695.65,
                  "Plan Rows": 1129692,
                  "Plan Width": 0,
                  "Actual Startup Time": 0.025,
                  "Actual Total Time": 118.465,
                  "Actual Rows": 875870,
                  "Actual Loops": 4,
                  "Filter": "(keyword_id < 17638)",
                  "Rows Removed by Filter": 255113
                }
              ]
            }
          ]
        }
      ]
    },
    "Planning Time": 0.094,
    "Triggers": [],
    "Execution Time": 169.341
  }
]