[
  {
    "Plan": {
      "Node Type": "Aggregate",
      "Strategy": "Plain",
      "Partial Mode": "Finalize",
      "Parallel Aware": false,
      "Startup Cost": 455248.31,
      "Total Cost": 455248.32,
      "Plan Rows": 1,
      "Plan Width": 8,
      "Actual Startup Time": 3664.247,
      "Actual Total Time": 3723.923,
      "Actual Rows": 1,
      "Actual Loops": 1,
      "Plans": [
        {
          "Node Type": "Gather",
          "Parent Relationship": "Outer",
          "Parallel Aware": false,
          "Startup Cost": 455247.69,
          "Total Cost": 455248.3,
          "Plan Rows": 6,
          "Plan Width": 8,
          "Actual Startup Time": 3648.46,
          "Actual Total Time": 3723.909,
          "Actual Rows": 7,
          "Actual Loops": 1,
          "Workers Planned": 6,
          "Workers Launched": 6,
          "Single Copy": false,
          "Plans": [
            {
              "Node Type": "Aggregate",
              "Strategy": "Plain",
              "Partial Mode": "Partial",
              "Parent Relationship": "Outer",
              "Parallel Aware": false,
              "Startup Cost": 454247.69,
              "Total Cost": 454247.7,
              "Plan Rows": 1,
              "Plan Width": 8,
              "Actual Startup Time": 3638.631,
              "Actual Total Time": 3639.164,
              "Actual Rows": 1,
              "Actual Loops": 7,
              "Plans": [
                {
                  "Node Type": "Hash Join",
                  "Parent Relationship": "Outer",
                  "Parallel Aware": true,
                  "Join Type": "Inner",
                  "Startup Cost": 100468.15,
                  "Total Cost": 446381.67,
                  "Plan Rows": 3146405,
                  "Plan Width": 0,
                  "Actual Startup Time": 487.716,
                  "Actual Total Time": 3176.977,
                  "Actual Rows": 9165674,
                  "Actual Loops": 7,
                  "Inner Unique": false,
                  "Hash Cond": "(ci.movie_id = t.id)",
                  "Plans": [
                    {
                      "Node Type": "Seq Scan",
                      "Parent Relationship": "Outer",
                      "Parallel Aware": true,
                      "Relation Name": "cast_info",
                      "Alias": "ci",
                      "Startup Cost": 0.0,
                      "Total Cost": 313106.51,
                      "Plan Rows": 6041951,
                      "Plan Width": 4,
                      "Actual Startup Time": 0.038,
                      "Actual Total Time": 590.032,
                      "Actual Rows": 5177763,
                      "Actual Loops": 7
                    },
                    {
                      "Node Type": "Hash",
                      "Parent Relationship": "Inner",
                      "Parallel Aware": true,
                      "Startup Cost": 95158.88,
                      "Total Cost": 95158.88,
                      "Plan Rows": 424742,
                      "Plan Width": 8,
                      "Actual Startup Time": 484.486,
                      "Actual Total Time": 485.018,
                      "Actual Rows": 196803,
                      "Actual Loops": 7,
                      "Hash Buckets": 2097152,
                      "Original Hash Buckets": 2097152,
                      "Hash Batches": 1,
                      "Original Hash Batches": 1,
                      "Peak Memory Usage": 70368,
                      "Plans": [
                        {
                          "Node Type": "Hash Join",
                          "Parent Relationship": "Outer",
                          "Parallel Aware": true,
                          "Join Type": "Inner",
                          "Startup Cost": 51267.62,
                          "Total Cost": 95158.88,
                          "Plan Rows": 424742,
                          "Plan Width": 8,
                          "Actual Startup Time": 278.196,
                          "Actual Total Time": 414.476,
                          "Actual Rows": 196803,
                          "Actual Loops": 7,
                          "Inner Unique": true,
                          "Hash Cond": "(mk.movie_id = t.id)",
                          "Plans": [
                            {
                              "Node Type": "Seq Scan",
                              "Parent Relationship": "Outer",
                              "Parallel Aware": true,
                              "Relation Name": "movie_keyword",
                              "Alias": "mk",
                              "Startup Cost": 0.0,
                              "Total Cost": 42695.65,
                              "Plan Rows": 455468,
                              "Plan Width": 4,
                              "Actual Startup Time": 0.038,
                              "Actual Total Time": 75.006,
                              "Actual Rows": 201981,
                              "Actual Loops": 7,
                              "Filter": "(keyword_id < 1939)",
                              "Rows Removed by Filter": 444295
                            },
                            {
                              "Node Type": "Hash",
                              "Parent Relationship": "Inner",
                              "Parallel Aware": true,
                              "Startup Cost": 43899.32,
                              "Total Cost": 43899.32,
                              "Plan Rows": 589464,
                              "Plan Width": 4,
                              "Actual Startup Time": 274.265,
                              "Actual Total Time": 274.266,
                              "Actual Rows": 336034,
                              "Actual Loops": 7,
                              "Hash Buckets": 4194304,
                              "Original Hash Buckets": 4194304,
                              "Hash Batches": 1,
                              "Original Hash Batches": 1,
                              "Peak Memory Usage": 124896,
                              "Plans": [
                                {
                                  "Node Type": "Seq Scan",
                                  "Parent Relationship": "Outer",
                                  "Parallel Aware": true,
                                  "Relation Name": "title",
                                  "Alias": "t",
                                  "Startup Cost": 0.0,
                                  "Total Cost": 43899.32,
                                  "Plan Rows": 589464,
                                  "Plan Width": 4,
                                  "Actual Startup Time": 0.055,
                                  "Actual Total Time": 91.934,
                                  "Actual Rows": 336034,
                                  "Actual Loops": 7,
                                  "Filter": "(production_year > 1925)",
                                  "Rows Removed by Filter": 25153
                                }
                              ]
                            }
                          ]
                        }
                      ]
                    }
                  ]
                }
              ]
            }
          ]
        }
      ]
    },
    "Planning Time": 0.473,
    "Triggers": [],
    "Execution Time": 3723.981
  }
]