{
  "Plan": {
    "Node Type": "Aggregate",
    "Strategy": "Plain",
    "Partial Mode": "Finalize",
    "Parallel Aware": false,
    "Startup Cost": 79355.25,
    "Total Cost": 79355.26,
    "Plan Rows": 1,
    "Plan Width": 8,
    "Actual Startup Time": 189.148,
    "Actual Total Time": 200.683,
    "Actual Rows": 1,
    "Actual Loops": 1,
    "Plans": [
      {
        "Node Type": "Gather",
        "Parent Relationship": "Outer",
        "Parallel Aware": false,
        "Startup Cost": 79355.14,
        "Total Cost": 79355.25,
        "Plan Rows": 1,
        "Plan Width": 8,
        "Actual Startup Time": 188.95,
        "Actual Total Time": 200.676,
        "Actual Rows": 2,
        "Actual Loops": 1,
        "Workers Planned": 1,
        "Workers Launched": 1,
        "Single Copy": false,
        "Plans": [
          {
            "Node Type": "Aggregate",
            "Strategy": "Plain",
            "Partial Mode": "Partial",
            "Parent Relationship": "Outer",
            "Parallel Aware": false,
            "Startup Cost": 78355.14,
            "Total Cost": 78355.15,
            "Plan Rows": 1,
            "Plan Width": 8,
            "Actual Startup Time": 184.068,
            "Actual Total Time": 184.072,
            "Actual Rows": 1,
            "Actual Loops": 2,
            "Plans": [
              {
                "Node Type": "Nested Loop",
                "Parent Relationship": "Outer",
                "Parallel Aware": false,
                "Join Type": "Inner",
                "Startup Cost": 57794.6,
                "Total Cost": 78354.72,
                "Plan Rows": 169,
                "Plan Width": 0,
                "Actual Startup Time": 154.599,
                "Actual Total Time": 184.008,
                "Actual Rows": 794,
                "Actual Loops": 2,
                "Inner Unique": false,
                "Join Filter": "(t.id = mi_idx.movie_id)",
                "Rows Removed by Join Filter": 0,
                "Plans": [
                  {
                    "Node Type": "Hash Join",
                    "Parent Relationship": "Outer",
                    "Parallel Aware": true,
                    "Join Type": "Inner",
                    "Startup Cost": 57794.17,
                    "Total Cost": 77952.53,
                    "Plan Rows": 309,
                    "Plan Width": 8,
                    "Actual Startup Time": 154.479,
                    "Actual Total Time": 179.241,
                    "Actual Rows": 417,
                    "Actual Loops": 2,
                    "Inner Unique": true,
                    "Hash Cond": "(mc.movie_id = t.id)",
                    "Plans": [
                      {
                        "Node Type": "Bitmap Heap Scan",
                        "Parent Relationship": "Outer",
                        "Parallel Aware": true,
                        "Relation Name": "movie_companies",
                        "Alias": "mc",
                        "Startup Cost": 3070.7,
                        "Total Cost": 23117.39,
                        "Plan Rows": 42538,
                        "Plan Width": 4,
                        "Actual Startup Time": 7.741,
                        "Actual Total Time": 25.072,
                        "Actual Rows": 69610,
                        "Actual Loops": 2,
                        "Recheck Cond": "(company_id > 136745)",
                        "Rows Removed by Index Recheck": 0,
                        "Filter": "(company_type_id > 1)",
                        "Rows Removed by Filter": 0,
                        "Exact Heap Blocks": 2091,
                        "Lossy Heap Blocks": 0,
                        "Plans": [
                          {
                            "Node Type": "Bitmap Index Scan",
                            "Parent Relationship": "Outer",
                            "Parallel Aware": false,
                            "Index Name": "company_id_movie_companies",
                            "Startup Cost": 0.0,
                            "Total Cost": 3052.62,
                            "Plan Rows": 142425,
                            "Plan Width": 0,
                            "Actual Startup Time": 7.164,
                            "Actual Total Time": 7.165,
                            "Actual Rows": 139219,
                            "Actual Loops": 1,
                            "Index Cond": "(company_id > 136745)"
                          }
                        ]
                      },
                      {
                        "Node Type": "Hash",
                        "Parent Relationship": "Inner",
                        "Parallel Aware": true,
                        "Startup Cost": 54588.39,
                        "Total Cost": 54588.39,
                        "Plan Rows": 10807,
                        "Plan Width": 4,
                        "Actual Startup Time": 145.564,
                        "Actual Total Time": 145.565,
                        "Actual Rows": 7744,
                        "Actual Loops": 2,
                        "Hash Buckets": 32768,
                        "Original Hash Buckets": 32768,
                        "Hash Batches": 1,
                        "Original Hash Batches": 1,
                        "Peak Memory Usage": 896,
                        "Plans": [
                          {
                            "Node Type": "Seq Scan",
                            "Parent Relationship": "Outer",
                            "Parallel Aware": true,
                            "Relation Name": "title",
                            "Alias": "t",
                            "Startup Cost": 0.0,
                            "Total Cost": 54588.39,
                            "Plan Rows": 10807,
                            "Plan Width": 4,
                            "Actual Startup Time": 0.201,
                            "Actual Total Time": 142.099,
                            "Actual Rows": 7744,
                            "Actual Loops": 2,
                            "Filter": "(production_year = 1983)",
                            "Rows Removed by Filter": 1256412
                          }
                        ]
                      }
                    ]
                  },
                  {
                    "Node Type": "Index Only Scan",
                    "Parent Relationship": "Inner",
                    "Parallel Aware": false,
                    "Scan Direction": "Forward",
                    "Index Name": "movie_id_movie_info_idx",
                    "Relation Name": "movie_info_idx",
                    "Alias": "mi_idx",
                    "Startup Cost": 0.43,
                    "Total Cost": 1.26,
                    "Plan Rows": 3,
                    "Plan Width": 4,
                    "Actual Startup Time": 0.01,
                    "Actual Total Time": 0.011,
                    "Actual Rows": 2,
                    "Actual Loops": 834,
                    "Index Cond": "(movie_id = mc.movie_id)",
                    "Rows Removed by Index Recheck": 0,
                    "Heap Fetches": 1587
                  }
                ]
              }
            ]
          }
        ]
      }
    ]
  },
  "Planning Time": 0.946,
  "Triggers": [],
  "Execution Time": 200.792
}