[
    {
        "Bao": {
            "Bao prediction": "NaN",
            "Bao recommended hint": "(no hint)"
        }
    },
    {
        "Plan": {
            "Node Type": "Aggregate",
            "Strategy": "Plain",
            "Partial Mode": "Finalize",
            "Parallel Aware": false,
            "Startup Cost": 264337.18,
            "Total Cost": 264337.19,
            "Plan Rows": 1,
            "Plan Width": 8,
            "Actual Startup Time": 965.488,
            "Actual Total Time": 1016.985,
            "Actual Rows": 1,
            "Actual Loops": 1,
            "Output": [
                "count(*)"
            ],
            "Plans": [
                {
                    "Node Type": "Gather",
                    "Parent Relationship": "Outer",
                    "Parallel Aware": false,
                    "Startup Cost": 264336.55,
                    "Total Cost": 264337.16,
                    "Plan Rows": 6,
                    "Plan Width": 8,
                    "Actual Startup Time": 964.773,
                    "Actual Total Time": 1016.971,
                    "Actual Rows": 7,
                    "Actual Loops": 1,
                    "Output": [
                        "(PARTIAL count(*))"
                    ],
                    "Workers Planned": 6,
                    "Workers Launched": 6,
                    "Single Copy": false,
                    "Plans": [
                        {
                            "Node Type": "Aggregate",
                            "Strategy": "Plain",
                            "Partial Mode": "Partial",
                            "Parent Relationship": "Outer",
                            "Parallel Aware": false,
                            "Startup Cost": 263336.55,
                            "Total Cost": 263336.56,
                            "Plan Rows": 1,
                            "Plan Width": 8,
                            "Actual Startup Time": 951.646,
                            "Actual Total Time": 951.651,
                            "Actual Rows": 1,
                            "Actual Loops": 7,
                            "Output": [
                                "PARTIAL count(*)"
                            ],
                            "Workers": [
                                {
                                    "Worker Number": 0,
                                    "Actual Startup Time": 947.279,
                                    "Actual Total Time": 947.284,
                                    "Actual Rows": 1,
                                    "Actual Loops": 1
                                },
                                {
                                    "Worker Number": 1,
                                    "Actual Startup Time": 950.24,
                                    "Actual Total Time": 950.245,
                                    "Actual Rows": 1,
                                    "Actual Loops": 1
                                },
                                {
                                    "Worker Number": 2,
                                    "Actual Startup Time": 947.492,
                                    "Actual Total Time": 947.497,
                                    "Actual Rows": 1,
                                    "Actual Loops": 1
                                },
                                {
                                    "Worker Number": 3,
                                    "Actual Startup Time": 950.437,
                                    "Actual Total Time": 950.442,
                                    "Actual Rows": 1,
                                    "Actual Loops": 1
                                },
                                {
                                    "Worker Number": 4,
                                    "Actual Startup Time": 950.772,
                                    "Actual Total Time": 950.777,
                                    "Actual Rows": 1,
                                    "Actual Loops": 1
                                },
                                {
                                    "Worker Number": 5,
                                    "Actual Startup Time": 951.602,
                                    "Actual Total Time": 951.606,
                                    "Actual Rows": 1,
                                    "Actual Loops": 1
                                }
                            ],
                            "Plans": [
                                {
                                    "Node Type": "Nested Loop",
                                    "Parent Relationship": "Outer",
                                    "Parallel Aware": false,
                                    "Join Type": "Inner",
                                    "Startup Cost": 45597.7,
                                    "Total Cost": 263216.47,
                                    "Plan Rows": 48032,
                                    "Plan Width": 0,
                                    "Actual Startup Time": 211.936,
                                    "Actual Total Time": 935.843,
                                    "Actual Rows": 205288,
                                    "Actual Loops": 7,
                                    "Inner Unique": false,
                                    "Join Filter": "(t.id = mi.movie_id)",
                                    "Rows Removed by Join Filter": 0,
                                    "Workers": [
                                        {
                                            "Worker Number": 0,
                                            "Actual Startup Time": 207.524,
                                            "Actual Total Time": 931.322,
                                            "Actual Rows": 202434,
                                            "Actual Loops": 1
                                        },
                                        {
                                            "Worker Number": 1,
                                            "Actual Startup Time": 210.887,
                                            "Actual Total Time": 934.825,
                                            "Actual Rows": 194313,
                                            "Actual Loops": 1
                                        },
                                        {
                                            "Worker Number": 2,
                                            "Actual Startup Time": 207.567,
                                            "Actual Total Time": 932.181,
                                            "Actual Rows": 193252,
                                            "Actual Loops": 1
                                        },
                                        {
                                            "Worker Number": 3,
                                            "Actual Startup Time": 210.652,
                                            "Actual Total Time": 934.493,
                                            "Actual Rows": 201134,
                                            "Actual Loops": 1
                                        },
                                        {
                                            "Worker Number": 4,
                                            "Actual Startup Time": 210.652,
                                            "Actual Total Time": 935.234,
                                            "Actual Rows": 196913,
                                            "Actual Loops": 1
                                        },
                                        {
                                            "Worker Number": 5,
                                            "Actual Startup Time": 211.815,
                                            "Actual Total Time": 935.691,
                                            "Actual Rows": 196163,
                                            "Actual Loops": 1
                                        }
                                    ],
                                    "Plans": [
                                        {
                                            "Node Type": "Hash Join",
                                            "Parent Relationship": "Outer",
                                            "Parallel Aware": true,
                                            "Join Type": "Inner",
                                            "Startup Cost": 45597.26,
                                            "Total Cost": 247864.25,
                                            "Plan Rows": 8230,
                                            "Plan Width": 8,
                                            "Actual Startup Time": 211.791,
                                            "Actual Total Time": 584.177,
                                            "Actual Rows": 8449,
                                            "Actual Loops": 7,
                                            "Output": [
                                                "t.id",
                                                "ci.movie_id"
                                            ],
                                            "Inner Unique": true,
                                            "Hash Cond": "(ci.movie_id = t.id)",
                                            "Workers": [
                                                {
                                                    "Worker Number": 0,
                                                    "Actual Startup Time": 207.38,
                                                    "Actual Total Time": 577.324,
                                                    "Actual Rows": 8187,
                                                    "Actual Loops": 1
                                                },
                                                {
                                                    "Worker Number": 1,
                                                    "Actual Startup Time": 210.735,
                                                    "Actual Total Time": 577.204,
                                                    "Actual Rows": 8315,
                                                    "Actual Loops": 1
                                                },
                                                {
                                                    "Worker Number": 2,
                                                    "Actual Startup Time": 207.421,
                                                    "Actual Total Time": 578.263,
                                                    "Actual Rows": 7991,
                                                    "Actual Loops": 1
                                                },
                                                {
                                                    "Worker Number": 3,
                                                    "Actual Startup Time": 210.48,
                                                    "Actual Total Time": 563.435,
                                                    "Actual Rows": 8053,
                                                    "Actual Loops": 1
                                                },
                                                {
                                                    "Worker Number": 4,
                                                    "Actual Startup Time": 210.472,
                                                    "Actual Total Time": 570.645,
                                                    "Actual Rows": 7855,
                                                    "Actual Loops": 1
                                                },
                                                {
                                                    "Worker Number": 5,
                                                    "Actual Startup Time": 211.652,
                                                    "Actual Total Time": 579.938,
                                                    "Actual Rows": 8159,
                                                    "Actual Loops": 1
                                                }
                                            ],
                                            "Plans": [
                                                {
                                                    "Node Type": "Index Scan",
                                                    "Parent Relationship": "Outer",
                                                    "Parallel Aware": true,
                                                    "Scan Direction": "Forward",
                                                    "Index Name": "role_id_cast_info",
                                                    "Relation Name": "cast_info",
                                                    "Schema": "public",
                                                    "Alias": "ci",
                                                    "Startup Cost": 0.56,
                                                    "Total Cost": 200814.65,
                                                    "Plan Rows": 553487,
                                                    "Plan Width": 4,
                                                    "Actual Startup Time": 102.896,
                                                    "Actual Total Time": 326.205,
                                                    "Actual Rows": 751651,
                                                    "Actual Loops": 7,
                                                    "Output": [
                                                        "ci.id",
                                                        "ci.person_id",
                                                        "ci.movie_id",
                                                        "ci.person_role_id",
                                                        "ci.note",
                                                        "ci.nr_order",
                                                        "ci.role_id"
                                                    ],
                                                    "Index Cond": "(ci.role_id = 2)",
                                                    "Rows Removed by Index Recheck": 0,
                                                    "Filter": "(ci.person_id > 2016065)",
                                                    "Rows Removed by Filter": 312916,
                                                    "Workers": [
                                                        {
                                                            "Worker Number": 0,
                                                            "Actual Startup Time": 102.941,
                                                            "Actual Total Time": 325.831,
                                                            "Actual Rows": 743123,
                                                            "Actual Loops": 1
                                                        },
                                                        {
                                                            "Worker Number": 1,
                                                            "Actual Startup Time": 102.915,
                                                            "Actual Total Time": 322.705,
                                                            "Actual Rows": 728015,
                                                            "Actual Loops": 1
                                                        },
                                                        {
                                                            "Worker Number": 2,
                                                            "Actual Startup Time": 102.991,
                                                            "Actual Total Time": 322.837,
                                                            "Actual Rows": 729199,
                                                            "Actual Loops": 1
                                                        },
                                                        {
                                                            "Worker Number": 3,
                                                            "Actual Startup Time": 102.797,
                                                            "Actual Total Time": 317.261,
                                                            "Actual Rows": 690600,
                                                            "Actual Loops": 1
                                                        },
                                                        {
                                                            "Worker Number": 4,
                                                            "Actual Startup Time": 102.742,
                                                            "Actual Total Time": 320.89,
                                                            "Actual Rows": 704528,
                                                            "Actual Loops": 1
                                                        },
                                                        {
                                                            "Worker Number": 5,
                                                            "Actual Startup Time": 103.004,
                                                            "Actual Total Time": 324.76,
                                                            "Actual Rows": 724601,
                                                            "Actual Loops": 1
                                                        }
                                                    ]
                                                },
                                                {
                                                    "Node Type": "Hash",
                                                    "Parent Relationship": "Inner",
                                                    "Parallel Aware": true,
                                                    "Startup Cost": 45479.21,
                                                    "Total Cost": 45479.21,
                                                    "Plan Rows": 9399,
                                                    "Plan Width": 4,
                                                    "Actual Startup Time": 107.83,
                                                    "Actual Total Time": 107.831,
                                                    "Actual Rows": 4741,
                                                    "Actual Loops": 7,
                                                    "Output": [
                                                        "t.id"
                                                    ],
                                                    "Hash Buckets": 65536,
                                                    "Original Hash Buckets": 65536,
                                                    "Hash Batches": 1,
                                                    "Original Hash Batches": 1,
                                                    "Peak Memory Usage": 1888,
                                                    "Workers": [
                                                        {
                                                            "Worker Number": 0,
                                                            "Actual Startup Time": 103.694,
                                                            "Actual Total Time": 103.696,
                                                            "Actual Rows": 3167,
                                                            "Actual Loops": 1
                                                        },
                                                        {
                                                            "Worker Number": 1,
                                                            "Actual Startup Time": 106.702,
                                                            "Actual Total Time": 106.703,
                                                            "Actual Rows": 4789,
                                                            "Actual Loops": 1
                                                        },
                                                        {
                                                            "Worker Number": 2,
                                                            "Actual Startup Time": 103.728,
                                                            "Actual Total Time": 103.73,
                                                            "Actual Rows": 3197,
                                                            "Actual Loops": 1
                                                        },
                                                        {
                                                            "Worker Number": 3,
                                                            "Actual Startup Time": 106.87,
                                                            "Actual Total Time": 106.872,
                                                            "Actual Rows": 4334,
                                                            "Actual Loops": 1
                                                        },
                                                        {
                                                            "Worker Number": 4,
                                                            "Actual Startup Time": 106.867,
                                                            "Actual Total Time": 106.868,
                                                            "Actual Rows": 4383,
                                                            "Actual Loops": 1
                                                        },
                                                        {
                                                            "Worker Number": 5,
                                                            "Actual Startup Time": 108.107,
                                                            "Actual Total Time": 108.108,
                                                            "Actual Rows": 4789,
                                                            "Actual Loops": 1
                                                        }
                                                    ],
                                                    "Plans": [
                                                        {
                                                            "Node Type": "Seq Scan",
                                                            "Parent Relationship": "Outer",
                                                            "Parallel Aware": true,
                                                            "Relation Name": "title",
                                                            "Schema": "public",
                                                            "Alias": "t",
                                                            "Startup Cost": 0.0,
                                                            "Total Cost": 45479.21,
                                                            "Plan Rows": 9399,
                                                            "Plan Width": 4,
                                                            "Actual Startup Time": 65.104,
                                                            "Actual Total Time": 104.487,
                                                            "Actual Rows": 4741,
                                                            "Actual Loops": 7,
                                                            "Output": [
                                                                "t.id"
                                                            ],
                                                            "Filter": "((t.kind_id = 1) AND (t.production_year = 2010))",
                                                            "Rows Removed by Filter": 356446,
                                                            "Workers": [
                                                                {
                                                                    "Worker Number": 0,
                                                                    "Actual Startup Time": 63.412,
                                                                    "Actual Total Time": 100.633,
                                                                    "Actual Rows": 3167,
                                                                    "Actual Loops": 1
                                                                },
                                                                {
                                                                    "Worker Number": 1,
                                                                    "Actual Startup Time": 61.659,
                                                                    "Actual Total Time": 103.658,
                                                                    "Actual Rows": 4789,
                                                                    "Actual Loops": 1
                                                                },
                                                                {
                                                                    "Worker Number": 2,
                                                                    "Actual Startup Time": 57.507,
                                                                    "Actual Total Time": 100.247,
                                                                    "Actual Rows": 3197,
                                                                    "Actual Loops": 1
                                                                },
                                                                {
                                                                    "Worker Number": 3,
                                                                    "Actual Startup Time": 66.539,
                                                                    "Actual Total Time": 103.646,
                                                                    "Actual Rows": 4334,
                                                                    "Actual Loops": 1
                                                                },
                                                                {
                                                                    "Worker Number": 4,
                                                                    "Actual Startup Time": 66.601,
                                                                    "Actual Total Time": 103.418,
                                                                    "Actual Rows": 4383,
                                                                    "Actual Loops": 1
                                                                },
                                                                {
                                                                    "Worker Number": 5,
                                                                    "Actual Startup Time": 61.437,
                                                                    "Actual Total Time": 104.97,
                                                                    "Actual Rows": 4789,
                                                                    "Actual Loops": 1
                                                                }
                                                            ]
                                                        }
                                                    ]
                                                }
                                            ]
                                        },
                                        {
                                            "Node Type": "Index Only Scan",
                                            "Parent Relationship": "Inner",
                                            "Parallel Aware": false,
                                            "Scan Direction": "Forward",
                                            "Index Name": "movie_id_movie_info",
                                            "Relation Name": "movie_info",
                                            "Schema": "public",
                                            "Alias": "mi",
                                            "Startup Cost": 0.43,
                                            "Total Cost": 1.38,
                                            "Plan Rows": 39,
                                            "Plan Width": 4,
                                            "Actual Startup Time": 0.015,
                                            "Actual Total Time": 0.038,
                                            "Actual Rows": 24,
                                            "Actual Loops": 59143,
                                            "Output": [
                                                "mi.movie_id"
                                            ],
                                            "Index Cond": "(mi.movie_id = ci.movie_id)",
                                            "Rows Removed by Index Recheck": 0,
                                            "Heap Fetches": 1437014,
                                            "Workers": [
                                                {
                                                    "Worker Number": 0,
                                                    "Actual Startup Time": 0.015,
                                                    "Actual Total Time": 0.039,
                                                    "Actual Rows": 25,
                                                    "Actual Loops": 8187
                                                },
                                                {
                                                    "Worker Number": 1,
                                                    "Actual Startup Time": 0.016,
                                                    "Actual Total Time": 0.039,
                                                    "Actual Rows": 23,
                                                    "Actual Loops": 8315
                                                },
                                                {
                                                    "Worker Number": 2,
                                                    "Actual Startup Time": 0.016,
                                                    "Actual Total Time": 0.04,
                                                    "Actual Rows": 24,
                                                    "Actual Loops": 7991
                                                },
                                                {
                                                    "Worker Number": 3,
                                                    "Actual Startup Time": 0.016,
                                                    "Actual Total Time": 0.042,
                                                    "Actual Rows": 25,
                                                    "Actual Loops": 8053
                                                },
                                                {
                                                    "Worker Number": 4,
                                                    "Actual Startup Time": 0.016,
                                                    "Actual Total Time": 0.042,
                                                    "Actual Rows": 25,
                                                    "Actual Loops": 7855
                                                },
                                                {
                                                    "Worker Number": 5,
                                                    "Actual Startup Time": 0.016,
                                                    "Actual Total Time": 0.04,
                                                    "Actual Rows": 24,
                                                    "Actual Loops": 8159
                                                }
                                            ]
                                        }
                                    ]
                                }
                            ]
                        }
                    ]
                }
            ]
        },
        "Planning Time": 294.521,
        "Triggers": [],
        "Execution Time": 1017.173
    }
]