[
  {
    "Plan": {
      "Node Type": "Aggregate",
      "Strategy": "Plain",
      "Partial Mode": "Finalize",
      "Parallel Aware": false,
      "Startup Cost": 80910.18,
      "Total Cost": 80910.19,
      "Plan Rows": 1,
      "Plan Width": 8,
      "Actual Startup Time": 350.111,
      "Actual Total Time": 366.712,
      "Actual Rows": 1,
      "Actual Loops": 1,
      "Plans": [
        {
          "Node Type": "Gather",
          "Parent Relationship": "Outer",
          "Parallel Aware": false,
          "Startup Cost": 80909.76,
          "Total Cost": 80910.17,
          "Plan Rows": 4,
          "Plan Width": 8,
          "Actual Startup Time": 347.461,
          "Actual Total Time": 366.699,
          "Actual Rows": 5,
          "Actual Loops": 1,
          "Workers Planned": 4,
          "Workers Launched": 4,
          "Single Copy": false,
          "Plans": [
            {
              "Node Type": "Aggregate",
              "Strategy": "Plain",
              "Partial Mode": "Partial",
              "Parent Relationship": "Outer",
              "Parallel Aware": false,
              "Startup Cost": 79909.76,
              "Total Cost": 79909.77,
              "Plan Rows": 1,
              "Plan Width": 8,
              "Actual Startup Time": 337.854,
              "Actual Total Time": 337.857,
              "Actual Rows": 1,
              "Actual Loops": 5,
              "Plans": [
                {
                  "Node Type": "Hash Join",
                  "Parent Relationship": "Outer",
                  "Parallel Aware": true,
                  "Join Type": "Inner",
                  "Startup Cost": 32547.19,
                  "Total Cost": 79739.11,
                  "Plan Rows": 68262,
                  "Plan Width": 0,
                  "Actual Startup Time": 126.925,
                  "Actual Total Time": 332.685,
                  "Actual Rows": 111416,
                  "Actual Loops": 5,
                  "Inner Unique": false,
                  "Hash Cond": "(t.id = mc.movie_id)",
                  "Plans": [
                    {
                      "Node Type": "Seq Scan",
                      "Parent Relationship": "Outer",
                      "Parallel Aware": true,
                      "Relation Name": "title",
                      "Alias": "t",
                      "Startup Cost": 0.0,
                      "Total Cost": 43898.92,
                      "Plan Rows": 614560,
                      "Plan Width": 4,
                      "Actual Startup Time": 0.013,
                      "Actual Total Time": 85.003,
                      "Actual Rows": 491244,
                      "Actual Loops": 5,
                      "Filter": "(production_year > 0)",
                      "Rows Removed by Filter": 14419
                    },
                    {
                      "Node Type": "Hash",
                      "Parent Relationship": "Inner",
                      "Parallel Aware": true,
                      "Startup Cost": 31414.82,
                      "Total Cost": 31414.82,
                      "Plan Rows": 90590,
                      "Plan Width": 4,
                      "Actual Startup Time": 123.949,
                      "Actual Total Time": 123.95,
                      "Actual Rows": 113450,
                      "Actual Loops": 5,
                      "Hash Buckets": 1048576,
                      "Original Hash Buckets": 524288,
                      "Hash Batches": 1,
                      "Original Hash Batches": 1,
                      "Peak Memory Usage": 34624,
                      "Plans": [
                        {
                          "Node Type": "Seq Scan",
                          "Parent Relationship": "Outer",
                          "Parallel Aware": true,
                          "Relation Name": "movie_companies",
                          "Alias": "mc",
                          "Startup Cost": 0.0,
                          "Total Cost": 31414.82,
                          "Plan Rows": 90590,
                          "Plan Width": 4,
                          "Actual Startup Time": 42.992,
                          "Actual Total Time": 74.059,
                          "Actual Rows": 113450,
                          "Actual Loops": 5,
                          "Filter": "((company_id > 71447) AND (company_type_id = 2))",
                          "Rows Removed by Filter": 408375
                        }
                      ]
                    }
                  ]
                }
              ]
            }
          ]
        }
      ]
    },
    "Planning Time": 0.663,
    "Triggers": [],
    "Execution Time": 366.783
  }
]