[
  {
    "Plan": {
      "Node Type": "Aggregate",
      "Strategy": "Plain",
      "Partial Mode": "Finalize",
      "Parallel Aware": false,
      "Startup Cost": 347061.47,
      "Total Cost": 347061.48,
      "Plan Rows": 1,
      "Plan Width": 8,
      "Actual Startup Time": 628.268,
      "Actual Total Time": 682.156,
      "Actual Rows": 1,
      "Actual Loops": 1,
      "Plans": [
        {
          "Node Type": "Gather",
          "Parent Relationship": "Outer",
          "Parallel Aware": false,
          "Startup Cost": 347060.84,
          "Total Cost": 347061.45,
          "Plan Rows": 6,
          "Plan Width": 8,
          "Actual Startup Time": 628.146,
          "Actual Total Time": 682.145,
          "Actual Rows": 7,
          "Actual Loops": 1,
          "Workers Planned": 6,
          "Workers Launched": 6,
          "Single Copy": false,
          "Plans": [
            {
              "Node Type": "Aggregate",
              "Strategy": "Plain",
              "Partial Mode": "Partial",
              "Parent Relationship": "Outer",
              "Parallel Aware": false,
              "Startup Cost": 346060.84,
              "Total Cost": 346060.85,
              "Plan Rows": 1,
              "Plan Width": 8,
              "Actual Startup Time": 619.995,
              "Actual Total Time": 619.996,
              "Actual Rows": 1,
              "Actual Loops": 7,
              "Plans": [
                {
                  "Node Type": "Seq Scan",
                  "Parent Relationship": "Outer",
                  "Parallel Aware": true,
                  "Relation Name": "cast_info",
                  "Alias": "ci",
                  "Startup Cost": 0.0,
                  "Total Cost": 343257.03,
                  "Plan Rows": 1121526,
                  "Plan Width": 0,
                  "Actual Startup Time": 218.631,
                  "Actual Total Time": 601.565,
                  "Actual Rows": 412762,
                  "Actual Loops": 7,
                  "Filter": "((person_id < 1014254) AND (role_id > 1))",
                  "Rows Removed by Filter": 4765002
                }
              ]
            }
          ]
        }
      ]
    },
    "Planning Time": 0.228,
    "Triggers": [],
    "Execution Time": 682.208
  }
]