[
  {
    "Plan": {
      "Node Type": "Aggregate",
      "Strategy": "Plain",
      "Partial Mode": "Finalize",
      "Parallel Aware": false,
      "Startup Cost": 609693.72,
      "Total Cost": 609693.73,
      "Plan Rows": 1,
      "Plan Width": 8,
      "Actual Startup Time": 3684.994,
      "Actual Total Time": 3774.588,
      "Actual Rows": 1,
      "Actual Loops": 1,
      "Plans": [
        {
          "Node Type": "Gather",
          "Parent Relationship": "Outer",
          "Parallel Aware": false,
          "Startup Cost": 609693.2,
          "Total Cost": 609693.71,
          "Plan Rows": 5,
          "Plan Width": 8,
          "Actual Startup Time": 3657.736,
          "Actual Total Time": 3774.576,
          "Actual Rows": 6,
          "Actual Loops": 1,
          "Workers Planned": 5,
          "Workers Launched": 5,
          "Single Copy": false,
          "Plans": [
            {
              "Node Type": "Aggregate",
              "Strategy": "Plain",
              "Partial Mode": "Partial",
              "Parent Relationship": "Outer",
              "Parallel Aware": false,
              "Startup Cost": 608693.2,
              "Total Cost": 608693.21,
              "Plan Rows": 1,
              "Plan Width": 8,
              "Actual Startup Time": 3626.017,
              "Actual Total Time": 3626.023,
              "Actual Rows": 1,
              "Actual Loops": 6,
              "Plans": [
                {
                  "Node Type": "Hash Join",
                  "Parent Relationship": "Outer",
                  "Parallel Aware": true,
                  "Join Type": "Inner",
                  "Startup Cost": 389204.55,
                  "Total Cost": 600639.65,
                  "Plan Rows": 3221420,
                  "Plan Width": 0,
                  "Actual Startup Time": 1669.083,
                  "Actual Total Time": 3308.735,
                  "Actual Rows": 6525611,
                  "Actual Loops": 6,
                  "Inner Unique": false,
                  "Hash Cond": "(mi.movie_id = t.id)",
                  "Plans": [
                    {
                      "Node Type": "Seq Scan",
                      "Parent Relationship": "Outer",
                      "Parallel Aware": true,
                      "Relation Name": "movie_info",
                      "Alias": "mi",
                      "Startup Cost": 0.0,
                      "Total Cost": 198952.16,
                      "Plan Rows": 1897040,
                      "Plan Width": 4,
                      "Actual Startup Time": 0.05,
                      "Actual Total Time": 382.197,
                      "Actual Rows": 1594192,
                      "Actual Loops": 6,
                      "Filter": "(info_type_id < 16)",
                      "Rows Removed by Filter": 878428
                    },
                    {
                      "Node Type": "Hash",
                      "Parent Relationship": "Inner",
                      "Parallel Aware": true,
                      "Startup Cost": 380260.02,
                      "Total Cost": 380260.02,
                      "Plan Rows": 715562,
                      "Plan Width": 8,
                      "Actual Startup Time": 1656.21,
                      "Actual Total Time": 1656.214,
                      "Actual Rows": 681498,
                      "Actual Loops": 6,
                      "Hash Buckets": 8388608,
                      "Original Hash Buckets": 8388608,
                      "Hash Batches": 1,
                      "Original Hash Batches": 1,
                      "Peak Memory Usage": 225568,
                      "Plans": [
                        {
                          "Node Type": "Hash Join",
                          "Parent Relationship": "Outer",
                          "Parallel Aware": true,
                          "Join Type": "Inner",
                          "Startup Cost": 50219.64,
                          "Total Cost": 380260.02,
                          "Plan Rows": 715562,
                          "Plan Width": 8,
                          "Actual Startup Time": 759.623,
                          "Actual Total Time": 1298.409,
                          "Actual Rows": 681498,
                          "Actual Loops": 6,
                          "Inner Unique": true,
                          "Hash Cond": "(ci.movie_id = t.id)",
                          "Plans": [
                            {
                              "Node Type": "Seq Scan",
                              "Parent Relationship": "Outer",
                              "Parallel Aware": true,
                              "Relation Name": "cast_info",
                              "Alias": "ci",
                              "Startup Cost": 0.0,
                              "Total Cost": 328162.03,
                              "Plan Rows": 715562,
                              "Plan Width": 4,
                              "Actual Startup Time": 466.715,
                              "Actual Total Time": 650.878,
                              "Actual Rows": 681498,
                              "Actual Loops": 6,
                              "Filter": "(person_id > 3307424)",
                              "Rows Removed by Filter": 5359226
                            },
                            {
                              "Node Type": "Hash",
                              "Parent Relationship": "Inner",
                              "Parallel Aware": true,
                              "Startup Cost": 42318.73,
                              "Total Cost": 42318.73,
                              "Plan Rows": 632073,
                              "Plan Width": 4,
                              "Actual Startup Time": 287.933,
                              "Actual Total Time": 287.934,
                              "Actual Rows": 421385,
                              "Actual Loops": 6,
                              "Hash Buckets": 4194304,
                              "Original Hash Buckets": 4194304,
                              "Hash Batches": 1,
                              "Original Hash Batches": 1,
                              "Peak Memory Usage": 131776,
                              "Plans": [
                                {
                                  "Node Type": "Seq Scan",
                                  "Parent Relationship": "Outer",
                                  "Parallel Aware": true,
                                  "Relation Name": "title",
                                  "Alias": "t",
                                  "Startup Cost": 0.0,
                                  "Total Cost": 42318.73,
                                  "Plan Rows": 632073,
                                  "Plan Width": 4,
                                  "Actual Startup Time": 0.051,
                                  "Actual Total Time": 88.289,
                                  "Actual Rows": 421385,
                                  "Actual Loops": 6
                                }
                              ]
                            }
                          ]
                        }
                      ]
                    }
                  ]
                }
              ]
            }
          ]
        }
      ]
    },
    "Planning Time": 1.32,
    "Triggers": [],
    "Execution Time": 3774.689
  }
]