[
  {
    "Plan": {
      "Node Type": "Aggregate",
      "Strategy": "Plain",
      "Partial Mode": "Finalize",
      "Parallel Aware": false,
      "Startup Cost": 65927.73,
      "Total Cost": 65927.74,
      "Plan Rows": 1,
      "Plan Width": 8,
      "Actual Startup Time": 140.42,
      "Actual Total Time": 152.382,
      "Actual Rows": 1,
      "Actual Loops": 1,
      "Plans": [
        {
          "Node Type": "Gather",
          "Parent Relationship": "Outer",
          "Parallel Aware": false,
          "Startup Cost": 65927.41,
          "Total Cost": 65927.72,
          "Plan Rows": 3,
          "Plan Width": 8,
          "Actual Startup Time": 139.769,
          "Actual Total Time": 152.363,
          "Actual Rows": 4,
          "Actual Loops": 1,
          "Workers Planned": 3,
          "Workers Launched": 3,
          "Single Copy": false,
          "Plans": [
            {
              "Node Type": "Aggregate",
              "Strategy": "Plain",
              "Partial Mode": "Partial",
              "Parent Relationship": "Outer",
              "Parallel Aware": false,
              "Startup Cost": 64927.41,
              "Total Cost": 64927.42,
              "Plan Rows": 1,
              "Plan Width": 8,
              "Actual Startup Time": 134.477,
              "Actual Total Time": 134.481,
              "Actual Rows": 1,
              "Actual Loops": 4,
              "Plans": [
                {
                  "Node Type": "Hash Join",
                  "Parent Relationship": "Outer",
                  "Parallel Aware": true,
                  "Join Type": "Inner",
                  "Startup Cost": 45795.01,
                  "Total Cost": 64925.8,
                  "Plan Rows": 643,
                  "Plan Width": 0,
                  "Actual Startup Time": 121.407,
                  "Actual Total Time": 134.464,
                  "Actual Rows": 125,
                  "Actual Loops": 4,
                  "Inner Unique": true,
                  "Hash Cond": "(mc.movie_id = t.id)",
                  "Plans": [
                    {
                      "Node Type": "Bitmap Heap Scan",
                      "Parent Relationship": "Outer",
                      "Parallel Aware": true,
                      "Relation Name": "movie_companies",
                      "Alias": "mc",
                      "Startup Cost": 1398.96,
                      "Total Cost": 20502.9,
                      "Plan Rows": 10233,
                      "Plan Width": 4,
                      "Actual Startup Time": 4.849,
                      "Actual Total Time": 13.924,
                      "Actual Rows": 13874,
                      "Actual Loops": 4,
                      "Recheck Cond": "(company_id = 6)",
                      "Rows Removed by Index Recheck": 0,
                      "Filter": "(company_type_id < 2)",
                      "Rows Removed by Filter": 1644,
                      "Exact Heap Blocks": 2176,
                      "Lossy Heap Blocks": 0,
                      "Plans": [
                        {
                          "Node Type": "Bitmap Index Scan",
                          "Parent Relationship": "Outer",
                          "Parallel Aware": false,
                          "Index Name": "company_id_movie_companies",
                          "Startup Cost": 0.0,
                          "Total Cost": 1391.03,
                          "Plan Rows": 64880,
                          "Plan Width": 0,
                          "Actual Startup Time": 3.742,
                          "Actual Total Time": 3.743,
                          "Actual Rows": 62075,
                          "Actual Loops": 1,
                          "Index Cond": "(company_id = 6)"
                        }
                      ]
                    },
                    {
                      "Node Type": "Hash",
                      "Parent Relationship": "Inner",
                      "Parallel Aware": true,
                      "Startup Cost": 43899.32,
                      "Total Cost": 43899.32,
                      "Plan Rows": 39738,
                      "Plan Width": 4,
                      "Actual Startup Time": 115.286,
                      "Actual Total Time": 115.287,
                      "Actual Rows": 40004,
                      "Actual Loops": 4,
                      "Hash Buckets": 262144,
                      "Original Hash Buckets": 262144,
                      "Hash Batches": 1,
                      "Original Hash Batches": 1,
                      "Peak Memory Usage": 8352,
                      "Plans": [
                        {
                          "Node Type": "Seq Scan",
                          "Parent Relationship": "Outer",
                          "Parallel Aware": true,
                          "Relation Name": "title",
                          "Alias": "t",
                          "Startup Cost": 0.0,
                          "Total Cost": 43899.32,
                          "Plan Rows": 39738,
                          "Plan Width": 4,
                          "Actual Startup Time": 0.033,
                          "Actual Total Time": 98.023,
                          "Actual Rows": 40004,
                          "Actual Loops": 4,
                          "Filter": "(production_year = 2011)",
                          "Rows Removed by Filter": 592074
                        }
                      ]
                    }
                  ]
                }
              ]
            }
          ]
        }
      ]
    },
    "Planning Time": 0.445,
    "Triggers": [],
    "Execution Time": 152.434
  }
]