{
    "Plan": {
        "Node Type": "Aggregate",
        "Strategy": "Plain",
        "Partial Mode": "Finalize",
        "Parallel Aware": false,
        "Startup Cost": 412750.34,
        "Total Cost": 412750.35,
        "Plan Rows": 1,
        "Plan Width": 8,
        "Actual Startup Time": 2717.362,
        "Actual Total Time": 2763.75,
        "Actual Rows": 1,
        "Actual Loops": 1,
        "Output": [
            "count(*)"
        ],
        "Plans": [
            {
                "Node Type": "Gather",
                "Parent Relationship": "Outer",
                "Parallel Aware": false,
                "Startup Cost": 412749.71,
                "Total Cost": 412750.32,
                "Plan Rows": 6,
                "Plan Width": 8,
                "Actual Startup Time": 2705.372,
                "Actual Total Time": 2763.736,
                "Actual Rows": 7,
                "Actual Loops": 1,
                "Output": [
                    "(PARTIAL count(*))"
                ],
                "Workers Planned": 6,
                "Workers Launched": 6,
                "Single Copy": false,
                "Plans": [
                    {
                        "Node Type": "Aggregate",
                        "Strategy": "Plain",
                        "Partial Mode": "Partial",
                        "Parent Relationship": "Outer",
                        "Parallel Aware": false,
                        "Startup Cost": 411749.71,
                        "Total Cost": 411749.72,
                        "Plan Rows": 1,
                        "Plan Width": 8,
                        "Actual Startup Time": 2682.493,
                        "Actual Total Time": 2682.496,
                        "Actual Rows": 1,
                        "Actual Loops": 7,
                        "Output": [
                            "PARTIAL count(*)"
                        ],
                        "Workers": [
                            {
                                "Worker Number": 0,
                                "Actual Startup Time": 2678.392,
                                "Actual Total Time": 2678.396,
                                "Actual Rows": 1,
                                "Actual Loops": 1
                            },
                            {
                                "Worker Number": 1,
                                "Actual Startup Time": 2678.37,
                                "Actual Total Time": 2678.374,
                                "Actual Rows": 1,
                                "Actual Loops": 1
                            },
                            {
                                "Worker Number": 2,
                                "Actual Startup Time": 2678.45,
                                "Actual Total Time": 2678.454,
                                "Actual Rows": 1,
                                "Actual Loops": 1
                            },
                            {
                                "Worker Number": 3,
                                "Actual Startup Time": 2680.767,
                                "Actual Total Time": 2680.77,
                                "Actual Rows": 1,
                                "Actual Loops": 1
                            },
                            {
                                "Worker Number": 4,
                                "Actual Startup Time": 2678.532,
                                "Actual Total Time": 2678.534,
                                "Actual Rows": 1,
                                "Actual Loops": 1
                            },
                            {
                                "Worker Number": 5,
                                "Actual Startup Time": 2678.57,
                                "Actual Total Time": 2678.573,
                                "Actual Rows": 1,
                                "Actual Loops": 1
                            }
                        ],
                        "Plans": [
                            {
                                "Node Type": "Hash Join",
                                "Parent Relationship": "Outer",
                                "Parallel Aware": true,
                                "Join Type": "Inner",
                                "Startup Cost": 50219.81,
                                "Total Cost": 402866.32,
                                "Plan Rows": 3553357,
                                "Plan Width": 0,
                                "Actual Startup Time": 375.066,
                                "Actual Total Time": 2535.411,
                                "Actual Rows": 2943216,
                                "Actual Loops": 7,
                                "Inner Unique": true,
                                "Hash Cond": "(ci.movie_id = t.id)",
                                "Workers": [
                                    {
                                        "Worker Number": 0,
                                        "Actual Startup Time": 371.3,
                                        "Actual Total Time": 2521.335,
                                        "Actual Rows": 2422863,
                                        "Actual Loops": 1
                                    },
                                    {
                                        "Worker Number": 1,
                                        "Actual Startup Time": 371.279,
                                        "Actual Total Time": 2517.382,
                                        "Actual Rows": 2698503,
                                        "Actual Loops": 1
                                    },
                                    {
                                        "Worker Number": 2,
                                        "Actual Startup Time": 371.355,
                                        "Actual Total Time": 2522.69,
                                        "Actual Rows": 2359518,
                                        "Actual Loops": 1
                                    },
                                    {
                                        "Worker Number": 3,
                                        "Actual Startup Time": 371.351,
                                        "Actual Total Time": 2548.192,
                                        "Actual Rows": 3091201,
                                        "Actual Loops": 1
                                    },
                                    {
                                        "Worker Number": 4,
                                        "Actual Startup Time": 371.434,
                                        "Actual Total Time": 2541.77,
                                        "Actual Rows": 3355801,
                                        "Actual Loops": 1
                                    },
                                    {
                                        "Worker Number": 5,
                                        "Actual Startup Time": 371.473,
                                        "Actual Total Time": 2545.568,
                                        "Actual Rows": 3087370,
                                        "Actual Loops": 1
                                    }
                                ],
                                "Plans": [
                                    {
                                        "Node Type": "Seq Scan",
                                        "Parent Relationship": "Outer",
                                        "Parallel Aware": true,
                                        "Relation Name": "cast_info",
                                        "Schema": "public",
                                        "Alias": "ci",
                                        "Startup Cost": 0.0,
                                        "Total Cost": 343318.94,
                                        "Plan Rows": 3553357,
                                        "Plan Width": 4,
                                        "Actual Startup Time": 62.383,
                                        "Actual Total Time": 748.461,
                                        "Actual Rows": 2943216,
                                        "Actual Loops": 7,
                                        "Output": [
                                            "ci.id",
                                            "ci.person_id",
                                            "ci.movie_id",
                                            "ci.person_role_id",
                                            "ci.note",
                                            "ci.nr_order",
                                            "ci.role_id"
                                        ],
                                        "Filter": "((ci.person_id > 426767) AND (ci.role_id < 4))",
                                        "Rows Removed by Filter": 2234547,
                                        "Workers": [
                                            {
                                                "Worker Number": 0,
                                                "Actual Startup Time": 62.378,
                                                "Actual Total Time": 786.063,
                                                "Actual Rows": 2422863,
                                                "Actual Loops": 1
                                            },
                                            {
                                                "Worker Number": 1,
                                                "Actual Startup Time": 62.394,
                                                "Actual Total Time": 789.547,
                                                "Actual Rows": 2698503,
                                                "Actual Loops": 1
                                            },
                                            {
                                                "Worker Number": 2,
                                                "Actual Startup Time": 62.402,
                                                "Actual Total Time": 783.992,
                                                "Actual Rows": 2359518,
                                                "Actual Loops": 1
                                            },
                                            {
                                                "Worker Number": 3,
                                                "Actual Startup Time": 62.382,
                                                "Actual Total Time": 736.822,
                                                "Actual Rows": 3091201,
                                                "Actual Loops": 1
                                            },
                                            {
                                                "Worker Number": 4,
                                                "Actual Startup Time": 62.397,
                                                "Actual Total Time": 738.798,
                                                "Actual Rows": 3355801,
                                                "Actual Loops": 1
                                            },
                                            {
                                                "Worker Number": 5,
                                                "Actual Startup Time": 62.365,
                                                "Actual Total Time": 736.091,
                                                "Actual Rows": 3087370,
                                                "Actual Loops": 1
                                            }
                                        ]
                                    },
                                    {
                                        "Node Type": "Hash",
                                        "Parent Relationship": "Inner",
                                        "Parallel Aware": true,
                                        "Startup Cost": 42318.81,
                                        "Total Cost": 42318.81,
                                        "Plan Rows": 632080,
                                        "Plan Width": 4,
                                        "Actual Startup Time": 305.573,
                                        "Actual Total Time": 305.574,
                                        "Actual Rows": 361187,
                                        "Actual Loops": 7,
                                        "Output": [
                                            "t.id"
                                        ],
                                        "Hash Buckets": 4194304,
                                        "Original Hash Buckets": 4194304,
                                        "Hash Batches": 1,
                                        "Original Hash Batches": 1,
                                        "Peak Memory Usage": 131776,
                                        "Workers": [
                                            {
                                                "Worker Number": 0,
                                                "Actual Startup Time": 308.256,
                                                "Actual Total Time": 308.258,
                                                "Actual Rows": 300747,
                                                "Actual Loops": 1
                                            },
                                            {
                                                "Worker Number": 1,
                                                "Actual Startup Time": 308.231,
                                                "Actual Total Time": 308.232,
                                                "Actual Rows": 301991,
                                                "Actual Loops": 1
                                            },
                                            {
                                                "Worker Number": 2,
                                                "Actual Startup Time": 308.232,
                                                "Actual Total Time": 308.233,
                                                "Actual Rows": 296438,
                                                "Actual Loops": 1
                                            },
                                            {
                                                "Worker Number": 3,
                                                "Actual Startup Time": 308.251,
                                                "Actual Total Time": 308.252,
                                                "Actual Rows": 362469,
                                                "Actual Loops": 1
                                            },
                                            {
                                                "Worker Number": 4,
                                                "Actual Startup Time": 308.355,
                                                "Actual Total Time": 308.356,
                                                "Actual Rows": 411441,
                                                "Actual Loops": 1
                                            },
                                            {
                                                "Worker Number": 5,
                                                "Actual Startup Time": 308.416,
                                                "Actual Total Time": 308.417,
                                                "Actual Rows": 362980,
                                                "Actual Loops": 1
                                            }
                                        ],
                                        "Plans": [
                                            {
                                                "Node Type": "Seq Scan",
                                                "Parent Relationship": "Outer",
                                                "Parallel Aware": true,
                                                "Relation Name": "title",
                                                "Schema": "public",
                                                "Alias": "t",
                                                "Startup Cost": 0.0,
                                                "Total Cost": 42318.81,
                                                "Plan Rows": 632080,
                                                "Plan Width": 4,
                                                "Actual Startup Time": 0.059,
                                                "Actual Total Time": 76.797,
                                                "Actual Rows": 361187,
                                                "Actual Loops": 7,
                                                "Output": [
                                                    "t.id"
                                                ],
                                                "Workers": [
                                                    {
                                                        "Worker Number": 0,
                                                        "Actual Startup Time": 0.069,
                                                        "Actual Total Time": 81.264,
                                                        "Actual Rows": 300747,
                                                        "Actual Loops": 1
                                                    },
                                                    {
                                                        "Worker Number": 1,
                                                        "Actual Startup Time": 0.073,
                                                        "Actual Total Time": 81.902,
                                                        "Actual Rows": 301991,
                                                        "Actual Loops": 1
                                                    },
                                                    {
                                                        "Worker Number": 2,
                                                        "Actual Startup Time": 0.06,
                                                        "Actual Total Time": 80.995,
                                                        "Actual Rows": 296438,
                                                        "Actual Loops": 1
                                                    },
                                                    {
                                                        "Worker Number": 3,
                                                        "Actual Startup Time": 0.062,
                                                        "Actual Total Time": 77.632,
                                                        "Actual Rows": 362469,
                                                        "Actual Loops": 1
                                                    },
                                                    {
                                                        "Worker Number": 4,
                                                        "Actual Startup Time": 0.069,
                                                        "Actual Total Time": 76.98,
                                                        "Actual Rows": 411441,
                                                        "Actual Loops": 1
                                                    },
                                                    {
                                                        "Worker Number": 5,
                                                        "Actual Startup Time": 0.063,
                                                        "Actual Total Time": 77.411,
                                                        "Actual Rows": 362980,
                                                        "Actual Loops": 1
                                                    }
                                                ]
                                            }
                                        ]
                                    }
                                ]
                            }
                        ]
                    }
                ]
            }
        ]
    },
    "Planning Time": 0.703,
    "Triggers": [],
    "Execution Time": 2763.829
}