{
    "Plan": {
        "Node Type": "Aggregate",
        "Strategy": "Plain",
        "Partial Mode": "Simple",
        "Parallel Aware": false,
        "Startup Cost": 10000241773.67,
        "Total Cost": 10000241773.68,
        "Plan Rows": 1,
        "Plan Width": 8,
        "Actual Startup Time": 3300.958,
        "Actual Total Time": 3300.963,
        "Actual Rows": 1,
        "Actual Loops": 1,
        "Output": [
            "count(*)"
        ],
        "Plans": [
            {
                "Node Type": "Hash Join",
                "Parent Relationship": "Outer",
                "Parallel Aware": false,
                "Join Type": "Inner",
                "Startup Cost": 10000192746.23,
                "Total Cost": 10000241193.51,
                "Plan Rows": 232061,
                "Plan Width": 0,
                "Actual Startup Time": 2563.687,
                "Actual Total Time": 3270.784,
                "Actual Rows": 770661,
                "Actual Loops": 1,
                "Inner Unique": false,
                "Hash Cond": "(t.id = mi_idx.movie_id)",
                "Plans": [
                    {
                        "Node Type": "Hash Join",
                        "Parent Relationship": "Outer",
                        "Parallel Aware": false,
                        "Join Type": "Inner",
                        "Startup Cost": 10000165046.09,
                        "Total Cost": 10000203179.58,
                        "Plan Rows": 1278908,
                        "Plan Width": 8,
                        "Actual Startup Time": 2376.998,
                        "Actual Total Time": 2805.633,
                        "Actual Rows": 1274246,
                        "Actual Loops": 1,
                        "Output": [
                            "t.id",
                            "mc.movie_id"
                        ],
                        "Inner Unique": true,
                        "Hash Cond": "(mc.movie_id = t.id)",
                        "Plans": [
                            {
                                "Node Type": "Bitmap Heap Scan",
                                "Parent Relationship": "Outer",
                                "Parallel Aware": false,
                                "Relation Name": "movie_companies",
                                "Schema": "public",
                                "Alias": "mc",
                                "Startup Cost": 23099.97,
                                "Total Cost": 57876.32,
                                "Plan Rows": 1278908,
                                "Plan Width": 4,
                                "Actual Startup Time": 47.135,
                                "Actual Total Time": 176.527,
                                "Actual Rows": 1274246,
                                "Actual Loops": 1,
                                "Output": [
                                    "mc.id",
                                    "mc.movie_id",
                                    "mc.company_id",
                                    "mc.company_type_id",
                                    "mc.note"
                                ],
                                "Recheck Cond": "(mc.company_type_id = 1)",
                                "Rows Removed by Index Recheck": 0,
                                "Exact Heap Blocks": 11177,
                                "Lossy Heap Blocks": 0,
                                "Plans": [
                                    {
                                        "Node Type": "Bitmap Index Scan",
                                        "Parent Relationship": "Outer",
                                        "Parallel Aware": false,
                                        "Index Name": "company_type_id_movie_companies",
                                        "Startup Cost": 0.0,
                                        "Total Cost": 22780.24,
                                        "Plan Rows": 1278908,
                                        "Plan Width": 0,
                                        "Actual Startup Time": 45.867,
                                        "Actual Total Time": 45.868,
                                        "Actual Rows": 1274246,
                                        "Actual Loops": 1,
                                        "Index Cond": "(mc.company_type_id = 1)"
                                    }
                                ]
                            },
                            {
                                "Node Type": "Hash",
                                "Parent Relationship": "Inner",
                                "Parallel Aware": false,
                                "Startup Cost": 10000110342.1,
                                "Total Cost": 10000110342.1,
                                "Plan Rows": 2528322,
                                "Plan Width": 4,
                                "Actual Startup Time": 2316.113,
                                "Actual Total Time": 2316.114,
                                "Actual Rows": 2528312,
                                "Actual Loops": 1,
                                "Output": [
                                    "t.id"
                                ],
                                "Hash Buckets": 4194304,
                                "Original Hash Buckets": 4194304,
                                "Hash Batches": 1,
                                "Original Hash Batches": 1,
                                "Peak Memory Usage": 121654,
                                "Plans": [
                                    {
                                        "Node Type": "Index Scan",
                                        "Parent Relationship": "Outer",
                                        "Parallel Aware": false,
                                        "Scan Direction": "Forward",
                                        "Index Name": "title_pkey",
                                        "Relation Name": "title",
                                        "Schema": "public",
                                        "Alias": "t",
                                        "Startup Cost": 10000000000.43,
                                        "Total Cost": 10000110342.1,
                                        "Plan Rows": 2528322,
                                        "Plan Width": 4,
                                        "Actual Startup Time": 0.018,
                                        "Actual Total Time": 1558.477,
                                        "Actual Rows": 2528312,
                                        "Actual Loops": 1,
                                        "Output": [
                                            "t.id"
                                        ]
                                    }
                                ]
                            }
                        ]
                    },
                    {
                        "Node Type": "Hash",
                        "Parent Relationship": "Inner",
                        "Parallel Aware": false,
                        "Startup Cost": 21965.52,
                        "Total Cost": 21965.52,
                        "Plan Rows": 458770,
                        "Plan Width": 4,
                        "Actual Startup Time": 181.382,
                        "Actual Total Time": 181.383,
                        "Actual Rows": 459925,
                        "Actual Loops": 1,
                        "Output": [
                            "mi_idx.movie_id"
                        ],
                        "Hash Buckets": 524288,
                        "Original Hash Buckets": 524288,
                        "Hash Batches": 1,
                        "Original Hash Batches": 1,
                        "Peak Memory Usage": 20266,
                        "Plans": [
                            {
                                "Node Type": "Bitmap Heap Scan",
                                "Parent Relationship": "Outer",
                                "Parallel Aware": false,
                                "Relation Name": "movie_info_idx",
                                "Schema": "public",
                                "Alias": "mi_idx",
                                "Startup Cost": 8295.89,
                                "Total Cost": 21965.52,
                                "Plan Rows": 458770,
                                "Plan Width": 4,
                                "Actual Startup Time": 31.005,
                                "Actual Total Time": 102.594,
                                "Actual Rows": 459925,
                                "Actual Loops": 1,
                                "Output": [
                                    "mi_idx.movie_id"
                                ],
                                "Recheck Cond": "(mi_idx.info_type_id < 100)",
                                "Rows Removed by Index Recheck": 0,
                                "Exact Heap Blocks": 7934,
                                "Lossy Heap Blocks": 0,
                                "Plans": [
                                    {
                                        "Node Type": "Bitmap Index Scan",
                                        "Parent Relationship": "Outer",
                                        "Parallel Aware": false,
                                        "Index Name": "info_type_id_movie_info_idx",
                                        "Startup Cost": 0.0,
                                        "Total Cost": 8181.2,
                                        "Plan Rows": 458770,
                                        "Plan Width": 0,
                                        "Actual Startup Time": 30.058,
                                        "Actual Total Time": 30.058,
                                        "Actual Rows": 459925,
                                        "Actual Loops": 1,
                                        "Index Cond": "(mi_idx.info_type_id < 100)"
                                    }
                                ]
                            }
                        ]
                    }
                ]
            }
        ]
    },
    "Planning Time": 3.684,
    "Triggers": [],
    "Execution Time": 3303.98
}