{
  "Plan": {
    "Node Type": "Aggregate",
    "Strategy": "Plain",
    "Partial Mode": "Finalize",
    "Parallel Aware": false,
    "Startup Cost": 105372.4,
    "Total Cost": 105372.41,
    "Plan Rows": 1,
    "Plan Width": 8,
    "Actual Startup Time": 502.811,
    "Actual Total Time": 513.365,
    "Actual Rows": 1,
    "Actual Loops": 1,
    "Plans": [
      {
        "Node Type": "Gather",
        "Parent Relationship": "Outer",
        "Parallel Aware": false,
        "Startup Cost": 105372.29,
        "Total Cost": 105372.4,
        "Plan Rows": 1,
        "Plan Width": 8,
        "Actual Startup Time": 501.736,
        "Actual Total Time": 513.349,
        "Actual Rows": 2,
        "Actual Loops": 1,
        "Workers Planned": 1,
        "Workers Launched": 1,
        "Single Copy": false,
        "Plans": [
          {
            "Node Type": "Aggregate",
            "Strategy": "Plain",
            "Partial Mode": "Partial",
            "Parent Relationship": "Outer",
            "Parallel Aware": false,
            "Startup Cost": 104372.29,
            "Total Cost": 104372.3,
            "Plan Rows": 1,
            "Plan Width": 8,
            "Actual Startup Time": 495.766,
            "Actual Total Time": 495.773,
            "Actual Rows": 1,
            "Actual Loops": 2,
            "Plans": [
              {
                "Node Type": "Hash Join",
                "Parent Relationship": "Outer",
                "Parallel Aware": false,
                "Join Type": "Inner",
                "Startup Cost": 32646.18,
                "Total Cost": 104372.24,
                "Plan Rows": 18,
                "Plan Width": 0,
                "Actual Startup Time": 377.271,
                "Actual Total Time": 495.761,
                "Actual Rows": 11,
                "Actual Loops": 2,
                "Inner Unique": false,
                "Hash Cond": "(t.id = ci.movie_id)",
                "Plans": [
                  {
                    "Node Type": "Hash Join",
                    "Parent Relationship": "Outer",
                    "Parallel Aware": true,
                    "Join Type": "Inner",
                    "Startup Cost": 31583.69,
                    "Total Cost": 92966.08,
                    "Plan Rows": 206870,
                    "Plan Width": 8,
                    "Actual Startup Time": 121.754,
                    "Actual Total Time": 484.454,
                    "Actual Rows": 177288,
                    "Actual Loops": 2,
                    "Inner Unique": false,
                    "Hash Cond": "(t.id = mc.movie_id)",
                    "Plans": [
                      {
                        "Node Type": "Seq Scan",
                        "Parent Relationship": "Outer",
                        "Parallel Aware": true,
                        "Relation Name": "title",
                        "Alias": "t",
                        "Startup Cost": 0.0,
                        "Total Cost": 50870.31,
                        "Plan Rows": 1487231,
                        "Plan Width": 4,
                        "Actual Startup Time": 0.01,
                        "Actual Total Time": 121.84,
                        "Actual Rows": 1264156,
                        "Actual Loops": 2
                      },
                      {
                        "Node Type": "Hash",
                        "Parent Relationship": "Inner",
                        "Parallel Aware": true,
                        "Startup Cost": 28997.82,
                        "Total Cost": 28997.82,
                        "Plan Rows": 206870,
                        "Plan Width": 4,
                        "Actual Startup Time": 107.997,
                        "Actual Total Time": 107.999,
                        "Actual Rows": 177288,
                        "Actual Loops": 2,
                        "Hash Buckets": 524288,
                        "Original Hash Buckets": 524288,
                        "Hash Batches": 1,
                        "Original Hash Batches": 1,
                        "Peak Memory Usage": 17984,
                        "Plans": [
                          {
                            "Node Type": "Bitmap Heap Scan",
                            "Parent Relationship": "Outer",
                            "Parallel Aware": true,
                            "Relation Name": "movie_companies",
                            "Alias": "mc",
                            "Startup Cost": 7621.94,
                            "Total Cost": 28997.82,
                            "Plan Rows": 206870,
                            "Plan Width": 4,
                            "Actual Startup Time": 24.344,
                            "Actual Total Time": 64.336,
                            "Actual Rows": 177288,
                            "Actual Loops": 2,
                            "Recheck Cond": "(company_id > 87783)",
                            "Rows Removed by Index Recheck": 0,
                            "Exact Heap Blocks": 3636,
                            "Lossy Heap Blocks": 0,
                            "Plans": [
                              {
                                "Node Type": "Bitmap Index Scan",
                                "Parent Relationship": "Outer",
                                "Parallel Aware": false,
                                "Index Name": "company_id_movie_companies",
                                "Startup Cost": 0.0,
                                "Total Cost": 7534.02,
                                "Plan Rows": 351679,
                                "Plan Width": 0,
                                "Actual Startup Time": 25.834,
                                "Actual Total Time": 25.834,
                                "Actual Rows": 354576,
                                "Actual Loops": 1,
                                "Index Cond": "(company_id > 87783)"
                              }
                            ]
                          }
                        ]
                      }
                    ]
                  },
                  {
                    "Node Type": "Hash",
                    "Parent Relationship": "Inner",
                    "Parallel Aware": false,
                    "Startup Cost": 1059.67,
                    "Total Cost": 1059.67,
                    "Plan Rows": 225,
                    "Plan Width": 4,
                    "Actual Startup Time": 0.863,
                    "Actual Total Time": 0.864,
                    "Actual Rows": 404,
                    "Actual Loops": 2,
                    "Hash Buckets": 1024,
                    "Original Hash Buckets": 1024,
                    "Hash Batches": 1,
                    "Original Hash Batches": 1,
                    "Peak Memory Usage": 23,
                    "Plans": [
                      {
                        "Node Type": "Index Scan",
                        "Parent Relationship": "Outer",
                        "Parallel Aware": false,
                        "Scan Direction": "Forward",
                        "Index Name": "person_id_cast_info",
                        "Relation Name": "cast_info",
                        "Alias": "ci",
                        "Startup Cost": 0.56,
                        "Total Cost": 1059.67,
                        "Plan Rows": 225,
                        "Plan Width": 4,
                        "Actual Startup Time": 0.325,
                        "Actual Total Time": 0.706,
                        "Actual Rows": 404,
                        "Actual Loops": 2,
                        "Index Cond": "(person_id = 572884)",
                        "Rows Removed by Index Recheck": 0,
                        "Filter": "(role_id > 2)",
                        "Rows Removed by Filter": 2
                      }
                    ]
                  }
                ]
              }
            ]
          }
        ]
      }
    ]
  },
  "Planning Time": 0.422,
  "Triggers": [],
  "Execution Time": 513.452
}