[
  {
    "Plan": {
      "Node Type": "Aggregate",
      "Strategy": "Plain",
      "Partial Mode": "Simple",
      "Parallel Aware": false,
      "Startup Cost": 12931.71,
      "Total Cost": 12931.72,
      "Plan Rows": 1,
      "Plan Width": 192,
      "Actual Startup Time": 179.428,
      "Actual Total Time": 179.437,
      "Actual Rows": 1,
      "Actual Loops": 1,
      "Plans": [
        {
          "Node Type": "Nested Loop",
          "Parent Relationship": "Outer",
          "Parallel Aware": false,
          "Join Type": "Inner",
          "Startup Cost": 41.03,
          "Total Cost": 12931.7,
          "Plan Rows": 1,
          "Plan Width": 84,
          "Actual Startup Time": 152.618,
          "Actual Total Time": 179.419,
          "Actual Rows": 10,
          "Actual Loops": 1,
          "Inner Unique": true,
          "Plans": [
            {
              "Node Type": "Nested Loop",
              "Parent Relationship": "Outer",
              "Parallel Aware": false,
              "Join Type": "Inner",
              "Startup Cost": 40.9,
              "Total Cost": 12931.53,
              "Plan Rows": 1,
              "Plan Width": 88,
              "Actual Startup Time": 152.6,
              "Actual Total Time": 179.39,
              "Actual Rows": 10,
              "Actual Loops": 1,
              "Inner Unique": true,
              "Join Filter": "(ml.movie_id = t1.id)",
              "Rows Removed by Join Filter": 0,
              "Plans": [
                {
                  "Node Type": "Nested Loop",
                  "Parent Relationship": "Outer",
                  "Parallel Aware": false,
                  "Join Type": "Inner",
                  "Startup Cost": 40.47,
                  "Total Cost": 12931.0,
                  "Plan Rows": 1,
                  "Plan Width": 79,
                  "Actual Startup Time": 152.578,
                  "Actual Total Time": 179.351,
                  "Actual Rows": 10,
                  "Actual Loops": 1,
                  "Inner Unique": true,
                  "Plans": [
                    {
                      "Node Type": "Nested Loop",
                      "Parent Relationship": "Outer",
                      "Parallel Aware": false,
                      "Join Type": "Inner",
                      "Startup Cost": 40.05,
                      "Total Cost": 12930.55,
                      "Plan Rows": 1,
                      "Plan Width": 64,
                      "Actual Startup Time": 152.564,
                      "Actual Total Time": 179.279,
                      "Actual Rows": 10,
                      "Actual Loops": 1,
                      "Inner Unique": false,
                      "Plans": [
                        {
                          "Node Type": "Nested Loop",
                          "Parent Relationship": "Outer",
                          "Parallel Aware": false,
                          "Join Type": "Inner",
                          "Startup Cost": 39.62,
                          "Total Cost": 12929.91,
                          "Plan Rows": 1,
                          "Plan Width": 72,
                          "Actual Startup Time": 152.545,
                          "Actual Total Time": 179.248,
                          "Actual Rows": 1,
                          "Actual Loops": 1,
                          "Inner Unique": true,
                          "Plans": [
                            {
                              "Node Type": "Nested Loop",
                              "Parent Relationship": "Outer",
                              "Parallel Aware": false,
                              "Join Type": "Inner",
                              "Startup Cost": 39.2,
                              "Total Cost": 12929.46,
                              "Plan Rows": 1,
                              "Plan Width": 57,
                              "Actual Startup Time": 1.669,
                              "Actual Total Time": 175.311,
                              "Actual Rows": 1038,
                              "Actual Loops": 1,
                              "Inner Unique": false,
                              "Join Filter": "(ml.movie_id = mc1.movie_id)",
                              "Rows Removed by Join Filter": 0,
                              "Plans": [
                                {
                                  "Node Type": "Nested Loop",
                                  "Parent Relationship": "Outer",
                                  "Parallel Aware": false,
                                  "Join Type": "Inner",
                                  "Startup Cost": 38.77,
                                  "Total Cost": 12928.8,
                                  "Plan Rows": 1,
                                  "Plan Width": 49,
                                  "Actual Startup Time": 1.58,
                                  "Actual Total Time": 173.068,
                                  "Actual Rows": 324,
                                  "Actual Loops": 1,
                                  "Inner Unique": false,
                                  "Join Filter": "(mi_idx1.info_type_id = it1.id)",
                                  "Rows Removed by Join Filter": 648,
                                  "Plans": [
                                    {
                                      "Node Type": "Seq Scan",
                                      "Parent Relationship": "Outer",
                                      "Parallel Aware": false,
                                      "Relation Name": "info_type",
                                      "Alias": "it1",
                                      "Startup Cost": 0.0,
                                      "Total Cost": 2.41,
                                      "Plan Rows": 1,
                                      "Plan Width": 4,
                                      "Actual Startup Time": 0.047,
                                      "Actual Total Time": 0.049,
                                      "Actual Rows": 1,
                                      "Actual Loops": 1,
                                      "Filter": "((info)::text = 'rating'::text COLLATE \"C\")",
                                      "Rows Removed by Filter": 112
                                    },
                                    {
                                      "Node Type": "Nested Loop",
                                      "Parent Relationship": "Inner",
                                      "Parallel Aware": false,
                                      "Join Type": "Inner",
                                      "Startup Cost": 38.77,
                                      "Total Cost": 12926.0,
                                      "Plan Rows": 31,
                                      "Plan Width": 53,
                                      "Actual Startup Time": 1.53,
                                      "Actual Total Time": 172.917,
                                      "Actual Rows": 972,
                                      "Actual Loops": 1,
                                      "Inner Unique": false,
                                      "Plans": [
                                        {
                                          "Node Type": "Nested Loop",
                                          "Parent Relationship": "Outer",
                                          "Parallel Aware": false,
                                          "Join Type": "Inner",
                                          "Startup Cost": 38.34,
                                          "Total Cost": 12902.0,
                                          "Plan Rows": 10,
                                          "Plan Width": 39,
                                          "Actual Startup Time": 1.486,
                                          "Actual Total Time": 170.858,
                                          "Actual Rows": 525,
                                          "Actual Loops": 1,
                                          "Inner Unique": false,
                                          "Join Filter": "(t2.kind_id = kt2.id)",
                                          "Rows Removed by Join Filter": 3343,
                                          "Plans": [
                                            {
                                              "Node Type": "Seq Scan",
                                              "Parent Relationship": "Outer",
                                              "Parallel Aware": false,
                                              "Relation Name": "kind_type",
                                              "Alias": "kt2",
                                              "Startup Cost": 0.0,
                                              "Total Cost": 1.09,
                                              "Plan Rows": 1,
                                              "Plan Width": 4,
                                              "Actual Startup Time": 0.027,
                                              "Actual Total Time": 0.029,
                                              "Actual Rows": 1,
                                              "Actual Loops": 1,
                                              "Filter": "((kind)::text = 'tv series'::text COLLATE \"C\")",
                                              "Rows Removed by Filter": 6
                                            },
                                            {
                                              "Node Type": "Nested Loop",
                                              "Parent Relationship": "Inner",
                                              "Parallel Aware": false,
                                              "Join Type": "Inner",
                                              "Startup Cost": 38.34,
                                              "Total Cost": 12900.02,
                                              "Plan Rows": 71,
                                              "Plan Width": 43,
                                              "Actual Startup Time": 1.458,
                                              "Actual Total Time": 170.444,
                                              "Actual Rows": 3868,
                                              "Actual Loops": 1,
                                              "Inner Unique": true,
                                              "Join Filter": "(ml.linked_movie_id = t2.id)",
                                              "Rows Removed by Join Filter": 0,
                                              "Plans": [
                                                {
                                                  "Node Type": "Nested Loop",
                                                  "Parent Relationship": "Outer",
                                                  "Parallel Aware": false,
                                                  "Join Type": "Inner",
                                                  "Startup Cost": 37.91,
                                                  "Total Cost": 12825.71,
                                                  "Plan Rows": 122,
                                                  "Plan Width": 18,
                                                  "Actual Startup Time": 0.728,
                                                  "Actual Total Time": 97.78,
                                                  "Actual Rows": 8110,
                                                  "Actual Loops": 1,
                                                  "Inner Unique": false,
                                                  "Join Filter": "(mi_idx2.info_type_id = it2.id)",
                                                  "Rows Removed by Join Filter": 24597,
                                                  "Plans": [
                                                    {
                                                      "Node Type": "Seq Scan",
                                                      "Parent Relationship": "Outer",
                                                      "Parallel Aware": false,
                                                      "Relation Name": "info_type",
                                                      "Alias": "it2",
                                                      "Startup Cost": 0.0,
                                                      "Total Cost": 2.41,
                                                      "Plan Rows": 1,
                                                      "Plan Width": 4,
                                                      "Actual Startup Time": 0.008,
                                                      "Actual Total Time": 0.01,
                                                      "Actual Rows": 1,
                                                      "Actual Loops": 1,
                                                      "Filter": "((info)::text = 'rating'::text COLLATE \"C\")",
                                                      "Rows Removed by Filter": 112
                                                    },
                                                    {
                                                      "Node Type": "Nested Loop",
                                                      "Parent Relationship": "Inner",
                                                      "Parallel Aware": false,
                                                      "Join Type": "Inner",
                                                      "Startup Cost": 37.91,
                                                      "Total Cost": 12651.18,
                                                      "Plan Rows": 13770,
                                                      "Plan Width": 22,
                                                      "Actual Startup Time": 0.718,
                                                      "Actual Total Time": 95.366,
                                                      "Actual Rows": 32707,
                                                      "Actual Loops": 1,
                                                      "Inner Unique": false,
                                                      "Plans": [
                                                        {
                                                          "Node Type": "Nested Loop",
                                                          "Parent Relationship": "Outer",
                                                          "Parallel Aware": false,
                                                          "Join Type": "Inner",
                                                          "Startup Cost": 37.49,
                                                          "Total Cost": 612.73,
                                                          "Plan Rows": 5000,
                                                          "Plan Width": 8,
                                                          "Actual Startup Time": 0.601,
                                                          "Actual Total Time": 4.942,
                                                          "Actual Rows": 14374,
                                                          "Actual Loops": 1,
                                                          "Inner Unique": false,
                                                          "Plans": [
                                                            {
                                                              "Node Type": "Seq Scan",
                                                              "Parent Relationship": "Outer",
                                                              "Parallel Aware": false,
                                                              "Relation Name": "link_type",
                                                              "Alias": "lt",
                                                              "Startup Cost": 0.0,
                                                              "Total Cost": 1.25,
                                                              "Plan Rows": 3,
                                                              "Plan Width": 4,
                                                              "Actual Startup Time": 0.019,
                                                              "Actual Total Time": 0.027,
                                                              "Actual Rows": 3,
                                                              "Actual Loops": 1,
                                                              "Filter": "((link)::text = ANY ('{\"referenced in\",\"edited from\",references}'::text[]))",
                                                              "Rows Removed by Filter": 15
                                                            },
                                                            {
                                                              "Node Type": "Bitmap Heap Scan",
                                                              "Parent Relationship": "Inner",
                                                              "Parallel Aware": false,
                                                              "Relation Name": "movie_link",
                                                              "Alias": "ml",
                                                              "Startup Cost": 37.49,
                                                              "Total Cost": 185.08,
                                                              "Plan Rows": 1875,
                                                              "Plan Width": 12,
                                                              "Actual Startup Time": 0.273,
                                                              "Actual Total Time": 1.112,
                                                              "Actual Rows": 4791,
                                                              "Actual Loops": 3,
                                                              "Recheck Cond": "(link_type_id = lt.id)",
                                                              "Rows Removed by Index Recheck": 0,
                                                              "Exact Heap Blocks": 327,
                                                              "Lossy Heap Blocks": 0,
                                                              "Plans": [
                                                                {
                                                                  "Node Type": "Bitmap Index Scan",
                                                                  "Parent Relationship": "Outer",
                                                                  "Parallel Aware": false,
                                                                  "Index Name": "link_type_id_movie_link",
                                                                  "Startup Cost": 0.0,
                                                                  "Total Cost": 37.02,
                                                                  "Plan Rows": 1875,
                                                                  "Plan Width": 0,
                                                                  "Actual Startup Time": 0.257,
                                                                  "Actual Total Time": 0.257,
                                                                  "Actual Rows": 4791,
                                                                  "Actual Loops": 3,
                                                                  "Index Cond": "(link_type_id = lt.id)"
                                                                }
                                                              ]
                                                            }
                                                          ]
                                                        },
                                                        {
                                                          "Node Type": "Index Scan",
                                                          "Parent Relationship": "Inner",
                                                          "Parallel Aware": false,
                                                          "Scan Direction": "Forward",
                                                          "Index Name": "movie_id_movie_info_idx",
                                                          "Relation Name": "movie_info_idx",
                                                          "Alias": "mi_idx2",
                                                          "Startup Cost": 0.43,
                                                          "Total Cost": 2.38,
                                                          "Plan Rows": 3,
                                                          "Plan Width": 14,
                                                          "Actual Startup Time": 0.005,
                                                          "Actual Total Time": 0.006,
                                                          "Actual Rows": 2,
                                                          "Actual Loops": 14374,
                                                          "Index Cond": "(movie_id = ml.linked_movie_id)",
                                                          "Rows Removed by Index Recheck": 0,
                                                          "Filter": "(info < '7.6'::text)",
                                                          "Rows Removed by Filter": 0
                                                        }
                                                      ]
                                                    }
                                                  ]
                                                },
                                                {
                                                  "Node Type": "Index Scan",
                                                  "Parent Relationship": "Inner",
                                                  "Parallel Aware": false,
                                                  "Scan Direction": "Forward",
                                                  "Index Name": "title_pkey",
                                                  "Relation Name": "title",
                                                  "Alias": "t2",
                                                  "Startup Cost": 0.43,
                                                  "Total Cost": 0.6,
                                                  "Plan Rows": 1,
                                                  "Plan Width": 25,
                                                  "Actual Startup Time": 0.009,
                                                  "Actual Total Time": 0.009,
                                                  "Actual Rows": 0,
                                                  "Actual Loops": 8110,
                                                  "Index Cond": "(id = mi_idx2.movie_id)",
                                                  "Rows Removed by Index Recheck": 0,
                                                  "Filter": "((production_year >= 1998) AND (production_year <= 2012))",
                                                  "Rows Removed by Filter": 1
                                                }
                                              ]
                                            }
                                          ]
                                        },
                                        {
                                          "Node Type": "Index Scan",
                                          "Parent Relationship": "Inner",
                                          "Parallel Aware": false,
                                          "Scan Direction": "Forward",
                                          "Index Name": "movie_id_movie_info_idx",
                                          "Relation Name": "movie_info_idx",
                                          "Alias": "mi_idx1",
                                          "Startup Cost": 0.43,
                                          "Total Cost": 2.37,
                                          "Plan Rows": 3,
                                          "Plan Width": 14,
                                          "Actual Startup Time": 0.003,
                                          "Actual Total Time": 0.003,
                                          "Actual Rows": 2,
                                          "Actual Loops": 525,
                                          "Index Cond": "(movie_id = ml.movie_id)",
                                          "Rows Removed by Index Recheck": 0
                                        }
                                      ]
                                    }
                                  ]
                                },
                                {
                                  "Node Type": "Index Scan",
                                  "Parent Relationship": "Inner",
                                  "Parallel Aware": false,
                                  "Scan Direction": "Forward",
                                  "Index Name": "movie_id_movie_companies",
                                  "Relation Name": "movie_companies",
                                  "Alias": "mc1",
                                  "Startup Cost": 0.43,
                                  "Total Cost": 0.6,
                                  "Plan Rows": 5,
                                  "Plan Width": 8,
                                  "Actual Startup Time": 0.005,
                                  "Actual Total Time": 0.006,
                                  "Actual Rows": 3,
                                  "Actual Loops": 324,
                                  "Index Cond": "(movie_id = mi_idx1.movie_id)",
                                  "Rows Removed by Index Recheck": 0
                                }
                              ]
                            },
                            {
                              "Node Type": "Index Scan",
                              "Parent Relationship": "Inner",
                              "Parallel Aware": false,
                              "Scan Direction": "Forward",
                              "Index Name": "company_name_pkey",
                              "Relation Name": "company_name",
                              "Alias": "cn1",
                              "Startup Cost": 0.42,
                              "Total Cost": 0.45,
                              "Plan Rows": 1,
                              "Plan Width": 23,
                              "Actual Startup Time": 0.004,
                              "Actual Total Time": 0.004,
                              "Actual Rows": 0,
                              "Actual Loops": 1038,
                              "Index Cond": "(id = mc1.company_id)",
                              "Rows Removed by Index Recheck": 0,
                              "Filter": "((country_code)::text = '[no]'::text)",
                              "Rows Removed by Filter": 1
                            }
                          ]
                        },
                        {
                          "Node Type": "Index Scan",
                          "Parent Relationship": "Inner",
                          "Parallel Aware": false,
                          "Scan Direction": "Forward",
                          "Index Name": "movie_id_movie_companies",
                          "Relation Name": "movie_companies",
                          "Alias": "mc2",
                          "Startup Cost": 0.43,
                          "Total Cost": 0.59,
                          "Plan Rows": 5,
                          "Plan Width": 8,
                          "Actual Startup Time": 0.017,
                          "Actual Total Time": 0.026,
                          "Actual Rows": 10,
                          "Actual Loops": 1,
                          "Index Cond": "(movie_id = t2.id)",
                          "Rows Removed by Index Recheck": 0
                        }
                      ]
                    },
                    {
                      "Node Type": "Index Scan",
                      "Parent Relationship": "Inner",
                      "Parallel Aware": false,
                      "Scan Direction": "Forward",
                      "Index Name": "company_name_pkey",
                      "Relation Name": "company_name",
                      "Alias": "cn2",
                      "Startup Cost": 0.42,
                      "Total Cost": 0.44,
                      "Plan Rows": 1,
                      "Plan Width": 23,
                      "Actual Startup Time": 0.006,
                      "Actual Total Time": 0.006,
                      "Actual Rows": 1,
                      "Actual Loops": 10,
                      "Index Cond": "(id = mc2.company_id)",
                      "Rows Removed by Index Recheck": 0
                    }
                  ]
                },
                {
                  "Node Type": "Index Scan",
                  "Parent Relationship": "Inner",
                  "Parallel Aware": false,
                  "Scan Direction": "Forward",
                  "Index Name": "title_pkey",
                  "Relation Name": "title",
                  "Alias": "t1",
                  "Startup Cost": 0.43,
                  "Total Cost": 0.52,
                  "Plan Rows": 1,
                  "Plan Width": 25,
                  "Actual Startup Time": 0.003,
                  "Actual Total Time": 0.003,
                  "Actual Rows": 1,
                  "Actual Loops": 10,
                  "Index Cond": "(id = mc1.movie_id)",
                  "Rows Removed by Index Recheck": 0
                }
              ]
            },
            {
              "Node Type": "Index Scan",
              "Parent Relationship": "Inner",
              "Parallel Aware": false,
              "Scan Direction": "Forward",
              "Index Name": "kind_type_pkey",
              "Relation Name": "kind_type",
              "Alias": "kt1",
              "Startup Cost": 0.13,
              "Total Cost": 0.15,
              "Plan Rows": 1,
              "Plan Width": 4,
              "Actual Startup Time": 0.002,
              "Actual Total Time": 0.002,
              "Actual Rows": 1,
              "Actual Loops": 10,
              "Index Cond": "(id = t1.kind_id)",
              "Rows Removed by Index Recheck": 0,
              "Filter": "((kind)::text = 'tv series'::text COLLATE \"C\")",
              "Rows Removed by Filter": 0
            }
          ]
        }
      ]
    },
    "Planning Time": 186.189,
    "Triggers": [],
    "Execution Time": 179.862
  }
]