[
  {
    "Plan": {
      "Node Type": "Aggregate",
      "Strategy": "Plain",
      "Partial Mode": "Finalize",
      "Parallel Aware": false,
      "Startup Cost": 334736.85,
      "Total Cost": 334736.86,
      "Plan Rows": 1,
      "Plan Width": 8,
      "Actual Startup Time": 690.713,
      "Actual Total Time": 752.737,
      "Actual Rows": 1,
      "Actual Loops": 1,
      "Plans": [
        {
          "Node Type": "Gather",
          "Parent Relationship": "Outer",
          "Parallel Aware": false,
          "Startup Cost": 334736.22,
          "Total Cost": 334736.83,
          "Plan Rows": 6,
          "Plan Width": 8,
          "Actual Startup Time": 690.575,
          "Actual Total Time": 752.727,
          "Actual Rows": 7,
          "Actual Loops": 1,
          "Workers Planned": 6,
          "Workers Launched": 6,
          "Single Copy": false,
          "Plans": [
            {
              "Node Type": "Aggregate",
              "Strategy": "Plain",
              "Partial Mode": "Partial",
              "Parent Relationship": "Outer",
              "Parallel Aware": false,
              "Startup Cost": 333736.22,
              "Total Cost": 333736.23,
              "Plan Rows": 1,
              "Plan Width": 8,
              "Actual Startup Time": 682.143,
              "Actual Total Time": 682.144,
              "Actual Rows": 1,
              "Actual Loops": 7,
              "Plans": [
                {
                  "Node Type": "Seq Scan",
                  "Parent Relationship": "Outer",
                  "Parallel Aware": true,
                  "Relation Name": "cast_info",
                  "Alias": "ci",
                  "Startup Cost": 0.0,
                  "Total Cost": 328162.03,
                  "Plan Rows": 2229678,
                  "Plan Width": 0,
                  "Actual Startup Time": 0.049,
                  "Actual Total Time": 590.656,
                  "Actual Rows": 1910982,
                  "Actual Loops": 7,
                  "Filter": "(person_id < 1319390)",
                  "Rows Removed by Filter": 3266782
                }
              ]
            }
          ]
        }
      ]
    },
    "Planning Time": 0.19,
    "Triggers": [],
    "Execution Time": 752.809
  }
]