[
  {
    "Plan": {
      "Node Type": "Aggregate",
      "Strategy": "Plain",
      "Partial Mode": "Finalize",
      "Parallel Aware": false,
      "Startup Cost": 30732.4,
      "Total Cost": 30732.41,
      "Plan Rows": 1,
      "Plan Width": 8,
      "Actual Startup Time": 185.646,
      "Actual Total Time": 221.445,
      "Actual Rows": 1,
      "Actual Loops": 1,
      "Plans": [
        {
          "Node Type": "Gather",
          "Parent Relationship": "Outer",
          "Parallel Aware": false,
          "Startup Cost": 30732.19,
          "Total Cost": 30732.4,
          "Plan Rows": 2,
          "Plan Width": 8,
          "Actual Startup Time": 184.982,
          "Actual Total Time": 221.431,
          "Actual Rows": 3,
          "Actual Loops": 1,
          "Workers Planned": 2,
          "Workers Launched": 2,
          "Single Copy": false,
          "Plans": [
            {
              "Node Type": "Aggregate",
              "Strategy": "Plain",
              "Partial Mode": "Partial",
              "Parent Relationship": "Outer",
              "Parallel Aware": false,
              "Startup Cost": 29732.19,
              "Total Cost": 29732.2,
              "Plan Rows": 1,
              "Plan Width": 8,
              "Actual Startup Time": 176.98,
              "Actual Total Time": 176.983,
              "Actual Rows": 1,
              "Actual Loops": 3,
              "Plans": [
                {
                  "Node Type": "Nested Loop",
                  "Parent Relationship": "Outer",
                  "Parallel Aware": false,
                  "Join Type": "Inner",
                  "Startup Cost": 100.49,
                  "Total Cost": 29664.66,
                  "Plan Rows": 27010,
                  "Plan Width": 0,
                  "Actual Startup Time": 2.203,
                  "Actual Total Time": 171.957,
                  "Actual Rows": 46837,
                  "Actual Loops": 3,
                  "Inner Unique": false,
                  "Plans": [
                    {
                      "Node Type": "Nested Loop",
                      "Parent Relationship": "Outer",
                      "Parallel Aware": false,
                      "Join Type": "Inner",
                      "Startup Cost": 99.92,
                      "Total Cost": 25540.1,
                      "Plan Rows": 1885,
                      "Plan Width": 8,
                      "Actual Startup Time": 1.978,
                      "Actual Total Time": 21.399,
                      "Actual Rows": 1353,
                      "Actual Loops": 3,
                      "Inner Unique": true,
                      "Plans": [
                        {
                          "Node Type": "Bitmap Heap Scan",
                          "Parent Relationship": "Outer",
                          "Parallel Aware": true,
                          "Relation Name": "movie_keyword",
                          "Alias": "mk",
                          "Startup Cost": 99.49,
                          "Total Cost": 11574.9,
                          "Plan Rows": 1885,
                          "Plan Width": 4,
                          "Actual Startup Time": 1.777,
                          "Actual Total Time": 6.551,
                          "Actual Rows": 1353,
                          "Actual Loops": 3,
                          "Recheck Cond": "(keyword_id = 648)",
                          "Rows Removed by Index Recheck": 0,
                          "Exact Heap Blocks": 1803,
                          "Lossy Heap Blocks": 0,
                          "Plans": [
                            {
                              "Node Type": "Bitmap Index Scan",
                              "Parent Relationship": "Outer",
                              "Parallel Aware": false,
                              "Index Name": "keyword_id_movie_keyword",
                              "Startup Cost": 0.0,
                              "Total Cost": 98.36,
                              "Plan Rows": 4524,
                              "Plan Width": 0,
                              "Actual Startup Time": 3.636,
                              "Actual Total Time": 3.637,
                              "Actual Rows": 4059,
                              "Actual Loops": 1,
                              "Index Cond": "(keyword_id = 648)"
                            }
                          ]
                        },
                        {
                          "Node Type": "Index Only Scan",
                          "Parent Relationship": "Inner",
                          "Parallel Aware": false,
                          "Scan Direction": "Forward",
                          "Index Name": "title_pkey",
                          "Relation Name": "title",
                          "Alias": "t",
                          "Startup Cost": 0.43,
                          "Total Cost": 7.41,
                          "Plan Rows": 1,
                          "Plan Width": 4,
                          "Actual Startup Time": 0.01,
                          "Actual Total Time": 0.01,
                          "Actual Rows": 1,
                          "Actual Loops": 4059,
                          "Index Cond": "(id = mk.movie_id)",
                          "Rows Removed by Index Recheck": 0,
                          "Heap Fetches": 4059
                        }
                      ]
                    },
                    {
                      "Node Type": "Index Only Scan",
                      "Parent Relationship": "Inner",
                      "Parallel Aware": false,
                      "Scan Direction": "Forward",
                      "Index Name": "movie_id_cast_info",
                      "Relation Name": "cast_info",
                      "Alias": "ci",
                      "Startup Cost": 0.56,
                      "Total Cost": 1.82,
                      "Plan Rows": 37,
                      "Plan Width": 4,
                      "Actual Startup Time": 0.014,
                      "Actual Total Time": 0.106,
                      "Actual Rows": 35,
                      "Actual Loops": 4059,
                      "Index Cond": "(movie_id = t.id)",
                      "Rows Removed by Index Recheck": 0,
                      "Heap Fetches": 140510
                    }
                  ]
                }
              ]
            }
          ]
        }
      ]
    },
    "Planning Time": 1.347,
    "Triggers": [],
    "Execution Time": 221.563
  }
]