[
  {
    "Plan": {
      "Node Type": "Aggregate",
      "Strategy": "Plain",
      "Partial Mode": "Finalize",
      "Parallel Aware": false,
      "Startup Cost": 90038.3,
      "Total Cost": 90038.31,
      "Plan Rows": 1,
      "Plan Width": 8,
      "Actual Startup Time": 323.175,
      "Actual Total Time": 340.43,
      "Actual Rows": 1,
      "Actual Loops": 1,
      "Plans": [
        {
          "Node Type": "Gather",
          "Parent Relationship": "Outer",
          "Parallel Aware": false,
          "Startup Cost": 90037.98,
          "Total Cost": 90038.29,
          "Plan Rows": 3,
          "Plan Width": 8,
          "Actual Startup Time": 319.503,
          "Actual Total Time": 340.422,
          "Actual Rows": 4,
          "Actual Loops": 1,
          "Workers Planned": 3,
          "Workers Launched": 3,
          "Single Copy": false,
          "Plans": [
            {
              "Node Type": "Aggregate",
              "Strategy": "Plain",
              "Partial Mode": "Partial",
              "Parent Relationship": "Outer",
              "Parallel Aware": false,
              "Startup Cost": 89037.98,
              "Total Cost": 89037.99,
              "Plan Rows": 1,
              "Plan Width": 8,
              "Actual Startup Time": 313.753,
              "Actual Total Time": 313.759,
              "Actual Rows": 1,
              "Actual Loops": 4,
              "Plans": [
                {
                  "Node Type": "Hash Join",
                  "Parent Relationship": "Outer",
                  "Parallel Aware": true,
                  "Join Type": "Inner",
                  "Startup Cost": 61217.98,
                  "Total Cost": 88931.0,
                  "Plan Rows": 42794,
                  "Plan Width": 0,
                  "Actual Startup Time": 218.83,
                  "Actual Total Time": 307.956,
                  "Actual Rows": 99441,
                  "Actual Loops": 4,
                  "Inner Unique": true,
                  "Hash Cond": "(mk.movie_id = t.id)",
                  "Plans": [
                    {
                      "Node Type": "Bitmap Heap Scan",
                      "Parent Relationship": "Outer",
                      "Parallel Aware": true,
                      "Relation Name": "movie_keyword",
                      "Alias": "mk",
                      "Startup Cost": 14169.15,
                      "Total Cost": 41316.54,
                      "Plan Rows": 215472,
                      "Plan Width": 4,
                      "Actual Startup Time": 40.731,
                      "Actual Total Time": 109.701,
                      "Actual Rows": 167234,
                      "Actual Loops": 4,
                      "Recheck Cond": "(keyword_id > 28003)",
                      "Rows Removed by Index Recheck": 0,
                      "Exact Heap Blocks": 9607,
                      "Lossy Heap Blocks": 0,
                      "Plans": [
                        {
                          "Node Type": "Bitmap Index Scan",
                          "Parent Relationship": "Outer",
                          "Parallel Aware": false,
                          "Index Name": "keyword_id_movie_keyword",
                          "Startup Cost": 0.0,
                          "Total Cost": 14002.16,
                          "Plan Rows": 667963,
                          "Plan Width": 0,
                          "Actual Startup Time": 37.27,
                          "Actual Total Time": 37.27,
                          "Actual Rows": 668938,
                          "Actual Loops": 1,
                          "Index Cond": "(keyword_id > 28003)"
                        }
                      ]
                    },
                    {
                      "Node Type": "Hash",
                      "Parent Relationship": "Inner",
                      "Parallel Aware": true,
                      "Startup Cost": 45479.59,
                      "Total Cost": 45479.59,
                      "Plan Rows": 125540,
                      "Plan Width": 4,
                      "Actual Startup Time": 152.32,
                      "Actual Total Time": 152.321,
                      "Actual Rows": 131032,
                      "Actual Loops": 4,
                      "Hash Buckets": 524288,
                      "Original Hash Buckets": 524288,
                      "Hash Batches": 1,
                      "Original Hash Batches": 1,
                      "Peak Memory Usage": 24640,
                      "Plans": [
                        {
                          "Node Type": "Seq Scan",
                          "Parent Relationship": "Outer",
                          "Parallel Aware": true,
                          "Relation Name": "title",
                          "Alias": "t",
                          "Startup Cost": 0.0,
                          "Total Cost": 45479.59,
                          "Plan Rows": 125540,
                          "Plan Width": 4,
                          "Actual Startup Time": 56.281,
                          "Actual Total Time": 108.578,
                          "Actual Rows": 131032,
                          "Actual Loops": 4,
                          "Filter": "((kind_id < 2) AND (production_year < 2010))",
                          "Rows Removed by Filter": 501046
                        }
                      ]
                    }
                  ]
                }
              ]
            }
          ]
        }
      ]
    },
    "Planning Time": 0.302,
    "Triggers": [],
    "Execution Time": 340.482
  }
]