[
  {
    "Plan": {
      "Node Type": "Aggregate",
      "Strategy": "Plain",
      "Partial Mode": "Finalize",
      "Parallel Aware": false,
      "Startup Cost": 90432.96,
      "Total Cost": 90432.97,
      "Plan Rows": 1,
      "Plan Width": 8,
      "Actual Startup Time": 408.457,
      "Actual Total Time": 427.529,
      "Actual Rows": 1,
      "Actual Loops": 1,
      "Plans": [
        {
          "Node Type": "Gather",
          "Parent Relationship": "Outer",
          "Parallel Aware": false,
          "Startup Cost": 90432.65,
          "Total Cost": 90432.96,
          "Plan Rows": 3,
          "Plan Width": 8,
          "Actual Startup Time": 405.408,
          "Actual Total Time": 427.515,
          "Actual Rows": 4,
          "Actual Loops": 1,
          "Workers Planned": 3,
          "Workers Launched": 3,
          "Single Copy": false,
          "Plans": [
            {
              "Node Type": "Aggregate",
              "Strategy": "Plain",
              "Partial Mode": "Partial",
              "Parent Relationship": "Outer",
              "Parallel Aware": false,
              "Startup Cost": 89432.65,
              "Total Cost": 89432.66,
              "Plan Rows": 1,
              "Plan Width": 8,
              "Actual Startup Time": 396.209,
              "Actual Total Time": 396.216,
              "Actual Rows": 1,
              "Actual Loops": 4,
              "Plans": [
                {
                  "Node Type": "Hash Join",
                  "Parent Relationship": "Outer",
                  "Parallel Aware": true,
                  "Join Type": "Inner",
                  "Startup Cost": 61537.66,
                  "Total Cost": 89322.91,
                  "Plan Rows": 43896,
                  "Plan Width": 0,
                  "Actual Startup Time": 290.988,
                  "Actual Total Time": 390.165,
                  "Actual Rows": 99441,
                  "Actual Loops": 4,
                  "Inner Unique": true,
                  "Hash Cond": "(mk.movie_id = t.id)",
                  "Plans": [
                    {
                      "Node Type": "Bitmap Heap Scan",
                      "Parent Relationship": "Outer",
                      "Parallel Aware": true,
                      "Relation Name": "movie_keyword",
                      "Alias": "mk",
                      "Startup Cost": 14483.88,
                      "Total Cost": 41690.98,
                      "Plan Rows": 220248,
                      "Plan Width": 4,
                      "Actual Startup Time": 85.003,
                      "Actual Total Time": 164.601,
                      "Actual Rows": 167234,
                      "Actual Loops": 4,
                      "Recheck Cond": "(keyword_id > 28003)",
                      "Rows Removed by Index Recheck": 0,
                      "Exact Heap Blocks": 6497,
                      "Lossy Heap Blocks": 0,
                      "Plans": [
                        {
                          "Node Type": "Bitmap Index Scan",
                          "Parent Relationship": "Outer",
                          "Parallel Aware": false,
                          "Index Name": "keyword_id_movie_keyword",
                          "Startup Cost": 0.0,
                          "Total Cost": 14313.19,
                          "Plan Rows": 682768,
                          "Plan Width": 0,
                          "Actual Startup Time": 79.273,
                          "Actual Total Time": 79.274,
                          "Actual Rows": 668938,
                          "Actual Loops": 1,
                          "Index Cond": "(keyword_id > 28003)"
                        }
                      ]
                    },
                    {
                      "Node Type": "Hash",
                      "Parent Relationship": "Inner",
                      "Parallel Aware": true,
                      "Startup Cost": 45479.1,
                      "Total Cost": 45479.1,
                      "Plan Rows": 125974,
                      "Plan Width": 4,
                      "Actual Startup Time": 171.152,
                      "Actual Total Time": 171.156,
                      "Actual Rows": 131032,
                      "Actual Loops": 4,
                      "Hash Buckets": 524288,
                      "Original Hash Buckets": 524288,
                      "Hash Batches": 1,
                      "Original Hash Batches": 1,
                      "Peak Memory Usage": 24640,
                      "Plans": [
                        {
                          "Node Type": "Seq Scan",
                          "Parent Relationship": "Outer",
                          "Parallel Aware": true,
                          "Relation Name": "title",
                          "Alias": "t",
                          "Startup Cost": 0.0,
                          "Total Cost": 45479.1,
                          "Plan Rows": 125974,
                          "Plan Width": 4,
                          "Actual Startup Time": 67.386,
                          "Actual Total Time": 121.581,
                          "Actual Rows": 131032,
                          "Actual Loops": 4,
                          "Filter": "((kind_id < 2) AND (production_year < 2010))",
                          "Rows Removed by Filter": 501046
                        }
                      ]
                    }
                  ]
                }
              ]
            }
          ]
        }
      ]
    },
    "Planning Time": 0.616,
    "Triggers": [],
    "Execution Time": 427.634
  }
]