[
  {
    "Plan": {
      "Node Type": "Aggregate",
      "Strategy": "Plain",
      "Partial Mode": "Finalize",
      "Parallel Aware": false,
      "Startup Cost": 426838.62,
      "Total Cost": 426838.63,
      "Plan Rows": 1,
      "Plan Width": 8,
      "Actual Startup Time": 1877.716,
      "Actual Total Time": 1945.289,
      "Actual Rows": 1,
      "Actual Loops": 1,
      "Plans": [
        {
          "Node Type": "Gather",
          "Parent Relationship": "Outer",
          "Parallel Aware": false,
          "Startup Cost": 426837.99,
          "Total Cost": 426838.6,
          "Plan Rows": 6,
          "Plan Width": 8,
          "Actual Startup Time": 1871.26,
          "Actual Total Time": 1945.278,
          "Actual Rows": 7,
          "Actual Loops": 1,
          "Workers Planned": 6,
          "Workers Launched": 6,
          "Single Copy": false,
          "Plans": [
            {
              "Node Type": "Aggregate",
              "Strategy": "Plain",
              "Partial Mode": "Partial",
              "Parent Relationship": "Outer",
              "Parallel Aware": false,
              "Startup Cost": 425837.99,
              "Total Cost": 425838.0,
              "Plan Rows": 1,
              "Plan Width": 8,
              "Actual Startup Time": 1860.352,
              "Actual Total Time": 1860.429,
              "Actual Rows": 1,
              "Actual Loops": 7,
              "Plans": [
                {
                  "Node Type": "Hash Join",
                  "Parent Relationship": "Outer",
                  "Parallel Aware": true,
                  "Join Type": "Inner",
                  "Startup Cost": 82188.99,
                  "Total Cost": 421868.26,
                  "Plan Rows": 1587894,
                  "Plan Width": 0,
                  "Actual Startup Time": 253.701,
                  "Actual Total Time": 1761.976,
                  "Actual Rows": 2183412,
                  "Actual Loops": 7,
                  "Inner Unique": false,
                  "Hash Cond": "(ci.movie_id = t.id)",
                  "Plans": [
                    {
                      "Node Type": "Seq Scan",
                      "Parent Relationship": "Outer",
                      "Parallel Aware": true,
                      "Relation Name": "cast_info",
                      "Alias": "ci",
                      "Startup Cost": 0.0,
                      "Total Cost": 313067.02,
                      "Plan Rows": 6038002,
                      "Plan Width": 4,
                      "Actual Startup Time": 0.02,
                      "Actual Total Time": 514.255,
                      "Actual Rows": 5177763,
                      "Actual Loops": 7
                    },
                    {
                      "Node Type": "Hash",
                      "Parent Relationship": "Inner",
                      "Parallel Aware": true,
                      "Startup Cost": 80111.18,
                      "Total Cost": 80111.18,
                      "Plan Rows": 166225,
                      "Plan Width": 8,
                      "Actual Startup Time": 250.341,
                      "Actual Total Time": 250.416,
                      "Actual Rows": 61715,
                      "Actual Loops": 7,
                      "Hash Buckets": 1048576,
                      "Original Hash Buckets": 1048576,
                      "Hash Batches": 1,
                      "Original Hash Batches": 1,
                      "Peak Memory Usage": 25152,
                      "Plans": [
                        {
                          "Node Type": "Hash Join",
                          "Parent Relationship": "Outer",
                          "Parallel Aware": true,
                          "Join Type": "Inner",
                          "Startup Cost": 34095.87,
                          "Total Cost": 80111.18,
                          "Plan Rows": 166225,
                          "Plan Width": 8,
                          "Actual Startup Time": 160.315,
                          "Actual Total Time": 222.664,
                          "Actual Rows": 61715,
                          "Actual Loops": 7,
                          "Inner Unique": false,
                          "Hash Cond": "(t.id = mc.movie_id)",
                          "Plans": [
                            {
                              "Node Type": "Seq Scan",
                              "Parent Relationship": "Outer",
                              "Parallel Aware": true,
                              "Relation Name": "title",
                              "Alias": "t",
                              "Startup Cost": 0.0,
                              "Total Cost": 42318.73,
                              "Plan Rows": 632073,
                              "Plan Width": 4,
                              "Actual Startup Time": 0.015,
                              "Actual Total Time": 51.806,
                              "Actual Rows": 361187,
                              "Actual Loops": 7
                            },
                            {
                              "Node Type": "Hash",
                              "Parent Relationship": "Inner",
                              "Parallel Aware": true,
                              "Startup Cost": 31414.82,
                              "Total Cost": 31414.82,
                              "Plan Rows": 214484,
                              "Plan Width": 4,
                              "Actual Startup Time": 92.327,
                              "Actual Total Time": 92.328,
                              "Actual Rows": 61715,
                              "Actual Loops": 7,
                              "Hash Buckets": 1048576,
                              "Original Hash Buckets": 1048576,
                              "Hash Batches": 1,
                              "Original Hash Batches": 1,
                              "Peak Memory Usage": 25248,
                              "Plans": [
                                {
                                  "Node Type": "Seq Scan",
                                  "Parent Relationship": "Outer",
                                  "Parallel Aware": true,
                                  "Relation Name": "movie_companies",
                                  "Alias": "mc",
                                  "Startup Cost": 0.0,
                                  "Total Cost": 31414.82,
                                  "Plan Rows": 214484,
                                  "Plan Width": 4,
                                  "Actual Startup Time": 16.859,
                                  "Actual Total Time": 59.356,
                                  "Actual Rows": 61715,
                                  "Actual Loops": 7,
                                  "Filter": "((company_id > 11149) AND (company_type_id = 1))",
                                  "Rows Removed by Filter": 311017
                                }
                              ]
                            }
                          ]
                        }
                      ]
                    }
                  ]
                }
              ]
            }
          ]
        }
      ]
    },
    "Planning Time": 1.454,
    "Triggers": [],
    "Execution Time": 1945.392
  }
]