[
  {
    "Plan": {
      "Node Type": "Aggregate",
      "Strategy": "Plain",
      "Partial Mode": "Finalize",
      "Parallel Aware": false,
      "Startup Cost": 587664.67,
      "Total Cost": 587664.68,
      "Plan Rows": 1,
      "Plan Width": 8,
      "Actual Startup Time": 1851.074,
      "Actual Total Time": 1903.54,
      "Actual Rows": 1,
      "Actual Loops": 1,
      "Plans": [
        {
          "Node Type": "Gather",
          "Parent Relationship": "Outer",
          "Parallel Aware": false,
          "Startup Cost": 587664.14,
          "Total Cost": 587664.65,
          "Plan Rows": 5,
          "Plan Width": 8,
          "Actual Startup Time": 1831.364,
          "Actual Total Time": 1903.526,
          "Actual Rows": 6,
          "Actual Loops": 1,
          "Workers Planned": 5,
          "Workers Launched": 5,
          "Single Copy": false,
          "Plans": [
            {
              "Node Type": "Aggregate",
              "Strategy": "Plain",
              "Partial Mode": "Partial",
              "Parent Relationship": "Outer",
              "Parallel Aware": false,
              "Startup Cost": 586664.14,
              "Total Cost": 586664.15,
              "Plan Rows": 1,
              "Plan Width": 8,
              "Actual Startup Time": 1822.009,
              "Actual Total Time": 1822.155,
              "Actual Rows": 1,
              "Actual Loops": 6,
              "Plans": [
                {
                  "Node Type": "Hash Join",
                  "Parent Relationship": "Outer",
                  "Parallel Aware": true,
                  "Join Type": "Inner",
                  "Startup Cost": 380645.1,
                  "Total Cost": 584759.73,
                  "Plan Rows": 761766,
                  "Plan Width": 0,
                  "Actual Startup Time": 1036.723,
                  "Actual Total Time": 1772.188,
                  "Actual Rows": 1211940,
                  "Actual Loops": 6,
                  "Inner Unique": false,
                  "Hash Cond": "(mi.movie_id = t.id)",
                  "Plans": [
                    {
                      "Node Type": "Seq Scan",
                      "Parent Relationship": "Outer",
                      "Parallel Aware": true,
                      "Relation Name": "movie_info",
                      "Alias": "mi",
                      "Startup Cost": 0.0,
                      "Total Cost": 199108.24,
                      "Plan Rows": 996473,
                      "Plan Width": 4,
                      "Actual Startup Time": 0.029,
                      "Actual Total Time": 324.28,
                      "Actual Rows": 820661,
                      "Actual Loops": 6,
                      "Filter": "(info_type_id < 5)",
                      "Rows Removed by Filter": 1651959
                    },
                    {
                      "Node Type": "Hash",
                      "Parent Relationship": "Inner",
                      "Parallel Aware": true,
                      "Startup Cost": 376618.26,
                      "Total Cost": 376618.26,
                      "Plan Rows": 322147,
                      "Plan Width": 8,
                      "Actual Startup Time": 1033.053,
                      "Actual Total Time": 1033.197,
                      "Actual Rows": 483415,
                      "Actual Loops": 6,
                      "Hash Buckets": 4194304,
                      "Original Hash Buckets": 2097152,
                      "Hash Batches": 1,
                      "Original Hash Batches": 1,
                      "Peak Memory Usage": 162688,
                      "Plans": [
                        {
                          "Node Type": "Hash Join",
                          "Parent Relationship": "Outer",
                          "Parallel Aware": true,
                          "Join Type": "Inner",
                          "Startup Cost": 115647.26,
                          "Total Cost": 376618.26,
                          "Plan Rows": 322147,
                          "Plan Width": 8,
                          "Actual Startup Time": 401.314,
                          "Actual Total Time": 768.291,
                          "Actual Rows": 483415,
                          "Actual Loops": 6,
                          "Inner Unique": true,
                          "Hash Cond": "(ci.movie_id = t.id)",
                          "Plans": [
                            {
                              "Node Type": "Bitmap Heap Scan",
                              "Parent Relationship": "Outer",
                              "Parallel Aware": true,
                              "Relation Name": "cast_info",
                              "Alias": "ci",
                              "Startup Cost": 65426.88,
                              "Total Cost": 325552.25,
                              "Plan Rows": 322147,
                              "Plan Width": 4,
                              "Actual Startup Time": 122.698,
                              "Actual Total Time": 250.354,
                              "Actual Rows": 483415,
                              "Actual Loops": 6,
                              "Recheck Cond": "(person_id > 3517902)",
                              "Rows Removed by Index Recheck": 0,
                              "Filter": "(role_id > 1)",
                              "Rows Removed by Filter": 0,
                              "Exact Heap Blocks": 7585,
                              "Lossy Heap Blocks": 0,
                              "Plans": [
                                {
                                  "Node Type": "Bitmap Index Scan",
                                  "Parent Relationship": "Outer",
                                  "Parallel Aware": false,
                                  "Index Name": "person_id_cast_info",
                                  "Startup Cost": 0.0,
                                  "Total Cost": 64943.66,
                                  "Plan Rows": 2975346,
                                  "Plan Width": 0,
                                  "Actual Startup Time": 115.927,
                                  "Actual Total Time": 115.927,
                                  "Actual Rows": 2900490,
                                  "Actual Loops": 1,
                                  "Index Cond": "(person_id > 3517902)"
                                }
                              ]
                            },
                            {
                              "Node Type": "Hash",
                              "Parent Relationship": "Inner",
                              "Parallel Aware": true,
                              "Startup Cost": 42319.06,
                              "Total Cost": 42319.06,
                              "Plan Rows": 632106,
                              "Plan Width": 4,
                              "Actual Startup Time": 274.003,
                              "Actual Total Time": 274.005,
                              "Actual Rows": 421385,
                              "Actual Loops": 6,
                              "Hash Buckets": 4194304,
                              "Original Hash Buckets": 4194304,
                              "Hash Batches": 1,
                              "Original Hash Batches": 1,
                              "Peak Memory Usage": 131776,
                              "Plans": [
                                {
                                  "Node Type": "Seq Scan",
                                  "Parent Relationship": "Outer",
                                  "Parallel Aware": true,
                                  "Relation Name": "title",
                                  "Alias": "t",
                                  "Startup Cost": 0.0,
                                  "Total Cost": 42319.06,
                                  "Plan Rows": 632106,
                                  "Plan Width": 4,
                                  "Actual Startup Time": 0.044,
                                  "Actual Total Time": 78.238,
                                  "Actual Rows": 421385,
                                  "Actual Loops": 6
                                }
                              ]
                            }
                          ]
                        }
                      ]
                    }
                  ]
                }
              ]
            }
          ]
        }
      ]
    },
    "Planning Time": 0.461,
    "Triggers": [],
    "Execution Time": 1903.616
  }
]