[
  {
    "Plan": {
      "Node Type": "Aggregate",
      "Strategy": "Plain",
      "Partial Mode": "Finalize",
      "Parallel Aware": false,
      "Startup Cost": 33473.92,
      "Total Cost": 33473.93,
      "Plan Rows": 1,
      "Plan Width": 8,
      "Actual Startup Time": 99.137,
      "Actual Total Time": 107.083,
      "Actual Rows": 1,
      "Actual Loops": 1,
      "Plans": [
        {
          "Node Type": "Gather",
          "Parent Relationship": "Outer",
          "Parallel Aware": false,
          "Startup Cost": 33473.6,
          "Total Cost": 33473.91,
          "Plan Rows": 3,
          "Plan Width": 8,
          "Actual Startup Time": 99.026,
          "Actual Total Time": 107.074,
          "Actual Rows": 4,
          "Actual Loops": 1,
          "Workers Planned": 3,
          "Workers Launched": 3,
          "Single Copy": false,
          "Plans": [
            {
              "Node Type": "Aggregate",
              "Strategy": "Plain",
              "Partial Mode": "Partial",
              "Parent Relationship": "Outer",
              "Parallel Aware": false,
              "Startup Cost": 32473.6,
              "Total Cost": 32473.61,
              "Plan Rows": 1,
              "Plan Width": 8,
              "Actual Startup Time": 94.039,
              "Actual Total Time": 94.04,
              "Actual Rows": 1,
              "Actual Loops": 4,
              "Plans": [
                {
                  "Node Type": "Seq Scan",
                  "Parent Relationship": "Outer",
                  "Parallel Aware": true,
                  "Relation Name": "movie_companies",
                  "Alias": "mc",
                  "Startup Cost": 0.0,
                  "Total Cost": 31414.82,
                  "Plan Rows": 423513,
                  "Plan Width": 0,
                  "Actual Startup Time": 39.263,
                  "Actual Total Time": 79.353,
                  "Actual Rows": 323705,
                  "Actual Loops": 4,
                  "Filter": "((company_id < 199390) AND (company_type_id = 2))",
                  "Rows Removed by Filter": 328577
                }
              ]
            }
          ]
        }
      ]
    },
    "Planning Time": 0.213,
    "Triggers": [],
    "Execution Time": 107.146
  }
]