[
    {
        "Bao": {
            "Bao prediction": "NaN",
            "Bao recommended hint": "(no hint)"
        }
    },
    {
        "Plan": {
            "Node Type": "Aggregate",
            "Strategy": "Plain",
            "Partial Mode": "Finalize",
            "Parallel Aware": false,
            "Startup Cost": 249601.27,
            "Total Cost": 249601.28,
            "Plan Rows": 1,
            "Plan Width": 8,
            "Actual Startup Time": 518.275,
            "Actual Total Time": 542.439,
            "Actual Rows": 1,
            "Actual Loops": 1,
            "Output": [
                "count(*)"
            ],
            "Plans": [
                {
                    "Node Type": "Gather",
                    "Parent Relationship": "Outer",
                    "Parallel Aware": false,
                    "Startup Cost": 249600.75,
                    "Total Cost": 249601.26,
                    "Plan Rows": 5,
                    "Plan Width": 8,
                    "Actual Startup Time": 517.757,
                    "Actual Total Time": 542.43,
                    "Actual Rows": 6,
                    "Actual Loops": 1,
                    "Output": [
                        "(PARTIAL count(*))"
                    ],
                    "Workers Planned": 5,
                    "Workers Launched": 5,
                    "Single Copy": false,
                    "Plans": [
                        {
                            "Node Type": "Aggregate",
                            "Strategy": "Plain",
                            "Partial Mode": "Partial",
                            "Parent Relationship": "Outer",
                            "Parallel Aware": false,
                            "Startup Cost": 248600.75,
                            "Total Cost": 248600.76,
                            "Plan Rows": 1,
                            "Plan Width": 8,
                            "Actual Startup Time": 508.383,
                            "Actual Total Time": 508.386,
                            "Actual Rows": 1,
                            "Actual Loops": 6,
                            "Output": [
                                "PARTIAL count(*)"
                            ],
                            "Workers": [
                                {
                                    "Worker Number": 0,
                                    "Actual Startup Time": 505.826,
                                    "Actual Total Time": 505.828,
                                    "Actual Rows": 1,
                                    "Actual Loops": 1
                                },
                                {
                                    "Worker Number": 1,
                                    "Actual Startup Time": 506.17,
                                    "Actual Total Time": 506.172,
                                    "Actual Rows": 1,
                                    "Actual Loops": 1
                                },
                                {
                                    "Worker Number": 2,
                                    "Actual Startup Time": 506.627,
                                    "Actual Total Time": 506.63,
                                    "Actual Rows": 1,
                                    "Actual Loops": 1
                                },
                                {
                                    "Worker Number": 3,
                                    "Actual Startup Time": 507.096,
                                    "Actual Total Time": 507.098,
                                    "Actual Rows": 1,
                                    "Actual Loops": 1
                                },
                                {
                                    "Worker Number": 4,
                                    "Actual Startup Time": 507.206,
                                    "Actual Total Time": 507.209,
                                    "Actual Rows": 1,
                                    "Actual Loops": 1
                                }
                            ],
                            "Plans": [
                                {
                                    "Node Type": "Hash Join",
                                    "Parent Relationship": "Outer",
                                    "Parallel Aware": true,
                                    "Join Type": "Inner",
                                    "Startup Cost": 45682.56,
                                    "Total Cost": 248504.15,
                                    "Plan Rows": 38639,
                                    "Plan Width": 0,
                                    "Actual Startup Time": 91.551,
                                    "Actual Total Time": 506.247,
                                    "Actual Rows": 35932,
                                    "Actual Loops": 6,
                                    "Inner Unique": true,
                                    "Hash Cond": "(mi.movie_id = t.id)",
                                    "Workers": [
                                        {
                                            "Worker Number": 0,
                                            "Actual Startup Time": 88.855,
                                            "Actual Total Time": 503.747,
                                            "Actual Rows": 35516,
                                            "Actual Loops": 1
                                        },
                                        {
                                            "Worker Number": 1,
                                            "Actual Startup Time": 89.355,
                                            "Actual Total Time": 504.106,
                                            "Actual Rows": 35170,
                                            "Actual Loops": 1
                                        },
                                        {
                                            "Worker Number": 2,
                                            "Actual Startup Time": 89.856,
                                            "Actual Total Time": 504.448,
                                            "Actual Rows": 36286,
                                            "Actual Loops": 1
                                        },
                                        {
                                            "Worker Number": 3,
                                            "Actual Startup Time": 90.277,
                                            "Actual Total Time": 504.775,
                                            "Actual Rows": 23442,
                                            "Actual Loops": 1
                                        },
                                        {
                                            "Worker Number": 4,
                                            "Actual Startup Time": 90.418,
                                            "Actual Total Time": 505.056,
                                            "Actual Rows": 36319,
                                            "Actual Loops": 1
                                        }
                                    ],
                                    "Plans": [
                                        {
                                            "Node Type": "Seq Scan",
                                            "Parent Relationship": "Outer",
                                            "Parallel Aware": true,
                                            "Relation Name": "movie_info",
                                            "Schema": "public",
                                            "Alias": "mi",
                                            "Startup Cost": 0.0,
                                            "Total Cost": 198880.74,
                                            "Plan Rows": 1501273,
                                            "Plan Width": 4,
                                            "Actual Startup Time": 14.212,
                                            "Actual Total Time": 301.758,
                                            "Actual Rows": 1258142,
                                            "Actual Loops": 6,
                                            "Output": [
                                                "mi.id",
                                                "mi.movie_id",
                                                "mi.info_type_id",
                                                "mi.info",
                                                "mi.note"
                                            ],
                                            "Filter": "(mi.info_type_id > 7)",
                                            "Rows Removed by Filter": 1214478,
                                            "Workers": [
                                                {
                                                    "Worker Number": 0,
                                                    "Actual Startup Time": 14.252,
                                                    "Actual Total Time": 307.877,
                                                    "Actual Rows": 1222841,
                                                    "Actual Loops": 1
                                                },
                                                {
                                                    "Worker Number": 1,
                                                    "Actual Startup Time": 14.129,
                                                    "Actual Total Time": 308.26,
                                                    "Actual Rows": 1239932,
                                                    "Actual Loops": 1
                                                },
                                                {
                                                    "Worker Number": 2,
                                                    "Actual Startup Time": 14.238,
                                                    "Actual Total Time": 304.121,
                                                    "Actual Rows": 1271866,
                                                    "Actual Loops": 1
                                                },
                                                {
                                                    "Worker Number": 3,
                                                    "Actual Startup Time": 14.235,
                                                    "Actual Total Time": 303.319,
                                                    "Actual Rows": 827231,
                                                    "Actual Loops": 1
                                                },
                                                {
                                                    "Worker Number": 4,
                                                    "Actual Startup Time": 14.148,
                                                    "Actual Total Time": 303.431,
                                                    "Actual Rows": 1259725,
                                                    "Actual Loops": 1
                                                }
                                            ]
                                        },
                                        {
                                            "Node Type": "Hash",
                                            "Parent Relationship": "Inner",
                                            "Parallel Aware": true,
                                            "Startup Cost": 45479.21,
                                            "Total Cost": 45479.21,
                                            "Plan Rows": 16268,
                                            "Plan Width": 4,
                                            "Actual Startup Time": 76.402,
                                            "Actual Total Time": 76.403,
                                            "Actual Rows": 8984,
                                            "Actual Loops": 6,
                                            "Output": [
                                                "t.id"
                                            ],
                                            "Hash Buckets": 65536,
                                            "Original Hash Buckets": 65536,
                                            "Hash Batches": 1,
                                            "Original Hash Batches": 1,
                                            "Peak Memory Usage": 2720,
                                            "Workers": [
                                                {
                                                    "Worker Number": 0,
                                                    "Actual Startup Time": 73.834,
                                                    "Actual Total Time": 73.835,
                                                    "Actual Rows": 8101,
                                                    "Actual Loops": 1
                                                },
                                                {
                                                    "Worker Number": 1,
                                                    "Actual Startup Time": 74.182,
                                                    "Actual Total Time": 74.183,
                                                    "Actual Rows": 8217,
                                                    "Actual Loops": 1
                                                },
                                                {
                                                    "Worker Number": 2,
                                                    "Actual Startup Time": 74.658,
                                                    "Actual Total Time": 74.659,
                                                    "Actual Rows": 8125,
                                                    "Actual Loops": 1
                                                },
                                                {
                                                    "Worker Number": 3,
                                                    "Actual Startup Time": 75.046,
                                                    "Actual Total Time": 75.047,
                                                    "Actual Rows": 5912,
                                                    "Actual Loops": 1
                                                },
                                                {
                                                    "Worker Number": 4,
                                                    "Actual Startup Time": 75.209,
                                                    "Actual Total Time": 75.21,
                                                    "Actual Rows": 8421,
                                                    "Actual Loops": 1
                                                }
                                            ],
                                            "Plans": [
                                                {
                                                    "Node Type": "Seq Scan",
                                                    "Parent Relationship": "Outer",
                                                    "Parallel Aware": true,
                                                    "Relation Name": "title",
                                                    "Schema": "public",
                                                    "Alias": "t",
                                                    "Startup Cost": 0.0,
                                                    "Total Cost": 45479.21,
                                                    "Plan Rows": 16268,
                                                    "Plan Width": 4,
                                                    "Actual Startup Time": 0.178,
                                                    "Actual Total Time": 72.851,
                                                    "Actual Rows": 8984,
                                                    "Actual Loops": 6,
                                                    "Output": [
                                                        "t.id"
                                                    ],
                                                    "Filter": "((t.kind_id < 7) AND (t.production_year = 2012))",
                                                    "Rows Removed by Filter": 412401,
                                                    "Workers": [
                                                        {
                                                            "Worker Number": 0,
                                                            "Actual Startup Time": 0.066,
                                                            "Actual Total Time": 70.519,
                                                            "Actual Rows": 8101,
                                                            "Actual Loops": 1
                                                        },
                                                        {
                                                            "Worker Number": 1,
                                                            "Actual Startup Time": 0.064,
                                                            "Actual Total Time": 70.802,
                                                            "Actual Rows": 8217,
                                                            "Actual Loops": 1
                                                        },
                                                        {
                                                            "Worker Number": 2,
                                                            "Actual Startup Time": 0.292,
                                                            "Actual Total Time": 71.203,
                                                            "Actual Rows": 8125,
                                                            "Actual Loops": 1
                                                        },
                                                        {
                                                            "Worker Number": 3,
                                                            "Actual Startup Time": 0.5,
                                                            "Actual Total Time": 71.4,
                                                            "Actual Rows": 5912,
                                                            "Actual Loops": 1
                                                        },
                                                        {
                                                            "Worker Number": 4,
                                                            "Actual Startup Time": 0.119,
                                                            "Actual Total Time": 71.877,
                                                            "Actual Rows": 8421,
                                                            "Actual Loops": 1
                                                        }
                                                    ]
                                                }
                                            ]
                                        }
                                    ]
                                }
                            ]
                        }
                    ]
                }
            ]
        },
        "Planning Time": 182.978,
        "Triggers": [],
        "Execution Time": 542.498
    }
]