[
  {
    "Plan": {
      "Node Type": "Aggregate",
      "Strategy": "Plain",
      "Partial Mode": "Finalize",
      "Parallel Aware": false,
      "Startup Cost": 33217.83,
      "Total Cost": 33217.84,
      "Plan Rows": 1,
      "Plan Width": 8,
      "Actual Startup Time": 105.849,
      "Actual Total Time": 112.724,
      "Actual Rows": 1,
      "Actual Loops": 1,
      "Plans": [
        {
          "Node Type": "Gather",
          "Parent Relationship": "Outer",
          "Parallel Aware": false,
          "Startup Cost": 33217.51,
          "Total Cost": 33217.82,
          "Plan Rows": 3,
          "Plan Width": 8,
          "Actual Startup Time": 105.752,
          "Actual Total Time": 112.716,
          "Actual Rows": 4,
          "Actual Loops": 1,
          "Workers Planned": 3,
          "Workers Launched": 3,
          "Single Copy": false,
          "Plans": [
            {
              "Node Type": "Aggregate",
              "Strategy": "Plain",
              "Partial Mode": "Partial",
              "Parent Relationship": "Outer",
              "Parallel Aware": false,
              "Startup Cost": 32217.51,
              "Total Cost": 32217.52,
              "Plan Rows": 1,
              "Plan Width": 8,
              "Actual Startup Time": 98.623,
              "Actual Total Time": 98.624,
              "Actual Rows": 1,
              "Actual Loops": 4,
              "Plans": [
                {
                  "Node Type": "Seq Scan",
                  "Parent Relationship": "Outer",
                  "Parallel Aware": true,
                  "Relation Name": "movie_companies",
                  "Alias": "mc",
                  "Startup Cost": 0.0,
                  "Total Cost": 31414.82,
                  "Plan Rows": 321077,
                  "Plan Width": 0,
                  "Actual Startup Time": 46.634,
                  "Actual Total Time": 85.86,
                  "Actual Rows": 288164,
                  "Actual Loops": 4,
                  "Filter": "((company_id > 864) AND (company_type_id > 1))",
                  "Rows Removed by Filter": 364118
                }
              ]
            }
          ]
        }
      ]
    },
    "Planning Time": 0.179,
    "Triggers": [],
    "Execution Time": 112.773
  }
]