[
    {
        "Bao": {
            "Bao prediction": "NaN",
            "Bao recommended hint": "(no hint)"
        }
    },
    {
        "Plan": {
            "Node Type": "Aggregate",
            "Strategy": "Plain",
            "Partial Mode": "Finalize",
            "Parallel Aware": false,
            "Startup Cost": 77908.68,
            "Total Cost": 77908.69,
            "Plan Rows": 1,
            "Plan Width": 8,
            "Actual Startup Time": 219.176,
            "Actual Total Time": 230.948,
            "Actual Rows": 1,
            "Actual Loops": 1,
            "Output": [
                "count(*)"
            ],
            "Plans": [
                {
                    "Node Type": "Gather",
                    "Parent Relationship": "Outer",
                    "Parallel Aware": false,
                    "Startup Cost": 77908.36,
                    "Total Cost": 77908.67,
                    "Plan Rows": 3,
                    "Plan Width": 8,
                    "Actual Startup Time": 217.707,
                    "Actual Total Time": 230.939,
                    "Actual Rows": 4,
                    "Actual Loops": 1,
                    "Output": [
                        "(PARTIAL count(*))"
                    ],
                    "Workers Planned": 3,
                    "Workers Launched": 3,
                    "Single Copy": false,
                    "Plans": [
                        {
                            "Node Type": "Aggregate",
                            "Strategy": "Plain",
                            "Partial Mode": "Partial",
                            "Parent Relationship": "Outer",
                            "Parallel Aware": false,
                            "Startup Cost": 76908.36,
                            "Total Cost": 76908.37,
                            "Plan Rows": 1,
                            "Plan Width": 8,
                            "Actual Startup Time": 209.374,
                            "Actual Total Time": 209.377,
                            "Actual Rows": 1,
                            "Actual Loops": 4,
                            "Output": [
                                "PARTIAL count(*)"
                            ],
                            "Workers": [
                                {
                                    "Worker Number": 0,
                                    "Actual Startup Time": 206.245,
                                    "Actual Total Time": 206.248,
                                    "Actual Rows": 1,
                                    "Actual Loops": 1
                                },
                                {
                                    "Worker Number": 1,
                                    "Actual Startup Time": 206.539,
                                    "Actual Total Time": 206.542,
                                    "Actual Rows": 1,
                                    "Actual Loops": 1
                                },
                                {
                                    "Worker Number": 2,
                                    "Actual Startup Time": 207.364,
                                    "Actual Total Time": 207.367,
                                    "Actual Rows": 1,
                                    "Actual Loops": 1
                                }
                            ],
                            "Plans": [
                                {
                                    "Node Type": "Hash Join",
                                    "Parent Relationship": "Outer",
                                    "Parallel Aware": true,
                                    "Join Type": "Inner",
                                    "Startup Cost": 47063.08,
                                    "Total Cost": 76822.66,
                                    "Plan Rows": 34281,
                                    "Plan Width": 0,
                                    "Actual Startup Time": 147.962,
                                    "Actual Total Time": 207.252,
                                    "Actual Rows": 48439,
                                    "Actual Loops": 4,
                                    "Inner Unique": true,
                                    "Hash Cond": "(mc.movie_id = t.id)",
                                    "Workers": [
                                        {
                                            "Worker Number": 0,
                                            "Actual Startup Time": 144.879,
                                            "Actual Total Time": 204.139,
                                            "Actual Rows": 47331,
                                            "Actual Loops": 1
                                        },
                                        {
                                            "Worker Number": 1,
                                            "Actual Startup Time": 145.159,
                                            "Actual Total Time": 204.603,
                                            "Actual Rows": 43636,
                                            "Actual Loops": 1
                                        },
                                        {
                                            "Worker Number": 2,
                                            "Actual Startup Time": 145.843,
                                            "Actual Total Time": 205.25,
                                            "Actual Rows": 47773,
                                            "Actual Loops": 1
                                        }
                                    ],
                                    "Plans": [
                                        {
                                            "Node Type": "Seq Scan",
                                            "Parent Relationship": "Outer",
                                            "Parallel Aware": true,
                                            "Relation Name": "movie_companies",
                                            "Schema": "public",
                                            "Alias": "mc",
                                            "Startup Cost": 0.0,
                                            "Total Cost": 29310.68,
                                            "Plan Rows": 171008,
                                            "Plan Width": 4,
                                            "Actual Startup Time": 25.162,
                                            "Actual Total Time": 54.108,
                                            "Actual Rows": 132572,
                                            "Actual Loops": 4,
                                            "Output": [
                                                "mc.id",
                                                "mc.movie_id",
                                                "mc.company_id",
                                                "mc.company_type_id",
                                                "mc.note"
                                            ],
                                            "Filter": "(mc.company_id > 72717)",
                                            "Rows Removed by Filter": 519710,
                                            "Workers": [
                                                {
                                                    "Worker Number": 0,
                                                    "Actual Startup Time": 25.174,
                                                    "Actual Total Time": 55.129,
                                                    "Actual Rows": 129346,
                                                    "Actual Loops": 1
                                                },
                                                {
                                                    "Worker Number": 1,
                                                    "Actual Startup Time": 25.144,
                                                    "Actual Total Time": 52.851,
                                                    "Actual Rows": 122381,
                                                    "Actual Loops": 1
                                                },
                                                {
                                                    "Worker Number": 2,
                                                    "Actual Startup Time": 25.166,
                                                    "Actual Total Time": 55.091,
                                                    "Actual Rows": 130828,
                                                    "Actual Loops": 1
                                                }
                                            ]
                                        },
                                        {
                                            "Node Type": "Hash",
                                            "Parent Relationship": "Inner",
                                            "Parallel Aware": true,
                                            "Startup Cost": 45479.21,
                                            "Total Cost": 45479.21,
                                            "Plan Rows": 126710,
                                            "Plan Width": 4,
                                            "Actual Startup Time": 120.428,
                                            "Actual Total Time": 120.428,
                                            "Actual Rows": 98121,
                                            "Actual Loops": 4,
                                            "Output": [
                                                "t.id"
                                            ],
                                            "Hash Buckets": 524288,
                                            "Original Hash Buckets": 524288,
                                            "Hash Batches": 1,
                                            "Original Hash Batches": 1,
                                            "Peak Memory Usage": 19520,
                                            "Workers": [
                                                {
                                                    "Worker Number": 0,
                                                    "Actual Startup Time": 118.659,
                                                    "Actual Total Time": 118.66,
                                                    "Actual Rows": 93503,
                                                    "Actual Loops": 1
                                                },
                                                {
                                                    "Worker Number": 1,
                                                    "Actual Startup Time": 119.24,
                                                    "Actual Total Time": 119.241,
                                                    "Actual Rows": 85260,
                                                    "Actual Loops": 1
                                                },
                                                {
                                                    "Worker Number": 2,
                                                    "Actual Startup Time": 119.854,
                                                    "Actual Total Time": 119.855,
                                                    "Actual Rows": 93878,
                                                    "Actual Loops": 1
                                                }
                                            ],
                                            "Plans": [
                                                {
                                                    "Node Type": "Seq Scan",
                                                    "Parent Relationship": "Outer",
                                                    "Parallel Aware": true,
                                                    "Relation Name": "title",
                                                    "Schema": "public",
                                                    "Alias": "t",
                                                    "Startup Cost": 0.0,
                                                    "Total Cost": 45479.21,
                                                    "Plan Rows": 126710,
                                                    "Plan Width": 4,
                                                    "Actual Startup Time": 0.097,
                                                    "Actual Total Time": 89.966,
                                                    "Actual Rows": 98121,
                                                    "Actual Loops": 4,
                                                    "Output": [
                                                        "t.id"
                                                    ],
                                                    "Filter": "((t.kind_id < 4) AND (t.production_year > 1998))",
                                                    "Rows Removed by Filter": 533957,
                                                    "Workers": [
                                                        {
                                                            "Worker Number": 0,
                                                            "Actual Startup Time": 0.282,
                                                            "Actual Total Time": 89.678,
                                                            "Actual Rows": 93503,
                                                            "Actual Loops": 1
                                                        },
                                                        {
                                                            "Worker Number": 1,
                                                            "Actual Startup Time": 0.048,
                                                            "Actual Total Time": 88.077,
                                                            "Actual Rows": 85260,
                                                            "Actual Loops": 1
                                                        },
                                                        {
                                                            "Worker Number": 2,
                                                            "Actual Startup Time": 0.042,
                                                            "Actual Total Time": 90.605,
                                                            "Actual Rows": 93878,
                                                            "Actual Loops": 1
                                                        }
                                                    ]
                                                }
                                            ]
                                        }
                                    ]
                                }
                            ]
                        }
                    ]
                }
            ]
        },
        "Planning Time": 198.678,
        "Triggers": [],
        "Execution Time": 231.005
    }
]