[
  {
    "Plan": {
      "Node Type": "Aggregate",
      "Strategy": "Plain",
      "Partial Mode": "Finalize",
      "Parallel Aware": false,
      "Startup Cost": 27523.83,
      "Total Cost": 27523.84,
      "Plan Rows": 1,
      "Plan Width": 8,
      "Actual Startup Time": 71.313,
      "Actual Total Time": 78.724,
      "Actual Rows": 1,
      "Actual Loops": 1,
      "Plans": [
        {
          "Node Type": "Gather",
          "Parent Relationship": "Outer",
          "Parallel Aware": false,
          "Startup Cost": 27523.51,
          "Total Cost": 27523.82,
          "Plan Rows": 3,
          "Plan Width": 8,
          "Actual Startup Time": 70.971,
          "Actual Total Time": 78.715,
          "Actual Rows": 4,
          "Actual Loops": 1,
          "Workers Planned": 3,
          "Workers Launched": 3,
          "Single Copy": false,
          "Plans": [
            {
              "Node Type": "Aggregate",
              "Strategy": "Plain",
              "Partial Mode": "Partial",
              "Parent Relationship": "Outer",
              "Parallel Aware": false,
              "Startup Cost": 26523.51,
              "Total Cost": 26523.52,
              "Plan Rows": 1,
              "Plan Width": 8,
              "Actual Startup Time": 66.671,
              "Actual Total Time": 66.673,
              "Actual Rows": 1,
              "Actual Loops": 4,
              "Plans": [
                {
                  "Node Type": "Bitmap Heap Scan",
                  "Parent Relationship": "Outer",
                  "Parallel Aware": true,
                  "Relation Name": "movie_companies",
                  "Alias": "mc",
                  "Startup Cost": 6222.02,
                  "Total Cost": 26409.62,
                  "Plan Rows": 45556,
                  "Plan Width": 0,
                  "Actual Startup Time": 18.747,
                  "Actual Total Time": 62.942,
                  "Actual Rows": 54664,
                  "Actual Loops": 4,
                  "Recheck Cond": "(company_id < 152)",
                  "Rows Removed by Index Recheck": 0,
                  "Filter": "(company_type_id = 1)",
                  "Rows Removed by Filter": 16060,
                  "Exact Heap Blocks": 8731,
                  "Lossy Heap Blocks": 0,
                  "Plans": [
                    {
                      "Node Type": "Bitmap Index Scan",
                      "Parent Relationship": "Outer",
                      "Parallel Aware": false,
                      "Index Name": "company_id_movie_companies",
                      "Startup Cost": 0.0,
                      "Total Cost": 6186.72,
                      "Plan Rows": 288838,
                      "Plan Width": 0,
                      "Actual Startup Time": 19.517,
                      "Actual Total Time": 19.517,
                      "Actual Rows": 282895,
                      "Actual Loops": 1,
                      "Index Cond": "(company_id < 152)"
                    }
                  ]
                }
              ]
            }
          ]
        }
      ]
    },
    "Planning Time": 0.247,
    "Triggers": [],
    "Execution Time": 78.794
  }
]