[
  {
    "Plan": {
      "Node Type": "Aggregate",
      "Strategy": "Plain",
      "Partial Mode": "Finalize",
      "Parallel Aware": false,
      "Startup Cost": 27416.55,
      "Total Cost": 27416.56,
      "Plan Rows": 1,
      "Plan Width": 8,
      "Actual Startup Time": 91.239,
      "Actual Total Time": 97.775,
      "Actual Rows": 1,
      "Actual Loops": 1,
      "Plans": [
        {
          "Node Type": "Gather",
          "Parent Relationship": "Outer",
          "Parallel Aware": false,
          "Startup Cost": 27416.23,
          "Total Cost": 27416.54,
          "Plan Rows": 3,
          "Plan Width": 8,
          "Actual Startup Time": 91.01,
          "Actual Total Time": 97.767,
          "Actual Rows": 4,
          "Actual Loops": 1,
          "Workers Planned": 3,
          "Workers Launched": 3,
          "Single Copy": false,
          "Plans": [
            {
              "Node Type": "Aggregate",
              "Strategy": "Plain",
              "Partial Mode": "Partial",
              "Parent Relationship": "Outer",
              "Parallel Aware": false,
              "Startup Cost": 26416.23,
              "Total Cost": 26416.24,
              "Plan Rows": 1,
              "Plan Width": 8,
              "Actual Startup Time": 83.472,
              "Actual Total Time": 83.475,
              "Actual Rows": 1,
              "Actual Loops": 4,
              "Plans": [
                {
                  "Node Type": "Bitmap Heap Scan",
                  "Parent Relationship": "Outer",
                  "Parallel Aware": true,
                  "Relation Name": "movie_companies",
                  "Alias": "mc",
                  "Startup Cost": 6135.26,
                  "Total Cost": 26303.18,
                  "Plan Rows": 45220,
                  "Plan Width": 0,
                  "Actual Startup Time": 31.138,
                  "Actual Total Time": 79.491,
                  "Actual Rows": 54664,
                  "Actual Loops": 4,
                  "Recheck Cond": "(company_id < 152)",
                  "Rows Removed by Index Recheck": 0,
                  "Filter": "(company_type_id = 1)",
                  "Rows Removed by Filter": 16060,
                  "Exact Heap Blocks": 9729,
                  "Lossy Heap Blocks": 0,
                  "Plans": [
                    {
                      "Node Type": "Bitmap Index Scan",
                      "Parent Relationship": "Outer",
                      "Parallel Aware": false,
                      "Index Name": "company_id_movie_companies",
                      "Startup Cost": 0.0,
                      "Total Cost": 6100.21,
                      "Plan Rows": 284771,
                      "Plan Width": 0,
                      "Actual Startup Time": 33.297,
                      "Actual Total Time": 33.298,
                      "Actual Rows": 282895,
                      "Actual Loops": 1,
                      "Index Cond": "(company_id < 152)"
                    }
                  ]
                }
              ]
            }
          ]
        }
      ]
    },
    "Planning Time": 0.221,
    "Triggers": [],
    "Execution Time": 97.849
  }
]