[
  {
    "Plan": {
      "Node Type": "Aggregate",
      "Strategy": "Plain",
      "Partial Mode": "Finalize",
      "Parallel Aware": false,
      "Startup Cost": 52953.11,
      "Total Cost": 52953.12,
      "Plan Rows": 1,
      "Plan Width": 8,
      "Actual Startup Time": 102.068,
      "Actual Total Time": 117.098,
      "Actual Rows": 1,
      "Actual Loops": 1,
      "Plans": [
        {
          "Node Type": "Gather",
          "Parent Relationship": "Outer",
          "Parallel Aware": false,
          "Startup Cost": 52952.69,
          "Total Cost": 52953.1,
          "Plan Rows": 4,
          "Plan Width": 8,
          "Actual Startup Time": 101.863,
          "Actual Total Time": 117.084,
          "Actual Rows": 5,
          "Actual Loops": 1,
          "Workers Planned": 4,
          "Workers Launched": 4,
          "Single Copy": false,
          "Plans": [
            {
              "Node Type": "Aggregate",
              "Strategy": "Plain",
              "Partial Mode": "Partial",
              "Parent Relationship": "Outer",
              "Parallel Aware": false,
              "Startup Cost": 51952.69,
              "Total Cost": 51952.7,
              "Plan Rows": 1,
              "Plan Width": 8,
              "Actual Startup Time": 94.871,
              "Actual Total Time": 94.874,
              "Actual Rows": 1,
              "Actual Loops": 5,
              "Plans": [
                {
                  "Node Type": "Nested Loop",
                  "Parent Relationship": "Outer",
                  "Parallel Aware": false,
                  "Join Type": "Inner",
                  "Startup Cost": 0.43,
                  "Total Cost": 51950.35,
                  "Plan Rows": 934,
                  "Plan Width": 0,
                  "Actual Startup Time": 2.124,
                  "Actual Total Time": 94.66,
                  "Actual Rows": 3024,
                  "Actual Loops": 5,
                  "Inner Unique": false,
                  "Plans": [
                    {
                      "Node Type": "Seq Scan",
                      "Parent Relationship": "Outer",
                      "Parallel Aware": true,
                      "Relation Name": "title",
                      "Alias": "t",
                      "Startup Cost": 0.0,
                      "Total Cost": 45479.59,
                      "Plan Rows": 699,
                      "Plan Width": 4,
                      "Actual Startup Time": 1.903,
                      "Actual Total Time": 85.59,
                      "Actual Rows": 634,
                      "Actual Loops": 5,
                      "Filter": "((kind_id < 7) AND (production_year = 1953))",
                      "Rows Removed by Filter": 505028
                    },
                    {
                      "Node Type": "Index Scan",
                      "Parent Relationship": "Inner",
                      "Parallel Aware": false,
                      "Scan Direction": "Forward",
                      "Index Name": "movie_id_movie_keyword",
                      "Relation Name": "movie_keyword",
                      "Alias": "mk",
                      "Startup Cost": 0.43,
                      "Total Cost": 8.92,
                      "Plan Rows": 34,
                      "Plan Width": 4,
                      "Actual Startup Time": 0.012,
                      "Actual Total Time": 0.013,
                      "Actual Rows": 5,
                      "Actual Loops": 3172,
                      "Index Cond": "(movie_id = t.id)",
                      "Rows Removed by Index Recheck": 0,
                      "Filter": "(keyword_id < 16264)",
                      "Rows Removed by Filter": 2
                    }
                  ]
                }
              ]
            }
          ]
        }
      ]
    },
    "Planning Time": 0.325,
    "Triggers": [],
    "Execution Time": 117.143
  }
]