[
  {
    "Plan": {
      "Node Type": "Aggregate",
      "Strategy": "Plain",
      "Partial Mode": "Finalize",
      "Parallel Aware": false,
      "Startup Cost": 79561.81,
      "Total Cost": 79561.82,
      "Plan Rows": 1,
      "Plan Width": 8,
      "Actual Startup Time": 215.643,
      "Actual Total Time": 232.948,
      "Actual Rows": 1,
      "Actual Loops": 1,
      "Plans": [
        {
          "Node Type": "Gather",
          "Parent Relationship": "Outer",
          "Parallel Aware": false,
          "Startup Cost": 79561.49,
          "Total Cost": 79561.8,
          "Plan Rows": 3,
          "Plan Width": 8,
          "Actual Startup Time": 214.709,
          "Actual Total Time": 232.94,
          "Actual Rows": 4,
          "Actual Loops": 1,
          "Workers Planned": 3,
          "Workers Launched": 3,
          "Single Copy": false,
          "Plans": [
            {
              "Node Type": "Aggregate",
              "Strategy": "Plain",
              "Partial Mode": "Partial",
              "Parent Relationship": "Outer",
              "Parallel Aware": false,
              "Startup Cost": 78561.49,
              "Total Cost": 78561.5,
              "Plan Rows": 1,
              "Plan Width": 8,
              "Actual Startup Time": 206.063,
              "Actual Total Time": 206.066,
              "Actual Rows": 1,
              "Actual Loops": 4,
              "Plans": [
                {
                  "Node Type": "Hash Join",
                  "Parent Relationship": "Outer",
                  "Parallel Aware": true,
                  "Join Type": "Inner",
                  "Startup Cost": 46317.72,
                  "Total Cost": 78485.39,
                  "Plan Rows": 30441,
                  "Plan Width": 0,
                  "Actual Startup Time": 174.11,
                  "Actual Total Time": 205.625,
                  "Actual Rows": 10422,
                  "Actual Loops": 4,
                  "Inner Unique": true,
                  "Hash Cond": "(mc.movie_id = t.id)",
                  "Plans": [
                    {
                      "Node Type": "Seq Scan",
                      "Parent Relationship": "Outer",
                      "Parallel Aware": true,
                      "Relation Name": "movie_companies",
                      "Alias": "mc",
                      "Startup Cost": 0.0,
                      "Total Cost": 31414.82,
                      "Plan Rows": 286798,
                      "Plan Width": 4,
                      "Actual Startup Time": 29.693,
                      "Actual Total Time": 61.132,
                      "Actual Rows": 141944,
                      "Actual Loops": 4,
                      "Filter": "((company_id < 23484) AND (company_type_id = 2))",
                      "Rows Removed by Filter": 510338
                    },
                    {
                      "Node Type": "Hash",
                      "Parent Relationship": "Inner",
                      "Parallel Aware": true,
                      "Startup Cost": 45479.1,
                      "Total Cost": 45479.1,
                      "Plan Rows": 67090,
                      "Plan Width": 4,
                      "Actual Startup Time": 116.689,
                      "Actual Total Time": 116.69,
                      "Actual Rows": 54070,
                      "Actual Loops": 4,
                      "Hash Buckets": 524288,
                      "Original Hash Buckets": 524288,
                      "Hash Batches": 1,
                      "Original Hash Batches": 1,
                      "Peak Memory Usage": 12608,
                      "Plans": [
                        {
                          "Node Type": "Seq Scan",
                          "Parent Relationship": "Outer",
                          "Parallel Aware": true,
                          "Relation Name": "title",
                          "Alias": "t",
                          "Startup Cost": 0.0,
                          "Total Cost": 45479.1,
                          "Plan Rows": 67090,
                          "Plan Width": 4,
                          "Actual Startup Time": 47.679,
                          "Actual Total Time": 97.735,
                          "Actual Rows": 54070,
                          "Actual Loops": 4,
                          "Filter": "((production_year > 2005) AND (kind_id = 1))",
                          "Rows Removed by Filter": 578008
                        }
                      ]
                    }
                  ]
                }
              ]
            }
          ]
        }
      ]
    },
    "Planning Time": 0.626,
    "Triggers": [],
    "Execution Time": 233.012
  }
]