[
  {
    "Plan": {
      "Node Type": "Aggregate",
      "Strategy": "Plain",
      "Partial Mode": "Finalize",
      "Parallel Aware": false,
      "Startup Cost": 41229.98,
      "Total Cost": 41229.99,
      "Plan Rows": 1,
      "Plan Width": 8,
      "Actual Startup Time": 124.336,
      "Actual Total Time": 129.818,
      "Actual Rows": 1,
      "Actual Loops": 1,
      "Plans": [
        {
          "Node Type": "Gather",
          "Parent Relationship": "Outer",
          "Parallel Aware": false,
          "Startup Cost": 41229.66,
          "Total Cost": 41229.97,
          "Plan Rows": 3,
          "Plan Width": 8,
          "Actual Startup Time": 124.076,
          "Actual Total Time": 129.81,
          "Actual Rows": 4,
          "Actual Loops": 1,
          "Workers Planned": 3,
          "Workers Launched": 3,
          "Single Copy": false,
          "Plans": [
            {
              "Node Type": "Aggregate",
              "Strategy": "Plain",
              "Partial Mode": "Partial",
              "Parent Relationship": "Outer",
              "Parallel Aware": false,
              "Startup Cost": 40229.66,
              "Total Cost": 40229.67,
              "Plan Rows": 1,
              "Plan Width": 8,
              "Actual Startup Time": 121.058,
              "Actual Total Time": 121.059,
              "Actual Rows": 1,
              "Actual Loops": 4,
              "Plans": [
                {
                  "Node Type": "Bitmap Heap Scan",
                  "Parent Relationship": "Outer",
                  "Parallel Aware": true,
                  "Relation Name": "movie_keyword",
                  "Alias": "mk",
                  "Startup Cost": 12845.53,
                  "Total Cost": 39741.31,
                  "Plan Rows": 195342,
                  "Plan Width": 0,
                  "Actual Startup Time": 40.819,
                  "Actual Total Time": 112.948,
                  "Actual Rows": 149159,
                  "Actual Loops": 4,
                  "Recheck Cond": "(keyword_id > 30778)",
                  "Rows Removed by Index Recheck": 0,
                  "Exact Heap Blocks": 9575,
                  "Lossy Heap Blocks": 0,
                  "Plans": [
                    {
                      "Node Type": "Bitmap Index Scan",
                      "Parent Relationship": "Outer",
                      "Parallel Aware": false,
                      "Index Name": "keyword_id_movie_keyword",
                      "Startup Cost": 0.0,
                      "Total Cost": 12694.14,
                      "Plan Rows": 605561,
                      "Plan Width": 0,
                      "Actual Startup Time": 40.038,
                      "Actual Total Time": 40.038,
                      "Actual Rows": 596636,
                      "Actual Loops": 1,
                      "Index Cond": "(keyword_id > 30778)"
                    }
                  ]
                }
              ]
            }
          ]
        }
      ]
    },
    "Planning Time": 0.05,
    "Triggers": [],
    "Execution Time": 129.845
  }
]