[
  {
    "Plan": {
      "Node Type": "Aggregate",
      "Strategy": "Plain",
      "Partial Mode": "Finalize",
      "Parallel Aware": false,
      "Startup Cost": 338604.81,
      "Total Cost": 338604.82,
      "Plan Rows": 1,
      "Plan Width": 8,
      "Actual Startup Time": 930.93,
      "Actual Total Time": 1000.148,
      "Actual Rows": 1,
      "Actual Loops": 1,
      "Plans": [
        {
          "Node Type": "Gather",
          "Parent Relationship": "Outer",
          "Parallel Aware": false,
          "Startup Cost": 338604.18,
          "Total Cost": 338604.79,
          "Plan Rows": 6,
          "Plan Width": 8,
          "Actual Startup Time": 930.681,
          "Actual Total Time": 1000.137,
          "Actual Rows": 7,
          "Actual Loops": 1,
          "Workers Planned": 6,
          "Workers Launched": 6,
          "Single Copy": false,
          "Plans": [
            {
              "Node Type": "Aggregate",
              "Strategy": "Plain",
              "Partial Mode": "Partial",
              "Parent Relationship": "Outer",
              "Parallel Aware": false,
              "Startup Cost": 337604.18,
              "Total Cost": 337604.19,
              "Plan Rows": 1,
              "Plan Width": 8,
              "Actual Startup Time": 919.888,
              "Actual Total Time": 919.89,
              "Actual Rows": 1,
              "Actual Loops": 7,
              "Plans": [
                {
                  "Node Type": "Seq Scan",
                  "Parent Relationship": "Outer",
                  "Parallel Aware": true,
                  "Relation Name": "cast_info",
                  "Alias": "ci",
                  "Startup Cost": 0.0,
                  "Total Cost": 328211.39,
                  "Plan Rows": 3757116,
                  "Plan Width": 0,
                  "Actual Startup Time": 0.078,
                  "Actual Total Time": 742.394,
                  "Actual Rows": 3257089,
                  "Actual Loops": 7,
                  "Filter": "(person_id < 2327628)",
                  "Rows Removed by Filter": 1920674
                }
              ]
            }
          ]
        }
      ]
    },
    "Planning Time": 0.086,
    "Triggers": [],
    "Execution Time": 1000.198
  }
]