{
  "Plan": {
    "Node Type": "Aggregate",
    "Strategy": "Plain",
    "Partial Mode": "Finalize",
    "Parallel Aware": false,
    "Startup Cost": 1636887.62,
    "Total Cost": 1636887.63,
    "Plan Rows": 1,
    "Plan Width": 8,
    "Actual Startup Time": 7377.489,
    "Actual Total Time": 7455.364,
    "Actual Rows": 1,
    "Actual Loops": 1,
    "Plans": [
      {
        "Node Type": "Gather",
        "Parent Relationship": "Outer",
        "Parallel Aware": false,
        "Startup Cost": 1636887.51,
        "Total Cost": 1636887.62,
        "Plan Rows": 1,
        "Plan Width": 8,
        "Actual Startup Time": 7360.547,
        "Actual Total Time": 7455.356,
        "Actual Rows": 2,
        "Actual Loops": 1,
        "Workers Planned": 1,
        "Workers Launched": 1,
        "Single Copy": false,
        "Plans": [
          {
            "Node Type": "Aggregate",
            "Strategy": "Plain",
            "Partial Mode": "Partial",
            "Parent Relationship": "Outer",
            "Parallel Aware": false,
            "Startup Cost": 1635887.51,
            "Total Cost": 1635887.52,
            "Plan Rows": 1,
            "Plan Width": 8,
            "Actual Startup Time": 7348.262,
            "Actual Total Time": 7348.27,
            "Actual Rows": 1,
            "Actual Loops": 2,
            "Plans": [
              {
                "Node Type": "Merge Join",
                "Parent Relationship": "Outer",
                "Parallel Aware": false,
                "Join Type": "Inner",
                "Startup Cost": 1521833.75,
                "Total Cost": 1622570.8,
                "Plan Rows": 5326682,
                "Plan Width": 0,
                "Actual Startup Time": 6385.479,
                "Actual Total Time": 7288.826,
                "Actual Rows": 1585626,
                "Actual Loops": 2,
                "Inner Unique": false,
                "Merge Cond": "(t.id = mk.movie_id)",
                "Plans": [
                  {
                    "Node Type": "Sort",
                    "Parent Relationship": "Outer",
                    "Parallel Aware": false,
                    "Startup Cost": 1091840.35,
                    "Total Cost": 1102270.35,
                    "Plan Rows": 4171999,
                    "Plan Width": 8,
                    "Actual Startup Time": 5393.081,
                    "Actual Total Time": 5644.761,
                    "Actual Rows": 2647133,
                    "Actual Loops": 2,
                    "Sort Key": [
                      "ci.movie_id"
                    ],
                    "Sort Method": "quicksort",
                    "Sort Space Used": 225220,
                    "Sort Space Type": "Memory",
                    "Workers": [
                      {
                        "Worker Number": 0,
                        "Sort Method": "quicksort",
                        "Sort Space Used": 219558,
                        "Sort Space Type": "Memory"
                      }
                    ],
                    "Plans": [
                      {
                        "Node Type": "Hash Join",
                        "Parent Relationship": "Outer",
                        "Parallel Aware": true,
                        "Join Type": "Inner",
                        "Startup Cost": 62238.92,
                        "Total Cost": 633080.93,
                        "Plan Rows": 4171999,
                        "Plan Width": 8,
                        "Actual Startup Time": 217.427,
                        "Actual Total Time": 4750.866,
                        "Actual Rows": 2647133,
                        "Actual Loops": 2,
                        "Inner Unique": true,
                        "Hash Cond": "(ci.movie_id = t.id)",
                        "Plans": [
                          {
                            "Node Type": "Seq Scan",
                            "Parent Relationship": "Outer",
                            "Parallel Aware": true,
                            "Relation Name": "cast_info",
                            "Alias": "ci",
                            "Startup Cost": 0.0,
                            "Total Cost": 519069.44,
                            "Plan Rows": 19722849,
                            "Plan Width": 4,
                            "Actual Startup Time": 0.019,
                            "Actual Total Time": 1740.025,
                            "Actual Rows": 16837320,
                            "Actual Loops": 2,
                            "Filter": "(person_id < 3562093)",
                            "Rows Removed by Filter": 1284852
                          },
                          {
                            "Node Type": "Hash",
                            "Parent Relationship": "Inner",
                            "Parallel Aware": true,
                            "Startup Cost": 58306.47,
                            "Total Cost": 58306.47,
                            "Plan Rows": 314596,
                            "Plan Width": 4,
                            "Actual Startup Time": 208.539,
                            "Actual Total Time": 208.54,
                            "Actual Rows": 214124,
                            "Actual Loops": 2,
                            "Hash Buckets": 1048576,
                            "Original Hash Buckets": 1048576,
                            "Hash Batches": 1,
                            "Original Hash Batches": 1,
                            "Peak Memory Usage": 24992,
                            "Plans": [
                              {
                                "Node Type": "Seq Scan",
                                "Parent Relationship": "Outer",
                                "Parallel Aware": true,
                                "Relation Name": "title",
                                "Alias": "t",
                                "Startup Cost": 0.0,
                                "Total Cost": 58306.47,
                                "Plan Rows": 314596,
                                "Plan Width": 4,
                                "Actual Startup Time": 0.061,
                                "Actual Total Time": 150.267,
                                "Actual Rows": 214124,
                                "Actual Loops": 2,
                                "Filter": "((production_year < 1997) AND (kind_id = 7))",
                                "Rows Removed by Filter": 1050032
                              }
                            ]
                          }
                        ]
                      }
                    ]
                  },
                  {
                    "Node Type": "Sort",
                    "Parent Relationship": "Inner",
                    "Parallel Aware": false,
                    "Startup Cost": 429991.12,
                    "Total Cost": 438061.24,
                    "Plan Rows": 3228048,
                    "Plan Width": 4,
                    "Actual Startup Time": 992.29,
                    "Actual Total Time": 1164.127,
                    "Actual Rows": 4667998,
                    "Actual Loops": 2,
                    "Sort Key": [
                      "mk.movie_id"
                    ],
                    "Sort Method": "quicksort",
                    "Sort Space Used": 249162,
                    "Sort Space Type": "Memory",
                    "Workers": [
                      {
                        "Worker Number": 0,
                        "Sort Method": "quicksort",
                        "Sort Space Used": 249162,
                        "Sort Space Type": "Memory"
                      }
                    ],
                    "Plans": [
                      {
                        "Node Type": "Seq Scan",
                        "Parent Relationship": "Outer",
                        "Parallel Aware": false,
                        "Relation Name": "movie_keyword",
                        "Alias": "mk",
                        "Startup Cost": 0.0,
                        "Total Cost": 81003.12,
                        "Plan Rows": 3228048,
                        "Plan Width": 4,
                        "Actual Startup Time": 0.044,
                        "Actual Total Time": 410.521,
                        "Actual Rows": 3218286,
                        "Actual Loops": 2,
                        "Filter": "(keyword_id < 13464)",
                        "Rows Removed by Filter": 1305644
                      }
                    ]
                  }
                ]
              }
            ]
          }
        ]
      }
    ]
  },
  "Planning Time": 1.001,
  "Triggers": [],
  "Execution Time": 7497.181
}