[
  {
    "Plan": {
      "Node Type": "Aggregate",
      "Strategy": "Plain",
      "Partial Mode": "Finalize",
      "Parallel Aware": false,
      "Startup Cost": 405685.06,
      "Total Cost": 405685.07,
      "Plan Rows": 1,
      "Plan Width": 8,
      "Actual Startup Time": 1404.393,
      "Actual Total Time": 1476.297,
      "Actual Rows": 1,
      "Actual Loops": 1,
      "Plans": [
        {
          "Node Type": "Gather",
          "Parent Relationship": "Outer",
          "Parallel Aware": false,
          "Startup Cost": 405684.44,
          "Total Cost": 405685.05,
          "Plan Rows": 6,
          "Plan Width": 8,
          "Actual Startup Time": 1385.362,
          "Actual Total Time": 1476.273,
          "Actual Rows": 7,
          "Actual Loops": 1,
          "Workers Planned": 6,
          "Workers Launched": 6,
          "Single Copy": false,
          "Plans": [
            {
              "Node Type": "Aggregate",
              "Strategy": "Plain",
              "Partial Mode": "Partial",
              "Parent Relationship": "Outer",
              "Parallel Aware": false,
              "Startup Cost": 404684.44,
              "Total Cost": 404684.45,
              "Plan Rows": 1,
              "Plan Width": 8,
              "Actual Startup Time": 1365.81,
              "Actual Total Time": 1365.813,
              "Actual Rows": 1,
              "Actual Loops": 7,
              "Plans": [
                {
                  "Node Type": "Hash Join",
                  "Parent Relationship": "Outer",
                  "Parallel Aware": true,
                  "Join Type": "Inner",
                  "Startup Cost": 51360.24,
                  "Total Cost": 399917.48,
                  "Plan Rows": 1906784,
                  "Plan Width": 0,
                  "Actual Startup Time": 492.111,
                  "Actual Total Time": 1325.892,
                  "Actual Rows": 799200,
                  "Actual Loops": 7,
                  "Inner Unique": true,
                  "Hash Cond": "(ci.movie_id = t.id)",
                  "Plans": [
                    {
                      "Node Type": "Seq Scan",
                      "Parent Relationship": "Outer",
                      "Parallel Aware": true,
                      "Relation Name": "cast_info",
                      "Alias": "ci",
                      "Startup Cost": 0.0,
                      "Total Cost": 343257.03,
                      "Plan Rows": 2019123,
                      "Plan Width": 4,
                      "Actual Startup Time": 221.322,
                      "Actual Total Time": 642.21,
                      "Actual Rows": 832136,
                      "Actual Loops": 7,
                      "Filter": "((person_id < 1840471) AND (role_id > 1))",
                      "Rows Removed by Filter": 4345627
                    },
                    {
                      "Node Type": "Hash",
                      "Parent Relationship": "Inner",
                      "Parallel Aware": true,
                      "Startup Cost": 43898.92,
                      "Total Cost": 43898.92,
                      "Plan Rows": 596906,
                      "Plan Width": 4,
                      "Actual Startup Time": 263.845,
                      "Actual Total Time": 263.846,
                      "Actual Rows": 341268,
                      "Actual Loops": 7,
                      "Hash Buckets": 4194304,
                      "Original Hash Buckets": 4194304,
                      "Hash Batches": 1,
                      "Original Hash Batches": 1,
                      "Peak Memory Usage": 126336,
                      "Plans": [
                        {
                          "Node Type": "Seq Scan",
                          "Parent Relationship": "Outer",
                          "Parallel Aware": true,
                          "Relation Name": "title",
                          "Alias": "t",
                          "Startup Cost": 0.0,
                          "Total Cost": 43898.92,
                          "Plan Rows": 596906,
                          "Plan Width": 4,
                          "Actual Startup Time": 0.04,
                          "Actual Total Time": 87.531,
                          "Actual Rows": 341268,
                          "Actual Loops": 7,
                          "Filter": "(production_year < 2013)",
                          "Rows Removed by Filter": 19919
                        }
                      ]
                    }
                  ]
                }
              ]
            }
          ]
        }
      ]
    },
    "Planning Time": 0.612,
    "Triggers": [],
    "Execution Time": 1476.389
  }
]