{
  "Plan": {
    "Node Type": "Aggregate",
    "Strategy": "Plain",
    "Partial Mode": "Simple",
    "Parallel Aware": false,
    "Startup Cost": 657589.92,
    "Total Cost": 657589.93,
    "Plan Rows": 1,
    "Plan Width": 8,
    "Actual Startup Time": 10314.589,
    "Actual Total Time": 10314.592,
    "Actual Rows": 1,
    "Actual Loops": 1,
    "Plans": [
      {
        "Node Type": "Hash Join",
        "Parent Relationship": "Outer",
        "Parallel Aware": false,
        "Join Type": "Inner",
        "Startup Cost": 656486.89,
        "Total Cost": 657582.87,
        "Plan Rows": 2818,
        "Plan Width": 0,
        "Actual Startup Time": 10314.281,
        "Actual Total Time": 10314.557,
        "Actual Rows": 682,
        "Actual Loops": 1,
        "Inner Unique": false,
        "Hash Cond": "(ci.movie_id = t.id)",
        "Plans": [
          {
            "Node Type": "Index Scan",
            "Parent Relationship": "Outer",
            "Parallel Aware": false,
            "Scan Direction": "Forward",
            "Index Name": "person_id_cast_info",
            "Relation Name": "cast_info",
            "Alias": "ci",
            "Startup Cost": 0.56,
            "Total Cost": 1058.43,
            "Plan Rows": 497,
            "Plan Width": 4,
            "Actual Startup Time": 0.71,
            "Actual Total Time": 0.73,
            "Actual Rows": 109,
            "Actual Loops": 1,
            "Index Cond": "(person_id = 1406716)",
            "Rows Removed by Index Recheck": 0
          },
          {
            "Node Type": "Hash",
            "Parent Relationship": "Inner",
            "Parallel Aware": false,
            "Startup Cost": 477302.15,
            "Total Cost": 477302.15,
            "Plan Rows": 14334734,
            "Plan Width": 8,
            "Actual Startup Time": 10228.483,
            "Actual Total Time": 10228.485,
            "Actual Rows": 14407069,
            "Actual Loops": 1,
            "Hash Buckets": 16777216,
            "Original Hash Buckets": 16777216,
            "Hash Batches": 1,
            "Original Hash Batches": 1,
            "Peak Memory Usage": 693849,
            "Plans": [
              {
                "Node Type": "Hash Join",
                "Parent Relationship": "Outer",
                "Parallel Aware": false,
                "Join Type": "Inner",
                "Startup Cost": 92884.59,
                "Total Cost": 477302.15,
                "Plan Rows": 14334734,
                "Plan Width": 8,
                "Actual Startup Time": 823.779,
                "Actual Total Time": 6898.265,
                "Actual Rows": 14407069,
                "Actual Loops": 1,
                "Inner Unique": true,
                "Hash Cond": "(mi.movie_id = t.id)",
                "Plans": [
                  {
                    "Node Type": "Seq Scan",
                    "Parent Relationship": "Outer",
                    "Parallel Aware": false,
                    "Relation Name": "movie_info",
                    "Alias": "mi",
                    "Startup Cost": 0.0,
                    "Total Cost": 346788.81,
                    "Plan Rows": 14334734,
                    "Plan Width": 4,
                    "Actual Startup Time": 0.022,
                    "Actual Total Time": 1590.888,
                    "Actual Rows": 14407069,
                    "Actual Loops": 1,
                    "Filter": "(info_type_id < 105)",
                    "Rows Removed by Filter": 428651
                  },
                  {
                    "Node Type": "Hash",
                    "Parent Relationship": "Inner",
                    "Parallel Aware": false,
                    "Startup Cost": 61280.93,
                    "Total Cost": 61280.93,
                    "Plan Rows": 2528293,
                    "Plan Width": 4,
                    "Actual Startup Time": 808.975,
                    "Actual Total Time": 808.975,
                    "Actual Rows": 2528312,
                    "Actual Loops": 1,
                    "Hash Buckets": 4194304,
                    "Original Hash Buckets": 4194304,
                    "Hash Batches": 1,
                    "Original Hash Batches": 1,
                    "Peak Memory Usage": 121654,
                    "Plans": [
                      {
                        "Node Type": "Seq Scan",
                        "Parent Relationship": "Outer",
                        "Parallel Aware": false,
                        "Relation Name": "title",
                        "Alias": "t",
                        "Startup Cost": 0.0,
                        "Total Cost": 61280.93,
                        "Plan Rows": 2528293,
                        "Plan Width": 4,
                        "Actual Startup Time": 0.015,
                        "Actual Total Time": 263.294,
                        "Actual Rows": 2528312,
                        "Actual Loops": 1
                      }
                    ]
                  }
                ]
              }
            ]
          }
        ]
      }
    ]
  },
  "Planning Time": 0.913,
  "Triggers": [],
  "Execution Time": 10361.895
}