[
  {
    "Plan": {
      "Node Type": "Aggregate",
      "Strategy": "Plain",
      "Partial Mode": "Finalize",
      "Parallel Aware": false,
      "Startup Cost": 274899.12,
      "Total Cost": 274899.13,
      "Plan Rows": 1,
      "Plan Width": 8,
      "Actual Startup Time": 485.737,
      "Actual Total Time": 532.814,
      "Actual Rows": 1,
      "Actual Loops": 1,
      "Plans": [
        {
          "Node Type": "Gather",
          "Parent Relationship": "Outer",
          "Parallel Aware": false,
          "Startup Cost": 274898.8,
          "Total Cost": 274899.11,
          "Plan Rows": 3,
          "Plan Width": 8,
          "Actual Startup Time": 484.174,
          "Actual Total Time": 532.791,
          "Actual Rows": 4,
          "Actual Loops": 1,
          "Workers Planned": 3,
          "Workers Launched": 3,
          "Single Copy": false,
          "Plans": [
            {
              "Node Type": "Aggregate",
              "Strategy": "Plain",
              "Partial Mode": "Partial",
              "Parent Relationship": "Outer",
              "Parallel Aware": false,
              "Startup Cost": 273898.8,
              "Total Cost": 273898.81,
              "Plan Rows": 1,
              "Plan Width": 8,
              "Actual Startup Time": 475.276,
              "Actual Total Time": 475.28,
              "Actual Rows": 1,
              "Actual Loops": 4,
              "Plans": [
                {
                  "Node Type": "Nested Loop",
                  "Parent Relationship": "Outer",
                  "Parallel Aware": false,
                  "Join Type": "Inner",
                  "Startup Cost": 47012.69,
                  "Total Cost": 272063.27,
                  "Plan Rows": 734213,
                  "Plan Width": 0,
                  "Actual Startup Time": 137.467,
                  "Actual Total Time": 464.648,
                  "Actual Rows": 217822,
                  "Actual Loops": 4,
                  "Inner Unique": false,
                  "Join Filter": "(t.id = ci.movie_id)",
                  "Rows Removed by Join Filter": 0,
                  "Plans": [
                    {
                      "Node Type": "Hash Join",
                      "Parent Relationship": "Outer",
                      "Parallel Aware": true,
                      "Join Type": "Inner",
                      "Startup Cost": 47012.12,
                      "Total Cost": 90400.98,
                      "Plan Rows": 51240,
                      "Plan Width": 8,
                      "Actual Startup Time": 137.377,
                      "Actual Total Time": 250.653,
                      "Actual Rows": 9926,
                      "Actual Loops": 4,
                      "Inner Unique": true,
                      "Hash Cond": "(mk.movie_id = t.id)",
                      "Plans": [
                        {
                          "Node Type": "Seq Scan",
                          "Parent Relationship": "Outer",
                          "Parallel Aware": true,
                          "Relation Name": "movie_keyword",
                          "Alias": "mk",
                          "Startup Cost": 0.0,
                          "Total Cost": 42695.65,
                          "Plan Rows": 264078,
                          "Plan Width": 4,
                          "Actual Startup Time": 1.827,
                          "Actual Total Time": 86.117,
                          "Actual Rows": 202065,
                          "Actual Loops": 4,
                          "Filter": "(keyword_id > 22896)",
                          "Rows Removed by Filter": 928918
                        },
                        {
                          "Node Type": "Hash",
                          "Parent Relationship": "Inner",
                          "Parallel Aware": true,
                          "Startup Cost": 45479.1,
                          "Total Cost": 45479.1,
                          "Plan Rows": 122642,
                          "Plan Width": 4,
                          "Actual Startup Time": 132.069,
                          "Actual Total Time": 132.07,
                          "Actual Rows": 94836,
                          "Actual Loops": 4,
                          "Hash Buckets": 524288,
                          "Original Hash Buckets": 524288,
                          "Hash Batches": 1,
                          "Original Hash Batches": 1,
                          "Peak Memory Usage": 19008,
                          "Plans": [
                            {
                              "Node Type": "Seq Scan",
                              "Parent Relationship": "Outer",
                              "Parallel Aware": true,
                              "Relation Name": "title",
                              "Alias": "t",
                              "Startup Cost": 0.0,
                              "Total Cost": 45479.1,
                              "Plan Rows": 122642,
                              "Plan Width": 4,
                              "Actual Startup Time": 0.037,
                              "Actual Total Time": 98.17,
                              "Actual Rows": 94836,
                              "Actual Loops": 4,
                              "Filter": "((production_year < 1995) AND (kind_id = 7))",
                              "Rows Removed by Filter": 537242
                            }
                          ]
                        }
                      ]
                    },
                    {
                      "Node Type": "Index Only Scan",
                      "Parent Relationship": "Inner",
                      "Parallel Aware": false,
                      "Scan Direction": "Forward",
                      "Index Name": "movie_id_cast_info",
                      "Relation Name": "cast_info",
                      "Alias": "ci",
                      "Startup Cost": 0.56,
                      "Total Cost": 3.08,
                      "Plan Rows": 37,
                      "Plan Width": 4,
                      "Actual Startup Time": 0.004,
                      "Actual Total Time": 0.019,
                      "Actual Rows": 22,
                      "Actual Loops": 39706,
                      "Index Cond": "(movie_id = mk.movie_id)",
                      "Rows Removed by Index Recheck": 0,
                      "Heap Fetches": 871287
                    }
                  ]
                }
              ]
            }
          ]
        }
      ]
    },
    "Planning Time": 1.398,
    "Triggers": [],
    "Execution Time": 532.917
  }
]