{
  "Plan": {
    "Node Type": "Aggregate",
    "Strategy": "Plain",
    "Partial Mode": "Finalize",
    "Parallel Aware": false,
    "Startup Cost": 139038.81,
    "Total Cost": 139038.82,
    "Plan Rows": 1,
    "Plan Width": 8,
    "Actual Startup Time": 1152.139,
    "Actual Total Time": 1169.724,
    "Actual Rows": 1,
    "Actual Loops": 1,
    "Plans": [
      {
        "Node Type": "Gather",
        "Parent Relationship": "Outer",
        "Parallel Aware": false,
        "Startup Cost": 139038.7,
        "Total Cost": 139038.81,
        "Plan Rows": 1,
        "Plan Width": 8,
        "Actual Startup Time": 1147.844,
        "Actual Total Time": 1169.715,
        "Actual Rows": 2,
        "Actual Loops": 1,
        "Workers Planned": 1,
        "Workers Launched": 1,
        "Single Copy": false,
        "Plans": [
          {
            "Node Type": "Aggregate",
            "Strategy": "Plain",
            "Partial Mode": "Partial",
            "Parent Relationship": "Outer",
            "Parallel Aware": false,
            "Startup Cost": 138038.7,
            "Total Cost": 138038.71,
            "Plan Rows": 1,
            "Plan Width": 8,
            "Actual Startup Time": 1142.262,
            "Actual Total Time": 1143.177,
            "Actual Rows": 1,
            "Actual Loops": 2,
            "Plans": [
              {
                "Node Type": "Hash Join",
                "Parent Relationship": "Outer",
                "Parallel Aware": true,
                "Join Type": "Inner",
                "Startup Cost": 93084.46,
                "Total Cost": 137105.54,
                "Plan Rows": 373264,
                "Plan Width": 0,
                "Actual Startup Time": 755.099,
                "Actual Total Time": 1103.28,
                "Actual Rows": 946139,
                "Actual Loops": 2,
                "Inner Unique": false,
                "Hash Cond": "(mc.movie_id = t.id)",
                "Plans": [
                  {
                    "Node Type": "Seq Scan",
                    "Parent Relationship": "Outer",
                    "Parallel Aware": true,
                    "Relation Name": "movie_companies",
                    "Alias": "mc",
                    "Startup Cost": 0.0,
                    "Total Cost": 37974.77,
                    "Plan Rows": 1026836,
                    "Plan Width": 4,
                    "Actual Startup Time": 0.018,
                    "Actual Total Time": 120.188,
                    "Actual Rows": 865970,
                    "Actual Loops": 2,
                    "Filter": "(company_id < 23082)",
                    "Rows Removed by Filter": 438595
                  },
                  {
                    "Node Type": "Hash",
                    "Parent Relationship": "Inner",
                    "Parallel Aware": true,
                    "Startup Cost": 86326.69,
                    "Total Cost": 86326.69,
                    "Plan Rows": 540622,
                    "Plan Width": 8,
                    "Actual Startup Time": 745.878,
                    "Actual Total Time": 746.791,
                    "Actual Rows": 459925,
                    "Actual Loops": 2,
                    "Hash Buckets": 1048576,
                    "Original Hash Buckets": 1048576,
                    "Hash Batches": 1,
                    "Original Hash Batches": 1,
                    "Peak Memory Usage": 44192,
                    "Plans": [
                      {
                        "Node Type": "Hash Join",
                        "Parent Relationship": "Outer",
                        "Parallel Aware": true,
                        "Join Type": "Inner",
                        "Startup Cost": 24840.09,
                        "Total Cost": 86326.69,
                        "Plan Rows": 540622,
                        "Plan Width": 8,
                        "Actual Startup Time": 178.055,
                        "Actual Total Time": 642.766,
                        "Actual Rows": 459925,
                        "Actual Loops": 2,
                        "Inner Unique": false,
                        "Hash Cond": "(t.id = mi_idx.movie_id)",
                        "Plans": [
                          {
                            "Node Type": "Seq Scan",
                            "Parent Relationship": "Outer",
                            "Parallel Aware": true,
                            "Relation Name": "title",
                            "Alias": "t",
                            "Startup Cost": 0.0,
                            "Total Cost": 50870.31,
                            "Plan Rows": 1487231,
                            "Plan Width": 4,
                            "Actual Startup Time": 0.009,
                            "Actual Total Time": 125.236,
                            "Actual Rows": 1264156,
                            "Actual Loops": 2
                          },
                          {
                            "Node Type": "Hash",
                            "Parent Relationship": "Inner",
                            "Parallel Aware": true,
                            "Startup Cost": 18082.32,
                            "Total Cost": 18082.32,
                            "Plan Rows": 540622,
                            "Plan Width": 4,
                            "Actual Startup Time": 172.484,
                            "Actual Total Time": 172.485,
                            "Actual Rows": 459925,
                            "Actual Loops": 2,
                            "Hash Buckets": 1048576,
                            "Original Hash Buckets": 1048576,
                            "Hash Batches": 1,
                            "Original Hash Batches": 1,
                            "Peak Memory Usage": 44224,
                            "Plans": [
                              {
                                "Node Type": "Seq Scan",
                                "Parent Relationship": "Outer",
                                "Parallel Aware": true,
                                "Relation Name": "movie_info_idx",
                                "Alias": "mi_idx",
                                "Startup Cost": 0.0,
                                "Total Cost": 18082.32,
                                "Plan Rows": 540622,
                                "Plan Width": 4,
                                "Actual Startup Time": 0.056,
                                "Actual Total Time": 79.651,
                                "Actual Rows": 459925,
                                "Actual Loops": 2,
                                "Filter": "(info_type_id < 101)",
                                "Rows Removed by Filter": 230092
                              }
                            ]
                          }
                        ]
                      }
                    ]
                  }
                ]
              }
            ]
          }
        ]
      }
    ]
  },
  "Planning Time": 0.856,
  "Triggers": [],
  "Execution Time": 1169.805
}