[
  {
    "Plan": {
      "Node Type": "Aggregate",
      "Strategy": "Plain",
      "Partial Mode": "Finalize",
      "Parallel Aware": false,
      "Startup Cost": 47298.12,
      "Total Cost": 47298.13,
      "Plan Rows": 1,
      "Plan Width": 8,
      "Actual Startup Time": 191.786,
      "Actual Total Time": 202.014,
      "Actual Rows": 1,
      "Actual Loops": 1,
      "Plans": [
        {
          "Node Type": "Gather",
          "Parent Relationship": "Outer",
          "Parallel Aware": false,
          "Startup Cost": 47297.8,
          "Total Cost": 47298.11,
          "Plan Rows": 3,
          "Plan Width": 8,
          "Actual Startup Time": 191.663,
          "Actual Total Time": 202.006,
          "Actual Rows": 4,
          "Actual Loops": 1,
          "Workers Planned": 3,
          "Workers Launched": 3,
          "Single Copy": false,
          "Plans": [
            {
              "Node Type": "Aggregate",
              "Strategy": "Plain",
              "Partial Mode": "Partial",
              "Parent Relationship": "Outer",
              "Parallel Aware": false,
              "Startup Cost": 46297.8,
              "Total Cost": 46297.81,
              "Plan Rows": 1,
              "Plan Width": 8,
              "Actual Startup Time": 187.812,
              "Actual Total Time": 187.814,
              "Actual Rows": 1,
              "Actual Loops": 4,
              "Plans": [
                {
                  "Node Type": "Seq Scan",
                  "Parent Relationship": "Outer",
                  "Parallel Aware": true,
                  "Relation Name": "movie_keyword",
                  "Alias": "mk",
                  "Startup Cost": 0.0,
                  "Total Cost": 42695.65,
                  "Plan Rows": 1440859,
                  "Plan Width": 0,
                  "Actual Startup Time": 0.028,
                  "Actual Total Time": 134.028,
                  "Actual Rows": 1117361,
                  "Actual Loops": 4,
                  "Filter": "(keyword_id > 52)",
                  "Rows Removed by Filter": 13622
                }
              ]
            }
          ]
        }
      ]
    },
    "Planning Time": 0.158,
    "Triggers": [],
    "Execution Time": 202.044
  }
]