{
  "Plan": {
    "Node Type": "Aggregate",
    "Strategy": "Plain",
    "Partial Mode": "Finalize",
    "Parallel Aware": false,
    "Startup Cost": 381733.86,
    "Total Cost": 381733.87,
    "Plan Rows": 1,
    "Plan Width": 8,
    "Actual Startup Time": 1065.773,
    "Actual Total Time": 1085.937,
    "Actual Rows": 1,
    "Actual Loops": 1,
    "Plans": [
      {
        "Node Type": "Gather",
        "Parent Relationship": "Outer",
        "Parallel Aware": false,
        "Startup Cost": 381733.74,
        "Total Cost": 381733.85,
        "Plan Rows": 1,
        "Plan Width": 8,
        "Actual Startup Time": 1062.827,
        "Actual Total Time": 1085.922,
        "Actual Rows": 2,
        "Actual Loops": 1,
        "Workers Planned": 1,
        "Workers Launched": 1,
        "Single Copy": false,
        "Plans": [
          {
            "Node Type": "Aggregate",
            "Strategy": "Plain",
            "Partial Mode": "Partial",
            "Parent Relationship": "Outer",
            "Parallel Aware": false,
            "Startup Cost": 380733.74,
            "Total Cost": 380733.75,
            "Plan Rows": 1,
            "Plan Width": 8,
            "Actual Startup Time": 1054.787,
            "Actual Total Time": 1054.791,
            "Actual Rows": 1,
            "Actual Loops": 2,
            "Plans": [
              {
                "Node Type": "Hash Join",
                "Parent Relationship": "Outer",
                "Parallel Aware": true,
                "Join Type": "Inner",
                "Startup Cost": 109439.64,
                "Total Cost": 379496.69,
                "Plan Rows": 494823,
                "Plan Width": 0,
                "Actual Startup Time": 549.906,
                "Actual Total Time": 1032.174,
                "Actual Rows": 331771,
                "Actual Loops": 2,
                "Inner Unique": true,
                "Hash Cond": "(ci.movie_id = t.id)",
                "Plans": [
                  {
                    "Node Type": "Bitmap Heap Scan",
                    "Parent Relationship": "Outer",
                    "Parallel Aware": true,
                    "Relation Name": "cast_info",
                    "Alias": "ci",
                    "Startup Cost": 43123.17,
                    "Total Cost": 310165.58,
                    "Plan Rows": 1148433,
                    "Plan Width": 4,
                    "Actual Startup Time": 117.898,
                    "Actual Total Time": 271.713,
                    "Actual Rows": 942010,
                    "Actual Loops": 2,
                    "Recheck Cond": "(person_id > 3690859)",
                    "Rows Removed by Index Recheck": 0,
                    "Exact Heap Blocks": 14560,
                    "Lossy Heap Blocks": 0,
                    "Plans": [
                      {
                        "Node Type": "Bitmap Index Scan",
                        "Parent Relationship": "Outer",
                        "Parallel Aware": false,
                        "Index Name": "person_id_cast_info",
                        "Startup Cost": 0.0,
                        "Total Cost": 42635.08,
                        "Plan Rows": 1952336,
                        "Plan Width": 0,
                        "Actual Startup Time": 111.003,
                        "Actual Total Time": 111.003,
                        "Actual Rows": 1884019,
                        "Actual Loops": 1,
                        "Index Cond": "(person_id > 3690859)"
                      }
                    ]
                  },
                  {
                    "Node Type": "Hash",
                    "Parent Relationship": "Inner",
                    "Parallel Aware": true,
                    "Startup Cost": 58306.47,
                    "Total Cost": 58306.47,
                    "Plan Rows": 640800,
                    "Plan Width": 4,
                    "Actual Startup Time": 417.46,
                    "Actual Total Time": 417.461,
                    "Actual Rows": 522111,
                    "Actual Loops": 2,
                    "Hash Buckets": 2097152,
                    "Original Hash Buckets": 2097152,
                    "Hash Batches": 1,
                    "Original Hash Batches": 1,
                    "Peak Memory Usage": 57280,
                    "Plans": [
                      {
                        "Node Type": "Seq Scan",
                        "Parent Relationship": "Outer",
                        "Parallel Aware": true,
                        "Relation Name": "title",
                        "Alias": "t",
                        "Startup Cost": 0.0,
                        "Total Cost": 58306.47,
                        "Plan Rows": 640800,
                        "Plan Width": 4,
                        "Actual Startup Time": 0.031,
                        "Actual Total Time": 227.148,
                        "Actual Rows": 522111,
                        "Actual Loops": 2,
                        "Filter": "((production_year < 2009) AND (kind_id = 7))",
                        "Rows Removed by Filter": 742045
                      }
                    ]
                  }
                ]
              }
            ]
          }
        ]
      }
    ]
  },
  "Planning Time": 0.729,
  "Triggers": [],
  "Execution Time": 1086.035
}