[
    {
        "Bao": {
            "Bao prediction": 2225.807,
            "Bao recommended hint": "SET enable_nestloop TO off; "
        }
    },
    {
        "Plan": {
            "Node Type": "Aggregate",
            "Strategy": "Plain",
            "Partial Mode": "Finalize",
            "Parallel Aware": false,
            "Startup Cost": 526707.74,
            "Total Cost": 526707.75,
            "Plan Rows": 1,
            "Plan Width": 64,
            "Actual Startup Time": 3572.018,
            "Actual Total Time": 3656.399,
            "Actual Rows": 1,
            "Actual Loops": 1,
            "Output": [
                "min(n.name)",
                "min(n.name)"
            ],
            "Plans": [
                {
                    "Node Type": "Gather",
                    "Parent Relationship": "Outer",
                    "Parallel Aware": false,
                    "Startup Cost": 526707.42,
                    "Total Cost": 526707.73,
                    "Plan Rows": 3,
                    "Plan Width": 32,
                    "Actual Startup Time": 3569.557,
                    "Actual Total Time": 3656.384,
                    "Actual Rows": 4,
                    "Actual Loops": 1,
                    "Output": [
                        "(PARTIAL min(n.name))"
                    ],
                    "Workers Planned": 3,
                    "Workers Launched": 3,
                    "Single Copy": false,
                    "Plans": [
                        {
                            "Node Type": "Aggregate",
                            "Strategy": "Plain",
                            "Partial Mode": "Partial",
                            "Parent Relationship": "Outer",
                            "Parallel Aware": false,
                            "Startup Cost": 525707.42,
                            "Total Cost": 525707.43,
                            "Plan Rows": 1,
                            "Plan Width": 32,
                            "Actual Startup Time": 3561.106,
                            "Actual Total Time": 3561.306,
                            "Actual Rows": 1,
                            "Actual Loops": 4,
                            "Output": [
                                "PARTIAL min(n.name)"
                            ],
                            "Workers": [
                                {
                                    "Worker Number": 0,
                                    "Actual Startup Time": 3555.934,
                                    "Actual Total Time": 3555.948,
                                    "Actual Rows": 1,
                                    "Actual Loops": 1
                                },
                                {
                                    "Worker Number": 1,
                                    "Actual Startup Time": 3562.348,
                                    "Actual Total Time": 3562.365,
                                    "Actual Rows": 1,
                                    "Actual Loops": 1
                                },
                                {
                                    "Worker Number": 2,
                                    "Actual Startup Time": 3557.383,
                                    "Actual Total Time": 3557.399,
                                    "Actual Rows": 1,
                                    "Actual Loops": 1
                                }
                            ],
                            "Plans": [
                                {
                                    "Node Type": "Hash Join",
                                    "Parent Relationship": "Outer",
                                    "Parallel Aware": true,
                                    "Join Type": "Inner",
                                    "Startup Cost": 495344.4,
                                    "Total Cost": 525707.32,
                                    "Plan Rows": 39,
                                    "Plan Width": 15,
                                    "Actual Startup Time": 3359.361,
                                    "Actual Total Time": 3554.635,
                                    "Actual Rows": 71315,
                                    "Actual Loops": 4,
                                    "Output": [
                                        "n.name"
                                    ],
                                    "Inner Unique": true,
                                    "Hash Cond": "(mc.company_id = cn.id)",
                                    "Workers": [
                                        {
                                            "Worker Number": 0,
                                            "Actual Startup Time": 3354.219,
                                            "Actual Total Time": 3549.668,
                                            "Actual Rows": 91222,
                                            "Actual Loops": 1
                                        },
                                        {
                                            "Worker Number": 1,
                                            "Actual Startup Time": 3360.986,
                                            "Actual Total Time": 3555.506,
                                            "Actual Rows": 64663,
                                            "Actual Loops": 1
                                        },
                                        {
                                            "Worker Number": 2,
                                            "Actual Startup Time": 3355.249,
                                            "Actual Total Time": 3550.489,
                                            "Actual Rows": 63407,
                                            "Actual Loops": 1
                                        }
                                    ],
                                    "Plans": [
                                        {
                                            "Node Type": "Hash Join",
                                            "Parent Relationship": "Outer",
                                            "Parallel Aware": true,
                                            "Join Type": "Inner",
                                            "Startup Cost": 489239.14,
                                            "Total Cost": 519601.96,
                                            "Plan Rows": 39,
                                            "Plan Width": 19,
                                            "Actual Startup Time": 3316.998,
                                            "Actual Total Time": 3492.01,
                                            "Actual Rows": 71315,
                                            "Actual Loops": 4,
                                            "Output": [
                                                "mc.company_id",
                                                "n.name"
                                            ],
                                            "Inner Unique": false,
                                            "Hash Cond": "(mc.movie_id = ci.movie_id)",
                                            "Workers": [
                                                {
                                                    "Worker Number": 0,
                                                    "Actual Startup Time": 3316.88,
                                                    "Actual Total Time": 3491.642,
                                                    "Actual Rows": 91222,
                                                    "Actual Loops": 1
                                                },
                                                {
                                                    "Worker Number": 1,
                                                    "Actual Startup Time": 3317.247,
                                                    "Actual Total Time": 3491.467,
                                                    "Actual Rows": 64663,
                                                    "Actual Loops": 1
                                                },
                                                {
                                                    "Worker Number": 2,
                                                    "Actual Startup Time": 3316.987,
                                                    "Actual Total Time": 3492.038,
                                                    "Actual Rows": 63407,
                                                    "Actual Loops": 1
                                                }
                                            ],
                                            "Plans": [
                                                {
                                                    "Node Type": "Seq Scan",
                                                    "Parent Relationship": "Outer",
                                                    "Parallel Aware": true,
                                                    "Relation Name": "movie_companies",
                                                    "Schema": "public",
                                                    "Alias": "mc",
                                                    "Startup Cost": 0.0,
                                                    "Total Cost": 27206.55,
                                                    "Plan Rows": 841655,
                                                    "Plan Width": 8,
                                                    "Actual Startup Time": 0.03,
                                                    "Actual Total Time": 75.642,
                                                    "Actual Rows": 652282,
                                                    "Actual Loops": 4,
                                                    "Output": [
                                                        "mc.id",
                                                        "mc.movie_id",
                                                        "mc.company_id",
                                                        "mc.company_type_id",
                                                        "mc.note"
                                                    ],
                                                    "Workers": [
                                                        {
                                                            "Worker Number": 0,
                                                            "Actual Startup Time": 0.032,
                                                            "Actual Total Time": 76.628,
                                                            "Actual Rows": 851029,
                                                            "Actual Loops": 1
                                                        },
                                                        {
                                                            "Worker Number": 1,
                                                            "Actual Startup Time": 0.039,
                                                            "Actual Total Time": 75.396,
                                                            "Actual Rows": 587409,
                                                            "Actual Loops": 1
                                                        },
                                                        {
                                                            "Worker Number": 2,
                                                            "Actual Startup Time": 0.04,
                                                            "Actual Total Time": 75.537,
                                                            "Actual Rows": 585025,
                                                            "Actual Loops": 1
                                                        }
                                                    ]
                                                },
                                                {
                                                    "Node Type": "Hash",
                                                    "Parent Relationship": "Inner",
                                                    "Parallel Aware": true,
                                                    "Startup Cost": 489239.04,
                                                    "Total Cost": 489239.04,
                                                    "Plan Rows": 8,
                                                    "Plan Width": 27,
                                                    "Actual Startup Time": 3316.505,
                                                    "Actual Total Time": 3316.701,
                                                    "Actual Rows": 10008,
                                                    "Actual Loops": 4,
                                                    "Output": [
                                                        "ci.movie_id",
                                                        "mk.movie_id",
                                                        "n.name",
                                                        "t.id"
                                                    ],
                                                    "Hash Buckets": 65536,
                                                    "Original Hash Buckets": 1024,
                                                    "Hash Batches": 1,
                                                    "Original Hash Batches": 1,
                                                    "Peak Memory Usage": 3576,
                                                    "Workers": [
                                                        {
                                                            "Worker Number": 0,
                                                            "Actual Startup Time": 3316.555,
                                                            "Actual Total Time": 3316.565,
                                                            "Actual Rows": 11570,
                                                            "Actual Loops": 1
                                                        },
                                                        {
                                                            "Worker Number": 1,
                                                            "Actual Startup Time": 3316.571,
                                                            "Actual Total Time": 3316.584,
                                                            "Actual Rows": 9053,
                                                            "Actual Loops": 1
                                                        },
                                                        {
                                                            "Worker Number": 2,
                                                            "Actual Startup Time": 3316.507,
                                                            "Actual Total Time": 3316.519,
                                                            "Actual Rows": 10377,
                                                            "Actual Loops": 1
                                                        }
                                                    ],
                                                    "Plans": [
                                                        {
                                                            "Node Type": "Hash Join",
                                                            "Parent Relationship": "Outer",
                                                            "Parallel Aware": true,
                                                            "Join Type": "Inner",
                                                            "Startup Cost": 159356.94,
                                                            "Total Cost": 489239.04,
                                                            "Plan Rows": 8,
                                                            "Plan Width": 27,
                                                            "Actual Startup Time": 831.213,
                                                            "Actual Total Time": 3225.282,
                                                            "Actual Rows": 10008,
                                                            "Actual Loops": 4,
                                                            "Output": [
                                                                "ci.movie_id",
                                                                "mk.movie_id",
                                                                "n.name",
                                                                "t.id"
                                                            ],
                                                            "Inner Unique": false,
                                                            "Hash Cond": "(ci.movie_id = t.id)",
                                                            "Workers": [
                                                                {
                                                                    "Worker Number": 0,
                                                                    "Actual Startup Time": 831.18,
                                                                    "Actual Total Time": 3290.098,
                                                                    "Actual Rows": 11570,
                                                                    "Actual Loops": 1
                                                                },
                                                                {
                                                                    "Worker Number": 1,
                                                                    "Actual Startup Time": 831.345,
                                                                    "Actual Total Time": 3164.161,
                                                                    "Actual Rows": 9053,
                                                                    "Actual Loops": 1
                                                                },
                                                                {
                                                                    "Worker Number": 2,
                                                                    "Actual Startup Time": 831.015,
                                                                    "Actual Total Time": 3283.345,
                                                                    "Actual Rows": 10377,
                                                                    "Actual Loops": 1
                                                                }
                                                            ],
                                                            "Plans": [
                                                                {
                                                                    "Node Type": "Hash Join",
                                                                    "Parent Relationship": "Outer",
                                                                    "Parallel Aware": true,
                                                                    "Join Type": "Inner",
                                                                    "Startup Cost": 69162.89,
                                                                    "Total Cost": 398129.54,
                                                                    "Plan Rows": 244119,
                                                                    "Plan Width": 19,
                                                                    "Actual Startup Time": 226.091,
                                                                    "Actual Total Time": 2546.923,
                                                                    "Actual Rows": 372660,
                                                                    "Actual Loops": 4,
                                                                    "Output": [
                                                                        "ci.movie_id",
                                                                        "n.name"
                                                                    ],
                                                                    "Inner Unique": true,
                                                                    "Hash Cond": "(ci.person_id = n.id)",
                                                                    "Workers": [
                                                                        {
                                                                            "Worker Number": 0,
                                                                            "Actual Startup Time": 226.247,
                                                                            "Actual Total Time": 2607.27,
                                                                            "Actual Rows": 423405,
                                                                            "Actual Loops": 1
                                                                        },
                                                                        {
                                                                            "Worker Number": 1,
                                                                            "Actual Startup Time": 226.055,
                                                                            "Actual Total Time": 2488.692,
                                                                            "Actual Rows": 330002,
                                                                            "Actual Loops": 1
                                                                        },
                                                                        {
                                                                            "Worker Number": 2,
                                                                            "Actual Startup Time": 226.021,
                                                                            "Actual Total Time": 2601.901,
                                                                            "Actual Rows": 398905,
                                                                            "Actual Loops": 1
                                                                        }
                                                                    ],
                                                                    "Plans": [
                                                                        {
                                                                            "Node Type": "Seq Scan",
                                                                            "Parent Relationship": "Outer",
                                                                            "Parallel Aware": true,
                                                                            "Relation Name": "cast_info",
                                                                            "Schema": "public",
                                                                            "Alias": "ci",
                                                                            "Startup Cost": 0.0,
                                                                            "Total Cost": 313106.51,
                                                                            "Plan Rows": 6041951,
                                                                            "Plan Width": 8,
                                                                            "Actual Startup Time": 0.012,
                                                                            "Actual Total Time": 1113.775,
                                                                            "Actual Rows": 9061086,
                                                                            "Actual Loops": 4,
                                                                            "Output": [
                                                                                "ci.id",
                                                                                "ci.person_id",
                                                                                "ci.movie_id",
                                                                                "ci.person_role_id",
                                                                                "ci.note",
                                                                                "ci.nr_order",
                                                                                "ci.role_id"
                                                                            ],
                                                                            "Workers": [
                                                                                {
                                                                                    "Worker Number": 0,
                                                                                    "Actual Startup Time": 0.011,
                                                                                    "Actual Total Time": 1134.395,
                                                                                    "Actual Rows": 9672632,
                                                                                    "Actual Loops": 1
                                                                                },
                                                                                {
                                                                                    "Worker Number": 1,
                                                                                    "Actual Startup Time": 0.01,
                                                                                    "Actual Total Time": 1084.145,
                                                                                    "Actual Rows": 8445203,
                                                                                    "Actual Loops": 1
                                                                                },
                                                                                {
                                                                                    "Worker Number": 2,
                                                                                    "Actual Startup Time": 0.009,
                                                                                    "Actual Total Time": 1141.346,
                                                                                    "Actual Rows": 9391040,
                                                                                    "Actual Loops": 1
                                                                                }
                                                                            ]
                                                                        },
                                                                        {
                                                                            "Node Type": "Hash",
                                                                            "Parent Relationship": "Inner",
                                                                            "Parallel Aware": true,
                                                                            "Startup Cost": 68636.68,
                                                                            "Total Cost": 68636.68,
                                                                            "Plan Rows": 42097,
                                                                            "Plan Width": 19,
                                                                            "Actual Startup Time": 224.776,
                                                                            "Actual Total Time": 224.778,
                                                                            "Actual Rows": 44316,
                                                                            "Actual Loops": 4,
                                                                            "Output": [
                                                                                "n.name",
                                                                                "n.id"
                                                                            ],
                                                                            "Hash Buckets": 262144,
                                                                            "Original Hash Buckets": 262144,
                                                                            "Hash Batches": 1,
                                                                            "Original Hash Batches": 1,
                                                                            "Peak Memory Usage": 11744,
                                                                            "Workers": [
                                                                                {
                                                                                    "Worker Number": 0,
                                                                                    "Actual Startup Time": 222.255,
                                                                                    "Actual Total Time": 222.256,
                                                                                    "Actual Rows": 45227,
                                                                                    "Actual Loops": 1
                                                                                },
                                                                                {
                                                                                    "Worker Number": 1,
                                                                                    "Actual Startup Time": 225.631,
                                                                                    "Actual Total Time": 225.633,
                                                                                    "Actual Rows": 43966,
                                                                                    "Actual Loops": 1
                                                                                },
                                                                                {
                                                                                    "Worker Number": 2,
                                                                                    "Actual Startup Time": 225.616,
                                                                                    "Actual Total Time": 225.618,
                                                                                    "Actual Rows": 43720,
                                                                                    "Actual Loops": 1
                                                                                }
                                                                            ],
                                                                            "Plans": [
                                                                                {
                                                                                    "Node Type": "Seq Scan",
                                                                                    "Parent Relationship": "Outer",
                                                                                    "Parallel Aware": true,
                                                                                    "Relation Name": "name",
                                                                                    "Schema": "public",
                                                                                    "Alias": "n",
                                                                                    "Startup Cost": 0.0,
                                                                                    "Total Cost": 68636.68,
                                                                                    "Plan Rows": 42097,
                                                                                    "Plan Width": 19,
                                                                                    "Actual Startup Time": 0.035,
                                                                                    "Actual Total Time": 198.661,
                                                                                    "Actual Rows": 44316,
                                                                                    "Actual Loops": 4,
                                                                                    "Output": [
                                                                                        "n.name",
                                                                                        "n.id"
                                                                                    ],
                                                                                    "Filter": "(n.name ~~ 'A%'::text)",
                                                                                    "Rows Removed by Filter": 997557,
                                                                                    "Workers": [
                                                                                        {
                                                                                            "Worker Number": 0,
                                                                                            "Actual Startup Time": 0.042,
                                                                                            "Actual Total Time": 198.883,
                                                                                            "Actual Rows": 45227,
                                                                                            "Actual Loops": 1
                                                                                        },
                                                                                        {
                                                                                            "Worker Number": 1,
                                                                                            "Actual Startup Time": 0.036,
                                                                                            "Actual Total Time": 198.745,
                                                                                            "Actual Rows": 43966,
                                                                                            "Actual Loops": 1
                                                                                        },
                                                                                        {
                                                                                            "Worker Number": 2,
                                                                                            "Actual Startup Time": 0.039,
                                                                                            "Actual Total Time": 198.455,
                                                                                            "Actual Rows": 43720,
                                                                                            "Actual Loops": 1
                                                                                        }
                                                                                    ]
                                                                                }
                                                                            ]
                                                                        }
                                                                    ]
                                                                },
                                                                {
                                                                    "Node Type": "Hash",
                                                                    "Parent Relationship": "Inner",
                                                                    "Parallel Aware": true,
                                                                    "Startup Cost": 90193.95,
                                                                    "Total Cost": 90193.95,
                                                                    "Plan Rows": 8,
                                                                    "Plan Width": 8,
                                                                    "Actual Startup Time": 604.67,
                                                                    "Actual Total Time": 604.677,
                                                                    "Actual Rows": 10460,
                                                                    "Actual Loops": 4,
                                                                    "Output": [
                                                                        "mk.movie_id",
                                                                        "t.id"
                                                                    ],
                                                                    "Hash Buckets": 65536,
                                                                    "Original Hash Buckets": 1024,
                                                                    "Hash Batches": 1,
                                                                    "Original Hash Batches": 1,
                                                                    "Peak Memory Usage": 2680,
                                                                    "Workers": [
                                                                        {
                                                                            "Worker Number": 0,
                                                                            "Actual Startup Time": 604.782,
                                                                            "Actual Total Time": 604.788,
                                                                            "Actual Rows": 10379,
                                                                            "Actual Loops": 1
                                                                        },
                                                                        {
                                                                            "Worker Number": 1,
                                                                            "Actual Startup Time": 604.62,
                                                                            "Actual Total Time": 604.627,
                                                                            "Actual Rows": 9642,
                                                                            "Actual Loops": 1
                                                                        },
                                                                        {
                                                                            "Worker Number": 2,
                                                                            "Actual Startup Time": 604.621,
                                                                            "Actual Total Time": 604.629,
                                                                            "Actual Rows": 10505,
                                                                            "Actual Loops": 1
                                                                        }
                                                                    ],
                                                                    "Plans": [
                                                                        {
                                                                            "Node Type": "Hash Join",
                                                                            "Parent Relationship": "Outer",
                                                                            "Parallel Aware": true,
                                                                            "Join Type": "Inner",
                                                                            "Startup Cost": 45504.47,
                                                                            "Total Cost": 90193.95,
                                                                            "Plan Rows": 8,
                                                                            "Plan Width": 8,
                                                                            "Actual Startup Time": 309.182,
                                                                            "Actual Total Time": 540.909,
                                                                            "Actual Rows": 10460,
                                                                            "Actual Loops": 4,
                                                                            "Output": [
                                                                                "mk.movie_id",
                                                                                "t.id"
                                                                            ],
                                                                            "Inner Unique": false,
                                                                            "Hash Cond": "(t.id = mk.movie_id)",
                                                                            "Workers": [
                                                                                {
                                                                                    "Worker Number": 0,
                                                                                    "Actual Startup Time": 309.343,
                                                                                    "Actual Total Time": 536.364,
                                                                                    "Actual Rows": 10379,
                                                                                    "Actual Loops": 1
                                                                                },
                                                                                {
                                                                                    "Worker Number": 1,
                                                                                    "Actual Startup Time": 309.148,
                                                                                    "Actual Total Time": 529.814,
                                                                                    "Actual Rows": 9642,
                                                                                    "Actual Loops": 1
                                                                                },
                                                                                {
                                                                                    "Worker Number": 2,
                                                                                    "Actual Startup Time": 309.13,
                                                                                    "Actual Total Time": 551.665,
                                                                                    "Actual Rows": 10505,
                                                                                    "Actual Loops": 1
                                                                                }
                                                                            ],
                                                                            "Plans": [
                                                                                {
                                                                                    "Node Type": "Seq Scan",
                                                                                    "Parent Relationship": "Outer",
                                                                                    "Parallel Aware": true,
                                                                                    "Relation Name": "title",
                                                                                    "Schema": "public",
                                                                                    "Alias": "t",
                                                                                    "Startup Cost": 0.0,
                                                                                    "Total Cost": 42319.06,
                                                                                    "Plan Rows": 632106,
                                                                                    "Plan Width": 4,
                                                                                    "Actual Startup Time": 0.026,
                                                                                    "Actual Total Time": 112.753,
                                                                                    "Actual Rows": 632078,
                                                                                    "Actual Loops": 4,
                                                                                    "Output": [
                                                                                        "t.id",
                                                                                        "t.title",
                                                                                        "t.imdb_index",
                                                                                        "t.kind_id",
                                                                                        "t.production_year",
                                                                                        "t.imdb_id",
                                                                                        "t.phonetic_code",
                                                                                        "t.episode_of_id",
                                                                                        "t.season_nr",
                                                                                        "t.episode_nr",
                                                                                        "t.series_years",
                                                                                        "t.md5sum"
                                                                                    ],
                                                                                    "Workers": [
                                                                                        {
                                                                                            "Worker Number": 0,
                                                                                            "Actual Startup Time": 0.032,
                                                                                            "Actual Total Time": 111.908,
                                                                                            "Actual Rows": 596978,
                                                                                            "Actual Loops": 1
                                                                                        },
                                                                                        {
                                                                                            "Worker Number": 1,
                                                                                            "Actual Startup Time": 0.035,
                                                                                            "Actual Total Time": 108.264,
                                                                                            "Actual Rows": 571685,
                                                                                            "Actual Loops": 1
                                                                                        },
                                                                                        {
                                                                                            "Worker Number": 2,
                                                                                            "Actual Startup Time": 0.031,
                                                                                            "Actual Total Time": 116.252,
                                                                                            "Actual Rows": 709069,
                                                                                            "Actual Loops": 1
                                                                                        }
                                                                                    ]
                                                                                },
                                                                                {
                                                                                    "Node Type": "Hash",
                                                                                    "Parent Relationship": "Inner",
                                                                                    "Parallel Aware": true,
                                                                                    "Startup Cost": 45504.33,
                                                                                    "Total Cost": 45504.33,
                                                                                    "Plan Rows": 11,
                                                                                    "Plan Width": 4,
                                                                                    "Actual Startup Time": 308.91,
                                                                                    "Actual Total Time": 308.914,
                                                                                    "Actual Rows": 10460,
                                                                                    "Actual Loops": 4,
                                                                                    "Output": [
                                                                                        "mk.movie_id"
                                                                                    ],
                                                                                    "Hash Buckets": 65536,
                                                                                    "Original Hash Buckets": 1024,
                                                                                    "Hash Batches": 1,
                                                                                    "Original Hash Batches": 1,
                                                                                    "Peak Memory Usage": 2680,
                                                                                    "Workers": [
                                                                                        {
                                                                                            "Worker Number": 0,
                                                                                            "Actual Startup Time": 308.876,
                                                                                            "Actual Total Time": 308.879,
                                                                                            "Actual Rows": 10422,
                                                                                            "Actual Loops": 1
                                                                                        },
                                                                                        {
                                                                                            "Worker Number": 1,
                                                                                            "Actual Startup Time": 308.896,
                                                                                            "Actual Total Time": 308.9,
                                                                                            "Actual Rows": 10448,
                                                                                            "Actual Loops": 1
                                                                                        },
                                                                                        {
                                                                                            "Worker Number": 2,
                                                                                            "Actual Startup Time": 308.952,
                                                                                            "Actual Total Time": 308.956,
                                                                                            "Actual Rows": 9641,
                                                                                            "Actual Loops": 1
                                                                                        }
                                                                                    ],
                                                                                    "Plans": [
                                                                                        {
                                                                                            "Node Type": "Hash Join",
                                                                                            "Parent Relationship": "Outer",
                                                                                            "Parallel Aware": false,
                                                                                            "Join Type": "Inner",
                                                                                            "Startup Cost": 2626.14,
                                                                                            "Total Cost": 45504.33,
                                                                                            "Plan Rows": 11,
                                                                                            "Plan Width": 4,
                                                                                            "Actual Startup Time": 15.545,
                                                                                            "Actual Total Time": 264.227,
                                                                                            "Actual Rows": 10460,
                                                                                            "Actual Loops": 4,
                                                                                            "Output": [
                                                                                                "mk.movie_id"
                                                                                            ],
                                                                                            "Inner Unique": true,
                                                                                            "Hash Cond": "(mk.keyword_id = k.id)",
                                                                                            "Workers": [
                                                                                                {
                                                                                                    "Worker Number": 0,
                                                                                                    "Actual Startup Time": 15.373,
                                                                                                    "Actual Total Time": 255.896,
                                                                                                    "Actual Rows": 10422,
                                                                                                    "Actual Loops": 1
                                                                                                },
                                                                                                {
                                                                                                    "Worker Number": 1,
                                                                                                    "Actual Startup Time": 17.18,
                                                                                                    "Actual Total Time": 286.169,
                                                                                                    "Actual Rows": 10448,
                                                                                                    "Actual Loops": 1
                                                                                                },
                                                                                                {
                                                                                                    "Worker Number": 2,
                                                                                                    "Actual Startup Time": 14.746,
                                                                                                    "Actual Total Time": 244.1,
                                                                                                    "Actual Rows": 9641,
                                                                                                    "Actual Loops": 1
                                                                                                }
                                                                                            ],
                                                                                            "Plans": [
                                                                                                {
                                                                                                    "Node Type": "Seq Scan",
                                                                                                    "Parent Relationship": "Outer",
                                                                                                    "Parallel Aware": true,
                                                                                                    "Relation Name": "movie_keyword",
                                                                                                    "Schema": "public",
                                                                                                    "Alias": "mk",
                                                                                                    "Startup Cost": 0.0,
                                                                                                    "Total Cost": 39047.32,
                                                                                                    "Plan Rows": 1459332,
                                                                                                    "Plan Width": 8,
                                                                                                    "Actual Startup Time": 0.03,
                                                                                                    "Actual Total Time": 133.417,
                                                                                                    "Actual Rows": 1130982,
                                                                                                    "Actual Loops": 4,
                                                                                                    "Output": [
                                                                                                        "mk.id",
                                                                                                        "mk.movie_id",
                                                                                                        "mk.keyword_id"
                                                                                                    ],
                                                                                                    "Workers": [
                                                                                                        {
                                                                                                            "Worker Number": 0,
                                                                                                            "Actual Startup Time": 0.035,
                                                                                                            "Actual Total Time": 129.642,
                                                                                                            "Actual Rows": 1112590,
                                                                                                            "Actual Loops": 1
                                                                                                        },
                                                                                                        {
                                                                                                            "Worker Number": 1,
                                                                                                            "Actual Startup Time": 0.034,
                                                                                                            "Actual Total Time": 142.625,
                                                                                                            "Actual Rows": 1144165,
                                                                                                            "Actual Loops": 1
                                                                                                        },
                                                                                                        {
                                                                                                            "Worker Number": 2,
                                                                                                            "Actual Startup Time": 0.036,
                                                                                                            "Actual Total Time": 123.682,
                                                                                                            "Actual Rows": 1059310,
                                                                                                            "Actual Loops": 1
                                                                                                        }
                                                                                                    ]
                                                                                                },
                                                                                                {
                                                                                                    "Node Type": "Hash",
                                                                                                    "Parent Relationship": "Inner",
                                                                                                    "Parallel Aware": false,
                                                                                                    "Startup Cost": 2626.12,
                                                                                                    "Total Cost": 2626.12,
                                                                                                    "Plan Rows": 1,
                                                                                                    "Plan Width": 4,
                                                                                                    "Actual Startup Time": 15.43,
                                                                                                    "Actual Total Time": 15.432,
                                                                                                    "Actual Rows": 1,
                                                                                                    "Actual Loops": 4,
                                                                                                    "Output": [
                                                                                                        "k.id"
                                                                                                    ],
                                                                                                    "Hash Buckets": 1024,
                                                                                                    "Original Hash Buckets": 1024,
                                                                                                    "Hash Batches": 1,
                                                                                                    "Original Hash Batches": 1,
                                                                                                    "Peak Memory Usage": 9,
                                                                                                    "Workers": [
                                                                                                        {
                                                                                                            "Worker Number": 0,
                                                                                                            "Actual Startup Time": 15.292,
                                                                                                            "Actual Total Time": 15.293,
                                                                                                            "Actual Rows": 1,
                                                                                                            "Actual Loops": 1
                                                                                                        },
                                                                                                        {
                                                                                                            "Worker Number": 1,
                                                                                                            "Actual Startup Time": 17.073,
                                                                                                            "Actual Total Time": 17.074,
                                                                                                            "Actual Rows": 1,
                                                                                                            "Actual Loops": 1
                                                                                                        },
                                                                                                        {
                                                                                                            "Worker Number": 2,
                                                                                                            "Actual Startup Time": 14.666,
                                                                                                            "Actual Total Time": 14.667,
                                                                                                            "Actual Rows": 1,
                                                                                                            "Actual Loops": 1
                                                                                                        }
                                                                                                    ],
                                                                                                    "Plans": [
                                                                                                        {
                                                                                                            "Node Type": "Seq Scan",
                                                                                                            "Parent Relationship": "Outer",
                                                                                                            "Parallel Aware": false,
                                                                                                            "Relation Name": "keyword",
                                                                                                            "Schema": "public",
                                                                                                            "Alias": "k",
                                                                                                            "Startup Cost": 0.0,
                                                                                                            "Total Cost": 2626.12,
                                                                                                            "Plan Rows": 1,
                                                                                                            "Plan Width": 4,
                                                                                                            "Actual Startup Time": 0.851,
                                                                                                            "Actual Total Time": 15.423,
                                                                                                            "Actual Rows": 1,
                                                                                                            "Actual Loops": 4,
                                                                                                            "Output": [
                                                                                                                "k.id"
                                                                                                            ],
                                                                                                            "Filter": "(k.keyword = 'character-name-in-title'::text)",
                                                                                                            "Rows Removed by Filter": 134169,
                                                                                                            "Workers": [
                                                                                                                {
                                                                                                                    "Worker Number": 0,
                                                                                                                    "Actual Startup Time": 0.865,
                                                                                                                    "Actual Total Time": 15.285,
                                                                                                                    "Actual Rows": 1,
                                                                                                                    "Actual Loops": 1
                                                                                                                },
                                                                                                                {
                                                                                                                    "Worker Number": 1,
                                                                                                                    "Actual Startup Time": 0.938,
                                                                                                                    "Actual Total Time": 17.063,
                                                                                                                    "Actual Rows": 1,
                                                                                                                    "Actual Loops": 1
                                                                                                                },
                                                                                                                {
                                                                                                                    "Worker Number": 2,
                                                                                                                    "Actual Startup Time": 0.811,
                                                                                                                    "Actual Total Time": 14.659,
                                                                                                                    "Actual Rows": 1,
                                                                                                                    "Actual Loops": 1
                                                                                                                }
                                                                                                            ]
                                                                                                        }
                                                                                                    ]
                                                                                                }
                                                                                            ]
                                                                                        }
                                                                                    ]
                                                                                }
                                                                            ]
                                                                        }
                                                                    ]
                                                                }
                                                            ]
                                                        }
                                                    ]
                                                }
                                            ]
                                        },
                                        {
                                            "Node Type": "Hash",
                                            "Parent Relationship": "Inner",
                                            "Parallel Aware": true,
                                            "Startup Cost": 4377.34,
                                            "Total Cost": 4377.34,
                                            "Plan Rows": 138234,
                                            "Plan Width": 4,
                                            "Actual Startup Time": 40.851,
                                            "Actual Total Time": 40.851,
                                            "Actual Rows": 58749,
                                            "Actual Loops": 4,
                                            "Output": [
                                                "cn.id"
                                            ],
                                            "Hash Buckets": 262144,
                                            "Original Hash Buckets": 262144,
                                            "Hash Batches": 1,
                                            "Original Hash Batches": 1,
                                            "Peak Memory Usage": 11296,
                                            "Workers": [
                                                {
                                                    "Worker Number": 0,
                                                    "Actual Startup Time": 36.635,
                                                    "Actual Total Time": 36.636,
                                                    "Actual Rows": 43912,
                                                    "Actual Loops": 1
                                                },
                                                {
                                                    "Worker Number": 1,
                                                    "Actual Startup Time": 43.352,
                                                    "Actual Total Time": 43.353,
                                                    "Actual Rows": 70472,
                                                    "Actual Loops": 1
                                                },
                                                {
                                                    "Worker Number": 2,
                                                    "Actual Startup Time": 37.493,
                                                    "Actual Total Time": 37.494,
                                                    "Actual Rows": 43001,
                                                    "Actual Loops": 1
                                                }
                                            ],
                                            "Plans": [
                                                {
                                                    "Node Type": "Seq Scan",
                                                    "Parent Relationship": "Outer",
                                                    "Parallel Aware": true,
                                                    "Relation Name": "company_name",
                                                    "Schema": "public",
                                                    "Alias": "cn",
                                                    "Startup Cost": 0.0,
                                                    "Total Cost": 4377.34,
                                                    "Plan Rows": 138234,
                                                    "Plan Width": 4,
                                                    "Actual Startup Time": 0.044,
                                                    "Actual Total Time": 15.983,
                                                    "Actual Rows": 58749,
                                                    "Actual Loops": 4,
                                                    "Output": [
                                                        "cn.id"
                                                    ],
                                                    "Workers": [
                                                        {
                                                            "Worker Number": 0,
                                                            "Actual Startup Time": 0.062,
                                                            "Actual Total Time": 14.563,
                                                            "Actual Rows": 43912,
                                                            "Actual Loops": 1
                                                        },
                                                        {
                                                            "Worker Number": 1,
                                                            "Actual Startup Time": 0.035,
                                                            "Actual Total Time": 16.906,
                                                            "Actual Rows": 70472,
                                                            "Actual Loops": 1
                                                        },
                                                        {
                                                            "Worker Number": 2,
                                                            "Actual Startup Time": 0.057,
                                                            "Actual Total Time": 14.801,
                                                            "Actual Rows": 43001,
                                                            "Actual Loops": 1
                                                        }
                                                    ]
                                                }
                                            ]
                                        }
                                    ]
                                }
                            ]
                        }
                    ]
                }
            ]
        },
        "Planning Time": 1191.367,
        "Triggers": [],
        "Execution Time": 3656.92
    }
]