[
  {
    "Plan": {
      "Node Type": "Aggregate",
      "Strategy": "Plain",
      "Partial Mode": "Finalize",
      "Parallel Aware": false,
      "Startup Cost": 256815.18,
      "Total Cost": 256815.19,
      "Plan Rows": 1,
      "Plan Width": 8,
      "Actual Startup Time": 587.339,
      "Actual Total Time": 595.224,
      "Actual Rows": 1,
      "Actual Loops": 1,
      "Plans": [
        {
          "Node Type": "Gather",
          "Parent Relationship": "Outer",
          "Parallel Aware": false,
          "Startup Cost": 256814.97,
          "Total Cost": 256815.18,
          "Plan Rows": 2,
          "Plan Width": 8,
          "Actual Startup Time": 582.681,
          "Actual Total Time": 595.218,
          "Actual Rows": 3,
          "Actual Loops": 1,
          "Workers Planned": 2,
          "Workers Launched": 2,
          "Single Copy": false,
          "Plans": [
            {
              "Node Type": "Aggregate",
              "Strategy": "Plain",
              "Partial Mode": "Partial",
              "Parent Relationship": "Outer",
              "Parallel Aware": false,
              "Startup Cost": 255814.97,
              "Total Cost": 255814.98,
              "Plan Rows": 1,
              "Plan Width": 8,
              "Actual Startup Time": 579.744,
              "Actual Total Time": 579.75,
              "Actual Rows": 1,
              "Actual Loops": 3,
              "Plans": [
                {
                  "Node Type": "Hash Join",
                  "Parent Relationship": "Outer",
                  "Parallel Aware": true,
                  "Join Type": "Inner",
                  "Startup Cost": 239512.45,
                  "Total Cost": 255558.82,
                  "Plan Rows": 102459,
                  "Plan Width": 0,
                  "Actual Startup Time": 453.425,
                  "Actual Total Time": 567.261,
                  "Actual Rows": 306739,
                  "Actual Loops": 3,
                  "Inner Unique": false,
                  "Hash Cond": "(mi_idx.movie_id = t.id)",
                  "Plans": [
                    {
                      "Node Type": "Seq Scan",
                      "Parent Relationship": "Outer",
                      "Parallel Aware": true,
                      "Relation Name": "movie_info_idx",
                      "Alias": "mi_idx",
                      "Startup Cost": 0.0,
                      "Total Cost": 13685.15,
                      "Plan Rows": 575015,
                      "Plan Width": 4,
                      "Actual Startup Time": 0.019,
                      "Actual Total Time": 33.999,
                      "Actual Rows": 460012,
                      "Actual Loops": 3
                    },
                    {
                      "Node Type": "Hash",
                      "Parent Relationship": "Inner",
                      "Parallel Aware": true,
                      "Startup Cost": 238386.17,
                      "Total Cost": 238386.17,
                      "Plan Rows": 90102,
                      "Plan Width": 8,
                      "Actual Startup Time": 451.886,
                      "Actual Total Time": 451.89,
                      "Actual Rows": 272077,
                      "Actual Loops": 3,
                      "Hash Buckets": 1048576,
                      "Original Hash Buckets": 524288,
                      "Hash Batches": 1,
                      "Original Hash Batches": 1,
                      "Peak Memory Usage": 44256,
                      "Plans": [
                        {
                          "Node Type": "Hash Join",
                          "Parent Relationship": "Outer",
                          "Parallel Aware": true,
                          "Join Type": "Inner",
                          "Startup Cost": 72355.27,
                          "Total Cost": 238386.17,
                          "Plan Rows": 90102,
                          "Plan Width": 8,
                          "Actual Startup Time": 209.649,
                          "Actual Total Time": 382.849,
                          "Actual Rows": 272077,
                          "Actual Loops": 3,
                          "Inner Unique": true,
                          "Hash Cond": "(mi.movie_id = t.id)",
                          "Plans": [
                            {
                              "Node Type": "Bitmap Heap Scan",
                              "Parent Relationship": "Outer",
                              "Parallel Aware": true,
                              "Relation Name": "movie_info",
                              "Alias": "mi",
                              "Startup Cost": 24209.48,
                              "Total Cost": 189539.59,
                              "Plan Rows": 266969,
                              "Plan Width": 4,
                              "Actual Startup Time": 45.96,
                              "Actual Total Time": 88.14,
                              "Actual Rows": 441787,
                              "Actual Loops": 3,
                              "Recheck Cond": "(info_type_id = 8)",
                              "Rows Removed by Index Recheck": 0,
                              "Exact Heap Blocks": 2550,
                              "Lossy Heap Blocks": 0,
                              "Plans": [
                                {
                                  "Node Type": "Bitmap Index Scan",
                                  "Parent Relationship": "Outer",
                                  "Parallel Aware": false,
                                  "Index Name": "info_type_id_movie_info",
                                  "Startup Cost": 0.0,
                                  "Total Cost": 23875.77,
                                  "Plan Rows": 1334844,
                                  "Plan Width": 0,
                                  "Actual Startup Time": 44.755,
                                  "Actual Total Time": 44.755,
                                  "Actual Rows": 1325361,
                                  "Actual Loops": 1,
                                  "Index Cond": "(info_type_id = 8)"
                                }
                              ]
                            },
                            {
                              "Node Type": "Hash",
                              "Parent Relationship": "Inner",
                              "Parallel Aware": true,
                              "Startup Cost": 45479.21,
                              "Total Cost": 45479.21,
                              "Plan Rows": 213327,
                              "Plan Width": 4,
                              "Actual Startup Time": 160.893,
                              "Actual Total Time": 160.894,
                              "Actual Rows": 255120,
                              "Actual Loops": 3,
                              "Hash Buckets": 1048576,
                              "Original Hash Buckets": 1048576,
                              "Hash Batches": 1,
                              "Original Hash Batches": 1,
                              "Peak Memory Usage": 38176,
                              "Plans": [
                                {
                                  "Node Type": "Seq Scan",
                                  "Parent Relationship": "Outer",
                                  "Parallel Aware": true,
                                  "Relation Name": "title",
                                  "Alias": "t",
                                  "Startup Cost": 0.0,
                                  "Total Cost": 45479.21,
                                  "Plan Rows": 213327,
                                  "Plan Width": 4,
                                  "Actual Startup Time": 0.013,
                                  "Actual Total Time": 99.181,
                                  "Actual Rows": 255120,
                                  "Actual Loops": 3,
                                  "Filter": "((kind_id < 7) AND (production_year > 1963))",
                                  "Rows Removed by Filter": 587650
                                }
                              ]
                            }
                          ]
                        }
                      ]
                    }
                  ]
                }
              ]
            }
          ]
        }
      ]
    },
    "Planning Time": 0.457,
    "Triggers": [],
    "Execution Time": 595.272
  }
]