{
  "Plan": {
    "Node Type": "Aggregate",
    "Strategy": "Plain",
    "Partial Mode": "Finalize",
    "Parallel Aware": false,
    "Startup Cost": 767652.09,
    "Total Cost": 767652.1,
    "Plan Rows": 1,
    "Plan Width": 8,
    "Actual Startup Time": 4758.611,
    "Actual Total Time": 4815.646,
    "Actual Rows": 1,
    "Actual Loops": 1,
    "Plans": [
      {
        "Node Type": "Gather",
        "Parent Relationship": "Outer",
        "Parallel Aware": false,
        "Startup Cost": 767651.98,
        "Total Cost": 767652.09,
        "Plan Rows": 1,
        "Plan Width": 8,
        "Actual Startup Time": 4754.59,
        "Actual Total Time": 4815.631,
        "Actual Rows": 2,
        "Actual Loops": 1,
        "Workers Planned": 1,
        "Workers Launched": 1,
        "Single Copy": false,
        "Plans": [
          {
            "Node Type": "Aggregate",
            "Strategy": "Plain",
            "Partial Mode": "Partial",
            "Parent Relationship": "Outer",
            "Parallel Aware": false,
            "Startup Cost": 766651.98,
            "Total Cost": 766651.99,
            "Plan Rows": 1,
            "Plan Width": 8,
            "Actual Startup Time": 4748.919,
            "Actual Total Time": 4749.701,
            "Actual Rows": 1,
            "Actual Loops": 2,
            "Plans": [
              {
                "Node Type": "Hash Join",
                "Parent Relationship": "Outer",
                "Parallel Aware": true,
                "Join Type": "Inner",
                "Startup Cost": 128844.75,
                "Total Cost": 759341.02,
                "Plan Rows": 2924385,
                "Plan Width": 0,
                "Actual Startup Time": 837.226,
                "Actual Total Time": 4461.567,
                "Actual Rows": 6230905,
                "Actual Loops": 2,
                "Inner Unique": false,
                "Hash Cond": "(ci.movie_id = t.id)",
                "Plans": [
                  {
                    "Node Type": "Seq Scan",
                    "Parent Relationship": "Outer",
                    "Parallel Aware": true,
                    "Relation Name": "cast_info",
                    "Alias": "ci",
                    "Startup Cost": 0.0,
                    "Total Cost": 572345.93,
                    "Plan Rows": 10919482,
                    "Plan Width": 4,
                    "Actual Startup Time": 64.143,
                    "Actual Total Time": 1772.242,
                    "Actual Rows": 9223085,
                    "Actual Loops": 2,
                    "Filter": "((person_id > 228099) AND (role_id < 3))",
                    "Rows Removed by Filter": 8899087
                  },
                  {
                    "Node Type": "Hash",
                    "Parent Relationship": "Inner",
                    "Parallel Aware": true,
                    "Startup Cost": 123865.99,
                    "Total Cost": 123865.99,
                    "Plan Rows": 398301,
                    "Plan Width": 8,
                    "Actual Startup Time": 765.807,
                    "Actual Total Time": 766.587,
                    "Actual Rows": 279742,
                    "Actual Loops": 2,
                    "Hash Buckets": 1048576,
                    "Original Hash Buckets": 1048576,
                    "Hash Batches": 1,
                    "Original Hash Batches": 1,
                    "Peak Memory Usage": 30112,
                    "Plans": [
                      {
                        "Node Type": "Hash Join",
                        "Parent Relationship": "Outer",
                        "Parallel Aware": true,
                        "Join Type": "Inner",
                        "Startup Cost": 89507.86,
                        "Total Cost": 123865.99,
                        "Plan Rows": 398301,
                        "Plan Width": 8,
                        "Actual Startup Time": 463.166,
                        "Actual Total Time": 703.15,
                        "Actual Rows": 279742,
                        "Actual Loops": 2,
                        "Inner Unique": true,
                        "Hash Cond": "(mk.movie_id = t.id)",
                        "Plans": [
                          {
                            "Node Type": "Bitmap Heap Scan",
                            "Parent Relationship": "Outer",
                            "Parallel Aware": true,
                            "Relation Name": "movie_keyword",
                            "Alias": "mk",
                            "Startup Cost": 23611.66,
                            "Total Cost": 56250.89,
                            "Plan Rows": 654818,
                            "Plan Width": 4,
                            "Actual Startup Time": 55.536,
                            "Actual Total Time": 164.1,
                            "Actual Rows": 560488,
                            "Actual Loops": 2,
                            "Recheck Cond": "(keyword_id < 1198)",
                            "Rows Removed by Index Recheck": 0,
                            "Exact Heap Blocks": 13890,
                            "Lossy Heap Blocks": 0,
                            "Plans": [
                              {
                                "Node Type": "Bitmap Index Scan",
                                "Parent Relationship": "Outer",
                                "Parallel Aware": false,
                                "Index Name": "keyword_id_movie_keyword",
                                "Startup Cost": 0.0,
                                "Total Cost": 23333.36,
                                "Plan Rows": 1113191,
                                "Plan Width": 0,
                                "Actual Startup Time": 51.853,
                                "Actual Total Time": 51.853,
                                "Actual Rows": 1120975,
                                "Actual Loops": 1,
                                "Index Cond": "(keyword_id < 1198)"
                              }
                            ]
                          },
                          {
                            "Node Type": "Hash",
                            "Parent Relationship": "Inner",
                            "Parallel Aware": true,
                            "Startup Cost": 54588.39,
                            "Total Cost": 54588.39,
                            "Plan Rows": 904625,
                            "Plan Width": 4,
                            "Actual Startup Time": 399.317,
                            "Actual Total Time": 399.318,
                            "Actual Rows": 765806,
                            "Actual Loops": 2,
                            "Hash Buckets": 2097152,
                            "Original Hash Buckets": 2097152,
                            "Hash Batches": 1,
                            "Original Hash Batches": 1,
                            "Peak Memory Usage": 76320,
                            "Plans": [
                              {
                                "Node Type": "Seq Scan",
                                "Parent Relationship": "Outer",
                                "Parallel Aware": true,
                                "Relation Name": "title",
                                "Alias": "t",
                                "Startup Cost": 0.0,
                                "Total Cost": 54588.39,
                                "Plan Rows": 904625,
                                "Plan Width": 4,
                                "Actual Startup Time": 0.039,
                                "Actual Total Time": 167.828,
                                "Actual Rows": 765806,
                                "Actual Loops": 2,
                                "Filter": "(production_year > 1997)",
                                "Rows Removed by Filter": 498350
                              }
                            ]
                          }
                        ]
                      }
                    ]
                  }
                ]
              }
            ]
          }
        ]
      }
    ]
  },
  "Planning Time": 0.821,
  "Triggers": [],
  "Execution Time": 4815.745
}