[
    {
        "Bao": {
            "Bao prediction": "NaN",
            "Bao recommended hint": "(no hint)"
        }
    },
    {
        "Plan": {
            "Node Type": "Aggregate",
            "Strategy": "Plain",
            "Partial Mode": "Simple",
            "Parallel Aware": false,
            "Startup Cost": 1039.73,
            "Total Cost": 1039.74,
            "Plan Rows": 1,
            "Plan Width": 8,
            "Actual Startup Time": 0.081,
            "Actual Total Time": 0.082,
            "Actual Rows": 1,
            "Actual Loops": 1,
            "Output": [
                "count(*)"
            ],
            "Plans": [
                {
                    "Node Type": "Index Scan",
                    "Parent Relationship": "Outer",
                    "Parallel Aware": false,
                    "Scan Direction": "Forward",
                    "Index Name": "person_id_cast_info",
                    "Relation Name": "cast_info",
                    "Schema": "public",
                    "Alias": "ci",
                    "Startup Cost": 0.56,
                    "Total Cost": 1039.59,
                    "Plan Rows": 59,
                    "Plan Width": 0,
                    "Actual Startup Time": 0.068,
                    "Actual Total Time": 0.074,
                    "Actual Rows": 6,
                    "Actual Loops": 1,
                    "Output": [
                        "id",
                        "person_id",
                        "movie_id",
                        "person_role_id",
                        "note",
                        "nr_order",
                        "role_id"
                    ],
                    "Index Cond": "(ci.person_id = 504055)",
                    "Rows Removed by Index Recheck": 0,
                    "Filter": "(ci.role_id = 10)",
                    "Rows Removed by Filter": 15
                }
            ]
        },
        "Planning Time": 232.311,
        "Triggers": [],
        "Execution Time": 0.161
    }
]