[
  {
    "Plan": {
      "Node Type": "Aggregate",
      "Strategy": "Plain",
      "Partial Mode": "Finalize",
      "Parallel Aware": false,
      "Startup Cost": 172463.52,
      "Total Cost": 172463.53,
      "Plan Rows": 1,
      "Plan Width": 8,
      "Actual Startup Time": 624.804,
      "Actual Total Time": 686.97,
      "Actual Rows": 1,
      "Actual Loops": 1,
      "Plans": [
        {
          "Node Type": "Gather",
          "Parent Relationship": "Outer",
          "Parallel Aware": false,
          "Startup Cost": 172463.0,
          "Total Cost": 172463.51,
          "Plan Rows": 5,
          "Plan Width": 8,
          "Actual Startup Time": 623.017,
          "Actual Total Time": 686.953,
          "Actual Rows": 6,
          "Actual Loops": 1,
          "Workers Planned": 5,
          "Workers Launched": 5,
          "Single Copy": false,
          "Plans": [
            {
              "Node Type": "Aggregate",
              "Strategy": "Plain",
              "Partial Mode": "Partial",
              "Parent Relationship": "Outer",
              "Parallel Aware": false,
              "Startup Cost": 171463.0,
              "Total Cost": 171463.01,
              "Plan Rows": 1,
              "Plan Width": 8,
              "Actual Startup Time": 613.152,
              "Actual Total Time": 613.158,
              "Actual Rows": 1,
              "Actual Loops": 6,
              "Plans": [
                {
                  "Node Type": "Nested Loop",
                  "Parent Relationship": "Outer",
                  "Parallel Aware": false,
                  "Join Type": "Inner",
                  "Startup Cost": 45595.81,
                  "Total Cost": 171335.24,
                  "Plan Rows": 51105,
                  "Plan Width": 0,
                  "Actual Startup Time": 132.976,
                  "Actual Total Time": 609.805,
                  "Actual Rows": 35525,
                  "Actual Loops": 6,
                  "Inner Unique": false,
                  "Join Filter": "(t.id = mi.movie_id)",
                  "Rows Removed by Join Filter": 0,
                  "Plans": [
                    {
                      "Node Type": "Hash Join",
                      "Parent Relationship": "Outer",
                      "Parallel Aware": true,
                      "Join Type": "Inner",
                      "Startup Cost": 45595.38,
                      "Total Cost": 154320.88,
                      "Plan Rows": 8704,
                      "Plan Width": 8,
                      "Actual Startup Time": 132.777,
                      "Actual Total Time": 472.267,
                      "Actual Rows": 3037,
                      "Actual Loops": 6,
                      "Inner Unique": true,
                      "Hash Cond": "(ci.movie_id = t.id)",
                      "Plans": [
                        {
                          "Node Type": "Index Scan",
                          "Parent Relationship": "Outer",
                          "Parallel Aware": true,
                          "Scan Direction": "Forward",
                          "Index Name": "role_id_cast_info",
                          "Relation Name": "cast_info",
                          "Alias": "ci",
                          "Startup Cost": 0.56,
                          "Total Cost": 107159.34,
                          "Plan Rows": 596851,
                          "Plan Width": 4,
                          "Actual Startup Time": 0.688,
                          "Actual Total Time": 228.222,
                          "Actual Rows": 415899,
                          "Actual Loops": 6,
                          "Index Cond": "(role_id = 3)",
                          "Rows Removed by Index Recheck": 0,
                          "Filter": "(person_id < 2827879)",
                          "Rows Removed by Filter": 252107
                        },
                        {
                          "Node Type": "Hash",
                          "Parent Relationship": "Inner",
                          "Parallel Aware": true,
                          "Startup Cost": 45479.59,
                          "Total Cost": 45479.59,
                          "Plan Rows": 9218,
                          "Plan Width": 4,
                          "Actual Startup Time": 128.834,
                          "Actual Total Time": 128.836,
                          "Actual Rows": 16429,
                          "Actual Loops": 6,
                          "Hash Buckets": 131072,
                          "Original Hash Buckets": 65536,
                          "Hash Batches": 1,
                          "Original Hash Batches": 1,
                          "Peak Memory Usage": 5472,
                          "Plans": [
                            {
                              "Node Type": "Seq Scan",
                              "Parent Relationship": "Outer",
                              "Parallel Aware": true,
                              "Relation Name": "title",
                              "Alias": "t",
                              "Startup Cost": 0.0,
                              "Total Cost": 45479.59,
                              "Plan Rows": 9218,
                              "Plan Width": 4,
                              "Actual Startup Time": 69.857,
                              "Actual Total Time": 114.253,
                              "Actual Rows": 16429,
                              "Actual Loops": 6,
                              "Filter": "((kind_id < 7) AND (production_year < 1924))",
                              "Rows Removed by Filter": 404956
                            }
                          ]
                        }
                      ]
                    },
                    {
                      "Node Type": "Index Only Scan",
                      "Parent Relationship": "Inner",
                      "Parallel Aware": false,
                      "Scan Direction": "Forward",
                      "Index Name": "movie_id_movie_info",
                      "Relation Name": "movie_info",
                      "Alias": "mi",
                      "Startup Cost": 0.43,
                      "Total Cost": 1.44,
                      "Plan Rows": 41,
                      "Plan Width": 4,
                      "Actual Startup Time": 0.016,
                      "Actual Total Time": 0.043,
                      "Actual Rows": 12,
                      "Actual Loops": 18222,
                      "Index Cond": "(movie_id = ci.movie_id)",
                      "Rows Removed by Index Recheck": 0,
                      "Heap Fetches": 213150
                    }
                  ]
                }
              ]
            }
          ]
        }
      ]
    },
    "Planning Time": 0.739,
    "Triggers": [],
    "Execution Time": 687.058
  }
]