[
  {
    "Plan": {
      "Node Type": "Aggregate",
      "Strategy": "Plain",
      "Partial Mode": "Finalize",
      "Parallel Aware": false,
      "Startup Cost": 428508.06,
      "Total Cost": 428508.07,
      "Plan Rows": 1,
      "Plan Width": 8,
      "Actual Startup Time": 1502.39,
      "Actual Total Time": 1575.884,
      "Actual Rows": 1,
      "Actual Loops": 1,
      "Plans": [
        {
          "Node Type": "Gather",
          "Parent Relationship": "Outer",
          "Parallel Aware": false,
          "Startup Cost": 428507.44,
          "Total Cost": 428508.05,
          "Plan Rows": 6,
          "Plan Width": 8,
          "Actual Startup Time": 1491.133,
          "Actual Total Time": 1575.869,
          "Actual Rows": 7,
          "Actual Loops": 1,
          "Workers Planned": 6,
          "Workers Launched": 6,
          "Single Copy": false,
          "Plans": [
            {
              "Node Type": "Aggregate",
              "Strategy": "Plain",
              "Partial Mode": "Partial",
              "Parent Relationship": "Outer",
              "Parallel Aware": false,
              "Startup Cost": 427507.44,
              "Total Cost": 427507.45,
              "Plan Rows": 1,
              "Plan Width": 8,
              "Actual Startup Time": 1479.29,
              "Actual Total Time": 1479.367,
              "Actual Rows": 1,
              "Actual Loops": 7,
              "Plans": [
                {
                  "Node Type": "Hash Join",
                  "Parent Relationship": "Outer",
                  "Parallel Aware": true,
                  "Join Type": "Inner",
                  "Startup Cost": 84168.48,
                  "Total Cost": 425040.33,
                  "Plan Rows": 986845,
                  "Plan Width": 0,
                  "Actual Startup Time": 612.926,
                  "Actual Total Time": 1437.74,
                  "Actual Rows": 957984,
                  "Actual Loops": 7,
                  "Inner Unique": false,
                  "Hash Cond": "(ci.movie_id = t.id)",
                  "Plans": [
                    {
                      "Node Type": "Seq Scan",
                      "Parent Relationship": "Outer",
                      "Parallel Aware": true,
                      "Relation Name": "cast_info",
                      "Alias": "ci",
                      "Startup Cost": 0.0,
                      "Total Cost": 328162.03,
                      "Plan Rows": 2731391,
                      "Plan Width": 4,
                      "Actual Startup Time": 310.862,
                      "Actual Total Time": 633.538,
                      "Actual Rows": 2303098,
                      "Actual Loops": 7,
                      "Filter": "(role_id > 2)",
                      "Rows Removed by Filter": 2874666
                    },
                    {
                      "Node Type": "Hash",
                      "Parent Relationship": "Inner",
                      "Parallel Aware": true,
                      "Startup Cost": 81313.9,
                      "Total Cost": 81313.9,
                      "Plan Rows": 228366,
                      "Plan Width": 8,
                      "Actual Startup Time": 299.068,
                      "Actual Total Time": 299.144,
                      "Actual Rows": 84520,
                      "Actual Loops": 7,
                      "Hash Buckets": 1048576,
                      "Original Hash Buckets": 1048576,
                      "Hash Batches": 1,
                      "Original Hash Batches": 1,
                      "Peak Memory Usage": 31424,
                      "Plans": [
                        {
                          "Node Type": "Hash Join",
                          "Parent Relationship": "Outer",
                          "Parallel Aware": true,
                          "Join Type": "Inner",
                          "Startup Cost": 35098.14,
                          "Total Cost": 81313.9,
                          "Plan Rows": 228366,
                          "Plan Width": 8,
                          "Actual Startup Time": 103.056,
                          "Actual Total Time": 256.888,
                          "Actual Rows": 84520,
                          "Actual Loops": 7,
                          "Inner Unique": false,
                          "Hash Cond": "(t.id = mc.movie_id)",
                          "Plans": [
                            {
                              "Node Type": "Seq Scan",
                              "Parent Relationship": "Outer",
                              "Parallel Aware": true,
                              "Relation Name": "title",
                              "Alias": "t",
                              "Startup Cost": 0.0,
                              "Total Cost": 42318.73,
                              "Plan Rows": 632073,
                              "Plan Width": 4,
                              "Actual Startup Time": 0.015,
                              "Actual Total Time": 55.327,
                              "Actual Rows": 361187,
                              "Actual Loops": 7
                            },
                            {
                              "Node Type": "Hash",
                              "Parent Relationship": "Inner",
                              "Parallel Aware": true,
                              "Startup Cost": 31414.82,
                              "Total Cost": 31414.82,
                              "Plan Rows": 294666,
                              "Plan Width": 4,
                              "Actual Startup Time": 101.452,
                              "Actual Total Time": 101.454,
                              "Actual Rows": 84520,
                              "Actual Loops": 7,
                              "Hash Buckets": 1048576,
                              "Original Hash Buckets": 1048576,
                              "Hash Batches": 1,
                              "Original Hash Batches": 1,
                              "Peak Memory Usage": 31456,
                              "Plans": [
                                {
                                  "Node Type": "Seq Scan",
                                  "Parent Relationship": "Outer",
                                  "Parallel Aware": true,
                                  "Relation Name": "movie_companies",
                                  "Alias": "mc",
                                  "Startup Cost": 0.0,
                                  "Total Cost": 31414.82,
                                  "Plan Rows": 294666,
                                  "Plan Width": 4,
                                  "Actual Startup Time": 39.317,
                                  "Actual Total Time": 63.7,
                                  "Actual Rows": 84520,
                                  "Actual Loops": 7,
                                  "Filter": "((company_id < 27959) AND (company_type_id = 2))",
                                  "Rows Removed by Filter": 288212
                                }
                              ]
                            }
                          ]
                        }
                      ]
                    }
                  ]
                }
              ]
            }
          ]
        }
      ]
    },
    "Planning Time": 1.359,
    "Triggers": [],
    "Execution Time": 1575.986
  }
]