{
  "Plan": {
    "Node Type": "Aggregate",
    "Strategy": "Plain",
    "Partial Mode": "Finalize",
    "Parallel Aware": false,
    "Startup Cost": 98272.14,
    "Total Cost": 98272.15,
    "Plan Rows": 1,
    "Plan Width": 8,
    "Actual Startup Time": 293.047,
    "Actual Total Time": 307.316,
    "Actual Rows": 1,
    "Actual Loops": 1,
    "Plans": [
      {
        "Node Type": "Gather",
        "Parent Relationship": "Outer",
        "Parallel Aware": false,
        "Startup Cost": 98272.03,
        "Total Cost": 98272.14,
        "Plan Rows": 1,
        "Plan Width": 8,
        "Actual Startup Time": 292.566,
        "Actual Total Time": 307.309,
        "Actual Rows": 2,
        "Actual Loops": 1,
        "Workers Planned": 1,
        "Workers Launched": 1,
        "Single Copy": false,
        "Plans": [
          {
            "Node Type": "Aggregate",
            "Strategy": "Plain",
            "Partial Mode": "Partial",
            "Parent Relationship": "Outer",
            "Parallel Aware": false,
            "Startup Cost": 97272.03,
            "Total Cost": 97272.04,
            "Plan Rows": 1,
            "Plan Width": 8,
            "Actual Startup Time": 286.831,
            "Actual Total Time": 286.835,
            "Actual Rows": 1,
            "Actual Loops": 2,
            "Plans": [
              {
                "Node Type": "Nested Loop",
                "Parent Relationship": "Outer",
                "Parallel Aware": false,
                "Join Type": "Inner",
                "Startup Cost": 59027.5,
                "Total Cost": 97256.46,
                "Plan Rows": 6229,
                "Plan Width": 0,
                "Actual Startup Time": 147.739,
                "Actual Total Time": 286.055,
                "Actual Rows": 15438,
                "Actual Loops": 2,
                "Inner Unique": false,
                "Join Filter": "(t.id = mc.movie_id)",
                "Rows Removed by Join Filter": 0,
                "Plans": [
                  {
                    "Node Type": "Hash Join",
                    "Parent Relationship": "Outer",
                    "Parallel Aware": true,
                    "Join Type": "Inner",
                    "Startup Cost": 59027.07,
                    "Total Cost": 77210.86,
                    "Plan Rows": 31466,
                    "Plan Width": 8,
                    "Actual Startup Time": 147.644,
                    "Actual Total Time": 260.626,
                    "Actual Rows": 12042,
                    "Actual Loops": 2,
                    "Inner Unique": true,
                    "Hash Cond": "(mi_idx.movie_id = t.id)",
                    "Plans": [
                      {
                        "Node Type": "Seq Scan",
                        "Parent Relationship": "Outer",
                        "Parallel Aware": true,
                        "Relation Name": "movie_info_idx",
                        "Alias": "mi_idx",
                        "Startup Cost": 0.0,
                        "Total Cost": 16052.85,
                        "Plan Rows": 811785,
                        "Plan Width": 4,
                        "Actual Startup Time": 0.018,
                        "Actual Total Time": 49.422,
                        "Actual Rows": 690018,
                        "Actual Loops": 2
                      },
                      {
                        "Node Type": "Hash",
                        "Parent Relationship": "Inner",
                        "Parallel Aware": true,
                        "Startup Cost": 58306.47,
                        "Total Cost": 58306.47,
                        "Plan Rows": 57648,
                        "Plan Width": 4,
                        "Actual Startup Time": 145.876,
                        "Actual Total Time": 145.877,
                        "Actual Rows": 53124,
                        "Actual Loops": 2,
                        "Hash Buckets": 131072,
                        "Original Hash Buckets": 131072,
                        "Hash Batches": 1,
                        "Original Hash Batches": 1,
                        "Peak Memory Usage": 5184,
                        "Plans": [
                          {
                            "Node Type": "Seq Scan",
                            "Parent Relationship": "Outer",
                            "Parallel Aware": true,
                            "Relation Name": "title",
                            "Alias": "t",
                            "Startup Cost": 0.0,
                            "Total Cost": 58306.47,
                            "Plan Rows": 57648,
                            "Plan Width": 4,
                            "Actual Startup Time": 0.031,
                            "Actual Total Time": 133.501,
                            "Actual Rows": 53124,
                            "Actual Loops": 2,
                            "Filter": "((kind_id = 7) AND (production_year = 2011))",
                            "Rows Removed by Filter": 1211032
                          }
                        ]
                      }
                    ]
                  },
                  {
                    "Node Type": "Index Scan",
                    "Parent Relationship": "Inner",
                    "Parallel Aware": false,
                    "Scan Direction": "Forward",
                    "Index Name": "movie_id_movie_companies",
                    "Relation Name": "movie_companies",
                    "Alias": "mc",
                    "Startup Cost": 0.43,
                    "Total Cost": 0.62,
                    "Plan Rows": 1,
                    "Plan Width": 4,
                    "Actual Startup Time": 0.001,
                    "Actual Total Time": 0.002,
                    "Actual Rows": 1,
                    "Actual Loops": 24084,
                    "Index Cond": "(movie_id = mi_idx.movie_id)",
                    "Rows Removed by Index Recheck": 0,
                    "Filter": "((company_id < 5194) AND (company_type_id = 1))",
                    "Rows Removed by Filter": 1
                  }
                ]
              }
            ]
          }
        ]
      }
    ]
  },
  "Planning Time": 0.759,
  "Triggers": [],
  "Execution Time": 307.381
}