[
  {
    "Plan": {
      "Node Type": "Aggregate",
      "Strategy": "Plain",
      "Partial Mode": "Finalize",
      "Parallel Aware": false,
      "Startup Cost": 45860.5,
      "Total Cost": 45860.51,
      "Plan Rows": 1,
      "Plan Width": 8,
      "Actual Startup Time": 103.627,
      "Actual Total Time": 114.925,
      "Actual Rows": 1,
      "Actual Loops": 1,
      "Plans": [
        {
          "Node Type": "Gather",
          "Parent Relationship": "Outer",
          "Parallel Aware": false,
          "Startup Cost": 45860.08,
          "Total Cost": 45860.49,
          "Plan Rows": 4,
          "Plan Width": 8,
          "Actual Startup Time": 103.353,
          "Actual Total Time": 114.917,
          "Actual Rows": 5,
          "Actual Loops": 1,
          "Workers Planned": 4,
          "Workers Launched": 4,
          "Single Copy": false,
          "Plans": [
            {
              "Node Type": "Aggregate",
              "Strategy": "Plain",
              "Partial Mode": "Partial",
              "Parent Relationship": "Outer",
              "Parallel Aware": false,
              "Startup Cost": 44860.08,
              "Total Cost": 44860.09,
              "Plan Rows": 1,
              "Plan Width": 8,
              "Actual Startup Time": 98.202,
              "Actual Total Time": 98.203,
              "Actual Rows": 1,
              "Actual Loops": 5,
              "Plans": [
                {
                  "Node Type": "Seq Scan",
                  "Parent Relationship": "Outer",
                  "Parallel Aware": true,
                  "Relation Name": "title",
                  "Alias": "t",
                  "Startup Cost": 0.0,
                  "Total Cost": 43898.92,
                  "Plan Rows": 384466,
                  "Plan Width": 0,
                  "Actual Startup Time": 0.025,
                  "Actual Total Time": 84.547,
                  "Actual Rows": 306323,
                  "Actual Loops": 5,
                  "Filter": "(production_year > 1997)",
                  "Rows Removed by Filter": 199340
                }
              ]
            }
          ]
        }
      ]
    },
    "Planning Time": 0.088,
    "Triggers": [],
    "Execution Time": 114.962
  }
]