[
  {
    "Plan": {
      "Node Type": "Aggregate",
      "Strategy": "Plain",
      "Partial Mode": "Finalize",
      "Parallel Aware": false,
      "Startup Cost": 605159.1,
      "Total Cost": 605159.11,
      "Plan Rows": 1,
      "Plan Width": 8,
      "Actual Startup Time": 4655.878,
      "Actual Total Time": 4753.189,
      "Actual Rows": 1,
      "Actual Loops": 1,
      "Plans": [
        {
          "Node Type": "Gather",
          "Parent Relationship": "Outer",
          "Parallel Aware": false,
          "Startup Cost": 605158.47,
          "Total Cost": 605159.08,
          "Plan Rows": 6,
          "Plan Width": 8,
          "Actual Startup Time": 4614.117,
          "Actual Total Time": 4753.171,
          "Actual Rows": 7,
          "Actual Loops": 1,
          "Workers Planned": 6,
          "Workers Launched": 6,
          "Single Copy": false,
          "Plans": [
            {
              "Node Type": "Aggregate",
              "Strategy": "Plain",
              "Partial Mode": "Partial",
              "Parent Relationship": "Outer",
              "Parallel Aware": false,
              "Startup Cost": 604158.47,
              "Total Cost": 604158.48,
              "Plan Rows": 1,
              "Plan Width": 8,
              "Actual Startup Time": 4593.733,
              "Actual Total Time": 4595.703,
              "Actual Rows": 1,
              "Actual Loops": 7,
              "Plans": [
                {
                  "Node Type": "Hash Join",
                  "Parent Relationship": "Outer",
                  "Parallel Aware": true,
                  "Join Type": "Inner",
                  "Startup Cost": 258313.76,
                  "Total Cost": 598666.61,
                  "Plan Rows": 2196746,
                  "Plan Width": 0,
                  "Actual Startup Time": 1363.445,
                  "Actual Total Time": 4176.259,
                  "Actual Rows": 8831309,
                  "Actual Loops": 7,
                  "Inner Unique": false,
                  "Hash Cond": "(ci.movie_id = t.id)",
                  "Plans": [
                    {
                      "Node Type": "Seq Scan",
                      "Parent Relationship": "Outer",
                      "Parallel Aware": true,
                      "Relation Name": "cast_info",
                      "Alias": "ci",
                      "Startup Cost": 0.0,
                      "Total Cost": 328162.03,
                      "Plan Rows": 2079287,
                      "Plan Width": 4,
                      "Actual Startup Time": 0.026,
                      "Actual Total Time": 668.807,
                      "Actual Rows": 1810098,
                      "Actual Loops": 7,
                      "Filter": "(role_id = 1)",
                      "Rows Removed by Filter": 3367665
                    },
                    {
                      "Node Type": "Hash",
                      "Parent Relationship": "Inner",
                      "Parallel Aware": true,
                      "Startup Cost": 251635.98,
                      "Total Cost": 251635.98,
                      "Plan Rows": 534223,
                      "Plan Width": 8,
                      "Actual Startup Time": 1356.488,
                      "Actual Total Time": 1358.454,
                      "Actual Rows": 864910,
                      "Actual Loops": 7,
                      "Hash Buckets": 8388608,
                      "Original Hash Buckets": 4194304,
                      "Hash Batches": 1,
                      "Original Hash Batches": 1,
                      "Peak Memory Usage": 335264,
                      "Plans": [
                        {
                          "Node Type": "Hash Join",
                          "Parent Relationship": "Outer",
                          "Parallel Aware": true,
                          "Join Type": "Inner",
                          "Startup Cost": 47704.07,
                          "Total Cost": 251635.98,
                          "Plan Rows": 534223,
                          "Plan Width": 8,
                          "Actual Startup Time": 132.375,
                          "Actual Total Time": 868.078,
                          "Actual Rows": 864910,
                          "Actual Loops": 7,
                          "Inner Unique": true,
                          "Hash Cond": "(mi.movie_id = t.id)",
                          "Plans": [
                            {
                              "Node Type": "Seq Scan",
                              "Parent Relationship": "Outer",
                              "Parallel Aware": true,
                              "Relation Name": "movie_info",
                              "Alias": "mi",
                              "Startup Cost": 0.0,
                              "Total Cost": 198952.16,
                              "Plan Rows": 1897040,
                              "Plan Width": 4,
                              "Actual Startup Time": 0.028,
                              "Actual Total Time": 342.112,
                              "Actual Rows": 1366450,
                              "Actual Loops": 7,
                              "Filter": "(info_type_id < 16)",
                              "Rows Removed by Filter": 752938
                            },
                            {
                              "Node Type": "Hash",
                              "Parent Relationship": "Inner",
                              "Parallel Aware": true,
                              "Startup Cost": 45479.1,
                              "Total Cost": 45479.1,
                              "Plan Rows": 177998,
                              "Plan Width": 4,
                              "Actual Startup Time": 129.976,
                              "Actual Total Time": 129.977,
                              "Actual Rows": 103234,
                              "Actual Loops": 7,
                              "Hash Buckets": 1048576,
                              "Original Hash Buckets": 1048576,
                              "Hash Batches": 1,
                              "Original Hash Batches": 1,
                              "Peak Memory Usage": 36608,
                              "Plans": [
                                {
                                  "Node Type": "Seq Scan",
                                  "Parent Relationship": "Outer",
                                  "Parallel Aware": true,
                                  "Relation Name": "title",
                                  "Alias": "t",
                                  "Startup Cost": 0.0,
                                  "Total Cost": 45479.1,
                                  "Plan Rows": 177998,
                                  "Plan Width": 4,
                                  "Actual Startup Time": 0.043,
                                  "Actual Total Time": 79.833,
                                  "Actual Rows": 103234,
                                  "Actual Loops": 7,
                                  "Filter": "((kind_id < 3) AND (production_year < 2013))",
                                  "Rows Removed by Filter": 257954
                                }
                              ]
                            }
                          ]
                        }
                      ]
                    }
                  ]
                }
              ]
            }
          ]
        }
      ]
    },
    "Planning Time": 1.113,
    "Triggers": [],
    "Execution Time": 4753.284
  }
]