[
  {
    "Plan": {
      "Node Type": "Aggregate",
      "Strategy": "Plain",
      "Partial Mode": "Finalize",
      "Parallel Aware": false,
      "Startup Cost": 351388.24,
      "Total Cost": 351388.25,
      "Plan Rows": 1,
      "Plan Width": 8,
      "Actual Startup Time": 809.75,
      "Actual Total Time": 858.482,
      "Actual Rows": 1,
      "Actual Loops": 1,
      "Plans": [
        {
          "Node Type": "Gather",
          "Parent Relationship": "Outer",
          "Parallel Aware": false,
          "Startup Cost": 351387.61,
          "Total Cost": 351388.22,
          "Plan Rows": 6,
          "Plan Width": 8,
          "Actual Startup Time": 809.57,
          "Actual Total Time": 858.467,
          "Actual Rows": 7,
          "Actual Loops": 1,
          "Workers Planned": 6,
          "Workers Launched": 6,
          "Single Copy": false,
          "Plans": [
            {
              "Node Type": "Aggregate",
              "Strategy": "Plain",
              "Partial Mode": "Partial",
              "Parent Relationship": "Outer",
              "Parallel Aware": false,
              "Startup Cost": 350387.61,
              "Total Cost": 350387.62,
              "Plan Rows": 1,
              "Plan Width": 8,
              "Actual Startup Time": 801.606,
              "Actual Total Time": 801.607,
              "Actual Rows": 1,
              "Actual Loops": 7,
              "Plans": [
                {
                  "Node Type": "Seq Scan",
                  "Parent Relationship": "Outer",
                  "Parallel Aware": true,
                  "Relation Name": "cast_info",
                  "Alias": "ci",
                  "Startup Cost": 0.0,
                  "Total Cost": 343316.27,
                  "Plan Rows": 2828538,
                  "Plan Width": 0,
                  "Actual Startup Time": 248.252,
                  "Actual Total Time": 701.844,
                  "Actual Rows": 1937950,
                  "Actual Loops": 7,
                  "Filter": "((person_id < 2714324) AND (role_id > 1))",
                  "Rows Removed by Filter": 3239813
                }
              ]
            }
          ]
        }
      ]
    },
    "Planning Time": 0.106,
    "Triggers": [],
    "Execution Time": 858.528
  }
]