[
  {
    "Plan": {
      "Node Type": "Aggregate",
      "Strategy": "Plain",
      "Partial Mode": "Finalize",
      "Parallel Aware": false,
      "Startup Cost": 338599.48,
      "Total Cost": 338599.49,
      "Plan Rows": 1,
      "Plan Width": 8,
      "Actual Startup Time": 755.776,
      "Actual Total Time": 815.268,
      "Actual Rows": 1,
      "Actual Loops": 1,
      "Plans": [
        {
          "Node Type": "Gather",
          "Parent Relationship": "Outer",
          "Parallel Aware": false,
          "Startup Cost": 338598.86,
          "Total Cost": 338599.47,
          "Plan Rows": 6,
          "Plan Width": 8,
          "Actual Startup Time": 755.65,
          "Actual Total Time": 815.258,
          "Actual Rows": 7,
          "Actual Loops": 1,
          "Workers Planned": 6,
          "Workers Launched": 6,
          "Single Copy": false,
          "Plans": [
            {
              "Node Type": "Aggregate",
              "Strategy": "Plain",
              "Partial Mode": "Partial",
              "Parent Relationship": "Outer",
              "Parallel Aware": false,
              "Startup Cost": 337598.86,
              "Total Cost": 337598.87,
              "Plan Rows": 1,
              "Plan Width": 8,
              "Actual Startup Time": 746.623,
              "Actual Total Time": 746.624,
              "Actual Rows": 1,
              "Actual Loops": 7,
              "Plans": [
                {
                  "Node Type": "Seq Scan",
                  "Parent Relationship": "Outer",
                  "Parallel Aware": true,
                  "Relation Name": "cast_info",
                  "Alias": "ci",
                  "Startup Cost": 0.0,
                  "Total Cost": 328162.03,
                  "Plan Rows": 3774733,
                  "Plan Width": 0,
                  "Actual Startup Time": 153.433,
                  "Actual Total Time": 611.105,
                  "Actual Rows": 3234914,
                  "Actual Loops": 7,
                  "Filter": "(person_id > 1339003)",
                  "Rows Removed by Filter": 1942849
                }
              ]
            }
          ]
        }
      ]
    },
    "Planning Time": 0.192,
    "Triggers": [],
    "Execution Time": 815.341
  }
]