{
  "Plan": {
    "Node Type": "Aggregate",
    "Strategy": "Plain",
    "Partial Mode": "Finalize",
    "Parallel Aware": false,
    "Startup Cost": 579359.64,
    "Total Cost": 579359.65,
    "Plan Rows": 1,
    "Plan Width": 8,
    "Actual Startup Time": 2550.595,
    "Actual Total Time": 2589.626,
    "Actual Rows": 1,
    "Actual Loops": 1,
    "Plans": [
      {
        "Node Type": "Gather",
        "Parent Relationship": "Outer",
        "Parallel Aware": false,
        "Startup Cost": 579359.53,
        "Total Cost": 579359.64,
        "Plan Rows": 1,
        "Plan Width": 8,
        "Actual Startup Time": 2545.474,
        "Actual Total Time": 2589.618,
        "Actual Rows": 2,
        "Actual Loops": 1,
        "Workers Planned": 1,
        "Workers Launched": 1,
        "Single Copy": false,
        "Plans": [
          {
            "Node Type": "Aggregate",
            "Strategy": "Plain",
            "Partial Mode": "Partial",
            "Parent Relationship": "Outer",
            "Parallel Aware": false,
            "Startup Cost": 578359.53,
            "Total Cost": 578359.54,
            "Plan Rows": 1,
            "Plan Width": 8,
            "Actual Startup Time": 2539.245,
            "Actual Total Time": 2539.25,
            "Actual Rows": 1,
            "Actual Loops": 2,
            "Plans": [
              {
                "Node Type": "Merge Join",
                "Parent Relationship": "Outer",
                "Parallel Aware": false,
                "Join Type": "Inner",
                "Startup Cost": 403481.0,
                "Total Cost": 576978.25,
                "Plan Rows": 552511,
                "Plan Width": 0,
                "Actual Startup Time": 1595.491,
                "Actual Total Time": 2455.769,
                "Actual Rows": 2157397,
                "Actual Loops": 2,
                "Inner Unique": false,
                "Merge Cond": "(mk.movie_id = t.id)",
                "Plans": [
                  {
                    "Node Type": "Index Only Scan",
                    "Parent Relationship": "Outer",
                    "Parallel Aware": true,
                    "Scan Direction": "Forward",
                    "Index Name": "movie_id_movie_keyword",
                    "Relation Name": "movie_keyword",
                    "Alias": "mk",
                    "Startup Cost": 0.43,
                    "Total Cost": 158560.11,
                    "Plan Rows": 2661135,
                    "Plan Width": 4,
                    "Actual Startup Time": 0.1,
                    "Actual Total Time": 418.3,
                    "Actual Rows": 2261965,
                    "Actual Loops": 2,
                    "Heap Fetches": 4523930
                  },
                  {
                    "Node Type": "Sort",
                    "Parent Relationship": "Inner",
                    "Parallel Aware": false,
                    "Startup Cost": 403480.27,
                    "Total Cost": 404792.6,
                    "Plan Rows": 524930,
                    "Plan Width": 8,
                    "Actual Startup Time": 1595.345,
                    "Actual Total Time": 1693.647,
                    "Actual Rows": 2830318,
                    "Actual Loops": 2,
                    "Sort Key": [
                      "mi.movie_id"
                    ],
                    "Sort Method": "quicksort",
                    "Sort Space Used": 63871,
                    "Sort Space Type": "Memory",
                    "Workers": [
                      {
                        "Worker Number": 0,
                        "Sort Method": "quicksort",
                        "Sort Space Used": 63871,
                        "Sort Space Type": "Memory"
                      }
                    ],
                    "Plans": [
                      {
                        "Node Type": "Hash Join",
                        "Parent Relationship": "Outer",
                        "Parallel Aware": false,
                        "Join Type": "Inner",
                        "Startup Cost": 137286.22,
                        "Total Cost": 353607.29,
                        "Plan Rows": 524930,
                        "Plan Width": 8,
                        "Actual Startup Time": 442.254,
                        "Actual Total Time": 1404.682,
                        "Actual Rows": 838273,
                        "Actual Loops": 2,
                        "Inner Unique": true,
                        "Hash Cond": "(mi.movie_id = t.id)",
                        "Plans": [
                          {
                            "Node Type": "Bitmap Heap Scan",
                            "Parent Relationship": "Outer",
                            "Parallel Aware": false,
                            "Relation Name": "movie_info",
                            "Alias": "mi",
                            "Startup Cost": 65065.95,
                            "Total Cost": 271958.18,
                            "Plan Rows": 3591938,
                            "Plan Width": 4,
                            "Actual Startup Time": 139.292,
                            "Actual Total Time": 421.766,
                            "Actual Rows": 3624977,
                            "Actual Loops": 2,
                            "Recheck Cond": "(info_type_id < 4)",
                            "Rows Removed by Index Recheck": 0,
                            "Exact Heap Blocks": 23223,
                            "Lossy Heap Blocks": 0,
                            "Plans": [
                              {
                                "Node Type": "Bitmap Index Scan",
                                "Parent Relationship": "Outer",
                                "Parallel Aware": false,
                                "Index Name": "info_type_id_movie_info",
                                "Startup Cost": 0.0,
                                "Total Cost": 64167.97,
                                "Plan Rows": 3591938,
                                "Plan Width": 0,
                                "Actual Startup Time": 136.42,
                                "Actual Total Time": 136.42,
                                "Actual Rows": 3624977,
                                "Actual Loops": 2,
                                "Index Cond": "(info_type_id < 4)"
                              }
                            ]
                          },
                          {
                            "Node Type": "Hash",
                            "Parent Relationship": "Inner",
                            "Parallel Aware": false,
                            "Startup Cost": 67601.66,
                            "Total Cost": 67601.66,
                            "Plan Rows": 369488,
                            "Plan Width": 4,
                            "Actual Startup Time": 300.817,
                            "Actual Total Time": 300.818,
                            "Actual Rows": 381430,
                            "Actual Loops": 2,
                            "Hash Buckets": 524288,
                            "Original Hash Buckets": 524288,
                            "Hash Batches": 1,
                            "Original Hash Batches": 1,
                            "Peak Memory Usage": 17506,
                            "Plans": [
                              {
                                "Node Type": "Seq Scan",
                                "Parent Relationship": "Outer",
                                "Parallel Aware": false,
                                "Relation Name": "title",
                                "Alias": "t",
                                "Startup Cost": 0.0,
                                "Total Cost": 67601.66,
                                "Plan Rows": 369488,
                                "Plan Width": 4,
                                "Actual Startup Time": 0.033,
                                "Actual Total Time": 222.968,
                                "Actual Rows": 381430,
                                "Actual Loops": 2,
                                "Filter": "(production_year < 1971)",
                                "Rows Removed by Filter": 2146882
                              }
                            ]
                          }
                        ]
                      }
                    ]
                  }
                ]
              }
            ]
          }
        ]
      }
    ]
  },
  "Planning Time": 1.002,
  "Triggers": [],
  "Execution Time": 2599.35
}