{
  "Plan": {
    "Node Type": "Aggregate",
    "Strategy": "Plain",
    "Partial Mode": "Finalize",
    "Parallel Aware": false,
    "Startup Cost": 50125.12,
    "Total Cost": 50125.13,
    "Plan Rows": 1,
    "Plan Width": 8,
    "Actual Startup Time": 130.106,
    "Actual Total Time": 155.275,
    "Actual Rows": 1,
    "Actual Loops": 1,
    "Plans": [
      {
        "Node Type": "Gather",
        "Parent Relationship": "Outer",
        "Parallel Aware": false,
        "Startup Cost": 50125.01,
        "Total Cost": 50125.12,
        "Plan Rows": 1,
        "Plan Width": 8,
        "Actual Startup Time": 130.006,
        "Actual Total Time": 155.268,
        "Actual Rows": 2,
        "Actual Loops": 1,
        "Workers Planned": 1,
        "Workers Launched": 1,
        "Single Copy": false,
        "Plans": [
          {
            "Node Type": "Aggregate",
            "Strategy": "Plain",
            "Partial Mode": "Partial",
            "Parent Relationship": "Outer",
            "Parallel Aware": false,
            "Startup Cost": 49125.01,
            "Total Cost": 49125.02,
            "Plan Rows": 1,
            "Plan Width": 8,
            "Actual Startup Time": 123.889,
            "Actual Total Time": 123.891,
            "Actual Rows": 1,
            "Actual Loops": 2,
            "Plans": [
              {
                "Node Type": "Nested Loop",
                "Parent Relationship": "Outer",
                "Parallel Aware": false,
                "Join Type": "Inner",
                "Startup Cost": 139.55,
                "Total Cost": 49069.25,
                "Plan Rows": 22302,
                "Plan Width": 0,
                "Actual Startup Time": 3.491,
                "Actual Total Time": 119.914,
                "Actual Rows": 66941,
                "Actual Loops": 2,
                "Inner Unique": false,
                "Plans": [
                  {
                    "Node Type": "Nested Loop",
                    "Parent Relationship": "Outer",
                    "Parallel Aware": false,
                    "Join Type": "Inner",
                    "Startup Cost": 139.11,
                    "Total Cost": 41700.48,
                    "Plan Rows": 3814,
                    "Plan Width": 8,
                    "Actual Startup Time": 3.382,
                    "Actual Total Time": 33.367,
                    "Actual Rows": 3250,
                    "Actual Loops": 2,
                    "Inner Unique": true,
                    "Plans": [
                      {
                        "Node Type": "Bitmap Heap Scan",
                        "Parent Relationship": "Outer",
                        "Parallel Aware": true,
                        "Relation Name": "movie_keyword",
                        "Alias": "mk",
                        "Startup Cost": 138.68,
                        "Total Cost": 14778.02,
                        "Plan Rows": 3814,
                        "Plan Width": 4,
                        "Actual Startup Time": 3.239,
                        "Actual Total Time": 10.641,
                        "Actual Rows": 3250,
                        "Actual Loops": 2,
                        "Recheck Cond": "(keyword_id = 355)",
                        "Rows Removed by Index Recheck": 0,
                        "Exact Heap Blocks": 3215,
                        "Lossy Heap Blocks": 0,
                        "Plans": [
                          {
                            "Node Type": "Bitmap Index Scan",
                            "Parent Relationship": "Outer",
                            "Parallel Aware": false,
                            "Index Name": "keyword_id_movie_keyword",
                            "Startup Cost": 0.0,
                            "Total Cost": 137.06,
                            "Plan Rows": 6484,
                            "Plan Width": 0,
                            "Actual Startup Time": 4.135,
                            "Actual Total Time": 4.136,
                            "Actual Rows": 6501,
                            "Actual Loops": 1,
                            "Index Cond": "(keyword_id = 355)"
                          }
                        ]
                      },
                      {
                        "Node Type": "Index Only Scan",
                        "Parent Relationship": "Inner",
                        "Parallel Aware": false,
                        "Scan Direction": "Forward",
                        "Index Name": "title_pkey",
                        "Relation Name": "title",
                        "Alias": "t",
                        "Startup Cost": 0.43,
                        "Total Cost": 7.06,
                        "Plan Rows": 1,
                        "Plan Width": 4,
                        "Actual Startup Time": 0.006,
                        "Actual Total Time": 0.006,
                        "Actual Rows": 1,
                        "Actual Loops": 6501,
                        "Index Cond": "(id = mk.movie_id)",
                        "Rows Removed by Index Recheck": 0,
                        "Heap Fetches": 6501
                      }
                    ]
                  },
                  {
                    "Node Type": "Index Only Scan",
                    "Parent Relationship": "Inner",
                    "Parallel Aware": false,
                    "Scan Direction": "Forward",
                    "Index Name": "movie_id_movie_info",
                    "Relation Name": "movie_info",
                    "Alias": "mi",
                    "Startup Cost": 0.43,
                    "Total Cost": 1.51,
                    "Plan Rows": 42,
                    "Plan Width": 4,
                    "Actual Startup Time": 0.008,
                    "Actual Total Time": 0.025,
                    "Actual Rows": 21,
                    "Actual Loops": 6501,
                    "Index Cond": "(movie_id = t.id)",
                    "Rows Removed by Index Recheck": 0,
                    "Heap Fetches": 133882
                  }
                ]
              }
            ]
          }
        ]
      }
    ]
  },
  "Planning Time": 0.893,
  "Triggers": [],
  "Execution Time": 155.371
}