[
  {
    "Plan": {
      "Node Type": "Aggregate",
      "Strategy": "Plain",
      "Partial Mode": "Finalize",
      "Parallel Aware": false,
      "Startup Cost": 515662.04,
      "Total Cost": 515662.05,
      "Plan Rows": 1,
      "Plan Width": 8,
      "Actual Startup Time": 1986.523,
      "Actual Total Time": 2047.016,
      "Actual Rows": 1,
      "Actual Loops": 1,
      "Plans": [
        {
          "Node Type": "Gather",
          "Parent Relationship": "Outer",
          "Parallel Aware": false,
          "Startup Cost": 515661.62,
          "Total Cost": 515662.03,
          "Plan Rows": 4,
          "Plan Width": 8,
          "Actual Startup Time": 1979.672,
          "Actual Total Time": 2047.005,
          "Actual Rows": 5,
          "Actual Loops": 1,
          "Workers Planned": 4,
          "Workers Launched": 4,
          "Single Copy": false,
          "Plans": [
            {
              "Node Type": "Aggregate",
              "Strategy": "Plain",
              "Partial Mode": "Partial",
              "Parent Relationship": "Outer",
              "Parallel Aware": false,
              "Startup Cost": 514661.62,
              "Total Cost": 514661.63,
              "Plan Rows": 1,
              "Plan Width": 8,
              "Actual Startup Time": 1972.41,
              "Actual Total Time": 1972.512,
              "Actual Rows": 1,
              "Actual Loops": 5,
              "Plans": [
                {
                  "Node Type": "Nested Loop",
                  "Parent Relationship": "Outer",
                  "Parallel Aware": false,
                  "Join Type": "Inner",
                  "Startup Cost": 280971.88,
                  "Total Cost": 513725.34,
                  "Plan Rows": 374512,
                  "Plan Width": 0,
                  "Actual Startup Time": 212.735,
                  "Actual Total Time": 1912.141,
                  "Actual Rows": 1155777,
                  "Actual Loops": 5,
                  "Inner Unique": false,
                  "Plans": [
                    {
                      "Node Type": "Hash Join",
                      "Parent Relationship": "Outer",
                      "Parallel Aware": true,
                      "Join Type": "Inner",
                      "Startup Cost": 280971.44,
                      "Total Cost": 329775.77,
                      "Plan Rows": 98526,
                      "Plan Width": 8,
                      "Actual Startup Time": 212.556,
                      "Actual Total Time": 539.983,
                      "Actual Rows": 168836,
                      "Actual Loops": 5,
                      "Inner Unique": false,
                      "Hash Cond": "(t.id = ci.movie_id)",
                      "Plans": [
                        {
                          "Node Type": "Seq Scan",
                          "Parent Relationship": "Outer",
                          "Parallel Aware": true,
                          "Relation Name": "title",
                          "Alias": "t",
                          "Startup Cost": 0.0,
                          "Total Cost": 42319.06,
                          "Plan Rows": 632106,
                          "Plan Width": 4,
                          "Actual Startup Time": 0.021,
                          "Actual Total Time": 70.224,
                          "Actual Rows": 505662,
                          "Actual Loops": 5
                        },
                        {
                          "Node Type": "Hash",
                          "Parent Relationship": "Inner",
                          "Parallel Aware": true,
                          "Startup Cost": 280150.39,
                          "Total Cost": 280150.39,
                          "Plan Rows": 65684,
                          "Plan Width": 4,
                          "Actual Startup Time": 210.801,
                          "Actual Total Time": 210.803,
                          "Actual Rows": 168836,
                          "Actual Loops": 5,
                          "Hash Buckets": 1048576,
                          "Original Hash Buckets": 524288,
                          "Hash Batches": 1,
                          "Original Hash Batches": 1,
                          "Peak Memory Usage": 45408,
                          "Plans": [
                            {
                              "Node Type": "Bitmap Heap Scan",
                              "Parent Relationship": "Outer",
                              "Parallel Aware": true,
                              "Relation Name": "cast_info",
                              "Alias": "ci",
                              "Startup Cost": 24651.32,
                              "Total Cost": 280150.39,
                              "Plan Rows": 65684,
                              "Plan Width": 4,
                              "Actual Startup Time": 61.288,
                              "Actual Total Time": 127.082,
                              "Actual Rows": 168836,
                              "Actual Loops": 5,
                              "Recheck Cond": "(person_id < 118585)",
                              "Rows Removed by Index Recheck": 0,
                              "Filter": "(role_id = 1)",
                              "Rows Removed by Filter": 63524,
                              "Exact Heap Blocks": 2992,
                              "Lossy Heap Blocks": 0,
                              "Plans": [
                                {
                                  "Node Type": "Bitmap Index Scan",
                                  "Parent Relationship": "Outer",
                                  "Parallel Aware": false,
                                  "Index Name": "person_id_cast_info",
                                  "Startup Cost": 0.0,
                                  "Total Cost": 24552.79,
                                  "Plan Rows": 1124830,
                                  "Plan Width": 0,
                                  "Actual Startup Time": 60.75,
                                  "Actual Total Time": 60.75,
                                  "Actual Rows": 1161800,
                                  "Actual Loops": 1,
                                  "Index Cond": "(person_id < 118585)"
                                }
                              ]
                            }
                          ]
                        }
                      ]
                    },
                    {
                      "Node Type": "Index Scan",
                      "Parent Relationship": "Inner",
                      "Parallel Aware": false,
                      "Scan Direction": "Forward",
                      "Index Name": "movie_id_movie_info",
                      "Relation Name": "movie_info",
                      "Alias": "mi",
                      "Startup Cost": 0.43,
                      "Total Cost": 1.6,
                      "Plan Rows": 27,
                      "Plan Width": 4,
                      "Actual Startup Time": 0.003,
                      "Actual Total Time": 0.007,
                      "Actual Rows": 7,
                      "Actual Loops": 844181,
                      "Index Cond": "(movie_id = t.id)",
                      "Rows Removed by Index Recheck": 0,
                      "Filter": "(info_type_id < 16)",
                      "Rows Removed by Filter": 5
                    }
                  ]
                }
              ]
            }
          ]
        }
      ]
    },
    "Planning Time": 0.645,
    "Triggers": [],
    "Execution Time": 2047.093
  }
]