{
  "Plan": {
    "Node Type": "Aggregate",
    "Strategy": "Plain",
    "Partial Mode": "Finalize",
    "Parallel Aware": false,
    "Startup Cost": 472540.85,
    "Total Cost": 472540.86,
    "Plan Rows": 1,
    "Plan Width": 8,
    "Actual Startup Time": 1156.976,
    "Actual Total Time": 1175.932,
    "Actual Rows": 1,
    "Actual Loops": 1,
    "Plans": [
      {
        "Node Type": "Gather",
        "Parent Relationship": "Outer",
        "Parallel Aware": false,
        "Startup Cost": 472540.74,
        "Total Cost": 472540.85,
        "Plan Rows": 1,
        "Plan Width": 8,
        "Actual Startup Time": 1151.513,
        "Actual Total Time": 1175.922,
        "Actual Rows": 2,
        "Actual Loops": 1,
        "Workers Planned": 1,
        "Workers Launched": 1,
        "Single Copy": false,
        "Plans": [
          {
            "Node Type": "Aggregate",
            "Strategy": "Plain",
            "Partial Mode": "Partial",
            "Parent Relationship": "Outer",
            "Parallel Aware": false,
            "Startup Cost": 471540.74,
            "Total Cost": 471540.75,
            "Plan Rows": 1,
            "Plan Width": 8,
            "Actual Startup Time": 1138.88,
            "Actual Total Time": 1138.884,
            "Actual Rows": 1,
            "Actual Loops": 2,
            "Plans": [
              {
                "Node Type": "Hash Join",
                "Parent Relationship": "Outer",
                "Parallel Aware": true,
                "Join Type": "Inner",
                "Startup Cost": 168926.24,
                "Total Cost": 466821.05,
                "Plan Rows": 1887876,
                "Plan Width": 0,
                "Actual Startup Time": 657.696,
                "Actual Total Time": 1119.081,
                "Actual Rows": 474194,
                "Actual Loops": 2,
                "Inner Unique": true,
                "Hash Cond": "(ci.movie_id = t.id)",
                "Plans": [
                  {
                    "Node Type": "Bitmap Heap Scan",
                    "Parent Relationship": "Outer",
                    "Parallel Aware": true,
                    "Relation Name": "cast_info",
                    "Alias": "ci",
                    "Startup Cost": 98462.13,
                    "Total Cost": 390553.85,
                    "Plan Rows": 2210693,
                    "Plan Width": 4,
                    "Actual Startup Time": 159.424,
                    "Actual Total Time": 405.713,
                    "Actual Rows": 532448,
                    "Actual Loops": 2,
                    "Recheck Cond": "(person_id > 3278270)",
                    "Rows Removed by Index Recheck": 0,
                    "Filter": "(role_id < 9)",
                    "Rows Removed by Filter": 1602334,
                    "Exact Heap Blocks": 32350,
                    "Lossy Heap Blocks": 0,
                    "Plans": [
                      {
                        "Node Type": "Bitmap Index Scan",
                        "Parent Relationship": "Outer",
                        "Parallel Aware": false,
                        "Index Name": "person_id_cast_info",
                        "Startup Cost": 0.0,
                        "Total Cost": 97522.58,
                        "Plan Rows": 4465869,
                        "Plan Width": 0,
                        "Actual Startup Time": 149.023,
                        "Actual Total Time": 149.024,
                        "Actual Rows": 4269565,
                        "Actual Loops": 1,
                        "Index Cond": "(person_id > 3278270)"
                      }
                    ]
                  },
                  {
                    "Node Type": "Hash",
                    "Parent Relationship": "Inner",
                    "Parallel Aware": true,
                    "Startup Cost": 54588.39,
                    "Total Cost": 54588.39,
                    "Plan Rows": 1270058,
                    "Plan Width": 4,
                    "Actual Startup Time": 475.333,
                    "Actual Total Time": 475.334,
                    "Actual Rows": 1073342,
                    "Actual Loops": 2,
                    "Hash Buckets": 4194304,
                    "Original Hash Buckets": 4194304,
                    "Hash Batches": 1,
                    "Original Hash Batches": 1,
                    "Peak Memory Usage": 116800,
                    "Plans": [
                      {
                        "Node Type": "Seq Scan",
                        "Parent Relationship": "Outer",
                        "Parallel Aware": true,
                        "Relation Name": "title",
                        "Alias": "t",
                        "Startup Cost": 0.0,
                        "Total Cost": 54588.39,
                        "Plan Rows": 1270058,
                        "Plan Width": 4,
                        "Actual Startup Time": 0.029,
                        "Actual Total Time": 172.775,
                        "Actual Rows": 1073342,
                        "Actual Loops": 2,
                        "Filter": "(production_year > 1965)",
                        "Rows Removed by Filter": 190814
                      }
                    ]
                  }
                ]
              }
            ]
          }
        ]
      }
    ]
  },
  "Planning Time": 0.647,
  "Triggers": [],
  "Execution Time": 1176.021
}