{
  "Plan": {
    "Node Type": "Aggregate",
    "Strategy": "Plain",
    "Partial Mode": "Finalize",
    "Parallel Aware": false,
    "Startup Cost": 331174.25,
    "Total Cost": 331174.26,
    "Plan Rows": 1,
    "Plan Width": 8,
    "Actual Startup Time": 1304.005,
    "Actual Total Time": 1342.285,
    "Actual Rows": 1,
    "Actual Loops": 1,
    "Plans": [
      {
        "Node Type": "Gather",
        "Parent Relationship": "Outer",
        "Parallel Aware": false,
        "Startup Cost": 331174.13,
        "Total Cost": 331174.24,
        "Plan Rows": 1,
        "Plan Width": 8,
        "Actual Startup Time": 1303.878,
        "Actual Total Time": 1342.278,
        "Actual Rows": 2,
        "Actual Loops": 1,
        "Workers Planned": 1,
        "Workers Launched": 1,
        "Single Copy": false,
        "Plans": [
          {
            "Node Type": "Aggregate",
            "Strategy": "Plain",
            "Partial Mode": "Partial",
            "Parent Relationship": "Outer",
            "Parallel Aware": false,
            "Startup Cost": 330174.13,
            "Total Cost": 330174.14,
            "Plan Rows": 1,
            "Plan Width": 8,
            "Actual Startup Time": 1298.445,
            "Actual Total Time": 1298.448,
            "Actual Rows": 1,
            "Actual Loops": 2,
            "Plans": [
              {
                "Node Type": "Hash Join",
                "Parent Relationship": "Outer",
                "Parallel Aware": true,
                "Join Type": "Inner",
                "Startup Cost": 58345.27,
                "Total Cost": 330128.76,
                "Plan Rows": 18151,
                "Plan Width": 0,
                "Actual Startup Time": 141.26,
                "Actual Total Time": 1297.703,
                "Actual Rows": 16066,
                "Actual Loops": 2,
                "Inner Unique": true,
                "Hash Cond": "(mi.movie_id = t.id)",
                "Plans": [
                  {
                    "Node Type": "Seq Scan",
                    "Parent Relationship": "Outer",
                    "Parallel Aware": true,
                    "Relation Name": "movie_info",
                    "Alias": "mi",
                    "Startup Cost": 0.0,
                    "Total Cost": 248955.74,
                    "Plan Rows": 8696274,
                    "Plan Width": 4,
                    "Actual Startup Time": 0.008,
                    "Actual Total Time": 613.797,
                    "Actual Rows": 7417860,
                    "Actual Loops": 2
                  },
                  {
                    "Node Type": "Hash",
                    "Parent Relationship": "Inner",
                    "Parallel Aware": true,
                    "Startup Cost": 58306.47,
                    "Total Cost": 58306.47,
                    "Plan Rows": 3104,
                    "Plan Width": 4,
                    "Actual Startup Time": 139.309,
                    "Actual Total Time": 139.31,
                    "Actual Rows": 2600,
                    "Actual Loops": 2,
                    "Hash Buckets": 8192,
                    "Original Hash Buckets": 8192,
                    "Hash Batches": 1,
                    "Original Hash Batches": 1,
                    "Peak Memory Usage": 288,
                    "Plans": [
                      {
                        "Node Type": "Seq Scan",
                        "Parent Relationship": "Outer",
                        "Parallel Aware": true,
                        "Relation Name": "title",
                        "Alias": "t",
                        "Startup Cost": 0.0,
                        "Total Cost": 58306.47,
                        "Plan Rows": 3104,
                        "Plan Width": 4,
                        "Actual Startup Time": 0.088,
                        "Actual Total Time": 136.959,
                        "Actual Rows": 2600,
                        "Actual Loops": 2,
                        "Filter": "((kind_id = 7) AND (production_year = 1956))",
                        "Rows Removed by Filter": 1261556
                      }
                    ]
                  }
                ]
              }
            ]
          }
        ]
      }
    ]
  },
  "Planning Time": 0.339,
  "Triggers": [],
  "Execution Time": 1342.348
}