[
  {
    "Plan": {
      "Node Type": "Aggregate",
      "Strategy": "Plain",
      "Partial Mode": "Finalize",
      "Parallel Aware": false,
      "Startup Cost": 341865.6,
      "Total Cost": 341865.61,
      "Plan Rows": 1,
      "Plan Width": 8,
      "Actual Startup Time": 958.213,
      "Actual Total Time": 1016.089,
      "Actual Rows": 1,
      "Actual Loops": 1,
      "Plans": [
        {
          "Node Type": "Gather",
          "Parent Relationship": "Outer",
          "Parallel Aware": false,
          "Startup Cost": 341864.98,
          "Total Cost": 341865.59,
          "Plan Rows": 6,
          "Plan Width": 8,
          "Actual Startup Time": 958.101,
          "Actual Total Time": 1016.077,
          "Actual Rows": 7,
          "Actual Loops": 1,
          "Workers Planned": 6,
          "Workers Launched": 6,
          "Single Copy": false,
          "Plans": [
            {
              "Node Type": "Aggregate",
              "Strategy": "Plain",
              "Partial Mode": "Partial",
              "Parent Relationship": "Outer",
              "Parallel Aware": false,
              "Startup Cost": 340864.98,
              "Total Cost": 340864.99,
              "Plan Rows": 1,
              "Plan Width": 8,
              "Actual Startup Time": 949.924,
              "Actual Total Time": 949.925,
              "Actual Rows": 1,
              "Actual Loops": 7,
              "Plans": [
                {
                  "Node Type": "Seq Scan",
                  "Parent Relationship": "Outer",
                  "Parallel Aware": true,
                  "Relation Name": "cast_info",
                  "Alias": "ci",
                  "Startup Cost": 0.0,
                  "Total Cost": 328162.03,
                  "Plan Rows": 5081180,
                  "Plan Width": 0,
                  "Actual Startup Time": 0.052,
                  "Actual Total Time": 740.916,
                  "Actual Rows": 4358807,
                  "Actual Loops": 7,
                  "Filter": "(role_id < 9)",
                  "Rows Removed by Filter": 818956
                }
              ]
            }
          ]
        }
      ]
    },
    "Planning Time": 0.168,
    "Triggers": [],
    "Execution Time": 1016.151
  }
]