[
  {
    "Plan": {
      "Node Type": "Aggregate",
      "Strategy": "Plain",
      "Partial Mode": "Finalize",
      "Parallel Aware": false,
      "Startup Cost": 339405.51,
      "Total Cost": 339405.52,
      "Plan Rows": 1,
      "Plan Width": 8,
      "Actual Startup Time": 838.119,
      "Actual Total Time": 897.137,
      "Actual Rows": 1,
      "Actual Loops": 1,
      "Plans": [
        {
          "Node Type": "Gather",
          "Parent Relationship": "Outer",
          "Parallel Aware": false,
          "Startup Cost": 339404.88,
          "Total Cost": 339405.49,
          "Plan Rows": 6,
          "Plan Width": 8,
          "Actual Startup Time": 838.014,
          "Actual Total Time": 897.126,
          "Actual Rows": 7,
          "Actual Loops": 1,
          "Workers Planned": 6,
          "Workers Launched": 6,
          "Single Copy": false,
          "Plans": [
            {
              "Node Type": "Aggregate",
              "Strategy": "Plain",
              "Partial Mode": "Partial",
              "Parent Relationship": "Outer",
              "Parallel Aware": false,
              "Startup Cost": 338404.88,
              "Total Cost": 338404.89,
              "Plan Rows": 1,
              "Plan Width": 8,
              "Actual Startup Time": 828.967,
              "Actual Total Time": 828.968,
              "Actual Rows": 1,
              "Actual Loops": 7,
              "Plans": [
                {
                  "Node Type": "Seq Scan",
                  "Parent Relationship": "Outer",
                  "Parallel Aware": true,
                  "Relation Name": "cast_info",
                  "Alias": "ci",
                  "Startup Cost": 0.0,
                  "Total Cost": 328162.03,
                  "Plan Rows": 4097142,
                  "Plan Width": 0,
                  "Actual Startup Time": 0.047,
                  "Actual Total Time": 661.765,
                  "Actual Rows": 3522972,
                  "Actual Loops": 7,
                  "Filter": "(person_id < 2537254)",
                  "Rows Removed by Filter": 1654792
                }
              ]
            }
          ]
        }
      ]
    },
    "Planning Time": 0.17,
    "Triggers": [],
    "Execution Time": 897.205
  }
]