[
  {
    "Plan": {
      "Node Type": "Aggregate",
      "Strategy": "Plain",
      "Partial Mode": "Finalize",
      "Parallel Aware": false,
      "Startup Cost": 123980.82,
      "Total Cost": 123980.83,
      "Plan Rows": 1,
      "Plan Width": 8,
      "Actual Startup Time": 339.708,
      "Actual Total Time": 363.962,
      "Actual Rows": 1,
      "Actual Loops": 1,
      "Plans": [
        {
          "Node Type": "Gather",
          "Parent Relationship": "Outer",
          "Parallel Aware": false,
          "Startup Cost": 123980.4,
          "Total Cost": 123980.81,
          "Plan Rows": 4,
          "Plan Width": 8,
          "Actual Startup Time": 338.445,
          "Actual Total Time": 363.951,
          "Actual Rows": 5,
          "Actual Loops": 1,
          "Workers Planned": 4,
          "Workers Launched": 4,
          "Single Copy": false,
          "Plans": [
            {
              "Node Type": "Aggregate",
              "Strategy": "Plain",
              "Partial Mode": "Partial",
              "Parent Relationship": "Outer",
              "Parallel Aware": false,
              "Startup Cost": 122980.4,
              "Total Cost": 122980.41,
              "Plan Rows": 1,
              "Plan Width": 8,
              "Actual Startup Time": 332.837,
              "Actual Total Time": 332.84,
              "Actual Rows": 1,
              "Actual Loops": 5,
              "Plans": [
                {
                  "Node Type": "Hash Join",
                  "Parent Relationship": "Outer",
                  "Parallel Aware": true,
                  "Join Type": "Inner",
                  "Startup Cost": 73301.84,
                  "Total Cost": 122903.33,
                  "Plan Rows": 30830,
                  "Plan Width": 0,
                  "Actual Startup Time": 163.342,
                  "Actual Total Time": 330.946,
                  "Actual Rows": 25875,
                  "Actual Loops": 5,
                  "Inner Unique": false,
                  "Hash Cond": "(t.id = ci.movie_id)",
                  "Plans": [
                    {
                      "Node Type": "Seq Scan",
                      "Parent Relationship": "Outer",
                      "Parallel Aware": true,
                      "Relation Name": "title",
                      "Alias": "t",
                      "Startup Cost": 0.0,
                      "Total Cost": 43899.32,
                      "Plan Rows": 501378,
                      "Plan Width": 4,
                      "Actual Startup Time": 0.019,
                      "Actual Total Time": 97.823,
                      "Actual Rows": 398131,
                      "Actual Loops": 5,
                      "Filter": "(production_year > 1976)",
                      "Rows Removed by Filter": 107531
                    },
                    {
                      "Node Type": "Hash",
                      "Parent Relationship": "Inner",
                      "Parallel Aware": true,
                      "Startup Cost": 72913.16,
                      "Total Cost": 72913.16,
                      "Plan Rows": 31095,
                      "Plan Width": 4,
                      "Actual Startup Time": 162.104,
                      "Actual Total Time": 162.105,
                      "Actual Rows": 31655,
                      "Actual Loops": 5,
                      "Hash Buckets": 262144,
                      "Original Hash Buckets": 262144,
                      "Hash Batches": 1,
                      "Original Hash Batches": 1,
                      "Peak Memory Usage": 8320,
                      "Plans": [
                        {
                          "Node Type": "Index Scan",
                          "Parent Relationship": "Outer",
                          "Parallel Aware": true,
                          "Scan Direction": "Forward",
                          "Index Name": "role_id_cast_info",
                          "Relation Name": "cast_info",
                          "Alias": "ci",
                          "Startup Cost": 0.56,
                          "Total Cost": 72913.16,
                          "Plan Rows": 31095,
                          "Plan Width": 4,
                          "Actual Startup Time": 0.126,
                          "Actual Total Time": 149.177,
                          "Actual Rows": 31655,
                          "Actual Loops": 5,
                          "Index Cond": "(role_id = 4)",
                          "Rows Removed by Index Recheck": 0,
                          "Filter": "(person_id < 211974)",
                          "Rows Removed by Filter": 514133
                        }
                      ]
                    }
                  ]
                }
              ]
            }
          ]
        }
      ]
    },
    "Planning Time": 0.327,
    "Triggers": [],
    "Execution Time": 364.02
  }
]