[
  {
    "Plan": {
      "Node Type": "Aggregate",
      "Strategy": "Plain",
      "Partial Mode": "Finalize",
      "Parallel Aware": false,
      "Startup Cost": 45825.51,
      "Total Cost": 45825.52,
      "Plan Rows": 1,
      "Plan Width": 8,
      "Actual Startup Time": 229.414,
      "Actual Total Time": 247.545,
      "Actual Rows": 1,
      "Actual Loops": 1,
      "Plans": [
        {
          "Node Type": "Gather",
          "Parent Relationship": "Outer",
          "Parallel Aware": false,
          "Startup Cost": 45825.19,
          "Total Cost": 45825.5,
          "Plan Rows": 3,
          "Plan Width": 8,
          "Actual Startup Time": 229.249,
          "Actual Total Time": 247.53,
          "Actual Rows": 4,
          "Actual Loops": 1,
          "Workers Planned": 3,
          "Workers Launched": 3,
          "Single Copy": false,
          "Plans": [
            {
              "Node Type": "Aggregate",
              "Strategy": "Plain",
              "Partial Mode": "Partial",
              "Parent Relationship": "Outer",
              "Parallel Aware": false,
              "Startup Cost": 44825.19,
              "Total Cost": 44825.2,
              "Plan Rows": 1,
              "Plan Width": 8,
              "Actual Startup Time": 220.436,
              "Actual Total Time": 220.438,
              "Actual Rows": 1,
              "Actual Loops": 4,
              "Plans": [
                {
                  "Node Type": "Seq Scan",
                  "Parent Relationship": "Outer",
                  "Parallel Aware": true,
                  "Relation Name": "movie_keyword",
                  "Alias": "mk",
                  "Startup Cost": 0.0,
                  "Total Cost": 42695.65,
                  "Plan Rows": 851814,
                  "Plan Width": 0,
                  "Actual Startup Time": 0.521,
                  "Actual Total Time": 175.6,
                  "Actual Rows": 659410,
                  "Actual Loops": 4,
                  "Filter": "(keyword_id > 3221)",
                  "Rows Removed by Filter": 471573
                }
              ]
            }
          ]
        }
      ]
    },
    "Planning Time": 0.196,
    "Triggers": [],
    "Execution Time": 247.64
  }
]