[
  {
    "Plan": {
      "Node Type": "Aggregate",
      "Strategy": "Plain",
      "Partial Mode": "Finalize",
      "Parallel Aware": false,
      "Startup Cost": 45826.19,
      "Total Cost": 45826.2,
      "Plan Rows": 1,
      "Plan Width": 8,
      "Actual Startup Time": 161.876,
      "Actual Total Time": 171.175,
      "Actual Rows": 1,
      "Actual Loops": 1,
      "Plans": [
        {
          "Node Type": "Gather",
          "Parent Relationship": "Outer",
          "Parallel Aware": false,
          "Startup Cost": 45825.87,
          "Total Cost": 45826.18,
          "Plan Rows": 3,
          "Plan Width": 8,
          "Actual Startup Time": 161.754,
          "Actual Total Time": 171.167,
          "Actual Rows": 4,
          "Actual Loops": 1,
          "Workers Planned": 3,
          "Workers Launched": 3,
          "Single Copy": false,
          "Plans": [
            {
              "Node Type": "Aggregate",
              "Strategy": "Plain",
              "Partial Mode": "Partial",
              "Parent Relationship": "Outer",
              "Parallel Aware": false,
              "Startup Cost": 44825.87,
              "Total Cost": 44825.88,
              "Plan Rows": 1,
              "Plan Width": 8,
              "Actual Startup Time": 155.689,
              "Actual Total Time": 155.69,
              "Actual Rows": 1,
              "Actual Loops": 4,
              "Plans": [
                {
                  "Node Type": "Seq Scan",
                  "Parent Relationship": "Outer",
                  "Parallel Aware": true,
                  "Relation Name": "movie_keyword",
                  "Alias": "mk",
                  "Startup Cost": 0.0,
                  "Total Cost": 42695.65,
                  "Plan Rows": 852088,
                  "Plan Width": 0,
                  "Actual Startup Time": 0.4,
                  "Actual Total Time": 123.74,
                  "Actual Rows": 659410,
                  "Actual Loops": 4,
                  "Filter": "(keyword_id > 3221)",
                  "Rows Removed by Filter": 471573
                }
              ]
            }
          ]
        }
      ]
    },
    "Planning Time": 0.185,
    "Triggers": [],
    "Execution Time": 171.224
  }
]