[
  {
    "Plan": {
      "Node Type": "Aggregate",
      "Strategy": "Plain",
      "Partial Mode": "Finalize",
      "Parallel Aware": false,
      "Startup Cost": 432140.29,
      "Total Cost": 432140.3,
      "Plan Rows": 1,
      "Plan Width": 8,
      "Actual Startup Time": 1764.317,
      "Actual Total Time": 1821.855,
      "Actual Rows": 1,
      "Actual Loops": 1,
      "Plans": [
        {
          "Node Type": "Gather",
          "Parent Relationship": "Outer",
          "Parallel Aware": false,
          "Startup Cost": 432139.66,
          "Total Cost": 432140.27,
          "Plan Rows": 6,
          "Plan Width": 8,
          "Actual Startup Time": 1749.922,
          "Actual Total Time": 1821.828,
          "Actual Rows": 7,
          "Actual Loops": 1,
          "Workers Planned": 6,
          "Workers Launched": 6,
          "Single Copy": false,
          "Plans": [
            {
              "Node Type": "Aggregate",
              "Strategy": "Plain",
              "Partial Mode": "Partial",
              "Parent Relationship": "Outer",
              "Parallel Aware": false,
              "Startup Cost": 431139.66,
              "Total Cost": 431139.67,
              "Plan Rows": 1,
              "Plan Width": 8,
              "Actual Startup Time": 1739.436,
              "Actual Total Time": 1739.711,
              "Actual Rows": 1,
              "Actual Loops": 7,
              "Plans": [
                {
                  "Node Type": "Hash Join",
                  "Parent Relationship": "Outer",
                  "Parallel Aware": true,
                  "Join Type": "Inner",
                  "Startup Cost": 91717.71,
                  "Total Cost": 429473.08,
                  "Plan Rows": 666633,
                  "Plan Width": 0,
                  "Actual Startup Time": 380.012,
                  "Actual Total Time": 1599.77,
                  "Actual Rows": 2664780,
                  "Actual Loops": 7,
                  "Inner Unique": false,
                  "Hash Cond": "(ci.movie_id = t.id)",
                  "Plans": [
                    {
                      "Node Type": "Seq Scan",
                      "Parent Relationship": "Outer",
                      "Parallel Aware": true,
                      "Relation Name": "cast_info",
                      "Alias": "ci",
                      "Startup Cost": 0.0,
                      "Total Cost": 328211.39,
                      "Plan Rows": 1971612,
                      "Plan Width": 4,
                      "Actual Startup Time": 0.049,
                      "Actual Total Time": 611.441,
                      "Actual Rows": 1706400,
                      "Actual Loops": 7,
                      "Filter": "(person_id < 1175025)",
                      "Rows Removed by Filter": 3471364
                    },
                    {
                      "Node Type": "Hash",
                      "Parent Relationship": "Inner",
                      "Parallel Aware": true,
                      "Startup Cost": 88270.54,
                      "Total Cost": 88270.54,
                      "Plan Rows": 275774,
                      "Plan Width": 8,
                      "Actual Startup Time": 376.467,
                      "Actual Total Time": 376.738,
                      "Actual Rows": 177519,
                      "Actual Loops": 7,
                      "Hash Buckets": 2097152,
                      "Original Hash Buckets": 1048576,
                      "Hash Batches": 1,
                      "Original Hash Batches": 1,
                      "Peak Memory Usage": 73280,
                      "Plans": [
                        {
                          "Node Type": "Hash Join",
                          "Parent Relationship": "Outer",
                          "Parallel Aware": true,
                          "Join Type": "Inner",
                          "Startup Cost": 45392.46,
                          "Total Cost": 88270.54,
                          "Plan Rows": 275774,
                          "Plan Width": 8,
                          "Actual Startup Time": 122.707,
                          "Actual Total Time": 280.718,
                          "Actual Rows": 177519,
                          "Actual Loops": 7,
                          "Inner Unique": true,
                          "Hash Cond": "(mk.movie_id = t.id)",
                          "Plans": [
                            {
                              "Node Type": "Seq Scan",
                              "Parent Relationship": "Outer",
                              "Parallel Aware": true,
                              "Relation Name": "movie_keyword",
                              "Alias": "mk",
                              "Startup Cost": 0.0,
                              "Total Cost": 39047.32,
                              "Plan Rows": 1459332,
                              "Plan Width": 4,
                              "Actual Startup Time": 0.031,
                              "Actual Total Time": 65.576,
                              "Actual Rows": 646276,
                              "Actual Loops": 7
                            },
                            {
                              "Node Type": "Hash",
                              "Parent Relationship": "Inner",
                              "Parallel Aware": true,
                              "Startup Cost": 43899.32,
                              "Total Cost": 43899.32,
                              "Plan Rows": 119451,
                              "Plan Width": 4,
                              "Actual Startup Time": 121.569,
                              "Actual Total Time": 121.57,
                              "Actual Rows": 70576,
                              "Actual Loops": 7,
                              "Hash Buckets": 524288,
                              "Original Hash Buckets": 524288,
                              "Hash Batches": 1,
                              "Original Hash Batches": 1,
                              "Peak Memory Usage": 23520,
                              "Plans": [
                                {
                                  "Node Type": "Seq Scan",
                                  "Parent Relationship": "Outer",
                                  "Parallel Aware": true,
                                  "Relation Name": "title",
                                  "Alias": "t",
                                  "Startup Cost": 0.0,
                                  "Total Cost": 43899.32,
                                  "Plan Rows": 119451,
                                  "Plan Width": 4,
                                  "Actual Startup Time": 0.056,
                                  "Actual Total Time": 83.668,
                                  "Actual Rows": 70576,
                                  "Actual Loops": 7,
                                  "Filter": "(production_year < 1979)",
                                  "Rows Removed by Filter": 290612
                                }
                              ]
                            }
                          ]
                        }
                      ]
                    }
                  ]
                }
              ]
            }
          ]
        }
      ]
    },
    "Planning Time": 1.293,
    "Triggers": [],
    "Execution Time": 1821.961
  }
]