[
  {
    "Plan": {
      "Node Type": "Aggregate",
      "Strategy": "Plain",
      "Partial Mode": "Finalize",
      "Parallel Aware": false,
      "Startup Cost": 317724.97,
      "Total Cost": 317724.98,
      "Plan Rows": 1,
      "Plan Width": 8,
      "Actual Startup Time": 298.118,
      "Actual Total Time": 311.684,
      "Actual Rows": 1,
      "Actual Loops": 1,
      "Plans": [
        {
          "Node Type": "Gather",
          "Parent Relationship": "Outer",
          "Parallel Aware": false,
          "Startup Cost": 317724.35,
          "Total Cost": 317724.96,
          "Plan Rows": 6,
          "Plan Width": 8,
          "Actual Startup Time": 290.06,
          "Actual Total Time": 311.674,
          "Actual Rows": 7,
          "Actual Loops": 1,
          "Workers Planned": 6,
          "Workers Launched": 6,
          "Single Copy": false,
          "Plans": [
            {
              "Node Type": "Aggregate",
              "Strategy": "Plain",
              "Partial Mode": "Partial",
              "Parent Relationship": "Outer",
              "Parallel Aware": false,
              "Startup Cost": 316724.35,
              "Total Cost": 316724.36,
              "Plan Rows": 1,
              "Plan Width": 8,
              "Actual Startup Time": 275.259,
              "Actual Total Time": 275.262,
              "Actual Rows": 1,
              "Actual Loops": 7,
              "Plans": [
                {
                  "Node Type": "Hash Join",
                  "Parent Relationship": "Outer",
                  "Parallel Aware": true,
                  "Join Type": "Inner",
                  "Startup Cost": 62326.3,
                  "Total Cost": 316568.13,
                  "Plan Rows": 62488,
                  "Plan Width": 0,
                  "Actual Startup Time": 209.868,
                  "Actual Total Time": 272.34,
                  "Actual Rows": 52333,
                  "Actual Loops": 7,
                  "Inner Unique": true,
                  "Hash Cond": "(ci.movie_id = t.id)",
                  "Plans": [
                    {
                      "Node Type": "Bitmap Heap Scan",
                      "Parent Relationship": "Outer",
                      "Parallel Aware": true,
                      "Relation Name": "cast_info",
                      "Alias": "ci",
                      "Startup Cost": 13624.69,
                      "Total Cost": 267596.67,
                      "Plan Rows": 102798,
                      "Plan Width": 4,
                      "Actual Startup Time": 21.25,
                      "Actual Total Time": 41.999,
                      "Actual Rows": 83239,
                      "Actual Loops": 7,
                      "Recheck Cond": "(person_id > 3949361)",
                      "Rows Removed by Index Recheck": 0,
                      "Exact Heap Blocks": 1566,
                      "Lossy Heap Blocks": 0,
                      "Plans": [
                        {
                          "Node Type": "Bitmap Index Scan",
                          "Parent Relationship": "Outer",
                          "Parallel Aware": false,
                          "Index Name": "person_id_cast_info",
                          "Startup Cost": 0.0,
                          "Total Cost": 13470.49,
                          "Plan Rows": 616790,
                          "Plan Width": 0,
                          "Actual Startup Time": 19.908,
                          "Actual Total Time": 19.908,
                          "Actual Rows": 582671,
                          "Actual Loops": 1,
                          "Index Cond": "(person_id > 3949361)"
                        }
                      ]
                    },
                    {
                      "Node Type": "Hash",
                      "Parent Relationship": "Inner",
                      "Parallel Aware": true,
                      "Startup Cost": 43898.92,
                      "Total Cost": 43898.92,
                      "Plan Rows": 384216,
                      "Plan Width": 4,
                      "Actual Startup Time": 183.899,
                      "Actual Total Time": 183.9,
                      "Actual Rows": 220466,
                      "Actual Loops": 7,
                      "Hash Buckets": 2097152,
                      "Original Hash Buckets": 2097152,
                      "Hash Batches": 1,
                      "Original Hash Batches": 1,
                      "Peak Memory Usage": 76896,
                      "Plans": [
                        {
                          "Node Type": "Seq Scan",
                          "Parent Relationship": "Outer",
                          "Parallel Aware": true,
                          "Relation Name": "title",
                          "Alias": "t",
                          "Startup Cost": 0.0,
                          "Total Cost": 43898.92,
                          "Plan Rows": 384216,
                          "Plan Width": 4,
                          "Actual Startup Time": 0.042,
                          "Actual Total Time": 77.299,
                          "Actual Rows": 220466,
                          "Actual Loops": 7,
                          "Filter": "(kind_id = 7)",
                          "Rows Removed by Filter": 140721
                        }
                      ]
                    }
                  ]
                }
              ]
            }
          ]
        }
      ]
    },
    "Planning Time": 0.659,
    "Triggers": [],
    "Execution Time": 311.769
  }
]