[
  {
    "Plan": {
      "Node Type": "Aggregate",
      "Strategy": "Plain",
      "Partial Mode": "Finalize",
      "Parallel Aware": false,
      "Startup Cost": 298288.07,
      "Total Cost": 298288.08,
      "Plan Rows": 1,
      "Plan Width": 8,
      "Actual Startup Time": 2471.173,
      "Actual Total Time": 2515.701,
      "Actual Rows": 1,
      "Actual Loops": 1,
      "Plans": [
        {
          "Node Type": "Gather",
          "Parent Relationship": "Outer",
          "Parallel Aware": false,
          "Startup Cost": 298287.54,
          "Total Cost": 298288.05,
          "Plan Rows": 5,
          "Plan Width": 8,
          "Actual Startup Time": 2458.077,
          "Actual Total Time": 2515.69,
          "Actual Rows": 6,
          "Actual Loops": 1,
          "Workers Planned": 5,
          "Workers Launched": 5,
          "Single Copy": false,
          "Plans": [
            {
              "Node Type": "Aggregate",
              "Strategy": "Plain",
              "Partial Mode": "Partial",
              "Parent Relationship": "Outer",
              "Parallel Aware": false,
              "Startup Cost": 297287.54,
              "Total Cost": 297287.55,
              "Plan Rows": 1,
              "Plan Width": 8,
              "Actual Startup Time": 2448.054,
              "Actual Total Time": 2448.328,
              "Actual Rows": 1,
              "Actual Loops": 6,
              "Plans": [
                {
                  "Node Type": "Hash Join",
                  "Parent Relationship": "Outer",
                  "Parallel Aware": true,
                  "Join Type": "Inner",
                  "Startup Cost": 92528.41,
                  "Total Cost": 296365.82,
                  "Plan Rows": 368690,
                  "Plan Width": 0,
                  "Actual Startup Time": 365.782,
                  "Actual Total Time": 1938.515,
                  "Actual Rows": 11747890,
                  "Actual Loops": 6,
                  "Inner Unique": false,
                  "Hash Cond": "(mi.movie_id = t.id)",
                  "Plans": [
                    {
                      "Node Type": "Seq Scan",
                      "Parent Relationship": "Outer",
                      "Parallel Aware": true,
                      "Relation Name": "movie_info",
                      "Alias": "mi",
                      "Startup Cost": 0.0,
                      "Total Cost": 191560.33,
                      "Plan Rows": 2956733,
                      "Plan Width": 4,
                      "Actual Startup Time": 0.034,
                      "Actual Total Time": 303.532,
                      "Actual Rows": 2472620,
                      "Actual Loops": 6
                    },
                    {
                      "Node Type": "Hash",
                      "Parent Relationship": "Inner",
                      "Parallel Aware": true,
                      "Startup Cost": 91257.17,
                      "Total Cost": 91257.17,
                      "Plan Rows": 101699,
                      "Plan Width": 8,
                      "Actual Startup Time": 351.035,
                      "Actual Total Time": 351.308,
                      "Actual Rows": 182934,
                      "Actual Loops": 6,
                      "Hash Buckets": 2097152,
                      "Original Hash Buckets": 524288,
                      "Hash Batches": 1,
                      "Original Hash Batches": 1,
                      "Peak Memory Usage": 71680,
                      "Plans": [
                        {
                          "Node Type": "Hash Join",
                          "Parent Relationship": "Outer",
                          "Parallel Aware": true,
                          "Join Type": "Inner",
                          "Startup Cost": 46504.45,
                          "Total Cost": 91257.17,
                          "Plan Rows": 101699,
                          "Plan Width": 8,
                          "Actual Startup Time": 144.99,
                          "Actual Total Time": 269.471,
                          "Actual Rows": 182934,
                          "Actual Loops": 6,
                          "Inner Unique": true,
                          "Hash Cond": "(mk.movie_id = t.id)",
                          "Plans": [
                            {
                              "Node Type": "Seq Scan",
                              "Parent Relationship": "Outer",
                              "Parallel Aware": true,
                              "Relation Name": "movie_keyword",
                              "Alias": "mk",
                              "Startup Cost": 0.0,
                              "Total Cost": 42695.65,
                              "Plan Rows": 783646,
                              "Plan Width": 4,
                              "Actual Startup Time": 0.028,
                              "Actual Total Time": 86.778,
                              "Actual Rows": 405257,
                              "Actual Loops": 6,
                              "Filter": "(keyword_id < 5762)",
                              "Rows Removed by Filter": 348731
                            },
                            {
                              "Node Type": "Hash",
                              "Parent Relationship": "Inner",
                              "Parallel Aware": true,
                              "Startup Cost": 45479.1,
                              "Total Cost": 45479.1,
                              "Plan Rows": 82028,
                              "Plan Width": 4,
                              "Actual Startup Time": 118.567,
                              "Actual Total Time": 118.568,
                              "Actual Rows": 68587,
                              "Actual Loops": 6,
                              "Hash Buckets": 524288,
                              "Original Hash Buckets": 524288,
                              "Hash Batches": 1,
                              "Original Hash Batches": 1,
                              "Peak Memory Usage": 20288,
                              "Plans": [
                                {
                                  "Node Type": "Seq Scan",
                                  "Parent Relationship": "Outer",
                                  "Parallel Aware": true,
                                  "Relation Name": "title",
                                  "Alias": "t",
                                  "Startup Cost": 0.0,
                                  "Total Cost": 45479.1,
                                  "Plan Rows": 82028,
                                  "Plan Width": 4,
                                  "Actual Startup Time": 55.046,
                                  "Actual Total Time": 88.598,
                                  "Actual Rows": 68587,
                                  "Actual Loops": 6,
                                  "Filter": "((production_year < 2004) AND (kind_id = 1))",
                                  "Rows Removed by Filter": 352798
                                }
                              ]
                            }
                          ]
                        }
                      ]
                    }
                  ]
                }
              ]
            }
          ]
        }
      ]
    },
    "Planning Time": 1.382,
    "Triggers": [],
    "Execution Time": 2515.8
  }
]