[
  {
    "Plan": {
      "Node Type": "Aggregate",
      "Strategy": "Plain",
      "Partial Mode": "Finalize",
      "Parallel Aware": false,
      "Startup Cost": 32315.87,
      "Total Cost": 32315.88,
      "Plan Rows": 1,
      "Plan Width": 8,
      "Actual Startup Time": 126.217,
      "Actual Total Time": 134.067,
      "Actual Rows": 1,
      "Actual Loops": 1,
      "Plans": [
        {
          "Node Type": "Gather",
          "Parent Relationship": "Outer",
          "Parallel Aware": false,
          "Startup Cost": 32315.55,
          "Total Cost": 32315.86,
          "Plan Rows": 3,
          "Plan Width": 8,
          "Actual Startup Time": 126.086,
          "Actual Total Time": 134.058,
          "Actual Rows": 4,
          "Actual Loops": 1,
          "Workers Planned": 3,
          "Workers Launched": 3,
          "Single Copy": false,
          "Plans": [
            {
              "Node Type": "Aggregate",
              "Strategy": "Plain",
              "Partial Mode": "Partial",
              "Parent Relationship": "Outer",
              "Parallel Aware": false,
              "Startup Cost": 31315.55,
              "Total Cost": 31315.56,
              "Plan Rows": 1,
              "Plan Width": 8,
              "Actual Startup Time": 118.305,
              "Actual Total Time": 118.306,
              "Actual Rows": 1,
              "Actual Loops": 4,
              "Plans": [
                {
                  "Node Type": "Seq Scan",
                  "Parent Relationship": "Outer",
                  "Parallel Aware": true,
                  "Relation Name": "movie_companies",
                  "Alias": "mc",
                  "Startup Cost": 0.0,
                  "Total Cost": 29310.68,
                  "Plan Rows": 801947,
                  "Plan Width": 0,
                  "Actual Startup Time": 0.048,
                  "Actual Total Time": 87.802,
                  "Actual Rows": 622682,
                  "Actual Loops": 4,
                  "Filter": "(company_id < 147221)",
                  "Rows Removed by Filter": 29601
                }
              ]
            }
          ]
        }
      ]
    },
    "Planning Time": 0.184,
    "Triggers": [],
    "Execution Time": 134.122
  }
]