[
    {
        "Bao": {
            "Bao prediction": "NaN",
            "Bao recommended hint": "(no hint)"
        }
    },
    {
        "Plan": {
            "Node Type": "Aggregate",
            "Strategy": "Plain",
            "Partial Mode": "Finalize",
            "Parallel Aware": false,
            "Startup Cost": 28746.08,
            "Total Cost": 28746.09,
            "Plan Rows": 1,
            "Plan Width": 8,
            "Actual Startup Time": 59.475,
            "Actual Total Time": 62.636,
            "Actual Rows": 1,
            "Actual Loops": 1,
            "Output": [
                "count(*)"
            ],
            "Plans": [
                {
                    "Node Type": "Gather",
                    "Parent Relationship": "Outer",
                    "Parallel Aware": false,
                    "Startup Cost": 28745.76,
                    "Total Cost": 28746.07,
                    "Plan Rows": 3,
                    "Plan Width": 8,
                    "Actual Startup Time": 59.321,
                    "Actual Total Time": 62.629,
                    "Actual Rows": 4,
                    "Actual Loops": 1,
                    "Output": [
                        "(PARTIAL count(*))"
                    ],
                    "Workers Planned": 3,
                    "Workers Launched": 3,
                    "Single Copy": false,
                    "Plans": [
                        {
                            "Node Type": "Aggregate",
                            "Strategy": "Plain",
                            "Partial Mode": "Partial",
                            "Parent Relationship": "Outer",
                            "Parallel Aware": false,
                            "Startup Cost": 27745.76,
                            "Total Cost": 27745.77,
                            "Plan Rows": 1,
                            "Plan Width": 8,
                            "Actual Startup Time": 50.736,
                            "Actual Total Time": 50.738,
                            "Actual Rows": 1,
                            "Actual Loops": 4,
                            "Output": [
                                "PARTIAL count(*)"
                            ],
                            "Workers": [
                                {
                                    "Worker Number": 0,
                                    "Actual Startup Time": 47.636,
                                    "Actual Total Time": 47.638,
                                    "Actual Rows": 1,
                                    "Actual Loops": 1
                                },
                                {
                                    "Worker Number": 1,
                                    "Actual Startup Time": 47.948,
                                    "Actual Total Time": 47.95,
                                    "Actual Rows": 1,
                                    "Actual Loops": 1
                                },
                                {
                                    "Worker Number": 2,
                                    "Actual Startup Time": 48.278,
                                    "Actual Total Time": 48.279,
                                    "Actual Rows": 1,
                                    "Actual Loops": 1
                                }
                            ],
                            "Plans": [
                                {
                                    "Node Type": "Bitmap Heap Scan",
                                    "Parent Relationship": "Outer",
                                    "Parallel Aware": true,
                                    "Relation Name": "movie_companies",
                                    "Schema": "public",
                                    "Alias": "mc",
                                    "Startup Cost": 7201.37,
                                    "Total Cost": 27608.36,
                                    "Plan Rows": 54960,
                                    "Plan Width": 0,
                                    "Actual Startup Time": 10.088,
                                    "Actual Total Time": 44.843,
                                    "Actual Rows": 84874,
                                    "Actual Loops": 4,
                                    "Recheck Cond": "(mc.company_id > 89383)",
                                    "Rows Removed by Index Recheck": 0,
                                    "Filter": "(mc.company_type_id > 1)",
                                    "Rows Removed by Filter": 0,
                                    "Exact Heap Blocks": 2772,
                                    "Lossy Heap Blocks": 0,
                                    "Workers": [
                                        {
                                            "Worker Number": 0,
                                            "Actual Startup Time": 7.026,
                                            "Actual Total Time": 42.16,
                                            "Actual Rows": 54001,
                                            "Actual Loops": 1
                                        },
                                        {
                                            "Worker Number": 1,
                                            "Actual Startup Time": 7.341,
                                            "Actual Total Time": 42.666,
                                            "Actual Rows": 51933,
                                            "Actual Loops": 1
                                        },
                                        {
                                            "Worker Number": 2,
                                            "Actual Startup Time": 7.762,
                                            "Actual Total Time": 42.832,
                                            "Actual Rows": 51598,
                                            "Actual Loops": 1
                                        }
                                    ],
                                    "Plans": [
                                        {
                                            "Node Type": "Bitmap Index Scan",
                                            "Parent Relationship": "Outer",
                                            "Parallel Aware": false,
                                            "Index Name": "company_id_movie_companies",
                                            "Startup Cost": 0.0,
                                            "Total Cost": 7158.77,
                                            "Plan Rows": 334179,
                                            "Plan Width": 0,
                                            "Actual Startup Time": 17.543,
                                            "Actual Total Time": 17.544,
                                            "Actual Rows": 339496,
                                            "Actual Loops": 1,
                                            "Index Cond": "(mc.company_id > 89383)"
                                        }
                                    ]
                                }
                            ]
                        }
                    ]
                }
            ]
        },
        "Planning Time": 210.599,
        "Triggers": [],
        "Execution Time": 62.684
    }
]