[
  {
    "Plan": {
      "Node Type": "Aggregate",
      "Strategy": "Plain",
      "Partial Mode": "Finalize",
      "Parallel Aware": false,
      "Startup Cost": 78403.28,
      "Total Cost": 78403.29,
      "Plan Rows": 1,
      "Plan Width": 8,
      "Actual Startup Time": 183.806,
      "Actual Total Time": 198.653,
      "Actual Rows": 1,
      "Actual Loops": 1,
      "Plans": [
        {
          "Node Type": "Gather",
          "Parent Relationship": "Outer",
          "Parallel Aware": false,
          "Startup Cost": 78402.96,
          "Total Cost": 78403.27,
          "Plan Rows": 3,
          "Plan Width": 8,
          "Actual Startup Time": 183.47,
          "Actual Total Time": 198.641,
          "Actual Rows": 4,
          "Actual Loops": 1,
          "Workers Planned": 3,
          "Workers Launched": 3,
          "Single Copy": false,
          "Plans": [
            {
              "Node Type": "Aggregate",
              "Strategy": "Plain",
              "Partial Mode": "Partial",
              "Parent Relationship": "Outer",
              "Parallel Aware": false,
              "Startup Cost": 77402.96,
              "Total Cost": 77402.97,
              "Plan Rows": 1,
              "Plan Width": 8,
              "Actual Startup Time": 177.162,
              "Actual Total Time": 177.166,
              "Actual Rows": 1,
              "Actual Loops": 4,
              "Plans": [
                {
                  "Node Type": "Hash Join",
                  "Parent Relationship": "Outer",
                  "Parallel Aware": true,
                  "Join Type": "Inner",
                  "Startup Cost": 45584.51,
                  "Total Cost": 77397.92,
                  "Plan Rows": 2016,
                  "Plan Width": 0,
                  "Actual Startup Time": 114.107,
                  "Actual Total Time": 177.028,
                  "Actual Rows": 1385,
                  "Actual Loops": 4,
                  "Inner Unique": true,
                  "Hash Cond": "(mc.movie_id = t.id)",
                  "Plans": [
                    {
                      "Node Type": "Seq Scan",
                      "Parent Relationship": "Outer",
                      "Parallel Aware": true,
                      "Relation Name": "movie_companies",
                      "Alias": "mc",
                      "Startup Cost": 0.0,
                      "Total Cost": 31414.82,
                      "Plan Rows": 151845,
                      "Plan Width": 4,
                      "Actual Startup Time": 11.384,
                      "Actual Total Time": 68.606,
                      "Actual Rows": 38182,
                      "Actual Loops": 4,
                      "Filter": "((company_id > 18422) AND (company_type_id = 1))",
                      "Rows Removed by Filter": 614100
                    },
                    {
                      "Node Type": "Hash",
                      "Parent Relationship": "Inner",
                      "Parallel Aware": true,
                      "Startup Cost": 45479.59,
                      "Total Cost": 45479.59,
                      "Plan Rows": 8394,
                      "Plan Width": 4,
                      "Actual Startup Time": 101.984,
                      "Actual Total Time": 101.986,
                      "Actual Rows": 7028,
                      "Actual Loops": 4,
                      "Hash Buckets": 65536,
                      "Original Hash Buckets": 65536,
                      "Hash Batches": 1,
                      "Original Hash Batches": 1,
                      "Peak Memory Usage": 1696,
                      "Plans": [
                        {
                          "Node Type": "Seq Scan",
                          "Parent Relationship": "Outer",
                          "Parallel Aware": true,
                          "Relation Name": "title",
                          "Alias": "t",
                          "Startup Cost": 0.0,
                          "Total Cost": 45479.59,
                          "Plan Rows": 8394,
                          "Plan Width": 4,
                          "Actual Startup Time": 0.121,
                          "Actual Total Time": 98.782,
                          "Actual Rows": 7028,
                          "Actual Loops": 4,
                          "Filter": "((kind_id < 7) AND (production_year = 2004))",
                          "Rows Removed by Filter": 625050
                        }
                      ]
                    }
                  ]
                }
              ]
            }
          ]
        }
      ]
    },
    "Planning Time": 0.349,
    "Triggers": [],
    "Execution Time": 198.696
  }
]