{
    "Plan": {
        "Node Type": "Aggregate",
        "Strategy": "Plain",
        "Partial Mode": "Simple",
        "Parallel Aware": false,
        "Startup Cost": 20006542190.21,
        "Total Cost": 20006542190.22,
        "Plan Rows": 1,
        "Plan Width": 96,
        "Actual Startup Time": 177601.98,
        "Actual Total Time": 177852.13,
        "Actual Rows": 1,
        "Actual Loops": 1,
        "Output": [
            "min(k.keyword)",
            "min(n.name)",
            "min(t.title)"
        ],
        "Plans": [
            {
                "Node Type": "Gather",
                "Parent Relationship": "Outer",
                "Parallel Aware": false,
                "Startup Cost": 20006542118.98,
                "Total Cost": 20006542190.16,
                "Plan Rows": 6,
                "Plan Width": 48,
                "Actual Startup Time": 160277.927,
                "Actual Total Time": 177851.304,
                "Actual Rows": 600,
                "Actual Loops": 1,
                "Output": [
                    "k.keyword",
                    "n.name",
                    "t.title"
                ],
                "Workers Planned": 4,
                "Workers Launched": 4,
                "Single Copy": false,
                "Plans": [
                    {
                        "Node Type": "Nested Loop",
                        "Parent Relationship": "Outer",
                        "Parallel Aware": false,
                        "Join Type": "Inner",
                        "Startup Cost": 20006541118.98,
                        "Total Cost": 20006541189.56,
                        "Plan Rows": 2,
                        "Plan Width": 48,
                        "Actual Startup Time": 169810.514,
                        "Actual Total Time": 169941.45,
                        "Actual Rows": 120,
                        "Actual Loops": 5,
                        "Output": [
                            "k.keyword",
                            "n.name",
                            "t.title"
                        ],
                        "Inner Unique": true,
                        "Join Filter": "(mk.movie_id = t.id)",
                        "Rows Removed by Join Filter": 0,
                        "Workers": [
                            {
                                "Worker Number": 0,
                                "Actual Startup Time": 171541.888,
                                "Actual Total Time": 171694.26,
                                "Actual Rows": 68,
                                "Actual Loops": 1
                            },
                            {
                                "Worker Number": 1,
                                "Actual Startup Time": 168666.808,
                                "Actual Total Time": 168763.729,
                                "Actual Rows": 99,
                                "Actual Loops": 1
                            },
                            {
                                "Worker Number": 2,
                                "Actual Startup Time": 177020.41,
                                "Actual Total Time": 177147.848,
                                "Actual Rows": 105,
                                "Actual Loops": 1
                            },
                            {
                                "Worker Number": 3,
                                "Actual Startup Time": 171546.719,
                                "Actual Total Time": 171655.252,
                                "Actual Rows": 88,
                                "Actual Loops": 1
                            }
                        ],
                        "Plans": [
                            {
                                "Node Type": "Merge Join",
                                "Parent Relationship": "Outer",
                                "Parallel Aware": false,
                                "Join Type": "Inner",
                                "Startup Cost": 10006541118.54,
                                "Total Cost": 10006541176.16,
                                "Plan Rows": 3,
                                "Plan Width": 39,
                                "Actual Startup Time": 169810.313,
                                "Actual Total Time": 169935.22,
                                "Actual Rows": 310,
                                "Actual Loops": 5,
                                "Output": [
                                    "ci.movie_id",
                                    "mk.movie_id",
                                    "k.keyword",
                                    "n.name"
                                ],
                                "Inner Unique": false,
                                "Merge Cond": "(n.id = ci.person_id)",
                                "Workers": [
                                    {
                                        "Worker Number": 0,
                                        "Actual Startup Time": 171541.61,
                                        "Actual Total Time": 171688.845,
                                        "Actual Rows": 208,
                                        "Actual Loops": 1
                                    },
                                    {
                                        "Worker Number": 1,
                                        "Actual Startup Time": 168666.636,
                                        "Actual Total Time": 168756.892,
                                        "Actual Rows": 289,
                                        "Actual Loops": 1
                                    },
                                    {
                                        "Worker Number": 2,
                                        "Actual Startup Time": 177020.281,
                                        "Actual Total Time": 177141.746,
                                        "Actual Rows": 226,
                                        "Actual Loops": 1
                                    },
                                    {
                                        "Worker Number": 3,
                                        "Actual Startup Time": 171546.365,
                                        "Actual Total Time": 171650.297,
                                        "Actual Rows": 227,
                                        "Actual Loops": 1
                                    }
                                ],
                                "Plans": [
                                    {
                                        "Node Type": "Sort",
                                        "Parent Relationship": "Outer",
                                        "Parallel Aware": false,
                                        "Startup Cost": 69339.67,
                                        "Total Cost": 69365.98,
                                        "Plan Rows": 10524,
                                        "Plan Width": 19,
                                        "Actual Startup Time": 183.389,
                                        "Actual Total Time": 183.743,
                                        "Actual Rows": 2137,
                                        "Actual Loops": 5,
                                        "Output": [
                                            "n.name",
                                            "n.id"
                                        ],
                                        "Sort Key": [
                                            "n.id"
                                        ],
                                        "Sort Method": "quicksort",
                                        "Sort Space Used": 378,
                                        "Sort Space Type": "Memory",
                                        "Workers": [
                                            {
                                                "Worker Number": 0,
                                                "Actual Startup Time": 180.222,
                                                "Actual Total Time": 180.525,
                                                "Actual Rows": 1670,
                                                "Actual Loops": 1
                                            },
                                            {
                                                "Worker Number": 1,
                                                "Actual Startup Time": 180.735,
                                                "Actual Total Time": 181.007,
                                                "Actual Rows": 1749,
                                                "Actual Loops": 1
                                            },
                                            {
                                                "Worker Number": 2,
                                                "Actual Startup Time": 181.29,
                                                "Actual Total Time": 181.558,
                                                "Actual Rows": 1694,
                                                "Actual Loops": 1
                                            },
                                            {
                                                "Worker Number": 3,
                                                "Actual Startup Time": 181.283,
                                                "Actual Total Time": 181.506,
                                                "Actual Rows": 1715,
                                                "Actual Loops": 1
                                            }
                                        ],
                                        "Plans": [
                                            {
                                                "Node Type": "Seq Scan",
                                                "Parent Relationship": "Outer",
                                                "Parallel Aware": true,
                                                "Relation Name": "name",
                                                "Schema": "public",
                                                "Alias": "n",
                                                "Startup Cost": 0.0,
                                                "Total Cost": 68636.59,
                                                "Plan Rows": 10524,
                                                "Plan Width": 19,
                                                "Actual Startup Time": 4.807,
                                                "Actual Total Time": 182.447,
                                                "Actual Rows": 2193,
                                                "Actual Loops": 5,
                                                "Output": [
                                                    "n.name",
                                                    "n.id"
                                                ],
                                                "Filter": "(n.name ~~ '%Jones,%'::text)",
                                                "Rows Removed by Filter": 831305,
                                                "Workers": [
                                                    {
                                                        "Worker Number": 0,
                                                        "Actual Startup Time": 3.474,
                                                        "Actual Total Time": 179.3,
                                                        "Actual Rows": 1702,
                                                        "Actual Loops": 1
                                                    },
                                                    {
                                                        "Worker Number": 1,
                                                        "Actual Startup Time": 1.488,
                                                        "Actual Total Time": 179.782,
                                                        "Actual Rows": 1786,
                                                        "Actual Loops": 1
                                                    },
                                                    {
                                                        "Worker Number": 2,
                                                        "Actual Startup Time": 13.19,
                                                        "Actual Total Time": 180.345,
                                                        "Actual Rows": 1768,
                                                        "Actual Loops": 1
                                                    },
                                                    {
                                                        "Worker Number": 3,
                                                        "Actual Startup Time": 4.852,
                                                        "Actual Total Time": 180.319,
                                                        "Actual Rows": 1749,
                                                        "Actual Loops": 1
                                                    }
                                                ]
                                            }
                                        ]
                                    },
                                    {
                                        "Node Type": "Sort",
                                        "Parent Relationship": "Inner",
                                        "Parallel Aware": false,
                                        "Startup Cost": 10006471778.87,
                                        "Total Cost": 10006471782.1,
                                        "Plan Rows": 1295,
                                        "Plan Width": 28,
                                        "Actual Startup Time": 169605.791,
                                        "Actual Total Time": 169699.671,
                                        "Actual Rows": 509127,
                                        "Actual Loops": 5,
                                        "Output": [
                                            "ci.movie_id",
                                            "ci.person_id",
                                            "mk.movie_id",
                                            "k.keyword"
                                        ],
                                        "Sort Key": [
                                            "ci.person_id"
                                        ],
                                        "Sort Method": "quicksort",
                                        "Sort Space Used": 52064,
                                        "Sort Space Type": "Memory",
                                        "Workers": [
                                            {
                                                "Worker Number": 0,
                                                "Actual Startup Time": 171347.072,
                                                "Actual Total Time": 171455.298,
                                                "Actual Rows": 509127,
                                                "Actual Loops": 1
                                            },
                                            {
                                                "Worker Number": 1,
                                                "Actual Startup Time": 168456.144,
                                                "Actual Total Time": 168532.898,
                                                "Actual Rows": 509127,
                                                "Actual Loops": 1
                                            },
                                            {
                                                "Worker Number": 2,
                                                "Actual Startup Time": 176817.295,
                                                "Actual Total Time": 176905.472,
                                                "Actual Rows": 509127,
                                                "Actual Loops": 1
                                            },
                                            {
                                                "Worker Number": 3,
                                                "Actual Startup Time": 171330.351,
                                                "Actual Total Time": 171421.001,
                                                "Actual Rows": 509127,
                                                "Actual Loops": 1
                                            }
                                        ],
                                        "Plans": [
                                            {
                                                "Node Type": "Hash Join",
                                                "Parent Relationship": "Outer",
                                                "Parallel Aware": false,
                                                "Join Type": "Inner",
                                                "Startup Cost": 10006465372.46,
                                                "Total Cost": 10006471711.92,
                                                "Plan Rows": 1295,
                                                "Plan Width": 28,
                                                "Actual Startup Time": 167148.437,
                                                "Actual Total Time": 169420.537,
                                                "Actual Rows": 509127,
                                                "Actual Loops": 5,
                                                "Output": [
                                                    "ci.movie_id",
                                                    "ci.person_id",
                                                    "mk.movie_id",
                                                    "k.keyword"
                                                ],
                                                "Inner Unique": false,
                                                "Hash Cond": "(k.id = mk.keyword_id)",
                                                "Workers": [
                                                    {
                                                        "Worker Number": 0,
                                                        "Actual Startup Time": 168037.205,
                                                        "Actual Total Time": 171152.817,
                                                        "Actual Rows": 509127,
                                                        "Actual Loops": 1
                                                    },
                                                    {
                                                        "Worker Number": 1,
                                                        "Actual Startup Time": 167264.952,
                                                        "Actual Total Time": 168305.698,
                                                        "Actual Rows": 509127,
                                                        "Actual Loops": 1
                                                    },
                                                    {
                                                        "Worker Number": 2,
                                                        "Actual Startup Time": 174485.966,
                                                        "Actual Total Time": 176628.708,
                                                        "Actual Rows": 509127,
                                                        "Actual Loops": 1
                                                    },
                                                    {
                                                        "Worker Number": 3,
                                                        "Actual Startup Time": 167355.803,
                                                        "Actual Total Time": 171130.354,
                                                        "Actual Rows": 509127,
                                                        "Actual Loops": 1
                                                    }
                                                ],
                                                "Plans": [
                                                    {
                                                        "Node Type": "Seq Scan",
                                                        "Parent Relationship": "Outer",
                                                        "Parallel Aware": false,
                                                        "Relation Name": "keyword",
                                                        "Schema": "public",
                                                        "Alias": "k",
                                                        "Startup Cost": 0.0,
                                                        "Total Cost": 2626.12,
                                                        "Plan Rows": 1,
                                                        "Plan Width": 20,
                                                        "Actual Startup Time": 0.666,
                                                        "Actual Total Time": 10.642,
                                                        "Actual Rows": 1,
                                                        "Actual Loops": 5,
                                                        "Output": [
                                                            "k.id",
                                                            "k.keyword",
                                                            "k.phonetic_code"
                                                        ],
                                                        "Filter": "(k.keyword = 'violence'::text)",
                                                        "Rows Removed by Filter": 134169,
                                                        "Workers": [
                                                            {
                                                                "Worker Number": 0,
                                                                "Actual Startup Time": 0.736,
                                                                "Actual Total Time": 10.167,
                                                                "Actual Rows": 1,
                                                                "Actual Loops": 1
                                                            },
                                                            {
                                                                "Worker Number": 1,
                                                                "Actual Startup Time": 0.69,
                                                                "Actual Total Time": 10.249,
                                                                "Actual Rows": 1,
                                                                "Actual Loops": 1
                                                            },
                                                            {
                                                                "Worker Number": 2,
                                                                "Actual Startup Time": 0.722,
                                                                "Actual Total Time": 9.773,
                                                                "Actual Rows": 1,
                                                                "Actual Loops": 1
                                                            },
                                                            {
                                                                "Worker Number": 3,
                                                                "Actual Startup Time": 0.735,
                                                                "Actual Total Time": 9.36,
                                                                "Actual Rows": 1,
                                                                "Actual Loops": 1
                                                            }
                                                        ]
                                                    },
                                                    {
                                                        "Node Type": "Hash",
                                                        "Parent Relationship": "Inner",
                                                        "Parallel Aware": false,
                                                        "Startup Cost": 10004292934.07,
                                                        "Total Cost": 10004292934.07,
                                                        "Plan Rows": 173795071,
                                                        "Plan Width": 16,
                                                        "Actual Startup Time": 166812.482,
                                                        "Actual Total Time": 166812.487,
                                                        "Actual Rows": 215765477,
                                                        "Actual Loops": 5,
                                                        "Output": [
                                                            "ci.movie_id",
                                                            "ci.person_id",
                                                            "mk.keyword_id",
                                                            "mk.movie_id"
                                                        ],
                                                        "Hash Buckets": 67108864,
                                                        "Original Hash Buckets": 67108864,
                                                        "Hash Batches": 4,
                                                        "Original Hash Batches": 4,
                                                        "Peak Memory Usage": 2974980,
                                                        "Workers": [
                                                            {
                                                                "Worker Number": 0,
                                                                "Actual Startup Time": 167635.214,
                                                                "Actual Total Time": 167635.219,
                                                                "Actual Rows": 215765477,
                                                                "Actual Loops": 1
                                                            },
                                                            {
                                                                "Worker Number": 1,
                                                                "Actual Startup Time": 166860.349,
                                                                "Actual Total Time": 166860.354,
                                                                "Actual Rows": 215765477,
                                                                "Actual Loops": 1
                                                            },
                                                            {
                                                                "Worker Number": 2,
                                                                "Actual Startup Time": 174079.228,
                                                                "Actual Total Time": 174079.232,
                                                                "Actual Rows": 215765477,
                                                                "Actual Loops": 1
                                                            },
                                                            {
                                                                "Worker Number": 3,
                                                                "Actual Startup Time": 166951.922,
                                                                "Actual Total Time": 166951.926,
                                                                "Actual Rows": 215765477,
                                                                "Actual Loops": 1
                                                            }
                                                        ],
                                                        "Plans": [
                                                            {
                                                                "Node Type": "Hash Join",
                                                                "Parent Relationship": "Outer",
                                                                "Parallel Aware": false,
                                                                "Join Type": "Inner",
                                                                "Startup Cost": 10002151609.84,
                                                                "Total Cost": 10004292934.07,
                                                                "Plan Rows": 173795071,
                                                                "Plan Width": 16,
                                                                "Actual Startup Time": 21250.704,
                                                                "Actual Total Time": 58462.639,
                                                                "Actual Rows": 215765477,
                                                                "Actual Loops": 5,
                                                                "Output": [
                                                                    "ci.movie_id",
                                                                    "ci.person_id",
                                                                    "mk.keyword_id",
                                                                    "mk.movie_id"
                                                                ],
                                                                "Inner Unique": false,
                                                                "Hash Cond": "(mk.movie_id = ci.movie_id)",
                                                                "Workers": [
                                                                    {
                                                                        "Worker Number": 0,
                                                                        "Actual Startup Time": 22574.584,
                                                                        "Actual Total Time": 60330.72,
                                                                        "Actual Rows": 215765477,
                                                                        "Actual Loops": 1
                                                                    },
                                                                    {
                                                                        "Worker Number": 1,
                                                                        "Actual Startup Time": 21616.034,
                                                                        "Actual Total Time": 59193.444,
                                                                        "Actual Rows": 215765477,
                                                                        "Actual Loops": 1
                                                                    },
                                                                    {
                                                                        "Worker Number": 2,
                                                                        "Actual Startup Time": 22313.834,
                                                                        "Actual Total Time": 60501.293,
                                                                        "Actual Rows": 215765477,
                                                                        "Actual Loops": 1
                                                                    },
                                                                    {
                                                                        "Worker Number": 3,
                                                                        "Actual Startup Time": 22017.649,
                                                                        "Actual Total Time": 59081.029,
                                                                        "Actual Rows": 215765477,
                                                                        "Actual Loops": 1
                                                                    }
                                                                ],
                                                                "Plans": [
                                                                    {
                                                                        "Node Type": "Index Scan",
                                                                        "Parent Relationship": "Outer",
                                                                        "Parallel Aware": false,
                                                                        "Scan Direction": "Forward",
                                                                        "Index Name": "movie_id_movie_keyword",
                                                                        "Relation Name": "movie_keyword",
                                                                        "Schema": "public",
                                                                        "Alias": "mk",
                                                                        "Startup Cost": 10000000000.43,
                                                                        "Total Cost": 10000177177.46,
                                                                        "Plan Rows": 4523930,
                                                                        "Plan Width": 8,
                                                                        "Actual Startup Time": 0.053,
                                                                        "Actual Total Time": 1791.619,
                                                                        "Actual Rows": 4523930,
                                                                        "Actual Loops": 5,
                                                                        "Output": [
                                                                            "mk.id",
                                                                            "mk.movie_id",
                                                                            "mk.keyword_id"
                                                                        ],
                                                                        "Workers": [
                                                                            {
                                                                                "Worker Number": 0,
                                                                                "Actual Startup Time": 0.053,
                                                                                "Actual Total Time": 1881.264,
                                                                                "Actual Rows": 4523930,
                                                                                "Actual Loops": 1
                                                                            },
                                                                            {
                                                                                "Worker Number": 1,
                                                                                "Actual Startup Time": 0.07,
                                                                                "Actual Total Time": 1859.544,
                                                                                "Actual Rows": 4523930,
                                                                                "Actual Loops": 1
                                                                            },
                                                                            {
                                                                                "Worker Number": 2,
                                                                                "Actual Startup Time": 0.049,
                                                                                "Actual Total Time": 1932.192,
                                                                                "Actual Rows": 4523930,
                                                                                "Actual Loops": 1
                                                                            },
                                                                            {
                                                                                "Worker Number": 3,
                                                                                "Actual Startup Time": 0.062,
                                                                                "Actual Total Time": 1844.266,
                                                                                "Actual Rows": 4523930,
                                                                                "Actual Loops": 1
                                                                            }
                                                                        ]
                                                                    },
                                                                    {
                                                                        "Node Type": "Hash",
                                                                        "Parent Relationship": "Inner",
                                                                        "Parallel Aware": false,
                                                                        "Startup Cost": 1698449.7,
                                                                        "Total Cost": 1698449.7,
                                                                        "Plan Rows": 36252776,
                                                                        "Plan Width": 8,
                                                                        "Actual Startup Time": 20923.168,
                                                                        "Actual Total Time": 20923.169,
                                                                        "Actual Rows": 36244344,
                                                                        "Actual Loops": 5,
                                                                        "Output": [
                                                                            "ci.movie_id",
                                                                            "ci.person_id"
                                                                        ],
                                                                        "Hash Buckets": 67108864,
                                                                        "Original Hash Buckets": 67108864,
                                                                        "Hash Batches": 1,
                                                                        "Original Hash Batches": 1,
                                                                        "Peak Memory Usage": 1940083,
                                                                        "Workers": [
                                                                            {
                                                                                "Worker Number": 0,
                                                                                "Actual Startup Time": 22181.18,
                                                                                "Actual Total Time": 22181.181,
                                                                                "Actual Rows": 36244344,
                                                                                "Actual Loops": 1
                                                                            },
                                                                            {
                                                                                "Worker Number": 1,
                                                                                "Actual Startup Time": 21228.384,
                                                                                "Actual Total Time": 21228.385,
                                                                                "Actual Rows": 36244344,
                                                                                "Actual Loops": 1
                                                                            },
                                                                            {
                                                                                "Worker Number": 2,
                                                                                "Actual Startup Time": 21918.874,
                                                                                "Actual Total Time": 21918.876,
                                                                                "Actual Rows": 36244344,
                                                                                "Actual Loops": 1
                                                                            },
                                                                            {
                                                                                "Worker Number": 3,
                                                                                "Actual Startup Time": 21624.336,
                                                                                "Actual Total Time": 21624.337,
                                                                                "Actual Rows": 36244344,
                                                                                "Actual Loops": 1
                                                                            }
                                                                        ],
                                                                        "Plans": [
                                                                            {
                                                                                "Node Type": "Index Scan",
                                                                                "Parent Relationship": "Outer",
                                                                                "Parallel Aware": false,
                                                                                "Scan Direction": "Forward",
                                                                                "Index Name": "person_id_cast_info",
                                                                                "Relation Name": "cast_info",
                                                                                "Schema": "public",
                                                                                "Alias": "ci",
                                                                                "Startup Cost": 0.56,
                                                                                "Total Cost": 1698449.7,
                                                                                "Plan Rows": 36252776,
                                                                                "Plan Width": 8,
                                                                                "Actual Startup Time": 0.086,
                                                                                "Actual Total Time": 7343.748,
                                                                                "Actual Rows": 36244344,
                                                                                "Actual Loops": 5,
                                                                                "Output": [
                                                                                    "ci.movie_id",
                                                                                    "ci.person_id"
                                                                                ],
                                                                                "Workers": [
                                                                                    {
                                                                                        "Worker Number": 0,
                                                                                        "Actual Startup Time": 0.102,
                                                                                        "Actual Total Time": 7622.793,
                                                                                        "Actual Rows": 36244344,
                                                                                        "Actual Loops": 1
                                                                                    },
                                                                                    {
                                                                                        "Worker Number": 1,
                                                                                        "Actual Startup Time": 0.127,
                                                                                        "Actual Total Time": 7373.76,
                                                                                        "Actual Rows": 36244344,
                                                                                        "Actual Loops": 1
                                                                                    },
                                                                                    {
                                                                                        "Worker Number": 2,
                                                                                        "Actual Startup Time": 0.074,
                                                                                        "Actual Total Time": 7608.815,
                                                                                        "Actual Rows": 36244344,
                                                                                        "Actual Loops": 1
                                                                                    },
                                                                                    {
                                                                                        "Worker Number": 3,
                                                                                        "Actual Startup Time": 0.09,
                                                                                        "Actual Total Time": 7704.681,
                                                                                        "Actual Rows": 36244344,
                                                                                        "Actual Loops": 1
                                                                                    }
                                                                                ]
                                                                            }
                                                                        ]
                                                                    }
                                                                ]
                                                            }
                                                        ]
                                                    }
                                                ]
                                            }
                                        ]
                                    }
                                ]
                            },
                            {
                                "Node Type": "Bitmap Heap Scan",
                                "Parent Relationship": "Inner",
                                "Parallel Aware": false,
                                "Relation Name": "title",
                                "Schema": "public",
                                "Alias": "t",
                                "Startup Cost": 0.44,
                                "Total Cost": 4.45,
                                "Plan Rows": 1,
                                "Plan Width": 21,
                                "Actual Startup Time": 0.018,
                                "Actual Total Time": 0.018,
                                "Actual Rows": 0,
                                "Actual Loops": 1552,
                                "Output": [
                                    "t.id",
                                    "t.title",
                                    "t.imdb_index",
                                    "t.kind_id",
                                    "t.production_year",
                                    "t.imdb_id",
                                    "t.phonetic_code",
                                    "t.episode_of_id",
                                    "t.season_nr",
                                    "t.episode_nr",
                                    "t.series_years",
                                    "t.md5sum"
                                ],
                                "Recheck Cond": "(t.id = ci.movie_id)",
                                "Rows Removed by Index Recheck": 0,
                                "Filter": "(t.production_year > 2003)",
                                "Rows Removed by Filter": 1,
                                "Exact Heap Blocks": 602,
                                "Lossy Heap Blocks": 0,
                                "Workers": [
                                    {
                                        "Worker Number": 0,
                                        "Actual Startup Time": 0.024,
                                        "Actual Total Time": 0.024,
                                        "Actual Rows": 0,
                                        "Actual Loops": 208
                                    },
                                    {
                                        "Worker Number": 1,
                                        "Actual Startup Time": 0.022,
                                        "Actual Total Time": 0.022,
                                        "Actual Rows": 0,
                                        "Actual Loops": 289
                                    },
                                    {
                                        "Worker Number": 2,
                                        "Actual Startup Time": 0.024,
                                        "Actual Total Time": 0.024,
                                        "Actual Rows": 0,
                                        "Actual Loops": 226
                                    },
                                    {
                                        "Worker Number": 3,
                                        "Actual Startup Time": 0.02,
                                        "Actual Total Time": 0.02,
                                        "Actual Rows": 0,
                                        "Actual Loops": 227
                                    }
                                ],
                                "Plans": [
                                    {
                                        "Node Type": "Bitmap Index Scan",
                                        "Parent Relationship": "Outer",
                                        "Parallel Aware": false,
                                        "Index Name": "title_pkey",
                                        "Startup Cost": 0.0,
                                        "Total Cost": 0.44,
                                        "Plan Rows": 1,
                                        "Plan Width": 0,
                                        "Actual Startup Time": 0.01,
                                        "Actual Total Time": 0.01,
                                        "Actual Rows": 1,
                                        "Actual Loops": 1552,
                                        "Index Cond": "(t.id = ci.movie_id)",
                                        "Workers": [
                                            {
                                                "Worker Number": 0,
                                                "Actual Startup Time": 0.013,
                                                "Actual Total Time": 0.013,
                                                "Actual Rows": 1,
                                                "Actual Loops": 208
                                            },
                                            {
                                                "Worker Number": 1,
                                                "Actual Startup Time": 0.011,
                                                "Actual Total Time": 0.011,
                                                "Actual Rows": 1,
                                                "Actual Loops": 289
                                            },
                                            {
                                                "Worker Number": 2,
                                                "Actual Startup Time": 0.013,
                                                "Actual Total Time": 0.013,
                                                "Actual Rows": 1,
                                                "Actual Loops": 226
                                            },
                                            {
                                                "Worker Number": 3,
                                                "Actual Startup Time": 0.011,
                                                "Actual Total Time": 0.011,
                                                "Actual Rows": 1,
                                                "Actual Loops": 227
                                            }
                                        ]
                                    }
                                ]
                            }
                        ]
                    }
                ]
            }
        ]
    },
    "Planning Time": 2.119,
    "Triggers": [],
    "Execution Time": 177915.835
}