[
  {
    "Plan": {
      "Node Type": "Aggregate",
      "Strategy": "Plain",
      "Partial Mode": "Finalize",
      "Parallel Aware": false,
      "Startup Cost": 433887.49,
      "Total Cost": 433887.5,
      "Plan Rows": 1,
      "Plan Width": 8,
      "Actual Startup Time": 1966.324,
      "Actual Total Time": 2033.325,
      "Actual Rows": 1,
      "Actual Loops": 1,
      "Plans": [
        {
          "Node Type": "Gather",
          "Parent Relationship": "Outer",
          "Parallel Aware": false,
          "Startup Cost": 433886.87,
          "Total Cost": 433887.48,
          "Plan Rows": 6,
          "Plan Width": 8,
          "Actual Startup Time": 1953.361,
          "Actual Total Time": 2033.315,
          "Actual Rows": 7,
          "Actual Loops": 1,
          "Workers Planned": 6,
          "Workers Launched": 6,
          "Single Copy": false,
          "Plans": [
            {
              "Node Type": "Aggregate",
              "Strategy": "Plain",
              "Partial Mode": "Partial",
              "Parent Relationship": "Outer",
              "Parallel Aware": false,
              "Startup Cost": 432886.87,
              "Total Cost": 432886.88,
              "Plan Rows": 1,
              "Plan Width": 8,
              "Actual Startup Time": 1937.061,
              "Actual Total Time": 1937.066,
              "Actual Rows": 1,
              "Actual Loops": 7,
              "Plans": [
                {
                  "Node Type": "Hash Join",
                  "Parent Relationship": "Outer",
                  "Parallel Aware": true,
                  "Join Type": "Inner",
                  "Startup Cost": 86000.35,
                  "Total Cost": 429364.94,
                  "Plan Rows": 1408772,
                  "Plan Width": 0,
                  "Actual Startup Time": 392.707,
                  "Actual Total Time": 1848.258,
                  "Actual Rows": 2241766,
                  "Actual Loops": 7,
                  "Inner Unique": false,
                  "Hash Cond": "(ci.movie_id = t.id)",
                  "Plans": [
                    {
                      "Node Type": "Seq Scan",
                      "Parent Relationship": "Outer",
                      "Parallel Aware": true,
                      "Relation Name": "cast_info",
                      "Alias": "ci",
                      "Startup Cost": 0.0,
                      "Total Cost": 328162.03,
                      "Plan Rows": 3114836,
                      "Plan Width": 4,
                      "Actual Startup Time": 0.026,
                      "Actual Total Time": 526.223,
                      "Actual Rows": 2675385,
                      "Actual Loops": 7,
                      "Filter": "(person_id < 1866348)",
                      "Rows Removed by Filter": 2502378
                    },
                    {
                      "Node Type": "Hash",
                      "Parent Relationship": "Inner",
                      "Parallel Aware": true,
                      "Startup Cost": 82426.94,
                      "Total Cost": 82426.94,
                      "Plan Rows": 285873,
                      "Plan Width": 8,
                      "Actual Startup Time": 387.969,
                      "Actual Total Time": 387.972,
                      "Actual Rows": 179627,
                      "Actual Loops": 7,
                      "Hash Buckets": 2097152,
                      "Original Hash Buckets": 2097152,
                      "Hash Batches": 1,
                      "Original Hash Batches": 1,
                      "Peak Memory Usage": 65664,
                      "Plans": [
                        {
                          "Node Type": "Hash Join",
                          "Parent Relationship": "Outer",
                          "Parallel Aware": true,
                          "Join Type": "Inner",
                          "Startup Cost": 36025.67,
                          "Total Cost": 82426.94,
                          "Plan Rows": 285873,
                          "Plan Width": 8,
                          "Actual Startup Time": 134.722,
                          "Actual Total Time": 316.225,
                          "Actual Rows": 179627,
                          "Actual Loops": 7,
                          "Inner Unique": false,
                          "Hash Cond": "(t.id = mc.movie_id)",
                          "Plans": [
                            {
                              "Node Type": "Seq Scan",
                              "Parent Relationship": "Outer",
                              "Parallel Aware": true,
                              "Relation Name": "title",
                              "Alias": "t",
                              "Startup Cost": 0.0,
                              "Total Cost": 42318.73,
                              "Plan Rows": 632073,
                              "Plan Width": 4,
                              "Actual Startup Time": 0.014,
                              "Actual Total Time": 49.907,
                              "Actual Rows": 361187,
                              "Actual Loops": 7
                            },
                            {
                              "Node Type": "Hash",
                              "Parent Relationship": "Inner",
                              "Parallel Aware": true,
                              "Startup Cost": 31414.82,
                              "Total Cost": 31414.82,
                              "Plan Rows": 368868,
                              "Plan Width": 4,
                              "Actual Startup Time": 132.557,
                              "Actual Total Time": 132.558,
                              "Actual Rows": 179627,
                              "Actual Loops": 7,
                              "Hash Buckets": 2097152,
                              "Original Hash Buckets": 2097152,
                              "Hash Batches": 1,
                              "Original Hash Batches": 1,
                              "Peak Memory Usage": 65696,
                              "Plans": [
                                {
                                  "Node Type": "Seq Scan",
                                  "Parent Relationship": "Outer",
                                  "Parallel Aware": true,
                                  "Relation Name": "movie_companies",
                                  "Alias": "mc",
                                  "Startup Cost": 0.0,
                                  "Total Cost": 31414.82,
                                  "Plan Rows": 368868,
                                  "Plan Width": 4,
                                  "Actual Startup Time": 39.037,
                                  "Actual Total Time": 65.155,
                                  "Actual Rows": 179627,
                                  "Actual Loops": 7,
                                  "Filter": "((company_id > 166) AND (company_type_id = 2))",
                                  "Rows Removed by Filter": 193105
                                }
                              ]
                            }
                          ]
                        }
                      ]
                    }
                  ]
                }
              ]
            }
          ]
        }
      ]
    },
    "Planning Time": 1.457,
    "Triggers": [],
    "Execution Time": 2033.432
  }
]