[
  {
    "Plan": {
      "Node Type": "Aggregate",
      "Strategy": "Plain",
      "Partial Mode": "Finalize",
      "Parallel Aware": false,
      "Startup Cost": 343520.73,
      "Total Cost": 343520.74,
      "Plan Rows": 1,
      "Plan Width": 8,
      "Actual Startup Time": 841.837,
      "Actual Total Time": 902.672,
      "Actual Rows": 1,
      "Actual Loops": 1,
      "Plans": [
        {
          "Node Type": "Gather",
          "Parent Relationship": "Outer",
          "Parallel Aware": false,
          "Startup Cost": 343520.11,
          "Total Cost": 343520.72,
          "Plan Rows": 6,
          "Plan Width": 8,
          "Actual Startup Time": 841.685,
          "Actual Total Time": 902.659,
          "Actual Rows": 7,
          "Actual Loops": 1,
          "Workers Planned": 6,
          "Workers Launched": 6,
          "Single Copy": false,
          "Plans": [
            {
              "Node Type": "Aggregate",
              "Strategy": "Plain",
              "Partial Mode": "Partial",
              "Parent Relationship": "Outer",
              "Parallel Aware": false,
              "Startup Cost": 342520.11,
              "Total Cost": 342520.12,
              "Plan Rows": 1,
              "Plan Width": 8,
              "Actual Startup Time": 832.06,
              "Actual Total Time": 832.061,
              "Actual Rows": 1,
              "Actual Loops": 7,
              "Plans": [
                {
                  "Node Type": "Seq Scan",
                  "Parent Relationship": "Outer",
                  "Parallel Aware": true,
                  "Relation Name": "cast_info",
                  "Alias": "ci",
                  "Startup Cost": 0.0,
                  "Total Cost": 328162.03,
                  "Plan Rows": 5743233,
                  "Plan Width": 0,
                  "Actual Startup Time": 0.049,
                  "Actual Total Time": 631.254,
                  "Actual Rows": 4932903,
                  "Actual Loops": 7,
                  "Filter": "(person_id < 3722271)",
                  "Rows Removed by Filter": 244860
                }
              ]
            }
          ]
        }
      ]
    },
    "Planning Time": 0.175,
    "Triggers": [],
    "Execution Time": 902.744
  }
]