[
  {
    "Plan": {
      "Node Type": "Aggregate",
      "Strategy": "Plain",
      "Partial Mode": "Finalize",
      "Parallel Aware": false,
      "Startup Cost": 289383.45,
      "Total Cost": 289383.46,
      "Plan Rows": 1,
      "Plan Width": 8,
      "Actual Startup Time": 1087.411,
      "Actual Total Time": 1141.306,
      "Actual Rows": 1,
      "Actual Loops": 1,
      "Plans": [
        {
          "Node Type": "Gather",
          "Parent Relationship": "Outer",
          "Parallel Aware": false,
          "Startup Cost": 289382.93,
          "Total Cost": 289383.44,
          "Plan Rows": 5,
          "Plan Width": 8,
          "Actual Startup Time": 1069.013,
          "Actual Total Time": 1141.296,
          "Actual Rows": 6,
          "Actual Loops": 1,
          "Workers Planned": 5,
          "Workers Launched": 5,
          "Single Copy": false,
          "Plans": [
            {
              "Node Type": "Aggregate",
              "Strategy": "Plain",
              "Partial Mode": "Partial",
              "Parent Relationship": "Outer",
              "Parallel Aware": false,
              "Startup Cost": 288382.93,
              "Total Cost": 288382.94,
              "Plan Rows": 1,
              "Plan Width": 8,
              "Actual Startup Time": 1052.273,
              "Actual Total Time": 1052.278,
              "Actual Rows": 1,
              "Actual Loops": 6,
              "Plans": [
                {
                  "Node Type": "Hash Join",
                  "Parent Relationship": "Outer",
                  "Parallel Aware": true,
                  "Join Type": "Inner",
                  "Startup Cost": 85865.16,
                  "Total Cost": 287718.51,
                  "Plan Rows": 265766,
                  "Plan Width": 0,
                  "Actual Startup Time": 593.956,
                  "Actual Total Time": 1026.402,
                  "Actual Rows": 512855,
                  "Actual Loops": 6,
                  "Inner Unique": false,
                  "Hash Cond": "(mi.movie_id = t.id)",
                  "Plans": [
                    {
                      "Node Type": "Seq Scan",
                      "Parent Relationship": "Outer",
                      "Parallel Aware": true,
                      "Relation Name": "movie_info",
                      "Alias": "mi",
                      "Startup Cost": 0.0,
                      "Total Cost": 198952.16,
                      "Plan Rows": 596472,
                      "Plan Width": 4,
                      "Actual Startup Time": 82.872,
                      "Actual Total Time": 337.36,
                      "Actual Rows": 506120,
                      "Actual Loops": 6,
                      "Filter": "(info_type_id = 16)",
                      "Rows Removed by Filter": 1966500
                    },
                    {
                      "Node Type": "Hash",
                      "Parent Relationship": "Inner",
                      "Parallel Aware": true,
                      "Startup Cost": 82344.8,
                      "Total Cost": 82344.8,
                      "Plan Rows": 281629,
                      "Plan Width": 8,
                      "Actual Startup Time": 505.45,
                      "Actual Total Time": 505.454,
                      "Actual Rows": 207196,
                      "Actual Loops": 6,
                      "Hash Buckets": 2097152,
                      "Original Hash Buckets": 2097152,
                      "Hash Batches": 1,
                      "Original Hash Batches": 1,
                      "Peak Memory Usage": 65088,
                      "Plans": [
                        {
                          "Node Type": "Hash Join",
                          "Parent Relationship": "Outer",
                          "Parallel Aware": true,
                          "Join Type": "Inner",
                          "Startup Cost": 35957.22,
                          "Total Cost": 82344.8,
                          "Plan Rows": 281629,
                          "Plan Width": 8,
                          "Actual Startup Time": 168.913,
                          "Actual Total Time": 412.039,
                          "Actual Rows": 207196,
                          "Actual Loops": 6,
                          "Inner Unique": false,
                          "Hash Cond": "(t.id = mc.movie_id)",
                          "Plans": [
                            {
                              "Node Type": "Seq Scan",
                              "Parent Relationship": "Outer",
                              "Parallel Aware": true,
                              "Relation Name": "title",
                              "Alias": "t",
                              "Startup Cost": 0.0,
                              "Total Cost": 42318.73,
                              "Plan Rows": 632073,
                              "Plan Width": 4,
                              "Actual Startup Time": 0.018,
                              "Actual Total Time": 68.715,
                              "Actual Rows": 421385,
                              "Actual Loops": 6
                            },
                            {
                              "Node Type": "Hash",
                              "Parent Relationship": "Inner",
                              "Parallel Aware": true,
                              "Startup Cost": 31414.82,
                              "Total Cost": 31414.82,
                              "Plan Rows": 363392,
                              "Plan Width": 4,
                              "Actual Startup Time": 166.0,
                              "Actual Total Time": 166.001,
                              "Actual Rows": 207196,
                              "Actual Loops": 6,
                              "Hash Buckets": 2097152,
                              "Original Hash Buckets": 2097152,
                              "Hash Batches": 1,
                              "Original Hash Batches": 1,
                              "Peak Memory Usage": 65088,
                              "Plans": [
                                {
                                  "Node Type": "Seq Scan",
                                  "Parent Relationship": "Outer",
                                  "Parallel Aware": true,
                                  "Relation Name": "movie_companies",
                                  "Alias": "mc",
                                  "Startup Cost": 0.0,
                                  "Total Cost": 31414.82,
                                  "Plan Rows": 363392,
                                  "Plan Width": 4,
                                  "Actual Startup Time": 45.814,
                                  "Actual Total Time": 81.938,
                                  "Actual Rows": 207196,
                                  "Actual Loops": 6,
                                  "Filter": "((company_id > 227) AND (company_type_id = 2))",
                                  "Rows Removed by Filter": 227659
                                }
                              ]
                            }
                          ]
                        }
                      ]
                    }
                  ]
                }
              ]
            }
          ]
        }
      ]
    },
    "Planning Time": 1.463,
    "Triggers": [],
    "Execution Time": 1141.439
  }
]