[
    {
        "Bao": {
            "Bao prediction": "NaN",
            "Bao recommended hint": "(no hint)"
        }
    },
    {
        "Plan": {
            "Node Type": "Aggregate",
            "Strategy": "Plain",
            "Partial Mode": "Finalize",
            "Parallel Aware": false,
            "Startup Cost": 99720.3,
            "Total Cost": 99720.31,
            "Plan Rows": 1,
            "Plan Width": 8,
            "Actual Startup Time": 645.137,
            "Actual Total Time": 656.213,
            "Actual Rows": 1,
            "Actual Loops": 1,
            "Output": [
                "count(*)"
            ],
            "Plans": [
                {
                    "Node Type": "Gather",
                    "Parent Relationship": "Outer",
                    "Parallel Aware": false,
                    "Startup Cost": 99720.09,
                    "Total Cost": 99720.3,
                    "Plan Rows": 2,
                    "Plan Width": 8,
                    "Actual Startup Time": 641.348,
                    "Actual Total Time": 656.205,
                    "Actual Rows": 3,
                    "Actual Loops": 1,
                    "Output": [
                        "(PARTIAL count(*))"
                    ],
                    "Workers Planned": 2,
                    "Workers Launched": 2,
                    "Single Copy": false,
                    "Plans": [
                        {
                            "Node Type": "Aggregate",
                            "Strategy": "Plain",
                            "Partial Mode": "Partial",
                            "Parent Relationship": "Outer",
                            "Parallel Aware": false,
                            "Startup Cost": 98720.09,
                            "Total Cost": 98720.1,
                            "Plan Rows": 1,
                            "Plan Width": 8,
                            "Actual Startup Time": 634.317,
                            "Actual Total Time": 634.435,
                            "Actual Rows": 1,
                            "Actual Loops": 3,
                            "Output": [
                                "PARTIAL count(*)"
                            ],
                            "Workers": [
                                {
                                    "Worker Number": 0,
                                    "Actual Startup Time": 630.823,
                                    "Actual Total Time": 630.829,
                                    "Actual Rows": 1,
                                    "Actual Loops": 1
                                },
                                {
                                    "Worker Number": 1,
                                    "Actual Startup Time": 631.132,
                                    "Actual Total Time": 631.146,
                                    "Actual Rows": 1,
                                    "Actual Loops": 1
                                }
                            ],
                            "Plans": [
                                {
                                    "Node Type": "Hash Join",
                                    "Parent Relationship": "Outer",
                                    "Parallel Aware": true,
                                    "Join Type": "Inner",
                                    "Startup Cost": 82130.86,
                                    "Total Cost": 98346.2,
                                    "Plan Rows": 149555,
                                    "Plan Width": 0,
                                    "Actual Startup Time": 495.01,
                                    "Actual Total Time": 624.476,
                                    "Actual Rows": 180877,
                                    "Actual Loops": 3,
                                    "Inner Unique": false,
                                    "Hash Cond": "(mi_idx.movie_id = t.id)",
                                    "Workers": [
                                        {
                                            "Worker Number": 0,
                                            "Actual Startup Time": 491.235,
                                            "Actual Total Time": 620.66,
                                            "Actual Rows": 152908,
                                            "Actual Loops": 1
                                        },
                                        {
                                            "Worker Number": 1,
                                            "Actual Startup Time": 492.034,
                                            "Actual Total Time": 620.82,
                                            "Actual Rows": 155673,
                                            "Actual Loops": 1
                                        }
                                    ],
                                    "Plans": [
                                        {
                                            "Node Type": "Seq Scan",
                                            "Parent Relationship": "Outer",
                                            "Parallel Aware": true,
                                            "Relation Name": "movie_info_idx",
                                            "Schema": "public",
                                            "Alias": "mi_idx",
                                            "Startup Cost": 0.0,
                                            "Total Cost": 13685.15,
                                            "Plan Rows": 575015,
                                            "Plan Width": 4,
                                            "Actual Startup Time": 0.028,
                                            "Actual Total Time": 44.677,
                                            "Actual Rows": 460012,
                                            "Actual Loops": 3,
                                            "Output": [
                                                "mi_idx.id",
                                                "mi_idx.movie_id",
                                                "mi_idx.info_type_id",
                                                "mi_idx.info",
                                                "mi_idx.note"
                                            ],
                                            "Workers": [
                                                {
                                                    "Worker Number": 0,
                                                    "Actual Startup Time": 0.038,
                                                    "Actual Total Time": 46.327,
                                                    "Actual Rows": 389773,
                                                    "Actual Loops": 1
                                                },
                                                {
                                                    "Worker Number": 1,
                                                    "Actual Startup Time": 0.032,
                                                    "Actual Total Time": 45.864,
                                                    "Actual Rows": 386639,
                                                    "Actual Loops": 1
                                                }
                                            ]
                                        },
                                        {
                                            "Node Type": "Hash",
                                            "Parent Relationship": "Inner",
                                            "Parallel Aware": true,
                                            "Startup Cost": 80075.9,
                                            "Total Cost": 80075.9,
                                            "Plan Rows": 164397,
                                            "Plan Width": 8,
                                            "Actual Startup Time": 490.846,
                                            "Actual Total Time": 490.962,
                                            "Actual Rows": 139860,
                                            "Actual Loops": 3,
                                            "Output": [
                                                "t.id",
                                                "mc.movie_id"
                                            ],
                                            "Hash Buckets": 1048576,
                                            "Original Hash Buckets": 1048576,
                                            "Hash Batches": 1,
                                            "Original Hash Batches": 1,
                                            "Peak Memory Usage": 24672,
                                            "Workers": [
                                                {
                                                    "Worker Number": 0,
                                                    "Actual Startup Time": 490.473,
                                                    "Actual Total Time": 490.477,
                                                    "Actual Rows": 121375,
                                                    "Actual Loops": 1
                                                },
                                                {
                                                    "Worker Number": 1,
                                                    "Actual Startup Time": 491.054,
                                                    "Actual Total Time": 491.066,
                                                    "Actual Rows": 119641,
                                                    "Actual Loops": 1
                                                }
                                            ],
                                            "Plans": [
                                                {
                                                    "Node Type": "Hash Join",
                                                    "Parent Relationship": "Outer",
                                                    "Parallel Aware": true,
                                                    "Join Type": "Inner",
                                                    "Startup Cost": 34066.38,
                                                    "Total Cost": 80075.9,
                                                    "Plan Rows": 164397,
                                                    "Plan Width": 8,
                                                    "Actual Startup Time": 147.704,
                                                    "Actual Total Time": 443.303,
                                                    "Actual Rows": 139860,
                                                    "Actual Loops": 3,
                                                    "Output": [
                                                        "t.id",
                                                        "mc.movie_id"
                                                    ],
                                                    "Inner Unique": false,
                                                    "Hash Cond": "(t.id = mc.movie_id)",
                                                    "Workers": [
                                                        {
                                                            "Worker Number": 0,
                                                            "Actual Startup Time": 147.403,
                                                            "Actual Total Time": 443.887,
                                                            "Actual Rows": 121375,
                                                            "Actual Loops": 1
                                                        },
                                                        {
                                                            "Worker Number": 1,
                                                            "Actual Startup Time": 147.77,
                                                            "Actual Total Time": 444.655,
                                                            "Actual Rows": 119641,
                                                            "Actual Loops": 1
                                                        }
                                                    ],
                                                    "Plans": [
                                                        {
                                                            "Node Type": "Seq Scan",
                                                            "Parent Relationship": "Outer",
                                                            "Parallel Aware": true,
                                                            "Relation Name": "title",
                                                            "Schema": "public",
                                                            "Alias": "t",
                                                            "Startup Cost": 0.0,
                                                            "Total Cost": 42318.81,
                                                            "Plan Rows": 632080,
                                                            "Plan Width": 4,
                                                            "Actual Startup Time": 0.015,
                                                            "Actual Total Time": 101.091,
                                                            "Actual Rows": 842771,
                                                            "Actual Loops": 3,
                                                            "Output": [
                                                                "t.id",
                                                                "t.title",
                                                                "t.imdb_index",
                                                                "t.kind_id",
                                                                "t.production_year",
                                                                "t.imdb_id",
                                                                "t.phonetic_code",
                                                                "t.episode_of_id",
                                                                "t.season_nr",
                                                                "t.episode_nr",
                                                                "t.series_years",
                                                                "t.md5sum"
                                                            ],
                                                            "Workers": [
                                                                {
                                                                    "Worker Number": 0,
                                                                    "Actual Startup Time": 0.018,
                                                                    "Actual Total Time": 107.64,
                                                                    "Actual Rows": 732855,
                                                                    "Actual Loops": 1
                                                                },
                                                                {
                                                                    "Worker Number": 1,
                                                                    "Actual Startup Time": 0.019,
                                                                    "Actual Total Time": 106.099,
                                                                    "Actual Rows": 719017,
                                                                    "Actual Loops": 1
                                                                }
                                                            ]
                                                        },
                                                        {
                                                            "Node Type": "Hash",
                                                            "Parent Relationship": "Inner",
                                                            "Parallel Aware": true,
                                                            "Startup Cost": 31414.82,
                                                            "Total Cost": 31414.82,
                                                            "Plan Rows": 212125,
                                                            "Plan Width": 4,
                                                            "Actual Startup Time": 144.955,
                                                            "Actual Total Time": 144.959,
                                                            "Actual Rows": 139860,
                                                            "Actual Loops": 3,
                                                            "Output": [
                                                                "mc.movie_id"
                                                            ],
                                                            "Hash Buckets": 1048576,
                                                            "Original Hash Buckets": 1048576,
                                                            "Hash Batches": 1,
                                                            "Original Hash Batches": 1,
                                                            "Peak Memory Usage": 24640,
                                                            "Workers": [
                                                                {
                                                                    "Worker Number": 0,
                                                                    "Actual Startup Time": 147.272,
                                                                    "Actual Total Time": 147.274,
                                                                    "Actual Rows": 115156,
                                                                    "Actual Loops": 1
                                                                },
                                                                {
                                                                    "Worker Number": 1,
                                                                    "Actual Startup Time": 147.606,
                                                                    "Actual Total Time": 147.615,
                                                                    "Actual Rows": 116570,
                                                                    "Actual Loops": 1
                                                                }
                                                            ],
                                                            "Plans": [
                                                                {
                                                                    "Node Type": "Seq Scan",
                                                                    "Parent Relationship": "Outer",
                                                                    "Parallel Aware": true,
                                                                    "Relation Name": "movie_companies",
                                                                    "Schema": "public",
                                                                    "Alias": "mc",
                                                                    "Startup Cost": 0.0,
                                                                    "Total Cost": 31414.82,
                                                                    "Plan Rows": 212125,
                                                                    "Plan Width": 4,
                                                                    "Actual Startup Time": 52.01,
                                                                    "Actual Total Time": 103.528,
                                                                    "Actual Rows": 139860,
                                                                    "Actual Loops": 3,
                                                                    "Output": [
                                                                        "mc.movie_id"
                                                                    ],
                                                                    "Filter": "((mc.company_id < 11241) AND (mc.company_type_id > 1))",
                                                                    "Rows Removed by Filter": 729850,
                                                                    "Workers": [
                                                                        {
                                                                            "Worker Number": 0,
                                                                            "Actual Startup Time": 51.959,
                                                                            "Actual Total Time": 104.613,
                                                                            "Actual Rows": 115156,
                                                                            "Actual Loops": 1
                                                                        },
                                                                        {
                                                                            "Worker Number": 1,
                                                                            "Actual Startup Time": 52.009,
                                                                            "Actual Total Time": 104.814,
                                                                            "Actual Rows": 116570,
                                                                            "Actual Loops": 1
                                                                        }
                                                                    ]
                                                                }
                                                            ]
                                                        }
                                                    ]
                                                }
                                            ]
                                        }
                                    ]
                                }
                            ]
                        }
                    ]
                }
            ]
        },
        "Planning Time": 191.515,
        "Triggers": [],
        "Execution Time": 656.292
    }
]