[
  {
    "Plan": {
      "Node Type": "Aggregate",
      "Strategy": "Plain",
      "Partial Mode": "Finalize",
      "Parallel Aware": false,
      "Startup Cost": 95483.25,
      "Total Cost": 95483.26,
      "Plan Rows": 1,
      "Plan Width": 8,
      "Actual Startup Time": 513.405,
      "Actual Total Time": 531.206,
      "Actual Rows": 1,
      "Actual Loops": 1,
      "Plans": [
        {
          "Node Type": "Gather",
          "Parent Relationship": "Outer",
          "Parallel Aware": false,
          "Startup Cost": 95482.93,
          "Total Cost": 95483.24,
          "Plan Rows": 3,
          "Plan Width": 8,
          "Actual Startup Time": 502.405,
          "Actual Total Time": 531.195,
          "Actual Rows": 4,
          "Actual Loops": 1,
          "Workers Planned": 3,
          "Workers Launched": 3,
          "Single Copy": false,
          "Plans": [
            {
              "Node Type": "Aggregate",
              "Strategy": "Plain",
              "Partial Mode": "Partial",
              "Parent Relationship": "Outer",
              "Parallel Aware": false,
              "Startup Cost": 94482.93,
              "Total Cost": 94482.94,
              "Plan Rows": 1,
              "Plan Width": 8,
              "Actual Startup Time": 492.016,
              "Actual Total Time": 492.019,
              "Actual Rows": 1,
              "Actual Loops": 4,
              "Plans": [
                {
                  "Node Type": "Hash Join",
                  "Parent Relationship": "Outer",
                  "Parallel Aware": true,
                  "Join Type": "Inner",
                  "Startup Cost": 49137.9,
                  "Total Cost": 93457.52,
                  "Plan Rows": 410167,
                  "Plan Width": 0,
                  "Actual Startup Time": 299.86,
                  "Actual Total Time": 486.571,
                  "Actual Rows": 117494,
                  "Actual Loops": 4,
                  "Inner Unique": true,
                  "Hash Cond": "(mk.movie_id = t.id)",
                  "Plans": [
                    {
                      "Node Type": "Seq Scan",
                      "Parent Relationship": "Outer",
                      "Parallel Aware": true,
                      "Relation Name": "movie_keyword",
                      "Alias": "mk",
                      "Startup Cost": 0.0,
                      "Total Cost": 42695.65,
                      "Plan Rows": 618654,
                      "Plan Width": 4,
                      "Actual Startup Time": 0.029,
                      "Actual Total Time": 105.688,
                      "Actual Rows": 480412,
                      "Actual Loops": 4,
                      "Filter": "(keyword_id < 3311)",
                      "Rows Removed by Filter": 650570
                    },
                    {
                      "Node Type": "Hash",
                      "Parent Relationship": "Inner",
                      "Parallel Aware": true,
                      "Startup Cost": 43899.32,
                      "Total Cost": 43899.32,
                      "Plan Rows": 419086,
                      "Plan Width": 4,
                      "Actual Startup Time": 292.927,
                      "Actual Total Time": 292.928,
                      "Actual Rows": 418524,
                      "Actual Loops": 4,
                      "Hash Buckets": 2097152,
                      "Original Hash Buckets": 2097152,
                      "Hash Batches": 1,
                      "Original Hash Batches": 1,
                      "Peak Memory Usage": 81952,
                      "Plans": [
                        {
                          "Node Type": "Seq Scan",
                          "Parent Relationship": "Outer",
                          "Parallel Aware": true,
                          "Relation Name": "title",
                          "Alias": "t",
                          "Startup Cost": 0.0,
                          "Total Cost": 43899.32,
                          "Plan Rows": 419086,
                          "Plan Width": 4,
                          "Actual Startup Time": 0.035,
                          "Actual Total Time": 118.626,
                          "Actual Rows": 418524,
                          "Actual Loops": 4,
                          "Filter": "(kind_id > 3)",
                          "Rows Removed by Filter": 213554
                        }
                      ]
                    }
                  ]
                }
              ]
            }
          ]
        }
      ]
    },
    "Planning Time": 0.41,
    "Triggers": [],
    "Execution Time": 531.258
  }
]