[
  {
    "Plan": {
      "Node Type": "Aggregate",
      "Strategy": "Plain",
      "Partial Mode": "Finalize",
      "Parallel Aware": false,
      "Startup Cost": 126023.05,
      "Total Cost": 126023.06,
      "Plan Rows": 1,
      "Plan Width": 8,
      "Actual Startup Time": 409.117,
      "Actual Total Time": 433.297,
      "Actual Rows": 1,
      "Actual Loops": 1,
      "Plans": [
        {
          "Node Type": "Gather",
          "Parent Relationship": "Outer",
          "Parallel Aware": false,
          "Startup Cost": 126022.73,
          "Total Cost": 126023.04,
          "Plan Rows": 3,
          "Plan Width": 8,
          "Actual Startup Time": 407.835,
          "Actual Total Time": 433.288,
          "Actual Rows": 4,
          "Actual Loops": 1,
          "Workers Planned": 3,
          "Workers Launched": 3,
          "Single Copy": false,
          "Plans": [
            {
              "Node Type": "Aggregate",
              "Strategy": "Plain",
              "Partial Mode": "Partial",
              "Parent Relationship": "Outer",
              "Parallel Aware": false,
              "Startup Cost": 125022.73,
              "Total Cost": 125022.74,
              "Plan Rows": 1,
              "Plan Width": 8,
              "Actual Startup Time": 398.671,
              "Actual Total Time": 398.676,
              "Actual Rows": 1,
              "Actual Loops": 4,
              "Plans": [
                {
                  "Node Type": "Hash Join",
                  "Parent Relationship": "Outer",
                  "Parallel Aware": true,
                  "Join Type": "Inner",
                  "Startup Cost": 79542.93,
                  "Total Cost": 124542.74,
                  "Plan Rows": 191997,
                  "Plan Width": 0,
                  "Actual Startup Time": 314.461,
                  "Actual Total Time": 395.52,
                  "Actual Rows": 77729,
                  "Actual Loops": 4,
                  "Inner Unique": false,
                  "Hash Cond": "(mk.movie_id = t.id)",
                  "Plans": [
                    {
                      "Node Type": "Seq Scan",
                      "Parent Relationship": "Outer",
                      "Parallel Aware": true,
                      "Relation Name": "movie_keyword",
                      "Alias": "mk",
                      "Startup Cost": 0.0,
                      "Total Cost": 39047.32,
                      "Plan Rows": 1459332,
                      "Plan Width": 4,
                      "Actual Startup Time": 0.032,
                      "Actual Total Time": 85.243,
                      "Actual Rows": 1130982,
                      "Actual Loops": 4
                    },
                    {
                      "Node Type": "Hash",
                      "Parent Relationship": "Inner",
                      "Parallel Aware": true,
                      "Startup Cost": 78503.44,
                      "Total Cost": 78503.44,
                      "Plan Rows": 83159,
                      "Plan Width": 8,
                      "Actual Startup Time": 224.019,
                      "Actual Total Time": 224.023,
                      "Actual Rows": 7742,
                      "Actual Loops": 4,
                      "Hash Buckets": 524288,
                      "Original Hash Buckets": 524288,
                      "Hash Batches": 1,
                      "Original Hash Batches": 1,
                      "Peak Memory Usage": 5376,
                      "Plans": [
                        {
                          "Node Type": "Hash Join",
                          "Parent Relationship": "Outer",
                          "Parallel Aware": true,
                          "Join Type": "Inner",
                          "Startup Cost": 32756.09,
                          "Total Cost": 78503.44,
                          "Plan Rows": 83159,
                          "Plan Width": 8,
                          "Actual Startup Time": 176.115,
                          "Actual Total Time": 220.599,
                          "Actual Rows": 7742,
                          "Actual Loops": 4,
                          "Inner Unique": false,
                          "Hash Cond": "(t.id = mc.movie_id)",
                          "Plans": [
                            {
                              "Node Type": "Seq Scan",
                              "Parent Relationship": "Outer",
                              "Parallel Aware": true,
                              "Relation Name": "title",
                              "Alias": "t",
                              "Startup Cost": 0.0,
                              "Total Cost": 42318.73,
                              "Plan Rows": 632073,
                              "Plan Width": 4,
                              "Actual Startup Time": 0.009,
                              "Actual Total Time": 70.841,
                              "Actual Rows": 632078,
                              "Actual Loops": 4
                            },
                            {
                              "Node Type": "Hash",
                              "Parent Relationship": "Inner",
                              "Parallel Aware": true,
                              "Startup Cost": 31414.82,
                              "Total Cost": 31414.82,
                              "Plan Rows": 107302,
                              "Plan Width": 4,
                              "Actual Startup Time": 83.383,
                              "Actual Total Time": 83.385,
                              "Actual Rows": 7742,
                              "Actual Loops": 4,
                              "Hash Buckets": 524288,
                              "Original Hash Buckets": 524288,
                              "Hash Batches": 1,
                              "Original Hash Batches": 1,
                              "Peak Memory Usage": 5376,
                              "Plans": [
                                {
                                  "Node Type": "Seq Scan",
                                  "Parent Relationship": "Outer",
                                  "Parallel Aware": true,
                                  "Relation Name": "movie_companies",
                                  "Alias": "mc",
                                  "Startup Cost": 0.0,
                                  "Total Cost": 31414.82,
                                  "Plan Rows": 107302,
                                  "Plan Width": 4,
                                  "Actual Startup Time": 34.656,
                                  "Actual Total Time": 75.628,
                                  "Actual Rows": 7742,
                                  "Actual Loops": 4,
                                  "Filter": "((company_id > 47205) AND (company_type_id = 1))",
                                  "Rows Removed by Filter": 644540
                                }
                              ]
                            }
                          ]
                        }
                      ]
                    }
                  ]
                }
              ]
            }
          ]
        }
      ]
    },
    "Planning Time": 1.414,
    "Triggers": [],
    "Execution Time": 433.379
  }
]