{
  "Plan": {
    "Node Type": "Aggregate",
    "Strategy": "Plain",
    "Partial Mode": "Simple",
    "Parallel Aware": false,
    "Startup Cost": 627422.56,
    "Total Cost": 627422.57,
    "Plan Rows": 1,
    "Plan Width": 8,
    "Actual Startup Time": 10244.003,
    "Actual Total Time": 10244.006,
    "Actual Rows": 1,
    "Actual Loops": 1,
    "Plans": [
      {
        "Node Type": "Hash Join",
        "Parent Relationship": "Outer",
        "Parallel Aware": false,
        "Join Type": "Inner",
        "Startup Cost": 626317.81,
        "Total Cost": 627415.29,
        "Plan Rows": 2906,
        "Plan Width": 0,
        "Actual Startup Time": 10242.753,
        "Actual Total Time": 10243.872,
        "Actual Rows": 3364,
        "Actual Loops": 1,
        "Inner Unique": false,
        "Hash Cond": "(ci.movie_id = t.id)",
        "Plans": [
          {
            "Node Type": "Index Scan",
            "Parent Relationship": "Outer",
            "Parallel Aware": false,
            "Scan Direction": "Forward",
            "Index Name": "person_id_cast_info",
            "Relation Name": "cast_info",
            "Alias": "ci",
            "Startup Cost": 0.56,
            "Total Cost": 1058.43,
            "Plan Rows": 497,
            "Plan Width": 4,
            "Actual Startup Time": 0.317,
            "Actual Total Time": 0.446,
            "Actual Rows": 443,
            "Actual Loops": 1,
            "Index Cond": "(person_id = 2076362)",
            "Rows Removed by Index Recheck": 0
          },
          {
            "Node Type": "Hash",
            "Parent Relationship": "Inner",
            "Parallel Aware": false,
            "Startup Cost": 441521.43,
            "Total Cost": 441521.43,
            "Plan Rows": 14783665,
            "Plan Width": 8,
            "Actual Startup Time": 10162.487,
            "Actual Total Time": 10162.489,
            "Actual Rows": 14835720,
            "Actual Loops": 1,
            "Hash Buckets": 16777216,
            "Original Hash Buckets": 16777216,
            "Hash Batches": 1,
            "Original Hash Batches": 1,
            "Peak Memory Usage": 710593,
            "Plans": [
              {
                "Node Type": "Hash Join",
                "Parent Relationship": "Outer",
                "Parallel Aware": false,
                "Join Type": "Inner",
                "Startup Cost": 92884.59,
                "Total Cost": 441521.43,
                "Plan Rows": 14783665,
                "Plan Width": 8,
                "Actual Startup Time": 771.618,
                "Actual Total Time": 6667.139,
                "Actual Rows": 14835720,
                "Actual Loops": 1,
                "Inner Unique": true,
                "Hash Cond": "(mi.movie_id = t.id)",
                "Plans": [
                  {
                    "Node Type": "Seq Scan",
                    "Parent Relationship": "Outer",
                    "Parallel Aware": false,
                    "Relation Name": "movie_info",
                    "Alias": "mi",
                    "Startup Cost": 0.0,
                    "Total Cost": 309829.65,
                    "Plan Rows": 14783665,
                    "Plan Width": 4,
                    "Actual Startup Time": 0.018,
                    "Actual Total Time": 1132.878,
                    "Actual Rows": 14835720,
                    "Actual Loops": 1
                  },
                  {
                    "Node Type": "Hash",
                    "Parent Relationship": "Inner",
                    "Parallel Aware": false,
                    "Startup Cost": 61280.93,
                    "Total Cost": 61280.93,
                    "Plan Rows": 2528293,
                    "Plan Width": 4,
                    "Actual Startup Time": 757.295,
                    "Actual Total Time": 757.296,
                    "Actual Rows": 2528312,
                    "Actual Loops": 1,
                    "Hash Buckets": 4194304,
                    "Original Hash Buckets": 4194304,
                    "Hash Batches": 1,
                    "Original Hash Batches": 1,
                    "Peak Memory Usage": 121654,
                    "Plans": [
                      {
                        "Node Type": "Seq Scan",
                        "Parent Relationship": "Outer",
                        "Parallel Aware": false,
                        "Relation Name": "title",
                        "Alias": "t",
                        "Startup Cost": 0.0,
                        "Total Cost": 61280.93,
                        "Plan Rows": 2528293,
                        "Plan Width": 4,
                        "Actual Startup Time": 0.014,
                        "Actual Total Time": 242.795,
                        "Actual Rows": 2528312,
                        "Actual Loops": 1
                      }
                    ]
                  }
                ]
              }
            ]
          }
        ]
      }
    ]
  },
  "Planning Time": 0.852,
  "Triggers": [],
  "Execution Time": 10281.931
}