[
  {
    "Plan": {
      "Node Type": "Aggregate",
      "Strategy": "Plain",
      "Partial Mode": "Finalize",
      "Parallel Aware": false,
      "Startup Cost": 334449.28,
      "Total Cost": 334449.29,
      "Plan Rows": 1,
      "Plan Width": 8,
      "Actual Startup Time": 671.13,
      "Actual Total Time": 727.484,
      "Actual Rows": 1,
      "Actual Loops": 1,
      "Plans": [
        {
          "Node Type": "Gather",
          "Parent Relationship": "Outer",
          "Parallel Aware": false,
          "Startup Cost": 334448.65,
          "Total Cost": 334449.26,
          "Plan Rows": 6,
          "Plan Width": 8,
          "Actual Startup Time": 671.008,
          "Actual Total Time": 727.472,
          "Actual Rows": 7,
          "Actual Loops": 1,
          "Workers Planned": 6,
          "Workers Launched": 6,
          "Single Copy": false,
          "Plans": [
            {
              "Node Type": "Aggregate",
              "Strategy": "Plain",
              "Partial Mode": "Partial",
              "Parent Relationship": "Outer",
              "Parallel Aware": false,
              "Startup Cost": 333448.65,
              "Total Cost": 333448.66,
              "Plan Rows": 1,
              "Plan Width": 8,
              "Actual Startup Time": 662.997,
              "Actual Total Time": 662.999,
              "Actual Rows": 1,
              "Actual Loops": 7,
              "Plans": [
                {
                  "Node Type": "Seq Scan",
                  "Parent Relationship": "Outer",
                  "Parallel Aware": true,
                  "Relation Name": "cast_info",
                  "Alias": "ci",
                  "Startup Cost": 0.0,
                  "Total Cost": 328162.03,
                  "Plan Rows": 2114650,
                  "Plan Width": 0,
                  "Actual Startup Time": 0.057,
                  "Actual Total Time": 578.77,
                  "Actual Rows": 1812639,
                  "Actual Loops": 7,
                  "Filter": "(person_id < 1251387)",
                  "Rows Removed by Filter": 3365124
                }
              ]
            }
          ]
        }
      ]
    },
    "Planning Time": 0.171,
    "Triggers": [],
    "Execution Time": 727.549
  }
]