[
  {
    "Plan": {
      "Node Type": "Aggregate",
      "Strategy": "Plain",
      "Partial Mode": "Finalize",
      "Parallel Aware": false,
      "Startup Cost": 32714.96,
      "Total Cost": 32714.97,
      "Plan Rows": 1,
      "Plan Width": 8,
      "Actual Startup Time": 81.95,
      "Actual Total Time": 87.904,
      "Actual Rows": 1,
      "Actual Loops": 1,
      "Plans": [
        {
          "Node Type": "Gather",
          "Parent Relationship": "Outer",
          "Parallel Aware": false,
          "Startup Cost": 32714.65,
          "Total Cost": 32714.96,
          "Plan Rows": 3,
          "Plan Width": 8,
          "Actual Startup Time": 81.847,
          "Actual Total Time": 87.896,
          "Actual Rows": 4,
          "Actual Loops": 1,
          "Workers Planned": 3,
          "Workers Launched": 3,
          "Single Copy": false,
          "Plans": [
            {
              "Node Type": "Aggregate",
              "Strategy": "Plain",
              "Partial Mode": "Partial",
              "Parent Relationship": "Outer",
              "Parallel Aware": false,
              "Startup Cost": 31714.65,
              "Total Cost": 31714.66,
              "Plan Rows": 1,
              "Plan Width": 8,
              "Actual Startup Time": 76.065,
              "Actual Total Time": 76.066,
              "Actual Rows": 1,
              "Actual Loops": 4,
              "Plans": [
                {
                  "Node Type": "Seq Scan",
                  "Parent Relationship": "Outer",
                  "Parallel Aware": true,
                  "Relation Name": "movie_companies",
                  "Alias": "mc",
                  "Startup Cost": 0.0,
                  "Total Cost": 31414.82,
                  "Plan Rows": 119931,
                  "Plan Width": 0,
                  "Actual Startup Time": 24.298,
                  "Actual Total Time": 75.147,
                  "Actual Rows": 14995,
                  "Actual Loops": 4,
                  "Filter": "((company_id > 34008) AND (company_type_id = 1))",
                  "Rows Removed by Filter": 637288
                }
              ]
            }
          ]
        }
      ]
    },
    "Planning Time": 0.139,
    "Triggers": [],
    "Execution Time": 87.945
  }
]