[
  {
    "Plan": {
      "Node Type": "Aggregate",
      "Strategy": "Plain",
      "Partial Mode": "Finalize",
      "Parallel Aware": false,
      "Startup Cost": 92882.86,
      "Total Cost": 92882.87,
      "Plan Rows": 1,
      "Plan Width": 8,
      "Actual Startup Time": 630.108,
      "Actual Total Time": 651.023,
      "Actual Rows": 1,
      "Actual Loops": 1,
      "Plans": [
        {
          "Node Type": "Gather",
          "Parent Relationship": "Outer",
          "Parallel Aware": false,
          "Startup Cost": 92882.65,
          "Total Cost": 92882.86,
          "Plan Rows": 2,
          "Plan Width": 8,
          "Actual Startup Time": 621.003,
          "Actual Total Time": 651.011,
          "Actual Rows": 3,
          "Actual Loops": 1,
          "Workers Planned": 2,
          "Workers Launched": 2,
          "Single Copy": false,
          "Plans": [
            {
              "Node Type": "Aggregate",
              "Strategy": "Plain",
              "Partial Mode": "Partial",
              "Parent Relationship": "Outer",
              "Parallel Aware": false,
              "Startup Cost": 91882.65,
              "Total Cost": 91882.66,
              "Plan Rows": 1,
              "Plan Width": 8,
              "Actual Startup Time": 611.086,
              "Actual Total Time": 611.093,
              "Actual Rows": 1,
              "Actual Loops": 3,
              "Plans": [
                {
                  "Node Type": "Hash Join",
                  "Parent Relationship": "Outer",
                  "Parallel Aware": true,
                  "Join Type": "Inner",
                  "Startup Cost": 75882.83,
                  "Total Cost": 91813.5,
                  "Plan Rows": 27658,
                  "Plan Width": 0,
                  "Actual Startup Time": 546.756,
                  "Actual Total Time": 606.491,
                  "Actual Rows": 114042,
                  "Actual Loops": 3,
                  "Inner Unique": false,
                  "Hash Cond": "(mi_idx.movie_id = t.id)",
                  "Plans": [
                    {
                      "Node Type": "Seq Scan",
                      "Parent Relationship": "Outer",
                      "Parallel Aware": true,
                      "Relation Name": "movie_info_idx",
                      "Alias": "mi_idx",
                      "Startup Cost": 0.0,
                      "Total Cost": 13685.15,
                      "Plan Rows": 575015,
                      "Plan Width": 4,
                      "Actual Startup Time": 0.022,
                      "Actual Total Time": 39.255,
                      "Actual Rows": 460012,
                      "Actual Loops": 3
                    },
                    {
                      "Node Type": "Hash",
                      "Parent Relationship": "Inner",
                      "Parallel Aware": true,
                      "Startup Cost": 75392.43,
                      "Total Cost": 75392.43,
                      "Plan Rows": 39232,
                      "Plan Width": 8,
                      "Actual Startup Time": 506.664,
                      "Actual Total Time": 506.669,
                      "Actual Rows": 78347,
                      "Actual Loops": 3,
                      "Hash Buckets": 262144,
                      "Original Hash Buckets": 131072,
                      "Hash Batches": 1,
                      "Original Hash Batches": 1,
                      "Peak Memory Usage": 12352,
                      "Plans": [
                        {
                          "Node Type": "Hash Join",
                          "Parent Relationship": "Outer",
                          "Parallel Aware": true,
                          "Join Type": "Inner",
                          "Startup Cost": 55347.98,
                          "Total Cost": 75392.43,
                          "Plan Rows": 39232,
                          "Plan Width": 8,
                          "Actual Startup Time": 425.52,
                          "Actual Total Time": 477.649,
                          "Actual Rows": 78347,
                          "Actual Loops": 3,
                          "Inner Unique": true,
                          "Hash Cond": "(mc.movie_id = t.id)",
                          "Plans": [
                            {
                              "Node Type": "Bitmap Heap Scan",
                              "Parent Relationship": "Outer",
                              "Parallel Aware": true,
                              "Relation Name": "movie_companies",
                              "Alias": "mc",
                              "Startup Cost": 5127.6,
                              "Total Cost": 25069.06,
                              "Plan Rows": 39232,
                              "Plan Width": 4,
                              "Actual Startup Time": 9.199,
                              "Actual Total Time": 27.919,
                              "Actual Rows": 78347,
                              "Actual Loops": 3,
                              "Recheck Cond": "(company_id > 104147)",
                              "Rows Removed by Index Recheck": 0,
                              "Filter": "(company_type_id = 2)",
                              "Rows Removed by Filter": 0,
                              "Exact Heap Blocks": 1685,
                              "Lossy Heap Blocks": 0,
                              "Plans": [
                                {
                                  "Node Type": "Bitmap Index Scan",
                                  "Parent Relationship": "Outer",
                                  "Parallel Aware": false,
                                  "Index Name": "company_id_movie_companies",
                                  "Startup Cost": 0.0,
                                  "Total Cost": 5097.2,
                                  "Plan Rows": 237969,
                                  "Plan Width": 0,
                                  "Actual Startup Time": 8.463,
                                  "Actual Total Time": 8.464,
                                  "Actual Rows": 235042,
                                  "Actual Loops": 1,
                                  "Index Cond": "(company_id > 104147)"
                                }
                              ]
                            },
                            {
                              "Node Type": "Hash",
                              "Parent Relationship": "Inner",
                              "Parallel Aware": true,
                              "Startup Cost": 42319.06,
                              "Total Cost": 42319.06,
                              "Plan Rows": 632106,
                              "Plan Width": 4,
                              "Actual Startup Time": 406.682,
                              "Actual Total Time": 406.683,
                              "Actual Rows": 842771,
                              "Actual Loops": 3,
                              "Hash Buckets": 4194304,
                              "Original Hash Buckets": 4194304,
                              "Hash Batches": 1,
                              "Original Hash Batches": 1,
                              "Peak Memory Usage": 131744,
                              "Plans": [
                                {
                                  "Node Type": "Seq Scan",
                                  "Parent Relationship": "Outer",
                                  "Parallel Aware": true,
                                  "Relation Name": "title",
                                  "Alias": "t",
                                  "Startup Cost": 0.0,
                                  "Total Cost": 42319.06,
                                  "Plan Rows": 632106,
                                  "Plan Width": 4,
                                  "Actual Startup Time": 0.043,
                                  "Actual Total Time": 115.584,
                                  "Actual Rows": 842771,
                                  "Actual Loops": 3
                                }
                              ]
                            }
                          ]
                        }
                      ]
                    }
                  ]
                }
              ]
            }
          ]
        }
      ]
    },
    "Planning Time": 0.773,
    "Triggers": [],
    "Execution Time": 651.078
  }
]