[
  {
    "Plan": {
      "Node Type": "Aggregate",
      "Strategy": "Plain",
      "Partial Mode": "Finalize",
      "Parallel Aware": false,
      "Startup Cost": 349542.68,
      "Total Cost": 349542.69,
      "Plan Rows": 1,
      "Plan Width": 8,
      "Actual Startup Time": 856.286,
      "Actual Total Time": 904.759,
      "Actual Rows": 1,
      "Actual Loops": 1,
      "Plans": [
        {
          "Node Type": "Gather",
          "Parent Relationship": "Outer",
          "Parallel Aware": false,
          "Startup Cost": 349542.06,
          "Total Cost": 349542.67,
          "Plan Rows": 6,
          "Plan Width": 8,
          "Actual Startup Time": 856.033,
          "Actual Total Time": 904.739,
          "Actual Rows": 7,
          "Actual Loops": 1,
          "Workers Planned": 6,
          "Workers Launched": 6,
          "Single Copy": false,
          "Plans": [
            {
              "Node Type": "Aggregate",
              "Strategy": "Plain",
              "Partial Mode": "Partial",
              "Parent Relationship": "Outer",
              "Parallel Aware": false,
              "Startup Cost": 348542.06,
              "Total Cost": 348542.07,
              "Plan Rows": 1,
              "Plan Width": 8,
              "Actual Startup Time": 845.588,
              "Actual Total Time": 845.59,
              "Actual Rows": 1,
              "Actual Loops": 7,
              "Plans": [
                {
                  "Node Type": "Seq Scan",
                  "Parent Relationship": "Outer",
                  "Parallel Aware": true,
                  "Relation Name": "cast_info",
                  "Alias": "ci",
                  "Startup Cost": 0.0,
                  "Total Cost": 343316.27,
                  "Plan Rows": 2090315,
                  "Plan Width": 0,
                  "Actual Startup Time": 0.07,
                  "Actual Total Time": 731.557,
                  "Actual Rows": 1985774,
                  "Actual Loops": 7,
                  "Filter": "((person_id < 1430444) AND (role_id < 10))",
                  "Rows Removed by Filter": 3191989
                }
              ]
            }
          ]
        }
      ]
    },
    "Planning Time": 0.236,
    "Triggers": [],
    "Execution Time": 904.831
  }
]