[
  {
    "Plan": {
      "Node Type": "Aggregate",
      "Strategy": "Plain",
      "Partial Mode": "Finalize",
      "Parallel Aware": false,
      "Startup Cost": 349524.33,
      "Total Cost": 349524.34,
      "Plan Rows": 1,
      "Plan Width": 8,
      "Actual Startup Time": 767.952,
      "Actual Total Time": 829.011,
      "Actual Rows": 1,
      "Actual Loops": 1,
      "Plans": [
        {
          "Node Type": "Gather",
          "Parent Relationship": "Outer",
          "Parallel Aware": false,
          "Startup Cost": 349523.7,
          "Total Cost": 349524.31,
          "Plan Rows": 6,
          "Plan Width": 8,
          "Actual Startup Time": 767.833,
          "Actual Total Time": 829.001,
          "Actual Rows": 7,
          "Actual Loops": 1,
          "Workers Planned": 6,
          "Workers Launched": 6,
          "Single Copy": false,
          "Plans": [
            {
              "Node Type": "Aggregate",
              "Strategy": "Plain",
              "Partial Mode": "Partial",
              "Parent Relationship": "Outer",
              "Parallel Aware": false,
              "Startup Cost": 348523.7,
              "Total Cost": 348523.71,
              "Plan Rows": 1,
              "Plan Width": 8,
              "Actual Startup Time": 757.586,
              "Actual Total Time": 757.587,
              "Actual Rows": 1,
              "Actual Loops": 7,
              "Plans": [
                {
                  "Node Type": "Seq Scan",
                  "Parent Relationship": "Outer",
                  "Parallel Aware": true,
                  "Relation Name": "cast_info",
                  "Alias": "ci",
                  "Startup Cost": 0.0,
                  "Total Cost": 343257.03,
                  "Plan Rows": 2106670,
                  "Plan Width": 0,
                  "Actual Startup Time": 0.052,
                  "Actual Total Time": 668.223,
                  "Actual Rows": 1985774,
                  "Actual Loops": 7,
                  "Filter": "((person_id < 1430444) AND (role_id < 10))",
                  "Rows Removed by Filter": 3191989
                }
              ]
            }
          ]
        }
      ]
    },
    "Planning Time": 0.204,
    "Triggers": [],
    "Execution Time": 829.079
  }
]