[
  {
    "Plan": {
      "Node Type": "Aggregate",
      "Strategy": "Plain",
      "Partial Mode": "Finalize",
      "Parallel Aware": false,
      "Startup Cost": 409256.9,
      "Total Cost": 409256.91,
      "Plan Rows": 1,
      "Plan Width": 8,
      "Actual Startup Time": 3986.934,
      "Actual Total Time": 4044.187,
      "Actual Rows": 1,
      "Actual Loops": 1,
      "Plans": [
        {
          "Node Type": "Gather",
          "Parent Relationship": "Outer",
          "Parallel Aware": false,
          "Startup Cost": 409256.27,
          "Total Cost": 409256.88,
          "Plan Rows": 6,
          "Plan Width": 8,
          "Actual Startup Time": 3971.254,
          "Actual Total Time": 4044.13,
          "Actual Rows": 7,
          "Actual Loops": 1,
          "Workers Planned": 6,
          "Workers Launched": 6,
          "Single Copy": false,
          "Plans": [
            {
              "Node Type": "Aggregate",
              "Strategy": "Plain",
              "Partial Mode": "Partial",
              "Parent Relationship": "Outer",
              "Parallel Aware": false,
              "Startup Cost": 408256.27,
              "Total Cost": 408256.28,
              "Plan Rows": 1,
              "Plan Width": 8,
              "Actual Startup Time": 3955.462,
              "Actual Total Time": 3955.465,
              "Actual Rows": 1,
              "Actual Loops": 7,
              "Plans": [
                {
                  "Node Type": "Hash Join",
                  "Parent Relationship": "Outer",
                  "Parallel Aware": true,
                  "Join Type": "Inner",
                  "Startup Cost": 50220.38,
                  "Total Cost": 393707.75,
                  "Plan Rows": 5819410,
                  "Plan Width": 0,
                  "Actual Startup Time": 332.79,
                  "Actual Total Time": 3686.913,
                  "Actual Rows": 4996986,
                  "Actual Loops": 7,
                  "Inner Unique": true,
                  "Hash Cond": "(ci.movie_id = t.id)",
                  "Plans": [
                    {
                      "Node Type": "Seq Scan",
                      "Parent Relationship": "Outer",
                      "Parallel Aware": true,
                      "Relation Name": "cast_info",
                      "Alias": "ci",
                      "Startup Cost": 0.0,
                      "Total Cost": 328211.39,
                      "Plan Rows": 5819410,
                      "Plan Width": 4,
                      "Actual Startup Time": 0.051,
                      "Actual Total Time": 790.989,
                      "Actual Rows": 4996986,
                      "Actual Loops": 7,
                      "Filter": "(person_id < 3816890)",
                      "Rows Removed by Filter": 180777
                    },
                    {
                      "Node Type": "Hash",
                      "Parent Relationship": "Inner",
                      "Parallel Aware": true,
                      "Startup Cost": 42319.06,
                      "Total Cost": 42319.06,
                      "Plan Rows": 632106,
                      "Plan Width": 4,
                      "Actual Startup Time": 326.541,
                      "Actual Total Time": 326.543,
                      "Actual Rows": 361187,
                      "Actual Loops": 7,
                      "Hash Buckets": 4194304,
                      "Original Hash Buckets": 4194304,
                      "Hash Batches": 1,
                      "Original Hash Batches": 1,
                      "Peak Memory Usage": 131776,
                      "Plans": [
                        {
                          "Node Type": "Seq Scan",
                          "Parent Relationship": "Outer",
                          "Parallel Aware": true,
                          "Relation Name": "title",
                          "Alias": "t",
                          "Startup Cost": 0.0,
                          "Total Cost": 42319.06,
                          "Plan Rows": 632106,
                          "Plan Width": 4,
                          "Actual Startup Time": 0.056,
                          "Actual Total Time": 97.976,
                          "Actual Rows": 361187,
                          "Actual Loops": 7
                        }
                      ]
                    }
                  ]
                }
              ]
            }
          ]
        }
      ]
    },
    "Planning Time": 0.229,
    "Triggers": [],
    "Execution Time": 4044.253
  }
]