[
  {
    "Plan": {
      "Node Type": "Aggregate",
      "Strategy": "Plain",
      "Partial Mode": "Simple",
      "Parallel Aware": false,
      "Startup Cost": 1147966.95,
      "Total Cost": 1147966.96,
      "Plan Rows": 1,
      "Plan Width": 64,
      "Actual Startup Time": 9377.546,
      "Actual Total Time": 9377.89,
      "Actual Rows": 1,
      "Actual Loops": 1,
      "Plans": [
        {
          "Node Type": "Merge Join",
          "Parent Relationship": "Outer",
          "Parallel Aware": false,
          "Join Type": "Inner",
          "Startup Cost": 1011399.59,
          "Total Cost": 1147966.91,
          "Plan Rows": 8,
          "Plan Width": 32,
          "Actual Startup Time": 7287.412,
          "Actual Total Time": 9377.431,
          "Actual Rows": 3575,
          "Actual Loops": 1,
          "Inner Unique": false,
          "Merge Cond": "(chn.id = ci.person_role_id)",
          "Plans": [
            {
              "Node Type": "Index Only Scan",
              "Parent Relationship": "Outer",
              "Parallel Aware": false,
              "Scan Direction": "Forward",
              "Index Name": "char_name_pkey",
              "Relation Name": "char_name",
              "Alias": "chn",
              "Startup Cost": 0.43,
              "Total Cost": 128716.85,
              "Plan Rows": 3140339,
              "Plan Width": 4,
              "Actual Startup Time": 0.031,
              "Actual Total Time": 1934.572,
              "Actual Rows": 3133145,
              "Actual Loops": 1,
              "Heap Fetches": 3133145
            },
            {
              "Node Type": "Sort",
              "Parent Relationship": "Inner",
              "Parallel Aware": false,
              "Startup Cost": 1011399.16,
              "Total Cost": 1011399.18,
              "Plan Rows": 8,
              "Plan Width": 36,
              "Actual Startup Time": 7287.195,
              "Actual Total Time": 7288.029,
              "Actual Rows": 3576,
              "Actual Loops": 1,
              "Sort Key": [
                "ci.person_role_id"
              ],
              "Sort Method": "quicksort",
              "Sort Space Used": 449,
              "Sort Space Type": "Memory",
              "Plans": [
                {
                  "Node Type": "Merge Join",
                  "Parent Relationship": "Outer",
                  "Parallel Aware": false,
                  "Join Type": "Inner",
                  "Startup Cost": 891422.6,
                  "Total Cost": 1011399.04,
                  "Plan Rows": 8,
                  "Plan Width": 36,
                  "Actual Startup Time": 5463.853,
                  "Actual Total Time": 7286.108,
                  "Actual Rows": 3744,
                  "Actual Loops": 1,
                  "Inner Unique": false,
                  "Merge Cond": "(t.id = mi.movie_id)",
                  "Plans": [
                    {
                      "Node Type": "Index Scan",
                      "Parent Relationship": "Outer",
                      "Parallel Aware": false,
                      "Scan Direction": "Forward",
                      "Index Name": "title_pkey",
                      "Relation Name": "title",
                      "Alias": "t",
                      "Startup Cost": 0.43,
                      "Total Cost": 116669.5,
                      "Plan Rows": 1362270,
                      "Plan Width": 21,
                      "Actual Startup Time": 0.047,
                      "Actual Total Time": 1808.004,
                      "Actual Rows": 1374459,
                      "Actual Loops": 1,
                      "Filter": "(production_year > 2000)",
                      "Rows Removed by Filter": 1134142
                    },
                    {
                      "Node Type": "Sort",
                      "Parent Relationship": "Inner",
                      "Parallel Aware": false,
                      "Startup Cost": 891420.93,
                      "Total Cost": 891420.97,
                      "Plan Rows": 14,
                      "Plan Width": 31,
                      "Actual Startup Time": 5402.856,
                      "Actual Total Time": 5403.962,
                      "Actual Rows": 4324,
                      "Actual Loops": 1,
                      "Sort Key": [
                        "ci.movie_id"
                      ],
                      "Sort Method": "quicksort",
                      "Sort Space Used": 530,
                      "Sort Space Type": "Memory",
                      "Plans": [
                        {
                          "Node Type": "Merge Join",
                          "Parent Relationship": "Outer",
                          "Parallel Aware": false,
                          "Join Type": "Inner",
                          "Startup Cost": 827345.12,
                          "Total Cost": 891420.67,
                          "Plan Rows": 14,
                          "Plan Width": 31,
                          "Actual Startup Time": 5219.643,
                          "Actual Total Time": 5401.864,
                          "Actual Rows": 4324,
                          "Actual Loops": 1,
                          "Inner Unique": true,
                          "Merge Cond": "(ci.person_id = n.id)",
                          "Plans": [
                            {
                              "Node Type": "Merge Join",
                              "Parent Relationship": "Outer",
                              "Parallel Aware": false,
                              "Join Type": "Inner",
                              "Startup Cost": 746571.72,
                              "Total Cost": 810410.08,
                              "Plan Rows": 1207,
                              "Plan Width": 24,
                              "Actual Startup Time": 4687.092,
                              "Actual Total Time": 5045.799,
                              "Actual Rows": 314348,
                              "Actual Loops": 1,
                              "Inner Unique": false,
                              "Merge Cond": "(an.person_id = ci.person_id)",
                              "Plans": [
                                {
                                  "Node Type": "Index Only Scan",
                                  "Parent Relationship": "Outer",
                                  "Parallel Aware": false,
                                  "Scan Direction": "Forward",
                                  "Index Name": "person_id_aka_name",
                                  "Relation Name": "aka_name",
                                  "Alias": "an",
                                  "Startup Cost": 0.42,
                                  "Total Cost": 72006.77,
                                  "Plan Rows": 901343,
                                  "Plan Width": 4,
                                  "Actual Startup Time": 0.032,
                                  "Actual Total Time": 293.983,
                                  "Actual Rows": 578755,
                                  "Actual Loops": 1,
                                  "Heap Fetches": 578755
                                },
                                {
                                  "Node Type": "Sort",
                                  "Parent Relationship": "Inner",
                                  "Parallel Aware": false,
                                  "Startup Cost": 746561.74,
                                  "Total Cost": 746563.0,
                                  "Plan Rows": 504,
                                  "Plan Width": 20,
                                  "Actual Startup Time": 4647.623,
                                  "Actual Total Time": 4678.529,
                                  "Actual Rows": 381854,
                                  "Actual Loops": 1,
                                  "Sort Key": [
                                    "ci.person_id"
                                  ],
                                  "Sort Method": "quicksort",
                                  "Sort Space Used": 17435,
                                  "Sort Space Type": "Memory",
                                  "Plans": [
                                    {
                                      "Node Type": "Merge Join",
                                      "Parent Relationship": "Outer",
                                      "Parallel Aware": false,
                                      "Join Type": "Inner",
                                      "Startup Cost": 733844.44,
                                      "Total Cost": 746539.12,
                                      "Plan Rows": 504,
                                      "Plan Width": 20,
                                      "Actual Startup Time": 4293.095,
                                      "Actual Total Time": 4609.269,
                                      "Actual Rows": 149331,
                                      "Actual Loops": 1,
                                      "Inner Unique": false,
                                      "Merge Cond": "(cn.id = mc.company_id)",
                                      "Plans": [
                                        {
                                          "Node Type": "Index Scan",
                                          "Parent Relationship": "Outer",
                                          "Parallel Aware": false,
                                          "Scan Direction": "Forward",
                                          "Index Name": "company_name_pkey",
                                          "Relation Name": "company_name",
                                          "Alias": "cn",
                                          "Startup Cost": 0.42,
                                          "Total Cost": 12474.79,
                                          "Plan Rows": 84928,
                                          "Plan Width": 4,
                                          "Actual Startup Time": 0.032,
                                          "Actual Total Time": 195.643,
                                          "Actual Rows": 84843,
                                          "Actual Loops": 1,
                                          "Filter": "((country_code)::text = '[us]'::text)",
                                          "Rows Removed by Filter": 150154
                                        },
                                        {
                                          "Node Type": "Sort",
                                          "Parent Relationship": "Inner",
                                          "Parallel Aware": false,
                                          "Startup Cost": 733844.02,
                                          "Total Cost": 733847.51,
                                          "Plan Rows": 1395,
                                          "Plan Width": 24,
                                          "Actual Startup Time": 4293.056,
                                          "Actual Total Time": 4355.45,
                                          "Actual Rows": 442258,
                                          "Actual Loops": 1,
                                          "Sort Key": [
                                            "mc.company_id"
                                          ],
                                          "Sort Method": "quicksort",
                                          "Sort Space Used": 46840,
                                          "Sort Space Type": "Memory",
                                          "Plans": [
                                            {
                                              "Node Type": "Merge Join",
                                              "Parent Relationship": "Outer",
                                              "Parallel Aware": false,
                                              "Join Type": "Inner",
                                              "Startup Cost": 585964.9,
                                              "Total Cost": 733771.16,
                                              "Plan Rows": 1395,
                                              "Plan Width": 24,
                                              "Actual Startup Time": 2556.362,
                                              "Actual Total Time": 4132.616,
                                              "Actual Rows": 442258,
                                              "Actual Loops": 1,
                                              "Inner Unique": false,
                                              "Merge Cond": "(mi.movie_id = mc.movie_id)",
                                              "Plans": [
                                                {
                                                  "Node Type": "Merge Join",
                                                  "Parent Relationship": "Outer",
                                                  "Parallel Aware": false,
                                                  "Join Type": "Inner",
                                                  "Startup Cost": 585964.47,
                                                  "Total Cost": 586352.91,
                                                  "Plan Rows": 260,
                                                  "Plan Width": 16,
                                                  "Actual Startup Time": 2555.951,
                                                  "Actual Total Time": 2752.483,
                                                  "Actual Rows": 147136,
                                                  "Actual Loops": 1,
                                                  "Inner Unique": false,
                                                  "Merge Cond": "(ci.movie_id = mi.movie_id)",
                                                  "Plans": [
                                                    {
                                                      "Node Type": "Sort",
                                                      "Parent Relationship": "Outer",
                                                      "Parallel Aware": false,
                                                      "Startup Cost": 371196.84,
                                                      "Total Cost": 371381.17,
                                                      "Plan Rows": 73732,
                                                      "Plan Width": 12,
                                                      "Actual Startup Time": 1373.325,
                                                      "Actual Total Time": 1433.828,
                                                      "Actual Rows": 276166,
                                                      "Actual Loops": 1,
                                                      "Sort Key": [
                                                        "ci.movie_id"
                                                      ],
                                                      "Sort Method": "quicksort",
                                                      "Sort Space Used": 25234,
                                                      "Sort Space Type": "Memory",
                                                      "Plans": [
                                                        {
                                                          "Node Type": "Gather",
                                                          "Parent Relationship": "Outer",
                                                          "Parallel Aware": false,
                                                          "Startup Cost": 357002.19,
                                                          "Total Cost": 365235.6,
                                                          "Plan Rows": 73732,
                                                          "Plan Width": 12,
                                                          "Actual Startup Time": 1209.347,
                                                          "Actual Total Time": 1271.604,
                                                          "Actual Rows": 276166,
                                                          "Actual Loops": 1,
                                                          "Workers Planned": 6,
                                                          "Workers Launched": 6,
                                                          "Single Copy": false,
                                                          "Plans": [
                                                            {
                                                              "Node Type": "Merge Join",
                                                              "Parent Relationship": "Outer",
                                                              "Parallel Aware": false,
                                                              "Join Type": "Inner",
                                                              "Startup Cost": 356002.19,
                                                              "Total Cost": 356862.4,
                                                              "Plan Rows": 12289,
                                                              "Plan Width": 12,
                                                              "Actual Startup Time": 1197.336,
                                                              "Actual Total Time": 1212.108,
                                                              "Actual Rows": 39452,
                                                              "Actual Loops": 7,
                                                              "Inner Unique": true,
                                                              "Merge Cond": "(ci.role_id = rt.id)",
                                                              "Plans": [
                                                                {
                                                                  "Node Type": "Sort",
                                                                  "Parent Relationship": "Outer",
                                                                  "Parallel Aware": false,
                                                                  "Startup Cost": 356001.03,
                                                                  "Total Cost": 356369.69,
                                                                  "Plan Rows": 147464,
                                                                  "Plan Width": 16,
                                                                  "Actual Startup Time": 1185.828,
                                                                  "Actual Total Time": 1193.866,
                                                                  "Actual Rows": 123876,
                                                                  "Actual Loops": 7,
                                                                  "Sort Key": [
                                                                    "ci.role_id"
                                                                  ],
                                                                  "Sort Method": "quicksort",
                                                                  "Sort Space Used": 8150,
                                                                  "Sort Space Type": "Memory",
                                                                  "Workers": [
                                                                    {
                                                                      "Worker Number": 0,
                                                                      "Sort Method": "quicksort",
                                                                      "Sort Space Used": 8092,
                                                                      "Sort Space Type": "Memory"
                                                                    },
                                                                    {
                                                                      "Worker Number": 1,
                                                                      "Sort Method": "quicksort",
                                                                      "Sort Space Used": 8140,
                                                                      "Sort Space Type": "Memory"
                                                                    },
                                                                    {
                                                                      "Worker Number": 2,
                                                                      "Sort Method": "quicksort",
                                                                      "Sort Space Used": 8047,
                                                                      "Sort Space Type": "Memory"
                                                                    },
                                                                    {
                                                                      "Worker Number": 3,
                                                                      "Sort Method": "quicksort",
                                                                      "Sort Space Used": 13087,
                                                                      "Sort Space Type": "Memory"
                                                                    },
                                                                    {
                                                                      "Worker Number": 4,
                                                                      "Sort Method": "quicksort",
                                                                      "Sort Space Used": 13032,
                                                                      "Sort Space Type": "Memory"
                                                                    },
                                                                    {
                                                                      "Worker Number": 5,
                                                                      "Sort Method": "quicksort",
                                                                      "Sort Space Used": 12841,
                                                                      "Sort Space Type": "Memory"
                                                                    }
                                                                  ],
                                                                  "Plans": [
                                                                    {
                                                                      "Node Type": "Seq Scan",
                                                                      "Parent Relationship": "Outer",
                                                                      "Parallel Aware": true,
                                                                      "Relation Name": "cast_info",
                                                                      "Alias": "ci",
                                                                      "Startup Cost": 0.0,
                                                                      "Total Cost": 343341.24,
                                                                      "Plan Rows": 147464,
                                                                      "Plan Width": 16,
                                                                      "Actual Startup Time": 0.251,
                                                                      "Actual Total Time": 1150.776,
                                                                      "Actual Rows": 123925,
                                                                      "Actual Loops": 7,
                                                                      "Filter": "(note = ANY ('{(voice),\"(voice: Japanese version)\",\"(voice) (uncredited)\",\"(voice: English version)\"}'::text[]))",
                                                                      "Rows Removed by Filter": 5053838
                                                                    }
                                                                  ]
                                                                },
                                                                {
                                                                  "Node Type": "Sort",
                                                                  "Parent Relationship": "Inner",
                                                                  "Parallel Aware": false,
                                                                  "Startup Cost": 1.16,
                                                                  "Total Cost": 1.16,
                                                                  "Plan Rows": 1,
                                                                  "Plan Width": 4,
                                                                  "Actual Startup Time": 0.12,
                                                                  "Actual Total Time": 0.123,
                                                                  "Actual Rows": 1,
                                                                  "Actual Loops": 7,
                                                                  "Sort Key": [
                                                                    "rt.id"
                                                                  ],
                                                                  "Sort Method": "quicksort",
                                                                  "Sort Space Used": 25,
                                                                  "Sort Space Type": "Memory",
                                                                  "Workers": [
                                                                    {
                                                                      "Worker Number": 0,
                                                                      "Sort Method": "quicksort",
                                                                      "Sort Space Used": 25,
                                                                      "Sort Space Type": "Memory"
                                                                    },
                                                                    {
                                                                      "Worker Number": 1,
                                                                      "Sort Method": "quicksort",
                                                                      "Sort Space Used": 25,
                                                                      "Sort Space Type": "Memory"
                                                                    },
                                                                    {
                                                                      "Worker Number": 2,
                                                                      "Sort Method": "quicksort",
                                                                      "Sort Space Used": 25,
                                                                      "Sort Space Type": "Memory"
                                                                    },
                                                                    {
                                                                      "Worker Number": 3,
                                                                      "Sort Method": "quicksort",
                                                                      "Sort Space Used": 25,
                                                                      "Sort Space Type": "Memory"
                                                                    },
                                                                    {
                                                                      "Worker Number": 4,
                                                                      "Sort Method": "quicksort",
                                                                      "Sort Space Used": 25,
                                                                      "Sort Space Type": "Memory"
                                                                    },
                                                                    {
                                                                      "Worker Number": 5,
                                                                      "Sort Method": "quicksort",
                                                                      "Sort Space Used": 25,
                                                                      "Sort Space Type": "Memory"
                                                                    }
                                                                  ],
                                                                  "Plans": [
                                                                    {
                                                                      "Node Type": "Seq Scan",
                                                                      "Parent Relationship": "Outer",
                                                                      "Parallel Aware": false,
                                                                      "Relation Name": "role_type",
                                                                      "Alias": "rt",
                                                                      "Startup Cost": 0.0,
                                                                      "Total Cost": 1.15,
                                                                      "Plan Rows": 1,
                                                                      "Plan Width": 4,
                                                                      "Actual Startup Time": 0.095,
                                                                      "Actual Total Time": 0.097,
                                                                      "Actual Rows": 1,
                                                                      "Actual Loops": 7,
                                                                      "Filter": "((role)::text = 'actress'::text)",
                                                                      "Rows Removed by Filter": 11
                                                                    }
                                                                  ]
                                                                }
                                                              ]
                                                            }
                                                          ]
                                                        }
                                                      ]
                                                    },
                                                    {
                                                      "Node Type": "Sort",
                                                      "Parent Relationship": "Inner",
                                                      "Parallel Aware": false,
                                                      "Startup Cost": 214767.63,
                                                      "Total Cost": 214776.22,
                                                      "Plan Rows": 3437,
                                                      "Plan Width": 4,
                                                      "Actual Startup Time": 1182.563,
                                                      "Actual Total Time": 1226.26,
                                                      "Actual Rows": 567017,
                                                      "Actual Loops": 1,
                                                      "Sort Key": [
                                                        "mi.movie_id"
                                                      ],
                                                      "Sort Method": "quicksort",
                                                      "Sort Space Used": 33431,
                                                      "Sort Space Type": "Memory",
                                                      "Plans": [
                                                        {
                                                          "Node Type": "Gather",
                                                          "Parent Relationship": "Outer",
                                                          "Parallel Aware": false,
                                                          "Startup Cost": 213826.85,
                                                          "Total Cost": 214565.76,
                                                          "Plan Rows": 3437,
                                                          "Plan Width": 4,
                                                          "Actual Startup Time": 858.007,
                                                          "Actual Total Time": 989.175,
                                                          "Actual Rows": 451039,
                                                          "Actual Loops": 1,
                                                          "Workers Planned": 5,
                                                          "Workers Launched": 5,
                                                          "Single Copy": false,
                                                          "Plans": [
                                                            {
                                                              "Node Type": "Merge Join",
                                                              "Parent Relationship": "Outer",
                                                              "Parallel Aware": false,
                                                              "Join Type": "Inner",
                                                              "Startup Cost": 212826.85,
                                                              "Total Cost": 213222.06,
                                                              "Plan Rows": 687,
                                                              "Plan Width": 4,
                                                              "Actual Startup Time": 850.36,
                                                              "Actual Total Time": 882.517,
                                                              "Actual Rows": 75173,
                                                              "Actual Loops": 6,
                                                              "Inner Unique": true,
                                                              "Merge Cond": "(mi.info_type_id = it.id)",
                                                              "Plans": [
                                                                {
                                                                  "Node Type": "Sort",
                                                                  "Parent Relationship": "Outer",
                                                                  "Parallel Aware": false,
                                                                  "Startup Cost": 212824.42,
                                                                  "Total Cost": 213018.59,
                                                                  "Plan Rows": 77667,
                                                                  "Plan Width": 8,
                                                                  "Actual Startup Time": 850.108,
                                                                  "Actual Total Time": 858.773,
                                                                  "Actual Rows": 75184,
                                                                  "Actual Loops": 6,
                                                                  "Sort Key": [
                                                                    "mi.info_type_id"
                                                                  ],
                                                                  "Sort Method": "quicksort",
                                                                  "Sort Space Used": 4528,
                                                                  "Sort Space Type": "Memory",
                                                                  "Workers": [
                                                                    {
                                                                      "Worker Number": 0,
                                                                      "Sort Method": "quicksort",
                                                                      "Sort Space Used": 4542,
                                                                      "Sort Space Type": "Memory"
                                                                    },
                                                                    {
                                                                      "Worker Number": 1,
                                                                      "Sort Method": "quicksort",
                                                                      "Sort Space Used": 7107,
                                                                      "Sort Space Type": "Memory"
                                                                    },
                                                                    {
                                                                      "Worker Number": 2,
                                                                      "Sort Method": "quicksort",
                                                                      "Sort Space Used": 7234,
                                                                      "Sort Space Type": "Memory"
                                                                    },
                                                                    {
                                                                      "Worker Number": 3,
                                                                      "Sort Method": "quicksort",
                                                                      "Sort Space Used": 6964,
                                                                      "Sort Space Type": "Memory"
                                                                    },
                                                                    {
                                                                      "Worker Number": 4,
                                                                      "Sort Method": "quicksort",
                                                                      "Sort Space Used": 4598,
                                                                      "Sort Space Type": "Memory"
                                                                    }
                                                                  ],
                                                                  "Plans": [
                                                                    {
                                                                      "Node Type": "Seq Scan",
                                                                      "Parent Relationship": "Outer",
                                                                      "Parallel Aware": true,
                                                                      "Relation Name": "movie_info",
                                                                      "Alias": "mi",
                                                                      "Startup Cost": 0.0,
                                                                      "Total Cost": 206515.92,
                                                                      "Plan Rows": 77667,
                                                                      "Plan Width": 8,
                                                                      "Actual Startup Time": 100.957,
                                                                      "Actual Total Time": 830.683,
                                                                      "Actual Rows": 75184,
                                                                      "Actual Loops": 6,
                                                                      "Filter": "((info IS NOT NULL) AND ((info ~~ 'Japan:%200%'::text) OR (info ~~ 'USA:%200%'::text)))",
                                                                      "Rows Removed by Filter": 2397436
                                                                    }
                                                                  ]
                                                                },
                                                                {
                                                                  "Node Type": "Sort",
                                                                  "Parent Relationship": "Inner",
                                                                  "Parallel Aware": false,
                                                                  "Startup Cost": 2.42,
                                                                  "Total Cost": 2.43,
                                                                  "Plan Rows": 1,
                                                                  "Plan Width": 4,
                                                                  "Actual Startup Time": 0.218,
                                                                  "Actual Total Time": 0.222,
                                                                  "Actual Rows": 1,
                                                                  "Actual Loops": 6,
                                                                  "Sort Key": [
                                                                    "it.id"
                                                                  ],
                                                                  "Sort Method": "quicksort",
                                                                  "Sort Space Used": 25,
                                                                  "Sort Space Type": "Memory",
                                                                  "Workers": [
                                                                    {
                                                                      "Worker Number": 0,
                                                                      "Sort Method": "quicksort",
                                                                      "Sort Space Used": 25,
                                                                      "Sort Space Type": "Memory"
                                                                    },
                                                                    {
                                                                      "Worker Number": 1,
                                                                      "Sort Method": "quicksort",
                                                                      "Sort Space Used": 25,
                                                                      "Sort Space Type": "Memory"
                                                                    },
                                                                    {
                                                                      "Worker Number": 2,
                                                                      "Sort Method": "quicksort",
                                                                      "Sort Space Used": 25,
                                                                      "Sort Space Type": "Memory"
                                                                    },
                                                                    {
                                                                      "Worker Number": 3,
                                                                      "Sort Method": "quicksort",
                                                                      "Sort Space Used": 25,
                                                                      "Sort Space Type": "Memory"
                                                                    },
                                                                    {
                                                                      "Worker Number": 4,
                                                                      "Sort Method": "quicksort",
                                                                      "Sort Space Used": 25,
                                                                      "Sort Space Type": "Memory"
                                                                    }
                                                                  ],
                                                                  "Plans": [
                                                                    {
                                                                      "Node Type": "Seq Scan",
                                                                      "Parent Relationship": "Outer",
                                                                      "Parallel Aware": false,
                                                                      "Relation Name": "info_type",
                                                                      "Alias": "it",
                                                                      "Startup Cost": 0.0,
                                                                      "Total Cost": 2.41,
                                                                      "Plan Rows": 1,
                                                                      "Plan Width": 4,
                                                                      "Actual Startup Time": 0.158,
                                                                      "Actual Total Time": 0.168,
                                                                      "Actual Rows": 1,
                                                                      "Actual Loops": 6,
                                                                      "Filter": "((info)::text = 'release dates'::text)",
                                                                      "Rows Removed by Filter": 112
                                                                    }
                                                                  ]
                                                                }
                                                              ]
                                                            }
                                                          ]
                                                        }
                                                      ]
                                                    }
                                                  ]
                                                },
                                                {
                                                  "Node Type": "Index Scan",
                                                  "Parent Relationship": "Inner",
                                                  "Parallel Aware": false,
                                                  "Scan Direction": "Forward",
                                                  "Index Name": "movie_id_movie_companies",
                                                  "Relation Name": "movie_companies",
                                                  "Alias": "mc",
                                                  "Startup Cost": 0.43,
                                                  "Total Cost": 140880.84,
                                                  "Plan Rows": 2609129,
                                                  "Plan Width": 8,
                                                  "Actual Startup Time": 0.072,
                                                  "Actual Total Time": 1099.416,
                                                  "Actual Rows": 3007285,
                                                  "Actual Loops": 1
                                                }
                                              ]
                                            }
                                          ]
                                        }
                                      ]
                                    }
                                  ]
                                }
                              ]
                            },
                            {
                              "Node Type": "Sort",
                              "Parent Relationship": "Inner",
                              "Parallel Aware": false,
                              "Startup Cost": 80773.37,
                              "Total Cost": 80893.38,
                              "Plan Rows": 48002,
                              "Plan Width": 19,
                              "Actual Startup Time": 333.838,
                              "Actual Total Time": 338.734,
                              "Actual Rows": 49997,
                              "Actual Loops": 1,
                              "Sort Key": [
                                "n.id"
                              ],
                              "Sort Method": "quicksort",
                              "Sort Space Used": 5246,
                              "Sort Space Type": "Memory",
                              "Plans": [
                                {
                                  "Node Type": "Gather",
                                  "Parent Relationship": "Outer",
                                  "Parallel Aware": false,
                                  "Startup Cost": 1000.0,
                                  "Total Cost": 77041.02,
                                  "Plan Rows": 48002,
                                  "Plan Width": 19,
                                  "Actual Startup Time": 147.189,
                                  "Actual Total Time": 319.486,
                                  "Actual Rows": 50011,
                                  "Actual Loops": 1,
                                  "Workers Planned": 4,
                                  "Workers Launched": 4,
                                  "Single Copy": false,
                                  "Plans": [
                                    {
                                      "Node Type": "Seq Scan",
                                      "Parent Relationship": "Outer",
                                      "Parallel Aware": true,
                                      "Relation Name": "name",
                                      "Alias": "n",
                                      "Startup Cost": 0.0,
                                      "Total Cost": 71240.82,
                                      "Plan Rows": 12000,
                                      "Plan Width": 19,
                                      "Actual Startup Time": 137.11,
                                      "Actual Total Time": 310.772,
                                      "Actual Rows": 10002,
                                      "Actual Loops": 5,
                                      "Filter": "((name ~~ '%An%'::text) AND ((gender)::text = 'f'::text))",
                                      "Rows Removed by Filter": 823496
                                    }
                                  ]
                                }
                              ]
                            }
                          ]
                        }
                      ]
                    }
                  ]
                }
              ]
            }
          ]
        }
      ]
    },
    "Planning Time": 39.942,
    "Triggers": [],
    "Execution Time": 9387.925
  }
]