[
  {
    "Plan": {
      "Node Type": "Aggregate",
      "Strategy": "Plain",
      "Partial Mode": "Finalize",
      "Parallel Aware": false,
      "Startup Cost": 85265.68,
      "Total Cost": 85265.69,
      "Plan Rows": 1,
      "Plan Width": 8,
      "Actual Startup Time": 589.732,
      "Actual Total Time": 607.005,
      "Actual Rows": 1,
      "Actual Loops": 1,
      "Plans": [
        {
          "Node Type": "Gather",
          "Parent Relationship": "Outer",
          "Parallel Aware": false,
          "Startup Cost": 85265.36,
          "Total Cost": 85265.67,
          "Plan Rows": 3,
          "Plan Width": 8,
          "Actual Startup Time": 571.624,
          "Actual Total Time": 606.993,
          "Actual Rows": 4,
          "Actual Loops": 1,
          "Workers Planned": 3,
          "Workers Launched": 3,
          "Single Copy": false,
          "Plans": [
            {
              "Node Type": "Aggregate",
              "Strategy": "Plain",
              "Partial Mode": "Partial",
              "Parent Relationship": "Outer",
              "Parallel Aware": false,
              "Startup Cost": 84265.36,
              "Total Cost": 84265.37,
              "Plan Rows": 1,
              "Plan Width": 8,
              "Actual Startup Time": 557.983,
              "Actual Total Time": 557.987,
              "Actual Rows": 1,
              "Actual Loops": 4,
              "Plans": [
                {
                  "Node Type": "Hash Join",
                  "Parent Relationship": "Outer",
                  "Parallel Aware": true,
                  "Join Type": "Inner",
                  "Startup Cost": 50855.2,
                  "Total Cost": 83355.37,
                  "Plan Rows": 363995,
                  "Plan Width": 0,
                  "Actual Startup Time": 391.646,
                  "Actual Total Time": 545.295,
                  "Actual Rows": 251435,
                  "Actual Loops": 4,
                  "Inner Unique": true,
                  "Hash Cond": "(mc.movie_id = t.id)",
                  "Plans": [
                    {
                      "Node Type": "Seq Scan",
                      "Parent Relationship": "Outer",
                      "Parallel Aware": true,
                      "Relation Name": "movie_companies",
                      "Alias": "mc",
                      "Startup Cost": 0.0,
                      "Total Cost": 31414.82,
                      "Plan Rows": 413470,
                      "Plan Width": 4,
                      "Actual Startup Time": 34.43,
                      "Actual Total Time": 79.391,
                      "Actual Rows": 308592,
                      "Actual Loops": 4,
                      "Filter": "((company_id < 157204) AND (company_type_id > 1))",
                      "Rows Removed by Filter": 343691
                    },
                    {
                      "Node Type": "Hash",
                      "Parent Relationship": "Inner",
                      "Parallel Aware": true,
                      "Startup Cost": 43899.32,
                      "Total Cost": 43899.32,
                      "Plan Rows": 556470,
                      "Plan Width": 4,
                      "Actual Startup Time": 347.288,
                      "Actual Total Time": 347.289,
                      "Actual Rows": 553704,
                      "Actual Loops": 4,
                      "Hash Buckets": 4194304,
                      "Original Hash Buckets": 4194304,
                      "Hash Batches": 1,
                      "Original Hash Batches": 1,
                      "Peak Memory Usage": 119488,
                      "Plans": [
                        {
                          "Node Type": "Seq Scan",
                          "Parent Relationship": "Outer",
                          "Parallel Aware": true,
                          "Relation Name": "title",
                          "Alias": "t",
                          "Startup Cost": 0.0,
                          "Total Cost": 43899.32,
                          "Plan Rows": 556470,
                          "Plan Width": 4,
                          "Actual Startup Time": 0.036,
                          "Actual Total Time": 127.329,
                          "Actual Rows": 553704,
                          "Actual Loops": 4,
                          "Filter": "(production_year > 1959)",
                          "Rows Removed by Filter": 78374
                        }
                      ]
                    }
                  ]
                }
              ]
            }
          ]
        }
      ]
    },
    "Planning Time": 0.45,
    "Triggers": [],
    "Execution Time": 607.058
  }
]