{
  "Plan": {
    "Node Type": "Aggregate",
    "Strategy": "Plain",
    "Partial Mode": "Finalize",
    "Parallel Aware": false,
    "Startup Cost": 128481.22,
    "Total Cost": 128481.23,
    "Plan Rows": 1,
    "Plan Width": 8,
    "Actual Startup Time": 509.405,
    "Actual Total Time": 532.506,
    "Actual Rows": 1,
    "Actual Loops": 1,
    "Plans": [
      {
        "Node Type": "Gather",
        "Parent Relationship": "Outer",
        "Parallel Aware": false,
        "Startup Cost": 128481.1,
        "Total Cost": 128481.21,
        "Plan Rows": 1,
        "Plan Width": 8,
        "Actual Startup Time": 508.526,
        "Actual Total Time": 532.497,
        "Actual Rows": 2,
        "Actual Loops": 1,
        "Workers Planned": 1,
        "Workers Launched": 1,
        "Single Copy": false,
        "Plans": [
          {
            "Node Type": "Aggregate",
            "Strategy": "Plain",
            "Partial Mode": "Partial",
            "Parent Relationship": "Outer",
            "Parallel Aware": false,
            "Startup Cost": 127481.1,
            "Total Cost": 127481.11,
            "Plan Rows": 1,
            "Plan Width": 8,
            "Actual Startup Time": 502.161,
            "Actual Total Time": 502.166,
            "Actual Rows": 1,
            "Actual Loops": 2,
            "Plans": [
              {
                "Node Type": "Hash Join",
                "Parent Relationship": "Outer",
                "Parallel Aware": true,
                "Join Type": "Inner",
                "Startup Cost": 108209.9,
                "Total Cost": 127429.16,
                "Plan Rows": 20777,
                "Plan Width": 0,
                "Actual Startup Time": 386.416,
                "Actual Total Time": 497.217,
                "Actual Rows": 124161,
                "Actual Loops": 2,
                "Inner Unique": false,
                "Hash Cond": "(mi_idx.movie_id = t.id)",
                "Plans": [
                  {
                    "Node Type": "Seq Scan",
                    "Parent Relationship": "Outer",
                    "Parallel Aware": true,
                    "Relation Name": "movie_info_idx",
                    "Alias": "mi_idx",
                    "Startup Cost": 0.0,
                    "Total Cost": 16052.85,
                    "Plan Rows": 811785,
                    "Plan Width": 4,
                    "Actual Startup Time": 0.018,
                    "Actual Total Time": 46.315,
                    "Actual Rows": 690018,
                    "Actual Loops": 2
                  },
                  {
                    "Node Type": "Hash",
                    "Parent Relationship": "Inner",
                    "Parallel Aware": true,
                    "Startup Cost": 107734.08,
                    "Total Cost": 107734.08,
                    "Plan Rows": 38065,
                    "Plan Width": 8,
                    "Actual Startup Time": 384.316,
                    "Actual Total Time": 384.32,
                    "Actual Rows": 60444,
                    "Actual Loops": 2,
                    "Hash Buckets": 131072,
                    "Original Hash Buckets": 65536,
                    "Hash Batches": 1,
                    "Original Hash Batches": 1,
                    "Peak Memory Usage": 6304,
                    "Plans": [
                      {
                        "Node Type": "Hash Join",
                        "Parent Relationship": "Outer",
                        "Parallel Aware": true,
                        "Join Type": "Inner",
                        "Startup Cost": 75192.85,
                        "Total Cost": 107734.08,
                        "Plan Rows": 38065,
                        "Plan Width": 8,
                        "Actual Startup Time": 216.836,
                        "Actual Total Time": 371.658,
                        "Actual Rows": 60444,
                        "Actual Loops": 2,
                        "Inner Unique": true,
                        "Hash Cond": "(mk.movie_id = t.id)",
                        "Plans": [
                          {
                            "Node Type": "Bitmap Heap Scan",
                            "Parent Relationship": "Outer",
                            "Parallel Aware": true,
                            "Relation Name": "movie_keyword",
                            "Alias": "mk",
                            "Startup Cost": 19281.01,
                            "Total Cost": 50418.67,
                            "Plan Rows": 534693,
                            "Plan Width": 4,
                            "Actual Startup Time": 53.326,
                            "Actual Total Time": 146.803,
                            "Actual Rows": 458859,
                            "Actual Loops": 2,
                            "Recheck Cond": "(keyword_id < 869)",
                            "Rows Removed by Index Recheck": 0,
                            "Exact Heap Blocks": 12233,
                            "Lossy Heap Blocks": 0,
                            "Plans": [
                              {
                                "Node Type": "Bitmap Index Scan",
                                "Parent Relationship": "Outer",
                                "Parallel Aware": false,
                                "Index Name": "keyword_id_movie_keyword",
                                "Startup Cost": 0.0,
                                "Total Cost": 19053.77,
                                "Plan Rows": 908978,
                                "Plan Width": 0,
                                "Actual Startup Time": 49.648,
                                "Actual Total Time": 49.649,
                                "Actual Rows": 917718,
                                "Actual Loops": 1,
                                "Index Cond": "(keyword_id < 869)"
                              }
                            ]
                          },
                          {
                            "Node Type": "Hash",
                            "Parent Relationship": "Inner",
                            "Parallel Aware": true,
                            "Startup Cost": 54588.39,
                            "Total Cost": 54588.39,
                            "Plan Rows": 105876,
                            "Plan Width": 4,
                            "Actual Startup Time": 159.982,
                            "Actual Total Time": 159.983,
                            "Actual Rows": 93895,
                            "Actual Loops": 2,
                            "Hash Buckets": 262144,
                            "Original Hash Buckets": 262144,
                            "Hash Batches": 1,
                            "Original Hash Batches": 1,
                            "Peak Memory Usage": 9440,
                            "Plans": [
                              {
                                "Node Type": "Seq Scan",
                                "Parent Relationship": "Outer",
                                "Parallel Aware": true,
                                "Relation Name": "title",
                                "Alias": "t",
                                "Startup Cost": 0.0,
                                "Total Cost": 54588.39,
                                "Plan Rows": 105876,
                                "Plan Width": 4,
                                "Actual Startup Time": 0.06,
                                "Actual Total Time": 139.717,
                                "Actual Rows": 93895,
                                "Actual Loops": 2,
                                "Filter": "(production_year < 1954)",
                                "Rows Removed by Filter": 1170261
                              }
                            ]
                          }
                        ]
                      }
                    ]
                  }
                ]
              }
            ]
          }
        ]
      }
    ]
  },
  "Planning Time": 0.986,
  "Triggers": [],
  "Execution Time": 532.616
}