[
  {
    "Plan": {
      "Node Type": "Aggregate",
      "Strategy": "Plain",
      "Partial Mode": "Simple",
      "Parallel Aware": false,
      "Startup Cost": 7419.97,
      "Total Cost": 7419.98,
      "Plan Rows": 1,
      "Plan Width": 96,
      "Actual Startup Time": 6753.256,
      "Actual Total Time": 6753.315,
      "Actual Rows": 1,
      "Actual Loops": 1,
      "Output": [
        "min(cn.name)",
        "min(mi_idx.info)",
        "min(t.title)"
      ],
      "Plans": [
        {
          "Node Type": "Nested Loop",
          "Parent Relationship": "Outer",
          "Parallel Aware": false,
          "Join Type": "Inner",
          "Startup Cost": 13.32,
          "Total Cost": 7419.96,
          "Plan Rows": 1,
          "Plan Width": 41,
          "Actual Startup Time": 40.923,
          "Actual Total Time": 6741.64,
          "Actual Rows": 8373,
          "Actual Loops": 1,
          "Output": [
            "cn.name",
            "mi_idx.info",
            "t.title"
          ],
          "Inner Unique": true,
          "Plans": [
            {
              "Node Type": "Nested Loop",
              "Parent Relationship": "Outer",
              "Parallel Aware": false,
              "Join Type": "Inner",
              "Startup Cost": 12.9,
              "Total Cost": 7419.41,
              "Plan Rows": 1,
              "Plan Width": 26,
              "Actual Startup Time": 40.364,
              "Actual Total Time": 5936.865,
              "Actual Rows": 8771,
              "Actual Loops": 1,
              "Output": [
                "mc.company_id",
                "mi_idx.info",
                "t.title"
              ],
              "Inner Unique": true,
              "Join Filter": "(mi_idx.info_type_id = it2.id)",
              "Rows Removed by Join Filter": 17209,
              "Plans": [
                {
                  "Node Type": "Nested Loop",
                  "Parent Relationship": "Outer",
                  "Parallel Aware": false,
                  "Join Type": "Inner",
                  "Startup Cost": 12.9,
                  "Total Cost": 7416.99,
                  "Plan Rows": 1,
                  "Plan Width": 30,
                  "Actual Startup Time": 40.315,
                  "Actual Total Time": 5593.077,
                  "Actual Rows": 25980,
                  "Actual Loops": 1,
                  "Output": [
                    "mc.company_id",
                    "mi_idx.info",
                    "mi_idx.info_type_id",
                    "t.title"
                  ],
                  "Inner Unique": false,
                  "Join Filter": "(t.id = mi_idx.movie_id)",
                  "Rows Removed by Join Filter": 0,
                  "Plans": [
                    {
                      "Node Type": "Nested Loop",
                      "Parent Relationship": "Outer",
                      "Parallel Aware": false,
                      "Join Type": "Inner",
                      "Startup Cost": 12.47,
                      "Total Cost": 7416.45,
                      "Plan Rows": 1,
                      "Plan Width": 41,
                      "Actual Startup Time": 40.051,
                      "Actual Total Time": 5417.707,
                      "Actual Rows": 8897,
                      "Actual Loops": 1,
                      "Output": [
                        "cc.movie_id",
                        "mc.movie_id",
                        "mc.company_id",
                        "mi.movie_id",
                        "mk.movie_id",
                        "t.title",
                        "t.id"
                      ],
                      "Inner Unique": true,
                      "Join Filter": "(mi.info_type_id = it1.id)",
                      "Rows Removed by Join Filter": 1152,
                      "Plans": [
                        {
                          "Node Type": "Nested Loop",
                          "Parent Relationship": "Outer",
                          "Parallel Aware": false,
                          "Join Type": "Inner",
                          "Startup Cost": 12.47,
                          "Total Cost": 7414.03,
                          "Plan Rows": 1,
                          "Plan Width": 45,
                          "Actual Startup Time": 40.011,
                          "Actual Total Time": 5302.416,
                          "Actual Rows": 10049,
                          "Actual Loops": 1,
                          "Output": [
                            "cc.movie_id",
                            "mc.movie_id",
                            "mc.company_id",
                            "mi.movie_id",
                            "mi.info_type_id",
                            "mk.movie_id",
                            "t.title",
                            "t.id"
                          ],
                          "Inner Unique": false,
                          "Join Filter": "(t.id = mi.movie_id)",
                          "Rows Removed by Join Filter": 0,
                          "Plans": [
                            {
                              "Node Type": "Nested Loop",
                              "Parent Relationship": "Outer",
                              "Parallel Aware": false,
                              "Join Type": "Inner",
                              "Startup Cost": 12.04,
                              "Total Cost": 7412.2,
                              "Plan Rows": 1,
                              "Plan Width": 37,
                              "Actual Startup Time": 38.835,
                              "Actual Total Time": 3568.068,
                              "Actual Rows": 8705,
                              "Actual Loops": 1,
                              "Output": [
                                "cc.movie_id",
                                "mc.movie_id",
                                "mc.company_id",
                                "mk.movie_id",
                                "t.title",
                                "t.id"
                              ],
                              "Inner Unique": true,
                              "Join Filter": "(mc.company_type_id = ct.id)",
                              "Rows Removed by Join Filter": 0,
                              "Plans": [
                                {
                                  "Node Type": "Nested Loop",
                                  "Parent Relationship": "Outer",
                                  "Parallel Aware": false,
                                  "Join Type": "Inner",
                                  "Startup Cost": 12.04,
                                  "Total Cost": 7411.11,
                                  "Plan Rows": 1,
                                  "Plan Width": 41,
                                  "Actual Startup Time": 38.8,
                                  "Actual Total Time": 3498.62,
                                  "Actual Rows": 8705,
                                  "Actual Loops": 1,
                                  "Output": [
                                    "cc.movie_id",
                                    "mc.movie_id",
                                    "mc.company_type_id",
                                    "mc.company_id",
                                    "mk.movie_id",
                                    "t.title",
                                    "t.id"
                                  ],
                                  "Inner Unique": false,
                                  "Join Filter": "(t.id = mc.movie_id)",
                                  "Rows Removed by Join Filter": 0,
                                  "Plans": [
                                    {
                                      "Node Type": "Nested Loop",
                                      "Parent Relationship": "Outer",
                                      "Parallel Aware": false,
                                      "Join Type": "Inner",
                                      "Startup Cost": 11.61,
                                      "Total Cost": 7410.53,
                                      "Plan Rows": 1,
                                      "Plan Width": 29,
                                      "Actual Startup Time": 38.563,
                                      "Actual Total Time": 3261.805,
                                      "Actual Rows": 922,
                                      "Actual Loops": 1,
                                      "Output": [
                                        "cc.movie_id",
                                        "mk.movie_id",
                                        "t.title",
                                        "t.id"
                                      ],
                                      "Inner Unique": true,
                                      "Join Filter": "(t.kind_id = kt.id)",
                                      "Rows Removed by Join Filter": 440,
                                      "Plans": [
                                        {
                                          "Node Type": "Nested Loop",
                                          "Parent Relationship": "Outer",
                                          "Parallel Aware": false,
                                          "Join Type": "Inner",
                                          "Startup Cost": 11.61,
                                          "Total Cost": 7409.33,
                                          "Plan Rows": 4,
                                          "Plan Width": 33,
                                          "Actual Startup Time": 38.441,
                                          "Actual Total Time": 3252.014,
                                          "Actual Rows": 1041,
                                          "Actual Loops": 1,
                                          "Output": [
                                            "cc.movie_id",
                                            "mk.movie_id",
                                            "t.title",
                                            "t.kind_id",
                                            "t.id"
                                          ],
                                          "Inner Unique": true,
                                          "Plans": [
                                            {
                                              "Node Type": "Nested Loop",
                                              "Parent Relationship": "Outer",
                                              "Parallel Aware": false,
                                              "Join Type": "Inner",
                                              "Startup Cost": 11.18,
                                              "Total Cost": 7403.94,
                                              "Plan Rows": 11,
                                              "Plan Width": 8,
                                              "Actual Startup Time": 33.272,
                                              "Actual Total Time": 2442.012,
                                              "Actual Rows": 6704,
                                              "Actual Loops": 1,
                                              "Output": [
                                                "cc.movie_id",
                                                "mk.movie_id"
                                              ],
                                              "Inner Unique": false,
                                              "Join Filter": "(cc.status_id = cct2.id)",
                                              "Rows Removed by Join Filter": 7104,
                                              "Plans": [
                                                {
                                                  "Node Type": "Seq Scan",
                                                  "Parent Relationship": "Outer",
                                                  "Parallel Aware": false,
                                                  "Relation Name": "comp_cast_type",
                                                  "Schema": "public",
                                                  "Alias": "cct2",
                                                  "Startup Cost": 0.0,
                                                  "Total Cost": 1.05,
                                                  "Plan Rows": 1,
                                                  "Plan Width": 4,
                                                  "Actual Startup Time": 0.574,
                                                  "Actual Total Time": 0.596,
                                                  "Actual Rows": 1,
                                                  "Actual Loops": 1,
                                                  "Output": [
                                                    "cct2.id",
                                                    "cct2.kind"
                                                  ],
                                                  "Filter": "((cct2.kind)::text = 'complete'::text)",
                                                  "Rows Removed by Filter": 3
                                                },
                                                {
                                                  "Node Type": "Nested Loop",
                                                  "Parent Relationship": "Inner",
                                                  "Parallel Aware": false,
                                                  "Join Type": "Inner",
                                                  "Startup Cost": 11.18,
                                                  "Total Cost": 7402.32,
                                                  "Plan Rows": 46,
                                                  "Plan Width": 12,
                                                  "Actual Startup Time": 32.215,
                                                  "Actual Total Time": 2435.001,
                                                  "Actual Rows": 13808,
                                                  "Actual Loops": 1,
                                                  "Output": [
                                                    "cc.movie_id",
                                                    "cc.status_id",
                                                    "mk.movie_id"
                                                  ],
                                                  "Inner Unique": false,
                                                  "Join Filter": "(cc.subject_id = cct1.id)",
                                                  "Rows Removed by Join Filter": 6216,
                                                  "Plans": [
                                                    {
                                                      "Node Type": "Seq Scan",
                                                      "Parent Relationship": "Outer",
                                                      "Parallel Aware": false,
                                                      "Relation Name": "comp_cast_type",
                                                      "Schema": "public",
                                                      "Alias": "cct1",
                                                      "Startup Cost": 0.0,
                                                      "Total Cost": 1.05,
                                                      "Plan Rows": 1,
                                                      "Plan Width": 4,
                                                      "Actual Startup Time": 0.017,
                                                      "Actual Total Time": 0.039,
                                                      "Actual Rows": 1,
                                                      "Actual Loops": 1,
                                                      "Output": [
                                                        "cct1.id",
                                                        "cct1.kind"
                                                      ],
                                                      "Filter": "((cct1.kind)::text = 'cast'::text)",
                                                      "Rows Removed by Filter": 3
                                                    },
                                                    {
                                                      "Node Type": "Nested Loop",
                                                      "Parent Relationship": "Inner",
                                                      "Parallel Aware": false,
                                                      "Join Type": "Inner",
                                                      "Startup Cost": 11.18,
                                                      "Total Cost": 7398.98,
                                                      "Plan Rows": 183,
                                                      "Plan Width": 16,
                                                      "Actual Startup Time": 32.184,
                                                      "Actual Total Time": 2428.054,
                                                      "Actual Rows": 20024,
                                                      "Actual Loops": 1,
                                                      "Output": [
                                                        "cc.movie_id",
                                                        "cc.subject_id",
                                                        "cc.status_id",
                                                        "mk.movie_id"
                                                      ],
                                                      "Inner Unique": false,
                                                      "Plans": [
                                                        {
                                                          "Node Type": "Nested Loop",
                                                          "Parent Relationship": "Outer",
                                                          "Parallel Aware": false,
                                                          "Join Type": "Inner",
                                                          "Startup Cost": 10.76,
                                                          "Total Cost": 7334.72,
                                                          "Plan Rows": 135,
                                                          "Plan Width": 4,
                                                          "Actual Startup Time": 26.055,
                                                          "Actual Total Time": 1961.824,
                                                          "Actual Rows": 37091,
                                                          "Actual Loops": 1,
                                                          "Output": [
                                                            "mk.movie_id"
                                                          ],
                                                          "Inner Unique": false,
                                                          "Plans": [
                                                            {
                                                              "Node Type": "Seq Scan",
                                                              "Parent Relationship": "Outer",
                                                              "Parallel Aware": false,
                                                              "Relation Name": "keyword",
                                                              "Schema": "public",
                                                              "Alias": "k",
                                                              "Startup Cost": 0.0,
                                                              "Total Cost": 2961.55,
                                                              "Plan Rows": 4,
                                                              "Plan Width": 4,
                                                              "Actual Startup Time": 11.419,
                                                              "Actual Total Time": 85.445,
                                                              "Actual Rows": 3,
                                                              "Actual Loops": 1,
                                                              "Output": [
                                                                "k.id",
                                                                "k.keyword",
                                                                "k.phonetic_code"
                                                              ],
                                                              "Filter": "(k.keyword = ANY ('{murder,murder-in-title,blood,violence}'::text[]))",
                                                              "Rows Removed by Filter": 134167
                                                            },
                                                            {
                                                              "Node Type": "Bitmap Heap Scan",
                                                              "Parent Relationship": "Inner",
                                                              "Parallel Aware": false,
                                                              "Relation Name": "movie_keyword",
                                                              "Schema": "public",
                                                              "Alias": "mk",
                                                              "Startup Cost": 10.76,
                                                              "Total Cost": 1090.29,
                                                              "Plan Rows": 300,
                                                              "Plan Width": 8,
                                                              "Actual Startup Time": 18.802,
                                                              "Actual Total Time": 619.033,
                                                              "Actual Rows": 12364,
                                                              "Actual Loops": 3,
                                                              "Output": [
                                                                "mk.id",
                                                                "mk.movie_id",
                                                                "mk.keyword_id"
                                                              ],
                                                              "Recheck Cond": "(mk.keyword_id = k.id)",
                                                              "Rows Removed by Index Recheck": 0,
                                                              "Exact Heap Blocks": 26312,
                                                              "Lossy Heap Blocks": 0,
                                                              "Plans": [
                                                                {
                                                                  "Node Type": "Bitmap Index Scan",
                                                                  "Parent Relationship": "Outer",
                                                                  "Parallel Aware": false,
                                                                  "Index Name": "keyword_id_movie_keyword",
                                                                  "Startup Cost": 0.0,
                                                                  "Total Cost": 10.68,
                                                                  "Plan Rows": 300,
                                                                  "Plan Width": 0,
                                                                  "Actual Startup Time": 16.027,
                                                                  "Actual Total Time": 16.029,
                                                                  "Actual Rows": 12364,
                                                                  "Actual Loops": 3,
                                                                  "Index Cond": "(mk.keyword_id = k.id)"
                                                                }
                                                              ]
                                                            }
                                                          ]
                                                        },
                                                        {
                                                          "Node Type": "Index Scan",
                                                          "Parent Relationship": "Inner",
                                                          "Parallel Aware": false,
                                                          "Scan Direction": "Forward",
                                                          "Index Name": "movie_id_complete_cast",
                                                          "Relation Name": "complete_cast",
                                                          "Schema": "public",
                                                          "Alias": "cc",
                                                          "Startup Cost": 0.42,
                                                          "Total Cost": 0.46,
                                                          "Plan Rows": 2,
                                                          "Plan Width": 12,
                                                          "Actual Startup Time": 0.009,
                                                          "Actual Total Time": 0.011,
                                                          "Actual Rows": 1,
                                                          "Actual Loops": 37091,
                                                          "Output": [
                                                            "cc.id",
                                                            "cc.movie_id",
                                                            "cc.subject_id",
                                                            "cc.status_id"
                                                          ],
                                                          "Index Cond": "(cc.movie_id = mk.movie_id)",
                                                          "Rows Removed by Index Recheck": 0
                                                        }
                                                      ]
                                                    }
                                                  ]
                                                }
                                              ]
                                            },
                                            {
                                              "Node Type": "Index Scan",
                                              "Parent Relationship": "Inner",
                                              "Parallel Aware": false,
                                              "Scan Direction": "Forward",
                                              "Index Name": "title_pkey",
                                              "Relation Name": "title",
                                              "Schema": "public",
                                              "Alias": "t",
                                              "Startup Cost": 0.43,
                                              "Total Cost": 0.49,
                                              "Plan Rows": 1,
                                              "Plan Width": 25,
                                              "Actual Startup Time": 0.119,
                                              "Actual Total Time": 0.119,
                                              "Actual Rows": 0,
                                              "Actual Loops": 6704,
                                              "Output": [
                                                "t.id",
                                                "t.title",
                                                "t.imdb_index",
                                                "t.kind_id",
                                                "t.production_year",
                                                "t.imdb_id",
                                                "t.phonetic_code",
                                                "t.episode_of_id",
                                                "t.season_nr",
                                                "t.episode_nr",
                                                "t.series_years",
                                                "t.md5sum"
                                              ],
                                              "Index Cond": "(t.id = mk.movie_id)",
                                              "Rows Removed by Index Recheck": 0,
                                              "Filter": "(t.production_year > 2005)",
                                              "Rows Removed by Filter": 1
                                            }
                                          ]
                                        },
                                        {
                                          "Node Type": "Materialize",
                                          "Parent Relationship": "Inner",
                                          "Parallel Aware": false,
                                          "Startup Cost": 0.0,
                                          "Total Cost": 1.1,
                                          "Plan Rows": 2,
                                          "Plan Width": 4,
                                          "Actual Startup Time": 0.003,
                                          "Actual Total Time": 0.003,
                                          "Actual Rows": 1,
                                          "Actual Loops": 1041,
                                          "Output": [
                                            "kt.id"
                                          ],
                                          "Plans": [
                                            {
                                              "Node Type": "Seq Scan",
                                              "Parent Relationship": "Outer",
                                              "Parallel Aware": false,
                                              "Relation Name": "kind_type",
                                              "Schema": "public",
                                              "Alias": "kt",
                                              "Startup Cost": 0.0,
                                              "Total Cost": 1.09,
                                              "Plan Rows": 2,
                                              "Plan Width": 4,
                                              "Actual Startup Time": 0.092,
                                              "Actual Total Time": 0.1,
                                              "Actual Rows": 2,
                                              "Actual Loops": 1,
                                              "Output": [
                                                "kt.id"
                                              ],
                                              "Filter": "((kt.kind)::text = ANY ('{movie,episode}'::text[]))",
                                              "Rows Removed by Filter": 5
                                            }
                                          ]
                                        }
                                      ]
                                    },
                                    {
                                      "Node Type": "Index Scan",
                                      "Parent Relationship": "Inner",
                                      "Parallel Aware": false,
                                      "Scan Direction": "Forward",
                                      "Index Name": "movie_id_movie_companies",
                                      "Relation Name": "movie_companies",
                                      "Schema": "public",
                                      "Alias": "mc",
                                      "Startup Cost": 0.43,
                                      "Total Cost": 0.57,
                                      "Plan Rows": 1,
                                      "Plan Width": 12,
                                      "Actual Startup Time": 0.145,
                                      "Actual Total Time": 0.248,
                                      "Actual Rows": 9,
                                      "Actual Loops": 922,
                                      "Output": [
                                        "mc.id",
                                        "mc.movie_id",
                                        "mc.company_id",
                                        "mc.company_type_id",
                                        "mc.note"
                                      ],
                                      "Index Cond": "(mc.movie_id = mk.movie_id)",
                                      "Rows Removed by Index Recheck": 0,
                                      "Filter": "((mc.note !~~ '%(USA)%'::text) AND (mc.note ~~ '%(200%)%'::text))",
                                      "Rows Removed by Filter": 11
                                    }
                                  ]
                                },
                                {
                                  "Node Type": "Seq Scan",
                                  "Parent Relationship": "Inner",
                                  "Parallel Aware": false,
                                  "Relation Name": "company_type",
                                  "Schema": "public",
                                  "Alias": "ct",
                                  "Startup Cost": 0.0,
                                  "Total Cost": 1.04,
                                  "Plan Rows": 4,
                                  "Plan Width": 4,
                                  "Actual Startup Time": 0.003,
                                  "Actual Total Time": 0.003,
                                  "Actual Rows": 1,
                                  "Actual Loops": 8705,
                                  "Output": [
                                    "ct.id",
                                    "ct.kind"
                                  ]
                                }
                              ]
                            },
                            {
                              "Node Type": "Index Scan",
                              "Parent Relationship": "Inner",
                              "Parallel Aware": false,
                              "Scan Direction": "Forward",
                              "Index Name": "movie_id_movie_info",
                              "Relation Name": "movie_info",
                              "Schema": "public",
                              "Alias": "mi",
                              "Startup Cost": 0.43,
                              "Total Cost": 1.8,
                              "Plan Rows": 2,
                              "Plan Width": 8,
                              "Actual Startup Time": 0.17,
                              "Actual Total Time": 0.197,
                              "Actual Rows": 1,
                              "Actual Loops": 8705,
                              "Output": [
                                "mi.id",
                                "mi.movie_id",
                                "mi.info_type_id",
                                "mi.info",
                                "mi.note"
                              ],
                              "Index Cond": "(mi.movie_id = mk.movie_id)",
                              "Rows Removed by Index Recheck": 0,
                              "Filter": "(mi.info = ANY ('{Sweden,Norway,Germany,Denmark,Swedish,Danish,Norwegian,German,USA,American}'::text[]))",
                              "Rows Removed by Filter": 210
                            }
                          ]
                        },
                        {
                          "Node Type": "Seq Scan",
                          "Parent Relationship": "Inner",
                          "Parallel Aware": false,
                          "Relation Name": "info_type",
                          "Schema": "public",
                          "Alias": "it1",
                          "Startup Cost": 0.0,
                          "Total Cost": 2.41,
                          "Plan Rows": 1,
                          "Plan Width": 4,
                          "Actual Startup Time": 0.006,
                          "Actual Total Time": 0.007,
                          "Actual Rows": 1,
                          "Actual Loops": 10049,
                          "Output": [
                            "it1.id",
                            "it1.info"
                          ],
                          "Filter": "((it1.info)::text = 'countries'::text)",
                          "Rows Removed by Filter": 19
                        }
                      ]
                    },
                    {
                      "Node Type": "Index Scan",
                      "Parent Relationship": "Inner",
                      "Parallel Aware": false,
                      "Scan Direction": "Forward",
                      "Index Name": "movie_id_movie_info_idx",
                      "Relation Name": "movie_info_idx",
                      "Schema": "public",
                      "Alias": "mi_idx",
                      "Startup Cost": 0.43,
                      "Total Cost": 0.5,
                      "Plan Rows": 3,
                      "Plan Width": 13,
                      "Actual Startup Time": 0.015,
                      "Actual Total Time": 0.017,
                      "Actual Rows": 3,
                      "Actual Loops": 8897,
                      "Output": [
                        "mi_idx.id",
                        "mi_idx.movie_id",
                        "mi_idx.info_type_id",
                        "mi_idx.info",
                        "mi_idx.note"
                      ],
                      "Index Cond": "(mi_idx.movie_id = mk.movie_id)",
                      "Rows Removed by Index Recheck": 0,
                      "Filter": "(mi_idx.info < '8.5'::text)",
                      "Rows Removed by Filter": 0
                    }
                  ]
                },
                {
                  "Node Type": "Seq Scan",
                  "Parent Relationship": "Inner",
                  "Parallel Aware": false,
                  "Relation Name": "info_type",
                  "Schema": "public",
                  "Alias": "it2",
                  "Startup Cost": 0.0,
                  "Total Cost": 2.41,
                  "Plan Rows": 1,
                  "Plan Width": 4,
                  "Actual Startup Time": 0.01,
                  "Actual Total Time": 0.011,
                  "Actual Rows": 1,
                  "Actual Loops": 25980,
                  "Output": [
                    "it2.id",
                    "it2.info"
                  ],
                  "Filter": "((it2.info)::text = 'rating'::text)",
                  "Rows Removed by Filter": 108
                }
              ]
            },
            {
              "Node Type": "Index Scan",
              "Parent Relationship": "Inner",
              "Parallel Aware": false,
              "Scan Direction": "Forward",
              "Index Name": "company_name_pkey",
              "Relation Name": "company_name",
              "Schema": "public",
              "Alias": "cn",
              "Startup Cost": 0.42,
              "Total Cost": 0.54,
              "Plan Rows": 1,
              "Plan Width": 23,
              "Actual Startup Time": 0.089,
              "Actual Total Time": 0.089,
              "Actual Rows": 1,
              "Actual Loops": 8771,
              "Output": [
                "cn.id",
                "cn.name",
                "cn.country_code",
                "cn.imdb_id",
                "cn.name_pcode_nf",
                "cn.name_pcode_sf",
                "cn.md5sum"
              ],
              "Index Cond": "(cn.id = mc.company_id)",
              "Rows Removed by Index Recheck": 0,
              "Filter": "((cn.country_code)::text <> '[us]'::text)",
              "Rows Removed by Filter": 0
            }
          ]
        }
      ]
    },
    "Planning Time": 1221.539,
    "Triggers": [],
    "Execution Time": 6765.623
  }
]