[
  {
    "Plan": {
      "Node Type": "Aggregate",
      "Strategy": "Plain",
      "Partial Mode": "Finalize",
      "Parallel Aware": false,
      "Startup Cost": 46282.55,
      "Total Cost": 46282.56,
      "Plan Rows": 1,
      "Plan Width": 8,
      "Actual Startup Time": 160.55,
      "Actual Total Time": 169.967,
      "Actual Rows": 1,
      "Actual Loops": 1,
      "Plans": [
        {
          "Node Type": "Gather",
          "Parent Relationship": "Outer",
          "Parallel Aware": false,
          "Startup Cost": 46282.23,
          "Total Cost": 46282.54,
          "Plan Rows": 3,
          "Plan Width": 8,
          "Actual Startup Time": 160.423,
          "Actual Total Time": 169.958,
          "Actual Rows": 4,
          "Actual Loops": 1,
          "Workers Planned": 3,
          "Workers Launched": 3,
          "Single Copy": false,
          "Plans": [
            {
              "Node Type": "Aggregate",
              "Strategy": "Plain",
              "Partial Mode": "Partial",
              "Parent Relationship": "Outer",
              "Parallel Aware": false,
              "Startup Cost": 45282.23,
              "Total Cost": 45282.24,
              "Plan Rows": 1,
              "Plan Width": 8,
              "Actual Startup Time": 156.16,
              "Actual Total Time": 156.162,
              "Actual Rows": 1,
              "Actual Loops": 4,
              "Plans": [
                {
                  "Node Type": "Seq Scan",
                  "Parent Relationship": "Outer",
                  "Parallel Aware": true,
                  "Relation Name": "movie_keyword",
                  "Alias": "mk",
                  "Startup Cost": 0.0,
                  "Total Cost": 42695.65,
                  "Plan Rows": 1034630,
                  "Plan Width": 0,
                  "Actual Startup Time": 0.034,
                  "Actual Total Time": 120.226,
                  "Actual Rows": 800217,
                  "Actual Loops": 4,
                  "Filter": "(keyword_id < 13091)",
                  "Rows Removed by Filter": 330766
                }
              ]
            }
          ]
        }
      ]
    },
    "Planning Time": 0.113,
    "Triggers": [],
    "Execution Time": 170.004
  }
]