[
    {
        "Bao": {
            "Bao prediction": "NaN",
            "Bao recommended hint": "(no hint)"
        }
    },
    {
        "Plan": {
            "Node Type": "Aggregate",
            "Strategy": "Plain",
            "Partial Mode": "Finalize",
            "Parallel Aware": false,
            "Startup Cost": 348683.81,
            "Total Cost": 348683.82,
            "Plan Rows": 1,
            "Plan Width": 8,
            "Actual Startup Time": 822.826,
            "Actual Total Time": 855.552,
            "Actual Rows": 1,
            "Actual Loops": 1,
            "Output": [
                "count(*)"
            ],
            "Plans": [
                {
                    "Node Type": "Gather",
                    "Parent Relationship": "Outer",
                    "Parallel Aware": false,
                    "Startup Cost": 348683.18,
                    "Total Cost": 348683.79,
                    "Plan Rows": 6,
                    "Plan Width": 8,
                    "Actual Startup Time": 822.723,
                    "Actual Total Time": 855.543,
                    "Actual Rows": 7,
                    "Actual Loops": 1,
                    "Output": [
                        "(PARTIAL count(*))"
                    ],
                    "Workers Planned": 6,
                    "Workers Launched": 6,
                    "Single Copy": false,
                    "Plans": [
                        {
                            "Node Type": "Aggregate",
                            "Strategy": "Plain",
                            "Partial Mode": "Partial",
                            "Parent Relationship": "Outer",
                            "Parallel Aware": false,
                            "Startup Cost": 347683.18,
                            "Total Cost": 347683.2,
                            "Plan Rows": 1,
                            "Plan Width": 8,
                            "Actual Startup Time": 814.498,
                            "Actual Total Time": 814.499,
                            "Actual Rows": 1,
                            "Actual Loops": 7,
                            "Output": [
                                "PARTIAL count(*)"
                            ],
                            "Workers": [
                                {
                                    "Worker Number": 0,
                                    "Actual Startup Time": 811.766,
                                    "Actual Total Time": 811.767,
                                    "Actual Rows": 1,
                                    "Actual Loops": 1
                                },
                                {
                                    "Worker Number": 1,
                                    "Actual Startup Time": 811.854,
                                    "Actual Total Time": 811.855,
                                    "Actual Rows": 1,
                                    "Actual Loops": 1
                                },
                                {
                                    "Worker Number": 2,
                                    "Actual Startup Time": 811.836,
                                    "Actual Total Time": 811.837,
                                    "Actual Rows": 1,
                                    "Actual Loops": 1
                                },
                                {
                                    "Worker Number": 3,
                                    "Actual Startup Time": 812.418,
                                    "Actual Total Time": 812.42,
                                    "Actual Rows": 1,
                                    "Actual Loops": 1
                                },
                                {
                                    "Worker Number": 4,
                                    "Actual Startup Time": 812.508,
                                    "Actual Total Time": 812.509,
                                    "Actual Rows": 1,
                                    "Actual Loops": 1
                                },
                                {
                                    "Worker Number": 5,
                                    "Actual Startup Time": 818.745,
                                    "Actual Total Time": 818.746,
                                    "Actual Rows": 1,
                                    "Actual Loops": 1
                                }
                            ],
                            "Plans": [
                                {
                                    "Node Type": "Seq Scan",
                                    "Parent Relationship": "Outer",
                                    "Parallel Aware": true,
                                    "Relation Name": "cast_info",
                                    "Schema": "public",
                                    "Alias": "ci",
                                    "Startup Cost": 0.0,
                                    "Total Cost": 343318.94,
                                    "Plan Rows": 1745698,
                                    "Plan Width": 0,
                                    "Actual Startup Time": 251.902,
                                    "Actual Total Time": 691.532,
                                    "Actual Rows": 2319452,
                                    "Actual Loops": 7,
                                    "Output": [
                                        "id",
                                        "person_id",
                                        "movie_id",
                                        "person_role_id",
                                        "note",
                                        "nr_order",
                                        "role_id"
                                    ],
                                    "Filter": "((ci.person_id > 2009519) AND (ci.role_id > 1))",
                                    "Rows Removed by Filter": 2858311,
                                    "Workers": [
                                        {
                                            "Worker Number": 0,
                                            "Actual Startup Time": 249.133,
                                            "Actual Total Time": 690.158,
                                            "Actual Rows": 1813539,
                                            "Actual Loops": 1
                                        },
                                        {
                                            "Worker Number": 1,
                                            "Actual Startup Time": 249.252,
                                            "Actual Total Time": 690.454,
                                            "Actual Rows": 1826447,
                                            "Actual Loops": 1
                                        },
                                        {
                                            "Worker Number": 2,
                                            "Actual Startup Time": 249.251,
                                            "Actual Total Time": 690.926,
                                            "Actual Rows": 2846063,
                                            "Actual Loops": 1
                                        },
                                        {
                                            "Worker Number": 3,
                                            "Actual Startup Time": 249.846,
                                            "Actual Total Time": 692.992,
                                            "Actual Rows": 1794966,
                                            "Actual Loops": 1
                                        },
                                        {
                                            "Worker Number": 4,
                                            "Actual Startup Time": 249.912,
                                            "Actual Total Time": 696.164,
                                            "Actual Rows": 2816740,
                                            "Actual Loops": 1
                                        },
                                        {
                                            "Worker Number": 5,
                                            "Actual Startup Time": 256.175,
                                            "Actual Total Time": 697.173,
                                            "Actual Rows": 2891808,
                                            "Actual Loops": 1
                                        }
                                    ]
                                }
                            ]
                        }
                    ]
                }
            ]
        },
        "Planning Time": 198.71,
        "Triggers": [],
        "Execution Time": 855.606
    }
]