[
  {
    "Plan": {
      "Node Type": "Aggregate",
      "Strategy": "Plain",
      "Partial Mode": "Finalize",
      "Parallel Aware": false,
      "Startup Cost": 62399.98,
      "Total Cost": 62399.99,
      "Plan Rows": 1,
      "Plan Width": 8,
      "Actual Startup Time": 198.145,
      "Actual Total Time": 211.329,
      "Actual Rows": 1,
      "Actual Loops": 1,
      "Plans": [
        {
          "Node Type": "Gather",
          "Parent Relationship": "Outer",
          "Parallel Aware": false,
          "Startup Cost": 62399.77,
          "Total Cost": 62399.98,
          "Plan Rows": 2,
          "Plan Width": 8,
          "Actual Startup Time": 197.312,
          "Actual Total Time": 211.322,
          "Actual Rows": 3,
          "Actual Loops": 1,
          "Workers Planned": 2,
          "Workers Launched": 2,
          "Single Copy": false,
          "Plans": [
            {
              "Node Type": "Aggregate",
              "Strategy": "Plain",
              "Partial Mode": "Partial",
              "Parent Relationship": "Outer",
              "Parallel Aware": false,
              "Startup Cost": 61399.77,
              "Total Cost": 61399.78,
              "Plan Rows": 1,
              "Plan Width": 8,
              "Actual Startup Time": 194.086,
              "Actual Total Time": 194.156,
              "Actual Rows": 1,
              "Actual Loops": 3,
              "Plans": [
                {
                  "Node Type": "Hash Join",
                  "Parent Relationship": "Outer",
                  "Parallel Aware": true,
                  "Join Type": "Inner",
                  "Startup Cost": 45753.1,
                  "Total Cost": 61383.04,
                  "Plan Rows": 6689,
                  "Plan Width": 0,
                  "Actual Startup Time": 129.025,
                  "Actual Total Time": 193.421,
                  "Actual Rows": 16195,
                  "Actual Loops": 3,
                  "Inner Unique": true,
                  "Hash Cond": "(mi_idx.movie_id = t.id)",
                  "Plans": [
                    {
                      "Node Type": "Seq Scan",
                      "Parent Relationship": "Outer",
                      "Parallel Aware": true,
                      "Relation Name": "movie_info_idx",
                      "Alias": "mi_idx",
                      "Startup Cost": 0.0,
                      "Total Cost": 15122.68,
                      "Plan Rows": 193243,
                      "Plan Width": 4,
                      "Actual Startup Time": 0.01,
                      "Actual Total Time": 36.913,
                      "Actual Rows": 153308,
                      "Actual Loops": 3,
                      "Filter": "(info_type_id = 101)",
                      "Rows Removed by Filter": 306703
                    },
                    {
                      "Node Type": "Hash",
                      "Parent Relationship": "Inner",
                      "Parallel Aware": true,
                      "Startup Cost": 45479.59,
                      "Total Cost": 45479.59,
                      "Plan Rows": 21881,
                      "Plan Width": 4,
                      "Actual Startup Time": 127.9,
                      "Actual Total Time": 127.901,
                      "Actual Rows": 71794,
                      "Actual Loops": 3,
                      "Hash Buckets": 262144,
                      "Original Hash Buckets": 131072,
                      "Hash Batches": 1,
                      "Original Hash Batches": 1,
                      "Peak Memory Usage": 11552,
                      "Plans": [
                        {
                          "Node Type": "Seq Scan",
                          "Parent Relationship": "Outer",
                          "Parallel Aware": true,
                          "Relation Name": "title",
                          "Alias": "t",
                          "Startup Cost": 0.0,
                          "Total Cost": 45479.59,
                          "Plan Rows": 21881,
                          "Plan Width": 4,
                          "Actual Startup Time": 0.109,
                          "Actual Total Time": 103.893,
                          "Actual Rows": 71794,
                          "Actual Loops": 3,
                          "Filter": "((kind_id < 3) AND (production_year < 1966))",
                          "Rows Removed by Filter": 770976
                        }
                      ]
                    }
                  ]
                }
              ]
            }
          ]
        }
      ]
    },
    "Planning Time": 0.303,
    "Triggers": [],
    "Execution Time": 211.37
  }
]