[
  {
    "Plan": {
      "Node Type": "Aggregate",
      "Strategy": "Plain",
      "Partial Mode": "Finalize",
      "Parallel Aware": false,
      "Startup Cost": 31602.69,
      "Total Cost": 31602.7,
      "Plan Rows": 1,
      "Plan Width": 8,
      "Actual Startup Time": 109.654,
      "Actual Total Time": 117.397,
      "Actual Rows": 1,
      "Actual Loops": 1,
      "Plans": [
        {
          "Node Type": "Gather",
          "Parent Relationship": "Outer",
          "Parallel Aware": false,
          "Startup Cost": 31602.38,
          "Total Cost": 31602.69,
          "Plan Rows": 3,
          "Plan Width": 8,
          "Actual Startup Time": 109.525,
          "Actual Total Time": 117.388,
          "Actual Rows": 4,
          "Actual Loops": 1,
          "Workers Planned": 3,
          "Workers Launched": 3,
          "Single Copy": false,
          "Plans": [
            {
              "Node Type": "Aggregate",
              "Strategy": "Plain",
              "Partial Mode": "Partial",
              "Parent Relationship": "Outer",
              "Parallel Aware": false,
              "Startup Cost": 30602.38,
              "Total Cost": 30602.39,
              "Plan Rows": 1,
              "Plan Width": 8,
              "Actual Startup Time": 102.77,
              "Actual Total Time": 102.771,
              "Actual Rows": 1,
              "Actual Loops": 4,
              "Plans": [
                {
                  "Node Type": "Seq Scan",
                  "Parent Relationship": "Outer",
                  "Parallel Aware": true,
                  "Relation Name": "movie_companies",
                  "Alias": "mc",
                  "Startup Cost": 0.0,
                  "Total Cost": 29310.68,
                  "Plan Rows": 516678,
                  "Plan Width": 0,
                  "Actual Startup Time": 6.484,
                  "Actual Total Time": 84.549,
                  "Actual Rows": 400688,
                  "Actual Loops": 4,
                  "Filter": "(company_id > 4834)",
                  "Rows Removed by Filter": 251594
                }
              ]
            }
          ]
        }
      ]
    },
    "Planning Time": 0.163,
    "Triggers": [],
    "Execution Time": 117.485
  }
]