[
  {
    "Plan": {
      "Node Type": "Aggregate",
      "Strategy": "Plain",
      "Partial Mode": "Finalize",
      "Parallel Aware": false,
      "Startup Cost": 303414.0,
      "Total Cost": 303414.01,
      "Plan Rows": 1,
      "Plan Width": 8,
      "Actual Startup Time": 200.145,
      "Actual Total Time": 238.251,
      "Actual Rows": 1,
      "Actual Loops": 1,
      "Plans": [
        {
          "Node Type": "Gather",
          "Parent Relationship": "Outer",
          "Parallel Aware": false,
          "Startup Cost": 303413.58,
          "Total Cost": 303413.99,
          "Plan Rows": 4,
          "Plan Width": 8,
          "Actual Startup Time": 199.945,
          "Actual Total Time": 238.238,
          "Actual Rows": 5,
          "Actual Loops": 1,
          "Workers Planned": 4,
          "Workers Launched": 4,
          "Single Copy": false,
          "Plans": [
            {
              "Node Type": "Aggregate",
              "Strategy": "Plain",
              "Partial Mode": "Partial",
              "Parent Relationship": "Outer",
              "Parallel Aware": false,
              "Startup Cost": 302413.58,
              "Total Cost": 302413.59,
              "Plan Rows": 1,
              "Plan Width": 8,
              "Actual Startup Time": 195.804,
              "Actual Total Time": 195.806,
              "Actual Rows": 1,
              "Actual Loops": 5,
              "Plans": [
                {
                  "Node Type": "Nested Loop",
                  "Parent Relationship": "Outer",
                  "Parallel Aware": false,
                  "Join Type": "Inner",
                  "Startup Cost": 0.56,
                  "Total Cost": 302295.76,
                  "Plan Rows": 47128,
                  "Plan Width": 0,
                  "Actual Startup Time": 0.181,
                  "Actual Total Time": 192.869,
                  "Actual Rows": 36374,
                  "Actual Loops": 5,
                  "Inner Unique": false,
                  "Plans": [
                    {
                      "Node Type": "Seq Scan",
                      "Parent Relationship": "Outer",
                      "Parallel Aware": true,
                      "Relation Name": "title",
                      "Alias": "t",
                      "Startup Cost": 0.0,
                      "Total Cost": 43899.32,
                      "Plan Rows": 3287,
                      "Plan Width": 4,
                      "Actual Startup Time": 0.075,
                      "Actual Total Time": 60.918,
                      "Actual Rows": 2870,
                      "Actual Loops": 5,
                      "Filter": "(production_year = 1969)",
                      "Rows Removed by Filter": 502793
                    },
                    {
                      "Node Type": "Index Only Scan",
                      "Parent Relationship": "Inner",
                      "Parallel Aware": false,
                      "Scan Direction": "Forward",
                      "Index Name": "movie_id_cast_info",
                      "Relation Name": "cast_info",
                      "Alias": "ci",
                      "Startup Cost": 0.56,
                      "Total Cost": 78.26,
                      "Plan Rows": 35,
                      "Plan Width": 4,
                      "Actual Startup Time": 0.01,
                      "Actual Total Time": 0.044,
                      "Actual Rows": 13,
                      "Actual Loops": 14349,
                      "Index Cond": "(movie_id = t.id)",
                      "Rows Removed by Index Recheck": 0,
                      "Heap Fetches": 181871
                    }
                  ]
                }
              ]
            }
          ]
        }
      ]
    },
    "Planning Time": 0.43,
    "Triggers": [],
    "Execution Time": 238.311
  }
]