[
  {
    "Plan": {
      "Node Type": "Aggregate",
      "Strategy": "Plain",
      "Partial Mode": "Finalize",
      "Parallel Aware": false,
      "Startup Cost": 20213.54,
      "Total Cost": 20213.55,
      "Plan Rows": 1,
      "Plan Width": 8,
      "Actual Startup Time": 40.932,
      "Actual Total Time": 47.811,
      "Actual Rows": 1,
      "Actual Loops": 1,
      "Plans": [
        {
          "Node Type": "Gather",
          "Parent Relationship": "Outer",
          "Parallel Aware": false,
          "Startup Cost": 20213.32,
          "Total Cost": 20213.53,
          "Plan Rows": 2,
          "Plan Width": 8,
          "Actual Startup Time": 40.675,
          "Actual Total Time": 47.801,
          "Actual Rows": 3,
          "Actual Loops": 1,
          "Workers Planned": 2,
          "Workers Launched": 2,
          "Single Copy": false,
          "Plans": [
            {
              "Node Type": "Aggregate",
              "Strategy": "Plain",
              "Partial Mode": "Partial",
              "Parent Relationship": "Outer",
              "Parallel Aware": false,
              "Startup Cost": 19213.32,
              "Total Cost": 19213.33,
              "Plan Rows": 1,
              "Plan Width": 8,
              "Actual Startup Time": 32.391,
              "Actual Total Time": 32.393,
              "Actual Rows": 1,
              "Actual Loops": 3,
              "Plans": [
                {
                  "Node Type": "Nested Loop",
                  "Parent Relationship": "Outer",
                  "Parallel Aware": false,
                  "Join Type": "Inner",
                  "Startup Cost": 98.47,
                  "Total Cost": 19212.05,
                  "Plan Rows": 510,
                  "Plan Width": 0,
                  "Actual Startup Time": 4.417,
                  "Actual Total Time": 32.338,
                  "Actual Rows": 401,
                  "Actual Loops": 3,
                  "Inner Unique": false,
                  "Plans": [
                    {
                      "Node Type": "Nested Loop",
                      "Parent Relationship": "Outer",
                      "Parallel Aware": false,
                      "Join Type": "Inner",
                      "Startup Cost": 98.03,
                      "Total Cost": 17696.17,
                      "Plan Rows": 926,
                      "Plan Width": 8,
                      "Actual Startup Time": 2.395,
                      "Actual Total Time": 12.46,
                      "Actual Rows": 663,
                      "Actual Loops": 3,
                      "Inner Unique": true,
                      "Plans": [
                        {
                          "Node Type": "Bitmap Heap Scan",
                          "Parent Relationship": "Outer",
                          "Parallel Aware": true,
                          "Relation Name": "movie_companies",
                          "Alias": "mc",
                          "Startup Cost": 97.6,
                          "Total Cost": 10390.55,
                          "Plan Rows": 926,
                          "Plan Width": 4,
                          "Actual Startup Time": 2.184,
                          "Actual Total Time": 4.138,
                          "Actual Rows": 663,
                          "Actual Loops": 3,
                          "Recheck Cond": "(company_id = 69)",
                          "Rows Removed by Index Recheck": 0,
                          "Filter": "(company_type_id > 1)",
                          "Rows Removed by Filter": 763,
                          "Exact Heap Blocks": 1602,
                          "Lossy Heap Blocks": 0,
                          "Plans": [
                            {
                              "Node Type": "Bitmap Index Scan",
                              "Parent Relationship": "Outer",
                              "Parallel Aware": false,
                              "Index Name": "company_id_movie_companies",
                              "Startup Cost": 0.0,
                              "Total Cost": 97.05,
                              "Plan Rows": 4349,
                              "Plan Width": 0,
                              "Actual Startup Time": 2.426,
                              "Actual Total Time": 2.427,
                              "Actual Rows": 4279,
                              "Actual Loops": 1,
                              "Index Cond": "(company_id = 69)"
                            }
                          ]
                        },
                        {
                          "Node Type": "Index Only Scan",
                          "Parent Relationship": "Inner",
                          "Parallel Aware": false,
                          "Scan Direction": "Forward",
                          "Index Name": "title_pkey",
                          "Relation Name": "title",
                          "Alias": "t",
                          "Startup Cost": 0.43,
                          "Total Cost": 7.89,
                          "Plan Rows": 1,
                          "Plan Width": 4,
                          "Actual Startup Time": 0.012,
                          "Actual Total Time": 0.012,
                          "Actual Rows": 1,
                          "Actual Loops": 1989,
                          "Index Cond": "(id = mc.movie_id)",
                          "Rows Removed by Index Recheck": 0,
                          "Heap Fetches": 1989
                        }
                      ]
                    },
                    {
                      "Node Type": "Index Scan",
                      "Parent Relationship": "Inner",
                      "Parallel Aware": false,
                      "Scan Direction": "Forward",
                      "Index Name": "movie_id_movie_info",
                      "Relation Name": "movie_info",
                      "Alias": "mi",
                      "Startup Cost": 0.43,
                      "Total Cost": 1.6,
                      "Plan Rows": 4,
                      "Plan Width": 4,
                      "Actual Startup Time": 0.024,
                      "Actual Total Time": 0.029,
                      "Actual Rows": 1,
                      "Actual Loops": 1989,
                      "Index Cond": "(movie_id = t.id)",
                      "Rows Removed by Index Recheck": 0,
                      "Filter": "(info_type_id = 7)",
                      "Rows Removed by Filter": 10
                    }
                  ]
                }
              ]
            }
          ]
        }
      ]
    },
    "Planning Time": 1.055,
    "Triggers": [],
    "Execution Time": 47.891
  }
]