[
  {
    "Plan": {
      "Node Type": "Aggregate",
      "Strategy": "Plain",
      "Partial Mode": "Finalize",
      "Parallel Aware": false,
      "Startup Cost": 79214.0,
      "Total Cost": 79214.01,
      "Plan Rows": 1,
      "Plan Width": 8,
      "Actual Startup Time": 240.697,
      "Actual Total Time": 257.847,
      "Actual Rows": 1,
      "Actual Loops": 1,
      "Plans": [
        {
          "Node Type": "Gather",
          "Parent Relationship": "Outer",
          "Parallel Aware": false,
          "Startup Cost": 79213.68,
          "Total Cost": 79213.99,
          "Plan Rows": 3,
          "Plan Width": 8,
          "Actual Startup Time": 239.603,
          "Actual Total Time": 257.835,
          "Actual Rows": 4,
          "Actual Loops": 1,
          "Workers Planned": 3,
          "Workers Launched": 3,
          "Single Copy": false,
          "Plans": [
            {
              "Node Type": "Aggregate",
              "Strategy": "Plain",
              "Partial Mode": "Partial",
              "Parent Relationship": "Outer",
              "Parallel Aware": false,
              "Startup Cost": 78213.68,
              "Total Cost": 78213.69,
              "Plan Rows": 1,
              "Plan Width": 8,
              "Actual Startup Time": 230.755,
              "Actual Total Time": 230.76,
              "Actual Rows": 1,
              "Actual Loops": 4,
              "Plans": [
                {
                  "Node Type": "Hash Join",
                  "Parent Relationship": "Outer",
                  "Parallel Aware": true,
                  "Join Type": "Inner",
                  "Startup Cost": 50856.63,
                  "Total Cost": 78195.75,
                  "Plan Rows": 7172,
                  "Plan Width": 0,
                  "Actual Startup Time": 127.738,
                  "Actual Total Time": 229.805,
                  "Actual Rows": 11383,
                  "Actual Loops": 4,
                  "Inner Unique": true,
                  "Hash Cond": "(mk.movie_id = t.id)",
                  "Plans": [
                    {
                      "Node Type": "Bitmap Heap Scan",
                      "Parent Relationship": "Outer",
                      "Parallel Aware": true,
                      "Relation Name": "movie_keyword",
                      "Alias": "mk",
                      "Startup Cost": 12543.24,
                      "Total Cost": 39381.64,
                      "Plan Rows": 190752,
                      "Plan Width": 4,
                      "Actual Startup Time": 38.122,
                      "Actual Total Time": 111.301,
                      "Actual Rows": 151165,
                      "Actual Loops": 4,
                      "Recheck Cond": "(keyword_id < 450)",
                      "Rows Removed by Index Recheck": 0,
                      "Exact Heap Blocks": 6518,
                      "Lossy Heap Blocks": 0,
                      "Plans": [
                        {
                          "Node Type": "Bitmap Index Scan",
                          "Parent Relationship": "Outer",
                          "Parallel Aware": false,
                          "Index Name": "keyword_id_movie_keyword",
                          "Startup Cost": 0.0,
                          "Total Cost": 12395.41,
                          "Plan Rows": 591330,
                          "Plan Width": 0,
                          "Actual Startup Time": 34.405,
                          "Actual Total Time": 34.406,
                          "Actual Rows": 604661,
                          "Actual Loops": 1,
                          "Index Cond": "(keyword_id < 450)"
                        }
                      ]
                    },
                    {
                      "Node Type": "Hash",
                      "Parent Relationship": "Inner",
                      "Parallel Aware": true,
                      "Startup Cost": 38016.31,
                      "Total Cost": 38016.31,
                      "Plan Rows": 23767,
                      "Plan Width": 4,
                      "Actual Startup Time": 88.478,
                      "Actual Total Time": 88.48,
                      "Actual Rows": 22713,
                      "Actual Loops": 4,
                      "Hash Buckets": 131072,
                      "Original Hash Buckets": 131072,
                      "Hash Batches": 1,
                      "Original Hash Batches": 1,
                      "Peak Memory Usage": 4640,
                      "Plans": [
                        {
                          "Node Type": "Bitmap Heap Scan",
                          "Parent Relationship": "Outer",
                          "Parallel Aware": true,
                          "Relation Name": "title",
                          "Alias": "t",
                          "Startup Cost": 1721.21,
                          "Total Cost": 38016.31,
                          "Plan Rows": 23767,
                          "Plan Width": 4,
                          "Actual Startup Time": 13.177,
                          "Actual Total Time": 77.422,
                          "Actual Rows": 22713,
                          "Actual Loops": 4,
                          "Recheck Cond": "(kind_id = 2)",
                          "Rows Removed by Index Recheck": 0,
                          "Exact Heap Blocks": 11333,
                          "Lossy Heap Blocks": 0,
                          "Plans": [
                            {
                              "Node Type": "Bitmap Index Scan",
                              "Parent Relationship": "Outer",
                              "Parallel Aware": false,
                              "Index Name": "kind_id_title",
                              "Startup Cost": 0.0,
                              "Total Cost": 1697.45,
                              "Plan Rows": 95069,
                              "Plan Width": 0,
                              "Actual Startup Time": 13.57,
                              "Actual Total Time": 13.57,
                              "Actual Rows": 90852,
                              "Actual Loops": 1,
                              "Index Cond": "(kind_id = 2)"
                            }
                          ]
                        }
                      ]
                    }
                  ]
                }
              ]
            }
          ]
        }
      ]
    },
    "Planning Time": 0.787,
    "Triggers": [],
    "Execution Time": 257.957
  }
]