[
  {
    "Plan": {
      "Node Type": "Aggregate",
      "Strategy": "Plain",
      "Partial Mode": "Finalize",
      "Parallel Aware": false,
      "Startup Cost": 79069.89,
      "Total Cost": 79069.9,
      "Plan Rows": 1,
      "Plan Width": 8,
      "Actual Startup Time": 223.599,
      "Actual Total Time": 237.936,
      "Actual Rows": 1,
      "Actual Loops": 1,
      "Plans": [
        {
          "Node Type": "Gather",
          "Parent Relationship": "Outer",
          "Parallel Aware": false,
          "Startup Cost": 79069.58,
          "Total Cost": 79069.89,
          "Plan Rows": 3,
          "Plan Width": 8,
          "Actual Startup Time": 222.686,
          "Actual Total Time": 237.928,
          "Actual Rows": 4,
          "Actual Loops": 1,
          "Workers Planned": 3,
          "Workers Launched": 3,
          "Single Copy": false,
          "Plans": [
            {
              "Node Type": "Aggregate",
              "Strategy": "Plain",
              "Partial Mode": "Partial",
              "Parent Relationship": "Outer",
              "Parallel Aware": false,
              "Startup Cost": 78069.58,
              "Total Cost": 78069.59,
              "Plan Rows": 1,
              "Plan Width": 8,
              "Actual Startup Time": 213.524,
              "Actual Total Time": 213.528,
              "Actual Rows": 1,
              "Actual Loops": 4,
              "Plans": [
                {
                  "Node Type": "Hash Join",
                  "Parent Relationship": "Outer",
                  "Parallel Aware": true,
                  "Join Type": "Inner",
                  "Startup Cost": 50720.27,
                  "Total Cost": 78052.51,
                  "Plan Rows": 6825,
                  "Plan Width": 0,
                  "Actual Startup Time": 122.71,
                  "Actual Total Time": 212.564,
                  "Actual Rows": 11383,
                  "Actual Loops": 4,
                  "Inner Unique": true,
                  "Hash Cond": "(mk.movie_id = t.id)",
                  "Plans": [
                    {
                      "Node Type": "Bitmap Heap Scan",
                      "Parent Relationship": "Outer",
                      "Parallel Aware": true,
                      "Relation Name": "movie_keyword",
                      "Alias": "mk",
                      "Startup Cost": 12516.31,
                      "Total Cost": 39349.02,
                      "Plan Rows": 190297,
                      "Plan Width": 4,
                      "Actual Startup Time": 42.318,
                      "Actual Total Time": 107.594,
                      "Actual Rows": 151165,
                      "Actual Loops": 4,
                      "Recheck Cond": "(keyword_id < 450)",
                      "Rows Removed by Index Recheck": 0,
                      "Exact Heap Blocks": 6925,
                      "Lossy Heap Blocks": 0,
                      "Plans": [
                        {
                          "Node Type": "Bitmap Index Scan",
                          "Parent Relationship": "Outer",
                          "Parallel Aware": false,
                          "Index Name": "keyword_id_movie_keyword",
                          "Startup Cost": 0.0,
                          "Total Cost": 12368.83,
                          "Plan Rows": 589920,
                          "Plan Width": 0,
                          "Actual Startup Time": 38.555,
                          "Actual Total Time": 38.556,
                          "Actual Rows": 604661,
                          "Actual Loops": 1,
                          "Index Cond": "(keyword_id < 450)"
                        }
                      ]
                    },
                    {
                      "Node Type": "Hash",
                      "Parent Relationship": "Inner",
                      "Parallel Aware": true,
                      "Startup Cost": 37920.59,
                      "Total Cost": 37920.59,
                      "Plan Rows": 22670,
                      "Plan Width": 4,
                      "Actual Startup Time": 78.594,
                      "Actual Total Time": 78.596,
                      "Actual Rows": 22713,
                      "Actual Loops": 4,
                      "Hash Buckets": 131072,
                      "Original Hash Buckets": 131072,
                      "Hash Batches": 1,
                      "Original Hash Batches": 1,
                      "Peak Memory Usage": 4640,
                      "Plans": [
                        {
                          "Node Type": "Bitmap Heap Scan",
                          "Parent Relationship": "Outer",
                          "Parallel Aware": true,
                          "Relation Name": "title",
                          "Alias": "t",
                          "Startup Cost": 1639.21,
                          "Total Cost": 37920.59,
                          "Plan Rows": 22670,
                          "Plan Width": 4,
                          "Actual Startup Time": 23.355,
                          "Actual Total Time": 70.14,
                          "Actual Rows": 22713,
                          "Actual Loops": 4,
                          "Recheck Cond": "(kind_id = 2)",
                          "Rows Removed by Index Recheck": 0,
                          "Exact Heap Blocks": 13479,
                          "Lossy Heap Blocks": 0,
                          "Plans": [
                            {
                              "Node Type": "Bitmap Index Scan",
                              "Parent Relationship": "Outer",
                              "Parallel Aware": false,
                              "Index Name": "kind_id_title",
                              "Startup Cost": 0.0,
                              "Total Cost": 1616.54,
                              "Plan Rows": 90681,
                              "Plan Width": 0,
                              "Actual Startup Time": 19.301,
                              "Actual Total Time": 19.302,
                              "Actual Rows": 90852,
                              "Actual Loops": 1,
                              "Index Cond": "(kind_id = 2)"
                            }
                          ]
                        }
                      ]
                    }
                  ]
                }
              ]
            }
          ]
        }
      ]
    },
    "Planning Time": 0.661,
    "Triggers": [],
    "Execution Time": 238.04
  }
]