[
  {
    "Plan": {
      "Node Type": "Aggregate",
      "Strategy": "Plain",
      "Partial Mode": "Finalize",
      "Parallel Aware": false,
      "Startup Cost": 340824.75,
      "Total Cost": 340824.76,
      "Plan Rows": 1,
      "Plan Width": 8,
      "Actual Startup Time": 782.459,
      "Actual Total Time": 840.487,
      "Actual Rows": 1,
      "Actual Loops": 1,
      "Plans": [
        {
          "Node Type": "Gather",
          "Parent Relationship": "Outer",
          "Parallel Aware": false,
          "Startup Cost": 340824.13,
          "Total Cost": 340824.74,
          "Plan Rows": 6,
          "Plan Width": 8,
          "Actual Startup Time": 782.326,
          "Actual Total Time": 840.477,
          "Actual Rows": 7,
          "Actual Loops": 1,
          "Workers Planned": 6,
          "Workers Launched": 6,
          "Single Copy": false,
          "Plans": [
            {
              "Node Type": "Aggregate",
              "Strategy": "Plain",
              "Partial Mode": "Partial",
              "Parent Relationship": "Outer",
              "Parallel Aware": false,
              "Startup Cost": 339824.13,
              "Total Cost": 339824.14,
              "Plan Rows": 1,
              "Plan Width": 8,
              "Actual Startup Time": 773.913,
              "Actual Total Time": 773.914,
              "Actual Rows": 1,
              "Actual Loops": 7,
              "Plans": [
                {
                  "Node Type": "Seq Scan",
                  "Parent Relationship": "Outer",
                  "Parallel Aware": true,
                  "Relation Name": "cast_info",
                  "Alias": "ci",
                  "Startup Cost": 0.0,
                  "Total Cost": 328162.03,
                  "Plan Rows": 4664841,
                  "Plan Width": 0,
                  "Actual Startup Time": 95.939,
                  "Actual Total Time": 611.291,
                  "Actual Rows": 3979761,
                  "Actual Loops": 7,
                  "Filter": "(person_id > 821914)",
                  "Rows Removed by Filter": 1198003
                }
              ]
            }
          ]
        }
      ]
    },
    "Planning Time": 0.217,
    "Triggers": [],
    "Execution Time": 840.563
  }
]