[
  {
    "Plan": {
      "Node Type": "Aggregate",
      "Strategy": "Plain",
      "Partial Mode": "Finalize",
      "Parallel Aware": false,
      "Startup Cost": 394835.19,
      "Total Cost": 394835.2,
      "Plan Rows": 1,
      "Plan Width": 8,
      "Actual Startup Time": 1672.604,
      "Actual Total Time": 1767.852,
      "Actual Rows": 1,
      "Actual Loops": 1,
      "Plans": [
        {
          "Node Type": "Gather",
          "Parent Relationship": "Outer",
          "Parallel Aware": false,
          "Startup Cost": 394834.87,
          "Total Cost": 394835.18,
          "Plan Rows": 3,
          "Plan Width": 8,
          "Actual Startup Time": 1668.572,
          "Actual Total Time": 1767.842,
          "Actual Rows": 4,
          "Actual Loops": 1,
          "Workers Planned": 3,
          "Workers Launched": 3,
          "Single Copy": false,
          "Plans": [
            {
              "Node Type": "Aggregate",
              "Strategy": "Plain",
              "Partial Mode": "Partial",
              "Parent Relationship": "Outer",
              "Parallel Aware": false,
              "Startup Cost": 393834.87,
              "Total Cost": 393834.88,
              "Plan Rows": 1,
              "Plan Width": 8,
              "Actual Startup Time": 1659.427,
              "Actual Total Time": 1659.431,
              "Actual Rows": 1,
              "Actual Loops": 4,
              "Plans": [
                {
                  "Node Type": "Nested Loop",
                  "Parent Relationship": "Outer",
                  "Parallel Aware": false,
                  "Join Type": "Inner",
                  "Startup Cost": 48075.89,
                  "Total Cost": 390589.07,
                  "Plan Rows": 1298322,
                  "Plan Width": 0,
                  "Actual Startup Time": 176.735,
                  "Actual Total Time": 1595.438,
                  "Actual Rows": 1433264,
                  "Actual Loops": 4,
                  "Inner Unique": false,
                  "Plans": [
                    {
                      "Node Type": "Hash Join",
                      "Parent Relationship": "Outer",
                      "Parallel Aware": true,
                      "Join Type": "Inner",
                      "Startup Cost": 48075.32,
                      "Total Cost": 80213.96,
                      "Plan Rows": 90608,
                      "Plan Width": 8,
                      "Actual Startup Time": 176.645,
                      "Actual Total Time": 329.912,
                      "Actual Rows": 62699,
                      "Actual Loops": 4,
                      "Inner Unique": true,
                      "Hash Cond": "(mc.movie_id = t.id)",
                      "Plans": [
                        {
                          "Node Type": "Seq Scan",
                          "Parent Relationship": "Outer",
                          "Parallel Aware": true,
                          "Relation Name": "movie_companies",
                          "Alias": "mc",
                          "Startup Cost": 0.0,
                          "Total Cost": 31414.82,
                          "Plan Rows": 275741,
                          "Plan Width": 4,
                          "Actual Startup Time": 0.017,
                          "Actual Total Time": 68.549,
                          "Actual Rows": 290274,
                          "Actual Loops": 4,
                          "Filter": "((company_id < 22386) AND (company_type_id = 1))",
                          "Rows Removed by Filter": 362008
                        },
                        {
                          "Node Type": "Hash",
                          "Parent Relationship": "Inner",
                          "Parallel Aware": true,
                          "Startup Cost": 45479.1,
                          "Total Cost": 45479.1,
                          "Plan Rows": 207698,
                          "Plan Width": 4,
                          "Actual Startup Time": 171.726,
                          "Actual Total Time": 171.727,
                          "Actual Rows": 187100,
                          "Actual Loops": 4,
                          "Hash Buckets": 1048576,
                          "Original Hash Buckets": 1048576,
                          "Hash Batches": 1,
                          "Original Hash Batches": 1,
                          "Peak Memory Usage": 37536,
                          "Plans": [
                            {
                              "Node Type": "Seq Scan",
                              "Parent Relationship": "Outer",
                              "Parallel Aware": true,
                              "Relation Name": "title",
                              "Alias": "t",
                              "Startup Cost": 0.0,
                              "Total Cost": 45479.1,
                              "Plan Rows": 207698,
                              "Plan Width": 4,
                              "Actual Startup Time": 0.044,
                              "Actual Total Time": 102.402,
                              "Actual Rows": 187100,
                              "Actual Loops": 4,
                              "Filter": "((kind_id > 2) AND (production_year < 2003))",
                              "Rows Removed by Filter": 444978
                            }
                          ]
                        }
                      ]
                    },
                    {
                      "Node Type": "Index Only Scan",
                      "Parent Relationship": "Inner",
                      "Parallel Aware": false,
                      "Scan Direction": "Forward",
                      "Index Name": "movie_id_cast_info",
                      "Relation Name": "cast_info",
                      "Alias": "ci",
                      "Startup Cost": 0.56,
                      "Total Cost": 3.06,
                      "Plan Rows": 37,
                      "Plan Width": 4,
                      "Actual Startup Time": 0.004,
                      "Actual Total Time": 0.018,
                      "Actual Rows": 23,
                      "Actual Loops": 250797,
                      "Index Cond": "(movie_id = t.id)",
                      "Rows Removed by Index Recheck": 0,
                      "Heap Fetches": 5733054
                    }
                  ]
                }
              ]
            }
          ]
        }
      ]
    },
    "Planning Time": 1.447,
    "Triggers": [],
    "Execution Time": 1767.957
  }
]