[
  {
    "Plan": {
      "Node Type": "Aggregate",
      "Strategy": "Plain",
      "Partial Mode": "Finalize",
      "Parallel Aware": false,
      "Startup Cost": 184091.31,
      "Total Cost": 184091.32,
      "Plan Rows": 1,
      "Plan Width": 8,
      "Actual Startup Time": 114.109,
      "Actual Total Time": 133.514,
      "Actual Rows": 1,
      "Actual Loops": 1,
      "Plans": [
        {
          "Node Type": "Gather",
          "Parent Relationship": "Outer",
          "Parallel Aware": false,
          "Startup Cost": 184090.89,
          "Total Cost": 184091.3,
          "Plan Rows": 4,
          "Plan Width": 8,
          "Actual Startup Time": 113.921,
          "Actual Total Time": 133.508,
          "Actual Rows": 5,
          "Actual Loops": 1,
          "Workers Planned": 4,
          "Workers Launched": 4,
          "Single Copy": false,
          "Plans": [
            {
              "Node Type": "Aggregate",
              "Strategy": "Plain",
              "Partial Mode": "Partial",
              "Parent Relationship": "Outer",
              "Parallel Aware": false,
              "Startup Cost": 183090.89,
              "Total Cost": 183090.9,
              "Plan Rows": 1,
              "Plan Width": 8,
              "Actual Startup Time": 107.961,
              "Actual Total Time": 107.963,
              "Actual Rows": 1,
              "Actual Loops": 5,
              "Plans": [
                {
                  "Node Type": "Nested Loop",
                  "Parent Relationship": "Outer",
                  "Parallel Aware": false,
                  "Join Type": "Inner",
                  "Startup Cost": 0.43,
                  "Total Cost": 183082.61,
                  "Plan Rows": 3311,
                  "Plan Width": 0,
                  "Actual Startup Time": 51.477,
                  "Actual Total Time": 107.614,
                  "Actual Rows": 5741,
                  "Actual Loops": 5,
                  "Inner Unique": false,
                  "Plans": [
                    {
                      "Node Type": "Seq Scan",
                      "Parent Relationship": "Outer",
                      "Parallel Aware": true,
                      "Relation Name": "title",
                      "Alias": "t",
                      "Startup Cost": 0.0,
                      "Total Cost": 45479.59,
                      "Plan Rows": 1359,
                      "Plan Width": 4,
                      "Actual Startup Time": 51.294,
                      "Actual Total Time": 74.775,
                      "Actual Rows": 936,
                      "Actual Loops": 5,
                      "Filter": "((kind_id = 1) AND (production_year = 1987))",
                      "Rows Removed by Filter": 504726
                    },
                    {
                      "Node Type": "Index Scan",
                      "Parent Relationship": "Inner",
                      "Parallel Aware": false,
                      "Scan Direction": "Forward",
                      "Index Name": "movie_id_movie_info",
                      "Relation Name": "movie_info",
                      "Alias": "mi",
                      "Startup Cost": 0.43,
                      "Total Cost": 101.08,
                      "Plan Rows": 17,
                      "Plan Width": 4,
                      "Actual Startup Time": 0.019,
                      "Actual Total Time": 0.034,
                      "Actual Rows": 6,
                      "Actual Loops": 4682,
                      "Index Cond": "(movie_id = t.id)",
                      "Rows Removed by Index Recheck": 0,
                      "Filter": "(info_type_id > 8)",
                      "Rows Removed by Filter": 7
                    }
                  ]
                }
              ]
            }
          ]
        }
      ]
    },
    "Planning Time": 0.699,
    "Triggers": [],
    "Execution Time": 133.587
  }
]