{
    "Plan": {
        "Node Type": "Aggregate",
        "Strategy": "Plain",
        "Partial Mode": "Finalize",
        "Parallel Aware": false,
        "Startup Cost": 287237.73,
        "Total Cost": 287237.74,
        "Plan Rows": 1,
        "Plan Width": 8,
        "Actual Startup Time": 542.569,
        "Actual Total Time": 589.364,
        "Actual Rows": 1,
        "Actual Loops": 1,
        "Output": [
            "count(*)"
        ],
        "Plans": [
            {
                "Node Type": "Gather",
                "Parent Relationship": "Outer",
                "Parallel Aware": false,
                "Startup Cost": 287237.21,
                "Total Cost": 287237.72,
                "Plan Rows": 5,
                "Plan Width": 8,
                "Actual Startup Time": 538.162,
                "Actual Total Time": 589.353,
                "Actual Rows": 6,
                "Actual Loops": 1,
                "Output": [
                    "(PARTIAL count(*))"
                ],
                "Workers Planned": 5,
                "Workers Launched": 5,
                "Single Copy": false,
                "Plans": [
                    {
                        "Node Type": "Aggregate",
                        "Strategy": "Plain",
                        "Partial Mode": "Partial",
                        "Parent Relationship": "Outer",
                        "Parallel Aware": false,
                        "Startup Cost": 286237.21,
                        "Total Cost": 286237.22,
                        "Plan Rows": 1,
                        "Plan Width": 8,
                        "Actual Startup Time": 527.367,
                        "Actual Total Time": 527.372,
                        "Actual Rows": 1,
                        "Actual Loops": 6,
                        "Output": [
                            "PARTIAL count(*)"
                        ],
                        "Workers": [
                            {
                                "Worker Number": 0,
                                "Actual Startup Time": 524.91,
                                "Actual Total Time": 524.914,
                                "Actual Rows": 1,
                                "Actual Loops": 1
                            },
                            {
                                "Worker Number": 1,
                                "Actual Startup Time": 525.126,
                                "Actual Total Time": 525.131,
                                "Actual Rows": 1,
                                "Actual Loops": 1
                            },
                            {
                                "Worker Number": 2,
                                "Actual Startup Time": 525.073,
                                "Actual Total Time": 525.078,
                                "Actual Rows": 1,
                                "Actual Loops": 1
                            },
                            {
                                "Worker Number": 3,
                                "Actual Startup Time": 525.505,
                                "Actual Total Time": 525.509,
                                "Actual Rows": 1,
                                "Actual Loops": 1
                            },
                            {
                                "Worker Number": 4,
                                "Actual Startup Time": 526.284,
                                "Actual Total Time": 526.288,
                                "Actual Rows": 1,
                                "Actual Loops": 1
                            }
                        ],
                        "Plans": [
                            {
                                "Node Type": "Nested Loop",
                                "Parent Relationship": "Outer",
                                "Parallel Aware": false,
                                "Join Type": "Inner",
                                "Startup Cost": 45509.15,
                                "Total Cost": 286184.75,
                                "Plan Rows": 20982,
                                "Plan Width": 0,
                                "Actual Startup Time": 278.818,
                                "Actual Total Time": 520.909,
                                "Actual Rows": 144208,
                                "Actual Loops": 6,
                                "Inner Unique": false,
                                "Workers": [
                                    {
                                        "Worker Number": 0,
                                        "Actual Startup Time": 276.423,
                                        "Actual Total Time": 518.439,
                                        "Actual Rows": 94012,
                                        "Actual Loops": 1
                                    },
                                    {
                                        "Worker Number": 1,
                                        "Actual Startup Time": 276.643,
                                        "Actual Total Time": 519.26,
                                        "Actual Rows": 137515,
                                        "Actual Loops": 1
                                    },
                                    {
                                        "Worker Number": 2,
                                        "Actual Startup Time": 276.625,
                                        "Actual Total Time": 518.772,
                                        "Actual Rows": 149800,
                                        "Actual Loops": 1
                                    },
                                    {
                                        "Worker Number": 3,
                                        "Actual Startup Time": 276.584,
                                        "Actual Total Time": 519.782,
                                        "Actual Rows": 132882,
                                        "Actual Loops": 1
                                    },
                                    {
                                        "Worker Number": 4,
                                        "Actual Startup Time": 277.888,
                                        "Actual Total Time": 519.924,
                                        "Actual Rows": 150282,
                                        "Actual Loops": 1
                                    }
                                ],
                                "Plans": [
                                    {
                                        "Node Type": "Hash Join",
                                        "Parent Relationship": "Outer",
                                        "Parallel Aware": true,
                                        "Join Type": "Inner",
                                        "Startup Cost": 45508.72,
                                        "Total Cost": 244662.83,
                                        "Plan Rows": 21217,
                                        "Plan Width": 8,
                                        "Actual Startup Time": 278.72,
                                        "Actual Total Time": 415.428,
                                        "Actual Rows": 9110,
                                        "Actual Loops": 6,
                                        "Output": [
                                            "t.id",
                                            "mi.movie_id"
                                        ],
                                        "Inner Unique": true,
                                        "Hash Cond": "(mi.movie_id = t.id)",
                                        "Workers": [
                                            {
                                                "Worker Number": 0,
                                                "Actual Startup Time": 276.31,
                                                "Actual Total Time": 410.711,
                                                "Actual Rows": 6303,
                                                "Actual Loops": 1
                                            },
                                            {
                                                "Worker Number": 1,
                                                "Actual Startup Time": 276.555,
                                                "Actual Total Time": 413.141,
                                                "Actual Rows": 9159,
                                                "Actual Loops": 1
                                            },
                                            {
                                                "Worker Number": 2,
                                                "Actual Startup Time": 276.537,
                                                "Actual Total Time": 412.083,
                                                "Actual Rows": 8587,
                                                "Actual Loops": 1
                                            },
                                            {
                                                "Worker Number": 3,
                                                "Actual Startup Time": 276.498,
                                                "Actual Total Time": 414.035,
                                                "Actual Rows": 9528,
                                                "Actual Loops": 1
                                            },
                                            {
                                                "Worker Number": 4,
                                                "Actual Startup Time": 277.699,
                                                "Actual Total Time": 414.216,
                                                "Actual Rows": 8903,
                                                "Actual Loops": 1
                                            }
                                        ],
                                        "Plans": [
                                            {
                                                "Node Type": "Seq Scan",
                                                "Parent Relationship": "Outer",
                                                "Parallel Aware": true,
                                                "Relation Name": "movie_info",
                                                "Schema": "public",
                                                "Alias": "mi",
                                                "Startup Cost": 0.0,
                                                "Total Cost": 198880.74,
                                                "Plan Rows": 104142,
                                                "Plan Width": 4,
                                                "Actual Startup Time": 165.874,
                                                "Actual Total Time": 283.497,
                                                "Actual Rows": 90561,
                                                "Actual Loops": 6,
                                                "Output": [
                                                    "mi.id",
                                                    "mi.movie_id",
                                                    "mi.info_type_id",
                                                    "mi.info",
                                                    "mi.note"
                                                ],
                                                "Filter": "(mi.info_type_id > 98)",
                                                "Rows Removed by Filter": 2382059,
                                                "Workers": [
                                                    {
                                                        "Worker Number": 0,
                                                        "Actual Startup Time": 165.842,
                                                        "Actual Total Time": 283.291,
                                                        "Actual Rows": 59735,
                                                        "Actual Loops": 1
                                                    },
                                                    {
                                                        "Worker Number": 1,
                                                        "Actual Startup Time": 165.884,
                                                        "Actual Total Time": 283.459,
                                                        "Actual Rows": 88723,
                                                        "Actual Loops": 1
                                                    },
                                                    {
                                                        "Worker Number": 2,
                                                        "Actual Startup Time": 165.908,
                                                        "Actual Total Time": 283.397,
                                                        "Actual Rows": 86209,
                                                        "Actual Loops": 1
                                                    },
                                                    {
                                                        "Worker Number": 3,
                                                        "Actual Startup Time": 165.875,
                                                        "Actual Total Time": 283.728,
                                                        "Actual Rows": 91290,
                                                        "Actual Loops": 1
                                                    },
                                                    {
                                                        "Worker Number": 4,
                                                        "Actual Startup Time": 165.879,
                                                        "Actual Total Time": 283.637,
                                                        "Actual Rows": 94971,
                                                        "Actual Loops": 1
                                                    }
                                                ]
                                            },
                                            {
                                                "Node Type": "Hash",
                                                "Parent Relationship": "Inner",
                                                "Parallel Aware": true,
                                                "Startup Cost": 43899.01,
                                                "Total Cost": 43899.01,
                                                "Plan Rows": 128777,
                                                "Plan Width": 4,
                                                "Actual Startup Time": 110.513,
                                                "Actual Total Time": 110.514,
                                                "Actual Rows": 84826,
                                                "Actual Loops": 6,
                                                "Output": [
                                                    "t.id"
                                                ],
                                                "Hash Buckets": 524288,
                                                "Original Hash Buckets": 524288,
                                                "Hash Batches": 1,
                                                "Original Hash Batches": 1,
                                                "Peak Memory Usage": 24128,
                                                "Workers": [
                                                    {
                                                        "Worker Number": 0,
                                                        "Actual Startup Time": 110.028,
                                                        "Actual Total Time": 110.029,
                                                        "Actual Rows": 62450,
                                                        "Actual Loops": 1
                                                    },
                                                    {
                                                        "Worker Number": 1,
                                                        "Actual Startup Time": 110.197,
                                                        "Actual Total Time": 110.199,
                                                        "Actual Rows": 79676,
                                                        "Actual Loops": 1
                                                    },
                                                    {
                                                        "Worker Number": 2,
                                                        "Actual Startup Time": 110.122,
                                                        "Actual Total Time": 110.123,
                                                        "Actual Rows": 79955,
                                                        "Actual Loops": 1
                                                    },
                                                    {
                                                        "Worker Number": 3,
                                                        "Actual Startup Time": 110.133,
                                                        "Actual Total Time": 110.135,
                                                        "Actual Rows": 82684,
                                                        "Actual Loops": 1
                                                    },
                                                    {
                                                        "Worker Number": 4,
                                                        "Actual Startup Time": 111.394,
                                                        "Actual Total Time": 111.396,
                                                        "Actual Rows": 85255,
                                                        "Actual Loops": 1
                                                    }
                                                ],
                                                "Plans": [
                                                    {
                                                        "Node Type": "Seq Scan",
                                                        "Parent Relationship": "Outer",
                                                        "Parallel Aware": true,
                                                        "Relation Name": "title",
                                                        "Schema": "public",
                                                        "Alias": "t",
                                                        "Startup Cost": 0.0,
                                                        "Total Cost": 43899.01,
                                                        "Plan Rows": 128777,
                                                        "Plan Width": 4,
                                                        "Actual Startup Time": 0.07,
                                                        "Actual Total Time": 77.583,
                                                        "Actual Rows": 84826,
                                                        "Actual Loops": 6,
                                                        "Output": [
                                                            "t.id"
                                                        ],
                                                        "Filter": "(t.production_year < 1980)",
                                                        "Rows Removed by Filter": 336560,
                                                        "Workers": [
                                                            {
                                                                "Worker Number": 0,
                                                                "Actual Startup Time": 0.067,
                                                                "Actual Total Time": 80.155,
                                                                "Actual Rows": 62450,
                                                                "Actual Loops": 1
                                                            },
                                                            {
                                                                "Worker Number": 1,
                                                                "Actual Startup Time": 0.071,
                                                                "Actual Total Time": 77.485,
                                                                "Actual Rows": 79676,
                                                                "Actual Loops": 1
                                                            },
                                                            {
                                                                "Worker Number": 2,
                                                                "Actual Startup Time": 0.056,
                                                                "Actual Total Time": 77.936,
                                                                "Actual Rows": 79955,
                                                                "Actual Loops": 1
                                                            },
                                                            {
                                                                "Worker Number": 3,
                                                                "Actual Startup Time": 0.071,
                                                                "Actual Total Time": 78.313,
                                                                "Actual Rows": 82684,
                                                                "Actual Loops": 1
                                                            },
                                                            {
                                                                "Worker Number": 4,
                                                                "Actual Startup Time": 0.139,
                                                                "Actual Total Time": 78.809,
                                                                "Actual Rows": 85255,
                                                                "Actual Loops": 1
                                                            }
                                                        ]
                                                    }
                                                ]
                                            }
                                        ]
                                    },
                                    {
                                        "Node Type": "Index Scan",
                                        "Parent Relationship": "Inner",
                                        "Parallel Aware": false,
                                        "Scan Direction": "Forward",
                                        "Index Name": "movie_id_movie_keyword",
                                        "Relation Name": "movie_keyword",
                                        "Schema": "public",
                                        "Alias": "mk",
                                        "Startup Cost": 0.43,
                                        "Total Cost": 1.71,
                                        "Plan Rows": 25,
                                        "Plan Width": 4,
                                        "Actual Startup Time": 0.006,
                                        "Actual Total Time": 0.01,
                                        "Actual Rows": 16,
                                        "Actual Loops": 54658,
                                        "Output": [
                                            "mk.id",
                                            "mk.movie_id",
                                            "mk.keyword_id"
                                        ],
                                        "Index Cond": "(mk.movie_id = t.id)",
                                        "Rows Removed by Index Recheck": 0,
                                        "Filter": "(mk.keyword_id < 6209)",
                                        "Rows Removed by Filter": 15,
                                        "Workers": [
                                            {
                                                "Worker Number": 0,
                                                "Actual Startup Time": 0.009,
                                                "Actual Total Time": 0.015,
                                                "Actual Rows": 15,
                                                "Actual Loops": 6303
                                            },
                                            {
                                                "Worker Number": 1,
                                                "Actual Startup Time": 0.007,
                                                "Actual Total Time": 0.01,
                                                "Actual Rows": 15,
                                                "Actual Loops": 9159
                                            },
                                            {
                                                "Worker Number": 2,
                                                "Actual Startup Time": 0.007,
                                                "Actual Total Time": 0.011,
                                                "Actual Rows": 17,
                                                "Actual Loops": 8587
                                            },
                                            {
                                                "Worker Number": 3,
                                                "Actual Startup Time": 0.007,
                                                "Actual Total Time": 0.01,
                                                "Actual Rows": 14,
                                                "Actual Loops": 9528
                                            },
                                            {
                                                "Worker Number": 4,
                                                "Actual Startup Time": 0.006,
                                                "Actual Total Time": 0.01,
                                                "Actual Rows": 17,
                                                "Actual Loops": 8903
                                            }
                                        ]
                                    }
                                ]
                            }
                        ]
                    }
                ]
            }
        ]
    },
    "Planning Time": 1.52,
    "Triggers": [],
    "Execution Time": 589.464
}