{
  "Plan": {
    "Node Type": "Aggregate",
    "Strategy": "Plain",
    "Partial Mode": "Finalize",
    "Parallel Aware": false,
    "Startup Cost": 341080.22,
    "Total Cost": 341080.23,
    "Plan Rows": 1,
    "Plan Width": 8,
    "Actual Startup Time": 475.596,
    "Actual Total Time": 491.761,
    "Actual Rows": 1,
    "Actual Loops": 1,
    "Plans": [
      {
        "Node Type": "Gather",
        "Parent Relationship": "Outer",
        "Parallel Aware": false,
        "Startup Cost": 341080.11,
        "Total Cost": 341080.22,
        "Plan Rows": 1,
        "Plan Width": 8,
        "Actual Startup Time": 474.161,
        "Actual Total Time": 491.747,
        "Actual Rows": 2,
        "Actual Loops": 1,
        "Workers Planned": 1,
        "Workers Launched": 1,
        "Single Copy": false,
        "Plans": [
          {
            "Node Type": "Aggregate",
            "Strategy": "Plain",
            "Partial Mode": "Partial",
            "Parent Relationship": "Outer",
            "Parallel Aware": false,
            "Startup Cost": 340080.11,
            "Total Cost": 340080.12,
            "Plan Rows": 1,
            "Plan Width": 8,
            "Actual Startup Time": 468.222,
            "Actual Total Time": 468.227,
            "Actual Rows": 1,
            "Actual Loops": 2,
            "Plans": [
              {
                "Node Type": "Hash Join",
                "Parent Relationship": "Outer",
                "Parallel Aware": true,
                "Join Type": "Inner",
                "Startup Cost": 78643.88,
                "Total Cost": 339861.99,
                "Plan Rows": 87250,
                "Plan Width": 0,
                "Actual Startup Time": 282.908,
                "Actual Total Time": 464.333,
                "Actual Rows": 73536,
                "Actual Loops": 2,
                "Inner Unique": true,
                "Hash Cond": "(ci.movie_id = t.id)",
                "Plans": [
                  {
                    "Node Type": "Bitmap Heap Scan",
                    "Parent Relationship": "Outer",
                    "Parallel Aware": true,
                    "Relation Name": "cast_info",
                    "Alias": "ci",
                    "Startup Cost": 21179.79,
                    "Total Cost": 280917.29,
                    "Plan Rows": 564040,
                    "Plan Width": 4,
                    "Actual Startup Time": 32.164,
                    "Actual Total Time": 95.198,
                    "Actual Rows": 476608,
                    "Actual Loops": 2,
                    "Recheck Cond": "(person_id < 98750)",
                    "Rows Removed by Index Recheck": 0,
                    "Exact Heap Blocks": 6380,
                    "Lossy Heap Blocks": 0,
                    "Plans": [
                      {
                        "Node Type": "Bitmap Index Scan",
                        "Parent Relationship": "Outer",
                        "Parallel Aware": false,
                        "Index Name": "person_id_cast_info",
                        "Startup Cost": 0.0,
                        "Total Cost": 20940.07,
                        "Plan Rows": 958868,
                        "Plan Width": 0,
                        "Actual Startup Time": 30.709,
                        "Actual Total Time": 30.71,
                        "Actual Rows": 953216,
                        "Actual Loops": 1,
                        "Index Cond": "(person_id < 98750)"
                      }
                    ]
                  },
                  {
                    "Node Type": "Hash",
                    "Parent Relationship": "Inner",
                    "Parallel Aware": true,
                    "Startup Cost": 54588.39,
                    "Total Cost": 54588.39,
                    "Plan Rows": 230056,
                    "Plan Width": 4,
                    "Actual Startup Time": 245.216,
                    "Actual Total Time": 245.217,
                    "Actual Rows": 195833,
                    "Actual Loops": 2,
                    "Hash Buckets": 524288,
                    "Original Hash Buckets": 524288,
                    "Hash Batches": 1,
                    "Original Hash Batches": 1,
                    "Peak Memory Usage": 19456,
                    "Plans": [
                      {
                        "Node Type": "Seq Scan",
                        "Parent Relationship": "Outer",
                        "Parallel Aware": true,
                        "Relation Name": "title",
                        "Alias": "t",
                        "Startup Cost": 0.0,
                        "Total Cost": 54588.39,
                        "Plan Rows": 230056,
                        "Plan Width": 4,
                        "Actual Startup Time": 0.023,
                        "Actual Total Time": 175.895,
                        "Actual Rows": 195833,
                        "Actual Loops": 2,
                        "Filter": "(production_year > 2010)",
                        "Rows Removed by Filter": 1068323
                      }
                    ]
                  }
                ]
              }
            ]
          }
        ]
      }
    ]
  },
  "Planning Time": 0.604,
  "Triggers": [],
  "Execution Time": 491.86
}