{
    "Plan": {
        "Node Type": "Aggregate",
        "Strategy": "Plain",
        "Partial Mode": "Finalize",
        "Parallel Aware": false,
        "Startup Cost": 389513.39,
        "Total Cost": 389513.4,
        "Plan Rows": 1,
        "Plan Width": 8,
        "Actual Startup Time": 1626.465,
        "Actual Total Time": 1669.155,
        "Actual Rows": 1,
        "Actual Loops": 1,
        "Output": [
            "count(*)"
        ],
        "Plans": [
            {
                "Node Type": "Gather",
                "Parent Relationship": "Outer",
                "Parallel Aware": false,
                "Startup Cost": 389512.77,
                "Total Cost": 389513.38,
                "Plan Rows": 6,
                "Plan Width": 8,
                "Actual Startup Time": 1618.383,
                "Actual Total Time": 1669.145,
                "Actual Rows": 7,
                "Actual Loops": 1,
                "Output": [
                    "(PARTIAL count(*))"
                ],
                "Workers Planned": 6,
                "Workers Launched": 6,
                "Single Copy": false,
                "Plans": [
                    {
                        "Node Type": "Aggregate",
                        "Strategy": "Plain",
                        "Partial Mode": "Partial",
                        "Parent Relationship": "Outer",
                        "Parallel Aware": false,
                        "Startup Cost": 388512.77,
                        "Total Cost": 388512.78,
                        "Plan Rows": 1,
                        "Plan Width": 8,
                        "Actual Startup Time": 1607.574,
                        "Actual Total Time": 1607.577,
                        "Actual Rows": 1,
                        "Actual Loops": 7,
                        "Output": [
                            "PARTIAL count(*)"
                        ],
                        "Workers": [
                            {
                                "Worker Number": 0,
                                "Actual Startup Time": 1605.56,
                                "Actual Total Time": 1605.562,
                                "Actual Rows": 1,
                                "Actual Loops": 1
                            },
                            {
                                "Worker Number": 1,
                                "Actual Startup Time": 1605.65,
                                "Actual Total Time": 1605.654,
                                "Actual Rows": 1,
                                "Actual Loops": 1
                            },
                            {
                                "Worker Number": 2,
                                "Actual Startup Time": 1605.759,
                                "Actual Total Time": 1605.762,
                                "Actual Rows": 1,
                                "Actual Loops": 1
                            },
                            {
                                "Worker Number": 3,
                                "Actual Startup Time": 1605.77,
                                "Actual Total Time": 1605.773,
                                "Actual Rows": 1,
                                "Actual Loops": 1
                            },
                            {
                                "Worker Number": 4,
                                "Actual Startup Time": 1606.033,
                                "Actual Total Time": 1606.036,
                                "Actual Rows": 1,
                                "Actual Loops": 1
                            },
                            {
                                "Worker Number": 5,
                                "Actual Startup Time": 1606.72,
                                "Actual Total Time": 1606.722,
                                "Actual Rows": 1,
                                "Actual Loops": 1
                            }
                        ],
                        "Plans": [
                            {
                                "Node Type": "Hash Join",
                                "Parent Relationship": "Outer",
                                "Parallel Aware": true,
                                "Join Type": "Inner",
                                "Startup Cost": 46602.73,
                                "Total Cost": 385146.22,
                                "Plan Rows": 1346619,
                                "Plan Width": 0,
                                "Actual Startup Time": 126.227,
                                "Actual Total Time": 1556.63,
                                "Actual Rows": 1233579,
                                "Actual Loops": 7,
                                "Inner Unique": true,
                                "Hash Cond": "(ci.movie_id = t.id)",
                                "Workers": [
                                    {
                                        "Worker Number": 0,
                                        "Actual Startup Time": 124.358,
                                        "Actual Total Time": 1554.875,
                                        "Actual Rows": 1228813,
                                        "Actual Loops": 1
                                    },
                                    {
                                        "Worker Number": 1,
                                        "Actual Startup Time": 124.318,
                                        "Actual Total Time": 1558.185,
                                        "Actual Rows": 1154271,
                                        "Actual Loops": 1
                                    },
                                    {
                                        "Worker Number": 2,
                                        "Actual Startup Time": 124.511,
                                        "Actual Total Time": 1558.299,
                                        "Actual Rows": 1163641,
                                        "Actual Loops": 1
                                    },
                                    {
                                        "Worker Number": 3,
                                        "Actual Startup Time": 124.495,
                                        "Actual Total Time": 1558.436,
                                        "Actual Rows": 1157243,
                                        "Actual Loops": 1
                                    },
                                    {
                                        "Worker Number": 4,
                                        "Actual Startup Time": 124.696,
                                        "Actual Total Time": 1554.779,
                                        "Actual Rows": 1255316,
                                        "Actual Loops": 1
                                    },
                                    {
                                        "Worker Number": 5,
                                        "Actual Startup Time": 124.938,
                                        "Actual Total Time": 1555.749,
                                        "Actual Rows": 1250864,
                                        "Actual Loops": 1
                                    }
                                ],
                                "Plans": [
                                    {
                                        "Node Type": "Seq Scan",
                                        "Parent Relationship": "Outer",
                                        "Parallel Aware": true,
                                        "Relation Name": "cast_info",
                                        "Schema": "public",
                                        "Alias": "ci",
                                        "Startup Cost": 0.0,
                                        "Total Cost": 328213.62,
                                        "Plan Rows": 3935180,
                                        "Plan Width": 4,
                                        "Actual Startup Time": 0.034,
                                        "Actual Total Time": 569.446,
                                        "Actual Rows": 3349076,
                                        "Actual Loops": 7,
                                        "Output": [
                                            "ci.id",
                                            "ci.person_id",
                                            "ci.movie_id",
                                            "ci.person_role_id",
                                            "ci.note",
                                            "ci.nr_order",
                                            "ci.role_id"
                                        ],
                                        "Filter": "(ci.person_id < 2399753)",
                                        "Rows Removed by Filter": 1828687,
                                        "Workers": [
                                            {
                                                "Worker Number": 0,
                                                "Actual Startup Time": 0.039,
                                                "Actual Total Time": 584.204,
                                                "Actual Rows": 3323373,
                                                "Actual Loops": 1
                                            },
                                            {
                                                "Worker Number": 1,
                                                "Actual Startup Time": 0.047,
                                                "Actual Total Time": 571.316,
                                                "Actual Rows": 3134622,
                                                "Actual Loops": 1
                                            },
                                            {
                                                "Worker Number": 2,
                                                "Actual Startup Time": 0.029,
                                                "Actual Total Time": 571.877,
                                                "Actual Rows": 3158512,
                                                "Actual Loops": 1
                                            },
                                            {
                                                "Worker Number": 3,
                                                "Actual Startup Time": 0.045,
                                                "Actual Total Time": 571.456,
                                                "Actual Rows": 3151105,
                                                "Actual Loops": 1
                                            },
                                            {
                                                "Worker Number": 4,
                                                "Actual Startup Time": 0.037,
                                                "Actual Total Time": 587.023,
                                                "Actual Rows": 3404158,
                                                "Actual Loops": 1
                                            },
                                            {
                                                "Worker Number": 5,
                                                "Actual Startup Time": 0.03,
                                                "Actual Total Time": 586.922,
                                                "Actual Rows": 3392900,
                                                "Actual Loops": 1
                                            }
                                        ]
                                    },
                                    {
                                        "Node Type": "Hash",
                                        "Parent Relationship": "Inner",
                                        "Parallel Aware": true,
                                        "Startup Cost": 43899.01,
                                        "Total Cost": 43899.01,
                                        "Plan Rows": 216298,
                                        "Plan Width": 4,
                                        "Actual Startup Time": 122.675,
                                        "Actual Total Time": 122.676,
                                        "Actual Rows": 122031,
                                        "Actual Loops": 7,
                                        "Output": [
                                            "t.id"
                                        ],
                                        "Hash Buckets": 1048576,
                                        "Original Hash Buckets": 1048576,
                                        "Hash Batches": 1,
                                        "Original Hash Batches": 1,
                                        "Peak Memory Usage": 41696,
                                        "Workers": [
                                            {
                                                "Worker Number": 0,
                                                "Actual Startup Time": 123.378,
                                                "Actual Total Time": 123.379,
                                                "Actual Rows": 121025,
                                                "Actual Loops": 1
                                            },
                                            {
                                                "Worker Number": 1,
                                                "Actual Startup Time": 123.454,
                                                "Actual Total Time": 123.455,
                                                "Actual Rows": 111757,
                                                "Actual Loops": 1
                                            },
                                            {
                                                "Worker Number": 2,
                                                "Actual Startup Time": 123.486,
                                                "Actual Total Time": 123.487,
                                                "Actual Rows": 112694,
                                                "Actual Loops": 1
                                            },
                                            {
                                                "Worker Number": 3,
                                                "Actual Startup Time": 123.445,
                                                "Actual Total Time": 123.446,
                                                "Actual Rows": 113130,
                                                "Actual Loops": 1
                                            },
                                            {
                                                "Worker Number": 4,
                                                "Actual Startup Time": 124.043,
                                                "Actual Total Time": 124.044,
                                                "Actual Rows": 121424,
                                                "Actual Loops": 1
                                            },
                                            {
                                                "Worker Number": 5,
                                                "Actual Startup Time": 124.036,
                                                "Actual Total Time": 124.037,
                                                "Actual Rows": 121368,
                                                "Actual Loops": 1
                                            }
                                        ],
                                        "Plans": [
                                            {
                                                "Node Type": "Seq Scan",
                                                "Parent Relationship": "Outer",
                                                "Parallel Aware": true,
                                                "Relation Name": "title",
                                                "Schema": "public",
                                                "Alias": "t",
                                                "Startup Cost": 0.0,
                                                "Total Cost": 43899.01,
                                                "Plan Rows": 216298,
                                                "Plan Width": 4,
                                                "Actual Startup Time": 0.063,
                                                "Actual Total Time": 71.671,
                                                "Actual Rows": 122031,
                                                "Actual Loops": 7,
                                                "Output": [
                                                    "t.id"
                                                ],
                                                "Filter": "(t.kind_id < 4)",
                                                "Rows Removed by Filter": 239157,
                                                "Workers": [
                                                    {
                                                        "Worker Number": 0,
                                                        "Actual Startup Time": 0.088,
                                                        "Actual Total Time": 72.334,
                                                        "Actual Rows": 121025,
                                                        "Actual Loops": 1
                                                    },
                                                    {
                                                        "Worker Number": 1,
                                                        "Actual Startup Time": 0.07,
                                                        "Actual Total Time": 71.557,
                                                        "Actual Rows": 111757,
                                                        "Actual Loops": 1
                                                    },
                                                    {
                                                        "Worker Number": 2,
                                                        "Actual Startup Time": 0.074,
                                                        "Actual Total Time": 71.674,
                                                        "Actual Rows": 112694,
                                                        "Actual Loops": 1
                                                    },
                                                    {
                                                        "Worker Number": 3,
                                                        "Actual Startup Time": 0.066,
                                                        "Actual Total Time": 72.551,
                                                        "Actual Rows": 113130,
                                                        "Actual Loops": 1
                                                    },
                                                    {
                                                        "Worker Number": 4,
                                                        "Actual Startup Time": 0.061,
                                                        "Actual Total Time": 72.38,
                                                        "Actual Rows": 121424,
                                                        "Actual Loops": 1
                                                    },
                                                    {
                                                        "Worker Number": 5,
                                                        "Actual Startup Time": 0.062,
                                                        "Actual Total Time": 72.835,
                                                        "Actual Rows": 121368,
                                                        "Actual Loops": 1
                                                    }
                                                ]
                                            }
                                        ]
                                    }
                                ]
                            }
                        ]
                    }
                ]
            }
        ]
    },
    "Planning Time": 0.772,
    "Triggers": [],
    "Execution Time": 1669.239
}