[
  {
    "Plan": {
      "Node Type": "Aggregate",
      "Strategy": "Plain",
      "Partial Mode": "Finalize",
      "Parallel Aware": false,
      "Startup Cost": 129766.8,
      "Total Cost": 129766.81,
      "Plan Rows": 1,
      "Plan Width": 8,
      "Actual Startup Time": 657.359,
      "Actual Total Time": 681.893,
      "Actual Rows": 1,
      "Actual Loops": 1,
      "Plans": [
        {
          "Node Type": "Gather",
          "Parent Relationship": "Outer",
          "Parallel Aware": false,
          "Startup Cost": 129766.49,
          "Total Cost": 129766.8,
          "Plan Rows": 3,
          "Plan Width": 8,
          "Actual Startup Time": 642.6,
          "Actual Total Time": 681.885,
          "Actual Rows": 4,
          "Actual Loops": 1,
          "Workers Planned": 3,
          "Workers Launched": 3,
          "Single Copy": false,
          "Plans": [
            {
              "Node Type": "Aggregate",
              "Strategy": "Plain",
              "Partial Mode": "Partial",
              "Parent Relationship": "Outer",
              "Parallel Aware": false,
              "Startup Cost": 128766.49,
              "Total Cost": 128766.5,
              "Plan Rows": 1,
              "Plan Width": 8,
              "Actual Startup Time": 633.001,
              "Actual Total Time": 633.008,
              "Actual Rows": 1,
              "Actual Loops": 4,
              "Plans": [
                {
                  "Node Type": "Hash Join",
                  "Parent Relationship": "Outer",
                  "Parallel Aware": true,
                  "Join Type": "Inner",
                  "Startup Cost": 84230.7,
                  "Total Cost": 128571.14,
                  "Plan Rows": 78140,
                  "Plan Width": 0,
                  "Actual Startup Time": 504.821,
                  "Actual Total Time": 620.94,
                  "Actual Rows": 296397,
                  "Actual Loops": 4,
                  "Inner Unique": false,
                  "Hash Cond": "(mk.movie_id = t.id)",
                  "Plans": [
                    {
                      "Node Type": "Seq Scan",
                      "Parent Relationship": "Outer",
                      "Parallel Aware": true,
                      "Relation Name": "movie_keyword",
                      "Alias": "mk",
                      "Startup Cost": 0.0,
                      "Total Cost": 42695.65,
                      "Plan Rows": 371394,
                      "Plan Width": 4,
                      "Actual Startup Time": 1.259,
                      "Actual Total Time": 88.349,
                      "Actual Rows": 289476,
                      "Actual Loops": 4,
                      "Filter": "(keyword_id > 16131)",
                      "Rows Removed by Filter": 841507
                    },
                    {
                      "Node Type": "Hash",
                      "Parent Relationship": "Inner",
                      "Parallel Aware": true,
                      "Startup Cost": 82085.66,
                      "Total Cost": 82085.66,
                      "Plan Rows": 171603,
                      "Plan Width": 8,
                      "Actual Startup Time": 475.188,
                      "Actual Total Time": 475.192,
                      "Actual Rows": 59557,
                      "Actual Loops": 4,
                      "Hash Buckets": 1048576,
                      "Original Hash Buckets": 1048576,
                      "Hash Batches": 1,
                      "Original Hash Batches": 1,
                      "Peak Memory Usage": 17600,
                      "Plans": [
                        {
                          "Node Type": "Hash Join",
                          "Parent Relationship": "Outer",
                          "Parallel Aware": true,
                          "Join Type": "Inner",
                          "Startup Cost": 50220.38,
                          "Total Cost": 82085.66,
                          "Plan Rows": 171603,
                          "Plan Width": 8,
                          "Actual Startup Time": 367.868,
                          "Actual Total Time": 445.008,
                          "Actual Rows": 59557,
                          "Actual Loops": 4,
                          "Inner Unique": true,
                          "Hash Cond": "(mc.movie_id = t.id)",
                          "Plans": [
                            {
                              "Node Type": "Seq Scan",
                              "Parent Relationship": "Outer",
                              "Parallel Aware": true,
                              "Relation Name": "movie_companies",
                              "Alias": "mc",
                              "Startup Cost": 0.0,
                              "Total Cost": 31414.82,
                              "Plan Rows": 171603,
                              "Plan Width": 4,
                              "Actual Startup Time": 9.762,
                              "Actual Total Time": 61.458,
                              "Actual Rows": 59557,
                              "Actual Loops": 4,
                              "Filter": "((company_id > 14328) AND (company_type_id = 1))",
                              "Rows Removed by Filter": 592725
                            },
                            {
                              "Node Type": "Hash",
                              "Parent Relationship": "Inner",
                              "Parallel Aware": true,
                              "Startup Cost": 42319.06,
                              "Total Cost": 42319.06,
                              "Plan Rows": 632106,
                              "Plan Width": 4,
                              "Actual Startup Time": 349.957,
                              "Actual Total Time": 349.959,
                              "Actual Rows": 632078,
                              "Actual Loops": 4,
                              "Hash Buckets": 4194304,
                              "Original Hash Buckets": 4194304,
                              "Hash Batches": 1,
                              "Original Hash Batches": 1,
                              "Peak Memory Usage": 131712,
                              "Plans": [
                                {
                                  "Node Type": "Seq Scan",
                                  "Parent Relationship": "Outer",
                                  "Parallel Aware": true,
                                  "Relation Name": "title",
                                  "Alias": "t",
                                  "Startup Cost": 0.0,
                                  "Total Cost": 42319.06,
                                  "Plan Rows": 632106,
                                  "Plan Width": 4,
                                  "Actual Startup Time": 0.055,
                                  "Actual Total Time": 97.368,
                                  "Actual Rows": 632078,
                                  "Actual Loops": 4
                                }
                              ]
                            }
                          ]
                        }
                      ]
                    }
                  ]
                }
              ]
            }
          ]
        }
      ]
    },
    "Planning Time": 1.459,
    "Triggers": [],
    "Execution Time": 681.97
  }
]