[
  {
    "Plan": {
      "Node Type": "Aggregate",
      "Strategy": "Plain",
      "Partial Mode": "Finalize",
      "Parallel Aware": false,
      "Startup Cost": 126588.94,
      "Total Cost": 126588.95,
      "Plan Rows": 1,
      "Plan Width": 8,
      "Actual Startup Time": 595.916,
      "Actual Total Time": 619.027,
      "Actual Rows": 1,
      "Actual Loops": 1,
      "Plans": [
        {
          "Node Type": "Gather",
          "Parent Relationship": "Outer",
          "Parallel Aware": false,
          "Startup Cost": 126588.63,
          "Total Cost": 126588.94,
          "Plan Rows": 3,
          "Plan Width": 8,
          "Actual Startup Time": 592.87,
          "Actual Total Time": 619.018,
          "Actual Rows": 4,
          "Actual Loops": 1,
          "Workers Planned": 3,
          "Workers Launched": 3,
          "Single Copy": false,
          "Plans": [
            {
              "Node Type": "Aggregate",
              "Strategy": "Plain",
              "Partial Mode": "Partial",
              "Parent Relationship": "Outer",
              "Parallel Aware": false,
              "Startup Cost": 125588.63,
              "Total Cost": 125588.64,
              "Plan Rows": 1,
              "Plan Width": 8,
              "Actual Startup Time": 583.306,
              "Actual Total Time": 583.312,
              "Actual Rows": 1,
              "Actual Loops": 4,
              "Plans": [
                {
                  "Node Type": "Hash Join",
                  "Parent Relationship": "Outer",
                  "Parallel Aware": true,
                  "Join Type": "Inner",
                  "Startup Cost": 81109.63,
                  "Total Cost": 125394.03,
                  "Plan Rows": 77840,
                  "Plan Width": 0,
                  "Actual Startup Time": 411.48,
                  "Actual Total Time": 566.929,
                  "Actual Rows": 296397,
                  "Actual Loops": 4,
                  "Inner Unique": false,
                  "Hash Cond": "(mk.movie_id = t.id)",
                  "Plans": [
                    {
                      "Node Type": "Seq Scan",
                      "Parent Relationship": "Outer",
                      "Parallel Aware": true,
                      "Relation Name": "movie_keyword",
                      "Alias": "mk",
                      "Startup Cost": 0.0,
                      "Total Cost": 42695.65,
                      "Plan Rows": 371773,
                      "Plan Width": 4,
                      "Actual Startup Time": 1.483,
                      "Actual Total Time": 117.139,
                      "Actual Rows": 289476,
                      "Actual Loops": 4,
                      "Filter": "(keyword_id > 16131)",
                      "Rows Removed by Filter": 841507
                    },
                    {
                      "Node Type": "Hash",
                      "Parent Relationship": "Inner",
                      "Parallel Aware": true,
                      "Startup Cost": 79455.36,
                      "Total Cost": 79455.36,
                      "Plan Rows": 132341,
                      "Plan Width": 8,
                      "Actual Startup Time": 375.576,
                      "Actual Total Time": 375.58,
                      "Actual Rows": 59557,
                      "Actual Loops": 4,
                      "Hash Buckets": 1048576,
                      "Original Hash Buckets": 1048576,
                      "Hash Batches": 1,
                      "Original Hash Batches": 1,
                      "Peak Memory Usage": 17568,
                      "Plans": [
                        {
                          "Node Type": "Hash Join",
                          "Parent Relationship": "Outer",
                          "Parallel Aware": true,
                          "Join Type": "Inner",
                          "Startup Cost": 33549.36,
                          "Total Cost": 79455.36,
                          "Plan Rows": 132341,
                          "Plan Width": 8,
                          "Actual Startup Time": 245.802,
                          "Actual Total Time": 348.884,
                          "Actual Rows": 59557,
                          "Actual Loops": 4,
                          "Inner Unique": false,
                          "Hash Cond": "(t.id = mc.movie_id)",
                          "Plans": [
                            {
                              "Node Type": "Seq Scan",
                              "Parent Relationship": "Outer",
                              "Parallel Aware": true,
                              "Relation Name": "title",
                              "Alias": "t",
                              "Startup Cost": 0.0,
                              "Total Cost": 42318.73,
                              "Plan Rows": 632073,
                              "Plan Width": 4,
                              "Actual Startup Time": 0.011,
                              "Actual Total Time": 92.269,
                              "Actual Rows": 632078,
                              "Actual Loops": 4
                            },
                            {
                              "Node Type": "Hash",
                              "Parent Relationship": "Inner",
                              "Parallel Aware": true,
                              "Startup Cost": 31414.82,
                              "Total Cost": 31414.82,
                              "Plan Rows": 170763,
                              "Plan Width": 4,
                              "Actual Startup Time": 123.491,
                              "Actual Total Time": 123.492,
                              "Actual Rows": 59557,
                              "Actual Loops": 4,
                              "Hash Buckets": 1048576,
                              "Original Hash Buckets": 1048576,
                              "Hash Batches": 1,
                              "Original Hash Batches": 1,
                              "Peak Memory Usage": 17600,
                              "Plans": [
                                {
                                  "Node Type": "Seq Scan",
                                  "Parent Relationship": "Outer",
                                  "Parallel Aware": true,
                                  "Relation Name": "movie_companies",
                                  "Alias": "mc",
                                  "Startup Cost": 0.0,
                                  "Total Cost": 31414.82,
                                  "Plan Rows": 170763,
                                  "Plan Width": 4,
                                  "Actual Startup Time": 22.96,
                                  "Actual Total Time": 92.354,
                                  "Actual Rows": 59557,
                                  "Actual Loops": 4,
                                  "Filter": "((company_id > 14328) AND (company_type_id = 1))",
                                  "Rows Removed by Filter": 592725
                                }
                              ]
                            }
                          ]
                        }
                      ]
                    }
                  ]
                }
              ]
            }
          ]
        }
      ]
    },
    "Planning Time": 1.529,
    "Triggers": [],
    "Execution Time": 619.118
  }
]