[
    {
        "Bao": {
            "Bao prediction": "NaN",
            "Bao recommended hint": "(no hint)"
        }
    },
    {
        "Plan": {
            "Node Type": "Aggregate",
            "Strategy": "Plain",
            "Partial Mode": "Finalize",
            "Parallel Aware": false,
            "Startup Cost": 345026.07,
            "Total Cost": 345026.08,
            "Plan Rows": 1,
            "Plan Width": 8,
            "Actual Startup Time": 724.874,
            "Actual Total Time": 756.186,
            "Actual Rows": 1,
            "Actual Loops": 1,
            "Output": [
                "count(*)"
            ],
            "Plans": [
                {
                    "Node Type": "Gather",
                    "Parent Relationship": "Outer",
                    "Parallel Aware": false,
                    "Startup Cost": 345025.45,
                    "Total Cost": 345026.06,
                    "Plan Rows": 6,
                    "Plan Width": 8,
                    "Actual Startup Time": 724.722,
                    "Actual Total Time": 756.175,
                    "Actual Rows": 7,
                    "Actual Loops": 1,
                    "Output": [
                        "(PARTIAL count(*))"
                    ],
                    "Workers Planned": 6,
                    "Workers Launched": 6,
                    "Single Copy": false,
                    "Plans": [
                        {
                            "Node Type": "Aggregate",
                            "Strategy": "Plain",
                            "Partial Mode": "Partial",
                            "Parent Relationship": "Outer",
                            "Parallel Aware": false,
                            "Startup Cost": 344025.45,
                            "Total Cost": 344025.46,
                            "Plan Rows": 1,
                            "Plan Width": 8,
                            "Actual Startup Time": 714.621,
                            "Actual Total Time": 714.622,
                            "Actual Rows": 1,
                            "Actual Loops": 7,
                            "Output": [
                                "PARTIAL count(*)"
                            ],
                            "Workers": [
                                {
                                    "Worker Number": 0,
                                    "Actual Startup Time": 712.6,
                                    "Actual Total Time": 712.602,
                                    "Actual Rows": 1,
                                    "Actual Loops": 1
                                },
                                {
                                    "Worker Number": 1,
                                    "Actual Startup Time": 712.835,
                                    "Actual Total Time": 712.836,
                                    "Actual Rows": 1,
                                    "Actual Loops": 1
                                },
                                {
                                    "Worker Number": 2,
                                    "Actual Startup Time": 712.966,
                                    "Actual Total Time": 712.967,
                                    "Actual Rows": 1,
                                    "Actual Loops": 1
                                },
                                {
                                    "Worker Number": 3,
                                    "Actual Startup Time": 713.232,
                                    "Actual Total Time": 713.233,
                                    "Actual Rows": 1,
                                    "Actual Loops": 1
                                },
                                {
                                    "Worker Number": 4,
                                    "Actual Startup Time": 713.368,
                                    "Actual Total Time": 713.37,
                                    "Actual Rows": 1,
                                    "Actual Loops": 1
                                },
                                {
                                    "Worker Number": 5,
                                    "Actual Startup Time": 713.376,
                                    "Actual Total Time": 713.377,
                                    "Actual Rows": 1,
                                    "Actual Loops": 1
                                }
                            ],
                            "Plans": [
                                {
                                    "Node Type": "Seq Scan",
                                    "Parent Relationship": "Outer",
                                    "Parallel Aware": true,
                                    "Relation Name": "cast_info",
                                    "Schema": "public",
                                    "Alias": "ci",
                                    "Startup Cost": 0.0,
                                    "Total Cost": 343318.94,
                                    "Plan Rows": 282603,
                                    "Plan Width": 0,
                                    "Actual Startup Time": 515.304,
                                    "Actual Total Time": 682.618,
                                    "Actual Rows": 549810,
                                    "Actual Loops": 7,
                                    "Output": [
                                        "id",
                                        "person_id",
                                        "movie_id",
                                        "person_role_id",
                                        "note",
                                        "nr_order",
                                        "role_id"
                                    ],
                                    "Filter": "((ci.person_id > 3356495) AND (ci.role_id > 2))",
                                    "Rows Removed by Filter": 4627954,
                                    "Workers": [
                                        {
                                            "Worker Number": 0,
                                            "Actual Startup Time": 513.296,
                                            "Actual Total Time": 681.636,
                                            "Actual Rows": 457005,
                                            "Actual Loops": 1
                                        },
                                        {
                                            "Worker Number": 1,
                                            "Actual Startup Time": 513.527,
                                            "Actual Total Time": 681.756,
                                            "Actual Rows": 459289,
                                            "Actual Loops": 1
                                        },
                                        {
                                            "Worker Number": 2,
                                            "Actual Startup Time": 513.655,
                                            "Actual Total Time": 682.006,
                                            "Actual Rows": 457331,
                                            "Actual Loops": 1
                                        },
                                        {
                                            "Worker Number": 3,
                                            "Actual Startup Time": 513.902,
                                            "Actual Total Time": 682.658,
                                            "Actual Rows": 452288,
                                            "Actual Loops": 1
                                        },
                                        {
                                            "Worker Number": 4,
                                            "Actual Startup Time": 514.056,
                                            "Actual Total Time": 682.872,
                                            "Actual Rows": 450302,
                                            "Actual Loops": 1
                                        },
                                        {
                                            "Worker Number": 5,
                                            "Actual Startup Time": 514.047,
                                            "Actual Total Time": 683.276,
                                            "Actual Rows": 717081,
                                            "Actual Loops": 1
                                        }
                                    ]
                                }
                            ]
                        }
                    ]
                }
            ]
        },
        "Planning Time": 179.583,
        "Triggers": [],
        "Execution Time": 756.286
    }
]