[
  {
    "Plan": {
      "Node Type": "Aggregate",
      "Strategy": "Plain",
      "Partial Mode": "Finalize",
      "Parallel Aware": false,
      "Startup Cost": 324084.46,
      "Total Cost": 324084.47,
      "Plan Rows": 1,
      "Plan Width": 8,
      "Actual Startup Time": 231.133,
      "Actual Total Time": 240.135,
      "Actual Rows": 1,
      "Actual Loops": 1,
      "Plans": [
        {
          "Node Type": "Gather",
          "Parent Relationship": "Outer",
          "Parallel Aware": false,
          "Startup Cost": 324083.84,
          "Total Cost": 324084.45,
          "Plan Rows": 6,
          "Plan Width": 8,
          "Actual Startup Time": 230.508,
          "Actual Total Time": 240.094,
          "Actual Rows": 7,
          "Actual Loops": 1,
          "Workers Planned": 6,
          "Workers Launched": 6,
          "Single Copy": false,
          "Plans": [
            {
              "Node Type": "Aggregate",
              "Strategy": "Plain",
              "Partial Mode": "Partial",
              "Parent Relationship": "Outer",
              "Parallel Aware": false,
              "Startup Cost": 323083.84,
              "Total Cost": 323083.85,
              "Plan Rows": 1,
              "Plan Width": 8,
              "Actual Startup Time": 221.008,
              "Actual Total Time": 221.009,
              "Actual Rows": 1,
              "Actual Loops": 7,
              "Plans": [
                {
                  "Node Type": "Bitmap Heap Scan",
                  "Parent Relationship": "Outer",
                  "Parallel Aware": true,
                  "Relation Name": "cast_info",
                  "Alias": "ci",
                  "Startup Cost": 62825.7,
                  "Total Cost": 322677.06,
                  "Plan Rows": 162710,
                  "Plan Width": 0,
                  "Actual Startup Time": 193.809,
                  "Actual Total Time": 217.596,
                  "Actual Rows": 84807,
                  "Actual Loops": 7,
                  "Recheck Cond": "(person_id < 282462)",
                  "Rows Removed by Index Recheck": 0,
                  "Filter": "(role_id > 3)",
                  "Rows Removed by Filter": 330484,
                  "Exact Heap Blocks": 7234,
                  "Lossy Heap Blocks": 0,
                  "Plans": [
                    {
                      "Node Type": "Bitmap Index Scan",
                      "Parent Relationship": "Outer",
                      "Parallel Aware": false,
                      "Index Name": "person_id_cast_info",
                      "Startup Cost": 0.0,
                      "Total Cost": 62581.64,
                      "Plan Rows": 2865743,
                      "Plan Width": 0,
                      "Actual Startup Time": 127.47,
                      "Actual Total Time": 127.471,
                      "Actual Rows": 2907036,
                      "Actual Loops": 1,
                      "Index Cond": "(person_id < 282462)"
                    }
                  ]
                }
              ]
            }
          ]
        }
      ]
    },
    "Planning Time": 0.271,
    "Triggers": [],
    "Execution Time": 240.227
  }
]