[
  {
    "Plan": {
      "Node Type": "Aggregate",
      "Strategy": "Plain",
      "Partial Mode": "Finalize",
      "Parallel Aware": false,
      "Startup Cost": 47262.68,
      "Total Cost": 47262.69,
      "Plan Rows": 1,
      "Plan Width": 8,
      "Actual Startup Time": 192.645,
      "Actual Total Time": 202.354,
      "Actual Rows": 1,
      "Actual Loops": 1,
      "Plans": [
        {
          "Node Type": "Gather",
          "Parent Relationship": "Outer",
          "Parallel Aware": false,
          "Startup Cost": 47262.36,
          "Total Cost": 47262.67,
          "Plan Rows": 3,
          "Plan Width": 8,
          "Actual Startup Time": 192.517,
          "Actual Total Time": 202.345,
          "Actual Rows": 4,
          "Actual Loops": 1,
          "Workers Planned": 3,
          "Workers Launched": 3,
          "Single Copy": false,
          "Plans": [
            {
              "Node Type": "Aggregate",
              "Strategy": "Plain",
              "Partial Mode": "Partial",
              "Parent Relationship": "Outer",
              "Parallel Aware": false,
              "Startup Cost": 46262.36,
              "Total Cost": 46262.37,
              "Plan Rows": 1,
              "Plan Width": 8,
              "Actual Startup Time": 184.978,
              "Actual Total Time": 184.979,
              "Actual Rows": 1,
              "Actual Loops": 4,
              "Plans": [
                {
                  "Node Type": "Seq Scan",
                  "Parent Relationship": "Outer",
                  "Parallel Aware": true,
                  "Relation Name": "movie_keyword",
                  "Alias": "mk",
                  "Startup Cost": 0.0,
                  "Total Cost": 42695.65,
                  "Plan Rows": 1426683,
                  "Plan Width": 0,
                  "Actual Startup Time": 0.063,
                  "Actual Total Time": 132.394,
                  "Actual Rows": 1101946,
                  "Actual Loops": 4,
                  "Filter": "(keyword_id > 110)",
                  "Rows Removed by Filter": 29036
                }
              ]
            }
          ]
        }
      ]
    },
    "Planning Time": 0.179,
    "Triggers": [],
    "Execution Time": 202.478
  }
]