{
  "Plan": {
    "Node Type": "Aggregate",
    "Strategy": "Plain",
    "Partial Mode": "Finalize",
    "Parallel Aware": false,
    "Startup Cost": 776019.19,
    "Total Cost": 776019.2,
    "Plan Rows": 1,
    "Plan Width": 8,
    "Actual Startup Time": 5197.03,
    "Actual Total Time": 5258.62,
    "Actual Rows": 1,
    "Actual Loops": 1,
    "Plans": [
      {
        "Node Type": "Gather",
        "Parent Relationship": "Outer",
        "Parallel Aware": false,
        "Startup Cost": 776019.08,
        "Total Cost": 776019.19,
        "Plan Rows": 1,
        "Plan Width": 8,
        "Actual Startup Time": 5192.046,
        "Actual Total Time": 5258.612,
        "Actual Rows": 2,
        "Actual Loops": 1,
        "Workers Planned": 1,
        "Workers Launched": 1,
        "Single Copy": false,
        "Plans": [
          {
            "Node Type": "Aggregate",
            "Strategy": "Plain",
            "Partial Mode": "Partial",
            "Parent Relationship": "Outer",
            "Parallel Aware": false,
            "Startup Cost": 775019.08,
            "Total Cost": 775019.09,
            "Plan Rows": 1,
            "Plan Width": 8,
            "Actual Startup Time": 5185.285,
            "Actual Total Time": 5185.292,
            "Actual Rows": 1,
            "Actual Loops": 2,
            "Plans": [
              {
                "Node Type": "Hash Join",
                "Parent Relationship": "Outer",
                "Parallel Aware": true,
                "Join Type": "Inner",
                "Startup Cost": 473879.07,
                "Total Cost": 771644.09,
                "Plan Rows": 1349995,
                "Plan Width": 0,
                "Actual Startup Time": 2031.125,
                "Actual Total Time": 4838.823,
                "Actual Rows": 8575832,
                "Actual Loops": 2,
                "Inner Unique": false,
                "Hash Cond": "(mi.movie_id = t.id)",
                "Plans": [
                  {
                    "Node Type": "Seq Scan",
                    "Parent Relationship": "Outer",
                    "Parallel Aware": true,
                    "Relation Name": "movie_info",
                    "Alias": "mi",
                    "Startup Cost": 0.0,
                    "Total Cost": 270696.42,
                    "Plan Rows": 5100654,
                    "Plan Width": 4,
                    "Actual Startup Time": 0.018,
                    "Actual Total Time": 691.253,
                    "Actual Rows": 4393291,
                    "Actual Loops": 2,
                    "Filter": "(info_type_id < 13)",
                    "Rows Removed by Filter": 3024569
                  },
                  {
                    "Node Type": "Hash",
                    "Parent Relationship": "Inner",
                    "Parallel Aware": true,
                    "Startup Cost": 468958.73,
                    "Total Cost": 468958.73,
                    "Plan Rows": 393627,
                    "Plan Width": 8,
                    "Actual Startup Time": 2019.24,
                    "Actual Total Time": 2019.244,
                    "Actual Rows": 804086,
                    "Actual Loops": 2,
                    "Hash Buckets": 2097152,
                    "Original Hash Buckets": 1048576,
                    "Hash Batches": 1,
                    "Original Hash Batches": 1,
                    "Peak Memory Usage": 87520,
                    "Plans": [
                      {
                        "Node Type": "Hash Join",
                        "Parent Relationship": "Outer",
                        "Parallel Aware": true,
                        "Join Type": "Inner",
                        "Startup Cost": 65191.36,
                        "Total Cost": 468958.73,
                        "Plan Rows": 393627,
                        "Plan Width": 8,
                        "Actual Startup Time": 272.632,
                        "Actual Total Time": 1771.599,
                        "Actual Rows": 804086,
                        "Actual Loops": 2,
                        "Inner Unique": true,
                        "Hash Cond": "(ci.movie_id = t.id)",
                        "Plans": [
                          {
                            "Node Type": "Index Scan",
                            "Parent Relationship": "Outer",
                            "Parallel Aware": true,
                            "Scan Direction": "Forward",
                            "Index Name": "role_id_cast_info",
                            "Relation Name": "cast_info",
                            "Alias": "ci",
                            "Startup Cost": 0.56,
                            "Total Cost": 400977.7,
                            "Plan Rows": 1062949,
                            "Plan Width": 4,
                            "Actual Startup Time": 0.04,
                            "Actual Total Time": 857.009,
                            "Actual Rows": 1958072,
                            "Actual Loops": 2,
                            "Index Cond": "(role_id < 2)",
                            "Rows Removed by Index Recheck": 0,
                            "Filter": "(person_id < 523183)",
                            "Rows Removed by Filter": 4377272
                          },
                          {
                            "Node Type": "Hash",
                            "Parent Relationship": "Inner",
                            "Parallel Aware": true,
                            "Startup Cost": 58306.47,
                            "Total Cost": 58306.47,
                            "Plan Rows": 550746,
                            "Plan Width": 4,
                            "Actual Startup Time": 267.137,
                            "Actual Total Time": 267.138,
                            "Actual Rows": 475346,
                            "Actual Loops": 2,
                            "Hash Buckets": 1048576,
                            "Original Hash Buckets": 1048576,
                            "Hash Batches": 1,
                            "Original Hash Batches": 1,
                            "Peak Memory Usage": 45440,
                            "Plans": [
                              {
                                "Node Type": "Seq Scan",
                                "Parent Relationship": "Outer",
                                "Parallel Aware": true,
                                "Relation Name": "title",
                                "Alias": "t",
                                "Startup Cost": 0.0,
                                "Total Cost": 58306.47,
                                "Plan Rows": 550746,
                                "Plan Width": 4,
                                "Actual Startup Time": 0.035,
                                "Actual Total Time": 154.729,
                                "Actual Rows": 475346,
                                "Actual Loops": 2,
                                "Filter": "((kind_id < 7) AND (production_year < 2013))",
                                "Rows Removed by Filter": 788810
                              }
                            ]
                          }
                        ]
                      }
                    ]
                  }
                ]
              }
            ]
          }
        ]
      }
    ]
  },
  "Planning Time": 1.02,
  "Triggers": [],
  "Execution Time": 5258.727
}