[
  {
    "Plan": {
      "Node Type": "Aggregate",
      "Strategy": "Plain",
      "Partial Mode": "Finalize",
      "Parallel Aware": false,
      "Startup Cost": 80335.99,
      "Total Cost": 80336.0,
      "Plan Rows": 1,
      "Plan Width": 8,
      "Actual Startup Time": 182.646,
      "Actual Total Time": 199.347,
      "Actual Rows": 1,
      "Actual Loops": 1,
      "Plans": [
        {
          "Node Type": "Gather",
          "Parent Relationship": "Outer",
          "Parallel Aware": false,
          "Startup Cost": 80335.67,
          "Total Cost": 80335.98,
          "Plan Rows": 3,
          "Plan Width": 8,
          "Actual Startup Time": 182.178,
          "Actual Total Time": 199.338,
          "Actual Rows": 4,
          "Actual Loops": 1,
          "Workers Planned": 3,
          "Workers Launched": 3,
          "Single Copy": false,
          "Plans": [
            {
              "Node Type": "Aggregate",
              "Strategy": "Plain",
              "Partial Mode": "Partial",
              "Parent Relationship": "Outer",
              "Parallel Aware": false,
              "Startup Cost": 79335.67,
              "Total Cost": 79335.68,
              "Plan Rows": 1,
              "Plan Width": 8,
              "Actual Startup Time": 172.993,
              "Actual Total Time": 172.997,
              "Actual Rows": 1,
              "Actual Loops": 4,
              "Plans": [
                {
                  "Node Type": "Nested Loop",
                  "Parent Relationship": "Outer",
                  "Parallel Aware": false,
                  "Join Type": "Inner",
                  "Startup Cost": 51566.71,
                  "Total Cost": 79333.13,
                  "Plan Rows": 1019,
                  "Plan Width": 0,
                  "Actual Startup Time": 115.308,
                  "Actual Total Time": 172.898,
                  "Actual Rows": 1038,
                  "Actual Loops": 4,
                  "Inner Unique": false,
                  "Join Filter": "(t.id = mc.movie_id)",
                  "Rows Removed by Join Filter": 0,
                  "Plans": [
                    {
                      "Node Type": "Hash Join",
                      "Parent Relationship": "Outer",
                      "Parallel Aware": true,
                      "Join Type": "Inner",
                      "Startup Cost": 51566.28,
                      "Total Cost": 77379.04,
                      "Plan Rows": 2006,
                      "Plan Width": 8,
                      "Actual Startup Time": 115.122,
                      "Actual Total Time": 165.836,
                      "Actual Rows": 782,
                      "Actual Loops": 4,
                      "Inner Unique": true,
                      "Hash Cond": "(mk.movie_id = t.id)",
                      "Plans": [
                        {
                          "Node Type": "Bitmap Heap Scan",
                          "Parent Relationship": "Outer",
                          "Parallel Aware": true,
                          "Relation Name": "movie_keyword",
                          "Alias": "mk",
                          "Startup Cost": 5910.73,
                          "Total Cost": 31487.67,
                          "Plan Rows": 89835,
                          "Plan Width": 4,
                          "Actual Startup Time": 18.597,
                          "Actual Total Time": 57.549,
                          "Actual Rows": 73371,
                          "Actual Loops": 4,
                          "Recheck Cond": "(keyword_id < 237)",
                          "Rows Removed by Index Recheck": 0,
                          "Exact Heap Blocks": 9078,
                          "Lossy Heap Blocks": 0,
                          "Plans": [
                            {
                              "Node Type": "Bitmap Index Scan",
                              "Parent Relationship": "Outer",
                              "Parallel Aware": false,
                              "Index Name": "keyword_id_movie_keyword",
                              "Startup Cost": 0.0,
                              "Total Cost": 5841.11,
                              "Plan Rows": 278490,
                              "Plan Width": 0,
                              "Actual Startup Time": 15.044,
                              "Actual Total Time": 15.044,
                              "Actual Rows": 293485,
                              "Actual Loops": 1,
                              "Index Cond": "(keyword_id < 237)"
                            }
                          ]
                        },
                        {
                          "Node Type": "Hash",
                          "Parent Relationship": "Inner",
                          "Parallel Aware": true,
                          "Startup Cost": 45479.1,
                          "Total Cost": 45479.1,
                          "Plan Rows": 14116,
                          "Plan Width": 4,
                          "Actual Startup Time": 94.753,
                          "Actual Total Time": 94.753,
                          "Actual Rows": 16159,
                          "Actual Loops": 4,
                          "Hash Buckets": 65536,
                          "Original Hash Buckets": 65536,
                          "Hash Batches": 1,
                          "Original Hash Batches": 1,
                          "Peak Memory Usage": 3104,
                          "Plans": [
                            {
                              "Node Type": "Seq Scan",
                              "Parent Relationship": "Outer",
                              "Parallel Aware": true,
                              "Relation Name": "title",
                              "Alias": "t",
                              "Startup Cost": 0.0,
                              "Total Cost": 45479.1,
                              "Plan Rows": 14116,
                              "Plan Width": 4,
                              "Actual Startup Time": 0.044,
                              "Actual Total Time": 88.272,
                              "Actual Rows": 16159,
                              "Actual Loops": 4,
                              "Filter": "((kind_id > 3) AND (production_year = 2004))",
                              "Rows Removed by Filter": 615919
                            }
                          ]
                        }
                      ]
                    },
                    {
                      "Node Type": "Index Scan",
                      "Parent Relationship": "Inner",
                      "Parallel Aware": false,
                      "Scan Direction": "Forward",
                      "Index Name": "movie_id_movie_companies",
                      "Relation Name": "movie_companies",
                      "Alias": "mc",
                      "Startup Cost": 0.43,
                      "Total Cost": 0.94,
                      "Plan Rows": 3,
                      "Plan Width": 4,
                      "Actual Startup Time": 0.007,
                      "Actual Total Time": 0.008,
                      "Actual Rows": 1,
                      "Actual Loops": 3126,
                      "Index Cond": "(movie_id = mk.movie_id)",
                      "Rows Removed by Index Recheck": 0,
                      "Filter": "(company_type_id = 1)",
                      "Rows Removed by Filter": 1
                    }
                  ]
                }
              ]
            }
          ]
        }
      ]
    },
    "Planning Time": 1.442,
    "Triggers": [],
    "Execution Time": 199.457
  }
]