[
  {
    "Plan": {
      "Node Type": "Aggregate",
      "Strategy": "Plain",
      "Partial Mode": "Finalize",
      "Parallel Aware": false,
      "Startup Cost": 89827.38,
      "Total Cost": 89827.39,
      "Plan Rows": 1,
      "Plan Width": 8,
      "Actual Startup Time": 346.007,
      "Actual Total Time": 364.35,
      "Actual Rows": 1,
      "Actual Loops": 1,
      "Plans": [
        {
          "Node Type": "Gather",
          "Parent Relationship": "Outer",
          "Parallel Aware": false,
          "Startup Cost": 89827.06,
          "Total Cost": 89827.37,
          "Plan Rows": 3,
          "Plan Width": 8,
          "Actual Startup Time": 345.137,
          "Actual Total Time": 364.313,
          "Actual Rows": 4,
          "Actual Loops": 1,
          "Workers Planned": 3,
          "Workers Launched": 3,
          "Single Copy": false,
          "Plans": [
            {
              "Node Type": "Aggregate",
              "Strategy": "Plain",
              "Partial Mode": "Partial",
              "Parent Relationship": "Outer",
              "Parallel Aware": false,
              "Startup Cost": 88827.06,
              "Total Cost": 88827.07,
              "Plan Rows": 1,
              "Plan Width": 8,
              "Actual Startup Time": 336.418,
              "Actual Total Time": 336.513,
              "Actual Rows": 1,
              "Actual Loops": 4,
              "Plans": [
                {
                  "Node Type": "Hash Join",
                  "Parent Relationship": "Outer",
                  "Parallel Aware": true,
                  "Join Type": "Inner",
                  "Startup Cost": 45800.55,
                  "Total Cost": 88678.63,
                  "Plan Rows": 59374,
                  "Plan Width": 0,
                  "Actual Startup Time": 123.19,
                  "Actual Total Time": 328.078,
                  "Actual Rows": 184073,
                  "Actual Loops": 4,
                  "Inner Unique": true,
                  "Hash Cond": "(mk.movie_id = t.id)",
                  "Plans": [
                    {
                      "Node Type": "Seq Scan",
                      "Parent Relationship": "Outer",
                      "Parallel Aware": true,
                      "Relation Name": "movie_keyword",
                      "Alias": "mk",
                      "Startup Cost": 0.0,
                      "Total Cost": 39047.32,
                      "Plan Rows": 1459332,
                      "Plan Width": 4,
                      "Actual Startup Time": 0.022,
                      "Actual Total Time": 92.69,
                      "Actual Rows": 1130982,
                      "Actual Loops": 4
                    },
                    {
                      "Node Type": "Hash",
                      "Parent Relationship": "Inner",
                      "Parallel Aware": true,
                      "Startup Cost": 45479.1,
                      "Total Cost": 45479.1,
                      "Plan Rows": 25716,
                      "Plan Width": 4,
                      "Actual Startup Time": 121.167,
                      "Actual Total Time": 121.168,
                      "Actual Rows": 51956,
                      "Actual Loops": 4,
                      "Hash Buckets": 262144,
                      "Original Hash Buckets": 131072,
                      "Hash Batches": 1,
                      "Original Hash Batches": 1,
                      "Peak Memory Usage": 11264,
                      "Plans": [
                        {
                          "Node Type": "Seq Scan",
                          "Parent Relationship": "Outer",
                          "Parallel Aware": true,
                          "Relation Name": "title",
                          "Alias": "t",
                          "Startup Cost": 0.0,
                          "Total Cost": 45479.1,
                          "Plan Rows": 25716,
                          "Plan Width": 4,
                          "Actual Startup Time": 0.257,
                          "Actual Total Time": 100.89,
                          "Actual Rows": 51956,
                          "Actual Loops": 4,
                          "Filter": "((kind_id < 7) AND (production_year < 1963))",
                          "Rows Removed by Filter": 580122
                        }
                      ]
                    }
                  ]
                }
              ]
            }
          ]
        }
      ]
    },
    "Planning Time": 0.614,
    "Triggers": [],
    "Execution Time": 364.419
  }
]