[
  {
    "Plan": {
      "Node Type": "Aggregate",
      "Strategy": "Plain",
      "Partial Mode": "Finalize",
      "Parallel Aware": false,
      "Startup Cost": 33069.52,
      "Total Cost": 33069.53,
      "Plan Rows": 1,
      "Plan Width": 8,
      "Actual Startup Time": 98.714,
      "Actual Total Time": 107.387,
      "Actual Rows": 1,
      "Actual Loops": 1,
      "Plans": [
        {
          "Node Type": "Gather",
          "Parent Relationship": "Outer",
          "Parallel Aware": false,
          "Startup Cost": 33069.2,
          "Total Cost": 33069.51,
          "Plan Rows": 3,
          "Plan Width": 8,
          "Actual Startup Time": 98.606,
          "Actual Total Time": 107.38,
          "Actual Rows": 4,
          "Actual Loops": 1,
          "Workers Planned": 3,
          "Workers Launched": 3,
          "Single Copy": false,
          "Plans": [
            {
              "Node Type": "Aggregate",
              "Strategy": "Plain",
              "Partial Mode": "Partial",
              "Parent Relationship": "Outer",
              "Parallel Aware": false,
              "Startup Cost": 32069.2,
              "Total Cost": 32069.21,
              "Plan Rows": 1,
              "Plan Width": 8,
              "Actual Startup Time": 93.107,
              "Actual Total Time": 93.108,
              "Actual Rows": 1,
              "Actual Loops": 4,
              "Plans": [
                {
                  "Node Type": "Seq Scan",
                  "Parent Relationship": "Outer",
                  "Parallel Aware": true,
                  "Relation Name": "movie_companies",
                  "Alias": "mc",
                  "Startup Cost": 0.0,
                  "Total Cost": 31414.82,
                  "Plan Rows": 261754,
                  "Plan Width": 0,
                  "Actual Startup Time": 42.759,
                  "Actual Total Time": 81.451,
                  "Actual Rows": 255634,
                  "Actual Loops": 4,
                  "Filter": "((company_id > 5507) AND (company_type_id = 2))",
                  "Rows Removed by Filter": 396649
                }
              ]
            }
          ]
        }
      ]
    },
    "Planning Time": 0.095,
    "Triggers": [],
    "Execution Time": 107.417
  }
]