{
  "Plan": {
    "Node Type": "Aggregate",
    "Strategy": "Plain",
    "Partial Mode": "Finalize",
    "Parallel Aware": false,
    "Startup Cost": 1659021.16,
    "Total Cost": 1659021.17,
    "Plan Rows": 1,
    "Plan Width": 8,
    "Actual Startup Time": 5438.752,
    "Actual Total Time": 5451.872,
    "Actual Rows": 1,
    "Actual Loops": 1,
    "Plans": [
      {
        "Node Type": "Gather",
        "Parent Relationship": "Outer",
        "Parallel Aware": false,
        "Startup Cost": 1659021.04,
        "Total Cost": 1659021.15,
        "Plan Rows": 1,
        "Plan Width": 8,
        "Actual Startup Time": 5438.742,
        "Actual Total Time": 5451.865,
        "Actual Rows": 2,
        "Actual Loops": 1,
        "Workers Planned": 1,
        "Workers Launched": 1,
        "Single Copy": false,
        "Plans": [
          {
            "Node Type": "Aggregate",
            "Strategy": "Plain",
            "Partial Mode": "Partial",
            "Parent Relationship": "Outer",
            "Parallel Aware": false,
            "Startup Cost": 1658021.04,
            "Total Cost": 1658021.05,
            "Plan Rows": 1,
            "Plan Width": 8,
            "Actual Startup Time": 5388.596,
            "Actual Total Time": 5388.598,
            "Actual Rows": 1,
            "Actual Loops": 2,
            "Plans": [
              {
                "Node Type": "Merge Join",
                "Parent Relationship": "Outer",
                "Parallel Aware": false,
                "Join Type": "Inner",
                "Startup Cost": 1560110.06,
                "Total Cost": 1647136.56,
                "Plan Rows": 4353795,
                "Plan Width": 0,
                "Actual Startup Time": 3573.648,
                "Actual Total Time": 5245.692,
                "Actual Rows": 3642019,
                "Actual Loops": 2,
                "Inner Unique": true,
                "Merge Cond": "(ci.movie_id = t.id)",
                "Plans": [
                  {
                    "Node Type": "Sort",
                    "Parent Relationship": "Outer",
                    "Parallel Aware": false,
                    "Startup Cost": 1334582.78,
                    "Total Cost": 1352488.82,
                    "Plan Rows": 7162417,
                    "Plan Width": 4,
                    "Actual Startup Time": 2921.68,
                    "Actual Total Time": 3649.495,
                    "Actual Rows": 6072382,
                    "Actual Loops": 2,
                    "Sort Key": [
                      "ci.movie_id"
                    ],
                    "Sort Method": "quicksort",
                    "Sort Space Used": 488928,
                    "Sort Space Type": "Memory",
                    "Workers": [
                      {
                        "Worker Number": 0,
                        "Sort Method": "quicksort",
                        "Sort Space Used": 473574,
                        "Sort Space Type": "Memory"
                      }
                    ],
                    "Plans": [
                      {
                        "Node Type": "Seq Scan",
                        "Parent Relationship": "Outer",
                        "Parallel Aware": true,
                        "Relation Name": "cast_info",
                        "Alias": "ci",
                        "Startup Cost": 0.0,
                        "Total Cost": 519069.44,
                        "Plan Rows": 7162417,
                        "Plan Width": 4,
                        "Actual Startup Time": 581.27,
                        "Actual Total Time": 1438.968,
                        "Actual Rows": 6072382,
                        "Actual Loops": 2,
                        "Filter": "(person_id > 2471831)",
                        "Rows Removed by Filter": 12049790
                      }
                    ]
                  },
                  {
                    "Node Type": "Sort",
                    "Parent Relationship": "Inner",
                    "Parallel Aware": false,
                    "Startup Cost": 225526.52,
                    "Total Cost": 229368.68,
                    "Plan Rows": 1536865,
                    "Plan Width": 4,
                    "Actual Startup Time": 651.951,
                    "Actual Total Time": 870.063,
                    "Actual Rows": 1542290,
                    "Actual Loops": 2,
                    "Sort Key": [
                      "t.id"
                    ],
                    "Sort Method": "quicksort",
                    "Sort Space Used": 121493,
                    "Sort Space Type": "Memory",
                    "Workers": [
                      {
                        "Worker Number": 0,
                        "Sort Method": "quicksort",
                        "Sort Space Used": 121493,
                        "Sort Space Type": "Memory"
                      }
                    ],
                    "Plans": [
                      {
                        "Node Type": "Seq Scan",
                        "Parent Relationship": "Outer",
                        "Parallel Aware": false,
                        "Relation Name": "title",
                        "Alias": "t",
                        "Startup Cost": 0.0,
                        "Total Cost": 67601.66,
                        "Plan Rows": 1536865,
                        "Plan Width": 4,
                        "Actual Startup Time": 0.033,
                        "Actual Total Time": 262.966,
                        "Actual Rows": 1543264,
                        "Actual Loops": 2,
                        "Filter": "(kind_id = 7)",
                        "Rows Removed by Filter": 985048
                      }
                    ]
                  }
                ]
              }
            ]
          }
        ]
      }
    ]
  },
  "Planning Time": 0.725,
  "Triggers": [],
  "Execution Time": 5481.642
}