[
  {
    "Plan": {
      "Node Type": "Aggregate",
      "Strategy": "Plain",
      "Partial Mode": "Finalize",
      "Parallel Aware": false,
      "Startup Cost": 108476.31,
      "Total Cost": 108476.32,
      "Plan Rows": 1,
      "Plan Width": 8,
      "Actual Startup Time": 174.647,
      "Actual Total Time": 188.436,
      "Actual Rows": 1,
      "Actual Loops": 1,
      "Plans": [
        {
          "Node Type": "Gather",
          "Parent Relationship": "Outer",
          "Parallel Aware": false,
          "Startup Cost": 108475.79,
          "Total Cost": 108476.29,
          "Plan Rows": 5,
          "Plan Width": 8,
          "Actual Startup Time": 174.491,
          "Actual Total Time": 188.402,
          "Actual Rows": 6,
          "Actual Loops": 1,
          "Workers Planned": 5,
          "Workers Launched": 5,
          "Single Copy": false,
          "Plans": [
            {
              "Node Type": "Aggregate",
              "Strategy": "Plain",
              "Partial Mode": "Partial",
              "Parent Relationship": "Outer",
              "Parallel Aware": false,
              "Startup Cost": 107475.79,
              "Total Cost": 107475.79,
              "Plan Rows": 1,
              "Plan Width": 8,
              "Actual Startup Time": 165.208,
              "Actual Total Time": 165.209,
              "Actual Rows": 1,
              "Actual Loops": 6,
              "Plans": [
                {
                  "Node Type": "Index Scan",
                  "Parent Relationship": "Outer",
                  "Parallel Aware": true,
                  "Scan Direction": "Forward",
                  "Index Name": "role_id_cast_info",
                  "Relation Name": "cast_info",
                  "Alias": "ci",
                  "Startup Cost": 0.56,
                  "Total Cost": 107159.34,
                  "Plan Rows": 126580,
                  "Plan Width": 0,
                  "Actual Startup Time": 0.229,
                  "Actual Total Time": 159.843,
                  "Actual Rows": 76447,
                  "Actual Loops": 6,
                  "Index Cond": "(role_id = 3)",
                  "Rows Removed by Index Recheck": 0,
                  "Filter": "(person_id < 584150)",
                  "Rows Removed by Filter": 591559
                }
              ]
            }
          ]
        }
      ]
    },
    "Planning Time": 0.123,
    "Triggers": [],
    "Execution Time": 188.475
  }
]