[
  {
    "Plan": {
      "Node Type": "Aggregate",
      "Strategy": "Plain",
      "Partial Mode": "Finalize",
      "Parallel Aware": false,
      "Startup Cost": 266932.04,
      "Total Cost": 266932.05,
      "Plan Rows": 1,
      "Plan Width": 8,
      "Actual Startup Time": 1279.77,
      "Actual Total Time": 1324.497,
      "Actual Rows": 1,
      "Actual Loops": 1,
      "Plans": [
        {
          "Node Type": "Gather",
          "Parent Relationship": "Outer",
          "Parallel Aware": false,
          "Startup Cost": 266931.83,
          "Total Cost": 266932.04,
          "Plan Rows": 2,
          "Plan Width": 8,
          "Actual Startup Time": 1268.891,
          "Actual Total Time": 1324.487,
          "Actual Rows": 3,
          "Actual Loops": 1,
          "Workers Planned": 2,
          "Workers Launched": 2,
          "Single Copy": false,
          "Plans": [
            {
              "Node Type": "Aggregate",
              "Strategy": "Plain",
              "Partial Mode": "Partial",
              "Parent Relationship": "Outer",
              "Parallel Aware": false,
              "Startup Cost": 265931.83,
              "Total Cost": 265931.84,
              "Plan Rows": 1,
              "Plan Width": 8,
              "Actual Startup Time": 1261.887,
              "Actual Total Time": 1262.278,
              "Actual Rows": 1,
              "Actual Loops": 3,
              "Plans": [
                {
                  "Node Type": "Hash Join",
                  "Parent Relationship": "Outer",
                  "Parallel Aware": true,
                  "Join Type": "Inner",
                  "Startup Cost": 249434.64,
                  "Total Cost": 265567.53,
                  "Plan Rows": 145718,
                  "Plan Width": 0,
                  "Actual Startup Time": 1012.618,
                  "Actual Total Time": 1212.388,
                  "Actual Rows": 1286407,
                  "Actual Loops": 3,
                  "Inner Unique": false,
                  "Hash Cond": "(mi_idx.movie_id = t.id)",
                  "Plans": [
                    {
                      "Node Type": "Seq Scan",
                      "Parent Relationship": "Outer",
                      "Parallel Aware": true,
                      "Relation Name": "movie_info_idx",
                      "Alias": "mi_idx",
                      "Startup Cost": 0.0,
                      "Total Cost": 13685.15,
                      "Plan Rows": 575015,
                      "Plan Width": 4,
                      "Actual Startup Time": 0.029,
                      "Actual Total Time": 34.971,
                      "Actual Rows": 460012,
                      "Actual Loops": 3
                    },
                    {
                      "Node Type": "Hash",
                      "Parent Relationship": "Inner",
                      "Parallel Aware": true,
                      "Startup Cost": 247832.87,
                      "Total Cost": 247832.87,
                      "Plan Rows": 128142,
                      "Plan Width": 8,
                      "Actual Startup Time": 1005.785,
                      "Actual Total Time": 1006.175,
                      "Actual Rows": 523007,
                      "Actual Loops": 3,
                      "Hash Buckets": 2097152,
                      "Original Hash Buckets": 1048576,
                      "Hash Batches": 1,
                      "Original Hash Batches": 1,
                      "Peak Memory Usage": 85984,
                      "Plans": [
                        {
                          "Node Type": "Hash Join",
                          "Parent Relationship": "Outer",
                          "Parallel Aware": true,
                          "Join Type": "Inner",
                          "Startup Cost": 47664.75,
                          "Total Cost": 247832.87,
                          "Plan Rows": 128142,
                          "Plan Width": 8,
                          "Actual Startup Time": 224.725,
                          "Actual Total Time": 861.666,
                          "Actual Rows": 523007,
                          "Actual Loops": 3,
                          "Inner Unique": true,
                          "Hash Cond": "(mi.movie_id = t.id)",
                          "Plans": [
                            {
                              "Node Type": "Seq Scan",
                              "Parent Relationship": "Outer",
                              "Parallel Aware": true,
                              "Relation Name": "movie_info",
                              "Alias": "mi",
                              "Startup Cost": 0.0,
                              "Total Cost": 198952.16,
                              "Plan Rows": 463221,
                              "Plan Width": 4,
                              "Actual Startup Time": 27.174,
                              "Actual Total Time": 470.549,
                              "Actual Rows": 744617,
                              "Actual Loops": 3,
                              "Filter": "(info_type_id > 16)",
                              "Rows Removed by Filter": 4200623
                            },
                            {
                              "Node Type": "Hash",
                              "Parent Relationship": "Inner",
                              "Parallel Aware": true,
                              "Startup Cost": 45479.1,
                              "Total Cost": 45479.1,
                              "Plan Rows": 174852,
                              "Plan Width": 4,
                              "Actual Startup Time": 193.845,
                              "Actual Total Time": 193.846,
                              "Actual Rows": 242318,
                              "Actual Loops": 3,
                              "Hash Buckets": 1048576,
                              "Original Hash Buckets": 1048576,
                              "Hash Batches": 1,
                              "Original Hash Batches": 1,
                              "Peak Memory Usage": 36672,
                              "Plans": [
                                {
                                  "Node Type": "Seq Scan",
                                  "Parent Relationship": "Outer",
                                  "Parallel Aware": true,
                                  "Relation Name": "title",
                                  "Alias": "t",
                                  "Startup Cost": 0.0,
                                  "Total Cost": 45479.1,
                                  "Plan Rows": 174852,
                                  "Plan Width": 4,
                                  "Actual Startup Time": 0.048,
                                  "Actual Total Time": 121.831,
                                  "Actual Rows": 242318,
                                  "Actual Loops": 3,
                                  "Filter": "((kind_id < 4) AND (production_year < 2011))",
                                  "Rows Removed by Filter": 600453
                                }
                              ]
                            }
                          ]
                        }
                      ]
                    }
                  ]
                }
              ]
            }
          ]
        }
      ]
    },
    "Planning Time": 1.42,
    "Triggers": [],
    "Execution Time": 1324.595
  }
]