{
  "Plan": {
    "Node Type": "Aggregate",
    "Strategy": "Plain",
    "Partial Mode": "Finalize",
    "Parallel Aware": false,
    "Startup Cost": 90206.8,
    "Total Cost": 90206.81,
    "Plan Rows": 1,
    "Plan Width": 8,
    "Actual Startup Time": 428.996,
    "Actual Total Time": 439.326,
    "Actual Rows": 1,
    "Actual Loops": 1,
    "Plans": [
      {
        "Node Type": "Gather",
        "Parent Relationship": "Outer",
        "Parallel Aware": false,
        "Startup Cost": 90206.69,
        "Total Cost": 90206.8,
        "Plan Rows": 1,
        "Plan Width": 8,
        "Actual Startup Time": 428.197,
        "Actual Total Time": 439.316,
        "Actual Rows": 2,
        "Actual Loops": 1,
        "Workers Planned": 1,
        "Workers Launched": 1,
        "Single Copy": false,
        "Plans": [
          {
            "Node Type": "Aggregate",
            "Strategy": "Plain",
            "Partial Mode": "Partial",
            "Parent Relationship": "Outer",
            "Parallel Aware": false,
            "Startup Cost": 89206.69,
            "Total Cost": 89206.7,
            "Plan Rows": 1,
            "Plan Width": 8,
            "Actual Startup Time": 424.917,
            "Actual Total Time": 424.922,
            "Actual Rows": 1,
            "Actual Loops": 2,
            "Plans": [
              {
                "Node Type": "Hash Join",
                "Parent Relationship": "Outer",
                "Parallel Aware": true,
                "Join Type": "Inner",
                "Startup Cost": 27817.83,
                "Total Cost": 88841.83,
                "Plan Rows": 145944,
                "Plan Width": 0,
                "Actual Startup Time": 274.901,
                "Actual Total Time": 420.153,
                "Actual Rows": 122878,
                "Actual Loops": 2,
                "Inner Unique": false,
                "Hash Cond": "(t.id = mc.movie_id)",
                "Plans": [
                  {
                    "Node Type": "Seq Scan",
                    "Parent Relationship": "Outer",
                    "Parallel Aware": true,
                    "Relation Name": "title",
                    "Alias": "t",
                    "Startup Cost": 0.0,
                    "Total Cost": 50870.31,
                    "Plan Rows": 1487231,
                    "Plan Width": 4,
                    "Actual Startup Time": 0.012,
                    "Actual Total Time": 120.367,
                    "Actual Rows": 1264156,
                    "Actual Loops": 2
                  },
                  {
                    "Node Type": "Hash",
                    "Parent Relationship": "Inner",
                    "Parallel Aware": true,
                    "Startup Cost": 25993.53,
                    "Total Cost": 25993.53,
                    "Plan Rows": 145944,
                    "Plan Width": 4,
                    "Actual Startup Time": 90.535,
                    "Actual Total Time": 90.537,
                    "Actual Rows": 122878,
                    "Actual Loops": 2,
                    "Hash Buckets": 262144,
                    "Original Hash Buckets": 262144,
                    "Hash Batches": 1,
                    "Original Hash Batches": 1,
                    "Peak Memory Usage": 11680,
                    "Plans": [
                      {
                        "Node Type": "Bitmap Heap Scan",
                        "Parent Relationship": "Outer",
                        "Parallel Aware": true,
                        "Relation Name": "movie_companies",
                        "Alias": "mc",
                        "Startup Cost": 5379.24,
                        "Total Cost": 25993.53,
                        "Plan Rows": 145944,
                        "Plan Width": 4,
                        "Actual Startup Time": 25.297,
                        "Actual Total Time": 57.664,
                        "Actual Rows": 122878,
                        "Actual Loops": 2,
                        "Recheck Cond": "(company_id > 101903)",
                        "Rows Removed by Index Recheck": 0,
                        "Exact Heap Blocks": 3133,
                        "Lossy Heap Blocks": 0,
                        "Plans": [
                          {
                            "Node Type": "Bitmap Index Scan",
                            "Parent Relationship": "Outer",
                            "Parallel Aware": false,
                            "Index Name": "company_id_movie_companies",
                            "Startup Cost": 0.0,
                            "Total Cost": 5317.21,
                            "Plan Rows": 248104,
                            "Plan Width": 0,
                            "Actual Startup Time": 24.029,
                            "Actual Total Time": 24.03,
                            "Actual Rows": 245755,
                            "Actual Loops": 1,
                            "Index Cond": "(company_id > 101903)"
                          }
                        ]
                      }
                    ]
                  }
                ]
              }
            ]
          }
        ]
      }
    ]
  },
  "Planning Time": 0.633,
  "Triggers": [],
  "Execution Time": 439.419
}