[
  {
    "Plan": {
      "Node Type": "Aggregate",
      "Strategy": "Plain",
      "Partial Mode": "Finalize",
      "Parallel Aware": false,
      "Startup Cost": 46566.61,
      "Total Cost": 46566.62,
      "Plan Rows": 1,
      "Plan Width": 8,
      "Actual Startup Time": 83.176,
      "Actual Total Time": 95.869,
      "Actual Rows": 1,
      "Actual Loops": 1,
      "Plans": [
        {
          "Node Type": "Gather",
          "Parent Relationship": "Outer",
          "Parallel Aware": false,
          "Startup Cost": 46566.19,
          "Total Cost": 46566.6,
          "Plan Rows": 4,
          "Plan Width": 8,
          "Actual Startup Time": 82.865,
          "Actual Total Time": 95.858,
          "Actual Rows": 5,
          "Actual Loops": 1,
          "Workers Planned": 4,
          "Workers Launched": 4,
          "Single Copy": false,
          "Plans": [
            {
              "Node Type": "Aggregate",
              "Strategy": "Plain",
              "Partial Mode": "Partial",
              "Parent Relationship": "Outer",
              "Parallel Aware": false,
              "Startup Cost": 45566.19,
              "Total Cost": 45566.2,
              "Plan Rows": 1,
              "Plan Width": 8,
              "Actual Startup Time": 78.787,
              "Actual Total Time": 78.789,
              "Actual Rows": 1,
              "Actual Loops": 5,
              "Plans": [
                {
                  "Node Type": "Seq Scan",
                  "Parent Relationship": "Outer",
                  "Parallel Aware": true,
                  "Relation Name": "title",
                  "Alias": "t",
                  "Startup Cost": 0.0,
                  "Total Cost": 45479.59,
                  "Plan Rows": 34640,
                  "Plan Width": 0,
                  "Actual Startup Time": 36.964,
                  "Actual Total Time": 77.517,
                  "Actual Rows": 26436,
                  "Actual Loops": 5,
                  "Filter": "((kind_id < 2) AND (production_year > 2009))",
                  "Rows Removed by Filter": 479226
                }
              ]
            }
          ]
        }
      ]
    },
    "Planning Time": 0.197,
    "Triggers": [],
    "Execution Time": 95.93
  }
]