[
  {
    "Plan": {
      "Node Type": "Aggregate",
      "Strategy": "Plain",
      "Partial Mode": "Finalize",
      "Parallel Aware": false,
      "Startup Cost": 331145.43,
      "Total Cost": 331145.44,
      "Plan Rows": 1,
      "Plan Width": 8,
      "Actual Startup Time": 568.028,
      "Actual Total Time": 595.369,
      "Actual Rows": 1,
      "Actual Loops": 1,
      "Plans": [
        {
          "Node Type": "Gather",
          "Parent Relationship": "Outer",
          "Parallel Aware": false,
          "Startup Cost": 331144.8,
          "Total Cost": 331145.41,
          "Plan Rows": 6,
          "Plan Width": 8,
          "Actual Startup Time": 567.945,
          "Actual Total Time": 595.362,
          "Actual Rows": 7,
          "Actual Loops": 1,
          "Workers Planned": 6,
          "Workers Launched": 6,
          "Single Copy": false,
          "Plans": [
            {
              "Node Type": "Aggregate",
              "Strategy": "Plain",
              "Partial Mode": "Partial",
              "Parent Relationship": "Outer",
              "Parallel Aware": false,
              "Startup Cost": 330144.8,
              "Total Cost": 330144.81,
              "Plan Rows": 1,
              "Plan Width": 8,
              "Actual Startup Time": 562.861,
              "Actual Total Time": 562.862,
              "Actual Rows": 1,
              "Actual Loops": 7,
              "Plans": [
                {
                  "Node Type": "Seq Scan",
                  "Parent Relationship": "Outer",
                  "Parallel Aware": true,
                  "Relation Name": "cast_info",
                  "Alias": "ci",
                  "Startup Cost": 0.0,
                  "Total Cost": 328213.62,
                  "Plan Rows": 772474,
                  "Plan Width": 0,
                  "Actual Startup Time": 0.034,
                  "Actual Total Time": 527.312,
                  "Actual Rows": 674989,
                  "Actual Loops": 7,
                  "Filter": "(person_id < 458109)",
                  "Rows Removed by Filter": 4502774
                }
              ]
            }
          ]
        }
      ]
    },
    "Planning Time": 0.086,
    "Triggers": [],
    "Execution Time": 595.403
  }
]