[
  {
    "Plan": {
      "Node Type": "Aggregate",
      "Strategy": "Plain",
      "Partial Mode": "Finalize",
      "Parallel Aware": false,
      "Startup Cost": 331079.2,
      "Total Cost": 331079.21,
      "Plan Rows": 1,
      "Plan Width": 8,
      "Actual Startup Time": 599.436,
      "Actual Total Time": 657.08,
      "Actual Rows": 1,
      "Actual Loops": 1,
      "Plans": [
        {
          "Node Type": "Gather",
          "Parent Relationship": "Outer",
          "Parallel Aware": false,
          "Startup Cost": 331078.58,
          "Total Cost": 331079.19,
          "Plan Rows": 6,
          "Plan Width": 8,
          "Actual Startup Time": 599.328,
          "Actual Total Time": 657.069,
          "Actual Rows": 7,
          "Actual Loops": 1,
          "Workers Planned": 6,
          "Workers Launched": 6,
          "Single Copy": false,
          "Plans": [
            {
              "Node Type": "Aggregate",
              "Strategy": "Plain",
              "Partial Mode": "Partial",
              "Parent Relationship": "Outer",
              "Parallel Aware": false,
              "Startup Cost": 330078.58,
              "Total Cost": 330078.59,
              "Plan Rows": 1,
              "Plan Width": 8,
              "Actual Startup Time": 591.706,
              "Actual Total Time": 591.707,
              "Actual Rows": 1,
              "Actual Loops": 7,
              "Plans": [
                {
                  "Node Type": "Seq Scan",
                  "Parent Relationship": "Outer",
                  "Parallel Aware": true,
                  "Relation Name": "cast_info",
                  "Alias": "ci",
                  "Startup Cost": 0.0,
                  "Total Cost": 328162.03,
                  "Plan Rows": 766621,
                  "Plan Width": 0,
                  "Actual Startup Time": 0.046,
                  "Actual Total Time": 558.317,
                  "Actual Rows": 674989,
                  "Actual Loops": 7,
                  "Filter": "(person_id < 458109)",
                  "Rows Removed by Filter": 4502774
                }
              ]
            }
          ]
        }
      ]
    },
    "Planning Time": 0.128,
    "Triggers": [],
    "Execution Time": 657.136
  }
]