[
  {
    "Plan": {
      "Node Type": "Aggregate",
      "Strategy": "Plain",
      "Partial Mode": "Finalize",
      "Parallel Aware": false,
      "Startup Cost": 88446.94,
      "Total Cost": 88446.95,
      "Plan Rows": 1,
      "Plan Width": 8,
      "Actual Startup Time": 199.295,
      "Actual Total Time": 218.433,
      "Actual Rows": 1,
      "Actual Loops": 1,
      "Plans": [
        {
          "Node Type": "Gather",
          "Parent Relationship": "Outer",
          "Parallel Aware": false,
          "Startup Cost": 88446.62,
          "Total Cost": 88446.93,
          "Plan Rows": 3,
          "Plan Width": 8,
          "Actual Startup Time": 198.965,
          "Actual Total Time": 218.42,
          "Actual Rows": 4,
          "Actual Loops": 1,
          "Workers Planned": 3,
          "Workers Launched": 3,
          "Single Copy": false,
          "Plans": [
            {
              "Node Type": "Aggregate",
              "Strategy": "Plain",
              "Partial Mode": "Partial",
              "Parent Relationship": "Outer",
              "Parallel Aware": false,
              "Startup Cost": 87446.62,
              "Total Cost": 87446.63,
              "Plan Rows": 1,
              "Plan Width": 8,
              "Actual Startup Time": 195.219,
              "Actual Total Time": 195.223,
              "Actual Rows": 1,
              "Actual Loops": 4,
              "Plans": [
                {
                  "Node Type": "Hash Join",
                  "Parent Relationship": "Outer",
                  "Parallel Aware": true,
                  "Join Type": "Inner",
                  "Startup Cost": 44013.62,
                  "Total Cost": 87436.6,
                  "Plan Rows": 4008,
                  "Plan Width": 0,
                  "Actual Startup Time": 93.847,
                  "Actual Total Time": 195.049,
                  "Actual Rows": 3048,
                  "Actual Loops": 4,
                  "Inner Unique": true,
                  "Hash Cond": "(mk.movie_id = t.id)",
                  "Plans": [
                    {
                      "Node Type": "Seq Scan",
                      "Parent Relationship": "Outer",
                      "Parallel Aware": true,
                      "Relation Name": "movie_keyword",
                      "Alias": "mk",
                      "Startup Cost": 0.0,
                      "Total Cost": 42695.65,
                      "Plan Rows": 277076,
                      "Plan Width": 4,
                      "Actual Startup Time": 1.559,
                      "Actual Total Time": 85.478,
                      "Actual Rows": 212781,
                      "Actual Loops": 4,
                      "Filter": "(keyword_id > 21584)",
                      "Rows Removed by Filter": 918202
                    },
                    {
                      "Node Type": "Hash",
                      "Parent Relationship": "Inner",
                      "Parallel Aware": true,
                      "Startup Cost": 43899.32,
                      "Total Cost": 43899.32,
                      "Plan Rows": 9144,
                      "Plan Width": 4,
                      "Actual Startup Time": 90.698,
                      "Actual Total Time": 90.699,
                      "Actual Rows": 9109,
                      "Actual Loops": 4,
                      "Hash Buckets": 65536,
                      "Original Hash Buckets": 65536,
                      "Hash Batches": 1,
                      "Original Hash Batches": 1,
                      "Peak Memory Usage": 1984,
                      "Plans": [
                        {
                          "Node Type": "Seq Scan",
                          "Parent Relationship": "Outer",
                          "Parallel Aware": true,
                          "Relation Name": "title",
                          "Alias": "t",
                          "Startup Cost": 0.0,
                          "Total Cost": 43899.32,
                          "Plan Rows": 9144,
                          "Plan Width": 4,
                          "Actual Startup Time": 0.027,
                          "Actual Total Time": 86.394,
                          "Actual Rows": 9109,
                          "Actual Loops": 4,
                          "Filter": "(production_year = 1995)",
                          "Rows Removed by Filter": 622969
                        }
                      ]
                    }
                  ]
                }
              ]
            }
          ]
        }
      ]
    },
    "Planning Time": 0.586,
    "Triggers": [],
    "Execution Time": 218.5
  }
]