[
  {
    "Plan": {
      "Node Type": "Aggregate",
      "Strategy": "Plain",
      "Partial Mode": "Finalize",
      "Parallel Aware": false,
      "Startup Cost": 75283.42,
      "Total Cost": 75283.43,
      "Plan Rows": 1,
      "Plan Width": 8,
      "Actual Startup Time": 203.65,
      "Actual Total Time": 221.741,
      "Actual Rows": 1,
      "Actual Loops": 1,
      "Plans": [
        {
          "Node Type": "Gather",
          "Parent Relationship": "Outer",
          "Parallel Aware": false,
          "Startup Cost": 75283.11,
          "Total Cost": 75283.42,
          "Plan Rows": 3,
          "Plan Width": 8,
          "Actual Startup Time": 203.182,
          "Actual Total Time": 221.733,
          "Actual Rows": 4,
          "Actual Loops": 1,
          "Workers Planned": 3,
          "Workers Launched": 3,
          "Single Copy": false,
          "Plans": [
            {
              "Node Type": "Aggregate",
              "Strategy": "Plain",
              "Partial Mode": "Partial",
              "Parent Relationship": "Outer",
              "Parallel Aware": false,
              "Startup Cost": 74283.11,
              "Total Cost": 74283.12,
              "Plan Rows": 1,
              "Plan Width": 8,
              "Actual Startup Time": 193.716,
              "Actual Total Time": 193.72,
              "Actual Rows": 1,
              "Actual Loops": 4,
              "Plans": [
                {
                  "Node Type": "Hash Join",
                  "Parent Relationship": "Outer",
                  "Parallel Aware": true,
                  "Join Type": "Inner",
                  "Startup Cost": 53540.1,
                  "Total Cost": 74281.48,
                  "Plan Rows": 652,
                  "Plan Width": 0,
                  "Actual Startup Time": 176.063,
                  "Actual Total Time": 193.681,
                  "Actual Rows": 263,
                  "Actual Loops": 4,
                  "Inner Unique": true,
                  "Hash Cond": "(mc.movie_id = t.id)",
                  "Plans": [
                    {
                      "Node Type": "Bitmap Heap Scan",
                      "Parent Relationship": "Outer",
                      "Parallel Aware": true,
                      "Relation Name": "movie_companies",
                      "Alias": "mc",
                      "Startup Cost": 7976.05,
                      "Total Cost": 28557.23,
                      "Plan Rows": 61027,
                      "Plan Width": 4,
                      "Actual Startup Time": 63.88,
                      "Actual Total Time": 77.592,
                      "Actual Rows": 21165,
                      "Actual Loops": 4,
                      "Recheck Cond": "(company_id < 192)",
                      "Rows Removed by Index Recheck": 0,
                      "Filter": "(company_type_id > 1)",
                      "Rows Removed by Filter": 70442,
                      "Exact Heap Blocks": 7837,
                      "Lossy Heap Blocks": 0,
                      "Plans": [
                        {
                          "Node Type": "Bitmap Index Scan",
                          "Parent Relationship": "Outer",
                          "Parallel Aware": false,
                          "Index Name": "company_id_movie_companies",
                          "Startup Cost": 0.0,
                          "Total Cost": 7928.76,
                          "Plan Rows": 370177,
                          "Plan Width": 0,
                          "Actual Startup Time": 27.04,
                          "Actual Total Time": 27.041,
                          "Actual Rows": 366430,
                          "Actual Loops": 1,
                          "Index Cond": "(company_id < 192)"
                        }
                      ]
                    },
                    {
                      "Node Type": "Hash",
                      "Parent Relationship": "Inner",
                      "Parallel Aware": true,
                      "Startup Cost": 45479.59,
                      "Total Cost": 45479.59,
                      "Plan Rows": 6757,
                      "Plan Width": 4,
                      "Actual Startup Time": 110.575,
                      "Actual Total Time": 110.576,
                      "Actual Rows": 7712,
                      "Actual Loops": 4,
                      "Hash Buckets": 32768,
                      "Original Hash Buckets": 32768,
                      "Hash Batches": 1,
                      "Original Hash Batches": 1,
                      "Peak Memory Usage": 1504,
                      "Plans": [
                        {
                          "Node Type": "Seq Scan",
                          "Parent Relationship": "Outer",
                          "Parallel Aware": true,
                          "Relation Name": "title",
                          "Alias": "t",
                          "Startup Cost": 0.0,
                          "Total Cost": 45479.59,
                          "Plan Rows": 6757,
                          "Plan Width": 4,
                          "Actual Startup Time": 0.112,
                          "Actual Total Time": 106.656,
                          "Actual Rows": 7712,
                          "Actual Loops": 4,
                          "Filter": "((kind_id > 1) AND (production_year = 1995))",
                          "Rows Removed by Filter": 624366
                        }
                      ]
                    }
                  ]
                }
              ]
            }
          ]
        }
      ]
    },
    "Planning Time": 0.741,
    "Triggers": [],
    "Execution Time": 221.833
  }
]