[
  {
    "Plan": {
      "Node Type": "Aggregate",
      "Strategy": "Plain",
      "Partial Mode": "Finalize",
      "Parallel Aware": false,
      "Startup Cost": 246593.47,
      "Total Cost": 246593.48,
      "Plan Rows": 1,
      "Plan Width": 8,
      "Actual Startup Time": 719.851,
      "Actual Total Time": 759.739,
      "Actual Rows": 1,
      "Actual Loops": 1,
      "Plans": [
        {
          "Node Type": "Gather",
          "Parent Relationship": "Outer",
          "Parallel Aware": false,
          "Startup Cost": 246592.95,
          "Total Cost": 246593.46,
          "Plan Rows": 5,
          "Plan Width": 8,
          "Actual Startup Time": 718.111,
          "Actual Total Time": 759.716,
          "Actual Rows": 6,
          "Actual Loops": 1,
          "Workers Planned": 5,
          "Workers Launched": 5,
          "Single Copy": false,
          "Plans": [
            {
              "Node Type": "Aggregate",
              "Strategy": "Plain",
              "Partial Mode": "Partial",
              "Parent Relationship": "Outer",
              "Parallel Aware": false,
              "Startup Cost": 245592.95,
              "Total Cost": 245592.96,
              "Plan Rows": 1,
              "Plan Width": 8,
              "Actual Startup Time": 708.193,
              "Actual Total Time": 708.203,
              "Actual Rows": 1,
              "Actual Loops": 6,
              "Plans": [
                {
                  "Node Type": "Hash Join",
                  "Parent Relationship": "Outer",
                  "Parallel Aware": true,
                  "Join Type": "Inner",
                  "Startup Cost": 45888.32,
                  "Total Cost": 245210.09,
                  "Plan Rows": 153143,
                  "Plan Width": 0,
                  "Actual Startup Time": 102.914,
                  "Actual Total Time": 685.756,
                  "Actual Rows": 531798,
                  "Actual Loops": 6,
                  "Inner Unique": true,
                  "Hash Cond": "(mi.movie_id = t.id)",
                  "Plans": [
                    {
                      "Node Type": "Seq Scan",
                      "Parent Relationship": "Outer",
                      "Parallel Aware": true,
                      "Relation Name": "movie_info",
                      "Alias": "mi",
                      "Startup Cost": 0.0,
                      "Total Cost": 191560.33,
                      "Plan Rows": 2956733,
                      "Plan Width": 4,
                      "Actual Startup Time": 0.025,
                      "Actual Total Time": 268.243,
                      "Actual Rows": 2472620,
                      "Actual Loops": 6
                    },
                    {
                      "Node Type": "Hash",
                      "Parent Relationship": "Inner",
                      "Parallel Aware": true,
                      "Startup Cost": 45479.1,
                      "Total Cost": 45479.1,
                      "Plan Rows": 32738,
                      "Plan Width": 4,
                      "Actual Startup Time": 93.505,
                      "Actual Total Time": 93.506,
                      "Actual Rows": 44956,
                      "Actual Loops": 6,
                      "Hash Buckets": 524288,
                      "Original Hash Buckets": 131072,
                      "Hash Batches": 1,
                      "Original Hash Batches": 1,
                      "Peak Memory Usage": 17792,
                      "Plans": [
                        {
                          "Node Type": "Seq Scan",
                          "Parent Relationship": "Outer",
                          "Parallel Aware": true,
                          "Relation Name": "title",
                          "Alias": "t",
                          "Startup Cost": 0.0,
                          "Total Cost": 45479.1,
                          "Plan Rows": 32738,
                          "Plan Width": 4,
                          "Actual Startup Time": 48.461,
                          "Actual Total Time": 75.466,
                          "Actual Rows": 44956,
                          "Actual Loops": 6,
                          "Filter": "((production_year < 1980) AND (kind_id = 1))",
                          "Rows Removed by Filter": 376429
                        }
                      ]
                    }
                  ]
                }
              ]
            }
          ]
        }
      ]
    },
    "Planning Time": 0.606,
    "Triggers": [],
    "Execution Time": 759.816
  }
]