[
  {
    "Plan": {
      "Node Type": "Aggregate",
      "Strategy": "Plain",
      "Partial Mode": "Finalize",
      "Parallel Aware": false,
      "Startup Cost": 557155.73,
      "Total Cost": 557155.74,
      "Plan Rows": 1,
      "Plan Width": 8,
      "Actual Startup Time": 1845.646,
      "Actual Total Time": 1899.773,
      "Actual Rows": 1,
      "Actual Loops": 1,
      "Plans": [
        {
          "Node Type": "Gather",
          "Parent Relationship": "Outer",
          "Parallel Aware": false,
          "Startup Cost": 557155.21,
          "Total Cost": 557155.72,
          "Plan Rows": 5,
          "Plan Width": 8,
          "Actual Startup Time": 1808.373,
          "Actual Total Time": 1899.747,
          "Actual Rows": 6,
          "Actual Loops": 1,
          "Workers Planned": 5,
          "Workers Launched": 5,
          "Single Copy": false,
          "Plans": [
            {
              "Node Type": "Aggregate",
              "Strategy": "Plain",
              "Partial Mode": "Partial",
              "Parent Relationship": "Outer",
              "Parallel Aware": false,
              "Startup Cost": 556155.21,
              "Total Cost": 556155.22,
              "Plan Rows": 1,
              "Plan Width": 8,
              "Actual Startup Time": 1796.149,
              "Actual Total Time": 1796.318,
              "Actual Rows": 1,
              "Actual Loops": 6,
              "Plans": [
                {
                  "Node Type": "Hash Join",
                  "Parent Relationship": "Outer",
                  "Parallel Aware": true,
                  "Join Type": "Inner",
                  "Startup Cost": 349398.19,
                  "Total Cost": 553792.85,
                  "Plan Rows": 944943,
                  "Plan Width": 0,
                  "Actual Startup Time": 681.265,
                  "Actual Total Time": 1724.077,
                  "Actual Rows": 1210746,
                  "Actual Loops": 6,
                  "Inner Unique": false,
                  "Hash Cond": "(mi.movie_id = t.id)",
                  "Plans": [
                    {
                      "Node Type": "Seq Scan",
                      "Parent Relationship": "Outer",
                      "Parallel Aware": true,
                      "Relation Name": "movie_info",
                      "Alias": "mi",
                      "Startup Cost": 0.0,
                      "Total Cost": 191685.19,
                      "Plan Rows": 2969219,
                      "Plan Width": 4,
                      "Actual Startup Time": 0.04,
                      "Actual Total Time": 394.854,
                      "Actual Rows": 2472620,
                      "Actual Loops": 6
                    },
                    {
                      "Node Type": "Hash",
                      "Parent Relationship": "Inner",
                      "Parallel Aware": true,
                      "Startup Cost": 347721.81,
                      "Total Cost": 347721.81,
                      "Plan Rows": 134110,
                      "Plan Width": 8,
                      "Actual Startup Time": 677.113,
                      "Actual Total Time": 677.28,
                      "Actual Rows": 88507,
                      "Actual Loops": 6,
                      "Hash Buckets": 1048576,
                      "Original Hash Buckets": 1048576,
                      "Hash Batches": 1,
                      "Original Hash Batches": 1,
                      "Peak Memory Usage": 29056,
                      "Plans": [
                        {
                          "Node Type": "Hash Join",
                          "Parent Relationship": "Outer",
                          "Parallel Aware": true,
                          "Join Type": "Inner",
                          "Startup Cost": 90134.61,
                          "Total Cost": 347721.81,
                          "Plan Rows": 134110,
                          "Plan Width": 8,
                          "Actual Startup Time": 546.754,
                          "Actual Total Time": 633.9,
                          "Actual Rows": 88507,
                          "Actual Loops": 6,
                          "Inner Unique": true,
                          "Hash Cond": "(ci.movie_id = t.id)",
                          "Plans": [
                            {
                              "Node Type": "Bitmap Heap Scan",
                              "Parent Relationship": "Outer",
                              "Parallel Aware": true,
                              "Relation Name": "cast_info",
                              "Alias": "ci",
                              "Startup Cost": 39914.23,
                              "Total Cost": 297149.39,
                              "Plan Rows": 134110,
                              "Plan Width": 4,
                              "Actual Startup Time": 163.563,
                              "Actual Total Time": 193.748,
                              "Actual Rows": 88507,
                              "Actual Loops": 6,
                              "Recheck Cond": "(person_id < 184883)",
                              "Rows Removed by Index Recheck": 0,
                              "Filter": "(role_id > 2)",
                              "Rows Removed by Filter": 224514,
                              "Exact Heap Blocks": 4202,
                              "Lossy Heap Blocks": 0,
                              "Plans": [
                                {
                                  "Node Type": "Bitmap Index Scan",
                                  "Parent Relationship": "Outer",
                                  "Parallel Aware": false,
                                  "Index Name": "person_id_cast_info",
                                  "Startup Cost": 0.0,
                                  "Total Cost": 39713.06,
                                  "Plan Rows": 1819266,
                                  "Plan Width": 0,
                                  "Actual Startup Time": 104.502,
                                  "Actual Total Time": 104.503,
                                  "Actual Rows": 1878126,
                                  "Actual Loops": 1,
                                  "Index Cond": "(person_id < 184883)"
                                }
                              ]
                            },
                            {
                              "Node Type": "Hash",
                              "Parent Relationship": "Inner",
                              "Parallel Aware": true,
                              "Startup Cost": 42319.06,
                              "Total Cost": 42319.06,
                              "Plan Rows": 632106,
                              "Plan Width": 4,
                              "Actual Startup Time": 376.489,
                              "Actual Total Time": 376.49,
                              "Actual Rows": 421385,
                              "Actual Loops": 6,
                              "Hash Buckets": 4194304,
                              "Original Hash Buckets": 4194304,
                              "Hash Batches": 1,
                              "Original Hash Batches": 1,
                              "Peak Memory Usage": 131776,
                              "Plans": [
                                {
                                  "Node Type": "Seq Scan",
                                  "Parent Relationship": "Outer",
                                  "Parallel Aware": true,
                                  "Relation Name": "title",
                                  "Alias": "t",
                                  "Startup Cost": 0.0,
                                  "Total Cost": 42319.06,
                                  "Plan Rows": 632106,
                                  "Plan Width": 4,
                                  "Actual Startup Time": 0.044,
                                  "Actual Total Time": 109.063,
                                  "Actual Rows": 421385,
                                  "Actual Loops": 6
                                }
                              ]
                            }
                          ]
                        }
                      ]
                    }
                  ]
                }
              ]
            }
          ]
        }
      ]
    },
    "Planning Time": 1.317,
    "Triggers": [],
    "Execution Time": 1899.897
  }
]