[
    {
        "Bao": {
            "Bao prediction": "NaN",
            "Bao recommended hint": "(no hint)"
        }
    },
    {
        "Plan": {
            "Node Type": "Aggregate",
            "Strategy": "Plain",
            "Partial Mode": "Finalize",
            "Parallel Aware": false,
            "Startup Cost": 32983.53,
            "Total Cost": 32983.54,
            "Plan Rows": 1,
            "Plan Width": 8,
            "Actual Startup Time": 91.82,
            "Actual Total Time": 96.826,
            "Actual Rows": 1,
            "Actual Loops": 1,
            "Output": [
                "count(*)"
            ],
            "Plans": [
                {
                    "Node Type": "Gather",
                    "Parent Relationship": "Outer",
                    "Parallel Aware": false,
                    "Startup Cost": 32983.21,
                    "Total Cost": 32983.52,
                    "Plan Rows": 3,
                    "Plan Width": 8,
                    "Actual Startup Time": 91.746,
                    "Actual Total Time": 96.819,
                    "Actual Rows": 4,
                    "Actual Loops": 1,
                    "Output": [
                        "(PARTIAL count(*))"
                    ],
                    "Workers Planned": 3,
                    "Workers Launched": 3,
                    "Single Copy": false,
                    "Plans": [
                        {
                            "Node Type": "Aggregate",
                            "Strategy": "Plain",
                            "Partial Mode": "Partial",
                            "Parent Relationship": "Outer",
                            "Parallel Aware": false,
                            "Startup Cost": 31983.21,
                            "Total Cost": 31983.22,
                            "Plan Rows": 1,
                            "Plan Width": 8,
                            "Actual Startup Time": 83.567,
                            "Actual Total Time": 83.568,
                            "Actual Rows": 1,
                            "Actual Loops": 4,
                            "Output": [
                                "PARTIAL count(*)"
                            ],
                            "Workers": [
                                {
                                    "Worker Number": 0,
                                    "Actual Startup Time": 80.766,
                                    "Actual Total Time": 80.767,
                                    "Actual Rows": 1,
                                    "Actual Loops": 1
                                },
                                {
                                    "Worker Number": 1,
                                    "Actual Startup Time": 80.885,
                                    "Actual Total Time": 80.885,
                                    "Actual Rows": 1,
                                    "Actual Loops": 1
                                },
                                {
                                    "Worker Number": 2,
                                    "Actual Startup Time": 81.38,
                                    "Actual Total Time": 81.381,
                                    "Actual Rows": 1,
                                    "Actual Loops": 1
                                }
                            ],
                            "Plans": [
                                {
                                    "Node Type": "Seq Scan",
                                    "Parent Relationship": "Outer",
                                    "Parallel Aware": true,
                                    "Relation Name": "movie_companies",
                                    "Schema": "public",
                                    "Alias": "mc",
                                    "Startup Cost": 0.0,
                                    "Total Cost": 31414.82,
                                    "Plan Rows": 227356,
                                    "Plan Width": 0,
                                    "Actual Startup Time": 47.251,
                                    "Actual Total Time": 78.491,
                                    "Actual Rows": 111312,
                                    "Actual Loops": 4,
                                    "Output": [
                                        "id",
                                        "movie_id",
                                        "company_id",
                                        "company_type_id",
                                        "note"
                                    ],
                                    "Filter": "((mc.company_id < 11872) AND (mc.company_type_id > 1))",
                                    "Rows Removed by Filter": 540971,
                                    "Workers": [
                                        {
                                            "Worker Number": 0,
                                            "Actual Startup Time": 44.444,
                                            "Actual Total Time": 75.869,
                                            "Actual Rows": 72504,
                                            "Actual Loops": 1
                                        },
                                        {
                                            "Worker Number": 1,
                                            "Actual Startup Time": 44.575,
                                            "Actual Total Time": 76.187,
                                            "Actual Rows": 112992,
                                            "Actual Loops": 1
                                        },
                                        {
                                            "Worker Number": 2,
                                            "Actual Startup Time": 45.058,
                                            "Actual Total Time": 76.474,
                                            "Actual Rows": 117860,
                                            "Actual Loops": 1
                                        }
                                    ]
                                }
                            ]
                        }
                    ]
                }
            ]
        },
        "Planning Time": 205.177,
        "Triggers": [],
        "Execution Time": 96.905
    }
]