{
  "Plan": {
    "Node Type": "Aggregate",
    "Strategy": "Plain",
    "Partial Mode": "Finalize",
    "Parallel Aware": false,
    "Startup Cost": 236898.09,
    "Total Cost": 236898.1,
    "Plan Rows": 1,
    "Plan Width": 8,
    "Actual Startup Time": 1094.177,
    "Actual Total Time": 1117.845,
    "Actual Rows": 1,
    "Actual Loops": 1,
    "Plans": [
      {
        "Node Type": "Gather",
        "Parent Relationship": "Outer",
        "Parallel Aware": false,
        "Startup Cost": 236897.98,
        "Total Cost": 236898.09,
        "Plan Rows": 1,
        "Plan Width": 8,
        "Actual Startup Time": 1093.202,
        "Actual Total Time": 1117.836,
        "Actual Rows": 2,
        "Actual Loops": 1,
        "Workers Planned": 1,
        "Workers Launched": 1,
        "Single Copy": false,
        "Plans": [
          {
            "Node Type": "Aggregate",
            "Strategy": "Plain",
            "Partial Mode": "Partial",
            "Parent Relationship": "Outer",
            "Parallel Aware": false,
            "Startup Cost": 235897.98,
            "Total Cost": 235897.99,
            "Plan Rows": 1,
            "Plan Width": 8,
            "Actual Startup Time": 1087.096,
            "Actual Total Time": 1087.374,
            "Actual Rows": 1,
            "Actual Loops": 2,
            "Plans": [
              {
                "Node Type": "Hash Join",
                "Parent Relationship": "Outer",
                "Parallel Aware": true,
                "Join Type": "Inner",
                "Startup Cost": 193286.22,
                "Total Cost": 235545.87,
                "Plan Rows": 140845,
                "Plan Width": 0,
                "Actual Startup Time": 859.346,
                "Actual Total Time": 1083.246,
                "Actual Rows": 77892,
                "Actual Loops": 2,
                "Inner Unique": false,
                "Hash Cond": "(mc.movie_id = t.id)",
                "Plans": [
                  {
                    "Node Type": "Seq Scan",
                    "Parent Relationship": "Outer",
                    "Parallel Aware": true,
                    "Relation Name": "movie_companies",
                    "Alias": "mc",
                    "Startup Cost": 0.0,
                    "Total Cost": 37974.77,
                    "Plan Rows": 921701,
                    "Plan Width": 4,
                    "Actual Startup Time": 0.03,
                    "Actual Total Time": 132.71,
                    "Actual Rows": 778606,
                    "Actual Loops": 2,
                    "Filter": "(company_id < 14916)",
                    "Rows Removed by Filter": 525958
                  },
                  {
                    "Node Type": "Hash",
                    "Parent Relationship": "Inner",
                    "Parallel Aware": true,
                    "Startup Cost": 190445.42,
                    "Total Cost": 190445.42,
                    "Plan Rows": 227264,
                    "Plan Width": 8,
                    "Actual Startup Time": 853.653,
                    "Actual Total Time": 853.929,
                    "Actual Rows": 59238,
                    "Actual Loops": 2,
                    "Hash Buckets": 524288,
                    "Original Hash Buckets": 524288,
                    "Hash Batches": 1,
                    "Original Hash Batches": 1,
                    "Peak Memory Usage": 8768,
                    "Plans": [
                      {
                        "Node Type": "Hash Join",
                        "Parent Relationship": "Outer",
                        "Parallel Aware": true,
                        "Join Type": "Inner",
                        "Startup Cost": 60081.92,
                        "Total Cost": 190445.42,
                        "Plan Rows": 227264,
                        "Plan Width": 8,
                        "Actual Startup Time": 176.638,
                        "Actual Total Time": 832.254,
                        "Actual Rows": 59238,
                        "Actual Loops": 2,
                        "Inner Unique": true,
                        "Hash Cond": "(ci.movie_id = t.id)",
                        "Plans": [
                          {
                            "Node Type": "Index Scan",
                            "Parent Relationship": "Outer",
                            "Parallel Aware": true,
                            "Scan Direction": "Forward",
                            "Index Name": "role_id_cast_info",
                            "Relation Name": "cast_info",
                            "Alias": "ci",
                            "Startup Cost": 0.56,
                            "Total Cost": 124115.52,
                            "Plan Rows": 2380394,
                            "Plan Width": 4,
                            "Actual Startup Time": 0.052,
                            "Actual Total Time": 336.421,
                            "Actual Rows": 2004018,
                            "Actual Loops": 2,
                            "Index Cond": "(role_id = 3)",
                            "Rows Removed by Index Recheck": 0
                          },
                          {
                            "Node Type": "Hash",
                            "Parent Relationship": "Inner",
                            "Parallel Aware": true,
                            "Startup Cost": 58306.47,
                            "Total Cost": 58306.47,
                            "Plan Rows": 141991,
                            "Plan Width": 4,
                            "Actual Startup Time": 174.14,
                            "Actual Total Time": 174.142,
                            "Actual Rows": 72729,
                            "Actual Loops": 2,
                            "Hash Buckets": 262144,
                            "Original Hash Buckets": 262144,
                            "Hash Batches": 1,
                            "Original Hash Batches": 1,
                            "Peak Memory Usage": 7744,
                            "Plans": [
                              {
                                "Node Type": "Seq Scan",
                                "Parent Relationship": "Outer",
                                "Parallel Aware": true,
                                "Relation Name": "title",
                                "Alias": "t",
                                "Startup Cost": 0.0,
                                "Total Cost": 58306.47,
                                "Plan Rows": 141991,
                                "Plan Width": 4,
                                "Actual Startup Time": 0.04,
                                "Actual Total Time": 152.374,
                                "Actual Rows": 72729,
                                "Actual Loops": 2,
                                "Filter": "((production_year < 1973) AND (kind_id = 7))",
                                "Rows Removed by Filter": 1191427
                              }
                            ]
                          }
                        ]
                      }
                    ]
                  }
                ]
              }
            ]
          }
        ]
      }
    ]
  },
  "Planning Time": 0.957,
  "Triggers": [],
  "Execution Time": 1117.931
}