[
  {
    "Plan": {
      "Node Type": "Aggregate",
      "Strategy": "Plain",
      "Partial Mode": "Simple",
      "Parallel Aware": false,
      "Startup Cost": 55522.77,
      "Total Cost": 55522.78,
      "Plan Rows": 1,
      "Plan Width": 64,
      "Actual Startup Time": 221.533,
      "Actual Total Time": 221.543,
      "Actual Rows": 1,
      "Actual Loops": 1,
      "Plans": [
        {
          "Node Type": "Nested Loop",
          "Parent Relationship": "Outer",
          "Parallel Aware": false,
          "Join Type": "Inner",
          "Startup Cost": 2414.2,
          "Total Cost": 55522.76,
          "Plan Rows": 1,
          "Plan Width": 32,
          "Actual Startup Time": 39.955,
          "Actual Total Time": 221.517,
          "Actual Rows": 27,
          "Actual Loops": 1,
          "Inner Unique": true,
          "Plans": [
            {
              "Node Type": "Nested Loop",
              "Parent Relationship": "Outer",
              "Parallel Aware": false,
              "Join Type": "Inner",
              "Startup Cost": 2413.76,
              "Total Cost": 55518.31,
              "Plan Rows": 1,
              "Plan Width": 23,
              "Actual Startup Time": 37.69,
              "Actual Total Time": 219.164,
              "Actual Rows": 190,
              "Actual Loops": 1,
              "Inner Unique": true,
              "Join Filter": "(ml.link_type_id = lt.id)",
              "Rows Removed by Join Filter": 486,
              "Plans": [
                {
                  "Node Type": "Nested Loop",
                  "Parent Relationship": "Outer",
                  "Parallel Aware": false,
                  "Join Type": "Inner",
                  "Startup Cost": 2413.76,
                  "Total Cost": 55517.07,
                  "Plan Rows": 1,
                  "Plan Width": 27,
                  "Actual Startup Time": 37.563,
                  "Actual Total Time": 216.888,
                  "Actual Rows": 676,
                  "Actual Loops": 1,
                  "Inner Unique": false,
                  "Plans": [
                    {
                      "Node Type": "Nested Loop",
                      "Parent Relationship": "Outer",
                      "Parallel Aware": false,
                      "Join Type": "Inner",
                      "Startup Cost": 2413.46,
                      "Total Cost": 55512.72,
                      "Plan Rows": 1,
                      "Plan Width": 19,
                      "Actual Startup Time": 37.215,
                      "Actual Total Time": 193.441,
                      "Actual Rows": 5951,
                      "Actual Loops": 1,
                      "Inner Unique": false,
                      "Join Filter": "(n.id = an.person_id)",
                      "Rows Removed by Join Filter": 0,
                      "Plans": [
                        {
                          "Node Type": "Nested Loop",
                          "Parent Relationship": "Outer",
                          "Parallel Aware": false,
                          "Join Type": "Inner",
                          "Startup Cost": 2413.02,
                          "Total Cost": 55508.23,
                          "Plan Rows": 1,
                          "Plan Width": 31,
                          "Actual Startup Time": 37.137,
                          "Actual Total Time": 169.103,
                          "Actual Rows": 3936,
                          "Actual Loops": 1,
                          "Inner Unique": false,
                          "Plans": [
                            {
                              "Node Type": "Nested Loop",
                              "Parent Relationship": "Outer",
                              "Parallel Aware": false,
                              "Join Type": "Inner",
                              "Startup Cost": 2408.01,
                              "Total Cost": 55487.74,
                              "Plan Rows": 1,
                              "Plan Width": 23,
                              "Actual Startup Time": 37.036,
                              "Actual Total Time": 164.988,
                              "Actual Rows": 30,
                              "Actual Loops": 1,
                              "Inner Unique": true,
                              "Plans": [
                                {
                                  "Node Type": "Nested Loop",
                                  "Parent Relationship": "Outer",
                                  "Parallel Aware": false,
                                  "Join Type": "Inner",
                                  "Startup Cost": 2403.57,
                                  "Total Cost": 55479.28,
                                  "Plan Rows": 1,
                                  "Plan Width": 4,
                                  "Actual Startup Time": 26.598,
                                  "Actual Total Time": 162.629,
                                  "Actual Rows": 64,
                                  "Actual Loops": 1,
                                  "Inner Unique": false,
                                  "Plans": [
                                    {
                                      "Node Type": "Seq Scan",
                                      "Parent Relationship": "Outer",
                                      "Parallel Aware": false,
                                      "Relation Name": "info_type",
                                      "Alias": "it",
                                      "Startup Cost": 0.0,
                                      "Total Cost": 2.41,
                                      "Plan Rows": 1,
                                      "Plan Width": 4,
                                      "Actual Startup Time": 0.062,
                                      "Actual Total Time": 0.072,
                                      "Actual Rows": 1,
                                      "Actual Loops": 1,
                                      "Filter": "((info)::text = 'mini biography'::text)",
                                      "Rows Removed by Filter": 112
                                    },
                                    {
                                      "Node Type": "Bitmap Heap Scan",
                                      "Parent Relationship": "Inner",
                                      "Parallel Aware": false,
                                      "Relation Name": "person_info",
                                      "Alias": "pi",
                                      "Startup Cost": 2403.57,
                                      "Total Cost": 55476.86,
                                      "Plan Rows": 1,
                                      "Plan Width": 8,
                                      "Actual Startup Time": 26.53,
                                      "Actual Total Time": 162.522,
                                      "Actual Rows": 64,
                                      "Actual Loops": 1,
                                      "Recheck Cond": "(info_type_id = it.id)",
                                      "Rows Removed by Index Recheck": 0,
                                      "Filter": "(note = 'Volker Boehm'::text)",
                                      "Rows Removed by Filter": 84120,
                                      "Exact Heap Blocks": 40387,
                                      "Lossy Heap Blocks": 0,
                                      "Plans": [
                                        {
                                          "Node Type": "Bitmap Index Scan",
                                          "Parent Relationship": "Outer",
                                          "Parallel Aware": false,
                                          "Index Name": "info_type_id_person_info",
                                          "Startup Cost": 0.0,
                                          "Total Cost": 2403.57,
                                          "Plan Rows": 134819,
                                          "Plan Width": 0,
                                          "Actual Startup Time": 17.654,
                                          "Actual Total Time": 17.654,
                                          "Actual Rows": 84184,
                                          "Actual Loops": 1,
                                          "Index Cond": "(info_type_id = it.id)"
                                        }
                                      ]
                                    }
                                  ]
                                },
                                {
                                  "Node Type": "Bitmap Heap Scan",
                                  "Parent Relationship": "Inner",
                                  "Parallel Aware": false,
                                  "Relation Name": "name",
                                  "Alias": "n",
                                  "Startup Cost": 4.44,
                                  "Total Cost": 8.46,
                                  "Plan Rows": 1,
                                  "Plan Width": 19,
                                  "Actual Startup Time": 0.034,
                                  "Actual Total Time": 0.034,
                                  "Actual Rows": 0,
                                  "Actual Loops": 64,
                                  "Recheck Cond": "(id = pi.person_id)",
                                  "Rows Removed by Index Recheck": 0,
                                  "Filter": "(((name_pcode_cf)::text >= 'B'::text) AND ((name_pcode_cf)::text <= 'N'::text) AND (((gender)::text = 'm'::text) OR (((gender)::text = 'f'::text) AND (name ~~ 'B%'::text))))",
                                  "Rows Removed by Filter": 1,
                                  "Exact Heap Blocks": 64,
                                  "Lossy Heap Blocks": 0,
                                  "Plans": [
                                    {
                                      "Node Type": "Bitmap Index Scan",
                                      "Parent Relationship": "Outer",
                                      "Parallel Aware": false,
                                      "Index Name": "name_pkey",
                                      "Startup Cost": 0.0,
                                      "Total Cost": 4.44,
                                      "Plan Rows": 1,
                                      "Plan Width": 0,
                                      "Actual Startup Time": 0.024,
                                      "Actual Total Time": 0.024,
                                      "Actual Rows": 1,
                                      "Actual Loops": 64,
                                      "Index Cond": "(id = pi.person_id)"
                                    }
                                  ]
                                }
                              ]
                            },
                            {
                              "Node Type": "Bitmap Heap Scan",
                              "Parent Relationship": "Inner",
                              "Parallel Aware": false,
                              "Relation Name": "cast_info",
                              "Alias": "ci",
                              "Startup Cost": 5.01,
                              "Total Cost": 15.38,
                              "Plan Rows": 510,
                              "Plan Width": 8,
                              "Actual Startup Time": 0.045,
                              "Actual Total Time": 0.112,
                              "Actual Rows": 131,
                              "Actual Loops": 30,
                              "Recheck Cond": "(person_id = n.id)",
                              "Rows Removed by Index Recheck": 0,
                              "Exact Heap Blocks": 149,
                              "Lossy Heap Blocks": 0,
                              "Plans": [
                                {
                                  "Node Type": "Bitmap Index Scan",
                                  "Parent Relationship": "Outer",
                                  "Parallel Aware": false,
                                  "Index Name": "person_id_cast_info",
                                  "Startup Cost": 0.0,
                                  "Total Cost": 4.88,
                                  "Plan Rows": 510,
                                  "Plan Width": 0,
                                  "Actual Startup Time": 0.028,
                                  "Actual Total Time": 0.028,
                                  "Actual Rows": 131,
                                  "Actual Loops": 30,
                                  "Index Cond": "(person_id = n.id)"
                                }
                              ]
                            }
                          ]
                        },
                        {
                          "Node Type": "Bitmap Heap Scan",
                          "Parent Relationship": "Inner",
                          "Parallel Aware": false,
                          "Relation Name": "aka_name",
                          "Alias": "an",
                          "Startup Cost": 0.44,
                          "Total Cost": 4.47,
                          "Plan Rows": 2,
                          "Plan Width": 4,
                          "Actual Startup Time": 0.004,
                          "Actual Total Time": 0.004,
                          "Actual Rows": 2,
                          "Actual Loops": 3936,
                          "Recheck Cond": "(person_id = ci.person_id)",
                          "Rows Removed by Index Recheck": 0,
                          "Filter": "(name ~~ '%r%'::text)",
                          "Rows Removed by Filter": 1,
                          "Exact Heap Blocks": 5242,
                          "Lossy Heap Blocks": 0,
                          "Plans": [
                            {
                              "Node Type": "Bitmap Index Scan",
                              "Parent Relationship": "Outer",
                              "Parallel Aware": false,
                              "Index Name": "person_id_aka_name",
                              "Startup Cost": 0.0,
                              "Total Cost": 0.44,
                              "Plan Rows": 2,
                              "Plan Width": 0,
                              "Actual Startup Time": 0.002,
                              "Actual Total Time": 0.002,
                              "Actual Rows": 2,
                              "Actual Loops": 3936,
                              "Index Cond": "(person_id = ci.person_id)"
                            }
                          ]
                        }
                      ]
                    },
                    {
                      "Node Type": "Bitmap Heap Scan",
                      "Parent Relationship": "Inner",
                      "Parallel Aware": false,
                      "Relation Name": "movie_link",
                      "Alias": "ml",
                      "Startup Cost": 0.3,
                      "Total Cost": 4.33,
                      "Plan Rows": 2,
                      "Plan Width": 8,
                      "Actual Startup Time": 0.002,
                      "Actual Total Time": 0.002,
                      "Actual Rows": 0,
                      "Actual Loops": 5951,
                      "Recheck Cond": "(linked_movie_id = ci.movie_id)",
                      "Rows Removed by Index Recheck": 0,
                      "Exact Heap Blocks": 621,
                      "Lossy Heap Blocks": 0,
                      "Plans": [
                        {
                          "Node Type": "Bitmap Index Scan",
                          "Parent Relationship": "Outer",
                          "Parallel Aware": false,
                          "Index Name": "linked_movie_id_movie_link",
                          "Startup Cost": 0.0,
                          "Total Cost": 0.3,
                          "Plan Rows": 2,
                          "Plan Width": 0,
                          "Actual Startup Time": 0.002,
                          "Actual Total Time": 0.002,
                          "Actual Rows": 0,
                          "Actual Loops": 5951,
                          "Index Cond": "(linked_movie_id = ci.movie_id)"
                        }
                      ]
                    }
                  ]
                },
                {
                  "Node Type": "Seq Scan",
                  "Parent Relationship": "Inner",
                  "Parallel Aware": false,
                  "Relation Name": "link_type",
                  "Alias": "lt",
                  "Startup Cost": 0.0,
                  "Total Cost": 1.23,
                  "Plan Rows": 1,
                  "Plan Width": 4,
                  "Actual Startup Time": 0.002,
                  "Actual Total Time": 0.002,
                  "Actual Rows": 1,
                  "Actual Loops": 676,
                  "Filter": "((link)::text = 'features'::text)",
                  "Rows Removed by Filter": 14
                }
              ]
            },
            {
              "Node Type": "Bitmap Heap Scan",
              "Parent Relationship": "Inner",
              "Parallel Aware": false,
              "Relation Name": "title",
              "Alias": "t",
              "Startup Cost": 0.44,
              "Total Cost": 4.46,
              "Plan Rows": 1,
              "Plan Width": 21,
              "Actual Startup Time": 0.011,
              "Actual Total Time": 0.011,
              "Actual Rows": 0,
              "Actual Loops": 190,
              "Recheck Cond": "(id = ci.movie_id)",
              "Rows Removed by Index Recheck": 0,
              "Filter": "((production_year >= 1996) AND (production_year <= 2007))",
              "Rows Removed by Filter": 1,
              "Exact Heap Blocks": 190,
              "Lossy Heap Blocks": 0,
              "Plans": [
                {
                  "Node Type": "Bitmap Index Scan",
                  "Parent Relationship": "Outer",
                  "Parallel Aware": false,
                  "Index Name": "title_pkey",
                  "Startup Cost": 0.0,
                  "Total Cost": 0.44,
                  "Plan Rows": 1,
                  "Plan Width": 0,
                  "Actual Startup Time": 0.006,
                  "Actual Total Time": 0.006,
                  "Actual Rows": 1,
                  "Actual Loops": 190,
                  "Index Cond": "(id = ci.movie_id)"
                }
              ]
            }
          ]
        }
      ]
    },
    "Planning Time": 11.235,
    "Triggers": [],
    "Execution Time": 222.304
  }
]