[
  {
    "Plan": {
      "Node Type": "Aggregate",
      "Strategy": "Plain",
      "Partial Mode": "Finalize",
      "Parallel Aware": false,
      "Startup Cost": 464401.35,
      "Total Cost": 464401.36,
      "Plan Rows": 1,
      "Plan Width": 8,
      "Actual Startup Time": 2635.848,
      "Actual Total Time": 2699.227,
      "Actual Rows": 1,
      "Actual Loops": 1,
      "Plans": [
        {
          "Node Type": "Gather",
          "Parent Relationship": "Outer",
          "Parallel Aware": false,
          "Startup Cost": 464400.73,
          "Total Cost": 464401.34,
          "Plan Rows": 6,
          "Plan Width": 8,
          "Actual Startup Time": 2605.734,
          "Actual Total Time": 2699.211,
          "Actual Rows": 7,
          "Actual Loops": 1,
          "Workers Planned": 6,
          "Workers Launched": 6,
          "Single Copy": false,
          "Plans": [
            {
              "Node Type": "Aggregate",
              "Strategy": "Plain",
              "Partial Mode": "Partial",
              "Parent Relationship": "Outer",
              "Parallel Aware": false,
              "Startup Cost": 463400.73,
              "Total Cost": 463400.74,
              "Plan Rows": 1,
              "Plan Width": 8,
              "Actual Startup Time": 2590.057,
              "Actual Total Time": 2590.564,
              "Actual Rows": 1,
              "Actual Loops": 7,
              "Plans": [
                {
                  "Node Type": "Hash Join",
                  "Parent Relationship": "Outer",
                  "Parallel Aware": true,
                  "Join Type": "Inner",
                  "Startup Cost": 101289.57,
                  "Total Cost": 459224.26,
                  "Plan Rows": 1670586,
                  "Plan Width": 0,
                  "Actual Startup Time": 722.042,
                  "Actual Total Time": 2330.155,
                  "Actual Rows": 5908563,
                  "Actual Loops": 7,
                  "Inner Unique": false,
                  "Hash Cond": "(ci.movie_id = t.id)",
                  "Plans": [
                    {
                      "Node Type": "Seq Scan",
                      "Parent Relationship": "Outer",
                      "Parallel Aware": true,
                      "Relation Name": "cast_info",
                      "Alias": "ci",
                      "Startup Cost": 0.0,
                      "Total Cost": 343316.27,
                      "Plan Rows": 2461182,
                      "Plan Width": 4,
                      "Actual Startup Time": 208.66,
                      "Actual Total Time": 696.422,
                      "Actual Rows": 2826093,
                      "Actual Loops": 7,
                      "Filter": "((person_id > 1345421) AND (role_id > 1))",
                      "Rows Removed by Filter": 2351670
                    },
                    {
                      "Node Type": "Hash",
                      "Parent Relationship": "Inner",
                      "Parallel Aware": true,
                      "Startup Cost": 94369.29,
                      "Total Cost": 94369.29,
                      "Plan Rows": 553622,
                      "Plan Width": 8,
                      "Actual Startup Time": 508.136,
                      "Actual Total Time": 508.641,
                      "Actual Rows": 244910,
                      "Actual Loops": 7,
                      "Hash Buckets": 2097152,
                      "Original Hash Buckets": 2097152,
                      "Hash Batches": 1,
                      "Original Hash Batches": 1,
                      "Peak Memory Usage": 83584,
                      "Plans": [
                        {
                          "Node Type": "Hash Join",
                          "Parent Relationship": "Outer",
                          "Parallel Aware": true,
                          "Join Type": "Inner",
                          "Startup Cost": 50220.38,
                          "Total Cost": 94369.29,
                          "Plan Rows": 553622,
                          "Plan Width": 8,
                          "Actual Startup Time": 278.285,
                          "Actual Total Time": 416.455,
                          "Actual Rows": 244910,
                          "Actual Loops": 7,
                          "Inner Unique": true,
                          "Hash Cond": "(mk.movie_id = t.id)",
                          "Plans": [
                            {
                              "Node Type": "Seq Scan",
                              "Parent Relationship": "Outer",
                              "Parallel Aware": true,
                              "Relation Name": "movie_keyword",
                              "Alias": "mk",
                              "Startup Cost": 0.0,
                              "Total Cost": 42695.65,
                              "Plan Rows": 553622,
                              "Plan Width": 4,
                              "Actual Startup Time": 0.039,
                              "Actual Total Time": 71.941,
                              "Actual Rows": 244910,
                              "Actual Loops": 7,
                              "Filter": "(keyword_id < 2738)",
                              "Rows Removed by Filter": 401365
                            },
                            {
                              "Node Type": "Hash",
                              "Parent Relationship": "Inner",
                              "Parallel Aware": true,
                              "Startup Cost": 42319.06,
                              "Total Cost": 42319.06,
                              "Plan Rows": 632106,
                              "Plan Width": 4,
                              "Actual Startup Time": 272.998,
                              "Actual Total Time": 272.999,
                              "Actual Rows": 361187,
                              "Actual Loops": 7,
                              "Hash Buckets": 4194304,
                              "Original Hash Buckets": 4194304,
                              "Hash Batches": 1,
                              "Original Hash Batches": 1,
                              "Peak Memory Usage": 131776,
                              "Plans": [
                                {
                                  "Node Type": "Seq Scan",
                                  "Parent Relationship": "Outer",
                                  "Parallel Aware": true,
                                  "Relation Name": "title",
                                  "Alias": "t",
                                  "Startup Cost": 0.0,
                                  "Total Cost": 42319.06,
                                  "Plan Rows": 632106,
                                  "Plan Width": 4,
                                  "Actual Startup Time": 0.068,
                                  "Actual Total Time": 77.533,
                                  "Actual Rows": 361187,
                                  "Actual Loops": 7
                                }
                              ]
                            }
                          ]
                        }
                      ]
                    }
                  ]
                }
              ]
            }
          ]
        }
      ]
    },
    "Planning Time": 1.24,
    "Triggers": [],
    "Execution Time": 2699.318
  }
]