[
  {
    "Plan": {
      "Node Type": "Aggregate",
      "Strategy": "Plain",
      "Partial Mode": "Finalize",
      "Parallel Aware": false,
      "Startup Cost": 352108.88,
      "Total Cost": 352108.89,
      "Plan Rows": 1,
      "Plan Width": 8,
      "Actual Startup Time": 902.038,
      "Actual Total Time": 949.1,
      "Actual Rows": 1,
      "Actual Loops": 1,
      "Plans": [
        {
          "Node Type": "Gather",
          "Parent Relationship": "Outer",
          "Parallel Aware": false,
          "Startup Cost": 352108.25,
          "Total Cost": 352108.86,
          "Plan Rows": 6,
          "Plan Width": 8,
          "Actual Startup Time": 901.874,
          "Actual Total Time": 949.087,
          "Actual Rows": 7,
          "Actual Loops": 1,
          "Workers Planned": 6,
          "Workers Launched": 6,
          "Single Copy": false,
          "Plans": [
            {
              "Node Type": "Aggregate",
              "Strategy": "Plain",
              "Partial Mode": "Partial",
              "Parent Relationship": "Outer",
              "Parallel Aware": false,
              "Startup Cost": 351108.25,
              "Total Cost": 351108.26,
              "Plan Rows": 1,
              "Plan Width": 8,
              "Actual Startup Time": 893.004,
              "Actual Total Time": 893.005,
              "Actual Rows": 1,
              "Actual Loops": 7,
              "Plans": [
                {
                  "Node Type": "Seq Scan",
                  "Parent Relationship": "Outer",
                  "Parallel Aware": true,
                  "Relation Name": "cast_info",
                  "Alias": "ci",
                  "Startup Cost": 0.0,
                  "Total Cost": 343316.27,
                  "Plan Rows": 3116792,
                  "Plan Width": 0,
                  "Actual Startup Time": 250.632,
                  "Actual Total Time": 764.183,
                  "Actual Rows": 2311631,
                  "Actual Loops": 7,
                  "Filter": "((person_id < 2931272) AND (role_id > 1))",
                  "Rows Removed by Filter": 2866133
                }
              ]
            }
          ]
        }
      ]
    },
    "Planning Time": 0.235,
    "Triggers": [],
    "Execution Time": 949.174
  }
]