{
  "Plan": {
    "Node Type": "Aggregate",
    "Strategy": "Plain",
    "Partial Mode": "Simple",
    "Parallel Aware": false,
    "Startup Cost": 8435.63,
    "Total Cost": 8435.64,
    "Plan Rows": 1,
    "Plan Width": 96,
    "Actual Startup Time": 48.436,
    "Actual Total Time": 48.438,
    "Actual Rows": 1,
    "Actual Loops": 1,
    "Plans": [
      {
        "Node Type": "Nested Loop",
        "Parent Relationship": "Outer",
        "Parallel Aware": false,
        "Join Type": "Inner",
        "Startup Cost": 41.08,
        "Total Cost": 8435.62,
        "Plan Rows": 1,
        "Plan Width": 48,
        "Actual Startup Time": 4.688,
        "Actual Total Time": 48.318,
        "Actual Rows": 310,
        "Actual Loops": 1,
        "Inner Unique": true,
        "Plans": [
          {
            "Node Type": "Nested Loop",
            "Parent Relationship": "Outer",
            "Parallel Aware": false,
            "Join Type": "Inner",
            "Startup Cost": 40.95,
            "Total Cost": 8435.45,
            "Plan Rows": 1,
            "Plan Width": 52,
            "Actual Startup Time": 4.677,
            "Actual Total Time": 47.923,
            "Actual Rows": 330,
            "Actual Loops": 1,
            "Inner Unique": true,
            "Plans": [
              {
                "Node Type": "Nested Loop",
                "Parent Relationship": "Outer",
                "Parallel Aware": false,
                "Join Type": "Inner",
                "Startup Cost": 40.53,
                "Total Cost": 8379.39,
                "Plan Rows": 127,
                "Plan Width": 56,
                "Actual Startup Time": 2.347,
                "Actual Total Time": 32.39,
                "Actual Rows": 7580,
                "Actual Loops": 1,
                "Inner Unique": false,
                "Join Filter": "(ml.movie_id = mk.movie_id)",
                "Rows Removed by Join Filter": 0,
                "Plans": [
                  {
                    "Node Type": "Nested Loop",
                    "Parent Relationship": "Outer",
                    "Parallel Aware": false,
                    "Join Type": "Inner",
                    "Startup Cost": 40.1,
                    "Total Cost": 8240.49,
                    "Plan Rows": 71,
                    "Plan Width": 64,
                    "Actual Startup Time": 2.307,
                    "Actual Total Time": 27.816,
                    "Actual Rows": 746,
                    "Actual Loops": 1,
                    "Inner Unique": true,
                    "Plans": [
                      {
                        "Node Type": "Nested Loop",
                        "Parent Relationship": "Outer",
                        "Parallel Aware": false,
                        "Join Type": "Inner",
                        "Startup Cost": 39.68,
                        "Total Cost": 8102.87,
                        "Plan Rows": 301,
                        "Plan Width": 49,
                        "Actual Startup Time": 0.433,
                        "Actual Total Time": 18.152,
                        "Actual Rows": 3313,
                        "Actual Loops": 1,
                        "Inner Unique": false,
                        "Join Filter": "(ml.movie_id = mc.movie_id)",
                        "Rows Removed by Join Filter": 0,
                        "Plans": [
                          {
                            "Node Type": "Nested Loop",
                            "Parent Relationship": "Outer",
                            "Parallel Aware": false,
                            "Join Type": "Inner",
                            "Startup Cost": 39.25,
                            "Total Cost": 7703.31,
                            "Plan Rows": 599,
                            "Plan Width": 37,
                            "Actual Startup Time": 0.359,
                            "Actual Total Time": 10.891,
                            "Actual Rows": 1332,
                            "Actual Loops": 1,
                            "Inner Unique": true,
                            "Plans": [
                              {
                                "Node Type": "Nested Loop",
                                "Parent Relationship": "Outer",
                                "Parallel Aware": false,
                                "Join Type": "Inner",
                                "Startup Cost": 38.82,
                                "Total Cost": 245.23,
                                "Plan Rows": 1666,
                                "Plan Width": 16,
                                "Actual Startup Time": 0.215,
                                "Actual Total Time": 1.811,
                                "Actual Rows": 2315,
                                "Actual Loops": 1,
                                "Inner Unique": false,
                                "Plans": [
                                  {
                                    "Node Type": "Seq Scan",
                                    "Parent Relationship": "Outer",
                                    "Parallel Aware": false,
                                    "Relation Name": "link_type",
                                    "Alias": "lt",
                                    "Startup Cost": 0.0,
                                    "Total Cost": 1.23,
                                    "Plan Rows": 1,
                                    "Plan Width": 16,
                                    "Actual Startup Time": 0.021,
                                    "Actual Total Time": 0.026,
                                    "Actual Rows": 2,
                                    "Actual Loops": 1,
                                    "Filter": "((link)::text ~~ '%follow%'::text)",
                                    "Rows Removed by Filter": 16
                                  },
                                  {
                                    "Node Type": "Bitmap Heap Scan",
                                    "Parent Relationship": "Inner",
                                    "Parallel Aware": false,
                                    "Relation Name": "movie_link",
                                    "Alias": "ml",
                                    "Startup Cost": 38.82,
                                    "Total Cost": 225.26,
                                    "Plan Rows": 1875,
                                    "Plan Width": 8,
                                    "Actual Startup Time": 0.138,
                                    "Actual Total Time": 0.638,
                                    "Actual Rows": 1158,
                                    "Actual Loops": 2,
                                    "Recheck Cond": "(link_type_id = lt.id)",
                                    "Rows Removed by Index Recheck": 0,
                                    "Exact Heap Blocks": 191,
                                    "Lossy Heap Blocks": 0,
                                    "Plans": [
                                      {
                                        "Node Type": "Bitmap Index Scan",
                                        "Parent Relationship": "Outer",
                                        "Parallel Aware": false,
                                        "Index Name": "link_type_id_movie_link",
                                        "Startup Cost": 0.0,
                                        "Total Cost": 38.35,
                                        "Plan Rows": 1875,
                                        "Plan Width": 0,
                                        "Actual Startup Time": 0.109,
                                        "Actual Total Time": 0.109,
                                        "Actual Rows": 1158,
                                        "Actual Loops": 2,
                                        "Index Cond": "(link_type_id = lt.id)"
                                      }
                                    ]
                                  }
                                ]
                              },
                              {
                                "Node Type": "Index Scan",
                                "Parent Relationship": "Inner",
                                "Parallel Aware": false,
                                "Scan Direction": "Forward",
                                "Index Name": "title_pkey",
                                "Relation Name": "title",
                                "Alias": "t",
                                "Startup Cost": 0.43,
                                "Total Cost": 4.48,
                                "Plan Rows": 1,
                                "Plan Width": 21,
                                "Actual Startup Time": 0.003,
                                "Actual Total Time": 0.003,
                                "Actual Rows": 1,
                                "Actual Loops": 2315,
                                "Index Cond": "(id = ml.movie_id)",
                                "Rows Removed by Index Recheck": 0,
                                "Filter": "((production_year >= 1950) AND (production_year <= 2000))",
                                "Rows Removed by Filter": 0
                              }
                            ]
                          },
                          {
                            "Node Type": "Index Scan",
                            "Parent Relationship": "Inner",
                            "Parallel Aware": false,
                            "Scan Direction": "Forward",
                            "Index Name": "movie_id_movie_companies",
                            "Relation Name": "movie_companies",
                            "Alias": "mc",
                            "Startup Cost": 0.43,
                            "Total Cost": 0.64,
                            "Plan Rows": 2,
                            "Plan Width": 12,
                            "Actual Startup Time": 0.004,
                            "Actual Total Time": 0.005,
                            "Actual Rows": 2,
                            "Actual Loops": 1332,
                            "Index Cond": "(movie_id = t.id)",
                            "Rows Removed by Index Recheck": 0,
                            "Filter": "(note IS NULL)",
                            "Rows Removed by Filter": 2
                          }
                        ]
                      },
                      {
                        "Node Type": "Index Scan",
                        "Parent Relationship": "Inner",
                        "Parallel Aware": false,
                        "Scan Direction": "Forward",
                        "Index Name": "company_name_pkey",
                        "Relation Name": "company_name",
                        "Alias": "cn",
                        "Startup Cost": 0.42,
                        "Total Cost": 0.46,
                        "Plan Rows": 1,
                        "Plan Width": 23,
                        "Actual Startup Time": 0.003,
                        "Actual Total Time": 0.003,
                        "Actual Rows": 0,
                        "Actual Loops": 3313,
                        "Index Cond": "(id = mc.company_id)",
                        "Rows Removed by Index Recheck": 0,
                        "Filter": "(((country_code)::text <> '[pl]'::text) AND ((name ~~ '%Film%'::text) OR (name ~~ '%Warner%'::text)))",
                        "Rows Removed by Filter": 1
                      }
                    ]
                  },
                  {
                    "Node Type": "Index Scan",
                    "Parent Relationship": "Inner",
                    "Parallel Aware": false,
                    "Scan Direction": "Forward",
                    "Index Name": "movie_id_movie_keyword",
                    "Relation Name": "movie_keyword",
                    "Alias": "mk",
                    "Startup Cost": 0.43,
                    "Total Cost": 1.38,
                    "Plan Rows": 46,
                    "Plan Width": 8,
                    "Actual Startup Time": 0.002,
                    "Actual Total Time": 0.004,
                    "Actual Rows": 10,
                    "Actual Loops": 746,
                    "Index Cond": "(movie_id = mc.movie_id)",
                    "Rows Removed by Index Recheck": 0
                  }
                ]
              },
              {
                "Node Type": "Index Scan",
                "Parent Relationship": "Inner",
                "Parallel Aware": false,
                "Scan Direction": "Forward",
                "Index Name": "keyword_pkey",
                "Relation Name": "keyword",
                "Alias": "k",
                "Startup Cost": 0.42,
                "Total Cost": 0.44,
                "Plan Rows": 1,
                "Plan Width": 4,
                "Actual Startup Time": 0.002,
                "Actual Total Time": 0.002,
                "Actual Rows": 0,
                "Actual Loops": 7580,
                "Index Cond": "(id = mk.keyword_id)",
                "Rows Removed by Index Recheck": 0,
                "Filter": "(keyword = 'sequel'::text)",
                "Rows Removed by Filter": 1
              }
            ]
          },
          {
            "Node Type": "Index Scan",
            "Parent Relationship": "Inner",
            "Parallel Aware": false,
            "Scan Direction": "Forward",
            "Index Name": "company_type_pkey",
            "Relation Name": "company_type",
            "Alias": "ct",
            "Startup Cost": 0.13,
            "Total Cost": 0.15,
            "Plan Rows": 1,
            "Plan Width": 4,
            "Actual Startup Time": 0.001,
            "Actual Total Time": 0.001,
            "Actual Rows": 1,
            "Actual Loops": 330,
            "Index Cond": "(id = mc.company_type_id)",
            "Rows Removed by Index Recheck": 0,
            "Filter": "((kind)::text = 'production companies'::text)",
            "Rows Removed by Filter": 0
          }
        ]
      }
    ]
  },
  "Planning Time": 2.092,
  "Triggers": [],
  "Execution Time": 48.589
}