{
  "Plan": {
    "Node Type": "Aggregate",
    "Strategy": "Plain",
    "Partial Mode": "Finalize",
    "Parallel Aware": false,
    "Startup Cost": 148255.83,
    "Total Cost": 148255.84,
    "Plan Rows": 1,
    "Plan Width": 8,
    "Actual Startup Time": 1278.108,
    "Actual Total Time": 1297.734,
    "Actual Rows": 1,
    "Actual Loops": 1,
    "Plans": [
      {
        "Node Type": "Gather",
        "Parent Relationship": "Outer",
        "Parallel Aware": false,
        "Startup Cost": 148255.72,
        "Total Cost": 148255.83,
        "Plan Rows": 1,
        "Plan Width": 8,
        "Actual Startup Time": 1275.303,
        "Actual Total Time": 1297.726,
        "Actual Rows": 2,
        "Actual Loops": 1,
        "Workers Planned": 1,
        "Workers Launched": 1,
        "Single Copy": false,
        "Plans": [
          {
            "Node Type": "Aggregate",
            "Strategy": "Plain",
            "Partial Mode": "Partial",
            "Parent Relationship": "Outer",
            "Parallel Aware": false,
            "Startup Cost": 147255.72,
            "Total Cost": 147255.73,
            "Plan Rows": 1,
            "Plan Width": 8,
            "Actual Startup Time": 1269.148,
            "Actual Total Time": 1269.153,
            "Actual Rows": 1,
            "Actual Loops": 2,
            "Plans": [
              {
                "Node Type": "Hash Join",
                "Parent Relationship": "Outer",
                "Parallel Aware": true,
                "Join Type": "Inner",
                "Startup Cost": 83971.62,
                "Total Cost": 146664.72,
                "Plan Rows": 236401,
                "Plan Width": 0,
                "Actual Startup Time": 490.355,
                "Actual Total Time": 1202.986,
                "Actual Rows": 1263799,
                "Actual Loops": 2,
                "Inner Unique": false,
                "Hash Cond": "(t.id = mi_idx.movie_id)",
                "Plans": [
                  {
                    "Node Type": "Hash Join",
                    "Parent Relationship": "Outer",
                    "Parallel Aware": true,
                    "Join Type": "Inner",
                    "Startup Cost": 59131.53,
                    "Total Cost": 117182.37,
                    "Plan Rows": 650331,
                    "Plan Width": 8,
                    "Actual Startup Time": 266.897,
                    "Actual Total Time": 782.153,
                    "Actual Rows": 776496,
                    "Actual Loops": 2,
                    "Inner Unique": true,
                    "Hash Cond": "(mk.movie_id = t.id)",
                    "Plans": [
                      {
                        "Node Type": "Seq Scan",
                        "Parent Relationship": "Outer",
                        "Parallel Aware": true,
                        "Relation Name": "movie_keyword",
                        "Alias": "mk",
                        "Startup Cost": 0.0,
                        "Total Cost": 51065.35,
                        "Plan Rows": 2661135,
                        "Plan Width": 4,
                        "Actual Startup Time": 0.012,
                        "Actual Total Time": 200.68,
                        "Actual Rows": 2261965,
                        "Actual Loops": 2
                      },
                      {
                        "Node Type": "Hash",
                        "Parent Relationship": "Inner",
                        "Parallel Aware": true,
                        "Startup Cost": 54588.39,
                        "Total Cost": 54588.39,
                        "Plan Rows": 363451,
                        "Plan Width": 4,
                        "Actual Startup Time": 263.775,
                        "Actual Total Time": 263.777,
                        "Actual Rows": 311426,
                        "Actual Loops": 2,
                        "Hash Buckets": 1048576,
                        "Original Hash Buckets": 1048576,
                        "Hash Batches": 1,
                        "Original Hash Batches": 1,
                        "Peak Memory Usage": 32576,
                        "Plans": [
                          {
                            "Node Type": "Seq Scan",
                            "Parent Relationship": "Outer",
                            "Parallel Aware": true,
                            "Relation Name": "title",
                            "Alias": "t",
                            "Startup Cost": 0.0,
                            "Total Cost": 54588.39,
                            "Plan Rows": 363451,
                            "Plan Width": 4,
                            "Actual Startup Time": 0.013,
                            "Actual Total Time": 167.647,
                            "Actual Rows": 311426,
                            "Actual Loops": 2,
                            "Filter": "(production_year < 1987)",
                            "Rows Removed by Filter": 952730
                          }
                        ]
                      }
                    ]
                  },
                  {
                    "Node Type": "Hash",
                    "Parent Relationship": "Inner",
                    "Parallel Aware": true,
                    "Startup Cost": 18082.32,
                    "Total Cost": 18082.32,
                    "Plan Rows": 540622,
                    "Plan Width": 4,
                    "Actual Startup Time": 213.932,
                    "Actual Total Time": 213.933,
                    "Actual Rows": 459925,
                    "Actual Loops": 2,
                    "Hash Buckets": 1048576,
                    "Original Hash Buckets": 1048576,
                    "Hash Batches": 1,
                    "Original Hash Batches": 1,
                    "Peak Memory Usage": 44224,
                    "Plans": [
                      {
                        "Node Type": "Seq Scan",
                        "Parent Relationship": "Outer",
                        "Parallel Aware": true,
                        "Relation Name": "movie_info_idx",
                        "Alias": "mi_idx",
                        "Startup Cost": 0.0,
                        "Total Cost": 18082.32,
                        "Plan Rows": 540622,
                        "Plan Width": 4,
                        "Actual Startup Time": 0.059,
                        "Actual Total Time": 98.045,
                        "Actual Rows": 459925,
                        "Actual Loops": 2,
                        "Filter": "(info_type_id < 101)",
                        "Rows Removed by Filter": 230092
                      }
                    ]
                  }
                ]
              }
            ]
          }
        ]
      }
    ]
  },
  "Planning Time": 0.964,
  "Triggers": [],
  "Execution Time": 1297.818
}