[
  {
    "Plan": {
      "Node Type": "Aggregate",
      "Strategy": "Plain",
      "Partial Mode": "Finalize",
      "Parallel Aware": false,
      "Startup Cost": 32158.66,
      "Total Cost": 32158.67,
      "Plan Rows": 1,
      "Plan Width": 8,
      "Actual Startup Time": 100.457,
      "Actual Total Time": 108.255,
      "Actual Rows": 1,
      "Actual Loops": 1,
      "Plans": [
        {
          "Node Type": "Gather",
          "Parent Relationship": "Outer",
          "Parallel Aware": false,
          "Startup Cost": 32158.35,
          "Total Cost": 32158.66,
          "Plan Rows": 3,
          "Plan Width": 8,
          "Actual Startup Time": 100.339,
          "Actual Total Time": 108.247,
          "Actual Rows": 4,
          "Actual Loops": 1,
          "Workers Planned": 3,
          "Workers Launched": 3,
          "Single Copy": false,
          "Plans": [
            {
              "Node Type": "Aggregate",
              "Strategy": "Plain",
              "Partial Mode": "Partial",
              "Parent Relationship": "Outer",
              "Parallel Aware": false,
              "Startup Cost": 31158.35,
              "Total Cost": 31158.36,
              "Plan Rows": 1,
              "Plan Width": 8,
              "Actual Startup Time": 97.033,
              "Actual Total Time": 97.034,
              "Actual Rows": 1,
              "Actual Loops": 4,
              "Plans": [
                {
                  "Node Type": "Seq Scan",
                  "Parent Relationship": "Outer",
                  "Parallel Aware": true,
                  "Relation Name": "movie_companies",
                  "Alias": "mc",
                  "Startup Cost": 0.0,
                  "Total Cost": 29310.68,
                  "Plan Rows": 739066,
                  "Plan Width": 0,
                  "Actual Startup Time": 0.014,
                  "Actual Total Time": 73.493,
                  "Actual Rows": 573134,
                  "Actual Loops": 4,
                  "Filter": "(company_id < 91850)",
                  "Rows Removed by Filter": 79148
                }
              ]
            }
          ]
        }
      ]
    },
    "Planning Time": 0.084,
    "Triggers": [],
    "Execution Time": 108.283
  }
]