[
  {
    "Plan": {
      "Node Type": "Aggregate",
      "Strategy": "Plain",
      "Partial Mode": "Finalize",
      "Parallel Aware": false,
      "Startup Cost": 32158.49,
      "Total Cost": 32158.5,
      "Plan Rows": 1,
      "Plan Width": 8,
      "Actual Startup Time": 120.911,
      "Actual Total Time": 129.093,
      "Actual Rows": 1,
      "Actual Loops": 1,
      "Plans": [
        {
          "Node Type": "Gather",
          "Parent Relationship": "Outer",
          "Parallel Aware": false,
          "Startup Cost": 32158.18,
          "Total Cost": 32158.49,
          "Plan Rows": 3,
          "Plan Width": 8,
          "Actual Startup Time": 120.806,
          "Actual Total Time": 129.085,
          "Actual Rows": 4,
          "Actual Loops": 1,
          "Workers Planned": 3,
          "Workers Launched": 3,
          "Single Copy": false,
          "Plans": [
            {
              "Node Type": "Aggregate",
              "Strategy": "Plain",
              "Partial Mode": "Partial",
              "Parent Relationship": "Outer",
              "Parallel Aware": false,
              "Startup Cost": 31158.18,
              "Total Cost": 31158.19,
              "Plan Rows": 1,
              "Plan Width": 8,
              "Actual Startup Time": 112.483,
              "Actual Total Time": 112.484,
              "Actual Rows": 1,
              "Actual Loops": 4,
              "Plans": [
                {
                  "Node Type": "Seq Scan",
                  "Parent Relationship": "Outer",
                  "Parallel Aware": true,
                  "Relation Name": "movie_companies",
                  "Alias": "mc",
                  "Startup Cost": 0.0,
                  "Total Cost": 29310.68,
                  "Plan Rows": 738998,
                  "Plan Width": 0,
                  "Actual Startup Time": 0.049,
                  "Actual Total Time": 83.936,
                  "Actual Rows": 573134,
                  "Actual Loops": 4,
                  "Filter": "(company_id < 91850)",
                  "Rows Removed by Filter": 79148
                }
              ]
            }
          ]
        }
      ]
    },
    "Planning Time": 0.161,
    "Triggers": [],
    "Execution Time": 129.143
  }
]