{
  "Plan": {
    "Node Type": "Aggregate",
    "Strategy": "Plain",
    "Partial Mode": "Finalize",
    "Parallel Aware": false,
    "Startup Cost": 480114.58,
    "Total Cost": 480114.59,
    "Plan Rows": 1,
    "Plan Width": 8,
    "Actual Startup Time": 2913.827,
    "Actual Total Time": 2951.157,
    "Actual Rows": 1,
    "Actual Loops": 1,
    "Plans": [
      {
        "Node Type": "Gather",
        "Parent Relationship": "Outer",
        "Parallel Aware": false,
        "Startup Cost": 480114.47,
        "Total Cost": 480114.58,
        "Plan Rows": 1,
        "Plan Width": 8,
        "Actual Startup Time": 2912.29,
        "Actual Total Time": 2951.151,
        "Actual Rows": 2,
        "Actual Loops": 1,
        "Workers Planned": 1,
        "Workers Launched": 1,
        "Single Copy": false,
        "Plans": [
          {
            "Node Type": "Aggregate",
            "Strategy": "Plain",
            "Partial Mode": "Partial",
            "Parent Relationship": "Outer",
            "Parallel Aware": false,
            "Startup Cost": 479114.47,
            "Total Cost": 479114.48,
            "Plan Rows": 1,
            "Plan Width": 8,
            "Actual Startup Time": 2906.019,
            "Actual Total Time": 2906.023,
            "Actual Rows": 1,
            "Actual Loops": 2,
            "Plans": [
              {
                "Node Type": "Hash Join",
                "Parent Relationship": "Outer",
                "Parallel Aware": true,
                "Join Type": "Inner",
                "Startup Cost": 62879.3,
                "Total Cost": 476218.77,
                "Plan Rows": 1158280,
                "Plan Width": 0,
                "Actual Startup Time": 284.951,
                "Actual Total Time": 2827.49,
                "Actual Rows": 1593159,
                "Actual Loops": 2,
                "Inner Unique": true,
                "Hash Cond": "(ci.movie_id = t.id)",
                "Plans": [
                  {
                    "Node Type": "Index Scan",
                    "Parent Relationship": "Outer",
                    "Parallel Aware": true,
                    "Scan Direction": "Forward",
                    "Index Name": "role_id_cast_info",
                    "Relation Name": "cast_info",
                    "Alias": "ci",
                    "Startup Cost": 0.56,
                    "Total Cost": 400977.7,
                    "Plan Rows": 4709455,
                    "Plan Width": 4,
                    "Actual Startup Time": 0.051,
                    "Actual Total Time": 1115.828,
                    "Actual Rows": 6335344,
                    "Actual Loops": 2,
                    "Index Cond": "(role_id = 1)",
                    "Rows Removed by Index Recheck": 0,
                    "Filter": "(person_id < 2384233)",
                    "Rows Removed by Filter": 0
                  },
                  {
                    "Node Type": "Hash",
                    "Parent Relationship": "Inner",
                    "Parallel Aware": true,
                    "Startup Cost": 58306.47,
                    "Total Cost": 58306.47,
                    "Plan Rows": 365781,
                    "Plan Width": 4,
                    "Actual Startup Time": 275.345,
                    "Actual Total Time": 275.347,
                    "Actual Rows": 338464,
                    "Actual Loops": 2,
                    "Hash Buckets": 1048576,
                    "Original Hash Buckets": 1048576,
                    "Hash Batches": 1,
                    "Original Hash Batches": 1,
                    "Peak Memory Usage": 34720,
                    "Plans": [
                      {
                        "Node Type": "Seq Scan",
                        "Parent Relationship": "Outer",
                        "Parallel Aware": true,
                        "Relation Name": "title",
                        "Alias": "t",
                        "Startup Cost": 0.0,
                        "Total Cost": 58306.47,
                        "Plan Rows": 365781,
                        "Plan Width": 4,
                        "Actual Startup Time": 0.026,
                        "Actual Total Time": 178.197,
                        "Actual Rows": 338464,
                        "Actual Loops": 2,
                        "Filter": "((production_year > 2005) AND (kind_id = 7))",
                        "Rows Removed by Filter": 925692
                      }
                    ]
                  }
                ]
              }
            ]
          }
        ]
      }
    ]
  },
  "Planning Time": 0.638,
  "Triggers": [],
  "Execution Time": 2951.239
}