[
  {
    "Plan": {
      "Node Type": "Aggregate",
      "Strategy": "Plain",
      "Partial Mode": "Finalize",
      "Parallel Aware": false,
      "Startup Cost": 233796.32,
      "Total Cost": 233796.33,
      "Plan Rows": 1,
      "Plan Width": 8,
      "Actual Startup Time": 376.113,
      "Actual Total Time": 394.566,
      "Actual Rows": 1,
      "Actual Loops": 1,
      "Plans": [
        {
          "Node Type": "Gather",
          "Parent Relationship": "Outer",
          "Parallel Aware": false,
          "Startup Cost": 233795.8,
          "Total Cost": 233796.31,
          "Plan Rows": 5,
          "Plan Width": 8,
          "Actual Startup Time": 370.319,
          "Actual Total Time": 394.555,
          "Actual Rows": 6,
          "Actual Loops": 1,
          "Workers Planned": 5,
          "Workers Launched": 5,
          "Single Copy": false,
          "Plans": [
            {
              "Node Type": "Aggregate",
              "Strategy": "Plain",
              "Partial Mode": "Partial",
              "Parent Relationship": "Outer",
              "Parallel Aware": false,
              "Startup Cost": 232795.8,
              "Total Cost": 232795.81,
              "Plan Rows": 1,
              "Plan Width": 8,
              "Actual Startup Time": 357.624,
              "Actual Total Time": 357.628,
              "Actual Rows": 1,
              "Actual Loops": 6,
              "Plans": [
                {
                  "Node Type": "Hash Join",
                  "Parent Relationship": "Outer",
                  "Parallel Aware": true,
                  "Join Type": "Inner",
                  "Startup Cost": 67246.29,
                  "Total Cost": 232553.09,
                  "Plan Rows": 97085,
                  "Plan Width": 0,
                  "Actual Startup Time": 246.48,
                  "Actual Total Time": 353.815,
                  "Actual Rows": 74147,
                  "Actual Loops": 6,
                  "Inner Unique": true,
                  "Hash Cond": "(mi.movie_id = t.id)",
                  "Plans": [
                    {
                      "Node Type": "Bitmap Heap Scan",
                      "Parent Relationship": "Outer",
                      "Parallel Aware": true,
                      "Relation Name": "movie_info",
                      "Alias": "mi",
                      "Startup Cost": 19846.33,
                      "Total Cost": 184578.0,
                      "Plan Rows": 219094,
                      "Plan Width": 4,
                      "Actual Startup Time": 49.064,
                      "Actual Total Time": 120.371,
                      "Actual Rows": 173314,
                      "Actual Loops": 6,
                      "Recheck Cond": "(info_type_id > 80)",
                      "Rows Removed by Index Recheck": 0,
                      "Exact Heap Blocks": 8136,
                      "Lossy Heap Blocks": 0,
                      "Plans": [
                        {
                          "Node Type": "Bitmap Index Scan",
                          "Parent Relationship": "Outer",
                          "Parallel Aware": false,
                          "Index Name": "info_type_id_movie_info",
                          "Startup Cost": 0.0,
                          "Total Cost": 19572.46,
                          "Plan Rows": 1095470,
                          "Plan Width": 0,
                          "Actual Startup Time": 42.328,
                          "Actual Total Time": 42.328,
                          "Actual Rows": 1039881,
                          "Actual Loops": 1,
                          "Index Cond": "(info_type_id > 80)"
                        }
                      ]
                    },
                    {
                      "Node Type": "Hash",
                      "Parent Relationship": "Inner",
                      "Parallel Aware": true,
                      "Startup Cost": 43898.92,
                      "Total Cost": 43898.92,
                      "Plan Rows": 280084,
                      "Plan Width": 4,
                      "Actual Startup Time": 171.539,
                      "Actual Total Time": 171.54,
                      "Actual Rows": 184654,
                      "Actual Loops": 6,
                      "Hash Buckets": 2097152,
                      "Original Hash Buckets": 2097152,
                      "Hash Batches": 1,
                      "Original Hash Batches": 1,
                      "Peak Memory Usage": 59840,
                      "Plans": [
                        {
                          "Node Type": "Seq Scan",
                          "Parent Relationship": "Outer",
                          "Parallel Aware": true,
                          "Relation Name": "title",
                          "Alias": "t",
                          "Startup Cost": 0.0,
                          "Total Cost": 43898.92,
                          "Plan Rows": 280084,
                          "Plan Width": 4,
                          "Actual Startup Time": 0.039,
                          "Actual Total Time": 85.331,
                          "Actual Rows": 184654,
                          "Actual Loops": 6,
                          "Filter": "(production_year > 2004)",
                          "Rows Removed by Filter": 236731
                        }
                      ]
                    }
                  ]
                }
              ]
            }
          ]
        }
      ]
    },
    "Planning Time": 0.6,
    "Triggers": [],
    "Execution Time": 394.657
  }
]