[
  {
    "Plan": {
      "Node Type": "Aggregate",
      "Strategy": "Plain",
      "Partial Mode": "Finalize",
      "Parallel Aware": false,
      "Startup Cost": 46396.87,
      "Total Cost": 46396.88,
      "Plan Rows": 1,
      "Plan Width": 8,
      "Actual Startup Time": 184.895,
      "Actual Total Time": 192.533,
      "Actual Rows": 1,
      "Actual Loops": 1,
      "Plans": [
        {
          "Node Type": "Gather",
          "Parent Relationship": "Outer",
          "Parallel Aware": false,
          "Startup Cost": 46396.56,
          "Total Cost": 46396.87,
          "Plan Rows": 3,
          "Plan Width": 8,
          "Actual Startup Time": 184.737,
          "Actual Total Time": 192.522,
          "Actual Rows": 4,
          "Actual Loops": 1,
          "Workers Planned": 3,
          "Workers Launched": 3,
          "Single Copy": false,
          "Plans": [
            {
              "Node Type": "Aggregate",
              "Strategy": "Plain",
              "Partial Mode": "Partial",
              "Parent Relationship": "Outer",
              "Parallel Aware": false,
              "Startup Cost": 45396.56,
              "Total Cost": 45396.57,
              "Plan Rows": 1,
              "Plan Width": 8,
              "Actual Startup Time": 179.431,
              "Actual Total Time": 179.432,
              "Actual Rows": 1,
              "Actual Loops": 4,
              "Plans": [
                {
                  "Node Type": "Seq Scan",
                  "Parent Relationship": "Outer",
                  "Parallel Aware": true,
                  "Relation Name": "movie_keyword",
                  "Alias": "mk",
                  "Startup Cost": 0.0,
                  "Total Cost": 42695.65,
                  "Plan Rows": 1080361,
                  "Plan Width": 0,
                  "Actual Startup Time": 0.09,
                  "Actual Total Time": 135.302,
                  "Actual Rows": 837092,
                  "Actual Loops": 4,
                  "Filter": "(keyword_id > 1388)",
                  "Rows Removed by Filter": 293890
                }
              ]
            }
          ]
        }
      ]
    },
    "Planning Time": 0.099,
    "Triggers": [],
    "Execution Time": 192.576
  }
]