[
  {
    "Plan": {
      "Node Type": "Aggregate",
      "Strategy": "Plain",
      "Partial Mode": "Finalize",
      "Parallel Aware": false,
      "Startup Cost": 63141.05,
      "Total Cost": 63141.06,
      "Plan Rows": 1,
      "Plan Width": 8,
      "Actual Startup Time": 211.766,
      "Actual Total Time": 226.742,
      "Actual Rows": 1,
      "Actual Loops": 1,
      "Plans": [
        {
          "Node Type": "Gather",
          "Parent Relationship": "Outer",
          "Parallel Aware": false,
          "Startup Cost": 63140.84,
          "Total Cost": 63141.05,
          "Plan Rows": 2,
          "Plan Width": 8,
          "Actual Startup Time": 210.772,
          "Actual Total Time": 226.734,
          "Actual Rows": 3,
          "Actual Loops": 1,
          "Workers Planned": 2,
          "Workers Launched": 2,
          "Single Copy": false,
          "Plans": [
            {
              "Node Type": "Aggregate",
              "Strategy": "Plain",
              "Partial Mode": "Partial",
              "Parent Relationship": "Outer",
              "Parallel Aware": false,
              "Startup Cost": 62140.84,
              "Total Cost": 62140.85,
              "Plan Rows": 1,
              "Plan Width": 8,
              "Actual Startup Time": 203.043,
              "Actual Total Time": 203.048,
              "Actual Rows": 1,
              "Actual Loops": 3,
              "Plans": [
                {
                  "Node Type": "Hash Join",
                  "Parent Relationship": "Outer",
                  "Parallel Aware": true,
                  "Join Type": "Inner",
                  "Startup Cost": 46455.29,
                  "Total Cost": 62081.61,
                  "Plan Rows": 23692,
                  "Plan Width": 0,
                  "Actual Startup Time": 162.498,
                  "Actual Total Time": 201.978,
                  "Actual Rows": 23897,
                  "Actual Loops": 3,
                  "Inner Unique": true,
                  "Hash Cond": "(mi_idx.movie_id = t.id)",
                  "Plans": [
                    {
                      "Node Type": "Seq Scan",
                      "Parent Relationship": "Outer",
                      "Parallel Aware": true,
                      "Relation Name": "movie_info_idx",
                      "Alias": "mi_idx",
                      "Startup Cost": 0.0,
                      "Total Cost": 15122.68,
                      "Plan Rows": 191863,
                      "Plan Width": 4,
                      "Actual Startup Time": 0.012,
                      "Actual Total Time": 37.617,
                      "Actual Rows": 153308,
                      "Actual Loops": 3,
                      "Filter": "(info_type_id = 100)",
                      "Rows Removed by Filter": 306703
                    },
                    {
                      "Node Type": "Hash",
                      "Parent Relationship": "Inner",
                      "Parallel Aware": true,
                      "Startup Cost": 45479.59,
                      "Total Cost": 45479.59,
                      "Plan Rows": 78056,
                      "Plan Width": 4,
                      "Actual Startup Time": 134.354,
                      "Actual Total Time": 134.357,
                      "Actual Rows": 81596,
                      "Actual Loops": 3,
                      "Hash Buckets": 524288,
                      "Original Hash Buckets": 524288,
                      "Hash Batches": 1,
                      "Original Hash Batches": 1,
                      "Peak Memory Usage": 13696,
                      "Plans": [
                        {
                          "Node Type": "Seq Scan",
                          "Parent Relationship": "Outer",
                          "Parallel Aware": true,
                          "Relation Name": "title",
                          "Alias": "t",
                          "Startup Cost": 0.0,
                          "Total Cost": 45479.59,
                          "Plan Rows": 78056,
                          "Plan Width": 4,
                          "Actual Startup Time": 49.378,
                          "Actual Total Time": 113.992,
                          "Actual Rows": 81596,
                          "Actual Loops": 3,
                          "Filter": "((production_year > 2003) AND (kind_id = 1))",
                          "Rows Removed by Filter": 761174
                        }
                      ]
                    }
                  ]
                }
              ]
            }
          ]
        }
      ]
    },
    "Planning Time": 0.617,
    "Triggers": [],
    "Execution Time": 226.809
  }
]