{
  "Plan": {
    "Node Type": "Aggregate",
    "Strategy": "Plain",
    "Partial Mode": "Finalize",
    "Parallel Aware": false,
    "Startup Cost": 118347.07,
    "Total Cost": 118347.08,
    "Plan Rows": 1,
    "Plan Width": 8,
    "Actual Startup Time": 443.291,
    "Actual Total Time": 456.878,
    "Actual Rows": 1,
    "Actual Loops": 1,
    "Plans": [
      {
        "Node Type": "Gather",
        "Parent Relationship": "Outer",
        "Parallel Aware": false,
        "Startup Cost": 118346.95,
        "Total Cost": 118347.06,
        "Plan Rows": 1,
        "Plan Width": 8,
        "Actual Startup Time": 442.591,
        "Actual Total Time": 456.87,
        "Actual Rows": 2,
        "Actual Loops": 1,
        "Workers Planned": 1,
        "Workers Launched": 1,
        "Single Copy": false,
        "Plans": [
          {
            "Node Type": "Aggregate",
            "Strategy": "Plain",
            "Partial Mode": "Partial",
            "Parent Relationship": "Outer",
            "Parallel Aware": false,
            "Startup Cost": 117346.95,
            "Total Cost": 117346.96,
            "Plan Rows": 1,
            "Plan Width": 8,
            "Actual Startup Time": 436.87,
            "Actual Total Time": 436.873,
            "Actual Rows": 1,
            "Actual Loops": 2,
            "Plans": [
              {
                "Node Type": "Hash Join",
                "Parent Relationship": "Outer",
                "Parallel Aware": true,
                "Join Type": "Inner",
                "Startup Cost": 56775.0,
                "Total Cost": 117059.48,
                "Plan Rows": 114989,
                "Plan Width": 0,
                "Actual Startup Time": 180.203,
                "Actual Total Time": 430.547,
                "Actual Rows": 150138,
                "Actual Loops": 2,
                "Inner Unique": true,
                "Hash Cond": "(mk.movie_id = t.id)",
                "Plans": [
                  {
                    "Node Type": "Seq Scan",
                    "Parent Relationship": "Outer",
                    "Parallel Aware": true,
                    "Relation Name": "movie_keyword",
                    "Alias": "mk",
                    "Startup Cost": 0.0,
                    "Total Cost": 57718.19,
                    "Plan Rows": 977633,
                    "Plan Width": 4,
                    "Actual Startup Time": 0.81,
                    "Actual Total Time": 167.798,
                    "Actual Rows": 832128,
                    "Actual Loops": 2,
                    "Filter": "(keyword_id > 8749)",
                    "Rows Removed by Filter": 1429838
                  },
                  {
                    "Node Type": "Hash",
                    "Parent Relationship": "Inner",
                    "Parallel Aware": true,
                    "Startup Cost": 54588.39,
                    "Total Cost": 54588.39,
                    "Plan Rows": 174929,
                    "Plan Width": 4,
                    "Actual Startup Time": 173.58,
                    "Actual Total Time": 173.581,
                    "Actual Rows": 154767,
                    "Actual Loops": 2,
                    "Hash Buckets": 524288,
                    "Original Hash Buckets": 524288,
                    "Hash Batches": 1,
                    "Original Hash Batches": 1,
                    "Peak Memory Usage": 16256,
                    "Plans": [
                      {
                        "Node Type": "Seq Scan",
                        "Parent Relationship": "Outer",
                        "Parallel Aware": true,
                        "Relation Name": "title",
                        "Alias": "t",
                        "Startup Cost": 0.0,
                        "Total Cost": 54588.39,
                        "Plan Rows": 174929,
                        "Plan Width": 4,
                        "Actual Startup Time": 0.034,
                        "Actual Total Time": 135.511,
                        "Actual Rows": 154767,
                        "Actual Loops": 2,
                        "Filter": "(production_year < 1966)",
                        "Rows Removed by Filter": 1109389
                      }
                    ]
                  }
                ]
              }
            ]
          }
        ]
      }
    ]
  },
  "Planning Time": 0.473,
  "Triggers": [],
  "Execution Time": 456.947
}