[
  {
    "Plan": {
      "Node Type": "Aggregate",
      "Strategy": "Plain",
      "Partial Mode": "Finalize",
      "Parallel Aware": false,
      "Startup Cost": 341941.24,
      "Total Cost": 341941.25,
      "Plan Rows": 1,
      "Plan Width": 8,
      "Actual Startup Time": 883.858,
      "Actual Total Time": 942.341,
      "Actual Rows": 1,
      "Actual Loops": 1,
      "Plans": [
        {
          "Node Type": "Gather",
          "Parent Relationship": "Outer",
          "Parallel Aware": false,
          "Startup Cost": 341940.61,
          "Total Cost": 341941.22,
          "Plan Rows": 6,
          "Plan Width": 8,
          "Actual Startup Time": 883.672,
          "Actual Total Time": 942.326,
          "Actual Rows": 7,
          "Actual Loops": 1,
          "Workers Planned": 6,
          "Workers Launched": 6,
          "Single Copy": false,
          "Plans": [
            {
              "Node Type": "Aggregate",
              "Strategy": "Plain",
              "Partial Mode": "Partial",
              "Parent Relationship": "Outer",
              "Parallel Aware": false,
              "Startup Cost": 340940.61,
              "Total Cost": 340940.62,
              "Plan Rows": 1,
              "Plan Width": 8,
              "Actual Startup Time": 873.625,
              "Actual Total Time": 873.627,
              "Actual Rows": 1,
              "Actual Loops": 7,
              "Plans": [
                {
                  "Node Type": "Seq Scan",
                  "Parent Relationship": "Outer",
                  "Parallel Aware": true,
                  "Relation Name": "cast_info",
                  "Alias": "ci",
                  "Startup Cost": 0.0,
                  "Total Cost": 328211.39,
                  "Plan Rows": 5091688,
                  "Plan Width": 0,
                  "Actual Startup Time": 78.691,
                  "Actual Total Time": 673.469,
                  "Actual Rows": 4337035,
                  "Actual Loops": 7,
                  "Filter": "(person_id > 569717)",
                  "Rows Removed by Filter": 840729
                }
              ]
            }
          ]
        }
      ]
    },
    "Planning Time": 0.214,
    "Triggers": [],
    "Execution Time": 942.419
  }
]