[
  {
    "Bao": {
      "Bao prediction": 1040.49,
      "Bao recommended hint": "SET enable_nestloop TO off; "
    }
  },
  {
    "Plan": {
      "Node Type": "Aggregate",
      "Strategy": "Plain",
      "Partial Mode": "Finalize",
      "Parallel Aware": false,
      "Startup Cost": 767504.7,
      "Total Cost": 767504.71,
      "Plan Rows": 1,
      "Plan Width": 64,
      "Actual Startup Time": 4284.51,
      "Actual Total Time": 4497.452,
      "Actual Rows": 1,
      "Actual Loops": 1,
      "Plans": [
        {
          "Node Type": "Gather",
          "Parent Relationship": "Outer",
          "Parallel Aware": false,
          "Startup Cost": 767504.37,
          "Total Cost": 767504.68,
          "Plan Rows": 3,
          "Plan Width": 64,
          "Actual Startup Time": 4239.017,
          "Actual Total Time": 4497.422,
          "Actual Rows": 4,
          "Actual Loops": 1,
          "Workers Planned": 3,
          "Workers Launched": 3,
          "Single Copy": false,
          "Plans": [
            {
              "Node Type": "Aggregate",
              "Strategy": "Plain",
              "Partial Mode": "Partial",
              "Parent Relationship": "Outer",
              "Parallel Aware": false,
              "Startup Cost": 766504.37,
              "Total Cost": 766504.38,
              "Plan Rows": 1,
              "Plan Width": 64,
              "Actual Startup Time": 4224.949,
              "Actual Total Time": 4229.786,
              "Actual Rows": 1,
              "Actual Loops": 4,
              "Plans": [
                {
                  "Node Type": "Hash Join",
                  "Parent Relationship": "Outer",
                  "Parallel Aware": true,
                  "Join Type": "Inner",
                  "Startup Cost": 751098.3,
                  "Total Cost": 766492.87,
                  "Plan Rows": 2300,
                  "Plan Width": 32,
                  "Actual Startup Time": 4047.253,
                  "Actual Total Time": 4188.041,
                  "Actual Rows": 570059,
                  "Actual Loops": 4,
                  "Inner Unique": false,
                  "Hash Cond": "(an.person_id = n.id)",
                  "Plans": [
                    {
                      "Node Type": "Seq Scan",
                      "Parent Relationship": "Outer",
                      "Parallel Aware": true,
                      "Relation Name": "aka_name",
                      "Alias": "an",
                      "Startup Cost": 0.0,
                      "Total Cost": 14303.56,
                      "Plan Rows": 290756,
                      "Plan Width": 4,
                      "Actual Startup Time": 0.041,
                      "Actual Total Time": 27.913,
                      "Actual Rows": 225336,
                      "Actual Loops": 4
                    },
                    {
                      "Node Type": "Hash",
                      "Parent Relationship": "Inner",
                      "Parallel Aware": true,
                      "Startup Cost": 751086.14,
                      "Total Cost": 751086.14,
                      "Plan Rows": 973,
                      "Plan Width": 40,
                      "Actual Startup Time": 4046.212,
                      "Actual Total Time": 4051.047,
                      "Actual Rows": 239276,
                      "Actual Loops": 4,
                      "Hash Buckets": 1048576,
                      "Original Hash Buckets": 4096,
                      "Hash Batches": 1,
                      "Original Hash Batches": 1,
                      "Peak Memory Usage": 91200,
                      "Plans": [
                        {
                          "Node Type": "Hash Join",
                          "Parent Relationship": "Outer",
                          "Parallel Aware": true,
                          "Join Type": "Inner",
                          "Startup Cost": 720715.0,
                          "Total Cost": 751086.14,
                          "Plan Rows": 973,
                          "Plan Width": 40,
                          "Actual Startup Time": 3601.315,
                          "Actual Total Time": 3929.906,
                          "Actual Rows": 239276,
                          "Actual Loops": 4,
                          "Inner Unique": true,
                          "Hash Cond": "(mc.company_id = cn.id)",
                          "Plans": [
                            {
                              "Node Type": "Hash Join",
                              "Parent Relationship": "Outer",
                              "Parallel Aware": true,
                              "Join Type": "Inner",
                              "Startup Cost": 715366.69,
                              "Total Cost": 745730.77,
                              "Plan Rows": 2689,
                              "Plan Width": 44,
                              "Actual Startup Time": 3562.756,
                              "Actual Total Time": 3818.409,
                              "Actual Rows": 859864,
                              "Actual Loops": 4,
                              "Inner Unique": false,
                              "Hash Cond": "(mc.movie_id = t.id)",
                              "Plans": [
                                {
                                  "Node Type": "Seq Scan",
                                  "Parent Relationship": "Outer",
                                  "Parallel Aware": true,
                                  "Relation Name": "movie_companies",
                                  "Alias": "mc",
                                  "Startup Cost": 0.0,
                                  "Total Cost": 27206.55,
                                  "Plan Rows": 841655,
                                  "Plan Width": 8,
                                  "Actual Startup Time": 0.022,
                                  "Actual Total Time": 66.221,
                                  "Actual Rows": 652282,
                                  "Actual Loops": 4
                                },
                                {
                                  "Node Type": "Hash",
                                  "Parent Relationship": "Inner",
                                  "Parallel Aware": true,
                                  "Startup Cost": 715361.69,
                                  "Total Cost": 715361.69,
                                  "Plan Rows": 400,
                                  "Plan Width": 52,
                                  "Actual Startup Time": 3562.514,
                                  "Actual Total Time": 3567.343,
                                  "Actual Rows": 102734,
                                  "Actual Loops": 4,
                                  "Hash Buckets": 524288,
                                  "Original Hash Buckets": 2048,
                                  "Hash Batches": 1,
                                  "Original Hash Batches": 1,
                                  "Peak Memory Usage": 46544,
                                  "Plans": [
                                    {
                                      "Node Type": "Hash Join",
                                      "Parent Relationship": "Outer",
                                      "Parallel Aware": true,
                                      "Join Type": "Inner",
                                      "Startup Cost": 669657.36,
                                      "Total Cost": 715361.69,
                                      "Plan Rows": 400,
                                      "Plan Width": 52,
                                      "Actual Startup Time": 3245.708,
                                      "Actual Total Time": 3508.954,
                                      "Actual Rows": 102734,
                                      "Actual Loops": 4,
                                      "Inner Unique": true,
                                      "Hash Cond": "(ci.person_role_id = chn.id)",
                                      "Plans": [
                                        {
                                          "Node Type": "Hash Join",
                                          "Parent Relationship": "Outer",
                                          "Parallel Aware": true,
                                          "Join Type": "Inner",
                                          "Startup Cost": 615544.16,
                                          "Total Cost": 661247.44,
                                          "Plan Rows": 400,
                                          "Plan Width": 56,
                                          "Actual Startup Time": 2687.926,
                                          "Actual Total Time": 2910.818,
                                          "Actual Rows": 113423,
                                          "Actual Loops": 4,
                                          "Inner Unique": false,
                                          "Hash Cond": "(t.id = mi.movie_id)",
                                          "Plans": [
                                            {
                                              "Node Type": "Seq Scan",
                                              "Parent Relationship": "Outer",
                                              "Parallel Aware": true,
                                              "Relation Name": "title",
                                              "Alias": "t",
                                              "Startup Cost": 0.0,
                                              "Total Cost": 43898.97,
                                              "Plan Rows": 480936,
                                              "Plan Width": 21,
                                              "Actual Startup Time": 0.026,
                                              "Actual Total Time": 112.13,
                                              "Actual Rows": 480712,
                                              "Actual Loops": 4,
                                              "Filter": "(production_year < 2010)",
                                              "Rows Removed by Filter": 151366
                                            },
                                            {
                                              "Node Type": "Hash",
                                              "Parent Relationship": "Inner",
                                              "Parallel Aware": true,
                                              "Startup Cost": 615538.91,
                                              "Total Cost": 615538.91,
                                              "Plan Rows": 420,
                                              "Plan Width": 35,
                                              "Actual Startup Time": 2687.628,
                                              "Actual Total Time": 2692.451,
                                              "Actual Rows": 136682,
                                              "Actual Loops": 4,
                                              "Hash Buckets": 1048576,
                                              "Original Hash Buckets": 4096,
                                              "Hash Batches": 1,
                                              "Original Hash Batches": 1,
                                              "Peak Memory Usage": 54368,
                                              "Plans": [
                                                {
                                                  "Node Type": "Hash Join",
                                                  "Parent Relationship": "Outer",
                                                  "Parallel Aware": true,
                                                  "Join Type": "Inner",
                                                  "Startup Cost": 415592.08,
                                                  "Total Cost": 615538.91,
                                                  "Plan Rows": 420,
                                                  "Plan Width": 35,
                                                  "Actual Startup Time": 1830.539,
                                                  "Actual Total Time": 2570.978,
                                                  "Actual Rows": 136682,
                                                  "Actual Loops": 4,
                                                  "Inner Unique": false,
                                                  "Hash Cond": "(mi.movie_id = ci.movie_id)",
                                                  "Plans": [
                                                    {
                                                      "Node Type": "Hash Join",
                                                      "Parent Relationship": "Outer",
                                                      "Parallel Aware": false,
                                                      "Join Type": "Inner",
                                                      "Startup Cost": 2.43,
                                                      "Total Cost": 199849.81,
                                                      "Plan Rows": 26329,
                                                      "Plan Width": 4,
                                                      "Actual Startup Time": 185.456,
                                                      "Actual Total Time": 794.514,
                                                      "Actual Rows": 759180,
                                                      "Actual Loops": 4,
                                                      "Inner Unique": true,
                                                      "Hash Cond": "(mi.info_type_id = it.id)",
                                                      "Plans": [
                                                        {
                                                          "Node Type": "Seq Scan",
                                                          "Parent Relationship": "Outer",
                                                          "Parallel Aware": true,
                                                          "Relation Name": "movie_info",
                                                          "Alias": "mi",
                                                          "Startup Cost": 0.0,
                                                          "Total Cost": 191744.67,
                                                          "Plan Rows": 2975167,
                                                          "Plan Width": 8,
                                                          "Actual Startup Time": 0.03,
                                                          "Actual Total Time": 473.377,
                                                          "Actual Rows": 3708930,
                                                          "Actual Loops": 4
                                                        },
                                                        {
                                                          "Node Type": "Hash",
                                                          "Parent Relationship": "Inner",
                                                          "Parallel Aware": false,
                                                          "Startup Cost": 2.41,
                                                          "Total Cost": 2.41,
                                                          "Plan Rows": 1,
                                                          "Plan Width": 4,
                                                          "Actual Startup Time": 0.057,
                                                          "Actual Total Time": 0.058,
                                                          "Actual Rows": 1,
                                                          "Actual Loops": 4,
                                                          "Hash Buckets": 1024,
                                                          "Original Hash Buckets": 1024,
                                                          "Hash Batches": 1,
                                                          "Original Hash Batches": 1,
                                                          "Peak Memory Usage": 9,
                                                          "Plans": [
                                                            {
                                                              "Node Type": "Seq Scan",
                                                              "Parent Relationship": "Outer",
                                                              "Parallel Aware": false,
                                                              "Relation Name": "info_type",
                                                              "Alias": "it",
                                                              "Startup Cost": 0.0,
                                                              "Total Cost": 2.41,
                                                              "Plan Rows": 1,
                                                              "Plan Width": 4,
                                                              "Actual Startup Time": 0.042,
                                                              "Actual Total Time": 0.048,
                                                              "Actual Rows": 1,
                                                              "Actual Loops": 4,
                                                              "Filter": "((info)::text = 'release dates'::text)",
                                                              "Rows Removed by Filter": 112
                                                            }
                                                          ]
                                                        }
                                                      ]
                                                    },
                                                    {
                                                      "Node Type": "Hash",
                                                      "Parent Relationship": "Inner",
                                                      "Parallel Aware": true,
                                                      "Startup Cost": 415554.82,
                                                      "Total Cost": 415554.82,
                                                      "Plan Rows": 2787,
                                                      "Plan Width": 31,
                                                      "Actual Startup Time": 1644.72,
                                                      "Actual Total Time": 1649.535,
                                                      "Actual Rows": 69001,
                                                      "Actual Loops": 4,
                                                      "Hash Buckets": 524288,
                                                      "Original Hash Buckets": 32768,
                                                      "Hash Batches": 1,
                                                      "Original Hash Batches": 1,
                                                      "Peak Memory Usage": 25824,
                                                      "Plans": [
                                                        {
                                                          "Node Type": "Hash Join",
                                                          "Parent Relationship": "Outer",
                                                          "Parallel Aware": false,
                                                          "Join Type": "Inner",
                                                          "Startup Cost": 71646.31,
                                                          "Total Cost": 415554.82,
                                                          "Plan Rows": 2787,
                                                          "Plan Width": 31,
                                                          "Actual Startup Time": 745.143,
                                                          "Actual Total Time": 1591.146,
                                                          "Actual Rows": 69001,
                                                          "Actual Loops": 4,
                                                          "Inner Unique": true,
                                                          "Hash Cond": "(ci.role_id = rt.id)",
                                                          "Plans": [
                                                            {
                                                              "Node Type": "Hash Join",
                                                              "Parent Relationship": "Outer",
                                                              "Parallel Aware": true,
                                                              "Join Type": "Inner",
                                                              "Startup Cost": 71645.15,
                                                              "Total Cost": 415434.87,
                                                              "Plan Rows": 33443,
                                                              "Plan Width": 35,
                                                              "Actual Startup Time": 745.062,
                                                              "Actual Total Time": 1577.802,
                                                              "Actual Rows": 69022,
                                                              "Actual Loops": 4,
                                                              "Inner Unique": true,
                                                              "Hash Cond": "(ci.person_id = n.id)",
                                                              "Plans": [
                                                                {
                                                                  "Node Type": "Seq Scan",
                                                                  "Parent Relationship": "Outer",
                                                                  "Parallel Aware": true,
                                                                  "Relation Name": "cast_info",
                                                                  "Alias": "ci",
                                                                  "Startup Cost": 0.0,
                                                                  "Total Cost": 343409.74,
                                                                  "Plan Rows": 144753,
                                                                  "Plan Width": 16,
                                                                  "Actual Startup Time": 0.038,
                                                                  "Actual Total Time": 1208.939,
                                                                  "Actual Rows": 216869,
                                                                  "Actual Loops": 4,
                                                                  "Filter": "(note = ANY ('{(voice),\"(voice: Japanese version)\",\"(voice) (uncredited)\",\"(voice: English version)\"}'::text[]))",
                                                                  "Rows Removed by Filter": 8844217
                                                                },
                                                                {
                                                                  "Node Type": "Hash",
                                                                  "Parent Relationship": "Inner",
                                                                  "Parallel Aware": true,
                                                                  "Startup Cost": 68636.32,
                                                                  "Total Cost": 68636.32,
                                                                  "Plan Rows": 240706,
                                                                  "Plan Width": 19,
                                                                  "Actual Startup Time": 314.069,
                                                                  "Actual Total Time": 314.071,
                                                                  "Actual Rows": 240389,
                                                                  "Actual Loops": 4,
                                                                  "Hash Buckets": 1048576,
                                                                  "Original Hash Buckets": 1048576,
                                                                  "Hash Batches": 1,
                                                                  "Original Hash Batches": 1,
                                                                  "Peak Memory Usage": 60544,
                                                                  "Plans": [
                                                                    {
                                                                      "Node Type": "Seq Scan",
                                                                      "Parent Relationship": "Outer",
                                                                      "Parallel Aware": true,
                                                                      "Relation Name": "name",
                                                                      "Alias": "n",
                                                                      "Startup Cost": 0.0,
                                                                      "Total Cost": 68636.32,
                                                                      "Plan Rows": 240706,
                                                                      "Plan Width": 19,
                                                                      "Actual Startup Time": 77.163,
                                                                      "Actual Total Time": 200.982,
                                                                      "Actual Rows": 240389,
                                                                      "Actual Loops": 4,
                                                                      "Filter": "((gender)::text = 'f'::text)",
                                                                      "Rows Removed by Filter": 801484
                                                                    }
                                                                  ]
                                                                }
                                                              ]
                                                            },
                                                            {
                                                              "Node Type": "Hash",
                                                              "Parent Relationship": "Inner",
                                                              "Parallel Aware": false,
                                                              "Startup Cost": 1.15,
                                                              "Total Cost": 1.15,
                                                              "Plan Rows": 1,
                                                              "Plan Width": 4,
                                                              "Actual Startup Time": 0.044,
                                                              "Actual Total Time": 0.046,
                                                              "Actual Rows": 1,
                                                              "Actual Loops": 4,
                                                              "Hash Buckets": 1024,
                                                              "Original Hash Buckets": 1024,
                                                              "Hash Batches": 1,
                                                              "Original Hash Batches": 1,
                                                              "Peak Memory Usage": 9,
                                                              "Plans": [
                                                                {
                                                                  "Node Type": "Seq Scan",
                                                                  "Parent Relationship": "Outer",
                                                                  "Parallel Aware": false,
                                                                  "Relation Name": "role_type",
                                                                  "Alias": "rt",
                                                                  "Startup Cost": 0.0,
                                                                  "Total Cost": 1.15,
                                                                  "Plan Rows": 1,
                                                                  "Plan Width": 4,
                                                                  "Actual Startup Time": 0.035,
                                                                  "Actual Total Time": 0.038,
                                                                  "Actual Rows": 1,
                                                                  "Actual Loops": 4,
                                                                  "Filter": "((role)::text = 'actress'::text)",
                                                                  "Rows Removed by Filter": 11
                                                                }
                                                              ]
                                                            }
                                                          ]
                                                        }
                                                      ]
                                                    }
                                                  ]
                                                }
                                              ]
                                            }
                                          ]
                                        },
                                        {
                                          "Node Type": "Hash",
                                          "Parent Relationship": "Inner",
                                          "Parallel Aware": true,
                                          "Startup Cost": 44299.2,
                                          "Total Cost": 44299.2,
                                          "Plan Rows": 785120,
                                          "Plan Width": 4,
                                          "Actual Startup Time": 547.148,
                                          "Actual Total Time": 547.149,
                                          "Actual Rows": 785085,
                                          "Actual Loops": 4,
                                          "Hash Buckets": 4194304,
                                          "Original Hash Buckets": 4194304,
                                          "Hash Batches": 1,
                                          "Original Hash Batches": 1,
                                          "Peak Memory Usage": 155648,
                                          "Plans": [
                                            {
                                              "Node Type": "Seq Scan",
                                              "Parent Relationship": "Outer",
                                              "Parallel Aware": true,
                                              "Relation Name": "char_name",
                                              "Alias": "chn",
                                              "Startup Cost": 0.0,
                                              "Total Cost": 44299.2,
                                              "Plan Rows": 785120,
                                              "Plan Width": 4,
                                              "Actual Startup Time": 0.098,
                                              "Actual Total Time": 153.854,
                                              "Actual Rows": 785085,
                                              "Actual Loops": 4
                                            }
                                          ]
                                        }
                                      ]
                                    }
                                  ]
                                }
                              ]
                            },
                            {
                              "Node Type": "Hash",
                              "Parent Relationship": "Inner",
                              "Parallel Aware": true,
                              "Startup Cost": 4722.92,
                              "Total Cost": 4722.92,
                              "Plan Rows": 50031,
                              "Plan Width": 4,
                              "Actual Startup Time": 37.904,
                              "Actual Total Time": 37.905,
                              "Actual Rows": 21211,
                              "Actual Loops": 4,
                              "Hash Buckets": 131072,
                              "Original Hash Buckets": 131072,
                              "Hash Batches": 1,
                              "Original Hash Batches": 1,
                              "Peak Memory Usage": 4416,
                              "Plans": [
                                {
                                  "Node Type": "Seq Scan",
                                  "Parent Relationship": "Outer",
                                  "Parallel Aware": true,
                                  "Relation Name": "company_name",
                                  "Alias": "cn",
                                  "Startup Cost": 0.0,
                                  "Total Cost": 4722.92,
                                  "Plan Rows": 50031,
                                  "Plan Width": 4,
                                  "Actual Startup Time": 0.098,
                                  "Actual Total Time": 26.996,
                                  "Actual Rows": 21211,
                                  "Actual Loops": 4,
                                  "Filter": "((country_code)::text = '[us]'::text)",
                                  "Rows Removed by Filter": 37538
                                }
                              ]
                            }
                          ]
                        }
                      ]
                    }
                  ]
                }
              ]
            }
          ]
        }
      ]
    },
    "Planning Time": 514.762,
    "Triggers": [],
    "Execution Time": 4498.508
  }
]