[
  {
    "Plan": {
      "Node Type": "Aggregate",
      "Strategy": "Plain",
      "Partial Mode": "Finalize",
      "Parallel Aware": false,
      "Startup Cost": 39953.65,
      "Total Cost": 39953.66,
      "Plan Rows": 1,
      "Plan Width": 8,
      "Actual Startup Time": 136.614,
      "Actual Total Time": 145.105,
      "Actual Rows": 1,
      "Actual Loops": 1,
      "Plans": [
        {
          "Node Type": "Gather",
          "Parent Relationship": "Outer",
          "Parallel Aware": false,
          "Startup Cost": 39953.33,
          "Total Cost": 39953.64,
          "Plan Rows": 3,
          "Plan Width": 8,
          "Actual Startup Time": 136.317,
          "Actual Total Time": 145.095,
          "Actual Rows": 4,
          "Actual Loops": 1,
          "Workers Planned": 3,
          "Workers Launched": 3,
          "Single Copy": false,
          "Plans": [
            {
              "Node Type": "Aggregate",
              "Strategy": "Plain",
              "Partial Mode": "Partial",
              "Parent Relationship": "Outer",
              "Parallel Aware": false,
              "Startup Cost": 38953.33,
              "Total Cost": 38953.34,
              "Plan Rows": 1,
              "Plan Width": 8,
              "Actual Startup Time": 128.709,
              "Actual Total Time": 128.71,
              "Actual Rows": 1,
              "Actual Loops": 4,
              "Plans": [
                {
                  "Node Type": "Bitmap Heap Scan",
                  "Parent Relationship": "Outer",
                  "Parallel Aware": true,
                  "Relation Name": "movie_keyword",
                  "Alias": "mk",
                  "Startup Cost": 11806.1,
                  "Total Cost": 38504.46,
                  "Plan Rows": 179549,
                  "Plan Width": 0,
                  "Actual Startup Time": 49.597,
                  "Actual Total Time": 121.065,
                  "Actual Rows": 136183,
                  "Actual Loops": 4,
                  "Recheck Cond": "(keyword_id > 33742)",
                  "Rows Removed by Index Recheck": 0,
                  "Exact Heap Blocks": 10163,
                  "Lossy Heap Blocks": 0,
                  "Plans": [
                    {
                      "Node Type": "Bitmap Index Scan",
                      "Parent Relationship": "Outer",
                      "Parallel Aware": false,
                      "Index Name": "keyword_id_movie_keyword",
                      "Startup Cost": 0.0,
                      "Total Cost": 11666.95,
                      "Plan Rows": 556602,
                      "Plan Width": 0,
                      "Actual Startup Time": 52.859,
                      "Actual Total Time": 52.86,
                      "Actual Rows": 544733,
                      "Actual Loops": 1,
                      "Index Cond": "(keyword_id > 33742)"
                    }
                  ]
                }
              ]
            }
          ]
        }
      ]
    },
    "Planning Time": 0.192,
    "Triggers": [],
    "Execution Time": 145.182
  }
]