[
    {
        "Bao": {
            "Bao prediction": "NaN",
            "Bao recommended hint": "(no hint)"
        }
    },
    {
        "Plan": {
            "Node Type": "Aggregate",
            "Strategy": "Plain",
            "Partial Mode": "Finalize",
            "Parallel Aware": false,
            "Startup Cost": 48092.33,
            "Total Cost": 48092.34,
            "Plan Rows": 1,
            "Plan Width": 8,
            "Actual Startup Time": 116.808,
            "Actual Total Time": 122.84,
            "Actual Rows": 1,
            "Actual Loops": 1,
            "Output": [
                "count(*)"
            ],
            "Plans": [
                {
                    "Node Type": "Gather",
                    "Parent Relationship": "Outer",
                    "Parallel Aware": false,
                    "Startup Cost": 48092.01,
                    "Total Cost": 48092.32,
                    "Plan Rows": 3,
                    "Plan Width": 8,
                    "Actual Startup Time": 115.865,
                    "Actual Total Time": 122.833,
                    "Actual Rows": 4,
                    "Actual Loops": 1,
                    "Output": [
                        "(PARTIAL count(*))"
                    ],
                    "Workers Planned": 3,
                    "Workers Launched": 3,
                    "Single Copy": false,
                    "Plans": [
                        {
                            "Node Type": "Aggregate",
                            "Strategy": "Plain",
                            "Partial Mode": "Partial",
                            "Parent Relationship": "Outer",
                            "Parallel Aware": false,
                            "Startup Cost": 47092.01,
                            "Total Cost": 47092.02,
                            "Plan Rows": 1,
                            "Plan Width": 8,
                            "Actual Startup Time": 106.53,
                            "Actual Total Time": 106.534,
                            "Actual Rows": 1,
                            "Actual Loops": 4,
                            "Output": [
                                "PARTIAL count(*)"
                            ],
                            "Workers": [
                                {
                                    "Worker Number": 0,
                                    "Actual Startup Time": 103.572,
                                    "Actual Total Time": 103.574,
                                    "Actual Rows": 1,
                                    "Actual Loops": 1
                                },
                                {
                                    "Worker Number": 1,
                                    "Actual Startup Time": 103.406,
                                    "Actual Total Time": 103.41,
                                    "Actual Rows": 1,
                                    "Actual Loops": 1
                                },
                                {
                                    "Worker Number": 2,
                                    "Actual Startup Time": 103.886,
                                    "Actual Total Time": 103.89,
                                    "Actual Rows": 1,
                                    "Actual Loops": 1
                                }
                            ],
                            "Plans": [
                                {
                                    "Node Type": "Hash Join",
                                    "Parent Relationship": "Outer",
                                    "Parallel Aware": true,
                                    "Join Type": "Inner",
                                    "Startup Cost": 38265.58,
                                    "Total Cost": 47088.04,
                                    "Plan Rows": 1591,
                                    "Plan Width": 0,
                                    "Actual Startup Time": 77.735,
                                    "Actual Total Time": 106.436,
                                    "Actual Rows": 1204,
                                    "Actual Loops": 4,
                                    "Inner Unique": true,
                                    "Hash Cond": "(ci.movie_id = t.id)",
                                    "Workers": [
                                        {
                                            "Worker Number": 0,
                                            "Actual Startup Time": 74.759,
                                            "Actual Total Time": 103.47,
                                            "Actual Rows": 978,
                                            "Actual Loops": 1
                                        },
                                        {
                                            "Worker Number": 1,
                                            "Actual Startup Time": 74.741,
                                            "Actual Total Time": 103.317,
                                            "Actual Rows": 1333,
                                            "Actual Loops": 1
                                        },
                                        {
                                            "Worker Number": 2,
                                            "Actual Startup Time": 75.084,
                                            "Actual Total Time": 103.792,
                                            "Actual Rows": 889,
                                            "Actual Loops": 1
                                        }
                                    ],
                                    "Plans": [
                                        {
                                            "Node Type": "Index Scan",
                                            "Parent Relationship": "Outer",
                                            "Parallel Aware": true,
                                            "Scan Direction": "Forward",
                                            "Index Name": "role_id_cast_info",
                                            "Relation Name": "cast_info",
                                            "Schema": "public",
                                            "Alias": "ci",
                                            "Startup Cost": 0.56,
                                            "Total Cost": 8709.54,
                                            "Plan Rows": 43232,
                                            "Plan Width": 4,
                                            "Actual Startup Time": 0.122,
                                            "Actual Total Time": 17.189,
                                            "Actual Rows": 60272,
                                            "Actual Loops": 4,
                                            "Output": [
                                                "ci.id",
                                                "ci.person_id",
                                                "ci.movie_id",
                                                "ci.person_role_id",
                                                "ci.note",
                                                "ci.nr_order",
                                                "ci.role_id"
                                            ],
                                            "Index Cond": "(ci.role_id > 10)",
                                            "Rows Removed by Index Recheck": 0,
                                            "Filter": "(ci.person_id > 2018197)",
                                            "Rows Removed by Filter": 18757,
                                            "Workers": [
                                                {
                                                    "Worker Number": 0,
                                                    "Actual Startup Time": 0.113,
                                                    "Actual Total Time": 17.465,
                                                    "Actual Rows": 46772,
                                                    "Actual Loops": 1
                                                },
                                                {
                                                    "Worker Number": 1,
                                                    "Actual Startup Time": 0.221,
                                                    "Actual Total Time": 16.971,
                                                    "Actual Rows": 66992,
                                                    "Actual Loops": 1
                                                },
                                                {
                                                    "Worker Number": 2,
                                                    "Actual Startup Time": 0.061,
                                                    "Actual Total Time": 17.71,
                                                    "Actual Rows": 46907,
                                                    "Actual Loops": 1
                                                }
                                            ]
                                        },
                                        {
                                            "Node Type": "Hash",
                                            "Parent Relationship": "Inner",
                                            "Parallel Aware": true,
                                            "Startup Cost": 37974.26,
                                            "Total Cost": 37974.26,
                                            "Plan Rows": 23260,
                                            "Plan Width": 4,
                                            "Actual Startup Time": 76.03,
                                            "Actual Total Time": 76.031,
                                            "Actual Rows": 22713,
                                            "Actual Loops": 4,
                                            "Output": [
                                                "t.id"
                                            ],
                                            "Hash Buckets": 131072,
                                            "Original Hash Buckets": 131072,
                                            "Hash Batches": 1,
                                            "Original Hash Batches": 1,
                                            "Peak Memory Usage": 4640,
                                            "Workers": [
                                                {
                                                    "Worker Number": 0,
                                                    "Actual Startup Time": 74.023,
                                                    "Actual Total Time": 74.024,
                                                    "Actual Rows": 10632,
                                                    "Actual Loops": 1
                                                },
                                                {
                                                    "Worker Number": 1,
                                                    "Actual Startup Time": 73.96,
                                                    "Actual Total Time": 73.961,
                                                    "Actual Rows": 12547,
                                                    "Actual Loops": 1
                                                },
                                                {
                                                    "Worker Number": 2,
                                                    "Actual Startup Time": 74.425,
                                                    "Actual Total Time": 74.426,
                                                    "Actual Rows": 10876,
                                                    "Actual Loops": 1
                                                }
                                            ],
                                            "Plans": [
                                                {
                                                    "Node Type": "Bitmap Heap Scan",
                                                    "Parent Relationship": "Outer",
                                                    "Parallel Aware": true,
                                                    "Relation Name": "title",
                                                    "Schema": "public",
                                                    "Alias": "t",
                                                    "Startup Cost": 1685.51,
                                                    "Total Cost": 37974.26,
                                                    "Plan Rows": 23260,
                                                    "Plan Width": 4,
                                                    "Actual Startup Time": 19.731,
                                                    "Actual Total Time": 67.121,
                                                    "Actual Rows": 22713,
                                                    "Actual Loops": 4,
                                                    "Output": [
                                                        "t.id"
                                                    ],
                                                    "Recheck Cond": "(t.kind_id = 2)",
                                                    "Rows Removed by Index Recheck": 0,
                                                    "Exact Heap Blocks": 14816,
                                                    "Lossy Heap Blocks": 0,
                                                    "Workers": [
                                                        {
                                                            "Worker Number": 0,
                                                            "Actual Startup Time": 17.806,
                                                            "Actual Total Time": 66.301,
                                                            "Actual Rows": 10632,
                                                            "Actual Loops": 1
                                                        },
                                                        {
                                                            "Worker Number": 1,
                                                            "Actual Startup Time": 17.772,
                                                            "Actual Total Time": 66.229,
                                                            "Actual Rows": 12547,
                                                            "Actual Loops": 1
                                                        },
                                                        {
                                                            "Worker Number": 2,
                                                            "Actual Startup Time": 18.122,
                                                            "Actual Total Time": 67.005,
                                                            "Actual Rows": 10876,
                                                            "Actual Loops": 1
                                                        }
                                                    ],
                                                    "Plans": [
                                                        {
                                                            "Node Type": "Bitmap Index Scan",
                                                            "Parent Relationship": "Outer",
                                                            "Parallel Aware": false,
                                                            "Index Name": "kind_id_title",
                                                            "Startup Cost": 0.0,
                                                            "Total Cost": 1662.25,
                                                            "Plan Rows": 93042,
                                                            "Plan Width": 0,
                                                            "Actual Startup Time": 17.251,
                                                            "Actual Total Time": 17.252,
                                                            "Actual Rows": 90852,
                                                            "Actual Loops": 1,
                                                            "Index Cond": "(t.kind_id = 2)"
                                                        }
                                                    ]
                                                }
                                            ]
                                        }
                                    ]
                                }
                            ]
                        }
                    ]
                }
            ]
        },
        "Planning Time": 230.168,
        "Triggers": [],
        "Execution Time": 122.958
    }
]