[
  {
    "Plan": {
      "Node Type": "Aggregate",
      "Strategy": "Plain",
      "Partial Mode": "Finalize",
      "Parallel Aware": false,
      "Startup Cost": 33974.16,
      "Total Cost": 33974.17,
      "Plan Rows": 1,
      "Plan Width": 8,
      "Actual Startup Time": 109.339,
      "Actual Total Time": 116.589,
      "Actual Rows": 1,
      "Actual Loops": 1,
      "Plans": [
        {
          "Node Type": "Gather",
          "Parent Relationship": "Outer",
          "Parallel Aware": false,
          "Startup Cost": 33973.85,
          "Total Cost": 33974.16,
          "Plan Rows": 3,
          "Plan Width": 8,
          "Actual Startup Time": 109.07,
          "Actual Total Time": 116.581,
          "Actual Rows": 4,
          "Actual Loops": 1,
          "Workers Planned": 3,
          "Workers Launched": 3,
          "Single Copy": false,
          "Plans": [
            {
              "Node Type": "Aggregate",
              "Strategy": "Plain",
              "Partial Mode": "Partial",
              "Parent Relationship": "Outer",
              "Parallel Aware": false,
              "Startup Cost": 32973.85,
              "Total Cost": 32973.86,
              "Plan Rows": 1,
              "Plan Width": 8,
              "Actual Startup Time": 102.699,
              "Actual Total Time": 102.7,
              "Actual Rows": 1,
              "Actual Loops": 4,
              "Plans": [
                {
                  "Node Type": "Bitmap Heap Scan",
                  "Parent Relationship": "Outer",
                  "Parallel Aware": true,
                  "Relation Name": "movie_keyword",
                  "Alias": "mk",
                  "Startup Cost": 6938.01,
                  "Total Cost": 32710.21,
                  "Plan Rows": 105456,
                  "Plan Width": 0,
                  "Actual Startup Time": 34.731,
                  "Actual Total Time": 97.543,
                  "Actual Rows": 79776,
                  "Actual Loops": 4,
                  "Recheck Cond": "(keyword_id > 51147)",
                  "Rows Removed by Index Recheck": 0,
                  "Exact Heap Blocks": 11103,
                  "Lossy Heap Blocks": 0,
                  "Plans": [
                    {
                      "Node Type": "Bitmap Index Scan",
                      "Parent Relationship": "Outer",
                      "Parallel Aware": false,
                      "Index Name": "keyword_id_movie_keyword",
                      "Startup Cost": 0.0,
                      "Total Cost": 6856.28,
                      "Plan Rows": 326913,
                      "Plan Width": 0,
                      "Actual Startup Time": 36.158,
                      "Actual Total Time": 36.159,
                      "Actual Rows": 319103,
                      "Actual Loops": 1,
                      "Index Cond": "(keyword_id > 51147)"
                    }
                  ]
                }
              ]
            }
          ]
        }
      ]
    },
    "Planning Time": 0.166,
    "Triggers": [],
    "Execution Time": 116.658
  }
]