{
  "Plan": {
    "Node Type": "Aggregate",
    "Strategy": "Plain",
    "Partial Mode": "Finalize",
    "Parallel Aware": false,
    "Startup Cost": 125120.83,
    "Total Cost": 125120.84,
    "Plan Rows": 1,
    "Plan Width": 8,
    "Actual Startup Time": 834.785,
    "Actual Total Time": 852.254,
    "Actual Rows": 1,
    "Actual Loops": 1,
    "Plans": [
      {
        "Node Type": "Gather",
        "Parent Relationship": "Outer",
        "Parallel Aware": false,
        "Startup Cost": 125120.72,
        "Total Cost": 125120.83,
        "Plan Rows": 1,
        "Plan Width": 8,
        "Actual Startup Time": 831.64,
        "Actual Total Time": 852.247,
        "Actual Rows": 2,
        "Actual Loops": 1,
        "Workers Planned": 1,
        "Workers Launched": 1,
        "Single Copy": false,
        "Plans": [
          {
            "Node Type": "Aggregate",
            "Strategy": "Plain",
            "Partial Mode": "Partial",
            "Parent Relationship": "Outer",
            "Parallel Aware": false,
            "Startup Cost": 124120.72,
            "Total Cost": 124120.73,
            "Plan Rows": 1,
            "Plan Width": 8,
            "Actual Startup Time": 818.103,
            "Actual Total Time": 818.107,
            "Actual Rows": 1,
            "Actual Loops": 2,
            "Plans": [
              {
                "Node Type": "Hash Join",
                "Parent Relationship": "Outer",
                "Parallel Aware": true,
                "Join Type": "Inner",
                "Startup Cost": 89750.03,
                "Total Cost": 122714.09,
                "Plan Rows": 562649,
                "Plan Width": 0,
                "Actual Startup Time": 603.293,
                "Actual Total Time": 797.693,
                "Actual Rows": 477136,
                "Actual Loops": 2,
                "Inner Unique": true,
                "Hash Cond": "(mk.movie_id = t.id)",
                "Plans": [
                  {
                    "Node Type": "Bitmap Heap Scan",
                    "Parent Relationship": "Outer",
                    "Parallel Aware": true,
                    "Relation Name": "movie_keyword",
                    "Alias": "mk",
                    "Startup Cost": 20289.33,
                    "Total Cost": 51776.44,
                    "Plan Rows": 562649,
                    "Plan Width": 4,
                    "Actual Startup Time": 73.515,
                    "Actual Total Time": 155.615,
                    "Actual Rows": 477136,
                    "Actual Loops": 2,
                    "Recheck Cond": "(keyword_id > 19875)",
                    "Rows Removed by Index Recheck": 0,
                    "Exact Heap Blocks": 13115,
                    "Lossy Heap Blocks": 0,
                    "Plans": [
                      {
                        "Node Type": "Bitmap Index Scan",
                        "Parent Relationship": "Outer",
                        "Parallel Aware": false,
                        "Index Name": "keyword_id_movie_keyword",
                        "Startup Cost": 0.0,
                        "Total Cost": 20050.2,
                        "Plan Rows": 956503,
                        "Plan Width": 0,
                        "Actual Startup Time": 69.9,
                        "Actual Total Time": 69.9,
                        "Actual Rows": 954273,
                        "Actual Loops": 1,
                        "Index Cond": "(keyword_id > 19875)"
                      }
                    ]
                  },
                  {
                    "Node Type": "Hash",
                    "Parent Relationship": "Inner",
                    "Parallel Aware": true,
                    "Startup Cost": 50870.31,
                    "Total Cost": 50870.31,
                    "Plan Rows": 1487231,
                    "Plan Width": 4,
                    "Actual Startup Time": 507.102,
                    "Actual Total Time": 507.103,
                    "Actual Rows": 1264156,
                    "Actual Loops": 2,
                    "Hash Buckets": 4194304,
                    "Original Hash Buckets": 4194304,
                    "Hash Batches": 1,
                    "Original Hash Batches": 1,
                    "Peak Memory Usage": 131712,
                    "Plans": [
                      {
                        "Node Type": "Seq Scan",
                        "Parent Relationship": "Outer",
                        "Parallel Aware": true,
                        "Relation Name": "title",
                        "Alias": "t",
                        "Startup Cost": 0.0,
                        "Total Cost": 50870.31,
                        "Plan Rows": 1487231,
                        "Plan Width": 4,
                        "Actual Startup Time": 0.024,
                        "Actual Total Time": 142.971,
                        "Actual Rows": 1264156,
                        "Actual Loops": 2
                      }
                    ]
                  }
                ]
              }
            ]
          }
        ]
      }
    ]
  },
  "Planning Time": 0.746,
  "Triggers": [],
  "Execution Time": 852.343
}