[
  {
    "Plan": {
      "Node Type": "Aggregate",
      "Strategy": "Plain",
      "Partial Mode": "Finalize",
      "Parallel Aware": false,
      "Startup Cost": 35166.76,
      "Total Cost": 35166.77,
      "Plan Rows": 1,
      "Plan Width": 8,
      "Actual Startup Time": 90.209,
      "Actual Total Time": 98.266,
      "Actual Rows": 1,
      "Actual Loops": 1,
      "Plans": [
        {
          "Node Type": "Gather",
          "Parent Relationship": "Outer",
          "Parallel Aware": false,
          "Startup Cost": 35166.45,
          "Total Cost": 35166.76,
          "Plan Rows": 3,
          "Plan Width": 8,
          "Actual Startup Time": 89.788,
          "Actual Total Time": 98.257,
          "Actual Rows": 4,
          "Actual Loops": 1,
          "Workers Planned": 3,
          "Workers Launched": 3,
          "Single Copy": false,
          "Plans": [
            {
              "Node Type": "Aggregate",
              "Strategy": "Plain",
              "Partial Mode": "Partial",
              "Parent Relationship": "Outer",
              "Parallel Aware": false,
              "Startup Cost": 34166.45,
              "Total Cost": 34166.46,
              "Plan Rows": 1,
              "Plan Width": 8,
              "Actual Startup Time": 86.391,
              "Actual Total Time": 86.396,
              "Actual Rows": 1,
              "Actual Loops": 4,
              "Plans": [
                {
                  "Node Type": "Bitmap Heap Scan",
                  "Parent Relationship": "Outer",
                  "Parallel Aware": true,
                  "Relation Name": "movie_keyword",
                  "Alias": "mk",
                  "Startup Cost": 7908.98,
                  "Total Cost": 33865.87,
                  "Plan Rows": 120231,
                  "Plan Width": 0,
                  "Actual Startup Time": 26.735,
                  "Actual Total Time": 81.495,
                  "Actual Rows": 93209,
                  "Actual Loops": 4,
                  "Recheck Cond": "(keyword_id > 45428)",
                  "Rows Removed by Index Recheck": 0,
                  "Exact Heap Blocks": 10084,
                  "Lossy Heap Blocks": 0,
                  "Plans": [
                    {
                      "Node Type": "Bitmap Index Scan",
                      "Parent Relationship": "Outer",
                      "Parallel Aware": false,
                      "Index Name": "keyword_id_movie_keyword",
                      "Startup Cost": 0.0,
                      "Total Cost": 7815.8,
                      "Plan Rows": 372716,
                      "Plan Width": 0,
                      "Actual Startup Time": 26.251,
                      "Actual Total Time": 26.252,
                      "Actual Rows": 372835,
                      "Actual Loops": 1,
                      "Index Cond": "(keyword_id > 45428)"
                    }
                  ]
                }
              ]
            }
          ]
        }
      ]
    },
    "Planning Time": 0.096,
    "Triggers": [],
    "Execution Time": 98.307
  }
]