[
  {
    "Plan": {
      "Node Type": "Aggregate",
      "Strategy": "Plain",
      "Partial Mode": "Finalize",
      "Parallel Aware": false,
      "Startup Cost": 252544.49,
      "Total Cost": 252544.5,
      "Plan Rows": 1,
      "Plan Width": 8,
      "Actual Startup Time": 717.409,
      "Actual Total Time": 758.296,
      "Actual Rows": 1,
      "Actual Loops": 1,
      "Plans": [
        {
          "Node Type": "Gather",
          "Parent Relationship": "Outer",
          "Parallel Aware": false,
          "Startup Cost": 252543.97,
          "Total Cost": 252544.48,
          "Plan Rows": 5,
          "Plan Width": 8,
          "Actual Startup Time": 707.568,
          "Actual Total Time": 758.281,
          "Actual Rows": 6,
          "Actual Loops": 1,
          "Workers Planned": 5,
          "Workers Launched": 5,
          "Single Copy": false,
          "Plans": [
            {
              "Node Type": "Aggregate",
              "Strategy": "Plain",
              "Partial Mode": "Partial",
              "Parent Relationship": "Outer",
              "Parallel Aware": false,
              "Startup Cost": 251543.97,
              "Total Cost": 251543.98,
              "Plan Rows": 1,
              "Plan Width": 8,
              "Actual Startup Time": 697.567,
              "Actual Total Time": 697.571,
              "Actual Rows": 1,
              "Actual Loops": 6,
              "Plans": [
                {
                  "Node Type": "Hash Join",
                  "Parent Relationship": "Outer",
                  "Parallel Aware": true,
                  "Join Type": "Inner",
                  "Startup Cost": 50616.34,
                  "Total Cost": 250848.25,
                  "Plan Rows": 278290,
                  "Plan Width": 0,
                  "Actual Startup Time": 246.767,
                  "Actual Total Time": 690.0,
                  "Actual Rows": 161483,
                  "Actual Loops": 6,
                  "Inner Unique": true,
                  "Hash Cond": "(mi.movie_id = t.id)",
                  "Plans": [
                    {
                      "Node Type": "Seq Scan",
                      "Parent Relationship": "Outer",
                      "Parallel Aware": true,
                      "Relation Name": "movie_info",
                      "Alias": "mi",
                      "Startup Cost": 0.0,
                      "Total Cost": 199108.24,
                      "Plan Rows": 428064,
                      "Plan Width": 4,
                      "Actual Startup Time": 34.72,
                      "Actual Total Time": 343.888,
                      "Actual Rows": 348511,
                      "Actual Loops": 6,
                      "Filter": "(info_type_id < 3)",
                      "Rows Removed by Filter": 2124109
                    },
                    {
                      "Node Type": "Hash",
                      "Parent Relationship": "Inner",
                      "Parallel Aware": true,
                      "Startup Cost": 45479.59,
                      "Total Cost": 45479.59,
                      "Plan Rows": 410940,
                      "Plan Width": 4,
                      "Actual Startup Time": 208.327,
                      "Actual Total Time": 208.328,
                      "Actual Rows": 271640,
                      "Actual Loops": 6,
                      "Hash Buckets": 2097152,
                      "Original Hash Buckets": 2097152,
                      "Hash Batches": 1,
                      "Original Hash Batches": 1,
                      "Peak Memory Usage": 80256,
                      "Plans": [
                        {
                          "Node Type": "Seq Scan",
                          "Parent Relationship": "Outer",
                          "Parallel Aware": true,
                          "Relation Name": "title",
                          "Alias": "t",
                          "Startup Cost": 0.0,
                          "Total Cost": 45479.59,
                          "Plan Rows": 410940,
                          "Plan Width": 4,
                          "Actual Startup Time": 0.053,
                          "Actual Total Time": 92.991,
                          "Actual Rows": 271640,
                          "Actual Loops": 6,
                          "Filter": "((kind_id > 1) AND (production_year < 2012))",
                          "Rows Removed by Filter": 149746
                        }
                      ]
                    }
                  ]
                }
              ]
            }
          ]
        }
      ]
    },
    "Planning Time": 0.199,
    "Triggers": [],
    "Execution Time": 758.337
  }
]