[
  {
    "Plan": {
      "Node Type": "Aggregate",
      "Strategy": "Plain",
      "Partial Mode": "Finalize",
      "Parallel Aware": false,
      "Startup Cost": 45076.71,
      "Total Cost": 45076.72,
      "Plan Rows": 1,
      "Plan Width": 8,
      "Actual Startup Time": 165.165,
      "Actual Total Time": 174.996,
      "Actual Rows": 1,
      "Actual Loops": 1,
      "Plans": [
        {
          "Node Type": "Gather",
          "Parent Relationship": "Outer",
          "Parallel Aware": false,
          "Startup Cost": 45076.39,
          "Total Cost": 45076.7,
          "Plan Rows": 3,
          "Plan Width": 8,
          "Actual Startup Time": 164.995,
          "Actual Total Time": 174.986,
          "Actual Rows": 4,
          "Actual Loops": 1,
          "Workers Planned": 3,
          "Workers Launched": 3,
          "Single Copy": false,
          "Plans": [
            {
              "Node Type": "Aggregate",
              "Strategy": "Plain",
              "Partial Mode": "Partial",
              "Parent Relationship": "Outer",
              "Parallel Aware": false,
              "Startup Cost": 44076.39,
              "Total Cost": 44076.4,
              "Plan Rows": 1,
              "Plan Width": 8,
              "Actual Startup Time": 159.116,
              "Actual Total Time": 159.117,
              "Actual Rows": 1,
              "Actual Loops": 4,
              "Plans": [
                {
                  "Node Type": "Seq Scan",
                  "Parent Relationship": "Outer",
                  "Parallel Aware": true,
                  "Relation Name": "movie_keyword",
                  "Alias": "mk",
                  "Startup Cost": 0.0,
                  "Total Cost": 42695.65,
                  "Plan Rows": 552294,
                  "Plan Width": 0,
                  "Actual Startup Time": 0.07,
                  "Actual Total Time": 132.816,
                  "Actual Rows": 427548,
                  "Actual Loops": 4,
                  "Filter": "(keyword_id < 2715)",
                  "Rows Removed by Filter": 703435
                }
              ]
            }
          ]
        }
      ]
    },
    "Planning Time": 0.186,
    "Triggers": [],
    "Execution Time": 175.052
  }
]