[
  {
    "Plan": {
      "Node Type": "Aggregate",
      "Strategy": "Plain",
      "Partial Mode": "Finalize",
      "Parallel Aware": false,
      "Startup Cost": 396400.23,
      "Total Cost": 396400.24,
      "Plan Rows": 1,
      "Plan Width": 8,
      "Actual Startup Time": 1120.235,
      "Actual Total Time": 1147.474,
      "Actual Rows": 1,
      "Actual Loops": 1,
      "Plans": [
        {
          "Node Type": "Gather",
          "Parent Relationship": "Outer",
          "Parallel Aware": false,
          "Startup Cost": 396399.6,
          "Total Cost": 396400.21,
          "Plan Rows": 6,
          "Plan Width": 8,
          "Actual Startup Time": 1100.656,
          "Actual Total Time": 1147.462,
          "Actual Rows": 7,
          "Actual Loops": 1,
          "Workers Planned": 6,
          "Workers Launched": 6,
          "Single Copy": false,
          "Plans": [
            {
              "Node Type": "Aggregate",
              "Strategy": "Plain",
              "Partial Mode": "Partial",
              "Parent Relationship": "Outer",
              "Parallel Aware": false,
              "Startup Cost": 395399.6,
              "Total Cost": 395399.61,
              "Plan Rows": 1,
              "Plan Width": 8,
              "Actual Startup Time": 1077.807,
              "Actual Total Time": 1077.813,
              "Actual Rows": 1,
              "Actual Loops": 7,
              "Plans": [
                {
                  "Node Type": "Hash Join",
                  "Parent Relationship": "Outer",
                  "Parallel Aware": true,
                  "Join Type": "Inner",
                  "Startup Cost": 131430.69,
                  "Total Cost": 394399.96,
                  "Plan Rows": 399856,
                  "Plan Width": 0,
                  "Actual Startup Time": 601.693,
                  "Actual Total Time": 1046.512,
                  "Actual Rows": 525716,
                  "Actual Loops": 7,
                  "Inner Unique": true,
                  "Hash Cond": "(ci.movie_id = t.id)",
                  "Plans": [
                    {
                      "Node Type": "Bitmap Heap Scan",
                      "Parent Relationship": "Outer",
                      "Parallel Aware": true,
                      "Relation Name": "cast_info",
                      "Alias": "ci",
                      "Startup Cost": 81210.31,
                      "Total Cost": 343129.96,
                      "Plan Rows": 399856,
                      "Plan Width": 4,
                      "Actual Startup Time": 302.819,
                      "Actual Total Time": 479.525,
                      "Actual Rows": 525716,
                      "Actual Loops": 7,
                      "Recheck Cond": "(person_id > 3393086)",
                      "Rows Removed by Index Recheck": 0,
                      "Filter": "(role_id > 1)",
                      "Rows Removed by Filter": 0,
                      "Exact Heap Blocks": 10778,
                      "Lossy Heap Blocks": 0,
                      "Plans": [
                        {
                          "Node Type": "Bitmap Index Scan",
                          "Parent Relationship": "Outer",
                          "Parallel Aware": false,
                          "Index Name": "person_id_cast_info",
                          "Startup Cost": 0.0,
                          "Total Cost": 80610.52,
                          "Plan Rows": 3693061,
                          "Plan Width": 0,
                          "Actual Startup Time": 293.427,
                          "Actual Total Time": 293.427,
                          "Actual Rows": 3680015,
                          "Actual Loops": 1,
                          "Index Cond": "(person_id > 3393086)"
                        }
                      ]
                    },
                    {
                      "Node Type": "Hash",
                      "Parent Relationship": "Inner",
                      "Parallel Aware": true,
                      "Startup Cost": 42319.06,
                      "Total Cost": 42319.06,
                      "Plan Rows": 632106,
                      "Plan Width": 4,
                      "Actual Startup Time": 291.773,
                      "Actual Total Time": 291.774,
                      "Actual Rows": 361187,
                      "Actual Loops": 7,
                      "Hash Buckets": 4194304,
                      "Original Hash Buckets": 4194304,
                      "Hash Batches": 1,
                      "Original Hash Batches": 1,
                      "Peak Memory Usage": 131776,
                      "Plans": [
                        {
                          "Node Type": "Seq Scan",
                          "Parent Relationship": "Outer",
                          "Parallel Aware": true,
                          "Relation Name": "title",
                          "Alias": "t",
                          "Startup Cost": 0.0,
                          "Total Cost": 42319.06,
                          "Plan Rows": 632106,
                          "Plan Width": 4,
                          "Actual Startup Time": 0.055,
                          "Actual Total Time": 89.388,
                          "Actual Rows": 361187,
                          "Actual Loops": 7
                        }
                      ]
                    }
                  ]
                }
              ]
            }
          ]
        }
      ]
    },
    "Planning Time": 0.628,
    "Triggers": [],
    "Execution Time": 1147.575
  }
]