[
  {
    "Plan": {
      "Node Type": "Aggregate",
      "Strategy": "Plain",
      "Partial Mode": "Finalize",
      "Parallel Aware": false,
      "Startup Cost": 27035.22,
      "Total Cost": 27035.23,
      "Plan Rows": 1,
      "Plan Width": 8,
      "Actual Startup Time": 71.651,
      "Actual Total Time": 75.458,
      "Actual Rows": 1,
      "Actual Loops": 1,
      "Plans": [
        {
          "Node Type": "Gather",
          "Parent Relationship": "Outer",
          "Parallel Aware": false,
          "Startup Cost": 27034.9,
          "Total Cost": 27035.21,
          "Plan Rows": 3,
          "Plan Width": 8,
          "Actual Startup Time": 71.387,
          "Actual Total Time": 75.451,
          "Actual Rows": 4,
          "Actual Loops": 1,
          "Workers Planned": 3,
          "Workers Launched": 3,
          "Single Copy": false,
          "Plans": [
            {
              "Node Type": "Aggregate",
              "Strategy": "Plain",
              "Partial Mode": "Partial",
              "Parent Relationship": "Outer",
              "Parallel Aware": false,
              "Startup Cost": 26034.9,
              "Total Cost": 26034.91,
              "Plan Rows": 1,
              "Plan Width": 8,
              "Actual Startup Time": 63.516,
              "Actual Total Time": 63.517,
              "Actual Rows": 1,
              "Actual Loops": 4,
              "Plans": [
                {
                  "Node Type": "Bitmap Heap Scan",
                  "Parent Relationship": "Outer",
                  "Parallel Aware": true,
                  "Relation Name": "movie_companies",
                  "Alias": "mc",
                  "Startup Cost": 5826.19,
                  "Total Cost": 25924.22,
                  "Plan Rows": 44275,
                  "Plan Width": 0,
                  "Actual Startup Time": 25.889,
                  "Actual Total Time": 58.703,
                  "Actual Rows": 67233,
                  "Actual Loops": 4,
                  "Recheck Cond": "(company_id > 97871)",
                  "Rows Removed by Index Recheck": 0,
                  "Filter": "(company_type_id > 1)",
                  "Rows Removed by Filter": 0,
                  "Exact Heap Blocks": 2609,
                  "Lossy Heap Blocks": 0,
                  "Plans": [
                    {
                      "Node Type": "Bitmap Index Scan",
                      "Parent Relationship": "Outer",
                      "Parallel Aware": false,
                      "Index Name": "company_id_movie_companies",
                      "Startup Cost": 0.0,
                      "Total Cost": 5791.88,
                      "Plan Rows": 270326,
                      "Plan Width": 0,
                      "Actual Startup Time": 31.663,
                      "Actual Total Time": 31.663,
                      "Actual Rows": 268933,
                      "Actual Loops": 1,
                      "Index Cond": "(company_id > 97871)"
                    }
                  ]
                }
              ]
            }
          ]
        }
      ]
    },
    "Planning Time": 0.216,
    "Triggers": [],
    "Execution Time": 75.534
  }
]