{
  "Plan": {
    "Node Type": "Aggregate",
    "Strategy": "Plain",
    "Partial Mode": "Finalize",
    "Parallel Aware": false,
    "Startup Cost": 206713.89,
    "Total Cost": 206713.9,
    "Plan Rows": 1,
    "Plan Width": 8,
    "Actual Startup Time": 680.149,
    "Actual Total Time": 698.755,
    "Actual Rows": 1,
    "Actual Loops": 1,
    "Plans": [
      {
        "Node Type": "Gather",
        "Parent Relationship": "Outer",
        "Parallel Aware": false,
        "Startup Cost": 206713.77,
        "Total Cost": 206713.88,
        "Plan Rows": 1,
        "Plan Width": 8,
        "Actual Startup Time": 675.465,
        "Actual Total Time": 698.747,
        "Actual Rows": 2,
        "Actual Loops": 1,
        "Workers Planned": 1,
        "Workers Launched": 1,
        "Single Copy": false,
        "Plans": [
          {
            "Node Type": "Aggregate",
            "Strategy": "Plain",
            "Partial Mode": "Partial",
            "Parent Relationship": "Outer",
            "Parallel Aware": false,
            "Startup Cost": 205713.77,
            "Total Cost": 205713.78,
            "Plan Rows": 1,
            "Plan Width": 8,
            "Actual Startup Time": 669.166,
            "Actual Total Time": 669.172,
            "Actual Rows": 1,
            "Actual Loops": 2,
            "Plans": [
              {
                "Node Type": "Hash Join",
                "Parent Relationship": "Outer",
                "Parallel Aware": true,
                "Join Type": "Inner",
                "Startup Cost": 162630.86,
                "Total Cost": 205676.85,
                "Plan Rows": 14769,
                "Plan Width": 0,
                "Actual Startup Time": 563.029,
                "Actual Total Time": 667.439,
                "Actual Rows": 40957,
                "Actual Loops": 2,
                "Inner Unique": false,
                "Hash Cond": "(mc.movie_id = t.id)",
                "Plans": [
                  {
                    "Node Type": "Seq Scan",
                    "Parent Relationship": "Outer",
                    "Parallel Aware": true,
                    "Relation Name": "movie_companies",
                    "Alias": "mc",
                    "Startup Cost": 0.0,
                    "Total Cost": 41811.73,
                    "Plan Rows": 305968,
                    "Plan Width": 4,
                    "Actual Startup Time": 46.98,
                    "Actual Total Time": 106.752,
                    "Actual Rows": 416075,
                    "Actual Loops": 2,
                    "Filter": "((company_id > 15365) AND (company_type_id > 1))",
                    "Rows Removed by Filter": 888490
                  },
                  {
                    "Node Type": "Hash",
                    "Parent Relationship": "Inner",
                    "Parallel Aware": true,
                    "Startup Cost": 161733.51,
                    "Total Cost": 161733.51,
                    "Plan Rows": 71788,
                    "Plan Width": 8,
                    "Actual Startup Time": 513.618,
                    "Actual Total Time": 513.622,
                    "Actual Rows": 42087,
                    "Actual Loops": 2,
                    "Hash Buckets": 131072,
                    "Original Hash Buckets": 131072,
                    "Hash Batches": 1,
                    "Original Hash Batches": 1,
                    "Peak Memory Usage": 4352,
                    "Plans": [
                      {
                        "Node Type": "Merge Join",
                        "Parent Relationship": "Outer",
                        "Parallel Aware": false,
                        "Join Type": "Inner",
                        "Startup Cost": 156741.47,
                        "Total Cost": 161733.51,
                        "Plan Rows": 71788,
                        "Plan Width": 8,
                        "Actual Startup Time": 404.765,
                        "Actual Total Time": 504.567,
                        "Actual Rows": 42087,
                        "Actual Loops": 2,
                        "Inner Unique": false,
                        "Merge Cond": "(t.id = mi_idx.movie_id)",
                        "Plans": [
                          {
                            "Node Type": "Sort",
                            "Parent Relationship": "Outer",
                            "Parallel Aware": false,
                            "Startup Cost": 90886.83,
                            "Total Cost": 91863.85,
                            "Plan Rows": 390808,
                            "Plan Width": 4,
                            "Actual Startup Time": 234.307,
                            "Actual Total Time": 267.168,
                            "Actual Rows": 330929,
                            "Actual Loops": 2,
                            "Sort Key": [
                              "t.id"
                            ],
                            "Sort Method": "quicksort",
                            "Sort Space Used": 29118,
                            "Sort Space Type": "Memory",
                            "Workers": [
                              {
                                "Worker Number": 0,
                                "Sort Method": "quicksort",
                                "Sort Space Used": 26494,
                                "Sort Space Type": "Memory"
                              }
                            ],
                            "Plans": [
                              {
                                "Node Type": "Seq Scan",
                                "Parent Relationship": "Outer",
                                "Parallel Aware": true,
                                "Relation Name": "title",
                                "Alias": "t",
                                "Startup Cost": 0.0,
                                "Total Cost": 54588.39,
                                "Plan Rows": 390808,
                                "Plan Width": 4,
                                "Actual Startup Time": 0.023,
                                "Actual Total Time": 147.393,
                                "Actual Rows": 331032,
                                "Actual Loops": 2,
                                "Filter": "(production_year > 2008)",
                                "Rows Removed by Filter": 933124
                              }
                            ]
                          },
                          {
                            "Node Type": "Sort",
                            "Parent Relationship": "Inner",
                            "Parallel Aware": false,
                            "Startup Cost": 65854.6,
                            "Total Cost": 67015.67,
                            "Plan Rows": 464428,
                            "Plan Width": 4,
                            "Actual Startup Time": 170.442,
                            "Actual Total Time": 187.514,
                            "Actual Rows": 459925,
                            "Actual Loops": 2,
                            "Sort Key": [
                              "mi_idx.movie_id"
                            ],
                            "Sort Method": "quicksort",
                            "Sort Space Used": 33847,
                            "Sort Space Type": "Memory",
                            "Workers": [
                              {
                                "Worker Number": 0,
                                "Sort Method": "quicksort",
                                "Sort Space Used": 33847,
                                "Sort Space Type": "Memory"
                              }
                            ],
                            "Plans": [
                              {
                                "Node Type": "Bitmap Heap Scan",
                                "Parent Relationship": "Outer",
                                "Parallel Aware": false,
                                "Relation Name": "movie_info_idx",
                                "Alias": "mi_idx",
                                "Startup Cost": 8399.74,
                                "Total Cost": 22140.09,
                                "Plan Rows": 464428,
                                "Plan Width": 4,
                                "Actual Startup Time": 16.069,
                                "Actual Total Time": 76.786,
                                "Actual Rows": 459925,
                                "Actual Loops": 2,
                                "Recheck Cond": "(info_type_id = 100)",
                                "Rows Removed by Index Recheck": 0,
                                "Exact Heap Blocks": 7934,
                                "Lossy Heap Blocks": 0,
                                "Plans": [
                                  {
                                    "Node Type": "Bitmap Index Scan",
                                    "Parent Relationship": "Outer",
                                    "Parallel Aware": false,
                                    "Index Name": "info_type_id_movie_info_idx",
                                    "Startup Cost": 0.0,
                                    "Total Cost": 8283.64,
                                    "Plan Rows": 464428,
                                    "Plan Width": 0,
                                    "Actual Startup Time": 15.146,
                                    "Actual Total Time": 15.146,
                                    "Actual Rows": 459925,
                                    "Actual Loops": 2,
                                    "Index Cond": "(info_type_id = 100)"
                                  }
                                ]
                              }
                            ]
                          }
                        ]
                      }
                    ]
                  }
                ]
              }
            ]
          }
        ]
      }
    ]
  },
  "Planning Time": 1.098,
  "Triggers": [],
  "Execution Time": 702.055
}