[
  {
    "Plan": {
      "Node Type": "Aggregate",
      "Strategy": "Plain",
      "Partial Mode": "Finalize",
      "Parallel Aware": false,
      "Startup Cost": 41777.72,
      "Total Cost": 41777.73,
      "Plan Rows": 1,
      "Plan Width": 8,
      "Actual Startup Time": 71.657,
      "Actual Total Time": 77.723,
      "Actual Rows": 1,
      "Actual Loops": 1,
      "Plans": [
        {
          "Node Type": "Gather",
          "Parent Relationship": "Outer",
          "Parallel Aware": false,
          "Startup Cost": 41777.3,
          "Total Cost": 41777.71,
          "Plan Rows": 4,
          "Plan Width": 8,
          "Actual Startup Time": 67.974,
          "Actual Total Time": 77.716,
          "Actual Rows": 5,
          "Actual Loops": 1,
          "Workers Planned": 4,
          "Workers Launched": 4,
          "Single Copy": false,
          "Plans": [
            {
              "Node Type": "Aggregate",
              "Strategy": "Plain",
              "Partial Mode": "Partial",
              "Parent Relationship": "Outer",
              "Parallel Aware": false,
              "Startup Cost": 40777.3,
              "Total Cost": 40777.31,
              "Plan Rows": 1,
              "Plan Width": 8,
              "Actual Startup Time": 63.025,
              "Actual Total Time": 63.027,
              "Actual Rows": 1,
              "Actual Loops": 5,
              "Plans": [
                {
                  "Node Type": "Nested Loop",
                  "Parent Relationship": "Outer",
                  "Parallel Aware": false,
                  "Join Type": "Inner",
                  "Startup Cost": 1698.53,
                  "Total Cost": 40774.95,
                  "Plan Rows": 943,
                  "Plan Width": 0,
                  "Actual Startup Time": 15.887,
                  "Actual Total Time": 62.363,
                  "Actual Rows": 11046,
                  "Actual Loops": 5,
                  "Inner Unique": false,
                  "Join Filter": "(t.id = mi.movie_id)",
                  "Rows Removed by Join Filter": 0,
                  "Plans": [
                    {
                      "Node Type": "Nested Loop",
                      "Parent Relationship": "Outer",
                      "Parallel Aware": false,
                      "Join Type": "Inner",
                      "Startup Cost": 1698.1,
                      "Total Cost": 40133.05,
                      "Plan Rows": 387,
                      "Plan Width": 8,
                      "Actual Startup Time": 15.512,
                      "Actual Total Time": 50.626,
                      "Actual Rows": 569,
                      "Actual Loops": 5,
                      "Inner Unique": false,
                      "Plans": [
                        {
                          "Node Type": "Bitmap Heap Scan",
                          "Parent Relationship": "Outer",
                          "Parallel Aware": true,
                          "Relation Name": "title",
                          "Alias": "t",
                          "Startup Cost": 1697.66,
                          "Total Cost": 38052.17,
                          "Plan Rows": 216,
                          "Plan Width": 4,
                          "Actual Startup Time": 14.591,
                          "Actual Total Time": 47.268,
                          "Actual Rows": 254,
                          "Actual Loops": 5,
                          "Recheck Cond": "(kind_id = 2)",
                          "Rows Removed by Index Recheck": 0,
                          "Filter": "(production_year = 1992)",
                          "Rows Removed by Filter": 17916,
                          "Exact Heap Blocks": 10869,
                          "Lossy Heap Blocks": 0,
                          "Plans": [
                            {
                              "Node Type": "Bitmap Index Scan",
                              "Parent Relationship": "Outer",
                              "Parallel Aware": false,
                              "Index Name": "kind_id_title",
                              "Startup Cost": 0.0,
                              "Total Cost": 1697.45,
                              "Plan Rows": 95069,
                              "Plan Width": 0,
                              "Actual Startup Time": 12.955,
                              "Actual Total Time": 12.956,
                              "Actual Rows": 90852,
                              "Actual Loops": 1,
                              "Index Cond": "(kind_id = 2)"
                            }
                          ]
                        },
                        {
                          "Node Type": "Index Only Scan",
                          "Parent Relationship": "Inner",
                          "Parallel Aware": false,
                          "Scan Direction": "Forward",
                          "Index Name": "movie_id_movie_keyword",
                          "Relation Name": "movie_keyword",
                          "Alias": "mk",
                          "Startup Cost": 0.43,
                          "Total Cost": 9.17,
                          "Plan Rows": 46,
                          "Plan Width": 4,
                          "Actual Startup Time": 0.012,
                          "Actual Total Time": 0.012,
                          "Actual Rows": 2,
                          "Actual Loops": 1272,
                          "Index Cond": "(movie_id = t.id)",
                          "Rows Removed by Index Recheck": 0,
                          "Heap Fetches": 2844
                        }
                      ]
                    },
                    {
                      "Node Type": "Index Scan",
                      "Parent Relationship": "Inner",
                      "Parallel Aware": false,
                      "Scan Direction": "Forward",
                      "Index Name": "movie_id_movie_info",
                      "Relation Name": "movie_info",
                      "Alias": "mi",
                      "Startup Cost": 0.43,
                      "Total Cost": 1.45,
                      "Plan Rows": 17,
                      "Plan Width": 4,
                      "Actual Startup Time": 0.008,
                      "Actual Total Time": 0.018,
                      "Actual Rows": 19,
                      "Actual Loops": 2844,
                      "Index Cond": "(movie_id = mk.movie_id)",
                      "Rows Removed by Index Recheck": 0,
                      "Filter": "(info_type_id > 8)",
                      "Rows Removed by Filter": 10
                    }
                  ]
                }
              ]
            }
          ]
        }
      ]
    },
    "Planning Time": 0.68,
    "Triggers": [],
    "Execution Time": 77.78
  }
]