[
  {
    "Plan": {
      "Node Type": "Aggregate",
      "Strategy": "Plain",
      "Partial Mode": "Finalize",
      "Parallel Aware": false,
      "Startup Cost": 339839.4,
      "Total Cost": 339839.41,
      "Plan Rows": 1,
      "Plan Width": 8,
      "Actual Startup Time": 779.993,
      "Actual Total Time": 824.994,
      "Actual Rows": 1,
      "Actual Loops": 1,
      "Plans": [
        {
          "Node Type": "Gather",
          "Parent Relationship": "Outer",
          "Parallel Aware": false,
          "Startup Cost": 339838.77,
          "Total Cost": 339839.38,
          "Plan Rows": 6,
          "Plan Width": 8,
          "Actual Startup Time": 779.527,
          "Actual Total Time": 824.982,
          "Actual Rows": 7,
          "Actual Loops": 1,
          "Workers Planned": 6,
          "Workers Launched": 6,
          "Single Copy": false,
          "Plans": [
            {
              "Node Type": "Aggregate",
              "Strategy": "Plain",
              "Partial Mode": "Partial",
              "Parent Relationship": "Outer",
              "Parallel Aware": false,
              "Startup Cost": 338838.77,
              "Total Cost": 338838.78,
              "Plan Rows": 1,
              "Plan Width": 8,
              "Actual Startup Time": 772.655,
              "Actual Total Time": 772.656,
              "Actual Rows": 1,
              "Actual Loops": 7,
              "Plans": [
                {
                  "Node Type": "Seq Scan",
                  "Parent Relationship": "Outer",
                  "Parallel Aware": true,
                  "Relation Name": "cast_info",
                  "Alias": "ci",
                  "Startup Cost": 0.0,
                  "Total Cost": 328211.39,
                  "Plan Rows": 4250952,
                  "Plan Width": 0,
                  "Actual Startup Time": 0.042,
                  "Actual Total Time": 602.622,
                  "Actual Rows": 3659479,
                  "Actual Loops": 7,
                  "Filter": "(person_id < 2645052)",
                  "Rows Removed by Filter": 1518284
                }
              ]
            }
          ]
        }
      ]
    },
    "Planning Time": 0.141,
    "Triggers": [],
    "Execution Time": 825.059
  }
]