{
  "Plan": {
    "Node Type": "Aggregate",
    "Strategy": "Plain",
    "Partial Mode": "Finalize",
    "Parallel Aware": false,
    "Startup Cost": 50649.02,
    "Total Cost": 50649.03,
    "Plan Rows": 1,
    "Plan Width": 8,
    "Actual Startup Time": 124.885,
    "Actual Total Time": 131.022,
    "Actual Rows": 1,
    "Actual Loops": 1,
    "Plans": [
      {
        "Node Type": "Gather",
        "Parent Relationship": "Outer",
        "Parallel Aware": false,
        "Startup Cost": 50648.9,
        "Total Cost": 50649.01,
        "Plan Rows": 1,
        "Plan Width": 8,
        "Actual Startup Time": 124.548,
        "Actual Total Time": 131.013,
        "Actual Rows": 2,
        "Actual Loops": 1,
        "Workers Planned": 1,
        "Workers Launched": 1,
        "Single Copy": false,
        "Plans": [
          {
            "Node Type": "Aggregate",
            "Strategy": "Plain",
            "Partial Mode": "Partial",
            "Parent Relationship": "Outer",
            "Parallel Aware": false,
            "Startup Cost": 49648.9,
            "Total Cost": 49648.91,
            "Plan Rows": 1,
            "Plan Width": 8,
            "Actual Startup Time": 118.38,
            "Actual Total Time": 118.384,
            "Actual Rows": 1,
            "Actual Loops": 2,
            "Plans": [
              {
                "Node Type": "Hash Join",
                "Parent Relationship": "Outer",
                "Parallel Aware": true,
                "Join Type": "Inner",
                "Startup Cost": 39963.61,
                "Total Cost": 49645.69,
                "Plan Rows": 1284,
                "Plan Width": 0,
                "Actual Startup Time": 73.088,
                "Actual Total Time": 118.294,
                "Actual Rows": 960,
                "Actual Loops": 2,
                "Inner Unique": true,
                "Hash Cond": "(ci.movie_id = t.id)",
                "Plans": [
                  {
                    "Node Type": "Index Scan",
                    "Parent Relationship": "Outer",
                    "Parallel Aware": true,
                    "Scan Direction": "Forward",
                    "Index Name": "role_id_cast_info",
                    "Relation Name": "cast_info",
                    "Alias": "ci",
                    "Startup Cost": 0.56,
                    "Total Cost": 9590.86,
                    "Plan Rows": 34970,
                    "Plan Width": 4,
                    "Actual Startup Time": 0.157,
                    "Actual Total Time": 27.841,
                    "Actual Rows": 109124,
                    "Actual Loops": 2,
                    "Index Cond": "(role_id > 10)",
                    "Rows Removed by Index Recheck": 0,
                    "Filter": "(person_id > 2957230)",
                    "Rows Removed by Filter": 48934
                  },
                  {
                    "Node Type": "Hash",
                    "Parent Relationship": "Inner",
                    "Parallel Aware": true,
                    "Startup Cost": 39280.39,
                    "Total Cost": 39280.39,
                    "Plan Rows": 54612,
                    "Plan Width": 4,
                    "Actual Startup Time": 70.426,
                    "Actual Total Time": 70.427,
                    "Actual Rows": 48419,
                    "Actual Loops": 2,
                    "Hash Buckets": 131072,
                    "Original Hash Buckets": 131072,
                    "Hash Batches": 1,
                    "Original Hash Batches": 1,
                    "Peak Memory Usage": 4832,
                    "Plans": [
                      {
                        "Node Type": "Bitmap Heap Scan",
                        "Parent Relationship": "Outer",
                        "Parallel Aware": true,
                        "Relation Name": "title",
                        "Alias": "t",
                        "Startup Cost": 2204.15,
                        "Total Cost": 39280.39,
                        "Plan Rows": 54612,
                        "Plan Width": 4,
                        "Actual Startup Time": 15.155,
                        "Actual Total Time": 56.312,
                        "Actual Rows": 48419,
                        "Actual Loops": 2,
                        "Recheck Cond": "(kind_id = 4)",
                        "Rows Removed by Index Recheck": 0,
                        "Filter": "(production_year < 2010)",
                        "Rows Removed by Filter": 10698,
                        "Exact Heap Blocks": 8417,
                        "Lossy Heap Blocks": 0,
                        "Plans": [
                          {
                            "Node Type": "Bitmap Index Scan",
                            "Parent Relationship": "Outer",
                            "Parallel Aware": false,
                            "Index Name": "kind_id_title",
                            "Startup Cost": 0.0,
                            "Total Cost": 2180.94,
                            "Plan Rows": 122201,
                            "Plan Width": 0,
                            "Actual Startup Time": 15.165,
                            "Actual Total Time": 15.166,
                            "Actual Rows": 118234,
                            "Actual Loops": 1,
                            "Index Cond": "(kind_id = 4)"
                          }
                        ]
                      }
                    ]
                  }
                ]
              }
            ]
          }
        ]
      }
    ]
  },
  "Planning Time": 0.573,
  "Triggers": [],
  "Execution Time": 131.123
}