{
  "Plan": {
    "Node Type": "Aggregate",
    "Strategy": "Plain",
    "Partial Mode": "Finalize",
    "Parallel Aware": false,
    "Startup Cost": 46514.12,
    "Total Cost": 46514.13,
    "Plan Rows": 1,
    "Plan Width": 8,
    "Actual Startup Time": 46.019,
    "Actual Total Time": 52.621,
    "Actual Rows": 1,
    "Actual Loops": 1,
    "Plans": [
      {
        "Node Type": "Gather",
        "Parent Relationship": "Outer",
        "Parallel Aware": false,
        "Startup Cost": 46514.01,
        "Total Cost": 46514.12,
        "Plan Rows": 1,
        "Plan Width": 8,
        "Actual Startup Time": 45.92,
        "Actual Total Time": 52.615,
        "Actual Rows": 2,
        "Actual Loops": 1,
        "Workers Planned": 1,
        "Workers Launched": 1,
        "Single Copy": false,
        "Plans": [
          {
            "Node Type": "Aggregate",
            "Strategy": "Plain",
            "Partial Mode": "Partial",
            "Parent Relationship": "Outer",
            "Parallel Aware": false,
            "Startup Cost": 45514.01,
            "Total Cost": 45514.02,
            "Plan Rows": 1,
            "Plan Width": 8,
            "Actual Startup Time": 39.909,
            "Actual Total Time": 39.91,
            "Actual Rows": 1,
            "Actual Loops": 2,
            "Plans": [
              {
                "Node Type": "Nested Loop",
                "Parent Relationship": "Outer",
                "Parallel Aware": false,
                "Join Type": "Inner",
                "Startup Cost": 168.17,
                "Total Cost": 45504.81,
                "Plan Rows": 3678,
                "Plan Width": 0,
                "Actual Startup Time": 2.598,
                "Actual Total Time": 39.354,
                "Actual Rows": 3199,
                "Actual Loops": 2,
                "Inner Unique": true,
                "Plans": [
                  {
                    "Node Type": "Bitmap Heap Scan",
                    "Parent Relationship": "Outer",
                    "Parallel Aware": true,
                    "Relation Name": "movie_companies",
                    "Alias": "mc",
                    "Startup Cost": 167.74,
                    "Total Cost": 14562.11,
                    "Plan Rows": 4502,
                    "Plan Width": 4,
                    "Actual Startup Time": 2.472,
                    "Actual Total Time": 11.191,
                    "Actual Rows": 3343,
                    "Actual Loops": 2,
                    "Recheck Cond": "(company_id = 302)",
                    "Rows Removed by Index Recheck": 0,
                    "Exact Heap Blocks": 2999,
                    "Lossy Heap Blocks": 0,
                    "Plans": [
                      {
                        "Node Type": "Bitmap Index Scan",
                        "Parent Relationship": "Outer",
                        "Parallel Aware": false,
                        "Index Name": "company_id_movie_companies",
                        "Startup Cost": 0.0,
                        "Total Cost": 165.83,
                        "Plan Rows": 7653,
                        "Plan Width": 0,
                        "Actual Startup Time": 3.296,
                        "Actual Total Time": 3.297,
                        "Actual Rows": 6686,
                        "Actual Loops": 1,
                        "Index Cond": "(company_id = 302)"
                      }
                    ]
                  },
                  {
                    "Node Type": "Index Scan",
                    "Parent Relationship": "Inner",
                    "Parallel Aware": false,
                    "Scan Direction": "Forward",
                    "Index Name": "title_pkey",
                    "Relation Name": "title",
                    "Alias": "t",
                    "Startup Cost": 0.43,
                    "Total Cost": 6.87,
                    "Plan Rows": 1,
                    "Plan Width": 4,
                    "Actual Startup Time": 0.008,
                    "Actual Total Time": 0.008,
                    "Actual Rows": 1,
                    "Actual Loops": 6686,
                    "Index Cond": "(id = mc.movie_id)",
                    "Rows Removed by Index Recheck": 0,
                    "Filter": "(production_year < 2011)",
                    "Rows Removed by Filter": 0
                  }
                ]
              }
            ]
          }
        ]
      }
    ]
  },
  "Planning Time": 0.498,
  "Triggers": [],
  "Execution Time": 52.689
}