[
    {
        "Bao": {
            "Bao prediction": "NaN",
            "Bao recommended hint": "(no hint)"
        }
    },
    {
        "Plan": {
            "Node Type": "Aggregate",
            "Strategy": "Plain",
            "Partial Mode": "Finalize",
            "Parallel Aware": false,
            "Startup Cost": 277159.98,
            "Total Cost": 277159.99,
            "Plan Rows": 1,
            "Plan Width": 8,
            "Actual Startup Time": 964.216,
            "Actual Total Time": 994.882,
            "Actual Rows": 1,
            "Actual Loops": 1,
            "Output": [
                "count(*)"
            ],
            "Plans": [
                {
                    "Node Type": "Gather",
                    "Parent Relationship": "Outer",
                    "Parallel Aware": false,
                    "Startup Cost": 277159.66,
                    "Total Cost": 277159.97,
                    "Plan Rows": 3,
                    "Plan Width": 8,
                    "Actual Startup Time": 943.431,
                    "Actual Total Time": 994.873,
                    "Actual Rows": 4,
                    "Actual Loops": 1,
                    "Output": [
                        "(PARTIAL count(*))"
                    ],
                    "Workers Planned": 3,
                    "Workers Launched": 3,
                    "Single Copy": false,
                    "Plans": [
                        {
                            "Node Type": "Aggregate",
                            "Strategy": "Plain",
                            "Partial Mode": "Partial",
                            "Parent Relationship": "Outer",
                            "Parallel Aware": false,
                            "Startup Cost": 276159.66,
                            "Total Cost": 276159.67,
                            "Plan Rows": 1,
                            "Plan Width": 8,
                            "Actual Startup Time": 934.833,
                            "Actual Total Time": 934.993,
                            "Actual Rows": 1,
                            "Actual Loops": 4,
                            "Output": [
                                "PARTIAL count(*)"
                            ],
                            "Workers": [
                                {
                                    "Worker Number": 0,
                                    "Actual Startup Time": 931.587,
                                    "Actual Total Time": 931.593,
                                    "Actual Rows": 1,
                                    "Actual Loops": 1
                                },
                                {
                                    "Worker Number": 1,
                                    "Actual Startup Time": 932.544,
                                    "Actual Total Time": 932.548,
                                    "Actual Rows": 1,
                                    "Actual Loops": 1
                                },
                                {
                                    "Worker Number": 2,
                                    "Actual Startup Time": 932.096,
                                    "Actual Total Time": 932.101,
                                    "Actual Rows": 1,
                                    "Actual Loops": 1
                                }
                            ],
                            "Plans": [
                                {
                                    "Node Type": "Hash Join",
                                    "Parent Relationship": "Outer",
                                    "Parallel Aware": true,
                                    "Join Type": "Inner",
                                    "Startup Cost": 243797.3,
                                    "Total Cost": 275048.77,
                                    "Plan Rows": 444357,
                                    "Plan Width": 0,
                                    "Actual Startup Time": 674.092,
                                    "Actual Total Time": 909.3,
                                    "Actual Rows": 641431,
                                    "Actual Loops": 4,
                                    "Inner Unique": false,
                                    "Hash Cond": "(mc.movie_id = t.id)",
                                    "Workers": [
                                        {
                                            "Worker Number": 0,
                                            "Actual Startup Time": 671.209,
                                            "Actual Total Time": 905.959,
                                            "Actual Rows": 642981,
                                            "Actual Loops": 1
                                        },
                                        {
                                            "Worker Number": 1,
                                            "Actual Startup Time": 671.15,
                                            "Actual Total Time": 906.662,
                                            "Actual Rows": 649888,
                                            "Actual Loops": 1
                                        },
                                        {
                                            "Worker Number": 2,
                                            "Actual Startup Time": 671.518,
                                            "Actual Total Time": 907.526,
                                            "Actual Rows": 615636,
                                            "Actual Loops": 1
                                        }
                                    ],
                                    "Plans": [
                                        {
                                            "Node Type": "Seq Scan",
                                            "Parent Relationship": "Outer",
                                            "Parallel Aware": true,
                                            "Relation Name": "movie_companies",
                                            "Schema": "public",
                                            "Alias": "mc",
                                            "Startup Cost": 0.0,
                                            "Total Cost": 27206.55,
                                            "Plan Rows": 841655,
                                            "Plan Width": 4,
                                            "Actual Startup Time": 0.025,
                                            "Actual Total Time": 53.429,
                                            "Actual Rows": 652282,
                                            "Actual Loops": 4,
                                            "Output": [
                                                "mc.id",
                                                "mc.movie_id",
                                                "mc.company_id",
                                                "mc.company_type_id",
                                                "mc.note"
                                            ],
                                            "Workers": [
                                                {
                                                    "Worker Number": 0,
                                                    "Actual Startup Time": 0.026,
                                                    "Actual Total Time": 55.241,
                                                    "Actual Rows": 653857,
                                                    "Actual Loops": 1
                                                },
                                                {
                                                    "Worker Number": 1,
                                                    "Actual Startup Time": 0.032,
                                                    "Actual Total Time": 55.373,
                                                    "Actual Rows": 661535,
                                                    "Actual Loops": 1
                                                },
                                                {
                                                    "Worker Number": 2,
                                                    "Actual Startup Time": 0.033,
                                                    "Actual Total Time": 55.748,
                                                    "Actual Rows": 626295,
                                                    "Actual Loops": 1
                                                }
                                            ]
                                        },
                                        {
                                            "Node Type": "Hash",
                                            "Parent Relationship": "Inner",
                                            "Parallel Aware": true,
                                            "Startup Cost": 240460.18,
                                            "Total Cost": 240460.18,
                                            "Plan Rows": 266969,
                                            "Plan Width": 8,
                                            "Actual Startup Time": 669.191,
                                            "Actual Total Time": 669.349,
                                            "Actual Rows": 331340,
                                            "Actual Loops": 4,
                                            "Output": [
                                                "t.id",
                                                "mi.movie_id"
                                            ],
                                            "Hash Buckets": 2097152,
                                            "Original Hash Buckets": 2097152,
                                            "Hash Batches": 1,
                                            "Original Hash Batches": 1,
                                            "Peak Memory Usage": 68288,
                                            "Workers": [
                                                {
                                                    "Worker Number": 0,
                                                    "Actual Startup Time": 670.48,
                                                    "Actual Total Time": 670.483,
                                                    "Actual Rows": 322501,
                                                    "Actual Loops": 1
                                                },
                                                {
                                                    "Worker Number": 1,
                                                    "Actual Startup Time": 670.724,
                                                    "Actual Total Time": 670.727,
                                                    "Actual Rows": 328709,
                                                    "Actual Loops": 1
                                                },
                                                {
                                                    "Worker Number": 2,
                                                    "Actual Startup Time": 671.15,
                                                    "Actual Total Time": 671.154,
                                                    "Actual Rows": 342998,
                                                    "Actual Loops": 1
                                                }
                                            ],
                                            "Plans": [
                                                {
                                                    "Node Type": "Hash Join",
                                                    "Parent Relationship": "Outer",
                                                    "Parallel Aware": true,
                                                    "Join Type": "Inner",
                                                    "Startup Cost": 74429.28,
                                                    "Total Cost": 240460.18,
                                                    "Plan Rows": 266969,
                                                    "Plan Width": 8,
                                                    "Actual Startup Time": 372.259,
                                                    "Actual Total Time": 556.313,
                                                    "Actual Rows": 331340,
                                                    "Actual Loops": 4,
                                                    "Output": [
                                                        "t.id",
                                                        "mi.movie_id"
                                                    ],
                                                    "Inner Unique": true,
                                                    "Hash Cond": "(mi.movie_id = t.id)",
                                                    "Workers": [
                                                        {
                                                            "Worker Number": 0,
                                                            "Actual Startup Time": 372.36,
                                                            "Actual Total Time": 556.305,
                                                            "Actual Rows": 322501,
                                                            "Actual Loops": 1
                                                        },
                                                        {
                                                            "Worker Number": 1,
                                                            "Actual Startup Time": 372.322,
                                                            "Actual Total Time": 555.215,
                                                            "Actual Rows": 328709,
                                                            "Actual Loops": 1
                                                        },
                                                        {
                                                            "Worker Number": 2,
                                                            "Actual Startup Time": 371.999,
                                                            "Actual Total Time": 555.973,
                                                            "Actual Rows": 342998,
                                                            "Actual Loops": 1
                                                        }
                                                    ],
                                                    "Plans": [
                                                        {
                                                            "Node Type": "Bitmap Heap Scan",
                                                            "Parent Relationship": "Outer",
                                                            "Parallel Aware": true,
                                                            "Relation Name": "movie_info",
                                                            "Schema": "public",
                                                            "Alias": "mi",
                                                            "Startup Cost": 24209.48,
                                                            "Total Cost": 189539.59,
                                                            "Plan Rows": 266969,
                                                            "Plan Width": 4,
                                                            "Actual Startup Time": 47.327,
                                                            "Actual Total Time": 82.44,
                                                            "Actual Rows": 331340,
                                                            "Actual Loops": 4,
                                                            "Output": [
                                                                "mi.id",
                                                                "mi.movie_id",
                                                                "mi.info_type_id",
                                                                "mi.info",
                                                                "mi.note"
                                                            ],
                                                            "Recheck Cond": "(mi.info_type_id = 8)",
                                                            "Rows Removed by Index Recheck": 0,
                                                            "Exact Heap Blocks": 1962,
                                                            "Lossy Heap Blocks": 0,
                                                            "Workers": [
                                                                {
                                                                    "Worker Number": 0,
                                                                    "Actual Startup Time": 47.403,
                                                                    "Actual Total Time": 82.57,
                                                                    "Actual Rows": 322501,
                                                                    "Actual Loops": 1
                                                                },
                                                                {
                                                                    "Worker Number": 1,
                                                                    "Actual Startup Time": 47.44,
                                                                    "Actual Total Time": 83.034,
                                                                    "Actual Rows": 328709,
                                                                    "Actual Loops": 1
                                                                },
                                                                {
                                                                    "Worker Number": 2,
                                                                    "Actual Startup Time": 47.194,
                                                                    "Actual Total Time": 83.367,
                                                                    "Actual Rows": 342998,
                                                                    "Actual Loops": 1
                                                                }
                                                            ],
                                                            "Plans": [
                                                                {
                                                                    "Node Type": "Bitmap Index Scan",
                                                                    "Parent Relationship": "Outer",
                                                                    "Parallel Aware": false,
                                                                    "Index Name": "info_type_id_movie_info",
                                                                    "Startup Cost": 0.0,
                                                                    "Total Cost": 23875.77,
                                                                    "Plan Rows": 1334844,
                                                                    "Plan Width": 0,
                                                                    "Actual Startup Time": 46.068,
                                                                    "Actual Total Time": 46.068,
                                                                    "Actual Rows": 1325361,
                                                                    "Actual Loops": 1,
                                                                    "Index Cond": "(mi.info_type_id = 8)",
                                                                    "Workers": [
                                                                        {
                                                                            "Worker Number": 2,
                                                                            "Actual Startup Time": 46.068,
                                                                            "Actual Total Time": 46.068,
                                                                            "Actual Rows": 1325361,
                                                                            "Actual Loops": 1
                                                                        }
                                                                    ]
                                                                }
                                                            ]
                                                        },
                                                        {
                                                            "Node Type": "Hash",
                                                            "Parent Relationship": "Inner",
                                                            "Parallel Aware": true,
                                                            "Startup Cost": 42318.81,
                                                            "Total Cost": 42318.81,
                                                            "Plan Rows": 632080,
                                                            "Plan Width": 4,
                                                            "Actual Startup Time": 318.685,
                                                            "Actual Total Time": 318.686,
                                                            "Actual Rows": 632078,
                                                            "Actual Loops": 4,
                                                            "Output": [
                                                                "t.id"
                                                            ],
                                                            "Hash Buckets": 4194304,
                                                            "Original Hash Buckets": 4194304,
                                                            "Hash Batches": 1,
                                                            "Original Hash Batches": 1,
                                                            "Peak Memory Usage": 131744,
                                                            "Workers": [
                                                                {
                                                                    "Worker Number": 0,
                                                                    "Actual Startup Time": 324.713,
                                                                    "Actual Total Time": 324.713,
                                                                    "Actual Rows": 594263,
                                                                    "Actual Loops": 1
                                                                },
                                                                {
                                                                    "Worker Number": 1,
                                                                    "Actual Startup Time": 324.729,
                                                                    "Actual Total Time": 324.73,
                                                                    "Actual Rows": 590014,
                                                                    "Actual Loops": 1
                                                                },
                                                                {
                                                                    "Worker Number": 2,
                                                                    "Actual Startup Time": 324.741,
                                                                    "Actual Total Time": 324.742,
                                                                    "Actual Rows": 597432,
                                                                    "Actual Loops": 1
                                                                }
                                                            ],
                                                            "Plans": [
                                                                {
                                                                    "Node Type": "Seq Scan",
                                                                    "Parent Relationship": "Outer",
                                                                    "Parallel Aware": true,
                                                                    "Relation Name": "title",
                                                                    "Schema": "public",
                                                                    "Alias": "t",
                                                                    "Startup Cost": 0.0,
                                                                    "Total Cost": 42318.81,
                                                                    "Plan Rows": 632080,
                                                                    "Plan Width": 4,
                                                                    "Actual Startup Time": 0.034,
                                                                    "Actual Total Time": 87.896,
                                                                    "Actual Rows": 632078,
                                                                    "Actual Loops": 4,
                                                                    "Output": [
                                                                        "t.id"
                                                                    ],
                                                                    "Workers": [
                                                                        {
                                                                            "Worker Number": 0,
                                                                            "Actual Startup Time": 0.043,
                                                                            "Actual Total Time": 90.423,
                                                                            "Actual Rows": 594263,
                                                                            "Actual Loops": 1
                                                                        },
                                                                        {
                                                                            "Worker Number": 1,
                                                                            "Actual Startup Time": 0.045,
                                                                            "Actual Total Time": 90.8,
                                                                            "Actual Rows": 590014,
                                                                            "Actual Loops": 1
                                                                        },
                                                                        {
                                                                            "Worker Number": 2,
                                                                            "Actual Startup Time": 0.037,
                                                                            "Actual Total Time": 92.129,
                                                                            "Actual Rows": 597432,
                                                                            "Actual Loops": 1
                                                                        }
                                                                    ]
                                                                }
                                                            ]
                                                        }
                                                    ]
                                                }
                                            ]
                                        }
                                    ]
                                }
                            ]
                        }
                    ]
                }
            ]
        },
        "Planning Time": 228.289,
        "Triggers": [],
        "Execution Time": 994.968
    }
]