[
    {
        "Bao": {
            "Bao prediction": "NaN",
            "Bao recommended hint": "(no hint)"
        }
    },
    {
        "Plan": {
            "Node Type": "Aggregate",
            "Strategy": "Plain",
            "Partial Mode": "Simple",
            "Parallel Aware": false,
            "Startup Cost": 26892.73,
            "Total Cost": 26892.74,
            "Plan Rows": 1,
            "Plan Width": 8,
            "Actual Startup Time": 18.611,
            "Actual Total Time": 18.612,
            "Actual Rows": 1,
            "Actual Loops": 1,
            "Output": [
                "count(*)"
            ],
            "Plans": [
                {
                    "Node Type": "Bitmap Heap Scan",
                    "Parent Relationship": "Outer",
                    "Parallel Aware": false,
                    "Relation Name": "movie_keyword",
                    "Schema": "public",
                    "Alias": "mk",
                    "Startup Cost": 666.26,
                    "Total Cost": 26814.72,
                    "Plan Rows": 31204,
                    "Plan Width": 0,
                    "Actual Startup Time": 3.124,
                    "Actual Total Time": 17.244,
                    "Actual Rows": 24747,
                    "Actual Loops": 1,
                    "Recheck Cond": "(mk.keyword_id < 18)",
                    "Rows Removed by Index Recheck": 0,
                    "Exact Heap Blocks": 8423,
                    "Lossy Heap Blocks": 0,
                    "Plans": [
                        {
                            "Node Type": "Bitmap Index Scan",
                            "Parent Relationship": "Outer",
                            "Parallel Aware": false,
                            "Index Name": "keyword_id_movie_keyword",
                            "Startup Cost": 0.0,
                            "Total Cost": 658.46,
                            "Plan Rows": 31204,
                            "Plan Width": 0,
                            "Actual Startup Time": 2.095,
                            "Actual Total Time": 2.095,
                            "Actual Rows": 24747,
                            "Actual Loops": 1,
                            "Index Cond": "(mk.keyword_id < 18)"
                        }
                    ]
                }
            ]
        },
        "Planning Time": 178.577,
        "Triggers": [],
        "Execution Time": 18.706
    }
]