[
  {
    "Plan": {
      "Node Type": "Aggregate",
      "Strategy": "Plain",
      "Partial Mode": "Simple",
      "Parallel Aware": false,
      "Startup Cost": 10780.11,
      "Total Cost": 10780.12,
      "Plan Rows": 1,
      "Plan Width": 8,
      "Actual Startup Time": 8.33,
      "Actual Total Time": 8.332,
      "Actual Rows": 1,
      "Actual Loops": 1,
      "Plans": [
        {
          "Node Type": "Index Scan",
          "Parent Relationship": "Outer",
          "Parallel Aware": false,
          "Scan Direction": "Forward",
          "Index Name": "company_id_movie_companies",
          "Relation Name": "movie_companies",
          "Alias": "mc",
          "Startup Cost": 0.43,
          "Total Cost": 10774.44,
          "Plan Rows": 2269,
          "Plan Width": 0,
          "Actual Startup Time": 0.161,
          "Actual Total Time": 7.587,
          "Actual Rows": 4136,
          "Actual Loops": 1,
          "Index Cond": "(company_id = 11138)",
          "Rows Removed by Index Recheck": 0,
          "Filter": "(company_type_id = 1)",
          "Rows Removed by Filter": 45
        }
      ]
    },
    "Planning Time": 0.201,
    "Triggers": [],
    "Execution Time": 8.384
  }
]