[
  {
    "Plan": {
      "Node Type": "Aggregate",
      "Strategy": "Plain",
      "Partial Mode": "Finalize",
      "Parallel Aware": false,
      "Startup Cost": 334818.15,
      "Total Cost": 334818.16,
      "Plan Rows": 1,
      "Plan Width": 8,
      "Actual Startup Time": 677.38,
      "Actual Total Time": 729.617,
      "Actual Rows": 1,
      "Actual Loops": 1,
      "Plans": [
        {
          "Node Type": "Gather",
          "Parent Relationship": "Outer",
          "Parallel Aware": false,
          "Startup Cost": 334817.53,
          "Total Cost": 334818.14,
          "Plan Rows": 6,
          "Plan Width": 8,
          "Actual Startup Time": 677.057,
          "Actual Total Time": 729.609,
          "Actual Rows": 7,
          "Actual Loops": 1,
          "Workers Planned": 6,
          "Workers Launched": 6,
          "Single Copy": false,
          "Plans": [
            {
              "Node Type": "Aggregate",
              "Strategy": "Plain",
              "Partial Mode": "Partial",
              "Parent Relationship": "Outer",
              "Parallel Aware": false,
              "Startup Cost": 333817.53,
              "Total Cost": 333817.54,
              "Plan Rows": 1,
              "Plan Width": 8,
              "Actual Startup Time": 670.137,
              "Actual Total Time": 670.139,
              "Actual Rows": 1,
              "Actual Loops": 7,
              "Plans": [
                {
                  "Node Type": "Seq Scan",
                  "Parent Relationship": "Outer",
                  "Parallel Aware": true,
                  "Relation Name": "cast_info",
                  "Alias": "ci",
                  "Startup Cost": 0.0,
                  "Total Cost": 328211.39,
                  "Plan Rows": 2242454,
                  "Plan Width": 0,
                  "Actual Startup Time": 0.043,
                  "Actual Total Time": 575.518,
                  "Actual Rows": 1940769,
                  "Actual Loops": 7,
                  "Filter": "(person_id < 1338276)",
                  "Rows Removed by Filter": 3236995
                }
              ]
            }
          ]
        }
      ]
    },
    "Planning Time": 0.079,
    "Triggers": [],
    "Execution Time": 729.657
  }
]