[
  {
    "Plan": {
      "Node Type": "Aggregate",
      "Strategy": "Plain",
      "Partial Mode": "Finalize",
      "Parallel Aware": false,
      "Startup Cost": 334817.68,
      "Total Cost": 334817.7,
      "Plan Rows": 1,
      "Plan Width": 8,
      "Actual Startup Time": 655.229,
      "Actual Total Time": 707.318,
      "Actual Rows": 1,
      "Actual Loops": 1,
      "Plans": [
        {
          "Node Type": "Gather",
          "Parent Relationship": "Outer",
          "Parallel Aware": false,
          "Startup Cost": 334817.06,
          "Total Cost": 334817.67,
          "Plan Rows": 6,
          "Plan Width": 8,
          "Actual Startup Time": 655.11,
          "Actual Total Time": 707.308,
          "Actual Rows": 7,
          "Actual Loops": 1,
          "Workers Planned": 6,
          "Workers Launched": 6,
          "Single Copy": false,
          "Plans": [
            {
              "Node Type": "Aggregate",
              "Strategy": "Plain",
              "Partial Mode": "Partial",
              "Parent Relationship": "Outer",
              "Parallel Aware": false,
              "Startup Cost": 333817.06,
              "Total Cost": 333817.07,
              "Plan Rows": 1,
              "Plan Width": 8,
              "Actual Startup Time": 646.63,
              "Actual Total Time": 646.632,
              "Actual Rows": 1,
              "Actual Loops": 7,
              "Plans": [
                {
                  "Node Type": "Seq Scan",
                  "Parent Relationship": "Outer",
                  "Parallel Aware": true,
                  "Relation Name": "cast_info",
                  "Alias": "ci",
                  "Startup Cost": 0.0,
                  "Total Cost": 328162.03,
                  "Plan Rows": 2262014,
                  "Plan Width": 0,
                  "Actual Startup Time": 0.046,
                  "Actual Total Time": 564.241,
                  "Actual Rows": 1940769,
                  "Actual Loops": 7,
                  "Filter": "(person_id < 1338276)",
                  "Rows Removed by Filter": 3236995
                }
              ]
            }
          ]
        }
      ]
    },
    "Planning Time": 0.128,
    "Triggers": [],
    "Execution Time": 707.373
  }
]