[
  {
    "Plan": {
      "Node Type": "Aggregate",
      "Strategy": "Plain",
      "Partial Mode": "Finalize",
      "Parallel Aware": false,
      "Startup Cost": 77358.98,
      "Total Cost": 77358.99,
      "Plan Rows": 1,
      "Plan Width": 8,
      "Actual Startup Time": 215.304,
      "Actual Total Time": 230.15,
      "Actual Rows": 1,
      "Actual Loops": 1,
      "Plans": [
        {
          "Node Type": "Gather",
          "Parent Relationship": "Outer",
          "Parallel Aware": false,
          "Startup Cost": 77358.67,
          "Total Cost": 77358.98,
          "Plan Rows": 3,
          "Plan Width": 8,
          "Actual Startup Time": 212.504,
          "Actual Total Time": 230.14,
          "Actual Rows": 4,
          "Actual Loops": 1,
          "Workers Planned": 3,
          "Workers Launched": 3,
          "Single Copy": false,
          "Plans": [
            {
              "Node Type": "Aggregate",
              "Strategy": "Plain",
              "Partial Mode": "Partial",
              "Parent Relationship": "Outer",
              "Parallel Aware": false,
              "Startup Cost": 76358.67,
              "Total Cost": 76358.68,
              "Plan Rows": 1,
              "Plan Width": 8,
              "Actual Startup Time": 203.692,
              "Actual Total Time": 203.695,
              "Actual Rows": 1,
              "Actual Loops": 4,
              "Plans": [
                {
                  "Node Type": "Hash Join",
                  "Parent Relationship": "Outer",
                  "Parallel Aware": true,
                  "Join Type": "Inner",
                  "Startup Cost": 50955.46,
                  "Total Cost": 76330.36,
                  "Plan Rows": 11322,
                  "Plan Width": 0,
                  "Actual Startup Time": 153.469,
                  "Actual Total Time": 201.996,
                  "Actual Rows": 32666,
                  "Actual Loops": 4,
                  "Inner Unique": true,
                  "Hash Cond": "(mk.movie_id = t.id)",
                  "Plans": [
                    {
                      "Node Type": "Bitmap Heap Scan",
                      "Parent Relationship": "Outer",
                      "Parallel Aware": true,
                      "Relation Name": "movie_keyword",
                      "Alias": "mk",
                      "Startup Cost": 4007.21,
                      "Total Cost": 29222.29,
                      "Plan Rows": 60886,
                      "Plan Width": 4,
                      "Actual Startup Time": 14.168,
                      "Actual Total Time": 49.129,
                      "Actual Rows": 47590,
                      "Actual Loops": 4,
                      "Recheck Cond": "(keyword_id > 70879)",
                      "Rows Removed by Index Recheck": 0,
                      "Exact Heap Blocks": 7190,
                      "Lossy Heap Blocks": 0,
                      "Plans": [
                        {
                          "Node Type": "Bitmap Index Scan",
                          "Parent Relationship": "Outer",
                          "Parallel Aware": false,
                          "Index Name": "keyword_id_movie_keyword",
                          "Startup Cost": 0.0,
                          "Total Cost": 3960.03,
                          "Plan Rows": 188746,
                          "Plan Width": 0,
                          "Actual Startup Time": 11.159,
                          "Actual Total Time": 11.159,
                          "Actual Rows": 190358,
                          "Actual Loops": 1,
                          "Index Cond": "(keyword_id > 70879)"
                        }
                      ]
                    },
                    {
                      "Node Type": "Hash",
                      "Parent Relationship": "Inner",
                      "Parallel Aware": true,
                      "Startup Cost": 45479.1,
                      "Total Cost": 45479.1,
                      "Plan Rows": 117532,
                      "Plan Width": 4,
                      "Actual Startup Time": 135.572,
                      "Actual Total Time": 135.573,
                      "Actual Rows": 124006,
                      "Actual Loops": 4,
                      "Hash Buckets": 524288,
                      "Original Hash Buckets": 524288,
                      "Hash Batches": 1,
                      "Original Hash Batches": 1,
                      "Peak Memory Usage": 23584,
                      "Plans": [
                        {
                          "Node Type": "Seq Scan",
                          "Parent Relationship": "Outer",
                          "Parallel Aware": true,
                          "Relation Name": "title",
                          "Alias": "t",
                          "Startup Cost": 0.0,
                          "Total Cost": 45479.1,
                          "Plan Rows": 117532,
                          "Plan Width": 4,
                          "Actual Startup Time": 59.937,
                          "Actual Total Time": 101.021,
                          "Actual Rows": 124006,
                          "Actual Loops": 4,
                          "Filter": "((production_year < 2009) AND (kind_id = 1))",
                          "Rows Removed by Filter": 508072
                        }
                      ]
                    }
                  ]
                }
              ]
            }
          ]
        }
      ]
    },
    "Planning Time": 0.639,
    "Triggers": [],
    "Execution Time": 230.252
  }
]