[
  {
    "Plan": {
      "Node Type": "Aggregate",
      "Strategy": "Plain",
      "Partial Mode": "Finalize",
      "Parallel Aware": false,
      "Startup Cost": 32177.72,
      "Total Cost": 32177.73,
      "Plan Rows": 1,
      "Plan Width": 8,
      "Actual Startup Time": 115.825,
      "Actual Total Time": 123.702,
      "Actual Rows": 1,
      "Actual Loops": 1,
      "Plans": [
        {
          "Node Type": "Gather",
          "Parent Relationship": "Outer",
          "Parallel Aware": false,
          "Startup Cost": 32177.4,
          "Total Cost": 32177.71,
          "Plan Rows": 3,
          "Plan Width": 8,
          "Actual Startup Time": 115.699,
          "Actual Total Time": 123.694,
          "Actual Rows": 4,
          "Actual Loops": 1,
          "Workers Planned": 3,
          "Workers Launched": 3,
          "Single Copy": false,
          "Plans": [
            {
              "Node Type": "Aggregate",
              "Strategy": "Plain",
              "Partial Mode": "Partial",
              "Parent Relationship": "Outer",
              "Parallel Aware": false,
              "Startup Cost": 31177.4,
              "Total Cost": 31177.41,
              "Plan Rows": 1,
              "Plan Width": 8,
              "Actual Startup Time": 108.448,
              "Actual Total Time": 108.45,
              "Actual Rows": 1,
              "Actual Loops": 4,
              "Plans": [
                {
                  "Node Type": "Seq Scan",
                  "Parent Relationship": "Outer",
                  "Parallel Aware": true,
                  "Relation Name": "movie_companies",
                  "Alias": "mc",
                  "Startup Cost": 0.0,
                  "Total Cost": 29310.68,
                  "Plan Rows": 746688,
                  "Plan Width": 0,
                  "Actual Startup Time": 0.043,
                  "Actual Total Time": 81.158,
                  "Actual Rows": 578879,
                  "Actual Loops": 4,
                  "Filter": "(company_id < 94782)",
                  "Rows Removed by Filter": 73403
                }
              ]
            }
          ]
        }
      ]
    },
    "Planning Time": 0.12,
    "Triggers": [],
    "Execution Time": 123.739
  }
]