[
  {
    "Plan": {
      "Node Type": "Aggregate",
      "Strategy": "Plain",
      "Partial Mode": "Finalize",
      "Parallel Aware": false,
      "Startup Cost": 26351.71,
      "Total Cost": 26351.72,
      "Plan Rows": 1,
      "Plan Width": 8,
      "Actual Startup Time": 80.016,
      "Actual Total Time": 86.082,
      "Actual Rows": 1,
      "Actual Loops": 1,
      "Plans": [
        {
          "Node Type": "Gather",
          "Parent Relationship": "Outer",
          "Parallel Aware": false,
          "Startup Cost": 26351.39,
          "Total Cost": 26351.7,
          "Plan Rows": 3,
          "Plan Width": 8,
          "Actual Startup Time": 79.759,
          "Actual Total Time": 86.076,
          "Actual Rows": 4,
          "Actual Loops": 1,
          "Workers Planned": 3,
          "Workers Launched": 3,
          "Single Copy": false,
          "Plans": [
            {
              "Node Type": "Aggregate",
              "Strategy": "Plain",
              "Partial Mode": "Partial",
              "Parent Relationship": "Outer",
              "Parallel Aware": false,
              "Startup Cost": 25351.39,
              "Total Cost": 25351.4,
              "Plan Rows": 1,
              "Plan Width": 8,
              "Actual Startup Time": 70.897,
              "Actual Total Time": 70.898,
              "Actual Rows": 1,
              "Actual Loops": 4,
              "Plans": [
                {
                  "Node Type": "Bitmap Heap Scan",
                  "Parent Relationship": "Outer",
                  "Parallel Aware": true,
                  "Relation Name": "movie_companies",
                  "Alias": "mc",
                  "Startup Cost": 5276.17,
                  "Total Cost": 25251.12,
                  "Plan Rows": 40109,
                  "Plan Width": 0,
                  "Actual Startup Time": 57.827,
                  "Actual Total Time": 70.045,
                  "Actual Rows": 13844,
                  "Actual Loops": 4,
                  "Recheck Cond": "(company_id < 108)",
                  "Rows Removed by Index Recheck": 0,
                  "Filter": "(company_type_id > 1)",
                  "Rows Removed by Filter": 46394,
                  "Exact Heap Blocks": 10743,
                  "Lossy Heap Blocks": 0,
                  "Plans": [
                    {
                      "Node Type": "Bitmap Index Scan",
                      "Parent Relationship": "Outer",
                      "Parallel Aware": false,
                      "Index Name": "company_id_movie_companies",
                      "Startup Cost": 0.0,
                      "Total Cost": 5245.09,
                      "Plan Rows": 244888,
                      "Plan Width": 0,
                      "Actual Startup Time": 28.369,
                      "Actual Total Time": 28.37,
                      "Actual Rows": 240950,
                      "Actual Loops": 1,
                      "Index Cond": "(company_id < 108)"
                    }
                  ]
                }
              ]
            }
          ]
        }
      ]
    },
    "Planning Time": 0.204,
    "Triggers": [],
    "Execution Time": 86.155
  }
]