{
  "Plan": {
    "Node Type": "Aggregate",
    "Strategy": "Plain",
    "Partial Mode": "Finalize",
    "Parallel Aware": false,
    "Startup Cost": 77906.08,
    "Total Cost": 77906.09,
    "Plan Rows": 1,
    "Plan Width": 8,
    "Actual Startup Time": 333.567,
    "Actual Total Time": 348.044,
    "Actual Rows": 1,
    "Actual Loops": 1,
    "Plans": [
      {
        "Node Type": "Gather",
        "Parent Relationship": "Outer",
        "Parallel Aware": false,
        "Startup Cost": 77905.97,
        "Total Cost": 77906.08,
        "Plan Rows": 1,
        "Plan Width": 8,
        "Actual Startup Time": 332.944,
        "Actual Total Time": 348.036,
        "Actual Rows": 2,
        "Actual Loops": 1,
        "Workers Planned": 1,
        "Workers Launched": 1,
        "Single Copy": false,
        "Plans": [
          {
            "Node Type": "Aggregate",
            "Strategy": "Plain",
            "Partial Mode": "Partial",
            "Parent Relationship": "Outer",
            "Parallel Aware": false,
            "Startup Cost": 76905.97,
            "Total Cost": 76905.98,
            "Plan Rows": 1,
            "Plan Width": 8,
            "Actual Startup Time": 327.385,
            "Actual Total Time": 327.498,
            "Actual Rows": 1,
            "Actual Loops": 2,
            "Plans": [
              {
                "Node Type": "Hash Join",
                "Parent Relationship": "Outer",
                "Parallel Aware": true,
                "Join Type": "Inner",
                "Startup Cost": 58681.27,
                "Total Cost": 76865.06,
                "Plan Rows": 16366,
                "Plan Width": 0,
                "Actual Startup Time": 240.214,
                "Actual Total Time": 326.406,
                "Actual Rows": 21118,
                "Actual Loops": 2,
                "Inner Unique": true,
                "Hash Cond": "(mi_idx.movie_id = t.id)",
                "Plans": [
                  {
                    "Node Type": "Seq Scan",
                    "Parent Relationship": "Outer",
                    "Parallel Aware": true,
                    "Relation Name": "movie_info_idx",
                    "Alias": "mi_idx",
                    "Startup Cost": 0.0,
                    "Total Cost": 16052.85,
                    "Plan Rows": 811785,
                    "Plan Width": 4,
                    "Actual Startup Time": 0.023,
                    "Actual Total Time": 58.343,
                    "Actual Rows": 690018,
                    "Actual Loops": 2
                  },
                  {
                    "Node Type": "Hash",
                    "Parent Relationship": "Inner",
                    "Parallel Aware": true,
                    "Startup Cost": 58306.47,
                    "Total Cost": 58306.47,
                    "Plan Rows": 29984,
                    "Plan Width": 4,
                    "Actual Startup Time": 185.099,
                    "Actual Total Time": 185.1,
                    "Actual Rows": 65160,
                    "Actual Loops": 2,
                    "Hash Buckets": 131072,
                    "Original Hash Buckets": 65536,
                    "Hash Batches": 1,
                    "Original Hash Batches": 1,
                    "Peak Memory Usage": 6656,
                    "Plans": [
                      {
                        "Node Type": "Seq Scan",
                        "Parent Relationship": "Outer",
                        "Parallel Aware": true,
                        "Relation Name": "title",
                        "Alias": "t",
                        "Startup Cost": 0.0,
                        "Total Cost": 58306.47,
                        "Plan Rows": 29984,
                        "Plan Width": 4,
                        "Actual Startup Time": 96.018,
                        "Actual Total Time": 163.592,
                        "Actual Rows": 65160,
                        "Actual Loops": 2,
                        "Filter": "((kind_id < 7) AND (production_year < 1936))",
                        "Rows Removed by Filter": 1198996
                      }
                    ]
                  }
                ]
              }
            ]
          }
        ]
      }
    ]
  },
  "Planning Time": 0.435,
  "Triggers": [],
  "Execution Time": 348.115
}