[
  {
    "Plan": {
      "Node Type": "Aggregate",
      "Strategy": "Plain",
      "Partial Mode": "Finalize",
      "Parallel Aware": false,
      "Startup Cost": 161364.61,
      "Total Cost": 161364.62,
      "Plan Rows": 1,
      "Plan Width": 8,
      "Actual Startup Time": 121.444,
      "Actual Total Time": 138.548,
      "Actual Rows": 1,
      "Actual Loops": 1,
      "Plans": [
        {
          "Node Type": "Gather",
          "Parent Relationship": "Outer",
          "Parallel Aware": false,
          "Startup Cost": 161364.19,
          "Total Cost": 161364.6,
          "Plan Rows": 4,
          "Plan Width": 8,
          "Actual Startup Time": 121.312,
          "Actual Total Time": 138.541,
          "Actual Rows": 5,
          "Actual Loops": 1,
          "Workers Planned": 4,
          "Workers Launched": 4,
          "Single Copy": false,
          "Plans": [
            {
              "Node Type": "Aggregate",
              "Strategy": "Plain",
              "Partial Mode": "Partial",
              "Parent Relationship": "Outer",
              "Parallel Aware": false,
              "Startup Cost": 160364.19,
              "Total Cost": 160364.2,
              "Plan Rows": 1,
              "Plan Width": 8,
              "Actual Startup Time": 112.215,
              "Actual Total Time": 112.216,
              "Actual Rows": 1,
              "Actual Loops": 5,
              "Plans": [
                {
                  "Node Type": "Nested Loop",
                  "Parent Relationship": "Outer",
                  "Parallel Aware": false,
                  "Join Type": "Inner",
                  "Startup Cost": 0.43,
                  "Total Cost": 160362.86,
                  "Plan Rows": 534,
                  "Plan Width": 0,
                  "Actual Startup Time": 2.158,
                  "Actual Total Time": 112.083,
                  "Actual Rows": 789,
                  "Actual Loops": 5,
                  "Inner Unique": false,
                  "Plans": [
                    {
                      "Node Type": "Seq Scan",
                      "Parent Relationship": "Outer",
                      "Parallel Aware": true,
                      "Relation Name": "title",
                      "Alias": "t",
                      "Startup Cost": 0.0,
                      "Total Cost": 45479.59,
                      "Plan Rows": 1028,
                      "Plan Width": 4,
                      "Actual Startup Time": 1.92,
                      "Actual Total Time": 78.708,
                      "Actual Rows": 919,
                      "Actual Loops": 5,
                      "Filter": "((kind_id < 7) AND (production_year = 1963))",
                      "Rows Removed by Filter": 504744
                    },
                    {
                      "Node Type": "Index Scan",
                      "Parent Relationship": "Inner",
                      "Parallel Aware": false,
                      "Scan Direction": "Forward",
                      "Index Name": "movie_id_movie_info",
                      "Relation Name": "movie_info",
                      "Alias": "mi",
                      "Startup Cost": 0.43,
                      "Total Cost": 111.71,
                      "Plan Rows": 4,
                      "Plan Width": 4,
                      "Actual Startup Time": 0.029,
                      "Actual Total Time": 0.036,
                      "Actual Rows": 1,
                      "Actual Loops": 4593,
                      "Index Cond": "(movie_id = t.id)",
                      "Rows Removed by Index Recheck": 0,
                      "Filter": "(info_type_id = 2)",
                      "Rows Removed by Filter": 9
                    }
                  ]
                }
              ]
            }
          ]
        }
      ]
    },
    "Planning Time": 0.253,
    "Triggers": [],
    "Execution Time": 138.585
  }
]