[
  {
    "Plan": {
      "Node Type": "Aggregate",
      "Strategy": "Plain",
      "Partial Mode": "Finalize",
      "Parallel Aware": false,
      "Startup Cost": 160667.83,
      "Total Cost": 160667.84,
      "Plan Rows": 1,
      "Plan Width": 8,
      "Actual Startup Time": 118.207,
      "Actual Total Time": 136.484,
      "Actual Rows": 1,
      "Actual Loops": 1,
      "Plans": [
        {
          "Node Type": "Gather",
          "Parent Relationship": "Outer",
          "Parallel Aware": false,
          "Startup Cost": 160667.41,
          "Total Cost": 160667.82,
          "Plan Rows": 4,
          "Plan Width": 8,
          "Actual Startup Time": 118.088,
          "Actual Total Time": 136.476,
          "Actual Rows": 5,
          "Actual Loops": 1,
          "Workers Planned": 4,
          "Workers Launched": 4,
          "Single Copy": false,
          "Plans": [
            {
              "Node Type": "Aggregate",
              "Strategy": "Plain",
              "Partial Mode": "Partial",
              "Parent Relationship": "Outer",
              "Parallel Aware": false,
              "Startup Cost": 159667.41,
              "Total Cost": 159667.42,
              "Plan Rows": 1,
              "Plan Width": 8,
              "Actual Startup Time": 109.211,
              "Actual Total Time": 109.213,
              "Actual Rows": 1,
              "Actual Loops": 5,
              "Plans": [
                {
                  "Node Type": "Nested Loop",
                  "Parent Relationship": "Outer",
                  "Parallel Aware": false,
                  "Join Type": "Inner",
                  "Startup Cost": 0.43,
                  "Total Cost": 159666.17,
                  "Plan Rows": 498,
                  "Plan Width": 0,
                  "Actual Startup Time": 2.99,
                  "Actual Total Time": 109.095,
                  "Actual Rows": 789,
                  "Actual Loops": 5,
                  "Inner Unique": false,
                  "Plans": [
                    {
                      "Node Type": "Seq Scan",
                      "Parent Relationship": "Outer",
                      "Parallel Aware": true,
                      "Relation Name": "title",
                      "Alias": "t",
                      "Startup Cost": 0.0,
                      "Total Cost": 45479.1,
                      "Plan Rows": 1000,
                      "Plan Width": 4,
                      "Actual Startup Time": 1.231,
                      "Actual Total Time": 76.356,
                      "Actual Rows": 919,
                      "Actual Loops": 5,
                      "Filter": "((kind_id < 7) AND (production_year = 1963))",
                      "Rows Removed by Filter": 504744
                    },
                    {
                      "Node Type": "Index Scan",
                      "Parent Relationship": "Inner",
                      "Parallel Aware": false,
                      "Scan Direction": "Forward",
                      "Index Name": "movie_id_movie_info",
                      "Relation Name": "movie_info",
                      "Alias": "mi",
                      "Startup Cost": 0.43,
                      "Total Cost": 114.15,
                      "Plan Rows": 4,
                      "Plan Width": 4,
                      "Actual Startup Time": 0.029,
                      "Actual Total Time": 0.035,
                      "Actual Rows": 1,
                      "Actual Loops": 4593,
                      "Index Cond": "(movie_id = t.id)",
                      "Rows Removed by Index Recheck": 0,
                      "Filter": "(info_type_id = 2)",
                      "Rows Removed by Filter": 9
                    }
                  ]
                }
              ]
            }
          ]
        }
      ]
    },
    "Planning Time": 0.635,
    "Triggers": [],
    "Execution Time": 136.561
  }
]