[
  {
    "Plan": {
      "Node Type": "Aggregate",
      "Strategy": "Plain",
      "Partial Mode": "Finalize",
      "Parallel Aware": false,
      "Startup Cost": 360613.7,
      "Total Cost": 360613.71,
      "Plan Rows": 1,
      "Plan Width": 8,
      "Actual Startup Time": 452.696,
      "Actual Total Time": 519.393,
      "Actual Rows": 1,
      "Actual Loops": 1,
      "Plans": [
        {
          "Node Type": "Gather",
          "Parent Relationship": "Outer",
          "Parallel Aware": false,
          "Startup Cost": 360613.28,
          "Total Cost": 360613.69,
          "Plan Rows": 4,
          "Plan Width": 8,
          "Actual Startup Time": 452.588,
          "Actual Total Time": 519.385,
          "Actual Rows": 5,
          "Actual Loops": 1,
          "Workers Planned": 4,
          "Workers Launched": 4,
          "Single Copy": false,
          "Plans": [
            {
              "Node Type": "Aggregate",
              "Strategy": "Plain",
              "Partial Mode": "Partial",
              "Parent Relationship": "Outer",
              "Parallel Aware": false,
              "Startup Cost": 359613.28,
              "Total Cost": 359613.29,
              "Plan Rows": 1,
              "Plan Width": 8,
              "Actual Startup Time": 444.347,
              "Actual Total Time": 444.348,
              "Actual Rows": 1,
              "Actual Loops": 5,
              "Plans": [
                {
                  "Node Type": "Nested Loop",
                  "Parent Relationship": "Outer",
                  "Parallel Aware": false,
                  "Join Type": "Inner",
                  "Startup Cost": 0.56,
                  "Total Cost": 359171.22,
                  "Plan Rows": 176824,
                  "Plan Width": 0,
                  "Actual Startup Time": 0.272,
                  "Actual Total Time": 433.642,
                  "Actual Rows": 161241,
                  "Actual Loops": 5,
                  "Inner Unique": false,
                  "Plans": [
                    {
                      "Node Type": "Seq Scan",
                      "Parent Relationship": "Outer",
                      "Parallel Aware": true,
                      "Relation Name": "title",
                      "Alias": "t",
                      "Startup Cost": 0.0,
                      "Total Cost": 45479.1,
                      "Plan Rows": 12340,
                      "Plan Width": 4,
                      "Actual Startup Time": 0.036,
                      "Actual Total Time": 63.569,
                      "Actual Rows": 11399,
                      "Actual Loops": 5,
                      "Filter": "((kind_id > 1) AND (production_year = 2003))",
                      "Rows Removed by Filter": 494263
                    },
                    {
                      "Node Type": "Index Only Scan",
                      "Parent Relationship": "Inner",
                      "Parallel Aware": false,
                      "Scan Direction": "Forward",
                      "Index Name": "movie_id_cast_info",
                      "Relation Name": "cast_info",
                      "Alias": "ci",
                      "Startup Cost": 0.56,
                      "Total Cost": 25.05,
                      "Plan Rows": 37,
                      "Plan Width": 4,
                      "Actual Startup Time": 0.008,
                      "Actual Total Time": 0.031,
                      "Actual Rows": 14,
                      "Actual Loops": 56995,
                      "Index Cond": "(movie_id = t.id)",
                      "Rows Removed by Index Recheck": 0,
                      "Heap Fetches": 806203
                    }
                  ]
                }
              ]
            }
          ]
        }
      ]
    },
    "Planning Time": 0.595,
    "Triggers": [],
    "Execution Time": 519.482
  }
]