[
  {
    "Plan": {
      "Node Type": "Aggregate",
      "Strategy": "Plain",
      "Partial Mode": "Finalize",
      "Parallel Aware": false,
      "Startup Cost": 27699.35,
      "Total Cost": 27699.36,
      "Plan Rows": 1,
      "Plan Width": 8,
      "Actual Startup Time": 29.836,
      "Actual Total Time": 33.407,
      "Actual Rows": 1,
      "Actual Loops": 1,
      "Plans": [
        {
          "Node Type": "Gather",
          "Parent Relationship": "Outer",
          "Parallel Aware": false,
          "Startup Cost": 27699.13,
          "Total Cost": 27699.34,
          "Plan Rows": 2,
          "Plan Width": 8,
          "Actual Startup Time": 29.524,
          "Actual Total Time": 33.403,
          "Actual Rows": 3,
          "Actual Loops": 1,
          "Workers Planned": 2,
          "Workers Launched": 2,
          "Single Copy": false,
          "Plans": [
            {
              "Node Type": "Aggregate",
              "Strategy": "Plain",
              "Partial Mode": "Partial",
              "Parent Relationship": "Outer",
              "Parallel Aware": false,
              "Startup Cost": 26699.13,
              "Total Cost": 26699.14,
              "Plan Rows": 1,
              "Plan Width": 8,
              "Actual Startup Time": 22.562,
              "Actual Total Time": 22.564,
              "Actual Rows": 1,
              "Actual Loops": 3,
              "Plans": [
                {
                  "Node Type": "Nested Loop",
                  "Parent Relationship": "Outer",
                  "Parallel Aware": false,
                  "Join Type": "Inner",
                  "Startup Cost": 100.35,
                  "Total Cost": 26694.27,
                  "Plan Rows": 1945,
                  "Plan Width": 0,
                  "Actual Startup Time": 0.892,
                  "Actual Total Time": 22.318,
                  "Actual Rows": 2079,
                  "Actual Loops": 3,
                  "Inner Unique": false,
                  "Plans": [
                    {
                      "Node Type": "Nested Loop",
                      "Parent Relationship": "Outer",
                      "Parallel Aware": false,
                      "Join Type": "Inner",
                      "Startup Cost": 99.92,
                      "Total Cost": 25540.1,
                      "Plan Rows": 1885,
                      "Plan Width": 8,
                      "Actual Startup Time": 0.747,
                      "Actual Total Time": 13.078,
                      "Actual Rows": 1462,
                      "Actual Loops": 3,
                      "Inner Unique": true,
                      "Plans": [
                        {
                          "Node Type": "Bitmap Heap Scan",
                          "Parent Relationship": "Outer",
                          "Parallel Aware": true,
                          "Relation Name": "movie_keyword",
                          "Alias": "mk",
                          "Startup Cost": 99.49,
                          "Total Cost": 11574.9,
                          "Plan Rows": 1885,
                          "Plan Width": 4,
                          "Actual Startup Time": 0.584,
                          "Actual Total Time": 3.336,
                          "Actual Rows": 1462,
                          "Actual Loops": 3,
                          "Recheck Cond": "(keyword_id = 20321)",
                          "Rows Removed by Index Recheck": 0,
                          "Exact Heap Blocks": 1594,
                          "Lossy Heap Blocks": 0,
                          "Plans": [
                            {
                              "Node Type": "Bitmap Index Scan",
                              "Parent Relationship": "Outer",
                              "Parallel Aware": false,
                              "Index Name": "keyword_id_movie_keyword",
                              "Startup Cost": 0.0,
                              "Total Cost": 98.36,
                              "Plan Rows": 4524,
                              "Plan Width": 0,
                              "Actual Startup Time": 1.129,
                              "Actual Total Time": 1.129,
                              "Actual Rows": 4387,
                              "Actual Loops": 1,
                              "Index Cond": "(keyword_id = 20321)"
                            }
                          ]
                        },
                        {
                          "Node Type": "Index Only Scan",
                          "Parent Relationship": "Inner",
                          "Parallel Aware": false,
                          "Scan Direction": "Forward",
                          "Index Name": "title_pkey",
                          "Relation Name": "title",
                          "Alias": "t",
                          "Startup Cost": 0.43,
                          "Total Cost": 7.41,
                          "Plan Rows": 1,
                          "Plan Width": 4,
                          "Actual Startup Time": 0.006,
                          "Actual Total Time": 0.006,
                          "Actual Rows": 1,
                          "Actual Loops": 4387,
                          "Index Cond": "(id = mk.movie_id)",
                          "Rows Removed by Index Recheck": 0,
                          "Heap Fetches": 4387
                        }
                      ]
                    },
                    {
                      "Node Type": "Index Only Scan",
                      "Parent Relationship": "Inner",
                      "Parallel Aware": false,
                      "Scan Direction": "Forward",
                      "Index Name": "movie_id_movie_companies",
                      "Relation Name": "movie_companies",
                      "Alias": "mc",
                      "Startup Cost": 0.43,
                      "Total Cost": 0.56,
                      "Plan Rows": 5,
                      "Plan Width": 4,
                      "Actual Startup Time": 0.005,
                      "Actual Total Time": 0.006,
                      "Actual Rows": 1,
                      "Actual Loops": 4387,
                      "Index Cond": "(movie_id = t.id)",
                      "Rows Removed by Index Recheck": 0,
                      "Heap Fetches": 6238
                    }
                  ]
                }
              ]
            }
          ]
        }
      ]
    },
    "Planning Time": 0.523,
    "Triggers": [],
    "Execution Time": 33.445
  }
]