[
  {
    "Plan": {
      "Node Type": "Aggregate",
      "Strategy": "Plain",
      "Partial Mode": "Finalize",
      "Parallel Aware": false,
      "Startup Cost": 161427.14,
      "Total Cost": 161427.15,
      "Plan Rows": 1,
      "Plan Width": 8,
      "Actual Startup Time": 480.425,
      "Actual Total Time": 498.149,
      "Actual Rows": 1,
      "Actual Loops": 1,
      "Plans": [
        {
          "Node Type": "Gather",
          "Parent Relationship": "Outer",
          "Parallel Aware": false,
          "Startup Cost": 161426.61,
          "Total Cost": 161427.12,
          "Plan Rows": 5,
          "Plan Width": 8,
          "Actual Startup Time": 472.648,
          "Actual Total Time": 498.138,
          "Actual Rows": 6,
          "Actual Loops": 1,
          "Workers Planned": 5,
          "Workers Launched": 5,
          "Single Copy": false,
          "Plans": [
            {
              "Node Type": "Aggregate",
              "Strategy": "Plain",
              "Partial Mode": "Partial",
              "Parent Relationship": "Outer",
              "Parallel Aware": false,
              "Startup Cost": 160426.61,
              "Total Cost": 160426.62,
              "Plan Rows": 1,
              "Plan Width": 8,
              "Actual Startup Time": 458.948,
              "Actual Total Time": 458.951,
              "Actual Rows": 1,
              "Actual Loops": 6,
              "Plans": [
                {
                  "Node Type": "Hash Join",
                  "Parent Relationship": "Outer",
                  "Parallel Aware": true,
                  "Join Type": "Inner",
                  "Startup Cost": 49173.49,
                  "Total Cost": 160172.31,
                  "Plan Rows": 101720,
                  "Plan Width": 0,
                  "Actual Startup Time": 204.948,
                  "Actual Total Time": 449.905,
                  "Actual Rows": 208759,
                  "Actual Loops": 6,
                  "Inner Unique": true,
                  "Hash Cond": "(ci.movie_id = t.id)",
                  "Plans": [
                    {
                      "Node Type": "Index Scan",
                      "Parent Relationship": "Outer",
                      "Parallel Aware": true,
                      "Scan Direction": "Forward",
                      "Index Name": "role_id_cast_info",
                      "Relation Name": "cast_info",
                      "Alias": "ci",
                      "Startup Cost": 0.56,
                      "Total Cost": 110428.26,
                      "Plan Rows": 217575,
                      "Plan Width": 4,
                      "Actual Startup Time": 15.115,
                      "Actual Total Time": 125.472,
                      "Actual Rows": 344321,
                      "Actual Loops": 6,
                      "Index Cond": "(role_id = 3)",
                      "Rows Removed by Index Recheck": 0,
                      "Filter": "(person_id > 2743242)",
                      "Rows Removed by Filter": 323685
                    },
                    {
                      "Node Type": "Hash",
                      "Parent Relationship": "Inner",
                      "Parallel Aware": true,
                      "Startup Cost": 45479.1,
                      "Total Cost": 45479.1,
                      "Plan Rows": 295506,
                      "Plan Width": 4,
                      "Actual Startup Time": 184.5,
                      "Actual Total Time": 184.501,
                      "Actual Rows": 211439,
                      "Actual Loops": 6,
                      "Hash Buckets": 2097152,
                      "Original Hash Buckets": 2097152,
                      "Hash Batches": 1,
                      "Original Hash Batches": 1,
                      "Peak Memory Usage": 66112,
                      "Plans": [
                        {
                          "Node Type": "Seq Scan",
                          "Parent Relationship": "Outer",
                          "Parallel Aware": true,
                          "Relation Name": "title",
                          "Alias": "t",
                          "Startup Cost": 0.0,
                          "Total Cost": 45479.1,
                          "Plan Rows": 295506,
                          "Plan Width": 4,
                          "Actual Startup Time": 0.038,
                          "Actual Total Time": 85.83,
                          "Actual Rows": 211439,
                          "Actual Loops": 6,
                          "Filter": "((production_year > 1980) AND (kind_id = 7))",
                          "Rows Removed by Filter": 209946
                        }
                      ]
                    }
                  ]
                }
              ]
            }
          ]
        }
      ]
    },
    "Planning Time": 0.69,
    "Triggers": [],
    "Execution Time": 498.231
  }
]