{
  "Plan": {
    "Node Type": "Aggregate",
    "Strategy": "Plain",
    "Partial Mode": "Finalize",
    "Parallel Aware": false,
    "Startup Cost": 2492560.37,
    "Total Cost": 2492560.38,
    "Plan Rows": 1,
    "Plan Width": 8,
    "Actual Startup Time": 16623.518,
    "Actual Total Time": 16703.687,
    "Actual Rows": 1,
    "Actual Loops": 1,
    "Plans": [
      {
        "Node Type": "Gather",
        "Parent Relationship": "Outer",
        "Parallel Aware": false,
        "Startup Cost": 2492560.26,
        "Total Cost": 2492560.37,
        "Plan Rows": 1,
        "Plan Width": 8,
        "Actual Startup Time": 16622.892,
        "Actual Total Time": 16703.677,
        "Actual Rows": 2,
        "Actual Loops": 1,
        "Workers Planned": 1,
        "Workers Launched": 1,
        "Single Copy": false,
        "Plans": [
          {
            "Node Type": "Aggregate",
            "Strategy": "Plain",
            "Partial Mode": "Partial",
            "Parent Relationship": "Outer",
            "Parallel Aware": false,
            "Startup Cost": 2491560.26,
            "Total Cost": 2491560.27,
            "Plan Rows": 1,
            "Plan Width": 8,
            "Actual Startup Time": 16616.868,
            "Actual Total Time": 16616.871,
            "Actual Rows": 1,
            "Actual Loops": 2,
            "Plans": [
              {
                "Node Type": "Merge Join",
                "Parent Relationship": "Outer",
                "Parallel Aware": false,
                "Join Type": "Inner",
                "Startup Cost": 179169.32,
                "Total Cost": 2489674.61,
                "Plan Rows": 754261,
                "Plan Width": 0,
                "Actual Startup Time": 71.161,
                "Actual Total Time": 16574.73,
                "Actual Rows": 889514,
                "Actual Loops": 2,
                "Inner Unique": false,
                "Merge Cond": "(t.id = mi.movie_id)",
                "Plans": [
                  {
                    "Node Type": "Merge Join",
                    "Parent Relationship": "Outer",
                    "Parallel Aware": false,
                    "Join Type": "Inner",
                    "Startup Cost": 43.68,
                    "Total Cost": 2266708.78,
                    "Plan Rows": 13722731,
                    "Plan Width": 8,
                    "Actual Startup Time": 0.315,
                    "Actual Total Time": 15786.082,
                    "Actual Rows": 11672617,
                    "Actual Loops": 2,
                    "Inner Unique": true,
                    "Merge Cond": "(ci.movie_id = t.id)",
                    "Plans": [
                      {
                        "Node Type": "Index Scan",
                        "Parent Relationship": "Outer",
                        "Parallel Aware": true,
                        "Scan Direction": "Forward",
                        "Index Name": "movie_id_cast_info",
                        "Relation Name": "cast_info",
                        "Alias": "ci",
                        "Startup Cost": 0.56,
                        "Total Cost": 1978621.64,
                        "Plan Rows": 13722731,
                        "Plan Width": 4,
                        "Actual Startup Time": 0.098,
                        "Actual Total Time": 12881.641,
                        "Actual Rows": 11672617,
                        "Actual Loops": 2,
                        "Filter": "(person_id > 1273322)",
                        "Rows Removed by Filter": 6447359
                      },
                      {
                        "Node Type": "Index Only Scan",
                        "Parent Relationship": "Inner",
                        "Parallel Aware": false,
                        "Scan Direction": "Forward",
                        "Index Name": "title_pkey",
                        "Relation Name": "title",
                        "Alias": "t",
                        "Startup Cost": 0.43,
                        "Total Cost": 110339.97,
                        "Plan Rows": 2528293,
                        "Plan Width": 4,
                        "Actual Startup Time": 0.122,
                        "Actual Total Time": 1457.814,
                        "Actual Rows": 2525600,
                        "Actual Loops": 2,
                        "Heap Fetches": 5051201
                      }
                    ]
                  },
                  {
                    "Node Type": "Sort",
                    "Parent Relationship": "Inner",
                    "Parallel Aware": false,
                    "Startup Cost": 179079.19,
                    "Total Cost": 179426.61,
                    "Plan Rows": 138966,
                    "Plan Width": 4,
                    "Actual Startup Time": 70.299,
                    "Actual Total Time": 140.122,
                    "Actual Rows": 951999,
                    "Actual Loops": 2,
                    "Sort Key": [
                      "mi.movie_id"
                    ],
                    "Sort Method": "quicksort",
                    "Sort Space Used": 8785,
                    "Sort Space Type": "Memory",
                    "Workers": [
                      {
                        "Worker Number": 0,
                        "Sort Method": "quicksort",
                        "Sort Space Used": 8785,
                        "Sort Space Type": "Memory"
                      }
                    ],
                    "Plans": [
                      {
                        "Node Type": "Bitmap Heap Scan",
                        "Parent Relationship": "Outer",
                        "Parallel Aware": false,
                        "Relation Name": "movie_info",
                        "Alias": "mi",
                        "Startup Cost": 2521.42,
                        "Total Cost": 167208.46,
                        "Plan Rows": 138966,
                        "Plan Width": 4,
                        "Actual Startup Time": 16.063,
                        "Actual Total Time": 41.684,
                        "Actual Rows": 121863,
                        "Actual Loops": 2,
                        "Recheck Cond": "(info_type_id = 105)",
                        "Rows Removed by Index Recheck": 0,
                        "Exact Heap Blocks": 4741,
                        "Lossy Heap Blocks": 0,
                        "Plans": [
                          {
                            "Node Type": "Bitmap Index Scan",
                            "Parent Relationship": "Outer",
                            "Parallel Aware": false,
                            "Index Name": "info_type_id_movie_info",
                            "Startup Cost": 0.0,
                            "Total Cost": 2486.68,
                            "Plan Rows": 138966,
                            "Plan Width": 0,
                            "Actual Startup Time": 14.749,
                            "Actual Total Time": 14.749,
                            "Actual Rows": 121863,
                            "Actual Loops": 2,
                            "Index Cond": "(info_type_id = 105)"
                          }
                        ]
                      }
                    ]
                  }
                ]
              }
            ]
          }
        ]
      }
    ]
  },
  "Planning Time": 1.053,
  "Triggers": [],
  "Execution Time": 16703.822
}