{
  "Plan": {
    "Node Type": "Aggregate",
    "Strategy": "Plain",
    "Partial Mode": "Finalize",
    "Parallel Aware": false,
    "Startup Cost": 783779.39,
    "Total Cost": 783779.4,
    "Plan Rows": 1,
    "Plan Width": 8,
    "Actual Startup Time": 3246.06,
    "Actual Total Time": 3320.129,
    "Actual Rows": 1,
    "Actual Loops": 1,
    "Plans": [
      {
        "Node Type": "Gather",
        "Parent Relationship": "Outer",
        "Parallel Aware": false,
        "Startup Cost": 783779.28,
        "Total Cost": 783779.39,
        "Plan Rows": 1,
        "Plan Width": 8,
        "Actual Startup Time": 3244.678,
        "Actual Total Time": 3320.118,
        "Actual Rows": 2,
        "Actual Loops": 1,
        "Workers Planned": 1,
        "Workers Launched": 1,
        "Single Copy": false,
        "Plans": [
          {
            "Node Type": "Aggregate",
            "Strategy": "Plain",
            "Partial Mode": "Partial",
            "Parent Relationship": "Outer",
            "Parallel Aware": false,
            "Startup Cost": 782779.28,
            "Total Cost": 782779.29,
            "Plan Rows": 1,
            "Plan Width": 8,
            "Actual Startup Time": 3240.832,
            "Actual Total Time": 3241.138,
            "Actual Rows": 1,
            "Actual Loops": 2,
            "Plans": [
              {
                "Node Type": "Hash Join",
                "Parent Relationship": "Outer",
                "Parallel Aware": true,
                "Join Type": "Inner",
                "Startup Cost": 472760.78,
                "Total Cost": 777535.7,
                "Plan Rows": 2097430,
                "Plan Width": 0,
                "Actual Startup Time": 1533.396,
                "Actual Total Time": 3168.143,
                "Actual Rows": 1666518,
                "Actual Loops": 2,
                "Inner Unique": false,
                "Hash Cond": "(mi.movie_id = t.id)",
                "Plans": [
                  {
                    "Node Type": "Seq Scan",
                    "Parent Relationship": "Outer",
                    "Parallel Aware": true,
                    "Relation Name": "movie_info",
                    "Alias": "mi",
                    "Startup Cost": 0.0,
                    "Total Cost": 248955.74,
                    "Plan Rows": 8696274,
                    "Plan Width": 4,
                    "Actual Startup Time": 0.017,
                    "Actual Total Time": 627.823,
                    "Actual Rows": 7417860,
                    "Actual Loops": 2
                  },
                  {
                    "Node Type": "Hash",
                    "Parent Relationship": "Inner",
                    "Parallel Aware": true,
                    "Startup Cost": 468277.01,
                    "Total Cost": 468277.01,
                    "Plan Rows": 358701,
                    "Plan Width": 8,
                    "Actual Startup Time": 1512.033,
                    "Actual Total Time": 1512.338,
                    "Actual Rows": 103080,
                    "Actual Loops": 2,
                    "Hash Buckets": 1048576,
                    "Original Hash Buckets": 1048576,
                    "Hash Batches": 1,
                    "Original Hash Batches": 1,
                    "Peak Memory Usage": 16288,
                    "Plans": [
                      {
                        "Node Type": "Hash Join",
                        "Parent Relationship": "Outer",
                        "Parallel Aware": true,
                        "Join Type": "Inner",
                        "Startup Cost": 55688.47,
                        "Total Cost": 468277.01,
                        "Plan Rows": 358701,
                        "Plan Width": 8,
                        "Actual Startup Time": 153.174,
                        "Actual Total Time": 1473.243,
                        "Actual Rows": 103080,
                        "Actual Loops": 2,
                        "Inner Unique": true,
                        "Hash Cond": "(ci.movie_id = t.id)",
                        "Plans": [
                          {
                            "Node Type": "Index Scan",
                            "Parent Relationship": "Outer",
                            "Parallel Aware": true,
                            "Scan Direction": "Forward",
                            "Index Name": "role_id_cast_info",
                            "Relation Name": "cast_info",
                            "Alias": "ci",
                            "Startup Cost": 0.56,
                            "Total Cost": 396668.75,
                            "Plan Rows": 6064890,
                            "Plan Width": 4,
                            "Actual Startup Time": 0.051,
                            "Actual Total Time": 866.61,
                            "Actual Rows": 3175392,
                            "Actual Loops": 2,
                            "Index Cond": "(role_id > 3)",
                            "Rows Removed by Index Recheck": 0,
                            "Filter": "(person_id < 3069602)",
                            "Rows Removed by Filter": 2881432
                          },
                          {
                            "Node Type": "Hash",
                            "Parent Relationship": "Inner",
                            "Parallel Aware": true,
                            "Startup Cost": 54588.39,
                            "Total Cost": 54588.39,
                            "Plan Rows": 87961,
                            "Plan Width": 4,
                            "Actual Startup Time": 151.897,
                            "Actual Total Time": 151.898,
                            "Actual Rows": 75756,
                            "Actual Loops": 2,
                            "Hash Buckets": 262144,
                            "Original Hash Buckets": 262144,
                            "Hash Batches": 1,
                            "Original Hash Batches": 1,
                            "Peak Memory Usage": 8032,
                            "Plans": [
                              {
                                "Node Type": "Seq Scan",
                                "Parent Relationship": "Outer",
                                "Parallel Aware": true,
                                "Relation Name": "title",
                                "Alias": "t",
                                "Startup Cost": 0.0,
                                "Total Cost": 54588.39,
                                "Plan Rows": 87961,
                                "Plan Width": 4,
                                "Actual Startup Time": 4.052,
                                "Actual Total Time": 133.454,
                                "Actual Rows": 75756,
                                "Actual Loops": 2,
                                "Filter": "(production_year < 1945)",
                                "Rows Removed by Filter": 1188400
                              }
                            ]
                          }
                        ]
                      }
                    ]
                  }
                ]
              }
            ]
          }
        ]
      }
    ]
  },
  "Planning Time": 0.621,
  "Triggers": [],
  "Execution Time": 3320.214
}