{
  "Plan": {
    "Node Type": "Aggregate",
    "Strategy": "Plain",
    "Partial Mode": "Finalize",
    "Parallel Aware": false,
    "Startup Cost": 130820.37,
    "Total Cost": 130820.38,
    "Plan Rows": 1,
    "Plan Width": 8,
    "Actual Startup Time": 833.765,
    "Actual Total Time": 850.837,
    "Actual Rows": 1,
    "Actual Loops": 1,
    "Plans": [
      {
        "Node Type": "Gather",
        "Parent Relationship": "Outer",
        "Parallel Aware": false,
        "Startup Cost": 130820.26,
        "Total Cost": 130820.37,
        "Plan Rows": 1,
        "Plan Width": 8,
        "Actual Startup Time": 830.05,
        "Actual Total Time": 850.829,
        "Actual Rows": 2,
        "Actual Loops": 1,
        "Workers Planned": 1,
        "Workers Launched": 1,
        "Single Copy": false,
        "Plans": [
          {
            "Node Type": "Aggregate",
            "Strategy": "Plain",
            "Partial Mode": "Partial",
            "Parent Relationship": "Outer",
            "Parallel Aware": false,
            "Startup Cost": 129820.26,
            "Total Cost": 129820.27,
            "Plan Rows": 1,
            "Plan Width": 8,
            "Actual Startup Time": 822.594,
            "Actual Total Time": 822.598,
            "Actual Rows": 1,
            "Actual Loops": 2,
            "Plans": [
              {
                "Node Type": "Hash Join",
                "Parent Relationship": "Outer",
                "Parallel Aware": true,
                "Join Type": "Inner",
                "Startup Cost": 64412.96,
                "Total Cost": 127245.94,
                "Plan Rows": 1029727,
                "Plan Width": 0,
                "Actual Startup Time": 365.883,
                "Actual Total Time": 778.896,
                "Actual Rows": 1131434,
                "Actual Loops": 2,
                "Inner Unique": true,
                "Hash Cond": "(mk.movie_id = t.id)",
                "Plans": [
                  {
                    "Node Type": "Seq Scan",
                    "Parent Relationship": "Outer",
                    "Parallel Aware": true,
                    "Relation Name": "movie_keyword",
                    "Alias": "mk",
                    "Startup Cost": 0.0,
                    "Total Cost": 57718.19,
                    "Plan Rows": 1948485,
                    "Plan Width": 4,
                    "Actual Startup Time": 0.016,
                    "Actual Total Time": 190.417,
                    "Actual Rows": 1653290,
                    "Actual Loops": 2,
                    "Filter": "(keyword_id < 15001)",
                    "Rows Removed by Filter": 608675
                  },
                  {
                    "Node Type": "Hash",
                    "Parent Relationship": "Inner",
                    "Parallel Aware": true,
                    "Startup Cost": 54588.39,
                    "Total Cost": 54588.39,
                    "Plan Rows": 785966,
                    "Plan Width": 4,
                    "Actual Startup Time": 351.366,
                    "Actual Total Time": 351.367,
                    "Actual Rows": 674146,
                    "Actual Loops": 2,
                    "Hash Buckets": 2097152,
                    "Original Hash Buckets": 2097152,
                    "Hash Batches": 1,
                    "Original Hash Batches": 1,
                    "Peak Memory Usage": 69152,
                    "Plans": [
                      {
                        "Node Type": "Seq Scan",
                        "Parent Relationship": "Outer",
                        "Parallel Aware": true,
                        "Relation Name": "title",
                        "Alias": "t",
                        "Startup Cost": 0.0,
                        "Total Cost": 54588.39,
                        "Plan Rows": 785966,
                        "Plan Width": 4,
                        "Actual Startup Time": 0.034,
                        "Actual Total Time": 166.364,
                        "Actual Rows": 674146,
                        "Actual Loops": 2,
                        "Filter": "(production_year < 2005)",
                        "Rows Removed by Filter": 590010
                      }
                    ]
                  }
                ]
              }
            ]
          }
        ]
      }
    ]
  },
  "Planning Time": 0.691,
  "Triggers": [],
  "Execution Time": 850.908
}