{
  "Plan": {
    "Node Type": "Aggregate",
    "Strategy": "Plain",
    "Partial Mode": "Simple",
    "Parallel Aware": false,
    "Startup Cost": 24192.32,
    "Total Cost": 24192.33,
    "Plan Rows": 1,
    "Plan Width": 192,
    "Actual Startup Time": 23.729,
    "Actual Total Time": 23.734,
    "Actual Rows": 1,
    "Actual Loops": 1,
    "Plans": [
      {
        "Node Type": "Nested Loop",
        "Parent Relationship": "Outer",
        "Parallel Aware": false,
        "Join Type": "Inner",
        "Startup Cost": 41.18,
        "Total Cost": 24192.3,
        "Plan Rows": 1,
        "Plan Width": 84,
        "Actual Startup Time": 2.441,
        "Actual Total Time": 23.641,
        "Actual Rows": 114,
        "Actual Loops": 1,
        "Inner Unique": true,
        "Plans": [
          {
            "Node Type": "Nested Loop",
            "Parent Relationship": "Outer",
            "Parallel Aware": false,
            "Join Type": "Inner",
            "Startup Cost": 40.76,
            "Total Cost": 24191.86,
            "Plan Rows": 1,
            "Plan Width": 69,
            "Actual Startup Time": 2.433,
            "Actual Total Time": 23.235,
            "Actual Rows": 114,
            "Actual Loops": 1,
            "Inner Unique": true,
            "Plans": [
              {
                "Node Type": "Nested Loop",
                "Parent Relationship": "Outer",
                "Parallel Aware": false,
                "Join Type": "Inner",
                "Startup Cost": 40.34,
                "Total Cost": 24191.41,
                "Plan Rows": 1,
                "Plan Width": 54,
                "Actual Startup Time": 2.418,
                "Actual Total Time": 22.667,
                "Actual Rows": 131,
                "Actual Loops": 1,
                "Inner Unique": false,
                "Plans": [
                  {
                    "Node Type": "Nested Loop",
                    "Parent Relationship": "Outer",
                    "Parallel Aware": false,
                    "Join Type": "Inner",
                    "Startup Cost": 39.91,
                    "Total Cost": 24190.8,
                    "Plan Rows": 1,
                    "Plan Width": 62,
                    "Actual Startup Time": 2.406,
                    "Actual Total Time": 22.357,
                    "Actual Rows": 44,
                    "Actual Loops": 1,
                    "Inner Unique": false,
                    "Plans": [
                      {
                        "Node Type": "Nested Loop",
                        "Parent Relationship": "Outer",
                        "Parallel Aware": false,
                        "Join Type": "Inner",
                        "Startup Cost": 39.48,
                        "Total Cost": 24190.12,
                        "Plan Rows": 1,
                        "Plan Width": 70,
                        "Actual Startup Time": 2.39,
                        "Actual Total Time": 22.121,
                        "Actual Rows": 19,
                        "Actual Loops": 1,
                        "Inner Unique": true,
                        "Plans": [
                          {
                            "Node Type": "Nested Loop",
                            "Parent Relationship": "Outer",
                            "Parallel Aware": false,
                            "Join Type": "Inner",
                            "Startup Cost": 39.33,
                            "Total Cost": 24189.94,
                            "Plan Rows": 1,
                            "Plan Width": 74,
                            "Actual Startup Time": 2.369,
                            "Actual Total Time": 21.974,
                            "Actual Rows": 57,
                            "Actual Loops": 1,
                            "Inner Unique": false,
                            "Plans": [
                              {
                                "Node Type": "Nested Loop",
                                "Parent Relationship": "Outer",
                                "Parallel Aware": false,
                                "Join Type": "Inner",
                                "Startup Cost": 38.91,
                                "Total Cost": 24189.41,
                                "Plan Rows": 1,
                                "Plan Width": 60,
                                "Actual Startup Time": 2.359,
                                "Actual Total Time": 21.827,
                                "Actual Rows": 21,
                                "Actual Loops": 1,
                                "Inner Unique": true,
                                "Plans": [
                                  {
                                    "Node Type": "Nested Loop",
                                    "Parent Relationship": "Outer",
                                    "Parallel Aware": false,
                                    "Join Type": "Inner",
                                    "Startup Cost": 38.77,
                                    "Total Cost": 24189.24,
                                    "Plan Rows": 1,
                                    "Plan Width": 64,
                                    "Actual Startup Time": 2.35,
                                    "Actual Total Time": 21.752,
                                    "Actual Rows": 21,
                                    "Actual Loops": 1,
                                    "Inner Unique": true,
                                    "Plans": [
                                      {
                                        "Node Type": "Nested Loop",
                                        "Parent Relationship": "Outer",
                                        "Parallel Aware": false,
                                        "Join Type": "Inner",
                                        "Startup Cost": 38.34,
                                        "Total Cost": 24184.77,
                                        "Plan Rows": 1,
                                        "Plan Width": 39,
                                        "Actual Startup Time": 2.336,
                                        "Actual Total Time": 21.626,
                                        "Actual Rows": 21,
                                        "Actual Loops": 1,
                                        "Inner Unique": false,
                                        "Join Filter": "(mi_idx2.info_type_id = it2.id)",
                                        "Rows Removed by Join Filter": 1067,
                                        "Plans": [
                                          {
                                            "Node Type": "Seq Scan",
                                            "Parent Relationship": "Outer",
                                            "Parallel Aware": false,
                                            "Relation Name": "info_type",
                                            "Alias": "it2",
                                            "Startup Cost": 0.0,
                                            "Total Cost": 2.41,
                                            "Plan Rows": 1,
                                            "Plan Width": 4,
                                            "Actual Startup Time": 0.046,
                                            "Actual Total Time": 0.048,
                                            "Actual Rows": 1,
                                            "Actual Loops": 1,
                                            "Filter": "((info)::text = 'rating'::text COLLATE \"C\")",
                                            "Rows Removed by Filter": 112
                                          },
                                          {
                                            "Node Type": "Nested Loop",
                                            "Parent Relationship": "Inner",
                                            "Parallel Aware": false,
                                            "Join Type": "Inner",
                                            "Startup Cost": 38.34,
                                            "Total Cost": 24180.35,
                                            "Plan Rows": 161,
                                            "Plan Width": 43,
                                            "Actual Startup Time": 0.364,
                                            "Actual Total Time": 21.401,
                                            "Actual Rows": 1088,
                                            "Actual Loops": 1,
                                            "Inner Unique": true,
                                            "Join Filter": "(t2.kind_id = kt2.id)",
                                            "Rows Removed by Join Filter": 1080,
                                            "Plans": [
                                              {
                                                "Node Type": "Nested Loop",
                                                "Parent Relationship": "Outer",
                                                "Parallel Aware": false,
                                                "Join Type": "Inner",
                                                "Startup Cost": 38.34,
                                                "Total Cost": 24163.11,
                                                "Plan Rows": 565,
                                                "Plan Width": 47,
                                                "Actual Startup Time": 0.248,
                                                "Actual Total Time": 20.297,
                                                "Actual Rows": 1271,
                                                "Actual Loops": 1,
                                                "Inner Unique": false,
                                                "Plans": [
                                                  {
                                                    "Node Type": "Nested Loop",
                                                    "Parent Relationship": "Outer",
                                                    "Parallel Aware": false,
                                                    "Join Type": "Inner",
                                                    "Startup Cost": 37.92,
                                                    "Total Cost": 22995.91,
                                                    "Plan Rows": 2079,
                                                    "Plan Width": 33,
                                                    "Actual Startup Time": 0.227,
                                                    "Actual Total Time": 14.437,
                                                    "Actual Rows": 946,
                                                    "Actual Loops": 1,
                                                    "Inner Unique": true,
                                                    "Plans": [
                                                      {
                                                        "Node Type": "Nested Loop",
                                                        "Parent Relationship": "Outer",
                                                        "Parallel Aware": false,
                                                        "Join Type": "Inner",
                                                        "Startup Cost": 37.49,
                                                        "Total Cost": 612.73,
                                                        "Plan Rows": 5000,
                                                        "Plan Width": 8,
                                                        "Actual Startup Time": 0.203,
                                                        "Actual Total Time": 1.972,
                                                        "Actual Rows": 2315,
                                                        "Actual Loops": 1,
                                                        "Inner Unique": false,
                                                        "Plans": [
                                                          {
                                                            "Node Type": "Seq Scan",
                                                            "Parent Relationship": "Outer",
                                                            "Parallel Aware": false,
                                                            "Relation Name": "link_type",
                                                            "Alias": "lt",
                                                            "Startup Cost": 0.0,
                                                            "Total Cost": 1.25,
                                                            "Plan Rows": 3,
                                                            "Plan Width": 4,
                                                            "Actual Startup Time": 0.014,
                                                            "Actual Total Time": 0.021,
                                                            "Actual Rows": 2,
                                                            "Actual Loops": 1,
                                                            "Filter": "((link)::text = ANY ('{sequel,follows,\"followed by\"}'::text[]))",
                                                            "Rows Removed by Filter": 16
                                                          },
                                                          {
                                                            "Node Type": "Bitmap Heap Scan",
                                                            "Parent Relationship": "Inner",
                                                            "Parallel Aware": false,
                                                            "Relation Name": "movie_link",
                                                            "Alias": "ml",
                                                            "Startup Cost": 37.49,
                                                            "Total Cost": 185.08,
                                                            "Plan Rows": 1875,
                                                            "Plan Width": 12,
                                                            "Actual Startup Time": 0.145,
                                                            "Actual Total Time": 0.645,
                                                            "Actual Rows": 1158,
                                                            "Actual Loops": 2,
                                                            "Recheck Cond": "(link_type_id = lt.id)",
                                                            "Rows Removed by Index Recheck": 0,
                                                            "Exact Heap Blocks": 191,
                                                            "Lossy Heap Blocks": 0,
                                                            "Plans": [
                                                              {
                                                                "Node Type": "Bitmap Index Scan",
                                                                "Parent Relationship": "Outer",
                                                                "Parallel Aware": false,
                                                                "Index Name": "link_type_id_movie_link",
                                                                "Startup Cost": 0.0,
                                                                "Total Cost": 37.02,
                                                                "Plan Rows": 1875,
                                                                "Plan Width": 0,
                                                                "Actual Startup Time": 0.112,
                                                                "Actual Total Time": 0.112,
                                                                "Actual Rows": 1158,
                                                                "Actual Loops": 2,
                                                                "Index Cond": "(link_type_id = lt.id)"
                                                              }
                                                            ]
                                                          }
                                                        ]
                                                      },
                                                      {
                                                        "Node Type": "Index Scan",
                                                        "Parent Relationship": "Inner",
                                                        "Parallel Aware": false,
                                                        "Scan Direction": "Forward",
                                                        "Index Name": "title_pkey",
                                                        "Relation Name": "title",
                                                        "Alias": "t2",
                                                        "Startup Cost": 0.43,
                                                        "Total Cost": 4.48,
                                                        "Plan Rows": 1,
                                                        "Plan Width": 25,
                                                        "Actual Startup Time": 0.005,
                                                        "Actual Total Time": 0.005,
                                                        "Actual Rows": 0,
                                                        "Actual Loops": 2315,
                                                        "Index Cond": "(id = ml.linked_movie_id)",
                                                        "Rows Removed by Index Recheck": 0,
                                                        "Filter": "((production_year >= 2000) AND (production_year <= 2010))",
                                                        "Rows Removed by Filter": 1
                                                      }
                                                    ]
                                                  },
                                                  {
                                                    "Node Type": "Index Scan",
                                                    "Parent Relationship": "Inner",
                                                    "Parallel Aware": false,
                                                    "Scan Direction": "Forward",
                                                    "Index Name": "movie_id_movie_info_idx",
                                                    "Relation Name": "movie_info_idx",
                                                    "Alias": "mi_idx2",
                                                    "Startup Cost": 0.43,
                                                    "Total Cost": 0.54,
                                                    "Plan Rows": 2,
                                                    "Plan Width": 14,
                                                    "Actual Startup Time": 0.004,
                                                    "Actual Total Time": 0.005,
                                                    "Actual Rows": 1,
                                                    "Actual Loops": 946,
                                                    "Index Cond": "(movie_id = t2.id)",
                                                    "Rows Removed by Index Recheck": 0,
                                                    "Filter": "(info < '3.5'::text)",
                                                    "Rows Removed by Filter": 1
                                                  }
                                                ]
                                              },
                                              {
                                                "Node Type": "Materialize",
                                                "Parent Relationship": "Inner",
                                                "Parallel Aware": false,
                                                "Startup Cost": 0.0,
                                                "Total Cost": 1.1,
                                                "Plan Rows": 2,
                                                "Plan Width": 4,
                                                "Actual Startup Time": 0.0,
                                                "Actual Total Time": 0.0,
                                                "Actual Rows": 2,
                                                "Actual Loops": 1271,
                                                "Plans": [
                                                  {
                                                    "Node Type": "Seq Scan",
                                                    "Parent Relationship": "Outer",
                                                    "Parallel Aware": false,
                                                    "Relation Name": "kind_type",
                                                    "Alias": "kt2",
                                                    "Startup Cost": 0.0,
                                                    "Total Cost": 1.09,
                                                    "Plan Rows": 2,
                                                    "Plan Width": 4,
                                                    "Actual Startup Time": 0.058,
                                                    "Actual Total Time": 0.061,
                                                    "Actual Rows": 2,
                                                    "Actual Loops": 1,
                                                    "Filter": "((kind)::text = ANY ('{\"tv series\",episode}'::text[]))",
                                                    "Rows Removed by Filter": 5
                                                  }
                                                ]
                                              }
                                            ]
                                          }
                                        ]
                                      },
                                      {
                                        "Node Type": "Index Scan",
                                        "Parent Relationship": "Inner",
                                        "Parallel Aware": false,
                                        "Scan Direction": "Forward",
                                        "Index Name": "title_pkey",
                                        "Relation Name": "title",
                                        "Alias": "t1",
                                        "Startup Cost": 0.43,
                                        "Total Cost": 4.47,
                                        "Plan Rows": 1,
                                        "Plan Width": 25,
                                        "Actual Startup Time": 0.005,
                                        "Actual Total Time": 0.005,
                                        "Actual Rows": 1,
                                        "Actual Loops": 21,
                                        "Index Cond": "(id = ml.movie_id)",
                                        "Rows Removed by Index Recheck": 0
                                      }
                                    ]
                                  },
                                  {
                                    "Node Type": "Index Scan",
                                    "Parent Relationship": "Inner",
                                    "Parallel Aware": false,
                                    "Scan Direction": "Forward",
                                    "Index Name": "kind_type_pkey",
                                    "Relation Name": "kind_type",
                                    "Alias": "kt1",
                                    "Startup Cost": 0.13,
                                    "Total Cost": 0.15,
                                    "Plan Rows": 1,
                                    "Plan Width": 4,
                                    "Actual Startup Time": 0.002,
                                    "Actual Total Time": 0.002,
                                    "Actual Rows": 1,
                                    "Actual Loops": 21,
                                    "Index Cond": "(id = t1.kind_id)",
                                    "Rows Removed by Index Recheck": 0,
                                    "Filter": "((kind)::text = ANY ('{\"tv series\",episode}'::text[]))",
                                    "Rows Removed by Filter": 0
                                  }
                                ]
                              },
                              {
                                "Node Type": "Index Scan",
                                "Parent Relationship": "Inner",
                                "Parallel Aware": false,
                                "Scan Direction": "Forward",
                                "Index Name": "movie_id_movie_info_idx",
                                "Relation Name": "movie_info_idx",
                                "Alias": "mi_idx1",
                                "Startup Cost": 0.43,
                                "Total Cost": 0.5,
                                "Plan Rows": 3,
                                "Plan Width": 14,
                                "Actual Startup Time": 0.004,
                                "Actual Total Time": 0.005,
                                "Actual Rows": 3,
                                "Actual Loops": 21,
                                "Index Cond": "(movie_id = t1.id)",
                                "Rows Removed by Index Recheck": 0
                              }
                            ]
                          },
                          {
                            "Node Type": "Index Scan",
                            "Parent Relationship": "Inner",
                            "Parallel Aware": false,
                            "Scan Direction": "Forward",
                            "Index Name": "info_type_pkey",
                            "Relation Name": "info_type",
                            "Alias": "it1",
                            "Startup Cost": 0.14,
                            "Total Cost": 0.16,
                            "Plan Rows": 1,
                            "Plan Width": 4,
                            "Actual Startup Time": 0.002,
                            "Actual Total Time": 0.002,
                            "Actual Rows": 0,
                            "Actual Loops": 57,
                            "Index Cond": "(id = mi_idx1.info_type_id)",
                            "Rows Removed by Index Recheck": 0,
                            "Filter": "((info)::text = 'rating'::text COLLATE \"C\")",
                            "Rows Removed by Filter": 1
                          }
                        ]
                      },
                      {
                        "Node Type": "Index Scan",
                        "Parent Relationship": "Inner",
                        "Parallel Aware": false,
                        "Scan Direction": "Forward",
                        "Index Name": "movie_id_movie_companies",
                        "Relation Name": "movie_companies",
                        "Alias": "mc2",
                        "Startup Cost": 0.43,
                        "Total Cost": 0.63,
                        "Plan Rows": 5,
                        "Plan Width": 8,
                        "Actual Startup Time": 0.009,
                        "Actual Total Time": 0.011,
                        "Actual Rows": 2,
                        "Actual Loops": 19,
                        "Index Cond": "(movie_id = t2.id)",
                        "Rows Removed by Index Recheck": 0
                      }
                    ]
                  },
                  {
                    "Node Type": "Index Scan",
                    "Parent Relationship": "Inner",
                    "Parallel Aware": false,
                    "Scan Direction": "Forward",
                    "Index Name": "movie_id_movie_companies",
                    "Relation Name": "movie_companies",
                    "Alias": "mc1",
                    "Startup Cost": 0.43,
                    "Total Cost": 0.56,
                    "Plan Rows": 5,
                    "Plan Width": 8,
                    "Actual Startup Time": 0.004,
                    "Actual Total Time": 0.006,
                    "Actual Rows": 3,
                    "Actual Loops": 44,
                    "Index Cond": "(movie_id = t1.id)",
                    "Rows Removed by Index Recheck": 0
                  }
                ]
              },
              {
                "Node Type": "Index Scan",
                "Parent Relationship": "Inner",
                "Parallel Aware": false,
                "Scan Direction": "Forward",
                "Index Name": "company_name_pkey",
                "Relation Name": "company_name",
                "Alias": "cn1",
                "Startup Cost": 0.42,
                "Total Cost": 0.45,
                "Plan Rows": 1,
                "Plan Width": 23,
                "Actual Startup Time": 0.004,
                "Actual Total Time": 0.004,
                "Actual Rows": 1,
                "Actual Loops": 131,
                "Index Cond": "(id = mc1.company_id)",
                "Rows Removed by Index Recheck": 0,
                "Filter": "((country_code)::text <> '[us]'::text)",
                "Rows Removed by Filter": 0
              }
            ]
          },
          {
            "Node Type": "Index Scan",
            "Parent Relationship": "Inner",
            "Parallel Aware": false,
            "Scan Direction": "Forward",
            "Index Name": "company_name_pkey",
            "Relation Name": "company_name",
            "Alias": "cn2",
            "Startup Cost": 0.42,
            "Total Cost": 0.44,
            "Plan Rows": 1,
            "Plan Width": 23,
            "Actual Startup Time": 0.003,
            "Actual Total Time": 0.003,
            "Actual Rows": 1,
            "Actual Loops": 114,
            "Index Cond": "(id = mc2.company_id)",
            "Rows Removed by Index Recheck": 0
          }
        ]
      }
    ]
  },
  "Planning Time": 2.636,
  "Triggers": [],
  "Execution Time": 23.946
}