[
  {
    "Plan": {
      "Node Type": "Aggregate",
      "Strategy": "Plain",
      "Partial Mode": "Finalize",
      "Parallel Aware": false,
      "Startup Cost": 339490.59,
      "Total Cost": 339490.6,
      "Plan Rows": 1,
      "Plan Width": 8,
      "Actual Startup Time": 848.242,
      "Actual Total Time": 909.492,
      "Actual Rows": 1,
      "Actual Loops": 1,
      "Plans": [
        {
          "Node Type": "Gather",
          "Parent Relationship": "Outer",
          "Parallel Aware": false,
          "Startup Cost": 339489.96,
          "Total Cost": 339490.57,
          "Plan Rows": 6,
          "Plan Width": 8,
          "Actual Startup Time": 848.127,
          "Actual Total Time": 909.483,
          "Actual Rows": 7,
          "Actual Loops": 1,
          "Workers Planned": 6,
          "Workers Launched": 6,
          "Single Copy": false,
          "Plans": [
            {
              "Node Type": "Aggregate",
              "Strategy": "Plain",
              "Partial Mode": "Partial",
              "Parent Relationship": "Outer",
              "Parallel Aware": false,
              "Startup Cost": 338489.96,
              "Total Cost": 338489.97,
              "Plan Rows": 1,
              "Plan Width": 8,
              "Actual Startup Time": 838.133,
              "Actual Total Time": 838.135,
              "Actual Rows": 1,
              "Actual Loops": 7,
              "Plans": [
                {
                  "Node Type": "Seq Scan",
                  "Parent Relationship": "Outer",
                  "Parallel Aware": true,
                  "Relation Name": "cast_info",
                  "Alias": "ci",
                  "Startup Cost": 0.0,
                  "Total Cost": 328162.03,
                  "Plan Rows": 4131175,
                  "Plan Width": 0,
                  "Actual Startup Time": 0.052,
                  "Actual Total Time": 666.719,
                  "Actual Rows": 3553902,
                  "Actual Loops": 7,
                  "Filter": "(person_id < 2562579)",
                  "Rows Removed by Filter": 1623861
                }
              ]
            }
          ]
        }
      ]
    },
    "Planning Time": 0.143,
    "Triggers": [],
    "Execution Time": 909.551
  }
]