[
  {
    "Plan": {
      "Node Type": "Aggregate",
      "Strategy": "Plain",
      "Partial Mode": "Finalize",
      "Parallel Aware": false,
      "Startup Cost": 32830.92,
      "Total Cost": 32830.93,
      "Plan Rows": 1,
      "Plan Width": 8,
      "Actual Startup Time": 85.904,
      "Actual Total Time": 93.694,
      "Actual Rows": 1,
      "Actual Loops": 1,
      "Plans": [
        {
          "Node Type": "Gather",
          "Parent Relationship": "Outer",
          "Parallel Aware": false,
          "Startup Cost": 32830.6,
          "Total Cost": 32830.91,
          "Plan Rows": 3,
          "Plan Width": 8,
          "Actual Startup Time": 85.742,
          "Actual Total Time": 93.686,
          "Actual Rows": 4,
          "Actual Loops": 1,
          "Workers Planned": 3,
          "Workers Launched": 3,
          "Single Copy": false,
          "Plans": [
            {
              "Node Type": "Aggregate",
              "Strategy": "Plain",
              "Partial Mode": "Partial",
              "Parent Relationship": "Outer",
              "Parallel Aware": false,
              "Startup Cost": 31830.6,
              "Total Cost": 31830.61,
              "Plan Rows": 1,
              "Plan Width": 8,
              "Actual Startup Time": 77.322,
              "Actual Total Time": 77.323,
              "Actual Rows": 1,
              "Actual Loops": 4,
              "Plans": [
                {
                  "Node Type": "Seq Scan",
                  "Parent Relationship": "Outer",
                  "Parallel Aware": true,
                  "Relation Name": "movie_companies",
                  "Alias": "mc",
                  "Startup Cost": 0.0,
                  "Total Cost": 31414.82,
                  "Plan Rows": 166313,
                  "Plan Width": 0,
                  "Actual Startup Time": 17.562,
                  "Actual Total Time": 74.309,
                  "Actual Rows": 53291,
                  "Actual Loops": 4,
                  "Filter": "((company_id > 15033) AND (company_type_id = 1))",
                  "Rows Removed by Filter": 598992
                }
              ]
            }
          ]
        }
      ]
    },
    "Planning Time": 0.078,
    "Triggers": [],
    "Execution Time": 93.721
  }
]