[
  {
    "Plan": {
      "Node Type": "Aggregate",
      "Strategy": "Plain",
      "Partial Mode": "Finalize",
      "Parallel Aware": false,
      "Startup Cost": 330541.3,
      "Total Cost": 330541.31,
      "Plan Rows": 1,
      "Plan Width": 8,
      "Actual Startup Time": 270.723,
      "Actual Total Time": 281.159,
      "Actual Rows": 1,
      "Actual Loops": 1,
      "Plans": [
        {
          "Node Type": "Gather",
          "Parent Relationship": "Outer",
          "Parallel Aware": false,
          "Startup Cost": 330540.67,
          "Total Cost": 330541.28,
          "Plan Rows": 6,
          "Plan Width": 8,
          "Actual Startup Time": 269.755,
          "Actual Total Time": 281.151,
          "Actual Rows": 7,
          "Actual Loops": 1,
          "Workers Planned": 6,
          "Workers Launched": 6,
          "Single Copy": false,
          "Plans": [
            {
              "Node Type": "Aggregate",
              "Strategy": "Plain",
              "Partial Mode": "Partial",
              "Parent Relationship": "Outer",
              "Parallel Aware": false,
              "Startup Cost": 329540.67,
              "Total Cost": 329540.68,
              "Plan Rows": 1,
              "Plan Width": 8,
              "Actual Startup Time": 261.526,
              "Actual Total Time": 261.527,
              "Actual Rows": 1,
              "Actual Loops": 7,
              "Plans": [
                {
                  "Node Type": "Bitmap Heap Scan",
                  "Parent Relationship": "Outer",
                  "Parallel Aware": true,
                  "Relation Name": "cast_info",
                  "Alias": "ci",
                  "Startup Cost": 68584.08,
                  "Total Cost": 329091.81,
                  "Plan Rows": 179547,
                  "Plan Width": 0,
                  "Actual Startup Time": 128.528,
                  "Actual Total Time": 244.791,
                  "Actual Rows": 329393,
                  "Actual Loops": 7,
                  "Recheck Cond": "(person_id < 309749)",
                  "Rows Removed by Index Recheck": 0,
                  "Filter": "(role_id = 1)",
                  "Rows Removed by Filter": 127998,
                  "Exact Heap Blocks": 7681,
                  "Lossy Heap Blocks": 0,
                  "Plans": [
                    {
                      "Node Type": "Bitmap Index Scan",
                      "Parent Relationship": "Outer",
                      "Parallel Aware": false,
                      "Index Name": "person_id_cast_info",
                      "Startup Cost": 0.0,
                      "Total Cost": 68314.76,
                      "Plan Rows": 3128292,
                      "Plan Width": 0,
                      "Actual Startup Time": 130.418,
                      "Actual Total Time": 130.418,
                      "Actual Rows": 3201737,
                      "Actual Loops": 1,
                      "Index Cond": "(person_id < 309749)"
                    }
                  ]
                }
              ]
            }
          ]
        }
      ]
    },
    "Planning Time": 0.189,
    "Triggers": [],
    "Execution Time": 281.235
  }
]