{
  "Plan": {
    "Node Type": "Aggregate",
    "Strategy": "Plain",
    "Partial Mode": "Finalize",
    "Parallel Aware": false,
    "Startup Cost": 501797.95,
    "Total Cost": 501797.96,
    "Plan Rows": 1,
    "Plan Width": 8,
    "Actual Startup Time": 5318.257,
    "Actual Total Time": 5352.224,
    "Actual Rows": 1,
    "Actual Loops": 1,
    "Plans": [
      {
        "Node Type": "Gather",
        "Parent Relationship": "Outer",
        "Parallel Aware": false,
        "Startup Cost": 501797.84,
        "Total Cost": 501797.95,
        "Plan Rows": 1,
        "Plan Width": 8,
        "Actual Startup Time": 5310.66,
        "Actual Total Time": 5352.217,
        "Actual Rows": 2,
        "Actual Loops": 1,
        "Workers Planned": 1,
        "Workers Launched": 1,
        "Single Copy": false,
        "Plans": [
          {
            "Node Type": "Aggregate",
            "Strategy": "Plain",
            "Partial Mode": "Partial",
            "Parent Relationship": "Outer",
            "Parallel Aware": false,
            "Startup Cost": 500797.84,
            "Total Cost": 500797.85,
            "Plan Rows": 1,
            "Plan Width": 8,
            "Actual Startup Time": 5297.087,
            "Actual Total Time": 5297.092,
            "Actual Rows": 1,
            "Actual Loops": 2,
            "Plans": [
              {
                "Node Type": "Hash Join",
                "Parent Relationship": "Outer",
                "Parallel Aware": true,
                "Join Type": "Inner",
                "Startup Cost": 405967.91,
                "Total Cost": 491713.6,
                "Plan Rows": 3633695,
                "Plan Width": 0,
                "Actual Startup Time": 2683.221,
                "Actual Total Time": 4489.915,
                "Actual Rows": 19504638,
                "Actual Loops": 2,
                "Inner Unique": false,
                "Hash Cond": "(mk.movie_id = t.id)",
                "Plans": [
                  {
                    "Node Type": "Seq Scan",
                    "Parent Relationship": "Outer",
                    "Parallel Aware": true,
                    "Relation Name": "movie_keyword",
                    "Alias": "mk",
                    "Startup Cost": 0.0,
                    "Total Cost": 51065.35,
                    "Plan Rows": 2661135,
                    "Plan Width": 4,
                    "Actual Startup Time": 0.012,
                    "Actual Total Time": 154.953,
                    "Actual Rows": 2261965,
                    "Actual Loops": 2
                  },
                  {
                    "Node Type": "Hash",
                    "Parent Relationship": "Inner",
                    "Parallel Aware": true,
                    "Startup Cost": 380583.33,
                    "Total Cost": 380583.33,
                    "Plan Rows": 2030766,
                    "Plan Width": 8,
                    "Actual Startup Time": 2661.716,
                    "Actual Total Time": 2661.72,
                    "Actual Rows": 1639026,
                    "Actual Loops": 2,
                    "Hash Buckets": 4194304,
                    "Original Hash Buckets": 4194304,
                    "Hash Batches": 1,
                    "Original Hash Batches": 1,
                    "Peak Memory Usage": 161024,
                    "Plans": [
                      {
                        "Node Type": "Hash Join",
                        "Parent Relationship": "Outer",
                        "Parallel Aware": true,
                        "Join Type": "Inner",
                        "Startup Cost": 61878.87,
                        "Total Cost": 380583.33,
                        "Plan Rows": 2030766,
                        "Plan Width": 8,
                        "Actual Startup Time": 260.384,
                        "Actual Total Time": 2147.139,
                        "Actual Rows": 1639026,
                        "Actual Loops": 2,
                        "Inner Unique": true,
                        "Hash Cond": "(ci.movie_id = t.id)",
                        "Plans": [
                          {
                            "Node Type": "Index Scan",
                            "Parent Relationship": "Outer",
                            "Parallel Aware": true,
                            "Scan Direction": "Forward",
                            "Index Name": "role_id_cast_info",
                            "Relation Name": "cast_info",
                            "Alias": "ci",
                            "Startup Cost": 0.56,
                            "Total Cost": 305110.75,
                            "Plan Rows": 5178765,
                            "Plan Width": 4,
                            "Actual Startup Time": 0.201,
                            "Actual Total Time": 719.514,
                            "Actual Rows": 3435770,
                            "Actual Loops": 2,
                            "Index Cond": "(role_id > 4)",
                            "Rows Removed by Index Recheck": 0,
                            "Filter": "(person_id < 3572593)",
                            "Rows Removed by Filter": 1256581
                          },
                          {
                            "Node Type": "Hash",
                            "Parent Relationship": "Inner",
                            "Parallel Aware": true,
                            "Startup Cost": 54588.39,
                            "Total Cost": 54588.39,
                            "Plan Rows": 583193,
                            "Plan Width": 4,
                            "Actual Startup Time": 257.186,
                            "Actual Total Time": 257.187,
                            "Actual Rows": 492524,
                            "Actual Loops": 2,
                            "Hash Buckets": 1048576,
                            "Original Hash Buckets": 1048576,
                            "Hash Batches": 1,
                            "Original Hash Batches": 1,
                            "Peak Memory Usage": 46752,
                            "Plans": [
                              {
                                "Node Type": "Seq Scan",
                                "Parent Relationship": "Outer",
                                "Parallel Aware": true,
                                "Relation Name": "title",
                                "Alias": "t",
                                "Startup Cost": 0.0,
                                "Total Cost": 54588.39,
                                "Plan Rows": 583193,
                                "Plan Width": 4,
                                "Actual Startup Time": 0.044,
                                "Actual Total Time": 147.286,
                                "Actual Rows": 492524,
                                "Actual Loops": 2,
                                "Filter": "(kind_id < 7)",
                                "Rows Removed by Filter": 771632
                              }
                            ]
                          }
                        ]
                      }
                    ]
                  }
                ]
              }
            ]
          }
        ]
      }
    ]
  },
  "Planning Time": 1.061,
  "Triggers": [],
  "Execution Time": 5352.312
}