[
  {
    "Plan": {
      "Node Type": "Aggregate",
      "Strategy": "Plain",
      "Partial Mode": "Finalize",
      "Parallel Aware": false,
      "Startup Cost": 338775.48,
      "Total Cost": 338775.49,
      "Plan Rows": 1,
      "Plan Width": 8,
      "Actual Startup Time": 721.514,
      "Actual Total Time": 762.885,
      "Actual Rows": 1,
      "Actual Loops": 1,
      "Plans": [
        {
          "Node Type": "Gather",
          "Parent Relationship": "Outer",
          "Parallel Aware": false,
          "Startup Cost": 338774.86,
          "Total Cost": 338775.47,
          "Plan Rows": 6,
          "Plan Width": 8,
          "Actual Startup Time": 721.417,
          "Actual Total Time": 762.878,
          "Actual Rows": 7,
          "Actual Loops": 1,
          "Workers Planned": 6,
          "Workers Launched": 6,
          "Single Copy": false,
          "Plans": [
            {
              "Node Type": "Aggregate",
              "Strategy": "Plain",
              "Partial Mode": "Partial",
              "Parent Relationship": "Outer",
              "Parallel Aware": false,
              "Startup Cost": 337774.86,
              "Total Cost": 337774.87,
              "Plan Rows": 1,
              "Plan Width": 8,
              "Actual Startup Time": 715.282,
              "Actual Total Time": 715.283,
              "Actual Rows": 1,
              "Actual Loops": 7,
              "Plans": [
                {
                  "Node Type": "Seq Scan",
                  "Parent Relationship": "Outer",
                  "Parallel Aware": true,
                  "Relation Name": "cast_info",
                  "Alias": "ci",
                  "Startup Cost": 0.0,
                  "Total Cost": 328213.62,
                  "Plan Rows": 3824497,
                  "Plan Width": 0,
                  "Actual Startup Time": 0.035,
                  "Actual Total Time": 564.272,
                  "Actual Rows": 3261433,
                  "Actual Loops": 7,
                  "Filter": "(person_id < 2331273)",
                  "Rows Removed by Filter": 1916331
                }
              ]
            }
          ]
        }
      ]
    },
    "Planning Time": 0.076,
    "Triggers": [],
    "Execution Time": 762.917
  }
]