[
  {
    "Plan": {
      "Node Type": "Aggregate",
      "Strategy": "Plain",
      "Partial Mode": "Finalize",
      "Parallel Aware": false,
      "Startup Cost": 338657.01,
      "Total Cost": 338657.02,
      "Plan Rows": 1,
      "Plan Width": 8,
      "Actual Startup Time": 803.907,
      "Actual Total Time": 861.668,
      "Actual Rows": 1,
      "Actual Loops": 1,
      "Plans": [
        {
          "Node Type": "Gather",
          "Parent Relationship": "Outer",
          "Parallel Aware": false,
          "Startup Cost": 338656.38,
          "Total Cost": 338656.99,
          "Plan Rows": 6,
          "Plan Width": 8,
          "Actual Startup Time": 803.617,
          "Actual Total Time": 861.655,
          "Actual Rows": 7,
          "Actual Loops": 1,
          "Workers Planned": 6,
          "Workers Launched": 6,
          "Single Copy": false,
          "Plans": [
            {
              "Node Type": "Aggregate",
              "Strategy": "Plain",
              "Partial Mode": "Partial",
              "Parent Relationship": "Outer",
              "Parallel Aware": false,
              "Startup Cost": 337656.38,
              "Total Cost": 337656.39,
              "Plan Rows": 1,
              "Plan Width": 8,
              "Actual Startup Time": 796.155,
              "Actual Total Time": 796.157,
              "Actual Rows": 1,
              "Actual Loops": 7,
              "Plans": [
                {
                  "Node Type": "Seq Scan",
                  "Parent Relationship": "Outer",
                  "Parallel Aware": true,
                  "Relation Name": "cast_info",
                  "Alias": "ci",
                  "Startup Cost": 0.0,
                  "Total Cost": 328162.03,
                  "Plan Rows": 3797742,
                  "Plan Width": 0,
                  "Actual Startup Time": 0.04,
                  "Actual Total Time": 638.888,
                  "Actual Rows": 3261433,
                  "Actual Loops": 7,
                  "Filter": "(person_id < 2331273)",
                  "Rows Removed by Filter": 1916331
                }
              ]
            }
          ]
        }
      ]
    },
    "Planning Time": 0.16,
    "Triggers": [],
    "Execution Time": 861.732
  }
]