[
  {
    "Plan": {
      "Node Type": "Aggregate",
      "Strategy": "Plain",
      "Partial Mode": "Finalize",
      "Parallel Aware": false,
      "Startup Cost": 327195.76,
      "Total Cost": 327195.77,
      "Plan Rows": 1,
      "Plan Width": 8,
      "Actual Startup Time": 192.894,
      "Actual Total Time": 206.507,
      "Actual Rows": 1,
      "Actual Loops": 1,
      "Plans": [
        {
          "Node Type": "Gather",
          "Parent Relationship": "Outer",
          "Parallel Aware": false,
          "Startup Cost": 327195.24,
          "Total Cost": 327195.75,
          "Plan Rows": 5,
          "Plan Width": 8,
          "Actual Startup Time": 187.214,
          "Actual Total Time": 206.497,
          "Actual Rows": 6,
          "Actual Loops": 1,
          "Workers Planned": 5,
          "Workers Launched": 5,
          "Single Copy": false,
          "Plans": [
            {
              "Node Type": "Aggregate",
              "Strategy": "Plain",
              "Partial Mode": "Partial",
              "Parent Relationship": "Outer",
              "Parallel Aware": false,
              "Startup Cost": 326195.24,
              "Total Cost": 326195.25,
              "Plan Rows": 1,
              "Plan Width": 8,
              "Actual Startup Time": 178.004,
              "Actual Total Time": 178.008,
              "Actual Rows": 1,
              "Actual Loops": 6,
              "Plans": [
                {
                  "Node Type": "Nested Loop",
                  "Parent Relationship": "Outer",
                  "Parallel Aware": false,
                  "Join Type": "Inner",
                  "Startup Cost": 55097.45,
                  "Total Cost": 326185.74,
                  "Plan Rows": 3798,
                  "Plan Width": 0,
                  "Actual Startup Time": 155.699,
                  "Actual Total Time": 177.829,
                  "Actual Rows": 2585,
                  "Actual Loops": 6,
                  "Inner Unique": false,
                  "Plans": [
                    {
                      "Node Type": "Hash Join",
                      "Parent Relationship": "Outer",
                      "Parallel Aware": true,
                      "Join Type": "Inner",
                      "Startup Cost": 55097.02,
                      "Total Cost": 321923.88,
                      "Plan Rows": 6958,
                      "Plan Width": 8,
                      "Actual Startup Time": 155.29,
                      "Actual Total Time": 168.22,
                      "Actual Rows": 2553,
                      "Actual Loops": 6,
                      "Inner Unique": true,
                      "Hash Cond": "(ci.movie_id = t.id)",
                      "Plans": [
                        {
                          "Node Type": "Bitmap Heap Scan",
                          "Parent Relationship": "Outer",
                          "Parallel Aware": true,
                          "Relation Name": "cast_info",
                          "Alias": "ci",
                          "Startup Cost": 7888.99,
                          "Total Cost": 274632.35,
                          "Plan Rows": 31806,
                          "Plan Width": 4,
                          "Actual Startup Time": 29.976,
                          "Actual Total Time": 36.364,
                          "Actual Rows": 16519,
                          "Actual Loops": 6,
                          "Recheck Cond": "(person_id < 43836)",
                          "Rows Removed by Index Recheck": 0,
                          "Filter": "(role_id > 2)",
                          "Rows Removed by Filter": 47470,
                          "Exact Heap Blocks": 1248,
                          "Lossy Heap Blocks": 0,
                          "Plans": [
                            {
                              "Node Type": "Bitmap Index Scan",
                              "Parent Relationship": "Outer",
                              "Parallel Aware": false,
                              "Index Name": "person_id_cast_info",
                              "Startup Cost": 0.0,
                              "Total Cost": 7849.23,
                              "Plan Rows": 359555,
                              "Plan Width": 0,
                              "Actual Startup Time": 18.965,
                              "Actual Total Time": 18.965,
                              "Actual Rows": 383938,
                              "Actual Loops": 1,
                              "Index Cond": "(person_id < 43836)"
                            }
                          ]
                        },
                        {
                          "Node Type": "Hash",
                          "Parent Relationship": "Inner",
                          "Parallel Aware": true,
                          "Startup Cost": 45479.59,
                          "Total Cost": 45479.59,
                          "Plan Rows": 138276,
                          "Plan Width": 4,
                          "Actual Startup Time": 121.405,
                          "Actual Total Time": 121.406,
                          "Actual Rows": 75706,
                          "Actual Loops": 6,
                          "Hash Buckets": 1048576,
                          "Original Hash Buckets": 1048576,
                          "Hash Batches": 1,
                          "Original Hash Batches": 1,
                          "Peak Memory Usage": 26080,
                          "Plans": [
                            {
                              "Node Type": "Seq Scan",
                              "Parent Relationship": "Outer",
                              "Parallel Aware": true,
                              "Relation Name": "title",
                              "Alias": "t",
                              "Startup Cost": 0.0,
                              "Total Cost": 45479.59,
                              "Plan Rows": 138276,
                              "Plan Width": 4,
                              "Actual Startup Time": 0.03,
                              "Actual Total Time": 81.741,
                              "Actual Rows": 75706,
                              "Actual Loops": 6,
                              "Filter": "((production_year < 1998) AND (kind_id = 7))",
                              "Rows Removed by Filter": 345680
                            }
                          ]
                        }
                      ]
                    },
                    {
                      "Node Type": "Index Only Scan",
                      "Parent Relationship": "Inner",
                      "Parallel Aware": false,
                      "Scan Direction": "Forward",
                      "Index Name": "movie_id_movie_info_idx",
                      "Relation Name": "movie_info_idx",
                      "Alias": "mi_idx",
                      "Startup Cost": 0.43,
                      "Total Cost": 0.58,
                      "Plan Rows": 3,
                      "Plan Width": 4,
                      "Actual Startup Time": 0.003,
                      "Actual Total Time": 0.003,
                      "Actual Rows": 1,
                      "Actual Loops": 15318,
                      "Index Cond": "(movie_id = t.id)",
                      "Rows Removed by Index Recheck": 0,
                      "Heap Fetches": 15510
                    }
                  ]
                }
              ]
            }
          ]
        }
      ]
    },
    "Planning Time": 1.448,
    "Triggers": [],
    "Execution Time": 206.619
  }
]