{
  "Plan": {
    "Node Type": "Aggregate",
    "Strategy": "Plain",
    "Partial Mode": "Finalize",
    "Parallel Aware": false,
    "Startup Cost": 610183.98,
    "Total Cost": 610183.99,
    "Plan Rows": 1,
    "Plan Width": 8,
    "Actual Startup Time": 2431.765,
    "Actual Total Time": 2492.173,
    "Actual Rows": 1,
    "Actual Loops": 1,
    "Plans": [
      {
        "Node Type": "Gather",
        "Parent Relationship": "Outer",
        "Parallel Aware": false,
        "Startup Cost": 610183.87,
        "Total Cost": 610183.98,
        "Plan Rows": 1,
        "Plan Width": 8,
        "Actual Startup Time": 2431.502,
        "Actual Total Time": 2492.165,
        "Actual Rows": 2,
        "Actual Loops": 1,
        "Workers Planned": 1,
        "Workers Launched": 1,
        "Single Copy": false,
        "Plans": [
          {
            "Node Type": "Aggregate",
            "Strategy": "Plain",
            "Partial Mode": "Partial",
            "Parent Relationship": "Outer",
            "Parallel Aware": false,
            "Startup Cost": 609183.87,
            "Total Cost": 609183.88,
            "Plan Rows": 1,
            "Plan Width": 8,
            "Actual Startup Time": 2425.383,
            "Actual Total Time": 2425.387,
            "Actual Rows": 1,
            "Actual Loops": 2,
            "Plans": [
              {
                "Node Type": "Hash Join",
                "Parent Relationship": "Outer",
                "Parallel Aware": true,
                "Join Type": "Inner",
                "Startup Cost": 53775.47,
                "Total Cost": 609000.49,
                "Plan Rows": 73349,
                "Plan Width": 0,
                "Actual Startup Time": 389.276,
                "Actual Total Time": 2421.784,
                "Actual Rows": 54072,
                "Actual Loops": 2,
                "Inner Unique": true,
                "Hash Cond": "(ci.movie_id = t.id)",
                "Plans": [
                  {
                    "Node Type": "Seq Scan",
                    "Parent Relationship": "Outer",
                    "Parallel Aware": true,
                    "Relation Name": "cast_info",
                    "Alias": "ci",
                    "Startup Cost": 0.0,
                    "Total Cost": 519069.44,
                    "Plan Rows": 13773532,
                    "Plan Width": 4,
                    "Actual Startup Time": 292.429,
                    "Actual Total Time": 1480.529,
                    "Actual Rows": 11713416,
                    "Actual Loops": 2,
                    "Filter": "(person_id > 1264577)",
                    "Rows Removed by Filter": 6408756
                  },
                  {
                    "Node Type": "Hash",
                    "Parent Relationship": "Inner",
                    "Parallel Aware": true,
                    "Startup Cost": 53676.47,
                    "Total Cost": 53676.47,
                    "Plan Rows": 7920,
                    "Plan Width": 4,
                    "Actual Startup Time": 95.774,
                    "Actual Total Time": 95.775,
                    "Actual Rows": 4050,
                    "Actual Loops": 2,
                    "Hash Buckets": 16384,
                    "Original Hash Buckets": 16384,
                    "Hash Batches": 1,
                    "Original Hash Batches": 1,
                    "Peak Memory Usage": 480,
                    "Plans": [
                      {
                        "Node Type": "Bitmap Heap Scan",
                        "Parent Relationship": "Outer",
                        "Parallel Aware": true,
                        "Relation Name": "title",
                        "Alias": "t",
                        "Startup Cost": 11826.22,
                        "Total Cost": 53676.47,
                        "Plan Rows": 7920,
                        "Plan Width": 4,
                        "Actual Startup Time": 38.597,
                        "Actual Total Time": 94.385,
                        "Actual Rows": 4050,
                        "Actual Loops": 2,
                        "Recheck Cond": "(kind_id < 2)",
                        "Rows Removed by Index Recheck": 0,
                        "Filter": "(production_year = 2000)",
                        "Rows Removed by Filter": 327362,
                        "Exact Heap Blocks": 9648,
                        "Lossy Heap Blocks": 0,
                        "Plans": [
                          {
                            "Node Type": "Bitmap Index Scan",
                            "Parent Relationship": "Outer",
                            "Parallel Aware": false,
                            "Index Name": "kind_id_title",
                            "Startup Cost": 0.0,
                            "Total Cost": 11822.85,
                            "Plan Rows": 663256,
                            "Plan Width": 0,
                            "Actual Startup Time": 40.714,
                            "Actual Total Time": 40.715,
                            "Actual Rows": 662825,
                            "Actual Loops": 1,
                            "Index Cond": "(kind_id < 2)"
                          }
                        ]
                      }
                    ]
                  }
                ]
              }
            ]
          }
        ]
      }
    ]
  },
  "Planning Time": 0.485,
  "Triggers": [],
  "Execution Time": 2492.284
}