[
  {
    "Plan": {
      "Node Type": "Aggregate",
      "Strategy": "Plain",
      "Partial Mode": "Finalize",
      "Parallel Aware": false,
      "Startup Cost": 32318.14,
      "Total Cost": 32318.15,
      "Plan Rows": 1,
      "Plan Width": 8,
      "Actual Startup Time": 121.044,
      "Actual Total Time": 127.769,
      "Actual Rows": 1,
      "Actual Loops": 1,
      "Plans": [
        {
          "Node Type": "Gather",
          "Parent Relationship": "Outer",
          "Parallel Aware": false,
          "Startup Cost": 32317.83,
          "Total Cost": 32318.14,
          "Plan Rows": 3,
          "Plan Width": 8,
          "Actual Startup Time": 120.919,
          "Actual Total Time": 127.762,
          "Actual Rows": 4,
          "Actual Loops": 1,
          "Workers Planned": 3,
          "Workers Launched": 3,
          "Single Copy": false,
          "Plans": [
            {
              "Node Type": "Aggregate",
              "Strategy": "Plain",
              "Partial Mode": "Partial",
              "Parent Relationship": "Outer",
              "Parallel Aware": false,
              "Startup Cost": 31317.83,
              "Total Cost": 31317.84,
              "Plan Rows": 1,
              "Plan Width": 8,
              "Actual Startup Time": 114.365,
              "Actual Total Time": 114.366,
              "Actual Rows": 1,
              "Actual Loops": 4,
              "Plans": [
                {
                  "Node Type": "Seq Scan",
                  "Parent Relationship": "Outer",
                  "Parallel Aware": true,
                  "Relation Name": "movie_companies",
                  "Alias": "mc",
                  "Startup Cost": 0.0,
                  "Total Cost": 29310.68,
                  "Plan Rows": 802858,
                  "Plan Width": 0,
                  "Actual Startup Time": 0.044,
                  "Actual Total Time": 83.343,
                  "Actual Rows": 622804,
                  "Actual Loops": 4,
                  "Filter": "(company_id < 147493)",
                  "Rows Removed by Filter": 29478
                }
              ]
            }
          ]
        }
      ]
    },
    "Planning Time": 0.099,
    "Triggers": [],
    "Execution Time": 127.81
  }
]