{
  "Plan": {
    "Node Type": "Aggregate",
    "Strategy": "Plain",
    "Partial Mode": "Finalize",
    "Parallel Aware": false,
    "Startup Cost": 390584.32,
    "Total Cost": 390584.33,
    "Plan Rows": 1,
    "Plan Width": 8,
    "Actual Startup Time": 1040.502,
    "Actual Total Time": 1059.615,
    "Actual Rows": 1,
    "Actual Loops": 1,
    "Plans": [
      {
        "Node Type": "Gather",
        "Parent Relationship": "Outer",
        "Parallel Aware": false,
        "Startup Cost": 390584.21,
        "Total Cost": 390584.32,
        "Plan Rows": 1,
        "Plan Width": 8,
        "Actual Startup Time": 1036.609,
        "Actual Total Time": 1059.609,
        "Actual Rows": 2,
        "Actual Loops": 1,
        "Workers Planned": 1,
        "Workers Launched": 1,
        "Single Copy": false,
        "Plans": [
          {
            "Node Type": "Aggregate",
            "Strategy": "Plain",
            "Partial Mode": "Partial",
            "Parent Relationship": "Outer",
            "Parallel Aware": false,
            "Startup Cost": 389584.21,
            "Total Cost": 389584.22,
            "Plan Rows": 1,
            "Plan Width": 8,
            "Actual Startup Time": 1028.235,
            "Actual Total Time": 1028.238,
            "Actual Rows": 1,
            "Actual Loops": 2,
            "Plans": [
              {
                "Node Type": "Hash Join",
                "Parent Relationship": "Outer",
                "Parallel Aware": true,
                "Join Type": "Inner",
                "Startup Cost": 114669.72,
                "Total Cost": 388085.33,
                "Plan Rows": 599554,
                "Plan Width": 0,
                "Actual Startup Time": 482.955,
                "Actual Total Time": 995.08,
                "Actual Rows": 768466,
                "Actual Loops": 2,
                "Inner Unique": true,
                "Hash Cond": "(ci.movie_id = t.id)",
                "Plans": [
                  {
                    "Node Type": "Bitmap Heap Scan",
                    "Parent Relationship": "Outer",
                    "Parallel Aware": true,
                    "Relation Name": "cast_info",
                    "Alias": "ci",
                    "Startup Cost": 46367.82,
                    "Total Cost": 317649.9,
                    "Plan Rows": 812771,
                    "Plan Width": 4,
                    "Actual Startup Time": 73.328,
                    "Actual Total Time": 222.846,
                    "Actual Rows": 1012133,
                    "Actual Loops": 2,
                    "Recheck Cond": "(person_id > 3664792)",
                    "Rows Removed by Index Recheck": 0,
                    "Filter": "(role_id > 1)",
                    "Rows Removed by Filter": 0,
                    "Exact Heap Blocks": 14691,
                    "Lossy Heap Blocks": 0,
                    "Plans": [
                      {
                        "Node Type": "Bitmap Index Scan",
                        "Parent Relationship": "Outer",
                        "Parallel Aware": false,
                        "Index Name": "person_id_cast_info",
                        "Startup Cost": 0.0,
                        "Total Cost": 46022.39,
                        "Plan Rows": 2107443,
                        "Plan Width": 0,
                        "Actual Startup Time": 68.526,
                        "Actual Total Time": 68.527,
                        "Actual Rows": 2024266,
                        "Actual Loops": 1,
                        "Index Cond": "(person_id > 3664792)"
                      }
                    ]
                  },
                  {
                    "Node Type": "Hash",
                    "Parent Relationship": "Inner",
                    "Parallel Aware": true,
                    "Startup Cost": 54588.39,
                    "Total Cost": 54588.39,
                    "Plan Rows": 1097081,
                    "Plan Width": 4,
                    "Actual Startup Time": 395.228,
                    "Actual Total Time": 395.229,
                    "Actual Rows": 932744,
                    "Actual Loops": 2,
                    "Hash Buckets": 2097152,
                    "Original Hash Buckets": 2097152,
                    "Hash Batches": 1,
                    "Original Hash Batches": 1,
                    "Peak Memory Usage": 89376,
                    "Plans": [
                      {
                        "Node Type": "Seq Scan",
                        "Parent Relationship": "Outer",
                        "Parallel Aware": true,
                        "Relation Name": "title",
                        "Alias": "t",
                        "Startup Cost": 0.0,
                        "Total Cost": 54588.39,
                        "Plan Rows": 1097081,
                        "Plan Width": 4,
                        "Actual Startup Time": 0.028,
                        "Actual Total Time": 161.435,
                        "Actual Rows": 932744,
                        "Actual Loops": 2,
                        "Filter": "(kind_id > 1)",
                        "Rows Removed by Filter": 331412
                      }
                    ]
                  }
                ]
              }
            ]
          }
        ]
      }
    ]
  },
  "Planning Time": 0.535,
  "Triggers": [],
  "Execution Time": 1059.697
}