{
    "Plan": {
        "Node Type": "Aggregate",
        "Strategy": "Plain",
        "Partial Mode": "Simple",
        "Parallel Aware": false,
        "Startup Cost": 80000222913.42,
        "Total Cost": 80000222913.43,
        "Plan Rows": 1,
        "Plan Width": 64,
        "Actual Startup Time": 754.55,
        "Actual Total Time": 754.557,
        "Actual Rows": 1,
        "Actual Loops": 1,
        "Output": [
            "min(mi_idx.info)",
            "min(t.title)"
        ],
        "Plans": [
            {
                "Node Type": "Nested Loop",
                "Parent Relationship": "Outer",
                "Parallel Aware": false,
                "Join Type": "Inner",
                "Startup Cost": 80000000007.47,
                "Total Cost": 80000222913.42,
                "Plan Rows": 1,
                "Plan Width": 22,
                "Actual Startup Time": 411.522,
                "Actual Total Time": 754.548,
                "Actual Rows": 1,
                "Actual Loops": 1,
                "Output": [
                    "mi_idx.info",
                    "t.title"
                ],
                "Inner Unique": true,
                "Plans": [
                    {
                        "Node Type": "Nested Loop",
                        "Parent Relationship": "Outer",
                        "Parallel Aware": false,
                        "Join Type": "Inner",
                        "Startup Cost": 70000000007.31,
                        "Total Cost": 70000222905.23,
                        "Plan Rows": 1,
                        "Plan Width": 26,
                        "Actual Startup Time": 109.507,
                        "Actual Total Time": 754.479,
                        "Actual Rows": 10,
                        "Actual Loops": 1,
                        "Output": [
                            "mi_idx.info",
                            "t.title",
                            "t.kind_id"
                        ],
                        "Inner Unique": true,
                        "Plans": [
                            {
                                "Node Type": "Nested Loop",
                                "Parent Relationship": "Outer",
                                "Parallel Aware": false,
                                "Join Type": "Inner",
                                "Startup Cost": 60000000006.88,
                                "Total Cost": 60000222898.11,
                                "Plan Rows": 1,
                                "Plan Width": 30,
                                "Actual Startup Time": 3.183,
                                "Actual Total Time": 732.379,
                                "Actual Rows": 3894,
                                "Actual Loops": 1,
                                "Output": [
                                    "mi_idx.info",
                                    "mk.keyword_id",
                                    "t.title",
                                    "t.kind_id"
                                ],
                                "Inner Unique": false,
                                "Join Filter": "(t.id = mk.movie_id)",
                                "Rows Removed by Join Filter": 0,
                                "Plans": [
                                    {
                                        "Node Type": "Nested Loop",
                                        "Parent Relationship": "Outer",
                                        "Parallel Aware": false,
                                        "Join Type": "Inner",
                                        "Startup Cost": 50000000006.01,
                                        "Total Cost": 50000222892.08,
                                        "Plan Rows": 1,
                                        "Plan Width": 38,
                                        "Actual Startup Time": 3.061,
                                        "Actual Total Time": 725.321,
                                        "Actual Rows": 371,
                                        "Actual Loops": 1,
                                        "Output": [
                                            "mi.movie_id",
                                            "mi_idx.info",
                                            "mi_idx.movie_id",
                                            "t.title",
                                            "t.kind_id",
                                            "t.id"
                                        ],
                                        "Inner Unique": true,
                                        "Plans": [
                                            {
                                                "Node Type": "Nested Loop",
                                                "Parent Relationship": "Outer",
                                                "Parallel Aware": false,
                                                "Join Type": "Inner",
                                                "Startup Cost": 40000000005.86,
                                                "Total Cost": 40000222879.74,
                                                "Plan Rows": 2,
                                                "Plan Width": 42,
                                                "Actual Startup Time": 3.042,
                                                "Actual Total Time": 723.462,
                                                "Actual Rows": 450,
                                                "Actual Loops": 1,
                                                "Output": [
                                                    "mi_idx.info",
                                                    "mi_idx.movie_id",
                                                    "mi.movie_id",
                                                    "mi.info_type_id",
                                                    "t.title",
                                                    "t.kind_id",
                                                    "t.id"
                                                ],
                                                "Inner Unique": false,
                                                "Join Filter": "(t.id = mi.movie_id)",
                                                "Rows Removed by Join Filter": 0,
                                                "Plans": [
                                                    {
                                                        "Node Type": "Nested Loop",
                                                        "Parent Relationship": "Outer",
                                                        "Parallel Aware": false,
                                                        "Join Type": "Inner",
                                                        "Startup Cost": 30000000004.91,
                                                        "Total Cost": 30000222873.79,
                                                        "Plan Rows": 1,
                                                        "Plan Width": 34,
                                                        "Actual Startup Time": 2.645,
                                                        "Actual Total Time": 698.277,
                                                        "Actual Rows": 494,
                                                        "Actual Loops": 1,
                                                        "Output": [
                                                            "mi_idx.info",
                                                            "mi_idx.movie_id",
                                                            "t.title",
                                                            "t.kind_id",
                                                            "t.id"
                                                        ],
                                                        "Inner Unique": true,
                                                        "Plans": [
                                                            {
                                                                "Node Type": "Nested Loop",
                                                                "Parent Relationship": "Outer",
                                                                "Parallel Aware": false,
                                                                "Join Type": "Inner",
                                                                "Startup Cost": 20000000004.76,
                                                                "Total Cost": 20000222228.16,
                                                                "Plan Rows": 155,
                                                                "Plan Width": 38,
                                                                "Actual Startup Time": 2.608,
                                                                "Actual Total Time": 694.066,
                                                                "Actual Rows": 1089,
                                                                "Actual Loops": 1,
                                                                "Output": [
                                                                    "mi_idx.info",
                                                                    "mi_idx.movie_id",
                                                                    "mi_idx.info_type_id",
                                                                    "t.title",
                                                                    "t.kind_id",
                                                                    "t.id"
                                                                ],
                                                                "Inner Unique": false,
                                                                "Plans": [
                                                                    {
                                                                        "Node Type": "Index Scan",
                                                                        "Parent Relationship": "Outer",
                                                                        "Parallel Aware": false,
                                                                        "Scan Direction": "Forward",
                                                                        "Index Name": "kind_id_title",
                                                                        "Relation Name": "title",
                                                                        "Schema": "public",
                                                                        "Alias": "t",
                                                                        "Startup Cost": 10000000000.43,
                                                                        "Total Cost": 10000215756.3,
                                                                        "Plan Rows": 399,
                                                                        "Plan Width": 25,
                                                                        "Actual Startup Time": 2.477,
                                                                        "Actual Total Time": 677.382,
                                                                        "Actual Rows": 1831,
                                                                        "Actual Loops": 1,
                                                                        "Output": [
                                                                            "t.id",
                                                                            "t.title",
                                                                            "t.imdb_index",
                                                                            "t.kind_id",
                                                                            "t.production_year",
                                                                            "t.imdb_id",
                                                                            "t.phonetic_code",
                                                                            "t.episode_of_id",
                                                                            "t.season_nr",
                                                                            "t.episode_nr",
                                                                            "t.series_years",
                                                                            "t.md5sum"
                                                                        ],
                                                                        "Filter": "((t.production_year > 1999) AND ((t.title ~~ '%murder%'::text) OR (t.title ~~ '%Murder%'::text) OR (t.title ~~ '%Mord%'::text)))",
                                                                        "Rows Removed by Filter": 2526481
                                                                    },
                                                                    {
                                                                        "Node Type": "Bitmap Heap Scan",
                                                                        "Parent Relationship": "Inner",
                                                                        "Parallel Aware": false,
                                                                        "Relation Name": "movie_info_idx",
                                                                        "Schema": "public",
                                                                        "Alias": "mi_idx",
                                                                        "Startup Cost": 4.33,
                                                                        "Total Cost": 16.2,
                                                                        "Plan Rows": 2,
                                                                        "Plan Width": 13,
                                                                        "Actual Startup Time": 0.007,
                                                                        "Actual Total Time": 0.007,
                                                                        "Actual Rows": 1,
                                                                        "Actual Loops": 1831,
                                                                        "Output": [
                                                                            "mi_idx.id",
                                                                            "mi_idx.movie_id",
                                                                            "mi_idx.info_type_id",
                                                                            "mi_idx.info",
                                                                            "mi_idx.note"
                                                                        ],
                                                                        "Recheck Cond": "(mi_idx.movie_id = t.id)",
                                                                        "Rows Removed by Index Recheck": 0,
                                                                        "Filter": "(mi_idx.info > '10'::text)",
                                                                        "Rows Removed by Filter": 0,
                                                                        "Exact Heap Blocks": 506,
                                                                        "Lossy Heap Blocks": 0,
                                                                        "Plans": [
                                                                            {
                                                                                "Node Type": "Bitmap Index Scan",
                                                                                "Parent Relationship": "Outer",
                                                                                "Parallel Aware": false,
                                                                                "Index Name": "movie_id_movie_info_idx",
                                                                                "Startup Cost": 0.0,
                                                                                "Total Cost": 4.33,
                                                                                "Plan Rows": 3,
                                                                                "Plan Width": 0,
                                                                                "Actual Startup Time": 0.005,
                                                                                "Actual Total Time": 0.005,
                                                                                "Actual Rows": 1,
                                                                                "Actual Loops": 1831,
                                                                                "Index Cond": "(mi_idx.movie_id = t.id)"
                                                                            }
                                                                        ]
                                                                    }
                                                                ]
                                                            },
                                                            {
                                                                "Node Type": "Bitmap Heap Scan",
                                                                "Parent Relationship": "Inner",
                                                                "Parallel Aware": false,
                                                                "Relation Name": "info_type",
                                                                "Schema": "public",
                                                                "Alias": "it2",
                                                                "Startup Cost": 0.15,
                                                                "Total Cost": 4.17,
                                                                "Plan Rows": 1,
                                                                "Plan Width": 4,
                                                                "Actual Startup Time": 0.002,
                                                                "Actual Total Time": 0.002,
                                                                "Actual Rows": 0,
                                                                "Actual Loops": 1089,
                                                                "Output": [
                                                                    "it2.id",
                                                                    "it2.info"
                                                                ],
                                                                "Recheck Cond": "(it2.id = mi_idx.info_type_id)",
                                                                "Rows Removed by Index Recheck": 0,
                                                                "Filter": "((it2.info)::text = 'rating'::text)",
                                                                "Rows Removed by Filter": 1,
                                                                "Exact Heap Blocks": 1089,
                                                                "Lossy Heap Blocks": 0,
                                                                "Plans": [
                                                                    {
                                                                        "Node Type": "Bitmap Index Scan",
                                                                        "Parent Relationship": "Outer",
                                                                        "Parallel Aware": false,
                                                                        "Index Name": "info_type_pkey",
                                                                        "Startup Cost": 0.0,
                                                                        "Total Cost": 0.15,
                                                                        "Plan Rows": 1,
                                                                        "Plan Width": 0,
                                                                        "Actual Startup Time": 0.001,
                                                                        "Actual Total Time": 0.001,
                                                                        "Actual Rows": 1,
                                                                        "Actual Loops": 1089,
                                                                        "Index Cond": "(it2.id = mi_idx.info_type_id)"
                                                                    }
                                                                ]
                                                            }
                                                        ]
                                                    },
                                                    {
                                                        "Node Type": "Bitmap Heap Scan",
                                                        "Parent Relationship": "Inner",
                                                        "Parallel Aware": false,
                                                        "Relation Name": "movie_info",
                                                        "Schema": "public",
                                                        "Alias": "mi",
                                                        "Startup Cost": 0.95,
                                                        "Total Cost": 5.92,
                                                        "Plan Rows": 2,
                                                        "Plan Width": 8,
                                                        "Actual Startup Time": 0.043,
                                                        "Actual Total Time": 0.049,
                                                        "Actual Rows": 1,
                                                        "Actual Loops": 494,
                                                        "Output": [
                                                            "mi.id",
                                                            "mi.movie_id",
                                                            "mi.info_type_id",
                                                            "mi.info",
                                                            "mi.note"
                                                        ],
                                                        "Recheck Cond": "(mi.movie_id = mi_idx.movie_id)",
                                                        "Rows Removed by Index Recheck": 0,
                                                        "Filter": "(mi.info = ANY ('{Norway,Swedish,America,USA,Germany,German,American,Norwegian,Denmark,UK}'::text[]))",
                                                        "Rows Removed by Filter": 13,
                                                        "Exact Heap Blocks": 3776,
                                                        "Lossy Heap Blocks": 0,
                                                        "Plans": [
                                                            {
                                                                "Node Type": "Bitmap Index Scan",
                                                                "Parent Relationship": "Outer",
                                                                "Parallel Aware": false,
                                                                "Index Name": "movie_id_movie_info",
                                                                "Startup Cost": 0.0,
                                                                "Total Cost": 0.95,
                                                                "Plan Rows": 39,
                                                                "Plan Width": 0,
                                                                "Actual Startup Time": 0.014,
                                                                "Actual Total Time": 0.014,
                                                                "Actual Rows": 13,
                                                                "Actual Loops": 494,
                                                                "Index Cond": "(mi.movie_id = mi_idx.movie_id)"
                                                            }
                                                        ]
                                                    }
                                                ]
                                            },
                                            {
                                                "Node Type": "Bitmap Heap Scan",
                                                "Parent Relationship": "Inner",
                                                "Parallel Aware": false,
                                                "Relation Name": "info_type",
                                                "Schema": "public",
                                                "Alias": "it1",
                                                "Startup Cost": 0.15,
                                                "Total Cost": 4.17,
                                                "Plan Rows": 1,
                                                "Plan Width": 4,
                                                "Actual Startup Time": 0.002,
                                                "Actual Total Time": 0.002,
                                                "Actual Rows": 1,
                                                "Actual Loops": 450,
                                                "Output": [
                                                    "it1.id",
                                                    "it1.info"
                                                ],
                                                "Recheck Cond": "(it1.id = mi.info_type_id)",
                                                "Rows Removed by Index Recheck": 0,
                                                "Filter": "((it1.info)::text = 'countries'::text)",
                                                "Rows Removed by Filter": 0,
                                                "Exact Heap Blocks": 450,
                                                "Lossy Heap Blocks": 0,
                                                "Plans": [
                                                    {
                                                        "Node Type": "Bitmap Index Scan",
                                                        "Parent Relationship": "Outer",
                                                        "Parallel Aware": false,
                                                        "Index Name": "info_type_pkey",
                                                        "Startup Cost": 0.0,
                                                        "Total Cost": 0.15,
                                                        "Plan Rows": 1,
                                                        "Plan Width": 0,
                                                        "Actual Startup Time": 0.001,
                                                        "Actual Total Time": 0.001,
                                                        "Actual Rows": 1,
                                                        "Actual Loops": 450,
                                                        "Index Cond": "(it1.id = mi.info_type_id)"
                                                    }
                                                ]
                                            }
                                        ]
                                    },
                                    {
                                        "Node Type": "Bitmap Heap Scan",
                                        "Parent Relationship": "Inner",
                                        "Parallel Aware": false,
                                        "Relation Name": "movie_keyword",
                                        "Schema": "public",
                                        "Alias": "mk",
                                        "Startup Cost": 0.88,
                                        "Total Cost": 5.45,
                                        "Plan Rows": 46,
                                        "Plan Width": 8,
                                        "Actual Startup Time": 0.014,
                                        "Actual Total Time": 0.015,
                                        "Actual Rows": 10,
                                        "Actual Loops": 371,
                                        "Output": [
                                            "mk.id",
                                            "mk.movie_id",
                                            "mk.keyword_id"
                                        ],
                                        "Recheck Cond": "(mk.movie_id = mi_idx.movie_id)",
                                        "Rows Removed by Index Recheck": 0,
                                        "Exact Heap Blocks": 238,
                                        "Lossy Heap Blocks": 0,
                                        "Plans": [
                                            {
                                                "Node Type": "Bitmap Index Scan",
                                                "Parent Relationship": "Outer",
                                                "Parallel Aware": false,
                                                "Index Name": "movie_id_movie_keyword",
                                                "Startup Cost": 0.0,
                                                "Total Cost": 0.86,
                                                "Plan Rows": 46,
                                                "Plan Width": 0,
                                                "Actual Startup Time": 0.01,
                                                "Actual Total Time": 0.01,
                                                "Actual Rows": 10,
                                                "Actual Loops": 371,
                                                "Index Cond": "(mk.movie_id = mi_idx.movie_id)"
                                            }
                                        ]
                                    }
                                ]
                            },
                            {
                                "Node Type": "Bitmap Heap Scan",
                                "Parent Relationship": "Inner",
                                "Parallel Aware": false,
                                "Relation Name": "keyword",
                                "Schema": "public",
                                "Alias": "k",
                                "Startup Cost": 0.43,
                                "Total Cost": 4.44,
                                "Plan Rows": 1,
                                "Plan Width": 4,
                                "Actual Startup Time": 0.004,
                                "Actual Total Time": 0.004,
                                "Actual Rows": 0,
                                "Actual Loops": 3894,
                                "Output": [
                                    "k.id",
                                    "k.keyword",
                                    "k.phonetic_code"
                                ],
                                "Recheck Cond": "(k.id = mk.keyword_id)",
                                "Rows Removed by Index Recheck": 0,
                                "Filter": "(k.keyword = ANY ('{female-nudity,mesopotamia}'::text[]))",
                                "Rows Removed by Filter": 1,
                                "Exact Heap Blocks": 3894,
                                "Lossy Heap Blocks": 0,
                                "Plans": [
                                    {
                                        "Node Type": "Bitmap Index Scan",
                                        "Parent Relationship": "Outer",
                                        "Parallel Aware": false,
                                        "Index Name": "keyword_pkey",
                                        "Startup Cost": 0.0,
                                        "Total Cost": 0.43,
                                        "Plan Rows": 1,
                                        "Plan Width": 0,
                                        "Actual Startup Time": 0.002,
                                        "Actual Total Time": 0.002,
                                        "Actual Rows": 1,
                                        "Actual Loops": 3894,
                                        "Index Cond": "(k.id = mk.keyword_id)"
                                    }
                                ]
                            }
                        ]
                    },
                    {
                        "Node Type": "Bitmap Heap Scan",
                        "Parent Relationship": "Inner",
                        "Parallel Aware": false,
                        "Relation Name": "kind_type",
                        "Schema": "public",
                        "Alias": "kt",
                        "Startup Cost": 0.16,
                        "Total Cost": 4.18,
                        "Plan Rows": 1,
                        "Plan Width": 4,
                        "Actual Startup Time": 0.004,
                        "Actual Total Time": 0.004,
                        "Actual Rows": 0,
                        "Actual Loops": 10,
                        "Output": [
                            "kt.id",
                            "kt.kind"
                        ],
                        "Recheck Cond": "(kt.id = t.kind_id)",
                        "Rows Removed by Index Recheck": 0,
                        "Filter": "((kt.kind)::text = 'episode'::text)",
                        "Rows Removed by Filter": 1,
                        "Exact Heap Blocks": 10,
                        "Lossy Heap Blocks": 0,
                        "Plans": [
                            {
                                "Node Type": "Bitmap Index Scan",
                                "Parent Relationship": "Outer",
                                "Parallel Aware": false,
                                "Index Name": "kind_type_pkey",
                                "Startup Cost": 0.0,
                                "Total Cost": 0.16,
                                "Plan Rows": 1,
                                "Plan Width": 0,
                                "Actual Startup Time": 0.002,
                                "Actual Total Time": 0.002,
                                "Actual Rows": 1,
                                "Actual Loops": 10,
                                "Index Cond": "(kt.id = t.kind_id)"
                            }
                        ]
                    }
                ]
            }
        ]
    },
    "Planning Time": 11.269,
    "Triggers": [],
    "Execution Time": 755.148
}