{
  "Plan": {
    "Node Type": "Aggregate",
    "Strategy": "Plain",
    "Partial Mode": "Finalize",
    "Parallel Aware": false,
    "Startup Cost": 140963.41,
    "Total Cost": 140963.42,
    "Plan Rows": 1,
    "Plan Width": 8,
    "Actual Startup Time": 669.127,
    "Actual Total Time": 703.996,
    "Actual Rows": 1,
    "Actual Loops": 1,
    "Plans": [
      {
        "Node Type": "Gather",
        "Parent Relationship": "Outer",
        "Parallel Aware": false,
        "Startup Cost": 140963.3,
        "Total Cost": 140963.41,
        "Plan Rows": 1,
        "Plan Width": 8,
        "Actual Startup Time": 668.94,
        "Actual Total Time": 703.988,
        "Actual Rows": 2,
        "Actual Loops": 1,
        "Workers Planned": 1,
        "Workers Launched": 1,
        "Single Copy": false,
        "Plans": [
          {
            "Node Type": "Aggregate",
            "Strategy": "Plain",
            "Partial Mode": "Partial",
            "Parent Relationship": "Outer",
            "Parallel Aware": false,
            "Startup Cost": 139963.3,
            "Total Cost": 139963.31,
            "Plan Rows": 1,
            "Plan Width": 8,
            "Actual Startup Time": 662.627,
            "Actual Total Time": 662.63,
            "Actual Rows": 1,
            "Actual Loops": 2,
            "Plans": [
              {
                "Node Type": "Nested Loop",
                "Parent Relationship": "Outer",
                "Parallel Aware": false,
                "Join Type": "Inner",
                "Startup Cost": 54709.05,
                "Total Cost": 139915.71,
                "Plan Rows": 19037,
                "Plan Width": 0,
                "Actual Startup Time": 151.908,
                "Actual Total Time": 660.031,
                "Actual Rows": 41515,
                "Actual Loops": 2,
                "Inner Unique": false,
                "Join Filter": "(t.id = mi.movie_id)",
                "Rows Removed by Join Filter": 0,
                "Plans": [
                  {
                    "Node Type": "Hash Join",
                    "Parent Relationship": "Outer",
                    "Parallel Aware": true,
                    "Join Type": "Inner",
                    "Startup Cost": 54708.61,
                    "Total Cost": 117866.2,
                    "Plan Rows": 13400,
                    "Plan Width": 8,
                    "Actual Startup Time": 151.814,
                    "Actual Total Time": 505.874,
                    "Actual Rows": 10090,
                    "Actual Loops": 2,
                    "Inner Unique": true,
                    "Hash Cond": "(mk.movie_id = t.id)",
                    "Plans": [
                      {
                        "Node Type": "Seq Scan",
                        "Parent Relationship": "Outer",
                        "Parallel Aware": true,
                        "Relation Name": "movie_keyword",
                        "Alias": "mk",
                        "Startup Cost": 0.0,
                        "Total Cost": 57718.19,
                        "Plan Rows": 2072145,
                        "Plan Width": 4,
                        "Actual Startup Time": 0.016,
                        "Actual Total Time": 229.666,
                        "Actual Rows": 1761668,
                        "Actual Loops": 2,
                        "Filter": "(keyword_id < 18549)",
                        "Rows Removed by Filter": 500297
                      },
                      {
                        "Node Type": "Hash",
                        "Parent Relationship": "Inner",
                        "Parallel Aware": true,
                        "Startup Cost": 54588.39,
                        "Total Cost": 54588.39,
                        "Plan Rows": 9618,
                        "Plan Width": 4,
                        "Actual Startup Time": 150.556,
                        "Actual Total Time": 150.557,
                        "Actual Rows": 7118,
                        "Actual Loops": 2,
                        "Hash Buckets": 16384,
                        "Original Hash Buckets": 16384,
                        "Hash Batches": 1,
                        "Original Hash Batches": 1,
                        "Peak Memory Usage": 704,
                        "Plans": [
                          {
                            "Node Type": "Seq Scan",
                            "Parent Relationship": "Outer",
                            "Parallel Aware": true,
                            "Relation Name": "title",
                            "Alias": "t",
                            "Startup Cost": 0.0,
                            "Total Cost": 54588.39,
                            "Plan Rows": 9618,
                            "Plan Width": 4,
                            "Actual Startup Time": 0.068,
                            "Actual Total Time": 147.646,
                            "Actual Rows": 7118,
                            "Actual Loops": 2,
                            "Filter": "(production_year = 1968)",
                            "Rows Removed by Filter": 1257038
                          }
                        ]
                      }
                    ]
                  },
                  {
                    "Node Type": "Index Scan",
                    "Parent Relationship": "Inner",
                    "Parallel Aware": false,
                    "Scan Direction": "Forward",
                    "Index Name": "movie_id_movie_info",
                    "Relation Name": "movie_info",
                    "Alias": "mi",
                    "Startup Cost": 0.43,
                    "Total Cost": 1.52,
                    "Plan Rows": 10,
                    "Plan Width": 4,
                    "Actual Startup Time": 0.005,
                    "Actual Total Time": 0.015,
                    "Actual Rows": 4,
                    "Actual Loops": 20179,
                    "Index Cond": "(movie_id = mk.movie_id)",
                    "Rows Removed by Index Recheck": 0,
                    "Filter": "(info_type_id < 4)",
                    "Rows Removed by Filter": 46
                  }
                ]
              }
            ]
          }
        ]
      }
    ]
  },
  "Planning Time": 1.079,
  "Triggers": [],
  "Execution Time": 704.1
}