{
    "Plan": {
        "Node Type": "Aggregate",
        "Strategy": "Plain",
        "Partial Mode": "Simple",
        "Parallel Aware": false,
        "Startup Cost": 50002496773.87,
        "Total Cost": 50002496773.88,
        "Plan Rows": 1,
        "Plan Width": 96,
        "Actual Startup Time": 2967.507,
        "Actual Total Time": 2967.518,
        "Actual Rows": 1,
        "Actual Loops": 1,
        "Output": [
            "min(cn.name)",
            "min((lt.link)::text)",
            "min(t.title)"
        ],
        "Plans": [
            {
                "Node Type": "Hash Join",
                "Parent Relationship": "Outer",
                "Parallel Aware": false,
                "Join Type": "Inner",
                "Startup Cost": 50002484983.36,
                "Total Cost": 50002496773.86,
                "Plan Rows": 1,
                "Plan Width": 48,
                "Actual Startup Time": 2886.895,
                "Actual Total Time": 2967.496,
                "Actual Rows": 28,
                "Actual Loops": 1,
                "Output": [
                    "cn.name",
                    "lt.link",
                    "t.title"
                ],
                "Inner Unique": true,
                "Hash Cond": "(mk.keyword_id = k.id)",
                "Plans": [
                    {
                        "Node Type": "Hash Join",
                        "Parent Relationship": "Outer",
                        "Parallel Aware": false,
                        "Join Type": "Inner",
                        "Startup Cost": 40002479640.42,
                        "Total Cost": 40002491415.11,
                        "Plan Rows": 6024,
                        "Plan Width": 52,
                        "Actual Startup Time": 2821.164,
                        "Actual Total Time": 2913.454,
                        "Actual Rows": 5080,
                        "Actual Loops": 1,
                        "Output": [
                            "cn.name",
                            "mk.keyword_id",
                            "lt.link",
                            "t.title"
                        ],
                        "Inner Unique": false,
                        "Hash Cond": "(ml.link_type_id = lt.id)",
                        "Plans": [
                            {
                                "Node Type": "Merge Join",
                                "Parent Relationship": "Outer",
                                "Parallel Aware": false,
                                "Join Type": "Inner",
                                "Startup Cost": 30002479639.18,
                                "Total Cost": 30002490947.0,
                                "Plan Rows": 108437,
                                "Plan Width": 44,
                                "Actual Startup Time": 2819.383,
                                "Actual Total Time": 2912.018,
                                "Actual Rows": 20544,
                                "Actual Loops": 1,
                                "Output": [
                                    "cn.name",
                                    "mk.keyword_id",
                                    "ml.link_type_id",
                                    "t.title"
                                ],
                                "Inner Unique": false,
                                "Merge Cond": "(t.id = ml.movie_id)",
                                "Plans": [
                                    {
                                        "Node Type": "Index Scan",
                                        "Parent Relationship": "Outer",
                                        "Parallel Aware": false,
                                        "Scan Direction": "Forward",
                                        "Index Name": "title_pkey",
                                        "Relation Name": "title",
                                        "Schema": "public",
                                        "Alias": "t",
                                        "Startup Cost": 0.43,
                                        "Total Cost": 122983.71,
                                        "Plan Rows": 1463820,
                                        "Plan Width": 21,
                                        "Actual Startup Time": 0.016,
                                        "Actual Total Time": 82.308,
                                        "Actual Rows": 113026,
                                        "Actual Loops": 1,
                                        "Output": [
                                            "t.id",
                                            "t.title",
                                            "t.imdb_index",
                                            "t.kind_id",
                                            "t.production_year",
                                            "t.imdb_id",
                                            "t.phonetic_code",
                                            "t.episode_of_id",
                                            "t.season_nr",
                                            "t.episode_nr",
                                            "t.series_years",
                                            "t.md5sum"
                                        ],
                                        "Filter": "((t.production_year >= 1998) AND (t.production_year <= 2012))",
                                        "Rows Removed by Filter": 51729
                                    },
                                    {
                                        "Node Type": "Sort",
                                        "Parent Relationship": "Inner",
                                        "Parallel Aware": false,
                                        "Startup Cost": 30002479638.49,
                                        "Total Cost": 30002480106.72,
                                        "Plan Rows": 187293,
                                        "Plan Width": 39,
                                        "Actual Startup Time": 2819.276,
                                        "Actual Total Time": 2820.67,
                                        "Actual Rows": 40379,
                                        "Actual Loops": 1,
                                        "Output": [
                                            "cn.name",
                                            "mc.movie_id",
                                            "mk.movie_id",
                                            "mk.keyword_id",
                                            "ml.link_type_id",
                                            "ml.movie_id"
                                        ],
                                        "Sort Key": [
                                            "mc.movie_id"
                                        ],
                                        "Sort Method": "quicksort",
                                        "Sort Space Used": 4899,
                                        "Sort Space Type": "Memory",
                                        "Plans": [
                                            {
                                                "Node Type": "Hash Join",
                                                "Parent Relationship": "Outer",
                                                "Parallel Aware": false,
                                                "Join Type": "Inner",
                                                "Startup Cost": 30000108807.15,
                                                "Total Cost": 30002463236.36,
                                                "Plan Rows": 187293,
                                                "Plan Width": 39,
                                                "Actual Startup Time": 593.717,
                                                "Actual Total Time": 2813.201,
                                                "Actual Rows": 40379,
                                                "Actual Loops": 1,
                                                "Output": [
                                                    "cn.name",
                                                    "mc.movie_id",
                                                    "mk.movie_id",
                                                    "mk.keyword_id",
                                                    "ml.link_type_id",
                                                    "ml.movie_id"
                                                ],
                                                "Inner Unique": true,
                                                "Hash Cond": "(mc.company_id = cn.id)",
                                                "Plans": [
                                                    {
                                                        "Node Type": "Hash Join",
                                                        "Parent Relationship": "Outer",
                                                        "Parallel Aware": false,
                                                        "Join Type": "Inner",
                                                        "Startup Cost": 20000094560.55,
                                                        "Total Cost": 20002446649.72,
                                                        "Plan Rows": 891426,
                                                        "Plan Width": 24,
                                                        "Actual Startup Time": 466.955,
                                                        "Actual Total Time": 2653.3,
                                                        "Actual Rows": 610301,
                                                        "Actual Loops": 1,
                                                        "Output": [
                                                            "mc.movie_id",
                                                            "mc.company_id",
                                                            "mk.movie_id",
                                                            "mk.keyword_id",
                                                            "ml.link_type_id",
                                                            "ml.movie_id"
                                                        ],
                                                        "Inner Unique": false,
                                                        "Hash Cond": "(mk.movie_id = ml.movie_id)",
                                                        "Plans": [
                                                            {
                                                                "Node Type": "Merge Join",
                                                                "Parent Relationship": "Outer",
                                                                "Parallel Aware": false,
                                                                "Join Type": "Inner",
                                                                "Startup Cost": 20000093722.62,
                                                                "Total Cost": 20000326525.07,
                                                                "Plan Rows": 2956739,
                                                                "Plan Width": 16,
                                                                "Actual Startup Time": 461.274,
                                                                "Actual Total Time": 2262.246,
                                                                "Actual Rows": 5975292,
                                                                "Actual Loops": 1,
                                                                "Output": [
                                                                    "mc.movie_id",
                                                                    "mc.company_id",
                                                                    "mk.movie_id",
                                                                    "mk.keyword_id"
                                                                ],
                                                                "Inner Unique": false,
                                                                "Merge Cond": "(mk.movie_id = mc.movie_id)",
                                                                "Plans": [
                                                                    {
                                                                        "Node Type": "Index Scan",
                                                                        "Parent Relationship": "Outer",
                                                                        "Parallel Aware": false,
                                                                        "Scan Direction": "Forward",
                                                                        "Index Name": "movie_id_movie_keyword",
                                                                        "Relation Name": "movie_keyword",
                                                                        "Schema": "public",
                                                                        "Alias": "mk",
                                                                        "Startup Cost": 10000000000.43,
                                                                        "Total Cost": 10000177177.46,
                                                                        "Plan Rows": 4523930,
                                                                        "Plan Width": 8,
                                                                        "Actual Startup Time": 0.016,
                                                                        "Actual Total Time": 556.929,
                                                                        "Actual Rows": 4523914,
                                                                        "Actual Loops": 1,
                                                                        "Output": [
                                                                            "mk.id",
                                                                            "mk.movie_id",
                                                                            "mk.keyword_id"
                                                                        ]
                                                                    },
                                                                    {
                                                                        "Node Type": "Sort",
                                                                        "Parent Relationship": "Inner",
                                                                        "Parallel Aware": false,
                                                                        "Startup Cost": 10000093721.18,
                                                                        "Total Cost": 10000094512.07,
                                                                        "Plan Rows": 316357,
                                                                        "Plan Width": 8,
                                                                        "Actual Startup Time": 461.246,
                                                                        "Actual Total Time": 702.412,
                                                                        "Actual Rows": 6722889,
                                                                        "Actual Loops": 1,
                                                                        "Output": [
                                                                            "mc.movie_id",
                                                                            "mc.company_id"
                                                                        ],
                                                                        "Sort Key": [
                                                                            "mc.movie_id"
                                                                        ],
                                                                        "Sort Method": "quicksort",
                                                                        "Sort Space Used": 105118,
                                                                        "Sort Space Type": "Memory",
                                                                        "Plans": [
                                                                            {
                                                                                "Node Type": "Nested Loop",
                                                                                "Parent Relationship": "Outer",
                                                                                "Parallel Aware": false,
                                                                                "Join Type": "Inner",
                                                                                "Startup Cost": 10000023394.84,
                                                                                "Total Cost": 10000064820.08,
                                                                                "Plan Rows": 316357,
                                                                                "Plan Width": 8,
                                                                                "Actual Startup Time": 37.587,
                                                                                "Actual Total Time": 258.575,
                                                                                "Actual Rows": 1193928,
                                                                                "Actual Loops": 1,
                                                                                "Output": [
                                                                                    "mc.movie_id",
                                                                                    "mc.company_id"
                                                                                ],
                                                                                "Inner Unique": false,
                                                                                "Plans": [
                                                                                    {
                                                                                        "Node Type": "Seq Scan",
                                                                                        "Parent Relationship": "Outer",
                                                                                        "Parallel Aware": false,
                                                                                        "Relation Name": "company_type",
                                                                                        "Schema": "public",
                                                                                        "Alias": "ct",
                                                                                        "Startup Cost": 0.0,
                                                                                        "Total Cost": 1.05,
                                                                                        "Plan Rows": 1,
                                                                                        "Plan Width": 4,
                                                                                        "Actual Startup Time": 0.01,
                                                                                        "Actual Total Time": 0.016,
                                                                                        "Actual Rows": 1,
                                                                                        "Actual Loops": 1,
                                                                                        "Output": [
                                                                                            "ct.id",
                                                                                            "ct.kind"
                                                                                        ],
                                                                                        "Filter": "((ct.kind)::text = 'production companies'::text)",
                                                                                        "Rows Removed by Filter": 3
                                                                                    },
                                                                                    {
                                                                                        "Node Type": "Bitmap Heap Scan",
                                                                                        "Parent Relationship": "Inner",
                                                                                        "Parallel Aware": false,
                                                                                        "Relation Name": "movie_companies",
                                                                                        "Schema": "public",
                                                                                        "Alias": "mc",
                                                                                        "Startup Cost": 23394.84,
                                                                                        "Total Cost": 58491.89,
                                                                                        "Plan Rows": 632714,
                                                                                        "Plan Width": 12,
                                                                                        "Actual Startup Time": 37.569,
                                                                                        "Actual Total Time": 181.595,
                                                                                        "Actual Rows": 1193928,
                                                                                        "Actual Loops": 1,
                                                                                        "Output": [
                                                                                            "mc.id",
                                                                                            "mc.movie_id",
                                                                                            "mc.company_id",
                                                                                            "mc.company_type_id",
                                                                                            "mc.note"
                                                                                        ],
                                                                                        "Recheck Cond": "(mc.company_type_id = ct.id)",
                                                                                        "Rows Removed by Index Recheck": 0,
                                                                                        "Filter": "(mc.note IS NULL)",
                                                                                        "Rows Removed by Filter": 140955,
                                                                                        "Exact Heap Blocks": 7614,
                                                                                        "Lossy Heap Blocks": 0,
                                                                                        "Plans": [
                                                                                            {
                                                                                                "Node Type": "Bitmap Index Scan",
                                                                                                "Parent Relationship": "Outer",
                                                                                                "Parallel Aware": false,
                                                                                                "Index Name": "company_type_id_movie_companies",
                                                                                                "Startup Cost": 0.0,
                                                                                                "Total Cost": 23236.66,
                                                                                                "Plan Rows": 1304564,
                                                                                                "Plan Width": 0,
                                                                                                "Actual Startup Time": 36.648,
                                                                                                "Actual Total Time": 36.649,
                                                                                                "Actual Rows": 1334883,
                                                                                                "Actual Loops": 1,
                                                                                                "Index Cond": "(mc.company_type_id = ct.id)"
                                                                                            }
                                                                                        ]
                                                                                    }
                                                                                ]
                                                                            }
                                                                        ]
                                                                    }
                                                                ]
                                                            },
                                                            {
                                                                "Node Type": "Hash",
                                                                "Parent Relationship": "Inner",
                                                                "Parallel Aware": false,
                                                                "Startup Cost": 462.97,
                                                                "Total Cost": 462.97,
                                                                "Plan Rows": 29997,
                                                                "Plan Width": 8,
                                                                "Actual Startup Time": 5.637,
                                                                "Actual Total Time": 5.638,
                                                                "Actual Rows": 29997,
                                                                "Actual Loops": 1,
                                                                "Output": [
                                                                    "ml.link_type_id",
                                                                    "ml.movie_id"
                                                                ],
                                                                "Hash Buckets": 32768,
                                                                "Original Hash Buckets": 32768,
                                                                "Hash Batches": 1,
                                                                "Original Hash Batches": 1,
                                                                "Peak Memory Usage": 1428,
                                                                "Plans": [
                                                                    {
                                                                        "Node Type": "Seq Scan",
                                                                        "Parent Relationship": "Outer",
                                                                        "Parallel Aware": false,
                                                                        "Relation Name": "movie_link",
                                                                        "Schema": "public",
                                                                        "Alias": "ml",
                                                                        "Startup Cost": 0.0,
                                                                        "Total Cost": 462.97,
                                                                        "Plan Rows": 29997,
                                                                        "Plan Width": 8,
                                                                        "Actual Startup Time": 0.018,
                                                                        "Actual Total Time": 2.815,
                                                                        "Actual Rows": 29997,
                                                                        "Actual Loops": 1,
                                                                        "Output": [
                                                                            "ml.link_type_id",
                                                                            "ml.movie_id"
                                                                        ]
                                                                    }
                                                                ]
                                                            }
                                                        ]
                                                    },
                                                    {
                                                        "Node Type": "Hash",
                                                        "Parent Relationship": "Inner",
                                                        "Parallel Aware": false,
                                                        "Startup Cost": 10000013629.43,
                                                        "Total Cost": 10000013629.43,
                                                        "Plan Rows": 49374,
                                                        "Plan Width": 23,
                                                        "Actual Startup Time": 126.68,
                                                        "Actual Total Time": 126.68,
                                                        "Actual Rows": 48351,
                                                        "Actual Loops": 1,
                                                        "Output": [
                                                            "cn.name",
                                                            "cn.id"
                                                        ],
                                                        "Hash Buckets": 65536,
                                                        "Original Hash Buckets": 65536,
                                                        "Hash Batches": 1,
                                                        "Original Hash Batches": 1,
                                                        "Peak Memory Usage": 3141,
                                                        "Plans": [
                                                            {
                                                                "Node Type": "Index Scan",
                                                                "Parent Relationship": "Outer",
                                                                "Parallel Aware": false,
                                                                "Scan Direction": "Forward",
                                                                "Index Name": "company_name_pkey",
                                                                "Relation Name": "company_name",
                                                                "Schema": "public",
                                                                "Alias": "cn",
                                                                "Startup Cost": 10000000000.42,
                                                                "Total Cost": 10000013629.43,
                                                                "Plan Rows": 49374,
                                                                "Plan Width": 23,
                                                                "Actual Startup Time": 0.06,
                                                                "Actual Total Time": 116.88,
                                                                "Actual Rows": 48351,
                                                                "Actual Loops": 1,
                                                                "Output": [
                                                                    "cn.name",
                                                                    "cn.id"
                                                                ],
                                                                "Filter": "(((cn.country_code)::text <> '[jp]'::text) AND ((cn.name ~~ '%Film%'::text) OR (cn.name ~~ '%Warner%'::text)))",
                                                                "Rows Removed by Filter": 186646
                                                            }
                                                        ]
                                                    }
                                                ]
                                            }
                                        ]
                                    }
                                ]
                            },
                            {
                                "Node Type": "Hash",
                                "Parent Relationship": "Inner",
                                "Parallel Aware": false,
                                "Startup Cost": 10000000001.23,
                                "Total Cost": 10000000001.23,
                                "Plan Rows": 1,
                                "Plan Width": 16,
                                "Actual Startup Time": 0.021,
                                "Actual Total Time": 0.021,
                                "Actual Rows": 2,
                                "Actual Loops": 1,
                                "Output": [
                                    "lt.link",
                                    "lt.id"
                                ],
                                "Hash Buckets": 1024,
                                "Original Hash Buckets": 1024,
                                "Hash Batches": 1,
                                "Original Hash Batches": 1,
                                "Peak Memory Usage": 9,
                                "Plans": [
                                    {
                                        "Node Type": "Seq Scan",
                                        "Parent Relationship": "Outer",
                                        "Parallel Aware": false,
                                        "Relation Name": "link_type",
                                        "Schema": "public",
                                        "Alias": "lt",
                                        "Startup Cost": 10000000000.0,
                                        "Total Cost": 10000000001.23,
                                        "Plan Rows": 1,
                                        "Plan Width": 16,
                                        "Actual Startup Time": 0.015,
                                        "Actual Total Time": 0.017,
                                        "Actual Rows": 2,
                                        "Actual Loops": 1,
                                        "Output": [
                                            "lt.link",
                                            "lt.id"
                                        ],
                                        "Filter": "((lt.link)::text ~~ '%follow%'::text)",
                                        "Rows Removed by Filter": 16
                                    }
                                ]
                            }
                        ]
                    },
                    {
                        "Node Type": "Hash",
                        "Parent Relationship": "Inner",
                        "Parallel Aware": false,
                        "Startup Cost": 10000005342.92,
                        "Total Cost": 10000005342.92,
                        "Plan Rows": 1,
                        "Plan Width": 4,
                        "Actual Startup Time": 53.767,
                        "Actual Total Time": 53.768,
                        "Actual Rows": 1,
                        "Actual Loops": 1,
                        "Output": [
                            "k.id"
                        ],
                        "Hash Buckets": 1024,
                        "Original Hash Buckets": 1024,
                        "Hash Batches": 1,
                        "Original Hash Batches": 1,
                        "Peak Memory Usage": 9,
                        "Plans": [
                            {
                                "Node Type": "Index Scan",
                                "Parent Relationship": "Outer",
                                "Parallel Aware": false,
                                "Scan Direction": "Forward",
                                "Index Name": "keyword_pkey",
                                "Relation Name": "keyword",
                                "Schema": "public",
                                "Alias": "k",
                                "Startup Cost": 10000000000.42,
                                "Total Cost": 10000005342.92,
                                "Plan Rows": 1,
                                "Plan Width": 4,
                                "Actual Startup Time": 3.066,
                                "Actual Total Time": 53.759,
                                "Actual Rows": 1,
                                "Actual Loops": 1,
                                "Output": [
                                    "k.id"
                                ],
                                "Filter": "(k.keyword = 'lawyer'::text)",
                                "Rows Removed by Filter": 134169
                            }
                        ]
                    }
                ]
            }
        ]
    },
    "Planning Time": 7.892,
    "Triggers": [],
    "Execution Time": 2967.762
}