[
  {
    "Plan": {
      "Node Type": "Aggregate",
      "Strategy": "Plain",
      "Partial Mode": "Finalize",
      "Parallel Aware": false,
      "Startup Cost": 277230.28,
      "Total Cost": 277230.29,
      "Plan Rows": 1,
      "Plan Width": 8,
      "Actual Startup Time": 101.685,
      "Actual Total Time": 108.458,
      "Actual Rows": 1,
      "Actual Loops": 1,
      "Plans": [
        {
          "Node Type": "Gather",
          "Parent Relationship": "Outer",
          "Parallel Aware": false,
          "Startup Cost": 277229.66,
          "Total Cost": 277230.27,
          "Plan Rows": 6,
          "Plan Width": 8,
          "Actual Startup Time": 101.284,
          "Actual Total Time": 108.446,
          "Actual Rows": 7,
          "Actual Loops": 1,
          "Workers Planned": 6,
          "Workers Launched": 6,
          "Single Copy": false,
          "Plans": [
            {
              "Node Type": "Aggregate",
              "Strategy": "Plain",
              "Partial Mode": "Partial",
              "Parent Relationship": "Outer",
              "Parallel Aware": false,
              "Startup Cost": 276229.66,
              "Total Cost": 276229.67,
              "Plan Rows": 1,
              "Plan Width": 8,
              "Actual Startup Time": 92.706,
              "Actual Total Time": 92.707,
              "Actual Rows": 1,
              "Actual Loops": 7,
              "Plans": [
                {
                  "Node Type": "Bitmap Heap Scan",
                  "Parent Relationship": "Outer",
                  "Parallel Aware": true,
                  "Relation Name": "cast_info",
                  "Alias": "ci",
                  "Startup Cost": 21012.09,
                  "Total Cost": 276096.24,
                  "Plan Rows": 53366,
                  "Plan Width": 0,
                  "Actual Startup Time": 31.031,
                  "Actual Total Time": 84.342,
                  "Actual Rows": 130780,
                  "Actual Loops": 7,
                  "Recheck Cond": "(person_id > 3886401)",
                  "Rows Removed by Index Recheck": 0,
                  "Filter": "(role_id > 3)",
                  "Rows Removed by Filter": 0,
                  "Exact Heap Blocks": 4151,
                  "Lossy Heap Blocks": 0,
                  "Plans": [
                    {
                      "Node Type": "Bitmap Index Scan",
                      "Parent Relationship": "Outer",
                      "Parallel Aware": false,
                      "Index Name": "person_id_cast_info",
                      "Startup Cost": 0.0,
                      "Total Cost": 20932.04,
                      "Plan Rows": 958863,
                      "Plan Width": 0,
                      "Actual Startup Time": 37.016,
                      "Actual Total Time": 37.017,
                      "Actual Rows": 915459,
                      "Actual Loops": 1,
                      "Index Cond": "(person_id > 3886401)"
                    }
                  ]
                }
              ]
            }
          ]
        }
      ]
    },
    "Planning Time": 0.105,
    "Triggers": [],
    "Execution Time": 108.497
  }
]