[
  {
    "Plan": {
      "Node Type": "Aggregate",
      "Strategy": "Plain",
      "Partial Mode": "Finalize",
      "Parallel Aware": false,
      "Startup Cost": 87074.1,
      "Total Cost": 87074.11,
      "Plan Rows": 1,
      "Plan Width": 8,
      "Actual Startup Time": 252.047,
      "Actual Total Time": 280.36,
      "Actual Rows": 1,
      "Actual Loops": 1,
      "Plans": [
        {
          "Node Type": "Gather",
          "Parent Relationship": "Outer",
          "Parallel Aware": false,
          "Startup Cost": 87073.78,
          "Total Cost": 87074.09,
          "Plan Rows": 3,
          "Plan Width": 8,
          "Actual Startup Time": 251.589,
          "Actual Total Time": 280.35,
          "Actual Rows": 4,
          "Actual Loops": 1,
          "Workers Planned": 3,
          "Workers Launched": 3,
          "Single Copy": false,
          "Plans": [
            {
              "Node Type": "Aggregate",
              "Strategy": "Plain",
              "Partial Mode": "Partial",
              "Parent Relationship": "Outer",
              "Parallel Aware": false,
              "Startup Cost": 86073.78,
              "Total Cost": 86073.79,
              "Plan Rows": 1,
              "Plan Width": 8,
              "Actual Startup Time": 242.101,
              "Actual Total Time": 242.104,
              "Actual Rows": 1,
              "Actual Loops": 4,
              "Plans": [
                {
                  "Node Type": "Nested Loop",
                  "Parent Relationship": "Outer",
                  "Parallel Aware": false,
                  "Join Type": "Inner",
                  "Startup Cost": 45579.76,
                  "Total Cost": 85981.8,
                  "Plan Rows": 36793,
                  "Plan Width": 0,
                  "Actual Startup Time": 132.775,
                  "Actual Total Time": 240.364,
                  "Actual Rows": 24850,
                  "Actual Loops": 4,
                  "Inner Unique": false,
                  "Join Filter": "(t.id = ci.movie_id)",
                  "Rows Removed by Join Filter": 0,
                  "Plans": [
                    {
                      "Node Type": "Hash Join",
                      "Parent Relationship": "Outer",
                      "Parallel Aware": true,
                      "Join Type": "Inner",
                      "Startup Cost": 45579.2,
                      "Total Cost": 75421.87,
                      "Plan Rows": 2568,
                      "Plan Width": 8,
                      "Actual Startup Time": 132.669,
                      "Actual Total Time": 187.808,
                      "Actual Rows": 761,
                      "Actual Loops": 4,
                      "Inner Unique": true,
                      "Hash Cond": "(mc.movie_id = t.id)",
                      "Plans": [
                        {
                          "Node Type": "Seq Scan",
                          "Parent Relationship": "Outer",
                          "Parallel Aware": true,
                          "Relation Name": "movie_companies",
                          "Alias": "mc",
                          "Startup Cost": 0.0,
                          "Total Cost": 29310.68,
                          "Plan Rows": 202662,
                          "Plan Width": 4,
                          "Actual Startup Time": 22.114,
                          "Actual Total Time": 62.278,
                          "Actual Rows": 160108,
                          "Actual Loops": 4,
                          "Filter": "(company_id > 57024)",
                          "Rows Removed by Filter": 492175
                        },
                        {
                          "Node Type": "Hash",
                          "Parent Relationship": "Inner",
                          "Parallel Aware": true,
                          "Startup Cost": 45479.1,
                          "Total Cost": 45479.1,
                          "Plan Rows": 8008,
                          "Plan Width": 4,
                          "Actual Startup Time": 105.026,
                          "Actual Total Time": 105.027,
                          "Actual Rows": 10035,
                          "Actual Loops": 4,
                          "Hash Buckets": 65536,
                          "Original Hash Buckets": 32768,
                          "Hash Batches": 1,
                          "Original Hash Batches": 1,
                          "Peak Memory Usage": 2432,
                          "Plans": [
                            {
                              "Node Type": "Seq Scan",
                              "Parent Relationship": "Outer",
                              "Parallel Aware": true,
                              "Relation Name": "title",
                              "Alias": "t",
                              "Startup Cost": 0.0,
                              "Total Cost": 45479.1,
                              "Plan Rows": 8008,
                              "Plan Width": 4,
                              "Actual Startup Time": 0.068,
                              "Actual Total Time": 98.954,
                              "Actual Rows": 10035,
                              "Actual Loops": 4,
                              "Filter": "((kind_id > 4) AND (production_year = 2001))",
                              "Rows Removed by Filter": 622043
                            }
                          ]
                        }
                      ]
                    },
                    {
                      "Node Type": "Index Only Scan",
                      "Parent Relationship": "Inner",
                      "Parallel Aware": false,
                      "Scan Direction": "Forward",
                      "Index Name": "movie_id_cast_info",
                      "Relation Name": "cast_info",
                      "Alias": "ci",
                      "Startup Cost": 0.56,
                      "Total Cost": 3.65,
                      "Plan Rows": 37,
                      "Plan Width": 4,
                      "Actual Startup Time": 0.01,
                      "Actual Total Time": 0.065,
                      "Actual Rows": 33,
                      "Actual Loops": 3045,
                      "Index Cond": "(movie_id = mc.movie_id)",
                      "Rows Removed by Index Recheck": 0,
                      "Heap Fetches": 99402
                    }
                  ]
                }
              ]
            }
          ]
        }
      ]
    },
    "Planning Time": 1.402,
    "Triggers": [],
    "Execution Time": 280.452
  }
]