[
  {
    "Plan": {
      "Node Type": "Aggregate",
      "Strategy": "Plain",
      "Partial Mode": "Finalize",
      "Parallel Aware": false,
      "Startup Cost": 33436.74,
      "Total Cost": 33436.75,
      "Plan Rows": 1,
      "Plan Width": 8,
      "Actual Startup Time": 103.039,
      "Actual Total Time": 111.57,
      "Actual Rows": 1,
      "Actual Loops": 1,
      "Plans": [
        {
          "Node Type": "Gather",
          "Parent Relationship": "Outer",
          "Parallel Aware": false,
          "Startup Cost": 33436.42,
          "Total Cost": 33436.73,
          "Plan Rows": 3,
          "Plan Width": 8,
          "Actual Startup Time": 102.894,
          "Actual Total Time": 111.564,
          "Actual Rows": 4,
          "Actual Loops": 1,
          "Workers Planned": 3,
          "Workers Launched": 3,
          "Single Copy": false,
          "Plans": [
            {
              "Node Type": "Aggregate",
              "Strategy": "Plain",
              "Partial Mode": "Partial",
              "Parent Relationship": "Outer",
              "Parallel Aware": false,
              "Startup Cost": 32436.42,
              "Total Cost": 32436.43,
              "Plan Rows": 1,
              "Plan Width": 8,
              "Actual Startup Time": 94.507,
              "Actual Total Time": 94.508,
              "Actual Rows": 1,
              "Actual Loops": 4,
              "Plans": [
                {
                  "Node Type": "Seq Scan",
                  "Parent Relationship": "Outer",
                  "Parallel Aware": true,
                  "Relation Name": "movie_companies",
                  "Alias": "mc",
                  "Startup Cost": 0.0,
                  "Total Cost": 31414.82,
                  "Plan Rows": 408642,
                  "Plan Width": 0,
                  "Actual Startup Time": 44.992,
                  "Actual Total Time": 81.577,
                  "Actual Rows": 328036,
                  "Actual Loops": 4,
                  "Filter": "((company_id > 19) AND (company_type_id > 1))",
                  "Rows Removed by Filter": 324246
                }
              ]
            }
          ]
        }
      ]
    },
    "Planning Time": 0.206,
    "Triggers": [],
    "Execution Time": 111.606
  }
]