[
  {
    "Plan": {
      "Node Type": "Aggregate",
      "Strategy": "Plain",
      "Partial Mode": "Finalize",
      "Parallel Aware": false,
      "Startup Cost": 396969.23,
      "Total Cost": 396969.24,
      "Plan Rows": 1,
      "Plan Width": 8,
      "Actual Startup Time": 1114.803,
      "Actual Total Time": 1170.699,
      "Actual Rows": 1,
      "Actual Loops": 1,
      "Plans": [
        {
          "Node Type": "Gather",
          "Parent Relationship": "Outer",
          "Parallel Aware": false,
          "Startup Cost": 396968.6,
          "Total Cost": 396969.21,
          "Plan Rows": 6,
          "Plan Width": 8,
          "Actual Startup Time": 1101.317,
          "Actual Total Time": 1170.688,
          "Actual Rows": 7,
          "Actual Loops": 1,
          "Workers Planned": 6,
          "Workers Launched": 6,
          "Single Copy": false,
          "Plans": [
            {
              "Node Type": "Aggregate",
              "Strategy": "Plain",
              "Partial Mode": "Partial",
              "Parent Relationship": "Outer",
              "Parallel Aware": false,
              "Startup Cost": 395968.6,
              "Total Cost": 395968.61,
              "Plan Rows": 1,
              "Plan Width": 8,
              "Actual Startup Time": 1086.22,
              "Actual Total Time": 1086.223,
              "Actual Rows": 1,
              "Actual Loops": 7,
              "Plans": [
                {
                  "Node Type": "Hash Join",
                  "Parent Relationship": "Outer",
                  "Parallel Aware": true,
                  "Join Type": "Inner",
                  "Startup Cost": 49726.52,
                  "Total Cost": 394957.81,
                  "Plan Rows": 404318,
                  "Plan Width": 0,
                  "Actual Startup Time": 524.173,
                  "Actual Total Time": 1063.964,
                  "Actual Rows": 545163,
                  "Actual Loops": 7,
                  "Inner Unique": true,
                  "Hash Cond": "(ci.movie_id = t.id)",
                  "Plans": [
                    {
                      "Node Type": "Seq Scan",
                      "Parent Relationship": "Outer",
                      "Parallel Aware": true,
                      "Relation Name": "cast_info",
                      "Alias": "ci",
                      "Startup Cost": 0.0,
                      "Total Cost": 343257.03,
                      "Plan Rows": 752097,
                      "Plan Width": 4,
                      "Actual Startup Time": 347.836,
                      "Actual Total Time": 572.62,
                      "Actual Rows": 961492,
                      "Actual Loops": 7,
                      "Filter": "((person_id > 2988162) AND (role_id > 1))",
                      "Rows Removed by Filter": 4216271
                    },
                    {
                      "Node Type": "Hash",
                      "Parent Relationship": "Inner",
                      "Parallel Aware": true,
                      "Startup Cost": 45479.1,
                      "Total Cost": 45479.1,
                      "Plan Rows": 339794,
                      "Plan Width": 4,
                      "Actual Startup Time": 171.294,
                      "Actual Total Time": 171.295,
                      "Actual Rows": 205528,
                      "Actual Loops": 7,
                      "Hash Buckets": 2097152,
                      "Original Hash Buckets": 2097152,
                      "Hash Batches": 1,
                      "Original Hash Batches": 1,
                      "Peak Memory Usage": 72800,
                      "Plans": [
                        {
                          "Node Type": "Seq Scan",
                          "Parent Relationship": "Outer",
                          "Parallel Aware": true,
                          "Relation Name": "title",
                          "Alias": "t",
                          "Startup Cost": 0.0,
                          "Total Cost": 45479.1,
                          "Plan Rows": 339794,
                          "Plan Width": 4,
                          "Actual Startup Time": 0.043,
                          "Actual Total Time": 76.232,
                          "Actual Rows": 205528,
                          "Actual Loops": 7,
                          "Filter": "((production_year > 1958) AND (kind_id = 7))",
                          "Rows Removed by Filter": 155660
                        }
                      ]
                    }
                  ]
                }
              ]
            }
          ]
        }
      ]
    },
    "Planning Time": 0.6,
    "Triggers": [],
    "Execution Time": 1170.784
  }
]