{
  "Plan": {
    "Node Type": "Aggregate",
    "Strategy": "Plain",
    "Partial Mode": "Simple",
    "Parallel Aware": false,
    "Startup Cost": 4671.73,
    "Total Cost": 4671.74,
    "Plan Rows": 1,
    "Plan Width": 8,
    "Actual Startup Time": 4.465,
    "Actual Total Time": 4.467,
    "Actual Rows": 1,
    "Actual Loops": 1,
    "Plans": [
      {
        "Node Type": "Nested Loop",
        "Parent Relationship": "Outer",
        "Parallel Aware": false,
        "Join Type": "Inner",
        "Startup Cost": 0.99,
        "Total Cost": 4671.6,
        "Plan Rows": 50,
        "Plan Width": 0,
        "Actual Startup Time": 0.177,
        "Actual Total Time": 4.46,
        "Actual Rows": 1,
        "Actual Loops": 1,
        "Inner Unique": true,
        "Plans": [
          {
            "Node Type": "Index Scan",
            "Parent Relationship": "Outer",
            "Parallel Aware": false,
            "Scan Direction": "Forward",
            "Index Name": "person_id_cast_info",
            "Relation Name": "cast_info",
            "Alias": "ci",
            "Startup Cost": 0.56,
            "Total Cost": 1059.67,
            "Plan Rows": 433,
            "Plan Width": 4,
            "Actual Startup Time": 0.143,
            "Actual Total Time": 0.552,
            "Actual Rows": 642,
            "Actual Loops": 1,
            "Index Cond": "(person_id = 633689)",
            "Rows Removed by Index Recheck": 0,
            "Filter": "(role_id < 10)",
            "Rows Removed by Filter": 4
          },
          {
            "Node Type": "Index Scan",
            "Parent Relationship": "Inner",
            "Parallel Aware": false,
            "Scan Direction": "Forward",
            "Index Name": "title_pkey",
            "Relation Name": "title",
            "Alias": "t",
            "Startup Cost": 0.43,
            "Total Cost": 8.34,
            "Plan Rows": 1,
            "Plan Width": 4,
            "Actual Startup Time": 0.006,
            "Actual Total Time": 0.006,
            "Actual Rows": 0,
            "Actual Loops": 642,
            "Index Cond": "(id = ci.movie_id)",
            "Rows Removed by Index Recheck": 0,
            "Filter": "((production_year > 2004) AND (kind_id = 1))",
            "Rows Removed by Filter": 1
          }
        ]
      }
    ]
  },
  "Planning Time": 0.442,
  "Triggers": [],
  "Execution Time": 4.523
}