[
  {
    "Plan": {
      "Node Type": "Aggregate",
      "Strategy": "Plain",
      "Partial Mode": "Finalize",
      "Parallel Aware": false,
      "Startup Cost": 32664.96,
      "Total Cost": 32664.97,
      "Plan Rows": 1,
      "Plan Width": 8,
      "Actual Startup Time": 94.578,
      "Actual Total Time": 105.369,
      "Actual Rows": 1,
      "Actual Loops": 1,
      "Plans": [
        {
          "Node Type": "Gather",
          "Parent Relationship": "Outer",
          "Parallel Aware": false,
          "Startup Cost": 32664.64,
          "Total Cost": 32664.95,
          "Plan Rows": 3,
          "Plan Width": 8,
          "Actual Startup Time": 94.389,
          "Actual Total Time": 105.356,
          "Actual Rows": 4,
          "Actual Loops": 1,
          "Workers Planned": 3,
          "Workers Launched": 3,
          "Single Copy": false,
          "Plans": [
            {
              "Node Type": "Aggregate",
              "Strategy": "Plain",
              "Partial Mode": "Partial",
              "Parent Relationship": "Outer",
              "Parallel Aware": false,
              "Startup Cost": 31664.64,
              "Total Cost": 31664.65,
              "Plan Rows": 1,
              "Plan Width": 8,
              "Actual Startup Time": 89.127,
              "Actual Total Time": 89.13,
              "Actual Rows": 1,
              "Actual Loops": 4,
              "Plans": [
                {
                  "Node Type": "Seq Scan",
                  "Parent Relationship": "Outer",
                  "Parallel Aware": true,
                  "Relation Name": "movie_companies",
                  "Alias": "mc",
                  "Startup Cost": 0.0,
                  "Total Cost": 31414.82,
                  "Plan Rows": 99929,
                  "Plan Width": 0,
                  "Actual Startup Time": 0.027,
                  "Actual Total Time": 82.153,
                  "Actual Rows": 112632,
                  "Actual Loops": 4,
                  "Filter": "((company_id < 809) AND (company_type_id < 2))",
                  "Rows Removed by Filter": 539650
                }
              ]
            }
          ]
        }
      ]
    },
    "Planning Time": 0.096,
    "Triggers": [],
    "Execution Time": 105.4
  }
]