[
  {
    "Plan": {
      "Node Type": "Aggregate",
      "Strategy": "Plain",
      "Partial Mode": "Finalize",
      "Parallel Aware": false,
      "Startup Cost": 32665.32,
      "Total Cost": 32665.33,
      "Plan Rows": 1,
      "Plan Width": 8,
      "Actual Startup Time": 81.402,
      "Actual Total Time": 90.047,
      "Actual Rows": 1,
      "Actual Loops": 1,
      "Plans": [
        {
          "Node Type": "Gather",
          "Parent Relationship": "Outer",
          "Parallel Aware": false,
          "Startup Cost": 32665.01,
          "Total Cost": 32665.32,
          "Plan Rows": 3,
          "Plan Width": 8,
          "Actual Startup Time": 81.289,
          "Actual Total Time": 90.039,
          "Actual Rows": 4,
          "Actual Loops": 1,
          "Workers Planned": 3,
          "Workers Launched": 3,
          "Single Copy": false,
          "Plans": [
            {
              "Node Type": "Aggregate",
              "Strategy": "Plain",
              "Partial Mode": "Partial",
              "Parent Relationship": "Outer",
              "Parallel Aware": false,
              "Startup Cost": 31665.01,
              "Total Cost": 31665.02,
              "Plan Rows": 1,
              "Plan Width": 8,
              "Actual Startup Time": 75.988,
              "Actual Total Time": 75.989,
              "Actual Rows": 1,
              "Actual Loops": 4,
              "Plans": [
                {
                  "Node Type": "Seq Scan",
                  "Parent Relationship": "Outer",
                  "Parallel Aware": true,
                  "Relation Name": "movie_companies",
                  "Alias": "mc",
                  "Startup Cost": 0.0,
                  "Total Cost": 31414.82,
                  "Plan Rows": 100075,
                  "Plan Width": 0,
                  "Actual Startup Time": 0.031,
                  "Actual Total Time": 68.478,
                  "Actual Rows": 112632,
                  "Actual Loops": 4,
                  "Filter": "((company_id < 809) AND (company_type_id < 2))",
                  "Rows Removed by Filter": 539650
                }
              ]
            }
          ]
        }
      ]
    },
    "Planning Time": 0.304,
    "Triggers": [],
    "Execution Time": 90.09
  }
]