{
  "Plan": {
    "Node Type": "Aggregate",
    "Strategy": "Plain",
    "Partial Mode": "Finalize",
    "Parallel Aware": false,
    "Startup Cost": 440967.93,
    "Total Cost": 440967.94,
    "Plan Rows": 1,
    "Plan Width": 8,
    "Actual Startup Time": 3597.257,
    "Actual Total Time": 3645.105,
    "Actual Rows": 1,
    "Actual Loops": 1,
    "Plans": [
      {
        "Node Type": "Gather",
        "Parent Relationship": "Outer",
        "Parallel Aware": false,
        "Startup Cost": 440967.82,
        "Total Cost": 440967.93,
        "Plan Rows": 1,
        "Plan Width": 8,
        "Actual Startup Time": 3591.632,
        "Actual Total Time": 3645.097,
        "Actual Rows": 2,
        "Actual Loops": 1,
        "Workers Planned": 1,
        "Workers Launched": 1,
        "Single Copy": false,
        "Plans": [
          {
            "Node Type": "Aggregate",
            "Strategy": "Plain",
            "Partial Mode": "Partial",
            "Parent Relationship": "Outer",
            "Parallel Aware": false,
            "Startup Cost": 439967.82,
            "Total Cost": 439967.83,
            "Plan Rows": 1,
            "Plan Width": 8,
            "Actual Startup Time": 3586.002,
            "Actual Total Time": 3586.008,
            "Actual Rows": 1,
            "Actual Loops": 2,
            "Plans": [
              {
                "Node Type": "Hash Join",
                "Parent Relationship": "Outer",
                "Parallel Aware": true,
                "Join Type": "Inner",
                "Startup Cost": 137268.63,
                "Total Cost": 435140.94,
                "Plan Rows": 1930752,
                "Plan Width": 0,
                "Actual Startup Time": 1204.665,
                "Actual Total Time": 3239.489,
                "Actual Rows": 7612170,
                "Actual Loops": 2,
                "Inner Unique": false,
                "Hash Cond": "(mi.movie_id = t.id)",
                "Plans": [
                  {
                    "Node Type": "Seq Scan",
                    "Parent Relationship": "Outer",
                    "Parallel Aware": true,
                    "Relation Name": "movie_info",
                    "Alias": "mi",
                    "Startup Cost": 0.0,
                    "Total Cost": 270696.42,
                    "Plan Rows": 4218272,
                    "Plan Width": 4,
                    "Actual Startup Time": 0.022,
                    "Actual Total Time": 780.47,
                    "Actual Rows": 3643432,
                    "Actual Loops": 2,
                    "Filter": "(info_type_id < 8)",
                    "Rows Removed by Filter": 3774428
                  },
                  {
                    "Node Type": "Hash",
                    "Parent Relationship": "Inner",
                    "Parallel Aware": true,
                    "Startup Cost": 128759.59,
                    "Total Cost": 128759.59,
                    "Plan Rows": 680723,
                    "Plan Width": 8,
                    "Actual Startup Time": 1192.979,
                    "Actual Total Time": 1192.984,
                    "Actual Rows": 582974,
                    "Actual Loops": 2,
                    "Hash Buckets": 2097152,
                    "Original Hash Buckets": 2097152,
                    "Hash Batches": 1,
                    "Original Hash Batches": 1,
                    "Peak Memory Usage": 62048,
                    "Plans": [
                      {
                        "Node Type": "Hash Join",
                        "Parent Relationship": "Outer",
                        "Parallel Aware": true,
                        "Join Type": "Inner",
                        "Startup Cost": 94009.66,
                        "Total Cost": 128759.59,
                        "Plan Rows": 680723,
                        "Plan Width": 8,
                        "Actual Startup Time": 751.453,
                        "Actual Total Time": 1049.311,
                        "Actual Rows": 582974,
                        "Actual Loops": 2,
                        "Inner Unique": true,
                        "Hash Cond": "(mk.movie_id = t.id)",
                        "Plans": [
                          {
                            "Node Type": "Bitmap Heap Scan",
                            "Parent Relationship": "Outer",
                            "Parallel Aware": true,
                            "Relation Name": "movie_keyword",
                            "Alias": "mk",
                            "Startup Cost": 24548.96,
                            "Total Cost": 57511.99,
                            "Plan Rows": 680723,
                            "Plan Width": 4,
                            "Actual Startup Time": 82.311,
                            "Actual Total Time": 207.522,
                            "Actual Rows": 582974,
                            "Actual Loops": 2,
                            "Recheck Cond": "(keyword_id > 16055)",
                            "Rows Removed by Index Recheck": 0,
                            "Exact Heap Blocks": 10151,
                            "Lossy Heap Blocks": 0,
                            "Plans": [
                              {
                                "Node Type": "Bitmap Index Scan",
                                "Parent Relationship": "Outer",
                                "Parallel Aware": false,
                                "Index Name": "keyword_id_movie_keyword",
                                "Startup Cost": 0.0,
                                "Total Cost": 24259.65,
                                "Plan Rows": 1157229,
                                "Plan Width": 0,
                                "Actual Startup Time": 78.78,
                                "Actual Total Time": 78.78,
                                "Actual Rows": 1165948,
                                "Actual Loops": 1,
                                "Index Cond": "(keyword_id > 16055)"
                              }
                            ]
                          },
                          {
                            "Node Type": "Hash",
                            "Parent Relationship": "Inner",
                            "Parallel Aware": true,
                            "Startup Cost": 50870.31,
                            "Total Cost": 50870.31,
                            "Plan Rows": 1487231,
                            "Plan Width": 4,
                            "Actual Startup Time": 652.743,
                            "Actual Total Time": 652.745,
                            "Actual Rows": 1264156,
                            "Actual Loops": 2,
                            "Hash Buckets": 4194304,
                            "Original Hash Buckets": 4194304,
                            "Hash Batches": 1,
                            "Original Hash Batches": 1,
                            "Peak Memory Usage": 131712,
                            "Plans": [
                              {
                                "Node Type": "Seq Scan",
                                "Parent Relationship": "Outer",
                                "Parallel Aware": true,
                                "Relation Name": "title",
                                "Alias": "t",
                                "Startup Cost": 0.0,
                                "Total Cost": 50870.31,
                                "Plan Rows": 1487231,
                                "Plan Width": 4,
                                "Actual Startup Time": 0.048,
                                "Actual Total Time": 188.557,
                                "Actual Rows": 1264156,
                                "Actual Loops": 2
                              }
                            ]
                          }
                        ]
                      }
                    ]
                  }
                ]
              }
            ]
          }
        ]
      }
    ]
  },
  "Planning Time": 0.549,
  "Triggers": [],
  "Execution Time": 3645.174
}