[
  {
    "Plan": {
      "Node Type": "Aggregate",
      "Strategy": "Plain",
      "Partial Mode": "Finalize",
      "Parallel Aware": false,
      "Startup Cost": 351016.43,
      "Total Cost": 351016.44,
      "Plan Rows": 1,
      "Plan Width": 8,
      "Actual Startup Time": 996.582,
      "Actual Total Time": 1044.274,
      "Actual Rows": 1,
      "Actual Loops": 1,
      "Plans": [
        {
          "Node Type": "Gather",
          "Parent Relationship": "Outer",
          "Parallel Aware": false,
          "Startup Cost": 351015.81,
          "Total Cost": 351016.42,
          "Plan Rows": 6,
          "Plan Width": 8,
          "Actual Startup Time": 996.356,
          "Actual Total Time": 1044.265,
          "Actual Rows": 7,
          "Actual Loops": 1,
          "Workers Planned": 6,
          "Workers Launched": 6,
          "Single Copy": false,
          "Plans": [
            {
              "Node Type": "Aggregate",
              "Strategy": "Plain",
              "Partial Mode": "Partial",
              "Parent Relationship": "Outer",
              "Parallel Aware": false,
              "Startup Cost": 350015.81,
              "Total Cost": 350015.82,
              "Plan Rows": 1,
              "Plan Width": 8,
              "Actual Startup Time": 986.125,
              "Actual Total Time": 986.126,
              "Actual Rows": 1,
              "Actual Loops": 7,
              "Plans": [
                {
                  "Node Type": "Seq Scan",
                  "Parent Relationship": "Outer",
                  "Parallel Aware": true,
                  "Relation Name": "cast_info",
                  "Alias": "ci",
                  "Startup Cost": 0.0,
                  "Total Cost": 343316.27,
                  "Plan Rows": 2679815,
                  "Plan Width": 0,
                  "Actual Startup Time": 269.679,
                  "Actual Total Time": 817.005,
                  "Actual Rows": 2906660,
                  "Actual Loops": 7,
                  "Filter": "((person_id > 1138973) AND (role_id > 1))",
                  "Rows Removed by Filter": 2271103
                }
              ]
            }
          ]
        }
      ]
    },
    "Planning Time": 0.088,
    "Triggers": [],
    "Execution Time": 1044.315
  }
]