{
  "Plan": {
    "Node Type": "Aggregate",
    "Strategy": "Plain",
    "Partial Mode": "Finalize",
    "Parallel Aware": false,
    "Startup Cost": 710262.76,
    "Total Cost": 710262.77,
    "Plan Rows": 1,
    "Plan Width": 8,
    "Actual Startup Time": 3059.153,
    "Actual Total Time": 3071.544,
    "Actual Rows": 1,
    "Actual Loops": 1,
    "Plans": [
      {
        "Node Type": "Gather",
        "Parent Relationship": "Outer",
        "Parallel Aware": false,
        "Startup Cost": 710262.65,
        "Total Cost": 710262.76,
        "Plan Rows": 1,
        "Plan Width": 8,
        "Actual Startup Time": 3059.142,
        "Actual Total Time": 3071.535,
        "Actual Rows": 2,
        "Actual Loops": 1,
        "Workers Planned": 1,
        "Workers Launched": 1,
        "Single Copy": false,
        "Plans": [
          {
            "Node Type": "Aggregate",
            "Strategy": "Plain",
            "Partial Mode": "Partial",
            "Parent Relationship": "Outer",
            "Parallel Aware": false,
            "Startup Cost": 709262.65,
            "Total Cost": 709262.66,
            "Plan Rows": 1,
            "Plan Width": 8,
            "Actual Startup Time": 3037.277,
            "Actual Total Time": 3037.285,
            "Actual Rows": 1,
            "Actual Loops": 2,
            "Plans": [
              {
                "Node Type": "Merge Join",
                "Parent Relationship": "Outer",
                "Parallel Aware": false,
                "Join Type": "Inner",
                "Startup Cost": 695722.81,
                "Total Cost": 708477.89,
                "Plan Rows": 313902,
                "Plan Width": 0,
                "Actual Startup Time": 2723.611,
                "Actual Total Time": 3006.896,
                "Actual Rows": 763694,
                "Actual Loops": 2,
                "Inner Unique": false,
                "Merge Cond": "(t.id = mc.movie_id)",
                "Plans": [
                  {
                    "Node Type": "Sort",
                    "Parent Relationship": "Outer",
                    "Parallel Aware": false,
                    "Startup Cost": 514627.09,
                    "Total Cost": 516124.81,
                    "Plan Rows": 599088,
                    "Plan Width": 8,
                    "Actual Startup Time": 2183.634,
                    "Actual Total Time": 2265.933,
                    "Actual Rows": 472930,
                    "Actual Loops": 2,
                    "Sort Key": [
                      "t.id"
                    ],
                    "Sort Method": "quicksort",
                    "Sort Space Used": 34492,
                    "Sort Space Type": "Memory",
                    "Workers": [
                      {
                        "Worker Number": 0,
                        "Sort Method": "quicksort",
                        "Sort Space Used": 34426,
                        "Sort Space Type": "Memory"
                      }
                    ],
                    "Plans": [
                      {
                        "Node Type": "Hash Join",
                        "Parent Relationship": "Outer",
                        "Parallel Aware": true,
                        "Join Type": "Inner",
                        "Startup Cost": 55242.89,
                        "Total Cost": 457137.39,
                        "Plan Rows": 599088,
                        "Plan Width": 8,
                        "Actual Startup Time": 140.021,
                        "Actual Total Time": 2062.485,
                        "Actual Rows": 472973,
                        "Actual Loops": 2,
                        "Inner Unique": true,
                        "Hash Cond": "(ci.movie_id = t.id)",
                        "Plans": [
                          {
                            "Node Type": "Index Scan",
                            "Parent Relationship": "Outer",
                            "Parallel Aware": true,
                            "Scan Direction": "Forward",
                            "Index Name": "role_id_cast_info",
                            "Relation Name": "cast_info",
                            "Alias": "ci",
                            "Startup Cost": 0.56,
                            "Total Cost": 382631.05,
                            "Plan Rows": 7338659,
                            "Plan Width": 4,
                            "Actual Startup Time": 0.112,
                            "Actual Total Time": 928.467,
                            "Actual Rows": 6335344,
                            "Actual Loops": 2,
                            "Index Cond": "(role_id = 1)",
                            "Rows Removed by Index Recheck": 0
                          },
                          {
                            "Node Type": "Hash",
                            "Parent Relationship": "Inner",
                            "Parallel Aware": true,
                            "Startup Cost": 53724.71,
                            "Total Cost": 53724.71,
                            "Plan Rows": 121409,
                            "Plan Width": 4,
                            "Actual Startup Time": 136.61,
                            "Actual Total Time": 136.613,
                            "Actual Rows": 91196,
                            "Actual Loops": 2,
                            "Hash Buckets": 262144,
                            "Original Hash Buckets": 262144,
                            "Hash Batches": 1,
                            "Original Hash Batches": 1,
                            "Peak Memory Usage": 9216,
                            "Plans": [
                              {
                                "Node Type": "Bitmap Heap Scan",
                                "Parent Relationship": "Outer",
                                "Parallel Aware": true,
                                "Relation Name": "title",
                                "Alias": "t",
                                "Startup Cost": 11874.45,
                                "Total Cost": 53724.71,
                                "Plan Rows": 121409,
                                "Plan Width": 4,
                                "Actual Startup Time": 36.989,
                                "Actual Total Time": 107.08,
                                "Actual Rows": 91196,
                                "Actual Loops": 2,
                                "Recheck Cond": "(kind_id < 2)",
                                "Rows Removed by Index Recheck": 0,
                                "Filter": "(production_year > 2007)",
                                "Rows Removed by Filter": 240216,
                                "Exact Heap Blocks": 7921,
                                "Lossy Heap Blocks": 0,
                                "Plans": [
                                  {
                                    "Node Type": "Bitmap Index Scan",
                                    "Parent Relationship": "Outer",
                                    "Parallel Aware": false,
                                    "Index Name": "kind_id_title",
                                    "Startup Cost": 0.0,
                                    "Total Cost": 11822.85,
                                    "Plan Rows": 663256,
                                    "Plan Width": 0,
                                    "Actual Startup Time": 37.662,
                                    "Actual Total Time": 37.663,
                                    "Actual Rows": 662825,
                                    "Actual Loops": 1,
                                    "Index Cond": "(kind_id < 2)"
                                  }
                                ]
                              }
                            ]
                          }
                        ]
                      }
                    ]
                  },
                  {
                    "Node Type": "Sort",
                    "Parent Relationship": "Inner",
                    "Parallel Aware": false,
                    "Startup Cost": 181095.66,
                    "Total Cost": 184407.51,
                    "Plan Rows": 1324742,
                    "Plan Width": 4,
                    "Actual Startup Time": 499.259,
                    "Actual Total Time": 569.225,
                    "Actual Rows": 1979070,
                    "Actual Loops": 2,
                    "Sort Key": [
                      "mc.movie_id"
                    ],
                    "Sort Method": "quicksort",
                    "Sort Space Used": 111725,
                    "Sort Space Type": "Memory",
                    "Workers": [
                      {
                        "Worker Number": 0,
                        "Sort Method": "quicksort",
                        "Sort Space Used": 111725,
                        "Sort Space Type": "Memory"
                      }
                    ],
                    "Plans": [
                      {
                        "Node Type": "Index Scan",
                        "Parent Relationship": "Outer",
                        "Parallel Aware": false,
                        "Scan Direction": "Forward",
                        "Index Name": "company_type_id_movie_companies",
                        "Relation Name": "movie_companies",
                        "Alias": "mc",
                        "Startup Cost": 0.43,
                        "Total Cost": 46387.42,
                        "Plan Rows": 1324742,
                        "Plan Width": 4,
                        "Actual Startup Time": 0.109,
                        "Actual Total Time": 218.579,
                        "Actual Rows": 1334883,
                        "Actual Loops": 2,
                        "Index Cond": "(company_type_id = 2)",
                        "Rows Removed by Index Recheck": 0
                      }
                    ]
                  }
                ]
              }
            ]
          }
        ]
      }
    ]
  },
  "Planning Time": 1.153,
  "Triggers": [],
  "Execution Time": 3075.878
}