[
    {
        "Bao": {
            "Bao prediction": "NaN",
            "Bao recommended hint": "(no hint)"
        }
    },
    {
        "Plan": {
            "Node Type": "Aggregate",
            "Strategy": "Plain",
            "Partial Mode": "Simple",
            "Parallel Aware": false,
            "Startup Cost": 117272.95,
            "Total Cost": 117272.96,
            "Plan Rows": 1,
            "Plan Width": 8,
            "Actual Startup Time": 32.138,
            "Actual Total Time": 32.139,
            "Actual Rows": 1,
            "Actual Loops": 1,
            "Output": [
                "count(*)"
            ],
            "Plans": [
                {
                    "Node Type": "Index Only Scan",
                    "Parent Relationship": "Outer",
                    "Parallel Aware": false,
                    "Scan Direction": "Forward",
                    "Index Name": "person_id_cast_info",
                    "Relation Name": "cast_info",
                    "Schema": "public",
                    "Alias": "ci",
                    "Startup Cost": 0.56,
                    "Total Cost": 117112.69,
                    "Plan Rows": 64105,
                    "Plan Width": 0,
                    "Actual Startup Time": 0.029,
                    "Actual Total Time": 25.519,
                    "Actual Rows": 80177,
                    "Actual Loops": 1,
                    "Output": [
                        "person_id"
                    ],
                    "Index Cond": "(ci.person_id > 4049292)",
                    "Rows Removed by Index Recheck": 0,
                    "Heap Fetches": 80177
                }
            ]
        },
        "Planning Time": 189.529,
        "Triggers": [],
        "Execution Time": 32.193
    }
]