{
  "Plan": {
    "Node Type": "Aggregate",
    "Strategy": "Plain",
    "Partial Mode": "Finalize",
    "Parallel Aware": false,
    "Startup Cost": 331186.55,
    "Total Cost": 331186.56,
    "Plan Rows": 1,
    "Plan Width": 8,
    "Actual Startup Time": 1602.435,
    "Actual Total Time": 1651.392,
    "Actual Rows": 1,
    "Actual Loops": 1,
    "Plans": [
      {
        "Node Type": "Gather",
        "Parent Relationship": "Outer",
        "Parallel Aware": false,
        "Startup Cost": 331186.44,
        "Total Cost": 331186.55,
        "Plan Rows": 1,
        "Plan Width": 8,
        "Actual Startup Time": 1602.304,
        "Actual Total Time": 1651.369,
        "Actual Rows": 2,
        "Actual Loops": 1,
        "Workers Planned": 1,
        "Workers Launched": 1,
        "Single Copy": false,
        "Plans": [
          {
            "Node Type": "Aggregate",
            "Strategy": "Plain",
            "Partial Mode": "Partial",
            "Parent Relationship": "Outer",
            "Parallel Aware": false,
            "Startup Cost": 330186.44,
            "Total Cost": 330186.45,
            "Plan Rows": 1,
            "Plan Width": 8,
            "Actual Startup Time": 1596.788,
            "Actual Total Time": 1596.792,
            "Actual Rows": 1,
            "Actual Loops": 2,
            "Plans": [
              {
                "Node Type": "Hash Join",
                "Parent Relationship": "Outer",
                "Parallel Aware": true,
                "Join Type": "Inner",
                "Startup Cost": 58350.94,
                "Total Cost": 330134.43,
                "Plan Rows": 20802,
                "Plan Width": 0,
                "Actual Startup Time": 160.349,
                "Actual Total Time": 1594.562,
                "Actual Rows": 32418,
                "Actual Loops": 2,
                "Inner Unique": true,
                "Hash Cond": "(mi.movie_id = t.id)",
                "Plans": [
                  {
                    "Node Type": "Seq Scan",
                    "Parent Relationship": "Outer",
                    "Parallel Aware": true,
                    "Relation Name": "movie_info",
                    "Alias": "mi",
                    "Startup Cost": 0.0,
                    "Total Cost": 248955.74,
                    "Plan Rows": 8696274,
                    "Plan Width": 4,
                    "Actual Startup Time": 0.012,
                    "Actual Total Time": 740.081,
                    "Actual Rows": 7417860,
                    "Actual Loops": 2
                  },
                  {
                    "Node Type": "Hash",
                    "Parent Relationship": "Inner",
                    "Parallel Aware": true,
                    "Startup Cost": 58306.47,
                    "Total Cost": 58306.47,
                    "Plan Rows": 3558,
                    "Plan Width": 4,
                    "Actual Startup Time": 158.444,
                    "Actual Total Time": 158.445,
                    "Actual Rows": 3086,
                    "Actual Loops": 2,
                    "Hash Buckets": 8192,
                    "Original Hash Buckets": 8192,
                    "Hash Batches": 1,
                    "Original Hash Batches": 1,
                    "Peak Memory Usage": 352,
                    "Plans": [
                      {
                        "Node Type": "Seq Scan",
                        "Parent Relationship": "Outer",
                        "Parallel Aware": true,
                        "Relation Name": "title",
                        "Alias": "t",
                        "Startup Cost": 0.0,
                        "Total Cost": 58306.47,
                        "Plan Rows": 3558,
                        "Plan Width": 4,
                        "Actual Startup Time": 1.574,
                        "Actual Total Time": 157.165,
                        "Actual Rows": 3086,
                        "Actual Loops": 2,
                        "Filter": "((kind_id < 7) AND (production_year = 1971))",
                        "Rows Removed by Filter": 1261070
                      }
                    ]
                  }
                ]
              }
            ]
          }
        ]
      }
    ]
  },
  "Planning Time": 0.468,
  "Triggers": [],
  "Execution Time": 1651.472
}