[
  {
    "Plan": {
      "Node Type": "Aggregate",
      "Strategy": "Plain",
      "Partial Mode": "Finalize",
      "Parallel Aware": false,
      "Startup Cost": 44933.47,
      "Total Cost": 44933.48,
      "Plan Rows": 1,
      "Plan Width": 8,
      "Actual Startup Time": 91.311,
      "Actual Total Time": 103.452,
      "Actual Rows": 1,
      "Actual Loops": 1,
      "Plans": [
        {
          "Node Type": "Gather",
          "Parent Relationship": "Outer",
          "Parallel Aware": false,
          "Startup Cost": 44933.05,
          "Total Cost": 44933.46,
          "Plan Rows": 4,
          "Plan Width": 8,
          "Actual Startup Time": 91.13,
          "Actual Total Time": 103.444,
          "Actual Rows": 5,
          "Actual Loops": 1,
          "Workers Planned": 4,
          "Workers Launched": 4,
          "Single Copy": false,
          "Plans": [
            {
              "Node Type": "Aggregate",
              "Strategy": "Plain",
              "Partial Mode": "Partial",
              "Parent Relationship": "Outer",
              "Parallel Aware": false,
              "Startup Cost": 43933.05,
              "Total Cost": 43933.06,
              "Plan Rows": 1,
              "Plan Width": 8,
              "Actual Startup Time": 84.64,
              "Actual Total Time": 84.641,
              "Actual Rows": 1,
              "Actual Loops": 5,
              "Plans": [
                {
                  "Node Type": "Seq Scan",
                  "Parent Relationship": "Outer",
                  "Parallel Aware": true,
                  "Relation Name": "title",
                  "Alias": "t",
                  "Startup Cost": 0.0,
                  "Total Cost": 43898.92,
                  "Plan Rows": 13653,
                  "Plan Width": 0,
                  "Actual Startup Time": 0.047,
                  "Actual Total Time": 83.617,
                  "Actual Rows": 10113,
                  "Actual Loops": 5,
                  "Filter": "(production_year = 1999)",
                  "Rows Removed by Filter": 495550
                }
              ]
            }
          ]
        }
      ]
    },
    "Planning Time": 0.078,
    "Triggers": [],
    "Execution Time": 103.488
  }
]