[
  {
    "Plan": {
      "Node Type": "Aggregate",
      "Strategy": "Plain",
      "Partial Mode": "Finalize",
      "Parallel Aware": false,
      "Startup Cost": 68911.46,
      "Total Cost": 68911.47,
      "Plan Rows": 1,
      "Plan Width": 8,
      "Actual Startup Time": 188.294,
      "Actual Total Time": 206.8,
      "Actual Rows": 1,
      "Actual Loops": 1,
      "Plans": [
        {
          "Node Type": "Gather",
          "Parent Relationship": "Outer",
          "Parallel Aware": false,
          "Startup Cost": 68911.14,
          "Total Cost": 68911.45,
          "Plan Rows": 3,
          "Plan Width": 8,
          "Actual Startup Time": 186.517,
          "Actual Total Time": 206.785,
          "Actual Rows": 4,
          "Actual Loops": 1,
          "Workers Planned": 3,
          "Workers Launched": 3,
          "Single Copy": false,
          "Plans": [
            {
              "Node Type": "Aggregate",
              "Strategy": "Plain",
              "Partial Mode": "Partial",
              "Parent Relationship": "Outer",
              "Parallel Aware": false,
              "Startup Cost": 67911.14,
              "Total Cost": 67911.15,
              "Plan Rows": 1,
              "Plan Width": 8,
              "Actual Startup Time": 177.069,
              "Actual Total Time": 177.073,
              "Actual Rows": 1,
              "Actual Loops": 4,
              "Plans": [
                {
                  "Node Type": "Hash Join",
                  "Parent Relationship": "Outer",
                  "Parallel Aware": true,
                  "Join Type": "Inner",
                  "Startup Cost": 48678.46,
                  "Total Cost": 67905.04,
                  "Plan Rows": 2438,
                  "Plan Width": 0,
                  "Actual Startup Time": 170.306,
                  "Actual Total Time": 176.928,
                  "Actual Rows": 2315,
                  "Actual Loops": 4,
                  "Inner Unique": true,
                  "Hash Cond": "(mc.movie_id = t.id)",
                  "Plans": [
                    {
                      "Node Type": "Bitmap Heap Scan",
                      "Parent Relationship": "Outer",
                      "Parallel Aware": true,
                      "Relation Name": "movie_companies",
                      "Alias": "mc",
                      "Startup Cost": 1788.17,
                      "Total Cost": 20978.92,
                      "Plan Rows": 13654,
                      "Plan Width": 4,
                      "Actual Startup Time": 18.856,
                      "Actual Total Time": 22.578,
                      "Actual Rows": 4388,
                      "Actual Loops": 4,
                      "Recheck Cond": "(company_id < 19)",
                      "Rows Removed by Index Recheck": 0,
                      "Filter": "(company_type_id > 1)",
                      "Rows Removed by Filter": 16630,
                      "Exact Heap Blocks": 3996,
                      "Lossy Heap Blocks": 0,
                      "Plans": [
                        {
                          "Node Type": "Bitmap Index Scan",
                          "Parent Relationship": "Outer",
                          "Parallel Aware": false,
                          "Index Name": "company_id_movie_companies",
                          "Startup Cost": 0.0,
                          "Total Cost": 1777.59,
                          "Plan Rows": 82821,
                          "Plan Width": 0,
                          "Actual Startup Time": 5.626,
                          "Actual Total Time": 5.626,
                          "Actual Rows": 84071,
                          "Actual Loops": 1,
                          "Index Cond": "(company_id < 19)"
                        }
                      ]
                    },
                    {
                      "Node Type": "Hash",
                      "Parent Relationship": "Inner",
                      "Parallel Aware": true,
                      "Startup Cost": 45479.59,
                      "Total Cost": 45479.59,
                      "Plan Rows": 112856,
                      "Plan Width": 4,
                      "Actual Startup Time": 147.967,
                      "Actual Total Time": 147.967,
                      "Actual Rows": 86053,
                      "Actual Loops": 4,
                      "Hash Buckets": 524288,
                      "Original Hash Buckets": 524288,
                      "Hash Batches": 1,
                      "Original Hash Batches": 1,
                      "Peak Memory Usage": 17632,
                      "Plans": [
                        {
                          "Node Type": "Seq Scan",
                          "Parent Relationship": "Outer",
                          "Parallel Aware": true,
                          "Relation Name": "title",
                          "Alias": "t",
                          "Startup Cost": 0.0,
                          "Total Cost": 45479.59,
                          "Plan Rows": 112856,
                          "Plan Width": 4,
                          "Actual Startup Time": 0.05,
                          "Actual Total Time": 114.095,
                          "Actual Rows": 86053,
                          "Actual Loops": 4,
                          "Filter": "((production_year < 1993) AND (kind_id = 7))",
                          "Rows Removed by Filter": 546025
                        }
                      ]
                    }
                  ]
                }
              ]
            }
          ]
        }
      ]
    },
    "Planning Time": 0.644,
    "Triggers": [],
    "Execution Time": 206.883
  }
]