[
  {
    "Plan": {
      "Node Type": "Aggregate",
      "Strategy": "Plain",
      "Partial Mode": "Finalize",
      "Parallel Aware": false,
      "Startup Cost": 68148.07,
      "Total Cost": 68148.08,
      "Plan Rows": 1,
      "Plan Width": 8,
      "Actual Startup Time": 153.037,
      "Actual Total Time": 169.549,
      "Actual Rows": 1,
      "Actual Loops": 1,
      "Plans": [
        {
          "Node Type": "Gather",
          "Parent Relationship": "Outer",
          "Parallel Aware": false,
          "Startup Cost": 68147.65,
          "Total Cost": 68148.06,
          "Plan Rows": 4,
          "Plan Width": 8,
          "Actual Startup Time": 152.559,
          "Actual Total Time": 169.541,
          "Actual Rows": 5,
          "Actual Loops": 1,
          "Workers Planned": 4,
          "Workers Launched": 4,
          "Single Copy": false,
          "Plans": [
            {
              "Node Type": "Aggregate",
              "Strategy": "Plain",
              "Partial Mode": "Partial",
              "Parent Relationship": "Outer",
              "Parallel Aware": false,
              "Startup Cost": 67147.65,
              "Total Cost": 67147.66,
              "Plan Rows": 1,
              "Plan Width": 8,
              "Actual Startup Time": 141.966,
              "Actual Total Time": 141.97,
              "Actual Rows": 1,
              "Actual Loops": 5,
              "Plans": [
                {
                  "Node Type": "Hash Join",
                  "Parent Relationship": "Outer",
                  "Parallel Aware": true,
                  "Join Type": "Inner",
                  "Startup Cost": 21086.19,
                  "Total Cost": 67143.01,
                  "Plan Rows": 1854,
                  "Plan Width": 0,
                  "Actual Startup Time": 35.451,
                  "Actual Total Time": 141.713,
                  "Actual Rows": 1852,
                  "Actual Loops": 5,
                  "Inner Unique": false,
                  "Hash Cond": "(t.id = mc.movie_id)",
                  "Plans": [
                    {
                      "Node Type": "Seq Scan",
                      "Parent Relationship": "Outer",
                      "Parallel Aware": true,
                      "Relation Name": "title",
                      "Alias": "t",
                      "Startup Cost": 0.0,
                      "Total Cost": 45479.1,
                      "Plan Rows": 114348,
                      "Plan Width": 4,
                      "Actual Startup Time": 0.02,
                      "Actual Total Time": 94.688,
                      "Actual Rows": 68842,
                      "Actual Loops": 5,
                      "Filter": "((production_year < 1993) AND (kind_id = 7))",
                      "Rows Removed by Filter": 436820
                    },
                    {
                      "Node Type": "Hash",
                      "Parent Relationship": "Inner",
                      "Parallel Aware": true,
                      "Startup Cost": 20920.89,
                      "Total Cost": 20920.89,
                      "Plan Rows": 13224,
                      "Plan Width": 4,
                      "Actual Startup Time": 34.655,
                      "Actual Total Time": 34.656,
                      "Actual Rows": 3510,
                      "Actual Loops": 5,
                      "Hash Buckets": 65536,
                      "Original Hash Buckets": 65536,
                      "Hash Batches": 1,
                      "Original Hash Batches": 1,
                      "Peak Memory Usage": 1312,
                      "Plans": [
                        {
                          "Node Type": "Bitmap Heap Scan",
                          "Parent Relationship": "Outer",
                          "Parallel Aware": true,
                          "Relation Name": "movie_companies",
                          "Alias": "mc",
                          "Startup Cost": 1740.22,
                          "Total Cost": 20920.89,
                          "Plan Rows": 13224,
                          "Plan Width": 4,
                          "Actual Startup Time": 27.794,
                          "Actual Total Time": 32.906,
                          "Actual Rows": 3510,
                          "Actual Loops": 5,
                          "Recheck Cond": "(company_id < 19)",
                          "Rows Removed by Index Recheck": 0,
                          "Filter": "(company_type_id > 1)",
                          "Rows Removed by Filter": 13304,
                          "Exact Heap Blocks": 5116,
                          "Lossy Heap Blocks": 0,
                          "Plans": [
                            {
                              "Node Type": "Bitmap Index Scan",
                              "Parent Relationship": "Outer",
                              "Parallel Aware": false,
                              "Index Name": "company_id_movie_companies",
                              "Startup Cost": 0.0,
                              "Total Cost": 1729.97,
                              "Plan Rows": 80739,
                              "Plan Width": 0,
                              "Actual Startup Time": 12.725,
                              "Actual Total Time": 12.725,
                              "Actual Rows": 84071,
                              "Actual Loops": 1,
                              "Index Cond": "(company_id < 19)"
                            }
                          ]
                        }
                      ]
                    }
                  ]
                }
              ]
            }
          ]
        }
      ]
    },
    "Planning Time": 0.773,
    "Triggers": [],
    "Execution Time": 169.707
  }
]