{
  "Plan": {
    "Node Type": "Aggregate",
    "Strategy": "Plain",
    "Partial Mode": "Finalize",
    "Parallel Aware": false,
    "Startup Cost": 111363.8,
    "Total Cost": 111363.81,
    "Plan Rows": 1,
    "Plan Width": 8,
    "Actual Startup Time": 709.526,
    "Actual Total Time": 725.329,
    "Actual Rows": 1,
    "Actual Loops": 1,
    "Plans": [
      {
        "Node Type": "Gather",
        "Parent Relationship": "Outer",
        "Parallel Aware": false,
        "Startup Cost": 111363.69,
        "Total Cost": 111363.8,
        "Plan Rows": 1,
        "Plan Width": 8,
        "Actual Startup Time": 707.562,
        "Actual Total Time": 725.322,
        "Actual Rows": 2,
        "Actual Loops": 1,
        "Workers Planned": 1,
        "Workers Launched": 1,
        "Single Copy": false,
        "Plans": [
          {
            "Node Type": "Aggregate",
            "Strategy": "Plain",
            "Partial Mode": "Partial",
            "Parent Relationship": "Outer",
            "Parallel Aware": false,
            "Startup Cost": 110363.69,
            "Total Cost": 110363.7,
            "Plan Rows": 1,
            "Plan Width": 8,
            "Actual Startup Time": 701.787,
            "Actual Total Time": 701.79,
            "Actual Rows": 1,
            "Actual Loops": 2,
            "Plans": [
              {
                "Node Type": "Hash Join",
                "Parent Relationship": "Outer",
                "Parallel Aware": true,
                "Join Type": "Inner",
                "Startup Cost": 46831.79,
                "Total Cost": 109359.67,
                "Plan Rows": 401605,
                "Plan Width": 0,
                "Actual Startup Time": 238.904,
                "Actual Total Time": 683.424,
                "Actual Rows": 463006,
                "Actual Loops": 2,
                "Inner Unique": false,
                "Hash Cond": "(t.id = mc.movie_id)",
                "Plans": [
                  {
                    "Node Type": "Seq Scan",
                    "Parent Relationship": "Outer",
                    "Parallel Aware": true,
                    "Relation Name": "title",
                    "Alias": "t",
                    "Startup Cost": 0.0,
                    "Total Cost": 50870.31,
                    "Plan Rows": 1487231,
                    "Plan Width": 4,
                    "Actual Startup Time": 0.009,
                    "Actual Total Time": 115.354,
                    "Actual Rows": 1264156,
                    "Actual Loops": 2
                  },
                  {
                    "Node Type": "Hash",
                    "Parent Relationship": "Inner",
                    "Parallel Aware": true,
                    "Startup Cost": 41811.73,
                    "Total Cost": 41811.73,
                    "Plan Rows": 401605,
                    "Plan Width": 4,
                    "Actual Startup Time": 229.477,
                    "Actual Total Time": 229.478,
                    "Actual Rows": 463006,
                    "Actual Loops": 2,
                    "Hash Buckets": 1048576,
                    "Original Hash Buckets": 1048576,
                    "Hash Batches": 1,
                    "Original Hash Batches": 1,
                    "Peak Memory Usage": 44448,
                    "Plans": [
                      {
                        "Node Type": "Seq Scan",
                        "Parent Relationship": "Outer",
                        "Parallel Aware": true,
                        "Relation Name": "movie_companies",
                        "Alias": "mc",
                        "Startup Cost": 0.0,
                        "Total Cost": 41811.73,
                        "Plan Rows": 401605,
                        "Plan Width": 4,
                        "Actual Startup Time": 65.371,
                        "Actual Total Time": 136.237,
                        "Actual Rows": 463006,
                        "Actual Loops": 2,
                        "Filter": "((company_id > 11156) AND (company_type_id = 2))",
                        "Rows Removed by Filter": 841558
                      }
                    ]
                  }
                ]
              }
            ]
          }
        ]
      }
    ]
  },
  "Planning Time": 0.717,
  "Triggers": [],
  "Execution Time": 725.398
}