{
  "Plan": {
    "Node Type": "Aggregate",
    "Strategy": "Plain",
    "Partial Mode": "Simple",
    "Parallel Aware": false,
    "Startup Cost": 902576.18,
    "Total Cost": 902576.19,
    "Plan Rows": 1,
    "Plan Width": 96,
    "Actual Startup Time": 6725.081,
    "Actual Total Time": 6872.516,
    "Actual Rows": 1,
    "Actual Loops": 1,
    "Plans": [
      {
        "Node Type": "Gather",
        "Parent Relationship": "Outer",
        "Parallel Aware": false,
        "Startup Cost": 897663.59,
        "Total Cost": 902576.17,
        "Plan Rows": 1,
        "Plan Width": 48,
        "Actual Startup Time": 6692.361,
        "Actual Total Time": 6872.448,
        "Actual Rows": 275,
        "Actual Loops": 1,
        "Workers Planned": 1,
        "Workers Launched": 1,
        "Single Copy": false,
        "Plans": [
          {
            "Node Type": "Hash Join",
            "Parent Relationship": "Outer",
            "Parallel Aware": true,
            "Join Type": "Inner",
            "Startup Cost": 896663.59,
            "Total Cost": 901576.07,
            "Plan Rows": 1,
            "Plan Width": 48,
            "Actual Startup Time": 6687.425,
            "Actual Total Time": 6703.185,
            "Actual Rows": 138,
            "Actual Loops": 2,
            "Inner Unique": true,
            "Hash Cond": "(mi.movie_id = t.id)",
            "Plans": [
              {
                "Node Type": "Hash Join",
                "Parent Relationship": "Outer",
                "Parallel Aware": true,
                "Join Type": "Inner",
                "Startup Cost": 851526.12,
                "Total Cost": 856438.61,
                "Plan Rows": 1,
                "Plan Width": 47,
                "Actual Startup Time": 6368.577,
                "Actual Total Time": 6386.374,
                "Actual Rows": 354,
                "Actual Loops": 2,
                "Inner Unique": false,
                "Hash Cond": "(cn.id = mc.company_id)",
                "Plans": [
                  {
                    "Node Type": "Seq Scan",
                    "Parent Relationship": "Outer",
                    "Parallel Aware": true,
                    "Relation Name": "company_name",
                    "Alias": "cn",
                    "Startup Cost": 0.0,
                    "Total Cost": 4722.92,
                    "Plan Rows": 50548,
                    "Plan Width": 4,
                    "Actual Startup Time": 0.029,
                    "Actual Total Time": 15.371,
                    "Actual Rows": 42422,
                    "Actual Loops": 2,
                    "Filter": "((country_code)::text = '[us]'::text)",
                    "Rows Removed by Filter": 75077
                  },
                  {
                    "Node Type": "Hash",
                    "Parent Relationship": "Inner",
                    "Parallel Aware": true,
                    "Startup Cost": 851526.11,
                    "Total Cost": 851526.11,
                    "Plan Rows": 1,
                    "Plan Width": 51,
                    "Actual Startup Time": 6366.887,
                    "Actual Total Time": 6366.917,
                    "Actual Rows": 1060,
                    "Actual Loops": 2,
                    "Hash Buckets": 2048,
                    "Original Hash Buckets": 1024,
                    "Hash Batches": 1,
                    "Original Hash Batches": 1,
                    "Peak Memory Usage": 248,
                    "Plans": [
                      {
                        "Node Type": "Hash Join",
                        "Parent Relationship": "Outer",
                        "Parallel Aware": true,
                        "Join Type": "Inner",
                        "Startup Cost": 821163.34,
                        "Total Cost": 851526.11,
                        "Plan Rows": 1,
                        "Plan Width": 51,
                        "Actual Startup Time": 6145.648,
                        "Actual Total Time": 6308.768,
                        "Actual Rows": 1060,
                        "Actual Loops": 2,
                        "Inner Unique": false,
                        "Hash Cond": "(mc.movie_id = mi.movie_id)",
                        "Plans": [
                          {
                            "Node Type": "Seq Scan",
                            "Parent Relationship": "Outer",
                            "Parallel Aware": true,
                            "Relation Name": "movie_companies",
                            "Alias": "mc",
                            "Startup Cost": 0.0,
                            "Total Cost": 27206.55,
                            "Plan Rows": 841655,
                            "Plan Width": 8,
                            "Actual Startup Time": 0.023,
                            "Actual Total Time": 112.338,
                            "Actual Rows": 1304564,
                            "Actual Loops": 2
                          },
                          {
                            "Node Type": "Hash",
                            "Parent Relationship": "Inner",
                            "Parallel Aware": true,
                            "Startup Cost": 821163.33,
                            "Total Cost": 821163.33,
                            "Plan Rows": 1,
                            "Plan Width": 43,
                            "Actual Startup Time": 6110.102,
                            "Actual Total Time": 6110.13,
                            "Actual Rows": 88,
                            "Actual Loops": 2,
                            "Hash Buckets": 1024,
                            "Original Hash Buckets": 1024,
                            "Hash Batches": 1,
                            "Original Hash Batches": 1,
                            "Peak Memory Usage": 72,
                            "Plans": [
                              {
                                "Node Type": "Hash Join",
                                "Parent Relationship": "Outer",
                                "Parallel Aware": false,
                                "Join Type": "Inner",
                                "Startup Cost": 749910.55,
                                "Total Cost": 821163.33,
                                "Plan Rows": 1,
                                "Plan Width": 43,
                                "Actual Startup Time": 5933.436,
                                "Actual Total Time": 6108.075,
                                "Actual Rows": 88,
                                "Actual Loops": 2,
                                "Inner Unique": true,
                                "Hash Cond": "(ci.role_id = rt.id)",
                                "Plans": [
                                  {
                                    "Node Type": "Hash Join",
                                    "Parent Relationship": "Outer",
                                    "Parallel Aware": true,
                                    "Join Type": "Inner",
                                    "Startup Cost": 749909.39,
                                    "Total Cost": 821162.16,
                                    "Plan Rows": 1,
                                    "Plan Width": 47,
                                    "Actual Startup Time": 5933.349,
                                    "Actual Total Time": 6107.966,
                                    "Actual Rows": 88,
                                    "Actual Loops": 2,
                                    "Inner Unique": true,
                                    "Hash Cond": "(ci.person_role_id = chn.id)",
                                    "Plans": [
                                      {
                                        "Node Type": "Hash Join",
                                        "Parent Relationship": "Outer",
                                        "Parallel Aware": false,
                                        "Join Type": "Inner",
                                        "Startup Cost": 695797.47,
                                        "Total Cost": 767050.24,
                                        "Plan Rows": 1,
                                        "Plan Width": 35,
                                        "Actual Startup Time": 4929.346,
                                        "Actual Total Time": 5101.984,
                                        "Actual Rows": 88,
                                        "Actual Loops": 2,
                                        "Inner Unique": true,
                                        "Hash Cond": "(mi.info_type_id = it.id)",
                                        "Plans": [
                                          {
                                            "Node Type": "Hash Join",
                                            "Parent Relationship": "Outer",
                                            "Parallel Aware": true,
                                            "Join Type": "Inner",
                                            "Startup Cost": 695795.04,
                                            "Total Cost": 767047.81,
                                            "Plan Rows": 1,
                                            "Plan Width": 39,
                                            "Actual Startup Time": 4929.244,
                                            "Actual Total Time": 5101.86,
                                            "Actual Rows": 88,
                                            "Actual Loops": 2,
                                            "Inner Unique": false,
                                            "Hash Cond": "(n.id = ci.person_id)",
                                            "Plans": [
                                              {
                                                "Node Type": "Seq Scan",
                                                "Parent Relationship": "Outer",
                                                "Parallel Aware": true,
                                                "Relation Name": "name",
                                                "Alias": "n",
                                                "Startup Cost": 0.0,
                                                "Total Cost": 71240.66,
                                                "Plan Rows": 2419,
                                                "Plan Width": 19,
                                                "Actual Startup Time": 117.631,
                                                "Actual Total Time": 288.209,
                                                "Actual Rows": 25006,
                                                "Actual Loops": 2,
                                                "Filter": "((name ~~ '%An%'::text) AND ((gender)::text = 'f'::text))",
                                                "Rows Removed by Filter": 2058740
                                              },
                                              {
                                                "Node Type": "Hash",
                                                "Parent Relationship": "Inner",
                                                "Parallel Aware": true,
                                                "Startup Cost": 695794.06,
                                                "Total Cost": 695794.06,
                                                "Plan Rows": 79,
                                                "Plan Width": 32,
                                                "Actual Startup Time": 4809.612,
                                                "Actual Total Time": 4809.627,
                                                "Actual Rows": 12003,
                                                "Actual Loops": 2,
                                                "Hash Buckets": 32768,
                                                "Original Hash Buckets": 1024,
                                                "Hash Batches": 1,
                                                "Original Hash Batches": 1,
                                                "Peak Memory Usage": 2040,
                                                "Plans": [
                                                  {
                                                    "Node Type": "Hash Join",
                                                    "Parent Relationship": "Outer",
                                                    "Parallel Aware": true,
                                                    "Join Type": "Inner",
                                                    "Startup Cost": 680400.03,
                                                    "Total Cost": 695794.06,
                                                    "Plan Rows": 79,
                                                    "Plan Width": 32,
                                                    "Actual Startup Time": 4701.973,
                                                    "Actual Total Time": 4798.473,
                                                    "Actual Rows": 12003,
                                                    "Actual Loops": 2,
                                                    "Inner Unique": false,
                                                    "Hash Cond": "(an.person_id = ci.person_id)",
                                                    "Plans": [
                                                      {
                                                        "Node Type": "Seq Scan",
                                                        "Parent Relationship": "Outer",
                                                        "Parallel Aware": true,
                                                        "Relation Name": "aka_name",
                                                        "Alias": "an",
                                                        "Startup Cost": 0.0,
                                                        "Total Cost": 14303.56,
                                                        "Plan Rows": 290756,
                                                        "Plan Width": 4,
                                                        "Actual Startup Time": 0.017,
                                                        "Actual Total Time": 60.356,
                                                        "Actual Rows": 450672,
                                                        "Actual Loops": 2
                                                      },
                                                      {
                                                        "Node Type": "Hash",
                                                        "Parent Relationship": "Inner",
                                                        "Parallel Aware": true,
                                                        "Startup Cost": 680399.82,
                                                        "Total Cost": 680399.82,
                                                        "Plan Rows": 17,
                                                        "Plan Width": 28,
                                                        "Actual Startup Time": 4701.704,
                                                        "Actual Total Time": 4701.716,
                                                        "Actual Rows": 5362,
                                                        "Actual Loops": 2,
                                                        "Hash Buckets": 16384,
                                                        "Original Hash Buckets": 1024,
                                                        "Hash Batches": 1,
                                                        "Original Hash Batches": 1,
                                                        "Peak Memory Usage": 952,
                                                        "Plans": [
                                                          {
                                                            "Node Type": "Hash Join",
                                                            "Parent Relationship": "Outer",
                                                            "Parallel Aware": true,
                                                            "Join Type": "Inner",
                                                            "Startup Cost": 336306.82,
                                                            "Total Cost": 680399.82,
                                                            "Plan Rows": 17,
                                                            "Plan Width": 28,
                                                            "Actual Startup Time": 2762.514,
                                                            "Actual Total Time": 4618.281,
                                                            "Actual Rows": 5362,
                                                            "Actual Loops": 2,
                                                            "Inner Unique": false,
                                                            "Hash Cond": "(ci.movie_id = mi.movie_id)",
                                                            "Plans": [
                                                              {
                                                                "Node Type": "Seq Scan",
                                                                "Parent Relationship": "Outer",
                                                                "Parallel Aware": true,
                                                                "Relation Name": "cast_info",
                                                                "Alias": "ci",
                                                                "Startup Cost": 0.0,
                                                                "Total Cost": 343331.56,
                                                                "Plan Rows": 152283,
                                                                "Plan Width": 16,
                                                                "Actual Startup Time": 0.051,
                                                                "Actual Total Time": 1818.304,
                                                                "Actual Rows": 433738,
                                                                "Actual Loops": 2,
                                                                "Filter": "(note = ANY ('{(voice),\"(voice: Japanese version)\",\"(voice) (uncredited)\",\"(voice: English version)\"}'::text[]))",
                                                                "Rows Removed by Filter": 17688434
                                                              },
                                                              {
                                                                "Node Type": "Hash",
                                                                "Parent Relationship": "Inner",
                                                                "Parallel Aware": true,
                                                                "Startup Cost": 336306.54,
                                                                "Total Cost": 336306.54,
                                                                "Plan Rows": 22,
                                                                "Plan Width": 12,
                                                                "Actual Startup Time": 2761.267,
                                                                "Actual Total Time": 2761.274,
                                                                "Actual Rows": 878,
                                                                "Actual Loops": 2,
                                                                "Hash Buckets": 2048,
                                                                "Original Hash Buckets": 1024,
                                                                "Hash Batches": 1,
                                                                "Original Hash Batches": 1,
                                                                "Peak Memory Usage": 152,
                                                                "Plans": [
                                                                  {
                                                                    "Node Type": "Hash Join",
                                                                    "Parent Relationship": "Outer",
                                                                    "Parallel Aware": false,
                                                                    "Join Type": "Inner",
                                                                    "Startup Cost": 129316.76,
                                                                    "Total Cost": 336306.54,
                                                                    "Plan Rows": 22,
                                                                    "Plan Width": 12,
                                                                    "Actual Startup Time": 1604.774,
                                                                    "Actual Total Time": 2286.984,
                                                                    "Actual Rows": 878,
                                                                    "Actual Loops": 2,
                                                                    "Inner Unique": false,
                                                                    "Hash Cond": "(mi.movie_id = mk.movie_id)",
                                                                    "Plans": [
                                                                      {
                                                                        "Node Type": "Seq Scan",
                                                                        "Parent Relationship": "Outer",
                                                                        "Parallel Aware": true,
                                                                        "Relation Name": "movie_info",
                                                                        "Alias": "mi",
                                                                        "Startup Cost": 0.0,
                                                                        "Total Cost": 206598.52,
                                                                        "Plan Rows": 78208,
                                                                        "Plan Width": 8,
                                                                        "Actual Startup Time": 141.16,
                                                                        "Actual Total Time": 946.639,
                                                                        "Actual Rows": 150624,
                                                                        "Actual Loops": 2,
                                                                        "Filter": "((info IS NOT NULL) AND ((info ~~ 'Japan:%201%'::text) OR (info ~~ 'USA:%201%'::text)))",
                                                                        "Rows Removed by Filter": 7267236
                                                                      },
                                                                      {
                                                                        "Node Type": "Hash",
                                                                        "Parent Relationship": "Inner",
                                                                        "Parallel Aware": false,
                                                                        "Startup Cost": 129315.5,
                                                                        "Total Cost": 129315.5,
                                                                        "Plan Rows": 101,
                                                                        "Plan Width": 4,
                                                                        "Actual Startup Time": 1323.954,
                                                                        "Actual Total Time": 1323.958,
                                                                        "Actual Rows": 9696,
                                                                        "Actual Loops": 2,
                                                                        "Hash Buckets": 16384,
                                                                        "Original Hash Buckets": 1024,
                                                                        "Hash Batches": 1,
                                                                        "Original Hash Batches": 1,
                                                                        "Peak Memory Usage": 469,
                                                                        "Plans": [
                                                                          {
                                                                            "Node Type": "Hash Join",
                                                                            "Parent Relationship": "Outer",
                                                                            "Parallel Aware": false,
                                                                            "Join Type": "Inner",
                                                                            "Startup Cost": 126242.43,
                                                                            "Total Cost": 129315.5,
                                                                            "Plan Rows": 101,
                                                                            "Plan Width": 4,
                                                                            "Actual Startup Time": 1305.874,
                                                                            "Actual Total Time": 1322.722,
                                                                            "Actual Rows": 9696,
                                                                            "Actual Loops": 2,
                                                                            "Inner Unique": false,
                                                                            "Hash Cond": "(k.id = mk.keyword_id)",
                                                                            "Plans": [
                                                                              {
                                                                                "Node Type": "Seq Scan",
                                                                                "Parent Relationship": "Outer",
                                                                                "Parallel Aware": false,
                                                                                "Relation Name": "keyword",
                                                                                "Alias": "k",
                                                                                "Startup Cost": 0.0,
                                                                                "Total Cost": 2793.84,
                                                                                "Plan Rows": 3,
                                                                                "Plan Width": 4,
                                                                                "Actual Startup Time": 0.047,
                                                                                "Actual Total Time": 13.785,
                                                                                "Actual Rows": 3,
                                                                                "Actual Loops": 2,
                                                                                "Filter": "(keyword = ANY ('{hero,martial-arts,hand-to-hand-combat}'::text[]))",
                                                                                "Rows Removed by Filter": 134167
                                                                              },
                                                                              {
                                                                                "Node Type": "Hash",
                                                                                "Parent Relationship": "Inner",
                                                                                "Parallel Aware": false,
                                                                                "Startup Cost": 69693.3,
                                                                                "Total Cost": 69693.3,
                                                                                "Plan Rows": 4523930,
                                                                                "Plan Width": 8,
                                                                                "Actual Startup Time": 1257.795,
                                                                                "Actual Total Time": 1257.796,
                                                                                "Actual Rows": 4523930,
                                                                                "Actual Loops": 2,
                                                                                "Hash Buckets": 8388608,
                                                                                "Original Hash Buckets": 8388608,
                                                                                "Hash Batches": 1,
                                                                                "Original Hash Batches": 1,
                                                                                "Peak Memory Usage": 242253,
                                                                                "Plans": [
                                                                                  {
                                                                                    "Node Type": "Seq Scan",
                                                                                    "Parent Relationship": "Outer",
                                                                                    "Parallel Aware": false,
                                                                                    "Relation Name": "movie_keyword",
                                                                                    "Alias": "mk",
                                                                                    "Startup Cost": 0.0,
                                                                                    "Total Cost": 69693.3,
                                                                                    "Plan Rows": 4523930,
                                                                                    "Plan Width": 8,
                                                                                    "Actual Startup Time": 0.042,
                                                                                    "Actual Total Time": 456.646,
                                                                                    "Actual Rows": 4523930,
                                                                                    "Actual Loops": 2
                                                                                  }
                                                                                ]
                                                                              }
                                                                            ]
                                                                          }
                                                                        ]
                                                                      }
                                                                    ]
                                                                  }
                                                                ]
                                                              }
                                                            ]
                                                          }
                                                        ]
                                                      }
                                                    ]
                                                  }
                                                ]
                                              }
                                            ]
                                          },
                                          {
                                            "Node Type": "Hash",
                                            "Parent Relationship": "Inner",
                                            "Parallel Aware": false,
                                            "Startup Cost": 2.41,
                                            "Total Cost": 2.41,
                                            "Plan Rows": 1,
                                            "Plan Width": 4,
                                            "Actual Startup Time": 0.066,
                                            "Actual Total Time": 0.067,
                                            "Actual Rows": 1,
                                            "Actual Loops": 2,
                                            "Hash Buckets": 1024,
                                            "Original Hash Buckets": 1024,
                                            "Hash Batches": 1,
                                            "Original Hash Batches": 1,
                                            "Peak Memory Usage": 9,
                                            "Plans": [
                                              {
                                                "Node Type": "Seq Scan",
                                                "Parent Relationship": "Outer",
                                                "Parallel Aware": false,
                                                "Relation Name": "info_type",
                                                "Alias": "it",
                                                "Startup Cost": 0.0,
                                                "Total Cost": 2.41,
                                                "Plan Rows": 1,
                                                "Plan Width": 4,
                                                "Actual Startup Time": 0.053,
                                                "Actual Total Time": 0.059,
                                                "Actual Rows": 1,
                                                "Actual Loops": 2,
                                                "Filter": "((info)::text = 'release dates'::text)",
                                                "Rows Removed by Filter": 112
                                              }
                                            ]
                                          }
                                        ]
                                      },
                                      {
                                        "Node Type": "Hash",
                                        "Parent Relationship": "Inner",
                                        "Parallel Aware": true,
                                        "Startup Cost": 44298.63,
                                        "Total Cost": 44298.63,
                                        "Plan Rows": 785063,
                                        "Plan Width": 20,
                                        "Actual Startup Time": 984.377,
                                        "Actual Total Time": 984.379,
                                        "Actual Rows": 1570170,
                                        "Actual Loops": 2,
                                        "Hash Buckets": 4194304,
                                        "Original Hash Buckets": 4194304,
                                        "Hash Batches": 1,
                                        "Original Hash Batches": 1,
                                        "Peak Memory Usage": 205056,
                                        "Plans": [
                                          {
                                            "Node Type": "Seq Scan",
                                            "Parent Relationship": "Outer",
                                            "Parallel Aware": true,
                                            "Relation Name": "char_name",
                                            "Alias": "chn",
                                            "Startup Cost": 0.0,
                                            "Total Cost": 44298.63,
                                            "Plan Rows": 785063,
                                            "Plan Width": 20,
                                            "Actual Startup Time": 0.03,
                                            "Actual Total Time": 254.483,
                                            "Actual Rows": 1570170,
                                            "Actual Loops": 2
                                          }
                                        ]
                                      }
                                    ]
                                  },
                                  {
                                    "Node Type": "Hash",
                                    "Parent Relationship": "Inner",
                                    "Parallel Aware": false,
                                    "Startup Cost": 1.15,
                                    "Total Cost": 1.15,
                                    "Plan Rows": 1,
                                    "Plan Width": 4,
                                    "Actual Startup Time": 0.057,
                                    "Actual Total Time": 0.058,
                                    "Actual Rows": 1,
                                    "Actual Loops": 2,
                                    "Hash Buckets": 1024,
                                    "Original Hash Buckets": 1024,
                                    "Hash Batches": 1,
                                    "Original Hash Batches": 1,
                                    "Peak Memory Usage": 9,
                                    "Plans": [
                                      {
                                        "Node Type": "Seq Scan",
                                        "Parent Relationship": "Outer",
                                        "Parallel Aware": false,
                                        "Relation Name": "role_type",
                                        "Alias": "rt",
                                        "Startup Cost": 0.0,
                                        "Total Cost": 1.15,
                                        "Plan Rows": 1,
                                        "Plan Width": 4,
                                        "Actual Startup Time": 0.045,
                                        "Actual Total Time": 0.047,
                                        "Actual Rows": 1,
                                        "Actual Loops": 2,
                                        "Filter": "((role)::text = 'actress'::text)",
                                        "Rows Removed by Filter": 11
                                      }
                                    ]
                                  }
                                ]
                              }
                            ]
                          }
                        ]
                      }
                    ]
                  }
                ]
              },
              {
                "Node Type": "Hash",
                "Parent Relationship": "Inner",
                "Parallel Aware": true,
                "Startup Cost": 43899.59,
                "Total Cost": 43899.59,
                "Plan Rows": 99030,
                "Plan Width": 21,
                "Actual Startup Time": 313.215,
                "Actual Total Time": 313.216,
                "Actual Rows": 195833,
                "Actual Loops": 2,
                "Hash Buckets": 524288,
                "Original Hash Buckets": 524288,
                "Hash Batches": 1,
                "Original Hash Batches": 1,
                "Peak Memory Usage": 26240,
                "Plans": [
                  {
                    "Node Type": "Seq Scan",
                    "Parent Relationship": "Outer",
                    "Parallel Aware": true,
                    "Relation Name": "title",
                    "Alias": "t",
                    "Startup Cost": 0.0,
                    "Total Cost": 43899.59,
                    "Plan Rows": 99030,
                    "Plan Width": 21,
                    "Actual Startup Time": 0.043,
                    "Actual Total Time": 226.683,
                    "Actual Rows": 195833,
                    "Actual Loops": 2,
                    "Filter": "(production_year > 2010)",
                    "Rows Removed by Filter": 1068323
                  }
                ]
              }
            ]
          }
        ]
      }
    ]
  },
  "Planning Time": 75.685,
  "Triggers": [],
  "Execution Time": 6885.101
}