{
  "Plan": {
    "Node Type": "Aggregate",
    "Strategy": "Plain",
    "Partial Mode": "Finalize",
    "Parallel Aware": false,
    "Startup Cost": 408968.13,
    "Total Cost": 408968.14,
    "Plan Rows": 1,
    "Plan Width": 8,
    "Actual Startup Time": 2220.594,
    "Actual Total Time": 2284.241,
    "Actual Rows": 1,
    "Actual Loops": 1,
    "Plans": [
      {
        "Node Type": "Gather",
        "Parent Relationship": "Outer",
        "Parallel Aware": false,
        "Startup Cost": 408968.02,
        "Total Cost": 408968.13,
        "Plan Rows": 1,
        "Plan Width": 8,
        "Actual Startup Time": 2218.22,
        "Actual Total Time": 2284.23,
        "Actual Rows": 2,
        "Actual Loops": 1,
        "Workers Planned": 1,
        "Workers Launched": 1,
        "Single Copy": false,
        "Plans": [
          {
            "Node Type": "Aggregate",
            "Strategy": "Plain",
            "Partial Mode": "Partial",
            "Parent Relationship": "Outer",
            "Parallel Aware": false,
            "Startup Cost": 407968.02,
            "Total Cost": 407968.03,
            "Plan Rows": 1,
            "Plan Width": 8,
            "Actual Startup Time": 2210.394,
            "Actual Total Time": 2210.701,
            "Actual Rows": 1,
            "Actual Loops": 2,
            "Plans": [
              {
                "Node Type": "Hash Join",
                "Parent Relationship": "Outer",
                "Parallel Aware": true,
                "Join Type": "Inner",
                "Startup Cost": 119099.28,
                "Total Cost": 405790.24,
                "Plan Rows": 871112,
                "Plan Width": 0,
                "Actual Startup Time": 530.669,
                "Actual Total Time": 2163.934,
                "Actual Rows": 933642,
                "Actual Loops": 2,
                "Inner Unique": false,
                "Hash Cond": "(mi.movie_id = t.id)",
                "Plans": [
                  {
                    "Node Type": "Seq Scan",
                    "Parent Relationship": "Outer",
                    "Parallel Aware": true,
                    "Relation Name": "movie_info",
                    "Alias": "mi",
                    "Startup Cost": 0.0,
                    "Total Cost": 248955.74,
                    "Plan Rows": 8696274,
                    "Plan Width": 4,
                    "Actual Startup Time": 0.02,
                    "Actual Total Time": 719.376,
                    "Actual Rows": 7417860,
                    "Actual Loops": 2
                  },
                  {
                    "Node Type": "Hash",
                    "Parent Relationship": "Inner",
                    "Parallel Aware": true,
                    "Startup Cost": 117237.07,
                    "Total Cost": 117237.07,
                    "Plan Rows": 148977,
                    "Plan Width": 8,
                    "Actual Startup Time": 526.426,
                    "Actual Total Time": 526.73,
                    "Actual Rows": 65090,
                    "Actual Loops": 2,
                    "Hash Buckets": 262144,
                    "Original Hash Buckets": 262144,
                    "Hash Batches": 1,
                    "Original Hash Batches": 1,
                    "Peak Memory Usage": 7168,
                    "Plans": [
                      {
                        "Node Type": "Hash Join",
                        "Parent Relationship": "Outer",
                        "Parallel Aware": true,
                        "Join Type": "Inner",
                        "Startup Cost": 84005.22,
                        "Total Cost": 117237.07,
                        "Plan Rows": 148977,
                        "Plan Width": 8,
                        "Actual Startup Time": 319.106,
                        "Actual Total Time": 509.55,
                        "Actual Rows": 65090,
                        "Actual Loops": 2,
                        "Inner Unique": true,
                        "Hash Cond": "(mk.movie_id = t.id)",
                        "Plans": [
                          {
                            "Node Type": "Bitmap Heap Scan",
                            "Parent Relationship": "Outer",
                            "Parallel Aware": true,
                            "Relation Name": "movie_keyword",
                            "Alias": "mk",
                            "Startup Cost": 20926.6,
                            "Total Cost": 52635.02,
                            "Plan Rows": 580354,
                            "Plan Width": 4,
                            "Actual Startup Time": 55.037,
                            "Actual Total Time": 157.6,
                            "Actual Rows": 495018,
                            "Actual Loops": 2,
                            "Recheck Cond": "(keyword_id < 930)",
                            "Rows Removed by Index Recheck": 0,
                            "Exact Heap Blocks": 15980,
                            "Lossy Heap Blocks": 0,
                            "Plans": [
                              {
                                "Node Type": "Bitmap Index Scan",
                                "Parent Relationship": "Outer",
                                "Parallel Aware": false,
                                "Index Name": "keyword_id_movie_keyword",
                                "Startup Cost": 0.0,
                                "Total Cost": 20679.95,
                                "Plan Rows": 986602,
                                "Plan Width": 0,
                                "Actual Startup Time": 51.37,
                                "Actual Total Time": 51.37,
                                "Actual Rows": 990036,
                                "Actual Loops": 1,
                                "Index Cond": "(keyword_id < 930)"
                              }
                            ]
                          },
                          {
                            "Node Type": "Hash",
                            "Parent Relationship": "Inner",
                            "Parallel Aware": true,
                            "Startup Cost": 58306.47,
                            "Total Cost": 58306.47,
                            "Plan Rows": 381772,
                            "Plan Width": 4,
                            "Actual Startup Time": 256.492,
                            "Actual Total Time": 256.493,
                            "Actual Rows": 266288,
                            "Actual Loops": 2,
                            "Hash Buckets": 1048576,
                            "Original Hash Buckets": 1048576,
                            "Hash Batches": 1,
                            "Original Hash Batches": 1,
                            "Peak Memory Usage": 29056,
                            "Plans": [
                              {
                                "Node Type": "Seq Scan",
                                "Parent Relationship": "Outer",
                                "Parallel Aware": true,
                                "Relation Name": "title",
                                "Alias": "t",
                                "Startup Cost": 0.0,
                                "Total Cost": 58306.47,
                                "Plan Rows": 381772,
                                "Plan Width": 4,
                                "Actual Startup Time": 0.03,
                                "Actual Total Time": 175.558,
                                "Actual Rows": 266288,
                                "Actual Loops": 2,
                                "Filter": "((kind_id > 1) AND (production_year < 1997))",
                                "Rows Removed by Filter": 997868
                              }
                            ]
                          }
                        ]
                      }
                    ]
                  }
                ]
              }
            ]
          }
        ]
      }
    ]
  },
  "Planning Time": 0.992,
  "Triggers": [],
  "Execution Time": 2284.365
}