[
  {
    "Plan": {
      "Node Type": "Aggregate",
      "Strategy": "Plain",
      "Partial Mode": "Finalize",
      "Parallel Aware": false,
      "Startup Cost": 346617.57,
      "Total Cost": 346617.58,
      "Plan Rows": 1,
      "Plan Width": 8,
      "Actual Startup Time": 658.759,
      "Actual Total Time": 712.984,
      "Actual Rows": 1,
      "Actual Loops": 1,
      "Plans": [
        {
          "Node Type": "Gather",
          "Parent Relationship": "Outer",
          "Parallel Aware": false,
          "Startup Cost": 346616.95,
          "Total Cost": 346617.56,
          "Plan Rows": 6,
          "Plan Width": 8,
          "Actual Startup Time": 658.655,
          "Actual Total Time": 712.965,
          "Actual Rows": 7,
          "Actual Loops": 1,
          "Workers Planned": 6,
          "Workers Launched": 6,
          "Single Copy": false,
          "Plans": [
            {
              "Node Type": "Aggregate",
              "Strategy": "Plain",
              "Partial Mode": "Partial",
              "Parent Relationship": "Outer",
              "Parallel Aware": false,
              "Startup Cost": 345616.95,
              "Total Cost": 345616.96,
              "Plan Rows": 1,
              "Plan Width": 8,
              "Actual Startup Time": 650.646,
              "Actual Total Time": 650.647,
              "Actual Rows": 1,
              "Actual Loops": 7,
              "Plans": [
                {
                  "Node Type": "Seq Scan",
                  "Parent Relationship": "Outer",
                  "Parallel Aware": true,
                  "Relation Name": "cast_info",
                  "Alias": "ci",
                  "Startup Cost": 0.0,
                  "Total Cost": 343257.03,
                  "Plan Rows": 943968,
                  "Plan Width": 0,
                  "Actual Startup Time": 342.095,
                  "Actual Total Time": 600.891,
                  "Actual Rows": 1223200,
                  "Actual Loops": 7,
                  "Filter": "((person_id > 2831183) AND (role_id > 1))",
                  "Rows Removed by Filter": 3954563
                }
              ]
            }
          ]
        }
      ]
    },
    "Planning Time": 0.231,
    "Triggers": [],
    "Execution Time": 713.055
  }
]