[
    {
        "Bao": {
            "Bao prediction": 523.668,
            "Bao recommended hint": "(no hint)"
        }
    },
    {
        "Plan": {
            "Node Type": "Aggregate",
            "Strategy": "Plain",
            "Partial Mode": "Simple",
            "Parallel Aware": false,
            "Startup Cost": 14629.03,
            "Total Cost": 14629.04,
            "Plan Rows": 1,
            "Plan Width": 8,
            "Actual Startup Time": 17.523,
            "Actual Total Time": 17.525,
            "Actual Rows": 1,
            "Actual Loops": 1,
            "Output": [
                "count(*)"
            ],
            "Plans": [
                {
                    "Node Type": "Bitmap Heap Scan",
                    "Parent Relationship": "Outer",
                    "Parallel Aware": false,
                    "Relation Name": "movie_companies",
                    "Schema": "public",
                    "Alias": "mc",
                    "Startup Cost": 166.77,
                    "Total Cost": 14619.65,
                    "Plan Rows": 3751,
                    "Plan Width": 0,
                    "Actual Startup Time": 4.057,
                    "Actual Total Time": 16.41,
                    "Actual Rows": 7005,
                    "Actual Loops": 1,
                    "Recheck Cond": "(mc.company_id = 11141)",
                    "Rows Removed by Index Recheck": 0,
                    "Filter": "(mc.company_type_id < 2)",
                    "Rows Removed by Filter": 2225,
                    "Exact Heap Blocks": 4061,
                    "Lossy Heap Blocks": 0,
                    "Plans": [
                        {
                            "Node Type": "Bitmap Index Scan",
                            "Parent Relationship": "Outer",
                            "Parallel Aware": false,
                            "Index Name": "company_id_movie_companies",
                            "Startup Cost": 0.0,
                            "Total Cost": 165.83,
                            "Plan Rows": 7653,
                            "Plan Width": 0,
                            "Actual Startup Time": 2.207,
                            "Actual Total Time": 2.207,
                            "Actual Rows": 9230,
                            "Actual Loops": 1,
                            "Index Cond": "(mc.company_id = 11141)"
                        }
                    ]
                }
            ]
        },
        "Planning Time": 2539.128,
        "Triggers": [],
        "Execution Time": 17.625
    }
]