{
  "Plan": {
    "Node Type": "Aggregate",
    "Strategy": "Plain",
    "Partial Mode": "Finalize",
    "Parallel Aware": false,
    "Startup Cost": 419918.85,
    "Total Cost": 419918.86,
    "Plan Rows": 1,
    "Plan Width": 8,
    "Actual Startup Time": 1238.055,
    "Actual Total Time": 1257.114,
    "Actual Rows": 1,
    "Actual Loops": 1,
    "Plans": [
      {
        "Node Type": "Gather",
        "Parent Relationship": "Outer",
        "Parallel Aware": false,
        "Startup Cost": 419918.74,
        "Total Cost": 419918.85,
        "Plan Rows": 1,
        "Plan Width": 8,
        "Actual Startup Time": 1232.939,
        "Actual Total Time": 1257.104,
        "Actual Rows": 2,
        "Actual Loops": 1,
        "Workers Planned": 1,
        "Workers Launched": 1,
        "Single Copy": false,
        "Plans": [
          {
            "Node Type": "Aggregate",
            "Strategy": "Plain",
            "Partial Mode": "Partial",
            "Parent Relationship": "Outer",
            "Parallel Aware": false,
            "Startup Cost": 418918.74,
            "Total Cost": 418918.75,
            "Plan Rows": 1,
            "Plan Width": 8,
            "Actual Startup Time": 1228.456,
            "Actual Total Time": 1229.575,
            "Actual Rows": 1,
            "Actual Loops": 2,
            "Plans": [
              {
                "Node Type": "Hash Join",
                "Parent Relationship": "Outer",
                "Parallel Aware": true,
                "Join Type": "Inner",
                "Startup Cost": 396696.23,
                "Total Cost": 417986.58,
                "Plan Rows": 372862,
                "Plan Width": 0,
                "Actual Startup Time": 1040.284,
                "Actual Total Time": 1212.857,
                "Actual Rows": 415298,
                "Actual Loops": 2,
                "Inner Unique": false,
                "Hash Cond": "(mi_idx.movie_id = t.id)",
                "Plans": [
                  {
                    "Node Type": "Seq Scan",
                    "Parent Relationship": "Outer",
                    "Parallel Aware": true,
                    "Relation Name": "movie_info_idx",
                    "Alias": "mi_idx",
                    "Startup Cost": 0.0,
                    "Total Cost": 16052.85,
                    "Plan Rows": 811785,
                    "Plan Width": 4,
                    "Actual Startup Time": 0.019,
                    "Actual Total Time": 48.081,
                    "Actual Rows": 690018,
                    "Actual Loops": 2
                  },
                  {
                    "Node Type": "Hash",
                    "Parent Relationship": "Inner",
                    "Parallel Aware": true,
                    "Startup Cost": 388157.47,
                    "Total Cost": 388157.47,
                    "Plan Rows": 683101,
                    "Plan Width": 8,
                    "Actual Startup Time": 1029.869,
                    "Actual Total Time": 1030.986,
                    "Actual Rows": 561234,
                    "Actual Loops": 2,
                    "Hash Buckets": 2097152,
                    "Original Hash Buckets": 2097152,
                    "Hash Batches": 1,
                    "Original Hash Batches": 1,
                    "Peak Memory Usage": 60320,
                    "Plans": [
                      {
                        "Node Type": "Hash Join",
                        "Parent Relationship": "Outer",
                        "Parallel Aware": true,
                        "Join Type": "Inner",
                        "Startup Cost": 116170.71,
                        "Total Cost": 388157.47,
                        "Plan Rows": 683101,
                        "Plan Width": 8,
                        "Actual Startup Time": 397.631,
                        "Actual Total Time": 871.415,
                        "Actual Rows": 561234,
                        "Actual Loops": 2,
                        "Inner Unique": true,
                        "Hash Cond": "(ci.movie_id = t.id)",
                        "Plans": [
                          {
                            "Node Type": "Bitmap Heap Scan",
                            "Parent Relationship": "Outer",
                            "Parallel Aware": true,
                            "Relation Name": "cast_info",
                            "Alias": "ci",
                            "Startup Cost": 47912.08,
                            "Total Cost": 316549.29,
                            "Plan Rows": 1276016,
                            "Plan Width": 4,
                            "Actual Startup Time": 65.773,
                            "Actual Total Time": 174.572,
                            "Actual Rows": 1079336,
                            "Actual Loops": 2,
                            "Recheck Cond": "(person_id < 211945)",
                            "Rows Removed by Index Recheck": 0,
                            "Exact Heap Blocks": 11970,
                            "Lossy Heap Blocks": 0,
                            "Plans": [
                              {
                                "Node Type": "Bitmap Index Scan",
                                "Parent Relationship": "Outer",
                                "Parallel Aware": false,
                                "Index Name": "person_id_cast_info",
                                "Startup Cost": 0.0,
                                "Total Cost": 47369.78,
                                "Plan Rows": 2169228,
                                "Plan Width": 0,
                                "Actual Startup Time": 62.351,
                                "Actual Total Time": 62.351,
                                "Actual Rows": 2158672,
                                "Actual Loops": 1,
                                "Index Cond": "(person_id < 211945)"
                              }
                            ]
                          },
                          {
                            "Node Type": "Hash",
                            "Parent Relationship": "Inner",
                            "Parallel Aware": true,
                            "Startup Cost": 58306.47,
                            "Total Cost": 58306.47,
                            "Plan Rows": 796173,
                            "Plan Width": 4,
                            "Actual Startup Time": 325.109,
                            "Actual Total Time": 325.109,
                            "Actual Rows": 663890,
                            "Actual Loops": 2,
                            "Hash Buckets": 2097152,
                            "Original Hash Buckets": 2097152,
                            "Hash Batches": 1,
                            "Original Hash Batches": 1,
                            "Peak Memory Usage": 68352,
                            "Plans": [
                              {
                                "Node Type": "Seq Scan",
                                "Parent Relationship": "Outer",
                                "Parallel Aware": true,
                                "Relation Name": "title",
                                "Alias": "t",
                                "Startup Cost": 0.0,
                                "Total Cost": 58306.47,
                                "Plan Rows": 796173,
                                "Plan Width": 4,
                                "Actual Startup Time": 0.03,
                                "Actual Total Time": 159.32,
                                "Actual Rows": 663890,
                                "Actual Loops": 2,
                                "Filter": "((production_year < 2012) AND (kind_id = 7))",
                                "Rows Removed by Filter": 600266
                              }
                            ]
                          }
                        ]
                      }
                    ]
                  }
                ]
              }
            ]
          }
        ]
      }
    ]
  },
  "Planning Time": 0.402,
  "Triggers": [],
  "Execution Time": 1257.169
}