{
  "Plan": {
    "Node Type": "Aggregate",
    "Strategy": "Plain",
    "Partial Mode": "Simple",
    "Parallel Aware": false,
    "Startup Cost": 1106505.07,
    "Total Cost": 1106505.08,
    "Plan Rows": 1,
    "Plan Width": 128,
    "Actual Startup Time": 4789.274,
    "Actual Total Time": 4789.508,
    "Actual Rows": 1,
    "Actual Loops": 1,
    "Plans": [
      {
        "Node Type": "Hash Join",
        "Parent Relationship": "Outer",
        "Parallel Aware": false,
        "Join Type": "Inner",
        "Startup Cost": 992247.68,
        "Total Cost": 1106505.06,
        "Plan Rows": 1,
        "Plan Width": 81,
        "Actual Startup Time": 4051.155,
        "Actual Total Time": 4788.773,
        "Actual Rows": 4067,
        "Actual Loops": 1,
        "Inner Unique": false,
        "Hash Cond": "(n.id = ci.person_id)",
        "Plans": [
          {
            "Node Type": "Seq Scan",
            "Parent Relationship": "Outer",
            "Parallel Aware": false,
            "Relation Name": "name",
            "Alias": "n",
            "Startup Cost": 0.0,
            "Total Cost": 107705.21,
            "Plan Rows": 1747242,
            "Plan Width": 19,
            "Actual Startup Time": 0.046,
            "Actual Total Time": 628.33,
            "Actual Rows": 1739579,
            "Actual Loops": 1,
            "Filter": "((gender)::text = 'm'::text)",
            "Rows Removed by Filter": 2427912
          },
          {
            "Node Type": "Hash",
            "Parent Relationship": "Inner",
            "Parallel Aware": false,
            "Startup Cost": 992247.67,
            "Total Cost": 992247.67,
            "Plan Rows": 1,
            "Plan Width": 70,
            "Actual Startup Time": 4049.776,
            "Actual Total Time": 4050.007,
            "Actual Rows": 6073,
            "Actual Loops": 1,
            "Hash Buckets": 8192,
            "Original Hash Buckets": 1024,
            "Hash Batches": 1,
            "Original Hash Batches": 1,
            "Peak Memory Usage": 457,
            "Plans": [
              {
                "Node Type": "Nested Loop",
                "Parent Relationship": "Outer",
                "Parallel Aware": false,
                "Join Type": "Inner",
                "Startup Cost": 520230.41,
                "Total Cost": 992247.67,
                "Plan Rows": 1,
                "Plan Width": 70,
                "Actual Startup Time": 3554.0,
                "Actual Total Time": 4047.987,
                "Actual Rows": 6073,
                "Actual Loops": 1,
                "Inner Unique": true,
                "Plans": [
                  {
                    "Node Type": "Nested Loop",
                    "Parent Relationship": "Outer",
                    "Parallel Aware": false,
                    "Join Type": "Inner",
                    "Startup Cost": 520230.26,
                    "Total Cost": 992247.49,
                    "Plan Rows": 1,
                    "Plan Width": 74,
                    "Actual Startup Time": 3553.978,
                    "Actual Total Time": 4031.395,
                    "Actual Rows": 18374,
                    "Actual Loops": 1,
                    "Inner Unique": false,
                    "Join Filter": "(mi.info_type_id = it1.id)",
                    "Rows Removed by Join Filter": 3981,
                    "Plans": [
                      {
                        "Node Type": "Seq Scan",
                        "Parent Relationship": "Outer",
                        "Parallel Aware": false,
                        "Relation Name": "info_type",
                        "Alias": "it1",
                        "Startup Cost": 0.0,
                        "Total Cost": 2.41,
                        "Plan Rows": 1,
                        "Plan Width": 4,
                        "Actual Startup Time": 0.006,
                        "Actual Total Time": 0.012,
                        "Actual Rows": 1,
                        "Actual Loops": 1,
                        "Filter": "((info)::text = 'genres'::text)",
                        "Rows Removed by Filter": 112
                      },
                      {
                        "Node Type": "Nested Loop",
                        "Parent Relationship": "Inner",
                        "Parallel Aware": false,
                        "Join Type": "Inner",
                        "Startup Cost": 520230.26,
                        "Total Cost": 992245.05,
                        "Plan Rows": 2,
                        "Plan Width": 78,
                        "Actual Startup Time": 3553.97,
                        "Actual Total Time": 4029.402,
                        "Actual Rows": 22355,
                        "Actual Loops": 1,
                        "Inner Unique": false,
                        "Join Filter": "(cc.subject_id = cct1.id)",
                        "Rows Removed by Join Filter": 22355,
                        "Plans": [
                          {
                            "Node Type": "Seq Scan",
                            "Parent Relationship": "Outer",
                            "Parallel Aware": false,
                            "Relation Name": "comp_cast_type",
                            "Alias": "cct1",
                            "Startup Cost": 0.0,
                            "Total Cost": 1.05,
                            "Plan Rows": 2,
                            "Plan Width": 4,
                            "Actual Startup Time": 0.004,
                            "Actual Total Time": 0.009,
                            "Actual Rows": 2,
                            "Actual Loops": 1,
                            "Filter": "((kind)::text = ANY ('{cast,crew}'::text[]))",
                            "Rows Removed by Filter": 2
                          },
                          {
                            "Node Type": "Materialize",
                            "Parent Relationship": "Inner",
                            "Parallel Aware": false,
                            "Startup Cost": 520230.26,
                            "Total Cost": 992243.92,
                            "Plan Rows": 3,
                            "Plan Width": 82,
                            "Actual Startup Time": 1776.978,
                            "Actual Total Time": 2012.579,
                            "Actual Rows": 22355,
                            "Actual Loops": 2,
                            "Plans": [
                              {
                                "Node Type": "Hash Join",
                                "Parent Relationship": "Outer",
                                "Parallel Aware": false,
                                "Join Type": "Inner",
                                "Startup Cost": 520230.26,
                                "Total Cost": 992243.9,
                                "Plan Rows": 3,
                                "Plan Width": 82,
                                "Actual Startup Time": 3553.95,
                                "Actual Total Time": 4014.057,
                                "Actual Rows": 22355,
                                "Actual Loops": 1,
                                "Inner Unique": false,
                                "Hash Cond": "(ci.movie_id = t.id)",
                                "Plans": [
                                  {
                                    "Node Type": "Gather",
                                    "Parent Relationship": "Outer",
                                    "Parallel Aware": false,
                                    "Startup Cost": 1000.0,
                                    "Total Cost": 468635.47,
                                    "Plan Rows": 1167502,
                                    "Plan Width": 8,
                                    "Actual Startup Time": 48.858,
                                    "Actual Total Time": 406.23,
                                    "Actual Rows": 1244716,
                                    "Actual Loops": 1,
                                    "Workers Planned": 6,
                                    "Workers Launched": 6,
                                    "Single Copy": false,
                                    "Plans": [
                                      {
                                        "Node Type": "Seq Scan",
                                        "Parent Relationship": "Outer",
                                        "Parallel Aware": true,
                                        "Relation Name": "cast_info",
                                        "Alias": "ci",
                                        "Startup Cost": 0.0,
                                        "Total Cost": 350885.27,
                                        "Plan Rows": 194584,
                                        "Plan Width": 8,
                                        "Actual Startup Time": 161.889,
                                        "Actual Total Time": 1008.114,
                                        "Actual Rows": 177817,
                                        "Actual Loops": 7,
                                        "Filter": "(note = ANY ('{(writer),\"(head writer)\",\"(written by)\",(story),\"(story editor)\"}'::text[]))",
                                        "Rows Removed by Filter": 4999947
                                      }
                                    ]
                                  },
                                  {
                                    "Node Type": "Hash",
                                    "Parent Relationship": "Inner",
                                    "Parallel Aware": false,
                                    "Startup Cost": 519230.18,
                                    "Total Cost": 519230.18,
                                    "Plan Rows": 7,
                                    "Plan Width": 98,
                                    "Actual Startup Time": 3505.001,
                                    "Actual Total Time": 3505.078,
                                    "Actual Rows": 29999,
                                    "Actual Loops": 1,
                                    "Hash Buckets": 32768,
                                    "Original Hash Buckets": 1024,
                                    "Hash Batches": 1,
                                    "Original Hash Batches": 1,
                                    "Peak Memory Usage": 3171,
                                    "Plans": [
                                      {
                                        "Node Type": "Nested Loop",
                                        "Parent Relationship": "Outer",
                                        "Parallel Aware": false,
                                        "Join Type": "Inner",
                                        "Startup Cost": 512243.96,
                                        "Total Cost": 519230.18,
                                        "Plan Rows": 7,
                                        "Plan Width": 98,
                                        "Actual Startup Time": 3433.771,
                                        "Actual Total Time": 3495.492,
                                        "Actual Rows": 29999,
                                        "Actual Loops": 1,
                                        "Inner Unique": false,
                                        "Join Filter": "(cc.status_id = cct2.id)",
                                        "Rows Removed by Join Filter": 24638,
                                        "Plans": [
                                          {
                                            "Node Type": "Seq Scan",
                                            "Parent Relationship": "Outer",
                                            "Parallel Aware": false,
                                            "Relation Name": "comp_cast_type",
                                            "Alias": "cct2",
                                            "Startup Cost": 0.0,
                                            "Total Cost": 1.05,
                                            "Plan Rows": 1,
                                            "Plan Width": 4,
                                            "Actual Startup Time": 0.01,
                                            "Actual Total Time": 0.012,
                                            "Actual Rows": 1,
                                            "Actual Loops": 1,
                                            "Filter": "((kind)::text = 'complete+verified'::text)",
                                            "Rows Removed by Filter": 3
                                          },
                                          {
                                            "Node Type": "Merge Join",
                                            "Parent Relationship": "Inner",
                                            "Parallel Aware": false,
                                            "Join Type": "Inner",
                                            "Startup Cost": 512243.96,
                                            "Total Cost": 519228.75,
                                            "Plan Rows": 30,
                                            "Plan Width": 102,
                                            "Actual Startup Time": 3433.756,
                                            "Actual Total Time": 3491.414,
                                            "Actual Rows": 54637,
                                            "Actual Loops": 1,
                                            "Inner Unique": false,
                                            "Merge Cond": "(cc.movie_id = t.id)",
                                            "Plans": [
                                              {
                                                "Node Type": "Index Scan",
                                                "Parent Relationship": "Outer",
                                                "Parallel Aware": false,
                                                "Scan Direction": "Forward",
                                                "Index Name": "movie_id_complete_cast",
                                                "Relation Name": "complete_cast",
                                                "Alias": "cc",
                                                "Startup Cost": 0.42,
                                                "Total Cost": 6650.11,
                                                "Plan Rows": 135086,
                                                "Plan Width": 12,
                                                "Actual Startup Time": 0.02,
                                                "Actual Total Time": 34.265,
                                                "Actual Rows": 132439,
                                                "Actual Loops": 1
                                              },
                                              {
                                                "Node Type": "Sort",
                                                "Parent Relationship": "Inner",
                                                "Parallel Aware": false,
                                                "Startup Cost": 512243.54,
                                                "Total Cost": 512243.74,
                                                "Plan Rows": 80,
                                                "Plan Width": 90,
                                                "Actual Startup Time": 3433.1,
                                                "Actual Total Time": 3437.748,
                                                "Actual Rows": 87471,
                                                "Actual Loops": 1,
                                                "Sort Key": [
                                                  "mk.movie_id"
                                                ],
                                                "Sort Method": "quicksort",
                                                "Sort Space Used": 12793,
                                                "Sort Space Type": "Memory",
                                                "Plans": [
                                                  {
                                                    "Node Type": "Nested Loop",
                                                    "Parent Relationship": "Outer",
                                                    "Parallel Aware": false,
                                                    "Join Type": "Inner",
                                                    "Startup Cost": 508690.8,
                                                    "Total Cost": 512241.01,
                                                    "Plan Rows": 80,
                                                    "Plan Width": 90,
                                                    "Actual Startup Time": 3282.091,
                                                    "Actual Total Time": 3403.904,
                                                    "Actual Rows": 72751,
                                                    "Actual Loops": 1,
                                                    "Inner Unique": false,
                                                    "Join Filter": "(t.id = mi_idx.movie_id)",
                                                    "Rows Removed by Join Filter": 0,
                                                    "Plans": [
                                                      {
                                                        "Node Type": "Hash Join",
                                                        "Parent Relationship": "Outer",
                                                        "Parallel Aware": false,
                                                        "Join Type": "Inner",
                                                        "Startup Cost": 508690.38,
                                                        "Total Cost": 512227.23,
                                                        "Plan Rows": 26,
                                                        "Plan Width": 76,
                                                        "Actual Startup Time": 3282.002,
                                                        "Actual Total Time": 3308.286,
                                                        "Actual Rows": 24619,
                                                        "Actual Loops": 1,
                                                        "Inner Unique": false,
                                                        "Hash Cond": "(k.id = mk.keyword_id)",
                                                        "Plans": [
                                                          {
                                                            "Node Type": "Seq Scan",
                                                            "Parent Relationship": "Outer",
                                                            "Parallel Aware": false,
                                                            "Relation Name": "keyword",
                                                            "Alias": "k",
                                                            "Startup Cost": 0.0,
                                                            "Total Cost": 3464.69,
                                                            "Plan Rows": 7,
                                                            "Plan Width": 4,
                                                            "Actual Startup Time": 0.547,
                                                            "Actual Total Time": 19.031,
                                                            "Actual Rows": 7,
                                                            "Actual Loops": 1,
                                                            "Filter": "(keyword = ANY ('{murder,violence,blood,gore,death,female-nudity,hospital}'::text[]))",
                                                            "Rows Removed by Filter": 134163
                                                          },
                                                          {
                                                            "Node Type": "Hash",
                                                            "Parent Relationship": "Inner",
                                                            "Parallel Aware": false,
                                                            "Startup Cost": 502428.35,
                                                            "Total Cost": 502428.35,
                                                            "Plan Rows": 500962,
                                                            "Plan Width": 80,
                                                            "Actual Startup Time": 3279.05,
                                                            "Actual Total Time": 3279.118,
                                                            "Actual Rows": 720321,
                                                            "Actual Loops": 1,
                                                            "Hash Buckets": 1048576,
                                                            "Original Hash Buckets": 524288,
                                                            "Hash Batches": 1,
                                                            "Original Hash Batches": 1,
                                                            "Peak Memory Usage": 65075,
                                                            "Plans": [
                                                              {
                                                                "Node Type": "Hash Join",
                                                                "Parent Relationship": "Outer",
                                                                "Parallel Aware": false,
                                                                "Join Type": "Inner",
                                                                "Startup Cost": 298427.9,
                                                                "Total Cost": 502428.35,
                                                                "Plan Rows": 500962,
                                                                "Plan Width": 80,
                                                                "Actual Startup Time": 1897.475,
                                                                "Actual Total Time": 3058.593,
                                                                "Actual Rows": 720321,
                                                                "Actual Loops": 1,
                                                                "Inner Unique": true,
                                                                "Hash Cond": "(mi.movie_id = t.id)",
                                                                "Plans": [
                                                                  {
                                                                    "Node Type": "Merge Join",
                                                                    "Parent Relationship": "Outer",
                                                                    "Parallel Aware": false,
                                                                    "Join Type": "Inner",
                                                                    "Startup Cost": 212869.06,
                                                                    "Total Cost": 414554.59,
                                                                    "Plan Rows": 881874,
                                                                    "Plan Width": 59,
                                                                    "Actual Startup Time": 1066.417,
                                                                    "Actual Total Time": 2089.275,
                                                                    "Actual Rows": 1017014,
                                                                    "Actual Loops": 1,
                                                                    "Inner Unique": false,
                                                                    "Merge Cond": "(mk.movie_id = mi.movie_id)",
                                                                    "Plans": [
                                                                      {
                                                                        "Node Type": "Index Scan",
                                                                        "Parent Relationship": "Outer",
                                                                        "Parallel Aware": false,
                                                                        "Scan Direction": "Forward",
                                                                        "Index Name": "movie_id_movie_keyword",
                                                                        "Relation Name": "movie_keyword",
                                                                        "Alias": "mk",
                                                                        "Startup Cost": 0.43,
                                                                        "Total Cost": 177148.48,
                                                                        "Plan Rows": 4523930,
                                                                        "Plan Width": 8,
                                                                        "Actual Startup Time": 0.022,
                                                                        "Actual Total Time": 573.961,
                                                                        "Actual Rows": 4523925,
                                                                        "Actual Loops": 1
                                                                      },
                                                                      {
                                                                        "Node Type": "Sort",
                                                                        "Parent Relationship": "Inner",
                                                                        "Parallel Aware": false,
                                                                        "Startup Cost": 212868.49,
                                                                        "Total Cost": 213044.44,
                                                                        "Plan Rows": 70378,
                                                                        "Plan Width": 51,
                                                                        "Actual Startup Time": 1066.32,
                                                                        "Actual Total Time": 1109.895,
                                                                        "Actual Rows": 1052777,
                                                                        "Actual Loops": 1,
                                                                        "Sort Key": [
                                                                          "mi.movie_id"
                                                                        ],
                                                                        "Sort Method": "quicksort",
                                                                        "Sort Space Used": 7817,
                                                                        "Sort Space Type": "Memory",
                                                                        "Plans": [
                                                                          {
                                                                            "Node Type": "Gather",
                                                                            "Parent Relationship": "Outer",
                                                                            "Parallel Aware": false,
                                                                            "Startup Cost": 1000.0,
                                                                            "Total Cost": 207202.07,
                                                                            "Plan Rows": 70378,
                                                                            "Plan Width": 51,
                                                                            "Actual Startup Time": 664.291,
                                                                            "Actual Total Time": 1048.288,
                                                                            "Actual Rows": 73047,
                                                                            "Actual Loops": 1,
                                                                            "Workers Planned": 5,
                                                                            "Workers Launched": 1,
                                                                            "Single Copy": false,
                                                                            "Plans": [
                                                                              {
                                                                                "Node Type": "Seq Scan",
                                                                                "Parent Relationship": "Outer",
                                                                                "Parallel Aware": true,
                                                                                "Relation Name": "movie_info",
                                                                                "Alias": "mi",
                                                                                "Startup Cost": 0.0,
                                                                                "Total Cost": 199164.27,
                                                                                "Plan Rows": 14076,
                                                                                "Plan Width": 51,
                                                                                "Actual Startup Time": 658.793,
                                                                                "Actual Total Time": 1033.403,
                                                                                "Actual Rows": 36524,
                                                                                "Actual Loops": 2,
                                                                                "Filter": "(info = ANY ('{Horror,Thriller}'::text[]))",
                                                                                "Rows Removed by Filter": 7381336
                                                                              }
                                                                            ]
                                                                          }
                                                                        ]
                                                                      }
                                                                    ]
                                                                  },
                                                                  {
                                                                    "Node Type": "Hash",
                                                                    "Parent Relationship": "Inner",
                                                                    "Parallel Aware": false,
                                                                    "Startup Cost": 67604.36,
                                                                    "Total Cost": 67604.36,
                                                                    "Plan Rows": 1436358,
                                                                    "Plan Width": 21,
                                                                    "Actual Startup Time": 821.656,
                                                                    "Actual Total Time": 821.657,
                                                                    "Actual Rows": 1443298,
                                                                    "Actual Loops": 1,
                                                                    "Hash Buckets": 2097152,
                                                                    "Original Hash Buckets": 2097152,
                                                                    "Hash Batches": 1,
                                                                    "Original Hash Batches": 1,
                                                                    "Peak Memory Usage": 94240,
                                                                    "Plans": [
                                                                      {
                                                                        "Node Type": "Seq Scan",
                                                                        "Parent Relationship": "Outer",
                                                                        "Parallel Aware": false,
                                                                        "Relation Name": "title",
                                                                        "Alias": "t",
                                                                        "Startup Cost": 0.0,
                                                                        "Total Cost": 67604.36,
                                                                        "Plan Rows": 1436358,
                                                                        "Plan Width": 21,
                                                                        "Actual Startup Time": 0.021,
                                                                        "Actual Total Time": 370.436,
                                                                        "Actual Rows": 1443298,
                                                                        "Actual Loops": 1,
                                                                        "Filter": "(production_year < 2006)",
                                                                        "Rows Removed by Filter": 1085014
                                                                      }
                                                                    ]
                                                                  }
                                                                ]
                                                              }
                                                            ]
                                                          }
                                                        ]
                                                      },
                                                      {
                                                        "Node Type": "Index Scan",
                                                        "Parent Relationship": "Inner",
                                                        "Parallel Aware": false,
                                                        "Scan Direction": "Forward",
                                                        "Index Name": "movie_id_movie_info_idx",
                                                        "Relation Name": "movie_info_idx",
                                                        "Alias": "mi_idx",
                                                        "Startup Cost": 0.43,
                                                        "Total Cost": 0.49,
                                                        "Plan Rows": 3,
                                                        "Plan Width": 14,
                                                        "Actual Startup Time": 0.003,
                                                        "Actual Total Time": 0.003,
                                                        "Actual Rows": 3,
                                                        "Actual Loops": 24619,
                                                        "Index Cond": "(movie_id = mk.movie_id)",
                                                        "Rows Removed by Index Recheck": 0
                                                      }
                                                    ]
                                                  }
                                                ]
                                              }
                                            ]
                                          }
                                        ]
                                      }
                                    ]
                                  }
                                ]
                              }
                            ]
                          }
                        ]
                      }
                    ]
                  },
                  {
                    "Node Type": "Index Scan",
                    "Parent Relationship": "Inner",
                    "Parallel Aware": false,
                    "Scan Direction": "Forward",
                    "Index Name": "info_type_pkey",
                    "Relation Name": "info_type",
                    "Alias": "it2",
                    "Startup Cost": 0.14,
                    "Total Cost": 0.16,
                    "Plan Rows": 1,
                    "Plan Width": 4,
                    "Actual Startup Time": 0.001,
                    "Actual Total Time": 0.001,
                    "Actual Rows": 0,
                    "Actual Loops": 18374,
                    "Index Cond": "(id = mi_idx.info_type_id)",
                    "Rows Removed by Index Recheck": 0,
                    "Filter": "((info)::text = 'votes'::text)",
                    "Rows Removed by Filter": 1
                  }
                ]
              }
            ]
          }
        ]
      }
    ]
  },
  "Planning Time": 74.174,
  "Triggers": [],
  "Execution Time": 4795.516
}