{
  "Plan": {
    "Node Type": "Aggregate",
    "Strategy": "Plain",
    "Partial Mode": "Finalize",
    "Parallel Aware": false,
    "Startup Cost": 131358.38,
    "Total Cost": 131358.39,
    "Plan Rows": 1,
    "Plan Width": 8,
    "Actual Startup Time": 772.827,
    "Actual Total Time": 789.961,
    "Actual Rows": 1,
    "Actual Loops": 1,
    "Plans": [
      {
        "Node Type": "Gather",
        "Parent Relationship": "Outer",
        "Parallel Aware": false,
        "Startup Cost": 131358.27,
        "Total Cost": 131358.38,
        "Plan Rows": 1,
        "Plan Width": 8,
        "Actual Startup Time": 769.921,
        "Actual Total Time": 789.954,
        "Actual Rows": 2,
        "Actual Loops": 1,
        "Workers Planned": 1,
        "Workers Launched": 1,
        "Single Copy": false,
        "Plans": [
          {
            "Node Type": "Aggregate",
            "Strategy": "Plain",
            "Partial Mode": "Partial",
            "Parent Relationship": "Outer",
            "Parallel Aware": false,
            "Startup Cost": 130358.27,
            "Total Cost": 130358.28,
            "Plan Rows": 1,
            "Plan Width": 8,
            "Actual Startup Time": 761.654,
            "Actual Total Time": 761.657,
            "Actual Rows": 1,
            "Actual Loops": 2,
            "Plans": [
              {
                "Node Type": "Hash Join",
                "Parent Relationship": "Outer",
                "Parallel Aware": true,
                "Join Type": "Inner",
                "Startup Cost": 68617.48,
                "Total Cost": 126668.32,
                "Plan Rows": 1475978,
                "Plan Width": 0,
                "Actual Startup Time": 372.067,
                "Actual Total Time": 749.354,
                "Actual Rows": 317740,
                "Actual Loops": 2,
                "Inner Unique": true,
                "Hash Cond": "(mk.movie_id = t.id)",
                "Plans": [
                  {
                    "Node Type": "Seq Scan",
                    "Parent Relationship": "Outer",
                    "Parallel Aware": true,
                    "Relation Name": "movie_keyword",
                    "Alias": "mk",
                    "Startup Cost": 0.0,
                    "Total Cost": 51065.35,
                    "Plan Rows": 2661135,
                    "Plan Width": 4,
                    "Actual Startup Time": 0.013,
                    "Actual Total Time": 149.827,
                    "Actual Rows": 2261965,
                    "Actual Loops": 2
                  },
                  {
                    "Node Type": "Hash",
                    "Parent Relationship": "Inner",
                    "Parallel Aware": true,
                    "Startup Cost": 58306.47,
                    "Total Cost": 58306.47,
                    "Plan Rows": 824881,
                    "Plan Width": 4,
                    "Actual Startup Time": 357.342,
                    "Actual Total Time": 357.343,
                    "Actual Rows": 739192,
                    "Actual Loops": 2,
                    "Hash Buckets": 2097152,
                    "Original Hash Buckets": 2097152,
                    "Hash Batches": 1,
                    "Original Hash Batches": 1,
                    "Peak Memory Usage": 74240,
                    "Plans": [
                      {
                        "Node Type": "Seq Scan",
                        "Parent Relationship": "Outer",
                        "Parallel Aware": true,
                        "Relation Name": "title",
                        "Alias": "t",
                        "Startup Cost": 0.0,
                        "Total Cost": 58306.47,
                        "Plan Rows": 824881,
                        "Plan Width": 4,
                        "Actual Startup Time": 0.049,
                        "Actual Total Time": 167.036,
                        "Actual Rows": 739192,
                        "Actual Loops": 2,
                        "Filter": "((production_year > 1945) AND (kind_id = 7))",
                        "Rows Removed by Filter": 524964
                      }
                    ]
                  }
                ]
              }
            ]
          }
        ]
      }
    ]
  },
  "Planning Time": 0.51,
  "Triggers": [],
  "Execution Time": 790.029
}