[
  {
    "Plan": {
      "Node Type": "Aggregate",
      "Strategy": "Plain",
      "Partial Mode": "Finalize",
      "Parallel Aware": false,
      "Startup Cost": 95690.17,
      "Total Cost": 95690.18,
      "Plan Rows": 1,
      "Plan Width": 8,
      "Actual Startup Time": 652.209,
      "Actual Total Time": 668.251,
      "Actual Rows": 1,
      "Actual Loops": 1,
      "Plans": [
        {
          "Node Type": "Gather",
          "Parent Relationship": "Outer",
          "Parallel Aware": false,
          "Startup Cost": 95689.96,
          "Total Cost": 95690.17,
          "Plan Rows": 2,
          "Plan Width": 8,
          "Actual Startup Time": 648.903,
          "Actual Total Time": 668.24,
          "Actual Rows": 3,
          "Actual Loops": 1,
          "Workers Planned": 2,
          "Workers Launched": 2,
          "Single Copy": false,
          "Plans": [
            {
              "Node Type": "Aggregate",
              "Strategy": "Plain",
              "Partial Mode": "Partial",
              "Parent Relationship": "Outer",
              "Parallel Aware": false,
              "Startup Cost": 94689.96,
              "Total Cost": 94689.97,
              "Plan Rows": 1,
              "Plan Width": 8,
              "Actual Startup Time": 640.936,
              "Actual Total Time": 641.348,
              "Actual Rows": 1,
              "Actual Loops": 3,
              "Plans": [
                {
                  "Node Type": "Hash Join",
                  "Parent Relationship": "Outer",
                  "Parallel Aware": true,
                  "Join Type": "Inner",
                  "Startup Cost": 78341.37,
                  "Total Cost": 94436.39,
                  "Plan Rows": 101428,
                  "Plan Width": 0,
                  "Actual Startup Time": 516.628,
                  "Actual Total Time": 631.832,
                  "Actual Rows": 208563,
                  "Actual Loops": 3,
                  "Inner Unique": false,
                  "Hash Cond": "(mi_idx.movie_id = t.id)",
                  "Plans": [
                    {
                      "Node Type": "Seq Scan",
                      "Parent Relationship": "Outer",
                      "Parallel Aware": true,
                      "Relation Name": "movie_info_idx",
                      "Alias": "mi_idx",
                      "Startup Cost": 0.0,
                      "Total Cost": 13685.15,
                      "Plan Rows": 575015,
                      "Plan Width": 4,
                      "Actual Startup Time": 0.044,
                      "Actual Total Time": 38.649,
                      "Actual Rows": 460012,
                      "Actual Loops": 3
                    },
                    {
                      "Node Type": "Hash",
                      "Parent Relationship": "Inner",
                      "Parallel Aware": true,
                      "Startup Cost": 76947.7,
                      "Total Cost": 76947.7,
                      "Plan Rows": 111493,
                      "Plan Width": 8,
                      "Actual Startup Time": 502.068,
                      "Actual Total Time": 502.478,
                      "Actual Rows": 151019,
                      "Actual Loops": 3,
                      "Hash Buckets": 524288,
                      "Original Hash Buckets": 524288,
                      "Hash Batches": 1,
                      "Original Hash Batches": 1,
                      "Peak Memory Usage": 21856,
                      "Plans": [
                        {
                          "Node Type": "Hash Join",
                          "Parent Relationship": "Outer",
                          "Parallel Aware": true,
                          "Join Type": "Inner",
                          "Startup Cost": 31108.96,
                          "Total Cost": 76947.7,
                          "Plan Rows": 111493,
                          "Plan Width": 8,
                          "Actual Startup Time": 165.581,
                          "Actual Total Time": 453.323,
                          "Actual Rows": 151019,
                          "Actual Loops": 3,
                          "Inner Unique": false,
                          "Hash Cond": "(t.id = mc.movie_id)",
                          "Plans": [
                            {
                              "Node Type": "Seq Scan",
                              "Parent Relationship": "Outer",
                              "Parallel Aware": true,
                              "Relation Name": "title",
                              "Alias": "t",
                              "Startup Cost": 0.0,
                              "Total Cost": 42318.73,
                              "Plan Rows": 632073,
                              "Plan Width": 4,
                              "Actual Startup Time": 0.008,
                              "Actual Total Time": 100.308,
                              "Actual Rows": 842771,
                              "Actual Loops": 3
                            },
                            {
                              "Node Type": "Hash",
                              "Parent Relationship": "Inner",
                              "Parallel Aware": true,
                              "Startup Cost": 29310.68,
                              "Total Cost": 29310.68,
                              "Plan Rows": 143862,
                              "Plan Width": 4,
                              "Actual Startup Time": 145.619,
                              "Actual Total Time": 145.62,
                              "Actual Rows": 151019,
                              "Actual Loops": 3,
                              "Hash Buckets": 524288,
                              "Original Hash Buckets": 524288,
                              "Hash Batches": 1,
                              "Original Hash Batches": 1,
                              "Peak Memory Usage": 21888,
                              "Plans": [
                                {
                                  "Node Type": "Seq Scan",
                                  "Parent Relationship": "Outer",
                                  "Parallel Aware": true,
                                  "Relation Name": "movie_companies",
                                  "Alias": "mc",
                                  "Startup Cost": 0.0,
                                  "Total Cost": 29310.68,
                                  "Plan Rows": 143862,
                                  "Plan Width": 4,
                                  "Actual Startup Time": 57.986,
                                  "Actual Total Time": 100.16,
                                  "Actual Rows": 151019,
                                  "Actual Loops": 3,
                                  "Filter": "(company_id > 77032)",
                                  "Rows Removed by Filter": 718690
                                }
                              ]
                            }
                          ]
                        }
                      ]
                    }
                  ]
                }
              ]
            }
          ]
        }
      ]
    },
    "Planning Time": 1.413,
    "Triggers": [],
    "Execution Time": 668.336
  }
]