[
  {
    "Plan": {
      "Node Type": "Aggregate",
      "Strategy": "Plain",
      "Partial Mode": "Finalize",
      "Parallel Aware": false,
      "Startup Cost": 333118.85,
      "Total Cost": 333118.86,
      "Plan Rows": 1,
      "Plan Width": 8,
      "Actual Startup Time": 658.336,
      "Actual Total Time": 706.888,
      "Actual Rows": 1,
      "Actual Loops": 1,
      "Plans": [
        {
          "Node Type": "Gather",
          "Parent Relationship": "Outer",
          "Parallel Aware": false,
          "Startup Cost": 333118.23,
          "Total Cost": 333118.84,
          "Plan Rows": 6,
          "Plan Width": 8,
          "Actual Startup Time": 658.128,
          "Actual Total Time": 706.859,
          "Actual Rows": 7,
          "Actual Loops": 1,
          "Workers Planned": 6,
          "Workers Launched": 6,
          "Single Copy": false,
          "Plans": [
            {
              "Node Type": "Aggregate",
              "Strategy": "Plain",
              "Partial Mode": "Partial",
              "Parent Relationship": "Outer",
              "Parallel Aware": false,
              "Startup Cost": 332118.23,
              "Total Cost": 332118.24,
              "Plan Rows": 1,
              "Plan Width": 8,
              "Actual Startup Time": 651.319,
              "Actual Total Time": 651.322,
              "Actual Rows": 1,
              "Actual Loops": 7,
              "Plans": [
                {
                  "Node Type": "Seq Scan",
                  "Parent Relationship": "Outer",
                  "Parallel Aware": true,
                  "Relation Name": "cast_info",
                  "Alias": "ci",
                  "Startup Cost": 0.0,
                  "Total Cost": 328211.39,
                  "Plan Rows": 1562735,
                  "Plan Width": 0,
                  "Actual Startup Time": 0.04,
                  "Actual Total Time": 583.022,
                  "Actual Rows": 1348366,
                  "Actual Loops": 7,
                  "Filter": "(person_id < 929010)",
                  "Rows Removed by Filter": 3829397
                }
              ]
            }
          ]
        }
      ]
    },
    "Planning Time": 0.167,
    "Triggers": [],
    "Execution Time": 706.952
  }
]