[
  {
    "Plan": {
      "Node Type": "Aggregate",
      "Strategy": "Plain",
      "Partial Mode": "Finalize",
      "Parallel Aware": false,
      "Startup Cost": 32700.27,
      "Total Cost": 32700.28,
      "Plan Rows": 1,
      "Plan Width": 8,
      "Actual Startup Time": 89.82,
      "Actual Total Time": 96.039,
      "Actual Rows": 1,
      "Actual Loops": 1,
      "Plans": [
        {
          "Node Type": "Gather",
          "Parent Relationship": "Outer",
          "Parallel Aware": false,
          "Startup Cost": 32699.95,
          "Total Cost": 32700.26,
          "Plan Rows": 3,
          "Plan Width": 8,
          "Actual Startup Time": 89.678,
          "Actual Total Time": 96.03,
          "Actual Rows": 4,
          "Actual Loops": 1,
          "Workers Planned": 3,
          "Workers Launched": 3,
          "Single Copy": false,
          "Plans": [
            {
              "Node Type": "Aggregate",
              "Strategy": "Plain",
              "Partial Mode": "Partial",
              "Parent Relationship": "Outer",
              "Parallel Aware": false,
              "Startup Cost": 31699.95,
              "Total Cost": 31699.96,
              "Plan Rows": 1,
              "Plan Width": 8,
              "Actual Startup Time": 82.046,
              "Actual Total Time": 82.047,
              "Actual Rows": 1,
              "Actual Loops": 4,
              "Plans": [
                {
                  "Node Type": "Seq Scan",
                  "Parent Relationship": "Outer",
                  "Parallel Aware": true,
                  "Relation Name": "movie_companies",
                  "Alias": "mc",
                  "Startup Cost": 0.0,
                  "Total Cost": 31414.82,
                  "Plan Rows": 114054,
                  "Plan Width": 0,
                  "Actual Startup Time": 49.004,
                  "Actual Total Time": 79.697,
                  "Actual Rows": 49622,
                  "Actual Loops": 4,
                  "Filter": "((company_id < 1284) AND (company_type_id > 1))",
                  "Rows Removed by Filter": 602660
                }
              ]
            }
          ]
        }
      ]
    },
    "Planning Time": 0.225,
    "Triggers": [],
    "Execution Time": 96.099
  }
]