[
  {
    "Plan": {
      "Node Type": "Aggregate",
      "Strategy": "Plain",
      "Partial Mode": "Finalize",
      "Parallel Aware": false,
      "Startup Cost": 342323.81,
      "Total Cost": 342323.82,
      "Plan Rows": 1,
      "Plan Width": 8,
      "Actual Startup Time": 829.07,
      "Actual Total Time": 891.773,
      "Actual Rows": 1,
      "Actual Loops": 1,
      "Plans": [
        {
          "Node Type": "Gather",
          "Parent Relationship": "Outer",
          "Parallel Aware": false,
          "Startup Cost": 342323.18,
          "Total Cost": 342323.79,
          "Plan Rows": 6,
          "Plan Width": 8,
          "Actual Startup Time": 828.808,
          "Actual Total Time": 891.761,
          "Actual Rows": 7,
          "Actual Loops": 1,
          "Workers Planned": 6,
          "Workers Launched": 6,
          "Single Copy": false,
          "Plans": [
            {
              "Node Type": "Aggregate",
              "Strategy": "Plain",
              "Partial Mode": "Partial",
              "Parent Relationship": "Outer",
              "Parallel Aware": false,
              "Startup Cost": 341323.18,
              "Total Cost": 341323.19,
              "Plan Rows": 1,
              "Plan Width": 8,
              "Actual Startup Time": 820.864,
              "Actual Total Time": 820.867,
              "Actual Rows": 1,
              "Actual Loops": 7,
              "Plans": [
                {
                  "Node Type": "Seq Scan",
                  "Parent Relationship": "Outer",
                  "Parallel Aware": true,
                  "Relation Name": "cast_info",
                  "Alias": "ci",
                  "Startup Cost": 0.0,
                  "Total Cost": 328211.39,
                  "Plan Rows": 5244716,
                  "Plan Width": 0,
                  "Actual Startup Time": 60.762,
                  "Actual Total Time": 620.273,
                  "Actual Rows": 4469059,
                  "Actual Loops": 7,
                  "Filter": "(person_id > 481230)",
                  "Rows Removed by Filter": 708705
                }
              ]
            }
          ]
        }
      ]
    },
    "Planning Time": 0.081,
    "Triggers": [],
    "Execution Time": 891.818
  }
]