{
  "Plan": {
    "Node Type": "Aggregate",
    "Strategy": "Plain",
    "Partial Mode": "Finalize",
    "Parallel Aware": false,
    "Startup Cost": 268957.4,
    "Total Cost": 268957.41,
    "Plan Rows": 1,
    "Plan Width": 8,
    "Actual Startup Time": 2313.598,
    "Actual Total Time": 2354.168,
    "Actual Rows": 1,
    "Actual Loops": 1,
    "Plans": [
      {
        "Node Type": "Gather",
        "Parent Relationship": "Outer",
        "Parallel Aware": false,
        "Startup Cost": 268957.29,
        "Total Cost": 268957.4,
        "Plan Rows": 1,
        "Plan Width": 8,
        "Actual Startup Time": 2312.558,
        "Actual Total Time": 2354.159,
        "Actual Rows": 2,
        "Actual Loops": 1,
        "Workers Planned": 1,
        "Workers Launched": 1,
        "Single Copy": false,
        "Plans": [
          {
            "Node Type": "Aggregate",
            "Strategy": "Plain",
            "Partial Mode": "Partial",
            "Parent Relationship": "Outer",
            "Parallel Aware": false,
            "Startup Cost": 267957.29,
            "Total Cost": 267957.3,
            "Plan Rows": 1,
            "Plan Width": 8,
            "Actual Startup Time": 2306.565,
            "Actual Total Time": 2306.728,
            "Actual Rows": 1,
            "Actual Loops": 2,
            "Plans": [
              {
                "Node Type": "Nested Loop",
                "Parent Relationship": "Outer",
                "Parallel Aware": false,
                "Join Type": "Inner",
                "Startup Cost": 29234.96,
                "Total Cost": 266620.47,
                "Plan Rows": 534728,
                "Plan Width": 0,
                "Actual Startup Time": 268.038,
                "Actual Total Time": 2195.01,
                "Actual Rows": 2721908,
                "Actual Loops": 2,
                "Inner Unique": false,
                "Plans": [
                  {
                    "Node Type": "Hash Join",
                    "Parent Relationship": "Outer",
                    "Parallel Aware": true,
                    "Join Type": "Inner",
                    "Startup Cost": 29234.53,
                    "Total Cost": 89937.97,
                    "Plan Rows": 91449,
                    "Plan Width": 8,
                    "Actual Startup Time": 267.956,
                    "Actual Total Time": 516.303,
                    "Actual Rows": 152306,
                    "Actual Loops": 2,
                    "Inner Unique": false,
                    "Hash Cond": "(t.id = mc.movie_id)",
                    "Plans": [
                      {
                        "Node Type": "Seq Scan",
                        "Parent Relationship": "Outer",
                        "Parallel Aware": true,
                        "Relation Name": "title",
                        "Alias": "t",
                        "Startup Cost": 0.0,
                        "Total Cost": 50870.31,
                        "Plan Rows": 1487231,
                        "Plan Width": 4,
                        "Actual Startup Time": 0.01,
                        "Actual Total Time": 117.018,
                        "Actual Rows": 1264156,
                        "Actual Loops": 2
                      },
                      {
                        "Node Type": "Hash",
                        "Parent Relationship": "Inner",
                        "Parallel Aware": true,
                        "Startup Cost": 28091.41,
                        "Total Cost": 28091.41,
                        "Plan Rows": 91449,
                        "Plan Width": 4,
                        "Actual Startup Time": 101.699,
                        "Actual Total Time": 101.7,
                        "Actual Rows": 152306,
                        "Actual Loops": 2,
                        "Hash Buckets": 524288,
                        "Original Hash Buckets": 262144,
                        "Hash Batches": 1,
                        "Original Hash Batches": 1,
                        "Peak Memory Usage": 18080,
                        "Plans": [
                          {
                            "Node Type": "Bitmap Heap Scan",
                            "Parent Relationship": "Outer",
                            "Parallel Aware": true,
                            "Relation Name": "movie_companies",
                            "Alias": "mc",
                            "Startup Cost": 6599.73,
                            "Total Cost": 28091.41,
                            "Plan Rows": 91449,
                            "Plan Width": 4,
                            "Actual Startup Time": 27.342,
                            "Actual Total Time": 65.887,
                            "Actual Rows": 152306,
                            "Actual Loops": 2,
                            "Recheck Cond": "(company_id > 93426)",
                            "Rows Removed by Index Recheck": 0,
                            "Filter": "(company_type_id > 1)",
                            "Rows Removed by Filter": 0,
                            "Exact Heap Blocks": 3091,
                            "Lossy Heap Blocks": 0,
                            "Plans": [
                              {
                                "Node Type": "Bitmap Index Scan",
                                "Parent Relationship": "Outer",
                                "Parallel Aware": false,
                                "Index Name": "company_id_movie_companies",
                                "Startup Cost": 0.0,
                                "Total Cost": 6560.86,
                                "Plan Rows": 306191,
                                "Plan Width": 0,
                                "Actual Startup Time": 28.858,
                                "Actual Total Time": 28.858,
                                "Actual Rows": 304613,
                                "Actual Loops": 1,
                                "Index Cond": "(company_id > 93426)"
                              }
                            ]
                          }
                        ]
                      }
                    ]
                  },
                  {
                    "Node Type": "Index Only Scan",
                    "Parent Relationship": "Inner",
                    "Parallel Aware": false,
                    "Scan Direction": "Forward",
                    "Index Name": "movie_id_movie_info",
                    "Relation Name": "movie_info",
                    "Alias": "mi",
                    "Startup Cost": 0.43,
                    "Total Cost": 1.51,
                    "Plan Rows": 42,
                    "Plan Width": 4,
                    "Actual Startup Time": 0.003,
                    "Actual Total Time": 0.01,
                    "Actual Rows": 18,
                    "Actual Loops": 304613,
                    "Index Cond": "(movie_id = t.id)",
                    "Rows Removed by Index Recheck": 0,
                    "Heap Fetches": 5443817
                  }
                ]
              }
            ]
          }
        ]
      }
    ]
  },
  "Planning Time": 0.644,
  "Triggers": [],
  "Execution Time": 2354.284
}