{
  "Plan": {
    "Node Type": "Aggregate",
    "Strategy": "Plain",
    "Partial Mode": "Finalize",
    "Parallel Aware": false,
    "Startup Cost": 115980.84,
    "Total Cost": 115980.85,
    "Plan Rows": 1,
    "Plan Width": 8,
    "Actual Startup Time": 353.452,
    "Actual Total Time": 369.924,
    "Actual Rows": 1,
    "Actual Loops": 1,
    "Plans": [
      {
        "Node Type": "Gather",
        "Parent Relationship": "Outer",
        "Parallel Aware": false,
        "Startup Cost": 115980.72,
        "Total Cost": 115980.83,
        "Plan Rows": 1,
        "Plan Width": 8,
        "Actual Startup Time": 353.178,
        "Actual Total Time": 369.916,
        "Actual Rows": 2,
        "Actual Loops": 1,
        "Workers Planned": 1,
        "Workers Launched": 1,
        "Single Copy": false,
        "Plans": [
          {
            "Node Type": "Aggregate",
            "Strategy": "Plain",
            "Partial Mode": "Partial",
            "Parent Relationship": "Outer",
            "Parallel Aware": false,
            "Startup Cost": 114980.72,
            "Total Cost": 114980.73,
            "Plan Rows": 1,
            "Plan Width": 8,
            "Actual Startup Time": 347.852,
            "Actual Total Time": 347.856,
            "Actual Rows": 1,
            "Actual Loops": 2,
            "Plans": [
              {
                "Node Type": "Hash Join",
                "Parent Relationship": "Outer",
                "Parallel Aware": true,
                "Join Type": "Inner",
                "Startup Cost": 54697.45,
                "Total Cost": 114966.47,
                "Plan Rows": 5701,
                "Plan Width": 0,
                "Actual Startup Time": 126.692,
                "Actual Total Time": 347.535,
                "Actual Rows": 6329,
                "Actual Loops": 2,
                "Inner Unique": true,
                "Hash Cond": "(mk.movie_id = t.id)",
                "Plans": [
                  {
                    "Node Type": "Seq Scan",
                    "Parent Relationship": "Outer",
                    "Parallel Aware": true,
                    "Relation Name": "movie_keyword",
                    "Alias": "mk",
                    "Startup Cost": 0.0,
                    "Total Cost": 57718.19,
                    "Plan Rows": 971744,
                    "Plan Width": 4,
                    "Actual Startup Time": 0.015,
                    "Actual Total Time": 165.489,
                    "Actual Rows": 831640,
                    "Actual Loops": 2,
                    "Filter": "(keyword_id < 2551)",
                    "Rows Removed by Filter": 1430325
                  },
                  {
                    "Node Type": "Hash",
                    "Parent Relationship": "Inner",
                    "Parallel Aware": true,
                    "Startup Cost": 54588.39,
                    "Total Cost": 54588.39,
                    "Plan Rows": 8725,
                    "Plan Width": 4,
                    "Actual Startup Time": 125.638,
                    "Actual Total Time": 125.639,
                    "Actual Rows": 6868,
                    "Actual Loops": 2,
                    "Hash Buckets": 16384,
                    "Original Hash Buckets": 16384,
                    "Hash Batches": 1,
                    "Original Hash Batches": 1,
                    "Peak Memory Usage": 704,
                    "Plans": [
                      {
                        "Node Type": "Seq Scan",
                        "Parent Relationship": "Outer",
                        "Parallel Aware": true,
                        "Relation Name": "title",
                        "Alias": "t",
                        "Startup Cost": 0.0,
                        "Total Cost": 54588.39,
                        "Plan Rows": 8725,
                        "Plan Width": 4,
                        "Actual Startup Time": 0.084,
                        "Actual Total Time": 123.234,
                        "Actual Rows": 6868,
                        "Actual Loops": 2,
                        "Filter": "(production_year = 1974)",
                        "Rows Removed by Filter": 1257288
                      }
                    ]
                  }
                ]
              }
            ]
          }
        ]
      }
    ]
  },
  "Planning Time": 0.168,
  "Triggers": [],
  "Execution Time": 369.96
}