{
  "Plan": {
    "Node Type": "Aggregate",
    "Strategy": "Plain",
    "Partial Mode": "Finalize",
    "Parallel Aware": false,
    "Startup Cost": 618203.14,
    "Total Cost": 618203.15,
    "Plan Rows": 1,
    "Plan Width": 8,
    "Actual Startup Time": 2508.396,
    "Actual Total Time": 2552.516,
    "Actual Rows": 1,
    "Actual Loops": 1,
    "Plans": [
      {
        "Node Type": "Gather",
        "Parent Relationship": "Outer",
        "Parallel Aware": false,
        "Startup Cost": 618203.03,
        "Total Cost": 618203.14,
        "Plan Rows": 1,
        "Plan Width": 8,
        "Actual Startup Time": 2502.542,
        "Actual Total Time": 2552.507,
        "Actual Rows": 2,
        "Actual Loops": 1,
        "Workers Planned": 1,
        "Workers Launched": 1,
        "Single Copy": false,
        "Plans": [
          {
            "Node Type": "Aggregate",
            "Strategy": "Plain",
            "Partial Mode": "Partial",
            "Parent Relationship": "Outer",
            "Parallel Aware": false,
            "Startup Cost": 617203.03,
            "Total Cost": 617203.04,
            "Plan Rows": 1,
            "Plan Width": 8,
            "Actual Startup Time": 2490.726,
            "Actual Total Time": 2490.729,
            "Actual Rows": 1,
            "Actual Loops": 2,
            "Plans": [
              {
                "Node Type": "Hash Join",
                "Parent Relationship": "Outer",
                "Parallel Aware": true,
                "Join Type": "Inner",
                "Startup Cost": 71365.22,
                "Total Cost": 608371.38,
                "Plan Rows": 3532661,
                "Plan Width": 0,
                "Actual Startup Time": 514.025,
                "Actual Total Time": 2408.097,
                "Actual Rows": 1925038,
                "Actual Loops": 2,
                "Inner Unique": true,
                "Hash Cond": "(ci.movie_id = t.id)",
                "Plans": [
                  {
                    "Node Type": "Index Scan",
                    "Parent Relationship": "Outer",
                    "Parallel Aware": true,
                    "Scan Direction": "Forward",
                    "Index Name": "role_id_cast_info",
                    "Relation Name": "cast_info",
                    "Alias": "ci",
                    "Startup Cost": 0.56,
                    "Total Cost": 526730.69,
                    "Plan Rows": 3914672,
                    "Plan Width": 4,
                    "Actual Startup Time": 0.096,
                    "Actual Total Time": 1033.947,
                    "Actual Rows": 2049022,
                    "Actual Loops": 2,
                    "Index Cond": "(role_id > 2)",
                    "Rows Removed by Index Recheck": 0,
                    "Filter": "(person_id < 1450083)",
                    "Rows Removed by Filter": 6011819
                  },
                  {
                    "Node Type": "Hash",
                    "Parent Relationship": "Inner",
                    "Parallel Aware": true,
                    "Startup Cost": 54588.39,
                    "Total Cost": 54588.39,
                    "Plan Rows": 1342101,
                    "Plan Width": 4,
                    "Actual Startup Time": 492.234,
                    "Actual Total Time": 492.235,
                    "Actual Rows": 1137631,
                    "Actual Loops": 2,
                    "Hash Buckets": 4194304,
                    "Original Hash Buckets": 4194304,
                    "Hash Batches": 1,
                    "Original Hash Batches": 1,
                    "Peak Memory Usage": 121824,
                    "Plans": [
                      {
                        "Node Type": "Seq Scan",
                        "Parent Relationship": "Outer",
                        "Parallel Aware": true,
                        "Relation Name": "title",
                        "Alias": "t",
                        "Startup Cost": 0.0,
                        "Total Cost": 54588.39,
                        "Plan Rows": 1342101,
                        "Plan Width": 4,
                        "Actual Startup Time": 0.027,
                        "Actual Total Time": 177.985,
                        "Actual Rows": 1137631,
                        "Actual Loops": 2,
                        "Filter": "(production_year > 1952)",
                        "Rows Removed by Filter": 126525
                      }
                    ]
                  }
                ]
              }
            ]
          }
        ]
      }
    ]
  },
  "Planning Time": 0.75,
  "Triggers": [],
  "Execution Time": 2552.593
}