{
  "Plan": {
    "Node Type": "Aggregate",
    "Strategy": "Plain",
    "Partial Mode": "Finalize",
    "Parallel Aware": false,
    "Startup Cost": 414708.65,
    "Total Cost": 414708.66,
    "Plan Rows": 1,
    "Plan Width": 8,
    "Actual Startup Time": 1775.06,
    "Actual Total Time": 1829.685,
    "Actual Rows": 1,
    "Actual Loops": 1,
    "Plans": [
      {
        "Node Type": "Gather",
        "Parent Relationship": "Outer",
        "Parallel Aware": false,
        "Startup Cost": 414708.54,
        "Total Cost": 414708.65,
        "Plan Rows": 1,
        "Plan Width": 8,
        "Actual Startup Time": 1773.967,
        "Actual Total Time": 1829.678,
        "Actual Rows": 2,
        "Actual Loops": 1,
        "Workers Planned": 1,
        "Workers Launched": 1,
        "Single Copy": false,
        "Plans": [
          {
            "Node Type": "Aggregate",
            "Strategy": "Plain",
            "Partial Mode": "Partial",
            "Parent Relationship": "Outer",
            "Parallel Aware": false,
            "Startup Cost": 413708.54,
            "Total Cost": 413708.55,
            "Plan Rows": 1,
            "Plan Width": 8,
            "Actual Startup Time": 1768.067,
            "Actual Total Time": 1768.072,
            "Actual Rows": 1,
            "Actual Loops": 2,
            "Plans": [
              {
                "Node Type": "Hash Join",
                "Parent Relationship": "Outer",
                "Parallel Aware": true,
                "Join Type": "Inner",
                "Startup Cost": 345325.69,
                "Total Cost": 413369.35,
                "Plan Rows": 135676,
                "Plan Width": 0,
                "Actual Startup Time": 1285.865,
                "Actual Total Time": 1699.986,
                "Actual Rows": 1637248,
                "Actual Loops": 2,
                "Inner Unique": false,
                "Hash Cond": "(mk.movie_id = t.id)",
                "Plans": [
                  {
                    "Node Type": "Seq Scan",
                    "Parent Relationship": "Outer",
                    "Parallel Aware": true,
                    "Relation Name": "movie_keyword",
                    "Alias": "mk",
                    "Startup Cost": 0.0,
                    "Total Cost": 57718.19,
                    "Plan Rows": 1905476,
                    "Plan Width": 4,
                    "Actual Startup Time": 0.017,
                    "Actual Total Time": 186.894,
                    "Actual Rows": 1615491,
                    "Actual Loops": 2,
                    "Filter": "(keyword_id < 13666)",
                    "Rows Removed by Filter": 646474
                  },
                  {
                    "Node Type": "Hash",
                    "Parent Relationship": "Inner",
                    "Parallel Aware": true,
                    "Startup Cost": 344002.0,
                    "Total Cost": 344002.0,
                    "Plan Rows": 105895,
                    "Plan Width": 8,
                    "Actual Startup Time": 1282.025,
                    "Actual Total Time": 1282.029,
                    "Actual Rows": 143253,
                    "Actual Loops": 2,
                    "Hash Buckets": 524288,
                    "Original Hash Buckets": 262144,
                    "Hash Batches": 1,
                    "Original Hash Batches": 1,
                    "Peak Memory Usage": 17376,
                    "Plans": [
                      {
                        "Node Type": "Hash Join",
                        "Parent Relationship": "Outer",
                        "Parallel Aware": true,
                        "Join Type": "Inner",
                        "Startup Cost": 58659.29,
                        "Total Cost": 344002.0,
                        "Plan Rows": 105895,
                        "Plan Width": 8,
                        "Actual Startup Time": 140.718,
                        "Actual Total Time": 1239.303,
                        "Actual Rows": 143253,
                        "Actual Loops": 2,
                        "Inner Unique": true,
                        "Hash Cond": "(mi.movie_id = t.id)",
                        "Plans": [
                          {
                            "Node Type": "Seq Scan",
                            "Parent Relationship": "Outer",
                            "Parallel Aware": true,
                            "Relation Name": "movie_info",
                            "Alias": "mi",
                            "Startup Cost": 0.0,
                            "Total Cost": 270696.42,
                            "Plan Rows": 5579529,
                            "Plan Width": 4,
                            "Actual Startup Time": 0.011,
                            "Actual Total Time": 700.663,
                            "Actual Rows": 4782576,
                            "Actual Loops": 2,
                            "Filter": "(info_type_id < 16)",
                            "Rows Removed by Filter": 2635284
                          },
                          {
                            "Node Type": "Hash",
                            "Parent Relationship": "Inner",
                            "Parallel Aware": true,
                            "Startup Cost": 58306.47,
                            "Total Cost": 58306.47,
                            "Plan Rows": 28226,
                            "Plan Width": 4,
                            "Actual Startup Time": 139.497,
                            "Actual Total Time": 139.498,
                            "Actual Rows": 19376,
                            "Actual Loops": 2,
                            "Hash Buckets": 65536,
                            "Original Hash Buckets": 65536,
                            "Hash Batches": 1,
                            "Original Hash Batches": 1,
                            "Peak Memory Usage": 2048,
                            "Plans": [
                              {
                                "Node Type": "Seq Scan",
                                "Parent Relationship": "Outer",
                                "Parallel Aware": true,
                                "Relation Name": "title",
                                "Alias": "t",
                                "Startup Cost": 0.0,
                                "Total Cost": 58306.47,
                                "Plan Rows": 28226,
                                "Plan Width": 4,
                                "Actual Startup Time": 0.465,
                                "Actual Total Time": 134.216,
                                "Actual Rows": 19376,
                                "Actual Loops": 2,
                                "Filter": "((kind_id < 7) AND (production_year = 2008))",
                                "Rows Removed by Filter": 1244780
                              }
                            ]
                          }
                        ]
                      }
                    ]
                  }
                ]
              }
            ]
          }
        ]
      }
    ]
  },
  "Planning Time": 0.928,
  "Triggers": [],
  "Execution Time": 1829.779
}