[
  {
    "Plan": {
      "Node Type": "Aggregate",
      "Strategy": "Plain",
      "Partial Mode": "Finalize",
      "Parallel Aware": false,
      "Startup Cost": 46402.27,
      "Total Cost": 46402.28,
      "Plan Rows": 1,
      "Plan Width": 8,
      "Actual Startup Time": 167.659,
      "Actual Total Time": 177.524,
      "Actual Rows": 1,
      "Actual Loops": 1,
      "Plans": [
        {
          "Node Type": "Gather",
          "Parent Relationship": "Outer",
          "Parallel Aware": false,
          "Startup Cost": 46401.95,
          "Total Cost": 46402.26,
          "Plan Rows": 3,
          "Plan Width": 8,
          "Actual Startup Time": 167.549,
          "Actual Total Time": 177.514,
          "Actual Rows": 4,
          "Actual Loops": 1,
          "Workers Planned": 3,
          "Workers Launched": 3,
          "Single Copy": false,
          "Plans": [
            {
              "Node Type": "Aggregate",
              "Strategy": "Plain",
              "Partial Mode": "Partial",
              "Parent Relationship": "Outer",
              "Parallel Aware": false,
              "Startup Cost": 45401.95,
              "Total Cost": 45401.96,
              "Plan Rows": 1,
              "Plan Width": 8,
              "Actual Startup Time": 160.009,
              "Actual Total Time": 160.011,
              "Actual Rows": 1,
              "Actual Loops": 4,
              "Plans": [
                {
                  "Node Type": "Seq Scan",
                  "Parent Relationship": "Outer",
                  "Parallel Aware": true,
                  "Relation Name": "movie_keyword",
                  "Alias": "mk",
                  "Startup Cost": 0.0,
                  "Total Cost": 42695.65,
                  "Plan Rows": 1082519,
                  "Plan Width": 0,
                  "Actual Startup Time": 0.207,
                  "Actual Total Time": 121.831,
                  "Actual Rows": 835518,
                  "Actual Loops": 4,
                  "Filter": "(keyword_id > 1400)",
                  "Rows Removed by Filter": 295465
                }
              ]
            }
          ]
        }
      ]
    },
    "Planning Time": 0.187,
    "Triggers": [],
    "Execution Time": 177.58
  }
]