{
  "Plan": {
    "Node Type": "Aggregate",
    "Strategy": "Plain",
    "Partial Mode": "Finalize",
    "Parallel Aware": false,
    "Startup Cost": 141854.02,
    "Total Cost": 141854.03,
    "Plan Rows": 1,
    "Plan Width": 8,
    "Actual Startup Time": 1084.512,
    "Actual Total Time": 1103.731,
    "Actual Rows": 1,
    "Actual Loops": 1,
    "Plans": [
      {
        "Node Type": "Gather",
        "Parent Relationship": "Outer",
        "Parallel Aware": false,
        "Startup Cost": 141853.9,
        "Total Cost": 141854.01,
        "Plan Rows": 1,
        "Plan Width": 8,
        "Actual Startup Time": 1079.279,
        "Actual Total Time": 1103.722,
        "Actual Rows": 2,
        "Actual Loops": 1,
        "Workers Planned": 1,
        "Workers Launched": 1,
        "Single Copy": false,
        "Plans": [
          {
            "Node Type": "Aggregate",
            "Strategy": "Plain",
            "Partial Mode": "Partial",
            "Parent Relationship": "Outer",
            "Parallel Aware": false,
            "Startup Cost": 140853.9,
            "Total Cost": 140853.91,
            "Plan Rows": 1,
            "Plan Width": 8,
            "Actual Startup Time": 1067.566,
            "Actual Total Time": 1067.569,
            "Actual Rows": 1,
            "Actual Loops": 2,
            "Plans": [
              {
                "Node Type": "Hash Join",
                "Parent Relationship": "Outer",
                "Parallel Aware": true,
                "Join Type": "Inner",
                "Startup Cost": 71104.61,
                "Total Cost": 135339.77,
                "Plan Rows": 2205654,
                "Plan Width": 0,
                "Actual Startup Time": 507.534,
                "Actual Total Time": 999.558,
                "Actual Rows": 1786294,
                "Actual Loops": 2,
                "Inner Unique": true,
                "Hash Cond": "(mk.movie_id = t.id)",
                "Plans": [
                  {
                    "Node Type": "Seq Scan",
                    "Parent Relationship": "Outer",
                    "Parallel Aware": true,
                    "Relation Name": "movie_keyword",
                    "Alias": "mk",
                    "Startup Cost": 0.0,
                    "Total Cost": 57718.19,
                    "Plan Rows": 2482648,
                    "Plan Width": 4,
                    "Actual Startup Time": 0.019,
                    "Actual Total Time": 201.041,
                    "Actual Rows": 2113148,
                    "Actual Loops": 2,
                    "Filter": "(keyword_id < 54149)",
                    "Rows Removed by Filter": 148818
                  },
                  {
                    "Node Type": "Hash",
                    "Parent Relationship": "Inner",
                    "Parallel Aware": true,
                    "Startup Cost": 54588.39,
                    "Total Cost": 54588.39,
                    "Plan Rows": 1321298,
                    "Plan Width": 4,
                    "Actual Startup Time": 485.047,
                    "Actual Total Time": 485.048,
                    "Actual Rows": 1117552,
                    "Actual Loops": 2,
                    "Hash Buckets": 4194304,
                    "Original Hash Buckets": 4194304,
                    "Hash Batches": 1,
                    "Original Hash Batches": 1,
                    "Peak Memory Usage": 120256,
                    "Plans": [
                      {
                        "Node Type": "Seq Scan",
                        "Parent Relationship": "Outer",
                        "Parallel Aware": true,
                        "Relation Name": "title",
                        "Alias": "t",
                        "Startup Cost": 0.0,
                        "Total Cost": 54588.39,
                        "Plan Rows": 1321298,
                        "Plan Width": 4,
                        "Actual Startup Time": 0.041,
                        "Actual Total Time": 176.453,
                        "Actual Rows": 1117552,
                        "Actual Loops": 2,
                        "Filter": "(production_year > 1957)",
                        "Rows Removed by Filter": 146604
                      }
                    ]
                  }
                ]
              }
            ]
          }
        ]
      }
    ]
  },
  "Planning Time": 0.626,
  "Triggers": [],
  "Execution Time": 1103.795
}