{
  "Plan": {
    "Node Type": "Aggregate",
    "Strategy": "Plain",
    "Partial Mode": "Finalize",
    "Parallel Aware": false,
    "Startup Cost": 336736.69,
    "Total Cost": 336736.7,
    "Plan Rows": 1,
    "Plan Width": 8,
    "Actual Startup Time": 1314.183,
    "Actual Total Time": 1369.976,
    "Actual Rows": 1,
    "Actual Loops": 1,
    "Plans": [
      {
        "Node Type": "Gather",
        "Parent Relationship": "Outer",
        "Parallel Aware": false,
        "Startup Cost": 336736.58,
        "Total Cost": 336736.69,
        "Plan Rows": 1,
        "Plan Width": 8,
        "Actual Startup Time": 1313.537,
        "Actual Total Time": 1369.966,
        "Actual Rows": 2,
        "Actual Loops": 1,
        "Workers Planned": 1,
        "Workers Launched": 1,
        "Single Copy": false,
        "Plans": [
          {
            "Node Type": "Aggregate",
            "Strategy": "Plain",
            "Partial Mode": "Partial",
            "Parent Relationship": "Outer",
            "Parallel Aware": false,
            "Startup Cost": 335736.58,
            "Total Cost": 335736.59,
            "Plan Rows": 1,
            "Plan Width": 8,
            "Actual Startup Time": 1307.882,
            "Actual Total Time": 1307.887,
            "Actual Rows": 1,
            "Actual Loops": 2,
            "Plans": [
              {
                "Node Type": "Hash Join",
                "Parent Relationship": "Outer",
                "Parallel Aware": true,
                "Join Type": "Inner",
                "Startup Cost": 55488.16,
                "Total Cost": 335315.68,
                "Plan Rows": 168359,
                "Plan Width": 0,
                "Actual Startup Time": 215.505,
                "Actual Total Time": 1300.097,
                "Actual Rows": 148480,
                "Actual Loops": 2,
                "Inner Unique": true,
                "Hash Cond": "(mi.movie_id = t.id)",
                "Plans": [
                  {
                    "Node Type": "Seq Scan",
                    "Parent Relationship": "Outer",
                    "Parallel Aware": true,
                    "Relation Name": "movie_info",
                    "Alias": "mi",
                    "Startup Cost": 0.0,
                    "Total Cost": 270696.42,
                    "Plan Rows": 3478509,
                    "Plan Width": 4,
                    "Actual Startup Time": 39.799,
                    "Actual Total Time": 771.937,
                    "Actual Rows": 2934513,
                    "Actual Loops": 2,
                    "Filter": "(info_type_id > 13)",
                    "Rows Removed by Filter": 4483347
                  },
                  {
                    "Node Type": "Hash",
                    "Parent Relationship": "Inner",
                    "Parallel Aware": true,
                    "Startup Cost": 54588.39,
                    "Total Cost": 54588.39,
                    "Plan Rows": 71982,
                    "Plan Width": 4,
                    "Actual Startup Time": 174.124,
                    "Actual Total Time": 174.126,
                    "Actual Rows": 61430,
                    "Actual Loops": 2,
                    "Hash Buckets": 131072,
                    "Original Hash Buckets": 131072,
                    "Hash Batches": 1,
                    "Original Hash Batches": 1,
                    "Peak Memory Usage": 5856,
                    "Plans": [
                      {
                        "Node Type": "Seq Scan",
                        "Parent Relationship": "Outer",
                        "Parallel Aware": true,
                        "Relation Name": "title",
                        "Alias": "t",
                        "Startup Cost": 0.0,
                        "Total Cost": 54588.39,
                        "Plan Rows": 71982,
                        "Plan Width": 4,
                        "Actual Startup Time": 0.043,
                        "Actual Total Time": 152.494,
                        "Actual Rows": 61430,
                        "Actual Loops": 2,
                        "Filter": "(production_year = 2008)",
                        "Rows Removed by Filter": 1202726
                      }
                    ]
                  }
                ]
              }
            ]
          }
        ]
      }
    ]
  },
  "Planning Time": 0.306,
  "Triggers": [],
  "Execution Time": 1370.037
}