{
  "Plan": {
    "Node Type": "Aggregate",
    "Strategy": "Plain",
    "Partial Mode": "Finalize",
    "Parallel Aware": false,
    "Startup Cost": 429600.19,
    "Total Cost": 429600.2,
    "Plan Rows": 1,
    "Plan Width": 8,
    "Actual Startup Time": 5166.434,
    "Actual Total Time": 5223.006,
    "Actual Rows": 1,
    "Actual Loops": 1,
    "Plans": [
      {
        "Node Type": "Gather",
        "Parent Relationship": "Outer",
        "Parallel Aware": false,
        "Startup Cost": 429600.08,
        "Total Cost": 429600.19,
        "Plan Rows": 1,
        "Plan Width": 8,
        "Actual Startup Time": 5159.543,
        "Actual Total Time": 5222.998,
        "Actual Rows": 2,
        "Actual Loops": 1,
        "Workers Planned": 1,
        "Workers Launched": 1,
        "Single Copy": false,
        "Plans": [
          {
            "Node Type": "Aggregate",
            "Strategy": "Plain",
            "Partial Mode": "Partial",
            "Parent Relationship": "Outer",
            "Parallel Aware": false,
            "Startup Cost": 428600.08,
            "Total Cost": 428600.09,
            "Plan Rows": 1,
            "Plan Width": 8,
            "Actual Startup Time": 5153.19,
            "Actual Total Time": 5153.196,
            "Actual Rows": 1,
            "Actual Loops": 2,
            "Plans": [
              {
                "Node Type": "Hash Join",
                "Parent Relationship": "Outer",
                "Parallel Aware": true,
                "Join Type": "Inner",
                "Startup Cost": 123932.55,
                "Total Cost": 421710.37,
                "Plan Rows": 2755884,
                "Plan Width": 0,
                "Actual Startup Time": 966.076,
                "Actual Total Time": 4352.41,
                "Actual Rows": 16711327,
                "Actual Loops": 2,
                "Inner Unique": false,
                "Hash Cond": "(mi.movie_id = t.id)",
                "Plans": [
                  {
                    "Node Type": "Seq Scan",
                    "Parent Relationship": "Outer",
                    "Parallel Aware": true,
                    "Relation Name": "movie_info",
                    "Alias": "mi",
                    "Startup Cost": 0.0,
                    "Total Cost": 248955.74,
                    "Plan Rows": 8696274,
                    "Plan Width": 4,
                    "Actual Startup Time": 0.019,
                    "Actual Total Time": 752.116,
                    "Actual Rows": 7417860,
                    "Actual Loops": 2
                  },
                  {
                    "Node Type": "Hash",
                    "Parent Relationship": "Inner",
                    "Parallel Aware": true,
                    "Startup Cost": 118041.19,
                    "Total Cost": 118041.19,
                    "Plan Rows": 471309,
                    "Plan Width": 8,
                    "Actual Startup Time": 956.256,
                    "Actual Total Time": 956.261,
                    "Actual Rows": 404912,
                    "Actual Loops": 2,
                    "Hash Buckets": 1048576,
                    "Original Hash Buckets": 1048576,
                    "Hash Batches": 1,
                    "Original Hash Batches": 1,
                    "Peak Memory Usage": 39904,
                    "Plans": [
                      {
                        "Node Type": "Hash Join",
                        "Parent Relationship": "Outer",
                        "Parallel Aware": true,
                        "Join Type": "Inner",
                        "Startup Cost": 86458.63,
                        "Total Cost": 118041.19,
                        "Plan Rows": 471309,
                        "Plan Width": 8,
                        "Actual Startup Time": 627.231,
                        "Actual Total Time": 854.271,
                        "Actual Rows": 404912,
                        "Actual Loops": 2,
                        "Inner Unique": true,
                        "Hash Cond": "(mk.movie_id = t.id)",
                        "Plans": [
                          {
                            "Node Type": "Bitmap Heap Scan",
                            "Parent Relationship": "Outer",
                            "Parallel Aware": true,
                            "Relation Name": "movie_keyword",
                            "Alias": "mk",
                            "Startup Cost": 16997.93,
                            "Total Cost": 47343.3,
                            "Plan Rows": 471309,
                            "Plan Width": 4,
                            "Actual Startup Time": 42.873,
                            "Actual Total Time": 139.832,
                            "Actual Rows": 404912,
                            "Actual Loops": 2,
                            "Recheck Cond": "(keyword_id < 784)",
                            "Rows Removed by Index Recheck": 0,
                            "Exact Heap Blocks": 15296,
                            "Lossy Heap Blocks": 0,
                            "Plans": [
                              {
                                "Node Type": "Bitmap Index Scan",
                                "Parent Relationship": "Outer",
                                "Parallel Aware": false,
                                "Index Name": "keyword_id_movie_keyword",
                                "Startup Cost": 0.0,
                                "Total Cost": 16797.63,
                                "Plan Rows": 801226,
                                "Plan Width": 0,
                                "Actual Startup Time": 39.307,
                                "Actual Total Time": 39.308,
                                "Actual Rows": 809825,
                                "Actual Loops": 1,
                                "Index Cond": "(keyword_id < 784)"
                              }
                            ]
                          },
                          {
                            "Node Type": "Hash",
                            "Parent Relationship": "Inner",
                            "Parallel Aware": true,
                            "Startup Cost": 50870.31,
                            "Total Cost": 50870.31,
                            "Plan Rows": 1487231,
                            "Plan Width": 4,
                            "Actual Startup Time": 567.746,
                            "Actual Total Time": 567.747,
                            "Actual Rows": 1264156,
                            "Actual Loops": 2,
                            "Hash Buckets": 4194304,
                            "Original Hash Buckets": 4194304,
                            "Hash Batches": 1,
                            "Original Hash Batches": 1,
                            "Peak Memory Usage": 131712,
                            "Plans": [
                              {
                                "Node Type": "Seq Scan",
                                "Parent Relationship": "Outer",
                                "Parallel Aware": true,
                                "Relation Name": "title",
                                "Alias": "t",
                                "Startup Cost": 0.0,
                                "Total Cost": 50870.31,
                                "Plan Rows": 1487231,
                                "Plan Width": 4,
                                "Actual Startup Time": 0.034,
                                "Actual Total Time": 176.117,
                                "Actual Rows": 1264156,
                                "Actual Loops": 2
                              }
                            ]
                          }
                        ]
                      }
                    ]
                  }
                ]
              }
            ]
          }
        ]
      }
    ]
  },
  "Planning Time": 0.875,
  "Triggers": [],
  "Execution Time": 5223.114
}