[
  {
    "Plan": {
      "Node Type": "Aggregate",
      "Strategy": "Plain",
      "Partial Mode": "Finalize",
      "Parallel Aware": false,
      "Startup Cost": 46101.78,
      "Total Cost": 46101.79,
      "Plan Rows": 1,
      "Plan Width": 8,
      "Actual Startup Time": 168.063,
      "Actual Total Time": 182.769,
      "Actual Rows": 1,
      "Actual Loops": 1,
      "Plans": [
        {
          "Node Type": "Gather",
          "Parent Relationship": "Outer",
          "Parallel Aware": false,
          "Startup Cost": 46101.36,
          "Total Cost": 46101.77,
          "Plan Rows": 4,
          "Plan Width": 8,
          "Actual Startup Time": 167.758,
          "Actual Total Time": 182.755,
          "Actual Rows": 5,
          "Actual Loops": 1,
          "Workers Planned": 4,
          "Workers Launched": 4,
          "Single Copy": false,
          "Plans": [
            {
              "Node Type": "Aggregate",
              "Strategy": "Plain",
              "Partial Mode": "Partial",
              "Parent Relationship": "Outer",
              "Parallel Aware": false,
              "Startup Cost": 45101.36,
              "Total Cost": 45101.37,
              "Plan Rows": 1,
              "Plan Width": 8,
              "Actual Startup Time": 156.961,
              "Actual Total Time": 156.962,
              "Actual Rows": 1,
              "Actual Loops": 5,
              "Plans": [
                {
                  "Node Type": "Seq Scan",
                  "Parent Relationship": "Outer",
                  "Parallel Aware": true,
                  "Relation Name": "title",
                  "Alias": "t",
                  "Startup Cost": 0.0,
                  "Total Cost": 43899.32,
                  "Plan Rows": 480814,
                  "Plan Width": 0,
                  "Actual Startup Time": 0.055,
                  "Actual Total Time": 131.643,
                  "Actual Rows": 384570,
                  "Actual Loops": 5,
                  "Filter": "(production_year < 2010)",
                  "Rows Removed by Filter": 121093
                }
              ]
            }
          ]
        }
      ]
    },
    "Planning Time": 0.192,
    "Triggers": [],
    "Execution Time": 182.839
  }
]