{
  "Plan": {
    "Node Type": "Aggregate",
    "Strategy": "Plain",
    "Partial Mode": "Finalize",
    "Parallel Aware": false,
    "Startup Cost": 2073215.18,
    "Total Cost": 2073215.19,
    "Plan Rows": 1,
    "Plan Width": 8,
    "Actual Startup Time": 15316.152,
    "Actual Total Time": 15390.135,
    "Actual Rows": 1,
    "Actual Loops": 1,
    "Plans": [
      {
        "Node Type": "Gather",
        "Parent Relationship": "Outer",
        "Parallel Aware": false,
        "Startup Cost": 2073215.06,
        "Total Cost": 2073215.17,
        "Plan Rows": 1,
        "Plan Width": 8,
        "Actual Startup Time": 15315.177,
        "Actual Total Time": 15390.128,
        "Actual Rows": 2,
        "Actual Loops": 1,
        "Workers Planned": 1,
        "Workers Launched": 1,
        "Single Copy": false,
        "Plans": [
          {
            "Node Type": "Aggregate",
            "Strategy": "Plain",
            "Partial Mode": "Partial",
            "Parent Relationship": "Outer",
            "Parallel Aware": false,
            "Startup Cost": 2072215.06,
            "Total Cost": 2072215.07,
            "Plan Rows": 1,
            "Plan Width": 8,
            "Actual Startup Time": 15308.692,
            "Actual Total Time": 15308.696,
            "Actual Rows": 1,
            "Actual Loops": 2,
            "Plans": [
              {
                "Node Type": "Nested Loop",
                "Parent Relationship": "Outer",
                "Parallel Aware": false,
                "Join Type": "Inner",
                "Startup Cost": 61288.27,
                "Total Cost": 2038257.77,
                "Plan Rows": 13582919,
                "Plan Width": 0,
                "Actual Startup Time": 286.991,
                "Actual Total Time": 13944.134,
                "Actual Rows": 30749072,
                "Actual Loops": 2,
                "Inner Unique": false,
                "Join Filter": "(t.id = ci.movie_id)",
                "Rows Removed by Join Filter": 0,
                "Plans": [
                  {
                    "Node Type": "Hash Join",
                    "Parent Relationship": "Outer",
                    "Parallel Aware": true,
                    "Join Type": "Inner",
                    "Startup Cost": 61287.7,
                    "Total Cost": 125910.91,
                    "Plan Rows": 947929,
                    "Plan Width": 8,
                    "Actual Startup Time": 286.922,
                    "Actual Total Time": 801.214,
                    "Actual Rows": 527870,
                    "Actual Loops": 2,
                    "Inner Unique": true,
                    "Hash Cond": "(mk.movie_id = t.id)",
                    "Plans": [
                      {
                        "Node Type": "Seq Scan",
                        "Parent Relationship": "Outer",
                        "Parallel Aware": true,
                        "Relation Name": "movie_keyword",
                        "Alias": "mk",
                        "Startup Cost": 0.0,
                        "Total Cost": 57718.19,
                        "Plan Rows": 2630477,
                        "Plan Width": 4,
                        "Actual Startup Time": 0.011,
                        "Actual Total Time": 214.089,
                        "Actual Rows": 2236646,
                        "Actual Loops": 2,
                        "Filter": "(keyword_id < 99239)",
                        "Rows Removed by Filter": 25319
                      },
                      {
                        "Node Type": "Hash",
                        "Parent Relationship": "Inner",
                        "Parallel Aware": true,
                        "Startup Cost": 54588.39,
                        "Total Cost": 54588.39,
                        "Plan Rows": 535945,
                        "Plan Width": 4,
                        "Actual Startup Time": 277.904,
                        "Actual Total Time": 277.904,
                        "Actual Rows": 452246,
                        "Actual Loops": 2,
                        "Hash Buckets": 1048576,
                        "Original Hash Buckets": 1048576,
                        "Hash Batches": 1,
                        "Original Hash Batches": 1,
                        "Peak Memory Usage": 43584,
                        "Plans": [
                          {
                            "Node Type": "Seq Scan",
                            "Parent Relationship": "Outer",
                            "Parallel Aware": true,
                            "Relation Name": "title",
                            "Alias": "t",
                            "Startup Cost": 0.0,
                            "Total Cost": 54588.39,
                            "Plan Rows": 535945,
                            "Plan Width": 4,
                            "Actual Startup Time": 0.032,
                            "Actual Total Time": 155.874,
                            "Actual Rows": 452246,
                            "Actual Loops": 2,
                            "Filter": "(production_year > 2006)",
                            "Rows Removed by Filter": 811910
                          }
                        ]
                      }
                    ]
                  },
                  {
                    "Node Type": "Index Only Scan",
                    "Parent Relationship": "Inner",
                    "Parallel Aware": false,
                    "Scan Direction": "Forward",
                    "Index Name": "movie_id_cast_info",
                    "Relation Name": "cast_info",
                    "Alias": "ci",
                    "Startup Cost": 0.56,
                    "Total Cost": 1.55,
                    "Plan Rows": 37,
                    "Plan Width": 4,
                    "Actual Startup Time": 0.003,
                    "Actual Total Time": 0.02,
                    "Actual Rows": 58,
                    "Actual Loops": 1055740,
                    "Index Cond": "(movie_id = mk.movie_id)",
                    "Rows Removed by Index Recheck": 0,
                    "Heap Fetches": 61498145
                  }
                ]
              }
            ]
          }
        ]
      }
    ]
  },
  "Planning Time": 1.083,
  "Triggers": [],
  "Execution Time": 15390.239
}