{
  "Plan": {
    "Node Type": "Aggregate",
    "Strategy": "Plain",
    "Partial Mode": "Finalize",
    "Parallel Aware": false,
    "Startup Cost": 96733.9,
    "Total Cost": 96733.91,
    "Plan Rows": 1,
    "Plan Width": 8,
    "Actual Startup Time": 336.675,
    "Actual Total Time": 355.601,
    "Actual Rows": 1,
    "Actual Loops": 1,
    "Plans": [
      {
        "Node Type": "Gather",
        "Parent Relationship": "Outer",
        "Parallel Aware": false,
        "Startup Cost": 96733.79,
        "Total Cost": 96733.9,
        "Plan Rows": 1,
        "Plan Width": 8,
        "Actual Startup Time": 335.912,
        "Actual Total Time": 355.591,
        "Actual Rows": 2,
        "Actual Loops": 1,
        "Workers Planned": 1,
        "Workers Launched": 1,
        "Single Copy": false,
        "Plans": [
          {
            "Node Type": "Aggregate",
            "Strategy": "Plain",
            "Partial Mode": "Partial",
            "Parent Relationship": "Outer",
            "Parallel Aware": false,
            "Startup Cost": 95733.79,
            "Total Cost": 95733.8,
            "Plan Rows": 1,
            "Plan Width": 8,
            "Actual Startup Time": 331.35,
            "Actual Total Time": 331.355,
            "Actual Rows": 1,
            "Actual Loops": 2,
            "Plans": [
              {
                "Node Type": "Hash Join",
                "Parent Relationship": "Outer",
                "Parallel Aware": true,
                "Join Type": "Inner",
                "Startup Cost": 70267.57,
                "Total Cost": 95714.43,
                "Plan Rows": 7744,
                "Plan Width": 0,
                "Actual Startup Time": 213.265,
                "Actual Total Time": 330.608,
                "Actual Rows": 9005,
                "Actual Loops": 2,
                "Inner Unique": true,
                "Hash Cond": "(mc.movie_id = t.id)",
                "Plans": [
                  {
                    "Node Type": "Bitmap Heap Scan",
                    "Parent Relationship": "Outer",
                    "Parallel Aware": true,
                    "Relation Name": "movie_companies",
                    "Alias": "mc",
                    "Startup Cost": 14963.46,
                    "Total Cost": 39882.33,
                    "Plan Rows": 201136,
                    "Plan Width": 4,
                    "Actual Startup Time": 47.695,
                    "Actual Total Time": 126.785,
                    "Actual Rows": 246134,
                    "Actual Loops": 2,
                    "Recheck Cond": "(company_id < 1263)",
                    "Rows Removed by Index Recheck": 0,
                    "Filter": "(company_type_id = 1)",
                    "Rows Removed by Filter": 98846,
                    "Exact Heap Blocks": 12454,
                    "Lossy Heap Blocks": 0,
                    "Plans": [
                      {
                        "Node Type": "Bitmap Index Scan",
                        "Parent Relationship": "Outer",
                        "Parallel Aware": false,
                        "Index Name": "company_id_movie_companies",
                        "Startup Cost": 0.0,
                        "Total Cost": 14877.98,
                        "Plan Rows": 694606,
                        "Plan Width": 0,
                        "Actual Startup Time": 43.218,
                        "Actual Total Time": 43.218,
                        "Actual Rows": 689958,
                        "Actual Loops": 1,
                        "Index Cond": "(company_id < 1263)"
                      }
                    ]
                  },
                  {
                    "Node Type": "Hash",
                    "Parent Relationship": "Inner",
                    "Parallel Aware": true,
                    "Startup Cost": 54588.39,
                    "Total Cost": 54588.39,
                    "Plan Rows": 57258,
                    "Plan Width": 4,
                    "Actual Startup Time": 163.38,
                    "Actual Total Time": 163.381,
                    "Actual Rows": 47502,
                    "Actual Loops": 2,
                    "Hash Buckets": 131072,
                    "Original Hash Buckets": 131072,
                    "Hash Batches": 1,
                    "Original Hash Batches": 1,
                    "Peak Memory Usage": 4768,
                    "Plans": [
                      {
                        "Node Type": "Seq Scan",
                        "Parent Relationship": "Outer",
                        "Parallel Aware": true,
                        "Relation Name": "title",
                        "Alias": "t",
                        "Startup Cost": 0.0,
                        "Total Cost": 54588.39,
                        "Plan Rows": 57258,
                        "Plan Width": 4,
                        "Actual Startup Time": 0.024,
                        "Actual Total Time": 148.888,
                        "Actual Rows": 47502,
                        "Actual Loops": 2,
                        "Filter": "(production_year = 2005)",
                        "Rows Removed by Filter": 1216654
                      }
                    ]
                  }
                ]
              }
            ]
          }
        ]
      }
    ]
  },
  "Planning Time": 0.49,
  "Triggers": [],
  "Execution Time": 355.695
}