[
    {
        "Bao": {
            "Bao prediction": "NaN",
            "Bao recommended hint": "(no hint)"
        }
    },
    {
        "Plan": {
            "Node Type": "Aggregate",
            "Strategy": "Plain",
            "Partial Mode": "Finalize",
            "Parallel Aware": false,
            "Startup Cost": 333140.25,
            "Total Cost": 333140.26,
            "Plan Rows": 1,
            "Plan Width": 8,
            "Actual Startup Time": 623.197,
            "Actual Total Time": 654.657,
            "Actual Rows": 1,
            "Actual Loops": 1,
            "Output": [
                "count(*)"
            ],
            "Plans": [
                {
                    "Node Type": "Gather",
                    "Parent Relationship": "Outer",
                    "Parallel Aware": false,
                    "Startup Cost": 333139.63,
                    "Total Cost": 333140.24,
                    "Plan Rows": 6,
                    "Plan Width": 8,
                    "Actual Startup Time": 623.062,
                    "Actual Total Time": 654.647,
                    "Actual Rows": 7,
                    "Actual Loops": 1,
                    "Output": [
                        "(PARTIAL count(*))"
                    ],
                    "Workers Planned": 6,
                    "Workers Launched": 6,
                    "Single Copy": false,
                    "Plans": [
                        {
                            "Node Type": "Aggregate",
                            "Strategy": "Plain",
                            "Partial Mode": "Partial",
                            "Parent Relationship": "Outer",
                            "Parallel Aware": false,
                            "Startup Cost": 332139.63,
                            "Total Cost": 332139.64,
                            "Plan Rows": 1,
                            "Plan Width": 8,
                            "Actual Startup Time": 613.224,
                            "Actual Total Time": 613.226,
                            "Actual Rows": 1,
                            "Actual Loops": 7,
                            "Output": [
                                "PARTIAL count(*)"
                            ],
                            "Workers": [
                                {
                                    "Worker Number": 0,
                                    "Actual Startup Time": 610.998,
                                    "Actual Total Time": 610.999,
                                    "Actual Rows": 1,
                                    "Actual Loops": 1
                                },
                                {
                                    "Worker Number": 1,
                                    "Actual Startup Time": 611.185,
                                    "Actual Total Time": 611.187,
                                    "Actual Rows": 1,
                                    "Actual Loops": 1
                                },
                                {
                                    "Worker Number": 2,
                                    "Actual Startup Time": 611.406,
                                    "Actual Total Time": 611.407,
                                    "Actual Rows": 1,
                                    "Actual Loops": 1
                                },
                                {
                                    "Worker Number": 3,
                                    "Actual Startup Time": 611.694,
                                    "Actual Total Time": 611.696,
                                    "Actual Rows": 1,
                                    "Actual Loops": 1
                                },
                                {
                                    "Worker Number": 4,
                                    "Actual Startup Time": 612.199,
                                    "Actual Total Time": 612.2,
                                    "Actual Rows": 1,
                                    "Actual Loops": 1
                                },
                                {
                                    "Worker Number": 5,
                                    "Actual Startup Time": 612.398,
                                    "Actual Total Time": 612.399,
                                    "Actual Rows": 1,
                                    "Actual Loops": 1
                                }
                            ],
                            "Plans": [
                                {
                                    "Node Type": "Seq Scan",
                                    "Parent Relationship": "Outer",
                                    "Parallel Aware": true,
                                    "Relation Name": "cast_info",
                                    "Schema": "public",
                                    "Alias": "ci",
                                    "Startup Cost": 0.0,
                                    "Total Cost": 328213.62,
                                    "Plan Rows": 1570404,
                                    "Plan Width": 0,
                                    "Actual Startup Time": 293.626,
                                    "Actual Total Time": 548.065,
                                    "Actual Rows": 1349593,
                                    "Actual Loops": 7,
                                    "Output": [
                                        "id",
                                        "person_id",
                                        "movie_id",
                                        "person_role_id",
                                        "note",
                                        "nr_order",
                                        "role_id"
                                    ],
                                    "Filter": "(ci.person_id > 2760775)",
                                    "Rows Removed by Filter": 3828171,
                                    "Workers": [
                                        {
                                            "Worker Number": 0,
                                            "Actual Startup Time": 291.404,
                                            "Actual Total Time": 545.94,
                                            "Actual Rows": 977848,
                                            "Actual Loops": 1
                                        },
                                        {
                                            "Worker Number": 1,
                                            "Actual Startup Time": 291.587,
                                            "Actual Total Time": 545.729,
                                            "Actual Rows": 982079,
                                            "Actual Loops": 1
                                        },
                                        {
                                            "Worker Number": 2,
                                            "Actual Startup Time": 291.808,
                                            "Actual Total Time": 547.678,
                                            "Actual Rows": 946095,
                                            "Actual Loops": 1
                                        },
                                        {
                                            "Worker Number": 3,
                                            "Actual Startup Time": 292.09,
                                            "Actual Total Time": 547.684,
                                            "Actual Rows": 1545789,
                                            "Actual Loops": 1
                                        },
                                        {
                                            "Worker Number": 4,
                                            "Actual Startup Time": 292.606,
                                            "Actual Total Time": 551.204,
                                            "Actual Rows": 1485550,
                                            "Actual Loops": 1
                                        },
                                        {
                                            "Worker Number": 5,
                                            "Actual Startup Time": 292.799,
                                            "Actual Total Time": 548.542,
                                            "Actual Rows": 1541386,
                                            "Actual Loops": 1
                                        }
                                    ]
                                }
                            ]
                        }
                    ]
                }
            ]
        },
        "Planning Time": 197.826,
        "Triggers": [],
        "Execution Time": 654.715
    }
]