{
  "Plan": {
    "Node Type": "Aggregate",
    "Strategy": "Plain",
    "Partial Mode": "Simple",
    "Parallel Aware": false,
    "Startup Cost": 81505.62,
    "Total Cost": 81505.63,
    "Plan Rows": 1,
    "Plan Width": 64,
    "Actual Startup Time": 2704.027,
    "Actual Total Time": 2712.951,
    "Actual Rows": 1,
    "Actual Loops": 1,
    "Plans": [
      {
        "Node Type": "Nested Loop",
        "Parent Relationship": "Outer",
        "Parallel Aware": false,
        "Join Type": "Inner",
        "Startup Cost": 22412.97,
        "Total Cost": 81505.62,
        "Plan Rows": 1,
        "Plan Width": 23,
        "Actual Startup Time": 765.68,
        "Actual Total Time": 2712.913,
        "Actual Rows": 8,
        "Actual Loops": 1,
        "Inner Unique": false,
        "Join Filter": "(mk.keyword_id = k.id)",
        "Rows Removed by Join Filter": 132112,
        "Plans": [
          {
            "Node Type": "Seq Scan",
            "Parent Relationship": "Outer",
            "Parallel Aware": false,
            "Relation Name": "keyword",
            "Alias": "k",
            "Startup Cost": 0.0,
            "Total Cost": 2626.12,
            "Plan Rows": 13,
            "Plan Width": 4,
            "Actual Startup Time": 2.732,
            "Actual Total Time": 18.439,
            "Actual Rows": 30,
            "Actual Loops": 1,
            "Filter": "(keyword ~~ '%sequel%'::text)",
            "Rows Removed by Filter": 134140
          },
          {
            "Node Type": "Materialize",
            "Parent Relationship": "Inner",
            "Parallel Aware": false,
            "Startup Cost": 22412.97,
            "Total Cost": 78762.45,
            "Plan Rows": 608,
            "Plan Width": 27,
            "Actual Startup Time": 22.569,
            "Actual Total Time": 89.591,
            "Actual Rows": 4404,
            "Actual Loops": 30,
            "Plans": [
              {
                "Node Type": "Gather",
                "Parent Relationship": "Outer",
                "Parallel Aware": false,
                "Startup Cost": 22412.97,
                "Total Cost": 78759.41,
                "Plan Rows": 608,
                "Plan Width": 27,
                "Actual Startup Time": 677.04,
                "Actual Total Time": 2682.287,
                "Actual Rows": 4404,
                "Actual Loops": 1,
                "Workers Planned": 3,
                "Workers Launched": 3,
                "Single Copy": false,
                "Plans": [
                  {
                    "Node Type": "Nested Loop",
                    "Parent Relationship": "Outer",
                    "Parallel Aware": false,
                    "Join Type": "Inner",
                    "Startup Cost": 21412.97,
                    "Total Cost": 77698.61,
                    "Plan Rows": 196,
                    "Plan Width": 27,
                    "Actual Startup Time": 666.55,
                    "Actual Total Time": 2662.055,
                    "Actual Rows": 1101,
                    "Actual Loops": 4,
                    "Inner Unique": true,
                    "Join Filter": "(mi_idx.movie_id = t.id)",
                    "Rows Removed by Join Filter": 0,
                    "Plans": [
                      {
                        "Node Type": "Hash Join",
                        "Parent Relationship": "Outer",
                        "Parallel Aware": false,
                        "Join Type": "Inner",
                        "Startup Cost": 21412.54,
                        "Total Cost": 66162.03,
                        "Plan Rows": 22968,
                        "Plan Width": 18,
                        "Actual Startup Time": 272.156,
                        "Actual Total Time": 633.515,
                        "Actual Rows": 858980,
                        "Actual Loops": 4,
                        "Inner Unique": false,
                        "Hash Cond": "(mk.movie_id = mi_idx.movie_id)",
                        "Plans": [
                          {
                            "Node Type": "Seq Scan",
                            "Parent Relationship": "Outer",
                            "Parallel Aware": true,
                            "Relation Name": "movie_keyword",
                            "Alias": "mk",
                            "Startup Cost": 0.0,
                            "Total Cost": 39047.32,
                            "Plan Rows": 1459332,
                            "Plan Width": 8,
                            "Actual Startup Time": 0.058,
                            "Actual Total Time": 109.144,
                            "Actual Rows": 1130982,
                            "Actual Loops": 4
                          },
                          {
                            "Node Type": "Hash",
                            "Parent Relationship": "Inner",
                            "Parallel Aware": false,
                            "Startup Cost": 21323.81,
                            "Total Cost": 21323.81,
                            "Plan Rows": 7098,
                            "Plan Width": 10,
                            "Actual Startup Time": 271.627,
                            "Actual Total Time": 271.63,
                            "Actual Rows": 448969,
                            "Actual Loops": 4,
                            "Hash Buckets": 524288,
                            "Original Hash Buckets": 8192,
                            "Hash Batches": 1,
                            "Original Hash Batches": 1,
                            "Peak Memory Usage": 21634,
                            "Plans": [
                              {
                                "Node Type": "Nested Loop",
                                "Parent Relationship": "Outer",
                                "Parallel Aware": false,
                                "Join Type": "Inner",
                                "Startup Cost": 6206.12,
                                "Total Cost": 21323.81,
                                "Plan Rows": 7098,
                                "Plan Width": 10,
                                "Actual Startup Time": 35.499,
                                "Actual Total Time": 178.843,
                                "Actual Rows": 448969,
                                "Actual Loops": 4,
                                "Inner Unique": false,
                                "Plans": [
                                  {
                                    "Node Type": "Seq Scan",
                                    "Parent Relationship": "Outer",
                                    "Parallel Aware": false,
                                    "Relation Name": "info_type",
                                    "Alias": "it",
                                    "Startup Cost": 0.0,
                                    "Total Cost": 2.41,
                                    "Plan Rows": 1,
                                    "Plan Width": 4,
                                    "Actual Startup Time": 0.079,
                                    "Actual Total Time": 0.083,
                                    "Actual Rows": 1,
                                    "Actual Loops": 4,
                                    "Filter": "((info)::text = 'rating'::text)",
                                    "Rows Removed by Filter": 112
                                  },
                                  {
                                    "Node Type": "Bitmap Heap Scan",
                                    "Parent Relationship": "Inner",
                                    "Parallel Aware": false,
                                    "Relation Name": "movie_info_idx",
                                    "Alias": "mi_idx",
                                    "Startup Cost": 6206.12,
                                    "Total Cost": 19316.26,
                                    "Plan Rows": 200514,
                                    "Plan Width": 14,
                                    "Actual Startup Time": 35.406,
                                    "Actual Total Time": 141.38,
                                    "Actual Rows": 448969,
                                    "Actual Loops": 4,
                                    "Recheck Cond": "(info_type_id = it.id)",
                                    "Rows Removed by Index Recheck": 0,
                                    "Filter": "(info > '2.0'::text)",
                                    "Rows Removed by Filter": 10956,
                                    "Exact Heap Blocks": 7934,
                                    "Lossy Heap Blocks": 0,
                                    "Plans": [
                                      {
                                        "Node Type": "Bitmap Index Scan",
                                        "Parent Relationship": "Outer",
                                        "Parallel Aware": false,
                                        "Index Name": "info_type_id_movie_info_idx",
                                        "Startup Cost": 0.0,
                                        "Total Cost": 6155.99,
                                        "Plan Rows": 345009,
                                        "Plan Width": 0,
                                        "Actual Startup Time": 34.192,
                                        "Actual Total Time": 34.192,
                                        "Actual Rows": 459925,
                                        "Actual Loops": 4,
                                        "Index Cond": "(info_type_id = it.id)"
                                      }
                                    ]
                                  }
                                ]
                              }
                            ]
                          }
                        ]
                      },
                      {
                        "Node Type": "Index Scan",
                        "Parent Relationship": "Inner",
                        "Parallel Aware": false,
                        "Scan Direction": "Forward",
                        "Index Name": "title_pkey",
                        "Relation Name": "title",
                        "Alias": "t",
                        "Startup Cost": 0.43,
                        "Total Cost": 0.49,
                        "Plan Rows": 1,
                        "Plan Width": 21,
                        "Actual Startup Time": 0.002,
                        "Actual Total Time": 0.002,
                        "Actual Rows": 0,
                        "Actual Loops": 3435922,
                        "Index Cond": "(id = mk.movie_id)",
                        "Rows Removed by Index Recheck": 0,
                        "Filter": "(production_year < 1910)",
                        "Rows Removed by Filter": 1
                      }
                    ]
                  }
                ]
              }
            ]
          }
        ]
      }
    ]
  },
  "Planning Time": 6.829,
  "Triggers": [],
  "Execution Time": 2715.505
}