[
  {
    "Plan": {
      "Node Type": "Aggregate",
      "Strategy": "Plain",
      "Partial Mode": "Finalize",
      "Parallel Aware": false,
      "Startup Cost": 81471.55,
      "Total Cost": 81471.56,
      "Plan Rows": 1,
      "Plan Width": 8,
      "Actual Startup Time": 322.072,
      "Actual Total Time": 336.55,
      "Actual Rows": 1,
      "Actual Loops": 1,
      "Plans": [
        {
          "Node Type": "Gather",
          "Parent Relationship": "Outer",
          "Parallel Aware": false,
          "Startup Cost": 81471.23,
          "Total Cost": 81471.54,
          "Plan Rows": 3,
          "Plan Width": 8,
          "Actual Startup Time": 317.915,
          "Actual Total Time": 336.542,
          "Actual Rows": 4,
          "Actual Loops": 1,
          "Workers Planned": 3,
          "Workers Launched": 3,
          "Single Copy": false,
          "Plans": [
            {
              "Node Type": "Aggregate",
              "Strategy": "Plain",
              "Partial Mode": "Partial",
              "Parent Relationship": "Outer",
              "Parallel Aware": false,
              "Startup Cost": 80471.23,
              "Total Cost": 80471.24,
              "Plan Rows": 1,
              "Plan Width": 8,
              "Actual Startup Time": 309.95,
              "Actual Total Time": 309.955,
              "Actual Rows": 1,
              "Actual Loops": 4,
              "Plans": [
                {
                  "Node Type": "Hash Join",
                  "Parent Relationship": "Outer",
                  "Parallel Aware": true,
                  "Join Type": "Inner",
                  "Startup Cost": 47877.26,
                  "Total Cost": 80206.86,
                  "Plan Rows": 105750,
                  "Plan Width": 0,
                  "Actual Startup Time": 209.997,
                  "Actual Total Time": 308.106,
                  "Actual Rows": 45524,
                  "Actual Loops": 4,
                  "Inner Unique": true,
                  "Hash Cond": "(mc.movie_id = t.id)",
                  "Plans": [
                    {
                      "Node Type": "Seq Scan",
                      "Parent Relationship": "Outer",
                      "Parallel Aware": true,
                      "Relation Name": "movie_companies",
                      "Alias": "mc",
                      "Startup Cost": 0.0,
                      "Total Cost": 31414.82,
                      "Plan Rows": 348487,
                      "Plan Width": 4,
                      "Actual Startup Time": 33.339,
                      "Actual Total Time": 70.412,
                      "Actual Rows": 300788,
                      "Actual Loops": 4,
                      "Filter": "((company_id > 426) AND (company_type_id > 1))",
                      "Rows Removed by Filter": 351494
                    },
                    {
                      "Node Type": "Hash",
                      "Parent Relationship": "Inner",
                      "Parallel Aware": true,
                      "Startup Cost": 45479.59,
                      "Total Cost": 45479.59,
                      "Plan Rows": 191814,
                      "Plan Width": 4,
                      "Actual Startup Time": 171.985,
                      "Actual Total Time": 171.988,
                      "Actual Rows": 170570,
                      "Actual Loops": 4,
                      "Hash Buckets": 1048576,
                      "Original Hash Buckets": 1048576,
                      "Hash Batches": 1,
                      "Original Hash Batches": 1,
                      "Peak Memory Usage": 34912,
                      "Plans": [
                        {
                          "Node Type": "Seq Scan",
                          "Parent Relationship": "Outer",
                          "Parallel Aware": true,
                          "Relation Name": "title",
                          "Alias": "t",
                          "Startup Cost": 0.0,
                          "Total Cost": 45479.59,
                          "Plan Rows": 191814,
                          "Plan Width": 4,
                          "Actual Startup Time": 0.049,
                          "Actual Total Time": 103.685,
                          "Actual Rows": 170570,
                          "Actual Loops": 4,
                          "Filter": "((kind_id > 6) AND (production_year < 2004))",
                          "Rows Removed by Filter": 461508
                        }
                      ]
                    }
                  ]
                }
              ]
            }
          ]
        }
      ]
    },
    "Planning Time": 0.712,
    "Triggers": [],
    "Execution Time": 336.604
  }
]