[
  {
    "Plan": {
      "Node Type": "Aggregate",
      "Strategy": "Plain",
      "Partial Mode": "Finalize",
      "Parallel Aware": false,
      "Startup Cost": 241106.47,
      "Total Cost": 241106.48,
      "Plan Rows": 1,
      "Plan Width": 8,
      "Actual Startup Time": 1111.255,
      "Actual Total Time": 1154.07,
      "Actual Rows": 1,
      "Actual Loops": 1,
      "Plans": [
        {
          "Node Type": "Gather",
          "Parent Relationship": "Outer",
          "Parallel Aware": false,
          "Startup Cost": 241106.15,
          "Total Cost": 241106.46,
          "Plan Rows": 3,
          "Plan Width": 8,
          "Actual Startup Time": 1106.27,
          "Actual Total Time": 1154.06,
          "Actual Rows": 4,
          "Actual Loops": 1,
          "Workers Planned": 3,
          "Workers Launched": 3,
          "Single Copy": false,
          "Plans": [
            {
              "Node Type": "Aggregate",
              "Strategy": "Plain",
              "Partial Mode": "Partial",
              "Parent Relationship": "Outer",
              "Parallel Aware": false,
              "Startup Cost": 240106.15,
              "Total Cost": 240106.16,
              "Plan Rows": 1,
              "Plan Width": 8,
              "Actual Startup Time": 1099.595,
              "Actual Total Time": 1099.6,
              "Actual Rows": 1,
              "Actual Loops": 4,
              "Plans": [
                {
                  "Node Type": "Nested Loop",
                  "Parent Relationship": "Outer",
                  "Parallel Aware": false,
                  "Join Type": "Inner",
                  "Startup Cost": 57825.98,
                  "Total Cost": 239349.17,
                  "Plan Rows": 302792,
                  "Plan Width": 0,
                  "Actual Startup Time": 223.864,
                  "Actual Total Time": 1020.896,
                  "Actual Rows": 1700565,
                  "Actual Loops": 4,
                  "Inner Unique": false,
                  "Plans": [
                    {
                      "Node Type": "Hash Join",
                      "Parent Relationship": "Outer",
                      "Parallel Aware": true,
                      "Join Type": "Inner",
                      "Startup Cost": 57825.54,
                      "Total Cost": 84833.91,
                      "Plan Rows": 60283,
                      "Plan Width": 8,
                      "Actual Startup Time": 223.731,
                      "Actual Total Time": 302.727,
                      "Actual Rows": 33943,
                      "Actual Loops": 4,
                      "Inner Unique": true,
                      "Hash Cond": "(mk.movie_id = t.id)",
                      "Plans": [
                        {
                          "Node Type": "Bitmap Heap Scan",
                          "Parent Relationship": "Outer",
                          "Parallel Aware": true,
                          "Relation Name": "movie_keyword",
                          "Alias": "mk",
                          "Startup Cost": 11105.86,
                          "Total Cost": 37670.9,
                          "Plan Rows": 168884,
                          "Plan Width": 4,
                          "Actual Startup Time": 36.393,
                          "Actual Total Time": 79.568,
                          "Actual Rows": 130108,
                          "Actual Loops": 4,
                          "Recheck Cond": "(keyword_id > 34768)",
                          "Rows Removed by Index Recheck": 0,
                          "Exact Heap Blocks": 4920,
                          "Lossy Heap Blocks": 0,
                          "Plans": [
                            {
                              "Node Type": "Bitmap Index Scan",
                              "Parent Relationship": "Outer",
                              "Parallel Aware": false,
                              "Index Name": "keyword_id_movie_keyword",
                              "Startup Cost": 0.0,
                              "Total Cost": 10974.98,
                              "Plan Rows": 523539,
                              "Plan Width": 0,
                              "Actual Startup Time": 32.969,
                              "Actual Total Time": 32.97,
                              "Actual Rows": 520434,
                              "Actual Loops": 1,
                              "Index Cond": "(keyword_id > 34768)"
                            }
                          ]
                        },
                        {
                          "Node Type": "Hash",
                          "Parent Relationship": "Inner",
                          "Parallel Aware": true,
                          "Startup Cost": 43899.32,
                          "Total Cost": 43899.32,
                          "Plan Rows": 225629,
                          "Plan Width": 4,
                          "Actual Startup Time": 182.47,
                          "Actual Total Time": 182.471,
                          "Actual Rows": 226123,
                          "Actual Loops": 4,
                          "Hash Buckets": 1048576,
                          "Original Hash Buckets": 1048576,
                          "Hash Batches": 1,
                          "Original Hash Batches": 1,
                          "Peak Memory Usage": 43616,
                          "Plans": [
                            {
                              "Node Type": "Seq Scan",
                              "Parent Relationship": "Outer",
                              "Parallel Aware": true,
                              "Relation Name": "title",
                              "Alias": "t",
                              "Startup Cost": 0.0,
                              "Total Cost": 43899.32,
                              "Plan Rows": 225629,
                              "Plan Width": 4,
                              "Actual Startup Time": 0.038,
                              "Actual Total Time": 97.903,
                              "Actual Rows": 226123,
                              "Actual Loops": 4,
                              "Filter": "(production_year > 2006)",
                              "Rows Removed by Filter": 405955
                            }
                          ]
                        }
                      ]
                    },
                    {
                      "Node Type": "Index Scan",
                      "Parent Relationship": "Inner",
                      "Parallel Aware": false,
                      "Scan Direction": "Forward",
                      "Index Name": "movie_id_movie_info",
                      "Relation Name": "movie_info",
                      "Alias": "mi",
                      "Startup Cost": 0.43,
                      "Total Cost": 2.21,
                      "Plan Rows": 35,
                      "Plan Width": 4,
                      "Actual Startup Time": 0.004,
                      "Actual Total Time": 0.017,
                      "Actual Rows": 50,
                      "Actual Loops": 135773,
                      "Index Cond": "(movie_id = t.id)",
                      "Rows Removed by Index Recheck": 0,
                      "Filter": "(info_type_id > 2)",
                      "Rows Removed by Filter": 2
                    }
                  ]
                }
              ]
            }
          ]
        }
      ]
    },
    "Planning Time": 1.3,
    "Triggers": [],
    "Execution Time": 1154.171
  }
]