[
  {
    "Plan": {
      "Node Type": "Aggregate",
      "Strategy": "Plain",
      "Partial Mode": "Finalize",
      "Parallel Aware": false,
      "Startup Cost": 45309.98,
      "Total Cost": 45309.99,
      "Plan Rows": 1,
      "Plan Width": 8,
      "Actual Startup Time": 101.087,
      "Actual Total Time": 113.514,
      "Actual Rows": 1,
      "Actual Loops": 1,
      "Plans": [
        {
          "Node Type": "Gather",
          "Parent Relationship": "Outer",
          "Parallel Aware": false,
          "Startup Cost": 45309.56,
          "Total Cost": 45309.97,
          "Plan Rows": 4,
          "Plan Width": 8,
          "Actual Startup Time": 100.846,
          "Actual Total Time": 113.507,
          "Actual Rows": 5,
          "Actual Loops": 1,
          "Workers Planned": 4,
          "Workers Launched": 4,
          "Single Copy": false,
          "Plans": [
            {
              "Node Type": "Aggregate",
              "Strategy": "Plain",
              "Partial Mode": "Partial",
              "Parent Relationship": "Outer",
              "Parallel Aware": false,
              "Startup Cost": 44309.56,
              "Total Cost": 44309.57,
              "Plan Rows": 1,
              "Plan Width": 8,
              "Actual Startup Time": 94.38,
              "Actual Total Time": 94.381,
              "Actual Rows": 1,
              "Actual Loops": 5,
              "Plans": [
                {
                  "Node Type": "Seq Scan",
                  "Parent Relationship": "Outer",
                  "Parallel Aware": true,
                  "Relation Name": "title",
                  "Alias": "t",
                  "Startup Cost": 0.0,
                  "Total Cost": 43898.92,
                  "Plan Rows": 164256,
                  "Plan Width": 0,
                  "Actual Startup Time": 0.04,
                  "Actual Total Time": 87.131,
                  "Actual Rows": 132567,
                  "Actual Loops": 5,
                  "Filter": "(production_year < 1989)",
                  "Rows Removed by Filter": 373096
                }
              ]
            }
          ]
        }
      ]
    },
    "Planning Time": 0.149,
    "Triggers": [],
    "Execution Time": 113.57
  }
]