{
  "Plan": {
    "Node Type": "Aggregate",
    "Strategy": "Plain",
    "Partial Mode": "Finalize",
    "Parallel Aware": false,
    "Startup Cost": 826220.64,
    "Total Cost": 826220.65,
    "Plan Rows": 1,
    "Plan Width": 8,
    "Actual Startup Time": 17440.864,
    "Actual Total Time": 17548.584,
    "Actual Rows": 1,
    "Actual Loops": 1,
    "Plans": [
      {
        "Node Type": "Gather",
        "Parent Relationship": "Outer",
        "Parallel Aware": false,
        "Startup Cost": 826220.52,
        "Total Cost": 826220.63,
        "Plan Rows": 1,
        "Plan Width": 8,
        "Actual Startup Time": 17418.063,
        "Actual Total Time": 17548.571,
        "Actual Rows": 2,
        "Actual Loops": 1,
        "Workers Planned": 1,
        "Workers Launched": 1,
        "Single Copy": false,
        "Plans": [
          {
            "Node Type": "Aggregate",
            "Strategy": "Plain",
            "Partial Mode": "Partial",
            "Parent Relationship": "Outer",
            "Parallel Aware": false,
            "Startup Cost": 825220.52,
            "Total Cost": 825220.53,
            "Plan Rows": 1,
            "Plan Width": 8,
            "Actual Startup Time": 17393.081,
            "Actual Total Time": 17395.765,
            "Actual Rows": 1,
            "Actual Loops": 2,
            "Plans": [
              {
                "Node Type": "Hash Join",
                "Parent Relationship": "Outer",
                "Parallel Aware": true,
                "Join Type": "Inner",
                "Startup Cost": 671327.07,
                "Total Cost": 803570.34,
                "Plan Rows": 8660074,
                "Plan Width": 0,
                "Actual Startup Time": 9266.676,
                "Actual Total Time": 14804.844,
                "Actual Rows": 64629136,
                "Actual Loops": 2,
                "Inner Unique": false,
                "Hash Cond": "(mk.movie_id = t.id)",
                "Plans": [
                  {
                    "Node Type": "Seq Scan",
                    "Parent Relationship": "Outer",
                    "Parallel Aware": true,
                    "Relation Name": "movie_keyword",
                    "Alias": "mk",
                    "Startup Cost": 0.0,
                    "Total Cost": 57718.19,
                    "Plan Rows": 1886678,
                    "Plan Width": 4,
                    "Actual Startup Time": 0.018,
                    "Actual Total Time": 201.676,
                    "Actual Rows": 1600434,
                    "Actual Loops": 2,
                    "Filter": "(keyword_id < 13091)",
                    "Rows Removed by Filter": 661532
                  },
                  {
                    "Node Type": "Hash",
                    "Parent Relationship": "Inner",
                    "Parallel Aware": true,
                    "Startup Cost": 585995.01,
                    "Total Cost": 585995.01,
                    "Plan Rows": 6826565,
                    "Plan Width": 8,
                    "Actual Startup Time": 9210.512,
                    "Actual Total Time": 9213.194,
                    "Actual Rows": 6339590,
                    "Actual Loops": 2,
                    "Hash Buckets": 16777216,
                    "Original Hash Buckets": 16777216,
                    "Hash Batches": 1,
                    "Original Hash Batches": 1,
                    "Peak Memory Usage": 627104,
                    "Plans": [
                      {
                        "Node Type": "Hash Join",
                        "Parent Relationship": "Outer",
                        "Parallel Aware": true,
                        "Join Type": "Inner",
                        "Startup Cost": 64261.66,
                        "Total Cost": 585995.01,
                        "Plan Rows": 6826565,
                        "Plan Width": 8,
                        "Actual Startup Time": 285.362,
                        "Actual Total Time": 6995.336,
                        "Actual Rows": 6339590,
                        "Actual Loops": 2,
                        "Inner Unique": true,
                        "Hash Cond": "(ci.movie_id = t.id)",
                        "Plans": [
                          {
                            "Node Type": "Seq Scan",
                            "Parent Relationship": "Outer",
                            "Parallel Aware": true,
                            "Relation Name": "cast_info",
                            "Alias": "ci",
                            "Startup Cost": 0.0,
                            "Total Cost": 465792.95,
                            "Plan Rows": 21310595,
                            "Plan Width": 4,
                            "Actual Startup Time": 0.022,
                            "Actual Total Time": 1423.502,
                            "Actual Rows": 18122172,
                            "Actual Loops": 2
                          },
                          {
                            "Node Type": "Hash",
                            "Parent Relationship": "Inner",
                            "Parallel Aware": true,
                            "Startup Cost": 58306.47,
                            "Total Cost": 58306.47,
                            "Plan Rows": 476415,
                            "Plan Width": 4,
                            "Actual Startup Time": 282.414,
                            "Actual Total Time": 282.415,
                            "Actual Rows": 421509,
                            "Actual Loops": 2,
                            "Hash Buckets": 1048576,
                            "Original Hash Buckets": 1048576,
                            "Hash Batches": 1,
                            "Original Hash Batches": 1,
                            "Peak Memory Usage": 41216,
                            "Plans": [
                              {
                                "Node Type": "Seq Scan",
                                "Parent Relationship": "Outer",
                                "Parallel Aware": true,
                                "Relation Name": "title",
                                "Alias": "t",
                                "Startup Cost": 0.0,
                                "Total Cost": 58306.47,
                                "Plan Rows": 476415,
                                "Plan Width": 4,
                                "Actual Startup Time": 0.041,
                                "Actual Total Time": 172.589,
                                "Actual Rows": 421509,
                                "Actual Loops": 2,
                                "Filter": "((kind_id < 7) AND (production_year < 2011))",
                                "Rows Removed by Filter": 842647
                              }
                            ]
                          }
                        ]
                      }
                    ]
                  }
                ]
              }
            ]
          }
        ]
      }
    ]
  },
  "Planning Time": 0.968,
  "Triggers": [],
  "Execution Time": 17548.682
}