{
  "Plan": {
    "Node Type": "Aggregate",
    "Strategy": "Plain",
    "Partial Mode": "Finalize",
    "Parallel Aware": false,
    "Startup Cost": 95037.75,
    "Total Cost": 95037.76,
    "Plan Rows": 1,
    "Plan Width": 8,
    "Actual Startup Time": 457.594,
    "Actual Total Time": 467.999,
    "Actual Rows": 1,
    "Actual Loops": 1,
    "Plans": [
      {
        "Node Type": "Gather",
        "Parent Relationship": "Outer",
        "Parallel Aware": false,
        "Startup Cost": 95037.64,
        "Total Cost": 95037.75,
        "Plan Rows": 1,
        "Plan Width": 8,
        "Actual Startup Time": 456.498,
        "Actual Total Time": 467.994,
        "Actual Rows": 2,
        "Actual Loops": 1,
        "Workers Planned": 1,
        "Workers Launched": 1,
        "Single Copy": false,
        "Plans": [
          {
            "Node Type": "Aggregate",
            "Strategy": "Plain",
            "Partial Mode": "Partial",
            "Parent Relationship": "Outer",
            "Parallel Aware": false,
            "Startup Cost": 94037.64,
            "Total Cost": 94037.65,
            "Plan Rows": 1,
            "Plan Width": 8,
            "Actual Startup Time": 453.102,
            "Actual Total Time": 453.106,
            "Actual Rows": 1,
            "Actual Loops": 2,
            "Plans": [
              {
                "Node Type": "Hash Join",
                "Parent Relationship": "Outer",
                "Parallel Aware": true,
                "Join Type": "Inner",
                "Startup Cost": 55505.29,
                "Total Cost": 93671.92,
                "Plan Rows": 146287,
                "Plan Width": 0,
                "Actual Startup Time": 186.083,
                "Actual Total Time": 437.486,
                "Actual Rows": 379158,
                "Actual Loops": 2,
                "Inner Unique": true,
                "Hash Cond": "(mc.movie_id = t.id)",
                "Plans": [
                  {
                    "Node Type": "Seq Scan",
                    "Parent Relationship": "Outer",
                    "Parallel Aware": true,
                    "Relation Name": "movie_companies",
                    "Alias": "mc",
                    "Startup Cost": 0.0,
                    "Total Cost": 34137.82,
                    "Plan Rows": 1534782,
                    "Plan Width": 4,
                    "Actual Startup Time": 0.014,
                    "Actual Total Time": 97.143,
                    "Actual Rows": 1304564,
                    "Actual Loops": 2
                  },
                  {
                    "Node Type": "Hash",
                    "Parent Relationship": "Inner",
                    "Parallel Aware": true,
                    "Startup Cost": 53733.35,
                    "Total Cost": 53733.35,
                    "Plan Rows": 141755,
                    "Plan Width": 4,
                    "Actual Startup Time": 139.322,
                    "Actual Total Time": 139.324,
                    "Actual Rows": 179772,
                    "Actual Loops": 2,
                    "Hash Buckets": 524288,
                    "Original Hash Buckets": 262144,
                    "Hash Batches": 1,
                    "Original Hash Batches": 1,
                    "Peak Memory Usage": 20256,
                    "Plans": [
                      {
                        "Node Type": "Bitmap Heap Scan",
                        "Parent Relationship": "Outer",
                        "Parallel Aware": true,
                        "Relation Name": "title",
                        "Alias": "t",
                        "Startup Cost": 11883.1,
                        "Total Cost": 53733.35,
                        "Plan Rows": 141755,
                        "Plan Width": 4,
                        "Actual Startup Time": 29.669,
                        "Actual Total Time": 96.526,
                        "Actual Rows": 179772,
                        "Actual Loops": 2,
                        "Recheck Cond": "(kind_id = 1)",
                        "Rows Removed by Index Recheck": 0,
                        "Filter": "(production_year < 1998)",
                        "Rows Removed by Filter": 151641,
                        "Exact Heap Blocks": 8236,
                        "Lossy Heap Blocks": 0,
                        "Plans": [
                          {
                            "Node Type": "Bitmap Index Scan",
                            "Parent Relationship": "Outer",
                            "Parallel Aware": false,
                            "Index Name": "kind_id_title",
                            "Startup Cost": 0.0,
                            "Total Cost": 11822.85,
                            "Plan Rows": 663256,
                            "Plan Width": 0,
                            "Actual Startup Time": 29.374,
                            "Actual Total Time": 29.375,
                            "Actual Rows": 662825,
                            "Actual Loops": 1,
                            "Index Cond": "(kind_id = 1)"
                          }
                        ]
                      }
                    ]
                  }
                ]
              }
            ]
          }
        ]
      }
    ]
  },
  "Planning Time": 0.345,
  "Triggers": [],
  "Execution Time": 468.051
}