[
  {
    "Plan": {
      "Node Type": "Aggregate",
      "Strategy": "Plain",
      "Partial Mode": "Finalize",
      "Parallel Aware": false,
      "Startup Cost": 89376.75,
      "Total Cost": 89376.76,
      "Plan Rows": 1,
      "Plan Width": 8,
      "Actual Startup Time": 241.634,
      "Actual Total Time": 256.384,
      "Actual Rows": 1,
      "Actual Loops": 1,
      "Plans": [
        {
          "Node Type": "Gather",
          "Parent Relationship": "Outer",
          "Parallel Aware": false,
          "Startup Cost": 89376.43,
          "Total Cost": 89376.74,
          "Plan Rows": 3,
          "Plan Width": 8,
          "Actual Startup Time": 241.167,
          "Actual Total Time": 256.375,
          "Actual Rows": 4,
          "Actual Loops": 1,
          "Workers Planned": 3,
          "Workers Launched": 3,
          "Single Copy": false,
          "Plans": [
            {
              "Node Type": "Aggregate",
              "Strategy": "Plain",
              "Partial Mode": "Partial",
              "Parent Relationship": "Outer",
              "Parallel Aware": false,
              "Startup Cost": 88376.43,
              "Total Cost": 88376.44,
              "Plan Rows": 1,
              "Plan Width": 8,
              "Actual Startup Time": 236.269,
              "Actual Total Time": 236.272,
              "Actual Rows": 1,
              "Actual Loops": 4,
              "Plans": [
                {
                  "Node Type": "Hash Join",
                  "Parent Relationship": "Outer",
                  "Parallel Aware": true,
                  "Join Type": "Inner",
                  "Startup Cost": 44292.28,
                  "Total Cost": 88313.64,
                  "Plan Rows": 25117,
                  "Plan Width": 0,
                  "Actual Startup Time": 99.105,
                  "Actual Total Time": 235.363,
                  "Actual Rows": 17122,
                  "Actual Loops": 4,
                  "Inner Unique": true,
                  "Hash Cond": "(mk.movie_id = t.id)",
                  "Plans": [
                    {
                      "Node Type": "Seq Scan",
                      "Parent Relationship": "Outer",
                      "Parallel Aware": true,
                      "Relation Name": "movie_keyword",
                      "Alias": "mk",
                      "Startup Cost": 0.0,
                      "Total Cost": 42695.65,
                      "Plan Rows": 505030,
                      "Plan Width": 4,
                      "Actual Startup Time": 0.029,
                      "Actual Total Time": 96.767,
                      "Actual Rows": 390140,
                      "Actual Loops": 4,
                      "Filter": "(keyword_id < 2338)",
                      "Rows Removed by Filter": 740843
                    },
                    {
                      "Node Type": "Hash",
                      "Parent Relationship": "Inner",
                      "Parallel Aware": true,
                      "Startup Cost": 43899.32,
                      "Total Cost": 43899.32,
                      "Plan Rows": 31437,
                      "Plan Width": 4,
                      "Actual Startup Time": 98.199,
                      "Actual Total Time": 98.2,
                      "Actual Rows": 32174,
                      "Actual Loops": 4,
                      "Hash Buckets": 131072,
                      "Original Hash Buckets": 131072,
                      "Hash Batches": 1,
                      "Original Hash Batches": 1,
                      "Peak Memory Usage": 6112,
                      "Plans": [
                        {
                          "Node Type": "Seq Scan",
                          "Parent Relationship": "Outer",
                          "Parallel Aware": true,
                          "Relation Name": "title",
                          "Alias": "t",
                          "Startup Cost": 0.0,
                          "Total Cost": 43899.32,
                          "Plan Rows": 31437,
                          "Plan Width": 4,
                          "Actual Startup Time": 0.025,
                          "Actual Total Time": 88.224,
                          "Actual Rows": 32174,
                          "Actual Loops": 4,
                          "Filter": "(production_year = 2009)",
                          "Rows Removed by Filter": 599904
                        }
                      ]
                    }
                  ]
                }
              ]
            }
          ]
        }
      ]
    },
    "Planning Time": 0.246,
    "Triggers": [],
    "Execution Time": 256.421
  }
]