[
  {
    "Plan": {
      "Node Type": "Aggregate",
      "Strategy": "Plain",
      "Partial Mode": "Finalize",
      "Parallel Aware": false,
      "Startup Cost": 548608.01,
      "Total Cost": 548608.02,
      "Plan Rows": 1,
      "Plan Width": 64,
      "Actual Startup Time": 4762.41,
      "Actual Total Time": 4889.848,
      "Actual Rows": 1,
      "Actual Loops": 1,
      "Plans": [
        {
          "Node Type": "Gather",
          "Parent Relationship": "Outer",
          "Parallel Aware": false,
          "Startup Cost": 548607.68,
          "Total Cost": 548607.99,
          "Plan Rows": 3,
          "Plan Width": 64,
          "Actual Startup Time": 4756.349,
          "Actual Total Time": 4889.835,
          "Actual Rows": 4,
          "Actual Loops": 1,
          "Workers Planned": 3,
          "Workers Launched": 3,
          "Single Copy": false,
          "Plans": [
            {
              "Node Type": "Aggregate",
              "Strategy": "Plain",
              "Partial Mode": "Partial",
              "Parent Relationship": "Outer",
              "Parallel Aware": false,
              "Startup Cost": 547607.68,
              "Total Cost": 547607.69,
              "Plan Rows": 1,
              "Plan Width": 64,
              "Actual Startup Time": 4745.954,
              "Actual Total Time": 4746.314,
              "Actual Rows": 1,
              "Actual Loops": 4,
              "Plans": [
                {
                  "Node Type": "Hash Join",
                  "Parent Relationship": "Outer",
                  "Parallel Aware": true,
                  "Join Type": "Inner",
                  "Startup Cost": 532212.9,
                  "Total Cost": 547606.83,
                  "Plan Rows": 171,
                  "Plan Width": 33,
                  "Actual Startup Time": 4674.43,
                  "Actual Total Time": 4742.733,
                  "Actual Rows": 45356,
                  "Actual Loops": 4,
                  "Inner Unique": false,
                  "Hash Cond": "(an.person_id = n.id)",
                  "Plans": [
                    {
                      "Node Type": "Seq Scan",
                      "Parent Relationship": "Outer",
                      "Parallel Aware": true,
                      "Relation Name": "aka_name",
                      "Alias": "an",
                      "Startup Cost": 0.0,
                      "Total Cost": 14303.56,
                      "Plan Rows": 290756,
                      "Plan Width": 20,
                      "Actual Startup Time": 0.015,
                      "Actual Total Time": 34.848,
                      "Actual Rows": 225336,
                      "Actual Loops": 4
                    },
                    {
                      "Node Type": "Hash",
                      "Parent Relationship": "Inner",
                      "Parallel Aware": true,
                      "Startup Cost": 532212.2,
                      "Total Cost": 532212.2,
                      "Plan Rows": 56,
                      "Plan Width": 25,
                      "Actual Startup Time": 4673.198,
                      "Actual Total Time": 4673.555,
                      "Actual Rows": 32903,
                      "Actual Loops": 4,
                      "Hash Buckets": 131072,
                      "Original Hash Buckets": 1024,
                      "Hash Batches": 1,
                      "Original Hash Batches": 1,
                      "Peak Memory Usage": 10648,
                      "Plans": [
                        {
                          "Node Type": "Hash Join",
                          "Parent Relationship": "Outer",
                          "Parallel Aware": true,
                          "Join Type": "Inner",
                          "Startup Cost": 462274.25,
                          "Total Cost": 532212.2,
                          "Plan Rows": 56,
                          "Plan Width": 25,
                          "Actual Startup Time": 4341.755,
                          "Actual Total Time": 4641.914,
                          "Actual Rows": 32903,
                          "Actual Loops": 4,
                          "Inner Unique": false,
                          "Hash Cond": "(n.id = ci.person_id)",
                          "Plans": [
                            {
                              "Node Type": "Seq Scan",
                              "Parent Relationship": "Outer",
                              "Parallel Aware": true,
                              "Relation Name": "name",
                              "Alias": "n",
                              "Startup Cost": 0.0,
                              "Total Cost": 66031.07,
                              "Plan Rows": 1041807,
                              "Plan Width": 4,
                              "Actual Startup Time": 0.019,
                              "Actual Total Time": 154.826,
                              "Actual Rows": 1041873,
                              "Actual Loops": 4
                            },
                            {
                              "Node Type": "Hash",
                              "Parent Relationship": "Inner",
                              "Parallel Aware": true,
                              "Startup Cost": 462273.78,
                              "Total Cost": 462273.78,
                              "Plan Rows": 38,
                              "Plan Width": 21,
                              "Actual Startup Time": 4341.006,
                              "Actual Total Time": 4341.36,
                              "Actual Rows": 32903,
                              "Actual Loops": 4,
                              "Hash Buckets": 131072,
                              "Original Hash Buckets": 1024,
                              "Hash Batches": 1,
                              "Original Hash Batches": 1,
                              "Peak Memory Usage": 10168,
                              "Plans": [
                                {
                                  "Node Type": "Hash Join",
                                  "Parent Relationship": "Outer",
                                  "Parallel Aware": true,
                                  "Join Type": "Inner",
                                  "Startup Cost": 128418.55,
                                  "Total Cost": 462273.78,
                                  "Plan Rows": 38,
                                  "Plan Width": 21,
                                  "Actual Startup Time": 659.58,
                                  "Actual Total Time": 4143.033,
                                  "Actual Rows": 32903,
                                  "Actual Loops": 4,
                                  "Inner Unique": false,
                                  "Hash Cond": "(ci.movie_id = mk.movie_id)",
                                  "Plans": [
                                    {
                                      "Node Type": "Hash Join",
                                      "Parent Relationship": "Outer",
                                      "Parallel Aware": true,
                                      "Join Type": "Inner",
                                      "Startup Cost": 47201.08,
                                      "Total Cost": 376119.84,
                                      "Plan Rows": 1316318,
                                      "Plan Width": 29,
                                      "Actual Startup Time": 186.614,
                                      "Actual Total Time": 3345.452,
                                      "Actual Rows": 2409973,
                                      "Actual Loops": 4,
                                      "Inner Unique": true,
                                      "Hash Cond": "(ci.movie_id = t.id)",
                                      "Plans": [
                                        {
                                          "Node Type": "Seq Scan",
                                          "Parent Relationship": "Outer",
                                          "Parallel Aware": true,
                                          "Relation Name": "cast_info",
                                          "Alias": "ci",
                                          "Startup Cost": 0.0,
                                          "Total Cost": 313068.58,
                                          "Plan Rows": 6038158,
                                          "Plan Width": 8,
                                          "Actual Startup Time": 0.015,
                                          "Actual Total Time": 1022.802,
                                          "Actual Rows": 9061086,
                                          "Actual Loops": 4
                                        },
                                        {
                                          "Node Type": "Hash",
                                          "Parent Relationship": "Inner",
                                          "Parallel Aware": true,
                                          "Startup Cost": 45478.74,
                                          "Total Cost": 45478.74,
                                          "Plan Rows": 137787,
                                          "Plan Width": 21,
                                          "Actual Startup Time": 184.855,
                                          "Actual Total Time": 184.856,
                                          "Actual Rows": 139388,
                                          "Actual Loops": 4,
                                          "Hash Buckets": 1048576,
                                          "Original Hash Buckets": 1048576,
                                          "Hash Batches": 1,
                                          "Original Hash Batches": 1,
                                          "Peak Memory Usage": 39168,
                                          "Plans": [
                                            {
                                              "Node Type": "Seq Scan",
                                              "Parent Relationship": "Outer",
                                              "Parallel Aware": true,
                                              "Relation Name": "title",
                                              "Alias": "t",
                                              "Startup Cost": 0.0,
                                              "Total Cost": 45478.74,
                                              "Plan Rows": 137787,
                                              "Plan Width": 21,
                                              "Actual Startup Time": 0.022,
                                              "Actual Total Time": 121.069,
                                              "Actual Rows": 139388,
                                              "Actual Loops": 4,
                                              "Filter": "((episode_nr >= 2) AND (episode_nr <= 14))",
                                              "Rows Removed by Filter": 492690
                                            }
                                          ]
                                        }
                                      ]
                                    },
                                    {
                                      "Node Type": "Hash",
                                      "Parent Relationship": "Inner",
                                      "Parallel Aware": true,
                                      "Startup Cost": 81217.2,
                                      "Total Cost": 81217.2,
                                      "Plan Rows": 22,
                                      "Plan Width": 8,
                                      "Actual Startup Time": 472.408,
                                      "Actual Total Time": 472.415,
                                      "Actual Rows": 17079,
                                      "Actual Loops": 4,
                                      "Hash Buckets": 131072,
                                      "Original Hash Buckets": 1024,
                                      "Hash Batches": 1,
                                      "Original Hash Batches": 1,
                                      "Peak Memory Usage": 4824,
                                      "Plans": [
                                        {
                                          "Node Type": "Hash Join",
                                          "Parent Relationship": "Outer",
                                          "Parallel Aware": true,
                                          "Join Type": "Inner",
                                          "Startup Cost": 50854.1,
                                          "Total Cost": 81217.2,
                                          "Plan Rows": 22,
                                          "Plan Width": 8,
                                          "Actual Startup Time": 287.943,
                                          "Actual Total Time": 448.424,
                                          "Actual Rows": 17079,
                                          "Actual Loops": 4,
                                          "Inner Unique": true,
                                          "Hash Cond": "(mc.company_id = cn.id)",
                                          "Plans": [
                                            {
                                              "Node Type": "Hash Join",
                                              "Parent Relationship": "Outer",
                                              "Parallel Aware": true,
                                              "Join Type": "Inner",
                                              "Startup Cost": 45504.47,
                                              "Total Cost": 75867.41,
                                              "Plan Rows": 60,
                                              "Plan Width": 12,
                                              "Actual Startup Time": 254.404,
                                              "Actual Total Time": 406.129,
                                              "Actual Rows": 37138,
                                              "Actual Loops": 4,
                                              "Inner Unique": false,
                                              "Hash Cond": "(mc.movie_id = mk.movie_id)",
                                              "Plans": [
                                                {
                                                  "Node Type": "Seq Scan",
                                                  "Parent Relationship": "Outer",
                                                  "Parallel Aware": true,
                                                  "Relation Name": "movie_companies",
                                                  "Alias": "mc",
                                                  "Startup Cost": 0.0,
                                                  "Total Cost": 27206.55,
                                                  "Plan Rows": 841655,
                                                  "Plan Width": 8,
                                                  "Actual Startup Time": 0.018,
                                                  "Actual Total Time": 76.786,
                                                  "Actual Rows": 652282,
                                                  "Actual Loops": 4
                                                },
                                                {
                                                  "Node Type": "Hash",
                                                  "Parent Relationship": "Inner",
                                                  "Parallel Aware": true,
                                                  "Startup Cost": 45504.33,
                                                  "Total Cost": 45504.33,
                                                  "Plan Rows": 11,
                                                  "Plan Width": 4,
                                                  "Actual Startup Time": 254.22,
                                                  "Actual Total Time": 254.222,
                                                  "Actual Rows": 10460,
                                                  "Actual Loops": 4,
                                                  "Hash Buckets": 65536,
                                                  "Original Hash Buckets": 1024,
                                                  "Hash Batches": 1,
                                                  "Original Hash Batches": 1,
                                                  "Peak Memory Usage": 2712,
                                                  "Plans": [
                                                    {
                                                      "Node Type": "Hash Join",
                                                      "Parent Relationship": "Outer",
                                                      "Parallel Aware": false,
                                                      "Join Type": "Inner",
                                                      "Startup Cost": 2626.14,
                                                      "Total Cost": 45504.33,
                                                      "Plan Rows": 11,
                                                      "Plan Width": 4,
                                                      "Actual Startup Time": 16.285,
                                                      "Actual Total Time": 224.081,
                                                      "Actual Rows": 10460,
                                                      "Actual Loops": 4,
                                                      "Inner Unique": true,
                                                      "Hash Cond": "(mk.keyword_id = k.id)",
                                                      "Plans": [
                                                        {
                                                          "Node Type": "Seq Scan",
                                                          "Parent Relationship": "Outer",
                                                          "Parallel Aware": true,
                                                          "Relation Name": "movie_keyword",
                                                          "Alias": "mk",
                                                          "Startup Cost": 0.0,
                                                          "Total Cost": 39047.32,
                                                          "Plan Rows": 1459332,
                                                          "Plan Width": 8,
                                                          "Actual Startup Time": 0.036,
                                                          "Actual Total Time": 125.635,
                                                          "Actual Rows": 1130982,
                                                          "Actual Loops": 4
                                                        },
                                                        {
                                                          "Node Type": "Hash",
                                                          "Parent Relationship": "Inner",
                                                          "Parallel Aware": false,
                                                          "Startup Cost": 2626.12,
                                                          "Total Cost": 2626.12,
                                                          "Plan Rows": 1,
                                                          "Plan Width": 4,
                                                          "Actual Startup Time": 16.179,
                                                          "Actual Total Time": 16.18,
                                                          "Actual Rows": 1,
                                                          "Actual Loops": 4,
                                                          "Hash Buckets": 1024,
                                                          "Original Hash Buckets": 1024,
                                                          "Hash Batches": 1,
                                                          "Original Hash Batches": 1,
                                                          "Peak Memory Usage": 9,
                                                          "Plans": [
                                                            {
                                                              "Node Type": "Seq Scan",
                                                              "Parent Relationship": "Outer",
                                                              "Parallel Aware": false,
                                                              "Relation Name": "keyword",
                                                              "Alias": "k",
                                                              "Startup Cost": 0.0,
                                                              "Total Cost": 2626.12,
                                                              "Plan Rows": 1,
                                                              "Plan Width": 4,
                                                              "Actual Startup Time": 0.933,
                                                              "Actual Total Time": 16.171,
                                                              "Actual Rows": 1,
                                                              "Actual Loops": 4,
                                                              "Filter": "(keyword = 'character-name-in-title'::text)",
                                                              "Rows Removed by Filter": 134169
                                                            }
                                                          ]
                                                        }
                                                      ]
                                                    }
                                                  ]
                                                }
                                              ]
                                            },
                                            {
                                              "Node Type": "Hash",
                                              "Parent Relationship": "Inner",
                                              "Parallel Aware": true,
                                              "Startup Cost": 4722.92,
                                              "Total Cost": 4722.92,
                                              "Plan Rows": 50137,
                                              "Plan Width": 4,
                                              "Actual Startup Time": 33.101,
                                              "Actual Total Time": 33.102,
                                              "Actual Rows": 21211,
                                              "Actual Loops": 4,
                                              "Hash Buckets": 131072,
                                              "Original Hash Buckets": 131072,
                                              "Hash Batches": 1,
                                              "Original Hash Batches": 1,
                                              "Peak Memory Usage": 4416,
                                              "Plans": [
                                                {
                                                  "Node Type": "Seq Scan",
                                                  "Parent Relationship": "Outer",
                                                  "Parallel Aware": true,
                                                  "Relation Name": "company_name",
                                                  "Alias": "cn",
                                                  "Startup Cost": 0.0,
                                                  "Total Cost": 4722.92,
                                                  "Plan Rows": 50137,
                                                  "Plan Width": 4,
                                                  "Actual Startup Time": 0.06,
                                                  "Actual Total Time": 24.641,
                                                  "Actual Rows": 21211,
                                                  "Actual Loops": 4,
                                                  "Filter": "((country_code)::text = '[us]'::text)",
                                                  "Rows Removed by Filter": 37538
                                                }
                                              ]
                                            }
                                          ]
                                        }
                                      ]
                                    }
                                  ]
                                }
                              ]
                            }
                          ]
                        }
                      ]
                    }
                  ]
                }
              ]
            }
          ]
        }
      ]
    },
    "Planning Time": 18.235,
    "Triggers": [],
    "Execution Time": 4890.358
  }
]