{
  "Plan": {
    "Node Type": "Aggregate",
    "Strategy": "Plain",
    "Partial Mode": "Finalize",
    "Parallel Aware": false,
    "Startup Cost": 75469.25,
    "Total Cost": 75469.26,
    "Plan Rows": 1,
    "Plan Width": 8,
    "Actual Startup Time": 250.86,
    "Actual Total Time": 259.459,
    "Actual Rows": 1,
    "Actual Loops": 1,
    "Plans": [
      {
        "Node Type": "Gather",
        "Parent Relationship": "Outer",
        "Parallel Aware": false,
        "Startup Cost": 75469.14,
        "Total Cost": 75469.25,
        "Plan Rows": 1,
        "Plan Width": 8,
        "Actual Startup Time": 250.424,
        "Actual Total Time": 259.451,
        "Actual Rows": 2,
        "Actual Loops": 1,
        "Workers Planned": 1,
        "Workers Launched": 1,
        "Single Copy": false,
        "Plans": [
          {
            "Node Type": "Aggregate",
            "Strategy": "Plain",
            "Partial Mode": "Partial",
            "Parent Relationship": "Outer",
            "Parallel Aware": false,
            "Startup Cost": 74469.14,
            "Total Cost": 74469.15,
            "Plan Rows": 1,
            "Plan Width": 8,
            "Actual Startup Time": 246.888,
            "Actual Total Time": 246.892,
            "Actual Rows": 1,
            "Actual Loops": 2,
            "Plans": [
              {
                "Node Type": "Hash Join",
                "Parent Relationship": "Outer",
                "Parallel Aware": true,
                "Join Type": "Inner",
                "Startup Cost": 56266.64,
                "Total Cost": 74450.42,
                "Plan Rows": 7487,
                "Plan Width": 0,
                "Actual Startup Time": 183.669,
                "Actual Total Time": 246.539,
                "Actual Rows": 7760,
                "Actual Loops": 2,
                "Inner Unique": true,
                "Hash Cond": "(mi_idx.movie_id = t.id)",
                "Plans": [
                  {
                    "Node Type": "Seq Scan",
                    "Parent Relationship": "Outer",
                    "Parallel Aware": true,
                    "Relation Name": "movie_info_idx",
                    "Alias": "mi_idx",
                    "Startup Cost": 0.0,
                    "Total Cost": 16052.85,
                    "Plan Rows": 811785,
                    "Plan Width": 4,
                    "Actual Startup Time": 0.017,
                    "Actual Total Time": 46.939,
                    "Actual Rows": 690018,
                    "Actual Loops": 2
                  },
                  {
                    "Node Type": "Hash",
                    "Parent Relationship": "Inner",
                    "Parallel Aware": true,
                    "Startup Cost": 56095.17,
                    "Total Cost": 56095.17,
                    "Plan Rows": 13717,
                    "Plan Width": 4,
                    "Actual Startup Time": 142.134,
                    "Actual Total Time": 142.136,
                    "Actual Rows": 40822,
                    "Actual Loops": 2,
                    "Hash Buckets": 131072,
                    "Original Hash Buckets": 32768,
                    "Hash Batches": 1,
                    "Original Hash Batches": 1,
                    "Peak Memory Usage": 5024,
                    "Plans": [
                      {
                        "Node Type": "Bitmap Heap Scan",
                        "Parent Relationship": "Outer",
                        "Parallel Aware": true,
                        "Relation Name": "title",
                        "Alias": "t",
                        "Startup Cost": 13444.79,
                        "Total Cost": 56095.17,
                        "Plan Rows": 13717,
                        "Plan Width": 4,
                        "Actual Startup Time": 85.873,
                        "Actual Total Time": 132.677,
                        "Actual Rows": 40822,
                        "Actual Loops": 2,
                        "Recheck Cond": "(kind_id < 3)",
                        "Rows Removed by Index Recheck": 0,
                        "Filter": "(production_year < 1919)",
                        "Rows Removed by Filter": 336016,
                        "Exact Heap Blocks": 27964,
                        "Lossy Heap Blocks": 0,
                        "Plans": [
                          {
                            "Node Type": "Bitmap Index Scan",
                            "Parent Relationship": "Outer",
                            "Parallel Aware": false,
                            "Index Name": "kind_id_title",
                            "Startup Cost": 0.0,
                            "Total Cost": 13438.96,
                            "Plan Rows": 753937,
                            "Plan Width": 0,
                            "Actual Startup Time": 43.476,
                            "Actual Total Time": 43.476,
                            "Actual Rows": 753677,
                            "Actual Loops": 1,
                            "Index Cond": "(kind_id < 3)"
                          }
                        ]
                      }
                    ]
                  }
                ]
              }
            ]
          }
        ]
      }
    ]
  },
  "Planning Time": 0.359,
  "Triggers": [],
  "Execution Time": 259.534
}