{
  "Plan": {
    "Node Type": "Aggregate",
    "Strategy": "Plain",
    "Partial Mode": "Finalize",
    "Parallel Aware": false,
    "Startup Cost": 119951.56,
    "Total Cost": 119951.57,
    "Plan Rows": 1,
    "Plan Width": 8,
    "Actual Startup Time": 555.641,
    "Actual Total Time": 596.184,
    "Actual Rows": 1,
    "Actual Loops": 1,
    "Plans": [
      {
        "Node Type": "Gather",
        "Parent Relationship": "Outer",
        "Parallel Aware": false,
        "Startup Cost": 119951.45,
        "Total Cost": 119951.56,
        "Plan Rows": 1,
        "Plan Width": 8,
        "Actual Startup Time": 555.407,
        "Actual Total Time": 596.176,
        "Actual Rows": 2,
        "Actual Loops": 1,
        "Workers Planned": 1,
        "Workers Launched": 1,
        "Single Copy": false,
        "Plans": [
          {
            "Node Type": "Aggregate",
            "Strategy": "Plain",
            "Partial Mode": "Partial",
            "Parent Relationship": "Outer",
            "Parallel Aware": false,
            "Startup Cost": 118951.45,
            "Total Cost": 118951.46,
            "Plan Rows": 1,
            "Plan Width": 8,
            "Actual Startup Time": 550.819,
            "Actual Total Time": 550.823,
            "Actual Rows": 1,
            "Actual Loops": 2,
            "Plans": [
              {
                "Node Type": "Nested Loop",
                "Parent Relationship": "Outer",
                "Parallel Aware": false,
                "Join Type": "Inner",
                "Startup Cost": 68316.39,
                "Total Cost": 118934.24,
                "Plan Rows": 6885,
                "Plan Width": 0,
                "Actual Startup Time": 217.717,
                "Actual Total Time": 543.615,
                "Actual Rows": 127624,
                "Actual Loops": 2,
                "Inner Unique": false,
                "Join Filter": "(t.id = mi.movie_id)",
                "Rows Removed by Join Filter": 0,
                "Plans": [
                  {
                    "Node Type": "Hash Join",
                    "Parent Relationship": "Outer",
                    "Parallel Aware": true,
                    "Join Type": "Inner",
                    "Startup Cost": 68315.95,
                    "Total Cost": 98369.64,
                    "Plan Rows": 7515,
                    "Plan Width": 8,
                    "Actual Startup Time": 217.6,
                    "Actual Total Time": 358.639,
                    "Actual Rows": 8222,
                    "Actual Loops": 2,
                    "Inner Unique": true,
                    "Hash Cond": "(mk.movie_id = t.id)",
                    "Plans": [
                      {
                        "Node Type": "Bitmap Heap Scan",
                        "Parent Relationship": "Outer",
                        "Parallel Aware": true,
                        "Relation Name": "movie_keyword",
                        "Alias": "mk",
                        "Startup Cost": 13350.17,
                        "Total Cost": 42432.01,
                        "Plan Rows": 370227,
                        "Plan Width": 4,
                        "Actual Startup Time": 52.069,
                        "Actual Total Time": 141.641,
                        "Actual Rows": 320863,
                        "Actual Loops": 2,
                        "Recheck Cond": "(keyword_id < 498)",
                        "Rows Removed by Index Recheck": 0,
                        "Exact Heap Blocks": 12674,
                        "Lossy Heap Blocks": 0,
                        "Plans": [
                          {
                            "Node Type": "Bitmap Index Scan",
                            "Parent Relationship": "Outer",
                            "Parallel Aware": false,
                            "Index Name": "keyword_id_movie_keyword",
                            "Startup Cost": 0.0,
                            "Total Cost": 13192.83,
                            "Plan Rows": 629386,
                            "Plan Width": 0,
                            "Actual Startup Time": 46.196,
                            "Actual Total Time": 46.197,
                            "Actual Rows": 641726,
                            "Actual Loops": 1,
                            "Index Cond": "(keyword_id < 498)"
                          }
                        ]
                      },
                      {
                        "Node Type": "Hash",
                        "Parent Relationship": "Inner",
                        "Parallel Aware": true,
                        "Startup Cost": 54588.39,
                        "Total Cost": 54588.39,
                        "Plan Rows": 30191,
                        "Plan Width": 4,
                        "Actual Startup Time": 164.702,
                        "Actual Total Time": 164.702,
                        "Actual Rows": 26506,
                        "Actual Loops": 2,
                        "Hash Buckets": 65536,
                        "Original Hash Buckets": 65536,
                        "Hash Batches": 1,
                        "Original Hash Batches": 1,
                        "Peak Memory Usage": 2624,
                        "Plans": [
                          {
                            "Node Type": "Seq Scan",
                            "Parent Relationship": "Outer",
                            "Parallel Aware": true,
                            "Relation Name": "title",
                            "Alias": "t",
                            "Startup Cost": 0.0,
                            "Total Cost": 54588.39,
                            "Plan Rows": 30191,
                            "Plan Width": 4,
                            "Actual Startup Time": 0.052,
                            "Actual Total Time": 154.486,
                            "Actual Rows": 26506,
                            "Actual Loops": 2,
                            "Filter": "(production_year = 2000)",
                            "Rows Removed by Filter": 1237650
                          }
                        ]
                      }
                    ]
                  },
                  {
                    "Node Type": "Index Scan",
                    "Parent Relationship": "Inner",
                    "Parallel Aware": false,
                    "Scan Direction": "Forward",
                    "Index Name": "movie_id_movie_info",
                    "Relation Name": "movie_info",
                    "Alias": "mi",
                    "Startup Cost": 0.43,
                    "Total Cost": 2.65,
                    "Plan Rows": 7,
                    "Plan Width": 4,
                    "Actual Startup Time": 0.01,
                    "Actual Total Time": 0.021,
                    "Actual Rows": 16,
                    "Actual Loops": 16444,
                    "Index Cond": "(movie_id = mk.movie_id)",
                    "Rows Removed by Index Recheck": 0,
                    "Filter": "(info_type_id > 16)",
                    "Rows Removed by Filter": 29
                  }
                ]
              }
            ]
          }
        ]
      }
    ]
  },
  "Planning Time": 0.544,
  "Triggers": [],
  "Execution Time": 596.26
}