[
  {
    "Plan": {
      "Node Type": "Aggregate",
      "Strategy": "Plain",
      "Partial Mode": "Finalize",
      "Parallel Aware": false,
      "Startup Cost": 300535.85,
      "Total Cost": 300535.86,
      "Plan Rows": 1,
      "Plan Width": 8,
      "Actual Startup Time": 832.016,
      "Actual Total Time": 861.297,
      "Actual Rows": 1,
      "Actual Loops": 1,
      "Plans": [
        {
          "Node Type": "Gather",
          "Parent Relationship": "Outer",
          "Parallel Aware": false,
          "Startup Cost": 300535.53,
          "Total Cost": 300535.84,
          "Plan Rows": 3,
          "Plan Width": 8,
          "Actual Startup Time": 825.162,
          "Actual Total Time": 861.271,
          "Actual Rows": 4,
          "Actual Loops": 1,
          "Workers Planned": 3,
          "Workers Launched": 3,
          "Single Copy": false,
          "Plans": [
            {
              "Node Type": "Aggregate",
              "Strategy": "Plain",
              "Partial Mode": "Partial",
              "Parent Relationship": "Outer",
              "Parallel Aware": false,
              "Startup Cost": 299535.53,
              "Total Cost": 299535.54,
              "Plan Rows": 1,
              "Plan Width": 8,
              "Actual Startup Time": 811.589,
              "Actual Total Time": 811.596,
              "Actual Rows": 1,
              "Actual Loops": 4,
              "Plans": [
                {
                  "Node Type": "Hash Join",
                  "Parent Relationship": "Outer",
                  "Parallel Aware": true,
                  "Join Type": "Inner",
                  "Startup Cost": 251395.69,
                  "Total Cost": 297363.52,
                  "Plan Rows": 868806,
                  "Plan Width": 0,
                  "Actual Startup Time": 613.149,
                  "Actual Total Time": 811.54,
                  "Actual Rows": 663,
                  "Actual Loops": 4,
                  "Inner Unique": false,
                  "Hash Cond": "(mk.movie_id = t.id)",
                  "Plans": [
                    {
                      "Node Type": "Seq Scan",
                      "Parent Relationship": "Outer",
                      "Parallel Aware": true,
                      "Relation Name": "movie_keyword",
                      "Alias": "mk",
                      "Startup Cost": 0.0,
                      "Total Cost": 39047.32,
                      "Plan Rows": 1459332,
                      "Plan Width": 4,
                      "Actual Startup Time": 0.026,
                      "Actual Total Time": 100.68,
                      "Actual Rows": 1130982,
                      "Actual Loops": 4
                    },
                    {
                      "Node Type": "Hash",
                      "Parent Relationship": "Inner",
                      "Parallel Aware": true,
                      "Startup Cost": 248259.84,
                      "Total Cost": 248259.84,
                      "Plan Rows": 250868,
                      "Plan Width": 8,
                      "Actual Startup Time": 602.885,
                      "Actual Total Time": 602.89,
                      "Actual Rows": 316,
                      "Actual Loops": 4,
                      "Hash Buckets": 2097152,
                      "Original Hash Buckets": 2097152,
                      "Hash Batches": 1,
                      "Original Hash Batches": 1,
                      "Peak Memory Usage": 16512,
                      "Plans": [
                        {
                          "Node Type": "Hash Join",
                          "Parent Relationship": "Outer",
                          "Parallel Aware": true,
                          "Join Type": "Inner",
                          "Startup Cost": 49444.34,
                          "Total Cost": 248259.84,
                          "Plan Rows": 250868,
                          "Plan Width": 8,
                          "Actual Startup Time": 296.985,
                          "Actual Total Time": 590.217,
                          "Actual Rows": 316,
                          "Actual Loops": 4,
                          "Inner Unique": true,
                          "Hash Cond": "(ci.movie_id = t.id)",
                          "Plans": [
                            {
                              "Node Type": "Index Scan",
                              "Parent Relationship": "Outer",
                              "Parallel Aware": true,
                              "Scan Direction": "Forward",
                              "Index Name": "role_id_cast_info",
                              "Relation Name": "cast_info",
                              "Alias": "ci",
                              "Startup Cost": 0.56,
                              "Total Cost": 197877.72,
                              "Plan Rows": 357463,
                              "Plan Width": 4,
                              "Actual Startup Time": 1.879,
                              "Actual Total Time": 293.192,
                              "Actual Rows": 447,
                              "Actual Loops": 4,
                              "Index Cond": "(role_id = 2)",
                              "Rows Removed by Index Recheck": 0,
                              "Filter": "(person_id < 1039581)",
                              "Rows Removed by Filter": 1862546
                            },
                            {
                              "Node Type": "Hash",
                              "Parent Relationship": "Inner",
                              "Parallel Aware": true,
                              "Startup Cost": 43898.92,
                              "Total Cost": 43898.92,
                              "Plan Rows": 443589,
                              "Plan Width": 4,
                              "Actual Startup Time": 290.055,
                              "Actual Total Time": 290.056,
                              "Actual Rows": 443659,
                              "Actual Loops": 4,
                              "Hash Buckets": 2097152,
                              "Original Hash Buckets": 2097152,
                              "Hash Batches": 1,
                              "Original Hash Batches": 1,
                              "Peak Memory Usage": 85856,
                              "Plans": [
                                {
                                  "Node Type": "Seq Scan",
                                  "Parent Relationship": "Outer",
                                  "Parallel Aware": true,
                                  "Relation Name": "title",
                                  "Alias": "t",
                                  "Startup Cost": 0.0,
                                  "Total Cost": 43898.92,
                                  "Plan Rows": 443589,
                                  "Plan Width": 4,
                                  "Actual Startup Time": 0.053,
                                  "Actual Total Time": 114.825,
                                  "Actual Rows": 443659,
                                  "Actual Loops": 4,
                                  "Filter": "(kind_id > 2)",
                                  "Rows Removed by Filter": 188419
                                }
                              ]
                            }
                          ]
                        }
                      ]
                    }
                  ]
                }
              ]
            }
          ]
        }
      ]
    },
    "Planning Time": 1.45,
    "Triggers": [],
    "Execution Time": 861.406
  }
]