[
  {
    "Plan": {
      "Node Type": "Aggregate",
      "Strategy": "Plain",
      "Partial Mode": "Finalize",
      "Parallel Aware": false,
      "Startup Cost": 269627.15,
      "Total Cost": 269627.16,
      "Plan Rows": 1,
      "Plan Width": 8,
      "Actual Startup Time": 1144.671,
      "Actual Total Time": 1192.368,
      "Actual Rows": 1,
      "Actual Loops": 1,
      "Plans": [
        {
          "Node Type": "Gather",
          "Parent Relationship": "Outer",
          "Parallel Aware": false,
          "Startup Cost": 269626.63,
          "Total Cost": 269627.14,
          "Plan Rows": 5,
          "Plan Width": 8,
          "Actual Startup Time": 1139.296,
          "Actual Total Time": 1192.357,
          "Actual Rows": 6,
          "Actual Loops": 1,
          "Workers Planned": 5,
          "Workers Launched": 5,
          "Single Copy": false,
          "Plans": [
            {
              "Node Type": "Aggregate",
              "Strategy": "Plain",
              "Partial Mode": "Partial",
              "Parent Relationship": "Outer",
              "Parallel Aware": false,
              "Startup Cost": 268626.63,
              "Total Cost": 268626.64,
              "Plan Rows": 1,
              "Plan Width": 8,
              "Actual Startup Time": 1128.619,
              "Actual Total Time": 1128.697,
              "Actual Rows": 1,
              "Actual Loops": 6,
              "Plans": [
                {
                  "Node Type": "Hash Join",
                  "Parent Relationship": "Outer",
                  "Parallel Aware": true,
                  "Join Type": "Inner",
                  "Startup Cost": 63827.08,
                  "Total Cost": 267819.83,
                  "Plan Rows": 322719,
                  "Plan Width": 0,
                  "Actual Startup Time": 238.878,
                  "Actual Total Time": 1057.723,
                  "Actual Rows": 1666795,
                  "Actual Loops": 6,
                  "Inner Unique": false,
                  "Hash Cond": "(mi.movie_id = t.id)",
                  "Plans": [
                    {
                      "Node Type": "Seq Scan",
                      "Parent Relationship": "Outer",
                      "Parallel Aware": true,
                      "Relation Name": "movie_info",
                      "Alias": "mi",
                      "Startup Cost": 0.0,
                      "Total Cost": 191560.33,
                      "Plan Rows": 2956733,
                      "Plan Width": 4,
                      "Actual Startup Time": 0.034,
                      "Actual Total Time": 306.609,
                      "Actual Rows": 2472620,
                      "Actual Loops": 6
                    },
                    {
                      "Node Type": "Hash",
                      "Parent Relationship": "Inner",
                      "Parallel Aware": true,
                      "Startup Cost": 62389.81,
                      "Total Cost": 62389.81,
                      "Plan Rows": 114982,
                      "Plan Width": 8,
                      "Actual Startup Time": 234.952,
                      "Actual Total Time": 235.029,
                      "Actual Rows": 82565,
                      "Actual Loops": 6,
                      "Hash Buckets": 524288,
                      "Original Hash Buckets": 524288,
                      "Hash Batches": 1,
                      "Original Hash Batches": 1,
                      "Peak Memory Usage": 23584,
                      "Plans": [
                        {
                          "Node Type": "Hash Join",
                          "Parent Relationship": "Outer",
                          "Parallel Aware": true,
                          "Join Type": "Inner",
                          "Startup Cost": 46254.97,
                          "Total Cost": 62389.81,
                          "Plan Rows": 114982,
                          "Plan Width": 8,
                          "Actual Startup Time": 145.844,
                          "Actual Total Time": 211.069,
                          "Actual Rows": 82565,
                          "Actual Loops": 6,
                          "Inner Unique": true,
                          "Hash Cond": "(mi_idx.movie_id = t.id)",
                          "Plans": [
                            {
                              "Node Type": "Seq Scan",
                              "Parent Relationship": "Outer",
                              "Parallel Aware": true,
                              "Relation Name": "movie_info_idx",
                              "Alias": "mi_idx",
                              "Startup Cost": 0.0,
                              "Total Cost": 15122.68,
                              "Plan Rows": 385585,
                              "Plan Width": 4,
                              "Actual Startup Time": 0.028,
                              "Actual Total Time": 26.794,
                              "Actual Rows": 153352,
                              "Actual Loops": 6,
                              "Filter": "(info_type_id > 99)",
                              "Rows Removed by Filter": 76654
                            },
                            {
                              "Node Type": "Hash",
                              "Parent Relationship": "Inner",
                              "Parallel Aware": true,
                              "Startup Cost": 43898.92,
                              "Total Cost": 43898.92,
                              "Plan Rows": 188484,
                              "Plan Width": 4,
                              "Actual Startup Time": 143.615,
                              "Actual Total Time": 143.616,
                              "Actual Rows": 125613,
                              "Actual Loops": 6,
                              "Hash Buckets": 1048576,
                              "Original Hash Buckets": 1048576,
                              "Hash Batches": 1,
                              "Original Hash Batches": 1,
                              "Peak Memory Usage": 37792,
                              "Plans": [
                                {
                                  "Node Type": "Seq Scan",
                                  "Parent Relationship": "Outer",
                                  "Parallel Aware": true,
                                  "Relation Name": "title",
                                  "Alias": "t",
                                  "Startup Cost": 0.0,
                                  "Total Cost": 43898.92,
                                  "Plan Rows": 188484,
                                  "Plan Width": 4,
                                  "Actual Startup Time": 0.046,
                                  "Actual Total Time": 84.019,
                                  "Actual Rows": 125613,
                                  "Actual Loops": 6,
                                  "Filter": "(kind_id < 3)",
                                  "Rows Removed by Filter": 295772
                                }
                              ]
                            }
                          ]
                        }
                      ]
                    }
                  ]
                }
              ]
            }
          ]
        }
      ]
    },
    "Planning Time": 1.283,
    "Triggers": [],
    "Execution Time": 1192.463
  }
]