[
    {
        "Bao": {
            "Bao prediction": "NaN",
            "Bao recommended hint": "(no hint)"
        }
    },
    {
        "Plan": {
            "Node Type": "Aggregate",
            "Strategy": "Plain",
            "Partial Mode": "Finalize",
            "Parallel Aware": false,
            "Startup Cost": 405391.8,
            "Total Cost": 405391.81,
            "Plan Rows": 1,
            "Plan Width": 8,
            "Actual Startup Time": 2798.273,
            "Actual Total Time": 2822.366,
            "Actual Rows": 1,
            "Actual Loops": 1,
            "Output": [
                "count(*)"
            ],
            "Plans": [
                {
                    "Node Type": "Gather",
                    "Parent Relationship": "Outer",
                    "Parallel Aware": false,
                    "Startup Cost": 405391.17,
                    "Total Cost": 405391.78,
                    "Plan Rows": 6,
                    "Plan Width": 8,
                    "Actual Startup Time": 2789.311,
                    "Actual Total Time": 2822.355,
                    "Actual Rows": 7,
                    "Actual Loops": 1,
                    "Output": [
                        "(PARTIAL count(*))"
                    ],
                    "Workers Planned": 6,
                    "Workers Launched": 6,
                    "Single Copy": false,
                    "Plans": [
                        {
                            "Node Type": "Aggregate",
                            "Strategy": "Plain",
                            "Partial Mode": "Partial",
                            "Parent Relationship": "Outer",
                            "Parallel Aware": false,
                            "Startup Cost": 404391.17,
                            "Total Cost": 404391.18,
                            "Plan Rows": 1,
                            "Plan Width": 8,
                            "Actual Startup Time": 2776.111,
                            "Actual Total Time": 2776.114,
                            "Actual Rows": 1,
                            "Actual Loops": 7,
                            "Output": [
                                "PARTIAL count(*)"
                            ],
                            "Workers": [
                                {
                                    "Worker Number": 0,
                                    "Actual Startup Time": 2774.78,
                                    "Actual Total Time": 2774.782,
                                    "Actual Rows": 1,
                                    "Actual Loops": 1
                                },
                                {
                                    "Worker Number": 1,
                                    "Actual Startup Time": 2773.677,
                                    "Actual Total Time": 2773.679,
                                    "Actual Rows": 1,
                                    "Actual Loops": 1
                                },
                                {
                                    "Worker Number": 2,
                                    "Actual Startup Time": 2773.791,
                                    "Actual Total Time": 2773.794,
                                    "Actual Rows": 1,
                                    "Actual Loops": 1
                                },
                                {
                                    "Worker Number": 3,
                                    "Actual Startup Time": 2773.871,
                                    "Actual Total Time": 2773.874,
                                    "Actual Rows": 1,
                                    "Actual Loops": 1
                                },
                                {
                                    "Worker Number": 4,
                                    "Actual Startup Time": 2774.012,
                                    "Actual Total Time": 2774.015,
                                    "Actual Rows": 1,
                                    "Actual Loops": 1
                                },
                                {
                                    "Worker Number": 5,
                                    "Actual Startup Time": 2773.935,
                                    "Actual Total Time": 2773.938,
                                    "Actual Rows": 1,
                                    "Actual Loops": 1
                                }
                            ],
                            "Plans": [
                                {
                                    "Node Type": "Hash Join",
                                    "Parent Relationship": "Outer",
                                    "Parallel Aware": true,
                                    "Join Type": "Inner",
                                    "Startup Cost": 49900.39,
                                    "Total Cost": 393361.28,
                                    "Plan Rows": 4411958,
                                    "Plan Width": 0,
                                    "Actual Startup Time": 211.065,
                                    "Actual Total Time": 2605.315,
                                    "Actual Rows": 3786472,
                                    "Actual Loops": 7,
                                    "Inner Unique": true,
                                    "Hash Cond": "(ci.movie_id = t.id)",
                                    "Workers": [
                                        {
                                            "Worker Number": 0,
                                            "Actual Startup Time": 208.632,
                                            "Actual Total Time": 2585.857,
                                            "Actual Rows": 3206383,
                                            "Actual Loops": 1
                                        },
                                        {
                                            "Worker Number": 1,
                                            "Actual Startup Time": 208.741,
                                            "Actual Total Time": 2604.458,
                                            "Actual Rows": 3864666,
                                            "Actual Loops": 1
                                        },
                                        {
                                            "Worker Number": 2,
                                            "Actual Startup Time": 208.887,
                                            "Actual Total Time": 2602.929,
                                            "Actual Rows": 3787848,
                                            "Actual Loops": 1
                                        },
                                        {
                                            "Worker Number": 3,
                                            "Actual Startup Time": 208.967,
                                            "Actual Total Time": 2601.982,
                                            "Actual Rows": 3811835,
                                            "Actual Loops": 1
                                        },
                                        {
                                            "Worker Number": 4,
                                            "Actual Startup Time": 209.064,
                                            "Actual Total Time": 2604.159,
                                            "Actual Rows": 3880511,
                                            "Actual Loops": 1
                                        },
                                        {
                                            "Worker Number": 5,
                                            "Actual Startup Time": 209.021,
                                            "Actual Total Time": 2604.929,
                                            "Actual Rows": 3863104,
                                            "Actual Loops": 1
                                        }
                                    ],
                                    "Plans": [
                                        {
                                            "Node Type": "Seq Scan",
                                            "Parent Relationship": "Outer",
                                            "Parallel Aware": true,
                                            "Relation Name": "cast_info",
                                            "Schema": "public",
                                            "Alias": "ci",
                                            "Startup Cost": 0.0,
                                            "Total Cost": 328213.62,
                                            "Plan Rows": 5808474,
                                            "Plan Width": 4,
                                            "Actual Startup Time": 13.459,
                                            "Actual Total Time": 584.022,
                                            "Actual Rows": 4974676,
                                            "Actual Loops": 7,
                                            "Output": [
                                                "ci.id",
                                                "ci.person_id",
                                                "ci.movie_id",
                                                "ci.person_role_id",
                                                "ci.note",
                                                "ci.nr_order",
                                                "ci.role_id"
                                            ],
                                            "Filter": "(ci.person_id > 142718)",
                                            "Rows Removed by Filter": 203087,
                                            "Workers": [
                                                {
                                                    "Worker Number": 0,
                                                    "Actual Startup Time": 13.458,
                                                    "Actual Total Time": 625.843,
                                                    "Actual Rows": 4226771,
                                                    "Actual Loops": 1
                                                },
                                                {
                                                    "Worker Number": 1,
                                                    "Actual Startup Time": 13.463,
                                                    "Actual Total Time": 593.703,
                                                    "Actual Rows": 5069540,
                                                    "Actual Loops": 1
                                                },
                                                {
                                                    "Worker Number": 2,
                                                    "Actual Startup Time": 13.452,
                                                    "Actual Total Time": 581.528,
                                                    "Actual Rows": 4978191,
                                                    "Actual Loops": 1
                                                },
                                                {
                                                    "Worker Number": 3,
                                                    "Actual Startup Time": 13.475,
                                                    "Actual Total Time": 585.046,
                                                    "Actual Rows": 5001048,
                                                    "Actual Loops": 1
                                                },
                                                {
                                                    "Worker Number": 4,
                                                    "Actual Startup Time": 13.457,
                                                    "Actual Total Time": 596.052,
                                                    "Actual Rows": 5097217,
                                                    "Actual Loops": 1
                                                },
                                                {
                                                    "Worker Number": 5,
                                                    "Actual Startup Time": 13.471,
                                                    "Actual Total Time": 594.299,
                                                    "Actual Rows": 5068448,
                                                    "Actual Loops": 1
                                                }
                                            ]
                                        },
                                        {
                                            "Node Type": "Hash",
                                            "Parent Relationship": "Inner",
                                            "Parallel Aware": true,
                                            "Startup Cost": 43899.01,
                                            "Total Cost": 43899.01,
                                            "Plan Rows": 480111,
                                            "Plan Width": 4,
                                            "Actual Startup Time": 193.128,
                                            "Actual Total Time": 193.129,
                                            "Actual Rows": 274693,
                                            "Actual Loops": 7,
                                            "Output": [
                                                "t.id"
                                            ],
                                            "Hash Buckets": 2097152,
                                            "Original Hash Buckets": 2097152,
                                            "Hash Batches": 1,
                                            "Original Hash Batches": 1,
                                            "Peak Memory Usage": 91808,
                                            "Workers": [
                                                {
                                                    "Worker Number": 0,
                                                    "Actual Startup Time": 194.383,
                                                    "Actual Total Time": 194.384,
                                                    "Actual Rows": 199622,
                                                    "Actual Loops": 1
                                                },
                                                {
                                                    "Worker Number": 1,
                                                    "Actual Startup Time": 194.5,
                                                    "Actual Total Time": 194.501,
                                                    "Actual Rows": 269959,
                                                    "Actual Loops": 1
                                                },
                                                {
                                                    "Worker Number": 2,
                                                    "Actual Startup Time": 194.726,
                                                    "Actual Total Time": 194.728,
                                                    "Actual Rows": 259661,
                                                    "Actual Loops": 1
                                                },
                                                {
                                                    "Worker Number": 3,
                                                    "Actual Startup Time": 194.703,
                                                    "Actual Total Time": 194.704,
                                                    "Actual Rows": 260980,
                                                    "Actual Loops": 1
                                                },
                                                {
                                                    "Worker Number": 4,
                                                    "Actual Startup Time": 194.82,
                                                    "Actual Total Time": 194.82,
                                                    "Actual Rows": 274895,
                                                    "Actual Loops": 1
                                                },
                                                {
                                                    "Worker Number": 5,
                                                    "Actual Startup Time": 194.757,
                                                    "Actual Total Time": 194.758,
                                                    "Actual Rows": 275698,
                                                    "Actual Loops": 1
                                                }
                                            ],
                                            "Plans": [
                                                {
                                                    "Node Type": "Seq Scan",
                                                    "Parent Relationship": "Outer",
                                                    "Parallel Aware": true,
                                                    "Relation Name": "title",
                                                    "Schema": "public",
                                                    "Alias": "t",
                                                    "Startup Cost": 0.0,
                                                    "Total Cost": 43899.01,
                                                    "Plan Rows": 480111,
                                                    "Plan Width": 4,
                                                    "Actual Startup Time": 0.041,
                                                    "Actual Total Time": 74.307,
                                                    "Actual Rows": 274693,
                                                    "Actual Loops": 7,
                                                    "Output": [
                                                        "t.id"
                                                    ],
                                                    "Filter": "(t.production_year < 2010)",
                                                    "Rows Removed by Filter": 86495,
                                                    "Workers": [
                                                        {
                                                            "Worker Number": 0,
                                                            "Actual Startup Time": 0.047,
                                                            "Actual Total Time": 78.668,
                                                            "Actual Rows": 199622,
                                                            "Actual Loops": 1
                                                        },
                                                        {
                                                            "Worker Number": 1,
                                                            "Actual Startup Time": 0.062,
                                                            "Actual Total Time": 76.413,
                                                            "Actual Rows": 269959,
                                                            "Actual Loops": 1
                                                        },
                                                        {
                                                            "Worker Number": 2,
                                                            "Actual Startup Time": 0.027,
                                                            "Actual Total Time": 74.864,
                                                            "Actual Rows": 259661,
                                                            "Actual Loops": 1
                                                        },
                                                        {
                                                            "Worker Number": 3,
                                                            "Actual Startup Time": 0.047,
                                                            "Actual Total Time": 74.293,
                                                            "Actual Rows": 260980,
                                                            "Actual Loops": 1
                                                        },
                                                        {
                                                            "Worker Number": 4,
                                                            "Actual Startup Time": 0.048,
                                                            "Actual Total Time": 76.312,
                                                            "Actual Rows": 274895,
                                                            "Actual Loops": 1
                                                        },
                                                        {
                                                            "Worker Number": 5,
                                                            "Actual Startup Time": 0.046,
                                                            "Actual Total Time": 76.12,
                                                            "Actual Rows": 275698,
                                                            "Actual Loops": 1
                                                        }
                                                    ]
                                                }
                                            ]
                                        }
                                    ]
                                }
                            ]
                        }
                    ]
                }
            ]
        },
        "Planning Time": 182.521,
        "Triggers": [],
        "Execution Time": 2822.441
    }
]