{
  "Plan": {
    "Node Type": "Aggregate",
    "Strategy": "Plain",
    "Partial Mode": "Finalize",
    "Parallel Aware": false,
    "Startup Cost": 476786.97,
    "Total Cost": 476786.98,
    "Plan Rows": 1,
    "Plan Width": 8,
    "Actual Startup Time": 973.172,
    "Actual Total Time": 998.57,
    "Actual Rows": 1,
    "Actual Loops": 1,
    "Plans": [
      {
        "Node Type": "Gather",
        "Parent Relationship": "Outer",
        "Parallel Aware": false,
        "Startup Cost": 476786.86,
        "Total Cost": 476786.97,
        "Plan Rows": 1,
        "Plan Width": 8,
        "Actual Startup Time": 972.792,
        "Actual Total Time": 998.56,
        "Actual Rows": 2,
        "Actual Loops": 1,
        "Workers Planned": 1,
        "Workers Launched": 1,
        "Single Copy": false,
        "Plans": [
          {
            "Node Type": "Aggregate",
            "Strategy": "Plain",
            "Partial Mode": "Partial",
            "Parent Relationship": "Outer",
            "Parallel Aware": false,
            "Startup Cost": 475786.86,
            "Total Cost": 475786.87,
            "Plan Rows": 1,
            "Plan Width": 8,
            "Actual Startup Time": 969.423,
            "Actual Total Time": 969.427,
            "Actual Rows": 1,
            "Actual Loops": 2,
            "Plans": [
              {
                "Node Type": "Hash Join",
                "Parent Relationship": "Outer",
                "Parallel Aware": true,
                "Join Type": "Inner",
                "Startup Cost": 175778.62,
                "Total Cost": 475755.49,
                "Plan Rows": 12547,
                "Plan Width": 0,
                "Actual Startup Time": 433.801,
                "Actual Total Time": 968.461,
                "Actual Rows": 12744,
                "Actual Loops": 2,
                "Inner Unique": true,
                "Hash Cond": "(ci.movie_id = t.id)",
                "Plans": [
                  {
                    "Node Type": "Bitmap Heap Scan",
                    "Parent Relationship": "Outer",
                    "Parallel Aware": true,
                    "Relation Name": "cast_info",
                    "Alias": "ci",
                    "Startup Cost": 117397.55,
                    "Total Cost": 409167.08,
                    "Plan Rows": 3126602,
                    "Plan Width": 4,
                    "Actual Startup Time": 292.677,
                    "Actual Total Time": 596.415,
                    "Actual Rows": 2585182,
                    "Actual Loops": 2,
                    "Recheck Cond": "(person_id > 3148257)",
                    "Rows Removed by Index Recheck": 0,
                    "Exact Heap Blocks": 38790,
                    "Lossy Heap Blocks": 0,
                    "Plans": [
                      {
                        "Node Type": "Bitmap Index Scan",
                        "Parent Relationship": "Outer",
                        "Parallel Aware": false,
                        "Index Name": "person_id_cast_info",
                        "Startup Cost": 0.0,
                        "Total Cost": 116068.74,
                        "Plan Rows": 5315224,
                        "Plan Width": 0,
                        "Actual Startup Time": 280.143,
                        "Actual Total Time": 280.143,
                        "Actual Rows": 5170364,
                        "Actual Loops": 1,
                        "Index Cond": "(person_id > 3148257)"
                      }
                    ]
                  },
                  {
                    "Node Type": "Hash",
                    "Parent Relationship": "Inner",
                    "Parallel Aware": true,
                    "Startup Cost": 58306.47,
                    "Total Cost": 58306.47,
                    "Plan Rows": 5968,
                    "Plan Width": 4,
                    "Actual Startup Time": 139.498,
                    "Actual Total Time": 139.499,
                    "Actual Rows": 5264,
                    "Actual Loops": 2,
                    "Hash Buckets": 16384,
                    "Original Hash Buckets": 16384,
                    "Hash Batches": 1,
                    "Original Hash Batches": 1,
                    "Peak Memory Usage": 576,
                    "Plans": [
                      {
                        "Node Type": "Seq Scan",
                        "Parent Relationship": "Outer",
                        "Parallel Aware": true,
                        "Relation Name": "title",
                        "Alias": "t",
                        "Startup Cost": 0.0,
                        "Total Cost": 58306.47,
                        "Plan Rows": 5968,
                        "Plan Width": 4,
                        "Actual Startup Time": 0.722,
                        "Actual Total Time": 137.665,
                        "Actual Rows": 5264,
                        "Actual Loops": 2,
                        "Filter": "((kind_id < 7) AND (production_year = 1993))",
                        "Rows Removed by Filter": 1258892
                      }
                    ]
                  }
                ]
              }
            ]
          }
        ]
      }
    ]
  },
  "Planning Time": 0.498,
  "Triggers": [],
  "Execution Time": 998.678
}