[
  {
    "Plan": {
      "Node Type": "Aggregate",
      "Strategy": "Plain",
      "Partial Mode": "Finalize",
      "Parallel Aware": false,
      "Startup Cost": 173772.63,
      "Total Cost": 173772.64,
      "Plan Rows": 1,
      "Plan Width": 8,
      "Actual Startup Time": 452.721,
      "Actual Total Time": 482.678,
      "Actual Rows": 1,
      "Actual Loops": 1,
      "Plans": [
        {
          "Node Type": "Gather",
          "Parent Relationship": "Outer",
          "Parallel Aware": false,
          "Startup Cost": 173772.1,
          "Total Cost": 173772.61,
          "Plan Rows": 5,
          "Plan Width": 8,
          "Actual Startup Time": 449.994,
          "Actual Total Time": 482.663,
          "Actual Rows": 6,
          "Actual Loops": 1,
          "Workers Planned": 5,
          "Workers Launched": 5,
          "Single Copy": false,
          "Plans": [
            {
              "Node Type": "Aggregate",
              "Strategy": "Plain",
              "Partial Mode": "Partial",
              "Parent Relationship": "Outer",
              "Parallel Aware": false,
              "Startup Cost": 172772.1,
              "Total Cost": 172772.11,
              "Plan Rows": 1,
              "Plan Width": 8,
              "Actual Startup Time": 441.818,
              "Actual Total Time": 441.823,
              "Actual Rows": 1,
              "Actual Loops": 6,
              "Plans": [
                {
                  "Node Type": "Hash Join",
                  "Parent Relationship": "Outer",
                  "Parallel Aware": true,
                  "Join Type": "Inner",
                  "Startup Cost": 45870.0,
                  "Total Cost": 172657.54,
                  "Plan Rows": 45826,
                  "Plan Width": 0,
                  "Actual Startup Time": 111.76,
                  "Actual Total Time": 440.424,
                  "Actual Rows": 19688,
                  "Actual Loops": 6,
                  "Inner Unique": true,
                  "Hash Cond": "(ci.movie_id = t.id)",
                  "Plans": [
                    {
                      "Node Type": "Index Scan",
                      "Parent Relationship": "Outer",
                      "Parallel Aware": true,
                      "Scan Direction": "Forward",
                      "Index Name": "role_id_cast_info",
                      "Relation Name": "cast_info",
                      "Alias": "ci",
                      "Startup Cost": 0.56,
                      "Total Cost": 124350.08,
                      "Plan Rows": 928769,
                      "Plan Width": 4,
                      "Actual Startup Time": 0.214,
                      "Actual Total Time": 177.935,
                      "Actual Rows": 773189,
                      "Actual Loops": 6,
                      "Index Cond": "(role_id > 9)",
                      "Rows Removed by Index Recheck": 0
                    },
                    {
                      "Node Type": "Hash",
                      "Parent Relationship": "Inner",
                      "Parallel Aware": true,
                      "Startup Cost": 45479.59,
                      "Total Cost": 45479.59,
                      "Plan Rows": 31188,
                      "Plan Width": 4,
                      "Actual Startup Time": 109.976,
                      "Actual Total Time": 109.979,
                      "Actual Rows": 44226,
                      "Actual Loops": 6,
                      "Hash Buckets": 524288,
                      "Original Hash Buckets": 131072,
                      "Hash Batches": 1,
                      "Original Hash Batches": 1,
                      "Peak Memory Usage": 17696,
                      "Plans": [
                        {
                          "Node Type": "Seq Scan",
                          "Parent Relationship": "Outer",
                          "Parallel Aware": true,
                          "Relation Name": "title",
                          "Alias": "t",
                          "Startup Cost": 0.0,
                          "Total Cost": 45479.59,
                          "Plan Rows": 31188,
                          "Plan Width": 4,
                          "Actual Startup Time": 49.522,
                          "Actual Total Time": 81.898,
                          "Actual Rows": 44226,
                          "Actual Loops": 6,
                          "Filter": "((production_year < 1979) AND (kind_id = 1))",
                          "Rows Removed by Filter": 377160
                        }
                      ]
                    }
                  ]
                }
              ]
            }
          ]
        }
      ]
    },
    "Planning Time": 0.49,
    "Triggers": [],
    "Execution Time": 482.755
  }
]