[
  {
    "Plan": {
      "Node Type": "Aggregate",
      "Strategy": "Plain",
      "Partial Mode": "Finalize",
      "Parallel Aware": false,
      "Startup Cost": 91209.37,
      "Total Cost": 91209.38,
      "Plan Rows": 1,
      "Plan Width": 8,
      "Actual Startup Time": 388.758,
      "Actual Total Time": 405.493,
      "Actual Rows": 1,
      "Actual Loops": 1,
      "Plans": [
        {
          "Node Type": "Gather",
          "Parent Relationship": "Outer",
          "Parallel Aware": false,
          "Startup Cost": 91209.05,
          "Total Cost": 91209.36,
          "Plan Rows": 3,
          "Plan Width": 8,
          "Actual Startup Time": 387.23,
          "Actual Total Time": 405.484,
          "Actual Rows": 4,
          "Actual Loops": 1,
          "Workers Planned": 3,
          "Workers Launched": 3,
          "Single Copy": false,
          "Plans": [
            {
              "Node Type": "Aggregate",
              "Strategy": "Plain",
              "Partial Mode": "Partial",
              "Parent Relationship": "Outer",
              "Parallel Aware": false,
              "Startup Cost": 90209.05,
              "Total Cost": 90209.06,
              "Plan Rows": 1,
              "Plan Width": 8,
              "Actual Startup Time": 378.505,
              "Actual Total Time": 378.508,
              "Actual Rows": 1,
              "Actual Loops": 4,
              "Plans": [
                {
                  "Node Type": "Hash Join",
                  "Parent Relationship": "Outer",
                  "Parallel Aware": true,
                  "Join Type": "Inner",
                  "Startup Cost": 46745.97,
                  "Total Cost": 89624.05,
                  "Plan Rows": 233998,
                  "Plan Width": 0,
                  "Actual Startup Time": 170.173,
                  "Actual Total Time": 355.305,
                  "Actual Rows": 571860,
                  "Actual Loops": 4,
                  "Inner Unique": true,
                  "Hash Cond": "(mk.movie_id = t.id)",
                  "Plans": [
                    {
                      "Node Type": "Seq Scan",
                      "Parent Relationship": "Outer",
                      "Parallel Aware": true,
                      "Relation Name": "movie_keyword",
                      "Alias": "mk",
                      "Startup Cost": 0.0,
                      "Total Cost": 39047.32,
                      "Plan Rows": 1459332,
                      "Plan Width": 4,
                      "Actual Startup Time": 0.026,
                      "Actual Total Time": 85.501,
                      "Actual Rows": 1130982,
                      "Actual Loops": 4
                    },
                    {
                      "Node Type": "Hash",
                      "Parent Relationship": "Inner",
                      "Parallel Aware": true,
                      "Startup Cost": 45479.1,
                      "Total Cost": 45479.1,
                      "Plan Rows": 101350,
                      "Plan Width": 4,
                      "Actual Startup Time": 130.116,
                      "Actual Total Time": 130.117,
                      "Actual Rows": 114036,
                      "Actual Loops": 4,
                      "Hash Buckets": 524288,
                      "Original Hash Buckets": 524288,
                      "Hash Batches": 1,
                      "Original Hash Batches": 1,
                      "Peak Memory Usage": 22016,
                      "Plans": [
                        {
                          "Node Type": "Seq Scan",
                          "Parent Relationship": "Outer",
                          "Parallel Aware": true,
                          "Relation Name": "title",
                          "Alias": "t",
                          "Startup Cost": 0.0,
                          "Total Cost": 45479.1,
                          "Plan Rows": 101350,
                          "Plan Width": 4,
                          "Actual Startup Time": 57.516,
                          "Actual Total Time": 98.538,
                          "Actual Rows": 114036,
                          "Actual Loops": 4,
                          "Filter": "((kind_id < 2) AND (production_year < 2007))",
                          "Rows Removed by Filter": 518042
                        }
                      ]
                    }
                  ]
                }
              ]
            }
          ]
        }
      ]
    },
    "Planning Time": 0.649,
    "Triggers": [],
    "Execution Time": 405.565
  }
]