[
  {
    "Plan": {
      "Node Type": "Aggregate",
      "Strategy": "Plain",
      "Partial Mode": "Finalize",
      "Parallel Aware": false,
      "Startup Cost": 388038.7,
      "Total Cost": 388038.71,
      "Plan Rows": 1,
      "Plan Width": 8,
      "Actual Startup Time": 629.763,
      "Actual Total Time": 656.922,
      "Actual Rows": 1,
      "Actual Loops": 1,
      "Plans": [
        {
          "Node Type": "Gather",
          "Parent Relationship": "Outer",
          "Parallel Aware": false,
          "Startup Cost": 388038.28,
          "Total Cost": 388038.69,
          "Plan Rows": 4,
          "Plan Width": 8,
          "Actual Startup Time": 623.221,
          "Actual Total Time": 656.91,
          "Actual Rows": 5,
          "Actual Loops": 1,
          "Workers Planned": 4,
          "Workers Launched": 4,
          "Single Copy": false,
          "Plans": [
            {
              "Node Type": "Aggregate",
              "Strategy": "Plain",
              "Partial Mode": "Partial",
              "Parent Relationship": "Outer",
              "Parallel Aware": false,
              "Startup Cost": 387038.28,
              "Total Cost": 387038.29,
              "Plan Rows": 1,
              "Plan Width": 8,
              "Actual Startup Time": 610.62,
              "Actual Total Time": 610.822,
              "Actual Rows": 1,
              "Actual Loops": 5,
              "Plans": [
                {
                  "Node Type": "Hash Join",
                  "Parent Relationship": "Outer",
                  "Parallel Aware": true,
                  "Join Type": "Inner",
                  "Startup Cost": 341648.74,
                  "Total Cost": 386779.53,
                  "Plan Rows": 103498,
                  "Plan Width": 0,
                  "Actual Startup Time": 418.662,
                  "Actual Total Time": 606.622,
                  "Actual Rows": 81035,
                  "Actual Loops": 5,
                  "Inner Unique": false,
                  "Hash Cond": "(t.id = mc.movie_id)",
                  "Plans": [
                    {
                      "Node Type": "Seq Scan",
                      "Parent Relationship": "Outer",
                      "Parallel Aware": true,
                      "Relation Name": "title",
                      "Alias": "t",
                      "Startup Cost": 0.0,
                      "Total Cost": 42318.73,
                      "Plan Rows": 632073,
                      "Plan Width": 4,
                      "Actual Startup Time": 0.019,
                      "Actual Total Time": 72.133,
                      "Actual Rows": 505662,
                      "Actual Loops": 5
                    },
                    {
                      "Node Type": "Hash",
                      "Parent Relationship": "Inner",
                      "Parallel Aware": true,
                      "Startup Cost": 339439.84,
                      "Total Cost": 339439.84,
                      "Plan Rows": 176712,
                      "Plan Width": 8,
                      "Actual Startup Time": 412.687,
                      "Actual Total Time": 412.887,
                      "Actual Rows": 81035,
                      "Actual Loops": 5,
                      "Hash Buckets": 2097152,
                      "Original Hash Buckets": 2097152,
                      "Hash Batches": 1,
                      "Original Hash Batches": 1,
                      "Peak Memory Usage": 32288,
                      "Plans": [
                        {
                          "Node Type": "Hash Join",
                          "Parent Relationship": "Outer",
                          "Parallel Aware": true,
                          "Join Type": "Inner",
                          "Startup Cost": 80371.77,
                          "Total Cost": 339439.84,
                          "Plan Rows": 176712,
                          "Plan Width": 8,
                          "Actual Startup Time": 292.754,
                          "Actual Total Time": 373.581,
                          "Actual Rows": 81035,
                          "Actual Loops": 5,
                          "Inner Unique": false,
                          "Hash Cond": "(ci.movie_id = mc.movie_id)",
                          "Plans": [
                            {
                              "Node Type": "Bitmap Heap Scan",
                              "Parent Relationship": "Outer",
                              "Parallel Aware": true,
                              "Relation Name": "cast_info",
                              "Alias": "ci",
                              "Startup Cost": 44337.81,
                              "Total Cost": 302074.41,
                              "Plan Rows": 152285,
                              "Plan Width": 4,
                              "Actual Startup Time": 130.596,
                              "Actual Total Time": 163.792,
                              "Actual Rows": 115375,
                              "Actual Loops": 5,
                              "Recheck Cond": "(person_id < 199053)",
                              "Rows Removed by Index Recheck": 0,
                              "Filter": "(role_id > 2)",
                              "Rows Removed by Filter": 290300,
                              "Exact Heap Blocks": 6898,
                              "Lossy Heap Blocks": 0,
                              "Plans": [
                                {
                                  "Node Type": "Bitmap Index Scan",
                                  "Parent Relationship": "Outer",
                                  "Parallel Aware": false,
                                  "Index Name": "person_id_cast_info",
                                  "Startup Cost": 0.0,
                                  "Total Cost": 44109.38,
                                  "Plan Rows": 2019842,
                                  "Plan Width": 0,
                                  "Actual Startup Time": 72.436,
                                  "Actual Total Time": 72.437,
                                  "Actual Rows": 2028378,
                                  "Actual Loops": 1,
                                  "Index Cond": "(person_id < 199053)"
                                }
                              ]
                            },
                            {
                              "Node Type": "Hash",
                              "Parent Relationship": "Inner",
                              "Parallel Aware": true,
                              "Startup Cost": 31414.82,
                              "Total Cost": 31414.82,
                              "Plan Rows": 369532,
                              "Plan Width": 4,
                              "Actual Startup Time": 159.246,
                              "Actual Total Time": 159.247,
                              "Actual Rows": 195837,
                              "Actual Loops": 5,
                              "Hash Buckets": 2097152,
                              "Original Hash Buckets": 2097152,
                              "Hash Batches": 1,
                              "Original Hash Batches": 1,
                              "Peak Memory Usage": 54784,
                              "Plans": [
                                {
                                  "Node Type": "Seq Scan",
                                  "Parent Relationship": "Outer",
                                  "Parallel Aware": true,
                                  "Relation Name": "movie_companies",
                                  "Alias": "mc",
                                  "Startup Cost": 0.0,
                                  "Total Cost": 31414.82,
                                  "Plan Rows": 369532,
                                  "Plan Width": 4,
                                  "Actual Startup Time": 44.385,
                                  "Actual Total Time": 83.437,
                                  "Actual Rows": 195837,
                                  "Actual Loops": 5,
                                  "Filter": "((company_id < 87649) AND (company_type_id > 1))",
                                  "Rows Removed by Filter": 325989
                                }
                              ]
                            }
                          ]
                        }
                      ]
                    }
                  ]
                }
              ]
            }
          ]
        }
      ]
    },
    "Planning Time": 1.407,
    "Triggers": [],
    "Execution Time": 657.054
  }
]