[
    {
        "Bao": {
            "Bao prediction": "NaN",
            "Bao recommended hint": "(no hint)"
        }
    },
    {
        "Plan": {
            "Node Type": "Aggregate",
            "Strategy": "Plain",
            "Partial Mode": "Finalize",
            "Parallel Aware": false,
            "Startup Cost": 32916.57,
            "Total Cost": 32916.58,
            "Plan Rows": 1,
            "Plan Width": 8,
            "Actual Startup Time": 83.274,
            "Actual Total Time": 89.449,
            "Actual Rows": 1,
            "Actual Loops": 1,
            "Output": [
                "count(*)"
            ],
            "Plans": [
                {
                    "Node Type": "Gather",
                    "Parent Relationship": "Outer",
                    "Parallel Aware": false,
                    "Startup Cost": 32916.26,
                    "Total Cost": 32916.57,
                    "Plan Rows": 3,
                    "Plan Width": 8,
                    "Actual Startup Time": 83.147,
                    "Actual Total Time": 89.441,
                    "Actual Rows": 4,
                    "Actual Loops": 1,
                    "Output": [
                        "(PARTIAL count(*))"
                    ],
                    "Workers Planned": 3,
                    "Workers Launched": 3,
                    "Single Copy": false,
                    "Plans": [
                        {
                            "Node Type": "Aggregate",
                            "Strategy": "Plain",
                            "Partial Mode": "Partial",
                            "Parent Relationship": "Outer",
                            "Parallel Aware": false,
                            "Startup Cost": 31916.26,
                            "Total Cost": 31916.27,
                            "Plan Rows": 1,
                            "Plan Width": 8,
                            "Actual Startup Time": 74.941,
                            "Actual Total Time": 74.942,
                            "Actual Rows": 1,
                            "Actual Loops": 4,
                            "Output": [
                                "PARTIAL count(*)"
                            ],
                            "Workers": [
                                {
                                    "Worker Number": 0,
                                    "Actual Startup Time": 72.235,
                                    "Actual Total Time": 72.236,
                                    "Actual Rows": 1,
                                    "Actual Loops": 1
                                },
                                {
                                    "Worker Number": 1,
                                    "Actual Startup Time": 72.35,
                                    "Actual Total Time": 72.351,
                                    "Actual Rows": 1,
                                    "Actual Loops": 1
                                },
                                {
                                    "Worker Number": 2,
                                    "Actual Startup Time": 72.28,
                                    "Actual Total Time": 72.281,
                                    "Actual Rows": 1,
                                    "Actual Loops": 1
                                }
                            ],
                            "Plans": [
                                {
                                    "Node Type": "Seq Scan",
                                    "Parent Relationship": "Outer",
                                    "Parallel Aware": true,
                                    "Relation Name": "movie_companies",
                                    "Schema": "public",
                                    "Alias": "mc",
                                    "Startup Cost": 0.0,
                                    "Total Cost": 31414.82,
                                    "Plan Rows": 200575,
                                    "Plan Width": 0,
                                    "Actual Startup Time": 41.848,
                                    "Actual Total Time": 70.765,
                                    "Actual Rows": 99824,
                                    "Actual Loops": 4,
                                    "Output": [
                                        "id",
                                        "movie_id",
                                        "company_id",
                                        "company_type_id",
                                        "note"
                                    ],
                                    "Filter": "((mc.company_id < 11137) AND (mc.company_type_id = 2))",
                                    "Rows Removed by Filter": 552458,
                                    "Workers": [
                                        {
                                            "Worker Number": 0,
                                            "Actual Startup Time": 39.147,
                                            "Actual Total Time": 68.2,
                                            "Actual Rows": 94650,
                                            "Actual Loops": 1
                                        },
                                        {
                                            "Worker Number": 1,
                                            "Actual Startup Time": 39.249,
                                            "Actual Total Time": 68.324,
                                            "Actual Rows": 95975,
                                            "Actual Loops": 1
                                        },
                                        {
                                            "Worker Number": 2,
                                            "Actual Startup Time": 39.19,
                                            "Actual Total Time": 68.413,
                                            "Actual Rows": 91346,
                                            "Actual Loops": 1
                                        }
                                    ]
                                }
                            ]
                        }
                    ]
                }
            ]
        },
        "Planning Time": 191.13,
        "Triggers": [],
        "Execution Time": 89.489
    }
]