[
  {
    "Plan": {
      "Node Type": "Aggregate",
      "Strategy": "Plain",
      "Partial Mode": "Finalize",
      "Parallel Aware": false,
      "Startup Cost": 46476.97,
      "Total Cost": 46476.98,
      "Plan Rows": 1,
      "Plan Width": 8,
      "Actual Startup Time": 137.402,
      "Actual Total Time": 145.095,
      "Actual Rows": 1,
      "Actual Loops": 1,
      "Plans": [
        {
          "Node Type": "Gather",
          "Parent Relationship": "Outer",
          "Parallel Aware": false,
          "Startup Cost": 46476.65,
          "Total Cost": 46476.96,
          "Plan Rows": 3,
          "Plan Width": 8,
          "Actual Startup Time": 137.291,
          "Actual Total Time": 145.087,
          "Actual Rows": 4,
          "Actual Loops": 1,
          "Workers Planned": 3,
          "Workers Launched": 3,
          "Single Copy": false,
          "Plans": [
            {
              "Node Type": "Aggregate",
              "Strategy": "Plain",
              "Partial Mode": "Partial",
              "Parent Relationship": "Outer",
              "Parallel Aware": false,
              "Startup Cost": 45476.65,
              "Total Cost": 45476.66,
              "Plan Rows": 1,
              "Plan Width": 8,
              "Actual Startup Time": 134.269,
              "Actual Total Time": 134.27,
              "Actual Rows": 1,
              "Actual Loops": 4,
              "Plans": [
                {
                  "Node Type": "Seq Scan",
                  "Parent Relationship": "Outer",
                  "Parallel Aware": true,
                  "Relation Name": "movie_keyword",
                  "Alias": "mk",
                  "Startup Cost": 0.0,
                  "Total Cost": 42695.65,
                  "Plan Rows": 1112399,
                  "Plan Width": 0,
                  "Actual Startup Time": 0.022,
                  "Actual Total Time": 100.135,
                  "Actual Rows": 863945,
                  "Actual Loops": 4,
                  "Filter": "(keyword_id < 16501)",
                  "Rows Removed by Filter": 267038
                }
              ]
            }
          ]
        }
      ]
    },
    "Planning Time": 0.082,
    "Triggers": [],
    "Execution Time": 145.122
  }
]