[
  {
    "Plan": {
      "Node Type": "Aggregate",
      "Strategy": "Plain",
      "Partial Mode": "Finalize",
      "Parallel Aware": false,
      "Startup Cost": 62451.34,
      "Total Cost": 62451.35,
      "Plan Rows": 1,
      "Plan Width": 8,
      "Actual Startup Time": 213.876,
      "Actual Total Time": 235.343,
      "Actual Rows": 1,
      "Actual Loops": 1,
      "Plans": [
        {
          "Node Type": "Gather",
          "Parent Relationship": "Outer",
          "Parallel Aware": false,
          "Startup Cost": 62451.13,
          "Total Cost": 62451.34,
          "Plan Rows": 2,
          "Plan Width": 8,
          "Actual Startup Time": 213.564,
          "Actual Total Time": 235.337,
          "Actual Rows": 3,
          "Actual Loops": 1,
          "Workers Planned": 2,
          "Workers Launched": 2,
          "Single Copy": false,
          "Plans": [
            {
              "Node Type": "Aggregate",
              "Strategy": "Plain",
              "Partial Mode": "Partial",
              "Parent Relationship": "Outer",
              "Parallel Aware": false,
              "Startup Cost": 61451.13,
              "Total Cost": 61451.14,
              "Plan Rows": 1,
              "Plan Width": 8,
              "Actual Startup Time": 206.126,
              "Actual Total Time": 206.13,
              "Actual Rows": 1,
              "Actual Loops": 3,
              "Plans": [
                {
                  "Node Type": "Hash Join",
                  "Parent Relationship": "Outer",
                  "Parallel Aware": true,
                  "Join Type": "Inner",
                  "Startup Cost": 45805.05,
                  "Total Cost": 61431.37,
                  "Plan Rows": 7903,
                  "Plan Width": 0,
                  "Actual Startup Time": 146.823,
                  "Actual Total Time": 206.117,
                  "Actual Rows": 11,
                  "Actual Loops": 3,
                  "Inner Unique": true,
                  "Hash Cond": "(mi_idx.movie_id = t.id)",
                  "Plans": [
                    {
                      "Node Type": "Seq Scan",
                      "Parent Relationship": "Outer",
                      "Parallel Aware": true,
                      "Relation Name": "movie_info_idx",
                      "Alias": "mi_idx",
                      "Startup Cost": 0.0,
                      "Total Cost": 15122.68,
                      "Plan Rows": 191863,
                      "Plan Width": 4,
                      "Actual Startup Time": 0.016,
                      "Actual Total Time": 53.292,
                      "Actual Rows": 153308,
                      "Actual Loops": 3,
                      "Filter": "(info_type_id = 100)",
                      "Rows Removed by Filter": 306703
                    },
                    {
                      "Node Type": "Hash",
                      "Parent Relationship": "Inner",
                      "Parallel Aware": true,
                      "Startup Cost": 45479.59,
                      "Total Cost": 45479.59,
                      "Plan Rows": 26037,
                      "Plan Width": 4,
                      "Actual Startup Time": 134.467,
                      "Actual Total Time": 134.468,
                      "Actual Rows": 125,
                      "Actual Loops": 3,
                      "Hash Buckets": 131072,
                      "Original Hash Buckets": 131072,
                      "Hash Batches": 1,
                      "Original Hash Batches": 1,
                      "Peak Memory Usage": 1120,
                      "Plans": [
                        {
                          "Node Type": "Seq Scan",
                          "Parent Relationship": "Outer",
                          "Parallel Aware": true,
                          "Relation Name": "title",
                          "Alias": "t",
                          "Startup Cost": 0.0,
                          "Total Cost": 45479.59,
                          "Plan Rows": 26037,
                          "Plan Width": 4,
                          "Actual Startup Time": 17.555,
                          "Actual Total Time": 134.148,
                          "Actual Rows": 125,
                          "Actual Loops": 3,
                          "Filter": "((kind_id > 1) AND (production_year < 1945))",
                          "Rows Removed by Filter": 842645
                        }
                      ]
                    }
                  ]
                }
              ]
            }
          ]
        }
      ]
    },
    "Planning Time": 0.222,
    "Triggers": [],
    "Execution Time": 235.384
  }
]