[
  {
    "Plan": {
      "Node Type": "Aggregate",
      "Strategy": "Plain",
      "Partial Mode": "Finalize",
      "Parallel Aware": false,
      "Startup Cost": 44629.36,
      "Total Cost": 44629.37,
      "Plan Rows": 1,
      "Plan Width": 8,
      "Actual Startup Time": 119.771,
      "Actual Total Time": 130.587,
      "Actual Rows": 1,
      "Actual Loops": 1,
      "Plans": [
        {
          "Node Type": "Gather",
          "Parent Relationship": "Outer",
          "Parallel Aware": false,
          "Startup Cost": 44629.04,
          "Total Cost": 44629.35,
          "Plan Rows": 3,
          "Plan Width": 8,
          "Actual Startup Time": 119.625,
          "Actual Total Time": 130.575,
          "Actual Rows": 4,
          "Actual Loops": 1,
          "Workers Planned": 3,
          "Workers Launched": 3,
          "Single Copy": false,
          "Plans": [
            {
              "Node Type": "Aggregate",
              "Strategy": "Plain",
              "Partial Mode": "Partial",
              "Parent Relationship": "Outer",
              "Parallel Aware": false,
              "Startup Cost": 43629.04,
              "Total Cost": 43629.05,
              "Plan Rows": 1,
              "Plan Width": 8,
              "Actual Startup Time": 113.345,
              "Actual Total Time": 113.346,
              "Actual Rows": 1,
              "Actual Loops": 4,
              "Plans": [
                {
                  "Node Type": "Seq Scan",
                  "Parent Relationship": "Outer",
                  "Parallel Aware": true,
                  "Relation Name": "movie_keyword",
                  "Alias": "mk",
                  "Startup Cost": 0.0,
                  "Total Cost": 42695.65,
                  "Plan Rows": 373355,
                  "Plan Width": 0,
                  "Actual Startup Time": 1.405,
                  "Actual Total Time": 99.778,
                  "Actual Rows": 291807,
                  "Actual Loops": 4,
                  "Filter": "(keyword_id > 16027)",
                  "Rows Removed by Filter": 839176
                }
              ]
            }
          ]
        }
      ]
    },
    "Planning Time": 0.071,
    "Triggers": [],
    "Execution Time": 130.616
  }
]