[
  {
    "Plan": {
      "Node Type": "Aggregate",
      "Strategy": "Plain",
      "Partial Mode": "Finalize",
      "Parallel Aware": false,
      "Startup Cost": 33390.9,
      "Total Cost": 33390.91,
      "Plan Rows": 1,
      "Plan Width": 8,
      "Actual Startup Time": 91.049,
      "Actual Total Time": 98.454,
      "Actual Rows": 1,
      "Actual Loops": 1,
      "Plans": [
        {
          "Node Type": "Gather",
          "Parent Relationship": "Outer",
          "Parallel Aware": false,
          "Startup Cost": 33390.59,
          "Total Cost": 33390.9,
          "Plan Rows": 3,
          "Plan Width": 8,
          "Actual Startup Time": 90.933,
          "Actual Total Time": 98.445,
          "Actual Rows": 4,
          "Actual Loops": 1,
          "Workers Planned": 3,
          "Workers Launched": 3,
          "Single Copy": false,
          "Plans": [
            {
              "Node Type": "Aggregate",
              "Strategy": "Plain",
              "Partial Mode": "Partial",
              "Parent Relationship": "Outer",
              "Parallel Aware": false,
              "Startup Cost": 32390.59,
              "Total Cost": 32390.6,
              "Plan Rows": 1,
              "Plan Width": 8,
              "Actual Startup Time": 87.019,
              "Actual Total Time": 87.02,
              "Actual Rows": 1,
              "Actual Loops": 4,
              "Plans": [
                {
                  "Node Type": "Seq Scan",
                  "Parent Relationship": "Outer",
                  "Parallel Aware": true,
                  "Relation Name": "movie_companies",
                  "Alias": "mc",
                  "Startup Cost": 0.0,
                  "Total Cost": 31414.82,
                  "Plan Rows": 390307,
                  "Plan Width": 0,
                  "Actual Startup Time": 0.025,
                  "Actual Total Time": 73.093,
                  "Actual Rows": 290815,
                  "Actual Loops": 4,
                  "Filter": "((company_id > 21) AND (company_type_id = 1))",
                  "Rows Removed by Filter": 361467
                }
              ]
            }
          ]
        }
      ]
    },
    "Planning Time": 0.303,
    "Triggers": [],
    "Execution Time": 98.507
  }
]