[
  {
    "Plan": {
      "Node Type": "Aggregate",
      "Strategy": "Plain",
      "Partial Mode": "Finalize",
      "Parallel Aware": false,
      "Startup Cost": 339655.13,
      "Total Cost": 339655.14,
      "Plan Rows": 1,
      "Plan Width": 8,
      "Actual Startup Time": 797.996,
      "Actual Total Time": 851.484,
      "Actual Rows": 1,
      "Actual Loops": 1,
      "Plans": [
        {
          "Node Type": "Gather",
          "Parent Relationship": "Outer",
          "Parallel Aware": false,
          "Startup Cost": 339654.5,
          "Total Cost": 339655.11,
          "Plan Rows": 6,
          "Plan Width": 8,
          "Actual Startup Time": 797.759,
          "Actual Total Time": 851.466,
          "Actual Rows": 7,
          "Actual Loops": 1,
          "Workers Planned": 6,
          "Workers Launched": 6,
          "Single Copy": false,
          "Plans": [
            {
              "Node Type": "Aggregate",
              "Strategy": "Plain",
              "Partial Mode": "Partial",
              "Parent Relationship": "Outer",
              "Parallel Aware": false,
              "Startup Cost": 338654.5,
              "Total Cost": 338654.51,
              "Plan Rows": 1,
              "Plan Width": 8,
              "Actual Startup Time": 790.557,
              "Actual Total Time": 790.558,
              "Actual Rows": 1,
              "Actual Loops": 7,
              "Plans": [
                {
                  "Node Type": "Seq Scan",
                  "Parent Relationship": "Outer",
                  "Parallel Aware": true,
                  "Relation Name": "cast_info",
                  "Alias": "ci",
                  "Startup Cost": 0.0,
                  "Total Cost": 328211.39,
                  "Plan Rows": 4177244,
                  "Plan Width": 0,
                  "Actual Startup Time": 0.045,
                  "Actual Total Time": 623.491,
                  "Actual Rows": 3597630,
                  "Actual Loops": 7,
                  "Filter": "(person_id < 2596763)",
                  "Rows Removed by Filter": 1580133
                }
              ]
            }
          ]
        }
      ]
    },
    "Planning Time": 0.09,
    "Triggers": [],
    "Execution Time": 851.526
  }
]