[
  {
    "Plan": {
      "Node Type": "Aggregate",
      "Strategy": "Plain",
      "Partial Mode": "Finalize",
      "Parallel Aware": false,
      "Startup Cost": 339607.56,
      "Total Cost": 339607.57,
      "Plan Rows": 1,
      "Plan Width": 8,
      "Actual Startup Time": 785.185,
      "Actual Total Time": 840.334,
      "Actual Rows": 1,
      "Actual Loops": 1,
      "Plans": [
        {
          "Node Type": "Gather",
          "Parent Relationship": "Outer",
          "Parallel Aware": false,
          "Startup Cost": 339606.94,
          "Total Cost": 339607.55,
          "Plan Rows": 6,
          "Plan Width": 8,
          "Actual Startup Time": 785.08,
          "Actual Total Time": 840.325,
          "Actual Rows": 7,
          "Actual Loops": 1,
          "Workers Planned": 6,
          "Workers Launched": 6,
          "Single Copy": false,
          "Plans": [
            {
              "Node Type": "Aggregate",
              "Strategy": "Plain",
              "Partial Mode": "Partial",
              "Parent Relationship": "Outer",
              "Parallel Aware": false,
              "Startup Cost": 338606.94,
              "Total Cost": 338606.95,
              "Plan Rows": 1,
              "Plan Width": 8,
              "Actual Startup Time": 775.965,
              "Actual Total Time": 775.966,
              "Actual Rows": 1,
              "Actual Loops": 7,
              "Plans": [
                {
                  "Node Type": "Seq Scan",
                  "Parent Relationship": "Outer",
                  "Parallel Aware": true,
                  "Relation Name": "cast_info",
                  "Alias": "ci",
                  "Startup Cost": 0.0,
                  "Total Cost": 328162.03,
                  "Plan Rows": 4177965,
                  "Plan Width": 0,
                  "Actual Startup Time": 0.046,
                  "Actual Total Time": 618.68,
                  "Actual Rows": 3597630,
                  "Actual Loops": 7,
                  "Filter": "(person_id < 2596763)",
                  "Rows Removed by Filter": 1580133
                }
              ]
            }
          ]
        }
      ]
    },
    "Planning Time": 0.197,
    "Triggers": [],
    "Execution Time": 840.418
  }
]