[
  {
    "Plan": {
      "Node Type": "Aggregate",
      "Strategy": "Plain",
      "Partial Mode": "Finalize",
      "Parallel Aware": false,
      "Startup Cost": 46272.38,
      "Total Cost": 46272.39,
      "Plan Rows": 1,
      "Plan Width": 8,
      "Actual Startup Time": 150.766,
      "Actual Total Time": 160.005,
      "Actual Rows": 1,
      "Actual Loops": 1,
      "Plans": [
        {
          "Node Type": "Gather",
          "Parent Relationship": "Outer",
          "Parallel Aware": false,
          "Startup Cost": 46272.07,
          "Total Cost": 46272.38,
          "Plan Rows": 3,
          "Plan Width": 8,
          "Actual Startup Time": 150.647,
          "Actual Total Time": 159.997,
          "Actual Rows": 4,
          "Actual Loops": 1,
          "Workers Planned": 3,
          "Workers Launched": 3,
          "Single Copy": false,
          "Plans": [
            {
              "Node Type": "Aggregate",
              "Strategy": "Plain",
              "Partial Mode": "Partial",
              "Parent Relationship": "Outer",
              "Parallel Aware": false,
              "Startup Cost": 45272.07,
              "Total Cost": 45272.08,
              "Plan Rows": 1,
              "Plan Width": 8,
              "Actual Startup Time": 144.125,
              "Actual Total Time": 144.126,
              "Actual Rows": 1,
              "Actual Loops": 4,
              "Plans": [
                {
                  "Node Type": "Seq Scan",
                  "Parent Relationship": "Outer",
                  "Parallel Aware": true,
                  "Relation Name": "movie_keyword",
                  "Alias": "mk",
                  "Startup Cost": 0.0,
                  "Total Cost": 42695.65,
                  "Plan Rows": 1030565,
                  "Plan Width": 0,
                  "Actual Startup Time": 0.065,
                  "Actual Total Time": 110.792,
                  "Actual Rows": 799072,
                  "Actual Loops": 4,
                  "Filter": "(keyword_id < 13000)",
                  "Rows Removed by Filter": 331910
                }
              ]
            }
          ]
        }
      ]
    },
    "Planning Time": 0.226,
    "Triggers": [],
    "Execution Time": 160.061
  }
]