[
  {
    "Plan": {
      "Node Type": "Aggregate",
      "Strategy": "Plain",
      "Partial Mode": "Finalize",
      "Parallel Aware": false,
      "Startup Cost": 46278.47,
      "Total Cost": 46278.48,
      "Plan Rows": 1,
      "Plan Width": 8,
      "Actual Startup Time": 164.322,
      "Actual Total Time": 173.982,
      "Actual Rows": 1,
      "Actual Loops": 1,
      "Plans": [
        {
          "Node Type": "Gather",
          "Parent Relationship": "Outer",
          "Parallel Aware": false,
          "Startup Cost": 46278.16,
          "Total Cost": 46278.47,
          "Plan Rows": 3,
          "Plan Width": 8,
          "Actual Startup Time": 164.083,
          "Actual Total Time": 173.974,
          "Actual Rows": 4,
          "Actual Loops": 1,
          "Workers Planned": 3,
          "Workers Launched": 3,
          "Single Copy": false,
          "Plans": [
            {
              "Node Type": "Aggregate",
              "Strategy": "Plain",
              "Partial Mode": "Partial",
              "Parent Relationship": "Outer",
              "Parallel Aware": false,
              "Startup Cost": 45278.16,
              "Total Cost": 45278.17,
              "Plan Rows": 1,
              "Plan Width": 8,
              "Actual Startup Time": 155.57,
              "Actual Total Time": 155.571,
              "Actual Rows": 1,
              "Actual Loops": 4,
              "Plans": [
                {
                  "Node Type": "Seq Scan",
                  "Parent Relationship": "Outer",
                  "Parallel Aware": true,
                  "Relation Name": "movie_keyword",
                  "Alias": "mk",
                  "Startup Cost": 0.0,
                  "Total Cost": 42695.65,
                  "Plan Rows": 1033001,
                  "Plan Width": 0,
                  "Actual Startup Time": 0.07,
                  "Actual Total Time": 119.965,
                  "Actual Rows": 799072,
                  "Actual Loops": 4,
                  "Filter": "(keyword_id < 13000)",
                  "Rows Removed by Filter": 331910
                }
              ]
            }
          ]
        }
      ]
    },
    "Planning Time": 0.176,
    "Triggers": [],
    "Execution Time": 174.033
  }
]