{
  "Plan": {
    "Node Type": "Aggregate",
    "Strategy": "Plain",
    "Partial Mode": "Finalize",
    "Parallel Aware": false,
    "Startup Cost": 349951.63,
    "Total Cost": 349951.64,
    "Plan Rows": 1,
    "Plan Width": 8,
    "Actual Startup Time": 1314.756,
    "Actual Total Time": 1354.564,
    "Actual Rows": 1,
    "Actual Loops": 1,
    "Plans": [
      {
        "Node Type": "Gather",
        "Parent Relationship": "Outer",
        "Parallel Aware": false,
        "Startup Cost": 349951.51,
        "Total Cost": 349951.62,
        "Plan Rows": 1,
        "Plan Width": 8,
        "Actual Startup Time": 1314.576,
        "Actual Total Time": 1354.555,
        "Actual Rows": 2,
        "Actual Loops": 1,
        "Workers Planned": 1,
        "Workers Launched": 1,
        "Single Copy": false,
        "Plans": [
          {
            "Node Type": "Aggregate",
            "Strategy": "Plain",
            "Partial Mode": "Partial",
            "Parent Relationship": "Outer",
            "Parallel Aware": false,
            "Startup Cost": 348951.51,
            "Total Cost": 348951.52,
            "Plan Rows": 1,
            "Plan Width": 8,
            "Actual Startup Time": 1309.09,
            "Actual Total Time": 1309.093,
            "Actual Rows": 1,
            "Actual Loops": 2,
            "Plans": [
              {
                "Node Type": "Hash Join",
                "Parent Relationship": "Outer",
                "Parallel Aware": true,
                "Join Type": "Inner",
                "Startup Cost": 58454.46,
                "Total Cost": 348802.53,
                "Plan Rows": 59594,
                "Plan Width": 0,
                "Actual Startup Time": 135.834,
                "Actual Total Time": 1304.749,
                "Actual Rows": 87698,
                "Actual Loops": 2,
                "Inner Unique": true,
                "Hash Cond": "(mi.movie_id = t.id)",
                "Plans": [
                  {
                    "Node Type": "Seq Scan",
                    "Parent Relationship": "Outer",
                    "Parallel Aware": true,
                    "Relation Name": "movie_info",
                    "Alias": "mi",
                    "Startup Cost": 0.0,
                    "Total Cost": 270696.42,
                    "Plan Rows": 7486332,
                    "Plan Width": 4,
                    "Actual Startup Time": 0.009,
                    "Actual Total Time": 733.683,
                    "Actual Rows": 6372326,
                    "Actual Loops": 2,
                    "Filter": "(info_type_id > 2)",
                    "Rows Removed by Filter": 1045534
                  },
                  {
                    "Node Type": "Hash",
                    "Parent Relationship": "Inner",
                    "Parallel Aware": true,
                    "Startup Cost": 58306.47,
                    "Total Cost": 58306.47,
                    "Plan Rows": 11839,
                    "Plan Width": 4,
                    "Actual Startup Time": 133.874,
                    "Actual Total Time": 133.875,
                    "Actual Rows": 8678,
                    "Actual Loops": 2,
                    "Hash Buckets": 32768,
                    "Original Hash Buckets": 32768,
                    "Hash Batches": 1,
                    "Original Hash Batches": 1,
                    "Peak Memory Usage": 960,
                    "Plans": [
                      {
                        "Node Type": "Seq Scan",
                        "Parent Relationship": "Outer",
                        "Parallel Aware": true,
                        "Relation Name": "title",
                        "Alias": "t",
                        "Startup Cost": 0.0,
                        "Total Cost": 58306.47,
                        "Plan Rows": 11839,
                        "Plan Width": 4,
                        "Actual Startup Time": 0.18,
                        "Actual Total Time": 131.143,
                        "Actual Rows": 8678,
                        "Actual Loops": 2,
                        "Filter": "((kind_id < 7) AND (production_year = 2000))",
                        "Rows Removed by Filter": 1255478
                      }
                    ]
                  }
                ]
              }
            ]
          }
        ]
      }
    ]
  },
  "Planning Time": 0.454,
  "Triggers": [],
  "Execution Time": 1354.648
}