[
  {
    "Plan": {
      "Node Type": "Aggregate",
      "Strategy": "Plain",
      "Partial Mode": "Finalize",
      "Parallel Aware": false,
      "Startup Cost": 44867.59,
      "Total Cost": 44867.6,
      "Plan Rows": 1,
      "Plan Width": 8,
      "Actual Startup Time": 173.276,
      "Actual Total Time": 190.625,
      "Actual Rows": 1,
      "Actual Loops": 1,
      "Plans": [
        {
          "Node Type": "Gather",
          "Parent Relationship": "Outer",
          "Parallel Aware": false,
          "Startup Cost": 44867.27,
          "Total Cost": 44867.58,
          "Plan Rows": 3,
          "Plan Width": 8,
          "Actual Startup Time": 173.087,
          "Actual Total Time": 190.613,
          "Actual Rows": 4,
          "Actual Loops": 1,
          "Workers Planned": 3,
          "Workers Launched": 3,
          "Single Copy": false,
          "Plans": [
            {
              "Node Type": "Aggregate",
              "Strategy": "Plain",
              "Partial Mode": "Partial",
              "Parent Relationship": "Outer",
              "Parallel Aware": false,
              "Startup Cost": 43867.27,
              "Total Cost": 43867.28,
              "Plan Rows": 1,
              "Plan Width": 8,
              "Actual Startup Time": 168.615,
              "Actual Total Time": 168.617,
              "Actual Rows": 1,
              "Actual Loops": 4,
              "Plans": [
                {
                  "Node Type": "Seq Scan",
                  "Parent Relationship": "Outer",
                  "Parallel Aware": true,
                  "Relation Name": "movie_keyword",
                  "Alias": "mk",
                  "Startup Cost": 0.0,
                  "Total Cost": 42695.65,
                  "Plan Rows": 468647,
                  "Plan Width": 0,
                  "Actual Startup Time": 0.034,
                  "Actual Total Time": 144.612,
                  "Actual Rows": 362704,
                  "Actual Loops": 4,
                  "Filter": "(keyword_id < 2042)",
                  "Rows Removed by Filter": 768279
                }
              ]
            }
          ]
        }
      ]
    },
    "Planning Time": 0.131,
    "Triggers": [],
    "Execution Time": 190.674
  }
]