[
  {
    "Plan": {
      "Node Type": "Aggregate",
      "Strategy": "Plain",
      "Partial Mode": "Finalize",
      "Parallel Aware": false,
      "Startup Cost": 324781.23,
      "Total Cost": 324781.24,
      "Plan Rows": 1,
      "Plan Width": 8,
      "Actual Startup Time": 236.276,
      "Actual Total Time": 245.885,
      "Actual Rows": 1,
      "Actual Loops": 1,
      "Plans": [
        {
          "Node Type": "Gather",
          "Parent Relationship": "Outer",
          "Parallel Aware": false,
          "Startup Cost": 324780.61,
          "Total Cost": 324781.22,
          "Plan Rows": 6,
          "Plan Width": 8,
          "Actual Startup Time": 235.496,
          "Actual Total Time": 245.876,
          "Actual Rows": 7,
          "Actual Loops": 1,
          "Workers Planned": 6,
          "Workers Launched": 6,
          "Single Copy": false,
          "Plans": [
            {
              "Node Type": "Aggregate",
              "Strategy": "Plain",
              "Partial Mode": "Partial",
              "Parent Relationship": "Outer",
              "Parallel Aware": false,
              "Startup Cost": 323780.61,
              "Total Cost": 323780.62,
              "Plan Rows": 1,
              "Plan Width": 8,
              "Actual Startup Time": 224.701,
              "Actual Total Time": 224.703,
              "Actual Rows": 1,
              "Actual Loops": 7,
              "Plans": [
                {
                  "Node Type": "Bitmap Heap Scan",
                  "Parent Relationship": "Outer",
                  "Parallel Aware": true,
                  "Relation Name": "cast_info",
                  "Alias": "ci",
                  "Startup Cost": 63865.06,
                  "Total Cost": 322575.85,
                  "Plan Rows": 481903,
                  "Plan Width": 0,
                  "Actual Startup Time": 108.471,
                  "Actual Total Time": 203.474,
                  "Actual Rows": 419013,
                  "Actual Loops": 7,
                  "Recheck Cond": "(person_id < 285343)",
                  "Rows Removed by Index Recheck": 0,
                  "Exact Heap Blocks": 6698,
                  "Lossy Heap Blocks": 0,
                  "Plans": [
                    {
                      "Node Type": "Bitmap Index Scan",
                      "Parent Relationship": "Outer",
                      "Parallel Aware": false,
                      "Index Name": "person_id_cast_info",
                      "Startup Cost": 0.0,
                      "Total Cost": 63142.21,
                      "Plan Rows": 2891419,
                      "Plan Width": 0,
                      "Actual Startup Time": 113.101,
                      "Actual Total Time": 113.101,
                      "Actual Rows": 2933091,
                      "Actual Loops": 1,
                      "Index Cond": "(person_id < 285343)"
                    }
                  ]
                }
              ]
            }
          ]
        }
      ]
    },
    "Planning Time": 0.197,
    "Triggers": [],
    "Execution Time": 245.971
  }
]