[
  {
    "Plan": {
      "Node Type": "Aggregate",
      "Strategy": "Plain",
      "Partial Mode": "Finalize",
      "Parallel Aware": false,
      "Startup Cost": 46706.46,
      "Total Cost": 46706.47,
      "Plan Rows": 1,
      "Plan Width": 8,
      "Actual Startup Time": 91.315,
      "Actual Total Time": 102.903,
      "Actual Rows": 1,
      "Actual Loops": 1,
      "Plans": [
        {
          "Node Type": "Gather",
          "Parent Relationship": "Outer",
          "Parallel Aware": false,
          "Startup Cost": 46706.04,
          "Total Cost": 46706.45,
          "Plan Rows": 4,
          "Plan Width": 8,
          "Actual Startup Time": 91.137,
          "Actual Total Time": 102.891,
          "Actual Rows": 5,
          "Actual Loops": 1,
          "Workers Planned": 4,
          "Workers Launched": 4,
          "Single Copy": false,
          "Plans": [
            {
              "Node Type": "Aggregate",
              "Strategy": "Plain",
              "Partial Mode": "Partial",
              "Parent Relationship": "Outer",
              "Parallel Aware": false,
              "Startup Cost": 45706.04,
              "Total Cost": 45706.05,
              "Plan Rows": 1,
              "Plan Width": 8,
              "Actual Startup Time": 85.702,
              "Actual Total Time": 85.703,
              "Actual Rows": 1,
              "Actual Loops": 5,
              "Plans": [
                {
                  "Node Type": "Seq Scan",
                  "Parent Relationship": "Outer",
                  "Parallel Aware": true,
                  "Relation Name": "title",
                  "Alias": "t",
                  "Startup Cost": 0.0,
                  "Total Cost": 45479.59,
                  "Plan Rows": 90582,
                  "Plan Width": 0,
                  "Actual Startup Time": 39.316,
                  "Actual Total Time": 83.063,
                  "Actual Rows": 54803,
                  "Actual Loops": 5,
                  "Filter": "((production_year > 2000) AND (kind_id = 1))",
                  "Rows Removed by Filter": 450859
                }
              ]
            }
          ]
        }
      ]
    },
    "Planning Time": 0.068,
    "Triggers": [],
    "Execution Time": 102.933
  }
]