{
  "Plan": {
    "Node Type": "Aggregate",
    "Strategy": "Plain",
    "Partial Mode": "Simple",
    "Parallel Aware": false,
    "Startup Cost": 40062.25,
    "Total Cost": 40062.26,
    "Plan Rows": 1,
    "Plan Width": 96,
    "Actual Startup Time": 205.319,
    "Actual Total Time": 233.434,
    "Actual Rows": 1,
    "Actual Loops": 1,
    "Plans": [
      {
        "Node Type": "Gather",
        "Parent Relationship": "Outer",
        "Parallel Aware": false,
        "Startup Cost": 1008.74,
        "Total Cost": 40062.24,
        "Plan Rows": 1,
        "Plan Width": 66,
        "Actual Startup Time": 1.605,
        "Actual Total Time": 225.189,
        "Actual Rows": 67853,
        "Actual Loops": 1,
        "Workers Planned": 1,
        "Workers Launched": 1,
        "Single Copy": false,
        "Plans": [
          {
            "Node Type": "Hash Join",
            "Parent Relationship": "Outer",
            "Parallel Aware": false,
            "Join Type": "Inner",
            "Startup Cost": 8.73,
            "Total Cost": 39062.14,
            "Plan Rows": 1,
            "Plan Width": 66,
            "Actual Startup Time": 1.454,
            "Actual Total Time": 187.926,
            "Actual Rows": 33926,
            "Actual Loops": 2,
            "Inner Unique": true,
            "Hash Cond": "(mi.info_type_id = it2.id)",
            "Plans": [
              {
                "Node Type": "Nested Loop",
                "Parent Relationship": "Outer",
                "Parallel Aware": false,
                "Join Type": "Inner",
                "Startup Cost": 6.31,
                "Total Cost": 39059.64,
                "Plan Rows": 31,
                "Plan Width": 70,
                "Actual Startup Time": 0.999,
                "Actual Total Time": 174.262,
                "Actual Rows": 163310,
                "Actual Loops": 2,
                "Inner Unique": false,
                "Join Filter": "(miidx.movie_id = mi.movie_id)",
                "Rows Removed by Join Filter": 0,
                "Plans": [
                  {
                    "Node Type": "Hash Join",
                    "Parent Relationship": "Outer",
                    "Parallel Aware": false,
                    "Join Type": "Inner",
                    "Startup Cost": 5.87,
                    "Total Cost": 39049.95,
                    "Plan Rows": 5,
                    "Plan Width": 35,
                    "Actual Startup Time": 0.837,
                    "Actual Total Time": 65.765,
                    "Actual Rows": 1479,
                    "Actual Loops": 2,
                    "Inner Unique": true,
                    "Hash Cond": "(t.kind_id = kt.id)",
                    "Plans": [
                      {
                        "Node Type": "Nested Loop",
                        "Parent Relationship": "Outer",
                        "Parallel Aware": false,
                        "Join Type": "Inner",
                        "Startup Cost": 4.77,
                        "Total Cost": 39048.68,
                        "Plan Rows": 39,
                        "Plan Width": 39,
                        "Actual Startup Time": 0.751,
                        "Actual Total Time": 65.109,
                        "Actual Rows": 1862,
                        "Actual Loops": 2,
                        "Inner Unique": true,
                        "Join Filter": "(miidx.movie_id = t.id)",
                        "Rows Removed by Join Filter": 0,
                        "Plans": [
                          {
                            "Node Type": "Hash Join",
                            "Parent Relationship": "Outer",
                            "Parallel Aware": false,
                            "Join Type": "Inner",
                            "Startup Cost": 4.34,
                            "Total Cost": 39028.05,
                            "Plan Rows": 39,
                            "Plan Width": 14,
                            "Actual Startup Time": 0.657,
                            "Actual Total Time": 49.214,
                            "Actual Rows": 1862,
                            "Actual Loops": 2,
                            "Inner Unique": true,
                            "Hash Cond": "(miidx.info_type_id = it.id)",
                            "Plans": [
                              {
                                "Node Type": "Nested Loop",
                                "Parent Relationship": "Outer",
                                "Parallel Aware": false,
                                "Join Type": "Inner",
                                "Startup Cost": 1.92,
                                "Total Cost": 39013.76,
                                "Plan Rows": 4357,
                                "Plan Width": 18,
                                "Actual Startup Time": 0.574,
                                "Actual Total Time": 48.31,
                                "Actual Rows": 5616,
                                "Actual Loops": 2,
                                "Inner Unique": false,
                                "Plans": [
                                  {
                                    "Node Type": "Hash Join",
                                    "Parent Relationship": "Outer",
                                    "Parallel Aware": false,
                                    "Join Type": "Inner",
                                    "Startup Cost": 1.49,
                                    "Total Cost": 38211.38,
                                    "Plan Rows": 1509,
                                    "Plan Width": 4,
                                    "Actual Startup Time": 0.281,
                                    "Actual Total Time": 29.864,
                                    "Actual Rows": 2938,
                                    "Actual Loops": 2,
                                    "Inner Unique": true,
                                    "Hash Cond": "(mc.company_type_id = ct.id)",
                                    "Plans": [
                                      {
                                        "Node Type": "Nested Loop",
                                        "Parent Relationship": "Outer",
                                        "Parallel Aware": false,
                                        "Join Type": "Inner",
                                        "Startup Cost": 0.43,
                                        "Total Cost": 38177.68,
                                        "Plan Rows": 6035,
                                        "Plan Width": 8,
                                        "Actual Startup Time": 0.206,
                                        "Actual Total Time": 28.796,
                                        "Actual Rows": 6743,
                                        "Actual Loops": 2,
                                        "Inner Unique": false,
                                        "Plans": [
                                          {
                                            "Node Type": "Seq Scan",
                                            "Parent Relationship": "Outer",
                                            "Parallel Aware": true,
                                            "Relation Name": "company_name",
                                            "Alias": "cn",
                                            "Startup Cost": 0.0,
                                            "Total Cost": 4722.92,
                                            "Plan Rows": 544,
                                            "Plan Width": 4,
                                            "Actual Startup Time": 0.07,
                                            "Actual Total Time": 11.581,
                                            "Actual Rows": 466,
                                            "Actual Loops": 2,
                                            "Filter": "((country_code)::text = '[pt]'::text)",
                                            "Rows Removed by Filter": 117032
                                          },
                                          {
                                            "Node Type": "Index Scan",
                                            "Parent Relationship": "Inner",
                                            "Parallel Aware": false,
                                            "Scan Direction": "Forward",
                                            "Index Name": "company_id_movie_companies",
                                            "Relation Name": "movie_companies",
                                            "Alias": "mc",
                                            "Startup Cost": 0.43,
                                            "Total Cost": 60.19,
                                            "Plan Rows": 131,
                                            "Plan Width": 12,
                                            "Actual Startup Time": 0.012,
                                            "Actual Total Time": 0.035,
                                            "Actual Rows": 14,
                                            "Actual Loops": 932,
                                            "Index Cond": "(company_id = cn.id)",
                                            "Rows Removed by Index Recheck": 0
                                          }
                                        ]
                                      },
                                      {
                                        "Node Type": "Hash",
                                        "Parent Relationship": "Inner",
                                        "Parallel Aware": false,
                                        "Startup Cost": 1.05,
                                        "Total Cost": 1.05,
                                        "Plan Rows": 1,
                                        "Plan Width": 4,
                                        "Actual Startup Time": 0.048,
                                        "Actual Total Time": 0.049,
                                        "Actual Rows": 1,
                                        "Actual Loops": 2,
                                        "Hash Buckets": 1024,
                                        "Original Hash Buckets": 1024,
                                        "Hash Batches": 1,
                                        "Original Hash Batches": 1,
                                        "Peak Memory Usage": 9,
                                        "Plans": [
                                          {
                                            "Node Type": "Seq Scan",
                                            "Parent Relationship": "Outer",
                                            "Parallel Aware": false,
                                            "Relation Name": "company_type",
                                            "Alias": "ct",
                                            "Startup Cost": 0.0,
                                            "Total Cost": 1.05,
                                            "Plan Rows": 1,
                                            "Plan Width": 4,
                                            "Actual Startup Time": 0.039,
                                            "Actual Total Time": 0.042,
                                            "Actual Rows": 1,
                                            "Actual Loops": 2,
                                            "Filter": "((kind)::text = 'distributors'::text)",
                                            "Rows Removed by Filter": 3
                                          }
                                        ]
                                      }
                                    ]
                                  },
                                  {
                                    "Node Type": "Index Scan",
                                    "Parent Relationship": "Inner",
                                    "Parallel Aware": false,
                                    "Scan Direction": "Forward",
                                    "Index Name": "movie_id_movie_info_idx",
                                    "Relation Name": "movie_info_idx",
                                    "Alias": "miidx",
                                    "Startup Cost": 0.43,
                                    "Total Cost": 0.5,
                                    "Plan Rows": 3,
                                    "Plan Width": 14,
                                    "Actual Startup Time": 0.005,
                                    "Actual Total Time": 0.006,
                                    "Actual Rows": 2,
                                    "Actual Loops": 5877,
                                    "Index Cond": "(movie_id = mc.movie_id)",
                                    "Rows Removed by Index Recheck": 0
                                  }
                                ]
                              },
                              {
                                "Node Type": "Hash",
                                "Parent Relationship": "Inner",
                                "Parallel Aware": false,
                                "Startup Cost": 2.41,
                                "Total Cost": 2.41,
                                "Plan Rows": 1,
                                "Plan Width": 4,
                                "Actual Startup Time": 0.055,
                                "Actual Total Time": 0.056,
                                "Actual Rows": 1,
                                "Actual Loops": 2,
                                "Hash Buckets": 1024,
                                "Original Hash Buckets": 1024,
                                "Hash Batches": 1,
                                "Original Hash Batches": 1,
                                "Peak Memory Usage": 9,
                                "Plans": [
                                  {
                                    "Node Type": "Seq Scan",
                                    "Parent Relationship": "Outer",
                                    "Parallel Aware": false,
                                    "Relation Name": "info_type",
                                    "Alias": "it",
                                    "Startup Cost": 0.0,
                                    "Total Cost": 2.41,
                                    "Plan Rows": 1,
                                    "Plan Width": 4,
                                    "Actual Startup Time": 0.029,
                                    "Actual Total Time": 0.034,
                                    "Actual Rows": 1,
                                    "Actual Loops": 2,
                                    "Filter": "((info)::text = 'rating'::text)",
                                    "Rows Removed by Filter": 112
                                  }
                                ]
                              }
                            ]
                          },
                          {
                            "Node Type": "Index Scan",
                            "Parent Relationship": "Inner",
                            "Parallel Aware": false,
                            "Scan Direction": "Forward",
                            "Index Name": "title_pkey",
                            "Relation Name": "title",
                            "Alias": "t",
                            "Startup Cost": 0.43,
                            "Total Cost": 0.52,
                            "Plan Rows": 1,
                            "Plan Width": 25,
                            "Actual Startup Time": 0.008,
                            "Actual Total Time": 0.008,
                            "Actual Rows": 1,
                            "Actual Loops": 3724,
                            "Index Cond": "(id = mc.movie_id)",
                            "Rows Removed by Index Recheck": 0
                          }
                        ]
                      },
                      {
                        "Node Type": "Hash",
                        "Parent Relationship": "Inner",
                        "Parallel Aware": false,
                        "Startup Cost": 1.09,
                        "Total Cost": 1.09,
                        "Plan Rows": 1,
                        "Plan Width": 4,
                        "Actual Startup Time": 0.044,
                        "Actual Total Time": 0.046,
                        "Actual Rows": 1,
                        "Actual Loops": 2,
                        "Hash Buckets": 1024,
                        "Original Hash Buckets": 1024,
                        "Hash Batches": 1,
                        "Original Hash Batches": 1,
                        "Peak Memory Usage": 9,
                        "Plans": [
                          {
                            "Node Type": "Seq Scan",
                            "Parent Relationship": "Outer",
                            "Parallel Aware": false,
                            "Relation Name": "kind_type",
                            "Alias": "kt",
                            "Startup Cost": 0.0,
                            "Total Cost": 1.09,
                            "Plan Rows": 1,
                            "Plan Width": 4,
                            "Actual Startup Time": 0.03,
                            "Actual Total Time": 0.034,
                            "Actual Rows": 1,
                            "Actual Loops": 2,
                            "Filter": "((kind)::text = 'movie'::text)",
                            "Rows Removed by Filter": 6
                          }
                        ]
                      }
                    ]
                  },
                  {
                    "Node Type": "Index Scan",
                    "Parent Relationship": "Inner",
                    "Parallel Aware": false,
                    "Scan Direction": "Forward",
                    "Index Name": "movie_id_movie_info",
                    "Relation Name": "movie_info",
                    "Alias": "mi",
                    "Startup Cost": 0.43,
                    "Total Cost": 1.45,
                    "Plan Rows": 39,
                    "Plan Width": 51,
                    "Actual Startup Time": 0.01,
                    "Actual Total Time": 0.059,
                    "Actual Rows": 110,
                    "Actual Loops": 2958,
                    "Index Cond": "(movie_id = mc.movie_id)",
                    "Rows Removed by Index Recheck": 0
                  }
                ]
              },
              {
                "Node Type": "Hash",
                "Parent Relationship": "Inner",
                "Parallel Aware": false,
                "Startup Cost": 2.41,
                "Total Cost": 2.41,
                "Plan Rows": 1,
                "Plan Width": 4,
                "Actual Startup Time": 0.076,
                "Actual Total Time": 0.077,
                "Actual Rows": 1,
                "Actual Loops": 2,
                "Hash Buckets": 1024,
                "Original Hash Buckets": 1024,
                "Hash Batches": 1,
                "Original Hash Batches": 1,
                "Peak Memory Usage": 9,
                "Plans": [
                  {
                    "Node Type": "Seq Scan",
                    "Parent Relationship": "Outer",
                    "Parallel Aware": false,
                    "Relation Name": "info_type",
                    "Alias": "it2",
                    "Startup Cost": 0.0,
                    "Total Cost": 2.41,
                    "Plan Rows": 1,
                    "Plan Width": 4,
                    "Actual Startup Time": 0.04,
                    "Actual Total Time": 0.059,
                    "Actual Rows": 1,
                    "Actual Loops": 2,
                    "Filter": "((info)::text = 'release dates'::text)",
                    "Rows Removed by Filter": 112
                  }
                ]
              }
            ]
          }
        ]
      }
    ]
  },
  "Planning Time": 2.615,
  "Triggers": [],
  "Execution Time": 233.617
}