{
  "Plan": {
    "Node Type": "Aggregate",
    "Strategy": "Plain",
    "Partial Mode": "Finalize",
    "Parallel Aware": false,
    "Startup Cost": 105306.6,
    "Total Cost": 105306.61,
    "Plan Rows": 1,
    "Plan Width": 8,
    "Actual Startup Time": 428.759,
    "Actual Total Time": 460.765,
    "Actual Rows": 1,
    "Actual Loops": 1,
    "Plans": [
      {
        "Node Type": "Gather",
        "Parent Relationship": "Outer",
        "Parallel Aware": false,
        "Startup Cost": 105306.49,
        "Total Cost": 105306.6,
        "Plan Rows": 1,
        "Plan Width": 8,
        "Actual Startup Time": 428.741,
        "Actual Total Time": 460.758,
        "Actual Rows": 2,
        "Actual Loops": 1,
        "Workers Planned": 1,
        "Workers Launched": 1,
        "Single Copy": false,
        "Plans": [
          {
            "Node Type": "Aggregate",
            "Strategy": "Plain",
            "Partial Mode": "Partial",
            "Parent Relationship": "Outer",
            "Parallel Aware": false,
            "Startup Cost": 104306.49,
            "Total Cost": 104306.5,
            "Plan Rows": 1,
            "Plan Width": 8,
            "Actual Startup Time": 424.39,
            "Actual Total Time": 424.393,
            "Actual Rows": 1,
            "Actual Loops": 2,
            "Plans": [
              {
                "Node Type": "Nested Loop",
                "Parent Relationship": "Outer",
                "Parallel Aware": false,
                "Join Type": "Inner",
                "Startup Cost": 54916.01,
                "Total Cost": 104198.94,
                "Plan Rows": 43019,
                "Plan Width": 0,
                "Actual Startup Time": 151.19,
                "Actual Total Time": 417.79,
                "Actual Rows": 136471,
                "Actual Loops": 2,
                "Inner Unique": false,
                "Join Filter": "(t.id = mi.movie_id)",
                "Rows Removed by Join Filter": 0,
                "Plans": [
                  {
                    "Node Type": "Hash Join",
                    "Parent Relationship": "Outer",
                    "Parallel Aware": true,
                    "Join Type": "Inner",
                    "Startup Cost": 54915.58,
                    "Total Cost": 73099.37,
                    "Plan Rows": 14288,
                    "Plan Width": 8,
                    "Actual Startup Time": 151.121,
                    "Actual Total Time": 261.522,
                    "Actual Rows": 14393,
                    "Actual Loops": 2,
                    "Inner Unique": true,
                    "Hash Cond": "(mi_idx.movie_id = t.id)",
                    "Plans": [
                      {
                        "Node Type": "Seq Scan",
                        "Parent Relationship": "Outer",
                        "Parallel Aware": true,
                        "Relation Name": "movie_info_idx",
                        "Alias": "mi_idx",
                        "Startup Cost": 0.0,
                        "Total Cost": 16052.85,
                        "Plan Rows": 811785,
                        "Plan Width": 4,
                        "Actual Startup Time": 0.018,
                        "Actual Total Time": 48.207,
                        "Actual Rows": 690018,
                        "Actual Loops": 2
                      },
                      {
                        "Node Type": "Hash",
                        "Parent Relationship": "Inner",
                        "Parallel Aware": true,
                        "Startup Cost": 54588.39,
                        "Total Cost": 54588.39,
                        "Plan Rows": 26175,
                        "Plan Width": 4,
                        "Actual Startup Time": 149.76,
                        "Actual Total Time": 149.761,
                        "Actual Rows": 23292,
                        "Actual Loops": 2,
                        "Hash Buckets": 65536,
                        "Original Hash Buckets": 65536,
                        "Hash Batches": 1,
                        "Original Hash Batches": 1,
                        "Peak Memory Usage": 2368,
                        "Plans": [
                          {
                            "Node Type": "Seq Scan",
                            "Parent Relationship": "Outer",
                            "Parallel Aware": true,
                            "Relation Name": "title",
                            "Alias": "t",
                            "Startup Cost": 0.0,
                            "Total Cost": 54588.39,
                            "Plan Rows": 26175,
                            "Plan Width": 4,
                            "Actual Startup Time": 0.034,
                            "Actual Total Time": 140.938,
                            "Actual Rows": 23292,
                            "Actual Loops": 2,
                            "Filter": "(production_year = 1998)",
                            "Rows Removed by Filter": 1240864
                          }
                        ]
                      }
                    ]
                  },
                  {
                    "Node Type": "Index Scan",
                    "Parent Relationship": "Inner",
                    "Parallel Aware": false,
                    "Scan Direction": "Forward",
                    "Index Name": "movie_id_movie_info",
                    "Relation Name": "movie_info",
                    "Alias": "mi",
                    "Startup Cost": 0.43,
                    "Total Cost": 1.9,
                    "Plan Rows": 22,
                    "Plan Width": 4,
                    "Actual Startup Time": 0.005,
                    "Actual Total Time": 0.01,
                    "Actual Rows": 9,
                    "Actual Loops": 28786,
                    "Index Cond": "(movie_id = mi_idx.movie_id)",
                    "Rows Removed by Index Recheck": 0,
                    "Filter": "(info_type_id > 7)",
                    "Rows Removed by Filter": 6
                  }
                ]
              }
            ]
          }
        ]
      }
    ]
  },
  "Planning Time": 0.998,
  "Triggers": [],
  "Execution Time": 460.859
}