[
  {
    "Plan": {
      "Node Type": "Aggregate",
      "Strategy": "Plain",
      "Partial Mode": "Finalize",
      "Parallel Aware": false,
      "Startup Cost": 32975.11,
      "Total Cost": 32975.12,
      "Plan Rows": 1,
      "Plan Width": 8,
      "Actual Startup Time": 203.431,
      "Actual Total Time": 245.574,
      "Actual Rows": 1,
      "Actual Loops": 1,
      "Plans": [
        {
          "Node Type": "Gather",
          "Parent Relationship": "Outer",
          "Parallel Aware": false,
          "Startup Cost": 32974.89,
          "Total Cost": 32975.1,
          "Plan Rows": 2,
          "Plan Width": 8,
          "Actual Startup Time": 203.196,
          "Actual Total Time": 245.564,
          "Actual Rows": 3,
          "Actual Loops": 1,
          "Workers Planned": 2,
          "Workers Launched": 2,
          "Single Copy": false,
          "Plans": [
            {
              "Node Type": "Aggregate",
              "Strategy": "Plain",
              "Partial Mode": "Partial",
              "Parent Relationship": "Outer",
              "Parallel Aware": false,
              "Startup Cost": 31974.89,
              "Total Cost": 31974.9,
              "Plan Rows": 1,
              "Plan Width": 8,
              "Actual Startup Time": 194.986,
              "Actual Total Time": 194.988,
              "Actual Rows": 1,
              "Actual Loops": 3,
              "Plans": [
                {
                  "Node Type": "Nested Loop",
                  "Parent Relationship": "Outer",
                  "Parallel Aware": false,
                  "Join Type": "Inner",
                  "Startup Cost": 107.99,
                  "Total Cost": 31934.22,
                  "Plan Rows": 16270,
                  "Plan Width": 0,
                  "Actual Startup Time": 2.122,
                  "Actual Total Time": 192.326,
                  "Actual Rows": 36853,
                  "Actual Loops": 3,
                  "Inner Unique": false,
                  "Plans": [
                    {
                      "Node Type": "Nested Loop",
                      "Parent Relationship": "Outer",
                      "Parallel Aware": false,
                      "Join Type": "Inner",
                      "Startup Cost": 107.43,
                      "Total Cost": 27558.95,
                      "Plan Rows": 2073,
                      "Plan Width": 8,
                      "Actual Startup Time": 1.926,
                      "Actual Total Time": 18.127,
                      "Actual Rows": 1142,
                      "Actual Loops": 3,
                      "Inner Unique": true,
                      "Plans": [
                        {
                          "Node Type": "Bitmap Heap Scan",
                          "Parent Relationship": "Outer",
                          "Parallel Aware": true,
                          "Relation Name": "movie_keyword",
                          "Alias": "mk",
                          "Startup Cost": 107.0,
                          "Total Cost": 12376.91,
                          "Plan Rows": 2073,
                          "Plan Width": 4,
                          "Actual Startup Time": 1.758,
                          "Actual Total Time": 6.47,
                          "Actual Rows": 1142,
                          "Actual Loops": 3,
                          "Recheck Cond": "(keyword_id = 562)",
                          "Rows Removed by Index Recheck": 0,
                          "Exact Heap Blocks": 2030,
                          "Lossy Heap Blocks": 0,
                          "Plans": [
                            {
                              "Node Type": "Bitmap Index Scan",
                              "Parent Relationship": "Outer",
                              "Parallel Aware": false,
                              "Index Name": "keyword_id_movie_keyword",
                              "Startup Cost": 0.0,
                              "Total Cost": 105.75,
                              "Plan Rows": 4976,
                              "Plan Width": 0,
                              "Actual Startup Time": 3.312,
                              "Actual Total Time": 3.313,
                              "Actual Rows": 3426,
                              "Actual Loops": 1,
                              "Index Cond": "(keyword_id = 562)"
                            }
                          ]
                        },
                        {
                          "Node Type": "Index Only Scan",
                          "Parent Relationship": "Inner",
                          "Parallel Aware": false,
                          "Scan Direction": "Forward",
                          "Index Name": "title_pkey",
                          "Relation Name": "title",
                          "Alias": "t",
                          "Startup Cost": 0.43,
                          "Total Cost": 7.32,
                          "Plan Rows": 1,
                          "Plan Width": 4,
                          "Actual Startup Time": 0.01,
                          "Actual Total Time": 0.01,
                          "Actual Rows": 1,
                          "Actual Loops": 3426,
                          "Index Cond": "(id = mk.movie_id)",
                          "Rows Removed by Index Recheck": 0,
                          "Heap Fetches": 3426
                        }
                      ]
                    },
                    {
                      "Node Type": "Index Scan",
                      "Parent Relationship": "Inner",
                      "Parallel Aware": false,
                      "Scan Direction": "Forward",
                      "Index Name": "movie_id_cast_info",
                      "Relation Name": "cast_info",
                      "Alias": "ci",
                      "Startup Cost": 0.56,
                      "Total Cost": 1.91,
                      "Plan Rows": 20,
                      "Plan Width": 4,
                      "Actual Startup Time": 0.012,
                      "Actual Total Time": 0.149,
                      "Actual Rows": 32,
                      "Actual Loops": 3426,
                      "Index Cond": "(movie_id = t.id)",
                      "Rows Removed by Index Recheck": 0,
                      "Filter": "(role_id < 3)",
                      "Rows Removed by Filter": 25
                    }
                  ]
                }
              ]
            }
          ]
        }
      ]
    },
    "Planning Time": 1.378,
    "Triggers": [],
    "Execution Time": 245.692
  }
]