[
  {
    "Plan": {
      "Node Type": "Aggregate",
      "Strategy": "Plain",
      "Partial Mode": "Finalize",
      "Parallel Aware": false,
      "Startup Cost": 349260.93,
      "Total Cost": 349260.94,
      "Plan Rows": 1,
      "Plan Width": 8,
      "Actual Startup Time": 762.077,
      "Actual Total Time": 803.437,
      "Actual Rows": 1,
      "Actual Loops": 1,
      "Plans": [
        {
          "Node Type": "Gather",
          "Parent Relationship": "Outer",
          "Parallel Aware": false,
          "Startup Cost": 349260.3,
          "Total Cost": 349260.91,
          "Plan Rows": 6,
          "Plan Width": 8,
          "Actual Startup Time": 761.905,
          "Actual Total Time": 803.428,
          "Actual Rows": 7,
          "Actual Loops": 1,
          "Workers Planned": 6,
          "Workers Launched": 6,
          "Single Copy": false,
          "Plans": [
            {
              "Node Type": "Aggregate",
              "Strategy": "Plain",
              "Partial Mode": "Partial",
              "Parent Relationship": "Outer",
              "Parallel Aware": false,
              "Startup Cost": 348260.3,
              "Total Cost": 348260.32,
              "Plan Rows": 1,
              "Plan Width": 8,
              "Actual Startup Time": 754.146,
              "Actual Total Time": 754.147,
              "Actual Rows": 1,
              "Actual Loops": 7,
              "Plans": [
                {
                  "Node Type": "Seq Scan",
                  "Parent Relationship": "Outer",
                  "Parallel Aware": true,
                  "Relation Name": "cast_info",
                  "Alias": "ci",
                  "Startup Cost": 0.0,
                  "Total Cost": 343316.27,
                  "Plan Rows": 1977614,
                  "Plan Width": 0,
                  "Actual Startup Time": 216.482,
                  "Actual Total Time": 640.665,
                  "Actual Rows": 2584071,
                  "Actual Loops": 7,
                  "Filter": "((person_id > 1802336) AND (role_id > 1))",
                  "Rows Removed by Filter": 2593693
                }
              ]
            }
          ]
        }
      ]
    },
    "Planning Time": 0.176,
    "Triggers": [],
    "Execution Time": 803.493
  }
]