{
    "Plan": {
        "Node Type": "Aggregate",
        "Strategy": "Plain",
        "Partial Mode": "Simple",
        "Parallel Aware": false,
        "Startup Cost": 20000404765.62,
        "Total Cost": 20000404765.63,
        "Plan Rows": 1,
        "Plan Width": 8,
        "Actual Startup Time": 3157.126,
        "Actual Total Time": 3157.13,
        "Actual Rows": 1,
        "Actual Loops": 1,
        "Output": [
            "count(*)"
        ],
        "Plans": [
            {
                "Node Type": "Hash Join",
                "Parent Relationship": "Outer",
                "Parallel Aware": false,
                "Join Type": "Inner",
                "Startup Cost": 20000213502.47,
                "Total Cost": 20000404502.16,
                "Plan Rows": 105381,
                "Plan Width": 0,
                "Actual Startup Time": 2092.707,
                "Actual Total Time": 3131.451,
                "Actual Rows": 508208,
                "Actual Loops": 1,
                "Inner Unique": false,
                "Hash Cond": "(t.id = mc.movie_id)",
                "Plans": [
                    {
                        "Node Type": "Hash Join",
                        "Parent Relationship": "Outer",
                        "Parallel Aware": false,
                        "Join Type": "Inner",
                        "Startup Cost": 10000040038.43,
                        "Total Cost": 10000229090.79,
                        "Plan Rows": 102117,
                        "Plan Width": 8,
                        "Actual Startup Time": 407.649,
                        "Actual Total Time": 1385.759,
                        "Actual Rows": 114805,
                        "Actual Loops": 1,
                        "Output": [
                            "t.id",
                            "mk.movie_id"
                        ],
                        "Inner Unique": true,
                        "Hash Cond": "(mk.movie_id = t.id)",
                        "Plans": [
                            {
                                "Node Type": "Index Scan",
                                "Parent Relationship": "Outer",
                                "Parallel Aware": false,
                                "Scan Direction": "Forward",
                                "Index Name": "movie_id_movie_keyword",
                                "Relation Name": "movie_keyword",
                                "Schema": "public",
                                "Alias": "mk",
                                "Startup Cost": 10000000000.43,
                                "Total Cost": 10000177177.46,
                                "Plan Rows": 4523930,
                                "Plan Width": 4,
                                "Actual Startup Time": 0.034,
                                "Actual Total Time": 763.743,
                                "Actual Rows": 4523930,
                                "Actual Loops": 1,
                                "Output": [
                                    "mk.id",
                                    "mk.movie_id",
                                    "mk.keyword_id"
                                ]
                            },
                            {
                                "Node Type": "Hash",
                                "Parent Relationship": "Inner",
                                "Parallel Aware": false,
                                "Startup Cost": 39324.61,
                                "Total Cost": 39324.61,
                                "Plan Rows": 57071,
                                "Plan Width": 4,
                                "Actual Startup Time": 127.468,
                                "Actual Total Time": 127.47,
                                "Actual Rows": 46559,
                                "Actual Loops": 1,
                                "Output": [
                                    "t.id"
                                ],
                                "Hash Buckets": 65536,
                                "Original Hash Buckets": 65536,
                                "Hash Batches": 1,
                                "Original Hash Batches": 1,
                                "Peak Memory Usage": 2149,
                                "Plans": [
                                    {
                                        "Node Type": "Bitmap Heap Scan",
                                        "Parent Relationship": "Outer",
                                        "Parallel Aware": false,
                                        "Relation Name": "title",
                                        "Schema": "public",
                                        "Alias": "t",
                                        "Startup Cost": 1814.67,
                                        "Total Cost": 39324.61,
                                        "Plan Rows": 57071,
                                        "Plan Width": 4,
                                        "Actual Startup Time": 17.373,
                                        "Actual Total Time": 112.289,
                                        "Actual Rows": 46559,
                                        "Actual Loops": 1,
                                        "Output": [
                                            "t.id"
                                        ],
                                        "Recheck Cond": "(t.kind_id = 3)",
                                        "Rows Removed by Index Recheck": 0,
                                        "Filter": "(t.production_year > 1999)",
                                        "Rows Removed by Filter": 53978,
                                        "Exact Heap Blocks": 12707,
                                        "Lossy Heap Blocks": 0,
                                        "Plans": [
                                            {
                                                "Node Type": "Bitmap Index Scan",
                                                "Parent Relationship": "Outer",
                                                "Parallel Aware": false,
                                                "Index Name": "kind_id_title",
                                                "Startup Cost": 0.0,
                                                "Total Cost": 1800.4,
                                                "Plan Rows": 100796,
                                                "Plan Width": 0,
                                                "Actual Startup Time": 14.325,
                                                "Actual Total Time": 14.325,
                                                "Actual Rows": 100537,
                                                "Actual Loops": 1,
                                                "Index Cond": "(t.kind_id = 3)"
                                            }
                                        ]
                                    }
                                ]
                            }
                        ]
                    },
                    {
                        "Node Type": "Hash",
                        "Parent Relationship": "Inner",
                        "Parallel Aware": false,
                        "Startup Cost": 10000140849.93,
                        "Total Cost": 10000140849.93,
                        "Plan Rows": 2609129,
                        "Plan Width": 4,
                        "Actual Startup Time": 1657.677,
                        "Actual Total Time": 1657.677,
                        "Actual Rows": 2609129,
                        "Actual Loops": 1,
                        "Output": [
                            "mc.movie_id"
                        ],
                        "Hash Buckets": 4194304,
                        "Original Hash Buckets": 4194304,
                        "Hash Batches": 1,
                        "Original Hash Batches": 1,
                        "Peak Memory Usage": 124496,
                        "Plans": [
                            {
                                "Node Type": "Index Scan",
                                "Parent Relationship": "Outer",
                                "Parallel Aware": false,
                                "Scan Direction": "Forward",
                                "Index Name": "movie_id_movie_companies",
                                "Relation Name": "movie_companies",
                                "Schema": "public",
                                "Alias": "mc",
                                "Startup Cost": 10000000000.43,
                                "Total Cost": 10000140849.93,
                                "Plan Rows": 2609129,
                                "Plan Width": 4,
                                "Actual Startup Time": 0.044,
                                "Actual Total Time": 984.966,
                                "Actual Rows": 2609129,
                                "Actual Loops": 1,
                                "Output": [
                                    "mc.movie_id"
                                ]
                            }
                        ]
                    }
                ]
            }
        ]
    },
    "Planning Time": 3.677,
    "Triggers": [],
    "Execution Time": 3160.006
}