[
  {
    "Plan": {
      "Node Type": "Aggregate",
      "Strategy": "Plain",
      "Partial Mode": "Finalize",
      "Parallel Aware": false,
      "Startup Cost": 388225.11,
      "Total Cost": 388225.12,
      "Plan Rows": 1,
      "Plan Width": 8,
      "Actual Startup Time": 1414.952,
      "Actual Total Time": 1470.635,
      "Actual Rows": 1,
      "Actual Loops": 1,
      "Plans": [
        {
          "Node Type": "Gather",
          "Parent Relationship": "Outer",
          "Parallel Aware": false,
          "Startup Cost": 388224.48,
          "Total Cost": 388225.09,
          "Plan Rows": 6,
          "Plan Width": 8,
          "Actual Startup Time": 1411.468,
          "Actual Total Time": 1470.616,
          "Actual Rows": 7,
          "Actual Loops": 1,
          "Workers Planned": 6,
          "Workers Launched": 6,
          "Single Copy": false,
          "Plans": [
            {
              "Node Type": "Aggregate",
              "Strategy": "Plain",
              "Partial Mode": "Partial",
              "Parent Relationship": "Outer",
              "Parallel Aware": false,
              "Startup Cost": 387224.48,
              "Total Cost": 387224.49,
              "Plan Rows": 1,
              "Plan Width": 8,
              "Actual Startup Time": 1402.754,
              "Actual Total Time": 1402.757,
              "Actual Rows": 1,
              "Actual Loops": 7,
              "Plans": [
                {
                  "Node Type": "Hash Join",
                  "Parent Relationship": "Outer",
                  "Parallel Aware": true,
                  "Join Type": "Inner",
                  "Startup Cost": 47145.14,
                  "Total Cost": 385240.27,
                  "Plan Rows": 793686,
                  "Plan Width": 0,
                  "Actual Startup Time": 267.202,
                  "Actual Total Time": 1370.229,
                  "Actual Rows": 626006,
                  "Actual Loops": 7,
                  "Inner Unique": true,
                  "Hash Cond": "(ci.movie_id = t.id)",
                  "Plans": [
                    {
                      "Node Type": "Seq Scan",
                      "Parent Relationship": "Outer",
                      "Parallel Aware": true,
                      "Relation Name": "cast_info",
                      "Alias": "ci",
                      "Startup Cost": 0.0,
                      "Total Cost": 328211.39,
                      "Plan Rows": 3765230,
                      "Plan Width": 4,
                      "Actual Startup Time": 155.175,
                      "Actual Total Time": 647.006,
                      "Actual Rows": 3204571,
                      "Actual Loops": 7,
                      "Filter": "(person_id > 1359869)",
                      "Rows Removed by Filter": 1973192
                    },
                    {
                      "Node Type": "Hash",
                      "Parent Relationship": "Inner",
                      "Parallel Aware": true,
                      "Startup Cost": 45479.59,
                      "Total Cost": 45479.59,
                      "Plan Rows": 133244,
                      "Plan Width": 4,
                      "Actual Startup Time": 109.782,
                      "Actual Total Time": 109.783,
                      "Actual Rows": 58299,
                      "Actual Loops": 7,
                      "Hash Buckets": 1048576,
                      "Original Hash Buckets": 1048576,
                      "Hash Batches": 1,
                      "Original Hash Batches": 1,
                      "Peak Memory Usage": 24288,
                      "Plans": [
                        {
                          "Node Type": "Seq Scan",
                          "Parent Relationship": "Outer",
                          "Parallel Aware": true,
                          "Relation Name": "title",
                          "Alias": "t",
                          "Startup Cost": 0.0,
                          "Total Cost": 45479.59,
                          "Plan Rows": 133244,
                          "Plan Width": 4,
                          "Actual Startup Time": 0.042,
                          "Actual Total Time": 79.892,
                          "Actual Rows": 58299,
                          "Actual Loops": 7,
                          "Filter": "((kind_id < 3) AND (production_year > 1989))",
                          "Rows Removed by Filter": 302888
                        }
                      ]
                    }
                  ]
                }
              ]
            }
          ]
        }
      ]
    },
    "Planning Time": 0.256,
    "Triggers": [],
    "Execution Time": 1470.687
  }
]