[
  {
    "Plan": {
      "Node Type": "Aggregate",
      "Strategy": "Plain",
      "Partial Mode": "Finalize",
      "Parallel Aware": false,
      "Startup Cost": 125535.2,
      "Total Cost": 125535.21,
      "Plan Rows": 1,
      "Plan Width": 8,
      "Actual Startup Time": 461.878,
      "Actual Total Time": 484.668,
      "Actual Rows": 1,
      "Actual Loops": 1,
      "Plans": [
        {
          "Node Type": "Gather",
          "Parent Relationship": "Outer",
          "Parallel Aware": false,
          "Startup Cost": 125534.88,
          "Total Cost": 125535.19,
          "Plan Rows": 3,
          "Plan Width": 8,
          "Actual Startup Time": 460.407,
          "Actual Total Time": 484.657,
          "Actual Rows": 4,
          "Actual Loops": 1,
          "Workers Planned": 3,
          "Workers Launched": 3,
          "Single Copy": false,
          "Plans": [
            {
              "Node Type": "Aggregate",
              "Strategy": "Plain",
              "Partial Mode": "Partial",
              "Parent Relationship": "Outer",
              "Parallel Aware": false,
              "Startup Cost": 124534.88,
              "Total Cost": 124534.89,
              "Plan Rows": 1,
              "Plan Width": 8,
              "Actual Startup Time": 451.447,
              "Actual Total Time": 451.563,
              "Actual Rows": 1,
              "Actual Loops": 4,
              "Plans": [
                {
                  "Node Type": "Hash Join",
                  "Parent Relationship": "Outer",
                  "Parallel Aware": true,
                  "Join Type": "Inner",
                  "Startup Cost": 79184.84,
                  "Total Cost": 124119.77,
                  "Plan Rows": 166043,
                  "Plan Width": 0,
                  "Actual Startup Time": 266.692,
                  "Actual Total Time": 445.651,
                  "Actual Rows": 150677,
                  "Actual Loops": 4,
                  "Inner Unique": false,
                  "Hash Cond": "(mk.movie_id = t.id)",
                  "Plans": [
                    {
                      "Node Type": "Seq Scan",
                      "Parent Relationship": "Outer",
                      "Parallel Aware": true,
                      "Relation Name": "movie_keyword",
                      "Alias": "mk",
                      "Startup Cost": 0.0,
                      "Total Cost": 39047.32,
                      "Plan Rows": 1459332,
                      "Plan Width": 4,
                      "Actual Startup Time": 0.028,
                      "Actual Total Time": 84.206,
                      "Actual Rows": 1130982,
                      "Actual Loops": 4
                    },
                    {
                      "Node Type": "Hash",
                      "Parent Relationship": "Inner",
                      "Parallel Aware": true,
                      "Startup Cost": 78285.87,
                      "Total Cost": 78285.87,
                      "Plan Rows": 71918,
                      "Plan Width": 8,
                      "Actual Startup Time": 263.131,
                      "Actual Total Time": 263.245,
                      "Actual Rows": 36517,
                      "Actual Loops": 4,
                      "Hash Buckets": 524288,
                      "Original Hash Buckets": 524288,
                      "Hash Batches": 1,
                      "Original Hash Batches": 1,
                      "Peak Memory Usage": 9888,
                      "Plans": [
                        {
                          "Node Type": "Hash Join",
                          "Parent Relationship": "Outer",
                          "Parallel Aware": true,
                          "Join Type": "Inner",
                          "Startup Cost": 32574.78,
                          "Total Cost": 78285.87,
                          "Plan Rows": 71918,
                          "Plan Width": 8,
                          "Actual Startup Time": 92.812,
                          "Actual Total Time": 250.337,
                          "Actual Rows": 36517,
                          "Actual Loops": 4,
                          "Inner Unique": false,
                          "Hash Cond": "(t.id = mc.movie_id)",
                          "Plans": [
                            {
                              "Node Type": "Seq Scan",
                              "Parent Relationship": "Outer",
                              "Parallel Aware": true,
                              "Relation Name": "title",
                              "Alias": "t",
                              "Startup Cost": 0.0,
                              "Total Cost": 42318.73,
                              "Plan Rows": 632073,
                              "Plan Width": 4,
                              "Actual Startup Time": 0.012,
                              "Actual Total Time": 72.395,
                              "Actual Rows": 632078,
                              "Actual Loops": 4
                            },
                            {
                              "Node Type": "Hash",
                              "Parent Relationship": "Inner",
                              "Parallel Aware": true,
                              "Startup Cost": 31414.82,
                              "Total Cost": 31414.82,
                              "Plan Rows": 92797,
                              "Plan Width": 4,
                              "Actual Startup Time": 90.917,
                              "Actual Total Time": 90.918,
                              "Actual Rows": 36517,
                              "Actual Loops": 4,
                              "Hash Buckets": 524288,
                              "Original Hash Buckets": 524288,
                              "Hash Batches": 1,
                              "Original Hash Batches": 1,
                              "Peak Memory Usage": 9888,
                              "Plans": [
                                {
                                  "Node Type": "Seq Scan",
                                  "Parent Relationship": "Outer",
                                  "Parallel Aware": true,
                                  "Relation Name": "movie_companies",
                                  "Alias": "mc",
                                  "Startup Cost": 0.0,
                                  "Total Cost": 31414.82,
                                  "Plan Rows": 92797,
                                  "Plan Width": 4,
                                  "Actual Startup Time": 48.067,
                                  "Actual Total Time": 75.736,
                                  "Actual Rows": 36517,
                                  "Actual Loops": 4,
                                  "Filter": "((company_id < 596) AND (company_type_id = 2))",
                                  "Rows Removed by Filter": 615765
                                }
                              ]
                            }
                          ]
                        }
                      ]
                    }
                  ]
                }
              ]
            }
          ]
        }
      ]
    },
    "Planning Time": 1.413,
    "Triggers": [],
    "Execution Time": 484.748
  }
]