[
  {
    "Plan": {
      "Node Type": "Aggregate",
      "Strategy": "Plain",
      "Partial Mode": "Finalize",
      "Parallel Aware": false,
      "Startup Cost": 547601.46,
      "Total Cost": 547601.47,
      "Plan Rows": 1,
      "Plan Width": 64,
      "Actual Startup Time": 3595.243,
      "Actual Total Time": 3743.915,
      "Actual Rows": 1,
      "Actual Loops": 1,
      "Plans": [
        {
          "Node Type": "Gather",
          "Parent Relationship": "Outer",
          "Parallel Aware": false,
          "Startup Cost": 547601.14,
          "Total Cost": 547601.45,
          "Plan Rows": 3,
          "Plan Width": 64,
          "Actual Startup Time": 3591.848,
          "Actual Total Time": 3743.897,
          "Actual Rows": 4,
          "Actual Loops": 1,
          "Workers Planned": 3,
          "Workers Launched": 3,
          "Single Copy": false,
          "Plans": [
            {
              "Node Type": "Aggregate",
              "Strategy": "Plain",
              "Partial Mode": "Partial",
              "Parent Relationship": "Outer",
              "Parallel Aware": false,
              "Startup Cost": 546601.14,
              "Total Cost": 546601.15,
              "Plan Rows": 1,
              "Plan Width": 64,
              "Actual Startup Time": 3580.965,
              "Actual Total Time": 3581.163,
              "Actual Rows": 1,
              "Actual Loops": 4,
              "Plans": [
                {
                  "Node Type": "Hash Join",
                  "Parent Relationship": "Outer",
                  "Parallel Aware": true,
                  "Join Type": "Inner",
                  "Startup Cost": 531206.27,
                  "Total Cost": 546600.2,
                  "Plan Rows": 187,
                  "Plan Width": 33,
                  "Actual Startup Time": 3490.0,
                  "Actual Total Time": 3576.13,
                  "Actual Rows": 48564,
                  "Actual Loops": 4,
                  "Inner Unique": false,
                  "Hash Cond": "(an.person_id = n.id)",
                  "Plans": [
                    {
                      "Node Type": "Seq Scan",
                      "Parent Relationship": "Outer",
                      "Parallel Aware": true,
                      "Relation Name": "aka_name",
                      "Alias": "an",
                      "Startup Cost": 0.0,
                      "Total Cost": 14303.56,
                      "Plan Rows": 290756,
                      "Plan Width": 20,
                      "Actual Startup Time": 0.02,
                      "Actual Total Time": 42.067,
                      "Actual Rows": 225336,
                      "Actual Loops": 4
                    },
                    {
                      "Node Type": "Hash",
                      "Parent Relationship": "Inner",
                      "Parallel Aware": true,
                      "Startup Cost": 531205.5,
                      "Total Cost": 531205.5,
                      "Plan Rows": 62,
                      "Plan Width": 25,
                      "Actual Startup Time": 3488.455,
                      "Actual Total Time": 3488.652,
                      "Actual Rows": 35465,
                      "Actual Loops": 4,
                      "Hash Buckets": 262144,
                      "Original Hash Buckets": 1024,
                      "Hash Batches": 1,
                      "Original Hash Batches": 1,
                      "Peak Memory Usage": 13400,
                      "Plans": [
                        {
                          "Node Type": "Hash Join",
                          "Parent Relationship": "Outer",
                          "Parallel Aware": true,
                          "Join Type": "Inner",
                          "Startup Cost": 461267.55,
                          "Total Cost": 531205.5,
                          "Plan Rows": 62,
                          "Plan Width": 25,
                          "Actual Startup Time": 3042.953,
                          "Actual Total Time": 3436.566,
                          "Actual Rows": 35465,
                          "Actual Loops": 4,
                          "Inner Unique": false,
                          "Hash Cond": "(n.id = ci.person_id)",
                          "Plans": [
                            {
                              "Node Type": "Seq Scan",
                              "Parent Relationship": "Outer",
                              "Parallel Aware": true,
                              "Relation Name": "name",
                              "Alias": "n",
                              "Startup Cost": 0.0,
                              "Total Cost": 66031.07,
                              "Plan Rows": 1041807,
                              "Plan Width": 4,
                              "Actual Startup Time": 0.021,
                              "Actual Total Time": 200.939,
                              "Actual Rows": 1041873,
                              "Actual Loops": 4
                            },
                            {
                              "Node Type": "Hash",
                              "Parent Relationship": "Inner",
                              "Parallel Aware": true,
                              "Startup Cost": 461267.04,
                              "Total Cost": 461267.04,
                              "Plan Rows": 41,
                              "Plan Width": 21,
                              "Actual Startup Time": 3042.641,
                              "Actual Total Time": 3042.835,
                              "Actual Rows": 35465,
                              "Actual Loops": 4,
                              "Hash Buckets": 262144,
                              "Original Hash Buckets": 1024,
                              "Hash Batches": 1,
                              "Original Hash Batches": 1,
                              "Peak Memory Usage": 12856,
                              "Plans": [
                                {
                                  "Node Type": "Hash Join",
                                  "Parent Relationship": "Outer",
                                  "Parallel Aware": true,
                                  "Join Type": "Inner",
                                  "Startup Cost": 125555.16,
                                  "Total Cost": 461267.04,
                                  "Plan Rows": 41,
                                  "Plan Width": 21,
                                  "Actual Startup Time": 655.944,
                                  "Actual Total Time": 2863.639,
                                  "Actual Rows": 35465,
                                  "Actual Loops": 4,
                                  "Inner Unique": false,
                                  "Hash Cond": "(ci.movie_id = t.id)",
                                  "Plans": [
                                    {
                                      "Node Type": "Seq Scan",
                                      "Parent Relationship": "Outer",
                                      "Parallel Aware": true,
                                      "Relation Name": "cast_info",
                                      "Alias": "ci",
                                      "Startup Cost": 0.0,
                                      "Total Cost": 313068.58,
                                      "Plan Rows": 6038158,
                                      "Plan Width": 8,
                                      "Actual Startup Time": 0.018,
                                      "Actual Total Time": 1167.169,
                                      "Actual Rows": 9061086,
                                      "Actual Loops": 4
                                    },
                                    {
                                      "Node Type": "Hash",
                                      "Parent Relationship": "Inner",
                                      "Parallel Aware": true,
                                      "Startup Cost": 125555.04,
                                      "Total Cost": 125555.04,
                                      "Plan Rows": 9,
                                      "Plan Width": 29,
                                      "Actual Startup Time": 655.568,
                                      "Actual Total Time": 655.758,
                                      "Actual Rows": 1186,
                                      "Actual Loops": 4,
                                      "Hash Buckets": 8192,
                                      "Original Hash Buckets": 1024,
                                      "Hash Batches": 1,
                                      "Original Hash Batches": 1,
                                      "Peak Memory Usage": 536,
                                      "Plans": [
                                        {
                                          "Node Type": "Hash Join",
                                          "Parent Relationship": "Outer",
                                          "Parallel Aware": true,
                                          "Join Type": "Inner",
                                          "Startup Cost": 120330.72,
                                          "Total Cost": 125555.04,
                                          "Plan Rows": 9,
                                          "Plan Width": 29,
                                          "Actual Startup Time": 636.161,
                                          "Actual Total Time": 649.435,
                                          "Actual Rows": 1186,
                                          "Actual Loops": 4,
                                          "Inner Unique": false,
                                          "Hash Cond": "(cn.id = mc.company_id)",
                                          "Plans": [
                                            {
                                              "Node Type": "Seq Scan",
                                              "Parent Relationship": "Outer",
                                              "Parallel Aware": true,
                                              "Relation Name": "company_name",
                                              "Alias": "cn",
                                              "Startup Cost": 0.0,
                                              "Total Cost": 4722.92,
                                              "Plan Rows": 50137,
                                              "Plan Width": 4,
                                              "Actual Startup Time": 0.017,
                                              "Actual Total Time": 10.441,
                                              "Actual Rows": 21211,
                                              "Actual Loops": 4,
                                              "Filter": "((country_code)::text = '[us]'::text)",
                                              "Rows Removed by Filter": 37538
                                            },
                                            {
                                              "Node Type": "Hash",
                                              "Parent Relationship": "Inner",
                                              "Parallel Aware": true,
                                              "Startup Cost": 120330.55,
                                              "Total Cost": 120330.55,
                                              "Plan Rows": 14,
                                              "Plan Width": 33,
                                              "Actual Startup Time": 635.877,
                                              "Actual Total Time": 636.065,
                                              "Actual Rows": 1721,
                                              "Actual Loops": 4,
                                              "Hash Buckets": 8192,
                                              "Original Hash Buckets": 1024,
                                              "Hash Batches": 1,
                                              "Original Hash Batches": 1,
                                              "Peak Memory Usage": 664,
                                              "Plans": [
                                                {
                                                  "Node Type": "Hash Join",
                                                  "Parent Relationship": "Outer",
                                                  "Parallel Aware": true,
                                                  "Join Type": "Inner",
                                                  "Startup Cost": 89967.79,
                                                  "Total Cost": 120330.55,
                                                  "Plan Rows": 14,
                                                  "Plan Width": 33,
                                                  "Actual Startup Time": 475.089,
                                                  "Actual Total Time": 614.96,
                                                  "Actual Rows": 1721,
                                                  "Actual Loops": 4,
                                                  "Inner Unique": false,
                                                  "Hash Cond": "(mc.movie_id = t.id)",
                                                  "Plans": [
                                                    {
                                                      "Node Type": "Seq Scan",
                                                      "Parent Relationship": "Outer",
                                                      "Parallel Aware": true,
                                                      "Relation Name": "movie_companies",
                                                      "Alias": "mc",
                                                      "Startup Cost": 0.0,
                                                      "Total Cost": 27206.55,
                                                      "Plan Rows": 841655,
                                                      "Plan Width": 8,
                                                      "Actual Startup Time": 0.021,
                                                      "Actual Total Time": 72.926,
                                                      "Actual Rows": 652282,
                                                      "Actual Loops": 4
                                                    },
                                                    {
                                                      "Node Type": "Hash",
                                                      "Parent Relationship": "Inner",
                                                      "Parallel Aware": true,
                                                      "Startup Cost": 89967.76,
                                                      "Total Cost": 89967.76,
                                                      "Plan Rows": 2,
                                                      "Plan Width": 25,
                                                      "Actual Startup Time": 474.623,
                                                      "Actual Total Time": 474.808,
                                                      "Actual Rows": 1020,
                                                      "Actual Loops": 4,
                                                      "Hash Buckets": 4096,
                                                      "Original Hash Buckets": 1024,
                                                      "Hash Batches": 1,
                                                      "Original Hash Batches": 1,
                                                      "Peak Memory Usage": 408,
                                                      "Plans": [
                                                        {
                                                          "Node Type": "Hash Join",
                                                          "Parent Relationship": "Outer",
                                                          "Parallel Aware": true,
                                                          "Join Type": "Inner",
                                                          "Startup Cost": 45504.47,
                                                          "Total Cost": 89967.76,
                                                          "Plan Rows": 2,
                                                          "Plan Width": 25,
                                                          "Actual Startup Time": 283.497,
                                                          "Actual Total Time": 447.437,
                                                          "Actual Rows": 1020,
                                                          "Actual Loops": 4,
                                                          "Inner Unique": false,
                                                          "Hash Cond": "(t.id = mk.movie_id)",
                                                          "Plans": [
                                                            {
                                                              "Node Type": "Seq Scan",
                                                              "Parent Relationship": "Outer",
                                                              "Parallel Aware": true,
                                                              "Relation Name": "title",
                                                              "Alias": "t",
                                                              "Startup Cost": 0.0,
                                                              "Total Cost": 43898.62,
                                                              "Plan Rows": 150579,
                                                              "Plan Width": 21,
                                                              "Actual Startup Time": 0.04,
                                                              "Actual Total Time": 138.689,
                                                              "Actual Rows": 152241,
                                                              "Actual Loops": 4,
                                                              "Filter": "(episode_nr < 14)",
                                                              "Rows Removed by Filter": 479837
                                                            },
                                                            {
                                                              "Node Type": "Hash",
                                                              "Parent Relationship": "Inner",
                                                              "Parallel Aware": true,
                                                              "Startup Cost": 45504.33,
                                                              "Total Cost": 45504.33,
                                                              "Plan Rows": 11,
                                                              "Plan Width": 4,
                                                              "Actual Startup Time": 283.035,
                                                              "Actual Total Time": 283.04,
                                                              "Actual Rows": 10460,
                                                              "Actual Loops": 4,
                                                              "Hash Buckets": 65536,
                                                              "Original Hash Buckets": 1024,
                                                              "Hash Batches": 1,
                                                              "Original Hash Batches": 1,
                                                              "Peak Memory Usage": 2744,
                                                              "Plans": [
                                                                {
                                                                  "Node Type": "Hash Join",
                                                                  "Parent Relationship": "Outer",
                                                                  "Parallel Aware": false,
                                                                  "Join Type": "Inner",
                                                                  "Startup Cost": 2626.14,
                                                                  "Total Cost": 45504.33,
                                                                  "Plan Rows": 11,
                                                                  "Plan Width": 4,
                                                                  "Actual Startup Time": 26.896,
                                                                  "Actual Total Time": 251.148,
                                                                  "Actual Rows": 10460,
                                                                  "Actual Loops": 4,
                                                                  "Inner Unique": true,
                                                                  "Hash Cond": "(mk.keyword_id = k.id)",
                                                                  "Plans": [
                                                                    {
                                                                      "Node Type": "Seq Scan",
                                                                      "Parent Relationship": "Outer",
                                                                      "Parallel Aware": true,
                                                                      "Relation Name": "movie_keyword",
                                                                      "Alias": "mk",
                                                                      "Startup Cost": 0.0,
                                                                      "Total Cost": 39047.32,
                                                                      "Plan Rows": 1459332,
                                                                      "Plan Width": 8,
                                                                      "Actual Startup Time": 0.062,
                                                                      "Actual Total Time": 133.176,
                                                                      "Actual Rows": 1130982,
                                                                      "Actual Loops": 4
                                                                    },
                                                                    {
                                                                      "Node Type": "Hash",
                                                                      "Parent Relationship": "Inner",
                                                                      "Parallel Aware": false,
                                                                      "Startup Cost": 2626.12,
                                                                      "Total Cost": 2626.12,
                                                                      "Plan Rows": 1,
                                                                      "Plan Width": 4,
                                                                      "Actual Startup Time": 26.748,
                                                                      "Actual Total Time": 26.749,
                                                                      "Actual Rows": 1,
                                                                      "Actual Loops": 4,
                                                                      "Hash Buckets": 1024,
                                                                      "Original Hash Buckets": 1024,
                                                                      "Hash Batches": 1,
                                                                      "Original Hash Batches": 1,
                                                                      "Peak Memory Usage": 9,
                                                                      "Plans": [
                                                                        {
                                                                          "Node Type": "Seq Scan",
                                                                          "Parent Relationship": "Outer",
                                                                          "Parallel Aware": false,
                                                                          "Relation Name": "keyword",
                                                                          "Alias": "k",
                                                                          "Startup Cost": 0.0,
                                                                          "Total Cost": 2626.12,
                                                                          "Plan Rows": 1,
                                                                          "Plan Width": 4,
                                                                          "Actual Startup Time": 2.254,
                                                                          "Actual Total Time": 26.727,
                                                                          "Actual Rows": 1,
                                                                          "Actual Loops": 4,
                                                                          "Filter": "(keyword = 'character-name-in-title'::text)",
                                                                          "Rows Removed by Filter": 134169
                                                                        }
                                                                      ]
                                                                    }
                                                                  ]
                                                                }
                                                              ]
                                                            }
                                                          ]
                                                        }
                                                      ]
                                                    }
                                                  ]
                                                }
                                              ]
                                            }
                                          ]
                                        }
                                      ]
                                    }
                                  ]
                                }
                              ]
                            }
                          ]
                        }
                      ]
                    }
                  ]
                }
              ]
            }
          ]
        }
      ]
    },
    "Planning Time": 18.678,
    "Triggers": [],
    "Execution Time": 3744.36
  }
]