[
  {
    "Plan": {
      "Node Type": "Aggregate",
      "Strategy": "Plain",
      "Partial Mode": "Finalize",
      "Parallel Aware": false,
      "Startup Cost": 44310.63,
      "Total Cost": 44310.64,
      "Plan Rows": 1,
      "Plan Width": 8,
      "Actual Startup Time": 121.569,
      "Actual Total Time": 130.243,
      "Actual Rows": 1,
      "Actual Loops": 1,
      "Plans": [
        {
          "Node Type": "Gather",
          "Parent Relationship": "Outer",
          "Parallel Aware": false,
          "Startup Cost": 44310.31,
          "Total Cost": 44310.62,
          "Plan Rows": 3,
          "Plan Width": 8,
          "Actual Startup Time": 121.416,
          "Actual Total Time": 130.23,
          "Actual Rows": 4,
          "Actual Loops": 1,
          "Workers Planned": 3,
          "Workers Launched": 3,
          "Single Copy": false,
          "Plans": [
            {
              "Node Type": "Aggregate",
              "Strategy": "Plain",
              "Partial Mode": "Partial",
              "Parent Relationship": "Outer",
              "Parallel Aware": false,
              "Startup Cost": 43310.31,
              "Total Cost": 43310.32,
              "Plan Rows": 1,
              "Plan Width": 8,
              "Actual Startup Time": 115.847,
              "Actual Total Time": 115.848,
              "Actual Rows": 1,
              "Actual Loops": 4,
              "Plans": [
                {
                  "Node Type": "Seq Scan",
                  "Parent Relationship": "Outer",
                  "Parallel Aware": true,
                  "Relation Name": "movie_keyword",
                  "Alias": "mk",
                  "Startup Cost": 0.0,
                  "Total Cost": 42695.65,
                  "Plan Rows": 245862,
                  "Plan Width": 0,
                  "Actual Startup Time": 3.923,
                  "Actual Total Time": 106.241,
                  "Actual Rows": 189000,
                  "Actual Loops": 4,
                  "Filter": "(keyword_id > 24746)",
                  "Rows Removed by Filter": 941983
                }
              ]
            }
          ]
        }
      ]
    },
    "Planning Time": 0.197,
    "Triggers": [],
    "Execution Time": 130.299
  }
]