[
  {
    "Plan": {
      "Node Type": "Aggregate",
      "Strategy": "Plain",
      "Partial Mode": "Finalize",
      "Parallel Aware": false,
      "Startup Cost": 336945.58,
      "Total Cost": 336945.59,
      "Plan Rows": 1,
      "Plan Width": 8,
      "Actual Startup Time": 711.026,
      "Actual Total Time": 767.486,
      "Actual Rows": 1,
      "Actual Loops": 1,
      "Plans": [
        {
          "Node Type": "Gather",
          "Parent Relationship": "Outer",
          "Parallel Aware": false,
          "Startup Cost": 336944.95,
          "Total Cost": 336945.56,
          "Plan Rows": 6,
          "Plan Width": 8,
          "Actual Startup Time": 710.886,
          "Actual Total Time": 767.476,
          "Actual Rows": 7,
          "Actual Loops": 1,
          "Workers Planned": 6,
          "Workers Launched": 6,
          "Single Copy": false,
          "Plans": [
            {
              "Node Type": "Aggregate",
              "Strategy": "Plain",
              "Partial Mode": "Partial",
              "Parent Relationship": "Outer",
              "Parallel Aware": false,
              "Startup Cost": 335944.95,
              "Total Cost": 335944.96,
              "Plan Rows": 1,
              "Plan Width": 8,
              "Actual Startup Time": 701.964,
              "Actual Total Time": 701.966,
              "Actual Rows": 1,
              "Actual Loops": 7,
              "Plans": [
                {
                  "Node Type": "Seq Scan",
                  "Parent Relationship": "Outer",
                  "Parallel Aware": true,
                  "Relation Name": "cast_info",
                  "Alias": "ci",
                  "Startup Cost": 0.0,
                  "Total Cost": 328162.03,
                  "Plan Rows": 3113170,
                  "Plan Width": 0,
                  "Actual Startup Time": 186.702,
                  "Actual Total Time": 586.113,
                  "Actual Rows": 2663314,
                  "Actual Loops": 7,
                  "Filter": "(person_id > 1741845)",
                  "Rows Removed by Filter": 2514450
                }
              ]
            }
          ]
        }
      ]
    },
    "Planning Time": 0.191,
    "Triggers": [],
    "Execution Time": 767.556
  }
]