{
  "Plan": {
    "Node Type": "Aggregate",
    "Strategy": "Plain",
    "Partial Mode": "Finalize",
    "Parallel Aware": false,
    "Startup Cost": 388516.6,
    "Total Cost": 388516.61,
    "Plan Rows": 1,
    "Plan Width": 8,
    "Actual Startup Time": 3123.238,
    "Actual Total Time": 3172.194,
    "Actual Rows": 1,
    "Actual Loops": 1,
    "Plans": [
      {
        "Node Type": "Gather",
        "Parent Relationship": "Outer",
        "Parallel Aware": false,
        "Startup Cost": 388516.48,
        "Total Cost": 388516.59,
        "Plan Rows": 1,
        "Plan Width": 8,
        "Actual Startup Time": 3121.237,
        "Actual Total Time": 3172.182,
        "Actual Rows": 2,
        "Actual Loops": 1,
        "Workers Planned": 1,
        "Workers Launched": 1,
        "Single Copy": false,
        "Plans": [
          {
            "Node Type": "Aggregate",
            "Strategy": "Plain",
            "Partial Mode": "Partial",
            "Parent Relationship": "Outer",
            "Parallel Aware": false,
            "Startup Cost": 387516.48,
            "Total Cost": 387516.49,
            "Plan Rows": 1,
            "Plan Width": 8,
            "Actual Startup Time": 3115.118,
            "Actual Total Time": 3115.565,
            "Actual Rows": 1,
            "Actual Loops": 2,
            "Plans": [
              {
                "Node Type": "Hash Join",
                "Parent Relationship": "Outer",
                "Parallel Aware": true,
                "Join Type": "Inner",
                "Startup Cost": 98875.57,
                "Total Cost": 385406.65,
                "Plan Rows": 843932,
                "Plan Width": 0,
                "Actual Startup Time": 479.745,
                "Actual Total Time": 2771.514,
                "Actual Rows": 8799049,
                "Actual Loops": 2,
                "Inner Unique": false,
                "Hash Cond": "(mi.movie_id = t.id)",
                "Plans": [
                  {
                    "Node Type": "Seq Scan",
                    "Parent Relationship": "Outer",
                    "Parallel Aware": true,
                    "Relation Name": "movie_info",
                    "Alias": "mi",
                    "Startup Cost": 0.0,
                    "Total Cost": 248955.74,
                    "Plan Rows": 8696274,
                    "Plan Width": 4,
                    "Actual Startup Time": 0.018,
                    "Actual Total Time": 656.055,
                    "Actual Rows": 7417860,
                    "Actual Loops": 2
                  },
                  {
                    "Node Type": "Hash",
                    "Parent Relationship": "Inner",
                    "Parallel Aware": true,
                    "Startup Cost": 97071.46,
                    "Total Cost": 97071.46,
                    "Plan Rows": 144329,
                    "Plan Width": 8,
                    "Actual Startup Time": 449.692,
                    "Actual Total Time": 450.137,
                    "Actual Rows": 210436,
                    "Actual Loops": 2,
                    "Hash Buckets": 524288,
                    "Original Hash Buckets": 262144,
                    "Hash Batches": 1,
                    "Original Hash Batches": 1,
                    "Peak Memory Usage": 22656,
                    "Plans": [
                      {
                        "Node Type": "Hash Join",
                        "Parent Relationship": "Outer",
                        "Parallel Aware": true,
                        "Join Type": "Inner",
                        "Startup Cost": 56651.57,
                        "Total Cost": 97071.46,
                        "Plan Rows": 144329,
                        "Plan Width": 8,
                        "Actual Startup Time": 162.769,
                        "Actual Total Time": 401.157,
                        "Actual Rows": 210436,
                        "Actual Loops": 2,
                        "Inner Unique": true,
                        "Hash Cond": "(mc.movie_id = t.id)",
                        "Plans": [
                          {
                            "Node Type": "Seq Scan",
                            "Parent Relationship": "Outer",
                            "Parallel Aware": true,
                            "Relation Name": "movie_companies",
                            "Alias": "mc",
                            "Startup Cost": 0.0,
                            "Total Cost": 37974.77,
                            "Plan Rows": 931472,
                            "Plan Width": 4,
                            "Actual Startup Time": 5.303,
                            "Actual Total Time": 127.122,
                            "Actual Rows": 791844,
                            "Actual Loops": 2,
                            "Filter": "(company_id > 5509)",
                            "Rows Removed by Filter": 512720
                          },
                          {
                            "Node Type": "Hash",
                            "Parent Relationship": "Inner",
                            "Parallel Aware": true,
                            "Startup Cost": 53771.05,
                            "Total Cost": 53771.05,
                            "Plan Rows": 230442,
                            "Plan Width": 4,
                            "Actual Startup Time": 140.176,
                            "Actual Total Time": 140.178,
                            "Actual Rows": 144846,
                            "Actual Loops": 2,
                            "Hash Buckets": 524288,
                            "Original Hash Buckets": 524288,
                            "Hash Batches": 1,
                            "Original Hash Batches": 1,
                            "Peak Memory Usage": 15456,
                            "Plans": [
                              {
                                "Node Type": "Bitmap Heap Scan",
                                "Parent Relationship": "Outer",
                                "Parallel Aware": true,
                                "Relation Name": "title",
                                "Alias": "t",
                                "Startup Cost": 11920.79,
                                "Total Cost": 53771.05,
                                "Plan Rows": 230442,
                                "Plan Width": 4,
                                "Actual Startup Time": 39.752,
                                "Actual Total Time": 107.657,
                                "Actual Rows": 144846,
                                "Actual Loops": 2,
                                "Recheck Cond": "(kind_id = 1)",
                                "Rows Removed by Index Recheck": 0,
                                "Filter": "(production_year > 1998)",
                                "Rows Removed by Filter": 186566,
                                "Exact Heap Blocks": 8222,
                                "Lossy Heap Blocks": 0,
                                "Plans": [
                                  {
                                    "Node Type": "Bitmap Index Scan",
                                    "Parent Relationship": "Outer",
                                    "Parallel Aware": false,
                                    "Index Name": "kind_id_title",
                                    "Startup Cost": 0.0,
                                    "Total Cost": 11822.85,
                                    "Plan Rows": 663256,
                                    "Plan Width": 0,
                                    "Actual Startup Time": 37.814,
                                    "Actual Total Time": 37.815,
                                    "Actual Rows": 662825,
                                    "Actual Loops": 1,
                                    "Index Cond": "(kind_id = 1)"
                                  }
                                ]
                              }
                            ]
                          }
                        ]
                      }
                    ]
                  }
                ]
              }
            ]
          }
        ]
      }
    ]
  },
  "Planning Time": 1.002,
  "Triggers": [],
  "Execution Time": 3172.308
}