{
  "Plan": {
    "Node Type": "Aggregate",
    "Strategy": "Plain",
    "Partial Mode": "Finalize",
    "Parallel Aware": false,
    "Startup Cost": 88943.28,
    "Total Cost": 88943.29,
    "Plan Rows": 1,
    "Plan Width": 8,
    "Actual Startup Time": 383.004,
    "Actual Total Time": 395.316,
    "Actual Rows": 1,
    "Actual Loops": 1,
    "Plans": [
      {
        "Node Type": "Gather",
        "Parent Relationship": "Outer",
        "Parallel Aware": false,
        "Startup Cost": 88943.16,
        "Total Cost": 88943.27,
        "Plan Rows": 1,
        "Plan Width": 8,
        "Actual Startup Time": 382.364,
        "Actual Total Time": 395.307,
        "Actual Rows": 2,
        "Actual Loops": 1,
        "Workers Planned": 1,
        "Workers Launched": 1,
        "Single Copy": false,
        "Plans": [
          {
            "Node Type": "Aggregate",
            "Strategy": "Plain",
            "Partial Mode": "Partial",
            "Parent Relationship": "Outer",
            "Parallel Aware": false,
            "Startup Cost": 87943.16,
            "Total Cost": 87943.17,
            "Plan Rows": 1,
            "Plan Width": 8,
            "Actual Startup Time": 379.889,
            "Actual Total Time": 380.042,
            "Actual Rows": 1,
            "Actual Loops": 2,
            "Plans": [
              {
                "Node Type": "Hash Join",
                "Parent Relationship": "Outer",
                "Parallel Aware": true,
                "Join Type": "Inner",
                "Startup Cost": 27178.62,
                "Total Cost": 87764.5,
                "Plan Rows": 71464,
                "Plan Width": 0,
                "Actual Startup Time": 86.265,
                "Actual Total Time": 375.811,
                "Actual Rows": 93585,
                "Actual Loops": 2,
                "Inner Unique": false,
                "Hash Cond": "(t.id = mc.movie_id)",
                "Plans": [
                  {
                    "Node Type": "Seq Scan",
                    "Parent Relationship": "Outer",
                    "Parallel Aware": true,
                    "Relation Name": "title",
                    "Alias": "t",
                    "Startup Cost": 0.0,
                    "Total Cost": 50870.31,
                    "Plan Rows": 1487231,
                    "Plan Width": 4,
                    "Actual Startup Time": 0.009,
                    "Actual Total Time": 112.159,
                    "Actual Rows": 1264156,
                    "Actual Loops": 2
                  },
                  {
                    "Node Type": "Hash",
                    "Parent Relationship": "Inner",
                    "Parallel Aware": true,
                    "Startup Cost": 26285.32,
                    "Total Cost": 26285.32,
                    "Plan Rows": 71464,
                    "Plan Width": 4,
                    "Actual Startup Time": 85.471,
                    "Actual Total Time": 85.472,
                    "Actual Rows": 93585,
                    "Actual Loops": 2,
                    "Hash Buckets": 262144,
                    "Original Hash Buckets": 131072,
                    "Hash Batches": 1,
                    "Original Hash Batches": 1,
                    "Peak Memory Usage": 10400,
                    "Plans": [
                      {
                        "Node Type": "Bitmap Heap Scan",
                        "Parent Relationship": "Outer",
                        "Parallel Aware": true,
                        "Relation Name": "movie_companies",
                        "Alias": "mc",
                        "Startup Cost": 5317.74,
                        "Total Cost": 26285.32,
                        "Plan Rows": 71464,
                        "Plan Width": 4,
                        "Actual Startup Time": 19.848,
                        "Actual Total Time": 62.8,
                        "Actual Rows": 93585,
                        "Actual Loops": 2,
                        "Recheck Cond": "(company_id < 114)",
                        "Rows Removed by Index Recheck": 0,
                        "Filter": "(company_type_id = 1)",
                        "Rows Removed by Filter": 28378,
                        "Exact Heap Blocks": 11473,
                        "Lossy Heap Blocks": 0,
                        "Plans": [
                          {
                            "Node Type": "Bitmap Index Scan",
                            "Parent Relationship": "Outer",
                            "Parallel Aware": false,
                            "Index Name": "company_id_movie_companies",
                            "Startup Cost": 0.0,
                            "Total Cost": 5287.37,
                            "Plan Rows": 246792,
                            "Plan Width": 0,
                            "Actual Startup Time": 18.024,
                            "Actual Total Time": 18.025,
                            "Actual Rows": 243927,
                            "Actual Loops": 1,
                            "Index Cond": "(company_id < 114)"
                          }
                        ]
                      }
                    ]
                  }
                ]
              }
            ]
          }
        ]
      }
    ]
  },
  "Planning Time": 0.332,
  "Triggers": [],
  "Execution Time": 395.368
}