[
  {
    "Plan": {
      "Node Type": "Aggregate",
      "Strategy": "Plain",
      "Partial Mode": "Finalize",
      "Parallel Aware": false,
      "Startup Cost": 105169.1,
      "Total Cost": 105169.11,
      "Plan Rows": 1,
      "Plan Width": 8,
      "Actual Startup Time": 507.428,
      "Actual Total Time": 525.982,
      "Actual Rows": 1,
      "Actual Loops": 1,
      "Plans": [
        {
          "Node Type": "Gather",
          "Parent Relationship": "Outer",
          "Parallel Aware": false,
          "Startup Cost": 105168.88,
          "Total Cost": 105169.09,
          "Plan Rows": 2,
          "Plan Width": 8,
          "Actual Startup Time": 505.776,
          "Actual Total Time": 525.97,
          "Actual Rows": 3,
          "Actual Loops": 1,
          "Workers Planned": 2,
          "Workers Launched": 2,
          "Single Copy": false,
          "Plans": [
            {
              "Node Type": "Aggregate",
              "Strategy": "Plain",
              "Partial Mode": "Partial",
              "Parent Relationship": "Outer",
              "Parallel Aware": false,
              "Startup Cost": 104168.88,
              "Total Cost": 104168.89,
              "Plan Rows": 1,
              "Plan Width": 8,
              "Actual Startup Time": 498.12,
              "Actual Total Time": 498.211,
              "Actual Rows": 1,
              "Actual Loops": 3,
              "Plans": [
                {
                  "Node Type": "Hash Join",
                  "Parent Relationship": "Outer",
                  "Parallel Aware": true,
                  "Join Type": "Inner",
                  "Startup Cost": 88042.3,
                  "Total Cost": 104044.39,
                  "Plan Rows": 49798,
                  "Plan Width": 0,
                  "Actual Startup Time": 397.637,
                  "Actual Total Time": 491.896,
                  "Actual Rows": 136725,
                  "Actual Loops": 3,
                  "Inner Unique": false,
                  "Hash Cond": "(mi_idx.movie_id = t.id)",
                  "Plans": [
                    {
                      "Node Type": "Seq Scan",
                      "Parent Relationship": "Outer",
                      "Parallel Aware": true,
                      "Relation Name": "movie_info_idx",
                      "Alias": "mi_idx",
                      "Startup Cost": 0.0,
                      "Total Cost": 13685.15,
                      "Plan Rows": 575015,
                      "Plan Width": 4,
                      "Actual Startup Time": 0.036,
                      "Actual Total Time": 38.311,
                      "Actual Rows": 460012,
                      "Actual Loops": 3
                    },
                    {
                      "Node Type": "Hash",
                      "Parent Relationship": "Inner",
                      "Parallel Aware": true,
                      "Startup Cost": 87159.4,
                      "Total Cost": 87159.4,
                      "Plan Rows": 70632,
                      "Plan Width": 8,
                      "Actual Startup Time": 394.769,
                      "Actual Total Time": 394.859,
                      "Actual Rows": 67376,
                      "Actual Loops": 3,
                      "Hash Buckets": 262144,
                      "Original Hash Buckets": 262144,
                      "Hash Batches": 1,
                      "Original Hash Batches": 1,
                      "Peak Memory Usage": 10016,
                      "Plans": [
                        {
                          "Node Type": "Hash Join",
                          "Parent Relationship": "Outer",
                          "Parallel Aware": true,
                          "Join Type": "Inner",
                          "Startup Cost": 44281.32,
                          "Total Cost": 87159.4,
                          "Plan Rows": 70632,
                          "Plan Width": 8,
                          "Actual Startup Time": 123.384,
                          "Actual Total Time": 381.295,
                          "Actual Rows": 67376,
                          "Actual Loops": 3,
                          "Inner Unique": true,
                          "Hash Cond": "(mk.movie_id = t.id)",
                          "Plans": [
                            {
                              "Node Type": "Seq Scan",
                              "Parent Relationship": "Outer",
                              "Parallel Aware": true,
                              "Relation Name": "movie_keyword",
                              "Alias": "mk",
                              "Startup Cost": 0.0,
                              "Total Cost": 39047.32,
                              "Plan Rows": 1459332,
                              "Plan Width": 4,
                              "Actual Startup Time": 0.02,
                              "Actual Total Time": 118.113,
                              "Actual Rows": 1507977,
                              "Actual Loops": 3
                            },
                            {
                              "Node Type": "Hash",
                              "Parent Relationship": "Inner",
                              "Parallel Aware": true,
                              "Startup Cost": 43898.92,
                              "Total Cost": 43898.92,
                              "Plan Rows": 30592,
                              "Plan Width": 4,
                              "Actual Startup Time": 122.485,
                              "Actual Total Time": 122.486,
                              "Actual Rows": 40954,
                              "Actual Loops": 3,
                              "Hash Buckets": 131072,
                              "Original Hash Buckets": 131072,
                              "Hash Batches": 1,
                              "Original Hash Batches": 1,
                              "Peak Memory Usage": 5856,
                              "Plans": [
                                {
                                  "Node Type": "Seq Scan",
                                  "Parent Relationship": "Outer",
                                  "Parallel Aware": true,
                                  "Relation Name": "title",
                                  "Alias": "t",
                                  "Startup Cost": 0.0,
                                  "Total Cost": 43898.92,
                                  "Plan Rows": 30592,
                                  "Plan Width": 4,
                                  "Actual Startup Time": 0.028,
                                  "Actual Total Time": 109.457,
                                  "Actual Rows": 40954,
                                  "Actual Loops": 3,
                                  "Filter": "(production_year = 2008)",
                                  "Rows Removed by Filter": 801817
                                }
                              ]
                            }
                          ]
                        }
                      ]
                    }
                  ]
                }
              ]
            }
          ]
        }
      ]
    },
    "Planning Time": 1.308,
    "Triggers": [],
    "Execution Time": 526.071
  }
]