[
  {
    "Plan": {
      "Node Type": "Aggregate",
      "Strategy": "Plain",
      "Partial Mode": "Finalize",
      "Parallel Aware": false,
      "Startup Cost": 79231.19,
      "Total Cost": 79231.2,
      "Plan Rows": 1,
      "Plan Width": 8,
      "Actual Startup Time": 340.048,
      "Actual Total Time": 357.465,
      "Actual Rows": 1,
      "Actual Loops": 1,
      "Plans": [
        {
          "Node Type": "Gather",
          "Parent Relationship": "Outer",
          "Parallel Aware": false,
          "Startup Cost": 79230.87,
          "Total Cost": 79231.18,
          "Plan Rows": 3,
          "Plan Width": 8,
          "Actual Startup Time": 338.044,
          "Actual Total Time": 357.452,
          "Actual Rows": 4,
          "Actual Loops": 1,
          "Workers Planned": 3,
          "Workers Launched": 3,
          "Single Copy": false,
          "Plans": [
            {
              "Node Type": "Aggregate",
              "Strategy": "Plain",
              "Partial Mode": "Partial",
              "Parent Relationship": "Outer",
              "Parallel Aware": false,
              "Startup Cost": 78230.87,
              "Total Cost": 78230.88,
              "Plan Rows": 1,
              "Plan Width": 8,
              "Actual Startup Time": 329.486,
              "Actual Total Time": 329.489,
              "Actual Rows": 1,
              "Actual Loops": 4,
              "Plans": [
                {
                  "Node Type": "Hash Join",
                  "Parent Relationship": "Outer",
                  "Parallel Aware": true,
                  "Join Type": "Inner",
                  "Startup Cost": 45589.74,
                  "Total Cost": 78023.25,
                  "Plan Rows": 83049,
                  "Plan Width": 0,
                  "Actual Startup Time": 216.546,
                  "Actual Total Time": 324.812,
                  "Actual Rows": 93175,
                  "Actual Loops": 4,
                  "Inner Unique": true,
                  "Hash Cond": "(mc.movie_id = t.id)",
                  "Plans": [
                    {
                      "Node Type": "Seq Scan",
                      "Parent Relationship": "Outer",
                      "Parallel Aware": true,
                      "Relation Name": "movie_companies",
                      "Alias": "mc",
                      "Startup Cost": 0.0,
                      "Total Cost": 31414.82,
                      "Plan Rows": 388072,
                      "Plan Width": 4,
                      "Actual Startup Time": 35.611,
                      "Actual Total Time": 78.839,
                      "Actual Rows": 274172,
                      "Actual Loops": 4,
                      "Filter": "((company_id < 103470) AND (company_type_id = 2))",
                      "Rows Removed by Filter": 378110
                    },
                    {
                      "Node Type": "Hash",
                      "Parent Relationship": "Inner",
                      "Parallel Aware": true,
                      "Startup Cost": 43898.92,
                      "Total Cost": 43898.92,
                      "Plan Rows": 135266,
                      "Plan Width": 4,
                      "Actual Startup Time": 175.556,
                      "Actual Total Time": 175.557,
                      "Actual Rows": 138240,
                      "Actual Loops": 4,
                      "Hash Buckets": 1048576,
                      "Original Hash Buckets": 1048576,
                      "Hash Batches": 1,
                      "Original Hash Batches": 1,
                      "Peak Memory Usage": 29888,
                      "Plans": [
                        {
                          "Node Type": "Seq Scan",
                          "Parent Relationship": "Outer",
                          "Parallel Aware": true,
                          "Relation Name": "title",
                          "Alias": "t",
                          "Startup Cost": 0.0,
                          "Total Cost": 43898.92,
                          "Plan Rows": 135266,
                          "Plan Width": 4,
                          "Actual Startup Time": 0.042,
                          "Actual Total Time": 114.768,
                          "Actual Rows": 138240,
                          "Actual Loops": 4,
                          "Filter": "(production_year < 1983)",
                          "Rows Removed by Filter": 493838
                        }
                      ]
                    }
                  ]
                }
              ]
            }
          ]
        }
      ]
    },
    "Planning Time": 0.668,
    "Triggers": [],
    "Execution Time": 357.54
  }
]