{
    "Plan": {
        "Node Type": "Aggregate",
        "Strategy": "Plain",
        "Partial Mode": "Finalize",
        "Parallel Aware": false,
        "Startup Cost": 400424.17,
        "Total Cost": 400424.18,
        "Plan Rows": 1,
        "Plan Width": 8,
        "Actual Startup Time": 2000.575,
        "Actual Total Time": 2093.193,
        "Actual Rows": 1,
        "Actual Loops": 1,
        "Output": [
            "count(*)"
        ],
        "Plans": [
            {
                "Node Type": "Gather",
                "Parent Relationship": "Outer",
                "Parallel Aware": false,
                "Startup Cost": 400423.75,
                "Total Cost": 400424.16,
                "Plan Rows": 4,
                "Plan Width": 8,
                "Actual Startup Time": 2000.3,
                "Actual Total Time": 2093.182,
                "Actual Rows": 5,
                "Actual Loops": 1,
                "Output": [
                    "(PARTIAL count(*))"
                ],
                "Workers Planned": 4,
                "Workers Launched": 4,
                "Single Copy": false,
                "Plans": [
                    {
                        "Node Type": "Aggregate",
                        "Strategy": "Plain",
                        "Partial Mode": "Partial",
                        "Parent Relationship": "Outer",
                        "Parallel Aware": false,
                        "Startup Cost": 399423.75,
                        "Total Cost": 399423.76,
                        "Plan Rows": 1,
                        "Plan Width": 8,
                        "Actual Startup Time": 1989.944,
                        "Actual Total Time": 1989.946,
                        "Actual Rows": 1,
                        "Actual Loops": 5,
                        "Output": [
                            "PARTIAL count(*)"
                        ],
                        "Workers": [
                            {
                                "Worker Number": 0,
                                "Actual Startup Time": 1987.07,
                                "Actual Total Time": 1987.073,
                                "Actual Rows": 1,
                                "Actual Loops": 1
                            },
                            {
                                "Worker Number": 1,
                                "Actual Startup Time": 1987.148,
                                "Actual Total Time": 1987.15,
                                "Actual Rows": 1,
                                "Actual Loops": 1
                            },
                            {
                                "Worker Number": 2,
                                "Actual Startup Time": 1987.516,
                                "Actual Total Time": 1987.518,
                                "Actual Rows": 1,
                                "Actual Loops": 1
                            },
                            {
                                "Worker Number": 3,
                                "Actual Startup Time": 1988.507,
                                "Actual Total Time": 1988.51,
                                "Actual Rows": 1,
                                "Actual Loops": 1
                            }
                        ],
                        "Plans": [
                            {
                                "Node Type": "Nested Loop",
                                "Parent Relationship": "Outer",
                                "Parallel Aware": false,
                                "Join Type": "Inner",
                                "Startup Cost": 2.26,
                                "Total Cost": 397368.64,
                                "Plan Rows": 822046,
                                "Plan Width": 0,
                                "Actual Startup Time": 3.356,
                                "Actual Total Time": 1937.39,
                                "Actual Rows": 940750,
                                "Actual Loops": 5,
                                "Inner Unique": false,
                                "Join Filter": "(t.id = ci.movie_id)",
                                "Rows Removed by Join Filter": 0,
                                "Workers": [
                                    {
                                        "Worker Number": 0,
                                        "Actual Startup Time": 4.66,
                                        "Actual Total Time": 1932.271,
                                        "Actual Rows": 739894,
                                        "Actual Loops": 1
                                    },
                                    {
                                        "Worker Number": 1,
                                        "Actual Startup Time": 5.188,
                                        "Actual Total Time": 1938.046,
                                        "Actual Rows": 1017672,
                                        "Actual Loops": 1
                                    },
                                    {
                                        "Worker Number": 2,
                                        "Actual Startup Time": 1.794,
                                        "Actual Total Time": 1936.502,
                                        "Actual Rows": 1077008,
                                        "Actual Loops": 1
                                    },
                                    {
                                        "Worker Number": 3,
                                        "Actual Startup Time": 4.791,
                                        "Actual Total Time": 1938.721,
                                        "Actual Rows": 626984,
                                        "Actual Loops": 1
                                    }
                                ],
                                "Plans": [
                                    {
                                        "Node Type": "Merge Join",
                                        "Parent Relationship": "Outer",
                                        "Parallel Aware": false,
                                        "Join Type": "Inner",
                                        "Startup Cost": 1.7,
                                        "Total Cost": 155037.1,
                                        "Plan Rows": 71813,
                                        "Plan Width": 8,
                                        "Actual Startup Time": 3.179,
                                        "Actual Total Time": 725.906,
                                        "Actual Rows": 46098,
                                        "Actual Loops": 5,
                                        "Output": [
                                            "t.id",
                                            "mi_idx.movie_id"
                                        ],
                                        "Inner Unique": false,
                                        "Merge Cond": "(t.id = mi_idx.movie_id)",
                                        "Workers": [
                                            {
                                                "Worker Number": 0,
                                                "Actual Startup Time": 4.439,
                                                "Actual Total Time": 719.635,
                                                "Actual Rows": 34408,
                                                "Actual Loops": 1
                                            },
                                            {
                                                "Worker Number": 1,
                                                "Actual Startup Time": 4.976,
                                                "Actual Total Time": 707.102,
                                                "Actual Rows": 51932,
                                                "Actual Loops": 1
                                            },
                                            {
                                                "Worker Number": 2,
                                                "Actual Startup Time": 1.56,
                                                "Actual Total Time": 683.248,
                                                "Actual Rows": 53424,
                                                "Actual Loops": 1
                                            },
                                            {
                                                "Worker Number": 3,
                                                "Actual Startup Time": 4.604,
                                                "Actual Total Time": 758.817,
                                                "Actual Rows": 29336,
                                                "Actual Loops": 1
                                            }
                                        ],
                                        "Plans": [
                                            {
                                                "Node Type": "Index Scan",
                                                "Parent Relationship": "Outer",
                                                "Parallel Aware": true,
                                                "Scan Direction": "Forward",
                                                "Index Name": "title_pkey",
                                                "Relation Name": "title",
                                                "Schema": "public",
                                                "Alias": "t",
                                                "Startup Cost": 0.43,
                                                "Total Cost": 94540.09,
                                                "Plan Rows": 197084,
                                                "Plan Width": 4,
                                                "Actual Startup Time": 2.258,
                                                "Actual Total Time": 399.138,
                                                "Actual Rows": 138465,
                                                "Actual Loops": 5,
                                                "Output": [
                                                    "t.id",
                                                    "t.title",
                                                    "t.imdb_index",
                                                    "t.kind_id",
                                                    "t.production_year",
                                                    "t.imdb_id",
                                                    "t.phonetic_code",
                                                    "t.episode_of_id",
                                                    "t.season_nr",
                                                    "t.episode_nr",
                                                    "t.series_years",
                                                    "t.md5sum"
                                                ],
                                                "Filter": "((t.kind_id > 1) AND (t.production_year < 2001))",
                                                "Rows Removed by Filter": 366748,
                                                "Workers": [
                                                    {
                                                        "Worker Number": 0,
                                                        "Actual Startup Time": 3.488,
                                                        "Actual Total Time": 344.892,
                                                        "Actual Rows": 93782,
                                                        "Actual Loops": 1
                                                    },
                                                    {
                                                        "Worker Number": 1,
                                                        "Actual Startup Time": 3.8,
                                                        "Actual Total Time": 435.682,
                                                        "Actual Rows": 164869,
                                                        "Actual Loops": 1
                                                    },
                                                    {
                                                        "Worker Number": 2,
                                                        "Actual Startup Time": 0.747,
                                                        "Actual Total Time": 412.767,
                                                        "Actual Rows": 156523,
                                                        "Actual Loops": 1
                                                    },
                                                    {
                                                        "Worker Number": 3,
                                                        "Actual Startup Time": 3.227,
                                                        "Actual Total Time": 348.135,
                                                        "Actual Rows": 73752,
                                                        "Actual Loops": 1
                                                    }
                                                ]
                                            },
                                            {
                                                "Node Type": "Index Scan",
                                                "Parent Relationship": "Inner",
                                                "Parallel Aware": false,
                                                "Scan Direction": "Forward",
                                                "Index Name": "movie_id_movie_info_idx",
                                                "Relation Name": "movie_info_idx",
                                                "Schema": "public",
                                                "Alias": "mi_idx",
                                                "Startup Cost": 0.43,
                                                "Total Cost": 57080.9,
                                                "Plan Rows": 921265,
                                                "Plan Width": 4,
                                                "Actual Startup Time": 0.1,
                                                "Actual Total Time": 259.9,
                                                "Actual Rows": 919850,
                                                "Actual Loops": 5,
                                                "Output": [
                                                    "mi_idx.id",
                                                    "mi_idx.movie_id",
                                                    "mi_idx.info_type_id",
                                                    "mi_idx.info",
                                                    "mi_idx.note"
                                                ],
                                                "Filter": "(mi_idx.info_type_id < 101)",
                                                "Rows Removed by Filter": 460185,
                                                "Workers": [
                                                    {
                                                        "Worker Number": 0,
                                                        "Actual Startup Time": 0.131,
                                                        "Actual Total Time": 298.732,
                                                        "Actual Rows": 919850,
                                                        "Actual Loops": 1
                                                    },
                                                    {
                                                        "Worker Number": 1,
                                                        "Actual Startup Time": 0.124,
                                                        "Actual Total Time": 215.666,
                                                        "Actual Rows": 919850,
                                                        "Actual Loops": 1
                                                    },
                                                    {
                                                        "Worker Number": 2,
                                                        "Actual Startup Time": 0.118,
                                                        "Actual Total Time": 214.478,
                                                        "Actual Rows": 919850,
                                                        "Actual Loops": 1
                                                    },
                                                    {
                                                        "Worker Number": 3,
                                                        "Actual Startup Time": 0.109,
                                                        "Actual Total Time": 331.693,
                                                        "Actual Rows": 919850,
                                                        "Actual Loops": 1
                                                    }
                                                ]
                                            }
                                        ]
                                    },
                                    {
                                        "Node Type": "Index Scan",
                                        "Parent Relationship": "Inner",
                                        "Parallel Aware": false,
                                        "Scan Direction": "Forward",
                                        "Index Name": "movie_id_cast_info",
                                        "Relation Name": "cast_info",
                                        "Schema": "public",
                                        "Alias": "ci",
                                        "Startup Cost": 0.56,
                                        "Total Cost": 2.99,
                                        "Plan Rows": 31,
                                        "Plan Width": 4,
                                        "Actual Startup Time": 0.004,
                                        "Actual Total Time": 0.024,
                                        "Actual Rows": 20,
                                        "Actual Loops": 230488,
                                        "Output": [
                                            "ci.id",
                                            "ci.person_id",
                                            "ci.movie_id",
                                            "ci.person_role_id",
                                            "ci.note",
                                            "ci.nr_order",
                                            "ci.role_id"
                                        ],
                                        "Index Cond": "(ci.movie_id = mi_idx.movie_id)",
                                        "Rows Removed by Index Recheck": 0,
                                        "Filter": "(ci.role_id < 8)",
                                        "Rows Removed by Filter": 6,
                                        "Workers": [
                                            {
                                                "Worker Number": 0,
                                                "Actual Startup Time": 0.005,
                                                "Actual Total Time": 0.032,
                                                "Actual Rows": 22,
                                                "Actual Loops": 34408
                                            },
                                            {
                                                "Worker Number": 1,
                                                "Actual Startup Time": 0.004,
                                                "Actual Total Time": 0.022,
                                                "Actual Rows": 20,
                                                "Actual Loops": 51932
                                            },
                                            {
                                                "Worker Number": 2,
                                                "Actual Startup Time": 0.004,
                                                "Actual Total Time": 0.022,
                                                "Actual Rows": 20,
                                                "Actual Loops": 53424
                                            },
                                            {
                                                "Worker Number": 3,
                                                "Actual Startup Time": 0.006,
                                                "Actual Total Time": 0.037,
                                                "Actual Rows": 21,
                                                "Actual Loops": 29336
                                            }
                                        ]
                                    }
                                ]
                            }
                        ]
                    }
                ]
            }
        ]
    },
    "Planning Time": 1.496,
    "Triggers": [],
    "Execution Time": 2093.341
}