[
    {
        "Bao": {
            "Bao prediction": "NaN",
            "Bao recommended hint": "(no hint)"
        }
    },
    {
        "Plan": {
            "Node Type": "Aggregate",
            "Strategy": "Plain",
            "Partial Mode": "Finalize",
            "Parallel Aware": false,
            "Startup Cost": 33292.72,
            "Total Cost": 33292.73,
            "Plan Rows": 1,
            "Plan Width": 8,
            "Actual Startup Time": 100.727,
            "Actual Total Time": 105.298,
            "Actual Rows": 1,
            "Actual Loops": 1,
            "Output": [
                "count(*)"
            ],
            "Plans": [
                {
                    "Node Type": "Gather",
                    "Parent Relationship": "Outer",
                    "Parallel Aware": false,
                    "Startup Cost": 33292.4,
                    "Total Cost": 33292.71,
                    "Plan Rows": 3,
                    "Plan Width": 8,
                    "Actual Startup Time": 100.663,
                    "Actual Total Time": 105.29,
                    "Actual Rows": 4,
                    "Actual Loops": 1,
                    "Output": [
                        "(PARTIAL count(*))"
                    ],
                    "Workers Planned": 3,
                    "Workers Launched": 3,
                    "Single Copy": false,
                    "Plans": [
                        {
                            "Node Type": "Aggregate",
                            "Strategy": "Plain",
                            "Partial Mode": "Partial",
                            "Parent Relationship": "Outer",
                            "Parallel Aware": false,
                            "Startup Cost": 32292.4,
                            "Total Cost": 32292.41,
                            "Plan Rows": 1,
                            "Plan Width": 8,
                            "Actual Startup Time": 92.512,
                            "Actual Total Time": 92.513,
                            "Actual Rows": 1,
                            "Actual Loops": 4,
                            "Output": [
                                "PARTIAL count(*)"
                            ],
                            "Workers": [
                                {
                                    "Worker Number": 0,
                                    "Actual Startup Time": 89.728,
                                    "Actual Total Time": 89.729,
                                    "Actual Rows": 1,
                                    "Actual Loops": 1
                                },
                                {
                                    "Worker Number": 1,
                                    "Actual Startup Time": 89.56,
                                    "Actual Total Time": 89.561,
                                    "Actual Rows": 1,
                                    "Actual Loops": 1
                                },
                                {
                                    "Worker Number": 2,
                                    "Actual Startup Time": 90.508,
                                    "Actual Total Time": 90.508,
                                    "Actual Rows": 1,
                                    "Actual Loops": 1
                                }
                            ],
                            "Plans": [
                                {
                                    "Node Type": "Seq Scan",
                                    "Parent Relationship": "Outer",
                                    "Parallel Aware": true,
                                    "Relation Name": "movie_companies",
                                    "Schema": "public",
                                    "Alias": "mc",
                                    "Startup Cost": 0.0,
                                    "Total Cost": 31414.82,
                                    "Plan Rows": 351032,
                                    "Plan Width": 0,
                                    "Actual Startup Time": 46.193,
                                    "Actual Total Time": 82.613,
                                    "Actual Rows": 214190,
                                    "Actual Loops": 4,
                                    "Output": [
                                        "id",
                                        "movie_id",
                                        "company_id",
                                        "company_type_id",
                                        "note"
                                    ],
                                    "Filter": "((mc.company_id < 75476) AND (mc.company_type_id > 1))",
                                    "Rows Removed by Filter": 438092,
                                    "Workers": [
                                        {
                                            "Worker Number": 0,
                                            "Actual Startup Time": 43.406,
                                            "Actual Total Time": 79.876,
                                            "Actual Rows": 240738,
                                            "Actual Loops": 1
                                        },
                                        {
                                            "Worker Number": 1,
                                            "Actual Startup Time": 43.248,
                                            "Actual Total Time": 80.012,
                                            "Actual Rows": 206845,
                                            "Actual Loops": 1
                                        },
                                        {
                                            "Worker Number": 2,
                                            "Actual Startup Time": 44.191,
                                            "Actual Total Time": 81.074,
                                            "Actual Rows": 231884,
                                            "Actual Loops": 1
                                        }
                                    ]
                                }
                            ]
                        }
                    ]
                }
            ]
        },
        "Planning Time": 275.809,
        "Triggers": [],
        "Execution Time": 105.476
    }
]