[
    {
        "Bao": {
            "Bao prediction": "NaN",
            "Bao recommended hint": "(no hint)"
        }
    },
    {
        "Plan": {
            "Node Type": "Aggregate",
            "Strategy": "Plain",
            "Partial Mode": "Finalize",
            "Parallel Aware": false,
            "Startup Cost": 211229.89,
            "Total Cost": 211229.9,
            "Plan Rows": 1,
            "Plan Width": 8,
            "Actual Startup Time": 132.754,
            "Actual Total Time": 140.672,
            "Actual Rows": 1,
            "Actual Loops": 1,
            "Output": [
                "count(*)"
            ],
            "Plans": [
                {
                    "Node Type": "Gather",
                    "Parent Relationship": "Outer",
                    "Parallel Aware": false,
                    "Startup Cost": 211229.37,
                    "Total Cost": 211229.88,
                    "Plan Rows": 5,
                    "Plan Width": 8,
                    "Actual Startup Time": 129.97,
                    "Actual Total Time": 140.664,
                    "Actual Rows": 6,
                    "Actual Loops": 1,
                    "Output": [
                        "(PARTIAL count(*))"
                    ],
                    "Workers Planned": 5,
                    "Workers Launched": 5,
                    "Single Copy": false,
                    "Plans": [
                        {
                            "Node Type": "Aggregate",
                            "Strategy": "Plain",
                            "Partial Mode": "Partial",
                            "Parent Relationship": "Outer",
                            "Parallel Aware": false,
                            "Startup Cost": 210229.37,
                            "Total Cost": 210229.38,
                            "Plan Rows": 1,
                            "Plan Width": 8,
                            "Actual Startup Time": 119.604,
                            "Actual Total Time": 119.607,
                            "Actual Rows": 1,
                            "Actual Loops": 6,
                            "Output": [
                                "PARTIAL count(*)"
                            ],
                            "Workers": [
                                {
                                    "Worker Number": 0,
                                    "Actual Startup Time": 117.207,
                                    "Actual Total Time": 117.21,
                                    "Actual Rows": 1,
                                    "Actual Loops": 1
                                },
                                {
                                    "Worker Number": 1,
                                    "Actual Startup Time": 117.381,
                                    "Actual Total Time": 117.384,
                                    "Actual Rows": 1,
                                    "Actual Loops": 1
                                },
                                {
                                    "Worker Number": 2,
                                    "Actual Startup Time": 117.638,
                                    "Actual Total Time": 117.64,
                                    "Actual Rows": 1,
                                    "Actual Loops": 1
                                },
                                {
                                    "Worker Number": 3,
                                    "Actual Startup Time": 117.954,
                                    "Actual Total Time": 117.957,
                                    "Actual Rows": 1,
                                    "Actual Loops": 1
                                },
                                {
                                    "Worker Number": 4,
                                    "Actual Startup Time": 118.237,
                                    "Actual Total Time": 118.241,
                                    "Actual Rows": 1,
                                    "Actual Loops": 1
                                }
                            ],
                            "Plans": [
                                {
                                    "Node Type": "Hash Join",
                                    "Parent Relationship": "Outer",
                                    "Parallel Aware": true,
                                    "Join Type": "Inner",
                                    "Startup Cost": 49251.79,
                                    "Total Cost": 210217.77,
                                    "Plan Rows": 4639,
                                    "Plan Width": 0,
                                    "Actual Startup Time": 107.846,
                                    "Actual Total Time": 118.96,
                                    "Actual Rows": 11348,
                                    "Actual Loops": 6,
                                    "Inner Unique": true,
                                    "Hash Cond": "(mi.movie_id = t.id)",
                                    "Workers": [
                                        {
                                            "Worker Number": 0,
                                            "Actual Startup Time": 105.252,
                                            "Actual Total Time": 116.514,
                                            "Actual Rows": 9472,
                                            "Actual Loops": 1
                                        },
                                        {
                                            "Worker Number": 1,
                                            "Actual Startup Time": 105.782,
                                            "Actual Total Time": 116.708,
                                            "Actual Rows": 9205,
                                            "Actual Loops": 1
                                        },
                                        {
                                            "Worker Number": 2,
                                            "Actual Startup Time": 105.932,
                                            "Actual Total Time": 116.993,
                                            "Actual Rows": 11492,
                                            "Actual Loops": 1
                                        },
                                        {
                                            "Worker Number": 3,
                                            "Actual Startup Time": 106.105,
                                            "Actual Total Time": 117.36,
                                            "Actual Rows": 13361,
                                            "Actual Loops": 1
                                        },
                                        {
                                            "Worker Number": 4,
                                            "Actual Startup Time": 106.494,
                                            "Actual Total Time": 117.598,
                                            "Actual Rows": 11224,
                                            "Actual Loops": 1
                                        }
                                    ],
                                    "Plans": [
                                        {
                                            "Node Type": "Bitmap Heap Scan",
                                            "Parent Relationship": "Outer",
                                            "Parallel Aware": true,
                                            "Relation Name": "movie_info",
                                            "Schema": "public",
                                            "Alias": "mi",
                                            "Startup Cost": 2366.55,
                                            "Total Cost": 163264.1,
                                            "Plan Rows": 26067,
                                            "Plan Width": 4,
                                            "Actual Startup Time": 6.314,
                                            "Actual Total Time": 10.89,
                                            "Actual Rows": 23344,
                                            "Actual Loops": 6,
                                            "Output": [
                                                "mi.id",
                                                "mi.movie_id",
                                                "mi.info_type_id",
                                                "mi.info",
                                                "mi.note"
                                            ],
                                            "Recheck Cond": "(mi.info_type_id = 9)",
                                            "Rows Removed by Index Recheck": 0,
                                            "Exact Heap Blocks": 337,
                                            "Lossy Heap Blocks": 0,
                                            "Workers": [
                                                {
                                                    "Worker Number": 0,
                                                    "Actual Startup Time": 6.348,
                                                    "Actual Total Time": 11.246,
                                                    "Actual Rows": 19219,
                                                    "Actual Loops": 1
                                                },
                                                {
                                                    "Worker Number": 1,
                                                    "Actual Startup Time": 6.254,
                                                    "Actual Total Time": 10.919,
                                                    "Actual Rows": 19045,
                                                    "Actual Loops": 1
                                                },
                                                {
                                                    "Worker Number": 2,
                                                    "Actual Startup Time": 6.254,
                                                    "Actual Total Time": 10.743,
                                                    "Actual Rows": 23412,
                                                    "Actual Loops": 1
                                                },
                                                {
                                                    "Worker Number": 3,
                                                    "Actual Startup Time": 6.314,
                                                    "Actual Total Time": 10.974,
                                                    "Actual Rows": 27585,
                                                    "Actual Loops": 1
                                                },
                                                {
                                                    "Worker Number": 4,
                                                    "Actual Startup Time": 6.411,
                                                    "Actual Total Time": 10.942,
                                                    "Actual Rows": 22752,
                                                    "Actual Loops": 1
                                                }
                                            ],
                                            "Plans": [
                                                {
                                                    "Node Type": "Bitmap Index Scan",
                                                    "Parent Relationship": "Outer",
                                                    "Parallel Aware": false,
                                                    "Index Name": "info_type_id_movie_info",
                                                    "Startup Cost": 0.0,
                                                    "Total Cost": 2333.96,
                                                    "Plan Rows": 130337,
                                                    "Plan Width": 0,
                                                    "Actual Startup Time": 6.059,
                                                    "Actual Total Time": 6.06,
                                                    "Actual Rows": 140065,
                                                    "Actual Loops": 1,
                                                    "Index Cond": "(mi.info_type_id = 9)",
                                                    "Workers": [
                                                        {
                                                            "Worker Number": 3,
                                                            "Actual Startup Time": 6.059,
                                                            "Actual Total Time": 6.06,
                                                            "Actual Rows": 140065,
                                                            "Actual Loops": 1
                                                        }
                                                    ]
                                                }
                                            ]
                                        },
                                        {
                                            "Node Type": "Hash",
                                            "Parent Relationship": "Inner",
                                            "Parallel Aware": true,
                                            "Startup Cost": 45479.21,
                                            "Total Cost": 45479.21,
                                            "Plan Rows": 112483,
                                            "Plan Width": 4,
                                            "Actual Startup Time": 98.057,
                                            "Actual Total Time": 98.058,
                                            "Actual Rows": 54182,
                                            "Actual Loops": 6,
                                            "Output": [
                                                "t.id"
                                            ],
                                            "Hash Buckets": 524288,
                                            "Original Hash Buckets": 524288,
                                            "Hash Batches": 1,
                                            "Original Hash Batches": 1,
                                            "Peak Memory Usage": 16928,
                                            "Workers": [
                                                {
                                                    "Worker Number": 0,
                                                    "Actual Startup Time": 97.252,
                                                    "Actual Total Time": 97.253,
                                                    "Actual Rows": 40459,
                                                    "Actual Loops": 1
                                                },
                                                {
                                                    "Worker Number": 1,
                                                    "Actual Startup Time": 97.798,
                                                    "Actual Total Time": 97.799,
                                                    "Actual Rows": 41310,
                                                    "Actual Loops": 1
                                                },
                                                {
                                                    "Worker Number": 2,
                                                    "Actual Startup Time": 97.881,
                                                    "Actual Total Time": 97.882,
                                                    "Actual Rows": 56510,
                                                    "Actual Loops": 1
                                                },
                                                {
                                                    "Worker Number": 3,
                                                    "Actual Startup Time": 98.267,
                                                    "Actual Total Time": 98.267,
                                                    "Actual Rows": 57437,
                                                    "Actual Loops": 1
                                                },
                                                {
                                                    "Worker Number": 4,
                                                    "Actual Startup Time": 98.487,
                                                    "Actual Total Time": 98.488,
                                                    "Actual Rows": 56297,
                                                    "Actual Loops": 1
                                                }
                                            ],
                                            "Plans": [
                                                {
                                                    "Node Type": "Seq Scan",
                                                    "Parent Relationship": "Outer",
                                                    "Parallel Aware": true,
                                                    "Relation Name": "title",
                                                    "Schema": "public",
                                                    "Alias": "t",
                                                    "Startup Cost": 0.0,
                                                    "Total Cost": 45479.21,
                                                    "Plan Rows": 112483,
                                                    "Plan Width": 4,
                                                    "Actual Startup Time": 39.886,
                                                    "Actual Total Time": 78.126,
                                                    "Actual Rows": 54182,
                                                    "Actual Loops": 6,
                                                    "Output": [
                                                        "t.id"
                                                    ],
                                                    "Filter": "((t.production_year > 1992) AND (t.kind_id = 1))",
                                                    "Rows Removed by Filter": 367204,
                                                    "Workers": [
                                                        {
                                                            "Worker Number": 0,
                                                            "Actual Startup Time": 46.029,
                                                            "Actual Total Time": 78.962,
                                                            "Actual Rows": 40459,
                                                            "Actual Loops": 1
                                                        },
                                                        {
                                                            "Worker Number": 1,
                                                            "Actual Startup Time": 46.755,
                                                            "Actual Total Time": 79.678,
                                                            "Actual Rows": 41310,
                                                            "Actual Loops": 1
                                                        },
                                                        {
                                                            "Worker Number": 2,
                                                            "Actual Startup Time": 46.547,
                                                            "Actual Total Time": 77.728,
                                                            "Actual Rows": 56510,
                                                            "Actual Loops": 1
                                                        },
                                                        {
                                                            "Worker Number": 3,
                                                            "Actual Startup Time": 46.947,
                                                            "Actual Total Time": 78.143,
                                                            "Actual Rows": 57437,
                                                            "Actual Loops": 1
                                                        },
                                                        {
                                                            "Worker Number": 4,
                                                            "Actual Startup Time": 47.213,
                                                            "Actual Total Time": 78.347,
                                                            "Actual Rows": 56297,
                                                            "Actual Loops": 1
                                                        }
                                                    ]
                                                }
                                            ]
                                        }
                                    ]
                                }
                            ]
                        }
                    ]
                }
            ]
        },
        "Planning Time": 211.709,
        "Triggers": [],
        "Execution Time": 140.793
    }
]