{
  "Plan": {
    "Node Type": "Aggregate",
    "Strategy": "Plain",
    "Partial Mode": "Simple",
    "Parallel Aware": false,
    "Startup Cost": 1031300.18,
    "Total Cost": 1031300.19,
    "Plan Rows": 1,
    "Plan Width": 128,
    "Actual Startup Time": 4974.038,
    "Actual Total Time": 4974.332,
    "Actual Rows": 1,
    "Actual Loops": 1,
    "Plans": [
      {
        "Node Type": "Hash Join",
        "Parent Relationship": "Outer",
        "Parallel Aware": false,
        "Join Type": "Inner",
        "Startup Cost": 917042.79,
        "Total Cost": 1031300.17,
        "Plan Rows": 1,
        "Plan Width": 81,
        "Actual Startup Time": 4974.033,
        "Actual Total Time": 4974.327,
        "Actual Rows": 0,
        "Actual Loops": 1,
        "Inner Unique": false,
        "Hash Cond": "(n.id = ci.person_id)",
        "Plans": [
          {
            "Node Type": "Seq Scan",
            "Parent Relationship": "Outer",
            "Parallel Aware": false,
            "Relation Name": "name",
            "Alias": "n",
            "Startup Cost": 0.0,
            "Total Cost": 107705.21,
            "Plan Rows": 1747242,
            "Plan Width": 19,
            "Actual Startup Time": 0.045,
            "Actual Total Time": 0.046,
            "Actual Rows": 1,
            "Actual Loops": 1,
            "Filter": "((gender)::text = 'm'::text)",
            "Rows Removed by Filter": 0
          },
          {
            "Node Type": "Hash",
            "Parent Relationship": "Inner",
            "Parallel Aware": false,
            "Startup Cost": 917042.77,
            "Total Cost": 917042.77,
            "Plan Rows": 1,
            "Plan Width": 70,
            "Actual Startup Time": 4973.952,
            "Actual Total Time": 4974.243,
            "Actual Rows": 0,
            "Actual Loops": 1,
            "Hash Buckets": 1024,
            "Original Hash Buckets": 1024,
            "Hash Batches": 1,
            "Original Hash Batches": 1,
            "Peak Memory Usage": 8,
            "Plans": [
              {
                "Node Type": "Nested Loop",
                "Parent Relationship": "Outer",
                "Parallel Aware": false,
                "Join Type": "Inner",
                "Startup Cost": 413565.64,
                "Total Cost": 917042.77,
                "Plan Rows": 1,
                "Plan Width": 70,
                "Actual Startup Time": 4973.951,
                "Actual Total Time": 4974.242,
                "Actual Rows": 0,
                "Actual Loops": 1,
                "Inner Unique": true,
                "Plans": [
                  {
                    "Node Type": "Nested Loop",
                    "Parent Relationship": "Outer",
                    "Parallel Aware": false,
                    "Join Type": "Inner",
                    "Startup Cost": 413565.22,
                    "Total Cost": 917041.43,
                    "Plan Rows": 1,
                    "Plan Width": 74,
                    "Actual Startup Time": 4973.95,
                    "Actual Total Time": 4974.241,
                    "Actual Rows": 0,
                    "Actual Loops": 1,
                    "Inner Unique": true,
                    "Plans": [
                      {
                        "Node Type": "Nested Loop",
                        "Parent Relationship": "Outer",
                        "Parallel Aware": false,
                        "Join Type": "Inner",
                        "Startup Cost": 413564.8,
                        "Total Cost": 917040.98,
                        "Plan Rows": 1,
                        "Plan Width": 78,
                        "Actual Startup Time": 4973.949,
                        "Actual Total Time": 4974.239,
                        "Actual Rows": 0,
                        "Actual Loops": 1,
                        "Inner Unique": false,
                        "Join Filter": "(t.id = mc.movie_id)",
                        "Rows Removed by Join Filter": 7867444,
                        "Plans": [
                          {
                            "Node Type": "Gather",
                            "Parent Relationship": "Outer",
                            "Parallel Aware": false,
                            "Startup Cost": 1000.0,
                            "Total Cost": 32181.88,
                            "Plan Rows": 18712,
                            "Plan Width": 8,
                            "Actual Startup Time": 1.425,
                            "Actual Total Time": 2.527,
                            "Actual Rows": 7963,
                            "Actual Loops": 1,
                            "Workers Planned": 3,
                            "Workers Launched": 3,
                            "Single Copy": false,
                            "Plans": [
                              {
                                "Node Type": "Seq Scan",
                                "Parent Relationship": "Outer",
                                "Parallel Aware": true,
                                "Relation Name": "movie_companies",
                                "Alias": "mc",
                                "Startup Cost": 0.0,
                                "Total Cost": 29310.68,
                                "Plan Rows": 6036,
                                "Plan Width": 8,
                                "Actual Startup Time": 0.877,
                                "Actual Total Time": 150.901,
                                "Actual Rows": 1991,
                                "Actual Loops": 4,
                                "Filter": "(note ~~ '%(Blu-ray)%'::text)",
                                "Rows Removed by Filter": 650292
                              }
                            ]
                          },
                          {
                            "Node Type": "Materialize",
                            "Parent Relationship": "Inner",
                            "Parallel Aware": false,
                            "Startup Cost": 412564.8,
                            "Total Cost": 884578.42,
                            "Plan Rows": 1,
                            "Plan Width": 94,
                            "Actual Startup Time": 0.46,
                            "Actual Total Time": 0.556,
                            "Actual Rows": 988,
                            "Actual Loops": 7963,
                            "Plans": [
                              {
                                "Node Type": "Hash Join",
                                "Parent Relationship": "Outer",
                                "Parallel Aware": false,
                                "Join Type": "Inner",
                                "Startup Cost": 412564.8,
                                "Total Cost": 884578.41,
                                "Plan Rows": 1,
                                "Plan Width": 94,
                                "Actual Startup Time": 3660.805,
                                "Actual Total Time": 4173.072,
                                "Actual Rows": 988,
                                "Actual Loops": 1,
                                "Inner Unique": false,
                                "Hash Cond": "(ci.movie_id = t.id)",
                                "Plans": [
                                  {
                                    "Node Type": "Gather",
                                    "Parent Relationship": "Outer",
                                    "Parallel Aware": false,
                                    "Startup Cost": 1000.0,
                                    "Total Cost": 468635.47,
                                    "Plan Rows": 1167502,
                                    "Plan Width": 8,
                                    "Actual Startup Time": 237.258,
                                    "Actual Total Time": 722.971,
                                    "Actual Rows": 1244716,
                                    "Actual Loops": 1,
                                    "Workers Planned": 6,
                                    "Workers Launched": 4,
                                    "Single Copy": false,
                                    "Plans": [
                                      {
                                        "Node Type": "Seq Scan",
                                        "Parent Relationship": "Outer",
                                        "Parallel Aware": true,
                                        "Relation Name": "cast_info",
                                        "Alias": "ci",
                                        "Startup Cost": 0.0,
                                        "Total Cost": 350885.27,
                                        "Plan Rows": 194584,
                                        "Plan Width": 8,
                                        "Actual Startup Time": 143.343,
                                        "Actual Total Time": 1269.31,
                                        "Actual Rows": 248943,
                                        "Actual Loops": 5,
                                        "Filter": "(note = ANY ('{(writer),\"(head writer)\",\"(written by)\",(story),\"(story editor)\"}'::text[]))",
                                        "Rows Removed by Filter": 6999926
                                      }
                                    ]
                                  },
                                  {
                                    "Node Type": "Hash",
                                    "Parent Relationship": "Inner",
                                    "Parallel Aware": false,
                                    "Startup Cost": 411564.79,
                                    "Total Cost": 411564.79,
                                    "Plan Rows": 1,
                                    "Plan Width": 86,
                                    "Actual Startup Time": 3373.691,
                                    "Actual Total Time": 3373.81,
                                    "Actual Rows": 904,
                                    "Actual Loops": 1,
                                    "Hash Buckets": 1024,
                                    "Original Hash Buckets": 1024,
                                    "Hash Batches": 1,
                                    "Original Hash Batches": 1,
                                    "Peak Memory Usage": 106,
                                    "Plans": [
                                      {
                                        "Node Type": "Nested Loop",
                                        "Parent Relationship": "Outer",
                                        "Parallel Aware": false,
                                        "Join Type": "Inner",
                                        "Startup Cost": 411461.52,
                                        "Total Cost": 411564.79,
                                        "Plan Rows": 1,
                                        "Plan Width": 86,
                                        "Actual Startup Time": 3299.182,
                                        "Actual Total Time": 3373.596,
                                        "Actual Rows": 904,
                                        "Actual Loops": 1,
                                        "Inner Unique": true,
                                        "Join Filter": "(mi_idx.info_type_id = it2.id)",
                                        "Rows Removed by Join Filter": 1808,
                                        "Plans": [
                                          {
                                            "Node Type": "Nested Loop",
                                            "Parent Relationship": "Outer",
                                            "Parallel Aware": false,
                                            "Join Type": "Inner",
                                            "Startup Cost": 411461.52,
                                            "Total Cost": 411561.07,
                                            "Plan Rows": 87,
                                            "Plan Width": 90,
                                            "Actual Startup Time": 3299.153,
                                            "Actual Total Time": 3373.023,
                                            "Actual Rows": 2712,
                                            "Actual Loops": 1,
                                            "Inner Unique": false,
                                            "Join Filter": "(t.id = mi_idx.movie_id)",
                                            "Rows Removed by Join Filter": 0,
                                            "Plans": [
                                              {
                                                "Node Type": "Merge Join",
                                                "Parent Relationship": "Outer",
                                                "Parallel Aware": false,
                                                "Join Type": "Inner",
                                                "Startup Cost": 411461.1,
                                                "Total Cost": 411546.23,
                                                "Plan Rows": 28,
                                                "Plan Width": 76,
                                                "Actual Startup Time": 3299.052,
                                                "Actual Total Time": 3370.958,
                                                "Actual Rows": 904,
                                                "Actual Loops": 1,
                                                "Inner Unique": false,
                                                "Merge Cond": "(t.id = mi.movie_id)",
                                                "Plans": [
                                                  {
                                                    "Node Type": "Sort",
                                                    "Parent Relationship": "Outer",
                                                    "Parallel Aware": false,
                                                    "Startup Cost": 51161.4,
                                                    "Total Cost": 51184.33,
                                                    "Plan Rows": 9172,
                                                    "Plan Width": 21,
                                                    "Actual Startup Time": 564.055,
                                                    "Actual Total Time": 564.129,
                                                    "Actual Rows": 186,
                                                    "Actual Loops": 1,
                                                    "Sort Key": [
                                                      "t.id"
                                                    ],
                                                    "Sort Method": "quicksort",
                                                    "Sort Space Used": 39,
                                                    "Sort Space Type": "Memory",
                                                    "Plans": [
                                                      {
                                                        "Node Type": "Gather",
                                                        "Parent Relationship": "Outer",
                                                        "Parallel Aware": false,
                                                        "Startup Cost": 1000.0,
                                                        "Total Cost": 50557.74,
                                                        "Plan Rows": 9172,
                                                        "Plan Width": 21,
                                                        "Actual Startup Time": 3.085,
                                                        "Actual Total Time": 563.796,
                                                        "Actual Rows": 186,
                                                        "Actual Loops": 1,
                                                        "Workers Planned": 4,
                                                        "Workers Launched": 0,
                                                        "Single Copy": false,
                                                        "Plans": [
                                                          {
                                                            "Node Type": "Seq Scan",
                                                            "Parent Relationship": "Outer",
                                                            "Parallel Aware": true,
                                                            "Relation Name": "title",
                                                            "Alias": "t",
                                                            "Startup Cost": 0.0,
                                                            "Total Cost": 48640.54,
                                                            "Plan Rows": 2293,
                                                            "Plan Width": 21,
                                                            "Actual Startup Time": 2.635,
                                                            "Actual Total Time": 563.231,
                                                            "Actual Rows": 186,
                                                            "Actual Loops": 1,
                                                            "Filter": "((production_year < 1999) AND ((title ~~ '%Freddy%'::text) OR (title ~~ '%Jason%'::text) OR (title ~~ 'Saw%'::text)))",
                                                            "Rows Removed by Filter": 2528126
                                                          }
                                                        ]
                                                      }
                                                    ]
                                                  },
                                                  {
                                                    "Node Type": "Sort",
                                                    "Parent Relationship": "Inner",
                                                    "Parallel Aware": false,
                                                    "Startup Cost": 360299.69,
                                                    "Total Cost": 360319.21,
                                                    "Plan Rows": 7807,
                                                    "Plan Width": 55,
                                                    "Actual Startup Time": 2734.466,
                                                    "Actual Total Time": 2765.257,
                                                    "Actual Rows": 819109,
                                                    "Actual Loops": 1,
                                                    "Sort Key": [
                                                      "mi.movie_id"
                                                    ],
                                                    "Sort Method": "quicksort",
                                                    "Sort Space Used": 98204,
                                                    "Sort Space Type": "Memory",
                                                    "Plans": [
                                                      {
                                                        "Node Type": "Nested Loop",
                                                        "Parent Relationship": "Outer",
                                                        "Parallel Aware": false,
                                                        "Join Type": "Inner",
                                                        "Startup Cost": 1000.43,
                                                        "Total Cost": 359794.95,
                                                        "Plan Rows": 7807,
                                                        "Plan Width": 55,
                                                        "Actual Startup Time": 1800.835,
                                                        "Actual Total Time": 2497.755,
                                                        "Actual Rows": 942436,
                                                        "Actual Loops": 1,
                                                        "Inner Unique": false,
                                                        "Join Filter": "(mi.info_type_id = it1.id)",
                                                        "Rows Removed by Join Filter": 74578,
                                                        "Plans": [
                                                          {
                                                            "Node Type": "Seq Scan",
                                                            "Parent Relationship": "Outer",
                                                            "Parallel Aware": false,
                                                            "Relation Name": "info_type",
                                                            "Alias": "it1",
                                                            "Startup Cost": 0.0,
                                                            "Total Cost": 2.41,
                                                            "Plan Rows": 1,
                                                            "Plan Width": 4,
                                                            "Actual Startup Time": 0.026,
                                                            "Actual Total Time": 0.034,
                                                            "Actual Rows": 1,
                                                            "Actual Loops": 1,
                                                            "Filter": "((info)::text = 'genres'::text)",
                                                            "Rows Removed by Filter": 112
                                                          },
                                                          {
                                                            "Node Type": "Gather",
                                                            "Parent Relationship": "Inner",
                                                            "Parallel Aware": false,
                                                            "Startup Cost": 1000.43,
                                                            "Total Cost": 348769.11,
                                                            "Plan Rows": 881874,
                                                            "Plan Width": 59,
                                                            "Actual Startup Time": 1382.3,
                                                            "Actual Total Time": 2413.199,
                                                            "Actual Rows": 1017014,
                                                            "Actual Loops": 1,
                                                            "Workers Planned": 5,
                                                            "Workers Launched": 0,
                                                            "Single Copy": false,
                                                            "Plans": [
                                                              {
                                                                "Node Type": "Nested Loop",
                                                                "Parent Relationship": "Outer",
                                                                "Parallel Aware": false,
                                                                "Join Type": "Inner",
                                                                "Startup Cost": 0.43,
                                                                "Total Cost": 259581.71,
                                                                "Plan Rows": 176375,
                                                                "Plan Width": 59,
                                                                "Actual Startup Time": 1381.774,
                                                                "Actual Total Time": 2353.918,
                                                                "Actual Rows": 1017014,
                                                                "Actual Loops": 1,
                                                                "Inner Unique": false,
                                                                "Plans": [
                                                                  {
                                                                    "Node Type": "Seq Scan",
                                                                    "Parent Relationship": "Outer",
                                                                    "Parallel Aware": true,
                                                                    "Relation Name": "movie_info",
                                                                    "Alias": "mi",
                                                                    "Startup Cost": 0.0,
                                                                    "Total Cost": 199164.27,
                                                                    "Plan Rows": 14076,
                                                                    "Plan Width": 51,
                                                                    "Actual Startup Time": 1381.71,
                                                                    "Actual Total Time": 1944.608,
                                                                    "Actual Rows": 73047,
                                                                    "Actual Loops": 1,
                                                                    "Filter": "(info = ANY ('{Horror,Thriller}'::text[]))",
                                                                    "Rows Removed by Filter": 14762673
                                                                  },
                                                                  {
                                                                    "Node Type": "Index Scan",
                                                                    "Parent Relationship": "Inner",
                                                                    "Parallel Aware": false,
                                                                    "Scan Direction": "Forward",
                                                                    "Index Name": "movie_id_movie_keyword",
                                                                    "Relation Name": "movie_keyword",
                                                                    "Alias": "mk",
                                                                    "Startup Cost": 0.43,
                                                                    "Total Cost": 3.83,
                                                                    "Plan Rows": 46,
                                                                    "Plan Width": 8,
                                                                    "Actual Startup Time": 0.002,
                                                                    "Actual Total Time": 0.004,
                                                                    "Actual Rows": 14,
                                                                    "Actual Loops": 73047,
                                                                    "Index Cond": "(movie_id = mi.movie_id)",
                                                                    "Rows Removed by Index Recheck": 0
                                                                  }
                                                                ]
                                                              }
                                                            ]
                                                          }
                                                        ]
                                                      }
                                                    ]
                                                  }
                                                ]
                                              },
                                              {
                                                "Node Type": "Index Scan",
                                                "Parent Relationship": "Inner",
                                                "Parallel Aware": false,
                                                "Scan Direction": "Forward",
                                                "Index Name": "movie_id_movie_info_idx",
                                                "Relation Name": "movie_info_idx",
                                                "Alias": "mi_idx",
                                                "Startup Cost": 0.43,
                                                "Total Cost": 0.49,
                                                "Plan Rows": 3,
                                                "Plan Width": 14,
                                                "Actual Startup Time": 0.001,
                                                "Actual Total Time": 0.002,
                                                "Actual Rows": 3,
                                                "Actual Loops": 904,
                                                "Index Cond": "(movie_id = mk.movie_id)",
                                                "Rows Removed by Index Recheck": 0
                                              }
                                            ]
                                          },
                                          {
                                            "Node Type": "Materialize",
                                            "Parent Relationship": "Inner",
                                            "Parallel Aware": false,
                                            "Startup Cost": 0.0,
                                            "Total Cost": 2.42,
                                            "Plan Rows": 1,
                                            "Plan Width": 4,
                                            "Actual Startup Time": 0.0,
                                            "Actual Total Time": 0.0,
                                            "Actual Rows": 1,
                                            "Actual Loops": 2712,
                                            "Plans": [
                                              {
                                                "Node Type": "Seq Scan",
                                                "Parent Relationship": "Outer",
                                                "Parallel Aware": false,
                                                "Relation Name": "info_type",
                                                "Alias": "it2",
                                                "Startup Cost": 0.0,
                                                "Total Cost": 2.41,
                                                "Plan Rows": 1,
                                                "Plan Width": 4,
                                                "Actual Startup Time": 0.018,
                                                "Actual Total Time": 0.02,
                                                "Actual Rows": 1,
                                                "Actual Loops": 1,
                                                "Filter": "((info)::text = 'votes'::text)",
                                                "Rows Removed by Filter": 112
                                              }
                                            ]
                                          }
                                        ]
                                      }
                                    ]
                                  }
                                ]
                              }
                            ]
                          }
                        ]
                      },
                      {
                        "Node Type": "Index Scan",
                        "Parent Relationship": "Inner",
                        "Parallel Aware": false,
                        "Scan Direction": "Forward",
                        "Index Name": "keyword_pkey",
                        "Relation Name": "keyword",
                        "Alias": "k",
                        "Startup Cost": 0.42,
                        "Total Cost": 0.45,
                        "Plan Rows": 1,
                        "Plan Width": 4,
                        "Actual Startup Time": 0.0,
                        "Actual Total Time": 0.0,
                        "Actual Rows": 0,
                        "Actual Loops": 0,
                        "Index Cond": "(id = mk.keyword_id)",
                        "Rows Removed by Index Recheck": 0,
                        "Filter": "(keyword = ANY ('{murder,violence,blood,gore,death,female-nudity,hospital}'::text[]))",
                        "Rows Removed by Filter": 0
                      }
                    ]
                  },
                  {
                    "Node Type": "Index Scan",
                    "Parent Relationship": "Inner",
                    "Parallel Aware": false,
                    "Scan Direction": "Forward",
                    "Index Name": "company_name_pkey",
                    "Relation Name": "company_name",
                    "Alias": "cn",
                    "Startup Cost": 0.42,
                    "Total Cost": 1.27,
                    "Plan Rows": 1,
                    "Plan Width": 4,
                    "Actual Startup Time": 0.0,
                    "Actual Total Time": 0.0,
                    "Actual Rows": 0,
                    "Actual Loops": 0,
                    "Index Cond": "(id = mc.company_id)",
                    "Rows Removed by Index Recheck": 0,
                    "Filter": "(name ~~ 'Lionsgate%'::text)",
                    "Rows Removed by Filter": 0
                  }
                ]
              }
            ]
          }
        ]
      }
    ]
  },
  "Planning Time": 59.016,
  "Triggers": [],
  "Execution Time": 4983.596
}