{
    "Plan": {
        "Node Type": "Aggregate",
        "Strategy": "Plain",
        "Partial Mode": "Finalize",
        "Parallel Aware": false,
        "Startup Cost": 250568.89,
        "Total Cost": 250568.9,
        "Plan Rows": 1,
        "Plan Width": 8,
        "Actual Startup Time": 632.991,
        "Actual Total Time": 671.428,
        "Actual Rows": 1,
        "Actual Loops": 1,
        "Output": [
            "count(*)"
        ],
        "Plans": [
            {
                "Node Type": "Gather",
                "Parent Relationship": "Outer",
                "Parallel Aware": false,
                "Startup Cost": 250568.37,
                "Total Cost": 250568.88,
                "Plan Rows": 5,
                "Plan Width": 8,
                "Actual Startup Time": 631.741,
                "Actual Total Time": 671.416,
                "Actual Rows": 6,
                "Actual Loops": 1,
                "Output": [
                    "(PARTIAL count(*))"
                ],
                "Workers Planned": 5,
                "Workers Launched": 5,
                "Single Copy": false,
                "Plans": [
                    {
                        "Node Type": "Aggregate",
                        "Strategy": "Plain",
                        "Partial Mode": "Partial",
                        "Parent Relationship": "Outer",
                        "Parallel Aware": false,
                        "Startup Cost": 249568.37,
                        "Total Cost": 249568.38,
                        "Plan Rows": 1,
                        "Plan Width": 8,
                        "Actual Startup Time": 621.383,
                        "Actual Total Time": 621.386,
                        "Actual Rows": 1,
                        "Actual Loops": 6,
                        "Output": [
                            "PARTIAL count(*)"
                        ],
                        "Workers": [
                            {
                                "Worker Number": 0,
                                "Actual Startup Time": 619.113,
                                "Actual Total Time": 619.115,
                                "Actual Rows": 1,
                                "Actual Loops": 1
                            },
                            {
                                "Worker Number": 1,
                                "Actual Startup Time": 619.119,
                                "Actual Total Time": 619.123,
                                "Actual Rows": 1,
                                "Actual Loops": 1
                            },
                            {
                                "Worker Number": 2,
                                "Actual Startup Time": 619.228,
                                "Actual Total Time": 619.231,
                                "Actual Rows": 1,
                                "Actual Loops": 1
                            },
                            {
                                "Worker Number": 3,
                                "Actual Startup Time": 619.825,
                                "Actual Total Time": 619.828,
                                "Actual Rows": 1,
                                "Actual Loops": 1
                            },
                            {
                                "Worker Number": 4,
                                "Actual Startup Time": 620.101,
                                "Actual Total Time": 620.104,
                                "Actual Rows": 1,
                                "Actual Loops": 1
                            }
                        ],
                        "Plans": [
                            {
                                "Node Type": "Hash Join",
                                "Parent Relationship": "Outer",
                                "Parallel Aware": true,
                                "Join Type": "Inner",
                                "Startup Cost": 45802.05,
                                "Total Cost": 249385.37,
                                "Plan Rows": 73199,
                                "Plan Width": 0,
                                "Actual Startup Time": 117.928,
                                "Actual Total Time": 618.005,
                                "Actual Rows": 59549,
                                "Actual Loops": 6,
                                "Inner Unique": true,
                                "Hash Cond": "(mi.movie_id = t.id)",
                                "Workers": [
                                    {
                                        "Worker Number": 0,
                                        "Actual Startup Time": 115.672,
                                        "Actual Total Time": 615.628,
                                        "Actual Rows": 41778,
                                        "Actual Loops": 1
                                    },
                                    {
                                        "Worker Number": 1,
                                        "Actual Startup Time": 115.676,
                                        "Actual Total Time": 615.863,
                                        "Actual Rows": 65700,
                                        "Actual Loops": 1
                                    },
                                    {
                                        "Worker Number": 2,
                                        "Actual Startup Time": 115.663,
                                        "Actual Total Time": 616.068,
                                        "Actual Rows": 63221,
                                        "Actual Loops": 1
                                    },
                                    {
                                        "Worker Number": 3,
                                        "Actual Startup Time": 116.387,
                                        "Actual Total Time": 616.646,
                                        "Actual Rows": 64213,
                                        "Actual Loops": 1
                                    },
                                    {
                                        "Worker Number": 4,
                                        "Actual Startup Time": 116.694,
                                        "Actual Total Time": 616.895,
                                        "Actual Rows": 64769,
                                        "Actual Loops": 1
                                    }
                                ],
                                "Plans": [
                                    {
                                        "Node Type": "Seq Scan",
                                        "Parent Relationship": "Outer",
                                        "Parallel Aware": true,
                                        "Relation Name": "movie_info",
                                        "Schema": "public",
                                        "Alias": "mi",
                                        "Startup Cost": 0.0,
                                        "Total Cost": 198880.74,
                                        "Plan Rows": 1791457,
                                        "Plan Width": 4,
                                        "Actual Startup Time": 16.674,
                                        "Actual Total Time": 347.818,
                                        "Actual Rows": 1491793,
                                        "Actual Loops": 6,
                                        "Output": [
                                            "mi.id",
                                            "mi.movie_id",
                                            "mi.info_type_id",
                                            "mi.info",
                                            "mi.note"
                                        ],
                                        "Filter": "(mi.info_type_id > 6)",
                                        "Rows Removed by Filter": 980827,
                                        "Workers": [
                                            {
                                                "Worker Number": 0,
                                                "Actual Startup Time": 16.601,
                                                "Actual Total Time": 351.679,
                                                "Actual Rows": 1052777,
                                                "Actual Loops": 1
                                            },
                                            {
                                                "Worker Number": 1,
                                                "Actual Startup Time": 16.609,
                                                "Actual Total Time": 352.912,
                                                "Actual Rows": 1606890,
                                                "Actual Loops": 1
                                            },
                                            {
                                                "Worker Number": 2,
                                                "Actual Startup Time": 16.758,
                                                "Actual Total Time": 351.059,
                                                "Actual Rows": 1588103,
                                                "Actual Loops": 1
                                            },
                                            {
                                                "Worker Number": 3,
                                                "Actual Startup Time": 16.737,
                                                "Actual Total Time": 349.772,
                                                "Actual Rows": 1610557,
                                                "Actual Loops": 1
                                            },
                                            {
                                                "Worker Number": 4,
                                                "Actual Startup Time": 16.593,
                                                "Actual Total Time": 353.222,
                                                "Actual Rows": 1617365,
                                                "Actual Loops": 1
                                            }
                                        ]
                                    },
                                    {
                                        "Node Type": "Hash",
                                        "Parent Relationship": "Inner",
                                        "Parallel Aware": true,
                                        "Startup Cost": 45479.21,
                                        "Total Cost": 45479.21,
                                        "Plan Rows": 25827,
                                        "Plan Width": 4,
                                        "Actual Startup Time": 86.769,
                                        "Actual Total Time": 86.771,
                                        "Actual Rows": 19653,
                                        "Actual Loops": 6,
                                        "Output": [
                                            "t.id"
                                        ],
                                        "Hash Buckets": 131072,
                                        "Original Hash Buckets": 131072,
                                        "Hash Batches": 1,
                                        "Original Hash Batches": 1,
                                        "Peak Memory Usage": 5728,
                                        "Workers": [
                                            {
                                                "Worker Number": 0,
                                                "Actual Startup Time": 85.473,
                                                "Actual Total Time": 85.473,
                                                "Actual Rows": 15326,
                                                "Actual Loops": 1
                                            },
                                            {
                                                "Worker Number": 1,
                                                "Actual Startup Time": 85.472,
                                                "Actual Total Time": 85.473,
                                                "Actual Rows": 20455,
                                                "Actual Loops": 1
                                            },
                                            {
                                                "Worker Number": 2,
                                                "Actual Startup Time": 85.471,
                                                "Actual Total Time": 85.472,
                                                "Actual Rows": 20004,
                                                "Actual Loops": 1
                                            },
                                            {
                                                "Worker Number": 3,
                                                "Actual Startup Time": 86.228,
                                                "Actual Total Time": 86.229,
                                                "Actual Rows": 20246,
                                                "Actual Loops": 1
                                            },
                                            {
                                                "Worker Number": 4,
                                                "Actual Startup Time": 86.512,
                                                "Actual Total Time": 86.513,
                                                "Actual Rows": 22008,
                                                "Actual Loops": 1
                                            }
                                        ],
                                        "Plans": [
                                            {
                                                "Node Type": "Seq Scan",
                                                "Parent Relationship": "Outer",
                                                "Parallel Aware": true,
                                                "Relation Name": "title",
                                                "Schema": "public",
                                                "Alias": "t",
                                                "Startup Cost": 0.0,
                                                "Total Cost": 45479.21,
                                                "Plan Rows": 25827,
                                                "Plan Width": 4,
                                                "Actual Startup Time": 50.597,
                                                "Actual Total Time": 79.094,
                                                "Actual Rows": 19653,
                                                "Actual Loops": 6,
                                                "Output": [
                                                    "t.id"
                                                ],
                                                "Filter": "((t.production_year > 1959) AND (t.kind_id = 4))",
                                                "Rows Removed by Filter": 401732,
                                                "Workers": [
                                                    {
                                                        "Worker Number": 0,
                                                        "Actual Startup Time": 49.498,
                                                        "Actual Total Time": 79.261,
                                                        "Actual Rows": 15326,
                                                        "Actual Loops": 1
                                                    },
                                                    {
                                                        "Worker Number": 1,
                                                        "Actual Startup Time": 49.451,
                                                        "Actual Total Time": 77.49,
                                                        "Actual Rows": 20455,
                                                        "Actual Loops": 1
                                                    },
                                                    {
                                                        "Worker Number": 2,
                                                        "Actual Startup Time": 49.417,
                                                        "Actual Total Time": 77.496,
                                                        "Actual Rows": 20004,
                                                        "Actual Loops": 1
                                                    },
                                                    {
                                                        "Worker Number": 3,
                                                        "Actual Startup Time": 49.746,
                                                        "Actual Total Time": 77.874,
                                                        "Actual Rows": 20246,
                                                        "Actual Loops": 1
                                                    },
                                                    {
                                                        "Worker Number": 4,
                                                        "Actual Startup Time": 50.068,
                                                        "Actual Total Time": 79.803,
                                                        "Actual Rows": 22008,
                                                        "Actual Loops": 1
                                                    }
                                                ]
                                            }
                                        ]
                                    }
                                ]
                            }
                        ]
                    }
                ]
            }
        ]
    },
    "Planning Time": 0.763,
    "Triggers": [],
    "Execution Time": 671.506
}