[
  {
    "Plan": {
      "Node Type": "Aggregate",
      "Strategy": "Plain",
      "Partial Mode": "Finalize",
      "Parallel Aware": false,
      "Startup Cost": 74596.45,
      "Total Cost": 74596.46,
      "Plan Rows": 1,
      "Plan Width": 8,
      "Actual Startup Time": 205.171,
      "Actual Total Time": 222.509,
      "Actual Rows": 1,
      "Actual Loops": 1,
      "Plans": [
        {
          "Node Type": "Gather",
          "Parent Relationship": "Outer",
          "Parallel Aware": false,
          "Startup Cost": 74596.03,
          "Total Cost": 74596.44,
          "Plan Rows": 4,
          "Plan Width": 8,
          "Actual Startup Time": 204.546,
          "Actual Total Time": 222.499,
          "Actual Rows": 5,
          "Actual Loops": 1,
          "Workers Planned": 4,
          "Workers Launched": 4,
          "Single Copy": false,
          "Plans": [
            {
              "Node Type": "Aggregate",
              "Strategy": "Plain",
              "Partial Mode": "Partial",
              "Parent Relationship": "Outer",
              "Parallel Aware": false,
              "Startup Cost": 73596.03,
              "Total Cost": 73596.04,
              "Plan Rows": 1,
              "Plan Width": 8,
              "Actual Startup Time": 194.15,
              "Actual Total Time": 194.165,
              "Actual Rows": 1,
              "Actual Loops": 5,
              "Plans": [
                {
                  "Node Type": "Hash Join",
                  "Parent Relationship": "Outer",
                  "Parallel Aware": true,
                  "Join Type": "Inner",
                  "Startup Cost": 26194.08,
                  "Total Cost": 73548.59,
                  "Plan Rows": 18976,
                  "Plan Width": 0,
                  "Actual Startup Time": 80.993,
                  "Actual Total Time": 193.636,
                  "Actual Rows": 6614,
                  "Actual Loops": 5,
                  "Inner Unique": false,
                  "Hash Cond": "(t.id = mc.movie_id)",
                  "Plans": [
                    {
                      "Node Type": "Seq Scan",
                      "Parent Relationship": "Outer",
                      "Parallel Aware": true,
                      "Relation Name": "title",
                      "Alias": "t",
                      "Startup Cost": 0.0,
                      "Total Cost": 45479.1,
                      "Plan Rows": 362840,
                      "Plan Width": 4,
                      "Actual Startup Time": 0.016,
                      "Actual Total Time": 79.13,
                      "Actual Rows": 287637,
                      "Actual Loops": 5,
                      "Filter": "((production_year < 2013) AND (kind_id = 7))",
                      "Rows Removed by Filter": 218026
                    },
                    {
                      "Node Type": "Hash",
                      "Parent Relationship": "Inner",
                      "Parallel Aware": true,
                      "Startup Cost": 25660.89,
                      "Total Cost": 25660.89,
                      "Plan Rows": 42655,
                      "Plan Width": 4,
                      "Actual Startup Time": 78.875,
                      "Actual Total Time": 78.877,
                      "Actual Rows": 12060,
                      "Actual Loops": 5,
                      "Hash Buckets": 262144,
                      "Original Hash Buckets": 262144,
                      "Hash Batches": 1,
                      "Original Hash Batches": 1,
                      "Peak Memory Usage": 4480,
                      "Plans": [
                        {
                          "Node Type": "Bitmap Heap Scan",
                          "Parent Relationship": "Outer",
                          "Parallel Aware": true,
                          "Relation Name": "movie_companies",
                          "Alias": "mc",
                          "Startup Cost": 5610.73,
                          "Total Cost": 25660.89,
                          "Plan Rows": 42655,
                          "Plan Width": 4,
                          "Actual Startup Time": 63.41,
                          "Actual Total Time": 74.782,
                          "Actual Rows": 12060,
                          "Actual Loops": 5,
                          "Recheck Cond": "(company_id < 133)",
                          "Rows Removed by Index Recheck": 0,
                          "Filter": "(company_type_id > 1)",
                          "Rows Removed by Filter": 39821,
                          "Exact Heap Blocks": 9191,
                          "Lossy Heap Blocks": 0,
                          "Plans": [
                            {
                              "Node Type": "Bitmap Index Scan",
                              "Parent Relationship": "Outer",
                              "Parallel Aware": false,
                              "Index Name": "company_id_movie_companies",
                              "Startup Cost": 0.0,
                              "Total Cost": 5577.68,
                              "Plan Rows": 260433,
                              "Plan Width": 0,
                              "Actual Startup Time": 28.378,
                              "Actual Total Time": 28.379,
                              "Actual Rows": 259406,
                              "Actual Loops": 1,
                              "Index Cond": "(company_id < 133)"
                            }
                          ]
                        }
                      ]
                    }
                  ]
                }
              ]
            }
          ]
        }
      ]
    },
    "Planning Time": 0.684,
    "Triggers": [],
    "Execution Time": 222.603
  }
]