[
  {
    "Plan": {
      "Node Type": "Aggregate",
      "Strategy": "Plain",
      "Partial Mode": "Finalize",
      "Parallel Aware": false,
      "Startup Cost": 263484.0,
      "Total Cost": 263484.01,
      "Plan Rows": 1,
      "Plan Width": 8,
      "Actual Startup Time": 2855.338,
      "Actual Total Time": 2940.081,
      "Actual Rows": 1,
      "Actual Loops": 1,
      "Plans": [
        {
          "Node Type": "Gather",
          "Parent Relationship": "Outer",
          "Parallel Aware": false,
          "Startup Cost": 263483.68,
          "Total Cost": 263483.99,
          "Plan Rows": 3,
          "Plan Width": 8,
          "Actual Startup Time": 2847.568,
          "Actual Total Time": 2940.07,
          "Actual Rows": 4,
          "Actual Loops": 1,
          "Workers Planned": 3,
          "Workers Launched": 3,
          "Single Copy": false,
          "Plans": [
            {
              "Node Type": "Aggregate",
              "Strategy": "Plain",
              "Partial Mode": "Partial",
              "Parent Relationship": "Outer",
              "Parallel Aware": false,
              "Startup Cost": 262483.68,
              "Total Cost": 262483.69,
              "Plan Rows": 1,
              "Plan Width": 8,
              "Actual Startup Time": 2840.653,
              "Actual Total Time": 2840.66,
              "Actual Rows": 1,
              "Actual Loops": 4,
              "Plans": [
                {
                  "Node Type": "Nested Loop",
                  "Parent Relationship": "Outer",
                  "Parallel Aware": false,
                  "Join Type": "Inner",
                  "Startup Cost": 56508.12,
                  "Total Cost": 259749.09,
                  "Plan Rows": 1093835,
                  "Plan Width": 0,
                  "Actual Startup Time": 308.542,
                  "Actual Total Time": 2692.982,
                  "Actual Rows": 3244468,
                  "Actual Loops": 4,
                  "Inner Unique": false,
                  "Plans": [
                    {
                      "Node Type": "Hash Join",
                      "Parent Relationship": "Outer",
                      "Parallel Aware": true,
                      "Join Type": "Inner",
                      "Startup Cost": 56507.55,
                      "Total Cost": 82478.53,
                      "Plan Rows": 76291,
                      "Plan Width": 8,
                      "Actual Startup Time": 308.373,
                      "Actual Total Time": 383.497,
                      "Actual Rows": 68223,
                      "Actual Loops": 4,
                      "Inner Unique": true,
                      "Hash Cond": "(mk.movie_id = t.id)",
                      "Plans": [
                        {
                          "Node Type": "Bitmap Heap Scan",
                          "Parent Relationship": "Outer",
                          "Parallel Aware": true,
                          "Relation Name": "movie_keyword",
                          "Alias": "mk",
                          "Startup Cost": 6598.05,
                          "Total Cost": 32305.76,
                          "Plan Rows": 100296,
                          "Plan Width": 4,
                          "Actual Startup Time": 22.869,
                          "Actual Total Time": 59.914,
                          "Actual Rows": 78288,
                          "Actual Loops": 4,
                          "Recheck Cond": "(keyword_id > 52136)",
                          "Rows Removed by Index Recheck": 0,
                          "Exact Heap Blocks": 6371,
                          "Lossy Heap Blocks": 0,
                          "Plans": [
                            {
                              "Node Type": "Bitmap Index Scan",
                              "Parent Relationship": "Outer",
                              "Parallel Aware": false,
                              "Index Name": "keyword_id_movie_keyword",
                              "Startup Cost": 0.0,
                              "Total Cost": 6520.32,
                              "Plan Rows": 310919,
                              "Plan Width": 0,
                              "Actual Startup Time": 19.568,
                              "Actual Total Time": 19.569,
                              "Actual Rows": 313150,
                              "Actual Loops": 1,
                              "Index Cond": "(keyword_id > 52136)"
                            }
                          ]
                        },
                        {
                          "Node Type": "Hash",
                          "Parent Relationship": "Inner",
                          "Parallel Aware": true,
                          "Startup Cost": 43899.32,
                          "Total Cost": 43899.32,
                          "Plan Rows": 480814,
                          "Plan Width": 4,
                          "Actual Startup Time": 280.86,
                          "Actual Total Time": 280.861,
                          "Actual Rows": 480712,
                          "Actual Loops": 4,
                          "Hash Buckets": 2097152,
                          "Original Hash Buckets": 2097152,
                          "Hash Batches": 1,
                          "Original Hash Batches": 1,
                          "Peak Memory Usage": 91712,
                          "Plans": [
                            {
                              "Node Type": "Seq Scan",
                              "Parent Relationship": "Outer",
                              "Parallel Aware": true,
                              "Relation Name": "title",
                              "Alias": "t",
                              "Startup Cost": 0.0,
                              "Total Cost": 43899.32,
                              "Plan Rows": 480814,
                              "Plan Width": 4,
                              "Actual Startup Time": 0.034,
                              "Actual Total Time": 107.763,
                              "Actual Rows": 480712,
                              "Actual Loops": 4,
                              "Filter": "(production_year < 2010)",
                              "Rows Removed by Filter": 151366
                            }
                          ]
                        }
                      ]
                    },
                    {
                      "Node Type": "Index Only Scan",
                      "Parent Relationship": "Inner",
                      "Parallel Aware": false,
                      "Scan Direction": "Forward",
                      "Index Name": "movie_id_cast_info",
                      "Relation Name": "cast_info",
                      "Alias": "ci",
                      "Startup Cost": 0.56,
                      "Total Cost": 1.97,
                      "Plan Rows": 35,
                      "Plan Width": 4,
                      "Actual Startup Time": 0.004,
                      "Actual Total Time": 0.03,
                      "Actual Rows": 48,
                      "Actual Loops": 272893,
                      "Index Cond": "(movie_id = t.id)",
                      "Rows Removed by Index Recheck": 0,
                      "Heap Fetches": 12977871
                    }
                  ]
                }
              ]
            }
          ]
        }
      ]
    },
    "Planning Time": 0.531,
    "Triggers": [],
    "Execution Time": 2940.158
  }
]