[
  {
    "Plan": {
      "Node Type": "Aggregate",
      "Strategy": "Plain",
      "Partial Mode": "Finalize",
      "Parallel Aware": false,
      "Startup Cost": 79982.04,
      "Total Cost": 79982.05,
      "Plan Rows": 1,
      "Plan Width": 8,
      "Actual Startup Time": 457.341,
      "Actual Total Time": 475.119,
      "Actual Rows": 1,
      "Actual Loops": 1,
      "Plans": [
        {
          "Node Type": "Gather",
          "Parent Relationship": "Outer",
          "Parallel Aware": false,
          "Startup Cost": 79981.73,
          "Total Cost": 79982.04,
          "Plan Rows": 3,
          "Plan Width": 8,
          "Actual Startup Time": 448.547,
          "Actual Total Time": 475.111,
          "Actual Rows": 4,
          "Actual Loops": 1,
          "Workers Planned": 3,
          "Workers Launched": 3,
          "Single Copy": false,
          "Plans": [
            {
              "Node Type": "Aggregate",
              "Strategy": "Plain",
              "Partial Mode": "Partial",
              "Parent Relationship": "Outer",
              "Parallel Aware": false,
              "Startup Cost": 78981.73,
              "Total Cost": 78981.74,
              "Plan Rows": 1,
              "Plan Width": 8,
              "Actual Startup Time": 432.167,
              "Actual Total Time": 432.17,
              "Actual Rows": 1,
              "Actual Loops": 4,
              "Plans": [
                {
                  "Node Type": "Hash Join",
                  "Parent Relationship": "Outer",
                  "Parallel Aware": true,
                  "Join Type": "Inner",
                  "Startup Cost": 53617.28,
                  "Total Cost": 78852.59,
                  "Plan Rows": 51656,
                  "Plan Width": 0,
                  "Actual Startup Time": 371.278,
                  "Actual Total Time": 429.12,
                  "Actual Rows": 37908,
                  "Actual Loops": 4,
                  "Inner Unique": true,
                  "Hash Cond": "(mk.movie_id = t.id)",
                  "Plans": [
                    {
                      "Node Type": "Bitmap Heap Scan",
                      "Parent Relationship": "Outer",
                      "Parallel Aware": true,
                      "Relation Name": "movie_keyword",
                      "Alias": "mk",
                      "Startup Cost": 3397.48,
                      "Total Cost": 28497.18,
                      "Plan Rows": 51656,
                      "Plan Width": 4,
                      "Actual Startup Time": 33.726,
                      "Actual Total Time": 72.969,
                      "Actual Rows": 37908,
                      "Actual Loops": 4,
                      "Recheck Cond": "(keyword_id > 73698)",
                      "Rows Removed by Index Recheck": 0,
                      "Exact Heap Blocks": 6538,
                      "Lossy Heap Blocks": 0,
                      "Plans": [
                        {
                          "Node Type": "Bitmap Index Scan",
                          "Parent Relationship": "Outer",
                          "Parallel Aware": false,
                          "Index Name": "keyword_id_movie_keyword",
                          "Startup Cost": 0.0,
                          "Total Cost": 3357.44,
                          "Plan Rows": 160135,
                          "Plan Width": 0,
                          "Actual Startup Time": 27.838,
                          "Actual Total Time": 27.839,
                          "Actual Rows": 151633,
                          "Actual Loops": 1,
                          "Index Cond": "(keyword_id > 73698)"
                        }
                      ]
                    },
                    {
                      "Node Type": "Hash",
                      "Parent Relationship": "Inner",
                      "Parallel Aware": true,
                      "Startup Cost": 42318.81,
                      "Total Cost": 42318.81,
                      "Plan Rows": 632080,
                      "Plan Width": 4,
                      "Actual Startup Time": 326.473,
                      "Actual Total Time": 326.474,
                      "Actual Rows": 632078,
                      "Actual Loops": 4,
                      "Hash Buckets": 4194304,
                      "Original Hash Buckets": 4194304,
                      "Hash Batches": 1,
                      "Original Hash Batches": 1,
                      "Peak Memory Usage": 131744,
                      "Plans": [
                        {
                          "Node Type": "Seq Scan",
                          "Parent Relationship": "Outer",
                          "Parallel Aware": true,
                          "Relation Name": "title",
                          "Alias": "t",
                          "Startup Cost": 0.0,
                          "Total Cost": 42318.81,
                          "Plan Rows": 632080,
                          "Plan Width": 4,
                          "Actual Startup Time": 0.026,
                          "Actual Total Time": 97.701,
                          "Actual Rows": 632078,
                          "Actual Loops": 4
                        }
                      ]
                    }
                  ]
                }
              ]
            }
          ]
        }
      ]
    },
    "Planning Time": 0.508,
    "Triggers": [],
    "Execution Time": 475.187
  }
]