[
    {
        "Bao": {
            "Bao prediction": "NaN",
            "Bao recommended hint": "(no hint)"
        }
    },
    {
        "Plan": {
            "Node Type": "Aggregate",
            "Strategy": "Plain",
            "Partial Mode": "Finalize",
            "Parallel Aware": false,
            "Startup Cost": 66387.63,
            "Total Cost": 66387.64,
            "Plan Rows": 1,
            "Plan Width": 8,
            "Actual Startup Time": 117.131,
            "Actual Total Time": 123.859,
            "Actual Rows": 1,
            "Actual Loops": 1,
            "Output": [
                "count(*)"
            ],
            "Plans": [
                {
                    "Node Type": "Gather",
                    "Parent Relationship": "Outer",
                    "Parallel Aware": false,
                    "Startup Cost": 66387.21,
                    "Total Cost": 66387.62,
                    "Plan Rows": 4,
                    "Plan Width": 8,
                    "Actual Startup Time": 116.455,
                    "Actual Total Time": 123.847,
                    "Actual Rows": 5,
                    "Actual Loops": 1,
                    "Output": [
                        "(PARTIAL count(*))"
                    ],
                    "Workers Planned": 4,
                    "Workers Launched": 4,
                    "Single Copy": false,
                    "Plans": [
                        {
                            "Node Type": "Aggregate",
                            "Strategy": "Plain",
                            "Partial Mode": "Partial",
                            "Parent Relationship": "Outer",
                            "Parallel Aware": false,
                            "Startup Cost": 65387.21,
                            "Total Cost": 65387.22,
                            "Plan Rows": 1,
                            "Plan Width": 8,
                            "Actual Startup Time": 107.0,
                            "Actual Total Time": 107.004,
                            "Actual Rows": 1,
                            "Actual Loops": 5,
                            "Output": [
                                "PARTIAL count(*)"
                            ],
                            "Workers": [
                                {
                                    "Worker Number": 0,
                                    "Actual Startup Time": 104.33,
                                    "Actual Total Time": 104.333,
                                    "Actual Rows": 1,
                                    "Actual Loops": 1
                                },
                                {
                                    "Worker Number": 1,
                                    "Actual Startup Time": 104.767,
                                    "Actual Total Time": 104.77,
                                    "Actual Rows": 1,
                                    "Actual Loops": 1
                                },
                                {
                                    "Worker Number": 2,
                                    "Actual Startup Time": 104.747,
                                    "Actual Total Time": 104.75,
                                    "Actual Rows": 1,
                                    "Actual Loops": 1
                                },
                                {
                                    "Worker Number": 3,
                                    "Actual Startup Time": 105.13,
                                    "Actual Total Time": 105.134,
                                    "Actual Rows": 1,
                                    "Actual Loops": 1
                                }
                            ],
                            "Plans": [
                                {
                                    "Node Type": "Hash Join",
                                    "Parent Relationship": "Outer",
                                    "Parallel Aware": true,
                                    "Join Type": "Inner",
                                    "Startup Cost": 20625.59,
                                    "Total Cost": 65376.98,
                                    "Plan Rows": 4093,
                                    "Plan Width": 0,
                                    "Actual Startup Time": 64.13,
                                    "Actual Total Time": 106.958,
                                    "Actual Rows": 325,
                                    "Actual Loops": 5,
                                    "Inner Unique": false,
                                    "Hash Cond": "(t.id = mc.movie_id)",
                                    "Workers": [
                                        {
                                            "Worker Number": 0,
                                            "Actual Startup Time": 62.178,
                                            "Actual Total Time": 104.282,
                                            "Actual Rows": 330,
                                            "Actual Loops": 1
                                        },
                                        {
                                            "Worker Number": 1,
                                            "Actual Startup Time": 61.516,
                                            "Actual Total Time": 104.721,
                                            "Actual Rows": 302,
                                            "Actual Loops": 1
                                        },
                                        {
                                            "Worker Number": 2,
                                            "Actual Startup Time": 61.324,
                                            "Actual Total Time": 104.697,
                                            "Actual Rows": 328,
                                            "Actual Loops": 1
                                        },
                                        {
                                            "Worker Number": 3,
                                            "Actual Startup Time": 62.907,
                                            "Actual Total Time": 105.088,
                                            "Actual Rows": 288,
                                            "Actual Loops": 1
                                        }
                                    ],
                                    "Plans": [
                                        {
                                            "Node Type": "Seq Scan",
                                            "Parent Relationship": "Outer",
                                            "Parallel Aware": true,
                                            "Relation Name": "title",
                                            "Schema": "public",
                                            "Alias": "t",
                                            "Startup Cost": 0.0,
                                            "Total Cost": 43899.01,
                                            "Plan Rows": 167838,
                                            "Plan Width": 4,
                                            "Actual Startup Time": 32.521,
                                            "Actual Total Time": 71.116,
                                            "Actual Rows": 132565,
                                            "Actual Loops": 5,
                                            "Output": [
                                                "t.id",
                                                "t.title",
                                                "t.imdb_index",
                                                "t.kind_id",
                                                "t.production_year",
                                                "t.imdb_id",
                                                "t.phonetic_code",
                                                "t.episode_of_id",
                                                "t.season_nr",
                                                "t.episode_nr",
                                                "t.series_years",
                                                "t.md5sum"
                                            ],
                                            "Filter": "(t.kind_id < 2)",
                                            "Rows Removed by Filter": 373097,
                                            "Workers": [
                                                {
                                                    "Worker Number": 0,
                                                    "Actual Startup Time": 39.722,
                                                    "Actual Total Time": 71.511,
                                                    "Actual Rows": 126108,
                                                    "Actual Loops": 1
                                                },
                                                {
                                                    "Worker Number": 1,
                                                    "Actual Startup Time": 39.766,
                                                    "Actual Total Time": 71.094,
                                                    "Actual Rows": 125560,
                                                    "Actual Loops": 1
                                                },
                                                {
                                                    "Worker Number": 2,
                                                    "Actual Startup Time": 39.923,
                                                    "Actual Total Time": 71.102,
                                                    "Actual Rows": 124817,
                                                    "Actual Loops": 1
                                                },
                                                {
                                                    "Worker Number": 3,
                                                    "Actual Startup Time": 39.721,
                                                    "Actual Total Time": 71.298,
                                                    "Actual Rows": 125905,
                                                    "Actual Loops": 1
                                                }
                                            ]
                                        },
                                        {
                                            "Node Type": "Hash",
                                            "Parent Relationship": "Inner",
                                            "Parallel Aware": true,
                                            "Startup Cost": 20376.95,
                                            "Total Cost": 20376.95,
                                            "Plan Rows": 19891,
                                            "Plan Width": 4,
                                            "Actual Startup Time": 18.089,
                                            "Actual Total Time": 18.091,
                                            "Actual Rows": 12415,
                                            "Actual Loops": 5,
                                            "Output": [
                                                "mc.movie_id"
                                            ],
                                            "Hash Buckets": 65536,
                                            "Original Hash Buckets": 65536,
                                            "Hash Batches": 1,
                                            "Original Hash Batches": 1,
                                            "Peak Memory Usage": 3040,
                                            "Workers": [
                                                {
                                                    "Worker Number": 0,
                                                    "Actual Startup Time": 15.521,
                                                    "Actual Total Time": 15.522,
                                                    "Actual Rows": 5268,
                                                    "Actual Loops": 1
                                                },
                                                {
                                                    "Worker Number": 1,
                                                    "Actual Startup Time": 15.834,
                                                    "Actual Total Time": 15.836,
                                                    "Actual Rows": 5254,
                                                    "Actual Loops": 1
                                                },
                                                {
                                                    "Worker Number": 2,
                                                    "Actual Startup Time": 15.842,
                                                    "Actual Total Time": 15.843,
                                                    "Actual Rows": 5070,
                                                    "Actual Loops": 1
                                                },
                                                {
                                                    "Worker Number": 3,
                                                    "Actual Startup Time": 16.271,
                                                    "Actual Total Time": 16.273,
                                                    "Actual Rows": 6583,
                                                    "Actual Loops": 1
                                                }
                                            ],
                                            "Plans": [
                                                {
                                                    "Node Type": "Bitmap Heap Scan",
                                                    "Parent Relationship": "Outer",
                                                    "Parallel Aware": true,
                                                    "Relation Name": "movie_companies",
                                                    "Schema": "public",
                                                    "Alias": "mc",
                                                    "Startup Cost": 1338.31,
                                                    "Total Cost": 20376.95,
                                                    "Plan Rows": 19891,
                                                    "Plan Width": 4,
                                                    "Actual Startup Time": 1.171,
                                                    "Actual Total Time": 13.244,
                                                    "Actual Rows": 12415,
                                                    "Actual Loops": 5,
                                                    "Output": [
                                                        "mc.movie_id"
                                                    ],
                                                    "Recheck Cond": "(mc.company_id = 6)",
                                                    "Rows Removed by Index Recheck": 0,
                                                    "Exact Heap Blocks": 3648,
                                                    "Lossy Heap Blocks": 0,
                                                    "Workers": [
                                                        {
                                                            "Worker Number": 0,
                                                            "Actual Startup Time": 0.158,
                                                            "Actual Total Time": 11.604,
                                                            "Actual Rows": 5268,
                                                            "Actual Loops": 1
                                                        },
                                                        {
                                                            "Worker Number": 1,
                                                            "Actual Startup Time": 0.171,
                                                            "Actual Total Time": 11.972,
                                                            "Actual Rows": 5254,
                                                            "Actual Loops": 1
                                                        },
                                                        {
                                                            "Worker Number": 2,
                                                            "Actual Startup Time": 0.376,
                                                            "Actual Total Time": 12.111,
                                                            "Actual Rows": 5070,
                                                            "Actual Loops": 1
                                                        },
                                                        {
                                                            "Worker Number": 3,
                                                            "Actual Startup Time": 0.125,
                                                            "Actual Total Time": 12.33,
                                                            "Actual Rows": 6583,
                                                            "Actual Loops": 1
                                                        }
                                                    ],
                                                    "Plans": [
                                                        {
                                                            "Node Type": "Bitmap Index Scan",
                                                            "Parent Relationship": "Outer",
                                                            "Parallel Aware": false,
                                                            "Index Name": "company_id_movie_companies",
                                                            "Startup Cost": 0.0,
                                                            "Total Cost": 1322.89,
                                                            "Plan Rows": 61662,
                                                            "Plan Width": 0,
                                                            "Actual Startup Time": 4.126,
                                                            "Actual Total Time": 4.127,
                                                            "Actual Rows": 62075,
                                                            "Actual Loops": 1,
                                                            "Index Cond": "(mc.company_id = 6)"
                                                        }
                                                    ]
                                                }
                                            ]
                                        }
                                    ]
                                }
                            ]
                        }
                    ]
                }
            ]
        },
        "Planning Time": 179.018,
        "Triggers": [],
        "Execution Time": 124.015
    }
]