[
  {
    "Plan": {
      "Node Type": "Aggregate",
      "Strategy": "Plain",
      "Partial Mode": "Finalize",
      "Parallel Aware": false,
      "Startup Cost": 44351.36,
      "Total Cost": 44351.37,
      "Plan Rows": 1,
      "Plan Width": 8,
      "Actual Startup Time": 126.247,
      "Actual Total Time": 135.331,
      "Actual Rows": 1,
      "Actual Loops": 1,
      "Plans": [
        {
          "Node Type": "Gather",
          "Parent Relationship": "Outer",
          "Parallel Aware": false,
          "Startup Cost": 44351.04,
          "Total Cost": 44351.35,
          "Plan Rows": 3,
          "Plan Width": 8,
          "Actual Startup Time": 126.112,
          "Actual Total Time": 135.321,
          "Actual Rows": 4,
          "Actual Loops": 1,
          "Workers Planned": 3,
          "Workers Launched": 3,
          "Single Copy": false,
          "Plans": [
            {
              "Node Type": "Aggregate",
              "Strategy": "Plain",
              "Partial Mode": "Partial",
              "Parent Relationship": "Outer",
              "Parallel Aware": false,
              "Startup Cost": 43351.04,
              "Total Cost": 43351.05,
              "Plan Rows": 1,
              "Plan Width": 8,
              "Actual Startup Time": 119.748,
              "Actual Total Time": 119.75,
              "Actual Rows": 1,
              "Actual Loops": 4,
              "Plans": [
                {
                  "Node Type": "Seq Scan",
                  "Parent Relationship": "Outer",
                  "Parallel Aware": true,
                  "Relation Name": "movie_keyword",
                  "Alias": "mk",
                  "Startup Cost": 0.0,
                  "Total Cost": 42695.65,
                  "Plan Rows": 262155,
                  "Plan Width": 0,
                  "Actual Startup Time": 5.512,
                  "Actual Total Time": 108.957,
                  "Actual Rows": 199748,
                  "Actual Loops": 4,
                  "Filter": "(keyword_id > 23141)",
                  "Rows Removed by Filter": 931234
                }
              ]
            }
          ]
        }
      ]
    },
    "Planning Time": 0.885,
    "Triggers": [],
    "Execution Time": 135.384
  }
]