[
  {
    "Plan": {
      "Node Type": "Aggregate",
      "Strategy": "Plain",
      "Partial Mode": "Finalize",
      "Parallel Aware": false,
      "Startup Cost": 33281.48,
      "Total Cost": 33281.49,
      "Plan Rows": 1,
      "Plan Width": 8,
      "Actual Startup Time": 106.868,
      "Actual Total Time": 114.714,
      "Actual Rows": 1,
      "Actual Loops": 1,
      "Plans": [
        {
          "Node Type": "Gather",
          "Parent Relationship": "Outer",
          "Parallel Aware": false,
          "Startup Cost": 33281.17,
          "Total Cost": 33281.48,
          "Plan Rows": 3,
          "Plan Width": 8,
          "Actual Startup Time": 106.741,
          "Actual Total Time": 114.705,
          "Actual Rows": 4,
          "Actual Loops": 1,
          "Workers Planned": 3,
          "Workers Launched": 3,
          "Single Copy": false,
          "Plans": [
            {
              "Node Type": "Aggregate",
              "Strategy": "Plain",
              "Partial Mode": "Partial",
              "Parent Relationship": "Outer",
              "Parallel Aware": false,
              "Startup Cost": 32281.17,
              "Total Cost": 32281.18,
              "Plan Rows": 1,
              "Plan Width": 8,
              "Actual Startup Time": 99.679,
              "Actual Total Time": 99.682,
              "Actual Rows": 1,
              "Actual Loops": 4,
              "Plans": [
                {
                  "Node Type": "Seq Scan",
                  "Parent Relationship": "Outer",
                  "Parallel Aware": true,
                  "Relation Name": "movie_companies",
                  "Alias": "mc",
                  "Startup Cost": 0.0,
                  "Total Cost": 31414.82,
                  "Plan Rows": 346539,
                  "Plan Width": 0,
                  "Actual Startup Time": 50.784,
                  "Actual Total Time": 87.756,
                  "Actual Rows": 300787,
                  "Actual Loops": 4,
                  "Filter": "((company_id > 428) AND (company_type_id > 1))",
                  "Rows Removed by Filter": 351495
                }
              ]
            }
          ]
        }
      ]
    },
    "Planning Time": 0.198,
    "Triggers": [],
    "Execution Time": 114.765
  }
]