[
  {
    "Plan": {
      "Node Type": "Aggregate",
      "Strategy": "Plain",
      "Partial Mode": "Finalize",
      "Parallel Aware": false,
      "Startup Cost": 23620.5,
      "Total Cost": 23620.51,
      "Plan Rows": 1,
      "Plan Width": 8,
      "Actual Startup Time": 49.511,
      "Actual Total Time": 54.775,
      "Actual Rows": 1,
      "Actual Loops": 1,
      "Plans": [
        {
          "Node Type": "Gather",
          "Parent Relationship": "Outer",
          "Parallel Aware": false,
          "Startup Cost": 23620.08,
          "Total Cost": 23620.49,
          "Plan Rows": 4,
          "Plan Width": 8,
          "Actual Startup Time": 49.398,
          "Actual Total Time": 54.768,
          "Actual Rows": 5,
          "Actual Loops": 1,
          "Workers Planned": 4,
          "Workers Launched": 4,
          "Single Copy": false,
          "Plans": [
            {
              "Node Type": "Aggregate",
              "Strategy": "Plain",
              "Partial Mode": "Partial",
              "Parent Relationship": "Outer",
              "Parallel Aware": false,
              "Startup Cost": 22620.08,
              "Total Cost": 22620.09,
              "Plan Rows": 1,
              "Plan Width": 8,
              "Actual Startup Time": 43.291,
              "Actual Total Time": 43.292,
              "Actual Rows": 1,
              "Actual Loops": 5,
              "Plans": [
                {
                  "Node Type": "Index Scan",
                  "Parent Relationship": "Outer",
                  "Parallel Aware": true,
                  "Scan Direction": "Forward",
                  "Index Name": "role_id_cast_info",
                  "Relation Name": "cast_info",
                  "Alias": "ci",
                  "Startup Cost": 0.56,
                  "Total Cost": 22393.76,
                  "Plan Rows": 90531,
                  "Plan Width": 0,
                  "Actual Startup Time": 0.111,
                  "Actual Total Time": 40.008,
                  "Actual Rows": 55083,
                  "Actual Loops": 5,
                  "Index Cond": "(role_id = 6)",
                  "Rows Removed by Index Recheck": 0,
                  "Filter": "(person_id < 1637836)",
                  "Rows Removed by Filter": 99652
                }
              ]
            }
          ]
        }
      ]
    },
    "Planning Time": 0.089,
    "Triggers": [],
    "Execution Time": 54.802
  }
]