[
  {
    "Plan": {
      "Node Type": "Aggregate",
      "Strategy": "Plain",
      "Partial Mode": "Finalize",
      "Parallel Aware": false,
      "Startup Cost": 98948.3,
      "Total Cost": 98948.31,
      "Plan Rows": 1,
      "Plan Width": 8,
      "Actual Startup Time": 52.184,
      "Actual Total Time": 59.742,
      "Actual Rows": 1,
      "Actual Loops": 1,
      "Plans": [
        {
          "Node Type": "Gather",
          "Parent Relationship": "Outer",
          "Parallel Aware": false,
          "Startup Cost": 98947.98,
          "Total Cost": 98948.29,
          "Plan Rows": 3,
          "Plan Width": 8,
          "Actual Startup Time": 52.077,
          "Actual Total Time": 59.735,
          "Actual Rows": 4,
          "Actual Loops": 1,
          "Workers Planned": 3,
          "Workers Launched": 3,
          "Single Copy": false,
          "Plans": [
            {
              "Node Type": "Aggregate",
              "Strategy": "Plain",
              "Partial Mode": "Partial",
              "Parent Relationship": "Outer",
              "Parallel Aware": false,
              "Startup Cost": 97947.98,
              "Total Cost": 97947.99,
              "Plan Rows": 1,
              "Plan Width": 8,
              "Actual Startup Time": 43.875,
              "Actual Total Time": 43.877,
              "Actual Rows": 1,
              "Actual Loops": 4,
              "Plans": [
                {
                  "Node Type": "Nested Loop",
                  "Parent Relationship": "Outer",
                  "Parallel Aware": false,
                  "Join Type": "Inner",
                  "Startup Cost": 404.72,
                  "Total Cost": 97937.11,
                  "Plan Rows": 4348,
                  "Plan Width": 0,
                  "Actual Startup Time": 2.556,
                  "Actual Total Time": 43.826,
                  "Actual Rows": 160,
                  "Actual Loops": 4,
                  "Inner Unique": true,
                  "Plans": [
                    {
                      "Node Type": "Bitmap Heap Scan",
                      "Parent Relationship": "Outer",
                      "Parallel Aware": true,
                      "Relation Name": "movie_info",
                      "Alias": "mi",
                      "Startup Cost": 404.29,
                      "Total Cost": 61226.42,
                      "Plan Rows": 7153,
                      "Plan Width": 4,
                      "Actual Startup Time": 1.711,
                      "Actual Total Time": 6.727,
                      "Actual Rows": 4635,
                      "Actual Loops": 4,
                      "Recheck Cond": "(info_type_id = 90)",
                      "Rows Removed by Index Recheck": 0,
                      "Exact Heap Blocks": 1163,
                      "Lossy Heap Blocks": 0,
                      "Plans": [
                        {
                          "Node Type": "Bitmap Index Scan",
                          "Parent Relationship": "Outer",
                          "Parallel Aware": false,
                          "Index Name": "info_type_id_movie_info",
                          "Startup Cost": 0.0,
                          "Total Cost": 398.75,
                          "Plan Rows": 22175,
                          "Plan Width": 0,
                          "Actual Startup Time": 5.265,
                          "Actual Total Time": 5.266,
                          "Actual Rows": 18539,
                          "Actual Loops": 1,
                          "Index Cond": "(info_type_id = 90)"
                        }
                      ]
                    },
                    {
                      "Node Type": "Index Scan",
                      "Parent Relationship": "Inner",
                      "Parallel Aware": false,
                      "Scan Direction": "Forward",
                      "Index Name": "title_pkey",
                      "Relation Name": "title",
                      "Alias": "t",
                      "Startup Cost": 0.43,
                      "Total Cost": 5.13,
                      "Plan Rows": 1,
                      "Plan Width": 4,
                      "Actual Startup Time": 0.008,
                      "Actual Total Time": 0.008,
                      "Actual Rows": 0,
                      "Actual Loops": 18539,
                      "Index Cond": "(id = mi.movie_id)",
                      "Rows Removed by Index Recheck": 0,
                      "Filter": "(kind_id = 7)",
                      "Rows Removed by Filter": 1
                    }
                  ]
                }
              ]
            }
          ]
        }
      ]
    },
    "Planning Time": 0.636,
    "Triggers": [],
    "Execution Time": 59.832
  }
]