[
  {
    "Plan": {
      "Node Type": "Aggregate",
      "Strategy": "Plain",
      "Partial Mode": "Finalize",
      "Parallel Aware": false,
      "Startup Cost": 91961.34,
      "Total Cost": 91961.35,
      "Plan Rows": 1,
      "Plan Width": 8,
      "Actual Startup Time": 276.332,
      "Actual Total Time": 294.96,
      "Actual Rows": 1,
      "Actual Loops": 1,
      "Plans": [
        {
          "Node Type": "Gather",
          "Parent Relationship": "Outer",
          "Parallel Aware": false,
          "Startup Cost": 91961.02,
          "Total Cost": 91961.33,
          "Plan Rows": 3,
          "Plan Width": 8,
          "Actual Startup Time": 274.849,
          "Actual Total Time": 294.95,
          "Actual Rows": 4,
          "Actual Loops": 1,
          "Workers Planned": 3,
          "Workers Launched": 3,
          "Single Copy": false,
          "Plans": [
            {
              "Node Type": "Aggregate",
              "Strategy": "Plain",
              "Partial Mode": "Partial",
              "Parent Relationship": "Outer",
              "Parallel Aware": false,
              "Startup Cost": 90961.02,
              "Total Cost": 90961.03,
              "Plan Rows": 1,
              "Plan Width": 8,
              "Actual Startup Time": 266.16,
              "Actual Total Time": 266.163,
              "Actual Rows": 1,
              "Actual Loops": 4,
              "Plans": [
                {
                  "Node Type": "Hash Join",
                  "Parent Relationship": "Outer",
                  "Parallel Aware": true,
                  "Join Type": "Inner",
                  "Startup Cost": 47080.86,
                  "Total Cost": 90769.33,
                  "Plan Rows": 76676,
                  "Plan Width": 0,
                  "Actual Startup Time": 133.736,
                  "Actual Total Time": 265.681,
                  "Actual Rows": 10859,
                  "Actual Loops": 4,
                  "Inner Unique": true,
                  "Hash Cond": "(mk.movie_id = t.id)",
                  "Plans": [
                    {
                      "Node Type": "Seq Scan",
                      "Parent Relationship": "Outer",
                      "Parallel Aware": true,
                      "Relation Name": "movie_keyword",
                      "Alias": "mk",
                      "Startup Cost": 0.0,
                      "Total Cost": 42695.65,
                      "Plan Rows": 378215,
                      "Plan Width": 4,
                      "Actual Startup Time": 0.029,
                      "Actual Total Time": 91.823,
                      "Actual Rows": 297465,
                      "Actual Loops": 4,
                      "Filter": "(keyword_id < 1420)",
                      "Rows Removed by Filter": 833517
                    },
                    {
                      "Node Type": "Hash",
                      "Parent Relationship": "Inner",
                      "Parallel Aware": true,
                      "Startup Cost": 45479.1,
                      "Total Cost": 45479.1,
                      "Plan Rows": 128141,
                      "Plan Width": 4,
                      "Actual Startup Time": 129.87,
                      "Actual Total Time": 129.871,
                      "Actual Rows": 100987,
                      "Actual Loops": 4,
                      "Hash Buckets": 524288,
                      "Original Hash Buckets": 524288,
                      "Hash Batches": 1,
                      "Original Hash Batches": 1,
                      "Peak Memory Usage": 19936,
                      "Plans": [
                        {
                          "Node Type": "Seq Scan",
                          "Parent Relationship": "Outer",
                          "Parallel Aware": true,
                          "Relation Name": "title",
                          "Alias": "t",
                          "Startup Cost": 0.0,
                          "Total Cost": 45479.1,
                          "Plan Rows": 128141,
                          "Plan Width": 4,
                          "Actual Startup Time": 0.043,
                          "Actual Total Time": 96.479,
                          "Actual Rows": 100987,
                          "Actual Loops": 4,
                          "Filter": "((production_year < 1996) AND (kind_id = 7))",
                          "Rows Removed by Filter": 531091
                        }
                      ]
                    }
                  ]
                }
              ]
            }
          ]
        }
      ]
    },
    "Planning Time": 0.689,
    "Triggers": [],
    "Execution Time": 295.03
  }
]