[
  {
    "Plan": {
      "Node Type": "Aggregate",
      "Strategy": "Plain",
      "Partial Mode": "Finalize",
      "Parallel Aware": false,
      "Startup Cost": 141652.37,
      "Total Cost": 141652.38,
      "Plan Rows": 1,
      "Plan Width": 8,
      "Actual Startup Time": 465.106,
      "Actual Total Time": 486.678,
      "Actual Rows": 1,
      "Actual Loops": 1,
      "Plans": [
        {
          "Node Type": "Gather",
          "Parent Relationship": "Outer",
          "Parallel Aware": false,
          "Startup Cost": 141652.05,
          "Total Cost": 141652.36,
          "Plan Rows": 3,
          "Plan Width": 8,
          "Actual Startup Time": 463.072,
          "Actual Total Time": 486.668,
          "Actual Rows": 4,
          "Actual Loops": 1,
          "Workers Planned": 3,
          "Workers Launched": 3,
          "Single Copy": false,
          "Plans": [
            {
              "Node Type": "Aggregate",
              "Strategy": "Plain",
              "Partial Mode": "Partial",
              "Parent Relationship": "Outer",
              "Parallel Aware": false,
              "Startup Cost": 140652.05,
              "Total Cost": 140652.06,
              "Plan Rows": 1,
              "Plan Width": 8,
              "Actual Startup Time": 453.668,
              "Actual Total Time": 453.782,
              "Actual Rows": 1,
              "Actual Loops": 4,
              "Plans": [
                {
                  "Node Type": "Hash Join",
                  "Parent Relationship": "Outer",
                  "Parallel Aware": true,
                  "Join Type": "Inner",
                  "Startup Cost": 95755.82,
                  "Total Cost": 140463.84,
                  "Plan Rows": 75284,
                  "Plan Width": 0,
                  "Actual Startup Time": 269.924,
                  "Actual Total Time": 452.438,
                  "Actual Rows": 30910,
                  "Actual Loops": 4,
                  "Inner Unique": false,
                  "Hash Cond": "(mk.movie_id = t.id)",
                  "Plans": [
                    {
                      "Node Type": "Seq Scan",
                      "Parent Relationship": "Outer",
                      "Parallel Aware": true,
                      "Relation Name": "movie_keyword",
                      "Alias": "mk",
                      "Startup Cost": 0.0,
                      "Total Cost": 39047.32,
                      "Plan Rows": 1459332,
                      "Plan Width": 4,
                      "Actual Startup Time": 0.028,
                      "Actual Total Time": 91.958,
                      "Actual Rows": 1130982,
                      "Actual Loops": 4
                    },
                    {
                      "Node Type": "Hash",
                      "Parent Relationship": "Inner",
                      "Parallel Aware": true,
                      "Startup Cost": 95348.22,
                      "Total Cost": 95348.22,
                      "Plan Rows": 32608,
                      "Plan Width": 8,
                      "Actual Startup Time": 267.988,
                      "Actual Total Time": 268.101,
                      "Actual Rows": 29315,
                      "Actual Loops": 4,
                      "Hash Buckets": 131072,
                      "Original Hash Buckets": 131072,
                      "Hash Batches": 1,
                      "Original Hash Batches": 1,
                      "Peak Memory Usage": 5696,
                      "Plans": [
                        {
                          "Node Type": "Hash Join",
                          "Parent Relationship": "Outer",
                          "Parallel Aware": true,
                          "Join Type": "Inner",
                          "Startup Cost": 47094.61,
                          "Total Cost": 95348.22,
                          "Plan Rows": 32608,
                          "Plan Width": 8,
                          "Actual Startup Time": 138.103,
                          "Actual Total Time": 258.972,
                          "Actual Rows": 29315,
                          "Actual Loops": 4,
                          "Inner Unique": true,
                          "Hash Cond": "(ci.movie_id = t.id)",
                          "Plans": [
                            {
                              "Node Type": "Index Scan",
                              "Parent Relationship": "Outer",
                              "Parallel Aware": true,
                              "Scan Direction": "Forward",
                              "Index Name": "role_id_cast_info",
                              "Relation Name": "cast_info",
                              "Alias": "ci",
                              "Startup Cost": 0.56,
                              "Total Cost": 47835.41,
                              "Plan Rows": 159528,
                              "Plan Width": 4,
                              "Actual Startup Time": 0.304,
                              "Actual Total Time": 68.972,
                              "Actual Rows": 214419,
                              "Actual Loops": 4,
                              "Index Cond": "(role_id = 8)",
                              "Rows Removed by Index Recheck": 0,
                              "Filter": "(person_id > 2325851)",
                              "Rows Removed by Filter": 211467
                            },
                            {
                              "Node Type": "Hash",
                              "Parent Relationship": "Inner",
                              "Parallel Aware": true,
                              "Startup Cost": 45479.1,
                              "Total Cost": 45479.1,
                              "Plan Rows": 129196,
                              "Plan Width": 4,
                              "Actual Startup Time": 135.636,
                              "Actual Total Time": 135.637,
                              "Actual Rows": 96540,
                              "Actual Loops": 4,
                              "Hash Buckets": 524288,
                              "Original Hash Buckets": 524288,
                              "Hash Batches": 1,
                              "Original Hash Batches": 1,
                              "Peak Memory Usage": 19264,
                              "Plans": [
                                {
                                  "Node Type": "Seq Scan",
                                  "Parent Relationship": "Outer",
                                  "Parallel Aware": true,
                                  "Relation Name": "title",
                                  "Alias": "t",
                                  "Startup Cost": 0.0,
                                  "Total Cost": 45479.1,
                                  "Plan Rows": 129196,
                                  "Plan Width": 4,
                                  "Actual Startup Time": 0.058,
                                  "Actual Total Time": 99.245,
                                  "Actual Rows": 96540,
                                  "Actual Loops": 4,
                                  "Filter": "((kind_id > 1) AND (production_year < 1991))",
                                  "Rows Removed by Filter": 535538
                                }
                              ]
                            }
                          ]
                        }
                      ]
                    }
                  ]
                }
              ]
            }
          ]
        }
      ]
    },
    "Planning Time": 1.378,
    "Triggers": [],
    "Execution Time": 486.774
  }
]