[
  {
    "Plan": {
      "Node Type": "Aggregate",
      "Strategy": "Plain",
      "Partial Mode": "Finalize",
      "Parallel Aware": false,
      "Startup Cost": 105132.22,
      "Total Cost": 105132.23,
      "Plan Rows": 1,
      "Plan Width": 8,
      "Actual Startup Time": 542.444,
      "Actual Total Time": 563.707,
      "Actual Rows": 1,
      "Actual Loops": 1,
      "Plans": [
        {
          "Node Type": "Gather",
          "Parent Relationship": "Outer",
          "Parallel Aware": false,
          "Startup Cost": 105131.9,
          "Total Cost": 105132.21,
          "Plan Rows": 3,
          "Plan Width": 8,
          "Actual Startup Time": 538.189,
          "Actual Total Time": 563.697,
          "Actual Rows": 4,
          "Actual Loops": 1,
          "Workers Planned": 3,
          "Workers Launched": 3,
          "Single Copy": false,
          "Plans": [
            {
              "Node Type": "Aggregate",
              "Strategy": "Plain",
              "Partial Mode": "Partial",
              "Parent Relationship": "Outer",
              "Parallel Aware": false,
              "Startup Cost": 104131.9,
              "Total Cost": 104131.91,
              "Plan Rows": 1,
              "Plan Width": 8,
              "Actual Startup Time": 531.614,
              "Actual Total Time": 531.867,
              "Actual Rows": 1,
              "Actual Loops": 4,
              "Plans": [
                {
                  "Node Type": "Hash Join",
                  "Parent Relationship": "Outer",
                  "Parallel Aware": true,
                  "Join Type": "Inner",
                  "Startup Cost": 76561.43,
                  "Total Cost": 104072.83,
                  "Plan Rows": 23626,
                  "Plan Width": 0,
                  "Actual Startup Time": 412.819,
                  "Actual Total Time": 526.683,
                  "Actual Rows": 88602,
                  "Actual Loops": 4,
                  "Inner Unique": false,
                  "Hash Cond": "(mk.movie_id = t.id)",
                  "Plans": [
                    {
                      "Node Type": "Bitmap Heap Scan",
                      "Parent Relationship": "Outer",
                      "Parallel Aware": true,
                      "Relation Name": "movie_keyword",
                      "Alias": "mk",
                      "Startup Cost": 12133.35,
                      "Total Cost": 38893.75,
                      "Plan Rows": 184513,
                      "Plan Width": 4,
                      "Actual Startup Time": 58.458,
                      "Actual Total Time": 124.299,
                      "Actual Rows": 144740,
                      "Actual Loops": 4,
                      "Recheck Cond": "(keyword_id < 411)",
                      "Rows Removed by Index Recheck": 0,
                      "Exact Heap Blocks": 7652,
                      "Lossy Heap Blocks": 0,
                      "Plans": [
                        {
                          "Node Type": "Bitmap Index Scan",
                          "Parent Relationship": "Outer",
                          "Parallel Aware": false,
                          "Index Name": "keyword_id_movie_keyword",
                          "Startup Cost": 0.0,
                          "Total Cost": 11990.35,
                          "Plan Rows": 571989,
                          "Plan Width": 0,
                          "Actual Startup Time": 52.618,
                          "Actual Total Time": 52.619,
                          "Actual Rows": 578959,
                          "Actual Loops": 1,
                          "Index Cond": "(keyword_id < 411)"
                        }
                      ]
                    },
                    {
                      "Node Type": "Hash",
                      "Parent Relationship": "Inner",
                      "Parallel Aware": true,
                      "Startup Cost": 63416.34,
                      "Total Cost": 63416.34,
                      "Plan Rows": 80940,
                      "Plan Width": 8,
                      "Actual Startup Time": 351.433,
                      "Actual Total Time": 351.681,
                      "Actual Rows": 93923,
                      "Actual Loops": 4,
                      "Hash Buckets": 524288,
                      "Original Hash Buckets": 524288,
                      "Hash Batches": 1,
                      "Original Hash Batches": 1,
                      "Peak Memory Usage": 18848,
                      "Plans": [
                        {
                          "Node Type": "Hash Join",
                          "Parent Relationship": "Outer",
                          "Parallel Aware": true,
                          "Join Type": "Inner",
                          "Startup Cost": 17494.62,
                          "Total Cost": 63416.34,
                          "Plan Rows": 80940,
                          "Plan Width": 8,
                          "Actual Startup Time": 93.151,
                          "Actual Total Time": 315.794,
                          "Actual Rows": 93923,
                          "Actual Loops": 4,
                          "Inner Unique": false,
                          "Hash Cond": "(t.id = mi_idx.movie_id)",
                          "Plans": [
                            {
                              "Node Type": "Seq Scan",
                              "Parent Relationship": "Outer",
                              "Parallel Aware": true,
                              "Relation Name": "title",
                              "Alias": "t",
                              "Startup Cost": 0.0,
                              "Total Cost": 43899.32,
                              "Plan Rows": 449372,
                              "Plan Width": 4,
                              "Actual Startup Time": 0.013,
                              "Actual Total Time": 102.6,
                              "Actual Rows": 448538,
                              "Actual Loops": 4,
                              "Filter": "(production_year < 2009)",
                              "Rows Removed by Filter": 183540
                            },
                            {
                              "Node Type": "Hash",
                              "Parent Relationship": "Inner",
                              "Parallel Aware": true,
                              "Startup Cost": 15122.68,
                              "Total Cost": 15122.68,
                              "Plan Rows": 189755,
                              "Plan Width": 4,
                              "Actual Startup Time": 91.324,
                              "Actual Total Time": 91.325,
                              "Actual Rows": 114981,
                              "Actual Loops": 4,
                              "Hash Buckets": 524288,
                              "Original Hash Buckets": 524288,
                              "Hash Batches": 1,
                              "Original Hash Batches": 1,
                              "Peak Memory Usage": 22144,
                              "Plans": [
                                {
                                  "Node Type": "Seq Scan",
                                  "Parent Relationship": "Outer",
                                  "Parallel Aware": true,
                                  "Relation Name": "movie_info_idx",
                                  "Alias": "mi_idx",
                                  "Startup Cost": 0.0,
                                  "Total Cost": 15122.68,
                                  "Plan Rows": 189755,
                                  "Plan Width": 4,
                                  "Actual Startup Time": 0.045,
                                  "Actual Total Time": 45.324,
                                  "Actual Rows": 114981,
                                  "Actual Loops": 4,
                                  "Filter": "(info_type_id < 100)",
                                  "Rows Removed by Filter": 230028
                                }
                              ]
                            }
                          ]
                        }
                      ]
                    }
                  ]
                }
              ]
            }
          ]
        }
      ]
    },
    "Planning Time": 1.078,
    "Triggers": [],
    "Execution Time": 563.797
  }
]