[
  {
    "Plan": {
      "Node Type": "Aggregate",
      "Strategy": "Plain",
      "Partial Mode": "Finalize",
      "Parallel Aware": false,
      "Startup Cost": 28568.78,
      "Total Cost": 28568.79,
      "Plan Rows": 1,
      "Plan Width": 8,
      "Actual Startup Time": 33.841,
      "Actual Total Time": 38.062,
      "Actual Rows": 1,
      "Actual Loops": 1,
      "Plans": [
        {
          "Node Type": "Gather",
          "Parent Relationship": "Outer",
          "Parallel Aware": false,
          "Startup Cost": 28568.57,
          "Total Cost": 28568.78,
          "Plan Rows": 2,
          "Plan Width": 8,
          "Actual Startup Time": 33.71,
          "Actual Total Time": 38.057,
          "Actual Rows": 3,
          "Actual Loops": 1,
          "Workers Planned": 2,
          "Workers Launched": 2,
          "Single Copy": false,
          "Plans": [
            {
              "Node Type": "Aggregate",
              "Strategy": "Plain",
              "Partial Mode": "Partial",
              "Parent Relationship": "Outer",
              "Parallel Aware": false,
              "Startup Cost": 27568.57,
              "Total Cost": 27568.58,
              "Plan Rows": 1,
              "Plan Width": 8,
              "Actual Startup Time": 26.048,
              "Actual Total Time": 26.05,
              "Actual Rows": 1,
              "Actual Loops": 3,
              "Plans": [
                {
                  "Node Type": "Nested Loop",
                  "Parent Relationship": "Outer",
                  "Parallel Aware": false,
                  "Join Type": "Inner",
                  "Startup Cost": 107.43,
                  "Total Cost": 27564.14,
                  "Plan Rows": 1772,
                  "Plan Width": 0,
                  "Actual Startup Time": 1.453,
                  "Actual Total Time": 25.794,
                  "Actual Rows": 1885,
                  "Actual Loops": 3,
                  "Inner Unique": true,
                  "Plans": [
                    {
                      "Node Type": "Bitmap Heap Scan",
                      "Parent Relationship": "Outer",
                      "Parallel Aware": true,
                      "Relation Name": "movie_keyword",
                      "Alias": "mk",
                      "Startup Cost": 107.0,
                      "Total Cost": 12376.91,
                      "Plan Rows": 2073,
                      "Plan Width": 4,
                      "Actual Startup Time": 1.31,
                      "Actual Total Time": 9.313,
                      "Actual Rows": 2260,
                      "Actual Loops": 3,
                      "Recheck Cond": "(keyword_id = 1135)",
                      "Rows Removed by Index Recheck": 0,
                      "Exact Heap Blocks": 4945,
                      "Lossy Heap Blocks": 0,
                      "Plans": [
                        {
                          "Node Type": "Bitmap Index Scan",
                          "Parent Relationship": "Outer",
                          "Parallel Aware": false,
                          "Index Name": "keyword_id_movie_keyword",
                          "Startup Cost": 0.0,
                          "Total Cost": 105.75,
                          "Plan Rows": 4976,
                          "Plan Width": 0,
                          "Actual Startup Time": 2.351,
                          "Actual Total Time": 2.351,
                          "Actual Rows": 6780,
                          "Actual Loops": 1,
                          "Index Cond": "(keyword_id = 1135)"
                        }
                      ]
                    },
                    {
                      "Node Type": "Index Scan",
                      "Parent Relationship": "Inner",
                      "Parallel Aware": false,
                      "Scan Direction": "Forward",
                      "Index Name": "title_pkey",
                      "Relation Name": "title",
                      "Alias": "t",
                      "Startup Cost": 0.43,
                      "Total Cost": 7.33,
                      "Plan Rows": 1,
                      "Plan Width": 4,
                      "Actual Startup Time": 0.007,
                      "Actual Total Time": 0.007,
                      "Actual Rows": 1,
                      "Actual Loops": 6780,
                      "Index Cond": "(id = mk.movie_id)",
                      "Rows Removed by Index Recheck": 0,
                      "Filter": "(production_year > 1965)",
                      "Rows Removed by Filter": 0
                    }
                  ]
                }
              ]
            }
          ]
        }
      ]
    },
    "Planning Time": 0.247,
    "Triggers": [],
    "Execution Time": 38.1
  }
]