{
  "Plan": {
    "Node Type": "Aggregate",
    "Strategy": "Plain",
    "Partial Mode": "Finalize",
    "Parallel Aware": false,
    "Startup Cost": 1675424.71,
    "Total Cost": 1675424.72,
    "Plan Rows": 1,
    "Plan Width": 8,
    "Actual Startup Time": 15396.613,
    "Actual Total Time": 15483.329,
    "Actual Rows": 1,
    "Actual Loops": 1,
    "Plans": [
      {
        "Node Type": "Gather",
        "Parent Relationship": "Outer",
        "Parallel Aware": false,
        "Startup Cost": 1675424.6,
        "Total Cost": 1675424.71,
        "Plan Rows": 1,
        "Plan Width": 8,
        "Actual Startup Time": 15374.762,
        "Actual Total Time": 15483.318,
        "Actual Rows": 2,
        "Actual Loops": 1,
        "Workers Planned": 1,
        "Workers Launched": 1,
        "Single Copy": false,
        "Plans": [
          {
            "Node Type": "Aggregate",
            "Strategy": "Plain",
            "Partial Mode": "Partial",
            "Parent Relationship": "Outer",
            "Parallel Aware": false,
            "Startup Cost": 1674424.6,
            "Total Cost": 1674424.61,
            "Plan Rows": 1,
            "Plan Width": 8,
            "Actual Startup Time": 15363.308,
            "Actual Total Time": 15363.316,
            "Actual Rows": 1,
            "Actual Loops": 2,
            "Plans": [
              {
                "Node Type": "Hash Join",
                "Parent Relationship": "Outer",
                "Parallel Aware": true,
                "Join Type": "Inner",
                "Startup Cost": 898455.8,
                "Total Cost": 1613694.96,
                "Plan Rows": 24291854,
                "Plan Width": 0,
                "Actual Startup Time": 3156.454,
                "Actual Total Time": 13777.316,
                "Actual Rows": 36563472,
                "Actual Loops": 2,
                "Inner Unique": false,
                "Hash Cond": "(ci.movie_id = t.id)",
                "Plans": [
                  {
                    "Node Type": "Seq Scan",
                    "Parent Relationship": "Outer",
                    "Parallel Aware": true,
                    "Relation Name": "cast_info",
                    "Alias": "ci",
                    "Startup Cost": 0.0,
                    "Total Cost": 465792.95,
                    "Plan Rows": 21310595,
                    "Plan Width": 4,
                    "Actual Startup Time": 0.027,
                    "Actual Total Time": 1476.996,
                    "Actual Rows": 18122172,
                    "Actual Loops": 2
                  },
                  {
                    "Node Type": "Hash",
                    "Parent Relationship": "Inner",
                    "Parallel Aware": true,
                    "Startup Cost": 877264.7,
                    "Total Cost": 877264.7,
                    "Plan Rows": 1695288,
                    "Plan Width": 8,
                    "Actual Startup Time": 3134.465,
                    "Actual Total Time": 3134.468,
                    "Actual Rows": 1746170,
                    "Actual Loops": 2,
                    "Hash Buckets": 4194304,
                    "Original Hash Buckets": 4194304,
                    "Hash Batches": 1,
                    "Original Hash Batches": 1,
                    "Peak Memory Usage": 169408,
                    "Plans": [
                      {
                        "Node Type": "Merge Join",
                        "Parent Relationship": "Outer",
                        "Parallel Aware": false,
                        "Join Type": "Inner",
                        "Startup Cost": 836928.38,
                        "Total Cost": 877264.7,
                        "Plan Rows": 1695288,
                        "Plan Width": 8,
                        "Actual Startup Time": 1944.28,
                        "Actual Total Time": 2702.077,
                        "Actual Rows": 1746170,
                        "Actual Loops": 2,
                        "Inner Unique": true,
                        "Merge Cond": "(mi.movie_id = t.id)",
                        "Plans": [
                          {
                            "Node Type": "Sort",
                            "Parent Relationship": "Outer",
                            "Parallel Aware": false,
                            "Startup Cost": 642661.63,
                            "Total Cost": 651228.91,
                            "Plan Rows": 3426912,
                            "Plan Width": 4,
                            "Actual Startup Time": 1338.299,
                            "Actual Total Time": 1487.913,
                            "Actual Rows": 2942482,
                            "Actual Loops": 2,
                            "Sort Key": [
                              "mi.movie_id"
                            ],
                            "Sort Method": "quicksort",
                            "Sort Space Used": 242212,
                            "Sort Space Type": "Memory",
                            "Workers": [
                              {
                                "Worker Number": 0,
                                "Sort Method": "quicksort",
                                "Sort Space Used": 230255,
                                "Sort Space Type": "Memory"
                              }
                            ],
                            "Plans": [
                              {
                                "Node Type": "Seq Scan",
                                "Parent Relationship": "Outer",
                                "Parallel Aware": true,
                                "Relation Name": "movie_info",
                                "Alias": "mi",
                                "Startup Cost": 0.0,
                                "Total Cost": 270696.42,
                                "Plan Rows": 3426912,
                                "Plan Width": 4,
                                "Actual Startup Time": 0.031,
                                "Actual Total Time": 716.784,
                                "Actual Rows": 2942482,
                                "Actual Loops": 2,
                                "Filter": "(info_type_id < 7)",
                                "Rows Removed by Filter": 4475378
                              }
                            ]
                          },
                          {
                            "Node Type": "Sort",
                            "Parent Relationship": "Inner",
                            "Parallel Aware": false,
                            "Startup Cost": 194266.62,
                            "Total Cost": 197393.48,
                            "Plan Rows": 1250743,
                            "Plan Width": 4,
                            "Actual Startup Time": 605.962,
                            "Actual Total Time": 795.022,
                            "Actual Rows": 1262837,
                            "Actual Loops": 2,
                            "Sort Key": [
                              "t.id"
                            ],
                            "Sort Method": "quicksort",
                            "Sort Space Used": 108388,
                            "Sort Space Type": "Memory",
                            "Workers": [
                              {
                                "Worker Number": 0,
                                "Sort Method": "quicksort",
                                "Sort Space Used": 108388,
                                "Sort Space Type": "Memory"
                              }
                            ],
                            "Plans": [
                              {
                                "Node Type": "Seq Scan",
                                "Parent Relationship": "Outer",
                                "Parallel Aware": false,
                                "Relation Name": "title",
                                "Alias": "t",
                                "Startup Cost": 0.0,
                                "Total Cost": 67601.66,
                                "Plan Rows": 1250743,
                                "Plan Width": 4,
                                "Actual Startup Time": 0.043,
                                "Actual Total Time": 283.215,
                                "Actual Rows": 1263700,
                                "Actual Loops": 2,
                                "Filter": "(production_year < 2004)",
                                "Rows Removed by Filter": 1264612
                              }
                            ]
                          }
                        ]
                      }
                    ]
                  }
                ]
              }
            ]
          }
        ]
      }
    ]
  },
  "Planning Time": 1.04,
  "Triggers": [],
  "Execution Time": 15519.102
}