[
    {
        "Bao": {
            "Bao prediction": "NaN",
            "Bao recommended hint": "(no hint)"
        }
    },
    {
        "Plan": {
            "Node Type": "Aggregate",
            "Strategy": "Plain",
            "Partial Mode": "Finalize",
            "Parallel Aware": false,
            "Startup Cost": 310461.43,
            "Total Cost": 310461.44,
            "Plan Rows": 1,
            "Plan Width": 8,
            "Actual Startup Time": 229.019,
            "Actual Total Time": 236.307,
            "Actual Rows": 1,
            "Actual Loops": 1,
            "Output": [
                "count(*)"
            ],
            "Plans": [
                {
                    "Node Type": "Gather",
                    "Parent Relationship": "Outer",
                    "Parallel Aware": false,
                    "Startup Cost": 310460.81,
                    "Total Cost": 310461.42,
                    "Plan Rows": 6,
                    "Plan Width": 8,
                    "Actual Startup Time": 227.861,
                    "Actual Total Time": 236.299,
                    "Actual Rows": 7,
                    "Actual Loops": 1,
                    "Output": [
                        "(PARTIAL count(*))"
                    ],
                    "Workers Planned": 6,
                    "Workers Launched": 6,
                    "Single Copy": false,
                    "Plans": [
                        {
                            "Node Type": "Aggregate",
                            "Strategy": "Plain",
                            "Partial Mode": "Partial",
                            "Parent Relationship": "Outer",
                            "Parallel Aware": false,
                            "Startup Cost": 309460.81,
                            "Total Cost": 309460.82,
                            "Plan Rows": 1,
                            "Plan Width": 8,
                            "Actual Startup Time": 217.656,
                            "Actual Total Time": 217.658,
                            "Actual Rows": 1,
                            "Actual Loops": 7,
                            "Output": [
                                "PARTIAL count(*)"
                            ],
                            "Workers": [
                                {
                                    "Worker Number": 0,
                                    "Actual Startup Time": 215.044,
                                    "Actual Total Time": 215.046,
                                    "Actual Rows": 1,
                                    "Actual Loops": 1
                                },
                                {
                                    "Worker Number": 1,
                                    "Actual Startup Time": 215.492,
                                    "Actual Total Time": 215.493,
                                    "Actual Rows": 1,
                                    "Actual Loops": 1
                                },
                                {
                                    "Worker Number": 2,
                                    "Actual Startup Time": 216.122,
                                    "Actual Total Time": 216.123,
                                    "Actual Rows": 1,
                                    "Actual Loops": 1
                                },
                                {
                                    "Worker Number": 3,
                                    "Actual Startup Time": 216.151,
                                    "Actual Total Time": 216.152,
                                    "Actual Rows": 1,
                                    "Actual Loops": 1
                                },
                                {
                                    "Worker Number": 4,
                                    "Actual Startup Time": 216.444,
                                    "Actual Total Time": 216.446,
                                    "Actual Rows": 1,
                                    "Actual Loops": 1
                                },
                                {
                                    "Worker Number": 5,
                                    "Actual Startup Time": 216.851,
                                    "Actual Total Time": 216.853,
                                    "Actual Rows": 1,
                                    "Actual Loops": 1
                                }
                            ],
                            "Plans": [
                                {
                                    "Node Type": "Bitmap Heap Scan",
                                    "Parent Relationship": "Outer",
                                    "Parallel Aware": true,
                                    "Relation Name": "cast_info",
                                    "Schema": "public",
                                    "Alias": "ci",
                                    "Startup Cost": 50998.87,
                                    "Total Cost": 308498.32,
                                    "Plan Rows": 384996,
                                    "Plan Width": 0,
                                    "Actual Startup Time": 86.109,
                                    "Actual Total Time": 197.378,
                                    "Actual Rows": 340905,
                                    "Actual Loops": 7,
                                    "Recheck Cond": "(ci.person_id > 3596225)",
                                    "Rows Removed by Index Recheck": 0,
                                    "Exact Heap Blocks": 8851,
                                    "Lossy Heap Blocks": 0,
                                    "Workers": [
                                        {
                                            "Worker Number": 0,
                                            "Actual Startup Time": 83.913,
                                            "Actual Total Time": 195.09,
                                            "Actual Rows": 265633,
                                            "Actual Loops": 1
                                        },
                                        {
                                            "Worker Number": 1,
                                            "Actual Startup Time": 83.817,
                                            "Actual Total Time": 195.716,
                                            "Actual Rows": 257567,
                                            "Actual Loops": 1
                                        },
                                        {
                                            "Worker Number": 2,
                                            "Actual Startup Time": 84.791,
                                            "Actual Total Time": 196.303,
                                            "Actual Rows": 259430,
                                            "Actual Loops": 1
                                        },
                                        {
                                            "Worker Number": 3,
                                            "Actual Startup Time": 84.484,
                                            "Actual Total Time": 196.427,
                                            "Actual Rows": 258294,
                                            "Actual Loops": 1
                                        },
                                        {
                                            "Worker Number": 4,
                                            "Actual Startup Time": 85.316,
                                            "Actual Total Time": 196.787,
                                            "Actual Rows": 373508,
                                            "Actual Loops": 1
                                        },
                                        {
                                            "Worker Number": 5,
                                            "Actual Startup Time": 85.019,
                                            "Actual Total Time": 197.759,
                                            "Actual Rows": 371054,
                                            "Actual Loops": 1
                                        }
                                    ],
                                    "Plans": [
                                        {
                                            "Node Type": "Bitmap Index Scan",
                                            "Parent Relationship": "Outer",
                                            "Parallel Aware": false,
                                            "Index Name": "person_id_cast_info",
                                            "Startup Cost": 0.0,
                                            "Total Cost": 50421.38,
                                            "Plan Rows": 2309975,
                                            "Plan Width": 0,
                                            "Actual Startup Time": 89.861,
                                            "Actual Total Time": 89.862,
                                            "Actual Rows": 2386336,
                                            "Actual Loops": 1,
                                            "Index Cond": "(ci.person_id > 3596225)"
                                        }
                                    ]
                                }
                            ]
                        }
                    ]
                }
            ]
        },
        "Planning Time": 197.194,
        "Triggers": [],
        "Execution Time": 236.368
    }
]