[
  {
    "Plan": {
      "Node Type": "Aggregate",
      "Strategy": "Plain",
      "Partial Mode": "Finalize",
      "Parallel Aware": false,
      "Startup Cost": 348438.18,
      "Total Cost": 348438.2,
      "Plan Rows": 1,
      "Plan Width": 8,
      "Actual Startup Time": 775.75,
      "Actual Total Time": 820.654,
      "Actual Rows": 1,
      "Actual Loops": 1,
      "Plans": [
        {
          "Node Type": "Gather",
          "Parent Relationship": "Outer",
          "Parallel Aware": false,
          "Startup Cost": 348437.56,
          "Total Cost": 348438.17,
          "Plan Rows": 6,
          "Plan Width": 8,
          "Actual Startup Time": 775.568,
          "Actual Total Time": 820.639,
          "Actual Rows": 7,
          "Actual Loops": 1,
          "Workers Planned": 6,
          "Workers Launched": 6,
          "Single Copy": false,
          "Plans": [
            {
              "Node Type": "Aggregate",
              "Strategy": "Plain",
              "Partial Mode": "Partial",
              "Parent Relationship": "Outer",
              "Parallel Aware": false,
              "Startup Cost": 347437.56,
              "Total Cost": 347437.57,
              "Plan Rows": 1,
              "Plan Width": 8,
              "Actual Startup Time": 768.43,
              "Actual Total Time": 768.431,
              "Actual Rows": 1,
              "Actual Loops": 7,
              "Plans": [
                {
                  "Node Type": "Seq Scan",
                  "Parent Relationship": "Outer",
                  "Parallel Aware": true,
                  "Relation Name": "cast_info",
                  "Alias": "ci",
                  "Startup Cost": 0.0,
                  "Total Cost": 343316.27,
                  "Plan Rows": 1648516,
                  "Plan Width": 0,
                  "Actual Startup Time": 356.488,
                  "Actual Total Time": 682.822,
                  "Actual Rows": 1747706,
                  "Actual Loops": 7,
                  "Filter": "((person_id > 1382817) AND (role_id > 2))",
                  "Rows Removed by Filter": 3430057
                }
              ]
            }
          ]
        }
      ]
    },
    "Planning Time": 0.118,
    "Triggers": [],
    "Execution Time": 820.697
  }
]