[
    {
        "Bao": {
            "Bao prediction": "NaN",
            "Bao recommended hint": "(no hint)"
        }
    },
    {
        "Plan": {
            "Node Type": "Aggregate",
            "Strategy": "Plain",
            "Partial Mode": "Finalize",
            "Parallel Aware": false,
            "Startup Cost": 394201.93,
            "Total Cost": 394201.94,
            "Plan Rows": 1,
            "Plan Width": 8,
            "Actual Startup Time": 2190.111,
            "Actual Total Time": 2222.991,
            "Actual Rows": 1,
            "Actual Loops": 1,
            "Output": [
                "count(*)"
            ],
            "Plans": [
                {
                    "Node Type": "Gather",
                    "Parent Relationship": "Outer",
                    "Parallel Aware": false,
                    "Startup Cost": 394201.3,
                    "Total Cost": 394201.91,
                    "Plan Rows": 6,
                    "Plan Width": 8,
                    "Actual Startup Time": 2163.389,
                    "Actual Total Time": 2222.979,
                    "Actual Rows": 7,
                    "Actual Loops": 1,
                    "Output": [
                        "(PARTIAL count(*))"
                    ],
                    "Workers Planned": 6,
                    "Workers Launched": 6,
                    "Single Copy": false,
                    "Plans": [
                        {
                            "Node Type": "Aggregate",
                            "Strategy": "Plain",
                            "Partial Mode": "Partial",
                            "Parent Relationship": "Outer",
                            "Parallel Aware": false,
                            "Startup Cost": 393201.3,
                            "Total Cost": 393201.31,
                            "Plan Rows": 1,
                            "Plan Width": 8,
                            "Actual Startup Time": 2149.888,
                            "Actual Total Time": 2149.891,
                            "Actual Rows": 1,
                            "Actual Loops": 7,
                            "Output": [
                                "PARTIAL count(*)"
                            ],
                            "Workers": [
                                {
                                    "Worker Number": 0,
                                    "Actual Startup Time": 2147.286,
                                    "Actual Total Time": 2147.288,
                                    "Actual Rows": 1,
                                    "Actual Loops": 1
                                },
                                {
                                    "Worker Number": 1,
                                    "Actual Startup Time": 2147.271,
                                    "Actual Total Time": 2147.274,
                                    "Actual Rows": 1,
                                    "Actual Loops": 1
                                },
                                {
                                    "Worker Number": 2,
                                    "Actual Startup Time": 2147.459,
                                    "Actual Total Time": 2147.462,
                                    "Actual Rows": 1,
                                    "Actual Loops": 1
                                },
                                {
                                    "Worker Number": 3,
                                    "Actual Startup Time": 2147.504,
                                    "Actual Total Time": 2147.508,
                                    "Actual Rows": 1,
                                    "Actual Loops": 1
                                },
                                {
                                    "Worker Number": 4,
                                    "Actual Startup Time": 2147.195,
                                    "Actual Total Time": 2147.198,
                                    "Actual Rows": 1,
                                    "Actual Loops": 1
                                },
                                {
                                    "Worker Number": 5,
                                    "Actual Startup Time": 2149.514,
                                    "Actual Total Time": 2149.517,
                                    "Actual Rows": 1,
                                    "Actual Loops": 1
                                }
                            ],
                            "Plans": [
                                {
                                    "Node Type": "Hash Join",
                                    "Parent Relationship": "Outer",
                                    "Parallel Aware": true,
                                    "Join Type": "Inner",
                                    "Startup Cost": 50219.81,
                                    "Total Cost": 385997.46,
                                    "Plan Rows": 2881536,
                                    "Plan Width": 0,
                                    "Actual Startup Time": 250.868,
                                    "Actual Total Time": 2014.217,
                                    "Actual Rows": 2457736,
                                    "Actual Loops": 7,
                                    "Inner Unique": true,
                                    "Hash Cond": "(ci.movie_id = t.id)",
                                    "Workers": [
                                        {
                                            "Worker Number": 0,
                                            "Actual Startup Time": 248.597,
                                            "Actual Total Time": 2024.022,
                                            "Actual Rows": 2901268,
                                            "Actual Loops": 1
                                        },
                                        {
                                            "Worker Number": 1,
                                            "Actual Startup Time": 248.578,
                                            "Actual Total Time": 2023.199,
                                            "Actual Rows": 2918426,
                                            "Actual Loops": 1
                                        },
                                        {
                                            "Worker Number": 2,
                                            "Actual Startup Time": 248.779,
                                            "Actual Total Time": 2002.168,
                                            "Actual Rows": 2108791,
                                            "Actual Loops": 1
                                        },
                                        {
                                            "Worker Number": 3,
                                            "Actual Startup Time": 248.66,
                                            "Actual Total Time": 2000.701,
                                            "Actual Rows": 2123922,
                                            "Actual Loops": 1
                                        },
                                        {
                                            "Worker Number": 4,
                                            "Actual Startup Time": 248.505,
                                            "Actual Total Time": 2006.228,
                                            "Actual Rows": 2034260,
                                            "Actual Loops": 1
                                        },
                                        {
                                            "Worker Number": 5,
                                            "Actual Startup Time": 248.683,
                                            "Actual Total Time": 2007.972,
                                            "Actual Rows": 2035998,
                                            "Actual Loops": 1
                                        }
                                    ],
                                    "Plans": [
                                        {
                                            "Node Type": "Seq Scan",
                                            "Parent Relationship": "Outer",
                                            "Parallel Aware": true,
                                            "Relation Name": "cast_info",
                                            "Schema": "public",
                                            "Alias": "ci",
                                            "Startup Cost": 0.0,
                                            "Total Cost": 328213.62,
                                            "Plan Rows": 2881536,
                                            "Plan Width": 4,
                                            "Actual Startup Time": 0.027,
                                            "Actual Total Time": 611.844,
                                            "Actual Rows": 2457736,
                                            "Actual Loops": 7,
                                            "Output": [
                                                "ci.id",
                                                "ci.person_id",
                                                "ci.movie_id",
                                                "ci.person_role_id",
                                                "ci.note",
                                                "ci.nr_order",
                                                "ci.role_id"
                                            ],
                                            "Filter": "(ci.person_id < 1699284)",
                                            "Rows Removed by Filter": 2720028,
                                            "Workers": [
                                                {
                                                    "Worker Number": 0,
                                                    "Actual Startup Time": 0.025,
                                                    "Actual Total Time": 592.364,
                                                    "Actual Rows": 2901268,
                                                    "Actual Loops": 1
                                                },
                                                {
                                                    "Worker Number": 1,
                                                    "Actual Startup Time": 0.027,
                                                    "Actual Total Time": 594.783,
                                                    "Actual Rows": 2918426,
                                                    "Actual Loops": 1
                                                },
                                                {
                                                    "Worker Number": 2,
                                                    "Actual Startup Time": 0.03,
                                                    "Actual Total Time": 644.134,
                                                    "Actual Rows": 2108791,
                                                    "Actual Loops": 1
                                                },
                                                {
                                                    "Worker Number": 3,
                                                    "Actual Startup Time": 0.029,
                                                    "Actual Total Time": 646.756,
                                                    "Actual Rows": 2123922,
                                                    "Actual Loops": 1
                                                },
                                                {
                                                    "Worker Number": 4,
                                                    "Actual Startup Time": 0.033,
                                                    "Actual Total Time": 632.381,
                                                    "Actual Rows": 2034260,
                                                    "Actual Loops": 1
                                                },
                                                {
                                                    "Worker Number": 5,
                                                    "Actual Startup Time": 0.034,
                                                    "Actual Total Time": 633.625,
                                                    "Actual Rows": 2035998,
                                                    "Actual Loops": 1
                                                }
                                            ]
                                        },
                                        {
                                            "Node Type": "Hash",
                                            "Parent Relationship": "Inner",
                                            "Parallel Aware": true,
                                            "Startup Cost": 42318.81,
                                            "Total Cost": 42318.81,
                                            "Plan Rows": 632080,
                                            "Plan Width": 4,
                                            "Actual Startup Time": 245.992,
                                            "Actual Total Time": 245.993,
                                            "Actual Rows": 361187,
                                            "Actual Loops": 7,
                                            "Output": [
                                                "t.id"
                                            ],
                                            "Hash Buckets": 4194304,
                                            "Original Hash Buckets": 4194304,
                                            "Hash Batches": 1,
                                            "Original Hash Batches": 1,
                                            "Peak Memory Usage": 131808,
                                            "Workers": [
                                                {
                                                    "Worker Number": 0,
                                                    "Actual Startup Time": 247.682,
                                                    "Actual Total Time": 247.683,
                                                    "Actual Rows": 407978,
                                                    "Actual Loops": 1
                                                },
                                                {
                                                    "Worker Number": 1,
                                                    "Actual Startup Time": 247.669,
                                                    "Actual Total Time": 247.67,
                                                    "Actual Rows": 413182,
                                                    "Actual Loops": 1
                                                },
                                                {
                                                    "Worker Number": 2,
                                                    "Actual Startup Time": 247.847,
                                                    "Actual Total Time": 247.848,
                                                    "Actual Rows": 299078,
                                                    "Actual Loops": 1
                                                },
                                                {
                                                    "Worker Number": 3,
                                                    "Actual Startup Time": 247.845,
                                                    "Actual Total Time": 247.846,
                                                    "Actual Rows": 302943,
                                                    "Actual Loops": 1
                                                },
                                                {
                                                    "Worker Number": 4,
                                                    "Actual Startup Time": 247.585,
                                                    "Actual Total Time": 247.586,
                                                    "Actual Rows": 280859,
                                                    "Actual Loops": 1
                                                },
                                                {
                                                    "Worker Number": 5,
                                                    "Actual Startup Time": 247.861,
                                                    "Actual Total Time": 247.862,
                                                    "Actual Rows": 280607,
                                                    "Actual Loops": 1
                                                }
                                            ],
                                            "Plans": [
                                                {
                                                    "Node Type": "Seq Scan",
                                                    "Parent Relationship": "Outer",
                                                    "Parallel Aware": true,
                                                    "Relation Name": "title",
                                                    "Schema": "public",
                                                    "Alias": "t",
                                                    "Startup Cost": 0.0,
                                                    "Total Cost": 42318.81,
                                                    "Plan Rows": 632080,
                                                    "Plan Width": 4,
                                                    "Actual Startup Time": 0.043,
                                                    "Actual Total Time": 73.778,
                                                    "Actual Rows": 361187,
                                                    "Actual Loops": 7,
                                                    "Output": [
                                                        "t.id"
                                                    ],
                                                    "Workers": [
                                                        {
                                                            "Worker Number": 0,
                                                            "Actual Startup Time": 0.045,
                                                            "Actual Total Time": 73.259,
                                                            "Actual Rows": 407978,
                                                            "Actual Loops": 1
                                                        },
                                                        {
                                                            "Worker Number": 1,
                                                            "Actual Startup Time": 0.06,
                                                            "Actual Total Time": 73.012,
                                                            "Actual Rows": 413182,
                                                            "Actual Loops": 1
                                                        },
                                                        {
                                                            "Worker Number": 2,
                                                            "Actual Startup Time": 0.045,
                                                            "Actual Total Time": 78.622,
                                                            "Actual Rows": 299078,
                                                            "Actual Loops": 1
                                                        },
                                                        {
                                                            "Worker Number": 3,
                                                            "Actual Startup Time": 0.024,
                                                            "Actual Total Time": 79.198,
                                                            "Actual Rows": 302943,
                                                            "Actual Loops": 1
                                                        },
                                                        {
                                                            "Worker Number": 4,
                                                            "Actual Startup Time": 0.061,
                                                            "Actual Total Time": 76.476,
                                                            "Actual Rows": 280859,
                                                            "Actual Loops": 1
                                                        },
                                                        {
                                                            "Worker Number": 5,
                                                            "Actual Startup Time": 0.05,
                                                            "Actual Total Time": 77.221,
                                                            "Actual Rows": 280607,
                                                            "Actual Loops": 1
                                                        }
                                                    ]
                                                }
                                            ]
                                        }
                                    ]
                                }
                            ]
                        }
                    ]
                }
            ]
        },
        "Planning Time": 190.256,
        "Triggers": [],
        "Execution Time": 2223.052
    }
]