{
  "Plan": {
    "Node Type": "Aggregate",
    "Strategy": "Plain",
    "Partial Mode": "Finalize",
    "Parallel Aware": false,
    "Startup Cost": 104431.86,
    "Total Cost": 104431.87,
    "Plan Rows": 1,
    "Plan Width": 8,
    "Actual Startup Time": 293.533,
    "Actual Total Time": 307.415,
    "Actual Rows": 1,
    "Actual Loops": 1,
    "Plans": [
      {
        "Node Type": "Gather",
        "Parent Relationship": "Outer",
        "Parallel Aware": false,
        "Startup Cost": 104431.75,
        "Total Cost": 104431.86,
        "Plan Rows": 1,
        "Plan Width": 8,
        "Actual Startup Time": 292.997,
        "Actual Total Time": 307.407,
        "Actual Rows": 2,
        "Actual Loops": 1,
        "Workers Planned": 1,
        "Workers Launched": 1,
        "Single Copy": false,
        "Plans": [
          {
            "Node Type": "Aggregate",
            "Strategy": "Plain",
            "Partial Mode": "Partial",
            "Parent Relationship": "Outer",
            "Parallel Aware": false,
            "Startup Cost": 103431.75,
            "Total Cost": 103431.76,
            "Plan Rows": 1,
            "Plan Width": 8,
            "Actual Startup Time": 285.806,
            "Actual Total Time": 285.81,
            "Actual Rows": 1,
            "Actual Loops": 2,
            "Plans": [
              {
                "Node Type": "Nested Loop",
                "Parent Relationship": "Outer",
                "Parallel Aware": false,
                "Join Type": "Inner",
                "Startup Cost": 71494.9,
                "Total Cost": 103419.75,
                "Plan Rows": 4802,
                "Plan Width": 0,
                "Actual Startup Time": 177.07,
                "Actual Total Time": 285.247,
                "Actual Rows": 8084,
                "Actual Loops": 2,
                "Inner Unique": false,
                "Join Filter": "(t.id = mi_idx.movie_id)",
                "Rows Removed by Join Filter": 0,
                "Plans": [
                  {
                    "Node Type": "Hash Join",
                    "Parent Relationship": "Outer",
                    "Parallel Aware": true,
                    "Join Type": "Inner",
                    "Startup Cost": 71494.47,
                    "Total Cost": 95403.4,
                    "Plan Rows": 13119,
                    "Plan Width": 8,
                    "Actual Startup Time": 176.946,
                    "Actual Total Time": 267.524,
                    "Actual Rows": 8771,
                    "Actual Loops": 2,
                    "Inner Unique": true,
                    "Hash Cond": "(mc.movie_id = t.id)",
                    "Plans": [
                      {
                        "Node Type": "Bitmap Heap Scan",
                        "Parent Relationship": "Outer",
                        "Parallel Aware": true,
                        "Relation Name": "movie_companies",
                        "Alias": "mc",
                        "Startup Cost": 12467.4,
                        "Total Cost": 35487.92,
                        "Plan Rows": 338442,
                        "Plan Width": 4,
                        "Actual Startup Time": 27.376,
                        "Actual Total Time": 77.552,
                        "Actual Rows": 285273,
                        "Actual Loops": 2,
                        "Recheck Cond": "(company_id < 598)",
                        "Rows Removed by Index Recheck": 0,
                        "Exact Heap Blocks": 10391,
                        "Lossy Heap Blocks": 0,
                        "Plans": [
                          {
                            "Node Type": "Bitmap Index Scan",
                            "Parent Relationship": "Outer",
                            "Parallel Aware": false,
                            "Index Name": "company_id_movie_companies",
                            "Startup Cost": 0.0,
                            "Total Cost": 12323.56,
                            "Plan Rows": 575351,
                            "Plan Width": 0,
                            "Actual Startup Time": 24.622,
                            "Actual Total Time": 24.623,
                            "Actual Rows": 570546,
                            "Actual Loops": 1,
                            "Index Cond": "(company_id < 598)"
                          }
                        ]
                      },
                      {
                        "Node Type": "Hash",
                        "Parent Relationship": "Inner",
                        "Parallel Aware": true,
                        "Startup Cost": 58306.47,
                        "Total Cost": 58306.47,
                        "Plan Rows": 57648,
                        "Plan Width": 4,
                        "Actual Startup Time": 147.486,
                        "Actual Total Time": 147.487,
                        "Actual Rows": 53124,
                        "Actual Loops": 2,
                        "Hash Buckets": 131072,
                        "Original Hash Buckets": 131072,
                        "Hash Batches": 1,
                        "Original Hash Batches": 1,
                        "Peak Memory Usage": 5184,
                        "Plans": [
                          {
                            "Node Type": "Seq Scan",
                            "Parent Relationship": "Outer",
                            "Parallel Aware": true,
                            "Relation Name": "title",
                            "Alias": "t",
                            "Startup Cost": 0.0,
                            "Total Cost": 58306.47,
                            "Plan Rows": 57648,
                            "Plan Width": 4,
                            "Actual Startup Time": 0.033,
                            "Actual Total Time": 134.005,
                            "Actual Rows": 53124,
                            "Actual Loops": 2,
                            "Filter": "((kind_id = 7) AND (production_year = 2011))",
                            "Rows Removed by Filter": 1211032
                          }
                        ]
                      }
                    ]
                  },
                  {
                    "Node Type": "Index Scan",
                    "Parent Relationship": "Inner",
                    "Parallel Aware": false,
                    "Scan Direction": "Forward",
                    "Index Name": "movie_id_movie_info_idx",
                    "Relation Name": "movie_info_idx",
                    "Alias": "mi_idx",
                    "Startup Cost": 0.43,
                    "Total Cost": 0.59,
                    "Plan Rows": 2,
                    "Plan Width": 4,
                    "Actual Startup Time": 0.002,
                    "Actual Total Time": 0.002,
                    "Actual Rows": 1,
                    "Actual Loops": 17542,
                    "Index Cond": "(movie_id = mc.movie_id)",
                    "Rows Removed by Index Recheck": 0,
                    "Filter": "(info_type_id > 99)",
                    "Rows Removed by Filter": 0
                  }
                ]
              }
            ]
          }
        ]
      }
    ]
  },
  "Planning Time": 0.976,
  "Triggers": [],
  "Execution Time": 307.52
}