[
    {
        "Bao": {
            "Bao prediction": "NaN",
            "Bao recommended hint": "(no hint)"
        }
    },
    {
        "Plan": {
            "Node Type": "Aggregate",
            "Strategy": "Plain",
            "Partial Mode": "Finalize",
            "Parallel Aware": false,
            "Startup Cost": 327858.93,
            "Total Cost": 327858.94,
            "Plan Rows": 1,
            "Plan Width": 8,
            "Actual Startup Time": 327.54,
            "Actual Total Time": 336.346,
            "Actual Rows": 1,
            "Actual Loops": 1,
            "Output": [
                "count(*)"
            ],
            "Plans": [
                {
                    "Node Type": "Gather",
                    "Parent Relationship": "Outer",
                    "Parallel Aware": false,
                    "Startup Cost": 327858.3,
                    "Total Cost": 327858.91,
                    "Plan Rows": 6,
                    "Plan Width": 8,
                    "Actual Startup Time": 326.535,
                    "Actual Total Time": 336.338,
                    "Actual Rows": 7,
                    "Actual Loops": 1,
                    "Output": [
                        "(PARTIAL count(*))"
                    ],
                    "Workers Planned": 6,
                    "Workers Launched": 6,
                    "Single Copy": false,
                    "Plans": [
                        {
                            "Node Type": "Aggregate",
                            "Strategy": "Plain",
                            "Partial Mode": "Partial",
                            "Parent Relationship": "Outer",
                            "Parallel Aware": false,
                            "Startup Cost": 326858.3,
                            "Total Cost": 326858.31,
                            "Plan Rows": 1,
                            "Plan Width": 8,
                            "Actual Startup Time": 316.153,
                            "Actual Total Time": 316.154,
                            "Actual Rows": 1,
                            "Actual Loops": 7,
                            "Output": [
                                "PARTIAL count(*)"
                            ],
                            "Workers": [
                                {
                                    "Worker Number": 0,
                                    "Actual Startup Time": 311.608,
                                    "Actual Total Time": 311.609,
                                    "Actual Rows": 1,
                                    "Actual Loops": 1
                                },
                                {
                                    "Worker Number": 1,
                                    "Actual Startup Time": 313.622,
                                    "Actual Total Time": 313.624,
                                    "Actual Rows": 1,
                                    "Actual Loops": 1
                                },
                                {
                                    "Worker Number": 2,
                                    "Actual Startup Time": 314.277,
                                    "Actual Total Time": 314.278,
                                    "Actual Rows": 1,
                                    "Actual Loops": 1
                                },
                                {
                                    "Worker Number": 3,
                                    "Actual Startup Time": 313.645,
                                    "Actual Total Time": 313.647,
                                    "Actual Rows": 1,
                                    "Actual Loops": 1
                                },
                                {
                                    "Worker Number": 4,
                                    "Actual Startup Time": 318.94,
                                    "Actual Total Time": 318.942,
                                    "Actual Rows": 1,
                                    "Actual Loops": 1
                                },
                                {
                                    "Worker Number": 5,
                                    "Actual Startup Time": 315.135,
                                    "Actual Total Time": 315.137,
                                    "Actual Rows": 1,
                                    "Actual Loops": 1
                                }
                            ],
                            "Plans": [
                                {
                                    "Node Type": "Bitmap Heap Scan",
                                    "Parent Relationship": "Outer",
                                    "Parallel Aware": true,
                                    "Relation Name": "cast_info",
                                    "Schema": "public",
                                    "Alias": "ci",
                                    "Startup Cost": 66178.83,
                                    "Total Cost": 326415.32,
                                    "Plan Rows": 177195,
                                    "Plan Width": 0,
                                    "Actual Startup Time": 167.408,
                                    "Actual Total Time": 296.12,
                                    "Actual Rows": 315205,
                                    "Actual Loops": 7,
                                    "Recheck Cond": "(ci.person_id < 297949)",
                                    "Rows Removed by Index Recheck": 0,
                                    "Filter": "(ci.role_id = 1)",
                                    "Rows Removed by Filter": 123253,
                                    "Exact Heap Blocks": 8053,
                                    "Lossy Heap Blocks": 0,
                                    "Workers": [
                                        {
                                            "Worker Number": 0,
                                            "Actual Startup Time": 163.204,
                                            "Actual Total Time": 291.555,
                                            "Actual Rows": 253397,
                                            "Actual Loops": 1
                                        },
                                        {
                                            "Worker Number": 1,
                                            "Actual Startup Time": 164.911,
                                            "Actual Total Time": 294.084,
                                            "Actual Rows": 248207,
                                            "Actual Loops": 1
                                        },
                                        {
                                            "Worker Number": 2,
                                            "Actual Startup Time": 165.611,
                                            "Actual Total Time": 294.061,
                                            "Actual Rows": 365243,
                                            "Actual Loops": 1
                                        },
                                        {
                                            "Worker Number": 3,
                                            "Actual Startup Time": 165.069,
                                            "Actual Total Time": 293.533,
                                            "Actual Rows": 254532,
                                            "Actual Loops": 1
                                        },
                                        {
                                            "Worker Number": 4,
                                            "Actual Startup Time": 170.008,
                                            "Actual Total Time": 299.59,
                                            "Actual Rows": 174650,
                                            "Actual Loops": 1
                                        },
                                        {
                                            "Worker Number": 5,
                                            "Actual Startup Time": 166.32,
                                            "Actual Total Time": 295.886,
                                            "Actual Rows": 354249,
                                            "Actual Loops": 1
                                        }
                                    ],
                                    "Plans": [
                                        {
                                            "Node Type": "Bitmap Index Scan",
                                            "Parent Relationship": "Outer",
                                            "Parallel Aware": false,
                                            "Index Name": "person_id_cast_info",
                                            "Startup Cost": 0.0,
                                            "Total Cost": 65913.04,
                                            "Plan Rows": 3019796,
                                            "Plan Width": 0,
                                            "Actual Startup Time": 171.656,
                                            "Actual Total Time": 171.656,
                                            "Actual Rows": 3069210,
                                            "Actual Loops": 1,
                                            "Index Cond": "(ci.person_id < 297949)"
                                        }
                                    ]
                                }
                            ]
                        }
                    ]
                }
            ]
        },
        "Planning Time": 185.567,
        "Triggers": [],
        "Execution Time": 336.457
    }
]