[
  {
    "Plan": {
      "Node Type": "Aggregate",
      "Strategy": "Plain",
      "Partial Mode": "Finalize",
      "Parallel Aware": false,
      "Startup Cost": 104569.23,
      "Total Cost": 104569.24,
      "Plan Rows": 1,
      "Plan Width": 8,
      "Actual Startup Time": 439.043,
      "Actual Total Time": 456.85,
      "Actual Rows": 1,
      "Actual Loops": 1,
      "Plans": [
        {
          "Node Type": "Gather",
          "Parent Relationship": "Outer",
          "Parallel Aware": false,
          "Startup Cost": 104569.02,
          "Total Cost": 104569.23,
          "Plan Rows": 2,
          "Plan Width": 8,
          "Actual Startup Time": 435.843,
          "Actual Total Time": 456.842,
          "Actual Rows": 3,
          "Actual Loops": 1,
          "Workers Planned": 2,
          "Workers Launched": 2,
          "Single Copy": false,
          "Plans": [
            {
              "Node Type": "Aggregate",
              "Strategy": "Plain",
              "Partial Mode": "Partial",
              "Parent Relationship": "Outer",
              "Parallel Aware": false,
              "Startup Cost": 103569.02,
              "Total Cost": 103569.03,
              "Plan Rows": 1,
              "Plan Width": 8,
              "Actual Startup Time": 425.815,
              "Actual Total Time": 425.82,
              "Actual Rows": 1,
              "Actual Loops": 3,
              "Plans": [
                {
                  "Node Type": "Hash Join",
                  "Parent Relationship": "Outer",
                  "Parallel Aware": true,
                  "Join Type": "Inner",
                  "Startup Cost": 87669.79,
                  "Total Cost": 103540.12,
                  "Plan Rows": 11559,
                  "Plan Width": 0,
                  "Actual Startup Time": 363.595,
                  "Actual Total Time": 422.952,
                  "Actual Rows": 70579,
                  "Actual Loops": 3,
                  "Inner Unique": false,
                  "Hash Cond": "(mi_idx.movie_id = t.id)",
                  "Plans": [
                    {
                      "Node Type": "Seq Scan",
                      "Parent Relationship": "Outer",
                      "Parallel Aware": true,
                      "Relation Name": "movie_info_idx",
                      "Alias": "mi_idx",
                      "Startup Cost": 0.0,
                      "Total Cost": 15122.68,
                      "Plan Rows": 189429,
                      "Plan Width": 4,
                      "Actual Startup Time": 0.026,
                      "Actual Total Time": 37.312,
                      "Actual Rows": 153308,
                      "Actual Loops": 3,
                      "Filter": "(info_type_id < 100)",
                      "Rows Removed by Filter": 306703
                    },
                    {
                      "Node Type": "Hash",
                      "Parent Relationship": "Inner",
                      "Parallel Aware": true,
                      "Startup Cost": 87047.71,
                      "Total Cost": 87047.71,
                      "Plan Rows": 49766,
                      "Plan Width": 8,
                      "Actual Startup Time": 355.956,
                      "Actual Total Time": 355.959,
                      "Actual Rows": 89682,
                      "Actual Loops": 3,
                      "Hash Buckets": 524288,
                      "Original Hash Buckets": 262144,
                      "Hash Batches": 1,
                      "Original Hash Batches": 1,
                      "Peak Memory Usage": 16704,
                      "Plans": [
                        {
                          "Node Type": "Hash Join",
                          "Parent Relationship": "Outer",
                          "Parallel Aware": true,
                          "Join Type": "Inner",
                          "Startup Cost": 59790.1,
                          "Total Cost": 87047.71,
                          "Plan Rows": 49766,
                          "Plan Width": 8,
                          "Actual Startup Time": 225.413,
                          "Actual Total Time": 331.815,
                          "Actual Rows": 89682,
                          "Actual Loops": 3,
                          "Inner Unique": true,
                          "Hash Cond": "(mk.movie_id = t.id)",
                          "Plans": [
                            {
                              "Node Type": "Bitmap Heap Scan",
                              "Parent Relationship": "Outer",
                              "Parallel Aware": true,
                              "Relation Name": "movie_keyword",
                              "Alias": "mk",
                              "Startup Cost": 12189.78,
                              "Total Cost": 38960.81,
                              "Plan Rows": 185363,
                              "Plan Width": 4,
                              "Actual Startup Time": 40.273,
                              "Actual Total Time": 105.445,
                              "Actual Rows": 187640,
                              "Actual Loops": 3,
                              "Recheck Cond": "(keyword_id > 32608)",
                              "Rows Removed by Index Recheck": 0,
                              "Exact Heap Blocks": 8553,
                              "Lossy Heap Blocks": 0,
                              "Plans": [
                                {
                                  "Node Type": "Bitmap Index Scan",
                                  "Parent Relationship": "Outer",
                                  "Parallel Aware": false,
                                  "Index Name": "keyword_id_movie_keyword",
                                  "Startup Cost": 0.0,
                                  "Total Cost": 12046.12,
                                  "Plan Rows": 574625,
                                  "Plan Width": 0,
                                  "Actual Startup Time": 36.755,
                                  "Actual Total Time": 36.755,
                                  "Actual Rows": 562920,
                                  "Actual Loops": 1,
                                  "Index Cond": "(keyword_id > 32608)"
                                }
                              ]
                            },
                            {
                              "Node Type": "Hash",
                              "Parent Relationship": "Inner",
                              "Parallel Aware": true,
                              "Startup Cost": 45479.1,
                              "Total Cost": 45479.1,
                              "Plan Rows": 169698,
                              "Plan Width": 4,
                              "Actual Startup Time": 180.544,
                              "Actual Total Time": 180.545,
                              "Actual Rows": 192095,
                              "Actual Loops": 3,
                              "Hash Buckets": 1048576,
                              "Original Hash Buckets": 1048576,
                              "Hash Batches": 1,
                              "Original Hash Batches": 1,
                              "Peak Memory Usage": 30784,
                              "Plans": [
                                {
                                  "Node Type": "Seq Scan",
                                  "Parent Relationship": "Outer",
                                  "Parallel Aware": true,
                                  "Relation Name": "title",
                                  "Alias": "t",
                                  "Startup Cost": 0.0,
                                  "Total Cost": 45479.1,
                                  "Plan Rows": 169698,
                                  "Plan Width": 4,
                                  "Actual Startup Time": 0.035,
                                  "Actual Total Time": 119.021,
                                  "Actual Rows": 192095,
                                  "Actual Loops": 3,
                                  "Filter": "((kind_id < 7) AND (production_year > 1991))",
                                  "Rows Removed by Filter": 650676
                                }
                              ]
                            }
                          ]
                        }
                      ]
                    }
                  ]
                }
              ]
            }
          ]
        }
      ]
    },
    "Planning Time": 1.392,
    "Triggers": [],
    "Execution Time": 456.955
  }
]