[
  {
    "Plan": {
      "Node Type": "Aggregate",
      "Strategy": "Plain",
      "Partial Mode": "Finalize",
      "Parallel Aware": false,
      "Startup Cost": 40218.58,
      "Total Cost": 40218.59,
      "Plan Rows": 1,
      "Plan Width": 8,
      "Actual Startup Time": 224.141,
      "Actual Total Time": 267.081,
      "Actual Rows": 1,
      "Actual Loops": 1,
      "Plans": [
        {
          "Node Type": "Gather",
          "Parent Relationship": "Outer",
          "Parallel Aware": false,
          "Startup Cost": 40218.26,
          "Total Cost": 40218.57,
          "Plan Rows": 3,
          "Plan Width": 8,
          "Actual Startup Time": 223.656,
          "Actual Total Time": 267.071,
          "Actual Rows": 4,
          "Actual Loops": 1,
          "Workers Planned": 3,
          "Workers Launched": 3,
          "Single Copy": false,
          "Plans": [
            {
              "Node Type": "Aggregate",
              "Strategy": "Plain",
              "Partial Mode": "Partial",
              "Parent Relationship": "Outer",
              "Parallel Aware": false,
              "Startup Cost": 39218.26,
              "Total Cost": 39218.27,
              "Plan Rows": 1,
              "Plan Width": 8,
              "Actual Startup Time": 214.531,
              "Actual Total Time": 214.534,
              "Actual Rows": 1,
              "Actual Loops": 4,
              "Plans": [
                {
                  "Node Type": "Nested Loop",
                  "Parent Relationship": "Outer",
                  "Parallel Aware": false,
                  "Join Type": "Inner",
                  "Startup Cost": 303.76,
                  "Total Cost": 39187.64,
                  "Plan Rows": 12248,
                  "Plan Width": 0,
                  "Actual Startup Time": 2.078,
                  "Actual Total Time": 212.068,
                  "Actual Rows": 31344,
                  "Actual Loops": 4,
                  "Inner Unique": false,
                  "Plans": [
                    {
                      "Node Type": "Nested Loop",
                      "Parent Relationship": "Outer",
                      "Parallel Aware": false,
                      "Join Type": "Inner",
                      "Startup Cost": 303.19,
                      "Total Cost": 34504.08,
                      "Plan Rows": 2284,
                      "Plan Width": 8,
                      "Actual Startup Time": 1.592,
                      "Actual Total Time": 13.824,
                      "Actual Rows": 3182,
                      "Actual Loops": 4,
                      "Inner Unique": true,
                      "Plans": [
                        {
                          "Node Type": "Bitmap Heap Scan",
                          "Parent Relationship": "Outer",
                          "Parallel Aware": true,
                          "Relation Name": "movie_companies",
                          "Alias": "mc",
                          "Startup Cost": 302.76,
                          "Total Cost": 18604.21,
                          "Plan Rows": 2284,
                          "Plan Width": 4,
                          "Actual Startup Time": 1.391,
                          "Actual Total Time": 2.846,
                          "Actual Rows": 3182,
                          "Actual Loops": 4,
                          "Recheck Cond": "(company_id > 222940)",
                          "Rows Removed by Index Recheck": 0,
                          "Filter": "(company_type_id > 1)",
                          "Rows Removed by Filter": 0,
                          "Exact Heap Blocks": 284,
                          "Lossy Heap Blocks": 0,
                          "Plans": [
                            {
                              "Node Type": "Bitmap Index Scan",
                              "Parent Relationship": "Outer",
                              "Parallel Aware": false,
                              "Index Name": "company_id_movie_companies",
                              "Startup Cost": 0.0,
                              "Total Cost": 301.0,
                              "Plan Rows": 13942,
                              "Plan Width": 0,
                              "Actual Startup Time": 4.786,
                              "Actual Total Time": 4.787,
                              "Actual Rows": 12730,
                              "Actual Loops": 1,
                              "Index Cond": "(company_id > 222940)"
                            }
                          ]
                        },
                        {
                          "Node Type": "Index Only Scan",
                          "Parent Relationship": "Inner",
                          "Parallel Aware": false,
                          "Scan Direction": "Forward",
                          "Index Name": "title_pkey",
                          "Relation Name": "title",
                          "Alias": "t",
                          "Startup Cost": 0.43,
                          "Total Cost": 6.96,
                          "Plan Rows": 1,
                          "Plan Width": 4,
                          "Actual Startup Time": 0.003,
                          "Actual Total Time": 0.003,
                          "Actual Rows": 1,
                          "Actual Loops": 12730,
                          "Index Cond": "(id = mc.movie_id)",
                          "Rows Removed by Index Recheck": 0,
                          "Heap Fetches": 12730
                        }
                      ]
                    },
                    {
                      "Node Type": "Index Scan",
                      "Parent Relationship": "Inner",
                      "Parallel Aware": false,
                      "Scan Direction": "Forward",
                      "Index Name": "movie_id_cast_info",
                      "Relation Name": "cast_info",
                      "Alias": "ci",
                      "Startup Cost": 0.56,
                      "Total Cost": 1.91,
                      "Plan Rows": 14,
                      "Plan Width": 4,
                      "Actual Startup Time": 0.033,
                      "Actual Total Time": 0.061,
                      "Actual Rows": 10,
                      "Actual Loops": 12730,
                      "Index Cond": "(movie_id = t.id)",
                      "Rows Removed by Index Recheck": 0,
                      "Filter": "(person_id > 2318207)",
                      "Rows Removed by Filter": 15
                    }
                  ]
                }
              ]
            }
          ]
        }
      ]
    },
    "Planning Time": 1.506,
    "Triggers": [],
    "Execution Time": 267.2
  }
]