[
  {
    "Plan": {
      "Node Type": "Aggregate",
      "Strategy": "Plain",
      "Partial Mode": "Finalize",
      "Parallel Aware": false,
      "Startup Cost": 87189.48,
      "Total Cost": 87189.49,
      "Plan Rows": 1,
      "Plan Width": 8,
      "Actual Startup Time": 510.271,
      "Actual Total Time": 528.004,
      "Actual Rows": 1,
      "Actual Loops": 1,
      "Plans": [
        {
          "Node Type": "Gather",
          "Parent Relationship": "Outer",
          "Parallel Aware": false,
          "Startup Cost": 87189.16,
          "Total Cost": 87189.47,
          "Plan Rows": 3,
          "Plan Width": 8,
          "Actual Startup Time": 499.402,
          "Actual Total Time": 527.995,
          "Actual Rows": 4,
          "Actual Loops": 1,
          "Workers Planned": 3,
          "Workers Launched": 3,
          "Single Copy": false,
          "Plans": [
            {
              "Node Type": "Aggregate",
              "Strategy": "Plain",
              "Partial Mode": "Partial",
              "Parent Relationship": "Outer",
              "Parallel Aware": false,
              "Startup Cost": 86189.16,
              "Total Cost": 86189.17,
              "Plan Rows": 1,
              "Plan Width": 8,
              "Actual Startup Time": 486.753,
              "Actual Total Time": 486.757,
              "Actual Rows": 1,
              "Actual Loops": 4,
              "Plans": [
                {
                  "Node Type": "Hash Join",
                  "Parent Relationship": "Outer",
                  "Parallel Aware": true,
                  "Join Type": "Inner",
                  "Startup Cost": 59301.79,
                  "Total Cost": 85844.0,
                  "Plan Rows": 138064,
                  "Plan Width": 0,
                  "Actual Startup Time": 392.063,
                  "Actual Total Time": 480.92,
                  "Actual Rows": 105930,
                  "Actual Loops": 4,
                  "Inner Unique": true,
                  "Hash Cond": "(mk.movie_id = t.id)",
                  "Plans": [
                    {
                      "Node Type": "Bitmap Heap Scan",
                      "Parent Relationship": "Outer",
                      "Parallel Aware": true,
                      "Relation Name": "movie_keyword",
                      "Alias": "mk",
                      "Startup Cost": 9081.41,
                      "Total Cost": 35261.2,
                      "Plan Rows": 138064,
                      "Plan Width": 4,
                      "Actual Startup Time": 27.717,
                      "Actual Total Time": 78.765,
                      "Actual Rows": 105930,
                      "Actual Loops": 4,
                      "Recheck Cond": "(keyword_id > 41233)",
                      "Rows Removed by Index Recheck": 0,
                      "Exact Heap Blocks": 7637,
                      "Lossy Heap Blocks": 0,
                      "Plans": [
                        {
                          "Node Type": "Bitmap Index Scan",
                          "Parent Relationship": "Outer",
                          "Parallel Aware": false,
                          "Index Name": "keyword_id_movie_keyword",
                          "Startup Cost": 0.0,
                          "Total Cost": 8974.41,
                          "Plan Rows": 427997,
                          "Plan Width": 0,
                          "Actual Startup Time": 24.419,
                          "Actual Total Time": 24.42,
                          "Actual Rows": 423720,
                          "Actual Loops": 1,
                          "Index Cond": "(keyword_id > 41233)"
                        }
                      ]
                    },
                    {
                      "Node Type": "Hash",
                      "Parent Relationship": "Inner",
                      "Parallel Aware": true,
                      "Startup Cost": 42319.06,
                      "Total Cost": 42319.06,
                      "Plan Rows": 632106,
                      "Plan Width": 4,
                      "Actual Startup Time": 355.415,
                      "Actual Total Time": 355.416,
                      "Actual Rows": 632078,
                      "Actual Loops": 4,
                      "Hash Buckets": 4194304,
                      "Original Hash Buckets": 4194304,
                      "Hash Batches": 1,
                      "Original Hash Batches": 1,
                      "Peak Memory Usage": 131744,
                      "Plans": [
                        {
                          "Node Type": "Seq Scan",
                          "Parent Relationship": "Outer",
                          "Parallel Aware": true,
                          "Relation Name": "title",
                          "Alias": "t",
                          "Startup Cost": 0.0,
                          "Total Cost": 42319.06,
                          "Plan Rows": 632106,
                          "Plan Width": 4,
                          "Actual Startup Time": 0.037,
                          "Actual Total Time": 108.581,
                          "Actual Rows": 632078,
                          "Actual Loops": 4
                        }
                      ]
                    }
                  ]
                }
              ]
            }
          ]
        }
      ]
    },
    "Planning Time": 0.345,
    "Triggers": [],
    "Execution Time": 528.06
  }
]