[
  {
    "Plan": {
      "Node Type": "Aggregate",
      "Strategy": "Plain",
      "Partial Mode": "Finalize",
      "Parallel Aware": false,
      "Startup Cost": 87356.55,
      "Total Cost": 87356.56,
      "Plan Rows": 1,
      "Plan Width": 8,
      "Actual Startup Time": 454.147,
      "Actual Total Time": 468.343,
      "Actual Rows": 1,
      "Actual Loops": 1,
      "Plans": [
        {
          "Node Type": "Gather",
          "Parent Relationship": "Outer",
          "Parallel Aware": false,
          "Startup Cost": 87356.24,
          "Total Cost": 87356.55,
          "Plan Rows": 3,
          "Plan Width": 8,
          "Actual Startup Time": 447.762,
          "Actual Total Time": 468.333,
          "Actual Rows": 4,
          "Actual Loops": 1,
          "Workers Planned": 3,
          "Workers Launched": 3,
          "Single Copy": false,
          "Plans": [
            {
              "Node Type": "Aggregate",
              "Strategy": "Plain",
              "Partial Mode": "Partial",
              "Parent Relationship": "Outer",
              "Parallel Aware": false,
              "Startup Cost": 86356.24,
              "Total Cost": 86356.25,
              "Plan Rows": 1,
              "Plan Width": 8,
              "Actual Startup Time": 429.854,
              "Actual Total Time": 429.858,
              "Actual Rows": 1,
              "Actual Loops": 4,
              "Plans": [
                {
                  "Node Type": "Hash Join",
                  "Parent Relationship": "Outer",
                  "Parallel Aware": true,
                  "Join Type": "Inner",
                  "Startup Cost": 59433.4,
                  "Total Cost": 86006.05,
                  "Plan Rows": 140076,
                  "Plan Width": 0,
                  "Actual Startup Time": 346.73,
                  "Actual Total Time": 424.422,
                  "Actual Rows": 105930,
                  "Actual Loops": 4,
                  "Inner Unique": true,
                  "Hash Cond": "(mk.movie_id = t.id)",
                  "Plans": [
                    {
                      "Node Type": "Bitmap Heap Scan",
                      "Parent Relationship": "Outer",
                      "Parallel Aware": true,
                      "Relation Name": "movie_keyword",
                      "Alias": "mk",
                      "Startup Cost": 9213.75,
                      "Total Cost": 35418.7,
                      "Plan Rows": 140076,
                      "Plan Width": 4,
                      "Actual Startup Time": 26.725,
                      "Actual Total Time": 70.017,
                      "Actual Rows": 105930,
                      "Actual Loops": 4,
                      "Recheck Cond": "(keyword_id > 41233)",
                      "Rows Removed by Index Recheck": 0,
                      "Exact Heap Blocks": 6966,
                      "Lossy Heap Blocks": 0,
                      "Plans": [
                        {
                          "Node Type": "Bitmap Index Scan",
                          "Parent Relationship": "Outer",
                          "Parallel Aware": false,
                          "Index Name": "keyword_id_movie_keyword",
                          "Startup Cost": 0.0,
                          "Total Cost": 9105.2,
                          "Plan Rows": 434235,
                          "Plan Width": 0,
                          "Actual Startup Time": 23.338,
                          "Actual Total Time": 23.339,
                          "Actual Rows": 423720,
                          "Actual Loops": 1,
                          "Index Cond": "(keyword_id > 41233)"
                        }
                      ]
                    },
                    {
                      "Node Type": "Hash",
                      "Parent Relationship": "Inner",
                      "Parallel Aware": true,
                      "Startup Cost": 42318.73,
                      "Total Cost": 42318.73,
                      "Plan Rows": 632073,
                      "Plan Width": 4,
                      "Actual Startup Time": 309.113,
                      "Actual Total Time": 309.114,
                      "Actual Rows": 632078,
                      "Actual Loops": 4,
                      "Hash Buckets": 4194304,
                      "Original Hash Buckets": 4194304,
                      "Hash Batches": 1,
                      "Original Hash Batches": 1,
                      "Peak Memory Usage": 131776,
                      "Plans": [
                        {
                          "Node Type": "Seq Scan",
                          "Parent Relationship": "Outer",
                          "Parallel Aware": true,
                          "Relation Name": "title",
                          "Alias": "t",
                          "Startup Cost": 0.0,
                          "Total Cost": 42318.73,
                          "Plan Rows": 632073,
                          "Plan Width": 4,
                          "Actual Startup Time": 0.03,
                          "Actual Total Time": 95.306,
                          "Actual Rows": 632078,
                          "Actual Loops": 4
                        }
                      ]
                    }
                  ]
                }
              ]
            }
          ]
        }
      ]
    },
    "Planning Time": 0.611,
    "Triggers": [],
    "Execution Time": 468.426
  }
]