[
  {
    "Plan": {
      "Node Type": "Aggregate",
      "Strategy": "Plain",
      "Partial Mode": "Finalize",
      "Parallel Aware": false,
      "Startup Cost": 46204.93,
      "Total Cost": 46204.94,
      "Plan Rows": 1,
      "Plan Width": 8,
      "Actual Startup Time": 156.945,
      "Actual Total Time": 166.449,
      "Actual Rows": 1,
      "Actual Loops": 1,
      "Plans": [
        {
          "Node Type": "Gather",
          "Parent Relationship": "Outer",
          "Parallel Aware": false,
          "Startup Cost": 46204.61,
          "Total Cost": 46204.92,
          "Plan Rows": 3,
          "Plan Width": 8,
          "Actual Startup Time": 156.822,
          "Actual Total Time": 166.44,
          "Actual Rows": 4,
          "Actual Loops": 1,
          "Workers Planned": 3,
          "Workers Launched": 3,
          "Single Copy": false,
          "Plans": [
            {
              "Node Type": "Aggregate",
              "Strategy": "Plain",
              "Partial Mode": "Partial",
              "Parent Relationship": "Outer",
              "Parallel Aware": false,
              "Startup Cost": 45204.61,
              "Total Cost": 45204.62,
              "Plan Rows": 1,
              "Plan Width": 8,
              "Actual Startup Time": 151.06,
              "Actual Total Time": 151.061,
              "Actual Rows": 1,
              "Actual Loops": 4,
              "Plans": [
                {
                  "Node Type": "Seq Scan",
                  "Parent Relationship": "Outer",
                  "Parallel Aware": true,
                  "Relation Name": "movie_keyword",
                  "Alias": "mk",
                  "Startup Cost": 0.0,
                  "Total Cost": 42695.65,
                  "Plan Rows": 1003582,
                  "Plan Width": 0,
                  "Actual Startup Time": 0.041,
                  "Actual Total Time": 117.746,
                  "Actual Rows": 776806,
                  "Actual Loops": 4,
                  "Filter": "(keyword_id < 11792)",
                  "Rows Removed by Filter": 354176
                }
              ]
            }
          ]
        }
      ]
    },
    "Planning Time": 0.189,
    "Triggers": [],
    "Execution Time": 166.495
  }
]