[
  {
    "Plan": {
      "Node Type": "Aggregate",
      "Strategy": "Plain",
      "Partial Mode": "Finalize",
      "Parallel Aware": false,
      "Startup Cost": 408965.28,
      "Total Cost": 408965.29,
      "Plan Rows": 1,
      "Plan Width": 8,
      "Actual Startup Time": 954.392,
      "Actual Total Time": 975.874,
      "Actual Rows": 1,
      "Actual Loops": 1,
      "Plans": [
        {
          "Node Type": "Gather",
          "Parent Relationship": "Outer",
          "Parallel Aware": false,
          "Startup Cost": 408964.96,
          "Total Cost": 408965.27,
          "Plan Rows": 3,
          "Plan Width": 8,
          "Actual Startup Time": 948.076,
          "Actual Total Time": 975.863,
          "Actual Rows": 4,
          "Actual Loops": 1,
          "Workers Planned": 3,
          "Workers Launched": 3,
          "Single Copy": false,
          "Plans": [
            {
              "Node Type": "Aggregate",
              "Strategy": "Plain",
              "Partial Mode": "Partial",
              "Parent Relationship": "Outer",
              "Parallel Aware": false,
              "Startup Cost": 407964.96,
              "Total Cost": 407964.97,
              "Plan Rows": 1,
              "Plan Width": 8,
              "Actual Startup Time": 938.686,
              "Actual Total Time": 938.884,
              "Actual Rows": 1,
              "Actual Loops": 4,
              "Plans": [
                {
                  "Node Type": "Hash Join",
                  "Parent Relationship": "Outer",
                  "Parallel Aware": true,
                  "Join Type": "Inner",
                  "Startup Cost": 358725.85,
                  "Total Cost": 407180.02,
                  "Plan Rows": 313977,
                  "Plan Width": 0,
                  "Actual Startup Time": 603.25,
                  "Actual Total Time": 889.984,
                  "Actual Rows": 1169876,
                  "Actual Loops": 4,
                  "Inner Unique": false,
                  "Hash Cond": "(mk.movie_id = t.id)",
                  "Plans": [
                    {
                      "Node Type": "Seq Scan",
                      "Parent Relationship": "Outer",
                      "Parallel Aware": true,
                      "Relation Name": "movie_keyword",
                      "Alias": "mk",
                      "Startup Cost": 0.0,
                      "Total Cost": 42695.65,
                      "Plan Rows": 1396057,
                      "Plan Width": 4,
                      "Actual Startup Time": 0.027,
                      "Actual Total Time": 110.001,
                      "Actual Rows": 1078836,
                      "Actual Loops": 4,
                      "Filter": "(keyword_id > 139)",
                      "Rows Removed by Filter": 52146
                    },
                    {
                      "Node Type": "Hash",
                      "Parent Relationship": "Inner",
                      "Parallel Aware": true,
                      "Startup Cost": 357541.23,
                      "Total Cost": 357541.23,
                      "Plan Rows": 94770,
                      "Plan Width": 8,
                      "Actual Startup Time": 598.021,
                      "Actual Total Time": 598.217,
                      "Actual Rows": 171716,
                      "Actual Loops": 4,
                      "Hash Buckets": 1048576,
                      "Original Hash Buckets": 1048576,
                      "Hash Batches": 1,
                      "Original Hash Batches": 1,
                      "Peak Memory Usage": 35104,
                      "Plans": [
                        {
                          "Node Type": "Hash Join",
                          "Parent Relationship": "Outer",
                          "Parallel Aware": true,
                          "Join Type": "Inner",
                          "Startup Cost": 98064.77,
                          "Total Cost": 357541.23,
                          "Plan Rows": 94770,
                          "Plan Width": 8,
                          "Actual Startup Time": 270.645,
                          "Actual Total Time": 534.982,
                          "Actual Rows": 171716,
                          "Actual Loops": 4,
                          "Inner Unique": true,
                          "Hash Cond": "(ci.movie_id = t.id)",
                          "Plans": [
                            {
                              "Node Type": "Bitmap Heap Scan",
                              "Parent Relationship": "Outer",
                              "Parallel Aware": true,
                              "Relation Name": "cast_info",
                              "Alias": "ci",
                              "Startup Cost": 51976.58,
                              "Total Cost": 310555.24,
                              "Plan Rows": 342018,
                              "Plan Width": 4,
                              "Actual Startup Time": 97.93,
                              "Actual Total Time": 203.916,
                              "Actual Rows": 567713,
                              "Actual Loops": 4,
                              "Recheck Cond": "(person_id < 230818)",
                              "Rows Removed by Index Recheck": 0,
                              "Filter": "(role_id < 10)",
                              "Rows Removed by Filter": 25208,
                              "Exact Heap Blocks": 7484,
                              "Lossy Heap Blocks": 0,
                              "Plans": [
                                {
                                  "Node Type": "Bitmap Index Scan",
                                  "Parent Relationship": "Outer",
                                  "Parallel Aware": false,
                                  "Index Name": "person_id_cast_info",
                                  "Startup Cost": 0.0,
                                  "Total Cost": 51463.55,
                                  "Plan Rows": 2356665,
                                  "Plan Width": 0,
                                  "Actual Startup Time": 94.03,
                                  "Actual Total Time": 94.031,
                                  "Actual Rows": 2371681,
                                  "Actual Loops": 1,
                                  "Index Cond": "(person_id < 230818)"
                                }
                              ]
                            },
                            {
                              "Node Type": "Hash",
                              "Parent Relationship": "Inner",
                              "Parallel Aware": true,
                              "Startup Cost": 43898.92,
                              "Total Cost": 43898.92,
                              "Plan Rows": 175142,
                              "Plan Width": 4,
                              "Actual Startup Time": 169.744,
                              "Actual Total Time": 169.746,
                              "Actual Rows": 176796,
                              "Actual Loops": 4,
                              "Hash Buckets": 1048576,
                              "Original Hash Buckets": 1048576,
                              "Hash Batches": 1,
                              "Original Hash Batches": 1,
                              "Peak Memory Usage": 35936,
                              "Plans": [
                                {
                                  "Node Type": "Seq Scan",
                                  "Parent Relationship": "Outer",
                                  "Parallel Aware": true,
                                  "Relation Name": "title",
                                  "Alias": "t",
                                  "Startup Cost": 0.0,
                                  "Total Cost": 43898.92,
                                  "Plan Rows": 175142,
                                  "Plan Width": 4,
                                  "Actual Startup Time": 0.046,
                                  "Actual Total Time": 101.428,
                                  "Actual Rows": 176796,
                                  "Actual Loops": 4,
                                  "Filter": "(production_year < 1991)",
                                  "Rows Removed by Filter": 455282
                                }
                              ]
                            }
                          ]
                        }
                      ]
                    }
                  ]
                }
              ]
            }
          ]
        }
      ]
    },
    "Planning Time": 1.445,
    "Triggers": [],
    "Execution Time": 975.989
  }
]