{
  "Plan": {
    "Node Type": "Aggregate",
    "Strategy": "Plain",
    "Partial Mode": "Finalize",
    "Parallel Aware": false,
    "Startup Cost": 174877.58,
    "Total Cost": 174877.59,
    "Plan Rows": 1,
    "Plan Width": 8,
    "Actual Startup Time": 882.051,
    "Actual Total Time": 938.806,
    "Actual Rows": 1,
    "Actual Loops": 1,
    "Plans": [
      {
        "Node Type": "Gather",
        "Parent Relationship": "Outer",
        "Parallel Aware": false,
        "Startup Cost": 174877.46,
        "Total Cost": 174877.57,
        "Plan Rows": 1,
        "Plan Width": 8,
        "Actual Startup Time": 881.16,
        "Actual Total Time": 938.797,
        "Actual Rows": 2,
        "Actual Loops": 1,
        "Workers Planned": 1,
        "Workers Launched": 1,
        "Single Copy": false,
        "Plans": [
          {
            "Node Type": "Aggregate",
            "Strategy": "Plain",
            "Partial Mode": "Partial",
            "Parent Relationship": "Outer",
            "Parallel Aware": false,
            "Startup Cost": 173877.46,
            "Total Cost": 173877.47,
            "Plan Rows": 1,
            "Plan Width": 8,
            "Actual Startup Time": 874.872,
            "Actual Total Time": 874.878,
            "Actual Rows": 1,
            "Actual Loops": 2,
            "Plans": [
              {
                "Node Type": "Nested Loop",
                "Parent Relationship": "Outer",
                "Parallel Aware": false,
                "Join Type": "Inner",
                "Startup Cost": 64029.8,
                "Total Cost": 173562.91,
                "Plan Rows": 125822,
                "Plan Width": 0,
                "Actual Startup Time": 194.956,
                "Actual Total Time": 844.792,
                "Actual Rows": 641058,
                "Actual Loops": 2,
                "Inner Unique": false,
                "Plans": [
                  {
                    "Node Type": "Hash Join",
                    "Parent Relationship": "Outer",
                    "Parallel Aware": true,
                    "Join Type": "Inner",
                    "Startup Cost": 64029.23,
                    "Total Cost": 90234.93,
                    "Plan Rows": 9622,
                    "Plan Width": 8,
                    "Actual Startup Time": 194.828,
                    "Actual Total Time": 257.499,
                    "Actual Rows": 11096,
                    "Actual Loops": 2,
                    "Inner Unique": true,
                    "Hash Cond": "(mk.movie_id = t.id)",
                    "Plans": [
                      {
                        "Node Type": "Bitmap Heap Scan",
                        "Parent Relationship": "Outer",
                        "Parallel Aware": true,
                        "Relation Name": "movie_keyword",
                        "Alias": "mk",
                        "Startup Cost": 4178.29,
                        "Total Cost": 30079.98,
                        "Plan Rows": 115815,
                        "Plan Width": 4,
                        "Actual Startup Time": 18.913,
                        "Actual Total Time": 59.331,
                        "Actual Rows": 97903,
                        "Actual Loops": 2,
                        "Recheck Cond": "(keyword_id > 69663)",
                        "Rows Removed by Index Recheck": 0,
                        "Exact Heap Blocks": 12491,
                        "Lossy Heap Blocks": 0,
                        "Plans": [
                          {
                            "Node Type": "Bitmap Index Scan",
                            "Parent Relationship": "Outer",
                            "Parallel Aware": false,
                            "Index Name": "keyword_id_movie_keyword",
                            "Startup Cost": 0.0,
                            "Total Cost": 4129.07,
                            "Plan Rows": 196885,
                            "Plan Width": 0,
                            "Actual Startup Time": 15.962,
                            "Actual Total Time": 15.963,
                            "Actual Rows": 195806,
                            "Actual Loops": 1,
                            "Index Cond": "(keyword_id > 69663)"
                          }
                        ]
                      },
                      {
                        "Node Type": "Hash",
                        "Parent Relationship": "Inner",
                        "Parallel Aware": true,
                        "Startup Cost": 58306.47,
                        "Total Cost": 58306.47,
                        "Plan Rows": 123558,
                        "Plan Width": 4,
                        "Actual Startup Time": 172.136,
                        "Actual Total Time": 172.136,
                        "Actual Rows": 91918,
                        "Actual Loops": 2,
                        "Hash Buckets": 262144,
                        "Original Hash Buckets": 262144,
                        "Hash Batches": 1,
                        "Original Hash Batches": 1,
                        "Peak Memory Usage": 9280,
                        "Plans": [
                          {
                            "Node Type": "Seq Scan",
                            "Parent Relationship": "Outer",
                            "Parallel Aware": true,
                            "Relation Name": "title",
                            "Alias": "t",
                            "Startup Cost": 0.0,
                            "Total Cost": 58306.47,
                            "Plan Rows": 123558,
                            "Plan Width": 4,
                            "Actual Startup Time": 0.056,
                            "Actual Total Time": 143.295,
                            "Actual Rows": 91918,
                            "Actual Loops": 2,
                            "Filter": "((kind_id < 7) AND (production_year > 2009))",
                            "Rows Removed by Filter": 1172238
                          }
                        ]
                      }
                    ]
                  },
                  {
                    "Node Type": "Index Scan",
                    "Parent Relationship": "Inner",
                    "Parallel Aware": false,
                    "Scan Direction": "Forward",
                    "Index Name": "movie_id_cast_info",
                    "Relation Name": "cast_info",
                    "Alias": "ci",
                    "Startup Cost": 0.56,
                    "Total Cost": 8.33,
                    "Plan Rows": 33,
                    "Plan Width": 4,
                    "Actual Startup Time": 0.009,
                    "Actual Total Time": 0.049,
                    "Actual Rows": 58,
                    "Actual Loops": 22191,
                    "Index Cond": "(movie_id = t.id)",
                    "Rows Removed by Index Recheck": 0,
                    "Filter": "(person_id > 313465)",
                    "Rows Removed by Filter": 5
                  }
                ]
              }
            ]
          }
        ]
      }
    ]
  },
  "Planning Time": 1.01,
  "Triggers": [],
  "Execution Time": 938.961
}