{
  "Plan": {
    "Node Type": "Aggregate",
    "Strategy": "Plain",
    "Partial Mode": "Finalize",
    "Parallel Aware": false,
    "Startup Cost": 97840.79,
    "Total Cost": 97840.8,
    "Plan Rows": 1,
    "Plan Width": 8,
    "Actual Startup Time": 368.204,
    "Actual Total Time": 380.885,
    "Actual Rows": 1,
    "Actual Loops": 1,
    "Plans": [
      {
        "Node Type": "Gather",
        "Parent Relationship": "Outer",
        "Parallel Aware": false,
        "Startup Cost": 97840.67,
        "Total Cost": 97840.78,
        "Plan Rows": 1,
        "Plan Width": 8,
        "Actual Startup Time": 367.99,
        "Actual Total Time": 380.876,
        "Actual Rows": 2,
        "Actual Loops": 1,
        "Workers Planned": 1,
        "Workers Launched": 1,
        "Single Copy": false,
        "Plans": [
          {
            "Node Type": "Aggregate",
            "Strategy": "Plain",
            "Partial Mode": "Partial",
            "Parent Relationship": "Outer",
            "Parallel Aware": false,
            "Startup Cost": 96840.67,
            "Total Cost": 96840.68,
            "Plan Rows": 1,
            "Plan Width": 8,
            "Actual Startup Time": 364.124,
            "Actual Total Time": 364.128,
            "Actual Rows": 1,
            "Actual Loops": 2,
            "Plans": [
              {
                "Node Type": "Hash Join",
                "Parent Relationship": "Outer",
                "Parallel Aware": true,
                "Join Type": "Inner",
                "Startup Cost": 58611.16,
                "Total Cost": 96777.79,
                "Plan Rows": 25155,
                "Plan Width": 0,
                "Actual Startup Time": 149.602,
                "Actual Total Time": 362.674,
                "Actual Rows": 32060,
                "Actual Loops": 2,
                "Inner Unique": true,
                "Hash Cond": "(mc.movie_id = t.id)",
                "Plans": [
                  {
                    "Node Type": "Seq Scan",
                    "Parent Relationship": "Outer",
                    "Parallel Aware": true,
                    "Relation Name": "movie_companies",
                    "Alias": "mc",
                    "Startup Cost": 0.0,
                    "Total Cost": 34137.82,
                    "Plan Rows": 1534782,
                    "Plan Width": 4,
                    "Actual Startup Time": 0.014,
                    "Actual Total Time": 100.497,
                    "Actual Rows": 1304564,
                    "Actual Loops": 2
                  },
                  {
                    "Node Type": "Hash",
                    "Parent Relationship": "Inner",
                    "Parallel Aware": true,
                    "Startup Cost": 58306.47,
                    "Total Cost": 58306.47,
                    "Plan Rows": 24375,
                    "Plan Width": 4,
                    "Actual Startup Time": 147.999,
                    "Actual Total Time": 148.001,
                    "Actual Rows": 14890,
                    "Actual Loops": 2,
                    "Hash Buckets": 65536,
                    "Original Hash Buckets": 65536,
                    "Hash Batches": 1,
                    "Original Hash Batches": 1,
                    "Peak Memory Usage": 1696,
                    "Plans": [
                      {
                        "Node Type": "Seq Scan",
                        "Parent Relationship": "Outer",
                        "Parallel Aware": true,
                        "Relation Name": "title",
                        "Alias": "t",
                        "Startup Cost": 0.0,
                        "Total Cost": 58306.47,
                        "Plan Rows": 24375,
                        "Plan Width": 4,
                        "Actual Startup Time": 0.128,
                        "Actual Total Time": 142.862,
                        "Actual Rows": 14890,
                        "Actual Loops": 2,
                        "Filter": "((kind_id < 4) AND (production_year = 2008))",
                        "Rows Removed by Filter": 1249266
                      }
                    ]
                  }
                ]
              }
            ]
          }
        ]
      }
    ]
  },
  "Planning Time": 0.459,
  "Triggers": [],
  "Execution Time": 380.96
}