[
  {
    "Plan": {
      "Node Type": "Aggregate",
      "Strategy": "Plain",
      "Partial Mode": "Finalize",
      "Parallel Aware": false,
      "Startup Cost": 32992.7,
      "Total Cost": 32992.71,
      "Plan Rows": 1,
      "Plan Width": 8,
      "Actual Startup Time": 86.276,
      "Actual Total Time": 91.525,
      "Actual Rows": 1,
      "Actual Loops": 1,
      "Plans": [
        {
          "Node Type": "Gather",
          "Parent Relationship": "Outer",
          "Parallel Aware": false,
          "Startup Cost": 32992.39,
          "Total Cost": 32992.7,
          "Plan Rows": 3,
          "Plan Width": 8,
          "Actual Startup Time": 86.161,
          "Actual Total Time": 91.518,
          "Actual Rows": 4,
          "Actual Loops": 1,
          "Workers Planned": 3,
          "Workers Launched": 3,
          "Single Copy": false,
          "Plans": [
            {
              "Node Type": "Aggregate",
              "Strategy": "Plain",
              "Partial Mode": "Partial",
              "Parent Relationship": "Outer",
              "Parallel Aware": false,
              "Startup Cost": 31992.39,
              "Total Cost": 31992.4,
              "Plan Rows": 1,
              "Plan Width": 8,
              "Actual Startup Time": 79.955,
              "Actual Total Time": 79.956,
              "Actual Rows": 1,
              "Actual Loops": 4,
              "Plans": [
                {
                  "Node Type": "Seq Scan",
                  "Parent Relationship": "Outer",
                  "Parallel Aware": true,
                  "Relation Name": "movie_companies",
                  "Alias": "mc",
                  "Startup Cost": 0.0,
                  "Total Cost": 31414.82,
                  "Plan Rows": 231027,
                  "Plan Width": 0,
                  "Actual Startup Time": 9.263,
                  "Actual Total Time": 73.572,
                  "Actual Rows": 124153,
                  "Actual Loops": 4,
                  "Filter": "((company_id > 9152) AND (company_type_id < 2))",
                  "Rows Removed by Filter": 528129
                }
              ]
            }
          ]
        }
      ]
    },
    "Planning Time": 0.109,
    "Triggers": [],
    "Execution Time": 91.556
  }
]