[
  {
    "Plan": {
      "Node Type": "Aggregate",
      "Strategy": "Plain",
      "Partial Mode": "Finalize",
      "Parallel Aware": false,
      "Startup Cost": 46920.92,
      "Total Cost": 46920.93,
      "Plan Rows": 1,
      "Plan Width": 8,
      "Actual Startup Time": 122.545,
      "Actual Total Time": 135.216,
      "Actual Rows": 1,
      "Actual Loops": 1,
      "Plans": [
        {
          "Node Type": "Gather",
          "Parent Relationship": "Outer",
          "Parallel Aware": false,
          "Startup Cost": 46920.5,
          "Total Cost": 46920.91,
          "Plan Rows": 4,
          "Plan Width": 8,
          "Actual Startup Time": 122.379,
          "Actual Total Time": 135.205,
          "Actual Rows": 5,
          "Actual Loops": 1,
          "Workers Planned": 4,
          "Workers Launched": 4,
          "Single Copy": false,
          "Plans": [
            {
              "Node Type": "Aggregate",
              "Strategy": "Plain",
              "Partial Mode": "Partial",
              "Parent Relationship": "Outer",
              "Parallel Aware": false,
              "Startup Cost": 45920.5,
              "Total Cost": 45920.51,
              "Plan Rows": 1,
              "Plan Width": 8,
              "Actual Startup Time": 111.326,
              "Actual Total Time": 111.329,
              "Actual Rows": 1,
              "Actual Loops": 5,
              "Plans": [
                {
                  "Node Type": "Nested Loop",
                  "Parent Relationship": "Outer",
                  "Parallel Aware": false,
                  "Join Type": "Inner",
                  "Startup Cost": 1.0,
                  "Total Cost": 45920.49,
                  "Plan Rows": 2,
                  "Plan Width": 0,
                  "Actual Startup Time": 78.555,
                  "Actual Total Time": 111.317,
                  "Actual Rows": 5,
                  "Actual Loops": 5,
                  "Inner Unique": false,
                  "Join Filter": "(t.id = mi.movie_id)",
                  "Rows Removed by Join Filter": 0,
                  "Plans": [
                    {
                      "Node Type": "Nested Loop",
                      "Parent Relationship": "Outer",
                      "Parallel Aware": false,
                      "Join Type": "Inner",
                      "Startup Cost": 0.56,
                      "Total Cost": 45915.44,
                      "Plan Rows": 3,
                      "Plan Width": 8,
                      "Actual Startup Time": 78.366,
                      "Actual Total Time": 110.64,
                      "Actual Rows": 5,
                      "Actual Loops": 5,
                      "Inner Unique": false,
                      "Plans": [
                        {
                          "Node Type": "Seq Scan",
                          "Parent Relationship": "Outer",
                          "Parallel Aware": true,
                          "Relation Name": "title",
                          "Alias": "t",
                          "Startup Cost": 0.0,
                          "Total Cost": 45479.59,
                          "Plan Rows": 3,
                          "Plan Width": 4,
                          "Actual Startup Time": 73.557,
                          "Actual Total Time": 104.615,
                          "Actual Rows": 207,
                          "Actual Loops": 5,
                          "Filter": "((production_year < 1897) AND (kind_id = 1))",
                          "Rows Removed by Filter": 505455
                        },
                        {
                          "Node Type": "Index Scan",
                          "Parent Relationship": "Inner",
                          "Parallel Aware": false,
                          "Scan Direction": "Forward",
                          "Index Name": "movie_id_cast_info",
                          "Relation Name": "cast_info",
                          "Alias": "ci",
                          "Startup Cost": 0.56,
                          "Total Cost": 145.26,
                          "Plan Rows": 2,
                          "Plan Width": 4,
                          "Actual Startup Time": 0.028,
                          "Actual Total Time": 0.028,
                          "Actual Rows": 0,
                          "Actual Loops": 1036,
                          "Index Cond": "(movie_id = t.id)",
                          "Rows Removed by Index Recheck": 0,
                          "Filter": "(person_id < 228980)",
                          "Rows Removed by Filter": 2
                        }
                      ]
                    },
                    {
                      "Node Type": "Index Scan",
                      "Parent Relationship": "Inner",
                      "Parallel Aware": false,
                      "Scan Direction": "Forward",
                      "Index Name": "movie_id_movie_info",
                      "Relation Name": "movie_info",
                      "Alias": "mi",
                      "Startup Cost": 0.43,
                      "Total Cost": 1.63,
                      "Plan Rows": 4,
                      "Plan Width": 4,
                      "Actual Startup Time": 0.124,
                      "Actual Total Time": 0.138,
                      "Actual Rows": 1,
                      "Actual Loops": 24,
                      "Index Cond": "(movie_id = ci.movie_id)",
                      "Rows Removed by Index Recheck": 0,
                      "Filter": "(info_type_id = 8)",
                      "Rows Removed by Filter": 9
                    }
                  ]
                }
              ]
            }
          ]
        }
      ]
    },
    "Planning Time": 1.386,
    "Triggers": [],
    "Execution Time": 135.372
  }
]