[
  {
    "Plan": {
      "Node Type": "Aggregate",
      "Strategy": "Plain",
      "Partial Mode": "Finalize",
      "Parallel Aware": false,
      "Startup Cost": 103410.82,
      "Total Cost": 103410.83,
      "Plan Rows": 1,
      "Plan Width": 8,
      "Actual Startup Time": 810.362,
      "Actual Total Time": 828.624,
      "Actual Rows": 1,
      "Actual Loops": 1,
      "Plans": [
        {
          "Node Type": "Gather",
          "Parent Relationship": "Outer",
          "Parallel Aware": false,
          "Startup Cost": 103410.5,
          "Total Cost": 103410.81,
          "Plan Rows": 3,
          "Plan Width": 8,
          "Actual Startup Time": 805.568,
          "Actual Total Time": 828.611,
          "Actual Rows": 4,
          "Actual Loops": 1,
          "Workers Planned": 3,
          "Workers Launched": 3,
          "Single Copy": false,
          "Plans": [
            {
              "Node Type": "Aggregate",
              "Strategy": "Plain",
              "Partial Mode": "Partial",
              "Parent Relationship": "Outer",
              "Parallel Aware": false,
              "Startup Cost": 102410.5,
              "Total Cost": 102410.51,
              "Plan Rows": 1,
              "Plan Width": 8,
              "Actual Startup Time": 796.612,
              "Actual Total Time": 796.893,
              "Actual Rows": 1,
              "Actual Loops": 4,
              "Plans": [
                {
                  "Node Type": "Hash Join",
                  "Parent Relationship": "Outer",
                  "Parallel Aware": true,
                  "Join Type": "Inner",
                  "Startup Cost": 68427.84,
                  "Total Cost": 101647.91,
                  "Plan Rows": 305037,
                  "Plan Width": 0,
                  "Actual Startup Time": 497.105,
                  "Actual Total Time": 767.968,
                  "Actual Rows": 675840,
                  "Actual Loops": 4,
                  "Inner Unique": false,
                  "Hash Cond": "(mc.movie_id = t.id)",
                  "Plans": [
                    {
                      "Node Type": "Seq Scan",
                      "Parent Relationship": "Outer",
                      "Parallel Aware": true,
                      "Relation Name": "movie_companies",
                      "Alias": "mc",
                      "Startup Cost": 0.0,
                      "Total Cost": 29310.68,
                      "Plan Rows": 839146,
                      "Plan Width": 4,
                      "Actual Startup Time": 0.026,
                      "Actual Total Time": 80.124,
                      "Actual Rows": 650564,
                      "Actual Loops": 4,
                      "Filter": "(company_id < 228361)",
                      "Rows Removed by Filter": 1719
                    },
                    {
                      "Node Type": "Hash",
                      "Parent Relationship": "Inner",
                      "Parallel Aware": true,
                      "Startup Cost": 65555.79,
                      "Total Cost": 65555.79,
                      "Plan Rows": 229764,
                      "Plan Width": 8,
                      "Actual Startup Time": 491.846,
                      "Actual Total Time": 492.126,
                      "Actual Rows": 229962,
                      "Actual Loops": 4,
                      "Hash Buckets": 1048576,
                      "Original Hash Buckets": 1048576,
                      "Hash Batches": 1,
                      "Original Hash Batches": 1,
                      "Peak Memory Usage": 44224,
                      "Plans": [
                        {
                          "Node Type": "Hash Join",
                          "Parent Relationship": "Outer",
                          "Parallel Aware": true,
                          "Join Type": "Inner",
                          "Startup Cost": 19909.43,
                          "Total Cost": 65555.79,
                          "Plan Rows": 229764,
                          "Plan Width": 8,
                          "Actual Startup Time": 125.592,
                          "Actual Total Time": 421.942,
                          "Actual Rows": 229962,
                          "Actual Loops": 4,
                          "Inner Unique": false,
                          "Hash Cond": "(t.id = mi_idx.movie_id)",
                          "Plans": [
                            {
                              "Node Type": "Seq Scan",
                              "Parent Relationship": "Outer",
                              "Parallel Aware": true,
                              "Relation Name": "title",
                              "Alias": "t",
                              "Startup Cost": 0.0,
                              "Total Cost": 42318.73,
                              "Plan Rows": 632073,
                              "Plan Width": 4,
                              "Actual Startup Time": 0.013,
                              "Actual Total Time": 83.554,
                              "Actual Rows": 632078,
                              "Actual Loops": 4
                            },
                            {
                              "Node Type": "Hash",
                              "Parent Relationship": "Inner",
                              "Parallel Aware": true,
                              "Startup Cost": 15122.68,
                              "Total Cost": 15122.68,
                              "Plan Rows": 382940,
                              "Plan Width": 4,
                              "Actual Startup Time": 122.896,
                              "Actual Total Time": 122.897,
                              "Actual Rows": 229962,
                              "Actual Loops": 4,
                              "Hash Buckets": 1048576,
                              "Original Hash Buckets": 1048576,
                              "Hash Batches": 1,
                              "Original Hash Batches": 1,
                              "Peak Memory Usage": 44256,
                              "Plans": [
                                {
                                  "Node Type": "Seq Scan",
                                  "Parent Relationship": "Outer",
                                  "Parallel Aware": true,
                                  "Relation Name": "movie_info_idx",
                                  "Alias": "mi_idx",
                                  "Startup Cost": 0.0,
                                  "Total Cost": 15122.68,
                                  "Plan Rows": 382940,
                                  "Plan Width": 4,
                                  "Actual Startup Time": 0.078,
                                  "Actual Total Time": 52.305,
                                  "Actual Rows": 229962,
                                  "Actual Loops": 4,
                                  "Filter": "(info_type_id < 101)",
                                  "Rows Removed by Filter": 115046
                                }
                              ]
                            }
                          ]
                        }
                      ]
                    }
                  ]
                }
              ]
            }
          ]
        }
      ]
    },
    "Planning Time": 1.401,
    "Triggers": [],
    "Execution Time": 828.718
  }
]