{
  "Plan": {
    "Node Type": "Aggregate",
    "Strategy": "Plain",
    "Partial Mode": "Simple",
    "Parallel Aware": false,
    "Startup Cost": 814.33,
    "Total Cost": 814.34,
    "Plan Rows": 1,
    "Plan Width": 8,
    "Actual Startup Time": 0.95,
    "Actual Total Time": 0.952,
    "Actual Rows": 1,
    "Actual Loops": 1,
    "Plans": [
      {
        "Node Type": "Nested Loop",
        "Parent Relationship": "Outer",
        "Parallel Aware": false,
        "Join Type": "Inner",
        "Startup Cost": 1.29,
        "Total Cost": 813.57,
        "Plan Rows": 304,
        "Plan Width": 0,
        "Actual Startup Time": 0.191,
        "Actual Total Time": 0.903,
        "Actual Rows": 237,
        "Actual Loops": 1,
        "Inner Unique": false,
        "Plans": [
          {
            "Node Type": "Nested Loop",
            "Parent Relationship": "Outer",
            "Parallel Aware": false,
            "Join Type": "Inner",
            "Startup Cost": 0.86,
            "Total Cost": 713.1,
            "Plan Rows": 52,
            "Plan Width": 8,
            "Actual Startup Time": 0.171,
            "Actual Total Time": 0.305,
            "Actual Rows": 8,
            "Actual Loops": 1,
            "Inner Unique": true,
            "Plans": [
              {
                "Node Type": "Index Scan",
                "Parent Relationship": "Outer",
                "Parallel Aware": false,
                "Scan Direction": "Forward",
                "Index Name": "company_id_movie_companies",
                "Relation Name": "movie_companies",
                "Alias": "mc",
                "Startup Cost": 0.43,
                "Total Cost": 273.83,
                "Plan Rows": 52,
                "Plan Width": 4,
                "Actual Startup Time": 0.147,
                "Actual Total Time": 0.172,
                "Actual Rows": 8,
                "Actual Loops": 1,
                "Index Cond": "(company_id = 1337)",
                "Rows Removed by Index Recheck": 0,
                "Filter": "(company_type_id = 2)",
                "Rows Removed by Filter": 24
              },
              {
                "Node Type": "Index Only Scan",
                "Parent Relationship": "Inner",
                "Parallel Aware": false,
                "Scan Direction": "Forward",
                "Index Name": "title_pkey",
                "Relation Name": "title",
                "Alias": "t",
                "Startup Cost": 0.43,
                "Total Cost": 8.45,
                "Plan Rows": 1,
                "Plan Width": 4,
                "Actual Startup Time": 0.014,
                "Actual Total Time": 0.015,
                "Actual Rows": 1,
                "Actual Loops": 8,
                "Index Cond": "(id = mc.movie_id)",
                "Rows Removed by Index Recheck": 0,
                "Heap Fetches": 8
              }
            ]
          },
          {
            "Node Type": "Index Only Scan",
            "Parent Relationship": "Inner",
            "Parallel Aware": false,
            "Scan Direction": "Forward",
            "Index Name": "movie_id_movie_info",
            "Relation Name": "movie_info",
            "Alias": "mi",
            "Startup Cost": 0.43,
            "Total Cost": 1.51,
            "Plan Rows": 42,
            "Plan Width": 4,
            "Actual Startup Time": 0.017,
            "Actual Total Time": 0.065,
            "Actual Rows": 30,
            "Actual Loops": 8,
            "Index Cond": "(movie_id = t.id)",
            "Rows Removed by Index Recheck": 0,
            "Heap Fetches": 237
          }
        ]
      }
    ]
  },
  "Planning Time": 1.008,
  "Triggers": [],
  "Execution Time": 1.021
}