{
  "Plan": {
    "Node Type": "Aggregate",
    "Strategy": "Plain",
    "Partial Mode": "Finalize",
    "Parallel Aware": false,
    "Startup Cost": 362885.1,
    "Total Cost": 362885.11,
    "Plan Rows": 1,
    "Plan Width": 8,
    "Actual Startup Time": 3519.739,
    "Actual Total Time": 3559.772,
    "Actual Rows": 1,
    "Actual Loops": 1,
    "Plans": [
      {
        "Node Type": "Gather",
        "Parent Relationship": "Outer",
        "Parallel Aware": false,
        "Startup Cost": 362884.99,
        "Total Cost": 362885.1,
        "Plan Rows": 1,
        "Plan Width": 8,
        "Actual Startup Time": 3514.956,
        "Actual Total Time": 3559.763,
        "Actual Rows": 2,
        "Actual Loops": 1,
        "Workers Planned": 1,
        "Workers Launched": 1,
        "Single Copy": false,
        "Plans": [
          {
            "Node Type": "Aggregate",
            "Strategy": "Plain",
            "Partial Mode": "Partial",
            "Parent Relationship": "Outer",
            "Parallel Aware": false,
            "Startup Cost": 361884.99,
            "Total Cost": 361885.0,
            "Plan Rows": 1,
            "Plan Width": 8,
            "Actual Startup Time": 3506.255,
            "Actual Total Time": 3506.258,
            "Actual Rows": 1,
            "Actual Loops": 2,
            "Plans": [
              {
                "Node Type": "Hash Join",
                "Parent Relationship": "Outer",
                "Parallel Aware": true,
                "Join Type": "Inner",
                "Startup Cost": 70957.96,
                "Total Cost": 342741.45,
                "Plan Rows": 7657413,
                "Plan Width": 0,
                "Actual Startup Time": 507.01,
                "Actual Total Time": 3253.893,
                "Actual Rows": 6098294,
                "Actual Loops": 2,
                "Inner Unique": true,
                "Hash Cond": "(mi.movie_id = t.id)",
                "Plans": [
                  {
                    "Node Type": "Seq Scan",
                    "Parent Relationship": "Outer",
                    "Parallel Aware": true,
                    "Relation Name": "movie_info",
                    "Alias": "mi",
                    "Startup Cost": 0.0,
                    "Total Cost": 248955.74,
                    "Plan Rows": 8696274,
                    "Plan Width": 4,
                    "Actual Startup Time": 0.01,
                    "Actual Total Time": 601.013,
                    "Actual Rows": 7417860,
                    "Actual Loops": 2
                  },
                  {
                    "Node Type": "Hash",
                    "Parent Relationship": "Inner",
                    "Parallel Aware": true,
                    "Startup Cost": 54588.39,
                    "Total Cost": 54588.39,
                    "Plan Rows": 1309566,
                    "Plan Width": 4,
                    "Actual Startup Time": 489.364,
                    "Actual Total Time": 489.365,
                    "Actual Rows": 1107409,
                    "Actual Loops": 2,
                    "Hash Buckets": 4194304,
                    "Original Hash Buckets": 4194304,
                    "Hash Batches": 1,
                    "Original Hash Batches": 1,
                    "Peak Memory Usage": 119456,
                    "Plans": [
                      {
                        "Node Type": "Seq Scan",
                        "Parent Relationship": "Outer",
                        "Parallel Aware": true,
                        "Relation Name": "title",
                        "Alias": "t",
                        "Startup Cost": 0.0,
                        "Total Cost": 54588.39,
                        "Plan Rows": 1309566,
                        "Plan Width": 4,
                        "Actual Startup Time": 0.025,
                        "Actual Total Time": 171.667,
                        "Actual Rows": 1107409,
                        "Actual Loops": 2,
                        "Filter": "(production_year > 1959)",
                        "Rows Removed by Filter": 156747
                      }
                    ]
                  }
                ]
              }
            ]
          }
        ]
      }
    ]
  },
  "Planning Time": 0.331,
  "Triggers": [],
  "Execution Time": 3559.814
}