{
  "Plan": {
    "Node Type": "Aggregate",
    "Strategy": "Plain",
    "Partial Mode": "Finalize",
    "Parallel Aware": false,
    "Startup Cost": 37899.33,
    "Total Cost": 37899.34,
    "Plan Rows": 1,
    "Plan Width": 8,
    "Actual Startup Time": 53.726,
    "Actual Total Time": 61.737,
    "Actual Rows": 1,
    "Actual Loops": 1,
    "Plans": [
      {
        "Node Type": "Gather",
        "Parent Relationship": "Outer",
        "Parallel Aware": false,
        "Startup Cost": 37899.22,
        "Total Cost": 37899.33,
        "Plan Rows": 1,
        "Plan Width": 8,
        "Actual Startup Time": 53.594,
        "Actual Total Time": 61.731,
        "Actual Rows": 2,
        "Actual Loops": 1,
        "Workers Planned": 1,
        "Workers Launched": 1,
        "Single Copy": false,
        "Plans": [
          {
            "Node Type": "Aggregate",
            "Strategy": "Plain",
            "Partial Mode": "Partial",
            "Parent Relationship": "Outer",
            "Parallel Aware": false,
            "Startup Cost": 36899.22,
            "Total Cost": 36899.23,
            "Plan Rows": 1,
            "Plan Width": 8,
            "Actual Startup Time": 47.366,
            "Actual Total Time": 47.368,
            "Actual Rows": 1,
            "Actual Loops": 2,
            "Plans": [
              {
                "Node Type": "Nested Loop",
                "Parent Relationship": "Outer",
                "Parallel Aware": false,
                "Join Type": "Inner",
                "Startup Cost": 119.36,
                "Total Cost": 36898.73,
                "Plan Rows": 195,
                "Plan Width": 0,
                "Actual Startup Time": 3.314,
                "Actual Total Time": 46.973,
                "Actual Rows": 2084,
                "Actual Loops": 2,
                "Inner Unique": false,
                "Plans": [
                  {
                    "Node Type": "Nested Loop",
                    "Parent Relationship": "Outer",
                    "Parallel Aware": false,
                    "Join Type": "Inner",
                    "Startup Cost": 118.94,
                    "Total Cost": 36289.34,
                    "Plan Rows": 1081,
                    "Plan Width": 8,
                    "Actual Startup Time": 3.168,
                    "Actual Total Time": 29.184,
                    "Actual Rows": 2176,
                    "Actual Loops": 2,
                    "Inner Unique": true,
                    "Plans": [
                      {
                        "Node Type": "Bitmap Heap Scan",
                        "Parent Relationship": "Outer",
                        "Parallel Aware": true,
                        "Relation Name": "movie_keyword",
                        "Alias": "mk",
                        "Startup Cost": 118.51,
                        "Total Cost": 13152.38,
                        "Plan Rows": 3194,
                        "Plan Width": 4,
                        "Actual Startup Time": 3.041,
                        "Actual Total Time": 10.841,
                        "Actual Rows": 2452,
                        "Actual Loops": 2,
                        "Recheck Cond": "(keyword_id = 24382)",
                        "Rows Removed by Index Recheck": 0,
                        "Exact Heap Blocks": 3079,
                        "Lossy Heap Blocks": 0,
                        "Plans": [
                          {
                            "Node Type": "Bitmap Index Scan",
                            "Parent Relationship": "Outer",
                            "Parallel Aware": false,
                            "Index Name": "keyword_id_movie_keyword",
                            "Startup Cost": 0.0,
                            "Total Cost": 117.15,
                            "Plan Rows": 5429,
                            "Plan Width": 0,
                            "Actual Startup Time": 3.95,
                            "Actual Total Time": 3.95,
                            "Actual Rows": 4904,
                            "Actual Loops": 1,
                            "Index Cond": "(keyword_id = 24382)"
                          }
                        ]
                      },
                      {
                        "Node Type": "Index Scan",
                        "Parent Relationship": "Inner",
                        "Parallel Aware": false,
                        "Scan Direction": "Forward",
                        "Index Name": "title_pkey",
                        "Relation Name": "title",
                        "Alias": "t",
                        "Startup Cost": 0.43,
                        "Total Cost": 7.24,
                        "Plan Rows": 1,
                        "Plan Width": 4,
                        "Actual Startup Time": 0.007,
                        "Actual Total Time": 0.007,
                        "Actual Rows": 1,
                        "Actual Loops": 4904,
                        "Index Cond": "(id = mk.movie_id)",
                        "Rows Removed by Index Recheck": 0,
                        "Filter": "(kind_id < 4)",
                        "Rows Removed by Filter": 0
                      }
                    ]
                  },
                  {
                    "Node Type": "Index Scan",
                    "Parent Relationship": "Inner",
                    "Parallel Aware": false,
                    "Scan Direction": "Forward",
                    "Index Name": "movie_id_movie_info_idx",
                    "Relation Name": "movie_info_idx",
                    "Alias": "mi_idx",
                    "Startup Cost": 0.43,
                    "Total Cost": 0.55,
                    "Plan Rows": 1,
                    "Plan Width": 4,
                    "Actual Startup Time": 0.007,
                    "Actual Total Time": 0.008,
                    "Actual Rows": 1,
                    "Actual Loops": 4352,
                    "Index Cond": "(movie_id = t.id)",
                    "Rows Removed by Index Recheck": 0,
                    "Filter": "(info_type_id < 100)",
                    "Rows Removed by Filter": 2
                  }
                ]
              }
            ]
          }
        ]
      }
    ]
  },
  "Planning Time": 0.962,
  "Triggers": [],
  "Execution Time": 61.832
}