[
  {
    "Plan": {
      "Node Type": "Aggregate",
      "Strategy": "Plain",
      "Partial Mode": "Finalize",
      "Parallel Aware": false,
      "Startup Cost": 259587.68,
      "Total Cost": 259587.69,
      "Plan Rows": 1,
      "Plan Width": 8,
      "Actual Startup Time": 1477.534,
      "Actual Total Time": 1524.438,
      "Actual Rows": 1,
      "Actual Loops": 1,
      "Plans": [
        {
          "Node Type": "Gather",
          "Parent Relationship": "Outer",
          "Parallel Aware": false,
          "Startup Cost": 259587.36,
          "Total Cost": 259587.67,
          "Plan Rows": 3,
          "Plan Width": 8,
          "Actual Startup Time": 1472.989,
          "Actual Total Time": 1524.428,
          "Actual Rows": 4,
          "Actual Loops": 1,
          "Workers Planned": 3,
          "Workers Launched": 3,
          "Single Copy": false,
          "Plans": [
            {
              "Node Type": "Aggregate",
              "Strategy": "Plain",
              "Partial Mode": "Partial",
              "Parent Relationship": "Outer",
              "Parallel Aware": false,
              "Startup Cost": 258587.36,
              "Total Cost": 258587.37,
              "Plan Rows": 1,
              "Plan Width": 8,
              "Actual Startup Time": 1453.426,
              "Actual Total Time": 1453.431,
              "Actual Rows": 1,
              "Actual Loops": 4,
              "Plans": [
                {
                  "Node Type": "Nested Loop",
                  "Parent Relationship": "Outer",
                  "Parallel Aware": false,
                  "Join Type": "Inner",
                  "Startup Cost": 56584.83,
                  "Total Cost": 257196.99,
                  "Plan Rows": 556149,
                  "Plan Width": 0,
                  "Actual Startup Time": 416.461,
                  "Actual Total Time": 1375.436,
                  "Actual Rows": 1281994,
                  "Actual Loops": 4,
                  "Inner Unique": false,
                  "Plans": [
                    {
                      "Node Type": "Hash Join",
                      "Parent Relationship": "Outer",
                      "Parallel Aware": true,
                      "Join Type": "Inner",
                      "Startup Cost": 56584.39,
                      "Total Cost": 76806.99,
                      "Plan Rows": 94717,
                      "Plan Width": 8,
                      "Actual Startup Time": 416.242,
                      "Actual Total Time": 483.634,
                      "Actual Rows": 71625,
                      "Actual Loops": 4,
                      "Inner Unique": true,
                      "Hash Cond": "(mc.movie_id = t.id)",
                      "Plans": [
                        {
                          "Node Type": "Bitmap Heap Scan",
                          "Parent Relationship": "Outer",
                          "Parallel Aware": true,
                          "Relation Name": "movie_companies",
                          "Alias": "mc",
                          "Startup Cost": 6364.01,
                          "Total Cost": 26337.97,
                          "Plan Rows": 94717,
                          "Plan Width": 4,
                          "Actual Startup Time": 11.68,
                          "Actual Total Time": 31.196,
                          "Actual Rows": 71625,
                          "Actual Loops": 4,
                          "Recheck Cond": "(company_id > 95206)",
                          "Rows Removed by Index Recheck": 0,
                          "Exact Heap Blocks": 1686,
                          "Lossy Heap Blocks": 0,
                          "Plans": [
                            {
                              "Node Type": "Bitmap Index Scan",
                              "Parent Relationship": "Outer",
                              "Parallel Aware": false,
                              "Index Name": "company_id_movie_companies",
                              "Startup Cost": 0.0,
                              "Total Cost": 6290.6,
                              "Plan Rows": 293623,
                              "Plan Width": 0,
                              "Actual Startup Time": 10.885,
                              "Actual Total Time": 10.886,
                              "Actual Rows": 286499,
                              "Actual Loops": 1,
                              "Index Cond": "(company_id > 95206)"
                            }
                          ]
                        },
                        {
                          "Node Type": "Hash",
                          "Parent Relationship": "Inner",
                          "Parallel Aware": true,
                          "Startup Cost": 42319.06,
                          "Total Cost": 42319.06,
                          "Plan Rows": 632106,
                          "Plan Width": 4,
                          "Actual Startup Time": 393.952,
                          "Actual Total Time": 393.953,
                          "Actual Rows": 632078,
                          "Actual Loops": 4,
                          "Hash Buckets": 4194304,
                          "Original Hash Buckets": 4194304,
                          "Hash Batches": 1,
                          "Original Hash Batches": 1,
                          "Peak Memory Usage": 131712,
                          "Plans": [
                            {
                              "Node Type": "Seq Scan",
                              "Parent Relationship": "Outer",
                              "Parallel Aware": true,
                              "Relation Name": "title",
                              "Alias": "t",
                              "Startup Cost": 0.0,
                              "Total Cost": 42319.06,
                              "Plan Rows": 632106,
                              "Plan Width": 4,
                              "Actual Startup Time": 0.051,
                              "Actual Total Time": 119.553,
                              "Actual Rows": 632078,
                              "Actual Loops": 4
                            }
                          ]
                        }
                      ]
                    },
                    {
                      "Node Type": "Index Only Scan",
                      "Parent Relationship": "Inner",
                      "Parallel Aware": false,
                      "Scan Direction": "Forward",
                      "Index Name": "movie_id_movie_info",
                      "Relation Name": "movie_info",
                      "Alias": "mi",
                      "Startup Cost": 0.43,
                      "Total Cost": 1.49,
                      "Plan Rows": 41,
                      "Plan Width": 4,
                      "Actual Startup Time": 0.003,
                      "Actual Total Time": 0.01,
                      "Actual Rows": 18,
                      "Actual Loops": 286499,
                      "Index Cond": "(movie_id = t.id)",
                      "Rows Removed by Index Recheck": 0,
                      "Heap Fetches": 5127975
                    }
                  ]
                }
              ]
            }
          ]
        }
      ]
    },
    "Planning Time": 0.995,
    "Triggers": [],
    "Execution Time": 1524.528
  }
]