[
    {
        "Bao": {
            "Bao prediction": 512.118,
            "Bao recommended hint": "SET enable_mergejoin TO off; SET enable_indexscan TO off; "
        }
    },
    {
        "Plan": {
            "Node Type": "Aggregate",
            "Strategy": "Plain",
            "Partial Mode": "Simple",
            "Parallel Aware": false,
            "Startup Cost": 10145.53,
            "Total Cost": 10145.54,
            "Plan Rows": 1,
            "Plan Width": 8,
            "Actual Startup Time": 8.902,
            "Actual Total Time": 8.904,
            "Actual Rows": 1,
            "Actual Loops": 1,
            "Output": [
                "count(*)"
            ],
            "Plans": [
                {
                    "Node Type": "Bitmap Heap Scan",
                    "Parent Relationship": "Outer",
                    "Parallel Aware": false,
                    "Relation Name": "movie_companies",
                    "Schema": "public",
                    "Alias": "mc",
                    "Startup Cost": 92.79,
                    "Total Cost": 10135.09,
                    "Plan Rows": 4175,
                    "Plan Width": 0,
                    "Actual Startup Time": 1.938,
                    "Actual Total Time": 8.201,
                    "Actual Rows": 4181,
                    "Actual Loops": 1,
                    "Recheck Cond": "(mc.company_id = 11138)",
                    "Rows Removed by Index Recheck": 0,
                    "Exact Heap Blocks": 2105,
                    "Lossy Heap Blocks": 0,
                    "Plans": [
                        {
                            "Node Type": "Bitmap Index Scan",
                            "Parent Relationship": "Outer",
                            "Parallel Aware": false,
                            "Index Name": "company_id_movie_companies",
                            "Startup Cost": 0.0,
                            "Total Cost": 91.74,
                            "Plan Rows": 4175,
                            "Plan Width": 0,
                            "Actual Startup Time": 1.055,
                            "Actual Total Time": 1.056,
                            "Actual Rows": 4181,
                            "Actual Loops": 1,
                            "Index Cond": "(mc.company_id = 11138)"
                        }
                    ]
                }
            ]
        },
        "Planning Time": 1103.575,
        "Triggers": [],
        "Execution Time": 9.004
    }
]