{
    "Plan": {
        "Node Type": "Aggregate",
        "Strategy": "Plain",
        "Partial Mode": "Finalize",
        "Parallel Aware": false,
        "Startup Cost": 63459.56,
        "Total Cost": 63459.57,
        "Plan Rows": 1,
        "Plan Width": 8,
        "Actual Startup Time": 108.262,
        "Actual Total Time": 121.769,
        "Actual Rows": 1,
        "Actual Loops": 1,
        "Output": [
            "count(*)"
        ],
        "Plans": [
            {
                "Node Type": "Gather",
                "Parent Relationship": "Outer",
                "Parallel Aware": false,
                "Startup Cost": 63459.14,
                "Total Cost": 63459.55,
                "Plan Rows": 4,
                "Plan Width": 8,
                "Actual Startup Time": 108.157,
                "Actual Total Time": 121.761,
                "Actual Rows": 5,
                "Actual Loops": 1,
                "Output": [
                    "(PARTIAL count(*))"
                ],
                "Workers Planned": 4,
                "Workers Launched": 4,
                "Single Copy": false,
                "Plans": [
                    {
                        "Node Type": "Aggregate",
                        "Strategy": "Plain",
                        "Partial Mode": "Partial",
                        "Parent Relationship": "Outer",
                        "Parallel Aware": false,
                        "Startup Cost": 62459.14,
                        "Total Cost": 62459.15,
                        "Plan Rows": 1,
                        "Plan Width": 8,
                        "Actual Startup Time": 98.374,
                        "Actual Total Time": 98.375,
                        "Actual Rows": 1,
                        "Actual Loops": 5,
                        "Output": [
                            "PARTIAL count(*)"
                        ],
                        "Workers": [
                            {
                                "Worker Number": 0,
                                "Actual Startup Time": 95.278,
                                "Actual Total Time": 95.279,
                                "Actual Rows": 1,
                                "Actual Loops": 1
                            },
                            {
                                "Worker Number": 1,
                                "Actual Startup Time": 96.326,
                                "Actual Total Time": 96.328,
                                "Actual Rows": 1,
                                "Actual Loops": 1
                            },
                            {
                                "Worker Number": 2,
                                "Actual Startup Time": 96.456,
                                "Actual Total Time": 96.457,
                                "Actual Rows": 1,
                                "Actual Loops": 1
                            },
                            {
                                "Worker Number": 3,
                                "Actual Startup Time": 96.485,
                                "Actual Total Time": 96.486,
                                "Actual Rows": 1,
                                "Actual Loops": 1
                            }
                        ],
                        "Plans": [
                            {
                                "Node Type": "Nested Loop",
                                "Parent Relationship": "Outer",
                                "Parallel Aware": false,
                                "Join Type": "Inner",
                                "Startup Cost": 0.43,
                                "Total Cost": 62456.06,
                                "Plan Rows": 1233,
                                "Plan Width": 0,
                                "Actual Startup Time": 2.806,
                                "Actual Total Time": 98.101,
                                "Actual Rows": 2379,
                                "Actual Loops": 5,
                                "Inner Unique": false,
                                "Workers": [
                                    {
                                        "Worker Number": 0,
                                        "Actual Startup Time": 4.515,
                                        "Actual Total Time": 95.034,
                                        "Actual Rows": 1950,
                                        "Actual Loops": 1
                                    },
                                    {
                                        "Worker Number": 1,
                                        "Actual Startup Time": 4.378,
                                        "Actual Total Time": 96.053,
                                        "Actual Rows": 2243,
                                        "Actual Loops": 1
                                    },
                                    {
                                        "Worker Number": 2,
                                        "Actual Startup Time": 0.491,
                                        "Actual Total Time": 96.183,
                                        "Actual Rows": 2223,
                                        "Actual Loops": 1
                                    },
                                    {
                                        "Worker Number": 3,
                                        "Actual Startup Time": 4.316,
                                        "Actual Total Time": 96.203,
                                        "Actual Rows": 2293,
                                        "Actual Loops": 1
                                    }
                                ],
                                "Plans": [
                                    {
                                        "Node Type": "Seq Scan",
                                        "Parent Relationship": "Outer",
                                        "Parallel Aware": true,
                                        "Relation Name": "title",
                                        "Schema": "public",
                                        "Alias": "t",
                                        "Startup Cost": 0.0,
                                        "Total Cost": 45479.21,
                                        "Plan Rows": 1194,
                                        "Plan Width": 4,
                                        "Actual Startup Time": 2.603,
                                        "Actual Total Time": 83.356,
                                        "Actual Rows": 1198,
                                        "Actual Loops": 5,
                                        "Output": [
                                            "t.id",
                                            "t.title",
                                            "t.imdb_index",
                                            "t.kind_id",
                                            "t.production_year",
                                            "t.imdb_id",
                                            "t.phonetic_code",
                                            "t.episode_of_id",
                                            "t.season_nr",
                                            "t.episode_nr",
                                            "t.series_years",
                                            "t.md5sum"
                                        ],
                                        "Filter": "((t.kind_id < 7) AND (t.production_year = 1972))",
                                        "Rows Removed by Filter": 504465,
                                        "Workers": [
                                            {
                                                "Worker Number": 0,
                                                "Actual Startup Time": 4.22,
                                                "Actual Total Time": 78.744,
                                                "Actual Rows": 1020,
                                                "Actual Loops": 1
                                            },
                                            {
                                                "Worker Number": 1,
                                                "Actual Startup Time": 4.154,
                                                "Actual Total Time": 80.014,
                                                "Actual Rows": 1143,
                                                "Actual Loops": 1
                                            },
                                            {
                                                "Worker Number": 2,
                                                "Actual Startup Time": 0.273,
                                                "Actual Total Time": 79.961,
                                                "Actual Rows": 1175,
                                                "Actual Loops": 1
                                            },
                                            {
                                                "Worker Number": 3,
                                                "Actual Startup Time": 4.072,
                                                "Actual Total Time": 80.502,
                                                "Actual Rows": 1159,
                                                "Actual Loops": 1
                                            }
                                        ]
                                    },
                                    {
                                        "Node Type": "Index Only Scan",
                                        "Parent Relationship": "Inner",
                                        "Parallel Aware": false,
                                        "Scan Direction": "Forward",
                                        "Index Name": "movie_id_movie_companies",
                                        "Relation Name": "movie_companies",
                                        "Schema": "public",
                                        "Alias": "mc",
                                        "Startup Cost": 0.43,
                                        "Total Cost": 14.17,
                                        "Plan Rows": 5,
                                        "Plan Width": 4,
                                        "Actual Startup Time": 0.01,
                                        "Actual Total Time": 0.012,
                                        "Actual Rows": 2,
                                        "Actual Loops": 5989,
                                        "Output": [
                                            "mc.movie_id"
                                        ],
                                        "Index Cond": "(mc.movie_id = t.id)",
                                        "Rows Removed by Index Recheck": 0,
                                        "Heap Fetches": 11897,
                                        "Workers": [
                                            {
                                                "Worker Number": 0,
                                                "Actual Startup Time": 0.013,
                                                "Actual Total Time": 0.015,
                                                "Actual Rows": 2,
                                                "Actual Loops": 1020
                                            },
                                            {
                                                "Worker Number": 1,
                                                "Actual Startup Time": 0.011,
                                                "Actual Total Time": 0.013,
                                                "Actual Rows": 2,
                                                "Actual Loops": 1143
                                            },
                                            {
                                                "Worker Number": 2,
                                                "Actual Startup Time": 0.011,
                                                "Actual Total Time": 0.013,
                                                "Actual Rows": 2,
                                                "Actual Loops": 1175
                                            },
                                            {
                                                "Worker Number": 3,
                                                "Actual Startup Time": 0.011,
                                                "Actual Total Time": 0.013,
                                                "Actual Rows": 2,
                                                "Actual Loops": 1159
                                            }
                                        ]
                                    }
                                ]
                            }
                        ]
                    }
                ]
            }
        ]
    },
    "Planning Time": 0.714,
    "Triggers": [],
    "Execution Time": 121.844
}