[
  {
    "Plan": {
      "Node Type": "Aggregate",
      "Strategy": "Plain",
      "Partial Mode": "Finalize",
      "Parallel Aware": false,
      "Startup Cost": 288752.71,
      "Total Cost": 288752.72,
      "Plan Rows": 1,
      "Plan Width": 8,
      "Actual Startup Time": 884.347,
      "Actual Total Time": 913.575,
      "Actual Rows": 1,
      "Actual Loops": 1,
      "Plans": [
        {
          "Node Type": "Gather",
          "Parent Relationship": "Outer",
          "Parallel Aware": false,
          "Startup Cost": 288752.39,
          "Total Cost": 288752.7,
          "Plan Rows": 3,
          "Plan Width": 8,
          "Actual Startup Time": 872.864,
          "Actual Total Time": 913.562,
          "Actual Rows": 4,
          "Actual Loops": 1,
          "Workers Planned": 3,
          "Workers Launched": 3,
          "Single Copy": false,
          "Plans": [
            {
              "Node Type": "Aggregate",
              "Strategy": "Plain",
              "Partial Mode": "Partial",
              "Parent Relationship": "Outer",
              "Parallel Aware": false,
              "Startup Cost": 287752.39,
              "Total Cost": 287752.4,
              "Plan Rows": 1,
              "Plan Width": 8,
              "Actual Startup Time": 860.209,
              "Actual Total Time": 860.347,
              "Actual Rows": 1,
              "Actual Loops": 4,
              "Plans": [
                {
                  "Node Type": "Hash Join",
                  "Parent Relationship": "Outer",
                  "Parallel Aware": true,
                  "Join Type": "Inner",
                  "Startup Cost": 243230.14,
                  "Total Cost": 287362.55,
                  "Plan Rows": 155937,
                  "Plan Width": 0,
                  "Actual Startup Time": 713.571,
                  "Actual Total Time": 851.26,
                  "Actual Rows": 223724,
                  "Actual Loops": 4,
                  "Inner Unique": false,
                  "Hash Cond": "(mk.movie_id = t.id)",
                  "Plans": [
                    {
                      "Node Type": "Seq Scan",
                      "Parent Relationship": "Outer",
                      "Parallel Aware": true,
                      "Relation Name": "movie_keyword",
                      "Alias": "mk",
                      "Startup Cost": 0.0,
                      "Total Cost": 42695.65,
                      "Plan Rows": 299971,
                      "Plan Width": 4,
                      "Actual Startup Time": 1.38,
                      "Actual Total Time": 86.49,
                      "Actual Rows": 230812,
                      "Actual Loops": 4,
                      "Filter": "(keyword_id > 20324)",
                      "Rows Removed by Filter": 900170
                    },
                    {
                      "Node Type": "Hash",
                      "Parent Relationship": "Inner",
                      "Parallel Aware": true,
                      "Startup Cost": 239944.2,
                      "Total Cost": 239944.2,
                      "Plan Rows": 262875,
                      "Plan Width": 8,
                      "Actual Startup Time": 704.507,
                      "Actual Total Time": 704.643,
                      "Actual Rows": 322232,
                      "Actual Loops": 4,
                      "Hash Buckets": 2097152,
                      "Original Hash Buckets": 2097152,
                      "Hash Batches": 1,
                      "Original Hash Batches": 1,
                      "Peak Memory Usage": 66880,
                      "Plans": [
                        {
                          "Node Type": "Hash Join",
                          "Parent Relationship": "Outer",
                          "Parallel Aware": true,
                          "Join Type": "Inner",
                          "Startup Cost": 73975.22,
                          "Total Cost": 239944.2,
                          "Plan Rows": 262875,
                          "Plan Width": 8,
                          "Actual Startup Time": 392.994,
                          "Actual Total Time": 581.977,
                          "Actual Rows": 322232,
                          "Actual Loops": 4,
                          "Inner Unique": true,
                          "Hash Cond": "(mi.movie_id = t.id)",
                          "Plans": [
                            {
                              "Node Type": "Bitmap Heap Scan",
                              "Parent Relationship": "Outer",
                              "Parallel Aware": true,
                              "Relation Name": "movie_info",
                              "Alias": "mi",
                              "Startup Cost": 23754.83,
                              "Total Cost": 189033.77,
                              "Plan Rows": 262875,
                              "Plan Width": 4,
                              "Actual Startup Time": 43.12,
                              "Actual Total Time": 78.823,
                              "Actual Rows": 322232,
                              "Actual Loops": 4,
                              "Recheck Cond": "(info_type_id = 2)",
                              "Rows Removed by Index Recheck": 0,
                              "Exact Heap Blocks": 1903,
                              "Lossy Heap Blocks": 0,
                              "Plans": [
                                {
                                  "Node Type": "Bitmap Index Scan",
                                  "Parent Relationship": "Outer",
                                  "Parallel Aware": false,
                                  "Index Name": "info_type_id_movie_info",
                                  "Startup Cost": 0.0,
                                  "Total Cost": 23426.24,
                                  "Plan Rows": 1314374,
                                  "Plan Width": 0,
                                  "Actual Startup Time": 41.789,
                                  "Actual Total Time": 41.79,
                                  "Actual Rows": 1288928,
                                  "Actual Loops": 1,
                                  "Index Cond": "(info_type_id = 2)"
                                }
                              ]
                            },
                            {
                              "Node Type": "Hash",
                              "Parent Relationship": "Inner",
                              "Parallel Aware": true,
                              "Startup Cost": 42319.06,
                              "Total Cost": 42319.06,
                              "Plan Rows": 632106,
                              "Plan Width": 4,
                              "Actual Startup Time": 342.309,
                              "Actual Total Time": 342.31,
                              "Actual Rows": 632078,
                              "Actual Loops": 4,
                              "Hash Buckets": 4194304,
                              "Original Hash Buckets": 4194304,
                              "Hash Batches": 1,
                              "Original Hash Batches": 1,
                              "Peak Memory Usage": 131744,
                              "Plans": [
                                {
                                  "Node Type": "Seq Scan",
                                  "Parent Relationship": "Outer",
                                  "Parallel Aware": true,
                                  "Relation Name": "title",
                                  "Alias": "t",
                                  "Startup Cost": 0.0,
                                  "Total Cost": 42319.06,
                                  "Plan Rows": 632106,
                                  "Plan Width": 4,
                                  "Actual Startup Time": 0.059,
                                  "Actual Total Time": 94.789,
                                  "Actual Rows": 632078,
                                  "Actual Loops": 4
                                }
                              ]
                            }
                          ]
                        }
                      ]
                    }
                  ]
                }
              ]
            }
          ]
        }
      ]
    },
    "Planning Time": 1.483,
    "Triggers": [],
    "Execution Time": 913.706
  }
]