[
  {
    "Plan": {
      "Node Type": "Aggregate",
      "Strategy": "Plain",
      "Partial Mode": "Finalize",
      "Parallel Aware": false,
      "Startup Cost": 337285.76,
      "Total Cost": 337285.77,
      "Plan Rows": 1,
      "Plan Width": 8,
      "Actual Startup Time": 736.911,
      "Actual Total Time": 779.009,
      "Actual Rows": 1,
      "Actual Loops": 1,
      "Plans": [
        {
          "Node Type": "Gather",
          "Parent Relationship": "Outer",
          "Parallel Aware": false,
          "Startup Cost": 337285.13,
          "Total Cost": 337285.74,
          "Plan Rows": 6,
          "Plan Width": 8,
          "Actual Startup Time": 736.674,
          "Actual Total Time": 778.997,
          "Actual Rows": 7,
          "Actual Loops": 1,
          "Workers Planned": 6,
          "Workers Launched": 6,
          "Single Copy": false,
          "Plans": [
            {
              "Node Type": "Aggregate",
              "Strategy": "Plain",
              "Partial Mode": "Partial",
              "Parent Relationship": "Outer",
              "Parallel Aware": false,
              "Startup Cost": 336285.13,
              "Total Cost": 336285.14,
              "Plan Rows": 1,
              "Plan Width": 8,
              "Actual Startup Time": 728.992,
              "Actual Total Time": 728.993,
              "Actual Rows": 1,
              "Actual Loops": 7,
              "Plans": [
                {
                  "Node Type": "Seq Scan",
                  "Parent Relationship": "Outer",
                  "Parallel Aware": true,
                  "Relation Name": "cast_info",
                  "Alias": "ci",
                  "Startup Cost": 0.0,
                  "Total Cost": 328211.39,
                  "Plan Rows": 3229496,
                  "Plan Width": 0,
                  "Actual Startup Time": 0.049,
                  "Actual Total Time": 592.747,
                  "Actual Rows": 2797523,
                  "Actual Loops": 7,
                  "Filter": "(person_id < 1962047)",
                  "Rows Removed by Filter": 2380241
                }
              ]
            }
          ]
        }
      ]
    },
    "Planning Time": 0.167,
    "Triggers": [],
    "Execution Time": 779.07
  }
]