{
  "Plan": {
    "Node Type": "Aggregate",
    "Strategy": "Plain",
    "Partial Mode": "Finalize",
    "Parallel Aware": false,
    "Startup Cost": 410772.3,
    "Total Cost": 410772.31,
    "Plan Rows": 1,
    "Plan Width": 8,
    "Actual Startup Time": 1884.398,
    "Actual Total Time": 1927.49,
    "Actual Rows": 1,
    "Actual Loops": 1,
    "Plans": [
      {
        "Node Type": "Gather",
        "Parent Relationship": "Outer",
        "Parallel Aware": false,
        "Startup Cost": 410772.18,
        "Total Cost": 410772.29,
        "Plan Rows": 1,
        "Plan Width": 8,
        "Actual Startup Time": 1881.039,
        "Actual Total Time": 1927.481,
        "Actual Rows": 2,
        "Actual Loops": 1,
        "Workers Planned": 1,
        "Workers Launched": 1,
        "Single Copy": false,
        "Plans": [
          {
            "Node Type": "Aggregate",
            "Strategy": "Plain",
            "Partial Mode": "Partial",
            "Parent Relationship": "Outer",
            "Parallel Aware": false,
            "Startup Cost": 409772.18,
            "Total Cost": 409772.19,
            "Plan Rows": 1,
            "Plan Width": 8,
            "Actual Startup Time": 1875.343,
            "Actual Total Time": 1876.3,
            "Actual Rows": 1,
            "Actual Loops": 2,
            "Plans": [
              {
                "Node Type": "Hash Join",
                "Parent Relationship": "Outer",
                "Parallel Aware": true,
                "Join Type": "Inner",
                "Startup Cost": 110309.99,
                "Total Cost": 407433.18,
                "Plan Rows": 935602,
                "Plan Width": 0,
                "Actual Startup Time": 667.432,
                "Actual Total Time": 1860.719,
                "Actual Rows": 364456,
                "Actual Loops": 2,
                "Inner Unique": false,
                "Hash Cond": "(mi.movie_id = t.id)",
                "Plans": [
                  {
                    "Node Type": "Seq Scan",
                    "Parent Relationship": "Outer",
                    "Parallel Aware": true,
                    "Relation Name": "movie_info",
                    "Alias": "mi",
                    "Startup Cost": 0.0,
                    "Total Cost": 270696.42,
                    "Plan Rows": 5579529,
                    "Plan Width": 4,
                    "Actual Startup Time": 0.019,
                    "Actual Total Time": 726.026,
                    "Actual Rows": 4782576,
                    "Actual Loops": 2,
                    "Filter": "(info_type_id < 16)",
                    "Rows Removed by Filter": 2635284
                  },
                  {
                    "Node Type": "Hash",
                    "Parent Relationship": "Inner",
                    "Parallel Aware": true,
                    "Startup Cost": 107192.66,
                    "Total Cost": 107192.66,
                    "Plan Rows": 249386,
                    "Plan Width": 8,
                    "Actual Startup Time": 660.193,
                    "Actual Total Time": 661.148,
                    "Actual Rows": 77549,
                    "Actual Loops": 2,
                    "Hash Buckets": 524288,
                    "Original Hash Buckets": 524288,
                    "Hash Batches": 1,
                    "Original Hash Batches": 1,
                    "Peak Memory Usage": 10176,
                    "Plans": [
                      {
                        "Node Type": "Hash Join",
                        "Parent Relationship": "Outer",
                        "Parallel Aware": true,
                        "Join Type": "Inner",
                        "Startup Cost": 67956.79,
                        "Total Cost": 107192.66,
                        "Plan Rows": 249386,
                        "Plan Width": 8,
                        "Actual Startup Time": 470.083,
                        "Actual Total Time": 636.699,
                        "Actual Rows": 77549,
                        "Actual Loops": 2,
                        "Inner Unique": true,
                        "Hash Cond": "(mc.movie_id = t.id)",
                        "Plans": [
                          {
                            "Node Type": "Seq Scan",
                            "Parent Relationship": "Outer",
                            "Parallel Aware": true,
                            "Relation Name": "movie_companies",
                            "Alias": "mc",
                            "Startup Cost": 0.0,
                            "Total Cost": 37974.77,
                            "Plan Rows": 480418,
                            "Plan Width": 4,
                            "Actual Startup Time": 18.552,
                            "Actual Total Time": 107.748,
                            "Actual Rows": 415384,
                            "Actual Loops": 2,
                            "Filter": "(company_id > 27268)",
                            "Rows Removed by Filter": 889180
                          },
                          {
                            "Node Type": "Hash",
                            "Parent Relationship": "Inner",
                            "Parallel Aware": true,
                            "Startup Cost": 58306.47,
                            "Total Cost": 58306.47,
                            "Plan Rows": 772026,
                            "Plan Width": 4,
                            "Actual Startup Time": 391.769,
                            "Actual Total Time": 391.77,
                            "Actual Rows": 695762,
                            "Actual Loops": 2,
                            "Hash Buckets": 2097152,
                            "Original Hash Buckets": 2097152,
                            "Hash Batches": 1,
                            "Original Hash Batches": 1,
                            "Peak Memory Usage": 70848,
                            "Plans": [
                              {
                                "Node Type": "Seq Scan",
                                "Parent Relationship": "Outer",
                                "Parallel Aware": true,
                                "Relation Name": "title",
                                "Alias": "t",
                                "Startup Cost": 0.0,
                                "Total Cost": 58306.47,
                                "Plan Rows": 772026,
                                "Plan Width": 4,
                                "Actual Startup Time": 0.036,
                                "Actual Total Time": 174.089,
                                "Actual Rows": 695762,
                                "Actual Loops": 2,
                                "Filter": "((production_year > 1965) AND (kind_id = 7))",
                                "Rows Removed by Filter": 568394
                              }
                            ]
                          }
                        ]
                      }
                    ]
                  }
                ]
              }
            ]
          }
        ]
      }
    ]
  },
  "Planning Time": 1.016,
  "Triggers": [],
  "Execution Time": 1927.574
}