[
  {
    "Plan": {
      "Node Type": "Aggregate",
      "Strategy": "Plain",
      "Partial Mode": "Finalize",
      "Parallel Aware": false,
      "Startup Cost": 297300.69,
      "Total Cost": 297300.7,
      "Plan Rows": 1,
      "Plan Width": 8,
      "Actual Startup Time": 174.966,
      "Actual Total Time": 179.313,
      "Actual Rows": 1,
      "Actual Loops": 1,
      "Plans": [
        {
          "Node Type": "Gather",
          "Parent Relationship": "Outer",
          "Parallel Aware": false,
          "Startup Cost": 297300.07,
          "Total Cost": 297300.68,
          "Plan Rows": 6,
          "Plan Width": 8,
          "Actual Startup Time": 174.432,
          "Actual Total Time": 179.305,
          "Actual Rows": 7,
          "Actual Loops": 1,
          "Workers Planned": 6,
          "Workers Launched": 6,
          "Single Copy": false,
          "Plans": [
            {
              "Node Type": "Aggregate",
              "Strategy": "Plain",
              "Partial Mode": "Partial",
              "Parent Relationship": "Outer",
              "Parallel Aware": false,
              "Startup Cost": 296300.07,
              "Total Cost": 296300.08,
              "Plan Rows": 1,
              "Plan Width": 8,
              "Actual Startup Time": 167.224,
              "Actual Total Time": 167.225,
              "Actual Rows": 1,
              "Actual Loops": 7,
              "Plans": [
                {
                  "Node Type": "Bitmap Heap Scan",
                  "Parent Relationship": "Outer",
                  "Parallel Aware": true,
                  "Relation Name": "cast_info",
                  "Alias": "ci",
                  "Startup Cost": 39176.85,
                  "Total Cost": 295560.7,
                  "Plan Rows": 295748,
                  "Plan Width": 0,
                  "Actual Startup Time": 82.314,
                  "Actual Total Time": 150.134,
                  "Actual Rows": 255732,
                  "Actual Loops": 7,
                  "Recheck Cond": "(person_id < 177751)",
                  "Rows Removed by Index Recheck": 0,
                  "Exact Heap Blocks": 3429,
                  "Lossy Heap Blocks": 0,
                  "Plans": [
                    {
                      "Node Type": "Bitmap Index Scan",
                      "Parent Relationship": "Outer",
                      "Parallel Aware": false,
                      "Index Name": "person_id_cast_info",
                      "Startup Cost": 0.0,
                      "Total Cost": 38733.23,
                      "Plan Rows": 1774488,
                      "Plan Width": 0,
                      "Actual Startup Time": 84.272,
                      "Actual Total Time": 84.272,
                      "Actual Rows": 1790124,
                      "Actual Loops": 1,
                      "Index Cond": "(person_id < 177751)"
                    }
                  ]
                }
              ]
            }
          ]
        }
      ]
    },
    "Planning Time": 0.084,
    "Triggers": [],
    "Execution Time": 179.352
  }
]