[
  {
    "Plan": {
      "Node Type": "Aggregate",
      "Strategy": "Plain",
      "Partial Mode": "Finalize",
      "Parallel Aware": false,
      "Startup Cost": 97655.4,
      "Total Cost": 97655.41,
      "Plan Rows": 1,
      "Plan Width": 8,
      "Actual Startup Time": 413.623,
      "Actual Total Time": 433.13,
      "Actual Rows": 1,
      "Actual Loops": 1,
      "Plans": [
        {
          "Node Type": "Gather",
          "Parent Relationship": "Outer",
          "Parallel Aware": false,
          "Startup Cost": 97654.98,
          "Total Cost": 97655.39,
          "Plan Rows": 4,
          "Plan Width": 8,
          "Actual Startup Time": 407.728,
          "Actual Total Time": 433.119,
          "Actual Rows": 5,
          "Actual Loops": 1,
          "Workers Planned": 4,
          "Workers Launched": 4,
          "Single Copy": false,
          "Plans": [
            {
              "Node Type": "Aggregate",
              "Strategy": "Plain",
              "Partial Mode": "Partial",
              "Parent Relationship": "Outer",
              "Parallel Aware": false,
              "Startup Cost": 96654.98,
              "Total Cost": 96654.99,
              "Plan Rows": 1,
              "Plan Width": 8,
              "Actual Startup Time": 399.25,
              "Actual Total Time": 399.424,
              "Actual Rows": 1,
              "Actual Loops": 5,
              "Plans": [
                {
                  "Node Type": "Hash Join",
                  "Parent Relationship": "Outer",
                  "Parallel Aware": true,
                  "Join Type": "Inner",
                  "Startup Cost": 51601.74,
                  "Total Cost": 96611.14,
                  "Plan Rows": 17536,
                  "Plan Width": 0,
                  "Actual Startup Time": 280.537,
                  "Actual Total Time": 395.816,
                  "Actual Rows": 61093,
                  "Actual Loops": 5,
                  "Inner Unique": false,
                  "Hash Cond": "(t.id = mi_idx.movie_id)",
                  "Plans": [
                    {
                      "Node Type": "Seq Scan",
                      "Parent Relationship": "Outer",
                      "Parallel Aware": true,
                      "Relation Name": "title",
                      "Alias": "t",
                      "Startup Cost": 0.0,
                      "Total Cost": 42319.06,
                      "Plan Rows": 632106,
                      "Plan Width": 4,
                      "Actual Startup Time": 0.017,
                      "Actual Total Time": 77.657,
                      "Actual Rows": 505662,
                      "Actual Loops": 5
                    },
                    {
                      "Node Type": "Hash",
                      "Parent Relationship": "Inner",
                      "Parallel Aware": true,
                      "Startup Cost": 50002.07,
                      "Total Cost": 50002.07,
                      "Plan Rows": 127974,
                      "Plan Width": 8,
                      "Actual Startup Time": 224.425,
                      "Actual Total Time": 224.597,
                      "Actual Rows": 61093,
                      "Actual Loops": 5,
                      "Hash Buckets": 524288,
                      "Original Hash Buckets": 524288,
                      "Hash Batches": 1,
                      "Original Hash Batches": 1,
                      "Peak Memory Usage": 16192,
                      "Plans": [
                        {
                          "Node Type": "Hash Join",
                          "Parent Relationship": "Outer",
                          "Parallel Aware": true,
                          "Join Type": "Inner",
                          "Startup Cost": 24009.39,
                          "Total Cost": 50002.07,
                          "Plan Rows": 127974,
                          "Plan Width": 8,
                          "Actual Startup Time": 147.192,
                          "Actual Total Time": 202.229,
                          "Actual Rows": 61093,
                          "Actual Loops": 5,
                          "Inner Unique": false,
                          "Hash Cond": "(mk.movie_id = mi_idx.movie_id)",
                          "Plans": [
                            {
                              "Node Type": "Bitmap Heap Scan",
                              "Parent Relationship": "Outer",
                              "Parallel Aware": true,
                              "Relation Name": "movie_keyword",
                              "Alias": "mk",
                              "Startup Cost": 4070.96,
                              "Total Cost": 29298.39,
                              "Plan Rows": 61874,
                              "Plan Width": 4,
                              "Actual Startup Time": 16.003,
                              "Actual Total Time": 50.112,
                              "Actual Rows": 39268,
                              "Actual Loops": 5,
                              "Recheck Cond": "(keyword_id > 69543)",
                              "Rows Removed by Index Recheck": 0,
                              "Exact Heap Blocks": 6680,
                              "Lossy Heap Blocks": 0,
                              "Plans": [
                                {
                                  "Node Type": "Bitmap Index Scan",
                                  "Parent Relationship": "Outer",
                                  "Parallel Aware": false,
                                  "Index Name": "keyword_id_movie_keyword",
                                  "Startup Cost": 0.0,
                                  "Total Cost": 4023.01,
                                  "Plan Rows": 191810,
                                  "Plan Width": 0,
                                  "Actual Startup Time": 12.984,
                                  "Actual Total Time": 12.985,
                                  "Actual Rows": 196342,
                                  "Actual Loops": 1,
                                  "Index Cond": "(keyword_id > 69543)"
                                }
                              ]
                            },
                            {
                              "Node Type": "Hash",
                              "Parent Relationship": "Inner",
                              "Parallel Aware": true,
                              "Startup Cost": 15122.68,
                              "Total Cost": 15122.68,
                              "Plan Rows": 385260,
                              "Plan Width": 4,
                              "Actual Startup Time": 128.291,
                              "Actual Total Time": 128.292,
                              "Actual Rows": 184022,
                              "Actual Loops": 5,
                              "Hash Buckets": 1048576,
                              "Original Hash Buckets": 1048576,
                              "Hash Batches": 1,
                              "Original Hash Batches": 1,
                              "Peak Memory Usage": 44288,
                              "Plans": [
                                {
                                  "Node Type": "Seq Scan",
                                  "Parent Relationship": "Outer",
                                  "Parallel Aware": true,
                                  "Relation Name": "movie_info_idx",
                                  "Alias": "mi_idx",
                                  "Startup Cost": 0.0,
                                  "Total Cost": 15122.68,
                                  "Plan Rows": 385260,
                                  "Plan Width": 4,
                                  "Actual Startup Time": 0.069,
                                  "Actual Total Time": 52.953,
                                  "Actual Rows": 184022,
                                  "Actual Loops": 5,
                                  "Filter": "(info_type_id > 99)",
                                  "Rows Removed by Filter": 91985
                                }
                              ]
                            }
                          ]
                        }
                      ]
                    }
                  ]
                }
              ]
            }
          ]
        }
      ]
    },
    "Planning Time": 1.301,
    "Triggers": [],
    "Execution Time": 433.234
  }
]