[
  {
    "Plan": {
      "Node Type": "Aggregate",
      "Strategy": "Plain",
      "Partial Mode": "Finalize",
      "Parallel Aware": false,
      "Startup Cost": 79395.08,
      "Total Cost": 79395.09,
      "Plan Rows": 1,
      "Plan Width": 8,
      "Actual Startup Time": 233.307,
      "Actual Total Time": 248.177,
      "Actual Rows": 1,
      "Actual Loops": 1,
      "Plans": [
        {
          "Node Type": "Gather",
          "Parent Relationship": "Outer",
          "Parallel Aware": false,
          "Startup Cost": 79394.76,
          "Total Cost": 79395.07,
          "Plan Rows": 3,
          "Plan Width": 8,
          "Actual Startup Time": 232.09,
          "Actual Total Time": 248.167,
          "Actual Rows": 4,
          "Actual Loops": 1,
          "Workers Planned": 3,
          "Workers Launched": 3,
          "Single Copy": false,
          "Plans": [
            {
              "Node Type": "Aggregate",
              "Strategy": "Plain",
              "Partial Mode": "Partial",
              "Parent Relationship": "Outer",
              "Parallel Aware": false,
              "Startup Cost": 78394.76,
              "Total Cost": 78394.77,
              "Plan Rows": 1,
              "Plan Width": 8,
              "Actual Startup Time": 223.446,
              "Actual Total Time": 223.449,
              "Actual Rows": 1,
              "Actual Loops": 4,
              "Plans": [
                {
                  "Node Type": "Hash Join",
                  "Parent Relationship": "Outer",
                  "Parallel Aware": true,
                  "Join Type": "Inner",
                  "Startup Cost": 46349.59,
                  "Total Cost": 78334.93,
                  "Plan Rows": 23931,
                  "Plan Width": 0,
                  "Actual Startup Time": 149.575,
                  "Actual Total Time": 220.575,
                  "Actual Rows": 70510,
                  "Actual Loops": 4,
                  "Inner Unique": true,
                  "Hash Cond": "(mc.movie_id = t.id)",
                  "Plans": [
                    {
                      "Node Type": "Seq Scan",
                      "Parent Relationship": "Outer",
                      "Parallel Aware": true,
                      "Relation Name": "movie_companies",
                      "Alias": "mc",
                      "Startup Cost": 0.0,
                      "Total Cost": 31414.82,
                      "Plan Rows": 217345,
                      "Plan Width": 4,
                      "Actual Startup Time": 0.008,
                      "Actual Total Time": 61.682,
                      "Actual Rows": 235026,
                      "Actual Loops": 4,
                      "Filter": "((company_id < 12023) AND (company_type_id < 2))",
                      "Rows Removed by Filter": 417256
                    },
                    {
                      "Node Type": "Hash",
                      "Parent Relationship": "Inner",
                      "Parallel Aware": true,
                      "Startup Cost": 45479.59,
                      "Total Cost": 45479.59,
                      "Plan Rows": 69600,
                      "Plan Width": 4,
                      "Actual Startup Time": 119.575,
                      "Actual Total Time": 119.576,
                      "Actual Rows": 95574,
                      "Actual Loops": 4,
                      "Hash Buckets": 524288,
                      "Original Hash Buckets": 524288,
                      "Hash Batches": 1,
                      "Original Hash Batches": 1,
                      "Peak Memory Usage": 19104,
                      "Plans": [
                        {
                          "Node Type": "Seq Scan",
                          "Parent Relationship": "Outer",
                          "Parallel Aware": true,
                          "Relation Name": "title",
                          "Alias": "t",
                          "Startup Cost": 0.0,
                          "Total Cost": 45479.59,
                          "Plan Rows": 69600,
                          "Plan Width": 4,
                          "Actual Startup Time": 58.72,
                          "Actual Total Time": 96.128,
                          "Actual Rows": 95574,
                          "Actual Loops": 4,
                          "Filter": "((production_year < 2001) AND (kind_id = 1))",
                          "Rows Removed by Filter": 536504
                        }
                      ]
                    }
                  ]
                }
              ]
            }
          ]
        }
      ]
    },
    "Planning Time": 0.718,
    "Triggers": [],
    "Execution Time": 248.249
  }
]