[
  {
    "Plan": {
      "Node Type": "Aggregate",
      "Strategy": "Plain",
      "Partial Mode": "Finalize",
      "Parallel Aware": false,
      "Startup Cost": 46522.75,
      "Total Cost": 46522.76,
      "Plan Rows": 1,
      "Plan Width": 8,
      "Actual Startup Time": 169.372,
      "Actual Total Time": 179.924,
      "Actual Rows": 1,
      "Actual Loops": 1,
      "Plans": [
        {
          "Node Type": "Gather",
          "Parent Relationship": "Outer",
          "Parallel Aware": false,
          "Startup Cost": 46522.44,
          "Total Cost": 46522.75,
          "Plan Rows": 3,
          "Plan Width": 8,
          "Actual Startup Time": 169.217,
          "Actual Total Time": 179.913,
          "Actual Rows": 4,
          "Actual Loops": 1,
          "Workers Planned": 3,
          "Workers Launched": 3,
          "Single Copy": false,
          "Plans": [
            {
              "Node Type": "Aggregate",
              "Strategy": "Plain",
              "Partial Mode": "Partial",
              "Parent Relationship": "Outer",
              "Parallel Aware": false,
              "Startup Cost": 45522.44,
              "Total Cost": 45522.45,
              "Plan Rows": 1,
              "Plan Width": 8,
              "Actual Startup Time": 165.25,
              "Actual Total Time": 165.252,
              "Actual Rows": 1,
              "Actual Loops": 4,
              "Plans": [
                {
                  "Node Type": "Seq Scan",
                  "Parent Relationship": "Outer",
                  "Parallel Aware": true,
                  "Relation Name": "movie_keyword",
                  "Alias": "mk",
                  "Startup Cost": 0.0,
                  "Total Cost": 42695.65,
                  "Plan Rows": 1130713,
                  "Plan Width": 0,
                  "Actual Startup Time": 0.078,
                  "Actual Total Time": 123.839,
                  "Actual Rows": 875787,
                  "Actual Loops": 4,
                  "Filter": "(keyword_id > 992)",
                  "Rows Removed by Filter": 255196
                }
              ]
            }
          ]
        }
      ]
    },
    "Planning Time": 0.088,
    "Triggers": [],
    "Execution Time": 179.953
  }
]