{
  "Plan": {
    "Node Type": "Aggregate",
    "Strategy": "Plain",
    "Partial Mode": "Finalize",
    "Parallel Aware": false,
    "Startup Cost": 311820.98,
    "Total Cost": 311820.99,
    "Plan Rows": 1,
    "Plan Width": 8,
    "Actual Startup Time": 4326.719,
    "Actual Total Time": 4407.279,
    "Actual Rows": 1,
    "Actual Loops": 1,
    "Plans": [
      {
        "Node Type": "Gather",
        "Parent Relationship": "Outer",
        "Parallel Aware": false,
        "Startup Cost": 311820.87,
        "Total Cost": 311820.98,
        "Plan Rows": 1,
        "Plan Width": 8,
        "Actual Startup Time": 4326.695,
        "Actual Total Time": 4407.271,
        "Actual Rows": 2,
        "Actual Loops": 1,
        "Workers Planned": 1,
        "Workers Launched": 1,
        "Single Copy": false,
        "Plans": [
          {
            "Node Type": "Aggregate",
            "Strategy": "Plain",
            "Partial Mode": "Partial",
            "Parent Relationship": "Outer",
            "Parallel Aware": false,
            "Startup Cost": 310820.87,
            "Total Cost": 310820.88,
            "Plan Rows": 1,
            "Plan Width": 8,
            "Actual Startup Time": 4319.833,
            "Actual Total Time": 4319.837,
            "Actual Rows": 1,
            "Actual Loops": 2,
            "Plans": [
              {
                "Node Type": "Nested Loop",
                "Parent Relationship": "Outer",
                "Parallel Aware": false,
                "Join Type": "Inner",
                "Startup Cost": 56168.29,
                "Total Cost": 310031.75,
                "Plan Rows": 315645,
                "Plan Width": 0,
                "Actual Startup Time": 284.024,
                "Actual Total Time": 4245.096,
                "Actual Rows": 1556114,
                "Actual Loops": 2,
                "Inner Unique": false,
                "Join Filter": "(t.id = ci.movie_id)",
                "Rows Removed by Join Filter": 0,
                "Plans": [
                  {
                    "Node Type": "Hash Join",
                    "Parent Relationship": "Outer",
                    "Parallel Aware": true,
                    "Join Type": "Inner",
                    "Startup Cost": 56167.72,
                    "Total Cost": 99273.33,
                    "Plan Rows": 63968,
                    "Plan Width": 8,
                    "Actual Startup Time": 283.948,
                    "Actual Total Time": 492.436,
                    "Actual Rows": 185049,
                    "Actual Loops": 2,
                    "Inner Unique": true,
                    "Hash Cond": "(mc.movie_id = t.id)",
                    "Plans": [
                      {
                        "Node Type": "Seq Scan",
                        "Parent Relationship": "Outer",
                        "Parallel Aware": true,
                        "Relation Name": "movie_companies",
                        "Alias": "mc",
                        "Startup Cost": 0.0,
                        "Total Cost": 41811.73,
                        "Plan Rows": 492906,
                        "Plan Width": 4,
                        "Actual Startup Time": 58.594,
                        "Actual Total Time": 138.982,
                        "Actual Rows": 525646,
                        "Actual Loops": 2,
                        "Filter": "((company_id > 3889) AND (company_type_id = 2))",
                        "Rows Removed by Filter": 778918
                      },
                      {
                        "Node Type": "Hash",
                        "Parent Relationship": "Inner",
                        "Parallel Aware": true,
                        "Startup Cost": 53755.14,
                        "Total Cost": 53755.14,
                        "Plan Rows": 193007,
                        "Plan Width": 4,
                        "Actual Startup Time": 160.438,
                        "Actual Total Time": 160.439,
                        "Actual Rows": 205761,
                        "Actual Loops": 2,
                        "Hash Buckets": 524288,
                        "Original Hash Buckets": 524288,
                        "Hash Batches": 1,
                        "Original Hash Batches": 1,
                        "Peak Memory Usage": 20224,
                        "Plans": [
                          {
                            "Node Type": "Bitmap Heap Scan",
                            "Parent Relationship": "Outer",
                            "Parallel Aware": true,
                            "Relation Name": "title",
                            "Alias": "t",
                            "Startup Cost": 11904.88,
                            "Total Cost": 53755.14,
                            "Plan Rows": 193007,
                            "Plan Width": 4,
                            "Actual Startup Time": 36.446,
                            "Actual Total Time": 113.02,
                            "Actual Rows": 205761,
                            "Actual Loops": 2,
                            "Recheck Cond": "(kind_id = 1)",
                            "Rows Removed by Index Recheck": 0,
                            "Filter": "(production_year < 2004)",
                            "Rows Removed by Filter": 125652,
                            "Exact Heap Blocks": 8854,
                            "Lossy Heap Blocks": 0,
                            "Plans": [
                              {
                                "Node Type": "Bitmap Index Scan",
                                "Parent Relationship": "Outer",
                                "Parallel Aware": false,
                                "Index Name": "kind_id_title",
                                "Startup Cost": 0.0,
                                "Total Cost": 11822.85,
                                "Plan Rows": 663256,
                                "Plan Width": 0,
                                "Actual Startup Time": 34.947,
                                "Actual Total Time": 34.947,
                                "Actual Rows": 662825,
                                "Actual Loops": 1,
                                "Index Cond": "(kind_id = 1)"
                              }
                            ]
                          }
                        ]
                      }
                    ]
                  },
                  {
                    "Node Type": "Index Scan",
                    "Parent Relationship": "Inner",
                    "Parallel Aware": false,
                    "Scan Direction": "Forward",
                    "Index Name": "movie_id_cast_info",
                    "Relation Name": "cast_info",
                    "Alias": "ci",
                    "Startup Cost": 0.56,
                    "Total Cost": 3.13,
                    "Plan Rows": 13,
                    "Plan Width": 4,
                    "Actual Startup Time": 0.003,
                    "Actual Total Time": 0.019,
                    "Actual Rows": 8,
                    "Actual Loops": 370098,
                    "Index Cond": "(movie_id = mc.movie_id)",
                    "Rows Removed by Index Recheck": 0,
                    "Filter": "(role_id = 1)",
                    "Rows Removed by Filter": 13
                  }
                ]
              }
            ]
          }
        ]
      }
    ]
  },
  "Planning Time": 1.19,
  "Triggers": [],
  "Execution Time": 4407.412
}