[
  {
    "Plan": {
      "Node Type": "Aggregate",
      "Strategy": "Plain",
      "Partial Mode": "Finalize",
      "Parallel Aware": false,
      "Startup Cost": 443267.79,
      "Total Cost": 443267.8,
      "Plan Rows": 1,
      "Plan Width": 8,
      "Actual Startup Time": 2841.203,
      "Actual Total Time": 2899.992,
      "Actual Rows": 1,
      "Actual Loops": 1,
      "Plans": [
        {
          "Node Type": "Gather",
          "Parent Relationship": "Outer",
          "Parallel Aware": false,
          "Startup Cost": 443267.16,
          "Total Cost": 443267.77,
          "Plan Rows": 6,
          "Plan Width": 8,
          "Actual Startup Time": 2818.02,
          "Actual Total Time": 2899.979,
          "Actual Rows": 7,
          "Actual Loops": 1,
          "Workers Planned": 6,
          "Workers Launched": 6,
          "Single Copy": false,
          "Plans": [
            {
              "Node Type": "Aggregate",
              "Strategy": "Plain",
              "Partial Mode": "Partial",
              "Parent Relationship": "Outer",
              "Parallel Aware": false,
              "Startup Cost": 442267.16,
              "Total Cost": 442267.17,
              "Plan Rows": 1,
              "Plan Width": 8,
              "Actual Startup Time": 2802.812,
              "Actual Total Time": 2803.485,
              "Actual Rows": 1,
              "Actual Loops": 7,
              "Plans": [
                {
                  "Node Type": "Hash Join",
                  "Parent Relationship": "Outer",
                  "Parallel Aware": true,
                  "Join Type": "Inner",
                  "Startup Cost": 94623.14,
                  "Total Cost": 438901.15,
                  "Plan Rows": 1346403,
                  "Plan Width": 0,
                  "Actual Startup Time": 633.61,
                  "Actual Total Time": 2413.4,
                  "Actual Rows": 9479243,
                  "Actual Loops": 7,
                  "Inner Unique": false,
                  "Hash Cond": "(ci.movie_id = t.id)",
                  "Plans": [
                    {
                      "Node Type": "Seq Scan",
                      "Parent Relationship": "Outer",
                      "Parallel Aware": true,
                      "Relation Name": "cast_info",
                      "Alias": "ci",
                      "Startup Cost": 0.0,
                      "Total Cost": 328162.03,
                      "Plan Rows": 3139402,
                      "Plan Width": 4,
                      "Actual Startup Time": 168.405,
                      "Actual Total Time": 560.778,
                      "Actual Rows": 2684372,
                      "Actual Loops": 7,
                      "Filter": "(person_id > 1726366)",
                      "Rows Removed by Filter": 2493391
                    },
                    {
                      "Node Type": "Hash",
                      "Parent Relationship": "Inner",
                      "Parallel Aware": true,
                      "Startup Cost": 90250.9,
                      "Total Cost": 90250.9,
                      "Plan Rows": 349779,
                      "Plan Width": 8,
                      "Actual Startup Time": 460.188,
                      "Actual Total Time": 460.858,
                      "Actual Rows": 434669,
                      "Actual Loops": 7,
                      "Hash Buckets": 4194304,
                      "Original Hash Buckets": 2097152,
                      "Hash Batches": 1,
                      "Original Hash Batches": 1,
                      "Peak Memory Usage": 168288,
                      "Plans": [
                        {
                          "Node Type": "Hash Join",
                          "Parent Relationship": "Outer",
                          "Parallel Aware": true,
                          "Join Type": "Inner",
                          "Startup Cost": 47372.82,
                          "Total Cost": 90250.9,
                          "Plan Rows": 349779,
                          "Plan Width": 8,
                          "Actual Startup Time": 126.078,
                          "Actual Total Time": 293.805,
                          "Actual Rows": 434669,
                          "Actual Loops": 7,
                          "Inner Unique": true,
                          "Hash Cond": "(mk.movie_id = t.id)",
                          "Plans": [
                            {
                              "Node Type": "Seq Scan",
                              "Parent Relationship": "Outer",
                              "Parallel Aware": true,
                              "Relation Name": "movie_keyword",
                              "Alias": "mk",
                              "Startup Cost": 0.0,
                              "Total Cost": 39047.32,
                              "Plan Rows": 1459332,
                              "Plan Width": 4,
                              "Actual Startup Time": 0.025,
                              "Actual Total Time": 60.895,
                              "Actual Rows": 646276,
                              "Actual Loops": 7
                            },
                            {
                              "Node Type": "Hash",
                              "Parent Relationship": "Inner",
                              "Parallel Aware": true,
                              "Startup Cost": 45479.1,
                              "Total Cost": 45479.1,
                              "Plan Rows": 151498,
                              "Plan Width": 4,
                              "Actual Startup Time": 124.864,
                              "Actual Total Time": 124.865,
                              "Actual Rows": 96527,
                              "Actual Loops": 7,
                              "Hash Buckets": 1048576,
                              "Original Hash Buckets": 1048576,
                              "Hash Batches": 1,
                              "Original Hash Batches": 1,
                              "Peak Memory Usage": 34752,
                              "Plans": [
                                {
                                  "Node Type": "Seq Scan",
                                  "Parent Relationship": "Outer",
                                  "Parallel Aware": true,
                                  "Relation Name": "title",
                                  "Alias": "t",
                                  "Startup Cost": 0.0,
                                  "Total Cost": 45479.1,
                                  "Plan Rows": 151498,
                                  "Plan Width": 4,
                                  "Actual Startup Time": 0.043,
                                  "Actual Total Time": 77.697,
                                  "Actual Rows": 96527,
                                  "Actual Loops": 7,
                                  "Filter": "((kind_id < 7) AND (production_year < 2007))",
                                  "Rows Removed by Filter": 264660
                                }
                              ]
                            }
                          ]
                        }
                      ]
                    }
                  ]
                }
              ]
            }
          ]
        }
      ]
    },
    "Planning Time": 1.286,
    "Triggers": [],
    "Execution Time": 2900.104
  }
]