[
  {
    "Plan": {
      "Node Type": "Aggregate",
      "Strategy": "Plain",
      "Partial Mode": "Finalize",
      "Parallel Aware": false,
      "Startup Cost": 45567.49,
      "Total Cost": 45567.5,
      "Plan Rows": 1,
      "Plan Width": 8,
      "Actual Startup Time": 151.34,
      "Actual Total Time": 160.973,
      "Actual Rows": 1,
      "Actual Loops": 1,
      "Plans": [
        {
          "Node Type": "Gather",
          "Parent Relationship": "Outer",
          "Parallel Aware": false,
          "Startup Cost": 45567.18,
          "Total Cost": 45567.49,
          "Plan Rows": 3,
          "Plan Width": 8,
          "Actual Startup Time": 151.225,
          "Actual Total Time": 160.964,
          "Actual Rows": 4,
          "Actual Loops": 1,
          "Workers Planned": 3,
          "Workers Launched": 3,
          "Single Copy": false,
          "Plans": [
            {
              "Node Type": "Aggregate",
              "Strategy": "Plain",
              "Partial Mode": "Partial",
              "Parent Relationship": "Outer",
              "Parallel Aware": false,
              "Startup Cost": 44567.18,
              "Total Cost": 44567.19,
              "Plan Rows": 1,
              "Plan Width": 8,
              "Actual Startup Time": 142.739,
              "Actual Total Time": 142.74,
              "Actual Rows": 1,
              "Actual Loops": 4,
              "Plans": [
                {
                  "Node Type": "Seq Scan",
                  "Parent Relationship": "Outer",
                  "Parallel Aware": true,
                  "Relation Name": "movie_keyword",
                  "Alias": "mk",
                  "Startup Cost": 0.0,
                  "Total Cost": 42695.65,
                  "Plan Rows": 748609,
                  "Plan Width": 0,
                  "Actual Startup Time": 0.061,
                  "Actual Total Time": 116.194,
                  "Actual Rows": 580692,
                  "Actual Loops": 4,
                  "Filter": "(keyword_id < 5071)",
                  "Rows Removed by Filter": 550290
                }
              ]
            }
          ]
        }
      ]
    },
    "Planning Time": 0.159,
    "Triggers": [],
    "Execution Time": 161.023
  }
]