{
  "Plan": {
    "Node Type": "Aggregate",
    "Strategy": "Plain",
    "Partial Mode": "Finalize",
    "Parallel Aware": false,
    "Startup Cost": 134312.65,
    "Total Cost": 134312.66,
    "Plan Rows": 1,
    "Plan Width": 8,
    "Actual Startup Time": 331.806,
    "Actual Total Time": 353.254,
    "Actual Rows": 1,
    "Actual Loops": 1,
    "Plans": [
      {
        "Node Type": "Gather",
        "Parent Relationship": "Outer",
        "Parallel Aware": false,
        "Startup Cost": 134312.54,
        "Total Cost": 134312.65,
        "Plan Rows": 1,
        "Plan Width": 8,
        "Actual Startup Time": 331.355,
        "Actual Total Time": 353.245,
        "Actual Rows": 2,
        "Actual Loops": 1,
        "Workers Planned": 1,
        "Workers Launched": 1,
        "Single Copy": false,
        "Plans": [
          {
            "Node Type": "Aggregate",
            "Strategy": "Plain",
            "Partial Mode": "Partial",
            "Parent Relationship": "Outer",
            "Parallel Aware": false,
            "Startup Cost": 133312.54,
            "Total Cost": 133312.55,
            "Plan Rows": 1,
            "Plan Width": 8,
            "Actual Startup Time": 325.379,
            "Actual Total Time": 325.383,
            "Actual Rows": 1,
            "Actual Loops": 2,
            "Plans": [
              {
                "Node Type": "Nested Loop",
                "Parent Relationship": "Outer",
                "Parallel Aware": false,
                "Join Type": "Inner",
                "Startup Cost": 58858.5,
                "Total Cost": 132960.44,
                "Plan Rows": 140841,
                "Plan Width": 0,
                "Actual Startup Time": 152.936,
                "Actual Total Time": 321.546,
                "Actual Rows": 82990,
                "Actual Loops": 2,
                "Inner Unique": false,
                "Join Filter": "(t.id = mi.movie_id)",
                "Rows Removed by Join Filter": 0,
                "Plans": [
                  {
                    "Node Type": "Hash Join",
                    "Parent Relationship": "Outer",
                    "Parallel Aware": true,
                    "Join Type": "Inner",
                    "Startup Cost": 58858.07,
                    "Total Cost": 77041.86,
                    "Plan Rows": 24086,
                    "Plan Width": 8,
                    "Actual Startup Time": 152.848,
                    "Actual Total Time": 258.626,
                    "Actual Rows": 9848,
                    "Actual Loops": 2,
                    "Inner Unique": true,
                    "Hash Cond": "(mi_idx.movie_id = t.id)",
                    "Plans": [
                      {
                        "Node Type": "Seq Scan",
                        "Parent Relationship": "Outer",
                        "Parallel Aware": true,
                        "Relation Name": "movie_info_idx",
                        "Alias": "mi_idx",
                        "Startup Cost": 0.0,
                        "Total Cost": 16052.85,
                        "Plan Rows": 811785,
                        "Plan Width": 4,
                        "Actual Startup Time": 0.018,
                        "Actual Total Time": 45.971,
                        "Actual Rows": 690018,
                        "Actual Loops": 2
                      },
                      {
                        "Node Type": "Hash",
                        "Parent Relationship": "Inner",
                        "Parallel Aware": true,
                        "Startup Cost": 58306.47,
                        "Total Cost": 58306.47,
                        "Plan Rows": 44128,
                        "Plan Width": 4,
                        "Actual Startup Time": 150.399,
                        "Actual Total Time": 150.4,
                        "Actual Rows": 42278,
                        "Actual Loops": 2,
                        "Hash Buckets": 131072,
                        "Original Hash Buckets": 131072,
                        "Hash Batches": 1,
                        "Original Hash Batches": 1,
                        "Peak Memory Usage": 4352,
                        "Plans": [
                          {
                            "Node Type": "Seq Scan",
                            "Parent Relationship": "Outer",
                            "Parallel Aware": true,
                            "Relation Name": "title",
                            "Alias": "t",
                            "Startup Cost": 0.0,
                            "Total Cost": 58306.47,
                            "Plan Rows": 44128,
                            "Plan Width": 4,
                            "Actual Startup Time": 0.036,
                            "Actual Total Time": 138.902,
                            "Actual Rows": 42278,
                            "Actual Loops": 2,
                            "Filter": "((kind_id > 4) AND (production_year = 2008))",
                            "Rows Removed by Filter": 1221878
                          }
                        ]
                      }
                    ]
                  },
                  {
                    "Node Type": "Index Only Scan",
                    "Parent Relationship": "Inner",
                    "Parallel Aware": false,
                    "Scan Direction": "Forward",
                    "Index Name": "movie_id_movie_info",
                    "Relation Name": "movie_info",
                    "Alias": "mi",
                    "Startup Cost": 0.43,
                    "Total Cost": 1.8,
                    "Plan Rows": 42,
                    "Plan Width": 4,
                    "Actual Startup Time": 0.003,
                    "Actual Total Time": 0.006,
                    "Actual Rows": 8,
                    "Actual Loops": 19695,
                    "Index Cond": "(movie_id = mi_idx.movie_id)",
                    "Rows Removed by Index Recheck": 0,
                    "Heap Fetches": 165981
                  }
                ]
              }
            ]
          }
        ]
      }
    ]
  },
  "Planning Time": 0.916,
  "Triggers": [],
  "Execution Time": 353.333
}