[
  {
    "Plan": {
      "Node Type": "Aggregate",
      "Strategy": "Plain",
      "Partial Mode": "Finalize",
      "Parallel Aware": false,
      "Startup Cost": 33299.08,
      "Total Cost": 33299.09,
      "Plan Rows": 1,
      "Plan Width": 8,
      "Actual Startup Time": 92.086,
      "Actual Total Time": 97.358,
      "Actual Rows": 1,
      "Actual Loops": 1,
      "Plans": [
        {
          "Node Type": "Gather",
          "Parent Relationship": "Outer",
          "Parallel Aware": false,
          "Startup Cost": 33298.76,
          "Total Cost": 33299.07,
          "Plan Rows": 3,
          "Plan Width": 8,
          "Actual Startup Time": 91.969,
          "Actual Total Time": 97.351,
          "Actual Rows": 4,
          "Actual Loops": 1,
          "Workers Planned": 3,
          "Workers Launched": 3,
          "Single Copy": false,
          "Plans": [
            {
              "Node Type": "Aggregate",
              "Strategy": "Plain",
              "Partial Mode": "Partial",
              "Parent Relationship": "Outer",
              "Parallel Aware": false,
              "Startup Cost": 32298.76,
              "Total Cost": 32298.77,
              "Plan Rows": 1,
              "Plan Width": 8,
              "Actual Startup Time": 86.535,
              "Actual Total Time": 86.536,
              "Actual Rows": 1,
              "Actual Loops": 4,
              "Plans": [
                {
                  "Node Type": "Seq Scan",
                  "Parent Relationship": "Outer",
                  "Parallel Aware": true,
                  "Relation Name": "movie_companies",
                  "Alias": "mc",
                  "Startup Cost": 0.0,
                  "Total Cost": 31414.82,
                  "Plan Rows": 353576,
                  "Plan Width": 0,
                  "Actual Startup Time": 40.97,
                  "Actual Total Time": 76.759,
                  "Actual Rows": 217587,
                  "Actual Loops": 4,
                  "Filter": "((company_id < 76358) AND (company_type_id = 2))",
                  "Rows Removed by Filter": 434695
                }
              ]
            }
          ]
        }
      ]
    },
    "Planning Time": 0.096,
    "Triggers": [],
    "Execution Time": 97.388
  }
]