[
  {
    "Plan": {
      "Node Type": "Aggregate",
      "Strategy": "Plain",
      "Partial Mode": "Finalize",
      "Parallel Aware": false,
      "Startup Cost": 334339.09,
      "Total Cost": 334339.1,
      "Plan Rows": 1,
      "Plan Width": 8,
      "Actual Startup Time": 497.191,
      "Actual Total Time": 517.888,
      "Actual Rows": 1,
      "Actual Loops": 1,
      "Plans": [
        {
          "Node Type": "Gather",
          "Parent Relationship": "Outer",
          "Parallel Aware": false,
          "Startup Cost": 334338.47,
          "Total Cost": 334339.08,
          "Plan Rows": 6,
          "Plan Width": 8,
          "Actual Startup Time": 496.946,
          "Actual Total Time": 517.876,
          "Actual Rows": 7,
          "Actual Loops": 1,
          "Workers Planned": 6,
          "Workers Launched": 6,
          "Single Copy": false,
          "Plans": [
            {
              "Node Type": "Aggregate",
              "Strategy": "Plain",
              "Partial Mode": "Partial",
              "Parent Relationship": "Outer",
              "Parallel Aware": false,
              "Startup Cost": 333338.47,
              "Total Cost": 333338.48,
              "Plan Rows": 1,
              "Plan Width": 8,
              "Actual Startup Time": 486.487,
              "Actual Total Time": 486.488,
              "Actual Rows": 1,
              "Actual Loops": 7,
              "Plans": [
                {
                  "Node Type": "Index Scan",
                  "Parent Relationship": "Outer",
                  "Parallel Aware": true,
                  "Scan Direction": "Forward",
                  "Index Name": "role_id_cast_info",
                  "Relation Name": "cast_info",
                  "Alias": "ci",
                  "Startup Cost": 0.56,
                  "Total Cost": 331632.96,
                  "Plan Rows": 682202,
                  "Plan Width": 0,
                  "Actual Startup Time": 0.431,
                  "Actual Total Time": 427.667,
                  "Actual Rows": 1139961,
                  "Actual Loops": 7,
                  "Index Cond": "(role_id > 3)",
                  "Rows Removed by Index Recheck": 0,
                  "Filter": "(person_id > 2491329)",
                  "Rows Removed by Filter": 590560
                }
              ]
            }
          ]
        }
      ]
    },
    "Planning Time": 0.205,
    "Triggers": [],
    "Execution Time": 517.949
  }
]