[
  {
    "Plan": {
      "Node Type": "Aggregate",
      "Strategy": "Plain",
      "Partial Mode": "Simple",
      "Parallel Aware": false,
      "Startup Cost": 20853.84,
      "Total Cost": 20853.85,
      "Plan Rows": 1,
      "Plan Width": 8,
      "Actual Startup Time": 27.845,
      "Actual Total Time": 27.847,
      "Actual Rows": 1,
      "Actual Loops": 1,
      "Plans": [
        {
          "Node Type": "Bitmap Heap Scan",
          "Parent Relationship": "Outer",
          "Parallel Aware": false,
          "Relation Name": "movie_companies",
          "Alias": "mc",
          "Startup Cost": 1220.27,
          "Total Cost": 20713.25,
          "Plan Rows": 56238,
          "Plan Width": 0,
          "Actual Startup Time": 6.014,
          "Actual Total Time": 22.99,
          "Actual Rows": 53722,
          "Actual Loops": 1,
          "Recheck Cond": "(company_id > 188569)",
          "Rows Removed by Index Recheck": 0,
          "Exact Heap Blocks": 1973,
          "Lossy Heap Blocks": 0,
          "Plans": [
            {
              "Node Type": "Bitmap Index Scan",
              "Parent Relationship": "Outer",
              "Parallel Aware": false,
              "Index Name": "company_id_movie_companies",
              "Startup Cost": 0.0,
              "Total Cost": 1206.21,
              "Plan Rows": 56238,
              "Plan Width": 0,
              "Actual Startup Time": 5.321,
              "Actual Total Time": 5.321,
              "Actual Rows": 53722,
              "Actual Loops": 1,
              "Index Cond": "(company_id > 188569)"
            }
          ]
        }
      ]
    },
    "Planning Time": 0.152,
    "Triggers": [],
    "Execution Time": 27.9
  }
]