{
  "Plan": {
    "Node Type": "Aggregate",
    "Strategy": "Plain",
    "Partial Mode": "Finalize",
    "Parallel Aware": false,
    "Startup Cost": 103072.47,
    "Total Cost": 103072.48,
    "Plan Rows": 1,
    "Plan Width": 8,
    "Actual Startup Time": 287.617,
    "Actual Total Time": 306.111,
    "Actual Rows": 1,
    "Actual Loops": 1,
    "Plans": [
      {
        "Node Type": "Gather",
        "Parent Relationship": "Outer",
        "Parallel Aware": false,
        "Startup Cost": 103072.36,
        "Total Cost": 103072.47,
        "Plan Rows": 1,
        "Plan Width": 8,
        "Actual Startup Time": 287.422,
        "Actual Total Time": 306.104,
        "Actual Rows": 2,
        "Actual Loops": 1,
        "Workers Planned": 1,
        "Workers Launched": 1,
        "Single Copy": false,
        "Plans": [
          {
            "Node Type": "Aggregate",
            "Strategy": "Plain",
            "Partial Mode": "Partial",
            "Parent Relationship": "Outer",
            "Parallel Aware": false,
            "Startup Cost": 102072.36,
            "Total Cost": 102072.37,
            "Plan Rows": 1,
            "Plan Width": 8,
            "Actual Startup Time": 281.756,
            "Actual Total Time": 281.76,
            "Actual Rows": 1,
            "Actual Loops": 2,
            "Plans": [
              {
                "Node Type": "Nested Loop",
                "Parent Relationship": "Outer",
                "Parallel Aware": false,
                "Join Type": "Inner",
                "Startup Cost": 54671.86,
                "Total Cost": 102053.04,
                "Plan Rows": 7726,
                "Plan Width": 0,
                "Actual Startup Time": 190.825,
                "Actual Total Time": 281.114,
                "Actual Rows": 12143,
                "Actual Loops": 2,
                "Inner Unique": false,
                "Join Filter": "(t.id = mi.movie_id)",
                "Rows Removed by Join Filter": 0,
                "Plans": [
                  {
                    "Node Type": "Hash Join",
                    "Parent Relationship": "Outer",
                    "Parallel Aware": true,
                    "Join Type": "Inner",
                    "Startup Cost": 54671.43,
                    "Total Cost": 97303.87,
                    "Plan Rows": 1396,
                    "Plan Width": 8,
                    "Actual Startup Time": 190.758,
                    "Actual Total Time": 257.975,
                    "Actual Rows": 1286,
                    "Actual Loops": 2,
                    "Inner Unique": true,
                    "Hash Cond": "(mc.movie_id = t.id)",
                    "Plans": [
                      {
                        "Node Type": "Seq Scan",
                        "Parent Relationship": "Outer",
                        "Parallel Aware": true,
                        "Relation Name": "movie_companies",
                        "Alias": "mc",
                        "Startup Cost": 0.0,
                        "Total Cost": 41811.73,
                        "Plan Rows": 312653,
                        "Plan Width": 4,
                        "Actual Startup Time": 51.23,
                        "Actual Total Time": 104.191,
                        "Actual Rows": 159822,
                        "Actual Loops": 2,
                        "Filter": "((company_id < 6076) AND (company_type_id = 2))",
                        "Rows Removed by Filter": 1144742
                      },
                      {
                        "Node Type": "Hash",
                        "Parent Relationship": "Inner",
                        "Parallel Aware": true,
                        "Startup Cost": 54588.39,
                        "Total Cost": 54588.39,
                        "Plan Rows": 6643,
                        "Plan Width": 4,
                        "Actual Startup Time": 138.469,
                        "Actual Total Time": 138.47,
                        "Actual Rows": 5560,
                        "Actual Loops": 2,
                        "Hash Buckets": 16384,
                        "Original Hash Buckets": 16384,
                        "Hash Batches": 1,
                        "Original Hash Batches": 1,
                        "Peak Memory Usage": 608,
                        "Plans": [
                          {
                            "Node Type": "Seq Scan",
                            "Parent Relationship": "Outer",
                            "Parallel Aware": true,
                            "Relation Name": "title",
                            "Alias": "t",
                            "Startup Cost": 0.0,
                            "Total Cost": 54588.39,
                            "Plan Rows": 6643,
                            "Plan Width": 4,
                            "Actual Startup Time": 0.109,
                            "Actual Total Time": 135.995,
                            "Actual Rows": 5560,
                            "Actual Loops": 2,
                            "Filter": "(production_year = 1960)",
                            "Rows Removed by Filter": 1258596
                          }
                        ]
                      }
                    ]
                  },
                  {
                    "Node Type": "Index Scan",
                    "Parent Relationship": "Inner",
                    "Parallel Aware": false,
                    "Scan Direction": "Forward",
                    "Index Name": "movie_id_movie_info",
                    "Relation Name": "movie_info",
                    "Alias": "mi",
                    "Startup Cost": 0.43,
                    "Total Cost": 2.9,
                    "Plan Rows": 40,
                    "Plan Width": 4,
                    "Actual Startup Time": 0.006,
                    "Actual Total Time": 0.017,
                    "Actual Rows": 9,
                    "Actual Loops": 2573,
                    "Index Cond": "(movie_id = mc.movie_id)",
                    "Rows Removed by Index Recheck": 0,
                    "Filter": "(info_type_id > 1)",
                    "Rows Removed by Filter": 1
                  }
                ]
              }
            ]
          }
        ]
      }
    ]
  },
  "Planning Time": 1.041,
  "Triggers": [],
  "Execution Time": 306.195
}