{
  "Plan": {
    "Node Type": "Aggregate",
    "Strategy": "Plain",
    "Partial Mode": "Finalize",
    "Parallel Aware": false,
    "Startup Cost": 631649.59,
    "Total Cost": 631649.6,
    "Plan Rows": 1,
    "Plan Width": 8,
    "Actual Startup Time": 1896.295,
    "Actual Total Time": 1936.278,
    "Actual Rows": 1,
    "Actual Loops": 1,
    "Plans": [
      {
        "Node Type": "Gather",
        "Parent Relationship": "Outer",
        "Parallel Aware": false,
        "Startup Cost": 631649.47,
        "Total Cost": 631649.58,
        "Plan Rows": 1,
        "Plan Width": 8,
        "Actual Startup Time": 1896.286,
        "Actual Total Time": 1936.271,
        "Actual Rows": 2,
        "Actual Loops": 1,
        "Workers Planned": 1,
        "Workers Launched": 1,
        "Single Copy": false,
        "Plans": [
          {
            "Node Type": "Aggregate",
            "Strategy": "Plain",
            "Partial Mode": "Partial",
            "Parent Relationship": "Outer",
            "Parallel Aware": false,
            "Startup Cost": 630649.47,
            "Total Cost": 630649.48,
            "Plan Rows": 1,
            "Plan Width": 8,
            "Actual Startup Time": 1889.672,
            "Actual Total Time": 1889.674,
            "Actual Rows": 1,
            "Actual Loops": 2,
            "Plans": [
              {
                "Node Type": "Nested Loop",
                "Parent Relationship": "Outer",
                "Parallel Aware": false,
                "Join Type": "Inner",
                "Startup Cost": 84903.62,
                "Total Cost": 627415.24,
                "Plan Rows": 1293692,
                "Plan Width": 0,
                "Actual Startup Time": 841.614,
                "Actual Total Time": 1842.424,
                "Actual Rows": 926314,
                "Actual Loops": 2,
                "Inner Unique": false,
                "Plans": [
                  {
                    "Node Type": "Merge Join",
                    "Parent Relationship": "Outer",
                    "Parallel Aware": false,
                    "Join Type": "Inner",
                    "Startup Cost": 84903.19,
                    "Total Cost": 196167.46,
                    "Plan Rows": 221246,
                    "Plan Width": 8,
                    "Actual Startup Time": 841.549,
                    "Actual Total Time": 1203.906,
                    "Actual Rows": 39450,
                    "Actual Loops": 2,
                    "Inner Unique": false,
                    "Merge Cond": "(t.id = mc.movie_id)",
                    "Plans": [
                      {
                        "Node Type": "Index Scan",
                        "Parent Relationship": "Outer",
                        "Parallel Aware": true,
                        "Scan Direction": "Forward",
                        "Index Name": "title_pkey",
                        "Relation Name": "title",
                        "Alias": "t",
                        "Startup Cost": 0.43,
                        "Total Cost": 103647.43,
                        "Plan Rows": 1416241,
                        "Plan Width": 4,
                        "Actual Startup Time": 0.077,
                        "Actual Total Time": 881.092,
                        "Actual Rows": 1201638,
                        "Actual Loops": 2,
                        "Filter": "(production_year > 1913)",
                        "Rows Removed by Filter": 61208
                      },
                      {
                        "Node Type": "Sort",
                        "Parent Relationship": "Inner",
                        "Parallel Aware": false,
                        "Startup Cost": 84900.56,
                        "Total Cost": 85887.99,
                        "Plan Rows": 394972,
                        "Plan Width": 4,
                        "Actual Startup Time": 229.055,
                        "Actual Total Time": 235.964,
                        "Actual Rows": 79715,
                        "Actual Loops": 2,
                        "Sort Key": [
                          "mc.movie_id"
                        ],
                        "Sort Method": "quicksort",
                        "Sort Space Used": 6809,
                        "Sort Space Type": "Memory",
                        "Workers": [
                          {
                            "Worker Number": 0,
                            "Sort Method": "quicksort",
                            "Sort Space Used": 6809,
                            "Sort Space Type": "Memory"
                          }
                        ],
                        "Plans": [
                          {
                            "Node Type": "Index Scan",
                            "Parent Relationship": "Outer",
                            "Parallel Aware": false,
                            "Scan Direction": "Forward",
                            "Index Name": "company_type_id_movie_companies",
                            "Relation Name": "movie_companies",
                            "Alias": "mc",
                            "Startup Cost": 0.43,
                            "Total Cost": 48185.17,
                            "Plan Rows": 394972,
                            "Plan Width": 4,
                            "Actual Startup Time": 93.003,
                            "Actual Total Time": 210.735,
                            "Actual Rows": 79715,
                            "Actual Loops": 2,
                            "Index Cond": "(company_type_id < 2)",
                            "Rows Removed by Index Recheck": 0,
                            "Filter": "(company_id > 28437)",
                            "Rows Removed by Filter": 1194531
                          }
                        ]
                      }
                    ]
                  },
                  {
                    "Node Type": "Index Only Scan",
                    "Parent Relationship": "Inner",
                    "Parallel Aware": false,
                    "Scan Direction": "Forward",
                    "Index Name": "movie_id_movie_info",
                    "Relation Name": "movie_info",
                    "Alias": "mi",
                    "Startup Cost": 0.43,
                    "Total Cost": 1.53,
                    "Plan Rows": 42,
                    "Plan Width": 4,
                    "Actual Startup Time": 0.004,
                    "Actual Total Time": 0.014,
                    "Actual Rows": 23,
                    "Actual Loops": 78899,
                    "Index Cond": "(movie_id = t.id)",
                    "Rows Removed by Index Recheck": 0,
                    "Heap Fetches": 1852627
                  }
                ]
              }
            ]
          }
        ]
      }
    ]
  },
  "Planning Time": 1.072,
  "Triggers": [],
  "Execution Time": 1936.382
}