{
  "Plan": {
    "Node Type": "Aggregate",
    "Strategy": "Plain",
    "Partial Mode": "Finalize",
    "Parallel Aware": false,
    "Startup Cost": 618494.23,
    "Total Cost": 618494.24,
    "Plan Rows": 1,
    "Plan Width": 8,
    "Actual Startup Time": 2997.307,
    "Actual Total Time": 3062.326,
    "Actual Rows": 1,
    "Actual Loops": 1,
    "Plans": [
      {
        "Node Type": "Gather",
        "Parent Relationship": "Outer",
        "Parallel Aware": false,
        "Startup Cost": 618494.11,
        "Total Cost": 618494.22,
        "Plan Rows": 1,
        "Plan Width": 8,
        "Actual Startup Time": 2997.054,
        "Actual Total Time": 3062.319,
        "Actual Rows": 2,
        "Actual Loops": 1,
        "Workers Planned": 1,
        "Workers Launched": 1,
        "Single Copy": false,
        "Plans": [
          {
            "Node Type": "Aggregate",
            "Strategy": "Plain",
            "Partial Mode": "Partial",
            "Parent Relationship": "Outer",
            "Parallel Aware": false,
            "Startup Cost": 617494.11,
            "Total Cost": 617494.12,
            "Plan Rows": 1,
            "Plan Width": 8,
            "Actual Startup Time": 2991.612,
            "Actual Total Time": 2991.615,
            "Actual Rows": 1,
            "Actual Loops": 2,
            "Plans": [
              {
                "Node Type": "Hash Join",
                "Parent Relationship": "Outer",
                "Parallel Aware": true,
                "Join Type": "Inner",
                "Startup Cost": 54873.44,
                "Total Cost": 616867.28,
                "Plan Rows": 250732,
                "Plan Width": 0,
                "Actual Startup Time": 134.9,
                "Actual Total Time": 2979.822,
                "Actual Rows": 239346,
                "Actual Loops": 2,
                "Inner Unique": true,
                "Hash Cond": "(ci.movie_id = t.id)",
                "Plans": [
                  {
                    "Node Type": "Seq Scan",
                    "Parent Relationship": "Outer",
                    "Parallel Aware": true,
                    "Relation Name": "cast_info",
                    "Alias": "ci",
                    "Startup Cost": 0.0,
                    "Total Cost": 519069.44,
                    "Plan Rows": 16352128,
                    "Plan Width": 4,
                    "Actual Startup Time": 0.013,
                    "Actual Total Time": 1558.488,
                    "Actual Rows": 13955362,
                    "Actual Loops": 2,
                    "Filter": "(person_id < 2849795)",
                    "Rows Removed by Filter": 4166810
                  },
                  {
                    "Node Type": "Hash",
                    "Parent Relationship": "Inner",
                    "Parallel Aware": true,
                    "Startup Cost": 54588.39,
                    "Total Cost": 54588.39,
                    "Plan Rows": 22804,
                    "Plan Width": 4,
                    "Actual Startup Time": 134.084,
                    "Actual Total Time": 134.085,
                    "Actual Rows": 19478,
                    "Actual Loops": 2,
                    "Hash Buckets": 65536,
                    "Original Hash Buckets": 65536,
                    "Hash Batches": 1,
                    "Original Hash Batches": 1,
                    "Peak Memory Usage": 2080,
                    "Plans": [
                      {
                        "Node Type": "Seq Scan",
                        "Parent Relationship": "Outer",
                        "Parallel Aware": true,
                        "Relation Name": "title",
                        "Alias": "t",
                        "Startup Cost": 0.0,
                        "Total Cost": 54588.39,
                        "Plan Rows": 22804,
                        "Plan Width": 4,
                        "Actual Startup Time": 0.023,
                        "Actual Total Time": 128.006,
                        "Actual Rows": 19478,
                        "Actual Loops": 2,
                        "Filter": "(production_year = 1997)",
                        "Rows Removed by Filter": 1244678
                      }
                    ]
                  }
                ]
              }
            ]
          }
        ]
      }
    ]
  },
  "Planning Time": 0.218,
  "Triggers": [],
  "Execution Time": 3062.382
}