[
  {
    "Plan": {
      "Node Type": "Aggregate",
      "Strategy": "Plain",
      "Partial Mode": "Finalize",
      "Parallel Aware": false,
      "Startup Cost": 47038.59,
      "Total Cost": 47038.6,
      "Plan Rows": 1,
      "Plan Width": 8,
      "Actual Startup Time": 165.881,
      "Actual Total Time": 175.165,
      "Actual Rows": 1,
      "Actual Loops": 1,
      "Plans": [
        {
          "Node Type": "Gather",
          "Parent Relationship": "Outer",
          "Parallel Aware": false,
          "Startup Cost": 47038.27,
          "Total Cost": 47038.58,
          "Plan Rows": 3,
          "Plan Width": 8,
          "Actual Startup Time": 165.774,
          "Actual Total Time": 175.158,
          "Actual Rows": 4,
          "Actual Loops": 1,
          "Workers Planned": 3,
          "Workers Launched": 3,
          "Single Copy": false,
          "Plans": [
            {
              "Node Type": "Aggregate",
              "Strategy": "Plain",
              "Partial Mode": "Partial",
              "Parent Relationship": "Outer",
              "Parallel Aware": false,
              "Startup Cost": 46038.27,
              "Total Cost": 46038.28,
              "Plan Rows": 1,
              "Plan Width": 8,
              "Actual Startup Time": 160.548,
              "Actual Total Time": 160.549,
              "Actual Rows": 1,
              "Actual Loops": 4,
              "Plans": [
                {
                  "Node Type": "Seq Scan",
                  "Parent Relationship": "Outer",
                  "Parallel Aware": true,
                  "Relation Name": "movie_keyword",
                  "Alias": "mk",
                  "Startup Cost": 0.0,
                  "Total Cost": 42695.65,
                  "Plan Rows": 1337047,
                  "Plan Width": 0,
                  "Actual Startup Time": 0.04,
                  "Actual Total Time": 117.571,
                  "Actual Rows": 1039875,
                  "Actual Loops": 4,
                  "Filter": "(keyword_id < 46032)",
                  "Rows Removed by Filter": 91107
                }
              ]
            }
          ]
        }
      ]
    },
    "Planning Time": 0.102,
    "Triggers": [],
    "Execution Time": 175.198
  }
]