[
  {
    "Plan": {
      "Node Type": "Aggregate",
      "Strategy": "Plain",
      "Partial Mode": "Finalize",
      "Parallel Aware": false,
      "Startup Cost": 44650.05,
      "Total Cost": 44650.06,
      "Plan Rows": 1,
      "Plan Width": 8,
      "Actual Startup Time": 164.732,
      "Actual Total Time": 179.364,
      "Actual Rows": 1,
      "Actual Loops": 1,
      "Plans": [
        {
          "Node Type": "Gather",
          "Parent Relationship": "Outer",
          "Parallel Aware": false,
          "Startup Cost": 44649.73,
          "Total Cost": 44650.04,
          "Plan Rows": 3,
          "Plan Width": 8,
          "Actual Startup Time": 164.599,
          "Actual Total Time": 179.354,
          "Actual Rows": 4,
          "Actual Loops": 1,
          "Workers Planned": 3,
          "Workers Launched": 3,
          "Single Copy": false,
          "Plans": [
            {
              "Node Type": "Aggregate",
              "Strategy": "Plain",
              "Partial Mode": "Partial",
              "Parent Relationship": "Outer",
              "Parallel Aware": false,
              "Startup Cost": 43649.73,
              "Total Cost": 43649.74,
              "Plan Rows": 1,
              "Plan Width": 8,
              "Actual Startup Time": 156.571,
              "Actual Total Time": 156.574,
              "Actual Rows": 1,
              "Actual Loops": 4,
              "Plans": [
                {
                  "Node Type": "Seq Scan",
                  "Parent Relationship": "Outer",
                  "Parallel Aware": true,
                  "Relation Name": "movie_keyword",
                  "Alias": "mk",
                  "Startup Cost": 0.0,
                  "Total Cost": 42695.65,
                  "Plan Rows": 381631,
                  "Plan Width": 0,
                  "Actual Startup Time": 2.874,
                  "Actual Total Time": 136.901,
                  "Actual Rows": 297004,
                  "Actual Loops": 4,
                  "Filter": "(keyword_id > 15588)",
                  "Rows Removed by Filter": 833979
                }
              ]
            }
          ]
        }
      ]
    },
    "Planning Time": 0.19,
    "Triggers": [],
    "Execution Time": 179.422
  }
]