[
    {
        "Bao": {
            "Bao prediction": "NaN",
            "Bao recommended hint": "(no hint)"
        }
    },
    {
        "Plan": {
            "Node Type": "Aggregate",
            "Strategy": "Plain",
            "Partial Mode": "Finalize",
            "Parallel Aware": false,
            "Startup Cost": 39758.65,
            "Total Cost": 39758.66,
            "Plan Rows": 1,
            "Plan Width": 8,
            "Actual Startup Time": 126.122,
            "Actual Total Time": 131.251,
            "Actual Rows": 1,
            "Actual Loops": 1,
            "Output": [
                "count(*)"
            ],
            "Plans": [
                {
                    "Node Type": "Gather",
                    "Parent Relationship": "Outer",
                    "Parallel Aware": false,
                    "Startup Cost": 39758.33,
                    "Total Cost": 39758.64,
                    "Plan Rows": 3,
                    "Plan Width": 8,
                    "Actual Startup Time": 125.839,
                    "Actual Total Time": 131.24,
                    "Actual Rows": 4,
                    "Actual Loops": 1,
                    "Output": [
                        "(PARTIAL count(*))"
                    ],
                    "Workers Planned": 3,
                    "Workers Launched": 3,
                    "Single Copy": false,
                    "Plans": [
                        {
                            "Node Type": "Aggregate",
                            "Strategy": "Plain",
                            "Partial Mode": "Partial",
                            "Parent Relationship": "Outer",
                            "Parallel Aware": false,
                            "Startup Cost": 38758.33,
                            "Total Cost": 38758.34,
                            "Plan Rows": 1,
                            "Plan Width": 8,
                            "Actual Startup Time": 116.815,
                            "Actual Total Time": 116.817,
                            "Actual Rows": 1,
                            "Actual Loops": 4,
                            "Output": [
                                "PARTIAL count(*)"
                            ],
                            "Workers": [
                                {
                                    "Worker Number": 0,
                                    "Actual Startup Time": 113.824,
                                    "Actual Total Time": 113.825,
                                    "Actual Rows": 1,
                                    "Actual Loops": 1
                                },
                                {
                                    "Worker Number": 1,
                                    "Actual Startup Time": 113.653,
                                    "Actual Total Time": 113.655,
                                    "Actual Rows": 1,
                                    "Actual Loops": 1
                                },
                                {
                                    "Worker Number": 2,
                                    "Actual Startup Time": 114.581,
                                    "Actual Total Time": 114.583,
                                    "Actual Rows": 1,
                                    "Actual Loops": 1
                                }
                            ],
                            "Plans": [
                                {
                                    "Node Type": "Bitmap Heap Scan",
                                    "Parent Relationship": "Outer",
                                    "Parallel Aware": true,
                                    "Relation Name": "movie_keyword",
                                    "Schema": "public",
                                    "Alias": "mk",
                                    "Startup Cost": 11647.61,
                                    "Total Cost": 38315.54,
                                    "Plan Rows": 177115,
                                    "Plan Width": 0,
                                    "Actual Startup Time": 37.629,
                                    "Actual Total Time": 108.995,
                                    "Actual Rows": 136029,
                                    "Actual Loops": 4,
                                    "Recheck Cond": "(mk.keyword_id > 33772)",
                                    "Rows Removed by Index Recheck": 0,
                                    "Exact Heap Blocks": 10115,
                                    "Lossy Heap Blocks": 0,
                                    "Workers": [
                                        {
                                            "Worker Number": 0,
                                            "Actual Startup Time": 34.838,
                                            "Actual Total Time": 107.203,
                                            "Actual Rows": 98187,
                                            "Actual Loops": 1
                                        },
                                        {
                                            "Worker Number": 1,
                                            "Actual Startup Time": 34.495,
                                            "Actual Total Time": 106.619,
                                            "Actual Rows": 100512,
                                            "Actual Loops": 1
                                        },
                                        {
                                            "Worker Number": 2,
                                            "Actual Startup Time": 35.49,
                                            "Actual Total Time": 107.384,
                                            "Actual Rows": 109280,
                                            "Actual Loops": 1
                                        }
                                    ],
                                    "Plans": [
                                        {
                                            "Node Type": "Bitmap Index Scan",
                                            "Parent Relationship": "Outer",
                                            "Parallel Aware": false,
                                            "Index Name": "keyword_id_movie_keyword",
                                            "Startup Cost": 0.0,
                                            "Total Cost": 11510.34,
                                            "Plan Rows": 549055,
                                            "Plan Width": 0,
                                            "Actual Startup Time": 42.346,
                                            "Actual Total Time": 42.347,
                                            "Actual Rows": 544115,
                                            "Actual Loops": 1,
                                            "Index Cond": "(mk.keyword_id > 33772)"
                                        }
                                    ]
                                }
                            ]
                        }
                    ]
                }
            ]
        },
        "Planning Time": 209.734,
        "Triggers": [],
        "Execution Time": 131.407
    }
]