[
  {
    "Bao": {
      "Bao prediction": 1414.512,
      "Bao recommended hint": "(no hint)"
    }
  },
  {
    "Plan": {
      "Node Type": "Aggregate",
      "Strategy": "Plain",
      "Partial Mode": "Finalize",
      "Parallel Aware": false,
      "Startup Cost": 392386.15,
      "Total Cost": 392386.16,
      "Plan Rows": 1,
      "Plan Width": 64,
      "Actual Startup Time": 1992.227,
      "Actual Total Time": 2046.292,
      "Actual Rows": 1,
      "Actual Loops": 1,
      "Plans": [
        {
          "Node Type": "Gather",
          "Parent Relationship": "Outer",
          "Parallel Aware": false,
          "Startup Cost": 392385.82,
          "Total Cost": 392386.13,
          "Plan Rows": 3,
          "Plan Width": 64,
          "Actual Startup Time": 1949.415,
          "Actual Total Time": 2046.273,
          "Actual Rows": 4,
          "Actual Loops": 1,
          "Workers Planned": 3,
          "Workers Launched": 3,
          "Single Copy": false,
          "Plans": [
            {
              "Node Type": "Aggregate",
              "Strategy": "Plain",
              "Partial Mode": "Partial",
              "Parent Relationship": "Outer",
              "Parallel Aware": false,
              "Startup Cost": 391385.82,
              "Total Cost": 391385.83,
              "Plan Rows": 1,
              "Plan Width": 64,
              "Actual Startup Time": 1928.366,
              "Actual Total Time": 1930.632,
              "Actual Rows": 1,
              "Actual Loops": 4,
              "Plans": [
                {
                  "Node Type": "Hash Join",
                  "Parent Relationship": "Outer",
                  "Parallel Aware": true,
                  "Join Type": "Inner",
                  "Startup Cost": 364065.74,
                  "Total Cost": 379978.1,
                  "Plan Rows": 2281545,
                  "Plan Width": 33,
                  "Actual Startup Time": 1826.23,
                  "Actual Total Time": 1922.786,
                  "Actual Rows": 80751,
                  "Actual Loops": 4,
                  "Inner Unique": false,
                  "Hash Cond": "(an1.person_id = n1.id)",
                  "Plans": [
                    {
                      "Node Type": "Seq Scan",
                      "Parent Relationship": "Outer",
                      "Parallel Aware": true,
                      "Relation Name": "aka_name",
                      "Alias": "an1",
                      "Startup Cost": 0.0,
                      "Total Cost": 14303.56,
                      "Plan Rows": 290756,
                      "Plan Width": 20,
                      "Actual Startup Time": 0.028,
                      "Actual Total Time": 34.726,
                      "Actual Rows": 225336,
                      "Actual Loops": 4
                    },
                    {
                      "Node Type": "Hash",
                      "Parent Relationship": "Inner",
                      "Parallel Aware": true,
                      "Startup Cost": 354776.89,
                      "Total Cost": 354776.89,
                      "Plan Rows": 743108,
                      "Plan Width": 25,
                      "Actual Startup Time": 1812.748,
                      "Actual Total Time": 1815.013,
                      "Actual Rows": 71384,
                      "Actual Loops": 4,
                      "Hash Buckets": 4194304,
                      "Original Hash Buckets": 4194304,
                      "Hash Batches": 1,
                      "Original Hash Batches": 1,
                      "Peak Memory Usage": 49824,
                      "Plans": [
                        {
                          "Node Type": "Hash Join",
                          "Parent Relationship": "Outer",
                          "Parallel Aware": true,
                          "Join Type": "Inner",
                          "Startup Cost": 303026.11,
                          "Total Cost": 354776.89,
                          "Plan Rows": 743108,
                          "Plan Width": 25,
                          "Actual Startup Time": 1317.678,
                          "Actual Total Time": 1740.568,
                          "Actual Rows": 71384,
                          "Actual Loops": 4,
                          "Inner Unique": true,
                          "Hash Cond": "(ci.person_id = n1.id)",
                          "Plans": [
                            {
                              "Node Type": "Hash Join",
                              "Parent Relationship": "Outer",
                              "Parallel Aware": false,
                              "Join Type": "Inner",
                              "Startup Cost": 223971.62,
                              "Total Cost": 273771.74,
                              "Plan Rows": 743108,
                              "Plan Width": 21,
                              "Actual Startup Time": 600.666,
                              "Actual Total Time": 994.304,
                              "Actual Rows": 71384,
                              "Actual Loops": 4,
                              "Inner Unique": false,
                              "Hash Cond": "(t.id = ci.movie_id)",
                              "Plans": [
                                {
                                  "Node Type": "Hash Join",
                                  "Parent Relationship": "Outer",
                                  "Parallel Aware": true,
                                  "Join Type": "Inner",
                                  "Startup Cost": 38617.78,
                                  "Total Cost": 84076.94,
                                  "Plan Rows": 238519,
                                  "Plan Width": 25,
                                  "Actual Startup Time": 364.83,
                                  "Actual Total Time": 698.931,
                                  "Actual Rows": 288450,
                                  "Actual Loops": 4,
                                  "Inner Unique": false,
                                  "Hash Cond": "(t.id = mc.movie_id)",
                                  "Plans": [
                                    {
                                      "Node Type": "Seq Scan",
                                      "Parent Relationship": "Outer",
                                      "Parallel Aware": true,
                                      "Relation Name": "title",
                                      "Alias": "t",
                                      "Startup Cost": 0.0,
                                      "Total Cost": 42319.27,
                                      "Plan Rows": 632127,
                                      "Plan Width": 21,
                                      "Actual Startup Time": 0.019,
                                      "Actual Total Time": 92.016,
                                      "Actual Rows": 632078,
                                      "Actual Loops": 4
                                    },
                                    {
                                      "Node Type": "Hash",
                                      "Parent Relationship": "Inner",
                                      "Parallel Aware": true,
                                      "Startup Cost": 34770.7,
                                      "Total Cost": 34770.7,
                                      "Plan Rows": 307766,
                                      "Plan Width": 4,
                                      "Actual Startup Time": 363.763,
                                      "Actual Total Time": 366.014,
                                      "Actual Rows": 288450,
                                      "Actual Loops": 4,
                                      "Hash Buckets": 2097152,
                                      "Original Hash Buckets": 1048576,
                                      "Hash Batches": 1,
                                      "Original Hash Batches": 1,
                                      "Peak Memory Usage": 69760,
                                      "Plans": [
                                        {
                                          "Node Type": "Hash Join",
                                          "Parent Relationship": "Outer",
                                          "Parallel Aware": true,
                                          "Join Type": "Inner",
                                          "Startup Cost": 5354.77,
                                          "Total Cost": 34770.7,
                                          "Plan Rows": 307766,
                                          "Plan Width": 4,
                                          "Actual Startup Time": 20.622,
                                          "Actual Total Time": 229.088,
                                          "Actual Rows": 288450,
                                          "Actual Loops": 4,
                                          "Inner Unique": true,
                                          "Hash Cond": "(mc.company_id = cn.id)",
                                          "Plans": [
                                            {
                                              "Node Type": "Seq Scan",
                                              "Parent Relationship": "Outer",
                                              "Parallel Aware": true,
                                              "Relation Name": "movie_companies",
                                              "Alias": "mc",
                                              "Startup Cost": 0.0,
                                              "Total Cost": 27206.55,
                                              "Plan Rows": 841655,
                                              "Plan Width": 8,
                                              "Actual Startup Time": 0.021,
                                              "Actual Total Time": 78.063,
                                              "Actual Rows": 652282,
                                              "Actual Loops": 4
                                            },
                                            {
                                              "Node Type": "Hash",
                                              "Parent Relationship": "Inner",
                                              "Parallel Aware": true,
                                              "Startup Cost": 4722.92,
                                              "Total Cost": 4722.92,
                                              "Plan Rows": 50548,
                                              "Plan Width": 4,
                                              "Actual Startup Time": 20.369,
                                              "Actual Total Time": 20.371,
                                              "Actual Rows": 21211,
                                              "Actual Loops": 4,
                                              "Hash Buckets": 131072,
                                              "Original Hash Buckets": 131072,
                                              "Hash Batches": 1,
                                              "Original Hash Batches": 1,
                                              "Peak Memory Usage": 4448,
                                              "Plans": [
                                                {
                                                  "Node Type": "Seq Scan",
                                                  "Parent Relationship": "Outer",
                                                  "Parallel Aware": true,
                                                  "Relation Name": "company_name",
                                                  "Alias": "cn",
                                                  "Startup Cost": 0.0,
                                                  "Total Cost": 4722.92,
                                                  "Plan Rows": 50548,
                                                  "Plan Width": 4,
                                                  "Actual Startup Time": 0.07,
                                                  "Actual Total Time": 13.323,
                                                  "Actual Rows": 21211,
                                                  "Actual Loops": 4,
                                                  "Filter": "((country_code)::text = '[us]'::text)",
                                                  "Rows Removed by Filter": 37538
                                                }
                                              ]
                                            }
                                          ]
                                        }
                                      ]
                                    }
                                  ]
                                },
                                {
                                  "Node Type": "Hash",
                                  "Parent Relationship": "Inner",
                                  "Parallel Aware": false,
                                  "Startup Cost": 147585.28,
                                  "Total Cost": 147585.28,
                                  "Plan Rows": 3021485,
                                  "Plan Width": 8,
                                  "Actual Startup Time": 200.117,
                                  "Actual Total Time": 200.122,
                                  "Actual Rows": 276403,
                                  "Actual Loops": 4,
                                  "Hash Buckets": 4194304,
                                  "Original Hash Buckets": 4194304,
                                  "Hash Batches": 1,
                                  "Original Hash Batches": 1,
                                  "Peak Memory Usage": 43565,
                                  "Plans": [
                                    {
                                      "Node Type": "Nested Loop",
                                      "Parent Relationship": "Outer",
                                      "Parallel Aware": false,
                                      "Join Type": "Inner",
                                      "Startup Cost": 0.56,
                                      "Total Cost": 147585.28,
                                      "Plan Rows": 3021485,
                                      "Plan Width": 8,
                                      "Actual Startup Time": 0.23,
                                      "Actual Total Time": 114.842,
                                      "Actual Rows": 276403,
                                      "Actual Loops": 4,
                                      "Inner Unique": false,
                                      "Plans": [
                                        {
                                          "Node Type": "Seq Scan",
                                          "Parent Relationship": "Outer",
                                          "Parallel Aware": false,
                                          "Relation Name": "role_type",
                                          "Alias": "rt",
                                          "Startup Cost": 0.0,
                                          "Total Cost": 1.15,
                                          "Plan Rows": 1,
                                          "Plan Width": 4,
                                          "Actual Startup Time": 0.062,
                                          "Actual Total Time": 0.068,
                                          "Actual Rows": 1,
                                          "Actual Loops": 4,
                                          "Filter": "((role)::text = 'costume designer'::text)",
                                          "Rows Removed by Filter": 11
                                        },
                                        {
                                          "Node Type": "Index Scan",
                                          "Parent Relationship": "Inner",
                                          "Parallel Aware": false,
                                          "Scan Direction": "Forward",
                                          "Index Name": "role_id_cast_info",
                                          "Relation Name": "cast_info",
                                          "Alias": "ci",
                                          "Startup Cost": 0.56,
                                          "Total Cost": 114622.47,
                                          "Plan Rows": 3296166,
                                          "Plan Width": 12,
                                          "Actual Startup Time": 0.158,
                                          "Actual Total Time": 80.996,
                                          "Actual Rows": 276403,
                                          "Actual Loops": 4,
                                          "Index Cond": "(role_id = rt.id)",
                                          "Rows Removed by Index Recheck": 0
                                        }
                                      ]
                                    }
                                  ]
                                }
                              ]
                            },
                            {
                              "Node Type": "Hash",
                              "Parent Relationship": "Inner",
                              "Parallel Aware": true,
                              "Startup Cost": 66031.44,
                              "Total Cost": 66031.44,
                              "Plan Rows": 1041844,
                              "Plan Width": 4,
                              "Actual Startup Time": 705.914,
                              "Actual Total Time": 705.915,
                              "Actual Rows": 1041873,
                              "Actual Loops": 4,
                              "Hash Buckets": 4194304,
                              "Original Hash Buckets": 4194304,
                              "Hash Batches": 1,
                              "Original Hash Batches": 1,
                              "Peak Memory Usage": 195872,
                              "Plans": [
                                {
                                  "Node Type": "Seq Scan",
                                  "Parent Relationship": "Outer",
                                  "Parallel Aware": true,
                                  "Relation Name": "name",
                                  "Alias": "n1",
                                  "Startup Cost": 0.0,
                                  "Total Cost": 66031.44,
                                  "Plan Rows": 1041844,
                                  "Plan Width": 4,
                                  "Actual Startup Time": 0.113,
                                  "Actual Total Time": 214.484,
                                  "Actual Rows": 1041873,
                                  "Actual Loops": 4
                                }
                              ]
                            }
                          ]
                        }
                      ]
                    }
                  ]
                }
              ]
            }
          ]
        }
      ]
    },
    "Planning Time": 424.26,
    "Triggers": [],
    "Execution Time": 2048.879
  }
]