[
  {
    "Plan": {
      "Node Type": "Aggregate",
      "Strategy": "Plain",
      "Partial Mode": "Finalize",
      "Parallel Aware": false,
      "Startup Cost": 297475.51,
      "Total Cost": 297475.52,
      "Plan Rows": 1,
      "Plan Width": 8,
      "Actual Startup Time": 2979.845,
      "Actual Total Time": 3023.867,
      "Actual Rows": 1,
      "Actual Loops": 1,
      "Plans": [
        {
          "Node Type": "Gather",
          "Parent Relationship": "Outer",
          "Parallel Aware": false,
          "Startup Cost": 297474.99,
          "Total Cost": 297475.5,
          "Plan Rows": 5,
          "Plan Width": 8,
          "Actual Startup Time": 2972.607,
          "Actual Total Time": 3023.854,
          "Actual Rows": 6,
          "Actual Loops": 1,
          "Workers Planned": 5,
          "Workers Launched": 5,
          "Single Copy": false,
          "Plans": [
            {
              "Node Type": "Aggregate",
              "Strategy": "Plain",
              "Partial Mode": "Partial",
              "Parent Relationship": "Outer",
              "Parallel Aware": false,
              "Startup Cost": 296474.99,
              "Total Cost": 296475.0,
              "Plan Rows": 1,
              "Plan Width": 8,
              "Actual Startup Time": 2965.389,
              "Actual Total Time": 2965.468,
              "Actual Rows": 1,
              "Actual Loops": 6,
              "Plans": [
                {
                  "Node Type": "Hash Join",
                  "Parent Relationship": "Outer",
                  "Parallel Aware": true,
                  "Join Type": "Inner",
                  "Startup Cost": 90806.2,
                  "Total Cost": 295231.05,
                  "Plan Rows": 497577,
                  "Plan Width": 0,
                  "Actual Startup Time": 442.121,
                  "Actual Total Time": 2274.116,
                  "Actual Rows": 16155391,
                  "Actual Loops": 6,
                  "Inner Unique": false,
                  "Hash Cond": "(mi.movie_id = t.id)",
                  "Plans": [
                    {
                      "Node Type": "Seq Scan",
                      "Parent Relationship": "Outer",
                      "Parallel Aware": true,
                      "Relation Name": "movie_info",
                      "Alias": "mi",
                      "Startup Cost": 0.0,
                      "Total Cost": 191685.19,
                      "Plan Rows": 2969219,
                      "Plan Width": 4,
                      "Actual Startup Time": 0.024,
                      "Actual Total Time": 291.557,
                      "Actual Rows": 2472620,
                      "Actual Loops": 6
                    },
                    {
                      "Node Type": "Hash",
                      "Parent Relationship": "Inner",
                      "Parallel Aware": true,
                      "Startup Cost": 89097.7,
                      "Total Cost": 89097.7,
                      "Plan Rows": 136680,
                      "Plan Width": 8,
                      "Actual Startup Time": 424.634,
                      "Actual Total Time": 424.711,
                      "Actual Rows": 277296,
                      "Actual Loops": 6,
                      "Hash Buckets": 2097152,
                      "Original Hash Buckets": 524288,
                      "Hash Batches": 1,
                      "Original Hash Batches": 1,
                      "Peak Memory Usage": 93856,
                      "Plans": [
                        {
                          "Node Type": "Hash Join",
                          "Parent Relationship": "Outer",
                          "Parallel Aware": true,
                          "Join Type": "Inner",
                          "Startup Cost": 46219.62,
                          "Total Cost": 89097.7,
                          "Plan Rows": 136680,
                          "Plan Width": 8,
                          "Actual Startup Time": 149.76,
                          "Actual Total Time": 297.606,
                          "Actual Rows": 277296,
                          "Actual Loops": 6,
                          "Inner Unique": true,
                          "Hash Cond": "(mk.movie_id = t.id)",
                          "Plans": [
                            {
                              "Node Type": "Seq Scan",
                              "Parent Relationship": "Outer",
                              "Parallel Aware": true,
                              "Relation Name": "movie_keyword",
                              "Alias": "mk",
                              "Startup Cost": 0.0,
                              "Total Cost": 39047.32,
                              "Plan Rows": 1459332,
                              "Plan Width": 4,
                              "Actual Startup Time": 0.03,
                              "Actual Total Time": 72.156,
                              "Actual Rows": 753988,
                              "Actual Loops": 6
                            },
                            {
                              "Node Type": "Hash",
                              "Parent Relationship": "Inner",
                              "Parallel Aware": true,
                              "Startup Cost": 45479.59,
                              "Total Cost": 45479.59,
                              "Plan Rows": 59203,
                              "Plan Width": 4,
                              "Actual Startup Time": 120.686,
                              "Actual Total Time": 120.688,
                              "Actual Rows": 59924,
                              "Actual Loops": 6,
                              "Hash Buckets": 524288,
                              "Original Hash Buckets": 262144,
                              "Hash Batches": 1,
                              "Original Hash Batches": 1,
                              "Peak Memory Usage": 20320,
                              "Plans": [
                                {
                                  "Node Type": "Seq Scan",
                                  "Parent Relationship": "Outer",
                                  "Parallel Aware": true,
                                  "Relation Name": "title",
                                  "Alias": "t",
                                  "Startup Cost": 0.0,
                                  "Total Cost": 45479.59,
                                  "Plan Rows": 59203,
                                  "Plan Width": 4,
                                  "Actual Startup Time": 49.643,
                                  "Actual Total Time": 84.333,
                                  "Actual Rows": 59924,
                                  "Actual Loops": 6,
                                  "Filter": "((production_year < 1998) AND (kind_id = 1))",
                                  "Rows Removed by Filter": 361462
                                }
                              ]
                            }
                          ]
                        }
                      ]
                    }
                  ]
                }
              ]
            }
          ]
        }
      ]
    },
    "Planning Time": 1.437,
    "Triggers": [],
    "Execution Time": 3023.955
  }
]