[
  {
    "Plan": {
      "Node Type": "Aggregate",
      "Strategy": "Plain",
      "Partial Mode": "Finalize",
      "Parallel Aware": false,
      "Startup Cost": 46808.34,
      "Total Cost": 46808.35,
      "Plan Rows": 1,
      "Plan Width": 8,
      "Actual Startup Time": 175.718,
      "Actual Total Time": 185.295,
      "Actual Rows": 1,
      "Actual Loops": 1,
      "Plans": [
        {
          "Node Type": "Gather",
          "Parent Relationship": "Outer",
          "Parallel Aware": false,
          "Startup Cost": 46808.03,
          "Total Cost": 46808.34,
          "Plan Rows": 3,
          "Plan Width": 8,
          "Actual Startup Time": 175.597,
          "Actual Total Time": 185.286,
          "Actual Rows": 4,
          "Actual Loops": 1,
          "Workers Planned": 3,
          "Workers Launched": 3,
          "Single Copy": false,
          "Plans": [
            {
              "Node Type": "Aggregate",
              "Strategy": "Plain",
              "Partial Mode": "Partial",
              "Parent Relationship": "Outer",
              "Parallel Aware": false,
              "Startup Cost": 45808.03,
              "Total Cost": 45808.04,
              "Plan Rows": 1,
              "Plan Width": 8,
              "Actual Startup Time": 167.039,
              "Actual Total Time": 167.04,
              "Actual Rows": 1,
              "Actual Loops": 4,
              "Plans": [
                {
                  "Node Type": "Seq Scan",
                  "Parent Relationship": "Outer",
                  "Parallel Aware": true,
                  "Relation Name": "movie_keyword",
                  "Alias": "mk",
                  "Startup Cost": 0.0,
                  "Total Cost": 42695.65,
                  "Plan Rows": 1244949,
                  "Plan Width": 0,
                  "Actual Startup Time": 0.062,
                  "Actual Total Time": 123.588,
                  "Actual Rows": 967409,
                  "Actual Loops": 4,
                  "Filter": "(keyword_id < 28751)",
                  "Rows Removed by Filter": 163573
                }
              ]
            }
          ]
        }
      ]
    },
    "Planning Time": 0.19,
    "Triggers": [],
    "Execution Time": 185.35
  }
]