[
  {
    "Plan": {
      "Node Type": "Aggregate",
      "Strategy": "Plain",
      "Partial Mode": "Finalize",
      "Parallel Aware": false,
      "Startup Cost": 77250.37,
      "Total Cost": 77250.38,
      "Plan Rows": 1,
      "Plan Width": 8,
      "Actual Startup Time": 251.821,
      "Actual Total Time": 262.149,
      "Actual Rows": 1,
      "Actual Loops": 1,
      "Plans": [
        {
          "Node Type": "Gather",
          "Parent Relationship": "Outer",
          "Parallel Aware": false,
          "Startup Cost": 77249.95,
          "Total Cost": 77250.36,
          "Plan Rows": 4,
          "Plan Width": 8,
          "Actual Startup Time": 249.69,
          "Actual Total Time": 262.138,
          "Actual Rows": 5,
          "Actual Loops": 1,
          "Workers Planned": 4,
          "Workers Launched": 4,
          "Single Copy": false,
          "Plans": [
            {
              "Node Type": "Aggregate",
              "Strategy": "Plain",
              "Partial Mode": "Partial",
              "Parent Relationship": "Outer",
              "Parallel Aware": false,
              "Startup Cost": 76249.95,
              "Total Cost": 76249.96,
              "Plan Rows": 1,
              "Plan Width": 8,
              "Actual Startup Time": 239.741,
              "Actual Total Time": 239.802,
              "Actual Rows": 1,
              "Actual Loops": 5,
              "Plans": [
                {
                  "Node Type": "Hash Join",
                  "Parent Relationship": "Outer",
                  "Parallel Aware": true,
                  "Join Type": "Inner",
                  "Startup Cost": 29698.05,
                  "Total Cost": 76211.97,
                  "Plan Rows": 15190,
                  "Plan Width": 0,
                  "Actual Startup Time": 140.162,
                  "Actual Total Time": 239.052,
                  "Actual Rows": 7956,
                  "Actual Loops": 5,
                  "Inner Unique": false,
                  "Hash Cond": "(t.id = mc.movie_id)",
                  "Plans": [
                    {
                      "Node Type": "Seq Scan",
                      "Parent Relationship": "Outer",
                      "Parallel Aware": true,
                      "Relation Name": "title",
                      "Alias": "t",
                      "Startup Cost": 0.0,
                      "Total Cost": 45479.1,
                      "Plan Rows": 197165,
                      "Plan Width": 4,
                      "Actual Startup Time": 0.016,
                      "Actual Total Time": 87.888,
                      "Actual Rows": 138494,
                      "Actual Loops": 5,
                      "Filter": "((kind_id > 1) AND (production_year < 2001))",
                      "Rows Removed by Filter": 367169
                    },
                    {
                      "Node Type": "Hash",
                      "Parent Relationship": "Inner",
                      "Parallel Aware": true,
                      "Startup Cost": 28912.64,
                      "Total Cost": 28912.64,
                      "Plan Rows": 62833,
                      "Plan Width": 4,
                      "Actual Startup Time": 107.045,
                      "Actual Total Time": 107.046,
                      "Actual Rows": 78051,
                      "Actual Loops": 5,
                      "Hash Buckets": 524288,
                      "Original Hash Buckets": 262144,
                      "Hash Batches": 1,
                      "Original Hash Batches": 1,
                      "Peak Memory Usage": 21504,
                      "Plans": [
                        {
                          "Node Type": "Bitmap Heap Scan",
                          "Parent Relationship": "Outer",
                          "Parallel Aware": true,
                          "Relation Name": "movie_companies",
                          "Alias": "mc",
                          "Startup Cost": 8266.36,
                          "Total Cost": 28912.64,
                          "Plan Rows": 62833,
                          "Plan Width": 4,
                          "Actual Startup Time": 32.127,
                          "Actual Total Time": 66.949,
                          "Actual Rows": 78051,
                          "Actual Loops": 5,
                          "Recheck Cond": "(company_id > 83236)",
                          "Rows Removed by Index Recheck": 0,
                          "Filter": "(company_type_id = 2)",
                          "Rows Removed by Filter": 0,
                          "Exact Heap Blocks": 2290,
                          "Lossy Heap Blocks": 0,
                          "Plans": [
                            {
                              "Node Type": "Bitmap Index Scan",
                              "Parent Relationship": "Outer",
                              "Parallel Aware": false,
                              "Index Name": "company_id_movie_companies",
                              "Startup Cost": 0.0,
                              "Total Cost": 8217.66,
                              "Plan Rows": 383631,
                              "Plan Width": 0,
                              "Actual Startup Time": 33.361,
                              "Actual Total Time": 33.362,
                              "Actual Rows": 390256,
                              "Actual Loops": 1,
                              "Index Cond": "(company_id > 83236)"
                            }
                          ]
                        }
                      ]
                    }
                  ]
                }
              ]
            }
          ]
        }
      ]
    },
    "Planning Time": 0.685,
    "Triggers": [],
    "Execution Time": 262.243
  }
]