[
  {
    "Plan": {
      "Node Type": "Aggregate",
      "Strategy": "Plain",
      "Partial Mode": "Finalize",
      "Parallel Aware": false,
      "Startup Cost": 96630.89,
      "Total Cost": 96630.9,
      "Plan Rows": 1,
      "Plan Width": 8,
      "Actual Startup Time": 558.018,
      "Actual Total Time": 576.821,
      "Actual Rows": 1,
      "Actual Loops": 1,
      "Plans": [
        {
          "Node Type": "Gather",
          "Parent Relationship": "Outer",
          "Parallel Aware": false,
          "Startup Cost": 96630.68,
          "Total Cost": 96630.89,
          "Plan Rows": 2,
          "Plan Width": 8,
          "Actual Startup Time": 553.583,
          "Actual Total Time": 576.81,
          "Actual Rows": 3,
          "Actual Loops": 1,
          "Workers Planned": 2,
          "Workers Launched": 2,
          "Single Copy": false,
          "Plans": [
            {
              "Node Type": "Aggregate",
              "Strategy": "Plain",
              "Partial Mode": "Partial",
              "Parent Relationship": "Outer",
              "Parallel Aware": false,
              "Startup Cost": 95630.68,
              "Total Cost": 95630.69,
              "Plan Rows": 1,
              "Plan Width": 8,
              "Actual Startup Time": 545.629,
              "Actual Total Time": 545.805,
              "Actual Rows": 1,
              "Actual Loops": 3,
              "Plans": [
                {
                  "Node Type": "Hash Join",
                  "Parent Relationship": "Outer",
                  "Parallel Aware": true,
                  "Join Type": "Inner",
                  "Startup Cost": 79416.91,
                  "Total Cost": 95468.12,
                  "Plan Rows": 65024,
                  "Plan Width": 0,
                  "Actual Startup Time": 433.919,
                  "Actual Total Time": 540.484,
                  "Actual Rows": 117318,
                  "Actual Loops": 3,
                  "Inner Unique": false,
                  "Hash Cond": "(mi_idx.movie_id = t.id)",
                  "Plans": [
                    {
                      "Node Type": "Seq Scan",
                      "Parent Relationship": "Outer",
                      "Parallel Aware": true,
                      "Relation Name": "movie_info_idx",
                      "Alias": "mi_idx",
                      "Startup Cost": 0.0,
                      "Total Cost": 13685.15,
                      "Plan Rows": 575015,
                      "Plan Width": 4,
                      "Actual Startup Time": 0.033,
                      "Actual Total Time": 38.362,
                      "Actual Rows": 460012,
                      "Actual Loops": 3
                    },
                    {
                      "Node Type": "Hash",
                      "Parent Relationship": "Inner",
                      "Parallel Aware": true,
                      "Startup Cost": 78264.08,
                      "Total Cost": 78264.08,
                      "Plan Rows": 92227,
                      "Plan Width": 8,
                      "Actual Startup Time": 429.499,
                      "Actual Total Time": 429.673,
                      "Actual Rows": 117144,
                      "Actual Loops": 3,
                      "Hash Buckets": 524288,
                      "Original Hash Buckets": 524288,
                      "Hash Batches": 1,
                      "Original Hash Batches": 1,
                      "Peak Memory Usage": 17888,
                      "Plans": [
                        {
                          "Node Type": "Hash Join",
                          "Parent Relationship": "Outer",
                          "Parallel Aware": true,
                          "Join Type": "Inner",
                          "Startup Cost": 45887.25,
                          "Total Cost": 78264.08,
                          "Plan Rows": 92227,
                          "Plan Width": 8,
                          "Actual Startup Time": 257.31,
                          "Actual Total Time": 395.254,
                          "Actual Rows": 117144,
                          "Actual Loops": 3,
                          "Inner Unique": true,
                          "Hash Cond": "(mc.movie_id = t.id)",
                          "Plans": [
                            {
                              "Node Type": "Seq Scan",
                              "Parent Relationship": "Outer",
                              "Parallel Aware": true,
                              "Relation Name": "movie_companies",
                              "Alias": "mc",
                              "Startup Cost": 0.0,
                              "Total Cost": 31414.82,
                              "Plan Rows": 366478,
                              "Plan Width": 4,
                              "Actual Startup Time": 40.734,
                              "Actual Total Time": 93.452,
                              "Actual Rows": 319678,
                              "Actual Loops": 3,
                              "Filter": "((company_id < 84946) AND (company_type_id > 1))",
                              "Rows Removed by Filter": 550032
                            },
                            {
                              "Node Type": "Hash",
                              "Parent Relationship": "Inner",
                              "Parallel Aware": true,
                              "Startup Cost": 43898.92,
                              "Total Cost": 43898.92,
                              "Plan Rows": 159067,
                              "Plan Width": 4,
                              "Actual Startup Time": 212.162,
                              "Actual Total Time": 212.163,
                              "Actual Rows": 214324,
                              "Actual Loops": 3,
                              "Hash Buckets": 1048576,
                              "Original Hash Buckets": 1048576,
                              "Hash Batches": 1,
                              "Original Hash Batches": 1,
                              "Peak Memory Usage": 33376,
                              "Plans": [
                                {
                                  "Node Type": "Seq Scan",
                                  "Parent Relationship": "Outer",
                                  "Parallel Aware": true,
                                  "Relation Name": "title",
                                  "Alias": "t",
                                  "Startup Cost": 0.0,
                                  "Total Cost": 43898.92,
                                  "Plan Rows": 159067,
                                  "Plan Width": 4,
                                  "Actual Startup Time": 0.044,
                                  "Actual Total Time": 128.035,
                                  "Actual Rows": 214324,
                                  "Actual Loops": 3,
                                  "Filter": "(production_year < 1988)",
                                  "Rows Removed by Filter": 628446
                                }
                              ]
                            }
                          ]
                        }
                      ]
                    }
                  ]
                }
              ]
            }
          ]
        }
      ]
    },
    "Planning Time": 1.345,
    "Triggers": [],
    "Execution Time": 576.909
  }
]