[
  {
    "Plan": {
      "Node Type": "Aggregate",
      "Strategy": "Plain",
      "Partial Mode": "Simple",
      "Parallel Aware": false,
      "Startup Cost": 769470.7,
      "Total Cost": 769470.71,
      "Plan Rows": 1,
      "Plan Width": 64,
      "Actual Startup Time": 2283.894,
      "Actual Total Time": 2447.962,
      "Actual Rows": 1,
      "Actual Loops": 1,
      "Plans": [
        {
          "Node Type": "Gather",
          "Parent Relationship": "Outer",
          "Parallel Aware": false,
          "Startup Cost": 723101.52,
          "Total Cost": 769470.69,
          "Plan Rows": 1,
          "Plan Width": 32,
          "Actual Startup Time": 2183.263,
          "Actual Total Time": 2447.927,
          "Actual Rows": 4,
          "Actual Loops": 1,
          "Workers Planned": 4,
          "Workers Launched": 4,
          "Single Copy": false,
          "Plans": [
            {
              "Node Type": "Hash Join",
              "Parent Relationship": "Outer",
              "Parallel Aware": true,
              "Join Type": "Inner",
              "Startup Cost": 722101.52,
              "Total Cost": 768470.59,
              "Plan Rows": 1,
              "Plan Width": 32,
              "Actual Startup Time": 2213.782,
              "Actual Total Time": 2272.335,
              "Actual Rows": 1,
              "Actual Loops": 5,
              "Inner Unique": false,
              "Hash Cond": "(t.id = mi.movie_id)",
              "Plans": [
                {
                  "Node Type": "Seq Scan",
                  "Parent Relationship": "Outer",
                  "Parallel Aware": true,
                  "Relation Name": "title",
                  "Alias": "t",
                  "Startup Cost": 0.0,
                  "Total Cost": 45478.74,
                  "Plan Rows": 237420,
                  "Plan Width": 21,
                  "Actual Startup Time": 0.014,
                  "Actual Total Time": 89.158,
                  "Actual Rows": 189002,
                  "Actual Loops": 5,
                  "Filter": "((production_year >= 1996) AND (production_year <= 2008))",
                  "Rows Removed by Filter": 316660
                },
                {
                  "Node Type": "Hash",
                  "Parent Relationship": "Inner",
                  "Parallel Aware": true,
                  "Startup Cost": 722101.51,
                  "Total Cost": 722101.51,
                  "Plan Rows": 1,
                  "Plan Width": 27,
                  "Actual Startup Time": 2170.333,
                  "Actual Total Time": 2170.363,
                  "Actual Rows": 1,
                  "Actual Loops": 5,
                  "Hash Buckets": 1024,
                  "Original Hash Buckets": 1024,
                  "Hash Batches": 1,
                  "Original Hash Batches": 1,
                  "Peak Memory Usage": 40,
                  "Plans": [
                    {
                      "Node Type": "Hash Join",
                      "Parent Relationship": "Outer",
                      "Parallel Aware": true,
                      "Join Type": "Inner",
                      "Startup Cost": 717190.56,
                      "Total Cost": 722101.51,
                      "Plan Rows": 1,
                      "Plan Width": 27,
                      "Actual Startup Time": 2168.565,
                      "Actual Total Time": 2170.265,
                      "Actual Rows": 1,
                      "Actual Loops": 5,
                      "Inner Unique": false,
                      "Hash Cond": "(cn.id = mc.company_id)",
                      "Plans": [
                        {
                          "Node Type": "Seq Scan",
                          "Parent Relationship": "Outer",
                          "Parallel Aware": true,
                          "Relation Name": "company_name",
                          "Alias": "cn",
                          "Startup Cost": 0.0,
                          "Total Cost": 4722.92,
                          "Plan Rows": 50137,
                          "Plan Width": 4,
                          "Actual Startup Time": 0.018,
                          "Actual Total Time": 8.142,
                          "Actual Rows": 16969,
                          "Actual Loops": 5,
                          "Filter": "((country_code)::text = '[us]'::text)",
                          "Rows Removed by Filter": 30031
                        },
                        {
                          "Node Type": "Hash",
                          "Parent Relationship": "Inner",
                          "Parallel Aware": true,
                          "Startup Cost": 717190.55,
                          "Total Cost": 717190.55,
                          "Plan Rows": 1,
                          "Plan Width": 31,
                          "Actual Startup Time": 2160.916,
                          "Actual Total Time": 2160.942,
                          "Actual Rows": 1,
                          "Actual Loops": 5,
                          "Hash Buckets": 1024,
                          "Original Hash Buckets": 1024,
                          "Hash Batches": 1,
                          "Original Hash Batches": 1,
                          "Peak Memory Usage": 72,
                          "Plans": [
                            {
                              "Node Type": "Hash Join",
                              "Parent Relationship": "Outer",
                              "Parallel Aware": true,
                              "Join Type": "Inner",
                              "Startup Cost": 685420.75,
                              "Total Cost": 717190.55,
                              "Plan Rows": 1,
                              "Plan Width": 31,
                              "Actual Startup Time": 2117.499,
                              "Actual Total Time": 2160.88,
                              "Actual Rows": 1,
                              "Actual Loops": 5,
                              "Inner Unique": false,
                              "Hash Cond": "(mc.movie_id = mi.movie_id)",
                              "Plans": [
                                {
                                  "Node Type": "Seq Scan",
                                  "Parent Relationship": "Outer",
                                  "Parallel Aware": true,
                                  "Relation Name": "movie_companies",
                                  "Alias": "mc",
                                  "Startup Cost": 0.0,
                                  "Total Cost": 31414.82,
                                  "Plan Rows": 94659,
                                  "Plan Width": 8,
                                  "Actual Startup Time": 0.029,
                                  "Actual Total Time": 101.428,
                                  "Actual Rows": 118199,
                                  "Actual Loops": 5,
                                  "Filter": "((note IS NOT NULL) AND ((note ~~ '%(USA)%'::text) OR (note ~~ '%(worldwide)%'::text)))",
                                  "Rows Removed by Filter": 403627
                                },
                                {
                                  "Node Type": "Hash",
                                  "Parent Relationship": "Inner",
                                  "Parallel Aware": true,
                                  "Startup Cost": 685420.74,
                                  "Total Cost": 685420.74,
                                  "Plan Rows": 1,
                                  "Plan Width": 23,
                                  "Actual Startup Time": 2051.114,
                                  "Actual Total Time": 2051.135,
                                  "Actual Rows": 1,
                                  "Actual Loops": 5,
                                  "Hash Buckets": 1024,
                                  "Original Hash Buckets": 1024,
                                  "Hash Batches": 1,
                                  "Original Hash Batches": 1,
                                  "Peak Memory Usage": 40,
                                  "Plans": [
                                    {
                                      "Node Type": "Hash Join",
                                      "Parent Relationship": "Outer",
                                      "Parallel Aware": true,
                                      "Join Type": "Inner",
                                      "Startup Cost": 638149.47,
                                      "Total Cost": 685420.74,
                                      "Plan Rows": 1,
                                      "Plan Width": 23,
                                      "Actual Startup Time": 2024.157,
                                      "Actual Total Time": 2051.073,
                                      "Actual Rows": 1,
                                      "Actual Loops": 5,
                                      "Inner Unique": false,
                                      "Hash Cond": "(chn.id = ci.person_role_id)",
                                      "Plans": [
                                        {
                                          "Node Type": "Seq Scan",
                                          "Parent Relationship": "Outer",
                                          "Parallel Aware": true,
                                          "Relation Name": "char_name",
                                          "Alias": "chn",
                                          "Startup Cost": 0.0,
                                          "Total Cost": 44325.46,
                                          "Plan Rows": 785546,
                                          "Plan Width": 4,
                                          "Actual Startup Time": 0.011,
                                          "Actual Total Time": 91.678,
                                          "Actual Rows": 628068,
                                          "Actual Loops": 5
                                        },
                                        {
                                          "Node Type": "Hash",
                                          "Parent Relationship": "Inner",
                                          "Parallel Aware": true,
                                          "Startup Cost": 638149.46,
                                          "Total Cost": 638149.46,
                                          "Plan Rows": 1,
                                          "Plan Width": 27,
                                          "Actual Startup Time": 1914.605,
                                          "Actual Total Time": 1914.624,
                                          "Actual Rows": 1,
                                          "Actual Loops": 5,
                                          "Hash Buckets": 1024,
                                          "Original Hash Buckets": 1024,
                                          "Hash Batches": 1,
                                          "Original Hash Batches": 1,
                                          "Peak Memory Usage": 40,
                                          "Plans": [
                                            {
                                              "Node Type": "Hash Join",
                                              "Parent Relationship": "Outer",
                                              "Parallel Aware": true,
                                              "Join Type": "Inner",
                                              "Startup Cost": 622755.56,
                                              "Total Cost": 638149.46,
                                              "Plan Rows": 1,
                                              "Plan Width": 27,
                                              "Actual Startup Time": 1909.514,
                                              "Actual Total Time": 1914.557,
                                              "Actual Rows": 1,
                                              "Actual Loops": 5,
                                              "Inner Unique": false,
                                              "Hash Cond": "(an.person_id = n.id)",
                                              "Plans": [
                                                {
                                                  "Node Type": "Seq Scan",
                                                  "Parent Relationship": "Outer",
                                                  "Parallel Aware": true,
                                                  "Relation Name": "aka_name",
                                                  "Alias": "an",
                                                  "Startup Cost": 0.0,
                                                  "Total Cost": 14303.56,
                                                  "Plan Rows": 290756,
                                                  "Plan Width": 4,
                                                  "Actual Startup Time": 0.031,
                                                  "Actual Total Time": 29.186,
                                                  "Actual Rows": 180269,
                                                  "Actual Loops": 5
                                                },
                                                {
                                                  "Node Type": "Hash",
                                                  "Parent Relationship": "Inner",
                                                  "Parallel Aware": true,
                                                  "Startup Cost": 622755.55,
                                                  "Total Cost": 622755.55,
                                                  "Plan Rows": 1,
                                                  "Plan Width": 35,
                                                  "Actual Startup Time": 1871.875,
                                                  "Actual Total Time": 1871.89,
                                                  "Actual Rows": 1,
                                                  "Actual Loops": 5,
                                                  "Hash Buckets": 1024,
                                                  "Original Hash Buckets": 1024,
                                                  "Hash Batches": 1,
                                                  "Original Hash Batches": 1,
                                                  "Peak Memory Usage": 72,
                                                  "Plans": [
                                                    {
                                                      "Node Type": "Hash Join",
                                                      "Parent Relationship": "Outer",
                                                      "Parallel Aware": true,
                                                      "Join Type": "Inner",
                                                      "Startup Cost": 415860.74,
                                                      "Total Cost": 622755.55,
                                                      "Plan Rows": 1,
                                                      "Plan Width": 35,
                                                      "Actual Startup Time": 1695.982,
                                                      "Actual Total Time": 1871.809,
                                                      "Actual Rows": 1,
                                                      "Actual Loops": 5,
                                                      "Inner Unique": false,
                                                      "Hash Cond": "(mi.movie_id = ci.movie_id)",
                                                      "Plans": [
                                                        {
                                                          "Node Type": "Hash Join",
                                                          "Parent Relationship": "Outer",
                                                          "Parallel Aware": false,
                                                          "Join Type": "Inner",
                                                          "Startup Cost": 2.43,
                                                          "Total Cost": 206892.59,
                                                          "Plan Rows": 1236,
                                                          "Plan Width": 4,
                                                          "Actual Startup Time": 148.281,
                                                          "Actual Total Time": 585.085,
                                                          "Actual Rows": 90208,
                                                          "Actual Loops": 5,
                                                          "Inner Unique": true,
                                                          "Hash Cond": "(mi.info_type_id = it.id)",
                                                          "Plans": [
                                                            {
                                                              "Node Type": "Seq Scan",
                                                              "Parent Relationship": "Outer",
                                                              "Parallel Aware": true,
                                                              "Relation Name": "movie_info",
                                                              "Alias": "mi",
                                                              "Startup Cost": 0.0,
                                                              "Total Cost": 206509.76,
                                                              "Plan Rows": 139676,
                                                              "Plan Width": 8,
                                                              "Actual Startup Time": 66.747,
                                                              "Actual Total Time": 570.947,
                                                              "Actual Rows": 90221,
                                                              "Actual Loops": 5,
                                                              "Filter": "((info IS NOT NULL) AND ((info ~~ 'Japan:%200%'::text) OR (info ~~ 'USA:%200%'::text)))",
                                                              "Rows Removed by Filter": 2876923
                                                            },
                                                            {
                                                              "Node Type": "Hash",
                                                              "Parent Relationship": "Inner",
                                                              "Parallel Aware": false,
                                                              "Startup Cost": 2.41,
                                                              "Total Cost": 2.41,
                                                              "Plan Rows": 1,
                                                              "Plan Width": 4,
                                                              "Actual Startup Time": 0.053,
                                                              "Actual Total Time": 0.055,
                                                              "Actual Rows": 1,
                                                              "Actual Loops": 5,
                                                              "Hash Buckets": 1024,
                                                              "Original Hash Buckets": 1024,
                                                              "Hash Batches": 1,
                                                              "Original Hash Batches": 1,
                                                              "Peak Memory Usage": 9,
                                                              "Plans": [
                                                                {
                                                                  "Node Type": "Seq Scan",
                                                                  "Parent Relationship": "Outer",
                                                                  "Parallel Aware": false,
                                                                  "Relation Name": "info_type",
                                                                  "Alias": "it",
                                                                  "Startup Cost": 0.0,
                                                                  "Total Cost": 2.41,
                                                                  "Plan Rows": 1,
                                                                  "Plan Width": 4,
                                                                  "Actual Startup Time": 0.039,
                                                                  "Actual Total Time": 0.045,
                                                                  "Actual Rows": 1,
                                                                  "Actual Loops": 5,
                                                                  "Filter": "((info)::text = 'release dates'::text)",
                                                                  "Rows Removed by Filter": 112
                                                                }
                                                              ]
                                                            }
                                                          ]
                                                        },
                                                        {
                                                          "Node Type": "Hash",
                                                          "Parent Relationship": "Inner",
                                                          "Parallel Aware": true,
                                                          "Startup Cost": 415858.3,
                                                          "Total Cost": 415858.3,
                                                          "Plan Rows": 1,
                                                          "Plan Width": 31,
                                                          "Actual Startup Time": 1280.26,
                                                          "Actual Total Time": 1280.266,
                                                          "Actual Rows": 1,
                                                          "Actual Loops": 5,
                                                          "Hash Buckets": 1024,
                                                          "Original Hash Buckets": 1024,
                                                          "Hash Batches": 1,
                                                          "Original Hash Batches": 1,
                                                          "Peak Memory Usage": 40,
                                                          "Plans": [
                                                            {
                                                              "Node Type": "Hash Join",
                                                              "Parent Relationship": "Outer",
                                                              "Parallel Aware": false,
                                                              "Join Type": "Inner",
                                                              "Startup Cost": 71241.56,
                                                              "Total Cost": 415858.3,
                                                              "Plan Rows": 1,
                                                              "Plan Width": 31,
                                                              "Actual Startup Time": 1148.539,
                                                              "Actual Total Time": 1280.158,
                                                              "Actual Rows": 1,
                                                              "Actual Loops": 5,
                                                              "Inner Unique": true,
                                                              "Hash Cond": "(ci.role_id = rt.id)",
                                                              "Plans": [
                                                                {
                                                                  "Node Type": "Hash Join",
                                                                  "Parent Relationship": "Outer",
                                                                  "Parallel Aware": true,
                                                                  "Join Type": "Inner",
                                                                  "Startup Cost": 71240.4,
                                                                  "Total Cost": 415857.1,
                                                                  "Plan Rows": 12,
                                                                  "Plan Width": 35,
                                                                  "Actual Startup Time": 1148.38,
                                                                  "Actual Total Time": 1279.996,
                                                                  "Actual Rows": 1,
                                                                  "Actual Loops": 5,
                                                                  "Inner Unique": true,
                                                                  "Hash Cond": "(ci.person_id = n.id)",
                                                                  "Plans": [
                                                                    {
                                                                      "Node Type": "Seq Scan",
                                                                      "Parent Relationship": "Outer",
                                                                      "Parallel Aware": true,
                                                                      "Relation Name": "cast_info",
                                                                      "Alias": "ci",
                                                                      "Startup Cost": 0.0,
                                                                      "Total Cost": 343259.37,
                                                                      "Plan Rows": 517076,
                                                                      "Plan Width": 16,
                                                                      "Actual Startup Time": 0.034,
                                                                      "Actual Total Time": 1051.571,
                                                                      "Actual Rows": 618628,
                                                                      "Actual Loops": 5,
                                                                      "Filter": "(note = ANY ('{\"(executive producer)\",(voice),(producer),\"(as Allison)\"}'::text[]))",
                                                                      "Rows Removed by Filter": 6630240
                                                                    },
                                                                    {
                                                                      "Node Type": "Hash",
                                                                      "Parent Relationship": "Inner",
                                                                      "Parallel Aware": true,
                                                                      "Startup Cost": 71240.1,
                                                                      "Total Cost": 71240.1,
                                                                      "Plan Rows": 24,
                                                                      "Plan Width": 19,
                                                                      "Actual Startup Time": 185.366,
                                                                      "Actual Total Time": 185.368,
                                                                      "Actual Rows": 1,
                                                                      "Actual Loops": 5,
                                                                      "Hash Buckets": 1024,
                                                                      "Original Hash Buckets": 1024,
                                                                      "Hash Batches": 1,
                                                                      "Original Hash Batches": 1,
                                                                      "Peak Memory Usage": 104,
                                                                      "Plans": [
                                                                        {
                                                                          "Node Type": "Seq Scan",
                                                                          "Parent Relationship": "Outer",
                                                                          "Parallel Aware": true,
                                                                          "Relation Name": "name",
                                                                          "Alias": "n",
                                                                          "Startup Cost": 0.0,
                                                                          "Total Cost": 71240.1,
                                                                          "Plan Rows": 24,
                                                                          "Plan Width": 19,
                                                                          "Actual Startup Time": 137.275,
                                                                          "Actual Total Time": 185.309,
                                                                          "Actual Rows": 1,
                                                                          "Actual Loops": 5,
                                                                          "Filter": "((name ~~ '%Kuehn,%'::text) AND ((gender)::text = 'f'::text))",
                                                                          "Rows Removed by Filter": 833497
                                                                        }
                                                                      ]
                                                                    }
                                                                  ]
                                                                },
                                                                {
                                                                  "Node Type": "Hash",
                                                                  "Parent Relationship": "Inner",
                                                                  "Parallel Aware": false,
                                                                  "Startup Cost": 1.15,
                                                                  "Total Cost": 1.15,
                                                                  "Plan Rows": 1,
                                                                  "Plan Width": 4,
                                                                  "Actual Startup Time": 0.11,
                                                                  "Actual Total Time": 0.111,
                                                                  "Actual Rows": 1,
                                                                  "Actual Loops": 5,
                                                                  "Hash Buckets": 1024,
                                                                  "Original Hash Buckets": 1024,
                                                                  "Hash Batches": 1,
                                                                  "Original Hash Batches": 1,
                                                                  "Peak Memory Usage": 9,
                                                                  "Plans": [
                                                                    {
                                                                      "Node Type": "Seq Scan",
                                                                      "Parent Relationship": "Outer",
                                                                      "Parallel Aware": false,
                                                                      "Relation Name": "role_type",
                                                                      "Alias": "rt",
                                                                      "Startup Cost": 0.0,
                                                                      "Total Cost": 1.15,
                                                                      "Plan Rows": 1,
                                                                      "Plan Width": 4,
                                                                      "Actual Startup Time": 0.082,
                                                                      "Actual Total Time": 0.087,
                                                                      "Actual Rows": 1,
                                                                      "Actual Loops": 5,
                                                                      "Filter": "((role)::text = 'actress'::text)",
                                                                      "Rows Removed by Filter": 11
                                                                    }
                                                                  ]
                                                                }
                                                              ]
                                                            }
                                                          ]
                                                        }
                                                      ]
                                                    }
                                                  ]
                                                }
                                              ]
                                            }
                                          ]
                                        }
                                      ]
                                    }
                                  ]
                                }
                              ]
                            }
                          ]
                        }
                      ]
                    }
                  ]
                }
              ]
            }
          ]
        }
      ]
    },
    "Planning Time": 28.488,
    "Triggers": [],
    "Execution Time": 2448.343
  }
]