[
  {
    "Plan": {
      "Node Type": "Aggregate",
      "Strategy": "Plain",
      "Partial Mode": "Finalize",
      "Parallel Aware": false,
      "Startup Cost": 277600.97,
      "Total Cost": 277600.98,
      "Plan Rows": 1,
      "Plan Width": 8,
      "Actual Startup Time": 102.9,
      "Actual Total Time": 109.894,
      "Actual Rows": 1,
      "Actual Loops": 1,
      "Plans": [
        {
          "Node Type": "Gather",
          "Parent Relationship": "Outer",
          "Parallel Aware": false,
          "Startup Cost": 277600.34,
          "Total Cost": 277600.95,
          "Plan Rows": 6,
          "Plan Width": 8,
          "Actual Startup Time": 102.421,
          "Actual Total Time": 109.882,
          "Actual Rows": 7,
          "Actual Loops": 1,
          "Workers Planned": 6,
          "Workers Launched": 6,
          "Single Copy": false,
          "Plans": [
            {
              "Node Type": "Aggregate",
              "Strategy": "Plain",
              "Partial Mode": "Partial",
              "Parent Relationship": "Outer",
              "Parallel Aware": false,
              "Startup Cost": 276600.34,
              "Total Cost": 276600.35,
              "Plan Rows": 1,
              "Plan Width": 8,
              "Actual Startup Time": 92.055,
              "Actual Total Time": 92.057,
              "Actual Rows": 1,
              "Actual Loops": 7,
              "Plans": [
                {
                  "Node Type": "Bitmap Heap Scan",
                  "Parent Relationship": "Outer",
                  "Parallel Aware": true,
                  "Relation Name": "cast_info",
                  "Alias": "ci",
                  "Startup Cost": 21268.17,
                  "Total Cost": 276375.38,
                  "Plan Rows": 89984,
                  "Plan Width": 0,
                  "Actual Startup Time": 30.77,
                  "Actual Total Time": 84.125,
                  "Actual Rows": 105362,
                  "Actual Loops": 7,
                  "Recheck Cond": "(person_id < 103200)",
                  "Rows Removed by Index Recheck": 0,
                  "Filter": "(role_id < 3)",
                  "Rows Removed by Filter": 39003,
                  "Exact Heap Blocks": 3322,
                  "Lossy Heap Blocks": 0,
                  "Plans": [
                    {
                      "Node Type": "Bitmap Index Scan",
                      "Parent Relationship": "Outer",
                      "Parallel Aware": false,
                      "Index Name": "person_id_cast_info",
                      "Startup Cost": 0.0,
                      "Total Cost": 21133.19,
                      "Plan Rows": 968084,
                      "Plan Width": 0,
                      "Actual Startup Time": 39.099,
                      "Actual Total Time": 39.1,
                      "Actual Rows": 1010556,
                      "Actual Loops": 1,
                      "Index Cond": "(person_id < 103200)"
                    }
                  ]
                }
              ]
            }
          ]
        }
      ]
    },
    "Planning Time": 0.103,
    "Triggers": [],
    "Execution Time": 109.929
  }
]