[
  {
    "Plan": {
      "Node Type": "Aggregate",
      "Strategy": "Plain",
      "Partial Mode": "Finalize",
      "Parallel Aware": false,
      "Startup Cost": 646207.18,
      "Total Cost": 646207.19,
      "Plan Rows": 1,
      "Plan Width": 8,
      "Actual Startup Time": 5489.282,
      "Actual Total Time": 5573.855,
      "Actual Rows": 1,
      "Actual Loops": 1,
      "Plans": [
        {
          "Node Type": "Gather",
          "Parent Relationship": "Outer",
          "Parallel Aware": false,
          "Startup Cost": 646206.66,
          "Total Cost": 646207.17,
          "Plan Rows": 5,
          "Plan Width": 8,
          "Actual Startup Time": 5434.58,
          "Actual Total Time": 5573.837,
          "Actual Rows": 6,
          "Actual Loops": 1,
          "Workers Planned": 5,
          "Workers Launched": 5,
          "Single Copy": false,
          "Plans": [
            {
              "Node Type": "Aggregate",
              "Strategy": "Plain",
              "Partial Mode": "Partial",
              "Parent Relationship": "Outer",
              "Parallel Aware": false,
              "Startup Cost": 645206.66,
              "Total Cost": 645206.67,
              "Plan Rows": 1,
              "Plan Width": 8,
              "Actual Startup Time": 5394.029,
              "Actual Total Time": 5394.036,
              "Actual Rows": 1,
              "Actual Loops": 6,
              "Plans": [
                {
                  "Node Type": "Hash Join",
                  "Parent Relationship": "Outer",
                  "Parallel Aware": true,
                  "Join Type": "Inner",
                  "Startup Cost": 410492.88,
                  "Total Cost": 626070.25,
                  "Plan Rows": 7654565,
                  "Plan Width": 0,
                  "Actual Startup Time": 2908.37,
                  "Actual Total Time": 5024.335,
                  "Actual Rows": 8883646,
                  "Actual Loops": 6,
                  "Inner Unique": false,
                  "Hash Cond": "(mi.movie_id = t.id)",
                  "Plans": [
                    {
                      "Node Type": "Seq Scan",
                      "Parent Relationship": "Outer",
                      "Parallel Aware": true,
                      "Relation Name": "movie_info",
                      "Alias": "mi",
                      "Startup Cost": 0.0,
                      "Total Cost": 191685.19,
                      "Plan Rows": 2969219,
                      "Plan Width": 4,
                      "Actual Startup Time": 0.032,
                      "Actual Total Time": 264.56,
                      "Actual Rows": 2472620,
                      "Actual Loops": 6
                    },
                    {
                      "Node Type": "Hash",
                      "Parent Relationship": "Inner",
                      "Parallel Aware": true,
                      "Startup Cost": 396913.29,
                      "Total Cost": 396913.29,
                      "Plan Rows": 1086367,
                      "Plan Width": 8,
                      "Actual Startup Time": 2896.183,
                      "Actual Total Time": 2896.188,
                      "Actual Rows": 1601778,
                      "Actual Loops": 6,
                      "Hash Buckets": 16777216,
                      "Original Hash Buckets": 8388608,
                      "Hash Batches": 1,
                      "Original Hash Batches": 1,
                      "Peak Memory Usage": 572672,
                      "Plans": [
                        {
                          "Node Type": "Hash Join",
                          "Parent Relationship": "Outer",
                          "Parallel Aware": true,
                          "Join Type": "Inner",
                          "Startup Cost": 49737.61,
                          "Total Cost": 396913.29,
                          "Plan Rows": 1086367,
                          "Plan Width": 8,
                          "Actual Startup Time": 561.297,
                          "Actual Total Time": 1874.0,
                          "Actual Rows": 1601778,
                          "Actual Loops": 6,
                          "Inner Unique": true,
                          "Hash Cond": "(ci.movie_id = t.id)",
                          "Plans": [
                            {
                              "Node Type": "Seq Scan",
                              "Parent Relationship": "Outer",
                              "Parallel Aware": true,
                              "Relation Name": "cast_info",
                              "Alias": "ci",
                              "Startup Cost": 0.0,
                              "Total Cost": 343316.27,
                              "Plan Rows": 1470249,
                              "Plan Width": 4,
                              "Actual Startup Time": 318.105,
                              "Actual Total Time": 751.652,
                              "Actual Rows": 2222319,
                              "Actual Loops": 6,
                              "Filter": "((person_id > 2339110) AND (role_id > 1))",
                              "Rows Removed by Filter": 3818405
                            },
                            {
                              "Node Type": "Hash",
                              "Parent Relationship": "Inner",
                              "Parallel Aware": true,
                              "Startup Cost": 43899.32,
                              "Total Cost": 43899.32,
                              "Plan Rows": 467063,
                              "Plan Width": 4,
                              "Actual Startup Time": 240.09,
                              "Actual Total Time": 240.091,
                              "Actual Rows": 310914,
                              "Actual Loops": 6,
                              "Hash Buckets": 2097152,
                              "Original Hash Buckets": 2097152,
                              "Hash Batches": 1,
                              "Original Hash Batches": 1,
                              "Peak Memory Usage": 89408,
                              "Plans": [
                                {
                                  "Node Type": "Seq Scan",
                                  "Parent Relationship": "Outer",
                                  "Parallel Aware": true,
                                  "Relation Name": "title",
                                  "Alias": "t",
                                  "Startup Cost": 0.0,
                                  "Total Cost": 43899.32,
                                  "Plan Rows": 467063,
                                  "Plan Width": 4,
                                  "Actual Startup Time": 0.106,
                                  "Actual Total Time": 91.897,
                                  "Actual Rows": 310914,
                                  "Actual Loops": 6,
                                  "Filter": "(kind_id > 1)",
                                  "Rows Removed by Filter": 110471
                                }
                              ]
                            }
                          ]
                        }
                      ]
                    }
                  ]
                }
              ]
            }
          ]
        }
      ]
    },
    "Planning Time": 1.438,
    "Triggers": [],
    "Execution Time": 5573.948
  }
]