[
  {
    "Plan": {
      "Node Type": "Aggregate",
      "Strategy": "Plain",
      "Partial Mode": "Finalize",
      "Parallel Aware": false,
      "Startup Cost": 48349.71,
      "Total Cost": 48349.72,
      "Plan Rows": 1,
      "Plan Width": 8,
      "Actual Startup Time": 104.422,
      "Actual Total Time": 119.098,
      "Actual Rows": 1,
      "Actual Loops": 1,
      "Plans": [
        {
          "Node Type": "Gather",
          "Parent Relationship": "Outer",
          "Parallel Aware": false,
          "Startup Cost": 48349.29,
          "Total Cost": 48349.7,
          "Plan Rows": 4,
          "Plan Width": 8,
          "Actual Startup Time": 104.241,
          "Actual Total Time": 119.081,
          "Actual Rows": 5,
          "Actual Loops": 1,
          "Workers Planned": 4,
          "Workers Launched": 4,
          "Single Copy": false,
          "Plans": [
            {
              "Node Type": "Aggregate",
              "Strategy": "Plain",
              "Partial Mode": "Partial",
              "Parent Relationship": "Outer",
              "Parallel Aware": false,
              "Startup Cost": 47349.29,
              "Total Cost": 47349.3,
              "Plan Rows": 1,
              "Plan Width": 8,
              "Actual Startup Time": 94.041,
              "Actual Total Time": 94.044,
              "Actual Rows": 1,
              "Actual Loops": 5,
              "Plans": [
                {
                  "Node Type": "Nested Loop",
                  "Parent Relationship": "Outer",
                  "Parallel Aware": false,
                  "Join Type": "Inner",
                  "Startup Cost": 0.43,
                  "Total Cost": 47348.97,
                  "Plan Rows": 127,
                  "Plan Width": 0,
                  "Actual Startup Time": 87.605,
                  "Actual Total Time": 94.032,
                  "Actual Rows": 1,
                  "Actual Loops": 5,
                  "Inner Unique": false,
                  "Plans": [
                    {
                      "Node Type": "Seq Scan",
                      "Parent Relationship": "Outer",
                      "Parallel Aware": true,
                      "Relation Name": "title",
                      "Alias": "t",
                      "Startup Cost": 0.0,
                      "Total Cost": 45479.59,
                      "Plan Rows": 233,
                      "Plan Width": 4,
                      "Actual Startup Time": 87.596,
                      "Actual Total Time": 94.021,
                      "Actual Rows": 0,
                      "Actual Loops": 5,
                      "Filter": "((kind_id > 4) AND (production_year = 1940))",
                      "Rows Removed by Filter": 505662
                    },
                    {
                      "Node Type": "Index Only Scan",
                      "Parent Relationship": "Inner",
                      "Parallel Aware": false,
                      "Scan Direction": "Forward",
                      "Index Name": "movie_id_movie_info_idx",
                      "Relation Name": "movie_info_idx",
                      "Alias": "mi_idx",
                      "Startup Cost": 0.43,
                      "Total Cost": 7.99,
                      "Plan Rows": 3,
                      "Plan Width": 4,
                      "Actual Startup Time": 0.031,
                      "Actual Total Time": 0.032,
                      "Actual Rows": 3,
                      "Actual Loops": 1,
                      "Index Cond": "(movie_id = t.id)",
                      "Rows Removed by Index Recheck": 0,
                      "Heap Fetches": 3
                    }
                  ]
                }
              ]
            }
          ]
        }
      ]
    },
    "Planning Time": 0.696,
    "Triggers": [],
    "Execution Time": 119.173
  }
]