{
  "Plan": {
    "Node Type": "Aggregate",
    "Strategy": "Plain",
    "Partial Mode": "Finalize",
    "Parallel Aware": false,
    "Startup Cost": 144485.55,
    "Total Cost": 144485.56,
    "Plan Rows": 1,
    "Plan Width": 8,
    "Actual Startup Time": 1121.256,
    "Actual Total Time": 1140.397,
    "Actual Rows": 1,
    "Actual Loops": 1,
    "Plans": [
      {
        "Node Type": "Gather",
        "Parent Relationship": "Outer",
        "Parallel Aware": false,
        "Startup Cost": 144485.44,
        "Total Cost": 144485.55,
        "Plan Rows": 1,
        "Plan Width": 8,
        "Actual Startup Time": 1118.243,
        "Actual Total Time": 1140.39,
        "Actual Rows": 2,
        "Actual Loops": 1,
        "Workers Planned": 1,
        "Workers Launched": 1,
        "Single Copy": false,
        "Plans": [
          {
            "Node Type": "Aggregate",
            "Strategy": "Plain",
            "Partial Mode": "Partial",
            "Parent Relationship": "Outer",
            "Parallel Aware": false,
            "Startup Cost": 143485.44,
            "Total Cost": 143485.45,
            "Plan Rows": 1,
            "Plan Width": 8,
            "Actual Startup Time": 1111.946,
            "Actual Total Time": 1111.958,
            "Actual Rows": 1,
            "Actual Loops": 2,
            "Plans": [
              {
                "Node Type": "Hash Join",
                "Parent Relationship": "Outer",
                "Parallel Aware": true,
                "Join Type": "Inner",
                "Startup Cost": 122408.95,
                "Total Cost": 143201.26,
                "Plan Rows": 113673,
                "Plan Width": 0,
                "Actual Startup Time": 822.822,
                "Actual Total Time": 1053.131,
                "Actual Rows": 1432325,
                "Actual Loops": 2,
                "Inner Unique": false,
                "Hash Cond": "(mi_idx.movie_id = t.id)",
                "Plans": [
                  {
                    "Node Type": "Seq Scan",
                    "Parent Relationship": "Outer",
                    "Parallel Aware": true,
                    "Relation Name": "movie_info_idx",
                    "Alias": "mi_idx",
                    "Startup Cost": 0.0,
                    "Total Cost": 18082.32,
                    "Plan Rows": 544356,
                    "Plan Width": 4,
                    "Actual Startup Time": 0.026,
                    "Actual Total Time": 60.467,
                    "Actual Rows": 460055,
                    "Actual Loops": 2,
                    "Filter": "(info_type_id > 99)",
                    "Rows Removed by Filter": 229962
                  },
                  {
                    "Node Type": "Hash",
                    "Parent Relationship": "Inner",
                    "Parallel Aware": true,
                    "Startup Cost": 118526.89,
                    "Total Cost": 118526.89,
                    "Plan Rows": 310565,
                    "Plan Width": 8,
                    "Actual Startup Time": 813.806,
                    "Actual Total Time": 813.816,
                    "Actual Rows": 849728,
                    "Actual Loops": 2,
                    "Hash Buckets": 2097152,
                    "Original Hash Buckets": 1048576,
                    "Hash Batches": 1,
                    "Original Hash Batches": 1,
                    "Peak Memory Usage": 91104,
                    "Plans": [
                      {
                        "Node Type": "Hash Join",
                        "Parent Relationship": "Outer",
                        "Parallel Aware": true,
                        "Join Type": "Inner",
                        "Startup Cost": 60476.04,
                        "Total Cost": 118526.89,
                        "Plan Rows": 310565,
                        "Plan Width": 8,
                        "Actual Startup Time": 201.747,
                        "Actual Total Time": 641.513,
                        "Actual Rows": 849728,
                        "Actual Loops": 2,
                        "Inner Unique": true,
                        "Hash Cond": "(mk.movie_id = t.id)",
                        "Plans": [
                          {
                            "Node Type": "Seq Scan",
                            "Parent Relationship": "Outer",
                            "Parallel Aware": true,
                            "Relation Name": "movie_keyword",
                            "Alias": "mk",
                            "Startup Cost": 0.0,
                            "Total Cost": 51065.35,
                            "Plan Rows": 2661135,
                            "Plan Width": 4,
                            "Actual Startup Time": 0.015,
                            "Actual Total Time": 159.152,
                            "Actual Rows": 2261965,
                            "Actual Loops": 2
                          },
                          {
                            "Node Type": "Hash",
                            "Parent Relationship": "Inner",
                            "Parallel Aware": true,
                            "Startup Cost": 58306.47,
                            "Total Cost": 58306.47,
                            "Plan Rows": 173566,
                            "Plan Width": 4,
                            "Actual Startup Time": 198.725,
                            "Actual Total Time": 198.726,
                            "Actual Rows": 205845,
                            "Actual Loops": 2,
                            "Hash Buckets": 524288,
                            "Original Hash Buckets": 524288,
                            "Hash Batches": 1,
                            "Original Hash Batches": 1,
                            "Peak Memory Usage": 20224,
                            "Plans": [
                              {
                                "Node Type": "Seq Scan",
                                "Parent Relationship": "Outer",
                                "Parallel Aware": true,
                                "Relation Name": "title",
                                "Alias": "t",
                                "Startup Cost": 0.0,
                                "Total Cost": 58306.47,
                                "Plan Rows": 173566,
                                "Plan Width": 4,
                                "Actual Startup Time": 0.062,
                                "Actual Total Time": 149.806,
                                "Actual Rows": 205845,
                                "Actual Loops": 2,
                                "Filter": "((kind_id < 7) AND (production_year < 1993))",
                                "Rows Removed by Filter": 1058311
                              }
                            ]
                          }
                        ]
                      }
                    ]
                  }
                ]
              }
            ]
          }
        ]
      }
    ]
  },
  "Planning Time": 0.902,
  "Triggers": [],
  "Execution Time": 1140.472
}