{
    "Plan": {
        "Node Type": "Aggregate",
        "Strategy": "Plain",
        "Partial Mode": "Simple",
        "Parallel Aware": false,
        "Startup Cost": 60000975385.27,
        "Total Cost": 60000975385.28,
        "Plan Rows": 1,
        "Plan Width": 64,
        "Actual Startup Time": 11068.796,
        "Actual Total Time": 11068.813,
        "Actual Rows": 1,
        "Actual Loops": 1,
        "Output": [
            "min(n.name)",
            "min(t.title)"
        ],
        "Plans": [
            {
                "Node Type": "Hash Join",
                "Parent Relationship": "Outer",
                "Parallel Aware": false,
                "Join Type": "Inner",
                "Startup Cost": 60000776208.67,
                "Total Cost": 60000975385.26,
                "Plan Rows": 1,
                "Plan Width": 32,
                "Actual Startup Time": 10440.996,
                "Actual Total Time": 11068.789,
                "Actual Rows": 26,
                "Actual Loops": 1,
                "Output": [
                    "n.name",
                    "t.title"
                ],
                "Inner Unique": false,
                "Hash Cond": "(ci.movie_id = t.id)",
                "Plans": [
                    {
                        "Node Type": "Nested Loop",
                        "Parent Relationship": "Outer",
                        "Parallel Aware": false,
                        "Join Type": "Inner",
                        "Startup Cost": 20000135657.02,
                        "Total Cost": 20000334833.57,
                        "Plan Rows": 11,
                        "Plan Width": 19,
                        "Actual Startup Time": 2258.912,
                        "Actual Total Time": 2886.685,
                        "Actual Rows": 26,
                        "Actual Loops": 1,
                        "Output": [
                            "ci.movie_id",
                            "n.name"
                        ],
                        "Inner Unique": false,
                        "Join Filter": "(n.id = an.person_id)",
                        "Rows Removed by Join Filter": 0,
                        "Plans": [
                            {
                                "Node Type": "Nested Loop",
                                "Parent Relationship": "Outer",
                                "Parallel Aware": false,
                                "Join Type": "Inner",
                                "Startup Cost": 10000135656.58,
                                "Total Cost": 10000334815.58,
                                "Plan Rows": 4,
                                "Plan Width": 27,
                                "Actual Startup Time": 2258.886,
                                "Actual Total Time": 2886.579,
                                "Actual Rows": 13,
                                "Actual Loops": 1,
                                "Output": [
                                    "ci.movie_id",
                                    "ci.person_id",
                                    "n.name",
                                    "n.id"
                                ],
                                "Inner Unique": true,
                                "Plans": [
                                    {
                                        "Node Type": "Hash Join",
                                        "Parent Relationship": "Outer",
                                        "Parallel Aware": false,
                                        "Join Type": "Inner",
                                        "Startup Cost": 135656.12,
                                        "Total Cost": 334797.7,
                                        "Plan Rows": 4,
                                        "Plan Width": 31,
                                        "Actual Startup Time": 2258.84,
                                        "Actual Total Time": 2886.453,
                                        "Actual Rows": 13,
                                        "Actual Loops": 1,
                                        "Output": [
                                            "ci.movie_id",
                                            "ci.person_id",
                                            "ci.person_role_id",
                                            "n.name",
                                            "n.id"
                                        ],
                                        "Inner Unique": false,
                                        "Hash Cond": "(n.id = ci.person_id)",
                                        "Plans": [
                                            {
                                                "Node Type": "Index Scan",
                                                "Parent Relationship": "Outer",
                                                "Parallel Aware": false,
                                                "Scan Direction": "Forward",
                                                "Index Name": "name_pkey",
                                                "Relation Name": "name",
                                                "Schema": "public",
                                                "Alias": "n",
                                                "Startup Cost": 0.43,
                                                "Total Cost": 199011.55,
                                                "Plan Rows": 94,
                                                "Plan Width": 19,
                                                "Actual Startup Time": 1060.699,
                                                "Actual Total Time": 1688.303,
                                                "Actual Rows": 2,
                                                "Actual Loops": 1,
                                                "Output": [
                                                    "n.id",
                                                    "n.name",
                                                    "n.imdb_index",
                                                    "n.imdb_id",
                                                    "n.gender",
                                                    "n.name_pcode_cf",
                                                    "n.name_pcode_nf",
                                                    "n.surname_pcode",
                                                    "n.md5sum"
                                                ],
                                                "Filter": "((n.name ~~ '%Kop,%'::text) AND ((n.gender)::text = 'f'::text))",
                                                "Rows Removed by Filter": 4167489
                                            },
                                            {
                                                "Node Type": "Hash",
                                                "Parent Relationship": "Inner",
                                                "Parallel Aware": false,
                                                "Startup Cost": 133219.9,
                                                "Total Cost": 133219.9,
                                                "Plan Rows": 194863,
                                                "Plan Width": 12,
                                                "Actual Startup Time": 1197.715,
                                                "Actual Total Time": 1197.718,
                                                "Actual Rows": 222705,
                                                "Actual Loops": 1,
                                                "Output": [
                                                    "ci.movie_id",
                                                    "ci.person_id",
                                                    "ci.person_role_id"
                                                ],
                                                "Hash Buckets": 262144,
                                                "Original Hash Buckets": 262144,
                                                "Hash Batches": 1,
                                                "Original Hash Batches": 1,
                                                "Peak Memory Usage": 11542,
                                                "Plans": [
                                                    {
                                                        "Node Type": "Nested Loop",
                                                        "Parent Relationship": "Outer",
                                                        "Parallel Aware": false,
                                                        "Join Type": "Inner",
                                                        "Startup Cost": 0.56,
                                                        "Total Cost": 133219.9,
                                                        "Plan Rows": 194863,
                                                        "Plan Width": 12,
                                                        "Actual Startup Time": 0.216,
                                                        "Actual Total Time": 1162.619,
                                                        "Actual Rows": 222705,
                                                        "Actual Loops": 1,
                                                        "Output": [
                                                            "ci.movie_id",
                                                            "ci.person_id",
                                                            "ci.person_role_id"
                                                        ],
                                                        "Inner Unique": false,
                                                        "Plans": [
                                                            {
                                                                "Node Type": "Seq Scan",
                                                                "Parent Relationship": "Outer",
                                                                "Parallel Aware": false,
                                                                "Relation Name": "role_type",
                                                                "Schema": "public",
                                                                "Alias": "rt",
                                                                "Startup Cost": 0.0,
                                                                "Total Cost": 1.15,
                                                                "Plan Rows": 1,
                                                                "Plan Width": 4,
                                                                "Actual Startup Time": 0.029,
                                                                "Actual Total Time": 0.034,
                                                                "Actual Rows": 1,
                                                                "Actual Loops": 1,
                                                                "Output": [
                                                                    "rt.id",
                                                                    "rt.role"
                                                                ],
                                                                "Filter": "((rt.role)::text = 'actress'::text)",
                                                                "Rows Removed by Filter": 11
                                                            },
                                                            {
                                                                "Node Type": "Index Scan",
                                                                "Parent Relationship": "Inner",
                                                                "Parallel Aware": false,
                                                                "Scan Direction": "Forward",
                                                                "Index Name": "role_id_cast_info",
                                                                "Relation Name": "cast_info",
                                                                "Schema": "public",
                                                                "Alias": "ci",
                                                                "Startup Cost": 0.56,
                                                                "Total Cost": 131092.97,
                                                                "Plan Rows": 212578,
                                                                "Plan Width": 16,
                                                                "Actual Startup Time": 0.179,
                                                                "Actual Total Time": 1144.104,
                                                                "Actual Rows": 222705,
                                                                "Actual Loops": 1,
                                                                "Output": [
                                                                    "ci.id",
                                                                    "ci.person_id",
                                                                    "ci.movie_id",
                                                                    "ci.person_role_id",
                                                                    "ci.note",
                                                                    "ci.nr_order",
                                                                    "ci.role_id"
                                                                ],
                                                                "Index Cond": "(ci.role_id = rt.id)",
                                                                "Rows Removed by Index Recheck": 0,
                                                                "Filter": "(ci.note = ANY ('{(voice),(writer),\"(executive producer)\",\"(as Anya)\"}'::text[]))",
                                                                "Rows Removed by Filter": 7229268
                                                            }
                                                        ]
                                                    }
                                                ]
                                            }
                                        ]
                                    },
                                    {
                                        "Node Type": "Bitmap Heap Scan",
                                        "Parent Relationship": "Inner",
                                        "Parallel Aware": false,
                                        "Relation Name": "char_name",
                                        "Schema": "public",
                                        "Alias": "chn",
                                        "Startup Cost": 0.46,
                                        "Total Cost": 4.47,
                                        "Plan Rows": 1,
                                        "Plan Width": 4,
                                        "Actual Startup Time": 0.006,
                                        "Actual Total Time": 0.006,
                                        "Actual Rows": 1,
                                        "Actual Loops": 13,
                                        "Output": [
                                            "chn.id",
                                            "chn.name",
                                            "chn.imdb_index",
                                            "chn.imdb_id",
                                            "chn.name_pcode_nf",
                                            "chn.surname_pcode",
                                            "chn.md5sum"
                                        ],
                                        "Recheck Cond": "(chn.id = ci.person_role_id)",
                                        "Rows Removed by Index Recheck": 0,
                                        "Exact Heap Blocks": 13,
                                        "Lossy Heap Blocks": 0,
                                        "Plans": [
                                            {
                                                "Node Type": "Bitmap Index Scan",
                                                "Parent Relationship": "Outer",
                                                "Parallel Aware": false,
                                                "Index Name": "char_name_pkey",
                                                "Startup Cost": 0.0,
                                                "Total Cost": 0.46,
                                                "Plan Rows": 1,
                                                "Plan Width": 0,
                                                "Actual Startup Time": 0.005,
                                                "Actual Total Time": 0.005,
                                                "Actual Rows": 1,
                                                "Actual Loops": 13,
                                                "Index Cond": "(chn.id = ci.person_role_id)"
                                            }
                                        ]
                                    }
                                ]
                            },
                            {
                                "Node Type": "Bitmap Heap Scan",
                                "Parent Relationship": "Inner",
                                "Parallel Aware": false,
                                "Relation Name": "aka_name",
                                "Schema": "public",
                                "Alias": "an",
                                "Startup Cost": 0.45,
                                "Total Cost": 4.47,
                                "Plan Rows": 2,
                                "Plan Width": 4,
                                "Actual Startup Time": 0.005,
                                "Actual Total Time": 0.005,
                                "Actual Rows": 2,
                                "Actual Loops": 13,
                                "Output": [
                                    "an.id",
                                    "an.person_id",
                                    "an.name",
                                    "an.imdb_index",
                                    "an.name_pcode_cf",
                                    "an.name_pcode_nf",
                                    "an.surname_pcode",
                                    "an.md5sum"
                                ],
                                "Recheck Cond": "(an.person_id = ci.person_id)",
                                "Rows Removed by Index Recheck": 0,
                                "Exact Heap Blocks": 13,
                                "Lossy Heap Blocks": 0,
                                "Plans": [
                                    {
                                        "Node Type": "Bitmap Index Scan",
                                        "Parent Relationship": "Outer",
                                        "Parallel Aware": false,
                                        "Index Name": "person_id_aka_name",
                                        "Startup Cost": 0.0,
                                        "Total Cost": 0.45,
                                        "Plan Rows": 2,
                                        "Plan Width": 0,
                                        "Actual Startup Time": 0.004,
                                        "Actual Total Time": 0.004,
                                        "Actual Rows": 2,
                                        "Actual Loops": 13,
                                        "Index Cond": "(an.person_id = ci.person_id)"
                                    }
                                ]
                            }
                        ]
                    },
                    {
                        "Node Type": "Hash",
                        "Parent Relationship": "Inner",
                        "Parallel Aware": false,
                        "Startup Cost": 40000640544.77,
                        "Total Cost": 40000640544.77,
                        "Plan Rows": 550,
                        "Plan Width": 29,
                        "Actual Startup Time": 8182.062,
                        "Actual Total Time": 8182.07,
                        "Actual Rows": 182477,
                        "Actual Loops": 1,
                        "Output": [
                            "mc.movie_id",
                            "mi.movie_id",
                            "t.title",
                            "t.id"
                        ],
                        "Hash Buckets": 262144,
                        "Original Hash Buckets": 1024,
                        "Hash Batches": 1,
                        "Original Hash Batches": 1,
                        "Peak Memory Usage": 13554,
                        "Plans": [
                            {
                                "Node Type": "Merge Join",
                                "Parent Relationship": "Outer",
                                "Parallel Aware": false,
                                "Join Type": "Inner",
                                "Startup Cost": 40000640214.51,
                                "Total Cost": 40000640544.77,
                                "Plan Rows": 550,
                                "Plan Width": 29,
                                "Actual Startup Time": 8123.674,
                                "Actual Total Time": 8152.377,
                                "Actual Rows": 182477,
                                "Actual Loops": 1,
                                "Output": [
                                    "mc.movie_id",
                                    "mi.movie_id",
                                    "t.title",
                                    "t.id"
                                ],
                                "Inner Unique": true,
                                "Merge Cond": "(mi.info_type_id = it.id)",
                                "Plans": [
                                    {
                                        "Node Type": "Sort",
                                        "Parent Relationship": "Outer",
                                        "Parallel Aware": false,
                                        "Startup Cost": 30000640214.37,
                                        "Total Cost": 30000640369.76,
                                        "Plan Rows": 62155,
                                        "Plan Width": 33,
                                        "Actual Startup Time": 8123.622,
                                        "Actual Total Time": 8130.589,
                                        "Actual Rows": 182531,
                                        "Actual Loops": 1,
                                        "Output": [
                                            "mc.movie_id",
                                            "mi.movie_id",
                                            "mi.info_type_id",
                                            "t.title",
                                            "t.id"
                                        ],
                                        "Sort Key": [
                                            "mi.info_type_id"
                                        ],
                                        "Sort Method": "quicksort",
                                        "Sort Space Used": 21659,
                                        "Sort Space Type": "Memory",
                                        "Plans": [
                                            {
                                                "Node Type": "Nested Loop",
                                                "Parent Relationship": "Outer",
                                                "Parallel Aware": false,
                                                "Join Type": "Inner",
                                                "Startup Cost": 30000016376.44,
                                                "Total Cost": 30000635265.72,
                                                "Plan Rows": 62155,
                                                "Plan Width": 33,
                                                "Actual Startup Time": 42.55,
                                                "Actual Total Time": 8046.75,
                                                "Actual Rows": 182531,
                                                "Actual Loops": 1,
                                                "Output": [
                                                    "mc.movie_id",
                                                    "mi.movie_id",
                                                    "mi.info_type_id",
                                                    "t.title",
                                                    "t.id"
                                                ],
                                                "Inner Unique": false,
                                                "Plans": [
                                                    {
                                                        "Node Type": "Nested Loop",
                                                        "Parent Relationship": "Outer",
                                                        "Parallel Aware": false,
                                                        "Join Type": "Inner",
                                                        "Startup Cost": 20000016375.58,
                                                        "Total Cost": 20000271330.71,
                                                        "Plan Rows": 65481,
                                                        "Plan Width": 25,
                                                        "Actual Startup Time": 42.502,
                                                        "Actual Total Time": 3817.683,
                                                        "Actual Rows": 214487,
                                                        "Actual Loops": 1,
                                                        "Output": [
                                                            "mc.movie_id",
                                                            "t.title",
                                                            "t.id"
                                                        ],
                                                        "Inner Unique": true,
                                                        "Plans": [
                                                            {
                                                                "Node Type": "Merge Join",
                                                                "Parent Relationship": "Outer",
                                                                "Parallel Aware": false,
                                                                "Join Type": "Inner",
                                                                "Startup Cost": 20000016375.15,
                                                                "Total Cost": 20000159200.09,
                                                                "Plan Rows": 105099,
                                                                "Plan Width": 4,
                                                                "Actual Startup Time": 42.479,
                                                                "Actual Total Time": 2116.607,
                                                                "Actual Rows": 542096,
                                                                "Actual Loops": 1,
                                                                "Output": [
                                                                    "mc.movie_id"
                                                                ],
                                                                "Inner Unique": false,
                                                                "Merge Cond": "(mc.company_id = cn.id)",
                                                                "Plans": [
                                                                    {
                                                                        "Node Type": "Index Scan",
                                                                        "Parent Relationship": "Outer",
                                                                        "Parallel Aware": false,
                                                                        "Scan Direction": "Forward",
                                                                        "Index Name": "company_id_movie_companies",
                                                                        "Relation Name": "movie_companies",
                                                                        "Schema": "public",
                                                                        "Alias": "mc",
                                                                        "Startup Cost": 10000000000.43,
                                                                        "Total Cost": 10000144061.85,
                                                                        "Plan Rows": 292973,
                                                                        "Plan Width": 8,
                                                                        "Actual Startup Time": 0.018,
                                                                        "Actual Total Time": 1881.199,
                                                                        "Actual Rows": 590994,
                                                                        "Actual Loops": 1,
                                                                        "Output": [
                                                                            "mc.id",
                                                                            "mc.movie_id",
                                                                            "mc.company_id",
                                                                            "mc.company_type_id",
                                                                            "mc.note"
                                                                        ],
                                                                        "Filter": "((mc.note IS NOT NULL) AND ((mc.note ~~ '%(USA)%'::text) OR (mc.note ~~ '%(worldwide)%'::text)))",
                                                                        "Rows Removed by Filter": 2018135
                                                                    },
                                                                    {
                                                                        "Node Type": "Sort",
                                                                        "Parent Relationship": "Inner",
                                                                        "Parallel Aware": false,
                                                                        "Startup Cost": 10000012829.66,
                                                                        "Total Cost": 10000013040.41,
                                                                        "Plan Rows": 84301,
                                                                        "Plan Width": 4,
                                                                        "Actual Startup Time": 42.456,
                                                                        "Actual Total Time": 103.72,
                                                                        "Actual Rows": 601952,
                                                                        "Actual Loops": 1,
                                                                        "Output": [
                                                                            "cn.id"
                                                                        ],
                                                                        "Sort Key": [
                                                                            "cn.id"
                                                                        ],
                                                                        "Sort Method": "quicksort",
                                                                        "Sort Space Used": 7050,
                                                                        "Sort Space Type": "Memory",
                                                                        "Plans": [
                                                                            {
                                                                                "Node Type": "Seq Scan",
                                                                                "Parent Relationship": "Outer",
                                                                                "Parallel Aware": false,
                                                                                "Relation Name": "company_name",
                                                                                "Schema": "public",
                                                                                "Alias": "cn",
                                                                                "Startup Cost": 10000000000.0,
                                                                                "Total Cost": 10000005932.46,
                                                                                "Plan Rows": 84301,
                                                                                "Plan Width": 4,
                                                                                "Actual Startup Time": 0.009,
                                                                                "Actual Total Time": 26.1,
                                                                                "Actual Rows": 84843,
                                                                                "Actual Loops": 1,
                                                                                "Output": [
                                                                                    "cn.id"
                                                                                ],
                                                                                "Filter": "((cn.country_code)::text = '[us]'::text)",
                                                                                "Rows Removed by Filter": 150154
                                                                            }
                                                                        ]
                                                                    }
                                                                ]
                                                            },
                                                            {
                                                                "Node Type": "Index Scan",
                                                                "Parent Relationship": "Inner",
                                                                "Parallel Aware": false,
                                                                "Scan Direction": "Forward",
                                                                "Index Name": "title_pkey",
                                                                "Relation Name": "title",
                                                                "Schema": "public",
                                                                "Alias": "t",
                                                                "Startup Cost": 0.43,
                                                                "Total Cost": 1.07,
                                                                "Plan Rows": 1,
                                                                "Plan Width": 21,
                                                                "Actual Startup Time": 0.003,
                                                                "Actual Total Time": 0.003,
                                                                "Actual Rows": 0,
                                                                "Actual Loops": 542096,
                                                                "Output": [
                                                                    "t.id",
                                                                    "t.title",
                                                                    "t.imdb_index",
                                                                    "t.kind_id",
                                                                    "t.production_year",
                                                                    "t.imdb_id",
                                                                    "t.phonetic_code",
                                                                    "t.episode_of_id",
                                                                    "t.season_nr",
                                                                    "t.episode_nr",
                                                                    "t.series_years",
                                                                    "t.md5sum"
                                                                ],
                                                                "Index Cond": "(t.id = mc.movie_id)",
                                                                "Rows Removed by Index Recheck": 0,
                                                                "Filter": "((t.production_year >= 1995) AND (t.production_year <= 2012))",
                                                                "Rows Removed by Filter": 1
                                                            }
                                                        ]
                                                    },
                                                    {
                                                        "Node Type": "Bitmap Heap Scan",
                                                        "Parent Relationship": "Inner",
                                                        "Parallel Aware": false,
                                                        "Relation Name": "movie_info",
                                                        "Schema": "public",
                                                        "Alias": "mi",
                                                        "Startup Cost": 0.87,
                                                        "Total Cost": 5.55,
                                                        "Plan Rows": 1,
                                                        "Plan Width": 8,
                                                        "Actual Startup Time": 0.013,
                                                        "Actual Total Time": 0.018,
                                                        "Actual Rows": 1,
                                                        "Actual Loops": 214487,
                                                        "Output": [
                                                            "mi.id",
                                                            "mi.movie_id",
                                                            "mi.info_type_id",
                                                            "mi.info",
                                                            "mi.note"
                                                        ],
                                                        "Recheck Cond": "(mi.movie_id = t.id)",
                                                        "Rows Removed by Index Recheck": 0,
                                                        "Filter": "((mi.info IS NOT NULL) AND ((mi.info ~~ 'Japan:%200%'::text) OR (mi.info ~~ 'USA:%200%'::text)))",
                                                        "Rows Removed by Filter": 24,
                                                        "Exact Heap Blocks": 1830958,
                                                        "Lossy Heap Blocks": 0,
                                                        "Plans": [
                                                            {
                                                                "Node Type": "Bitmap Index Scan",
                                                                "Parent Relationship": "Outer",
                                                                "Parallel Aware": false,
                                                                "Index Name": "movie_id_movie_info",
                                                                "Startup Cost": 0.0,
                                                                "Total Cost": 0.87,
                                                                "Plan Rows": 39,
                                                                "Plan Width": 0,
                                                                "Actual Startup Time": 0.004,
                                                                "Actual Total Time": 0.004,
                                                                "Actual Rows": 25,
                                                                "Actual Loops": 214487,
                                                                "Index Cond": "(mi.movie_id = t.id)"
                                                            }
                                                        ]
                                                    }
                                                ]
                                            }
                                        ]
                                    },
                                    {
                                        "Node Type": "Index Scan",
                                        "Parent Relationship": "Inner",
                                        "Parallel Aware": false,
                                        "Scan Direction": "Forward",
                                        "Index Name": "info_type_pkey",
                                        "Relation Name": "info_type",
                                        "Schema": "public",
                                        "Alias": "it",
                                        "Startup Cost": 10000000000.14,
                                        "Total Cost": 10000000014.12,
                                        "Plan Rows": 1,
                                        "Plan Width": 4,
                                        "Actual Startup Time": 0.016,
                                        "Actual Total Time": 0.016,
                                        "Actual Rows": 1,
                                        "Actual Loops": 1,
                                        "Output": [
                                            "it.id",
                                            "it.info"
                                        ],
                                        "Filter": "((it.info)::text = 'release dates'::text)",
                                        "Rows Removed by Filter": 15
                                    }
                                ]
                            }
                        ]
                    }
                ]
            }
        ]
    },
    "Planning Time": 24.723,
    "Triggers": [],
    "Execution Time": 11069.206
}