[
  {
    "Plan": {
      "Node Type": "Aggregate",
      "Strategy": "Plain",
      "Partial Mode": "Finalize",
      "Parallel Aware": false,
      "Startup Cost": 89973.19,
      "Total Cost": 89973.2,
      "Plan Rows": 1,
      "Plan Width": 8,
      "Actual Startup Time": 344.801,
      "Actual Total Time": 367.048,
      "Actual Rows": 1,
      "Actual Loops": 1,
      "Plans": [
        {
          "Node Type": "Gather",
          "Parent Relationship": "Outer",
          "Parallel Aware": false,
          "Startup Cost": 89972.87,
          "Total Cost": 89973.18,
          "Plan Rows": 3,
          "Plan Width": 8,
          "Actual Startup Time": 344.517,
          "Actual Total Time": 367.039,
          "Actual Rows": 4,
          "Actual Loops": 1,
          "Workers Planned": 3,
          "Workers Launched": 3,
          "Single Copy": false,
          "Plans": [
            {
              "Node Type": "Aggregate",
              "Strategy": "Plain",
              "Partial Mode": "Partial",
              "Parent Relationship": "Outer",
              "Parallel Aware": false,
              "Startup Cost": 88972.87,
              "Total Cost": 88972.88,
              "Plan Rows": 1,
              "Plan Width": 8,
              "Actual Startup Time": 335.327,
              "Actual Total Time": 335.331,
              "Actual Rows": 1,
              "Actual Loops": 4,
              "Plans": [
                {
                  "Node Type": "Nested Loop",
                  "Parent Relationship": "Outer",
                  "Parallel Aware": false,
                  "Join Type": "Inner",
                  "Startup Cost": 45550.34,
                  "Total Cost": 88939.13,
                  "Plan Rows": 13497,
                  "Plan Width": 0,
                  "Actual Startup Time": 99.237,
                  "Actual Total Time": 324.165,
                  "Actual Rows": 289516,
                  "Actual Loops": 4,
                  "Inner Unique": false,
                  "Join Filter": "(t.id = mk.movie_id)",
                  "Rows Removed by Join Filter": 0,
                  "Plans": [
                    {
                      "Node Type": "Hash Join",
                      "Parent Relationship": "Outer",
                      "Parallel Aware": true,
                      "Join Type": "Inner",
                      "Startup Cost": 45549.91,
                      "Total Cost": 74965.8,
                      "Plan Rows": 7543,
                      "Plan Width": 8,
                      "Actual Startup Time": 99.163,
                      "Actual Total Time": 211.767,
                      "Actual Rows": 10138,
                      "Actual Loops": 4,
                      "Inner Unique": true,
                      "Hash Cond": "(mc.movie_id = t.id)",
                      "Plans": [
                        {
                          "Node Type": "Seq Scan",
                          "Parent Relationship": "Outer",
                          "Parallel Aware": true,
                          "Relation Name": "movie_companies",
                          "Alias": "mc",
                          "Startup Cost": 0.0,
                          "Total Cost": 27206.55,
                          "Plan Rows": 841655,
                          "Plan Width": 4,
                          "Actual Startup Time": 0.016,
                          "Actual Total Time": 54.964,
                          "Actual Rows": 652282,
                          "Actual Loops": 4
                        },
                        {
                          "Node Type": "Hash",
                          "Parent Relationship": "Inner",
                          "Parallel Aware": true,
                          "Startup Cost": 45479.1,
                          "Total Cost": 45479.1,
                          "Plan Rows": 5665,
                          "Plan Width": 4,
                          "Actual Startup Time": 97.841,
                          "Actual Total Time": 97.842,
                          "Actual Rows": 4302,
                          "Actual Loops": 4,
                          "Hash Buckets": 32768,
                          "Original Hash Buckets": 32768,
                          "Hash Batches": 1,
                          "Original Hash Batches": 1,
                          "Peak Memory Usage": 960,
                          "Plans": [
                            {
                              "Node Type": "Seq Scan",
                              "Parent Relationship": "Outer",
                              "Parallel Aware": true,
                              "Relation Name": "title",
                              "Alias": "t",
                              "Startup Cost": 0.0,
                              "Total Cost": 45479.1,
                              "Plan Rows": 5665,
                              "Plan Width": 4,
                              "Actual Startup Time": 0.122,
                              "Actual Total Time": 95.696,
                              "Actual Rows": 4302,
                              "Actual Loops": 4,
                              "Filter": "((kind_id < 4) AND (production_year = 2003))",
                              "Rows Removed by Filter": 627776
                            }
                          ]
                        }
                      ]
                    },
                    {
                      "Node Type": "Index Only Scan",
                      "Parent Relationship": "Inner",
                      "Parallel Aware": false,
                      "Scan Direction": "Forward",
                      "Index Name": "movie_id_movie_keyword",
                      "Relation Name": "movie_keyword",
                      "Alias": "mk",
                      "Startup Cost": 0.43,
                      "Total Cost": 1.29,
                      "Plan Rows": 45,
                      "Plan Width": 4,
                      "Actual Startup Time": 0.005,
                      "Actual Total Time": 0.009,
                      "Actual Rows": 29,
                      "Actual Loops": 40550,
                      "Index Cond": "(movie_id = mc.movie_id)",
                      "Rows Removed by Index Recheck": 0,
                      "Heap Fetches": 1158064
                    }
                  ]
                }
              ]
            }
          ]
        }
      ]
    },
    "Planning Time": 1.444,
    "Triggers": [],
    "Execution Time": 367.134
  }
]