[
  {
    "Plan": {
      "Node Type": "Aggregate",
      "Strategy": "Plain",
      "Partial Mode": "Finalize",
      "Parallel Aware": false,
      "Startup Cost": 351468.75,
      "Total Cost": 351468.76,
      "Plan Rows": 1,
      "Plan Width": 8,
      "Actual Startup Time": 792.19,
      "Actual Total Time": 848.991,
      "Actual Rows": 1,
      "Actual Loops": 1,
      "Plans": [
        {
          "Node Type": "Gather",
          "Parent Relationship": "Outer",
          "Parallel Aware": false,
          "Startup Cost": 351468.13,
          "Total Cost": 351468.74,
          "Plan Rows": 6,
          "Plan Width": 8,
          "Actual Startup Time": 792.089,
          "Actual Total Time": 848.981,
          "Actual Rows": 7,
          "Actual Loops": 1,
          "Workers Planned": 6,
          "Workers Launched": 6,
          "Single Copy": false,
          "Plans": [
            {
              "Node Type": "Aggregate",
              "Strategy": "Plain",
              "Partial Mode": "Partial",
              "Parent Relationship": "Outer",
              "Parallel Aware": false,
              "Startup Cost": 350468.13,
              "Total Cost": 350468.14,
              "Plan Rows": 1,
              "Plan Width": 8,
              "Actual Startup Time": 783.911,
              "Actual Total Time": 783.912,
              "Actual Rows": 1,
              "Actual Loops": 7,
              "Plans": [
                {
                  "Node Type": "Seq Scan",
                  "Parent Relationship": "Outer",
                  "Parallel Aware": true,
                  "Relation Name": "cast_info",
                  "Alias": "ci",
                  "Startup Cost": 0.0,
                  "Total Cost": 343257.03,
                  "Plan Rows": 2884440,
                  "Plan Width": 0,
                  "Actual Startup Time": 209.921,
                  "Actual Total Time": 661.691,
                  "Actual Rows": 2971078,
                  "Actual Loops": 7,
                  "Filter": "((person_id > 974418) AND (role_id > 1))",
                  "Rows Removed by Filter": 2206686
                }
              ]
            }
          ]
        }
      ]
    },
    "Planning Time": 0.147,
    "Triggers": [],
    "Execution Time": 849.046
  }
]