[
  {
    "Plan": {
      "Node Type": "Aggregate",
      "Strategy": "Plain",
      "Partial Mode": "Finalize",
      "Parallel Aware": false,
      "Startup Cost": 32043.65,
      "Total Cost": 32043.66,
      "Plan Rows": 1,
      "Plan Width": 8,
      "Actual Startup Time": 108.284,
      "Actual Total Time": 116.347,
      "Actual Rows": 1,
      "Actual Loops": 1,
      "Plans": [
        {
          "Node Type": "Gather",
          "Parent Relationship": "Outer",
          "Parallel Aware": false,
          "Startup Cost": 32043.33,
          "Total Cost": 32043.64,
          "Plan Rows": 3,
          "Plan Width": 8,
          "Actual Startup Time": 108.165,
          "Actual Total Time": 116.341,
          "Actual Rows": 4,
          "Actual Loops": 1,
          "Workers Planned": 3,
          "Workers Launched": 3,
          "Single Copy": false,
          "Plans": [
            {
              "Node Type": "Aggregate",
              "Strategy": "Plain",
              "Partial Mode": "Partial",
              "Parent Relationship": "Outer",
              "Parallel Aware": false,
              "Startup Cost": 31043.33,
              "Total Cost": 31043.34,
              "Plan Rows": 1,
              "Plan Width": 8,
              "Actual Startup Time": 102.92,
              "Actual Total Time": 102.921,
              "Actual Rows": 1,
              "Actual Loops": 4,
              "Plans": [
                {
                  "Node Type": "Seq Scan",
                  "Parent Relationship": "Outer",
                  "Parallel Aware": true,
                  "Relation Name": "movie_companies",
                  "Alias": "mc",
                  "Startup Cost": 0.0,
                  "Total Cost": 29310.68,
                  "Plan Rows": 693059,
                  "Plan Width": 0,
                  "Actual Startup Time": 0.133,
                  "Actual Total Time": 79.014,
                  "Actual Rows": 538481,
                  "Actual Loops": 4,
                  "Filter": "(company_id > 384)",
                  "Rows Removed by Filter": 113801
                }
              ]
            }
          ]
        }
      ]
    },
    "Planning Time": 0.145,
    "Triggers": [],
    "Execution Time": 116.392
  }
]