[
  {
    "Plan": {
      "Node Type": "Aggregate",
      "Strategy": "Plain",
      "Partial Mode": "Finalize",
      "Parallel Aware": false,
      "Startup Cost": 341030.06,
      "Total Cost": 341030.07,
      "Plan Rows": 1,
      "Plan Width": 8,
      "Actual Startup Time": 938.493,
      "Actual Total Time": 989.815,
      "Actual Rows": 1,
      "Actual Loops": 1,
      "Plans": [
        {
          "Node Type": "Gather",
          "Parent Relationship": "Outer",
          "Parallel Aware": false,
          "Startup Cost": 341029.43,
          "Total Cost": 341030.04,
          "Plan Rows": 6,
          "Plan Width": 8,
          "Actual Startup Time": 938.279,
          "Actual Total Time": 989.806,
          "Actual Rows": 7,
          "Actual Loops": 1,
          "Workers Planned": 6,
          "Workers Launched": 6,
          "Single Copy": false,
          "Plans": [
            {
              "Node Type": "Aggregate",
              "Strategy": "Plain",
              "Partial Mode": "Partial",
              "Parent Relationship": "Outer",
              "Parallel Aware": false,
              "Startup Cost": 340029.43,
              "Total Cost": 340029.44,
              "Plan Rows": 1,
              "Plan Width": 8,
              "Actual Startup Time": 930.274,
              "Actual Total Time": 930.277,
              "Actual Rows": 1,
              "Actual Loops": 7,
              "Plans": [
                {
                  "Node Type": "Seq Scan",
                  "Parent Relationship": "Outer",
                  "Parallel Aware": true,
                  "Relation Name": "cast_info",
                  "Alias": "ci",
                  "Startup Cost": 0.0,
                  "Total Cost": 328211.39,
                  "Plan Rows": 4727216,
                  "Plan Width": 0,
                  "Actual Startup Time": 111.538,
                  "Actual Total Time": 732.27,
                  "Actual Rows": 4034900,
                  "Actual Loops": 7,
                  "Filter": "(person_id > 782164)",
                  "Rows Removed by Filter": 1142863
                }
              ]
            }
          ]
        }
      ]
    },
    "Planning Time": 0.097,
    "Triggers": [],
    "Execution Time": 989.871
  }
]