[
  {
    "Plan": {
      "Node Type": "Aggregate",
      "Strategy": "Plain",
      "Partial Mode": "Finalize",
      "Parallel Aware": false,
      "Startup Cost": 308687.7,
      "Total Cost": 308687.71,
      "Plan Rows": 1,
      "Plan Width": 8,
      "Actual Startup Time": 1013.174,
      "Actual Total Time": 1063.004,
      "Actual Rows": 1,
      "Actual Loops": 1,
      "Plans": [
        {
          "Node Type": "Gather",
          "Parent Relationship": "Outer",
          "Parallel Aware": false,
          "Startup Cost": 308687.18,
          "Total Cost": 308687.69,
          "Plan Rows": 5,
          "Plan Width": 8,
          "Actual Startup Time": 1006.114,
          "Actual Total Time": 1062.995,
          "Actual Rows": 6,
          "Actual Loops": 1,
          "Workers Planned": 5,
          "Workers Launched": 5,
          "Single Copy": false,
          "Plans": [
            {
              "Node Type": "Aggregate",
              "Strategy": "Plain",
              "Partial Mode": "Partial",
              "Parent Relationship": "Outer",
              "Parallel Aware": false,
              "Startup Cost": 307687.18,
              "Total Cost": 307687.19,
              "Plan Rows": 1,
              "Plan Width": 8,
              "Actual Startup Time": 994.709,
              "Actual Total Time": 994.714,
              "Actual Rows": 1,
              "Actual Loops": 6,
              "Plans": [
                {
                  "Node Type": "Hash Join",
                  "Parent Relationship": "Outer",
                  "Parallel Aware": true,
                  "Join Type": "Inner",
                  "Startup Cost": 98106.28,
                  "Total Cost": 306152.53,
                  "Plan Rows": 613858,
                  "Plan Width": 0,
                  "Actual Startup Time": 378.619,
                  "Actual Total Time": 964.975,
                  "Actual Rows": 675621,
                  "Actual Loops": 6,
                  "Inner Unique": false,
                  "Hash Cond": "(mi.movie_id = t.id)",
                  "Plans": [
                    {
                      "Node Type": "Seq Scan",
                      "Parent Relationship": "Outer",
                      "Parallel Aware": true,
                      "Relation Name": "movie_info",
                      "Alias": "mi",
                      "Startup Cost": 0.0,
                      "Total Cost": 198952.16,
                      "Plan Rows": 1897040,
                      "Plan Width": 4,
                      "Actual Startup Time": 0.034,
                      "Actual Total Time": 332.012,
                      "Actual Rows": 1594192,
                      "Actual Loops": 6,
                      "Filter": "(info_type_id < 16)",
                      "Rows Removed by Filter": 878428
                    },
                    {
                      "Node Type": "Hash",
                      "Parent Relationship": "Inner",
                      "Parallel Aware": true,
                      "Startup Cost": 94807.39,
                      "Total Cost": 94807.39,
                      "Plan Rows": 263911,
                      "Plan Width": 8,
                      "Actual Startup Time": 374.348,
                      "Actual Total Time": 374.352,
                      "Actual Rows": 72626,
                      "Actual Loops": 6,
                      "Hash Buckets": 1048576,
                      "Original Hash Buckets": 1048576,
                      "Hash Batches": 1,
                      "Original Hash Batches": 1,
                      "Peak Memory Usage": 25344,
                      "Plans": [
                        {
                          "Node Type": "Hash Join",
                          "Parent Relationship": "Outer",
                          "Parallel Aware": true,
                          "Join Type": "Inner",
                          "Startup Cost": 51145.85,
                          "Total Cost": 94807.39,
                          "Plan Rows": 263911,
                          "Plan Width": 8,
                          "Actual Startup Time": 228.807,
                          "Actual Total Time": 344.294,
                          "Actual Rows": 72626,
                          "Actual Loops": 6,
                          "Inner Unique": true,
                          "Hash Cond": "(mk.movie_id = t.id)",
                          "Plans": [
                            {
                              "Node Type": "Seq Scan",
                              "Parent Relationship": "Outer",
                              "Parallel Aware": true,
                              "Relation Name": "movie_keyword",
                              "Alias": "mk",
                              "Startup Cost": 0.0,
                              "Total Cost": 42695.65,
                              "Plan Rows": 367959,
                              "Plan Width": 4,
                              "Actual Startup Time": 0.031,
                              "Actual Total Time": 70.263,
                              "Actual Rows": 192298,
                              "Actual Loops": 6,
                              "Filter": "(keyword_id < 1332)",
                              "Rows Removed by Filter": 561690
                            },
                            {
                              "Node Type": "Hash",
                              "Parent Relationship": "Inner",
                              "Parallel Aware": true,
                              "Startup Cost": 45479.1,
                              "Total Cost": 45479.1,
                              "Plan Rows": 453340,
                              "Plan Width": 4,
                              "Actual Startup Time": 225.451,
                              "Actual Total Time": 225.452,
                              "Actual Rows": 299984,
                              "Actual Loops": 6,
                              "Hash Buckets": 2097152,
                              "Original Hash Buckets": 2097152,
                              "Hash Batches": 1,
                              "Original Hash Batches": 1,
                              "Peak Memory Usage": 86880,
                              "Plans": [
                                {
                                  "Node Type": "Seq Scan",
                                  "Parent Relationship": "Outer",
                                  "Parallel Aware": true,
                                  "Relation Name": "title",
                                  "Alias": "t",
                                  "Startup Cost": 0.0,
                                  "Total Cost": 45479.1,
                                  "Plan Rows": 453340,
                                  "Plan Width": 4,
                                  "Actual Startup Time": 0.051,
                                  "Actual Total Time": 90.602,
                                  "Actual Rows": 299984,
                                  "Actual Loops": 6,
                                  "Filter": "((kind_id > 1) AND (production_year > 0))",
                                  "Rows Removed by Filter": 121401
                                }
                              ]
                            }
                          ]
                        }
                      ]
                    }
                  ]
                }
              ]
            }
          ]
        }
      ]
    },
    "Planning Time": 1.362,
    "Triggers": [],
    "Execution Time": 1063.098
  }
]