[
  {
    "Plan": {
      "Node Type": "Aggregate",
      "Strategy": "Plain",
      "Partial Mode": "Finalize",
      "Parallel Aware": false,
      "Startup Cost": 20905.29,
      "Total Cost": 20905.3,
      "Plan Rows": 1,
      "Plan Width": 8,
      "Actual Startup Time": 37.081,
      "Actual Total Time": 41.155,
      "Actual Rows": 1,
      "Actual Loops": 1,
      "Plans": [
        {
          "Node Type": "Gather",
          "Parent Relationship": "Outer",
          "Parallel Aware": false,
          "Startup Cost": 20905.07,
          "Total Cost": 20905.28,
          "Plan Rows": 2,
          "Plan Width": 8,
          "Actual Startup Time": 36.768,
          "Actual Total Time": 41.147,
          "Actual Rows": 3,
          "Actual Loops": 1,
          "Workers Planned": 2,
          "Workers Launched": 2,
          "Single Copy": false,
          "Plans": [
            {
              "Node Type": "Aggregate",
              "Strategy": "Plain",
              "Partial Mode": "Partial",
              "Parent Relationship": "Outer",
              "Parallel Aware": false,
              "Startup Cost": 19905.07,
              "Total Cost": 19905.08,
              "Plan Rows": 1,
              "Plan Width": 8,
              "Actual Startup Time": 28.434,
              "Actual Total Time": 28.436,
              "Actual Rows": 1,
              "Actual Loops": 3,
              "Plans": [
                {
                  "Node Type": "Nested Loop",
                  "Parent Relationship": "Outer",
                  "Parallel Aware": false,
                  "Join Type": "Inner",
                  "Startup Cost": 112.4,
                  "Total Cost": 19904.85,
                  "Plan Rows": 90,
                  "Plan Width": 0,
                  "Actual Startup Time": 2.259,
                  "Actual Total Time": 28.377,
                  "Actual Rows": 439,
                  "Actual Loops": 3,
                  "Inner Unique": false,
                  "Plans": [
                    {
                      "Node Type": "Nested Loop",
                      "Parent Relationship": "Outer",
                      "Parallel Aware": false,
                      "Join Type": "Inner",
                      "Startup Cost": 111.97,
                      "Total Cost": 19744.48,
                      "Plan Rows": 50,
                      "Plan Width": 8,
                      "Actual Startup Time": 2.032,
                      "Actual Total Time": 26.665,
                      "Actual Rows": 95,
                      "Actual Loops": 3,
                      "Inner Unique": true,
                      "Plans": [
                        {
                          "Node Type": "Bitmap Heap Scan",
                          "Parent Relationship": "Outer",
                          "Parallel Aware": true,
                          "Relation Name": "movie_companies",
                          "Alias": "mc",
                          "Startup Cost": 111.54,
                          "Total Cost": 11563.97,
                          "Plan Rows": 1045,
                          "Plan Width": 4,
                          "Actual Startup Time": 1.48,
                          "Actual Total Time": 6.392,
                          "Actual Rows": 1863,
                          "Actual Loops": 3,
                          "Recheck Cond": "(company_id = 93)",
                          "Rows Removed by Index Recheck": 0,
                          "Filter": "(company_type_id = 1)",
                          "Rows Removed by Filter": 159,
                          "Exact Heap Blocks": 1743,
                          "Lossy Heap Blocks": 0,
                          "Plans": [
                            {
                              "Node Type": "Bitmap Index Scan",
                              "Parent Relationship": "Outer",
                              "Parallel Aware": false,
                              "Index Name": "company_id_movie_companies",
                              "Startup Cost": 0.0,
                              "Total Cost": 110.91,
                              "Plan Rows": 5131,
                              "Plan Width": 0,
                              "Actual Startup Time": 3.185,
                              "Actual Total Time": 3.186,
                              "Actual Rows": 6067,
                              "Actual Loops": 1,
                              "Index Cond": "(company_id = 93)"
                            }
                          ]
                        },
                        {
                          "Node Type": "Index Scan",
                          "Parent Relationship": "Inner",
                          "Parallel Aware": false,
                          "Scan Direction": "Forward",
                          "Index Name": "title_pkey",
                          "Relation Name": "title",
                          "Alias": "t",
                          "Startup Cost": 0.43,
                          "Total Cost": 7.83,
                          "Plan Rows": 1,
                          "Plan Width": 4,
                          "Actual Startup Time": 0.01,
                          "Actual Total Time": 0.01,
                          "Actual Rows": 0,
                          "Actual Loops": 5589,
                          "Index Cond": "(id = mc.movie_id)",
                          "Rows Removed by Index Recheck": 0,
                          "Filter": "(production_year = 2007)",
                          "Rows Removed by Filter": 1
                        }
                      ]
                    },
                    {
                      "Node Type": "Index Only Scan",
                      "Parent Relationship": "Inner",
                      "Parallel Aware": false,
                      "Scan Direction": "Forward",
                      "Index Name": "movie_id_movie_keyword",
                      "Relation Name": "movie_keyword",
                      "Alias": "mk",
                      "Startup Cost": 0.43,
                      "Total Cost": 2.75,
                      "Plan Rows": 46,
                      "Plan Width": 4,
                      "Actual Startup Time": 0.015,
                      "Actual Total Time": 0.017,
                      "Actual Rows": 5,
                      "Actual Loops": 285,
                      "Index Cond": "(movie_id = t.id)",
                      "Rows Removed by Index Recheck": 0,
                      "Heap Fetches": 1316
                    }
                  ]
                }
              ]
            }
          ]
        }
      ]
    },
    "Planning Time": 1.443,
    "Triggers": [],
    "Execution Time": 41.355
  }
]