[
  {
    "Plan": {
      "Node Type": "Aggregate",
      "Strategy": "Plain",
      "Partial Mode": "Simple",
      "Parallel Aware": false,
      "Startup Cost": 428805.73,
      "Total Cost": 428805.74,
      "Plan Rows": 1,
      "Plan Width": 64,
      "Actual Startup Time": 2547.446,
      "Actual Total Time": 2547.452,
      "Actual Rows": 1,
      "Actual Loops": 1,
      "Output": [
        "min(mi.info)",
        "min(t.title)"
      ],
      "Plans": [
        {
          "Node Type": "Nested Loop",
          "Parent Relationship": "Outer",
          "Parallel Aware": false,
          "Join Type": "Inner",
          "Startup Cost": 1.71,
          "Total Cost": 428542.26,
          "Plan Rows": 52695,
          "Plan Width": 61,
          "Actual Startup Time": 738.124,
          "Actual Total Time": 2547.047,
          "Actual Rows": 2279,
          "Actual Loops": 1,
          "Output": [
            "mi.info",
            "t.title"
          ],
          "Inner Unique": false,
          "Plans": [
            {
              "Node Type": "Nested Loop",
              "Parent Relationship": "Outer",
              "Parallel Aware": false,
              "Join Type": "Inner",
              "Startup Cost": 1.28,
              "Total Cost": 425583.99,
              "Plan Rows": 1642,
              "Plan Width": 77,
              "Actual Startup Time": 737.969,
              "Actual Total Time": 2540.836,
              "Actual Rows": 350,
              "Actual Loops": 1,
              "Output": [
                "ak.movie_id",
                "mc.movie_id",
                "mi.info",
                "mi.movie_id",
                "t.title",
                "t.id"
              ],
              "Inner Unique": false,
              "Plans": [
                {
                  "Node Type": "Nested Loop",
                  "Parent Relationship": "Outer",
                  "Parallel Aware": false,
                  "Join Type": "Inner",
                  "Startup Cost": 0.85,
                  "Total Cost": 425385.35,
                  "Plan Rows": 306,
                  "Plan Width": 73,
                  "Actual Startup Time": 737.918,
                  "Actual Total Time": 2535.867,
                  "Actual Rows": 111,
                  "Actual Loops": 1,
                  "Output": [
                    "ak.movie_id",
                    "mi.info",
                    "mi.movie_id",
                    "t.title",
                    "t.id"
                  ],
                  "Inner Unique": false,
                  "Plans": [
                    {
                      "Node Type": "Nested Loop",
                      "Parent Relationship": "Outer",
                      "Parallel Aware": false,
                      "Join Type": "Inner",
                      "Startup Cost": 0.43,
                      "Total Cost": 425227.94,
                      "Plan Rows": 299,
                      "Plan Width": 69,
                      "Actual Startup Time": 735.498,
                      "Actual Total Time": 2515.833,
                      "Actual Rows": 1749,
                      "Actual Loops": 1,
                      "Output": [
                        "mi.info",
                        "mi.movie_id",
                        "t.title",
                        "t.id"
                      ],
                      "Inner Unique": true,
                      "Plans": [
                        {
                          "Node Type": "Seq Scan",
                          "Parent Relationship": "Outer",
                          "Parallel Aware": false,
                          "Relation Name": "movie_info",
                          "Schema": "public",
                          "Alias": "mi",
                          "Startup Cost": 0.0,
                          "Total Cost": 420707.14,
                          "Plan Rows": 544,
                          "Plan Width": 48,
                          "Actual Startup Time": 735.416,
                          "Actual Total Time": 2468.317,
                          "Actual Rows": 1783,
                          "Actual Loops": 1,
                          "Output": [
                            "mi.id",
                            "mi.movie_id",
                            "mi.info_type_id",
                            "mi.info",
                            "mi.note"
                          ],
                          "Filter": "((mi.info IS NOT NULL) AND (mi.note ~~ '%internet%'::text) AND ((mi.info ~~ 'USA:% 199%'::text) OR (mi.info ~~ 'USA:% 200%'::text)))",
                          "Rows Removed by Filter": 14833937
                        },
                        {
                          "Node Type": "Index Scan",
                          "Parent Relationship": "Inner",
                          "Parallel Aware": false,
                          "Scan Direction": "Forward",
                          "Index Name": "title_pkey",
                          "Relation Name": "title",
                          "Schema": "public",
                          "Alias": "t",
                          "Startup Cost": 0.43,
                          "Total Cost": 8.31,
                          "Plan Rows": 1,
                          "Plan Width": 21,
                          "Actual Startup Time": 0.025,
                          "Actual Total Time": 0.025,
                          "Actual Rows": 1,
                          "Actual Loops": 1783,
                          "Output": [
                            "t.id",
                            "t.title",
                            "t.imdb_index",
                            "t.kind_id",
                            "t.production_year",
                            "t.imdb_id",
                            "t.phonetic_code",
                            "t.episode_of_id",
                            "t.season_nr",
                            "t.episode_nr",
                            "t.series_years",
                            "t.md5sum"
                          ],
                          "Index Cond": "(t.id = mi.movie_id)",
                          "Rows Removed by Index Recheck": 0,
                          "Filter": "(t.production_year > 2000)",
                          "Rows Removed by Filter": 0
                        }
                      ]
                    },
                    {
                      "Node Type": "Index Only Scan",
                      "Parent Relationship": "Inner",
                      "Parallel Aware": false,
                      "Scan Direction": "Forward",
                      "Index Name": "movie_id_aka_title",
                      "Relation Name": "aka_title",
                      "Schema": "public",
                      "Alias": "ak",
                      "Startup Cost": 0.42,
                      "Total Cost": 0.5,
                      "Plan Rows": 3,
                      "Plan Width": 4,
                      "Actual Startup Time": 0.01,
                      "Actual Total Time": 0.011,
                      "Actual Rows": 0,
                      "Actual Loops": 1749,
                      "Output": [
                        "ak.movie_id"
                      ],
                      "Index Cond": "(ak.movie_id = t.id)",
                      "Rows Removed by Index Recheck": 0,
                      "Heap Fetches": 111
                    }
                  ]
                },
                {
                  "Node Type": "Index Only Scan",
                  "Parent Relationship": "Inner",
                  "Parallel Aware": false,
                  "Scan Direction": "Forward",
                  "Index Name": "movie_id_movie_companies",
                  "Relation Name": "movie_companies",
                  "Schema": "public",
                  "Alias": "mc",
                  "Startup Cost": 0.43,
                  "Total Cost": 0.6,
                  "Plan Rows": 5,
                  "Plan Width": 4,
                  "Actual Startup Time": 0.031,
                  "Actual Total Time": 0.043,
                  "Actual Rows": 3,
                  "Actual Loops": 111,
                  "Output": [
                    "mc.movie_id"
                  ],
                  "Index Cond": "(mc.movie_id = t.id)",
                  "Rows Removed by Index Recheck": 0,
                  "Heap Fetches": 350
                }
              ]
            },
            {
              "Node Type": "Index Only Scan",
              "Parent Relationship": "Inner",
              "Parallel Aware": false,
              "Scan Direction": "Forward",
              "Index Name": "movie_id_movie_keyword",
              "Relation Name": "movie_keyword",
              "Schema": "public",
              "Alias": "mk",
              "Startup Cost": 0.43,
              "Total Cost": 1.35,
              "Plan Rows": 45,
              "Plan Width": 4,
              "Actual Startup Time": 0.015,
              "Actual Total Time": 0.016,
              "Actual Rows": 7,
              "Actual Loops": 350,
              "Output": [
                "mk.movie_id"
              ],
              "Index Cond": "(mk.movie_id = t.id)",
              "Rows Removed by Index Recheck": 0,
              "Heap Fetches": 2279
            }
          ]
        }
      ]
    },
    "Planning Time": 11402.913,
    "Triggers": [],
    "Execution Time": 2547.875
  }
]