[
  {
    "Plan": {
      "Node Type": "Aggregate",
      "Strategy": "Plain",
      "Partial Mode": "Finalize",
      "Parallel Aware": false,
      "Startup Cost": 46048.84,
      "Total Cost": 46048.85,
      "Plan Rows": 1,
      "Plan Width": 8,
      "Actual Startup Time": 168.199,
      "Actual Total Time": 178.679,
      "Actual Rows": 1,
      "Actual Loops": 1,
      "Plans": [
        {
          "Node Type": "Gather",
          "Parent Relationship": "Outer",
          "Parallel Aware": false,
          "Startup Cost": 46048.53,
          "Total Cost": 46048.84,
          "Plan Rows": 3,
          "Plan Width": 8,
          "Actual Startup Time": 168.07,
          "Actual Total Time": 178.672,
          "Actual Rows": 4,
          "Actual Loops": 1,
          "Workers Planned": 3,
          "Workers Launched": 3,
          "Single Copy": false,
          "Plans": [
            {
              "Node Type": "Aggregate",
              "Strategy": "Plain",
              "Partial Mode": "Partial",
              "Parent Relationship": "Outer",
              "Parallel Aware": false,
              "Startup Cost": 45048.53,
              "Total Cost": 45048.54,
              "Plan Rows": 1,
              "Plan Width": 8,
              "Actual Startup Time": 161.269,
              "Actual Total Time": 161.27,
              "Actual Rows": 1,
              "Actual Loops": 4,
              "Plans": [
                {
                  "Node Type": "Seq Scan",
                  "Parent Relationship": "Outer",
                  "Parallel Aware": true,
                  "Relation Name": "movie_keyword",
                  "Alias": "mk",
                  "Startup Cost": 0.0,
                  "Total Cost": 42695.65,
                  "Plan Rows": 941149,
                  "Plan Width": 0,
                  "Actual Startup Time": 0.052,
                  "Actual Total Time": 126.056,
                  "Actual Rows": 728241,
                  "Actual Loops": 4,
                  "Filter": "(keyword_id < 9419)",
                  "Rows Removed by Filter": 402742
                }
              ]
            }
          ]
        }
      ]
    },
    "Planning Time": 0.157,
    "Triggers": [],
    "Execution Time": 178.727
  }
]