[
  {
    "Plan": {
      "Node Type": "Aggregate",
      "Strategy": "Plain",
      "Partial Mode": "Finalize",
      "Parallel Aware": false,
      "Startup Cost": 246153.55,
      "Total Cost": 246153.56,
      "Plan Rows": 1,
      "Plan Width": 8,
      "Actual Startup Time": 548.158,
      "Actual Total Time": 596.612,
      "Actual Rows": 1,
      "Actual Loops": 1,
      "Plans": [
        {
          "Node Type": "Gather",
          "Parent Relationship": "Outer",
          "Parallel Aware": false,
          "Startup Cost": 246153.03,
          "Total Cost": 246153.54,
          "Plan Rows": 5,
          "Plan Width": 8,
          "Actual Startup Time": 544.543,
          "Actual Total Time": 596.595,
          "Actual Rows": 6,
          "Actual Loops": 1,
          "Workers Planned": 5,
          "Workers Launched": 5,
          "Single Copy": false,
          "Plans": [
            {
              "Node Type": "Aggregate",
              "Strategy": "Plain",
              "Partial Mode": "Partial",
              "Parent Relationship": "Outer",
              "Parallel Aware": false,
              "Startup Cost": 245153.03,
              "Total Cost": 245153.04,
              "Plan Rows": 1,
              "Plan Width": 8,
              "Actual Startup Time": 533.887,
              "Actual Total Time": 533.893,
              "Actual Rows": 1,
              "Actual Loops": 6,
              "Plans": [
                {
                  "Node Type": "Hash Join",
                  "Parent Relationship": "Outer",
                  "Parallel Aware": true,
                  "Join Type": "Inner",
                  "Startup Cost": 44770.15,
                  "Total Cost": 245031.95,
                  "Plan Rows": 48433,
                  "Plan Width": 0,
                  "Actual Startup Time": 134.89,
                  "Actual Total Time": 530.774,
                  "Actual Rows": 54236,
                  "Actual Loops": 6,
                  "Inner Unique": true,
                  "Hash Cond": "(mi.movie_id = t.id)",
                  "Plans": [
                    {
                      "Node Type": "Seq Scan",
                      "Parent Relationship": "Outer",
                      "Parallel Aware": true,
                      "Relation Name": "movie_info",
                      "Alias": "mi",
                      "Startup Cost": 0.0,
                      "Total Cost": 199108.24,
                      "Plan Rows": 439450,
                      "Plan Width": 4,
                      "Actual Startup Time": 18.2,
                      "Actual Total Time": 348.854,
                      "Actual Rows": 372308,
                      "Actual Loops": 6,
                      "Filter": "(info_type_id > 16)",
                      "Rows Removed by Filter": 2100312
                    },
                    {
                      "Node Type": "Hash",
                      "Parent Relationship": "Inner",
                      "Parallel Aware": true,
                      "Startup Cost": 43899.32,
                      "Total Cost": 43899.32,
                      "Plan Rows": 69666,
                      "Plan Width": 4,
                      "Actual Startup Time": 113.781,
                      "Actual Total Time": 113.783,
                      "Actual Rows": 49412,
                      "Actual Loops": 6,
                      "Hash Buckets": 524288,
                      "Original Hash Buckets": 524288,
                      "Hash Batches": 1,
                      "Original Hash Batches": 1,
                      "Peak Memory Usage": 15776,
                      "Plans": [
                        {
                          "Node Type": "Seq Scan",
                          "Parent Relationship": "Outer",
                          "Parallel Aware": true,
                          "Relation Name": "title",
                          "Alias": "t",
                          "Startup Cost": 0.0,
                          "Total Cost": 43899.32,
                          "Plan Rows": 69666,
                          "Plan Width": 4,
                          "Actual Startup Time": 0.063,
                          "Actual Total Time": 89.351,
                          "Actual Rows": 49412,
                          "Actual Loops": 6,
                          "Filter": "(production_year < 1965)",
                          "Rows Removed by Filter": 371974
                        }
                      ]
                    }
                  ]
                }
              ]
            }
          ]
        }
      ]
    },
    "Planning Time": 0.643,
    "Triggers": [],
    "Execution Time": 596.689
  }
]