{
  "Plan": {
    "Node Type": "Aggregate",
    "Strategy": "Plain",
    "Partial Mode": "Simple",
    "Parallel Aware": false,
    "Startup Cost": 3820.17,
    "Total Cost": 3820.18,
    "Plan Rows": 1,
    "Plan Width": 96,
    "Actual Startup Time": 2298.24,
    "Actual Total Time": 2298.25,
    "Actual Rows": 1,
    "Actual Loops": 1,
    "Plans": [
      {
        "Node Type": "Nested Loop",
        "Parent Relationship": "Outer",
        "Parallel Aware": false,
        "Join Type": "Inner",
        "Startup Cost": 15.51,
        "Total Cost": 3820.15,
        "Plan Rows": 2,
        "Plan Width": 48,
        "Actual Startup Time": 224.84,
        "Actual Total Time": 2296.922,
        "Actual Rows": 9526,
        "Actual Loops": 1,
        "Inner Unique": false,
        "Join Filter": "(ci.person_id = an.person_id)",
        "Rows Removed by Join Filter": 0,
        "Plans": [
          {
            "Node Type": "Nested Loop",
            "Parent Relationship": "Outer",
            "Parallel Aware": false,
            "Join Type": "Inner",
            "Startup Cost": 15.09,
            "Total Cost": 3819.65,
            "Plan Rows": 1,
            "Plan Width": 60,
            "Actual Startup Time": 224.829,
            "Actual Total Time": 2290.253,
            "Actual Rows": 1988,
            "Actual Loops": 1,
            "Inner Unique": true,
            "Plans": [
              {
                "Node Type": "Nested Loop",
                "Parent Relationship": "Outer",
                "Parallel Aware": false,
                "Join Type": "Inner",
                "Startup Cost": 14.66,
                "Total Cost": 3818.98,
                "Plan Rows": 1,
                "Plan Width": 48,
                "Actual Startup Time": 224.817,
                "Actual Total Time": 2286.301,
                "Actual Rows": 1988,
                "Actual Loops": 1,
                "Inner Unique": true,
                "Plans": [
                  {
                    "Node Type": "Nested Loop",
                    "Parent Relationship": "Outer",
                    "Parallel Aware": false,
                    "Join Type": "Inner",
                    "Startup Cost": 14.51,
                    "Total Cost": 3818.8,
                    "Plan Rows": 1,
                    "Plan Width": 52,
                    "Actual Startup Time": 224.21,
                    "Actual Total Time": 2277.318,
                    "Actual Rows": 9648,
                    "Actual Loops": 1,
                    "Inner Unique": true,
                    "Plans": [
                      {
                        "Node Type": "Nested Loop",
                        "Parent Relationship": "Outer",
                        "Parallel Aware": false,
                        "Join Type": "Inner",
                        "Startup Cost": 14.09,
                        "Total Cost": 3818.35,
                        "Plan Rows": 1,
                        "Plan Width": 56,
                        "Actual Startup Time": 168.069,
                        "Actual Total Time": 2182.69,
                        "Actual Rows": 49533,
                        "Actual Loops": 1,
                        "Inner Unique": true,
                        "Plans": [
                          {
                            "Node Type": "Nested Loop",
                            "Parent Relationship": "Outer",
                            "Parallel Aware": false,
                            "Join Type": "Inner",
                            "Startup Cost": 13.96,
                            "Total Cost": 3818.18,
                            "Plan Rows": 1,
                            "Plan Width": 60,
                            "Actual Startup Time": 168.063,
                            "Actual Total Time": 2093.021,
                            "Actual Rows": 49533,
                            "Actual Loops": 1,
                            "Inner Unique": true,
                            "Join Filter": "(mi.info_type_id = it.id)",
                            "Rows Removed by Join Filter": 0,
                            "Plans": [
                              {
                                "Node Type": "Nested Loop",
                                "Parent Relationship": "Outer",
                                "Parallel Aware": false,
                                "Join Type": "Inner",
                                "Startup Cost": 13.96,
                                "Total Cost": 3815.75,
                                "Plan Rows": 1,
                                "Plan Width": 64,
                                "Actual Startup Time": 168.053,
                                "Actual Total Time": 1868.191,
                                "Actual Rows": 49533,
                                "Actual Loops": 1,
                                "Inner Unique": false,
                                "Join Filter": "(t.id = mi.movie_id)",
                                "Rows Removed by Join Filter": 0,
                                "Plans": [
                                  {
                                    "Node Type": "Nested Loop",
                                    "Parent Relationship": "Outer",
                                    "Parallel Aware": false,
                                    "Join Type": "Inner",
                                    "Startup Cost": 13.52,
                                    "Total Cost": 3814.23,
                                    "Plan Rows": 1,
                                    "Plan Width": 80,
                                    "Actual Startup Time": 168.021,
                                    "Actual Total Time": 868.033,
                                    "Actual Rows": 17455,
                                    "Actual Loops": 1,
                                    "Inner Unique": true,
                                    "Join Filter": "(ci.person_id = n.id)",
                                    "Rows Removed by Join Filter": 0,
                                    "Plans": [
                                      {
                                        "Node Type": "Nested Loop",
                                        "Parent Relationship": "Outer",
                                        "Parallel Aware": false,
                                        "Join Type": "Inner",
                                        "Startup Cost": 13.09,
                                        "Total Cost": 3800.78,
                                        "Plan Rows": 24,
                                        "Plan Width": 61,
                                        "Actual Startup Time": 3.078,
                                        "Actual Total Time": 209.153,
                                        "Actual Rows": 494369,
                                        "Actual Loops": 1,
                                        "Inner Unique": false,
                                        "Plans": [
                                          {
                                            "Node Type": "Nested Loop",
                                            "Parent Relationship": "Outer",
                                            "Parallel Aware": false,
                                            "Join Type": "Inner",
                                            "Startup Cost": 12.66,
                                            "Total Cost": 3799.39,
                                            "Plan Rows": 1,
                                            "Plan Width": 53,
                                            "Actual Startup Time": 3.048,
                                            "Actual Total Time": 61.316,
                                            "Actual Rows": 14866,
                                            "Actual Loops": 1,
                                            "Inner Unique": false,
                                            "Join Filter": "(t.id = ci.movie_id)",
                                            "Rows Removed by Join Filter": 0,
                                            "Plans": [
                                              {
                                                "Node Type": "Nested Loop",
                                                "Parent Relationship": "Outer",
                                                "Parallel Aware": false,
                                                "Join Type": "Inner",
                                                "Startup Cost": 12.1,
                                                "Total Cost": 3797.71,
                                                "Plan Rows": 1,
                                                "Plan Width": 37,
                                                "Actual Startup Time": 2.95,
                                                "Actual Total Time": 15.639,
                                                "Actual Rows": 449,
                                                "Actual Loops": 1,
                                                "Inner Unique": false,
                                                "Join Filter": "(t.id = mc.movie_id)",
                                                "Rows Removed by Join Filter": 0,
                                                "Plans": [
                                                  {
                                                    "Node Type": "Nested Loop",
                                                    "Parent Relationship": "Outer",
                                                    "Parallel Aware": false,
                                                    "Join Type": "Inner",
                                                    "Startup Cost": 11.67,
                                                    "Total Cost": 3797.11,
                                                    "Plan Rows": 1,
                                                    "Plan Width": 29,
                                                    "Actual Startup Time": 2.919,
                                                    "Actual Total Time": 15.123,
                                                    "Actual Rows": 19,
                                                    "Actual Loops": 1,
                                                    "Inner Unique": true,
                                                    "Join Filter": "(cc.status_id = cct2.id)",
                                                    "Rows Removed by Join Filter": 40,
                                                    "Plans": [
                                                      {
                                                        "Node Type": "Nested Loop",
                                                        "Parent Relationship": "Outer",
                                                        "Parallel Aware": false,
                                                        "Join Type": "Inner",
                                                        "Startup Cost": 11.67,
                                                        "Total Cost": 3796.04,
                                                        "Plan Rows": 1,
                                                        "Plan Width": 33,
                                                        "Actual Startup Time": 1.936,
                                                        "Actual Total Time": 14.929,
                                                        "Actual Rows": 59,
                                                        "Actual Loops": 1,
                                                        "Inner Unique": true,
                                                        "Join Filter": "(cc.subject_id = cct1.id)",
                                                        "Rows Removed by Join Filter": 8,
                                                        "Plans": [
                                                          {
                                                            "Node Type": "Nested Loop",
                                                            "Parent Relationship": "Outer",
                                                            "Parallel Aware": false,
                                                            "Join Type": "Inner",
                                                            "Startup Cost": 11.67,
                                                            "Total Cost": 3794.98,
                                                            "Plan Rows": 1,
                                                            "Plan Width": 37,
                                                            "Actual Startup Time": 1.916,
                                                            "Actual Total Time": 14.648,
                                                            "Actual Rows": 67,
                                                            "Actual Loops": 1,
                                                            "Inner Unique": false,
                                                            "Plans": [
                                                              {
                                                                "Node Type": "Nested Loop",
                                                                "Parent Relationship": "Outer",
                                                                "Parallel Aware": false,
                                                                "Join Type": "Inner",
                                                                "Startup Cost": 11.25,
                                                                "Total Cost": 3785.42,
                                                                "Plan Rows": 20,
                                                                "Plan Width": 25,
                                                                "Actual Startup Time": 0.428,
                                                                "Actual Total Time": 13.294,
                                                                "Actual Rows": 294,
                                                                "Actual Loops": 1,
                                                                "Inner Unique": true,
                                                                "Plans": [
                                                                  {
                                                                    "Node Type": "Nested Loop",
                                                                    "Parent Relationship": "Outer",
                                                                    "Parallel Aware": false,
                                                                    "Join Type": "Inner",
                                                                    "Startup Cost": 10.82,
                                                                    "Total Cost": 3768.68,
                                                                    "Plan Rows": 34,
                                                                    "Plan Width": 4,
                                                                    "Actual Startup Time": 0.401,
                                                                    "Actual Total Time": 10.449,
                                                                    "Actual Rows": 414,
                                                                    "Actual Loops": 1,
                                                                    "Inner Unique": false,
                                                                    "Plans": [
                                                                      {
                                                                        "Node Type": "Seq Scan",
                                                                        "Parent Relationship": "Outer",
                                                                        "Parallel Aware": false,
                                                                        "Relation Name": "keyword",
                                                                        "Alias": "k",
                                                                        "Startup Cost": 0.0,
                                                                        "Total Cost": 2626.12,
                                                                        "Plan Rows": 1,
                                                                        "Plan Width": 4,
                                                                        "Actual Startup Time": 0.107,
                                                                        "Actual Total Time": 9.139,
                                                                        "Actual Rows": 1,
                                                                        "Actual Loops": 1,
                                                                        "Filter": "(keyword = 'computer-animation'::text)",
                                                                        "Rows Removed by Filter": 134169
                                                                      },
                                                                      {
                                                                        "Node Type": "Bitmap Heap Scan",
                                                                        "Parent Relationship": "Inner",
                                                                        "Parallel Aware": false,
                                                                        "Relation Name": "movie_keyword",
                                                                        "Alias": "mk",
                                                                        "Startup Cost": 10.82,
                                                                        "Total Cost": 1139.48,
                                                                        "Plan Rows": 308,
                                                                        "Plan Width": 8,
                                                                        "Actual Startup Time": 0.281,
                                                                        "Actual Total Time": 1.224,
                                                                        "Actual Rows": 414,
                                                                        "Actual Loops": 1,
                                                                        "Recheck Cond": "(keyword_id = k.id)",
                                                                        "Rows Removed by Index Recheck": 0,
                                                                        "Exact Heap Blocks": 358,
                                                                        "Lossy Heap Blocks": 0,
                                                                        "Plans": [
                                                                          {
                                                                            "Node Type": "Bitmap Index Scan",
                                                                            "Parent Relationship": "Outer",
                                                                            "Parallel Aware": false,
                                                                            "Index Name": "keyword_id_movie_keyword",
                                                                            "Startup Cost": 0.0,
                                                                            "Total Cost": 10.74,
                                                                            "Plan Rows": 308,
                                                                            "Plan Width": 0,
                                                                            "Actual Startup Time": 0.155,
                                                                            "Actual Total Time": 0.155,
                                                                            "Actual Rows": 414,
                                                                            "Actual Loops": 1,
                                                                            "Index Cond": "(keyword_id = k.id)"
                                                                          }
                                                                        ]
                                                                      }
                                                                    ]
                                                                  },
                                                                  {
                                                                    "Node Type": "Index Scan",
                                                                    "Parent Relationship": "Inner",
                                                                    "Parallel Aware": false,
                                                                    "Scan Direction": "Forward",
                                                                    "Index Name": "title_pkey",
                                                                    "Relation Name": "title",
                                                                    "Alias": "t",
                                                                    "Startup Cost": 0.43,
                                                                    "Total Cost": 0.49,
                                                                    "Plan Rows": 1,
                                                                    "Plan Width": 21,
                                                                    "Actual Startup Time": 0.006,
                                                                    "Actual Total Time": 0.006,
                                                                    "Actual Rows": 1,
                                                                    "Actual Loops": 414,
                                                                    "Index Cond": "(id = mk.movie_id)",
                                                                    "Rows Removed by Index Recheck": 0,
                                                                    "Filter": "((production_year >= 1999) AND (production_year <= 2013))",
                                                                    "Rows Removed by Filter": 0
                                                                  }
                                                                ]
                                                              },
                                                              {
                                                                "Node Type": "Index Scan",
                                                                "Parent Relationship": "Inner",
                                                                "Parallel Aware": false,
                                                                "Scan Direction": "Forward",
                                                                "Index Name": "movie_id_complete_cast",
                                                                "Relation Name": "complete_cast",
                                                                "Alias": "cc",
                                                                "Startup Cost": 0.42,
                                                                "Total Cost": 0.46,
                                                                "Plan Rows": 2,
                                                                "Plan Width": 12,
                                                                "Actual Startup Time": 0.004,
                                                                "Actual Total Time": 0.004,
                                                                "Actual Rows": 0,
                                                                "Actual Loops": 294,
                                                                "Index Cond": "(movie_id = t.id)",
                                                                "Rows Removed by Index Recheck": 0
                                                              }
                                                            ]
                                                          },
                                                          {
                                                            "Node Type": "Seq Scan",
                                                            "Parent Relationship": "Inner",
                                                            "Parallel Aware": false,
                                                            "Relation Name": "comp_cast_type",
                                                            "Alias": "cct1",
                                                            "Startup Cost": 0.0,
                                                            "Total Cost": 1.05,
                                                            "Plan Rows": 1,
                                                            "Plan Width": 4,
                                                            "Actual Startup Time": 0.002,
                                                            "Actual Total Time": 0.002,
                                                            "Actual Rows": 1,
                                                            "Actual Loops": 67,
                                                            "Filter": "((kind)::text = 'cast'::text)",
                                                            "Rows Removed by Filter": 0
                                                          }
                                                        ]
                                                      },
                                                      {
                                                        "Node Type": "Seq Scan",
                                                        "Parent Relationship": "Inner",
                                                        "Parallel Aware": false,
                                                        "Relation Name": "comp_cast_type",
                                                        "Alias": "cct2",
                                                        "Startup Cost": 0.0,
                                                        "Total Cost": 1.05,
                                                        "Plan Rows": 1,
                                                        "Plan Width": 4,
                                                        "Actual Startup Time": 0.001,
                                                        "Actual Total Time": 0.002,
                                                        "Actual Rows": 1,
                                                        "Actual Loops": 59,
                                                        "Filter": "((kind)::text = 'complete+verified'::text)",
                                                        "Rows Removed by Filter": 3
                                                      }
                                                    ]
                                                  },
                                                  {
                                                    "Node Type": "Index Scan",
                                                    "Parent Relationship": "Inner",
                                                    "Parallel Aware": false,
                                                    "Scan Direction": "Forward",
                                                    "Index Name": "movie_id_movie_companies",
                                                    "Relation Name": "movie_companies",
                                                    "Alias": "mc",
                                                    "Startup Cost": 0.43,
                                                    "Total Cost": 0.54,
                                                    "Plan Rows": 5,
                                                    "Plan Width": 8,
                                                    "Actual Startup Time": 0.009,
                                                    "Actual Total Time": 0.02,
                                                    "Actual Rows": 24,
                                                    "Actual Loops": 19,
                                                    "Index Cond": "(movie_id = mk.movie_id)",
                                                    "Rows Removed by Index Recheck": 0
                                                  }
                                                ]
                                              },
                                              {
                                                "Node Type": "Index Scan",
                                                "Parent Relationship": "Inner",
                                                "Parallel Aware": false,
                                                "Scan Direction": "Forward",
                                                "Index Name": "movie_id_cast_info",
                                                "Relation Name": "cast_info",
                                                "Alias": "ci",
                                                "Startup Cost": 0.56,
                                                "Total Cost": 1.67,
                                                "Plan Rows": 1,
                                                "Plan Width": 16,
                                                "Actual Startup Time": 0.009,
                                                "Actual Total Time": 0.097,
                                                "Actual Rows": 33,
                                                "Actual Loops": 449,
                                                "Index Cond": "(movie_id = mk.movie_id)",
                                                "Rows Removed by Index Recheck": 0,
                                                "Filter": "(note = ANY ('{(voice),\"(voice: Japanese version)\",\"(voice) (uncredited)\",\"(voice: English version)\"}'::text[]))",
                                                "Rows Removed by Filter": 137
                                              }
                                            ]
                                          },
                                          {
                                            "Node Type": "Index Scan",
                                            "Parent Relationship": "Inner",
                                            "Parallel Aware": false,
                                            "Scan Direction": "Forward",
                                            "Index Name": "person_id_person_info",
                                            "Relation Name": "person_info",
                                            "Alias": "pi",
                                            "Startup Cost": 0.43,
                                            "Total Cost": 1.15,
                                            "Plan Rows": 24,
                                            "Plan Width": 8,
                                            "Actual Startup Time": 0.002,
                                            "Actual Total Time": 0.006,
                                            "Actual Rows": 33,
                                            "Actual Loops": 14866,
                                            "Index Cond": "(person_id = ci.person_id)",
                                            "Rows Removed by Index Recheck": 0
                                          }
                                        ]
                                      },
                                      {
                                        "Node Type": "Index Scan",
                                        "Parent Relationship": "Inner",
                                        "Parallel Aware": false,
                                        "Scan Direction": "Forward",
                                        "Index Name": "name_pkey",
                                        "Relation Name": "name",
                                        "Alias": "n",
                                        "Startup Cost": 0.43,
                                        "Total Cost": 0.55,
                                        "Plan Rows": 1,
                                        "Plan Width": 19,
                                        "Actual Startup Time": 0.001,
                                        "Actual Total Time": 0.001,
                                        "Actual Rows": 0,
                                        "Actual Loops": 494369,
                                        "Index Cond": "(id = pi.person_id)",
                                        "Rows Removed by Index Recheck": 0,
                                        "Filter": "((name ~~ '%Jo%'::text) AND ((gender)::text = 'f'::text))",
                                        "Rows Removed by Filter": 1
                                      }
                                    ]
                                  },
                                  {
                                    "Node Type": "Index Scan",
                                    "Parent Relationship": "Inner",
                                    "Parallel Aware": false,
                                    "Scan Direction": "Forward",
                                    "Index Name": "movie_id_movie_info",
                                    "Relation Name": "movie_info",
                                    "Alias": "mi",
                                    "Startup Cost": 0.43,
                                    "Total Cost": 1.5,
                                    "Plan Rows": 2,
                                    "Plan Width": 8,
                                    "Actual Startup Time": 0.008,
                                    "Actual Total Time": 0.057,
                                    "Actual Rows": 3,
                                    "Actual Loops": 17455,
                                    "Index Cond": "(movie_id = mk.movie_id)",
                                    "Rows Removed by Index Recheck": 0,
                                    "Filter": "((info IS NOT NULL) AND ((info ~~ 'Japan:%200%'::text) OR (info ~~ 'USA:%200%'::text)))",
                                    "Rows Removed by Filter": 316
                                  }
                                ]
                              },
                              {
                                "Node Type": "Seq Scan",
                                "Parent Relationship": "Inner",
                                "Parallel Aware": false,
                                "Relation Name": "info_type",
                                "Alias": "it",
                                "Startup Cost": 0.0,
                                "Total Cost": 2.41,
                                "Plan Rows": 1,
                                "Plan Width": 4,
                                "Actual Startup Time": 0.003,
                                "Actual Total Time": 0.003,
                                "Actual Rows": 1,
                                "Actual Loops": 49533,
                                "Filter": "((info)::text = 'release dates'::text)",
                                "Rows Removed by Filter": 15
                              }
                            ]
                          },
                          {
                            "Node Type": "Index Scan",
                            "Parent Relationship": "Inner",
                            "Parallel Aware": false,
                            "Scan Direction": "Forward",
                            "Index Name": "role_type_pkey",
                            "Relation Name": "role_type",
                            "Alias": "rt",
                            "Startup Cost": 0.14,
                            "Total Cost": 0.16,
                            "Plan Rows": 1,
                            "Plan Width": 4,
                            "Actual Startup Time": 0.001,
                            "Actual Total Time": 0.001,
                            "Actual Rows": 1,
                            "Actual Loops": 49533,
                            "Index Cond": "(id = ci.role_id)",
                            "Rows Removed by Index Recheck": 0,
                            "Filter": "((role)::text = 'actress'::text)",
                            "Rows Removed by Filter": 0
                          }
                        ]
                      },
                      {
                        "Node Type": "Index Scan",
                        "Parent Relationship": "Inner",
                        "Parallel Aware": false,
                        "Scan Direction": "Forward",
                        "Index Name": "company_name_pkey",
                        "Relation Name": "company_name",
                        "Alias": "cn",
                        "Startup Cost": 0.42,
                        "Total Cost": 0.45,
                        "Plan Rows": 1,
                        "Plan Width": 4,
                        "Actual Startup Time": 0.002,
                        "Actual Total Time": 0.002,
                        "Actual Rows": 0,
                        "Actual Loops": 49533,
                        "Index Cond": "(id = mc.company_id)",
                        "Rows Removed by Index Recheck": 0,
                        "Filter": "((country_code)::text = '[us]'::text)",
                        "Rows Removed by Filter": 1
                      }
                    ]
                  },
                  {
                    "Node Type": "Index Scan",
                    "Parent Relationship": "Inner",
                    "Parallel Aware": false,
                    "Scan Direction": "Forward",
                    "Index Name": "info_type_pkey",
                    "Relation Name": "info_type",
                    "Alias": "it3",
                    "Startup Cost": 0.14,
                    "Total Cost": 0.16,
                    "Plan Rows": 1,
                    "Plan Width": 4,
                    "Actual Startup Time": 0.001,
                    "Actual Total Time": 0.001,
                    "Actual Rows": 0,
                    "Actual Loops": 9648,
                    "Index Cond": "(id = pi.info_type_id)",
                    "Rows Removed by Index Recheck": 0,
                    "Filter": "((info)::text = 'trivia'::text)",
                    "Rows Removed by Filter": 1
                  }
                ]
              },
              {
                "Node Type": "Index Scan",
                "Parent Relationship": "Inner",
                "Parallel Aware": false,
                "Scan Direction": "Forward",
                "Index Name": "char_name_pkey",
                "Relation Name": "char_name",
                "Alias": "chn",
                "Startup Cost": 0.43,
                "Total Cost": 0.66,
                "Plan Rows": 1,
                "Plan Width": 20,
                "Actual Startup Time": 0.002,
                "Actual Total Time": 0.002,
                "Actual Rows": 1,
                "Actual Loops": 1988,
                "Index Cond": "(id = ci.person_role_id)",
                "Rows Removed by Index Recheck": 0
              }
            ]
          },
          {
            "Node Type": "Index Only Scan",
            "Parent Relationship": "Inner",
            "Parallel Aware": false,
            "Scan Direction": "Forward",
            "Index Name": "person_id_aka_name",
            "Relation Name": "aka_name",
            "Alias": "an",
            "Startup Cost": 0.42,
            "Total Cost": 0.48,
            "Plan Rows": 2,
            "Plan Width": 4,
            "Actual Startup Time": 0.002,
            "Actual Total Time": 0.003,
            "Actual Rows": 5,
            "Actual Loops": 1988,
            "Index Cond": "(person_id = pi.person_id)",
            "Rows Removed by Index Recheck": 0,
            "Heap Fetches": 9526
          }
        ]
      }
    ]
  },
  "Planning Time": 6.383,
  "Triggers": [],
  "Execution Time": 2298.56
}