{
    "Plan": {
        "Node Type": "Aggregate",
        "Strategy": "Plain",
        "Partial Mode": "Finalize",
        "Parallel Aware": false,
        "Startup Cost": 73702.36,
        "Total Cost": 73702.37,
        "Plan Rows": 1,
        "Plan Width": 8,
        "Actual Startup Time": 432.505,
        "Actual Total Time": 456.615,
        "Actual Rows": 1,
        "Actual Loops": 1,
        "Output": [
            "count(*)"
        ],
        "Plans": [
            {
                "Node Type": "Gather",
                "Parent Relationship": "Outer",
                "Parallel Aware": false,
                "Startup Cost": 73702.15,
                "Total Cost": 73702.36,
                "Plan Rows": 2,
                "Plan Width": 8,
                "Actual Startup Time": 430.232,
                "Actual Total Time": 456.604,
                "Actual Rows": 3,
                "Actual Loops": 1,
                "Output": [
                    "(PARTIAL count(*))"
                ],
                "Workers Planned": 2,
                "Workers Launched": 2,
                "Single Copy": false,
                "Plans": [
                    {
                        "Node Type": "Aggregate",
                        "Strategy": "Plain",
                        "Partial Mode": "Partial",
                        "Parent Relationship": "Outer",
                        "Parallel Aware": false,
                        "Startup Cost": 72702.15,
                        "Total Cost": 72702.16,
                        "Plan Rows": 1,
                        "Plan Width": 8,
                        "Actual Startup Time": 421.002,
                        "Actual Total Time": 421.009,
                        "Actual Rows": 1,
                        "Actual Loops": 3,
                        "Output": [
                            "PARTIAL count(*)"
                        ],
                        "Workers": [
                            {
                                "Worker Number": 0,
                                "Actual Startup Time": 416.845,
                                "Actual Total Time": 416.85,
                                "Actual Rows": 1,
                                "Actual Loops": 1
                            },
                            {
                                "Worker Number": 1,
                                "Actual Startup Time": 417.12,
                                "Actual Total Time": 417.13,
                                "Actual Rows": 1,
                                "Actual Loops": 1
                            }
                        ],
                        "Plans": [
                            {
                                "Node Type": "Hash Join",
                                "Parent Relationship": "Outer",
                                "Parallel Aware": true,
                                "Join Type": "Inner",
                                "Startup Cost": 61818.13,
                                "Total Cost": 72644.33,
                                "Plan Rows": 23126,
                                "Plan Width": 0,
                                "Actual Startup Time": 329.615,
                                "Actual Total Time": 419.126,
                                "Actual Rows": 23906,
                                "Actual Loops": 3,
                                "Inner Unique": true,
                                "Hash Cond": "(mi_idx.movie_id = t.id)",
                                "Workers": [
                                    {
                                        "Worker Number": 0,
                                        "Actual Startup Time": 325.082,
                                        "Actual Total Time": 415.166,
                                        "Actual Rows": 22681,
                                        "Actual Loops": 1
                                    },
                                    {
                                        "Worker Number": 1,
                                        "Actual Startup Time": 325.901,
                                        "Actual Total Time": 415.189,
                                        "Actual Rows": 24448,
                                        "Actual Loops": 1
                                    }
                                ],
                                "Plans": [
                                    {
                                        "Node Type": "Bitmap Heap Scan",
                                        "Parent Relationship": "Outer",
                                        "Parallel Aware": true,
                                        "Relation Name": "movie_info_idx",
                                        "Schema": "public",
                                        "Alias": "mi_idx",
                                        "Startup Cost": 8295.89,
                                        "Total Cost": 18620.32,
                                        "Plan Rows": 191154,
                                        "Plan Width": 4,
                                        "Actual Startup Time": 37.135,
                                        "Actual Total Time": 76.99,
                                        "Actual Rows": 153395,
                                        "Actual Loops": 3,
                                        "Output": [
                                            "mi_idx.id",
                                            "mi_idx.movie_id",
                                            "mi_idx.info_type_id",
                                            "mi_idx.info",
                                            "mi_idx.note"
                                        ],
                                        "Recheck Cond": "(mi_idx.info_type_id > 100)",
                                        "Rows Removed by Index Recheck": 0,
                                        "Exact Heap Blocks": 2668,
                                        "Lossy Heap Blocks": 0,
                                        "Workers": [
                                            {
                                                "Worker Number": 0,
                                                "Actual Startup Time": 36.977,
                                                "Actual Total Time": 76.32,
                                                "Actual Rows": 151897,
                                                "Actual Loops": 1
                                            },
                                            {
                                                "Worker Number": 1,
                                                "Actual Startup Time": 37.181,
                                                "Actual Total Time": 77.15,
                                                "Actual Rows": 153606,
                                                "Actual Loops": 1
                                            }
                                        ],
                                        "Plans": [
                                            {
                                                "Node Type": "Bitmap Index Scan",
                                                "Parent Relationship": "Outer",
                                                "Parallel Aware": false,
                                                "Index Name": "info_type_id_movie_info_idx",
                                                "Startup Cost": 0.0,
                                                "Total Cost": 8181.2,
                                                "Plan Rows": 458770,
                                                "Plan Width": 0,
                                                "Actual Startup Time": 35.179,
                                                "Actual Total Time": 35.18,
                                                "Actual Rows": 460185,
                                                "Actual Loops": 1,
                                                "Index Cond": "(mi_idx.info_type_id > 100)",
                                                "Workers": [
                                                    {
                                                        "Worker Number": 0,
                                                        "Actual Startup Time": 35.179,
                                                        "Actual Total Time": 35.18,
                                                        "Actual Rows": 460185,
                                                        "Actual Loops": 1
                                                    }
                                                ]
                                            }
                                        ]
                                    },
                                    {
                                        "Node Type": "Hash",
                                        "Parent Relationship": "Inner",
                                        "Parallel Aware": true,
                                        "Startup Cost": 52566.36,
                                        "Total Cost": 52566.36,
                                        "Plan Rows": 76470,
                                        "Plan Width": 4,
                                        "Actual Startup Time": 288.978,
                                        "Actual Total Time": 288.981,
                                        "Actual Rows": 83400,
                                        "Actual Loops": 3,
                                        "Output": [
                                            "t.id"
                                        ],
                                        "Hash Buckets": 524288,
                                        "Original Hash Buckets": 524288,
                                        "Hash Batches": 1,
                                        "Original Hash Batches": 1,
                                        "Peak Memory Usage": 13920,
                                        "Workers": [
                                            {
                                                "Worker Number": 0,
                                                "Actual Startup Time": 287.752,
                                                "Actual Total Time": 287.754,
                                                "Actual Rows": 76641,
                                                "Actual Loops": 1
                                            },
                                            {
                                                "Worker Number": 1,
                                                "Actual Startup Time": 288.217,
                                                "Actual Total Time": 288.224,
                                                "Actual Rows": 83794,
                                                "Actual Loops": 1
                                            }
                                        ],
                                        "Plans": [
                                            {
                                                "Node Type": "Bitmap Heap Scan",
                                                "Parent Relationship": "Outer",
                                                "Parallel Aware": true,
                                                "Relation Name": "title",
                                                "Schema": "public",
                                                "Alias": "t",
                                                "Startup Cost": 13701.87,
                                                "Total Cost": 52566.36,
                                                "Plan Rows": 76470,
                                                "Plan Width": 4,
                                                "Actual Startup Time": 97.28,
                                                "Actual Total Time": 250.989,
                                                "Actual Rows": 83400,
                                                "Actual Loops": 3,
                                                "Output": [
                                                    "t.id"
                                                ],
                                                "Recheck Cond": "(t.kind_id < 3)",
                                                "Rows Removed by Index Recheck": 0,
                                                "Filter": "(t.production_year > 2005)",
                                                "Rows Removed by Filter": 167825,
                                                "Exact Heap Blocks": 14281,
                                                "Lossy Heap Blocks": 0,
                                                "Workers": [
                                                    {
                                                        "Worker Number": 0,
                                                        "Actual Startup Time": 96.033,
                                                        "Actual Total Time": 249.529,
                                                        "Actual Rows": 76641,
                                                        "Actual Loops": 1
                                                    },
                                                    {
                                                        "Worker Number": 1,
                                                        "Actual Startup Time": 96.748,
                                                        "Actual Total Time": 250.175,
                                                        "Actual Rows": 83794,
                                                        "Actual Loops": 1
                                                    }
                                                ],
                                                "Plans": [
                                                    {
                                                        "Node Type": "Bitmap Index Scan",
                                                        "Parent Relationship": "Outer",
                                                        "Parallel Aware": false,
                                                        "Index Name": "kind_id_title",
                                                        "Startup Cost": 0.0,
                                                        "Total Cost": 13625.4,
                                                        "Plan Rows": 764396,
                                                        "Plan Width": 0,
                                                        "Actual Startup Time": 89.856,
                                                        "Actual Total Time": 89.857,
                                                        "Actual Rows": 753677,
                                                        "Actual Loops": 1,
                                                        "Index Cond": "(t.kind_id < 3)"
                                                    }
                                                ]
                                            }
                                        ]
                                    }
                                ]
                            }
                        ]
                    }
                ]
            }
        ]
    },
    "Planning Time": 2.896,
    "Triggers": [],
    "Execution Time": 457.081
}