[
  {
    "Plan": {
      "Node Type": "Aggregate",
      "Strategy": "Plain",
      "Partial Mode": "Finalize",
      "Parallel Aware": false,
      "Startup Cost": 237970.09,
      "Total Cost": 237970.1,
      "Plan Rows": 1,
      "Plan Width": 8,
      "Actual Startup Time": 350.494,
      "Actual Total Time": 363.424,
      "Actual Rows": 1,
      "Actual Loops": 1,
      "Plans": [
        {
          "Node Type": "Gather",
          "Parent Relationship": "Outer",
          "Parallel Aware": false,
          "Startup Cost": 237969.57,
          "Total Cost": 237970.08,
          "Plan Rows": 5,
          "Plan Width": 8,
          "Actual Startup Time": 341.599,
          "Actual Total Time": 363.414,
          "Actual Rows": 6,
          "Actual Loops": 1,
          "Workers Planned": 5,
          "Workers Launched": 5,
          "Single Copy": false,
          "Plans": [
            {
              "Node Type": "Aggregate",
              "Strategy": "Plain",
              "Partial Mode": "Partial",
              "Parent Relationship": "Outer",
              "Parallel Aware": false,
              "Startup Cost": 236969.57,
              "Total Cost": 236969.58,
              "Plan Rows": 1,
              "Plan Width": 8,
              "Actual Startup Time": 331.674,
              "Actual Total Time": 331.678,
              "Actual Rows": 1,
              "Actual Loops": 6,
              "Plans": [
                {
                  "Node Type": "Hash Join",
                  "Parent Relationship": "Outer",
                  "Parallel Aware": true,
                  "Join Type": "Inner",
                  "Startup Cost": 70732.51,
                  "Total Cost": 236730.99,
                  "Plan Rows": 95433,
                  "Plan Width": 0,
                  "Actual Startup Time": 221.259,
                  "Actual Total Time": 328.109,
                  "Actual Rows": 67497,
                  "Actual Loops": 6,
                  "Inner Unique": true,
                  "Hash Cond": "(mi.movie_id = t.id)",
                  "Plans": [
                    {
                      "Node Type": "Bitmap Heap Scan",
                      "Parent Relationship": "Outer",
                      "Parallel Aware": true,
                      "Relation Name": "movie_info",
                      "Alias": "mi",
                      "Startup Cost": 23986.4,
                      "Total Cost": 189289.71,
                      "Plan Rows": 264825,
                      "Plan Width": 4,
                      "Actual Startup Time": 65.515,
                      "Actual Total Time": 97.688,
                      "Actual Rows": 220894,
                      "Actual Loops": 6,
                      "Recheck Cond": "(info_type_id = 8)",
                      "Rows Removed by Index Recheck": 0,
                      "Exact Heap Blocks": 1517,
                      "Lossy Heap Blocks": 0,
                      "Plans": [
                        {
                          "Node Type": "Bitmap Index Scan",
                          "Parent Relationship": "Outer",
                          "Parallel Aware": false,
                          "Index Name": "info_type_id_movie_info",
                          "Startup Cost": 0.0,
                          "Total Cost": 23655.37,
                          "Plan Rows": 1324124,
                          "Plan Width": 0,
                          "Actual Startup Time": 64.127,
                          "Actual Total Time": 64.127,
                          "Actual Rows": 1325361,
                          "Actual Loops": 1,
                          "Index Cond": "(info_type_id = 8)"
                        }
                      ]
                    },
                    {
                      "Node Type": "Hash",
                      "Parent Relationship": "Inner",
                      "Parallel Aware": true,
                      "Startup Cost": 43898.92,
                      "Total Cost": 43898.92,
                      "Plan Rows": 227776,
                      "Plan Width": 4,
                      "Actual Startup Time": 152.12,
                      "Actual Total Time": 152.121,
                      "Actual Rows": 150748,
                      "Actual Loops": 6,
                      "Hash Buckets": 1048576,
                      "Original Hash Buckets": 1048576,
                      "Hash Batches": 1,
                      "Original Hash Batches": 1,
                      "Peak Memory Usage": 43648,
                      "Plans": [
                        {
                          "Node Type": "Seq Scan",
                          "Parent Relationship": "Outer",
                          "Parallel Aware": true,
                          "Relation Name": "title",
                          "Alias": "t",
                          "Startup Cost": 0.0,
                          "Total Cost": 43898.92,
                          "Plan Rows": 227776,
                          "Plan Width": 4,
                          "Actual Startup Time": 0.039,
                          "Actual Total Time": 85.165,
                          "Actual Rows": 150748,
                          "Actual Loops": 6,
                          "Filter": "(production_year > 2006)",
                          "Rows Removed by Filter": 270637
                        }
                      ]
                    }
                  ]
                }
              ]
            }
          ]
        }
      ]
    },
    "Planning Time": 0.646,
    "Triggers": [],
    "Execution Time": 363.516
  }
]