[
  {
    "Plan": {
      "Node Type": "Aggregate",
      "Strategy": "Plain",
      "Partial Mode": "Finalize",
      "Parallel Aware": false,
      "Startup Cost": 115529.33,
      "Total Cost": 115529.34,
      "Plan Rows": 1,
      "Plan Width": 8,
      "Actual Startup Time": 977.837,
      "Actual Total Time": 1014.323,
      "Actual Rows": 1,
      "Actual Loops": 1,
      "Plans": [
        {
          "Node Type": "Gather",
          "Parent Relationship": "Outer",
          "Parallel Aware": false,
          "Startup Cost": 115529.01,
          "Total Cost": 115529.32,
          "Plan Rows": 3,
          "Plan Width": 8,
          "Actual Startup Time": 968.911,
          "Actual Total Time": 1014.299,
          "Actual Rows": 4,
          "Actual Loops": 1,
          "Workers Planned": 3,
          "Workers Launched": 3,
          "Single Copy": false,
          "Plans": [
            {
              "Node Type": "Aggregate",
              "Strategy": "Plain",
              "Partial Mode": "Partial",
              "Parent Relationship": "Outer",
              "Parallel Aware": false,
              "Startup Cost": 114529.01,
              "Total Cost": 114529.02,
              "Plan Rows": 1,
              "Plan Width": 8,
              "Actual Startup Time": 949.7,
              "Actual Total Time": 949.704,
              "Actual Rows": 1,
              "Actual Loops": 4,
              "Plans": [
                {
                  "Node Type": "Nested Loop",
                  "Parent Relationship": "Outer",
                  "Parallel Aware": false,
                  "Join Type": "Inner",
                  "Startup Cost": 51516.73,
                  "Total Cost": 114241.69,
                  "Plan Rows": 114929,
                  "Plan Width": 0,
                  "Actual Startup Time": 373.875,
                  "Actual Total Time": 896.983,
                  "Actual Rows": 1101645,
                  "Actual Loops": 4,
                  "Inner Unique": false,
                  "Plans": [
                    {
                      "Node Type": "Hash Join",
                      "Parent Relationship": "Outer",
                      "Parallel Aware": true,
                      "Join Type": "Inner",
                      "Startup Cost": 51516.29,
                      "Total Cost": 76267.58,
                      "Plan Rows": 19655,
                      "Plan Width": 8,
                      "Actual Startup Time": 373.777,
                      "Actual Total Time": 403.597,
                      "Actual Rows": 14934,
                      "Actual Loops": 4,
                      "Inner Unique": true,
                      "Hash Cond": "(mk.movie_id = t.id)",
                      "Plans": [
                        {
                          "Node Type": "Bitmap Heap Scan",
                          "Parent Relationship": "Outer",
                          "Parallel Aware": true,
                          "Relation Name": "movie_keyword",
                          "Alias": "mk",
                          "Startup Cost": 1296.65,
                          "Total Cost": 25996.34,
                          "Plan Rows": 19655,
                          "Plan Width": 4,
                          "Actual Startup Time": 7.14,
                          "Actual Total Time": 26.043,
                          "Actual Rows": 14934,
                          "Actual Loops": 4,
                          "Recheck Cond": "(keyword_id > 95297)",
                          "Rows Removed by Index Recheck": 0,
                          "Exact Heap Blocks": 2991,
                          "Lossy Heap Blocks": 0,
                          "Plans": [
                            {
                              "Node Type": "Bitmap Index Scan",
                              "Parent Relationship": "Outer",
                              "Parallel Aware": false,
                              "Index Name": "keyword_id_movie_keyword",
                              "Startup Cost": 0.0,
                              "Total Cost": 1281.41,
                              "Plan Rows": 60931,
                              "Plan Width": 0,
                              "Actual Startup Time": 5.101,
                              "Actual Total Time": 5.102,
                              "Actual Rows": 59736,
                              "Actual Loops": 1,
                              "Index Cond": "(keyword_id > 95297)"
                            }
                          ]
                        },
                        {
                          "Node Type": "Hash",
                          "Parent Relationship": "Inner",
                          "Parallel Aware": true,
                          "Startup Cost": 42318.73,
                          "Total Cost": 42318.73,
                          "Plan Rows": 632073,
                          "Plan Width": 4,
                          "Actual Startup Time": 354.594,
                          "Actual Total Time": 354.595,
                          "Actual Rows": 632078,
                          "Actual Loops": 4,
                          "Hash Buckets": 4194304,
                          "Original Hash Buckets": 4194304,
                          "Hash Batches": 1,
                          "Original Hash Batches": 1,
                          "Peak Memory Usage": 131744,
                          "Plans": [
                            {
                              "Node Type": "Seq Scan",
                              "Parent Relationship": "Outer",
                              "Parallel Aware": true,
                              "Relation Name": "title",
                              "Alias": "t",
                              "Startup Cost": 0.0,
                              "Total Cost": 42318.73,
                              "Plan Rows": 632073,
                              "Plan Width": 4,
                              "Actual Startup Time": 0.041,
                              "Actual Total Time": 104.581,
                              "Actual Rows": 632078,
                              "Actual Loops": 4
                            }
                          ]
                        }
                      ]
                    },
                    {
                      "Node Type": "Index Only Scan",
                      "Parent Relationship": "Inner",
                      "Parallel Aware": false,
                      "Scan Direction": "Forward",
                      "Index Name": "movie_id_movie_info",
                      "Relation Name": "movie_info",
                      "Alias": "mi",
                      "Startup Cost": 0.43,
                      "Total Cost": 1.51,
                      "Plan Rows": 42,
                      "Plan Width": 4,
                      "Actual Startup Time": 0.006,
                      "Actual Total Time": 0.027,
                      "Actual Rows": 74,
                      "Actual Loops": 59736,
                      "Index Cond": "(movie_id = t.id)",
                      "Rows Removed by Index Recheck": 0,
                      "Heap Fetches": 4406579
                    }
                  ]
                }
              ]
            }
          ]
        }
      ]
    },
    "Planning Time": 1.428,
    "Triggers": [],
    "Execution Time": 1014.457
  }
]