[
  {
    "Plan": {
      "Node Type": "Aggregate",
      "Strategy": "Plain",
      "Partial Mode": "Finalize",
      "Parallel Aware": false,
      "Startup Cost": 82782.4,
      "Total Cost": 82782.41,
      "Plan Rows": 1,
      "Plan Width": 8,
      "Actual Startup Time": 318.024,
      "Actual Total Time": 348.504,
      "Actual Rows": 1,
      "Actual Loops": 1,
      "Plans": [
        {
          "Node Type": "Gather",
          "Parent Relationship": "Outer",
          "Parallel Aware": false,
          "Startup Cost": 82782.19,
          "Total Cost": 82782.4,
          "Plan Rows": 2,
          "Plan Width": 8,
          "Actual Startup Time": 317.214,
          "Actual Total Time": 348.493,
          "Actual Rows": 3,
          "Actual Loops": 1,
          "Workers Planned": 2,
          "Workers Launched": 2,
          "Single Copy": false,
          "Plans": [
            {
              "Node Type": "Aggregate",
              "Strategy": "Plain",
              "Partial Mode": "Partial",
              "Parent Relationship": "Outer",
              "Parallel Aware": false,
              "Startup Cost": 81782.19,
              "Total Cost": 81782.2,
              "Plan Rows": 1,
              "Plan Width": 8,
              "Actual Startup Time": 309.572,
              "Actual Total Time": 309.576,
              "Actual Rows": 1,
              "Actual Loops": 3,
              "Plans": [
                {
                  "Node Type": "Nested Loop",
                  "Parent Relationship": "Outer",
                  "Parallel Aware": false,
                  "Join Type": "Inner",
                  "Startup Cost": 45611.5,
                  "Total Cost": 81709.9,
                  "Plan Rows": 28917,
                  "Plan Width": 0,
                  "Actual Startup Time": 146.966,
                  "Actual Total Time": 304.813,
                  "Actual Rows": 79172,
                  "Actual Loops": 3,
                  "Inner Unique": false,
                  "Join Filter": "(t.id = mi.movie_id)",
                  "Rows Removed by Join Filter": 0,
                  "Plans": [
                    {
                      "Node Type": "Hash Join",
                      "Parent Relationship": "Outer",
                      "Parallel Aware": true,
                      "Join Type": "Inner",
                      "Startup Cost": 45611.06,
                      "Total Cost": 60805.62,
                      "Plan Rows": 9604,
                      "Plan Width": 8,
                      "Actual Startup Time": 146.862,
                      "Actual Total Time": 197.213,
                      "Actual Rows": 7465,
                      "Actual Loops": 3,
                      "Inner Unique": true,
                      "Hash Cond": "(mi_idx.movie_id = t.id)",
                      "Plans": [
                        {
                          "Node Type": "Seq Scan",
                          "Parent Relationship": "Outer",
                          "Parallel Aware": true,
                          "Relation Name": "movie_info_idx",
                          "Alias": "mi_idx",
                          "Startup Cost": 0.0,
                          "Total Cost": 13685.15,
                          "Plan Rows": 575015,
                          "Plan Width": 4,
                          "Actual Startup Time": 0.021,
                          "Actual Total Time": 36.397,
                          "Actual Rows": 460012,
                          "Actual Loops": 3
                        },
                        {
                          "Node Type": "Hash",
                          "Parent Relationship": "Inner",
                          "Parallel Aware": true,
                          "Startup Cost": 45479.1,
                          "Total Cost": 45479.1,
                          "Plan Rows": 10557,
                          "Plan Width": 4,
                          "Actual Startup Time": 115.356,
                          "Actual Total Time": 115.357,
                          "Actual Rows": 13187,
                          "Actual Loops": 3,
                          "Hash Buckets": 65536,
                          "Original Hash Buckets": 65536,
                          "Hash Batches": 1,
                          "Original Hash Batches": 1,
                          "Peak Memory Usage": 2112,
                          "Plans": [
                            {
                              "Node Type": "Seq Scan",
                              "Parent Relationship": "Outer",
                              "Parallel Aware": true,
                              "Relation Name": "title",
                              "Alias": "t",
                              "Startup Cost": 0.0,
                              "Total Cost": 45479.1,
                              "Plan Rows": 10557,
                              "Plan Width": 4,
                              "Actual Startup Time": 48.746,
                              "Actual Total Time": 111.536,
                              "Actual Rows": 13187,
                              "Actual Loops": 3,
                              "Filter": "((kind_id = 1) AND (production_year = 2012))",
                              "Rows Removed by Filter": 829584
                            }
                          ]
                        }
                      ]
                    },
                    {
                      "Node Type": "Index Scan",
                      "Parent Relationship": "Inner",
                      "Parallel Aware": false,
                      "Scan Direction": "Forward",
                      "Index Name": "movie_id_movie_info",
                      "Relation Name": "movie_info",
                      "Alias": "mi",
                      "Startup Cost": 0.43,
                      "Total Cost": 1.9,
                      "Plan Rows": 22,
                      "Plan Width": 4,
                      "Actual Startup Time": 0.006,
                      "Actual Total Time": 0.013,
                      "Actual Rows": 11,
                      "Actual Loops": 22395,
                      "Index Cond": "(movie_id = mi_idx.movie_id)",
                      "Rows Removed by Index Recheck": 0,
                      "Filter": "(info_type_id > 7)",
                      "Rows Removed by Filter": 7
                    }
                  ]
                }
              ]
            }
          ]
        }
      ]
    },
    "Planning Time": 1.459,
    "Triggers": [],
    "Execution Time": 348.595
  }
]