[
    {
        "Bao": {
            "Bao prediction": "NaN",
            "Bao recommended hint": "(no hint)"
        }
    },
    {
        "Plan": {
            "Node Type": "Aggregate",
            "Strategy": "Plain",
            "Partial Mode": "Finalize",
            "Parallel Aware": false,
            "Startup Cost": 37151.18,
            "Total Cost": 37151.19,
            "Plan Rows": 1,
            "Plan Width": 8,
            "Actual Startup Time": 111.592,
            "Actual Total Time": 117.096,
            "Actual Rows": 1,
            "Actual Loops": 1,
            "Output": [
                "count(*)"
            ],
            "Plans": [
                {
                    "Node Type": "Gather",
                    "Parent Relationship": "Outer",
                    "Parallel Aware": false,
                    "Startup Cost": 37150.86,
                    "Total Cost": 37151.17,
                    "Plan Rows": 3,
                    "Plan Width": 8,
                    "Actual Startup Time": 111.359,
                    "Actual Total Time": 117.088,
                    "Actual Rows": 4,
                    "Actual Loops": 1,
                    "Output": [
                        "(PARTIAL count(*))"
                    ],
                    "Workers Planned": 3,
                    "Workers Launched": 3,
                    "Single Copy": false,
                    "Plans": [
                        {
                            "Node Type": "Aggregate",
                            "Strategy": "Plain",
                            "Partial Mode": "Partial",
                            "Parent Relationship": "Outer",
                            "Parallel Aware": false,
                            "Startup Cost": 36150.86,
                            "Total Cost": 36150.87,
                            "Plan Rows": 1,
                            "Plan Width": 8,
                            "Actual Startup Time": 102.974,
                            "Actual Total Time": 102.975,
                            "Actual Rows": 1,
                            "Actual Loops": 4,
                            "Output": [
                                "PARTIAL count(*)"
                            ],
                            "Workers": [
                                {
                                    "Worker Number": 0,
                                    "Actual Startup Time": 100.252,
                                    "Actual Total Time": 100.253,
                                    "Actual Rows": 1,
                                    "Actual Loops": 1
                                },
                                {
                                    "Worker Number": 1,
                                    "Actual Startup Time": 100.261,
                                    "Actual Total Time": 100.262,
                                    "Actual Rows": 1,
                                    "Actual Loops": 1
                                },
                                {
                                    "Worker Number": 2,
                                    "Actual Startup Time": 100.295,
                                    "Actual Total Time": 100.296,
                                    "Actual Rows": 1,
                                    "Actual Loops": 1
                                }
                            ],
                            "Plans": [
                                {
                                    "Node Type": "Bitmap Heap Scan",
                                    "Parent Relationship": "Outer",
                                    "Parallel Aware": true,
                                    "Relation Name": "movie_keyword",
                                    "Schema": "public",
                                    "Alias": "mk",
                                    "Startup Cost": 9524.24,
                                    "Total Cost": 35788.76,
                                    "Plan Rows": 144841,
                                    "Plan Width": 0,
                                    "Actual Startup Time": 28.348,
                                    "Actual Total Time": 96.239,
                                    "Actual Rows": 110300,
                                    "Actual Loops": 4,
                                    "Recheck Cond": "(mk.keyword_id > 40008)",
                                    "Rows Removed by Index Recheck": 0,
                                    "Exact Heap Blocks": 10326,
                                    "Lossy Heap Blocks": 0,
                                    "Workers": [
                                        {
                                            "Worker Number": 0,
                                            "Actual Startup Time": 25.791,
                                            "Actual Total Time": 94.082,
                                            "Actual Rows": 88907,
                                            "Actual Loops": 1
                                        },
                                        {
                                            "Worker Number": 1,
                                            "Actual Startup Time": 25.767,
                                            "Actual Total Time": 94.247,
                                            "Actual Rows": 87234,
                                            "Actual Loops": 1
                                        },
                                        {
                                            "Worker Number": 2,
                                            "Actual Startup Time": 25.666,
                                            "Actual Total Time": 94.075,
                                            "Actual Rows": 65251,
                                            "Actual Loops": 1
                                        }
                                    ],
                                    "Plans": [
                                        {
                                            "Node Type": "Bitmap Index Scan",
                                            "Parent Relationship": "Outer",
                                            "Parallel Aware": false,
                                            "Index Name": "keyword_id_movie_keyword",
                                            "Startup Cost": 0.0,
                                            "Total Cost": 9411.99,
                                            "Plan Rows": 449008,
                                            "Plan Width": 0,
                                            "Actual Startup Time": 32.856,
                                            "Actual Total Time": 32.857,
                                            "Actual Rows": 441201,
                                            "Actual Loops": 1,
                                            "Index Cond": "(mk.keyword_id > 40008)"
                                        }
                                    ]
                                }
                            ]
                        }
                    ]
                }
            ]
        },
        "Planning Time": 180.28,
        "Triggers": [],
        "Execution Time": 117.152
    }
]