{
  "Plan": {
    "Node Type": "Aggregate",
    "Strategy": "Plain",
    "Partial Mode": "Simple",
    "Parallel Aware": false,
    "Startup Cost": 1144.31,
    "Total Cost": 1144.32,
    "Plan Rows": 1,
    "Plan Width": 8,
    "Actual Startup Time": 2.358,
    "Actual Total Time": 2.36,
    "Actual Rows": 1,
    "Actual Loops": 1,
    "Plans": [
      {
        "Node Type": "Nested Loop",
        "Parent Relationship": "Outer",
        "Parallel Aware": false,
        "Join Type": "Inner",
        "Startup Cost": 0.86,
        "Total Cost": 1144.18,
        "Plan Rows": 51,
        "Plan Width": 0,
        "Actual Startup Time": 0.205,
        "Actual Total Time": 2.335,
        "Actual Rows": 59,
        "Actual Loops": 1,
        "Inner Unique": true,
        "Plans": [
          {
            "Node Type": "Index Scan",
            "Parent Relationship": "Outer",
            "Parallel Aware": false,
            "Scan Direction": "Forward",
            "Index Name": "company_id_movie_companies",
            "Relation Name": "movie_companies",
            "Alias": "mc",
            "Startup Cost": 0.43,
            "Total Cost": 273.57,
            "Plan Rows": 103,
            "Plan Width": 4,
            "Actual Startup Time": 0.163,
            "Actual Total Time": 0.518,
            "Actual Rows": 125,
            "Actual Loops": 1,
            "Index Cond": "(company_id = 584)",
            "Rows Removed by Index Recheck": 0
          },
          {
            "Node Type": "Index Scan",
            "Parent Relationship": "Inner",
            "Parallel Aware": false,
            "Scan Direction": "Forward",
            "Index Name": "title_pkey",
            "Relation Name": "title",
            "Alias": "t",
            "Startup Cost": 0.43,
            "Total Cost": 8.45,
            "Plan Rows": 1,
            "Plan Width": 4,
            "Actual Startup Time": 0.014,
            "Actual Total Time": 0.014,
            "Actual Rows": 0,
            "Actual Loops": 125,
            "Index Cond": "(id = mc.movie_id)",
            "Rows Removed by Index Recheck": 0,
            "Filter": "((kind_id > 1) AND (production_year > 1992))",
            "Rows Removed by Filter": 1
          }
        ]
      }
    ]
  },
  "Planning Time": 0.591,
  "Triggers": [],
  "Execution Time": 2.421
}