[
  {
    "Plan": {
      "Node Type": "Aggregate",
      "Strategy": "Plain",
      "Partial Mode": "Finalize",
      "Parallel Aware": false,
      "Startup Cost": 32399.03,
      "Total Cost": 32399.04,
      "Plan Rows": 1,
      "Plan Width": 8,
      "Actual Startup Time": 120.704,
      "Actual Total Time": 128.38,
      "Actual Rows": 1,
      "Actual Loops": 1,
      "Plans": [
        {
          "Node Type": "Gather",
          "Parent Relationship": "Outer",
          "Parallel Aware": false,
          "Startup Cost": 32398.71,
          "Total Cost": 32399.02,
          "Plan Rows": 3,
          "Plan Width": 8,
          "Actual Startup Time": 120.611,
          "Actual Total Time": 128.372,
          "Actual Rows": 4,
          "Actual Loops": 1,
          "Workers Planned": 3,
          "Workers Launched": 3,
          "Single Copy": false,
          "Plans": [
            {
              "Node Type": "Aggregate",
              "Strategy": "Plain",
              "Partial Mode": "Partial",
              "Parent Relationship": "Outer",
              "Parallel Aware": false,
              "Startup Cost": 31398.71,
              "Total Cost": 31398.72,
              "Plan Rows": 1,
              "Plan Width": 8,
              "Actual Startup Time": 112.309,
              "Actual Total Time": 112.31,
              "Actual Rows": 1,
              "Actual Loops": 4,
              "Plans": [
                {
                  "Node Type": "Seq Scan",
                  "Parent Relationship": "Outer",
                  "Parallel Aware": true,
                  "Relation Name": "movie_companies",
                  "Alias": "mc",
                  "Startup Cost": 0.0,
                  "Total Cost": 29310.68,
                  "Plan Rows": 835211,
                  "Plan Width": 0,
                  "Actual Startup Time": 0.045,
                  "Actual Total Time": 82.066,
                  "Actual Rows": 647563,
                  "Actual Loops": 4,
                  "Filter": "(company_id < 217317)",
                  "Rows Removed by Filter": 4719
                }
              ]
            }
          ]
        }
      ]
    },
    "Planning Time": 0.103,
    "Triggers": [],
    "Execution Time": 128.407
  }
]