{
  "Plan": {
    "Node Type": "Aggregate",
    "Strategy": "Plain",
    "Partial Mode": "Finalize",
    "Parallel Aware": false,
    "Startup Cost": 105652.93,
    "Total Cost": 105652.94,
    "Plan Rows": 1,
    "Plan Width": 8,
    "Actual Startup Time": 357.645,
    "Actual Total Time": 369.11,
    "Actual Rows": 1,
    "Actual Loops": 1,
    "Plans": [
      {
        "Node Type": "Gather",
        "Parent Relationship": "Outer",
        "Parallel Aware": false,
        "Startup Cost": 105652.82,
        "Total Cost": 105652.93,
        "Plan Rows": 1,
        "Plan Width": 8,
        "Actual Startup Time": 357.245,
        "Actual Total Time": 369.102,
        "Actual Rows": 2,
        "Actual Loops": 1,
        "Workers Planned": 1,
        "Workers Launched": 1,
        "Single Copy": false,
        "Plans": [
          {
            "Node Type": "Aggregate",
            "Strategy": "Plain",
            "Partial Mode": "Partial",
            "Parent Relationship": "Outer",
            "Parallel Aware": false,
            "Startup Cost": 104652.82,
            "Total Cost": 104652.83,
            "Plan Rows": 1,
            "Plan Width": 8,
            "Actual Startup Time": 354.879,
            "Actual Total Time": 354.882,
            "Actual Rows": 1,
            "Actual Loops": 2,
            "Plans": [
              {
                "Node Type": "Hash Join",
                "Parent Relationship": "Outer",
                "Parallel Aware": true,
                "Join Type": "Inner",
                "Startup Cost": 44940.42,
                "Total Cost": 104354.22,
                "Plan Rows": 119440,
                "Plan Width": 0,
                "Actual Startup Time": 256.567,
                "Actual Total Time": 353.304,
                "Actual Rows": 37603,
                "Actual Loops": 2,
                "Inner Unique": false,
                "Hash Cond": "(t.id = mc.movie_id)",
                "Plans": [
                  {
                    "Node Type": "Seq Scan",
                    "Parent Relationship": "Outer",
                    "Parallel Aware": true,
                    "Relation Name": "title",
                    "Alias": "t",
                    "Startup Cost": 0.0,
                    "Total Cost": 54588.39,
                    "Plan Rows": 659652,
                    "Plan Width": 4,
                    "Actual Startup Time": 0.011,
                    "Actual Total Time": 144.394,
                    "Actual Rows": 566678,
                    "Actual Loops": 2,
                    "Filter": "(production_year < 2002)",
                    "Rows Removed by Filter": 697478
                  },
                  {
                    "Node Type": "Hash",
                    "Parent Relationship": "Inner",
                    "Parallel Aware": true,
                    "Startup Cost": 41574.35,
                    "Total Cost": 41574.35,
                    "Plan Rows": 269285,
                    "Plan Width": 4,
                    "Actual Startup Time": 118.887,
                    "Actual Total Time": 118.888,
                    "Actual Rows": 72788,
                    "Actual Loops": 2,
                    "Hash Buckets": 524288,
                    "Original Hash Buckets": 524288,
                    "Hash Batches": 1,
                    "Original Hash Batches": 1,
                    "Peak Memory Usage": 9824,
                    "Plans": [
                      {
                        "Node Type": "Index Scan",
                        "Parent Relationship": "Outer",
                        "Parallel Aware": true,
                        "Scan Direction": "Forward",
                        "Index Name": "company_type_id_movie_companies",
                        "Relation Name": "movie_companies",
                        "Alias": "mc",
                        "Startup Cost": 0.43,
                        "Total Cost": 41574.35,
                        "Plan Rows": 269285,
                        "Plan Width": 4,
                        "Actual Startup Time": 36.455,
                        "Actual Total Time": 100.071,
                        "Actual Rows": 72788,
                        "Actual Loops": 2,
                        "Index Cond": "(company_type_id = 1)",
                        "Rows Removed by Index Recheck": 0,
                        "Filter": "(company_id > 18949)",
                        "Rows Removed by Filter": 564335
                      }
                    ]
                  }
                ]
              }
            ]
          }
        ]
      }
    ]
  },
  "Planning Time": 0.362,
  "Triggers": [],
  "Execution Time": 369.167
}