[
  {
    "Plan": {
      "Node Type": "Aggregate",
      "Strategy": "Plain",
      "Partial Mode": "Finalize",
      "Parallel Aware": false,
      "Startup Cost": 348684.08,
      "Total Cost": 348684.09,
      "Plan Rows": 1,
      "Plan Width": 8,
      "Actual Startup Time": 743.961,
      "Actual Total Time": 807.595,
      "Actual Rows": 1,
      "Actual Loops": 1,
      "Plans": [
        {
          "Node Type": "Gather",
          "Parent Relationship": "Outer",
          "Parallel Aware": false,
          "Startup Cost": 348683.45,
          "Total Cost": 348684.06,
          "Plan Rows": 6,
          "Plan Width": 8,
          "Actual Startup Time": 743.851,
          "Actual Total Time": 807.585,
          "Actual Rows": 7,
          "Actual Loops": 1,
          "Workers Planned": 6,
          "Workers Launched": 6,
          "Single Copy": false,
          "Plans": [
            {
              "Node Type": "Aggregate",
              "Strategy": "Plain",
              "Partial Mode": "Partial",
              "Parent Relationship": "Outer",
              "Parallel Aware": false,
              "Startup Cost": 347683.45,
              "Total Cost": 347683.46,
              "Plan Rows": 1,
              "Plan Width": 8,
              "Actual Startup Time": 733.767,
              "Actual Total Time": 733.768,
              "Actual Rows": 1,
              "Actual Loops": 7,
              "Plans": [
                {
                  "Node Type": "Seq Scan",
                  "Parent Relationship": "Outer",
                  "Parallel Aware": true,
                  "Relation Name": "cast_info",
                  "Alias": "ci",
                  "Startup Cost": 0.0,
                  "Total Cost": 343257.03,
                  "Plan Rows": 1770570,
                  "Plan Width": 0,
                  "Actual Startup Time": 272.671,
                  "Actual Total Time": 682.544,
                  "Actual Rows": 1106597,
                  "Actual Loops": 7,
                  "Filter": "((person_id > 2025229) AND (role_id < 4))",
                  "Rows Removed by Filter": 4071167
                }
              ]
            }
          ]
        }
      ]
    },
    "Planning Time": 0.206,
    "Triggers": [],
    "Execution Time": 807.666
  }
]