[
  {
    "Plan": {
      "Node Type": "Aggregate",
      "Strategy": "Plain",
      "Partial Mode": "Finalize",
      "Parallel Aware": false,
      "Startup Cost": 624097.54,
      "Total Cost": 624097.55,
      "Plan Rows": 1,
      "Plan Width": 8,
      "Actual Startup Time": 2887.873,
      "Actual Total Time": 2976.955,
      "Actual Rows": 1,
      "Actual Loops": 1,
      "Plans": [
        {
          "Node Type": "Gather",
          "Parent Relationship": "Outer",
          "Parallel Aware": false,
          "Startup Cost": 624096.91,
          "Total Cost": 624097.52,
          "Plan Rows": 6,
          "Plan Width": 8,
          "Actual Startup Time": 2866.233,
          "Actual Total Time": 2976.945,
          "Actual Rows": 7,
          "Actual Loops": 1,
          "Workers Planned": 6,
          "Workers Launched": 6,
          "Single Copy": false,
          "Plans": [
            {
              "Node Type": "Aggregate",
              "Strategy": "Plain",
              "Partial Mode": "Partial",
              "Parent Relationship": "Outer",
              "Parallel Aware": false,
              "Startup Cost": 623096.91,
              "Total Cost": 623096.92,
              "Plan Rows": 1,
              "Plan Width": 8,
              "Actual Startup Time": 2843.331,
              "Actual Total Time": 2843.337,
              "Actual Rows": 1,
              "Actual Loops": 7,
              "Plans": [
                {
                  "Node Type": "Hash Join",
                  "Parent Relationship": "Outer",
                  "Parallel Aware": true,
                  "Join Type": "Inner",
                  "Startup Cost": 262157.23,
                  "Total Cost": 611323.04,
                  "Plan Rows": 4709548,
                  "Plan Width": 0,
                  "Actual Startup Time": 988.813,
                  "Actual Total Time": 2715.881,
                  "Actual Rows": 2529260,
                  "Actual Loops": 7,
                  "Inner Unique": false,
                  "Hash Cond": "(ci.movie_id = t.id)",
                  "Plans": [
                    {
                      "Node Type": "Seq Scan",
                      "Parent Relationship": "Outer",
                      "Parallel Aware": true,
                      "Relation Name": "cast_info",
                      "Alias": "ci",
                      "Startup Cost": 0.0,
                      "Total Cost": 328162.03,
                      "Plan Rows": 3089254,
                      "Plan Width": 4,
                      "Actual Startup Time": 0.026,
                      "Actual Total Time": 658.176,
                      "Actual Rows": 2651609,
                      "Actual Loops": 7,
                      "Filter": "(person_id < 1847269)",
                      "Rows Removed by Filter": 2526154
                    },
                    {
                      "Node Type": "Hash",
                      "Parent Relationship": "Inner",
                      "Parallel Aware": true,
                      "Startup Cost": 252521.31,
                      "Total Cost": 252521.31,
                      "Plan Rows": 770873,
                      "Plan Width": 8,
                      "Actual Startup Time": 982.113,
                      "Actual Total Time": 982.117,
                      "Actual Rows": 216106,
                      "Actual Loops": 7,
                      "Hash Buckets": 4194304,
                      "Original Hash Buckets": 4194304,
                      "Hash Batches": 1,
                      "Original Hash Batches": 1,
                      "Peak Memory Usage": 92032,
                      "Plans": [
                        {
                          "Node Type": "Hash Join",
                          "Parent Relationship": "Outer",
                          "Parallel Aware": true,
                          "Join Type": "Inner",
                          "Startup Cost": 48912.29,
                          "Total Cost": 252521.31,
                          "Plan Rows": 770873,
                          "Plan Width": 8,
                          "Actual Startup Time": 169.409,
                          "Actual Total Time": 863.656,
                          "Actual Rows": 216106,
                          "Actual Loops": 7,
                          "Inner Unique": true,
                          "Hash Cond": "(mi.movie_id = t.id)",
                          "Plans": [
                            {
                              "Node Type": "Seq Scan",
                              "Parent Relationship": "Outer",
                              "Parallel Aware": true,
                              "Relation Name": "movie_info",
                              "Alias": "mi",
                              "Startup Cost": 0.0,
                              "Total Cost": 198952.16,
                              "Plan Rows": 1774040,
                              "Plan Width": 4,
                              "Actual Startup Time": 0.041,
                              "Actual Total Time": 359.536,
                              "Actual Rows": 1280956,
                              "Actual Loops": 7,
                              "Filter": "(info_type_id < 15)",
                              "Rows Removed by Filter": 838432
                            },
                            {
                              "Node Type": "Hash",
                              "Parent Relationship": "Inner",
                              "Parallel Aware": true,
                              "Startup Cost": 45479.1,
                              "Total Cost": 45479.1,
                              "Plan Rows": 274655,
                              "Plan Width": 4,
                              "Actual Startup Time": 167.377,
                              "Actual Total Time": 167.378,
                              "Actual Rows": 150692,
                              "Actual Loops": 7,
                              "Hash Buckets": 2097152,
                              "Original Hash Buckets": 2097152,
                              "Hash Batches": 1,
                              "Original Hash Batches": 1,
                              "Peak Memory Usage": 57792,
                              "Plans": [
                                {
                                  "Node Type": "Seq Scan",
                                  "Parent Relationship": "Outer",
                                  "Parallel Aware": true,
                                  "Relation Name": "title",
                                  "Alias": "t",
                                  "Startup Cost": 0.0,
                                  "Total Cost": 45479.1,
                                  "Plan Rows": 274655,
                                  "Plan Width": 4,
                                  "Actual Startup Time": 0.055,
                                  "Actual Total Time": 84.08,
                                  "Actual Rows": 150692,
                                  "Actual Loops": 7,
                                  "Filter": "((kind_id > 4) AND (production_year < 2009))",
                                  "Rows Removed by Filter": 210495
                                }
                              ]
                            }
                          ]
                        }
                      ]
                    }
                  ]
                }
              ]
            }
          ]
        }
      ]
    },
    "Planning Time": 1.373,
    "Triggers": [],
    "Execution Time": 2977.058
  }
]