[
  {
    "Plan": {
      "Node Type": "Aggregate",
      "Strategy": "Plain",
      "Partial Mode": "Finalize",
      "Parallel Aware": false,
      "Startup Cost": 201898.81,
      "Total Cost": 201898.82,
      "Plan Rows": 1,
      "Plan Width": 8,
      "Actual Startup Time": 530.435,
      "Actual Total Time": 552.699,
      "Actual Rows": 1,
      "Actual Loops": 1,
      "Plans": [
        {
          "Node Type": "Gather",
          "Parent Relationship": "Outer",
          "Parallel Aware": false,
          "Startup Cost": 201898.29,
          "Total Cost": 201898.8,
          "Plan Rows": 5,
          "Plan Width": 8,
          "Actual Startup Time": 523.98,
          "Actual Total Time": 552.689,
          "Actual Rows": 6,
          "Actual Loops": 1,
          "Workers Planned": 5,
          "Workers Launched": 5,
          "Single Copy": false,
          "Plans": [
            {
              "Node Type": "Aggregate",
              "Strategy": "Plain",
              "Partial Mode": "Partial",
              "Parent Relationship": "Outer",
              "Parallel Aware": false,
              "Startup Cost": 200898.29,
              "Total Cost": 200898.3,
              "Plan Rows": 1,
              "Plan Width": 8,
              "Actual Startup Time": 513.495,
              "Actual Total Time": 513.566,
              "Actual Rows": 1,
              "Actual Loops": 6,
              "Plans": [
                {
                  "Node Type": "Hash Join",
                  "Parent Relationship": "Outer",
                  "Parallel Aware": true,
                  "Join Type": "Inner",
                  "Startup Cost": 78770.74,
                  "Total Cost": 200637.05,
                  "Plan Rows": 104495,
                  "Plan Width": 0,
                  "Actual Startup Time": 311.732,
                  "Actual Total Time": 508.139,
                  "Actual Rows": 105952,
                  "Actual Loops": 6,
                  "Inner Unique": false,
                  "Hash Cond": "(ci.movie_id = t.id)",
                  "Plans": [
                    {
                      "Node Type": "Index Scan",
                      "Parent Relationship": "Outer",
                      "Parallel Aware": true,
                      "Scan Direction": "Forward",
                      "Index Name": "role_id_cast_info",
                      "Relation Name": "cast_info",
                      "Alias": "ci",
                      "Startup Cost": 0.56,
                      "Total Cost": 119623.46,
                      "Plan Rows": 528582,
                      "Plan Width": 4,
                      "Actual Startup Time": 0.44,
                      "Actual Total Time": 142.608,
                      "Actual Rows": 141063,
                      "Actual Loops": 6,
                      "Index Cond": "(role_id = 10)",
                      "Rows Removed by Index Recheck": 0,
                      "Filter": "(person_id < 2229276)",
                      "Rows Removed by Filter": 579440
                    },
                    {
                      "Node Type": "Hash",
                      "Parent Relationship": "Inner",
                      "Parallel Aware": true,
                      "Startup Cost": 77208.25,
                      "Total Cost": 77208.25,
                      "Plan Rows": 124954,
                      "Plan Width": 8,
                      "Actual Startup Time": 308.994,
                      "Actual Total Time": 309.063,
                      "Actual Rows": 83021,
                      "Actual Loops": 6,
                      "Hash Buckets": 524288,
                      "Original Hash Buckets": 524288,
                      "Hash Batches": 1,
                      "Original Hash Batches": 1,
                      "Peak Memory Usage": 23648,
                      "Plans": [
                        {
                          "Node Type": "Hash Join",
                          "Parent Relationship": "Outer",
                          "Parallel Aware": true,
                          "Join Type": "Inner",
                          "Startup Cost": 31326.07,
                          "Total Cost": 77208.25,
                          "Plan Rows": 124954,
                          "Plan Width": 8,
                          "Actual Startup Time": 103.779,
                          "Actual Total Time": 281.354,
                          "Actual Rows": 83021,
                          "Actual Loops": 6,
                          "Inner Unique": false,
                          "Hash Cond": "(t.id = mc.movie_id)",
                          "Plans": [
                            {
                              "Node Type": "Seq Scan",
                              "Parent Relationship": "Outer",
                              "Parallel Aware": true,
                              "Relation Name": "title",
                              "Alias": "t",
                              "Startup Cost": 0.0,
                              "Total Cost": 42318.73,
                              "Plan Rows": 632073,
                              "Plan Width": 4,
                              "Actual Startup Time": 0.018,
                              "Actual Total Time": 66.866,
                              "Actual Rows": 421385,
                              "Actual Loops": 6
                            },
                            {
                              "Node Type": "Hash",
                              "Parent Relationship": "Inner",
                              "Parallel Aware": true,
                              "Startup Cost": 29310.68,
                              "Total Cost": 29310.68,
                              "Plan Rows": 161231,
                              "Plan Width": 4,
                              "Actual Startup Time": 102.425,
                              "Actual Total Time": 102.426,
                              "Actual Rows": 83021,
                              "Actual Loops": 6,
                              "Hash Buckets": 524288,
                              "Original Hash Buckets": 524288,
                              "Hash Batches": 1,
                              "Original Hash Batches": 1,
                              "Peak Memory Usage": 23712,
                              "Plans": [
                                {
                                  "Node Type": "Seq Scan",
                                  "Parent Relationship": "Outer",
                                  "Parallel Aware": true,
                                  "Relation Name": "movie_companies",
                                  "Alias": "mc",
                                  "Startup Cost": 0.0,
                                  "Total Cost": 29310.68,
                                  "Plan Rows": 161231,
                                  "Plan Width": 4,
                                  "Actual Startup Time": 0.079,
                                  "Actual Total Time": 61.772,
                                  "Actual Rows": 83021,
                                  "Actual Loops": 6,
                                  "Filter": "(company_id < 442)",
                                  "Rows Removed by Filter": 351834
                                }
                              ]
                            }
                          ]
                        }
                      ]
                    }
                  ]
                }
              ]
            }
          ]
        }
      ]
    },
    "Planning Time": 1.478,
    "Triggers": [],
    "Execution Time": 552.855
  }
]