[
  {
    "Plan": {
      "Node Type": "Aggregate",
      "Strategy": "Plain",
      "Partial Mode": "Finalize",
      "Parallel Aware": false,
      "Startup Cost": 380764.52,
      "Total Cost": 380764.53,
      "Plan Rows": 1,
      "Plan Width": 8,
      "Actual Startup Time": 1788.839,
      "Actual Total Time": 1858.174,
      "Actual Rows": 1,
      "Actual Loops": 1,
      "Plans": [
        {
          "Node Type": "Gather",
          "Parent Relationship": "Outer",
          "Parallel Aware": false,
          "Startup Cost": 380763.89,
          "Total Cost": 380764.5,
          "Plan Rows": 6,
          "Plan Width": 8,
          "Actual Startup Time": 1783.742,
          "Actual Total Time": 1858.139,
          "Actual Rows": 7,
          "Actual Loops": 1,
          "Workers Planned": 6,
          "Workers Launched": 6,
          "Single Copy": false,
          "Plans": [
            {
              "Node Type": "Aggregate",
              "Strategy": "Plain",
              "Partial Mode": "Partial",
              "Parent Relationship": "Outer",
              "Parallel Aware": false,
              "Startup Cost": 379763.89,
              "Total Cost": 379763.9,
              "Plan Rows": 1,
              "Plan Width": 8,
              "Actual Startup Time": 1775.032,
              "Actual Total Time": 1775.036,
              "Actual Rows": 1,
              "Actual Loops": 7,
              "Plans": [
                {
                  "Node Type": "Hash Join",
                  "Parent Relationship": "Outer",
                  "Parallel Aware": true,
                  "Join Type": "Inner",
                  "Startup Cost": 47305.9,
                  "Total Cost": 376272.56,
                  "Plan Rows": 1396535,
                  "Plan Width": 0,
                  "Actual Startup Time": 125.806,
                  "Actual Total Time": 1728.053,
                  "Actual Rows": 903979,
                  "Actual Loops": 7,
                  "Inner Unique": true,
                  "Hash Cond": "(ci.movie_id = t.id)",
                  "Plans": [
                    {
                      "Node Type": "Seq Scan",
                      "Parent Relationship": "Outer",
                      "Parallel Aware": true,
                      "Relation Name": "cast_info",
                      "Alias": "ci",
                      "Startup Cost": 0.0,
                      "Total Cost": 313106.51,
                      "Plan Rows": 6041951,
                      "Plan Width": 4,
                      "Actual Startup Time": 0.038,
                      "Actual Total Time": 577.161,
                      "Actual Rows": 5177763,
                      "Actual Loops": 7
                    },
                    {
                      "Node Type": "Hash",
                      "Parent Relationship": "Inner",
                      "Parallel Aware": true,
                      "Startup Cost": 45479.59,
                      "Total Cost": 45479.59,
                      "Plan Rows": 146105,
                      "Plan Width": 4,
                      "Actual Startup Time": 122.742,
                      "Actual Total Time": 122.742,
                      "Actual Rows": 69481,
                      "Actual Loops": 7,
                      "Hash Buckets": 1048576,
                      "Original Hash Buckets": 1048576,
                      "Hash Batches": 1,
                      "Original Hash Batches": 1,
                      "Peak Memory Usage": 27328,
                      "Plans": [
                        {
                          "Node Type": "Seq Scan",
                          "Parent Relationship": "Outer",
                          "Parallel Aware": true,
                          "Relation Name": "title",
                          "Alias": "t",
                          "Startup Cost": 0.0,
                          "Total Cost": 45479.59,
                          "Plan Rows": 146105,
                          "Plan Width": 4,
                          "Actual Startup Time": 0.044,
                          "Actual Total Time": 82.107,
                          "Actual Rows": 69481,
                          "Actual Loops": 7,
                          "Filter": "((production_year < 1999) AND (kind_id = 7))",
                          "Rows Removed by Filter": 291706
                        }
                      ]
                    }
                  ]
                }
              ]
            }
          ]
        }
      ]
    },
    "Planning Time": 0.375,
    "Triggers": [],
    "Execution Time": 1858.241
  }
]