[
  {
    "Plan": {
      "Node Type": "Aggregate",
      "Strategy": "Plain",
      "Partial Mode": "Finalize",
      "Parallel Aware": false,
      "Startup Cost": 95395.79,
      "Total Cost": 95395.8,
      "Plan Rows": 1,
      "Plan Width": 8,
      "Actual Startup Time": 506.57,
      "Actual Total Time": 525.307,
      "Actual Rows": 1,
      "Actual Loops": 1,
      "Plans": [
        {
          "Node Type": "Gather",
          "Parent Relationship": "Outer",
          "Parallel Aware": false,
          "Startup Cost": 95395.47,
          "Total Cost": 95395.78,
          "Plan Rows": 3,
          "Plan Width": 8,
          "Actual Startup Time": 496.378,
          "Actual Total Time": 525.296,
          "Actual Rows": 4,
          "Actual Loops": 1,
          "Workers Planned": 3,
          "Workers Launched": 3,
          "Single Copy": false,
          "Plans": [
            {
              "Node Type": "Aggregate",
              "Strategy": "Plain",
              "Partial Mode": "Partial",
              "Parent Relationship": "Outer",
              "Parallel Aware": false,
              "Startup Cost": 94395.47,
              "Total Cost": 94395.48,
              "Plan Rows": 1,
              "Plan Width": 8,
              "Actual Startup Time": 488.673,
              "Actual Total Time": 488.677,
              "Actual Rows": 1,
              "Actual Loops": 4,
              "Plans": [
                {
                  "Node Type": "Hash Join",
                  "Parent Relationship": "Outer",
                  "Parallel Aware": true,
                  "Join Type": "Inner",
                  "Startup Cost": 47636.2,
                  "Total Cost": 93133.53,
                  "Plan Rows": 504775,
                  "Plan Width": 0,
                  "Actual Startup Time": 235.401,
                  "Actual Total Time": 473.884,
                  "Actual Rows": 291842,
                  "Actual Loops": 4,
                  "Inner Unique": true,
                  "Hash Cond": "(mk.movie_id = t.id)",
                  "Plans": [
                    {
                      "Node Type": "Seq Scan",
                      "Parent Relationship": "Outer",
                      "Parallel Aware": true,
                      "Relation Name": "movie_keyword",
                      "Alias": "mk",
                      "Startup Cost": 0.0,
                      "Total Cost": 42695.65,
                      "Plan Rows": 1067307,
                      "Plan Width": 4,
                      "Actual Startup Time": 0.094,
                      "Actual Total Time": 128.075,
                      "Actual Rows": 828614,
                      "Actual Loops": 4,
                      "Filter": "(keyword_id > 1515)",
                      "Rows Removed by Filter": 302369
                    },
                    {
                      "Node Type": "Hash",
                      "Parent Relationship": "Inner",
                      "Parallel Aware": true,
                      "Startup Cost": 43899.32,
                      "Total Cost": 43899.32,
                      "Plan Rows": 298950,
                      "Plan Width": 4,
                      "Actual Startup Time": 230.492,
                      "Actual Total Time": 230.493,
                      "Actual Rows": 298130,
                      "Actual Loops": 4,
                      "Hash Buckets": 2097152,
                      "Original Hash Buckets": 2097152,
                      "Hash Batches": 1,
                      "Original Hash Batches": 1,
                      "Peak Memory Usage": 63104,
                      "Plans": [
                        {
                          "Node Type": "Seq Scan",
                          "Parent Relationship": "Outer",
                          "Parallel Aware": true,
                          "Relation Name": "title",
                          "Alias": "t",
                          "Startup Cost": 0.0,
                          "Total Cost": 43899.32,
                          "Plan Rows": 298950,
                          "Plan Width": 4,
                          "Actual Startup Time": 0.031,
                          "Actual Total Time": 117.518,
                          "Actual Rows": 298130,
                          "Actual Loops": 4,
                          "Filter": "(production_year > 2003)",
                          "Rows Removed by Filter": 333948
                        }
                      ]
                    }
                  ]
                }
              ]
            }
          ]
        }
      ]
    },
    "Planning Time": 0.379,
    "Triggers": [],
    "Execution Time": 525.355
  }
]