{
  "Plan": {
    "Node Type": "Aggregate",
    "Strategy": "Plain",
    "Partial Mode": "Finalize",
    "Parallel Aware": false,
    "Startup Cost": 591535.49,
    "Total Cost": 591535.5,
    "Plan Rows": 1,
    "Plan Width": 8,
    "Actual Startup Time": 2045.573,
    "Actual Total Time": 2113.638,
    "Actual Rows": 1,
    "Actual Loops": 1,
    "Plans": [
      {
        "Node Type": "Gather",
        "Parent Relationship": "Outer",
        "Parallel Aware": false,
        "Startup Cost": 591535.38,
        "Total Cost": 591535.49,
        "Plan Rows": 1,
        "Plan Width": 8,
        "Actual Startup Time": 2045.123,
        "Actual Total Time": 2113.63,
        "Actual Rows": 2,
        "Actual Loops": 1,
        "Workers Planned": 1,
        "Workers Launched": 1,
        "Single Copy": false,
        "Plans": [
          {
            "Node Type": "Aggregate",
            "Strategy": "Plain",
            "Partial Mode": "Partial",
            "Parent Relationship": "Outer",
            "Parallel Aware": false,
            "Startup Cost": 590535.38,
            "Total Cost": 590535.39,
            "Plan Rows": 1,
            "Plan Width": 8,
            "Actual Startup Time": 2042.319,
            "Actual Total Time": 2042.322,
            "Actual Rows": 1,
            "Actual Loops": 2,
            "Plans": [
              {
                "Node Type": "Hash Join",
                "Parent Relationship": "Outer",
                "Parallel Aware": true,
                "Join Type": "Inner",
                "Startup Cost": 55965.96,
                "Total Cost": 589513.61,
                "Plan Rows": 408706,
                "Plan Width": 0,
                "Actual Startup Time": 809.039,
                "Actual Total Time": 2035.038,
                "Actual Rows": 162712,
                "Actual Loops": 2,
                "Inner Unique": true,
                "Hash Cond": "(ci.movie_id = t.id)",
                "Plans": [
                  {
                    "Node Type": "Seq Scan",
                    "Parent Relationship": "Outer",
                    "Parallel Aware": true,
                    "Relation Name": "cast_info",
                    "Alias": "ci",
                    "Startup Cost": 0.0,
                    "Total Cost": 519069.44,
                    "Plan Rows": 5515498,
                    "Plan Width": 4,
                    "Actual Startup Time": 652.246,
                    "Actual Total Time": 1275.046,
                    "Actual Rows": 4642083,
                    "Actual Loops": 2,
                    "Filter": "(person_id > 2773054)",
                    "Rows Removed by Filter": 13480089
                  },
                  {
                    "Node Type": "Hash",
                    "Parent Relationship": "Inner",
                    "Parallel Aware": true,
                    "Startup Cost": 54588.39,
                    "Total Cost": 54588.39,
                    "Plan Rows": 110206,
                    "Plan Width": 4,
                    "Actual Startup Time": 154.343,
                    "Actual Total Time": 154.344,
                    "Actual Rows": 97494,
                    "Actual Loops": 2,
                    "Hash Buckets": 262144,
                    "Original Hash Buckets": 262144,
                    "Hash Batches": 1,
                    "Original Hash Batches": 1,
                    "Peak Memory Usage": 9696,
                    "Plans": [
                      {
                        "Node Type": "Seq Scan",
                        "Parent Relationship": "Outer",
                        "Parallel Aware": true,
                        "Relation Name": "title",
                        "Alias": "t",
                        "Startup Cost": 0.0,
                        "Total Cost": 54588.39,
                        "Plan Rows": 110206,
                        "Plan Width": 4,
                        "Actual Startup Time": 0.02,
                        "Actual Total Time": 132.44,
                        "Actual Rows": 97494,
                        "Actual Loops": 2,
                        "Filter": "(production_year < 1955)",
                        "Rows Removed by Filter": 1166662
                      }
                    ]
                  }
                ]
              }
            ]
          }
        ]
      }
    ]
  },
  "Planning Time": 0.334,
  "Triggers": [],
  "Execution Time": 2113.699
}