[
  {
    "Plan": {
      "Node Type": "Aggregate",
      "Strategy": "Plain",
      "Partial Mode": "Finalize",
      "Parallel Aware": false,
      "Startup Cost": 28883.85,
      "Total Cost": 28883.86,
      "Plan Rows": 1,
      "Plan Width": 8,
      "Actual Startup Time": 81.667,
      "Actual Total Time": 85.326,
      "Actual Rows": 1,
      "Actual Loops": 1,
      "Plans": [
        {
          "Node Type": "Gather",
          "Parent Relationship": "Outer",
          "Parallel Aware": false,
          "Startup Cost": 28883.53,
          "Total Cost": 28883.84,
          "Plan Rows": 3,
          "Plan Width": 8,
          "Actual Startup Time": 81.507,
          "Actual Total Time": 85.319,
          "Actual Rows": 4,
          "Actual Loops": 1,
          "Workers Planned": 3,
          "Workers Launched": 3,
          "Single Copy": false,
          "Plans": [
            {
              "Node Type": "Aggregate",
              "Strategy": "Plain",
              "Partial Mode": "Partial",
              "Parent Relationship": "Outer",
              "Parallel Aware": false,
              "Startup Cost": 27883.53,
              "Total Cost": 27883.54,
              "Plan Rows": 1,
              "Plan Width": 8,
              "Actual Startup Time": 74.505,
              "Actual Total Time": 74.507,
              "Actual Rows": 1,
              "Actual Loops": 4,
              "Plans": [
                {
                  "Node Type": "Bitmap Heap Scan",
                  "Parent Relationship": "Outer",
                  "Parallel Aware": true,
                  "Relation Name": "movie_companies",
                  "Alias": "mc",
                  "Startup Cost": 7312.59,
                  "Total Cost": 27744.58,
                  "Plan Rows": 55580,
                  "Plan Width": 0,
                  "Actual Startup Time": 32.83,
                  "Actual Total Time": 68.706,
                  "Actual Rows": 85224,
                  "Actual Loops": 4,
                  "Recheck Cond": "(company_id > 89228)",
                  "Rows Removed by Index Recheck": 0,
                  "Filter": "(company_type_id = 2)",
                  "Rows Removed by Filter": 0,
                  "Exact Heap Blocks": 2786,
                  "Lossy Heap Blocks": 0,
                  "Plans": [
                    {
                      "Node Type": "Bitmap Index Scan",
                      "Parent Relationship": "Outer",
                      "Parallel Aware": false,
                      "Index Name": "company_id_movie_companies",
                      "Startup Cost": 0.0,
                      "Total Cost": 7269.52,
                      "Plan Rows": 339345,
                      "Plan Width": 0,
                      "Actual Startup Time": 37.913,
                      "Actual Total Time": 37.913,
                      "Actual Rows": 340895,
                      "Actual Loops": 1,
                      "Index Cond": "(company_id > 89228)"
                    }
                  ]
                }
              ]
            }
          ]
        }
      ]
    },
    "Planning Time": 0.249,
    "Triggers": [],
    "Execution Time": 85.403
  }
]