[
  {
    "Plan": {
      "Node Type": "Aggregate",
      "Strategy": "Plain",
      "Partial Mode": "Finalize",
      "Parallel Aware": false,
      "Startup Cost": 88538.57,
      "Total Cost": 88538.58,
      "Plan Rows": 1,
      "Plan Width": 8,
      "Actual Startup Time": 435.678,
      "Actual Total Time": 498.11,
      "Actual Rows": 1,
      "Actual Loops": 1,
      "Plans": [
        {
          "Node Type": "Gather",
          "Parent Relationship": "Outer",
          "Parallel Aware": false,
          "Startup Cost": 88538.26,
          "Total Cost": 88538.57,
          "Plan Rows": 3,
          "Plan Width": 8,
          "Actual Startup Time": 435.183,
          "Actual Total Time": 498.097,
          "Actual Rows": 4,
          "Actual Loops": 1,
          "Workers Planned": 3,
          "Workers Launched": 3,
          "Single Copy": false,
          "Plans": [
            {
              "Node Type": "Aggregate",
              "Strategy": "Plain",
              "Partial Mode": "Partial",
              "Parent Relationship": "Outer",
              "Parallel Aware": false,
              "Startup Cost": 87538.26,
              "Total Cost": 87538.27,
              "Plan Rows": 1,
              "Plan Width": 8,
              "Actual Startup Time": 425.577,
              "Actual Total Time": 425.58,
              "Actual Rows": 1,
              "Actual Loops": 4,
              "Plans": [
                {
                  "Node Type": "Nested Loop",
                  "Parent Relationship": "Outer",
                  "Parallel Aware": false,
                  "Join Type": "Inner",
                  "Startup Cost": 692.43,
                  "Total Cost": 87276.54,
                  "Plan Rows": 104685,
                  "Plan Width": 0,
                  "Actual Startup Time": 2.925,
                  "Actual Total Time": 417.059,
                  "Actual Rows": 143087,
                  "Actual Loops": 4,
                  "Inner Unique": false,
                  "Plans": [
                    {
                      "Node Type": "Nested Loop",
                      "Parent Relationship": "Outer",
                      "Parallel Aware": false,
                      "Join Type": "Inner",
                      "Startup Cost": 691.86,
                      "Total Cost": 64960.65,
                      "Plan Rows": 10281,
                      "Plan Width": 8,
                      "Actual Startup Time": 2.221,
                      "Actual Total Time": 30.177,
                      "Actual Rows": 7397,
                      "Actual Loops": 4,
                      "Inner Unique": true,
                      "Plans": [
                        {
                          "Node Type": "Bitmap Heap Scan",
                          "Parent Relationship": "Outer",
                          "Parallel Aware": true,
                          "Relation Name": "movie_companies",
                          "Alias": "mc",
                          "Startup Cost": 691.43,
                          "Total Cost": 20237.19,
                          "Plan Rows": 10281,
                          "Plan Width": 4,
                          "Actual Startup Time": 2.003,
                          "Actual Total Time": 4.877,
                          "Actual Rows": 7397,
                          "Actual Loops": 4,
                          "Recheck Cond": "(company_id > 208053)",
                          "Rows Removed by Index Recheck": 0,
                          "Exact Heap Blocks": 441,
                          "Lossy Heap Blocks": 0,
                          "Plans": [
                            {
                              "Node Type": "Bitmap Index Scan",
                              "Parent Relationship": "Outer",
                              "Parallel Aware": false,
                              "Index Name": "company_id_movie_companies",
                              "Startup Cost": 0.0,
                              "Total Cost": 683.46,
                              "Plan Rows": 31871,
                              "Plan Width": 0,
                              "Actual Startup Time": 7.038,
                              "Actual Total Time": 7.039,
                              "Actual Rows": 29589,
                              "Actual Loops": 1,
                              "Index Cond": "(company_id > 208053)"
                            }
                          ]
                        },
                        {
                          "Node Type": "Index Only Scan",
                          "Parent Relationship": "Inner",
                          "Parallel Aware": false,
                          "Scan Direction": "Forward",
                          "Index Name": "title_pkey",
                          "Relation Name": "title",
                          "Alias": "t",
                          "Startup Cost": 0.43,
                          "Total Cost": 4.35,
                          "Plan Rows": 1,
                          "Plan Width": 4,
                          "Actual Startup Time": 0.003,
                          "Actual Total Time": 0.003,
                          "Actual Rows": 1,
                          "Actual Loops": 29589,
                          "Index Cond": "(id = mc.movie_id)",
                          "Rows Removed by Index Recheck": 0,
                          "Heap Fetches": 29589
                        }
                      ]
                    },
                    {
                      "Node Type": "Index Scan",
                      "Parent Relationship": "Inner",
                      "Parallel Aware": false,
                      "Scan Direction": "Forward",
                      "Index Name": "movie_id_cast_info",
                      "Relation Name": "cast_info",
                      "Alias": "ci",
                      "Startup Cost": 0.56,
                      "Total Cost": 1.91,
                      "Plan Rows": 26,
                      "Plan Width": 4,
                      "Actual Startup Time": 0.015,
                      "Actual Total Time": 0.05,
                      "Actual Rows": 19,
                      "Actual Loops": 29589,
                      "Index Cond": "(movie_id = t.id)",
                      "Rows Removed by Index Recheck": 0,
                      "Filter": "(person_id > 1033588)",
                      "Rows Removed by Filter": 8
                    }
                  ]
                }
              ]
            }
          ]
        }
      ]
    },
    "Planning Time": 1.438,
    "Triggers": [],
    "Execution Time": 498.235
  }
]