[
  {
    "Plan": {
      "Node Type": "Aggregate",
      "Strategy": "Plain",
      "Partial Mode": "Finalize",
      "Parallel Aware": false,
      "Startup Cost": 32964.84,
      "Total Cost": 32964.85,
      "Plan Rows": 1,
      "Plan Width": 8,
      "Actual Startup Time": 118.674,
      "Actual Total Time": 129.332,
      "Actual Rows": 1,
      "Actual Loops": 1,
      "Plans": [
        {
          "Node Type": "Gather",
          "Parent Relationship": "Outer",
          "Parallel Aware": false,
          "Startup Cost": 32964.52,
          "Total Cost": 32964.83,
          "Plan Rows": 3,
          "Plan Width": 8,
          "Actual Startup Time": 118.455,
          "Actual Total Time": 129.319,
          "Actual Rows": 4,
          "Actual Loops": 1,
          "Workers Planned": 3,
          "Workers Launched": 3,
          "Single Copy": false,
          "Plans": [
            {
              "Node Type": "Aggregate",
              "Strategy": "Plain",
              "Partial Mode": "Partial",
              "Parent Relationship": "Outer",
              "Parallel Aware": false,
              "Startup Cost": 31964.52,
              "Total Cost": 31964.53,
              "Plan Rows": 1,
              "Plan Width": 8,
              "Actual Startup Time": 109.536,
              "Actual Total Time": 109.538,
              "Actual Rows": 1,
              "Actual Loops": 4,
              "Plans": [
                {
                  "Node Type": "Seq Scan",
                  "Parent Relationship": "Outer",
                  "Parallel Aware": true,
                  "Relation Name": "movie_companies",
                  "Alias": "mc",
                  "Startup Cost": 0.0,
                  "Total Cost": 31414.82,
                  "Plan Rows": 219882,
                  "Plan Width": 0,
                  "Actual Startup Time": 23.762,
                  "Actual Total Time": 101.976,
                  "Actual Rows": 112558,
                  "Actual Loops": 4,
                  "Filter": "((company_id > 11138) AND (company_type_id = 1))",
                  "Rows Removed by Filter": 539724
                }
              ]
            }
          ]
        }
      ]
    },
    "Planning Time": 0.213,
    "Triggers": [],
    "Execution Time": 129.389
  }
]