{
  "Plan": {
    "Node Type": "Aggregate",
    "Strategy": "Plain",
    "Partial Mode": "Finalize",
    "Parallel Aware": false,
    "Startup Cost": 77733.07,
    "Total Cost": 77733.08,
    "Plan Rows": 1,
    "Plan Width": 8,
    "Actual Startup Time": 105.634,
    "Actual Total Time": 121.904,
    "Actual Rows": 1,
    "Actual Loops": 1,
    "Plans": [
      {
        "Node Type": "Gather",
        "Parent Relationship": "Outer",
        "Parallel Aware": false,
        "Startup Cost": 77732.95,
        "Total Cost": 77733.06,
        "Plan Rows": 1,
        "Plan Width": 8,
        "Actual Startup Time": 105.511,
        "Actual Total Time": 121.896,
        "Actual Rows": 2,
        "Actual Loops": 1,
        "Workers Planned": 1,
        "Workers Launched": 1,
        "Single Copy": false,
        "Plans": [
          {
            "Node Type": "Aggregate",
            "Strategy": "Plain",
            "Partial Mode": "Partial",
            "Parent Relationship": "Outer",
            "Parallel Aware": false,
            "Startup Cost": 76732.95,
            "Total Cost": 76732.96,
            "Plan Rows": 1,
            "Plan Width": 8,
            "Actual Startup Time": 99.309,
            "Actual Total Time": 99.311,
            "Actual Rows": 1,
            "Actual Loops": 2,
            "Plans": [
              {
                "Node Type": "Nested Loop",
                "Parent Relationship": "Outer",
                "Parallel Aware": false,
                "Join Type": "Inner",
                "Startup Cost": 297.2,
                "Total Cost": 76711.82,
                "Plan Rows": 8452,
                "Plan Width": 0,
                "Actual Startup Time": 4.358,
                "Actual Total Time": 97.557,
                "Actual Rows": 24774,
                "Actual Loops": 2,
                "Inner Unique": false,
                "Plans": [
                  {
                    "Node Type": "Nested Loop",
                    "Parent Relationship": "Outer",
                    "Parallel Aware": false,
                    "Join Type": "Inner",
                    "Startup Cost": 296.77,
                    "Total Cost": 71697.18,
                    "Plan Rows": 8190,
                    "Plan Width": 8,
                    "Actual Startup Time": 4.221,
                    "Actual Total Time": 55.462,
                    "Actual Rows": 7186,
                    "Actual Loops": 2,
                    "Inner Unique": true,
                    "Plans": [
                      {
                        "Node Type": "Bitmap Heap Scan",
                        "Parent Relationship": "Outer",
                        "Parallel Aware": true,
                        "Relation Name": "movie_keyword",
                        "Alias": "mk",
                        "Startup Cost": 296.34,
                        "Total Cost": 22105.09,
                        "Plan Rows": 8190,
                        "Plan Width": 4,
                        "Actual Startup Time": 4.074,
                        "Actual Total Time": 14.925,
                        "Actual Rows": 7186,
                        "Actual Loops": 2,
                        "Recheck Cond": "(keyword_id < 3)",
                        "Rows Removed by Index Recheck": 0,
                        "Exact Heap Blocks": 4183,
                        "Lossy Heap Blocks": 0,
                        "Plans": [
                          {
                            "Node Type": "Bitmap Index Scan",
                            "Parent Relationship": "Outer",
                            "Parallel Aware": false,
                            "Index Name": "keyword_id_movie_keyword",
                            "Startup Cost": 0.0,
                            "Total Cost": 292.86,
                            "Plan Rows": 13923,
                            "Plan Width": 0,
                            "Actual Startup Time": 5.069,
                            "Actual Total Time": 5.07,
                            "Actual Rows": 14373,
                            "Actual Loops": 1,
                            "Index Cond": "(keyword_id < 3)"
                          }
                        ]
                      },
                      {
                        "Node Type": "Index Only Scan",
                        "Parent Relationship": "Inner",
                        "Parallel Aware": false,
                        "Scan Direction": "Forward",
                        "Index Name": "title_pkey",
                        "Relation Name": "title",
                        "Alias": "t",
                        "Startup Cost": 0.43,
                        "Total Cost": 6.06,
                        "Plan Rows": 1,
                        "Plan Width": 4,
                        "Actual Startup Time": 0.005,
                        "Actual Total Time": 0.005,
                        "Actual Rows": 1,
                        "Actual Loops": 14373,
                        "Index Cond": "(id = mk.movie_id)",
                        "Rows Removed by Index Recheck": 0,
                        "Heap Fetches": 14373
                      }
                    ]
                  },
                  {
                    "Node Type": "Index Only Scan",
                    "Parent Relationship": "Inner",
                    "Parallel Aware": false,
                    "Scan Direction": "Forward",
                    "Index Name": "movie_id_movie_companies",
                    "Relation Name": "movie_companies",
                    "Alias": "mc",
                    "Startup Cost": 0.43,
                    "Total Cost": 0.56,
                    "Plan Rows": 5,
                    "Plan Width": 4,
                    "Actual Startup Time": 0.004,
                    "Actual Total Time": 0.005,
                    "Actual Rows": 3,
                    "Actual Loops": 14373,
                    "Index Cond": "(movie_id = t.id)",
                    "Rows Removed by Index Recheck": 0,
                    "Heap Fetches": 49549
                  }
                ]
              }
            ]
          }
        ]
      }
    ]
  },
  "Planning Time": 1.139,
  "Triggers": [],
  "Execution Time": 122.004
}