{
  "Plan": {
    "Node Type": "Aggregate",
    "Strategy": "Plain",
    "Partial Mode": "Finalize",
    "Parallel Aware": false,
    "Startup Cost": 438396.23,
    "Total Cost": 438396.24,
    "Plan Rows": 1,
    "Plan Width": 8,
    "Actual Startup Time": 3586.532,
    "Actual Total Time": 3642.307,
    "Actual Rows": 1,
    "Actual Loops": 1,
    "Plans": [
      {
        "Node Type": "Gather",
        "Parent Relationship": "Outer",
        "Parallel Aware": false,
        "Startup Cost": 438396.12,
        "Total Cost": 438396.23,
        "Plan Rows": 1,
        "Plan Width": 8,
        "Actual Startup Time": 3579.903,
        "Actual Total Time": 3642.298,
        "Actual Rows": 2,
        "Actual Loops": 1,
        "Workers Planned": 1,
        "Workers Launched": 1,
        "Single Copy": false,
        "Plans": [
          {
            "Node Type": "Aggregate",
            "Strategy": "Plain",
            "Partial Mode": "Partial",
            "Parent Relationship": "Outer",
            "Parallel Aware": false,
            "Startup Cost": 437396.12,
            "Total Cost": 437396.13,
            "Plan Rows": 1,
            "Plan Width": 8,
            "Actual Startup Time": 3573.536,
            "Actual Total Time": 3573.544,
            "Actual Rows": 1,
            "Actual Loops": 2,
            "Plans": [
              {
                "Node Type": "Hash Join",
                "Parent Relationship": "Outer",
                "Parallel Aware": true,
                "Join Type": "Inner",
                "Startup Cost": 128633.06,
                "Total Cost": 432283.17,
                "Plan Rows": 2045179,
                "Plan Width": 0,
                "Actual Startup Time": 882.671,
                "Actual Total Time": 3110.778,
                "Actual Rows": 11941565,
                "Actual Loops": 2,
                "Inner Unique": false,
                "Hash Cond": "(mi.movie_id = t.id)",
                "Plans": [
                  {
                    "Node Type": "Seq Scan",
                    "Parent Relationship": "Outer",
                    "Parallel Aware": true,
                    "Relation Name": "movie_info",
                    "Alias": "mi",
                    "Startup Cost": 0.0,
                    "Total Cost": 270696.42,
                    "Plan Rows": 5579529,
                    "Plan Width": 4,
                    "Actual Startup Time": 0.017,
                    "Actual Total Time": 719.517,
                    "Actual Rows": 4782576,
                    "Actual Loops": 2,
                    "Filter": "(info_type_id < 16)",
                    "Rows Removed by Filter": 2635284
                  },
                  {
                    "Node Type": "Hash",
                    "Parent Relationship": "Inner",
                    "Parallel Aware": true,
                    "Startup Cost": 121818.74,
                    "Total Cost": 121818.74,
                    "Plan Rows": 545145,
                    "Plan Width": 8,
                    "Actual Startup Time": 872.708,
                    "Actual Total Time": 872.713,
                    "Actual Rows": 454626,
                    "Actual Loops": 2,
                    "Hash Buckets": 1048576,
                    "Original Hash Buckets": 1048576,
                    "Hash Batches": 1,
                    "Original Hash Batches": 1,
                    "Peak Memory Usage": 43808,
                    "Plans": [
                      {
                        "Node Type": "Hash Join",
                        "Parent Relationship": "Outer",
                        "Parallel Aware": true,
                        "Join Type": "Inner",
                        "Startup Cost": 89119.42,
                        "Total Cost": 121818.74,
                        "Plan Rows": 545145,
                        "Plan Width": 8,
                        "Actual Startup Time": 582.676,
                        "Actual Total Time": 781.07,
                        "Actual Rows": 454626,
                        "Actual Loops": 2,
                        "Inner Unique": true,
                        "Hash Cond": "(mk.movie_id = t.id)",
                        "Plans": [
                          {
                            "Node Type": "Bitmap Heap Scan",
                            "Parent Relationship": "Outer",
                            "Parallel Aware": true,
                            "Relation Name": "movie_keyword",
                            "Alias": "mk",
                            "Startup Cost": 19658.72,
                            "Total Cost": 50927.04,
                            "Plan Rows": 545145,
                            "Plan Width": 4,
                            "Actual Startup Time": 50.855,
                            "Actual Total Time": 138.926,
                            "Actual Rows": 454626,
                            "Actual Loops": 2,
                            "Recheck Cond": "(keyword_id > 20342)",
                            "Rows Removed by Index Recheck": 0,
                            "Exact Heap Blocks": 13083,
                            "Lossy Heap Blocks": 0,
                            "Plans": [
                              {
                                "Node Type": "Bitmap Index Scan",
                                "Parent Relationship": "Outer",
                                "Parallel Aware": false,
                                "Index Name": "keyword_id_movie_keyword",
                                "Startup Cost": 0.0,
                                "Total Cost": 19427.03,
                                "Plan Rows": 926747,
                                "Plan Width": 0,
                                "Actual Startup Time": 47.221,
                                "Actual Total Time": 47.221,
                                "Actual Rows": 909252,
                                "Actual Loops": 1,
                                "Index Cond": "(keyword_id > 20342)"
                              }
                            ]
                          },
                          {
                            "Node Type": "Hash",
                            "Parent Relationship": "Inner",
                            "Parallel Aware": true,
                            "Startup Cost": 50870.31,
                            "Total Cost": 50870.31,
                            "Plan Rows": 1487231,
                            "Plan Width": 4,
                            "Actual Startup Time": 516.287,
                            "Actual Total Time": 516.287,
                            "Actual Rows": 1264156,
                            "Actual Loops": 2,
                            "Hash Buckets": 4194304,
                            "Original Hash Buckets": 4194304,
                            "Hash Batches": 1,
                            "Original Hash Batches": 1,
                            "Peak Memory Usage": 131712,
                            "Plans": [
                              {
                                "Node Type": "Seq Scan",
                                "Parent Relationship": "Outer",
                                "Parallel Aware": true,
                                "Relation Name": "title",
                                "Alias": "t",
                                "Startup Cost": 0.0,
                                "Total Cost": 50870.31,
                                "Plan Rows": 1487231,
                                "Plan Width": 4,
                                "Actual Startup Time": 0.033,
                                "Actual Total Time": 148.172,
                                "Actual Rows": 1264156,
                                "Actual Loops": 2
                              }
                            ]
                          }
                        ]
                      }
                    ]
                  }
                ]
              }
            ]
          }
        ]
      }
    ]
  },
  "Planning Time": 0.884,
  "Triggers": [],
  "Execution Time": 3642.42
}