[
  {
    "Plan": {
      "Node Type": "Aggregate",
      "Strategy": "Plain",
      "Partial Mode": "Finalize",
      "Parallel Aware": false,
      "Startup Cost": 81362.98,
      "Total Cost": 81362.99,
      "Plan Rows": 1,
      "Plan Width": 8,
      "Actual Startup Time": 425.41,
      "Actual Total Time": 442.03,
      "Actual Rows": 1,
      "Actual Loops": 1,
      "Plans": [
        {
          "Node Type": "Gather",
          "Parent Relationship": "Outer",
          "Parallel Aware": false,
          "Startup Cost": 81362.56,
          "Total Cost": 81362.97,
          "Plan Rows": 4,
          "Plan Width": 8,
          "Actual Startup Time": 417.286,
          "Actual Total Time": 442.019,
          "Actual Rows": 5,
          "Actual Loops": 1,
          "Workers Planned": 4,
          "Workers Launched": 4,
          "Single Copy": false,
          "Plans": [
            {
              "Node Type": "Aggregate",
              "Strategy": "Plain",
              "Partial Mode": "Partial",
              "Parent Relationship": "Outer",
              "Parallel Aware": false,
              "Startup Cost": 80362.56,
              "Total Cost": 80362.57,
              "Plan Rows": 1,
              "Plan Width": 8,
              "Actual Startup Time": 408.0,
              "Actual Total Time": 408.005,
              "Actual Rows": 1,
              "Actual Loops": 5,
              "Plans": [
                {
                  "Node Type": "Hash Join",
                  "Parent Relationship": "Outer",
                  "Parallel Aware": true,
                  "Join Type": "Inner",
                  "Startup Cost": 33423.43,
                  "Total Cost": 79725.08,
                  "Plan Rows": 254991,
                  "Plan Width": 0,
                  "Actual Startup Time": 152.017,
                  "Actual Total Time": 397.972,
                  "Actual Rows": 206400,
                  "Actual Loops": 5,
                  "Inner Unique": false,
                  "Hash Cond": "(t.id = mc.movie_id)",
                  "Plans": [
                    {
                      "Node Type": "Seq Scan",
                      "Parent Relationship": "Outer",
                      "Parallel Aware": true,
                      "Relation Name": "title",
                      "Alias": "t",
                      "Startup Cost": 0.0,
                      "Total Cost": 42318.73,
                      "Plan Rows": 632073,
                      "Plan Width": 4,
                      "Actual Startup Time": 0.016,
                      "Actual Total Time": 68.39,
                      "Actual Rows": 505662,
                      "Actual Loops": 5
                    },
                    {
                      "Node Type": "Hash",
                      "Parent Relationship": "Inner",
                      "Parallel Aware": true,
                      "Startup Cost": 29310.68,
                      "Total Cost": 29310.68,
                      "Plan Rows": 329020,
                      "Plan Width": 4,
                      "Actual Startup Time": 147.503,
                      "Actual Total Time": 147.505,
                      "Actual Rows": 206400,
                      "Actual Loops": 5,
                      "Hash Buckets": 1048576,
                      "Original Hash Buckets": 1048576,
                      "Hash Batches": 1,
                      "Original Hash Batches": 1,
                      "Peak Memory Usage": 48672,
                      "Plans": [
                        {
                          "Node Type": "Seq Scan",
                          "Parent Relationship": "Outer",
                          "Parallel Aware": true,
                          "Relation Name": "movie_companies",
                          "Alias": "mc",
                          "Startup Cost": 0.0,
                          "Total Cost": 29310.68,
                          "Plan Rows": 329020,
                          "Plan Width": 4,
                          "Actual Startup Time": 21.459,
                          "Actual Total Time": 77.631,
                          "Actual Rows": 206400,
                          "Actual Loops": 5,
                          "Filter": "(company_id > 15543)",
                          "Rows Removed by Filter": 315425
                        }
                      ]
                    }
                  ]
                }
              ]
            }
          ]
        }
      ]
    },
    "Planning Time": 0.637,
    "Triggers": [],
    "Execution Time": 442.109
  }
]