[
  {
    "Plan": {
      "Node Type": "Aggregate",
      "Strategy": "Plain",
      "Partial Mode": "Finalize",
      "Parallel Aware": false,
      "Startup Cost": 68934.78,
      "Total Cost": 68934.79,
      "Plan Rows": 1,
      "Plan Width": 8,
      "Actual Startup Time": 196.416,
      "Actual Total Time": 205.555,
      "Actual Rows": 1,
      "Actual Loops": 1,
      "Plans": [
        {
          "Node Type": "Gather",
          "Parent Relationship": "Outer",
          "Parallel Aware": false,
          "Startup Cost": 68934.46,
          "Total Cost": 68934.77,
          "Plan Rows": 3,
          "Plan Width": 8,
          "Actual Startup Time": 192.338,
          "Actual Total Time": 205.549,
          "Actual Rows": 4,
          "Actual Loops": 1,
          "Workers Planned": 3,
          "Workers Launched": 3,
          "Single Copy": false,
          "Plans": [
            {
              "Node Type": "Aggregate",
              "Strategy": "Plain",
              "Partial Mode": "Partial",
              "Parent Relationship": "Outer",
              "Parallel Aware": false,
              "Startup Cost": 67934.46,
              "Total Cost": 67934.47,
              "Plan Rows": 1,
              "Plan Width": 8,
              "Actual Startup Time": 185.801,
              "Actual Total Time": 185.803,
              "Actual Rows": 1,
              "Actual Loops": 4,
              "Plans": [
                {
                  "Node Type": "Nested Loop",
                  "Parent Relationship": "Outer",
                  "Parallel Aware": false,
                  "Join Type": "Inner",
                  "Startup Cost": 21691.76,
                  "Total Cost": 67924.55,
                  "Plan Rows": 3967,
                  "Plan Width": 0,
                  "Actual Startup Time": 125.855,
                  "Actual Total Time": 185.318,
                  "Actual Rows": 6137,
                  "Actual Loops": 4,
                  "Inner Unique": true,
                  "Plans": [
                    {
                      "Node Type": "Hash Join",
                      "Parent Relationship": "Outer",
                      "Parallel Aware": true,
                      "Join Type": "Inner",
                      "Startup Cost": 21691.33,
                      "Total Cost": 47553.62,
                      "Plan Rows": 35096,
                      "Plan Width": 8,
                      "Actual Startup Time": 125.811,
                      "Actual Total Time": 143.763,
                      "Actual Rows": 12024,
                      "Actual Loops": 4,
                      "Inner Unique": false,
                      "Hash Cond": "(mk.movie_id = mi_idx.movie_id)",
                      "Plans": [
                        {
                          "Node Type": "Bitmap Heap Scan",
                          "Parent Relationship": "Outer",
                          "Parallel Aware": true,
                          "Relation Name": "movie_keyword",
                          "Alias": "mk",
                          "Startup Cost": 818.5,
                          "Total Cost": 26488.04,
                          "Plan Rows": 12406,
                          "Plan Width": 4,
                          "Actual Startup Time": 3.438,
                          "Actual Total Time": 14.033,
                          "Actual Rows": 6962,
                          "Actual Loops": 4,
                          "Recheck Cond": "(keyword_id < 31)",
                          "Rows Removed by Index Recheck": 0,
                          "Exact Heap Blocks": 3755,
                          "Lossy Heap Blocks": 0,
                          "Plans": [
                            {
                              "Node Type": "Bitmap Index Scan",
                              "Parent Relationship": "Outer",
                              "Parallel Aware": false,
                              "Index Name": "keyword_id_movie_keyword",
                              "Startup Cost": 0.0,
                              "Total Cost": 808.88,
                              "Plan Rows": 38460,
                              "Plan Width": 0,
                              "Actual Startup Time": 2.071,
                              "Actual Total Time": 2.071,
                              "Actual Rows": 27848,
                              "Actual Loops": 1,
                              "Index Cond": "(keyword_id < 31)"
                            }
                          ]
                        },
                        {
                          "Node Type": "Hash",
                          "Parent Relationship": "Inner",
                          "Parallel Aware": true,
                          "Startup Cost": 13685.15,
                          "Total Cost": 13685.15,
                          "Plan Rows": 575015,
                          "Plan Width": 4,
                          "Actual Startup Time": 118.476,
                          "Actual Total Time": 118.477,
                          "Actual Rows": 345009,
                          "Actual Loops": 4,
                          "Hash Buckets": 2097152,
                          "Original Hash Buckets": 2097152,
                          "Hash Batches": 1,
                          "Original Hash Batches": 1,
                          "Peak Memory Usage": 70432,
                          "Plans": [
                            {
                              "Node Type": "Seq Scan",
                              "Parent Relationship": "Outer",
                              "Parallel Aware": true,
                              "Relation Name": "movie_info_idx",
                              "Alias": "mi_idx",
                              "Startup Cost": 0.0,
                              "Total Cost": 13685.15,
                              "Plan Rows": 575015,
                              "Plan Width": 4,
                              "Actual Startup Time": 0.031,
                              "Actual Total Time": 38.688,
                              "Actual Rows": 345009,
                              "Actual Loops": 4
                            }
                          ]
                        }
                      ]
                    },
                    {
                      "Node Type": "Index Scan",
                      "Parent Relationship": "Inner",
                      "Parallel Aware": false,
                      "Scan Direction": "Forward",
                      "Index Name": "title_pkey",
                      "Relation Name": "title",
                      "Alias": "t",
                      "Startup Cost": 0.43,
                      "Total Cost": 0.58,
                      "Plan Rows": 1,
                      "Plan Width": 4,
                      "Actual Startup Time": 0.003,
                      "Actual Total Time": 0.003,
                      "Actual Rows": 1,
                      "Actual Loops": 48094,
                      "Index Cond": "(id = mi_idx.movie_id)",
                      "Rows Removed by Index Recheck": 0,
                      "Filter": "(production_year > 1998)",
                      "Rows Removed by Filter": 0
                    }
                  ]
                }
              ]
            }
          ]
        }
      ]
    },
    "Planning Time": 0.431,
    "Triggers": [],
    "Execution Time": 205.596
  }
]