{
  "Plan": {
    "Node Type": "Aggregate",
    "Strategy": "Plain",
    "Partial Mode": "Simple",
    "Parallel Aware": false,
    "Startup Cost": 470784.21,
    "Total Cost": 470784.22,
    "Plan Rows": 1,
    "Plan Width": 96,
    "Actual Startup Time": 9614.555,
    "Actual Total Time": 9773.195,
    "Actual Rows": 1,
    "Actual Loops": 1,
    "Plans": [
      {
        "Node Type": "Gather",
        "Parent Relationship": "Outer",
        "Parallel Aware": false,
        "Startup Cost": 21524.75,
        "Total Cost": 470784.2,
        "Plan Rows": 1,
        "Plan Width": 66,
        "Actual Startup Time": 187.891,
        "Actual Total Time": 9769.643,
        "Actual Rows": 13237,
        "Actual Loops": 1,
        "Workers Planned": 1,
        "Workers Launched": 1,
        "Single Copy": false,
        "Plans": [
          {
            "Node Type": "Hash Join",
            "Parent Relationship": "Outer",
            "Parallel Aware": false,
            "Join Type": "Inner",
            "Startup Cost": 20524.75,
            "Total Cost": 469784.1,
            "Plan Rows": 1,
            "Plan Width": 66,
            "Actual Startup Time": 224.813,
            "Actual Total Time": 9599.739,
            "Actual Rows": 6618,
            "Actual Loops": 2,
            "Inner Unique": true,
            "Hash Cond": "(mi_idx.info_type_id = it2.id)",
            "Plans": [
              {
                "Node Type": "Hash Join",
                "Parent Relationship": "Outer",
                "Parallel Aware": false,
                "Join Type": "Inner",
                "Startup Cost": 20522.32,
                "Total Cost": 469781.61,
                "Plan Rows": 24,
                "Plan Width": 70,
                "Actual Startup Time": 224.484,
                "Actual Total Time": 9596.756,
                "Actual Rows": 10028,
                "Actual Loops": 2,
                "Inner Unique": true,
                "Hash Cond": "(mi.info_type_id = it1.id)",
                "Plans": [
                  {
                    "Node Type": "Nested Loop",
                    "Parent Relationship": "Outer",
                    "Parallel Aware": false,
                    "Join Type": "Inner",
                    "Startup Cost": 20519.9,
                    "Total Cost": 469771.7,
                    "Plan Rows": 2751,
                    "Plan Width": 74,
                    "Actual Startup Time": 224.417,
                    "Actual Total Time": 9592.683,
                    "Actual Rows": 10284,
                    "Actual Loops": 2,
                    "Inner Unique": false,
                    "Join Filter": "(t.id = mi.movie_id)",
                    "Rows Removed by Join Filter": 0,
                    "Plans": [
                      {
                        "Node Type": "Nested Loop",
                        "Parent Relationship": "Outer",
                        "Parallel Aware": false,
                        "Join Type": "Inner",
                        "Startup Cost": 20519.46,
                        "Total Cost": 432224.14,
                        "Plan Rows": 26466,
                        "Plan Width": 39,
                        "Actual Startup Time": 166.093,
                        "Actual Total Time": 8526.278,
                        "Actual Rows": 70537,
                        "Actual Loops": 2,
                        "Inner Unique": true,
                        "Plans": [
                          {
                            "Node Type": "Nested Loop",
                            "Parent Relationship": "Outer",
                            "Parallel Aware": false,
                            "Join Type": "Inner",
                            "Startup Cost": 20519.03,
                            "Total Cost": 341306.97,
                            "Plan Rows": 177412,
                            "Plan Width": 43,
                            "Actual Startup Time": 165.946,
                            "Actual Total Time": 6803.244,
                            "Actual Rows": 405526,
                            "Actual Loops": 2,
                            "Inner Unique": false,
                            "Plans": [
                              {
                                "Node Type": "Hash Join",
                                "Parent Relationship": "Outer",
                                "Parallel Aware": true,
                                "Join Type": "Inner",
                                "Startup Cost": 20518.47,
                                "Total Cost": 83191.45,
                                "Plan Rows": 99176,
                                "Plan Width": 35,
                                "Actual Startup Time": 165.652,
                                "Actual Total Time": 708.668,
                                "Actual Rows": 88024,
                                "Actual Loops": 2,
                                "Inner Unique": false,
                                "Hash Cond": "(t.id = mi_idx.movie_id)",
                                "Plans": [
                                  {
                                    "Node Type": "Seq Scan",
                                    "Parent Relationship": "Outer",
                                    "Parallel Aware": true,
                                    "Relation Name": "title",
                                    "Alias": "t",
                                    "Startup Cost": 0.0,
                                    "Total Cost": 58305.62,
                                    "Plan Rows": 756794,
                                    "Plan Width": 21,
                                    "Actual Startup Time": 0.009,
                                    "Actual Total Time": 225.765,
                                    "Actual Rows": 640938,
                                    "Actual Loops": 2,
                                    "Filter": "((production_year >= 1994) AND (production_year <= 2010))",
                                    "Rows Removed by Filter": 623218
                                  },
                                  {
                                    "Node Type": "Hash",
                                    "Parent Relationship": "Inner",
                                    "Parallel Aware": true,
                                    "Startup Cost": 18082.32,
                                    "Total Cost": 18082.32,
                                    "Plan Rows": 194892,
                                    "Plan Width": 14,
                                    "Actual Startup Time": 160.201,
                                    "Actual Total Time": 160.202,
                                    "Actual Rows": 167726,
                                    "Actual Loops": 2,
                                    "Hash Buckets": 524288,
                                    "Original Hash Buckets": 524288,
                                    "Hash Batches": 1,
                                    "Original Hash Batches": 1,
                                    "Peak Memory Usage": 19904,
                                    "Plans": [
                                      {
                                        "Node Type": "Seq Scan",
                                        "Parent Relationship": "Outer",
                                        "Parallel Aware": true,
                                        "Relation Name": "movie_info_idx",
                                        "Alias": "mi_idx",
                                        "Startup Cost": 0.0,
                                        "Total Cost": 18082.32,
                                        "Plan Rows": 194892,
                                        "Plan Width": 14,
                                        "Actual Startup Time": 0.03,
                                        "Actual Total Time": 97.91,
                                        "Actual Rows": 167726,
                                        "Actual Loops": 2,
                                        "Filter": "(info > '6.3'::text)",
                                        "Rows Removed by Filter": 522292
                                      }
                                    ]
                                  }
                                ]
                              },
                              {
                                "Node Type": "Index Scan",
                                "Parent Relationship": "Inner",
                                "Parallel Aware": false,
                                "Scan Direction": "Forward",
                                "Index Name": "movie_id_cast_info",
                                "Relation Name": "cast_info",
                                "Alias": "ci",
                                "Startup Cost": 0.56,
                                "Total Cost": 2.56,
                                "Plan Rows": 4,
                                "Plan Width": 8,
                                "Actual Startup Time": 0.041,
                                "Actual Total Time": 0.068,
                                "Actual Rows": 5,
                                "Actual Loops": 176049,
                                "Index Cond": "(movie_id = t.id)",
                                "Rows Removed by Index Recheck": 0,
                                "Filter": "(note = ANY ('{(voice),(producer),(writer),\"(executive producer)\",(uncredited)}'::text[]))",
                                "Rows Removed by Filter": 28
                              }
                            ]
                          },
                          {
                            "Node Type": "Index Scan",
                            "Parent Relationship": "Inner",
                            "Parallel Aware": false,
                            "Scan Direction": "Forward",
                            "Index Name": "name_pkey",
                            "Relation Name": "name",
                            "Alias": "n",
                            "Startup Cost": 0.43,
                            "Total Cost": 0.51,
                            "Plan Rows": 1,
                            "Plan Width": 4,
                            "Actual Startup Time": 0.004,
                            "Actual Total Time": 0.004,
                            "Actual Rows": 0,
                            "Actual Loops": 811051,
                            "Index Cond": "(id = ci.person_id)",
                            "Rows Removed by Index Recheck": 0,
                            "Filter": "((gender IS NOT NULL) AND ((gender)::text = 'f'::text))",
                            "Rows Removed by Filter": 1
                          }
                        ]
                      },
                      {
                        "Node Type": "Index Scan",
                        "Parent Relationship": "Inner",
                        "Parallel Aware": false,
                        "Scan Direction": "Forward",
                        "Index Name": "movie_id_movie_info",
                        "Relation Name": "movie_info",
                        "Alias": "mi",
                        "Startup Cost": 0.43,
                        "Total Cost": 1.41,
                        "Plan Rows": 1,
                        "Plan Width": 51,
                        "Actual Startup Time": 0.015,
                        "Actual Total Time": 0.015,
                        "Actual Rows": 0,
                        "Actual Loops": 141074,
                        "Index Cond": "(movie_id = ci.movie_id)",
                        "Rows Removed by Index Recheck": 0,
                        "Filter": "((note IS NULL) AND (info = ANY ('{Drama,Horror}'::text[])))",
                        "Rows Removed by Filter": 34
                      }
                    ]
                  },
                  {
                    "Node Type": "Hash",
                    "Parent Relationship": "Inner",
                    "Parallel Aware": false,
                    "Startup Cost": 2.41,
                    "Total Cost": 2.41,
                    "Plan Rows": 1,
                    "Plan Width": 4,
                    "Actual Startup Time": 0.038,
                    "Actual Total Time": 0.039,
                    "Actual Rows": 1,
                    "Actual Loops": 2,
                    "Hash Buckets": 1024,
                    "Original Hash Buckets": 1024,
                    "Hash Batches": 1,
                    "Original Hash Batches": 1,
                    "Peak Memory Usage": 9,
                    "Plans": [
                      {
                        "Node Type": "Seq Scan",
                        "Parent Relationship": "Outer",
                        "Parallel Aware": false,
                        "Relation Name": "info_type",
                        "Alias": "it1",
                        "Startup Cost": 0.0,
                        "Total Cost": 2.41,
                        "Plan Rows": 1,
                        "Plan Width": 4,
                        "Actual Startup Time": 0.014,
                        "Actual Total Time": 0.032,
                        "Actual Rows": 1,
                        "Actual Loops": 2,
                        "Filter": "((info)::text = 'genres'::text)",
                        "Rows Removed by Filter": 112
                      }
                    ]
                  }
                ]
              },
              {
                "Node Type": "Hash",
                "Parent Relationship": "Inner",
                "Parallel Aware": false,
                "Startup Cost": 2.41,
                "Total Cost": 2.41,
                "Plan Rows": 1,
                "Plan Width": 4,
                "Actual Startup Time": 0.067,
                "Actual Total Time": 0.068,
                "Actual Rows": 1,
                "Actual Loops": 2,
                "Hash Buckets": 1024,
                "Original Hash Buckets": 1024,
                "Hash Batches": 1,
                "Original Hash Batches": 1,
                "Peak Memory Usage": 9,
                "Plans": [
                  {
                    "Node Type": "Seq Scan",
                    "Parent Relationship": "Outer",
                    "Parallel Aware": false,
                    "Relation Name": "info_type",
                    "Alias": "it2",
                    "Startup Cost": 0.0,
                    "Total Cost": 2.41,
                    "Plan Rows": 1,
                    "Plan Width": 4,
                    "Actual Startup Time": 0.048,
                    "Actual Total Time": 0.053,
                    "Actual Rows": 1,
                    "Actual Loops": 2,
                    "Filter": "((info)::text = 'rating'::text)",
                    "Rows Removed by Filter": 112
                  }
                ]
              }
            ]
          }
        ]
      }
    ]
  },
  "Planning Time": 2.551,
  "Triggers": [],
  "Execution Time": 9773.393
}