{
    "Plan": {
        "Node Type": "Aggregate",
        "Strategy": "Plain",
        "Partial Mode": "Finalize",
        "Parallel Aware": false,
        "Startup Cost": 47025.64,
        "Total Cost": 47025.65,
        "Plan Rows": 1,
        "Plan Width": 8,
        "Actual Startup Time": 168.013,
        "Actual Total Time": 184.378,
        "Actual Rows": 1,
        "Actual Loops": 1,
        "Output": [
            "count(*)"
        ],
        "Plans": [
            {
                "Node Type": "Gather",
                "Parent Relationship": "Outer",
                "Parallel Aware": false,
                "Startup Cost": 47025.22,
                "Total Cost": 47025.63,
                "Plan Rows": 4,
                "Plan Width": 8,
                "Actual Startup Time": 167.867,
                "Actual Total Time": 184.368,
                "Actual Rows": 5,
                "Actual Loops": 1,
                "Output": [
                    "(PARTIAL count(*))"
                ],
                "Workers Planned": 4,
                "Workers Launched": 4,
                "Single Copy": false,
                "Plans": [
                    {
                        "Node Type": "Aggregate",
                        "Strategy": "Plain",
                        "Partial Mode": "Partial",
                        "Parent Relationship": "Outer",
                        "Parallel Aware": false,
                        "Startup Cost": 46025.22,
                        "Total Cost": 46025.23,
                        "Plan Rows": 1,
                        "Plan Width": 8,
                        "Actual Startup Time": 157.292,
                        "Actual Total Time": 157.293,
                        "Actual Rows": 1,
                        "Actual Loops": 5,
                        "Output": [
                            "PARTIAL count(*)"
                        ],
                        "Workers": [
                            {
                                "Worker Number": 0,
                                "Actual Startup Time": 154.595,
                                "Actual Total Time": 154.596,
                                "Actual Rows": 1,
                                "Actual Loops": 1
                            },
                            {
                                "Worker Number": 1,
                                "Actual Startup Time": 154.426,
                                "Actual Total Time": 154.427,
                                "Actual Rows": 1,
                                "Actual Loops": 1
                            },
                            {
                                "Worker Number": 2,
                                "Actual Startup Time": 155.266,
                                "Actual Total Time": 155.267,
                                "Actual Rows": 1,
                                "Actual Loops": 1
                            },
                            {
                                "Worker Number": 3,
                                "Actual Startup Time": 155.657,
                                "Actual Total Time": 155.658,
                                "Actual Rows": 1,
                                "Actual Loops": 1
                            }
                        ],
                        "Plans": [
                            {
                                "Node Type": "Seq Scan",
                                "Parent Relationship": "Outer",
                                "Parallel Aware": true,
                                "Relation Name": "title",
                                "Schema": "public",
                                "Alias": "t",
                                "Startup Cost": 0.0,
                                "Total Cost": 45479.21,
                                "Plan Rows": 218403,
                                "Plan Width": 0,
                                "Actual Startup Time": 0.081,
                                "Actual Total Time": 143.14,
                                "Actual Rows": 189546,
                                "Actual Loops": 5,
                                "Output": [
                                    "id",
                                    "title",
                                    "imdb_index",
                                    "kind_id",
                                    "production_year",
                                    "imdb_id",
                                    "phonetic_code",
                                    "episode_of_id",
                                    "season_nr",
                                    "episode_nr",
                                    "series_years",
                                    "md5sum"
                                ],
                                "Filter": "((t.kind_id > 1) AND (t.production_year > 2003))",
                                "Rows Removed by Filter": 316117,
                                "Workers": [
                                    {
                                        "Worker Number": 0,
                                        "Actual Startup Time": 0.068,
                                        "Actual Total Time": 140.807,
                                        "Actual Rows": 179311,
                                        "Actual Loops": 1
                                    },
                                    {
                                        "Worker Number": 1,
                                        "Actual Startup Time": 0.087,
                                        "Actual Total Time": 140.562,
                                        "Actual Rows": 185632,
                                        "Actual Loops": 1
                                    },
                                    {
                                        "Worker Number": 2,
                                        "Actual Startup Time": 0.065,
                                        "Actual Total Time": 141.417,
                                        "Actual Rows": 185255,
                                        "Actual Loops": 1
                                    },
                                    {
                                        "Worker Number": 3,
                                        "Actual Startup Time": 0.084,
                                        "Actual Total Time": 141.571,
                                        "Actual Rows": 189913,
                                        "Actual Loops": 1
                                    }
                                ]
                            }
                        ]
                    }
                ]
            }
        ]
    },
    "Planning Time": 1.878,
    "Triggers": [],
    "Execution Time": 184.783
}