[
  {
    "Plan": {
      "Node Type": "Aggregate",
      "Strategy": "Plain",
      "Partial Mode": "Finalize",
      "Parallel Aware": false,
      "Startup Cost": 47550.33,
      "Total Cost": 47550.34,
      "Plan Rows": 1,
      "Plan Width": 8,
      "Actual Startup Time": 127.381,
      "Actual Total Time": 140.549,
      "Actual Rows": 1,
      "Actual Loops": 1,
      "Plans": [
        {
          "Node Type": "Gather",
          "Parent Relationship": "Outer",
          "Parallel Aware": false,
          "Startup Cost": 47549.91,
          "Total Cost": 47550.32,
          "Plan Rows": 4,
          "Plan Width": 8,
          "Actual Startup Time": 127.199,
          "Actual Total Time": 140.536,
          "Actual Rows": 5,
          "Actual Loops": 1,
          "Workers Planned": 4,
          "Workers Launched": 4,
          "Single Copy": false,
          "Plans": [
            {
              "Node Type": "Aggregate",
              "Strategy": "Plain",
              "Partial Mode": "Partial",
              "Parent Relationship": "Outer",
              "Parallel Aware": false,
              "Startup Cost": 46549.91,
              "Total Cost": 46549.92,
              "Plan Rows": 1,
              "Plan Width": 8,
              "Actual Startup Time": 119.569,
              "Actual Total Time": 119.571,
              "Actual Rows": 1,
              "Actual Loops": 5,
              "Plans": [
                {
                  "Node Type": "Seq Scan",
                  "Parent Relationship": "Outer",
                  "Parallel Aware": true,
                  "Relation Name": "title",
                  "Alias": "t",
                  "Startup Cost": 0.0,
                  "Total Cost": 45479.59,
                  "Plan Rows": 428130,
                  "Plan Width": 0,
                  "Actual Startup Time": 0.038,
                  "Actual Total Time": 99.617,
                  "Actual Rows": 359909,
                  "Actual Loops": 5,
                  "Filter": "((kind_id > 1) AND (production_year > 1942))",
                  "Rows Removed by Filter": 145753
                }
              ]
            }
          ]
        }
      ]
    },
    "Planning Time": 0.186,
    "Triggers": [],
    "Execution Time": 140.606
  }
]