[
  {
    "Plan": {
      "Node Type": "Aggregate",
      "Strategy": "Plain",
      "Partial Mode": "Finalize",
      "Parallel Aware": false,
      "Startup Cost": 39807.03,
      "Total Cost": 39807.04,
      "Plan Rows": 1,
      "Plan Width": 8,
      "Actual Startup Time": 37.436,
      "Actual Total Time": 43.792,
      "Actual Rows": 1,
      "Actual Loops": 1,
      "Plans": [
        {
          "Node Type": "Gather",
          "Parent Relationship": "Outer",
          "Parallel Aware": false,
          "Startup Cost": 39806.81,
          "Total Cost": 39807.02,
          "Plan Rows": 2,
          "Plan Width": 8,
          "Actual Startup Time": 37.083,
          "Actual Total Time": 43.786,
          "Actual Rows": 3,
          "Actual Loops": 1,
          "Workers Planned": 2,
          "Workers Launched": 2,
          "Single Copy": false,
          "Plans": [
            {
              "Node Type": "Aggregate",
              "Strategy": "Plain",
              "Partial Mode": "Partial",
              "Parent Relationship": "Outer",
              "Parallel Aware": false,
              "Startup Cost": 38806.81,
              "Total Cost": 38806.82,
              "Plan Rows": 1,
              "Plan Width": 8,
              "Actual Startup Time": 33.547,
              "Actual Total Time": 33.55,
              "Actual Rows": 1,
              "Actual Loops": 3,
              "Plans": [
                {
                  "Node Type": "Nested Loop",
                  "Parent Relationship": "Outer",
                  "Parallel Aware": false,
                  "Join Type": "Inner",
                  "Startup Cost": 20376.2,
                  "Total Cost": 38806.66,
                  "Plan Rows": 62,
                  "Plan Width": 0,
                  "Actual Startup Time": 27.492,
                  "Actual Total Time": 33.528,
                  "Actual Rows": 131,
                  "Actual Loops": 3,
                  "Inner Unique": true,
                  "Plans": [
                    {
                      "Node Type": "Hash Join",
                      "Parent Relationship": "Outer",
                      "Parallel Aware": true,
                      "Join Type": "Inner",
                      "Startup Cost": 20375.77,
                      "Total Cost": 37682.02,
                      "Plan Rows": 311,
                      "Plan Width": 8,
                      "Actual Startup Time": 27.424,
                      "Actual Total Time": 31.916,
                      "Actual Rows": 131,
                      "Actual Loops": 3,
                      "Inner Unique": false,
                      "Hash Cond": "(mk.movie_id = mc.movie_id)",
                      "Plans": [
                        {
                          "Node Type": "Bitmap Heap Scan",
                          "Parent Relationship": "Outer",
                          "Parallel Aware": true,
                          "Relation Name": "movie_keyword",
                          "Alias": "mk",
                          "Startup Cost": 170.37,
                          "Total Cost": 16768.0,
                          "Plan Rows": 3330,
                          "Plan Width": 4,
                          "Actual Startup Time": 1.948,
                          "Actual Total Time": 5.588,
                          "Actual Rows": 3020,
                          "Actual Loops": 3,
                          "Recheck Cond": "(keyword_id = 47)",
                          "Rows Removed by Index Recheck": 0,
                          "Exact Heap Blocks": 1363,
                          "Lossy Heap Blocks": 0,
                          "Plans": [
                            {
                              "Node Type": "Bitmap Index Scan",
                              "Parent Relationship": "Outer",
                              "Parallel Aware": false,
                              "Index Name": "keyword_id_movie_keyword",
                              "Startup Cost": 0.0,
                              "Total Cost": 168.37,
                              "Plan Rows": 7992,
                              "Plan Width": 0,
                              "Actual Startup Time": 1.479,
                              "Actual Total Time": 1.479,
                              "Actual Rows": 9060,
                              "Actual Loops": 1,
                              "Index Cond": "(keyword_id = 47)"
                            }
                          ]
                        },
                        {
                          "Node Type": "Hash",
                          "Parent Relationship": "Inner",
                          "Parallel Aware": true,
                          "Startup Cost": 20013.92,
                          "Total Cost": 20013.92,
                          "Plan Rows": 15318,
                          "Plan Width": 4,
                          "Actual Startup Time": 24.918,
                          "Actual Total Time": 24.919,
                          "Actual Rows": 15751,
                          "Actual Loops": 3,
                          "Hash Buckets": 65536,
                          "Original Hash Buckets": 65536,
                          "Hash Batches": 1,
                          "Original Hash Batches": 1,
                          "Peak Memory Usage": 2432,
                          "Plans": [
                            {
                              "Node Type": "Bitmap Heap Scan",
                              "Parent Relationship": "Outer",
                              "Parallel Aware": true,
                              "Relation Name": "movie_companies",
                              "Alias": "mc",
                              "Startup Cost": 1032.45,
                              "Total Cost": 20013.92,
                              "Plan Rows": 15318,
                              "Plan Width": 4,
                              "Actual Startup Time": 5.193,
                              "Actual Total Time": 19.127,
                              "Actual Rows": 15751,
                              "Actual Loops": 3,
                              "Recheck Cond": "(company_id = 19)",
                              "Rows Removed by Index Recheck": 0,
                              "Exact Heap Blocks": 2864,
                              "Lossy Heap Blocks": 0,
                              "Plans": [
                                {
                                  "Node Type": "Bitmap Index Scan",
                                  "Parent Relationship": "Outer",
                                  "Parallel Aware": false,
                                  "Index Name": "company_id_movie_companies",
                                  "Startup Cost": 0.0,
                                  "Total Cost": 1020.57,
                                  "Plan Rows": 47486,
                                  "Plan Width": 0,
                                  "Actual Startup Time": 5.675,
                                  "Actual Total Time": 5.675,
                                  "Actual Rows": 47252,
                                  "Actual Loops": 1,
                                  "Index Cond": "(company_id = 19)"
                                }
                              ]
                            }
                          ]
                        }
                      ]
                    },
                    {
                      "Node Type": "Index Only Scan",
                      "Parent Relationship": "Inner",
                      "Parallel Aware": false,
                      "Scan Direction": "Forward",
                      "Index Name": "title_pkey",
                      "Relation Name": "title",
                      "Alias": "t",
                      "Startup Cost": 0.43,
                      "Total Cost": 3.62,
                      "Plan Rows": 1,
                      "Plan Width": 4,
                      "Actual Startup Time": 0.012,
                      "Actual Total Time": 0.012,
                      "Actual Rows": 1,
                      "Actual Loops": 392,
                      "Index Cond": "(id = mc.movie_id)",
                      "Rows Removed by Index Recheck": 0,
                      "Heap Fetches": 392
                    }
                  ]
                }
              ]
            }
          ]
        }
      ]
    },
    "Planning Time": 0.92,
    "Triggers": [],
    "Execution Time": 43.862
  }
]