[
  {
    "Plan": {
      "Node Type": "Aggregate",
      "Strategy": "Plain",
      "Partial Mode": "Finalize",
      "Parallel Aware": false,
      "Startup Cost": 45032.98,
      "Total Cost": 45032.99,
      "Plan Rows": 1,
      "Plan Width": 8,
      "Actual Startup Time": 194.105,
      "Actual Total Time": 204.966,
      "Actual Rows": 1,
      "Actual Loops": 1,
      "Plans": [
        {
          "Node Type": "Gather",
          "Parent Relationship": "Outer",
          "Parallel Aware": false,
          "Startup Cost": 45032.67,
          "Total Cost": 45032.98,
          "Plan Rows": 3,
          "Plan Width": 8,
          "Actual Startup Time": 193.939,
          "Actual Total Time": 204.955,
          "Actual Rows": 4,
          "Actual Loops": 1,
          "Workers Planned": 3,
          "Workers Launched": 3,
          "Single Copy": false,
          "Plans": [
            {
              "Node Type": "Aggregate",
              "Strategy": "Plain",
              "Partial Mode": "Partial",
              "Parent Relationship": "Outer",
              "Parallel Aware": false,
              "Startup Cost": 44032.67,
              "Total Cost": 44032.68,
              "Plan Rows": 1,
              "Plan Width": 8,
              "Actual Startup Time": 186.838,
              "Actual Total Time": 186.839,
              "Actual Rows": 1,
              "Actual Loops": 4,
              "Plans": [
                {
                  "Node Type": "Seq Scan",
                  "Parent Relationship": "Outer",
                  "Parallel Aware": true,
                  "Relation Name": "movie_keyword",
                  "Alias": "mk",
                  "Startup Cost": 0.0,
                  "Total Cost": 42695.65,
                  "Plan Rows": 534805,
                  "Plan Width": 0,
                  "Actual Startup Time": 0.058,
                  "Actual Total Time": 158.849,
                  "Actual Rows": 419110,
                  "Actual Loops": 4,
                  "Filter": "(keyword_id < 2572)",
                  "Rows Removed by Filter": 711873
                }
              ]
            }
          ]
        }
      ]
    },
    "Planning Time": 0.205,
    "Triggers": [],
    "Execution Time": 205.029
  }
]