[
  {
    "Plan": {
      "Node Type": "Aggregate",
      "Strategy": "Plain",
      "Partial Mode": "Finalize",
      "Parallel Aware": false,
      "Startup Cost": 44307.65,
      "Total Cost": 44307.66,
      "Plan Rows": 1,
      "Plan Width": 8,
      "Actual Startup Time": 122.986,
      "Actual Total Time": 130.588,
      "Actual Rows": 1,
      "Actual Loops": 1,
      "Plans": [
        {
          "Node Type": "Gather",
          "Parent Relationship": "Outer",
          "Parallel Aware": false,
          "Startup Cost": 44307.33,
          "Total Cost": 44307.64,
          "Plan Rows": 3,
          "Plan Width": 8,
          "Actual Startup Time": 122.858,
          "Actual Total Time": 130.58,
          "Actual Rows": 4,
          "Actual Loops": 1,
          "Workers Planned": 3,
          "Workers Launched": 3,
          "Single Copy": false,
          "Plans": [
            {
              "Node Type": "Aggregate",
              "Strategy": "Plain",
              "Partial Mode": "Partial",
              "Parent Relationship": "Outer",
              "Parallel Aware": false,
              "Startup Cost": 43307.33,
              "Total Cost": 43307.34,
              "Plan Rows": 1,
              "Plan Width": 8,
              "Actual Startup Time": 117.645,
              "Actual Total Time": 117.646,
              "Actual Rows": 1,
              "Actual Loops": 4,
              "Plans": [
                {
                  "Node Type": "Seq Scan",
                  "Parent Relationship": "Outer",
                  "Parallel Aware": true,
                  "Relation Name": "movie_keyword",
                  "Alias": "mk",
                  "Startup Cost": 0.0,
                  "Total Cost": 42695.65,
                  "Plan Rows": 244670,
                  "Plan Width": 0,
                  "Actual Startup Time": 2.729,
                  "Actual Total Time": 107.396,
                  "Actual Rows": 188101,
                  "Actual Loops": 4,
                  "Filter": "(keyword_id > 24865)",
                  "Rows Removed by Filter": 942882
                }
              ]
            }
          ]
        }
      ]
    },
    "Planning Time": 0.149,
    "Triggers": [],
    "Execution Time": 130.635
  }
]