[
  {
    "Plan": {
      "Node Type": "Aggregate",
      "Strategy": "Plain",
      "Partial Mode": "Finalize",
      "Parallel Aware": false,
      "Startup Cost": 45701.06,
      "Total Cost": 45701.07,
      "Plan Rows": 1,
      "Plan Width": 8,
      "Actual Startup Time": 156.543,
      "Actual Total Time": 164.67,
      "Actual Rows": 1,
      "Actual Loops": 1,
      "Plans": [
        {
          "Node Type": "Gather",
          "Parent Relationship": "Outer",
          "Parallel Aware": false,
          "Startup Cost": 45700.74,
          "Total Cost": 45701.05,
          "Plan Rows": 3,
          "Plan Width": 8,
          "Actual Startup Time": 156.409,
          "Actual Total Time": 164.662,
          "Actual Rows": 4,
          "Actual Loops": 1,
          "Workers Planned": 3,
          "Workers Launched": 3,
          "Single Copy": false,
          "Plans": [
            {
              "Node Type": "Aggregate",
              "Strategy": "Plain",
              "Partial Mode": "Partial",
              "Parent Relationship": "Outer",
              "Parallel Aware": false,
              "Startup Cost": 44700.74,
              "Total Cost": 44700.75,
              "Plan Rows": 1,
              "Plan Width": 8,
              "Actual Startup Time": 149.874,
              "Actual Total Time": 149.875,
              "Actual Rows": 1,
              "Actual Loops": 4,
              "Plans": [
                {
                  "Node Type": "Seq Scan",
                  "Parent Relationship": "Outer",
                  "Parallel Aware": true,
                  "Relation Name": "movie_keyword",
                  "Alias": "mk",
                  "Startup Cost": 0.0,
                  "Total Cost": 42695.65,
                  "Plan Rows": 802035,
                  "Plan Width": 0,
                  "Actual Startup Time": 0.048,
                  "Actual Total Time": 118.955,
                  "Actual Rows": 621812,
                  "Actual Loops": 4,
                  "Filter": "(keyword_id < 6049)",
                  "Rows Removed by Filter": 509170
                }
              ]
            }
          ]
        }
      ]
    },
    "Planning Time": 0.194,
    "Triggers": [],
    "Execution Time": 164.71
  }
]