{
  "Plan": {
    "Node Type": "Aggregate",
    "Strategy": "Plain",
    "Partial Mode": "Finalize",
    "Parallel Aware": false,
    "Startup Cost": 629742.68,
    "Total Cost": 629742.69,
    "Plan Rows": 1,
    "Plan Width": 8,
    "Actual Startup Time": 4902.704,
    "Actual Total Time": 4969.94,
    "Actual Rows": 1,
    "Actual Loops": 1,
    "Plans": [
      {
        "Node Type": "Gather",
        "Parent Relationship": "Outer",
        "Parallel Aware": false,
        "Startup Cost": 629742.57,
        "Total Cost": 629742.68,
        "Plan Rows": 1,
        "Plan Width": 8,
        "Actual Startup Time": 4897.337,
        "Actual Total Time": 4969.931,
        "Actual Rows": 2,
        "Actual Loops": 1,
        "Workers Planned": 1,
        "Workers Launched": 1,
        "Single Copy": false,
        "Plans": [
          {
            "Node Type": "Aggregate",
            "Strategy": "Plain",
            "Partial Mode": "Partial",
            "Parent Relationship": "Outer",
            "Parallel Aware": false,
            "Startup Cost": 628742.57,
            "Total Cost": 628742.58,
            "Plan Rows": 1,
            "Plan Width": 8,
            "Actual Startup Time": 4886.249,
            "Actual Total Time": 4886.253,
            "Actual Rows": 1,
            "Actual Loops": 2,
            "Plans": [
              {
                "Node Type": "Hash Join",
                "Parent Relationship": "Outer",
                "Parallel Aware": true,
                "Join Type": "Inner",
                "Startup Cost": 69460.7,
                "Total Cost": 609126.77,
                "Plan Rows": 7846321,
                "Plan Width": 0,
                "Actual Startup Time": 1074.448,
                "Actual Total Time": 4610.993,
                "Actual Rows": 6651812,
                "Actual Loops": 2,
                "Inner Unique": true,
                "Hash Cond": "(ci.movie_id = t.id)",
                "Plans": [
                  {
                    "Node Type": "Seq Scan",
                    "Parent Relationship": "Outer",
                    "Parallel Aware": true,
                    "Relation Name": "cast_info",
                    "Alias": "ci",
                    "Startup Cost": 0.0,
                    "Total Cost": 519069.44,
                    "Plan Rows": 7846321,
                    "Plan Width": 4,
                    "Actual Startup Time": 546.259,
                    "Actual Total Time": 1359.94,
                    "Actual Rows": 6651812,
                    "Actual Loops": 2,
                    "Filter": "(person_id > 2341987)",
                    "Rows Removed by Filter": 11470360
                  },
                  {
                    "Node Type": "Hash",
                    "Parent Relationship": "Inner",
                    "Parallel Aware": true,
                    "Startup Cost": 50870.31,
                    "Total Cost": 50870.31,
                    "Plan Rows": 1487231,
                    "Plan Width": 4,
                    "Actual Startup Time": 506.972,
                    "Actual Total Time": 506.973,
                    "Actual Rows": 1264156,
                    "Actual Loops": 2,
                    "Hash Buckets": 4194304,
                    "Original Hash Buckets": 4194304,
                    "Hash Batches": 1,
                    "Original Hash Batches": 1,
                    "Peak Memory Usage": 131712,
                    "Plans": [
                      {
                        "Node Type": "Seq Scan",
                        "Parent Relationship": "Outer",
                        "Parallel Aware": true,
                        "Relation Name": "title",
                        "Alias": "t",
                        "Startup Cost": 0.0,
                        "Total Cost": 50870.31,
                        "Plan Rows": 1487231,
                        "Plan Width": 4,
                        "Actual Startup Time": 0.024,
                        "Actual Total Time": 151.463,
                        "Actual Rows": 1264156,
                        "Actual Loops": 2
                      }
                    ]
                  }
                ]
              }
            ]
          }
        ]
      }
    ]
  },
  "Planning Time": 0.665,
  "Triggers": [],
  "Execution Time": 4970.019
}