[
  {
    "Plan": {
      "Node Type": "Aggregate",
      "Strategy": "Plain",
      "Partial Mode": "Finalize",
      "Parallel Aware": false,
      "Startup Cost": 75612.03,
      "Total Cost": 75612.04,
      "Plan Rows": 1,
      "Plan Width": 8,
      "Actual Startup Time": 169.601,
      "Actual Total Time": 188.097,
      "Actual Rows": 1,
      "Actual Loops": 1,
      "Plans": [
        {
          "Node Type": "Gather",
          "Parent Relationship": "Outer",
          "Parallel Aware": false,
          "Startup Cost": 75611.72,
          "Total Cost": 75612.03,
          "Plan Rows": 3,
          "Plan Width": 8,
          "Actual Startup Time": 169.085,
          "Actual Total Time": 188.089,
          "Actual Rows": 4,
          "Actual Loops": 1,
          "Workers Planned": 3,
          "Workers Launched": 3,
          "Single Copy": false,
          "Plans": [
            {
              "Node Type": "Aggregate",
              "Strategy": "Plain",
              "Partial Mode": "Partial",
              "Parent Relationship": "Outer",
              "Parallel Aware": false,
              "Startup Cost": 74611.72,
              "Total Cost": 74611.73,
              "Plan Rows": 1,
              "Plan Width": 8,
              "Actual Startup Time": 160.155,
              "Actual Total Time": 160.16,
              "Actual Rows": 1,
              "Actual Loops": 4,
              "Plans": [
                {
                  "Node Type": "Hash Join",
                  "Parent Relationship": "Outer",
                  "Parallel Aware": true,
                  "Join Type": "Inner",
                  "Startup Cost": 49301.72,
                  "Total Cost": 74609.83,
                  "Plan Rows": 754,
                  "Plan Width": 0,
                  "Actual Startup Time": 124.529,
                  "Actual Total Time": 160.072,
                  "Actual Rows": 753,
                  "Actual Loops": 4,
                  "Inner Unique": true,
                  "Hash Cond": "(mk.movie_id = t.id)",
                  "Plans": [
                    {
                      "Node Type": "Bitmap Heap Scan",
                      "Parent Relationship": "Outer",
                      "Parallel Aware": true,
                      "Relation Name": "movie_keyword",
                      "Alias": "mk",
                      "Startup Cost": 3717.12,
                      "Total Cost": 28877.0,
                      "Plan Rows": 56470,
                      "Plan Width": 4,
                      "Actual Startup Time": 14.765,
                      "Actual Total Time": 54.369,
                      "Actual Rows": 47194,
                      "Actual Loops": 4,
                      "Recheck Cond": "(keyword_id < 137)",
                      "Rows Removed by Index Recheck": 0,
                      "Exact Heap Blocks": 9383,
                      "Lossy Heap Blocks": 0,
                      "Plans": [
                        {
                          "Node Type": "Bitmap Index Scan",
                          "Parent Relationship": "Outer",
                          "Parallel Aware": false,
                          "Index Name": "keyword_id_movie_keyword",
                          "Startup Cost": 0.0,
                          "Total Cost": 3673.36,
                          "Plan Rows": 175057,
                          "Plan Width": 0,
                          "Actual Startup Time": 11.248,
                          "Actual Total Time": 11.248,
                          "Actual Rows": 188777,
                          "Actual Loops": 1,
                          "Index Cond": "(keyword_id < 137)"
                        }
                      ]
                    },
                    {
                      "Node Type": "Hash",
                      "Parent Relationship": "Inner",
                      "Parallel Aware": true,
                      "Startup Cost": 45479.1,
                      "Total Cost": 45479.1,
                      "Plan Rows": 8440,
                      "Plan Width": 4,
                      "Actual Startup Time": 96.877,
                      "Actual Total Time": 96.879,
                      "Actual Rows": 7026,
                      "Actual Loops": 4,
                      "Hash Buckets": 65536,
                      "Original Hash Buckets": 65536,
                      "Hash Batches": 1,
                      "Original Hash Batches": 1,
                      "Peak Memory Usage": 1664,
                      "Plans": [
                        {
                          "Node Type": "Seq Scan",
                          "Parent Relationship": "Outer",
                          "Parallel Aware": true,
                          "Relation Name": "title",
                          "Alias": "t",
                          "Startup Cost": 0.0,
                          "Total Cost": 45479.1,
                          "Plan Rows": 8440,
                          "Plan Width": 4,
                          "Actual Startup Time": 59.413,
                          "Actual Total Time": 94.281,
                          "Actual Rows": 7026,
                          "Actual Loops": 4,
                          "Filter": "((kind_id = 1) AND (production_year = 2009))",
                          "Rows Removed by Filter": 625052
                        }
                      ]
                    }
                  ]
                }
              ]
            }
          ]
        }
      ]
    },
    "Planning Time": 0.681,
    "Triggers": [],
    "Execution Time": 188.189
  }
]