[
    {
        "Bao": {
            "Bao prediction": "NaN",
            "Bao recommended hint": "(no hint)"
        }
    },
    {
        "Plan": {
            "Node Type": "Aggregate",
            "Strategy": "Plain",
            "Partial Mode": "Finalize",
            "Parallel Aware": false,
            "Startup Cost": 252489.51,
            "Total Cost": 252489.52,
            "Plan Rows": 1,
            "Plan Width": 8,
            "Actual Startup Time": 693.486,
            "Actual Total Time": 717.6,
            "Actual Rows": 1,
            "Actual Loops": 1,
            "Output": [
                "count(*)"
            ],
            "Plans": [
                {
                    "Node Type": "Gather",
                    "Parent Relationship": "Outer",
                    "Parallel Aware": false,
                    "Startup Cost": 252488.99,
                    "Total Cost": 252489.5,
                    "Plan Rows": 5,
                    "Plan Width": 8,
                    "Actual Startup Time": 692.103,
                    "Actual Total Time": 717.592,
                    "Actual Rows": 6,
                    "Actual Loops": 1,
                    "Output": [
                        "(PARTIAL count(*))"
                    ],
                    "Workers Planned": 5,
                    "Workers Launched": 5,
                    "Single Copy": false,
                    "Plans": [
                        {
                            "Node Type": "Aggregate",
                            "Strategy": "Plain",
                            "Partial Mode": "Partial",
                            "Parent Relationship": "Outer",
                            "Parallel Aware": false,
                            "Startup Cost": 251488.99,
                            "Total Cost": 251489.0,
                            "Plan Rows": 1,
                            "Plan Width": 8,
                            "Actual Startup Time": 681.948,
                            "Actual Total Time": 681.951,
                            "Actual Rows": 1,
                            "Actual Loops": 6,
                            "Output": [
                                "PARTIAL count(*)"
                            ],
                            "Workers": [
                                {
                                    "Worker Number": 0,
                                    "Actual Startup Time": 679.541,
                                    "Actual Total Time": 679.543,
                                    "Actual Rows": 1,
                                    "Actual Loops": 1
                                },
                                {
                                    "Worker Number": 1,
                                    "Actual Startup Time": 679.746,
                                    "Actual Total Time": 679.75,
                                    "Actual Rows": 1,
                                    "Actual Loops": 1
                                },
                                {
                                    "Worker Number": 2,
                                    "Actual Startup Time": 680.174,
                                    "Actual Total Time": 680.178,
                                    "Actual Rows": 1,
                                    "Actual Loops": 1
                                },
                                {
                                    "Worker Number": 3,
                                    "Actual Startup Time": 680.242,
                                    "Actual Total Time": 680.245,
                                    "Actual Rows": 1,
                                    "Actual Loops": 1
                                },
                                {
                                    "Worker Number": 4,
                                    "Actual Startup Time": 680.727,
                                    "Actual Total Time": 680.729,
                                    "Actual Rows": 1,
                                    "Actual Loops": 1
                                }
                            ],
                            "Plans": [
                                {
                                    "Node Type": "Hash Join",
                                    "Parent Relationship": "Outer",
                                    "Parallel Aware": true,
                                    "Join Type": "Inner",
                                    "Startup Cost": 47027.83,
                                    "Total Cost": 250611.16,
                                    "Plan Rows": 351133,
                                    "Plan Width": 0,
                                    "Actual Startup Time": 129.916,
                                    "Actual Total Time": 658.296,
                                    "Actual Rows": 469979,
                                    "Actual Loops": 6,
                                    "Inner Unique": true,
                                    "Hash Cond": "(mi.movie_id = t.id)",
                                    "Workers": [
                                        {
                                            "Worker Number": 0,
                                            "Actual Startup Time": 127.556,
                                            "Actual Total Time": 654.876,
                                            "Actual Rows": 337410,
                                            "Actual Loops": 1
                                        },
                                        {
                                            "Worker Number": 1,
                                            "Actual Startup Time": 127.755,
                                            "Actual Total Time": 655.589,
                                            "Actual Rows": 328499,
                                            "Actual Loops": 1
                                        },
                                        {
                                            "Worker Number": 2,
                                            "Actual Startup Time": 128.202,
                                            "Actual Total Time": 657.064,
                                            "Actual Rows": 519225,
                                            "Actual Loops": 1
                                        },
                                        {
                                            "Worker Number": 3,
                                            "Actual Startup Time": 128.251,
                                            "Actual Total Time": 657.001,
                                            "Actual Rows": 498304,
                                            "Actual Loops": 1
                                        },
                                        {
                                            "Worker Number": 4,
                                            "Actual Startup Time": 128.742,
                                            "Actual Total Time": 657.599,
                                            "Actual Rows": 520983,
                                            "Actual Loops": 1
                                        }
                                    ],
                                    "Plans": [
                                        {
                                            "Node Type": "Seq Scan",
                                            "Parent Relationship": "Outer",
                                            "Parallel Aware": true,
                                            "Relation Name": "movie_info",
                                            "Schema": "public",
                                            "Alias": "mi",
                                            "Startup Cost": 0.0,
                                            "Total Cost": 198880.74,
                                            "Plan Rows": 1791457,
                                            "Plan Width": 4,
                                            "Actual Startup Time": 14.944,
                                            "Actual Total Time": 324.106,
                                            "Actual Rows": 1491793,
                                            "Actual Loops": 6,
                                            "Output": [
                                                "mi.id",
                                                "mi.movie_id",
                                                "mi.info_type_id",
                                                "mi.info",
                                                "mi.note"
                                            ],
                                            "Filter": "(mi.info_type_id > 6)",
                                            "Rows Removed by Filter": 980827,
                                            "Workers": [
                                                {
                                                    "Worker Number": 0,
                                                    "Actual Startup Time": 14.962,
                                                    "Actual Total Time": 334.914,
                                                    "Actual Rows": 1077734,
                                                    "Actual Loops": 1
                                                },
                                                {
                                                    "Worker Number": 1,
                                                    "Actual Startup Time": 14.955,
                                                    "Actual Total Time": 330.622,
                                                    "Actual Rows": 1050407,
                                                    "Actual Loops": 1
                                                },
                                                {
                                                    "Worker Number": 2,
                                                    "Actual Startup Time": 14.858,
                                                    "Actual Total Time": 329.179,
                                                    "Actual Rows": 1641795,
                                                    "Actual Loops": 1
                                                },
                                                {
                                                    "Worker Number": 3,
                                                    "Actual Startup Time": 14.964,
                                                    "Actual Total Time": 320.722,
                                                    "Actual Rows": 1583470,
                                                    "Actual Loops": 1
                                                },
                                                {
                                                    "Worker Number": 4,
                                                    "Actual Startup Time": 14.97,
                                                    "Actual Total Time": 328.83,
                                                    "Actual Rows": 1641859,
                                                    "Actual Loops": 1
                                                }
                                            ]
                                        },
                                        {
                                            "Node Type": "Hash",
                                            "Parent Relationship": "Inner",
                                            "Parallel Aware": true,
                                            "Startup Cost": 45479.21,
                                            "Total Cost": 45479.21,
                                            "Plan Rows": 123890,
                                            "Plan Width": 4,
                                            "Actual Startup Time": 99.789,
                                            "Actual Total Time": 99.79,
                                            "Actual Rows": 60777,
                                            "Actual Loops": 6,
                                            "Output": [
                                                "t.id"
                                            ],
                                            "Hash Buckets": 524288,
                                            "Original Hash Buckets": 524288,
                                            "Hash Batches": 1,
                                            "Original Hash Batches": 1,
                                            "Peak Memory Usage": 18464,
                                            "Workers": [
                                                {
                                                    "Worker Number": 0,
                                                    "Actual Startup Time": 98.459,
                                                    "Actual Total Time": 98.46,
                                                    "Actual Rows": 46360,
                                                    "Actual Loops": 1
                                                },
                                                {
                                                    "Worker Number": 1,
                                                    "Actual Startup Time": 98.672,
                                                    "Actual Total Time": 98.673,
                                                    "Actual Rows": 42106,
                                                    "Actual Loops": 1
                                                },
                                                {
                                                    "Worker Number": 2,
                                                    "Actual Startup Time": 99.089,
                                                    "Actual Total Time": 99.09,
                                                    "Actual Rows": 66917,
                                                    "Actual Loops": 1
                                                },
                                                {
                                                    "Worker Number": 3,
                                                    "Actual Startup Time": 99.135,
                                                    "Actual Total Time": 99.136,
                                                    "Actual Rows": 60948,
                                                    "Actual Loops": 1
                                                },
                                                {
                                                    "Worker Number": 4,
                                                    "Actual Startup Time": 99.672,
                                                    "Actual Total Time": 99.673,
                                                    "Actual Rows": 67304,
                                                    "Actual Loops": 1
                                                }
                                            ],
                                            "Plans": [
                                                {
                                                    "Node Type": "Seq Scan",
                                                    "Parent Relationship": "Outer",
                                                    "Parallel Aware": true,
                                                    "Relation Name": "title",
                                                    "Schema": "public",
                                                    "Alias": "t",
                                                    "Startup Cost": 0.0,
                                                    "Total Cost": 45479.21,
                                                    "Plan Rows": 123890,
                                                    "Plan Width": 4,
                                                    "Actual Startup Time": 39.188,
                                                    "Actual Total Time": 77.576,
                                                    "Actual Rows": 60777,
                                                    "Actual Loops": 6,
                                                    "Output": [
                                                        "t.id"
                                                    ],
                                                    "Filter": "((t.production_year > 1984) AND (t.kind_id = 1))",
                                                    "Rows Removed by Filter": 360608,
                                                    "Workers": [
                                                        {
                                                            "Worker Number": 0,
                                                            "Actual Startup Time": 45.127,
                                                            "Actual Total Time": 78.406,
                                                            "Actual Rows": 46360,
                                                            "Actual Loops": 1
                                                        },
                                                        {
                                                            "Worker Number": 1,
                                                            "Actual Startup Time": 45.717,
                                                            "Actual Total Time": 77.271,
                                                            "Actual Rows": 42106,
                                                            "Actual Loops": 1
                                                        },
                                                        {
                                                            "Worker Number": 2,
                                                            "Actual Startup Time": 45.623,
                                                            "Actual Total Time": 77.205,
                                                            "Actual Rows": 66917,
                                                            "Actual Loops": 1
                                                        },
                                                        {
                                                            "Worker Number": 3,
                                                            "Actual Startup Time": 45.812,
                                                            "Actual Total Time": 75.839,
                                                            "Actual Rows": 60948,
                                                            "Actual Loops": 1
                                                        },
                                                        {
                                                            "Worker Number": 4,
                                                            "Actual Startup Time": 46.227,
                                                            "Actual Total Time": 77.879,
                                                            "Actual Rows": 67304,
                                                            "Actual Loops": 1
                                                        }
                                                    ]
                                                }
                                            ]
                                        }
                                    ]
                                }
                            ]
                        }
                    ]
                }
            ]
        },
        "Planning Time": 181.83,
        "Triggers": [],
        "Execution Time": 717.694
    }
]