{
  "Plan": {
    "Node Type": "Aggregate",
    "Strategy": "Plain",
    "Partial Mode": "Finalize",
    "Parallel Aware": false,
    "Startup Cost": 614363.61,
    "Total Cost": 614363.62,
    "Plan Rows": 1,
    "Plan Width": 8,
    "Actual Startup Time": 3138.532,
    "Actual Total Time": 3190.574,
    "Actual Rows": 1,
    "Actual Loops": 1,
    "Plans": [
      {
        "Node Type": "Gather",
        "Parent Relationship": "Outer",
        "Parallel Aware": false,
        "Startup Cost": 614363.5,
        "Total Cost": 614363.61,
        "Plan Rows": 1,
        "Plan Width": 8,
        "Actual Startup Time": 3138.362,
        "Actual Total Time": 3190.564,
        "Actual Rows": 2,
        "Actual Loops": 1,
        "Workers Planned": 1,
        "Workers Launched": 1,
        "Single Copy": false,
        "Plans": [
          {
            "Node Type": "Aggregate",
            "Strategy": "Plain",
            "Partial Mode": "Partial",
            "Parent Relationship": "Outer",
            "Parallel Aware": false,
            "Startup Cost": 613363.5,
            "Total Cost": 613363.51,
            "Plan Rows": 1,
            "Plan Width": 8,
            "Actual Startup Time": 3132.72,
            "Actual Total Time": 3132.724,
            "Actual Rows": 1,
            "Actual Loops": 2,
            "Plans": [
              {
                "Node Type": "Hash Join",
                "Parent Relationship": "Outer",
                "Parallel Aware": true,
                "Join Type": "Inner",
                "Startup Cost": 58418.92,
                "Total Cost": 613158.02,
                "Plan Rows": 82193,
                "Plan Width": 0,
                "Actual Startup Time": 588.119,
                "Actual Total Time": 3127.86,
                "Actual Rows": 75167,
                "Actual Loops": 2,
                "Inner Unique": true,
                "Hash Cond": "(ci.movie_id = t.id)",
                "Plans": [
                  {
                    "Node Type": "Seq Scan",
                    "Parent Relationship": "Outer",
                    "Parallel Aware": true,
                    "Relation Name": "cast_info",
                    "Alias": "ci",
                    "Startup Cost": 0.0,
                    "Total Cost": 519069.44,
                    "Plan Rows": 13588421,
                    "Plan Width": 4,
                    "Actual Startup Time": 406.458,
                    "Actual Total Time": 1826.906,
                    "Actual Rows": 11557797,
                    "Actual Loops": 2,
                    "Filter": "(person_id > 1296375)",
                    "Rows Removed by Filter": 6564375
                  },
                  {
                    "Node Type": "Hash",
                    "Parent Relationship": "Inner",
                    "Parallel Aware": true,
                    "Startup Cost": 58306.47,
                    "Total Cost": 58306.47,
                    "Plan Rows": 8996,
                    "Plan Width": 4,
                    "Actual Startup Time": 180.312,
                    "Actual Total Time": 180.314,
                    "Actual Rows": 8186,
                    "Actual Loops": 2,
                    "Hash Buckets": 16384,
                    "Original Hash Buckets": 16384,
                    "Hash Batches": 1,
                    "Original Hash Batches": 1,
                    "Peak Memory Usage": 800,
                    "Plans": [
                      {
                        "Node Type": "Seq Scan",
                        "Parent Relationship": "Outer",
                        "Parallel Aware": true,
                        "Relation Name": "title",
                        "Alias": "t",
                        "Startup Cost": 0.0,
                        "Total Cost": 58306.47,
                        "Plan Rows": 8996,
                        "Plan Width": 4,
                        "Actual Startup Time": 0.064,
                        "Actual Total Time": 176.348,
                        "Actual Rows": 8186,
                        "Actual Loops": 2,
                        "Filter": "((kind_id > 1) AND (production_year = 1989))",
                        "Rows Removed by Filter": 1255970
                      }
                    ]
                  }
                ]
              }
            ]
          }
        ]
      }
    ]
  },
  "Planning Time": 0.505,
  "Triggers": [],
  "Execution Time": 3190.665
}