[
  {
    "Plan": {
      "Node Type": "Aggregate",
      "Strategy": "Plain",
      "Partial Mode": "Finalize",
      "Parallel Aware": false,
      "Startup Cost": 82167.13,
      "Total Cost": 82167.14,
      "Plan Rows": 1,
      "Plan Width": 8,
      "Actual Startup Time": 308.968,
      "Actual Total Time": 325.286,
      "Actual Rows": 1,
      "Actual Loops": 1,
      "Plans": [
        {
          "Node Type": "Gather",
          "Parent Relationship": "Outer",
          "Parallel Aware": false,
          "Startup Cost": 82166.71,
          "Total Cost": 82167.12,
          "Plan Rows": 4,
          "Plan Width": 8,
          "Actual Startup Time": 306.777,
          "Actual Total Time": 325.276,
          "Actual Rows": 5,
          "Actual Loops": 1,
          "Workers Planned": 4,
          "Workers Launched": 4,
          "Single Copy": false,
          "Plans": [
            {
              "Node Type": "Aggregate",
              "Strategy": "Plain",
              "Partial Mode": "Partial",
              "Parent Relationship": "Outer",
              "Parallel Aware": false,
              "Startup Cost": 81166.71,
              "Total Cost": 81166.72,
              "Plan Rows": 1,
              "Plan Width": 8,
              "Actual Startup Time": 297.531,
              "Actual Total Time": 297.534,
              "Actual Rows": 1,
              "Actual Loops": 5,
              "Plans": [
                {
                  "Node Type": "Hash Join",
                  "Parent Relationship": "Outer",
                  "Parallel Aware": true,
                  "Join Type": "Inner",
                  "Startup Cost": 34568.17,
                  "Total Cost": 80677.94,
                  "Plan Rows": 195508,
                  "Plan Width": 0,
                  "Actual Startup Time": 116.181,
                  "Actual Total Time": 292.944,
                  "Actual Rows": 98372,
                  "Actual Loops": 5,
                  "Inner Unique": false,
                  "Hash Cond": "(t.id = mc.movie_id)",
                  "Plans": [
                    {
                      "Node Type": "Seq Scan",
                      "Parent Relationship": "Outer",
                      "Parallel Aware": true,
                      "Relation Name": "title",
                      "Alias": "t",
                      "Startup Cost": 0.0,
                      "Total Cost": 42318.73,
                      "Plan Rows": 632073,
                      "Plan Width": 4,
                      "Actual Startup Time": 0.011,
                      "Actual Total Time": 64.65,
                      "Actual Rows": 505662,
                      "Actual Loops": 5
                    },
                    {
                      "Node Type": "Hash",
                      "Parent Relationship": "Inner",
                      "Parallel Aware": true,
                      "Startup Cost": 31414.82,
                      "Total Cost": 31414.82,
                      "Plan Rows": 252268,
                      "Plan Width": 4,
                      "Actual Startup Time": 111.849,
                      "Actual Total Time": 111.849,
                      "Actual Rows": 98372,
                      "Actual Loops": 5,
                      "Hash Buckets": 1048576,
                      "Original Hash Buckets": 1048576,
                      "Hash Batches": 1,
                      "Original Hash Batches": 1,
                      "Peak Memory Usage": 27520,
                      "Plans": [
                        {
                          "Node Type": "Seq Scan",
                          "Parent Relationship": "Outer",
                          "Parallel Aware": true,
                          "Relation Name": "movie_companies",
                          "Alias": "mc",
                          "Startup Cost": 0.0,
                          "Total Cost": 31414.82,
                          "Plan Rows": 252268,
                          "Plan Width": 4,
                          "Actual Startup Time": 47.027,
                          "Actual Total Time": 75.089,
                          "Actual Rows": 98372,
                          "Actual Loops": 5,
                          "Filter": "((company_id < 14422) AND (company_type_id > 1))",
                          "Rows Removed by Filter": 423454
                        }
                      ]
                    }
                  ]
                }
              ]
            }
          ]
        }
      ]
    },
    "Planning Time": 0.508,
    "Triggers": [],
    "Execution Time": 325.345
  }
]