[
  {
    "Plan": {
      "Node Type": "Aggregate",
      "Strategy": "Plain",
      "Partial Mode": "Finalize",
      "Parallel Aware": false,
      "Startup Cost": 340734.82,
      "Total Cost": 340734.83,
      "Plan Rows": 1,
      "Plan Width": 8,
      "Actual Startup Time": 810.565,
      "Actual Total Time": 869.436,
      "Actual Rows": 1,
      "Actual Loops": 1,
      "Plans": [
        {
          "Node Type": "Gather",
          "Parent Relationship": "Outer",
          "Parallel Aware": false,
          "Startup Cost": 340734.2,
          "Total Cost": 340734.81,
          "Plan Rows": 6,
          "Plan Width": 8,
          "Actual Startup Time": 810.35,
          "Actual Total Time": 869.419,
          "Actual Rows": 7,
          "Actual Loops": 1,
          "Workers Planned": 6,
          "Workers Launched": 6,
          "Single Copy": false,
          "Plans": [
            {
              "Node Type": "Aggregate",
              "Strategy": "Plain",
              "Partial Mode": "Partial",
              "Parent Relationship": "Outer",
              "Parallel Aware": false,
              "Startup Cost": 339734.2,
              "Total Cost": 339734.21,
              "Plan Rows": 1,
              "Plan Width": 8,
              "Actual Startup Time": 802.658,
              "Actual Total Time": 802.659,
              "Actual Rows": 1,
              "Actual Loops": 7,
              "Plans": [
                {
                  "Node Type": "Seq Scan",
                  "Parent Relationship": "Outer",
                  "Parallel Aware": true,
                  "Relation Name": "cast_info",
                  "Alias": "ci",
                  "Startup Cost": 0.0,
                  "Total Cost": 328211.39,
                  "Plan Rows": 4609122,
                  "Plan Width": 0,
                  "Actual Startup Time": 0.047,
                  "Actual Total Time": 631.41,
                  "Actual Rows": 3963259,
                  "Actual Loops": 7,
                  "Filter": "(person_id < 2836051)",
                  "Rows Removed by Filter": 1214504
                }
              ]
            }
          ]
        }
      ]
    },
    "Planning Time": 0.208,
    "Triggers": [],
    "Execution Time": 869.489
  }
]