[
  {
    "Plan": {
      "Node Type": "Aggregate",
      "Strategy": "Plain",
      "Partial Mode": "Finalize",
      "Parallel Aware": false,
      "Startup Cost": 330821.14,
      "Total Cost": 330821.15,
      "Plan Rows": 1,
      "Plan Width": 8,
      "Actual Startup Time": 671.23,
      "Actual Total Time": 723.684,
      "Actual Rows": 1,
      "Actual Loops": 1,
      "Plans": [
        {
          "Node Type": "Gather",
          "Parent Relationship": "Outer",
          "Parallel Aware": false,
          "Startup Cost": 330820.51,
          "Total Cost": 330821.12,
          "Plan Rows": 6,
          "Plan Width": 8,
          "Actual Startup Time": 671.071,
          "Actual Total Time": 723.669,
          "Actual Rows": 7,
          "Actual Loops": 1,
          "Workers Planned": 6,
          "Workers Launched": 6,
          "Single Copy": false,
          "Plans": [
            {
              "Node Type": "Aggregate",
              "Strategy": "Plain",
              "Partial Mode": "Partial",
              "Parent Relationship": "Outer",
              "Parallel Aware": false,
              "Startup Cost": 329820.51,
              "Total Cost": 329820.52,
              "Plan Rows": 1,
              "Plan Width": 8,
              "Actual Startup Time": 664.3,
              "Actual Total Time": 664.301,
              "Actual Rows": 1,
              "Actual Loops": 7,
              "Plans": [
                {
                  "Node Type": "Seq Scan",
                  "Parent Relationship": "Outer",
                  "Parallel Aware": true,
                  "Relation Name": "cast_info",
                  "Alias": "ci",
                  "Startup Cost": 0.0,
                  "Total Cost": 328211.39,
                  "Plan Rows": 643648,
                  "Plan Width": 0,
                  "Actual Startup Time": 0.042,
                  "Actual Total Time": 628.324,
                  "Actual Rows": 574091,
                  "Actual Loops": 7,
                  "Filter": "(person_id < 385246)",
                  "Rows Removed by Filter": 4603673
                }
              ]
            }
          ]
        }
      ]
    },
    "Planning Time": 0.107,
    "Triggers": [],
    "Execution Time": 723.734
  }
]