[
  {
    "Plan": {
      "Node Type": "Aggregate",
      "Strategy": "Plain",
      "Partial Mode": "Finalize",
      "Parallel Aware": false,
      "Startup Cost": 32896.59,
      "Total Cost": 32896.6,
      "Plan Rows": 1,
      "Plan Width": 8,
      "Actual Startup Time": 89.546,
      "Actual Total Time": 97.448,
      "Actual Rows": 1,
      "Actual Loops": 1,
      "Plans": [
        {
          "Node Type": "Gather",
          "Parent Relationship": "Outer",
          "Parallel Aware": false,
          "Startup Cost": 32896.27,
          "Total Cost": 32896.58,
          "Plan Rows": 3,
          "Plan Width": 8,
          "Actual Startup Time": 89.416,
          "Actual Total Time": 97.439,
          "Actual Rows": 4,
          "Actual Loops": 1,
          "Workers Planned": 3,
          "Workers Launched": 3,
          "Single Copy": false,
          "Plans": [
            {
              "Node Type": "Aggregate",
              "Strategy": "Plain",
              "Partial Mode": "Partial",
              "Parent Relationship": "Outer",
              "Parallel Aware": false,
              "Startup Cost": 31896.27,
              "Total Cost": 31896.28,
              "Plan Rows": 1,
              "Plan Width": 8,
              "Actual Startup Time": 81.601,
              "Actual Total Time": 81.602,
              "Actual Rows": 1,
              "Actual Loops": 4,
              "Plans": [
                {
                  "Node Type": "Seq Scan",
                  "Parent Relationship": "Outer",
                  "Parallel Aware": true,
                  "Relation Name": "movie_companies",
                  "Alias": "mc",
                  "Startup Cost": 0.0,
                  "Total Cost": 31414.82,
                  "Plan Rows": 192581,
                  "Plan Width": 0,
                  "Actual Startup Time": 23.256,
                  "Actual Total Time": 77.471,
                  "Actual Rows": 82603,
                  "Actual Loops": 4,
                  "Filter": "((company_id > 12094) AND (company_type_id = 1))",
                  "Rows Removed by Filter": 569679
                }
              ]
            }
          ]
        }
      ]
    },
    "Planning Time": 0.216,
    "Triggers": [],
    "Execution Time": 97.504
  }
]