[
  {
    "Plan": {
      "Node Type": "Aggregate",
      "Strategy": "Plain",
      "Partial Mode": "Finalize",
      "Parallel Aware": false,
      "Startup Cost": 350634.64,
      "Total Cost": 350634.65,
      "Plan Rows": 1,
      "Plan Width": 8,
      "Actual Startup Time": 326.037,
      "Actual Total Time": 381.002,
      "Actual Rows": 1,
      "Actual Loops": 1,
      "Plans": [
        {
          "Node Type": "Gather",
          "Parent Relationship": "Outer",
          "Parallel Aware": false,
          "Startup Cost": 350634.22,
          "Total Cost": 350634.63,
          "Plan Rows": 4,
          "Plan Width": 8,
          "Actual Startup Time": 325.91,
          "Actual Total Time": 380.993,
          "Actual Rows": 5,
          "Actual Loops": 1,
          "Workers Planned": 4,
          "Workers Launched": 4,
          "Single Copy": false,
          "Plans": [
            {
              "Node Type": "Aggregate",
              "Strategy": "Plain",
              "Partial Mode": "Partial",
              "Parent Relationship": "Outer",
              "Parallel Aware": false,
              "Startup Cost": 349634.22,
              "Total Cost": 349634.23,
              "Plan Rows": 1,
              "Plan Width": 8,
              "Actual Startup Time": 316.416,
              "Actual Total Time": 316.418,
              "Actual Rows": 1,
              "Actual Loops": 5,
              "Plans": [
                {
                  "Node Type": "Nested Loop",
                  "Parent Relationship": "Outer",
                  "Parallel Aware": false,
                  "Join Type": "Inner",
                  "Startup Cost": 0.56,
                  "Total Cost": 349560.47,
                  "Plan Rows": 29497,
                  "Plan Width": 0,
                  "Actual Startup Time": 0.638,
                  "Actual Total Time": 315.491,
                  "Actual Rows": 10385,
                  "Actual Loops": 5,
                  "Inner Unique": false,
                  "Plans": [
                    {
                      "Node Type": "Seq Scan",
                      "Parent Relationship": "Outer",
                      "Parallel Aware": true,
                      "Relation Name": "title",
                      "Alias": "t",
                      "Startup Cost": 0.0,
                      "Total Cost": 45479.1,
                      "Plan Rows": 10463,
                      "Plan Width": 4,
                      "Actual Startup Time": 0.038,
                      "Actual Total Time": 66.079,
                      "Actual Rows": 8051,
                      "Actual Loops": 5,
                      "Filter": "((production_year > 2012) AND (kind_id = 7))",
                      "Rows Removed by Filter": 497611
                    },
                    {
                      "Node Type": "Index Scan",
                      "Parent Relationship": "Inner",
                      "Parallel Aware": false,
                      "Scan Direction": "Forward",
                      "Index Name": "movie_id_cast_info",
                      "Relation Name": "cast_info",
                      "Alias": "ci",
                      "Startup Cost": 0.56,
                      "Total Cost": 28.99,
                      "Plan Rows": 7,
                      "Plan Width": 4,
                      "Actual Startup Time": 0.023,
                      "Actual Total Time": 0.031,
                      "Actual Rows": 1,
                      "Actual Loops": 40257,
                      "Index Cond": "(movie_id = t.id)",
                      "Rows Removed by Index Recheck": 0,
                      "Filter": "((person_id < 1552927) AND (role_id > 2))",
                      "Rows Removed by Filter": 11
                    }
                  ]
                }
              ]
            }
          ]
        }
      ]
    },
    "Planning Time": 0.654,
    "Triggers": [],
    "Execution Time": 381.095
  }
]