[
  {
    "Plan": {
      "Node Type": "Aggregate",
      "Strategy": "Plain",
      "Partial Mode": "Finalize",
      "Parallel Aware": false,
      "Startup Cost": 292639.78,
      "Total Cost": 292639.79,
      "Plan Rows": 1,
      "Plan Width": 8,
      "Actual Startup Time": 865.199,
      "Actual Total Time": 920.39,
      "Actual Rows": 1,
      "Actual Loops": 1,
      "Plans": [
        {
          "Node Type": "Gather",
          "Parent Relationship": "Outer",
          "Parallel Aware": false,
          "Startup Cost": 292639.46,
          "Total Cost": 292639.77,
          "Plan Rows": 3,
          "Plan Width": 8,
          "Actual Startup Time": 862.802,
          "Actual Total Time": 920.382,
          "Actual Rows": 4,
          "Actual Loops": 1,
          "Workers Planned": 3,
          "Workers Launched": 3,
          "Single Copy": false,
          "Plans": [
            {
              "Node Type": "Aggregate",
              "Strategy": "Plain",
              "Partial Mode": "Partial",
              "Parent Relationship": "Outer",
              "Parallel Aware": false,
              "Startup Cost": 291639.46,
              "Total Cost": 291639.47,
              "Plan Rows": 1,
              "Plan Width": 8,
              "Actual Startup Time": 853.537,
              "Actual Total Time": 853.543,
              "Actual Rows": 1,
              "Actual Loops": 4,
              "Plans": [
                {
                  "Node Type": "Hash Join",
                  "Parent Relationship": "Outer",
                  "Parallel Aware": true,
                  "Join Type": "Inner",
                  "Startup Cost": 246271.48,
                  "Total Cost": 291168.26,
                  "Plan Rows": 188481,
                  "Plan Width": 0,
                  "Actual Startup Time": 662.044,
                  "Actual Total Time": 849.015,
                  "Actual Rows": 113920,
                  "Actual Loops": 4,
                  "Inner Unique": false,
                  "Hash Cond": "(mk.movie_id = t.id)",
                  "Plans": [
                    {
                      "Node Type": "Seq Scan",
                      "Parent Relationship": "Outer",
                      "Parallel Aware": true,
                      "Relation Name": "movie_keyword",
                      "Alias": "mk",
                      "Startup Cost": 0.0,
                      "Total Cost": 39047.32,
                      "Plan Rows": 1459332,
                      "Plan Width": 4,
                      "Actual Startup Time": 0.021,
                      "Actual Total Time": 86.639,
                      "Actual Rows": 1130982,
                      "Actual Loops": 4
                    },
                    {
                      "Node Type": "Hash",
                      "Parent Relationship": "Inner",
                      "Parallel Aware": true,
                      "Startup Cost": 245455.12,
                      "Total Cost": 245455.12,
                      "Plan Rows": 65309,
                      "Plan Width": 8,
                      "Actual Startup Time": 658.28,
                      "Actual Total Time": 658.284,
                      "Actual Rows": 78592,
                      "Actual Loops": 4,
                      "Hash Buckets": 524288,
                      "Original Hash Buckets": 524288,
                      "Hash Batches": 1,
                      "Original Hash Batches": 1,
                      "Peak Memory Usage": 16416,
                      "Plans": [
                        {
                          "Node Type": "Hash Join",
                          "Parent Relationship": "Outer",
                          "Parallel Aware": true,
                          "Join Type": "Inner",
                          "Startup Cost": 44617.19,
                          "Total Cost": 245455.12,
                          "Plan Rows": 65309,
                          "Plan Width": 8,
                          "Actual Startup Time": 158.591,
                          "Actual Total Time": 634.558,
                          "Actual Rows": 78592,
                          "Actual Loops": 4,
                          "Inner Unique": true,
                          "Hash Cond": "(mi.movie_id = t.id)",
                          "Plans": [
                            {
                              "Node Type": "Seq Scan",
                              "Parent Relationship": "Outer",
                              "Parallel Aware": true,
                              "Relation Name": "movie_info",
                              "Alias": "mi",
                              "Startup Cost": 0.0,
                              "Total Cost": 198952.16,
                              "Plan Rows": 718388,
                              "Plan Width": 4,
                              "Actual Startup Time": 37.631,
                              "Actual Total Time": 385.009,
                              "Actual Rows": 906244,
                              "Actual Loops": 4,
                              "Filter": "(info_type_id < 4)",
                              "Rows Removed by Filter": 2802686
                            },
                            {
                              "Node Type": "Hash",
                              "Parent Relationship": "Inner",
                              "Parallel Aware": true,
                              "Startup Cost": 43898.92,
                              "Total Cost": 43898.92,
                              "Plan Rows": 57462,
                              "Plan Width": 4,
                              "Actual Startup Time": 119.867,
                              "Actual Total Time": 119.868,
                              "Actual Rows": 57912,
                              "Actual Loops": 4,
                              "Hash Buckets": 262144,
                              "Original Hash Buckets": 262144,
                              "Hash Batches": 1,
                              "Original Hash Batches": 1,
                              "Peak Memory Usage": 11168,
                              "Plans": [
                                {
                                  "Node Type": "Seq Scan",
                                  "Parent Relationship": "Outer",
                                  "Parallel Aware": true,
                                  "Relation Name": "title",
                                  "Alias": "t",
                                  "Startup Cost": 0.0,
                                  "Total Cost": 43898.92,
                                  "Plan Rows": 57462,
                                  "Plan Width": 4,
                                  "Actual Startup Time": 0.042,
                                  "Actual Total Time": 96.286,
                                  "Actual Rows": 57912,
                                  "Actual Loops": 4,
                                  "Filter": "(production_year > 2011)",
                                  "Rows Removed by Filter": 574166
                                }
                              ]
                            }
                          ]
                        }
                      ]
                    }
                  ]
                }
              ]
            }
          ]
        }
      ]
    },
    "Planning Time": 1.41,
    "Triggers": [],
    "Execution Time": 920.485
  }
]