[
    {
        "Bao": {
            "Bao prediction": "NaN",
            "Bao recommended hint": "(no hint)"
        }
    },
    {
        "Plan": {
            "Node Type": "Aggregate",
            "Strategy": "Plain",
            "Partial Mode": "Finalize",
            "Parallel Aware": false,
            "Startup Cost": 48612.47,
            "Total Cost": 48612.48,
            "Plan Rows": 1,
            "Plan Width": 8,
            "Actual Startup Time": 75.836,
            "Actual Total Time": 79.928,
            "Actual Rows": 1,
            "Actual Loops": 1,
            "Output": [
                "count(*)"
            ],
            "Plans": [
                {
                    "Node Type": "Gather",
                    "Parent Relationship": "Outer",
                    "Parallel Aware": false,
                    "Startup Cost": 48612.16,
                    "Total Cost": 48612.47,
                    "Plan Rows": 3,
                    "Plan Width": 8,
                    "Actual Startup Time": 75.414,
                    "Actual Total Time": 79.921,
                    "Actual Rows": 4,
                    "Actual Loops": 1,
                    "Output": [
                        "(PARTIAL count(*))"
                    ],
                    "Workers Planned": 3,
                    "Workers Launched": 3,
                    "Single Copy": false,
                    "Plans": [
                        {
                            "Node Type": "Aggregate",
                            "Strategy": "Plain",
                            "Partial Mode": "Partial",
                            "Parent Relationship": "Outer",
                            "Parallel Aware": false,
                            "Startup Cost": 47612.16,
                            "Total Cost": 47612.17,
                            "Plan Rows": 1,
                            "Plan Width": 8,
                            "Actual Startup Time": 66.136,
                            "Actual Total Time": 66.139,
                            "Actual Rows": 1,
                            "Actual Loops": 4,
                            "Output": [
                                "PARTIAL count(*)"
                            ],
                            "Workers": [
                                {
                                    "Worker Number": 0,
                                    "Actual Startup Time": 63.106,
                                    "Actual Total Time": 63.109,
                                    "Actual Rows": 1,
                                    "Actual Loops": 1
                                },
                                {
                                    "Worker Number": 1,
                                    "Actual Startup Time": 63.115,
                                    "Actual Total Time": 63.118,
                                    "Actual Rows": 1,
                                    "Actual Loops": 1
                                },
                                {
                                    "Worker Number": 2,
                                    "Actual Startup Time": 63.249,
                                    "Actual Total Time": 63.251,
                                    "Actual Rows": 1,
                                    "Actual Loops": 1
                                }
                            ],
                            "Plans": [
                                {
                                    "Node Type": "Hash Join",
                                    "Parent Relationship": "Outer",
                                    "Parallel Aware": true,
                                    "Join Type": "Inner",
                                    "Startup Cost": 38851.16,
                                    "Total Cost": 47610.46,
                                    "Plan Rows": 680,
                                    "Plan Width": 0,
                                    "Actual Startup Time": 42.998,
                                    "Actual Total Time": 66.096,
                                    "Actual Rows": 480,
                                    "Actual Loops": 4,
                                    "Inner Unique": true,
                                    "Hash Cond": "(ci.movie_id = t.id)",
                                    "Workers": [
                                        {
                                            "Worker Number": 0,
                                            "Actual Startup Time": 40.092,
                                            "Actual Total Time": 63.065,
                                            "Actual Rows": 488,
                                            "Actual Loops": 1
                                        },
                                        {
                                            "Worker Number": 1,
                                            "Actual Startup Time": 40.131,
                                            "Actual Total Time": 63.073,
                                            "Actual Rows": 482,
                                            "Actual Loops": 1
                                        },
                                        {
                                            "Worker Number": 2,
                                            "Actual Startup Time": 40.099,
                                            "Actual Total Time": 63.207,
                                            "Actual Rows": 455,
                                            "Actual Loops": 1
                                        }
                                    ],
                                    "Plans": [
                                        {
                                            "Node Type": "Index Scan",
                                            "Parent Relationship": "Outer",
                                            "Parallel Aware": true,
                                            "Scan Direction": "Forward",
                                            "Index Name": "role_id_cast_info",
                                            "Relation Name": "cast_info",
                                            "Schema": "public",
                                            "Alias": "ci",
                                            "Startup Cost": 0.56,
                                            "Total Cost": 8709.54,
                                            "Plan Rows": 19169,
                                            "Plan Width": 4,
                                            "Actual Startup Time": 0.056,
                                            "Actual Total Time": 13.771,
                                            "Actual Rows": 54562,
                                            "Actual Loops": 4,
                                            "Output": [
                                                "ci.id",
                                                "ci.person_id",
                                                "ci.movie_id",
                                                "ci.person_role_id",
                                                "ci.note",
                                                "ci.nr_order",
                                                "ci.role_id"
                                            ],
                                            "Index Cond": "(ci.role_id > 10)",
                                            "Rows Removed by Index Recheck": 0,
                                            "Filter": "(ci.person_id > 2957230)",
                                            "Rows Removed by Filter": 24467,
                                            "Workers": [
                                                {
                                                    "Worker Number": 0,
                                                    "Actual Startup Time": 0.096,
                                                    "Actual Total Time": 14.19,
                                                    "Actual Rows": 53997,
                                                    "Actual Loops": 1
                                                },
                                                {
                                                    "Worker Number": 1,
                                                    "Actual Startup Time": 0.05,
                                                    "Actual Total Time": 14.115,
                                                    "Actual Rows": 53571,
                                                    "Actual Loops": 1
                                                },
                                                {
                                                    "Worker Number": 2,
                                                    "Actual Startup Time": 0.043,
                                                    "Actual Total Time": 14.246,
                                                    "Actual Rows": 54196,
                                                    "Actual Loops": 1
                                                }
                                            ]
                                        },
                                        {
                                            "Node Type": "Hash",
                                            "Parent Relationship": "Inner",
                                            "Parallel Aware": true,
                                            "Startup Cost": 38570.13,
                                            "Total Cost": 38570.13,
                                            "Plan Rows": 22437,
                                            "Plan Width": 4,
                                            "Actual Startup Time": 41.955,
                                            "Actual Total Time": 41.956,
                                            "Actual Rows": 24210,
                                            "Actual Loops": 4,
                                            "Output": [
                                                "t.id"
                                            ],
                                            "Hash Buckets": 131072,
                                            "Original Hash Buckets": 131072,
                                            "Hash Batches": 1,
                                            "Original Hash Batches": 1,
                                            "Peak Memory Usage": 4896,
                                            "Workers": [
                                                {
                                                    "Worker Number": 0,
                                                    "Actual Startup Time": 39.244,
                                                    "Actual Total Time": 39.245,
                                                    "Actual Rows": 15204,
                                                    "Actual Loops": 1
                                                },
                                                {
                                                    "Worker Number": 1,
                                                    "Actual Startup Time": 39.246,
                                                    "Actual Total Time": 39.247,
                                                    "Actual Rows": 15574,
                                                    "Actual Loops": 1
                                                },
                                                {
                                                    "Worker Number": 2,
                                                    "Actual Startup Time": 39.403,
                                                    "Actual Total Time": 39.403,
                                                    "Actual Rows": 16838,
                                                    "Actual Loops": 1
                                                }
                                            ],
                                            "Plans": [
                                                {
                                                    "Node Type": "Bitmap Heap Scan",
                                                    "Parent Relationship": "Outer",
                                                    "Parallel Aware": true,
                                                    "Relation Name": "title",
                                                    "Schema": "public",
                                                    "Alias": "t",
                                                    "Startup Cost": 2129.04,
                                                    "Total Cost": 38570.13,
                                                    "Plan Rows": 22437,
                                                    "Plan Width": 4,
                                                    "Actual Startup Time": 2.394,
                                                    "Actual Total Time": 32.318,
                                                    "Actual Rows": 24210,
                                                    "Actual Loops": 4,
                                                    "Output": [
                                                        "t.id"
                                                    ],
                                                    "Recheck Cond": "(t.kind_id = 4)",
                                                    "Rows Removed by Index Recheck": 0,
                                                    "Filter": "(t.production_year < 2010)",
                                                    "Rows Removed by Filter": 5349,
                                                    "Exact Heap Blocks": 6516,
                                                    "Lossy Heap Blocks": 0,
                                                    "Workers": [
                                                        {
                                                            "Worker Number": 0,
                                                            "Actual Startup Time": 0.273,
                                                            "Actual Total Time": 30.789,
                                                            "Actual Rows": 15204,
                                                            "Actual Loops": 1
                                                        },
                                                        {
                                                            "Worker Number": 1,
                                                            "Actual Startup Time": 0.142,
                                                            "Actual Total Time": 30.589,
                                                            "Actual Rows": 15574,
                                                            "Actual Loops": 1
                                                        },
                                                        {
                                                            "Worker Number": 2,
                                                            "Actual Startup Time": 0.161,
                                                            "Actual Total Time": 30.753,
                                                            "Actual Rows": 16838,
                                                            "Actual Loops": 1
                                                        }
                                                    ],
                                                    "Plans": [
                                                        {
                                                            "Node Type": "Bitmap Index Scan",
                                                            "Parent Relationship": "Outer",
                                                            "Parallel Aware": false,
                                                            "Index Name": "kind_id_title",
                                                            "Startup Cost": 0.0,
                                                            "Total Cost": 2106.61,
                                                            "Plan Rows": 118157,
                                                            "Plan Width": 0,
                                                            "Actual Startup Time": 6.849,
                                                            "Actual Total Time": 6.849,
                                                            "Actual Rows": 118234,
                                                            "Actual Loops": 1,
                                                            "Index Cond": "(t.kind_id = 4)"
                                                        }
                                                    ]
                                                }
                                            ]
                                        }
                                    ]
                                }
                            ]
                        }
                    ]
                }
            ]
        },
        "Planning Time": 187.239,
        "Triggers": [],
        "Execution Time": 80.002
    }
]