{
    "Plan": {
        "Node Type": "Aggregate",
        "Strategy": "Plain",
        "Partial Mode": "Finalize",
        "Parallel Aware": false,
        "Startup Cost": 79531.92,
        "Total Cost": 79531.93,
        "Plan Rows": 1,
        "Plan Width": 8,
        "Actual Startup Time": 238.201,
        "Actual Total Time": 252.424,
        "Actual Rows": 1,
        "Actual Loops": 1,
        "Output": [
            "count(*)"
        ],
        "Plans": [
            {
                "Node Type": "Gather",
                "Parent Relationship": "Outer",
                "Parallel Aware": false,
                "Startup Cost": 79531.6,
                "Total Cost": 79531.91,
                "Plan Rows": 3,
                "Plan Width": 8,
                "Actual Startup Time": 236.542,
                "Actual Total Time": 252.414,
                "Actual Rows": 4,
                "Actual Loops": 1,
                "Output": [
                    "(PARTIAL count(*))"
                ],
                "Workers Planned": 3,
                "Workers Launched": 3,
                "Single Copy": false,
                "Plans": [
                    {
                        "Node Type": "Aggregate",
                        "Strategy": "Plain",
                        "Partial Mode": "Partial",
                        "Parent Relationship": "Outer",
                        "Parallel Aware": false,
                        "Startup Cost": 78531.6,
                        "Total Cost": 78531.61,
                        "Plan Rows": 1,
                        "Plan Width": 8,
                        "Actual Startup Time": 227.401,
                        "Actual Total Time": 227.408,
                        "Actual Rows": 1,
                        "Actual Loops": 4,
                        "Output": [
                            "PARTIAL count(*)"
                        ],
                        "Workers": [
                            {
                                "Worker Number": 0,
                                "Actual Startup Time": 224.113,
                                "Actual Total Time": 224.117,
                                "Actual Rows": 1,
                                "Actual Loops": 1
                            },
                            {
                                "Worker Number": 1,
                                "Actual Startup Time": 224.878,
                                "Actual Total Time": 224.882,
                                "Actual Rows": 1,
                                "Actual Loops": 1
                            },
                            {
                                "Worker Number": 2,
                                "Actual Startup Time": 224.767,
                                "Actual Total Time": 224.77,
                                "Actual Rows": 1,
                                "Actual Loops": 1
                            }
                        ],
                        "Plans": [
                            {
                                "Node Type": "Hash Join",
                                "Parent Relationship": "Outer",
                                "Parallel Aware": true,
                                "Join Type": "Inner",
                                "Startup Cost": 46548.18,
                                "Total Cost": 78466.7,
                                "Plan Rows": 25961,
                                "Plan Width": 0,
                                "Actual Startup Time": 169.915,
                                "Actual Total Time": 226.57,
                                "Actual Rows": 18971,
                                "Actual Loops": 4,
                                "Inner Unique": true,
                                "Hash Cond": "(mc.movie_id = t.id)",
                                "Workers": [
                                    {
                                        "Worker Number": 0,
                                        "Actual Startup Time": 166.661,
                                        "Actual Total Time": 223.317,
                                        "Actual Rows": 17522,
                                        "Actual Loops": 1
                                    },
                                    {
                                        "Worker Number": 1,
                                        "Actual Startup Time": 167.182,
                                        "Actual Total Time": 224.037,
                                        "Actual Rows": 19069,
                                        "Actual Loops": 1
                                    },
                                    {
                                        "Worker Number": 2,
                                        "Actual Startup Time": 167.368,
                                        "Actual Total Time": 223.96,
                                        "Actual Rows": 17556,
                                        "Actual Loops": 1
                                    }
                                ],
                                "Plans": [
                                    {
                                        "Node Type": "Seq Scan",
                                        "Parent Relationship": "Outer",
                                        "Parallel Aware": true,
                                        "Relation Name": "movie_companies",
                                        "Schema": "public",
                                        "Alias": "mc",
                                        "Startup Cost": 0.0,
                                        "Total Cost": 31414.82,
                                        "Plan Rows": 191884,
                                        "Plan Width": 4,
                                        "Actual Startup Time": 29.783,
                                        "Actual Total Time": 59.022,
                                        "Actual Rows": 95191,
                                        "Actual Loops": 4,
                                        "Output": [
                                            "mc.id",
                                            "mc.movie_id",
                                            "mc.company_id",
                                            "mc.company_type_id",
                                            "mc.note"
                                        ],
                                        "Filter": "((mc.company_id < 9674) AND (mc.company_type_id > 1))",
                                        "Rows Removed by Filter": 557091,
                                        "Workers": [
                                            {
                                                "Worker Number": 0,
                                                "Actual Startup Time": 29.754,
                                                "Actual Total Time": 58.891,
                                                "Actual Rows": 89241,
                                                "Actual Loops": 1
                                            },
                                            {
                                                "Worker Number": 1,
                                                "Actual Startup Time": 29.756,
                                                "Actual Total Time": 59.825,
                                                "Actual Rows": 94420,
                                                "Actual Loops": 1
                                            },
                                            {
                                                "Worker Number": 2,
                                                "Actual Startup Time": 29.736,
                                                "Actual Total Time": 58.867,
                                                "Actual Rows": 90394,
                                                "Actual Loops": 1
                                            }
                                        ]
                                    },
                                    {
                                        "Node Type": "Hash",
                                        "Parent Relationship": "Inner",
                                        "Parallel Aware": true,
                                        "Startup Cost": 45479.21,
                                        "Total Cost": 45479.21,
                                        "Plan Rows": 85518,
                                        "Plan Width": 4,
                                        "Actual Startup Time": 136.473,
                                        "Actual Total Time": 136.474,
                                        "Actual Rows": 108780,
                                        "Actual Loops": 4,
                                        "Output": [
                                            "t.id"
                                        ],
                                        "Hash Buckets": 524288,
                                        "Original Hash Buckets": 524288,
                                        "Hash Batches": 1,
                                        "Original Hash Batches": 1,
                                        "Peak Memory Usage": 21184,
                                        "Workers": [
                                            {
                                                "Worker Number": 0,
                                                "Actual Startup Time": 136.093,
                                                "Actual Total Time": 136.094,
                                                "Actual Rows": 100412,
                                                "Actual Loops": 1
                                            },
                                            {
                                                "Worker Number": 1,
                                                "Actual Startup Time": 136.621,
                                                "Actual Total Time": 136.622,
                                                "Actual Rows": 105529,
                                                "Actual Loops": 1
                                            },
                                            {
                                                "Worker Number": 2,
                                                "Actual Startup Time": 136.718,
                                                "Actual Total Time": 136.72,
                                                "Actual Rows": 99780,
                                                "Actual Loops": 1
                                            }
                                        ],
                                        "Plans": [
                                            {
                                                "Node Type": "Seq Scan",
                                                "Parent Relationship": "Outer",
                                                "Parallel Aware": true,
                                                "Relation Name": "title",
                                                "Schema": "public",
                                                "Alias": "t",
                                                "Startup Cost": 0.0,
                                                "Total Cost": 45479.21,
                                                "Plan Rows": 85518,
                                                "Plan Width": 4,
                                                "Actual Startup Time": 0.073,
                                                "Actual Total Time": 99.891,
                                                "Actual Rows": 108780,
                                                "Actual Loops": 4,
                                                "Output": [
                                                    "t.id"
                                                ],
                                                "Filter": "((t.kind_id < 3) AND (t.production_year < 2002))",
                                                "Rows Removed by Filter": 523298,
                                                "Workers": [
                                                    {
                                                        "Worker Number": 0,
                                                        "Actual Startup Time": 0.076,
                                                        "Actual Total Time": 100.527,
                                                        "Actual Rows": 100412,
                                                        "Actual Loops": 1
                                                    },
                                                    {
                                                        "Worker Number": 1,
                                                        "Actual Startup Time": 0.094,
                                                        "Actual Total Time": 100.633,
                                                        "Actual Rows": 105529,
                                                        "Actual Loops": 1
                                                    },
                                                    {
                                                        "Worker Number": 2,
                                                        "Actual Startup Time": 0.076,
                                                        "Actual Total Time": 100.441,
                                                        "Actual Rows": 99780,
                                                        "Actual Loops": 1
                                                    }
                                                ]
                                            }
                                        ]
                                    }
                                ]
                            }
                        ]
                    }
                ]
            }
        ]
    },
    "Planning Time": 0.756,
    "Triggers": [],
    "Execution Time": 252.526
}