[
  {
    "Plan": {
      "Node Type": "Aggregate",
      "Strategy": "Plain",
      "Partial Mode": "Finalize",
      "Parallel Aware": false,
      "Startup Cost": 120180.26,
      "Total Cost": 120180.27,
      "Plan Rows": 1,
      "Plan Width": 8,
      "Actual Startup Time": 278.305,
      "Actual Total Time": 307.486,
      "Actual Rows": 1,
      "Actual Loops": 1,
      "Plans": [
        {
          "Node Type": "Gather",
          "Parent Relationship": "Outer",
          "Parallel Aware": false,
          "Startup Cost": 120179.74,
          "Total Cost": 120180.25,
          "Plan Rows": 5,
          "Plan Width": 8,
          "Actual Startup Time": 277.552,
          "Actual Total Time": 307.473,
          "Actual Rows": 6,
          "Actual Loops": 1,
          "Workers Planned": 5,
          "Workers Launched": 5,
          "Single Copy": false,
          "Plans": [
            {
              "Node Type": "Aggregate",
              "Strategy": "Plain",
              "Partial Mode": "Partial",
              "Parent Relationship": "Outer",
              "Parallel Aware": false,
              "Startup Cost": 119179.74,
              "Total Cost": 119179.75,
              "Plan Rows": 1,
              "Plan Width": 8,
              "Actual Startup Time": 268.58,
              "Actual Total Time": 268.582,
              "Actual Rows": 1,
              "Actual Loops": 6,
              "Plans": [
                {
                  "Node Type": "Index Scan",
                  "Parent Relationship": "Outer",
                  "Parallel Aware": true,
                  "Scan Direction": "Forward",
                  "Index Name": "role_id_cast_info",
                  "Relation Name": "cast_info",
                  "Alias": "ci",
                  "Startup Cost": 0.56,
                  "Total Cost": 118067.1,
                  "Plan Rows": 445055,
                  "Plan Width": 0,
                  "Actual Startup Time": 0.08,
                  "Actual Total Time": 224.419,
                  "Actual Rows": 605709,
                  "Actual Loops": 6,
                  "Index Cond": "(role_id = 10)",
                  "Rows Removed by Index Recheck": 0,
                  "Filter": "(person_id > 1757944)",
                  "Rows Removed by Filter": 114794
                }
              ]
            }
          ]
        }
      ]
    },
    "Planning Time": 0.149,
    "Triggers": [],
    "Execution Time": 307.542
  }
]