[
  {
    "Plan": {
      "Node Type": "Aggregate",
      "Strategy": "Plain",
      "Partial Mode": "Finalize",
      "Parallel Aware": false,
      "Startup Cost": 368468.22,
      "Total Cost": 368468.23,
      "Plan Rows": 1,
      "Plan Width": 8,
      "Actual Startup Time": 1352.107,
      "Actual Total Time": 1413.752,
      "Actual Rows": 1,
      "Actual Loops": 1,
      "Plans": [
        {
          "Node Type": "Gather",
          "Parent Relationship": "Outer",
          "Parallel Aware": false,
          "Startup Cost": 368467.59,
          "Total Cost": 368468.2,
          "Plan Rows": 6,
          "Plan Width": 8,
          "Actual Startup Time": 1350.723,
          "Actual Total Time": 1413.719,
          "Actual Rows": 7,
          "Actual Loops": 1,
          "Workers Planned": 6,
          "Workers Launched": 6,
          "Single Copy": false,
          "Plans": [
            {
              "Node Type": "Aggregate",
              "Strategy": "Plain",
              "Partial Mode": "Partial",
              "Parent Relationship": "Outer",
              "Parallel Aware": false,
              "Startup Cost": 367467.59,
              "Total Cost": 367467.6,
              "Plan Rows": 1,
              "Plan Width": 8,
              "Actual Startup Time": 1340.763,
              "Actual Total Time": 1340.766,
              "Actual Rows": 1,
              "Actual Loops": 7,
              "Plans": [
                {
                  "Node Type": "Hash Join",
                  "Parent Relationship": "Outer",
                  "Parallel Aware": true,
                  "Join Type": "Inner",
                  "Startup Cost": 38169.9,
                  "Total Cost": 367086.7,
                  "Plan Rows": 152356,
                  "Plan Width": 0,
                  "Actual Startup Time": 71.801,
                  "Actual Total Time": 1334.244,
                  "Actual Rows": 94711,
                  "Actual Loops": 7,
                  "Inner Unique": true,
                  "Hash Cond": "(ci.movie_id = t.id)",
                  "Plans": [
                    {
                      "Node Type": "Seq Scan",
                      "Parent Relationship": "Outer",
                      "Parallel Aware": true,
                      "Relation Name": "cast_info",
                      "Alias": "ci",
                      "Startup Cost": 0.0,
                      "Total Cost": 313067.02,
                      "Plan Rows": 6038002,
                      "Plan Width": 4,
                      "Actual Startup Time": 0.025,
                      "Actual Total Time": 552.649,
                      "Actual Rows": 5177763,
                      "Actual Loops": 7
                    },
                    {
                      "Node Type": "Hash",
                      "Parent Relationship": "Inner",
                      "Parallel Aware": true,
                      "Startup Cost": 37970.54,
                      "Total Cost": 37970.54,
                      "Plan Rows": 15949,
                      "Plan Width": 4,
                      "Actual Startup Time": 70.721,
                      "Actual Total Time": 70.722,
                      "Actual Rows": 9621,
                      "Actual Loops": 7,
                      "Hash Buckets": 65536,
                      "Original Hash Buckets": 65536,
                      "Hash Batches": 1,
                      "Original Hash Batches": 1,
                      "Peak Memory Usage": 3264,
                      "Plans": [
                        {
                          "Node Type": "Bitmap Heap Scan",
                          "Parent Relationship": "Outer",
                          "Parallel Aware": true,
                          "Relation Name": "title",
                          "Alias": "t",
                          "Startup Cost": 1632.49,
                          "Total Cost": 37970.54,
                          "Plan Rows": 15949,
                          "Plan Width": 4,
                          "Actual Startup Time": 20.077,
                          "Actual Total Time": 64.723,
                          "Actual Rows": 9621,
                          "Actual Loops": 7,
                          "Recheck Cond": "(kind_id = 2)",
                          "Rows Removed by Index Recheck": 0,
                          "Filter": "(production_year > 1989)",
                          "Rows Removed by Filter": 3357,
                          "Exact Heap Blocks": 10593,
                          "Lossy Heap Blocks": 0,
                          "Plans": [
                            {
                              "Node Type": "Bitmap Index Scan",
                              "Parent Relationship": "Outer",
                              "Parallel Aware": false,
                              "Index Name": "kind_id_title",
                              "Startup Cost": 0.0,
                              "Total Cost": 1616.54,
                              "Plan Rows": 90681,
                              "Plan Width": 0,
                              "Actual Startup Time": 18.356,
                              "Actual Total Time": 18.356,
                              "Actual Rows": 90852,
                              "Actual Loops": 1,
                              "Index Cond": "(kind_id = 2)"
                            }
                          ]
                        }
                      ]
                    }
                  ]
                }
              ]
            }
          ]
        }
      ]
    },
    "Planning Time": 0.617,
    "Triggers": [],
    "Execution Time": 1413.865
  }
]