[
  {
    "Plan": {
      "Node Type": "Aggregate",
      "Strategy": "Plain",
      "Partial Mode": "Finalize",
      "Parallel Aware": false,
      "Startup Cost": 436309.78,
      "Total Cost": 436309.79,
      "Plan Rows": 1,
      "Plan Width": 8,
      "Actual Startup Time": 2251.691,
      "Actual Total Time": 2314.454,
      "Actual Rows": 1,
      "Actual Loops": 1,
      "Plans": [
        {
          "Node Type": "Gather",
          "Parent Relationship": "Outer",
          "Parallel Aware": false,
          "Startup Cost": 436309.15,
          "Total Cost": 436309.76,
          "Plan Rows": 6,
          "Plan Width": 8,
          "Actual Startup Time": 2240.667,
          "Actual Total Time": 2314.441,
          "Actual Rows": 7,
          "Actual Loops": 1,
          "Workers Planned": 6,
          "Workers Launched": 6,
          "Single Copy": false,
          "Plans": [
            {
              "Node Type": "Aggregate",
              "Strategy": "Plain",
              "Partial Mode": "Partial",
              "Parent Relationship": "Outer",
              "Parallel Aware": false,
              "Startup Cost": 435309.15,
              "Total Cost": 435309.16,
              "Plan Rows": 1,
              "Plan Width": 8,
              "Actual Startup Time": 2229.53,
              "Actual Total Time": 2229.855,
              "Actual Rows": 1,
              "Actual Loops": 7,
              "Plans": [
                {
                  "Node Type": "Hash Join",
                  "Parent Relationship": "Outer",
                  "Parallel Aware": true,
                  "Join Type": "Inner",
                  "Startup Cost": 82218.13,
                  "Total Cost": 431199.36,
                  "Plan Rows": 1643916,
                  "Plan Width": 0,
                  "Actual Startup Time": 347.614,
                  "Actual Total Time": 2126.87,
                  "Actual Rows": 2380826,
                  "Actual Loops": 7,
                  "Inner Unique": false,
                  "Hash Cond": "(ci.movie_id = t.id)",
                  "Plans": [
                    {
                      "Node Type": "Seq Scan",
                      "Parent Relationship": "Outer",
                      "Parallel Aware": true,
                      "Relation Name": "cast_info",
                      "Alias": "ci",
                      "Startup Cost": 0.0,
                      "Total Cost": 328162.03,
                      "Plan Rows": 4455844,
                      "Plan Width": 4,
                      "Actual Startup Time": 0.027,
                      "Actual Total Time": 699.243,
                      "Actual Rows": 3837092,
                      "Actual Loops": 7,
                      "Filter": "(role_id < 5)",
                      "Rows Removed by Filter": 1340672
                    },
                    {
                      "Node Type": "Hash",
                      "Parent Relationship": "Inner",
                      "Parallel Aware": true,
                      "Startup Cost": 79303.21,
                      "Total Cost": 79303.21,
                      "Plan Rows": 233194,
                      "Plan Width": 8,
                      "Actual Startup Time": 344.18,
                      "Actual Total Time": 344.503,
                      "Actual Rows": 134952,
                      "Actual Loops": 7,
                      "Hash Buckets": 1048576,
                      "Original Hash Buckets": 1048576,
                      "Hash Batches": 1,
                      "Original Hash Batches": 1,
                      "Peak Memory Usage": 45248,
                      "Plans": [
                        {
                          "Node Type": "Hash Join",
                          "Parent Relationship": "Outer",
                          "Parallel Aware": true,
                          "Join Type": "Inner",
                          "Startup Cost": 33071.87,
                          "Total Cost": 79303.21,
                          "Plan Rows": 233194,
                          "Plan Width": 8,
                          "Actual Startup Time": 115.863,
                          "Actual Total Time": 293.214,
                          "Actual Rows": 134952,
                          "Actual Loops": 7,
                          "Inner Unique": false,
                          "Hash Cond": "(t.id = mc.movie_id)",
                          "Plans": [
                            {
                              "Node Type": "Seq Scan",
                              "Parent Relationship": "Outer",
                              "Parallel Aware": true,
                              "Relation Name": "title",
                              "Alias": "t",
                              "Startup Cost": 0.0,
                              "Total Cost": 42318.73,
                              "Plan Rows": 632073,
                              "Plan Width": 4,
                              "Actual Startup Time": 0.014,
                              "Actual Total Time": 53.836,
                              "Actual Rows": 361187,
                              "Actual Loops": 7
                            },
                            {
                              "Node Type": "Hash",
                              "Parent Relationship": "Inner",
                              "Parallel Aware": true,
                              "Startup Cost": 29310.68,
                              "Total Cost": 29310.68,
                              "Plan Rows": 300895,
                              "Plan Width": 4,
                              "Actual Startup Time": 114.293,
                              "Actual Total Time": 114.294,
                              "Actual Rows": 134952,
                              "Actual Loops": 7,
                              "Hash Buckets": 1048576,
                              "Original Hash Buckets": 1048576,
                              "Hash Batches": 1,
                              "Original Hash Batches": 1,
                              "Peak Memory Usage": 45280,
                              "Plans": [
                                {
                                  "Node Type": "Seq Scan",
                                  "Parent Relationship": "Outer",
                                  "Parallel Aware": true,
                                  "Relation Name": "movie_companies",
                                  "Alias": "mc",
                                  "Startup Cost": 0.0,
                                  "Total Cost": 29310.68,
                                  "Plan Rows": 300895,
                                  "Plan Width": 4,
                                  "Actual Startup Time": 16.255,
                                  "Actual Total Time": 59.982,
                                  "Actual Rows": 134952,
                                  "Actual Loops": 7,
                                  "Filter": "(company_id > 18817)",
                                  "Rows Removed by Filter": 237781
                                }
                              ]
                            }
                          ]
                        }
                      ]
                    }
                  ]
                }
              ]
            }
          ]
        }
      ]
    },
    "Planning Time": 1.343,
    "Triggers": [],
    "Execution Time": 2314.553
  }
]