{
  "Plan": {
    "Node Type": "Aggregate",
    "Strategy": "Plain",
    "Partial Mode": "Finalize",
    "Parallel Aware": false,
    "Startup Cost": 110921.26,
    "Total Cost": 110921.27,
    "Plan Rows": 1,
    "Plan Width": 8,
    "Actual Startup Time": 382.965,
    "Actual Total Time": 407.88,
    "Actual Rows": 1,
    "Actual Loops": 1,
    "Plans": [
      {
        "Node Type": "Gather",
        "Parent Relationship": "Outer",
        "Parallel Aware": false,
        "Startup Cost": 110921.15,
        "Total Cost": 110921.26,
        "Plan Rows": 1,
        "Plan Width": 8,
        "Actual Startup Time": 382.237,
        "Actual Total Time": 407.871,
        "Actual Rows": 2,
        "Actual Loops": 1,
        "Workers Planned": 1,
        "Workers Launched": 1,
        "Single Copy": false,
        "Plans": [
          {
            "Node Type": "Aggregate",
            "Strategy": "Plain",
            "Partial Mode": "Partial",
            "Parent Relationship": "Outer",
            "Parallel Aware": false,
            "Startup Cost": 109921.15,
            "Total Cost": 109921.16,
            "Plan Rows": 1,
            "Plan Width": 8,
            "Actual Startup Time": 376.103,
            "Actual Total Time": 376.107,
            "Actual Rows": 1,
            "Actual Loops": 2,
            "Plans": [
              {
                "Node Type": "Nested Loop",
                "Parent Relationship": "Outer",
                "Parallel Aware": false,
                "Join Type": "Inner",
                "Startup Cost": 66184.16,
                "Total Cost": 109877.22,
                "Plan Rows": 17573,
                "Plan Width": 0,
                "Actual Startup Time": 187.454,
                "Actual Total Time": 367.662,
                "Actual Rows": 206038,
                "Actual Loops": 2,
                "Inner Unique": false,
                "Join Filter": "(t.id = mc.movie_id)",
                "Rows Removed by Join Filter": 0,
                "Plans": [
                  {
                    "Node Type": "Hash Join",
                    "Parent Relationship": "Outer",
                    "Parallel Aware": true,
                    "Join Type": "Inner",
                    "Startup Cost": 66183.73,
                    "Total Cost": 93137.19,
                    "Plan Rows": 17028,
                    "Plan Width": 8,
                    "Actual Startup Time": 187.403,
                    "Actual Total Time": 260.556,
                    "Actual Rows": 20680,
                    "Actual Loops": 2,
                    "Inner Unique": true,
                    "Hash Cond": "(mk.movie_id = t.id)",
                    "Plans": [
                      {
                        "Node Type": "Bitmap Heap Scan",
                        "Parent Relationship": "Outer",
                        "Parallel Aware": true,
                        "Relation Name": "movie_keyword",
                        "Alias": "mk",
                        "Startup Cost": 5961.65,
                        "Total Cost": 32481.32,
                        "Plan Rows": 165254,
                        "Plan Width": 4,
                        "Actual Startup Time": 21.017,
                        "Actual Total Time": 69.85,
                        "Actual Rows": 138626,
                        "Actual Loops": 2,
                        "Recheck Cond": "(keyword_id > 57261)",
                        "Rows Removed by Index Recheck": 0,
                        "Exact Heap Blocks": 12610,
                        "Lossy Heap Blocks": 0,
                        "Plans": [
                          {
                            "Node Type": "Bitmap Index Scan",
                            "Parent Relationship": "Outer",
                            "Parallel Aware": false,
                            "Index Name": "keyword_id_movie_keyword",
                            "Startup Cost": 0.0,
                            "Total Cost": 5891.41,
                            "Plan Rows": 280931,
                            "Plan Width": 0,
                            "Actual Startup Time": 17.874,
                            "Actual Total Time": 17.875,
                            "Actual Rows": 277251,
                            "Actual Loops": 1,
                            "Index Cond": "(keyword_id > 57261)"
                          }
                        ]
                      },
                      {
                        "Node Type": "Hash",
                        "Parent Relationship": "Inner",
                        "Parallel Aware": true,
                        "Startup Cost": 58306.47,
                        "Total Cost": 58306.47,
                        "Plan Rows": 153249,
                        "Plan Width": 4,
                        "Actual Startup Time": 162.836,
                        "Actual Total Time": 162.837,
                        "Actual Rows": 113924,
                        "Actual Loops": 2,
                        "Hash Buckets": 262144,
                        "Original Hash Buckets": 262144,
                        "Hash Batches": 1,
                        "Original Hash Batches": 1,
                        "Peak Memory Usage": 10976,
                        "Plans": [
                          {
                            "Node Type": "Seq Scan",
                            "Parent Relationship": "Outer",
                            "Parallel Aware": true,
                            "Relation Name": "title",
                            "Alias": "t",
                            "Startup Cost": 0.0,
                            "Total Cost": 58306.47,
                            "Plan Rows": 153249,
                            "Plan Width": 4,
                            "Actual Startup Time": 0.064,
                            "Actual Total Time": 138.751,
                            "Actual Rows": 113924,
                            "Actual Loops": 2,
                            "Filter": "((kind_id < 7) AND (production_year > 2008))",
                            "Rows Removed by Filter": 1150232
                          }
                        ]
                      }
                    ]
                  },
                  {
                    "Node Type": "Index Only Scan",
                    "Parent Relationship": "Inner",
                    "Parallel Aware": false,
                    "Scan Direction": "Forward",
                    "Index Name": "movie_id_movie_companies",
                    "Relation Name": "movie_companies",
                    "Alias": "mc",
                    "Startup Cost": 0.43,
                    "Total Cost": 0.92,
                    "Plan Rows": 5,
                    "Plan Width": 4,
                    "Actual Startup Time": 0.002,
                    "Actual Total Time": 0.004,
                    "Actual Rows": 10,
                    "Actual Loops": 41359,
                    "Index Cond": "(movie_id = mk.movie_id)",
                    "Rows Removed by Index Recheck": 0,
                    "Heap Fetches": 412077
                  }
                ]
              }
            ]
          }
        ]
      }
    ]
  },
  "Planning Time": 1.054,
  "Triggers": [],
  "Execution Time": 407.991
}