[
  {
    "Plan": {
      "Node Type": "Aggregate",
      "Strategy": "Plain",
      "Partial Mode": "Finalize",
      "Parallel Aware": false,
      "Startup Cost": 285522.73,
      "Total Cost": 285522.74,
      "Plan Rows": 1,
      "Plan Width": 8,
      "Actual Startup Time": 1184.54,
      "Actual Total Time": 1302.329,
      "Actual Rows": 1,
      "Actual Loops": 1,
      "Plans": [
        {
          "Node Type": "Gather",
          "Parent Relationship": "Outer",
          "Parallel Aware": false,
          "Startup Cost": 285522.21,
          "Total Cost": 285522.72,
          "Plan Rows": 5,
          "Plan Width": 8,
          "Actual Startup Time": 1182.833,
          "Actual Total Time": 1302.306,
          "Actual Rows": 6,
          "Actual Loops": 1,
          "Workers Planned": 5,
          "Workers Launched": 5,
          "Single Copy": false,
          "Plans": [
            {
              "Node Type": "Aggregate",
              "Strategy": "Plain",
              "Partial Mode": "Partial",
              "Parent Relationship": "Outer",
              "Parallel Aware": false,
              "Startup Cost": 284522.21,
              "Total Cost": 284522.22,
              "Plan Rows": 1,
              "Plan Width": 8,
              "Actual Startup Time": 1174.792,
              "Actual Total Time": 1174.8,
              "Actual Rows": 1,
              "Actual Loops": 6,
              "Plans": [
                {
                  "Node Type": "Nested Loop",
                  "Parent Relationship": "Outer",
                  "Parallel Aware": false,
                  "Join Type": "Inner",
                  "Startup Cost": 44209.89,
                  "Total Cost": 283997.34,
                  "Plan Rows": 209946,
                  "Plan Width": 0,
                  "Actual Startup Time": 143.748,
                  "Actual Total Time": 1159.989,
                  "Actual Rows": 200877,
                  "Actual Loops": 6,
                  "Inner Unique": false,
                  "Join Filter": "(t.id = ci.movie_id)",
                  "Rows Removed by Join Filter": 0,
                  "Plans": [
                    {
                      "Node Type": "Hash Join",
                      "Parent Relationship": "Outer",
                      "Parallel Aware": true,
                      "Join Type": "Inner",
                      "Startup Cost": 44209.32,
                      "Total Cost": 244441.23,
                      "Plan Rows": 16794,
                      "Plan Width": 8,
                      "Actual Startup Time": 143.644,
                      "Actual Total Time": 591.255,
                      "Actual Rows": 12121,
                      "Actual Loops": 6,
                      "Inner Unique": true,
                      "Hash Cond": "(mi.movie_id = t.id)",
                      "Plans": [
                        {
                          "Node Type": "Seq Scan",
                          "Parent Relationship": "Outer",
                          "Parallel Aware": true,
                          "Relation Name": "movie_info",
                          "Alias": "mi",
                          "Startup Cost": 0.0,
                          "Total Cost": 199108.24,
                          "Plan Rows": 428064,
                          "Plan Width": 4,
                          "Actual Startup Time": 37.679,
                          "Actual Total Time": 407.87,
                          "Actual Rows": 348511,
                          "Actual Loops": 6,
                          "Filter": "(info_type_id < 3)",
                          "Rows Removed by Filter": 2124109
                        },
                        {
                          "Node Type": "Hash",
                          "Parent Relationship": "Inner",
                          "Parallel Aware": true,
                          "Startup Cost": 43899.32,
                          "Total Cost": 43899.32,
                          "Plan Rows": 24800,
                          "Plan Width": 4,
                          "Actual Startup Time": 104.315,
                          "Actual Total Time": 104.317,
                          "Actual Rows": 15834,
                          "Actual Loops": 6,
                          "Hash Buckets": 131072,
                          "Original Hash Buckets": 131072,
                          "Hash Batches": 1,
                          "Original Hash Batches": 1,
                          "Peak Memory Usage": 4864,
                          "Plans": [
                            {
                              "Node Type": "Seq Scan",
                              "Parent Relationship": "Outer",
                              "Parallel Aware": true,
                              "Relation Name": "title",
                              "Alias": "t",
                              "Startup Cost": 0.0,
                              "Total Cost": 43899.32,
                              "Plan Rows": 24800,
                              "Plan Width": 4,
                              "Actual Startup Time": 0.039,
                              "Actual Total Time": 95.314,
                              "Actual Rows": 15834,
                              "Actual Loops": 6,
                              "Filter": "(production_year = 2005)",
                              "Rows Removed by Filter": 405551
                            }
                          ]
                        }
                      ]
                    },
                    {
                      "Node Type": "Index Scan",
                      "Parent Relationship": "Inner",
                      "Parallel Aware": false,
                      "Scan Direction": "Forward",
                      "Index Name": "movie_id_cast_info",
                      "Relation Name": "cast_info",
                      "Alias": "ci",
                      "Startup Cost": 0.56,
                      "Total Cost": 1.98,
                      "Plan Rows": 30,
                      "Plan Width": 4,
                      "Actual Startup Time": 0.008,
                      "Actual Total Time": 0.045,
                      "Actual Rows": 17,
                      "Actual Loops": 72728,
                      "Index Cond": "(movie_id = mi.movie_id)",
                      "Rows Removed by Index Recheck": 0,
                      "Filter": "(role_id < 10)",
                      "Rows Removed by Filter": 3
                    }
                  ]
                }
              ]
            }
          ]
        }
      ]
    },
    "Planning Time": 1.167,
    "Triggers": [],
    "Execution Time": 1302.425
  }
]