[
  {
    "Plan": {
      "Node Type": "Aggregate",
      "Strategy": "Plain",
      "Partial Mode": "Finalize",
      "Parallel Aware": false,
      "Startup Cost": 43542.63,
      "Total Cost": 43542.64,
      "Plan Rows": 1,
      "Plan Width": 8,
      "Actual Startup Time": 147.273,
      "Actual Total Time": 155.465,
      "Actual Rows": 1,
      "Actual Loops": 1,
      "Plans": [
        {
          "Node Type": "Gather",
          "Parent Relationship": "Outer",
          "Parallel Aware": false,
          "Startup Cost": 43542.31,
          "Total Cost": 43542.62,
          "Plan Rows": 3,
          "Plan Width": 8,
          "Actual Startup Time": 147.003,
          "Actual Total Time": 155.456,
          "Actual Rows": 4,
          "Actual Loops": 1,
          "Workers Planned": 3,
          "Workers Launched": 3,
          "Single Copy": false,
          "Plans": [
            {
              "Node Type": "Aggregate",
              "Strategy": "Plain",
              "Partial Mode": "Partial",
              "Parent Relationship": "Outer",
              "Parallel Aware": false,
              "Startup Cost": 42542.31,
              "Total Cost": 42542.32,
              "Plan Rows": 1,
              "Plan Width": 8,
              "Actual Startup Time": 142.106,
              "Actual Total Time": 142.107,
              "Actual Rows": 1,
              "Actual Loops": 4,
              "Plans": [
                {
                  "Node Type": "Bitmap Heap Scan",
                  "Parent Relationship": "Outer",
                  "Parallel Aware": true,
                  "Relation Name": "movie_keyword",
                  "Alias": "mk",
                  "Startup Cost": 14728.97,
                  "Total Cost": 41982.42,
                  "Plan Rows": 223956,
                  "Plan Width": 0,
                  "Actual Startup Time": 53.75,
                  "Actual Total Time": 132.688,
                  "Actual Rows": 176297,
                  "Actual Loops": 4,
                  "Recheck Cond": "(keyword_id < 589)",
                  "Rows Removed by Index Recheck": 0,
                  "Exact Heap Blocks": 10253,
                  "Lossy Heap Blocks": 0,
                  "Plans": [
                    {
                      "Node Type": "Bitmap Index Scan",
                      "Parent Relationship": "Outer",
                      "Parallel Aware": false,
                      "Index Name": "keyword_id_movie_keyword",
                      "Startup Cost": 0.0,
                      "Total Cost": 14555.41,
                      "Plan Rows": 694263,
                      "Plan Width": 0,
                      "Actual Startup Time": 54.371,
                      "Actual Total Time": 54.371,
                      "Actual Rows": 705187,
                      "Actual Loops": 1,
                      "Index Cond": "(keyword_id < 589)"
                    }
                  ]
                }
              ]
            }
          ]
        }
      ]
    },
    "Planning Time": 0.141,
    "Triggers": [],
    "Execution Time": 155.525
  }
]