[
  {
    "Plan": {
      "Node Type": "Aggregate",
      "Strategy": "Plain",
      "Partial Mode": "Finalize",
      "Parallel Aware": false,
      "Startup Cost": 76839.73,
      "Total Cost": 76839.74,
      "Plan Rows": 1,
      "Plan Width": 8,
      "Actual Startup Time": 295.106,
      "Actual Total Time": 309.846,
      "Actual Rows": 1,
      "Actual Loops": 1,
      "Plans": [
        {
          "Node Type": "Gather",
          "Parent Relationship": "Outer",
          "Parallel Aware": false,
          "Startup Cost": 76839.41,
          "Total Cost": 76839.72,
          "Plan Rows": 3,
          "Plan Width": 8,
          "Actual Startup Time": 289.091,
          "Actual Total Time": 309.837,
          "Actual Rows": 4,
          "Actual Loops": 1,
          "Workers Planned": 3,
          "Workers Launched": 3,
          "Single Copy": false,
          "Plans": [
            {
              "Node Type": "Aggregate",
              "Strategy": "Plain",
              "Partial Mode": "Partial",
              "Parent Relationship": "Outer",
              "Parallel Aware": false,
              "Startup Cost": 75839.41,
              "Total Cost": 75839.42,
              "Plan Rows": 1,
              "Plan Width": 8,
              "Actual Startup Time": 281.7,
              "Actual Total Time": 281.706,
              "Actual Rows": 1,
              "Actual Loops": 4,
              "Plans": [
                {
                  "Node Type": "Hash Join",
                  "Parent Relationship": "Outer",
                  "Parallel Aware": true,
                  "Join Type": "Inner",
                  "Startup Cost": 55322.02,
                  "Total Cost": 75751.55,
                  "Plan Rows": 35145,
                  "Plan Width": 0,
                  "Actual Startup Time": 228.09,
                  "Actual Total Time": 281.651,
                  "Actual Rows": 566,
                  "Actual Loops": 4,
                  "Inner Unique": true,
                  "Hash Cond": "(mc.movie_id = t.id)",
                  "Plans": [
                    {
                      "Node Type": "Bitmap Heap Scan",
                      "Parent Relationship": "Outer",
                      "Parallel Aware": true,
                      "Relation Name": "movie_companies",
                      "Alias": "mc",
                      "Startup Cost": 7280.72,
                      "Total Cost": 27425.7,
                      "Plan Rows": 108399,
                      "Plan Width": 4,
                      "Actual Startup Time": 24.151,
                      "Actual Total Time": 46.307,
                      "Actual Rows": 83707,
                      "Actual Loops": 4,
                      "Recheck Cond": "(company_id > 89903)",
                      "Rows Removed by Index Recheck": 0,
                      "Exact Heap Blocks": 1489,
                      "Lossy Heap Blocks": 0,
                      "Plans": [
                        {
                          "Node Type": "Bitmap Index Scan",
                          "Parent Relationship": "Outer",
                          "Parallel Aware": false,
                          "Index Name": "company_id_movie_companies",
                          "Startup Cost": 0.0,
                          "Total Cost": 7196.71,
                          "Plan Rows": 336037,
                          "Plan Width": 0,
                          "Actual Startup Time": 23.028,
                          "Actual Total Time": 23.029,
                          "Actual Rows": 334829,
                          "Actual Loops": 1,
                          "Index Cond": "(company_id > 89903)"
                        }
                      ]
                    },
                    {
                      "Node Type": "Hash",
                      "Parent Relationship": "Inner",
                      "Parallel Aware": true,
                      "Startup Cost": 45479.59,
                      "Total Cost": 45479.59,
                      "Plan Rows": 204937,
                      "Plan Width": 4,
                      "Actual Startup Time": 199.721,
                      "Actual Total Time": 199.723,
                      "Actual Rows": 184690,
                      "Actual Loops": 4,
                      "Hash Buckets": 1048576,
                      "Original Hash Buckets": 1048576,
                      "Hash Batches": 1,
                      "Original Hash Batches": 1,
                      "Peak Memory Usage": 37184,
                      "Plans": [
                        {
                          "Node Type": "Seq Scan",
                          "Parent Relationship": "Outer",
                          "Parallel Aware": true,
                          "Relation Name": "title",
                          "Alias": "t",
                          "Startup Cost": 0.0,
                          "Total Cost": 45479.59,
                          "Plan Rows": 204937,
                          "Plan Width": 4,
                          "Actual Startup Time": 0.049,
                          "Actual Total Time": 123.117,
                          "Actual Rows": 184690,
                          "Actual Loops": 4,
                          "Filter": "((production_year < 2005) AND (kind_id = 7))",
                          "Rows Removed by Filter": 447388
                        }
                      ]
                    }
                  ]
                }
              ]
            }
          ]
        }
      ]
    },
    "Planning Time": 0.363,
    "Triggers": [],
    "Execution Time": 309.9
  }
]