[
  {
    "Plan": {
      "Node Type": "Aggregate",
      "Strategy": "Plain",
      "Partial Mode": "Finalize",
      "Parallel Aware": false,
      "Startup Cost": 76366.4,
      "Total Cost": 76366.41,
      "Plan Rows": 1,
      "Plan Width": 8,
      "Actual Startup Time": 213.546,
      "Actual Total Time": 225.777,
      "Actual Rows": 1,
      "Actual Loops": 1,
      "Plans": [
        {
          "Node Type": "Gather",
          "Parent Relationship": "Outer",
          "Parallel Aware": false,
          "Startup Cost": 76365.98,
          "Total Cost": 76366.39,
          "Plan Rows": 4,
          "Plan Width": 8,
          "Actual Startup Time": 211.502,
          "Actual Total Time": 225.768,
          "Actual Rows": 5,
          "Actual Loops": 1,
          "Workers Planned": 4,
          "Workers Launched": 4,
          "Single Copy": false,
          "Plans": [
            {
              "Node Type": "Aggregate",
              "Strategy": "Plain",
              "Partial Mode": "Partial",
              "Parent Relationship": "Outer",
              "Parallel Aware": false,
              "Startup Cost": 75365.98,
              "Total Cost": 75365.99,
              "Plan Rows": 1,
              "Plan Width": 8,
              "Actual Startup Time": 200.729,
              "Actual Total Time": 200.733,
              "Actual Rows": 1,
              "Actual Loops": 5,
              "Plans": [
                {
                  "Node Type": "Hash Join",
                  "Parent Relationship": "Outer",
                  "Parallel Aware": true,
                  "Join Type": "Inner",
                  "Startup Cost": 28718.11,
                  "Total Cost": 75298.95,
                  "Plan Rows": 26812,
                  "Plan Width": 0,
                  "Actual Startup Time": 150.83,
                  "Actual Total Time": 200.689,
                  "Actual Rows": 453,
                  "Actual Loops": 5,
                  "Inner Unique": false,
                  "Hash Cond": "(t.id = mc.movie_id)",
                  "Plans": [
                    {
                      "Node Type": "Seq Scan",
                      "Parent Relationship": "Outer",
                      "Parallel Aware": true,
                      "Relation Name": "title",
                      "Alias": "t",
                      "Startup Cost": 0.0,
                      "Total Cost": 45479.1,
                      "Plan Rows": 203049,
                      "Plan Width": 4,
                      "Actual Startup Time": 0.017,
                      "Actual Total Time": 78.862,
                      "Actual Rows": 147752,
                      "Actual Loops": 5,
                      "Filter": "((production_year < 2005) AND (kind_id = 7))",
                      "Rows Removed by Filter": 357910
                    },
                    {
                      "Node Type": "Hash",
                      "Parent Relationship": "Inner",
                      "Parallel Aware": true,
                      "Startup Cost": 27371.94,
                      "Total Cost": 27371.94,
                      "Plan Rows": 107694,
                      "Plan Width": 4,
                      "Actual Startup Time": 85.915,
                      "Actual Total Time": 85.916,
                      "Actual Rows": 66966,
                      "Actual Loops": 5,
                      "Hash Buckets": 524288,
                      "Original Hash Buckets": 524288,
                      "Hash Batches": 1,
                      "Original Hash Batches": 1,
                      "Peak Memory Usage": 17312,
                      "Plans": [
                        {
                          "Node Type": "Bitmap Heap Scan",
                          "Parent Relationship": "Outer",
                          "Parallel Aware": true,
                          "Relation Name": "movie_companies",
                          "Alias": "mc",
                          "Startup Cost": 7235.77,
                          "Total Cost": 27371.94,
                          "Plan Rows": 107694,
                          "Plan Width": 4,
                          "Actual Startup Time": 29.936,
                          "Actual Total Time": 59.09,
                          "Actual Rows": 66966,
                          "Actual Loops": 5,
                          "Recheck Cond": "(company_id > 89903)",
                          "Rows Removed by Index Recheck": 0,
                          "Exact Heap Blocks": 1953,
                          "Lossy Heap Blocks": 0,
                          "Plans": [
                            {
                              "Node Type": "Bitmap Index Scan",
                              "Parent Relationship": "Outer",
                              "Parallel Aware": false,
                              "Index Name": "company_id_movie_companies",
                              "Startup Cost": 0.0,
                              "Total Cost": 7152.31,
                              "Plan Rows": 333850,
                              "Plan Width": 0,
                              "Actual Startup Time": 30.267,
                              "Actual Total Time": 30.268,
                              "Actual Rows": 334829,
                              "Actual Loops": 1,
                              "Index Cond": "(company_id > 89903)"
                            }
                          ]
                        }
                      ]
                    }
                  ]
                }
              ]
            }
          ]
        }
      ]
    },
    "Planning Time": 0.6,
    "Triggers": [],
    "Execution Time": 225.863
  }
]