[
  {
    "Plan": {
      "Node Type": "Aggregate",
      "Strategy": "Plain",
      "Partial Mode": "Finalize",
      "Parallel Aware": false,
      "Startup Cost": 33638.48,
      "Total Cost": 33638.49,
      "Plan Rows": 1,
      "Plan Width": 8,
      "Actual Startup Time": 40.065,
      "Actual Total Time": 45.18,
      "Actual Rows": 1,
      "Actual Loops": 1,
      "Plans": [
        {
          "Node Type": "Gather",
          "Parent Relationship": "Outer",
          "Parallel Aware": false,
          "Startup Cost": 33638.27,
          "Total Cost": 33638.48,
          "Plan Rows": 2,
          "Plan Width": 8,
          "Actual Startup Time": 39.924,
          "Actual Total Time": 45.173,
          "Actual Rows": 3,
          "Actual Loops": 1,
          "Workers Planned": 2,
          "Workers Launched": 2,
          "Single Copy": false,
          "Plans": [
            {
              "Node Type": "Aggregate",
              "Strategy": "Plain",
              "Partial Mode": "Partial",
              "Parent Relationship": "Outer",
              "Parallel Aware": false,
              "Startup Cost": 32638.27,
              "Total Cost": 32638.28,
              "Plan Rows": 1,
              "Plan Width": 8,
              "Actual Startup Time": 33.772,
              "Actual Total Time": 33.774,
              "Actual Rows": 1,
              "Actual Loops": 3,
              "Plans": [
                {
                  "Node Type": "Nested Loop",
                  "Parent Relationship": "Outer",
                  "Parallel Aware": false,
                  "Join Type": "Inner",
                  "Startup Cost": 137.15,
                  "Total Cost": 32633.44,
                  "Plan Rows": 1933,
                  "Plan Width": 0,
                  "Actual Startup Time": 28.798,
                  "Actual Total Time": 33.769,
                  "Actual Rows": 2,
                  "Actual Loops": 3,
                  "Inner Unique": false,
                  "Plans": [
                    {
                      "Node Type": "Nested Loop",
                      "Parent Relationship": "Outer",
                      "Parallel Aware": false,
                      "Join Type": "Inner",
                      "Startup Cost": 136.72,
                      "Total Cost": 31240.27,
                      "Plan Rows": 329,
                      "Plan Width": 8,
                      "Actual Startup Time": 28.79,
                      "Actual Total Time": 33.755,
                      "Actual Rows": 0,
                      "Actual Loops": 3,
                      "Inner Unique": true,
                      "Plans": [
                        {
                          "Node Type": "Bitmap Heap Scan",
                          "Parent Relationship": "Outer",
                          "Parallel Aware": true,
                          "Relation Name": "movie_companies",
                          "Alias": "mc",
                          "Startup Cost": 136.29,
                          "Total Cost": 12930.43,
                          "Plan Rows": 2573,
                          "Plan Width": 4,
                          "Actual Startup Time": 2.759,
                          "Actual Total Time": 11.152,
                          "Actual Rows": 2384,
                          "Actual Loops": 3,
                          "Recheck Cond": "(company_id = 7851)",
                          "Rows Removed by Index Recheck": 0,
                          "Exact Heap Blocks": 2895,
                          "Lossy Heap Blocks": 0,
                          "Plans": [
                            {
                              "Node Type": "Bitmap Index Scan",
                              "Parent Relationship": "Outer",
                              "Parallel Aware": false,
                              "Index Name": "company_id_movie_companies",
                              "Startup Cost": 0.0,
                              "Total Cost": 134.74,
                              "Plan Rows": 6175,
                              "Plan Width": 0,
                              "Actual Startup Time": 6.26,
                              "Actual Total Time": 6.26,
                              "Actual Rows": 7151,
                              "Actual Loops": 1,
                              "Index Cond": "(company_id = 7851)"
                            }
                          ]
                        },
                        {
                          "Node Type": "Index Scan",
                          "Parent Relationship": "Inner",
                          "Parallel Aware": false,
                          "Scan Direction": "Forward",
                          "Index Name": "title_pkey",
                          "Relation Name": "title",
                          "Alias": "t",
                          "Startup Cost": 0.43,
                          "Total Cost": 7.12,
                          "Plan Rows": 1,
                          "Plan Width": 4,
                          "Actual Startup Time": 0.009,
                          "Actual Total Time": 0.009,
                          "Actual Rows": 0,
                          "Actual Loops": 7151,
                          "Index Cond": "(id = mc.movie_id)",
                          "Rows Removed by Index Recheck": 0,
                          "Filter": "((production_year > 2009) AND (kind_id = 7))",
                          "Rows Removed by Filter": 1
                        }
                      ]
                    },
                    {
                      "Node Type": "Index Only Scan",
                      "Parent Relationship": "Inner",
                      "Parallel Aware": false,
                      "Scan Direction": "Forward",
                      "Index Name": "movie_id_movie_info",
                      "Relation Name": "movie_info",
                      "Alias": "mi",
                      "Startup Cost": 0.43,
                      "Total Cost": 3.82,
                      "Plan Rows": 41,
                      "Plan Width": 4,
                      "Actual Startup Time": 0.019,
                      "Actual Total Time": 0.033,
                      "Actual Rows": 6,
                      "Actual Loops": 1,
                      "Index Cond": "(movie_id = t.id)",
                      "Rows Removed by Index Recheck": 0,
                      "Heap Fetches": 6
                    }
                  ]
                }
              ]
            }
          ]
        }
      ]
    },
    "Planning Time": 1.554,
    "Triggers": [],
    "Execution Time": 45.276
  }
]