[
  {
    "Plan": {
      "Node Type": "Aggregate",
      "Strategy": "Plain",
      "Partial Mode": "Finalize",
      "Parallel Aware": false,
      "Startup Cost": 302938.87,
      "Total Cost": 302938.88,
      "Plan Rows": 1,
      "Plan Width": 8,
      "Actual Startup Time": 639.603,
      "Actual Total Time": 677.762,
      "Actual Rows": 1,
      "Actual Loops": 1,
      "Plans": [
        {
          "Node Type": "Gather",
          "Parent Relationship": "Outer",
          "Parallel Aware": false,
          "Startup Cost": 302938.45,
          "Total Cost": 302938.86,
          "Plan Rows": 4,
          "Plan Width": 8,
          "Actual Startup Time": 632.74,
          "Actual Total Time": 677.75,
          "Actual Rows": 5,
          "Actual Loops": 1,
          "Workers Planned": 4,
          "Workers Launched": 4,
          "Single Copy": false,
          "Plans": [
            {
              "Node Type": "Aggregate",
              "Strategy": "Plain",
              "Partial Mode": "Partial",
              "Parent Relationship": "Outer",
              "Parallel Aware": false,
              "Startup Cost": 301938.45,
              "Total Cost": 301938.46,
              "Plan Rows": 1,
              "Plan Width": 8,
              "Actual Startup Time": 627.385,
              "Actual Total Time": 627.388,
              "Actual Rows": 1,
              "Actual Loops": 5,
              "Plans": [
                {
                  "Node Type": "Hash Join",
                  "Parent Relationship": "Outer",
                  "Parallel Aware": true,
                  "Join Type": "Inner",
                  "Startup Cost": 253992.24,
                  "Total Cost": 301823.19,
                  "Plan Rows": 46104,
                  "Plan Width": 0,
                  "Actual Startup Time": 446.602,
                  "Actual Total Time": 621.359,
                  "Actual Rows": 141753,
                  "Actual Loops": 5,
                  "Inner Unique": false,
                  "Hash Cond": "(t.id = ci.movie_id)",
                  "Plans": [
                    {
                      "Node Type": "Seq Scan",
                      "Parent Relationship": "Outer",
                      "Parallel Aware": true,
                      "Relation Name": "title",
                      "Alias": "t",
                      "Startup Cost": 0.0,
                      "Total Cost": 43899.32,
                      "Plan Rows": 385479,
                      "Plan Width": 4,
                      "Actual Startup Time": 0.027,
                      "Actual Total Time": 72.476,
                      "Actual Rows": 308653,
                      "Actual Loops": 5,
                      "Filter": "(kind_id = 7)",
                      "Rows Removed by Filter": 197010
                    },
                    {
                      "Node Type": "Hash",
                      "Parent Relationship": "Inner",
                      "Parallel Aware": true,
                      "Startup Cost": 253362.23,
                      "Total Cost": 253362.23,
                      "Plan Rows": 50401,
                      "Plan Width": 4,
                      "Actual Startup Time": 444.174,
                      "Actual Total Time": 444.176,
                      "Actual Rows": 220562,
                      "Actual Loops": 5,
                      "Hash Buckets": 2097152,
                      "Original Hash Buckets": 524288,
                      "Hash Batches": 1,
                      "Original Hash Batches": 1,
                      "Peak Memory Usage": 71904,
                      "Plans": [
                        {
                          "Node Type": "Index Scan",
                          "Parent Relationship": "Outer",
                          "Parallel Aware": true,
                          "Scan Direction": "Forward",
                          "Index Name": "role_id_cast_info",
                          "Relation Name": "cast_info",
                          "Alias": "ci",
                          "Startup Cost": 0.56,
                          "Total Cost": 253362.23,
                          "Plan Rows": 50401,
                          "Plan Width": 4,
                          "Actual Startup Time": 248.994,
                          "Actual Total Time": 326.373,
                          "Actual Rows": 220562,
                          "Actual Loops": 5,
                          "Index Cond": "(role_id > 4)",
                          "Rows Removed by Index Recheck": 0,
                          "Filter": "(person_id > 3847876)",
                          "Rows Removed by Filter": 1656379
                        }
                      ]
                    }
                  ]
                }
              ]
            }
          ]
        }
      ]
    },
    "Planning Time": 0.528,
    "Triggers": [],
    "Execution Time": 677.834
  }
]