[
  {
    "Plan": {
      "Node Type": "Aggregate",
      "Strategy": "Plain",
      "Partial Mode": "Finalize",
      "Parallel Aware": false,
      "Startup Cost": 458281.47,
      "Total Cost": 458281.48,
      "Plan Rows": 1,
      "Plan Width": 8,
      "Actual Startup Time": 1383.163,
      "Actual Total Time": 1443.783,
      "Actual Rows": 1,
      "Actual Loops": 1,
      "Plans": [
        {
          "Node Type": "Gather",
          "Parent Relationship": "Outer",
          "Parallel Aware": false,
          "Startup Cost": 458280.85,
          "Total Cost": 458281.46,
          "Plan Rows": 6,
          "Plan Width": 8,
          "Actual Startup Time": 1372.562,
          "Actual Total Time": 1443.772,
          "Actual Rows": 7,
          "Actual Loops": 1,
          "Workers Planned": 6,
          "Workers Launched": 6,
          "Single Copy": false,
          "Plans": [
            {
              "Node Type": "Aggregate",
              "Strategy": "Plain",
              "Partial Mode": "Partial",
              "Parent Relationship": "Outer",
              "Parallel Aware": false,
              "Startup Cost": 457280.85,
              "Total Cost": 457280.86,
              "Plan Rows": 1,
              "Plan Width": 8,
              "Actual Startup Time": 1354.565,
              "Actual Total Time": 1354.571,
              "Actual Rows": 1,
              "Actual Loops": 7,
              "Plans": [
                {
                  "Node Type": "Hash Join",
                  "Parent Relationship": "Outer",
                  "Parallel Aware": true,
                  "Join Type": "Inner",
                  "Startup Cost": 100350.82,
                  "Total Cost": 453974.76,
                  "Plan Rows": 1322436,
                  "Plan Width": 0,
                  "Actual Startup Time": 794.093,
                  "Actual Total Time": 1321.966,
                  "Actual Rows": 551510,
                  "Actual Loops": 7,
                  "Inner Unique": false,
                  "Hash Cond": "(ci.movie_id = t.id)",
                  "Plans": [
                    {
                      "Node Type": "Seq Scan",
                      "Parent Relationship": "Outer",
                      "Parallel Aware": true,
                      "Relation Name": "cast_info",
                      "Alias": "ci",
                      "Startup Cost": 0.0,
                      "Total Cost": 343316.27,
                      "Plan Rows": 1611131,
                      "Plan Width": 4,
                      "Actual Startup Time": 393.118,
                      "Actual Total Time": 711.784,
                      "Actual Rows": 782919,
                      "Actual Loops": 7,
                      "Filter": "((person_id < 2253821) AND (role_id > 2))",
                      "Rows Removed by Filter": 4394845
                    },
                    {
                      "Node Type": "Hash",
                      "Parent Relationship": "Inner",
                      "Parallel Aware": true,
                      "Startup Cost": 91982.42,
                      "Total Cost": 91982.42,
                      "Plan Rows": 669472,
                      "Plan Width": 8,
                      "Actual Startup Time": 395.903,
                      "Actual Total Time": 395.908,
                      "Actual Rows": 73637,
                      "Actual Loops": 7,
                      "Hash Buckets": 2097152,
                      "Original Hash Buckets": 2097152,
                      "Hash Batches": 1,
                      "Original Hash Batches": 1,
                      "Peak Memory Usage": 36672,
                      "Plans": [
                        {
                          "Node Type": "Hash Join",
                          "Parent Relationship": "Outer",
                          "Parallel Aware": true,
                          "Join Type": "Inner",
                          "Startup Cost": 49104.34,
                          "Total Cost": 91982.42,
                          "Plan Rows": 669472,
                          "Plan Width": 8,
                          "Actual Startup Time": 191.115,
                          "Actual Total Time": 357.557,
                          "Actual Rows": 73637,
                          "Actual Loops": 7,
                          "Inner Unique": true,
                          "Hash Cond": "(mk.movie_id = t.id)",
                          "Plans": [
                            {
                              "Node Type": "Seq Scan",
                              "Parent Relationship": "Outer",
                              "Parallel Aware": true,
                              "Relation Name": "movie_keyword",
                              "Alias": "mk",
                              "Startup Cost": 0.0,
                              "Total Cost": 39047.32,
                              "Plan Rows": 1459332,
                              "Plan Width": 4,
                              "Actual Startup Time": 0.035,
                              "Actual Total Time": 71.904,
                              "Actual Rows": 646276,
                              "Actual Loops": 7
                            },
                            {
                              "Node Type": "Hash",
                              "Parent Relationship": "Inner",
                              "Parallel Aware": true,
                              "Startup Cost": 45479.59,
                              "Total Cost": 45479.59,
                              "Plan Rows": 289980,
                              "Plan Width": 4,
                              "Actual Startup Time": 188.255,
                              "Actual Total Time": 188.256,
                              "Actual Rows": 177790,
                              "Actual Loops": 7,
                              "Hash Buckets": 2097152,
                              "Original Hash Buckets": 2097152,
                              "Hash Batches": 1,
                              "Original Hash Batches": 1,
                              "Peak Memory Usage": 65216,
                              "Plans": [
                                {
                                  "Node Type": "Seq Scan",
                                  "Parent Relationship": "Outer",
                                  "Parallel Aware": true,
                                  "Relation Name": "title",
                                  "Alias": "t",
                                  "Startup Cost": 0.0,
                                  "Total Cost": 45479.59,
                                  "Plan Rows": 289980,
                                  "Plan Width": 4,
                                  "Actual Startup Time": 0.072,
                                  "Actual Total Time": 86.479,
                                  "Actual Rows": 177790,
                                  "Actual Loops": 7,
                                  "Filter": "((production_year > 1983) AND (kind_id = 7))",
                                  "Rows Removed by Filter": 183397
                                }
                              ]
                            }
                          ]
                        }
                      ]
                    }
                  ]
                }
              ]
            }
          ]
        }
      ]
    },
    "Planning Time": 1.284,
    "Triggers": [],
    "Execution Time": 1443.884
  }
]