[
  {
    "Plan": {
      "Node Type": "Aggregate",
      "Strategy": "Plain",
      "Partial Mode": "Finalize",
      "Parallel Aware": false,
      "Startup Cost": 105010.36,
      "Total Cost": 105010.37,
      "Plan Rows": 1,
      "Plan Width": 8,
      "Actual Startup Time": 768.787,
      "Actual Total Time": 786.587,
      "Actual Rows": 1,
      "Actual Loops": 1,
      "Plans": [
        {
          "Node Type": "Gather",
          "Parent Relationship": "Outer",
          "Parallel Aware": false,
          "Startup Cost": 105010.04,
          "Total Cost": 105010.35,
          "Plan Rows": 3,
          "Plan Width": 8,
          "Actual Startup Time": 757.084,
          "Actual Total Time": 786.578,
          "Actual Rows": 4,
          "Actual Loops": 1,
          "Workers Planned": 3,
          "Workers Launched": 3,
          "Single Copy": false,
          "Plans": [
            {
              "Node Type": "Aggregate",
              "Strategy": "Plain",
              "Partial Mode": "Partial",
              "Parent Relationship": "Outer",
              "Parallel Aware": false,
              "Startup Cost": 104010.04,
              "Total Cost": 104010.05,
              "Plan Rows": 1,
              "Plan Width": 8,
              "Actual Startup Time": 747.091,
              "Actual Total Time": 747.097,
              "Actual Rows": 1,
              "Actual Loops": 4,
              "Plans": [
                {
                  "Node Type": "Hash Join",
                  "Parent Relationship": "Outer",
                  "Parallel Aware": true,
                  "Join Type": "Inner",
                  "Startup Cost": 70361.33,
                  "Total Cost": 103449.04,
                  "Plan Rows": 224399,
                  "Plan Width": 0,
                  "Actual Startup Time": 507.748,
                  "Actual Total Time": 725.625,
                  "Actual Rows": 489212,
                  "Actual Loops": 4,
                  "Inner Unique": false,
                  "Hash Cond": "(mc.movie_id = t.id)",
                  "Plans": [
                    {
                      "Node Type": "Seq Scan",
                      "Parent Relationship": "Outer",
                      "Parallel Aware": true,
                      "Relation Name": "movie_companies",
                      "Alias": "mc",
                      "Startup Cost": 0.0,
                      "Total Cost": 29310.68,
                      "Plan Rows": 757876,
                      "Plan Width": 4,
                      "Actual Startup Time": 0.054,
                      "Actual Total Time": 77.31,
                      "Actual Rows": 587474,
                      "Actual Loops": 4,
                      "Filter": "(company_id > 130)",
                      "Rows Removed by Filter": 64808
                    },
                    {
                      "Node Type": "Hash",
                      "Parent Relationship": "Inner",
                      "Parallel Aware": true,
                      "Startup Cost": 66462.37,
                      "Total Cost": 66462.37,
                      "Plan Rows": 311917,
                      "Plan Width": 8,
                      "Actual Startup Time": 502.384,
                      "Actual Total Time": 502.388,
                      "Actual Rows": 188970,
                      "Actual Loops": 4,
                      "Hash Buckets": 1048576,
                      "Original Hash Buckets": 1048576,
                      "Hash Batches": 1,
                      "Original Hash Batches": 1,
                      "Peak Memory Usage": 37824,
                      "Plans": [
                        {
                          "Node Type": "Hash Join",
                          "Parent Relationship": "Outer",
                          "Parallel Aware": true,
                          "Join Type": "Inner",
                          "Startup Cost": 50334.47,
                          "Total Cost": 66462.37,
                          "Plan Rows": 311917,
                          "Plan Width": 8,
                          "Actual Startup Time": 322.28,
                          "Actual Total Time": 440.676,
                          "Actual Rows": 188970,
                          "Actual Loops": 4,
                          "Inner Unique": true,
                          "Hash Cond": "(mi_idx.movie_id = t.id)",
                          "Plans": [
                            {
                              "Node Type": "Seq Scan",
                              "Parent Relationship": "Outer",
                              "Parallel Aware": true,
                              "Relation Name": "movie_info_idx",
                              "Alias": "mi_idx",
                              "Startup Cost": 0.0,
                              "Total Cost": 15122.68,
                              "Plan Rows": 382940,
                              "Plan Width": 4,
                              "Actual Startup Time": 0.029,
                              "Actual Total Time": 41.591,
                              "Actual Rows": 229962,
                              "Actual Loops": 4,
                              "Filter": "(info_type_id < 101)",
                              "Rows Removed by Filter": 115046
                            },
                            {
                              "Node Type": "Hash",
                              "Parent Relationship": "Inner",
                              "Parallel Aware": true,
                              "Startup Cost": 43898.92,
                              "Total Cost": 43898.92,
                              "Plan Rows": 514844,
                              "Plan Width": 4,
                              "Actual Startup Time": 317.581,
                              "Actual Total Time": 317.582,
                              "Actual Rows": 511681,
                              "Actual Loops": 4,
                              "Hash Buckets": 2097152,
                              "Original Hash Buckets": 2097152,
                              "Hash Batches": 1,
                              "Original Hash Batches": 1,
                              "Peak Memory Usage": 96512,
                              "Plans": [
                                {
                                  "Node Type": "Seq Scan",
                                  "Parent Relationship": "Outer",
                                  "Parallel Aware": true,
                                  "Relation Name": "title",
                                  "Alias": "t",
                                  "Startup Cost": 0.0,
                                  "Total Cost": 43898.92,
                                  "Plan Rows": 514844,
                                  "Plan Width": 4,
                                  "Actual Startup Time": 0.042,
                                  "Actual Total Time": 119.605,
                                  "Actual Rows": 511681,
                                  "Actual Loops": 4,
                                  "Filter": "(production_year > 1972)",
                                  "Rows Removed by Filter": 120397
                                }
                              ]
                            }
                          ]
                        }
                      ]
                    }
                  ]
                }
              ]
            }
          ]
        }
      ]
    },
    "Planning Time": 1.439,
    "Triggers": [],
    "Execution Time": 786.677
  }
]