[
  {
    "Plan": {
      "Node Type": "Aggregate",
      "Strategy": "Plain",
      "Partial Mode": "Finalize",
      "Parallel Aware": false,
      "Startup Cost": 79120.52,
      "Total Cost": 79120.53,
      "Plan Rows": 1,
      "Plan Width": 8,
      "Actual Startup Time": 185.141,
      "Actual Total Time": 204.288,
      "Actual Rows": 1,
      "Actual Loops": 1,
      "Plans": [
        {
          "Node Type": "Gather",
          "Parent Relationship": "Outer",
          "Parallel Aware": false,
          "Startup Cost": 79120.1,
          "Total Cost": 79120.51,
          "Plan Rows": 4,
          "Plan Width": 8,
          "Actual Startup Time": 184.337,
          "Actual Total Time": 204.279,
          "Actual Rows": 5,
          "Actual Loops": 1,
          "Workers Planned": 4,
          "Workers Launched": 4,
          "Single Copy": false,
          "Plans": [
            {
              "Node Type": "Aggregate",
              "Strategy": "Plain",
              "Partial Mode": "Partial",
              "Parent Relationship": "Outer",
              "Parallel Aware": false,
              "Startup Cost": 78120.1,
              "Total Cost": 78120.11,
              "Plan Rows": 1,
              "Plan Width": 8,
              "Actual Startup Time": 174.692,
              "Actual Total Time": 174.697,
              "Actual Rows": 1,
              "Actual Loops": 5,
              "Plans": [
                {
                  "Node Type": "Hash Join",
                  "Parent Relationship": "Outer",
                  "Parallel Aware": true,
                  "Join Type": "Inner",
                  "Startup Cost": 32790.41,
                  "Total Cost": 78036.49,
                  "Plan Rows": 33444,
                  "Plan Width": 0,
                  "Actual Startup Time": 132.313,
                  "Actual Total Time": 174.281,
                  "Actual Rows": 7308,
                  "Actual Loops": 5,
                  "Inner Unique": false,
                  "Hash Cond": "(t.id = mc.movie_id)",
                  "Plans": [
                    {
                      "Node Type": "Seq Scan",
                      "Parent Relationship": "Outer",
                      "Parallel Aware": true,
                      "Relation Name": "title",
                      "Alias": "t",
                      "Startup Cost": 0.0,
                      "Total Cost": 43898.92,
                      "Plan Rows": 247857,
                      "Plan Width": 4,
                      "Actual Startup Time": 0.014,
                      "Actual Total Time": 73.724,
                      "Actual Rows": 197010,
                      "Actual Loops": 5,
                      "Filter": "(kind_id < 7)",
                      "Rows Removed by Filter": 308653
                    },
                    {
                      "Node Type": "Hash",
                      "Parent Relationship": "Inner",
                      "Parallel Aware": true,
                      "Startup Cost": 31414.82,
                      "Total Cost": 31414.82,
                      "Plan Rows": 110047,
                      "Plan Width": 4,
                      "Actual Startup Time": 71.263,
                      "Actual Total Time": 71.263,
                      "Actual Rows": 7308,
                      "Actual Loops": 5,
                      "Hash Buckets": 524288,
                      "Original Hash Buckets": 524288,
                      "Hash Batches": 1,
                      "Original Hash Batches": 1,
                      "Peak Memory Usage": 5568,
                      "Plans": [
                        {
                          "Node Type": "Seq Scan",
                          "Parent Relationship": "Outer",
                          "Parallel Aware": true,
                          "Relation Name": "movie_companies",
                          "Alias": "mc",
                          "Startup Cost": 0.0,
                          "Total Cost": 31414.82,
                          "Plan Rows": 110047,
                          "Plan Width": 4,
                          "Actual Startup Time": 29.991,
                          "Actual Total Time": 68.253,
                          "Actual Rows": 7308,
                          "Actual Loops": 5,
                          "Filter": "((company_id > 44130) AND (company_type_id = 1))",
                          "Rows Removed by Filter": 514518
                        }
                      ]
                    }
                  ]
                }
              ]
            }
          ]
        }
      ]
    },
    "Planning Time": 0.657,
    "Triggers": [],
    "Execution Time": 204.369
  }
]