{
  "Plan": {
    "Node Type": "Aggregate",
    "Strategy": "Plain",
    "Partial Mode": "Finalize",
    "Parallel Aware": false,
    "Startup Cost": 122683.67,
    "Total Cost": 122683.68,
    "Plan Rows": 1,
    "Plan Width": 8,
    "Actual Startup Time": 513.177,
    "Actual Total Time": 528.54,
    "Actual Rows": 1,
    "Actual Loops": 1,
    "Plans": [
      {
        "Node Type": "Gather",
        "Parent Relationship": "Outer",
        "Parallel Aware": false,
        "Startup Cost": 122683.56,
        "Total Cost": 122683.67,
        "Plan Rows": 1,
        "Plan Width": 8,
        "Actual Startup Time": 512.757,
        "Actual Total Time": 528.531,
        "Actual Rows": 2,
        "Actual Loops": 1,
        "Workers Planned": 1,
        "Workers Launched": 1,
        "Single Copy": false,
        "Plans": [
          {
            "Node Type": "Aggregate",
            "Strategy": "Plain",
            "Partial Mode": "Partial",
            "Parent Relationship": "Outer",
            "Parallel Aware": false,
            "Startup Cost": 121683.56,
            "Total Cost": 121683.57,
            "Plan Rows": 1,
            "Plan Width": 8,
            "Actual Startup Time": 507.24,
            "Actual Total Time": 507.244,
            "Actual Rows": 1,
            "Actual Loops": 2,
            "Plans": [
              {
                "Node Type": "Hash Join",
                "Parent Relationship": "Outer",
                "Parallel Aware": true,
                "Join Type": "Inner",
                "Startup Cost": 58540.02,
                "Total Cost": 121619.41,
                "Plan Rows": 25658,
                "Plan Width": 0,
                "Actual Startup Time": 156.668,
                "Actual Total Time": 506.999,
                "Actual Rows": 4444,
                "Actual Loops": 2,
                "Inner Unique": true,
                "Hash Cond": "(mk.movie_id = t.id)",
                "Plans": [
                  {
                    "Node Type": "Seq Scan",
                    "Parent Relationship": "Outer",
                    "Parallel Aware": true,
                    "Relation Name": "movie_keyword",
                    "Alias": "mk",
                    "Startup Cost": 0.0,
                    "Total Cost": 57718.19,
                    "Plan Rows": 2042359,
                    "Plan Width": 4,
                    "Actual Startup Time": 0.014,
                    "Actual Total Time": 225.372,
                    "Actual Rows": 1735362,
                    "Actual Loops": 2,
                    "Filter": "(keyword_id < 16802)",
                    "Rows Removed by Filter": 526604
                  },
                  {
                    "Node Type": "Hash",
                    "Parent Relationship": "Inner",
                    "Parallel Aware": true,
                    "Startup Cost": 58306.47,
                    "Total Cost": 58306.47,
                    "Plan Rows": 18684,
                    "Plan Width": 4,
                    "Actual Startup Time": 154.777,
                    "Actual Total Time": 154.779,
                    "Actual Rows": 19849,
                    "Actual Loops": 2,
                    "Hash Buckets": 65536,
                    "Original Hash Buckets": 32768,
                    "Hash Batches": 1,
                    "Original Hash Batches": 1,
                    "Peak Memory Usage": 2368,
                    "Plans": [
                      {
                        "Node Type": "Seq Scan",
                        "Parent Relationship": "Outer",
                        "Parallel Aware": true,
                        "Relation Name": "title",
                        "Alias": "t",
                        "Startup Cost": 0.0,
                        "Total Cost": 58306.47,
                        "Plan Rows": 18684,
                        "Plan Width": 4,
                        "Actual Startup Time": 0.038,
                        "Actual Total Time": 146.37,
                        "Actual Rows": 19849,
                        "Actual Loops": 2,
                        "Filter": "((kind_id = 7) AND (production_year = 2001))",
                        "Rows Removed by Filter": 1244307
                      }
                    ]
                  }
                ]
              }
            ]
          }
        ]
      }
    ]
  },
  "Planning Time": 0.408,
  "Triggers": [],
  "Execution Time": 528.6
}