[
  {
    "Plan": {
      "Node Type": "Aggregate",
      "Strategy": "Plain",
      "Partial Mode": "Finalize",
      "Parallel Aware": false,
      "Startup Cost": 346957.49,
      "Total Cost": 346957.51,
      "Plan Rows": 1,
      "Plan Width": 8,
      "Actual Startup Time": 644.04,
      "Actual Total Time": 693.748,
      "Actual Rows": 1,
      "Actual Loops": 1,
      "Plans": [
        {
          "Node Type": "Gather",
          "Parent Relationship": "Outer",
          "Parallel Aware": false,
          "Startup Cost": 346956.87,
          "Total Cost": 346957.48,
          "Plan Rows": 6,
          "Plan Width": 8,
          "Actual Startup Time": 643.855,
          "Actual Total Time": 693.735,
          "Actual Rows": 7,
          "Actual Loops": 1,
          "Workers Planned": 6,
          "Workers Launched": 6,
          "Single Copy": false,
          "Plans": [
            {
              "Node Type": "Aggregate",
              "Strategy": "Plain",
              "Partial Mode": "Partial",
              "Parent Relationship": "Outer",
              "Parallel Aware": false,
              "Startup Cost": 345956.87,
              "Total Cost": 345956.88,
              "Plan Rows": 1,
              "Plan Width": 8,
              "Actual Startup Time": 635.563,
              "Actual Total Time": 635.566,
              "Actual Rows": 1,
              "Actual Loops": 7,
              "Plans": [
                {
                  "Node Type": "Seq Scan",
                  "Parent Relationship": "Outer",
                  "Parallel Aware": true,
                  "Relation Name": "cast_info",
                  "Alias": "ci",
                  "Startup Cost": 0.0,
                  "Total Cost": 343316.27,
                  "Plan Rows": 1056240,
                  "Plan Width": 0,
                  "Actual Startup Time": 331.676,
                  "Actual Total Time": 628.684,
                  "Actual Rows": 137299,
                  "Actual Loops": 7,
                  "Filter": "((person_id > 2577451) AND (role_id < 3))",
                  "Rows Removed by Filter": 5040464
                }
              ]
            }
          ]
        }
      ]
    },
    "Planning Time": 0.106,
    "Triggers": [],
    "Execution Time": 693.79
  }
]