[
  {
    "Plan": {
      "Node Type": "Aggregate",
      "Strategy": "Plain",
      "Partial Mode": "Finalize",
      "Parallel Aware": false,
      "Startup Cost": 346840.28,
      "Total Cost": 346840.29,
      "Plan Rows": 1,
      "Plan Width": 8,
      "Actual Startup Time": 664.823,
      "Actual Total Time": 727.97,
      "Actual Rows": 1,
      "Actual Loops": 1,
      "Plans": [
        {
          "Node Type": "Gather",
          "Parent Relationship": "Outer",
          "Parallel Aware": false,
          "Startup Cost": 346839.65,
          "Total Cost": 346840.26,
          "Plan Rows": 6,
          "Plan Width": 8,
          "Actual Startup Time": 664.698,
          "Actual Total Time": 727.959,
          "Actual Rows": 7,
          "Actual Loops": 1,
          "Workers Planned": 6,
          "Workers Launched": 6,
          "Single Copy": false,
          "Plans": [
            {
              "Node Type": "Aggregate",
              "Strategy": "Plain",
              "Partial Mode": "Partial",
              "Parent Relationship": "Outer",
              "Parallel Aware": false,
              "Startup Cost": 345839.65,
              "Total Cost": 345839.66,
              "Plan Rows": 1,
              "Plan Width": 8,
              "Actual Startup Time": 655.698,
              "Actual Total Time": 655.699,
              "Actual Rows": 1,
              "Actual Loops": 7,
              "Plans": [
                {
                  "Node Type": "Seq Scan",
                  "Parent Relationship": "Outer",
                  "Parallel Aware": true,
                  "Relation Name": "cast_info",
                  "Alias": "ci",
                  "Startup Cost": 0.0,
                  "Total Cost": 343257.03,
                  "Plan Rows": 1033050,
                  "Plan Width": 0,
                  "Actual Startup Time": 341.144,
                  "Actual Total Time": 649.063,
                  "Actual Rows": 137299,
                  "Actual Loops": 7,
                  "Filter": "((person_id > 2577451) AND (role_id < 3))",
                  "Rows Removed by Filter": 5040464
                }
              ]
            }
          ]
        }
      ]
    },
    "Planning Time": 0.192,
    "Triggers": [],
    "Execution Time": 728.041
  }
]