[
  {
    "Plan": {
      "Node Type": "Aggregate",
      "Strategy": "Plain",
      "Partial Mode": "Finalize",
      "Parallel Aware": false,
      "Startup Cost": 343204.8,
      "Total Cost": 343204.81,
      "Plan Rows": 1,
      "Plan Width": 8,
      "Actual Startup Time": 830.836,
      "Actual Total Time": 885.939,
      "Actual Rows": 1,
      "Actual Loops": 1,
      "Plans": [
        {
          "Node Type": "Gather",
          "Parent Relationship": "Outer",
          "Parallel Aware": false,
          "Startup Cost": 343204.18,
          "Total Cost": 343204.79,
          "Plan Rows": 6,
          "Plan Width": 8,
          "Actual Startup Time": 830.692,
          "Actual Total Time": 885.927,
          "Actual Rows": 7,
          "Actual Loops": 1,
          "Workers Planned": 6,
          "Workers Launched": 6,
          "Single Copy": false,
          "Plans": [
            {
              "Node Type": "Aggregate",
              "Strategy": "Plain",
              "Partial Mode": "Partial",
              "Parent Relationship": "Outer",
              "Parallel Aware": false,
              "Startup Cost": 342204.18,
              "Total Cost": 342204.19,
              "Plan Rows": 1,
              "Plan Width": 8,
              "Actual Startup Time": 822.296,
              "Actual Total Time": 822.297,
              "Actual Rows": 1,
              "Actual Loops": 7,
              "Plans": [
                {
                  "Node Type": "Seq Scan",
                  "Parent Relationship": "Outer",
                  "Parallel Aware": true,
                  "Relation Name": "cast_info",
                  "Alias": "ci",
                  "Startup Cost": 0.0,
                  "Total Cost": 328162.03,
                  "Plan Rows": 5616861,
                  "Plan Width": 0,
                  "Actual Startup Time": 40.963,
                  "Actual Total Time": 628.956,
                  "Actual Rows": 4812646,
                  "Actual Loops": 7,
                  "Filter": "(person_id > 246838)",
                  "Rows Removed by Filter": 365118
                }
              ]
            }
          ]
        }
      ]
    },
    "Planning Time": 0.197,
    "Triggers": [],
    "Execution Time": 886.013
  }
]