[
  {
    "Plan": {
      "Node Type": "Aggregate",
      "Strategy": "Plain",
      "Partial Mode": "Finalize",
      "Parallel Aware": false,
      "Startup Cost": 123284.16,
      "Total Cost": 123284.17,
      "Plan Rows": 1,
      "Plan Width": 8,
      "Actual Startup Time": 802.781,
      "Actual Total Time": 821.836,
      "Actual Rows": 1,
      "Actual Loops": 1,
      "Plans": [
        {
          "Node Type": "Gather",
          "Parent Relationship": "Outer",
          "Parallel Aware": false,
          "Startup Cost": 123283.84,
          "Total Cost": 123284.15,
          "Plan Rows": 3,
          "Plan Width": 8,
          "Actual Startup Time": 792.851,
          "Actual Total Time": 821.823,
          "Actual Rows": 4,
          "Actual Loops": 1,
          "Workers Planned": 3,
          "Workers Launched": 3,
          "Single Copy": false,
          "Plans": [
            {
              "Node Type": "Aggregate",
              "Strategy": "Plain",
              "Partial Mode": "Partial",
              "Parent Relationship": "Outer",
              "Parallel Aware": false,
              "Startup Cost": 122283.84,
              "Total Cost": 122283.85,
              "Plan Rows": 1,
              "Plan Width": 8,
              "Actual Startup Time": 788.07,
              "Actual Total Time": 788.393,
              "Actual Rows": 1,
              "Actual Loops": 4,
              "Plans": [
                {
                  "Node Type": "Hash Join",
                  "Parent Relationship": "Outer",
                  "Parallel Aware": true,
                  "Join Type": "Inner",
                  "Startup Cost": 90166.69,
                  "Total Cost": 122089.02,
                  "Plan Rows": 77927,
                  "Plan Width": 0,
                  "Actual Startup Time": 450.214,
                  "Actual Total Time": 718.259,
                  "Actual Rows": 1779079,
                  "Actual Loops": 4,
                  "Inner Unique": false,
                  "Hash Cond": "(mc.movie_id = t.id)",
                  "Plans": [
                    {
                      "Node Type": "Seq Scan",
                      "Parent Relationship": "Outer",
                      "Parallel Aware": true,
                      "Relation Name": "movie_companies",
                      "Alias": "mc",
                      "Startup Cost": 0.0,
                      "Total Cost": 29310.68,
                      "Plan Rows": 629405,
                      "Plan Width": 4,
                      "Actual Startup Time": 0.014,
                      "Actual Total Time": 70.067,
                      "Actual Rows": 489226,
                      "Actual Loops": 4,
                      "Filter": "(company_id < 54433)",
                      "Rows Removed by Filter": 163056
                    },
                    {
                      "Node Type": "Hash",
                      "Parent Relationship": "Inner",
                      "Parallel Aware": true,
                      "Startup Cost": 88904.42,
                      "Total Cost": 88904.42,
                      "Plan Rows": 100982,
                      "Plan Width": 8,
                      "Actual Startup Time": 447.133,
                      "Actual Total Time": 447.453,
                      "Actual Rows": 270454,
                      "Actual Loops": 4,
                      "Hash Buckets": 2097152,
                      "Original Hash Buckets": 524288,
                      "Hash Batches": 1,
                      "Original Hash Batches": 1,
                      "Peak Memory Usage": 71072,
                      "Plans": [
                        {
                          "Node Type": "Hash Join",
                          "Parent Relationship": "Outer",
                          "Parallel Aware": true,
                          "Join Type": "Inner",
                          "Startup Cost": 46026.34,
                          "Total Cost": 88904.42,
                          "Plan Rows": 100982,
                          "Plan Width": 8,
                          "Actual Startup Time": 133.637,
                          "Actual Total Time": 341.046,
                          "Actual Rows": 270454,
                          "Actual Loops": 4,
                          "Inner Unique": true,
                          "Hash Cond": "(mk.movie_id = t.id)",
                          "Plans": [
                            {
                              "Node Type": "Seq Scan",
                              "Parent Relationship": "Outer",
                              "Parallel Aware": true,
                              "Relation Name": "movie_keyword",
                              "Alias": "mk",
                              "Startup Cost": 0.0,
                              "Total Cost": 39047.32,
                              "Plan Rows": 1459332,
                              "Plan Width": 4,
                              "Actual Startup Time": 0.034,
                              "Actual Total Time": 87.455,
                              "Actual Rows": 1130982,
                              "Actual Loops": 4
                            },
                            {
                              "Node Type": "Hash",
                              "Parent Relationship": "Inner",
                              "Parallel Aware": true,
                              "Startup Cost": 45479.59,
                              "Total Cost": 45479.59,
                              "Plan Rows": 43740,
                              "Plan Width": 4,
                              "Actual Startup Time": 132.717,
                              "Actual Total Time": 132.718,
                              "Actual Rows": 72056,
                              "Actual Loops": 4,
                              "Hash Buckets": 524288,
                              "Original Hash Buckets": 262144,
                              "Hash Batches": 1,
                              "Original Hash Batches": 1,
                              "Peak Memory Usage": 17440,
                              "Plans": [
                                {
                                  "Node Type": "Seq Scan",
                                  "Parent Relationship": "Outer",
                                  "Parallel Aware": true,
                                  "Relation Name": "title",
                                  "Alias": "t",
                                  "Startup Cost": 0.0,
                                  "Total Cost": 45479.59,
                                  "Plan Rows": 43740,
                                  "Plan Width": 4,
                                  "Actual Startup Time": 0.078,
                                  "Actual Total Time": 96.361,
                                  "Actual Rows": 72056,
                                  "Actual Loops": 4,
                                  "Filter": "((kind_id < 7) AND (production_year < 1977))",
                                  "Rows Removed by Filter": 560022
                                }
                              ]
                            }
                          ]
                        }
                      ]
                    }
                  ]
                }
              ]
            }
          ]
        }
      ]
    },
    "Planning Time": 0.952,
    "Triggers": [],
    "Execution Time": 821.902
  }
]