[
  {
    "Plan": {
      "Node Type": "Aggregate",
      "Strategy": "Plain",
      "Partial Mode": "Finalize",
      "Parallel Aware": false,
      "Startup Cost": 123358.41,
      "Total Cost": 123358.42,
      "Plan Rows": 1,
      "Plan Width": 8,
      "Actual Startup Time": 781.333,
      "Actual Total Time": 799.71,
      "Actual Rows": 1,
      "Actual Loops": 1,
      "Plans": [
        {
          "Node Type": "Gather",
          "Parent Relationship": "Outer",
          "Parallel Aware": false,
          "Startup Cost": 123358.1,
          "Total Cost": 123358.41,
          "Plan Rows": 3,
          "Plan Width": 8,
          "Actual Startup Time": 773.459,
          "Actual Total Time": 799.702,
          "Actual Rows": 4,
          "Actual Loops": 1,
          "Workers Planned": 3,
          "Workers Launched": 3,
          "Single Copy": false,
          "Plans": [
            {
              "Node Type": "Aggregate",
              "Strategy": "Plain",
              "Partial Mode": "Partial",
              "Parent Relationship": "Outer",
              "Parallel Aware": false,
              "Startup Cost": 122358.1,
              "Total Cost": 122358.11,
              "Plan Rows": 1,
              "Plan Width": 8,
              "Actual Startup Time": 763.862,
              "Actual Total Time": 763.867,
              "Actual Rows": 1,
              "Actual Loops": 4,
              "Plans": [
                {
                  "Node Type": "Hash Join",
                  "Parent Relationship": "Outer",
                  "Parallel Aware": true,
                  "Join Type": "Inner",
                  "Startup Cost": 90203.85,
                  "Total Cost": 122157.25,
                  "Plan Rows": 80339,
                  "Plan Width": 0,
                  "Actual Startup Time": 433.942,
                  "Actual Total Time": 694.223,
                  "Actual Rows": 1779079,
                  "Actual Loops": 4,
                  "Inner Unique": false,
                  "Hash Cond": "(mc.movie_id = t.id)",
                  "Plans": [
                    {
                      "Node Type": "Seq Scan",
                      "Parent Relationship": "Outer",
                      "Parallel Aware": true,
                      "Relation Name": "movie_companies",
                      "Alias": "mc",
                      "Startup Cost": 0.0,
                      "Total Cost": 29310.68,
                      "Plan Rows": 635614,
                      "Plan Width": 4,
                      "Actual Startup Time": 0.021,
                      "Actual Total Time": 67.742,
                      "Actual Rows": 489226,
                      "Actual Loops": 4,
                      "Filter": "(company_id < 54433)",
                      "Rows Removed by Filter": 163056
                    },
                    {
                      "Node Type": "Hash",
                      "Parent Relationship": "Inner",
                      "Parallel Aware": true,
                      "Startup Cost": 88915.29,
                      "Total Cost": 88915.29,
                      "Plan Rows": 103085,
                      "Plan Width": 8,
                      "Actual Startup Time": 430.529,
                      "Actual Total Time": 430.533,
                      "Actual Rows": 270454,
                      "Actual Loops": 4,
                      "Hash Buckets": 2097152,
                      "Original Hash Buckets": 524288,
                      "Hash Batches": 1,
                      "Original Hash Batches": 1,
                      "Peak Memory Usage": 71072,
                      "Plans": [
                        {
                          "Node Type": "Hash Join",
                          "Parent Relationship": "Outer",
                          "Parallel Aware": true,
                          "Join Type": "Inner",
                          "Startup Cost": 46037.21,
                          "Total Cost": 88915.29,
                          "Plan Rows": 103085,
                          "Plan Width": 8,
                          "Actual Startup Time": 131.546,
                          "Actual Total Time": 341.212,
                          "Actual Rows": 270454,
                          "Actual Loops": 4,
                          "Inner Unique": true,
                          "Hash Cond": "(mk.movie_id = t.id)",
                          "Plans": [
                            {
                              "Node Type": "Seq Scan",
                              "Parent Relationship": "Outer",
                              "Parallel Aware": true,
                              "Relation Name": "movie_keyword",
                              "Alias": "mk",
                              "Startup Cost": 0.0,
                              "Total Cost": 39047.32,
                              "Plan Rows": 1459332,
                              "Plan Width": 4,
                              "Actual Startup Time": 0.023,
                              "Actual Total Time": 91.483,
                              "Actual Rows": 1130982,
                              "Actual Loops": 4
                            },
                            {
                              "Node Type": "Hash",
                              "Parent Relationship": "Inner",
                              "Parallel Aware": true,
                              "Startup Cost": 45479.1,
                              "Total Cost": 45479.1,
                              "Plan Rows": 44649,
                              "Plan Width": 4,
                              "Actual Startup Time": 130.563,
                              "Actual Total Time": 130.564,
                              "Actual Rows": 72056,
                              "Actual Loops": 4,
                              "Hash Buckets": 524288,
                              "Original Hash Buckets": 262144,
                              "Hash Batches": 1,
                              "Original Hash Batches": 1,
                              "Peak Memory Usage": 17472,
                              "Plans": [
                                {
                                  "Node Type": "Seq Scan",
                                  "Parent Relationship": "Outer",
                                  "Parallel Aware": true,
                                  "Relation Name": "title",
                                  "Alias": "t",
                                  "Startup Cost": 0.0,
                                  "Total Cost": 45479.1,
                                  "Plan Rows": 44649,
                                  "Plan Width": 4,
                                  "Actual Startup Time": 0.075,
                                  "Actual Total Time": 98.524,
                                  "Actual Rows": 72056,
                                  "Actual Loops": 4,
                                  "Filter": "((kind_id < 7) AND (production_year < 1977))",
                                  "Rows Removed by Filter": 560022
                                }
                              ]
                            }
                          ]
                        }
                      ]
                    }
                  ]
                }
              ]
            }
          ]
        }
      ]
    },
    "Planning Time": 1.399,
    "Triggers": [],
    "Execution Time": 799.787
  }
]