[
  {
    "Plan": {
      "Node Type": "Aggregate",
      "Strategy": "Plain",
      "Partial Mode": "Finalize",
      "Parallel Aware": false,
      "Startup Cost": 379979.67,
      "Total Cost": 379979.68,
      "Plan Rows": 1,
      "Plan Width": 8,
      "Actual Startup Time": 1841.21,
      "Actual Total Time": 1906.089,
      "Actual Rows": 1,
      "Actual Loops": 1,
      "Plans": [
        {
          "Node Type": "Gather",
          "Parent Relationship": "Outer",
          "Parallel Aware": false,
          "Startup Cost": 379979.04,
          "Total Cost": 379979.65,
          "Plan Rows": 6,
          "Plan Width": 8,
          "Actual Startup Time": 1837.308,
          "Actual Total Time": 1906.073,
          "Actual Rows": 7,
          "Actual Loops": 1,
          "Workers Planned": 6,
          "Workers Launched": 6,
          "Single Copy": false,
          "Plans": [
            {
              "Node Type": "Aggregate",
              "Strategy": "Plain",
              "Partial Mode": "Partial",
              "Parent Relationship": "Outer",
              "Parallel Aware": false,
              "Startup Cost": 378979.04,
              "Total Cost": 378979.05,
              "Plan Rows": 1,
              "Plan Width": 8,
              "Actual Startup Time": 1826.785,
              "Actual Total Time": 1826.788,
              "Actual Rows": 1,
              "Actual Loops": 7,
              "Plans": [
                {
                  "Node Type": "Hash Join",
                  "Parent Relationship": "Outer",
                  "Parallel Aware": true,
                  "Join Type": "Inner",
                  "Startup Cost": 47053.77,
                  "Total Cost": 375970.57,
                  "Plan Rows": 1203389,
                  "Plan Width": 0,
                  "Actual Startup Time": 114.969,
                  "Actual Total Time": 1767.698,
                  "Actual Rows": 1162796,
                  "Actual Loops": 7,
                  "Inner Unique": true,
                  "Hash Cond": "(ci.movie_id = t.id)",
                  "Plans": [
                    {
                      "Node Type": "Seq Scan",
                      "Parent Relationship": "Outer",
                      "Parallel Aware": true,
                      "Relation Name": "cast_info",
                      "Alias": "ci",
                      "Startup Cost": 0.0,
                      "Total Cost": 313067.02,
                      "Plan Rows": 6038002,
                      "Plan Width": 4,
                      "Actual Startup Time": 0.022,
                      "Actual Total Time": 571.404,
                      "Actual Rows": 5177763,
                      "Actual Loops": 7
                    },
                    {
                      "Node Type": "Hash",
                      "Parent Relationship": "Inner",
                      "Parallel Aware": true,
                      "Startup Cost": 45479.1,
                      "Total Cost": 45479.1,
                      "Plan Rows": 125974,
                      "Plan Width": 4,
                      "Actual Startup Time": 112.47,
                      "Actual Total Time": 112.471,
                      "Actual Rows": 74876,
                      "Actual Loops": 7,
                      "Hash Buckets": 524288,
                      "Original Hash Buckets": 524288,
                      "Hash Batches": 1,
                      "Original Hash Batches": 1,
                      "Peak Memory Usage": 24704,
                      "Plans": [
                        {
                          "Node Type": "Seq Scan",
                          "Parent Relationship": "Outer",
                          "Parallel Aware": true,
                          "Relation Name": "title",
                          "Alias": "t",
                          "Startup Cost": 0.0,
                          "Total Cost": 45479.1,
                          "Plan Rows": 125974,
                          "Plan Width": 4,
                          "Actual Startup Time": 51.2,
                          "Actual Total Time": 83.796,
                          "Actual Rows": 74876,
                          "Actual Loops": 7,
                          "Filter": "((production_year < 2010) AND (kind_id = 1))",
                          "Rows Removed by Filter": 286312
                        }
                      ]
                    }
                  ]
                }
              ]
            }
          ]
        }
      ]
    },
    "Planning Time": 0.599,
    "Triggers": [],
    "Execution Time": 1906.175
  }
]