[
  {
    "Plan": {
      "Node Type": "Aggregate",
      "Strategy": "Plain",
      "Partial Mode": "Finalize",
      "Parallel Aware": false,
      "Startup Cost": 239022.03,
      "Total Cost": 239022.04,
      "Plan Rows": 1,
      "Plan Width": 8,
      "Actual Startup Time": 610.739,
      "Actual Total Time": 648.283,
      "Actual Rows": 1,
      "Actual Loops": 1,
      "Plans": [
        {
          "Node Type": "Gather",
          "Parent Relationship": "Outer",
          "Parallel Aware": false,
          "Startup Cost": 239021.51,
          "Total Cost": 239022.02,
          "Plan Rows": 5,
          "Plan Width": 8,
          "Actual Startup Time": 610.056,
          "Actual Total Time": 648.273,
          "Actual Rows": 6,
          "Actual Loops": 1,
          "Workers Planned": 5,
          "Workers Launched": 5,
          "Single Copy": false,
          "Plans": [
            {
              "Node Type": "Aggregate",
              "Strategy": "Plain",
              "Partial Mode": "Partial",
              "Parent Relationship": "Outer",
              "Parallel Aware": false,
              "Startup Cost": 238021.51,
              "Total Cost": 238021.52,
              "Plan Rows": 1,
              "Plan Width": 8,
              "Actual Startup Time": 603.101,
              "Actual Total Time": 603.106,
              "Actual Rows": 1,
              "Actual Loops": 6,
              "Plans": [
                {
                  "Node Type": "Hash Join",
                  "Parent Relationship": "Outer",
                  "Parallel Aware": true,
                  "Join Type": "Inner",
                  "Startup Cost": 38314.09,
                  "Total Cost": 237793.49,
                  "Plan Rows": 91208,
                  "Plan Width": 0,
                  "Actual Startup Time": 50.044,
                  "Actual Total Time": 598.186,
                  "Actual Rows": 112397,
                  "Actual Loops": 6,
                  "Inner Unique": true,
                  "Hash Cond": "(mi.movie_id = t.id)",
                  "Plans": [
                    {
                      "Node Type": "Seq Scan",
                      "Parent Relationship": "Outer",
                      "Parallel Aware": true,
                      "Relation Name": "movie_info",
                      "Alias": "mi",
                      "Startup Cost": 0.0,
                      "Total Cost": 191685.19,
                      "Plan Rows": 2969219,
                      "Plan Width": 4,
                      "Actual Startup Time": 0.027,
                      "Actual Total Time": 286.931,
                      "Actual Rows": 2472620,
                      "Actual Loops": 6
                    },
                    {
                      "Node Type": "Hash",
                      "Parent Relationship": "Inner",
                      "Parallel Aware": true,
                      "Startup Cost": 38071.37,
                      "Total Cost": 38071.37,
                      "Plan Rows": 19417,
                      "Plan Width": 4,
                      "Actual Startup Time": 49.088,
                      "Actual Total Time": 49.09,
                      "Actual Rows": 12909,
                      "Actual Loops": 6,
                      "Hash Buckets": 131072,
                      "Original Hash Buckets": 131072,
                      "Hash Batches": 1,
                      "Original Hash Batches": 1,
                      "Peak Memory Usage": 4128,
                      "Plans": [
                        {
                          "Node Type": "Bitmap Heap Scan",
                          "Parent Relationship": "Outer",
                          "Parallel Aware": true,
                          "Relation Name": "title",
                          "Alias": "t",
                          "Startup Cost": 1716.86,
                          "Total Cost": 38071.37,
                          "Plan Rows": 19417,
                          "Plan Width": 4,
                          "Actual Startup Time": 5.3,
                          "Actual Total Time": 43.759,
                          "Actual Rows": 12909,
                          "Actual Loops": 6,
                          "Recheck Cond": "(kind_id = 2)",
                          "Rows Removed by Index Recheck": 0,
                          "Filter": "(production_year < 2011)",
                          "Rows Removed by Filter": 2233,
                          "Exact Heap Blocks": 8099,
                          "Lossy Heap Blocks": 0,
                          "Plans": [
                            {
                              "Node Type": "Bitmap Index Scan",
                              "Parent Relationship": "Outer",
                              "Parallel Aware": false,
                              "Index Name": "kind_id_title",
                              "Startup Cost": 0.0,
                              "Total Cost": 1697.45,
                              "Plan Rows": 95069,
                              "Plan Width": 0,
                              "Actual Startup Time": 7.064,
                              "Actual Total Time": 7.065,
                              "Actual Rows": 90852,
                              "Actual Loops": 1,
                              "Index Cond": "(kind_id = 2)"
                            }
                          ]
                        }
                      ]
                    }
                  ]
                }
              ]
            }
          ]
        }
      ]
    },
    "Planning Time": 0.248,
    "Triggers": [],
    "Execution Time": 648.333
  }
]