[
    {
        "Bao": {
            "Bao prediction": "NaN",
            "Bao recommended hint": "(no hint)"
        }
    },
    {
        "Plan": {
            "Node Type": "Aggregate",
            "Strategy": "Plain",
            "Partial Mode": "Simple",
            "Parallel Aware": false,
            "Startup Cost": 25215.22,
            "Total Cost": 25215.23,
            "Plan Rows": 1,
            "Plan Width": 8,
            "Actual Startup Time": 13.489,
            "Actual Total Time": 13.49,
            "Actual Rows": 1,
            "Actual Loops": 1,
            "Output": [
                "count(*)"
            ],
            "Plans": [
                {
                    "Node Type": "Bitmap Heap Scan",
                    "Parent Relationship": "Outer",
                    "Parallel Aware": false,
                    "Relation Name": "title",
                    "Schema": "public",
                    "Alias": "t",
                    "Startup Cost": 219.98,
                    "Total Cost": 25209.91,
                    "Plan Rows": 2124,
                    "Plan Width": 0,
                    "Actual Startup Time": 2.84,
                    "Actual Total Time": 13.472,
                    "Actual Rows": 132,
                    "Actual Loops": 1,
                    "Recheck Cond": "(t.kind_id = 6)",
                    "Rows Removed by Index Recheck": 0,
                    "Filter": "(t.production_year < 1975)",
                    "Rows Removed by Filter": 12468,
                    "Exact Heap Blocks": 7903,
                    "Lossy Heap Blocks": 0,
                    "Plans": [
                        {
                            "Node Type": "Bitmap Index Scan",
                            "Parent Relationship": "Outer",
                            "Parallel Aware": false,
                            "Index Name": "kind_id_title",
                            "Startup Cost": 0.0,
                            "Total Cost": 219.45,
                            "Plan Rows": 12136,
                            "Plan Width": 0,
                            "Actual Startup Time": 1.465,
                            "Actual Total Time": 1.466,
                            "Actual Rows": 12600,
                            "Actual Loops": 1,
                            "Index Cond": "(t.kind_id = 6)"
                        }
                    ]
                }
            ]
        },
        "Planning Time": 198.125,
        "Triggers": [],
        "Execution Time": 13.574
    }
]