[
  {
    "Plan": {
      "Node Type": "Aggregate",
      "Strategy": "Plain",
      "Partial Mode": "Finalize",
      "Parallel Aware": false,
      "Startup Cost": 47132.66,
      "Total Cost": 47132.67,
      "Plan Rows": 1,
      "Plan Width": 8,
      "Actual Startup Time": 172.544,
      "Actual Total Time": 182.015,
      "Actual Rows": 1,
      "Actual Loops": 1,
      "Plans": [
        {
          "Node Type": "Gather",
          "Parent Relationship": "Outer",
          "Parallel Aware": false,
          "Startup Cost": 47132.34,
          "Total Cost": 47132.65,
          "Plan Rows": 3,
          "Plan Width": 8,
          "Actual Startup Time": 172.414,
          "Actual Total Time": 182.005,
          "Actual Rows": 4,
          "Actual Loops": 1,
          "Workers Planned": 3,
          "Workers Launched": 3,
          "Single Copy": false,
          "Plans": [
            {
              "Node Type": "Aggregate",
              "Strategy": "Plain",
              "Partial Mode": "Partial",
              "Parent Relationship": "Outer",
              "Parallel Aware": false,
              "Startup Cost": 46132.34,
              "Total Cost": 46132.35,
              "Plan Rows": 1,
              "Plan Width": 8,
              "Actual Startup Time": 166.126,
              "Actual Total Time": 166.127,
              "Actual Rows": 1,
              "Actual Loops": 4,
              "Plans": [
                {
                  "Node Type": "Seq Scan",
                  "Parent Relationship": "Outer",
                  "Parallel Aware": true,
                  "Relation Name": "movie_keyword",
                  "Alias": "mk",
                  "Startup Cost": 0.0,
                  "Total Cost": 42695.65,
                  "Plan Rows": 1374675,
                  "Plan Width": 0,
                  "Actual Startup Time": 0.049,
                  "Actual Total Time": 120.58,
                  "Actual Rows": 1067859,
                  "Actual Loops": 4,
                  "Filter": "(keyword_id < 60133)",
                  "Rows Removed by Filter": 63123
                }
              ]
            }
          ]
        }
      ]
    },
    "Planning Time": 0.188,
    "Triggers": [],
    "Execution Time": 182.071
  }
]