[
  {
    "Plan": {
      "Node Type": "Aggregate",
      "Strategy": "Plain",
      "Partial Mode": "Finalize",
      "Parallel Aware": false,
      "Startup Cost": 46844.08,
      "Total Cost": 46844.09,
      "Plan Rows": 1,
      "Plan Width": 8,
      "Actual Startup Time": 171.827,
      "Actual Total Time": 180.78,
      "Actual Rows": 1,
      "Actual Loops": 1,
      "Plans": [
        {
          "Node Type": "Gather",
          "Parent Relationship": "Outer",
          "Parallel Aware": false,
          "Startup Cost": 46843.76,
          "Total Cost": 46844.07,
          "Plan Rows": 3,
          "Plan Width": 8,
          "Actual Startup Time": 171.728,
          "Actual Total Time": 180.771,
          "Actual Rows": 4,
          "Actual Loops": 1,
          "Workers Planned": 3,
          "Workers Launched": 3,
          "Single Copy": false,
          "Plans": [
            {
              "Node Type": "Aggregate",
              "Strategy": "Plain",
              "Partial Mode": "Partial",
              "Parent Relationship": "Outer",
              "Parallel Aware": false,
              "Startup Cost": 45843.76,
              "Total Cost": 45843.77,
              "Plan Rows": 1,
              "Plan Width": 8,
              "Actual Startup Time": 164.707,
              "Actual Total Time": 164.708,
              "Actual Rows": 1,
              "Actual Loops": 4,
              "Plans": [
                {
                  "Node Type": "Seq Scan",
                  "Parent Relationship": "Outer",
                  "Parallel Aware": true,
                  "Relation Name": "movie_keyword",
                  "Alias": "mk",
                  "Startup Cost": 0.0,
                  "Total Cost": 42695.65,
                  "Plan Rows": 1259242,
                  "Plan Width": 0,
                  "Actual Startup Time": 0.053,
                  "Actual Total Time": 121.823,
                  "Actual Rows": 978236,
                  "Actual Loops": 4,
                  "Filter": "(keyword_id < 30234)",
                  "Rows Removed by Filter": 152747
                }
              ]
            }
          ]
        }
      ]
    },
    "Planning Time": 0.177,
    "Triggers": [],
    "Execution Time": 180.841
  }
]