[
  {
    "Plan": {
      "Node Type": "Aggregate",
      "Strategy": "Plain",
      "Partial Mode": "Finalize",
      "Parallel Aware": false,
      "Startup Cost": 451528.0,
      "Total Cost": 451528.01,
      "Plan Rows": 1,
      "Plan Width": 8,
      "Actual Startup Time": 1826.739,
      "Actual Total Time": 1892.735,
      "Actual Rows": 1,
      "Actual Loops": 1,
      "Plans": [
        {
          "Node Type": "Gather",
          "Parent Relationship": "Outer",
          "Parallel Aware": false,
          "Startup Cost": 451527.38,
          "Total Cost": 451527.99,
          "Plan Rows": 6,
          "Plan Width": 8,
          "Actual Startup Time": 1792.831,
          "Actual Total Time": 1892.708,
          "Actual Rows": 7,
          "Actual Loops": 1,
          "Workers Planned": 6,
          "Workers Launched": 6,
          "Single Copy": false,
          "Plans": [
            {
              "Node Type": "Aggregate",
              "Strategy": "Plain",
              "Partial Mode": "Partial",
              "Parent Relationship": "Outer",
              "Parallel Aware": false,
              "Startup Cost": 450527.38,
              "Total Cost": 450527.39,
              "Plan Rows": 1,
              "Plan Width": 8,
              "Actual Startup Time": 1778.305,
              "Actual Total Time": 1779.13,
              "Actual Rows": 1,
              "Actual Loops": 7,
              "Plans": [
                {
                  "Node Type": "Hash Join",
                  "Parent Relationship": "Outer",
                  "Parallel Aware": true,
                  "Join Type": "Inner",
                  "Startup Cost": 96293.34,
                  "Total Cost": 448354.48,
                  "Plan Rows": 869157,
                  "Plan Width": 0,
                  "Actual Startup Time": 872.052,
                  "Actual Total Time": 1669.764,
                  "Actual Rows": 2078668,
                  "Actual Loops": 7,
                  "Inner Unique": false,
                  "Hash Cond": "(ci.movie_id = t.id)",
                  "Plans": [
                    {
                      "Node Type": "Seq Scan",
                      "Parent Relationship": "Outer",
                      "Parallel Aware": true,
                      "Relation Name": "cast_info",
                      "Alias": "ci",
                      "Startup Cost": 0.0,
                      "Total Cost": 343257.03,
                      "Plan Rows": 1600102,
                      "Plan Width": 4,
                      "Actual Startup Time": 348.444,
                      "Actual Total Time": 695.937,
                      "Actual Rows": 1048719,
                      "Actual Loops": 7,
                      "Filter": "((person_id > 2612940) AND (role_id < 10))",
                      "Rows Removed by Filter": 4129045
                    },
                    {
                      "Node Type": "Hash",
                      "Parent Relationship": "Inner",
                      "Parallel Aware": true,
                      "Startup Cost": 90755.68,
                      "Total Cost": 90755.68,
                      "Plan Rows": 443013,
                      "Plan Width": 8,
                      "Actual Startup Time": 518.682,
                      "Actual Total Time": 519.504,
                      "Actual Rows": 385444,
                      "Actual Loops": 7,
                      "Hash Buckets": 4194304,
                      "Original Hash Buckets": 2097152,
                      "Hash Batches": 1,
                      "Original Hash Batches": 1,
                      "Peak Memory Usage": 154816,
                      "Plans": [
                        {
                          "Node Type": "Hash Join",
                          "Parent Relationship": "Outer",
                          "Parallel Aware": true,
                          "Join Type": "Inner",
                          "Startup Cost": 47877.6,
                          "Total Cost": 90755.68,
                          "Plan Rows": 443013,
                          "Plan Width": 8,
                          "Actual Startup Time": 141.559,
                          "Actual Total Time": 340.177,
                          "Actual Rows": 385444,
                          "Actual Loops": 7,
                          "Inner Unique": true,
                          "Hash Cond": "(mk.movie_id = t.id)",
                          "Plans": [
                            {
                              "Node Type": "Seq Scan",
                              "Parent Relationship": "Outer",
                              "Parallel Aware": true,
                              "Relation Name": "movie_keyword",
                              "Alias": "mk",
                              "Startup Cost": 0.0,
                              "Total Cost": 39047.32,
                              "Plan Rows": 1459332,
                              "Plan Width": 4,
                              "Actual Startup Time": 0.026,
                              "Actual Total Time": 73.101,
                              "Actual Rows": 646276,
                              "Actual Loops": 7
                            },
                            {
                              "Node Type": "Hash",
                              "Parent Relationship": "Inner",
                              "Parallel Aware": true,
                              "Startup Cost": 45479.1,
                              "Total Cost": 45479.1,
                              "Plan Rows": 191880,
                              "Plan Width": 4,
                              "Actual Startup Time": 140.19,
                              "Actual Total Time": 140.191,
                              "Actual Rows": 95798,
                              "Actual Loops": 7,
                              "Hash Buckets": 1048576,
                              "Original Hash Buckets": 1048576,
                              "Hash Batches": 1,
                              "Original Hash Batches": 1,
                              "Peak Memory Usage": 34528,
                              "Plans": [
                                {
                                  "Node Type": "Seq Scan",
                                  "Parent Relationship": "Outer",
                                  "Parallel Aware": true,
                                  "Relation Name": "title",
                                  "Alias": "t",
                                  "Startup Cost": 0.0,
                                  "Total Cost": 45479.1,
                                  "Plan Rows": 191880,
                                  "Plan Width": 4,
                                  "Actual Startup Time": 0.046,
                                  "Actual Total Time": 87.627,
                                  "Actual Rows": 95798,
                                  "Actual Loops": 7,
                                  "Filter": "((kind_id < 7) AND (production_year > 1979))",
                                  "Rows Removed by Filter": 265390
                                }
                              ]
                            }
                          ]
                        }
                      ]
                    }
                  ]
                }
              ]
            }
          ]
        }
      ]
    },
    "Planning Time": 1.323,
    "Triggers": [],
    "Execution Time": 1892.829
  }
]