[
  {
    "Plan": {
      "Node Type": "Aggregate",
      "Strategy": "Plain",
      "Partial Mode": "Finalize",
      "Parallel Aware": false,
      "Startup Cost": 70935.92,
      "Total Cost": 70935.93,
      "Plan Rows": 1,
      "Plan Width": 8,
      "Actual Startup Time": 140.875,
      "Actual Total Time": 153.469,
      "Actual Rows": 1,
      "Actual Loops": 1,
      "Plans": [
        {
          "Node Type": "Gather",
          "Parent Relationship": "Outer",
          "Parallel Aware": false,
          "Startup Cost": 70935.61,
          "Total Cost": 70935.92,
          "Plan Rows": 3,
          "Plan Width": 8,
          "Actual Startup Time": 140.549,
          "Actual Total Time": 153.461,
          "Actual Rows": 4,
          "Actual Loops": 1,
          "Workers Planned": 3,
          "Workers Launched": 3,
          "Single Copy": false,
          "Plans": [
            {
              "Node Type": "Aggregate",
              "Strategy": "Plain",
              "Partial Mode": "Partial",
              "Parent Relationship": "Outer",
              "Parallel Aware": false,
              "Startup Cost": 69935.61,
              "Total Cost": 69935.62,
              "Plan Rows": 1,
              "Plan Width": 8,
              "Actual Startup Time": 131.264,
              "Actual Total Time": 131.268,
              "Actual Rows": 1,
              "Actual Loops": 4,
              "Plans": [
                {
                  "Node Type": "Hash Join",
                  "Parent Relationship": "Outer",
                  "Parallel Aware": true,
                  "Join Type": "Inner",
                  "Startup Cost": 49731.37,
                  "Total Cost": 69934.91,
                  "Plan Rows": 277,
                  "Plan Width": 0,
                  "Actual Startup Time": 106.301,
                  "Actual Total Time": 131.215,
                  "Actual Rows": 407,
                  "Actual Loops": 4,
                  "Inner Unique": true,
                  "Hash Cond": "(mc.movie_id = t.id)",
                  "Plans": [
                    {
                      "Node Type": "Bitmap Heap Scan",
                      "Parent Relationship": "Outer",
                      "Parallel Aware": true,
                      "Relation Name": "movie_companies",
                      "Alias": "mc",
                      "Startup Cost": 5782.68,
                      "Total Cost": 25870.87,
                      "Plan Rows": 43942,
                      "Plan Width": 4,
                      "Actual Startup Time": 10.933,
                      "Actual Total Time": 28.895,
                      "Actual Rows": 66778,
                      "Actual Loops": 4,
                      "Recheck Cond": "(company_id > 98239)",
                      "Rows Removed by Index Recheck": 0,
                      "Filter": "(company_type_id = 2)",
                      "Rows Removed by Filter": 0,
                      "Exact Heap Blocks": 1495,
                      "Lossy Heap Blocks": 0,
                      "Plans": [
                        {
                          "Node Type": "Bitmap Index Scan",
                          "Parent Relationship": "Outer",
                          "Parallel Aware": false,
                          "Index Name": "company_id_movie_companies",
                          "Startup Cost": 0.0,
                          "Total Cost": 5748.63,
                          "Plan Rows": 268293,
                          "Plan Width": 0,
                          "Actual Startup Time": 10.237,
                          "Actual Total Time": 10.237,
                          "Actual Rows": 267113,
                          "Actual Loops": 1,
                          "Index Cond": "(company_id > 98239)"
                        }
                      ]
                    },
                    {
                      "Node Type": "Hash",
                      "Parent Relationship": "Inner",
                      "Parallel Aware": true,
                      "Startup Cost": 43898.92,
                      "Total Cost": 43898.92,
                      "Plan Rows": 3982,
                      "Plan Width": 4,
                      "Actual Startup Time": 94.002,
                      "Actual Total Time": 94.003,
                      "Actual Rows": 3510,
                      "Actual Loops": 4,
                      "Hash Buckets": 16384,
                      "Original Hash Buckets": 16384,
                      "Hash Batches": 1,
                      "Original Hash Batches": 1,
                      "Peak Memory Usage": 736,
                      "Plans": [
                        {
                          "Node Type": "Seq Scan",
                          "Parent Relationship": "Outer",
                          "Parallel Aware": true,
                          "Relation Name": "title",
                          "Alias": "t",
                          "Startup Cost": 0.0,
                          "Total Cost": 43898.92,
                          "Plan Rows": 3982,
                          "Plan Width": 4,
                          "Actual Startup Time": 0.095,
                          "Actual Total Time": 92.059,
                          "Actual Rows": 3510,
                          "Actual Loops": 4,
                          "Filter": "(production_year = 1977)",
                          "Rows Removed by Filter": 628568
                        }
                      ]
                    }
                  ]
                }
              ]
            }
          ]
        }
      ]
    },
    "Planning Time": 0.667,
    "Triggers": [],
    "Execution Time": 153.562
  }
]