[
  {
    "Plan": {
      "Node Type": "Aggregate",
      "Strategy": "Plain",
      "Partial Mode": "Finalize",
      "Parallel Aware": false,
      "Startup Cost": 125276.4,
      "Total Cost": 125276.41,
      "Plan Rows": 1,
      "Plan Width": 8,
      "Actual Startup Time": 466.561,
      "Actual Total Time": 489.057,
      "Actual Rows": 1,
      "Actual Loops": 1,
      "Plans": [
        {
          "Node Type": "Gather",
          "Parent Relationship": "Outer",
          "Parallel Aware": false,
          "Startup Cost": 125276.08,
          "Total Cost": 125276.39,
          "Plan Rows": 3,
          "Plan Width": 8,
          "Actual Startup Time": 462.471,
          "Actual Total Time": 489.046,
          "Actual Rows": 4,
          "Actual Loops": 1,
          "Workers Planned": 3,
          "Workers Launched": 3,
          "Single Copy": false,
          "Plans": [
            {
              "Node Type": "Aggregate",
              "Strategy": "Plain",
              "Partial Mode": "Partial",
              "Parent Relationship": "Outer",
              "Parallel Aware": false,
              "Startup Cost": 124276.08,
              "Total Cost": 124276.09,
              "Plan Rows": 1,
              "Plan Width": 8,
              "Actual Startup Time": 453.626,
              "Actual Total Time": 453.728,
              "Actual Rows": 1,
              "Actual Loops": 4,
              "Plans": [
                {
                  "Node Type": "Hash Join",
                  "Parent Relationship": "Outer",
                  "Parallel Aware": true,
                  "Join Type": "Inner",
                  "Startup Cost": 93186.2,
                  "Total Cost": 123958.6,
                  "Plan Rows": 126991,
                  "Plan Width": 0,
                  "Actual Startup Time": 332.068,
                  "Actual Total Time": 451.039,
                  "Actual Rows": 66728,
                  "Actual Loops": 4,
                  "Inner Unique": false,
                  "Hash Cond": "(mc.movie_id = t.id)",
                  "Plans": [
                    {
                      "Node Type": "Seq Scan",
                      "Parent Relationship": "Outer",
                      "Parallel Aware": true,
                      "Relation Name": "movie_companies",
                      "Alias": "mc",
                      "Startup Cost": 0.0,
                      "Total Cost": 27206.55,
                      "Plan Rows": 841655,
                      "Plan Width": 4,
                      "Actual Startup Time": 0.021,
                      "Actual Total Time": 54.693,
                      "Actual Rows": 652282,
                      "Actual Loops": 4
                    },
                    {
                      "Node Type": "Hash",
                      "Parent Relationship": "Inner",
                      "Parallel Aware": true,
                      "Startup Cost": 91647.99,
                      "Total Cost": 91647.99,
                      "Plan Rows": 123057,
                      "Plan Width": 8,
                      "Actual Startup Time": 326.873,
                      "Actual Total Time": 326.974,
                      "Actual Rows": 25116,
                      "Actual Loops": 4,
                      "Hash Buckets": 524288,
                      "Original Hash Buckets": 524288,
                      "Hash Batches": 1,
                      "Original Hash Batches": 1,
                      "Peak Memory Usage": 8064,
                      "Plans": [
                        {
                          "Node Type": "Hash Join",
                          "Parent Relationship": "Outer",
                          "Parallel Aware": true,
                          "Join Type": "Inner",
                          "Startup Cost": 47896.65,
                          "Total Cost": 91647.99,
                          "Plan Rows": 123057,
                          "Plan Width": 8,
                          "Actual Startup Time": 184.192,
                          "Actual Total Time": 319.119,
                          "Actual Rows": 25116,
                          "Actual Loops": 4,
                          "Inner Unique": true,
                          "Hash Cond": "(mk.movie_id = t.id)",
                          "Plans": [
                            {
                              "Node Type": "Seq Scan",
                              "Parent Relationship": "Outer",
                              "Parallel Aware": true,
                              "Relation Name": "movie_keyword",
                              "Alias": "mk",
                              "Startup Cost": 0.0,
                              "Total Cost": 42695.65,
                              "Plan Rows": 402167,
                              "Plan Width": 4,
                              "Actual Startup Time": 0.948,
                              "Actual Total Time": 91.384,
                              "Actual Rows": 313845,
                              "Actual Loops": 4,
                              "Filter": "(keyword_id > 14338)",
                              "Rows Removed by Filter": 817138
                            },
                            {
                              "Node Type": "Hash",
                              "Parent Relationship": "Inner",
                              "Parallel Aware": true,
                              "Startup Cost": 45479.1,
                              "Total Cost": 45479.1,
                              "Plan Rows": 193404,
                              "Plan Width": 4,
                              "Actual Startup Time": 179.868,
                              "Actual Total Time": 179.869,
                              "Actual Rows": 210002,
                              "Actual Loops": 4,
                              "Hash Buckets": 1048576,
                              "Original Hash Buckets": 1048576,
                              "Hash Batches": 1,
                              "Original Hash Batches": 1,
                              "Peak Memory Usage": 41120,
                              "Plans": [
                                {
                                  "Node Type": "Seq Scan",
                                  "Parent Relationship": "Outer",
                                  "Parallel Aware": true,
                                  "Relation Name": "title",
                                  "Alias": "t",
                                  "Startup Cost": 0.0,
                                  "Total Cost": 45479.1,
                                  "Plan Rows": 193404,
                                  "Plan Width": 4,
                                  "Actual Startup Time": 0.045,
                                  "Actual Total Time": 102.332,
                                  "Actual Rows": 210002,
                                  "Actual Loops": 4,
                                  "Filter": "((production_year > 2002) AND (kind_id = 7))",
                                  "Rows Removed by Filter": 422076
                                }
                              ]
                            }
                          ]
                        }
                      ]
                    }
                  ]
                }
              ]
            }
          ]
        }
      ]
    },
    "Planning Time": 1.418,
    "Triggers": [],
    "Execution Time": 489.144
  }
]