[
  {
    "Plan": {
      "Node Type": "Aggregate",
      "Strategy": "Plain",
      "Partial Mode": "Finalize",
      "Parallel Aware": false,
      "Startup Cost": 338538.5,
      "Total Cost": 338538.51,
      "Plan Rows": 1,
      "Plan Width": 8,
      "Actual Startup Time": 890.075,
      "Actual Total Time": 954.131,
      "Actual Rows": 1,
      "Actual Loops": 1,
      "Plans": [
        {
          "Node Type": "Gather",
          "Parent Relationship": "Outer",
          "Parallel Aware": false,
          "Startup Cost": 338537.87,
          "Total Cost": 338538.48,
          "Plan Rows": 6,
          "Plan Width": 8,
          "Actual Startup Time": 889.948,
          "Actual Total Time": 954.119,
          "Actual Rows": 7,
          "Actual Loops": 1,
          "Workers Planned": 6,
          "Workers Launched": 6,
          "Single Copy": false,
          "Plans": [
            {
              "Node Type": "Aggregate",
              "Strategy": "Plain",
              "Partial Mode": "Partial",
              "Parent Relationship": "Outer",
              "Parallel Aware": false,
              "Startup Cost": 337537.87,
              "Total Cost": 337537.88,
              "Plan Rows": 1,
              "Plan Width": 8,
              "Actual Startup Time": 882.35,
              "Actual Total Time": 882.351,
              "Actual Rows": 1,
              "Actual Loops": 7,
              "Plans": [
                {
                  "Node Type": "Seq Scan",
                  "Parent Relationship": "Outer",
                  "Parallel Aware": true,
                  "Relation Name": "cast_info",
                  "Alias": "ci",
                  "Startup Cost": 0.0,
                  "Total Cost": 328162.03,
                  "Plan Rows": 3750339,
                  "Plan Width": 0,
                  "Actual Startup Time": 0.041,
                  "Actual Total Time": 710.566,
                  "Actual Rows": 3220831,
                  "Actual Loops": 7,
                  "Filter": "(person_id < 2300214)",
                  "Rows Removed by Filter": 1956933
                }
              ]
            }
          ]
        }
      ]
    },
    "Planning Time": 0.156,
    "Triggers": [],
    "Execution Time": 954.197
  }
]