[
  {
    "Plan": {
      "Node Type": "Aggregate",
      "Strategy": "Plain",
      "Partial Mode": "Finalize",
      "Parallel Aware": false,
      "Startup Cost": 266464.56,
      "Total Cost": 266464.57,
      "Plan Rows": 1,
      "Plan Width": 8,
      "Actual Startup Time": 67.906,
      "Actual Total Time": 72.059,
      "Actual Rows": 1,
      "Actual Loops": 1,
      "Plans": [
        {
          "Node Type": "Gather",
          "Parent Relationship": "Outer",
          "Parallel Aware": false,
          "Startup Cost": 266463.93,
          "Total Cost": 266464.54,
          "Plan Rows": 6,
          "Plan Width": 8,
          "Actual Startup Time": 67.713,
          "Actual Total Time": 72.053,
          "Actual Rows": 7,
          "Actual Loops": 1,
          "Workers Planned": 6,
          "Workers Launched": 6,
          "Single Copy": false,
          "Plans": [
            {
              "Node Type": "Aggregate",
              "Strategy": "Plain",
              "Partial Mode": "Partial",
              "Parent Relationship": "Outer",
              "Parallel Aware": false,
              "Startup Cost": 265463.93,
              "Total Cost": 265463.94,
              "Plan Rows": 1,
              "Plan Width": 8,
              "Actual Startup Time": 58.944,
              "Actual Total Time": 58.946,
              "Actual Rows": 1,
              "Actual Loops": 7,
              "Plans": [
                {
                  "Node Type": "Bitmap Heap Scan",
                  "Parent Relationship": "Outer",
                  "Parallel Aware": true,
                  "Relation Name": "cast_info",
                  "Alias": "ci",
                  "Startup Cost": 11477.33,
                  "Total Cost": 265247.33,
                  "Plan Rows": 86640,
                  "Plan Width": 0,
                  "Actual Startup Time": 23.628,
                  "Actual Total Time": 52.066,
                  "Actual Rows": 77788,
                  "Actual Loops": 7,
                  "Recheck Cond": "(person_id < 59630)",
                  "Rows Removed by Index Recheck": 0,
                  "Exact Heap Blocks": 2402,
                  "Lossy Heap Blocks": 0,
                  "Plans": [
                    {
                      "Node Type": "Bitmap Index Scan",
                      "Parent Relationship": "Outer",
                      "Parallel Aware": false,
                      "Index Name": "person_id_cast_info",
                      "Startup Cost": 0.0,
                      "Total Cost": 11347.37,
                      "Plan Rows": 519841,
                      "Plan Width": 0,
                      "Actual Startup Time": 30.681,
                      "Actual Total Time": 30.681,
                      "Actual Rows": 544516,
                      "Actual Loops": 1,
                      "Index Cond": "(person_id < 59630)"
                    }
                  ]
                }
              ]
            }
          ]
        }
      ]
    },
    "Planning Time": 0.129,
    "Triggers": [],
    "Execution Time": 72.112
  }
]