[
    {
        "Bao": {
            "Bao prediction": "NaN",
            "Bao recommended hint": "(no hint)"
        }
    },
    {
        "Plan": {
            "Node Type": "Aggregate",
            "Strategy": "Plain",
            "Partial Mode": "Finalize",
            "Parallel Aware": false,
            "Startup Cost": 352058.53,
            "Total Cost": 352058.54,
            "Plan Rows": 1,
            "Plan Width": 8,
            "Actual Startup Time": 833.024,
            "Actual Total Time": 864.683,
            "Actual Rows": 1,
            "Actual Loops": 1,
            "Output": [
                "count(*)"
            ],
            "Plans": [
                {
                    "Node Type": "Gather",
                    "Parent Relationship": "Outer",
                    "Parallel Aware": false,
                    "Startup Cost": 352057.91,
                    "Total Cost": 352058.52,
                    "Plan Rows": 6,
                    "Plan Width": 8,
                    "Actual Startup Time": 832.904,
                    "Actual Total Time": 864.672,
                    "Actual Rows": 7,
                    "Actual Loops": 1,
                    "Output": [
                        "(PARTIAL count(*))"
                    ],
                    "Workers Planned": 6,
                    "Workers Launched": 6,
                    "Single Copy": false,
                    "Plans": [
                        {
                            "Node Type": "Aggregate",
                            "Strategy": "Plain",
                            "Partial Mode": "Partial",
                            "Parent Relationship": "Outer",
                            "Parallel Aware": false,
                            "Startup Cost": 351057.91,
                            "Total Cost": 351057.92,
                            "Plan Rows": 1,
                            "Plan Width": 8,
                            "Actual Startup Time": 823.144,
                            "Actual Total Time": 823.145,
                            "Actual Rows": 1,
                            "Actual Loops": 7,
                            "Output": [
                                "PARTIAL count(*)"
                            ],
                            "Workers": [
                                {
                                    "Worker Number": 0,
                                    "Actual Startup Time": 820.593,
                                    "Actual Total Time": 820.594,
                                    "Actual Rows": 1,
                                    "Actual Loops": 1
                                },
                                {
                                    "Worker Number": 1,
                                    "Actual Startup Time": 821.265,
                                    "Actual Total Time": 821.267,
                                    "Actual Rows": 1,
                                    "Actual Loops": 1
                                },
                                {
                                    "Worker Number": 2,
                                    "Actual Startup Time": 821.521,
                                    "Actual Total Time": 821.522,
                                    "Actual Rows": 1,
                                    "Actual Loops": 1
                                },
                                {
                                    "Worker Number": 3,
                                    "Actual Startup Time": 821.842,
                                    "Actual Total Time": 821.843,
                                    "Actual Rows": 1,
                                    "Actual Loops": 1
                                },
                                {
                                    "Worker Number": 4,
                                    "Actual Startup Time": 821.972,
                                    "Actual Total Time": 821.973,
                                    "Actual Rows": 1,
                                    "Actual Loops": 1
                                },
                                {
                                    "Worker Number": 5,
                                    "Actual Startup Time": 822.279,
                                    "Actual Total Time": 822.28,
                                    "Actual Rows": 1,
                                    "Actual Loops": 1
                                }
                            ],
                            "Plans": [
                                {
                                    "Node Type": "Seq Scan",
                                    "Parent Relationship": "Outer",
                                    "Parallel Aware": true,
                                    "Relation Name": "cast_info",
                                    "Schema": "public",
                                    "Alias": "ci",
                                    "Startup Cost": 0.0,
                                    "Total Cost": 343318.94,
                                    "Plan Rows": 3095586,
                                    "Plan Width": 0,
                                    "Actual Startup Time": 229.621,
                                    "Actual Total Time": 703.728,
                                    "Actual Rows": 2288779,
                                    "Actual Loops": 7,
                                    "Output": [
                                        "id",
                                        "person_id",
                                        "movie_id",
                                        "person_role_id",
                                        "note",
                                        "nr_order",
                                        "role_id"
                                    ],
                                    "Filter": "((ci.person_id < 2918235) AND (ci.role_id > 1))",
                                    "Rows Removed by Filter": 2888985,
                                    "Workers": [
                                        {
                                            "Worker Number": 0,
                                            "Actual Startup Time": 227.055,
                                            "Actual Total Time": 704.54,
                                            "Actual Rows": 1740003,
                                            "Actual Loops": 1
                                        },
                                        {
                                            "Worker Number": 1,
                                            "Actual Startup Time": 227.76,
                                            "Actual Total Time": 703.58,
                                            "Actual Rows": 1761496,
                                            "Actual Loops": 1
                                        },
                                        {
                                            "Worker Number": 2,
                                            "Actual Startup Time": 227.98,
                                            "Actual Total Time": 703.87,
                                            "Actual Rows": 1760821,
                                            "Actual Loops": 1
                                        },
                                        {
                                            "Worker Number": 3,
                                            "Actual Startup Time": 228.315,
                                            "Actual Total Time": 703.876,
                                            "Actual Rows": 2877397,
                                            "Actual Loops": 1
                                        },
                                        {
                                            "Worker Number": 4,
                                            "Actual Startup Time": 228.448,
                                            "Actual Total Time": 704.484,
                                            "Actual Rows": 1758462,
                                            "Actual Loops": 1
                                        },
                                        {
                                            "Worker Number": 5,
                                            "Actual Startup Time": 228.761,
                                            "Actual Total Time": 709.305,
                                            "Actual Rows": 2750645,
                                            "Actual Loops": 1
                                        }
                                    ]
                                }
                            ]
                        }
                    ]
                }
            ]
        },
        "Planning Time": 180.433,
        "Triggers": [],
        "Execution Time": 864.74
    }
]