[
    {
        "Bao": {
            "Bao prediction": "NaN",
            "Bao recommended hint": "(no hint)"
        }
    },
    {
        "Plan": {
            "Node Type": "Aggregate",
            "Strategy": "Plain",
            "Partial Mode": "Simple",
            "Parallel Aware": false,
            "Startup Cost": 6469.06,
            "Total Cost": 6469.07,
            "Plan Rows": 1,
            "Plan Width": 8,
            "Actual Startup Time": 5.149,
            "Actual Total Time": 5.15,
            "Actual Rows": 1,
            "Actual Loops": 1,
            "Output": [
                "count(*)"
            ],
            "Plans": [
                {
                    "Node Type": "Index Only Scan",
                    "Parent Relationship": "Outer",
                    "Parallel Aware": false,
                    "Scan Direction": "Forward",
                    "Index Name": "company_id_movie_companies",
                    "Relation Name": "movie_companies",
                    "Schema": "public",
                    "Alias": "mc",
                    "Startup Cost": 0.43,
                    "Total Cost": 6462.54,
                    "Plan Rows": 2609,
                    "Plan Width": 0,
                    "Actual Startup Time": 0.122,
                    "Actual Total Time": 4.708,
                    "Actual Rows": 2926,
                    "Actual Loops": 1,
                    "Output": [
                        "company_id"
                    ],
                    "Index Cond": "(mc.company_id = 677)",
                    "Rows Removed by Index Recheck": 0,
                    "Heap Fetches": 2926
                }
            ]
        },
        "Planning Time": 295.552,
        "Triggers": [],
        "Execution Time": 5.225
    }
]