[
  {
    "Plan": {
      "Node Type": "Aggregate",
      "Strategy": "Plain",
      "Partial Mode": "Finalize",
      "Parallel Aware": false,
      "Startup Cost": 487836.63,
      "Total Cost": 487836.64,
      "Plan Rows": 1,
      "Plan Width": 8,
      "Actual Startup Time": 1410.904,
      "Actual Total Time": 1462.645,
      "Actual Rows": 1,
      "Actual Loops": 1,
      "Plans": [
        {
          "Node Type": "Gather",
          "Parent Relationship": "Outer",
          "Parallel Aware": false,
          "Startup Cost": 487836.11,
          "Total Cost": 487836.62,
          "Plan Rows": 5,
          "Plan Width": 8,
          "Actual Startup Time": 1405.445,
          "Actual Total Time": 1462.63,
          "Actual Rows": 6,
          "Actual Loops": 1,
          "Workers Planned": 5,
          "Workers Launched": 5,
          "Single Copy": false,
          "Plans": [
            {
              "Node Type": "Aggregate",
              "Strategy": "Plain",
              "Partial Mode": "Partial",
              "Parent Relationship": "Outer",
              "Parallel Aware": false,
              "Startup Cost": 486836.11,
              "Total Cost": 486836.12,
              "Plan Rows": 1,
              "Plan Width": 8,
              "Actual Startup Time": 1397.87,
              "Actual Total Time": 1397.928,
              "Actual Rows": 1,
              "Actual Loops": 6,
              "Plans": [
                {
                  "Node Type": "Hash Join",
                  "Parent Relationship": "Outer",
                  "Parallel Aware": true,
                  "Join Type": "Inner",
                  "Startup Cost": 280984.88,
                  "Total Cost": 485320.38,
                  "Plan Rows": 606292,
                  "Plan Width": 0,
                  "Actual Startup Time": 538.63,
                  "Actual Total Time": 1354.461,
                  "Actual Rows": 813203,
                  "Actual Loops": 6,
                  "Inner Unique": false,
                  "Hash Cond": "(mi.movie_id = t.id)",
                  "Plans": [
                    {
                      "Node Type": "Seq Scan",
                      "Parent Relationship": "Outer",
                      "Parallel Aware": true,
                      "Relation Name": "movie_info",
                      "Alias": "mi",
                      "Startup Cost": 0.0,
                      "Total Cost": 191685.19,
                      "Plan Rows": 2969219,
                      "Plan Width": 4,
                      "Actual Startup Time": 0.029,
                      "Actual Total Time": 340.555,
                      "Actual Rows": 2472620,
                      "Actual Loops": 6
                    },
                    {
                      "Node Type": "Hash",
                      "Parent Relationship": "Inner",
                      "Parallel Aware": true,
                      "Startup Cost": 279371.49,
                      "Total Cost": 279371.49,
                      "Plan Rows": 129071,
                      "Plan Width": 8,
                      "Actual Startup Time": 536.689,
                      "Actual Total Time": 536.744,
                      "Actual Rows": 45935,
                      "Actual Loops": 6,
                      "Hash Buckets": 524288,
                      "Original Hash Buckets": 524288,
                      "Hash Batches": 1,
                      "Original Hash Batches": 1,
                      "Peak Memory Usage": 14944,
                      "Plans": [
                        {
                          "Node Type": "Hash Join",
                          "Parent Relationship": "Outer",
                          "Parallel Aware": true,
                          "Join Type": "Inner",
                          "Startup Cost": 229118.5,
                          "Total Cost": 279371.49,
                          "Plan Rows": 129071,
                          "Plan Width": 8,
                          "Actual Startup Time": 329.072,
                          "Actual Total Time": 514.88,
                          "Actual Rows": 45935,
                          "Actual Loops": 6,
                          "Inner Unique": false,
                          "Hash Cond": "(t.id = ci.movie_id)",
                          "Plans": [
                            {
                              "Node Type": "Seq Scan",
                              "Parent Relationship": "Outer",
                              "Parallel Aware": true,
                              "Relation Name": "title",
                              "Alias": "t",
                              "Startup Cost": 0.0,
                              "Total Cost": 43899.32,
                              "Plan Rows": 613855,
                              "Plan Width": 4,
                              "Actual Startup Time": 0.01,
                              "Actual Total Time": 90.361,
                              "Actual Rows": 409370,
                              "Actual Loops": 6,
                              "Filter": "(production_year > 0)",
                              "Rows Removed by Filter": 12016
                            },
                            {
                              "Node Type": "Hash",
                              "Parent Relationship": "Inner",
                              "Parallel Aware": true,
                              "Startup Cost": 228010.93,
                              "Total Cost": 228010.93,
                              "Plan Rows": 88606,
                              "Plan Width": 4,
                              "Actual Startup Time": 327.675,
                              "Actual Total Time": 327.676,
                              "Actual Rows": 46357,
                              "Actual Loops": 6,
                              "Hash Buckets": 1048576,
                              "Original Hash Buckets": 1048576,
                              "Hash Batches": 1,
                              "Original Hash Batches": 1,
                              "Peak Memory Usage": 19200,
                              "Plans": [
                                {
                                  "Node Type": "Index Scan",
                                  "Parent Relationship": "Outer",
                                  "Parallel Aware": true,
                                  "Scan Direction": "Forward",
                                  "Index Name": "role_id_cast_info",
                                  "Relation Name": "cast_info",
                                  "Alias": "ci",
                                  "Startup Cost": 0.56,
                                  "Total Cost": 228010.93,
                                  "Plan Rows": 88606,
                                  "Plan Width": 4,
                                  "Actual Startup Time": 0.3,
                                  "Actual Total Time": 299.496,
                                  "Actual Rows": 46357,
                                  "Actual Loops": 6,
                                  "Index Cond": "(role_id > 5)",
                                  "Rows Removed by Index Recheck": 0,
                                  "Filter": "(person_id < 227581)",
                                  "Rows Removed by Filter": 1368029
                                }
                              ]
                            }
                          ]
                        }
                      ]
                    }
                  ]
                }
              ]
            }
          ]
        }
      ]
    },
    "Planning Time": 0.628,
    "Triggers": [],
    "Execution Time": 1462.713
  }
]