[
  {
    "Plan": {
      "Node Type": "Aggregate",
      "Strategy": "Plain",
      "Partial Mode": "Finalize",
      "Parallel Aware": false,
      "Startup Cost": 81264.92,
      "Total Cost": 81264.93,
      "Plan Rows": 1,
      "Plan Width": 8,
      "Actual Startup Time": 292.03,
      "Actual Total Time": 309.361,
      "Actual Rows": 1,
      "Actual Loops": 1,
      "Plans": [
        {
          "Node Type": "Gather",
          "Parent Relationship": "Outer",
          "Parallel Aware": false,
          "Startup Cost": 81264.6,
          "Total Cost": 81264.91,
          "Plan Rows": 3,
          "Plan Width": 8,
          "Actual Startup Time": 289.061,
          "Actual Total Time": 309.35,
          "Actual Rows": 4,
          "Actual Loops": 1,
          "Workers Planned": 3,
          "Workers Launched": 3,
          "Single Copy": false,
          "Plans": [
            {
              "Node Type": "Aggregate",
              "Strategy": "Plain",
              "Partial Mode": "Partial",
              "Parent Relationship": "Outer",
              "Parallel Aware": false,
              "Startup Cost": 80264.6,
              "Total Cost": 80264.61,
              "Plan Rows": 1,
              "Plan Width": 8,
              "Actual Startup Time": 282.558,
              "Actual Total Time": 282.562,
              "Actual Rows": 1,
              "Actual Loops": 4,
              "Plans": [
                {
                  "Node Type": "Nested Loop",
                  "Parent Relationship": "Outer",
                  "Parallel Aware": false,
                  "Join Type": "Inner",
                  "Startup Cost": 53210.6,
                  "Total Cost": 80248.32,
                  "Plan Rows": 6515,
                  "Plan Width": 0,
                  "Actual Startup Time": 198.965,
                  "Actual Total Time": 281.624,
                  "Actual Rows": 16252,
                  "Actual Loops": 4,
                  "Inner Unique": false,
                  "Plans": [
                    {
                      "Node Type": "Hash Join",
                      "Parent Relationship": "Outer",
                      "Parallel Aware": true,
                      "Join Type": "Inner",
                      "Startup Cost": 53210.18,
                      "Total Cost": 73291.47,
                      "Plan Rows": 11936,
                      "Plan Width": 8,
                      "Actual Startup Time": 198.883,
                      "Actual Total Time": 252.686,
                      "Actual Rows": 9052,
                      "Actual Loops": 4,
                      "Inner Unique": true,
                      "Hash Cond": "(mc.movie_id = t.id)",
                      "Plans": [
                        {
                          "Node Type": "Bitmap Heap Scan",
                          "Parent Relationship": "Outer",
                          "Parallel Aware": true,
                          "Relation Name": "movie_companies",
                          "Alias": "mc",
                          "Startup Cost": 5298.23,
                          "Total Cost": 25277.74,
                          "Plan Rows": 38773,
                          "Plan Width": 4,
                          "Actual Startup Time": 15.365,
                          "Actual Total Time": 48.329,
                          "Actual Rows": 46242,
                          "Actual Loops": 4,
                          "Recheck Cond": "(company_id < 100)",
                          "Rows Removed by Index Recheck": 0,
                          "Filter": "(company_type_id = 1)",
                          "Rows Removed by Filter": 13790,
                          "Exact Heap Blocks": 6398,
                          "Lossy Heap Blocks": 0,
                          "Plans": [
                            {
                              "Node Type": "Bitmap Index Scan",
                              "Parent Relationship": "Outer",
                              "Parallel Aware": false,
                              "Index Name": "company_id_movie_companies",
                              "Startup Cost": 0.0,
                              "Total Cost": 5268.18,
                              "Plan Rows": 245833,
                              "Plan Width": 0,
                              "Actual Startup Time": 12.796,
                              "Actual Total Time": 12.797,
                              "Actual Rows": 240126,
                              "Actual Loops": 1,
                              "Index Cond": "(company_id < 100)"
                            }
                          ]
                        },
                        {
                          "Node Type": "Hash",
                          "Parent Relationship": "Inner",
                          "Parallel Aware": true,
                          "Startup Cost": 45479.59,
                          "Total Cost": 45479.59,
                          "Plan Rows": 194589,
                          "Plan Width": 4,
                          "Actual Startup Time": 180.548,
                          "Actual Total Time": 180.549,
                          "Actual Rows": 211108,
                          "Actual Loops": 4,
                          "Hash Buckets": 1048576,
                          "Original Hash Buckets": 1048576,
                          "Hash Batches": 1,
                          "Original Hash Batches": 1,
                          "Peak Memory Usage": 41280,
                          "Plans": [
                            {
                              "Node Type": "Seq Scan",
                              "Parent Relationship": "Outer",
                              "Parallel Aware": true,
                              "Relation Name": "title",
                              "Alias": "t",
                              "Startup Cost": 0.0,
                              "Total Cost": 45479.59,
                              "Plan Rows": 194589,
                              "Plan Width": 4,
                              "Actual Startup Time": 0.028,
                              "Actual Total Time": 105.462,
                              "Actual Rows": 211108,
                              "Actual Loops": 4,
                              "Filter": "((kind_id > 4) AND (production_year > 2002))",
                              "Rows Removed by Filter": 420970
                            }
                          ]
                        }
                      ]
                    },
                    {
                      "Node Type": "Index Only Scan",
                      "Parent Relationship": "Inner",
                      "Parallel Aware": false,
                      "Scan Direction": "Forward",
                      "Index Name": "movie_id_movie_info_idx",
                      "Relation Name": "movie_info_idx",
                      "Alias": "mi_idx",
                      "Startup Cost": 0.43,
                      "Total Cost": 0.55,
                      "Plan Rows": 3,
                      "Plan Width": 4,
                      "Actual Startup Time": 0.002,
                      "Actual Total Time": 0.003,
                      "Actual Rows": 2,
                      "Actual Loops": 36210,
                      "Index Cond": "(movie_id = t.id)",
                      "Rows Removed by Index Recheck": 0,
                      "Heap Fetches": 65007
                    }
                  ]
                }
              ]
            }
          ]
        }
      ]
    },
    "Planning Time": 0.767,
    "Triggers": [],
    "Execution Time": 309.416
  }
]