[
  {
    "Plan": {
      "Node Type": "Aggregate",
      "Strategy": "Plain",
      "Partial Mode": "Finalize",
      "Parallel Aware": false,
      "Startup Cost": 78527.52,
      "Total Cost": 78527.53,
      "Plan Rows": 1,
      "Plan Width": 8,
      "Actual Startup Time": 234.704,
      "Actual Total Time": 252.367,
      "Actual Rows": 1,
      "Actual Loops": 1,
      "Plans": [
        {
          "Node Type": "Gather",
          "Parent Relationship": "Outer",
          "Parallel Aware": false,
          "Startup Cost": 78527.1,
          "Total Cost": 78527.51,
          "Plan Rows": 4,
          "Plan Width": 8,
          "Actual Startup Time": 233.591,
          "Actual Total Time": 252.36,
          "Actual Rows": 5,
          "Actual Loops": 1,
          "Workers Planned": 4,
          "Workers Launched": 4,
          "Single Copy": false,
          "Plans": [
            {
              "Node Type": "Aggregate",
              "Strategy": "Plain",
              "Partial Mode": "Partial",
              "Parent Relationship": "Outer",
              "Parallel Aware": false,
              "Startup Cost": 77527.1,
              "Total Cost": 77527.11,
              "Plan Rows": 1,
              "Plan Width": 8,
              "Actual Startup Time": 223.19,
              "Actual Total Time": 223.194,
              "Actual Rows": 1,
              "Actual Loops": 5,
              "Plans": [
                {
                  "Node Type": "Nested Loop",
                  "Parent Relationship": "Outer",
                  "Parallel Aware": false,
                  "Join Type": "Inner",
                  "Startup Cost": 25668.01,
                  "Total Cost": 77514.54,
                  "Plan Rows": 5024,
                  "Plan Width": 0,
                  "Actual Startup Time": 84.866,
                  "Actual Total Time": 222.33,
                  "Actual Rows": 13001,
                  "Actual Loops": 5,
                  "Inner Unique": false,
                  "Plans": [
                    {
                      "Node Type": "Hash Join",
                      "Parent Relationship": "Outer",
                      "Parallel Aware": true,
                      "Join Type": "Inner",
                      "Startup Cost": 25667.58,
                      "Total Cost": 72151.61,
                      "Plan Rows": 9204,
                      "Plan Width": 8,
                      "Actual Startup Time": 84.639,
                      "Actual Total Time": 198.149,
                      "Actual Rows": 7242,
                      "Actual Loops": 5,
                      "Inner Unique": false,
                      "Hash Cond": "(t.id = mc.movie_id)",
                      "Plans": [
                        {
                          "Node Type": "Seq Scan",
                          "Parent Relationship": "Outer",
                          "Parallel Aware": true,
                          "Relation Name": "title",
                          "Alias": "t",
                          "Startup Cost": 0.0,
                          "Total Cost": 45479.1,
                          "Plan Rows": 195048,
                          "Plan Width": 4,
                          "Actual Startup Time": 0.014,
                          "Actual Total Time": 79.777,
                          "Actual Rows": 168886,
                          "Actual Loops": 5,
                          "Filter": "((kind_id > 4) AND (production_year > 2002))",
                          "Rows Removed by Filter": 336776
                        },
                        {
                          "Node Type": "Hash",
                          "Parent Relationship": "Inner",
                          "Parallel Aware": true,
                          "Startup Cost": 25186.53,
                          "Total Cost": 25186.53,
                          "Plan Rows": 38484,
                          "Plan Width": 4,
                          "Actual Startup Time": 83.105,
                          "Actual Total Time": 83.107,
                          "Actual Rows": 36993,
                          "Actual Loops": 5,
                          "Hash Buckets": 262144,
                          "Original Hash Buckets": 131072,
                          "Hash Batches": 1,
                          "Original Hash Batches": 1,
                          "Peak Memory Usage": 10432,
                          "Plans": [
                            {
                              "Node Type": "Bitmap Heap Scan",
                              "Parent Relationship": "Outer",
                              "Parallel Aware": true,
                              "Relation Name": "movie_companies",
                              "Alias": "mc",
                              "Startup Cost": 5223.87,
                              "Total Cost": 25186.53,
                              "Plan Rows": 38484,
                              "Plan Width": 4,
                              "Actual Startup Time": 22.192,
                              "Actual Total Time": 63.58,
                              "Actual Rows": 36993,
                              "Actual Loops": 5,
                              "Recheck Cond": "(company_id < 100)",
                              "Rows Removed by Index Recheck": 0,
                              "Filter": "(company_type_id = 1)",
                              "Rows Removed by Filter": 11032,
                              "Exact Heap Blocks": 7830,
                              "Lossy Heap Blocks": 0,
                              "Plans": [
                                {
                                  "Node Type": "Bitmap Index Scan",
                                  "Parent Relationship": "Outer",
                                  "Parallel Aware": false,
                                  "Index Name": "company_id_movie_companies",
                                  "Startup Cost": 0.0,
                                  "Total Cost": 5194.05,
                                  "Plan Rows": 242349,
                                  "Plan Width": 0,
                                  "Actual Startup Time": 23.294,
                                  "Actual Total Time": 23.295,
                                  "Actual Rows": 240126,
                                  "Actual Loops": 1,
                                  "Index Cond": "(company_id < 100)"
                                }
                              ]
                            }
                          ]
                        }
                      ]
                    },
                    {
                      "Node Type": "Index Only Scan",
                      "Parent Relationship": "Inner",
                      "Parallel Aware": false,
                      "Scan Direction": "Forward",
                      "Index Name": "movie_id_movie_info_idx",
                      "Relation Name": "movie_info_idx",
                      "Alias": "mi_idx",
                      "Startup Cost": 0.43,
                      "Total Cost": 0.55,
                      "Plan Rows": 3,
                      "Plan Width": 4,
                      "Actual Startup Time": 0.003,
                      "Actual Total Time": 0.003,
                      "Actual Rows": 2,
                      "Actual Loops": 36210,
                      "Index Cond": "(movie_id = t.id)",
                      "Rows Removed by Index Recheck": 0,
                      "Heap Fetches": 65007
                    }
                  ]
                }
              ]
            }
          ]
        }
      ]
    },
    "Planning Time": 1.473,
    "Triggers": [],
    "Execution Time": 252.473
  }
]