[
  {
    "Plan": {
      "Node Type": "Aggregate",
      "Strategy": "Plain",
      "Partial Mode": "Finalize",
      "Parallel Aware": false,
      "Startup Cost": 386458.19,
      "Total Cost": 386458.2,
      "Plan Rows": 1,
      "Plan Width": 8,
      "Actual Startup Time": 1385.694,
      "Actual Total Time": 1433.877,
      "Actual Rows": 1,
      "Actual Loops": 1,
      "Plans": [
        {
          "Node Type": "Gather",
          "Parent Relationship": "Outer",
          "Parallel Aware": false,
          "Startup Cost": 386457.57,
          "Total Cost": 386458.18,
          "Plan Rows": 6,
          "Plan Width": 8,
          "Actual Startup Time": 1383.672,
          "Actual Total Time": 1433.863,
          "Actual Rows": 7,
          "Actual Loops": 1,
          "Workers Planned": 6,
          "Workers Launched": 6,
          "Single Copy": false,
          "Plans": [
            {
              "Node Type": "Aggregate",
              "Strategy": "Plain",
              "Partial Mode": "Partial",
              "Parent Relationship": "Outer",
              "Parallel Aware": false,
              "Startup Cost": 385457.57,
              "Total Cost": 385457.58,
              "Plan Rows": 1,
              "Plan Width": 8,
              "Actual Startup Time": 1374.081,
              "Actual Total Time": 1374.084,
              "Actual Rows": 1,
              "Actual Loops": 7,
              "Plans": [
                {
                  "Node Type": "Hash Join",
                  "Parent Relationship": "Outer",
                  "Parallel Aware": true,
                  "Join Type": "Inner",
                  "Startup Cost": 46385.05,
                  "Total Cost": 384388.83,
                  "Plan Rows": 427495,
                  "Plan Width": 0,
                  "Actual Startup Time": 252.12,
                  "Actual Total Time": 1350.795,
                  "Actual Rows": 367922,
                  "Actual Loops": 7,
                  "Inner Unique": true,
                  "Hash Cond": "(ci.movie_id = t.id)",
                  "Plans": [
                    {
                      "Node Type": "Seq Scan",
                      "Parent Relationship": "Outer",
                      "Parallel Aware": true,
                      "Relation Name": "cast_info",
                      "Alias": "ci",
                      "Startup Cost": 0.0,
                      "Total Cost": 328211.39,
                      "Plan Rows": 3730429,
                      "Plan Width": 4,
                      "Actual Startup Time": 157.557,
                      "Actual Total Time": 701.241,
                      "Actual Rows": 3175352,
                      "Actual Loops": 7,
                      "Filter": "(person_id > 1381011)",
                      "Rows Removed by Filter": 2002411
                    },
                    {
                      "Node Type": "Hash",
                      "Parent Relationship": "Inner",
                      "Parallel Aware": true,
                      "Startup Cost": 45479.59,
                      "Total Cost": 45479.59,
                      "Plan Rows": 72437,
                      "Plan Width": 4,
                      "Actual Startup Time": 92.896,
                      "Actual Total Time": 92.897,
                      "Actual Rows": 33106,
                      "Actual Loops": 7,
                      "Hash Buckets": 524288,
                      "Original Hash Buckets": 524288,
                      "Hash Batches": 1,
                      "Original Hash Batches": 1,
                      "Peak Memory Usage": 13248,
                      "Plans": [
                        {
                          "Node Type": "Seq Scan",
                          "Parent Relationship": "Outer",
                          "Parallel Aware": true,
                          "Relation Name": "title",
                          "Alias": "t",
                          "Startup Cost": 0.0,
                          "Total Cost": 45479.59,
                          "Plan Rows": 72437,
                          "Plan Width": 4,
                          "Actual Startup Time": 39.033,
                          "Actual Total Time": 77.275,
                          "Actual Rows": 33106,
                          "Actual Loops": 7,
                          "Filter": "((production_year > 2004) AND (kind_id = 1))",
                          "Rows Removed by Filter": 328082
                        }
                      ]
                    }
                  ]
                }
              ]
            }
          ]
        }
      ]
    },
    "Planning Time": 0.689,
    "Triggers": [],
    "Execution Time": 1433.965
  }
]