{
  "Plan": {
    "Node Type": "Aggregate",
    "Strategy": "Plain",
    "Partial Mode": "Finalize",
    "Parallel Aware": false,
    "Startup Cost": 123360.6,
    "Total Cost": 123360.61,
    "Plan Rows": 1,
    "Plan Width": 8,
    "Actual Startup Time": 413.324,
    "Actual Total Time": 427.86,
    "Actual Rows": 1,
    "Actual Loops": 1,
    "Plans": [
      {
        "Node Type": "Gather",
        "Parent Relationship": "Outer",
        "Parallel Aware": false,
        "Startup Cost": 123360.49,
        "Total Cost": 123360.6,
        "Plan Rows": 1,
        "Plan Width": 8,
        "Actual Startup Time": 412.868,
        "Actual Total Time": 427.852,
        "Actual Rows": 2,
        "Actual Loops": 1,
        "Workers Planned": 1,
        "Workers Launched": 1,
        "Single Copy": false,
        "Plans": [
          {
            "Node Type": "Aggregate",
            "Strategy": "Plain",
            "Partial Mode": "Partial",
            "Parent Relationship": "Outer",
            "Parallel Aware": false,
            "Startup Cost": 122360.49,
            "Total Cost": 122360.5,
            "Plan Rows": 1,
            "Plan Width": 8,
            "Actual Startup Time": 406.696,
            "Actual Total Time": 406.702,
            "Actual Rows": 1,
            "Actual Loops": 2,
            "Plans": [
              {
                "Node Type": "Hash Join",
                "Parent Relationship": "Outer",
                "Parallel Aware": true,
                "Join Type": "Inner",
                "Startup Cost": 82357.36,
                "Total Cost": 122327.72,
                "Plan Rows": 13108,
                "Plan Width": 0,
                "Actual Startup Time": 222.334,
                "Actual Total Time": 404.87,
                "Actual Rows": 45369,
                "Actual Loops": 2,
                "Inner Unique": false,
                "Hash Cond": "(mc.movie_id = t.id)",
                "Plans": [
                  {
                    "Node Type": "Seq Scan",
                    "Parent Relationship": "Outer",
                    "Parallel Aware": true,
                    "Relation Name": "movie_companies",
                    "Alias": "mc",
                    "Startup Cost": 0.0,
                    "Total Cost": 34137.82,
                    "Plan Rows": 1534782,
                    "Plan Width": 4,
                    "Actual Startup Time": 0.013,
                    "Actual Total Time": 91.088,
                    "Actual Rows": 1304564,
                    "Actual Loops": 2
                  },
                  {
                    "Node Type": "Hash",
                    "Parent Relationship": "Inner",
                    "Parallel Aware": true,
                    "Startup Cost": 82198.59,
                    "Total Cost": 82198.59,
                    "Plan Rows": 12702,
                    "Plan Width": 8,
                    "Actual Startup Time": 215.468,
                    "Actual Total Time": 215.472,
                    "Actual Rows": 7448,
                    "Actual Loops": 2,
                    "Hash Buckets": 32768,
                    "Original Hash Buckets": 32768,
                    "Hash Batches": 1,
                    "Original Hash Batches": 1,
                    "Peak Memory Usage": 896,
                    "Plans": [
                      {
                        "Node Type": "Hash Join",
                        "Parent Relationship": "Outer",
                        "Parallel Aware": true,
                        "Join Type": "Inner",
                        "Startup Cost": 52231.36,
                        "Total Cost": 82198.59,
                        "Plan Rows": 12702,
                        "Plan Width": 8,
                        "Actual Startup Time": 111.283,
                        "Actual Total Time": 213.774,
                        "Actual Rows": 7448,
                        "Actual Loops": 2,
                        "Inner Unique": true,
                        "Hash Cond": "(mk.movie_id = t.id)",
                        "Plans": [
                          {
                            "Node Type": "Bitmap Heap Scan",
                            "Parent Relationship": "Outer",
                            "Parallel Aware": true,
                            "Relation Name": "movie_keyword",
                            "Alias": "mk",
                            "Startup Cost": 13146.86,
                            "Total Cost": 42157.24,
                            "Plan Rows": 364511,
                            "Plan Width": 4,
                            "Actual Startup Time": 34.903,
                            "Actual Total Time": 104.316,
                            "Actual Rows": 305118,
                            "Actual Loops": 2,
                            "Recheck Cond": "(keyword_id > 30252)",
                            "Rows Removed by Index Recheck": 0,
                            "Exact Heap Blocks": 14130,
                            "Lossy Heap Blocks": 0,
                            "Plans": [
                              {
                                "Node Type": "Bitmap Index Scan",
                                "Parent Relationship": "Outer",
                                "Parallel Aware": false,
                                "Index Name": "keyword_id_movie_keyword",
                                "Startup Cost": 0.0,
                                "Total Cost": 12991.94,
                                "Plan Rows": 619668,
                                "Plan Width": 0,
                                "Actual Startup Time": 31.402,
                                "Actual Total Time": 31.403,
                                "Actual Rows": 610237,
                                "Actual Loops": 1,
                                "Index Cond": "(keyword_id > 30252)"
                              }
                            ]
                          },
                          {
                            "Node Type": "Hash",
                            "Parent Relationship": "Inner",
                            "Parallel Aware": true,
                            "Startup Cost": 38436.69,
                            "Total Cost": 38436.69,
                            "Plan Rows": 51825,
                            "Plan Width": 4,
                            "Actual Startup Time": 75.169,
                            "Actual Total Time": 75.17,
                            "Actual Rows": 45328,
                            "Actual Loops": 2,
                            "Hash Buckets": 131072,
                            "Original Hash Buckets": 131072,
                            "Hash Batches": 1,
                            "Original Hash Batches": 1,
                            "Peak Memory Usage": 4608,
                            "Plans": [
                              {
                                "Node Type": "Bitmap Heap Scan",
                                "Parent Relationship": "Outer",
                                "Parallel Aware": true,
                                "Relation Name": "title",
                                "Alias": "t",
                                "Startup Cost": 1638.56,
                                "Total Cost": 38436.69,
                                "Plan Rows": 51825,
                                "Plan Width": 4,
                                "Actual Startup Time": 21.559,
                                "Actual Total Time": 65.702,
                                "Actual Rows": 45328,
                                "Actual Loops": 2,
                                "Recheck Cond": "(kind_id = 2)",
                                "Rows Removed by Index Recheck": 0,
                                "Filter": "(production_year > 1897)",
                                "Rows Removed by Filter": 98,
                                "Exact Heap Blocks": 19464,
                                "Lossy Heap Blocks": 0,
                                "Plans": [
                                  {
                                    "Node Type": "Bitmap Index Scan",
                                    "Parent Relationship": "Outer",
                                    "Parallel Aware": false,
                                    "Index Name": "kind_id_title",
                                    "Startup Cost": 0.0,
                                    "Total Cost": 1616.54,
                                    "Plan Rows": 90681,
                                    "Plan Width": 0,
                                    "Actual Startup Time": 18.338,
                                    "Actual Total Time": 18.339,
                                    "Actual Rows": 90852,
                                    "Actual Loops": 1,
                                    "Index Cond": "(kind_id = 2)"
                                  }
                                ]
                              }
                            ]
                          }
                        ]
                      }
                    ]
                  }
                ]
              }
            ]
          }
        ]
      }
    ]
  },
  "Planning Time": 1.09,
  "Triggers": [],
  "Execution Time": 427.973
}