[
    {
        "Bao": {
            "Bao prediction": "NaN",
            "Bao recommended hint": "(no hint)"
        }
    },
    {
        "Plan": {
            "Node Type": "Aggregate",
            "Strategy": "Plain",
            "Partial Mode": "Finalize",
            "Parallel Aware": false,
            "Startup Cost": 460287.25,
            "Total Cost": 460287.26,
            "Plan Rows": 1,
            "Plan Width": 8,
            "Actual Startup Time": 2936.452,
            "Actual Total Time": 2972.253,
            "Actual Rows": 1,
            "Actual Loops": 1,
            "Output": [
                "count(*)"
            ],
            "Plans": [
                {
                    "Node Type": "Gather",
                    "Parent Relationship": "Outer",
                    "Parallel Aware": false,
                    "Startup Cost": 460286.63,
                    "Total Cost": 460287.24,
                    "Plan Rows": 6,
                    "Plan Width": 8,
                    "Actual Startup Time": 2922.454,
                    "Actual Total Time": 2972.241,
                    "Actual Rows": 7,
                    "Actual Loops": 1,
                    "Output": [
                        "(PARTIAL count(*))"
                    ],
                    "Workers Planned": 6,
                    "Workers Launched": 6,
                    "Single Copy": false,
                    "Plans": [
                        {
                            "Node Type": "Aggregate",
                            "Strategy": "Plain",
                            "Partial Mode": "Partial",
                            "Parent Relationship": "Outer",
                            "Parallel Aware": false,
                            "Startup Cost": 459286.63,
                            "Total Cost": 459286.64,
                            "Plan Rows": 1,
                            "Plan Width": 8,
                            "Actual Startup Time": 2912.137,
                            "Actual Total Time": 2912.44,
                            "Actual Rows": 1,
                            "Actual Loops": 7,
                            "Output": [
                                "PARTIAL count(*)"
                            ],
                            "Workers": [
                                {
                                    "Worker Number": 0,
                                    "Actual Startup Time": 2909.623,
                                    "Actual Total Time": 2909.628,
                                    "Actual Rows": 1,
                                    "Actual Loops": 1
                                },
                                {
                                    "Worker Number": 1,
                                    "Actual Startup Time": 2909.536,
                                    "Actual Total Time": 2909.543,
                                    "Actual Rows": 1,
                                    "Actual Loops": 1
                                },
                                {
                                    "Worker Number": 2,
                                    "Actual Startup Time": 2909.686,
                                    "Actual Total Time": 2909.691,
                                    "Actual Rows": 1,
                                    "Actual Loops": 1
                                },
                                {
                                    "Worker Number": 3,
                                    "Actual Startup Time": 2910.729,
                                    "Actual Total Time": 2910.735,
                                    "Actual Rows": 1,
                                    "Actual Loops": 1
                                },
                                {
                                    "Worker Number": 4,
                                    "Actual Startup Time": 2912.491,
                                    "Actual Total Time": 2912.497,
                                    "Actual Rows": 1,
                                    "Actual Loops": 1
                                },
                                {
                                    "Worker Number": 5,
                                    "Actual Startup Time": 2910.805,
                                    "Actual Total Time": 2910.82,
                                    "Actual Rows": 1,
                                    "Actual Loops": 1
                                }
                            ],
                            "Plans": [
                                {
                                    "Node Type": "Hash Join",
                                    "Parent Relationship": "Outer",
                                    "Parallel Aware": true,
                                    "Join Type": "Inner",
                                    "Startup Cost": 99280.51,
                                    "Total Cost": 453169.62,
                                    "Plan Rows": 2446804,
                                    "Plan Width": 0,
                                    "Actual Startup Time": 526.479,
                                    "Actual Total Time": 2597.85,
                                    "Actual Rows": 6528477,
                                    "Actual Loops": 7,
                                    "Inner Unique": false,
                                    "Hash Cond": "(ci.movie_id = t.id)",
                                    "Workers": [
                                        {
                                            "Worker Number": 0,
                                            "Actual Startup Time": 524.155,
                                            "Actual Total Time": 2616.889,
                                            "Actual Rows": 7161294,
                                            "Actual Loops": 1
                                        },
                                        {
                                            "Worker Number": 1,
                                            "Actual Startup Time": 524.168,
                                            "Actual Total Time": 2593.304,
                                            "Actual Rows": 5995743,
                                            "Actual Loops": 1
                                        },
                                        {
                                            "Worker Number": 2,
                                            "Actual Startup Time": 524.32,
                                            "Actual Total Time": 2586.263,
                                            "Actual Rows": 6337779,
                                            "Actual Loops": 1
                                        },
                                        {
                                            "Worker Number": 3,
                                            "Actual Startup Time": 525.31,
                                            "Actual Total Time": 2609.972,
                                            "Actual Rows": 7707426,
                                            "Actual Loops": 1
                                        },
                                        {
                                            "Worker Number": 4,
                                            "Actual Startup Time": 525.309,
                                            "Actual Total Time": 2578.918,
                                            "Actual Rows": 5264264,
                                            "Actual Loops": 1
                                        },
                                        {
                                            "Worker Number": 5,
                                            "Actual Startup Time": 525.37,
                                            "Actual Total Time": 2583.546,
                                            "Actual Rows": 5066637,
                                            "Actual Loops": 1
                                        }
                                    ],
                                    "Plans": [
                                        {
                                            "Node Type": "Seq Scan",
                                            "Parent Relationship": "Outer",
                                            "Parallel Aware": true,
                                            "Relation Name": "cast_info",
                                            "Schema": "public",
                                            "Alias": "ci",
                                            "Startup Cost": 0.0,
                                            "Total Cost": 328213.62,
                                            "Plan Rows": 4742018,
                                            "Plan Width": 4,
                                            "Actual Startup Time": 79.336,
                                            "Actual Total Time": 643.715,
                                            "Actual Rows": 4036285,
                                            "Actual Loops": 7,
                                            "Output": [
                                                "ci.id",
                                                "ci.person_id",
                                                "ci.movie_id",
                                                "ci.person_role_id",
                                                "ci.note",
                                                "ci.nr_order",
                                                "ci.role_id"
                                            ],
                                            "Filter": "(ci.person_id > 781248)",
                                            "Rows Removed by Filter": 1141479,
                                            "Workers": [
                                                {
                                                    "Worker Number": 0,
                                                    "Actual Startup Time": 79.337,
                                                    "Actual Total Time": 617.014,
                                                    "Actual Rows": 4469255,
                                                    "Actual Loops": 1
                                                },
                                                {
                                                    "Worker Number": 1,
                                                    "Actual Startup Time": 79.358,
                                                    "Actual Total Time": 649.321,
                                                    "Actual Rows": 3540197,
                                                    "Actual Loops": 1
                                                },
                                                {
                                                    "Worker Number": 2,
                                                    "Actual Startup Time": 79.352,
                                                    "Actual Total Time": 675.846,
                                                    "Actual Rows": 3834422,
                                                    "Actual Loops": 1
                                                },
                                                {
                                                    "Worker Number": 3,
                                                    "Actual Startup Time": 79.334,
                                                    "Actual Total Time": 647.737,
                                                    "Actual Rows": 4816488,
                                                    "Actual Loops": 1
                                                },
                                                {
                                                    "Worker Number": 4,
                                                    "Actual Startup Time": 79.271,
                                                    "Actual Total Time": 678.813,
                                                    "Actual Rows": 3281854,
                                                    "Actual Loops": 1
                                                },
                                                {
                                                    "Worker Number": 5,
                                                    "Actual Startup Time": 79.357,
                                                    "Actual Total Time": 662.539,
                                                    "Actual Rows": 3162735,
                                                    "Actual Loops": 1
                                                }
                                            ]
                                        },
                                        {
                                            "Node Type": "Hash",
                                            "Parent Relationship": "Inner",
                                            "Parallel Aware": true,
                                            "Startup Cost": 94020.14,
                                            "Total Cost": 94020.14,
                                            "Plan Rows": 420830,
                                            "Plan Width": 8,
                                            "Actual Startup Time": 443.945,
                                            "Actual Total Time": 444.247,
                                            "Actual Rows": 182468,
                                            "Actual Loops": 7,
                                            "Output": [
                                                "t.id",
                                                "mk.movie_id"
                                            ],
                                            "Hash Buckets": 2097152,
                                            "Original Hash Buckets": 2097152,
                                            "Hash Batches": 1,
                                            "Original Hash Batches": 1,
                                            "Peak Memory Usage": 66464,
                                            "Workers": [
                                                {
                                                    "Worker Number": 0,
                                                    "Actual Startup Time": 443.994,
                                                    "Actual Total Time": 443.999,
                                                    "Actual Rows": 196624,
                                                    "Actual Loops": 1
                                                },
                                                {
                                                    "Worker Number": 1,
                                                    "Actual Startup Time": 443.927,
                                                    "Actual Total Time": 443.933,
                                                    "Actual Rows": 197919,
                                                    "Actual Loops": 1
                                                },
                                                {
                                                    "Worker Number": 2,
                                                    "Actual Startup Time": 444.175,
                                                    "Actual Total Time": 444.179,
                                                    "Actual Rows": 144041,
                                                    "Actual Loops": 1
                                                },
                                                {
                                                    "Worker Number": 3,
                                                    "Actual Startup Time": 445.247,
                                                    "Actual Total Time": 445.252,
                                                    "Actual Rows": 214811,
                                                    "Actual Loops": 1
                                                },
                                                {
                                                    "Worker Number": 4,
                                                    "Actual Startup Time": 445.134,
                                                    "Actual Total Time": 445.139,
                                                    "Actual Rows": 143804,
                                                    "Actual Loops": 1
                                                },
                                                {
                                                    "Worker Number": 5,
                                                    "Actual Startup Time": 445.242,
                                                    "Actual Total Time": 445.255,
                                                    "Actual Rows": 140246,
                                                    "Actual Loops": 1
                                                }
                                            ],
                                            "Plans": [
                                                {
                                                    "Node Type": "Hash Join",
                                                    "Parent Relationship": "Outer",
                                                    "Parallel Aware": true,
                                                    "Join Type": "Inner",
                                                    "Startup Cost": 50219.81,
                                                    "Total Cost": 94020.14,
                                                    "Plan Rows": 420830,
                                                    "Plan Width": 8,
                                                    "Actual Startup Time": 259.354,
                                                    "Actual Total Time": 380.886,
                                                    "Actual Rows": 182468,
                                                    "Actual Loops": 7,
                                                    "Output": [
                                                        "t.id",
                                                        "mk.movie_id"
                                                    ],
                                                    "Inner Unique": true,
                                                    "Hash Cond": "(mk.movie_id = t.id)",
                                                    "Workers": [
                                                        {
                                                            "Worker Number": 0,
                                                            "Actual Startup Time": 259.29,
                                                            "Actual Total Time": 380.269,
                                                            "Actual Rows": 196624,
                                                            "Actual Loops": 1
                                                        },
                                                        {
                                                            "Worker Number": 1,
                                                            "Actual Startup Time": 259.328,
                                                            "Actual Total Time": 380.289,
                                                            "Actual Rows": 197919,
                                                            "Actual Loops": 1
                                                        },
                                                        {
                                                            "Worker Number": 2,
                                                            "Actual Startup Time": 259.342,
                                                            "Actual Total Time": 380.98,
                                                            "Actual Rows": 144041,
                                                            "Actual Loops": 1
                                                        },
                                                        {
                                                            "Worker Number": 3,
                                                            "Actual Startup Time": 259.37,
                                                            "Actual Total Time": 379.889,
                                                            "Actual Rows": 214811,
                                                            "Actual Loops": 1
                                                        },
                                                        {
                                                            "Worker Number": 4,
                                                            "Actual Startup Time": 259.36,
                                                            "Actual Total Time": 383.093,
                                                            "Actual Rows": 143804,
                                                            "Actual Loops": 1
                                                        },
                                                        {
                                                            "Worker Number": 5,
                                                            "Actual Startup Time": 259.357,
                                                            "Actual Total Time": 381.318,
                                                            "Actual Rows": 140246,
                                                            "Actual Loops": 1
                                                        }
                                                    ],
                                                    "Plans": [
                                                        {
                                                            "Node Type": "Seq Scan",
                                                            "Parent Relationship": "Outer",
                                                            "Parallel Aware": true,
                                                            "Relation Name": "movie_keyword",
                                                            "Schema": "public",
                                                            "Alias": "mk",
                                                            "Startup Cost": 0.0,
                                                            "Total Cost": 42695.65,
                                                            "Plan Rows": 420830,
                                                            "Plan Width": 4,
                                                            "Actual Startup Time": 0.662,
                                                            "Actual Total Time": 69.735,
                                                            "Actual Rows": 182468,
                                                            "Actual Loops": 7,
                                                            "Output": [
                                                                "mk.id",
                                                                "mk.movie_id",
                                                                "mk.keyword_id"
                                                            ],
                                                            "Filter": "(mk.keyword_id > 13886)",
                                                            "Rows Removed by Filter": 463808,
                                                            "Workers": [
                                                                {
                                                                    "Worker Number": 0,
                                                                    "Actual Startup Time": 0.614,
                                                                    "Actual Total Time": 69.256,
                                                                    "Actual Rows": 196624,
                                                                    "Actual Loops": 1
                                                                },
                                                                {
                                                                    "Worker Number": 1,
                                                                    "Actual Startup Time": 0.626,
                                                                    "Actual Total Time": 69.41,
                                                                    "Actual Rows": 197919,
                                                                    "Actual Loops": 1
                                                                },
                                                                {
                                                                    "Worker Number": 2,
                                                                    "Actual Startup Time": 0.63,
                                                                    "Actual Total Time": 72.223,
                                                                    "Actual Rows": 144041,
                                                                    "Actual Loops": 1
                                                                },
                                                                {
                                                                    "Worker Number": 3,
                                                                    "Actual Startup Time": 0.652,
                                                                    "Actual Total Time": 69.977,
                                                                    "Actual Rows": 214811,
                                                                    "Actual Loops": 1
                                                                },
                                                                {
                                                                    "Worker Number": 4,
                                                                    "Actual Startup Time": 0.746,
                                                                    "Actual Total Time": 72.314,
                                                                    "Actual Rows": 143804,
                                                                    "Actual Loops": 1
                                                                },
                                                                {
                                                                    "Worker Number": 5,
                                                                    "Actual Startup Time": 0.648,
                                                                    "Actual Total Time": 71.415,
                                                                    "Actual Rows": 140246,
                                                                    "Actual Loops": 1
                                                                }
                                                            ]
                                                        },
                                                        {
                                                            "Node Type": "Hash",
                                                            "Parent Relationship": "Inner",
                                                            "Parallel Aware": true,
                                                            "Startup Cost": 42318.81,
                                                            "Total Cost": 42318.81,
                                                            "Plan Rows": 632080,
                                                            "Plan Width": 4,
                                                            "Actual Startup Time": 254.939,
                                                            "Actual Total Time": 254.941,
                                                            "Actual Rows": 361187,
                                                            "Actual Loops": 7,
                                                            "Output": [
                                                                "t.id"
                                                            ],
                                                            "Hash Buckets": 4194304,
                                                            "Original Hash Buckets": 4194304,
                                                            "Hash Batches": 1,
                                                            "Original Hash Batches": 1,
                                                            "Peak Memory Usage": 131744,
                                                            "Workers": [
                                                                {
                                                                    "Worker Number": 0,
                                                                    "Actual Startup Time": 258.372,
                                                                    "Actual Total Time": 258.374,
                                                                    "Actual Rows": 356093,
                                                                    "Actual Loops": 1
                                                                },
                                                                {
                                                                    "Worker Number": 1,
                                                                    "Actual Startup Time": 258.416,
                                                                    "Actual Total Time": 258.418,
                                                                    "Actual Rows": 355602,
                                                                    "Actual Loops": 1
                                                                },
                                                                {
                                                                    "Worker Number": 2,
                                                                    "Actual Startup Time": 258.421,
                                                                    "Actual Total Time": 258.423,
                                                                    "Actual Rows": 305482,
                                                                    "Actual Loops": 1
                                                                },
                                                                {
                                                                    "Worker Number": 3,
                                                                    "Actual Startup Time": 258.431,
                                                                    "Actual Total Time": 258.433,
                                                                    "Actual Rows": 404577,
                                                                    "Actual Loops": 1
                                                                },
                                                                {
                                                                    "Worker Number": 4,
                                                                    "Actual Startup Time": 258.414,
                                                                    "Actual Total Time": 258.416,
                                                                    "Actual Rows": 299253,
                                                                    "Actual Loops": 1
                                                                },
                                                                {
                                                                    "Worker Number": 5,
                                                                    "Actual Startup Time": 258.409,
                                                                    "Actual Total Time": 258.411,
                                                                    "Actual Rows": 268299,
                                                                    "Actual Loops": 1
                                                                }
                                                            ],
                                                            "Plans": [
                                                                {
                                                                    "Node Type": "Seq Scan",
                                                                    "Parent Relationship": "Outer",
                                                                    "Parallel Aware": true,
                                                                    "Relation Name": "title",
                                                                    "Schema": "public",
                                                                    "Alias": "t",
                                                                    "Startup Cost": 0.0,
                                                                    "Total Cost": 42318.81,
                                                                    "Plan Rows": 632080,
                                                                    "Plan Width": 4,
                                                                    "Actual Startup Time": 0.045,
                                                                    "Actual Total Time": 71.77,
                                                                    "Actual Rows": 361187,
                                                                    "Actual Loops": 7,
                                                                    "Output": [
                                                                        "t.id"
                                                                    ],
                                                                    "Workers": [
                                                                        {
                                                                            "Worker Number": 0,
                                                                            "Actual Startup Time": 0.057,
                                                                            "Actual Total Time": 69.404,
                                                                            "Actual Rows": 356093,
                                                                            "Actual Loops": 1
                                                                        },
                                                                        {
                                                                            "Worker Number": 1,
                                                                            "Actual Startup Time": 0.069,
                                                                            "Actual Total Time": 69.049,
                                                                            "Actual Rows": 355602,
                                                                            "Actual Loops": 1
                                                                        },
                                                                        {
                                                                            "Worker Number": 2,
                                                                            "Actual Startup Time": 0.036,
                                                                            "Actual Total Time": 78.231,
                                                                            "Actual Rows": 305482,
                                                                            "Actual Loops": 1
                                                                        },
                                                                        {
                                                                            "Worker Number": 3,
                                                                            "Actual Startup Time": 0.049,
                                                                            "Actual Total Time": 71.998,
                                                                            "Actual Rows": 404577,
                                                                            "Actual Loops": 1
                                                                        },
                                                                        {
                                                                            "Worker Number": 4,
                                                                            "Actual Startup Time": 0.047,
                                                                            "Actual Total Time": 78.162,
                                                                            "Actual Rows": 299253,
                                                                            "Actual Loops": 1
                                                                        },
                                                                        {
                                                                            "Worker Number": 5,
                                                                            "Actual Startup Time": 0.047,
                                                                            "Actual Total Time": 77.672,
                                                                            "Actual Rows": 268299,
                                                                            "Actual Loops": 1
                                                                        }
                                                                    ]
                                                                }
                                                            ]
                                                        }
                                                    ]
                                                }
                                            ]
                                        }
                                    ]
                                }
                            ]
                        }
                    ]
                }
            ]
        },
        "Planning Time": 176.484,
        "Triggers": [],
        "Execution Time": 2972.321
    }
]