[
  {
    "Plan": {
      "Node Type": "Aggregate",
      "Strategy": "Plain",
      "Partial Mode": "Finalize",
      "Parallel Aware": false,
      "Startup Cost": 697094.8,
      "Total Cost": 697094.81,
      "Plan Rows": 1,
      "Plan Width": 8,
      "Actual Startup Time": 5360.764,
      "Actual Total Time": 5443.029,
      "Actual Rows": 1,
      "Actual Loops": 1,
      "Plans": [
        {
          "Node Type": "Gather",
          "Parent Relationship": "Outer",
          "Parallel Aware": false,
          "Startup Cost": 697094.18,
          "Total Cost": 697094.79,
          "Plan Rows": 6,
          "Plan Width": 8,
          "Actual Startup Time": 5342.745,
          "Actual Total Time": 5443.018,
          "Actual Rows": 7,
          "Actual Loops": 1,
          "Workers Planned": 6,
          "Workers Launched": 6,
          "Single Copy": false,
          "Plans": [
            {
              "Node Type": "Aggregate",
              "Strategy": "Plain",
              "Partial Mode": "Partial",
              "Parent Relationship": "Outer",
              "Parallel Aware": false,
              "Startup Cost": 696094.18,
              "Total Cost": 696094.19,
              "Plan Rows": 1,
              "Plan Width": 8,
              "Actual Startup Time": 5317.294,
              "Actual Total Time": 5317.861,
              "Actual Rows": 1,
              "Actual Loops": 7,
              "Plans": [
                {
                  "Node Type": "Hash Join",
                  "Parent Relationship": "Outer",
                  "Parallel Aware": true,
                  "Join Type": "Inner",
                  "Startup Cost": 268674.55,
                  "Total Cost": 649370.09,
                  "Plan Rows": 18689634,
                  "Plan Width": 0,
                  "Actual Startup Time": 1312.842,
                  "Actual Total Time": 4785.402,
                  "Actual Rows": 12160285,
                  "Actual Loops": 7,
                  "Inner Unique": false,
                  "Hash Cond": "(ci.movie_id = t.id)",
                  "Plans": [
                    {
                      "Node Type": "Seq Scan",
                      "Parent Relationship": "Outer",
                      "Parallel Aware": true,
                      "Relation Name": "cast_info",
                      "Alias": "ci",
                      "Startup Cost": 0.0,
                      "Total Cost": 313106.51,
                      "Plan Rows": 6041951,
                      "Plan Width": 4,
                      "Actual Startup Time": 0.024,
                      "Actual Total Time": 557.311,
                      "Actual Rows": 5177763,
                      "Actual Loops": 7
                    },
                    {
                      "Node Type": "Hash",
                      "Parent Relationship": "Inner",
                      "Parallel Aware": true,
                      "Startup Cost": 249121.55,
                      "Total Cost": 249121.55,
                      "Plan Rows": 1564240,
                      "Plan Width": 8,
                      "Actual Startup Time": 1303.654,
                      "Actual Total Time": 1304.22,
                      "Actual Rows": 503291,
                      "Actual Loops": 7,
                      "Hash Buckets": 8388608,
                      "Original Hash Buckets": 8388608,
                      "Hash Batches": 1,
                      "Original Hash Batches": 1,
                      "Peak Memory Usage": 203488,
                      "Plans": [
                        {
                          "Node Type": "Hash Join",
                          "Parent Relationship": "Outer",
                          "Parallel Aware": true,
                          "Join Type": "Inner",
                          "Startup Cost": 49642.15,
                          "Total Cost": 249121.55,
                          "Plan Rows": 1564240,
                          "Plan Width": 8,
                          "Actual Startup Time": 195.929,
                          "Actual Total Time": 1036.921,
                          "Actual Rows": 503291,
                          "Actual Loops": 7,
                          "Inner Unique": true,
                          "Hash Cond": "(mi.movie_id = t.id)",
                          "Plans": [
                            {
                              "Node Type": "Seq Scan",
                              "Parent Relationship": "Outer",
                              "Parallel Aware": true,
                              "Relation Name": "movie_info",
                              "Alias": "mi",
                              "Startup Cost": 0.0,
                              "Total Cost": 191685.19,
                              "Plan Rows": 2969219,
                              "Plan Width": 4,
                              "Actual Startup Time": 0.036,
                              "Actual Total Time": 293.944,
                              "Actual Rows": 2119389,
                              "Actual Loops": 7
                            },
                            {
                              "Node Type": "Hash",
                              "Parent Relationship": "Inner",
                              "Parallel Aware": true,
                              "Startup Cost": 45479.59,
                              "Total Cost": 45479.59,
                              "Plan Rows": 333005,
                              "Plan Width": 4,
                              "Actual Startup Time": 193.743,
                              "Actual Total Time": 193.744,
                              "Actual Rows": 200829,
                              "Actual Loops": 7,
                              "Hash Buckets": 2097152,
                              "Original Hash Buckets": 2097152,
                              "Hash Batches": 1,
                              "Original Hash Batches": 1,
                              "Peak Memory Usage": 71488,
                              "Plans": [
                                {
                                  "Node Type": "Seq Scan",
                                  "Parent Relationship": "Outer",
                                  "Parallel Aware": true,
                                  "Relation Name": "title",
                                  "Alias": "t",
                                  "Startup Cost": 0.0,
                                  "Total Cost": 45479.59,
                                  "Plan Rows": 333005,
                                  "Plan Width": 4,
                                  "Actual Startup Time": 0.086,
                                  "Actual Total Time": 87.369,
                                  "Actual Rows": 200829,
                                  "Actual Loops": 7,
                                  "Filter": "((production_year > 1963) AND (kind_id = 7))",
                                  "Rows Removed by Filter": 160359
                                }
                              ]
                            }
                          ]
                        }
                      ]
                    }
                  ]
                }
              ]
            }
          ]
        }
      ]
    },
    "Planning Time": 0.946,
    "Triggers": [],
    "Execution Time": 5443.098
  }
]