[
  {
    "Plan": {
      "Node Type": "Aggregate",
      "Strategy": "Plain",
      "Partial Mode": "Finalize",
      "Parallel Aware": false,
      "Startup Cost": 60833.38,
      "Total Cost": 60833.39,
      "Plan Rows": 1,
      "Plan Width": 8,
      "Actual Startup Time": 279.675,
      "Actual Total Time": 309.514,
      "Actual Rows": 1,
      "Actual Loops": 1,
      "Plans": [
        {
          "Node Type": "Gather",
          "Parent Relationship": "Outer",
          "Parallel Aware": false,
          "Startup Cost": 60833.17,
          "Total Cost": 60833.38,
          "Plan Rows": 2,
          "Plan Width": 8,
          "Actual Startup Time": 278.524,
          "Actual Total Time": 309.498,
          "Actual Rows": 3,
          "Actual Loops": 1,
          "Workers Planned": 2,
          "Workers Launched": 2,
          "Single Copy": false,
          "Plans": [
            {
              "Node Type": "Aggregate",
              "Strategy": "Plain",
              "Partial Mode": "Partial",
              "Parent Relationship": "Outer",
              "Parallel Aware": false,
              "Startup Cost": 59833.17,
              "Total Cost": 59833.18,
              "Plan Rows": 1,
              "Plan Width": 8,
              "Actual Startup Time": 274.364,
              "Actual Total Time": 274.37,
              "Actual Rows": 1,
              "Actual Loops": 3,
              "Plans": [
                {
                  "Node Type": "Hash Join",
                  "Parent Relationship": "Outer",
                  "Parallel Aware": true,
                  "Join Type": "Inner",
                  "Startup Cost": 44194.65,
                  "Total Cost": 59815.44,
                  "Plan Rows": 7092,
                  "Plan Width": 0,
                  "Actual Startup Time": 208.262,
                  "Actual Total Time": 274.131,
                  "Actual Rows": 2120,
                  "Actual Loops": 3,
                  "Inner Unique": true,
                  "Hash Cond": "(mi_idx.movie_id = t.id)",
                  "Plans": [
                    {
                      "Node Type": "Seq Scan",
                      "Parent Relationship": "Outer",
                      "Parallel Aware": true,
                      "Relation Name": "movie_info_idx",
                      "Alias": "mi_idx",
                      "Startup Cost": 0.0,
                      "Total Cost": 15122.68,
                      "Plan Rows": 189755,
                      "Plan Width": 4,
                      "Actual Startup Time": 0.02,
                      "Actual Total Time": 68.01,
                      "Actual Rows": 153308,
                      "Actual Loops": 3,
                      "Filter": "(info_type_id < 100)",
                      "Rows Removed by Filter": 306703
                    },
                    {
                      "Node Type": "Hash",
                      "Parent Relationship": "Inner",
                      "Parallel Aware": true,
                      "Startup Cost": 43899.32,
                      "Total Cost": 43899.32,
                      "Plan Rows": 23626,
                      "Plan Width": 4,
                      "Actual Startup Time": 161.744,
                      "Actual Total Time": 161.746,
                      "Actual Rows": 32860,
                      "Actual Loops": 3,
                      "Hash Buckets": 131072,
                      "Original Hash Buckets": 131072,
                      "Hash Batches": 1,
                      "Original Hash Batches": 1,
                      "Peak Memory Usage": 4928,
                      "Plans": [
                        {
                          "Node Type": "Seq Scan",
                          "Parent Relationship": "Outer",
                          "Parallel Aware": true,
                          "Relation Name": "title",
                          "Alias": "t",
                          "Startup Cost": 0.0,
                          "Total Cost": 43899.32,
                          "Plan Rows": 23626,
                          "Plan Width": 4,
                          "Actual Startup Time": 61.785,
                          "Actual Total Time": 146.845,
                          "Actual Rows": 32860,
                          "Actual Loops": 3,
                          "Filter": "(production_year < 1924)",
                          "Rows Removed by Filter": 809911
                        }
                      ]
                    }
                  ]
                }
              ]
            }
          ]
        }
      ]
    },
    "Planning Time": 0.531,
    "Triggers": [],
    "Execution Time": 309.586
  }
]