{
    "Plan": {
        "Node Type": "Aggregate",
        "Strategy": "Plain",
        "Partial Mode": "Simple",
        "Parallel Aware": false,
        "Startup Cost": 70003299856.18,
        "Total Cost": 70003299856.19,
        "Plan Rows": 1,
        "Plan Width": 8,
        "Actual Startup Time": 10993.46,
        "Actual Total Time": 10993.501,
        "Actual Rows": 1,
        "Actual Loops": 1,
        "Output": [
            "count(*)"
        ],
        "Plans": [
            {
                "Node Type": "Hash Join",
                "Parent Relationship": "Outer",
                "Parallel Aware": false,
                "Join Type": "Inner",
                "Startup Cost": 70003219612.51,
                "Total Cost": 70003299856.17,
                "Plan Rows": 1,
                "Plan Width": 0,
                "Actual Startup Time": 10966.17,
                "Actual Total Time": 10993.49,
                "Actual Rows": 15,
                "Actual Loops": 1,
                "Inner Unique": false,
                "Hash Cond": "(t.id = mi.movie_id)",
                "Plans": [
                    {
                        "Node Type": "Seq Scan",
                        "Parent Relationship": "Outer",
                        "Parallel Aware": false,
                        "Relation Name": "title",
                        "Schema": "public",
                        "Alias": "t",
                        "Startup Cost": 0.0,
                        "Total Cost": 80243.64,
                        "Plan Rows": 4,
                        "Plan Width": 4,
                        "Actual Startup Time": 210.302,
                        "Actual Total Time": 237.58,
                        "Actual Rows": 2,
                        "Actual Loops": 1,
                        "Output": [
                            "t.id",
                            "t.title",
                            "t.imdb_index",
                            "t.kind_id",
                            "t.production_year",
                            "t.imdb_id",
                            "t.phonetic_code",
                            "t.episode_of_id",
                            "t.season_nr",
                            "t.episode_nr",
                            "t.series_years",
                            "t.md5sum"
                        ],
                        "Filter": "((t.production_year >= 1996) AND (t.production_year <= 2005) AND (t.title = 'Shrek 2'::text))",
                        "Rows Removed by Filter": 2528310
                    },
                    {
                        "Node Type": "Hash",
                        "Parent Relationship": "Inner",
                        "Parallel Aware": false,
                        "Startup Cost": 70003219612.5,
                        "Total Cost": 70003219612.5,
                        "Plan Rows": 1,
                        "Plan Width": 20,
                        "Actual Startup Time": 10755.852,
                        "Actual Total Time": 10755.89,
                        "Actual Rows": 15,
                        "Actual Loops": 1,
                        "Output": [
                            "ci.movie_id",
                            "cc.movie_id",
                            "mc.movie_id",
                            "mi.movie_id",
                            "mk.movie_id"
                        ],
                        "Hash Buckets": 1024,
                        "Original Hash Buckets": 1024,
                        "Hash Batches": 1,
                        "Original Hash Batches": 1,
                        "Peak Memory Usage": 9,
                        "Plans": [
                            {
                                "Node Type": "Merge Join",
                                "Parent Relationship": "Outer",
                                "Parallel Aware": false,
                                "Join Type": "Inner",
                                "Startup Cost": 70003219600.27,
                                "Total Cost": 70003219612.5,
                                "Plan Rows": 1,
                                "Plan Width": 20,
                                "Actual Startup Time": 10755.844,
                                "Actual Total Time": 10755.885,
                                "Actual Rows": 15,
                                "Actual Loops": 1,
                                "Output": [
                                    "ci.movie_id",
                                    "cc.movie_id",
                                    "mc.movie_id",
                                    "mi.movie_id",
                                    "mk.movie_id"
                                ],
                                "Inner Unique": true,
                                "Merge Cond": "(ci.role_id = rt.id)",
                                "Plans": [
                                    {
                                        "Node Type": "Sort",
                                        "Parent Relationship": "Outer",
                                        "Parallel Aware": false,
                                        "Startup Cost": 70003219600.14,
                                        "Total Cost": 70003219600.14,
                                        "Plan Rows": 1,
                                        "Plan Width": 24,
                                        "Actual Startup Time": 10755.822,
                                        "Actual Total Time": 10755.859,
                                        "Actual Rows": 15,
                                        "Actual Loops": 1,
                                        "Output": [
                                            "ci.movie_id",
                                            "ci.role_id",
                                            "cc.movie_id",
                                            "mc.movie_id",
                                            "mi.movie_id",
                                            "mk.movie_id"
                                        ],
                                        "Sort Key": [
                                            "ci.role_id"
                                        ],
                                        "Sort Method": "quicksort",
                                        "Sort Space Used": 26,
                                        "Sort Space Type": "Memory",
                                        "Plans": [
                                            {
                                                "Node Type": "Merge Join",
                                                "Parent Relationship": "Outer",
                                                "Parallel Aware": false,
                                                "Join Type": "Inner",
                                                "Startup Cost": 70003214962.25,
                                                "Total Cost": 70003219600.13,
                                                "Plan Rows": 1,
                                                "Plan Width": 24,
                                                "Actual Startup Time": 10755.801,
                                                "Actual Total Time": 10755.849,
                                                "Actual Rows": 15,
                                                "Actual Loops": 1,
                                                "Output": [
                                                    "ci.movie_id",
                                                    "ci.role_id",
                                                    "cc.movie_id",
                                                    "mc.movie_id",
                                                    "mi.movie_id",
                                                    "mk.movie_id"
                                                ],
                                                "Inner Unique": false,
                                                "Merge Cond": "(n.id = pi.person_id)",
                                                "Plans": [
                                                    {
                                                        "Node Type": "Merge Join",
                                                        "Parent Relationship": "Outer",
                                                        "Parallel Aware": false,
                                                        "Join Type": "Inner",
                                                        "Startup Cost": 60003094271.2,
                                                        "Total Cost": 60003098777.93,
                                                        "Plan Rows": 1,
                                                        "Plan Width": 36,
                                                        "Actual Startup Time": 10015.924,
                                                        "Actual Total Time": 10015.964,
                                                        "Actual Rows": 15,
                                                        "Actual Loops": 1,
                                                        "Output": [
                                                            "an.person_id",
                                                            "ci.movie_id",
                                                            "ci.person_id",
                                                            "ci.role_id",
                                                            "cc.movie_id",
                                                            "mc.movie_id",
                                                            "mi.movie_id",
                                                            "mk.movie_id",
                                                            "n.id"
                                                        ],
                                                        "Inner Unique": false,
                                                        "Merge Cond": "(an.person_id = n.id)",
                                                        "Plans": [
                                                            {
                                                                "Node Type": "Sort",
                                                                "Parent Relationship": "Outer",
                                                                "Parallel Aware": false,
                                                                "Startup Cost": 109559.99,
                                                                "Total Cost": 111813.35,
                                                                "Plan Rows": 901343,
                                                                "Plan Width": 4,
                                                                "Actual Startup Time": 267.852,
                                                                "Actual Total Time": 284.652,
                                                                "Actual Rows": 390261,
                                                                "Actual Loops": 1,
                                                                "Output": [
                                                                    "an.person_id"
                                                                ],
                                                                "Sort Key": [
                                                                    "an.person_id"
                                                                ],
                                                                "Sort Method": "quicksort",
                                                                "Sort Space Used": 66827,
                                                                "Sort Space Type": "Memory",
                                                                "Plans": [
                                                                    {
                                                                        "Node Type": "Seq Scan",
                                                                        "Parent Relationship": "Outer",
                                                                        "Parallel Aware": false,
                                                                        "Relation Name": "aka_name",
                                                                        "Schema": "public",
                                                                        "Alias": "an",
                                                                        "Startup Cost": 0.0,
                                                                        "Total Cost": 20409.43,
                                                                        "Plan Rows": 901343,
                                                                        "Plan Width": 4,
                                                                        "Actual Startup Time": 0.014,
                                                                        "Actual Total Time": 87.492,
                                                                        "Actual Rows": 901343,
                                                                        "Actual Loops": 1,
                                                                        "Output": [
                                                                            "an.person_id"
                                                                        ]
                                                                    }
                                                                ]
                                                            },
                                                            {
                                                                "Node Type": "Sort",
                                                                "Parent Relationship": "Inner",
                                                                "Parallel Aware": false,
                                                                "Startup Cost": 60002984711.21,
                                                                "Total Cost": 60002984711.22,
                                                                "Plan Rows": 1,
                                                                "Plan Width": 32,
                                                                "Actual Startup Time": 9710.122,
                                                                "Actual Total Time": 9710.154,
                                                                "Actual Rows": 13,
                                                                "Actual Loops": 1,
                                                                "Output": [
                                                                    "cc.movie_id",
                                                                    "ci.movie_id",
                                                                    "ci.person_id",
                                                                    "ci.role_id",
                                                                    "mc.movie_id",
                                                                    "mi.movie_id",
                                                                    "mk.movie_id",
                                                                    "n.id"
                                                                ],
                                                                "Sort Key": [
                                                                    "ci.person_id"
                                                                ],
                                                                "Sort Method": "quicksort",
                                                                "Sort Space Used": 25,
                                                                "Sort Space Type": "Memory",
                                                                "Plans": [
                                                                    {
                                                                        "Node Type": "Merge Join",
                                                                        "Parent Relationship": "Outer",
                                                                        "Parallel Aware": false,
                                                                        "Join Type": "Inner",
                                                                        "Startup Cost": 60002984711.18,
                                                                        "Total Cost": 60002984711.2,
                                                                        "Plan Rows": 1,
                                                                        "Plan Width": 32,
                                                                        "Actual Startup Time": 9710.11,
                                                                        "Actual Total Time": 9710.141,
                                                                        "Actual Rows": 5,
                                                                        "Actual Loops": 1,
                                                                        "Output": [
                                                                            "cc.movie_id",
                                                                            "ci.movie_id",
                                                                            "ci.person_id",
                                                                            "ci.role_id",
                                                                            "mc.movie_id",
                                                                            "mi.movie_id",
                                                                            "mk.movie_id",
                                                                            "n.id"
                                                                        ],
                                                                        "Inner Unique": false,
                                                                        "Merge Cond": "(cct2.id = cc.status_id)",
                                                                        "Plans": [
                                                                            {
                                                                                "Node Type": "Sort",
                                                                                "Parent Relationship": "Outer",
                                                                                "Parallel Aware": false,
                                                                                "Startup Cost": 10000000001.06,
                                                                                "Total Cost": 10000000001.06,
                                                                                "Plan Rows": 1,
                                                                                "Plan Width": 4,
                                                                                "Actual Startup Time": 0.022,
                                                                                "Actual Total Time": 0.024,
                                                                                "Actual Rows": 1,
                                                                                "Actual Loops": 1,
                                                                                "Output": [
                                                                                    "cct2.id"
                                                                                ],
                                                                                "Sort Key": [
                                                                                    "cct2.id"
                                                                                ],
                                                                                "Sort Method": "quicksort",
                                                                                "Sort Space Used": 25,
                                                                                "Sort Space Type": "Memory",
                                                                                "Plans": [
                                                                                    {
                                                                                        "Node Type": "Seq Scan",
                                                                                        "Parent Relationship": "Outer",
                                                                                        "Parallel Aware": false,
                                                                                        "Relation Name": "comp_cast_type",
                                                                                        "Schema": "public",
                                                                                        "Alias": "cct2",
                                                                                        "Startup Cost": 10000000000.0,
                                                                                        "Total Cost": 10000000001.05,
                                                                                        "Plan Rows": 1,
                                                                                        "Plan Width": 4,
                                                                                        "Actual Startup Time": 0.018,
                                                                                        "Actual Total Time": 0.019,
                                                                                        "Actual Rows": 1,
                                                                                        "Actual Loops": 1,
                                                                                        "Output": [
                                                                                            "cct2.id"
                                                                                        ],
                                                                                        "Filter": "((cct2.kind)::text = 'complete+verified'::text)",
                                                                                        "Rows Removed by Filter": 3
                                                                                    }
                                                                                ]
                                                                            },
                                                                            {
                                                                                "Node Type": "Sort",
                                                                                "Parent Relationship": "Inner",
                                                                                "Parallel Aware": false,
                                                                                "Startup Cost": 50002984710.12,
                                                                                "Total Cost": 50002984710.12,
                                                                                "Plan Rows": 1,
                                                                                "Plan Width": 36,
                                                                                "Actual Startup Time": 9710.083,
                                                                                "Actual Total Time": 9710.111,
                                                                                "Actual Rows": 15,
                                                                                "Actual Loops": 1,
                                                                                "Output": [
                                                                                    "cc.movie_id",
                                                                                    "cc.status_id",
                                                                                    "ci.movie_id",
                                                                                    "ci.person_id",
                                                                                    "ci.role_id",
                                                                                    "mc.movie_id",
                                                                                    "mi.movie_id",
                                                                                    "mk.movie_id",
                                                                                    "n.id"
                                                                                ],
                                                                                "Sort Key": [
                                                                                    "cc.status_id"
                                                                                ],
                                                                                "Sort Method": "quicksort",
                                                                                "Sort Space Used": 26,
                                                                                "Sort Space Type": "Memory",
                                                                                "Plans": [
                                                                                    {
                                                                                        "Node Type": "Nested Loop",
                                                                                        "Parent Relationship": "Outer",
                                                                                        "Parallel Aware": false,
                                                                                        "Join Type": "Inner",
                                                                                        "Startup Cost": 50002984592.71,
                                                                                        "Total Cost": 50002984710.11,
                                                                                        "Plan Rows": 1,
                                                                                        "Plan Width": 36,
                                                                                        "Actual Startup Time": 9698.506,
                                                                                        "Actual Total Time": 9710.098,
                                                                                        "Actual Rows": 15,
                                                                                        "Actual Loops": 1,
                                                                                        "Output": [
                                                                                            "cc.movie_id",
                                                                                            "cc.status_id",
                                                                                            "ci.movie_id",
                                                                                            "ci.person_id",
                                                                                            "ci.role_id",
                                                                                            "mc.movie_id",
                                                                                            "mi.movie_id",
                                                                                            "mk.movie_id",
                                                                                            "n.id"
                                                                                        ],
                                                                                        "Inner Unique": true,
                                                                                        "Plans": [
                                                                                            {
                                                                                                "Node Type": "Hash Join",
                                                                                                "Parent Relationship": "Outer",
                                                                                                "Parallel Aware": false,
                                                                                                "Join Type": "Inner",
                                                                                                "Startup Cost": 40002984592.28,
                                                                                                "Total Cost": 40002984701.65,
                                                                                                "Plan Rows": 1,
                                                                                                "Plan Width": 40,
                                                                                                "Actual Startup Time": 9698.405,
                                                                                                "Actual Total Time": 9701.452,
                                                                                                "Actual Rows": 1770,
                                                                                                "Actual Loops": 1,
                                                                                                "Output": [
                                                                                                    "cc.movie_id",
                                                                                                    "cc.status_id",
                                                                                                    "ci.movie_id",
                                                                                                    "ci.person_id",
                                                                                                    "ci.role_id",
                                                                                                    "mc.movie_id",
                                                                                                    "mi.movie_id",
                                                                                                    "mk.movie_id",
                                                                                                    "mk.keyword_id",
                                                                                                    "n.id"
                                                                                                ],
                                                                                                "Inner Unique": true,
                                                                                                "Hash Cond": "(mc.company_id = cn.id)",
                                                                                                "Plans": [
                                                                                                    {
                                                                                                        "Node Type": "Merge Join",
                                                                                                        "Parent Relationship": "Outer",
                                                                                                        "Parallel Aware": false,
                                                                                                        "Join Type": "Inner",
                                                                                                        "Startup Cost": 40002971084.07,
                                                                                                        "Total Cost": 40002971193.44,
                                                                                                        "Plan Rows": 1,
                                                                                                        "Plan Width": 44,
                                                                                                        "Actual Startup Time": 9592.216,
                                                                                                        "Actual Total Time": 9594.259,
                                                                                                        "Actual Rows": 10002,
                                                                                                        "Actual Loops": 1,
                                                                                                        "Output": [
                                                                                                            "cc.movie_id",
                                                                                                            "cc.status_id",
                                                                                                            "ci.movie_id",
                                                                                                            "ci.person_id",
                                                                                                            "ci.role_id",
                                                                                                            "mc.movie_id",
                                                                                                            "mc.company_id",
                                                                                                            "mi.movie_id",
                                                                                                            "mk.movie_id",
                                                                                                            "mk.keyword_id",
                                                                                                            "n.id"
                                                                                                        ],
                                                                                                        "Inner Unique": false,
                                                                                                        "Merge Cond": "(mi.movie_id = ci.movie_id)",
                                                                                                        "Plans": [
                                                                                                            {
                                                                                                                "Node Type": "Sort",
                                                                                                                "Parent Relationship": "Outer",
                                                                                                                "Parallel Aware": false,
                                                                                                                "Startup Cost": 10001733199.09,
                                                                                                                "Total Cost": 10001733253.79,
                                                                                                                "Plan Rows": 21879,
                                                                                                                "Plan Width": 12,
                                                                                                                "Actual Startup Time": 3630.872,
                                                                                                                "Actual Total Time": 3649.776,
                                                                                                                "Actual Rows": 548460,
                                                                                                                "Actual Loops": 1,
                                                                                                                "Output": [
                                                                                                                    "mi.movie_id",
                                                                                                                    "mc.movie_id",
                                                                                                                    "mc.company_id"
                                                                                                                ],
                                                                                                                "Sort Key": [
                                                                                                                    "mi.movie_id"
                                                                                                                ],
                                                                                                                "Sort Method": "quicksort",
                                                                                                                "Sort Space Used": 58176,
                                                                                                                "Sort Space Type": "Memory",
                                                                                                                "Plans": [
                                                                                                                    {
                                                                                                                        "Node Type": "Merge Join",
                                                                                                                        "Parent Relationship": "Outer",
                                                                                                                        "Parallel Aware": false,
                                                                                                                        "Join Type": "Inner",
                                                                                                                        "Startup Cost": 10001719039.84,
                                                                                                                        "Total Cost": 10001731621.92,
                                                                                                                        "Plan Rows": 21879,
                                                                                                                        "Plan Width": 12,
                                                                                                                        "Actual Startup Time": 3417.406,
                                                                                                                        "Actual Total Time": 3510.589,
                                                                                                                        "Actual Rows": 716793,
                                                                                                                        "Actual Loops": 1,
                                                                                                                        "Output": [
                                                                                                                            "mi.movie_id",
                                                                                                                            "mc.movie_id",
                                                                                                                            "mc.company_id"
                                                                                                                        ],
                                                                                                                        "Inner Unique": false,
                                                                                                                        "Merge Cond": "(it.id = mi.info_type_id)",
                                                                                                                        "Plans": [
                                                                                                                            {
                                                                                                                                "Node Type": "Sort",
                                                                                                                                "Parent Relationship": "Outer",
                                                                                                                                "Parallel Aware": false,
                                                                                                                                "Startup Cost": 2.42,
                                                                                                                                "Total Cost": 2.43,
                                                                                                                                "Plan Rows": 1,
                                                                                                                                "Plan Width": 4,
                                                                                                                                "Actual Startup Time": 0.026,
                                                                                                                                "Actual Total Time": 0.027,
                                                                                                                                "Actual Rows": 1,
                                                                                                                                "Actual Loops": 1,
                                                                                                                                "Output": [
                                                                                                                                    "it.id"
                                                                                                                                ],
                                                                                                                                "Sort Key": [
                                                                                                                                    "it.id"
                                                                                                                                ],
                                                                                                                                "Sort Method": "quicksort",
                                                                                                                                "Sort Space Used": 25,
                                                                                                                                "Sort Space Type": "Memory",
                                                                                                                                "Plans": [
                                                                                                                                    {
                                                                                                                                        "Node Type": "Seq Scan",
                                                                                                                                        "Parent Relationship": "Outer",
                                                                                                                                        "Parallel Aware": false,
                                                                                                                                        "Relation Name": "info_type",
                                                                                                                                        "Schema": "public",
                                                                                                                                        "Alias": "it",
                                                                                                                                        "Startup Cost": 0.0,
                                                                                                                                        "Total Cost": 2.41,
                                                                                                                                        "Plan Rows": 1,
                                                                                                                                        "Plan Width": 4,
                                                                                                                                        "Actual Startup Time": 0.016,
                                                                                                                                        "Actual Total Time": 0.021,
                                                                                                                                        "Actual Rows": 1,
                                                                                                                                        "Actual Loops": 1,
                                                                                                                                        "Output": [
                                                                                                                                            "it.id"
                                                                                                                                        ],
                                                                                                                                        "Filter": "((it.info)::text = 'release dates'::text)",
                                                                                                                                        "Rows Removed by Filter": 112
                                                                                                                                    }
                                                                                                                                ]
                                                                                                                            },
                                                                                                                            {
                                                                                                                                "Node Type": "Sort",
                                                                                                                                "Parent Relationship": "Inner",
                                                                                                                                "Parallel Aware": false,
                                                                                                                                "Startup Cost": 10001719037.41,
                                                                                                                                "Total Cost": 10001725219.04,
                                                                                                                                "Plan Rows": 2472651,
                                                                                                                                "Plan Width": 16,
                                                                                                                                "Actual Startup Time": 3417.335,
                                                                                                                                "Actual Total Time": 3442.137,
                                                                                                                                "Actual Rows": 716972,
                                                                                                                                "Actual Loops": 1,
                                                                                                                                "Output": [
                                                                                                                                    "mc.movie_id",
                                                                                                                                    "mc.company_id",
                                                                                                                                    "mi.movie_id",
                                                                                                                                    "mi.info_type_id"
                                                                                                                                ],
                                                                                                                                "Sort Key": [
                                                                                                                                    "mi.info_type_id"
                                                                                                                                ],
                                                                                                                                "Sort Method": "quicksort",
                                                                                                                                "Sort Space Used": 58185,
                                                                                                                                "Sort Space Type": "Memory",
                                                                                                                                "Plans": [
                                                                                                                                    {
                                                                                                                                        "Node Type": "Merge Join",
                                                                                                                                        "Parent Relationship": "Outer",
                                                                                                                                        "Parallel Aware": false,
                                                                                                                                        "Join Type": "Inner",
                                                                                                                                        "Startup Cost": 10001416407.79,
                                                                                                                                        "Total Cost": 10001456471.21,
                                                                                                                                        "Plan Rows": 2472651,
                                                                                                                                        "Plan Width": 16,
                                                                                                                                        "Actual Startup Time": 3020.466,
                                                                                                                                        "Actual Total Time": 3343.362,
                                                                                                                                        "Actual Rows": 716972,
                                                                                                                                        "Actual Loops": 1,
                                                                                                                                        "Output": [
                                                                                                                                            "mc.movie_id",
                                                                                                                                            "mc.company_id",
                                                                                                                                            "mi.movie_id",
                                                                                                                                            "mi.info_type_id"
                                                                                                                                        ],
                                                                                                                                        "Inner Unique": false,
                                                                                                                                        "Merge Cond": "(mi.movie_id = mc.movie_id)",
                                                                                                                                        "Plans": [
                                                                                                                                            {
                                                                                                                                                "Node Type": "Sort",
                                                                                                                                                "Parent Relationship": "Outer",
                                                                                                                                                "Parallel Aware": false,
                                                                                                                                                "Startup Cost": 10001093455.49,
                                                                                                                                                "Total Cost": 10001094602.29,
                                                                                                                                                "Plan Rows": 458720,
                                                                                                                                                "Plan Width": 8,
                                                                                                                                                "Actual Startup Time": 2342.653,
                                                                                                                                                "Actual Total Time": 2356.688,
                                                                                                                                                "Actual Rows": 387672,
                                                                                                                                                "Actual Loops": 1,
                                                                                                                                                "Output": [
                                                                                                                                                    "mi.movie_id",
                                                                                                                                                    "mi.info_type_id"
                                                                                                                                                ],
                                                                                                                                                "Sort Key": [
                                                                                                                                                    "mi.movie_id"
                                                                                                                                                ],
                                                                                                                                                "Sort Method": "quicksort",
                                                                                                                                                "Sort Space Used": 30461,
                                                                                                                                                "Sort Space Type": "Memory",
                                                                                                                                                "Plans": [
                                                                                                                                                    {
                                                                                                                                                        "Node Type": "Index Scan",
                                                                                                                                                        "Parent Relationship": "Outer",
                                                                                                                                                        "Parallel Aware": false,
                                                                                                                                                        "Scan Direction": "Forward",
                                                                                                                                                        "Index Name": "info_type_id_movie_info",
                                                                                                                                                        "Relation Name": "movie_info",
                                                                                                                                                        "Schema": "public",
                                                                                                                                                        "Alias": "mi",
                                                                                                                                                        "Startup Cost": 10000000000.43,
                                                                                                                                                        "Total Cost": 10001050319.17,
                                                                                                                                                        "Plan Rows": 458720,
                                                                                                                                                        "Plan Width": 8,
                                                                                                                                                        "Actual Startup Time": 4.014,
                                                                                                                                                        "Actual Total Time": 2278.544,
                                                                                                                                                        "Actual Rows": 387683,
                                                                                                                                                        "Actual Loops": 1,
                                                                                                                                                        "Output": [
                                                                                                                                                            "mi.movie_id",
                                                                                                                                                            "mi.info_type_id"
                                                                                                                                                        ],
                                                                                                                                                        "Filter": "(mi.info ~~ 'USA:%200%'::text)",
                                                                                                                                                        "Rows Removed by Filter": 14448037
                                                                                                                                                    }
                                                                                                                                                ]
                                                                                                                                            },
                                                                                                                                            {
                                                                                                                                                "Node Type": "Sort",
                                                                                                                                                "Parent Relationship": "Inner",
                                                                                                                                                "Parallel Aware": false,
                                                                                                                                                "Startup Cost": 322951.0,
                                                                                                                                                "Total Cost": 329473.82,
                                                                                                                                                "Plan Rows": 2609129,
                                                                                                                                                "Plan Width": 8,
                                                                                                                                                "Actual Startup Time": 677.799,
                                                                                                                                                "Actual Total Time": 775.669,
                                                                                                                                                "Actual Rows": 2854741,
                                                                                                                                                "Actual Loops": 1,
                                                                                                                                                "Output": [
                                                                                                                                                    "mc.movie_id",
                                                                                                                                                    "mc.company_id"
                                                                                                                                                ],
                                                                                                                                                "Sort Key": [
                                                                                                                                                    "mc.movie_id"
                                                                                                                                                ],
                                                                                                                                                "Sort Method": "quicksort",
                                                                                                                                                "Sort Space Used": 220607,
                                                                                                                                                "Sort Space Type": "Memory",
                                                                                                                                                "Plans": [
                                                                                                                                                    {
                                                                                                                                                        "Node Type": "Seq Scan",
                                                                                                                                                        "Parent Relationship": "Outer",
                                                                                                                                                        "Parallel Aware": false,
                                                                                                                                                        "Relation Name": "movie_companies",
                                                                                                                                                        "Schema": "public",
                                                                                                                                                        "Alias": "mc",
                                                                                                                                                        "Startup Cost": 0.0,
                                                                                                                                                        "Total Cost": 44881.29,
                                                                                                                                                        "Plan Rows": 2609129,
                                                                                                                                                        "Plan Width": 8,
                                                                                                                                                        "Actual Startup Time": 0.017,
                                                                                                                                                        "Actual Total Time": 241.497,
                                                                                                                                                        "Actual Rows": 2609129,
                                                                                                                                                        "Actual Loops": 1,
                                                                                                                                                        "Output": [
                                                                                                                                                            "mc.movie_id",
                                                                                                                                                            "mc.company_id"
                                                                                                                                                        ]
                                                                                                                                                    }
                                                                                                                                                ]
                                                                                                                                            }
                                                                                                                                        ]
                                                                                                                                    }
                                                                                                                                ]
                                                                                                                            }
                                                                                                                        ]
                                                                                                                    }
                                                                                                                ]
                                                                                                            },
                                                                                                            {
                                                                                                                "Node Type": "Sort",
                                                                                                                "Parent Relationship": "Inner",
                                                                                                                "Parallel Aware": false,
                                                                                                                "Startup Cost": 30001237884.98,
                                                                                                                "Total Cost": 30001237884.98,
                                                                                                                "Plan Rows": 1,
                                                                                                                "Plan Width": 32,
                                                                                                                "Actual Startup Time": 5916.232,
                                                                                                                "Actual Total Time": 5916.864,
                                                                                                                "Actual Rows": 10055,
                                                                                                                "Actual Loops": 1,
                                                                                                                "Output": [
                                                                                                                    "cc.movie_id",
                                                                                                                    "cc.status_id",
                                                                                                                    "ci.movie_id",
                                                                                                                    "ci.person_id",
                                                                                                                    "ci.role_id",
                                                                                                                    "mk.movie_id",
                                                                                                                    "mk.keyword_id",
                                                                                                                    "n.id"
                                                                                                                ],
                                                                                                                "Sort Key": [
                                                                                                                    "cc.movie_id"
                                                                                                                ],
                                                                                                                "Sort Method": "quicksort",
                                                                                                                "Sort Space Used": 51,
                                                                                                                "Sort Space Type": "Memory",
                                                                                                                "Plans": [
                                                                                                                    {
                                                                                                                        "Node Type": "Merge Join",
                                                                                                                        "Parent Relationship": "Outer",
                                                                                                                        "Parallel Aware": false,
                                                                                                                        "Join Type": "Inner",
                                                                                                                        "Startup Cost": 30001237701.28,
                                                                                                                        "Total Cost": 30001237884.97,
                                                                                                                        "Plan Rows": 1,
                                                                                                                        "Plan Width": 32,
                                                                                                                        "Actual Startup Time": 5911.879,
                                                                                                                        "Actual Total Time": 5916.178,
                                                                                                                        "Actual Rows": 345,
                                                                                                                        "Actual Loops": 1,
                                                                                                                        "Output": [
                                                                                                                            "cc.movie_id",
                                                                                                                            "cc.status_id",
                                                                                                                            "ci.movie_id",
                                                                                                                            "ci.person_id",
                                                                                                                            "ci.role_id",
                                                                                                                            "mk.movie_id",
                                                                                                                            "mk.keyword_id",
                                                                                                                            "n.id"
                                                                                                                        ],
                                                                                                                        "Inner Unique": false,
                                                                                                                        "Merge Cond": "(ci.person_id = n.id)",
                                                                                                                        "Plans": [
                                                                                                                            {
                                                                                                                                "Node Type": "Sort",
                                                                                                                                "Parent Relationship": "Outer",
                                                                                                                                "Parallel Aware": false,
                                                                                                                                "Startup Cost": 20001116700.41,
                                                                                                                                "Total Cost": 20001116700.42,
                                                                                                                                "Plan Rows": 5,
                                                                                                                                "Plan Width": 28,
                                                                                                                                "Actual Startup Time": 5425.876,
                                                                                                                                "Actual Total Time": 5425.937,
                                                                                                                                "Actual Rows": 718,
                                                                                                                                "Actual Loops": 1,
                                                                                                                                "Output": [
                                                                                                                                    "cc.movie_id",
                                                                                                                                    "cc.status_id",
                                                                                                                                    "ci.movie_id",
                                                                                                                                    "ci.person_id",
                                                                                                                                    "ci.role_id",
                                                                                                                                    "mk.movie_id",
                                                                                                                                    "mk.keyword_id"
                                                                                                                                ],
                                                                                                                                "Sort Key": [
                                                                                                                                    "ci.person_id"
                                                                                                                                ],
                                                                                                                                "Sort Method": "quicksort",
                                                                                                                                "Sort Space Used": 81,
                                                                                                                                "Sort Space Type": "Memory",
                                                                                                                                "Plans": [
                                                                                                                                    {
                                                                                                                                        "Node Type": "Merge Join",
                                                                                                                                        "Parent Relationship": "Outer",
                                                                                                                                        "Parallel Aware": false,
                                                                                                                                        "Join Type": "Inner",
                                                                                                                                        "Startup Cost": 20000979834.77,
                                                                                                                                        "Total Cost": 20001116700.35,
                                                                                                                                        "Plan Rows": 5,
                                                                                                                                        "Plan Width": 28,
                                                                                                                                        "Actual Startup Time": 4380.219,
                                                                                                                                        "Actual Total Time": 5425.771,
                                                                                                                                        "Actual Rows": 718,
                                                                                                                                        "Actual Loops": 1,
                                                                                                                                        "Output": [
                                                                                                                                            "cc.movie_id",
                                                                                                                                            "cc.status_id",
                                                                                                                                            "ci.movie_id",
                                                                                                                                            "ci.person_id",
                                                                                                                                            "ci.role_id",
                                                                                                                                            "mk.movie_id",
                                                                                                                                            "mk.keyword_id"
                                                                                                                                        ],
                                                                                                                                        "Inner Unique": false,
                                                                                                                                        "Merge Cond": "(chn.id = ci.person_role_id)",
                                                                                                                                        "Plans": [
                                                                                                                                            {
                                                                                                                                                "Node Type": "Index Scan",
                                                                                                                                                "Parent Relationship": "Outer",
                                                                                                                                                "Parallel Aware": false,
                                                                                                                                                "Scan Direction": "Forward",
                                                                                                                                                "Index Name": "char_name_pkey",
                                                                                                                                                "Relation Name": "char_name",
                                                                                                                                                "Schema": "public",
                                                                                                                                                "Alias": "chn",
                                                                                                                                                "Startup Cost": 0.43,
                                                                                                                                                "Total Cost": 136566.2,
                                                                                                                                                "Plan Rows": 1,
                                                                                                                                                "Plan Width": 4,
                                                                                                                                                "Actual Startup Time": 46.68,
                                                                                                                                                "Actual Total Time": 1091.991,
                                                                                                                                                "Actual Rows": 1,
                                                                                                                                                "Actual Loops": 1,
                                                                                                                                                "Output": [
                                                                                                                                                    "chn.id",
                                                                                                                                                    "chn.name",
                                                                                                                                                    "chn.imdb_index",
                                                                                                                                                    "chn.imdb_id",
                                                                                                                                                    "chn.name_pcode_nf",
                                                                                                                                                    "chn.surname_pcode",
                                                                                                                                                    "chn.md5sum"
                                                                                                                                                ],
                                                                                                                                                "Filter": "(chn.name = 'Queen'::text)",
                                                                                                                                                "Rows Removed by Filter": 3140338
                                                                                                                                            },
                                                                                                                                            {
                                                                                                                                                "Node Type": "Sort",
                                                                                                                                                "Parent Relationship": "Inner",
                                                                                                                                                "Parallel Aware": false,
                                                                                                                                                "Startup Cost": 20000979799.68,
                                                                                                                                                "Total Cost": 20000980142.81,
                                                                                                                                                "Plan Rows": 137252,
                                                                                                                                                "Plan Width": 32,
                                                                                                                                                "Actual Startup Time": 4260.59,
                                                                                                                                                "Actual Total Time": 4300.314,
                                                                                                                                                "Actual Rows": 468691,
                                                                                                                                                "Actual Loops": 1,
                                                                                                                                                "Output": [
                                                                                                                                                    "cc.movie_id",
                                                                                                                                                    "cc.status_id",
                                                                                                                                                    "ci.movie_id",
                                                                                                                                                    "ci.person_id",
                                                                                                                                                    "ci.role_id",
                                                                                                                                                    "ci.person_role_id",
                                                                                                                                                    "mk.movie_id",
                                                                                                                                                    "mk.keyword_id"
                                                                                                                                                ],
                                                                                                                                                "Sort Key": [
                                                                                                                                                    "ci.person_role_id"
                                                                                                                                                ],
                                                                                                                                                "Sort Method": "quicksort",
                                                                                                                                                "Sort Space Used": 133417,
                                                                                                                                                "Sort Space Type": "Memory",
                                                                                                                                                "Plans": [
                                                                                                                                                    {
                                                                                                                                                        "Node Type": "Hash Join",
                                                                                                                                                        "Parent Relationship": "Outer",
                                                                                                                                                        "Parallel Aware": false,
                                                                                                                                                        "Join Type": "Inner",
                                                                                                                                                        "Startup Cost": 20000776203.46,
                                                                                                                                                        "Total Cost": 20000968087.65,
                                                                                                                                                        "Plan Rows": 137252,
                                                                                                                                                        "Plan Width": 32,
                                                                                                                                                        "Actual Startup Time": 3135.97,
                                                                                                                                                        "Actual Total Time": 4055.149,
                                                                                                                                                        "Actual Rows": 1078581,
                                                                                                                                                        "Actual Loops": 1,
                                                                                                                                                        "Output": [
                                                                                                                                                            "cc.movie_id",
                                                                                                                                                            "cc.status_id",
                                                                                                                                                            "ci.movie_id",
                                                                                                                                                            "ci.person_id",
                                                                                                                                                            "ci.role_id",
                                                                                                                                                            "ci.person_role_id",
                                                                                                                                                            "mk.movie_id",
                                                                                                                                                            "mk.keyword_id"
                                                                                                                                                        ],
                                                                                                                                                        "Inner Unique": false,
                                                                                                                                                        "Hash Cond": "(mk.movie_id = ci.movie_id)",
                                                                                                                                                        "Plans": [
                                                                                                                                                            {
                                                                                                                                                                "Node Type": "Hash Join",
                                                                                                                                                                "Parent Relationship": "Outer",
                                                                                                                                                                "Parallel Aware": false,
                                                                                                                                                                "Join Type": "Inner",
                                                                                                                                                                "Startup Cost": 10000015041.07,
                                                                                                                                                                "Total Cost": 10000117065.67,
                                                                                                                                                                "Plan Rows": 1536657,
                                                                                                                                                                "Plan Width": 16,
                                                                                                                                                                "Actual Startup Time": 46.491,
                                                                                                                                                                "Actual Total Time": 768.364,
                                                                                                                                                                "Actual Rows": 1436647,
                                                                                                                                                                "Actual Loops": 1,
                                                                                                                                                                "Output": [
                                                                                                                                                                    "cc.movie_id",
                                                                                                                                                                    "cc.status_id",
                                                                                                                                                                    "mk.movie_id",
                                                                                                                                                                    "mk.keyword_id"
                                                                                                                                                                ],
                                                                                                                                                                "Inner Unique": false,
                                                                                                                                                                "Hash Cond": "(mk.movie_id = cc.movie_id)",
                                                                                                                                                                "Plans": [
                                                                                                                                                                    {
                                                                                                                                                                        "Node Type": "Seq Scan",
                                                                                                                                                                        "Parent Relationship": "Outer",
                                                                                                                                                                        "Parallel Aware": false,
                                                                                                                                                                        "Relation Name": "movie_keyword",
                                                                                                                                                                        "Schema": "public",
                                                                                                                                                                        "Alias": "mk",
                                                                                                                                                                        "Startup Cost": 0.0,
                                                                                                                                                                        "Total Cost": 69693.3,
                                                                                                                                                                        "Plan Rows": 4523930,
                                                                                                                                                                        "Plan Width": 8,
                                                                                                                                                                        "Actual Startup Time": 0.014,
                                                                                                                                                                        "Actual Total Time": 277.468,
                                                                                                                                                                        "Actual Rows": 4523930,
                                                                                                                                                                        "Actual Loops": 1,
                                                                                                                                                                        "Output": [
                                                                                                                                                                            "mk.id",
                                                                                                                                                                            "mk.movie_id",
                                                                                                                                                                            "mk.keyword_id"
                                                                                                                                                                        ]
                                                                                                                                                                    },
                                                                                                                                                                    {
                                                                                                                                                                        "Node Type": "Hash",
                                                                                                                                                                        "Parent Relationship": "Inner",
                                                                                                                                                                        "Parallel Aware": false,
                                                                                                                                                                        "Startup Cost": 10000014618.92,
                                                                                                                                                                        "Total Cost": 10000014618.92,
                                                                                                                                                                        "Plan Rows": 33772,
                                                                                                                                                                        "Plan Width": 8,
                                                                                                                                                                        "Actual Startup Time": 46.393,
                                                                                                                                                                        "Actual Total Time": 46.397,
                                                                                                                                                                        "Actual Rows": 85941,
                                                                                                                                                                        "Actual Loops": 1,
                                                                                                                                                                        "Output": [
                                                                                                                                                                            "cc.movie_id",
                                                                                                                                                                            "cc.status_id"
                                                                                                                                                                        ],
                                                                                                                                                                        "Hash Buckets": 131072,
                                                                                                                                                                        "Original Hash Buckets": 65536,
                                                                                                                                                                        "Hash Batches": 1,
                                                                                                                                                                        "Original Hash Batches": 1,
                                                                                                                                                                        "Peak Memory Usage": 4382,
                                                                                                                                                                        "Plans": [
                                                                                                                                                                            {
                                                                                                                                                                                "Node Type": "Merge Join",
                                                                                                                                                                                "Parent Relationship": "Outer",
                                                                                                                                                                                "Parallel Aware": false,
                                                                                                                                                                                "Join Type": "Inner",
                                                                                                                                                                                "Startup Cost": 10000013593.69,
                                                                                                                                                                                "Total Cost": 10000014618.92,
                                                                                                                                                                                "Plan Rows": 33772,
                                                                                                                                                                                "Plan Width": 8,
                                                                                                                                                                                "Actual Startup Time": 23.912,
                                                                                                                                                                                "Actual Total Time": 36.6,
                                                                                                                                                                                "Actual Rows": 85941,
                                                                                                                                                                                "Actual Loops": 1,
                                                                                                                                                                                "Output": [
                                                                                                                                                                                    "cc.movie_id",
                                                                                                                                                                                    "cc.status_id"
                                                                                                                                                                                ],
                                                                                                                                                                                "Inner Unique": true,
                                                                                                                                                                                "Merge Cond": "(cc.subject_id = cct1.id)",
                                                                                                                                                                                "Plans": [
                                                                                                                                                                                    {
                                                                                                                                                                                        "Node Type": "Sort",
                                                                                                                                                                                        "Parent Relationship": "Outer",
                                                                                                                                                                                        "Parallel Aware": false,
                                                                                                                                                                                        "Startup Cost": 10000013593.56,
                                                                                                                                                                                        "Total Cost": 10000013931.28,
                                                                                                                                                                                        "Plan Rows": 135086,
                                                                                                                                                                                        "Plan Width": 12,
                                                                                                                                                                                        "Actual Startup Time": 23.896,
                                                                                                                                                                                        "Actual Total Time": 27.188,
                                                                                                                                                                                        "Actual Rows": 85942,
                                                                                                                                                                                        "Actual Loops": 1,
                                                                                                                                                                                        "Output": [
                                                                                                                                                                                            "cc.movie_id",
                                                                                                                                                                                            "cc.subject_id",
                                                                                                                                                                                            "cc.status_id"
                                                                                                                                                                                        ],
                                                                                                                                                                                        "Sort Key": [
                                                                                                                                                                                            "cc.subject_id"
                                                                                                                                                                                        ],
                                                                                                                                                                                        "Sort Method": "quicksort",
                                                                                                                                                                                        "Sort Space Used": 12477,
                                                                                                                                                                                        "Sort Space Type": "Memory",
                                                                                                                                                                                        "Plans": [
                                                                                                                                                                                            {
                                                                                                                                                                                                "Node Type": "Seq Scan",
                                                                                                                                                                                                "Parent Relationship": "Outer",
                                                                                                                                                                                                "Parallel Aware": false,
                                                                                                                                                                                                "Relation Name": "complete_cast",
                                                                                                                                                                                                "Schema": "public",
                                                                                                                                                                                                "Alias": "cc",
                                                                                                                                                                                                "Startup Cost": 10000000000.0,
                                                                                                                                                                                                "Total Cost": 10000002081.86,
                                                                                                                                                                                                "Plan Rows": 135086,
                                                                                                                                                                                                "Plan Width": 12,
                                                                                                                                                                                                "Actual Startup Time": 0.011,
                                                                                                                                                                                                "Actual Total Time": 11.897,
                                                                                                                                                                                                "Actual Rows": 135086,
                                                                                                                                                                                                "Actual Loops": 1,
                                                                                                                                                                                                "Output": [
                                                                                                                                                                                                    "cc.movie_id",
                                                                                                                                                                                                    "cc.subject_id",
                                                                                                                                                                                                    "cc.status_id"
                                                                                                                                                                                                ]
                                                                                                                                                                                            }
                                                                                                                                                                                        ]
                                                                                                                                                                                    },
                                                                                                                                                                                    {
                                                                                                                                                                                        "Node Type": "Index Scan",
                                                                                                                                                                                        "Parent Relationship": "Inner",
                                                                                                                                                                                        "Parallel Aware": false,
                                                                                                                                                                                        "Scan Direction": "Forward",
                                                                                                                                                                                        "Index Name": "comp_cast_type_pkey",
                                                                                                                                                                                        "Relation Name": "comp_cast_type",
                                                                                                                                                                                        "Schema": "public",
                                                                                                                                                                                        "Alias": "cct1",
                                                                                                                                                                                        "Startup Cost": 0.13,
                                                                                                                                                                                        "Total Cost": 12.2,
                                                                                                                                                                                        "Plan Rows": 1,
                                                                                                                                                                                        "Plan Width": 4,
                                                                                                                                                                                        "Actual Startup Time": 0.012,
                                                                                                                                                                                        "Actual Total Time": 0.017,
                                                                                                                                                                                        "Actual Rows": 1,
                                                                                                                                                                                        "Actual Loops": 1,
                                                                                                                                                                                        "Output": [
                                                                                                                                                                                            "cct1.id",
                                                                                                                                                                                            "cct1.kind"
                                                                                                                                                                                        ],
                                                                                                                                                                                        "Filter": "((cct1.kind)::text = 'cast'::text)",
                                                                                                                                                                                        "Rows Removed by Filter": 3
                                                                                                                                                                                    }
                                                                                                                                                                                ]
                                                                                                                                                                            }
                                                                                                                                                                        ]
                                                                                                                                                                    }
                                                                                                                                                                ]
                                                                                                                                                            },
                                                                                                                                                            {
                                                                                                                                                                "Node Type": "Hash",
                                                                                                                                                                "Parent Relationship": "Inner",
                                                                                                                                                                "Parallel Aware": false,
                                                                                                                                                                "Startup Cost": 10000751162.67,
                                                                                                                                                                "Total Cost": 10000751162.67,
                                                                                                                                                                "Plan Rows": 799978,
                                                                                                                                                                "Plan Width": 16,
                                                                                                                                                                "Actual Startup Time": 3088.593,
                                                                                                                                                                "Actual Total Time": 3088.593,
                                                                                                                                                                "Actual Rows": 836701,
                                                                                                                                                                "Actual Loops": 1,
                                                                                                                                                                "Output": [
                                                                                                                                                                    "ci.movie_id",
                                                                                                                                                                    "ci.person_id",
                                                                                                                                                                    "ci.role_id",
                                                                                                                                                                    "ci.person_role_id"
                                                                                                                                                                ],
                                                                                                                                                                "Hash Buckets": 1048576,
                                                                                                                                                                "Original Hash Buckets": 1048576,
                                                                                                                                                                "Hash Batches": 1,
                                                                                                                                                                "Original Hash Batches": 1,
                                                                                                                                                                "Peak Memory Usage": 47155,
                                                                                                                                                                "Plans": [
                                                                                                                                                                    {
                                                                                                                                                                        "Node Type": "Seq Scan",
                                                                                                                                                                        "Parent Relationship": "Outer",
                                                                                                                                                                        "Parallel Aware": false,
                                                                                                                                                                        "Relation Name": "cast_info",
                                                                                                                                                                        "Schema": "public",
                                                                                                                                                                        "Alias": "ci",
                                                                                                                                                                        "Startup Cost": 10000000000.0,
                                                                                                                                                                        "Total Cost": 10000751162.67,
                                                                                                                                                                        "Plan Rows": 799978,
                                                                                                                                                                        "Plan Width": 16,
                                                                                                                                                                        "Actual Startup Time": 0.02,
                                                                                                                                                                        "Actual Total Time": 2917.356,
                                                                                                                                                                        "Actual Rows": 836701,
                                                                                                                                                                        "Actual Loops": 1,
                                                                                                                                                                        "Output": [
                                                                                                                                                                            "ci.movie_id",
                                                                                                                                                                            "ci.person_id",
                                                                                                                                                                            "ci.role_id",
                                                                                                                                                                            "ci.person_role_id"
                                                                                                                                                                        ],
                                                                                                                                                                        "Filter": "(ci.note = ANY ('{(voice),\"(voice) (uncredited)\",\"(voice: English version)\"}'::text[]))",
                                                                                                                                                                        "Rows Removed by Filter": 35407643
                                                                                                                                                                    }
                                                                                                                                                                ]
                                                                                                                                                            }
                                                                                                                                                        ]
                                                                                                                                                    }
                                                                                                                                                ]
                                                                                                                                            }
                                                                                                                                        ]
                                                                                                                                    }
                                                                                                                                ]
                                                                                                                            },
                                                                                                                            {
                                                                                                                                "Node Type": "Sort",
                                                                                                                                "Parent Relationship": "Inner",
                                                                                                                                "Parallel Aware": false,
                                                                                                                                "Startup Cost": 10000121000.85,
                                                                                                                                "Total Cost": 10000121095.37,
                                                                                                                                "Plan Rows": 37808,
                                                                                                                                "Plan Width": 4,
                                                                                                                                "Actual Startup Time": 485.516,
                                                                                                                                "Actual Total Time": 487.731,
                                                                                                                                "Actual Rows": 44686,
                                                                                                                                "Actual Loops": 1,
                                                                                                                                "Output": [
                                                                                                                                    "n.id"
                                                                                                                                ],
                                                                                                                                "Sort Key": [
                                                                                                                                    "n.id"
                                                                                                                                ],
                                                                                                                                "Sort Method": "quicksort",
                                                                                                                                "Sort Space Used": 3881,
                                                                                                                                "Sort Space Type": "Memory",
                                                                                                                                "Plans": [
                                                                                                                                    {
                                                                                                                                        "Node Type": "Seq Scan",
                                                                                                                                        "Parent Relationship": "Outer",
                                                                                                                                        "Parallel Aware": false,
                                                                                                                                        "Relation Name": "name",
                                                                                                                                        "Schema": "public",
                                                                                                                                        "Alias": "n",
                                                                                                                                        "Startup Cost": 10000000000.0,
                                                                                                                                        "Total Cost": 10000118126.24,
                                                                                                                                        "Plan Rows": 37808,
                                                                                                                                        "Plan Width": 4,
                                                                                                                                        "Actual Startup Time": 204.342,
                                                                                                                                        "Actual Total Time": 476.951,
                                                                                                                                        "Actual Rows": 50011,
                                                                                                                                        "Actual Loops": 1,
                                                                                                                                        "Output": [
                                                                                                                                            "n.id"
                                                                                                                                        ],
                                                                                                                                        "Filter": "((n.name ~~ '%An%'::text) AND ((n.gender)::text = 'f'::text))",
                                                                                                                                        "Rows Removed by Filter": 4117480
                                                                                                                                    }
                                                                                                                                ]
                                                                                                                            }
                                                                                                                        ]
                                                                                                                    }
                                                                                                                ]
                                                                                                            }
                                                                                                        ]
                                                                                                    },
                                                                                                    {
                                                                                                        "Node Type": "Hash",
                                                                                                        "Parent Relationship": "Inner",
                                                                                                        "Parallel Aware": false,
                                                                                                        "Startup Cost": 12454.44,
                                                                                                        "Total Cost": 12454.44,
                                                                                                        "Plan Rows": 84301,
                                                                                                        "Plan Width": 4,
                                                                                                        "Actual Startup Time": 105.963,
                                                                                                        "Actual Total Time": 105.964,
                                                                                                        "Actual Rows": 84843,
                                                                                                        "Actual Loops": 1,
                                                                                                        "Output": [
                                                                                                            "cn.id"
                                                                                                        ],
                                                                                                        "Hash Buckets": 131072,
                                                                                                        "Original Hash Buckets": 131072,
                                                                                                        "Hash Batches": 1,
                                                                                                        "Original Hash Batches": 1,
                                                                                                        "Peak Memory Usage": 4007,
                                                                                                        "Plans": [
                                                                                                            {
                                                                                                                "Node Type": "Index Scan",
                                                                                                                "Parent Relationship": "Outer",
                                                                                                                "Parallel Aware": false,
                                                                                                                "Scan Direction": "Forward",
                                                                                                                "Index Name": "company_name_pkey",
                                                                                                                "Relation Name": "company_name",
                                                                                                                "Schema": "public",
                                                                                                                "Alias": "cn",
                                                                                                                "Startup Cost": 0.42,
                                                                                                                "Total Cost": 12454.44,
                                                                                                                "Plan Rows": 84301,
                                                                                                                "Plan Width": 4,
                                                                                                                "Actual Startup Time": 0.024,
                                                                                                                "Actual Total Time": 94.045,
                                                                                                                "Actual Rows": 84843,
                                                                                                                "Actual Loops": 1,
                                                                                                                "Output": [
                                                                                                                    "cn.id"
                                                                                                                ],
                                                                                                                "Filter": "((cn.country_code)::text = '[us]'::text)",
                                                                                                                "Rows Removed by Filter": 150154
                                                                                                            }
                                                                                                        ]
                                                                                                    }
                                                                                                ]
                                                                                            },
                                                                                            {
                                                                                                "Node Type": "Bitmap Heap Scan",
                                                                                                "Parent Relationship": "Inner",
                                                                                                "Parallel Aware": false,
                                                                                                "Relation Name": "keyword",
                                                                                                "Schema": "public",
                                                                                                "Alias": "k",
                                                                                                "Startup Cost": 0.43,
                                                                                                "Total Cost": 4.44,
                                                                                                "Plan Rows": 1,
                                                                                                "Plan Width": 4,
                                                                                                "Actual Startup Time": 0.003,
                                                                                                "Actual Total Time": 0.003,
                                                                                                "Actual Rows": 0,
                                                                                                "Actual Loops": 1770,
                                                                                                "Output": [
                                                                                                    "k.id",
                                                                                                    "k.keyword",
                                                                                                    "k.phonetic_code"
                                                                                                ],
                                                                                                "Recheck Cond": "(k.id = mk.keyword_id)",
                                                                                                "Rows Removed by Index Recheck": 0,
                                                                                                "Filter": "(k.keyword = 'computer-animation'::text)",
                                                                                                "Rows Removed by Filter": 1,
                                                                                                "Exact Heap Blocks": 1770,
                                                                                                "Lossy Heap Blocks": 0,
                                                                                                "Plans": [
                                                                                                    {
                                                                                                        "Node Type": "Bitmap Index Scan",
                                                                                                        "Parent Relationship": "Outer",
                                                                                                        "Parallel Aware": false,
                                                                                                        "Index Name": "keyword_pkey",
                                                                                                        "Startup Cost": 0.0,
                                                                                                        "Total Cost": 0.43,
                                                                                                        "Plan Rows": 1,
                                                                                                        "Plan Width": 0,
                                                                                                        "Actual Startup Time": 0.002,
                                                                                                        "Actual Total Time": 0.002,
                                                                                                        "Actual Rows": 1,
                                                                                                        "Actual Loops": 1770,
                                                                                                        "Index Cond": "(k.id = mk.keyword_id)"
                                                                                                    }
                                                                                                ]
                                                                                            }
                                                                                        ]
                                                                                    }
                                                                                ]
                                                                            }
                                                                        ]
                                                                    }
                                                                ]
                                                            }
                                                        ]
                                                    },
                                                    {
                                                        "Node Type": "Sort",
                                                        "Parent Relationship": "Inner",
                                                        "Parallel Aware": false,
                                                        "Startup Cost": 10000120691.05,
                                                        "Total Cost": 10000120756.62,
                                                        "Plan Rows": 26226,
                                                        "Plan Width": 4,
                                                        "Actual Startup Time": 733.206,
                                                        "Actual Total Time": 736.094,
                                                        "Actual Rows": 79701,
                                                        "Actual Loops": 1,
                                                        "Output": [
                                                            "pi.person_id"
                                                        ],
                                                        "Sort Key": [
                                                            "pi.person_id"
                                                        ],
                                                        "Sort Method": "quicksort",
                                                        "Sort Space Used": 12817,
                                                        "Sort Space Type": "Memory",
                                                        "Plans": [
                                                            {
                                                                "Node Type": "Hash Join",
                                                                "Parent Relationship": "Outer",
                                                                "Parallel Aware": false,
                                                                "Join Type": "Inner",
                                                                "Startup Cost": 10000117730.18,
                                                                "Total Cost": 10000118766.23,
                                                                "Plan Rows": 26226,
                                                                "Plan Width": 4,
                                                                "Actual Startup Time": 682.526,
                                                                "Actual Total Time": 707.255,
                                                                "Actual Rows": 142345,
                                                                "Actual Loops": 1,
                                                                "Output": [
                                                                    "pi.person_id"
                                                                ],
                                                                "Inner Unique": false,
                                                                "Hash Cond": "(it3.id = pi.info_type_id)",
                                                                "Plans": [
                                                                    {
                                                                        "Node Type": "Seq Scan",
                                                                        "Parent Relationship": "Outer",
                                                                        "Parallel Aware": false,
                                                                        "Relation Name": "info_type",
                                                                        "Schema": "public",
                                                                        "Alias": "it3",
                                                                        "Startup Cost": 0.0,
                                                                        "Total Cost": 2.41,
                                                                        "Plan Rows": 1,
                                                                        "Plan Width": 4,
                                                                        "Actual Startup Time": 0.017,
                                                                        "Actual Total Time": 0.027,
                                                                        "Actual Rows": 1,
                                                                        "Actual Loops": 1,
                                                                        "Output": [
                                                                            "it3.id",
                                                                            "it3.info"
                                                                        ],
                                                                        "Filter": "((it3.info)::text = 'height'::text)",
                                                                        "Rows Removed by Filter": 112
                                                                    },
                                                                    {
                                                                        "Node Type": "Hash",
                                                                        "Parent Relationship": "Inner",
                                                                        "Parallel Aware": false,
                                                                        "Startup Cost": 10000080686.19,
                                                                        "Total Cost": 10000080686.19,
                                                                        "Plan Rows": 2963519,
                                                                        "Plan Width": 8,
                                                                        "Actual Startup Time": 678.923,
                                                                        "Actual Total Time": 678.924,
                                                                        "Actual Rows": 2963664,
                                                                        "Actual Loops": 1,
                                                                        "Output": [
                                                                            "pi.person_id",
                                                                            "pi.info_type_id"
                                                                        ],
                                                                        "Hash Buckets": 4194304,
                                                                        "Original Hash Buckets": 4194304,
                                                                        "Hash Batches": 1,
                                                                        "Original Hash Batches": 1,
                                                                        "Peak Memory Usage": 148537,
                                                                        "Plans": [
                                                                            {
                                                                                "Node Type": "Seq Scan",
                                                                                "Parent Relationship": "Outer",
                                                                                "Parallel Aware": false,
                                                                                "Relation Name": "person_info",
                                                                                "Schema": "public",
                                                                                "Alias": "pi",
                                                                                "Startup Cost": 10000000000.0,
                                                                                "Total Cost": 10000080686.19,
                                                                                "Plan Rows": 2963519,
                                                                                "Plan Width": 8,
                                                                                "Actual Startup Time": 0.013,
                                                                                "Actual Total Time": 402.918,
                                                                                "Actual Rows": 2963664,
                                                                                "Actual Loops": 1,
                                                                                "Output": [
                                                                                    "pi.person_id",
                                                                                    "pi.info_type_id"
                                                                                ]
                                                                            }
                                                                        ]
                                                                    }
                                                                ]
                                                            }
                                                        ]
                                                    }
                                                ]
                                            }
                                        ]
                                    },
                                    {
                                        "Node Type": "Index Scan",
                                        "Parent Relationship": "Inner",
                                        "Parallel Aware": false,
                                        "Scan Direction": "Forward",
                                        "Index Name": "role_type_pkey",
                                        "Relation Name": "role_type",
                                        "Schema": "public",
                                        "Alias": "rt",
                                        "Startup Cost": 0.14,
                                        "Total Cost": 12.35,
                                        "Plan Rows": 1,
                                        "Plan Width": 4,
                                        "Actual Startup Time": 0.018,
                                        "Actual Total Time": 0.018,
                                        "Actual Rows": 1,
                                        "Actual Loops": 1,
                                        "Output": [
                                            "rt.id",
                                            "rt.role"
                                        ],
                                        "Filter": "((rt.role)::text = 'actress'::text)",
                                        "Rows Removed by Filter": 1
                                    }
                                ]
                            }
                        ]
                    }
                ]
            }
        ]
    },
    "Planning Time": 1698.419,
    "Triggers": [],
    "Execution Time": 10995.212
}