[
  {
    "Plan": {
      "Node Type": "Aggregate",
      "Strategy": "Plain",
      "Partial Mode": "Finalize",
      "Parallel Aware": false,
      "Startup Cost": 255509.5,
      "Total Cost": 255509.51,
      "Plan Rows": 1,
      "Plan Width": 8,
      "Actual Startup Time": 334.819,
      "Actual Total Time": 352.169,
      "Actual Rows": 1,
      "Actual Loops": 1,
      "Plans": [
        {
          "Node Type": "Gather",
          "Parent Relationship": "Outer",
          "Parallel Aware": false,
          "Startup Cost": 255508.88,
          "Total Cost": 255509.49,
          "Plan Rows": 6,
          "Plan Width": 8,
          "Actual Startup Time": 334.653,
          "Actual Total Time": 352.163,
          "Actual Rows": 7,
          "Actual Loops": 1,
          "Workers Planned": 6,
          "Workers Launched": 6,
          "Single Copy": false,
          "Plans": [
            {
              "Node Type": "Aggregate",
              "Strategy": "Plain",
              "Partial Mode": "Partial",
              "Parent Relationship": "Outer",
              "Parallel Aware": false,
              "Startup Cost": 254508.88,
              "Total Cost": 254508.89,
              "Plan Rows": 1,
              "Plan Width": 8,
              "Actual Startup Time": 330.109,
              "Actual Total Time": 330.11,
              "Actual Rows": 1,
              "Actual Loops": 7,
              "Plans": [
                {
                  "Node Type": "Index Scan",
                  "Parent Relationship": "Outer",
                  "Parallel Aware": true,
                  "Scan Direction": "Forward",
                  "Index Name": "role_id_cast_info",
                  "Relation Name": "cast_info",
                  "Alias": "ci",
                  "Startup Cost": 0.56,
                  "Total Cost": 251544.36,
                  "Plan Rows": 1185809,
                  "Plan Width": 0,
                  "Actual Startup Time": 0.078,
                  "Actual Total Time": 273.658,
                  "Actual Rows": 1174555,
                  "Actual Loops": 7,
                  "Index Cond": "(role_id > 4)",
                  "Rows Removed by Index Recheck": 0,
                  "Filter": "(person_id > 868968)",
                  "Rows Removed by Filter": 166117
                }
              ]
            }
          ]
        }
      ]
    },
    "Planning Time": 0.149,
    "Triggers": [],
    "Execution Time": 352.217
  }
]