{
  "Plan": {
    "Node Type": "Aggregate",
    "Strategy": "Plain",
    "Partial Mode": "Finalize",
    "Parallel Aware": false,
    "Startup Cost": 768850.44,
    "Total Cost": 768850.45,
    "Plan Rows": 1,
    "Plan Width": 64,
    "Actual Startup Time": 35717.692,
    "Actual Total Time": 35753.341,
    "Actual Rows": 1,
    "Actual Loops": 1,
    "Plans": [
      {
        "Node Type": "Gather",
        "Parent Relationship": "Outer",
        "Parallel Aware": false,
        "Startup Cost": 768850.32,
        "Total Cost": 768850.43,
        "Plan Rows": 1,
        "Plan Width": 64,
        "Actual Startup Time": 35717.684,
        "Actual Total Time": 35753.332,
        "Actual Rows": 1,
        "Actual Loops": 1,
        "Workers Planned": 1,
        "Workers Launched": 0,
        "Single Copy": false,
        "Plans": [
          {
            "Node Type": "Aggregate",
            "Strategy": "Plain",
            "Partial Mode": "Partial",
            "Parent Relationship": "Outer",
            "Parallel Aware": false,
            "Startup Cost": 767850.32,
            "Total Cost": 767850.33,
            "Plan Rows": 1,
            "Plan Width": 64,
            "Actual Startup Time": 35716.616,
            "Actual Total Time": 35716.627,
            "Actual Rows": 1,
            "Actual Loops": 1,
            "Plans": [
              {
                "Node Type": "Hash Join",
                "Parent Relationship": "Outer",
                "Parallel Aware": true,
                "Join Type": "Inner",
                "Startup Cost": 585485.68,
                "Total Cost": 759853.27,
                "Plan Rows": 1599411,
                "Plan Width": 33,
                "Actual Startup Time": 20131.874,
                "Actual Total Time": 34268.266,
                "Actual Rows": 18418041,
                "Actual Loops": 1,
                "Inner Unique": true,
                "Hash Cond": "(an1.person_id = n1.id)",
                "Plans": [
                  {
                    "Node Type": "Hash Join",
                    "Parent Relationship": "Outer",
                    "Parallel Aware": true,
                    "Join Type": "Inner",
                    "Startup Cost": 474713.57,
                    "Total Cost": 644882.7,
                    "Plan Rows": 1599411,
                    "Plan Width": 41,
                    "Actual Startup Time": 18480.978,
                    "Actual Total Time": 28717.719,
                    "Actual Rows": 18418041,
                    "Actual Loops": 1,
                    "Inner Unique": true,
                    "Hash Cond": "(mc.company_id = cn.id)",
                    "Plans": [
                      {
                        "Node Type": "Hash Join",
                        "Parent Relationship": "Outer",
                        "Parallel Aware": false,
                        "Join Type": "Inner",
                        "Startup Cost": 469362.55,
                        "Total Cost": 627981.34,
                        "Plan Rows": 4400052,
                        "Plan Width": 45,
                        "Actual Startup Time": 18441.752,
                        "Actual Total Time": 25033.399,
                        "Actual Rows": 37618112,
                        "Actual Loops": 1,
                        "Inner Unique": false,
                        "Hash Cond": "(mc.movie_id = ci.movie_id)",
                        "Plans": [
                          {
                            "Node Type": "Seq Scan",
                            "Parent Relationship": "Outer",
                            "Parallel Aware": true,
                            "Relation Name": "movie_companies",
                            "Alias": "mc",
                            "Startup Cost": 0.0,
                            "Total Cost": 34137.82,
                            "Plan Rows": 1534782,
                            "Plan Width": 8,
                            "Actual Startup Time": 0.006,
                            "Actual Total Time": 205.986,
                            "Actual Rows": 2609129,
                            "Actual Loops": 1
                          },
                          {
                            "Node Type": "Hash",
                            "Parent Relationship": "Inner",
                            "Parallel Aware": false,
                            "Startup Cost": 378753.64,
                            "Total Cost": 378753.64,
                            "Plan Rows": 7248713,
                            "Plan Width": 49,
                            "Actual Startup Time": 18406.505,
                            "Actual Total Time": 18406.512,
                            "Actual Rows": 16350376,
                            "Actual Loops": 1,
                            "Hash Buckets": 16777216,
                            "Original Hash Buckets": 8388608,
                            "Hash Batches": 1,
                            "Original Hash Batches": 1,
                            "Peak Memory Usage": 1513604,
                            "Plans": [
                              {
                                "Node Type": "Hash Join",
                                "Parent Relationship": "Outer",
                                "Parallel Aware": false,
                                "Join Type": "Inner",
                                "Startup Cost": 124564.3,
                                "Total Cost": 378753.64,
                                "Plan Rows": 7248713,
                                "Plan Width": 49,
                                "Actual Startup Time": 1396.433,
                                "Actual Total Time": 12239.641,
                                "Actual Rows": 16350376,
                                "Actual Loops": 1,
                                "Inner Unique": true,
                                "Hash Cond": "(ci.movie_id = t.id)",
                                "Plans": [
                                  {
                                    "Node Type": "Hash Join",
                                    "Parent Relationship": "Outer",
                                    "Parallel Aware": false,
                                    "Join Type": "Inner",
                                    "Startup Cost": 31676.78,
                                    "Total Cost": 266838.22,
                                    "Plan Rows": 7248713,
                                    "Plan Width": 28,
                                    "Actual Startup Time": 306.401,
                                    "Actual Total Time": 6134.899,
                                    "Actual Rows": 16350376,
                                    "Actual Loops": 1,
                                    "Inner Unique": false,
                                    "Hash Cond": "(ci.person_id = an1.person_id)",
                                    "Plans": [
                                      {
                                        "Node Type": "Nested Loop",
                                        "Parent Relationship": "Outer",
                                        "Parallel Aware": false,
                                        "Join Type": "Inner",
                                        "Startup Cost": 0.56,
                                        "Total Cost": 147569.99,
                                        "Plan Rows": 3020976,
                                        "Plan Width": 8,
                                        "Actual Startup Time": 0.067,
                                        "Actual Total Time": 3001.167,
                                        "Actual Rows": 12670688,
                                        "Actual Loops": 1,
                                        "Inner Unique": false,
                                        "Plans": [
                                          {
                                            "Node Type": "Seq Scan",
                                            "Parent Relationship": "Outer",
                                            "Parallel Aware": false,
                                            "Relation Name": "role_type",
                                            "Alias": "rt",
                                            "Startup Cost": 0.0,
                                            "Total Cost": 1.15,
                                            "Plan Rows": 1,
                                            "Plan Width": 4,
                                            "Actual Startup Time": 0.023,
                                            "Actual Total Time": 0.029,
                                            "Actual Rows": 1,
                                            "Actual Loops": 1,
                                            "Filter": "((role)::text = 'actor'::text)",
                                            "Rows Removed by Filter": 11
                                          },
                                          {
                                            "Node Type": "Index Scan",
                                            "Parent Relationship": "Inner",
                                            "Parallel Aware": false,
                                            "Scan Direction": "Forward",
                                            "Index Name": "role_id_cast_info",
                                            "Relation Name": "cast_info",
                                            "Alias": "ci",
                                            "Startup Cost": 0.56,
                                            "Total Cost": 114612.74,
                                            "Plan Rows": 3295610,
                                            "Plan Width": 12,
                                            "Actual Startup Time": 0.038,
                                            "Actual Total Time": 1862.096,
                                            "Actual Rows": 12670688,
                                            "Actual Loops": 1,
                                            "Index Cond": "(role_id = rt.id)",
                                            "Rows Removed by Index Recheck": 0
                                          }
                                        ]
                                      },
                                      {
                                        "Node Type": "Hash",
                                        "Parent Relationship": "Inner",
                                        "Parallel Aware": false,
                                        "Startup Cost": 20409.43,
                                        "Total Cost": 20409.43,
                                        "Plan Rows": 901343,
                                        "Plan Width": 20,
                                        "Actual Startup Time": 303.0,
                                        "Actual Total Time": 303.0,
                                        "Actual Rows": 901343,
                                        "Actual Loops": 1,
                                        "Hash Buckets": 1048576,
                                        "Original Hash Buckets": 1048576,
                                        "Hash Batches": 1,
                                        "Original Hash Batches": 1,
                                        "Peak Memory Usage": 55917,
                                        "Plans": [
                                          {
                                            "Node Type": "Seq Scan",
                                            "Parent Relationship": "Outer",
                                            "Parallel Aware": false,
                                            "Relation Name": "aka_name",
                                            "Alias": "an1",
                                            "Startup Cost": 0.0,
                                            "Total Cost": 20409.43,
                                            "Plan Rows": 901343,
                                            "Plan Width": 20,
                                            "Actual Startup Time": 0.015,
                                            "Actual Total Time": 105.363,
                                            "Actual Rows": 901343,
                                            "Actual Loops": 1
                                          }
                                        ]
                                      }
                                    ]
                                  },
                                  {
                                    "Node Type": "Hash",
                                    "Parent Relationship": "Inner",
                                    "Parallel Aware": false,
                                    "Startup Cost": 61282.23,
                                    "Total Cost": 61282.23,
                                    "Plan Rows": 2528423,
                                    "Plan Width": 21,
                                    "Actual Startup Time": 1073.37,
                                    "Actual Total Time": 1073.371,
                                    "Actual Rows": 2528312,
                                    "Actual Loops": 1,
                                    "Hash Buckets": 4194304,
                                    "Original Hash Buckets": 4194304,
                                    "Hash Batches": 1,
                                    "Original Hash Batches": 1,
                                    "Peak Memory Usage": 168637,
                                    "Plans": [
                                      {
                                        "Node Type": "Seq Scan",
                                        "Parent Relationship": "Outer",
                                        "Parallel Aware": false,
                                        "Relation Name": "title",
                                        "Alias": "t",
                                        "Startup Cost": 0.0,
                                        "Total Cost": 61282.23,
                                        "Plan Rows": 2528423,
                                        "Plan Width": 21,
                                        "Actual Startup Time": 0.017,
                                        "Actual Total Time": 302.241,
                                        "Actual Rows": 2528312,
                                        "Actual Loops": 1
                                      }
                                    ]
                                  }
                                ]
                              }
                            ]
                          }
                        ]
                      },
                      {
                        "Node Type": "Hash",
                        "Parent Relationship": "Inner",
                        "Parallel Aware": true,
                        "Startup Cost": 4722.92,
                        "Total Cost": 4722.92,
                        "Plan Rows": 50248,
                        "Plan Width": 4,
                        "Actual Startup Time": 38.71,
                        "Actual Total Time": 38.71,
                        "Actual Rows": 84843,
                        "Actual Loops": 1,
                        "Hash Buckets": 131072,
                        "Original Hash Buckets": 131072,
                        "Hash Batches": 1,
                        "Original Hash Batches": 1,
                        "Peak Memory Usage": 4352,
                        "Plans": [
                          {
                            "Node Type": "Seq Scan",
                            "Parent Relationship": "Outer",
                            "Parallel Aware": true,
                            "Relation Name": "company_name",
                            "Alias": "cn",
                            "Startup Cost": 0.0,
                            "Total Cost": 4722.92,
                            "Plan Rows": 50248,
                            "Plan Width": 4,
                            "Actual Startup Time": 0.014,
                            "Actual Total Time": 25.025,
                            "Actual Rows": 84843,
                            "Actual Loops": 1,
                            "Filter": "((country_code)::text = '[us]'::text)",
                            "Rows Removed by Filter": 150154
                          }
                        ]
                      }
                    ]
                  },
                  {
                    "Node Type": "Hash",
                    "Parent Relationship": "Inner",
                    "Parallel Aware": true,
                    "Startup Cost": 80128.16,
                    "Total Cost": 80128.16,
                    "Plan Rows": 2451516,
                    "Plan Width": 4,
                    "Actual Startup Time": 1607.687,
                    "Actual Total Time": 1607.687,
                    "Actual Rows": 4167491,
                    "Actual Loops": 1,
                    "Hash Buckets": 4194304,
                    "Original Hash Buckets": 4194304,
                    "Hash Batches": 1,
                    "Original Hash Batches": 1,
                    "Peak Memory Usage": 195808,
                    "Plans": [
                      {
                        "Node Type": "Seq Scan",
                        "Parent Relationship": "Outer",
                        "Parallel Aware": true,
                        "Relation Name": "name",
                        "Alias": "n1",
                        "Startup Cost": 0.0,
                        "Total Cost": 80128.16,
                        "Plan Rows": 2451516,
                        "Plan Width": 4,
                        "Actual Startup Time": 0.015,
                        "Actual Total Time": 446.022,
                        "Actual Rows": 4167491,
                        "Actual Loops": 1
                      }
                    ]
                  }
                ]
              }
            ]
          }
        ]
      }
    ]
  },
  "Planning Time": 1.342,
  "Triggers": [],
  "Execution Time": 35888.971
}