[
    {
        "Bao": {
            "Bao prediction": "NaN",
            "Bao recommended hint": "(no hint)"
        }
    },
    {
        "Plan": {
            "Node Type": "Aggregate",
            "Strategy": "Plain",
            "Partial Mode": "Finalize",
            "Parallel Aware": false,
            "Startup Cost": 31041.9,
            "Total Cost": 31041.91,
            "Plan Rows": 1,
            "Plan Width": 8,
            "Actual Startup Time": 77.623,
            "Actual Total Time": 85.429,
            "Actual Rows": 1,
            "Actual Loops": 1,
            "Output": [
                "count(*)"
            ],
            "Plans": [
                {
                    "Node Type": "Gather",
                    "Parent Relationship": "Outer",
                    "Parallel Aware": false,
                    "Startup Cost": 31041.58,
                    "Total Cost": 31041.89,
                    "Plan Rows": 3,
                    "Plan Width": 8,
                    "Actual Startup Time": 77.35,
                    "Actual Total Time": 85.42,
                    "Actual Rows": 4,
                    "Actual Loops": 1,
                    "Output": [
                        "(PARTIAL count(*))"
                    ],
                    "Workers Planned": 3,
                    "Workers Launched": 3,
                    "Single Copy": false,
                    "Plans": [
                        {
                            "Node Type": "Aggregate",
                            "Strategy": "Plain",
                            "Partial Mode": "Partial",
                            "Parent Relationship": "Outer",
                            "Parallel Aware": false,
                            "Startup Cost": 30041.58,
                            "Total Cost": 30041.59,
                            "Plan Rows": 1,
                            "Plan Width": 8,
                            "Actual Startup Time": 69.065,
                            "Actual Total Time": 69.067,
                            "Actual Rows": 1,
                            "Actual Loops": 4,
                            "Output": [
                                "PARTIAL count(*)"
                            ],
                            "Workers": [
                                {
                                    "Worker Number": 0,
                                    "Actual Startup Time": 66.105,
                                    "Actual Total Time": 66.106,
                                    "Actual Rows": 1,
                                    "Actual Loops": 1
                                },
                                {
                                    "Worker Number": 1,
                                    "Actual Startup Time": 66.535,
                                    "Actual Total Time": 66.537,
                                    "Actual Rows": 1,
                                    "Actual Loops": 1
                                },
                                {
                                    "Worker Number": 2,
                                    "Actual Startup Time": 66.578,
                                    "Actual Total Time": 66.579,
                                    "Actual Rows": 1,
                                    "Actual Loops": 1
                                }
                            ],
                            "Plans": [
                                {
                                    "Node Type": "Bitmap Heap Scan",
                                    "Parent Relationship": "Outer",
                                    "Parallel Aware": true,
                                    "Relation Name": "movie_keyword",
                                    "Schema": "public",
                                    "Alias": "mk",
                                    "Startup Cost": 4550.11,
                                    "Total Cost": 29868.67,
                                    "Plan Rows": 69165,
                                    "Plan Width": 0,
                                    "Actual Startup Time": 11.648,
                                    "Actual Total Time": 65.499,
                                    "Actual Rows": 52951,
                                    "Actual Loops": 4,
                                    "Recheck Cond": "(mk.keyword_id > 66332)",
                                    "Rows Removed by Index Recheck": 0,
                                    "Exact Heap Blocks": 11395,
                                    "Lossy Heap Blocks": 0,
                                    "Workers": [
                                        {
                                            "Worker Number": 0,
                                            "Actual Startup Time": 8.662,
                                            "Actual Total Time": 62.998,
                                            "Actual Rows": 36092,
                                            "Actual Loops": 1
                                        },
                                        {
                                            "Worker Number": 1,
                                            "Actual Startup Time": 9.184,
                                            "Actual Total Time": 63.341,
                                            "Actual Rows": 29497,
                                            "Actual Loops": 1
                                        },
                                        {
                                            "Worker Number": 2,
                                            "Actual Startup Time": 9.442,
                                            "Actual Total Time": 63.422,
                                            "Actual Rows": 29336,
                                            "Actual Loops": 1
                                        }
                                    ],
                                    "Plans": [
                                        {
                                            "Node Type": "Bitmap Index Scan",
                                            "Parent Relationship": "Outer",
                                            "Parallel Aware": false,
                                            "Index Name": "keyword_id_movie_keyword",
                                            "Startup Cost": 0.0,
                                            "Total Cost": 4496.51,
                                            "Plan Rows": 214410,
                                            "Plan Width": 0,
                                            "Actual Startup Time": 15.825,
                                            "Actual Total Time": 15.826,
                                            "Actual Rows": 211804,
                                            "Actual Loops": 1,
                                            "Index Cond": "(mk.keyword_id > 66332)"
                                        }
                                    ]
                                }
                            ]
                        }
                    ]
                }
            ]
        },
        "Planning Time": 198.326,
        "Triggers": [],
        "Execution Time": 85.496
    }
]