[
  {
    "Plan": {
      "Node Type": "Aggregate",
      "Strategy": "Plain",
      "Partial Mode": "Finalize",
      "Parallel Aware": false,
      "Startup Cost": 31951.4,
      "Total Cost": 31951.41,
      "Plan Rows": 1,
      "Plan Width": 8,
      "Actual Startup Time": 113.12,
      "Actual Total Time": 120.996,
      "Actual Rows": 1,
      "Actual Loops": 1,
      "Plans": [
        {
          "Node Type": "Gather",
          "Parent Relationship": "Outer",
          "Parallel Aware": false,
          "Startup Cost": 31951.09,
          "Total Cost": 31951.4,
          "Plan Rows": 3,
          "Plan Width": 8,
          "Actual Startup Time": 113.037,
          "Actual Total Time": 120.987,
          "Actual Rows": 4,
          "Actual Loops": 1,
          "Workers Planned": 3,
          "Workers Launched": 3,
          "Single Copy": false,
          "Plans": [
            {
              "Node Type": "Aggregate",
              "Strategy": "Plain",
              "Partial Mode": "Partial",
              "Parent Relationship": "Outer",
              "Parallel Aware": false,
              "Startup Cost": 30951.09,
              "Total Cost": 30951.1,
              "Plan Rows": 1,
              "Plan Width": 8,
              "Actual Startup Time": 108.039,
              "Actual Total Time": 108.04,
              "Actual Rows": 1,
              "Actual Loops": 4,
              "Plans": [
                {
                  "Node Type": "Seq Scan",
                  "Parent Relationship": "Outer",
                  "Parallel Aware": true,
                  "Relation Name": "movie_companies",
                  "Alias": "mc",
                  "Startup Cost": 0.0,
                  "Total Cost": 29310.68,
                  "Plan Rows": 656162,
                  "Plan Width": 0,
                  "Actual Startup Time": 0.263,
                  "Actual Total Time": 83.988,
                  "Actual Rows": 509687,
                  "Actual Loops": 4,
                  "Filter": "(company_id > 596)",
                  "Rows Removed by Filter": 142595
                }
              ]
            }
          ]
        }
      ]
    },
    "Planning Time": 0.183,
    "Triggers": [],
    "Execution Time": 121.045
  }
]