[
    {
        "Bao": {
            "Bao prediction": "NaN",
            "Bao recommended hint": "(no hint)"
        }
    },
    {
        "Plan": {
            "Node Type": "Aggregate",
            "Strategy": "Plain",
            "Partial Mode": "Finalize",
            "Parallel Aware": false,
            "Startup Cost": 82071.15,
            "Total Cost": 82071.16,
            "Plan Rows": 1,
            "Plan Width": 8,
            "Actual Startup Time": 217.524,
            "Actual Total Time": 235.356,
            "Actual Rows": 1,
            "Actual Loops": 1,
            "Output": [
                "count(*)"
            ],
            "Plans": [
                {
                    "Node Type": "Gather",
                    "Parent Relationship": "Outer",
                    "Parallel Aware": false,
                    "Startup Cost": 82070.73,
                    "Total Cost": 82071.14,
                    "Plan Rows": 4,
                    "Plan Width": 8,
                    "Actual Startup Time": 217.068,
                    "Actual Total Time": 235.347,
                    "Actual Rows": 5,
                    "Actual Loops": 1,
                    "Output": [
                        "(PARTIAL count(*))"
                    ],
                    "Workers Planned": 4,
                    "Workers Launched": 4,
                    "Single Copy": false,
                    "Plans": [
                        {
                            "Node Type": "Aggregate",
                            "Strategy": "Plain",
                            "Partial Mode": "Partial",
                            "Parent Relationship": "Outer",
                            "Parallel Aware": false,
                            "Startup Cost": 81070.73,
                            "Total Cost": 81070.74,
                            "Plan Rows": 1,
                            "Plan Width": 8,
                            "Actual Startup Time": 207.58,
                            "Actual Total Time": 207.584,
                            "Actual Rows": 1,
                            "Actual Loops": 5,
                            "Output": [
                                "PARTIAL count(*)"
                            ],
                            "Workers": [
                                {
                                    "Worker Number": 0,
                                    "Actual Startup Time": 205.015,
                                    "Actual Total Time": 205.017,
                                    "Actual Rows": 1,
                                    "Actual Loops": 1
                                },
                                {
                                    "Worker Number": 1,
                                    "Actual Startup Time": 204.98,
                                    "Actual Total Time": 204.983,
                                    "Actual Rows": 1,
                                    "Actual Loops": 1
                                },
                                {
                                    "Worker Number": 2,
                                    "Actual Startup Time": 205.706,
                                    "Actual Total Time": 205.709,
                                    "Actual Rows": 1,
                                    "Actual Loops": 1
                                },
                                {
                                    "Worker Number": 3,
                                    "Actual Startup Time": 205.512,
                                    "Actual Total Time": 205.515,
                                    "Actual Rows": 1,
                                    "Actual Loops": 1
                                }
                            ],
                            "Plans": [
                                {
                                    "Node Type": "Nested Loop",
                                    "Parent Relationship": "Outer",
                                    "Parallel Aware": false,
                                    "Join Type": "Inner",
                                    "Startup Cost": 44108.33,
                                    "Total Cost": 80992.87,
                                    "Plan Rows": 31146,
                                    "Plan Width": 0,
                                    "Actual Startup Time": 81.305,
                                    "Actual Total Time": 204.86,
                                    "Actual Rows": 45542,
                                    "Actual Loops": 5,
                                    "Inner Unique": false,
                                    "Join Filter": "(t.id = mi.movie_id)",
                                    "Rows Removed by Join Filter": 0,
                                    "Workers": [
                                        {
                                            "Worker Number": 0,
                                            "Actual Startup Time": 78.804,
                                            "Actual Total Time": 202.155,
                                            "Actual Rows": 44763,
                                            "Actual Loops": 1
                                        },
                                        {
                                            "Worker Number": 1,
                                            "Actual Startup Time": 78.863,
                                            "Actual Total Time": 202.296,
                                            "Actual Rows": 40780,
                                            "Actual Loops": 1
                                        },
                                        {
                                            "Worker Number": 2,
                                            "Actual Startup Time": 79.398,
                                            "Actual Total Time": 202.938,
                                            "Actual Rows": 40484,
                                            "Actual Loops": 1
                                        },
                                        {
                                            "Worker Number": 3,
                                            "Actual Startup Time": 79.265,
                                            "Actual Total Time": 203.167,
                                            "Actual Rows": 36441,
                                            "Actual Loops": 1
                                        }
                                    ],
                                    "Plans": [
                                        {
                                            "Node Type": "Hash Join",
                                            "Parent Relationship": "Outer",
                                            "Parallel Aware": true,
                                            "Join Type": "Inner",
                                            "Startup Cost": 44107.9,
                                            "Total Cost": 66726.68,
                                            "Plan Rows": 5337,
                                            "Plan Width": 8,
                                            "Actual Startup Time": 81.231,
                                            "Actual Total Time": 128.021,
                                            "Actual Rows": 3887,
                                            "Actual Loops": 5,
                                            "Output": [
                                                "t.id",
                                                "ci.movie_id"
                                            ],
                                            "Inner Unique": true,
                                            "Hash Cond": "(ci.movie_id = t.id)",
                                            "Workers": [
                                                {
                                                    "Worker Number": 0,
                                                    "Actual Startup Time": 78.724,
                                                    "Actual Total Time": 120.704,
                                                    "Actual Rows": 3342,
                                                    "Actual Loops": 1
                                                },
                                                {
                                                    "Worker Number": 1,
                                                    "Actual Startup Time": 78.773,
                                                    "Actual Total Time": 123.286,
                                                    "Actual Rows": 3188,
                                                    "Actual Loops": 1
                                                },
                                                {
                                                    "Worker Number": 2,
                                                    "Actual Startup Time": 79.317,
                                                    "Actual Total Time": 120.045,
                                                    "Actual Rows": 4092,
                                                    "Actual Loops": 1
                                                },
                                                {
                                                    "Worker Number": 3,
                                                    "Actual Startup Time": 79.178,
                                                    "Actual Total Time": 121.425,
                                                    "Actual Rows": 3282,
                                                    "Actual Loops": 1
                                                }
                                            ],
                                            "Plans": [
                                                {
                                                    "Node Type": "Index Scan",
                                                    "Parent Relationship": "Outer",
                                                    "Parallel Aware": true,
                                                    "Scan Direction": "Forward",
                                                    "Index Name": "role_id_cast_info",
                                                    "Relation Name": "cast_info",
                                                    "Schema": "public",
                                                    "Alias": "ci",
                                                    "Startup Cost": 0.56,
                                                    "Total Cost": 22088.01,
                                                    "Plan Rows": 202411,
                                                    "Plan Width": 4,
                                                    "Actual Startup Time": 0.052,
                                                    "Actual Total Time": 23.121,
                                                    "Actual Rows": 154735,
                                                    "Actual Loops": 5,
                                                    "Output": [
                                                        "ci.id",
                                                        "ci.person_id",
                                                        "ci.movie_id",
                                                        "ci.person_role_id",
                                                        "ci.note",
                                                        "ci.nr_order",
                                                        "ci.role_id"
                                                    ],
                                                    "Index Cond": "(ci.role_id = 6)",
                                                    "Rows Removed by Index Recheck": 0,
                                                    "Workers": [
                                                        {
                                                            "Worker Number": 0,
                                                            "Actual Startup Time": 0.05,
                                                            "Actual Total Time": 21.246,
                                                            "Actual Rows": 135330,
                                                            "Actual Loops": 1
                                                        },
                                                        {
                                                            "Worker Number": 1,
                                                            "Actual Startup Time": 0.058,
                                                            "Actual Total Time": 22.346,
                                                            "Actual Rows": 143130,
                                                            "Actual Loops": 1
                                                        },
                                                        {
                                                            "Worker Number": 2,
                                                            "Actual Startup Time": 0.075,
                                                            "Actual Total Time": 20.303,
                                                            "Actual Rows": 117304,
                                                            "Actual Loops": 1
                                                        },
                                                        {
                                                            "Worker Number": 3,
                                                            "Actual Startup Time": 0.051,
                                                            "Actual Total Time": 21.055,
                                                            "Actual Rows": 137280,
                                                            "Actual Loops": 1
                                                        }
                                                    ]
                                                },
                                                {
                                                    "Node Type": "Hash",
                                                    "Parent Relationship": "Inner",
                                                    "Parallel Aware": true,
                                                    "Startup Cost": 43899.01,
                                                    "Total Cost": 43899.01,
                                                    "Plan Rows": 16666,
                                                    "Plan Width": 4,
                                                    "Actual Startup Time": 80.433,
                                                    "Actual Total Time": 80.434,
                                                    "Actual Rows": 12514,
                                                    "Actual Loops": 5,
                                                    "Output": [
                                                        "t.id"
                                                    ],
                                                    "Hash Buckets": 131072,
                                                    "Original Hash Buckets": 131072,
                                                    "Hash Batches": 1,
                                                    "Original Hash Batches": 1,
                                                    "Peak Memory Usage": 3552,
                                                    "Workers": [
                                                        {
                                                            "Worker Number": 0,
                                                            "Actual Startup Time": 78.108,
                                                            "Actual Total Time": 78.108,
                                                            "Actual Rows": 9113,
                                                            "Actual Loops": 1
                                                        },
                                                        {
                                                            "Worker Number": 1,
                                                            "Actual Startup Time": 78.146,
                                                            "Actual Total Time": 78.148,
                                                            "Actual Rows": 9102,
                                                            "Actual Loops": 1
                                                        },
                                                        {
                                                            "Worker Number": 2,
                                                            "Actual Startup Time": 78.634,
                                                            "Actual Total Time": 78.634,
                                                            "Actual Rows": 9531,
                                                            "Actual Loops": 1
                                                        },
                                                        {
                                                            "Worker Number": 3,
                                                            "Actual Startup Time": 78.629,
                                                            "Actual Total Time": 78.631,
                                                            "Actual Rows": 9474,
                                                            "Actual Loops": 1
                                                        }
                                                    ],
                                                    "Plans": [
                                                        {
                                                            "Node Type": "Seq Scan",
                                                            "Parent Relationship": "Outer",
                                                            "Parallel Aware": true,
                                                            "Relation Name": "title",
                                                            "Schema": "public",
                                                            "Alias": "t",
                                                            "Startup Cost": 0.0,
                                                            "Total Cost": 43899.01,
                                                            "Plan Rows": 16666,
                                                            "Plan Width": 4,
                                                            "Actual Startup Time": 0.06,
                                                            "Actual Total Time": 74.596,
                                                            "Actual Rows": 12514,
                                                            "Actual Loops": 5,
                                                            "Output": [
                                                                "t.id"
                                                            ],
                                                            "Filter": "(t.production_year = 2002)",
                                                            "Rows Removed by Filter": 493149,
                                                            "Workers": [
                                                                {
                                                                    "Worker Number": 0,
                                                                    "Actual Startup Time": 0.087,
                                                                    "Actual Total Time": 72.391,
                                                                    "Actual Rows": 9113,
                                                                    "Actual Loops": 1
                                                                },
                                                                {
                                                                    "Worker Number": 1,
                                                                    "Actual Startup Time": 0.06,
                                                                    "Actual Total Time": 72.491,
                                                                    "Actual Rows": 9102,
                                                                    "Actual Loops": 1
                                                                },
                                                                {
                                                                    "Worker Number": 2,
                                                                    "Actual Startup Time": 0.071,
                                                                    "Actual Total Time": 73.175,
                                                                    "Actual Rows": 9531,
                                                                    "Actual Loops": 1
                                                                },
                                                                {
                                                                    "Worker Number": 3,
                                                                    "Actual Startup Time": 0.067,
                                                                    "Actual Total Time": 73.231,
                                                                    "Actual Rows": 9474,
                                                                    "Actual Loops": 1
                                                                }
                                                            ]
                                                        }
                                                    ]
                                                }
                                            ]
                                        },
                                        {
                                            "Node Type": "Index Only Scan",
                                            "Parent Relationship": "Inner",
                                            "Parallel Aware": false,
                                            "Scan Direction": "Forward",
                                            "Index Name": "movie_id_movie_info",
                                            "Relation Name": "movie_info",
                                            "Schema": "public",
                                            "Alias": "mi",
                                            "Startup Cost": 0.43,
                                            "Total Cost": 2.19,
                                            "Plan Rows": 39,
                                            "Plan Width": 4,
                                            "Actual Startup Time": 0.007,
                                            "Actual Total Time": 0.018,
                                            "Actual Rows": 12,
                                            "Actual Loops": 19434,
                                            "Output": [
                                                "mi.movie_id"
                                            ],
                                            "Index Cond": "(mi.movie_id = ci.movie_id)",
                                            "Rows Removed by Index Recheck": 0,
                                            "Heap Fetches": 227708,
                                            "Workers": [
                                                {
                                                    "Worker Number": 0,
                                                    "Actual Startup Time": 0.009,
                                                    "Actual Total Time": 0.023,
                                                    "Actual Rows": 13,
                                                    "Actual Loops": 3342
                                                },
                                                {
                                                    "Worker Number": 1,
                                                    "Actual Startup Time": 0.009,
                                                    "Actual Total Time": 0.023,
                                                    "Actual Rows": 13,
                                                    "Actual Loops": 3188
                                                },
                                                {
                                                    "Worker Number": 2,
                                                    "Actual Startup Time": 0.008,
                                                    "Actual Total Time": 0.019,
                                                    "Actual Rows": 10,
                                                    "Actual Loops": 4092
                                                },
                                                {
                                                    "Worker Number": 3,
                                                    "Actual Startup Time": 0.009,
                                                    "Actual Total Time": 0.023,
                                                    "Actual Rows": 11,
                                                    "Actual Loops": 3282
                                                }
                                            ]
                                        }
                                    ]
                                }
                            ]
                        }
                    ]
                }
            ]
        },
        "Planning Time": 193.115,
        "Triggers": [],
        "Execution Time": 235.437
    }
]