[
  {
    "Plan": {
      "Node Type": "Aggregate",
      "Strategy": "Plain",
      "Partial Mode": "Finalize",
      "Parallel Aware": false,
      "Startup Cost": 130352.54,
      "Total Cost": 130352.55,
      "Plan Rows": 1,
      "Plan Width": 8,
      "Actual Startup Time": 923.797,
      "Actual Total Time": 976.544,
      "Actual Rows": 1,
      "Actual Loops": 1,
      "Plans": [
        {
          "Node Type": "Gather",
          "Parent Relationship": "Outer",
          "Parallel Aware": false,
          "Startup Cost": 130352.22,
          "Total Cost": 130352.53,
          "Plan Rows": 3,
          "Plan Width": 8,
          "Actual Startup Time": 911.847,
          "Actual Total Time": 976.535,
          "Actual Rows": 4,
          "Actual Loops": 1,
          "Workers Planned": 3,
          "Workers Launched": 3,
          "Single Copy": false,
          "Plans": [
            {
              "Node Type": "Aggregate",
              "Strategy": "Plain",
              "Partial Mode": "Partial",
              "Parent Relationship": "Outer",
              "Parallel Aware": false,
              "Startup Cost": 129352.22,
              "Total Cost": 129352.23,
              "Plan Rows": 1,
              "Plan Width": 8,
              "Actual Startup Time": 886.331,
              "Actual Total Time": 886.335,
              "Actual Rows": 1,
              "Actual Loops": 4,
              "Plans": [
                {
                  "Node Type": "Nested Loop",
                  "Parent Relationship": "Outer",
                  "Parallel Aware": false,
                  "Join Type": "Inner",
                  "Startup Cost": 52040.84,
                  "Total Cost": 129092.88,
                  "Plan Rows": 103738,
                  "Plan Width": 0,
                  "Actual Startup Time": 373.368,
                  "Actual Total Time": 864.366,
                  "Actual Rows": 424756,
                  "Actual Loops": 4,
                  "Inner Unique": false,
                  "Plans": [
                    {
                      "Node Type": "Hash Join",
                      "Parent Relationship": "Outer",
                      "Parallel Aware": true,
                      "Join Type": "Inner",
                      "Startup Cost": 52040.41,
                      "Total Cost": 76912.64,
                      "Plan Rows": 27652,
                      "Plan Width": 8,
                      "Actual Startup Time": 373.293,
                      "Actual Total Time": 421.005,
                      "Actual Rows": 23726,
                      "Actual Loops": 4,
                      "Inner Unique": true,
                      "Hash Cond": "(mk.movie_id = t.id)",
                      "Plans": [
                        {
                          "Node Type": "Bitmap Heap Scan",
                          "Parent Relationship": "Outer",
                          "Parallel Aware": true,
                          "Relation Name": "movie_keyword",
                          "Alias": "mk",
                          "Startup Cost": 1820.76,
                          "Total Cost": 26620.41,
                          "Plan Rows": 27652,
                          "Plan Width": 4,
                          "Actual Startup Time": 9.376,
                          "Actual Total Time": 37.568,
                          "Actual Rows": 23726,
                          "Actual Loops": 4,
                          "Recheck Cond": "(keyword_id < 85)",
                          "Rows Removed by Index Recheck": 0,
                          "Exact Heap Blocks": 7950,
                          "Lossy Heap Blocks": 0,
                          "Plans": [
                            {
                              "Node Type": "Bitmap Index Scan",
                              "Parent Relationship": "Outer",
                              "Parallel Aware": false,
                              "Index Name": "keyword_id_movie_keyword",
                              "Startup Cost": 0.0,
                              "Total Cost": 1799.33,
                              "Plan Rows": 85720,
                              "Plan Width": 0,
                              "Actual Startup Time": 6.197,
                              "Actual Total Time": 6.198,
                              "Actual Rows": 94902,
                              "Actual Loops": 1,
                              "Index Cond": "(keyword_id < 85)"
                            }
                          ]
                        },
                        {
                          "Node Type": "Hash",
                          "Parent Relationship": "Inner",
                          "Parallel Aware": true,
                          "Startup Cost": 42318.73,
                          "Total Cost": 42318.73,
                          "Plan Rows": 632073,
                          "Plan Width": 4,
                          "Actual Startup Time": 351.888,
                          "Actual Total Time": 351.889,
                          "Actual Rows": 632078,
                          "Actual Loops": 4,
                          "Hash Buckets": 4194304,
                          "Original Hash Buckets": 4194304,
                          "Hash Batches": 1,
                          "Original Hash Batches": 1,
                          "Peak Memory Usage": 131712,
                          "Plans": [
                            {
                              "Node Type": "Seq Scan",
                              "Parent Relationship": "Outer",
                              "Parallel Aware": true,
                              "Relation Name": "title",
                              "Alias": "t",
                              "Startup Cost": 0.0,
                              "Total Cost": 42318.73,
                              "Plan Rows": 632073,
                              "Plan Width": 4,
                              "Actual Startup Time": 0.034,
                              "Actual Total Time": 101.531,
                              "Actual Rows": 632078,
                              "Actual Loops": 4
                            }
                          ]
                        }
                      ]
                    },
                    {
                      "Node Type": "Index Scan",
                      "Parent Relationship": "Inner",
                      "Parallel Aware": false,
                      "Scan Direction": "Forward",
                      "Index Name": "movie_id_movie_info",
                      "Relation Name": "movie_info",
                      "Alias": "mi",
                      "Startup Cost": 0.43,
                      "Total Cost": 1.62,
                      "Plan Rows": 27,
                      "Plan Width": 4,
                      "Actual Startup Time": 0.005,
                      "Actual Total Time": 0.017,
                      "Actual Rows": 18,
                      "Actual Loops": 94902,
                      "Index Cond": "(movie_id = t.id)",
                      "Rows Removed by Index Recheck": 0,
                      "Filter": "(info_type_id < 16)",
                      "Rows Removed by Filter": 18
                    }
                  ]
                }
              ]
            }
          ]
        }
      ]
    },
    "Planning Time": 1.339,
    "Triggers": [],
    "Execution Time": 976.666
  }
]