[
  {
    "Plan": {
      "Node Type": "Aggregate",
      "Strategy": "Plain",
      "Partial Mode": "Finalize",
      "Parallel Aware": false,
      "Startup Cost": 43506.34,
      "Total Cost": 43506.35,
      "Plan Rows": 1,
      "Plan Width": 8,
      "Actual Startup Time": 40.999,
      "Actual Total Time": 45.435,
      "Actual Rows": 1,
      "Actual Loops": 1,
      "Plans": [
        {
          "Node Type": "Gather",
          "Parent Relationship": "Outer",
          "Parallel Aware": false,
          "Startup Cost": 43505.92,
          "Total Cost": 43506.33,
          "Plan Rows": 4,
          "Plan Width": 8,
          "Actual Startup Time": 40.792,
          "Actual Total Time": 45.43,
          "Actual Rows": 5,
          "Actual Loops": 1,
          "Workers Planned": 4,
          "Workers Launched": 4,
          "Single Copy": false,
          "Plans": [
            {
              "Node Type": "Aggregate",
              "Strategy": "Plain",
              "Partial Mode": "Partial",
              "Parent Relationship": "Outer",
              "Parallel Aware": false,
              "Startup Cost": 42505.92,
              "Total Cost": 42505.93,
              "Plan Rows": 1,
              "Plan Width": 8,
              "Actual Startup Time": 33.704,
              "Actual Total Time": 33.705,
              "Actual Rows": 1,
              "Actual Loops": 5,
              "Plans": [
                {
                  "Node Type": "Nested Loop",
                  "Parent Relationship": "Outer",
                  "Parallel Aware": false,
                  "Join Type": "Inner",
                  "Startup Cost": 2107.46,
                  "Total Cost": 42504.04,
                  "Plan Rows": 749,
                  "Plan Width": 0,
                  "Actual Startup Time": 4.233,
                  "Actual Total Time": 33.508,
                  "Actual Rows": 2417,
                  "Actual Loops": 5,
                  "Inner Unique": false,
                  "Plans": [
                    {
                      "Node Type": "Bitmap Heap Scan",
                      "Parent Relationship": "Outer",
                      "Parallel Aware": true,
                      "Relation Name": "title",
                      "Alias": "t",
                      "Startup Cost": 2107.03,
                      "Total Cost": 38548.11,
                      "Plan Rows": 418,
                      "Plan Width": 4,
                      "Actual Startup Time": 4.077,
                      "Actual Total Time": 25.968,
                      "Actual Rows": 460,
                      "Actual Loops": 5,
                      "Recheck Cond": "(kind_id = 4)",
                      "Rows Removed by Index Recheck": 0,
                      "Filter": "(production_year = 1997)",
                      "Rows Removed by Filter": 23187,
                      "Exact Heap Blocks": 7166,
                      "Lossy Heap Blocks": 0,
                      "Plans": [
                        {
                          "Node Type": "Bitmap Index Scan",
                          "Parent Relationship": "Outer",
                          "Parallel Aware": false,
                          "Index Name": "kind_id_title",
                          "Startup Cost": 0.0,
                          "Total Cost": 2106.61,
                          "Plan Rows": 118157,
                          "Plan Width": 0,
                          "Actual Startup Time": 7.409,
                          "Actual Total Time": 7.409,
                          "Actual Rows": 118234,
                          "Actual Loops": 1,
                          "Index Cond": "(kind_id = 4)"
                        }
                      ]
                    },
                    {
                      "Node Type": "Index Only Scan",
                      "Parent Relationship": "Inner",
                      "Parallel Aware": false,
                      "Scan Direction": "Forward",
                      "Index Name": "movie_id_movie_keyword",
                      "Relation Name": "movie_keyword",
                      "Alias": "mk",
                      "Startup Cost": 0.43,
                      "Total Cost": 9.0,
                      "Plan Rows": 46,
                      "Plan Width": 4,
                      "Actual Startup Time": 0.014,
                      "Actual Total Time": 0.015,
                      "Actual Rows": 5,
                      "Actual Loops": 2300,
                      "Index Cond": "(movie_id = t.id)",
                      "Rows Removed by Index Recheck": 0,
                      "Heap Fetches": 12085
                    }
                  ]
                }
              ]
            }
          ]
        }
      ]
    },
    "Planning Time": 0.207,
    "Triggers": [],
    "Execution Time": 45.469
  }
]