[
  {
    "Plan": {
      "Node Type": "Aggregate",
      "Strategy": "Plain",
      "Partial Mode": "Finalize",
      "Parallel Aware": false,
      "Startup Cost": 86631.26,
      "Total Cost": 86631.27,
      "Plan Rows": 1,
      "Plan Width": 8,
      "Actual Startup Time": 404.622,
      "Actual Total Time": 418.966,
      "Actual Rows": 1,
      "Actual Loops": 1,
      "Plans": [
        {
          "Node Type": "Gather",
          "Parent Relationship": "Outer",
          "Parallel Aware": false,
          "Startup Cost": 86630.94,
          "Total Cost": 86631.25,
          "Plan Rows": 3,
          "Plan Width": 8,
          "Actual Startup Time": 398.861,
          "Actual Total Time": 418.95,
          "Actual Rows": 4,
          "Actual Loops": 1,
          "Workers Planned": 3,
          "Workers Launched": 3,
          "Single Copy": false,
          "Plans": [
            {
              "Node Type": "Aggregate",
              "Strategy": "Plain",
              "Partial Mode": "Partial",
              "Parent Relationship": "Outer",
              "Parallel Aware": false,
              "Startup Cost": 85630.94,
              "Total Cost": 85630.95,
              "Plan Rows": 1,
              "Plan Width": 8,
              "Actual Startup Time": 385.447,
              "Actual Total Time": 385.451,
              "Actual Rows": 1,
              "Actual Loops": 4,
              "Plans": [
                {
                  "Node Type": "Hash Join",
                  "Parent Relationship": "Outer",
                  "Parallel Aware": true,
                  "Join Type": "Inner",
                  "Startup Cost": 58663.7,
                  "Total Cost": 85399.71,
                  "Plan Rows": 92493,
                  "Plan Width": 0,
                  "Actual Startup Time": 294.872,
                  "Actual Total Time": 384.03,
                  "Actual Rows": 16651,
                  "Actual Loops": 4,
                  "Inner Unique": true,
                  "Hash Cond": "(mk.movie_id = t.id)",
                  "Plans": [
                    {
                      "Node Type": "Bitmap Heap Scan",
                      "Parent Relationship": "Outer",
                      "Parallel Aware": true,
                      "Relation Name": "movie_keyword",
                      "Alias": "mk",
                      "Startup Cost": 9921.25,
                      "Total Cost": 36261.22,
                      "Plan Rows": 150877,
                      "Plan Width": 4,
                      "Actual Startup Time": 36.842,
                      "Actual Total Time": 93.58,
                      "Actual Rows": 114151,
                      "Actual Loops": 4,
                      "Recheck Cond": "(keyword_id > 38838)",
                      "Rows Removed by Index Recheck": 0,
                      "Exact Heap Blocks": 7071,
                      "Lossy Heap Blocks": 0,
                      "Plans": [
                        {
                          "Node Type": "Bitmap Index Scan",
                          "Parent Relationship": "Outer",
                          "Parallel Aware": false,
                          "Index Name": "keyword_id_movie_keyword",
                          "Startup Cost": 0.0,
                          "Total Cost": 9804.33,
                          "Plan Rows": 467719,
                          "Plan Width": 0,
                          "Actual Startup Time": 33.164,
                          "Actual Total Time": 33.165,
                          "Actual Rows": 456605,
                          "Actual Loops": 1,
                          "Index Cond": "(keyword_id > 38838)"
                        }
                      ]
                    },
                    {
                      "Node Type": "Hash",
                      "Parent Relationship": "Inner",
                      "Parallel Aware": true,
                      "Startup Cost": 43898.92,
                      "Total Cost": 43898.92,
                      "Plan Rows": 387482,
                      "Plan Width": 4,
                      "Actual Startup Time": 250.104,
                      "Actual Total Time": 250.105,
                      "Actual Rows": 388966,
                      "Actual Loops": 4,
                      "Hash Buckets": 2097152,
                      "Original Hash Buckets": 2097152,
                      "Hash Batches": 1,
                      "Original Hash Batches": 1,
                      "Peak Memory Usage": 77312,
                      "Plans": [
                        {
                          "Node Type": "Seq Scan",
                          "Parent Relationship": "Outer",
                          "Parallel Aware": true,
                          "Relation Name": "title",
                          "Alias": "t",
                          "Startup Cost": 0.0,
                          "Total Cost": 43898.92,
                          "Plan Rows": 387482,
                          "Plan Width": 4,
                          "Actual Startup Time": 0.042,
                          "Actual Total Time": 103.006,
                          "Actual Rows": 388966,
                          "Actual Loops": 4,
                          "Filter": "(kind_id > 4)",
                          "Rows Removed by Filter": 243112
                        }
                      ]
                    }
                  ]
                }
              ]
            }
          ]
        }
      ]
    },
    "Planning Time": 0.59,
    "Triggers": [],
    "Execution Time": 419.055
  }
]