[
  {
    "Plan": {
      "Node Type": "Aggregate",
      "Strategy": "Plain",
      "Partial Mode": "Finalize",
      "Parallel Aware": false,
      "Startup Cost": 52802.81,
      "Total Cost": 52802.82,
      "Plan Rows": 1,
      "Plan Width": 8,
      "Actual Startup Time": 101.605,
      "Actual Total Time": 114.728,
      "Actual Rows": 1,
      "Actual Loops": 1,
      "Plans": [
        {
          "Node Type": "Gather",
          "Parent Relationship": "Outer",
          "Parallel Aware": false,
          "Startup Cost": 52802.39,
          "Total Cost": 52802.8,
          "Plan Rows": 4,
          "Plan Width": 8,
          "Actual Startup Time": 101.422,
          "Actual Total Time": 114.717,
          "Actual Rows": 5,
          "Actual Loops": 1,
          "Workers Planned": 4,
          "Workers Launched": 4,
          "Single Copy": false,
          "Plans": [
            {
              "Node Type": "Aggregate",
              "Strategy": "Plain",
              "Partial Mode": "Partial",
              "Parent Relationship": "Outer",
              "Parallel Aware": false,
              "Startup Cost": 51802.39,
              "Total Cost": 51802.4,
              "Plan Rows": 1,
              "Plan Width": 8,
              "Actual Startup Time": 93.821,
              "Actual Total Time": 93.823,
              "Actual Rows": 1,
              "Actual Loops": 5,
              "Plans": [
                {
                  "Node Type": "Nested Loop",
                  "Parent Relationship": "Outer",
                  "Parallel Aware": false,
                  "Join Type": "Inner",
                  "Startup Cost": 0.43,
                  "Total Cost": 51801.94,
                  "Plan Rows": 180,
                  "Plan Width": 0,
                  "Actual Startup Time": 5.256,
                  "Actual Total Time": 93.708,
                  "Actual Rows": 980,
                  "Actual Loops": 5,
                  "Inner Unique": false,
                  "Plans": [
                    {
                      "Node Type": "Seq Scan",
                      "Parent Relationship": "Outer",
                      "Parallel Aware": true,
                      "Relation Name": "title",
                      "Alias": "t",
                      "Startup Cost": 0.0,
                      "Total Cost": 45479.59,
                      "Plan Rows": 342,
                      "Plan Width": 4,
                      "Actual Startup Time": 2.683,
                      "Actual Total Time": 84.487,
                      "Actual Rows": 676,
                      "Actual Loops": 5,
                      "Filter": "((kind_id < 7) AND (production_year > 2013))",
                      "Rows Removed by Filter": 504987
                    },
                    {
                      "Node Type": "Index Scan",
                      "Parent Relationship": "Inner",
                      "Parallel Aware": false,
                      "Scan Direction": "Forward",
                      "Index Name": "movie_id_movie_companies",
                      "Relation Name": "movie_companies",
                      "Alias": "mc",
                      "Startup Cost": 0.43,
                      "Total Cost": 18.46,
                      "Plan Rows": 3,
                      "Plan Width": 4,
                      "Actual Startup Time": 0.013,
                      "Actual Total Time": 0.013,
                      "Actual Rows": 1,
                      "Actual Loops": 3378,
                      "Index Cond": "(movie_id = t.id)",
                      "Rows Removed by Index Recheck": 0,
                      "Filter": "(company_type_id > 1)",
                      "Rows Removed by Filter": 0
                    }
                  ]
                }
              ]
            }
          ]
        }
      ]
    },
    "Planning Time": 0.312,
    "Triggers": [],
    "Execution Time": 114.767
  }
]