{
    "Plan": {
        "Node Type": "Aggregate",
        "Strategy": "Plain",
        "Partial Mode": "Simple",
        "Parallel Aware": false,
        "Startup Cost": 23434.91,
        "Total Cost": 23434.92,
        "Plan Rows": 1,
        "Plan Width": 64,
        "Actual Startup Time": 135.653,
        "Actual Total Time": 140.024,
        "Actual Rows": 1,
        "Actual Loops": 1,
        "Plans": [
            {
                "Node Type": "Nested Loop",
                "Parent Relationship": "Outer",
                "Parallel Aware": false,
                "Join Type": "Inner",
                "Startup Cost": 1006.7,
                "Total Cost": 23434.91,
                "Plan Rows": 1,
                "Plan Width": 61,
                "Actual Startup Time": 134.894,
                "Actual Total Time": 140.012,
                "Actual Rows": 10,
                "Actual Loops": 1,
                "Inner Unique": true,
                "Plans": [
                    {
                        "Node Type": "Gather",
                        "Parent Relationship": "Outer",
                        "Parallel Aware": false,
                        "Startup Cost": 1006.57,
                        "Total Cost": 23434.74,
                        "Plan Rows": 1,
                        "Plan Width": 65,
                        "Actual Startup Time": 134.87,
                        "Actual Total Time": 139.954,
                        "Actual Rows": 10,
                        "Actual Loops": 1,
                        "Workers Planned": 1,
                        "Workers Launched": 1,
                        "Single Copy": false,
                        "Plans": [
                            {
                                "Node Type": "Nested Loop",
                                "Parent Relationship": "Outer",
                                "Parallel Aware": false,
                                "Join Type": "Inner",
                                "Startup Cost": 6.57,
                                "Total Cost": 22434.64,
                                "Plan Rows": 1,
                                "Plan Width": 65,
                                "Actual Startup Time": 127.96,
                                "Actual Total Time": 128.351,
                                "Actual Rows": 5,
                                "Actual Loops": 2,
                                "Inner Unique": true,
                                "Plans": [
                                    {
                                        "Node Type": "Nested Loop",
                                        "Parent Relationship": "Outer",
                                        "Parallel Aware": false,
                                        "Join Type": "Inner",
                                        "Startup Cost": 6.15,
                                        "Total Cost": 22434.19,
                                        "Plan Rows": 1,
                                        "Plan Width": 69,
                                        "Actual Startup Time": 127.934,
                                        "Actual Total Time": 128.121,
                                        "Actual Rows": 16,
                                        "Actual Loops": 2,
                                        "Inner Unique": false,
                                        "Join Filter": "(t.id = mc.movie_id)",
                                        "Rows Removed by Join Filter": 0,
                                        "Plans": [
                                            {
                                                "Node Type": "Hash Join",
                                                "Parent Relationship": "Outer",
                                                "Parallel Aware": false,
                                                "Join Type": "Inner",
                                                "Startup Cost": 5.72,
                                                "Total Cost": 22433.61,
                                                "Plan Rows": 1,
                                                "Plan Width": 73,
                                                "Actual Startup Time": 127.91,
                                                "Actual Total Time": 128.056,
                                                "Actual Rows": 1,
                                                "Actual Loops": 2,
                                                "Inner Unique": true,
                                                "Hash Cond": "(mi.info_type_id = it1.id)",
                                                "Plans": [
                                                    {
                                                        "Node Type": "Nested Loop",
                                                        "Parent Relationship": "Outer",
                                                        "Parallel Aware": false,
                                                        "Join Type": "Inner",
                                                        "Startup Cost": 3.29,
                                                        "Total Cost": 22431.12,
                                                        "Plan Rows": 24,
                                                        "Plan Width": 77,
                                                        "Actual Startup Time": 127.519,
                                                        "Actual Total Time": 127.729,
                                                        "Actual Rows": 110,
                                                        "Actual Loops": 2,
                                                        "Inner Unique": false,
                                                        "Join Filter": "(t.id = mi.movie_id)",
                                                        "Rows Removed by Join Filter": 0,
                                                        "Plans": [
                                                            {
                                                                "Node Type": "Nested Loop",
                                                                "Parent Relationship": "Outer",
                                                                "Parallel Aware": false,
                                                                "Join Type": "Inner",
                                                                "Startup Cost": 2.86,
                                                                "Total Cost": 22428.84,
                                                                "Plan Rows": 1,
                                                                "Plan Width": 25,
                                                                "Actual Startup Time": 127.489,
                                                                "Actual Total Time": 127.536,
                                                                "Actual Rows": 1,
                                                                "Actual Loops": 2,
                                                                "Inner Unique": true,
                                                                "Plans": [
                                                                    {
                                                                        "Node Type": "Hash Join",
                                                                        "Parent Relationship": "Outer",
                                                                        "Parallel Aware": false,
                                                                        "Join Type": "Inner",
                                                                        "Startup Cost": 2.43,
                                                                        "Total Cost": 18266.14,
                                                                        "Plan Rows": 7184,
                                                                        "Plan Width": 4,
                                                                        "Actual Startup Time": 127.356,
                                                                        "Actual Total Time": 127.361,
                                                                        "Actual Rows": 5,
                                                                        "Actual Loops": 2,
                                                                        "Inner Unique": true,
                                                                        "Hash Cond": "(mi_idx.info_type_id = it2.id)",
                                                                        "Plans": [
                                                                            {
                                                                                "Node Type": "Seq Scan",
                                                                                "Parent Relationship": "Outer",
                                                                                "Parallel Aware": true,
                                                                                "Relation Name": "movie_info_idx",
                                                                                "Alias": "mi_idx",
                                                                                "Startup Cost": 0.0,
                                                                                "Total Cost": 16052.85,
                                                                                "Plan Rows": 811785,
                                                                                "Plan Width": 8,
                                                                                "Actual Startup Time": 0.035,
                                                                                "Actual Total Time": 65.328,
                                                                                "Actual Rows": 690018,
                                                                                "Actual Loops": 2
                                                                            },
                                                                            {
                                                                                "Node Type": "Hash",
                                                                                "Parent Relationship": "Inner",
                                                                                "Parallel Aware": false,
                                                                                "Startup Cost": 2.41,
                                                                                "Total Cost": 2.41,
                                                                                "Plan Rows": 1,
                                                                                "Plan Width": 4,
                                                                                "Actual Startup Time": 0.037,
                                                                                "Actual Total Time": 0.038,
                                                                                "Actual Rows": 1,
                                                                                "Actual Loops": 2,
                                                                                "Hash Buckets": 1024,
                                                                                "Original Hash Buckets": 1024,
                                                                                "Hash Batches": 1,
                                                                                "Original Hash Batches": 1,
                                                                                "Peak Memory Usage": 9,
                                                                                "Plans": [
                                                                                    {
                                                                                        "Node Type": "Seq Scan",
                                                                                        "Parent Relationship": "Outer",
                                                                                        "Parallel Aware": false,
                                                                                        "Relation Name": "info_type",
                                                                                        "Alias": "it2",
                                                                                        "Startup Cost": 0.0,
                                                                                        "Total Cost": 2.41,
                                                                                        "Plan Rows": 1,
                                                                                        "Plan Width": 4,
                                                                                        "Actual Startup Time": 0.029,
                                                                                        "Actual Total Time": 0.03,
                                                                                        "Actual Rows": 1,
                                                                                        "Actual Loops": 2,
                                                                                        "Filter": "((info)::text = 'bottom 10 rank'::text)",
                                                                                        "Rows Removed by Filter": 112
                                                                                    }
                                                                                ]
                                                                            }
                                                                        ]
                                                                    },
                                                                    {
                                                                        "Node Type": "Index Scan",
                                                                        "Parent Relationship": "Inner",
                                                                        "Parallel Aware": false,
                                                                        "Scan Direction": "Forward",
                                                                        "Index Name": "title_pkey",
                                                                        "Relation Name": "title",
                                                                        "Alias": "t",
                                                                        "Startup Cost": 0.43,
                                                                        "Total Cost": 0.58,
                                                                        "Plan Rows": 1,
                                                                        "Plan Width": 21,
                                                                        "Actual Startup Time": 0.034,
                                                                        "Actual Total Time": 0.034,
                                                                        "Actual Rows": 0,
                                                                        "Actual Loops": 10,
                                                                        "Index Cond": "(id = mi_idx.movie_id)",
                                                                        "Rows Removed by Index Recheck": 0,
                                                                        "Filter": "((production_year > 2000) AND ((title ~~ 'Birdemic%'::text) OR (title ~~ '%Movie%'::text)))",
                                                                        "Rows Removed by Filter": 1
                                                                    }
                                                                ]
                                                            },
                                                            {
                                                                "Node Type": "Index Scan",
                                                                "Parent Relationship": "Inner",
                                                                "Parallel Aware": false,
                                                                "Scan Direction": "Forward",
                                                                "Index Name": "movie_id_movie_info",
                                                                "Relation Name": "movie_info",
                                                                "Alias": "mi",
                                                                "Startup Cost": 0.43,
                                                                "Total Cost": 1.76,
                                                                "Plan Rows": 42,
                                                                "Plan Width": 52,
                                                                "Actual Startup Time": 0.033,
                                                                "Actual Total Time": 0.173,
                                                                "Actual Rows": 110,
                                                                "Actual Loops": 2,
                                                                "Index Cond": "(movie_id = mi_idx.movie_id)",
                                                                "Rows Removed by Index Recheck": 0
                                                            }
                                                        ]
                                                    },
                                                    {
                                                        "Node Type": "Hash",
                                                        "Parent Relationship": "Inner",
                                                        "Parallel Aware": false,
                                                        "Startup Cost": 2.41,
                                                        "Total Cost": 2.41,
                                                        "Plan Rows": 1,
                                                        "Plan Width": 4,
                                                        "Actual Startup Time": 0.068,
                                                        "Actual Total Time": 0.069,
                                                        "Actual Rows": 1,
                                                        "Actual Loops": 2,
                                                        "Hash Buckets": 1024,
                                                        "Original Hash Buckets": 1024,
                                                        "Hash Batches": 1,
                                                        "Original Hash Batches": 1,
                                                        "Peak Memory Usage": 9,
                                                        "Plans": [
                                                            {
                                                                "Node Type": "Seq Scan",
                                                                "Parent Relationship": "Outer",
                                                                "Parallel Aware": false,
                                                                "Relation Name": "info_type",
                                                                "Alias": "it1",
                                                                "Startup Cost": 0.0,
                                                                "Total Cost": 2.41,
                                                                "Plan Rows": 1,
                                                                "Plan Width": 4,
                                                                "Actual Startup Time": 0.055,
                                                                "Actual Total Time": 0.059,
                                                                "Actual Rows": 1,
                                                                "Actual Loops": 2,
                                                                "Filter": "((info)::text = 'budget'::text)",
                                                                "Rows Removed by Filter": 112
                                                            }
                                                        ]
                                                    }
                                                ]
                                            },
                                            {
                                                "Node Type": "Index Scan",
                                                "Parent Relationship": "Inner",
                                                "Parallel Aware": false,
                                                "Scan Direction": "Forward",
                                                "Index Name": "movie_id_movie_companies",
                                                "Relation Name": "movie_companies",
                                                "Alias": "mc",
                                                "Startup Cost": 0.43,
                                                "Total Cost": 0.52,
                                                "Plan Rows": 5,
                                                "Plan Width": 12,
                                                "Actual Startup Time": 0.042,
                                                "Actual Total Time": 0.059,
                                                "Actual Rows": 16,
                                                "Actual Loops": 2,
                                                "Index Cond": "(movie_id = mi.movie_id)",
                                                "Rows Removed by Index Recheck": 0
                                            }
                                        ]
                                    },
                                    {
                                        "Node Type": "Index Scan",
                                        "Parent Relationship": "Inner",
                                        "Parallel Aware": false,
                                        "Scan Direction": "Forward",
                                        "Index Name": "company_name_pkey",
                                        "Relation Name": "company_name",
                                        "Alias": "cn",
                                        "Startup Cost": 0.42,
                                        "Total Cost": 0.45,
                                        "Plan Rows": 1,
                                        "Plan Width": 4,
                                        "Actual Startup Time": 0.013,
                                        "Actual Total Time": 0.013,
                                        "Actual Rows": 0,
                                        "Actual Loops": 33,
                                        "Index Cond": "(id = mc.company_id)",
                                        "Rows Removed by Index Recheck": 0,
                                        "Filter": "((country_code)::text = '[us]'::text)",
                                        "Rows Removed by Filter": 1
                                    }
                                ]
                            }
                        ]
                    },
                    {
                        "Node Type": "Index Scan",
                        "Parent Relationship": "Inner",
                        "Parallel Aware": false,
                        "Scan Direction": "Forward",
                        "Index Name": "company_type_pkey",
                        "Relation Name": "company_type",
                        "Alias": "ct",
                        "Startup Cost": 0.13,
                        "Total Cost": 0.15,
                        "Plan Rows": 1,
                        "Plan Width": 4,
                        "Actual Startup Time": 0.004,
                        "Actual Total Time": 0.004,
                        "Actual Rows": 1,
                        "Actual Loops": 10,
                        "Index Cond": "(id = mc.company_type_id)",
                        "Rows Removed by Index Recheck": 0,
                        "Filter": "((kind IS NOT NULL) AND (((kind)::text = 'production companies'::text) OR ((kind)::text = 'distributors'::text)))",
                        "Rows Removed by Filter": 0
                    }
                ]
            }
        ]
    },
    "Planning Time": 11.557,
    "Triggers": [],
    "Execution Time": 140.16
}