[
  {
    "Plan": {
      "Node Type": "Aggregate",
      "Strategy": "Plain",
      "Partial Mode": "Finalize",
      "Parallel Aware": false,
      "Startup Cost": 607405.36,
      "Total Cost": 607405.37,
      "Plan Rows": 1,
      "Plan Width": 8,
      "Actual Startup Time": 4582.726,
      "Actual Total Time": 4663.924,
      "Actual Rows": 1,
      "Actual Loops": 1,
      "Plans": [
        {
          "Node Type": "Gather",
          "Parent Relationship": "Outer",
          "Parallel Aware": false,
          "Startup Cost": 607404.73,
          "Total Cost": 607405.34,
          "Plan Rows": 6,
          "Plan Width": 8,
          "Actual Startup Time": 4553.632,
          "Actual Total Time": 4663.912,
          "Actual Rows": 7,
          "Actual Loops": 1,
          "Workers Planned": 6,
          "Workers Launched": 6,
          "Single Copy": false,
          "Plans": [
            {
              "Node Type": "Aggregate",
              "Strategy": "Plain",
              "Partial Mode": "Partial",
              "Parent Relationship": "Outer",
              "Parallel Aware": false,
              "Startup Cost": 606404.73,
              "Total Cost": 606404.74,
              "Plan Rows": 1,
              "Plan Width": 8,
              "Actual Startup Time": 4539.662,
              "Actual Total Time": 4540.313,
              "Actual Rows": 1,
              "Actual Loops": 7,
              "Plans": [
                {
                  "Node Type": "Hash Join",
                  "Parent Relationship": "Outer",
                  "Parallel Aware": true,
                  "Join Type": "Inner",
                  "Startup Cost": 249270.19,
                  "Total Cost": 594501.94,
                  "Plan Rows": 4761116,
                  "Plan Width": 0,
                  "Actual Startup Time": 1052.829,
                  "Actual Total Time": 4187.139,
                  "Actual Rows": 8622847,
                  "Actual Loops": 7,
                  "Inner Unique": false,
                  "Hash Cond": "(ci.movie_id = t.id)",
                  "Plans": [
                    {
                      "Node Type": "Seq Scan",
                      "Parent Relationship": "Outer",
                      "Parallel Aware": true,
                      "Relation Name": "cast_info",
                      "Alias": "ci",
                      "Startup Cost": 0.0,
                      "Total Cost": 313067.02,
                      "Plan Rows": 6038002,
                      "Plan Width": 4,
                      "Actual Startup Time": 0.02,
                      "Actual Total Time": 534.603,
                      "Actual Rows": 5177763,
                      "Actual Loops": 7
                    },
                    {
                      "Node Type": "Hash",
                      "Parent Relationship": "Inner",
                      "Parallel Aware": true,
                      "Startup Cost": 244286.14,
                      "Total Cost": 244286.14,
                      "Plan Rows": 398724,
                      "Plan Width": 8,
                      "Actual Startup Time": 1048.018,
                      "Actual Total Time": 1048.667,
                      "Actual Rows": 482838,
                      "Actual Loops": 7,
                      "Hash Buckets": 4194304,
                      "Original Hash Buckets": 2097152,
                      "Hash Batches": 1,
                      "Original Hash Batches": 1,
                      "Peak Memory Usage": 181504,
                      "Plans": [
                        {
                          "Node Type": "Hash Join",
                          "Parent Relationship": "Outer",
                          "Parallel Aware": true,
                          "Join Type": "Inner",
                          "Startup Cost": 44964.38,
                          "Total Cost": 244286.14,
                          "Plan Rows": 398724,
                          "Plan Width": 8,
                          "Actual Startup Time": 109.138,
                          "Actual Total Time": 794.944,
                          "Actual Rows": 482838,
                          "Actual Loops": 7,
                          "Inner Unique": true,
                          "Hash Cond": "(mi.movie_id = t.id)",
                          "Plans": [
                            {
                              "Node Type": "Seq Scan",
                              "Parent Relationship": "Outer",
                              "Parallel Aware": true,
                              "Relation Name": "movie_info",
                              "Alias": "mi",
                              "Startup Cost": 0.0,
                              "Total Cost": 191560.33,
                              "Plan Rows": 2956733,
                              "Plan Width": 4,
                              "Actual Startup Time": 0.026,
                              "Actual Total Time": 289.963,
                              "Actual Rows": 2119389,
                              "Actual Loops": 7
                            },
                            {
                              "Node Type": "Hash",
                              "Parent Relationship": "Inner",
                              "Parallel Aware": true,
                              "Startup Cost": 43898.92,
                              "Total Cost": 43898.92,
                              "Plan Rows": 85237,
                              "Plan Width": 4,
                              "Actual Startup Time": 107.319,
                              "Actual Total Time": 107.321,
                              "Actual Rows": 50297,
                              "Actual Loops": 7,
                              "Hash Buckets": 524288,
                              "Original Hash Buckets": 524288,
                              "Hash Batches": 1,
                              "Original Hash Batches": 1,
                              "Peak Memory Usage": 17984,
                              "Plans": [
                                {
                                  "Node Type": "Seq Scan",
                                  "Parent Relationship": "Outer",
                                  "Parallel Aware": true,
                                  "Relation Name": "title",
                                  "Alias": "t",
                                  "Startup Cost": 0.0,
                                  "Total Cost": 43898.92,
                                  "Plan Rows": 85237,
                                  "Plan Width": 4,
                                  "Actual Startup Time": 0.056,
                                  "Actual Total Time": 80.384,
                                  "Actual Rows": 50297,
                                  "Actual Loops": 7,
                                  "Filter": "(production_year < 1969)",
                                  "Rows Removed by Filter": 310890
                                }
                              ]
                            }
                          ]
                        }
                      ]
                    }
                  ]
                }
              ]
            }
          ]
        }
      ]
    },
    "Planning Time": 1.295,
    "Triggers": [],
    "Execution Time": 4664.02
  }
]