[
  {
    "Plan": {
      "Node Type": "Aggregate",
      "Strategy": "Plain",
      "Partial Mode": "Finalize",
      "Parallel Aware": false,
      "Startup Cost": 51852.79,
      "Total Cost": 51852.8,
      "Plan Rows": 1,
      "Plan Width": 8,
      "Actual Startup Time": 78.871,
      "Actual Total Time": 86.135,
      "Actual Rows": 1,
      "Actual Loops": 1,
      "Plans": [
        {
          "Node Type": "Gather",
          "Parent Relationship": "Outer",
          "Parallel Aware": false,
          "Startup Cost": 51852.37,
          "Total Cost": 51852.78,
          "Plan Rows": 4,
          "Plan Width": 8,
          "Actual Startup Time": 78.607,
          "Actual Total Time": 86.128,
          "Actual Rows": 5,
          "Actual Loops": 1,
          "Workers Planned": 4,
          "Workers Launched": 4,
          "Single Copy": false,
          "Plans": [
            {
              "Node Type": "Aggregate",
              "Strategy": "Plain",
              "Partial Mode": "Partial",
              "Parent Relationship": "Outer",
              "Parallel Aware": false,
              "Startup Cost": 50852.37,
              "Total Cost": 50852.38,
              "Plan Rows": 1,
              "Plan Width": 8,
              "Actual Startup Time": 68.768,
              "Actual Total Time": 68.769,
              "Actual Rows": 1,
              "Actual Loops": 5,
              "Plans": [
                {
                  "Node Type": "Nested Loop",
                  "Parent Relationship": "Outer",
                  "Parallel Aware": false,
                  "Join Type": "Inner",
                  "Startup Cost": 1617.19,
                  "Total Cost": 50849.28,
                  "Plan Rows": 1236,
                  "Plan Width": 0,
                  "Actual Startup Time": 26.18,
                  "Actual Total Time": 68.688,
                  "Actual Rows": 448,
                  "Actual Loops": 5,
                  "Inner Unique": false,
                  "Plans": [
                    {
                      "Node Type": "Bitmap Heap Scan",
                      "Parent Relationship": "Outer",
                      "Parallel Aware": true,
                      "Relation Name": "title",
                      "Alias": "t",
                      "Startup Cost": 1616.62,
                      "Total Cost": 37954.68,
                      "Plan Rows": 86,
                      "Plan Width": 4,
                      "Actual Startup Time": 25.918,
                      "Actual Total Time": 62.935,
                      "Actual Rows": 67,
                      "Actual Loops": 5,
                      "Recheck Cond": "(kind_id = 2)",
                      "Rows Removed by Index Recheck": 0,
                      "Filter": "(production_year = 1962)",
                      "Rows Removed by Filter": 18103,
                      "Exact Heap Blocks": 13924,
                      "Lossy Heap Blocks": 0,
                      "Plans": [
                        {
                          "Node Type": "Bitmap Index Scan",
                          "Parent Relationship": "Outer",
                          "Parallel Aware": false,
                          "Index Name": "kind_id_title",
                          "Startup Cost": 0.0,
                          "Total Cost": 1616.54,
                          "Plan Rows": 90681,
                          "Plan Width": 0,
                          "Actual Startup Time": 21.307,
                          "Actual Total Time": 21.307,
                          "Actual Rows": 90852,
                          "Actual Loops": 1,
                          "Index Cond": "(kind_id = 2)"
                        }
                      ]
                    },
                    {
                      "Node Type": "Index Only Scan",
                      "Parent Relationship": "Inner",
                      "Parallel Aware": false,
                      "Scan Direction": "Forward",
                      "Index Name": "movie_id_cast_info",
                      "Relation Name": "cast_info",
                      "Alias": "ci",
                      "Startup Cost": 0.56,
                      "Total Cost": 149.57,
                      "Plan Rows": 37,
                      "Plan Width": 4,
                      "Actual Startup Time": 0.032,
                      "Actual Total Time": 0.083,
                      "Actual Rows": 7,
                      "Actual Loops": 336,
                      "Index Cond": "(movie_id = t.id)",
                      "Rows Removed by Index Recheck": 0,
                      "Heap Fetches": 2240
                    }
                  ]
                }
              ]
            }
          ]
        }
      ]
    },
    "Planning Time": 0.602,
    "Triggers": [],
    "Execution Time": 86.221
  }
]