{
  "Plan": {
    "Node Type": "Aggregate",
    "Strategy": "Plain",
    "Partial Mode": "Finalize",
    "Parallel Aware": false,
    "Startup Cost": 574342.72,
    "Total Cost": 574342.73,
    "Plan Rows": 1,
    "Plan Width": 8,
    "Actual Startup Time": 1436.153,
    "Actual Total Time": 1473.898,
    "Actual Rows": 1,
    "Actual Loops": 1,
    "Plans": [
      {
        "Node Type": "Gather",
        "Parent Relationship": "Outer",
        "Parallel Aware": false,
        "Startup Cost": 574342.61,
        "Total Cost": 574342.72,
        "Plan Rows": 1,
        "Plan Width": 8,
        "Actual Startup Time": 1434.274,
        "Actual Total Time": 1473.887,
        "Actual Rows": 2,
        "Actual Loops": 1,
        "Workers Planned": 1,
        "Workers Launched": 1,
        "Single Copy": false,
        "Plans": [
          {
            "Node Type": "Aggregate",
            "Strategy": "Plain",
            "Partial Mode": "Partial",
            "Parent Relationship": "Outer",
            "Parallel Aware": false,
            "Startup Cost": 573342.61,
            "Total Cost": 573342.62,
            "Plan Rows": 1,
            "Plan Width": 8,
            "Actual Startup Time": 1428.278,
            "Actual Total Time": 1428.282,
            "Actual Rows": 1,
            "Actual Loops": 2,
            "Plans": [
              {
                "Node Type": "Hash Join",
                "Parent Relationship": "Outer",
                "Parallel Aware": true,
                "Join Type": "Inner",
                "Startup Cost": 241512.66,
                "Total Cost": 572635.7,
                "Plan Rows": 282761,
                "Plan Width": 0,
                "Actual Startup Time": 942.064,
                "Actual Total Time": 1417.275,
                "Actual Rows": 203780,
                "Actual Loops": 2,
                "Inner Unique": true,
                "Hash Cond": "(ci.movie_id = t.id)",
                "Plans": [
                  {
                    "Node Type": "Bitmap Heap Scan",
                    "Parent Relationship": "Outer",
                    "Parallel Aware": true,
                    "Relation Name": "cast_info",
                    "Alias": "ci",
                    "Startup Cost": 180808.01,
                    "Total Cost": 506177.22,
                    "Plan Rows": 2191934,
                    "Plan Width": 4,
                    "Actual Startup Time": 711.914,
                    "Actual Total Time": 940.042,
                    "Actual Rows": 1166032,
                    "Actual Loops": 2,
                    "Recheck Cond": "(person_id < 821793)",
                    "Rows Removed by Index Recheck": 0,
                    "Filter": "(role_id > 2)",
                    "Rows Removed by Filter": 3026324,
                    "Exact Heap Blocks": 58062,
                    "Lossy Heap Blocks": 0,
                    "Plans": [
                      {
                        "Node Type": "Bitmap Index Scan",
                        "Parent Relationship": "Outer",
                        "Parallel Aware": false,
                        "Index Name": "person_id_cast_info",
                        "Startup Cost": 0.0,
                        "Total Cost": 179876.44,
                        "Plan Rows": 8237317,
                        "Plan Width": 0,
                        "Actual Startup Time": 378.843,
                        "Actual Total Time": 378.844,
                        "Actual Rows": 8384712,
                        "Actual Loops": 1,
                        "Index Cond": "(person_id < 821793)"
                      }
                    ]
                  },
                  {
                    "Node Type": "Hash",
                    "Parent Relationship": "Inner",
                    "Parallel Aware": true,
                    "Startup Cost": 58306.47,
                    "Total Cost": 58306.47,
                    "Plan Rows": 191854,
                    "Plan Width": 4,
                    "Actual Startup Time": 224.425,
                    "Actual Total Time": 224.426,
                    "Actual Rows": 227470,
                    "Actual Loops": 2,
                    "Hash Buckets": 524288,
                    "Original Hash Buckets": 524288,
                    "Hash Batches": 1,
                    "Original Hash Batches": 1,
                    "Peak Memory Usage": 21920,
                    "Plans": [
                      {
                        "Node Type": "Seq Scan",
                        "Parent Relationship": "Outer",
                        "Parallel Aware": true,
                        "Relation Name": "title",
                        "Alias": "t",
                        "Startup Cost": 0.0,
                        "Total Cost": 58306.47,
                        "Plan Rows": 191854,
                        "Plan Width": 4,
                        "Actual Startup Time": 0.042,
                        "Actual Total Time": 168.239,
                        "Actual Rows": 227470,
                        "Actual Loops": 2,
                        "Filter": "((kind_id < 4) AND (production_year < 1999))",
                        "Rows Removed by Filter": 1036686
                      }
                    ]
                  }
                ]
              }
            ]
          }
        ]
      }
    ]
  },
  "Planning Time": 0.621,
  "Triggers": [],
  "Execution Time": 1473.997
}