[
  {
    "Plan": {
      "Node Type": "Aggregate",
      "Strategy": "Plain",
      "Partial Mode": "Finalize",
      "Parallel Aware": false,
      "Startup Cost": 220684.64,
      "Total Cost": 220684.65,
      "Plan Rows": 1,
      "Plan Width": 8,
      "Actual Startup Time": 748.874,
      "Actual Total Time": 797.338,
      "Actual Rows": 1,
      "Actual Loops": 1,
      "Plans": [
        {
          "Node Type": "Gather",
          "Parent Relationship": "Outer",
          "Parallel Aware": false,
          "Startup Cost": 220684.33,
          "Total Cost": 220684.64,
          "Plan Rows": 3,
          "Plan Width": 8,
          "Actual Startup Time": 746.887,
          "Actual Total Time": 797.328,
          "Actual Rows": 4,
          "Actual Loops": 1,
          "Workers Planned": 3,
          "Workers Launched": 3,
          "Single Copy": false,
          "Plans": [
            {
              "Node Type": "Aggregate",
              "Strategy": "Plain",
              "Partial Mode": "Partial",
              "Parent Relationship": "Outer",
              "Parallel Aware": false,
              "Startup Cost": 219684.33,
              "Total Cost": 219684.34,
              "Plan Rows": 1,
              "Plan Width": 8,
              "Actual Startup Time": 737.154,
              "Actual Total Time": 737.159,
              "Actual Rows": 1,
              "Actual Loops": 4,
              "Plans": [
                {
                  "Node Type": "Nested Loop",
                  "Parent Relationship": "Outer",
                  "Parallel Aware": false,
                  "Join Type": "Inner",
                  "Startup Cost": 48413.32,
                  "Total Cost": 219607.72,
                  "Plan Rows": 30643,
                  "Plan Width": 0,
                  "Actual Startup Time": 202.583,
                  "Actual Total Time": 733.571,
                  "Actual Rows": 50976,
                  "Actual Loops": 4,
                  "Inner Unique": false,
                  "Plans": [
                    {
                      "Node Type": "Hash Join",
                      "Parent Relationship": "Outer",
                      "Parallel Aware": true,
                      "Join Type": "Inner",
                      "Startup Cost": 48412.89,
                      "Total Cost": 80268.21,
                      "Plan Rows": 62313,
                      "Plan Width": 8,
                      "Actual Startup Time": 202.383,
                      "Actual Total Time": 336.101,
                      "Actual Rows": 58410,
                      "Actual Loops": 4,
                      "Inner Unique": true,
                      "Hash Cond": "(mc.movie_id = t.id)",
                      "Plans": [
                        {
                          "Node Type": "Seq Scan",
                          "Parent Relationship": "Outer",
                          "Parallel Aware": true,
                          "Relation Name": "movie_companies",
                          "Alias": "mc",
                          "Startup Cost": 0.0,
                          "Total Cost": 31414.82,
                          "Plan Rows": 167813,
                          "Plan Width": 4,
                          "Actual Startup Time": 0.021,
                          "Actual Total Time": 67.724,
                          "Actual Rows": 182016,
                          "Actual Loops": 4,
                          "Filter": "((company_id < 6227) AND (company_type_id = 1))",
                          "Rows Removed by Filter": 470266
                        },
                        {
                          "Node Type": "Hash",
                          "Parent Relationship": "Inner",
                          "Parallel Aware": true,
                          "Startup Cost": 45479.1,
                          "Total Cost": 45479.1,
                          "Plan Rows": 234703,
                          "Plan Width": 4,
                          "Actual Startup Time": 197.443,
                          "Actual Total Time": 197.444,
                          "Actual Rows": 251181,
                          "Actual Loops": 4,
                          "Hash Buckets": 1048576,
                          "Original Hash Buckets": 1048576,
                          "Hash Batches": 1,
                          "Original Hash Batches": 1,
                          "Peak Memory Usage": 47552,
                          "Plans": [
                            {
                              "Node Type": "Seq Scan",
                              "Parent Relationship": "Outer",
                              "Parallel Aware": true,
                              "Relation Name": "title",
                              "Alias": "t",
                              "Startup Cost": 0.0,
                              "Total Cost": 45479.1,
                              "Plan Rows": 234703,
                              "Plan Width": 4,
                              "Actual Startup Time": 0.043,
                              "Actual Total Time": 112.251,
                              "Actual Rows": 251181,
                              "Actual Loops": 4,
                              "Filter": "((kind_id > 1) AND (production_year > 2002))",
                              "Rows Removed by Filter": 380897
                            }
                          ]
                        }
                      ]
                    },
                    {
                      "Node Type": "Index Scan",
                      "Parent Relationship": "Inner",
                      "Parallel Aware": false,
                      "Scan Direction": "Forward",
                      "Index Name": "movie_id_movie_info",
                      "Relation Name": "movie_info",
                      "Alias": "mi",
                      "Startup Cost": 0.43,
                      "Total Cost": 2.2,
                      "Plan Rows": 4,
                      "Plan Width": 4,
                      "Actual Startup Time": 0.006,
                      "Actual Total Time": 0.007,
                      "Actual Rows": 1,
                      "Actual Loops": 233642,
                      "Index Cond": "(movie_id = t.id)",
                      "Rows Removed by Index Recheck": 0,
                      "Filter": "(info_type_id > 18)",
                      "Rows Removed by Filter": 12
                    }
                  ]
                }
              ]
            }
          ]
        }
      ]
    },
    "Planning Time": 1.585,
    "Triggers": [],
    "Execution Time": 797.471
  }
]