[
  {
    "Plan": {
      "Node Type": "Aggregate",
      "Strategy": "Plain",
      "Partial Mode": "Finalize",
      "Parallel Aware": false,
      "Startup Cost": 33120.29,
      "Total Cost": 33120.3,
      "Plan Rows": 1,
      "Plan Width": 8,
      "Actual Startup Time": 119.684,
      "Actual Total Time": 125.241,
      "Actual Rows": 1,
      "Actual Loops": 1,
      "Plans": [
        {
          "Node Type": "Gather",
          "Parent Relationship": "Outer",
          "Parallel Aware": false,
          "Startup Cost": 33119.97,
          "Total Cost": 33120.28,
          "Plan Rows": 3,
          "Plan Width": 8,
          "Actual Startup Time": 119.571,
          "Actual Total Time": 125.232,
          "Actual Rows": 4,
          "Actual Loops": 1,
          "Workers Planned": 3,
          "Workers Launched": 3,
          "Single Copy": false,
          "Plans": [
            {
              "Node Type": "Aggregate",
              "Strategy": "Plain",
              "Partial Mode": "Partial",
              "Parent Relationship": "Outer",
              "Parallel Aware": false,
              "Startup Cost": 32119.97,
              "Total Cost": 32119.98,
              "Plan Rows": 1,
              "Plan Width": 8,
              "Actual Startup Time": 111.471,
              "Actual Total Time": 111.472,
              "Actual Rows": 1,
              "Actual Loops": 4,
              "Plans": [
                {
                  "Node Type": "Seq Scan",
                  "Parent Relationship": "Outer",
                  "Parallel Aware": true,
                  "Relation Name": "movie_companies",
                  "Alias": "mc",
                  "Startup Cost": 0.0,
                  "Total Cost": 31414.82,
                  "Plan Rows": 282062,
                  "Plan Width": 0,
                  "Actual Startup Time": 52.329,
                  "Actual Total Time": 97.186,
                  "Actual Rows": 269294,
                  "Actual Loops": 4,
                  "Filter": "((company_id > 2650) AND (company_type_id > 1))",
                  "Rows Removed by Filter": 382988
                }
              ]
            }
          ]
        }
      ]
    },
    "Planning Time": 0.184,
    "Triggers": [],
    "Execution Time": 125.296
  }
]