{
    "Plan": {
        "Node Type": "Aggregate",
        "Strategy": "Plain",
        "Partial Mode": "Finalize",
        "Parallel Aware": false,
        "Startup Cost": 381764.47,
        "Total Cost": 381764.48,
        "Plan Rows": 1,
        "Plan Width": 8,
        "Actual Startup Time": 1479.138,
        "Actual Total Time": 1533.315,
        "Actual Rows": 1,
        "Actual Loops": 1,
        "Output": [
            "count(*)"
        ],
        "Plans": [
            {
                "Node Type": "Gather",
                "Parent Relationship": "Outer",
                "Parallel Aware": false,
                "Startup Cost": 381763.85,
                "Total Cost": 381764.46,
                "Plan Rows": 6,
                "Plan Width": 8,
                "Actual Startup Time": 1472.077,
                "Actual Total Time": 1533.302,
                "Actual Rows": 7,
                "Actual Loops": 1,
                "Output": [
                    "(PARTIAL count(*))"
                ],
                "Workers Planned": 6,
                "Workers Launched": 6,
                "Single Copy": false,
                "Plans": [
                    {
                        "Node Type": "Aggregate",
                        "Strategy": "Plain",
                        "Partial Mode": "Partial",
                        "Parent Relationship": "Outer",
                        "Parallel Aware": false,
                        "Startup Cost": 380763.85,
                        "Total Cost": 380763.86,
                        "Plan Rows": 1,
                        "Plan Width": 8,
                        "Actual Startup Time": 1461.234,
                        "Actual Total Time": 1461.237,
                        "Actual Rows": 1,
                        "Actual Loops": 7,
                        "Output": [
                            "PARTIAL count(*)"
                        ],
                        "Workers": [
                            {
                                "Worker Number": 0,
                                "Actual Startup Time": 1459.825,
                                "Actual Total Time": 1459.829,
                                "Actual Rows": 1,
                                "Actual Loops": 1
                            },
                            {
                                "Worker Number": 1,
                                "Actual Startup Time": 1459.171,
                                "Actual Total Time": 1459.175,
                                "Actual Rows": 1,
                                "Actual Loops": 1
                            },
                            {
                                "Worker Number": 2,
                                "Actual Startup Time": 1459.067,
                                "Actual Total Time": 1459.07,
                                "Actual Rows": 1,
                                "Actual Loops": 1
                            },
                            {
                                "Worker Number": 3,
                                "Actual Startup Time": 1460.561,
                                "Actual Total Time": 1460.564,
                                "Actual Rows": 1,
                                "Actual Loops": 1
                            },
                            {
                                "Worker Number": 4,
                                "Actual Startup Time": 1459.049,
                                "Actual Total Time": 1459.052,
                                "Actual Rows": 1,
                                "Actual Loops": 1
                            },
                            {
                                "Worker Number": 5,
                                "Actual Startup Time": 1459.832,
                                "Actual Total Time": 1459.835,
                                "Actual Rows": 1,
                                "Actual Loops": 1
                            }
                        ],
                        "Plans": [
                            {
                                "Node Type": "Hash Join",
                                "Parent Relationship": "Outer",
                                "Parallel Aware": true,
                                "Join Type": "Inner",
                                "Startup Cost": 45732.28,
                                "Total Cost": 379529.89,
                                "Plan Rows": 493582,
                                "Plan Width": 0,
                                "Actual Startup Time": 142.654,
                                "Actual Total Time": 1433.756,
                                "Actual Rows": 457736,
                                "Actual Loops": 7,
                                "Inner Unique": true,
                                "Hash Cond": "(ci.movie_id = t.id)",
                                "Workers": [
                                    {
                                        "Worker Number": 0,
                                        "Actual Startup Time": 141.378,
                                        "Actual Total Time": 1431.722,
                                        "Actual Rows": 425469,
                                        "Actual Loops": 1
                                    },
                                    {
                                        "Worker Number": 1,
                                        "Actual Startup Time": 140.72,
                                        "Actual Total Time": 1430.876,
                                        "Actual Rows": 426334,
                                        "Actual Loops": 1
                                    },
                                    {
                                        "Worker Number": 2,
                                        "Actual Startup Time": 140.526,
                                        "Actual Total Time": 1432.298,
                                        "Actual Rows": 404766,
                                        "Actual Loops": 1
                                    },
                                    {
                                        "Worker Number": 3,
                                        "Actual Startup Time": 141.367,
                                        "Actual Total Time": 1435.727,
                                        "Actual Rows": 464197,
                                        "Actual Loops": 1
                                    },
                                    {
                                        "Worker Number": 4,
                                        "Actual Startup Time": 140.598,
                                        "Actual Total Time": 1432.061,
                                        "Actual Rows": 405472,
                                        "Actual Loops": 1
                                    },
                                    {
                                        "Worker Number": 5,
                                        "Actual Startup Time": 141.325,
                                        "Actual Total Time": 1431.849,
                                        "Actual Rows": 425411,
                                        "Actual Loops": 1
                                    }
                                ],
                                "Plans": [
                                    {
                                        "Node Type": "Seq Scan",
                                        "Parent Relationship": "Outer",
                                        "Parallel Aware": true,
                                        "Relation Name": "cast_info",
                                        "Schema": "public",
                                        "Alias": "ci",
                                        "Startup Cost": 0.0,
                                        "Total Cost": 328213.62,
                                        "Plan Rows": 2127232,
                                        "Plan Width": 4,
                                        "Actual Startup Time": 0.033,
                                        "Actual Total Time": 814.087,
                                        "Actual Rows": 1810098,
                                        "Actual Loops": 7,
                                        "Output": [
                                            "ci.id",
                                            "ci.person_id",
                                            "ci.movie_id",
                                            "ci.person_role_id",
                                            "ci.note",
                                            "ci.nr_order",
                                            "ci.role_id"
                                        ],
                                        "Filter": "(ci.role_id = 1)",
                                        "Rows Removed by Filter": 3367665,
                                        "Workers": [
                                            {
                                                "Worker Number": 0,
                                                "Actual Startup Time": 0.034,
                                                "Actual Total Time": 825.628,
                                                "Actual Rows": 1675962,
                                                "Actual Loops": 1
                                            },
                                            {
                                                "Worker Number": 1,
                                                "Actual Startup Time": 0.044,
                                                "Actual Total Time": 824.1,
                                                "Actual Rows": 1658868,
                                                "Actual Loops": 1
                                            },
                                            {
                                                "Worker Number": 2,
                                                "Actual Startup Time": 0.04,
                                                "Actual Total Time": 821.637,
                                                "Actual Rows": 1604327,
                                                "Actual Loops": 1
                                            },
                                            {
                                                "Worker Number": 3,
                                                "Actual Startup Time": 0.033,
                                                "Actual Total Time": 812.413,
                                                "Actual Rows": 1857589,
                                                "Actual Loops": 1
                                            },
                                            {
                                                "Worker Number": 4,
                                                "Actual Startup Time": 0.036,
                                                "Actual Total Time": 821.486,
                                                "Actual Rows": 1591060,
                                                "Actual Loops": 1
                                            },
                                            {
                                                "Worker Number": 5,
                                                "Actual Startup Time": 0.036,
                                                "Actual Total Time": 825.24,
                                                "Actual Rows": 1674668,
                                                "Actual Loops": 1
                                            }
                                        ]
                                    },
                                    {
                                        "Node Type": "Hash",
                                        "Parent Relationship": "Inner",
                                        "Parallel Aware": true,
                                        "Startup Cost": 43899.01,
                                        "Total Cost": 43899.01,
                                        "Plan Rows": 146662,
                                        "Plan Width": 4,
                                        "Actual Startup Time": 139.196,
                                        "Actual Total Time": 139.198,
                                        "Actual Rows": 83574,
                                        "Actual Loops": 7,
                                        "Output": [
                                            "t.id"
                                        ],
                                        "Hash Buckets": 1048576,
                                        "Original Hash Buckets": 1048576,
                                        "Hash Batches": 1,
                                        "Original Hash Batches": 1,
                                        "Peak Memory Usage": 31200,
                                        "Workers": [
                                            {
                                                "Worker Number": 0,
                                                "Actual Startup Time": 140.536,
                                                "Actual Total Time": 140.538,
                                                "Actual Rows": 76403,
                                                "Actual Loops": 1
                                            },
                                            {
                                                "Worker Number": 1,
                                                "Actual Startup Time": 139.949,
                                                "Actual Total Time": 139.951,
                                                "Actual Rows": 76241,
                                                "Actual Loops": 1
                                            },
                                            {
                                                "Worker Number": 2,
                                                "Actual Startup Time": 139.745,
                                                "Actual Total Time": 139.746,
                                                "Actual Rows": 73116,
                                                "Actual Loops": 1
                                            },
                                            {
                                                "Worker Number": 3,
                                                "Actual Startup Time": 140.555,
                                                "Actual Total Time": 140.557,
                                                "Actual Rows": 79577,
                                                "Actual Loops": 1
                                            },
                                            {
                                                "Worker Number": 4,
                                                "Actual Startup Time": 139.683,
                                                "Actual Total Time": 139.685,
                                                "Actual Rows": 73510,
                                                "Actual Loops": 1
                                            },
                                            {
                                                "Worker Number": 5,
                                                "Actual Startup Time": 140.567,
                                                "Actual Total Time": 140.568,
                                                "Actual Rows": 72629,
                                                "Actual Loops": 1
                                            }
                                        ],
                                        "Plans": [
                                            {
                                                "Node Type": "Seq Scan",
                                                "Parent Relationship": "Outer",
                                                "Parallel Aware": true,
                                                "Relation Name": "title",
                                                "Schema": "public",
                                                "Alias": "t",
                                                "Startup Cost": 0.0,
                                                "Total Cost": 43899.01,
                                                "Plan Rows": 146662,
                                                "Plan Width": 4,
                                                "Actual Startup Time": 0.062,
                                                "Actual Total Time": 85.614,
                                                "Actual Rows": 83574,
                                                "Actual Loops": 7,
                                                "Output": [
                                                    "t.id"
                                                ],
                                                "Filter": "(t.production_year < 1985)",
                                                "Rows Removed by Filter": 277613,
                                                "Workers": [
                                                    {
                                                        "Worker Number": 0,
                                                        "Actual Startup Time": 0.063,
                                                        "Actual Total Time": 86.484,
                                                        "Actual Rows": 76403,
                                                        "Actual Loops": 1
                                                    },
                                                    {
                                                        "Worker Number": 1,
                                                        "Actual Startup Time": 0.062,
                                                        "Actual Total Time": 86.213,
                                                        "Actual Rows": 76241,
                                                        "Actual Loops": 1
                                                    },
                                                    {
                                                        "Worker Number": 2,
                                                        "Actual Startup Time": 0.075,
                                                        "Actual Total Time": 86.209,
                                                        "Actual Rows": 73116,
                                                        "Actual Loops": 1
                                                    },
                                                    {
                                                        "Worker Number": 3,
                                                        "Actual Startup Time": 0.069,
                                                        "Actual Total Time": 87.737,
                                                        "Actual Rows": 79577,
                                                        "Actual Loops": 1
                                                    },
                                                    {
                                                        "Worker Number": 4,
                                                        "Actual Startup Time": 0.085,
                                                        "Actual Total Time": 85.462,
                                                        "Actual Rows": 73510,
                                                        "Actual Loops": 1
                                                    },
                                                    {
                                                        "Worker Number": 5,
                                                        "Actual Startup Time": 0.064,
                                                        "Actual Total Time": 85.666,
                                                        "Actual Rows": 72629,
                                                        "Actual Loops": 1
                                                    }
                                                ]
                                            }
                                        ]
                                    }
                                ]
                            }
                        ]
                    }
                ]
            }
        ]
    },
    "Planning Time": 0.692,
    "Triggers": [],
    "Execution Time": 1533.402
}