[
  {
    "Plan": {
      "Node Type": "Aggregate",
      "Strategy": "Plain",
      "Partial Mode": "Finalize",
      "Parallel Aware": false,
      "Startup Cost": 32691.34,
      "Total Cost": 32691.35,
      "Plan Rows": 1,
      "Plan Width": 8,
      "Actual Startup Time": 87.856,
      "Actual Total Time": 96.109,
      "Actual Rows": 1,
      "Actual Loops": 1,
      "Plans": [
        {
          "Node Type": "Gather",
          "Parent Relationship": "Outer",
          "Parallel Aware": false,
          "Startup Cost": 32691.02,
          "Total Cost": 32691.33,
          "Plan Rows": 3,
          "Plan Width": 8,
          "Actual Startup Time": 87.753,
          "Actual Total Time": 96.101,
          "Actual Rows": 4,
          "Actual Loops": 1,
          "Workers Planned": 3,
          "Workers Launched": 3,
          "Single Copy": false,
          "Plans": [
            {
              "Node Type": "Aggregate",
              "Strategy": "Plain",
              "Partial Mode": "Partial",
              "Parent Relationship": "Outer",
              "Parallel Aware": false,
              "Startup Cost": 31691.02,
              "Total Cost": 31691.03,
              "Plan Rows": 1,
              "Plan Width": 8,
              "Actual Startup Time": 79.396,
              "Actual Total Time": 79.397,
              "Actual Rows": 1,
              "Actual Loops": 4,
              "Plans": [
                {
                  "Node Type": "Seq Scan",
                  "Parent Relationship": "Outer",
                  "Parallel Aware": true,
                  "Relation Name": "movie_companies",
                  "Alias": "mc",
                  "Startup Cost": 0.0,
                  "Total Cost": 31414.82,
                  "Plan Rows": 110482,
                  "Plan Width": 0,
                  "Actual Startup Time": 49.941,
                  "Actual Total Time": 77.428,
                  "Actual Rows": 47474,
                  "Actual Loops": 4,
                  "Filter": "((company_id < 1049) AND (company_type_id = 2))",
                  "Rows Removed by Filter": 604808
                }
              ]
            }
          ]
        }
      ]
    },
    "Planning Time": 0.201,
    "Triggers": [],
    "Execution Time": 96.161
  }
]