[
  {
    "Plan": {
      "Node Type": "Aggregate",
      "Strategy": "Plain",
      "Partial Mode": "Finalize",
      "Parallel Aware": false,
      "Startup Cost": 175981.21,
      "Total Cost": 175981.22,
      "Plan Rows": 1,
      "Plan Width": 8,
      "Actual Startup Time": 120.474,
      "Actual Total Time": 127.9,
      "Actual Rows": 1,
      "Actual Loops": 1,
      "Plans": [
        {
          "Node Type": "Gather",
          "Parent Relationship": "Outer",
          "Parallel Aware": false,
          "Startup Cost": 175980.68,
          "Total Cost": 175981.2,
          "Plan Rows": 5,
          "Plan Width": 8,
          "Actual Startup Time": 120.228,
          "Actual Total Time": 127.89,
          "Actual Rows": 6,
          "Actual Loops": 1,
          "Workers Planned": 5,
          "Workers Launched": 5,
          "Single Copy": false,
          "Plans": [
            {
              "Node Type": "Aggregate",
              "Strategy": "Plain",
              "Partial Mode": "Partial",
              "Parent Relationship": "Outer",
              "Parallel Aware": false,
              "Startup Cost": 174980.68,
              "Total Cost": 174980.7,
              "Plan Rows": 1,
              "Plan Width": 8,
              "Actual Startup Time": 111.3,
              "Actual Total Time": 111.301,
              "Actual Rows": 1,
              "Actual Loops": 6,
              "Plans": [
                {
                  "Node Type": "Bitmap Heap Scan",
                  "Parent Relationship": "Outer",
                  "Parallel Aware": true,
                  "Relation Name": "movie_info",
                  "Alias": "mi",
                  "Startup Cost": 11142.68,
                  "Total Cost": 174673.18,
                  "Plan Rows": 123000,
                  "Plan Width": 0,
                  "Actual Startup Time": 48.053,
                  "Actual Total Time": 104.402,
                  "Actual Rows": 99743,
                  "Actual Loops": 6,
                  "Recheck Cond": "(info_type_id = 15)",
                  "Rows Removed by Index Recheck": 0,
                  "Exact Heap Blocks": 8207,
                  "Lossy Heap Blocks": 0,
                  "Plans": [
                    {
                      "Node Type": "Bitmap Index Scan",
                      "Parent Relationship": "Outer",
                      "Parallel Aware": false,
                      "Index Name": "info_type_id_movie_info",
                      "Startup Cost": 0.0,
                      "Total Cost": 10988.93,
                      "Plan Rows": 615000,
                      "Plan Width": 0,
                      "Actual Startup Time": 52.71,
                      "Actual Total Time": 52.711,
                      "Actual Rows": 598457,
                      "Actual Loops": 1,
                      "Index Cond": "(info_type_id = 15)"
                    }
                  ]
                }
              ]
            }
          ]
        }
      ]
    },
    "Planning Time": 0.189,
    "Triggers": [],
    "Execution Time": 127.978
  }
]