[
  {
    "Plan": {
      "Node Type": "Aggregate",
      "Strategy": "Plain",
      "Partial Mode": "Finalize",
      "Parallel Aware": false,
      "Startup Cost": 46014.94,
      "Total Cost": 46014.95,
      "Plan Rows": 1,
      "Plan Width": 8,
      "Actual Startup Time": 131.482,
      "Actual Total Time": 144.921,
      "Actual Rows": 1,
      "Actual Loops": 1,
      "Plans": [
        {
          "Node Type": "Gather",
          "Parent Relationship": "Outer",
          "Parallel Aware": false,
          "Startup Cost": 46014.52,
          "Total Cost": 46014.93,
          "Plan Rows": 4,
          "Plan Width": 8,
          "Actual Startup Time": 131.295,
          "Actual Total Time": 144.911,
          "Actual Rows": 5,
          "Actual Loops": 1,
          "Workers Planned": 4,
          "Workers Launched": 4,
          "Single Copy": false,
          "Plans": [
            {
              "Node Type": "Aggregate",
              "Strategy": "Plain",
              "Partial Mode": "Partial",
              "Parent Relationship": "Outer",
              "Parallel Aware": false,
              "Startup Cost": 45014.52,
              "Total Cost": 45014.53,
              "Plan Rows": 1,
              "Plan Width": 8,
              "Actual Startup Time": 124.782,
              "Actual Total Time": 124.783,
              "Actual Rows": 1,
              "Actual Loops": 5,
              "Plans": [
                {
                  "Node Type": "Seq Scan",
                  "Parent Relationship": "Outer",
                  "Parallel Aware": true,
                  "Relation Name": "title",
                  "Alias": "t",
                  "Startup Cost": 0.0,
                  "Total Cost": 43899.32,
                  "Plan Rows": 446079,
                  "Plan Width": 0,
                  "Actual Startup Time": 0.042,
                  "Actual Total Time": 103.968,
                  "Actual Rows": 354414,
                  "Actual Loops": 5,
                  "Filter": "(production_year > 1989)",
                  "Rows Removed by Filter": 151248
                }
              ]
            }
          ]
        }
      ]
    },
    "Planning Time": 0.085,
    "Triggers": [],
    "Execution Time": 144.963
  }
]