{
  "Plan": {
    "Node Type": "Aggregate",
    "Strategy": "Plain",
    "Partial Mode": "Finalize",
    "Parallel Aware": false,
    "Startup Cost": 595744.94,
    "Total Cost": 595744.95,
    "Plan Rows": 1,
    "Plan Width": 8,
    "Actual Startup Time": 1976.043,
    "Actual Total Time": 2030.511,
    "Actual Rows": 1,
    "Actual Loops": 1,
    "Plans": [
      {
        "Node Type": "Gather",
        "Parent Relationship": "Outer",
        "Parallel Aware": false,
        "Startup Cost": 595744.82,
        "Total Cost": 595744.93,
        "Plan Rows": 1,
        "Plan Width": 8,
        "Actual Startup Time": 1975.463,
        "Actual Total Time": 2030.501,
        "Actual Rows": 2,
        "Actual Loops": 1,
        "Workers Planned": 1,
        "Workers Launched": 1,
        "Single Copy": false,
        "Plans": [
          {
            "Node Type": "Aggregate",
            "Strategy": "Plain",
            "Partial Mode": "Partial",
            "Parent Relationship": "Outer",
            "Parallel Aware": false,
            "Startup Cost": 594744.82,
            "Total Cost": 594744.83,
            "Plan Rows": 1,
            "Plan Width": 8,
            "Actual Startup Time": 1970.199,
            "Actual Total Time": 1970.202,
            "Actual Rows": 1,
            "Actual Loops": 2,
            "Plans": [
              {
                "Node Type": "Hash Join",
                "Parent Relationship": "Outer",
                "Parallel Aware": true,
                "Join Type": "Inner",
                "Startup Cost": 60149.28,
                "Total Cost": 593405.5,
                "Plan Rows": 535729,
                "Plan Width": 0,
                "Actual Startup Time": 803.874,
                "Actual Total Time": 1964.047,
                "Actual Rows": 136990,
                "Actual Loops": 2,
                "Inner Unique": true,
                "Hash Cond": "(ci.movie_id = t.id)",
                "Plans": [
                  {
                    "Node Type": "Seq Scan",
                    "Parent Relationship": "Outer",
                    "Parallel Aware": true,
                    "Relation Name": "cast_info",
                    "Alias": "ci",
                    "Startup Cost": 0.0,
                    "Total Cost": 519069.44,
                    "Plan Rows": 5404479,
                    "Plan Width": 4,
                    "Actual Startup Time": 644.932,
                    "Actual Total Time": 1253.943,
                    "Actual Rows": 4554585,
                    "Actual Loops": 2,
                    "Filter": "(person_id > 2787296)",
                    "Rows Removed by Filter": 13567587
                  },
                  {
                    "Node Type": "Hash",
                    "Parent Relationship": "Inner",
                    "Parallel Aware": true,
                    "Startup Cost": 58306.47,
                    "Total Cost": 58306.47,
                    "Plan Rows": 147425,
                    "Plan Width": 4,
                    "Actual Startup Time": 154.987,
                    "Actual Total Time": 154.988,
                    "Actual Rows": 76932,
                    "Actual Loops": 2,
                    "Hash Buckets": 262144,
                    "Original Hash Buckets": 262144,
                    "Hash Batches": 1,
                    "Original Hash Batches": 1,
                    "Peak Memory Usage": 8096,
                    "Plans": [
                      {
                        "Node Type": "Seq Scan",
                        "Parent Relationship": "Outer",
                        "Parallel Aware": true,
                        "Relation Name": "title",
                        "Alias": "t",
                        "Startup Cost": 0.0,
                        "Total Cost": 58306.47,
                        "Plan Rows": 147425,
                        "Plan Width": 4,
                        "Actual Startup Time": 0.031,
                        "Actual Total Time": 135.16,
                        "Actual Rows": 76932,
                        "Actual Loops": 2,
                        "Filter": "((production_year < 1974) AND (kind_id = 7))",
                        "Rows Removed by Filter": 1187224
                      }
                    ]
                  }
                ]
              }
            ]
          }
        ]
      }
    ]
  },
  "Planning Time": 0.512,
  "Triggers": [],
  "Execution Time": 2030.598
}