[
  {
    "Plan": {
      "Node Type": "Aggregate",
      "Strategy": "Plain",
      "Partial Mode": "Finalize",
      "Parallel Aware": false,
      "Startup Cost": 47269.77,
      "Total Cost": 47269.78,
      "Plan Rows": 1,
      "Plan Width": 8,
      "Actual Startup Time": 162.957,
      "Actual Total Time": 170.515,
      "Actual Rows": 1,
      "Actual Loops": 1,
      "Plans": [
        {
          "Node Type": "Gather",
          "Parent Relationship": "Outer",
          "Parallel Aware": false,
          "Startup Cost": 47269.45,
          "Total Cost": 47269.76,
          "Plan Rows": 3,
          "Plan Width": 8,
          "Actual Startup Time": 162.826,
          "Actual Total Time": 170.508,
          "Actual Rows": 4,
          "Actual Loops": 1,
          "Workers Planned": 3,
          "Workers Launched": 3,
          "Single Copy": false,
          "Plans": [
            {
              "Node Type": "Aggregate",
              "Strategy": "Plain",
              "Partial Mode": "Partial",
              "Parent Relationship": "Outer",
              "Parallel Aware": false,
              "Startup Cost": 46269.45,
              "Total Cost": 46269.46,
              "Plan Rows": 1,
              "Plan Width": 8,
              "Actual Startup Time": 160.378,
              "Actual Total Time": 160.379,
              "Actual Rows": 1,
              "Actual Loops": 4,
              "Plans": [
                {
                  "Node Type": "Seq Scan",
                  "Parent Relationship": "Outer",
                  "Parallel Aware": true,
                  "Relation Name": "movie_keyword",
                  "Alias": "mk",
                  "Startup Cost": 0.0,
                  "Total Cost": 42695.65,
                  "Plan Rows": 1429520,
                  "Plan Width": 0,
                  "Actual Startup Time": 0.015,
                  "Actual Total Time": 111.852,
                  "Actual Rows": 1109494,
                  "Actual Loops": 4,
                  "Filter": "(keyword_id < 86065)",
                  "Rows Removed by Filter": 21488
                }
              ]
            }
          ]
        }
      ]
    },
    "Planning Time": 0.059,
    "Triggers": [],
    "Execution Time": 170.536
  }
]