[
  {
    "Plan": {
      "Node Type": "Aggregate",
      "Strategy": "Plain",
      "Partial Mode": "Finalize",
      "Parallel Aware": false,
      "Startup Cost": 72822.56,
      "Total Cost": 72822.57,
      "Plan Rows": 1,
      "Plan Width": 8,
      "Actual Startup Time": 136.897,
      "Actual Total Time": 154.064,
      "Actual Rows": 1,
      "Actual Loops": 1,
      "Plans": [
        {
          "Node Type": "Gather",
          "Parent Relationship": "Outer",
          "Parallel Aware": false,
          "Startup Cost": 72822.14,
          "Total Cost": 72822.55,
          "Plan Rows": 4,
          "Plan Width": 8,
          "Actual Startup Time": 136.437,
          "Actual Total Time": 154.055,
          "Actual Rows": 5,
          "Actual Loops": 1,
          "Workers Planned": 4,
          "Workers Launched": 4,
          "Single Copy": false,
          "Plans": [
            {
              "Node Type": "Aggregate",
              "Strategy": "Plain",
              "Partial Mode": "Partial",
              "Parent Relationship": "Outer",
              "Parallel Aware": false,
              "Startup Cost": 71822.14,
              "Total Cost": 71822.15,
              "Plan Rows": 1,
              "Plan Width": 8,
              "Actual Startup Time": 125.904,
              "Actual Total Time": 125.907,
              "Actual Rows": 1,
              "Actual Loops": 5,
              "Plans": [
                {
                  "Node Type": "Nested Loop",
                  "Parent Relationship": "Outer",
                  "Parallel Aware": false,
                  "Join Type": "Inner",
                  "Startup Cost": 21086.76,
                  "Total Cost": 71816.33,
                  "Plan Rows": 2322,
                  "Plan Width": 0,
                  "Actual Startup Time": 35.346,
                  "Actual Total Time": 125.788,
                  "Actual Rows": 999,
                  "Actual Loops": 5,
                  "Inner Unique": false,
                  "Plans": [
                    {
                      "Node Type": "Hash Join",
                      "Parent Relationship": "Outer",
                      "Parallel Aware": true,
                      "Join Type": "Inner",
                      "Startup Cost": 21086.19,
                      "Total Cost": 65188.74,
                      "Plan Rows": 654,
                      "Plan Width": 8,
                      "Actual Startup Time": 35.228,
                      "Actual Total Time": 105.362,
                      "Actual Rows": 96,
                      "Actual Loops": 5,
                      "Inner Unique": false,
                      "Hash Cond": "(t.id = mc.movie_id)",
                      "Plans": [
                        {
                          "Node Type": "Seq Scan",
                          "Parent Relationship": "Outer",
                          "Parallel Aware": true,
                          "Relation Name": "title",
                          "Alias": "t",
                          "Startup Cost": 0.0,
                          "Total Cost": 43898.92,
                          "Plan Rows": 40305,
                          "Plan Width": 4,
                          "Actual Startup Time": 0.021,
                          "Actual Total Time": 65.56,
                          "Actual Rows": 32003,
                          "Actual Loops": 5,
                          "Filter": "(production_year = 2011)",
                          "Rows Removed by Filter": 473659
                        },
                        {
                          "Node Type": "Hash",
                          "Parent Relationship": "Inner",
                          "Parallel Aware": true,
                          "Startup Cost": 20920.89,
                          "Total Cost": 20920.89,
                          "Plan Rows": 13224,
                          "Plan Width": 4,
                          "Actual Startup Time": 33.145,
                          "Actual Total Time": 33.146,
                          "Actual Rows": 3510,
                          "Actual Loops": 5,
                          "Hash Buckets": 65536,
                          "Original Hash Buckets": 65536,
                          "Hash Batches": 1,
                          "Original Hash Batches": 1,
                          "Peak Memory Usage": 1248,
                          "Plans": [
                            {
                              "Node Type": "Bitmap Heap Scan",
                              "Parent Relationship": "Outer",
                              "Parallel Aware": true,
                              "Relation Name": "movie_companies",
                              "Alias": "mc",
                              "Startup Cost": 1740.22,
                              "Total Cost": 20920.89,
                              "Plan Rows": 13224,
                              "Plan Width": 4,
                              "Actual Startup Time": 26.75,
                              "Actual Total Time": 31.576,
                              "Actual Rows": 3510,
                              "Actual Loops": 5,
                              "Recheck Cond": "(company_id < 19)",
                              "Rows Removed by Index Recheck": 0,
                              "Filter": "(company_type_id > 1)",
                              "Rows Removed by Filter": 13304,
                              "Exact Heap Blocks": 5576,
                              "Lossy Heap Blocks": 0,
                              "Plans": [
                                {
                                  "Node Type": "Bitmap Index Scan",
                                  "Parent Relationship": "Outer",
                                  "Parallel Aware": false,
                                  "Index Name": "company_id_movie_companies",
                                  "Startup Cost": 0.0,
                                  "Total Cost": 1729.97,
                                  "Plan Rows": 80739,
                                  "Plan Width": 0,
                                  "Actual Startup Time": 11.529,
                                  "Actual Total Time": 11.53,
                                  "Actual Rows": 84071,
                                  "Actual Loops": 1,
                                  "Index Cond": "(company_id < 19)"
                                }
                              ]
                            }
                          ]
                        }
                      ]
                    },
                    {
                      "Node Type": "Index Scan",
                      "Parent Relationship": "Inner",
                      "Parallel Aware": false,
                      "Scan Direction": "Forward",
                      "Index Name": "movie_id_cast_info",
                      "Relation Name": "cast_info",
                      "Alias": "ci",
                      "Startup Cost": 0.56,
                      "Total Cost": 10.04,
                      "Plan Rows": 9,
                      "Plan Width": 4,
                      "Actual Startup Time": 0.022,
                      "Actual Total Time": 0.21,
                      "Actual Rows": 10,
                      "Actual Loops": 482,
                      "Index Cond": "(movie_id = t.id)",
                      "Rows Removed by Index Recheck": 0,
                      "Filter": "(person_id < 897744)",
                      "Rows Removed by Filter": 38
                    }
                  ]
                }
              ]
            }
          ]
        }
      ]
    },
    "Planning Time": 1.571,
    "Triggers": [],
    "Execution Time": 154.176
  }
]