[
  {
    "Plan": {
      "Node Type": "Aggregate",
      "Strategy": "Plain",
      "Partial Mode": "Finalize",
      "Parallel Aware": false,
      "Startup Cost": 32778.33,
      "Total Cost": 32778.34,
      "Plan Rows": 1,
      "Plan Width": 8,
      "Actual Startup Time": 89.185,
      "Actual Total Time": 97.438,
      "Actual Rows": 1,
      "Actual Loops": 1,
      "Plans": [
        {
          "Node Type": "Gather",
          "Parent Relationship": "Outer",
          "Parallel Aware": false,
          "Startup Cost": 32778.01,
          "Total Cost": 32778.32,
          "Plan Rows": 3,
          "Plan Width": 8,
          "Actual Startup Time": 89.059,
          "Actual Total Time": 97.429,
          "Actual Rows": 4,
          "Actual Loops": 1,
          "Workers Planned": 3,
          "Workers Launched": 3,
          "Single Copy": false,
          "Plans": [
            {
              "Node Type": "Aggregate",
              "Strategy": "Plain",
              "Partial Mode": "Partial",
              "Parent Relationship": "Outer",
              "Parallel Aware": false,
              "Startup Cost": 31778.01,
              "Total Cost": 31778.02,
              "Plan Rows": 1,
              "Plan Width": 8,
              "Actual Startup Time": 83.564,
              "Actual Total Time": 83.565,
              "Actual Rows": 1,
              "Actual Loops": 4,
              "Plans": [
                {
                  "Node Type": "Seq Scan",
                  "Parent Relationship": "Outer",
                  "Parallel Aware": true,
                  "Relation Name": "movie_companies",
                  "Alias": "mc",
                  "Startup Cost": 0.0,
                  "Total Cost": 31414.82,
                  "Plan Rows": 145276,
                  "Plan Width": 0,
                  "Actual Startup Time": 0.033,
                  "Actual Total Time": 73.319,
                  "Actual Rows": 161697,
                  "Actual Loops": 4,
                  "Filter": "((company_id < 3075) AND (company_type_id < 2))",
                  "Rows Removed by Filter": 490585
                }
              ]
            }
          ]
        }
      ]
    },
    "Planning Time": 0.215,
    "Triggers": [],
    "Execution Time": 97.496
  }
]