[
    {
        "Bao": {
            "Bao prediction": "NaN",
            "Bao recommended hint": "(no hint)"
        }
    },
    {
        "Plan": {
            "Node Type": "Aggregate",
            "Strategy": "Plain",
            "Partial Mode": "Finalize",
            "Parallel Aware": false,
            "Startup Cost": 39557.3,
            "Total Cost": 39557.31,
            "Plan Rows": 1,
            "Plan Width": 8,
            "Actual Startup Time": 160.535,
            "Actual Total Time": 167.435,
            "Actual Rows": 1,
            "Actual Loops": 1,
            "Output": [
                "count(*)"
            ],
            "Plans": [
                {
                    "Node Type": "Gather",
                    "Parent Relationship": "Outer",
                    "Parallel Aware": false,
                    "Startup Cost": 39556.98,
                    "Total Cost": 39557.29,
                    "Plan Rows": 3,
                    "Plan Width": 8,
                    "Actual Startup Time": 160.202,
                    "Actual Total Time": 167.424,
                    "Actual Rows": 4,
                    "Actual Loops": 1,
                    "Output": [
                        "(PARTIAL count(*))"
                    ],
                    "Workers Planned": 3,
                    "Workers Launched": 3,
                    "Single Copy": false,
                    "Plans": [
                        {
                            "Node Type": "Aggregate",
                            "Strategy": "Plain",
                            "Partial Mode": "Partial",
                            "Parent Relationship": "Outer",
                            "Parallel Aware": false,
                            "Startup Cost": 38556.98,
                            "Total Cost": 38556.99,
                            "Plan Rows": 1,
                            "Plan Width": 8,
                            "Actual Startup Time": 150.67,
                            "Actual Total Time": 150.671,
                            "Actual Rows": 1,
                            "Actual Loops": 4,
                            "Output": [
                                "PARTIAL count(*)"
                            ],
                            "Workers": [
                                {
                                    "Worker Number": 0,
                                    "Actual Startup Time": 147.212,
                                    "Actual Total Time": 147.214,
                                    "Actual Rows": 1,
                                    "Actual Loops": 1
                                },
                                {
                                    "Worker Number": 1,
                                    "Actual Startup Time": 147.491,
                                    "Actual Total Time": 147.493,
                                    "Actual Rows": 1,
                                    "Actual Loops": 1
                                },
                                {
                                    "Worker Number": 2,
                                    "Actual Startup Time": 148.337,
                                    "Actual Total Time": 148.338,
                                    "Actual Rows": 1,
                                    "Actual Loops": 1
                                }
                            ],
                            "Plans": [
                                {
                                    "Node Type": "Bitmap Heap Scan",
                                    "Parent Relationship": "Outer",
                                    "Parallel Aware": true,
                                    "Relation Name": "movie_keyword",
                                    "Schema": "public",
                                    "Alias": "mk",
                                    "Startup Cost": 11483.68,
                                    "Total Cost": 38120.43,
                                    "Plan Rows": 174620,
                                    "Plan Width": 0,
                                    "Actual Startup Time": 49.808,
                                    "Actual Total Time": 141.792,
                                    "Actual Rows": 134221,
                                    "Actual Loops": 4,
                                    "Recheck Cond": "(mk.keyword_id > 34225)",
                                    "Rows Removed by Index Recheck": 0,
                                    "Exact Heap Blocks": 7648,
                                    "Lossy Heap Blocks": 0,
                                    "Workers": [
                                        {
                                            "Worker Number": 0,
                                            "Actual Startup Time": 46.828,
                                            "Actual Total Time": 139.264,
                                            "Actual Rows": 131105,
                                            "Actual Loops": 1
                                        },
                                        {
                                            "Worker Number": 1,
                                            "Actual Startup Time": 46.846,
                                            "Actual Total Time": 139.635,
                                            "Actual Rows": 129689,
                                            "Actual Loops": 1
                                        },
                                        {
                                            "Worker Number": 2,
                                            "Actual Startup Time": 47.4,
                                            "Actual Total Time": 140.13,
                                            "Actual Rows": 98542,
                                            "Actual Loops": 1
                                        }
                                    ],
                                    "Plans": [
                                        {
                                            "Node Type": "Bitmap Index Scan",
                                            "Parent Relationship": "Outer",
                                            "Parallel Aware": false,
                                            "Index Name": "keyword_id_movie_keyword",
                                            "Startup Cost": 0.0,
                                            "Total Cost": 11348.35,
                                            "Plan Rows": 541322,
                                            "Plan Width": 0,
                                            "Actual Startup Time": 52.589,
                                            "Actual Total Time": 52.59,
                                            "Actual Rows": 536883,
                                            "Actual Loops": 1,
                                            "Index Cond": "(mk.keyword_id > 34225)"
                                        }
                                    ]
                                }
                            ]
                        }
                    ]
                }
            ]
        },
        "Planning Time": 311.242,
        "Triggers": [],
        "Execution Time": 167.562
    }
]