[
  {
    "Plan": {
      "Node Type": "Aggregate",
      "Strategy": "Plain",
      "Partial Mode": "Finalize",
      "Parallel Aware": false,
      "Startup Cost": 49844.81,
      "Total Cost": 49844.82,
      "Plan Rows": 1,
      "Plan Width": 8,
      "Actual Startup Time": 36.526,
      "Actual Total Time": 42.929,
      "Actual Rows": 1,
      "Actual Loops": 1,
      "Plans": [
        {
          "Node Type": "Gather",
          "Parent Relationship": "Outer",
          "Parallel Aware": false,
          "Startup Cost": 49844.49,
          "Total Cost": 49844.8,
          "Plan Rows": 3,
          "Plan Width": 8,
          "Actual Startup Time": 36.286,
          "Actual Total Time": 42.924,
          "Actual Rows": 4,
          "Actual Loops": 1,
          "Workers Planned": 3,
          "Workers Launched": 3,
          "Single Copy": false,
          "Plans": [
            {
              "Node Type": "Aggregate",
              "Strategy": "Plain",
              "Partial Mode": "Partial",
              "Parent Relationship": "Outer",
              "Parallel Aware": false,
              "Startup Cost": 48844.49,
              "Total Cost": 48844.5,
              "Plan Rows": 1,
              "Plan Width": 8,
              "Actual Startup Time": 33.437,
              "Actual Total Time": 33.438,
              "Actual Rows": 1,
              "Actual Loops": 4,
              "Plans": [
                {
                  "Node Type": "Nested Loop",
                  "Parent Relationship": "Outer",
                  "Parallel Aware": false,
                  "Join Type": "Inner",
                  "Startup Cost": 625.76,
                  "Total Cost": 48844.0,
                  "Plan Rows": 196,
                  "Plan Width": 0,
                  "Actual Startup Time": 9.117,
                  "Actual Total Time": 33.414,
                  "Actual Rows": 164,
                  "Actual Loops": 4,
                  "Inner Unique": true,
                  "Plans": [
                    {
                      "Node Type": "Bitmap Heap Scan",
                      "Parent Relationship": "Outer",
                      "Parallel Aware": true,
                      "Relation Name": "movie_companies",
                      "Alias": "mc",
                      "Startup Cost": 625.33,
                      "Total Cost": 20409.5,
                      "Plan Rows": 4763,
                      "Plan Width": 4,
                      "Actual Startup Time": 8.614,
                      "Actual Total Time": 12.492,
                      "Actual Rows": 3618,
                      "Actual Loops": 4,
                      "Recheck Cond": "(company_id = 27)",
                      "Rows Removed by Index Recheck": 0,
                      "Filter": "(company_type_id = 2)",
                      "Rows Removed by Filter": 3208,
                      "Exact Heap Blocks": 4191,
                      "Lossy Heap Blocks": 0,
                      "Plans": [
                        {
                          "Node Type": "Bitmap Index Scan",
                          "Parent Relationship": "Outer",
                          "Parallel Aware": false,
                          "Index Name": "company_id_movie_companies",
                          "Startup Cost": 0.0,
                          "Total Cost": 621.64,
                          "Plan Rows": 28961,
                          "Plan Width": 0,
                          "Actual Startup Time": 3.021,
                          "Actual Total Time": 3.022,
                          "Actual Rows": 27303,
                          "Actual Loops": 1,
                          "Index Cond": "(company_id = 27)"
                        }
                      ]
                    },
                    {
                      "Node Type": "Index Scan",
                      "Parent Relationship": "Inner",
                      "Parallel Aware": false,
                      "Scan Direction": "Forward",
                      "Index Name": "title_pkey",
                      "Relation Name": "title",
                      "Alias": "t",
                      "Startup Cost": 0.43,
                      "Total Cost": 5.97,
                      "Plan Rows": 1,
                      "Plan Width": 4,
                      "Actual Startup Time": 0.006,
                      "Actual Total Time": 0.006,
                      "Actual Rows": 0,
                      "Actual Loops": 14470,
                      "Index Cond": "(id = mc.movie_id)",
                      "Rows Removed by Index Recheck": 0,
                      "Filter": "((kind_id > 1) AND (production_year = 2010))",
                      "Rows Removed by Filter": 1
                    }
                  ]
                }
              ]
            }
          ]
        }
      ]
    },
    "Planning Time": 0.25,
    "Triggers": [],
    "Execution Time": 42.966
  }
]