[
  {
    "Plan": {
      "Node Type": "Aggregate",
      "Strategy": "Plain",
      "Partial Mode": "Finalize",
      "Parallel Aware": false,
      "Startup Cost": 85634.44,
      "Total Cost": 85634.45,
      "Plan Rows": 1,
      "Plan Width": 8,
      "Actual Startup Time": 199.957,
      "Actual Total Time": 211.899,
      "Actual Rows": 1,
      "Actual Loops": 1,
      "Plans": [
        {
          "Node Type": "Gather",
          "Parent Relationship": "Outer",
          "Parallel Aware": false,
          "Startup Cost": 85634.12,
          "Total Cost": 85634.43,
          "Plan Rows": 3,
          "Plan Width": 8,
          "Actual Startup Time": 199.589,
          "Actual Total Time": 211.891,
          "Actual Rows": 4,
          "Actual Loops": 1,
          "Workers Planned": 3,
          "Workers Launched": 3,
          "Single Copy": false,
          "Plans": [
            {
              "Node Type": "Aggregate",
              "Strategy": "Plain",
              "Partial Mode": "Partial",
              "Parent Relationship": "Outer",
              "Parallel Aware": false,
              "Startup Cost": 84634.12,
              "Total Cost": 84634.13,
              "Plan Rows": 1,
              "Plan Width": 8,
              "Actual Startup Time": 194.98,
              "Actual Total Time": 194.983,
              "Actual Rows": 1,
              "Actual Loops": 4,
              "Plans": [
                {
                  "Node Type": "Nested Loop",
                  "Parent Relationship": "Outer",
                  "Parallel Aware": false,
                  "Join Type": "Inner",
                  "Startup Cost": 44061.68,
                  "Total Cost": 84615.84,
                  "Plan Rows": 7313,
                  "Plan Width": 0,
                  "Actual Startup Time": 106.355,
                  "Actual Total Time": 193.092,
                  "Actual Rows": 44072,
                  "Actual Loops": 4,
                  "Inner Unique": false,
                  "Join Filter": "(t.id = mk.movie_id)",
                  "Rows Removed by Join Filter": 0,
                  "Plans": [
                    {
                      "Node Type": "Hash Join",
                      "Parent Relationship": "Outer",
                      "Parallel Aware": true,
                      "Join Type": "Inner",
                      "Startup Cost": 44061.24,
                      "Total Cost": 75998.51,
                      "Plan Rows": 4087,
                      "Plan Width": 8,
                      "Actual Startup Time": 106.287,
                      "Actual Total Time": 162.399,
                      "Actual Rows": 3960,
                      "Actual Loops": 4,
                      "Inner Unique": true,
                      "Hash Cond": "(mc.movie_id = t.id)",
                      "Plans": [
                        {
                          "Node Type": "Seq Scan",
                          "Parent Relationship": "Outer",
                          "Parallel Aware": true,
                          "Relation Name": "movie_companies",
                          "Alias": "mc",
                          "Startup Cost": 0.0,
                          "Total Cost": 31414.82,
                          "Plan Rows": 199029,
                          "Plan Width": 4,
                          "Actual Startup Time": 26.466,
                          "Actual Total Time": 59.166,
                          "Actual Rows": 221556,
                          "Actual Loops": 4,
                          "Filter": "((company_id > 12072) AND (company_type_id > 1))",
                          "Rows Removed by Filter": 430726
                        },
                        {
                          "Node Type": "Hash",
                          "Parent Relationship": "Inner",
                          "Parallel Aware": true,
                          "Startup Cost": 43899.01,
                          "Total Cost": 43899.01,
                          "Plan Rows": 12979,
                          "Plan Width": 4,
                          "Actual Startup Time": 79.014,
                          "Actual Total Time": 79.015,
                          "Actual Rows": 13253,
                          "Actual Loops": 4,
                          "Hash Buckets": 65536,
                          "Original Hash Buckets": 65536,
                          "Hash Batches": 1,
                          "Original Hash Batches": 1,
                          "Peak Memory Usage": 2656,
                          "Plans": [
                            {
                              "Node Type": "Seq Scan",
                              "Parent Relationship": "Outer",
                              "Parallel Aware": true,
                              "Relation Name": "title",
                              "Alias": "t",
                              "Startup Cost": 0.0,
                              "Total Cost": 43899.01,
                              "Plan Rows": 12979,
                              "Plan Width": 4,
                              "Actual Startup Time": 0.039,
                              "Actual Total Time": 73.954,
                              "Actual Rows": 13253,
                              "Actual Loops": 4,
                              "Filter": "(production_year = 2000)",
                              "Rows Removed by Filter": 618825
                            }
                          ]
                        }
                      ]
                    },
                    {
                      "Node Type": "Index Only Scan",
                      "Parent Relationship": "Inner",
                      "Parallel Aware": false,
                      "Scan Direction": "Forward",
                      "Index Name": "movie_id_movie_keyword",
                      "Relation Name": "movie_keyword",
                      "Alias": "mk",
                      "Startup Cost": 0.43,
                      "Total Cost": 1.53,
                      "Plan Rows": 46,
                      "Plan Width": 4,
                      "Actual Startup Time": 0.005,
                      "Actual Total Time": 0.007,
                      "Actual Rows": 11,
                      "Actual Loops": 15840,
                      "Index Cond": "(movie_id = mc.movie_id)",
                      "Rows Removed by Index Recheck": 0,
                      "Heap Fetches": 176287
                    }
                  ]
                }
              ]
            }
          ]
        }
      ]
    },
    "Planning Time": 0.692,
    "Triggers": [],
    "Execution Time": 211.944
  }
]