{
  "Plan": {
    "Node Type": "Aggregate",
    "Strategy": "Plain",
    "Partial Mode": "Finalize",
    "Parallel Aware": false,
    "Startup Cost": 142283.43,
    "Total Cost": 142283.44,
    "Plan Rows": 1,
    "Plan Width": 8,
    "Actual Startup Time": 417.604,
    "Actual Total Time": 427.349,
    "Actual Rows": 1,
    "Actual Loops": 1,
    "Plans": [
      {
        "Node Type": "Gather",
        "Parent Relationship": "Outer",
        "Parallel Aware": false,
        "Startup Cost": 142283.32,
        "Total Cost": 142283.43,
        "Plan Rows": 1,
        "Plan Width": 8,
        "Actual Startup Time": 417.233,
        "Actual Total Time": 427.341,
        "Actual Rows": 2,
        "Actual Loops": 1,
        "Workers Planned": 1,
        "Workers Launched": 1,
        "Single Copy": false,
        "Plans": [
          {
            "Node Type": "Aggregate",
            "Strategy": "Plain",
            "Partial Mode": "Partial",
            "Parent Relationship": "Outer",
            "Parallel Aware": false,
            "Startup Cost": 141283.32,
            "Total Cost": 141283.33,
            "Plan Rows": 1,
            "Plan Width": 8,
            "Actual Startup Time": 410.956,
            "Actual Total Time": 410.961,
            "Actual Rows": 1,
            "Actual Loops": 2,
            "Plans": [
              {
                "Node Type": "Hash Join",
                "Parent Relationship": "Outer",
                "Parallel Aware": true,
                "Join Type": "Inner",
                "Startup Cost": 80079.79,
                "Total Cost": 141235.92,
                "Plan Rows": 18958,
                "Plan Width": 0,
                "Actual Startup Time": 304.377,
                "Actual Total Time": 404.272,
                "Actual Rows": 150914,
                "Actual Loops": 2,
                "Inner Unique": false,
                "Hash Cond": "(mk.movie_id = t.id)",
                "Plans": [
                  {
                    "Node Type": "Seq Scan",
                    "Parent Relationship": "Outer",
                    "Parallel Aware": true,
                    "Relation Name": "movie_keyword",
                    "Alias": "mk",
                    "Startup Cost": 0.0,
                    "Total Cost": 51065.35,
                    "Plan Rows": 2661135,
                    "Plan Width": 4,
                    "Actual Startup Time": 0.01,
                    "Actual Total Time": 160.452,
                    "Actual Rows": 2261965,
                    "Actual Loops": 2
                  },
                  {
                    "Node Type": "Hash",
                    "Parent Relationship": "Inner",
                    "Parallel Aware": true,
                    "Startup Cost": 79947.36,
                    "Total Cost": 79947.36,
                    "Plan Rows": 10595,
                    "Plan Width": 8,
                    "Actual Startup Time": 68.956,
                    "Actual Total Time": 68.959,
                    "Actual Rows": 16562,
                    "Actual Loops": 2,
                    "Hash Buckets": 32768,
                    "Original Hash Buckets": 32768,
                    "Hash Batches": 1,
                    "Original Hash Batches": 1,
                    "Peak Memory Usage": 1600,
                    "Plans": [
                      {
                        "Node Type": "Nested Loop",
                        "Parent Relationship": "Outer",
                        "Parallel Aware": false,
                        "Join Type": "Inner",
                        "Startup Cost": 767.43,
                        "Total Cost": 79947.36,
                        "Plan Rows": 10595,
                        "Plan Width": 8,
                        "Actual Startup Time": 2.672,
                        "Actual Total Time": 63.304,
                        "Actual Rows": 16562,
                        "Actual Loops": 2,
                        "Inner Unique": true,
                        "Plans": [
                          {
                            "Node Type": "Bitmap Heap Scan",
                            "Parent Relationship": "Outer",
                            "Parallel Aware": true,
                            "Relation Name": "movie_companies",
                            "Alias": "mc",
                            "Startup Cost": 767.0,
                            "Total Cost": 20122.92,
                            "Plan Rows": 10595,
                            "Plan Width": 4,
                            "Actual Startup Time": 2.55,
                            "Actual Total Time": 8.939,
                            "Actual Rows": 16562,
                            "Actual Loops": 2,
                            "Recheck Cond": "(company_id > 205123)",
                            "Rows Removed by Index Recheck": 0,
                            "Filter": "(company_type_id > 1)",
                            "Rows Removed by Filter": 0,
                            "Exact Heap Blocks": 797,
                            "Lossy Heap Blocks": 0,
                            "Plans": [
                              {
                                "Node Type": "Bitmap Index Scan",
                                "Parent Relationship": "Outer",
                                "Parallel Aware": false,
                                "Index Name": "company_id_movie_companies",
                                "Startup Cost": 0.0,
                                "Total Cost": 762.5,
                                "Plan Rows": 35476,
                                "Plan Width": 0,
                                "Actual Startup Time": 4.355,
                                "Actual Total Time": 4.356,
                                "Actual Rows": 33124,
                                "Actual Loops": 1,
                                "Index Cond": "(company_id > 205123)"
                              }
                            ]
                          },
                          {
                            "Node Type": "Index Only Scan",
                            "Parent Relationship": "Inner",
                            "Parallel Aware": false,
                            "Scan Direction": "Forward",
                            "Index Name": "title_pkey",
                            "Relation Name": "title",
                            "Alias": "t",
                            "Startup Cost": 0.43,
                            "Total Cost": 5.65,
                            "Plan Rows": 1,
                            "Plan Width": 4,
                            "Actual Startup Time": 0.003,
                            "Actual Total Time": 0.003,
                            "Actual Rows": 1,
                            "Actual Loops": 33124,
                            "Index Cond": "(id = mc.movie_id)",
                            "Rows Removed by Index Recheck": 0,
                            "Heap Fetches": 33124
                          }
                        ]
                      }
                    ]
                  }
                ]
              }
            ]
          }
        ]
      }
    ]
  },
  "Planning Time": 1.215,
  "Triggers": [],
  "Execution Time": 427.462
}