[
  {
    "Plan": {
      "Node Type": "Aggregate",
      "Strategy": "Plain",
      "Partial Mode": "Finalize",
      "Parallel Aware": false,
      "Startup Cost": 33000.23,
      "Total Cost": 33000.24,
      "Plan Rows": 1,
      "Plan Width": 8,
      "Actual Startup Time": 629.053,
      "Actual Total Time": 647.404,
      "Actual Rows": 1,
      "Actual Loops": 1,
      "Plans": [
        {
          "Node Type": "Gather",
          "Parent Relationship": "Outer",
          "Parallel Aware": false,
          "Startup Cost": 33000.01,
          "Total Cost": 33000.22,
          "Plan Rows": 2,
          "Plan Width": 8,
          "Actual Startup Time": 623.491,
          "Actual Total Time": 647.378,
          "Actual Rows": 3,
          "Actual Loops": 1,
          "Workers Planned": 2,
          "Workers Launched": 2,
          "Single Copy": false,
          "Plans": [
            {
              "Node Type": "Aggregate",
              "Strategy": "Plain",
              "Partial Mode": "Partial",
              "Parent Relationship": "Outer",
              "Parallel Aware": false,
              "Startup Cost": 32000.01,
              "Total Cost": 32000.02,
              "Plan Rows": 1,
              "Plan Width": 8,
              "Actual Startup Time": 615.459,
              "Actual Total Time": 615.464,
              "Actual Rows": 1,
              "Actual Loops": 3,
              "Plans": [
                {
                  "Node Type": "Nested Loop",
                  "Parent Relationship": "Outer",
                  "Parallel Aware": false,
                  "Join Type": "Inner",
                  "Startup Cost": 123.76,
                  "Total Cost": 31975.25,
                  "Plan Rows": 9904,
                  "Plan Width": 0,
                  "Actual Startup Time": 3.096,
                  "Actual Total Time": 611.681,
                  "Actual Rows": 15089,
                  "Actual Loops": 3,
                  "Inner Unique": false,
                  "Plans": [
                    {
                      "Node Type": "Nested Loop",
                      "Parent Relationship": "Outer",
                      "Parallel Aware": false,
                      "Join Type": "Inner",
                      "Startup Cost": 123.32,
                      "Total Cost": 28558.45,
                      "Plan Rows": 1687,
                      "Plan Width": 8,
                      "Actual Startup Time": 2.591,
                      "Actual Total Time": 161.069,
                      "Actual Rows": 1567,
                      "Actual Loops": 3,
                      "Inner Unique": true,
                      "Plans": [
                        {
                          "Node Type": "Bitmap Heap Scan",
                          "Parent Relationship": "Outer",
                          "Parallel Aware": true,
                          "Relation Name": "movie_companies",
                          "Alias": "mc",
                          "Startup Cost": 122.89,
                          "Total Cost": 12042.2,
                          "Plan Rows": 2283,
                          "Plan Width": 4,
                          "Actual Startup Time": 2.314,
                          "Actual Total Time": 6.337,
                          "Actual Rows": 1575,
                          "Actual Loops": 3,
                          "Recheck Cond": "(company_id = 394)",
                          "Rows Removed by Index Recheck": 0,
                          "Exact Heap Blocks": 170,
                          "Lossy Heap Blocks": 0,
                          "Plans": [
                            {
                              "Node Type": "Bitmap Index Scan",
                              "Parent Relationship": "Outer",
                              "Parallel Aware": false,
                              "Index Name": "company_id_movie_companies",
                              "Startup Cost": 0.0,
                              "Total Cost": 121.52,
                              "Plan Rows": 5479,
                              "Plan Width": 0,
                              "Actual Startup Time": 6.415,
                              "Actual Total Time": 6.417,
                              "Actual Rows": 4726,
                              "Actual Loops": 1,
                              "Index Cond": "(company_id = 394)"
                            }
                          ]
                        },
                        {
                          "Node Type": "Index Scan",
                          "Parent Relationship": "Inner",
                          "Parallel Aware": false,
                          "Scan Direction": "Forward",
                          "Index Name": "title_pkey",
                          "Relation Name": "title",
                          "Alias": "t",
                          "Startup Cost": 0.43,
                          "Total Cost": 7.23,
                          "Plan Rows": 1,
                          "Plan Width": 4,
                          "Actual Startup Time": 0.096,
                          "Actual Total Time": 0.096,
                          "Actual Rows": 1,
                          "Actual Loops": 4726,
                          "Index Cond": "(id = mc.movie_id)",
                          "Rows Removed by Index Recheck": 0,
                          "Filter": "(kind_id > 1)",
                          "Rows Removed by Filter": 0
                        }
                      ]
                    },
                    {
                      "Node Type": "Index Only Scan",
                      "Parent Relationship": "Inner",
                      "Parallel Aware": false,
                      "Scan Direction": "Forward",
                      "Index Name": "movie_id_movie_info",
                      "Relation Name": "movie_info",
                      "Alias": "mi",
                      "Startup Cost": 0.43,
                      "Total Cost": 1.62,
                      "Plan Rows": 41,
                      "Plan Width": 4,
                      "Actual Startup Time": 0.262,
                      "Actual Total Time": 0.283,
                      "Actual Rows": 10,
                      "Actual Loops": 4701,
                      "Index Cond": "(movie_id = t.id)",
                      "Rows Removed by Index Recheck": 0,
                      "Heap Fetches": 45268
                    }
                  ]
                }
              ]
            }
          ]
        }
      ]
    },
    "Planning Time": 1.256,
    "Triggers": [],
    "Execution Time": 647.521
  }
]