[
  {
    "Plan": {
      "Node Type": "Aggregate",
      "Strategy": "Plain",
      "Partial Mode": "Finalize",
      "Parallel Aware": false,
      "Startup Cost": 70265.82,
      "Total Cost": 70265.83,
      "Plan Rows": 1,
      "Plan Width": 8,
      "Actual Startup Time": 291.702,
      "Actual Total Time": 315.333,
      "Actual Rows": 1,
      "Actual Loops": 1,
      "Plans": [
        {
          "Node Type": "Gather",
          "Parent Relationship": "Outer",
          "Parallel Aware": false,
          "Startup Cost": 70265.5,
          "Total Cost": 70265.81,
          "Plan Rows": 3,
          "Plan Width": 8,
          "Actual Startup Time": 288.13,
          "Actual Total Time": 315.316,
          "Actual Rows": 4,
          "Actual Loops": 1,
          "Workers Planned": 3,
          "Workers Launched": 3,
          "Single Copy": false,
          "Plans": [
            {
              "Node Type": "Aggregate",
              "Strategy": "Plain",
              "Partial Mode": "Partial",
              "Parent Relationship": "Outer",
              "Parallel Aware": false,
              "Startup Cost": 69265.5,
              "Total Cost": 69265.51,
              "Plan Rows": 1,
              "Plan Width": 8,
              "Actual Startup Time": 277.717,
              "Actual Total Time": 277.726,
              "Actual Rows": 1,
              "Actual Loops": 4,
              "Plans": [
                {
                  "Node Type": "Hash Join",
                  "Parent Relationship": "Outer",
                  "Parallel Aware": true,
                  "Join Type": "Inner",
                  "Startup Cost": 49724.04,
                  "Total Cost": 69250.56,
                  "Plan Rows": 5979,
                  "Plan Width": 0,
                  "Actual Startup Time": 236.971,
                  "Actual Total Time": 276.871,
                  "Actual Rows": 11648,
                  "Actual Loops": 4,
                  "Inner Unique": true,
                  "Hash Cond": "(mc.movie_id = t.id)",
                  "Plans": [
                    {
                      "Node Type": "Bitmap Heap Scan",
                      "Parent Relationship": "Outer",
                      "Parallel Aware": true,
                      "Relation Name": "movie_companies",
                      "Alias": "mc",
                      "Startup Cost": 3274.33,
                      "Total Cost": 22673.02,
                      "Plan Rows": 48695,
                      "Plan Width": 4,
                      "Actual Startup Time": 11.686,
                      "Actual Total Time": 29.852,
                      "Actual Rows": 36739,
                      "Actual Loops": 4,
                      "Recheck Cond": "(company_id > 133233)",
                      "Rows Removed by Index Recheck": 0,
                      "Exact Heap Blocks": 1113,
                      "Lossy Heap Blocks": 0,
                      "Plans": [
                        {
                          "Node Type": "Bitmap Index Scan",
                          "Parent Relationship": "Outer",
                          "Parallel Aware": false,
                          "Index Name": "company_id_movie_companies",
                          "Startup Cost": 0.0,
                          "Total Cost": 3236.59,
                          "Plan Rows": 150955,
                          "Plan Width": 0,
                          "Actual Startup Time": 10.704,
                          "Actual Total Time": 10.705,
                          "Actual Rows": 146955,
                          "Actual Loops": 1,
                          "Index Cond": "(company_id > 133233)"
                        }
                      ]
                    },
                    {
                      "Node Type": "Hash",
                      "Parent Relationship": "Inner",
                      "Parallel Aware": true,
                      "Startup Cost": 45479.59,
                      "Total Cost": 45479.59,
                      "Plan Rows": 77610,
                      "Plan Width": 4,
                      "Actual Startup Time": 221.456,
                      "Actual Total Time": 221.457,
                      "Actual Rows": 108340,
                      "Actual Loops": 4,
                      "Hash Buckets": 524288,
                      "Original Hash Buckets": 524288,
                      "Hash Batches": 1,
                      "Original Hash Batches": 1,
                      "Peak Memory Usage": 21088,
                      "Plans": [
                        {
                          "Node Type": "Seq Scan",
                          "Parent Relationship": "Outer",
                          "Parallel Aware": true,
                          "Relation Name": "title",
                          "Alias": "t",
                          "Startup Cost": 0.0,
                          "Total Cost": 45479.59,
                          "Plan Rows": 77610,
                          "Plan Width": 4,
                          "Actual Startup Time": 0.083,
                          "Actual Total Time": 160.537,
                          "Actual Rows": 108340,
                          "Actual Loops": 4,
                          "Filter": "((kind_id < 7) AND (production_year < 1995))",
                          "Rows Removed by Filter": 523738
                        }
                      ]
                    }
                  ]
                }
              ]
            }
          ]
        }
      ]
    },
    "Planning Time": 0.761,
    "Triggers": [],
    "Execution Time": 315.455
  }
]