[
  {
    "Plan": {
      "Node Type": "Aggregate",
      "Strategy": "Plain",
      "Partial Mode": "Finalize",
      "Parallel Aware": false,
      "Startup Cost": 72714.08,
      "Total Cost": 72714.09,
      "Plan Rows": 1,
      "Plan Width": 8,
      "Actual Startup Time": 290.319,
      "Actual Total Time": 324.1,
      "Actual Rows": 1,
      "Actual Loops": 1,
      "Plans": [
        {
          "Node Type": "Gather",
          "Parent Relationship": "Outer",
          "Parallel Aware": false,
          "Startup Cost": 72713.86,
          "Total Cost": 72714.07,
          "Plan Rows": 2,
          "Plan Width": 8,
          "Actual Startup Time": 290.028,
          "Actual Total Time": 324.092,
          "Actual Rows": 3,
          "Actual Loops": 1,
          "Workers Planned": 2,
          "Workers Launched": 2,
          "Single Copy": false,
          "Plans": [
            {
              "Node Type": "Aggregate",
              "Strategy": "Plain",
              "Partial Mode": "Partial",
              "Parent Relationship": "Outer",
              "Parallel Aware": false,
              "Startup Cost": 71713.86,
              "Total Cost": 71713.87,
              "Plan Rows": 1,
              "Plan Width": 8,
              "Actual Startup Time": 281.952,
              "Actual Total Time": 281.956,
              "Actual Rows": 1,
              "Actual Loops": 3,
              "Plans": [
                {
                  "Node Type": "Nested Loop",
                  "Parent Relationship": "Outer",
                  "Parallel Aware": false,
                  "Join Type": "Inner",
                  "Startup Cost": 45538.89,
                  "Total Cost": 71699.6,
                  "Plan Rows": 5705,
                  "Plan Width": 0,
                  "Actual Startup Time": 113.923,
                  "Actual Total Time": 280.939,
                  "Actual Rows": 16894,
                  "Actual Loops": 3,
                  "Inner Unique": false,
                  "Join Filter": "(t.id = ci.movie_id)",
                  "Rows Removed by Join Filter": 0,
                  "Plans": [
                    {
                      "Node Type": "Hash Join",
                      "Parent Relationship": "Outer",
                      "Parallel Aware": true,
                      "Join Type": "Inner",
                      "Startup Cost": 45538.32,
                      "Total Cost": 60732.88,
                      "Plan Rows": 4310,
                      "Plan Width": 8,
                      "Actual Startup Time": 113.844,
                      "Actual Total Time": 183.797,
                      "Actual Rows": 3333,
                      "Actual Loops": 3,
                      "Inner Unique": true,
                      "Hash Cond": "(mi_idx.movie_id = t.id)",
                      "Plans": [
                        {
                          "Node Type": "Seq Scan",
                          "Parent Relationship": "Outer",
                          "Parallel Aware": true,
                          "Relation Name": "movie_info_idx",
                          "Alias": "mi_idx",
                          "Startup Cost": 0.0,
                          "Total Cost": 13685.15,
                          "Plan Rows": 575015,
                          "Plan Width": 4,
                          "Actual Startup Time": 0.023,
                          "Actual Total Time": 33.632,
                          "Actual Rows": 460012,
                          "Actual Loops": 3
                        },
                        {
                          "Node Type": "Hash",
                          "Parent Relationship": "Inner",
                          "Parallel Aware": true,
                          "Startup Cost": 45479.1,
                          "Total Cost": 45479.1,
                          "Plan Rows": 4738,
                          "Plan Width": 4,
                          "Actual Startup Time": 112.437,
                          "Actual Total Time": 112.438,
                          "Actual Rows": 7181,
                          "Actual Loops": 3,
                          "Hash Buckets": 32768,
                          "Original Hash Buckets": 32768,
                          "Hash Batches": 1,
                          "Original Hash Batches": 1,
                          "Peak Memory Usage": 1152,
                          "Plans": [
                            {
                              "Node Type": "Seq Scan",
                              "Parent Relationship": "Outer",
                              "Parallel Aware": true,
                              "Relation Name": "title",
                              "Alias": "t",
                              "Startup Cost": 0.0,
                              "Total Cost": 45479.1,
                              "Plan Rows": 4738,
                              "Plan Width": 4,
                              "Actual Startup Time": 0.059,
                              "Actual Total Time": 108.966,
                              "Actual Rows": 7181,
                              "Actual Loops": 3,
                              "Filter": "((kind_id > 3) AND (production_year = 1994))",
                              "Rows Removed by Filter": 835590
                            }
                          ]
                        }
                      ]
                    },
                    {
                      "Node Type": "Index Scan",
                      "Parent Relationship": "Inner",
                      "Parallel Aware": false,
                      "Scan Direction": "Forward",
                      "Index Name": "movie_id_cast_info",
                      "Relation Name": "cast_info",
                      "Alias": "ci",
                      "Startup Cost": 0.56,
                      "Total Cost": 2.51,
                      "Plan Rows": 3,
                      "Plan Width": 4,
                      "Actual Startup Time": 0.005,
                      "Actual Total Time": 0.028,
                      "Actual Rows": 5,
                      "Actual Loops": 9999,
                      "Index Cond": "(movie_id = mi_idx.movie_id)",
                      "Rows Removed by Index Recheck": 0,
                      "Filter": "((person_id < 963256) AND (role_id < 2))",
                      "Rows Removed by Filter": 26
                    }
                  ]
                }
              ]
            }
          ]
        }
      ]
    },
    "Planning Time": 1.357,
    "Triggers": [],
    "Execution Time": 324.194
  }
]