[
  {
    "Plan": {
      "Node Type": "Aggregate",
      "Strategy": "Plain",
      "Partial Mode": "Finalize",
      "Parallel Aware": false,
      "Startup Cost": 330548.93,
      "Total Cost": 330548.94,
      "Plan Rows": 1,
      "Plan Width": 8,
      "Actual Startup Time": 510.898,
      "Actual Total Time": 534.724,
      "Actual Rows": 1,
      "Actual Loops": 1,
      "Plans": [
        {
          "Node Type": "Gather",
          "Parent Relationship": "Outer",
          "Parallel Aware": false,
          "Startup Cost": 330548.3,
          "Total Cost": 330548.91,
          "Plan Rows": 6,
          "Plan Width": 8,
          "Actual Startup Time": 510.717,
          "Actual Total Time": 534.712,
          "Actual Rows": 7,
          "Actual Loops": 1,
          "Workers Planned": 6,
          "Workers Launched": 6,
          "Single Copy": false,
          "Plans": [
            {
              "Node Type": "Aggregate",
              "Strategy": "Plain",
              "Partial Mode": "Partial",
              "Parent Relationship": "Outer",
              "Parallel Aware": false,
              "Startup Cost": 329548.3,
              "Total Cost": 329548.31,
              "Plan Rows": 1,
              "Plan Width": 8,
              "Actual Startup Time": 502.701,
              "Actual Total Time": 502.702,
              "Actual Rows": 1,
              "Actual Loops": 7,
              "Plans": [
                {
                  "Node Type": "Index Scan",
                  "Parent Relationship": "Outer",
                  "Parallel Aware": true,
                  "Scan Direction": "Forward",
                  "Index Name": "role_id_cast_info",
                  "Relation Name": "cast_info",
                  "Alias": "ci",
                  "Startup Cost": 0.56,
                  "Total Cost": 325153.08,
                  "Plan Rows": 1758088,
                  "Plan Width": 0,
                  "Actual Startup Time": 0.163,
                  "Actual Total Time": 421.57,
                  "Actual Rows": 1591703,
                  "Actual Loops": 7,
                  "Index Cond": "(role_id > 3)",
                  "Rows Removed by Index Recheck": 0,
                  "Filter": "(person_id > 469151)",
                  "Rows Removed by Filter": 138818
                }
              ]
            }
          ]
        }
      ]
    },
    "Planning Time": 0.127,
    "Triggers": [],
    "Execution Time": 534.762
  }
]