[
  {
    "Plan": {
      "Node Type": "Aggregate",
      "Strategy": "Plain",
      "Partial Mode": "Finalize",
      "Parallel Aware": false,
      "Startup Cost": 79314.35,
      "Total Cost": 79314.36,
      "Plan Rows": 1,
      "Plan Width": 8,
      "Actual Startup Time": 252.527,
      "Actual Total Time": 269.714,
      "Actual Rows": 1,
      "Actual Loops": 1,
      "Plans": [
        {
          "Node Type": "Gather",
          "Parent Relationship": "Outer",
          "Parallel Aware": false,
          "Startup Cost": 79314.03,
          "Total Cost": 79314.34,
          "Plan Rows": 3,
          "Plan Width": 8,
          "Actual Startup Time": 249.885,
          "Actual Total Time": 269.705,
          "Actual Rows": 4,
          "Actual Loops": 1,
          "Workers Planned": 3,
          "Workers Launched": 3,
          "Single Copy": false,
          "Plans": [
            {
              "Node Type": "Aggregate",
              "Strategy": "Plain",
              "Partial Mode": "Partial",
              "Parent Relationship": "Outer",
              "Parallel Aware": false,
              "Startup Cost": 78314.03,
              "Total Cost": 78314.04,
              "Plan Rows": 1,
              "Plan Width": 8,
              "Actual Startup Time": 245.592,
              "Actual Total Time": 245.666,
              "Actual Rows": 1,
              "Actual Loops": 4,
              "Plans": [
                {
                  "Node Type": "Hash Join",
                  "Parent Relationship": "Outer",
                  "Parallel Aware": true,
                  "Join Type": "Inner",
                  "Startup Cost": 46296.04,
                  "Total Cost": 78259.99,
                  "Plan Rows": 21616,
                  "Plan Width": 0,
                  "Actual Startup Time": 155.136,
                  "Actual Total Time": 243.398,
                  "Actual Rows": 44170,
                  "Actual Loops": 4,
                  "Inner Unique": true,
                  "Hash Cond": "(mc.movie_id = t.id)",
                  "Plans": [
                    {
                      "Node Type": "Seq Scan",
                      "Parent Relationship": "Outer",
                      "Parallel Aware": true,
                      "Relation Name": "movie_companies",
                      "Alias": "mc",
                      "Startup Cost": 0.0,
                      "Total Cost": 31414.82,
                      "Plan Rows": 209194,
                      "Plan Width": 4,
                      "Actual Startup Time": 10.617,
                      "Actual Total Time": 71.851,
                      "Actual Rows": 100651,
                      "Actual Loops": 4,
                      "Filter": "((company_id > 11272) AND (company_type_id = 1))",
                      "Rows Removed by Filter": 551631
                    },
                    {
                      "Node Type": "Hash",
                      "Parent Relationship": "Inner",
                      "Parallel Aware": true,
                      "Startup Cost": 45479.59,
                      "Total Cost": 45479.59,
                      "Plan Rows": 65316,
                      "Plan Width": 4,
                      "Actual Startup Time": 143.416,
                      "Actual Total Time": 143.417,
                      "Actual Rows": 95653,
                      "Actual Loops": 4,
                      "Hash Buckets": 524288,
                      "Original Hash Buckets": 262144,
                      "Hash Batches": 1,
                      "Original Hash Batches": 1,
                      "Peak Memory Usage": 21152,
                      "Plans": [
                        {
                          "Node Type": "Seq Scan",
                          "Parent Relationship": "Outer",
                          "Parallel Aware": true,
                          "Relation Name": "title",
                          "Alias": "t",
                          "Startup Cost": 0.0,
                          "Total Cost": 45479.59,
                          "Plan Rows": 65316,
                          "Plan Width": 4,
                          "Actual Startup Time": 0.032,
                          "Actual Total Time": 101.501,
                          "Actual Rows": 95653,
                          "Actual Loops": 4,
                          "Filter": "((kind_id < 7) AND (production_year < 1990))",
                          "Rows Removed by Filter": 536425
                        }
                      ]
                    }
                  ]
                }
              ]
            }
          ]
        }
      ]
    },
    "Planning Time": 0.256,
    "Triggers": [],
    "Execution Time": 269.746
  }
]