[
  {
    "Plan": {
      "Node Type": "Aggregate",
      "Strategy": "Plain",
      "Partial Mode": "Simple",
      "Parallel Aware": false,
      "Startup Cost": 17211.37,
      "Total Cost": 17211.38,
      "Plan Rows": 1,
      "Plan Width": 8,
      "Actual Startup Time": 17.593,
      "Actual Total Time": 17.594,
      "Actual Rows": 1,
      "Actual Loops": 1,
      "Plans": [
        {
          "Node Type": "Bitmap Heap Scan",
          "Parent Relationship": "Outer",
          "Parallel Aware": false,
          "Relation Name": "movie_keyword",
          "Alias": "mk",
          "Startup Cost": 176.71,
          "Total Cost": 17190.63,
          "Plan Rows": 8294,
          "Plan Width": 0,
          "Actual Startup Time": 3.909,
          "Actual Total Time": 16.669,
          "Actual Rows": 8397,
          "Actual Loops": 1,
          "Recheck Cond": "(keyword_id = 348)",
          "Rows Removed by Index Recheck": 0,
          "Exact Heap Blocks": 5356,
          "Lossy Heap Blocks": 0,
          "Plans": [
            {
              "Node Type": "Bitmap Index Scan",
              "Parent Relationship": "Outer",
              "Parallel Aware": false,
              "Index Name": "keyword_id_movie_keyword",
              "Startup Cost": 0.0,
              "Total Cost": 174.64,
              "Plan Rows": 8294,
              "Plan Width": 0,
              "Actual Startup Time": 1.965,
              "Actual Total Time": 1.966,
              "Actual Rows": 8397,
              "Actual Loops": 1,
              "Index Cond": "(keyword_id = 348)"
            }
          ]
        }
      ]
    },
    "Planning Time": 0.138,
    "Triggers": [],
    "Execution Time": 17.646
  }
]