[
  {
    "Plan": {
      "Node Type": "Aggregate",
      "Strategy": "Plain",
      "Partial Mode": "Finalize",
      "Parallel Aware": false,
      "Startup Cost": 97859.49,
      "Total Cost": 97859.5,
      "Plan Rows": 1,
      "Plan Width": 8,
      "Actual Startup Time": 519.525,
      "Actual Total Time": 537.76,
      "Actual Rows": 1,
      "Actual Loops": 1,
      "Plans": [
        {
          "Node Type": "Gather",
          "Parent Relationship": "Outer",
          "Parallel Aware": false,
          "Startup Cost": 97859.17,
          "Total Cost": 97859.48,
          "Plan Rows": 3,
          "Plan Width": 8,
          "Actual Startup Time": 510.563,
          "Actual Total Time": 537.752,
          "Actual Rows": 4,
          "Actual Loops": 1,
          "Workers Planned": 3,
          "Workers Launched": 3,
          "Single Copy": false,
          "Plans": [
            {
              "Node Type": "Aggregate",
              "Strategy": "Plain",
              "Partial Mode": "Partial",
              "Parent Relationship": "Outer",
              "Parallel Aware": false,
              "Startup Cost": 96859.17,
              "Total Cost": 96859.18,
              "Plan Rows": 1,
              "Plan Width": 8,
              "Actual Startup Time": 497.482,
              "Actual Total Time": 497.486,
              "Actual Rows": 1,
              "Actual Loops": 4,
              "Plans": [
                {
                  "Node Type": "Hash Join",
                  "Parent Relationship": "Outer",
                  "Parallel Aware": true,
                  "Join Type": "Inner",
                  "Startup Cost": 49347.52,
                  "Total Cost": 95327.62,
                  "Plan Rows": 612619,
                  "Plan Width": 0,
                  "Actual Startup Time": 255.501,
                  "Actual Total Time": 486.33,
                  "Actual Rows": 246915,
                  "Actual Loops": 4,
                  "Inner Unique": true,
                  "Hash Cond": "(mk.movie_id = t.id)",
                  "Plans": [
                    {
                      "Node Type": "Seq Scan",
                      "Parent Relationship": "Outer",
                      "Parallel Aware": true,
                      "Relation Name": "movie_keyword",
                      "Alias": "mk",
                      "Startup Cost": 0.0,
                      "Total Cost": 42695.65,
                      "Plan Rows": 1251218,
                      "Plan Width": 4,
                      "Actual Startup Time": 0.063,
                      "Actual Total Time": 117.581,
                      "Actual Rows": 967307,
                      "Actual Loops": 4,
                      "Filter": "(keyword_id > 500)",
                      "Rows Removed by Filter": 163676
                    },
                    {
                      "Node Type": "Hash",
                      "Parent Relationship": "Inner",
                      "Parallel Aware": true,
                      "Startup Cost": 45479.1,
                      "Total Cost": 45479.1,
                      "Plan Rows": 309474,
                      "Plan Width": 4,
                      "Actual Startup Time": 247.528,
                      "Actual Total Time": 247.529,
                      "Actual Rows": 338380,
                      "Actual Loops": 4,
                      "Hash Buckets": 2097152,
                      "Original Hash Buckets": 2097152,
                      "Hash Batches": 1,
                      "Original Hash Batches": 1,
                      "Peak Memory Usage": 69440,
                      "Plans": [
                        {
                          "Node Type": "Seq Scan",
                          "Parent Relationship": "Outer",
                          "Parallel Aware": true,
                          "Relation Name": "title",
                          "Alias": "t",
                          "Startup Cost": 0.0,
                          "Total Cost": 45479.1,
                          "Plan Rows": 309474,
                          "Plan Width": 4,
                          "Actual Startup Time": 0.036,
                          "Actual Total Time": 113.03,
                          "Actual Rows": 338380,
                          "Actual Loops": 4,
                          "Filter": "((kind_id > 1) AND (production_year > 1993))",
                          "Rows Removed by Filter": 293698
                        }
                      ]
                    }
                  ]
                }
              ]
            }
          ]
        }
      ]
    },
    "Planning Time": 0.631,
    "Triggers": [],
    "Execution Time": 537.843
  }
]