{
  "Plan": {
    "Node Type": "Aggregate",
    "Strategy": "Plain",
    "Partial Mode": "Finalize",
    "Parallel Aware": false,
    "Startup Cost": 123174.67,
    "Total Cost": 123174.68,
    "Plan Rows": 1,
    "Plan Width": 8,
    "Actual Startup Time": 467.466,
    "Actual Total Time": 482.996,
    "Actual Rows": 1,
    "Actual Loops": 1,
    "Plans": [
      {
        "Node Type": "Gather",
        "Parent Relationship": "Outer",
        "Parallel Aware": false,
        "Startup Cost": 123174.56,
        "Total Cost": 123174.67,
        "Plan Rows": 1,
        "Plan Width": 8,
        "Actual Startup Time": 466.772,
        "Actual Total Time": 482.988,
        "Actual Rows": 2,
        "Actual Loops": 1,
        "Workers Planned": 1,
        "Workers Launched": 1,
        "Single Copy": false,
        "Plans": [
          {
            "Node Type": "Aggregate",
            "Strategy": "Plain",
            "Partial Mode": "Partial",
            "Parent Relationship": "Outer",
            "Parallel Aware": false,
            "Startup Cost": 122174.56,
            "Total Cost": 122174.57,
            "Plan Rows": 1,
            "Plan Width": 8,
            "Actual Startup Time": 460.447,
            "Actual Total Time": 460.453,
            "Actual Rows": 1,
            "Actual Loops": 2,
            "Plans": [
              {
                "Node Type": "Hash Join",
                "Parent Relationship": "Outer",
                "Parallel Aware": true,
                "Join Type": "Inner",
                "Startup Cost": 58829.43,
                "Total Cost": 122128.21,
                "Plan Rows": 18539,
                "Plan Width": 0,
                "Actual Startup Time": 189.937,
                "Actual Total Time": 456.683,
                "Actual Rows": 92594,
                "Actual Loops": 2,
                "Inner Unique": false,
                "Hash Cond": "(mk.movie_id = t.id)",
                "Plans": [
                  {
                    "Node Type": "Seq Scan",
                    "Parent Relationship": "Outer",
                    "Parallel Aware": true,
                    "Relation Name": "movie_keyword",
                    "Alias": "mk",
                    "Startup Cost": 0.0,
                    "Total Cost": 57718.19,
                    "Plan Rows": 1459076,
                    "Plan Width": 4,
                    "Actual Startup Time": 0.02,
                    "Actual Total Time": 181.028,
                    "Actual Rows": 1240104,
                    "Actual Loops": 2,
                    "Filter": "(keyword_id < 6013)",
                    "Rows Removed by Filter": 1021861
                  },
                  {
                    "Node Type": "Hash",
                    "Parent Relationship": "Inner",
                    "Parallel Aware": true,
                    "Startup Cost": 58593.22,
                    "Total Cost": 58593.22,
                    "Plan Rows": 18897,
                    "Plan Width": 8,
                    "Actual Startup Time": 188.667,
                    "Actual Total Time": 188.671,
                    "Actual Rows": 37680,
                    "Actual Loops": 2,
                    "Hash Buckets": 131072,
                    "Original Hash Buckets": 32768,
                    "Hash Batches": 1,
                    "Original Hash Batches": 1,
                    "Peak Memory Usage": 4800,
                    "Plans": [
                      {
                        "Node Type": "Hash Join",
                        "Parent Relationship": "Outer",
                        "Parallel Aware": true,
                        "Join Type": "Inner",
                        "Startup Cost": 39081.97,
                        "Total Cost": 58593.22,
                        "Plan Rows": 18897,
                        "Plan Width": 8,
                        "Actual Startup Time": 79.173,
                        "Actual Total Time": 178.251,
                        "Actual Rows": 37680,
                        "Actual Loops": 2,
                        "Inner Unique": true,
                        "Hash Cond": "(mi_idx.movie_id = t.id)",
                        "Plans": [
                          {
                            "Node Type": "Seq Scan",
                            "Parent Relationship": "Outer",
                            "Parallel Aware": true,
                            "Relation Name": "movie_info_idx",
                            "Alias": "mi_idx",
                            "Startup Cost": 0.0,
                            "Total Cost": 18082.32,
                            "Plan Rows": 544356,
                            "Plan Width": 4,
                            "Actual Startup Time": 0.019,
                            "Actual Total Time": 56.249,
                            "Actual Rows": 460055,
                            "Actual Loops": 2,
                            "Filter": "(info_type_id > 99)",
                            "Rows Removed by Filter": 229962
                          },
                          {
                            "Node Type": "Hash",
                            "Parent Relationship": "Inner",
                            "Parallel Aware": true,
                            "Startup Cost": 38436.61,
                            "Total Cost": 38436.61,
                            "Plan Rows": 51629,
                            "Plan Width": 4,
                            "Actual Startup Time": 77.928,
                            "Actual Total Time": 77.93,
                            "Actual Rows": 45328,
                            "Actual Loops": 2,
                            "Hash Buckets": 131072,
                            "Original Hash Buckets": 131072,
                            "Hash Batches": 1,
                            "Original Hash Batches": 1,
                            "Peak Memory Usage": 4576,
                            "Plans": [
                              {
                                "Node Type": "Bitmap Heap Scan",
                                "Parent Relationship": "Outer",
                                "Parallel Aware": true,
                                "Relation Name": "title",
                                "Alias": "t",
                                "Startup Cost": 1638.48,
                                "Total Cost": 38436.61,
                                "Plan Rows": 51629,
                                "Plan Width": 4,
                                "Actual Startup Time": 21.322,
                                "Actual Total Time": 68.362,
                                "Actual Rows": 45328,
                                "Actual Loops": 2,
                                "Recheck Cond": "(kind_id = 2)",
                                "Rows Removed by Index Recheck": 0,
                                "Filter": "(production_year > 1902)",
                                "Rows Removed by Filter": 98,
                                "Exact Heap Blocks": 19029,
                                "Lossy Heap Blocks": 0,
                                "Plans": [
                                  {
                                    "Node Type": "Bitmap Index Scan",
                                    "Parent Relationship": "Outer",
                                    "Parallel Aware": false,
                                    "Index Name": "kind_id_title",
                                    "Startup Cost": 0.0,
                                    "Total Cost": 1616.54,
                                    "Plan Rows": 90681,
                                    "Plan Width": 0,
                                    "Actual Startup Time": 18.195,
                                    "Actual Total Time": 18.196,
                                    "Actual Rows": 90852,
                                    "Actual Loops": 1,
                                    "Index Cond": "(kind_id = 2)"
                                  }
                                ]
                              }
                            ]
                          }
                        ]
                      }
                    ]
                  }
                ]
              }
            ]
          }
        ]
      }
    ]
  },
  "Planning Time": 0.968,
  "Triggers": [],
  "Execution Time": 483.1
}