[
    {
        "Bao": {
            "Bao prediction": "NaN",
            "Bao recommended hint": "(no hint)"
        }
    },
    {
        "Plan": {
            "Node Type": "Aggregate",
            "Strategy": "Plain",
            "Partial Mode": "Finalize",
            "Parallel Aware": false,
            "Startup Cost": 70816.11,
            "Total Cost": 70816.12,
            "Plan Rows": 1,
            "Plan Width": 8,
            "Actual Startup Time": 218.633,
            "Actual Total Time": 224.793,
            "Actual Rows": 1,
            "Actual Loops": 1,
            "Output": [
                "count(*)"
            ],
            "Plans": [
                {
                    "Node Type": "Gather",
                    "Parent Relationship": "Outer",
                    "Parallel Aware": false,
                    "Startup Cost": 70815.79,
                    "Total Cost": 70816.1,
                    "Plan Rows": 3,
                    "Plan Width": 8,
                    "Actual Startup Time": 218.09,
                    "Actual Total Time": 224.786,
                    "Actual Rows": 4,
                    "Actual Loops": 1,
                    "Output": [
                        "(PARTIAL count(*))"
                    ],
                    "Workers Planned": 3,
                    "Workers Launched": 3,
                    "Single Copy": false,
                    "Plans": [
                        {
                            "Node Type": "Aggregate",
                            "Strategy": "Plain",
                            "Partial Mode": "Partial",
                            "Parent Relationship": "Outer",
                            "Parallel Aware": false,
                            "Startup Cost": 69815.79,
                            "Total Cost": 69815.8,
                            "Plan Rows": 1,
                            "Plan Width": 8,
                            "Actual Startup Time": 208.77,
                            "Actual Total Time": 208.773,
                            "Actual Rows": 1,
                            "Actual Loops": 4,
                            "Output": [
                                "PARTIAL count(*)"
                            ],
                            "Workers": [
                                {
                                    "Worker Number": 0,
                                    "Actual Startup Time": 205.571,
                                    "Actual Total Time": 205.574,
                                    "Actual Rows": 1,
                                    "Actual Loops": 1
                                },
                                {
                                    "Worker Number": 1,
                                    "Actual Startup Time": 205.875,
                                    "Actual Total Time": 205.878,
                                    "Actual Rows": 1,
                                    "Actual Loops": 1
                                },
                                {
                                    "Worker Number": 2,
                                    "Actual Startup Time": 206.068,
                                    "Actual Total Time": 206.07,
                                    "Actual Rows": 1,
                                    "Actual Loops": 1
                                }
                            ],
                            "Plans": [
                                {
                                    "Node Type": "Hash Join",
                                    "Parent Relationship": "Outer",
                                    "Parallel Aware": true,
                                    "Join Type": "Inner",
                                    "Startup Cost": 38876.45,
                                    "Total Cost": 69758.15,
                                    "Plan Rows": 23058,
                                    "Plan Width": 0,
                                    "Actual Startup Time": 79.904,
                                    "Actual Total Time": 206.625,
                                    "Actual Rows": 36716,
                                    "Actual Loops": 4,
                                    "Inner Unique": true,
                                    "Hash Cond": "(mc.movie_id = t.id)",
                                    "Workers": [
                                        {
                                            "Worker Number": 0,
                                            "Actual Startup Time": 76.746,
                                            "Actual Total Time": 203.283,
                                            "Actual Rows": 29363,
                                            "Actual Loops": 1
                                        },
                                        {
                                            "Worker Number": 1,
                                            "Actual Startup Time": 77.033,
                                            "Actual Total Time": 203.747,
                                            "Actual Rows": 44013,
                                            "Actual Loops": 1
                                        },
                                        {
                                            "Worker Number": 2,
                                            "Actual Startup Time": 77.213,
                                            "Actual Total Time": 204.002,
                                            "Actual Rows": 42500,
                                            "Actual Loops": 1
                                        }
                                    ],
                                    "Plans": [
                                        {
                                            "Node Type": "Seq Scan",
                                            "Parent Relationship": "Outer",
                                            "Parallel Aware": true,
                                            "Relation Name": "movie_companies",
                                            "Schema": "public",
                                            "Alias": "mc",
                                            "Startup Cost": 0.0,
                                            "Total Cost": 29310.68,
                                            "Plan Rows": 598483,
                                            "Plan Width": 4,
                                            "Actual Startup Time": 0.521,
                                            "Actual Total Time": 76.922,
                                            "Actual Rows": 463992,
                                            "Actual Loops": 4,
                                            "Output": [
                                                "mc.id",
                                                "mc.movie_id",
                                                "mc.company_id",
                                                "mc.company_type_id",
                                                "mc.note"
                                            ],
                                            "Filter": "(mc.company_id > 1475)",
                                            "Rows Removed by Filter": 188290,
                                            "Workers": [
                                                {
                                                    "Worker Number": 0,
                                                    "Actual Startup Time": 0.425,
                                                    "Actual Total Time": 78.397,
                                                    "Actual Rows": 362514,
                                                    "Actual Loops": 1
                                                },
                                                {
                                                    "Worker Number": 1,
                                                    "Actual Startup Time": 0.548,
                                                    "Actual Total Time": 77.262,
                                                    "Actual Rows": 550607,
                                                    "Actual Loops": 1
                                                },
                                                {
                                                    "Worker Number": 2,
                                                    "Actual Startup Time": 0.562,
                                                    "Actual Total Time": 76.756,
                                                    "Actual Rows": 545565,
                                                    "Actual Loops": 1
                                                }
                                            ]
                                        },
                                        {
                                            "Node Type": "Hash",
                                            "Parent Relationship": "Inner",
                                            "Parallel Aware": true,
                                            "Startup Cost": 38572.05,
                                            "Total Cost": 38572.05,
                                            "Plan Rows": 24352,
                                            "Plan Width": 4,
                                            "Actual Startup Time": 62.408,
                                            "Actual Total Time": 62.409,
                                            "Actual Rows": 29478,
                                            "Actual Loops": 4,
                                            "Output": [
                                                "t.id"
                                            ],
                                            "Hash Buckets": 131072,
                                            "Original Hash Buckets": 131072,
                                            "Hash Batches": 1,
                                            "Original Hash Batches": 1,
                                            "Peak Memory Usage": 5664,
                                            "Workers": [
                                                {
                                                    "Worker Number": 0,
                                                    "Actual Startup Time": 59.81,
                                                    "Actual Total Time": 59.811,
                                                    "Actual Rows": 23313,
                                                    "Actual Loops": 1
                                                },
                                                {
                                                    "Worker Number": 1,
                                                    "Actual Startup Time": 60.11,
                                                    "Actual Total Time": 60.111,
                                                    "Actual Rows": 27799,
                                                    "Actual Loops": 1
                                                },
                                                {
                                                    "Worker Number": 2,
                                                    "Actual Startup Time": 60.342,
                                                    "Actual Total Time": 60.343,
                                                    "Actual Rows": 26829,
                                                    "Actual Loops": 1
                                                }
                                            ],
                                            "Plans": [
                                                {
                                                    "Node Type": "Bitmap Heap Scan",
                                                    "Parent Relationship": "Outer",
                                                    "Parallel Aware": true,
                                                    "Relation Name": "title",
                                                    "Schema": "public",
                                                    "Alias": "t",
                                                    "Startup Cost": 2130.96,
                                                    "Total Cost": 38572.05,
                                                    "Plan Rows": 24352,
                                                    "Plan Width": 4,
                                                    "Actual Startup Time": 4.751,
                                                    "Actual Total Time": 46.65,
                                                    "Actual Rows": 29478,
                                                    "Actual Loops": 4,
                                                    "Output": [
                                                        "t.id"
                                                    ],
                                                    "Recheck Cond": "(t.kind_id = 4)",
                                                    "Rows Removed by Index Recheck": 0,
                                                    "Filter": "(t.production_year > 1969)",
                                                    "Rows Removed by Filter": 81,
                                                    "Exact Heap Blocks": 4426,
                                                    "Lossy Heap Blocks": 0,
                                                    "Workers": [
                                                        {
                                                            "Worker Number": 0,
                                                            "Actual Startup Time": 2.158,
                                                            "Actual Total Time": 45.348,
                                                            "Actual Rows": 23313,
                                                            "Actual Loops": 1
                                                        },
                                                        {
                                                            "Worker Number": 1,
                                                            "Actual Startup Time": 2.794,
                                                            "Actual Total Time": 45.541,
                                                            "Actual Rows": 27799,
                                                            "Actual Loops": 1
                                                        },
                                                        {
                                                            "Worker Number": 2,
                                                            "Actual Startup Time": 2.645,
                                                            "Actual Total Time": 45.48,
                                                            "Actual Rows": 26829,
                                                            "Actual Loops": 1
                                                        }
                                                    ],
                                                    "Plans": [
                                                        {
                                                            "Node Type": "Bitmap Index Scan",
                                                            "Parent Relationship": "Outer",
                                                            "Parallel Aware": false,
                                                            "Index Name": "kind_id_title",
                                                            "Startup Cost": 0.0,
                                                            "Total Cost": 2106.61,
                                                            "Plan Rows": 118157,
                                                            "Plan Width": 0,
                                                            "Actual Startup Time": 8.492,
                                                            "Actual Total Time": 8.493,
                                                            "Actual Rows": 118234,
                                                            "Actual Loops": 1,
                                                            "Index Cond": "(t.kind_id = 4)"
                                                        }
                                                    ]
                                                }
                                            ]
                                        }
                                    ]
                                }
                            ]
                        }
                    ]
                }
            ]
        },
        "Planning Time": 287.488,
        "Triggers": [],
        "Execution Time": 224.93
    }
]