[
    {
        "Bao": {
            "Bao prediction": "NaN",
            "Bao recommended hint": "(no hint)"
        }
    },
    {
        "Plan": {
            "Node Type": "Aggregate",
            "Strategy": "Plain",
            "Partial Mode": "Finalize",
            "Parallel Aware": false,
            "Startup Cost": 79085.51,
            "Total Cost": 79085.52,
            "Plan Rows": 1,
            "Plan Width": 8,
            "Actual Startup Time": 249.904,
            "Actual Total Time": 280.825,
            "Actual Rows": 1,
            "Actual Loops": 1,
            "Output": [
                "count(*)"
            ],
            "Plans": [
                {
                    "Node Type": "Gather",
                    "Parent Relationship": "Outer",
                    "Parallel Aware": false,
                    "Startup Cost": 79085.09,
                    "Total Cost": 79085.5,
                    "Plan Rows": 4,
                    "Plan Width": 8,
                    "Actual Startup Time": 249.787,
                    "Actual Total Time": 280.818,
                    "Actual Rows": 5,
                    "Actual Loops": 1,
                    "Output": [
                        "(PARTIAL count(*))"
                    ],
                    "Workers Planned": 4,
                    "Workers Launched": 4,
                    "Single Copy": false,
                    "Plans": [
                        {
                            "Node Type": "Aggregate",
                            "Strategy": "Plain",
                            "Partial Mode": "Partial",
                            "Parent Relationship": "Outer",
                            "Parallel Aware": false,
                            "Startup Cost": 78085.09,
                            "Total Cost": 78085.1,
                            "Plan Rows": 1,
                            "Plan Width": 8,
                            "Actual Startup Time": 239.692,
                            "Actual Total Time": 239.693,
                            "Actual Rows": 1,
                            "Actual Loops": 5,
                            "Output": [
                                "PARTIAL count(*)"
                            ],
                            "Workers": [
                                {
                                    "Worker Number": 0,
                                    "Actual Startup Time": 236.193,
                                    "Actual Total Time": 236.195,
                                    "Actual Rows": 1,
                                    "Actual Loops": 1
                                },
                                {
                                    "Worker Number": 1,
                                    "Actual Startup Time": 236.755,
                                    "Actual Total Time": 236.757,
                                    "Actual Rows": 1,
                                    "Actual Loops": 1
                                },
                                {
                                    "Worker Number": 2,
                                    "Actual Startup Time": 237.83,
                                    "Actual Total Time": 237.831,
                                    "Actual Rows": 1,
                                    "Actual Loops": 1
                                },
                                {
                                    "Worker Number": 3,
                                    "Actual Startup Time": 238.213,
                                    "Actual Total Time": 238.215,
                                    "Actual Rows": 1,
                                    "Actual Loops": 1
                                }
                            ],
                            "Plans": [
                                {
                                    "Node Type": "Nested Loop",
                                    "Parent Relationship": "Outer",
                                    "Parallel Aware": false,
                                    "Join Type": "Inner",
                                    "Startup Cost": 0.99,
                                    "Total Cost": 78075.75,
                                    "Plan Rows": 3736,
                                    "Plan Width": 0,
                                    "Actual Startup Time": 181.263,
                                    "Actual Total Time": 239.684,
                                    "Actual Rows": 8,
                                    "Actual Loops": 5,
                                    "Inner Unique": false,
                                    "Join Filter": "(t.id = ci.movie_id)",
                                    "Rows Removed by Join Filter": 0,
                                    "Workers": [
                                        {
                                            "Worker Number": 0,
                                            "Actual Startup Time": 131.604,
                                            "Actual Total Time": 236.187,
                                            "Actual Rows": 1,
                                            "Actual Loops": 1
                                        },
                                        {
                                            "Worker Number": 1,
                                            "Actual Startup Time": 236.749,
                                            "Actual Total Time": 236.751,
                                            "Actual Rows": 0,
                                            "Actual Loops": 1
                                        },
                                        {
                                            "Worker Number": 2,
                                            "Actual Startup Time": 178.433,
                                            "Actual Total Time": 237.822,
                                            "Actual Rows": 1,
                                            "Actual Loops": 1
                                        },
                                        {
                                            "Worker Number": 3,
                                            "Actual Startup Time": 220.408,
                                            "Actual Total Time": 238.205,
                                            "Actual Rows": 5,
                                            "Actual Loops": 1
                                        }
                                    ],
                                    "Plans": [
                                        {
                                            "Node Type": "Nested Loop",
                                            "Parent Relationship": "Outer",
                                            "Parallel Aware": false,
                                            "Join Type": "Inner",
                                            "Startup Cost": 0.43,
                                            "Total Cost": 70830.64,
                                            "Plan Rows": 3544,
                                            "Plan Width": 8,
                                            "Actual Startup Time": 0.46,
                                            "Actual Total Time": 94.656,
                                            "Actual Rows": 3897,
                                            "Actual Loops": 5,
                                            "Output": [
                                                "t.id",
                                                "mc.movie_id"
                                            ],
                                            "Inner Unique": false,
                                            "Workers": [
                                                {
                                                    "Worker Number": 0,
                                                    "Actual Startup Time": 0.48,
                                                    "Actual Total Time": 89.347,
                                                    "Actual Rows": 2639,
                                                    "Actual Loops": 1
                                                },
                                                {
                                                    "Worker Number": 1,
                                                    "Actual Startup Time": 0.921,
                                                    "Actual Total Time": 86.272,
                                                    "Actual Rows": 2681,
                                                    "Actual Loops": 1
                                                },
                                                {
                                                    "Worker Number": 2,
                                                    "Actual Startup Time": 0.348,
                                                    "Actual Total Time": 89.456,
                                                    "Actual Rows": 2757,
                                                    "Actual Loops": 1
                                                },
                                                {
                                                    "Worker Number": 3,
                                                    "Actual Startup Time": 0.499,
                                                    "Actual Total Time": 87.916,
                                                    "Actual Rows": 3976,
                                                    "Actual Loops": 1
                                                }
                                            ],
                                            "Plans": [
                                                {
                                                    "Node Type": "Seq Scan",
                                                    "Parent Relationship": "Outer",
                                                    "Parallel Aware": true,
                                                    "Relation Name": "title",
                                                    "Schema": "public",
                                                    "Alias": "t",
                                                    "Startup Cost": 0.0,
                                                    "Total Cost": 43899.01,
                                                    "Plan Rows": 3434,
                                                    "Plan Width": 4,
                                                    "Actual Startup Time": 0.133,
                                                    "Actual Total Time": 65.082,
                                                    "Actual Rows": 2954,
                                                    "Actual Loops": 5,
                                                    "Output": [
                                                        "t.id",
                                                        "t.title",
                                                        "t.imdb_index",
                                                        "t.kind_id",
                                                        "t.production_year",
                                                        "t.imdb_id",
                                                        "t.phonetic_code",
                                                        "t.episode_of_id",
                                                        "t.season_nr",
                                                        "t.episode_nr",
                                                        "t.series_years",
                                                        "t.md5sum"
                                                    ],
                                                    "Filter": "(t.production_year = 1982)",
                                                    "Rows Removed by Filter": 502708,
                                                    "Workers": [
                                                        {
                                                            "Worker Number": 0,
                                                            "Actual Startup Time": 0.229,
                                                            "Actual Total Time": 57.387,
                                                            "Actual Rows": 2000,
                                                            "Actual Loops": 1
                                                        },
                                                        {
                                                            "Worker Number": 1,
                                                            "Actual Startup Time": 0.06,
                                                            "Actual Total Time": 55.124,
                                                            "Actual Rows": 1931,
                                                            "Actual Loops": 1
                                                        },
                                                        {
                                                            "Worker Number": 2,
                                                            "Actual Startup Time": 0.105,
                                                            "Actual Total Time": 58.75,
                                                            "Actual Rows": 1997,
                                                            "Actual Loops": 1
                                                        },
                                                        {
                                                            "Worker Number": 3,
                                                            "Actual Startup Time": 0.259,
                                                            "Actual Total Time": 56.994,
                                                            "Actual Rows": 2920,
                                                            "Actual Loops": 1
                                                        }
                                                    ]
                                                },
                                                {
                                                    "Node Type": "Index Only Scan",
                                                    "Parent Relationship": "Inner",
                                                    "Parallel Aware": false,
                                                    "Scan Direction": "Forward",
                                                    "Index Name": "movie_id_movie_companies",
                                                    "Relation Name": "movie_companies",
                                                    "Schema": "public",
                                                    "Alias": "mc",
                                                    "Startup Cost": 0.43,
                                                    "Total Cost": 7.79,
                                                    "Plan Rows": 5,
                                                    "Plan Width": 4,
                                                    "Actual Startup Time": 0.008,
                                                    "Actual Total Time": 0.009,
                                                    "Actual Rows": 1,
                                                    "Actual Loops": 14770,
                                                    "Output": [
                                                        "mc.movie_id"
                                                    ],
                                                    "Index Cond": "(mc.movie_id = t.id)",
                                                    "Rows Removed by Index Recheck": 0,
                                                    "Heap Fetches": 19485,
                                                    "Workers": [
                                                        {
                                                            "Worker Number": 0,
                                                            "Actual Startup Time": 0.013,
                                                            "Actual Total Time": 0.015,
                                                            "Actual Rows": 1,
                                                            "Actual Loops": 2000
                                                        },
                                                        {
                                                            "Worker Number": 1,
                                                            "Actual Startup Time": 0.013,
                                                            "Actual Total Time": 0.015,
                                                            "Actual Rows": 1,
                                                            "Actual Loops": 1931
                                                        },
                                                        {
                                                            "Worker Number": 2,
                                                            "Actual Startup Time": 0.013,
                                                            "Actual Total Time": 0.014,
                                                            "Actual Rows": 1,
                                                            "Actual Loops": 1997
                                                        },
                                                        {
                                                            "Worker Number": 3,
                                                            "Actual Startup Time": 0.009,
                                                            "Actual Total Time": 0.01,
                                                            "Actual Rows": 1,
                                                            "Actual Loops": 2920
                                                        }
                                                    ]
                                                }
                                            ]
                                        },
                                        {
                                            "Node Type": "Index Scan",
                                            "Parent Relationship": "Inner",
                                            "Parallel Aware": false,
                                            "Scan Direction": "Forward",
                                            "Index Name": "movie_id_cast_info",
                                            "Relation Name": "cast_info",
                                            "Schema": "public",
                                            "Alias": "ci",
                                            "Startup Cost": 0.56,
                                            "Total Cost": 2.01,
                                            "Plan Rows": 3,
                                            "Plan Width": 4,
                                            "Actual Startup Time": 0.037,
                                            "Actual Total Time": 0.037,
                                            "Actual Rows": 0,
                                            "Actual Loops": 19485,
                                            "Output": [
                                                "ci.id",
                                                "ci.person_id",
                                                "ci.movie_id",
                                                "ci.person_role_id",
                                                "ci.note",
                                                "ci.nr_order",
                                                "ci.role_id"
                                            ],
                                            "Index Cond": "(ci.movie_id = mc.movie_id)",
                                            "Rows Removed by Index Recheck": 0,
                                            "Filter": "((ci.person_id < 1275251) AND (ci.role_id = 2))",
                                            "Rows Removed by Filter": 28,
                                            "Workers": [
                                                {
                                                    "Worker Number": 0,
                                                    "Actual Startup Time": 0.055,
                                                    "Actual Total Time": 0.055,
                                                    "Actual Rows": 0,
                                                    "Actual Loops": 2639
                                                },
                                                {
                                                    "Worker Number": 1,
                                                    "Actual Startup Time": 0.056,
                                                    "Actual Total Time": 0.056,
                                                    "Actual Rows": 0,
                                                    "Actual Loops": 2681
                                                },
                                                {
                                                    "Worker Number": 2,
                                                    "Actual Startup Time": 0.053,
                                                    "Actual Total Time": 0.053,
                                                    "Actual Rows": 0,
                                                    "Actual Loops": 2757
                                                },
                                                {
                                                    "Worker Number": 3,
                                                    "Actual Startup Time": 0.037,
                                                    "Actual Total Time": 0.037,
                                                    "Actual Rows": 0,
                                                    "Actual Loops": 3976
                                                }
                                            ]
                                        }
                                    ]
                                }
                            ]
                        }
                    ]
                }
            ]
        },
        "Planning Time": 193.666,
        "Triggers": [],
        "Execution Time": 280.89
    }
]