[
    {
        "Bao": {
            "Bao prediction": "NaN",
            "Bao recommended hint": "(no hint)"
        }
    },
    {
        "Plan": {
            "Node Type": "Aggregate",
            "Strategy": "Plain",
            "Partial Mode": "Finalize",
            "Parallel Aware": false,
            "Startup Cost": 26344.98,
            "Total Cost": 26344.99,
            "Plan Rows": 1,
            "Plan Width": 8,
            "Actual Startup Time": 77.879,
            "Actual Total Time": 81.872,
            "Actual Rows": 1,
            "Actual Loops": 1,
            "Output": [
                "count(*)"
            ],
            "Plans": [
                {
                    "Node Type": "Gather",
                    "Parent Relationship": "Outer",
                    "Parallel Aware": false,
                    "Startup Cost": 26344.66,
                    "Total Cost": 26344.97,
                    "Plan Rows": 3,
                    "Plan Width": 8,
                    "Actual Startup Time": 77.645,
                    "Actual Total Time": 81.863,
                    "Actual Rows": 4,
                    "Actual Loops": 1,
                    "Output": [
                        "(PARTIAL count(*))"
                    ],
                    "Workers Planned": 3,
                    "Workers Launched": 3,
                    "Single Copy": false,
                    "Plans": [
                        {
                            "Node Type": "Aggregate",
                            "Strategy": "Plain",
                            "Partial Mode": "Partial",
                            "Parent Relationship": "Outer",
                            "Parallel Aware": false,
                            "Startup Cost": 25344.66,
                            "Total Cost": 25344.67,
                            "Plan Rows": 1,
                            "Plan Width": 8,
                            "Actual Startup Time": 69.144,
                            "Actual Total Time": 69.145,
                            "Actual Rows": 1,
                            "Actual Loops": 4,
                            "Output": [
                                "PARTIAL count(*)"
                            ],
                            "Workers": [
                                {
                                    "Worker Number": 0,
                                    "Actual Startup Time": 66.418,
                                    "Actual Total Time": 66.419,
                                    "Actual Rows": 1,
                                    "Actual Loops": 1
                                },
                                {
                                    "Worker Number": 1,
                                    "Actual Startup Time": 66.458,
                                    "Actual Total Time": 66.46,
                                    "Actual Rows": 1,
                                    "Actual Loops": 1
                                },
                                {
                                    "Worker Number": 2,
                                    "Actual Startup Time": 66.414,
                                    "Actual Total Time": 66.416,
                                    "Actual Rows": 1,
                                    "Actual Loops": 1
                                }
                            ],
                            "Plans": [
                                {
                                    "Node Type": "Bitmap Heap Scan",
                                    "Parent Relationship": "Outer",
                                    "Parallel Aware": true,
                                    "Relation Name": "movie_companies",
                                    "Schema": "public",
                                    "Alias": "mc",
                                    "Startup Cost": 5273.8,
                                    "Total Cost": 25247.92,
                                    "Plan Rows": 38695,
                                    "Plan Width": 0,
                                    "Actual Startup Time": 19.546,
                                    "Actual Total Time": 64.497,
                                    "Actual Rows": 46394,
                                    "Actual Loops": 4,
                                    "Recheck Cond": "(mc.company_id < 108)",
                                    "Rows Removed by Index Recheck": 0,
                                    "Filter": "(mc.company_type_id < 2)",
                                    "Rows Removed by Filter": 13844,
                                    "Exact Heap Blocks": 8048,
                                    "Lossy Heap Blocks": 0,
                                    "Workers": [
                                        {
                                            "Worker Number": 0,
                                            "Actual Startup Time": 16.872,
                                            "Actual Total Time": 62.354,
                                            "Actual Rows": 27697,
                                            "Actual Loops": 1
                                        },
                                        {
                                            "Worker Number": 1,
                                            "Actual Startup Time": 16.971,
                                            "Actual Total Time": 62.427,
                                            "Actual Rows": 27875,
                                            "Actual Loops": 1
                                        },
                                        {
                                            "Worker Number": 2,
                                            "Actual Startup Time": 16.854,
                                            "Actual Total Time": 62.34,
                                            "Actual Rows": 28311,
                                            "Actual Loops": 1
                                        }
                                    ],
                                    "Plans": [
                                        {
                                            "Node Type": "Bitmap Index Scan",
                                            "Parent Relationship": "Outer",
                                            "Parallel Aware": false,
                                            "Index Name": "company_id_movie_companies",
                                            "Startup Cost": 0.0,
                                            "Total Cost": 5243.82,
                                            "Plan Rows": 244718,
                                            "Plan Width": 0,
                                            "Actual Startup Time": 23.494,
                                            "Actual Total Time": 23.495,
                                            "Actual Rows": 240950,
                                            "Actual Loops": 1,
                                            "Index Cond": "(mc.company_id < 108)"
                                        }
                                    ]
                                }
                            ]
                        }
                    ]
                }
            ]
        },
        "Planning Time": 291.933,
        "Triggers": [],
        "Execution Time": 81.94
    }
]