[
  {
    "Plan": {
      "Node Type": "Aggregate",
      "Strategy": "Plain",
      "Partial Mode": "Finalize",
      "Parallel Aware": false,
      "Startup Cost": 26444.97,
      "Total Cost": 26444.98,
      "Plan Rows": 1,
      "Plan Width": 8,
      "Actual Startup Time": 77.143,
      "Actual Total Time": 81.971,
      "Actual Rows": 1,
      "Actual Loops": 1,
      "Plans": [
        {
          "Node Type": "Gather",
          "Parent Relationship": "Outer",
          "Parallel Aware": false,
          "Startup Cost": 26444.56,
          "Total Cost": 26444.97,
          "Plan Rows": 4,
          "Plan Width": 8,
          "Actual Startup Time": 77.062,
          "Actual Total Time": 81.962,
          "Actual Rows": 5,
          "Actual Loops": 1,
          "Workers Planned": 4,
          "Workers Launched": 4,
          "Single Copy": false,
          "Plans": [
            {
              "Node Type": "Aggregate",
              "Strategy": "Plain",
              "Partial Mode": "Partial",
              "Parent Relationship": "Outer",
              "Parallel Aware": false,
              "Startup Cost": 25444.56,
              "Total Cost": 25444.56,
              "Plan Rows": 1,
              "Plan Width": 8,
              "Actual Startup Time": 66.648,
              "Actual Total Time": 66.649,
              "Actual Rows": 1,
              "Actual Loops": 5,
              "Plans": [
                {
                  "Node Type": "Index Scan",
                  "Parent Relationship": "Outer",
                  "Parallel Aware": true,
                  "Scan Direction": "Forward",
                  "Index Name": "role_id_cast_info",
                  "Relation Name": "cast_info",
                  "Alias": "ci",
                  "Startup Cost": 0.56,
                  "Total Cost": 25284.63,
                  "Plan Rows": 63971,
                  "Plan Width": 0,
                  "Actual Startup Time": 0.23,
                  "Actual Total Time": 57.883,
                  "Actual Rows": 129072,
                  "Actual Loops": 5,
                  "Index Cond": "(role_id = 5)",
                  "Rows Removed by Index Recheck": 0,
                  "Filter": "(person_id > 2700892)",
                  "Rows Removed by Filter": 50606
                }
              ]
            }
          ]
        }
      ]
    },
    "Planning Time": 0.225,
    "Triggers": [],
    "Execution Time": 82.148
  }
]