[
  {
    "Plan": {
      "Node Type": "Aggregate",
      "Strategy": "Plain",
      "Partial Mode": "Finalize",
      "Parallel Aware": false,
      "Startup Cost": 125029.43,
      "Total Cost": 125029.44,
      "Plan Rows": 1,
      "Plan Width": 8,
      "Actual Startup Time": 580.334,
      "Actual Total Time": 599.429,
      "Actual Rows": 1,
      "Actual Loops": 1,
      "Plans": [
        {
          "Node Type": "Gather",
          "Parent Relationship": "Outer",
          "Parallel Aware": false,
          "Startup Cost": 125029.11,
          "Total Cost": 125029.42,
          "Plan Rows": 3,
          "Plan Width": 8,
          "Actual Startup Time": 573.398,
          "Actual Total Time": 599.409,
          "Actual Rows": 4,
          "Actual Loops": 1,
          "Workers Planned": 3,
          "Workers Launched": 3,
          "Single Copy": false,
          "Plans": [
            {
              "Node Type": "Aggregate",
              "Strategy": "Plain",
              "Partial Mode": "Partial",
              "Parent Relationship": "Outer",
              "Parallel Aware": false,
              "Startup Cost": 124029.11,
              "Total Cost": 124029.12,
              "Plan Rows": 1,
              "Plan Width": 8,
              "Actual Startup Time": 561.361,
              "Actual Total Time": 561.886,
              "Actual Rows": 1,
              "Actual Loops": 4,
              "Plans": [
                {
                  "Node Type": "Hash Join",
                  "Parent Relationship": "Outer",
                  "Parallel Aware": true,
                  "Join Type": "Inner",
                  "Startup Cost": 79397.43,
                  "Total Cost": 123931.75,
                  "Plan Rows": 38946,
                  "Plan Width": 0,
                  "Actual Startup Time": 383.592,
                  "Actual Total Time": 546.361,
                  "Actual Rows": 405024,
                  "Actual Loops": 4,
                  "Inner Unique": false,
                  "Hash Cond": "(mk.movie_id = t.id)",
                  "Plans": [
                    {
                      "Node Type": "Seq Scan",
                      "Parent Relationship": "Outer",
                      "Parallel Aware": true,
                      "Relation Name": "movie_keyword",
                      "Alias": "mk",
                      "Startup Cost": 0.0,
                      "Total Cost": 42695.65,
                      "Plan Rows": 456808,
                      "Plan Width": 4,
                      "Actual Startup Time": 0.764,
                      "Actual Total Time": 93.454,
                      "Actual Rows": 354999,
                      "Actual Loops": 4,
                      "Filter": "(keyword_id > 11755)",
                      "Rows Removed by Filter": 775984
                    },
                    {
                      "Node Type": "Hash",
                      "Parent Relationship": "Inner",
                      "Parallel Aware": true,
                      "Startup Cost": 78528.26,
                      "Total Cost": 78528.26,
                      "Plan Rows": 69534,
                      "Plan Width": 8,
                      "Actual Startup Time": 380.123,
                      "Actual Total Time": 380.647,
                      "Actual Rows": 156263,
                      "Actual Loops": 4,
                      "Hash Buckets": 1048576,
                      "Original Hash Buckets": 262144,
                      "Hash Batches": 1,
                      "Original Hash Batches": 1,
                      "Peak Memory Usage": 38880,
                      "Plans": [
                        {
                          "Node Type": "Hash Join",
                          "Parent Relationship": "Outer",
                          "Parallel Aware": true,
                          "Join Type": "Inner",
                          "Startup Cost": 46574.43,
                          "Total Cost": 78528.26,
                          "Plan Rows": 69534,
                          "Plan Width": 8,
                          "Actual Startup Time": 209.392,
                          "Actual Total Time": 321.427,
                          "Actual Rows": 156263,
                          "Actual Loops": 4,
                          "Inner Unique": true,
                          "Hash Cond": "(mc.movie_id = t.id)",
                          "Plans": [
                            {
                              "Node Type": "Seq Scan",
                              "Parent Relationship": "Outer",
                              "Parallel Aware": true,
                              "Relation Name": "movie_companies",
                              "Alias": "mc",
                              "Startup Cost": 0.0,
                              "Total Cost": 31414.82,
                              "Plan Rows": 205338,
                              "Plan Width": 4,
                              "Actual Startup Time": 30.081,
                              "Actual Total Time": 67.397,
                              "Actual Rows": 223775,
                              "Actual Loops": 4,
                              "Filter": "((company_id > 11579) AND (company_type_id > 1))",
                              "Rows Removed by Filter": 428507
                            },
                            {
                              "Node Type": "Hash",
                              "Parent Relationship": "Inner",
                              "Parallel Aware": true,
                              "Startup Cost": 43898.92,
                              "Total Cost": 43898.92,
                              "Plan Rows": 214041,
                              "Plan Width": 4,
                              "Actual Startup Time": 175.753,
                              "Actual Total Time": 175.754,
                              "Actual Rows": 213554,
                              "Actual Loops": 4,
                              "Hash Buckets": 1048576,
                              "Original Hash Buckets": 1048576,
                              "Hash Batches": 1,
                              "Original Hash Batches": 1,
                              "Peak Memory Usage": 41728,
                              "Plans": [
                                {
                                  "Node Type": "Seq Scan",
                                  "Parent Relationship": "Outer",
                                  "Parallel Aware": true,
                                  "Relation Name": "title",
                                  "Alias": "t",
                                  "Startup Cost": 0.0,
                                  "Total Cost": 43898.92,
                                  "Plan Rows": 214041,
                                  "Plan Width": 4,
                                  "Actual Startup Time": 0.047,
                                  "Actual Total Time": 100.138,
                                  "Actual Rows": 213554,
                                  "Actual Loops": 4,
                                  "Filter": "(kind_id < 4)",
                                  "Rows Removed by Filter": 418524
                                }
                              ]
                            }
                          ]
                        }
                      ]
                    }
                  ]
                }
              ]
            }
          ]
        }
      ]
    },
    "Planning Time": 1.5,
    "Triggers": [],
    "Execution Time": 599.515
  }
]