[
  {
    "Plan": {
      "Node Type": "Aggregate",
      "Strategy": "Plain",
      "Partial Mode": "Finalize",
      "Parallel Aware": false,
      "Startup Cost": 44766.92,
      "Total Cost": 44766.93,
      "Plan Rows": 1,
      "Plan Width": 8,
      "Actual Startup Time": 180.357,
      "Actual Total Time": 191.948,
      "Actual Rows": 1,
      "Actual Loops": 1,
      "Plans": [
        {
          "Node Type": "Gather",
          "Parent Relationship": "Outer",
          "Parallel Aware": false,
          "Startup Cost": 44766.61,
          "Total Cost": 44766.92,
          "Plan Rows": 3,
          "Plan Width": 8,
          "Actual Startup Time": 180.242,
          "Actual Total Time": 191.936,
          "Actual Rows": 4,
          "Actual Loops": 1,
          "Workers Planned": 3,
          "Workers Launched": 3,
          "Single Copy": false,
          "Plans": [
            {
              "Node Type": "Aggregate",
              "Strategy": "Plain",
              "Partial Mode": "Partial",
              "Parent Relationship": "Outer",
              "Parallel Aware": false,
              "Startup Cost": 43766.61,
              "Total Cost": 43766.62,
              "Plan Rows": 1,
              "Plan Width": 8,
              "Actual Startup Time": 172.249,
              "Actual Total Time": 172.25,
              "Actual Rows": 1,
              "Actual Loops": 4,
              "Plans": [
                {
                  "Node Type": "Seq Scan",
                  "Parent Relationship": "Outer",
                  "Parallel Aware": true,
                  "Relation Name": "movie_keyword",
                  "Alias": "mk",
                  "Startup Cost": 0.0,
                  "Total Cost": 42695.65,
                  "Plan Rows": 428381,
                  "Plan Width": 0,
                  "Actual Startup Time": 2.036,
                  "Actual Total Time": 148.36,
                  "Actual Rows": 331676,
                  "Actual Loops": 4,
                  "Filter": "(keyword_id > 13018)",
                  "Rows Removed by Filter": 799306
                }
              ]
            }
          ]
        }
      ]
    },
    "Planning Time": 0.149,
    "Triggers": [],
    "Execution Time": 191.993
  }
]