[
  {
    "Plan": {
      "Node Type": "Aggregate",
      "Strategy": "Plain",
      "Partial Mode": "Finalize",
      "Parallel Aware": false,
      "Startup Cost": 44760.79,
      "Total Cost": 44760.8,
      "Plan Rows": 1,
      "Plan Width": 8,
      "Actual Startup Time": 130.88,
      "Actual Total Time": 140.792,
      "Actual Rows": 1,
      "Actual Loops": 1,
      "Plans": [
        {
          "Node Type": "Gather",
          "Parent Relationship": "Outer",
          "Parallel Aware": false,
          "Startup Cost": 44760.48,
          "Total Cost": 44760.79,
          "Plan Rows": 3,
          "Plan Width": 8,
          "Actual Startup Time": 130.762,
          "Actual Total Time": 140.782,
          "Actual Rows": 4,
          "Actual Loops": 1,
          "Workers Planned": 3,
          "Workers Launched": 3,
          "Single Copy": false,
          "Plans": [
            {
              "Node Type": "Aggregate",
              "Strategy": "Plain",
              "Partial Mode": "Partial",
              "Parent Relationship": "Outer",
              "Parallel Aware": false,
              "Startup Cost": 43760.48,
              "Total Cost": 43760.49,
              "Plan Rows": 1,
              "Plan Width": 8,
              "Actual Startup Time": 124.22,
              "Actual Total Time": 124.221,
              "Actual Rows": 1,
              "Actual Loops": 4,
              "Plans": [
                {
                  "Node Type": "Seq Scan",
                  "Parent Relationship": "Outer",
                  "Parallel Aware": true,
                  "Relation Name": "movie_keyword",
                  "Alias": "mk",
                  "Startup Cost": 0.0,
                  "Total Cost": 42695.65,
                  "Plan Rows": 425929,
                  "Plan Width": 0,
                  "Actual Startup Time": 2.611,
                  "Actual Total Time": 107.806,
                  "Actual Rows": 331676,
                  "Actual Loops": 4,
                  "Filter": "(keyword_id > 13018)",
                  "Rows Removed by Filter": 799306
                }
              ]
            }
          ]
        }
      ]
    },
    "Planning Time": 0.212,
    "Triggers": [],
    "Execution Time": 140.851
  }
]