{
    "Plan": {
        "Node Type": "Aggregate",
        "Strategy": "Plain",
        "Partial Mode": "Finalize",
        "Parallel Aware": false,
        "Startup Cost": 315149.26,
        "Total Cost": 315149.27,
        "Plan Rows": 1,
        "Plan Width": 8,
        "Actual Startup Time": 221.492,
        "Actual Total Time": 257.907,
        "Actual Rows": 1,
        "Actual Loops": 1,
        "Output": [
            "count(*)"
        ],
        "Plans": [
            {
                "Node Type": "Gather",
                "Parent Relationship": "Outer",
                "Parallel Aware": false,
                "Startup Cost": 315148.84,
                "Total Cost": 315149.25,
                "Plan Rows": 4,
                "Plan Width": 8,
                "Actual Startup Time": 220.538,
                "Actual Total Time": 257.897,
                "Actual Rows": 5,
                "Actual Loops": 1,
                "Output": [
                    "(PARTIAL count(*))"
                ],
                "Workers Planned": 4,
                "Workers Launched": 4,
                "Single Copy": false,
                "Plans": [
                    {
                        "Node Type": "Aggregate",
                        "Strategy": "Plain",
                        "Partial Mode": "Partial",
                        "Parent Relationship": "Outer",
                        "Parallel Aware": false,
                        "Startup Cost": 314148.84,
                        "Total Cost": 314148.85,
                        "Plan Rows": 1,
                        "Plan Width": 8,
                        "Actual Startup Time": 210.494,
                        "Actual Total Time": 210.496,
                        "Actual Rows": 1,
                        "Actual Loops": 5,
                        "Output": [
                            "PARTIAL count(*)"
                        ],
                        "Workers": [
                            {
                                "Worker Number": 0,
                                "Actual Startup Time": 207.453,
                                "Actual Total Time": 207.455,
                                "Actual Rows": 1,
                                "Actual Loops": 1
                            },
                            {
                                "Worker Number": 1,
                                "Actual Startup Time": 208.066,
                                "Actual Total Time": 208.067,
                                "Actual Rows": 1,
                                "Actual Loops": 1
                            },
                            {
                                "Worker Number": 2,
                                "Actual Startup Time": 207.805,
                                "Actual Total Time": 207.807,
                                "Actual Rows": 1,
                                "Actual Loops": 1
                            },
                            {
                                "Worker Number": 3,
                                "Actual Startup Time": 209.463,
                                "Actual Total Time": 209.465,
                                "Actual Rows": 1,
                                "Actual Loops": 1
                            }
                        ],
                        "Plans": [
                            {
                                "Node Type": "Nested Loop",
                                "Parent Relationship": "Outer",
                                "Parallel Aware": false,
                                "Join Type": "Inner",
                                "Startup Cost": 0.56,
                                "Total Cost": 314140.71,
                                "Plan Rows": 3251,
                                "Plan Width": 0,
                                "Actual Startup Time": 59.849,
                                "Actual Total Time": 210.311,
                                "Actual Rows": 1394,
                                "Actual Loops": 5,
                                "Inner Unique": false,
                                "Workers": [
                                    {
                                        "Worker Number": 0,
                                        "Actual Startup Time": 57.951,
                                        "Actual Total Time": 207.268,
                                        "Actual Rows": 757,
                                        "Actual Loops": 1
                                    },
                                    {
                                        "Worker Number": 1,
                                        "Actual Startup Time": 58.224,
                                        "Actual Total Time": 207.902,
                                        "Actual Rows": 1097,
                                        "Actual Loops": 1
                                    },
                                    {
                                        "Worker Number": 2,
                                        "Actual Startup Time": 58.146,
                                        "Actual Total Time": 207.645,
                                        "Actual Rows": 1032,
                                        "Actual Loops": 1
                                    },
                                    {
                                        "Worker Number": 3,
                                        "Actual Startup Time": 58.826,
                                        "Actual Total Time": 209.284,
                                        "Actual Rows": 731,
                                        "Actual Loops": 1
                                    }
                                ],
                                "Plans": [
                                    {
                                        "Node Type": "Seq Scan",
                                        "Parent Relationship": "Outer",
                                        "Parallel Aware": true,
                                        "Relation Name": "title",
                                        "Schema": "public",
                                        "Alias": "t",
                                        "Startup Cost": 0.0,
                                        "Total Cost": 45479.21,
                                        "Plan Rows": 3290,
                                        "Plan Width": 4,
                                        "Actual Startup Time": 58.472,
                                        "Actual Total Time": 84.99,
                                        "Actual Rows": 1516,
                                        "Actual Loops": 5,
                                        "Output": [
                                            "t.id",
                                            "t.title",
                                            "t.imdb_index",
                                            "t.kind_id",
                                            "t.production_year",
                                            "t.imdb_id",
                                            "t.phonetic_code",
                                            "t.episode_of_id",
                                            "t.season_nr",
                                            "t.episode_nr",
                                            "t.series_years",
                                            "t.md5sum"
                                        ],
                                        "Filter": "((t.kind_id = 1) AND (t.production_year = 1999))",
                                        "Rows Removed by Filter": 504147,
                                        "Workers": [
                                            {
                                                "Worker Number": 0,
                                                "Actual Startup Time": 57.514,
                                                "Actual Total Time": 79.936,
                                                "Actual Rows": 868,
                                                "Actual Loops": 1
                                            },
                                            {
                                                "Worker Number": 1,
                                                "Actual Startup Time": 58.076,
                                                "Actual Total Time": 77.419,
                                                "Actual Rows": 1170,
                                                "Actual Loops": 1
                                            },
                                            {
                                                "Worker Number": 2,
                                                "Actual Startup Time": 52.612,
                                                "Actual Total Time": 78.545,
                                                "Actual Rows": 1186,
                                                "Actual Loops": 1
                                            },
                                            {
                                                "Worker Number": 3,
                                                "Actual Startup Time": 58.656,
                                                "Actual Total Time": 79.518,
                                                "Actual Rows": 834,
                                                "Actual Loops": 1
                                            }
                                        ]
                                    },
                                    {
                                        "Node Type": "Index Scan",
                                        "Parent Relationship": "Inner",
                                        "Parallel Aware": false,
                                        "Scan Direction": "Forward",
                                        "Index Name": "movie_id_cast_info",
                                        "Relation Name": "cast_info",
                                        "Schema": "public",
                                        "Alias": "ci",
                                        "Startup Cost": 0.56,
                                        "Total Cost": 81.63,
                                        "Plan Rows": 3,
                                        "Plan Width": 4,
                                        "Actual Startup Time": 0.064,
                                        "Actual Total Time": 0.082,
                                        "Actual Rows": 1,
                                        "Actual Loops": 7578,
                                        "Output": [
                                            "ci.id",
                                            "ci.person_id",
                                            "ci.movie_id",
                                            "ci.person_role_id",
                                            "ci.note",
                                            "ci.nr_order",
                                            "ci.role_id"
                                        ],
                                        "Index Cond": "(ci.movie_id = t.id)",
                                        "Rows Removed by Index Recheck": 0,
                                        "Filter": "((ci.person_id < 563352) AND (ci.role_id > 2))",
                                        "Rows Removed by Filter": 19,
                                        "Workers": [
                                            {
                                                "Worker Number": 0,
                                                "Actual Startup Time": 0.116,
                                                "Actual Total Time": 0.146,
                                                "Actual Rows": 1,
                                                "Actual Loops": 868
                                            },
                                            {
                                                "Worker Number": 1,
                                                "Actual Startup Time": 0.085,
                                                "Actual Total Time": 0.111,
                                                "Actual Rows": 1,
                                                "Actual Loops": 1170
                                            },
                                            {
                                                "Worker Number": 2,
                                                "Actual Startup Time": 0.085,
                                                "Actual Total Time": 0.108,
                                                "Actual Rows": 1,
                                                "Actual Loops": 1186
                                            },
                                            {
                                                "Worker Number": 3,
                                                "Actual Startup Time": 0.12,
                                                "Actual Total Time": 0.154,
                                                "Actual Rows": 1,
                                                "Actual Loops": 834
                                            }
                                        ]
                                    }
                                ]
                            }
                        ]
                    }
                ]
            }
        ]
    },
    "Planning Time": 0.763,
    "Triggers": [],
    "Execution Time": 257.994
}