[
    {
        "Bao": {
            "Bao prediction": "NaN",
            "Bao recommended hint": "(no hint)"
        }
    },
    {
        "Plan": {
            "Node Type": "Aggregate",
            "Strategy": "Plain",
            "Partial Mode": "Finalize",
            "Parallel Aware": false,
            "Startup Cost": 350703.13,
            "Total Cost": 350703.14,
            "Plan Rows": 1,
            "Plan Width": 8,
            "Actual Startup Time": 605.32,
            "Actual Total Time": 616.265,
            "Actual Rows": 1,
            "Actual Loops": 1,
            "Output": [
                "count(*)"
            ],
            "Plans": [
                {
                    "Node Type": "Gather",
                    "Parent Relationship": "Outer",
                    "Parallel Aware": false,
                    "Startup Cost": 350702.71,
                    "Total Cost": 350703.12,
                    "Plan Rows": 4,
                    "Plan Width": 8,
                    "Actual Startup Time": 595.779,
                    "Actual Total Time": 616.255,
                    "Actual Rows": 5,
                    "Actual Loops": 1,
                    "Output": [
                        "(PARTIAL count(*))"
                    ],
                    "Workers Planned": 4,
                    "Workers Launched": 4,
                    "Single Copy": false,
                    "Plans": [
                        {
                            "Node Type": "Aggregate",
                            "Strategy": "Plain",
                            "Partial Mode": "Partial",
                            "Parent Relationship": "Outer",
                            "Parallel Aware": false,
                            "Startup Cost": 349702.71,
                            "Total Cost": 349702.72,
                            "Plan Rows": 1,
                            "Plan Width": 8,
                            "Actual Startup Time": 586.505,
                            "Actual Total Time": 586.669,
                            "Actual Rows": 1,
                            "Actual Loops": 5,
                            "Output": [
                                "PARTIAL count(*)"
                            ],
                            "Workers": [
                                {
                                    "Worker Number": 0,
                                    "Actual Startup Time": 583.582,
                                    "Actual Total Time": 583.585,
                                    "Actual Rows": 1,
                                    "Actual Loops": 1
                                },
                                {
                                    "Worker Number": 1,
                                    "Actual Startup Time": 583.671,
                                    "Actual Total Time": 583.675,
                                    "Actual Rows": 1,
                                    "Actual Loops": 1
                                },
                                {
                                    "Worker Number": 2,
                                    "Actual Startup Time": 585.295,
                                    "Actual Total Time": 585.298,
                                    "Actual Rows": 1,
                                    "Actual Loops": 1
                                },
                                {
                                    "Worker Number": 3,
                                    "Actual Startup Time": 584.544,
                                    "Actual Total Time": 584.547,
                                    "Actual Rows": 1,
                                    "Actual Loops": 1
                                }
                            ],
                            "Plans": [
                                {
                                    "Node Type": "Hash Join",
                                    "Parent Relationship": "Outer",
                                    "Parallel Aware": true,
                                    "Join Type": "Inner",
                                    "Startup Cost": 300367.82,
                                    "Total Cost": 349285.53,
                                    "Plan Rows": 166869,
                                    "Plan Width": 0,
                                    "Actual Startup Time": 290.429,
                                    "Actual Total Time": 572.217,
                                    "Actual Rows": 275714,
                                    "Actual Loops": 5,
                                    "Inner Unique": false,
                                    "Hash Cond": "(t.id = ci.movie_id)",
                                    "Workers": [
                                        {
                                            "Worker Number": 0,
                                            "Actual Startup Time": 287.781,
                                            "Actual Total Time": 570.317,
                                            "Actual Rows": 301130,
                                            "Actual Loops": 1
                                        },
                                        {
                                            "Worker Number": 1,
                                            "Actual Startup Time": 287.85,
                                            "Actual Total Time": 570.412,
                                            "Actual Rows": 299997,
                                            "Actual Loops": 1
                                        },
                                        {
                                            "Worker Number": 2,
                                            "Actual Startup Time": 288.19,
                                            "Actual Total Time": 569.505,
                                            "Actual Rows": 221508,
                                            "Actual Loops": 1
                                        },
                                        {
                                            "Worker Number": 3,
                                            "Actual Startup Time": 288.721,
                                            "Actual Total Time": 568.233,
                                            "Actual Rows": 226122,
                                            "Actual Loops": 1
                                        }
                                    ],
                                    "Plans": [
                                        {
                                            "Node Type": "Seq Scan",
                                            "Parent Relationship": "Outer",
                                            "Parallel Aware": true,
                                            "Relation Name": "title",
                                            "Schema": "public",
                                            "Alias": "t",
                                            "Startup Cost": 0.0,
                                            "Total Cost": 42318.81,
                                            "Plan Rows": 632080,
                                            "Plan Width": 4,
                                            "Actual Startup Time": 0.008,
                                            "Actual Total Time": 67.096,
                                            "Actual Rows": 505662,
                                            "Actual Loops": 5,
                                            "Output": [
                                                "t.id",
                                                "t.title",
                                                "t.imdb_index",
                                                "t.kind_id",
                                                "t.production_year",
                                                "t.imdb_id",
                                                "t.phonetic_code",
                                                "t.episode_of_id",
                                                "t.season_nr",
                                                "t.episode_nr",
                                                "t.series_years",
                                                "t.md5sum"
                                            ],
                                            "Workers": [
                                                {
                                                    "Worker Number": 0,
                                                    "Actual Startup Time": 0.01,
                                                    "Actual Total Time": 65.879,
                                                    "Actual Rows": 552566,
                                                    "Actual Loops": 1
                                                },
                                                {
                                                    "Worker Number": 1,
                                                    "Actual Startup Time": 0.007,
                                                    "Actual Total Time": 65.65,
                                                    "Actual Rows": 551493,
                                                    "Actual Loops": 1
                                                },
                                                {
                                                    "Worker Number": 2,
                                                    "Actual Startup Time": 0.007,
                                                    "Actual Total Time": 76.391,
                                                    "Actual Rows": 406111,
                                                    "Actual Loops": 1
                                                },
                                                {
                                                    "Worker Number": 3,
                                                    "Actual Startup Time": 0.008,
                                                    "Actual Total Time": 75.284,
                                                    "Actual Rows": 413954,
                                                    "Actual Loops": 1
                                                }
                                            ]
                                        },
                                        {
                                            "Node Type": "Hash",
                                            "Parent Relationship": "Inner",
                                            "Parallel Aware": true,
                                            "Startup Cost": 298977.24,
                                            "Total Cost": 298977.24,
                                            "Plan Rows": 111246,
                                            "Plan Width": 4,
                                            "Actual Startup Time": 288.157,
                                            "Actual Total Time": 288.159,
                                            "Actual Rows": 275714,
                                            "Actual Loops": 5,
                                            "Output": [
                                                "ci.movie_id"
                                            ],
                                            "Hash Buckets": 2097152,
                                            "Original Hash Buckets": 1048576,
                                            "Hash Batches": 1,
                                            "Original Hash Batches": 1,
                                            "Peak Memory Usage": 78560,
                                            "Workers": [
                                                {
                                                    "Worker Number": 0,
                                                    "Actual Startup Time": 287.373,
                                                    "Actual Total Time": 287.374,
                                                    "Actual Rows": 293051,
                                                    "Actual Loops": 1
                                                },
                                                {
                                                    "Worker Number": 1,
                                                    "Actual Startup Time": 287.438,
                                                    "Actual Total Time": 287.439,
                                                    "Actual Rows": 290278,
                                                    "Actual Loops": 1
                                                },
                                                {
                                                    "Worker Number": 2,
                                                    "Actual Startup Time": 287.794,
                                                    "Actual Total Time": 287.795,
                                                    "Actual Rows": 214558,
                                                    "Actual Loops": 1
                                                },
                                                {
                                                    "Worker Number": 3,
                                                    "Actual Startup Time": 288.347,
                                                    "Actual Total Time": 288.348,
                                                    "Actual Rows": 220025,
                                                    "Actual Loops": 1
                                                }
                                            ],
                                            "Plans": [
                                                {
                                                    "Node Type": "Bitmap Heap Scan",
                                                    "Parent Relationship": "Outer",
                                                    "Parallel Aware": true,
                                                    "Relation Name": "cast_info",
                                                    "Schema": "public",
                                                    "Alias": "ci",
                                                    "Startup Cost": 41550.54,
                                                    "Total Cost": 298977.24,
                                                    "Plan Rows": 111246,
                                                    "Plan Width": 4,
                                                    "Actual Startup Time": 71.014,
                                                    "Actual Total Time": 159.044,
                                                    "Actual Rows": 275714,
                                                    "Actual Loops": 5,
                                                    "Output": [
                                                        "ci.movie_id"
                                                    ],
                                                    "Recheck Cond": "(ci.person_id < 188930)",
                                                    "Rows Removed by Index Recheck": 0,
                                                    "Filter": "(ci.role_id < 2)",
                                                    "Rows Removed by Filter": 109628,
                                                    "Exact Heap Blocks": 6013,
                                                    "Lossy Heap Blocks": 0,
                                                    "Workers": [
                                                        {
                                                            "Worker Number": 0,
                                                            "Actual Startup Time": 70.315,
                                                            "Actual Total Time": 158.554,
                                                            "Actual Rows": 293051,
                                                            "Actual Loops": 1
                                                        },
                                                        {
                                                            "Worker Number": 1,
                                                            "Actual Startup Time": 70.501,
                                                            "Actual Total Time": 158.944,
                                                            "Actual Rows": 290278,
                                                            "Actual Loops": 1
                                                        },
                                                        {
                                                            "Worker Number": 2,
                                                            "Actual Startup Time": 70.678,
                                                            "Actual Total Time": 161.468,
                                                            "Actual Rows": 214558,
                                                            "Actual Loops": 1
                                                        },
                                                        {
                                                            "Worker Number": 3,
                                                            "Actual Startup Time": 71.198,
                                                            "Actual Total Time": 163.274,
                                                            "Actual Rows": 220025,
                                                            "Actual Loops": 1
                                                        }
                                                    ],
                                                    "Plans": [
                                                        {
                                                            "Node Type": "Bitmap Index Scan",
                                                            "Parent Relationship": "Outer",
                                                            "Parallel Aware": false,
                                                            "Index Name": "person_id_cast_info",
                                                            "Startup Cost": 0.0,
                                                            "Total Cost": 41383.67,
                                                            "Plan Rows": 1895881,
                                                            "Plan Width": 0,
                                                            "Actual Startup Time": 69.418,
                                                            "Actual Total Time": 69.419,
                                                            "Actual Rows": 1926712,
                                                            "Actual Loops": 1,
                                                            "Index Cond": "(ci.person_id < 188930)"
                                                        }
                                                    ]
                                                }
                                            ]
                                        }
                                    ]
                                }
                            ]
                        }
                    ]
                }
            ]
        },
        "Planning Time": 196.545,
        "Triggers": [],
        "Execution Time": 616.328
    }
]