{
  "Plan": {
    "Node Type": "Aggregate",
    "Strategy": "Plain",
    "Partial Mode": "Finalize",
    "Parallel Aware": false,
    "Startup Cost": 105306.83,
    "Total Cost": 105306.84,
    "Plan Rows": 1,
    "Plan Width": 8,
    "Actual Startup Time": 285.985,
    "Actual Total Time": 301.066,
    "Actual Rows": 1,
    "Actual Loops": 1,
    "Plans": [
      {
        "Node Type": "Gather",
        "Parent Relationship": "Outer",
        "Parallel Aware": false,
        "Startup Cost": 105306.71,
        "Total Cost": 105306.82,
        "Plan Rows": 1,
        "Plan Width": 8,
        "Actual Startup Time": 285.717,
        "Actual Total Time": 301.058,
        "Actual Rows": 2,
        "Actual Loops": 1,
        "Workers Planned": 1,
        "Workers Launched": 1,
        "Single Copy": false,
        "Plans": [
          {
            "Node Type": "Aggregate",
            "Strategy": "Plain",
            "Partial Mode": "Partial",
            "Parent Relationship": "Outer",
            "Parallel Aware": false,
            "Startup Cost": 104306.71,
            "Total Cost": 104306.72,
            "Plan Rows": 1,
            "Plan Width": 8,
            "Actual Startup Time": 279.574,
            "Actual Total Time": 279.578,
            "Actual Rows": 1,
            "Actual Loops": 2,
            "Plans": [
              {
                "Node Type": "Nested Loop",
                "Parent Relationship": "Outer",
                "Parallel Aware": false,
                "Join Type": "Inner",
                "Startup Cost": 70782.0,
                "Total Cost": 104288.98,
                "Plan Rows": 7092,
                "Plan Width": 0,
                "Actual Startup Time": 176.435,
                "Actual Total Time": 279.133,
                "Actual Rows": 6988,
                "Actual Loops": 2,
                "Inner Unique": false,
                "Join Filter": "(t.id = mi.movie_id)",
                "Rows Removed by Join Filter": 0,
                "Plans": [
                  {
                    "Node Type": "Hash Join",
                    "Parent Relationship": "Outer",
                    "Parallel Aware": true,
                    "Join Type": "Inner",
                    "Startup Cost": 70781.56,
                    "Total Cost": 100439.61,
                    "Plan Rows": 1213,
                    "Plan Width": 8,
                    "Actual Startup Time": 176.333,
                    "Actual Total Time": 271.996,
                    "Actual Rows": 352,
                    "Actual Loops": 2,
                    "Inner Unique": true,
                    "Hash Cond": "(mk.movie_id = t.id)",
                    "Plans": [
                      {
                        "Node Type": "Bitmap Heap Scan",
                        "Parent Relationship": "Outer",
                        "Parallel Aware": true,
                        "Relation Name": "movie_keyword",
                        "Alias": "mk",
                        "Startup Cost": 12409.55,
                        "Total Cost": 41164.41,
                        "Plan Rows": 344069,
                        "Plan Width": 4,
                        "Actual Startup Time": 35.273,
                        "Actual Total Time": 106.937,
                        "Actual Rows": 287210,
                        "Actual Loops": 2,
                        "Recheck Cond": "(keyword_id > 31971)",
                        "Rows Removed by Index Recheck": 0,
                        "Exact Heap Blocks": 14026,
                        "Lossy Heap Blocks": 0,
                        "Plans": [
                          {
                            "Node Type": "Bitmap Index Scan",
                            "Parent Relationship": "Outer",
                            "Parallel Aware": false,
                            "Index Name": "keyword_id_movie_keyword",
                            "Startup Cost": 0.0,
                            "Total Cost": 12263.32,
                            "Plan Rows": 584918,
                            "Plan Width": 0,
                            "Actual Startup Time": 31.776,
                            "Actual Total Time": 31.777,
                            "Actual Rows": 574420,
                            "Actual Loops": 1,
                            "Index Cond": "(keyword_id > 31971)"
                          }
                        ]
                      },
                      {
                        "Node Type": "Hash",
                        "Parent Relationship": "Inner",
                        "Parallel Aware": true,
                        "Startup Cost": 58306.47,
                        "Total Cost": 58306.47,
                        "Plan Rows": 5244,
                        "Plan Width": 4,
                        "Actual Startup Time": 139.685,
                        "Actual Total Time": 139.686,
                        "Actual Rows": 4409,
                        "Actual Loops": 2,
                        "Hash Buckets": 16384,
                        "Original Hash Buckets": 16384,
                        "Hash Batches": 1,
                        "Original Hash Batches": 1,
                        "Peak Memory Usage": 512,
                        "Plans": [
                          {
                            "Node Type": "Seq Scan",
                            "Parent Relationship": "Outer",
                            "Parallel Aware": true,
                            "Relation Name": "title",
                            "Alias": "t",
                            "Startup Cost": 0.0,
                            "Total Cost": 58306.47,
                            "Plan Rows": 5244,
                            "Plan Width": 4,
                            "Actual Startup Time": 0.092,
                            "Actual Total Time": 137.969,
                            "Actual Rows": 4409,
                            "Actual Loops": 2,
                            "Filter": "((kind_id = 7) AND (production_year = 1967))",
                            "Rows Removed by Filter": 1259747
                          }
                        ]
                      }
                    ]
                  },
                  {
                    "Node Type": "Index Only Scan",
                    "Parent Relationship": "Inner",
                    "Parallel Aware": false,
                    "Scan Direction": "Forward",
                    "Index Name": "movie_id_movie_info",
                    "Relation Name": "movie_info",
                    "Alias": "mi",
                    "Startup Cost": 0.43,
                    "Total Cost": 2.65,
                    "Plan Rows": 42,
                    "Plan Width": 4,
                    "Actual Startup Time": 0.006,
                    "Actual Total Time": 0.018,
                    "Actual Rows": 20,
                    "Actual Loops": 705,
                    "Index Cond": "(movie_id = mk.movie_id)",
                    "Rows Removed by Index Recheck": 0,
                    "Heap Fetches": 13976
                  }
                ]
              }
            ]
          }
        ]
      }
    ]
  },
  "Planning Time": 0.958,
  "Triggers": [],
  "Execution Time": 301.175
}