{
  "Plan": {
    "Node Type": "Aggregate",
    "Strategy": "Plain",
    "Partial Mode": "Finalize",
    "Parallel Aware": false,
    "Startup Cost": 1121726.13,
    "Total Cost": 1121726.14,
    "Plan Rows": 1,
    "Plan Width": 8,
    "Actual Startup Time": 12856.07,
    "Actual Total Time": 12944.787,
    "Actual Rows": 1,
    "Actual Loops": 1,
    "Plans": [
      {
        "Node Type": "Gather",
        "Parent Relationship": "Outer",
        "Parallel Aware": false,
        "Startup Cost": 1121726.02,
        "Total Cost": 1121726.13,
        "Plan Rows": 1,
        "Plan Width": 8,
        "Actual Startup Time": 12847.489,
        "Actual Total Time": 12944.776,
        "Actual Rows": 2,
        "Actual Loops": 1,
        "Workers Planned": 1,
        "Workers Launched": 1,
        "Single Copy": false,
        "Plans": [
          {
            "Node Type": "Aggregate",
            "Strategy": "Plain",
            "Partial Mode": "Partial",
            "Parent Relationship": "Outer",
            "Parallel Aware": false,
            "Startup Cost": 1120726.02,
            "Total Cost": 1120726.03,
            "Plan Rows": 1,
            "Plan Width": 8,
            "Actual Startup Time": 12829.835,
            "Actual Total Time": 12830.234,
            "Actual Rows": 1,
            "Actual Loops": 2,
            "Plans": [
              {
                "Node Type": "Hash Join",
                "Parent Relationship": "Outer",
                "Parallel Aware": true,
                "Join Type": "Inner",
                "Startup Cost": 616350.04,
                "Total Cost": 1076968.37,
                "Plan Rows": 17503058,
                "Plan Width": 0,
                "Actual Startup Time": 5772.609,
                "Actual Total Time": 11599.271,
                "Actual Rows": 31201512,
                "Actual Loops": 2,
                "Inner Unique": false,
                "Hash Cond": "(mi.movie_id = t.id)",
                "Plans": [
                  {
                    "Node Type": "Seq Scan",
                    "Parent Relationship": "Outer",
                    "Parallel Aware": true,
                    "Relation Name": "movie_info",
                    "Alias": "mi",
                    "Startup Cost": 0.0,
                    "Total Cost": 248955.74,
                    "Plan Rows": 8696274,
                    "Plan Width": 4,
                    "Actual Startup Time": 0.016,
                    "Actual Total Time": 610.409,
                    "Actual Rows": 7417860,
                    "Actual Loops": 2
                  },
                  {
                    "Node Type": "Hash",
                    "Parent Relationship": "Inner",
                    "Parallel Aware": true,
                    "Startup Cost": 578933.02,
                    "Total Cost": 578933.02,
                    "Plan Rows": 2993362,
                    "Plan Width": 8,
                    "Actual Startup Time": 5737.121,
                    "Actual Total Time": 5737.52,
                    "Actual Rows": 1993339,
                    "Actual Loops": 2,
                    "Hash Buckets": 8388608,
                    "Original Hash Buckets": 8388608,
                    "Hash Batches": 1,
                    "Original Hash Batches": 1,
                    "Peak Memory Usage": 221536,
                    "Plans": [
                      {
                        "Node Type": "Hash Join",
                        "Parent Relationship": "Outer",
                        "Parallel Aware": true,
                        "Join Type": "Inner",
                        "Startup Cost": 57199.66,
                        "Total Cost": 578933.02,
                        "Plan Rows": 2993362,
                        "Plan Width": 8,
                        "Actual Startup Time": 203.657,
                        "Actual Total Time": 4987.332,
                        "Actual Rows": 1993339,
                        "Actual Loops": 2,
                        "Inner Unique": true,
                        "Hash Cond": "(ci.movie_id = t.id)",
                        "Plans": [
                          {
                            "Node Type": "Seq Scan",
                            "Parent Relationship": "Outer",
                            "Parallel Aware": true,
                            "Relation Name": "cast_info",
                            "Alias": "ci",
                            "Startup Cost": 0.0,
                            "Total Cost": 465792.95,
                            "Plan Rows": 21310595,
                            "Plan Width": 4,
                            "Actual Startup Time": 0.015,
                            "Actual Total Time": 1411.351,
                            "Actual Rows": 18122172,
                            "Actual Loops": 2
                          },
                          {
                            "Node Type": "Hash",
                            "Parent Relationship": "Inner",
                            "Parallel Aware": true,
                            "Startup Cost": 54588.39,
                            "Total Cost": 54588.39,
                            "Plan Rows": 208902,
                            "Plan Width": 4,
                            "Actual Startup Time": 202.084,
                            "Actual Total Time": 202.085,
                            "Actual Rows": 183215,
                            "Actual Loops": 2,
                            "Hash Buckets": 524288,
                            "Original Hash Buckets": 524288,
                            "Hash Batches": 1,
                            "Original Hash Batches": 1,
                            "Peak Memory Usage": 18464,
                            "Plans": [
                              {
                                "Node Type": "Seq Scan",
                                "Parent Relationship": "Outer",
                                "Parallel Aware": true,
                                "Relation Name": "title",
                                "Alias": "t",
                                "Startup Cost": 0.0,
                                "Total Cost": 54588.39,
                                "Plan Rows": 208902,
                                "Plan Width": 4,
                                "Actual Startup Time": 0.034,
                                "Actual Total Time": 150.359,
                                "Actual Rows": 183215,
                                "Actual Loops": 2,
                                "Filter": "(production_year < 1970)",
                                "Rows Removed by Filter": 1080941
                              }
                            ]
                          }
                        ]
                      }
                    ]
                  }
                ]
              }
            ]
          }
        ]
      }
    ]
  },
  "Planning Time": 0.881,
  "Triggers": [],
  "Execution Time": 12944.913
}