{
  "Plan": {
    "Node Type": "Aggregate",
    "Strategy": "Plain",
    "Partial Mode": "Finalize",
    "Parallel Aware": false,
    "Startup Cost": 97548.19,
    "Total Cost": 97548.2,
    "Plan Rows": 1,
    "Plan Width": 8,
    "Actual Startup Time": 341.828,
    "Actual Total Time": 354.374,
    "Actual Rows": 1,
    "Actual Loops": 1,
    "Plans": [
      {
        "Node Type": "Gather",
        "Parent Relationship": "Outer",
        "Parallel Aware": false,
        "Startup Cost": 97548.08,
        "Total Cost": 97548.19,
        "Plan Rows": 1,
        "Plan Width": 8,
        "Actual Startup Time": 341.645,
        "Actual Total Time": 354.365,
        "Actual Rows": 2,
        "Actual Loops": 1,
        "Workers Planned": 1,
        "Workers Launched": 1,
        "Single Copy": false,
        "Plans": [
          {
            "Node Type": "Aggregate",
            "Strategy": "Plain",
            "Partial Mode": "Partial",
            "Parent Relationship": "Outer",
            "Parallel Aware": false,
            "Startup Cost": 96548.08,
            "Total Cost": 96548.09,
            "Plan Rows": 1,
            "Plan Width": 8,
            "Actual Startup Time": 336.063,
            "Actual Total Time": 336.066,
            "Actual Rows": 1,
            "Actual Loops": 2,
            "Plans": [
              {
                "Node Type": "Hash Join",
                "Parent Relationship": "Outer",
                "Parallel Aware": true,
                "Join Type": "Inner",
                "Startup Cost": 58368.62,
                "Total Cost": 96535.25,
                "Plan Rows": 5131,
                "Plan Width": 0,
                "Actual Startup Time": 143.949,
                "Actual Total Time": 335.87,
                "Actual Rows": 4318,
                "Actual Loops": 2,
                "Inner Unique": true,
                "Hash Cond": "(mc.movie_id = t.id)",
                "Plans": [
                  {
                    "Node Type": "Seq Scan",
                    "Parent Relationship": "Outer",
                    "Parallel Aware": true,
                    "Relation Name": "movie_companies",
                    "Alias": "mc",
                    "Startup Cost": 0.0,
                    "Total Cost": 34137.82,
                    "Plan Rows": 1534782,
                    "Plan Width": 4,
                    "Actual Startup Time": 0.013,
                    "Actual Total Time": 97.579,
                    "Actual Rows": 1304564,
                    "Actual Loops": 2
                  },
                  {
                    "Node Type": "Hash",
                    "Parent Relationship": "Inner",
                    "Parallel Aware": true,
                    "Startup Cost": 58306.47,
                    "Total Cost": 58306.47,
                    "Plan Rows": 4972,
                    "Plan Width": 4,
                    "Actual Startup Time": 142.537,
                    "Actual Total Time": 142.538,
                    "Actual Rows": 3912,
                    "Actual Loops": 2,
                    "Hash Buckets": 16384,
                    "Original Hash Buckets": 16384,
                    "Hash Batches": 1,
                    "Original Hash Batches": 1,
                    "Peak Memory Usage": 448,
                    "Plans": [
                      {
                        "Node Type": "Seq Scan",
                        "Parent Relationship": "Outer",
                        "Parallel Aware": true,
                        "Relation Name": "title",
                        "Alias": "t",
                        "Startup Cost": 0.0,
                        "Total Cost": 58306.47,
                        "Plan Rows": 4972,
                        "Plan Width": 4,
                        "Actual Startup Time": 0.33,
                        "Actual Total Time": 140.775,
                        "Actual Rows": 3912,
                        "Actual Loops": 2,
                        "Filter": "((kind_id = 7) AND (production_year = 1965))",
                        "Rows Removed by Filter": 1260244
                      }
                    ]
                  }
                ]
              }
            ]
          }
        ]
      }
    ]
  },
  "Planning Time": 0.441,
  "Triggers": [],
  "Execution Time": 354.445
}