[
  {
    "Plan": {
      "Node Type": "Aggregate",
      "Strategy": "Plain",
      "Partial Mode": "Finalize",
      "Parallel Aware": false,
      "Startup Cost": 39152.58,
      "Total Cost": 39152.59,
      "Plan Rows": 1,
      "Plan Width": 8,
      "Actual Startup Time": 190.788,
      "Actual Total Time": 209.308,
      "Actual Rows": 1,
      "Actual Loops": 1,
      "Plans": [
        {
          "Node Type": "Gather",
          "Parent Relationship": "Outer",
          "Parallel Aware": false,
          "Startup Cost": 39152.36,
          "Total Cost": 39152.57,
          "Plan Rows": 2,
          "Plan Width": 8,
          "Actual Startup Time": 186.748,
          "Actual Total Time": 209.291,
          "Actual Rows": 3,
          "Actual Loops": 1,
          "Workers Planned": 2,
          "Workers Launched": 2,
          "Single Copy": false,
          "Plans": [
            {
              "Node Type": "Aggregate",
              "Strategy": "Plain",
              "Partial Mode": "Partial",
              "Parent Relationship": "Outer",
              "Parallel Aware": false,
              "Startup Cost": 38152.36,
              "Total Cost": 38152.37,
              "Plan Rows": 1,
              "Plan Width": 8,
              "Actual Startup Time": 180.419,
              "Actual Total Time": 180.426,
              "Actual Rows": 1,
              "Actual Loops": 3,
              "Plans": [
                {
                  "Node Type": "Nested Loop",
                  "Parent Relationship": "Outer",
                  "Parallel Aware": false,
                  "Join Type": "Inner",
                  "Startup Cost": 17721.69,
                  "Total Cost": 38150.72,
                  "Plan Rows": 657,
                  "Plan Width": 0,
                  "Actual Startup Time": 145.5,
                  "Actual Total Time": 180.174,
                  "Actual Rows": 1356,
                  "Actual Loops": 3,
                  "Inner Unique": true,
                  "Plans": [
                    {
                      "Node Type": "Hash Join",
                      "Parent Relationship": "Outer",
                      "Parallel Aware": true,
                      "Join Type": "Inner",
                      "Startup Cost": 17721.26,
                      "Total Cost": 35046.39,
                      "Plan Rows": 3715,
                      "Plan Width": 8,
                      "Actual Startup Time": 145.343,
                      "Actual Total Time": 161.577,
                      "Actual Rows": 1356,
                      "Actual Loops": 3,
                      "Inner Unique": false,
                      "Hash Cond": "(mk.movie_id = mi_idx.movie_id)",
                      "Plans": [
                        {
                          "Node Type": "Bitmap Heap Scan",
                          "Parent Relationship": "Outer",
                          "Parallel Aware": true,
                          "Relation Name": "movie_keyword",
                          "Alias": "mk",
                          "Startup Cost": 183.04,
                          "Total Cost": 17479.26,
                          "Plan Rows": 3581,
                          "Plan Width": 4,
                          "Actual Startup Time": 4.809,
                          "Actual Total Time": 16.727,
                          "Actual Rows": 2263,
                          "Actual Loops": 3,
                          "Recheck Cond": "(keyword_id = 495)",
                          "Rows Removed by Index Recheck": 0,
                          "Exact Heap Blocks": 3071,
                          "Lossy Heap Blocks": 0,
                          "Plans": [
                            {
                              "Node Type": "Bitmap Index Scan",
                              "Parent Relationship": "Outer",
                              "Parallel Aware": false,
                              "Index Name": "keyword_id_movie_keyword",
                              "Startup Cost": 0.0,
                              "Total Cost": 180.89,
                              "Plan Rows": 8595,
                              "Plan Width": 0,
                              "Actual Startup Time": 3.635,
                              "Actual Total Time": 3.635,
                              "Actual Rows": 6790,
                              "Actual Loops": 1,
                              "Index Cond": "(keyword_id = 495)"
                            }
                          ]
                        },
                        {
                          "Node Type": "Hash",
                          "Parent Relationship": "Inner",
                          "Parallel Aware": true,
                          "Startup Cost": 15122.68,
                          "Total Cost": 15122.68,
                          "Plan Rows": 193243,
                          "Plan Width": 4,
                          "Actual Startup Time": 136.927,
                          "Actual Total Time": 136.929,
                          "Actual Rows": 153308,
                          "Actual Loops": 3,
                          "Hash Buckets": 524288,
                          "Original Hash Buckets": 524288,
                          "Hash Batches": 1,
                          "Original Hash Batches": 1,
                          "Peak Memory Usage": 22144,
                          "Plans": [
                            {
                              "Node Type": "Seq Scan",
                              "Parent Relationship": "Outer",
                              "Parallel Aware": true,
                              "Relation Name": "movie_info_idx",
                              "Alias": "mi_idx",
                              "Startup Cost": 0.0,
                              "Total Cost": 15122.68,
                              "Plan Rows": 193243,
                              "Plan Width": 4,
                              "Actual Startup Time": 0.057,
                              "Actual Total Time": 71.432,
                              "Actual Rows": 153308,
                              "Actual Loops": 3,
                              "Filter": "(info_type_id = 101)",
                              "Rows Removed by Filter": 306703
                            }
                          ]
                        }
                      ]
                    },
                    {
                      "Node Type": "Index Only Scan",
                      "Parent Relationship": "Inner",
                      "Parallel Aware": false,
                      "Scan Direction": "Forward",
                      "Index Name": "title_pkey",
                      "Relation Name": "title",
                      "Alias": "t",
                      "Startup Cost": 0.43,
                      "Total Cost": 0.84,
                      "Plan Rows": 1,
                      "Plan Width": 4,
                      "Actual Startup Time": 0.013,
                      "Actual Total Time": 0.013,
                      "Actual Rows": 1,
                      "Actual Loops": 4068,
                      "Index Cond": "(id = mi_idx.movie_id)",
                      "Rows Removed by Index Recheck": 0,
                      "Heap Fetches": 4068
                    }
                  ]
                }
              ]
            }
          ]
        }
      ]
    },
    "Planning Time": 1.096,
    "Triggers": [],
    "Execution Time": 209.413
  }
]