[
  {
    "Plan": {
      "Node Type": "Aggregate",
      "Strategy": "Plain",
      "Partial Mode": "Finalize",
      "Parallel Aware": false,
      "Startup Cost": 46717.11,
      "Total Cost": 46717.12,
      "Plan Rows": 1,
      "Plan Width": 8,
      "Actual Startup Time": 205.203,
      "Actual Total Time": 218.191,
      "Actual Rows": 1,
      "Actual Loops": 1,
      "Plans": [
        {
          "Node Type": "Gather",
          "Parent Relationship": "Outer",
          "Parallel Aware": false,
          "Startup Cost": 46716.8,
          "Total Cost": 46717.11,
          "Plan Rows": 3,
          "Plan Width": 8,
          "Actual Startup Time": 205.072,
          "Actual Total Time": 218.182,
          "Actual Rows": 4,
          "Actual Loops": 1,
          "Workers Planned": 3,
          "Workers Launched": 3,
          "Single Copy": false,
          "Plans": [
            {
              "Node Type": "Aggregate",
              "Strategy": "Plain",
              "Partial Mode": "Partial",
              "Parent Relationship": "Outer",
              "Parallel Aware": false,
              "Startup Cost": 45716.8,
              "Total Cost": 45716.81,
              "Plan Rows": 1,
              "Plan Width": 8,
              "Actual Startup Time": 200.784,
              "Actual Total Time": 200.785,
              "Actual Rows": 1,
              "Actual Loops": 4,
              "Plans": [
                {
                  "Node Type": "Seq Scan",
                  "Parent Relationship": "Outer",
                  "Parallel Aware": true,
                  "Relation Name": "movie_keyword",
                  "Alias": "mk",
                  "Startup Cost": 0.0,
                  "Total Cost": 42695.65,
                  "Plan Rows": 1208457,
                  "Plan Width": 0,
                  "Actual Startup Time": 0.078,
                  "Actual Total Time": 149.762,
                  "Actual Rows": 933134,
                  "Actual Loops": 4,
                  "Filter": "(keyword_id > 762)",
                  "Rows Removed by Filter": 197848
                }
              ]
            }
          ]
        }
      ]
    },
    "Planning Time": 0.123,
    "Triggers": [],
    "Execution Time": 218.231
  }
]