[
  {
    "Plan": {
      "Node Type": "Aggregate",
      "Strategy": "Plain",
      "Partial Mode": "Finalize",
      "Parallel Aware": false,
      "Startup Cost": 765131.09,
      "Total Cost": 765131.1,
      "Plan Rows": 1,
      "Plan Width": 64,
      "Actual Startup Time": 3999.209,
      "Actual Total Time": 4095.371,
      "Actual Rows": 1,
      "Actual Loops": 1,
      "Plans": [
        {
          "Node Type": "Gather",
          "Parent Relationship": "Outer",
          "Parallel Aware": false,
          "Startup Cost": 765130.97,
          "Total Cost": 765131.08,
          "Plan Rows": 1,
          "Plan Width": 64,
          "Actual Startup Time": 3998.806,
          "Actual Total Time": 4095.363,
          "Actual Rows": 2,
          "Actual Loops": 1,
          "Workers Planned": 1,
          "Workers Launched": 1,
          "Single Copy": false,
          "Plans": [
            {
              "Node Type": "Aggregate",
              "Strategy": "Plain",
              "Partial Mode": "Partial",
              "Parent Relationship": "Outer",
              "Parallel Aware": false,
              "Startup Cost": 764130.97,
              "Total Cost": 764130.98,
              "Plan Rows": 1,
              "Plan Width": 64,
              "Actual Startup Time": 3991.805,
              "Actual Total Time": 3991.831,
              "Actual Rows": 1,
              "Actual Loops": 2,
              "Plans": [
                {
                  "Node Type": "Hash Join",
                  "Parent Relationship": "Outer",
                  "Parallel Aware": true,
                  "Join Type": "Inner",
                  "Startup Cost": 759220.42,
                  "Total Cost": 764130.97,
                  "Plan Rows": 1,
                  "Plan Width": 32,
                  "Actual Startup Time": 3975.133,
                  "Actual Total Time": 3991.808,
                  "Actual Rows": 4,
                  "Actual Loops": 2,
                  "Inner Unique": false,
                  "Hash Cond": "(cn.id = mc.company_id)",
                  "Plans": [
                    {
                      "Node Type": "Seq Scan",
                      "Parent Relationship": "Outer",
                      "Parallel Aware": true,
                      "Relation Name": "company_name",
                      "Alias": "cn",
                      "Startup Cost": 0.0,
                      "Total Cost": 4722.92,
                      "Plan Rows": 50031,
                      "Plan Width": 4,
                      "Actual Startup Time": 0.027,
                      "Actual Total Time": 17.316,
                      "Actual Rows": 42422,
                      "Actual Loops": 2,
                      "Filter": "((country_code)::text = '[us]'::text)",
                      "Rows Removed by Filter": 75077
                    },
                    {
                      "Node Type": "Hash",
                      "Parent Relationship": "Inner",
                      "Parallel Aware": true,
                      "Startup Cost": 759220.4,
                      "Total Cost": 759220.4,
                      "Plan Rows": 2,
                      "Plan Width": 36,
                      "Actual Startup Time": 3971.326,
                      "Actual Total Time": 3971.35,
                      "Actual Rows": 17,
                      "Actual Loops": 2,
                      "Hash Buckets": 1024,
                      "Original Hash Buckets": 1024,
                      "Hash Batches": 1,
                      "Original Hash Batches": 1,
                      "Peak Memory Usage": 72,
                      "Plans": [
                        {
                          "Node Type": "Hash Join",
                          "Parent Relationship": "Outer",
                          "Parallel Aware": true,
                          "Join Type": "Inner",
                          "Startup Cost": 728857.64,
                          "Total Cost": 759220.4,
                          "Plan Rows": 2,
                          "Plan Width": 36,
                          "Actual Startup Time": 3836.453,
                          "Actual Total Time": 3971.297,
                          "Actual Rows": 17,
                          "Actual Loops": 2,
                          "Inner Unique": false,
                          "Hash Cond": "(mc.movie_id = t.id)",
                          "Plans": [
                            {
                              "Node Type": "Seq Scan",
                              "Parent Relationship": "Outer",
                              "Parallel Aware": true,
                              "Relation Name": "movie_companies",
                              "Alias": "mc",
                              "Startup Cost": 0.0,
                              "Total Cost": 27206.55,
                              "Plan Rows": 841655,
                              "Plan Width": 8,
                              "Actual Startup Time": 0.01,
                              "Actual Total Time": 149.312,
                              "Actual Rows": 1304564,
                              "Actual Loops": 2
                            },
                            {
                              "Node Type": "Hash",
                              "Parent Relationship": "Inner",
                              "Parallel Aware": true,
                              "Startup Cost": 728857.62,
                              "Total Cost": 728857.62,
                              "Plan Rows": 1,
                              "Plan Width": 44,
                              "Actual Startup Time": 3741.278,
                              "Actual Total Time": 3741.3,
                              "Actual Rows": 1,
                              "Actual Loops": 2,
                              "Hash Buckets": 1024,
                              "Original Hash Buckets": 1024,
                              "Hash Batches": 1,
                              "Original Hash Batches": 1,
                              "Peak Memory Usage": 40,
                              "Plans": [
                                {
                                  "Node Type": "Hash Join",
                                  "Parent Relationship": "Outer",
                                  "Parallel Aware": true,
                                  "Join Type": "Inner",
                                  "Startup Cost": 684513.9,
                                  "Total Cost": 728857.62,
                                  "Plan Rows": 1,
                                  "Plan Width": 44,
                                  "Actual Startup Time": 3724.891,
                                  "Actual Total Time": 3741.264,
                                  "Actual Rows": 1,
                                  "Actual Loops": 2,
                                  "Inner Unique": false,
                                  "Hash Cond": "(t.id = mi.movie_id)",
                                  "Plans": [
                                    {
                                      "Node Type": "Seq Scan",
                                      "Parent Relationship": "Outer",
                                      "Parallel Aware": true,
                                      "Relation Name": "title",
                                      "Alias": "t",
                                      "Startup Cost": 0.0,
                                      "Total Cost": 43898.97,
                                      "Plan Rows": 118596,
                                      "Plan Width": 21,
                                      "Actual Startup Time": 0.009,
                                      "Actual Total Time": 155.706,
                                      "Actual Rows": 239800,
                                      "Actual Loops": 2,
                                      "Filter": "(production_year < 1978)",
                                      "Rows Removed by Filter": 1024356
                                    },
                                    {
                                      "Node Type": "Hash",
                                      "Parent Relationship": "Inner",
                                      "Parallel Aware": true,
                                      "Startup Cost": 684513.89,
                                      "Total Cost": 684513.89,
                                      "Plan Rows": 1,
                                      "Plan Width": 23,
                                      "Actual Startup Time": 3564.449,
                                      "Actual Total Time": 3564.47,
                                      "Actual Rows": 1956,
                                      "Actual Loops": 2,
                                      "Hash Buckets": 4096,
                                      "Original Hash Buckets": 1024,
                                      "Hash Batches": 1,
                                      "Original Hash Batches": 1,
                                      "Peak Memory Usage": 312,
                                      "Plans": [
                                        {
                                          "Node Type": "Hash Join",
                                          "Parent Relationship": "Outer",
                                          "Parallel Aware": true,
                                          "Join Type": "Inner",
                                          "Startup Cost": 637270.48,
                                          "Total Cost": 684513.89,
                                          "Plan Rows": 1,
                                          "Plan Width": 23,
                                          "Actual Startup Time": 3226.219,
                                          "Actual Total Time": 3515.963,
                                          "Actual Rows": 1956,
                                          "Actual Loops": 2,
                                          "Inner Unique": false,
                                          "Hash Cond": "(chn.id = ci.person_role_id)",
                                          "Plans": [
                                            {
                                              "Node Type": "Seq Scan",
                                              "Parent Relationship": "Outer",
                                              "Parallel Aware": true,
                                              "Relation Name": "char_name",
                                              "Alias": "chn",
                                              "Startup Cost": 0.0,
                                              "Total Cost": 44299.2,
                                              "Plan Rows": 785120,
                                              "Plan Width": 4,
                                              "Actual Startup Time": 0.014,
                                              "Actual Total Time": 170.06,
                                              "Actual Rows": 1570170,
                                              "Actual Loops": 2
                                            },
                                            {
                                              "Node Type": "Hash",
                                              "Parent Relationship": "Inner",
                                              "Parallel Aware": true,
                                              "Startup Cost": 637270.47,
                                              "Total Cost": 637270.47,
                                              "Plan Rows": 1,
                                              "Plan Width": 27,
                                              "Actual Startup Time": 3225.803,
                                              "Actual Total Time": 3225.816,
                                              "Actual Rows": 2007,
                                              "Actual Loops": 2,
                                              "Hash Buckets": 4096,
                                              "Original Hash Buckets": 1024,
                                              "Hash Batches": 1,
                                              "Original Hash Batches": 1,
                                              "Peak Memory Usage": 312,
                                              "Plans": [
                                                {
                                                  "Node Type": "Hash Join",
                                                  "Parent Relationship": "Outer",
                                                  "Parallel Aware": true,
                                                  "Join Type": "Inner",
                                                  "Startup Cost": 430477.83,
                                                  "Total Cost": 637270.47,
                                                  "Plan Rows": 1,
                                                  "Plan Width": 27,
                                                  "Actual Startup Time": 2426.819,
                                                  "Actual Total Time": 3190.557,
                                                  "Actual Rows": 2007,
                                                  "Actual Loops": 2,
                                                  "Inner Unique": false,
                                                  "Hash Cond": "(mi.movie_id = ci.movie_id)",
                                                  "Plans": [
                                                    {
                                                      "Node Type": "Hash Join",
                                                      "Parent Relationship": "Outer",
                                                      "Parallel Aware": false,
                                                      "Join Type": "Inner",
                                                      "Startup Cost": 2.43,
                                                      "Total Cost": 206792.98,
                                                      "Plan Rows": 553,
                                                      "Plan Width": 4,
                                                      "Actual Startup Time": 233.823,
                                                      "Actual Total Time": 978.677,
                                                      "Actual Rows": 225520,
                                                      "Actual Loops": 2,
                                                      "Inner Unique": true,
                                                      "Hash Cond": "(mi.info_type_id = it.id)",
                                                      "Plans": [
                                                        {
                                                          "Node Type": "Seq Scan",
                                                          "Parent Relationship": "Outer",
                                                          "Parallel Aware": true,
                                                          "Relation Name": "movie_info",
                                                          "Alias": "mi",
                                                          "Startup Cost": 0.0,
                                                          "Total Cost": 206620.5,
                                                          "Plan Rows": 62439,
                                                          "Plan Width": 8,
                                                          "Actual Startup Time": 94.637,
                                                          "Actual Total Time": 947.732,
                                                          "Actual Rows": 225552,
                                                          "Actual Loops": 2,
                                                          "Filter": "((info IS NOT NULL) AND ((info ~~ 'Japan:%200%'::text) OR (info ~~ 'USA:%200%'::text)))",
                                                          "Rows Removed by Filter": 7192308
                                                        },
                                                        {
                                                          "Node Type": "Hash",
                                                          "Parent Relationship": "Inner",
                                                          "Parallel Aware": false,
                                                          "Startup Cost": 2.41,
                                                          "Total Cost": 2.41,
                                                          "Plan Rows": 1,
                                                          "Plan Width": 4,
                                                          "Actual Startup Time": 0.045,
                                                          "Actual Total Time": 0.047,
                                                          "Actual Rows": 1,
                                                          "Actual Loops": 2,
                                                          "Hash Buckets": 1024,
                                                          "Original Hash Buckets": 1024,
                                                          "Hash Batches": 1,
                                                          "Original Hash Batches": 1,
                                                          "Peak Memory Usage": 9,
                                                          "Plans": [
                                                            {
                                                              "Node Type": "Seq Scan",
                                                              "Parent Relationship": "Outer",
                                                              "Parallel Aware": false,
                                                              "Relation Name": "info_type",
                                                              "Alias": "it",
                                                              "Startup Cost": 0.0,
                                                              "Total Cost": 2.41,
                                                              "Plan Rows": 1,
                                                              "Plan Width": 4,
                                                              "Actual Startup Time": 0.034,
                                                              "Actual Total Time": 0.04,
                                                              "Actual Rows": 1,
                                                              "Actual Loops": 2,
                                                              "Filter": "((info)::text = 'release dates'::text)",
                                                              "Rows Removed by Filter": 112
                                                            }
                                                          ]
                                                        }
                                                      ]
                                                    },
                                                    {
                                                      "Node Type": "Hash",
                                                      "Parent Relationship": "Inner",
                                                      "Parallel Aware": true,
                                                      "Startup Cost": 430471.25,
                                                      "Total Cost": 430471.25,
                                                      "Plan Rows": 333,
                                                      "Plan Width": 23,
                                                      "Actual Startup Time": 2190.37,
                                                      "Actual Total Time": 2190.378,
                                                      "Actual Rows": 4102,
                                                      "Actual Loops": 2,
                                                      "Hash Buckets": 8192,
                                                      "Original Hash Buckets": 2048,
                                                      "Hash Batches": 1,
                                                      "Original Hash Batches": 1,
                                                      "Peak Memory Usage": 624,
                                                      "Plans": [
                                                        {
                                                          "Node Type": "Hash Join",
                                                          "Parent Relationship": "Outer",
                                                          "Parallel Aware": false,
                                                          "Join Type": "Inner",
                                                          "Startup Cost": 86503.32,
                                                          "Total Cost": 430471.25,
                                                          "Plan Rows": 333,
                                                          "Plan Width": 23,
                                                          "Actual Startup Time": 992.43,
                                                          "Actual Total Time": 2178.605,
                                                          "Actual Rows": 4102,
                                                          "Actual Loops": 2,
                                                          "Inner Unique": true,
                                                          "Hash Cond": "(ci.role_id = rt.id)",
                                                          "Plans": [
                                                            {
                                                              "Node Type": "Hash Join",
                                                              "Parent Relationship": "Outer",
                                                              "Parallel Aware": true,
                                                              "Join Type": "Inner",
                                                              "Startup Cost": 86502.16,
                                                              "Total Cost": 430455.9,
                                                              "Plan Rows": 3992,
                                                              "Plan Width": 27,
                                                              "Actual Startup Time": 992.344,
                                                              "Actual Total Time": 2177.903,
                                                              "Actual Rows": 4102,
                                                              "Actual Loops": 2,
                                                              "Inner Unique": false,
                                                              "Hash Cond": "(ci.person_id = n.id)",
                                                              "Plans": [
                                                                {
                                                                  "Node Type": "Seq Scan",
                                                                  "Parent Relationship": "Outer",
                                                                  "Parallel Aware": true,
                                                                  "Relation Name": "cast_info",
                                                                  "Alias": "ci",
                                                                  "Startup Cost": 0.0,
                                                                  "Total Cost": 343409.74,
                                                                  "Plan Rows": 144753,
                                                                  "Plan Width": 16,
                                                                  "Actual Startup Time": 0.026,
                                                                  "Actual Total Time": 1706.546,
                                                                  "Actual Rows": 433738,
                                                                  "Actual Loops": 2,
                                                                  "Filter": "(note = ANY ('{(voice),\"(voice: Japanese version)\",\"(voice) (uncredited)\",\"(voice: English version)\"}'::text[]))",
                                                                  "Rows Removed by Filter": 17688434
                                                                },
                                                                {
                                                                  "Node Type": "Hash",
                                                                  "Parent Relationship": "Inner",
                                                                  "Parallel Aware": true,
                                                                  "Startup Cost": 86459.75,
                                                                  "Total Cost": 86459.75,
                                                                  "Plan Rows": 3393,
                                                                  "Plan Width": 23,
                                                                  "Actual Startup Time": 437.098,
                                                                  "Actual Total Time": 437.102,
                                                                  "Actual Rows": 5262,
                                                                  "Actual Loops": 2,
                                                                  "Hash Buckets": 16384,
                                                                  "Original Hash Buckets": 16384,
                                                                  "Hash Batches": 1,
                                                                  "Original Hash Batches": 1,
                                                                  "Peak Memory Usage": 800,
                                                                  "Plans": [
                                                                    {
                                                                      "Node Type": "Hash Join",
                                                                      "Parent Relationship": "Outer",
                                                                      "Parallel Aware": true,
                                                                      "Join Type": "Inner",
                                                                      "Startup Cost": 71392.95,
                                                                      "Total Cost": 86459.75,
                                                                      "Plan Rows": 3393,
                                                                      "Plan Width": 23,
                                                                      "Actual Startup Time": 313.347,
                                                                      "Actual Total Time": 434.739,
                                                                      "Actual Rows": 5262,
                                                                      "Actual Loops": 2,
                                                                      "Inner Unique": true,
                                                                      "Hash Cond": "(an.person_id = n.id)",
                                                                      "Plans": [
                                                                        {
                                                                          "Node Type": "Seq Scan",
                                                                          "Parent Relationship": "Outer",
                                                                          "Parallel Aware": true,
                                                                          "Relation Name": "aka_name",
                                                                          "Alias": "an",
                                                                          "Startup Cost": 0.0,
                                                                          "Total Cost": 14303.56,
                                                                          "Plan Rows": 290756,
                                                                          "Plan Width": 4,
                                                                          "Actual Startup Time": 0.013,
                                                                          "Actual Total Time": 66.163,
                                                                          "Actual Rows": 450672,
                                                                          "Actual Loops": 2
                                                                        },
                                                                        {
                                                                          "Node Type": "Hash",
                                                                          "Parent Relationship": "Inner",
                                                                          "Parallel Aware": true,
                                                                          "Startup Cost": 71240.99,
                                                                          "Total Cost": 71240.99,
                                                                          "Plan Rows": 12157,
                                                                          "Plan Width": 19,
                                                                          "Actual Startup Time": 312.998,
                                                                          "Actual Total Time": 312.999,
                                                                          "Actual Rows": 25006,
                                                                          "Actual Loops": 2,
                                                                          "Hash Buckets": 65536,
                                                                          "Original Hash Buckets": 65536,
                                                                          "Hash Batches": 1,
                                                                          "Original Hash Batches": 1,
                                                                          "Peak Memory Usage": 3264,
                                                                          "Plans": [
                                                                            {
                                                                              "Node Type": "Seq Scan",
                                                                              "Parent Relationship": "Outer",
                                                                              "Parallel Aware": true,
                                                                              "Relation Name": "name",
                                                                              "Alias": "n",
                                                                              "Startup Cost": 0.0,
                                                                              "Total Cost": 71240.99,
                                                                              "Plan Rows": 12157,
                                                                              "Plan Width": 19,
                                                                              "Actual Startup Time": 132.523,
                                                                              "Actual Total Time": 303.091,
                                                                              "Actual Rows": 25006,
                                                                              "Actual Loops": 2,
                                                                              "Filter": "((name ~~ '%An%'::text) AND ((gender)::text = 'f'::text))",
                                                                              "Rows Removed by Filter": 2058740
                                                                            }
                                                                          ]
                                                                        }
                                                                      ]
                                                                    }
                                                                  ]
                                                                }
                                                              ]
                                                            },
                                                            {
                                                              "Node Type": "Hash",
                                                              "Parent Relationship": "Inner",
                                                              "Parallel Aware": false,
                                                              "Startup Cost": 1.15,
                                                              "Total Cost": 1.15,
                                                              "Plan Rows": 1,
                                                              "Plan Width": 4,
                                                              "Actual Startup Time": 0.054,
                                                              "Actual Total Time": 0.055,
                                                              "Actual Rows": 1,
                                                              "Actual Loops": 2,
                                                              "Hash Buckets": 1024,
                                                              "Original Hash Buckets": 1024,
                                                              "Hash Batches": 1,
                                                              "Original Hash Batches": 1,
                                                              "Peak Memory Usage": 9,
                                                              "Plans": [
                                                                {
                                                                  "Node Type": "Seq Scan",
                                                                  "Parent Relationship": "Outer",
                                                                  "Parallel Aware": false,
                                                                  "Relation Name": "role_type",
                                                                  "Alias": "rt",
                                                                  "Startup Cost": 0.0,
                                                                  "Total Cost": 1.15,
                                                                  "Plan Rows": 1,
                                                                  "Plan Width": 4,
                                                                  "Actual Startup Time": 0.036,
                                                                  "Actual Total Time": 0.039,
                                                                  "Actual Rows": 1,
                                                                  "Actual Loops": 2,
                                                                  "Filter": "((role)::text = 'actress'::text)",
                                                                  "Rows Removed by Filter": 11
                                                                }
                                                              ]
                                                            }
                                                          ]
                                                        }
                                                      ]
                                                    }
                                                  ]
                                                }
                                              ]
                                            }
                                          ]
                                        }
                                      ]
                                    }
                                  ]
                                }
                              ]
                            }
                          ]
                        }
                      ]
                    }
                  ]
                }
              ]
            }
          ]
        }
      ]
    },
    "Planning Time": 40.725,
    "Triggers": [],
    "Execution Time": 4095.831
  }
]