[
  {
    "Plan": {
      "Node Type": "Aggregate",
      "Strategy": "Plain",
      "Partial Mode": "Finalize",
      "Parallel Aware": false,
      "Startup Cost": 33035.87,
      "Total Cost": 33035.88,
      "Plan Rows": 1,
      "Plan Width": 8,
      "Actual Startup Time": 99.9,
      "Actual Total Time": 108.824,
      "Actual Rows": 1,
      "Actual Loops": 1,
      "Plans": [
        {
          "Node Type": "Gather",
          "Parent Relationship": "Outer",
          "Parallel Aware": false,
          "Startup Cost": 33035.55,
          "Total Cost": 33035.86,
          "Plan Rows": 3,
          "Plan Width": 8,
          "Actual Startup Time": 99.726,
          "Actual Total Time": 108.813,
          "Actual Rows": 4,
          "Actual Loops": 1,
          "Workers Planned": 3,
          "Workers Launched": 3,
          "Single Copy": false,
          "Plans": [
            {
              "Node Type": "Aggregate",
              "Strategy": "Plain",
              "Partial Mode": "Partial",
              "Parent Relationship": "Outer",
              "Parallel Aware": false,
              "Startup Cost": 32035.55,
              "Total Cost": 32035.56,
              "Plan Rows": 1,
              "Plan Width": 8,
              "Actual Startup Time": 95.389,
              "Actual Total Time": 95.392,
              "Actual Rows": 1,
              "Actual Loops": 4,
              "Plans": [
                {
                  "Node Type": "Seq Scan",
                  "Parent Relationship": "Outer",
                  "Parallel Aware": true,
                  "Relation Name": "movie_companies",
                  "Alias": "mc",
                  "Startup Cost": 0.0,
                  "Total Cost": 31414.82,
                  "Plan Rows": 248294,
                  "Plan Width": 0,
                  "Actual Startup Time": 0.017,
                  "Actual Total Time": 81.098,
                  "Actual Rows": 268696,
                  "Actual Loops": 4,
                  "Filter": "((company_id < 15631) AND (company_type_id = 1))",
                  "Rows Removed by Filter": 383586
                }
              ]
            }
          ]
        }
      ]
    },
    "Planning Time": 0.185,
    "Triggers": [],
    "Execution Time": 108.871
  }
]