{
  "Plan": {
    "Node Type": "Aggregate",
    "Strategy": "Plain",
    "Partial Mode": "Finalize",
    "Parallel Aware": false,
    "Startup Cost": 23033.2,
    "Total Cost": 23033.21,
    "Plan Rows": 1,
    "Plan Width": 8,
    "Actual Startup Time": 37.314,
    "Actual Total Time": 42.262,
    "Actual Rows": 1,
    "Actual Loops": 1,
    "Plans": [
      {
        "Node Type": "Gather",
        "Parent Relationship": "Outer",
        "Parallel Aware": false,
        "Startup Cost": 23033.09,
        "Total Cost": 23033.2,
        "Plan Rows": 1,
        "Plan Width": 8,
        "Actual Startup Time": 37.193,
        "Actual Total Time": 42.256,
        "Actual Rows": 2,
        "Actual Loops": 1,
        "Workers Planned": 1,
        "Workers Launched": 1,
        "Single Copy": false,
        "Plans": [
          {
            "Node Type": "Aggregate",
            "Strategy": "Plain",
            "Partial Mode": "Partial",
            "Parent Relationship": "Outer",
            "Parallel Aware": false,
            "Startup Cost": 22033.09,
            "Total Cost": 22033.1,
            "Plan Rows": 1,
            "Plan Width": 8,
            "Actual Startup Time": 30.846,
            "Actual Total Time": 30.847,
            "Actual Rows": 1,
            "Actual Loops": 2,
            "Plans": [
              {
                "Node Type": "Nested Loop",
                "Parent Relationship": "Outer",
                "Parallel Aware": false,
                "Join Type": "Inner",
                "Startup Cost": 105.75,
                "Total Cost": 22033.05,
                "Plan Rows": 14,
                "Plan Width": 0,
                "Actual Startup Time": 2.64,
                "Actual Total Time": 30.776,
                "Actual Rows": 242,
                "Actual Loops": 2,
                "Inner Unique": false,
                "Plans": [
                  {
                    "Node Type": "Nested Loop",
                    "Parent Relationship": "Outer",
                    "Parallel Aware": false,
                    "Join Type": "Inner",
                    "Startup Cost": 105.32,
                    "Total Cost": 21963.09,
                    "Plan Rows": 78,
                    "Plan Width": 8,
                    "Actual Startup Time": 2.432,
                    "Actual Total Time": 21.413,
                    "Actual Rows": 1331,
                    "Actual Loops": 2,
                    "Inner Unique": true,
                    "Plans": [
                      {
                        "Node Type": "Bitmap Heap Scan",
                        "Parent Relationship": "Outer",
                        "Parallel Aware": true,
                        "Relation Name": "movie_companies",
                        "Alias": "mc",
                        "Startup Cost": 104.89,
                        "Total Cost": 11070.32,
                        "Plan Rows": 1385,
                        "Plan Width": 4,
                        "Actual Startup Time": 2.287,
                        "Actual Total Time": 8.54,
                        "Actual Rows": 1332,
                        "Actual Loops": 2,
                        "Recheck Cond": "(company_id = 11149)",
                        "Rows Removed by Index Recheck": 0,
                        "Filter": "(company_type_id = 1)",
                        "Rows Removed by Filter": 1083,
                        "Exact Heap Blocks": 2256,
                        "Lossy Heap Blocks": 0,
                        "Plans": [
                          {
                            "Node Type": "Bitmap Index Scan",
                            "Parent Relationship": "Outer",
                            "Parallel Aware": false,
                            "Index Name": "company_id_movie_companies",
                            "Startup Cost": 0.0,
                            "Total Cost": 104.3,
                            "Plan Rows": 4783,
                            "Plan Width": 0,
                            "Actual Startup Time": 3.134,
                            "Actual Total Time": 3.135,
                            "Actual Rows": 4831,
                            "Actual Loops": 1,
                            "Index Cond": "(company_id = 11149)"
                          }
                        ]
                      },
                      {
                        "Node Type": "Index Scan",
                        "Parent Relationship": "Inner",
                        "Parallel Aware": false,
                        "Scan Direction": "Forward",
                        "Index Name": "title_pkey",
                        "Relation Name": "title",
                        "Alias": "t",
                        "Startup Cost": 0.43,
                        "Total Cost": 7.86,
                        "Plan Rows": 1,
                        "Plan Width": 4,
                        "Actual Startup Time": 0.009,
                        "Actual Total Time": 0.009,
                        "Actual Rows": 1,
                        "Actual Loops": 2665,
                        "Index Cond": "(id = mc.movie_id)",
                        "Rows Removed by Index Recheck": 0,
                        "Filter": "((production_year < 1983) AND (kind_id = 1))",
                        "Rows Removed by Filter": 0
                      }
                    ]
                  },
                  {
                    "Node Type": "Index Scan",
                    "Parent Relationship": "Inner",
                    "Parallel Aware": false,
                    "Scan Direction": "Forward",
                    "Index Name": "movie_id_movie_info_idx",
                    "Relation Name": "movie_info_idx",
                    "Alias": "mi_idx",
                    "Startup Cost": 0.43,
                    "Total Cost": 0.89,
                    "Plan Rows": 1,
                    "Plan Width": 4,
                    "Actual Startup Time": 0.006,
                    "Actual Total Time": 0.006,
                    "Actual Rows": 0,
                    "Actual Loops": 2662,
                    "Index Cond": "(movie_id = t.id)",
                    "Rows Removed by Index Recheck": 0,
                    "Filter": "(info_type_id = 100)",
                    "Rows Removed by Filter": 0
                  }
                ]
              }
            ]
          }
        ]
      }
    ]
  },
  "Planning Time": 1.097,
  "Triggers": [],
  "Execution Time": 42.363
}