[
  {
    "Plan": {
      "Node Type": "Aggregate",
      "Strategy": "Plain",
      "Partial Mode": "Finalize",
      "Parallel Aware": false,
      "Startup Cost": 253277.81,
      "Total Cost": 253277.82,
      "Plan Rows": 1,
      "Plan Width": 8,
      "Actual Startup Time": 736.837,
      "Actual Total Time": 781.849,
      "Actual Rows": 1,
      "Actual Loops": 1,
      "Plans": [
        {
          "Node Type": "Gather",
          "Parent Relationship": "Outer",
          "Parallel Aware": false,
          "Startup Cost": 253277.28,
          "Total Cost": 253277.79,
          "Plan Rows": 5,
          "Plan Width": 8,
          "Actual Startup Time": 735.254,
          "Actual Total Time": 781.838,
          "Actual Rows": 6,
          "Actual Loops": 1,
          "Workers Planned": 5,
          "Workers Launched": 5,
          "Single Copy": false,
          "Plans": [
            {
              "Node Type": "Aggregate",
              "Strategy": "Plain",
              "Partial Mode": "Partial",
              "Parent Relationship": "Outer",
              "Parallel Aware": false,
              "Startup Cost": 252277.28,
              "Total Cost": 252277.29,
              "Plan Rows": 1,
              "Plan Width": 8,
              "Actual Startup Time": 725.364,
              "Actual Total Time": 725.367,
              "Actual Rows": 1,
              "Actual Loops": 6,
              "Plans": [
                {
                  "Node Type": "Hash Join",
                  "Parent Relationship": "Outer",
                  "Parallel Aware": true,
                  "Join Type": "Inner",
                  "Startup Cost": 46124.09,
                  "Total Cost": 251757.81,
                  "Plan Rows": 207789,
                  "Plan Width": 0,
                  "Actual Startup Time": 105.912,
                  "Actual Total Time": 712.415,
                  "Actual Rows": 288488,
                  "Actual Loops": 6,
                  "Inner Unique": true,
                  "Hash Cond": "(mi.movie_id = t.id)",
                  "Plans": [
                    {
                      "Node Type": "Seq Scan",
                      "Parent Relationship": "Outer",
                      "Parallel Aware": true,
                      "Relation Name": "movie_info",
                      "Alias": "mi",
                      "Startup Cost": 0.0,
                      "Total Cost": 198952.16,
                      "Plan Rows": 2545353,
                      "Plan Width": 4,
                      "Actual Startup Time": 0.031,
                      "Actual Total Time": 352.072,
                      "Actual Rows": 2124109,
                      "Actual Loops": 6,
                      "Filter": "(info_type_id > 2)",
                      "Rows Removed by Filter": 348511
                    },
                    {
                      "Node Type": "Hash",
                      "Parent Relationship": "Inner",
                      "Parallel Aware": true,
                      "Startup Cost": 45479.1,
                      "Total Cost": 45479.1,
                      "Plan Rows": 51599,
                      "Plan Width": 4,
                      "Actual Startup Time": 92.355,
                      "Actual Total Time": 92.356,
                      "Actual Rows": 30399,
                      "Actual Loops": 6,
                      "Hash Buckets": 262144,
                      "Original Hash Buckets": 262144,
                      "Hash Batches": 1,
                      "Original Hash Batches": 1,
                      "Peak Memory Usage": 9280,
                      "Plans": [
                        {
                          "Node Type": "Seq Scan",
                          "Parent Relationship": "Outer",
                          "Parallel Aware": true,
                          "Relation Name": "title",
                          "Alias": "t",
                          "Startup Cost": 0.0,
                          "Total Cost": 45479.1,
                          "Plan Rows": 51599,
                          "Plan Width": 4,
                          "Actual Startup Time": 44.398,
                          "Actual Total Time": 81.482,
                          "Actual Rows": 30399,
                          "Actual Loops": 6,
                          "Filter": "((production_year > 2007) AND (kind_id = 1))",
                          "Rows Removed by Filter": 390986
                        }
                      ]
                    }
                  ]
                }
              ]
            }
          ]
        }
      ]
    },
    "Planning Time": 0.625,
    "Triggers": [],
    "Execution Time": 781.925
  }
]