[
  {
    "Plan": {
      "Node Type": "Aggregate",
      "Strategy": "Plain",
      "Partial Mode": "Finalize",
      "Parallel Aware": false,
      "Startup Cost": 346141.13,
      "Total Cost": 346141.14,
      "Plan Rows": 1,
      "Plan Width": 8,
      "Actual Startup Time": 641.512,
      "Actual Total Time": 695.304,
      "Actual Rows": 1,
      "Actual Loops": 1,
      "Plans": [
        {
          "Node Type": "Gather",
          "Parent Relationship": "Outer",
          "Parallel Aware": false,
          "Startup Cost": 346140.5,
          "Total Cost": 346141.11,
          "Plan Rows": 6,
          "Plan Width": 8,
          "Actual Startup Time": 641.184,
          "Actual Total Time": 695.272,
          "Actual Rows": 7,
          "Actual Loops": 1,
          "Workers Planned": 6,
          "Workers Launched": 6,
          "Single Copy": false,
          "Plans": [
            {
              "Node Type": "Aggregate",
              "Strategy": "Plain",
              "Partial Mode": "Partial",
              "Parent Relationship": "Outer",
              "Parallel Aware": false,
              "Startup Cost": 345140.5,
              "Total Cost": 345140.51,
              "Plan Rows": 1,
              "Plan Width": 8,
              "Actual Startup Time": 633.31,
              "Actual Total Time": 633.315,
              "Actual Rows": 1,
              "Actual Loops": 7,
              "Plans": [
                {
                  "Node Type": "Seq Scan",
                  "Parent Relationship": "Outer",
                  "Parallel Aware": true,
                  "Relation Name": "cast_info",
                  "Alias": "ci",
                  "Startup Cost": 0.0,
                  "Total Cost": 343316.27,
                  "Plan Rows": 729693,
                  "Plan Width": 0,
                  "Actual Startup Time": 420.999,
                  "Actual Total Time": 616.381,
                  "Actual Rows": 324953,
                  "Actual Loops": 7,
                  "Filter": "((person_id > 3170293) AND (role_id < 10))",
                  "Rows Removed by Filter": 4852810
                }
              ]
            }
          ]
        }
      ]
    },
    "Planning Time": 0.226,
    "Triggers": [],
    "Execution Time": 695.372
  }
]