[
  {
    "Plan": {
      "Node Type": "Aggregate",
      "Strategy": "Plain",
      "Partial Mode": "Finalize",
      "Parallel Aware": false,
      "Startup Cost": 347338.42,
      "Total Cost": 347338.43,
      "Plan Rows": 1,
      "Plan Width": 8,
      "Actual Startup Time": 735.379,
      "Actual Total Time": 794.589,
      "Actual Rows": 1,
      "Actual Loops": 1,
      "Plans": [
        {
          "Node Type": "Gather",
          "Parent Relationship": "Outer",
          "Parallel Aware": false,
          "Startup Cost": 347337.79,
          "Total Cost": 347338.4,
          "Plan Rows": 6,
          "Plan Width": 8,
          "Actual Startup Time": 735.268,
          "Actual Total Time": 794.579,
          "Actual Rows": 7,
          "Actual Loops": 1,
          "Workers Planned": 6,
          "Workers Launched": 6,
          "Single Copy": false,
          "Plans": [
            {
              "Node Type": "Aggregate",
              "Strategy": "Plain",
              "Partial Mode": "Partial",
              "Parent Relationship": "Outer",
              "Parallel Aware": false,
              "Startup Cost": 346337.79,
              "Total Cost": 346337.8,
              "Plan Rows": 1,
              "Plan Width": 8,
              "Actual Startup Time": 726.006,
              "Actual Total Time": 726.007,
              "Actual Rows": 1,
              "Actual Loops": 7,
              "Plans": [
                {
                  "Node Type": "Seq Scan",
                  "Parent Relationship": "Outer",
                  "Parallel Aware": true,
                  "Relation Name": "cast_info",
                  "Alias": "ci",
                  "Startup Cost": 0.0,
                  "Total Cost": 343257.03,
                  "Plan Rows": 1232305,
                  "Plan Width": 0,
                  "Actual Startup Time": 320.633,
                  "Actual Total Time": 652.161,
                  "Actual Rows": 1599377,
                  "Actual Loops": 7,
                  "Filter": "((person_id > 2582438) AND (role_id > 1))",
                  "Rows Removed by Filter": 3578387
                }
              ]
            }
          ]
        }
      ]
    },
    "Planning Time": 0.145,
    "Triggers": [],
    "Execution Time": 794.649
  }
]