[
  {
    "Plan": {
      "Node Type": "Aggregate",
      "Strategy": "Plain",
      "Partial Mode": "Finalize",
      "Parallel Aware": false,
      "Startup Cost": 46480.93,
      "Total Cost": 46480.94,
      "Plan Rows": 1,
      "Plan Width": 8,
      "Actual Startup Time": 84.478,
      "Actual Total Time": 100.778,
      "Actual Rows": 1,
      "Actual Loops": 1,
      "Plans": [
        {
          "Node Type": "Gather",
          "Parent Relationship": "Outer",
          "Parallel Aware": false,
          "Startup Cost": 46480.51,
          "Total Cost": 46480.92,
          "Plan Rows": 4,
          "Plan Width": 8,
          "Actual Startup Time": 84.299,
          "Actual Total Time": 100.764,
          "Actual Rows": 5,
          "Actual Loops": 1,
          "Workers Planned": 4,
          "Workers Launched": 4,
          "Single Copy": false,
          "Plans": [
            {
              "Node Type": "Aggregate",
              "Strategy": "Plain",
              "Partial Mode": "Partial",
              "Parent Relationship": "Outer",
              "Parallel Aware": false,
              "Startup Cost": 45480.51,
              "Total Cost": 45480.52,
              "Plan Rows": 1,
              "Plan Width": 8,
              "Actual Startup Time": 80.161,
              "Actual Total Time": 80.162,
              "Actual Rows": 1,
              "Actual Loops": 5,
              "Plans": [
                {
                  "Node Type": "Seq Scan",
                  "Parent Relationship": "Outer",
                  "Parallel Aware": true,
                  "Relation Name": "title",
                  "Alias": "t",
                  "Startup Cost": 0.0,
                  "Total Cost": 45479.59,
                  "Plan Rows": 370,
                  "Plan Width": 0,
                  "Actual Startup Time": 1.215,
                  "Actual Total Time": 80.086,
                  "Actual Rows": 530,
                  "Actual Loops": 5,
                  "Filter": "((kind_id < 7) AND (production_year = 1949))",
                  "Rows Removed by Filter": 505132
                }
              ]
            }
          ]
        }
      ]
    },
    "Planning Time": 0.254,
    "Triggers": [],
    "Execution Time": 100.839
  }
]