{
  "Plan": {
    "Node Type": "Aggregate",
    "Strategy": "Plain",
    "Partial Mode": "Finalize",
    "Parallel Aware": false,
    "Startup Cost": 667079.08,
    "Total Cost": 667079.09,
    "Plan Rows": 1,
    "Plan Width": 8,
    "Actual Startup Time": 8414.965,
    "Actual Total Time": 8481.789,
    "Actual Rows": 1,
    "Actual Loops": 1,
    "Plans": [
      {
        "Node Type": "Gather",
        "Parent Relationship": "Outer",
        "Parallel Aware": false,
        "Startup Cost": 667078.97,
        "Total Cost": 667079.08,
        "Plan Rows": 1,
        "Plan Width": 8,
        "Actual Startup Time": 8412.885,
        "Actual Total Time": 8481.779,
        "Actual Rows": 2,
        "Actual Loops": 1,
        "Workers Planned": 1,
        "Workers Launched": 1,
        "Single Copy": false,
        "Plans": [
          {
            "Node Type": "Aggregate",
            "Strategy": "Plain",
            "Partial Mode": "Partial",
            "Parent Relationship": "Outer",
            "Parallel Aware": false,
            "Startup Cost": 666078.97,
            "Total Cost": 666078.98,
            "Plan Rows": 1,
            "Plan Width": 8,
            "Actual Startup Time": 8405.342,
            "Actual Total Time": 8405.346,
            "Actual Rows": 1,
            "Actual Loops": 2,
            "Plans": [
              {
                "Node Type": "Hash Join",
                "Parent Relationship": "Outer",
                "Parallel Aware": true,
                "Join Type": "Inner",
                "Startup Cost": 67178.98,
                "Total Cost": 641132.3,
                "Plan Rows": 9978669,
                "Plan Width": 0,
                "Actual Startup Time": 439.379,
                "Actual Total Time": 7999.731,
                "Actual Rows": 9352800,
                "Actual Loops": 2,
                "Inner Unique": true,
                "Hash Cond": "(ci.movie_id = t.id)",
                "Plans": [
                  {
                    "Node Type": "Seq Scan",
                    "Parent Relationship": "Outer",
                    "Parallel Aware": true,
                    "Relation Name": "cast_info",
                    "Alias": "ci",
                    "Startup Cost": 0.0,
                    "Total Cost": 519069.44,
                    "Plan Rows": 20908109,
                    "Plan Width": 4,
                    "Actual Startup Time": 17.784,
                    "Actual Total Time": 1814.916,
                    "Actual Rows": 17791160,
                    "Actual Loops": 2,
                    "Filter": "(person_id > 70898)",
                    "Rows Removed by Filter": 331012
                  },
                  {
                    "Node Type": "Hash",
                    "Parent Relationship": "Inner",
                    "Parallel Aware": true,
                    "Startup Cost": 58306.47,
                    "Total Cost": 58306.47,
                    "Plan Rows": 709801,
                    "Plan Width": 4,
                    "Actual Startup Time": 407.268,
                    "Actual Total Time": 407.269,
                    "Actual Rows": 646578,
                    "Actual Loops": 2,
                    "Hash Buckets": 2097152,
                    "Original Hash Buckets": 2097152,
                    "Hash Batches": 1,
                    "Original Hash Batches": 1,
                    "Peak Memory Usage": 66976,
                    "Plans": [
                      {
                        "Node Type": "Seq Scan",
                        "Parent Relationship": "Outer",
                        "Parallel Aware": true,
                        "Relation Name": "title",
                        "Alias": "t",
                        "Startup Cost": 0.0,
                        "Total Cost": 58306.47,
                        "Plan Rows": 709801,
                        "Plan Width": 4,
                        "Actual Startup Time": 0.027,
                        "Actual Total Time": 194.511,
                        "Actual Rows": 646578,
                        "Actual Loops": 2,
                        "Filter": "((production_year > 1977) AND (kind_id = 7))",
                        "Rows Removed by Filter": 617578
                      }
                    ]
                  }
                ]
              }
            ]
          }
        ]
      }
    ]
  },
  "Planning Time": 0.692,
  "Triggers": [],
  "Execution Time": 8481.87
}