[
  {
    "Plan": {
      "Node Type": "Aggregate",
      "Strategy": "Plain",
      "Partial Mode": "Finalize",
      "Parallel Aware": false,
      "Startup Cost": 139868.03,
      "Total Cost": 139868.04,
      "Plan Rows": 1,
      "Plan Width": 8,
      "Actual Startup Time": 703.541,
      "Actual Total Time": 779.216,
      "Actual Rows": 1,
      "Actual Loops": 1,
      "Plans": [
        {
          "Node Type": "Gather",
          "Parent Relationship": "Outer",
          "Parallel Aware": false,
          "Startup Cost": 139867.71,
          "Total Cost": 139868.02,
          "Plan Rows": 3,
          "Plan Width": 8,
          "Actual Startup Time": 702.976,
          "Actual Total Time": 779.208,
          "Actual Rows": 4,
          "Actual Loops": 1,
          "Workers Planned": 3,
          "Workers Launched": 3,
          "Single Copy": false,
          "Plans": [
            {
              "Node Type": "Aggregate",
              "Strategy": "Plain",
              "Partial Mode": "Partial",
              "Parent Relationship": "Outer",
              "Parallel Aware": false,
              "Startup Cost": 138867.71,
              "Total Cost": 138867.72,
              "Plan Rows": 1,
              "Plan Width": 8,
              "Actual Startup Time": 693.732,
              "Actual Total Time": 693.735,
              "Actual Rows": 1,
              "Actual Loops": 4,
              "Plans": [
                {
                  "Node Type": "Nested Loop",
                  "Parent Relationship": "Outer",
                  "Parallel Aware": false,
                  "Join Type": "Inner",
                  "Startup Cost": 45761.75,
                  "Total Cost": 138562.54,
                  "Plan Rows": 122067,
                  "Plan Width": 0,
                  "Actual Startup Time": 105.331,
                  "Actual Total Time": 689.596,
                  "Actual Rows": 71228,
                  "Actual Loops": 4,
                  "Inner Unique": false,
                  "Join Filter": "(t.id = ci.movie_id)",
                  "Rows Removed by Join Filter": 0,
                  "Plans": [
                    {
                      "Node Type": "Hash Join",
                      "Parent Relationship": "Outer",
                      "Parallel Aware": true,
                      "Join Type": "Inner",
                      "Startup Cost": 45761.19,
                      "Total Cost": 75177.08,
                      "Plan Rows": 30050,
                      "Plan Width": 8,
                      "Actual Startup Time": 104.966,
                      "Actual Total Time": 245.847,
                      "Actual Rows": 14922,
                      "Actual Loops": 4,
                      "Inner Unique": true,
                      "Hash Cond": "(mc.movie_id = t.id)",
                      "Plans": [
                        {
                          "Node Type": "Seq Scan",
                          "Parent Relationship": "Outer",
                          "Parallel Aware": true,
                          "Relation Name": "movie_companies",
                          "Alias": "mc",
                          "Startup Cost": 0.0,
                          "Total Cost": 27206.55,
                          "Plan Rows": 841655,
                          "Plan Width": 4,
                          "Actual Startup Time": 0.018,
                          "Actual Total Time": 54.316,
                          "Actual Rows": 652282,
                          "Actual Loops": 4
                        },
                        {
                          "Node Type": "Hash",
                          "Parent Relationship": "Inner",
                          "Parallel Aware": true,
                          "Startup Cost": 45479.1,
                          "Total Cost": 45479.1,
                          "Plan Rows": 22567,
                          "Plan Width": 4,
                          "Actual Startup Time": 103.151,
                          "Actual Total Time": 103.152,
                          "Actual Rows": 25188,
                          "Actual Loops": 4,
                          "Hash Buckets": 131072,
                          "Original Hash Buckets": 131072,
                          "Hash Batches": 1,
                          "Original Hash Batches": 1,
                          "Peak Memory Usage": 5024,
                          "Plans": [
                            {
                              "Node Type": "Seq Scan",
                              "Parent Relationship": "Outer",
                              "Parallel Aware": true,
                              "Relation Name": "title",
                              "Alias": "t",
                              "Startup Cost": 0.0,
                              "Total Cost": 45479.1,
                              "Plan Rows": 22567,
                              "Plan Width": 4,
                              "Actual Startup Time": 0.039,
                              "Actual Total Time": 93.446,
                              "Actual Rows": 25188,
                              "Actual Loops": 4,
                              "Filter": "((kind_id > 1) AND (production_year = 2008))",
                              "Rows Removed by Filter": 606890
                            }
                          ]
                        }
                      ]
                    },
                    {
                      "Node Type": "Index Scan",
                      "Parent Relationship": "Inner",
                      "Parallel Aware": false,
                      "Scan Direction": "Forward",
                      "Index Name": "movie_id_cast_info",
                      "Relation Name": "cast_info",
                      "Alias": "ci",
                      "Startup Cost": 0.56,
                      "Total Cost": 1.98,
                      "Plan Rows": 10,
                      "Plan Width": 4,
                      "Actual Startup Time": 0.01,
                      "Actual Total Time": 0.029,
                      "Actual Rows": 5,
                      "Actual Loops": 59688,
                      "Index Cond": "(movie_id = mc.movie_id)",
                      "Rows Removed by Index Recheck": 0,
                      "Filter": "((person_id > 637762) AND (role_id = 1))",
                      "Rows Removed by Filter": 24
                    }
                  ]
                }
              ]
            }
          ]
        }
      ]
    },
    "Planning Time": 1.601,
    "Triggers": [],
    "Execution Time": 779.324
  }
]