[
  {
    "Plan": {
      "Node Type": "Aggregate",
      "Strategy": "Plain",
      "Partial Mode": "Finalize",
      "Parallel Aware": false,
      "Startup Cost": 6424.91,
      "Total Cost": 6424.92,
      "Plan Rows": 1,
      "Plan Width": 64,
      "Actual Startup Time": 46.821,
      "Actual Total Time": 52.975,
      "Actual Rows": 1,
      "Actual Loops": 1,
      "Plans": [
        {
          "Node Type": "Gather",
          "Parent Relationship": "Outer",
          "Parallel Aware": false,
          "Startup Cost": 6424.79,
          "Total Cost": 6424.9,
          "Plan Rows": 1,
          "Plan Width": 64,
          "Actual Startup Time": 46.68,
          "Actual Total Time": 52.965,
          "Actual Rows": 2,
          "Actual Loops": 1,
          "Workers Planned": 1,
          "Workers Launched": 1,
          "Single Copy": false,
          "Plans": [
            {
              "Node Type": "Aggregate",
              "Strategy": "Plain",
              "Partial Mode": "Partial",
              "Parent Relationship": "Outer",
              "Parallel Aware": false,
              "Startup Cost": 5424.79,
              "Total Cost": 5424.8,
              "Plan Rows": 1,
              "Plan Width": 64,
              "Actual Startup Time": 39.286,
              "Actual Total Time": 39.292,
              "Actual Rows": 1,
              "Actual Loops": 2,
              "Plans": [
                {
                  "Node Type": "Nested Loop",
                  "Parent Relationship": "Outer",
                  "Parallel Aware": false,
                  "Join Type": "Inner",
                  "Startup Cost": 2.84,
                  "Total Cost": 5424.75,
                  "Plan Rows": 8,
                  "Plan Width": 60,
                  "Actual Startup Time": 19.183,
                  "Actual Total Time": 39.28,
                  "Actual Rows": 9,
                  "Actual Loops": 2,
                  "Inner Unique": true,
                  "Plans": [
                    {
                      "Node Type": "Nested Loop",
                      "Parent Relationship": "Outer",
                      "Parallel Aware": false,
                      "Join Type": "Inner",
                      "Startup Cost": 2.42,
                      "Total Cost": 5421.24,
                      "Plan Rows": 8,
                      "Plan Width": 64,
                      "Actual Startup Time": 19.139,
                      "Actual Total Time": 39.092,
                      "Actual Rows": 9,
                      "Actual Loops": 2,
                      "Inner Unique": false,
                      "Plans": [
                        {
                          "Node Type": "Nested Loop",
                          "Parent Relationship": "Outer",
                          "Parallel Aware": false,
                          "Join Type": "Inner",
                          "Startup Cost": 1.99,
                          "Total Cost": 5419.38,
                          "Plan Rows": 1,
                          "Plan Width": 76,
                          "Actual Startup Time": 19.098,
                          "Actual Total Time": 39.042,
                          "Actual Rows": 2,
                          "Actual Loops": 2,
                          "Inner Unique": true,
                          "Plans": [
                            {
                              "Node Type": "Nested Loop",
                              "Parent Relationship": "Outer",
                              "Parallel Aware": false,
                              "Join Type": "Inner",
                              "Startup Cost": 1.85,
                              "Total Cost": 5419.15,
                              "Plan Rows": 1,
                              "Plan Width": 80,
                              "Actual Startup Time": 19.091,
                              "Actual Total Time": 39.031,
                              "Actual Rows": 2,
                              "Actual Loops": 2,
                              "Inner Unique": false,
                              "Plans": [
                                {
                                  "Node Type": "Nested Loop",
                                  "Parent Relationship": "Outer",
                                  "Parallel Aware": false,
                                  "Join Type": "Inner",
                                  "Startup Cost": 1.41,
                                  "Total Cost": 5417.05,
                                  "Plan Rows": 1,
                                  "Plan Width": 29,
                                  "Actual Startup Time": 19.013,
                                  "Actual Total Time": 38.765,
                                  "Actual Rows": 2,
                                  "Actual Loops": 2,
                                  "Inner Unique": true,
                                  "Plans": [
                                    {
                                      "Node Type": "Nested Loop",
                                      "Parent Relationship": "Outer",
                                      "Parallel Aware": false,
                                      "Join Type": "Inner",
                                      "Startup Cost": 0.98,
                                      "Total Cost": 5416.1,
                                      "Plan Rows": 1,
                                      "Plan Width": 8,
                                      "Actual Startup Time": 18.981,
                                      "Actual Total Time": 38.696,
                                      "Actual Rows": 2,
                                      "Actual Loops": 2,
                                      "Inner Unique": true,
                                      "Plans": [
                                        {
                                          "Node Type": "Nested Loop",
                                          "Parent Relationship": "Outer",
                                          "Parallel Aware": false,
                                          "Join Type": "Inner",
                                          "Startup Cost": 0.85,
                                          "Total Cost": 5415.95,
                                          "Plan Rows": 1,
                                          "Plan Width": 12,
                                          "Actual Startup Time": 18.974,
                                          "Actual Total Time": 38.681,
                                          "Actual Rows": 2,
                                          "Actual Loops": 2,
                                          "Inner Unique": false,
                                          "Plans": [
                                            {
                                              "Node Type": "Nested Loop",
                                              "Parent Relationship": "Outer",
                                              "Parallel Aware": false,
                                              "Join Type": "Inner",
                                              "Startup Cost": 0.43,
                                              "Total Cost": 5413.97,
                                              "Plan Rows": 1,
                                              "Plan Width": 8,
                                              "Actual Startup Time": 18.948,
                                              "Actual Total Time": 38.59,
                                              "Actual Rows": 2,
                                              "Actual Loops": 2,
                                              "Inner Unique": false,
                                              "Plans": [
                                                {
                                                  "Node Type": "Seq Scan",
                                                  "Parent Relationship": "Outer",
                                                  "Parallel Aware": true,
                                                  "Relation Name": "company_name",
                                                  "Alias": "cn",
                                                  "Startup Cost": 0.0,
                                                  "Total Cost": 5068.5,
                                                  "Plan Rows": 1,
                                                  "Plan Width": 4,
                                                  "Actual Startup Time": 18.869,
                                                  "Actual Total Time": 38.399,
                                                  "Actual Rows": 0,
                                                  "Actual Loops": 2,
                                                  "Filter": "(((country_code)::text = '[us]'::text) AND (name = 'Popcap Games'::text))",
                                                  "Rows Removed by Filter": 117498
                                                },
                                                {
                                                  "Node Type": "Index Scan",
                                                  "Parent Relationship": "Inner",
                                                  "Parallel Aware": false,
                                                  "Scan Direction": "Forward",
                                                  "Index Name": "company_id_movie_companies",
                                                  "Relation Name": "movie_companies",
                                                  "Alias": "mc",
                                                  "Startup Cost": 0.43,
                                                  "Total Cost": 345.46,
                                                  "Plan Rows": 1,
                                                  "Plan Width": 12,
                                                  "Actual Startup Time": 0.151,
                                                  "Actual Total Time": 0.374,
                                                  "Actual Rows": 3,
                                                  "Actual Loops": 1,
                                                  "Index Cond": "(company_id = cn.id)",
                                                  "Rows Removed by Index Recheck": 0,
                                                  "Filter": "((note ~~ '%(200%)%'::text) AND (note ~~ '%(worldwide)%'::text))",
                                                  "Rows Removed by Filter": 15
                                                }
                                              ]
                                            },
                                            {
                                              "Node Type": "Index Scan",
                                              "Parent Relationship": "Inner",
                                              "Parallel Aware": false,
                                              "Scan Direction": "Forward",
                                              "Index Name": "movie_id_aka_title",
                                              "Relation Name": "aka_title",
                                              "Alias": "at",
                                              "Startup Cost": 0.42,
                                              "Total Cost": 1.94,
                                              "Plan Rows": 3,
                                              "Plan Width": 4,
                                              "Actual Startup Time": 0.045,
                                              "Actual Total Time": 0.058,
                                              "Actual Rows": 2,
                                              "Actual Loops": 3,
                                              "Index Cond": "(movie_id = mc.movie_id)",
                                              "Rows Removed by Index Recheck": 0
                                            }
                                          ]
                                        },
                                        {
                                          "Node Type": "Index Scan",
                                          "Parent Relationship": "Inner",
                                          "Parallel Aware": false,
                                          "Scan Direction": "Forward",
                                          "Index Name": "company_type_pkey",
                                          "Relation Name": "company_type",
                                          "Alias": "ct",
                                          "Startup Cost": 0.13,
                                          "Total Cost": 0.15,
                                          "Plan Rows": 1,
                                          "Plan Width": 4,
                                          "Actual Startup Time": 0.004,
                                          "Actual Total Time": 0.004,
                                          "Actual Rows": 1,
                                          "Actual Loops": 5,
                                          "Index Cond": "(id = mc.company_type_id)",
                                          "Rows Removed by Index Recheck": 0
                                        }
                                      ]
                                    },
                                    {
                                      "Node Type": "Index Scan",
                                      "Parent Relationship": "Inner",
                                      "Parallel Aware": false,
                                      "Scan Direction": "Forward",
                                      "Index Name": "title_pkey",
                                      "Relation Name": "title",
                                      "Alias": "t",
                                      "Startup Cost": 0.43,
                                      "Total Cost": 0.95,
                                      "Plan Rows": 1,
                                      "Plan Width": 21,
                                      "Actual Startup Time": 0.026,
                                      "Actual Total Time": 0.026,
                                      "Actual Rows": 1,
                                      "Actual Loops": 5,
                                      "Index Cond": "(id = at.movie_id)",
                                      "Rows Removed by Index Recheck": 0,
                                      "Filter": "((production_year >= 1995) AND (production_year <= 2009))",
                                      "Rows Removed by Filter": 0
                                    }
                                  ]
                                },
                                {
                                  "Node Type": "Index Scan",
                                  "Parent Relationship": "Inner",
                                  "Parallel Aware": false,
                                  "Scan Direction": "Forward",
                                  "Index Name": "movie_id_movie_info",
                                  "Relation Name": "movie_info",
                                  "Alias": "mi",
                                  "Startup Cost": 0.43,
                                  "Total Cost": 2.09,
                                  "Plan Rows": 1,
                                  "Plan Width": 51,
                                  "Actual Startup Time": 0.081,
                                  "Actual Total Time": 0.105,
                                  "Actual Rows": 1,
                                  "Actual Loops": 5,
                                  "Index Cond": "(movie_id = t.id)",
                                  "Rows Removed by Index Recheck": 0,
                                  "Filter": "((note ~~ '%internet%'::text) AND (info ~~ 'USA:% 200%'::text))",
                                  "Rows Removed by Filter": 18
                                }
                              ]
                            },
                            {
                              "Node Type": "Index Scan",
                              "Parent Relationship": "Inner",
                              "Parallel Aware": false,
                              "Scan Direction": "Forward",
                              "Index Name": "info_type_pkey",
                              "Relation Name": "info_type",
                              "Alias": "it1",
                              "Startup Cost": 0.14,
                              "Total Cost": 0.19,
                              "Plan Rows": 1,
                              "Plan Width": 4,
                              "Actual Startup Time": 0.005,
                              "Actual Total Time": 0.006,
                              "Actual Rows": 1,
                              "Actual Loops": 3,
                              "Index Cond": "(id = mi.info_type_id)",
                              "Rows Removed by Index Recheck": 0,
                              "Filter": "((info)::text = 'release dates'::text)",
                              "Rows Removed by Filter": 0
                            }
                          ]
                        },
                        {
                          "Node Type": "Index Scan",
                          "Parent Relationship": "Inner",
                          "Parallel Aware": false,
                          "Scan Direction": "Forward",
                          "Index Name": "movie_id_movie_keyword",
                          "Relation Name": "movie_keyword",
                          "Alias": "mk",
                          "Startup Cost": 0.43,
                          "Total Cost": 1.4,
                          "Plan Rows": 46,
                          "Plan Width": 8,
                          "Actual Startup Time": 0.029,
                          "Actual Total Time": 0.031,
                          "Actual Rows": 6,
                          "Actual Loops": 3,
                          "Index Cond": "(movie_id = t.id)",
                          "Rows Removed by Index Recheck": 0
                        }
                      ]
                    },
                    {
                      "Node Type": "Index Scan",
                      "Parent Relationship": "Inner",
                      "Parallel Aware": false,
                      "Scan Direction": "Forward",
                      "Index Name": "keyword_pkey",
                      "Relation Name": "keyword",
                      "Alias": "k",
                      "Startup Cost": 0.42,
                      "Total Cost": 0.44,
                      "Plan Rows": 1,
                      "Plan Width": 4,
                      "Actual Startup Time": 0.02,
                      "Actual Total Time": 0.02,
                      "Actual Rows": 1,
                      "Actual Loops": 18,
                      "Index Cond": "(id = mk.keyword_id)",
                      "Rows Removed by Index Recheck": 0
                    }
                  ]
                }
              ]
            }
          ]
        }
      ]
    },
    "Planning Time": 29.424,
    "Triggers": [],
    "Execution Time": 53.358
  }
]