[
  {
    "Plan": {
      "Node Type": "Aggregate",
      "Strategy": "Plain",
      "Partial Mode": "Finalize",
      "Parallel Aware": false,
      "Startup Cost": 79701.69,
      "Total Cost": 79701.7,
      "Plan Rows": 1,
      "Plan Width": 8,
      "Actual Startup Time": 198.332,
      "Actual Total Time": 217.572,
      "Actual Rows": 1,
      "Actual Loops": 1,
      "Plans": [
        {
          "Node Type": "Gather",
          "Parent Relationship": "Outer",
          "Parallel Aware": false,
          "Startup Cost": 79701.27,
          "Total Cost": 79701.68,
          "Plan Rows": 4,
          "Plan Width": 8,
          "Actual Startup Time": 197.456,
          "Actual Total Time": 217.564,
          "Actual Rows": 5,
          "Actual Loops": 1,
          "Workers Planned": 4,
          "Workers Launched": 4,
          "Single Copy": false,
          "Plans": [
            {
              "Node Type": "Aggregate",
              "Strategy": "Plain",
              "Partial Mode": "Partial",
              "Parent Relationship": "Outer",
              "Parallel Aware": false,
              "Startup Cost": 78701.27,
              "Total Cost": 78701.28,
              "Plan Rows": 1,
              "Plan Width": 8,
              "Actual Startup Time": 188.069,
              "Actual Total Time": 188.072,
              "Actual Rows": 1,
              "Actual Loops": 5,
              "Plans": [
                {
                  "Node Type": "Hash Join",
                  "Parent Relationship": "Outer",
                  "Parallel Aware": true,
                  "Join Type": "Inner",
                  "Startup Cost": 32748.66,
                  "Total Cost": 78494.52,
                  "Plan Rows": 82698,
                  "Plan Width": 0,
                  "Actual Startup Time": 153.145,
                  "Actual Total Time": 187.732,
                  "Actual Rows": 5951,
                  "Actual Loops": 5,
                  "Inner Unique": false,
                  "Hash Cond": "(t.id = mc.movie_id)",
                  "Plans": [
                    {
                      "Node Type": "Seq Scan",
                      "Parent Relationship": "Outer",
                      "Parallel Aware": true,
                      "Relation Name": "title",
                      "Alias": "t",
                      "Startup Cost": 0.0,
                      "Total Cost": 42318.73,
                      "Plan Rows": 632073,
                      "Plan Width": 4,
                      "Actual Startup Time": 0.01,
                      "Actual Total Time": 64.459,
                      "Actual Rows": 505662,
                      "Actual Loops": 5
                    },
                    {
                      "Node Type": "Hash",
                      "Parent Relationship": "Inner",
                      "Parallel Aware": true,
                      "Startup Cost": 31414.82,
                      "Total Cost": 31414.82,
                      "Plan Rows": 106707,
                      "Plan Width": 4,
                      "Actual Startup Time": 67.943,
                      "Actual Total Time": 67.944,
                      "Actual Rows": 5951,
                      "Actual Loops": 5,
                      "Hash Buckets": 524288,
                      "Original Hash Buckets": 524288,
                      "Hash Batches": 1,
                      "Original Hash Batches": 1,
                      "Peak Memory Usage": 5376,
                      "Plans": [
                        {
                          "Node Type": "Seq Scan",
                          "Parent Relationship": "Outer",
                          "Parallel Aware": true,
                          "Relation Name": "movie_companies",
                          "Alias": "mc",
                          "Startup Cost": 0.0,
                          "Total Cost": 31414.82,
                          "Plan Rows": 106707,
                          "Plan Width": 4,
                          "Actual Startup Time": 30.628,
                          "Actual Total Time": 64.953,
                          "Actual Rows": 5951,
                          "Actual Loops": 5,
                          "Filter": "((company_id > 47888) AND (company_type_id < 2))",
                          "Rows Removed by Filter": 515875
                        }
                      ]
                    }
                  ]
                }
              ]
            }
          ]
        }
      ]
    },
    "Planning Time": 0.675,
    "Triggers": [],
    "Execution Time": 217.643
  }
]