[
  {
    "Plan": {
      "Node Type": "Aggregate",
      "Strategy": "Plain",
      "Partial Mode": "Finalize",
      "Parallel Aware": false,
      "Startup Cost": 63709.97,
      "Total Cost": 63709.98,
      "Plan Rows": 1,
      "Plan Width": 8,
      "Actual Startup Time": 294.933,
      "Actual Total Time": 308.487,
      "Actual Rows": 1,
      "Actual Loops": 1,
      "Plans": [
        {
          "Node Type": "Gather",
          "Parent Relationship": "Outer",
          "Parallel Aware": false,
          "Startup Cost": 63709.75,
          "Total Cost": 63709.96,
          "Plan Rows": 2,
          "Plan Width": 8,
          "Actual Startup Time": 293.206,
          "Actual Total Time": 308.477,
          "Actual Rows": 3,
          "Actual Loops": 1,
          "Workers Planned": 2,
          "Workers Launched": 2,
          "Single Copy": false,
          "Plans": [
            {
              "Node Type": "Aggregate",
              "Strategy": "Plain",
              "Partial Mode": "Partial",
              "Parent Relationship": "Outer",
              "Parallel Aware": false,
              "Startup Cost": 62709.75,
              "Total Cost": 62709.76,
              "Plan Rows": 1,
              "Plan Width": 8,
              "Actual Startup Time": 285.848,
              "Actual Total Time": 285.851,
              "Actual Rows": 1,
              "Actual Loops": 3,
              "Plans": [
                {
                  "Node Type": "Hash Join",
                  "Parent Relationship": "Outer",
                  "Parallel Aware": true,
                  "Join Type": "Inner",
                  "Startup Cost": 47201.76,
                  "Total Cost": 62396.32,
                  "Plan Rows": 125372,
                  "Plan Width": 0,
                  "Actual Startup Time": 209.678,
                  "Actual Total Time": 278.459,
                  "Actual Rows": 156380,
                  "Actual Loops": 3,
                  "Inner Unique": true,
                  "Hash Cond": "(mi_idx.movie_id = t.id)",
                  "Plans": [
                    {
                      "Node Type": "Seq Scan",
                      "Parent Relationship": "Outer",
                      "Parallel Aware": true,
                      "Relation Name": "movie_info_idx",
                      "Alias": "mi_idx",
                      "Startup Cost": 0.0,
                      "Total Cost": 13685.15,
                      "Plan Rows": 575015,
                      "Plan Width": 4,
                      "Actual Startup Time": 0.023,
                      "Actual Total Time": 37.501,
                      "Actual Rows": 460012,
                      "Actual Loops": 3
                    },
                    {
                      "Node Type": "Hash",
                      "Parent Relationship": "Inner",
                      "Parallel Aware": true,
                      "Startup Cost": 45479.1,
                      "Total Cost": 45479.1,
                      "Plan Rows": 137813,
                      "Plan Width": 4,
                      "Actual Startup Time": 167.637,
                      "Actual Total Time": 167.638,
                      "Actual Rows": 143285,
                      "Actual Loops": 3,
                      "Hash Buckets": 1048576,
                      "Original Hash Buckets": 1048576,
                      "Hash Batches": 1,
                      "Original Hash Batches": 1,
                      "Peak Memory Usage": 25056,
                      "Plans": [
                        {
                          "Node Type": "Seq Scan",
                          "Parent Relationship": "Outer",
                          "Parallel Aware": true,
                          "Relation Name": "title",
                          "Alias": "t",
                          "Startup Cost": 0.0,
                          "Total Cost": 45479.1,
                          "Plan Rows": 137813,
                          "Plan Width": 4,
                          "Actual Startup Time": 50.222,
                          "Actual Total Time": 123.832,
                          "Actual Rows": 143285,
                          "Actual Loops": 3,
                          "Filter": "((production_year > 1969) AND (kind_id = 1))",
                          "Rows Removed by Filter": 699486
                        }
                      ]
                    }
                  ]
                }
              ]
            }
          ]
        }
      ]
    },
    "Planning Time": 0.582,
    "Triggers": [],
    "Execution Time": 308.555
  }
]