[
  {
    "Plan": {
      "Node Type": "Aggregate",
      "Strategy": "Plain",
      "Partial Mode": "Finalize",
      "Parallel Aware": false,
      "Startup Cost": 184821.12,
      "Total Cost": 184821.13,
      "Plan Rows": 1,
      "Plan Width": 8,
      "Actual Startup Time": 1914.374,
      "Actual Total Time": 1938.318,
      "Actual Rows": 1,
      "Actual Loops": 1,
      "Plans": [
        {
          "Node Type": "Gather",
          "Parent Relationship": "Outer",
          "Parallel Aware": false,
          "Startup Cost": 184820.8,
          "Total Cost": 184821.11,
          "Plan Rows": 3,
          "Plan Width": 8,
          "Actual Startup Time": 1905.332,
          "Actual Total Time": 1938.309,
          "Actual Rows": 4,
          "Actual Loops": 1,
          "Workers Planned": 3,
          "Workers Launched": 3,
          "Single Copy": false,
          "Plans": [
            {
              "Node Type": "Aggregate",
              "Strategy": "Plain",
              "Partial Mode": "Partial",
              "Parent Relationship": "Outer",
              "Parallel Aware": false,
              "Startup Cost": 183820.8,
              "Total Cost": 183820.81,
              "Plan Rows": 1,
              "Plan Width": 8,
              "Actual Startup Time": 1897.869,
              "Actual Total Time": 1897.873,
              "Actual Rows": 1,
              "Actual Loops": 4,
              "Plans": [
                {
                  "Node Type": "Nested Loop",
                  "Parent Relationship": "Outer",
                  "Parallel Aware": false,
                  "Join Type": "Inner",
                  "Startup Cost": 125016.79,
                  "Total Cost": 183782.63,
                  "Plan Rows": 15270,
                  "Plan Width": 0,
                  "Actual Startup Time": 551.8,
                  "Actual Total Time": 1869.805,
                  "Actual Rows": 562797,
                  "Actual Loops": 4,
                  "Inner Unique": true,
                  "Plans": [
                    {
                      "Node Type": "Hash Join",
                      "Parent Relationship": "Outer",
                      "Parallel Aware": true,
                      "Join Type": "Inner",
                      "Startup Cost": 125016.36,
                      "Total Cost": 151662.63,
                      "Plan Rows": 37209,
                      "Plan Width": 8,
                      "Actual Startup Time": 551.701,
                      "Actual Total Time": 666.09,
                      "Actual Rows": 562797,
                      "Actual Loops": 4,
                      "Inner Unique": false,
                      "Hash Cond": "(mk.movie_id = ci.movie_id)",
                      "Plans": [
                        {
                          "Node Type": "Bitmap Heap Scan",
                          "Parent Relationship": "Outer",
                          "Parallel Aware": true,
                          "Relation Name": "movie_keyword",
                          "Alias": "mk",
                          "Startup Cost": 5866.8,
                          "Total Cost": 31435.46,
                          "Plan Rows": 89173,
                          "Plan Width": 4,
                          "Actual Startup Time": 32.244,
                          "Actual Total Time": 61.851,
                          "Actual Rows": 70764,
                          "Actual Loops": 4,
                          "Recheck Cond": "(keyword_id > 56560)",
                          "Rows Removed by Index Recheck": 0,
                          "Exact Heap Blocks": 5498,
                          "Lossy Heap Blocks": 0,
                          "Plans": [
                            {
                              "Node Type": "Bitmap Index Scan",
                              "Parent Relationship": "Outer",
                              "Parallel Aware": false,
                              "Index Name": "keyword_id_movie_keyword",
                              "Startup Cost": 0.0,
                              "Total Cost": 5797.69,
                              "Plan Rows": 276435,
                              "Plan Width": 0,
                              "Actual Startup Time": 29.026,
                              "Actual Total Time": 29.026,
                              "Actual Rows": 283056,
                              "Actual Loops": 1,
                              "Index Cond": "(keyword_id > 56560)"
                            }
                          ]
                        },
                        {
                          "Node Type": "Hash",
                          "Parent Relationship": "Inner",
                          "Parallel Aware": true,
                          "Startup Cost": 118067.1,
                          "Total Cost": 118067.1,
                          "Plan Rows": 86596,
                          "Plan Width": 4,
                          "Actual Startup Time": 517.414,
                          "Actual Total Time": 517.415,
                          "Actual Rows": 610090,
                          "Actual Loops": 4,
                          "Hash Buckets": 4194304,
                          "Original Hash Buckets": 524288,
                          "Hash Batches": 1,
                          "Original Hash Batches": 1,
                          "Peak Memory Usage": 156960,
                          "Plans": [
                            {
                              "Node Type": "Index Scan",
                              "Parent Relationship": "Outer",
                              "Parallel Aware": true,
                              "Scan Direction": "Forward",
                              "Index Name": "role_id_cast_info",
                              "Relation Name": "cast_info",
                              "Alias": "ci",
                              "Startup Cost": 0.56,
                              "Total Cost": 118067.1,
                              "Plan Rows": 86596,
                              "Plan Width": 4,
                              "Actual Startup Time": 0.126,
                              "Actual Total Time": 225.315,
                              "Actual Rows": 610090,
                              "Actual Loops": 4,
                              "Index Cond": "(role_id = 10)",
                              "Rows Removed by Index Recheck": 0,
                              "Filter": "(person_id > 3407081)",
                              "Rows Removed by Filter": 470665
                            }
                          ]
                        }
                      ]
                    },
                    {
                      "Node Type": "Index Only Scan",
                      "Parent Relationship": "Inner",
                      "Parallel Aware": false,
                      "Scan Direction": "Forward",
                      "Index Name": "title_pkey",
                      "Relation Name": "title",
                      "Alias": "t",
                      "Startup Cost": 0.43,
                      "Total Cost": 0.86,
                      "Plan Rows": 1,
                      "Plan Width": 4,
                      "Actual Startup Time": 0.002,
                      "Actual Total Time": 0.002,
                      "Actual Rows": 1,
                      "Actual Loops": 2251188,
                      "Index Cond": "(id = ci.movie_id)",
                      "Rows Removed by Index Recheck": 0,
                      "Heap Fetches": 2251188
                    }
                  ]
                }
              ]
            }
          ]
        }
      ]
    },
    "Planning Time": 0.546,
    "Triggers": [],
    "Execution Time": 1938.38
  }
]