[
  {
    "Plan": {
      "Node Type": "Aggregate",
      "Strategy": "Plain",
      "Partial Mode": "Finalize",
      "Parallel Aware": false,
      "Startup Cost": 46900.74,
      "Total Cost": 46900.75,
      "Plan Rows": 1,
      "Plan Width": 8,
      "Actual Startup Time": 198.537,
      "Actual Total Time": 208.647,
      "Actual Rows": 1,
      "Actual Loops": 1,
      "Plans": [
        {
          "Node Type": "Gather",
          "Parent Relationship": "Outer",
          "Parallel Aware": false,
          "Startup Cost": 46900.42,
          "Total Cost": 46900.73,
          "Plan Rows": 3,
          "Plan Width": 8,
          "Actual Startup Time": 198.412,
          "Actual Total Time": 208.636,
          "Actual Rows": 4,
          "Actual Loops": 1,
          "Workers Planned": 3,
          "Workers Launched": 3,
          "Single Copy": false,
          "Plans": [
            {
              "Node Type": "Aggregate",
              "Strategy": "Plain",
              "Partial Mode": "Partial",
              "Parent Relationship": "Outer",
              "Parallel Aware": false,
              "Startup Cost": 45900.42,
              "Total Cost": 45900.43,
              "Plan Rows": 1,
              "Plan Width": 8,
              "Actual Startup Time": 189.479,
              "Actual Total Time": 189.48,
              "Actual Rows": 1,
              "Actual Loops": 4,
              "Plans": [
                {
                  "Node Type": "Seq Scan",
                  "Parent Relationship": "Outer",
                  "Parallel Aware": true,
                  "Relation Name": "movie_keyword",
                  "Alias": "mk",
                  "Startup Cost": 0.0,
                  "Total Cost": 42695.65,
                  "Plan Rows": 1281907,
                  "Plan Width": 0,
                  "Actual Startup Time": 0.076,
                  "Actual Total Time": 138.352,
                  "Actual Rows": 992051,
                  "Actual Loops": 4,
                  "Filter": "(keyword_id > 397)",
                  "Rows Removed by Filter": 138932
                }
              ]
            }
          ]
        }
      ]
    },
    "Planning Time": 0.19,
    "Triggers": [],
    "Execution Time": 208.708
  }
]