{
  "Plan": {
    "Node Type": "Aggregate",
    "Strategy": "Plain",
    "Partial Mode": "Finalize",
    "Parallel Aware": false,
    "Startup Cost": 485384.59,
    "Total Cost": 485384.6,
    "Plan Rows": 1,
    "Plan Width": 8,
    "Actual Startup Time": 2295.052,
    "Actual Total Time": 2327.196,
    "Actual Rows": 1,
    "Actual Loops": 1,
    "Plans": [
      {
        "Node Type": "Gather",
        "Parent Relationship": "Outer",
        "Parallel Aware": false,
        "Startup Cost": 485384.48,
        "Total Cost": 485384.59,
        "Plan Rows": 1,
        "Plan Width": 8,
        "Actual Startup Time": 2292.03,
        "Actual Total Time": 2327.18,
        "Actual Rows": 2,
        "Actual Loops": 1,
        "Workers Planned": 1,
        "Workers Launched": 1,
        "Single Copy": false,
        "Plans": [
          {
            "Node Type": "Aggregate",
            "Strategy": "Plain",
            "Partial Mode": "Partial",
            "Parent Relationship": "Outer",
            "Parallel Aware": false,
            "Startup Cost": 484384.48,
            "Total Cost": 484384.49,
            "Plan Rows": 1,
            "Plan Width": 8,
            "Actual Startup Time": 2285.325,
            "Actual Total Time": 2285.331,
            "Actual Rows": 1,
            "Actual Loops": 2,
            "Plans": [
              {
                "Node Type": "Hash Join",
                "Parent Relationship": "Outer",
                "Parallel Aware": true,
                "Join Type": "Inner",
                "Startup Cost": 67635.06,
                "Total Cost": 477891.19,
                "Plan Rows": 2597316,
                "Plan Width": 0,
                "Actual Startup Time": 428.788,
                "Actual Total Time": 2230.564,
                "Actual Rows": 1108012,
                "Actual Loops": 2,
                "Inner Unique": true,
                "Hash Cond": "(ci.movie_id = t.id)",
                "Plans": [
                  {
                    "Node Type": "Index Scan",
                    "Parent Relationship": "Outer",
                    "Parallel Aware": true,
                    "Scan Direction": "Forward",
                    "Index Name": "role_id_cast_info",
                    "Relation Name": "cast_info",
                    "Alias": "ci",
                    "Startup Cost": 0.56,
                    "Total Cost": 396668.75,
                    "Plan Rows": 5176351,
                    "Plan Width": 4,
                    "Actual Startup Time": 0.159,
                    "Actual Total Time": 958.805,
                    "Actual Rows": 2142837,
                    "Actual Loops": 2,
                    "Index Cond": "(role_id > 3)",
                    "Rows Removed by Index Recheck": 0,
                    "Filter": "(person_id < 2684018)",
                    "Rows Removed by Filter": 3913986
                  },
                  {
                    "Node Type": "Hash",
                    "Parent Relationship": "Inner",
                    "Parallel Aware": true,
                    "Startup Cost": 58306.47,
                    "Total Cost": 58306.47,
                    "Plan Rows": 746242,
                    "Plan Width": 4,
                    "Actual Startup Time": 415.406,
                    "Actual Total Time": 415.407,
                    "Actual Rows": 674442,
                    "Actual Loops": 2,
                    "Hash Buckets": 2097152,
                    "Original Hash Buckets": 2097152,
                    "Hash Batches": 1,
                    "Original Hash Batches": 1,
                    "Peak Memory Usage": 69184,
                    "Plans": [
                      {
                        "Node Type": "Seq Scan",
                        "Parent Relationship": "Outer",
                        "Parallel Aware": true,
                        "Relation Name": "title",
                        "Alias": "t",
                        "Startup Cost": 0.0,
                        "Total Cost": 58306.47,
                        "Plan Rows": 746242,
                        "Plan Width": 4,
                        "Actual Startup Time": 0.041,
                        "Actual Total Time": 194.925,
                        "Actual Rows": 674442,
                        "Actual Loops": 2,
                        "Filter": "((production_year > 1970) AND (kind_id = 7))",
                        "Rows Removed by Filter": 589714
                      }
                    ]
                  }
                ]
              }
            ]
          }
        ]
      }
    ]
  },
  "Planning Time": 0.587,
  "Triggers": [],
  "Execution Time": 2327.29
}