[
  {
    "Plan": {
      "Node Type": "Aggregate",
      "Strategy": "Plain",
      "Partial Mode": "Finalize",
      "Parallel Aware": false,
      "Startup Cost": 162403.09,
      "Total Cost": 162403.1,
      "Plan Rows": 1,
      "Plan Width": 8,
      "Actual Startup Time": 1647.229,
      "Actual Total Time": 1696.781,
      "Actual Rows": 1,
      "Actual Loops": 1,
      "Plans": [
        {
          "Node Type": "Gather",
          "Parent Relationship": "Outer",
          "Parallel Aware": false,
          "Startup Cost": 162402.77,
          "Total Cost": 162403.08,
          "Plan Rows": 3,
          "Plan Width": 8,
          "Actual Startup Time": 1645.575,
          "Actual Total Time": 1696.77,
          "Actual Rows": 4,
          "Actual Loops": 1,
          "Workers Planned": 3,
          "Workers Launched": 3,
          "Single Copy": false,
          "Plans": [
            {
              "Node Type": "Aggregate",
              "Strategy": "Plain",
              "Partial Mode": "Partial",
              "Parent Relationship": "Outer",
              "Parallel Aware": false,
              "Startup Cost": 161402.77,
              "Total Cost": 161402.78,
              "Plan Rows": 1,
              "Plan Width": 8,
              "Actual Startup Time": 1636.051,
              "Actual Total Time": 1636.055,
              "Actual Rows": 1,
              "Actual Loops": 4,
              "Plans": [
                {
                  "Node Type": "Nested Loop",
                  "Parent Relationship": "Outer",
                  "Parallel Aware": false,
                  "Join Type": "Inner",
                  "Startup Cost": 46303.21,
                  "Total Cost": 161104.5,
                  "Plan Rows": 119308,
                  "Plan Width": 0,
                  "Actual Startup Time": 136.389,
                  "Actual Total Time": 1522.064,
                  "Actual Rows": 2731324,
                  "Actual Loops": 4,
                  "Inner Unique": false,
                  "Join Filter": "(t.id = mi.movie_id)",
                  "Rows Removed by Join Filter": 0,
                  "Plans": [
                    {
                      "Node Type": "Hash Join",
                      "Parent Relationship": "Outer",
                      "Parallel Aware": true,
                      "Join Type": "Inner",
                      "Startup Cost": 46302.77,
                      "Total Cost": 78565.48,
                      "Plan Rows": 33674,
                      "Plan Width": 8,
                      "Actual Startup Time": 136.326,
                      "Actual Total Time": 265.791,
                      "Actual Rows": 92376,
                      "Actual Loops": 4,
                      "Inner Unique": true,
                      "Hash Cond": "(mc.movie_id = t.id)",
                      "Plans": [
                        {
                          "Node Type": "Seq Scan",
                          "Parent Relationship": "Outer",
                          "Parallel Aware": true,
                          "Relation Name": "movie_companies",
                          "Alias": "mc",
                          "Startup Cost": 0.0,
                          "Total Cost": 31414.82,
                          "Plan Rows": 323006,
                          "Plan Width": 4,
                          "Actual Startup Time": 0.158,
                          "Actual Total Time": 65.666,
                          "Actual Rows": 214635,
                          "Actual Loops": 4,
                          "Filter": "((company_id > 596) AND (company_type_id = 1))",
                          "Rows Removed by Filter": 437647
                        },
                        {
                          "Node Type": "Hash",
                          "Parent Relationship": "Inner",
                          "Parallel Aware": true,
                          "Startup Cost": 45479.1,
                          "Total Cost": 45479.1,
                          "Plan Rows": 65894,
                          "Plan Width": 4,
                          "Actual Startup Time": 132.504,
                          "Actual Total Time": 132.505,
                          "Actual Rows": 101476,
                          "Actual Loops": 4,
                          "Hash Buckets": 524288,
                          "Original Hash Buckets": 524288,
                          "Hash Batches": 1,
                          "Original Hash Batches": 1,
                          "Peak Memory Usage": 20032,
                          "Plans": [
                            {
                              "Node Type": "Seq Scan",
                              "Parent Relationship": "Outer",
                              "Parallel Aware": true,
                              "Relation Name": "title",
                              "Alias": "t",
                              "Startup Cost": 0.0,
                              "Total Cost": 45479.1,
                              "Plan Rows": 65894,
                              "Plan Width": 4,
                              "Actual Startup Time": 0.063,
                              "Actual Total Time": 98.915,
                              "Actual Rows": 101476,
                              "Actual Loops": 4,
                              "Filter": "((kind_id < 4) AND (production_year < 1994))",
                              "Rows Removed by Filter": 530602
                            }
                          ]
                        }
                      ]
                    },
                    {
                      "Node Type": "Index Scan",
                      "Parent Relationship": "Inner",
                      "Parallel Aware": false,
                      "Scan Direction": "Forward",
                      "Index Name": "movie_id_movie_info",
                      "Relation Name": "movie_info",
                      "Alias": "mi",
                      "Startup Cost": 0.43,
                      "Total Cost": 2.14,
                      "Plan Rows": 25,
                      "Plan Width": 4,
                      "Actual Startup Time": 0.003,
                      "Actual Total Time": 0.011,
                      "Actual Rows": 30,
                      "Actual Loops": 369505,
                      "Index Cond": "(movie_id = mc.movie_id)",
                      "Rows Removed by Index Recheck": 0,
                      "Filter": "(info_type_id > 6)",
                      "Rows Removed by Filter": 9
                    }
                  ]
                }
              ]
            }
          ]
        }
      ]
    },
    "Planning Time": 1.467,
    "Triggers": [],
    "Execution Time": 1696.878
  }
]