{
  "Plan": {
    "Node Type": "Aggregate",
    "Strategy": "Plain",
    "Partial Mode": "Finalize",
    "Parallel Aware": false,
    "Startup Cost": 110170.07,
    "Total Cost": 110170.08,
    "Plan Rows": 1,
    "Plan Width": 8,
    "Actual Startup Time": 586.642,
    "Actual Total Time": 605.199,
    "Actual Rows": 1,
    "Actual Loops": 1,
    "Plans": [
      {
        "Node Type": "Gather",
        "Parent Relationship": "Outer",
        "Parallel Aware": false,
        "Startup Cost": 110169.96,
        "Total Cost": 110170.07,
        "Plan Rows": 1,
        "Plan Width": 8,
        "Actual Startup Time": 583.565,
        "Actual Total Time": 605.191,
        "Actual Rows": 2,
        "Actual Loops": 1,
        "Workers Planned": 1,
        "Workers Launched": 1,
        "Single Copy": false,
        "Plans": [
          {
            "Node Type": "Aggregate",
            "Strategy": "Plain",
            "Partial Mode": "Partial",
            "Parent Relationship": "Outer",
            "Parallel Aware": false,
            "Startup Cost": 109169.96,
            "Total Cost": 109169.97,
            "Plan Rows": 1,
            "Plan Width": 8,
            "Actual Startup Time": 577.918,
            "Actual Total Time": 578.237,
            "Actual Rows": 1,
            "Actual Loops": 2,
            "Plans": [
              {
                "Node Type": "Hash Join",
                "Parent Relationship": "Outer",
                "Parallel Aware": true,
                "Join Type": "Inner",
                "Startup Cost": 44810.78,
                "Total Cost": 108848.86,
                "Plan Rows": 128441,
                "Plan Width": 0,
                "Actual Startup Time": 249.057,
                "Actual Total Time": 573.676,
                "Actual Rows": 83399,
                "Actual Loops": 2,
                "Inner Unique": false,
                "Hash Cond": "(t.id = mc.movie_id)",
                "Plans": [
                  {
                    "Node Type": "Seq Scan",
                    "Parent Relationship": "Outer",
                    "Parallel Aware": true,
                    "Relation Name": "title",
                    "Alias": "t",
                    "Startup Cost": 0.0,
                    "Total Cost": 58306.47,
                    "Plan Rows": 796173,
                    "Plan Width": 4,
                    "Actual Startup Time": 0.012,
                    "Actual Total Time": 168.186,
                    "Actual Rows": 663890,
                    "Actual Loops": 2,
                    "Filter": "((production_year < 2012) AND (kind_id = 7))",
                    "Rows Removed by Filter": 600266
                  },
                  {
                    "Node Type": "Hash",
                    "Parent Relationship": "Inner",
                    "Parallel Aware": true,
                    "Startup Cost": 41811.73,
                    "Total Cost": 41811.73,
                    "Plan Rows": 239924,
                    "Plan Width": 4,
                    "Actual Startup Time": 243.83,
                    "Actual Total Time": 243.831,
                    "Actual Rows": 369203,
                    "Actual Loops": 2,
                    "Hash Buckets": 1048576,
                    "Original Hash Buckets": 524288,
                    "Hash Batches": 1,
                    "Original Hash Batches": 1,
                    "Peak Memory Usage": 41216,
                    "Plans": [
                      {
                        "Node Type": "Seq Scan",
                        "Parent Relationship": "Outer",
                        "Parallel Aware": true,
                        "Relation Name": "movie_companies",
                        "Alias": "mc",
                        "Startup Cost": 0.0,
                        "Total Cost": 41811.73,
                        "Plan Rows": 239924,
                        "Plan Width": 4,
                        "Actual Startup Time": 64.286,
                        "Actual Total Time": 145.238,
                        "Actual Rows": 369203,
                        "Actual Loops": 2,
                        "Filter": "((company_id > 28339) AND (company_type_id = 2))",
                        "Rows Removed by Filter": 935362
                      }
                    ]
                  }
                ]
              }
            ]
          }
        ]
      }
    ]
  },
  "Planning Time": 0.474,
  "Triggers": [],
  "Execution Time": 605.249
}