[
  {
    "Plan": {
      "Node Type": "Aggregate",
      "Strategy": "Plain",
      "Partial Mode": "Finalize",
      "Parallel Aware": false,
      "Startup Cost": 422627.79,
      "Total Cost": 422627.8,
      "Plan Rows": 1,
      "Plan Width": 8,
      "Actual Startup Time": 2760.808,
      "Actual Total Time": 2818.658,
      "Actual Rows": 1,
      "Actual Loops": 1,
      "Plans": [
        {
          "Node Type": "Gather",
          "Parent Relationship": "Outer",
          "Parallel Aware": false,
          "Startup Cost": 422627.16,
          "Total Cost": 422627.77,
          "Plan Rows": 6,
          "Plan Width": 8,
          "Actual Startup Time": 2751.998,
          "Actual Total Time": 2818.641,
          "Actual Rows": 7,
          "Actual Loops": 1,
          "Workers Planned": 6,
          "Workers Launched": 6,
          "Single Copy": false,
          "Plans": [
            {
              "Node Type": "Aggregate",
              "Strategy": "Plain",
              "Partial Mode": "Partial",
              "Parent Relationship": "Outer",
              "Parallel Aware": false,
              "Startup Cost": 421627.16,
              "Total Cost": 421627.17,
              "Plan Rows": 1,
              "Plan Width": 8,
              "Actual Startup Time": 2742.536,
              "Actual Total Time": 2742.694,
              "Actual Rows": 1,
              "Actual Loops": 7,
              "Plans": [
                {
                  "Node Type": "Hash Join",
                  "Parent Relationship": "Outer",
                  "Parallel Aware": true,
                  "Join Type": "Inner",
                  "Startup Cost": 69988.97,
                  "Total Cost": 415674.28,
                  "Plan Rows": 2381154,
                  "Plan Width": 0,
                  "Actual Startup Time": 363.163,
                  "Actual Total Time": 2524.041,
                  "Actual Rows": 4331623,
                  "Actual Loops": 7,
                  "Inner Unique": false,
                  "Hash Cond": "(ci.movie_id = t.id)",
                  "Plans": [
                    {
                      "Node Type": "Seq Scan",
                      "Parent Relationship": "Outer",
                      "Parallel Aware": true,
                      "Relation Name": "cast_info",
                      "Alias": "ci",
                      "Startup Cost": 0.0,
                      "Total Cost": 313106.51,
                      "Plan Rows": 6041951,
                      "Plan Width": 4,
                      "Actual Startup Time": 0.041,
                      "Actual Total Time": 600.264,
                      "Actual Rows": 5177763,
                      "Actual Loops": 7
                    },
                    {
                      "Node Type": "Hash",
                      "Parent Relationship": "Inner",
                      "Parallel Aware": true,
                      "Startup Cost": 64799.07,
                      "Total Cost": 64799.07,
                      "Plan Rows": 415192,
                      "Plan Width": 8,
                      "Actual Startup Time": 360.948,
                      "Actual Total Time": 361.103,
                      "Actual Rows": 137110,
                      "Actual Loops": 7,
                      "Hash Buckets": 1048576,
                      "Original Hash Buckets": 1048576,
                      "Hash Batches": 1,
                      "Original Hash Batches": 1,
                      "Peak Memory Usage": 45824,
                      "Plans": [
                        {
                          "Node Type": "Hash Join",
                          "Parent Relationship": "Outer",
                          "Parallel Aware": true,
                          "Join Type": "Inner",
                          "Startup Cost": 49604.51,
                          "Total Cost": 64799.07,
                          "Plan Rows": 415192,
                          "Plan Width": 8,
                          "Actual Startup Time": 221.81,
                          "Actual Total Time": 306.243,
                          "Actual Rows": 137110,
                          "Actual Loops": 7,
                          "Inner Unique": true,
                          "Hash Cond": "(mi_idx.movie_id = t.id)",
                          "Plans": [
                            {
                              "Node Type": "Seq Scan",
                              "Parent Relationship": "Outer",
                              "Parallel Aware": true,
                              "Relation Name": "movie_info_idx",
                              "Alias": "mi_idx",
                              "Startup Cost": 0.0,
                              "Total Cost": 13685.15,
                              "Plan Rows": 575015,
                              "Plan Width": 4,
                              "Actual Startup Time": 0.019,
                              "Actual Total Time": 23.364,
                              "Actual Rows": 197148,
                              "Actual Loops": 7
                            },
                            {
                              "Node Type": "Hash",
                              "Parent Relationship": "Inner",
                              "Parallel Aware": true,
                              "Startup Cost": 43899.32,
                              "Total Cost": 43899.32,
                              "Plan Rows": 456415,
                              "Plan Width": 4,
                              "Actual Startup Time": 219.778,
                              "Actual Total Time": 219.78,
                              "Actual Rows": 259035,
                              "Actual Loops": 7,
                              "Hash Buckets": 2097152,
                              "Original Hash Buckets": 2097152,
                              "Hash Batches": 1,
                              "Original Hash Batches": 1,
                              "Peak Memory Usage": 87424,
                              "Plans": [
                                {
                                  "Node Type": "Seq Scan",
                                  "Parent Relationship": "Outer",
                                  "Parallel Aware": true,
                                  "Relation Name": "title",
                                  "Alias": "t",
                                  "Startup Cost": 0.0,
                                  "Total Cost": 43899.32,
                                  "Plan Rows": 456415,
                                  "Plan Width": 4,
                                  "Actual Startup Time": 0.052,
                                  "Actual Total Time": 89.396,
                                  "Actual Rows": 259035,
                                  "Actual Loops": 7,
                                  "Filter": "(production_year > 1987)",
                                  "Rows Removed by Filter": 102152
                                }
                              ]
                            }
                          ]
                        }
                      ]
                    }
                  ]
                }
              ]
            }
          ]
        }
      ]
    },
    "Planning Time": 0.774,
    "Triggers": [],
    "Execution Time": 2818.716
  }
]