{
  "Plan": {
    "Node Type": "Aggregate",
    "Strategy": "Plain",
    "Partial Mode": "Simple",
    "Parallel Aware": false,
    "Startup Cost": 10002.42,
    "Total Cost": 10002.43,
    "Plan Rows": 1,
    "Plan Width": 32,
    "Actual Startup Time": 35.894,
    "Actual Total Time": 40.558,
    "Actual Rows": 1,
    "Actual Loops": 1,
    "Plans": [
      {
        "Node Type": "Gather",
        "Parent Relationship": "Outer",
        "Parallel Aware": false,
        "Startup Cost": 1001.71,
        "Total Cost": 10002.42,
        "Plan Rows": 1,
        "Plan Width": 17,
        "Actual Startup Time": 35.891,
        "Actual Total Time": 40.554,
        "Actual Rows": 0,
        "Actual Loops": 1,
        "Workers Planned": 1,
        "Workers Launched": 1,
        "Single Copy": false,
        "Plans": [
          {
            "Node Type": "Nested Loop",
            "Parent Relationship": "Outer",
            "Parallel Aware": false,
            "Join Type": "Inner",
            "Startup Cost": 1.71,
            "Total Cost": 9002.32,
            "Plan Rows": 1,
            "Plan Width": 17,
            "Actual Startup Time": 28.909,
            "Actual Total Time": 28.912,
            "Actual Rows": 0,
            "Actual Loops": 2,
            "Inner Unique": true,
            "Plans": [
              {
                "Node Type": "Nested Loop",
                "Parent Relationship": "Outer",
                "Parallel Aware": false,
                "Join Type": "Inner",
                "Startup Cost": 1.29,
                "Total Cost": 8894.18,
                "Plan Rows": 245,
                "Plan Width": 21,
                "Actual Startup Time": 17.529,
                "Actual Total Time": 28.895,
                "Actual Rows": 1,
                "Actual Loops": 2,
                "Inner Unique": false,
                "Plans": [
                  {
                    "Node Type": "Nested Loop",
                    "Parent Relationship": "Outer",
                    "Parallel Aware": false,
                    "Join Type": "Inner",
                    "Startup Cost": 0.86,
                    "Total Cost": 8652.04,
                    "Plan Rows": 137,
                    "Plan Width": 25,
                    "Actual Startup Time": 17.487,
                    "Actual Total Time": 28.869,
                    "Actual Rows": 1,
                    "Actual Loops": 2,
                    "Inner Unique": true,
                    "Plans": [
                      {
                        "Node Type": "Nested Loop",
                        "Parent Relationship": "Outer",
                        "Parallel Aware": false,
                        "Join Type": "Inner",
                        "Startup Cost": 0.43,
                        "Total Cost": 8581.28,
                        "Plan Rows": 137,
                        "Plan Width": 4,
                        "Actual Startup Time": 17.477,
                        "Actual Total Time": 28.852,
                        "Actual Rows": 1,
                        "Actual Loops": 2,
                        "Inner Unique": false,
                        "Plans": [
                          {
                            "Node Type": "Seq Scan",
                            "Parent Relationship": "Outer",
                            "Parallel Aware": true,
                            "Relation Name": "company_name",
                            "Alias": "cn",
                            "Startup Cost": 0.0,
                            "Total Cost": 4722.92,
                            "Plan Rows": 12,
                            "Plan Width": 4,
                            "Actual Startup Time": 17.458,
                            "Actual Total Time": 28.821,
                            "Actual Rows": 0,
                            "Actual Loops": 2,
                            "Filter": "((country_code)::text = '[sm]'::text)",
                            "Rows Removed by Filter": 117498
                          },
                          {
                            "Node Type": "Index Scan",
                            "Parent Relationship": "Inner",
                            "Parallel Aware": false,
                            "Scan Direction": "Forward",
                            "Index Name": "company_id_movie_companies",
                            "Relation Name": "movie_companies",
                            "Alias": "mc",
                            "Startup Cost": 0.43,
                            "Total Cost": 320.23,
                            "Plan Rows": 130,
                            "Plan Width": 8,
                            "Actual Startup Time": 0.028,
                            "Actual Total Time": 0.05,
                            "Actual Rows": 2,
                            "Actual Loops": 1,
                            "Index Cond": "(company_id = cn.id)",
                            "Rows Removed by Index Recheck": 0
                          }
                        ]
                      },
                      {
                        "Node Type": "Index Scan",
                        "Parent Relationship": "Inner",
                        "Parallel Aware": false,
                        "Scan Direction": "Forward",
                        "Index Name": "title_pkey",
                        "Relation Name": "title",
                        "Alias": "t",
                        "Startup Cost": 0.43,
                        "Total Cost": 0.52,
                        "Plan Rows": 1,
                        "Plan Width": 21,
                        "Actual Startup Time": 0.012,
                        "Actual Total Time": 0.012,
                        "Actual Rows": 1,
                        "Actual Loops": 2,
                        "Index Cond": "(id = mc.movie_id)",
                        "Rows Removed by Index Recheck": 0
                      }
                    ]
                  },
                  {
                    "Node Type": "Index Scan",
                    "Parent Relationship": "Inner",
                    "Parallel Aware": false,
                    "Scan Direction": "Forward",
                    "Index Name": "movie_id_movie_keyword",
                    "Relation Name": "movie_keyword",
                    "Alias": "mk",
                    "Startup Cost": 0.43,
                    "Total Cost": 1.31,
                    "Plan Rows": 46,
                    "Plan Width": 8,
                    "Actual Startup Time": 0.023,
                    "Actual Total Time": 0.023,
                    "Actual Rows": 1,
                    "Actual Loops": 2,
                    "Index Cond": "(movie_id = mc.movie_id)",
                    "Rows Removed by Index Recheck": 0
                  }
                ]
              },
              {
                "Node Type": "Index Scan",
                "Parent Relationship": "Inner",
                "Parallel Aware": false,
                "Scan Direction": "Forward",
                "Index Name": "keyword_pkey",
                "Relation Name": "keyword",
                "Alias": "k",
                "Startup Cost": 0.42,
                "Total Cost": 0.44,
                "Plan Rows": 1,
                "Plan Width": 4,
                "Actual Startup Time": 0.013,
                "Actual Total Time": 0.014,
                "Actual Rows": 0,
                "Actual Loops": 2,
                "Index Cond": "(id = mk.keyword_id)",
                "Rows Removed by Index Recheck": 0,
                "Filter": "(keyword = 'character-name-in-title'::text)",
                "Rows Removed by Filter": 1
              }
            ]
          }
        ]
      }
    ]
  },
  "Planning Time": 0.931,
  "Triggers": [],
  "Execution Time": 40.646
}