[
  {
    "Plan": {
      "Node Type": "Aggregate",
      "Strategy": "Plain",
      "Partial Mode": "Finalize",
      "Parallel Aware": false,
      "Startup Cost": 353322.66,
      "Total Cost": 353322.67,
      "Plan Rows": 1,
      "Plan Width": 8,
      "Actual Startup Time": 842.981,
      "Actual Total Time": 903.77,
      "Actual Rows": 1,
      "Actual Loops": 1,
      "Plans": [
        {
          "Node Type": "Gather",
          "Parent Relationship": "Outer",
          "Parallel Aware": false,
          "Startup Cost": 353322.04,
          "Total Cost": 353322.65,
          "Plan Rows": 6,
          "Plan Width": 8,
          "Actual Startup Time": 842.871,
          "Actual Total Time": 903.748,
          "Actual Rows": 7,
          "Actual Loops": 1,
          "Workers Planned": 6,
          "Workers Launched": 6,
          "Single Copy": false,
          "Plans": [
            {
              "Node Type": "Aggregate",
              "Strategy": "Plain",
              "Partial Mode": "Partial",
              "Parent Relationship": "Outer",
              "Parallel Aware": false,
              "Startup Cost": 352322.04,
              "Total Cost": 352322.05,
              "Plan Rows": 1,
              "Plan Width": 8,
              "Actual Startup Time": 832.759,
              "Actual Total Time": 832.76,
              "Actual Rows": 1,
              "Actual Loops": 7,
              "Plans": [
                {
                  "Node Type": "Seq Scan",
                  "Parent Relationship": "Outer",
                  "Parallel Aware": true,
                  "Relation Name": "cast_info",
                  "Alias": "ci",
                  "Startup Cost": 0.0,
                  "Total Cost": 343257.03,
                  "Plan Rows": 3626003,
                  "Plan Width": 0,
                  "Actual Startup Time": 227.294,
                  "Actual Total Time": 698.74,
                  "Actual Rows": 3242693,
                  "Actual Loops": 7,
                  "Filter": "((person_id > 301375) AND (role_id > 1))",
                  "Rows Removed by Filter": 1935070
                }
              ]
            }
          ]
        }
      ]
    },
    "Planning Time": 0.198,
    "Triggers": [],
    "Execution Time": 903.841
  }
]