[
  {
    "Plan": {
      "Node Type": "Aggregate",
      "Strategy": "Plain",
      "Partial Mode": "Finalize",
      "Parallel Aware": false,
      "Startup Cost": 351615.95,
      "Total Cost": 351615.96,
      "Plan Rows": 1,
      "Plan Width": 8,
      "Actual Startup Time": 837.509,
      "Actual Total Time": 896.635,
      "Actual Rows": 1,
      "Actual Loops": 1,
      "Plans": [
        {
          "Node Type": "Gather",
          "Parent Relationship": "Outer",
          "Parallel Aware": false,
          "Startup Cost": 351615.32,
          "Total Cost": 351615.93,
          "Plan Rows": 6,
          "Plan Width": 8,
          "Actual Startup Time": 837.369,
          "Actual Total Time": 896.625,
          "Actual Rows": 7,
          "Actual Loops": 1,
          "Workers Planned": 6,
          "Workers Launched": 6,
          "Single Copy": false,
          "Plans": [
            {
              "Node Type": "Aggregate",
              "Strategy": "Plain",
              "Partial Mode": "Partial",
              "Parent Relationship": "Outer",
              "Parallel Aware": false,
              "Startup Cost": 350615.32,
              "Total Cost": 350615.33,
              "Plan Rows": 1,
              "Plan Width": 8,
              "Actual Startup Time": 829.638,
              "Actual Total Time": 829.639,
              "Actual Rows": 1,
              "Actual Loops": 7,
              "Plans": [
                {
                  "Node Type": "Seq Scan",
                  "Parent Relationship": "Outer",
                  "Parallel Aware": true,
                  "Relation Name": "cast_info",
                  "Alias": "ci",
                  "Startup Cost": 0.0,
                  "Total Cost": 343257.03,
                  "Plan Rows": 2943318,
                  "Plan Width": 0,
                  "Actual Startup Time": 0.04,
                  "Actual Total Time": 697.266,
                  "Actual Rows": 2921521,
                  "Actual Loops": 7,
                  "Filter": "((person_id < 2298771) AND (role_id < 7))",
                  "Rows Removed by Filter": 2256243
                }
              ]
            }
          ]
        }
      ]
    },
    "Planning Time": 0.23,
    "Triggers": [],
    "Execution Time": 896.711
  }
]