[
  {
    "Plan": {
      "Node Type": "Aggregate",
      "Strategy": "Plain",
      "Partial Mode": "Finalize",
      "Parallel Aware": false,
      "Startup Cost": 62078.64,
      "Total Cost": 62078.65,
      "Plan Rows": 1,
      "Plan Width": 8,
      "Actual Startup Time": 270.284,
      "Actual Total Time": 281.703,
      "Actual Rows": 1,
      "Actual Loops": 1,
      "Plans": [
        {
          "Node Type": "Gather",
          "Parent Relationship": "Outer",
          "Parallel Aware": false,
          "Startup Cost": 62078.43,
          "Total Cost": 62078.64,
          "Plan Rows": 2,
          "Plan Width": 8,
          "Actual Startup Time": 269.102,
          "Actual Total Time": 281.695,
          "Actual Rows": 3,
          "Actual Loops": 1,
          "Workers Planned": 2,
          "Workers Launched": 2,
          "Single Copy": false,
          "Plans": [
            {
              "Node Type": "Aggregate",
              "Strategy": "Plain",
              "Partial Mode": "Partial",
              "Parent Relationship": "Outer",
              "Parallel Aware": false,
              "Startup Cost": 61078.43,
              "Total Cost": 61078.44,
              "Plan Rows": 1,
              "Plan Width": 8,
              "Actual Startup Time": 262.591,
              "Actual Total Time": 262.594,
              "Actual Rows": 1,
              "Actual Loops": 3,
              "Plans": [
                {
                  "Node Type": "Hash Join",
                  "Parent Relationship": "Outer",
                  "Parallel Aware": true,
                  "Join Type": "Inner",
                  "Startup Cost": 45821.64,
                  "Total Cost": 61016.2,
                  "Plan Rows": 24893,
                  "Plan Width": 0,
                  "Actual Startup Time": 191.893,
                  "Actual Total Time": 259.4,
                  "Actual Rows": 62587,
                  "Actual Loops": 3,
                  "Inner Unique": true,
                  "Hash Cond": "(mi_idx.movie_id = t.id)",
                  "Plans": [
                    {
                      "Node Type": "Seq Scan",
                      "Parent Relationship": "Outer",
                      "Parallel Aware": true,
                      "Relation Name": "movie_info_idx",
                      "Alias": "mi_idx",
                      "Startup Cost": 0.0,
                      "Total Cost": 13685.15,
                      "Plan Rows": 575015,
                      "Plan Width": 4,
                      "Actual Startup Time": 0.024,
                      "Actual Total Time": 39.458,
                      "Actual Rows": 460012,
                      "Actual Loops": 3
                    },
                    {
                      "Node Type": "Hash",
                      "Parent Relationship": "Inner",
                      "Parallel Aware": true,
                      "Startup Cost": 45479.59,
                      "Total Cost": 45479.59,
                      "Plan Rows": 27364,
                      "Plan Width": 4,
                      "Actual Startup Time": 150.95,
                      "Actual Total Time": 150.951,
                      "Actual Rows": 82737,
                      "Actual Loops": 3,
                      "Hash Buckets": 262144,
                      "Original Hash Buckets": 131072,
                      "Hash Batches": 1,
                      "Original Hash Batches": 1,
                      "Peak Memory Usage": 12832,
                      "Plans": [
                        {
                          "Node Type": "Seq Scan",
                          "Parent Relationship": "Outer",
                          "Parallel Aware": true,
                          "Relation Name": "title",
                          "Alias": "t",
                          "Startup Cost": 0.0,
                          "Total Cost": 45479.59,
                          "Plan Rows": 27364,
                          "Plan Width": 4,
                          "Actual Startup Time": 67.172,
                          "Actual Total Time": 120.413,
                          "Actual Rows": 82737,
                          "Actual Loops": 3,
                          "Filter": "((production_year < 1975) AND (kind_id = 1))",
                          "Rows Removed by Filter": 760034
                        }
                      ]
                    }
                  ]
                }
              ]
            }
          ]
        }
      ]
    },
    "Planning Time": 0.406,
    "Triggers": [],
    "Execution Time": 281.757
  }
]