{
  "Plan": {
    "Node Type": "Aggregate",
    "Strategy": "Plain",
    "Partial Mode": "Finalize",
    "Parallel Aware": false,
    "Startup Cost": 2259227.15,
    "Total Cost": 2259227.16,
    "Plan Rows": 1,
    "Plan Width": 8,
    "Actual Startup Time": 10517.24,
    "Actual Total Time": 10517.349,
    "Actual Rows": 1,
    "Actual Loops": 1,
    "Plans": [
      {
        "Node Type": "Gather",
        "Parent Relationship": "Outer",
        "Parallel Aware": false,
        "Startup Cost": 2259227.04,
        "Total Cost": 2259227.15,
        "Plan Rows": 1,
        "Plan Width": 8,
        "Actual Startup Time": 10517.23,
        "Actual Total Time": 10517.342,
        "Actual Rows": 2,
        "Actual Loops": 1,
        "Workers Planned": 1,
        "Workers Launched": 1,
        "Single Copy": false,
        "Plans": [
          {
            "Node Type": "Aggregate",
            "Strategy": "Plain",
            "Partial Mode": "Partial",
            "Parent Relationship": "Outer",
            "Parallel Aware": false,
            "Startup Cost": 2258227.04,
            "Total Cost": 2258227.05,
            "Plan Rows": 1,
            "Plan Width": 8,
            "Actual Startup Time": 9567.751,
            "Actual Total Time": 9567.753,
            "Actual Rows": 1,
            "Actual Loops": 2,
            "Plans": [
              {
                "Node Type": "Merge Join",
                "Parent Relationship": "Outer",
                "Parallel Aware": false,
                "Join Type": "Inner",
                "Startup Cost": 1810603.71,
                "Total Cost": 2236816.93,
                "Plan Rows": 8564044,
                "Plan Width": 0,
                "Actual Startup Time": 3957.422,
                "Actual Total Time": 9025.52,
                "Actual Rows": 12474252,
                "Actual Loops": 2,
                "Inner Unique": false,
                "Merge Cond": "(t.id = mc.movie_id)",
                "Plans": [
                  {
                    "Node Type": "Merge Join",
                    "Parent Relationship": "Outer",
                    "Parallel Aware": false,
                    "Join Type": "Inner",
                    "Startup Cost": 1810600.1,
                    "Total Cost": 1947709.71,
                    "Plan Rows": 8298713,
                    "Plan Width": 8,
                    "Actual Startup Time": 3957.321,
                    "Actual Total Time": 6090.729,
                    "Actual Rows": 5624253,
                    "Actual Loops": 2,
                    "Inner Unique": true,
                    "Merge Cond": "(ci.movie_id = t.id)",
                    "Plans": [
                      {
                        "Node Type": "Sort",
                        "Parent Relationship": "Outer",
                        "Parallel Aware": false,
                        "Startup Cost": 1480437.72,
                        "Total Cost": 1501184.5,
                        "Plan Rows": 8298713,
                        "Plan Width": 4,
                        "Actual Startup Time": 3078.645,
                        "Actual Total Time": 3821.727,
                        "Actual Rows": 5624253,
                        "Actual Loops": 2,
                        "Sort Key": [
                          "ci.movie_id"
                        ],
                        "Sort Method": "quicksort",
                        "Sort Space Used": 512120,
                        "Sort Space Type": "Memory",
                        "Workers": [
                          {
                            "Worker Number": 0,
                            "Sort Method": "quicksort",
                            "Sort Space Used": 408408,
                            "Sort Space Type": "Memory"
                          }
                        ],
                        "Plans": [
                          {
                            "Node Type": "Index Scan",
                            "Parent Relationship": "Outer",
                            "Parallel Aware": true,
                            "Scan Direction": "Forward",
                            "Index Name": "role_id_cast_info",
                            "Relation Name": "cast_info",
                            "Alias": "ci",
                            "Startup Cost": 0.56,
                            "Total Cost": 526730.69,
                            "Plan Rows": 8298713,
                            "Plan Width": 4,
                            "Actual Startup Time": 0.112,
                            "Actual Total Time": 1555.115,
                            "Actual Rows": 5624649,
                            "Actual Loops": 2,
                            "Index Cond": "(role_id > 2)",
                            "Rows Removed by Index Recheck": 0,
                            "Filter": "(person_id < 3187054)",
                            "Rows Removed by Filter": 2436192
                          }
                        ]
                      },
                      {
                        "Node Type": "Sort",
                        "Parent Relationship": "Inner",
                        "Parallel Aware": false,
                        "Startup Cost": 330161.51,
                        "Total Cost": 336482.24,
                        "Plan Rows": 2528293,
                        "Plan Width": 4,
                        "Actual Startup Time": 878.665,
                        "Actual Total Time": 1295.037,
                        "Actual Rows": 2525747,
                        "Actual Loops": 2,
                        "Sort Key": [
                          "t.id"
                        ],
                        "Sort Method": "quicksort",
                        "Sort Space Used": 216819,
                        "Sort Space Type": "Memory",
                        "Workers": [
                          {
                            "Worker Number": 0,
                            "Sort Method": "quicksort",
                            "Sort Space Used": 216819,
                            "Sort Space Type": "Memory"
                          }
                        ],
                        "Plans": [
                          {
                            "Node Type": "Seq Scan",
                            "Parent Relationship": "Outer",
                            "Parallel Aware": false,
                            "Relation Name": "title",
                            "Alias": "t",
                            "Startup Cost": 0.0,
                            "Total Cost": 61280.93,
                            "Plan Rows": 2528293,
                            "Plan Width": 4,
                            "Actual Startup Time": 0.041,
                            "Actual Total Time": 251.188,
                            "Actual Rows": 2528312,
                            "Actual Loops": 2
                          }
                        ]
                      }
                    ]
                  },
                  {
                    "Node Type": "Materialize",
                    "Parent Relationship": "Inner",
                    "Parallel Aware": false,
                    "Startup Cost": 0.43,
                    "Total Cost": 146582.27,
                    "Plan Rows": 2609129,
                    "Plan Width": 4,
                    "Actual Startup Time": 0.059,
                    "Actual Total Time": 1364.417,
                    "Actual Rows": 12950870,
                    "Actual Loops": 2,
                    "Plans": [
                      {
                        "Node Type": "Index Only Scan",
                        "Parent Relationship": "Outer",
                        "Parallel Aware": false,
                        "Scan Direction": "Forward",
                        "Index Name": "movie_id_movie_companies",
                        "Relation Name": "movie_companies",
                        "Alias": "mc",
                        "Startup Cost": 0.43,
                        "Total Cost": 140059.44,
                        "Plan Rows": 2609129,
                        "Plan Width": 4,
                        "Actual Startup Time": 0.055,
                        "Actual Total Time": 668.191,
                        "Actual Rows": 2609129,
                        "Actual Loops": 2,
                        "Heap Fetches": 5218258
                      }
                    ]
                  }
                ]
              }
            ]
          }
        ]
      }
    ]
  },
  "Planning Time": 1.101,
  "Triggers": [],
  "Execution Time": 10562.818
}