[
    {
        "Bao": {
            "Bao prediction": "NaN",
            "Bao recommended hint": "(no hint)"
        }
    },
    {
        "Plan": {
            "Node Type": "Aggregate",
            "Strategy": "Plain",
            "Partial Mode": "Finalize",
            "Parallel Aware": false,
            "Startup Cost": 31305.23,
            "Total Cost": 31305.24,
            "Plan Rows": 1,
            "Plan Width": 8,
            "Actual Startup Time": 101.287,
            "Actual Total Time": 107.188,
            "Actual Rows": 1,
            "Actual Loops": 1,
            "Output": [
                "count(*)"
            ],
            "Plans": [
                {
                    "Node Type": "Gather",
                    "Parent Relationship": "Outer",
                    "Parallel Aware": false,
                    "Startup Cost": 31304.91,
                    "Total Cost": 31305.22,
                    "Plan Rows": 3,
                    "Plan Width": 8,
                    "Actual Startup Time": 101.194,
                    "Actual Total Time": 107.18,
                    "Actual Rows": 4,
                    "Actual Loops": 1,
                    "Output": [
                        "(PARTIAL count(*))"
                    ],
                    "Workers Planned": 3,
                    "Workers Launched": 3,
                    "Single Copy": false,
                    "Plans": [
                        {
                            "Node Type": "Aggregate",
                            "Strategy": "Plain",
                            "Partial Mode": "Partial",
                            "Parent Relationship": "Outer",
                            "Parallel Aware": false,
                            "Startup Cost": 30304.91,
                            "Total Cost": 30304.92,
                            "Plan Rows": 1,
                            "Plan Width": 8,
                            "Actual Startup Time": 93.002,
                            "Actual Total Time": 93.003,
                            "Actual Rows": 1,
                            "Actual Loops": 4,
                            "Output": [
                                "PARTIAL count(*)"
                            ],
                            "Workers": [
                                {
                                    "Worker Number": 0,
                                    "Actual Startup Time": 90.075,
                                    "Actual Total Time": 90.077,
                                    "Actual Rows": 1,
                                    "Actual Loops": 1
                                },
                                {
                                    "Worker Number": 1,
                                    "Actual Startup Time": 90.474,
                                    "Actual Total Time": 90.475,
                                    "Actual Rows": 1,
                                    "Actual Loops": 1
                                },
                                {
                                    "Worker Number": 2,
                                    "Actual Startup Time": 90.705,
                                    "Actual Total Time": 90.706,
                                    "Actual Rows": 1,
                                    "Actual Loops": 1
                                }
                            ],
                            "Plans": [
                                {
                                    "Node Type": "Seq Scan",
                                    "Parent Relationship": "Outer",
                                    "Parallel Aware": true,
                                    "Relation Name": "movie_companies",
                                    "Schema": "public",
                                    "Alias": "mc",
                                    "Startup Cost": 0.0,
                                    "Total Cost": 29310.68,
                                    "Plan Rows": 397691,
                                    "Plan Width": 0,
                                    "Actual Startup Time": 0.066,
                                    "Actual Total Time": 75.854,
                                    "Actual Rows": 304794,
                                    "Actual Loops": 4,
                                    "Output": [
                                        "id",
                                        "movie_id",
                                        "company_id",
                                        "company_type_id",
                                        "note"
                                    ],
                                    "Filter": "(mc.company_id < 11138)",
                                    "Rows Removed by Filter": 347489,
                                    "Workers": [
                                        {
                                            "Worker Number": 0,
                                            "Actual Startup Time": 0.064,
                                            "Actual Total Time": 74.314,
                                            "Actual Rows": 250616,
                                            "Actual Loops": 1
                                        },
                                        {
                                            "Worker Number": 1,
                                            "Actual Startup Time": 0.076,
                                            "Actual Total Time": 74.769,
                                            "Actual Rows": 190912,
                                            "Actual Loops": 1
                                        },
                                        {
                                            "Worker Number": 2,
                                            "Actual Startup Time": 0.11,
                                            "Actual Total Time": 74.756,
                                            "Actual Rows": 251940,
                                            "Actual Loops": 1
                                        }
                                    ]
                                }
                            ]
                        }
                    ]
                }
            ]
        },
        "Planning Time": 192.887,
        "Triggers": [],
        "Execution Time": 107.266
    }
]