[
  {
    "Plan": {
      "Node Type": "Aggregate",
      "Strategy": "Plain",
      "Partial Mode": "Finalize",
      "Parallel Aware": false,
      "Startup Cost": 362965.65,
      "Total Cost": 362965.66,
      "Plan Rows": 1,
      "Plan Width": 8,
      "Actual Startup Time": 836.861,
      "Actual Total Time": 859.664,
      "Actual Rows": 1,
      "Actual Loops": 1,
      "Plans": [
        {
          "Node Type": "Gather",
          "Parent Relationship": "Outer",
          "Parallel Aware": false,
          "Startup Cost": 362965.33,
          "Total Cost": 362965.64,
          "Plan Rows": 3,
          "Plan Width": 8,
          "Actual Startup Time": 823.18,
          "Actual Total Time": 859.653,
          "Actual Rows": 4,
          "Actual Loops": 1,
          "Workers Planned": 3,
          "Workers Launched": 3,
          "Single Copy": false,
          "Plans": [
            {
              "Node Type": "Aggregate",
              "Strategy": "Plain",
              "Partial Mode": "Partial",
              "Parent Relationship": "Outer",
              "Parallel Aware": false,
              "Startup Cost": 361965.33,
              "Total Cost": 361965.34,
              "Plan Rows": 1,
              "Plan Width": 8,
              "Actual Startup Time": 814.291,
              "Actual Total Time": 814.537,
              "Actual Rows": 1,
              "Actual Loops": 4,
              "Plans": [
                {
                  "Node Type": "Hash Join",
                  "Parent Relationship": "Outer",
                  "Parallel Aware": true,
                  "Join Type": "Inner",
                  "Startup Cost": 330652.0,
                  "Total Cost": 361394.98,
                  "Plan Rows": 228138,
                  "Plan Width": 0,
                  "Actual Startup Time": 590.62,
                  "Actual Total Time": 799.7,
                  "Actual Rows": 362197,
                  "Actual Loops": 4,
                  "Inner Unique": false,
                  "Hash Cond": "(mc.movie_id = t.id)",
                  "Plans": [
                    {
                      "Node Type": "Seq Scan",
                      "Parent Relationship": "Outer",
                      "Parallel Aware": true,
                      "Relation Name": "movie_companies",
                      "Alias": "mc",
                      "Startup Cost": 0.0,
                      "Total Cost": 27206.55,
                      "Plan Rows": 841655,
                      "Plan Width": 4,
                      "Actual Startup Time": 0.013,
                      "Actual Total Time": 56.761,
                      "Actual Rows": 652282,
                      "Actual Loops": 4
                    },
                    {
                      "Node Type": "Hash",
                      "Parent Relationship": "Inner",
                      "Parallel Aware": true,
                      "Startup Cost": 329224.19,
                      "Total Cost": 329224.19,
                      "Plan Rows": 114225,
                      "Plan Width": 8,
                      "Actual Startup Time": 587.595,
                      "Actual Total Time": 587.839,
                      "Actual Rows": 186170,
                      "Actual Loops": 4,
                      "Hash Buckets": 1048576,
                      "Original Hash Buckets": 1048576,
                      "Hash Batches": 1,
                      "Original Hash Batches": 1,
                      "Peak Memory Usage": 37408,
                      "Plans": [
                        {
                          "Node Type": "Hash Join",
                          "Parent Relationship": "Outer",
                          "Parallel Aware": true,
                          "Join Type": "Inner",
                          "Startup Cost": 73881.24,
                          "Total Cost": 329224.19,
                          "Plan Rows": 114225,
                          "Plan Width": 8,
                          "Actual Startup Time": 322.146,
                          "Actual Total Time": 513.795,
                          "Actual Rows": 186170,
                          "Actual Loops": 4,
                          "Inner Unique": true,
                          "Hash Cond": "(ci.movie_id = t.id)",
                          "Plans": [
                            {
                              "Node Type": "Bitmap Heap Scan",
                              "Parent Relationship": "Outer",
                              "Parallel Aware": true,
                              "Relation Name": "cast_info",
                              "Alias": "ci",
                              "Startup Cost": 23261.97,
                              "Total Cost": 278143.97,
                              "Plan Rows": 175600,
                              "Plan Width": 4,
                              "Actual Startup Time": 41.103,
                              "Actual Total Time": 98.026,
                              "Actual Rows": 251876,
                              "Actual Loops": 4,
                              "Recheck Cond": "(person_id > 3867722)",
                              "Rows Removed by Index Recheck": 0,
                              "Exact Heap Blocks": 3890,
                              "Lossy Heap Blocks": 0,
                              "Plans": [
                                {
                                  "Node Type": "Bitmap Index Scan",
                                  "Parent Relationship": "Outer",
                                  "Parallel Aware": false,
                                  "Index Name": "person_id_cast_info",
                                  "Startup Cost": 0.0,
                                  "Total Cost": 22998.56,
                                  "Plan Rows": 1053600,
                                  "Plan Width": 0,
                                  "Actual Startup Time": 38.972,
                                  "Actual Total Time": 38.972,
                                  "Actual Rows": 1007502,
                                  "Actual Loops": 1,
                                  "Index Cond": "(person_id > 3867722)"
                                }
                              ]
                            },
                            {
                              "Node Type": "Hash",
                              "Parent Relationship": "Inner",
                              "Parallel Aware": true,
                              "Startup Cost": 45479.59,
                              "Total Cost": 45479.59,
                              "Plan Rows": 411175,
                              "Plan Width": 4,
                              "Actual Startup Time": 277.581,
                              "Actual Total Time": 277.582,
                              "Actual Rows": 436919,
                              "Actual Loops": 4,
                              "Hash Buckets": 2097152,
                              "Original Hash Buckets": 2097152,
                              "Hash Batches": 1,
                              "Original Hash Batches": 1,
                              "Peak Memory Usage": 84800,
                              "Plans": [
                                {
                                  "Node Type": "Seq Scan",
                                  "Parent Relationship": "Outer",
                                  "Parallel Aware": true,
                                  "Relation Name": "title",
                                  "Alias": "t",
                                  "Startup Cost": 0.0,
                                  "Total Cost": 45479.59,
                                  "Plan Rows": 411175,
                                  "Plan Width": 4,
                                  "Actual Startup Time": 0.056,
                                  "Actual Total Time": 114.143,
                                  "Actual Rows": 436919,
                                  "Actual Loops": 4,
                                  "Filter": "((kind_id > 1) AND (production_year > 1959))",
                                  "Rows Removed by Filter": 195159
                                }
                              ]
                            }
                          ]
                        }
                      ]
                    }
                  ]
                }
              ]
            }
          ]
        }
      ]
    },
    "Planning Time": 0.692,
    "Triggers": [],
    "Execution Time": 859.714
  }
]