[
  {
    "Plan": {
      "Node Type": "Aggregate",
      "Strategy": "Plain",
      "Partial Mode": "Finalize",
      "Parallel Aware": false,
      "Startup Cost": 362583.36,
      "Total Cost": 362583.37,
      "Plan Rows": 1,
      "Plan Width": 8,
      "Actual Startup Time": 852.028,
      "Actual Total Time": 872.157,
      "Actual Rows": 1,
      "Actual Loops": 1,
      "Plans": [
        {
          "Node Type": "Gather",
          "Parent Relationship": "Outer",
          "Parallel Aware": false,
          "Startup Cost": 362583.04,
          "Total Cost": 362583.35,
          "Plan Rows": 3,
          "Plan Width": 8,
          "Actual Startup Time": 843.384,
          "Actual Total Time": 872.146,
          "Actual Rows": 4,
          "Actual Loops": 1,
          "Workers Planned": 3,
          "Workers Launched": 3,
          "Single Copy": false,
          "Plans": [
            {
              "Node Type": "Aggregate",
              "Strategy": "Plain",
              "Partial Mode": "Partial",
              "Parent Relationship": "Outer",
              "Parallel Aware": false,
              "Startup Cost": 361583.04,
              "Total Cost": 361583.05,
              "Plan Rows": 1,
              "Plan Width": 8,
              "Actual Startup Time": 833.074,
              "Actual Total Time": 833.08,
              "Actual Rows": 1,
              "Actual Loops": 4,
              "Plans": [
                {
                  "Node Type": "Hash Join",
                  "Parent Relationship": "Outer",
                  "Parallel Aware": true,
                  "Join Type": "Inner",
                  "Startup Cost": 330283.9,
                  "Total Cost": 361021.21,
                  "Plan Rows": 224734,
                  "Plan Width": 0,
                  "Actual Startup Time": 569.621,
                  "Actual Total Time": 814.445,
                  "Actual Rows": 362197,
                  "Actual Loops": 4,
                  "Inner Unique": false,
                  "Hash Cond": "(mc.movie_id = t.id)",
                  "Plans": [
                    {
                      "Node Type": "Seq Scan",
                      "Parent Relationship": "Outer",
                      "Parallel Aware": true,
                      "Relation Name": "movie_companies",
                      "Alias": "mc",
                      "Startup Cost": 0.0,
                      "Total Cost": 27206.55,
                      "Plan Rows": 841655,
                      "Plan Width": 4,
                      "Actual Startup Time": 0.022,
                      "Actual Total Time": 68.525,
                      "Actual Rows": 652282,
                      "Actual Loops": 4
                    },
                    {
                      "Node Type": "Hash",
                      "Parent Relationship": "Inner",
                      "Parallel Aware": true,
                      "Startup Cost": 328877.46,
                      "Total Cost": 328877.46,
                      "Plan Rows": 112515,
                      "Plan Width": 8,
                      "Actual Startup Time": 564.261,
                      "Actual Total Time": 564.265,
                      "Actual Rows": 186170,
                      "Actual Loops": 4,
                      "Hash Buckets": 1048576,
                      "Original Hash Buckets": 1048576,
                      "Hash Batches": 1,
                      "Original Hash Batches": 1,
                      "Peak Memory Usage": 37408,
                      "Plans": [
                        {
                          "Node Type": "Hash Join",
                          "Parent Relationship": "Outer",
                          "Parallel Aware": true,
                          "Join Type": "Inner",
                          "Startup Cost": 73570.48,
                          "Total Cost": 328877.46,
                          "Plan Rows": 112515,
                          "Plan Width": 8,
                          "Actual Startup Time": 309.338,
                          "Actual Total Time": 488.739,
                          "Actual Rows": 186170,
                          "Actual Loops": 4,
                          "Inner Unique": true,
                          "Hash Cond": "(ci.movie_id = t.id)",
                          "Plans": [
                            {
                              "Node Type": "Bitmap Heap Scan",
                              "Parent Relationship": "Outer",
                              "Parallel Aware": true,
                              "Relation Name": "cast_info",
                              "Alias": "ci",
                              "Startup Cost": 22959.38,
                              "Total Cost": 277811.65,
                              "Plan Rows": 173222,
                              "Plan Width": 4,
                              "Actual Startup Time": 35.674,
                              "Actual Total Time": 82.859,
                              "Actual Rows": 251876,
                              "Actual Loops": 4,
                              "Recheck Cond": "(person_id > 3867722)",
                              "Rows Removed by Index Recheck": 0,
                              "Exact Heap Blocks": 3138,
                              "Lossy Heap Blocks": 0,
                              "Plans": [
                                {
                                  "Node Type": "Bitmap Index Scan",
                                  "Parent Relationship": "Outer",
                                  "Parallel Aware": false,
                                  "Index Name": "person_id_cast_info",
                                  "Startup Cost": 0.0,
                                  "Total Cost": 22699.55,
                                  "Plan Rows": 1039331,
                                  "Plan Width": 0,
                                  "Actual Startup Time": 33.538,
                                  "Actual Total Time": 33.538,
                                  "Actual Rows": 1007502,
                                  "Actual Loops": 1,
                                  "Index Cond": "(person_id > 3867722)"
                                }
                              ]
                            },
                            {
                              "Node Type": "Hash",
                              "Parent Relationship": "Inner",
                              "Parallel Aware": true,
                              "Startup Cost": 45479.1,
                              "Total Cost": 45479.1,
                              "Plan Rows": 410560,
                              "Plan Width": 4,
                              "Actual Startup Time": 268.669,
                              "Actual Total Time": 268.67,
                              "Actual Rows": 436919,
                              "Actual Loops": 4,
                              "Hash Buckets": 2097152,
                              "Original Hash Buckets": 2097152,
                              "Hash Batches": 1,
                              "Original Hash Batches": 1,
                              "Peak Memory Usage": 84832,
                              "Plans": [
                                {
                                  "Node Type": "Seq Scan",
                                  "Parent Relationship": "Outer",
                                  "Parallel Aware": true,
                                  "Relation Name": "title",
                                  "Alias": "t",
                                  "Startup Cost": 0.0,
                                  "Total Cost": 45479.1,
                                  "Plan Rows": 410560,
                                  "Plan Width": 4,
                                  "Actual Startup Time": 0.043,
                                  "Actual Total Time": 113.882,
                                  "Actual Rows": 436919,
                                  "Actual Loops": 4,
                                  "Filter": "((kind_id > 1) AND (production_year > 1959))",
                                  "Rows Removed by Filter": 195159
                                }
                              ]
                            }
                          ]
                        }
                      ]
                    }
                  ]
                }
              ]
            }
          ]
        }
      ]
    },
    "Planning Time": 1.386,
    "Triggers": [],
    "Execution Time": 872.264
  }
]