[
  {
    "Plan": {
      "Node Type": "Aggregate",
      "Strategy": "Plain",
      "Partial Mode": "Finalize",
      "Parallel Aware": false,
      "Startup Cost": 90001.73,
      "Total Cost": 90001.74,
      "Plan Rows": 1,
      "Plan Width": 8,
      "Actual Startup Time": 405.85,
      "Actual Total Time": 421.142,
      "Actual Rows": 1,
      "Actual Loops": 1,
      "Plans": [
        {
          "Node Type": "Gather",
          "Parent Relationship": "Outer",
          "Parallel Aware": false,
          "Startup Cost": 90001.42,
          "Total Cost": 90001.73,
          "Plan Rows": 3,
          "Plan Width": 8,
          "Actual Startup Time": 397.165,
          "Actual Total Time": 421.133,
          "Actual Rows": 4,
          "Actual Loops": 1,
          "Workers Planned": 3,
          "Workers Launched": 3,
          "Single Copy": false,
          "Plans": [
            {
              "Node Type": "Aggregate",
              "Strategy": "Plain",
              "Partial Mode": "Partial",
              "Parent Relationship": "Outer",
              "Parallel Aware": false,
              "Startup Cost": 89001.42,
              "Total Cost": 89001.43,
              "Plan Rows": 1,
              "Plan Width": 8,
              "Actual Startup Time": 380.79,
              "Actual Total Time": 380.794,
              "Actual Rows": 1,
              "Actual Loops": 4,
              "Plans": [
                {
                  "Node Type": "Hash Join",
                  "Parent Relationship": "Outer",
                  "Parallel Aware": true,
                  "Join Type": "Inner",
                  "Startup Cost": 61181.37,
                  "Total Cost": 88759.62,
                  "Plan Rows": 96717,
                  "Plan Width": 0,
                  "Actual Startup Time": 279.433,
                  "Actual Total Time": 376.243,
                  "Actual Rows": 93789,
                  "Actual Loops": 4,
                  "Inner Unique": true,
                  "Hash Cond": "(mk.movie_id = t.id)",
                  "Plans": [
                    {
                      "Node Type": "Bitmap Heap Scan",
                      "Parent Relationship": "Outer",
                      "Parallel Aware": true,
                      "Relation Name": "movie_keyword",
                      "Alias": "mk",
                      "Startup Cost": 13583.08,
                      "Total Cost": 40619.11,
                      "Plan Rows": 206562,
                      "Plan Width": 4,
                      "Actual Startup Time": 38.125,
                      "Actual Total Time": 96.997,
                      "Actual Rows": 155370,
                      "Actual Loops": 4,
                      "Recheck Cond": "(keyword_id > 29348)",
                      "Rows Removed by Index Recheck": 0,
                      "Exact Heap Blocks": 6630,
                      "Lossy Heap Blocks": 0,
                      "Plans": [
                        {
                          "Node Type": "Bitmap Index Scan",
                          "Parent Relationship": "Outer",
                          "Parallel Aware": false,
                          "Index Name": "keyword_id_movie_keyword",
                          "Startup Cost": 0.0,
                          "Total Cost": 13423.0,
                          "Plan Rows": 640342,
                          "Plan Width": 0,
                          "Actual Startup Time": 34.462,
                          "Actual Total Time": 34.463,
                          "Actual Rows": 621482,
                          "Actual Loops": 1,
                          "Index Cond": "(keyword_id > 29348)"
                        }
                      ]
                    },
                    {
                      "Node Type": "Hash",
                      "Parent Relationship": "Inner",
                      "Parallel Aware": true,
                      "Startup Cost": 43898.92,
                      "Total Cost": 43898.92,
                      "Plan Rows": 295950,
                      "Plan Width": 4,
                      "Actual Startup Time": 232.647,
                      "Actual Total Time": 232.648,
                      "Actual Rows": 298981,
                      "Actual Loops": 4,
                      "Hash Buckets": 2097152,
                      "Original Hash Buckets": 2097152,
                      "Hash Batches": 1,
                      "Original Hash Batches": 1,
                      "Peak Memory Usage": 63200,
                      "Plans": [
                        {
                          "Node Type": "Seq Scan",
                          "Parent Relationship": "Outer",
                          "Parallel Aware": true,
                          "Relation Name": "title",
                          "Alias": "t",
                          "Startup Cost": 0.0,
                          "Total Cost": 43898.92,
                          "Plan Rows": 295950,
                          "Plan Width": 4,
                          "Actual Startup Time": 0.044,
                          "Actual Total Time": 106.131,
                          "Actual Rows": 298981,
                          "Actual Loops": 4,
                          "Filter": "(production_year < 2003)",
                          "Rows Removed by Filter": 333097
                        }
                      ]
                    }
                  ]
                }
              ]
            }
          ]
        }
      ]
    },
    "Planning Time": 0.609,
    "Triggers": [],
    "Execution Time": 421.236
  }
]