{
    "Plan": {
        "Node Type": "Aggregate",
        "Strategy": "Plain",
        "Partial Mode": "Simple",
        "Parallel Aware": false,
        "Startup Cost": 3429.47,
        "Total Cost": 3429.48,
        "Plan Rows": 1,
        "Plan Width": 8,
        "Actual Startup Time": 38.298,
        "Actual Total Time": 38.301,
        "Actual Rows": 1,
        "Actual Loops": 1,
        "Output": [
            "count(*)"
        ],
        "Plans": [
            {
                "Node Type": "Nested Loop",
                "Parent Relationship": "Outer",
                "Parallel Aware": false,
                "Join Type": "Inner",
                "Startup Cost": 1.3,
                "Total Cost": 3428.75,
                "Plan Rows": 290,
                "Plan Width": 0,
                "Actual Startup Time": 16.04,
                "Actual Total Time": 37.804,
                "Actual Rows": 3001,
                "Actual Loops": 1,
                "Inner Unique": false,
                "Plans": [
                    {
                        "Node Type": "Nested Loop",
                        "Parent Relationship": "Outer",
                        "Parallel Aware": false,
                        "Join Type": "Inner",
                        "Startup Cost": 0.86,
                        "Total Cost": 3029.31,
                        "Plan Rows": 244,
                        "Plan Width": 8,
                        "Actual Startup Time": 16.017,
                        "Actual Total Time": 19.485,
                        "Actual Rows": 268,
                        "Actual Loops": 1,
                        "Output": [
                            "t.id",
                            "mk.movie_id"
                        ],
                        "Inner Unique": true,
                        "Plans": [
                            {
                                "Node Type": "Index Scan",
                                "Parent Relationship": "Outer",
                                "Parallel Aware": false,
                                "Scan Direction": "Forward",
                                "Index Name": "keyword_id_movie_keyword",
                                "Relation Name": "movie_keyword",
                                "Schema": "public",
                                "Alias": "mk",
                                "Startup Cost": 0.43,
                                "Total Cost": 980.12,
                                "Plan Rows": 244,
                                "Plan Width": 4,
                                "Actual Startup Time": 15.986,
                                "Actual Total Time": 16.742,
                                "Actual Rows": 268,
                                "Actual Loops": 1,
                                "Output": [
                                    "mk.id",
                                    "mk.movie_id",
                                    "mk.keyword_id"
                                ],
                                "Index Cond": "(mk.keyword_id = 14707)",
                                "Rows Removed by Index Recheck": 0
                            },
                            {
                                "Node Type": "Index Only Scan",
                                "Parent Relationship": "Inner",
                                "Parallel Aware": false,
                                "Scan Direction": "Forward",
                                "Index Name": "title_pkey",
                                "Relation Name": "title",
                                "Schema": "public",
                                "Alias": "t",
                                "Startup Cost": 0.43,
                                "Total Cost": 8.4,
                                "Plan Rows": 1,
                                "Plan Width": 4,
                                "Actual Startup Time": 0.009,
                                "Actual Total Time": 0.009,
                                "Actual Rows": 1,
                                "Actual Loops": 268,
                                "Output": [
                                    "t.id"
                                ],
                                "Index Cond": "(t.id = mk.movie_id)",
                                "Rows Removed by Index Recheck": 0,
                                "Heap Fetches": 268
                            }
                        ]
                    },
                    {
                        "Node Type": "Index Scan",
                        "Parent Relationship": "Inner",
                        "Parallel Aware": false,
                        "Scan Direction": "Forward",
                        "Index Name": "movie_id_movie_info",
                        "Relation Name": "movie_info",
                        "Schema": "public",
                        "Alias": "mi",
                        "Startup Cost": 0.43,
                        "Total Cost": 1.56,
                        "Plan Rows": 8,
                        "Plan Width": 4,
                        "Actual Startup Time": 0.026,
                        "Actual Total Time": 0.065,
                        "Actual Rows": 11,
                        "Actual Loops": 268,
                        "Output": [
                            "mi.id",
                            "mi.movie_id",
                            "mi.info_type_id",
                            "mi.info",
                            "mi.note"
                        ],
                        "Index Cond": "(mi.movie_id = t.id)",
                        "Rows Removed by Index Recheck": 0,
                        "Filter": "(mi.info_type_id = 16)",
                        "Rows Removed by Filter": 57
                    }
                ]
            }
        ]
    },
    "Planning Time": 1.442,
    "Triggers": [],
    "Execution Time": 38.369
}