{
  "Plan": {
    "Node Type": "Aggregate",
    "Strategy": "Plain",
    "Partial Mode": "Finalize",
    "Parallel Aware": false,
    "Startup Cost": 76234.58,
    "Total Cost": 76234.59,
    "Plan Rows": 1,
    "Plan Width": 8,
    "Actual Startup Time": 157.354,
    "Actual Total Time": 170.893,
    "Actual Rows": 1,
    "Actual Loops": 1,
    "Plans": [
      {
        "Node Type": "Gather",
        "Parent Relationship": "Outer",
        "Parallel Aware": false,
        "Startup Cost": 76234.46,
        "Total Cost": 76234.57,
        "Plan Rows": 1,
        "Plan Width": 8,
        "Actual Startup Time": 157.067,
        "Actual Total Time": 170.887,
        "Actual Rows": 2,
        "Actual Loops": 1,
        "Workers Planned": 1,
        "Workers Launched": 1,
        "Single Copy": false,
        "Plans": [
          {
            "Node Type": "Aggregate",
            "Strategy": "Plain",
            "Partial Mode": "Partial",
            "Parent Relationship": "Outer",
            "Parallel Aware": false,
            "Startup Cost": 75234.46,
            "Total Cost": 75234.47,
            "Plan Rows": 1,
            "Plan Width": 8,
            "Actual Startup Time": 151.063,
            "Actual Total Time": 151.066,
            "Actual Rows": 1,
            "Actual Loops": 2,
            "Plans": [
              {
                "Node Type": "Hash Join",
                "Parent Relationship": "Outer",
                "Parallel Aware": true,
                "Join Type": "Inner",
                "Startup Cost": 55274.87,
                "Total Cost": 75234.28,
                "Plan Rows": 73,
                "Plan Width": 0,
                "Actual Startup Time": 138.715,
                "Actual Total Time": 151.048,
                "Actual Rows": 164,
                "Actual Loops": 2,
                "Inner Unique": true,
                "Hash Cond": "(mc.movie_id = t.id)",
                "Plans": [
                  {
                    "Node Type": "Bitmap Heap Scan",
                    "Parent Relationship": "Outer",
                    "Parallel Aware": true,
                    "Relation Name": "movie_companies",
                    "Alias": "mc",
                    "Startup Cost": 603.45,
                    "Total Cost": 20520.01,
                    "Plan Rows": 16320,
                    "Plan Width": 4,
                    "Actual Startup Time": 3.97,
                    "Actual Total Time": 14.641,
                    "Actual Rows": 13652,
                    "Actual Loops": 2,
                    "Recheck Cond": "(company_id = 27)",
                    "Rows Removed by Index Recheck": 0,
                    "Exact Heap Blocks": 5628,
                    "Lossy Heap Blocks": 0,
                    "Plans": [
                      {
                        "Node Type": "Bitmap Index Scan",
                        "Parent Relationship": "Outer",
                        "Parallel Aware": false,
                        "Index Name": "company_id_movie_companies",
                        "Startup Cost": 0.0,
                        "Total Cost": 596.51,
                        "Plan Rows": 27744,
                        "Plan Width": 0,
                        "Actual Startup Time": 2.928,
                        "Actual Total Time": 2.929,
                        "Actual Rows": 27303,
                        "Actual Loops": 1,
                        "Index Cond": "(company_id = 27)"
                      }
                    ]
                  },
                  {
                    "Node Type": "Hash",
                    "Parent Relationship": "Inner",
                    "Parallel Aware": true,
                    "Startup Cost": 54588.39,
                    "Total Cost": 54588.39,
                    "Plan Rows": 6643,
                    "Plan Width": 4,
                    "Actual Startup Time": 133.422,
                    "Actual Total Time": 133.423,
                    "Actual Rows": 5560,
                    "Actual Loops": 2,
                    "Hash Buckets": 16384,
                    "Original Hash Buckets": 16384,
                    "Hash Batches": 1,
                    "Original Hash Batches": 1,
                    "Peak Memory Usage": 576,
                    "Plans": [
                      {
                        "Node Type": "Seq Scan",
                        "Parent Relationship": "Outer",
                        "Parallel Aware": true,
                        "Relation Name": "title",
                        "Alias": "t",
                        "Startup Cost": 0.0,
                        "Total Cost": 54588.39,
                        "Plan Rows": 6643,
                        "Plan Width": 4,
                        "Actual Startup Time": 0.112,
                        "Actual Total Time": 131.228,
                        "Actual Rows": 5560,
                        "Actual Loops": 2,
                        "Filter": "(production_year = 1960)",
                        "Rows Removed by Filter": 1258596
                      }
                    ]
                  }
                ]
              }
            ]
          }
        ]
      }
    ]
  },
  "Planning Time": 0.463,
  "Triggers": [],
  "Execution Time": 170.987
}