{
  "Plan": {
    "Node Type": "Aggregate",
    "Strategy": "Plain",
    "Partial Mode": "Finalize",
    "Parallel Aware": false,
    "Startup Cost": 443402.78,
    "Total Cost": 443402.79,
    "Plan Rows": 1,
    "Plan Width": 8,
    "Actual Startup Time": 851.09,
    "Actual Total Time": 867.822,
    "Actual Rows": 1,
    "Actual Loops": 1,
    "Plans": [
      {
        "Node Type": "Gather",
        "Parent Relationship": "Outer",
        "Parallel Aware": false,
        "Startup Cost": 443402.67,
        "Total Cost": 443402.78,
        "Plan Rows": 1,
        "Plan Width": 8,
        "Actual Startup Time": 848.523,
        "Actual Total Time": 867.815,
        "Actual Rows": 2,
        "Actual Loops": 1,
        "Workers Planned": 1,
        "Workers Launched": 1,
        "Single Copy": false,
        "Plans": [
          {
            "Node Type": "Aggregate",
            "Strategy": "Plain",
            "Partial Mode": "Partial",
            "Parent Relationship": "Outer",
            "Parallel Aware": false,
            "Startup Cost": 442402.67,
            "Total Cost": 442402.68,
            "Plan Rows": 1,
            "Plan Width": 8,
            "Actual Startup Time": 841.458,
            "Actual Total Time": 841.467,
            "Actual Rows": 1,
            "Actual Loops": 2,
            "Plans": [
              {
                "Node Type": "Merge Join",
                "Parent Relationship": "Outer",
                "Parallel Aware": false,
                "Join Type": "Inner",
                "Startup Cost": 439861.28,
                "Total Cost": 442360.63,
                "Plan Rows": 16818,
                "Plan Width": 0,
                "Actual Startup Time": 780.536,
                "Actual Total Time": 841.069,
                "Actual Rows": 9592,
                "Actual Loops": 2,
                "Inner Unique": false,
                "Merge Cond": "(t.id = ci.movie_id)",
                "Plans": [
                  {
                    "Node Type": "Sort",
                    "Parent Relationship": "Outer",
                    "Parallel Aware": false,
                    "Startup Cost": 119058.21,
                    "Total Cost": 119368.98,
                    "Plan Rows": 124306,
                    "Plan Width": 8,
                    "Actual Startup Time": 449.915,
                    "Actual Total Time": 450.879,
                    "Actual Rows": 19928,
                    "Actual Loops": 2,
                    "Sort Key": [
                      "t.id"
                    ],
                    "Sort Method": "quicksort",
                    "Sort Space Used": 1939,
                    "Sort Space Type": "Memory",
                    "Workers": [
                      {
                        "Worker Number": 0,
                        "Sort Method": "quicksort",
                        "Sort Space Used": 1082,
                        "Sort Space Type": "Memory"
                      }
                    ],
                    "Plans": [
                      {
                        "Node Type": "Hash Join",
                        "Parent Relationship": "Outer",
                        "Parallel Aware": true,
                        "Join Type": "Inner",
                        "Startup Cost": 78233.05,
                        "Total Cost": 108539.73,
                        "Plan Rows": 124306,
                        "Plan Width": 8,
                        "Actual Startup Time": 296.088,
                        "Actual Total Time": 445.695,
                        "Actual Rows": 19928,
                        "Actual Loops": 2,
                        "Inner Unique": true,
                        "Hash Cond": "(mk.movie_id = t.id)",
                        "Plans": [
                          {
                            "Node Type": "Bitmap Heap Scan",
                            "Parent Relationship": "Outer",
                            "Parallel Aware": true,
                            "Relation Name": "movie_keyword",
                            "Alias": "mk",
                            "Startup Cost": 13954.55,
                            "Total Cost": 43245.48,
                            "Plan Rows": 386954,
                            "Plan Width": 4,
                            "Actual Startup Time": 38.235,
                            "Actual Total Time": 115.096,
                            "Actual Rows": 334832,
                            "Actual Loops": 2,
                            "Recheck Cond": "(keyword_id < 527)",
                            "Rows Removed by Index Recheck": 0,
                            "Exact Heap Blocks": 13686,
                            "Lossy Heap Blocks": 0,
                            "Plans": [
                              {
                                "Node Type": "Bitmap Index Scan",
                                "Parent Relationship": "Outer",
                                "Parallel Aware": false,
                                "Index Name": "keyword_id_movie_keyword",
                                "Startup Cost": 0.0,
                                "Total Cost": 13790.1,
                                "Plan Rows": 657822,
                                "Plan Width": 0,
                                "Actual Startup Time": 34.615,
                                "Actual Total Time": 34.616,
                                "Actual Rows": 669665,
                                "Actual Loops": 1,
                                "Index Cond": "(keyword_id < 527)"
                              }
                            ]
                          },
                          {
                            "Node Type": "Hash",
                            "Parent Relationship": "Inner",
                            "Parallel Aware": true,
                            "Startup Cost": 58306.47,
                            "Total Cost": 58306.47,
                            "Plan Rows": 477762,
                            "Plan Width": 4,
                            "Actual Startup Time": 250.18,
                            "Actual Total Time": 250.182,
                            "Actual Rows": 369380,
                            "Actual Loops": 2,
                            "Hash Buckets": 1048576,
                            "Original Hash Buckets": 1048576,
                            "Hash Batches": 1,
                            "Original Hash Batches": 1,
                            "Peak Memory Usage": 37120,
                            "Plans": [
                              {
                                "Node Type": "Seq Scan",
                                "Parent Relationship": "Outer",
                                "Parallel Aware": true,
                                "Relation Name": "title",
                                "Alias": "t",
                                "Startup Cost": 0.0,
                                "Total Cost": 58306.47,
                                "Plan Rows": 477762,
                                "Plan Width": 4,
                                "Actual Startup Time": 0.03,
                                "Actual Total Time": 158.877,
                                "Actual Rows": 369380,
                                "Actual Loops": 2,
                                "Filter": "((production_year < 2005) AND (kind_id = 7))",
                                "Rows Removed by Filter": 894776
                              }
                            ]
                          }
                        ]
                      }
                    ]
                  },
                  {
                    "Node Type": "Sort",
                    "Parent Relationship": "Inner",
                    "Parallel Aware": false,
                    "Startup Cost": 320803.03,
                    "Total Cost": 321658.16,
                    "Plan Rows": 342052,
                    "Plan Width": 4,
                    "Actual Startup Time": 330.294,
                    "Actual Total Time": 361.525,
                    "Actual Rows": 434946,
                    "Actual Loops": 2,
                    "Sort Key": [
                      "ci.movie_id"
                    ],
                    "Sort Method": "quicksort",
                    "Sort Space Used": 58571,
                    "Sort Space Type": "Memory",
                    "Workers": [
                      {
                        "Worker Number": 0,
                        "Sort Method": "quicksort",
                        "Sort Space Used": 58571,
                        "Sort Space Type": "Memory"
                      }
                    ],
                    "Plans": [
                      {
                        "Node Type": "Bitmap Heap Scan",
                        "Parent Relationship": "Outer",
                        "Parallel Aware": false,
                        "Relation Name": "cast_info",
                        "Alias": "ci",
                        "Startup Cost": 21775.67,
                        "Total Cost": 289361.86,
                        "Plan Rows": 342052,
                        "Plan Width": 4,
                        "Actual Startup Time": 35.011,
                        "Actual Total Time": 155.43,
                        "Actual Rows": 725220,
                        "Actual Loops": 2,
                        "Recheck Cond": "(person_id < 101380)",
                        "Rows Removed by Index Recheck": 0,
                        "Filter": "(role_id < 2)",
                        "Rows Removed by Filter": 267435,
                        "Exact Heap Blocks": 10300,
                        "Lossy Heap Blocks": 0,
                        "Plans": [
                          {
                            "Node Type": "Bitmap Index Scan",
                            "Parent Relationship": "Outer",
                            "Parallel Aware": false,
                            "Index Name": "person_id_cast_info",
                            "Startup Cost": 0.0,
                            "Total Cost": 21690.16,
                            "Plan Rows": 993279,
                            "Plan Width": 0,
                            "Actual Startup Time": 33.824,
                            "Actual Total Time": 33.824,
                            "Actual Rows": 992655,
                            "Actual Loops": 2,
                            "Index Cond": "(person_id < 101380)"
                          }
                        ]
                      }
                    ]
                  }
                ]
              }
            ]
          }
        ]
      }
    ]
  },
  "Planning Time": 0.695,
  "Triggers": [],
  "Execution Time": 872.57
}