{
  "Plan": {
    "Node Type": "Aggregate",
    "Strategy": "Plain",
    "Partial Mode": "Finalize",
    "Parallel Aware": false,
    "Startup Cost": 830150.03,
    "Total Cost": 830150.04,
    "Plan Rows": 1,
    "Plan Width": 8,
    "Actual Startup Time": 7879.339,
    "Actual Total Time": 7937.812,
    "Actual Rows": 1,
    "Actual Loops": 1,
    "Plans": [
      {
        "Node Type": "Gather",
        "Parent Relationship": "Outer",
        "Parallel Aware": false,
        "Startup Cost": 830149.92,
        "Total Cost": 830150.03,
        "Plan Rows": 1,
        "Plan Width": 8,
        "Actual Startup Time": 7871.144,
        "Actual Total Time": 7937.803,
        "Actual Rows": 2,
        "Actual Loops": 1,
        "Workers Planned": 1,
        "Workers Launched": 1,
        "Single Copy": false,
        "Plans": [
          {
            "Node Type": "Aggregate",
            "Strategy": "Plain",
            "Partial Mode": "Partial",
            "Parent Relationship": "Outer",
            "Parallel Aware": false,
            "Startup Cost": 829149.92,
            "Total Cost": 829149.93,
            "Plan Rows": 1,
            "Plan Width": 8,
            "Actual Startup Time": 7864.468,
            "Actual Total Time": 7866.125,
            "Actual Rows": 1,
            "Actual Loops": 2,
            "Plans": [
              {
                "Node Type": "Hash Join",
                "Parent Relationship": "Outer",
                "Parallel Aware": true,
                "Join Type": "Inner",
                "Startup Cost": 142427.76,
                "Total Cost": 808599.6,
                "Plan Rows": 8220129,
                "Plan Width": 0,
                "Actual Startup Time": 1482.958,
                "Actual Total Time": 7071.866,
                "Actual Rows": 19995634,
                "Actual Loops": 2,
                "Inner Unique": false,
                "Hash Cond": "(ci.movie_id = t.id)",
                "Plans": [
                  {
                    "Node Type": "Seq Scan",
                    "Parent Relationship": "Outer",
                    "Parallel Aware": true,
                    "Relation Name": "cast_info",
                    "Alias": "ci",
                    "Startup Cost": 0.0,
                    "Total Cost": 572345.93,
                    "Plan Rows": 12125921,
                    "Plan Width": 4,
                    "Actual Startup Time": 170.673,
                    "Actual Total Time": 1870.718,
                    "Actual Rows": 10015579,
                    "Actual Loops": 2,
                    "Filter": "((person_id > 496227) AND (role_id < 4))",
                    "Rows Removed by Filter": 8106593
                  },
                  {
                    "Node Type": "Hash",
                    "Parent Relationship": "Inner",
                    "Parallel Aware": true,
                    "Startup Cost": 129825.39,
                    "Total Cost": 129825.39,
                    "Plan Rows": 1008190,
                    "Plan Width": 8,
                    "Actual Startup Time": 1297.826,
                    "Actual Total Time": 1299.481,
                    "Actual Rows": 858610,
                    "Actual Loops": 2,
                    "Hash Buckets": 2097152,
                    "Original Hash Buckets": 2097152,
                    "Hash Batches": 1,
                    "Original Hash Batches": 1,
                    "Peak Memory Usage": 83584,
                    "Plans": [
                      {
                        "Node Type": "Hash Join",
                        "Parent Relationship": "Outer",
                        "Parallel Aware": true,
                        "Join Type": "Inner",
                        "Startup Cost": 69460.7,
                        "Total Cost": 129825.39,
                        "Plan Rows": 1008190,
                        "Plan Width": 8,
                        "Actual Startup Time": 659.223,
                        "Actual Total Time": 1100.862,
                        "Actual Rows": 858610,
                        "Actual Loops": 2,
                        "Inner Unique": true,
                        "Hash Cond": "(mk.movie_id = t.id)",
                        "Plans": [
                          {
                            "Node Type": "Seq Scan",
                            "Parent Relationship": "Outer",
                            "Parallel Aware": true,
                            "Relation Name": "movie_keyword",
                            "Alias": "mk",
                            "Startup Cost": 0.0,
                            "Total Cost": 57718.19,
                            "Plan Rows": 1008190,
                            "Plan Width": 4,
                            "Actual Startup Time": 0.893,
                            "Actual Total Time": 224.573,
                            "Actual Rows": 858610,
                            "Actual Loops": 2,
                            "Filter": "(keyword_id > 8274)",
                            "Rows Removed by Filter": 1403355
                          },
                          {
                            "Node Type": "Hash",
                            "Parent Relationship": "Inner",
                            "Parallel Aware": true,
                            "Startup Cost": 50870.31,
                            "Total Cost": 50870.31,
                            "Plan Rows": 1487231,
                            "Plan Width": 4,
                            "Actual Startup Time": 644.993,
                            "Actual Total Time": 644.994,
                            "Actual Rows": 1264156,
                            "Actual Loops": 2,
                            "Hash Buckets": 4194304,
                            "Original Hash Buckets": 4194304,
                            "Hash Batches": 1,
                            "Original Hash Batches": 1,
                            "Peak Memory Usage": 131712,
                            "Plans": [
                              {
                                "Node Type": "Seq Scan",
                                "Parent Relationship": "Outer",
                                "Parallel Aware": true,
                                "Relation Name": "title",
                                "Alias": "t",
                                "Startup Cost": 0.0,
                                "Total Cost": 50870.31,
                                "Plan Rows": 1487231,
                                "Plan Width": 4,
                                "Actual Startup Time": 0.026,
                                "Actual Total Time": 186.758,
                                "Actual Rows": 1264156,
                                "Actual Loops": 2
                              }
                            ]
                          }
                        ]
                      }
                    ]
                  }
                ]
              }
            ]
          }
        ]
      }
    ]
  },
  "Planning Time": 0.974,
  "Triggers": [],
  "Execution Time": 7937.901
}