{
  "Plan": {
    "Node Type": "Aggregate",
    "Strategy": "Plain",
    "Partial Mode": "Finalize",
    "Parallel Aware": false,
    "Startup Cost": 214204.16,
    "Total Cost": 214204.17,
    "Plan Rows": 1,
    "Plan Width": 8,
    "Actual Startup Time": 1471.666,
    "Actual Total Time": 1488.366,
    "Actual Rows": 1,
    "Actual Loops": 1,
    "Plans": [
      {
        "Node Type": "Gather",
        "Parent Relationship": "Outer",
        "Parallel Aware": false,
        "Startup Cost": 214204.05,
        "Total Cost": 214204.16,
        "Plan Rows": 1,
        "Plan Width": 8,
        "Actual Startup Time": 1468.001,
        "Actual Total Time": 1488.358,
        "Actual Rows": 2,
        "Actual Loops": 1,
        "Workers Planned": 1,
        "Workers Launched": 1,
        "Single Copy": false,
        "Plans": [
          {
            "Node Type": "Aggregate",
            "Strategy": "Plain",
            "Partial Mode": "Partial",
            "Parent Relationship": "Outer",
            "Parallel Aware": false,
            "Startup Cost": 213204.05,
            "Total Cost": 213204.06,
            "Plan Rows": 1,
            "Plan Width": 8,
            "Actual Startup Time": 1460.493,
            "Actual Total Time": 1460.496,
            "Actual Rows": 1,
            "Actual Loops": 2,
            "Plans": [
              {
                "Node Type": "Hash Join",
                "Parent Relationship": "Outer",
                "Parallel Aware": true,
                "Join Type": "Inner",
                "Startup Cost": 68405.38,
                "Total Cost": 211586.64,
                "Plan Rows": 646961,
                "Plan Width": 0,
                "Actual Startup Time": 419.618,
                "Actual Total Time": 1395.306,
                "Actual Rows": 1564137,
                "Actual Loops": 2,
                "Inner Unique": true,
                "Hash Cond": "(ci.movie_id = t.id)",
                "Plans": [
                  {
                    "Node Type": "Index Scan",
                    "Parent Relationship": "Outer",
                    "Parallel Aware": true,
                    "Scan Direction": "Forward",
                    "Index Name": "role_id_cast_info",
                    "Relation Name": "cast_info",
                    "Alias": "ci",
                    "Startup Cost": 0.56,
                    "Total Cost": 140896.75,
                    "Plan Rows": 870505,
                    "Plan Width": 4,
                    "Actual Startup Time": 0.047,
                    "Actual Total Time": 337.927,
                    "Actual Rows": 1700118,
                    "Actual Loops": 2,
                    "Index Cond": "(role_id = 10)",
                    "Rows Removed by Index Recheck": 0,
                    "Filter": "(person_id > 2466733)",
                    "Rows Removed by Filter": 461390
                  },
                  {
                    "Node Type": "Hash",
                    "Parent Relationship": "Inner",
                    "Parallel Aware": true,
                    "Startup Cost": 54588.39,
                    "Total Cost": 54588.39,
                    "Plan Rows": 1105314,
                    "Plan Width": 4,
                    "Actual Startup Time": 405.304,
                    "Actual Total Time": 405.305,
                    "Actual Rows": 935599,
                    "Actual Loops": 2,
                    "Hash Buckets": 2097152,
                    "Original Hash Buckets": 2097152,
                    "Hash Batches": 1,
                    "Original Hash Batches": 1,
                    "Peak Memory Usage": 89600,
                    "Plans": [
                      {
                        "Node Type": "Seq Scan",
                        "Parent Relationship": "Outer",
                        "Parallel Aware": true,
                        "Relation Name": "title",
                        "Alias": "t",
                        "Startup Cost": 0.0,
                        "Total Cost": 54588.39,
                        "Plan Rows": 1105314,
                        "Plan Width": 4,
                        "Actual Startup Time": 0.028,
                        "Actual Total Time": 172.063,
                        "Actual Rows": 935599,
                        "Actual Loops": 2,
                        "Filter": "(production_year > 1984)",
                        "Rows Removed by Filter": 328557
                      }
                    ]
                  }
                ]
              }
            ]
          }
        ]
      }
    ]
  },
  "Planning Time": 0.686,
  "Triggers": [],
  "Execution Time": 1488.442
}