[
  {
    "Plan": {
      "Node Type": "Aggregate",
      "Strategy": "Plain",
      "Partial Mode": "Finalize",
      "Parallel Aware": false,
      "Startup Cost": 98667.55,
      "Total Cost": 98667.56,
      "Plan Rows": 1,
      "Plan Width": 8,
      "Actual Startup Time": 494.019,
      "Actual Total Time": 510.31,
      "Actual Rows": 1,
      "Actual Loops": 1,
      "Plans": [
        {
          "Node Type": "Gather",
          "Parent Relationship": "Outer",
          "Parallel Aware": false,
          "Startup Cost": 98667.34,
          "Total Cost": 98667.55,
          "Plan Rows": 2,
          "Plan Width": 8,
          "Actual Startup Time": 491.856,
          "Actual Total Time": 510.303,
          "Actual Rows": 3,
          "Actual Loops": 1,
          "Workers Planned": 2,
          "Workers Launched": 2,
          "Single Copy": false,
          "Plans": [
            {
              "Node Type": "Aggregate",
              "Strategy": "Plain",
              "Partial Mode": "Partial",
              "Parent Relationship": "Outer",
              "Parallel Aware": false,
              "Startup Cost": 97667.34,
              "Total Cost": 97667.35,
              "Plan Rows": 1,
              "Plan Width": 8,
              "Actual Startup Time": 483.614,
              "Actual Total Time": 483.62,
              "Actual Rows": 1,
              "Actual Loops": 3,
              "Plans": [
                {
                  "Node Type": "Hash Join",
                  "Parent Relationship": "Outer",
                  "Parallel Aware": true,
                  "Join Type": "Inner",
                  "Startup Cost": 81209.63,
                  "Total Cost": 97359.21,
                  "Plan Rows": 123250,
                  "Plan Width": 0,
                  "Actual Startup Time": 416.502,
                  "Actual Total Time": 478.071,
                  "Actual Rows": 139940,
                  "Actual Loops": 3,
                  "Inner Unique": false,
                  "Hash Cond": "(mi_idx.movie_id = t.id)",
                  "Plans": [
                    {
                      "Node Type": "Seq Scan",
                      "Parent Relationship": "Outer",
                      "Parallel Aware": true,
                      "Relation Name": "movie_info_idx",
                      "Alias": "mi_idx",
                      "Startup Cost": 0.0,
                      "Total Cost": 13685.15,
                      "Plan Rows": 575015,
                      "Plan Width": 4,
                      "Actual Startup Time": 0.031,
                      "Actual Total Time": 35.632,
                      "Actual Rows": 460012,
                      "Actual Loops": 3
                    },
                    {
                      "Node Type": "Hash",
                      "Parent Relationship": "Inner",
                      "Parallel Aware": true,
                      "Startup Cost": 79516.12,
                      "Total Cost": 79516.12,
                      "Plan Rows": 135481,
                      "Plan Width": 8,
                      "Actual Startup Time": 376.47,
                      "Actual Total Time": 376.474,
                      "Actual Rows": 84312,
                      "Actual Loops": 3,
                      "Hash Buckets": 1048576,
                      "Original Hash Buckets": 1048576,
                      "Hash Batches": 1,
                      "Original Hash Batches": 1,
                      "Peak Memory Usage": 18112,
                      "Plans": [
                        {
                          "Node Type": "Hash Join",
                          "Parent Relationship": "Outer",
                          "Parallel Aware": true,
                          "Join Type": "Inner",
                          "Startup Cost": 33599.99,
                          "Total Cost": 79516.12,
                          "Plan Rows": 135481,
                          "Plan Width": 8,
                          "Actual Startup Time": 245.645,
                          "Actual Total Time": 348.593,
                          "Actual Rows": 84312,
                          "Actual Loops": 3,
                          "Inner Unique": false,
                          "Hash Cond": "(t.id = mc.movie_id)",
                          "Plans": [
                            {
                              "Node Type": "Seq Scan",
                              "Parent Relationship": "Outer",
                              "Parallel Aware": true,
                              "Relation Name": "title",
                              "Alias": "t",
                              "Startup Cost": 0.0,
                              "Total Cost": 42318.73,
                              "Plan Rows": 632073,
                              "Plan Width": 4,
                              "Actual Startup Time": 0.008,
                              "Actual Total Time": 89.649,
                              "Actual Rows": 842771,
                              "Actual Loops": 3
                            },
                            {
                              "Node Type": "Hash",
                              "Parent Relationship": "Inner",
                              "Parallel Aware": true,
                              "Startup Cost": 31414.82,
                              "Total Cost": 31414.82,
                              "Plan Rows": 174814,
                              "Plan Width": 4,
                              "Actual Startup Time": 123.166,
                              "Actual Total Time": 123.166,
                              "Actual Rows": 84312,
                              "Actual Loops": 3,
                              "Hash Buckets": 1048576,
                              "Original Hash Buckets": 1048576,
                              "Hash Batches": 1,
                              "Original Hash Batches": 1,
                              "Peak Memory Usage": 18144,
                              "Plans": [
                                {
                                  "Node Type": "Seq Scan",
                                  "Parent Relationship": "Outer",
                                  "Parallel Aware": true,
                                  "Relation Name": "movie_companies",
                                  "Alias": "mc",
                                  "Startup Cost": 0.0,
                                  "Total Cost": 31414.82,
                                  "Plan Rows": 174814,
                                  "Plan Width": 4,
                                  "Actual Startup Time": 24.332,
                                  "Actual Total Time": 92.988,
                                  "Actual Rows": 84312,
                                  "Actual Loops": 3,
                                  "Filter": "((company_id > 14002) AND (company_type_id = 1))",
                                  "Rows Removed by Filter": 785398
                                }
                              ]
                            }
                          ]
                        }
                      ]
                    }
                  ]
                }
              ]
            }
          ]
        }
      ]
    },
    "Planning Time": 1.391,
    "Triggers": [],
    "Execution Time": 510.394
  }
]