{
  "Plan": {
    "Node Type": "Aggregate",
    "Strategy": "Plain",
    "Partial Mode": "Finalize",
    "Parallel Aware": false,
    "Startup Cost": 680286.56,
    "Total Cost": 680286.57,
    "Plan Rows": 1,
    "Plan Width": 8,
    "Actual Startup Time": 5182.411,
    "Actual Total Time": 5220.867,
    "Actual Rows": 1,
    "Actual Loops": 1,
    "Plans": [
      {
        "Node Type": "Gather",
        "Parent Relationship": "Outer",
        "Parallel Aware": false,
        "Startup Cost": 680286.45,
        "Total Cost": 680286.56,
        "Plan Rows": 1,
        "Plan Width": 8,
        "Actual Startup Time": 5174.098,
        "Actual Total Time": 5220.86,
        "Actual Rows": 2,
        "Actual Loops": 1,
        "Workers Planned": 1,
        "Workers Launched": 1,
        "Single Copy": false,
        "Plans": [
          {
            "Node Type": "Aggregate",
            "Strategy": "Plain",
            "Partial Mode": "Partial",
            "Parent Relationship": "Outer",
            "Parallel Aware": false,
            "Startup Cost": 679286.45,
            "Total Cost": 679286.46,
            "Plan Rows": 1,
            "Plan Width": 8,
            "Actual Startup Time": 5168.049,
            "Actual Total Time": 5168.054,
            "Actual Rows": 1,
            "Actual Loops": 2,
            "Plans": [
              {
                "Node Type": "Merge Join",
                "Parent Relationship": "Outer",
                "Parallel Aware": false,
                "Join Type": "Inner",
                "Startup Cost": 530948.22,
                "Total Cost": 677454.92,
                "Plan Rows": 732614,
                "Plan Width": 0,
                "Actual Startup Time": 3906.479,
                "Actual Total Time": 4945.03,
                "Actual Rows": 5441700,
                "Actual Loops": 2,
                "Inner Unique": false,
                "Merge Cond": "(mc.movie_id = t.id)",
                "Plans": [
                  {
                    "Node Type": "Index Only Scan",
                    "Parent Relationship": "Outer",
                    "Parallel Aware": true,
                    "Scan Direction": "Forward",
                    "Index Name": "movie_id_movie_companies",
                    "Relation Name": "movie_companies",
                    "Alias": "mc",
                    "Startup Cost": 0.43,
                    "Total Cost": 129315.97,
                    "Plan Rows": 1534782,
                    "Plan Width": 4,
                    "Actual Startup Time": 0.095,
                    "Actual Total Time": 307.63,
                    "Actual Rows": 1304564,
                    "Actual Loops": 2,
                    "Heap Fetches": 2609129
                  },
                  {
                    "Node Type": "Sort",
                    "Parent Relationship": "Inner",
                    "Parallel Aware": false,
                    "Startup Cost": 530947.67,
                    "Total Cost": 533964.81,
                    "Plan Rows": 1206857,
                    "Plan Width": 8,
                    "Actual Startup Time": 3776.507,
                    "Actual Total Time": 4044.098,
                    "Actual Rows": 6796184,
                    "Actual Loops": 2,
                    "Sort Key": [
                      "t.id"
                    ],
                    "Sort Method": "quicksort",
                    "Sort Space Used": 145842,
                    "Sort Space Type": "Memory",
                    "Workers": [
                      {
                        "Worker Number": 0,
                        "Sort Method": "quicksort",
                        "Sort Space Used": 145842,
                        "Sort Space Type": "Memory"
                      }
                    ],
                    "Plans": [
                      {
                        "Node Type": "Hash Join",
                        "Parent Relationship": "Outer",
                        "Parallel Aware": false,
                        "Join Type": "Inner",
                        "Startup Cost": 60401.24,
                        "Total Cost": 409038.08,
                        "Plan Rows": 1206857,
                        "Plan Width": 8,
                        "Actual Startup Time": 210.792,
                        "Actual Total Time": 3338.744,
                        "Actual Rows": 2062709,
                        "Actual Loops": 2,
                        "Inner Unique": true,
                        "Hash Cond": "(mi.movie_id = t.id)",
                        "Plans": [
                          {
                            "Node Type": "Seq Scan",
                            "Parent Relationship": "Outer",
                            "Parallel Aware": false,
                            "Relation Name": "movie_info",
                            "Alias": "mi",
                            "Startup Cost": 0.0,
                            "Total Cost": 309829.65,
                            "Plan Rows": 14783665,
                            "Plan Width": 4,
                            "Actual Startup Time": 0.046,
                            "Actual Total Time": 1143.943,
                            "Actual Rows": 14835720,
                            "Actual Loops": 2
                          },
                          {
                            "Node Type": "Hash",
                            "Parent Relationship": "Inner",
                            "Parallel Aware": false,
                            "Startup Cost": 57821.29,
                            "Total Cost": 57821.29,
                            "Plan Rows": 206396,
                            "Plan Width": 4,
                            "Actual Startup Time": 162.391,
                            "Actual Total Time": 162.393,
                            "Actual Rows": 182393,
                            "Actual Loops": 2,
                            "Hash Buckets": 262144,
                            "Original Hash Buckets": 262144,
                            "Hash Batches": 1,
                            "Original Hash Batches": 1,
                            "Peak Memory Usage": 8461,
                            "Plans": [
                              {
                                "Node Type": "Bitmap Heap Scan",
                                "Parent Relationship": "Outer",
                                "Parallel Aware": false,
                                "Relation Name": "title",
                                "Alias": "t",
                                "Startup Cost": 11874.45,
                                "Total Cost": 57821.29,
                                "Plan Rows": 206396,
                                "Plan Width": 4,
                                "Actual Startup Time": 40.369,
                                "Actual Total Time": 128.295,
                                "Actual Rows": 182393,
                                "Actual Loops": 2,
                                "Recheck Cond": "(kind_id < 2)",
                                "Rows Removed by Index Recheck": 0,
                                "Filter": "(production_year > 2007)",
                                "Rows Removed by Filter": 480432,
                                "Exact Heap Blocks": 12863,
                                "Lossy Heap Blocks": 0,
                                "Plans": [
                                  {
                                    "Node Type": "Bitmap Index Scan",
                                    "Parent Relationship": "Outer",
                                    "Parallel Aware": false,
                                    "Index Name": "kind_id_title",
                                    "Startup Cost": 0.0,
                                    "Total Cost": 11822.85,
                                    "Plan Rows": 663256,
                                    "Plan Width": 0,
                                    "Actual Startup Time": 38.826,
                                    "Actual Total Time": 38.826,
                                    "Actual Rows": 662825,
                                    "Actual Loops": 2,
                                    "Index Cond": "(kind_id < 2)"
                                  }
                                ]
                              }
                            ]
                          }
                        ]
                      }
                    ]
                  }
                ]
              }
            ]
          }
        ]
      }
    ]
  },
  "Planning Time": 1.106,
  "Triggers": [],
  "Execution Time": 5233.531
}