[
    {
        "Bao": {
            "Bao prediction": 1277.172,
            "Bao recommended hint": "SET enable_mergejoin TO off; "
        }
    },
    {
        "Plan": {
            "Node Type": "Aggregate",
            "Strategy": "Plain",
            "Partial Mode": "Finalize",
            "Parallel Aware": false,
            "Startup Cost": 99142.23,
            "Total Cost": 99142.24,
            "Plan Rows": 1,
            "Plan Width": 8,
            "Actual Startup Time": 674.459,
            "Actual Total Time": 691.06,
            "Actual Rows": 1,
            "Actual Loops": 1,
            "Output": [
                "count(*)"
            ],
            "Plans": [
                {
                    "Node Type": "Gather",
                    "Parent Relationship": "Outer",
                    "Parallel Aware": false,
                    "Startup Cost": 99142.02,
                    "Total Cost": 99142.23,
                    "Plan Rows": 2,
                    "Plan Width": 8,
                    "Actual Startup Time": 669.286,
                    "Actual Total Time": 691.034,
                    "Actual Rows": 3,
                    "Actual Loops": 1,
                    "Output": [
                        "(PARTIAL count(*))"
                    ],
                    "Workers Planned": 2,
                    "Workers Launched": 2,
                    "Single Copy": false,
                    "Plans": [
                        {
                            "Node Type": "Aggregate",
                            "Strategy": "Plain",
                            "Partial Mode": "Partial",
                            "Parent Relationship": "Outer",
                            "Parallel Aware": false,
                            "Startup Cost": 98142.02,
                            "Total Cost": 98142.03,
                            "Plan Rows": 1,
                            "Plan Width": 8,
                            "Actual Startup Time": 661.972,
                            "Actual Total Time": 661.982,
                            "Actual Rows": 1,
                            "Actual Loops": 3,
                            "Output": [
                                "PARTIAL count(*)"
                            ],
                            "Workers": [
                                {
                                    "Worker Number": 0,
                                    "Actual Startup Time": 658.47,
                                    "Actual Total Time": 658.477,
                                    "Actual Rows": 1,
                                    "Actual Loops": 1
                                },
                                {
                                    "Worker Number": 1,
                                    "Actual Startup Time": 658.883,
                                    "Actual Total Time": 658.893,
                                    "Actual Rows": 1,
                                    "Actual Loops": 1
                                }
                            ],
                            "Plans": [
                                {
                                    "Node Type": "Hash Join",
                                    "Parent Relationship": "Outer",
                                    "Parallel Aware": true,
                                    "Join Type": "Inner",
                                    "Startup Cost": 81808.56,
                                    "Total Cost": 97896.01,
                                    "Plan Rows": 98402,
                                    "Plan Width": 0,
                                    "Actual Startup Time": 575.255,
                                    "Actual Total Time": 661.922,
                                    "Actual Rows": 600,
                                    "Actual Loops": 3,
                                    "Inner Unique": false,
                                    "Hash Cond": "(mi_idx.movie_id = t.id)",
                                    "Workers": [
                                        {
                                            "Worker Number": 0,
                                            "Actual Startup Time": 571.879,
                                            "Actual Total Time": 658.418,
                                            "Actual Rows": 564,
                                            "Actual Loops": 1
                                        },
                                        {
                                            "Worker Number": 1,
                                            "Actual Startup Time": 572.085,
                                            "Actual Total Time": 658.835,
                                            "Actual Rows": 510,
                                            "Actual Loops": 1
                                        }
                                    ],
                                    "Plans": [
                                        {
                                            "Node Type": "Seq Scan",
                                            "Parent Relationship": "Outer",
                                            "Parallel Aware": true,
                                            "Relation Name": "movie_info_idx",
                                            "Schema": "public",
                                            "Alias": "mi_idx",
                                            "Startup Cost": 0.0,
                                            "Total Cost": 13685.15,
                                            "Plan Rows": 575015,
                                            "Plan Width": 4,
                                            "Actual Startup Time": 0.044,
                                            "Actual Total Time": 59.289,
                                            "Actual Rows": 460012,
                                            "Actual Loops": 3,
                                            "Output": [
                                                "mi_idx.id",
                                                "mi_idx.movie_id",
                                                "mi_idx.info_type_id",
                                                "mi_idx.info",
                                                "mi_idx.note"
                                            ],
                                            "Workers": [
                                                {
                                                    "Worker Number": 0,
                                                    "Actual Startup Time": 0.047,
                                                    "Actual Total Time": 60.199,
                                                    "Actual Rows": 452131,
                                                    "Actual Loops": 1
                                                },
                                                {
                                                    "Worker Number": 1,
                                                    "Actual Startup Time": 0.057,
                                                    "Actual Total Time": 60.295,
                                                    "Actual Rows": 451495,
                                                    "Actual Loops": 1
                                                }
                                            ]
                                        },
                                        {
                                            "Node Type": "Hash",
                                            "Parent Relationship": "Inner",
                                            "Parallel Aware": true,
                                            "Startup Cost": 80456.47,
                                            "Total Cost": 80456.47,
                                            "Plan Rows": 108167,
                                            "Plan Width": 8,
                                            "Actual Startup Time": 536.04,
                                            "Actual Total Time": 536.047,
                                            "Actual Rows": 673,
                                            "Actual Loops": 3,
                                            "Output": [
                                                "t.id",
                                                "mc.movie_id"
                                            ],
                                            "Hash Buckets": 524288,
                                            "Original Hash Buckets": 524288,
                                            "Hash Batches": 1,
                                            "Original Hash Batches": 1,
                                            "Peak Memory Usage": 4192,
                                            "Workers": [
                                                {
                                                    "Worker Number": 0,
                                                    "Actual Startup Time": 535.983,
                                                    "Actual Total Time": 535.989,
                                                    "Actual Rows": 714,
                                                    "Actual Loops": 1
                                                },
                                                {
                                                    "Worker Number": 1,
                                                    "Actual Startup Time": 536.251,
                                                    "Actual Total Time": 536.257,
                                                    "Actual Rows": 609,
                                                    "Actual Loops": 1
                                                }
                                            ],
                                            "Plans": [
                                                {
                                                    "Node Type": "Hash Join",
                                                    "Parent Relationship": "Outer",
                                                    "Parallel Aware": true,
                                                    "Join Type": "Inner",
                                                    "Startup Cost": 34292.49,
                                                    "Total Cost": 80456.47,
                                                    "Plan Rows": 108167,
                                                    "Plan Width": 8,
                                                    "Actual Startup Time": 404.22,
                                                    "Actual Total Time": 534.191,
                                                    "Actual Rows": 673,
                                                    "Actual Loops": 3,
                                                    "Output": [
                                                        "t.id",
                                                        "mc.movie_id"
                                                    ],
                                                    "Inner Unique": false,
                                                    "Hash Cond": "(t.id = mc.movie_id)",
                                                    "Workers": [
                                                        {
                                                            "Worker Number": 0,
                                                            "Actual Startup Time": 404.269,
                                                            "Actual Total Time": 533.699,
                                                            "Actual Rows": 714,
                                                            "Actual Loops": 1
                                                        },
                                                        {
                                                            "Worker Number": 1,
                                                            "Actual Startup Time": 404.031,
                                                            "Actual Total Time": 534.207,
                                                            "Actual Rows": 609,
                                                            "Actual Loops": 1
                                                        }
                                                    ],
                                                    "Plans": [
                                                        {
                                                            "Node Type": "Seq Scan",
                                                            "Parent Relationship": "Outer",
                                                            "Parallel Aware": true,
                                                            "Relation Name": "title",
                                                            "Schema": "public",
                                                            "Alias": "t",
                                                            "Startup Cost": 0.0,
                                                            "Total Cost": 43899.01,
                                                            "Plan Rows": 383209,
                                                            "Plan Width": 4,
                                                            "Actual Startup Time": 0.016,
                                                            "Actual Total Time": 157.541,
                                                            "Actual Rows": 514421,
                                                            "Actual Loops": 3,
                                                            "Output": [
                                                                "t.id",
                                                                "t.title",
                                                                "t.imdb_index",
                                                                "t.kind_id",
                                                                "t.production_year",
                                                                "t.imdb_id",
                                                                "t.phonetic_code",
                                                                "t.episode_of_id",
                                                                "t.season_nr",
                                                                "t.episode_nr",
                                                                "t.series_years",
                                                                "t.md5sum"
                                                            ],
                                                            "Filter": "(t.kind_id = 7)",
                                                            "Rows Removed by Filter": 328349,
                                                            "Workers": [
                                                                {
                                                                    "Worker Number": 0,
                                                                    "Actual Startup Time": 0.02,
                                                                    "Actual Total Time": 162.082,
                                                                    "Actual Rows": 503177,
                                                                    "Actual Loops": 1
                                                                },
                                                                {
                                                                    "Worker Number": 1,
                                                                    "Actual Startup Time": 0.018,
                                                                    "Actual Total Time": 161.938,
                                                                    "Actual Rows": 502141,
                                                                    "Actual Loops": 1
                                                                }
                                                            ]
                                                        },
                                                        {
                                                            "Node Type": "Hash",
                                                            "Parent Relationship": "Inner",
                                                            "Parallel Aware": true,
                                                            "Startup Cost": 31414.82,
                                                            "Total Cost": 31414.82,
                                                            "Plan Rows": 230214,
                                                            "Plan Width": 4,
                                                            "Actual Startup Time": 213.892,
                                                            "Actual Total Time": 213.894,
                                                            "Actual Rows": 165979,
                                                            "Actual Loops": 3,
                                                            "Output": [
                                                                "mc.movie_id"
                                                            ],
                                                            "Hash Buckets": 1048576,
                                                            "Original Hash Buckets": 1048576,
                                                            "Hash Batches": 1,
                                                            "Original Hash Batches": 1,
                                                            "Peak Memory Usage": 27712,
                                                            "Workers": [
                                                                {
                                                                    "Worker Number": 0,
                                                                    "Actual Startup Time": 218.529,
                                                                    "Actual Total Time": 218.532,
                                                                    "Actual Rows": 161462,
                                                                    "Actual Loops": 1
                                                                },
                                                                {
                                                                    "Worker Number": 1,
                                                                    "Actual Startup Time": 218.497,
                                                                    "Actual Total Time": 218.499,
                                                                    "Actual Rows": 161110,
                                                                    "Actual Loops": 1
                                                                }
                                                            ],
                                                            "Plans": [
                                                                {
                                                                    "Node Type": "Seq Scan",
                                                                    "Parent Relationship": "Outer",
                                                                    "Parallel Aware": true,
                                                                    "Relation Name": "movie_companies",
                                                                    "Schema": "public",
                                                                    "Alias": "mc",
                                                                    "Startup Cost": 0.0,
                                                                    "Total Cost": 31414.82,
                                                                    "Plan Rows": 230214,
                                                                    "Plan Width": 4,
                                                                    "Actual Startup Time": 18.883,
                                                                    "Actual Total Time": 136.002,
                                                                    "Actual Rows": 165979,
                                                                    "Actual Loops": 3,
                                                                    "Output": [
                                                                        "mc.movie_id"
                                                                    ],
                                                                    "Filter": "((mc.company_id > 9017) AND (mc.company_type_id < 2))",
                                                                    "Rows Removed by Filter": 703730,
                                                                    "Workers": [
                                                                        {
                                                                            "Worker Number": 0,
                                                                            "Actual Startup Time": 18.828,
                                                                            "Actual Total Time": 137.589,
                                                                            "Actual Rows": 161462,
                                                                            "Actual Loops": 1
                                                                        },
                                                                        {
                                                                            "Worker Number": 1,
                                                                            "Actual Startup Time": 18.816,
                                                                            "Actual Total Time": 137.497,
                                                                            "Actual Rows": 161110,
                                                                            "Actual Loops": 1
                                                                        }
                                                                    ]
                                                                }
                                                            ]
                                                        }
                                                    ]
                                                }
                                            ]
                                        }
                                    ]
                                }
                            ]
                        }
                    ]
                }
            ]
        },
        "Planning Time": 2112.193,
        "Triggers": [],
        "Execution Time": 691.205
    }
]