[
  {
    "Plan": {
      "Node Type": "Aggregate",
      "Strategy": "Plain",
      "Partial Mode": "Finalize",
      "Parallel Aware": false,
      "Startup Cost": 245616.75,
      "Total Cost": 245616.76,
      "Plan Rows": 1,
      "Plan Width": 8,
      "Actual Startup Time": 519.02,
      "Actual Total Time": 585.998,
      "Actual Rows": 1,
      "Actual Loops": 1,
      "Plans": [
        {
          "Node Type": "Gather",
          "Parent Relationship": "Outer",
          "Parallel Aware": false,
          "Startup Cost": 245616.33,
          "Total Cost": 245616.74,
          "Plan Rows": 4,
          "Plan Width": 8,
          "Actual Startup Time": 518.782,
          "Actual Total Time": 585.99,
          "Actual Rows": 5,
          "Actual Loops": 1,
          "Workers Planned": 4,
          "Workers Launched": 4,
          "Single Copy": false,
          "Plans": [
            {
              "Node Type": "Aggregate",
              "Strategy": "Plain",
              "Partial Mode": "Partial",
              "Parent Relationship": "Outer",
              "Parallel Aware": false,
              "Startup Cost": 244616.33,
              "Total Cost": 244616.34,
              "Plan Rows": 1,
              "Plan Width": 8,
              "Actual Startup Time": 508.696,
              "Actual Total Time": 508.698,
              "Actual Rows": 1,
              "Actual Loops": 5,
              "Plans": [
                {
                  "Node Type": "Nested Loop",
                  "Parent Relationship": "Outer",
                  "Parallel Aware": false,
                  "Join Type": "Inner",
                  "Startup Cost": 1.0,
                  "Total Cost": 244521.25,
                  "Plan Rows": 38034,
                  "Plan Width": 0,
                  "Actual Startup Time": 2.979,
                  "Actual Total Time": 505.13,
                  "Actual Rows": 62810,
                  "Actual Loops": 5,
                  "Inner Unique": false,
                  "Join Filter": "(t.id = ci.movie_id)",
                  "Rows Removed by Join Filter": 0,
                  "Plans": [
                    {
                      "Node Type": "Nested Loop",
                      "Parent Relationship": "Outer",
                      "Parallel Aware": false,
                      "Join Type": "Inner",
                      "Startup Cost": 0.43,
                      "Total Cost": 226575.21,
                      "Plan Rows": 10052,
                      "Plan Width": 8,
                      "Actual Startup Time": 0.93,
                      "Actual Total Time": 153.189,
                      "Actual Rows": 13903,
                      "Actual Loops": 5,
                      "Inner Unique": false,
                      "Plans": [
                        {
                          "Node Type": "Seq Scan",
                          "Parent Relationship": "Outer",
                          "Parallel Aware": true,
                          "Relation Name": "title",
                          "Alias": "t",
                          "Startup Cost": 0.0,
                          "Total Cost": 45479.1,
                          "Plan Rows": 4362,
                          "Plan Width": 4,
                          "Actual Startup Time": 0.721,
                          "Actual Total Time": 64.566,
                          "Actual Rows": 2890,
                          "Actual Loops": 5,
                          "Filter": "((kind_id < 7) AND (production_year = 1998))",
                          "Rows Removed by Filter": 502773
                        },
                        {
                          "Node Type": "Index Scan",
                          "Parent Relationship": "Inner",
                          "Parallel Aware": false,
                          "Scan Direction": "Forward",
                          "Index Name": "movie_id_movie_info",
                          "Relation Name": "movie_info",
                          "Alias": "mi",
                          "Startup Cost": 0.43,
                          "Total Cost": 41.35,
                          "Plan Rows": 17,
                          "Plan Width": 4,
                          "Actual Startup Time": 0.011,
                          "Actual Total Time": 0.03,
                          "Actual Rows": 5,
                          "Actual Loops": 14449,
                          "Index Cond": "(movie_id = t.id)",
                          "Rows Removed by Index Recheck": 0,
                          "Filter": "(info_type_id < 7)",
                          "Rows Removed by Filter": 7
                        }
                      ]
                    },
                    {
                      "Node Type": "Index Scan",
                      "Parent Relationship": "Inner",
                      "Parallel Aware": false,
                      "Scan Direction": "Forward",
                      "Index Name": "movie_id_cast_info",
                      "Relation Name": "cast_info",
                      "Alias": "ci",
                      "Startup Cost": 0.56,
                      "Total Cost": 1.66,
                      "Plan Rows": 10,
                      "Plan Width": 4,
                      "Actual Startup Time": 0.013,
                      "Actual Total Time": 0.025,
                      "Actual Rows": 5,
                      "Actual Loops": 69516,
                      "Index Cond": "(movie_id = mi.movie_id)",
                      "Rows Removed by Index Recheck": 0,
                      "Filter": "((person_id > 1874984) AND (role_id < 3))",
                      "Rows Removed by Filter": 26
                    }
                  ]
                }
              ]
            }
          ]
        }
      ]
    },
    "Planning Time": 1.4,
    "Triggers": [],
    "Execution Time": 586.103
  }
]