[
  {
    "Plan": {
      "Node Type": "Aggregate",
      "Strategy": "Plain",
      "Partial Mode": "Finalize",
      "Parallel Aware": false,
      "Startup Cost": 78864.06,
      "Total Cost": 78864.07,
      "Plan Rows": 1,
      "Plan Width": 8,
      "Actual Startup Time": 212.096,
      "Actual Total Time": 229.283,
      "Actual Rows": 1,
      "Actual Loops": 1,
      "Plans": [
        {
          "Node Type": "Gather",
          "Parent Relationship": "Outer",
          "Parallel Aware": false,
          "Startup Cost": 78863.75,
          "Total Cost": 78864.06,
          "Plan Rows": 3,
          "Plan Width": 8,
          "Actual Startup Time": 211.857,
          "Actual Total Time": 229.274,
          "Actual Rows": 4,
          "Actual Loops": 1,
          "Workers Planned": 3,
          "Workers Launched": 3,
          "Single Copy": false,
          "Plans": [
            {
              "Node Type": "Aggregate",
              "Strategy": "Plain",
              "Partial Mode": "Partial",
              "Parent Relationship": "Outer",
              "Parallel Aware": false,
              "Startup Cost": 77863.75,
              "Total Cost": 77863.76,
              "Plan Rows": 1,
              "Plan Width": 8,
              "Actual Startup Time": 203.77,
              "Actual Total Time": 203.773,
              "Actual Rows": 1,
              "Actual Loops": 4,
              "Plans": [
                {
                  "Node Type": "Hash Join",
                  "Parent Relationship": "Outer",
                  "Parallel Aware": true,
                  "Join Type": "Inner",
                  "Startup Cost": 45593.14,
                  "Total Cost": 77852.14,
                  "Plan Rows": 4642,
                  "Plan Width": 0,
                  "Actual Startup Time": 136.583,
                  "Actual Total Time": 203.39,
                  "Actual Rows": 6746,
                  "Actual Loops": 4,
                  "Inner Unique": true,
                  "Hash Cond": "(mc.movie_id = t.id)",
                  "Plans": [
                    {
                      "Node Type": "Seq Scan",
                      "Parent Relationship": "Outer",
                      "Parallel Aware": true,
                      "Relation Name": "movie_companies",
                      "Alias": "mc",
                      "Startup Cost": 0.0,
                      "Total Cost": 31414.82,
                      "Plan Rows": 321595,
                      "Plan Width": 4,
                      "Actual Startup Time": 32.887,
                      "Actual Total Time": 72.514,
                      "Actual Rows": 288256,
                      "Actual Loops": 4,
                      "Filter": "((company_id > 846) AND (company_type_id = 2))",
                      "Rows Removed by Filter": 364026
                    },
                    {
                      "Node Type": "Hash",
                      "Parent Relationship": "Inner",
                      "Parallel Aware": true,
                      "Startup Cost": 45479.1,
                      "Total Cost": 45479.1,
                      "Plan Rows": 9123,
                      "Plan Width": 4,
                      "Actual Startup Time": 102.175,
                      "Actual Total Time": 102.176,
                      "Actual Rows": 6535,
                      "Actual Loops": 4,
                      "Hash Buckets": 65536,
                      "Original Hash Buckets": 65536,
                      "Hash Batches": 1,
                      "Original Hash Batches": 1,
                      "Peak Memory Usage": 1600,
                      "Plans": [
                        {
                          "Node Type": "Seq Scan",
                          "Parent Relationship": "Outer",
                          "Parallel Aware": true,
                          "Relation Name": "title",
                          "Alias": "t",
                          "Startup Cost": 0.0,
                          "Total Cost": 45479.1,
                          "Plan Rows": 9123,
                          "Plan Width": 4,
                          "Actual Startup Time": 0.172,
                          "Actual Total Time": 99.033,
                          "Actual Rows": 6535,
                          "Actual Loops": 4,
                          "Filter": "((kind_id < 3) AND (production_year = 2008))",
                          "Rows Removed by Filter": 625543
                        }
                      ]
                    }
                  ]
                }
              ]
            }
          ]
        }
      ]
    },
    "Planning Time": 0.67,
    "Triggers": [],
    "Execution Time": 229.363
  }
]