{
  "Plan": {
    "Node Type": "Aggregate",
    "Strategy": "Plain",
    "Partial Mode": "Finalize",
    "Parallel Aware": false,
    "Startup Cost": 162596.61,
    "Total Cost": 162596.62,
    "Plan Rows": 1,
    "Plan Width": 8,
    "Actual Startup Time": 951.575,
    "Actual Total Time": 973.345,
    "Actual Rows": 1,
    "Actual Loops": 1,
    "Plans": [
      {
        "Node Type": "Gather",
        "Parent Relationship": "Outer",
        "Parallel Aware": false,
        "Startup Cost": 162596.49,
        "Total Cost": 162596.6,
        "Plan Rows": 1,
        "Plan Width": 8,
        "Actual Startup Time": 949.306,
        "Actual Total Time": 973.336,
        "Actual Rows": 2,
        "Actual Loops": 1,
        "Workers Planned": 1,
        "Workers Launched": 1,
        "Single Copy": false,
        "Plans": [
          {
            "Node Type": "Aggregate",
            "Strategy": "Plain",
            "Partial Mode": "Partial",
            "Parent Relationship": "Outer",
            "Parallel Aware": false,
            "Startup Cost": 161596.49,
            "Total Cost": 161596.5,
            "Plan Rows": 1,
            "Plan Width": 8,
            "Actual Startup Time": 943.073,
            "Actual Total Time": 943.38,
            "Actual Rows": 1,
            "Actual Loops": 2,
            "Plans": [
              {
                "Node Type": "Hash Join",
                "Parent Relationship": "Outer",
                "Parallel Aware": true,
                "Join Type": "Inner",
                "Startup Cost": 98331.87,
                "Total Cost": 160934.38,
                "Plan Rows": 264844,
                "Plan Width": 0,
                "Actual Startup Time": 500.695,
                "Actual Total Time": 902.135,
                "Actual Rows": 1082824,
                "Actual Loops": 2,
                "Inner Unique": false,
                "Hash Cond": "(mk.movie_id = t.id)",
                "Plans": [
                  {
                    "Node Type": "Seq Scan",
                    "Parent Relationship": "Outer",
                    "Parallel Aware": true,
                    "Relation Name": "movie_keyword",
                    "Alias": "mk",
                    "Startup Cost": 0.0,
                    "Total Cost": 51065.35,
                    "Plan Rows": 2661135,
                    "Plan Width": 4,
                    "Actual Startup Time": 0.012,
                    "Actual Total Time": 149.321,
                    "Actual Rows": 2261965,
                    "Actual Loops": 2
                  },
                  {
                    "Node Type": "Hash",
                    "Parent Relationship": "Inner",
                    "Parallel Aware": true,
                    "Startup Cost": 96481.69,
                    "Total Cost": 96481.69,
                    "Plan Rows": 148014,
                    "Plan Width": 8,
                    "Actual Startup Time": 497.248,
                    "Actual Total Time": 497.553,
                    "Actual Rows": 157205,
                    "Actual Loops": 2,
                    "Hash Buckets": 524288,
                    "Original Hash Buckets": 262144,
                    "Hash Batches": 1,
                    "Original Hash Batches": 1,
                    "Peak Memory Usage": 18464,
                    "Plans": [
                      {
                        "Node Type": "Hash Join",
                        "Parent Relationship": "Outer",
                        "Parallel Aware": true,
                        "Join Type": "Inner",
                        "Startup Cost": 36110.34,
                        "Total Cost": 96481.69,
                        "Plan Rows": 148014,
                        "Plan Width": 8,
                        "Actual Startup Time": 146.699,
                        "Actual Total Time": 455.402,
                        "Actual Rows": 157205,
                        "Actual Loops": 2,
                        "Inner Unique": false,
                        "Hash Cond": "(t.id = mc.movie_id)",
                        "Plans": [
                          {
                            "Node Type": "Seq Scan",
                            "Parent Relationship": "Outer",
                            "Parallel Aware": true,
                            "Relation Name": "title",
                            "Alias": "t",
                            "Startup Cost": 0.0,
                            "Total Cost": 54588.39,
                            "Plan Rows": 785966,
                            "Plan Width": 4,
                            "Actual Startup Time": 0.012,
                            "Actual Total Time": 148.796,
                            "Actual Rows": 674146,
                            "Actual Loops": 2,
                            "Filter": "(production_year < 2005)",
                            "Rows Removed by Filter": 590010
                          },
                          {
                            "Node Type": "Hash",
                            "Parent Relationship": "Inner",
                            "Parallel Aware": true,
                            "Startup Cost": 32609.39,
                            "Total Cost": 32609.39,
                            "Plan Rows": 280076,
                            "Plan Width": 4,
                            "Actual Startup Time": 142.6,
                            "Actual Total Time": 142.601,
                            "Actual Rows": 235764,
                            "Actual Loops": 2,
                            "Hash Buckets": 524288,
                            "Original Hash Buckets": 524288,
                            "Hash Batches": 1,
                            "Original Hash Batches": 1,
                            "Peak Memory Usage": 22560,
                            "Plans": [
                              {
                                "Node Type": "Bitmap Heap Scan",
                                "Parent Relationship": "Outer",
                                "Parallel Aware": true,
                                "Relation Name": "movie_companies",
                                "Alias": "mc",
                                "Startup Cost": 10318.44,
                                "Total Cost": 32609.39,
                                "Plan Rows": 280076,
                                "Plan Width": 4,
                                "Actual Startup Time": 32.612,
                                "Actual Total Time": 94.199,
                                "Actual Rows": 235764,
                                "Actual Loops": 2,
                                "Recheck Cond": "(company_id < 419)",
                                "Rows Removed by Index Recheck": 0,
                                "Exact Heap Blocks": 11337,
                                "Lossy Heap Blocks": 0,
                                "Plans": [
                                  {
                                    "Node Type": "Bitmap Index Scan",
                                    "Parent Relationship": "Outer",
                                    "Parallel Aware": false,
                                    "Index Name": "company_id_movie_companies",
                                    "Startup Cost": 0.0,
                                    "Total Cost": 10199.41,
                                    "Plan Rows": 476130,
                                    "Plan Width": 0,
                                    "Actual Startup Time": 29.86,
                                    "Actual Total Time": 29.86,
                                    "Actual Rows": 471529,
                                    "Actual Loops": 1,
                                    "Index Cond": "(company_id < 419)"
                                  }
                                ]
                              }
                            ]
                          }
                        ]
                      }
                    ]
                  }
                ]
              }
            ]
          }
        ]
      }
    ]
  },
  "Planning Time": 0.907,
  "Triggers": [],
  "Execution Time": 973.446
}