[
    {
        "Bao": {
            "Bao prediction": "NaN",
            "Bao recommended hint": "(no hint)"
        }
    },
    {
        "Plan": {
            "Node Type": "Aggregate",
            "Strategy": "Plain",
            "Partial Mode": "Finalize",
            "Parallel Aware": false,
            "Startup Cost": 32894.04,
            "Total Cost": 32894.05,
            "Plan Rows": 1,
            "Plan Width": 8,
            "Actual Startup Time": 85.115,
            "Actual Total Time": 91.271,
            "Actual Rows": 1,
            "Actual Loops": 1,
            "Output": [
                "count(*)"
            ],
            "Plans": [
                {
                    "Node Type": "Gather",
                    "Parent Relationship": "Outer",
                    "Parallel Aware": false,
                    "Startup Cost": 32893.72,
                    "Total Cost": 32894.03,
                    "Plan Rows": 3,
                    "Plan Width": 8,
                    "Actual Startup Time": 85.033,
                    "Actual Total Time": 91.263,
                    "Actual Rows": 4,
                    "Actual Loops": 1,
                    "Output": [
                        "(PARTIAL count(*))"
                    ],
                    "Workers Planned": 3,
                    "Workers Launched": 3,
                    "Single Copy": false,
                    "Plans": [
                        {
                            "Node Type": "Aggregate",
                            "Strategy": "Plain",
                            "Partial Mode": "Partial",
                            "Parent Relationship": "Outer",
                            "Parallel Aware": false,
                            "Startup Cost": 31893.72,
                            "Total Cost": 31893.73,
                            "Plan Rows": 1,
                            "Plan Width": 8,
                            "Actual Startup Time": 76.902,
                            "Actual Total Time": 76.902,
                            "Actual Rows": 1,
                            "Actual Loops": 4,
                            "Output": [
                                "PARTIAL count(*)"
                            ],
                            "Workers": [
                                {
                                    "Worker Number": 0,
                                    "Actual Startup Time": 74.16,
                                    "Actual Total Time": 74.161,
                                    "Actual Rows": 1,
                                    "Actual Loops": 1
                                },
                                {
                                    "Worker Number": 1,
                                    "Actual Startup Time": 74.287,
                                    "Actual Total Time": 74.287,
                                    "Actual Rows": 1,
                                    "Actual Loops": 1
                                },
                                {
                                    "Worker Number": 2,
                                    "Actual Startup Time": 74.687,
                                    "Actual Total Time": 74.688,
                                    "Actual Rows": 1,
                                    "Actual Loops": 1
                                }
                            ],
                            "Plans": [
                                {
                                    "Node Type": "Seq Scan",
                                    "Parent Relationship": "Outer",
                                    "Parallel Aware": true,
                                    "Relation Name": "movie_companies",
                                    "Schema": "public",
                                    "Alias": "mc",
                                    "Startup Cost": 0.0,
                                    "Total Cost": 31414.82,
                                    "Plan Rows": 191561,
                                    "Plan Width": 0,
                                    "Actual Startup Time": 15.088,
                                    "Actual Total Time": 72.265,
                                    "Actual Rows": 83334,
                                    "Actual Loops": 4,
                                    "Output": [
                                        "id",
                                        "movie_id",
                                        "company_id",
                                        "company_type_id",
                                        "note"
                                    ],
                                    "Filter": "((mc.company_id > 12052) AND (mc.company_type_id = 1))",
                                    "Rows Removed by Filter": 568948,
                                    "Workers": [
                                        {
                                            "Worker Number": 0,
                                            "Actual Startup Time": 12.365,
                                            "Actual Total Time": 69.827,
                                            "Actual Rows": 68341,
                                            "Actual Loops": 1
                                        },
                                        {
                                            "Worker Number": 1,
                                            "Actual Startup Time": 12.477,
                                            "Actual Total Time": 69.895,
                                            "Actual Rows": 70243,
                                            "Actual Loops": 1
                                        },
                                        {
                                            "Worker Number": 2,
                                            "Actual Startup Time": 12.871,
                                            "Actual Total Time": 70.235,
                                            "Actual Rows": 56451,
                                            "Actual Loops": 1
                                        }
                                    ]
                                }
                            ]
                        }
                    ]
                }
            ]
        },
        "Planning Time": 179.224,
        "Triggers": [],
        "Execution Time": 91.354
    }
]