[
    {
        "Bao": {
            "Bao prediction": "NaN",
            "Bao recommended hint": "(no hint)"
        }
    },
    {
        "Plan": {
            "Node Type": "Aggregate",
            "Strategy": "Plain",
            "Partial Mode": "Finalize",
            "Parallel Aware": false,
            "Startup Cost": 26350.06,
            "Total Cost": 26350.07,
            "Plan Rows": 1,
            "Plan Width": 8,
            "Actual Startup Time": 59.769,
            "Actual Total Time": 65.134,
            "Actual Rows": 1,
            "Actual Loops": 1,
            "Output": [
                "count(*)"
            ],
            "Plans": [
                {
                    "Node Type": "Gather",
                    "Parent Relationship": "Outer",
                    "Parallel Aware": false,
                    "Startup Cost": 26349.74,
                    "Total Cost": 26350.05,
                    "Plan Rows": 3,
                    "Plan Width": 8,
                    "Actual Startup Time": 59.547,
                    "Actual Total Time": 65.127,
                    "Actual Rows": 4,
                    "Actual Loops": 1,
                    "Output": [
                        "(PARTIAL count(*))"
                    ],
                    "Workers Planned": 3,
                    "Workers Launched": 3,
                    "Single Copy": false,
                    "Plans": [
                        {
                            "Node Type": "Aggregate",
                            "Strategy": "Plain",
                            "Partial Mode": "Partial",
                            "Parent Relationship": "Outer",
                            "Parallel Aware": false,
                            "Startup Cost": 25349.74,
                            "Total Cost": 25349.75,
                            "Plan Rows": 1,
                            "Plan Width": 8,
                            "Actual Startup Time": 51.284,
                            "Actual Total Time": 51.285,
                            "Actual Rows": 1,
                            "Actual Loops": 4,
                            "Output": [
                                "PARTIAL count(*)"
                            ],
                            "Workers": [
                                {
                                    "Worker Number": 0,
                                    "Actual Startup Time": 48.42,
                                    "Actual Total Time": 48.422,
                                    "Actual Rows": 1,
                                    "Actual Loops": 1
                                },
                                {
                                    "Worker Number": 1,
                                    "Actual Startup Time": 48.436,
                                    "Actual Total Time": 48.438,
                                    "Actual Rows": 1,
                                    "Actual Loops": 1
                                },
                                {
                                    "Worker Number": 2,
                                    "Actual Startup Time": 48.983,
                                    "Actual Total Time": 48.983,
                                    "Actual Rows": 1,
                                    "Actual Loops": 1
                                }
                            ],
                            "Plans": [
                                {
                                    "Node Type": "Bitmap Heap Scan",
                                    "Parent Relationship": "Outer",
                                    "Parallel Aware": true,
                                    "Relation Name": "movie_companies",
                                    "Schema": "public",
                                    "Alias": "mc",
                                    "Startup Cost": 5275.01,
                                    "Total Cost": 25249.13,
                                    "Plan Rows": 40247,
                                    "Plan Width": 0,
                                    "Actual Startup Time": 39.259,
                                    "Actual Total Time": 50.378,
                                    "Actual Rows": 13844,
                                    "Actual Loops": 4,
                                    "Recheck Cond": "(mc.company_id < 108)",
                                    "Rows Removed by Index Recheck": 0,
                                    "Filter": "(mc.company_type_id = 2)",
                                    "Rows Removed by Filter": 46394,
                                    "Exact Heap Blocks": 11535,
                                    "Lossy Heap Blocks": 0,
                                    "Workers": [
                                        {
                                            "Worker Number": 0,
                                            "Actual Startup Time": 36.394,
                                            "Actual Total Time": 47.568,
                                            "Actual Rows": 9380,
                                            "Actual Loops": 1
                                        },
                                        {
                                            "Worker Number": 1,
                                            "Actual Startup Time": 36.419,
                                            "Actual Total Time": 47.617,
                                            "Actual Rows": 8918,
                                            "Actual Loops": 1
                                        },
                                        {
                                            "Worker Number": 2,
                                            "Actual Startup Time": 36.956,
                                            "Actual Total Time": 48.245,
                                            "Actual Rows": 8203,
                                            "Actual Loops": 1
                                        }
                                    ],
                                    "Plans": [
                                        {
                                            "Node Type": "Bitmap Index Scan",
                                            "Parent Relationship": "Outer",
                                            "Parallel Aware": false,
                                            "Index Name": "company_id_movie_companies",
                                            "Startup Cost": 0.0,
                                            "Total Cost": 5243.82,
                                            "Plan Rows": 244718,
                                            "Plan Width": 0,
                                            "Actual Startup Time": 14.355,
                                            "Actual Total Time": 14.356,
                                            "Actual Rows": 240950,
                                            "Actual Loops": 1,
                                            "Index Cond": "(mc.company_id < 108)"
                                        }
                                    ]
                                }
                            ]
                        }
                    ]
                }
            ]
        },
        "Planning Time": 228.228,
        "Triggers": [],
        "Execution Time": 65.185
    }
]