[
  {
    "Plan": {
      "Node Type": "Aggregate",
      "Strategy": "Plain",
      "Partial Mode": "Finalize",
      "Parallel Aware": false,
      "Startup Cost": 80371.51,
      "Total Cost": 80371.52,
      "Plan Rows": 1,
      "Plan Width": 8,
      "Actual Startup Time": 233.566,
      "Actual Total Time": 249.31,
      "Actual Rows": 1,
      "Actual Loops": 1,
      "Plans": [
        {
          "Node Type": "Gather",
          "Parent Relationship": "Outer",
          "Parallel Aware": false,
          "Startup Cost": 80371.09,
          "Total Cost": 80371.5,
          "Plan Rows": 4,
          "Plan Width": 8,
          "Actual Startup Time": 232.902,
          "Actual Total Time": 249.301,
          "Actual Rows": 5,
          "Actual Loops": 1,
          "Workers Planned": 4,
          "Workers Launched": 4,
          "Single Copy": false,
          "Plans": [
            {
              "Node Type": "Aggregate",
              "Strategy": "Plain",
              "Partial Mode": "Partial",
              "Parent Relationship": "Outer",
              "Parallel Aware": false,
              "Startup Cost": 79371.09,
              "Total Cost": 79371.1,
              "Plan Rows": 1,
              "Plan Width": 8,
              "Actual Startup Time": 223.115,
              "Actual Total Time": 223.129,
              "Actual Rows": 1,
              "Actual Loops": 5,
              "Plans": [
                {
                  "Node Type": "Hash Join",
                  "Parent Relationship": "Outer",
                  "Parallel Aware": true,
                  "Join Type": "Inner",
                  "Startup Cost": 33242.99,
                  "Total Cost": 79087.72,
                  "Plan Rows": 113347,
                  "Plan Width": 0,
                  "Actual Startup Time": 163.991,
                  "Actual Total Time": 221.722,
                  "Actual Rows": 27871,
                  "Actual Loops": 5,
                  "Inner Unique": false,
                  "Hash Cond": "(t.id = mc.movie_id)",
                  "Plans": [
                    {
                      "Node Type": "Seq Scan",
                      "Parent Relationship": "Outer",
                      "Parallel Aware": true,
                      "Relation Name": "title",
                      "Alias": "t",
                      "Startup Cost": 0.0,
                      "Total Cost": 42318.73,
                      "Plan Rows": 632073,
                      "Plan Width": 4,
                      "Actual Startup Time": 0.014,
                      "Actual Total Time": 67.838,
                      "Actual Rows": 505662,
                      "Actual Loops": 5
                    },
                    {
                      "Node Type": "Hash",
                      "Parent Relationship": "Inner",
                      "Parallel Aware": true,
                      "Startup Cost": 31414.82,
                      "Total Cost": 31414.82,
                      "Plan Rows": 146254,
                      "Plan Width": 4,
                      "Actual Startup Time": 79.282,
                      "Actual Total Time": 79.283,
                      "Actual Rows": 27871,
                      "Actual Loops": 5,
                      "Hash Buckets": 524288,
                      "Original Hash Buckets": 524288,
                      "Hash Batches": 1,
                      "Original Hash Batches": 1,
                      "Peak Memory Usage": 9600,
                      "Plans": [
                        {
                          "Node Type": "Seq Scan",
                          "Parent Relationship": "Outer",
                          "Parallel Aware": true,
                          "Relation Name": "movie_companies",
                          "Alias": "mc",
                          "Startup Cost": 0.0,
                          "Total Cost": 31414.82,
                          "Plan Rows": 146254,
                          "Plan Width": 4,
                          "Actual Startup Time": 21.677,
                          "Actual Total Time": 69.267,
                          "Actual Rows": 27871,
                          "Actual Loops": 5,
                          "Filter": "((company_id > 19417) AND (company_type_id = 1))",
                          "Rows Removed by Filter": 493955
                        }
                      ]
                    }
                  ]
                }
              ]
            }
          ]
        }
      ]
    },
    "Planning Time": 0.636,
    "Triggers": [],
    "Execution Time": 249.381
  }
]