{
    "Plan": {
        "Node Type": "Aggregate",
        "Strategy": "Plain",
        "Partial Mode": "Finalize",
        "Parallel Aware": false,
        "Startup Cost": 151157.26,
        "Total Cost": 151157.27,
        "Plan Rows": 1,
        "Plan Width": 8,
        "Actual Startup Time": 116.949,
        "Actual Total Time": 135.206,
        "Actual Rows": 1,
        "Actual Loops": 1,
        "Output": [
            "count(*)"
        ],
        "Plans": [
            {
                "Node Type": "Gather",
                "Parent Relationship": "Outer",
                "Parallel Aware": false,
                "Startup Cost": 151156.84,
                "Total Cost": 151157.25,
                "Plan Rows": 4,
                "Plan Width": 8,
                "Actual Startup Time": 116.842,
                "Actual Total Time": 135.199,
                "Actual Rows": 5,
                "Actual Loops": 1,
                "Output": [
                    "(PARTIAL count(*))"
                ],
                "Workers Planned": 4,
                "Workers Launched": 4,
                "Single Copy": false,
                "Plans": [
                    {
                        "Node Type": "Aggregate",
                        "Strategy": "Plain",
                        "Partial Mode": "Partial",
                        "Parent Relationship": "Outer",
                        "Parallel Aware": false,
                        "Startup Cost": 150156.84,
                        "Total Cost": 150156.85,
                        "Plan Rows": 1,
                        "Plan Width": 8,
                        "Actual Startup Time": 106.967,
                        "Actual Total Time": 106.969,
                        "Actual Rows": 1,
                        "Actual Loops": 5,
                        "Output": [
                            "PARTIAL count(*)"
                        ],
                        "Workers": [
                            {
                                "Worker Number": 0,
                                "Actual Startup Time": 104.369,
                                "Actual Total Time": 104.37,
                                "Actual Rows": 1,
                                "Actual Loops": 1
                            },
                            {
                                "Worker Number": 1,
                                "Actual Startup Time": 104.363,
                                "Actual Total Time": 104.365,
                                "Actual Rows": 1,
                                "Actual Loops": 1
                            },
                            {
                                "Worker Number": 2,
                                "Actual Startup Time": 104.986,
                                "Actual Total Time": 104.987,
                                "Actual Rows": 1,
                                "Actual Loops": 1
                            },
                            {
                                "Worker Number": 3,
                                "Actual Startup Time": 104.982,
                                "Actual Total Time": 104.984,
                                "Actual Rows": 1,
                                "Actual Loops": 1
                            }
                        ],
                        "Plans": [
                            {
                                "Node Type": "Nested Loop",
                                "Parent Relationship": "Outer",
                                "Parallel Aware": false,
                                "Join Type": "Inner",
                                "Startup Cost": 0.43,
                                "Total Cost": 150156.8,
                                "Plan Rows": 15,
                                "Plan Width": 0,
                                "Actual Startup Time": 47.034,
                                "Actual Total Time": 106.952,
                                "Actual Rows": 28,
                                "Actual Loops": 5,
                                "Inner Unique": false,
                                "Workers": [
                                    {
                                        "Worker Number": 0,
                                        "Actual Startup Time": 28.248,
                                        "Actual Total Time": 104.353,
                                        "Actual Rows": 29,
                                        "Actual Loops": 1
                                    },
                                    {
                                        "Worker Number": 1,
                                        "Actual Startup Time": 61.389,
                                        "Actual Total Time": 104.35,
                                        "Actual Rows": 21,
                                        "Actual Loops": 1
                                    },
                                    {
                                        "Worker Number": 2,
                                        "Actual Startup Time": 63.511,
                                        "Actual Total Time": 104.973,
                                        "Actual Rows": 16,
                                        "Actual Loops": 1
                                    },
                                    {
                                        "Worker Number": 3,
                                        "Actual Startup Time": 59.331,
                                        "Actual Total Time": 104.966,
                                        "Actual Rows": 23,
                                        "Actual Loops": 1
                                    }
                                ],
                                "Plans": [
                                    {
                                        "Node Type": "Seq Scan",
                                        "Parent Relationship": "Outer",
                                        "Parallel Aware": true,
                                        "Relation Name": "title",
                                        "Schema": "public",
                                        "Alias": "t",
                                        "Startup Cost": 0.0,
                                        "Total Cost": 45479.21,
                                        "Plan Rows": 946,
                                        "Plan Width": 4,
                                        "Actual Startup Time": 2.571,
                                        "Actual Total Time": 78.171,
                                        "Actual Rows": 685,
                                        "Actual Loops": 5,
                                        "Output": [
                                            "t.id",
                                            "t.title",
                                            "t.imdb_index",
                                            "t.kind_id",
                                            "t.production_year",
                                            "t.imdb_id",
                                            "t.phonetic_code",
                                            "t.episode_of_id",
                                            "t.season_nr",
                                            "t.episode_nr",
                                            "t.series_years",
                                            "t.md5sum"
                                        ],
                                        "Filter": "((t.kind_id < 7) AND (t.production_year = 1956))",
                                        "Rows Removed by Filter": 504977,
                                        "Workers": [
                                            {
                                                "Worker Number": 0,
                                                "Actual Startup Time": 3.923,
                                                "Actual Total Time": 74.257,
                                                "Actual Rows": 564,
                                                "Actual Loops": 1
                                            },
                                            {
                                                "Worker Number": 1,
                                                "Actual Startup Time": 2.133,
                                                "Actual Total Time": 73.097,
                                                "Actual Rows": 556,
                                                "Actual Loops": 1
                                            },
                                            {
                                                "Worker Number": 2,
                                                "Actual Startup Time": 3.377,
                                                "Actual Total Time": 73.307,
                                                "Actual Rows": 558,
                                                "Actual Loops": 1
                                            },
                                            {
                                                "Worker Number": 3,
                                                "Actual Startup Time": 3.163,
                                                "Actual Total Time": 73.417,
                                                "Actual Rows": 559,
                                                "Actual Loops": 1
                                            }
                                        ]
                                    },
                                    {
                                        "Node Type": "Index Scan",
                                        "Parent Relationship": "Inner",
                                        "Parallel Aware": false,
                                        "Scan Direction": "Forward",
                                        "Index Name": "movie_id_movie_info",
                                        "Relation Name": "movie_info",
                                        "Schema": "public",
                                        "Alias": "mi",
                                        "Startup Cost": 0.43,
                                        "Total Cost": 110.64,
                                        "Plan Rows": 1,
                                        "Plan Width": 4,
                                        "Actual Startup Time": 0.041,
                                        "Actual Total Time": 0.041,
                                        "Actual Rows": 0,
                                        "Actual Loops": 3427,
                                        "Output": [
                                            "mi.id",
                                            "mi.movie_id",
                                            "mi.info_type_id",
                                            "mi.info",
                                            "mi.note"
                                        ],
                                        "Index Cond": "(mi.movie_id = t.id)",
                                        "Rows Removed by Index Recheck": 0,
                                        "Filter": "(mi.info_type_id = 104)",
                                        "Rows Removed by Filter": 12,
                                        "Workers": [
                                            {
                                                "Worker Number": 0,
                                                "Actual Startup Time": 0.052,
                                                "Actual Total Time": 0.053,
                                                "Actual Rows": 0,
                                                "Actual Loops": 564
                                            },
                                            {
                                                "Worker Number": 1,
                                                "Actual Startup Time": 0.054,
                                                "Actual Total Time": 0.056,
                                                "Actual Rows": 0,
                                                "Actual Loops": 556
                                            },
                                            {
                                                "Worker Number": 2,
                                                "Actual Startup Time": 0.055,
                                                "Actual Total Time": 0.056,
                                                "Actual Rows": 0,
                                                "Actual Loops": 558
                                            },
                                            {
                                                "Worker Number": 3,
                                                "Actual Startup Time": 0.055,
                                                "Actual Total Time": 0.056,
                                                "Actual Rows": 0,
                                                "Actual Loops": 559
                                            }
                                        ]
                                    }
                                ]
                            }
                        ]
                    }
                ]
            }
        ]
    },
    "Planning Time": 0.799,
    "Triggers": [],
    "Execution Time": 135.28
}