[
  {
    "Plan": {
      "Node Type": "Aggregate",
      "Strategy": "Plain",
      "Partial Mode": "Finalize",
      "Parallel Aware": false,
      "Startup Cost": 47089.02,
      "Total Cost": 47089.03,
      "Plan Rows": 1,
      "Plan Width": 8,
      "Actual Startup Time": 186.953,
      "Actual Total Time": 195.136,
      "Actual Rows": 1,
      "Actual Loops": 1,
      "Plans": [
        {
          "Node Type": "Gather",
          "Parent Relationship": "Outer",
          "Parallel Aware": false,
          "Startup Cost": 47088.7,
          "Total Cost": 47089.01,
          "Plan Rows": 3,
          "Plan Width": 8,
          "Actual Startup Time": 186.836,
          "Actual Total Time": 195.127,
          "Actual Rows": 4,
          "Actual Loops": 1,
          "Workers Planned": 3,
          "Workers Launched": 3,
          "Single Copy": false,
          "Plans": [
            {
              "Node Type": "Aggregate",
              "Strategy": "Plain",
              "Partial Mode": "Partial",
              "Parent Relationship": "Outer",
              "Parallel Aware": false,
              "Startup Cost": 46088.7,
              "Total Cost": 46088.71,
              "Plan Rows": 1,
              "Plan Width": 8,
              "Actual Startup Time": 179.78,
              "Actual Total Time": 179.781,
              "Actual Rows": 1,
              "Actual Loops": 4,
              "Plans": [
                {
                  "Node Type": "Seq Scan",
                  "Parent Relationship": "Outer",
                  "Parallel Aware": true,
                  "Relation Name": "movie_keyword",
                  "Alias": "mk",
                  "Startup Cost": 0.0,
                  "Total Cost": 42695.65,
                  "Plan Rows": 1357219,
                  "Plan Width": 0,
                  "Actual Startup Time": 0.059,
                  "Actual Total Time": 128.916,
                  "Actual Rows": 1053231,
                  "Actual Loops": 4,
                  "Filter": "(keyword_id < 52489)",
                  "Rows Removed by Filter": 77752
                }
              ]
            }
          ]
        }
      ]
    },
    "Planning Time": 0.152,
    "Triggers": [],
    "Execution Time": 195.186
  }
]