[
  {
    "Plan": {
      "Node Type": "Aggregate",
      "Strategy": "Plain",
      "Partial Mode": "Finalize",
      "Parallel Aware": false,
      "Startup Cost": 31750.03,
      "Total Cost": 31750.04,
      "Plan Rows": 1,
      "Plan Width": 8,
      "Actual Startup Time": 92.968,
      "Actual Total Time": 98.019,
      "Actual Rows": 1,
      "Actual Loops": 1,
      "Plans": [
        {
          "Node Type": "Gather",
          "Parent Relationship": "Outer",
          "Parallel Aware": false,
          "Startup Cost": 31749.71,
          "Total Cost": 31750.02,
          "Plan Rows": 3,
          "Plan Width": 8,
          "Actual Startup Time": 92.733,
          "Actual Total Time": 98.012,
          "Actual Rows": 4,
          "Actual Loops": 1,
          "Workers Planned": 3,
          "Workers Launched": 3,
          "Single Copy": false,
          "Plans": [
            {
              "Node Type": "Aggregate",
              "Strategy": "Plain",
              "Partial Mode": "Partial",
              "Parent Relationship": "Outer",
              "Parallel Aware": false,
              "Startup Cost": 30749.71,
              "Total Cost": 30749.72,
              "Plan Rows": 1,
              "Plan Width": 8,
              "Actual Startup Time": 87.36,
              "Actual Total Time": 87.361,
              "Actual Rows": 1,
              "Actual Loops": 4,
              "Plans": [
                {
                  "Node Type": "Bitmap Heap Scan",
                  "Parent Relationship": "Outer",
                  "Parallel Aware": true,
                  "Relation Name": "movie_companies",
                  "Alias": "mc",
                  "Startup Cost": 9616.44,
                  "Total Cost": 30565.78,
                  "Plan Rows": 73571,
                  "Plan Width": 0,
                  "Actual Startup Time": 70.24,
                  "Actual Total Time": 85.939,
                  "Actual Rows": 26293,
                  "Actual Loops": 4,
                  "Recheck Cond": "(company_id < 329)",
                  "Rows Removed by Index Recheck": 0,
                  "Filter": "(company_type_id > 1)",
                  "Rows Removed by Filter": 83536,
                  "Exact Heap Blocks": 8406,
                  "Lossy Heap Blocks": 0,
                  "Plans": [
                    {
                      "Node Type": "Bitmap Index Scan",
                      "Parent Relationship": "Outer",
                      "Parallel Aware": false,
                      "Index Name": "company_id_movie_companies",
                      "Startup Cost": 0.0,
                      "Total Cost": 9559.42,
                      "Plan Rows": 446265,
                      "Plan Width": 0,
                      "Actual Startup Time": 33.343,
                      "Actual Total Time": 33.343,
                      "Actual Rows": 439315,
                      "Actual Loops": 1,
                      "Index Cond": "(company_id < 329)"
                    }
                  ]
                }
              ]
            }
          ]
        }
      ]
    },
    "Planning Time": 0.237,
    "Triggers": [],
    "Execution Time": 98.099
  }
]