[
  {
    "Plan": {
      "Node Type": "Aggregate",
      "Strategy": "Plain",
      "Partial Mode": "Finalize",
      "Parallel Aware": false,
      "Startup Cost": 353908.76,
      "Total Cost": 353908.77,
      "Plan Rows": 1,
      "Plan Width": 8,
      "Actual Startup Time": 1026.586,
      "Actual Total Time": 1073.996,
      "Actual Rows": 1,
      "Actual Loops": 1,
      "Plans": [
        {
          "Node Type": "Gather",
          "Parent Relationship": "Outer",
          "Parallel Aware": false,
          "Startup Cost": 353908.14,
          "Total Cost": 353908.74,
          "Plan Rows": 6,
          "Plan Width": 8,
          "Actual Startup Time": 1026.342,
          "Actual Total Time": 1073.965,
          "Actual Rows": 7,
          "Actual Loops": 1,
          "Workers Planned": 6,
          "Workers Launched": 6,
          "Single Copy": false,
          "Plans": [
            {
              "Node Type": "Aggregate",
              "Strategy": "Plain",
              "Partial Mode": "Partial",
              "Parent Relationship": "Outer",
              "Parallel Aware": false,
              "Startup Cost": 352908.14,
              "Total Cost": 352908.15,
              "Plan Rows": 1,
              "Plan Width": 8,
              "Actual Startup Time": 1019.004,
              "Actual Total Time": 1019.005,
              "Actual Rows": 1,
              "Actual Loops": 7,
              "Plans": [
                {
                  "Node Type": "Seq Scan",
                  "Parent Relationship": "Outer",
                  "Parallel Aware": true,
                  "Relation Name": "cast_info",
                  "Alias": "ci",
                  "Startup Cost": 0.0,
                  "Total Cost": 343316.27,
                  "Plan Rows": 3836746,
                  "Plan Width": 0,
                  "Actual Startup Time": 259.148,
                  "Actual Total Time": 828.212,
                  "Actual Rows": 3258121,
                  "Actual Loops": 7,
                  "Filter": "((person_id < 3914744) AND (role_id > 1))",
                  "Rows Removed by Filter": 1919642
                }
              ]
            }
          ]
        }
      ]
    },
    "Planning Time": 0.234,
    "Triggers": [],
    "Execution Time": 1074.069
  }
]