[
  {
    "Plan": {
      "Node Type": "Aggregate",
      "Strategy": "Plain",
      "Partial Mode": "Finalize",
      "Parallel Aware": false,
      "Startup Cost": 353936.07,
      "Total Cost": 353936.08,
      "Plan Rows": 1,
      "Plan Width": 8,
      "Actual Startup Time": 802.237,
      "Actual Total Time": 873.321,
      "Actual Rows": 1,
      "Actual Loops": 1,
      "Plans": [
        {
          "Node Type": "Gather",
          "Parent Relationship": "Outer",
          "Parallel Aware": false,
          "Startup Cost": 353935.44,
          "Total Cost": 353936.05,
          "Plan Rows": 6,
          "Plan Width": 8,
          "Actual Startup Time": 802.116,
          "Actual Total Time": 873.31,
          "Actual Rows": 7,
          "Actual Loops": 1,
          "Workers Planned": 6,
          "Workers Launched": 6,
          "Single Copy": false,
          "Plans": [
            {
              "Node Type": "Aggregate",
              "Strategy": "Plain",
              "Partial Mode": "Partial",
              "Parent Relationship": "Outer",
              "Parallel Aware": false,
              "Startup Cost": 352935.44,
              "Total Cost": 352935.45,
              "Plan Rows": 1,
              "Plan Width": 8,
              "Actual Startup Time": 791.767,
              "Actual Total Time": 791.768,
              "Actual Rows": 1,
              "Actual Loops": 7,
              "Plans": [
                {
                  "Node Type": "Seq Scan",
                  "Parent Relationship": "Outer",
                  "Parallel Aware": true,
                  "Relation Name": "cast_info",
                  "Alias": "ci",
                  "Startup Cost": 0.0,
                  "Total Cost": 343257.03,
                  "Plan Rows": 3871366,
                  "Plan Width": 0,
                  "Actual Startup Time": 216.534,
                  "Actual Total Time": 667.445,
                  "Actual Rows": 3258121,
                  "Actual Loops": 7,
                  "Filter": "((person_id < 3914744) AND (role_id > 1))",
                  "Rows Removed by Filter": 1919642
                }
              ]
            }
          ]
        }
      ]
    },
    "Planning Time": 0.195,
    "Triggers": [],
    "Execution Time": 873.39
  }
]