[
    {
        "Bao": {
            "Bao prediction": "NaN",
            "Bao recommended hint": "(no hint)"
        }
    },
    {
        "Plan": {
            "Node Type": "Aggregate",
            "Strategy": "Plain",
            "Partial Mode": "Simple",
            "Parallel Aware": false,
            "Startup Cost": 11361.12,
            "Total Cost": 11361.13,
            "Plan Rows": 1,
            "Plan Width": 8,
            "Actual Startup Time": 6.364,
            "Actual Total Time": 6.366,
            "Actual Rows": 1,
            "Actual Loops": 1,
            "Output": [
                "count(*)"
            ],
            "Plans": [
                {
                    "Node Type": "Bitmap Heap Scan",
                    "Parent Relationship": "Outer",
                    "Parallel Aware": false,
                    "Relation Name": "movie_companies",
                    "Schema": "public",
                    "Alias": "mc",
                    "Startup Cost": 110.85,
                    "Total Cost": 11348.72,
                    "Plan Rows": 4957,
                    "Plan Width": 0,
                    "Actual Startup Time": 1.07,
                    "Actual Total Time": 5.933,
                    "Actual Rows": 5677,
                    "Actual Loops": 1,
                    "Recheck Cond": "(mc.company_id = 73)",
                    "Rows Removed by Index Recheck": 0,
                    "Exact Heap Blocks": 2528,
                    "Lossy Heap Blocks": 0,
                    "Plans": [
                        {
                            "Node Type": "Bitmap Index Scan",
                            "Parent Relationship": "Outer",
                            "Parallel Aware": false,
                            "Index Name": "company_id_movie_companies",
                            "Startup Cost": 0.0,
                            "Total Cost": 109.61,
                            "Plan Rows": 4957,
                            "Plan Width": 0,
                            "Actual Startup Time": 0.627,
                            "Actual Total Time": 0.628,
                            "Actual Rows": 5677,
                            "Actual Loops": 1,
                            "Index Cond": "(mc.company_id = 73)"
                        }
                    ]
                }
            ]
        },
        "Planning Time": 253.194,
        "Triggers": [],
        "Execution Time": 6.417
    }
]