[
  {
    "Plan": {
      "Node Type": "Aggregate",
      "Strategy": "Plain",
      "Partial Mode": "Finalize",
      "Parallel Aware": false,
      "Startup Cost": 32080.43,
      "Total Cost": 32080.44,
      "Plan Rows": 1,
      "Plan Width": 8,
      "Actual Startup Time": 114.997,
      "Actual Total Time": 123.209,
      "Actual Rows": 1,
      "Actual Loops": 1,
      "Plans": [
        {
          "Node Type": "Gather",
          "Parent Relationship": "Outer",
          "Parallel Aware": false,
          "Startup Cost": 32080.11,
          "Total Cost": 32080.42,
          "Plan Rows": 3,
          "Plan Width": 8,
          "Actual Startup Time": 114.889,
          "Actual Total Time": 123.199,
          "Actual Rows": 4,
          "Actual Loops": 1,
          "Workers Planned": 3,
          "Workers Launched": 3,
          "Single Copy": false,
          "Plans": [
            {
              "Node Type": "Aggregate",
              "Strategy": "Plain",
              "Partial Mode": "Partial",
              "Parent Relationship": "Outer",
              "Parallel Aware": false,
              "Startup Cost": 31080.11,
              "Total Cost": 31080.12,
              "Plan Rows": 1,
              "Plan Width": 8,
              "Actual Startup Time": 109.203,
              "Actual Total Time": 109.204,
              "Actual Rows": 1,
              "Actual Loops": 4,
              "Plans": [
                {
                  "Node Type": "Seq Scan",
                  "Parent Relationship": "Outer",
                  "Parallel Aware": true,
                  "Relation Name": "movie_companies",
                  "Alias": "mc",
                  "Startup Cost": 0.0,
                  "Total Cost": 29310.68,
                  "Plan Rows": 707772,
                  "Plan Width": 0,
                  "Actual Startup Time": 0.131,
                  "Actual Total Time": 84.129,
                  "Actual Rows": 548876,
                  "Actual Loops": 4,
                  "Filter": "(company_id > 276)",
                  "Rows Removed by Filter": 103406
                }
              ]
            }
          ]
        }
      ]
    },
    "Planning Time": 0.197,
    "Triggers": [],
    "Execution Time": 123.276
  }
]