[
  {
    "Plan": {
      "Node Type": "Aggregate",
      "Strategy": "Plain",
      "Partial Mode": "Finalize",
      "Parallel Aware": false,
      "Startup Cost": 436107.64,
      "Total Cost": 436107.65,
      "Plan Rows": 1,
      "Plan Width": 8,
      "Actual Startup Time": 1818.265,
      "Actual Total Time": 1886.568,
      "Actual Rows": 1,
      "Actual Loops": 1,
      "Plans": [
        {
          "Node Type": "Gather",
          "Parent Relationship": "Outer",
          "Parallel Aware": false,
          "Startup Cost": 436107.01,
          "Total Cost": 436107.62,
          "Plan Rows": 6,
          "Plan Width": 8,
          "Actual Startup Time": 1811.395,
          "Actual Total Time": 1886.552,
          "Actual Rows": 7,
          "Actual Loops": 1,
          "Workers Planned": 6,
          "Workers Launched": 6,
          "Single Copy": false,
          "Plans": [
            {
              "Node Type": "Aggregate",
              "Strategy": "Plain",
              "Partial Mode": "Partial",
              "Parent Relationship": "Outer",
              "Parallel Aware": false,
              "Startup Cost": 435107.01,
              "Total Cost": 435107.02,
              "Plan Rows": 1,
              "Plan Width": 8,
              "Actual Startup Time": 1798.438,
              "Actual Total Time": 1798.523,
              "Actual Rows": 1,
              "Actual Loops": 7,
              "Plans": [
                {
                  "Node Type": "Hash Join",
                  "Parent Relationship": "Outer",
                  "Parallel Aware": true,
                  "Join Type": "Inner",
                  "Startup Cost": 93433.89,
                  "Total Cost": 432526.9,
                  "Plan Rows": 1032046,
                  "Plan Width": 0,
                  "Actual Startup Time": 303.79,
                  "Actual Total Time": 1772.453,
                  "Actual Rows": 414828,
                  "Actual Loops": 7,
                  "Inner Unique": false,
                  "Hash Cond": "(ci.movie_id = t.id)",
                  "Plans": [
                    {
                      "Node Type": "Seq Scan",
                      "Parent Relationship": "Outer",
                      "Parallel Aware": true,
                      "Relation Name": "cast_info",
                      "Alias": "ci",
                      "Startup Cost": 0.0,
                      "Total Cost": 313106.51,
                      "Plan Rows": 6041951,
                      "Plan Width": 4,
                      "Actual Startup Time": 0.044,
                      "Actual Total Time": 657.221,
                      "Actual Rows": 5177763,
                      "Actual Loops": 7
                    },
                    {
                      "Node Type": "Hash",
                      "Parent Relationship": "Inner",
                      "Parallel Aware": true,
                      "Startup Cost": 91692.4,
                      "Total Cost": 91692.4,
                      "Plan Rows": 139319,
                      "Plan Width": 8,
                      "Actual Startup Time": 301.314,
                      "Actual Total Time": 301.398,
                      "Actual Rows": 19999,
                      "Actual Loops": 7,
                      "Hash Buckets": 524288,
                      "Original Hash Buckets": 524288,
                      "Hash Batches": 1,
                      "Original Hash Batches": 1,
                      "Peak Memory Usage": 9664,
                      "Plans": [
                        {
                          "Node Type": "Hash Join",
                          "Parent Relationship": "Outer",
                          "Parallel Aware": true,
                          "Join Type": "Inner",
                          "Startup Cost": 47688.72,
                          "Total Cost": 91692.4,
                          "Plan Rows": 139319,
                          "Plan Width": 8,
                          "Actual Startup Time": 162.458,
                          "Actual Total Time": 290.888,
                          "Actual Rows": 19999,
                          "Actual Loops": 7,
                          "Inner Unique": true,
                          "Hash Cond": "(mk.movie_id = t.id)",
                          "Plans": [
                            {
                              "Node Type": "Seq Scan",
                              "Parent Relationship": "Outer",
                              "Parallel Aware": true,
                              "Relation Name": "movie_keyword",
                              "Alias": "mk",
                              "Startup Cost": 0.0,
                              "Total Cost": 42695.65,
                              "Plan Rows": 498295,
                              "Plan Width": 4,
                              "Actual Startup Time": 0.044,
                              "Actual Total Time": 86.668,
                              "Actual Rows": 220592,
                              "Actual Loops": 7,
                              "Filter": "(keyword_id < 2276)",
                              "Rows Removed by Filter": 425684
                            },
                            {
                              "Node Type": "Hash",
                              "Parent Relationship": "Inner",
                              "Parallel Aware": true,
                              "Startup Cost": 45479.59,
                              "Total Cost": 45479.59,
                              "Plan Rows": 176731,
                              "Plan Width": 4,
                              "Actual Startup Time": 160.151,
                              "Actual Total Time": 160.153,
                              "Actual Rows": 84918,
                              "Actual Loops": 7,
                              "Hash Buckets": 1048576,
                              "Original Hash Buckets": 1048576,
                              "Hash Batches": 1,
                              "Original Hash Batches": 1,
                              "Peak Memory Usage": 31552,
                              "Plans": [
                                {
                                  "Node Type": "Seq Scan",
                                  "Parent Relationship": "Outer",
                                  "Parallel Aware": true,
                                  "Relation Name": "title",
                                  "Alias": "t",
                                  "Startup Cost": 0.0,
                                  "Total Cost": 45479.59,
                                  "Plan Rows": 176731,
                                  "Plan Width": 4,
                                  "Actual Startup Time": 0.06,
                                  "Actual Total Time": 103.223,
                                  "Actual Rows": 84918,
                                  "Actual Loops": 7,
                                  "Filter": "((kind_id > 3) AND (production_year < 2001))",
                                  "Rows Removed by Filter": 276269
                                }
                              ]
                            }
                          ]
                        }
                      ]
                    }
                  ]
                }
              ]
            }
          ]
        }
      ]
    },
    "Planning Time": 1.013,
    "Triggers": [],
    "Execution Time": 1886.657
  }
]