{
    "Plan": {
        "Node Type": "Aggregate",
        "Strategy": "Plain",
        "Partial Mode": "Finalize",
        "Parallel Aware": false,
        "Startup Cost": 455352.24,
        "Total Cost": 455352.25,
        "Plan Rows": 1,
        "Plan Width": 8,
        "Actual Startup Time": 1968.158,
        "Actual Total Time": 2018.729,
        "Actual Rows": 1,
        "Actual Loops": 1,
        "Output": [
            "count(*)"
        ],
        "Plans": [
            {
                "Node Type": "Gather",
                "Parent Relationship": "Outer",
                "Parallel Aware": false,
                "Startup Cost": 455351.72,
                "Total Cost": 455352.23,
                "Plan Rows": 5,
                "Plan Width": 8,
                "Actual Startup Time": 1961.607,
                "Actual Total Time": 2018.701,
                "Actual Rows": 6,
                "Actual Loops": 1,
                "Output": [
                    "(PARTIAL count(*))"
                ],
                "Workers Planned": 5,
                "Workers Launched": 5,
                "Single Copy": false,
                "Plans": [
                    {
                        "Node Type": "Aggregate",
                        "Strategy": "Plain",
                        "Partial Mode": "Partial",
                        "Parent Relationship": "Outer",
                        "Parallel Aware": false,
                        "Startup Cost": 454351.72,
                        "Total Cost": 454351.73,
                        "Plan Rows": 1,
                        "Plan Width": 8,
                        "Actual Startup Time": 1950.636,
                        "Actual Total Time": 1950.64,
                        "Actual Rows": 1,
                        "Actual Loops": 6,
                        "Output": [
                            "PARTIAL count(*)"
                        ],
                        "Workers": [
                            {
                                "Worker Number": 0,
                                "Actual Startup Time": 1948.558,
                                "Actual Total Time": 1948.562,
                                "Actual Rows": 1,
                                "Actual Loops": 1
                            },
                            {
                                "Worker Number": 1,
                                "Actual Startup Time": 1948.614,
                                "Actual Total Time": 1948.617,
                                "Actual Rows": 1,
                                "Actual Loops": 1
                            },
                            {
                                "Worker Number": 2,
                                "Actual Startup Time": 1948.647,
                                "Actual Total Time": 1948.651,
                                "Actual Rows": 1,
                                "Actual Loops": 1
                            },
                            {
                                "Worker Number": 3,
                                "Actual Startup Time": 1949.197,
                                "Actual Total Time": 1949.2,
                                "Actual Rows": 1,
                                "Actual Loops": 1
                            },
                            {
                                "Worker Number": 4,
                                "Actual Startup Time": 1948.563,
                                "Actual Total Time": 1948.566,
                                "Actual Rows": 1,
                                "Actual Loops": 1
                            }
                        ],
                        "Plans": [
                            {
                                "Node Type": "Hash Join",
                                "Parent Relationship": "Outer",
                                "Parallel Aware": true,
                                "Join Type": "Inner",
                                "Startup Cost": 256921.33,
                                "Total Cost": 452665.11,
                                "Plan Rows": 674644,
                                "Plan Width": 0,
                                "Actual Startup Time": 851.883,
                                "Actual Total Time": 1885.091,
                                "Actual Rows": 1107407,
                                "Actual Loops": 6,
                                "Inner Unique": true,
                                "Hash Cond": "(mi.movie_id = t.id)",
                                "Workers": [
                                    {
                                        "Worker Number": 0,
                                        "Actual Startup Time": 849.723,
                                        "Actual Total Time": 1881.061,
                                        "Actual Rows": 1057753,
                                        "Actual Loops": 1
                                    },
                                    {
                                        "Worker Number": 1,
                                        "Actual Startup Time": 850.014,
                                        "Actual Total Time": 1888.243,
                                        "Actual Rows": 1466962,
                                        "Actual Loops": 1
                                    },
                                    {
                                        "Worker Number": 2,
                                        "Actual Startup Time": 850.43,
                                        "Actual Total Time": 1880.647,
                                        "Actual Rows": 1052917,
                                        "Actual Loops": 1
                                    },
                                    {
                                        "Worker Number": 3,
                                        "Actual Startup Time": 850.172,
                                        "Actual Total Time": 1880.749,
                                        "Actual Rows": 1058861,
                                        "Actual Loops": 1
                                    },
                                    {
                                        "Worker Number": 4,
                                        "Actual Startup Time": 849.468,
                                        "Actual Total Time": 1881.803,
                                        "Actual Rows": 1051260,
                                        "Actual Loops": 1
                                    }
                                ],
                                "Plans": [
                                    {
                                        "Node Type": "Bitmap Heap Scan",
                                        "Parent Relationship": "Outer",
                                        "Parallel Aware": true,
                                        "Relation Name": "movie_info",
                                        "Schema": "public",
                                        "Alias": "mi",
                                        "Startup Cost": 202329.35,
                                        "Total Cost": 392215.55,
                                        "Plan Rows": 2231456,
                                        "Plan Width": 4,
                                        "Actual Startup Time": 615.769,
                                        "Actual Total Time": 1071.43,
                                        "Actual Rows": 1868457,
                                        "Actual Loops": 6,
                                        "Output": [
                                            "mi.id",
                                            "mi.movie_id",
                                            "mi.info_type_id",
                                            "mi.info",
                                            "mi.note"
                                        ],
                                        "Recheck Cond": "(mi.info_type_id > 3)",
                                        "Rows Removed by Index Recheck": 0,
                                        "Exact Heap Blocks": 19642,
                                        "Lossy Heap Blocks": 0,
                                        "Workers": [
                                            {
                                                "Worker Number": 0,
                                                "Actual Startup Time": 615.823,
                                                "Actual Total Time": 1071.99,
                                                "Actual Rows": 1790632,
                                                "Actual Loops": 1
                                            },
                                            {
                                                "Worker Number": 1,
                                                "Actual Startup Time": 616.001,
                                                "Actual Total Time": 1070.913,
                                                "Actual Rows": 2445440,
                                                "Actual Loops": 1
                                            },
                                            {
                                                "Worker Number": 2,
                                                "Actual Startup Time": 615.78,
                                                "Actual Total Time": 1071.757,
                                                "Actual Rows": 1784875,
                                                "Actual Loops": 1
                                            },
                                            {
                                                "Worker Number": 3,
                                                "Actual Startup Time": 615.878,
                                                "Actual Total Time": 1073.76,
                                                "Actual Rows": 1788740,
                                                "Actual Loops": 1
                                            },
                                            {
                                                "Worker Number": 4,
                                                "Actual Startup Time": 615.511,
                                                "Actual Total Time": 1068.974,
                                                "Actual Rows": 1798645,
                                                "Actual Loops": 1
                                            }
                                        ],
                                        "Plans": [
                                            {
                                                "Node Type": "Bitmap Index Scan",
                                                "Parent Relationship": "Outer",
                                                "Parallel Aware": false,
                                                "Index Name": "info_type_id_movie_info",
                                                "Startup Cost": 0.0,
                                                "Total Cost": 199540.03,
                                                "Plan Rows": 11157280,
                                                "Plan Width": 0,
                                                "Actual Startup Time": 573.322,
                                                "Actual Total Time": 573.323,
                                                "Actual Rows": 11210743,
                                                "Actual Loops": 1,
                                                "Index Cond": "(mi.info_type_id > 3)",
                                                "Workers": [
                                                    {
                                                        "Worker Number": 4,
                                                        "Actual Startup Time": 573.322,
                                                        "Actual Total Time": 573.323,
                                                        "Actual Rows": 11210743,
                                                        "Actual Loops": 1
                                                    }
                                                ]
                                            }
                                        ]
                                    },
                                    {
                                        "Node Type": "Hash",
                                        "Parent Relationship": "Inner",
                                        "Parallel Aware": true,
                                        "Startup Cost": 52203.24,
                                        "Total Cost": 52203.24,
                                        "Plan Rows": 191099,
                                        "Plan Width": 4,
                                        "Actual Startup Time": 229.28,
                                        "Actual Total Time": 229.281,
                                        "Actual Rows": 125613,
                                        "Actual Loops": 6,
                                        "Output": [
                                            "t.id"
                                        ],
                                        "Hash Buckets": 1048576,
                                        "Original Hash Buckets": 1048576,
                                        "Hash Batches": 1,
                                        "Original Hash Batches": 1,
                                        "Peak Memory Usage": 37792,
                                        "Workers": [
                                            {
                                                "Worker Number": 0,
                                                "Actual Startup Time": 229.949,
                                                "Actual Total Time": 229.951,
                                                "Actual Rows": 129698,
                                                "Actual Loops": 1
                                            },
                                            {
                                                "Worker Number": 1,
                                                "Actual Startup Time": 229.828,
                                                "Actual Total Time": 229.83,
                                                "Actual Rows": 119614,
                                                "Actual Loops": 1
                                            },
                                            {
                                                "Worker Number": 2,
                                                "Actual Startup Time": 229.963,
                                                "Actual Total Time": 229.964,
                                                "Actual Rows": 128240,
                                                "Actual Loops": 1
                                            },
                                            {
                                                "Worker Number": 3,
                                                "Actual Startup Time": 229.948,
                                                "Actual Total Time": 229.949,
                                                "Actual Rows": 129316,
                                                "Actual Loops": 1
                                            },
                                            {
                                                "Worker Number": 4,
                                                "Actual Startup Time": 229.944,
                                                "Actual Total Time": 229.945,
                                                "Actual Rows": 128742,
                                                "Actual Loops": 1
                                            }
                                        ],
                                        "Plans": [
                                            {
                                                "Node Type": "Bitmap Heap Scan",
                                                "Parent Relationship": "Outer",
                                                "Parallel Aware": true,
                                                "Relation Name": "title",
                                                "Schema": "public",
                                                "Alias": "t",
                                                "Startup Cost": 13816.5,
                                                "Total Cost": 52203.24,
                                                "Plan Rows": 191099,
                                                "Plan Width": 4,
                                                "Actual Startup Time": 61.676,
                                                "Actual Total Time": 164.878,
                                                "Actual Rows": 125613,
                                                "Actual Loops": 6,
                                                "Output": [
                                                    "t.id"
                                                ],
                                                "Recheck Cond": "(t.kind_id < 3)",
                                                "Rows Removed by Index Recheck": 0,
                                                "Exact Heap Blocks": 6727,
                                                "Lossy Heap Blocks": 0,
                                                "Workers": [
                                                    {
                                                        "Worker Number": 0,
                                                        "Actual Startup Time": 61.608,
                                                        "Actual Total Time": 165.451,
                                                        "Actual Rows": 129698,
                                                        "Actual Loops": 1
                                                    },
                                                    {
                                                        "Worker Number": 1,
                                                        "Actual Startup Time": 61.575,
                                                        "Actual Total Time": 162.597,
                                                        "Actual Rows": 119614,
                                                        "Actual Loops": 1
                                                    },
                                                    {
                                                        "Worker Number": 2,
                                                        "Actual Startup Time": 61.505,
                                                        "Actual Total Time": 165.136,
                                                        "Actual Rows": 128240,
                                                        "Actual Loops": 1
                                                    },
                                                    {
                                                        "Worker Number": 3,
                                                        "Actual Startup Time": 61.863,
                                                        "Actual Total Time": 165.034,
                                                        "Actual Rows": 129316,
                                                        "Actual Loops": 1
                                                    },
                                                    {
                                                        "Worker Number": 4,
                                                        "Actual Startup Time": 62.096,
                                                        "Actual Total Time": 164.934,
                                                        "Actual Rows": 128742,
                                                        "Actual Loops": 1
                                                    }
                                                ],
                                                "Plans": [
                                                    {
                                                        "Node Type": "Bitmap Index Scan",
                                                        "Parent Relationship": "Outer",
                                                        "Parallel Aware": false,
                                                        "Index Name": "kind_id_title",
                                                        "Startup Cost": 0.0,
                                                        "Total Cost": 13625.4,
                                                        "Plan Rows": 764396,
                                                        "Plan Width": 0,
                                                        "Actual Startup Time": 52.282,
                                                        "Actual Total Time": 52.282,
                                                        "Actual Rows": 753677,
                                                        "Actual Loops": 1,
                                                        "Index Cond": "(t.kind_id < 3)"
                                                    }
                                                ]
                                            }
                                        ]
                                    }
                                ]
                            }
                        ]
                    }
                ]
            }
        ]
    },
    "Planning Time": 3.032,
    "Triggers": [],
    "Execution Time": 2019.213
}