[
  {
    "Plan": {
      "Node Type": "Aggregate",
      "Strategy": "Plain",
      "Partial Mode": "Simple",
      "Parallel Aware": false,
      "Startup Cost": 20770.68,
      "Total Cost": 20770.69,
      "Plan Rows": 1,
      "Plan Width": 8,
      "Actual Startup Time": 32.058,
      "Actual Total Time": 32.059,
      "Actual Rows": 1,
      "Actual Loops": 1,
      "Plans": [
        {
          "Node Type": "Bitmap Heap Scan",
          "Parent Relationship": "Outer",
          "Parallel Aware": false,
          "Relation Name": "movie_companies",
          "Alias": "mc",
          "Startup Cost": 1170.84,
          "Total Cost": 20635.71,
          "Plan Rows": 53989,
          "Plan Width": 0,
          "Actual Startup Time": 7.749,
          "Actual Total Time": 26.418,
          "Actual Rows": 51415,
          "Actual Loops": 1,
          "Recheck Cond": "(company_id > 190352)",
          "Rows Removed by Index Recheck": 0,
          "Exact Heap Blocks": 1909,
          "Lossy Heap Blocks": 0,
          "Plans": [
            {
              "Node Type": "Bitmap Index Scan",
              "Parent Relationship": "Outer",
              "Parallel Aware": false,
              "Index Name": "company_id_movie_companies",
              "Startup Cost": 0.0,
              "Total Cost": 1157.35,
              "Plan Rows": 53989,
              "Plan Width": 0,
              "Actual Startup Time": 6.924,
              "Actual Total Time": 6.924,
              "Actual Rows": 51415,
              "Actual Loops": 1,
              "Index Cond": "(company_id > 190352)"
            }
          ]
        }
      ]
    },
    "Planning Time": 0.159,
    "Triggers": [],
    "Execution Time": 32.115
  }
]