[
  {
    "Plan": {
      "Node Type": "Aggregate",
      "Strategy": "Plain",
      "Partial Mode": "Finalize",
      "Parallel Aware": false,
      "Startup Cost": 343465.77,
      "Total Cost": 343465.78,
      "Plan Rows": 1,
      "Plan Width": 8,
      "Actual Startup Time": 857.874,
      "Actual Total Time": 918.518,
      "Actual Rows": 1,
      "Actual Loops": 1,
      "Plans": [
        {
          "Node Type": "Gather",
          "Parent Relationship": "Outer",
          "Parallel Aware": false,
          "Startup Cost": 343465.15,
          "Total Cost": 343465.76,
          "Plan Rows": 6,
          "Plan Width": 8,
          "Actual Startup Time": 857.765,
          "Actual Total Time": 918.506,
          "Actual Rows": 7,
          "Actual Loops": 1,
          "Workers Planned": 6,
          "Workers Launched": 6,
          "Single Copy": false,
          "Plans": [
            {
              "Node Type": "Aggregate",
              "Strategy": "Plain",
              "Partial Mode": "Partial",
              "Parent Relationship": "Outer",
              "Parallel Aware": false,
              "Startup Cost": 342465.15,
              "Total Cost": 342465.16,
              "Plan Rows": 1,
              "Plan Width": 8,
              "Actual Startup Time": 848.705,
              "Actual Total Time": 848.706,
              "Actual Rows": 1,
              "Actual Loops": 7,
              "Plans": [
                {
                  "Node Type": "Seq Scan",
                  "Parent Relationship": "Outer",
                  "Parallel Aware": true,
                  "Relation Name": "cast_info",
                  "Alias": "ci",
                  "Startup Cost": 0.0,
                  "Total Cost": 328162.03,
                  "Plan Rows": 5721248,
                  "Plan Width": 0,
                  "Actual Startup Time": 0.054,
                  "Actual Total Time": 642.885,
                  "Actual Rows": 4915739,
                  "Actual Loops": 7,
                  "Filter": "(person_id < 3699650)",
                  "Rows Removed by Filter": 262025
                }
              ]
            }
          ]
        }
      ]
    },
    "Planning Time": 0.193,
    "Triggers": [],
    "Execution Time": 918.589
  }
]