[
  {
    "Plan": {
      "Node Type": "Aggregate",
      "Strategy": "Plain",
      "Partial Mode": "Finalize",
      "Parallel Aware": false,
      "Startup Cost": 45722.27,
      "Total Cost": 45722.28,
      "Plan Rows": 1,
      "Plan Width": 8,
      "Actual Startup Time": 158.279,
      "Actual Total Time": 167.79,
      "Actual Rows": 1,
      "Actual Loops": 1,
      "Plans": [
        {
          "Node Type": "Gather",
          "Parent Relationship": "Outer",
          "Parallel Aware": false,
          "Startup Cost": 45721.96,
          "Total Cost": 45722.27,
          "Plan Rows": 3,
          "Plan Width": 8,
          "Actual Startup Time": 158.094,
          "Actual Total Time": 167.782,
          "Actual Rows": 4,
          "Actual Loops": 1,
          "Workers Planned": 3,
          "Workers Launched": 3,
          "Single Copy": false,
          "Plans": [
            {
              "Node Type": "Aggregate",
              "Strategy": "Plain",
              "Partial Mode": "Partial",
              "Parent Relationship": "Outer",
              "Parallel Aware": false,
              "Startup Cost": 44721.96,
              "Total Cost": 44721.97,
              "Plan Rows": 1,
              "Plan Width": 8,
              "Actual Startup Time": 151.622,
              "Actual Total Time": 151.623,
              "Actual Rows": 1,
              "Actual Loops": 4,
              "Plans": [
                {
                  "Node Type": "Seq Scan",
                  "Parent Relationship": "Outer",
                  "Parallel Aware": true,
                  "Relation Name": "movie_keyword",
                  "Alias": "mk",
                  "Startup Cost": 0.0,
                  "Total Cost": 42695.65,
                  "Plan Rows": 810521,
                  "Plan Width": 0,
                  "Actual Startup Time": 0.046,
                  "Actual Total Time": 120.928,
                  "Actual Rows": 631868,
                  "Actual Loops": 4,
                  "Filter": "(keyword_id < 6271)",
                  "Rows Removed by Filter": 499115
                }
              ]
            }
          ]
        }
      ]
    },
    "Planning Time": 0.152,
    "Triggers": [],
    "Execution Time": 167.841
  }
]