[
  {
    "Plan": {
      "Node Type": "Aggregate",
      "Strategy": "Plain",
      "Partial Mode": "Finalize",
      "Parallel Aware": false,
      "Startup Cost": 55718.78,
      "Total Cost": 55718.79,
      "Plan Rows": 1,
      "Plan Width": 8,
      "Actual Startup Time": 119.794,
      "Actual Total Time": 134.075,
      "Actual Rows": 1,
      "Actual Loops": 1,
      "Plans": [
        {
          "Node Type": "Gather",
          "Parent Relationship": "Outer",
          "Parallel Aware": false,
          "Startup Cost": 55718.46,
          "Total Cost": 55718.77,
          "Plan Rows": 3,
          "Plan Width": 8,
          "Actual Startup Time": 119.549,
          "Actual Total Time": 134.068,
          "Actual Rows": 4,
          "Actual Loops": 1,
          "Workers Planned": 3,
          "Workers Launched": 3,
          "Single Copy": false,
          "Plans": [
            {
              "Node Type": "Aggregate",
              "Strategy": "Plain",
              "Partial Mode": "Partial",
              "Parent Relationship": "Outer",
              "Parallel Aware": false,
              "Startup Cost": 54718.46,
              "Total Cost": 54718.47,
              "Plan Rows": 1,
              "Plan Width": 8,
              "Actual Startup Time": 113.701,
              "Actual Total Time": 113.704,
              "Actual Rows": 1,
              "Actual Loops": 4,
              "Plans": [
                {
                  "Node Type": "Hash Join",
                  "Parent Relationship": "Outer",
                  "Parallel Aware": true,
                  "Join Type": "Inner",
                  "Startup Cost": 45582.2,
                  "Total Cost": 54717.91,
                  "Plan Rows": 219,
                  "Plan Width": 0,
                  "Actual Startup Time": 91.662,
                  "Actual Total Time": 113.652,
                  "Actual Rows": 583,
                  "Actual Loops": 4,
                  "Inner Unique": true,
                  "Hash Cond": "(ci.movie_id = t.id)",
                  "Plans": [
                    {
                      "Node Type": "Index Scan",
                      "Parent Relationship": "Outer",
                      "Parallel Aware": true,
                      "Scan Direction": "Forward",
                      "Index Name": "role_id_cast_info",
                      "Relation Name": "cast_info",
                      "Alias": "ci",
                      "Startup Cost": 0.56,
                      "Total Cost": 9091.72,
                      "Plan Rows": 16973,
                      "Plan Width": 4,
                      "Actual Startup Time": 0.071,
                      "Actual Total Time": 15.563,
                      "Actual Rows": 52521,
                      "Actual Loops": 4,
                      "Index Cond": "(role_id > 10)",
                      "Rows Removed by Index Recheck": 0,
                      "Filter": "(person_id > 3047941)",
                      "Rows Removed by Filter": 26509
                    },
                    {
                      "Node Type": "Hash",
                      "Parent Relationship": "Inner",
                      "Parallel Aware": true,
                      "Startup Cost": 45479.59,
                      "Total Cost": 45479.59,
                      "Plan Rows": 8164,
                      "Plan Width": 4,
                      "Actual Startup Time": 91.042,
                      "Actual Total Time": 91.043,
                      "Actual Rows": 5527,
                      "Actual Loops": 4,
                      "Hash Buckets": 32768,
                      "Original Hash Buckets": 32768,
                      "Hash Batches": 1,
                      "Original Hash Batches": 1,
                      "Peak Memory Usage": 1216,
                      "Plans": [
                        {
                          "Node Type": "Seq Scan",
                          "Parent Relationship": "Outer",
                          "Parallel Aware": true,
                          "Relation Name": "title",
                          "Alias": "t",
                          "Startup Cost": 0.0,
                          "Total Cost": 45479.59,
                          "Plan Rows": 8164,
                          "Plan Width": 4,
                          "Actual Startup Time": 54.674,
                          "Actual Total Time": 88.85,
                          "Actual Rows": 5527,
                          "Actual Loops": 4,
                          "Filter": "((kind_id = 1) AND (production_year = 2008))",
                          "Rows Removed by Filter": 626551
                        }
                      ]
                    }
                  ]
                }
              ]
            }
          ]
        }
      ]
    },
    "Planning Time": 0.309,
    "Triggers": [],
    "Execution Time": 134.12
  }
]