{
  "Plan": {
    "Node Type": "Aggregate",
    "Strategy": "Plain",
    "Partial Mode": "Finalize",
    "Parallel Aware": false,
    "Startup Cost": 106151.56,
    "Total Cost": 106151.57,
    "Plan Rows": 1,
    "Plan Width": 8,
    "Actual Startup Time": 599.245,
    "Actual Total Time": 611.714,
    "Actual Rows": 1,
    "Actual Loops": 1,
    "Plans": [
      {
        "Node Type": "Gather",
        "Parent Relationship": "Outer",
        "Parallel Aware": false,
        "Startup Cost": 106151.44,
        "Total Cost": 106151.55,
        "Plan Rows": 1,
        "Plan Width": 8,
        "Actual Startup Time": 597.08,
        "Actual Total Time": 611.706,
        "Actual Rows": 2,
        "Actual Loops": 1,
        "Workers Planned": 1,
        "Workers Launched": 1,
        "Single Copy": false,
        "Plans": [
          {
            "Node Type": "Aggregate",
            "Strategy": "Plain",
            "Partial Mode": "Partial",
            "Parent Relationship": "Outer",
            "Parallel Aware": false,
            "Startup Cost": 105151.44,
            "Total Cost": 105151.45,
            "Plan Rows": 1,
            "Plan Width": 8,
            "Actual Startup Time": 591.842,
            "Actual Total Time": 591.846,
            "Actual Rows": 1,
            "Actual Loops": 2,
            "Plans": [
              {
                "Node Type": "Hash Join",
                "Parent Relationship": "Outer",
                "Parallel Aware": true,
                "Join Type": "Inner",
                "Startup Cost": 65209.49,
                "Total Cost": 104637.52,
                "Plan Rows": 205571,
                "Plan Width": 0,
                "Actual Startup Time": 338.725,
                "Actual Total Time": 585.378,
                "Actual Rows": 154374,
                "Actual Loops": 2,
                "Inner Unique": true,
                "Hash Cond": "(mc.movie_id = t.id)",
                "Plans": [
                  {
                    "Node Type": "Seq Scan",
                    "Parent Relationship": "Outer",
                    "Parallel Aware": true,
                    "Relation Name": "movie_companies",
                    "Alias": "mc",
                    "Startup Cost": 0.0,
                    "Total Cost": 37974.77,
                    "Plan Rows": 553620,
                    "Plan Width": 4,
                    "Actual Startup Time": 0.014,
                    "Actual Total Time": 109.392,
                    "Actual Rows": 471270,
                    "Actual Loops": 2,
                    "Filter": "(company_id < 3520)",
                    "Rows Removed by Filter": 833294
                  },
                  {
                    "Node Type": "Hash",
                    "Parent Relationship": "Inner",
                    "Parallel Aware": true,
                    "Startup Cost": 58306.47,
                    "Total Cost": 58306.47,
                    "Plan Rows": 552242,
                    "Plan Width": 4,
                    "Actual Startup Time": 329.75,
                    "Actual Total Time": 329.751,
                    "Actual Rows": 502362,
                    "Actual Loops": 2,
                    "Hash Buckets": 1048576,
                    "Original Hash Buckets": 1048576,
                    "Hash Batches": 1,
                    "Original Hash Batches": 1,
                    "Peak Memory Usage": 47520,
                    "Plans": [
                      {
                        "Node Type": "Seq Scan",
                        "Parent Relationship": "Outer",
                        "Parallel Aware": true,
                        "Relation Name": "title",
                        "Alias": "t",
                        "Startup Cost": 0.0,
                        "Total Cost": 58306.47,
                        "Plan Rows": 552242,
                        "Plan Width": 4,
                        "Actual Startup Time": 0.035,
                        "Actual Total Time": 176.043,
                        "Actual Rows": 502362,
                        "Actual Loops": 2,
                        "Filter": "((kind_id > 1) AND (production_year > 2002))",
                        "Rows Removed by Filter": 761794
                      }
                    ]
                  }
                ]
              }
            ]
          }
        ]
      }
    ]
  },
  "Planning Time": 0.632,
  "Triggers": [],
  "Execution Time": 611.785
}