{
  "Plan": {
    "Node Type": "Aggregate",
    "Strategy": "Plain",
    "Partial Mode": "Simple",
    "Parallel Aware": false,
    "Startup Cost": 5456.66,
    "Total Cost": 5456.67,
    "Plan Rows": 1,
    "Plan Width": 8,
    "Actual Startup Time": 0.399,
    "Actual Total Time": 0.401,
    "Actual Rows": 1,
    "Actual Loops": 1,
    "Plans": [
      {
        "Node Type": "Nested Loop",
        "Parent Relationship": "Outer",
        "Parallel Aware": false,
        "Join Type": "Inner",
        "Startup Cost": 1.42,
        "Total Cost": 5456.21,
        "Plan Rows": 181,
        "Plan Width": 0,
        "Actual Startup Time": 0.384,
        "Actual Total Time": 0.393,
        "Actual Rows": 2,
        "Actual Loops": 1,
        "Inner Unique": false,
        "Plans": [
          {
            "Node Type": "Nested Loop",
            "Parent Relationship": "Outer",
            "Parallel Aware": false,
            "Join Type": "Inner",
            "Startup Cost": 0.99,
            "Total Cost": 5192.84,
            "Plan Rows": 497,
            "Plan Width": 8,
            "Actual Startup Time": 0.358,
            "Actual Total Time": 0.361,
            "Actual Rows": 1,
            "Actual Loops": 1,
            "Inner Unique": true,
            "Plans": [
              {
                "Node Type": "Index Scan",
                "Parent Relationship": "Outer",
                "Parallel Aware": false,
                "Scan Direction": "Forward",
                "Index Name": "person_id_cast_info",
                "Relation Name": "cast_info",
                "Alias": "ci",
                "Startup Cost": 0.56,
                "Total Cost": 1058.43,
                "Plan Rows": 497,
                "Plan Width": 4,
                "Actual Startup Time": 0.326,
                "Actual Total Time": 0.327,
                "Actual Rows": 1,
                "Actual Loops": 1,
                "Index Cond": "(person_id = 2193918)",
                "Rows Removed by Index Recheck": 0
              },
              {
                "Node Type": "Index Only Scan",
                "Parent Relationship": "Inner",
                "Parallel Aware": false,
                "Scan Direction": "Forward",
                "Index Name": "title_pkey",
                "Relation Name": "title",
                "Alias": "t",
                "Startup Cost": 0.43,
                "Total Cost": 8.32,
                "Plan Rows": 1,
                "Plan Width": 4,
                "Actual Startup Time": 0.024,
                "Actual Total Time": 0.024,
                "Actual Rows": 1,
                "Actual Loops": 1,
                "Index Cond": "(id = ci.movie_id)",
                "Rows Removed by Index Recheck": 0,
                "Heap Fetches": 1
              }
            ]
          },
          {
            "Node Type": "Index Scan",
            "Parent Relationship": "Inner",
            "Parallel Aware": false,
            "Scan Direction": "Forward",
            "Index Name": "movie_id_movie_info_idx",
            "Relation Name": "movie_info_idx",
            "Alias": "mi_idx",
            "Startup Cost": 0.43,
            "Total Cost": 0.51,
            "Plan Rows": 2,
            "Plan Width": 4,
            "Actual Startup Time": 0.024,
            "Actual Total Time": 0.028,
            "Actual Rows": 2,
            "Actual Loops": 1,
            "Index Cond": "(movie_id = t.id)",
            "Rows Removed by Index Recheck": 0,
            "Filter": "(info_type_id < 101)",
            "Rows Removed by Filter": 1
          }
        ]
      }
    ]
  },
  "Planning Time": 0.91,
  "Triggers": [],
  "Execution Time": 0.472
}