[
  {
    "Plan": {
      "Node Type": "Aggregate",
      "Strategy": "Plain",
      "Partial Mode": "Finalize",
      "Parallel Aware": false,
      "Startup Cost": 353811.41,
      "Total Cost": 353811.42,
      "Plan Rows": 1,
      "Plan Width": 8,
      "Actual Startup Time": 1068.624,
      "Actual Total Time": 1136.568,
      "Actual Rows": 1,
      "Actual Loops": 1,
      "Plans": [
        {
          "Node Type": "Gather",
          "Parent Relationship": "Outer",
          "Parallel Aware": false,
          "Startup Cost": 353810.79,
          "Total Cost": 353811.4,
          "Plan Rows": 6,
          "Plan Width": 8,
          "Actual Startup Time": 1068.305,
          "Actual Total Time": 1136.555,
          "Actual Rows": 7,
          "Actual Loops": 1,
          "Workers Planned": 6,
          "Workers Launched": 6,
          "Single Copy": false,
          "Plans": [
            {
              "Node Type": "Aggregate",
              "Strategy": "Plain",
              "Partial Mode": "Partial",
              "Parent Relationship": "Outer",
              "Parallel Aware": false,
              "Startup Cost": 352810.79,
              "Total Cost": 352810.8,
              "Plan Rows": 1,
              "Plan Width": 8,
              "Actual Startup Time": 1056.409,
              "Actual Total Time": 1056.41,
              "Actual Rows": 1,
              "Actual Loops": 7,
              "Plans": [
                {
                  "Node Type": "Seq Scan",
                  "Parent Relationship": "Outer",
                  "Parallel Aware": true,
                  "Relation Name": "cast_info",
                  "Alias": "ci",
                  "Startup Cost": 0.0,
                  "Total Cost": 343316.27,
                  "Plan Rows": 3797806,
                  "Plan Width": 0,
                  "Actual Startup Time": 282.198,
                  "Actual Total Time": 884.091,
                  "Actual Rows": 3208484,
                  "Actual Loops": 7,
                  "Filter": "((person_id < 3845619) AND (role_id > 1))",
                  "Rows Removed by Filter": 1969279
                }
              ]
            }
          ]
        }
      ]
    },
    "Planning Time": 0.242,
    "Triggers": [],
    "Execution Time": 1136.651
  }
]