[
  {
    "Plan": {
      "Node Type": "Aggregate",
      "Strategy": "Plain",
      "Partial Mode": "Finalize",
      "Parallel Aware": false,
      "Startup Cost": 301764.9,
      "Total Cost": 301764.91,
      "Plan Rows": 1,
      "Plan Width": 8,
      "Actual Startup Time": 739.558,
      "Actual Total Time": 782.148,
      "Actual Rows": 1,
      "Actual Loops": 1,
      "Plans": [
        {
          "Node Type": "Gather",
          "Parent Relationship": "Outer",
          "Parallel Aware": false,
          "Startup Cost": 301764.28,
          "Total Cost": 301764.89,
          "Plan Rows": 6,
          "Plan Width": 8,
          "Actual Startup Time": 721.086,
          "Actual Total Time": 782.135,
          "Actual Rows": 7,
          "Actual Loops": 1,
          "Workers Planned": 6,
          "Workers Launched": 6,
          "Single Copy": false,
          "Plans": [
            {
              "Node Type": "Aggregate",
              "Strategy": "Plain",
              "Partial Mode": "Partial",
              "Parent Relationship": "Outer",
              "Parallel Aware": false,
              "Startup Cost": 300764.28,
              "Total Cost": 300764.29,
              "Plan Rows": 1,
              "Plan Width": 8,
              "Actual Startup Time": 708.088,
              "Actual Total Time": 708.102,
              "Actual Rows": 1,
              "Actual Loops": 7,
              "Plans": [
                {
                  "Node Type": "Hash Join",
                  "Parent Relationship": "Outer",
                  "Parallel Aware": true,
                  "Join Type": "Inner",
                  "Startup Cost": 97480.39,
                  "Total Cost": 300583.37,
                  "Plan Rows": 72365,
                  "Plan Width": 0,
                  "Actual Startup Time": 483.696,
                  "Actual Total Time": 708.062,
                  "Actual Rows": 154,
                  "Actual Loops": 7,
                  "Inner Unique": false,
                  "Hash Cond": "(ci.movie_id = t.id)",
                  "Plans": [
                    {
                      "Node Type": "Index Scan",
                      "Parent Relationship": "Outer",
                      "Parallel Aware": true,
                      "Scan Direction": "Forward",
                      "Index Name": "role_id_cast_info",
                      "Relation Name": "cast_info",
                      "Alias": "ci",
                      "Startup Cost": 0.56,
                      "Total Cost": 201884.69,
                      "Plan Rows": 262780,
                      "Plan Width": 4,
                      "Actual Startup Time": 4.648,
                      "Actual Total Time": 244.612,
                      "Actual Rows": 207,
                      "Actual Loops": 7,
                      "Index Cond": "(role_id = 2)",
                      "Rows Removed by Index Recheck": 0,
                      "Filter": "(person_id < 752339)",
                      "Rows Removed by Filter": 1064361
                    },
                    {
                      "Node Type": "Hash",
                      "Parent Relationship": "Inner",
                      "Parallel Aware": true,
                      "Startup Cost": 94672.23,
                      "Total Cost": 94672.23,
                      "Plan Rows": 224607,
                      "Plan Width": 8,
                      "Actual Startup Time": 460.184,
                      "Actual Total Time": 460.193,
                      "Actual Rows": 103565,
                      "Actual Loops": 7,
                      "Hash Buckets": 1048576,
                      "Original Hash Buckets": 1048576,
                      "Hash Batches": 1,
                      "Original Hash Batches": 1,
                      "Peak Memory Usage": 36672,
                      "Plans": [
                        {
                          "Node Type": "Hash Join",
                          "Parent Relationship": "Outer",
                          "Parallel Aware": true,
                          "Join Type": "Inner",
                          "Startup Cost": 51351.45,
                          "Total Cost": 94672.23,
                          "Plan Rows": 224607,
                          "Plan Width": 8,
                          "Actual Startup Time": 318.918,
                          "Actual Total Time": 425.083,
                          "Actual Rows": 103565,
                          "Actual Loops": 7,
                          "Inner Unique": true,
                          "Hash Cond": "(mk.movie_id = t.id)",
                          "Plans": [
                            {
                              "Node Type": "Seq Scan",
                              "Parent Relationship": "Outer",
                              "Parallel Aware": true,
                              "Relation Name": "movie_keyword",
                              "Alias": "mk",
                              "Startup Cost": 0.0,
                              "Total Cost": 42695.65,
                              "Plan Rows": 238146,
                              "Plan Width": 4,
                              "Actual Startup Time": 2.089,
                              "Actual Total Time": 73.738,
                              "Actual Rows": 105329,
                              "Actual Loops": 7,
                              "Filter": "(keyword_id > 25556)",
                              "Rows Removed by Filter": 540946
                            },
                            {
                              "Node Type": "Hash",
                              "Parent Relationship": "Inner",
                              "Parallel Aware": true,
                              "Startup Cost": 43899.32,
                              "Total Cost": 43899.32,
                              "Plan Rows": 596170,
                              "Plan Width": 4,
                              "Actual Startup Time": 312.406,
                              "Actual Total Time": 312.409,
                              "Actual Rows": 341268,
                              "Actual Loops": 7,
                              "Hash Buckets": 4194304,
                              "Original Hash Buckets": 4194304,
                              "Hash Batches": 1,
                              "Original Hash Batches": 1,
                              "Peak Memory Usage": 126336,
                              "Plans": [
                                {
                                  "Node Type": "Seq Scan",
                                  "Parent Relationship": "Outer",
                                  "Parallel Aware": true,
                                  "Relation Name": "title",
                                  "Alias": "t",
                                  "Startup Cost": 0.0,
                                  "Total Cost": 43899.32,
                                  "Plan Rows": 596170,
                                  "Plan Width": 4,
                                  "Actual Startup Time": 0.062,
                                  "Actual Total Time": 105.715,
                                  "Actual Rows": 341268,
                                  "Actual Loops": 7,
                                  "Filter": "(production_year < 2013)",
                                  "Rows Removed by Filter": 19919
                                }
                              ]
                            }
                          ]
                        }
                      ]
                    }
                  ]
                }
              ]
            }
          ]
        }
      ]
    },
    "Planning Time": 0.482,
    "Triggers": [],
    "Execution Time": 782.206
  }
]