[
  {
    "Plan": {
      "Node Type": "Aggregate",
      "Strategy": "Plain",
      "Partial Mode": "Finalize",
      "Parallel Aware": false,
      "Startup Cost": 54744.88,
      "Total Cost": 54744.89,
      "Plan Rows": 1,
      "Plan Width": 8,
      "Actual Startup Time": 115.373,
      "Actual Total Time": 125.05,
      "Actual Rows": 1,
      "Actual Loops": 1,
      "Plans": [
        {
          "Node Type": "Gather",
          "Parent Relationship": "Outer",
          "Parallel Aware": false,
          "Startup Cost": 54744.67,
          "Total Cost": 54744.88,
          "Plan Rows": 2,
          "Plan Width": 8,
          "Actual Startup Time": 115.1,
          "Actual Total Time": 125.043,
          "Actual Rows": 3,
          "Actual Loops": 1,
          "Workers Planned": 2,
          "Workers Launched": 2,
          "Single Copy": false,
          "Plans": [
            {
              "Node Type": "Aggregate",
              "Strategy": "Plain",
              "Partial Mode": "Partial",
              "Parent Relationship": "Outer",
              "Parallel Aware": false,
              "Startup Cost": 53744.67,
              "Total Cost": 53744.68,
              "Plan Rows": 1,
              "Plan Width": 8,
              "Actual Startup Time": 109.645,
              "Actual Total Time": 109.65,
              "Actual Rows": 1,
              "Actual Loops": 3,
              "Plans": [
                {
                  "Node Type": "Hash Join",
                  "Parent Relationship": "Outer",
                  "Parallel Aware": true,
                  "Join Type": "Inner",
                  "Startup Cost": 38120.09,
                  "Total Cost": 53740.88,
                  "Plan Rows": 1515,
                  "Plan Width": 0,
                  "Actual Startup Time": 55.642,
                  "Actual Total Time": 109.536,
                  "Actual Rows": 2003,
                  "Actual Loops": 3,
                  "Inner Unique": true,
                  "Hash Cond": "(mi_idx.movie_id = t.id)",
                  "Plans": [
                    {
                      "Node Type": "Seq Scan",
                      "Parent Relationship": "Outer",
                      "Parallel Aware": true,
                      "Relation Name": "movie_info_idx",
                      "Alias": "mi_idx",
                      "Startup Cost": 0.0,
                      "Total Cost": 15122.68,
                      "Plan Rows": 189755,
                      "Plan Width": 4,
                      "Actual Startup Time": 0.009,
                      "Actual Total Time": 39.487,
                      "Actual Rows": 153308,
                      "Actual Loops": 3,
                      "Filter": "(info_type_id = 99)",
                      "Rows Removed by Filter": 306703
                    },
                    {
                      "Node Type": "Hash",
                      "Parent Relationship": "Inner",
                      "Parallel Aware": true,
                      "Startup Cost": 38057.0,
                      "Total Cost": 38057.0,
                      "Plan Rows": 5047,
                      "Plan Width": 4,
                      "Actual Startup Time": 55.203,
                      "Actual Total Time": 55.204,
                      "Actual Rows": 5559,
                      "Actual Loops": 3,
                      "Hash Buckets": 32768,
                      "Original Hash Buckets": 32768,
                      "Hash Batches": 1,
                      "Original Hash Batches": 1,
                      "Peak Memory Usage": 928,
                      "Plans": [
                        {
                          "Node Type": "Bitmap Heap Scan",
                          "Parent Relationship": "Outer",
                          "Parallel Aware": true,
                          "Relation Name": "title",
                          "Alias": "t",
                          "Startup Cost": 1702.49,
                          "Total Cost": 38057.0,
                          "Plan Rows": 5047,
                          "Plan Width": 4,
                          "Actual Startup Time": 10.547,
                          "Actual Total Time": 53.05,
                          "Actual Rows": 5559,
                          "Actual Loops": 3,
                          "Recheck Cond": "(kind_id = 2)",
                          "Rows Removed by Index Recheck": 0,
                          "Filter": "(production_year < 1983)",
                          "Rows Removed by Filter": 24725,
                          "Exact Heap Blocks": 15203,
                          "Lossy Heap Blocks": 0,
                          "Plans": [
                            {
                              "Node Type": "Bitmap Index Scan",
                              "Parent Relationship": "Outer",
                              "Parallel Aware": false,
                              "Index Name": "kind_id_title",
                              "Startup Cost": 0.0,
                              "Total Cost": 1697.45,
                              "Plan Rows": 95069,
                              "Plan Width": 0,
                              "Actual Startup Time": 10.221,
                              "Actual Total Time": 10.221,
                              "Actual Rows": 90852,
                              "Actual Loops": 1,
                              "Index Cond": "(kind_id = 2)"
                            }
                          ]
                        }
                      ]
                    }
                  ]
                }
              ]
            }
          ]
        }
      ]
    },
    "Planning Time": 0.493,
    "Triggers": [],
    "Execution Time": 125.098
  }
]