[
  {
    "Plan": {
      "Node Type": "Aggregate",
      "Strategy": "Plain",
      "Partial Mode": "Finalize",
      "Parallel Aware": false,
      "Startup Cost": 350937.82,
      "Total Cost": 350937.83,
      "Plan Rows": 1,
      "Plan Width": 8,
      "Actual Startup Time": 685.856,
      "Actual Total Time": 707.659,
      "Actual Rows": 1,
      "Actual Loops": 1,
      "Plans": [
        {
          "Node Type": "Gather",
          "Parent Relationship": "Outer",
          "Parallel Aware": false,
          "Startup Cost": 350937.2,
          "Total Cost": 350937.8,
          "Plan Rows": 6,
          "Plan Width": 8,
          "Actual Startup Time": 685.761,
          "Actual Total Time": 707.652,
          "Actual Rows": 7,
          "Actual Loops": 1,
          "Workers Planned": 6,
          "Workers Launched": 6,
          "Single Copy": false,
          "Plans": [
            {
              "Node Type": "Aggregate",
              "Strategy": "Plain",
              "Partial Mode": "Partial",
              "Parent Relationship": "Outer",
              "Parallel Aware": false,
              "Startup Cost": 349937.2,
              "Total Cost": 349937.21,
              "Plan Rows": 1,
              "Plan Width": 8,
              "Actual Startup Time": 678.881,
              "Actual Total Time": 678.882,
              "Actual Rows": 1,
              "Actual Loops": 7,
              "Plans": [
                {
                  "Node Type": "Seq Scan",
                  "Parent Relationship": "Outer",
                  "Parallel Aware": true,
                  "Relation Name": "cast_info",
                  "Alias": "ci",
                  "Startup Cost": 0.0,
                  "Total Cost": 343318.94,
                  "Plan Rows": 2647302,
                  "Plan Width": 0,
                  "Actual Startup Time": 300.057,
                  "Actual Total Time": 586.989,
                  "Actual Rows": 2258031,
                  "Actual Loops": 7,
                  "Filter": "((person_id < 4004448) AND (role_id > 2))",
                  "Rows Removed by Filter": 2919732
                }
              ]
            }
          ]
        }
      ]
    },
    "Planning Time": 0.106,
    "Triggers": [],
    "Execution Time": 707.687
  }
]