[
  {
    "Plan": {
      "Node Type": "Aggregate",
      "Strategy": "Plain",
      "Partial Mode": "Finalize",
      "Parallel Aware": false,
      "Startup Cost": 351025.94,
      "Total Cost": 351025.95,
      "Plan Rows": 1,
      "Plan Width": 8,
      "Actual Startup Time": 806.26,
      "Actual Total Time": 867.524,
      "Actual Rows": 1,
      "Actual Loops": 1,
      "Plans": [
        {
          "Node Type": "Gather",
          "Parent Relationship": "Outer",
          "Parallel Aware": false,
          "Startup Cost": 351025.31,
          "Total Cost": 351025.92,
          "Plan Rows": 6,
          "Plan Width": 8,
          "Actual Startup Time": 806.013,
          "Actual Total Time": 867.514,
          "Actual Rows": 7,
          "Actual Loops": 1,
          "Workers Planned": 6,
          "Workers Launched": 6,
          "Single Copy": false,
          "Plans": [
            {
              "Node Type": "Aggregate",
              "Strategy": "Plain",
              "Partial Mode": "Partial",
              "Parent Relationship": "Outer",
              "Parallel Aware": false,
              "Startup Cost": 350025.31,
              "Total Cost": 350025.32,
              "Plan Rows": 1,
              "Plan Width": 8,
              "Actual Startup Time": 796.567,
              "Actual Total Time": 796.568,
              "Actual Rows": 1,
              "Actual Loops": 7,
              "Plans": [
                {
                  "Node Type": "Seq Scan",
                  "Parent Relationship": "Outer",
                  "Parallel Aware": true,
                  "Relation Name": "cast_info",
                  "Alias": "ci",
                  "Startup Cost": 0.0,
                  "Total Cost": 343257.03,
                  "Plan Rows": 2707314,
                  "Plan Width": 0,
                  "Actual Startup Time": 357.234,
                  "Actual Total Time": 698.317,
                  "Actual Rows": 2258031,
                  "Actual Loops": 7,
                  "Filter": "((person_id < 4004448) AND (role_id > 2))",
                  "Rows Removed by Filter": 2919732
                }
              ]
            }
          ]
        }
      ]
    },
    "Planning Time": 0.313,
    "Triggers": [],
    "Execution Time": 867.592
  }
]