[
  {
    "Plan": {
      "Node Type": "Aggregate",
      "Strategy": "Plain",
      "Partial Mode": "Finalize",
      "Parallel Aware": false,
      "Startup Cost": 127569.84,
      "Total Cost": 127569.85,
      "Plan Rows": 1,
      "Plan Width": 8,
      "Actual Startup Time": 707.649,
      "Actual Total Time": 726.443,
      "Actual Rows": 1,
      "Actual Loops": 1,
      "Plans": [
        {
          "Node Type": "Gather",
          "Parent Relationship": "Outer",
          "Parallel Aware": false,
          "Startup Cost": 127569.52,
          "Total Cost": 127569.83,
          "Plan Rows": 3,
          "Plan Width": 8,
          "Actual Startup Time": 693.842,
          "Actual Total Time": 726.432,
          "Actual Rows": 4,
          "Actual Loops": 1,
          "Workers Planned": 3,
          "Workers Launched": 3,
          "Single Copy": false,
          "Plans": [
            {
              "Node Type": "Aggregate",
              "Strategy": "Plain",
              "Partial Mode": "Partial",
              "Parent Relationship": "Outer",
              "Parallel Aware": false,
              "Startup Cost": 126569.52,
              "Total Cost": 126569.53,
              "Plan Rows": 1,
              "Plan Width": 8,
              "Actual Startup Time": 684.23,
              "Actual Total Time": 684.53,
              "Actual Rows": 1,
              "Actual Loops": 4,
              "Plans": [
                {
                  "Node Type": "Hash Join",
                  "Parent Relationship": "Outer",
                  "Parallel Aware": true,
                  "Join Type": "Inner",
                  "Startup Cost": 95466.97,
                  "Total Cost": 126355.61,
                  "Plan Rows": 85565,
                  "Plan Width": 0,
                  "Actual Startup Time": 508.434,
                  "Actual Total Time": 661.939,
                  "Actual Rows": 553546,
                  "Actual Loops": 4,
                  "Inner Unique": false,
                  "Hash Cond": "(mc.movie_id = t.id)",
                  "Plans": [
                    {
                      "Node Type": "Seq Scan",
                      "Parent Relationship": "Outer",
                      "Parallel Aware": true,
                      "Relation Name": "movie_companies",
                      "Alias": "mc",
                      "Startup Cost": 0.0,
                      "Total Cost": 29310.68,
                      "Plan Rows": 347187,
                      "Plan Width": 4,
                      "Actual Startup Time": 0.014,
                      "Actual Total Time": 62.722,
                      "Actual Rows": 270994,
                      "Actual Loops": 4,
                      "Filter": "(company_id < 6990)",
                      "Rows Removed by Filter": 381288
                    },
                    {
                      "Node Type": "Hash",
                      "Parent Relationship": "Inner",
                      "Parallel Aware": true,
                      "Startup Cost": 92954.34,
                      "Total Cost": 92954.34,
                      "Plan Rows": 201010,
                      "Plan Width": 8,
                      "Actual Startup Time": 502.752,
                      "Actual Total Time": 503.049,
                      "Actual Rows": 189437,
                      "Actual Loops": 4,
                      "Hash Buckets": 1048576,
                      "Original Hash Buckets": 1048576,
                      "Hash Batches": 1,
                      "Original Hash Batches": 1,
                      "Peak Memory Usage": 37888,
                      "Plans": [
                        {
                          "Node Type": "Hash Join",
                          "Parent Relationship": "Outer",
                          "Parallel Aware": true,
                          "Join Type": "Inner",
                          "Startup Cost": 49516.47,
                          "Total Cost": 92954.34,
                          "Plan Rows": 201010,
                          "Plan Width": 8,
                          "Actual Startup Time": 290.109,
                          "Actual Total Time": 444.6,
                          "Actual Rows": 189437,
                          "Actual Loops": 4,
                          "Inner Unique": true,
                          "Hash Cond": "(mk.movie_id = t.id)",
                          "Plans": [
                            {
                              "Node Type": "Seq Scan",
                              "Parent Relationship": "Outer",
                              "Parallel Aware": true,
                              "Relation Name": "movie_keyword",
                              "Alias": "mk",
                              "Startup Cost": 0.0,
                              "Total Cost": 42695.65,
                              "Plan Rows": 282749,
                              "Plan Width": 4,
                              "Actual Startup Time": 0.027,
                              "Actual Total Time": 89.631,
                              "Actual Rows": 219567,
                              "Actual Loops": 4,
                              "Filter": "(keyword_id < 832)",
                              "Rows Removed by Filter": 911416
                            },
                            {
                              "Node Type": "Hash",
                              "Parent Relationship": "Inner",
                              "Parallel Aware": true,
                              "Startup Cost": 43899.32,
                              "Total Cost": 43899.32,
                              "Plan Rows": 449372,
                              "Plan Width": 4,
                              "Actual Startup Time": 285.113,
                              "Actual Total Time": 285.115,
                              "Actual Rows": 448538,
                              "Actual Loops": 4,
                              "Hash Buckets": 2097152,
                              "Original Hash Buckets": 2097152,
                              "Hash Batches": 1,
                              "Original Hash Batches": 1,
                              "Peak Memory Usage": 86624,
                              "Plans": [
                                {
                                  "Node Type": "Seq Scan",
                                  "Parent Relationship": "Outer",
                                  "Parallel Aware": true,
                                  "Relation Name": "title",
                                  "Alias": "t",
                                  "Startup Cost": 0.0,
                                  "Total Cost": 43899.32,
                                  "Plan Rows": 449372,
                                  "Plan Width": 4,
                                  "Actual Startup Time": 0.054,
                                  "Actual Total Time": 110.869,
                                  "Actual Rows": 448538,
                                  "Actual Loops": 4,
                                  "Filter": "(production_year < 2009)",
                                  "Rows Removed by Filter": 183540
                                }
                              ]
                            }
                          ]
                        }
                      ]
                    }
                  ]
                }
              ]
            }
          ]
        }
      ]
    },
    "Planning Time": 1.428,
    "Triggers": [],
    "Execution Time": 726.544
  }
]