[
  {
    "Plan": {
      "Node Type": "Aggregate",
      "Strategy": "Plain",
      "Partial Mode": "Finalize",
      "Parallel Aware": false,
      "Startup Cost": 127517.73,
      "Total Cost": 127517.74,
      "Plan Rows": 1,
      "Plan Width": 8,
      "Actual Startup Time": 726.899,
      "Actual Total Time": 746.979,
      "Actual Rows": 1,
      "Actual Loops": 1,
      "Plans": [
        {
          "Node Type": "Gather",
          "Parent Relationship": "Outer",
          "Parallel Aware": false,
          "Startup Cost": 127517.42,
          "Total Cost": 127517.73,
          "Plan Rows": 3,
          "Plan Width": 8,
          "Actual Startup Time": 716.378,
          "Actual Total Time": 746.969,
          "Actual Rows": 4,
          "Actual Loops": 1,
          "Workers Planned": 3,
          "Workers Launched": 3,
          "Single Copy": false,
          "Plans": [
            {
              "Node Type": "Aggregate",
              "Strategy": "Plain",
              "Partial Mode": "Partial",
              "Parent Relationship": "Outer",
              "Parallel Aware": false,
              "Startup Cost": 126517.42,
              "Total Cost": 126517.43,
              "Plan Rows": 1,
              "Plan Width": 8,
              "Actual Startup Time": 707.956,
              "Actual Total Time": 708.189,
              "Actual Rows": 1,
              "Actual Loops": 4,
              "Plans": [
                {
                  "Node Type": "Hash Join",
                  "Parent Relationship": "Outer",
                  "Parallel Aware": true,
                  "Join Type": "Inner",
                  "Startup Cost": 95409.99,
                  "Total Cost": 126304.93,
                  "Plan Rows": 84994,
                  "Plan Width": 0,
                  "Actual Startup Time": 518.717,
                  "Actual Total Time": 683.497,
                  "Actual Rows": 553546,
                  "Actual Loops": 4,
                  "Inner Unique": false,
                  "Hash Cond": "(mc.movie_id = t.id)",
                  "Plans": [
                    {
                      "Node Type": "Seq Scan",
                      "Parent Relationship": "Outer",
                      "Parallel Aware": true,
                      "Relation Name": "movie_companies",
                      "Alias": "mc",
                      "Startup Cost": 0.0,
                      "Total Cost": 29310.68,
                      "Plan Rows": 349354,
                      "Plan Width": 4,
                      "Actual Startup Time": 0.038,
                      "Actual Total Time": 69.249,
                      "Actual Rows": 270994,
                      "Actual Loops": 4,
                      "Filter": "(company_id < 6990)",
                      "Rows Removed by Filter": 381288
                    },
                    {
                      "Node Type": "Hash",
                      "Parent Relationship": "Inner",
                      "Parallel Aware": true,
                      "Startup Cost": 92929.72,
                      "Total Cost": 92929.72,
                      "Plan Rows": 198422,
                      "Plan Width": 8,
                      "Actual Startup Time": 513.641,
                      "Actual Total Time": 513.873,
                      "Actual Rows": 189437,
                      "Actual Loops": 4,
                      "Hash Buckets": 1048576,
                      "Original Hash Buckets": 1048576,
                      "Hash Batches": 1,
                      "Original Hash Batches": 1,
                      "Peak Memory Usage": 37952,
                      "Plans": [
                        {
                          "Node Type": "Hash Join",
                          "Parent Relationship": "Outer",
                          "Parallel Aware": true,
                          "Join Type": "Inner",
                          "Startup Cost": 49499.24,
                          "Total Cost": 92929.72,
                          "Plan Rows": 198422,
                          "Plan Width": 8,
                          "Actual Startup Time": 291.307,
                          "Actual Total Time": 458.886,
                          "Actual Rows": 189437,
                          "Actual Loops": 4,
                          "Inner Unique": true,
                          "Hash Cond": "(mk.movie_id = t.id)",
                          "Plans": [
                            {
                              "Node Type": "Seq Scan",
                              "Parent Relationship": "Outer",
                              "Parallel Aware": true,
                              "Relation Name": "movie_keyword",
                              "Alias": "mk",
                              "Startup Cost": 0.0,
                              "Total Cost": 42695.65,
                              "Plan Rows": 279933,
                              "Plan Width": 4,
                              "Actual Startup Time": 0.033,
                              "Actual Total Time": 100.542,
                              "Actual Rows": 219567,
                              "Actual Loops": 4,
                              "Filter": "(keyword_id < 832)",
                              "Rows Removed by Filter": 911416
                            },
                            {
                              "Node Type": "Hash",
                              "Parent Relationship": "Inner",
                              "Parallel Aware": true,
                              "Startup Cost": 43898.92,
                              "Total Cost": 43898.92,
                              "Plan Rows": 448026,
                              "Plan Width": 4,
                              "Actual Startup Time": 286.463,
                              "Actual Total Time": 286.464,
                              "Actual Rows": 448538,
                              "Actual Loops": 4,
                              "Hash Buckets": 2097152,
                              "Original Hash Buckets": 2097152,
                              "Hash Batches": 1,
                              "Original Hash Batches": 1,
                              "Peak Memory Usage": 86624,
                              "Plans": [
                                {
                                  "Node Type": "Seq Scan",
                                  "Parent Relationship": "Outer",
                                  "Parallel Aware": true,
                                  "Relation Name": "title",
                                  "Alias": "t",
                                  "Startup Cost": 0.0,
                                  "Total Cost": 43898.92,
                                  "Plan Rows": 448026,
                                  "Plan Width": 4,
                                  "Actual Startup Time": 0.045,
                                  "Actual Total Time": 117.701,
                                  "Actual Rows": 448538,
                                  "Actual Loops": 4,
                                  "Filter": "(production_year < 2009)",
                                  "Rows Removed by Filter": 183540
                                }
                              ]
                            }
                          ]
                        }
                      ]
                    }
                  ]
                }
              ]
            }
          ]
        }
      ]
    },
    "Planning Time": 1.434,
    "Triggers": [],
    "Execution Time": 747.061
  }
]