[
  {
    "Plan": {
      "Node Type": "Aggregate",
      "Strategy": "Plain",
      "Partial Mode": "Finalize",
      "Parallel Aware": false,
      "Startup Cost": 39874.79,
      "Total Cost": 39874.8,
      "Plan Rows": 1,
      "Plan Width": 8,
      "Actual Startup Time": 56.593,
      "Actual Total Time": 64.82,
      "Actual Rows": 1,
      "Actual Loops": 1,
      "Plans": [
        {
          "Node Type": "Gather",
          "Parent Relationship": "Outer",
          "Parallel Aware": false,
          "Startup Cost": 39874.37,
          "Total Cost": 39874.78,
          "Plan Rows": 4,
          "Plan Width": 8,
          "Actual Startup Time": 56.071,
          "Actual Total Time": 64.809,
          "Actual Rows": 5,
          "Actual Loops": 1,
          "Workers Planned": 4,
          "Workers Launched": 4,
          "Single Copy": false,
          "Plans": [
            {
              "Node Type": "Aggregate",
              "Strategy": "Plain",
              "Partial Mode": "Partial",
              "Parent Relationship": "Outer",
              "Parallel Aware": false,
              "Startup Cost": 38874.37,
              "Total Cost": 38874.38,
              "Plan Rows": 1,
              "Plan Width": 8,
              "Actual Startup Time": 50.935,
              "Actual Total Time": 50.937,
              "Actual Rows": 1,
              "Actual Loops": 5,
              "Plans": [
                {
                  "Node Type": "Nested Loop",
                  "Parent Relationship": "Outer",
                  "Parallel Aware": false,
                  "Join Type": "Inner",
                  "Startup Cost": 1697.97,
                  "Total Cost": 38874.23,
                  "Plan Rows": 54,
                  "Plan Width": 0,
                  "Actual Startup Time": 11.947,
                  "Actual Total Time": 50.918,
                  "Actual Rows": 81,
                  "Actual Loops": 5,
                  "Inner Unique": false,
                  "Plans": [
                    {
                      "Node Type": "Bitmap Heap Scan",
                      "Parent Relationship": "Outer",
                      "Parallel Aware": true,
                      "Relation Name": "title",
                      "Alias": "t",
                      "Startup Cost": 1697.55,
                      "Total Cost": 38052.06,
                      "Plan Rows": 99,
                      "Plan Width": 4,
                      "Actual Startup Time": 10.597,
                      "Actual Total Time": 48.944,
                      "Actual Rows": 86,
                      "Actual Loops": 5,
                      "Recheck Cond": "(kind_id = 2)",
                      "Rows Removed by Index Recheck": 0,
                      "Filter": "(production_year = 1963)",
                      "Rows Removed by Filter": 18084,
                      "Exact Heap Blocks": 10680,
                      "Lossy Heap Blocks": 0,
                      "Plans": [
                        {
                          "Node Type": "Bitmap Index Scan",
                          "Parent Relationship": "Outer",
                          "Parallel Aware": false,
                          "Index Name": "kind_id_title",
                          "Startup Cost": 0.0,
                          "Total Cost": 1697.45,
                          "Plan Rows": 95069,
                          "Plan Width": 0,
                          "Actual Startup Time": 9.606,
                          "Actual Total Time": 9.607,
                          "Actual Rows": 90852,
                          "Actual Loops": 1,
                          "Index Cond": "(kind_id = 2)"
                        }
                      ]
                    },
                    {
                      "Node Type": "Index Only Scan",
                      "Parent Relationship": "Inner",
                      "Parallel Aware": false,
                      "Scan Direction": "Forward",
                      "Index Name": "movie_id_movie_info_idx",
                      "Relation Name": "movie_info_idx",
                      "Alias": "mi_idx",
                      "Startup Cost": 0.43,
                      "Total Cost": 8.27,
                      "Plan Rows": 3,
                      "Plan Width": 4,
                      "Actual Startup Time": 0.022,
                      "Actual Total Time": 0.022,
                      "Actual Rows": 1,
                      "Actual Loops": 432,
                      "Index Cond": "(movie_id = t.id)",
                      "Rows Removed by Index Recheck": 0,
                      "Heap Fetches": 405
                    }
                  ]
                }
              ]
            }
          ]
        }
      ]
    },
    "Planning Time": 0.387,
    "Triggers": [],
    "Execution Time": 64.888
  }
]