{
  "Plan": {
    "Node Type": "Aggregate",
    "Strategy": "Plain",
    "Partial Mode": "Finalize",
    "Parallel Aware": false,
    "Startup Cost": 557018.88,
    "Total Cost": 557018.89,
    "Plan Rows": 1,
    "Plan Width": 8,
    "Actual Startup Time": 237.355,
    "Actual Total Time": 269.07,
    "Actual Rows": 1,
    "Actual Loops": 1,
    "Plans": [
      {
        "Node Type": "Gather",
        "Parent Relationship": "Outer",
        "Parallel Aware": false,
        "Startup Cost": 557018.77,
        "Total Cost": 557018.88,
        "Plan Rows": 1,
        "Plan Width": 8,
        "Actual Startup Time": 237.234,
        "Actual Total Time": 269.062,
        "Actual Rows": 2,
        "Actual Loops": 1,
        "Workers Planned": 1,
        "Workers Launched": 1,
        "Single Copy": false,
        "Plans": [
          {
            "Node Type": "Aggregate",
            "Strategy": "Plain",
            "Partial Mode": "Partial",
            "Parent Relationship": "Outer",
            "Parallel Aware": false,
            "Startup Cost": 556018.77,
            "Total Cost": 556018.78,
            "Plan Rows": 1,
            "Plan Width": 8,
            "Actual Startup Time": 231.117,
            "Actual Total Time": 231.119,
            "Actual Rows": 1,
            "Actual Loops": 2,
            "Plans": [
              {
                "Node Type": "Nested Loop",
                "Parent Relationship": "Outer",
                "Parallel Aware": false,
                "Join Type": "Inner",
                "Startup Cost": 0.56,
                "Total Cost": 555933.8,
                "Plan Rows": 33988,
                "Plan Width": 0,
                "Actual Startup Time": 0.677,
                "Actual Total Time": 229.927,
                "Actual Rows": 18210,
                "Actual Loops": 2,
                "Inner Unique": false,
                "Plans": [
                  {
                    "Node Type": "Seq Scan",
                    "Parent Relationship": "Outer",
                    "Parallel Aware": true,
                    "Relation Name": "title",
                    "Alias": "t",
                    "Startup Cost": 0.0,
                    "Total Cost": 58306.47,
                    "Plan Rows": 5244,
                    "Plan Width": 4,
                    "Actual Startup Time": 0.117,
                    "Actual Total Time": 129.772,
                    "Actual Rows": 4409,
                    "Actual Loops": 2,
                    "Filter": "((kind_id = 7) AND (production_year = 1967))",
                    "Rows Removed by Filter": 1259747
                  },
                  {
                    "Node Type": "Index Scan",
                    "Parent Relationship": "Inner",
                    "Parallel Aware": false,
                    "Scan Direction": "Forward",
                    "Index Name": "movie_id_cast_info",
                    "Relation Name": "cast_info",
                    "Alias": "ci",
                    "Startup Cost": 0.56,
                    "Total Cost": 94.72,
                    "Plan Rows": 17,
                    "Plan Width": 4,
                    "Actual Startup Time": 0.017,
                    "Actual Total Time": 0.022,
                    "Actual Rows": 4,
                    "Actual Loops": 8818,
                    "Index Cond": "(movie_id = t.id)",
                    "Rows Removed by Index Recheck": 0,
                    "Filter": "(role_id > 2)",
                    "Rows Removed by Filter": 7
                  }
                ]
              }
            ]
          }
        ]
      }
    ]
  },
  "Planning Time": 0.522,
  "Triggers": [],
  "Execution Time": 269.156
}