[
  {
    "Plan": {
      "Node Type": "Aggregate",
      "Strategy": "Plain",
      "Partial Mode": "Finalize",
      "Parallel Aware": false,
      "Startup Cost": 337737.42,
      "Total Cost": 337737.43,
      "Plan Rows": 1,
      "Plan Width": 8,
      "Actual Startup Time": 579.386,
      "Actual Total Time": 602.482,
      "Actual Rows": 1,
      "Actual Loops": 1,
      "Plans": [
        {
          "Node Type": "Gather",
          "Parent Relationship": "Outer",
          "Parallel Aware": false,
          "Startup Cost": 337736.8,
          "Total Cost": 337737.41,
          "Plan Rows": 6,
          "Plan Width": 8,
          "Actual Startup Time": 556.46,
          "Actual Total Time": 602.474,
          "Actual Rows": 7,
          "Actual Loops": 1,
          "Workers Planned": 6,
          "Workers Launched": 6,
          "Single Copy": false,
          "Plans": [
            {
              "Node Type": "Aggregate",
              "Strategy": "Plain",
              "Partial Mode": "Partial",
              "Parent Relationship": "Outer",
              "Parallel Aware": false,
              "Startup Cost": 336736.8,
              "Total Cost": 336736.81,
              "Plan Rows": 1,
              "Plan Width": 8,
              "Actual Startup Time": 538.554,
              "Actual Total Time": 538.558,
              "Actual Rows": 1,
              "Actual Loops": 7,
              "Plans": [
                {
                  "Node Type": "Hash Join",
                  "Parent Relationship": "Outer",
                  "Parallel Aware": true,
                  "Join Type": "Inner",
                  "Startup Cost": 80077.37,
                  "Total Cost": 336173.33,
                  "Plan Rows": 225386,
                  "Plan Width": 0,
                  "Actual Startup Time": 357.233,
                  "Actual Total Time": 526.831,
                  "Actual Rows": 198773,
                  "Actual Loops": 7,
                  "Inner Unique": true,
                  "Hash Cond": "(ci.movie_id = t.id)",
                  "Plans": [
                    {
                      "Node Type": "Bitmap Heap Scan",
                      "Parent Relationship": "Outer",
                      "Parallel Aware": true,
                      "Relation Name": "cast_info",
                      "Alias": "ci",
                      "Startup Cost": 29856.99,
                      "Total Cost": 285361.31,
                      "Plan Rows": 225386,
                      "Plan Width": 4,
                      "Actual Startup Time": 76.781,
                      "Actual Total Time": 122.983,
                      "Actual Rows": 198773,
                      "Actual Loops": 7,
                      "Recheck Cond": "(person_id < 139730)",
                      "Rows Removed by Index Recheck": 0,
                      "Exact Heap Blocks": 2804,
                      "Lossy Heap Blocks": 0,
                      "Plans": [
                        {
                          "Node Type": "Bitmap Index Scan",
                          "Parent Relationship": "Outer",
                          "Parallel Aware": false,
                          "Index Name": "person_id_cast_info",
                          "Startup Cost": 0.0,
                          "Total Cost": 29518.91,
                          "Plan Rows": 1352313,
                          "Plan Width": 0,
                          "Actual Startup Time": 72.808,
                          "Actual Total Time": 72.809,
                          "Actual Rows": 1391414,
                          "Actual Loops": 1,
                          "Index Cond": "(person_id < 139730)"
                        }
                      ]
                    },
                    {
                      "Node Type": "Hash",
                      "Parent Relationship": "Inner",
                      "Parallel Aware": true,
                      "Startup Cost": 42319.06,
                      "Total Cost": 42319.06,
                      "Plan Rows": 632106,
                      "Plan Width": 4,
                      "Actual Startup Time": 275.228,
                      "Actual Total Time": 275.229,
                      "Actual Rows": 361187,
                      "Actual Loops": 7,
                      "Hash Buckets": 4194304,
                      "Original Hash Buckets": 4194304,
                      "Hash Batches": 1,
                      "Original Hash Batches": 1,
                      "Peak Memory Usage": 131744,
                      "Plans": [
                        {
                          "Node Type": "Seq Scan",
                          "Parent Relationship": "Outer",
                          "Parallel Aware": true,
                          "Relation Name": "title",
                          "Alias": "t",
                          "Startup Cost": 0.0,
                          "Total Cost": 42319.06,
                          "Plan Rows": 632106,
                          "Plan Width": 4,
                          "Actual Startup Time": 0.052,
                          "Actual Total Time": 83.332,
                          "Actual Rows": 361187,
                          "Actual Loops": 7
                        }
                      ]
                    }
                  ]
                }
              ]
            }
          ]
        }
      ]
    },
    "Planning Time": 0.204,
    "Triggers": [],
    "Execution Time": 602.525
  }
]