[
  {
    "Plan": {
      "Node Type": "Aggregate",
      "Strategy": "Plain",
      "Partial Mode": "Finalize",
      "Parallel Aware": false,
      "Startup Cost": 337796.6,
      "Total Cost": 337796.61,
      "Plan Rows": 1,
      "Plan Width": 8,
      "Actual Startup Time": 524.811,
      "Actual Total Time": 548.658,
      "Actual Rows": 1,
      "Actual Loops": 1,
      "Plans": [
        {
          "Node Type": "Gather",
          "Parent Relationship": "Outer",
          "Parallel Aware": false,
          "Startup Cost": 337795.98,
          "Total Cost": 337796.59,
          "Plan Rows": 6,
          "Plan Width": 8,
          "Actual Startup Time": 500.119,
          "Actual Total Time": 548.646,
          "Actual Rows": 7,
          "Actual Loops": 1,
          "Workers Planned": 6,
          "Workers Launched": 6,
          "Single Copy": false,
          "Plans": [
            {
              "Node Type": "Aggregate",
              "Strategy": "Plain",
              "Partial Mode": "Partial",
              "Parent Relationship": "Outer",
              "Parallel Aware": false,
              "Startup Cost": 336795.98,
              "Total Cost": 336795.99,
              "Plan Rows": 1,
              "Plan Width": 8,
              "Actual Startup Time": 477.894,
              "Actual Total Time": 477.898,
              "Actual Rows": 1,
              "Actual Loops": 7,
              "Plans": [
                {
                  "Node Type": "Hash Join",
                  "Parent Relationship": "Outer",
                  "Parallel Aware": true,
                  "Join Type": "Inner",
                  "Startup Cost": 80131.08,
                  "Total Cost": 336231.74,
                  "Plan Rows": 225696,
                  "Plan Width": 0,
                  "Actual Startup Time": 317.85,
                  "Actual Total Time": 467.667,
                  "Actual Rows": 198773,
                  "Actual Loops": 7,
                  "Inner Unique": true,
                  "Hash Cond": "(ci.movie_id = t.id)",
                  "Plans": [
                    {
                      "Node Type": "Bitmap Heap Scan",
                      "Parent Relationship": "Outer",
                      "Parallel Aware": true,
                      "Relation Name": "cast_info",
                      "Alias": "ci",
                      "Startup Cost": 29911.44,
                      "Total Cost": 285419.64,
                      "Plan Rows": 225696,
                      "Plan Width": 4,
                      "Actual Startup Time": 57.798,
                      "Actual Total Time": 94.705,
                      "Actual Rows": 198773,
                      "Actual Loops": 7,
                      "Recheck Cond": "(person_id < 139730)",
                      "Rows Removed by Index Recheck": 0,
                      "Exact Heap Blocks": 2371,
                      "Lossy Heap Blocks": 0,
                      "Plans": [
                        {
                          "Node Type": "Bitmap Index Scan",
                          "Parent Relationship": "Outer",
                          "Parallel Aware": false,
                          "Index Name": "person_id_cast_info",
                          "Startup Cost": 0.0,
                          "Total Cost": 29572.89,
                          "Plan Rows": 1354177,
                          "Plan Width": 0,
                          "Actual Startup Time": 55.272,
                          "Actual Total Time": 55.273,
                          "Actual Rows": 1391414,
                          "Actual Loops": 1,
                          "Index Cond": "(person_id < 139730)"
                        }
                      ]
                    },
                    {
                      "Node Type": "Hash",
                      "Parent Relationship": "Inner",
                      "Parallel Aware": true,
                      "Startup Cost": 42318.73,
                      "Total Cost": 42318.73,
                      "Plan Rows": 632073,
                      "Plan Width": 4,
                      "Actual Startup Time": 252.658,
                      "Actual Total Time": 252.659,
                      "Actual Rows": 361187,
                      "Actual Loops": 7,
                      "Hash Buckets": 4194304,
                      "Original Hash Buckets": 4194304,
                      "Hash Batches": 1,
                      "Original Hash Batches": 1,
                      "Peak Memory Usage": 131776,
                      "Plans": [
                        {
                          "Node Type": "Seq Scan",
                          "Parent Relationship": "Outer",
                          "Parallel Aware": true,
                          "Relation Name": "title",
                          "Alias": "t",
                          "Startup Cost": 0.0,
                          "Total Cost": 42318.73,
                          "Plan Rows": 632073,
                          "Plan Width": 4,
                          "Actual Startup Time": 0.041,
                          "Actual Total Time": 74.274,
                          "Actual Rows": 361187,
                          "Actual Loops": 7
                        }
                      ]
                    }
                  ]
                }
              ]
            }
          ]
        }
      ]
    },
    "Planning Time": 0.549,
    "Triggers": [],
    "Execution Time": 548.748
  }
]