[
  {
    "Plan": {
      "Node Type": "Aggregate",
      "Strategy": "Plain",
      "Partial Mode": "Finalize",
      "Parallel Aware": false,
      "Startup Cost": 187675.58,
      "Total Cost": 187675.59,
      "Plan Rows": 1,
      "Plan Width": 8,
      "Actual Startup Time": 193.585,
      "Actual Total Time": 207.289,
      "Actual Rows": 1,
      "Actual Loops": 1,
      "Plans": [
        {
          "Node Type": "Gather",
          "Parent Relationship": "Outer",
          "Parallel Aware": false,
          "Startup Cost": 187675.06,
          "Total Cost": 187675.57,
          "Plan Rows": 5,
          "Plan Width": 8,
          "Actual Startup Time": 192.692,
          "Actual Total Time": 207.251,
          "Actual Rows": 6,
          "Actual Loops": 1,
          "Workers Planned": 5,
          "Workers Launched": 5,
          "Single Copy": false,
          "Plans": [
            {
              "Node Type": "Aggregate",
              "Strategy": "Plain",
              "Partial Mode": "Partial",
              "Parent Relationship": "Outer",
              "Parallel Aware": false,
              "Startup Cost": 186675.06,
              "Total Cost": 186675.07,
              "Plan Rows": 1,
              "Plan Width": 8,
              "Actual Startup Time": 182.317,
              "Actual Total Time": 182.318,
              "Actual Rows": 1,
              "Actual Loops": 6,
              "Plans": [
                {
                  "Node Type": "Bitmap Heap Scan",
                  "Parent Relationship": "Outer",
                  "Parallel Aware": true,
                  "Relation Name": "movie_info",
                  "Alias": "mi",
                  "Startup Cost": 21175.37,
                  "Total Cost": 186090.61,
                  "Plan Rows": 233779,
                  "Plan Width": 0,
                  "Actual Startup Time": 72.973,
                  "Actual Total Time": 167.423,
                  "Actual Rows": 186995,
                  "Actual Loops": 6,
                  "Recheck Cond": "(info_type_id > 62)",
                  "Rows Removed by Index Recheck": 0,
                  "Exact Heap Blocks": 9946,
                  "Lossy Heap Blocks": 0,
                  "Plans": [
                    {
                      "Node Type": "Bitmap Index Scan",
                      "Parent Relationship": "Outer",
                      "Parallel Aware": false,
                      "Index Name": "info_type_id_movie_info",
                      "Startup Cost": 0.0,
                      "Total Cost": 20883.15,
                      "Plan Rows": 1168895,
                      "Plan Width": 0,
                      "Actual Startup Time": 71.35,
                      "Actual Total Time": 71.35,
                      "Actual Rows": 1121972,
                      "Actual Loops": 1,
                      "Index Cond": "(info_type_id > 62)"
                    }
                  ]
                }
              ]
            }
          ]
        }
      ]
    },
    "Planning Time": 0.155,
    "Triggers": [],
    "Execution Time": 207.362
  }
]