[
  {
    "Plan": {
      "Node Type": "Aggregate",
      "Strategy": "Plain",
      "Partial Mode": "Finalize",
      "Parallel Aware": false,
      "Startup Cost": 45742.51,
      "Total Cost": 45742.52,
      "Plan Rows": 1,
      "Plan Width": 8,
      "Actual Startup Time": 165.614,
      "Actual Total Time": 175.26,
      "Actual Rows": 1,
      "Actual Loops": 1,
      "Plans": [
        {
          "Node Type": "Gather",
          "Parent Relationship": "Outer",
          "Parallel Aware": false,
          "Startup Cost": 45742.2,
          "Total Cost": 45742.51,
          "Plan Rows": 3,
          "Plan Width": 8,
          "Actual Startup Time": 165.439,
          "Actual Total Time": 175.251,
          "Actual Rows": 4,
          "Actual Loops": 1,
          "Workers Planned": 3,
          "Workers Launched": 3,
          "Single Copy": false,
          "Plans": [
            {
              "Node Type": "Aggregate",
              "Strategy": "Plain",
              "Partial Mode": "Partial",
              "Parent Relationship": "Outer",
              "Parallel Aware": false,
              "Startup Cost": 44742.2,
              "Total Cost": 44742.21,
              "Plan Rows": 1,
              "Plan Width": 8,
              "Actual Startup Time": 158.227,
              "Actual Total Time": 158.229,
              "Actual Rows": 1,
              "Actual Loops": 4,
              "Plans": [
                {
                  "Node Type": "Seq Scan",
                  "Parent Relationship": "Outer",
                  "Parallel Aware": true,
                  "Relation Name": "movie_keyword",
                  "Alias": "mk",
                  "Startup Cost": 0.0,
                  "Total Cost": 42695.65,
                  "Plan Rows": 818617,
                  "Plan Width": 0,
                  "Actual Startup Time": 0.546,
                  "Actual Total Time": 126.961,
                  "Actual Rows": 633757,
                  "Actual Loops": 4,
                  "Filter": "(keyword_id > 3515)",
                  "Rows Removed by Filter": 497225
                }
              ]
            }
          ]
        }
      ]
    },
    "Planning Time": 0.218,
    "Triggers": [],
    "Execution Time": 175.316
  }
]