[
  {
    "Plan": {
      "Node Type": "Aggregate",
      "Strategy": "Plain",
      "Partial Mode": "Finalize",
      "Parallel Aware": false,
      "Startup Cost": 46578.78,
      "Total Cost": 46578.79,
      "Plan Rows": 1,
      "Plan Width": 8,
      "Actual Startup Time": 89.471,
      "Actual Total Time": 100.269,
      "Actual Rows": 1,
      "Actual Loops": 1,
      "Plans": [
        {
          "Node Type": "Gather",
          "Parent Relationship": "Outer",
          "Parallel Aware": false,
          "Startup Cost": 46578.36,
          "Total Cost": 46578.77,
          "Plan Rows": 4,
          "Plan Width": 8,
          "Actual Startup Time": 89.286,
          "Actual Total Time": 100.256,
          "Actual Rows": 5,
          "Actual Loops": 1,
          "Workers Planned": 4,
          "Workers Launched": 4,
          "Single Copy": false,
          "Plans": [
            {
              "Node Type": "Aggregate",
              "Strategy": "Plain",
              "Partial Mode": "Partial",
              "Parent Relationship": "Outer",
              "Parallel Aware": false,
              "Startup Cost": 45578.36,
              "Total Cost": 45578.37,
              "Plan Rows": 1,
              "Plan Width": 8,
              "Actual Startup Time": 83.555,
              "Actual Total Time": 83.557,
              "Actual Rows": 1,
              "Actual Loops": 5,
              "Plans": [
                {
                  "Node Type": "Seq Scan",
                  "Parent Relationship": "Outer",
                  "Parallel Aware": true,
                  "Relation Name": "title",
                  "Alias": "t",
                  "Startup Cost": 0.0,
                  "Total Cost": 45479.59,
                  "Plan Rows": 39509,
                  "Plan Width": 0,
                  "Actual Startup Time": 0.039,
                  "Actual Total Time": 82.523,
                  "Actual Rows": 13216,
                  "Actual Loops": 5,
                  "Filter": "((production_year < 1963) AND (kind_id = 7))",
                  "Rows Removed by Filter": 492447
                }
              ]
            }
          ]
        }
      ]
    },
    "Planning Time": 0.119,
    "Triggers": [],
    "Execution Time": 100.308
  }
]