[
  {
    "Plan": {
      "Node Type": "Aggregate",
      "Strategy": "Plain",
      "Partial Mode": "Finalize",
      "Parallel Aware": false,
      "Startup Cost": 46167.8,
      "Total Cost": 46167.81,
      "Plan Rows": 1,
      "Plan Width": 8,
      "Actual Startup Time": 162.1,
      "Actual Total Time": 172.296,
      "Actual Rows": 1,
      "Actual Loops": 1,
      "Plans": [
        {
          "Node Type": "Gather",
          "Parent Relationship": "Outer",
          "Parallel Aware": false,
          "Startup Cost": 46167.48,
          "Total Cost": 46167.79,
          "Plan Rows": 3,
          "Plan Width": 8,
          "Actual Startup Time": 161.979,
          "Actual Total Time": 172.288,
          "Actual Rows": 4,
          "Actual Loops": 1,
          "Workers Planned": 3,
          "Workers Launched": 3,
          "Single Copy": false,
          "Plans": [
            {
              "Node Type": "Aggregate",
              "Strategy": "Plain",
              "Partial Mode": "Partial",
              "Parent Relationship": "Outer",
              "Parallel Aware": false,
              "Startup Cost": 45167.48,
              "Total Cost": 45167.49,
              "Plan Rows": 1,
              "Plan Width": 8,
              "Actual Startup Time": 156.121,
              "Actual Total Time": 156.122,
              "Actual Rows": 1,
              "Actual Loops": 4,
              "Plans": [
                {
                  "Node Type": "Seq Scan",
                  "Parent Relationship": "Outer",
                  "Parallel Aware": true,
                  "Relation Name": "movie_keyword",
                  "Alias": "mk",
                  "Startup Cost": 0.0,
                  "Total Cost": 42695.65,
                  "Plan Rows": 988732,
                  "Plan Width": 0,
                  "Actual Startup Time": 0.044,
                  "Actual Total Time": 121.595,
                  "Actual Rows": 764629,
                  "Actual Loops": 4,
                  "Filter": "(keyword_id < 11287)",
                  "Rows Removed by Filter": 366353
                }
              ]
            }
          ]
        }
      ]
    },
    "Planning Time": 0.184,
    "Triggers": [],
    "Execution Time": 172.352
  }
]