[
  {
    "Plan": {
      "Node Type": "Aggregate",
      "Strategy": "Plain",
      "Partial Mode": "Finalize",
      "Parallel Aware": false,
      "Startup Cost": 61824.51,
      "Total Cost": 61824.52,
      "Plan Rows": 1,
      "Plan Width": 8,
      "Actual Startup Time": 241.441,
      "Actual Total Time": 256.415,
      "Actual Rows": 1,
      "Actual Loops": 1,
      "Plans": [
        {
          "Node Type": "Gather",
          "Parent Relationship": "Outer",
          "Parallel Aware": false,
          "Startup Cost": 61824.3,
          "Total Cost": 61824.51,
          "Plan Rows": 2,
          "Plan Width": 8,
          "Actual Startup Time": 240.747,
          "Actual Total Time": 256.406,
          "Actual Rows": 3,
          "Actual Loops": 1,
          "Workers Planned": 2,
          "Workers Launched": 2,
          "Single Copy": false,
          "Plans": [
            {
              "Node Type": "Aggregate",
              "Strategy": "Plain",
              "Partial Mode": "Partial",
              "Parent Relationship": "Outer",
              "Parallel Aware": false,
              "Startup Cost": 60824.3,
              "Total Cost": 60824.31,
              "Plan Rows": 1,
              "Plan Width": 8,
              "Actual Startup Time": 232.949,
              "Actual Total Time": 232.952,
              "Actual Rows": 1,
              "Actual Loops": 3,
              "Plans": [
                {
                  "Node Type": "Hash Join",
                  "Parent Relationship": "Outer",
                  "Parallel Aware": true,
                  "Join Type": "Inner",
                  "Startup Cost": 45606.62,
                  "Total Cost": 60801.18,
                  "Plan Rows": 9245,
                  "Plan Width": 0,
                  "Actual Startup Time": 176.49,
                  "Actual Total Time": 232.478,
                  "Actual Rows": 8288,
                  "Actual Loops": 3,
                  "Inner Unique": true,
                  "Hash Cond": "(mi_idx.movie_id = t.id)",
                  "Plans": [
                    {
                      "Node Type": "Seq Scan",
                      "Parent Relationship": "Outer",
                      "Parallel Aware": true,
                      "Relation Name": "movie_info_idx",
                      "Alias": "mi_idx",
                      "Startup Cost": 0.0,
                      "Total Cost": 13685.15,
                      "Plan Rows": 575015,
                      "Plan Width": 4,
                      "Actual Startup Time": 0.01,
                      "Actual Total Time": 42.541,
                      "Actual Rows": 460012,
                      "Actual Loops": 3
                    },
                    {
                      "Node Type": "Hash",
                      "Parent Relationship": "Inner",
                      "Parallel Aware": true,
                      "Startup Cost": 45479.59,
                      "Total Cost": 45479.59,
                      "Plan Rows": 10163,
                      "Plan Width": 4,
                      "Actual Startup Time": 138.245,
                      "Actual Total Time": 138.246,
                      "Actual Rows": 37504,
                      "Actual Loops": 3,
                      "Hash Buckets": 131072,
                      "Original Hash Buckets": 65536,
                      "Hash Batches": 1,
                      "Original Hash Batches": 1,
                      "Peak Memory Usage": 5984,
                      "Plans": [
                        {
                          "Node Type": "Seq Scan",
                          "Parent Relationship": "Outer",
                          "Parallel Aware": true,
                          "Relation Name": "title",
                          "Alias": "t",
                          "Startup Cost": 0.0,
                          "Total Cost": 45479.59,
                          "Plan Rows": 10163,
                          "Plan Width": 4,
                          "Actual Startup Time": 77.138,
                          "Actual Total Time": 124.032,
                          "Actual Rows": 37504,
                          "Actual Loops": 3,
                          "Filter": "((kind_id < 7) AND (production_year < 1929))",
                          "Rows Removed by Filter": 805267
                        }
                      ]
                    }
                  ]
                }
              ]
            }
          ]
        }
      ]
    },
    "Planning Time": 0.514,
    "Triggers": [],
    "Execution Time": 256.476
  }
]