[
  {
    "Plan": {
      "Node Type": "Aggregate",
      "Strategy": "Plain",
      "Partial Mode": "Finalize",
      "Parallel Aware": false,
      "Startup Cost": 61835.33,
      "Total Cost": 61835.34,
      "Plan Rows": 1,
      "Plan Width": 8,
      "Actual Startup Time": 236.561,
      "Actual Total Time": 249.86,
      "Actual Rows": 1,
      "Actual Loops": 1,
      "Plans": [
        {
          "Node Type": "Gather",
          "Parent Relationship": "Outer",
          "Parallel Aware": false,
          "Startup Cost": 61835.11,
          "Total Cost": 61835.32,
          "Plan Rows": 2,
          "Plan Width": 8,
          "Actual Startup Time": 236.109,
          "Actual Total Time": 249.852,
          "Actual Rows": 3,
          "Actual Loops": 1,
          "Workers Planned": 2,
          "Workers Launched": 2,
          "Single Copy": false,
          "Plans": [
            {
              "Node Type": "Aggregate",
              "Strategy": "Plain",
              "Partial Mode": "Partial",
              "Parent Relationship": "Outer",
              "Parallel Aware": false,
              "Startup Cost": 60835.11,
              "Total Cost": 60835.12,
              "Plan Rows": 1,
              "Plan Width": 8,
              "Actual Startup Time": 228.476,
              "Actual Total Time": 228.479,
              "Actual Rows": 1,
              "Actual Loops": 3,
              "Plans": [
                {
                  "Node Type": "Hash Join",
                  "Parent Relationship": "Outer",
                  "Parallel Aware": true,
                  "Join Type": "Inner",
                  "Startup Cost": 45615.7,
                  "Total Cost": 60810.26,
                  "Plan Rows": 9942,
                  "Plan Width": 0,
                  "Actual Startup Time": 175.859,
                  "Actual Total Time": 228.034,
                  "Actual Rows": 8288,
                  "Actual Loops": 3,
                  "Inner Unique": true,
                  "Hash Cond": "(mi_idx.movie_id = t.id)",
                  "Plans": [
                    {
                      "Node Type": "Seq Scan",
                      "Parent Relationship": "Outer",
                      "Parallel Aware": true,
                      "Relation Name": "movie_info_idx",
                      "Alias": "mi_idx",
                      "Startup Cost": 0.0,
                      "Total Cost": 13685.15,
                      "Plan Rows": 575015,
                      "Plan Width": 4,
                      "Actual Startup Time": 0.026,
                      "Actual Total Time": 38.824,
                      "Actual Rows": 460012,
                      "Actual Loops": 3
                    },
                    {
                      "Node Type": "Hash",
                      "Parent Relationship": "Inner",
                      "Parallel Aware": true,
                      "Startup Cost": 45479.1,
                      "Total Cost": 45479.1,
                      "Plan Rows": 10928,
                      "Plan Width": 4,
                      "Actual Startup Time": 138.641,
                      "Actual Total Time": 138.642,
                      "Actual Rows": 37504,
                      "Actual Loops": 3,
                      "Hash Buckets": 131072,
                      "Original Hash Buckets": 65536,
                      "Hash Batches": 1,
                      "Original Hash Batches": 1,
                      "Peak Memory Usage": 5984,
                      "Plans": [
                        {
                          "Node Type": "Seq Scan",
                          "Parent Relationship": "Outer",
                          "Parallel Aware": true,
                          "Relation Name": "title",
                          "Alias": "t",
                          "Startup Cost": 0.0,
                          "Total Cost": 45479.1,
                          "Plan Rows": 10928,
                          "Plan Width": 4,
                          "Actual Startup Time": 78.852,
                          "Actual Total Time": 124.325,
                          "Actual Rows": 37504,
                          "Actual Loops": 3,
                          "Filter": "((kind_id < 7) AND (production_year < 1929))",
                          "Rows Removed by Filter": 805267
                        }
                      ]
                    }
                  ]
                }
              ]
            }
          ]
        }
      ]
    },
    "Planning Time": 0.645,
    "Triggers": [],
    "Execution Time": 249.935
  }
]